LUA_PATH=/home/mdcallag/git/mytools/bench/sysbench.lua/lua/?.lua /home/mdcallag/git/mytools/bench/sysbench.lua/lua/sysbench --db-driver=pgsql --range-size=1000 --table-size=10000000 --tables=8 --threads=40 --events=0 --warmup-time=5 --time=630 --pgsql_conn_id=true /home/mdcallag/git/mytools/bench/sysbench.lua/lua/oltp_read_only.lua run --pgsql-user=root --pgsql-password=pw --pgsql-host=127.0.0.1 --pgsql-db=ib --rand-type=uniform --simple-ranges=0 --sum-ranges=0 --order-ranges=0 --distinct-ranges=1
48 CPUs
sysbench 1.1.0-9072687 (using bundled LuaJIT 2.1.0-beta3)

Running the test with following options:
Number of threads: 40
Warmup time: 5s
Initializing random number generator from current time


Initializing worker threads...

explain: for point_selects :: explain SELECT c FROM sbtest%u WHERE id=%u
explain: for point_selects :: explain SELECT c FROM sbtest%u WHERE id=%u
explain: for point_selects :: explain SELECT c FROM sbtest%u WHERE id=%u
for point_selects
table 1 : explain SELECT c FROM sbtest1 WHERE id=7513808
	Index Scan using sbtest1_pkey on sbtest1  (cost=0.43..8.45 rows=1 width=121)
	  Index Cond: (id = 7513808)

table 2 : explain SELECT c FROM sbtest2 WHERE id=5077318
	Index Scan using sbtest2_pkey on sbtest2  (cost=0.43..8.45 rows=1 width=121)
	  Index Cond: (id = 5077318)

table 3 : explain SELECT c FROM sbtest3 WHERE id=6045947
	Index Scan using sbtest3_pkey on sbtest3  (cost=0.43..8.45 rows=1 width=121)
	  Index Cond: (id = 6045947)

table 4 : explain SELECT c FROM sbtest4 WHERE id=764450
	Index Scan using sbtest4_pkey on sbtest4  (cost=0.43..8.45 rows=1 width=121)
	  Index Cond: (id = 764450)

table 5 : explain SELECT c FROM sbtest5 WHERE id=6362200
	Index Scan using sbtest5_pkey on sbtest5  (cost=0.43..8.45 rows=1 width=121)
	  Index Cond: (id = 6362200)

table 6 : explain SELECT c FROM sbtest6 WHERE id=2623048
	Index Scan using sbtest6_pkey on sbtest6  (cost=0.43..8.45 rows=1 width=121)
	  Index Cond: (id = 2623048)

table 7 : explain SELECT c FROM sbtest7 WHERE id=5072392
	Index Scan using sbtest7_pkey on sbtest7  (cost=0.43..8.45 rows=1 width=121)
	  Index Cond: (id = 5072392)

table 8 : explain SELECT c FROM sbtest8 WHERE id=2055992
	Index Scan using sbtest8_pkey on sbtest8  (cost=0.43..8.45 rows=1 width=121)
	  Index Cond: (id = 2055992)

for: simple_ranges
table 1 : explain SELECT c FROM sbtest1 WHERE id BETWEEN 2008313 AND 2009312
	Bitmap Heap Scan on sbtest1  (cost=22.57..3819.10 rows=989 width=121)
	  Recheck Cond: ((id >= 2008313) AND (id <= 2009312))
	  ->  Bitmap Index Scan on sbtest1_pkey  (cost=0.00..22.32 rows=989 width=0)
	        Index Cond: ((id >= 2008313) AND (id <= 2009312))

table 2 : explain SELECT c FROM sbtest2 WHERE id BETWEEN 6840272 AND 6841271
	Bitmap Heap Scan on sbtest2  (cost=22.84..3916.74 rows=1015 width=121)
	  Recheck Cond: ((id >= 6840272) AND (id <= 6841271))
	  ->  Bitmap Index Scan on sbtest2_pkey  (cost=0.00..22.58 rows=1015 width=0)
	        Index Cond: ((id >= 6840272) AND (id <= 6841271))

table 3 : explain SELECT c FROM sbtest3 WHERE id BETWEEN 298551 AND 299550
	Bitmap Heap Scan on sbtest3  (cost=21.79..3532.30 rows=913 width=121)
	  Recheck Cond: ((id >= 298551) AND (id <= 299550))
	  ->  Bitmap Index Scan on sbtest3_pkey  (cost=0.00..21.57 rows=913 width=0)
	        Index Cond: ((id >= 298551) AND (id <= 299550))

table 4 : explain SELECT c FROM sbtest4 WHERE id BETWEEN 9570466 AND 9571465
	Bitmap Heap Scan on sbtest4  (cost=23.14..4025.86 rows=1044 width=121)
	  Recheck Cond: ((id >= 9570466) AND (id <= 9571465))
	  ->  Bitmap Index Scan on sbtest4_pkey  (cost=0.00..22.87 rows=1044 width=0)
	        Index Cond: ((id >= 9570466) AND (id <= 9571465))

table 5 : explain SELECT c FROM sbtest5 WHERE id BETWEEN 3237588 AND 3238587
	Bitmap Heap Scan on sbtest5  (cost=22.74..3880.52 rows=1005 width=121)
	  Recheck Cond: ((id >= 3237588) AND (id <= 3238587))
	  ->  Bitmap Index Scan on sbtest5_pkey  (cost=0.00..22.48 rows=1005 width=0)
	        Index Cond: ((id >= 3237588) AND (id <= 3238587))

table 6 : explain SELECT c FROM sbtest6 WHERE id BETWEEN 5041494 AND 5042493
	Bitmap Heap Scan on sbtest6  (cost=22.32..3725.12 rows=964 width=121)
	  Recheck Cond: ((id >= 5041494) AND (id <= 5042493))
	  ->  Bitmap Index Scan on sbtest6_pkey  (cost=0.00..22.07 rows=964 width=0)
	        Index Cond: ((id >= 5041494) AND (id <= 5042493))

table 7 : explain SELECT c FROM sbtest7 WHERE id BETWEEN 3856539 AND 3857538
	Bitmap Heap Scan on sbtest7  (cost=21.62..3469.39 rows=896 width=121)
	  Recheck Cond: ((id >= 3856539) AND (id <= 3857538))
	  ->  Bitmap Index Scan on sbtest7_pkey  (cost=0.00..21.39 rows=896 width=0)
	        Index Cond: ((id >= 3856539) AND (id <= 3857538))

table 8 : explain SELECT c FROM sbtest8 WHERE id BETWEEN 193910 AND 194909
	Bitmap Heap Scan on sbtest8  (cost=21.25..3333.08 rows=860 width=121)
	  Recheck Cond: ((id >= 193910) AND (id <= 194909))
	  ->  Bitmap Index Scan on sbtest8_pkey  (cost=0.00..21.04 rows=860 width=0)
	        Index Cond: ((id >= 193910) AND (id <= 194909))

explain: for point_selects :: explain SELECT c FROM sbtest%u WHERE id=%u
explain: for point_selects :: explain SELECT c FROM sbtest%u WHERE id=%u
for point_selects
table 1 : explain SELECT c FROM sbtest1 WHERE id=4113012
	Index Scan using sbtest1_pkey on sbtest1  (cost=0.43..8.45 rows=1 width=121)
	  Index Cond: (id = 4113012)

table 2 : explain SELECT c FROM sbtest2 WHERE id=666578
	Index Scan using sbtest2_pkey on sbtest2  (cost=0.43..8.45 rows=1 width=121)
	  Index Cond: (id = 666578)

table 3 : explain SELECT c FROM sbtest3 WHERE id=9050553
	Index Scan using sbtest3_pkey on sbtest3  (cost=0.43..8.45 rows=1 width=121)
	  Index Cond: (id = 9050553)

table 4 : explain SELECT c FROM sbtest4 WHERE id=3719993
	Index Scan using sbtest4_pkey on sbtest4  (cost=0.43..8.45 rows=1 width=121)
	  Index Cond: (id = 3719993)

table 5 : explain SELECT c FROM sbtest5 WHERE id=7513001
	Index Scan using sbtest5_pkey on sbtest5  (cost=0.43..8.45 rows=1 width=121)
	  Index Cond: (id = 7513001)

table 6 : explain SELECT c FROM sbtest6 WHERE id=9390690
	Index Scan using sbtest6_pkey on sbtest6  (cost=0.43..8.45 rows=1 width=121)
	  Index Cond: (id = 9390690)

table 7 : explain SELECT c FROM sbtest7 WHERE id=1485342
	Index Scan using sbtest7_pkey on sbtest7  (cost=0.43..8.45 rows=1 width=121)
	  Index Cond: (id = 1485342)

table 8 : explain SELECT c FROM sbtest8 WHERE id=7745783
	Index Scan using sbtest8_pkey on sbtest8  (cost=0.43..8.45 rows=1 width=121)
	  Index Cond: (id = 7745783)

for point_selects
table 1 : explain SELECT c FROM sbtest1 WHERE id=453962
	Index Scan using sbtest1_pkey on sbtest1  (cost=0.43..8.45 rows=1 width=121)
	  Index Cond: (id = 453962)

table 2 : explain SELECT c FROM sbtest2 WHERE id=2353941
	Index Scan using sbtest2_pkey on sbtest2  (cost=0.43..8.45 rows=1 width=121)
	  Index Cond: (id = 2353941)

table 3 : explain SELECT c FROM sbtest3 WHERE id=9990639
	Index Scan using sbtest3_pkey on sbtest3  (cost=0.43..8.45 rows=1 width=121)
	  Index Cond: (id = 9990639)

table 4 : explain SELECT c FROM sbtest4 WHERE id=6233045
	Index Scan using sbtest4_pkey on sbtest4  (cost=0.43..8.45 rows=1 width=121)
	  Index Cond: (id = 6233045)

table 5 : explain SELECT c FROM sbtest5 WHERE id=9479358
	Index Scan using sbtest5_pkey on sbtest5  (cost=0.43..8.45 rows=1 width=121)
	  Index Cond: (id = 9479358)

table 6 : explain SELECT c FROM sbtest6 WHERE id=5879790
	Index Scan using sbtest6_pkey on sbtest6  (cost=0.43..8.45 rows=1 width=121)
	  Index Cond: (id = 5879790)

table 7 : explain SELECT c FROM sbtest7 WHERE id=7131022
	Index Scan using sbtest7_pkey on sbtest7  (cost=0.43..8.45 rows=1 width=121)
	  Index Cond: (id = 7131022)

table 8 : explain SELECT c FROM sbtest8 WHERE id=6340255
	Index Scan using sbtest8_pkey on sbtest8  (cost=0.43..8.45 rows=1 width=121)
	  Index Cond: (id = 6340255)

explain: for point_selects :: explain SELECT c FROM sbtest%u WHERE id=%u
explain: for point_selects :: explain SELECT c FROM sbtest%u WHERE id=%u
explain: for point_selects :: explain SELECT c FROM sbtest%u WHERE id=%u
for: simple_ranges
table 1 : explain SELECT c FROM sbtest1 WHERE id BETWEEN 9033599 AND 9034598
	Bitmap Heap Scan on sbtest1  (cost=22.59..3826.63 rows=991 width=121)
	  Recheck Cond: ((id >= 9033599) AND (id <= 9034598))
	  ->  Bitmap Index Scan on sbtest1_pkey  (cost=0.00..22.34 rows=991 width=0)
	        Index Cond: ((id >= 9033599) AND (id <= 9034598))

table 2 : explain SELECT c FROM sbtest2 WHERE id BETWEEN 4265044 AND 4266043
	Bitmap Heap Scan on sbtest2  (cost=22.51..3796.26 rows=983 width=121)
	  Recheck Cond: ((id >= 4265044) AND (id <= 4266043))
	  ->  Bitmap Index Scan on sbtest2_pkey  (cost=0.00..22.26 rows=983 width=0)
	        Index Cond: ((id >= 4265044) AND (id <= 4266043))

table 3 : explain SELECT c FROM sbtest3 WHERE id BETWEEN 5059556 AND 5060555
	Bitmap Heap Scan on sbtest3  (cost=22.89..3935.63 rows=1020 width=121)
	  Recheck Cond: ((id >= 5059556) AND (id <= 5060555))
	  ->  Bitmap Index Scan on sbtest3_pkey  (cost=0.00..22.64 rows=1020 width=0)
	        Index Cond: ((id >= 5059556) AND (id <= 5060555))

table 4 : explain SELECT c FROM sbtest4 WHERE id BETWEEN 9563520 AND 9564519
	Bitmap Heap Scan on sbtest4  (cost=23.14..4025.86 rows=1044 width=121)
	  Recheck Cond: ((id >= 9563520) AND (id <= 9564519))
	  ->  Bitmap Index Scan on sbtest4_pkey  (cost=0.00..22.87 rows=1044 width=0)
	        Index Cond: ((id >= 9563520) AND (id <= 9564519))

table 5 : explain SELECT c FROM sbtest5 WHERE id BETWEEN 5661009 AND 5662008
	Bitmap Heap Scan on sbtest5  (cost=22.01..3612.78 rows=934 width=121)
	  Recheck Cond: ((id >= 5661009) AND (id <= 5662008))
	  ->  Bitmap Index Scan on sbtest5_pkey  (cost=0.00..21.77 rows=934 width=0)
	        Index Cond: ((id >= 5661009) AND (id <= 5662008))

table 6 : explain SELECT c FROM sbtest6 WHERE id BETWEEN 9965930 AND 9966929
	Bitmap Heap Scan on sbtest6  (cost=23.15..4030.09 rows=1045 width=121)
	  Recheck Cond: ((id >= 9965930) AND (id <= 9966929))
	  ->  Bitmap Index Scan on sbtest6_pkey  (cost=0.00..22.89 rows=1045 width=0)
	        Index Cond: ((id >= 9965930) AND (id <= 9966929))

table 7 : explain SELECT c FROM sbtest7 WHERE id BETWEEN 4548572 AND 4549571
	Bitmap Heap Scan on sbtest7  (cost=21.90..3571.43 rows=923 width=121)
	  Recheck Cond: ((id >= 4548572) AND (id <= 4549571))
	  ->  Bitmap Index Scan on sbtest7_pkey  (cost=0.00..21.66 rows=923 width=0)
	        Index Cond: ((id >= 4548572) AND (id <= 4549571))

table 8 : explain SELECT c FROM sbtest8 WHERE id BETWEEN 9087446 AND 9088445
	Bitmap Heap Scan on sbtest8  (cost=22.67..3858.01 rows=999 width=121)
	  Recheck Cond: ((id >= 9087446) AND (id <= 9088445))
	  ->  Bitmap Index Scan on sbtest8_pkey  (cost=0.00..22.43 rows=999 width=0)
	        Index Cond: ((id >= 9087446) AND (id <= 9088445))

explain: for point_selects :: explain SELECT c FROM sbtest%u WHERE id=%u
explain: for point_selects :: explain SELECT c FROM sbtest%u WHERE id=%u
explain: for point_selects :: explain SELECT c FROM sbtest%u WHERE id=%u
for: simple_ranges
table 1 : explain SELECT c FROM sbtest1 WHERE id BETWEEN 2951343 AND 2952342
	Bitmap Heap Scan on sbtest1  (cost=22.64..3845.46 rows=996 width=121)
	  Recheck Cond: ((id >= 2951343) AND (id <= 2952342))
	  ->  Bitmap Index Scan on sbtest1_pkey  (cost=0.00..22.39 rows=996 width=0)
	        Index Cond: ((id >= 2951343) AND (id <= 2952342))

table 2 : explain SELECT c FROM sbtest2 WHERE id BETWEEN 5622010 AND 5623009
	Bitmap Heap Scan on sbtest2  (cost=22.04..3622.83 rows=937 width=121)
	  Recheck Cond: ((id >= 5622010) AND (id <= 5623009))
	  ->  Bitmap Index Scan on sbtest2_pkey  (cost=0.00..21.80 rows=937 width=0)
	        Index Cond: ((id >= 5622010) AND (id <= 5623009))

table 3 : explain SELECT c FROM sbtest3 WHERE id BETWEEN 212056 AND 213055
	Bitmap Heap Scan on sbtest3  (cost=21.79..3532.30 rows=913 width=121)
	  Recheck Cond: ((id >= 212056) AND (id <= 213055))
	  ->  Bitmap Index Scan on sbtest3_pkey  (cost=0.00..21.57 rows=913 width=0)
	        Index Cond: ((id >= 212056) AND (id <= 213055))

table 4 : explain SELECT c FROM sbtest4 WHERE id BETWEEN 9270170 AND 9271169
	Bitmap Heap Scan on sbtest4  (cost=21.97..3596.45 rows=930 width=121)
	  Recheck Cond: ((id >= 9270170) AND (id <= 9271169))
	  ->  Bitmap Index Scan on sbtest4_pkey  (cost=0.00..21.73 rows=930 width=0)
	        Index Cond: ((id >= 9270170) AND (id <= 9271169))

table 5 : explain SELECT c FROM sbtest5 WHERE id BETWEEN 9934948 AND 9935947
	Bitmap Heap Scan on sbtest5  (cost=21.95..3590.12 rows=928 width=121)
	  Recheck Cond: ((id >= 9934948) AND (id <= 9935947))
	  ->  Bitmap Index Scan on sbtest5_pkey  (cost=0.00..21.71 rows=928 width=0)
	        Index Cond: ((id >= 9934948) AND (id <= 9935947))

table 6 : explain SELECT c FROM sbtest6 WHERE id BETWEEN 2081315 AND 2082314
	Bitmap Heap Scan on sbtest6  (cost=22.61..3834.41 rows=993 width=121)
	  Recheck Cond: ((id >= 2081315) AND (id <= 2082314))
	  ->  Bitmap Index Scan on sbtest6_pkey  (cost=0.00..22.36 rows=993 width=0)
	        Index Cond: ((id >= 2081315) AND (id <= 2082314))

table 7 : explain SELECT c FROM sbtest7 WHERE id BETWEEN 5903353 AND 5904352
	Bitmap Heap Scan on sbtest7  (cost=23.36..4110.27 rows=1066 width=121)
	  Recheck Cond: ((id >= 5903353) AND (id <= 5904352))
	  ->  Bitmap Index Scan on sbtest7_pkey  (cost=0.00..23.09 rows=1066 width=0)
	        Index Cond: ((id >= 5903353) AND (id <= 5904352))

table 8 : explain SELECT c FROM sbtest8 WHERE id BETWEEN 4307092 AND 4308091
	Bitmap Heap Scan on sbtest8  (cost=23.01..3982.26 rows=1032 width=121)
	  Recheck Cond: ((id >= 4307092) AND (id <= 4308091))
	  ->  Bitmap Index Scan on sbtest8_pkey  (cost=0.00..22.75 rows=1032 width=0)
	        Index Cond: ((id >= 4307092) AND (id <= 4308091))

explain: for point_selects :: explain SELECT c FROM sbtest%u WHERE id=%u
for point_selects
table 1 : explain SELECT c FROM sbtest1 WHERE id=7858899
	Index Scan using sbtest1_pkey on sbtest1  (cost=0.43..8.45 rows=1 width=121)
	  Index Cond: (id = 7858899)

table 2 : explain SELECT c FROM sbtest2 WHERE id=391330
	Index Scan using sbtest2_pkey on sbtest2  (cost=0.43..8.45 rows=1 width=121)
	  Index Cond: (id = 391330)

table 3 : explain SELECT c FROM sbtest3 WHERE id=8241403
	Index Scan using sbtest3_pkey on sbtest3  (cost=0.43..8.45 rows=1 width=121)
	  Index Cond: (id = 8241403)

table 4 : explain SELECT c FROM sbtest4 WHERE id=3485953
	Index Scan using sbtest4_pkey on sbtest4  (cost=0.43..8.45 rows=1 width=121)
	  Index Cond: (id = 3485953)

table 5 : explain SELECT c FROM sbtest5 WHERE id=3149180
	Index Scan using sbtest5_pkey on sbtest5  (cost=0.43..8.45 rows=1 width=121)
	  Index Cond: (id = 3149180)

table 6 : explain SELECT c FROM sbtest6 WHERE id=4382991
	Index Scan using sbtest6_pkey on sbtest6  (cost=0.43..8.45 rows=1 width=121)
	  Index Cond: (id = 4382991)

table 7 : explain SELECT c FROM sbtest7 WHERE id=590421
	Index Scan using sbtest7_pkey on sbtest7  (cost=0.43..8.45 rows=1 width=121)
	  Index Cond: (id = 590421)

table 8 : explain SELECT c FROM sbtest8 WHERE id=7743657
	Index Scan using sbtest8_pkey on sbtest8  (cost=0.43..8.45 rows=1 width=121)
	  Index Cond: (id = 7743657)

for point_selects
table 1 : explain SELECT c FROM sbtest1 WHERE id=8611383
	Index Scan using sbtest1_pkey on sbtest1  (cost=0.43..8.45 rows=1 width=121)
	  Index Cond: (id = 8611383)

table 2 : explain SELECT c FROM sbtest2 WHERE id=9034766
	Index Scan using sbtest2_pkey on sbtest2  (cost=0.43..8.45 rows=1 width=121)
	  Index Cond: (id = 9034766)

table 3 : explain SELECT c FROM sbtest3 WHERE id=4134548
	Index Scan using sbtest3_pkey on sbtest3  (cost=0.43..8.45 rows=1 width=121)
	  Index Cond: (id = 4134548)

table 4 : explain SELECT c FROM sbtest4 WHERE id=661270
	Index Scan using sbtest4_pkey on sbtest4  (cost=0.43..8.45 rows=1 width=121)
	  Index Cond: (id = 661270)

table 5 : explain SELECT c FROM sbtest5 WHERE id=9643219
	Index Scan using sbtest5_pkey on sbtest5  (cost=0.43..8.45 rows=1 width=121)
	  Index Cond: (id = 9643219)

table 6 : explain SELECT c FROM sbtest6 WHERE id=6841510
	Index Scan using sbtest6_pkey on sbtest6  (cost=0.43..8.45 rows=1 width=121)
	  Index Cond: (id = 6841510)

table 7 : explain SELECT c FROM sbtest7 WHERE id=65840
	Index Scan using sbtest7_pkey on sbtest7  (cost=0.43..8.45 rows=1 width=121)
	  Index Cond: (id = 65840)

table 8 : explain SELECT c FROM sbtest8 WHERE id=7752389
	Index Scan using sbtest8_pkey on sbtest8  (cost=0.43..8.45 rows=1 width=121)
	  Index Cond: (id = 7752389)

for point_selects
table 1 : explain SELECT c FROM sbtest1 WHERE id=7494943
	Index Scan using sbtest1_pkey on sbtest1  (cost=0.43..8.45 rows=1 width=121)
	  Index Cond: (id = 7494943)

table 2 : explain SELECT c FROM sbtest2 WHERE id=8070789
	Index Scan using sbtest2_pkey on sbtest2  (cost=0.43..8.45 rows=1 width=121)
	  Index Cond: (id = 8070789)

table 3 : explain SELECT c FROM sbtest3 WHERE id=1841411
	Index Scan using sbtest3_pkey on sbtest3  (cost=0.43..8.45 rows=1 width=121)
	  Index Cond: (id = 1841411)

table 4 : explain SELECT c FROM sbtest4 WHERE id=2633732
	Index Scan using sbtest4_pkey on sbtest4  (cost=0.43..8.45 rows=1 width=121)
	  Index Cond: (id = 2633732)

table 5 : explain SELECT c FROM sbtest5 WHERE id=7870057
	Index Scan using sbtest5_pkey on sbtest5  (cost=0.43..8.45 rows=1 width=121)
	  Index Cond: (id = 7870057)

table 6 : explain SELECT c FROM sbtest6 WHERE id=847767
	Index Scan using sbtest6_pkey on sbtest6  (cost=0.43..8.45 rows=1 width=121)
	  Index Cond: (id = 847767)

table 7 : explain SELECT c FROM sbtest7 WHERE id=7287828
	Index Scan using sbtest7_pkey on sbtest7  (cost=0.43..8.45 rows=1 width=121)
	  Index Cond: (id = 7287828)

table 8 : explain SELECT c FROM sbtest8 WHERE id=6182970
	Index Scan using sbtest8_pkey on sbtest8  (cost=0.43..8.45 rows=1 width=121)
	  Index Cond: (id = 6182970)

for: simple_ranges
table 1 : explain SELECT c FROM sbtest1 WHERE id BETWEEN 8720398 AND 8721397
	Bitmap Heap Scan on sbtest1  (cost=22.78..3894.41 rows=1009 width=121)
	  Recheck Cond: ((id >= 8720398) AND (id <= 8721397))
	  ->  Bitmap Index Scan on sbtest1_pkey  (cost=0.00..22.52 rows=1009 width=0)
	        Index Cond: ((id >= 8720398) AND (id <= 8721397))

table 2 : explain SELECT c FROM sbtest2 WHERE id BETWEEN 3577049 AND 3578048
	Bitmap Heap Scan on sbtest2  (cost=22.65..3848.98 rows=997 width=121)
	  Recheck Cond: ((id >= 3577049) AND (id <= 3578048))
	  ->  Bitmap Index Scan on sbtest2_pkey  (cost=0.00..22.40 rows=997 width=0)
	        Index Cond: ((id >= 3577049) AND (id <= 3578048))

table 3 : explain SELECT c FROM sbtest3 WHERE id BETWEEN 337031 AND 338030
	Bitmap Heap Scan on sbtest3  (cost=22.06..3630.45 rows=939 width=121)
	  Recheck Cond: ((id >= 337031) AND (id <= 338030))
	  ->  Bitmap Index Scan on sbtest3_pkey  (cost=0.00..21.82 rows=939 width=0)
	        Index Cond: ((id >= 337031) AND (id <= 338030))

table 4 : explain SELECT c FROM sbtest4 WHERE id BETWEEN 3980872 AND 3981871
	Bitmap Heap Scan on sbtest4  (cost=28.21..4420.17 rows=1149 width=121)
	  Recheck Cond: ((id >= 3980872) AND (id <= 3981871))
	  ->  Bitmap Index Scan on sbtest4_pkey  (cost=0.00..27.93 rows=1149 width=0)
	        Index Cond: ((id >= 3980872) AND (id <= 3981871))

table 5 : explain SELECT c FROM sbtest5 WHERE id BETWEEN 6060126 AND 6061125
	Bitmap Heap Scan on sbtest5  (cost=22.30..3718.45 rows=962 width=121)
	  Recheck Cond: ((id >= 6060126) AND (id <= 6061125))
	  ->  Bitmap Index Scan on sbtest5_pkey  (cost=0.00..22.05 rows=962 width=0)
	        Index Cond: ((id >= 6060126) AND (id <= 6061125))

table 6 : explain SELECT c FROM sbtest6 WHERE id BETWEEN 7759476 AND 7760475
	Bitmap Heap Scan on sbtest6  (cost=23.54..4172.87 rows=1083 width=121)
	  Recheck Cond: ((id >= 7759476) AND (id <= 7760475))
	  ->  Bitmap Index Scan on sbtest6_pkey  (cost=0.00..23.26 rows=1083 width=0)
	        Index Cond: ((id >= 7759476) AND (id <= 7760475))

table 7 : explain SELECT c FROM sbtest7 WHERE id BETWEEN 2663706 AND 2664705
	Bitmap Heap Scan on sbtest7  (cost=22.91..3944.75 rows=1022 width=121)
	  Recheck Cond: ((id >= 2663706) AND (id <= 2664705))
	  ->  Bitmap Index Scan on sbtest7_pkey  (cost=0.00..22.65 rows=1022 width=0)
	        Index Cond: ((id >= 2663706) AND (id <= 2664705))

table 8 : explain SELECT c FROM sbtest8 WHERE id BETWEEN 7269063 AND 7270062
	Bitmap Heap Scan on sbtest8  (cost=28.52..4534.36 rows=1179 width=121)
	  Recheck Cond: ((id >= 7269063) AND (id <= 7270062))
	  ->  Bitmap Index Scan on sbtest8_pkey  (cost=0.00..28.22 rows=1179 width=0)
	        Index Cond: ((id >= 7269063) AND (id <= 7270062))

for: simple_ranges
table 1 : explain SELECT c FROM sbtest1 WHERE id BETWEEN 8407975 AND 8408974
	Bitmap Heap Scan on sbtest1  (cost=22.07..3634.37 rows=940 width=121)
	  Recheck Cond: ((id >= 8407975) AND (id <= 8408974))
	  ->  Bitmap Index Scan on sbtest1_pkey  (cost=0.00..21.83 rows=940 width=0)
	        Index Cond: ((id >= 8407975) AND (id <= 8408974))

table 2 : explain SELECT c FROM sbtest2 WHERE id BETWEEN 1361355 AND 1362354
	Bitmap Heap Scan on sbtest2  (cost=22.68..3860.28 rows=1000 width=121)
	  Recheck Cond: ((id >= 1361355) AND (id <= 1362354))
	  ->  Bitmap Index Scan on sbtest2_pkey  (cost=0.00..22.43 rows=1000 width=0)
	        Index Cond: ((id >= 1361355) AND (id <= 1362354))

table 3 : explain SELECT c FROM sbtest3 WHERE id BETWEEN 1747696 AND 1748695
	Bitmap Heap Scan on sbtest3  (cost=22.65..3849.06 rows=997 width=121)
	  Recheck Cond: ((id >= 1747696) AND (id <= 1748695))
	  ->  Bitmap Index Scan on sbtest3_pkey  (cost=0.00..22.40 rows=997 width=0)
	        Index Cond: ((id >= 1747696) AND (id <= 1748695))

table 4 : explain SELECT c FROM sbtest4 WHERE id BETWEEN 4425496 AND 4426495
	Bitmap Heap Scan on sbtest4  (cost=23.47..4149.84 rows=1077 width=121)
	  Recheck Cond: ((id >= 4425496) AND (id <= 4426495))
	  ->  Bitmap Index Scan on sbtest4_pkey  (cost=0.00..23.20 rows=1077 width=0)
	        Index Cond: ((id >= 4425496) AND (id <= 4426495))

table 5 : explain SELECT c FROM sbtest5 WHERE id BETWEEN 9080427 AND 9081426
	Bitmap Heap Scan on sbtest5  (cost=21.54..3438.96 rows=888 width=121)
	  Recheck Cond: ((id >= 9080427) AND (id <= 9081426))
	  ->  Bitmap Index Scan on sbtest5_pkey  (cost=0.00..21.32 rows=888 width=0)
	        Index Cond: ((id >= 9080427) AND (id <= 9081426))

table 6 : explain SELECT c FROM sbtest6 WHERE id BETWEEN 4037118 AND 4038117
	Bitmap Heap Scan on sbtest6  (cost=22.51..3796.74 rows=983 width=121)
	  Recheck Cond: ((id >= 4037118) AND (id <= 4038117))
	  ->  Bitmap Index Scan on sbtest6_pkey  (cost=0.00..22.26 rows=983 width=0)
	        Index Cond: ((id >= 4037118) AND (id <= 4038117))

table 7 : explain SELECT c FROM sbtest7 WHERE id BETWEEN 6908298 AND 6909297
	Bitmap Heap Scan on sbtest7  (cost=22.19..3680.92 rows=952 width=121)
	  Recheck Cond: ((id >= 6908298) AND (id <= 6909297))
	  ->  Bitmap Index Scan on sbtest7_pkey  (cost=0.00..21.95 rows=952 width=0)
	        Index Cond: ((id >= 6908298) AND (id <= 6909297))

table 8 : explain SELECT c FROM sbtest8 WHERE id BETWEEN 8537488 AND 8538487
	Bitmap Heap Scan on sbtest8  (cost=27.79..4268.16 rows=1108 width=121)
	  Recheck Cond: ((id >= 8537488) AND (id <= 8538487))
	  ->  Bitmap Index Scan on sbtest8_pkey  (cost=0.00..27.51 rows=1108 width=0)
	        Index Cond: ((id >= 8537488) AND (id <= 8538487))

for: simple_ranges
table 1 : explain SELECT c FROM sbtest1 WHERE id BETWEEN 9101901 AND 9102900
	Bitmap Heap Scan on sbtest1  (cost=21.74..3513.56 rows=908 width=121)
	  Recheck Cond: ((id >= 9101901) AND (id <= 9102900))
	  ->  Bitmap Index Scan on sbtest1_pkey  (cost=0.00..21.51 rows=908 width=0)
	        Index Cond: ((id >= 9101901) AND (id <= 9102900))

table 2 : explain SELECT c FROM sbtest2 WHERE id BETWEEN 2659593 AND 2660592
	Bitmap Heap Scan on sbtest2  (cost=23.17..4037.09 rows=1047 width=121)
	  Recheck Cond: ((id >= 2659593) AND (id <= 2660592))
	  ->  Bitmap Index Scan on sbtest2_pkey  (cost=0.00..22.90 rows=1047 width=0)
	        Index Cond: ((id >= 2659593) AND (id <= 2660592))

table 3 : explain SELECT c FROM sbtest3 WHERE id BETWEEN 1887250 AND 1888249
	Bitmap Heap Scan on sbtest3  (cost=27.74..4247.74 rows=1103 width=121)
	  Recheck Cond: ((id >= 1887250) AND (id <= 1888249))
	  ->  Bitmap Index Scan on sbtest3_pkey  (cost=0.00..27.46 rows=1103 width=0)
	        Index Cond: ((id >= 1887250) AND (id <= 1888249))

table 4 : explain SELECT c FROM sbtest4 WHERE id BETWEEN 1309179 AND 1310178
	Bitmap Heap Scan on sbtest4  (cost=21.69..3494.50 rows=903 width=121)
	  Recheck Cond: ((id >= 1309179) AND (id <= 1310178))
	  ->  Bitmap Index Scan on sbtest4_pkey  (cost=0.00..21.46 rows=903 width=0)
	        Index Cond: ((id >= 1309179) AND (id <= 1310178))

table 5 : explain SELECT c FROM sbtest5 WHERE id BETWEEN 671617 AND 672616
	Bitmap Heap Scan on sbtest5  (cost=22.77..3891.82 rows=1008 width=121)
	  Recheck Cond: ((id >= 671617) AND (id <= 672616))
	  ->  Bitmap Index Scan on sbtest5_pkey  (cost=0.00..22.51 rows=1008 width=0)
	        Index Cond: ((id >= 671617) AND (id <= 672616))

table 6 : explain SELECT c FROM sbtest6 WHERE id BETWEEN 5546264 AND 5547263
	Bitmap Heap Scan on sbtest6  (cost=22.79..3898.42 rows=1010 width=121)
	  Recheck Cond: ((id >= 5546264) AND (id <= 5547263))
	  ->  Bitmap Index Scan on sbtest6_pkey  (cost=0.00..22.54 rows=1010 width=0)
	        Index Cond: ((id >= 5546264) AND (id <= 5547263))

table 7 : explain SELECT c FROM sbtest7 WHERE id BETWEEN 9255112 AND 9256111
	Bitmap Heap Scan on sbtest7  (cost=22.57..3820.45 rows=989 width=121)
	  Recheck Cond: ((id >= 9255112) AND (id <= 9256111))
	  ->  Bitmap Index Scan on sbtest7_pkey  (cost=0.00..22.32 rows=989 width=0)
	        Index Cond: ((id >= 9255112) AND (id <= 9256111))

table 8 : explain SELECT c FROM sbtest8 WHERE id BETWEEN 9859679 AND 9860678
	Bitmap Heap Scan on sbtest8  (cost=22.86..3925.80 rows=1017 width=121)
	  Recheck Cond: ((id >= 9859679) AND (id <= 9860678))
	  ->  Bitmap Index Scan on sbtest8_pkey  (cost=0.00..22.61 rows=1017 width=0)
	        Index Cond: ((id >= 9859679) AND (id <= 9860678))

for point_selects
table 1 : explain SELECT c FROM sbtest1 WHERE id=5134771
	Index Scan using sbtest1_pkey on sbtest1  (cost=0.43..8.45 rows=1 width=121)
	  Index Cond: (id = 5134771)

table 2 : explain SELECT c FROM sbtest2 WHERE id=6942300
	Index Scan using sbtest2_pkey on sbtest2  (cost=0.43..8.45 rows=1 width=121)
	  Index Cond: (id = 6942300)

table 3 : explain SELECT c FROM sbtest3 WHERE id=506078
	Index Scan using sbtest3_pkey on sbtest3  (cost=0.43..8.45 rows=1 width=121)
	  Index Cond: (id = 506078)

table 4 : explain SELECT c FROM sbtest4 WHERE id=2810981
	Index Scan using sbtest4_pkey on sbtest4  (cost=0.43..8.45 rows=1 width=121)
	  Index Cond: (id = 2810981)

table 5 : explain SELECT c FROM sbtest5 WHERE id=9069969
	Index Scan using sbtest5_pkey on sbtest5  (cost=0.43..8.45 rows=1 width=121)
	  Index Cond: (id = 9069969)

table 6 : explain SELECT c FROM sbtest6 WHERE id=1897552
	Index Scan using sbtest6_pkey on sbtest6  (cost=0.43..8.45 rows=1 width=121)
	  Index Cond: (id = 1897552)

table 7 : explain SELECT c FROM sbtest7 WHERE id=7418419
	Index Scan using sbtest7_pkey on sbtest7  (cost=0.43..8.45 rows=1 width=121)
	  Index Cond: (id = 7418419)

table 8 : explain SELECT c FROM sbtest8 WHERE id=5164074
	Index Scan using sbtest8_pkey on sbtest8  (cost=0.43..8.45 rows=1 width=121)
	  Index Cond: (id = 5164074)

for point_selects
table 1 : explain SELECT c FROM sbtest1 WHERE id=1568754
	Index Scan using sbtest1_pkey on sbtest1  (cost=0.43..8.45 rows=1 width=121)
	  Index Cond: (id = 1568754)

table 2 : explain SELECT c FROM sbtest2 WHERE id=5653009
	Index Scan using sbtest2_pkey on sbtest2  (cost=0.43..8.45 rows=1 width=121)
	  Index Cond: (id = 5653009)

table 3 : explain SELECT c FROM sbtest3 WHERE id=8550018
	Index Scan using sbtest3_pkey on sbtest3  (cost=0.43..8.45 rows=1 width=121)
	  Index Cond: (id = 8550018)

table 4 : explain SELECT c FROM sbtest4 WHERE id=2352691
	Index Scan using sbtest4_pkey on sbtest4  (cost=0.43..8.45 rows=1 width=121)
	  Index Cond: (id = 2352691)

table 5 : explain SELECT c FROM sbtest5 WHERE id=6722108
	Index Scan using sbtest5_pkey on sbtest5  (cost=0.43..8.45 rows=1 width=121)
	  Index Cond: (id = 6722108)

table 6 : explain SELECT c FROM sbtest6 WHERE id=8863886
	Index Scan using sbtest6_pkey on sbtest6  (cost=0.43..8.45 rows=1 width=121)
	  Index Cond: (id = 8863886)

table 7 : explain SELECT c FROM sbtest7 WHERE id=7643391
	Index Scan using sbtest7_pkey on sbtest7  (cost=0.43..8.45 rows=1 width=121)
	  Index Cond: (id = 7643391)

table 8 : explain SELECT c FROM sbtest8 WHERE id=771509
	Index Scan using sbtest8_pkey on sbtest8  (cost=0.43..8.45 rows=1 width=121)
	  Index Cond: (id = 771509)

for point_selects
table 1 : explain SELECT c FROM sbtest1 WHERE id=1669295
	Index Scan using sbtest1_pkey on sbtest1  (cost=0.43..8.45 rows=1 width=121)
	  Index Cond: (id = 1669295)

table 2 : explain SELECT c FROM sbtest2 WHERE id=3559651
	Index Scan using sbtest2_pkey on sbtest2  (cost=0.43..8.45 rows=1 width=121)
	  Index Cond: (id = 3559651)

table 3 : explain SELECT c FROM sbtest3 WHERE id=7853545
	Index Scan using sbtest3_pkey on sbtest3  (cost=0.43..8.45 rows=1 width=121)
	  Index Cond: (id = 7853545)

table 4 : explain SELECT c FROM sbtest4 WHERE id=7077152
	Index Scan using sbtest4_pkey on sbtest4  (cost=0.43..8.45 rows=1 width=121)
	  Index Cond: (id = 7077152)

table 5 : explain SELECT c FROM sbtest5 WHERE id=4101599
	Index Scan using sbtest5_pkey on sbtest5  (cost=0.43..8.45 rows=1 width=121)
	  Index Cond: (id = 4101599)

table 6 : explain SELECT c FROM sbtest6 WHERE id=4000419
	Index Scan using sbtest6_pkey on sbtest6  (cost=0.43..8.45 rows=1 width=121)
	  Index Cond: (id = 4000419)

table 7 : explain SELECT c FROM sbtest7 WHERE id=5701276
	Index Scan using sbtest7_pkey on sbtest7  (cost=0.43..8.45 rows=1 width=121)
	  Index Cond: (id = 5701276)

table 8 : explain SELECT c FROM sbtest8 WHERE id=6900097
	Index Scan using sbtest8_pkey on sbtest8  (cost=0.43..8.45 rows=1 width=121)
	  Index Cond: (id = 6900097)

for point_selects
table 1 : explain SELECT c FROM sbtest1 WHERE id=3295321
	Index Scan using sbtest1_pkey on sbtest1  (cost=0.43..8.45 rows=1 width=121)
	  Index Cond: (id = 3295321)

table 2 : explain SELECT c FROM sbtest2 WHERE id=1199944
	Index Scan using sbtest2_pkey on sbtest2  (cost=0.43..8.45 rows=1 width=121)
	  Index Cond: (id = 1199944)

table 3 : explain SELECT c FROM sbtest3 WHERE id=3955371
	Index Scan using sbtest3_pkey on sbtest3  (cost=0.43..8.45 rows=1 width=121)
	  Index Cond: (id = 3955371)

table 4 : explain SELECT c FROM sbtest4 WHERE id=6756790
	Index Scan using sbtest4_pkey on sbtest4  (cost=0.43..8.45 rows=1 width=121)
	  Index Cond: (id = 6756790)

table 5 : explain SELECT c FROM sbtest5 WHERE id=4268896
	Index Scan using sbtest5_pkey on sbtest5  (cost=0.43..8.45 rows=1 width=121)
	  Index Cond: (id = 4268896)

table 6 : explain SELECT c FROM sbtest6 WHERE id=5229653
	Index Scan using sbtest6_pkey on sbtest6  (cost=0.43..8.45 rows=1 width=121)
	  Index Cond: (id = 5229653)

table 7 : explain SELECT c FROM sbtest7 WHERE id=4988642
	Index Scan using sbtest7_pkey on sbtest7  (cost=0.43..8.45 rows=1 width=121)
	  Index Cond: (id = 4988642)

table 8 : explain SELECT c FROM sbtest8 WHERE id=7013165
	Index Scan using sbtest8_pkey on sbtest8  (cost=0.43..8.45 rows=1 width=121)
	  Index Cond: (id = 7013165)

explain: for point_selects :: explain SELECT c FROM sbtest%u WHERE id=%u
for: simple_ranges
table 1 : explain SELECT c FROM sbtest1 WHERE id BETWEEN 313498 AND 314497
	Bitmap Heap Scan on sbtest1  (cost=22.42..3762.58 rows=974 width=121)
	  Recheck Cond: ((id >= 313498) AND (id <= 314497))
	  ->  Bitmap Index Scan on sbtest1_pkey  (cost=0.00..22.18 rows=974 width=0)
	        Index Cond: ((id >= 313498) AND (id <= 314497))

table 2 : explain SELECT c FROM sbtest2 WHERE id BETWEEN 6019543 AND 6020542
	Bitmap Heap Scan on sbtest2  (cost=23.20..4048.36 rows=1050 width=121)
	  Recheck Cond: ((id >= 6019543) AND (id <= 6020542))
	  ->  Bitmap Index Scan on sbtest2_pkey  (cost=0.00..22.93 rows=1050 width=0)
	        Index Cond: ((id >= 6019543) AND (id <= 6020542))

table 3 : explain SELECT c FROM sbtest3 WHERE id BETWEEN 8979735 AND 8980734
	Bitmap Heap Scan on sbtest3  (cost=27.97..4330.26 rows=1125 width=121)
	  Recheck Cond: ((id >= 8979735) AND (id <= 8980734))
	  ->  Bitmap Index Scan on sbtest3_pkey  (cost=0.00..27.68 rows=1125 width=0)
	        Index Cond: ((id >= 8979735) AND (id <= 8980734))

table 4 : explain SELECT c FROM sbtest4 WHERE id BETWEEN 3856069 AND 3857068
	Bitmap Heap Scan on sbtest4  (cost=23.16..4033.37 rows=1046 width=121)
	  Recheck Cond: ((id >= 3856069) AND (id <= 3857068))
	  ->  Bitmap Index Scan on sbtest4_pkey  (cost=0.00..22.89 rows=1046 width=0)
	        Index Cond: ((id >= 3856069) AND (id <= 3857068))

table 5 : explain SELECT c FROM sbtest5 WHERE id BETWEEN 4721624 AND 4722623
	Bitmap Heap Scan on sbtest5  (cost=22.59..3827.78 rows=991 width=121)
	  Recheck Cond: ((id >= 4721624) AND (id <= 4722623))
	  ->  Bitmap Index Scan on sbtest5_pkey  (cost=0.00..22.34 rows=991 width=0)
	        Index Cond: ((id >= 4721624) AND (id <= 4722623))

table 6 : explain SELECT c FROM sbtest6 WHERE id BETWEEN 8847669 AND 8848668
	Bitmap Heap Scan on sbtest6  (cost=22.71..3868.30 rows=1002 width=121)
	  Recheck Cond: ((id >= 8847669) AND (id <= 8848668))
	  ->  Bitmap Index Scan on sbtest6_pkey  (cost=0.00..22.45 rows=1002 width=0)
	        Index Cond: ((id >= 8847669) AND (id <= 8848668))

table 7 : explain SELECT c FROM sbtest7 WHERE id BETWEEN 3283589 AND 3284588
	Bitmap Heap Scan on sbtest7  (cost=22.68..3861.90 rows=1000 width=121)
	  Recheck Cond: ((id >= 3283589) AND (id <= 3284588))
	  ->  Bitmap Index Scan on sbtest7_pkey  (cost=0.00..22.43 rows=1000 width=0)
	        Index Cond: ((id >= 3283589) AND (id <= 3284588))

table 8 : explain SELECT c FROM sbtest8 WHERE id BETWEEN 4404541 AND 4405540
	Bitmap Heap Scan on sbtest8  (cost=21.95..3590.21 rows=928 width=121)
	  Recheck Cond: ((id >= 4404541) AND (id <= 4405540))
	  ->  Bitmap Index Scan on sbtest8_pkey  (cost=0.00..21.71 rows=928 width=0)
	        Index Cond: ((id >= 4404541) AND (id <= 4405540))

for: simple_ranges
table 1 : explain SELECT c FROM sbtest1 WHERE id BETWEEN 5584133 AND 5585132
	Bitmap Heap Scan on sbtest1  (cost=23.06..3999.75 rows=1037 width=121)
	  Recheck Cond: ((id >= 5584133) AND (id <= 5585132))
	  ->  Bitmap Index Scan on sbtest1_pkey  (cost=0.00..22.80 rows=1037 width=0)
	        Index Cond: ((id >= 5584133) AND (id <= 5585132))

table 2 : explain SELECT c FROM sbtest2 WHERE id BETWEEN 4737837 AND 4738836
	Bitmap Heap Scan on sbtest2  (cost=22.84..3916.74 rows=1015 width=121)
	  Recheck Cond: ((id >= 4737837) AND (id <= 4738836))
	  ->  Bitmap Index Scan on sbtest2_pkey  (cost=0.00..22.58 rows=1015 width=0)
	        Index Cond: ((id >= 4737837) AND (id <= 4738836))

table 3 : explain SELECT c FROM sbtest3 WHERE id BETWEEN 6651251 AND 6652250
	Bitmap Heap Scan on sbtest3  (cost=22.53..3803.87 rows=985 width=121)
	  Recheck Cond: ((id >= 6651251) AND (id <= 6652250))
	  ->  Bitmap Index Scan on sbtest3_pkey  (cost=0.00..22.29 rows=985 width=0)
	        Index Cond: ((id >= 6651251) AND (id <= 6652250))

table 4 : explain SELECT c FROM sbtest4 WHERE id BETWEEN 7824382 AND 7825381
	Bitmap Heap Scan on sbtest4  (cost=22.35..3736.01 rows=967 width=121)
	  Recheck Cond: ((id >= 7824382) AND (id <= 7825381))
	  ->  Bitmap Index Scan on sbtest4_pkey  (cost=0.00..22.11 rows=967 width=0)
	        Index Cond: ((id >= 7824382) AND (id <= 7825381))

table 5 : explain SELECT c FROM sbtest5 WHERE id BETWEEN 744386 AND 745385
	Bitmap Heap Scan on sbtest5  (cost=23.38..4117.55 rows=1068 width=121)
	  Recheck Cond: ((id >= 744386) AND (id <= 745385))
	  ->  Bitmap Index Scan on sbtest5_pkey  (cost=0.00..23.11 rows=1068 width=0)
	        Index Cond: ((id >= 744386) AND (id <= 745385))

table 6 : explain SELECT c FROM sbtest6 WHERE id BETWEEN 5482948 AND 5483947
	Bitmap Heap Scan on sbtest6  (cost=22.49..3789.20 rows=981 width=121)
	  Recheck Cond: ((id >= 5482948) AND (id <= 5483947))
	  ->  Bitmap Index Scan on sbtest6_pkey  (cost=0.00..22.25 rows=981 width=0)
	        Index Cond: ((id >= 5482948) AND (id <= 5483947))

table 7 : explain SELECT c FROM sbtest7 WHERE id BETWEEN 8566737 AND 8567736
	Bitmap Heap Scan on sbtest7  (cost=23.44..4140.33 rows=1074 width=121)
	  Recheck Cond: ((id >= 8566737) AND (id <= 8567736))
	  ->  Bitmap Index Scan on sbtest7_pkey  (cost=0.00..23.18 rows=1074 width=0)
	        Index Cond: ((id >= 8566737) AND (id <= 8567736))

table 8 : explain SELECT c FROM sbtest8 WHERE id BETWEEN 1793933 AND 1794932
	Bitmap Heap Scan on sbtest8  (cost=27.53..4174.26 rows=1082 width=121)
	  Recheck Cond: ((id >= 1793933) AND (id <= 1794932))
	  ->  Bitmap Index Scan on sbtest8_pkey  (cost=0.00..27.25 rows=1082 width=0)
	        Index Cond: ((id >= 1793933) AND (id <= 1794932))

for: sum_ranges
table 1 : explain SELECT SUM(k) FROM sbtest1 WHERE id BETWEEN 4085513 AND 4086512
	Aggregate  (cost=4325.77..4325.78 rows=1 width=8)
	  ->  Bitmap Heap Scan on sbtest1  (cost=27.95..4322.96 rows=1123 width=4)
	        Recheck Cond: ((id >= 4085513) AND (id <= 4086512))
	        ->  Bitmap Index Scan on sbtest1_pkey  (cost=0.00..27.66 rows=1123 width=0)
	              Index Cond: ((id >= 4085513) AND (id <= 4086512))

table 2 : explain SELECT SUM(k) FROM sbtest2 WHERE id BETWEEN 1907916 AND 1908915
	Aggregate  (cost=3613.84..3613.85 rows=1 width=8)
	  ->  Bitmap Heap Scan on sbtest2  (cost=22.01..3611.51 rows=934 width=4)
	        Recheck Cond: ((id >= 1907916) AND (id <= 1908915))
	        ->  Bitmap Index Scan on sbtest2_pkey  (cost=0.00..21.77 rows=934 width=0)
	              Index Cond: ((id >= 1907916) AND (id <= 1908915))

table 3 : explain SELECT SUM(k) FROM sbtest3 WHERE id BETWEEN 1589972 AND 1590971
	Aggregate  (cost=4186.39..4186.40 rows=1 width=8)
	  ->  Bitmap Heap Scan on sbtest3  (cost=23.57..4183.67 rows=1086 width=4)
	        Recheck Cond: ((id >= 1589972) AND (id <= 1590971))
	        ->  Bitmap Index Scan on sbtest3_pkey  (cost=0.00..23.29 rows=1086 width=0)
	              Index Cond: ((id >= 1589972) AND (id <= 1590971))

table 4 : explain SELECT SUM(k) FROM sbtest4 WHERE id BETWEEN 1393754 AND 1394753
	Aggregate  (cost=3496.76..3496.77 rows=1 width=8)
	  ->  Bitmap Heap Scan on sbtest4  (cost=21.69..3494.50 rows=903 width=4)
	        Recheck Cond: ((id >= 1393754) AND (id <= 1394753))
	        ->  Bitmap Index Scan on sbtest4_pkey  (cost=0.00..21.46 rows=903 width=0)
	              Index Cond: ((id >= 1393754) AND (id <= 1394753))

table 5 : explain SELECT SUM(k) FROM sbtest5 WHERE id BETWEEN 1254027 AND 1255026
	Aggregate  (cost=3701.98..3701.99 rows=1 width=8)
	  ->  Bitmap Heap Scan on sbtest5  (cost=22.24..3699.58 rows=957 width=4)
	        Recheck Cond: ((id >= 1254027) AND (id <= 1255026))
	        ->  Bitmap Index Scan on sbtest5_pkey  (cost=0.00..22.00 rows=957 width=0)
	              Index Cond: ((id >= 1254027) AND (id <= 1255026))

table 6 : explain SELECT SUM(k) FROM sbtest6 WHERE id BETWEEN 8586093 AND 8587092
	Aggregate  (cost=3806.73..3806.74 rows=1 width=8)
	  ->  Bitmap Heap Scan on sbtest6  (cost=22.53..3804.27 rows=985 width=4)
	        Recheck Cond: ((id >= 8586093) AND (id <= 8587092))
	        ->  Bitmap Index Scan on sbtest6_pkey  (cost=0.00..22.29 rows=985 width=0)
	              Index Cond: ((id >= 8586093) AND (id <= 8587092))

table 7 : explain SELECT SUM(k) FROM sbtest7 WHERE id BETWEEN 3408578 AND 3409577
	Aggregate  (cost=4139.26..4139.27 rows=1 width=8)
	  ->  Bitmap Heap Scan on sbtest7  (cost=23.43..4136.58 rows=1073 width=4)
	        Recheck Cond: ((id >= 3408578) AND (id <= 3409577))
	        ->  Bitmap Index Scan on sbtest7_pkey  (cost=0.00..23.16 rows=1073 width=0)
	              Index Cond: ((id >= 3408578) AND (id <= 3409577))

table 8 : explain SELECT SUM(k) FROM sbtest8 WHERE id BETWEEN 4015700 AND 4016699
	Aggregate  (cost=3656.75..3656.76 rows=1 width=8)
	  ->  Bitmap Heap Scan on sbtest8  (cost=22.12..3654.39 rows=945 width=4)
	        Recheck Cond: ((id >= 4015700) AND (id <= 4016699))
	        ->  Bitmap Index Scan on sbtest8_pkey  (cost=0.00..21.89 rows=945 width=0)
	              Index Cond: ((id >= 4015700) AND (id <= 4016699))

for point_selects
table 1 : explain SELECT c FROM sbtest1 WHERE id=5713888
	Index Scan using sbtest1_pkey on sbtest1  (cost=0.43..8.45 rows=1 width=121)
	  Index Cond: (id = 5713888)

table 2 : explain SELECT c FROM sbtest2 WHERE id=461194
	Index Scan using sbtest2_pkey on sbtest2  (cost=0.43..8.45 rows=1 width=121)
	  Index Cond: (id = 461194)

table 3 : explain SELECT c FROM sbtest3 WHERE id=4922226
	Index Scan using sbtest3_pkey on sbtest3  (cost=0.43..8.45 rows=1 width=121)
	  Index Cond: (id = 4922226)

table 4 : explain SELECT c FROM sbtest4 WHERE id=4388940
	Index Scan using sbtest4_pkey on sbtest4  (cost=0.43..8.45 rows=1 width=121)
	  Index Cond: (id = 4388940)

table 5 : explain SELECT c FROM sbtest5 WHERE id=3182059
	Index Scan using sbtest5_pkey on sbtest5  (cost=0.43..8.45 rows=1 width=121)
	  Index Cond: (id = 3182059)

table 6 : explain SELECT c FROM sbtest6 WHERE id=2865726
	Index Scan using sbtest6_pkey on sbtest6  (cost=0.43..8.45 rows=1 width=121)
	  Index Cond: (id = 2865726)

table 7 : explain SELECT c FROM sbtest7 WHERE id=3666554
	Index Scan using sbtest7_pkey on sbtest7  (cost=0.43..8.45 rows=1 width=121)
	  Index Cond: (id = 3666554)

table 8 : explain SELECT c FROM sbtest8 WHERE id=6163406
	Index Scan using sbtest8_pkey on sbtest8  (cost=0.43..8.45 rows=1 width=121)
	  Index Cond: (id = 6163406)

for: simple_ranges
table 1 : explain SELECT c FROM sbtest1 WHERE id BETWEEN 81779 AND 82778
	Bitmap Heap Scan on sbtest1  (cost=22.59..3826.63 rows=991 width=121)
	  Recheck Cond: ((id >= 81779) AND (id <= 82778))
	  ->  Bitmap Index Scan on sbtest1_pkey  (cost=0.00..22.34 rows=991 width=0)
	        Index Cond: ((id >= 81779) AND (id <= 82778))

table 2 : explain SELECT c FROM sbtest2 WHERE id BETWEEN 1022722 AND 1023721
	Bitmap Heap Scan on sbtest2  (cost=22.02..3615.28 rows=935 width=121)
	  Recheck Cond: ((id >= 1022722) AND (id <= 1023721))
	  ->  Bitmap Index Scan on sbtest2_pkey  (cost=0.00..21.79 rows=935 width=0)
	        Index Cond: ((id >= 1022722) AND (id <= 1023721))

table 3 : explain SELECT c FROM sbtest3 WHERE id BETWEEN 264574 AND 265573
	Bitmap Heap Scan on sbtest3  (cost=21.79..3532.30 rows=913 width=121)
	  Recheck Cond: ((id >= 264574) AND (id <= 265573))
	  ->  Bitmap Index Scan on sbtest3_pkey  (cost=0.00..21.57 rows=913 width=0)
	        Index Cond: ((id >= 264574) AND (id <= 265573))

table 4 : explain SELECT c FROM sbtest4 WHERE id BETWEEN 511524 AND 512523
	Bitmap Heap Scan on sbtest4  (cost=22.02..3615.32 rows=935 width=121)
	  Recheck Cond: ((id >= 511524) AND (id <= 512523))
	  ->  Bitmap Index Scan on sbtest4_pkey  (cost=0.00..21.79 rows=935 width=0)
	        Index Cond: ((id >= 511524) AND (id <= 512523))

table 5 : explain SELECT c FROM sbtest5 WHERE id BETWEEN 9293559 AND 9294558
	Bitmap Heap Scan on sbtest5  (cost=22.64..3846.62 rows=996 width=121)
	  Recheck Cond: ((id >= 9293559) AND (id <= 9294558))
	  ->  Bitmap Index Scan on sbtest5_pkey  (cost=0.00..22.39 rows=996 width=0)
	        Index Cond: ((id >= 9293559) AND (id <= 9294558))

table 6 : explain SELECT c FROM sbtest6 WHERE id BETWEEN 7506861 AND 7507860
	Bitmap Heap Scan on sbtest6  (cost=22.87..3928.53 rows=1018 width=121)
	  Recheck Cond: ((id >= 7506861) AND (id <= 7507860))
	  ->  Bitmap Index Scan on sbtest6_pkey  (cost=0.00..22.61 rows=1018 width=0)
	        Index Cond: ((id >= 7506861) AND (id <= 7507860))

table 7 : explain SELECT c FROM sbtest7 WHERE id BETWEEN 4353844 AND 4354843
	Bitmap Heap Scan on sbtest7  (cost=21.57..3450.48 rows=891 width=121)
	  Recheck Cond: ((id >= 4353844) AND (id <= 4354843))
	  ->  Bitmap Index Scan on sbtest7_pkey  (cost=0.00..21.34 rows=891 width=0)
	        Index Cond: ((id >= 4353844) AND (id <= 4354843))

table 8 : explain SELECT c FROM sbtest8 WHERE id BETWEEN 735927 AND 736926
	Bitmap Heap Scan on sbtest8  (cost=22.42..3763.79 rows=974 width=121)
	  Recheck Cond: ((id >= 735927) AND (id <= 736926))
	  ->  Bitmap Index Scan on sbtest8_pkey  (cost=0.00..22.18 rows=974 width=0)
	        Index Cond: ((id >= 735927) AND (id <= 736926))

for: simple_ranges
table 1 : explain SELECT c FROM sbtest1 WHERE id BETWEEN 5901280 AND 5902279
	Bitmap Heap Scan on sbtest1  (cost=23.41..4127.53 rows=1071 width=121)
	  Recheck Cond: ((id >= 5901280) AND (id <= 5902279))
	  ->  Bitmap Index Scan on sbtest1_pkey  (cost=0.00..23.14 rows=1071 width=0)
	        Index Cond: ((id >= 5901280) AND (id <= 5902279))

table 2 : explain SELECT c FROM sbtest2 WHERE id BETWEEN 4630990 AND 4631989
	Bitmap Heap Scan on sbtest2  (cost=22.16..3668.10 rows=949 width=121)
	  Recheck Cond: ((id >= 4630990) AND (id <= 4631989))
	  ->  Bitmap Index Scan on sbtest2_pkey  (cost=0.00..21.93 rows=949 width=0)
	        Index Cond: ((id >= 4630990) AND (id <= 4631989))

table 3 : explain SELECT c FROM sbtest3 WHERE id BETWEEN 807901 AND 808900
	Bitmap Heap Scan on sbtest3  (cost=22.42..3762.42 rows=974 width=121)
	  Recheck Cond: ((id >= 807901) AND (id <= 808900))
	  ->  Bitmap Index Scan on sbtest3_pkey  (cost=0.00..22.18 rows=974 width=0)
	        Index Cond: ((id >= 807901) AND (id <= 808900))

table 4 : explain SELECT c FROM sbtest4 WHERE id BETWEEN 3271554 AND 3272553
	Bitmap Heap Scan on sbtest4  (cost=22.87..3928.07 rows=1018 width=121)
	  Recheck Cond: ((id >= 3271554) AND (id <= 3272553))
	  ->  Bitmap Index Scan on sbtest4_pkey  (cost=0.00..22.61 rows=1018 width=0)
	        Index Cond: ((id >= 3271554) AND (id <= 3272553))

table 5 : explain SELECT c FROM sbtest5 WHERE id BETWEEN 563095 AND 564094
	Bitmap Heap Scan on sbtest5  (cost=21.82..3544.80 rows=916 width=121)
	  Recheck Cond: ((id >= 563095) AND (id <= 564094))
	  ->  Bitmap Index Scan on sbtest5_pkey  (cost=0.00..21.59 rows=916 width=0)
	        Index Cond: ((id >= 563095) AND (id <= 564094))

table 6 : explain SELECT c FROM sbtest6 WHERE id BETWEEN 8686391 AND 8687390
	Bitmap Heap Scan on sbtest6  (cost=22.91..3943.58 rows=1022 width=121)
	  Recheck Cond: ((id >= 8686391) AND (id <= 8687390))
	  ->  Bitmap Index Scan on sbtest6_pkey  (cost=0.00..22.65 rows=1022 width=0)
	        Index Cond: ((id >= 8686391) AND (id <= 8687390))

table 7 : explain SELECT c FROM sbtest7 WHERE id BETWEEN 2719953 AND 2720952
	Bitmap Heap Scan on sbtest7  (cost=22.91..3944.75 rows=1022 width=121)
	  Recheck Cond: ((id >= 2719953) AND (id <= 2720952))
	  ->  Bitmap Index Scan on sbtest7_pkey  (cost=0.00..22.65 rows=1022 width=0)
	        Index Cond: ((id >= 2719953) AND (id <= 2720952))

table 8 : explain SELECT c FROM sbtest8 WHERE id BETWEEN 9236321 AND 9237320
	Bitmap Heap Scan on sbtest8  (cost=27.52..4170.50 rows=1081 width=121)
	  Recheck Cond: ((id >= 9236321) AND (id <= 9237320))
	  ->  Bitmap Index Scan on sbtest8_pkey  (cost=0.00..27.25 rows=1081 width=0)
	        Index Cond: ((id >= 9236321) AND (id <= 9237320))

for: sum_ranges
table 1 : explain SELECT SUM(k) FROM sbtest1 WHERE id BETWEEN 7938101 AND 7939100
	Aggregate  (cost=4107.66..4107.67 rows=1 width=8)
	  ->  Bitmap Heap Scan on sbtest1  (cost=23.35..4104.99 rows=1065 width=4)
	        Recheck Cond: ((id >= 7938101) AND (id <= 7939100))
	        ->  Bitmap Index Scan on sbtest1_pkey  (cost=0.00..23.08 rows=1065 width=0)
	              Index Cond: ((id >= 7938101) AND (id <= 7939100))

table 2 : explain SELECT SUM(k) FROM sbtest2 WHERE id BETWEEN 8019338 AND 8020337
	Aggregate  (cost=3877.85..3877.86 rows=1 width=8)
	  ->  Bitmap Heap Scan on sbtest2  (cost=22.73..3875.34 rows=1004 width=4)
	        Recheck Cond: ((id >= 8019338) AND (id <= 8020337))
	        ->  Bitmap Index Scan on sbtest2_pkey  (cost=0.00..22.47 rows=1004 width=0)
	              Index Cond: ((id >= 8019338) AND (id <= 8020337))

table 3 : explain SELECT SUM(k) FROM sbtest3 WHERE id BETWEEN 5607845 AND 5608844
	Aggregate  (cost=3896.76..3896.77 rows=1 width=8)
	  ->  Bitmap Heap Scan on sbtest3  (cost=22.78..3894.24 rows=1009 width=4)
	        Recheck Cond: ((id >= 5607845) AND (id <= 5608844))
	        ->  Bitmap Index Scan on sbtest3_pkey  (cost=0.00..22.52 rows=1009 width=0)
	              Index Cond: ((id >= 5607845) AND (id <= 5608844))

table 4 : explain SELECT SUM(k) FROM sbtest4 WHERE id BETWEEN 4032882 AND 4033881
	Aggregate  (cost=3843.98..3843.99 rows=1 width=8)
	  ->  Bitmap Heap Scan on sbtest4  (cost=22.63..3841.50 rows=995 width=4)
	        Recheck Cond: ((id >= 4032882) AND (id <= 4033881))
	        ->  Bitmap Index Scan on sbtest4_pkey  (cost=0.00..22.39 rows=995 width=0)
	              Index Cond: ((id >= 4032882) AND (id <= 4033881))

table 5 : explain SELECT SUM(k) FROM sbtest5 WHERE id BETWEEN 9657958 AND 9658957
	Aggregate  (cost=3588.66..3588.67 rows=1 width=8)
	  ->  Bitmap Heap Scan on sbtest5  (cost=21.94..3586.35 rows=927 width=4)
	        Recheck Cond: ((id >= 9657958) AND (id <= 9658957))
	        ->  Bitmap Index Scan on sbtest5_pkey  (cost=0.00..21.70 rows=927 width=0)
	              Index Cond: ((id >= 9657958) AND (id <= 9658957))

table 6 : explain SELECT SUM(k) FROM sbtest6 WHERE id BETWEEN 6958335 AND 6959334
	Aggregate  (cost=3795.42..3795.43 rows=1 width=8)
	  ->  Bitmap Heap Scan on sbtest6  (cost=22.50..3792.97 rows=982 width=4)
	        Recheck Cond: ((id >= 6958335) AND (id <= 6959334))
	        ->  Bitmap Index Scan on sbtest6_pkey  (cost=0.00..22.25 rows=982 width=0)
	              Index Cond: ((id >= 6958335) AND (id <= 6959334))

table 7 : explain SELECT SUM(k) FROM sbtest7 WHERE id BETWEEN 5272202 AND 5273201
	Aggregate  (cost=3853.09..3853.10 rows=1 width=8)
	  ->  Bitmap Heap Scan on sbtest7  (cost=22.65..3850.60 rows=997 width=4)
	        Recheck Cond: ((id >= 5272202) AND (id <= 5273201))
	        ->  Bitmap Index Scan on sbtest7_pkey  (cost=0.00..22.40 rows=997 width=0)
	              Index Cond: ((id >= 5272202) AND (id <= 5273201))

table 8 : explain SELECT SUM(k) FROM sbtest8 WHERE id BETWEEN 5110769 AND 5111768
	Aggregate  (cost=3894.43..3894.44 rows=1 width=8)
	  ->  Bitmap Heap Scan on sbtest8  (cost=22.77..3891.91 rows=1008 width=4)
	        Recheck Cond: ((id >= 5110769) AND (id <= 5111768))
	        ->  Bitmap Index Scan on sbtest8_pkey  (cost=0.00..22.51 rows=1008 width=0)
	              Index Cond: ((id >= 5110769) AND (id <= 5111768))

for point_selects
table 1 : explain SELECT c FROM sbtest1 WHERE id=2326452
	Index Scan using sbtest1_pkey on sbtest1  (cost=0.43..8.45 rows=1 width=121)
	  Index Cond: (id = 2326452)

table 2 : explain SELECT c FROM sbtest2 WHERE id=5482346
	Index Scan using sbtest2_pkey on sbtest2  (cost=0.43..8.45 rows=1 width=121)
	  Index Cond: (id = 5482346)

table 3 : explain SELECT c FROM sbtest3 WHERE id=6763407
	Index Scan using sbtest3_pkey on sbtest3  (cost=0.43..8.45 rows=1 width=121)
	  Index Cond: (id = 6763407)

table 4 : explain SELECT c FROM sbtest4 WHERE id=2702684
	Index Scan using sbtest4_pkey on sbtest4  (cost=0.43..8.45 rows=1 width=121)
	  Index Cond: (id = 2702684)

table 5 : explain SELECT c FROM sbtest5 WHERE id=7832090
	Index Scan using sbtest5_pkey on sbtest5  (cost=0.43..8.45 rows=1 width=121)
	  Index Cond: (id = 7832090)

table 6 : explain SELECT c FROM sbtest6 WHERE id=9481946
	Index Scan using sbtest6_pkey on sbtest6  (cost=0.43..8.45 rows=1 width=121)
	  Index Cond: (id = 9481946)

table 7 : explain SELECT c FROM sbtest7 WHERE id=3702405
	Index Scan using sbtest7_pkey on sbtest7  (cost=0.43..8.45 rows=1 width=121)
	  Index Cond: (id = 3702405)

table 8 : explain SELECT c FROM sbtest8 WHERE id=4204541
	Index Scan using sbtest8_pkey on sbtest8  (cost=0.43..8.45 rows=1 width=121)
	  Index Cond: (id = 4204541)

for: simple_ranges
table 1 : explain SELECT c FROM sbtest1 WHERE id BETWEEN 9555837 AND 9556836
	Bitmap Heap Scan on sbtest1  (cost=21.79..3532.45 rows=913 width=121)
	  Recheck Cond: ((id >= 9555837) AND (id <= 9556836))
	  ->  Bitmap Index Scan on sbtest1_pkey  (cost=0.00..21.57 rows=913 width=0)
	        Index Cond: ((id >= 9555837) AND (id <= 9556836))

table 2 : explain SELECT c FROM sbtest2 WHERE id BETWEEN 2984001 AND 2985000
	Bitmap Heap Scan on sbtest2  (cost=27.99..4337.67 rows=1127 width=121)
	  Recheck Cond: ((id >= 2984001) AND (id <= 2985000))
	  ->  Bitmap Index Scan on sbtest2_pkey  (cost=0.00..27.70 rows=1127 width=0)
	        Index Cond: ((id >= 2984001) AND (id <= 2985000))

table 3 : explain SELECT c FROM sbtest3 WHERE id BETWEEN 3223337 AND 3224336
	Bitmap Heap Scan on sbtest3  (cost=23.13..4022.13 rows=1043 width=121)
	  Recheck Cond: ((id >= 3223337) AND (id <= 3224336))
	  ->  Bitmap Index Scan on sbtest3_pkey  (cost=0.00..22.86 rows=1043 width=0)
	        Index Cond: ((id >= 3223337) AND (id <= 3224336))

table 4 : explain SELECT c FROM sbtest4 WHERE id BETWEEN 5160003 AND 5161002
	Bitmap Heap Scan on sbtest4  (cost=23.37..4112.29 rows=1067 width=121)
	  Recheck Cond: ((id >= 5160003) AND (id <= 5161002))
	  ->  Bitmap Index Scan on sbtest4_pkey  (cost=0.00..23.11 rows=1067 width=0)
	        Index Cond: ((id >= 5160003) AND (id <= 5161002))

table 5 : explain SELECT c FROM sbtest5 WHERE id BETWEEN 2502430 AND 2503429
	Bitmap Heap Scan on sbtest5  (cost=21.96..3593.90 rows=929 width=121)
	  Recheck Cond: ((id >= 2502430) AND (id <= 2503429))
	  ->  Bitmap Index Scan on sbtest5_pkey  (cost=0.00..21.72 rows=929 width=0)
	        Index Cond: ((id >= 2502430) AND (id <= 2503429))

table 6 : explain SELECT c FROM sbtest6 WHERE id BETWEEN 7589614 AND 7590613
	Bitmap Heap Scan on sbtest6  (cost=23.50..4161.61 rows=1080 width=121)
	  Recheck Cond: ((id >= 7589614) AND (id <= 7590613))
	  ->  Bitmap Index Scan on sbtest6_pkey  (cost=0.00..23.23 rows=1080 width=0)
	        Index Cond: ((id >= 7589614) AND (id <= 7590613))

table 7 : explain SELECT c FROM sbtest7 WHERE id BETWEEN 4987081 AND 4988080
	Bitmap Heap Scan on sbtest7  (cost=22.38..3748.82 rows=970 width=121)
	  Recheck Cond: ((id >= 4987081) AND (id <= 4988080))
	  ->  Bitmap Index Scan on sbtest7_pkey  (cost=0.00..22.14 rows=970 width=0)
	        Index Cond: ((id >= 4987081) AND (id <= 4988080))

table 8 : explain SELECT c FROM sbtest8 WHERE id BETWEEN 7725175 AND 7726174
	Bitmap Heap Scan on sbtest8  (cost=27.68..4230.59 rows=1097 width=121)
	  Recheck Cond: ((id >= 7725175) AND (id <= 7726174))
	  ->  Bitmap Index Scan on sbtest8_pkey  (cost=0.00..27.40 rows=1097 width=0)
	        Index Cond: ((id >= 7725175) AND (id <= 7726174))

for: sum_ranges
table 1 : explain SELECT SUM(k) FROM sbtest1 WHERE id BETWEEN 7664300 AND 7665299
	Aggregate  (cost=3727.30..3727.31 rows=1 width=8)
	  ->  Bitmap Heap Scan on sbtest1  (cost=22.32..3724.89 rows=964 width=4)
	        Recheck Cond: ((id >= 7664300) AND (id <= 7665299))
	        ->  Bitmap Index Scan on sbtest1_pkey  (cost=0.00..22.07 rows=964 width=0)
	              Index Cond: ((id >= 7664300) AND (id <= 7665299))

table 2 : explain SELECT SUM(k) FROM sbtest2 WHERE id BETWEEN 2698101 AND 2699100
	Aggregate  (cost=4039.70..4039.71 rows=1 width=8)
	  ->  Bitmap Heap Scan on sbtest2  (cost=23.17..4037.09 rows=1047 width=4)
	        Recheck Cond: ((id >= 2698101) AND (id <= 2699100))
	        ->  Bitmap Index Scan on sbtest2_pkey  (cost=0.00..22.90 rows=1047 width=0)
	              Index Cond: ((id >= 2698101) AND (id <= 2699100))

table 3 : explain SELECT SUM(k) FROM sbtest3 WHERE id BETWEEN 7412072 AND 7413071
	Aggregate  (cost=3828.94..3828.95 rows=1 width=8)
	  ->  Bitmap Heap Scan on sbtest3  (cost=22.59..3826.47 rows=991 width=4)
	        Recheck Cond: ((id >= 7412072) AND (id <= 7413071))
	        ->  Bitmap Index Scan on sbtest3_pkey  (cost=0.00..22.34 rows=991 width=0)
	              Index Cond: ((id >= 7412072) AND (id <= 7413071))

table 4 : explain SELECT SUM(k) FROM sbtest4 WHERE id BETWEEN 4817714 AND 4818713
	Aggregate  (cost=3572.34..3572.35 rows=1 width=8)
	  ->  Bitmap Heap Scan on sbtest4  (cost=21.90..3570.03 rows=923 width=4)
	        Recheck Cond: ((id >= 4817714) AND (id <= 4818713))
	        ->  Bitmap Index Scan on sbtest4_pkey  (cost=0.00..21.66 rows=923 width=0)
	              Index Cond: ((id >= 4817714) AND (id <= 4818713))

table 5 : explain SELECT SUM(k) FROM sbtest5 WHERE id BETWEEN 6118128 AND 6119127
	Aggregate  (cost=3603.78..3603.79 rows=1 width=8)
	  ->  Bitmap Heap Scan on sbtest5  (cost=21.98..3601.45 rows=931 width=4)
	        Recheck Cond: ((id >= 6118128) AND (id <= 6119127))
	        ->  Bitmap Index Scan on sbtest5_pkey  (cost=0.00..21.75 rows=931 width=0)
	              Index Cond: ((id >= 6118128) AND (id <= 6119127))

table 6 : explain SELECT SUM(k) FROM sbtest6 WHERE id BETWEEN 2930594 AND 2931593
	Aggregate  (cost=4281.02..4281.03 rows=1 width=8)
	  ->  Bitmap Heap Scan on sbtest6  (cost=27.82..4278.24 rows=1111 width=4)
	        Recheck Cond: ((id >= 2930594) AND (id <= 2931593))
	        ->  Bitmap Index Scan on sbtest6_pkey  (cost=0.00..27.54 rows=1111 width=0)
	              Index Cond: ((id >= 2930594) AND (id <= 2931593))

table 7 : explain SELECT SUM(k) FROM sbtest7 WHERE id BETWEEN 5076419 AND 5077418
	Aggregate  (cost=3751.25..3751.26 rows=1 width=8)
	  ->  Bitmap Heap Scan on sbtest7  (cost=22.38..3748.82 rows=970 width=4)
	        Recheck Cond: ((id >= 5076419) AND (id <= 5077418))
	        ->  Bitmap Index Scan on sbtest7_pkey  (cost=0.00..22.14 rows=970 width=0)
	              Index Cond: ((id >= 5076419) AND (id <= 5077418))

table 8 : explain SELECT SUM(k) FROM sbtest8 WHERE id BETWEEN 5712824 AND 5713823
	Aggregate  (cost=3754.91..3754.92 rows=1 width=8)
	  ->  Bitmap Heap Scan on sbtest8  (cost=22.39..3752.48 rows=971 width=4)
	        Recheck Cond: ((id >= 5712824) AND (id <= 5713823))
	        ->  Bitmap Index Scan on sbtest8_pkey  (cost=0.00..22.14 rows=971 width=0)
	              Index Cond: ((id >= 5712824) AND (id <= 5713823))

for: simple_ranges
table 1 : explain SELECT c FROM sbtest1 WHERE id BETWEEN 9385563 AND 9386562
	Bitmap Heap Scan on sbtest1  (cost=21.68..3490.90 rows=902 width=121)
	  Recheck Cond: ((id >= 9385563) AND (id <= 9386562))
	  ->  Bitmap Index Scan on sbtest1_pkey  (cost=0.00..21.45 rows=902 width=0)
	        Index Cond: ((id >= 9385563) AND (id <= 9386562))

table 2 : explain SELECT c FROM sbtest2 WHERE id BETWEEN 9429245 AND 9430244
	Bitmap Heap Scan on sbtest2  (cost=22.53..3803.79 rows=985 width=121)
	  Recheck Cond: ((id >= 9429245) AND (id <= 9430244))
	  ->  Bitmap Index Scan on sbtest2_pkey  (cost=0.00..22.29 rows=985 width=0)
	        Index Cond: ((id >= 9429245) AND (id <= 9430244))

table 3 : explain SELECT c FROM sbtest3 WHERE id BETWEEN 883509 AND 884508
	Bitmap Heap Scan on sbtest3  (cost=22.88..3931.87 rows=1019 width=121)
	  Recheck Cond: ((id >= 883509) AND (id <= 884508))
	  ->  Bitmap Index Scan on sbtest3_pkey  (cost=0.00..22.62 rows=1019 width=0)
	        Index Cond: ((id >= 883509) AND (id <= 884508))

table 4 : explain SELECT c FROM sbtest4 WHERE id BETWEEN 907780 AND 908779
	Bitmap Heap Scan on sbtest4  (cost=22.30..3717.16 rows=962 width=121)
	  Recheck Cond: ((id >= 907780) AND (id <= 908779))
	  ->  Bitmap Index Scan on sbtest4_pkey  (cost=0.00..22.05 rows=962 width=0)
	        Index Cond: ((id >= 907780) AND (id <= 908779))

table 5 : explain SELECT c FROM sbtest5 WHERE id BETWEEN 1419317 AND 1420316
	Bitmap Heap Scan on sbtest5  (cost=21.76..3522.12 rows=910 width=121)
	  Recheck Cond: ((id >= 1419317) AND (id <= 1420316))
	  ->  Bitmap Index Scan on sbtest5_pkey  (cost=0.00..21.54 rows=910 width=0)
	        Index Cond: ((id >= 1419317) AND (id <= 1420316))

table 6 : explain SELECT c FROM sbtest6 WHERE id BETWEEN 8212865 AND 8213864
	Bitmap Heap Scan on sbtest6  (cost=22.51..3796.74 rows=983 width=121)
	  Recheck Cond: ((id >= 8212865) AND (id <= 8213864))
	  ->  Bitmap Index Scan on sbtest6_pkey  (cost=0.00..22.26 rows=983 width=0)
	        Index Cond: ((id >= 8212865) AND (id <= 8213864))

table 7 : explain SELECT c FROM sbtest7 WHERE id BETWEEN 7373287 AND 7374286
	Bitmap Heap Scan on sbtest7  (cost=21.67..3488.29 rows=901 width=121)
	  Recheck Cond: ((id >= 7373287) AND (id <= 7374286))
	  ->  Bitmap Index Scan on sbtest7_pkey  (cost=0.00..21.44 rows=901 width=0)
	        Index Cond: ((id >= 7373287) AND (id <= 7374286))

table 8 : explain SELECT c FROM sbtest8 WHERE id BETWEEN 4499261 AND 4500260
	Bitmap Heap Scan on sbtest8  (cost=22.19..3680.81 rows=952 width=121)
	  Recheck Cond: ((id >= 4499261) AND (id <= 4500260))
	  ->  Bitmap Index Scan on sbtest8_pkey  (cost=0.00..21.95 rows=952 width=0)
	        Index Cond: ((id >= 4499261) AND (id <= 4500260))

for: sum_ranges
table 1 : explain SELECT SUM(k) FROM sbtest1 WHERE id BETWEEN 4958904 AND 4959903
	Aggregate  (cost=3776.33..3776.34 rows=1 width=8)
	  ->  Bitmap Heap Scan on sbtest1  (cost=22.45..3773.89 rows=977 width=4)
	        Recheck Cond: ((id >= 4958904) AND (id <= 4959903))
	        ->  Bitmap Index Scan on sbtest1_pkey  (cost=0.00..22.20 rows=977 width=0)
	              Index Cond: ((id >= 4958904) AND (id <= 4959903))

table 2 : explain SELECT SUM(k) FROM sbtest2 WHERE id BETWEEN 6348916 AND 6349915
	Aggregate  (cost=4096.11..4096.12 rows=1 width=8)
	  ->  Bitmap Heap Scan on sbtest2  (cost=23.32..4093.45 rows=1062 width=4)
	        Recheck Cond: ((id >= 6348916) AND (id <= 6349915))
	        ->  Bitmap Index Scan on sbtest2_pkey  (cost=0.00..23.05 rows=1062 width=0)
	              Index Cond: ((id >= 6348916) AND (id <= 6349915))

table 3 : explain SELECT SUM(k) FROM sbtest3 WHERE id BETWEEN 5157080 AND 5158079
	Aggregate  (cost=3768.63..3768.64 rows=1 width=8)
	  ->  Bitmap Heap Scan on sbtest3  (cost=22.43..3766.19 rows=975 width=4)
	        Recheck Cond: ((id >= 5157080) AND (id <= 5158079))
	        ->  Bitmap Index Scan on sbtest3_pkey  (cost=0.00..22.18 rows=975 width=0)
	              Index Cond: ((id >= 5157080) AND (id <= 5158079))

table 4 : explain SELECT SUM(k) FROM sbtest4 WHERE id BETWEEN 4560817 AND 4561816
	Aggregate  (cost=3791.22..3791.23 rows=1 width=8)
	  ->  Bitmap Heap Scan on sbtest4  (cost=22.49..3788.77 rows=981 width=4)
	        Recheck Cond: ((id >= 4560817) AND (id <= 4561816))
	        ->  Bitmap Index Scan on sbtest4_pkey  (cost=0.00..22.25 rows=981 width=0)
	              Index Cond: ((id >= 4560817) AND (id <= 4561816))

table 5 : explain SELECT SUM(k) FROM sbtest5 WHERE id BETWEEN 1591039 AND 1592038
	Aggregate  (cost=3965.92..3965.93 rows=1 width=8)
	  ->  Bitmap Heap Scan on sbtest5  (cost=22.96..3963.35 rows=1027 width=4)
	        Recheck Cond: ((id >= 1591039) AND (id <= 1592038))
	        ->  Bitmap Index Scan on sbtest5_pkey  (cost=0.00..22.70 rows=1027 width=0)
	              Index Cond: ((id >= 1591039) AND (id <= 1592038))

table 6 : explain SELECT SUM(k) FROM sbtest6 WHERE id BETWEEN 5105853 AND 5106852
	Aggregate  (cost=3727.53..3727.54 rows=1 width=8)
	  ->  Bitmap Heap Scan on sbtest6  (cost=22.32..3725.12 rows=964 width=4)
	        Recheck Cond: ((id >= 5105853) AND (id <= 5106852))
	        ->  Bitmap Index Scan on sbtest6_pkey  (cost=0.00..22.07 rows=964 width=0)
	              Index Cond: ((id >= 5105853) AND (id <= 5106852))

table 7 : explain SELECT SUM(k) FROM sbtest7 WHERE id BETWEEN 1821658 AND 1822657
	Aggregate  (cost=3709.73..3709.74 rows=1 width=8)
	  ->  Bitmap Heap Scan on sbtest7  (cost=22.26..3707.33 rows=959 width=4)
	        Recheck Cond: ((id >= 1821658) AND (id <= 1822657))
	        ->  Bitmap Index Scan on sbtest7_pkey  (cost=0.00..22.02 rows=959 width=0)
	              Index Cond: ((id >= 1821658) AND (id <= 1822657))

table 8 : explain SELECT SUM(k) FROM sbtest8 WHERE id BETWEEN 3245100 AND 3246099
	Aggregate  (cost=4222.06..4222.07 rows=1 width=8)
	  ->  Bitmap Heap Scan on sbtest8  (cost=27.65..4219.33 rows=1094 width=4)
	        Recheck Cond: ((id >= 3245100) AND (id <= 3246099))
	        ->  Bitmap Index Scan on sbtest8_pkey  (cost=0.00..27.37 rows=1094 width=0)
	              Index Cond: ((id >= 3245100) AND (id <= 3246099))

for: sum_ranges
table 1 : explain SELECT SUM(k) FROM sbtest1 WHERE id BETWEEN 4666245 AND 4667244
	Aggregate  (cost=3972.24..3972.25 rows=1 width=8)
	  ->  Bitmap Heap Scan on sbtest1  (cost=22.98..3969.66 rows=1029 width=4)
	        Recheck Cond: ((id >= 4666245) AND (id <= 4667244))
	        ->  Bitmap Index Scan on sbtest1_pkey  (cost=0.00..22.72 rows=1029 width=0)
	              Index Cond: ((id >= 4666245) AND (id <= 4667244))

table 2 : explain SELECT SUM(k) FROM sbtest2 WHERE id BETWEEN 4690318 AND 4691317
	Aggregate  (cost=4126.18..4126.19 rows=1 width=8)
	  ->  Bitmap Heap Scan on sbtest2  (cost=23.40..4123.50 rows=1070 width=4)
	        Recheck Cond: ((id >= 4690318) AND (id <= 4691317))
	        ->  Bitmap Index Scan on sbtest2_pkey  (cost=0.00..23.14 rows=1070 width=0)
	              Index Cond: ((id >= 4690318) AND (id <= 4691317))

table 3 : explain SELECT SUM(k) FROM sbtest3 WHERE id BETWEEN 131832 AND 132831
	Aggregate  (cost=3862.86..3862.87 rows=1 width=8)
	  ->  Bitmap Heap Scan on sbtest3  (cost=22.68..3860.36 rows=1000 width=4)
	        Recheck Cond: ((id >= 131832) AND (id <= 132831))
	        ->  Bitmap Index Scan on sbtest3_pkey  (cost=0.00..22.43 rows=1000 width=0)
	              Index Cond: ((id >= 131832) AND (id <= 132831))

table 4 : explain SELECT SUM(k) FROM sbtest4 WHERE id BETWEEN 6155733 AND 6156732
	Aggregate  (cost=3685.61..3685.62 rows=1 width=8)
	  ->  Bitmap Heap Scan on sbtest4  (cost=22.20..3683.23 rows=953 width=4)
	        Recheck Cond: ((id >= 6155733) AND (id <= 6156732))
	        ->  Bitmap Index Scan on sbtest4_pkey  (cost=0.00..21.96 rows=953 width=0)
	              Index Cond: ((id >= 6155733) AND (id <= 6156732))

table 5 : explain SELECT SUM(k) FROM sbtest5 WHERE id BETWEEN 9647867 AND 9648866
	Aggregate  (cost=3588.66..3588.67 rows=1 width=8)
	  ->  Bitmap Heap Scan on sbtest5  (cost=21.94..3586.35 rows=927 width=4)
	        Recheck Cond: ((id >= 9647867) AND (id <= 9648866))
	        ->  Bitmap Index Scan on sbtest5_pkey  (cost=0.00..21.70 rows=927 width=0)
	              Index Cond: ((id >= 9647867) AND (id <= 9648866))

table 6 : explain SELECT SUM(k) FROM sbtest6 WHERE id BETWEEN 7912844 AND 7913843
	Aggregate  (cost=4344.82..4344.83 rows=1 width=8)
	  ->  Bitmap Heap Scan on sbtest6  (cost=28.00..4342.00 rows=1128 width=4)
	        Recheck Cond: ((id >= 7912844) AND (id <= 7913843))
	        ->  Bitmap Index Scan on sbtest6_pkey  (cost=0.00..27.71 rows=1128 width=0)
	              Index Cond: ((id >= 7912844) AND (id <= 7913843))

table 7 : explain SELECT SUM(k) FROM sbtest7 WHERE id BETWEEN 8852521 AND 8853520
	Aggregate  (cost=3875.71..3875.72 rows=1 width=8)
	  ->  Bitmap Heap Scan on sbtest7  (cost=22.72..3873.20 rows=1003 width=4)
	        Recheck Cond: ((id >= 8852521) AND (id <= 8853520))
	        ->  Bitmap Index Scan on sbtest7_pkey  (cost=0.00..22.46 rows=1003 width=0)
	              Index Cond: ((id >= 8852521) AND (id <= 8853520))

table 8 : explain SELECT SUM(k) FROM sbtest8 WHERE id BETWEEN 4259069 AND 4260068
	Aggregate  (cost=3664.31..3664.32 rows=1 width=8)
	  ->  Bitmap Heap Scan on sbtest8  (cost=22.14..3661.94 rows=947 width=4)
	        Recheck Cond: ((id >= 4259069) AND (id <= 4260068))
	        ->  Bitmap Index Scan on sbtest8_pkey  (cost=0.00..21.90 rows=947 width=0)
	              Index Cond: ((id >= 4259069) AND (id <= 4260068))

explain: for point_selects :: explain SELECT c FROM sbtest%u WHERE id=%u
for: sum_ranges
table 1 : explain SELECT SUM(k) FROM sbtest1 WHERE id BETWEEN 3838928 AND 3839927
	Aggregate  (cost=4130.21..4130.22 rows=1 width=8)
	  ->  Bitmap Heap Scan on sbtest1  (cost=23.41..4127.53 rows=1071 width=4)
	        Recheck Cond: ((id >= 3838928) AND (id <= 3839927))
	        ->  Bitmap Index Scan on sbtest1_pkey  (cost=0.00..23.14 rows=1071 width=0)
	              Index Cond: ((id >= 3838928) AND (id <= 3839927))

table 2 : explain SELECT SUM(k) FROM sbtest2 WHERE id BETWEEN 3283811 AND 3284810
	Aggregate  (cost=3930.57..3930.58 rows=1 width=8)
	  ->  Bitmap Heap Scan on sbtest2  (cost=22.87..3928.03 rows=1018 width=4)
	        Recheck Cond: ((id >= 3283811) AND (id <= 3284810))
	        ->  Bitmap Index Scan on sbtest2_pkey  (cost=0.00..22.61 rows=1018 width=0)
	              Index Cond: ((id >= 3283811) AND (id <= 3284810))

table 3 : explain SELECT SUM(k) FROM sbtest3 WHERE id BETWEEN 8865891 AND 8866890
	Aggregate  (cost=3742.23..3742.24 rows=1 width=8)
	  ->  Bitmap Heap Scan on sbtest3  (cost=22.36..3739.81 rows=968 width=4)
	        Recheck Cond: ((id >= 8865891) AND (id <= 8866890))
	        ->  Bitmap Index Scan on sbtest3_pkey  (cost=0.00..22.11 rows=968 width=0)
	              Index Cond: ((id >= 8865891) AND (id <= 8866890))

table 4 : explain SELECT SUM(k) FROM sbtest4 WHERE id BETWEEN 3828769 AND 3829768
	Aggregate  (cost=4035.99..4036.00 rows=1 width=8)
	  ->  Bitmap Heap Scan on sbtest4  (cost=23.16..4033.37 rows=1046 width=4)
	        Recheck Cond: ((id >= 3828769) AND (id <= 3829768))
	        ->  Bitmap Index Scan on sbtest4_pkey  (cost=0.00..22.89 rows=1046 width=0)
	              Index Cond: ((id >= 3828769) AND (id <= 3829768))

table 5 : explain SELECT SUM(k) FROM sbtest5 WHERE id BETWEEN 3641478 AND 3642477
	Aggregate  (cost=3980.98..3980.99 rows=1 width=8)
	  ->  Bitmap Heap Scan on sbtest5  (cost=23.00..3978.40 rows=1031 width=4)
	        Recheck Cond: ((id >= 3641478) AND (id <= 3642477))
	        ->  Bitmap Index Scan on sbtest5_pkey  (cost=0.00..22.75 rows=1031 width=0)
	              Index Cond: ((id >= 3641478) AND (id <= 3642477))

table 6 : explain SELECT SUM(k) FROM sbtest6 WHERE id BETWEEN 8861816 AND 8862815
	Aggregate  (cost=3870.81..3870.82 rows=1 width=8)
	  ->  Bitmap Heap Scan on sbtest6  (cost=22.71..3868.30 rows=1002 width=4)
	        Recheck Cond: ((id >= 8861816) AND (id <= 8862815))
	        ->  Bitmap Index Scan on sbtest6_pkey  (cost=0.00..22.45 rows=1002 width=0)
	              Index Cond: ((id >= 8861816) AND (id <= 8862815))

table 7 : explain SELECT SUM(k) FROM sbtest7 WHERE id BETWEEN 3718590 AND 3719589
	Aggregate  (cost=3603.97..3603.98 rows=1 width=8)
	  ->  Bitmap Heap Scan on sbtest7  (cost=21.98..3601.65 rows=931 width=4)
	        Recheck Cond: ((id >= 3718590) AND (id <= 3719589))
	        ->  Bitmap Index Scan on sbtest7_pkey  (cost=0.00..21.75 rows=931 width=0)
	              Index Cond: ((id >= 3718590) AND (id <= 3719589))

table 8 : explain SELECT SUM(k) FROM sbtest8 WHERE id BETWEEN 2616084 AND 2617083
	Aggregate  (cost=3467.74..3467.75 rows=1 width=8)
	  ->  Bitmap Heap Scan on sbtest8  (cost=21.61..3465.51 rows=895 width=4)
	        Recheck Cond: ((id >= 2616084) AND (id <= 2617083))
	        ->  Bitmap Index Scan on sbtest8_pkey  (cost=0.00..21.39 rows=895 width=0)
	              Index Cond: ((id >= 2616084) AND (id <= 2617083))

for: sum_ranges
table 1 : explain SELECT SUM(k) FROM sbtest1 WHERE id BETWEEN 9226916 AND 9227915
	Aggregate  (cost=3972.24..3972.25 rows=1 width=8)
	  ->  Bitmap Heap Scan on sbtest1  (cost=22.98..3969.66 rows=1029 width=4)
	        Recheck Cond: ((id >= 9226916) AND (id <= 9227915))
	        ->  Bitmap Index Scan on sbtest1_pkey  (cost=0.00..22.72 rows=1029 width=0)
	              Index Cond: ((id >= 9226916) AND (id <= 9227915))

table 2 : explain SELECT SUM(k) FROM sbtest2 WHERE id BETWEEN 8016291 AND 8017290
	Aggregate  (cost=3877.85..3877.86 rows=1 width=8)
	  ->  Bitmap Heap Scan on sbtest2  (cost=22.73..3875.34 rows=1004 width=4)
	        Recheck Cond: ((id >= 8016291) AND (id <= 8017290))
	        ->  Bitmap Index Scan on sbtest2_pkey  (cost=0.00..22.47 rows=1004 width=0)
	              Index Cond: ((id >= 8016291) AND (id <= 8017290))

table 3 : explain SELECT SUM(k) FROM sbtest3 WHERE id BETWEEN 5684906 AND 5685905
	Aggregate  (cost=3896.76..3896.77 rows=1 width=8)
	  ->  Bitmap Heap Scan on sbtest3  (cost=22.78..3894.24 rows=1009 width=4)
	        Recheck Cond: ((id >= 5684906) AND (id <= 5685905))
	        ->  Bitmap Index Scan on sbtest3_pkey  (cost=0.00..22.52 rows=1009 width=0)
	              Index Cond: ((id >= 5684906) AND (id <= 5685905))

table 4 : explain SELECT SUM(k) FROM sbtest4 WHERE id BETWEEN 4424334 AND 4425333
	Aggregate  (cost=4152.54..4152.55 rows=1 width=8)
	  ->  Bitmap Heap Scan on sbtest4  (cost=23.47..4149.84 rows=1077 width=4)
	        Recheck Cond: ((id >= 4424334) AND (id <= 4425333))
	        ->  Bitmap Index Scan on sbtest4_pkey  (cost=0.00..23.20 rows=1077 width=0)
	              Index Cond: ((id >= 4424334) AND (id <= 4425333))

table 5 : explain SELECT SUM(k) FROM sbtest5 WHERE id BETWEEN 9441324 AND 9442323
	Aggregate  (cost=3505.49..3505.50 rows=1 width=8)
	  ->  Bitmap Heap Scan on sbtest5  (cost=21.71..3503.23 rows=905 width=4)
	        Recheck Cond: ((id >= 9441324) AND (id <= 9442323))
	        ->  Bitmap Index Scan on sbtest5_pkey  (cost=0.00..21.48 rows=905 width=0)
	              Index Cond: ((id >= 9441324) AND (id <= 9442323))

table 6 : explain SELECT SUM(k) FROM sbtest6 WHERE id BETWEEN 1089519 AND 1090518
	Aggregate  (cost=4036.47..4036.48 rows=1 width=8)
	  ->  Bitmap Heap Scan on sbtest6  (cost=23.16..4033.85 rows=1046 width=4)
	        Recheck Cond: ((id >= 1089519) AND (id <= 1090518))
	        ->  Bitmap Index Scan on sbtest6_pkey  (cost=0.00..22.89 rows=1046 width=0)
	              Index Cond: ((id >= 1089519) AND (id <= 1090518))

table 7 : explain SELECT SUM(k) FROM sbtest7 WHERE id BETWEEN 6741346 AND 6742345
	Aggregate  (cost=4143.02..4143.03 rows=1 width=8)
	  ->  Bitmap Heap Scan on sbtest7  (cost=23.44..4140.33 rows=1074 width=4)
	        Recheck Cond: ((id >= 6741346) AND (id <= 6742345))
	        ->  Bitmap Index Scan on sbtest7_pkey  (cost=0.00..23.18 rows=1074 width=0)
	              Index Cond: ((id >= 6741346) AND (id <= 6742345))

table 8 : explain SELECT SUM(k) FROM sbtest8 WHERE id BETWEEN 1970882 AND 1971881
	Aggregate  (cost=3819.03..3819.04 rows=1 width=8)
	  ->  Bitmap Heap Scan on sbtest8  (cost=22.56..3816.56 rows=988 width=4)
	        Recheck Cond: ((id >= 1970882) AND (id <= 1971881))
	        ->  Bitmap Index Scan on sbtest8_pkey  (cost=0.00..22.32 rows=988 width=0)
	              Index Cond: ((id >= 1970882) AND (id <= 1971881))

for point_selects
table 1 : explain SELECT c FROM sbtest1 WHERE id=4121236
	Index Scan using sbtest1_pkey on sbtest1  (cost=0.43..8.45 rows=1 width=121)
	  Index Cond: (id = 4121236)

table 2 : explain SELECT c FROM sbtest2 WHERE id=2888716
	Index Scan using sbtest2_pkey on sbtest2  (cost=0.43..8.45 rows=1 width=121)
	  Index Cond: (id = 2888716)

table 3 : explain SELECT c FROM sbtest3 WHERE id=9360572
	Index Scan using sbtest3_pkey on sbtest3  (cost=0.43..8.45 rows=1 width=121)
	  Index Cond: (id = 9360572)

table 4 : explain SELECT c FROM sbtest4 WHERE id=9125365
	Index Scan using sbtest4_pkey on sbtest4  (cost=0.43..8.45 rows=1 width=121)
	  Index Cond: (id = 9125365)

table 5 : explain SELECT c FROM sbtest5 WHERE id=4017797
	Index Scan using sbtest5_pkey on sbtest5  (cost=0.43..8.45 rows=1 width=121)
	  Index Cond: (id = 4017797)

table 6 : explain SELECT c FROM sbtest6 WHERE id=9863651
	Index Scan using sbtest6_pkey on sbtest6  (cost=0.43..8.45 rows=1 width=121)
	  Index Cond: (id = 9863651)

table 7 : explain SELECT c FROM sbtest7 WHERE id=1036823
	Index Scan using sbtest7_pkey on sbtest7  (cost=0.43..8.45 rows=1 width=121)
	  Index Cond: (id = 1036823)

table 8 : explain SELECT c FROM sbtest8 WHERE id=5507203
	Index Scan using sbtest8_pkey on sbtest8  (cost=0.43..8.45 rows=1 width=121)
	  Index Cond: (id = 5507203)

explain: for point_selects :: explain SELECT c FROM sbtest%u WHERE id=%u
for: sum_ranges
table 1 : explain SELECT SUM(k) FROM sbtest1 WHERE id BETWEEN 2179666 AND 2180665
	Aggregate  (cost=3478.03..3478.04 rows=1 width=8)
	  ->  Bitmap Heap Scan on sbtest1  (cost=21.64..3475.78 rows=898 width=4)
	        Recheck Cond: ((id >= 2179666) AND (id <= 2180665))
	        ->  Bitmap Index Scan on sbtest1_pkey  (cost=0.00..21.41 rows=898 width=0)
	              Index Cond: ((id >= 2179666) AND (id <= 2180665))

table 2 : explain SELECT SUM(k) FROM sbtest2 WHERE id BETWEEN 6635303 AND 6636302
	Aggregate  (cost=3987.03..3987.04 rows=1 width=8)
	  ->  Bitmap Heap Scan on sbtest2  (cost=23.02..3984.45 rows=1033 width=4)
	        Recheck Cond: ((id >= 6635303) AND (id <= 6636302))
	        ->  Bitmap Index Scan on sbtest2_pkey  (cost=0.00..22.76 rows=1033 width=0)
	              Index Cond: ((id >= 6635303) AND (id <= 6636302))

table 3 : explain SELECT SUM(k) FROM sbtest3 WHERE id BETWEEN 2865291 AND 2866290
	Aggregate  (cost=3375.74..3375.75 rows=1 width=8)
	  ->  Bitmap Heap Scan on sbtest3  (cost=21.36..3373.56 rows=871 width=4)
	        Recheck Cond: ((id >= 2865291) AND (id <= 2866290))
	        ->  Bitmap Index Scan on sbtest3_pkey  (cost=0.00..21.14 rows=871 width=0)
	              Index Cond: ((id >= 2865291) AND (id <= 2866290))

table 4 : explain SELECT SUM(k) FROM sbtest4 WHERE id BETWEEN 4503865 AND 4504864
	Aggregate  (cost=4239.20..4239.21 rows=1 width=8)
	  ->  Bitmap Heap Scan on sbtest4  (cost=27.71..4236.45 rows=1100 width=4)
	        Recheck Cond: ((id >= 4503865) AND (id <= 4504864))
	        ->  Bitmap Index Scan on sbtest4_pkey  (cost=0.00..27.43 rows=1100 width=0)
	              Index Cond: ((id >= 4503865) AND (id <= 4504864))

table 5 : explain SELECT SUM(k) FROM sbtest5 WHERE id BETWEEN 5429253 AND 5430252
	Aggregate  (cost=4112.69..4112.70 rows=1 width=8)
	  ->  Bitmap Heap Scan on sbtest5  (cost=23.36..4110.03 rows=1066 width=4)
	        Recheck Cond: ((id >= 5429253) AND (id <= 5430252))
	        ->  Bitmap Index Scan on sbtest5_pkey  (cost=0.00..23.09 rows=1066 width=0)
	              Index Cond: ((id >= 5429253) AND (id <= 5430252))

table 6 : explain SELECT SUM(k) FROM sbtest6 WHERE id BETWEEN 8522999 AND 8523998
	Aggregate  (cost=3806.73..3806.74 rows=1 width=8)
	  ->  Bitmap Heap Scan on sbtest6  (cost=22.53..3804.27 rows=985 width=4)
	        Recheck Cond: ((id >= 8522999) AND (id <= 8523998))
	        ->  Bitmap Index Scan on sbtest6_pkey  (cost=0.00..22.29 rows=985 width=0)
	              Index Cond: ((id >= 8522999) AND (id <= 8523998))

table 7 : explain SELECT SUM(k) FROM sbtest7 WHERE id BETWEEN 3434074 AND 3435073
	Aggregate  (cost=3913.40..3913.41 rows=1 width=8)
	  ->  Bitmap Heap Scan on sbtest7  (cost=22.82..3910.87 rows=1013 width=4)
	        Recheck Cond: ((id >= 3434074) AND (id <= 3435073))
	        ->  Bitmap Index Scan on sbtest7_pkey  (cost=0.00..22.57 rows=1013 width=0)
	              Index Cond: ((id >= 3434074) AND (id <= 3435073))

table 8 : explain SELECT SUM(k) FROM sbtest8 WHERE id BETWEEN 9808984 AND 9809983
	Aggregate  (cost=3928.34..3928.35 rows=1 width=8)
	  ->  Bitmap Heap Scan on sbtest8  (cost=22.86..3925.80 rows=1017 width=4)
	        Recheck Cond: ((id >= 9808984) AND (id <= 9809983))
	        ->  Bitmap Index Scan on sbtest8_pkey  (cost=0.00..22.61 rows=1017 width=0)
	              Index Cond: ((id >= 9808984) AND (id <= 9809983))

for: order_ranges
table 1 : explain SELECT c FROM sbtest1 WHERE id BETWEEN 4144424 AND 4145423 ORDER BY c
	Sort  (cost=3837.71..3840.16 rows=981 width=121)
	  Sort Key: c
	  ->  Bitmap Heap Scan on sbtest1  (cost=22.49..3788.96 rows=981 width=121)
	        Recheck Cond: ((id >= 4144424) AND (id <= 4145423))
	        ->  Bitmap Index Scan on sbtest1_pkey  (cost=0.00..22.25 rows=981 width=0)
	              Index Cond: ((id >= 4144424) AND (id <= 4145423))

table 2 : explain SELECT c FROM sbtest2 WHERE id BETWEEN 7577008 AND 7578007 ORDER BY c
	Sort  (cost=3634.61..3636.93 rows=928 width=121)
	  Sort Key: c
	  ->  Bitmap Heap Scan on sbtest2  (cost=21.95..3588.87 rows=928 width=121)
	        Recheck Cond: ((id >= 7577008) AND (id <= 7578007))
	        ->  Bitmap Index Scan on sbtest2_pkey  (cost=0.00..21.71 rows=928 width=0)
	              Index Cond: ((id >= 7577008) AND (id <= 7578007))

table 3 : explain SELECT c FROM sbtest3 WHERE id BETWEEN 7241118 AND 7242117 ORDER BY c
	Sort  (cost=3799.29..3801.72 rows=971 width=121)
	  Sort Key: c
	  ->  Bitmap Heap Scan on sbtest3  (cost=22.39..3751.12 rows=971 width=121)
	        Recheck Cond: ((id >= 7241118) AND (id <= 7242117))
	        ->  Bitmap Index Scan on sbtest3_pkey  (cost=0.00..22.14 rows=971 width=0)
	              Index Cond: ((id >= 7241118) AND (id <= 7242117))

table 4 : explain SELECT c FROM sbtest4 WHERE id BETWEEN 1527579 AND 1528578 ORDER BY c
	Sort  (cost=4192.65..4195.33 rows=1074 width=121)
	  Sort Key: c
	  ->  Bitmap Heap Scan on sbtest4  (cost=23.44..4138.58 rows=1074 width=121)
	        Recheck Cond: ((id >= 1527579) AND (id <= 1528578))
	        ->  Bitmap Index Scan on sbtest4_pkey  (cost=0.00..23.18 rows=1074 width=0)
	              Index Cond: ((id >= 1527579) AND (id <= 1528578))

table 5 : explain SELECT c FROM sbtest5 WHERE id BETWEEN 9199071 AND 9200070 ORDER BY c
	Sort  (cost=3524.65..3526.90 rows=899 width=121)
	  Sort Key: c
	  ->  Bitmap Heap Scan on sbtest5  (cost=21.65..3480.55 rows=899 width=121)
	        Recheck Cond: ((id >= 9199071) AND (id <= 9200070))
	        ->  Bitmap Index Scan on sbtest5_pkey  (cost=0.00..21.43 rows=899 width=0)
	              Index Cond: ((id >= 9199071) AND (id <= 9200070))

table 6 : explain SELECT c FROM sbtest6 WHERE id BETWEEN 7672067 AND 7673066 ORDER BY c
	Sort  (cost=3811.17..3813.60 rows=974 width=121)
	  Sort Key: c
	  ->  Bitmap Heap Scan on sbtest6  (cost=22.42..3762.82 rows=974 width=121)
	        Recheck Cond: ((id >= 7672067) AND (id <= 7673066))
	        ->  Bitmap Index Scan on sbtest6_pkey  (cost=0.00..22.18 rows=974 width=0)
	              Index Cond: ((id >= 7672067) AND (id <= 7673066))

table 7 : explain SELECT c FROM sbtest7 WHERE id BETWEEN 4747605 AND 4748604 ORDER BY c
	Sort  (cost=3984.37..3986.92 rows=1019 width=121)
	  Sort Key: c
	  ->  Bitmap Heap Scan on sbtest7  (cost=22.88..3933.46 rows=1019 width=121)
	        Recheck Cond: ((id >= 4747605) AND (id <= 4748604))
	        ->  Bitmap Index Scan on sbtest7_pkey  (cost=0.00..22.62 rows=1019 width=0)
	              Index Cond: ((id >= 4747605) AND (id <= 4748604))

table 8 : explain SELECT c FROM sbtest8 WHERE id BETWEEN 6964451 AND 6965450 ORDER BY c
	Sort  (cost=3961.31..3963.84 rows=1013 width=121)
	  Sort Key: c
	  ->  Bitmap Heap Scan on sbtest8  (cost=22.82..3910.74 rows=1013 width=121)
	        Recheck Cond: ((id >= 6964451) AND (id <= 6965450))
	        ->  Bitmap Index Scan on sbtest8_pkey  (cost=0.00..22.57 rows=1013 width=0)
	              Index Cond: ((id >= 6964451) AND (id <= 6965450))

explain: for point_selects :: explain SELECT c FROM sbtest%u WHERE id=%u
explain: for point_selects :: explain SELECT c FROM sbtest%u WHERE id=%u
for: simple_ranges
table 1 : explain SELECT c FROM sbtest1 WHERE id BETWEEN 1643796 AND 1644795
	Bitmap Heap Scan on sbtest1  (cost=22.45..3773.89 rows=977 width=121)
	  Recheck Cond: ((id >= 1643796) AND (id <= 1644795))
	  ->  Bitmap Index Scan on sbtest1_pkey  (cost=0.00..22.20 rows=977 width=0)
	        Index Cond: ((id >= 1643796) AND (id <= 1644795))

table 2 : explain SELECT c FROM sbtest2 WHERE id BETWEEN 9179282 AND 9180281
	Bitmap Heap Scan on sbtest2  (cost=21.80..3536.01 rows=914 width=121)
	  Recheck Cond: ((id >= 9179282) AND (id <= 9180281))
	  ->  Bitmap Index Scan on sbtest2_pkey  (cost=0.00..21.57 rows=914 width=0)
	        Index Cond: ((id >= 9179282) AND (id <= 9180281))

table 3 : explain SELECT c FROM sbtest3 WHERE id BETWEEN 1435474 AND 1436473
	Bitmap Heap Scan on sbtest3  (cost=23.15..4029.65 rows=1045 width=121)
	  Recheck Cond: ((id >= 1435474) AND (id <= 1436473))
	  ->  Bitmap Index Scan on sbtest3_pkey  (cost=0.00..22.89 rows=1045 width=0)
	        Index Cond: ((id >= 1435474) AND (id <= 1436473))

table 4 : explain SELECT c FROM sbtest4 WHERE id BETWEEN 6226059 AND 6227058
	Bitmap Heap Scan on sbtest4  (cost=22.29..3713.39 rows=961 width=121)
	  Recheck Cond: ((id >= 6226059) AND (id <= 6227058))
	  ->  Bitmap Index Scan on sbtest4_pkey  (cost=0.00..22.04 rows=961 width=0)
	        Index Cond: ((id >= 6226059) AND (id <= 6227058))

table 5 : explain SELECT c FROM sbtest5 WHERE id BETWEEN 2266213 AND 2267212
	Bitmap Heap Scan on sbtest5  (cost=23.17..4038.59 rows=1047 width=121)
	  Recheck Cond: ((id >= 2266213) AND (id <= 2267212))
	  ->  Bitmap Index Scan on sbtest5_pkey  (cost=0.00..22.90 rows=1047 width=0)
	        Index Cond: ((id >= 2266213) AND (id <= 2267212))

table 6 : explain SELECT c FROM sbtest6 WHERE id BETWEEN 1849436 AND 1850435
	Bitmap Heap Scan on sbtest6  (cost=27.66..4221.93 rows=1095 width=121)
	  Recheck Cond: ((id >= 1849436) AND (id <= 1850435))
	  ->  Bitmap Index Scan on sbtest6_pkey  (cost=0.00..27.39 rows=1095 width=0)
	        Index Cond: ((id >= 1849436) AND (id <= 1850435))

table 7 : explain SELECT c FROM sbtest7 WHERE id BETWEEN 1912115 AND 1913114
	Bitmap Heap Scan on sbtest7  (cost=23.19..4046.35 rows=1049 width=121)
	  Recheck Cond: ((id >= 1912115) AND (id <= 1913114))
	  ->  Bitmap Index Scan on sbtest7_pkey  (cost=0.00..22.93 rows=1049 width=0)
	        Index Cond: ((id >= 1912115) AND (id <= 1913114))

table 8 : explain SELECT c FROM sbtest8 WHERE id BETWEEN 999885 AND 1000884
	Bitmap Heap Scan on sbtest8  (cost=22.01..3612.86 rows=934 width=121)
	  Recheck Cond: ((id >= 999885) AND (id <= 1000884))
	  ->  Bitmap Index Scan on sbtest8_pkey  (cost=0.00..21.77 rows=934 width=0)
	        Index Cond: ((id >= 999885) AND (id <= 1000884))

explain: for point_selects :: explain SELECT c FROM sbtest%u WHERE id=%u
for: order_ranges
table 1 : explain SELECT c FROM sbtest1 WHERE id BETWEEN 2305551 AND 2306550 ORDER BY c
	Sort  (cost=4250.06..4252.78 rows=1089 width=121)
	  Sort Key: c
	  ->  Bitmap Heap Scan on sbtest1  (cost=23.60..4195.12 rows=1089 width=121)
	        Recheck Cond: ((id >= 2305551) AND (id <= 2306550))
	        ->  Bitmap Index Scan on sbtest1_pkey  (cost=0.00..23.32 rows=1089 width=0)
	              Index Cond: ((id >= 2305551) AND (id <= 2306550))

table 2 : explain SELECT c FROM sbtest2 WHERE id BETWEEN 7216143 AND 7217142 ORDER BY c
	Sort  (cost=4028.53..4031.11 rows=1031 width=121)
	  Sort Key: c
	  ->  Bitmap Heap Scan on sbtest2  (cost=23.00..3976.93 rows=1031 width=121)
	        Recheck Cond: ((id >= 7216143) AND (id <= 7217142))
	        ->  Bitmap Index Scan on sbtest2_pkey  (cost=0.00..22.75 rows=1031 width=0)
	              Index Cond: ((id >= 7216143) AND (id <= 7217142))

table 3 : explain SELECT c FROM sbtest3 WHERE id BETWEEN 4588077 AND 4589076 ORDER BY c
	Sort  (cost=3944.58..3947.10 rows=1009 width=121)
	  Sort Key: c
	  ->  Bitmap Heap Scan on sbtest3  (cost=22.78..3894.24 rows=1009 width=121)
	        Recheck Cond: ((id >= 4588077) AND (id <= 4589076))
	        ->  Bitmap Index Scan on sbtest3_pkey  (cost=0.00..22.52 rows=1009 width=0)
	              Index Cond: ((id >= 4588077) AND (id <= 4589076))

table 4 : explain SELECT c FROM sbtest4 WHERE id BETWEEN 3042773 AND 3043772 ORDER BY c
	Sort  (cost=3910.15..3912.65 rows=1000 width=121)
	  Sort Key: c
	  ->  Bitmap Heap Scan on sbtest4  (cost=22.68..3860.32 rows=1000 width=121)
	        Recheck Cond: ((id >= 3042773) AND (id <= 3043772))
	        ->  Bitmap Index Scan on sbtest4_pkey  (cost=0.00..22.43 rows=1000 width=0)
	              Index Cond: ((id >= 3042773) AND (id <= 3043772))

table 5 : explain SELECT c FROM sbtest5 WHERE id BETWEEN 493826 AND 494825 ORDER BY c
	Sort  (cost=3589.86..3592.15 rows=916 width=121)
	  Sort Key: c
	  ->  Bitmap Heap Scan on sbtest5  (cost=21.82..3544.80 rows=916 width=121)
	        Recheck Cond: ((id >= 493826) AND (id <= 494825))
	        ->  Bitmap Index Scan on sbtest5_pkey  (cost=0.00..21.59 rows=916 width=0)
	              Index Cond: ((id >= 493826) AND (id <= 494825))

table 6 : explain SELECT c FROM sbtest6 WHERE id BETWEEN 6339471 AND 6340470 ORDER BY c
	Sort  (cost=3761.42..3763.82 rows=961 width=121)
	  Sort Key: c
	  ->  Bitmap Heap Scan on sbtest6  (cost=22.29..3713.81 rows=961 width=121)
	        Recheck Cond: ((id >= 6339471) AND (id <= 6340470))
	        ->  Bitmap Index Scan on sbtest6_pkey  (cost=0.00..22.04 rows=961 width=0)
	              Index Cond: ((id >= 6339471) AND (id <= 6340470))

table 7 : explain SELECT c FROM sbtest7 WHERE id BETWEEN 4062386 AND 4063385 ORDER BY c
	Sort  (cost=3995.84..3998.39 rows=1022 width=121)
	  Sort Key: c
	  ->  Bitmap Heap Scan on sbtest7  (cost=22.91..3944.75 rows=1022 width=121)
	        Recheck Cond: ((id >= 4062386) AND (id <= 4063385))
	        ->  Bitmap Index Scan on sbtest7_pkey  (cost=0.00..22.65 rows=1022 width=0)
	              Index Cond: ((id >= 4062386) AND (id <= 4063385))

table 8 : explain SELECT c FROM sbtest8 WHERE id BETWEEN 8514643 AND 8515642 ORDER BY c
	Sort  (cost=4324.19..4326.96 rows=1108 width=121)
	  Sort Key: c
	  ->  Bitmap Heap Scan on sbtest8  (cost=27.79..4268.16 rows=1108 width=121)
	        Recheck Cond: ((id >= 8514643) AND (id <= 8515642))
	        ->  Bitmap Index Scan on sbtest8_pkey  (cost=0.00..27.51 rows=1108 width=0)
	              Index Cond: ((id >= 8514643) AND (id <= 8515642))

for: order_ranges
table 1 : explain SELECT c FROM sbtest1 WHERE id BETWEEN 7654690 AND 7655689 ORDER BY c
	Sort  (cost=3772.67..3775.08 rows=964 width=121)
	  Sort Key: c
	  ->  Bitmap Heap Scan on sbtest1  (cost=22.32..3724.89 rows=964 width=121)
	        Recheck Cond: ((id >= 7654690) AND (id <= 7655689))
	        ->  Bitmap Index Scan on sbtest1_pkey  (cost=0.00..22.07 rows=964 width=0)
	              Index Cond: ((id >= 7654690) AND (id <= 7655689))

table 2 : explain SELECT c FROM sbtest2 WHERE id BETWEEN 79379 AND 80378 ORDER BY c
	Sort  (cost=3971.24..3973.78 rows=1016 width=121)
	  Sort Key: c
	  ->  Bitmap Heap Scan on sbtest2  (cost=22.85..3920.50 rows=1016 width=121)
	        Recheck Cond: ((id >= 79379) AND (id <= 80378))
	        ->  Bitmap Index Scan on sbtest2_pkey  (cost=0.00..22.59 rows=1016 width=0)
	              Index Cond: ((id >= 79379) AND (id <= 80378))

table 3 : explain SELECT c FROM sbtest3 WHERE id BETWEEN 2545982 AND 2546981 ORDER BY c
	Sort  (cost=4432.95..4435.79 rows=1137 width=121)
	  Sort Key: c
	  ->  Bitmap Heap Scan on sbtest3  (cost=28.09..4375.24 rows=1137 width=121)
	        Recheck Cond: ((id >= 2545982) AND (id <= 2546981))
	        ->  Bitmap Index Scan on sbtest3_pkey  (cost=0.00..27.80 rows=1137 width=0)
	              Index Cond: ((id >= 2545982) AND (id <= 2546981))

table 4 : explain SELECT c FROM sbtest4 WHERE id BETWEEN 4844379 AND 4845378 ORDER BY c
	Sort  (cost=3615.49..3617.80 rows=923 width=121)
	  Sort Key: c
	  ->  Bitmap Heap Scan on sbtest4  (cost=21.90..3570.03 rows=923 width=121)
	        Recheck Cond: ((id >= 4844379) AND (id <= 4845378))
	        ->  Bitmap Index Scan on sbtest4_pkey  (cost=0.00..21.66 rows=923 width=0)
	              Index Cond: ((id >= 4844379) AND (id <= 4845378))

table 5 : explain SELECT c FROM sbtest5 WHERE id BETWEEN 9166482 AND 9167481 ORDER BY c
	Sort  (cost=3524.65..3526.90 rows=899 width=121)
	  Sort Key: c
	  ->  Bitmap Heap Scan on sbtest5  (cost=21.65..3480.55 rows=899 width=121)
	        Recheck Cond: ((id >= 9166482) AND (id <= 9167481))
	        ->  Bitmap Index Scan on sbtest5_pkey  (cost=0.00..21.43 rows=899 width=0)
	              Index Cond: ((id >= 9166482) AND (id <= 9167481))

table 6 : explain SELECT c FROM sbtest6 WHERE id BETWEEN 3423081 AND 3424080 ORDER BY c
	Sort  (cost=3994.67..3997.22 rows=1022 width=121)
	  Sort Key: c
	  ->  Bitmap Heap Scan on sbtest6  (cost=22.91..3943.58 rows=1022 width=121)
	        Recheck Cond: ((id >= 3423081) AND (id <= 3424080))
	        ->  Bitmap Index Scan on sbtest6_pkey  (cost=0.00..22.65 rows=1022 width=0)
	              Index Cond: ((id >= 3423081) AND (id <= 3424080))

table 7 : explain SELECT c FROM sbtest7 WHERE id BETWEEN 8352615 AND 8353614 ORDER BY c
	Sort  (cost=3949.97..3952.49 rows=1010 width=121)
	  Sort Key: c
	  ->  Bitmap Heap Scan on sbtest7  (cost=22.79..3899.57 rows=1010 width=121)
	        Recheck Cond: ((id >= 8352615) AND (id <= 8353614))
	        ->  Bitmap Index Scan on sbtest7_pkey  (cost=0.00..22.54 rows=1010 width=0)
	              Index Cond: ((id >= 8352615) AND (id <= 8353614))

table 8 : explain SELECT c FROM sbtest8 WHERE id BETWEEN 4214092 AND 4215091 ORDER BY c
	Sort  (cost=3708.75..3711.12 rows=947 width=121)
	  Sort Key: c
	  ->  Bitmap Heap Scan on sbtest8  (cost=22.14..3661.94 rows=947 width=121)
	        Recheck Cond: ((id >= 4214092) AND (id <= 4215091))
	        ->  Bitmap Index Scan on sbtest8_pkey  (cost=0.00..21.90 rows=947 width=0)
	              Index Cond: ((id >= 4214092) AND (id <= 4215091))

for: sum_ranges
table 1 : explain SELECT SUM(k) FROM sbtest1 WHERE id BETWEEN 5949441 AND 5950440
	Aggregate  (cost=4130.21..4130.22 rows=1 width=8)
	  ->  Bitmap Heap Scan on sbtest1  (cost=23.41..4127.53 rows=1071 width=4)
	        Recheck Cond: ((id >= 5949441) AND (id <= 5950440))
	        ->  Bitmap Index Scan on sbtest1_pkey  (cost=0.00..23.14 rows=1071 width=0)
	              Index Cond: ((id >= 5949441) AND (id <= 5950440))

table 2 : explain SELECT SUM(k) FROM sbtest2 WHERE id BETWEEN 6618900 AND 6619899
	Aggregate  (cost=3987.03..3987.04 rows=1 width=8)
	  ->  Bitmap Heap Scan on sbtest2  (cost=23.02..3984.45 rows=1033 width=4)
	        Recheck Cond: ((id >= 6618900) AND (id <= 6619899))
	        ->  Bitmap Index Scan on sbtest2_pkey  (cost=0.00..22.76 rows=1033 width=0)
	              Index Cond: ((id >= 6618900) AND (id <= 6619899))

table 3 : explain SELECT SUM(k) FROM sbtest3 WHERE id BETWEEN 2395338 AND 2396337
	Aggregate  (cost=3678.09..3678.10 rows=1 width=8)
	  ->  Bitmap Heap Scan on sbtest3  (cost=22.18..3675.71 rows=951 width=4)
	        Recheck Cond: ((id >= 2395338) AND (id <= 2396337))
	        ->  Bitmap Index Scan on sbtest3_pkey  (cost=0.00..21.94 rows=951 width=0)
	              Index Cond: ((id >= 2395338) AND (id <= 2396337))

table 4 : explain SELECT SUM(k) FROM sbtest4 WHERE id BETWEEN 2288190 AND 2289189
	Aggregate  (cost=3772.37..3772.38 rows=1 width=8)
	  ->  Bitmap Heap Scan on sbtest4  (cost=22.44..3769.93 rows=976 width=4)
	        Recheck Cond: ((id >= 2288190) AND (id <= 2289189))
	        ->  Bitmap Index Scan on sbtest4_pkey  (cost=0.00..22.19 rows=976 width=0)
	              Index Cond: ((id >= 2288190) AND (id <= 2289189))

table 5 : explain SELECT SUM(k) FROM sbtest5 WHERE id BETWEEN 9113480 AND 9114479
	Aggregate  (cost=3441.18..3441.19 rows=1 width=8)
	  ->  Bitmap Heap Scan on sbtest5  (cost=21.54..3438.96 rows=888 width=4)
	        Recheck Cond: ((id >= 9113480) AND (id <= 9114479))
	        ->  Bitmap Index Scan on sbtest5_pkey  (cost=0.00..21.32 rows=888 width=0)
	              Index Cond: ((id >= 9113480) AND (id <= 9114479))

table 6 : explain SELECT SUM(k) FROM sbtest6 WHERE id BETWEEN 4756601 AND 4757600
	Aggregate  (cost=3568.96..3568.97 rows=1 width=8)
	  ->  Bitmap Heap Scan on sbtest6  (cost=21.89..3566.65 rows=922 width=4)
	        Recheck Cond: ((id >= 4756601) AND (id <= 4757600))
	        ->  Bitmap Index Scan on sbtest6_pkey  (cost=0.00..21.65 rows=922 width=0)
	              Index Cond: ((id >= 4756601) AND (id <= 4757600))

table 7 : explain SELECT SUM(k) FROM sbtest7 WHERE id BETWEEN 4209070 AND 4210069
	Aggregate  (cost=3664.42..3664.43 rows=1 width=8)
	  ->  Bitmap Heap Scan on sbtest7  (cost=22.14..3662.05 rows=947 width=4)
	        Recheck Cond: ((id >= 4209070) AND (id <= 4210069))
	        ->  Bitmap Index Scan on sbtest7_pkey  (cost=0.00..21.90 rows=947 width=0)
	              Index Cond: ((id >= 4209070) AND (id <= 4210069))

table 8 : explain SELECT SUM(k) FROM sbtest8 WHERE id BETWEEN 5134123 AND 5135122
	Aggregate  (cost=3894.43..3894.44 rows=1 width=8)
	  ->  Bitmap Heap Scan on sbtest8  (cost=22.77..3891.91 rows=1008 width=4)
	        Recheck Cond: ((id >= 5134123) AND (id <= 5135122))
	        ->  Bitmap Index Scan on sbtest8_pkey  (cost=0.00..22.51 rows=1008 width=0)
	              Index Cond: ((id >= 5134123) AND (id <= 5135122))

for: sum_ranges
table 1 : explain SELECT SUM(k) FROM sbtest1 WHERE id BETWEEN 5734044 AND 5735043
	Aggregate  (cost=4062.53..4062.54 rows=1 width=8)
	  ->  Bitmap Heap Scan on sbtest1  (cost=23.23..4059.90 rows=1053 width=4)
	        Recheck Cond: ((id >= 5734044) AND (id <= 5735043))
	        ->  Bitmap Index Scan on sbtest1_pkey  (cost=0.00..22.96 rows=1053 width=0)
	              Index Cond: ((id >= 5734044) AND (id <= 5735043))

table 2 : explain SELECT SUM(k) FROM sbtest2 WHERE id BETWEEN 908507 AND 909506
	Aggregate  (cost=3843.94..3843.95 rows=1 width=8)
	  ->  Bitmap Heap Scan on sbtest2  (cost=22.63..3841.45 rows=995 width=4)
	        Recheck Cond: ((id >= 908507) AND (id <= 909506))
	        ->  Bitmap Index Scan on sbtest2_pkey  (cost=0.00..22.39 rows=995 width=0)
	              Index Cond: ((id >= 908507) AND (id <= 909506))

table 3 : explain SELECT SUM(k) FROM sbtest3 WHERE id BETWEEN 5746106 AND 5747105
	Aggregate  (cost=3926.88..3926.89 rows=1 width=8)
	  ->  Bitmap Heap Scan on sbtest3  (cost=22.86..3924.34 rows=1017 width=4)
	        Recheck Cond: ((id >= 5746106) AND (id <= 5747105))
	        ->  Bitmap Index Scan on sbtest3_pkey  (cost=0.00..22.61 rows=1017 width=0)
	              Index Cond: ((id >= 5746106) AND (id <= 5747105))

table 4 : explain SELECT SUM(k) FROM sbtest4 WHERE id BETWEEN 1694438 AND 1695437
	Aggregate  (cost=3968.26..3968.27 rows=1 width=8)
	  ->  Bitmap Heap Scan on sbtest4  (cost=22.97..3965.69 rows=1028 width=4)
	        Recheck Cond: ((id >= 1694438) AND (id <= 1695437))
	        ->  Bitmap Index Scan on sbtest4_pkey  (cost=0.00..22.71 rows=1028 width=0)
	              Index Cond: ((id >= 1694438) AND (id <= 1695437))

table 5 : explain SELECT SUM(k) FROM sbtest5 WHERE id BETWEEN 279545 AND 280544
	Aggregate  (cost=3762.36..3762.37 rows=1 width=8)
	  ->  Bitmap Heap Scan on sbtest5  (cost=22.41..3759.93 rows=973 width=4)
	        Recheck Cond: ((id >= 279545) AND (id <= 280544))
	        ->  Bitmap Index Scan on sbtest5_pkey  (cost=0.00..22.16 rows=973 width=0)
	              Index Cond: ((id >= 279545) AND (id <= 280544))

table 6 : explain SELECT SUM(k) FROM sbtest6 WHERE id BETWEEN 3337358 AND 3338357
	Aggregate  (cost=3908.48..3908.49 rows=1 width=8)
	  ->  Bitmap Heap Scan on sbtest6  (cost=22.81..3905.95 rows=1012 width=4)
	        Recheck Cond: ((id >= 3337358) AND (id <= 3338357))
	        ->  Bitmap Index Scan on sbtest6_pkey  (cost=0.00..22.55 rows=1012 width=0)
	              Index Cond: ((id >= 3337358) AND (id <= 3338357))

table 7 : explain SELECT SUM(k) FROM sbtest7 WHERE id BETWEEN 777556 AND 778555
	Aggregate  (cost=4109.17..4109.18 rows=1 width=8)
	  ->  Bitmap Heap Scan on sbtest7  (cost=23.35..4106.51 rows=1065 width=4)
	        Recheck Cond: ((id >= 777556) AND (id <= 778555))
	        ->  Bitmap Index Scan on sbtest7_pkey  (cost=0.00..23.08 rows=1065 width=0)
	              Index Cond: ((id >= 777556) AND (id <= 778555))

table 8 : explain SELECT SUM(k) FROM sbtest8 WHERE id BETWEEN 3822315 AND 3823314
	Aggregate  (cost=4161.92..4161.93 rows=1 width=8)
	  ->  Bitmap Heap Scan on sbtest8  (cost=27.48..4159.23 rows=1078 width=4)
	        Recheck Cond: ((id >= 3822315) AND (id <= 3823314))
	        ->  Bitmap Index Scan on sbtest8_pkey  (cost=0.00..27.21 rows=1078 width=0)
	              Index Cond: ((id >= 3822315) AND (id <= 3823314))

for: order_ranges
table 1 : explain SELECT c FROM sbtest1 WHERE id BETWEEN 5108398 AND 5109397 ORDER BY c
	Sort  (cost=3673.13..3675.48 rows=938 width=121)
	  Sort Key: c
	  ->  Bitmap Heap Scan on sbtest1  (cost=22.05..3626.83 rows=938 width=121)
	        Recheck Cond: ((id >= 5108398) AND (id <= 5109397))
	        ->  Bitmap Index Scan on sbtest1_pkey  (cost=0.00..21.82 rows=938 width=0)
	              Index Cond: ((id >= 5108398) AND (id <= 5109397))

table 2 : explain SELECT c FROM sbtest2 WHERE id BETWEEN 402936 AND 403935 ORDER BY c
	Sort  (cost=3695.89..3698.25 rows=944 width=121)
	  Sort Key: c
	  ->  Bitmap Heap Scan on sbtest2  (cost=22.11..3649.24 rows=944 width=121)
	        Recheck Cond: ((id >= 402936) AND (id <= 403935))
	        ->  Bitmap Index Scan on sbtest2_pkey  (cost=0.00..21.87 rows=944 width=0)
	              Index Cond: ((id >= 402936) AND (id <= 403935))

table 3 : explain SELECT c FROM sbtest3 WHERE id BETWEEN 9965443 AND 9966442 ORDER BY c
	Sort  (cost=3665.32..3667.66 rows=936 width=121)
	  Sort Key: c
	  ->  Bitmap Heap Scan on sbtest3  (cost=22.03..3619.13 rows=936 width=121)
	        Recheck Cond: ((id >= 9965443) AND (id <= 9966442))
	        ->  Bitmap Index Scan on sbtest3_pkey  (cost=0.00..21.79 rows=936 width=0)
	              Index Cond: ((id >= 9965443) AND (id <= 9966442))

table 4 : explain SELECT c FROM sbtest4 WHERE id BETWEEN 1348356 AND 1349355 ORDER BY c
	Sort  (cost=3538.83..3541.09 rows=903 width=121)
	  Sort Key: c
	  ->  Bitmap Heap Scan on sbtest4  (cost=21.69..3494.50 rows=903 width=121)
	        Recheck Cond: ((id >= 1348356) AND (id <= 1349355))
	        ->  Bitmap Index Scan on sbtest4_pkey  (cost=0.00..21.46 rows=903 width=0)
	              Index Cond: ((id >= 1348356) AND (id <= 1349355))

table 5 : explain SELECT c FROM sbtest5 WHERE id BETWEEN 4611845 AND 4612844 ORDER BY c
	Sort  (cost=3831.18..3833.63 rows=979 width=121)
	  Sort Key: c
	  ->  Bitmap Heap Scan on sbtest5  (cost=22.47..3782.55 rows=979 width=121)
	        Recheck Cond: ((id >= 4611845) AND (id <= 4612844))
	        ->  Bitmap Index Scan on sbtest5_pkey  (cost=0.00..22.22 rows=979 width=0)
	              Index Cond: ((id >= 4611845) AND (id <= 4612844))

table 6 : explain SELECT c FROM sbtest6 WHERE id BETWEEN 3659176 AND 3660175 ORDER BY c
	Sort  (cost=4002.31..4004.87 rows=1024 width=121)
	  Sort Key: c
	  ->  Bitmap Heap Scan on sbtest6  (cost=22.93..3951.11 rows=1024 width=121)
	        Recheck Cond: ((id >= 3659176) AND (id <= 3660175))
	        ->  Bitmap Index Scan on sbtest6_pkey  (cost=0.00..22.68 rows=1024 width=0)
	              Index Cond: ((id >= 3659176) AND (id <= 3660175))

table 7 : explain SELECT c FROM sbtest7 WHERE id BETWEEN 837125 AND 838124 ORDER BY c
	Sort  (cost=4289.94..4292.69 rows=1098 width=121)
	  Sort Key: c
	  ->  Bitmap Heap Scan on sbtest7  (cost=27.69..4234.49 rows=1098 width=121)
	        Recheck Cond: ((id >= 837125) AND (id <= 838124))
	        ->  Bitmap Index Scan on sbtest7_pkey  (cost=0.00..27.41 rows=1098 width=0)
	              Index Cond: ((id >= 837125) AND (id <= 838124))

table 8 : explain SELECT c FROM sbtest8 WHERE id BETWEEN 6736475 AND 6737474 ORDER BY c
	Sort  (cost=3547.75..3550.01 rows=905 width=121)
	  Sort Key: c
	  ->  Bitmap Heap Scan on sbtest8  (cost=21.71..3503.31 rows=905 width=121)
	        Recheck Cond: ((id >= 6736475) AND (id <= 6737474))
	        ->  Bitmap Index Scan on sbtest8_pkey  (cost=0.00..21.48 rows=905 width=0)
	              Index Cond: ((id >= 6736475) AND (id <= 6737474))

for point_selects
table 1 : explain SELECT c FROM sbtest1 WHERE id=853421
	Index Scan using sbtest1_pkey on sbtest1  (cost=0.43..8.45 rows=1 width=121)
	  Index Cond: (id = 853421)

table 2 : explain SELECT c FROM sbtest2 WHERE id=4012650
	Index Scan using sbtest2_pkey on sbtest2  (cost=0.43..8.45 rows=1 width=121)
	  Index Cond: (id = 4012650)

table 3 : explain SELECT c FROM sbtest3 WHERE id=1596847
	Index Scan using sbtest3_pkey on sbtest3  (cost=0.43..8.45 rows=1 width=121)
	  Index Cond: (id = 1596847)

table 4 : explain SELECT c FROM sbtest4 WHERE id=6075025
	Index Scan using sbtest4_pkey on sbtest4  (cost=0.43..8.45 rows=1 width=121)
	  Index Cond: (id = 6075025)

table 5 : explain SELECT c FROM sbtest5 WHERE id=6320432
	Index Scan using sbtest5_pkey on sbtest5  (cost=0.43..8.45 rows=1 width=121)
	  Index Cond: (id = 6320432)

table 6 : explain SELECT c FROM sbtest6 WHERE id=7483485
	Index Scan using sbtest6_pkey on sbtest6  (cost=0.43..8.45 rows=1 width=121)
	  Index Cond: (id = 7483485)

table 7 : explain SELECT c FROM sbtest7 WHERE id=1696898
	Index Scan using sbtest7_pkey on sbtest7  (cost=0.43..8.45 rows=1 width=121)
	  Index Cond: (id = 1696898)

table 8 : explain SELECT c FROM sbtest8 WHERE id=6516457
	Index Scan using sbtest8_pkey on sbtest8  (cost=0.43..8.45 rows=1 width=121)
	  Index Cond: (id = 6516457)

for: order_ranges
table 1 : explain SELECT c FROM sbtest1 WHERE id BETWEEN 1423396 AND 1424395 ORDER BY c
	Sort  (cost=3749.71..3752.10 rows=958 width=121)
	  Sort Key: c
	  ->  Bitmap Heap Scan on sbtest1  (cost=22.25..3702.27 rows=958 width=121)
	        Recheck Cond: ((id >= 1423396) AND (id <= 1424395))
	        ->  Bitmap Index Scan on sbtest1_pkey  (cost=0.00..22.01 rows=958 width=0)
	              Index Cond: ((id >= 1423396) AND (id <= 1424395))

table 2 : explain SELECT c FROM sbtest2 WHERE id BETWEEN 2451457 AND 2452456 ORDER BY c
	Sort  (cost=4055.25..4057.85 rows=1038 width=121)
	  Sort Key: c
	  ->  Bitmap Heap Scan on sbtest2  (cost=23.07..4003.25 rows=1038 width=121)
	        Recheck Cond: ((id >= 2451457) AND (id <= 2452456))
	        ->  Bitmap Index Scan on sbtest2_pkey  (cost=0.00..22.82 rows=1038 width=0)
	              Index Cond: ((id >= 2451457) AND (id <= 2452456))

table 3 : explain SELECT c FROM sbtest3 WHERE id BETWEEN 9939168 AND 9940167 ORDER BY c
	Sort  (cost=3665.32..3667.66 rows=936 width=121)
	  Sort Key: c
	  ->  Bitmap Heap Scan on sbtest3  (cost=22.03..3619.13 rows=936 width=121)
	        Recheck Cond: ((id >= 9939168) AND (id <= 9940167))
	        ->  Bitmap Index Scan on sbtest3_pkey  (cost=0.00..21.79 rows=936 width=0)
	              Index Cond: ((id >= 9939168) AND (id <= 9940167))

table 4 : explain SELECT c FROM sbtest4 WHERE id BETWEEN 3806719 AND 3807718 ORDER BY c
	Sort  (cost=4085.83..4088.45 rows=1046 width=121)
	  Sort Key: c
	  ->  Bitmap Heap Scan on sbtest4  (cost=23.16..4033.37 rows=1046 width=121)
	        Recheck Cond: ((id >= 3806719) AND (id <= 3807718))
	        ->  Bitmap Index Scan on sbtest4_pkey  (cost=0.00..22.89 rows=1046 width=0)
	              Index Cond: ((id >= 3806719) AND (id <= 3807718))

table 5 : explain SELECT c FROM sbtest5 WHERE id BETWEEN 8588266 AND 8589265 ORDER BY c
	Sort  (cost=3815.88..3818.31 rows=975 width=121)
	  Sort Key: c
	  ->  Bitmap Heap Scan on sbtest5  (cost=22.43..3767.47 rows=975 width=121)
	        Recheck Cond: ((id >= 8588266) AND (id <= 8589265))
	        ->  Bitmap Index Scan on sbtest5_pkey  (cost=0.00..22.18 rows=975 width=0)
	              Index Cond: ((id >= 8588266) AND (id <= 8589265))

table 6 : explain SELECT c FROM sbtest6 WHERE id BETWEEN 1542887 AND 1543886 ORDER BY c
	Sort  (cost=3761.42..3763.82 rows=961 width=121)
	  Sort Key: c
	  ->  Bitmap Heap Scan on sbtest6  (cost=22.29..3713.81 rows=961 width=121)
	        Recheck Cond: ((id >= 1542887) AND (id <= 1543886))
	        ->  Bitmap Index Scan on sbtest6_pkey  (cost=0.00..22.04 rows=961 width=0)
	              Index Cond: ((id >= 1542887) AND (id <= 1543886))

table 7 : explain SELECT c FROM sbtest7 WHERE id BETWEEN 7084455 AND 7085454 ORDER BY c
	Sort  (cost=3915.56..3918.06 rows=1001 width=121)
	  Sort Key: c
	  ->  Bitmap Heap Scan on sbtest7  (cost=22.70..3865.67 rows=1001 width=121)
	        Recheck Cond: ((id >= 7084455) AND (id <= 7085454))
	        ->  Bitmap Index Scan on sbtest7_pkey  (cost=0.00..22.44 rows=1001 width=0)
	              Index Cond: ((id >= 7084455) AND (id <= 7085454))

table 8 : explain SELECT c FROM sbtest8 WHERE id BETWEEN 5628873 AND 5629872 ORDER BY c
	Sort  (cost=3850.41..3852.87 rows=984 width=121)
	  Sort Key: c
	  ->  Bitmap Heap Scan on sbtest8  (cost=22.52..3801.49 rows=984 width=121)
	        Recheck Cond: ((id >= 5628873) AND (id <= 5629872))
	        ->  Bitmap Index Scan on sbtest8_pkey  (cost=0.00..22.27 rows=984 width=0)
	              Index Cond: ((id >= 5628873) AND (id <= 5629872))

for point_selects
table 1 : explain SELECT c FROM sbtest1 WHERE id=4456469
	Index Scan using sbtest1_pkey on sbtest1  (cost=0.43..8.45 rows=1 width=121)
	  Index Cond: (id = 4456469)

table 2 : explain SELECT c FROM sbtest2 WHERE id=5412779
	Index Scan using sbtest2_pkey on sbtest2  (cost=0.43..8.45 rows=1 width=121)
	  Index Cond: (id = 5412779)

table 3 : explain SELECT c FROM sbtest3 WHERE id=9211293
	Index Scan using sbtest3_pkey on sbtest3  (cost=0.43..8.45 rows=1 width=121)
	  Index Cond: (id = 9211293)

table 4 : explain SELECT c FROM sbtest4 WHERE id=5970336
	Index Scan using sbtest4_pkey on sbtest4  (cost=0.43..8.45 rows=1 width=121)
	  Index Cond: (id = 5970336)

table 5 : explain SELECT c FROM sbtest5 WHERE id=1549647
	Index Scan using sbtest5_pkey on sbtest5  (cost=0.43..8.45 rows=1 width=121)
	  Index Cond: (id = 1549647)

table 6 : explain SELECT c FROM sbtest6 WHERE id=4983063
	Index Scan using sbtest6_pkey on sbtest6  (cost=0.43..8.45 rows=1 width=121)
	  Index Cond: (id = 4983063)

table 7 : explain SELECT c FROM sbtest7 WHERE id=8294755
	Index Scan using sbtest7_pkey on sbtest7  (cost=0.43..8.45 rows=1 width=121)
	  Index Cond: (id = 8294755)

table 8 : explain SELECT c FROM sbtest8 WHERE id=5044669
	Index Scan using sbtest8_pkey on sbtest8  (cost=0.43..8.45 rows=1 width=121)
	  Index Cond: (id = 5044669)

for: distinct_ranges
table 1 : explain SELECT DISTINCT c FROM sbtest1 WHERE id BETWEEN 4734135 AND 4735134 ORDER BY c
	Unique  (cost=4410.32..4415.97 rows=1131 width=121)
	  ->  Sort  (cost=4410.32..4413.14 rows=1131 width=121)
	        Sort Key: c
	        ->  Bitmap Heap Scan on sbtest1  (cost=28.03..4352.96 rows=1131 width=121)
	              Recheck Cond: ((id >= 4734135) AND (id <= 4735134))
	              ->  Bitmap Index Scan on sbtest1_pkey  (cost=0.00..27.75 rows=1131 width=0)
	                    Index Cond: ((id >= 4734135) AND (id <= 4735134))

table 2 : explain SELECT DISTINCT c FROM sbtest2 WHERE id BETWEEN 7147414 AND 7148413 ORDER BY c
	Unique  (cost=4028.53..4033.68 rows=1031 width=121)
	  ->  Sort  (cost=4028.53..4031.11 rows=1031 width=121)
	        Sort Key: c
	        ->  Bitmap Heap Scan on sbtest2  (cost=23.00..3976.93 rows=1031 width=121)
	              Recheck Cond: ((id >= 7147414) AND (id <= 7148413))
	              ->  Bitmap Index Scan on sbtest2_pkey  (cost=0.00..22.75 rows=1031 width=0)
	                    Index Cond: ((id >= 7147414) AND (id <= 7148413))

table 3 : explain SELECT DISTINCT c FROM sbtest3 WHERE id BETWEEN 911033 AND 912032 ORDER BY c
	Unique  (cost=3982.78..3987.88 rows=1019 width=121)
	  ->  Sort  (cost=3982.78..3985.33 rows=1019 width=121)
	        Sort Key: c
	        ->  Bitmap Heap Scan on sbtest3  (cost=22.88..3931.87 rows=1019 width=121)
	              Recheck Cond: ((id >= 911033) AND (id <= 912032))
	              ->  Bitmap Index Scan on sbtest3_pkey  (cost=0.00..22.62 rows=1019 width=0)
	                    Index Cond: ((id >= 911033) AND (id <= 912032))

table 4 : explain SELECT DISTINCT c FROM sbtest4 WHERE id BETWEEN 1598811 AND 1599810 ORDER BY c
	Unique  (cost=4192.65..4198.02 rows=1074 width=121)
	  ->  Sort  (cost=4192.65..4195.33 rows=1074 width=121)
	        Sort Key: c
	        ->  Bitmap Heap Scan on sbtest4  (cost=23.44..4138.58 rows=1074 width=121)
	              Recheck Cond: ((id >= 1598811) AND (id <= 1599810))
	              ->  Bitmap Index Scan on sbtest4_pkey  (cost=0.00..23.18 rows=1074 width=0)
	                    Index Cond: ((id >= 1598811) AND (id <= 1599810))

table 5 : explain SELECT DISTINCT c FROM sbtest5 WHERE id BETWEEN 3222137 AND 3223136 ORDER BY c
	Unique  (cost=3930.63..3935.66 rows=1005 width=121)
	  ->  Sort  (cost=3930.63..3933.15 rows=1005 width=121)
	        Sort Key: c
	        ->  Bitmap Heap Scan on sbtest5  (cost=22.74..3880.52 rows=1005 width=121)
	              Recheck Cond: ((id >= 3222137) AND (id <= 3223136))
	              ->  Bitmap Index Scan on sbtest5_pkey  (cost=0.00..22.48 rows=1005 width=0)
	                    Index Cond: ((id >= 3222137) AND (id <= 3223136))

table 6 : explain SELECT DISTINCT c FROM sbtest6 WHERE id BETWEEN 7109038 AND 7110037 ORDER BY c
	Unique  (cost=3780.56..3785.39 rows=966 width=121)
	  ->  Sort  (cost=3780.56..3782.97 rows=966 width=121)
	        Sort Key: c
	        ->  Bitmap Heap Scan on sbtest6  (cost=22.34..3732.66 rows=966 width=121)
	              Recheck Cond: ((id >= 7109038) AND (id <= 7110037))
	              ->  Bitmap Index Scan on sbtest6_pkey  (cost=0.00..22.09 rows=966 width=0)
	                    Index Cond: ((id >= 7109038) AND (id <= 7110037))

table 7 : explain SELECT DISTINCT c FROM sbtest7 WHERE id BETWEEN 3331732 AND 3332731 ORDER BY c
	Unique  (cost=3911.73..3916.73 rows=1000 width=121)
	  ->  Sort  (cost=3911.73..3914.23 rows=1000 width=121)
	        Sort Key: c
	        ->  Bitmap Heap Scan on sbtest7  (cost=22.68..3861.90 rows=1000 width=121)
	              Recheck Cond: ((id >= 3331732) AND (id <= 3332731))
	              ->  Bitmap Index Scan on sbtest7_pkey  (cost=0.00..22.43 rows=1000 width=0)
	                    Index Cond: ((id >= 3331732) AND (id <= 3332731))

table 8 : explain SELECT DISTINCT c FROM sbtest8 WHERE id BETWEEN 9201042 AND 9202041 ORDER BY c
	Unique  (cost=3731.74..3736.50 rows=953 width=121)
	  ->  Sort  (cost=3731.74..3734.12 rows=953 width=121)
	        Sort Key: c
	        ->  Bitmap Heap Scan on sbtest8  (cost=22.20..3684.58 rows=953 width=121)
	              Recheck Cond: ((id >= 9201042) AND (id <= 9202041))
	              ->  Bitmap Index Scan on sbtest8_pkey  (cost=0.00..21.96 rows=953 width=0)
	                    Index Cond: ((id >= 9201042) AND (id <= 9202041))

for: distinct_ranges
table 1 : explain SELECT DISTINCT c FROM sbtest1 WHERE id BETWEEN 4492055 AND 4493054 ORDER BY c
	Unique  (cost=3734.40..3739.17 rows=954 width=121)
	  ->  Sort  (cost=3734.40..3736.78 rows=954 width=121)
	        Sort Key: c
	        ->  Bitmap Heap Scan on sbtest1  (cost=22.21..3687.19 rows=954 width=121)
	              Recheck Cond: ((id >= 4492055) AND (id <= 4493054))
	              ->  Bitmap Index Scan on sbtest1_pkey  (cost=0.00..21.97 rows=954 width=0)
	                    Index Cond: ((id >= 4492055) AND (id <= 4493054))

table 2 : explain SELECT DISTINCT c FROM sbtest2 WHERE id BETWEEN 9720671 AND 9721670 ORDER BY c
	Unique  (cost=3757.13..3761.93 rows=960 width=121)
	  ->  Sort  (cost=3757.13..3759.53 rows=960 width=121)
	        Sort Key: c
	        ->  Bitmap Heap Scan on sbtest2  (cost=22.27..3709.58 rows=960 width=121)
	              Recheck Cond: ((id >= 9720671) AND (id <= 9721670))
	              ->  Bitmap Index Scan on sbtest2_pkey  (cost=0.00..22.04 rows=960 width=0)
	                    Index Cond: ((id >= 9720671) AND (id <= 9721670))

table 3 : explain SELECT DISTINCT c FROM sbtest3 WHERE id BETWEEN 5787287 AND 5788286 ORDER BY c
	Unique  (cost=3975.14..3980.23 rows=1017 width=121)
	  ->  Sort  (cost=3975.14..3977.68 rows=1017 width=121)
	        Sort Key: c
	        ->  Bitmap Heap Scan on sbtest3  (cost=22.86..3924.34 rows=1017 width=121)
	              Recheck Cond: ((id >= 5787287) AND (id <= 5788286))
	              ->  Bitmap Index Scan on sbtest3_pkey  (cost=0.00..22.61 rows=1017 width=0)
	                    Index Cond: ((id >= 5787287) AND (id <= 5788286))

table 4 : explain SELECT DISTINCT c FROM sbtest4 WHERE id BETWEEN 7252928 AND 7253927 ORDER BY c
	Unique  (cost=4093.47..4098.71 rows=1048 width=121)
	  ->  Sort  (cost=4093.47..4096.09 rows=1048 width=121)
	        Sort Key: c
	        ->  Bitmap Heap Scan on sbtest4  (cost=23.18..4040.89 rows=1048 width=121)
	              Recheck Cond: ((id >= 7252928) AND (id <= 7253927))
	              ->  Bitmap Index Scan on sbtest4_pkey  (cost=0.00..22.91 rows=1048 width=0)
	                    Index Cond: ((id >= 7252928) AND (id <= 7253927))

table 5 : explain SELECT DISTINCT c FROM sbtest5 WHERE id BETWEEN 8864729 AND 8865728 ORDER BY c
	Unique  (cost=4114.02..4119.28 rows=1053 width=121)
	  ->  Sort  (cost=4114.02..4116.65 rows=1053 width=121)
	        Sort Key: c
	        ->  Bitmap Heap Scan on sbtest5  (cost=23.23..4061.16 rows=1053 width=121)
	              Recheck Cond: ((id >= 8864729) AND (id <= 8865728))
	              ->  Bitmap Index Scan on sbtest5_pkey  (cost=0.00..22.96 rows=1053 width=0)
	                    Index Cond: ((id >= 8864729) AND (id <= 8865728))

table 6 : explain SELECT DISTINCT c FROM sbtest6 WHERE id BETWEEN 6009379 AND 6010378 ORDER BY c
	Unique  (cost=3378.04..3382.34 rows=861 width=121)
	  ->  Sort  (cost=3378.04..3380.19 rows=861 width=121)
	        Sort Key: c
	        ->  Bitmap Heap Scan on sbtest6  (cost=21.26..3336.06 rows=861 width=121)
	              Recheck Cond: ((id >= 6009379) AND (id <= 6010378))
	              ->  Bitmap Index Scan on sbtest6_pkey  (cost=0.00..21.04 rows=861 width=0)
	                    Index Cond: ((id >= 6009379) AND (id <= 6010378))

table 7 : explain SELECT DISTINCT c FROM sbtest7 WHERE id BETWEEN 9882992 AND 9883991 ORDER BY c
	Unique  (cost=3593.88..3598.47 rows=917 width=121)
	  ->  Sort  (cost=3593.88..3596.18 rows=917 width=121)
	        Sort Key: c
	        ->  Bitmap Heap Scan on sbtest7  (cost=21.83..3548.76 rows=917 width=121)
	              Recheck Cond: ((id >= 9882992) AND (id <= 9883991))
	              ->  Bitmap Index Scan on sbtest7_pkey  (cost=0.00..21.61 rows=917 width=0)
	                    Index Cond: ((id >= 9882992) AND (id <= 9883991))

table 8 : explain SELECT DISTINCT c FROM sbtest8 WHERE id BETWEEN 1087395 AND 1088394 ORDER BY c
	Unique  (cost=4156.11..4161.43 rows=1064 width=121)
	  ->  Sort  (cost=4156.11..4158.77 rows=1064 width=121)
	        Sort Key: c
	        ->  Bitmap Heap Scan on sbtest8  (cost=23.34..4102.61 rows=1064 width=121)
	              Recheck Cond: ((id >= 1087395) AND (id <= 1088394))
	              ->  Bitmap Index Scan on sbtest8_pkey  (cost=0.00..23.07 rows=1064 width=0)
	                    Index Cond: ((id >= 1087395) AND (id <= 1088394))

for: distinct_ranges
table 1 : explain SELECT DISTINCT c FROM sbtest1 WHERE id BETWEEN 26510 AND 27509 ORDER BY c
	Unique  (cost=3875.95..3880.90 rows=991 width=121)
	  ->  Sort  (cost=3875.95..3878.43 rows=991 width=121)
	        Sort Key: c
	        ->  Bitmap Heap Scan on sbtest1  (cost=22.59..3826.63 rows=991 width=121)
	              Recheck Cond: ((id >= 26510) AND (id <= 27509))
	              ->  Bitmap Index Scan on sbtest1_pkey  (cost=0.00..22.34 rows=991 width=0)
	                    Index Cond: ((id >= 26510) AND (id <= 27509))

table 2 : explain SELECT DISTINCT c FROM sbtest2 WHERE id BETWEEN 5644852 AND 5645851 ORDER BY c
	Unique  (cost=3818.35..3823.23 rows=976 width=121)
	  ->  Sort  (cost=3818.35..3820.79 rows=976 width=121)
	        Sort Key: c
	        ->  Bitmap Heap Scan on sbtest2  (cost=22.44..3769.88 rows=976 width=121)
	              Recheck Cond: ((id >= 5644852) AND (id <= 5645851))
	              ->  Bitmap Index Scan on sbtest2_pkey  (cost=0.00..22.19 rows=976 width=0)
	                    Index Cond: ((id >= 5644852) AND (id <= 5645851))

table 3 : explain SELECT DISTINCT c FROM sbtest3 WHERE id BETWEEN 2804120 AND 2805119 ORDER BY c
	Unique  (cost=3416.10..3420.45 rows=871 width=121)
	  ->  Sort  (cost=3416.10..3418.27 rows=871 width=121)
	        Sort Key: c
	        ->  Bitmap Heap Scan on sbtest3  (cost=21.36..3373.56 rows=871 width=121)
	              Recheck Cond: ((id >= 2804120) AND (id <= 2805119))
	              ->  Bitmap Index Scan on sbtest3_pkey  (cost=0.00..21.14 rows=871 width=0)
	                    Index Cond: ((id >= 2804120) AND (id <= 2805119))

table 4 : explain SELECT DISTINCT c FROM sbtest4 WHERE id BETWEEN 9789234 AND 9790233 ORDER BY c
	Unique  (cost=3933.08..3938.11 rows=1006 width=121)
	  ->  Sort  (cost=3933.08..3935.60 rows=1006 width=121)
	        Sort Key: c
	        ->  Bitmap Heap Scan on sbtest4  (cost=22.75..3882.91 rows=1006 width=121)
	              Recheck Cond: ((id >= 9789234) AND (id <= 9790233))
	              ->  Bitmap Index Scan on sbtest4_pkey  (cost=0.00..22.50 rows=1006 width=0)
	                    Index Cond: ((id >= 9789234) AND (id <= 9790233))

table 5 : explain SELECT DISTINCT c FROM sbtest5 WHERE id BETWEEN 8697705 AND 8698704 ORDER BY c
	Unique  (cost=3685.68..3690.39 rows=941 width=121)
	  ->  Sort  (cost=3685.68..3688.03 rows=941 width=121)
	        Sort Key: c
	        ->  Bitmap Heap Scan on sbtest5  (cost=22.08..3639.21 rows=941 width=121)
	              Recheck Cond: ((id >= 8697705) AND (id <= 8698704))
	              ->  Bitmap Index Scan on sbtest5_pkey  (cost=0.00..21.84 rows=941 width=0)
	                    Index Cond: ((id >= 8697705) AND (id <= 8698704))

table 6 : explain SELECT DISTINCT c FROM sbtest6 WHERE id BETWEEN 431245 AND 432244 ORDER BY c
	Unique  (cost=4101.58..4106.83 rows=1050 width=121)
	  ->  Sort  (cost=4101.58..4104.20 rows=1050 width=121)
	        Sort Key: c
	        ->  Bitmap Heap Scan on sbtest6  (cost=23.20..4048.89 rows=1050 width=121)
	              Recheck Cond: ((id >= 431245) AND (id <= 432244))
	              ->  Bitmap Index Scan on sbtest6_pkey  (cost=0.00..22.93 rows=1050 width=0)
	                    Index Cond: ((id >= 431245) AND (id <= 432244))

table 7 : explain SELECT DISTINCT c FROM sbtest7 WHERE id BETWEEN 4490583 AND 4491582 ORDER BY c
	Unique  (cost=3616.89..3621.50 rows=923 width=121)
	  ->  Sort  (cost=3616.89..3619.20 rows=923 width=121)
	        Sort Key: c
	        ->  Bitmap Heap Scan on sbtest7  (cost=21.90..3571.43 rows=923 width=121)
	              Recheck Cond: ((id >= 4490583) AND (id <= 4491582))
	              ->  Bitmap Index Scan on sbtest7_pkey  (cost=0.00..21.66 rows=923 width=0)
	                    Index Cond: ((id >= 4490583) AND (id <= 4491582))

table 8 : explain SELECT DISTINCT c FROM sbtest8 WHERE id BETWEEN 8935558 AND 8936557 ORDER BY c
	Unique  (cost=3808.31..3813.18 rows=973 width=121)
	  ->  Sort  (cost=3808.31..3810.74 rows=973 width=121)
	        Sort Key: c
	        ->  Bitmap Heap Scan on sbtest8  (cost=22.41..3760.02 rows=973 width=121)
	              Recheck Cond: ((id >= 8935558) AND (id <= 8936557))
	              ->  Bitmap Index Scan on sbtest8_pkey  (cost=0.00..22.16 rows=973 width=0)
	                    Index Cond: ((id >= 8935558) AND (id <= 8936557))

explain: for point_selects :: explain SELECT c FROM sbtest%u WHERE id=%u
for: simple_ranges
table 1 : explain SELECT c FROM sbtest1 WHERE id BETWEEN 5406296 AND 5407295
	Bitmap Heap Scan on sbtest1  (cost=22.91..3943.33 rows=1022 width=121)
	  Recheck Cond: ((id >= 5406296) AND (id <= 5407295))
	  ->  Bitmap Index Scan on sbtest1_pkey  (cost=0.00..22.65 rows=1022 width=0)
	        Index Cond: ((id >= 5406296) AND (id <= 5407295))

table 2 : explain SELECT c FROM sbtest2 WHERE id BETWEEN 9076196 AND 9077195
	Bitmap Heap Scan on sbtest2  (cost=22.53..3803.79 rows=985 width=121)
	  Recheck Cond: ((id >= 9076196) AND (id <= 9077195))
	  ->  Bitmap Index Scan on sbtest2_pkey  (cost=0.00..22.29 rows=985 width=0)
	        Index Cond: ((id >= 9076196) AND (id <= 9077195))

table 3 : explain SELECT c FROM sbtest3 WHERE id BETWEEN 7889230 AND 7890229
	Bitmap Heap Scan on sbtest3  (cost=22.48..3785.03 rows=980 width=121)
	  Recheck Cond: ((id >= 7889230) AND (id <= 7890229))
	  ->  Bitmap Index Scan on sbtest3_pkey  (cost=0.00..22.23 rows=980 width=0)
	        Index Cond: ((id >= 7889230) AND (id <= 7890229))

table 4 : explain SELECT c FROM sbtest4 WHERE id BETWEEN 9013841 AND 9014840
	Bitmap Heap Scan on sbtest4  (cost=22.76..3886.68 rows=1007 width=121)
	  Recheck Cond: ((id >= 9013841) AND (id <= 9014840))
	  ->  Bitmap Index Scan on sbtest4_pkey  (cost=0.00..22.50 rows=1007 width=0)
	        Index Cond: ((id >= 9013841) AND (id <= 9014840))

table 5 : explain SELECT c FROM sbtest5 WHERE id BETWEEN 5482811 AND 5483810
	Bitmap Heap Scan on sbtest5  (cost=22.92..3948.29 rows=1023 width=121)
	  Recheck Cond: ((id >= 5482811) AND (id <= 5483810))
	  ->  Bitmap Index Scan on sbtest5_pkey  (cost=0.00..22.66 rows=1023 width=0)
	        Index Cond: ((id >= 5482811) AND (id <= 5483810))

table 6 : explain SELECT c FROM sbtest6 WHERE id BETWEEN 8607141 AND 8608140
	Bitmap Heap Scan on sbtest6  (cost=22.53..3804.27 rows=985 width=121)
	  Recheck Cond: ((id >= 8607141) AND (id <= 8608140))
	  ->  Bitmap Index Scan on sbtest6_pkey  (cost=0.00..22.29 rows=985 width=0)
	        Index Cond: ((id >= 8607141) AND (id <= 8608140))

table 7 : explain SELECT c FROM sbtest7 WHERE id BETWEEN 5004386 AND 5005385
	Bitmap Heap Scan on sbtest7  (cost=22.38..3748.82 rows=970 width=121)
	  Recheck Cond: ((id >= 5004386) AND (id <= 5005385))
	  ->  Bitmap Index Scan on sbtest7_pkey  (cost=0.00..22.14 rows=970 width=0)
	        Index Cond: ((id >= 5004386) AND (id <= 5005385))

table 8 : explain SELECT c FROM sbtest8 WHERE id BETWEEN 2745311 AND 2746310
	Bitmap Heap Scan on sbtest8  (cost=22.39..3752.48 rows=971 width=121)
	  Recheck Cond: ((id >= 2745311) AND (id <= 2746310))
	  ->  Bitmap Index Scan on sbtest8_pkey  (cost=0.00..22.14 rows=971 width=0)
	        Index Cond: ((id >= 2745311) AND (id <= 2746310))

for: simple_ranges
table 1 : explain SELECT c FROM sbtest1 WHERE id BETWEEN 39079 AND 40078
	Bitmap Heap Scan on sbtest1  (cost=22.59..3826.63 rows=991 width=121)
	  Recheck Cond: ((id >= 39079) AND (id <= 40078))
	  ->  Bitmap Index Scan on sbtest1_pkey  (cost=0.00..22.34 rows=991 width=0)
	        Index Cond: ((id >= 39079) AND (id <= 40078))

table 2 : explain SELECT c FROM sbtest2 WHERE id BETWEEN 3631656 AND 3632655
	Bitmap Heap Scan on sbtest2  (cost=22.65..3848.98 rows=997 width=121)
	  Recheck Cond: ((id >= 3631656) AND (id <= 3632655))
	  ->  Bitmap Index Scan on sbtest2_pkey  (cost=0.00..22.40 rows=997 width=0)
	        Index Cond: ((id >= 3631656) AND (id <= 3632655))

table 3 : explain SELECT c FROM sbtest3 WHERE id BETWEEN 4649427 AND 4650426
	Bitmap Heap Scan on sbtest3  (cost=22.78..3894.24 rows=1009 width=121)
	  Recheck Cond: ((id >= 4649427) AND (id <= 4650426))
	  ->  Bitmap Index Scan on sbtest3_pkey  (cost=0.00..22.52 rows=1009 width=0)
	        Index Cond: ((id >= 4649427) AND (id <= 4650426))

table 4 : explain SELECT c FROM sbtest4 WHERE id BETWEEN 5150113 AND 5151112
	Bitmap Heap Scan on sbtest4  (cost=23.37..4112.29 rows=1067 width=121)
	  Recheck Cond: ((id >= 5150113) AND (id <= 5151112))
	  ->  Bitmap Index Scan on sbtest4_pkey  (cost=0.00..23.11 rows=1067 width=0)
	        Index Cond: ((id >= 5150113) AND (id <= 5151112))

table 5 : explain SELECT c FROM sbtest5 WHERE id BETWEEN 4538153 AND 4539152
	Bitmap Heap Scan on sbtest5  (cost=22.71..3869.22 rows=1002 width=121)
	  Recheck Cond: ((id >= 4538153) AND (id <= 4539152))
	  ->  Bitmap Index Scan on sbtest5_pkey  (cost=0.00..22.45 rows=1002 width=0)
	        Index Cond: ((id >= 4538153) AND (id <= 4539152))

table 6 : explain SELECT c FROM sbtest6 WHERE id BETWEEN 5471592 AND 5472591
	Bitmap Heap Scan on sbtest6  (cost=22.49..3789.20 rows=981 width=121)
	  Recheck Cond: ((id >= 5471592) AND (id <= 5472591))
	  ->  Bitmap Index Scan on sbtest6_pkey  (cost=0.00..22.25 rows=981 width=0)
	        Index Cond: ((id >= 5471592) AND (id <= 5472591))

table 7 : explain SELECT c FROM sbtest7 WHERE id BETWEEN 6620161 AND 6621160
	Bitmap Heap Scan on sbtest7  (cost=22.76..3888.27 rows=1007 width=121)
	  Recheck Cond: ((id >= 6620161) AND (id <= 6621160))
	  ->  Bitmap Index Scan on sbtest7_pkey  (cost=0.00..22.50 rows=1007 width=0)
	        Index Cond: ((id >= 6620161) AND (id <= 6621160))

table 8 : explain SELECT c FROM sbtest8 WHERE id BETWEEN 8668893 AND 8669892
	Bitmap Heap Scan on sbtest8  (cost=22.21..3688.35 rows=954 width=121)
	  Recheck Cond: ((id >= 8668893) AND (id <= 8669892))
	  ->  Bitmap Index Scan on sbtest8_pkey  (cost=0.00..21.97 rows=954 width=0)
	        Index Cond: ((id >= 8668893) AND (id <= 8669892))

for point_selects
table 1 : explain SELECT c FROM sbtest1 WHERE id=8248953
	Index Scan using sbtest1_pkey on sbtest1  (cost=0.43..8.45 rows=1 width=121)
	  Index Cond: (id = 8248953)

table 2 : explain SELECT c FROM sbtest2 WHERE id=2919160
	Index Scan using sbtest2_pkey on sbtest2  (cost=0.43..8.45 rows=1 width=121)
	  Index Cond: (id = 2919160)

table 3 : explain SELECT c FROM sbtest3 WHERE id=2183964
	Index Scan using sbtest3_pkey on sbtest3  (cost=0.43..8.45 rows=1 width=121)
	  Index Cond: (id = 2183964)

table 4 : explain SELECT c FROM sbtest4 WHERE id=7128370
	Index Scan using sbtest4_pkey on sbtest4  (cost=0.43..8.45 rows=1 width=121)
	  Index Cond: (id = 7128370)

table 5 : explain SELECT c FROM sbtest5 WHERE id=9486390
	Index Scan using sbtest5_pkey on sbtest5  (cost=0.43..8.45 rows=1 width=121)
	  Index Cond: (id = 9486390)

table 6 : explain SELECT c FROM sbtest6 WHERE id=115635
	Index Scan using sbtest6_pkey on sbtest6  (cost=0.43..8.45 rows=1 width=121)
	  Index Cond: (id = 115635)

table 7 : explain SELECT c FROM sbtest7 WHERE id=1764638
	Index Scan using sbtest7_pkey on sbtest7  (cost=0.43..8.45 rows=1 width=121)
	  Index Cond: (id = 1764638)

table 8 : explain SELECT c FROM sbtest8 WHERE id=3659227
	Index Scan using sbtest8_pkey on sbtest8  (cost=0.43..8.45 rows=1 width=121)
	  Index Cond: (id = 3659227)

for: distinct_ranges
table 1 : explain SELECT DISTINCT c FROM sbtest1 WHERE id BETWEEN 7496512 AND 7497511 ORDER BY c
	Unique  (cost=4120.40..4125.67 rows=1055 width=121)
	  ->  Sort  (cost=4120.40..4123.03 rows=1055 width=121)
	        Sort Key: c
	        ->  Bitmap Heap Scan on sbtest1  (cost=23.25..4067.42 rows=1055 width=121)
	              Recheck Cond: ((id >= 7496512) AND (id <= 7497511))
	              ->  Bitmap Index Scan on sbtest1_pkey  (cost=0.00..22.98 rows=1055 width=0)
	                    Index Cond: ((id >= 7496512) AND (id <= 7497511))

table 2 : explain SELECT DISTINCT c FROM sbtest2 WHERE id BETWEEN 2924637 AND 2925636 ORDER BY c
	Unique  (cost=3603.96..3608.56 rows=920 width=121)
	  ->  Sort  (cost=3603.96..3606.26 rows=920 width=121)
	        Sort Key: c
	        ->  Bitmap Heap Scan on sbtest2  (cost=21.87..3558.67 rows=920 width=121)
	              Recheck Cond: ((id >= 2924637) AND (id <= 2925636))
	              ->  Bitmap Index Scan on sbtest2_pkey  (cost=0.00..21.64 rows=920 width=0)
	                    Index Cond: ((id >= 2924637) AND (id <= 2925636))

table 3 : explain SELECT DISTINCT c FROM sbtest3 WHERE id BETWEEN 5210111 AND 5211110 ORDER BY c
	Unique  (cost=3914.01..3919.01 rows=1001 width=121)
	  ->  Sort  (cost=3914.01..3916.51 rows=1001 width=121)
	        Sort Key: c
	        ->  Bitmap Heap Scan on sbtest3  (cost=22.70..3864.12 rows=1001 width=121)
	              Recheck Cond: ((id >= 5210111) AND (id <= 5211110))
	              ->  Bitmap Index Scan on sbtest3_pkey  (cost=0.00..22.44 rows=1001 width=0)
	                    Index Cond: ((id >= 5210111) AND (id <= 5211110))

table 4 : explain SELECT DISTINCT c FROM sbtest4 WHERE id BETWEEN 3101326 AND 3102325 ORDER BY c
	Unique  (cost=4074.39..4079.60 rows=1043 width=121)
	  ->  Sort  (cost=4074.39..4076.99 rows=1043 width=121)
	        Sort Key: c
	        ->  Bitmap Heap Scan on sbtest4  (cost=23.13..4022.10 rows=1043 width=121)
	              Recheck Cond: ((id >= 3101326) AND (id <= 3102325))
	              ->  Bitmap Index Scan on sbtest4_pkey  (cost=0.00..22.86 rows=1043 width=0)
	                    Index Cond: ((id >= 3101326) AND (id <= 3102325))

table 5 : explain SELECT DISTINCT c FROM sbtest5 WHERE id BETWEEN 6850859 AND 6851858 ORDER BY c
	Unique  (cost=3712.50..3717.24 rows=948 width=121)
	  ->  Sort  (cost=3712.50..3714.87 rows=948 width=121)
	        Sort Key: c
	        ->  Bitmap Heap Scan on sbtest5  (cost=22.15..3665.63 rows=948 width=121)
	              Recheck Cond: ((id >= 6850859) AND (id <= 6851858))
	              ->  Bitmap Index Scan on sbtest5_pkey  (cost=0.00..21.91 rows=948 width=0)
	                    Index Cond: ((id >= 6850859) AND (id <= 6851858))

table 6 : explain SELECT DISTINCT c FROM sbtest6 WHERE id BETWEEN 4368365 AND 4369364 ORDER BY c
	Unique  (cost=3967.92..3973.00 rows=1015 width=121)
	  ->  Sort  (cost=3967.92..3970.46 rows=1015 width=121)
	        Sort Key: c
	        ->  Bitmap Heap Scan on sbtest6  (cost=22.84..3917.24 rows=1015 width=121)
	              Recheck Cond: ((id >= 4368365) AND (id <= 4369364))
	              ->  Bitmap Index Scan on sbtest6_pkey  (cost=0.00..22.58 rows=1015 width=0)
	                    Index Cond: ((id >= 4368365) AND (id <= 4369364))

table 7 : explain SELECT DISTINCT c FROM sbtest7 WHERE id BETWEEN 5681673 AND 5682672 ORDER BY c
	Unique  (cost=4106.62..4111.87 rows=1051 width=121)
	  ->  Sort  (cost=4106.62..4109.24 rows=1051 width=121)
	        Sort Key: c
	        ->  Bitmap Heap Scan on sbtest7  (cost=23.21..4053.87 rows=1051 width=121)
	              Recheck Cond: ((id >= 5681673) AND (id <= 5682672))
	              ->  Bitmap Index Scan on sbtest7_pkey  (cost=0.00..22.94 rows=1051 width=0)
	                    Index Cond: ((id >= 5681673) AND (id <= 5682672))

table 8 : explain SELECT DISTINCT c FROM sbtest8 WHERE id BETWEEN 1187202 AND 1188201 ORDER BY c
	Unique  (cost=3704.92..3709.65 rows=946 width=121)
	  ->  Sort  (cost=3704.92..3707.29 rows=946 width=121)
	        Sort Key: c
	        ->  Bitmap Heap Scan on sbtest8  (cost=22.13..3658.16 rows=946 width=121)
	              Recheck Cond: ((id >= 1187202) AND (id <= 1188201))
	              ->  Bitmap Index Scan on sbtest8_pkey  (cost=0.00..21.89 rows=946 width=0)
	                    Index Cond: ((id >= 1187202) AND (id <= 1188201))

for: sum_ranges
table 1 : explain SELECT SUM(k) FROM sbtest1 WHERE id BETWEEN 5618462 AND 5619461
	Aggregate  (cost=3912.00..3912.01 rows=1 width=8)
	  ->  Bitmap Heap Scan on sbtest1  (cost=22.82..3909.46 rows=1013 width=4)
	        Recheck Cond: ((id >= 5618462) AND (id <= 5619461))
	        ->  Bitmap Index Scan on sbtest1_pkey  (cost=0.00..22.57 rows=1013 width=0)
	              Index Cond: ((id >= 5618462) AND (id <= 5619461))

table 2 : explain SELECT SUM(k) FROM sbtest2 WHERE id BETWEEN 3038756 AND 3039755
	Aggregate  (cost=4340.48..4340.49 rows=1 width=8)
	  ->  Bitmap Heap Scan on sbtest2  (cost=27.99..4337.67 rows=1127 width=4)
	        Recheck Cond: ((id >= 3038756) AND (id <= 3039755))
	        ->  Bitmap Index Scan on sbtest2_pkey  (cost=0.00..27.70 rows=1127 width=0)
	              Index Cond: ((id >= 3038756) AND (id <= 3039755))

table 3 : explain SELECT SUM(k) FROM sbtest3 WHERE id BETWEEN 1949592 AND 1950591
	Aggregate  (cost=4013.45..4013.46 rows=1 width=8)
	  ->  Bitmap Heap Scan on sbtest3  (cost=23.09..4010.85 rows=1040 width=4)
	        Recheck Cond: ((id >= 1949592) AND (id <= 1950591))
	        ->  Bitmap Index Scan on sbtest3_pkey  (cost=0.00..22.83 rows=1040 width=0)
	              Index Cond: ((id >= 1949592) AND (id <= 1950591))

table 4 : explain SELECT SUM(k) FROM sbtest4 WHERE id BETWEEN 5190720 AND 5191719
	Aggregate  (cost=3828.91..3828.92 rows=1 width=8)
	  ->  Bitmap Heap Scan on sbtest4  (cost=22.59..3826.43 rows=991 width=4)
	        Recheck Cond: ((id >= 5190720) AND (id <= 5191719))
	        ->  Bitmap Index Scan on sbtest4_pkey  (cost=0.00..22.34 rows=991 width=0)
	              Index Cond: ((id >= 5190720) AND (id <= 5191719))

table 5 : explain SELECT SUM(k) FROM sbtest5 WHERE id BETWEEN 1127111 AND 1128110
	Aggregate  (cost=4240.74..4240.75 rows=1 width=8)
	  ->  Bitmap Heap Scan on sbtest5  (cost=27.70..4237.99 rows=1099 width=4)
	        Recheck Cond: ((id >= 1127111) AND (id <= 1128110))
	        ->  Bitmap Index Scan on sbtest5_pkey  (cost=0.00..27.43 rows=1099 width=0)
	              Index Cond: ((id >= 1127111) AND (id <= 1128110))

table 6 : explain SELECT SUM(k) FROM sbtest6 WHERE id BETWEEN 8957691 AND 8958690
	Aggregate  (cost=3753.94..3753.95 rows=1 width=8)
	  ->  Bitmap Heap Scan on sbtest6  (cost=22.39..3751.51 rows=971 width=4)
	        Recheck Cond: ((id >= 8957691) AND (id <= 8958690))
	        ->  Bitmap Index Scan on sbtest6_pkey  (cost=0.00..22.14 rows=971 width=0)
	              Index Cond: ((id >= 8957691) AND (id <= 8958690))

table 7 : explain SELECT SUM(k) FROM sbtest7 WHERE id BETWEEN 1802851 AND 1803850
	Aggregate  (cost=3709.73..3709.74 rows=1 width=8)
	  ->  Bitmap Heap Scan on sbtest7  (cost=22.26..3707.33 rows=959 width=4)
	        Recheck Cond: ((id >= 1802851) AND (id <= 1803850))
	        ->  Bitmap Index Scan on sbtest7_pkey  (cost=0.00..22.02 rows=959 width=0)
	              Index Cond: ((id >= 1802851) AND (id <= 1803850))

table 8 : explain SELECT SUM(k) FROM sbtest8 WHERE id BETWEEN 1828321 AND 1829320
	Aggregate  (cost=4176.96..4176.97 rows=1 width=8)
	  ->  Bitmap Heap Scan on sbtest8  (cost=27.53..4174.26 rows=1082 width=4)
	        Recheck Cond: ((id >= 1828321) AND (id <= 1829320))
	        ->  Bitmap Index Scan on sbtest8_pkey  (cost=0.00..27.25 rows=1082 width=0)
	              Index Cond: ((id >= 1828321) AND (id <= 1829320))

for point_selects
table 1 : explain SELECT c FROM sbtest1 WHERE id=1270009
	Index Scan using sbtest1_pkey on sbtest1  (cost=0.43..8.45 rows=1 width=121)
	  Index Cond: (id = 1270009)

table 2 : explain SELECT c FROM sbtest2 WHERE id=4744002
	Index Scan using sbtest2_pkey on sbtest2  (cost=0.43..8.45 rows=1 width=121)
	  Index Cond: (id = 4744002)

table 3 : explain SELECT c FROM sbtest3 WHERE id=5192277
	Index Scan using sbtest3_pkey on sbtest3  (cost=0.43..8.45 rows=1 width=121)
	  Index Cond: (id = 5192277)

table 4 : explain SELECT c FROM sbtest4 WHERE id=9513267
	Index Scan using sbtest4_pkey on sbtest4  (cost=0.43..8.45 rows=1 width=121)
	  Index Cond: (id = 9513267)

table 5 : explain SELECT c FROM sbtest5 WHERE id=6848535
	Index Scan using sbtest5_pkey on sbtest5  (cost=0.43..8.45 rows=1 width=121)
	  Index Cond: (id = 6848535)

table 6 : explain SELECT c FROM sbtest6 WHERE id=3823827
	Index Scan using sbtest6_pkey on sbtest6  (cost=0.43..8.45 rows=1 width=121)
	  Index Cond: (id = 3823827)

table 7 : explain SELECT c FROM sbtest7 WHERE id=7720355
	Index Scan using sbtest7_pkey on sbtest7  (cost=0.43..8.45 rows=1 width=121)
	  Index Cond: (id = 7720355)

table 8 : explain SELECT c FROM sbtest8 WHERE id=2715054
	Index Scan using sbtest8_pkey on sbtest8  (cost=0.43..8.45 rows=1 width=121)
	  Index Cond: (id = 2715054)

explain: for point_selects :: explain SELECT c FROM sbtest%u WHERE id=%u
for: distinct_ranges
table 1 : explain SELECT DISTINCT c FROM sbtest1 WHERE id BETWEEN 7493188 AND 7494187 ORDER BY c
	Unique  (cost=4120.40..4125.67 rows=1055 width=121)
	  ->  Sort  (cost=4120.40..4123.03 rows=1055 width=121)
	        Sort Key: c
	        ->  Bitmap Heap Scan on sbtest1  (cost=23.25..4067.42 rows=1055 width=121)
	              Recheck Cond: ((id >= 7493188) AND (id <= 7494187))
	              ->  Bitmap Index Scan on sbtest1_pkey  (cost=0.00..22.98 rows=1055 width=0)
	                    Index Cond: ((id >= 7493188) AND (id <= 7494187))

table 2 : explain SELECT DISTINCT c FROM sbtest2 WHERE id BETWEEN 9548830 AND 9549829 ORDER BY c
	Unique  (cost=4028.53..4033.68 rows=1031 width=121)
	  ->  Sort  (cost=4028.53..4031.11 rows=1031 width=121)
	        Sort Key: c
	        ->  Bitmap Heap Scan on sbtest2  (cost=23.00..3976.93 rows=1031 width=121)
	              Recheck Cond: ((id >= 9548830) AND (id <= 9549829))
	              ->  Bitmap Index Scan on sbtest2_pkey  (cost=0.00..22.75 rows=1031 width=0)
	                    Index Cond: ((id >= 9548830) AND (id <= 9549829))

table 3 : explain SELECT DISTINCT c FROM sbtest3 WHERE id BETWEEN 2190823 AND 2191822 ORDER BY c
	Unique  (cost=3883.43..3888.39 rows=993 width=121)
	  ->  Sort  (cost=3883.43..3885.91 rows=993 width=121)
	        Sort Key: c
	        ->  Bitmap Heap Scan on sbtest3  (cost=22.61..3834.00 rows=993 width=121)
	              Recheck Cond: ((id >= 2190823) AND (id <= 2191822))
	              ->  Bitmap Index Scan on sbtest3_pkey  (cost=0.00..22.36 rows=993 width=0)
	                    Index Cond: ((id >= 2190823) AND (id <= 2191822))

table 4 : explain SELECT DISTINCT c FROM sbtest4 WHERE id BETWEEN 9520784 AND 9521783 ORDER BY c
	Unique  (cost=4078.20..4083.42 rows=1044 width=121)
	  ->  Sort  (cost=4078.20..4080.81 rows=1044 width=121)
	        Sort Key: c
	        ->  Bitmap Heap Scan on sbtest4  (cost=23.14..4025.86 rows=1044 width=121)
	              Recheck Cond: ((id >= 9520784) AND (id <= 9521783))
	              ->  Bitmap Index Scan on sbtest4_pkey  (cost=0.00..22.87 rows=1044 width=0)
	                    Index Cond: ((id >= 9520784) AND (id <= 9521783))

table 5 : explain SELECT DISTINCT c FROM sbtest5 WHERE id BETWEEN 9503140 AND 9504139 ORDER BY c
	Unique  (cost=4129.29..4134.57 rows=1057 width=121)
	  ->  Sort  (cost=4129.29..4131.93 rows=1057 width=121)
	        Sort Key: c
	        ->  Bitmap Heap Scan on sbtest5  (cost=23.27..4076.20 rows=1057 width=121)
	              Recheck Cond: ((id >= 9503140) AND (id <= 9504139))
	              ->  Bitmap Index Scan on sbtest5_pkey  (cost=0.00..23.00 rows=1057 width=0)
	                    Index Cond: ((id >= 9503140) AND (id <= 9504139))

table 6 : explain SELECT DISTINCT c FROM sbtest6 WHERE id BETWEEN 8715920 AND 8716919 ORDER BY c
	Unique  (cost=3504.70..3509.17 rows=894 width=121)
	  ->  Sort  (cost=3504.70..3506.93 rows=894 width=121)
	        Sort Key: c
	        ->  Bitmap Heap Scan on sbtest6  (cost=21.60..3460.87 rows=894 width=121)
	              Recheck Cond: ((id >= 8715920) AND (id <= 8716919))
	              ->  Bitmap Index Scan on sbtest6_pkey  (cost=0.00..21.37 rows=894 width=0)
	                    Index Cond: ((id >= 8715920) AND (id <= 8716919))

table 7 : explain SELECT DISTINCT c FROM sbtest7 WHERE id BETWEEN 4189840 AND 4190839 ORDER BY c
	Unique  (cost=3708.87..3713.60 rows=947 width=121)
	  ->  Sort  (cost=3708.87..3711.23 rows=947 width=121)
	        Sort Key: c
	        ->  Bitmap Heap Scan on sbtest7  (cost=22.14..3662.05 rows=947 width=121)
	              Recheck Cond: ((id >= 4189840) AND (id <= 4190839))
	              ->  Bitmap Index Scan on sbtest7_pkey  (cost=0.00..21.90 rows=947 width=0)
	                    Index Cond: ((id >= 4189840) AND (id <= 4190839))

table 8 : explain SELECT DISTINCT c FROM sbtest8 WHERE id BETWEEN 2938479 AND 2939478 ORDER BY c
	Unique  (cost=3999.53..4004.65 rows=1023 width=121)
	  ->  Sort  (cost=3999.53..4002.09 rows=1023 width=121)
	        Sort Key: c
	        ->  Bitmap Heap Scan on sbtest8  (cost=22.92..3948.39 rows=1023 width=121)
	              Recheck Cond: ((id >= 2938479) AND (id <= 2939478))
	              ->  Bitmap Index Scan on sbtest8_pkey  (cost=0.00..22.66 rows=1023 width=0)
	                    Index Cond: ((id >= 2938479) AND (id <= 2939478))

for: sum_ranges
table 1 : explain SELECT SUM(k) FROM sbtest1 WHERE id BETWEEN 7539070 AND 7540069
	Aggregate  (cost=4070.06..4070.07 rows=1 width=8)
	  ->  Bitmap Heap Scan on sbtest1  (cost=23.25..4067.42 rows=1055 width=4)
	        Recheck Cond: ((id >= 7539070) AND (id <= 7540069))
	        ->  Bitmap Index Scan on sbtest1_pkey  (cost=0.00..22.98 rows=1055 width=0)
	              Index Cond: ((id >= 7539070) AND (id <= 7540069))

table 2 : explain SELECT SUM(k) FROM sbtest2 WHERE id BETWEEN 6918519 AND 6919518
	Aggregate  (cost=3919.28..3919.29 rows=1 width=8)
	  ->  Bitmap Heap Scan on sbtest2  (cost=22.84..3916.74 rows=1015 width=4)
	        Recheck Cond: ((id >= 6918519) AND (id <= 6919518))
	        ->  Bitmap Index Scan on sbtest2_pkey  (cost=0.00..22.58 rows=1015 width=0)
	              Index Cond: ((id >= 6918519) AND (id <= 6919518))

table 3 : explain SELECT SUM(k) FROM sbtest3 WHERE id BETWEEN 2171187 AND 2172186
	Aggregate  (cost=3836.48..3836.49 rows=1 width=8)
	  ->  Bitmap Heap Scan on sbtest3  (cost=22.61..3834.00 rows=993 width=4)
	        Recheck Cond: ((id >= 2171187) AND (id <= 2172186))
	        ->  Bitmap Index Scan on sbtest3_pkey  (cost=0.00..22.36 rows=993 width=0)
	              Index Cond: ((id >= 2171187) AND (id <= 2172186))

table 4 : explain SELECT SUM(k) FROM sbtest4 WHERE id BETWEEN 1477114 AND 1478113
	Aggregate  (cost=3885.43..3885.44 rows=1 width=8)
	  ->  Bitmap Heap Scan on sbtest4  (cost=22.75..3882.91 rows=1006 width=4)
	        Recheck Cond: ((id >= 1477114) AND (id <= 1478113))
	        ->  Bitmap Index Scan on sbtest4_pkey  (cost=0.00..22.50 rows=1006 width=0)
	              Index Cond: ((id >= 1477114) AND (id <= 1478113))

table 5 : explain SELECT SUM(k) FROM sbtest5 WHERE id BETWEEN 8206045 AND 8207044
	Aggregate  (cost=3916.95..3916.96 rows=1 width=8)
	  ->  Bitmap Heap Scan on sbtest5  (cost=22.83..3914.41 rows=1014 width=4)
	        Recheck Cond: ((id >= 8206045) AND (id <= 8207044))
	        ->  Bitmap Index Scan on sbtest5_pkey  (cost=0.00..22.57 rows=1014 width=0)
	              Index Cond: ((id >= 8206045) AND (id <= 8207044))

table 6 : explain SELECT SUM(k) FROM sbtest6 WHERE id BETWEEN 1542129 AND 1543128
	Aggregate  (cost=3716.21..3716.22 rows=1 width=8)
	  ->  Bitmap Heap Scan on sbtest6  (cost=22.29..3713.81 rows=961 width=4)
	        Recheck Cond: ((id >= 1542129) AND (id <= 1543128))
	        ->  Bitmap Index Scan on sbtest6_pkey  (cost=0.00..22.04 rows=961 width=0)
	              Index Cond: ((id >= 1542129) AND (id <= 1543128))

table 7 : explain SELECT SUM(k) FROM sbtest7 WHERE id BETWEEN 4832110 AND 4833109
	Aggregate  (cost=3558.62..3558.63 rows=1 width=8)
	  ->  Bitmap Heap Scan on sbtest7  (cost=21.85..3556.32 rows=919 width=4)
	        Recheck Cond: ((id >= 4832110) AND (id <= 4833109))
	        ->  Bitmap Index Scan on sbtest7_pkey  (cost=0.00..21.62 rows=919 width=0)
	              Index Cond: ((id >= 4832110) AND (id <= 4833109))

table 8 : explain SELECT SUM(k) FROM sbtest8 WHERE id BETWEEN 6473970 AND 6474969
	Aggregate  (cost=3966.01..3966.02 rows=1 width=8)
	  ->  Bitmap Heap Scan on sbtest8  (cost=22.96..3963.44 rows=1027 width=4)
	        Recheck Cond: ((id >= 6473970) AND (id <= 6474969))
	        ->  Bitmap Index Scan on sbtest8_pkey  (cost=0.00..22.70 rows=1027 width=0)
	              Index Cond: ((id >= 6473970) AND (id <= 6474969))

for: simple_ranges
table 1 : explain SELECT c FROM sbtest1 WHERE id BETWEEN 4149215 AND 4150214
	Bitmap Heap Scan on sbtest1  (cost=22.49..3788.96 rows=981 width=121)
	  Recheck Cond: ((id >= 4149215) AND (id <= 4150214))
	  ->  Bitmap Index Scan on sbtest1_pkey  (cost=0.00..22.25 rows=981 width=0)
	        Index Cond: ((id >= 4149215) AND (id <= 4150214))

table 2 : explain SELECT c FROM sbtest2 WHERE id BETWEEN 6072638 AND 6073637
	Bitmap Heap Scan on sbtest2  (cost=22.40..3754.81 rows=972 width=121)
	  Recheck Cond: ((id >= 6072638) AND (id <= 6073637))
	  ->  Bitmap Index Scan on sbtest2_pkey  (cost=0.00..22.15 rows=972 width=0)
	        Index Cond: ((id >= 6072638) AND (id <= 6073637))

table 3 : explain SELECT c FROM sbtest3 WHERE id BETWEEN 1130064 AND 1131063
	Bitmap Heap Scan on sbtest3  (cost=22.56..3815.17 rows=988 width=121)
	  Recheck Cond: ((id >= 1130064) AND (id <= 1131063))
	  ->  Bitmap Index Scan on sbtest3_pkey  (cost=0.00..22.32 rows=988 width=0)
	        Index Cond: ((id >= 1130064) AND (id <= 1131063))

table 4 : explain SELECT c FROM sbtest4 WHERE id BETWEEN 5849975 AND 5850974
	Bitmap Heap Scan on sbtest4  (cost=22.30..3717.16 rows=962 width=121)
	  Recheck Cond: ((id >= 5849975) AND (id <= 5850974))
	  ->  Bitmap Index Scan on sbtest4_pkey  (cost=0.00..22.05 rows=962 width=0)
	        Index Cond: ((id >= 5849975) AND (id <= 5850974))

table 5 : explain SELECT c FROM sbtest5 WHERE id BETWEEN 1650394 AND 1651393
	Bitmap Heap Scan on sbtest5  (cost=22.96..3963.35 rows=1027 width=121)
	  Recheck Cond: ((id >= 1650394) AND (id <= 1651393))
	  ->  Bitmap Index Scan on sbtest5_pkey  (cost=0.00..22.70 rows=1027 width=0)
	        Index Cond: ((id >= 1650394) AND (id <= 1651393))

table 6 : explain SELECT c FROM sbtest6 WHERE id BETWEEN 434242 AND 435241
	Bitmap Heap Scan on sbtest6  (cost=23.20..4048.89 rows=1050 width=121)
	  Recheck Cond: ((id >= 434242) AND (id <= 435241))
	  ->  Bitmap Index Scan on sbtest6_pkey  (cost=0.00..22.93 rows=1050 width=0)
	        Index Cond: ((id >= 434242) AND (id <= 435241))

table 7 : explain SELECT c FROM sbtest7 WHERE id BETWEEN 6370528 AND 6371527
	Bitmap Heap Scan on sbtest7  (cost=23.43..4136.58 rows=1073 width=121)
	  Recheck Cond: ((id >= 6370528) AND (id <= 6371527))
	  ->  Bitmap Index Scan on sbtest7_pkey  (cost=0.00..23.16 rows=1073 width=0)
	        Index Cond: ((id >= 6370528) AND (id <= 6371527))

table 8 : explain SELECT c FROM sbtest8 WHERE id BETWEEN 5958453 AND 5959452
	Bitmap Heap Scan on sbtest8  (cost=22.29..3714.76 rows=961 width=121)
	  Recheck Cond: ((id >= 5958453) AND (id <= 5959452))
	  ->  Bitmap Index Scan on sbtest8_pkey  (cost=0.00..22.04 rows=961 width=0)
	        Index Cond: ((id >= 5958453) AND (id <= 5959452))

for: order_ranges
table 1 : explain SELECT c FROM sbtest1 WHERE id BETWEEN 6196532 AND 6197531 ORDER BY c
	Sort  (cost=3898.89..3901.38 rows=997 width=121)
	  Sort Key: c
	  ->  Bitmap Heap Scan on sbtest1  (cost=22.65..3849.23 rows=997 width=121)
	        Recheck Cond: ((id >= 6196532) AND (id <= 6197531))
	        ->  Bitmap Index Scan on sbtest1_pkey  (cost=0.00..22.40 rows=997 width=0)
	              Index Cond: ((id >= 6196532) AND (id <= 6197531))

table 2 : explain SELECT c FROM sbtest2 WHERE id BETWEEN 8733014 AND 8734013 ORDER BY c
	Sort  (cost=4291.97..4294.72 rows=1100 width=121)
	  Sort Key: c
	  ->  Bitmap Heap Scan on sbtest2  (cost=27.71..4236.40 rows=1100 width=121)
	        Recheck Cond: ((id >= 8733014) AND (id <= 8734013))
	        ->  Bitmap Index Scan on sbtest2_pkey  (cost=0.00..27.43 rows=1100 width=0)
	              Index Cond: ((id >= 8733014) AND (id <= 8734013))

table 3 : explain SELECT c FROM sbtest3 WHERE id BETWEEN 2399282 AND 2400281 ORDER BY c
	Sort  (cost=4009.52..4012.08 rows=1026 width=121)
	  Sort Key: c
	  ->  Bitmap Heap Scan on sbtest3  (cost=22.95..3958.20 rows=1026 width=121)
	        Recheck Cond: ((id >= 2399282) AND (id <= 2400281))
	        ->  Bitmap Index Scan on sbtest3_pkey  (cost=0.00..22.69 rows=1026 width=0)
	              Index Cond: ((id >= 2399282) AND (id <= 2400281))

table 4 : explain SELECT c FROM sbtest4 WHERE id BETWEEN 8330130 AND 8331129 ORDER BY c
	Sort  (cost=3879.57..3882.05 rows=992 width=121)
	  Sort Key: c
	  ->  Bitmap Heap Scan on sbtest4  (cost=22.60..3830.20 rows=992 width=121)
	        Recheck Cond: ((id >= 8330130) AND (id <= 8331129))
	        ->  Bitmap Index Scan on sbtest4_pkey  (cost=0.00..22.36 rows=992 width=0)
	              Index Cond: ((id >= 8330130) AND (id <= 8331129))

table 5 : explain SELECT c FROM sbtest5 WHERE id BETWEEN 2512673 AND 2513672 ORDER BY c
	Sort  (cost=3639.70..3642.02 rows=929 width=121)
	  Sort Key: c
	  ->  Bitmap Heap Scan on sbtest5  (cost=21.96..3593.90 rows=929 width=121)
	        Recheck Cond: ((id >= 2512673) AND (id <= 2513672))
	        ->  Bitmap Index Scan on sbtest5_pkey  (cost=0.00..21.72 rows=929 width=0)
	              Index Cond: ((id >= 2512673) AND (id <= 2513672))

table 6 : explain SELECT c FROM sbtest6 WHERE id BETWEEN 9089689 AND 9090688 ORDER BY c
	Sort  (cost=3979.39..3981.93 rows=1018 width=121)
	  Sort Key: c
	  ->  Bitmap Heap Scan on sbtest6  (cost=22.87..3928.53 rows=1018 width=121)
	        Recheck Cond: ((id >= 9089689) AND (id <= 9090688))
	        ->  Bitmap Index Scan on sbtest6_pkey  (cost=0.00..22.61 rows=1018 width=0)
	              Index Cond: ((id >= 9089689) AND (id <= 9090688))

table 7 : explain SELECT c FROM sbtest7 WHERE id BETWEEN 787825 AND 788824 ORDER BY c
	Sort  (cost=4160.06..4162.72 rows=1065 width=121)
	  Sort Key: c
	  ->  Bitmap Heap Scan on sbtest7  (cost=23.35..4106.51 rows=1065 width=121)
	        Recheck Cond: ((id >= 787825) AND (id <= 788824))
	        ->  Bitmap Index Scan on sbtest7_pkey  (cost=0.00..23.08 rows=1065 width=0)
	              Index Cond: ((id >= 787825) AND (id <= 788824))

table 8 : explain SELECT c FROM sbtest8 WHERE id BETWEEN 2202272 AND 2203271 ORDER BY c
	Sort  (cost=4053.02..4055.61 rows=1037 width=121)
	  Sort Key: c
	  ->  Bitmap Heap Scan on sbtest8  (cost=23.06..4001.08 rows=1037 width=121)
	        Recheck Cond: ((id >= 2202272) AND (id <= 2203271))
	        ->  Bitmap Index Scan on sbtest8_pkey  (cost=0.00..22.80 rows=1037 width=0)
	              Index Cond: ((id >= 2202272) AND (id <= 2203271))

for point_selects
table 1 : explain SELECT c FROM sbtest1 WHERE id=8933065
	Index Scan using sbtest1_pkey on sbtest1  (cost=0.43..8.45 rows=1 width=121)
	  Index Cond: (id = 8933065)

table 2 : explain SELECT c FROM sbtest2 WHERE id=2466706
	Index Scan using sbtest2_pkey on sbtest2  (cost=0.43..8.45 rows=1 width=121)
	  Index Cond: (id = 2466706)

table 3 : explain SELECT c FROM sbtest3 WHERE id=6684714
	Index Scan using sbtest3_pkey on sbtest3  (cost=0.43..8.45 rows=1 width=121)
	  Index Cond: (id = 6684714)

table 4 : explain SELECT c FROM sbtest4 WHERE id=3628083
	Index Scan using sbtest4_pkey on sbtest4  (cost=0.43..8.45 rows=1 width=121)
	  Index Cond: (id = 3628083)

table 5 : explain SELECT c FROM sbtest5 WHERE id=2185142
	Index Scan using sbtest5_pkey on sbtest5  (cost=0.43..8.45 rows=1 width=121)
	  Index Cond: (id = 2185142)

table 6 : explain SELECT c FROM sbtest6 WHERE id=914781
	Index Scan using sbtest6_pkey on sbtest6  (cost=0.43..8.45 rows=1 width=121)
	  Index Cond: (id = 914781)

table 7 : explain SELECT c FROM sbtest7 WHERE id=8161757
	Index Scan using sbtest7_pkey on sbtest7  (cost=0.43..8.45 rows=1 width=121)
	  Index Cond: (id = 8161757)

table 8 : explain SELECT c FROM sbtest8 WHERE id=5828059
	Index Scan using sbtest8_pkey on sbtest8  (cost=0.43..8.45 rows=1 width=121)
	  Index Cond: (id = 5828059)

for: sum_ranges
table 1 : explain SELECT SUM(k) FROM sbtest1 WHERE id BETWEEN 9062644 AND 9063643
	Aggregate  (cost=3829.11..3829.12 rows=1 width=8)
	  ->  Bitmap Heap Scan on sbtest1  (cost=22.59..3826.63 rows=991 width=4)
	        Recheck Cond: ((id >= 9062644) AND (id <= 9063643))
	        ->  Bitmap Index Scan on sbtest1_pkey  (cost=0.00..22.34 rows=991 width=0)
	              Index Cond: ((id >= 9062644) AND (id <= 9063643))

table 2 : explain SELECT SUM(k) FROM sbtest2 WHERE id BETWEEN 2035539 AND 2036538
	Aggregate  (cost=3761.01..3761.02 rows=1 width=8)
	  ->  Bitmap Heap Scan on sbtest2  (cost=22.41..3758.58 rows=973 width=4)
	        Recheck Cond: ((id >= 2035539) AND (id <= 2036538))
	        ->  Bitmap Index Scan on sbtest2_pkey  (cost=0.00..22.16 rows=973 width=0)
	              Index Cond: ((id >= 2035539) AND (id <= 2036538))

table 3 : explain SELECT SUM(k) FROM sbtest3 WHERE id BETWEEN 6436943 AND 6437942
	Aggregate  (cost=3855.32..3855.33 rows=1 width=8)
	  ->  Bitmap Heap Scan on sbtest3  (cost=22.66..3852.83 rows=998 width=4)
	        Recheck Cond: ((id >= 6436943) AND (id <= 6437942))
	        ->  Bitmap Index Scan on sbtest3_pkey  (cost=0.00..22.41 rows=998 width=0)
	              Index Cond: ((id >= 6436943) AND (id <= 6437942))

table 4 : explain SELECT SUM(k) FROM sbtest4 WHERE id BETWEEN 4888455 AND 4889454
	Aggregate  (cost=3561.01..3561.02 rows=1 width=8)
	  ->  Bitmap Heap Scan on sbtest4  (cost=21.87..3558.71 rows=920 width=4)
	        Recheck Cond: ((id >= 4888455) AND (id <= 4889454))
	        ->  Bitmap Index Scan on sbtest4_pkey  (cost=0.00..21.64 rows=920 width=0)
	              Index Cond: ((id >= 4888455) AND (id <= 4889454))

table 5 : explain SELECT SUM(k) FROM sbtest5 WHERE id BETWEEN 5419164 AND 5420163
	Aggregate  (cost=4112.69..4112.70 rows=1 width=8)
	  ->  Bitmap Heap Scan on sbtest5  (cost=23.36..4110.03 rows=1066 width=4)
	        Recheck Cond: ((id >= 5419164) AND (id <= 5420163))
	        ->  Bitmap Index Scan on sbtest5_pkey  (cost=0.00..23.09 rows=1066 width=0)
	              Index Cond: ((id >= 5419164) AND (id <= 5420163))

table 6 : explain SELECT SUM(k) FROM sbtest6 WHERE id BETWEEN 375112 AND 376111
	Aggregate  (cost=3821.81..3821.82 rows=1 width=8)
	  ->  Bitmap Heap Scan on sbtest6  (cost=22.57..3819.34 rows=989 width=4)
	        Recheck Cond: ((id >= 375112) AND (id <= 376111))
	        ->  Bitmap Index Scan on sbtest6_pkey  (cost=0.00..22.32 rows=989 width=0)
	              Index Cond: ((id >= 375112) AND (id <= 376111))

table 7 : explain SELECT SUM(k) FROM sbtest7 WHERE id BETWEEN 6604196 AND 6605195
	Aggregate  (cost=3890.79..3890.80 rows=1 width=8)
	  ->  Bitmap Heap Scan on sbtest7  (cost=22.76..3888.27 rows=1007 width=4)
	        Recheck Cond: ((id >= 6604196) AND (id <= 6605195))
	        ->  Bitmap Index Scan on sbtest7_pkey  (cost=0.00..22.50 rows=1007 width=0)
	              Index Cond: ((id >= 6604196) AND (id <= 6605195))

table 8 : explain SELECT SUM(k) FROM sbtest8 WHERE id BETWEEN 566089 AND 567088
	Aggregate  (cost=3883.13..3883.14 rows=1 width=8)
	  ->  Bitmap Heap Scan on sbtest8  (cost=22.74..3880.61 rows=1005 width=4)
	        Recheck Cond: ((id >= 566089) AND (id <= 567088))
	        ->  Bitmap Index Scan on sbtest8_pkey  (cost=0.00..22.48 rows=1005 width=0)
	              Index Cond: ((id >= 566089) AND (id <= 567088))

for: simple_ranges
table 1 : explain SELECT c FROM sbtest1 WHERE id BETWEEN 1217217 AND 1218216
	Bitmap Heap Scan on sbtest1  (cost=23.01..3980.95 rows=1032 width=121)
	  Recheck Cond: ((id >= 1217217) AND (id <= 1218216))
	  ->  Bitmap Index Scan on sbtest1_pkey  (cost=0.00..22.75 rows=1032 width=0)
	        Index Cond: ((id >= 1217217) AND (id <= 1218216))

table 2 : explain SELECT c FROM sbtest2 WHERE id BETWEEN 7554200 AND 7555199
	Bitmap Heap Scan on sbtest2  (cost=21.95..3588.87 rows=928 width=121)
	  Recheck Cond: ((id >= 7554200) AND (id <= 7555199))
	  ->  Bitmap Index Scan on sbtest2_pkey  (cost=0.00..21.71 rows=928 width=0)
	        Index Cond: ((id >= 7554200) AND (id <= 7555199))

table 3 : explain SELECT c FROM sbtest3 WHERE id BETWEEN 6818582 AND 6819581
	Bitmap Heap Scan on sbtest3  (cost=22.50..3792.57 rows=982 width=121)
	  Recheck Cond: ((id >= 6818582) AND (id <= 6819581))
	  ->  Bitmap Index Scan on sbtest3_pkey  (cost=0.00..22.25 rows=982 width=0)
	        Index Cond: ((id >= 6818582) AND (id <= 6819581))

table 4 : explain SELECT c FROM sbtest4 WHERE id BETWEEN 5331604 AND 5332603
	Bitmap Heap Scan on sbtest4  (cost=22.45..3773.70 rows=977 width=121)
	  Recheck Cond: ((id >= 5331604) AND (id <= 5332603))
	  ->  Bitmap Index Scan on sbtest4_pkey  (cost=0.00..22.20 rows=977 width=0)
	        Index Cond: ((id >= 5331604) AND (id <= 5332603))

table 5 : explain SELECT c FROM sbtest5 WHERE id BETWEEN 6023723 AND 6024722
	Bitmap Heap Scan on sbtest5  (cost=22.30..3718.45 rows=962 width=121)
	  Recheck Cond: ((id >= 6023723) AND (id <= 6024722))
	  ->  Bitmap Index Scan on sbtest5_pkey  (cost=0.00..22.05 rows=962 width=0)
	        Index Cond: ((id >= 6023723) AND (id <= 6024722))

table 6 : explain SELECT c FROM sbtest6 WHERE id BETWEEN 488248 AND 489247
	Bitmap Heap Scan on sbtest6  (cost=23.20..4048.89 rows=1050 width=121)
	  Recheck Cond: ((id >= 488248) AND (id <= 489247))
	  ->  Bitmap Index Scan on sbtest6_pkey  (cost=0.00..22.93 rows=1050 width=0)
	        Index Cond: ((id >= 488248) AND (id <= 489247))

table 7 : explain SELECT c FROM sbtest7 WHERE id BETWEEN 7614581 AND 7615580
	Bitmap Heap Scan on sbtest7  (cost=22.82..3910.87 rows=1013 width=121)
	  Recheck Cond: ((id >= 7614581) AND (id <= 7615580))
	  ->  Bitmap Index Scan on sbtest7_pkey  (cost=0.00..22.57 rows=1013 width=0)
	        Index Cond: ((id >= 7614581) AND (id <= 7615580))

table 8 : explain SELECT c FROM sbtest8 WHERE id BETWEEN 5695716 AND 5696715
	Bitmap Heap Scan on sbtest8  (cost=22.52..3801.49 rows=984 width=121)
	  Recheck Cond: ((id >= 5695716) AND (id <= 5696715))
	  ->  Bitmap Index Scan on sbtest8_pkey  (cost=0.00..22.27 rows=984 width=0)
	        Index Cond: ((id >= 5695716) AND (id <= 5696715))

for point_selects
table 1 : explain SELECT c FROM sbtest1 WHERE id=5710095
	Index Scan using sbtest1_pkey on sbtest1  (cost=0.43..8.45 rows=1 width=121)
	  Index Cond: (id = 5710095)

table 2 : explain SELECT c FROM sbtest2 WHERE id=7367051
	Index Scan using sbtest2_pkey on sbtest2  (cost=0.43..8.45 rows=1 width=121)
	  Index Cond: (id = 7367051)

table 3 : explain SELECT c FROM sbtest3 WHERE id=7163600
	Index Scan using sbtest3_pkey on sbtest3  (cost=0.43..8.45 rows=1 width=121)
	  Index Cond: (id = 7163600)

table 4 : explain SELECT c FROM sbtest4 WHERE id=5850093
	Index Scan using sbtest4_pkey on sbtest4  (cost=0.43..8.45 rows=1 width=121)
	  Index Cond: (id = 5850093)

table 5 : explain SELECT c FROM sbtest5 WHERE id=9280344
	Index Scan using sbtest5_pkey on sbtest5  (cost=0.43..8.45 rows=1 width=121)
	  Index Cond: (id = 9280344)

table 6 : explain SELECT c FROM sbtest6 WHERE id=1190570
	Index Scan using sbtest6_pkey on sbtest6  (cost=0.43..8.45 rows=1 width=121)
	  Index Cond: (id = 1190570)

table 7 : explain SELECT c FROM sbtest7 WHERE id=9158618
	Index Scan using sbtest7_pkey on sbtest7  (cost=0.43..8.45 rows=1 width=121)
	  Index Cond: (id = 9158618)

table 8 : explain SELECT c FROM sbtest8 WHERE id=1618036
	Index Scan using sbtest8_pkey on sbtest8  (cost=0.43..8.45 rows=1 width=121)
	  Index Cond: (id = 1618036)

for: sum_ranges
table 1 : explain SELECT SUM(k) FROM sbtest1 WHERE id BETWEEN 2788762 AND 2789761
	Aggregate  (cost=3912.00..3912.01 rows=1 width=8)
	  ->  Bitmap Heap Scan on sbtest1  (cost=22.82..3909.46 rows=1013 width=4)
	        Recheck Cond: ((id >= 2788762) AND (id <= 2789761))
	        ->  Bitmap Index Scan on sbtest1_pkey  (cost=0.00..22.57 rows=1013 width=0)
	              Index Cond: ((id >= 2788762) AND (id <= 2789761))

table 2 : explain SELECT SUM(k) FROM sbtest2 WHERE id BETWEEN 1466535 AND 1467534
	Aggregate  (cost=3606.29..3606.30 rows=1 width=8)
	  ->  Bitmap Heap Scan on sbtest2  (cost=21.99..3603.96 rows=932 width=4)
	        Recheck Cond: ((id >= 1466535) AND (id <= 1467534))
	        ->  Bitmap Index Scan on sbtest2_pkey  (cost=0.00..21.75 rows=932 width=0)
	              Index Cond: ((id >= 1466535) AND (id <= 1467534))

table 3 : explain SELECT SUM(k) FROM sbtest3 WHERE id BETWEEN 1413162 AND 1414161
	Aggregate  (cost=3749.77..3749.78 rows=1 width=8)
	  ->  Bitmap Heap Scan on sbtest3  (cost=22.38..3747.35 rows=970 width=4)
	        Recheck Cond: ((id >= 1413162) AND (id <= 1414161))
	        ->  Bitmap Index Scan on sbtest3_pkey  (cost=0.00..22.14 rows=970 width=0)
	              Index Cond: ((id >= 1413162) AND (id <= 1414161))

table 4 : explain SELECT SUM(k) FROM sbtest4 WHERE id BETWEEN 3733637 AND 3734636
	Aggregate  (cost=3923.09..3923.10 rows=1 width=8)
	  ->  Bitmap Heap Scan on sbtest4  (cost=22.85..3920.55 rows=1016 width=4)
	        Recheck Cond: ((id >= 3733637) AND (id <= 3734636))
	        ->  Bitmap Index Scan on sbtest4_pkey  (cost=0.00..22.59 rows=1016 width=0)
	              Index Cond: ((id >= 3733637) AND (id <= 3734636))

table 5 : explain SELECT SUM(k) FROM sbtest5 WHERE id BETWEEN 4805391 AND 4806390
	Aggregate  (cost=3637.78..3637.79 rows=1 width=8)
	  ->  Bitmap Heap Scan on sbtest5  (cost=22.07..3635.43 rows=940 width=4)
	        Recheck Cond: ((id >= 4805391) AND (id <= 4806390))
	        ->  Bitmap Index Scan on sbtest5_pkey  (cost=0.00..21.83 rows=940 width=0)
	              Index Cond: ((id >= 4805391) AND (id <= 4806390))

table 6 : explain SELECT SUM(k) FROM sbtest6 WHERE id BETWEEN 6065202 AND 6066201
	Aggregate  (cost=4138.00..4138.01 rows=1 width=8)
	  ->  Bitmap Heap Scan on sbtest6  (cost=23.43..4135.32 rows=1073 width=4)
	        Recheck Cond: ((id >= 6065202) AND (id <= 6066201))
	        ->  Bitmap Index Scan on sbtest6_pkey  (cost=0.00..23.16 rows=1073 width=0)
	              Index Cond: ((id >= 6065202) AND (id <= 6066201))

table 7 : explain SELECT SUM(k) FROM sbtest7 WHERE id BETWEEN 3646009 AND 3647008
	Aggregate  (cost=3603.97..3603.98 rows=1 width=8)
	  ->  Bitmap Heap Scan on sbtest7  (cost=21.98..3601.65 rows=931 width=4)
	        Recheck Cond: ((id >= 3646009) AND (id <= 3647008))
	        ->  Bitmap Index Scan on sbtest7_pkey  (cost=0.00..21.75 rows=931 width=0)
	              Index Cond: ((id >= 3646009) AND (id <= 3647008))

table 8 : explain SELECT SUM(k) FROM sbtest8 WHERE id BETWEEN 3108697 AND 3109696
	Aggregate  (cost=3777.54..3777.55 rows=1 width=8)
	  ->  Bitmap Heap Scan on sbtest8  (cost=22.45..3775.10 rows=977 width=4)
	        Recheck Cond: ((id >= 3108697) AND (id <= 3109696))
	        ->  Bitmap Index Scan on sbtest8_pkey  (cost=0.00..22.20 rows=977 width=0)
	              Index Cond: ((id >= 3108697) AND (id <= 3109696))

explain: for point_selects :: explain SELECT c FROM sbtest%u WHERE id=%u
explain: for point_selects :: explain SELECT c FROM sbtest%u WHERE id=%u
for: order_ranges
table 1 : explain SELECT c FROM sbtest1 WHERE id BETWEEN 779796 AND 780795 ORDER BY c
	Sort  (cost=3791.80..3794.23 rows=969 width=121)
	  Sort Key: c
	  ->  Bitmap Heap Scan on sbtest1  (cost=22.37..3743.74 rows=969 width=121)
	        Recheck Cond: ((id >= 779796) AND (id <= 780795))
	        ->  Bitmap Index Scan on sbtest1_pkey  (cost=0.00..22.12 rows=969 width=0)
	              Index Cond: ((id >= 779796) AND (id <= 780795))

table 2 : explain SELECT c FROM sbtest2 WHERE id BETWEEN 4976045 AND 4977044 ORDER BY c
	Sort  (cost=3913.93..3916.43 rows=1001 width=121)
	  Sort Key: c
	  ->  Bitmap Heap Scan on sbtest2  (cost=22.70..3864.04 rows=1001 width=121)
	        Recheck Cond: ((id >= 4976045) AND (id <= 4977044))
	        ->  Bitmap Index Scan on sbtest2_pkey  (cost=0.00..22.44 rows=1001 width=0)
	              Index Cond: ((id >= 4976045) AND (id <= 4977044))

table 3 : explain SELECT c FROM sbtest3 WHERE id BETWEEN 5793366 AND 5794365 ORDER BY c
	Sort  (cost=3978.96..3981.51 rows=1018 width=121)
	  Sort Key: c
	  ->  Bitmap Heap Scan on sbtest3  (cost=22.87..3928.11 rows=1018 width=121)
	        Recheck Cond: ((id >= 5793366) AND (id <= 5794365))
	        ->  Bitmap Index Scan on sbtest3_pkey  (cost=0.00..22.61 rows=1018 width=0)
	              Index Cond: ((id >= 5793366) AND (id <= 5794365))

table 4 : explain SELECT c FROM sbtest4 WHERE id BETWEEN 7162798 AND 7163797 ORDER BY c
	Sort  (cost=3883.40..3885.88 rows=993 width=121)
	  Sort Key: c
	  ->  Bitmap Heap Scan on sbtest4  (cost=22.61..3833.97 rows=993 width=121)
	        Recheck Cond: ((id >= 7162798) AND (id <= 7163797))
	        ->  Bitmap Index Scan on sbtest4_pkey  (cost=0.00..22.36 rows=993 width=0)
	              Index Cond: ((id >= 7162798) AND (id <= 7163797))

table 5 : explain SELECT c FROM sbtest5 WHERE id BETWEEN 1232918 AND 1233917 ORDER BY c
	Sort  (cost=3746.97..3749.36 rows=957 width=121)
	  Sort Key: c
	  ->  Bitmap Heap Scan on sbtest5  (cost=22.24..3699.58 rows=957 width=121)
	        Recheck Cond: ((id >= 1232918) AND (id <= 1233917))
	        ->  Bitmap Index Scan on sbtest5_pkey  (cost=0.00..22.00 rows=957 width=0)
	              Index Cond: ((id >= 1232918) AND (id <= 1233917))

table 6 : explain SELECT c FROM sbtest6 WHERE id BETWEEN 5783737 AND 5784736 ORDER BY c
	Sort  (cost=3941.18..3943.70 rows=1008 width=121)
	  Sort Key: c
	  ->  Bitmap Heap Scan on sbtest6  (cost=22.77..3890.89 rows=1008 width=121)
	        Recheck Cond: ((id >= 5783737) AND (id <= 5784736))
	        ->  Bitmap Index Scan on sbtest6_pkey  (cost=0.00..22.51 rows=1008 width=0)
	              Index Cond: ((id >= 5783737) AND (id <= 5784736))

table 7 : explain SELECT c FROM sbtest7 WHERE id BETWEEN 5059532 AND 5060531 ORDER BY c
	Sort  (cost=3796.95..3799.37 rows=970 width=121)
	  Sort Key: c
	  ->  Bitmap Heap Scan on sbtest7  (cost=22.38..3748.82 rows=970 width=121)
	        Recheck Cond: ((id >= 5059532) AND (id <= 5060531))
	        ->  Bitmap Index Scan on sbtest7_pkey  (cost=0.00..22.14 rows=970 width=0)
	              Index Cond: ((id >= 5059532) AND (id <= 5060531))

table 8 : explain SELECT c FROM sbtest8 WHERE id BETWEEN 3908282 AND 3909281 ORDER BY c
	Sort  (cost=3639.78..3642.10 rows=929 width=121)
	  Sort Key: c
	  ->  Bitmap Heap Scan on sbtest8  (cost=21.96..3593.98 rows=929 width=121)
	        Recheck Cond: ((id >= 3908282) AND (id <= 3909281))
	        ->  Bitmap Index Scan on sbtest8_pkey  (cost=0.00..21.72 rows=929 width=0)
	              Index Cond: ((id >= 3908282) AND (id <= 3909281))

for: order_ranges
table 1 : explain SELECT c FROM sbtest1 WHERE id BETWEEN 1098815 AND 1099814 ORDER BY c
	Sort  (cost=3688.45..3690.81 rows=942 width=121)
	  Sort Key: c
	  ->  Bitmap Heap Scan on sbtest1  (cost=22.09..3641.92 rows=942 width=121)
	        Recheck Cond: ((id >= 1098815) AND (id <= 1099814))
	        ->  Bitmap Index Scan on sbtest1_pkey  (cost=0.00..21.86 rows=942 width=0)
	              Index Cond: ((id >= 1098815) AND (id <= 1099814))

table 2 : explain SELECT c FROM sbtest2 WHERE id BETWEEN 8822817 AND 8823816 ORDER BY c
	Sort  (cost=3902.46..3904.96 rows=998 width=121)
	  Sort Key: c
	  ->  Bitmap Heap Scan on sbtest2  (cost=22.66..3852.75 rows=998 width=121)
	        Recheck Cond: ((id >= 8822817) AND (id <= 8823816))
	        ->  Bitmap Index Scan on sbtest2_pkey  (cost=0.00..22.41 rows=998 width=0)
	              Index Cond: ((id >= 8822817) AND (id <= 8823816))

table 3 : explain SELECT c FROM sbtest3 WHERE id BETWEEN 9092386 AND 9093385 ORDER BY c
	Sort  (cost=3994.24..3996.80 rows=1022 width=121)
	  Sort Key: c
	  ->  Bitmap Heap Scan on sbtest3  (cost=22.91..3943.15 rows=1022 width=121)
	        Recheck Cond: ((id >= 9092386) AND (id <= 9093385))
	        ->  Bitmap Index Scan on sbtest3_pkey  (cost=0.00..22.65 rows=1022 width=0)
	              Index Cond: ((id >= 9092386) AND (id <= 9093385))

table 4 : explain SELECT c FROM sbtest4 WHERE id BETWEEN 5362240 AND 5363239 ORDER BY c
	Sort  (cost=3822.21..3824.66 rows=977 width=121)
	  Sort Key: c
	  ->  Bitmap Heap Scan on sbtest4  (cost=22.45..3773.70 rows=977 width=121)
	        Recheck Cond: ((id >= 5362240) AND (id <= 5363239))
	        ->  Bitmap Index Scan on sbtest4_pkey  (cost=0.00..22.20 rows=977 width=0)
	              Index Cond: ((id >= 5362240) AND (id <= 5363239))

table 5 : explain SELECT c FROM sbtest5 WHERE id BETWEEN 1920992 AND 1921991 ORDER BY c
	Sort  (cost=4049.10..4051.69 rows=1036 width=121)
	  Sort Key: c
	  ->  Bitmap Heap Scan on sbtest5  (cost=23.05..3997.21 rows=1036 width=121)
	        Recheck Cond: ((id >= 1920992) AND (id <= 1921991))
	        ->  Bitmap Index Scan on sbtest5_pkey  (cost=0.00..22.79 rows=1036 width=0)
	              Index Cond: ((id >= 1920992) AND (id <= 1921991))

table 6 : explain SELECT c FROM sbtest6 WHERE id BETWEEN 9790319 AND 9791318 ORDER BY c
	Sort  (cost=3922.07..3924.57 rows=1003 width=121)
	  Sort Key: c
	  ->  Bitmap Heap Scan on sbtest6  (cost=22.72..3872.07 rows=1003 width=121)
	        Recheck Cond: ((id >= 9790319) AND (id <= 9791318))
	        ->  Bitmap Index Scan on sbtest6_pkey  (cost=0.00..22.46 rows=1003 width=0)
	              Index Cond: ((id >= 9790319) AND (id <= 9791318))

table 7 : explain SELECT c FROM sbtest7 WHERE id BETWEEN 1014 AND 2013 ORDER BY c
	Sort  (cost=3394.31..3396.47 rows=865 width=121)
	  Sort Key: c
	  ->  Bitmap Heap Scan on sbtest7  (cost=21.30..3352.11 rows=865 width=121)
	        Recheck Cond: ((id >= 1014) AND (id <= 2013))
	        ->  Bitmap Index Scan on sbtest7_pkey  (cost=0.00..21.08 rows=865 width=0)
	              Index Cond: ((id >= 1014) AND (id <= 2013))

table 8 : explain SELECT c FROM sbtest8 WHERE id BETWEEN 435343 AND 436342 ORDER BY c
	Sort  (cost=4087.39..4090.01 rows=1046 width=121)
	  Sort Key: c
	  ->  Bitmap Heap Scan on sbtest8  (cost=23.16..4034.93 rows=1046 width=121)
	        Recheck Cond: ((id >= 435343) AND (id <= 436342))
	        ->  Bitmap Index Scan on sbtest8_pkey  (cost=0.00..22.89 rows=1046 width=0)
	              Index Cond: ((id >= 435343) AND (id <= 436342))

for: simple_ranges
table 1 : explain SELECT c FROM sbtest1 WHERE id BETWEEN 8463036 AND 8464035
	Bitmap Heap Scan on sbtest1  (cost=22.07..3634.37 rows=940 width=121)
	  Recheck Cond: ((id >= 8463036) AND (id <= 8464035))
	  ->  Bitmap Index Scan on sbtest1_pkey  (cost=0.00..21.83 rows=940 width=0)
	        Index Cond: ((id >= 8463036) AND (id <= 8464035))

table 2 : explain SELECT c FROM sbtest2 WHERE id BETWEEN 4731428 AND 4732427
	Bitmap Heap Scan on sbtest2  (cost=22.84..3916.74 rows=1015 width=121)
	  Recheck Cond: ((id >= 4731428) AND (id <= 4732427))
	  ->  Bitmap Index Scan on sbtest2_pkey  (cost=0.00..22.58 rows=1015 width=0)
	        Index Cond: ((id >= 4731428) AND (id <= 4732427))

table 3 : explain SELECT c FROM sbtest3 WHERE id BETWEEN 8327282 AND 8328281
	Bitmap Heap Scan on sbtest3  (cost=22.47..3781.26 rows=979 width=121)
	  Recheck Cond: ((id >= 8327282) AND (id <= 8328281))
	  ->  Bitmap Index Scan on sbtest3_pkey  (cost=0.00..22.22 rows=979 width=0)
	        Index Cond: ((id >= 8327282) AND (id <= 8328281))

table 4 : explain SELECT c FROM sbtest4 WHERE id BETWEEN 2261219 AND 2262218
	Bitmap Heap Scan on sbtest4  (cost=22.44..3769.93 rows=976 width=121)
	  Recheck Cond: ((id >= 2261219) AND (id <= 2262218))
	  ->  Bitmap Index Scan on sbtest4_pkey  (cost=0.00..22.19 rows=976 width=0)
	        Index Cond: ((id >= 2261219) AND (id <= 2262218))

table 5 : explain SELECT c FROM sbtest5 WHERE id BETWEEN 4820798 AND 4821797
	Bitmap Heap Scan on sbtest5  (cost=22.07..3635.43 rows=940 width=121)
	  Recheck Cond: ((id >= 4820798) AND (id <= 4821797))
	  ->  Bitmap Index Scan on sbtest5_pkey  (cost=0.00..21.83 rows=940 width=0)
	        Index Cond: ((id >= 4820798) AND (id <= 4821797))

table 6 : explain SELECT c FROM sbtest6 WHERE id BETWEEN 3086995 AND 3087994
	Bitmap Heap Scan on sbtest6  (cost=21.98..3600.63 rows=931 width=121)
	  Recheck Cond: ((id >= 3086995) AND (id <= 3087994))
	  ->  Bitmap Index Scan on sbtest6_pkey  (cost=0.00..21.75 rows=931 width=0)
	        Index Cond: ((id >= 3086995) AND (id <= 3087994))

table 7 : explain SELECT c FROM sbtest7 WHERE id BETWEEN 1186451 AND 1187450
	Bitmap Heap Scan on sbtest7  (cost=23.06..4001.21 rows=1037 width=121)
	  Recheck Cond: ((id >= 1186451) AND (id <= 1187450))
	  ->  Bitmap Index Scan on sbtest7_pkey  (cost=0.00..22.80 rows=1037 width=0)
	        Index Cond: ((id >= 1186451) AND (id <= 1187450))

table 8 : explain SELECT c FROM sbtest8 WHERE id BETWEEN 3873045 AND 3874044
	Bitmap Heap Scan on sbtest8  (cost=27.48..4159.23 rows=1078 width=121)
	  Recheck Cond: ((id >= 3873045) AND (id <= 3874044))
	  ->  Bitmap Index Scan on sbtest8_pkey  (cost=0.00..27.21 rows=1078 width=0)
	        Index Cond: ((id >= 3873045) AND (id <= 3874044))

for: distinct_ranges
table 1 : explain SELECT DISTINCT c FROM sbtest1 WHERE id BETWEEN 7021498 AND 7022497 ORDER BY c
	Unique  (cost=3979.14..3984.23 rows=1018 width=121)
	  ->  Sort  (cost=3979.14..3981.68 rows=1018 width=121)
	        Sort Key: c
	        ->  Bitmap Heap Scan on sbtest1  (cost=22.87..3928.28 rows=1018 width=121)
	              Recheck Cond: ((id >= 7021498) AND (id <= 7022497))
	              ->  Bitmap Index Scan on sbtest1_pkey  (cost=0.00..22.61 rows=1018 width=0)
	                    Index Cond: ((id >= 7021498) AND (id <= 7022497))

table 2 : explain SELECT DISTINCT c FROM sbtest2 WHERE id BETWEEN 2768721 AND 2769720 ORDER BY c
	Unique  (cost=3508.12..3512.59 rows=895 width=121)
	  ->  Sort  (cost=3508.12..3510.35 rows=895 width=121)
	        Sort Key: c
	        ->  Bitmap Heap Scan on sbtest2  (cost=21.61..3464.24 rows=895 width=121)
	              Recheck Cond: ((id >= 2768721) AND (id <= 2769720))
	              ->  Bitmap Index Scan on sbtest2_pkey  (cost=0.00..21.39 rows=895 width=0)
	                    Index Cond: ((id >= 2768721) AND (id <= 2769720))

table 3 : explain SELECT DISTINCT c FROM sbtest3 WHERE id BETWEEN 2118582 AND 2119581 ORDER BY c
	Unique  (cost=3883.43..3888.39 rows=993 width=121)
	  ->  Sort  (cost=3883.43..3885.91 rows=993 width=121)
	        Sort Key: c
	        ->  Bitmap Heap Scan on sbtest3  (cost=22.61..3834.00 rows=993 width=121)
	              Recheck Cond: ((id >= 2118582) AND (id <= 2119581))
	              ->  Bitmap Index Scan on sbtest3_pkey  (cost=0.00..22.36 rows=993 width=0)
	                    Index Cond: ((id >= 2118582) AND (id <= 2119581))

table 4 : explain SELECT DISTINCT c FROM sbtest4 WHERE id BETWEEN 7040697 AND 7041696 ORDER BY c
	Unique  (cost=3718.90..3723.65 rows=950 width=121)
	  ->  Sort  (cost=3718.90..3721.27 rows=950 width=121)
	        Sort Key: c
	        ->  Bitmap Heap Scan on sbtest4  (cost=22.17..3671.91 rows=950 width=121)
	              Recheck Cond: ((id >= 7040697) AND (id <= 7041696))
	              ->  Bitmap Index Scan on sbtest4_pkey  (cost=0.00..21.93 rows=950 width=0)
	                    Index Cond: ((id >= 7040697) AND (id <= 7041696))

table 5 : explain SELECT DISTINCT c FROM sbtest5 WHERE id BETWEEN 9681271 AND 9682270 ORDER BY c
	Unique  (cost=3632.03..3636.67 rows=927 width=121)
	  ->  Sort  (cost=3632.03..3634.35 rows=927 width=121)
	        Sort Key: c
	        ->  Bitmap Heap Scan on sbtest5  (cost=21.94..3586.35 rows=927 width=121)
	              Recheck Cond: ((id >= 9681271) AND (id <= 9682270))
	              ->  Bitmap Index Scan on sbtest5_pkey  (cost=0.00..21.70 rows=927 width=0)
	                    Index Cond: ((id >= 9681271) AND (id <= 9682270))

table 6 : explain SELECT DISTINCT c FROM sbtest6 WHERE id BETWEEN 9781891 AND 9782890 ORDER BY c
	Unique  (cost=3922.07..3927.08 rows=1003 width=121)
	  ->  Sort  (cost=3922.07..3924.57 rows=1003 width=121)
	        Sort Key: c
	        ->  Bitmap Heap Scan on sbtest6  (cost=22.72..3872.07 rows=1003 width=121)
	              Recheck Cond: ((id >= 9781891) AND (id <= 9782890))
	              ->  Bitmap Index Scan on sbtest6_pkey  (cost=0.00..22.46 rows=1003 width=0)
	                    Index Cond: ((id >= 9781891) AND (id <= 9782890))

table 7 : explain SELECT DISTINCT c FROM sbtest7 WHERE id BETWEEN 8279207 AND 8280206 ORDER BY c
	Unique  (cost=4083.70..4088.93 rows=1045 width=121)
	  ->  Sort  (cost=4083.70..4086.32 rows=1045 width=121)
	        Sort Key: c
	        ->  Bitmap Heap Scan on sbtest7  (cost=23.15..4031.30 rows=1045 width=121)
	              Recheck Cond: ((id >= 8279207) AND (id <= 8280206))
	              ->  Bitmap Index Scan on sbtest7_pkey  (cost=0.00..22.89 rows=1045 width=0)
	                    Index Cond: ((id >= 8279207) AND (id <= 8280206))

table 8 : explain SELECT DISTINCT c FROM sbtest8 WHERE id BETWEEN 7943017 AND 7944016 ORDER BY c
	Unique  (cost=4033.92..4039.08 rows=1032 width=121)
	  ->  Sort  (cost=4033.92..4036.50 rows=1032 width=121)
	        Sort Key: c
	        ->  Bitmap Heap Scan on sbtest8  (cost=23.01..3982.26 rows=1032 width=121)
	              Recheck Cond: ((id >= 7943017) AND (id <= 7944016))
	              ->  Bitmap Index Scan on sbtest8_pkey  (cost=0.00..22.75 rows=1032 width=0)
	                    Index Cond: ((id >= 7943017) AND (id <= 7944016))

for: simple_ranges
table 1 : explain SELECT c FROM sbtest1 WHERE id BETWEEN 4407636 AND 4408635
	Bitmap Heap Scan on sbtest1  (cost=22.93..3950.85 rows=1024 width=121)
	  Recheck Cond: ((id >= 4407636) AND (id <= 4408635))
	  ->  Bitmap Index Scan on sbtest1_pkey  (cost=0.00..22.68 rows=1024 width=0)
	        Index Cond: ((id >= 4407636) AND (id <= 4408635))

table 2 : explain SELECT c FROM sbtest2 WHERE id BETWEEN 8649473 AND 8650472
	Bitmap Heap Scan on sbtest2  (cost=22.54..3807.56 rows=986 width=121)
	  Recheck Cond: ((id >= 8649473) AND (id <= 8650472))
	  ->  Bitmap Index Scan on sbtest2_pkey  (cost=0.00..22.29 rows=986 width=0)
	        Index Cond: ((id >= 8649473) AND (id <= 8650472))

table 3 : explain SELECT c FROM sbtest3 WHERE id BETWEEN 1052525 AND 1053524
	Bitmap Heap Scan on sbtest3  (cost=23.52..4164.90 rows=1081 width=121)
	  Recheck Cond: ((id >= 1052525) AND (id <= 1053524))
	  ->  Bitmap Index Scan on sbtest3_pkey  (cost=0.00..23.25 rows=1081 width=0)
	        Index Cond: ((id >= 1052525) AND (id <= 1053524))

table 4 : explain SELECT c FROM sbtest4 WHERE id BETWEEN 1627260 AND 1628259
	Bitmap Heap Scan on sbtest4  (cost=22.97..3965.69 rows=1028 width=121)
	  Recheck Cond: ((id >= 1627260) AND (id <= 1628259))
	  ->  Bitmap Index Scan on sbtest4_pkey  (cost=0.00..22.71 rows=1028 width=0)
	        Index Cond: ((id >= 1627260) AND (id <= 1628259))

table 5 : explain SELECT c FROM sbtest5 WHERE id BETWEEN 9938772 AND 9939771
	Bitmap Heap Scan on sbtest5  (cost=21.95..3590.12 rows=928 width=121)
	  Recheck Cond: ((id >= 9938772) AND (id <= 9939771))
	  ->  Bitmap Index Scan on sbtest5_pkey  (cost=0.00..21.71 rows=928 width=0)
	        Index Cond: ((id >= 9938772) AND (id <= 9939771))

table 6 : explain SELECT c FROM sbtest6 WHERE id BETWEEN 8579756 AND 8580755
	Bitmap Heap Scan on sbtest6  (cost=22.53..3804.27 rows=985 width=121)
	  Recheck Cond: ((id >= 8579756) AND (id <= 8580755))
	  ->  Bitmap Index Scan on sbtest6_pkey  (cost=0.00..22.29 rows=985 width=0)
	        Index Cond: ((id >= 8579756) AND (id <= 8580755))

table 7 : explain SELECT c FROM sbtest7 WHERE id BETWEEN 7134513 AND 7135512
	Bitmap Heap Scan on sbtest7  (cost=22.70..3865.67 rows=1001 width=121)
	  Recheck Cond: ((id >= 7134513) AND (id <= 7135512))
	  ->  Bitmap Index Scan on sbtest7_pkey  (cost=0.00..22.44 rows=1001 width=0)
	        Index Cond: ((id >= 7134513) AND (id <= 7135512))

table 8 : explain SELECT c FROM sbtest8 WHERE id BETWEEN 5306523 AND 5307522
	Bitmap Heap Scan on sbtest8  (cost=22.38..3748.71 rows=970 width=121)
	  Recheck Cond: ((id >= 5306523) AND (id <= 5307522))
	  ->  Bitmap Index Scan on sbtest8_pkey  (cost=0.00..22.14 rows=970 width=0)
	        Index Cond: ((id >= 5306523) AND (id <= 5307522))

for: distinct_ranges
table 1 : explain SELECT DISTINCT c FROM sbtest1 WHERE id BETWEEN 2451451 AND 2452450 ORDER BY c
	Unique  (cost=3910.35..3915.35 rows=1000 width=121)
	  ->  Sort  (cost=3910.35..3912.85 rows=1000 width=121)
	        Sort Key: c
	        ->  Bitmap Heap Scan on sbtest1  (cost=22.68..3860.53 rows=1000 width=121)
	              Recheck Cond: ((id >= 2451451) AND (id <= 2452450))
	              ->  Bitmap Index Scan on sbtest1_pkey  (cost=0.00..22.43 rows=1000 width=0)
	                    Index Cond: ((id >= 2451451) AND (id <= 2452450))

table 2 : explain SELECT DISTINCT c FROM sbtest2 WHERE id BETWEEN 688806 AND 689805 ORDER BY c
	Unique  (cost=3860.41..3865.35 rows=987 width=121)
	  ->  Sort  (cost=3860.41..3862.88 rows=987 width=121)
	        Sort Key: c
	        ->  Bitmap Heap Scan on sbtest2  (cost=22.55..3811.32 rows=987 width=121)
	              Recheck Cond: ((id >= 688806) AND (id <= 689805))
	              ->  Bitmap Index Scan on sbtest2_pkey  (cost=0.00..22.30 rows=987 width=0)
	                    Index Cond: ((id >= 688806) AND (id <= 689805))

table 3 : explain SELECT DISTINCT c FROM sbtest3 WHERE id BETWEEN 4545181 AND 4546180 ORDER BY c
	Unique  (cost=3940.76..3945.80 rows=1008 width=121)
	  ->  Sort  (cost=3940.76..3943.28 rows=1008 width=121)
	        Sort Key: c
	        ->  Bitmap Heap Scan on sbtest3  (cost=22.77..3890.47 rows=1008 width=121)
	              Recheck Cond: ((id >= 4545181) AND (id <= 4546180))
	              ->  Bitmap Index Scan on sbtest3_pkey  (cost=0.00..22.51 rows=1008 width=0)
	                    Index Cond: ((id >= 4545181) AND (id <= 4546180))

table 4 : explain SELECT DISTINCT c FROM sbtest4 WHERE id BETWEEN 1305771 AND 1306770 ORDER BY c
	Unique  (cost=4333.92..4339.48 rows=1111 width=121)
	  ->  Sort  (cost=4333.92..4336.70 rows=1111 width=121)
	        Sort Key: c
	        ->  Bitmap Heap Scan on sbtest4  (cost=27.82..4277.72 rows=1111 width=121)
	              Recheck Cond: ((id >= 1305771) AND (id <= 1306770))
	              ->  Bitmap Index Scan on sbtest4_pkey  (cost=0.00..27.54 rows=1111 width=0)
	                    Index Cond: ((id >= 1305771) AND (id <= 1306770))

table 5 : explain SELECT DISTINCT c FROM sbtest5 WHERE id BETWEEN 7525929 AND 7526928 ORDER BY c
	Unique  (cost=3968.86..3973.94 rows=1015 width=121)
	  ->  Sort  (cost=3968.86..3971.40 rows=1015 width=121)
	        Sort Key: c
	        ->  Bitmap Heap Scan on sbtest5  (cost=22.84..3918.18 rows=1015 width=121)
	              Recheck Cond: ((id >= 7525929) AND (id <= 7526928))
	              ->  Bitmap Index Scan on sbtest5_pkey  (cost=0.00..22.58 rows=1015 width=0)
	                    Index Cond: ((id >= 7525929) AND (id <= 7526928))

table 6 : explain SELECT DISTINCT c FROM sbtest6 WHERE id BETWEEN 8430996 AND 8431995 ORDER BY c
	Unique  (cost=3807.34..3812.21 rows=973 width=121)
	  ->  Sort  (cost=3807.34..3809.77 rows=973 width=121)
	        Sort Key: c
	        ->  Bitmap Heap Scan on sbtest6  (cost=22.41..3759.05 rows=973 width=121)
	              Recheck Cond: ((id >= 8430996) AND (id <= 8431995))
	              ->  Bitmap Index Scan on sbtest6_pkey  (cost=0.00..22.16 rows=973 width=0)
	                    Index Cond: ((id >= 8430996) AND (id <= 8431995))

table 7 : explain SELECT DISTINCT c FROM sbtest7 WHERE id BETWEEN 6585975 AND 6586974 ORDER BY c
	Unique  (cost=3938.50..3943.53 rows=1007 width=121)
	  ->  Sort  (cost=3938.50..3941.02 rows=1007 width=121)
	        Sort Key: c
	        ->  Bitmap Heap Scan on sbtest7  (cost=22.76..3888.27 rows=1007 width=121)
	              Recheck Cond: ((id >= 6585975) AND (id <= 6586974))
	              ->  Bitmap Index Scan on sbtest7_pkey  (cost=0.00..22.50 rows=1007 width=0)
	                    Index Cond: ((id >= 6585975) AND (id <= 6586974))

table 8 : explain SELECT DISTINCT c FROM sbtest8 WHERE id BETWEEN 5283730 AND 5284729 ORDER BY c
	Unique  (cost=3819.79..3824.67 rows=976 width=121)
	  ->  Sort  (cost=3819.79..3822.23 rows=976 width=121)
	        Sort Key: c
	        ->  Bitmap Heap Scan on sbtest8  (cost=22.44..3771.33 rows=976 width=121)
	              Recheck Cond: ((id >= 5283730) AND (id <= 5284729))
	              ->  Bitmap Index Scan on sbtest8_pkey  (cost=0.00..22.19 rows=976 width=0)
	                    Index Cond: ((id >= 5283730) AND (id <= 5284729))

for point_selects
table 1 : explain SELECT c FROM sbtest1 WHERE id=4337678
	Index Scan using sbtest1_pkey on sbtest1  (cost=0.43..8.45 rows=1 width=121)
	  Index Cond: (id = 4337678)

table 2 : explain SELECT c FROM sbtest2 WHERE id=2471621
	Index Scan using sbtest2_pkey on sbtest2  (cost=0.43..8.45 rows=1 width=121)
	  Index Cond: (id = 2471621)

table 3 : explain SELECT c FROM sbtest3 WHERE id=7797347
	Index Scan using sbtest3_pkey on sbtest3  (cost=0.43..8.45 rows=1 width=121)
	  Index Cond: (id = 7797347)

table 4 : explain SELECT c FROM sbtest4 WHERE id=8987007
	Index Scan using sbtest4_pkey on sbtest4  (cost=0.43..8.45 rows=1 width=121)
	  Index Cond: (id = 8987007)

table 5 : explain SELECT c FROM sbtest5 WHERE id=1194179
	Index Scan using sbtest5_pkey on sbtest5  (cost=0.43..8.45 rows=1 width=121)
	  Index Cond: (id = 1194179)

table 6 : explain SELECT c FROM sbtest6 WHERE id=6472398
	Index Scan using sbtest6_pkey on sbtest6  (cost=0.43..8.45 rows=1 width=121)
	  Index Cond: (id = 6472398)

table 7 : explain SELECT c FROM sbtest7 WHERE id=4703431
	Index Scan using sbtest7_pkey on sbtest7  (cost=0.43..8.45 rows=1 width=121)
	  Index Cond: (id = 4703431)

table 8 : explain SELECT c FROM sbtest8 WHERE id=5070712
	Index Scan using sbtest8_pkey on sbtest8  (cost=0.43..8.45 rows=1 width=121)
	  Index Cond: (id = 5070712)

for: order_ranges
table 1 : explain SELECT c FROM sbtest1 WHERE id BETWEEN 5799821 AND 5800820 ORDER BY c
	Sort  (cost=4185.24..4187.92 rows=1072 width=121)
	  Sort Key: c
	  ->  Bitmap Heap Scan on sbtest1  (cost=23.42..4131.29 rows=1072 width=121)
	        Recheck Cond: ((id >= 5799821) AND (id <= 5800820))
	        ->  Bitmap Index Scan on sbtest1_pkey  (cost=0.00..23.15 rows=1072 width=0)
	              Index Cond: ((id >= 5799821) AND (id <= 5800820))

table 2 : explain SELECT c FROM sbtest2 WHERE id BETWEEN 4400321 AND 4401320 ORDER BY c
	Sort  (cost=3894.82..3897.31 rows=996 width=121)
	  Sort Key: c
	  ->  Bitmap Heap Scan on sbtest2  (cost=22.64..3845.22 rows=996 width=121)
	        Recheck Cond: ((id >= 4400321) AND (id <= 4401320))
	        ->  Bitmap Index Scan on sbtest2_pkey  (cost=0.00..22.39 rows=996 width=0)
	              Index Cond: ((id >= 4400321) AND (id <= 4401320))

table 3 : explain SELECT c FROM sbtest3 WHERE id BETWEEN 4690704 AND 4691703 ORDER BY c
	Sort  (cost=3627.01..3629.33 rows=926 width=121)
	  Sort Key: c
	  ->  Bitmap Heap Scan on sbtest3  (cost=21.93..3581.39 rows=926 width=121)
	        Recheck Cond: ((id >= 4690704) AND (id <= 4691703))
	        ->  Bitmap Index Scan on sbtest3_pkey  (cost=0.00..21.69 rows=926 width=0)
	              Index Cond: ((id >= 4690704) AND (id <= 4691703))

table 4 : explain SELECT c FROM sbtest4 WHERE id BETWEEN 3924717 AND 3925716 ORDER BY c
	Sort  (cost=4478.57..4481.44 rows=1149 width=121)
	  Sort Key: c
	  ->  Bitmap Heap Scan on sbtest4  (cost=28.21..4420.17 rows=1149 width=121)
	        Recheck Cond: ((id >= 3924717) AND (id <= 3925716))
	        ->  Bitmap Index Scan on sbtest4_pkey  (cost=0.00..27.93 rows=1149 width=0)
	              Index Cond: ((id >= 3924717) AND (id <= 3925716))

table 5 : explain SELECT c FROM sbtest5 WHERE id BETWEEN 9992091 AND 9993090 ORDER BY c
	Sort  (cost=3635.86..3638.18 rows=928 width=121)
	  Sort Key: c
	  ->  Bitmap Heap Scan on sbtest5  (cost=21.95..3590.12 rows=928 width=121)
	        Recheck Cond: ((id >= 9992091) AND (id <= 9993090))
	        ->  Bitmap Index Scan on sbtest5_pkey  (cost=0.00..21.71 rows=928 width=0)
	              Index Cond: ((id >= 9992091) AND (id <= 9993090))

table 6 : explain SELECT c FROM sbtest6 WHERE id BETWEEN 9614489 AND 9615488 ORDER BY c
	Sort  (cost=4074.86..4077.47 rows=1043 width=121)
	  Sort Key: c
	  ->  Bitmap Heap Scan on sbtest6  (cost=23.13..4022.57 rows=1043 width=121)
	        Recheck Cond: ((id >= 9614489) AND (id <= 9615488))
	        ->  Bitmap Index Scan on sbtest6_pkey  (cost=0.00..22.86 rows=1043 width=0)
	              Index Cond: ((id >= 9614489) AND (id <= 9615488))

table 7 : explain SELECT c FROM sbtest7 WHERE id BETWEEN 8120291 AND 8121290 ORDER BY c
	Sort  (cost=4060.79..4063.39 rows=1039 width=121)
	  Sort Key: c
	  ->  Bitmap Heap Scan on sbtest7  (cost=23.08..4008.73 rows=1039 width=121)
	        Recheck Cond: ((id >= 8120291) AND (id <= 8121290))
	        ->  Bitmap Index Scan on sbtest7_pkey  (cost=0.00..22.82 rows=1039 width=0)
	              Index Cond: ((id >= 8120291) AND (id <= 8121290))

table 8 : explain SELECT c FROM sbtest8 WHERE id BETWEEN 3356587 AND 3357586 ORDER BY c
	Sort  (cost=3815.97..3818.40 rows=975 width=121)
	  Sort Key: c
	  ->  Bitmap Heap Scan on sbtest8  (cost=22.43..3767.56 rows=975 width=121)
	        Recheck Cond: ((id >= 3356587) AND (id <= 3357586))
	        ->  Bitmap Index Scan on sbtest8_pkey  (cost=0.00..22.18 rows=975 width=0)
	              Index Cond: ((id >= 3356587) AND (id <= 3357586))

for point_selects
table 1 : explain SELECT c FROM sbtest1 WHERE id=7247482
	Index Scan using sbtest1_pkey on sbtest1  (cost=0.43..8.45 rows=1 width=121)
	  Index Cond: (id = 7247482)

table 2 : explain SELECT c FROM sbtest2 WHERE id=7372674
	Index Scan using sbtest2_pkey on sbtest2  (cost=0.43..8.45 rows=1 width=121)
	  Index Cond: (id = 7372674)

table 3 : explain SELECT c FROM sbtest3 WHERE id=308358
	Index Scan using sbtest3_pkey on sbtest3  (cost=0.43..8.45 rows=1 width=121)
	  Index Cond: (id = 308358)

table 4 : explain SELECT c FROM sbtest4 WHERE id=1071211
	Index Scan using sbtest4_pkey on sbtest4  (cost=0.43..8.45 rows=1 width=121)
	  Index Cond: (id = 1071211)

table 5 : explain SELECT c FROM sbtest5 WHERE id=6774224
	Index Scan using sbtest5_pkey on sbtest5  (cost=0.43..8.45 rows=1 width=121)
	  Index Cond: (id = 6774224)

table 6 : explain SELECT c FROM sbtest6 WHERE id=7643560
	Index Scan using sbtest6_pkey on sbtest6  (cost=0.43..8.45 rows=1 width=121)
	  Index Cond: (id = 7643560)

table 7 : explain SELECT c FROM sbtest7 WHERE id=3469938
	Index Scan using sbtest7_pkey on sbtest7  (cost=0.43..8.45 rows=1 width=121)
	  Index Cond: (id = 3469938)

table 8 : explain SELECT c FROM sbtest8 WHERE id=4835794
	Index Scan using sbtest8_pkey on sbtest8  (cost=0.43..8.45 rows=1 width=121)
	  Index Cond: (id = 4835794)

for: order_ranges
table 1 : explain SELECT c FROM sbtest1 WHERE id BETWEEN 9038781 AND 9039780 ORDER BY c
	Sort  (cost=3875.95..3878.43 rows=991 width=121)
	  Sort Key: c
	  ->  Bitmap Heap Scan on sbtest1  (cost=22.59..3826.63 rows=991 width=121)
	        Recheck Cond: ((id >= 9038781) AND (id <= 9039780))
	        ->  Bitmap Index Scan on sbtest1_pkey  (cost=0.00..22.34 rows=991 width=0)
	              Index Cond: ((id >= 9038781) AND (id <= 9039780))

table 2 : explain SELECT c FROM sbtest2 WHERE id BETWEEN 4997372 AND 4998371 ORDER BY c
	Sort  (cost=3913.93..3916.43 rows=1001 width=121)
	  Sort Key: c
	  ->  Bitmap Heap Scan on sbtest2  (cost=22.70..3864.04 rows=1001 width=121)
	        Recheck Cond: ((id >= 4997372) AND (id <= 4998371))
	        ->  Bitmap Index Scan on sbtest2_pkey  (cost=0.00..22.44 rows=1001 width=0)
	              Index Cond: ((id >= 4997372) AND (id <= 4998371))

table 3 : explain SELECT c FROM sbtest3 WHERE id BETWEEN 2513522 AND 2514521 ORDER BY c
	Sort  (cost=4432.95..4435.79 rows=1137 width=121)
	  Sort Key: c
	  ->  Bitmap Heap Scan on sbtest3  (cost=28.09..4375.24 rows=1137 width=121)
	        Recheck Cond: ((id >= 2513522) AND (id <= 2514521))
	        ->  Bitmap Index Scan on sbtest3_pkey  (cost=0.00..27.80 rows=1137 width=0)
	              Index Cond: ((id >= 2513522) AND (id <= 2514521))

table 4 : explain SELECT c FROM sbtest4 WHERE id BETWEEN 1962873 AND 1963872 ORDER BY c
	Sort  (cost=3810.74..3813.17 rows=974 width=121)
	  Sort Key: c
	  ->  Bitmap Heap Scan on sbtest4  (cost=22.42..3762.39 rows=974 width=121)
	        Recheck Cond: ((id >= 1962873) AND (id <= 1963872))
	        ->  Bitmap Index Scan on sbtest4_pkey  (cost=0.00..22.18 rows=974 width=0)
	              Index Cond: ((id >= 1962873) AND (id <= 1963872))

table 5 : explain SELECT c FROM sbtest5 WHERE id BETWEEN 6362365 AND 6363364 ORDER BY c
	Sort  (cost=3712.50..3714.87 rows=948 width=121)
	  Sort Key: c
	  ->  Bitmap Heap Scan on sbtest5  (cost=22.15..3665.63 rows=948 width=121)
	        Recheck Cond: ((id >= 6362365) AND (id <= 6363364))
	        ->  Bitmap Index Scan on sbtest5_pkey  (cost=0.00..21.91 rows=948 width=0)
	              Index Cond: ((id >= 6362365) AND (id <= 6363364))

table 6 : explain SELECT c FROM sbtest6 WHERE id BETWEEN 413549 AND 414548 ORDER BY c
	Sort  (cost=4101.58..4104.20 rows=1050 width=121)
	  Sort Key: c
	  ->  Bitmap Heap Scan on sbtest6  (cost=23.20..4048.89 rows=1050 width=121)
	        Recheck Cond: ((id >= 413549) AND (id <= 414548))
	        ->  Bitmap Index Scan on sbtest6_pkey  (cost=0.00..22.93 rows=1050 width=0)
	              Index Cond: ((id >= 413549) AND (id <= 414548))

table 7 : explain SELECT c FROM sbtest7 WHERE id BETWEEN 4302385 AND 4303384 ORDER BY c
	Sort  (cost=3494.14..3496.37 rows=891 width=121)
	  Sort Key: c
	  ->  Bitmap Heap Scan on sbtest7  (cost=21.57..3450.48 rows=891 width=121)
	        Recheck Cond: ((id >= 4302385) AND (id <= 4303384))
	        ->  Bitmap Index Scan on sbtest7_pkey  (cost=0.00..21.34 rows=891 width=0)
	              Index Cond: ((id >= 4302385) AND (id <= 4303384))

table 8 : explain SELECT c FROM sbtest8 WHERE id BETWEEN 1138549 AND 1139548 ORDER BY c
	Sort  (cost=3704.92..3707.29 rows=946 width=121)
	  Sort Key: c
	  ->  Bitmap Heap Scan on sbtest8  (cost=22.13..3658.16 rows=946 width=121)
	        Recheck Cond: ((id >= 1138549) AND (id <= 1139548))
	        ->  Bitmap Index Scan on sbtest8_pkey  (cost=0.00..21.89 rows=946 width=0)
	              Index Cond: ((id >= 1138549) AND (id <= 1139548))

explain: for point_selects :: explain SELECT c FROM sbtest%u WHERE id=%u
for point_selects
table 1 : explain SELECT c FROM sbtest1 WHERE id=4287868
	Index Scan using sbtest1_pkey on sbtest1  (cost=0.43..8.45 rows=1 width=121)
	  Index Cond: (id = 4287868)

table 2 : explain SELECT c FROM sbtest2 WHERE id=478374
	Index Scan using sbtest2_pkey on sbtest2  (cost=0.43..8.45 rows=1 width=121)
	  Index Cond: (id = 478374)

table 3 : explain SELECT c FROM sbtest3 WHERE id=3080605
	Index Scan using sbtest3_pkey on sbtest3  (cost=0.43..8.45 rows=1 width=121)
	  Index Cond: (id = 3080605)

table 4 : explain SELECT c FROM sbtest4 WHERE id=9102293
	Index Scan using sbtest4_pkey on sbtest4  (cost=0.43..8.45 rows=1 width=121)
	  Index Cond: (id = 9102293)

table 5 : explain SELECT c FROM sbtest5 WHERE id=1662341
	Index Scan using sbtest5_pkey on sbtest5  (cost=0.43..8.45 rows=1 width=121)
	  Index Cond: (id = 1662341)

table 6 : explain SELECT c FROM sbtest6 WHERE id=9613599
	Index Scan using sbtest6_pkey on sbtest6  (cost=0.43..8.45 rows=1 width=121)
	  Index Cond: (id = 9613599)

table 7 : explain SELECT c FROM sbtest7 WHERE id=8589436
	Index Scan using sbtest7_pkey on sbtest7  (cost=0.43..8.45 rows=1 width=121)
	  Index Cond: (id = 8589436)

table 8 : explain SELECT c FROM sbtest8 WHERE id=187524
	Index Scan using sbtest8_pkey on sbtest8  (cost=0.43..8.45 rows=1 width=121)
	  Index Cond: (id = 187524)

for: distinct_ranges
table 1 : explain SELECT DISTINCT c FROM sbtest1 WHERE id BETWEEN 8082370 AND 8083369 ORDER BY c
	Unique  (cost=3772.67..3777.49 rows=964 width=121)
	  ->  Sort  (cost=3772.67..3775.08 rows=964 width=121)
	        Sort Key: c
	        ->  Bitmap Heap Scan on sbtest1  (cost=22.32..3724.89 rows=964 width=121)
	              Recheck Cond: ((id >= 8082370) AND (id <= 8083369))
	              ->  Bitmap Index Scan on sbtest1_pkey  (cost=0.00..22.07 rows=964 width=0)
	                    Index Cond: ((id >= 8082370) AND (id <= 8083369))

table 2 : explain SELECT DISTINCT c FROM sbtest2 WHERE id BETWEEN 6202203 AND 6203202 ORDER BY c
	Unique  (cost=4165.90..4171.24 rows=1067 width=121)
	  ->  Sort  (cost=4165.90..4168.57 rows=1067 width=121)
	        Sort Key: c
	        ->  Bitmap Heap Scan on sbtest2  (cost=23.37..4112.24 rows=1067 width=121)
	              Recheck Cond: ((id >= 6202203) AND (id <= 6203202))
	              ->  Bitmap Index Scan on sbtest2_pkey  (cost=0.00..23.11 rows=1067 width=0)
	                    Index Cond: ((id >= 6202203) AND (id <= 6203202))

table 3 : explain SELECT DISTINCT c FROM sbtest3 WHERE id BETWEEN 1938400 AND 1939399 ORDER BY c
	Unique  (cost=4062.97..4068.17 rows=1040 width=121)
	  ->  Sort  (cost=4062.97..4065.57 rows=1040 width=121)
	        Sort Key: c
	        ->  Bitmap Heap Scan on sbtest3  (cost=23.09..4010.85 rows=1040 width=121)
	              Recheck Cond: ((id >= 1938400) AND (id <= 1939399))
	              ->  Bitmap Index Scan on sbtest3_pkey  (cost=0.00..22.83 rows=1040 width=0)
	                    Index Cond: ((id >= 1938400) AND (id <= 1939399))

table 4 : explain SELECT DISTINCT c FROM sbtest4 WHERE id BETWEEN 4889286 AND 4890285 ORDER BY c
	Unique  (cost=3603.99..3608.59 rows=920 width=121)
	  ->  Sort  (cost=3603.99..3606.29 rows=920 width=121)
	        Sort Key: c
	        ->  Bitmap Heap Scan on sbtest4  (cost=21.87..3558.71 rows=920 width=121)
	              Recheck Cond: ((id >= 4889286) AND (id <= 4890285))
	              ->  Bitmap Index Scan on sbtest4_pkey  (cost=0.00..21.64 rows=920 width=0)
	                    Index Cond: ((id >= 4889286) AND (id <= 4890285))

table 5 : explain SELECT DISTINCT c FROM sbtest5 WHERE id BETWEEN 4263448 AND 4264447 ORDER BY c
	Unique  (cost=3762.28..3767.09 rows=961 width=121)
	  ->  Sort  (cost=3762.28..3764.69 rows=961 width=121)
	        Sort Key: c
	        ->  Bitmap Heap Scan on sbtest5  (cost=22.29..3714.67 rows=961 width=121)
	              Recheck Cond: ((id >= 4263448) AND (id <= 4264447))
	              ->  Bitmap Index Scan on sbtest5_pkey  (cost=0.00..22.04 rows=961 width=0)
	                    Index Cond: ((id >= 4263448) AND (id <= 4264447))

table 6 : explain SELECT DISTINCT c FROM sbtest6 WHERE id BETWEEN 8173447 AND 8174446 ORDER BY c
	Unique  (cost=3910.60..3915.60 rows=1000 width=121)
	  ->  Sort  (cost=3910.60..3913.10 rows=1000 width=121)
	        Sort Key: c
	        ->  Bitmap Heap Scan on sbtest6  (cost=22.68..3860.77 rows=1000 width=121)
	              Recheck Cond: ((id >= 8173447) AND (id <= 8174446))
	              ->  Bitmap Index Scan on sbtest6_pkey  (cost=0.00..22.43 rows=1000 width=0)
	                    Index Cond: ((id >= 8173447) AND (id <= 8174446))

table 7 : explain SELECT DISTINCT c FROM sbtest7 WHERE id BETWEEN 4686749 AND 4687748 ORDER BY c
	Unique  (cost=3984.37..3989.47 rows=1019 width=121)
	  ->  Sort  (cost=3984.37..3986.92 rows=1019 width=121)
	        Sort Key: c
	        ->  Bitmap Heap Scan on sbtest7  (cost=22.88..3933.46 rows=1019 width=121)
	              Recheck Cond: ((id >= 4686749) AND (id <= 4687748))
	              ->  Bitmap Index Scan on sbtest7_pkey  (cost=0.00..22.62 rows=1019 width=0)
	                    Index Cond: ((id >= 4686749) AND (id <= 4687748))

table 8 : explain SELECT DISTINCT c FROM sbtest8 WHERE id BETWEEN 8643897 AND 8644896 ORDER BY c
	Unique  (cost=3735.57..3740.34 rows=954 width=121)
	  ->  Sort  (cost=3735.57..3737.95 rows=954 width=121)
	        Sort Key: c
	        ->  Bitmap Heap Scan on sbtest8  (cost=22.21..3688.35 rows=954 width=121)
	              Recheck Cond: ((id >= 8643897) AND (id <= 8644896))
	              ->  Bitmap Index Scan on sbtest8_pkey  (cost=0.00..21.97 rows=954 width=0)
	                    Index Cond: ((id >= 8643897) AND (id <= 8644896))

for: simple_ranges
table 1 : explain SELECT c FROM sbtest1 WHERE id BETWEEN 9221187 AND 9222186
	Bitmap Heap Scan on sbtest1  (cost=22.98..3969.66 rows=1029 width=121)
	  Recheck Cond: ((id >= 9221187) AND (id <= 9222186))
	  ->  Bitmap Index Scan on sbtest1_pkey  (cost=0.00..22.72 rows=1029 width=0)
	        Index Cond: ((id >= 9221187) AND (id <= 9222186))

table 2 : explain SELECT c FROM sbtest2 WHERE id BETWEEN 5350116 AND 5351115
	Bitmap Heap Scan on sbtest2  (cost=23.43..4134.77 rows=1073 width=121)
	  Recheck Cond: ((id >= 5350116) AND (id <= 5351115))
	  ->  Bitmap Index Scan on sbtest2_pkey  (cost=0.00..23.16 rows=1073 width=0)
	        Index Cond: ((id >= 5350116) AND (id <= 5351115))

table 3 : explain SELECT c FROM sbtest3 WHERE id BETWEEN 7184934 AND 7185933
	Bitmap Heap Scan on sbtest3  (cost=22.66..3852.83 rows=998 width=121)
	  Recheck Cond: ((id >= 7184934) AND (id <= 7185933))
	  ->  Bitmap Index Scan on sbtest3_pkey  (cost=0.00..22.41 rows=998 width=0)
	        Index Cond: ((id >= 7184934) AND (id <= 7185933))

table 4 : explain SELECT c FROM sbtest4 WHERE id BETWEEN 14871 AND 15870
	Bitmap Heap Scan on sbtest4  (cost=21.97..3596.45 rows=930 width=121)
	  Recheck Cond: ((id >= 14871) AND (id <= 15870))
	  ->  Bitmap Index Scan on sbtest4_pkey  (cost=0.00..21.73 rows=930 width=0)
	        Index Cond: ((id >= 14871) AND (id <= 15870))

table 5 : explain SELECT c FROM sbtest5 WHERE id BETWEEN 2033894 AND 2034893
	Bitmap Heap Scan on sbtest5  (cost=22.14..3661.85 rows=947 width=121)
	  Recheck Cond: ((id >= 2033894) AND (id <= 2034893))
	  ->  Bitmap Index Scan on sbtest5_pkey  (cost=0.00..21.90 rows=947 width=0)
	        Index Cond: ((id >= 2033894) AND (id <= 2034893))

table 6 : explain SELECT c FROM sbtest6 WHERE id BETWEEN 951762 AND 952761
	Bitmap Heap Scan on sbtest6  (cost=22.04..3623.28 rows=937 width=121)
	  Recheck Cond: ((id >= 951762) AND (id <= 952761))
	  ->  Bitmap Index Scan on sbtest6_pkey  (cost=0.00..21.80 rows=937 width=0)
	        Index Cond: ((id >= 951762) AND (id <= 952761))

table 7 : explain SELECT c FROM sbtest7 WHERE id BETWEEN 7469485 AND 7470484
	Bitmap Heap Scan on sbtest7  (cost=22.92..3948.52 rows=1023 width=121)
	  Recheck Cond: ((id >= 7469485) AND (id <= 7470484))
	  ->  Bitmap Index Scan on sbtest7_pkey  (cost=0.00..22.66 rows=1023 width=0)
	        Index Cond: ((id >= 7469485) AND (id <= 7470484))

table 8 : explain SELECT c FROM sbtest8 WHERE id BETWEEN 9899064 AND 9900063
	Bitmap Heap Scan on sbtest8  (cost=22.84..3918.27 rows=1015 width=121)
	  Recheck Cond: ((id >= 9899064) AND (id <= 9900063))
	  ->  Bitmap Index Scan on sbtest8_pkey  (cost=0.00..22.58 rows=1015 width=0)
	        Index Cond: ((id >= 9899064) AND (id <= 9900063))

explain: for point_selects :: explain SELECT c FROM sbtest%u WHERE id=%u
for: order_ranges
table 1 : explain SELECT c FROM sbtest1 WHERE id BETWEEN 7004379 AND 7005378 ORDER BY c
	Sort  (cost=3979.14..3981.68 rows=1018 width=121)
	  Sort Key: c
	  ->  Bitmap Heap Scan on sbtest1  (cost=22.87..3928.28 rows=1018 width=121)
	        Recheck Cond: ((id >= 7004379) AND (id <= 7005378))
	        ->  Bitmap Index Scan on sbtest1_pkey  (cost=0.00..22.61 rows=1018 width=0)
	              Index Cond: ((id >= 7004379) AND (id <= 7005378))

table 2 : explain SELECT c FROM sbtest2 WHERE id BETWEEN 5604916 AND 5605915 ORDER BY c
	Sort  (cost=3669.08..3671.42 rows=937 width=121)
	  Sort Key: c
	  ->  Bitmap Heap Scan on sbtest2  (cost=22.04..3622.83 rows=937 width=121)
	        Recheck Cond: ((id >= 5604916) AND (id <= 5605915))
	        ->  Bitmap Index Scan on sbtest2_pkey  (cost=0.00..21.80 rows=937 width=0)
	              Index Cond: ((id >= 5604916) AND (id <= 5605915))

table 3 : explain SELECT c FROM sbtest3 WHERE id BETWEEN 5150320 AND 5151319 ORDER BY c
	Sort  (cost=3814.60..3817.03 rows=975 width=121)
	  Sort Key: c
	  ->  Bitmap Heap Scan on sbtest3  (cost=22.43..3766.19 rows=975 width=121)
	        Recheck Cond: ((id >= 5150320) AND (id <= 5151319))
	        ->  Bitmap Index Scan on sbtest3_pkey  (cost=0.00..22.18 rows=975 width=0)
	              Index Cond: ((id >= 5150320) AND (id <= 5151319))

table 4 : explain SELECT c FROM sbtest4 WHERE id BETWEEN 1590578 AND 1591577 ORDER BY c
	Sort  (cost=4192.65..4195.33 rows=1074 width=121)
	  Sort Key: c
	  ->  Bitmap Heap Scan on sbtest4  (cost=23.44..4138.58 rows=1074 width=121)
	        Recheck Cond: ((id >= 1590578) AND (id <= 1591577))
	        ->  Bitmap Index Scan on sbtest4_pkey  (cost=0.00..23.18 rows=1074 width=0)
	              Index Cond: ((id >= 1590578) AND (id <= 1591577))

table 5 : explain SELECT c FROM sbtest5 WHERE id BETWEEN 8310020 AND 8311019 ORDER BY c
	Sort  (cost=3551.51..3553.77 rows=906 width=121)
	  Sort Key: c
	  ->  Bitmap Heap Scan on sbtest5  (cost=21.72..3507.01 rows=906 width=121)
	        Recheck Cond: ((id >= 8310020) AND (id <= 8311019))
	        ->  Bitmap Index Scan on sbtest5_pkey  (cost=0.00..21.50 rows=906 width=0)
	              Index Cond: ((id >= 8310020) AND (id <= 8311019))

table 6 : explain SELECT c FROM sbtest6 WHERE id BETWEEN 3640679 AND 3641678 ORDER BY c
	Sort  (cost=4002.31..4004.87 rows=1024 width=121)
	  Sort Key: c
	  ->  Bitmap Heap Scan on sbtest6  (cost=22.93..3951.11 rows=1024 width=121)
	        Recheck Cond: ((id >= 3640679) AND (id <= 3641678))
	        ->  Bitmap Index Scan on sbtest6_pkey  (cost=0.00..22.68 rows=1024 width=0)
	              Index Cond: ((id >= 3640679) AND (id <= 3641678))

table 7 : explain SELECT c FROM sbtest7 WHERE id BETWEEN 205396 AND 206395 ORDER BY c
	Sort  (cost=3907.91..3910.40 rows=999 width=121)
	  Sort Key: c
	  ->  Bitmap Heap Scan on sbtest7  (cost=22.67..3858.13 rows=999 width=121)
	        Recheck Cond: ((id >= 205396) AND (id <= 206395))
	        ->  Bitmap Index Scan on sbtest7_pkey  (cost=0.00..22.43 rows=999 width=0)
	              Index Cond: ((id >= 205396) AND (id <= 206395))

table 8 : explain SELECT c FROM sbtest8 WHERE id BETWEEN 3820066 AND 3821065 ORDER BY c
	Sort  (cost=4213.53..4216.22 rows=1078 width=121)
	  Sort Key: c
	  ->  Bitmap Heap Scan on sbtest8  (cost=27.48..4159.23 rows=1078 width=121)
	        Recheck Cond: ((id >= 3820066) AND (id <= 3821065))
	        ->  Bitmap Index Scan on sbtest8_pkey  (cost=0.00..27.21 rows=1078 width=0)
	              Index Cond: ((id >= 3820066) AND (id <= 3821065))

for: sum_ranges
table 1 : explain SELECT SUM(k) FROM sbtest1 WHERE id BETWEEN 1452148 AND 1453147
	Aggregate  (cost=3798.95..3798.96 rows=1 width=8)
	  ->  Bitmap Heap Scan on sbtest1  (cost=22.51..3796.50 rows=983 width=4)
	        Recheck Cond: ((id >= 1452148) AND (id <= 1453147))
	        ->  Bitmap Index Scan on sbtest1_pkey  (cost=0.00..22.26 rows=983 width=0)
	              Index Cond: ((id >= 1452148) AND (id <= 1453147))

table 2 : explain SELECT SUM(k) FROM sbtest2 WHERE id BETWEEN 9014411 AND 9015410
	Aggregate  (cost=3806.25..3806.26 rows=1 width=8)
	  ->  Bitmap Heap Scan on sbtest2  (cost=22.53..3803.79 rows=985 width=4)
	        Recheck Cond: ((id >= 9014411) AND (id <= 9015410))
	        ->  Bitmap Index Scan on sbtest2_pkey  (cost=0.00..22.29 rows=985 width=0)
	              Index Cond: ((id >= 9014411) AND (id <= 9015410))

table 3 : explain SELECT SUM(k) FROM sbtest3 WHERE id BETWEEN 2629924 AND 2630923
	Aggregate  (cost=3892.99..3893.00 rows=1 width=8)
	  ->  Bitmap Heap Scan on sbtest3  (cost=22.77..3890.47 rows=1008 width=4)
	        Recheck Cond: ((id >= 2629924) AND (id <= 2630923))
	        ->  Bitmap Index Scan on sbtest3_pkey  (cost=0.00..22.51 rows=1008 width=0)
	              Index Cond: ((id >= 2629924) AND (id <= 2630923))

table 4 : explain SELECT SUM(k) FROM sbtest4 WHERE id BETWEEN 2841362 AND 2842361
	Aggregate  (cost=3802.53..3802.54 rows=1 width=8)
	  ->  Bitmap Heap Scan on sbtest4  (cost=22.52..3800.07 rows=984 width=4)
	        Recheck Cond: ((id >= 2841362) AND (id <= 2842361))
	        ->  Bitmap Index Scan on sbtest4_pkey  (cost=0.00..22.27 rows=984 width=0)
	              Index Cond: ((id >= 2841362) AND (id <= 2842361))

table 5 : explain SELECT SUM(k) FROM sbtest5 WHERE id BETWEEN 4379921 AND 4380920
	Aggregate  (cost=3690.65..3690.66 rows=1 width=8)
	  ->  Bitmap Heap Scan on sbtest5  (cost=22.21..3688.27 rows=954 width=4)
	        Recheck Cond: ((id >= 4379921) AND (id <= 4380920))
	        ->  Bitmap Index Scan on sbtest5_pkey  (cost=0.00..21.97 rows=954 width=0)
	              Index Cond: ((id >= 4379921) AND (id <= 4380920))

table 6 : explain SELECT SUM(k) FROM sbtest6 WHERE id BETWEEN 3251880 AND 3252879
	Aggregate  (cost=3769.03..3769.04 rows=1 width=8)
	  ->  Bitmap Heap Scan on sbtest6  (cost=22.43..3766.59 rows=975 width=4)
	        Recheck Cond: ((id >= 3251880) AND (id <= 3252879))
	        ->  Bitmap Index Scan on sbtest6_pkey  (cost=0.00..22.18 rows=975 width=0)
	              Index Cond: ((id >= 3251880) AND (id <= 3252879))

table 7 : explain SELECT SUM(k) FROM sbtest7 WHERE id BETWEEN 9133400 AND 9134399
	Aggregate  (cost=4041.44..4041.45 rows=1 width=8)
	  ->  Bitmap Heap Scan on sbtest7  (cost=23.17..4038.82 rows=1047 width=4)
	        Recheck Cond: ((id >= 9133400) AND (id <= 9134399))
	        ->  Bitmap Index Scan on sbtest7_pkey  (cost=0.00..22.90 rows=1047 width=0)
	              Index Cond: ((id >= 9133400) AND (id <= 9134399))

table 8 : explain SELECT SUM(k) FROM sbtest8 WHERE id BETWEEN 6759912 AND 6760911
	Aggregate  (cost=3505.57..3505.58 rows=1 width=8)
	  ->  Bitmap Heap Scan on sbtest8  (cost=21.71..3503.31 rows=905 width=4)
	        Recheck Cond: ((id >= 6759912) AND (id <= 6760911))
	        ->  Bitmap Index Scan on sbtest8_pkey  (cost=0.00..21.48 rows=905 width=0)
	              Index Cond: ((id >= 6759912) AND (id <= 6760911))

for: sum_ranges
table 1 : explain SELECT SUM(k) FROM sbtest1 WHERE id BETWEEN 400105 AND 401104
	Aggregate  (cost=3765.02..3765.03 rows=1 width=8)
	  ->  Bitmap Heap Scan on sbtest1  (cost=22.42..3762.58 rows=974 width=4)
	        Recheck Cond: ((id >= 400105) AND (id <= 401104))
	        ->  Bitmap Index Scan on sbtest1_pkey  (cost=0.00..22.18 rows=974 width=0)
	              Index Cond: ((id >= 400105) AND (id <= 401104))

table 2 : explain SELECT SUM(k) FROM sbtest2 WHERE id BETWEEN 1234007 AND 1235006
	Aggregate  (cost=3825.10..3825.11 rows=1 width=8)
	  ->  Bitmap Heap Scan on sbtest2  (cost=22.58..3822.62 rows=990 width=4)
	        Recheck Cond: ((id >= 1234007) AND (id <= 1235006))
	        ->  Bitmap Index Scan on sbtest2_pkey  (cost=0.00..22.33 rows=990 width=0)
	              Index Cond: ((id >= 1234007) AND (id <= 1235006))

table 3 : explain SELECT SUM(k) FROM sbtest3 WHERE id BETWEEN 1376254 AND 1377253
	Aggregate  (cost=3749.77..3749.78 rows=1 width=8)
	  ->  Bitmap Heap Scan on sbtest3  (cost=22.38..3747.35 rows=970 width=4)
	        Recheck Cond: ((id >= 1376254) AND (id <= 1377253))
	        ->  Bitmap Index Scan on sbtest3_pkey  (cost=0.00..22.14 rows=970 width=0)
	              Index Cond: ((id >= 1376254) AND (id <= 1377253))

table 4 : explain SELECT SUM(k) FROM sbtest4 WHERE id BETWEEN 6834145 AND 6835144
	Aggregate  (cost=4069.84..4069.85 rows=1 width=8)
	  ->  Bitmap Heap Scan on sbtest4  (cost=23.25..4067.20 rows=1055 width=4)
	        Recheck Cond: ((id >= 6834145) AND (id <= 6835144))
	        ->  Bitmap Index Scan on sbtest4_pkey  (cost=0.00..22.98 rows=1055 width=0)
	              Index Cond: ((id >= 6834145) AND (id <= 6835144))

table 5 : explain SELECT SUM(k) FROM sbtest5 WHERE id BETWEEN 6609265 AND 6610264
	Aggregate  (cost=4176.61..4176.62 rows=1 width=8)
	  ->  Bitmap Heap Scan on sbtest5  (cost=23.54..4173.91 rows=1083 width=4)
	        Recheck Cond: ((id >= 6609265) AND (id <= 6610264))
	        ->  Bitmap Index Scan on sbtest5_pkey  (cost=0.00..23.26 rows=1083 width=0)
	              Index Cond: ((id >= 6609265) AND (id <= 6610264))

table 6 : explain SELECT SUM(k) FROM sbtest6 WHERE id BETWEEN 9828588 AND 9829587
	Aggregate  (cost=3618.06..3618.07 rows=1 width=8)
	  ->  Bitmap Heap Scan on sbtest6  (cost=22.02..3615.73 rows=935 width=4)
	        Recheck Cond: ((id >= 9828588) AND (id <= 9829587))
	        ->  Bitmap Index Scan on sbtest6_pkey  (cost=0.00..21.79 rows=935 width=0)
	              Index Cond: ((id >= 9828588) AND (id <= 9829587))

table 7 : explain SELECT SUM(k) FROM sbtest7 WHERE id BETWEEN 9593999 AND 9594998
	Aggregate  (cost=4398.72..4398.73 rows=1 width=8)
	  ->  Bitmap Heap Scan on sbtest7  (cost=28.14..4395.86 rows=1142 width=4)
	        Recheck Cond: ((id >= 9593999) AND (id <= 9594998))
	        ->  Bitmap Index Scan on sbtest7_pkey  (cost=0.00..27.86 rows=1142 width=0)
	              Index Cond: ((id >= 9593999) AND (id <= 9594998))

table 8 : explain SELECT SUM(k) FROM sbtest8 WHERE id BETWEEN 2426052 AND 2427051
	Aggregate  (cost=3913.27..3913.28 rows=1 width=8)
	  ->  Bitmap Heap Scan on sbtest8  (cost=22.82..3910.74 rows=1013 width=4)
	        Recheck Cond: ((id >= 2426052) AND (id <= 2427051))
	        ->  Bitmap Index Scan on sbtest8_pkey  (cost=0.00..22.57 rows=1013 width=0)
	              Index Cond: ((id >= 2426052) AND (id <= 2427051))

for: order_ranges
table 1 : explain SELECT c FROM sbtest1 WHERE id BETWEEN 6637097 AND 6638096 ORDER BY c
	Sort  (cost=4063.15..4065.75 rows=1040 width=121)
	  Sort Key: c
	  ->  Bitmap Heap Scan on sbtest1  (cost=23.09..4011.03 rows=1040 width=121)
	        Recheck Cond: ((id >= 6637097) AND (id <= 6638096))
	        ->  Bitmap Index Scan on sbtest1_pkey  (cost=0.00..22.83 rows=1040 width=0)
	              Index Cond: ((id >= 6637097) AND (id <= 6638096))

table 2 : explain SELECT c FROM sbtest2 WHERE id BETWEEN 158071 AND 159070 ORDER BY c
	Sort  (cost=3994.16..3996.72 rows=1022 width=121)
	  Sort Key: c
	  ->  Bitmap Heap Scan on sbtest2  (cost=22.91..3943.07 rows=1022 width=121)
	        Recheck Cond: ((id >= 158071) AND (id <= 159070))
	        ->  Bitmap Index Scan on sbtest2_pkey  (cost=0.00..22.65 rows=1022 width=0)
	              Index Cond: ((id >= 158071) AND (id <= 159070))

table 3 : explain SELECT c FROM sbtest3 WHERE id BETWEEN 4912363 AND 4913362 ORDER BY c
	Sort  (cost=4020.97..4023.55 rows=1029 width=121)
	  Sort Key: c
	  ->  Bitmap Heap Scan on sbtest3  (cost=22.98..3969.49 rows=1029 width=121)
	        Recheck Cond: ((id >= 4912363) AND (id <= 4913362))
	        ->  Bitmap Index Scan on sbtest3_pkey  (cost=0.00..22.72 rows=1029 width=0)
	              Index Cond: ((id >= 4912363) AND (id <= 4913362))

table 4 : explain SELECT c FROM sbtest4 WHERE id BETWEEN 3069081 AND 3070080 ORDER BY c
	Sort  (cost=3910.15..3912.65 rows=1000 width=121)
	  Sort Key: c
	  ->  Bitmap Heap Scan on sbtest4  (cost=22.68..3860.32 rows=1000 width=121)
	        Recheck Cond: ((id >= 3069081) AND (id <= 3070080))
	        ->  Bitmap Index Scan on sbtest4_pkey  (cost=0.00..22.43 rows=1000 width=0)
	              Index Cond: ((id >= 3069081) AND (id <= 3070080))

table 5 : explain SELECT c FROM sbtest5 WHERE id BETWEEN 9138149 AND 9139148 ORDER BY c
	Sort  (cost=3482.44..3484.66 rows=888 width=121)
	  Sort Key: c
	  ->  Bitmap Heap Scan on sbtest5  (cost=21.54..3438.96 rows=888 width=121)
	        Recheck Cond: ((id >= 9138149) AND (id <= 9139148))
	        ->  Bitmap Index Scan on sbtest5_pkey  (cost=0.00..21.32 rows=888 width=0)
	              Index Cond: ((id >= 9138149) AND (id <= 9139148))

table 6 : explain SELECT c FROM sbtest6 WHERE id BETWEEN 5004854 AND 5005853 ORDER BY c
	Sort  (cost=4208.40..4211.09 rows=1078 width=121)
	  Sort Key: c
	  ->  Bitmap Heap Scan on sbtest6  (cost=23.48..4154.10 rows=1078 width=121)
	        Recheck Cond: ((id >= 5004854) AND (id <= 5005853))
	        ->  Bitmap Index Scan on sbtest6_pkey  (cost=0.00..23.21 rows=1078 width=0)
	              Index Cond: ((id >= 5004854) AND (id <= 5005853))

table 7 : explain SELECT c FROM sbtest7 WHERE id BETWEEN 4237204 AND 4238203 ORDER BY c
	Sort  (cost=3708.87..3711.23 rows=947 width=121)
	  Sort Key: c
	  ->  Bitmap Heap Scan on sbtest7  (cost=22.14..3662.05 rows=947 width=121)
	        Recheck Cond: ((id >= 4237204) AND (id <= 4238203))
	        ->  Bitmap Index Scan on sbtest7_pkey  (cost=0.00..21.90 rows=947 width=0)
	              Index Cond: ((id >= 4237204) AND (id <= 4238203))

table 8 : explain SELECT c FROM sbtest8 WHERE id BETWEEN 9296354 AND 9297353 ORDER BY c
	Sort  (cost=4224.97..4227.67 rows=1081 width=121)
	  Sort Key: c
	  ->  Bitmap Heap Scan on sbtest8  (cost=27.52..4170.50 rows=1081 width=121)
	        Recheck Cond: ((id >= 9296354) AND (id <= 9297353))
	        ->  Bitmap Index Scan on sbtest8_pkey  (cost=0.00..27.25 rows=1081 width=0)
	              Index Cond: ((id >= 9296354) AND (id <= 9297353))

for: sum_ranges
table 1 : explain SELECT SUM(k) FROM sbtest1 WHERE id BETWEEN 8232669 AND 8233668
	Aggregate  (cost=3553.63..3553.64 rows=1 width=8)
	  ->  Bitmap Heap Scan on sbtest1  (cost=21.84..3551.33 rows=918 width=4)
	        Recheck Cond: ((id >= 8232669) AND (id <= 8233668))
	        ->  Bitmap Index Scan on sbtest1_pkey  (cost=0.00..21.61 rows=918 width=0)
	              Index Cond: ((id >= 8232669) AND (id <= 8233668))

table 2 : explain SELECT SUM(k) FROM sbtest2 WHERE id BETWEEN 7611183 AND 7612182
	Aggregate  (cost=3591.19..3591.20 rows=1 width=8)
	  ->  Bitmap Heap Scan on sbtest2  (cost=21.95..3588.87 rows=928 width=4)
	        Recheck Cond: ((id >= 7611183) AND (id <= 7612182))
	        ->  Bitmap Index Scan on sbtest2_pkey  (cost=0.00..21.71 rows=928 width=0)
	              Index Cond: ((id >= 7611183) AND (id <= 7612182))

table 3 : explain SELECT SUM(k) FROM sbtest3 WHERE id BETWEEN 8512626 AND 8513625
	Aggregate  (cost=3768.63..3768.64 rows=1 width=8)
	  ->  Bitmap Heap Scan on sbtest3  (cost=22.43..3766.19 rows=975 width=4)
	        Recheck Cond: ((id >= 8512626) AND (id <= 8513625))
	        ->  Bitmap Index Scan on sbtest3_pkey  (cost=0.00..22.18 rows=975 width=0)
	              Index Cond: ((id >= 8512626) AND (id <= 8513625))

table 4 : explain SELECT SUM(k) FROM sbtest4 WHERE id BETWEEN 3506343 AND 3507342
	Aggregate  (cost=3353.00..3353.01 rows=1 width=8)
	  ->  Bitmap Heap Scan on sbtest4  (cost=21.30..3350.84 rows=865 width=4)
	        Recheck Cond: ((id >= 3506343) AND (id <= 3507342))
	        ->  Bitmap Index Scan on sbtest4_pkey  (cost=0.00..21.08 rows=865 width=0)
	              Index Cond: ((id >= 3506343) AND (id <= 3507342))

table 5 : explain SELECT SUM(k) FROM sbtest5 WHERE id BETWEEN 7981249 AND 7982248
	Aggregate  (cost=3743.50..3743.51 rows=1 width=8)
	  ->  Bitmap Heap Scan on sbtest5  (cost=22.36..3741.08 rows=968 width=4)
	        Recheck Cond: ((id >= 7981249) AND (id <= 7982248))
	        ->  Bitmap Index Scan on sbtest5_pkey  (cost=0.00..22.11 rows=968 width=0)
	              Index Cond: ((id >= 7981249) AND (id <= 7982248))

table 6 : explain SELECT SUM(k) FROM sbtest6 WHERE id BETWEEN 4195145 AND 4196144
	Aggregate  (cost=3791.65..3791.66 rows=1 width=8)
	  ->  Bitmap Heap Scan on sbtest6  (cost=22.49..3789.20 rows=981 width=4)
	        Recheck Cond: ((id >= 4195145) AND (id <= 4196144))
	        ->  Bitmap Index Scan on sbtest6_pkey  (cost=0.00..22.25 rows=981 width=0)
	              Index Cond: ((id >= 4195145) AND (id <= 4196144))

table 7 : explain SELECT SUM(k) FROM sbtest7 WHERE id BETWEEN 19939 AND 20938
	Aggregate  (cost=3354.27..3354.28 rows=1 width=8)
	  ->  Bitmap Heap Scan on sbtest7  (cost=21.30..3352.11 rows=865 width=4)
	        Recheck Cond: ((id >= 19939) AND (id <= 20938))
	        ->  Bitmap Index Scan on sbtest7_pkey  (cost=0.00..21.08 rows=865 width=0)
	              Index Cond: ((id >= 19939) AND (id <= 20938))

table 8 : explain SELECT SUM(k) FROM sbtest8 WHERE id BETWEEN 7567588 AND 7568587
	Aggregate  (cost=3509.35..3509.36 rows=1 width=8)
	  ->  Bitmap Heap Scan on sbtest8  (cost=21.72..3507.09 rows=906 width=4)
	        Recheck Cond: ((id >= 7567588) AND (id <= 7568587))
	        ->  Bitmap Index Scan on sbtest8_pkey  (cost=0.00..21.50 rows=906 width=0)
	              Index Cond: ((id >= 7567588) AND (id <= 7568587))

for: order_ranges
table 1 : explain SELECT c FROM sbtest1 WHERE id BETWEEN 6506280 AND 6507279 ORDER BY c
	Sort  (cost=4277.01..4279.75 rows=1096 width=121)
	  Sort Key: c
	  ->  Bitmap Heap Scan on sbtest1  (cost=27.67..4221.67 rows=1096 width=121)
	        Recheck Cond: ((id >= 6506280) AND (id <= 6507279))
	        ->  Bitmap Index Scan on sbtest1_pkey  (cost=0.00..27.39 rows=1096 width=0)
	              Index Cond: ((id >= 6506280) AND (id <= 6507279))

table 2 : explain SELECT c FROM sbtest2 WHERE id BETWEEN 6981269 AND 6982268 ORDER BY c
	Sort  (cost=3898.64..3901.13 rows=997 width=121)
	  Sort Key: c
	  ->  Bitmap Heap Scan on sbtest2  (cost=22.65..3848.98 rows=997 width=121)
	        Recheck Cond: ((id >= 6981269) AND (id <= 6982268))
	        ->  Bitmap Index Scan on sbtest2_pkey  (cost=0.00..22.40 rows=997 width=0)
	              Index Cond: ((id >= 6981269) AND (id <= 6982268))

table 3 : explain SELECT c FROM sbtest3 WHERE id BETWEEN 7341481 AND 7342480 ORDER BY c
	Sort  (cost=4356.81..4359.60 rows=1117 width=121)
	  Sort Key: c
	  ->  Bitmap Heap Scan on sbtest3  (cost=27.88..4300.26 rows=1117 width=121)
	        Recheck Cond: ((id >= 7341481) AND (id <= 7342480))
	        ->  Bitmap Index Scan on sbtest3_pkey  (cost=0.00..27.61 rows=1117 width=0)
	              Index Cond: ((id >= 7341481) AND (id <= 7342480))

table 4 : explain SELECT c FROM sbtest4 WHERE id BETWEEN 7800787 AND 7801786 ORDER BY c
	Sort  (cost=3783.96..3786.38 rows=967 width=121)
	  Sort Key: c
	  ->  Bitmap Heap Scan on sbtest4  (cost=22.35..3736.01 rows=967 width=121)
	        Recheck Cond: ((id >= 7800787) AND (id <= 7801786))
	        ->  Bitmap Index Scan on sbtest4_pkey  (cost=0.00..22.11 rows=967 width=0)
	              Index Cond: ((id >= 7800787) AND (id <= 7801786))

table 5 : explain SELECT c FROM sbtest5 WHERE id BETWEEN 9818241 AND 9819240 ORDER BY c
	Sort  (cost=3639.70..3642.02 rows=929 width=121)
	  Sort Key: c
	  ->  Bitmap Heap Scan on sbtest5  (cost=21.96..3593.90 rows=929 width=121)
	        Recheck Cond: ((id >= 9818241) AND (id <= 9819240))
	        ->  Bitmap Index Scan on sbtest5_pkey  (cost=0.00..21.72 rows=929 width=0)
	              Index Cond: ((id >= 9818241) AND (id <= 9819240))

table 6 : explain SELECT c FROM sbtest6 WHERE id BETWEEN 9973815 AND 9974814 ORDER BY c
	Sort  (cost=4082.50..4085.11 rows=1045 width=121)
	  Sort Key: c
	  ->  Bitmap Heap Scan on sbtest6  (cost=23.15..4030.09 rows=1045 width=121)
	        Recheck Cond: ((id >= 9973815) AND (id <= 9974814))
	        ->  Bitmap Index Scan on sbtest6_pkey  (cost=0.00..22.89 rows=1045 width=0)
	              Index Cond: ((id >= 9973815) AND (id <= 9974814))

table 7 : explain SELECT c FROM sbtest7 WHERE id BETWEEN 3163006 AND 3164005 ORDER BY c
	Sort  (cost=3609.22..3611.52 rows=921 width=121)
	  Sort Key: c
	  ->  Bitmap Heap Scan on sbtest7  (cost=21.88..3563.88 rows=921 width=121)
	        Recheck Cond: ((id >= 3163006) AND (id <= 3164005))
	        ->  Bitmap Index Scan on sbtest7_pkey  (cost=0.00..21.64 rows=921 width=0)
	              Index Cond: ((id >= 3163006) AND (id <= 3164005))

table 8 : explain SELECT c FROM sbtest8 WHERE id BETWEEN 5903102 AND 5904101 ORDER BY c
	Sort  (cost=3999.53..4002.09 rows=1023 width=121)
	  Sort Key: c
	  ->  Bitmap Heap Scan on sbtest8  (cost=22.92..3948.39 rows=1023 width=121)
	        Recheck Cond: ((id >= 5903102) AND (id <= 5904101))
	        ->  Bitmap Index Scan on sbtest8_pkey  (cost=0.00..22.66 rows=1023 width=0)
	              Index Cond: ((id >= 5903102) AND (id <= 5904101))

for: order_ranges
table 1 : explain SELECT c FROM sbtest1 WHERE id BETWEEN 5572258 AND 5573257 ORDER BY c
	Sort  (cost=4051.70..4054.29 rows=1037 width=121)
	  Sort Key: c
	  ->  Bitmap Heap Scan on sbtest1  (cost=23.06..3999.75 rows=1037 width=121)
	        Recheck Cond: ((id >= 5572258) AND (id <= 5573257))
	        ->  Bitmap Index Scan on sbtest1_pkey  (cost=0.00..22.80 rows=1037 width=0)
	              Index Cond: ((id >= 5572258) AND (id <= 5573257))

table 2 : explain SELECT c FROM sbtest2 WHERE id BETWEEN 5513396 AND 5514395 ORDER BY c
	Sort  (cost=3565.63..3567.90 rows=910 width=121)
	  Sort Key: c
	  ->  Bitmap Heap Scan on sbtest2  (cost=21.76..3520.90 rows=910 width=121)
	        Recheck Cond: ((id >= 5513396) AND (id <= 5514395))
	        ->  Bitmap Index Scan on sbtest2_pkey  (cost=0.00..21.54 rows=910 width=0)
	              Index Cond: ((id >= 5513396) AND (id <= 5514395))

table 3 : explain SELECT c FROM sbtest3 WHERE id BETWEEN 6571662 AND 6572661 ORDER BY c
	Sort  (cost=3940.76..3943.28 rows=1008 width=121)
	  Sort Key: c
	  ->  Bitmap Heap Scan on sbtest3  (cost=22.77..3890.47 rows=1008 width=121)
	        Recheck Cond: ((id >= 6571662) AND (id <= 6572661))
	        ->  Bitmap Index Scan on sbtest3_pkey  (cost=0.00..22.51 rows=1008 width=0)
	              Index Cond: ((id >= 6571662) AND (id <= 6572661))

table 4 : explain SELECT c FROM sbtest4 WHERE id BETWEEN 2706904 AND 2707903 ORDER BY c
	Sort  (cost=4127.81..4130.45 rows=1057 width=121)
	  Sort Key: c
	  ->  Bitmap Heap Scan on sbtest4  (cost=23.27..4074.72 rows=1057 width=121)
	        Recheck Cond: ((id >= 2706904) AND (id <= 2707903))
	        ->  Bitmap Index Scan on sbtest4_pkey  (cost=0.00..23.00 rows=1057 width=0)
	              Index Cond: ((id >= 2706904) AND (id <= 2707903))

table 5 : explain SELECT c FROM sbtest5 WHERE id BETWEEN 6780557 AND 6781556 ORDER BY c
	Sort  (cost=3712.50..3714.87 rows=948 width=121)
	  Sort Key: c
	  ->  Bitmap Heap Scan on sbtest5  (cost=22.15..3665.63 rows=948 width=121)
	        Recheck Cond: ((id >= 6780557) AND (id <= 6781556))
	        ->  Bitmap Index Scan on sbtest5_pkey  (cost=0.00..21.91 rows=948 width=0)
	              Index Cond: ((id >= 6780557) AND (id <= 6781556))

table 6 : explain SELECT c FROM sbtest6 WHERE id BETWEEN 3238881 AND 3239880 ORDER BY c
	Sort  (cost=3814.99..3817.43 rows=975 width=121)
	  Sort Key: c
	  ->  Bitmap Heap Scan on sbtest6  (cost=22.43..3766.59 rows=975 width=121)
	        Recheck Cond: ((id >= 3238881) AND (id <= 3239880))
	        ->  Bitmap Index Scan on sbtest6_pkey  (cost=0.00..22.18 rows=975 width=0)
	              Index Cond: ((id >= 3238881) AND (id <= 3239880))

table 7 : explain SELECT c FROM sbtest7 WHERE id BETWEEN 9569393 AND 9570392 ORDER BY c
	Sort  (cost=4453.86..4456.72 rows=1142 width=121)
	  Sort Key: c
	  ->  Bitmap Heap Scan on sbtest7  (cost=28.14..4395.86 rows=1142 width=121)
	        Recheck Cond: ((id >= 9569393) AND (id <= 9570392))
	        ->  Bitmap Index Scan on sbtest7_pkey  (cost=0.00..27.86 rows=1142 width=0)
	              Index Cond: ((id >= 9569393) AND (id <= 9570392))

table 8 : explain SELECT c FROM sbtest8 WHERE id BETWEEN 5809968 AND 5810967 ORDER BY c
	Sort  (cost=3999.53..4002.09 rows=1023 width=121)
	  Sort Key: c
	  ->  Bitmap Heap Scan on sbtest8  (cost=22.92..3948.39 rows=1023 width=121)
	        Recheck Cond: ((id >= 5809968) AND (id <= 5810967))
	        ->  Bitmap Index Scan on sbtest8_pkey  (cost=0.00..22.66 rows=1023 width=0)
	              Index Cond: ((id >= 5809968) AND (id <= 5810967))

for: simple_ranges
table 1 : explain SELECT c FROM sbtest1 WHERE id BETWEEN 8478053 AND 8479052
	Bitmap Heap Scan on sbtest1  (cost=23.23..4059.90 rows=1053 width=121)
	  Recheck Cond: ((id >= 8478053) AND (id <= 8479052))
	  ->  Bitmap Index Scan on sbtest1_pkey  (cost=0.00..22.96 rows=1053 width=0)
	        Index Cond: ((id >= 8478053) AND (id <= 8479052))

table 2 : explain SELECT c FROM sbtest2 WHERE id BETWEEN 5900353 AND 5901352
	Bitmap Heap Scan on sbtest2  (cost=22.45..3773.65 rows=977 width=121)
	  Recheck Cond: ((id >= 5900353) AND (id <= 5901352))
	  ->  Bitmap Index Scan on sbtest2_pkey  (cost=0.00..22.20 rows=977 width=0)
	        Index Cond: ((id >= 5900353) AND (id <= 5901352))

table 3 : explain SELECT c FROM sbtest3 WHERE id BETWEEN 4869461 AND 4870460
	Bitmap Heap Scan on sbtest3  (cost=22.53..3803.87 rows=985 width=121)
	  Recheck Cond: ((id >= 4869461) AND (id <= 4870460))
	  ->  Bitmap Index Scan on sbtest3_pkey  (cost=0.00..22.29 rows=985 width=0)
	        Index Cond: ((id >= 4869461) AND (id <= 4870460))

table 4 : explain SELECT c FROM sbtest4 WHERE id BETWEEN 8117880 AND 8118879
	Bitmap Heap Scan on sbtest4  (cost=21.11..3278.93 rows=846 width=121)
	  Recheck Cond: ((id >= 8117880) AND (id <= 8118879))
	  ->  Bitmap Index Scan on sbtest4_pkey  (cost=0.00..20.89 rows=846 width=0)
	        Index Cond: ((id >= 8117880) AND (id <= 8118879))

table 5 : explain SELECT c FROM sbtest5 WHERE id BETWEEN 3507274 AND 3508273
	Bitmap Heap Scan on sbtest5  (cost=22.64..3846.62 rows=996 width=121)
	  Recheck Cond: ((id >= 3507274) AND (id <= 3508273))
	  ->  Bitmap Index Scan on sbtest5_pkey  (cost=0.00..22.39 rows=996 width=0)
	        Index Cond: ((id >= 3507274) AND (id <= 3508273))

table 6 : explain SELECT c FROM sbtest6 WHERE id BETWEEN 9462230 AND 9463229
	Bitmap Heap Scan on sbtest6  (cost=23.20..4048.89 rows=1050 width=121)
	  Recheck Cond: ((id >= 9462230) AND (id <= 9463229))
	  ->  Bitmap Index Scan on sbtest6_pkey  (cost=0.00..22.93 rows=1050 width=0)
	        Index Cond: ((id >= 9462230) AND (id <= 9463229))

table 7 : explain SELECT c FROM sbtest7 WHERE id BETWEEN 7000819 AND 7001818
	Bitmap Heap Scan on sbtest7  (cost=22.39..3752.60 rows=971 width=121)
	  Recheck Cond: ((id >= 7000819) AND (id <= 7001818))
	  ->  Bitmap Index Scan on sbtest7_pkey  (cost=0.00..22.14 rows=971 width=0)
	        Index Cond: ((id >= 7000819) AND (id <= 7001818))

table 8 : explain SELECT c FROM sbtest8 WHERE id BETWEEN 240374 AND 241373
	Bitmap Heap Scan on sbtest8  (cost=27.53..4174.26 rows=1082 width=121)
	  Recheck Cond: ((id >= 240374) AND (id <= 241373))
	  ->  Bitmap Index Scan on sbtest8_pkey  (cost=0.00..27.25 rows=1082 width=0)
	        Index Cond: ((id >= 240374) AND (id <= 241373))

explain: for point_selects :: explain SELECT c FROM sbtest%u WHERE id=%u
for: distinct_ranges
table 1 : explain SELECT DISTINCT c FROM sbtest1 WHERE id BETWEEN 3664519 AND 3665518 ORDER BY c
	Unique  (cost=4257.68..4263.14 rows=1091 width=121)
	  ->  Sort  (cost=4257.68..4260.41 rows=1091 width=121)
	        Sort Key: c
	        ->  Bitmap Heap Scan on sbtest1  (cost=23.62..4202.63 rows=1091 width=121)
	              Recheck Cond: ((id >= 3664519) AND (id <= 3665518))
	              ->  Bitmap Index Scan on sbtest1_pkey  (cost=0.00..23.34 rows=1091 width=0)
	                    Index Cond: ((id >= 3664519) AND (id <= 3665518))

table 2 : explain SELECT DISTINCT c FROM sbtest2 WHERE id BETWEEN 3284244 AND 3285243 ORDER BY c
	Unique  (cost=3978.88..3983.97 rows=1018 width=121)
	  ->  Sort  (cost=3978.88..3981.43 rows=1018 width=121)
	        Sort Key: c
	        ->  Bitmap Heap Scan on sbtest2  (cost=22.87..3928.03 rows=1018 width=121)
	              Recheck Cond: ((id >= 3284244) AND (id <= 3285243))
	              ->  Bitmap Index Scan on sbtest2_pkey  (cost=0.00..22.61 rows=1018 width=0)
	                    Index Cond: ((id >= 3284244) AND (id <= 3285243))

table 3 : explain SELECT DISTINCT c FROM sbtest3 WHERE id BETWEEN 5793651 AND 5794650 ORDER BY c
	Unique  (cost=3990.42..3995.53 rows=1021 width=121)
	  ->  Sort  (cost=3990.42..3992.97 rows=1021 width=121)
	        Sort Key: c
	        ->  Bitmap Heap Scan on sbtest3  (cost=22.90..3939.39 rows=1021 width=121)
	              Recheck Cond: ((id >= 5793651) AND (id <= 5794650))
	              ->  Bitmap Index Scan on sbtest3_pkey  (cost=0.00..22.64 rows=1021 width=0)
	                    Index Cond: ((id >= 5793651) AND (id <= 5794650))

table 4 : explain SELECT DISTINCT c FROM sbtest4 WHERE id BETWEEN 7969900 AND 7970899 ORDER BY c
	Unique  (cost=3519.66..3524.15 rows=898 width=121)
	  ->  Sort  (cost=3519.66..3521.90 rows=898 width=121)
	        Sort Key: c
	        ->  Bitmap Heap Scan on sbtest4  (cost=21.64..3475.61 rows=898 width=121)
	              Recheck Cond: ((id >= 7969900) AND (id <= 7970899))
	              ->  Bitmap Index Scan on sbtest4_pkey  (cost=0.00..21.41 rows=898 width=0)
	                    Index Cond: ((id >= 7969900) AND (id <= 7970899))

table 5 : explain SELECT DISTINCT c FROM sbtest5 WHERE id BETWEEN 9168053 AND 9169052 ORDER BY c
	Unique  (cost=3524.65..3529.15 rows=899 width=121)
	  ->  Sort  (cost=3524.65..3526.90 rows=899 width=121)
	        Sort Key: c
	        ->  Bitmap Heap Scan on sbtest5  (cost=21.65..3480.55 rows=899 width=121)
	              Recheck Cond: ((id >= 9168053) AND (id <= 9169052))
	              ->  Bitmap Index Scan on sbtest5_pkey  (cost=0.00..21.43 rows=899 width=0)
	                    Index Cond: ((id >= 9168053) AND (id <= 9169052))

table 6 : explain SELECT DISTINCT c FROM sbtest6 WHERE id BETWEEN 2246986 AND 2247985 ORDER BY c
	Unique  (cost=3335.78..3340.03 rows=850 width=121)
	  ->  Sort  (cost=3335.78..3337.91 rows=850 width=121)
	        Sort Key: c
	        ->  Bitmap Heap Scan on sbtest6  (cost=21.15..3294.43 rows=850 width=121)
	              Recheck Cond: ((id >= 2246986) AND (id <= 2247985))
	              ->  Bitmap Index Scan on sbtest6_pkey  (cost=0.00..20.93 rows=850 width=0)
	                    Index Cond: ((id >= 2246986) AND (id <= 2247985))

table 7 : explain SELECT DISTINCT c FROM sbtest7 WHERE id BETWEEN 2693493 AND 2694492 ORDER BY c
	Unique  (cost=3995.84..4000.95 rows=1022 width=121)
	  ->  Sort  (cost=3995.84..3998.39 rows=1022 width=121)
	        Sort Key: c
	        ->  Bitmap Heap Scan on sbtest7  (cost=22.91..3944.75 rows=1022 width=121)
	              Recheck Cond: ((id >= 2693493) AND (id <= 2694492))
	              ->  Bitmap Index Scan on sbtest7_pkey  (cost=0.00..22.65 rows=1022 width=0)
	                    Index Cond: ((id >= 2693493) AND (id <= 2694492))

table 8 : explain SELECT DISTINCT c FROM sbtest8 WHERE id BETWEEN 4770245 AND 4771244 ORDER BY c
	Unique  (cost=3727.91..3732.67 rows=952 width=121)
	  ->  Sort  (cost=3727.91..3730.29 rows=952 width=121)
	        Sort Key: c
	        ->  Bitmap Heap Scan on sbtest8  (cost=22.19..3680.81 rows=952 width=121)
	              Recheck Cond: ((id >= 4770245) AND (id <= 4771244))
	              ->  Bitmap Index Scan on sbtest8_pkey  (cost=0.00..21.95 rows=952 width=0)
	                    Index Cond: ((id >= 4770245) AND (id <= 4771244))

for: distinct_ranges
table 1 : explain SELECT DISTINCT c FROM sbtest1 WHERE id BETWEEN 1900901 AND 1901900 ORDER BY c
	Unique  (cost=4150.92..4156.23 rows=1063 width=121)
	  ->  Sort  (cost=4150.92..4153.57 rows=1063 width=121)
	        Sort Key: c
	        ->  Bitmap Heap Scan on sbtest1  (cost=23.33..4097.48 rows=1063 width=121)
	              Recheck Cond: ((id >= 1900901) AND (id <= 1901900))
	              ->  Bitmap Index Scan on sbtest1_pkey  (cost=0.00..23.07 rows=1063 width=0)
	                    Index Cond: ((id >= 1900901) AND (id <= 1901900))

table 2 : explain SELECT DISTINCT c FROM sbtest2 WHERE id BETWEEN 5301892 AND 5302891 ORDER BY c
	Unique  (cost=3975.06..3980.15 rows=1017 width=121)
	  ->  Sort  (cost=3975.06..3977.61 rows=1017 width=121)
	        Sort Key: c
	        ->  Bitmap Heap Scan on sbtest2  (cost=22.86..3924.26 rows=1017 width=121)
	              Recheck Cond: ((id >= 5301892) AND (id <= 5302891))
	              ->  Bitmap Index Scan on sbtest2_pkey  (cost=0.00..22.61 rows=1017 width=0)
	                    Index Cond: ((id >= 5301892) AND (id <= 5302891))

table 3 : explain SELECT DISTINCT c FROM sbtest3 WHERE id BETWEEN 8634447 AND 8635446 ORDER BY c
	Unique  (cost=3887.25..3892.22 rows=994 width=121)
	  ->  Sort  (cost=3887.25..3889.74 rows=994 width=121)
	        Sort Key: c
	        ->  Bitmap Heap Scan on sbtest3  (cost=22.62..3837.76 rows=994 width=121)
	              Recheck Cond: ((id >= 8634447) AND (id <= 8635446))
	              ->  Bitmap Index Scan on sbtest3_pkey  (cost=0.00..22.37 rows=994 width=0)
	                    Index Cond: ((id >= 8634447) AND (id <= 8635446))

table 4 : explain SELECT DISTINCT c FROM sbtest4 WHERE id BETWEEN 6943876 AND 6944875 ORDER BY c
	Unique  (cost=4269.07..4274.54 rows=1093 width=121)
	  ->  Sort  (cost=4269.07..4271.81 rows=1093 width=121)
	        Sort Key: c
	        ->  Bitmap Heap Scan on sbtest4  (cost=27.64..4213.91 rows=1093 width=121)
	              Recheck Cond: ((id >= 6943876) AND (id <= 6944875))
	              ->  Bitmap Index Scan on sbtest4_pkey  (cost=0.00..27.36 rows=1093 width=0)
	                    Index Cond: ((id >= 6943876) AND (id <= 6944875))

table 5 : explain SELECT DISTINCT c FROM sbtest5 WHERE id BETWEEN 3614566 AND 3615565 ORDER BY c
	Unique  (cost=4030.00..4035.16 rows=1031 width=121)
	  ->  Sort  (cost=4030.00..4032.58 rows=1031 width=121)
	        Sort Key: c
	        ->  Bitmap Heap Scan on sbtest5  (cost=23.00..3978.40 rows=1031 width=121)
	              Recheck Cond: ((id >= 3614566) AND (id <= 3615565))
	              ->  Bitmap Index Scan on sbtest5_pkey  (cost=0.00..22.75 rows=1031 width=0)
	                    Index Cond: ((id >= 3614566) AND (id <= 3615565))

table 6 : explain SELECT DISTINCT c FROM sbtest6 WHERE id BETWEEN 5225159 AND 5226158 ORDER BY c
	Unique  (cost=3937.35..3942.39 rows=1007 width=121)
	  ->  Sort  (cost=3937.35..3939.87 rows=1007 width=121)
	        Sort Key: c
	        ->  Bitmap Heap Scan on sbtest6  (cost=22.76..3887.13 rows=1007 width=121)
	              Recheck Cond: ((id >= 5225159) AND (id <= 5226158))
	              ->  Bitmap Index Scan on sbtest6_pkey  (cost=0.00..22.50 rows=1007 width=0)
	                    Index Cond: ((id >= 5225159) AND (id <= 5226158))

table 7 : explain SELECT DISTINCT c FROM sbtest7 WHERE id BETWEEN 528898 AND 529897 ORDER BY c
	Unique  (cost=3865.83..3870.77 rows=988 width=121)
	  ->  Sort  (cost=3865.83..3868.30 rows=988 width=121)
	        Sort Key: c
	        ->  Bitmap Heap Scan on sbtest7  (cost=22.56..3816.69 rows=988 width=121)
	              Recheck Cond: ((id >= 528898) AND (id <= 529897))
	              ->  Bitmap Index Scan on sbtest7_pkey  (cost=0.00..22.32 rows=988 width=0)
	                    Index Cond: ((id >= 528898) AND (id <= 529897))

table 8 : explain SELECT DISTINCT c FROM sbtest8 WHERE id BETWEEN 5293620 AND 5294619 ORDER BY c
	Unique  (cost=3819.79..3824.67 rows=976 width=121)
	  ->  Sort  (cost=3819.79..3822.23 rows=976 width=121)
	        Sort Key: c
	        ->  Bitmap Heap Scan on sbtest8  (cost=22.44..3771.33 rows=976 width=121)
	              Recheck Cond: ((id >= 5293620) AND (id <= 5294619))
	              ->  Bitmap Index Scan on sbtest8_pkey  (cost=0.00..22.19 rows=976 width=0)
	                    Index Cond: ((id >= 5293620) AND (id <= 5294619))

explain: for point_selects :: explain SELECT c FROM sbtest%u WHERE id=%u
for: sum_ranges
table 1 : explain SELECT SUM(k) FROM sbtest1 WHERE id BETWEEN 7750550 AND 7751549
	Aggregate  (cost=3945.88..3945.89 rows=1 width=8)
	  ->  Bitmap Heap Scan on sbtest1  (cost=22.91..3943.33 rows=1022 width=4)
	        Recheck Cond: ((id >= 7750550) AND (id <= 7751549))
	        ->  Bitmap Index Scan on sbtest1_pkey  (cost=0.00..22.65 rows=1022 width=0)
	              Index Cond: ((id >= 7750550) AND (id <= 7751549))

table 2 : explain SELECT SUM(k) FROM sbtest2 WHERE id BETWEEN 3199993 AND 3200992
	Aggregate  (cost=3843.94..3843.95 rows=1 width=8)
	  ->  Bitmap Heap Scan on sbtest2  (cost=22.63..3841.45 rows=995 width=4)
	        Recheck Cond: ((id >= 3199993) AND (id <= 3200992))
	        ->  Bitmap Index Scan on sbtest2_pkey  (cost=0.00..22.39 rows=995 width=0)
	              Index Cond: ((id >= 3199993) AND (id <= 3200992))

table 3 : explain SELECT SUM(k) FROM sbtest3 WHERE id BETWEEN 6417698 AND 6418697
	Aggregate  (cost=3855.32..3855.33 rows=1 width=8)
	  ->  Bitmap Heap Scan on sbtest3  (cost=22.66..3852.83 rows=998 width=4)
	        Recheck Cond: ((id >= 6417698) AND (id <= 6418697))
	        ->  Bitmap Index Scan on sbtest3_pkey  (cost=0.00..22.41 rows=998 width=0)
	              Index Cond: ((id >= 6417698) AND (id <= 6418697))

table 4 : explain SELECT SUM(k) FROM sbtest4 WHERE id BETWEEN 6723313 AND 6724312
	Aggregate  (cost=3874.13..3874.14 rows=1 width=8)
	  ->  Bitmap Heap Scan on sbtest4  (cost=22.72..3871.62 rows=1003 width=4)
	        Recheck Cond: ((id >= 6723313) AND (id <= 6724312))
	        ->  Bitmap Index Scan on sbtest4_pkey  (cost=0.00..22.46 rows=1003 width=0)
	              Index Cond: ((id >= 6723313) AND (id <= 6724312))

table 5 : explain SELECT SUM(k) FROM sbtest5 WHERE id BETWEEN 2761267 AND 2762266
	Aggregate  (cost=3524.40..3524.41 rows=1 width=8)
	  ->  Bitmap Heap Scan on sbtest5  (cost=21.76..3522.12 rows=910 width=4)
	        Recheck Cond: ((id >= 2761267) AND (id <= 2762266))
	        ->  Bitmap Index Scan on sbtest5_pkey  (cost=0.00..21.54 rows=910 width=0)
	              Index Cond: ((id >= 2761267) AND (id <= 2762266))

table 6 : explain SELECT SUM(k) FROM sbtest6 WHERE id BETWEEN 9873748 AND 9874747
	Aggregate  (cost=3618.06..3618.07 rows=1 width=8)
	  ->  Bitmap Heap Scan on sbtest6  (cost=22.02..3615.73 rows=935 width=4)
	        Recheck Cond: ((id >= 9873748) AND (id <= 9874747))
	        ->  Bitmap Index Scan on sbtest6_pkey  (cost=0.00..21.79 rows=935 width=0)
	              Index Cond: ((id >= 9873748) AND (id <= 9874747))

table 7 : explain SELECT SUM(k) FROM sbtest7 WHERE id BETWEEN 1367273 AND 1368272
	Aggregate  (cost=3630.42..3630.43 rows=1 width=8)
	  ->  Bitmap Heap Scan on sbtest7  (cost=22.05..3628.08 rows=938 width=4)
	        Recheck Cond: ((id >= 1367273) AND (id <= 1368272))
	        ->  Bitmap Index Scan on sbtest7_pkey  (cost=0.00..21.82 rows=938 width=0)
	              Index Cond: ((id >= 1367273) AND (id <= 1368272))

table 8 : explain SELECT SUM(k) FROM sbtest8 WHERE id BETWEEN 1785264 AND 1786263
	Aggregate  (cost=4086.46..4086.47 rows=1 width=8)
	  ->  Bitmap Heap Scan on sbtest8  (cost=23.29..4083.82 rows=1059 width=4)
	        Recheck Cond: ((id >= 1785264) AND (id <= 1786263))
	        ->  Bitmap Index Scan on sbtest8_pkey  (cost=0.00..23.02 rows=1059 width=0)
	              Index Cond: ((id >= 1785264) AND (id <= 1786263))

explain: for point_selects :: explain SELECT c FROM sbtest%u WHERE id=%u
for: sum_ranges
table 1 : explain SELECT SUM(k) FROM sbtest1 WHERE id BETWEEN 5429838 AND 5430837
	Aggregate  (cost=3945.88..3945.89 rows=1 width=8)
	  ->  Bitmap Heap Scan on sbtest1  (cost=22.91..3943.33 rows=1022 width=4)
	        Recheck Cond: ((id >= 5429838) AND (id <= 5430837))
	        ->  Bitmap Index Scan on sbtest1_pkey  (cost=0.00..22.65 rows=1022 width=0)
	              Index Cond: ((id >= 5429838) AND (id <= 5430837))

table 2 : explain SELECT SUM(k) FROM sbtest2 WHERE id BETWEEN 4101246 AND 4102245
	Aggregate  (cost=4058.51..4058.52 rows=1 width=8)
	  ->  Bitmap Heap Scan on sbtest2  (cost=23.22..4055.88 rows=1052 width=4)
	        Recheck Cond: ((id >= 4101246) AND (id <= 4102245))
	        ->  Bitmap Index Scan on sbtest2_pkey  (cost=0.00..22.95 rows=1052 width=0)
	              Index Cond: ((id >= 4101246) AND (id <= 4102245))

table 3 : explain SELECT SUM(k) FROM sbtest3 WHERE id BETWEEN 121672 AND 122671
	Aggregate  (cost=3862.86..3862.87 rows=1 width=8)
	  ->  Bitmap Heap Scan on sbtest3  (cost=22.68..3860.36 rows=1000 width=4)
	        Recheck Cond: ((id >= 121672) AND (id <= 122671))
	        ->  Bitmap Index Scan on sbtest3_pkey  (cost=0.00..22.43 rows=1000 width=0)
	              Index Cond: ((id >= 121672) AND (id <= 122671))

table 4 : explain SELECT SUM(k) FROM sbtest4 WHERE id BETWEEN 9842922 AND 9843921
	Aggregate  (cost=3953.21..3953.22 rows=1 width=8)
	  ->  Bitmap Heap Scan on sbtest4  (cost=22.93..3950.65 rows=1024 width=4)
	        Recheck Cond: ((id >= 9842922) AND (id <= 9843921))
	        ->  Bitmap Index Scan on sbtest4_pkey  (cost=0.00..22.68 rows=1024 width=0)
	              Index Cond: ((id >= 9842922) AND (id <= 9843921))

table 5 : explain SELECT SUM(k) FROM sbtest5 WHERE id BETWEEN 9900637 AND 9901636
	Aggregate  (cost=3592.44..3592.45 rows=1 width=8)
	  ->  Bitmap Heap Scan on sbtest5  (cost=21.95..3590.12 rows=928 width=4)
	        Recheck Cond: ((id >= 9900637) AND (id <= 9901636))
	        ->  Bitmap Index Scan on sbtest5_pkey  (cost=0.00..21.71 rows=928 width=0)
	              Index Cond: ((id >= 9900637) AND (id <= 9901636))

table 6 : explain SELECT SUM(k) FROM sbtest6 WHERE id BETWEEN 7331122 AND 7332121
	Aggregate  (cost=3686.02..3686.03 rows=1 width=8)
	  ->  Bitmap Heap Scan on sbtest6  (cost=22.20..3683.64 rows=953 width=4)
	        Recheck Cond: ((id >= 7331122) AND (id <= 7332121))
	        ->  Bitmap Index Scan on sbtest6_pkey  (cost=0.00..21.96 rows=953 width=0)
	              Index Cond: ((id >= 7331122) AND (id <= 7332121))

table 7 : explain SELECT SUM(k) FROM sbtest7 WHERE id BETWEEN 9563147 AND 9564146
	Aggregate  (cost=4398.72..4398.73 rows=1 width=8)
	  ->  Bitmap Heap Scan on sbtest7  (cost=28.14..4395.86 rows=1142 width=4)
	        Recheck Cond: ((id >= 9563147) AND (id <= 9564146))
	        ->  Bitmap Index Scan on sbtest7_pkey  (cost=0.00..27.86 rows=1142 width=0)
	              Index Cond: ((id >= 9563147) AND (id <= 9564146))

table 8 : explain SELECT SUM(k) FROM sbtest8 WHERE id BETWEEN 341470 AND 342469
	Aggregate  (cost=3626.53..3626.54 rows=1 width=8)
	  ->  Bitmap Heap Scan on sbtest8  (cost=22.04..3624.19 rows=937 width=4)
	        Recheck Cond: ((id >= 341470) AND (id <= 342469))
	        ->  Bitmap Index Scan on sbtest8_pkey  (cost=0.00..21.80 rows=937 width=0)
	              Index Cond: ((id >= 341470) AND (id <= 342469))

for: distinct_ranges
table 1 : explain SELECT DISTINCT c FROM sbtest1 WHERE id BETWEEN 4248214 AND 4249213 ORDER BY c
	Unique  (cost=3803.28..3808.14 rows=972 width=121)
	  ->  Sort  (cost=3803.28..3805.71 rows=972 width=121)
	        Sort Key: c
	        ->  Bitmap Heap Scan on sbtest1  (cost=22.40..3755.05 rows=972 width=121)
	              Recheck Cond: ((id >= 4248214) AND (id <= 4249213))
	              ->  Bitmap Index Scan on sbtest1_pkey  (cost=0.00..22.15 rows=972 width=0)
	                    Index Cond: ((id >= 4248214) AND (id <= 4249213))

table 2 : explain SELECT DISTINCT c FROM sbtest2 WHERE id BETWEEN 5166829 AND 5167828 ORDER BY c
	Unique  (cost=3776.26..3781.09 rows=965 width=121)
	  ->  Sort  (cost=3776.26..3778.68 rows=965 width=121)
	        Sort Key: c
	        ->  Bitmap Heap Scan on sbtest2  (cost=22.33..3728.43 rows=965 width=121)
	              Recheck Cond: ((id >= 5166829) AND (id <= 5167828))
	              ->  Bitmap Index Scan on sbtest2_pkey  (cost=0.00..22.08 rows=965 width=0)
	                    Index Cond: ((id >= 5166829) AND (id <= 5167828))

table 3 : explain SELECT DISTINCT c FROM sbtest3 WHERE id BETWEEN 1371982 AND 1372981 ORDER BY c
	Unique  (cost=3795.47..3800.32 rows=970 width=121)
	  ->  Sort  (cost=3795.47..3797.89 rows=970 width=121)
	        Sort Key: c
	        ->  Bitmap Heap Scan on sbtest3  (cost=22.38..3747.35 rows=970 width=121)
	              Recheck Cond: ((id >= 1371982) AND (id <= 1372981))
	              ->  Bitmap Index Scan on sbtest3_pkey  (cost=0.00..22.14 rows=970 width=0)
	                    Index Cond: ((id >= 1371982) AND (id <= 1372981))

table 4 : explain SELECT DISTINCT c FROM sbtest4 WHERE id BETWEEN 118937 AND 119936 ORDER BY c
	Unique  (cost=4150.70..4156.01 rows=1063 width=121)
	  ->  Sort  (cost=4150.70..4153.35 rows=1063 width=121)
	        Sort Key: c
	        ->  Bitmap Heap Scan on sbtest4  (cost=23.33..4097.26 rows=1063 width=121)
	              Recheck Cond: ((id >= 118937) AND (id <= 119936))
	              ->  Bitmap Index Scan on sbtest4_pkey  (cost=0.00..23.07 rows=1063 width=0)
	                    Index Cond: ((id >= 118937) AND (id <= 119936))

table 5 : explain SELECT DISTINCT c FROM sbtest5 WHERE id BETWEEN 3816396 AND 3817395 ORDER BY c
	Unique  (cost=3846.49..3851.40 rows=983 width=121)
	  ->  Sort  (cost=3846.49..3848.95 rows=983 width=121)
	        Sort Key: c
	        ->  Bitmap Heap Scan on sbtest5  (cost=22.51..3797.63 rows=983 width=121)
	              Recheck Cond: ((id >= 3816396) AND (id <= 3817395))
	              ->  Bitmap Index Scan on sbtest5_pkey  (cost=0.00..22.26 rows=983 width=0)
	                    Index Cond: ((id >= 3816396) AND (id <= 3817395))

table 6 : explain SELECT DISTINCT c FROM sbtest6 WHERE id BETWEEN 6874934 AND 6875933 ORDER BY c
	Unique  (cost=3792.04..3796.88 rows=969 width=121)
	  ->  Sort  (cost=3792.04..3794.46 rows=969 width=121)
	        Sort Key: c
	        ->  Bitmap Heap Scan on sbtest6  (cost=22.37..3743.97 rows=969 width=121)
	              Recheck Cond: ((id >= 6874934) AND (id <= 6875933))
	              ->  Bitmap Index Scan on sbtest6_pkey  (cost=0.00..22.12 rows=969 width=0)
	                    Index Cond: ((id >= 6874934) AND (id <= 6875933))

table 7 : explain SELECT DISTINCT c FROM sbtest7 WHERE id BETWEEN 6018345 AND 6019344 ORDER BY c
	Unique  (cost=3946.15..3951.19 rows=1009 width=121)
	  ->  Sort  (cost=3946.15..3948.67 rows=1009 width=121)
	        Sort Key: c
	        ->  Bitmap Heap Scan on sbtest7  (cost=22.78..3895.80 rows=1009 width=121)
	              Recheck Cond: ((id >= 6018345) AND (id <= 6019344))
	              ->  Bitmap Index Scan on sbtest7_pkey  (cost=0.00..22.52 rows=1009 width=0)
	                    Index Cond: ((id >= 6018345) AND (id <= 6019344))

table 8 : explain SELECT DISTINCT c FROM sbtest8 WHERE id BETWEEN 4406885 AND 4407884 ORDER BY c
	Unique  (cost=3635.95..3640.59 rows=928 width=121)
	  ->  Sort  (cost=3635.95..3638.27 rows=928 width=121)
	        Sort Key: c
	        ->  Bitmap Heap Scan on sbtest8  (cost=21.95..3590.21 rows=928 width=121)
	              Recheck Cond: ((id >= 4406885) AND (id <= 4407884))
	              ->  Bitmap Index Scan on sbtest8_pkey  (cost=0.00..21.71 rows=928 width=0)
	                    Index Cond: ((id >= 4406885) AND (id <= 4407884))

for: order_ranges
table 1 : explain SELECT c FROM sbtest1 WHERE id BETWEEN 5651086 AND 5652085 ORDER BY c
	Sort  (cost=3960.03..3962.57 rows=1013 width=121)
	  Sort Key: c
	  ->  Bitmap Heap Scan on sbtest1  (cost=22.82..3909.46 rows=1013 width=121)
	        Recheck Cond: ((id >= 5651086) AND (id <= 5652085))
	        ->  Bitmap Index Scan on sbtest1_pkey  (cost=0.00..22.57 rows=1013 width=0)
	              Index Cond: ((id >= 5651086) AND (id <= 5652085))

table 2 : explain SELECT c FROM sbtest2 WHERE id BETWEEN 21249 AND 22248 ORDER BY c
	Sort  (cost=3971.24..3973.78 rows=1016 width=121)
	  Sort Key: c
	  ->  Bitmap Heap Scan on sbtest2  (cost=22.85..3920.50 rows=1016 width=121)
	        Recheck Cond: ((id >= 21249) AND (id <= 22248))
	        ->  Bitmap Index Scan on sbtest2_pkey  (cost=0.00..22.59 rows=1016 width=0)
	              Index Cond: ((id >= 21249) AND (id <= 22248))

table 3 : explain SELECT c FROM sbtest3 WHERE id BETWEEN 1235395 AND 1236394 ORDER BY c
	Sort  (cost=4104.95..4107.58 rows=1051 width=121)
	  Sort Key: c
	  ->  Bitmap Heap Scan on sbtest3  (cost=23.21..4052.20 rows=1051 width=121)
	        Recheck Cond: ((id >= 1235395) AND (id <= 1236394))
	        ->  Bitmap Index Scan on sbtest3_pkey  (cost=0.00..22.94 rows=1051 width=0)
	              Index Cond: ((id >= 1235395) AND (id <= 1236394))

table 4 : explain SELECT c FROM sbtest4 WHERE id BETWEEN 1796643 AND 1797642 ORDER BY c
	Sort  (cost=3978.93..3981.47 rows=1018 width=121)
	  Sort Key: c
	  ->  Bitmap Heap Scan on sbtest4  (cost=22.87..3928.07 rows=1018 width=121)
	        Recheck Cond: ((id >= 1796643) AND (id <= 1797642))
	        ->  Bitmap Index Scan on sbtest4_pkey  (cost=0.00..22.61 rows=1018 width=0)
	              Index Cond: ((id >= 1796643) AND (id <= 1797642))

table 5 : explain SELECT c FROM sbtest5 WHERE id BETWEEN 7492158 AND 7493157 ORDER BY c
	Sort  (cost=3968.86..3971.40 rows=1015 width=121)
	  Sort Key: c
	  ->  Bitmap Heap Scan on sbtest5  (cost=22.84..3918.18 rows=1015 width=121)
	        Recheck Cond: ((id >= 7492158) AND (id <= 7493157))
	        ->  Bitmap Index Scan on sbtest5_pkey  (cost=0.00..22.58 rows=1015 width=0)
	              Index Cond: ((id >= 7492158) AND (id <= 7493157))

table 6 : explain SELECT c FROM sbtest6 WHERE id BETWEEN 5903806 AND 5904805 ORDER BY c
	Sort  (cost=3929.71..3932.22 rows=1005 width=121)
	  Sort Key: c
	  ->  Bitmap Heap Scan on sbtest6  (cost=22.74..3879.60 rows=1005 width=121)
	        Recheck Cond: ((id >= 5903806) AND (id <= 5904805))
	        ->  Bitmap Index Scan on sbtest6_pkey  (cost=0.00..22.48 rows=1005 width=0)
	              Index Cond: ((id >= 5903806) AND (id <= 5904805))

table 7 : explain SELECT c FROM sbtest7 WHERE id BETWEEN 6233150 AND 6234149 ORDER BY c
	Sort  (cost=4037.87..4040.45 rows=1033 width=121)
	  Sort Key: c
	  ->  Bitmap Heap Scan on sbtest7  (cost=23.02..3986.15 rows=1033 width=121)
	        Recheck Cond: ((id >= 6233150) AND (id <= 6234149))
	        ->  Bitmap Index Scan on sbtest7_pkey  (cost=0.00..22.76 rows=1033 width=0)
	              Index Cond: ((id >= 6233150) AND (id <= 6234149))

table 8 : explain SELECT c FROM sbtest8 WHERE id BETWEEN 8805158 AND 8806157 ORDER BY c
	Sort  (cost=3593.78..3596.07 rows=917 width=121)
	  Sort Key: c
	  ->  Bitmap Heap Scan on sbtest8  (cost=21.83..3548.66 rows=917 width=121)
	        Recheck Cond: ((id >= 8805158) AND (id <= 8806157))
	        ->  Bitmap Index Scan on sbtest8_pkey  (cost=0.00..21.61 rows=917 width=0)
	              Index Cond: ((id >= 8805158) AND (id <= 8806157))

for: distinct_ranges
table 1 : explain SELECT DISTINCT c FROM sbtest1 WHERE id BETWEEN 7470329 AND 7471328 ORDER BY c
	Unique  (cost=4120.40..4125.67 rows=1055 width=121)
	  ->  Sort  (cost=4120.40..4123.03 rows=1055 width=121)
	        Sort Key: c
	        ->  Bitmap Heap Scan on sbtest1  (cost=23.25..4067.42 rows=1055 width=121)
	              Recheck Cond: ((id >= 7470329) AND (id <= 7471328))
	              ->  Bitmap Index Scan on sbtest1_pkey  (cost=0.00..22.98 rows=1055 width=0)
	                    Index Cond: ((id >= 7470329) AND (id <= 7471328))

table 2 : explain SELECT DISTINCT c FROM sbtest2 WHERE id BETWEEN 470960 AND 471959 ORDER BY c
	Unique  (cost=3695.89..3700.61 rows=944 width=121)
	  ->  Sort  (cost=3695.89..3698.25 rows=944 width=121)
	        Sort Key: c
	        ->  Bitmap Heap Scan on sbtest2  (cost=22.11..3649.24 rows=944 width=121)
	              Recheck Cond: ((id >= 470960) AND (id <= 471959))
	              ->  Bitmap Index Scan on sbtest2_pkey  (cost=0.00..21.87 rows=944 width=0)
	                    Index Cond: ((id >= 470960) AND (id <= 471959))

table 3 : explain SELECT DISTINCT c FROM sbtest3 WHERE id BETWEEN 3716665 AND 3717664 ORDER BY c
	Unique  (cost=3925.47..3930.49 rows=1004 width=121)
	  ->  Sort  (cost=3925.47..3927.98 rows=1004 width=121)
	        Sort Key: c
	        ->  Bitmap Heap Scan on sbtest3  (cost=22.73..3875.42 rows=1004 width=121)
	              Recheck Cond: ((id >= 3716665) AND (id <= 3717664))
	              ->  Bitmap Index Scan on sbtest3_pkey  (cost=0.00..22.47 rows=1004 width=0)
	                    Index Cond: ((id >= 3716665) AND (id <= 3717664))

table 4 : explain SELECT DISTINCT c FROM sbtest4 WHERE id BETWEEN 5585527 AND 5586526 ORDER BY c
	Unique  (cost=3883.40..3888.36 rows=993 width=121)
	  ->  Sort  (cost=3883.40..3885.88 rows=993 width=121)
	        Sort Key: c
	        ->  Bitmap Heap Scan on sbtest4  (cost=22.61..3833.97 rows=993 width=121)
	              Recheck Cond: ((id >= 5585527) AND (id <= 5586526))
	              ->  Bitmap Index Scan on sbtest4_pkey  (cost=0.00..22.36 rows=993 width=0)
	                    Index Cond: ((id >= 5585527) AND (id <= 5586526))

table 5 : explain SELECT DISTINCT c FROM sbtest5 WHERE id BETWEEN 3175261 AND 3176260 ORDER BY c
	Unique  (cost=3930.63..3935.66 rows=1005 width=121)
	  ->  Sort  (cost=3930.63..3933.15 rows=1005 width=121)
	        Sort Key: c
	        ->  Bitmap Heap Scan on sbtest5  (cost=22.74..3880.52 rows=1005 width=121)
	              Recheck Cond: ((id >= 3175261) AND (id <= 3176260))
	              ->  Bitmap Index Scan on sbtest5_pkey  (cost=0.00..22.48 rows=1005 width=0)
	                    Index Cond: ((id >= 3175261) AND (id <= 3176260))

table 6 : explain SELECT DISTINCT c FROM sbtest6 WHERE id BETWEEN 7136212 AND 7137211 ORDER BY c
	Unique  (cost=3780.56..3785.39 rows=966 width=121)
	  ->  Sort  (cost=3780.56..3782.97 rows=966 width=121)
	        Sort Key: c
	        ->  Bitmap Heap Scan on sbtest6  (cost=22.34..3732.66 rows=966 width=121)
	              Recheck Cond: ((id >= 7136212) AND (id <= 7137211))
	              ->  Bitmap Index Scan on sbtest6_pkey  (cost=0.00..22.09 rows=966 width=0)
	                    Index Cond: ((id >= 7136212) AND (id <= 7137211))

table 7 : explain SELECT DISTINCT c FROM sbtest7 WHERE id BETWEEN 9931379 AND 9932378 ORDER BY c
	Unique  (cost=3888.78..3893.75 rows=994 width=121)
	  ->  Sort  (cost=3888.78..3891.27 rows=994 width=121)
	        Sort Key: c
	        ->  Bitmap Heap Scan on sbtest7  (cost=22.62..3839.30 rows=994 width=121)
	              Recheck Cond: ((id >= 9931379) AND (id <= 9932378))
	              ->  Bitmap Index Scan on sbtest7_pkey  (cost=0.00..22.37 rows=994 width=0)
	                    Index Cond: ((id >= 9931379) AND (id <= 9932378))

table 8 : explain SELECT DISTINCT c FROM sbtest8 WHERE id BETWEEN 826435 AND 827434 ORDER BY c
	Unique  (cost=4369.92..4375.52 rows=1120 width=121)
	  ->  Sort  (cost=4369.92..4372.72 rows=1120 width=121)
	        Sort Key: c
	        ->  Bitmap Heap Scan on sbtest8  (cost=27.92..4313.20 rows=1120 width=121)
	              Recheck Cond: ((id >= 826435) AND (id <= 827434))
	              ->  Bitmap Index Scan on sbtest8_pkey  (cost=0.00..27.64 rows=1120 width=0)
	                    Index Cond: ((id >= 826435) AND (id <= 827434))

for: order_ranges
table 1 : explain SELECT c FROM sbtest1 WHERE id BETWEEN 6175507 AND 6176506 ORDER BY c
	Sort  (cost=3898.89..3901.38 rows=997 width=121)
	  Sort Key: c
	  ->  Bitmap Heap Scan on sbtest1  (cost=22.65..3849.23 rows=997 width=121)
	        Recheck Cond: ((id >= 6175507) AND (id <= 6176506))
	        ->  Bitmap Index Scan on sbtest1_pkey  (cost=0.00..22.40 rows=997 width=0)
	              Index Cond: ((id >= 6175507) AND (id <= 6176506))

table 2 : explain SELECT c FROM sbtest2 WHERE id BETWEEN 7828795 AND 7829794 ORDER BY c
	Sort  (cost=3707.37..3709.74 rows=947 width=121)
	  Sort Key: c
	  ->  Bitmap Heap Scan on sbtest2  (cost=22.14..3660.56 rows=947 width=121)
	        Recheck Cond: ((id >= 7828795) AND (id <= 7829794))
	        ->  Bitmap Index Scan on sbtest2_pkey  (cost=0.00..21.90 rows=947 width=0)
	              Index Cond: ((id >= 7828795) AND (id <= 7829794))

table 3 : explain SELECT c FROM sbtest3 WHERE id BETWEEN 9889078 AND 9890077 ORDER BY c
	Sort  (cost=3703.61..3705.98 rows=946 width=121)
	  Sort Key: c
	  ->  Bitmap Heap Scan on sbtest3  (cost=22.13..3656.85 rows=946 width=121)
	        Recheck Cond: ((id >= 9889078) AND (id <= 9890077))
	        ->  Bitmap Index Scan on sbtest3_pkey  (cost=0.00..21.89 rows=946 width=0)
	              Index Cond: ((id >= 9889078) AND (id <= 9890077))

table 4 : explain SELECT c FROM sbtest4 WHERE id BETWEEN 2321994 AND 2322993 ORDER BY c
	Sort  (cost=3726.55..3728.93 rows=952 width=121)
	  Sort Key: c
	  ->  Bitmap Heap Scan on sbtest4  (cost=22.19..3679.45 rows=952 width=121)
	        Recheck Cond: ((id >= 2321994) AND (id <= 2322993))
	        ->  Bitmap Index Scan on sbtest4_pkey  (cost=0.00..21.95 rows=952 width=0)
	              Index Cond: ((id >= 2321994) AND (id <= 2322993))

table 5 : explain SELECT c FROM sbtest5 WHERE id BETWEEN 4880678 AND 4881677 ORDER BY c
	Sort  (cost=3681.85..3684.20 rows=940 width=121)
	  Sort Key: c
	  ->  Bitmap Heap Scan on sbtest5  (cost=22.07..3635.43 rows=940 width=121)
	        Recheck Cond: ((id >= 4880678) AND (id <= 4881677))
	        ->  Bitmap Index Scan on sbtest5_pkey  (cost=0.00..21.83 rows=940 width=0)
	              Index Cond: ((id >= 4880678) AND (id <= 4881677))

table 6 : explain SELECT c FROM sbtest6 WHERE id BETWEEN 928414 AND 929413 ORDER BY c
	Sort  (cost=3669.53..3671.87 rows=937 width=121)
	  Sort Key: c
	  ->  Bitmap Heap Scan on sbtest6  (cost=22.04..3623.28 rows=937 width=121)
	        Recheck Cond: ((id >= 928414) AND (id <= 929413))
	        ->  Bitmap Index Scan on sbtest6_pkey  (cost=0.00..21.80 rows=937 width=0)
	              Index Cond: ((id >= 928414) AND (id <= 929413))

table 7 : explain SELECT c FROM sbtest7 WHERE id BETWEEN 2851976 AND 2852975 ORDER BY c
	Sort  (cost=3949.97..3952.49 rows=1010 width=121)
	  Sort Key: c
	  ->  Bitmap Heap Scan on sbtest7  (cost=22.79..3899.57 rows=1010 width=121)
	        Recheck Cond: ((id >= 2851976) AND (id <= 2852975))
	        ->  Bitmap Index Scan on sbtest7_pkey  (cost=0.00..22.54 rows=1010 width=0)
	              Index Cond: ((id >= 2851976) AND (id <= 2852975))

table 8 : explain SELECT c FROM sbtest8 WHERE id BETWEEN 423639 AND 424638 ORDER BY c
	Sort  (cost=4087.39..4090.01 rows=1046 width=121)
	  Sort Key: c
	  ->  Bitmap Heap Scan on sbtest8  (cost=23.16..4034.93 rows=1046 width=121)
	        Recheck Cond: ((id >= 423639) AND (id <= 424638))
	        ->  Bitmap Index Scan on sbtest8_pkey  (cost=0.00..22.89 rows=1046 width=0)
	              Index Cond: ((id >= 423639) AND (id <= 424638))

for point_selects
table 1 : explain SELECT c FROM sbtest1 WHERE id=7219470
	Index Scan using sbtest1_pkey on sbtest1  (cost=0.43..8.45 rows=1 width=121)
	  Index Cond: (id = 7219470)

table 2 : explain SELECT c FROM sbtest2 WHERE id=5555547
	Index Scan using sbtest2_pkey on sbtest2  (cost=0.43..8.45 rows=1 width=121)
	  Index Cond: (id = 5555547)

table 3 : explain SELECT c FROM sbtest3 WHERE id=9990848
	Index Scan using sbtest3_pkey on sbtest3  (cost=0.43..8.45 rows=1 width=121)
	  Index Cond: (id = 9990848)

table 4 : explain SELECT c FROM sbtest4 WHERE id=4599669
	Index Scan using sbtest4_pkey on sbtest4  (cost=0.43..8.45 rows=1 width=121)
	  Index Cond: (id = 4599669)

table 5 : explain SELECT c FROM sbtest5 WHERE id=446500
	Index Scan using sbtest5_pkey on sbtest5  (cost=0.43..8.45 rows=1 width=121)
	  Index Cond: (id = 446500)

table 6 : explain SELECT c FROM sbtest6 WHERE id=5836895
	Index Scan using sbtest6_pkey on sbtest6  (cost=0.43..8.45 rows=1 width=121)
	  Index Cond: (id = 5836895)

table 7 : explain SELECT c FROM sbtest7 WHERE id=5534447
	Index Scan using sbtest7_pkey on sbtest7  (cost=0.43..8.45 rows=1 width=121)
	  Index Cond: (id = 5534447)

table 8 : explain SELECT c FROM sbtest8 WHERE id=3756108
	Index Scan using sbtest8_pkey on sbtest8  (cost=0.43..8.45 rows=1 width=121)
	  Index Cond: (id = 3756108)

for: order_ranges
table 1 : explain SELECT c FROM sbtest1 WHERE id BETWEEN 5341680 AND 5342679 ORDER BY c
	Sort  (cost=4055.51..4058.11 rows=1038 width=121)
	  Sort Key: c
	  ->  Bitmap Heap Scan on sbtest1  (cost=23.07..4003.51 rows=1038 width=121)
	        Recheck Cond: ((id >= 5341680) AND (id <= 5342679))
	        ->  Bitmap Index Scan on sbtest1_pkey  (cost=0.00..22.82 rows=1038 width=0)
	              Index Cond: ((id >= 5341680) AND (id <= 5342679))

table 2 : explain SELECT c FROM sbtest2 WHERE id BETWEEN 1202365 AND 1203364 ORDER BY c
	Sort  (cost=3760.96..3763.36 rows=961 width=121)
	  Sort Key: c
	  ->  Bitmap Heap Scan on sbtest2  (cost=22.29..3713.35 rows=961 width=121)
	        Recheck Cond: ((id >= 1202365) AND (id <= 1203364))
	        ->  Bitmap Index Scan on sbtest2_pkey  (cost=0.00..22.04 rows=961 width=0)
	              Index Cond: ((id >= 1202365) AND (id <= 1203364))

table 3 : explain SELECT c FROM sbtest3 WHERE id BETWEEN 7402731 AND 7403730 ORDER BY c
	Sort  (cost=3875.78..3878.26 rows=991 width=121)
	  Sort Key: c
	  ->  Bitmap Heap Scan on sbtest3  (cost=22.59..3826.47 rows=991 width=121)
	        Recheck Cond: ((id >= 7402731) AND (id <= 7403730))
	        ->  Bitmap Index Scan on sbtest3_pkey  (cost=0.00..22.34 rows=991 width=0)
	              Index Cond: ((id >= 7402731) AND (id <= 7403730))

table 4 : explain SELECT c FROM sbtest4 WHERE id BETWEEN 207760 AND 208759 ORDER BY c
	Sort  (cost=3753.35..3755.74 rows=959 width=121)
	  Sort Key: c
	  ->  Bitmap Heap Scan on sbtest4  (cost=22.26..3705.85 rows=959 width=121)
	        Recheck Cond: ((id >= 207760) AND (id <= 208759))
	        ->  Bitmap Index Scan on sbtest4_pkey  (cost=0.00..22.02 rows=959 width=0)
	              Index Cond: ((id >= 207760) AND (id <= 208759))

table 5 : explain SELECT c FROM sbtest5 WHERE id BETWEEN 2730028 AND 2731027 ORDER BY c
	Sort  (cost=3566.85..3569.12 rows=910 width=121)
	  Sort Key: c
	  ->  Bitmap Heap Scan on sbtest5  (cost=21.76..3522.12 rows=910 width=121)
	        Recheck Cond: ((id >= 2730028) AND (id <= 2731027))
	        ->  Bitmap Index Scan on sbtest5_pkey  (cost=0.00..21.54 rows=910 width=0)
	              Index Cond: ((id >= 2730028) AND (id <= 2731027))

table 6 : explain SELECT c FROM sbtest6 WHERE id BETWEEN 9081828 AND 9082827 ORDER BY c
	Sort  (cost=3979.39..3981.93 rows=1018 width=121)
	  Sort Key: c
	  ->  Bitmap Heap Scan on sbtest6  (cost=22.87..3928.53 rows=1018 width=121)
	        Recheck Cond: ((id >= 9081828) AND (id <= 9082827))
	        ->  Bitmap Index Scan on sbtest6_pkey  (cost=0.00..22.61 rows=1018 width=0)
	              Index Cond: ((id >= 9081828) AND (id <= 9082827))

table 7 : explain SELECT c FROM sbtest7 WHERE id BETWEEN 7878409 AND 7879408 ORDER BY c
	Sort  (cost=4137.16..4139.81 rows=1059 width=121)
	  Sort Key: c
	  ->  Bitmap Heap Scan on sbtest7  (cost=23.29..4083.95 rows=1059 width=121)
	        Recheck Cond: ((id >= 7878409) AND (id <= 7879408))
	        ->  Bitmap Index Scan on sbtest7_pkey  (cost=0.00..23.02 rows=1059 width=0)
	              Index Cond: ((id >= 7878409) AND (id <= 7879408))

table 8 : explain SELECT c FROM sbtest8 WHERE id BETWEEN 9897684 AND 9898683 ORDER BY c
	Sort  (cost=3976.60..3979.14 rows=1017 width=121)
	  Sort Key: c
	  ->  Bitmap Heap Scan on sbtest8  (cost=22.86..3925.80 rows=1017 width=121)
	        Recheck Cond: ((id >= 9897684) AND (id <= 9898683))
	        ->  Bitmap Index Scan on sbtest8_pkey  (cost=0.00..22.61 rows=1017 width=0)
	              Index Cond: ((id >= 9897684) AND (id <= 9898683))

for: order_ranges
table 1 : explain SELECT c FROM sbtest1 WHERE id BETWEEN 1481605 AND 1482604 ORDER BY c
	Sort  (cost=3845.36..3847.82 rows=983 width=121)
	  Sort Key: c
	  ->  Bitmap Heap Scan on sbtest1  (cost=22.51..3796.50 rows=983 width=121)
	        Recheck Cond: ((id >= 1481605) AND (id <= 1482604))
	        ->  Bitmap Index Scan on sbtest1_pkey  (cost=0.00..22.26 rows=983 width=0)
	              Index Cond: ((id >= 1481605) AND (id <= 1482604))

table 2 : explain SELECT c FROM sbtest2 WHERE id BETWEEN 3997016 AND 3998015 ORDER BY c
	Sort  (cost=4299.59..4302.34 rows=1102 width=121)
	  Sort Key: c
	  ->  Bitmap Heap Scan on sbtest2  (cost=27.73..4243.90 rows=1102 width=121)
	        Recheck Cond: ((id >= 3997016) AND (id <= 3998015))
	        ->  Bitmap Index Scan on sbtest2_pkey  (cost=0.00..27.45 rows=1102 width=0)
	              Index Cond: ((id >= 3997016) AND (id <= 3998015))

table 3 : explain SELECT c FROM sbtest3 WHERE id BETWEEN 4949814 AND 4950813 ORDER BY c
	Sort  (cost=4020.97..4023.55 rows=1029 width=121)
	  Sort Key: c
	  ->  Bitmap Heap Scan on sbtest3  (cost=22.98..3969.49 rows=1029 width=121)
	        Recheck Cond: ((id >= 4949814) AND (id <= 4950813))
	        ->  Bitmap Index Scan on sbtest3_pkey  (cost=0.00..22.72 rows=1029 width=0)
	              Index Cond: ((id >= 4949814) AND (id <= 4950813))

table 4 : explain SELECT c FROM sbtest4 WHERE id BETWEEN 8949960 AND 8950959 ORDER BY c
	Sort  (cost=4150.70..4153.35 rows=1063 width=121)
	  Sort Key: c
	  ->  Bitmap Heap Scan on sbtest4  (cost=23.33..4097.26 rows=1063 width=121)
	        Recheck Cond: ((id >= 8949960) AND (id <= 8950959))
	        ->  Bitmap Index Scan on sbtest4_pkey  (cost=0.00..23.07 rows=1063 width=0)
	              Index Cond: ((id >= 8949960) AND (id <= 8950959))

table 5 : explain SELECT c FROM sbtest5 WHERE id BETWEEN 1962378 AND 1963377 ORDER BY c
	Sort  (cost=3708.67..3711.04 rows=947 width=121)
	  Sort Key: c
	  ->  Bitmap Heap Scan on sbtest5  (cost=22.14..3661.85 rows=947 width=121)
	        Recheck Cond: ((id >= 1962378) AND (id <= 1963377))
	        ->  Bitmap Index Scan on sbtest5_pkey  (cost=0.00..21.90 rows=947 width=0)
	              Index Cond: ((id >= 1962378) AND (id <= 1963377))

table 6 : explain SELECT c FROM sbtest6 WHERE id BETWEEN 5095605 AND 5096604 ORDER BY c
	Sort  (cost=3772.90..3775.31 rows=964 width=121)
	  Sort Key: c
	  ->  Bitmap Heap Scan on sbtest6  (cost=22.32..3725.12 rows=964 width=121)
	        Recheck Cond: ((id >= 5095605) AND (id <= 5096604))
	        ->  Bitmap Index Scan on sbtest6_pkey  (cost=0.00..22.07 rows=964 width=0)
	              Index Cond: ((id >= 5095605) AND (id <= 5096604))

table 7 : explain SELECT c FROM sbtest7 WHERE id BETWEEN 3011816 AND 3012815 ORDER BY c
	Sort  (cost=4259.44..4262.16 rows=1090 width=121)
	  Sort Key: c
	  ->  Bitmap Heap Scan on sbtest7  (cost=27.61..4204.45 rows=1090 width=121)
	        Recheck Cond: ((id >= 3011816) AND (id <= 3012815))
	        ->  Bitmap Index Scan on sbtest7_pkey  (cost=0.00..27.33 rows=1090 width=0)
	              Index Cond: ((id >= 3011816) AND (id <= 3012815))

table 8 : explain SELECT c FROM sbtest8 WHERE id BETWEEN 3695528 AND 3696527 ORDER BY c
	Sort  (cost=3865.71..3868.18 rows=988 width=121)
	  Sort Key: c
	  ->  Bitmap Heap Scan on sbtest8  (cost=22.56..3816.56 rows=988 width=121)
	        Recheck Cond: ((id >= 3695528) AND (id <= 3696527))
	        ->  Bitmap Index Scan on sbtest8_pkey  (cost=0.00..22.32 rows=988 width=0)
	              Index Cond: ((id >= 3695528) AND (id <= 3696527))

for: sum_ranges
table 1 : explain SELECT SUM(k) FROM sbtest1 WHERE id BETWEEN 7535654 AND 7536653
	Aggregate  (cost=4070.06..4070.07 rows=1 width=8)
	  ->  Bitmap Heap Scan on sbtest1  (cost=23.25..4067.42 rows=1055 width=4)
	        Recheck Cond: ((id >= 7535654) AND (id <= 7536653))
	        ->  Bitmap Index Scan on sbtest1_pkey  (cost=0.00..22.98 rows=1055 width=0)
	              Index Cond: ((id >= 7535654) AND (id <= 7536653))

table 2 : explain SELECT SUM(k) FROM sbtest2 WHERE id BETWEEN 2803639 AND 2804638
	Aggregate  (cost=3466.47..3466.48 rows=1 width=8)
	  ->  Bitmap Heap Scan on sbtest2  (cost=21.61..3464.24 rows=895 width=4)
	        Recheck Cond: ((id >= 2803639) AND (id <= 2804638))
	        ->  Bitmap Index Scan on sbtest2_pkey  (cost=0.00..21.39 rows=895 width=0)
	              Index Cond: ((id >= 2803639) AND (id <= 2804638))

table 3 : explain SELECT SUM(k) FROM sbtest3 WHERE id BETWEEN 8955959 AND 8956958
	Aggregate  (cost=4333.07..4333.08 rows=1 width=8)
	  ->  Bitmap Heap Scan on sbtest3  (cost=27.97..4330.26 rows=1125 width=4)
	        Recheck Cond: ((id >= 8955959) AND (id <= 8956958))
	        ->  Bitmap Index Scan on sbtest3_pkey  (cost=0.00..27.68 rows=1125 width=0)
	              Index Cond: ((id >= 8955959) AND (id <= 8956958))

table 4 : explain SELECT SUM(k) FROM sbtest4 WHERE id BETWEEN 3654891 AND 3655890
	Aggregate  (cost=3840.22..3840.23 rows=1 width=8)
	  ->  Bitmap Heap Scan on sbtest4  (cost=22.62..3837.73 rows=994 width=4)
	        Recheck Cond: ((id >= 3654891) AND (id <= 3655890))
	        ->  Bitmap Index Scan on sbtest4_pkey  (cost=0.00..22.37 rows=994 width=0)
	              Index Cond: ((id >= 3654891) AND (id <= 3655890))

table 5 : explain SELECT SUM(k) FROM sbtest5 WHERE id BETWEEN 6118156 AND 6119155
	Aggregate  (cost=3603.78..3603.79 rows=1 width=8)
	  ->  Bitmap Heap Scan on sbtest5  (cost=21.98..3601.45 rows=931 width=4)
	        Recheck Cond: ((id >= 6118156) AND (id <= 6119155))
	        ->  Bitmap Index Scan on sbtest5_pkey  (cost=0.00..21.75 rows=931 width=0)
	              Index Cond: ((id >= 6118156) AND (id <= 6119155))

table 6 : explain SELECT SUM(k) FROM sbtest6 WHERE id BETWEEN 1427217 AND 1428216
	Aggregate  (cost=3878.34..3878.35 rows=1 width=8)
	  ->  Bitmap Heap Scan on sbtest6  (cost=22.73..3875.83 rows=1004 width=4)
	        Recheck Cond: ((id >= 1427217) AND (id <= 1428216))
	        ->  Bitmap Index Scan on sbtest6_pkey  (cost=0.00..22.47 rows=1004 width=0)
	              Index Cond: ((id >= 1427217) AND (id <= 1428216))

table 7 : explain SELECT SUM(k) FROM sbtest7 WHERE id BETWEEN 7095677 AND 7096676
	Aggregate  (cost=3868.17..3868.18 rows=1 width=8)
	  ->  Bitmap Heap Scan on sbtest7  (cost=22.70..3865.67 rows=1001 width=4)
	        Recheck Cond: ((id >= 7095677) AND (id <= 7096676))
	        ->  Bitmap Index Scan on sbtest7_pkey  (cost=0.00..22.44 rows=1001 width=0)
	              Index Cond: ((id >= 7095677) AND (id <= 7096676))

table 8 : explain SELECT SUM(k) FROM sbtest8 WHERE id BETWEEN 4912451 AND 4913450
	Aggregate  (cost=3999.90..3999.91 rows=1 width=8)
	  ->  Bitmap Heap Scan on sbtest8  (cost=23.05..3997.31 rows=1036 width=4)
	        Recheck Cond: ((id >= 4912451) AND (id <= 4913450))
	        ->  Bitmap Index Scan on sbtest8_pkey  (cost=0.00..22.79 rows=1036 width=0)
	              Index Cond: ((id >= 4912451) AND (id <= 4913450))

for: sum_ranges
table 1 : explain SELECT SUM(k) FROM sbtest1 WHERE id BETWEEN 1090466 AND 1091465
	Aggregate  (cost=3644.27..3644.28 rows=1 width=8)
	  ->  Bitmap Heap Scan on sbtest1  (cost=22.09..3641.92 rows=942 width=4)
	        Recheck Cond: ((id >= 1090466) AND (id <= 1091465))
	        ->  Bitmap Index Scan on sbtest1_pkey  (cost=0.00..21.86 rows=942 width=0)
	              Index Cond: ((id >= 1090466) AND (id <= 1091465))

table 2 : explain SELECT SUM(k) FROM sbtest2 WHERE id BETWEEN 5274738 AND 5275737
	Aggregate  (cost=3926.81..3926.82 rows=1 width=8)
	  ->  Bitmap Heap Scan on sbtest2  (cost=22.86..3924.26 rows=1017 width=4)
	        Recheck Cond: ((id >= 5274738) AND (id <= 5275737))
	        ->  Bitmap Index Scan on sbtest2_pkey  (cost=0.00..22.61 rows=1017 width=0)
	              Index Cond: ((id >= 5274738) AND (id <= 5275737))

table 3 : explain SELECT SUM(k) FROM sbtest3 WHERE id BETWEEN 3214223 AND 3215222
	Aggregate  (cost=4024.74..4024.75 rows=1 width=8)
	  ->  Bitmap Heap Scan on sbtest3  (cost=23.13..4022.13 rows=1043 width=4)
	        Recheck Cond: ((id >= 3214223) AND (id <= 3215222))
	        ->  Bitmap Index Scan on sbtest3_pkey  (cost=0.00..22.86 rows=1043 width=0)
	              Index Cond: ((id >= 3214223) AND (id <= 3215222))

table 4 : explain SELECT SUM(k) FROM sbtest4 WHERE id BETWEEN 5272294 AND 5273293
	Aggregate  (cost=3817.60..3817.61 rows=1 width=8)
	  ->  Bitmap Heap Scan on sbtest4  (cost=22.56..3815.13 rows=988 width=4)
	        Recheck Cond: ((id >= 5272294) AND (id <= 5273293))
	        ->  Bitmap Index Scan on sbtest4_pkey  (cost=0.00..22.32 rows=988 width=0)
	              Index Cond: ((id >= 5272294) AND (id <= 5273293))

table 5 : explain SELECT SUM(k) FROM sbtest5 WHERE id BETWEEN 535660 AND 536659
	Aggregate  (cost=3547.09..3547.10 rows=1 width=8)
	  ->  Bitmap Heap Scan on sbtest5  (cost=21.82..3544.80 rows=916 width=4)
	        Recheck Cond: ((id >= 535660) AND (id <= 536659))
	        ->  Bitmap Index Scan on sbtest5_pkey  (cost=0.00..21.59 rows=916 width=0)
	              Index Cond: ((id >= 535660) AND (id <= 536659))

table 6 : explain SELECT SUM(k) FROM sbtest6 WHERE id BETWEEN 5527163 AND 5528162
	Aggregate  (cost=3900.94..3900.95 rows=1 width=8)
	  ->  Bitmap Heap Scan on sbtest6  (cost=22.79..3898.42 rows=1010 width=4)
	        Recheck Cond: ((id >= 5527163) AND (id <= 5528162))
	        ->  Bitmap Index Scan on sbtest6_pkey  (cost=0.00..22.54 rows=1010 width=0)
	              Index Cond: ((id >= 5527163) AND (id <= 5528162))

table 7 : explain SELECT SUM(k) FROM sbtest7 WHERE id BETWEEN 408451 AND 409450
	Aggregate  (cost=3864.40..3864.41 rows=1 width=8)
	  ->  Bitmap Heap Scan on sbtest7  (cost=22.68..3861.90 rows=1000 width=4)
	        Recheck Cond: ((id >= 408451) AND (id <= 409450))
	        ->  Bitmap Index Scan on sbtest7_pkey  (cost=0.00..22.43 rows=1000 width=0)
	              Index Cond: ((id >= 408451) AND (id <= 409450))

table 8 : explain SELECT SUM(k) FROM sbtest8 WHERE id BETWEEN 756482 AND 757481
	Aggregate  (cost=3766.22..3766.23 rows=1 width=8)
	  ->  Bitmap Heap Scan on sbtest8  (cost=22.42..3763.79 rows=974 width=4)
	        Recheck Cond: ((id >= 756482) AND (id <= 757481))
	        ->  Bitmap Index Scan on sbtest8_pkey  (cost=0.00..22.18 rows=974 width=0)
	              Index Cond: ((id >= 756482) AND (id <= 757481))

for: distinct_ranges
table 1 : explain SELECT DISTINCT c FROM sbtest1 WHERE id BETWEEN 7447752 AND 7448751 ORDER BY c
	Unique  (cost=3895.06..3900.04 rows=996 width=121)
	  ->  Sort  (cost=3895.06..3897.55 rows=996 width=121)
	        Sort Key: c
	        ->  Bitmap Heap Scan on sbtest1  (cost=22.64..3845.46 rows=996 width=121)
	              Recheck Cond: ((id >= 7447752) AND (id <= 7448751))
	              ->  Bitmap Index Scan on sbtest1_pkey  (cost=0.00..22.39 rows=996 width=0)
	                    Index Cond: ((id >= 7447752) AND (id <= 7448751))

table 2 : explain SELECT DISTINCT c FROM sbtest2 WHERE id BETWEEN 9910884 AND 9911883 ORDER BY c
	Unique  (cost=3661.42..3666.10 rows=935 width=121)
	  ->  Sort  (cost=3661.42..3663.76 rows=935 width=121)
	        Sort Key: c
	        ->  Bitmap Heap Scan on sbtest2  (cost=22.02..3615.28 rows=935 width=121)
	              Recheck Cond: ((id >= 9910884) AND (id <= 9911883))
	              ->  Bitmap Index Scan on sbtest2_pkey  (cost=0.00..21.79 rows=935 width=0)
	                    Index Cond: ((id >= 9910884) AND (id <= 9911883))

table 3 : explain SELECT DISTINCT c FROM sbtest3 WHERE id BETWEEN 8432025 AND 8433024 ORDER BY c
	Unique  (cost=4085.87..4091.10 rows=1046 width=121)
	  ->  Sort  (cost=4085.87..4088.48 rows=1046 width=121)
	        Sort Key: c
	        ->  Bitmap Heap Scan on sbtest3  (cost=23.16..4033.41 rows=1046 width=121)
	              Recheck Cond: ((id >= 8432025) AND (id <= 8433024))
	              ->  Bitmap Index Scan on sbtest3_pkey  (cost=0.00..22.89 rows=1046 width=0)
	                    Index Cond: ((id >= 8432025) AND (id <= 8433024))

table 4 : explain SELECT DISTINCT c FROM sbtest4 WHERE id BETWEEN 9444829 AND 9445828 ORDER BY c
	Unique  (cost=3948.37..3953.42 rows=1010 width=121)
	  ->  Sort  (cost=3948.37..3950.89 rows=1010 width=121)
	        Sort Key: c
	        ->  Bitmap Heap Scan on sbtest4  (cost=22.79..3897.97 rows=1010 width=121)
	              Recheck Cond: ((id >= 9444829) AND (id <= 9445828))
	              ->  Bitmap Index Scan on sbtest4_pkey  (cost=0.00..22.54 rows=1010 width=0)
	                    Index Cond: ((id >= 9444829) AND (id <= 9445828))

table 5 : explain SELECT DISTINCT c FROM sbtest5 WHERE id BETWEEN 4753208 AND 4754207 ORDER BY c
	Unique  (cost=3877.09..3882.05 rows=991 width=121)
	  ->  Sort  (cost=3877.09..3879.57 rows=991 width=121)
	        Sort Key: c
	        ->  Bitmap Heap Scan on sbtest5  (cost=22.59..3827.78 rows=991 width=121)
	              Recheck Cond: ((id >= 4753208) AND (id <= 4754207))
	              ->  Bitmap Index Scan on sbtest5_pkey  (cost=0.00..22.34 rows=991 width=0)
	                    Index Cond: ((id >= 4753208) AND (id <= 4754207))

table 6 : explain SELECT DISTINCT c FROM sbtest6 WHERE id BETWEEN 63365 AND 64364 ORDER BY c
	Unique  (cost=3891.48..3896.46 rows=995 width=121)
	  ->  Sort  (cost=3891.48..3893.97 rows=995 width=121)
	        Sort Key: c
	        ->  Bitmap Heap Scan on sbtest6  (cost=22.63..3841.94 rows=995 width=121)
	              Recheck Cond: ((id >= 63365) AND (id <= 64364))
	              ->  Bitmap Index Scan on sbtest6_pkey  (cost=0.00..22.39 rows=995 width=0)
	                    Index Cond: ((id >= 63365) AND (id <= 64364))

table 7 : explain SELECT DISTINCT c FROM sbtest7 WHERE id BETWEEN 9519502 AND 9520501 ORDER BY c
	Unique  (cost=4011.12..4016.25 rows=1026 width=121)
	  ->  Sort  (cost=4011.12..4013.69 rows=1026 width=121)
	        Sort Key: c
	        ->  Bitmap Heap Scan on sbtest7  (cost=22.95..3959.81 rows=1026 width=121)
	              Recheck Cond: ((id >= 9519502) AND (id <= 9520501))
	              ->  Bitmap Index Scan on sbtest7_pkey  (cost=0.00..22.69 rows=1026 width=0)
	                    Index Cond: ((id >= 9519502) AND (id <= 9520501))

table 8 : explain SELECT DISTINCT c FROM sbtest8 WHERE id BETWEEN 920918 AND 921917 ORDER BY c
	Unique  (cost=3658.94..3663.61 rows=934 width=121)
	  ->  Sort  (cost=3658.94..3661.28 rows=934 width=121)
	        Sort Key: c
	        ->  Bitmap Heap Scan on sbtest8  (cost=22.01..3612.86 rows=934 width=121)
	              Recheck Cond: ((id >= 920918) AND (id <= 921917))
	              ->  Bitmap Index Scan on sbtest8_pkey  (cost=0.00..21.77 rows=934 width=0)
	                    Index Cond: ((id >= 920918) AND (id <= 921917))

for point_selects
table 1 : explain SELECT c FROM sbtest1 WHERE id=3757016
	Index Scan using sbtest1_pkey on sbtest1  (cost=0.43..8.45 rows=1 width=121)
	  Index Cond: (id = 3757016)

table 2 : explain SELECT c FROM sbtest2 WHERE id=5220045
	Index Scan using sbtest2_pkey on sbtest2  (cost=0.43..8.45 rows=1 width=121)
	  Index Cond: (id = 5220045)

table 3 : explain SELECT c FROM sbtest3 WHERE id=2658517
	Index Scan using sbtest3_pkey on sbtest3  (cost=0.43..8.45 rows=1 width=121)
	  Index Cond: (id = 2658517)

table 4 : explain SELECT c FROM sbtest4 WHERE id=9269571
	Index Scan using sbtest4_pkey on sbtest4  (cost=0.43..8.45 rows=1 width=121)
	  Index Cond: (id = 9269571)

table 5 : explain SELECT c FROM sbtest5 WHERE id=6585977
	Index Scan using sbtest5_pkey on sbtest5  (cost=0.43..8.45 rows=1 width=121)
	  Index Cond: (id = 6585977)

table 6 : explain SELECT c FROM sbtest6 WHERE id=9508104
	Index Scan using sbtest6_pkey on sbtest6  (cost=0.43..8.45 rows=1 width=121)
	  Index Cond: (id = 9508104)

table 7 : explain SELECT c FROM sbtest7 WHERE id=3826213
	Index Scan using sbtest7_pkey on sbtest7  (cost=0.43..8.45 rows=1 width=121)
	  Index Cond: (id = 3826213)

table 8 : explain SELECT c FROM sbtest8 WHERE id=6231977
	Index Scan using sbtest8_pkey on sbtest8  (cost=0.43..8.45 rows=1 width=121)
	  Index Cond: (id = 6231977)

for: distinct_ranges
table 1 : explain SELECT DISTINCT c FROM sbtest1 WHERE id BETWEEN 1303594 AND 1304593 ORDER BY c
	Unique  (cost=3860.65..3865.59 rows=987 width=121)
	  ->  Sort  (cost=3860.65..3863.12 rows=987 width=121)
	        Sort Key: c
	        ->  Bitmap Heap Scan on sbtest1  (cost=22.55..3811.57 rows=987 width=121)
	              Recheck Cond: ((id >= 1303594) AND (id <= 1304593))
	              ->  Bitmap Index Scan on sbtest1_pkey  (cost=0.00..22.30 rows=987 width=0)
	                    Index Cond: ((id >= 1303594) AND (id <= 1304593))

table 2 : explain SELECT DISTINCT c FROM sbtest2 WHERE id BETWEEN 6831191 AND 6832190 ORDER BY c
	Unique  (cost=4108.68..4113.94 rows=1052 width=121)
	  ->  Sort  (cost=4108.68..4111.31 rows=1052 width=121)
	        Sort Key: c
	        ->  Bitmap Heap Scan on sbtest2  (cost=23.22..4055.88 rows=1052 width=121)
	              Recheck Cond: ((id >= 6831191) AND (id <= 6832190))
	              ->  Bitmap Index Scan on sbtest2_pkey  (cost=0.00..22.95 rows=1052 width=0)
	                    Index Cond: ((id >= 6831191) AND (id <= 6832190))

table 3 : explain SELECT DISTINCT c FROM sbtest3 WHERE id BETWEEN 4890199 AND 4891198 ORDER BY c
	Unique  (cost=4020.97..4026.12 rows=1029 width=121)
	  ->  Sort  (cost=4020.97..4023.55 rows=1029 width=121)
	        Sort Key: c
	        ->  Bitmap Heap Scan on sbtest3  (cost=22.98..3969.49 rows=1029 width=121)
	              Recheck Cond: ((id >= 4890199) AND (id <= 4891198))
	              ->  Bitmap Index Scan on sbtest3_pkey  (cost=0.00..22.72 rows=1029 width=0)
	                    Index Cond: ((id >= 4890199) AND (id <= 4891198))

table 4 : explain SELECT DISTINCT c FROM sbtest4 WHERE id BETWEEN 3165137 AND 3166136 ORDER BY c
	Unique  (cost=4074.39..4079.60 rows=1043 width=121)
	  ->  Sort  (cost=4074.39..4076.99 rows=1043 width=121)
	        Sort Key: c
	        ->  Bitmap Heap Scan on sbtest4  (cost=23.13..4022.10 rows=1043 width=121)
	              Recheck Cond: ((id >= 3165137) AND (id <= 3166136))
	              ->  Bitmap Index Scan on sbtest4_pkey  (cost=0.00..22.86 rows=1043 width=0)
	                    Index Cond: ((id >= 3165137) AND (id <= 3166136))

table 5 : explain SELECT DISTINCT c FROM sbtest5 WHERE id BETWEEN 557592 AND 558591 ORDER BY c
	Unique  (cost=3589.86..3594.44 rows=916 width=121)
	  ->  Sort  (cost=3589.86..3592.15 rows=916 width=121)
	        Sort Key: c
	        ->  Bitmap Heap Scan on sbtest5  (cost=21.82..3544.80 rows=916 width=121)
	              Recheck Cond: ((id >= 557592) AND (id <= 558591))
	              ->  Bitmap Index Scan on sbtest5_pkey  (cost=0.00..21.59 rows=916 width=0)
	                    Index Cond: ((id >= 557592) AND (id <= 558591))

table 6 : explain SELECT DISTINCT c FROM sbtest6 WHERE id BETWEEN 6576100 AND 6577099 ORDER BY c
	Unique  (cost=4193.14..4198.51 rows=1074 width=121)
	  ->  Sort  (cost=4193.14..4195.83 rows=1074 width=121)
	        Sort Key: c
	        ->  Bitmap Heap Scan on sbtest6  (cost=23.44..4139.07 rows=1074 width=121)
	              Recheck Cond: ((id >= 6576100) AND (id <= 6577099))
	              ->  Bitmap Index Scan on sbtest6_pkey  (cost=0.00..23.18 rows=1074 width=0)
	                    Index Cond: ((id >= 6576100) AND (id <= 6577099))

table 7 : explain SELECT DISTINCT c FROM sbtest7 WHERE id BETWEEN 7532940 AND 7533939 ORDER BY c
	Unique  (cost=3999.66..4004.77 rows=1023 width=121)
	  ->  Sort  (cost=3999.66..4002.22 rows=1023 width=121)
	        Sort Key: c
	        ->  Bitmap Heap Scan on sbtest7  (cost=22.92..3948.52 rows=1023 width=121)
	              Recheck Cond: ((id >= 7532940) AND (id <= 7533939))
	              ->  Bitmap Index Scan on sbtest7_pkey  (cost=0.00..22.66 rows=1023 width=0)
	                    Index Cond: ((id >= 7532940) AND (id <= 7533939))

table 8 : explain SELECT DISTINCT c FROM sbtest8 WHERE id BETWEEN 2798875 AND 2799874 ORDER BY c
	Unique  (cost=3800.66..3805.51 rows=971 width=121)
	  ->  Sort  (cost=3800.66..3803.08 rows=971 width=121)
	        Sort Key: c
	        ->  Bitmap Heap Scan on sbtest8  (cost=22.39..3752.48 rows=971 width=121)
	              Recheck Cond: ((id >= 2798875) AND (id <= 2799874))
	              ->  Bitmap Index Scan on sbtest8_pkey  (cost=0.00..22.14 rows=971 width=0)
	                    Index Cond: ((id >= 2798875) AND (id <= 2799874))

for: simple_ranges
table 1 : explain SELECT c FROM sbtest1 WHERE id BETWEEN 9552051 AND 9553050
	Bitmap Heap Scan on sbtest1  (cost=21.79..3532.45 rows=913 width=121)
	  Recheck Cond: ((id >= 9552051) AND (id <= 9553050))
	  ->  Bitmap Index Scan on sbtest1_pkey  (cost=0.00..21.57 rows=913 width=0)
	        Index Cond: ((id >= 9552051) AND (id <= 9553050))

table 2 : explain SELECT c FROM sbtest2 WHERE id BETWEEN 6851082 AND 6852081
	Bitmap Heap Scan on sbtest2  (cost=22.84..3916.74 rows=1015 width=121)
	  Recheck Cond: ((id >= 6851082) AND (id <= 6852081))
	  ->  Bitmap Index Scan on sbtest2_pkey  (cost=0.00..22.58 rows=1015 width=0)
	        Index Cond: ((id >= 6851082) AND (id <= 6852081))

table 3 : explain SELECT c FROM sbtest3 WHERE id BETWEEN 8480007 AND 8481006
	Bitmap Heap Scan on sbtest3  (cost=23.16..4033.41 rows=1046 width=121)
	  Recheck Cond: ((id >= 8480007) AND (id <= 8481006))
	  ->  Bitmap Index Scan on sbtest3_pkey  (cost=0.00..22.89 rows=1046 width=0)
	        Index Cond: ((id >= 8480007) AND (id <= 8481006))

table 4 : explain SELECT c FROM sbtest4 WHERE id BETWEEN 7290949 AND 7291948
	Bitmap Heap Scan on sbtest4  (cost=23.02..3984.50 rows=1033 width=121)
	  Recheck Cond: ((id >= 7290949) AND (id <= 7291948))
	  ->  Bitmap Index Scan on sbtest4_pkey  (cost=0.00..22.76 rows=1033 width=0)
	        Index Cond: ((id >= 7290949) AND (id <= 7291948))

table 5 : explain SELECT c FROM sbtest5 WHERE id BETWEEN 9896834 AND 9897833
	Bitmap Heap Scan on sbtest5  (cost=21.95..3590.12 rows=928 width=121)
	  Recheck Cond: ((id >= 9896834) AND (id <= 9897833))
	  ->  Bitmap Index Scan on sbtest5_pkey  (cost=0.00..21.71 rows=928 width=0)
	        Index Cond: ((id >= 9896834) AND (id <= 9897833))

table 6 : explain SELECT c FROM sbtest6 WHERE id BETWEEN 9831541 AND 9832540
	Bitmap Heap Scan on sbtest6  (cost=22.02..3615.73 rows=935 width=121)
	  Recheck Cond: ((id >= 9831541) AND (id <= 9832540))
	  ->  Bitmap Index Scan on sbtest6_pkey  (cost=0.00..21.79 rows=935 width=0)
	        Index Cond: ((id >= 9831541) AND (id <= 9832540))

table 7 : explain SELECT c FROM sbtest7 WHERE id BETWEEN 3660403 AND 3661402
	Bitmap Heap Scan on sbtest7  (cost=21.98..3601.65 rows=931 width=121)
	  Recheck Cond: ((id >= 3660403) AND (id <= 3661402))
	  ->  Bitmap Index Scan on sbtest7_pkey  (cost=0.00..21.75 rows=931 width=0)
	        Index Cond: ((id >= 3660403) AND (id <= 3661402))

table 8 : explain SELECT c FROM sbtest8 WHERE id BETWEEN 3216920 AND 3217919
	Bitmap Heap Scan on sbtest8  (cost=27.65..4219.33 rows=1094 width=121)
	  Recheck Cond: ((id >= 3216920) AND (id <= 3217919))
	  ->  Bitmap Index Scan on sbtest8_pkey  (cost=0.00..27.37 rows=1094 width=0)
	        Index Cond: ((id >= 3216920) AND (id <= 3217919))

for: distinct_ranges
table 1 : explain SELECT DISTINCT c FROM sbtest1 WHERE id BETWEEN 9751852 AND 9752851 ORDER BY c
	Unique  (cost=3646.32..3650.98 rows=931 width=121)
	  ->  Sort  (cost=3646.32..3648.65 rows=931 width=121)
	        Sort Key: c
	        ->  Bitmap Heap Scan on sbtest1  (cost=21.98..3600.41 rows=931 width=121)
	              Recheck Cond: ((id >= 9751852) AND (id <= 9752851))
	              ->  Bitmap Index Scan on sbtest1_pkey  (cost=0.00..21.75 rows=931 width=0)
	                    Index Cond: ((id >= 9751852) AND (id <= 9752851))

table 2 : explain SELECT DISTINCT c FROM sbtest2 WHERE id BETWEEN 4034807 AND 4035806 ORDER BY c
	Unique  (cost=4108.68..4113.94 rows=1052 width=121)
	  ->  Sort  (cost=4108.68..4111.31 rows=1052 width=121)
	        Sort Key: c
	        ->  Bitmap Heap Scan on sbtest2  (cost=23.22..4055.88 rows=1052 width=121)
	              Recheck Cond: ((id >= 4034807) AND (id <= 4035806))
	              ->  Bitmap Index Scan on sbtest2_pkey  (cost=0.00..22.95 rows=1052 width=0)
	                    Index Cond: ((id >= 4034807) AND (id <= 4035806))

table 3 : explain SELECT DISTINCT c FROM sbtest3 WHERE id BETWEEN 7485337 AND 7486336 ORDER BY c
	Unique  (cost=3875.78..3880.74 rows=991 width=121)
	  ->  Sort  (cost=3875.78..3878.26 rows=991 width=121)
	        Sort Key: c
	        ->  Bitmap Heap Scan on sbtest3  (cost=22.59..3826.47 rows=991 width=121)
	              Recheck Cond: ((id >= 7485337) AND (id <= 7486336))
	              ->  Bitmap Index Scan on sbtest3_pkey  (cost=0.00..22.34 rows=991 width=0)
	                    Index Cond: ((id >= 7485337) AND (id <= 7486336))

table 4 : explain SELECT DISTINCT c FROM sbtest4 WHERE id BETWEEN 1475328 AND 1476327 ORDER BY c
	Unique  (cost=3933.08..3938.11 rows=1006 width=121)
	  ->  Sort  (cost=3933.08..3935.60 rows=1006 width=121)
	        Sort Key: c
	        ->  Bitmap Heap Scan on sbtest4  (cost=22.75..3882.91 rows=1006 width=121)
	              Recheck Cond: ((id >= 1475328) AND (id <= 1476327))
	              ->  Bitmap Index Scan on sbtest4_pkey  (cost=0.00..22.50 rows=1006 width=0)
	                    Index Cond: ((id >= 1475328) AND (id <= 1476327))

table 5 : explain SELECT DISTINCT c FROM sbtest5 WHERE id BETWEEN 4798632 AND 4799631 ORDER BY c
	Unique  (cost=3681.85..3686.55 rows=940 width=121)
	  ->  Sort  (cost=3681.85..3684.20 rows=940 width=121)
	        Sort Key: c
	        ->  Bitmap Heap Scan on sbtest5  (cost=22.07..3635.43 rows=940 width=121)
	              Recheck Cond: ((id >= 4798632) AND (id <= 4799631))
	              ->  Bitmap Index Scan on sbtest5_pkey  (cost=0.00..21.83 rows=940 width=0)
	                    Index Cond: ((id >= 4798632) AND (id <= 4799631))

table 6 : explain SELECT DISTINCT c FROM sbtest6 WHERE id BETWEEN 1361941 AND 1362940 ORDER BY c
	Unique  (cost=3925.89..3930.91 rows=1004 width=121)
	  ->  Sort  (cost=3925.89..3928.40 rows=1004 width=121)
	        Sort Key: c
	        ->  Bitmap Heap Scan on sbtest6  (cost=22.73..3875.83 rows=1004 width=121)
	              Recheck Cond: ((id >= 1361941) AND (id <= 1362940))
	              ->  Bitmap Index Scan on sbtest6_pkey  (cost=0.00..22.47 rows=1004 width=0)
	                    Index Cond: ((id >= 1361941) AND (id <= 1362940))

table 7 : explain SELECT DISTINCT c FROM sbtest7 WHERE id BETWEEN 2274179 AND 2275178 ORDER BY c
	Unique  (cost=4083.70..4088.93 rows=1045 width=121)
	  ->  Sort  (cost=4083.70..4086.32 rows=1045 width=121)
	        Sort Key: c
	        ->  Bitmap Heap Scan on sbtest7  (cost=23.15..4031.30 rows=1045 width=121)
	              Recheck Cond: ((id >= 2274179) AND (id <= 2275178))
	              ->  Bitmap Index Scan on sbtest7_pkey  (cost=0.00..22.89 rows=1045 width=0)
	                    Index Cond: ((id >= 2274179) AND (id <= 2275178))

table 8 : explain SELECT DISTINCT c FROM sbtest8 WHERE id BETWEEN 1845688 AND 1846687 ORDER BY c
	Unique  (cost=4228.79..4234.20 rows=1082 width=121)
	  ->  Sort  (cost=4228.79..4231.49 rows=1082 width=121)
	        Sort Key: c
	        ->  Bitmap Heap Scan on sbtest8  (cost=27.53..4174.26 rows=1082 width=121)
	              Recheck Cond: ((id >= 1845688) AND (id <= 1846687))
	              ->  Bitmap Index Scan on sbtest8_pkey  (cost=0.00..27.25 rows=1082 width=0)
	                    Index Cond: ((id >= 1845688) AND (id <= 1846687))

for: distinct_ranges
table 1 : explain SELECT DISTINCT c FROM sbtest1 WHERE id BETWEEN 591506 AND 592505 ORDER BY c
	Unique  (cost=3535.17..3539.68 rows=902 width=121)
	  ->  Sort  (cost=3535.17..3537.42 rows=902 width=121)
	        Sort Key: c
	        ->  Bitmap Heap Scan on sbtest1  (cost=21.68..3490.90 rows=902 width=121)
	              Recheck Cond: ((id >= 591506) AND (id <= 592505))
	              ->  Bitmap Index Scan on sbtest1_pkey  (cost=0.00..21.45 rows=902 width=0)
	                    Index Cond: ((id >= 591506) AND (id <= 592505))

table 2 : explain SELECT DISTINCT c FROM sbtest2 WHERE id BETWEEN 3508616 AND 3509615 ORDER BY c
	Unique  (cost=4253.59..4259.04 rows=1090 width=121)
	  ->  Sort  (cost=4253.59..4256.31 rows=1090 width=121)
	        Sort Key: c
	        ->  Bitmap Heap Scan on sbtest2  (cost=23.61..4198.60 rows=1090 width=121)
	              Recheck Cond: ((id >= 3508616) AND (id <= 3509615))
	              ->  Bitmap Index Scan on sbtest2_pkey  (cost=0.00..23.33 rows=1090 width=0)
	                    Index Cond: ((id >= 3508616) AND (id <= 3509615))

table 3 : explain SELECT DISTINCT c FROM sbtest3 WHERE id BETWEEN 3227396 AND 3228395 ORDER BY c
	Unique  (cost=4074.42..4079.63 rows=1043 width=121)
	  ->  Sort  (cost=4074.42..4077.03 rows=1043 width=121)
	        Sort Key: c
	        ->  Bitmap Heap Scan on sbtest3  (cost=23.13..4022.13 rows=1043 width=121)
	              Recheck Cond: ((id >= 3227396) AND (id <= 3228395))
	              ->  Bitmap Index Scan on sbtest3_pkey  (cost=0.00..22.86 rows=1043 width=0)
	                    Index Cond: ((id >= 3227396) AND (id <= 3228395))

table 4 : explain SELECT DISTINCT c FROM sbtest4 WHERE id BETWEEN 8416755 AND 8417754 ORDER BY c
	Unique  (cost=3879.57..3884.53 rows=992 width=121)
	  ->  Sort  (cost=3879.57..3882.05 rows=992 width=121)
	        Sort Key: c
	        ->  Bitmap Heap Scan on sbtest4  (cost=22.60..3830.20 rows=992 width=121)
	              Recheck Cond: ((id >= 8416755) AND (id <= 8417754))
	              ->  Bitmap Index Scan on sbtest4_pkey  (cost=0.00..22.36 rows=992 width=0)
	                    Index Cond: ((id >= 8416755) AND (id <= 8417754))

table 5 : explain SELECT DISTINCT c FROM sbtest5 WHERE id BETWEEN 5263420 AND 5264419 ORDER BY c
	Unique  (cost=4125.47..4130.75 rows=1056 width=121)
	  ->  Sort  (cost=4125.47..4128.11 rows=1056 width=121)
	        Sort Key: c
	        ->  Bitmap Heap Scan on sbtest5  (cost=23.26..4072.44 rows=1056 width=121)
	              Recheck Cond: ((id >= 5263420) AND (id <= 5264419))
	              ->  Bitmap Index Scan on sbtest5_pkey  (cost=0.00..23.00 rows=1056 width=0)
	                    Index Cond: ((id >= 5263420) AND (id <= 5264419))

table 6 : explain SELECT DISTINCT c FROM sbtest6 WHERE id BETWEEN 3679841 AND 3680840 ORDER BY c
	Unique  (cost=4002.31..4007.43 rows=1024 width=121)
	  ->  Sort  (cost=4002.31..4004.87 rows=1024 width=121)
	        Sort Key: c
	        ->  Bitmap Heap Scan on sbtest6  (cost=22.93..3951.11 rows=1024 width=121)
	              Recheck Cond: ((id >= 3679841) AND (id <= 3680840))
	              ->  Bitmap Index Scan on sbtest6_pkey  (cost=0.00..22.68 rows=1024 width=0)
	                    Index Cond: ((id >= 3679841) AND (id <= 3680840))

table 7 : explain SELECT DISTINCT c FROM sbtest7 WHERE id BETWEEN 6571410 AND 6572409 ORDER BY c
	Unique  (cost=3938.50..3943.53 rows=1007 width=121)
	  ->  Sort  (cost=3938.50..3941.02 rows=1007 width=121)
	        Sort Key: c
	        ->  Bitmap Heap Scan on sbtest7  (cost=22.76..3888.27 rows=1007 width=121)
	              Recheck Cond: ((id >= 6571410) AND (id <= 6572409))
	              ->  Bitmap Index Scan on sbtest7_pkey  (cost=0.00..22.50 rows=1007 width=0)
	                    Index Cond: ((id >= 6571410) AND (id <= 6572409))

table 8 : explain SELECT DISTINCT c FROM sbtest8 WHERE id BETWEEN 5206612 AND 5207611 ORDER BY c
	Unique  (cost=3819.79..3824.67 rows=976 width=121)
	  ->  Sort  (cost=3819.79..3822.23 rows=976 width=121)
	        Sort Key: c
	        ->  Bitmap Heap Scan on sbtest8  (cost=22.44..3771.33 rows=976 width=121)
	              Recheck Cond: ((id >= 5206612) AND (id <= 5207611))
	              ->  Bitmap Index Scan on sbtest8_pkey  (cost=0.00..22.19 rows=976 width=0)
	                    Index Cond: ((id >= 5206612) AND (id <= 5207611))

for point_selects
table 1 : explain SELECT c FROM sbtest1 WHERE id=6219414
	Index Scan using sbtest1_pkey on sbtest1  (cost=0.43..8.45 rows=1 width=121)
	  Index Cond: (id = 6219414)

table 2 : explain SELECT c FROM sbtest2 WHERE id=2626718
	Index Scan using sbtest2_pkey on sbtest2  (cost=0.43..8.45 rows=1 width=121)
	  Index Cond: (id = 2626718)

table 3 : explain SELECT c FROM sbtest3 WHERE id=7493123
	Index Scan using sbtest3_pkey on sbtest3  (cost=0.43..8.45 rows=1 width=121)
	  Index Cond: (id = 7493123)

table 4 : explain SELECT c FROM sbtest4 WHERE id=7011701
	Index Scan using sbtest4_pkey on sbtest4  (cost=0.43..8.45 rows=1 width=121)
	  Index Cond: (id = 7011701)

table 5 : explain SELECT c FROM sbtest5 WHERE id=21872
	Index Scan using sbtest5_pkey on sbtest5  (cost=0.43..8.45 rows=1 width=121)
	  Index Cond: (id = 21872)

table 6 : explain SELECT c FROM sbtest6 WHERE id=694354
	Index Scan using sbtest6_pkey on sbtest6  (cost=0.43..8.45 rows=1 width=121)
	  Index Cond: (id = 694354)

table 7 : explain SELECT c FROM sbtest7 WHERE id=3111542
	Index Scan using sbtest7_pkey on sbtest7  (cost=0.43..8.45 rows=1 width=121)
	  Index Cond: (id = 3111542)

table 8 : explain SELECT c FROM sbtest8 WHERE id=2629412
	Index Scan using sbtest8_pkey on sbtest8  (cost=0.43..8.45 rows=1 width=121)
	  Index Cond: (id = 2629412)

explain: for point_selects :: explain SELECT c FROM sbtest%u WHERE id=%u
for: order_ranges
table 1 : explain SELECT c FROM sbtest1 WHERE id BETWEEN 3771544 AND 3772543 ORDER BY c
	Sort  (cost=3853.01..3855.47 rows=985 width=121)
	  Sort Key: c
	  ->  Bitmap Heap Scan on sbtest1  (cost=22.53..3804.03 rows=985 width=121)
	        Recheck Cond: ((id >= 3771544) AND (id <= 3772543))
	        ->  Bitmap Index Scan on sbtest1_pkey  (cost=0.00..22.29 rows=985 width=0)
	              Index Cond: ((id >= 3771544) AND (id <= 3772543))

table 2 : explain SELECT c FROM sbtest2 WHERE id BETWEEN 4193965 AND 4194964 ORDER BY c
	Sort  (cost=4169.72..4172.39 rows=1068 width=121)
	  Sort Key: c
	  ->  Bitmap Heap Scan on sbtest2  (cost=23.38..4115.99 rows=1068 width=121)
	        Recheck Cond: ((id >= 4193965) AND (id <= 4194964))
	        ->  Bitmap Index Scan on sbtest2_pkey  (cost=0.00..23.11 rows=1068 width=0)
	              Index Cond: ((id >= 4193965) AND (id <= 4194964))

table 3 : explain SELECT c FROM sbtest3 WHERE id BETWEEN 2561512 AND 2562511 ORDER BY c
	Sort  (cost=4432.95..4435.79 rows=1137 width=121)
	  Sort Key: c
	  ->  Bitmap Heap Scan on sbtest3  (cost=28.09..4375.24 rows=1137 width=121)
	        Recheck Cond: ((id >= 2561512) AND (id <= 2562511))
	        ->  Bitmap Index Scan on sbtest3_pkey  (cost=0.00..27.80 rows=1137 width=0)
	              Index Cond: ((id >= 2561512) AND (id <= 2562511))

table 4 : explain SELECT c FROM sbtest4 WHERE id BETWEEN 4111977 AND 4112976 ORDER BY c
	Sort  (cost=4085.83..4088.45 rows=1046 width=121)
	  Sort Key: c
	  ->  Bitmap Heap Scan on sbtest4  (cost=23.16..4033.37 rows=1046 width=121)
	        Recheck Cond: ((id >= 4111977) AND (id <= 4112976))
	        ->  Bitmap Index Scan on sbtest4_pkey  (cost=0.00..22.89 rows=1046 width=0)
	              Index Cond: ((id >= 4111977) AND (id <= 4112976))

table 5 : explain SELECT c FROM sbtest5 WHERE id BETWEEN 8365897 AND 8366896 ORDER BY c
	Sort  (cost=4598.20..4601.15 rows=1180 width=121)
	  Sort Key: c
	  ->  Bitmap Heap Scan on sbtest5  (cost=28.53..4537.99 rows=1180 width=121)
	        Recheck Cond: ((id >= 8365897) AND (id <= 8366896))
	        ->  Bitmap Index Scan on sbtest5_pkey  (cost=0.00..28.23 rows=1180 width=0)
	              Index Cond: ((id >= 8365897) AND (id <= 8366896))

table 6 : explain SELECT c FROM sbtest6 WHERE id BETWEEN 1132794 AND 1133793 ORDER BY c
	Sort  (cost=3401.08..3403.24 rows=867 width=121)
	  Sort Key: c
	  ->  Bitmap Heap Scan on sbtest6  (cost=21.32..3358.77 rows=867 width=121)
	        Recheck Cond: ((id >= 1132794) AND (id <= 1133793))
	        ->  Bitmap Index Scan on sbtest6_pkey  (cost=0.00..21.11 rows=867 width=0)
	              Index Cond: ((id >= 1132794) AND (id <= 1133793))

table 7 : explain SELECT c FROM sbtest7 WHERE id BETWEEN 3558993 AND 3559992 ORDER BY c
	Sort  (cost=3919.38..3921.88 rows=1002 width=121)
	  Sort Key: c
	  ->  Bitmap Heap Scan on sbtest7  (cost=22.71..3869.44 rows=1002 width=121)
	        Recheck Cond: ((id >= 3558993) AND (id <= 3559992))
	        ->  Bitmap Index Scan on sbtest7_pkey  (cost=0.00..22.45 rows=1002 width=0)
	              Index Cond: ((id >= 3558993) AND (id <= 3559992))

table 8 : explain SELECT c FROM sbtest8 WHERE id BETWEEN 3360541 AND 3361540 ORDER BY c
	Sort  (cost=3815.97..3818.40 rows=975 width=121)
	  Sort Key: c
	  ->  Bitmap Heap Scan on sbtest8  (cost=22.43..3767.56 rows=975 width=121)
	        Recheck Cond: ((id >= 3360541) AND (id <= 3361540))
	        ->  Bitmap Index Scan on sbtest8_pkey  (cost=0.00..22.18 rows=975 width=0)
	              Index Cond: ((id >= 3360541) AND (id <= 3361540))

for point_selects
table 1 : explain SELECT c FROM sbtest1 WHERE id=4950432
	Index Scan using sbtest1_pkey on sbtest1  (cost=0.43..8.45 rows=1 width=121)
	  Index Cond: (id = 4950432)

table 2 : explain SELECT c FROM sbtest2 WHERE id=5032652
	Index Scan using sbtest2_pkey on sbtest2  (cost=0.43..8.45 rows=1 width=121)
	  Index Cond: (id = 5032652)

table 3 : explain SELECT c FROM sbtest3 WHERE id=3679665
	Index Scan using sbtest3_pkey on sbtest3  (cost=0.43..8.45 rows=1 width=121)
	  Index Cond: (id = 3679665)

table 4 : explain SELECT c FROM sbtest4 WHERE id=1591864
	Index Scan using sbtest4_pkey on sbtest4  (cost=0.43..8.45 rows=1 width=121)
	  Index Cond: (id = 1591864)

table 5 : explain SELECT c FROM sbtest5 WHERE id=3264292
	Index Scan using sbtest5_pkey on sbtest5  (cost=0.43..8.45 rows=1 width=121)
	  Index Cond: (id = 3264292)

table 6 : explain SELECT c FROM sbtest6 WHERE id=5968520
	Index Scan using sbtest6_pkey on sbtest6  (cost=0.43..8.45 rows=1 width=121)
	  Index Cond: (id = 5968520)

table 7 : explain SELECT c FROM sbtest7 WHERE id=9758250
	Index Scan using sbtest7_pkey on sbtest7  (cost=0.43..8.45 rows=1 width=121)
	  Index Cond: (id = 9758250)

table 8 : explain SELECT c FROM sbtest8 WHERE id=697646
	Index Scan using sbtest8_pkey on sbtest8  (cost=0.43..8.45 rows=1 width=121)
	  Index Cond: (id = 697646)

for point_selects
table 1 : explain SELECT c FROM sbtest1 WHERE id=6844263
	Index Scan using sbtest1_pkey on sbtest1  (cost=0.43..8.45 rows=1 width=121)
	  Index Cond: (id = 6844263)

table 2 : explain SELECT c FROM sbtest2 WHERE id=8987727
	Index Scan using sbtest2_pkey on sbtest2  (cost=0.43..8.45 rows=1 width=121)
	  Index Cond: (id = 8987727)

table 3 : explain SELECT c FROM sbtest3 WHERE id=9096737
	Index Scan using sbtest3_pkey on sbtest3  (cost=0.43..8.45 rows=1 width=121)
	  Index Cond: (id = 9096737)

table 4 : explain SELECT c FROM sbtest4 WHERE id=2353233
	Index Scan using sbtest4_pkey on sbtest4  (cost=0.43..8.45 rows=1 width=121)
	  Index Cond: (id = 2353233)

table 5 : explain SELECT c FROM sbtest5 WHERE id=2184728
	Index Scan using sbtest5_pkey on sbtest5  (cost=0.43..8.45 rows=1 width=121)
	  Index Cond: (id = 2184728)

table 6 : explain SELECT c FROM sbtest6 WHERE id=1168175
	Index Scan using sbtest6_pkey on sbtest6  (cost=0.43..8.45 rows=1 width=121)
	  Index Cond: (id = 1168175)

table 7 : explain SELECT c FROM sbtest7 WHERE id=4081254
	Index Scan using sbtest7_pkey on sbtest7  (cost=0.43..8.45 rows=1 width=121)
	  Index Cond: (id = 4081254)

table 8 : explain SELECT c FROM sbtest8 WHERE id=7768449
	Index Scan using sbtest8_pkey on sbtest8  (cost=0.43..8.45 rows=1 width=121)
	  Index Cond: (id = 7768449)

for: order_ranges
table 1 : explain SELECT c FROM sbtest1 WHERE id BETWEEN 848962 AND 849961 ORDER BY c
	Sort  (cost=3535.17..3537.42 rows=902 width=121)
	  Sort Key: c
	  ->  Bitmap Heap Scan on sbtest1  (cost=21.68..3490.90 rows=902 width=121)
	        Recheck Cond: ((id >= 848962) AND (id <= 849961))
	        ->  Bitmap Index Scan on sbtest1_pkey  (cost=0.00..21.45 rows=902 width=0)
	              Index Cond: ((id >= 848962) AND (id <= 849961))

table 2 : explain SELECT c FROM sbtest2 WHERE id BETWEEN 6929581 AND 6930580 ORDER BY c
	Sort  (cost=3967.42..3969.96 rows=1015 width=121)
	  Sort Key: c
	  ->  Bitmap Heap Scan on sbtest2  (cost=22.84..3916.74 rows=1015 width=121)
	        Recheck Cond: ((id >= 6929581) AND (id <= 6930580))
	        ->  Bitmap Index Scan on sbtest2_pkey  (cost=0.00..22.58 rows=1015 width=0)
	              Index Cond: ((id >= 6929581) AND (id <= 6930580))

table 3 : explain SELECT c FROM sbtest3 WHERE id BETWEEN 6696281 AND 6697280 ORDER BY c
	Sort  (cost=3270.14..3272.22 rows=833 width=121)
	  Sort Key: c
	  ->  Bitmap Heap Scan on sbtest3  (cost=20.97..3229.73 rows=833 width=121)
	        Recheck Cond: ((id >= 6696281) AND (id <= 6697280))
	        ->  Bitmap Index Scan on sbtest3_pkey  (cost=0.00..20.76 rows=833 width=0)
	              Index Cond: ((id >= 6696281) AND (id <= 6697280))

table 4 : explain SELECT c FROM sbtest4 WHERE id BETWEEN 3251169 AND 3252168 ORDER BY c
	Sort  (cost=3978.93..3981.47 rows=1018 width=121)
	  Sort Key: c
	  ->  Bitmap Heap Scan on sbtest4  (cost=22.87..3928.07 rows=1018 width=121)
	        Recheck Cond: ((id >= 3251169) AND (id <= 3252168))
	        ->  Bitmap Index Scan on sbtest4_pkey  (cost=0.00..22.61 rows=1018 width=0)
	              Index Cond: ((id >= 3251169) AND (id <= 3252168))

table 5 : explain SELECT c FROM sbtest5 WHERE id BETWEEN 5497553 AND 5498552 ORDER BY c
	Sort  (cost=3999.44..4001.99 rows=1023 width=121)
	  Sort Key: c
	  ->  Bitmap Heap Scan on sbtest5  (cost=22.92..3948.29 rows=1023 width=121)
	        Recheck Cond: ((id >= 5497553) AND (id <= 5498552))
	        ->  Bitmap Index Scan on sbtest5_pkey  (cost=0.00..22.66 rows=1023 width=0)
	              Index Cond: ((id >= 5497553) AND (id <= 5498552))

table 6 : explain SELECT c FROM sbtest6 WHERE id BETWEEN 2172563 AND 2173562 ORDER BY c
	Sort  (cost=3983.21..3985.75 rows=1019 width=121)
	  Sort Key: c
	  ->  Bitmap Heap Scan on sbtest6  (cost=22.88..3932.29 rows=1019 width=121)
	        Recheck Cond: ((id >= 2172563) AND (id <= 2173562))
	        ->  Bitmap Index Scan on sbtest6_pkey  (cost=0.00..22.62 rows=1019 width=0)
	              Index Cond: ((id >= 2172563) AND (id <= 2173562))

table 7 : explain SELECT c FROM sbtest7 WHERE id BETWEEN 8550983 AND 8551982 ORDER BY c
	Sort  (cost=4194.40..4197.09 rows=1074 width=121)
	  Sort Key: c
	  ->  Bitmap Heap Scan on sbtest7  (cost=23.44..4140.33 rows=1074 width=121)
	        Recheck Cond: ((id >= 8550983) AND (id <= 8551982))
	        ->  Bitmap Index Scan on sbtest7_pkey  (cost=0.00..23.18 rows=1074 width=0)
	              Index Cond: ((id >= 8550983) AND (id <= 8551982))

table 8 : explain SELECT c FROM sbtest8 WHERE id BETWEEN 5163618 AND 5164617 ORDER BY c
	Sort  (cost=3942.20..3944.72 rows=1008 width=121)
	  Sort Key: c
	  ->  Bitmap Heap Scan on sbtest8  (cost=22.77..3891.91 rows=1008 width=121)
	        Recheck Cond: ((id >= 5163618) AND (id <= 5164617))
	        ->  Bitmap Index Scan on sbtest8_pkey  (cost=0.00..22.51 rows=1008 width=0)
	              Index Cond: ((id >= 5163618) AND (id <= 5164617))

for: sum_ranges
table 1 : explain SELECT SUM(k) FROM sbtest1 WHERE id BETWEEN 3234543 AND 3235542
	Aggregate  (cost=3700.89..3700.90 rows=1 width=8)
	  ->  Bitmap Heap Scan on sbtest1  (cost=22.24..3698.50 rows=957 width=4)
	        Recheck Cond: ((id >= 3234543) AND (id <= 3235542))
	        ->  Bitmap Index Scan on sbtest1_pkey  (cost=0.00..22.00 rows=957 width=0)
	              Index Cond: ((id >= 3234543) AND (id <= 3235542))

table 2 : explain SELECT SUM(k) FROM sbtest2 WHERE id BETWEEN 3641448 AND 3642447
	Aggregate  (cost=3828.87..3828.88 rows=1 width=8)
	  ->  Bitmap Heap Scan on sbtest2  (cost=22.59..3826.39 rows=991 width=4)
	        Recheck Cond: ((id >= 3641448) AND (id <= 3642447))
	        ->  Bitmap Index Scan on sbtest2_pkey  (cost=0.00..22.34 rows=991 width=0)
	              Index Cond: ((id >= 3641448) AND (id <= 3642447))

table 3 : explain SELECT SUM(k) FROM sbtest3 WHERE id BETWEEN 7129748 AND 7130747
	Aggregate  (cost=3855.32..3855.33 rows=1 width=8)
	  ->  Bitmap Heap Scan on sbtest3  (cost=22.66..3852.83 rows=998 width=4)
	        Recheck Cond: ((id >= 7129748) AND (id <= 7130747))
	        ->  Bitmap Index Scan on sbtest3_pkey  (cost=0.00..22.41 rows=998 width=0)
	              Index Cond: ((id >= 7129748) AND (id <= 7130747))

table 4 : explain SELECT SUM(k) FROM sbtest4 WHERE id BETWEEN 7576395 AND 7577394
	Aggregate  (cost=3859.06..3859.07 rows=1 width=8)
	  ->  Bitmap Heap Scan on sbtest4  (cost=22.67..3856.56 rows=999 width=4)
	        Recheck Cond: ((id >= 7576395) AND (id <= 7577394))
	        ->  Bitmap Index Scan on sbtest4_pkey  (cost=0.00..22.43 rows=999 width=0)
	              Index Cond: ((id >= 7576395) AND (id <= 7577394))

table 5 : explain SELECT SUM(k) FROM sbtest5 WHERE id BETWEEN 5989804 AND 5990803
	Aggregate  (cost=3720.85..3720.86 rows=1 width=8)
	  ->  Bitmap Heap Scan on sbtest5  (cost=22.30..3718.45 rows=962 width=4)
	        Recheck Cond: ((id >= 5989804) AND (id <= 5990803))
	        ->  Bitmap Index Scan on sbtest5_pkey  (cost=0.00..22.05 rows=962 width=0)
	              Index Cond: ((id >= 5989804) AND (id <= 5990803))

table 6 : explain SELECT SUM(k) FROM sbtest6 WHERE id BETWEEN 3370782 AND 3371781
	Aggregate  (cost=3946.14..3946.15 rows=1 width=8)
	  ->  Bitmap Heap Scan on sbtest6  (cost=22.91..3943.58 rows=1022 width=4)
	        Recheck Cond: ((id >= 3370782) AND (id <= 3371781))
	        ->  Bitmap Index Scan on sbtest6_pkey  (cost=0.00..22.65 rows=1022 width=0)
	              Index Cond: ((id >= 3370782) AND (id <= 3371781))

table 7 : explain SELECT SUM(k) FROM sbtest7 WHERE id BETWEEN 3338662 AND 3339661
	Aggregate  (cost=3864.40..3864.41 rows=1 width=8)
	  ->  Bitmap Heap Scan on sbtest7  (cost=22.68..3861.90 rows=1000 width=4)
	        Recheck Cond: ((id >= 3338662) AND (id <= 3339661))
	        ->  Bitmap Index Scan on sbtest7_pkey  (cost=0.00..22.43 rows=1000 width=0)
	              Index Cond: ((id >= 3338662) AND (id <= 3339661))

table 8 : explain SELECT SUM(k) FROM sbtest8 WHERE id BETWEEN 6490047 AND 6491046
	Aggregate  (cost=3966.01..3966.02 rows=1 width=8)
	  ->  Bitmap Heap Scan on sbtest8  (cost=22.96..3963.44 rows=1027 width=4)
	        Recheck Cond: ((id >= 6490047) AND (id <= 6491046))
	        ->  Bitmap Index Scan on sbtest8_pkey  (cost=0.00..22.70 rows=1027 width=0)
	              Index Cond: ((id >= 6490047) AND (id <= 6491046))

for: order_ranges
table 1 : explain SELECT c FROM sbtest1 WHERE id BETWEEN 4094821 AND 4095820 ORDER BY c
	Sort  (cost=4379.86..4382.67 rows=1123 width=121)
	  Sort Key: c
	  ->  Bitmap Heap Scan on sbtest1  (cost=27.95..4322.96 rows=1123 width=121)
	        Recheck Cond: ((id >= 4094821) AND (id <= 4095820))
	        ->  Bitmap Index Scan on sbtest1_pkey  (cost=0.00..27.66 rows=1123 width=0)
	              Index Cond: ((id >= 4094821) AND (id <= 4095820))

table 2 : explain SELECT c FROM sbtest2 WHERE id BETWEEN 4379503 AND 4380502 ORDER BY c
	Sort  (cost=3894.82..3897.31 rows=996 width=121)
	  Sort Key: c
	  ->  Bitmap Heap Scan on sbtest2  (cost=22.64..3845.22 rows=996 width=121)
	        Recheck Cond: ((id >= 4379503) AND (id <= 4380502))
	        ->  Bitmap Index Scan on sbtest2_pkey  (cost=0.00..22.39 rows=996 width=0)
	              Index Cond: ((id >= 4379503) AND (id <= 4380502))

table 3 : explain SELECT c FROM sbtest3 WHERE id BETWEEN 9402497 AND 9403496 ORDER BY c
	Sort  (cost=4070.60..4073.21 rows=1042 width=121)
	  Sort Key: c
	  ->  Bitmap Heap Scan on sbtest3  (cost=23.12..4018.37 rows=1042 width=121)
	        Recheck Cond: ((id >= 9402497) AND (id <= 9403496))
	        ->  Bitmap Index Scan on sbtest3_pkey  (cost=0.00..22.86 rows=1042 width=0)
	              Index Cond: ((id >= 9402497) AND (id <= 9403496))

table 4 : explain SELECT c FROM sbtest4 WHERE id BETWEEN 2298732 AND 2299731 ORDER BY c
	Sort  (cost=3818.39..3820.83 rows=976 width=121)
	  Sort Key: c
	  ->  Bitmap Heap Scan on sbtest4  (cost=22.44..3769.93 rows=976 width=121)
	        Recheck Cond: ((id >= 2298732) AND (id <= 2299731))
	        ->  Bitmap Index Scan on sbtest4_pkey  (cost=0.00..22.19 rows=976 width=0)
	              Index Cond: ((id >= 2298732) AND (id <= 2299731))

table 5 : explain SELECT c FROM sbtest5 WHERE id BETWEEN 1674587 AND 1675586 ORDER BY c
	Sort  (cost=3976.51..3979.05 rows=1017 width=121)
	  Sort Key: c
	  ->  Bitmap Heap Scan on sbtest5  (cost=22.86..3925.71 rows=1017 width=121)
	        Recheck Cond: ((id >= 1674587) AND (id <= 1675586))
	        ->  Bitmap Index Scan on sbtest5_pkey  (cost=0.00..22.61 rows=1017 width=0)
	              Index Cond: ((id >= 1674587) AND (id <= 1675586))

table 6 : explain SELECT c FROM sbtest6 WHERE id BETWEEN 6995032 AND 6996031 ORDER BY c
	Sort  (cost=3841.77..3844.23 rows=982 width=121)
	  Sort Key: c
	  ->  Bitmap Heap Scan on sbtest6  (cost=22.50..3792.97 rows=982 width=121)
	        Recheck Cond: ((id >= 6995032) AND (id <= 6996031))
	        ->  Bitmap Index Scan on sbtest6_pkey  (cost=0.00..22.25 rows=982 width=0)
	              Index Cond: ((id >= 6995032) AND (id <= 6996031))

table 7 : explain SELECT c FROM sbtest7 WHERE id BETWEEN 3363188 AND 3364187 ORDER BY c
	Sort  (cost=4190.59..4193.27 rows=1073 width=121)
	  Sort Key: c
	  ->  Bitmap Heap Scan on sbtest7  (cost=23.43..4136.58 rows=1073 width=121)
	        Recheck Cond: ((id >= 3363188) AND (id <= 3364187))
	        ->  Bitmap Index Scan on sbtest7_pkey  (cost=0.00..23.16 rows=1073 width=0)
	              Index Cond: ((id >= 3363188) AND (id <= 3364187))

table 8 : explain SELECT c FROM sbtest8 WHERE id BETWEEN 4005888 AND 4006887 ORDER BY c
	Sort  (cost=3701.09..3703.45 rows=945 width=121)
	  Sort Key: c
	  ->  Bitmap Heap Scan on sbtest8  (cost=22.12..3654.39 rows=945 width=121)
	        Recheck Cond: ((id >= 4005888) AND (id <= 4006887))
	        ->  Bitmap Index Scan on sbtest8_pkey  (cost=0.00..21.89 rows=945 width=0)
	              Index Cond: ((id >= 4005888) AND (id <= 4006887))

for: distinct_ranges
table 1 : explain SELECT DISTINCT c FROM sbtest1 WHERE id BETWEEN 4042174 AND 4043173 ORDER BY c
	Unique  (cost=4379.86..4385.47 rows=1123 width=121)
	  ->  Sort  (cost=4379.86..4382.67 rows=1123 width=121)
	        Sort Key: c
	        ->  Bitmap Heap Scan on sbtest1  (cost=27.95..4322.96 rows=1123 width=121)
	              Recheck Cond: ((id >= 4042174) AND (id <= 4043173))
	              ->  Bitmap Index Scan on sbtest1_pkey  (cost=0.00..27.66 rows=1123 width=0)
	                    Index Cond: ((id >= 4042174) AND (id <= 4043173))

table 2 : explain SELECT DISTINCT c FROM sbtest2 WHERE id BETWEEN 8848979 AND 8849978 ORDER BY c
	Unique  (cost=3902.46..3907.45 rows=998 width=121)
	  ->  Sort  (cost=3902.46..3904.96 rows=998 width=121)
	        Sort Key: c
	        ->  Bitmap Heap Scan on sbtest2  (cost=22.66..3852.75 rows=998 width=121)
	              Recheck Cond: ((id >= 8848979) AND (id <= 8849978))
	              ->  Bitmap Index Scan on sbtest2_pkey  (cost=0.00..22.41 rows=998 width=0)
	                    Index Cond: ((id >= 8848979) AND (id <= 8849978))

table 3 : explain SELECT DISTINCT c FROM sbtest3 WHERE id BETWEEN 2276007 AND 2277006 ORDER BY c
	Unique  (cost=3826.07..3830.96 rows=978 width=121)
	  ->  Sort  (cost=3826.07..3828.52 rows=978 width=121)
	        Sort Key: c
	        ->  Bitmap Heap Scan on sbtest3  (cost=22.46..3777.49 rows=978 width=121)
	              Recheck Cond: ((id >= 2276007) AND (id <= 2277006))
	              ->  Bitmap Index Scan on sbtest3_pkey  (cost=0.00..22.21 rows=978 width=0)
	                    Index Cond: ((id >= 2276007) AND (id <= 2277006))

table 4 : explain SELECT DISTINCT c FROM sbtest4 WHERE id BETWEEN 8540555 AND 8541554 ORDER BY c
	Unique  (cost=3971.29..3976.37 rows=1016 width=121)
	  ->  Sort  (cost=3971.29..3973.83 rows=1016 width=121)
	        Sort Key: c
	        ->  Bitmap Heap Scan on sbtest4  (cost=22.85..3920.55 rows=1016 width=121)
	              Recheck Cond: ((id >= 8540555) AND (id <= 8541554))
	              ->  Bitmap Index Scan on sbtest4_pkey  (cost=0.00..22.59 rows=1016 width=0)
	                    Index Cond: ((id >= 8540555) AND (id <= 8541554))

table 5 : explain SELECT DISTINCT c FROM sbtest5 WHERE id BETWEEN 7006394 AND 7007393 ORDER BY c
	Unique  (cost=3930.63..3935.66 rows=1005 width=121)
	  ->  Sort  (cost=3930.63..3933.15 rows=1005 width=121)
	        Sort Key: c
	        ->  Bitmap Heap Scan on sbtest5  (cost=22.74..3880.52 rows=1005 width=121)
	              Recheck Cond: ((id >= 7006394) AND (id <= 7007393))
	              ->  Bitmap Index Scan on sbtest5_pkey  (cost=0.00..22.48 rows=1005 width=0)
	                    Index Cond: ((id >= 7006394) AND (id <= 7007393))

table 6 : explain SELECT DISTINCT c FROM sbtest6 WHERE id BETWEEN 7504236 AND 7505235 ORDER BY c
	Unique  (cost=3979.39..3984.48 rows=1018 width=121)
	  ->  Sort  (cost=3979.39..3981.93 rows=1018 width=121)
	        Sort Key: c
	        ->  Bitmap Heap Scan on sbtest6  (cost=22.87..3928.53 rows=1018 width=121)
	              Recheck Cond: ((id >= 7504236) AND (id <= 7505235))
	              ->  Bitmap Index Scan on sbtest6_pkey  (cost=0.00..22.61 rows=1018 width=0)
	                    Index Cond: ((id >= 7504236) AND (id <= 7505235))

table 7 : explain SELECT DISTINCT c FROM sbtest7 WHERE id BETWEEN 8348299 AND 8349298 ORDER BY c
	Unique  (cost=3949.97..3955.02 rows=1010 width=121)
	  ->  Sort  (cost=3949.97..3952.49 rows=1010 width=121)
	        Sort Key: c
	        ->  Bitmap Heap Scan on sbtest7  (cost=22.79..3899.57 rows=1010 width=121)
	              Recheck Cond: ((id >= 8348299) AND (id <= 8349298))
	              ->  Bitmap Index Scan on sbtest7_pkey  (cost=0.00..22.54 rows=1010 width=0)
	                    Index Cond: ((id >= 8348299) AND (id <= 8349298))

table 8 : explain SELECT DISTINCT c FROM sbtest8 WHERE id BETWEEN 3890326 AND 3891325 ORDER BY c
	Unique  (cost=3639.78..3644.43 rows=929 width=121)
	  ->  Sort  (cost=3639.78..3642.10 rows=929 width=121)
	        Sort Key: c
	        ->  Bitmap Heap Scan on sbtest8  (cost=21.96..3593.98 rows=929 width=121)
	              Recheck Cond: ((id >= 3890326) AND (id <= 3891325))
	              ->  Bitmap Index Scan on sbtest8_pkey  (cost=0.00..21.72 rows=929 width=0)
	                    Index Cond: ((id >= 3890326) AND (id <= 3891325))

for: simple_ranges
table 1 : explain SELECT c FROM sbtest1 WHERE id BETWEEN 3906066 AND 3907065
	Bitmap Heap Scan on sbtest1  (cost=23.41..4127.53 rows=1071 width=121)
	  Recheck Cond: ((id >= 3906066) AND (id <= 3907065))
	  ->  Bitmap Index Scan on sbtest1_pkey  (cost=0.00..23.14 rows=1071 width=0)
	        Index Cond: ((id >= 3906066) AND (id <= 3907065))

table 2 : explain SELECT c FROM sbtest2 WHERE id BETWEEN 8519505 AND 8520504
	Bitmap Heap Scan on sbtest2  (cost=22.85..3920.50 rows=1016 width=121)
	  Recheck Cond: ((id >= 8519505) AND (id <= 8520504))
	  ->  Bitmap Index Scan on sbtest2_pkey  (cost=0.00..22.59 rows=1016 width=0)
	        Index Cond: ((id >= 8519505) AND (id <= 8520504))

table 3 : explain SELECT c FROM sbtest3 WHERE id BETWEEN 8966978 AND 8967977
	Bitmap Heap Scan on sbtest3  (cost=27.97..4330.26 rows=1125 width=121)
	  Recheck Cond: ((id >= 8966978) AND (id <= 8967977))
	  ->  Bitmap Index Scan on sbtest3_pkey  (cost=0.00..27.68 rows=1125 width=0)
	        Index Cond: ((id >= 8966978) AND (id <= 8967977))

table 4 : explain SELECT c FROM sbtest4 WHERE id BETWEEN 1503957 AND 1504956
	Bitmap Heap Scan on sbtest4  (cost=22.75..3882.91 rows=1006 width=121)
	  Recheck Cond: ((id >= 1503957) AND (id <= 1504956))
	  ->  Bitmap Index Scan on sbtest4_pkey  (cost=0.00..22.50 rows=1006 width=0)
	        Index Cond: ((id >= 1503957) AND (id <= 1504956))

table 5 : explain SELECT c FROM sbtest5 WHERE id BETWEEN 5982519 AND 5983518
	Bitmap Heap Scan on sbtest5  (cost=22.30..3718.45 rows=962 width=121)
	  Recheck Cond: ((id >= 5982519) AND (id <= 5983518))
	  ->  Bitmap Index Scan on sbtest5_pkey  (cost=0.00..22.05 rows=962 width=0)
	        Index Cond: ((id >= 5982519) AND (id <= 5983518))

table 6 : explain SELECT c FROM sbtest6 WHERE id BETWEEN 9286221 AND 9287220
	Bitmap Heap Scan on sbtest6  (cost=22.89..3936.06 rows=1020 width=121)
	  Recheck Cond: ((id >= 9286221) AND (id <= 9287220))
	  ->  Bitmap Index Scan on sbtest6_pkey  (cost=0.00..22.64 rows=1020 width=0)
	        Index Cond: ((id >= 9286221) AND (id <= 9287220))

table 7 : explain SELECT c FROM sbtest7 WHERE id BETWEEN 7673989 AND 7674988
	Bitmap Heap Scan on sbtest7  (cost=22.61..3835.53 rows=993 width=121)
	  Recheck Cond: ((id >= 7673989) AND (id <= 7674988))
	  ->  Bitmap Index Scan on sbtest7_pkey  (cost=0.00..22.36 rows=993 width=0)
	        Index Cond: ((id >= 7673989) AND (id <= 7674988))

table 8 : explain SELECT c FROM sbtest8 WHERE id BETWEEN 6825674 AND 6826673
	Bitmap Heap Scan on sbtest8  (cost=22.09..3643.07 rows=942 width=121)
	  Recheck Cond: ((id >= 6825674) AND (id <= 6826673))
	  ->  Bitmap Index Scan on sbtest8_pkey  (cost=0.00..21.86 rows=942 width=0)
	        Index Cond: ((id >= 6825674) AND (id <= 6826673))

for: distinct_ranges
table 1 : explain SELECT DISTINCT c FROM sbtest1 WHERE id BETWEEN 5831508 AND 5832507 ORDER BY c
	Unique  (cost=4185.24..4190.60 rows=1072 width=121)
	  ->  Sort  (cost=4185.24..4187.92 rows=1072 width=121)
	        Sort Key: c
	        ->  Bitmap Heap Scan on sbtest1  (cost=23.42..4131.29 rows=1072 width=121)
	              Recheck Cond: ((id >= 5831508) AND (id <= 5832507))
	              ->  Bitmap Index Scan on sbtest1_pkey  (cost=0.00..23.15 rows=1072 width=0)
	                    Index Cond: ((id >= 5831508) AND (id <= 5832507))

table 2 : explain SELECT DISTINCT c FROM sbtest2 WHERE id BETWEEN 5003702 AND 5004701 ORDER BY c
	Unique  (cost=3913.93..3918.93 rows=1001 width=121)
	  ->  Sort  (cost=3913.93..3916.43 rows=1001 width=121)
	        Sort Key: c
	        ->  Bitmap Heap Scan on sbtest2  (cost=22.70..3864.04 rows=1001 width=121)
	              Recheck Cond: ((id >= 5003702) AND (id <= 5004701))
	              ->  Bitmap Index Scan on sbtest2_pkey  (cost=0.00..22.44 rows=1001 width=0)
	                    Index Cond: ((id >= 5003702) AND (id <= 5004701))

table 3 : explain SELECT DISTINCT c FROM sbtest3 WHERE id BETWEEN 3716346 AND 3717345 ORDER BY c
	Unique  (cost=3925.47..3930.49 rows=1004 width=121)
	  ->  Sort  (cost=3925.47..3927.98 rows=1004 width=121)
	        Sort Key: c
	        ->  Bitmap Heap Scan on sbtest3  (cost=22.73..3875.42 rows=1004 width=121)
	              Recheck Cond: ((id >= 3716346) AND (id <= 3717345))
	              ->  Bitmap Index Scan on sbtest3_pkey  (cost=0.00..22.47 rows=1004 width=0)
	                    Index Cond: ((id >= 3716346) AND (id <= 3717345))

table 4 : explain SELECT DISTINCT c FROM sbtest4 WHERE id BETWEEN 6563303 AND 6564302 ORDER BY c
	Unique  (cost=3577.17..3581.73 rows=913 width=121)
	  ->  Sort  (cost=3577.17..3579.45 rows=913 width=121)
	        Sort Key: c
	        ->  Bitmap Heap Scan on sbtest4  (cost=21.79..3532.27 rows=913 width=121)
	              Recheck Cond: ((id >= 6563303) AND (id <= 6564302))
	              ->  Bitmap Index Scan on sbtest4_pkey  (cost=0.00..21.57 rows=913 width=0)
	                    Index Cond: ((id >= 6563303) AND (id <= 6564302))

table 5 : explain SELECT DISTINCT c FROM sbtest5 WHERE id BETWEEN 6345108 AND 6346107 ORDER BY c
	Unique  (cost=3712.50..3717.24 rows=948 width=121)
	  ->  Sort  (cost=3712.50..3714.87 rows=948 width=121)
	        Sort Key: c
	        ->  Bitmap Heap Scan on sbtest5  (cost=22.15..3665.63 rows=948 width=121)
	              Recheck Cond: ((id >= 6345108) AND (id <= 6346107))
	              ->  Bitmap Index Scan on sbtest5_pkey  (cost=0.00..21.91 rows=948 width=0)
	                    Index Cond: ((id >= 6345108) AND (id <= 6346107))

table 6 : explain SELECT DISTINCT c FROM sbtest6 WHERE id BETWEEN 5140804 AND 5141803 ORDER BY c
	Unique  (cost=3769.08..3773.89 rows=963 width=121)
	  ->  Sort  (cost=3769.08..3771.48 rows=963 width=121)
	        Sort Key: c
	        ->  Bitmap Heap Scan on sbtest6  (cost=22.31..3721.35 rows=963 width=121)
	              Recheck Cond: ((id >= 5140804) AND (id <= 5141803))
	              ->  Bitmap Index Scan on sbtest6_pkey  (cost=0.00..22.07 rows=963 width=0)
	                    Index Cond: ((id >= 5140804) AND (id <= 5141803))

table 7 : explain SELECT DISTINCT c FROM sbtest7 WHERE id BETWEEN 840663 AND 841662 ORDER BY c
	Unique  (cost=4289.94..4295.43 rows=1098 width=121)
	  ->  Sort  (cost=4289.94..4292.69 rows=1098 width=121)
	        Sort Key: c
	        ->  Bitmap Heap Scan on sbtest7  (cost=27.69..4234.49 rows=1098 width=121)
	              Recheck Cond: ((id >= 840663) AND (id <= 841662))
	              ->  Bitmap Index Scan on sbtest7_pkey  (cost=0.00..27.41 rows=1098 width=0)
	                    Index Cond: ((id >= 840663) AND (id <= 841662))

table 8 : explain SELECT DISTINCT c FROM sbtest8 WHERE id BETWEEN 9848264 AND 9849263 ORDER BY c
	Unique  (cost=3976.60..3981.69 rows=1017 width=121)
	  ->  Sort  (cost=3976.60..3979.14 rows=1017 width=121)
	        Sort Key: c
	        ->  Bitmap Heap Scan on sbtest8  (cost=22.86..3925.80 rows=1017 width=121)
	              Recheck Cond: ((id >= 9848264) AND (id <= 9849263))
	              ->  Bitmap Index Scan on sbtest8_pkey  (cost=0.00..22.61 rows=1017 width=0)
	                    Index Cond: ((id >= 9848264) AND (id <= 9849263))

for: distinct_ranges
table 1 : explain SELECT DISTINCT c FROM sbtest1 WHERE id BETWEEN 7383004 AND 7384003 ORDER BY c
	Unique  (cost=3895.06..3900.04 rows=996 width=121)
	  ->  Sort  (cost=3895.06..3897.55 rows=996 width=121)
	        Sort Key: c
	        ->  Bitmap Heap Scan on sbtest1  (cost=22.64..3845.46 rows=996 width=121)
	              Recheck Cond: ((id >= 7383004) AND (id <= 7384003))
	              ->  Bitmap Index Scan on sbtest1_pkey  (cost=0.00..22.39 rows=996 width=0)
	                    Index Cond: ((id >= 7383004) AND (id <= 7384003))

table 2 : explain SELECT DISTINCT c FROM sbtest2 WHERE id BETWEEN 6646590 AND 6647589 ORDER BY c
	Unique  (cost=3718.86..3723.61 rows=950 width=121)
	  ->  Sort  (cost=3718.86..3721.23 rows=950 width=121)
	        Sort Key: c
	        ->  Bitmap Heap Scan on sbtest2  (cost=22.17..3671.87 rows=950 width=121)
	              Recheck Cond: ((id >= 6646590) AND (id <= 6647589))
	              ->  Bitmap Index Scan on sbtest2_pkey  (cost=0.00..21.93 rows=950 width=0)
	                    Index Cond: ((id >= 6646590) AND (id <= 6647589))

table 3 : explain SELECT DISTINCT c FROM sbtest3 WHERE id BETWEEN 8209968 AND 8210967 ORDER BY c
	Unique  (cost=3684.47..3689.17 rows=941 width=121)
	  ->  Sort  (cost=3684.47..3686.82 rows=941 width=121)
	        Sort Key: c
	        ->  Bitmap Heap Scan on sbtest3  (cost=22.08..3637.99 rows=941 width=121)
	              Recheck Cond: ((id >= 8209968) AND (id <= 8210967))
	              ->  Bitmap Index Scan on sbtest3_pkey  (cost=0.00..21.84 rows=941 width=0)
	                    Index Cond: ((id >= 8209968) AND (id <= 8210967))

table 4 : explain SELECT DISTINCT c FROM sbtest4 WHERE id BETWEEN 8215790 AND 8216789 ORDER BY c
	Unique  (cost=3963.65..3968.72 rows=1014 width=121)
	  ->  Sort  (cost=3963.65..3966.18 rows=1014 width=121)
	        Sort Key: c
	        ->  Bitmap Heap Scan on sbtest4  (cost=22.83..3913.02 rows=1014 width=121)
	              Recheck Cond: ((id >= 8215790) AND (id <= 8216789))
	              ->  Bitmap Index Scan on sbtest4_pkey  (cost=0.00..22.57 rows=1014 width=0)
	                    Index Cond: ((id >= 8215790) AND (id <= 8216789))

table 5 : explain SELECT DISTINCT c FROM sbtest5 WHERE id BETWEEN 9157253 AND 9158252 ORDER BY c
	Unique  (cost=3482.44..3486.88 rows=888 width=121)
	  ->  Sort  (cost=3482.44..3484.66 rows=888 width=121)
	        Sort Key: c
	        ->  Bitmap Heap Scan on sbtest5  (cost=21.54..3438.96 rows=888 width=121)
	              Recheck Cond: ((id >= 9157253) AND (id <= 9158252))
	              ->  Bitmap Index Scan on sbtest5_pkey  (cost=0.00..21.32 rows=888 width=0)
	                    Index Cond: ((id >= 9157253) AND (id <= 9158252))

table 6 : explain SELECT DISTINCT c FROM sbtest6 WHERE id BETWEEN 1841321 AND 1842320 ORDER BY c
	Unique  (cost=4277.21..4282.68 rows=1095 width=121)
	  ->  Sort  (cost=4277.21..4279.94 rows=1095 width=121)
	        Sort Key: c
	        ->  Bitmap Heap Scan on sbtest6  (cost=27.66..4221.93 rows=1095 width=121)
	              Recheck Cond: ((id >= 1841321) AND (id <= 1842320))
	              ->  Bitmap Index Scan on sbtest6_pkey  (cost=0.00..27.39 rows=1095 width=0)
	                    Index Cond: ((id >= 1841321) AND (id <= 1842320))

table 7 : explain SELECT DISTINCT c FROM sbtest7 WHERE id BETWEEN 2266449 AND 2267448 ORDER BY c
	Unique  (cost=4083.70..4088.93 rows=1045 width=121)
	  ->  Sort  (cost=4083.70..4086.32 rows=1045 width=121)
	        Sort Key: c
	        ->  Bitmap Heap Scan on sbtest7  (cost=23.15..4031.30 rows=1045 width=121)
	              Recheck Cond: ((id >= 2266449) AND (id <= 2267448))
	              ->  Bitmap Index Scan on sbtest7_pkey  (cost=0.00..22.89 rows=1045 width=0)
	                    Index Cond: ((id >= 2266449) AND (id <= 2267448))

table 8 : explain SELECT DISTINCT c FROM sbtest8 WHERE id BETWEEN 8590659 AND 8591658 ORDER BY c
	Unique  (cost=3735.57..3740.34 rows=954 width=121)
	  ->  Sort  (cost=3735.57..3737.95 rows=954 width=121)
	        Sort Key: c
	        ->  Bitmap Heap Scan on sbtest8  (cost=22.21..3688.35 rows=954 width=121)
	              Recheck Cond: ((id >= 8590659) AND (id <= 8591658))
	              ->  Bitmap Index Scan on sbtest8_pkey  (cost=0.00..21.97 rows=954 width=0)
	                    Index Cond: ((id >= 8590659) AND (id <= 8591658))

for: distinct_ranges
table 1 : explain SELECT DISTINCT c FROM sbtest1 WHERE id BETWEEN 8306069 AND 8307068 ORDER BY c
	Unique  (cost=3925.64..3930.66 rows=1004 width=121)
	  ->  Sort  (cost=3925.64..3928.15 rows=1004 width=121)
	        Sort Key: c
	        ->  Bitmap Heap Scan on sbtest1  (cost=22.73..3875.59 rows=1004 width=121)
	              Recheck Cond: ((id >= 8306069) AND (id <= 8307068))
	              ->  Bitmap Index Scan on sbtest1_pkey  (cost=0.00..22.47 rows=1004 width=0)
	                    Index Cond: ((id >= 8306069) AND (id <= 8307068))

table 2 : explain SELECT DISTINCT c FROM sbtest2 WHERE id BETWEEN 6997222 AND 6998221 ORDER BY c
	Unique  (cost=3898.64..3903.63 rows=997 width=121)
	  ->  Sort  (cost=3898.64..3901.13 rows=997 width=121)
	        Sort Key: c
	        ->  Bitmap Heap Scan on sbtest2  (cost=22.65..3848.98 rows=997 width=121)
	              Recheck Cond: ((id >= 6997222) AND (id <= 6998221))
	              ->  Bitmap Index Scan on sbtest2_pkey  (cost=0.00..22.40 rows=997 width=0)
	                    Index Cond: ((id >= 6997222) AND (id <= 6998221))

table 3 : explain SELECT DISTINCT c FROM sbtest3 WHERE id BETWEEN 4201179 AND 4202178 ORDER BY c
	Unique  (cost=3772.51..3777.33 rows=964 width=121)
	  ->  Sort  (cost=3772.51..3774.92 rows=964 width=121)
	        Sort Key: c
	        ->  Bitmap Heap Scan on sbtest3  (cost=22.32..3724.73 rows=964 width=121)
	              Recheck Cond: ((id >= 4201179) AND (id <= 4202178))
	              ->  Bitmap Index Scan on sbtest3_pkey  (cost=0.00..22.07 rows=964 width=0)
	                    Index Cond: ((id >= 4201179) AND (id <= 4202178))

table 4 : explain SELECT DISTINCT c FROM sbtest4 WHERE id BETWEEN 1880439 AND 1881438 ORDER BY c
	Unique  (cost=3963.65..3968.72 rows=1014 width=121)
	  ->  Sort  (cost=3963.65..3966.18 rows=1014 width=121)
	        Sort Key: c
	        ->  Bitmap Heap Scan on sbtest4  (cost=22.83..3913.02 rows=1014 width=121)
	              Recheck Cond: ((id >= 1880439) AND (id <= 1881438))
	              ->  Bitmap Index Scan on sbtest4_pkey  (cost=0.00..22.57 rows=1014 width=0)
	                    Index Cond: ((id >= 1880439) AND (id <= 1881438))

table 5 : explain SELECT DISTINCT c FROM sbtest5 WHERE id BETWEEN 8791635 AND 8792634 ORDER BY c
	Unique  (cost=3846.49..3851.40 rows=983 width=121)
	  ->  Sort  (cost=3846.49..3848.95 rows=983 width=121)
	        Sort Key: c
	        ->  Bitmap Heap Scan on sbtest5  (cost=22.51..3797.63 rows=983 width=121)
	              Recheck Cond: ((id >= 8791635) AND (id <= 8792634))
	              ->  Bitmap Index Scan on sbtest5_pkey  (cost=0.00..22.26 rows=983 width=0)
	                    Index Cond: ((id >= 8791635) AND (id <= 8792634))

table 6 : explain SELECT DISTINCT c FROM sbtest6 WHERE id BETWEEN 8742020 AND 8743019 ORDER BY c
	Unique  (cost=3504.70..3509.17 rows=894 width=121)
	  ->  Sort  (cost=3504.70..3506.93 rows=894 width=121)
	        Sort Key: c
	        ->  Bitmap Heap Scan on sbtest6  (cost=21.60..3460.87 rows=894 width=121)
	              Recheck Cond: ((id >= 8742020) AND (id <= 8743019))
	              ->  Bitmap Index Scan on sbtest6_pkey  (cost=0.00..21.37 rows=894 width=0)
	                    Index Cond: ((id >= 8742020) AND (id <= 8743019))

table 7 : explain SELECT DISTINCT c FROM sbtest7 WHERE id BETWEEN 9434699 AND 9435698 ORDER BY c
	Unique  (cost=3923.20..3928.22 rows=1003 width=121)
	  ->  Sort  (cost=3923.20..3925.71 rows=1003 width=121)
	        Sort Key: c
	        ->  Bitmap Heap Scan on sbtest7  (cost=22.72..3873.20 rows=1003 width=121)
	              Recheck Cond: ((id >= 9434699) AND (id <= 9435698))
	              ->  Bitmap Index Scan on sbtest7_pkey  (cost=0.00..22.46 rows=1003 width=0)
	                    Index Cond: ((id >= 9434699) AND (id <= 9435698))

table 8 : explain SELECT DISTINCT c FROM sbtest8 WHERE id BETWEEN 3600412 AND 3601411 ORDER BY c
	Unique  (cost=4213.53..4218.92 rows=1078 width=121)
	  ->  Sort  (cost=4213.53..4216.22 rows=1078 width=121)
	        Sort Key: c
	        ->  Bitmap Heap Scan on sbtest8  (cost=27.48..4159.23 rows=1078 width=121)
	              Recheck Cond: ((id >= 3600412) AND (id <= 3601411))
	              ->  Bitmap Index Scan on sbtest8_pkey  (cost=0.00..27.21 rows=1078 width=0)
	                    Index Cond: ((id >= 3600412) AND (id <= 3601411))

for: simple_ranges
table 1 : explain SELECT c FROM sbtest1 WHERE id BETWEEN 4483733 AND 4484732
	Bitmap Heap Scan on sbtest1  (cost=22.21..3687.19 rows=954 width=121)
	  Recheck Cond: ((id >= 4483733) AND (id <= 4484732))
	  ->  Bitmap Index Scan on sbtest1_pkey  (cost=0.00..21.97 rows=954 width=0)
	        Index Cond: ((id >= 4483733) AND (id <= 4484732))

table 2 : explain SELECT c FROM sbtest2 WHERE id BETWEEN 87524 AND 88523
	Bitmap Heap Scan on sbtest2  (cost=22.85..3920.50 rows=1016 width=121)
	  Recheck Cond: ((id >= 87524) AND (id <= 88523))
	  ->  Bitmap Index Scan on sbtest2_pkey  (cost=0.00..22.59 rows=1016 width=0)
	        Index Cond: ((id >= 87524) AND (id <= 88523))

table 3 : explain SELECT c FROM sbtest3 WHERE id BETWEEN 2135643 AND 2136642
	Bitmap Heap Scan on sbtest3  (cost=22.61..3834.00 rows=993 width=121)
	  Recheck Cond: ((id >= 2135643) AND (id <= 2136642))
	  ->  Bitmap Index Scan on sbtest3_pkey  (cost=0.00..22.36 rows=993 width=0)
	        Index Cond: ((id >= 2135643) AND (id <= 2136642))

table 4 : explain SELECT c FROM sbtest4 WHERE id BETWEEN 4469924 AND 4470923
	Bitmap Heap Scan on sbtest4  (cost=27.71..4236.45 rows=1100 width=121)
	  Recheck Cond: ((id >= 4469924) AND (id <= 4470923))
	  ->  Bitmap Index Scan on sbtest4_pkey  (cost=0.00..27.43 rows=1100 width=0)
	        Index Cond: ((id >= 4469924) AND (id <= 4470923))

table 5 : explain SELECT c FROM sbtest5 WHERE id BETWEEN 7793427 AND 7794426
	Bitmap Heap Scan on sbtest5  (cost=23.38..4117.55 rows=1068 width=121)
	  Recheck Cond: ((id >= 7793427) AND (id <= 7794426))
	  ->  Bitmap Index Scan on sbtest5_pkey  (cost=0.00..23.11 rows=1068 width=0)
	        Index Cond: ((id >= 7793427) AND (id <= 7794426))

table 6 : explain SELECT c FROM sbtest6 WHERE id BETWEEN 3058674 AND 3059673
	Bitmap Heap Scan on sbtest6  (cost=21.98..3600.63 rows=931 width=121)
	  Recheck Cond: ((id >= 3058674) AND (id <= 3059673))
	  ->  Bitmap Index Scan on sbtest6_pkey  (cost=0.00..21.75 rows=931 width=0)
	        Index Cond: ((id >= 3058674) AND (id <= 3059673))

table 7 : explain SELECT c FROM sbtest7 WHERE id BETWEEN 956020 AND 957019
	Bitmap Heap Scan on sbtest7  (cost=20.77..3155.08 rows=813 width=121)
	  Recheck Cond: ((id >= 956020) AND (id <= 957019))
	  ->  Bitmap Index Scan on sbtest7_pkey  (cost=0.00..20.57 rows=813 width=0)
	        Index Cond: ((id >= 956020) AND (id <= 957019))

table 8 : explain SELECT c FROM sbtest8 WHERE id BETWEEN 20694 AND 21693
	Bitmap Heap Scan on sbtest8  (cost=22.66..3854.24 rows=998 width=121)
	  Recheck Cond: ((id >= 20694) AND (id <= 21693))
	  ->  Bitmap Index Scan on sbtest8_pkey  (cost=0.00..22.41 rows=998 width=0)
	        Index Cond: ((id >= 20694) AND (id <= 21693))

for: order_ranges
table 1 : explain SELECT c FROM sbtest1 WHERE id BETWEEN 1524262 AND 1525261 ORDER BY c
	Sort  (cost=3845.36..3847.82 rows=983 width=121)
	  Sort Key: c
	  ->  Bitmap Heap Scan on sbtest1  (cost=22.51..3796.50 rows=983 width=121)
	        Recheck Cond: ((id >= 1524262) AND (id <= 1525261))
	        ->  Bitmap Index Scan on sbtest1_pkey  (cost=0.00..22.26 rows=983 width=0)
	              Index Cond: ((id >= 1524262) AND (id <= 1525261))

table 2 : explain SELECT c FROM sbtest2 WHERE id BETWEEN 6903776 AND 6904775 ORDER BY c
	Sort  (cost=3967.42..3969.96 rows=1015 width=121)
	  Sort Key: c
	  ->  Bitmap Heap Scan on sbtest2  (cost=22.84..3916.74 rows=1015 width=121)
	        Recheck Cond: ((id >= 6903776) AND (id <= 6904775))
	        ->  Bitmap Index Scan on sbtest2_pkey  (cost=0.00..22.58 rows=1015 width=0)
	              Index Cond: ((id >= 6903776) AND (id <= 6904775))

table 3 : explain SELECT c FROM sbtest3 WHERE id BETWEEN 4066202 AND 4067201 ORDER BY c
	Sort  (cost=3967.50..3970.04 rows=1015 width=121)
	  Sort Key: c
	  ->  Bitmap Heap Scan on sbtest3  (cost=22.84..3916.82 rows=1015 width=121)
	        Recheck Cond: ((id >= 4066202) AND (id <= 4067201))
	        ->  Bitmap Index Scan on sbtest3_pkey  (cost=0.00..22.58 rows=1015 width=0)
	              Index Cond: ((id >= 4066202) AND (id <= 4067201))

table 4 : explain SELECT c FROM sbtest4 WHERE id BETWEEN 9985979 AND 9986978 ORDER BY c
	Sort  (cost=3883.40..3885.88 rows=993 width=121)
	  Sort Key: c
	  ->  Bitmap Heap Scan on sbtest4  (cost=22.61..3833.97 rows=993 width=121)
	        Recheck Cond: ((id >= 9985979) AND (id <= 9986978))
	        ->  Bitmap Index Scan on sbtest4_pkey  (cost=0.00..22.36 rows=993 width=0)
	              Index Cond: ((id >= 9985979) AND (id <= 9986978))

table 5 : explain SELECT c FROM sbtest5 WHERE id BETWEEN 473176 AND 474175 ORDER BY c
	Sort  (cost=3808.22..3810.65 rows=973 width=121)
	  Sort Key: c
	  ->  Bitmap Heap Scan on sbtest5  (cost=22.41..3759.93 rows=973 width=121)
	        Recheck Cond: ((id >= 473176) AND (id <= 474175))
	        ->  Bitmap Index Scan on sbtest5_pkey  (cost=0.00..22.16 rows=973 width=0)
	              Index Cond: ((id >= 473176) AND (id <= 474175))

table 6 : explain SELECT c FROM sbtest6 WHERE id BETWEEN 3386867 AND 3387866 ORDER BY c
	Sort  (cost=3994.67..3997.22 rows=1022 width=121)
	  Sort Key: c
	  ->  Bitmap Heap Scan on sbtest6  (cost=22.91..3943.58 rows=1022 width=121)
	        Recheck Cond: ((id >= 3386867) AND (id <= 3387866))
	        ->  Bitmap Index Scan on sbtest6_pkey  (cost=0.00..22.65 rows=1022 width=0)
	              Index Cond: ((id >= 3386867) AND (id <= 3387866))

table 7 : explain SELECT c FROM sbtest7 WHERE id BETWEEN 1225044 AND 1226043 ORDER BY c
	Sort  (cost=4053.15..4055.74 rows=1037 width=121)
	  Sort Key: c
	  ->  Bitmap Heap Scan on sbtest7  (cost=23.06..4001.21 rows=1037 width=121)
	        Recheck Cond: ((id >= 1225044) AND (id <= 1226043))
	        ->  Bitmap Index Scan on sbtest7_pkey  (cost=0.00..22.80 rows=1037 width=0)
	              Index Cond: ((id >= 1225044) AND (id <= 1226043))

table 8 : explain SELECT c FROM sbtest8 WHERE id BETWEEN 2555848 AND 2556847 ORDER BY c
	Sort  (cost=3804.48..3806.91 rows=972 width=121)
	  Sort Key: c
	  ->  Bitmap Heap Scan on sbtest8  (cost=22.40..3756.25 rows=972 width=121)
	        Recheck Cond: ((id >= 2555848) AND (id <= 2556847))
	        ->  Bitmap Index Scan on sbtest8_pkey  (cost=0.00..22.15 rows=972 width=0)
	              Index Cond: ((id >= 2555848) AND (id <= 2556847))

explain: for point_selects :: explain SELECT c FROM sbtest%u WHERE id=%u
for: simple_ranges
table 1 : explain SELECT c FROM sbtest1 WHERE id BETWEEN 7035549 AND 7036548
	Bitmap Heap Scan on sbtest1  (cost=22.87..3928.28 rows=1018 width=121)
	  Recheck Cond: ((id >= 7035549) AND (id <= 7036548))
	  ->  Bitmap Index Scan on sbtest1_pkey  (cost=0.00..22.61 rows=1018 width=0)
	        Index Cond: ((id >= 7035549) AND (id <= 7036548))

table 2 : explain SELECT c FROM sbtest2 WHERE id BETWEEN 8068440 AND 8069439
	Bitmap Heap Scan on sbtest2  (cost=27.85..4288.92 rows=1114 width=121)
	  Recheck Cond: ((id >= 8068440) AND (id <= 8069439))
	  ->  Bitmap Index Scan on sbtest2_pkey  (cost=0.00..27.57 rows=1114 width=0)
	        Index Cond: ((id >= 8068440) AND (id <= 8069439))

table 3 : explain SELECT c FROM sbtest3 WHERE id BETWEEN 7193708 AND 7194707
	Bitmap Heap Scan on sbtest3  (cost=22.66..3852.83 rows=998 width=121)
	  Recheck Cond: ((id >= 7193708) AND (id <= 7194707))
	  ->  Bitmap Index Scan on sbtest3_pkey  (cost=0.00..22.41 rows=998 width=0)
	        Index Cond: ((id >= 7193708) AND (id <= 7194707))

table 4 : explain SELECT c FROM sbtest4 WHERE id BETWEEN 8003970 AND 8004969
	Bitmap Heap Scan on sbtest4  (cost=21.64..3475.61 rows=898 width=121)
	  Recheck Cond: ((id >= 8003970) AND (id <= 8004969))
	  ->  Bitmap Index Scan on sbtest4_pkey  (cost=0.00..21.41 rows=898 width=0)
	        Index Cond: ((id >= 8003970) AND (id <= 8004969))

table 5 : explain SELECT c FROM sbtest5 WHERE id BETWEEN 7588640 AND 7589639
	Bitmap Heap Scan on sbtest5  (cost=22.30..3718.45 rows=962 width=121)
	  Recheck Cond: ((id >= 7588640) AND (id <= 7589639))
	  ->  Bitmap Index Scan on sbtest5_pkey  (cost=0.00..22.05 rows=962 width=0)
	        Index Cond: ((id >= 7588640) AND (id <= 7589639))

table 6 : explain SELECT c FROM sbtest6 WHERE id BETWEEN 7092388 AND 7093387
	Bitmap Heap Scan on sbtest6  (cost=22.34..3732.66 rows=966 width=121)
	  Recheck Cond: ((id >= 7092388) AND (id <= 7093387))
	  ->  Bitmap Index Scan on sbtest6_pkey  (cost=0.00..22.09 rows=966 width=0)
	        Index Cond: ((id >= 7092388) AND (id <= 7093387))

table 7 : explain SELECT c FROM sbtest7 WHERE id BETWEEN 3566925 AND 3567924
	Bitmap Heap Scan on sbtest7  (cost=22.71..3869.44 rows=1002 width=121)
	  Recheck Cond: ((id >= 3566925) AND (id <= 3567924))
	  ->  Bitmap Index Scan on sbtest7_pkey  (cost=0.00..22.45 rows=1002 width=0)
	        Index Cond: ((id >= 3566925) AND (id <= 3567924))

table 8 : explain SELECT c FROM sbtest8 WHERE id BETWEEN 4460737 AND 4461736
	Bitmap Heap Scan on sbtest8  (cost=21.95..3590.21 rows=928 width=121)
	  Recheck Cond: ((id >= 4460737) AND (id <= 4461736))
	  ->  Bitmap Index Scan on sbtest8_pkey  (cost=0.00..21.71 rows=928 width=0)
	        Index Cond: ((id >= 4460737) AND (id <= 4461736))

for: simple_ranges
table 1 : explain SELECT c FROM sbtest1 WHERE id BETWEEN 9233967 AND 9234966
	Bitmap Heap Scan on sbtest1  (cost=22.98..3969.66 rows=1029 width=121)
	  Recheck Cond: ((id >= 9233967) AND (id <= 9234966))
	  ->  Bitmap Index Scan on sbtest1_pkey  (cost=0.00..22.72 rows=1029 width=0)
	        Index Cond: ((id >= 9233967) AND (id <= 9234966))

table 2 : explain SELECT c FROM sbtest2 WHERE id BETWEEN 6375057 AND 6376056
	Bitmap Heap Scan on sbtest2  (cost=23.32..4093.45 rows=1062 width=121)
	  Recheck Cond: ((id >= 6375057) AND (id <= 6376056))
	  ->  Bitmap Index Scan on sbtest2_pkey  (cost=0.00..23.05 rows=1062 width=0)
	        Index Cond: ((id >= 6375057) AND (id <= 6376056))

table 3 : explain SELECT c FROM sbtest3 WHERE id BETWEEN 6055044 AND 6056043
	Bitmap Heap Scan on sbtest3  (cost=22.84..3916.82 rows=1015 width=121)
	  Recheck Cond: ((id >= 6055044) AND (id <= 6056043))
	  ->  Bitmap Index Scan on sbtest3_pkey  (cost=0.00..22.58 rows=1015 width=0)
	        Index Cond: ((id >= 6055044) AND (id <= 6056043))

table 4 : explain SELECT c FROM sbtest4 WHERE id BETWEEN 2158138 AND 2159137
	Bitmap Heap Scan on sbtest4  (cost=23.20..4048.41 rows=1050 width=121)
	  Recheck Cond: ((id >= 2158138) AND (id <= 2159137))
	  ->  Bitmap Index Scan on sbtest4_pkey  (cost=0.00..22.93 rows=1050 width=0)
	        Index Cond: ((id >= 2158138) AND (id <= 2159137))

table 5 : explain SELECT c FROM sbtest5 WHERE id BETWEEN 464026 AND 465025
	Bitmap Heap Scan on sbtest5  (cost=22.41..3759.93 rows=973 width=121)
	  Recheck Cond: ((id >= 464026) AND (id <= 465025))
	  ->  Bitmap Index Scan on sbtest5_pkey  (cost=0.00..22.16 rows=973 width=0)
	        Index Cond: ((id >= 464026) AND (id <= 465025))

table 6 : explain SELECT c FROM sbtest6 WHERE id BETWEEN 8993184 AND 8994183
	Bitmap Heap Scan on sbtest6  (cost=22.39..3751.51 rows=971 width=121)
	  Recheck Cond: ((id >= 8993184) AND (id <= 8994183))
	  ->  Bitmap Index Scan on sbtest6_pkey  (cost=0.00..22.14 rows=971 width=0)
	        Index Cond: ((id >= 8993184) AND (id <= 8994183))

table 7 : explain SELECT c FROM sbtest7 WHERE id BETWEEN 3330481 AND 3331480
	Bitmap Heap Scan on sbtest7  (cost=22.68..3861.90 rows=1000 width=121)
	  Recheck Cond: ((id >= 3330481) AND (id <= 3331480))
	  ->  Bitmap Index Scan on sbtest7_pkey  (cost=0.00..22.43 rows=1000 width=0)
	        Index Cond: ((id >= 3330481) AND (id <= 3331480))

table 8 : explain SELECT c FROM sbtest8 WHERE id BETWEEN 7882963 AND 7883962
	Bitmap Heap Scan on sbtest8  (cost=22.65..3850.48 rows=997 width=121)
	  Recheck Cond: ((id >= 7882963) AND (id <= 7883962))
	  ->  Bitmap Index Scan on sbtest8_pkey  (cost=0.00..22.40 rows=997 width=0)
	        Index Cond: ((id >= 7882963) AND (id <= 7883962))

for point_selects
table 1 : explain SELECT c FROM sbtest1 WHERE id=7602129
	Index Scan using sbtest1_pkey on sbtest1  (cost=0.43..8.45 rows=1 width=121)
	  Index Cond: (id = 7602129)

table 2 : explain SELECT c FROM sbtest2 WHERE id=1347907
	Index Scan using sbtest2_pkey on sbtest2  (cost=0.43..8.45 rows=1 width=121)
	  Index Cond: (id = 1347907)

table 3 : explain SELECT c FROM sbtest3 WHERE id=3381748
	Index Scan using sbtest3_pkey on sbtest3  (cost=0.43..8.45 rows=1 width=121)
	  Index Cond: (id = 3381748)

table 4 : explain SELECT c FROM sbtest4 WHERE id=6434340
	Index Scan using sbtest4_pkey on sbtest4  (cost=0.43..8.45 rows=1 width=121)
	  Index Cond: (id = 6434340)

table 5 : explain SELECT c FROM sbtest5 WHERE id=8126218
	Index Scan using sbtest5_pkey on sbtest5  (cost=0.43..8.45 rows=1 width=121)
	  Index Cond: (id = 8126218)

table 6 : explain SELECT c FROM sbtest6 WHERE id=1130253
	Index Scan using sbtest6_pkey on sbtest6  (cost=0.43..8.45 rows=1 width=121)
	  Index Cond: (id = 1130253)

table 7 : explain SELECT c FROM sbtest7 WHERE id=4957221
	Index Scan using sbtest7_pkey on sbtest7  (cost=0.43..8.45 rows=1 width=121)
	  Index Cond: (id = 4957221)

table 8 : explain SELECT c FROM sbtest8 WHERE id=1930070
	Index Scan using sbtest8_pkey on sbtest8  (cost=0.43..8.45 rows=1 width=121)
	  Index Cond: (id = 1930070)

for: distinct_ranges
table 1 : explain SELECT DISTINCT c FROM sbtest1 WHERE id BETWEEN 7088478 AND 7089477 ORDER BY c
	Unique  (cost=3883.60..3888.56 rows=993 width=121)
	  ->  Sort  (cost=3883.60..3886.08 rows=993 width=121)
	        Sort Key: c
	        ->  Bitmap Heap Scan on sbtest1  (cost=22.61..3834.17 rows=993 width=121)
	              Recheck Cond: ((id >= 7088478) AND (id <= 7089477))
	              ->  Bitmap Index Scan on sbtest1_pkey  (cost=0.00..22.36 rows=993 width=0)
	                    Index Cond: ((id >= 7088478) AND (id <= 7089477))

table 2 : explain SELECT DISTINCT c FROM sbtest2 WHERE id BETWEEN 3996769 AND 3997768 ORDER BY c
	Unique  (cost=4299.59..4305.10 rows=1102 width=121)
	  ->  Sort  (cost=4299.59..4302.34 rows=1102 width=121)
	        Sort Key: c
	        ->  Bitmap Heap Scan on sbtest2  (cost=27.73..4243.90 rows=1102 width=121)
	              Recheck Cond: ((id >= 3996769) AND (id <= 3997768))
	              ->  Bitmap Index Scan on sbtest2_pkey  (cost=0.00..27.45 rows=1102 width=0)
	                    Index Cond: ((id >= 3996769) AND (id <= 3997768))

table 3 : explain SELECT DISTINCT c FROM sbtest3 WHERE id BETWEEN 678757 AND 679756 ORDER BY c
	Unique  (cost=3623.18..3627.81 rows=925 width=121)
	  ->  Sort  (cost=3623.18..3625.49 rows=925 width=121)
	        Sort Key: c
	        ->  Bitmap Heap Scan on sbtest3  (cost=21.92..3577.61 rows=925 width=121)
	              Recheck Cond: ((id >= 678757) AND (id <= 679756))
	              ->  Bitmap Index Scan on sbtest3_pkey  (cost=0.00..21.68 rows=925 width=0)
	                    Index Cond: ((id >= 678757) AND (id <= 679756))

table 4 : explain SELECT DISTINCT c FROM sbtest4 WHERE id BETWEEN 6651252 AND 6652251 ORDER BY c
	Unique  (cost=3734.21..3738.98 rows=954 width=121)
	  ->  Sort  (cost=3734.21..3736.59 rows=954 width=121)
	        Sort Key: c
	        ->  Bitmap Heap Scan on sbtest4  (cost=22.21..3687.00 rows=954 width=121)
	              Recheck Cond: ((id >= 6651252) AND (id <= 6652251))
	              ->  Bitmap Index Scan on sbtest4_pkey  (cost=0.00..21.97 rows=954 width=0)
	                    Index Cond: ((id >= 6651252) AND (id <= 6652251))

table 5 : explain SELECT DISTINCT c FROM sbtest5 WHERE id BETWEEN 648293 AND 649292 ORDER BY c
	Unique  (cost=3942.10..3947.14 rows=1008 width=121)
	  ->  Sort  (cost=3942.10..3944.62 rows=1008 width=121)
	        Sort Key: c
	        ->  Bitmap Heap Scan on sbtest5  (cost=22.77..3891.82 rows=1008 width=121)
	              Recheck Cond: ((id >= 648293) AND (id <= 649292))
	              ->  Bitmap Index Scan on sbtest5_pkey  (cost=0.00..22.51 rows=1008 width=0)
	                    Index Cond: ((id >= 648293) AND (id <= 649292))

table 6 : explain SELECT DISTINCT c FROM sbtest6 WHERE id BETWEEN 1006555 AND 1007554 ORDER BY c
	Unique  (cost=3669.53..3674.21 rows=937 width=121)
	  ->  Sort  (cost=3669.53..3671.87 rows=937 width=121)
	        Sort Key: c
	        ->  Bitmap Heap Scan on sbtest6  (cost=22.04..3623.28 rows=937 width=121)
	              Recheck Cond: ((id >= 1006555) AND (id <= 1007554))
	              ->  Bitmap Index Scan on sbtest6_pkey  (cost=0.00..21.80 rows=937 width=0)
	                    Index Cond: ((id >= 1006555) AND (id <= 1007554))

table 7 : explain SELECT DISTINCT c FROM sbtest7 WHERE id BETWEEN 3573920 AND 3574919 ORDER BY c
	Unique  (cost=3919.38..3924.39 rows=1002 width=121)
	  ->  Sort  (cost=3919.38..3921.88 rows=1002 width=121)
	        Sort Key: c
	        ->  Bitmap Heap Scan on sbtest7  (cost=22.71..3869.44 rows=1002 width=121)
	              Recheck Cond: ((id >= 3573920) AND (id <= 3574919))
	              ->  Bitmap Index Scan on sbtest7_pkey  (cost=0.00..22.45 rows=1002 width=0)
	                    Index Cond: ((id >= 3573920) AND (id <= 3574919))

table 8 : explain SELECT DISTINCT c FROM sbtest8 WHERE id BETWEEN 5761400 AND 5762399 ORDER BY c
	Unique  (cost=3800.66..3805.51 rows=971 width=121)
	  ->  Sort  (cost=3800.66..3803.08 rows=971 width=121)
	        Sort Key: c
	        ->  Bitmap Heap Scan on sbtest8  (cost=22.39..3752.48 rows=971 width=121)
	              Recheck Cond: ((id >= 5761400) AND (id <= 5762399))
	              ->  Bitmap Index Scan on sbtest8_pkey  (cost=0.00..22.14 rows=971 width=0)
	                    Index Cond: ((id >= 5761400) AND (id <= 5762399))

for: distinct_ranges
table 1 : explain SELECT DISTINCT c FROM sbtest1 WHERE id BETWEEN 5964212 AND 5965211 ORDER BY c
	Unique  (cost=4181.43..4186.79 rows=1071 width=121)
	  ->  Sort  (cost=4181.43..4184.11 rows=1071 width=121)
	        Sort Key: c
	        ->  Bitmap Heap Scan on sbtest1  (cost=23.41..4127.53 rows=1071 width=121)
	              Recheck Cond: ((id >= 5964212) AND (id <= 5965211))
	              ->  Bitmap Index Scan on sbtest1_pkey  (cost=0.00..23.14 rows=1071 width=0)
	                    Index Cond: ((id >= 5964212) AND (id <= 5965211))

table 2 : explain SELECT DISTINCT c FROM sbtest2 WHERE id BETWEEN 1945542 AND 1946541 ORDER BY c
	Unique  (cost=3657.59..3662.26 rows=934 width=121)
	  ->  Sort  (cost=3657.59..3659.92 rows=934 width=121)
	        Sort Key: c
	        ->  Bitmap Heap Scan on sbtest2  (cost=22.01..3611.51 rows=934 width=121)
	              Recheck Cond: ((id >= 1945542) AND (id <= 1946541))
	              ->  Bitmap Index Scan on sbtest2_pkey  (cost=0.00..21.77 rows=934 width=0)
	                    Index Cond: ((id >= 1945542) AND (id <= 1946541))

table 3 : explain SELECT DISTINCT c FROM sbtest3 WHERE id BETWEEN 9014868 AND 9015867 ORDER BY c
	Unique  (cost=4024.79..4029.94 rows=1030 width=121)
	  ->  Sort  (cost=4024.79..4027.37 rows=1030 width=121)
	        Sort Key: c
	        ->  Bitmap Heap Scan on sbtest3  (cost=22.99..3973.25 rows=1030 width=121)
	              Recheck Cond: ((id >= 9014868) AND (id <= 9015867))
	              ->  Bitmap Index Scan on sbtest3_pkey  (cost=0.00..22.73 rows=1030 width=0)
	                    Index Cond: ((id >= 9014868) AND (id <= 9015867))

table 4 : explain SELECT DISTINCT c FROM sbtest4 WHERE id BETWEEN 8149142 AND 8150141 ORDER BY c
	Unique  (cost=3963.65..3968.72 rows=1014 width=121)
	  ->  Sort  (cost=3963.65..3966.18 rows=1014 width=121)
	        Sort Key: c
	        ->  Bitmap Heap Scan on sbtest4  (cost=22.83..3913.02 rows=1014 width=121)
	              Recheck Cond: ((id >= 8149142) AND (id <= 8150141))
	              ->  Bitmap Index Scan on sbtest4_pkey  (cost=0.00..22.57 rows=1014 width=0)
	                    Index Cond: ((id >= 8149142) AND (id <= 8150141))

table 5 : explain SELECT DISTINCT c FROM sbtest5 WHERE id BETWEEN 1525627 AND 1526626 ORDER BY c
	Unique  (cost=4320.27..4325.81 rows=1107 width=121)
	  ->  Sort  (cost=4320.27..4323.04 rows=1107 width=121)
	        Sort Key: c
	        ->  Bitmap Heap Scan on sbtest5  (cost=27.78..4264.30 rows=1107 width=121)
	              Recheck Cond: ((id >= 1525627) AND (id <= 1526626))
	              ->  Bitmap Index Scan on sbtest5_pkey  (cost=0.00..27.50 rows=1107 width=0)
	                    Index Cond: ((id >= 1525627) AND (id <= 1526626))

table 6 : explain SELECT DISTINCT c FROM sbtest6 WHERE id BETWEEN 9306079 AND 9307078 ORDER BY c
	Unique  (cost=3945.00..3950.04 rows=1009 width=121)
	  ->  Sort  (cost=3945.00..3947.52 rows=1009 width=121)
	        Sort Key: c
	        ->  Bitmap Heap Scan on sbtest6  (cost=22.78..3894.66 rows=1009 width=121)
	              Recheck Cond: ((id >= 9306079) AND (id <= 9307078))
	              ->  Bitmap Index Scan on sbtest6_pkey  (cost=0.00..22.52 rows=1009 width=0)
	                    Index Cond: ((id >= 9306079) AND (id <= 9307078))

table 7 : explain SELECT DISTINCT c FROM sbtest7 WHERE id BETWEEN 4980826 AND 4981825 ORDER BY c
	Unique  (cost=3796.95..3801.80 rows=970 width=121)
	  ->  Sort  (cost=3796.95..3799.37 rows=970 width=121)
	        Sort Key: c
	        ->  Bitmap Heap Scan on sbtest7  (cost=22.38..3748.82 rows=970 width=121)
	              Recheck Cond: ((id >= 4980826) AND (id <= 4981825))
	              ->  Bitmap Index Scan on sbtest7_pkey  (cost=0.00..22.14 rows=970 width=0)
	                    Index Cond: ((id >= 4980826) AND (id <= 4981825))

table 8 : explain SELECT DISTINCT c FROM sbtest8 WHERE id BETWEEN 5116539 AND 5117538 ORDER BY c
	Unique  (cost=3942.20..3947.24 rows=1008 width=121)
	  ->  Sort  (cost=3942.20..3944.72 rows=1008 width=121)
	        Sort Key: c
	        ->  Bitmap Heap Scan on sbtest8  (cost=22.77..3891.91 rows=1008 width=121)
	              Recheck Cond: ((id >= 5116539) AND (id <= 5117538))
	              ->  Bitmap Index Scan on sbtest8_pkey  (cost=0.00..22.51 rows=1008 width=0)
	                    Index Cond: ((id >= 5116539) AND (id <= 5117538))

for: simple_ranges
table 1 : explain SELECT c FROM sbtest1 WHERE id BETWEEN 2999622 AND 3000621
	Bitmap Heap Scan on sbtest1  (cost=22.64..3845.46 rows=996 width=121)
	  Recheck Cond: ((id >= 2999622) AND (id <= 3000621))
	  ->  Bitmap Index Scan on sbtest1_pkey  (cost=0.00..22.39 rows=996 width=0)
	        Index Cond: ((id >= 2999622) AND (id <= 3000621))

table 2 : explain SELECT c FROM sbtest2 WHERE id BETWEEN 7474140 AND 7475139
	Bitmap Heap Scan on sbtest2  (cost=22.81..3905.45 rows=1012 width=121)
	  Recheck Cond: ((id >= 7474140) AND (id <= 7475139))
	  ->  Bitmap Index Scan on sbtest2_pkey  (cost=0.00..22.55 rows=1012 width=0)
	        Index Cond: ((id >= 7474140) AND (id <= 7475139))

table 3 : explain SELECT c FROM sbtest3 WHERE id BETWEEN 6066866 AND 6067865
	Bitmap Heap Scan on sbtest3  (cost=22.84..3916.82 rows=1015 width=121)
	  Recheck Cond: ((id >= 6066866) AND (id <= 6067865))
	  ->  Bitmap Index Scan on sbtest3_pkey  (cost=0.00..22.58 rows=1015 width=0)
	        Index Cond: ((id >= 6066866) AND (id <= 6067865))

table 4 : explain SELECT c FROM sbtest4 WHERE id BETWEEN 7363537 AND 7364536
	Bitmap Heap Scan on sbtest4  (cost=23.02..3984.50 rows=1033 width=121)
	  Recheck Cond: ((id >= 7363537) AND (id <= 7364536))
	  ->  Bitmap Index Scan on sbtest4_pkey  (cost=0.00..22.76 rows=1033 width=0)
	        Index Cond: ((id >= 7363537) AND (id <= 7364536))

table 5 : explain SELECT c FROM sbtest5 WHERE id BETWEEN 4824354 AND 4825353
	Bitmap Heap Scan on sbtest5  (cost=22.07..3635.43 rows=940 width=121)
	  Recheck Cond: ((id >= 4824354) AND (id <= 4825353))
	  ->  Bitmap Index Scan on sbtest5_pkey  (cost=0.00..21.83 rows=940 width=0)
	        Index Cond: ((id >= 4824354) AND (id <= 4825353))

table 6 : explain SELECT c FROM sbtest6 WHERE id BETWEEN 3138229 AND 3139228
	Bitmap Heap Scan on sbtest6  (cost=22.46..3777.89 rows=978 width=121)
	  Recheck Cond: ((id >= 3138229) AND (id <= 3139228))
	  ->  Bitmap Index Scan on sbtest6_pkey  (cost=0.00..22.21 rows=978 width=0)
	        Index Cond: ((id >= 3138229) AND (id <= 3139228))

table 7 : explain SELECT c FROM sbtest7 WHERE id BETWEEN 1659231 AND 1660230
	Bitmap Heap Scan on sbtest7  (cost=22.71..3869.44 rows=1002 width=121)
	  Recheck Cond: ((id >= 1659231) AND (id <= 1660230))
	  ->  Bitmap Index Scan on sbtest7_pkey  (cost=0.00..22.45 rows=1002 width=0)
	        Index Cond: ((id >= 1659231) AND (id <= 1660230))

table 8 : explain SELECT c FROM sbtest8 WHERE id BETWEEN 1851310 AND 1852309
	Bitmap Heap Scan on sbtest8  (cost=27.53..4174.26 rows=1082 width=121)
	  Recheck Cond: ((id >= 1851310) AND (id <= 1852309))
	  ->  Bitmap Index Scan on sbtest8_pkey  (cost=0.00..27.25 rows=1082 width=0)
	        Index Cond: ((id >= 1851310) AND (id <= 1852309))

for: sum_ranges
table 1 : explain SELECT SUM(k) FROM sbtest1 WHERE id BETWEEN 346004 AND 347003
	Aggregate  (cost=3765.02..3765.03 rows=1 width=8)
	  ->  Bitmap Heap Scan on sbtest1  (cost=22.42..3762.58 rows=974 width=4)
	        Recheck Cond: ((id >= 346004) AND (id <= 347003))
	        ->  Bitmap Index Scan on sbtest1_pkey  (cost=0.00..22.18 rows=974 width=0)
	              Index Cond: ((id >= 346004) AND (id <= 347003))

table 2 : explain SELECT SUM(k) FROM sbtest2 WHERE id BETWEEN 4597479 AND 4598478
	Aggregate  (cost=3670.47..3670.48 rows=1 width=8)
	  ->  Bitmap Heap Scan on sbtest2  (cost=22.16..3668.10 rows=949 width=4)
	        Recheck Cond: ((id >= 4597479) AND (id <= 4598478))
	        ->  Bitmap Index Scan on sbtest2_pkey  (cost=0.00..21.93 rows=949 width=0)
	              Index Cond: ((id >= 4597479) AND (id <= 4598478))

table 3 : explain SELECT SUM(k) FROM sbtest3 WHERE id BETWEEN 807135 AND 808134
	Aggregate  (cost=3764.86..3764.87 rows=1 width=8)
	  ->  Bitmap Heap Scan on sbtest3  (cost=22.42..3762.42 rows=974 width=4)
	        Recheck Cond: ((id >= 807135) AND (id <= 808134))
	        ->  Bitmap Index Scan on sbtest3_pkey  (cost=0.00..22.18 rows=974 width=0)
	              Index Cond: ((id >= 807135) AND (id <= 808134))

table 4 : explain SELECT SUM(k) FROM sbtest4 WHERE id BETWEEN 1227161 AND 1228160
	Aggregate  (cost=4280.50..4280.51 rows=1 width=8)
	  ->  Bitmap Heap Scan on sbtest4  (cost=27.82..4277.72 rows=1111 width=4)
	        Recheck Cond: ((id >= 1227161) AND (id <= 1228160))
	        ->  Bitmap Index Scan on sbtest4_pkey  (cost=0.00..27.54 rows=1111 width=0)
	              Index Cond: ((id >= 1227161) AND (id <= 1228160))

table 5 : explain SELECT SUM(k) FROM sbtest5 WHERE id BETWEEN 3703475 AND 3704474
	Aggregate  (cost=3999.80..3999.81 rows=1 width=8)
	  ->  Bitmap Heap Scan on sbtest5  (cost=23.05..3997.21 rows=1036 width=4)
	        Recheck Cond: ((id >= 3703475) AND (id <= 3704474))
	        ->  Bitmap Index Scan on sbtest5_pkey  (cost=0.00..22.79 rows=1036 width=0)
	              Index Cond: ((id >= 3703475) AND (id <= 3704474))

table 6 : explain SELECT SUM(k) FROM sbtest6 WHERE id BETWEEN 3076964 AND 3077963
	Aggregate  (cost=3602.96..3602.97 rows=1 width=8)
	  ->  Bitmap Heap Scan on sbtest6  (cost=21.98..3600.63 rows=931 width=4)
	        Recheck Cond: ((id >= 3076964) AND (id <= 3077963))
	        ->  Bitmap Index Scan on sbtest6_pkey  (cost=0.00..21.75 rows=931 width=0)
	              Index Cond: ((id >= 3076964) AND (id <= 3077963))

table 7 : explain SELECT SUM(k) FROM sbtest7 WHERE id BETWEEN 2063728 AND 2064727
	Aggregate  (cost=4237.23..4237.24 rows=1 width=8)
	  ->  Bitmap Heap Scan on sbtest7  (cost=27.69..4234.49 rows=1098 width=4)
	        Recheck Cond: ((id >= 2063728) AND (id <= 2064727))
	        ->  Bitmap Index Scan on sbtest7_pkey  (cost=0.00..27.41 rows=1098 width=0)
	              Index Cond: ((id >= 2063728) AND (id <= 2064727))

table 8 : explain SELECT SUM(k) FROM sbtest8 WHERE id BETWEEN 832527 AND 833526
	Aggregate  (cost=4316.00..4316.01 rows=1 width=8)
	  ->  Bitmap Heap Scan on sbtest8  (cost=27.92..4313.20 rows=1120 width=4)
	        Recheck Cond: ((id >= 832527) AND (id <= 833526))
	        ->  Bitmap Index Scan on sbtest8_pkey  (cost=0.00..27.64 rows=1120 width=0)
	              Index Cond: ((id >= 832527) AND (id <= 833526))

for: simple_ranges
table 1 : explain SELECT c FROM sbtest1 WHERE id BETWEEN 3721120 AND 3722119
	Bitmap Heap Scan on sbtest1  (cost=23.62..4202.63 rows=1091 width=121)
	  Recheck Cond: ((id >= 3721120) AND (id <= 3722119))
	  ->  Bitmap Index Scan on sbtest1_pkey  (cost=0.00..23.34 rows=1091 width=0)
	        Index Cond: ((id >= 3721120) AND (id <= 3722119))

table 2 : explain SELECT c FROM sbtest2 WHERE id BETWEEN 2906695 AND 2907694
	Bitmap Heap Scan on sbtest2  (cost=21.87..3558.67 rows=920 width=121)
	  Recheck Cond: ((id >= 2906695) AND (id <= 2907694))
	  ->  Bitmap Index Scan on sbtest2_pkey  (cost=0.00..21.64 rows=920 width=0)
	        Index Cond: ((id >= 2906695) AND (id <= 2907694))

table 3 : explain SELECT c FROM sbtest3 WHERE id BETWEEN 8303000 AND 8303999
	Bitmap Heap Scan on sbtest3  (cost=22.39..3751.12 rows=971 width=121)
	  Recheck Cond: ((id >= 8303000) AND (id <= 8303999))
	  ->  Bitmap Index Scan on sbtest3_pkey  (cost=0.00..22.14 rows=971 width=0)
	        Index Cond: ((id >= 8303000) AND (id <= 8303999))

table 4 : explain SELECT c FROM sbtest4 WHERE id BETWEEN 5037667 AND 5038666
	Bitmap Heap Scan on sbtest4  (cost=22.11..3649.28 rows=944 width=121)
	  Recheck Cond: ((id >= 5037667) AND (id <= 5038666))
	  ->  Bitmap Index Scan on sbtest4_pkey  (cost=0.00..21.87 rows=944 width=0)
	        Index Cond: ((id >= 5037667) AND (id <= 5038666))

table 5 : explain SELECT c FROM sbtest5 WHERE id BETWEEN 7675756 AND 7676755
	Bitmap Heap Scan on sbtest5  (cost=22.52..3801.40 rows=984 width=121)
	  Recheck Cond: ((id >= 7675756) AND (id <= 7676755))
	  ->  Bitmap Index Scan on sbtest5_pkey  (cost=0.00..22.27 rows=984 width=0)
	        Index Cond: ((id >= 7675756) AND (id <= 7676755))

table 6 : explain SELECT c FROM sbtest6 WHERE id BETWEEN 8882782 AND 8883781
	Bitmap Heap Scan on sbtest6  (cost=22.71..3868.30 rows=1002 width=121)
	  Recheck Cond: ((id >= 8882782) AND (id <= 8883781))
	  ->  Bitmap Index Scan on sbtest6_pkey  (cost=0.00..22.45 rows=1002 width=0)
	        Index Cond: ((id >= 8882782) AND (id <= 8883781))

table 7 : explain SELECT c FROM sbtest7 WHERE id BETWEEN 6276685 AND 6277684
	Bitmap Heap Scan on sbtest7  (cost=23.45..4144.09 rows=1075 width=121)
	  Recheck Cond: ((id >= 6276685) AND (id <= 6277684))
	  ->  Bitmap Index Scan on sbtest7_pkey  (cost=0.00..23.18 rows=1075 width=0)
	        Index Cond: ((id >= 6276685) AND (id <= 6277684))

table 8 : explain SELECT c FROM sbtest8 WHERE id BETWEEN 6651154 AND 6652153
	Bitmap Heap Scan on sbtest8  (cost=22.49..3790.18 rows=981 width=121)
	  Recheck Cond: ((id >= 6651154) AND (id <= 6652153))
	  ->  Bitmap Index Scan on sbtest8_pkey  (cost=0.00..22.25 rows=981 width=0)
	        Index Cond: ((id >= 6651154) AND (id <= 6652153))

for: sum_ranges
table 1 : explain SELECT SUM(k) FROM sbtest1 WHERE id BETWEEN 8772231 AND 8773230
	Aggregate  (cost=3670.70..3670.71 rows=1 width=8)
	  ->  Bitmap Heap Scan on sbtest1  (cost=22.16..3668.33 rows=949 width=4)
	        Recheck Cond: ((id >= 8772231) AND (id <= 8773230))
	        ->  Bitmap Index Scan on sbtest1_pkey  (cost=0.00..21.93 rows=949 width=0)
	              Index Cond: ((id >= 8772231) AND (id <= 8773230))

table 2 : explain SELECT SUM(k) FROM sbtest2 WHERE id BETWEEN 5388335 AND 5389334
	Aggregate  (cost=4137.45..4137.46 rows=1 width=8)
	  ->  Bitmap Heap Scan on sbtest2  (cost=23.43..4134.77 rows=1073 width=4)
	        Recheck Cond: ((id >= 5388335) AND (id <= 5389334))
	        ->  Bitmap Index Scan on sbtest2_pkey  (cost=0.00..23.16 rows=1073 width=0)
	              Index Cond: ((id >= 5388335) AND (id <= 5389334))

table 3 : explain SELECT SUM(k) FROM sbtest3 WHERE id BETWEEN 7318208 AND 7319207
	Aggregate  (cost=4303.05..4303.06 rows=1 width=8)
	  ->  Bitmap Heap Scan on sbtest3  (cost=27.88..4300.26 rows=1117 width=4)
	        Recheck Cond: ((id >= 7318208) AND (id <= 7319207))
	        ->  Bitmap Index Scan on sbtest3_pkey  (cost=0.00..27.61 rows=1117 width=0)
	              Index Cond: ((id >= 7318208) AND (id <= 7319207))

table 4 : explain SELECT SUM(k) FROM sbtest4 WHERE id BETWEEN 5520964 AND 5521963
	Aggregate  (cost=3602.56..3602.57 rows=1 width=8)
	  ->  Bitmap Heap Scan on sbtest4  (cost=21.98..3600.23 rows=931 width=4)
	        Recheck Cond: ((id >= 5520964) AND (id <= 5521963))
	        ->  Bitmap Index Scan on sbtest4_pkey  (cost=0.00..21.75 rows=931 width=0)
	              Index Cond: ((id >= 5520964) AND (id <= 5521963))

table 5 : explain SELECT SUM(k) FROM sbtest5 WHERE id BETWEEN 7445567 AND 7446566
	Aggregate  (cost=3482.80..3482.81 rows=1 width=8)
	  ->  Bitmap Heap Scan on sbtest5  (cost=21.65..3480.55 rows=899 width=4)
	        Recheck Cond: ((id >= 7445567) AND (id <= 7446566))
	        ->  Bitmap Index Scan on sbtest5_pkey  (cost=0.00..21.43 rows=899 width=0)
	              Index Cond: ((id >= 7445567) AND (id <= 7446566))

table 6 : explain SELECT SUM(k) FROM sbtest6 WHERE id BETWEEN 1689875 AND 1690874
	Aggregate  (cost=3784.11..3784.12 rows=1 width=8)
	  ->  Bitmap Heap Scan on sbtest6  (cost=22.47..3781.66 rows=979 width=4)
	        Recheck Cond: ((id >= 1689875) AND (id <= 1690874))
	        ->  Bitmap Index Scan on sbtest6_pkey  (cost=0.00..22.22 rows=979 width=0)
	              Index Cond: ((id >= 1689875) AND (id <= 1690874))

table 7 : explain SELECT SUM(k) FROM sbtest7 WHERE id BETWEEN 6446725 AND 6447724
	Aggregate  (cost=4139.26..4139.27 rows=1 width=8)
	  ->  Bitmap Heap Scan on sbtest7  (cost=23.43..4136.58 rows=1073 width=4)
	        Recheck Cond: ((id >= 6446725) AND (id <= 6447724))
	        ->  Bitmap Index Scan on sbtest7_pkey  (cost=0.00..23.16 rows=1073 width=0)
	              Index Cond: ((id >= 6446725) AND (id <= 6447724))

table 8 : explain SELECT SUM(k) FROM sbtest8 WHERE id BETWEEN 616620 AND 617619
	Aggregate  (cost=3996.14..3996.15 rows=1 width=8)
	  ->  Bitmap Heap Scan on sbtest8  (cost=23.04..3993.55 rows=1035 width=4)
	        Recheck Cond: ((id >= 616620) AND (id <= 617619))
	        ->  Bitmap Index Scan on sbtest8_pkey  (cost=0.00..22.79 rows=1035 width=0)
	              Index Cond: ((id >= 616620) AND (id <= 617619))

explain: for point_selects :: explain SELECT c FROM sbtest%u WHERE id=%u
for point_selects
table 1 : explain SELECT c FROM sbtest1 WHERE id=4204617
	Index Scan using sbtest1_pkey on sbtest1  (cost=0.43..8.45 rows=1 width=121)
	  Index Cond: (id = 4204617)

table 2 : explain SELECT c FROM sbtest2 WHERE id=2600188
	Index Scan using sbtest2_pkey on sbtest2  (cost=0.43..8.45 rows=1 width=121)
	  Index Cond: (id = 2600188)

table 3 : explain SELECT c FROM sbtest3 WHERE id=3354274
	Index Scan using sbtest3_pkey on sbtest3  (cost=0.43..8.45 rows=1 width=121)
	  Index Cond: (id = 3354274)

table 4 : explain SELECT c FROM sbtest4 WHERE id=7605314
	Index Scan using sbtest4_pkey on sbtest4  (cost=0.43..8.45 rows=1 width=121)
	  Index Cond: (id = 7605314)

table 5 : explain SELECT c FROM sbtest5 WHERE id=656501
	Index Scan using sbtest5_pkey on sbtest5  (cost=0.43..8.45 rows=1 width=121)
	  Index Cond: (id = 656501)

table 6 : explain SELECT c FROM sbtest6 WHERE id=7827263
	Index Scan using sbtest6_pkey on sbtest6  (cost=0.43..8.45 rows=1 width=121)
	  Index Cond: (id = 7827263)

table 7 : explain SELECT c FROM sbtest7 WHERE id=270161
	Index Scan using sbtest7_pkey on sbtest7  (cost=0.43..8.45 rows=1 width=121)
	  Index Cond: (id = 270161)

table 8 : explain SELECT c FROM sbtest8 WHERE id=5029935
	Index Scan using sbtest8_pkey on sbtest8  (cost=0.43..8.45 rows=1 width=121)
	  Index Cond: (id = 5029935)

for: sum_ranges
table 1 : explain SELECT SUM(k) FROM sbtest1 WHERE id BETWEEN 608614 AND 609613
	Aggregate  (cost=3493.15..3493.16 rows=1 width=8)
	  ->  Bitmap Heap Scan on sbtest1  (cost=21.68..3490.90 rows=902 width=4)
	        Recheck Cond: ((id >= 608614) AND (id <= 609613))
	        ->  Bitmap Index Scan on sbtest1_pkey  (cost=0.00..21.45 rows=902 width=0)
	              Index Cond: ((id >= 608614) AND (id <= 609613))

table 2 : explain SELECT SUM(k) FROM sbtest2 WHERE id BETWEEN 6315042 AND 6316041
	Aggregate  (cost=3828.87..3828.88 rows=1 width=8)
	  ->  Bitmap Heap Scan on sbtest2  (cost=22.59..3826.39 rows=991 width=4)
	        Recheck Cond: ((id >= 6315042) AND (id <= 6316041))
	        ->  Bitmap Index Scan on sbtest2_pkey  (cost=0.00..22.34 rows=991 width=0)
	              Index Cond: ((id >= 6315042) AND (id <= 6316041))

table 3 : explain SELECT SUM(k) FROM sbtest3 WHERE id BETWEEN 9579613 AND 9580612
	Aggregate  (cost=4002.16..4002.17 rows=1 width=8)
	  ->  Bitmap Heap Scan on sbtest3  (cost=23.06..3999.57 rows=1037 width=4)
	        Recheck Cond: ((id >= 9579613) AND (id <= 9580612))
	        ->  Bitmap Index Scan on sbtest3_pkey  (cost=0.00..22.80 rows=1037 width=0)
	              Index Cond: ((id >= 9579613) AND (id <= 9580612))

table 4 : explain SELECT SUM(k) FROM sbtest4 WHERE id BETWEEN 6318364 AND 6319363
	Aggregate  (cost=3847.75..3847.76 rows=1 width=8)
	  ->  Bitmap Heap Scan on sbtest4  (cost=22.64..3845.26 rows=996 width=4)
	        Recheck Cond: ((id >= 6318364) AND (id <= 6319363))
	        ->  Bitmap Index Scan on sbtest4_pkey  (cost=0.00..22.39 rows=996 width=0)
	              Index Cond: ((id >= 6318364) AND (id <= 6319363))

table 5 : explain SELECT SUM(k) FROM sbtest5 WHERE id BETWEEN 7203959 AND 7204958
	Aggregate  (cost=4142.78..4142.79 rows=1 width=8)
	  ->  Bitmap Heap Scan on sbtest5  (cost=23.44..4140.09 rows=1074 width=4)
	        Recheck Cond: ((id >= 7203959) AND (id <= 7204958))
	        ->  Bitmap Index Scan on sbtest5_pkey  (cost=0.00..23.18 rows=1074 width=0)
	              Index Cond: ((id >= 7203959) AND (id <= 7204958))

table 6 : explain SELECT SUM(k) FROM sbtest6 WHERE id BETWEEN 2871049 AND 2872048
	Aggregate  (cost=4281.02..4281.03 rows=1 width=8)
	  ->  Bitmap Heap Scan on sbtest6  (cost=27.82..4278.24 rows=1111 width=4)
	        Recheck Cond: ((id >= 2871049) AND (id <= 2872048))
	        ->  Bitmap Index Scan on sbtest6_pkey  (cost=0.00..27.54 rows=1111 width=0)
	              Index Cond: ((id >= 2871049) AND (id <= 2872048))

table 7 : explain SELECT SUM(k) FROM sbtest7 WHERE id BETWEEN 6554610 AND 6555609
	Aggregate  (cost=3664.42..3664.43 rows=1 width=8)
	  ->  Bitmap Heap Scan on sbtest7  (cost=22.14..3662.05 rows=947 width=4)
	        Recheck Cond: ((id >= 6554610) AND (id <= 6555609))
	        ->  Bitmap Index Scan on sbtest7_pkey  (cost=0.00..21.90 rows=947 width=0)
	              Index Cond: ((id >= 6554610) AND (id <= 6555609))

table 8 : explain SELECT SUM(k) FROM sbtest8 WHERE id BETWEEN 9131997 AND 9132996
	Aggregate  (cost=3686.96..3686.97 rows=1 width=8)
	  ->  Bitmap Heap Scan on sbtest8  (cost=22.20..3684.58 rows=953 width=4)
	        Recheck Cond: ((id >= 9131997) AND (id <= 9132996))
	        ->  Bitmap Index Scan on sbtest8_pkey  (cost=0.00..21.96 rows=953 width=0)
	              Index Cond: ((id >= 9131997) AND (id <= 9132996))

for: sum_ranges
table 1 : explain SELECT SUM(k) FROM sbtest1 WHERE id BETWEEN 2817493 AND 2818492
	Aggregate  (cost=3912.00..3912.01 rows=1 width=8)
	  ->  Bitmap Heap Scan on sbtest1  (cost=22.82..3909.46 rows=1013 width=4)
	        Recheck Cond: ((id >= 2817493) AND (id <= 2818492))
	        ->  Bitmap Index Scan on sbtest1_pkey  (cost=0.00..22.57 rows=1013 width=0)
	              Index Cond: ((id >= 2817493) AND (id <= 2818492))

table 2 : explain SELECT SUM(k) FROM sbtest2 WHERE id BETWEEN 7602512 AND 7603511
	Aggregate  (cost=3591.19..3591.20 rows=1 width=8)
	  ->  Bitmap Heap Scan on sbtest2  (cost=21.95..3588.87 rows=928 width=4)
	        Recheck Cond: ((id >= 7602512) AND (id <= 7603511))
	        ->  Bitmap Index Scan on sbtest2_pkey  (cost=0.00..21.71 rows=928 width=0)
	              Index Cond: ((id >= 7602512) AND (id <= 7603511))

table 3 : explain SELECT SUM(k) FROM sbtest3 WHERE id BETWEEN 3068295 AND 3069294
	Aggregate  (cost=4231.73..4231.74 rows=1 width=8)
	  ->  Bitmap Heap Scan on sbtest3  (cost=27.69..4228.98 rows=1098 width=4)
	        Recheck Cond: ((id >= 3068295) AND (id <= 3069294))
	        ->  Bitmap Index Scan on sbtest3_pkey  (cost=0.00..27.41 rows=1098 width=0)
	              Index Cond: ((id >= 3068295) AND (id <= 3069294))

table 4 : explain SELECT SUM(k) FROM sbtest4 WHERE id BETWEEN 3021007 AND 3022006
	Aggregate  (cost=3862.82..3862.83 rows=1 width=8)
	  ->  Bitmap Heap Scan on sbtest4  (cost=22.68..3860.32 rows=1000 width=4)
	        Recheck Cond: ((id >= 3021007) AND (id <= 3022006))
	        ->  Bitmap Index Scan on sbtest4_pkey  (cost=0.00..22.43 rows=1000 width=0)
	              Index Cond: ((id >= 3021007) AND (id <= 3022006))

table 5 : explain SELECT SUM(k) FROM sbtest5 WHERE id BETWEEN 3583564 AND 3584563
	Aggregate  (cost=3980.98..3980.99 rows=1 width=8)
	  ->  Bitmap Heap Scan on sbtest5  (cost=23.00..3978.40 rows=1031 width=4)
	        Recheck Cond: ((id >= 3583564) AND (id <= 3584563))
	        ->  Bitmap Index Scan on sbtest5_pkey  (cost=0.00..22.75 rows=1031 width=0)
	              Index Cond: ((id >= 3583564) AND (id <= 3584563))

table 6 : explain SELECT SUM(k) FROM sbtest6 WHERE id BETWEEN 9969880 AND 9970879
	Aggregate  (cost=4032.70..4032.71 rows=1 width=8)
	  ->  Bitmap Heap Scan on sbtest6  (cost=23.15..4030.09 rows=1045 width=4)
	        Recheck Cond: ((id >= 9969880) AND (id <= 9970879))
	        ->  Bitmap Index Scan on sbtest6_pkey  (cost=0.00..22.89 rows=1045 width=0)
	              Index Cond: ((id >= 9969880) AND (id <= 9970879))

table 7 : explain SELECT SUM(k) FROM sbtest7 WHERE id BETWEEN 4738057 AND 4739056
	Aggregate  (cost=3936.01..3936.02 rows=1 width=8)
	  ->  Bitmap Heap Scan on sbtest7  (cost=22.88..3933.46 rows=1019 width=4)
	        Recheck Cond: ((id >= 4738057) AND (id <= 4739056))
	        ->  Bitmap Index Scan on sbtest7_pkey  (cost=0.00..22.62 rows=1019 width=0)
	              Index Cond: ((id >= 4738057) AND (id <= 4739056))

table 8 : explain SELECT SUM(k) FROM sbtest8 WHERE id BETWEEN 1835245 AND 1836244
	Aggregate  (cost=4176.96..4176.97 rows=1 width=8)
	  ->  Bitmap Heap Scan on sbtest8  (cost=27.53..4174.26 rows=1082 width=4)
	        Recheck Cond: ((id >= 1835245) AND (id <= 1836244))
	        ->  Bitmap Index Scan on sbtest8_pkey  (cost=0.00..27.25 rows=1082 width=0)
	              Index Cond: ((id >= 1835245) AND (id <= 1836244))

explain: for point_selects :: explain SELECT c FROM sbtest%u WHERE id=%u
for: order_ranges
table 1 : explain SELECT c FROM sbtest1 WHERE id BETWEEN 8570246 AND 8571245 ORDER BY c
	Sort  (cost=3853.01..3855.47 rows=985 width=121)
	  Sort Key: c
	  ->  Bitmap Heap Scan on sbtest1  (cost=22.53..3804.03 rows=985 width=121)
	        Recheck Cond: ((id >= 8570246) AND (id <= 8571245))
	        ->  Bitmap Index Scan on sbtest1_pkey  (cost=0.00..22.29 rows=985 width=0)
	              Index Cond: ((id >= 8570246) AND (id <= 8571245))

table 2 : explain SELECT c FROM sbtest2 WHERE id BETWEEN 6909065 AND 6910064 ORDER BY c
	Sort  (cost=3967.42..3969.96 rows=1015 width=121)
	  Sort Key: c
	  ->  Bitmap Heap Scan on sbtest2  (cost=22.84..3916.74 rows=1015 width=121)
	        Recheck Cond: ((id >= 6909065) AND (id <= 6910064))
	        ->  Bitmap Index Scan on sbtest2_pkey  (cost=0.00..22.58 rows=1015 width=0)
	              Index Cond: ((id >= 6909065) AND (id <= 6910064))

table 3 : explain SELECT c FROM sbtest3 WHERE id BETWEEN 9037042 AND 9038041 ORDER BY c
	Sort  (cost=4024.79..4027.37 rows=1030 width=121)
	  Sort Key: c
	  ->  Bitmap Heap Scan on sbtest3  (cost=22.99..3973.25 rows=1030 width=121)
	        Recheck Cond: ((id >= 9037042) AND (id <= 9038041))
	        ->  Bitmap Index Scan on sbtest3_pkey  (cost=0.00..22.73 rows=1030 width=0)
	              Index Cond: ((id >= 9037042) AND (id <= 9038041))

table 4 : explain SELECT c FROM sbtest4 WHERE id BETWEEN 6321925 AND 6322924 ORDER BY c
	Sort  (cost=3894.86..3897.35 rows=996 width=121)
	  Sort Key: c
	  ->  Bitmap Heap Scan on sbtest4  (cost=22.64..3845.26 rows=996 width=121)
	        Recheck Cond: ((id >= 6321925) AND (id <= 6322924))
	        ->  Bitmap Index Scan on sbtest4_pkey  (cost=0.00..22.39 rows=996 width=0)
	              Index Cond: ((id >= 6321925) AND (id <= 6322924))

table 5 : explain SELECT c FROM sbtest5 WHERE id BETWEEN 636165 AND 637164 ORDER BY c
	Sort  (cost=3942.10..3944.62 rows=1008 width=121)
	  Sort Key: c
	  ->  Bitmap Heap Scan on sbtest5  (cost=22.77..3891.82 rows=1008 width=121)
	        Recheck Cond: ((id >= 636165) AND (id <= 637164))
	        ->  Bitmap Index Scan on sbtest5_pkey  (cost=0.00..22.51 rows=1008 width=0)
	              Index Cond: ((id >= 636165) AND (id <= 637164))

table 6 : explain SELECT c FROM sbtest6 WHERE id BETWEEN 6494742 AND 6495741 ORDER BY c
	Sort  (cost=3834.12..3836.57 rows=980 width=121)
	  Sort Key: c
	  ->  Bitmap Heap Scan on sbtest6  (cost=22.48..3785.43 rows=980 width=121)
	        Recheck Cond: ((id >= 6494742) AND (id <= 6495741))
	        ->  Bitmap Index Scan on sbtest6_pkey  (cost=0.00..22.23 rows=980 width=0)
	              Index Cond: ((id >= 6494742) AND (id <= 6495741))

table 7 : explain SELECT c FROM sbtest7 WHERE id BETWEEN 4232236 AND 4233235 ORDER BY c
	Sort  (cost=3708.87..3711.23 rows=947 width=121)
	  Sort Key: c
	  ->  Bitmap Heap Scan on sbtest7  (cost=22.14..3662.05 rows=947 width=121)
	        Recheck Cond: ((id >= 4232236) AND (id <= 4233235))
	        ->  Bitmap Index Scan on sbtest7_pkey  (cost=0.00..21.90 rows=947 width=0)
	              Index Cond: ((id >= 4232236) AND (id <= 4233235))

table 8 : explain SELECT c FROM sbtest8 WHERE id BETWEEN 7020076 AND 7021075 ORDER BY c
	Sort  (cost=3919.26..3921.76 rows=1002 width=121)
	  Sort Key: c
	  ->  Bitmap Heap Scan on sbtest8  (cost=22.71..3869.31 rows=1002 width=121)
	        Recheck Cond: ((id >= 7020076) AND (id <= 7021075))
	        ->  Bitmap Index Scan on sbtest8_pkey  (cost=0.00..22.45 rows=1002 width=0)
	              Index Cond: ((id >= 7020076) AND (id <= 7021075))

for: sum_ranges
table 1 : explain SELECT SUM(k) FROM sbtest1 WHERE id BETWEEN 8348815 AND 8349814
	Aggregate  (cost=3878.10..3878.11 rows=1 width=8)
	  ->  Bitmap Heap Scan on sbtest1  (cost=22.73..3875.59 rows=1004 width=4)
	        Recheck Cond: ((id >= 8348815) AND (id <= 8349814))
	        ->  Bitmap Index Scan on sbtest1_pkey  (cost=0.00..22.47 rows=1004 width=0)
	              Index Cond: ((id >= 8348815) AND (id <= 8349814))

table 2 : explain SELECT SUM(k) FROM sbtest2 WHERE id BETWEEN 9690494 AND 9691493
	Aggregate  (cost=4039.70..4039.71 rows=1 width=8)
	  ->  Bitmap Heap Scan on sbtest2  (cost=23.17..4037.09 rows=1047 width=4)
	        Recheck Cond: ((id >= 9690494) AND (id <= 9691493))
	        ->  Bitmap Index Scan on sbtest2_pkey  (cost=0.00..22.90 rows=1047 width=0)
	              Index Cond: ((id >= 9690494) AND (id <= 9691493))

table 3 : explain SELECT SUM(k) FROM sbtest3 WHERE id BETWEEN 9416463 AND 9417462
	Aggregate  (cost=4020.98..4020.99 rows=1 width=8)
	  ->  Bitmap Heap Scan on sbtest3  (cost=23.12..4018.37 rows=1042 width=4)
	        Recheck Cond: ((id >= 9416463) AND (id <= 9417462))
	        ->  Bitmap Index Scan on sbtest3_pkey  (cost=0.00..22.86 rows=1042 width=0)
	              Index Cond: ((id >= 9416463) AND (id <= 9417462))

table 4 : explain SELECT SUM(k) FROM sbtest4 WHERE id BETWEEN 8390550 AND 8391549
	Aggregate  (cost=3832.68..3832.69 rows=1 width=8)
	  ->  Bitmap Heap Scan on sbtest4  (cost=22.60..3830.20 rows=992 width=4)
	        Recheck Cond: ((id >= 8390550) AND (id <= 8391549))
	        ->  Bitmap Index Scan on sbtest4_pkey  (cost=0.00..22.36 rows=992 width=0)
	              Index Cond: ((id >= 8390550) AND (id <= 8391549))

table 5 : explain SELECT SUM(k) FROM sbtest5 WHERE id BETWEEN 380281 AND 381280
	Aggregate  (cost=3762.36..3762.37 rows=1 width=8)
	  ->  Bitmap Heap Scan on sbtest5  (cost=22.41..3759.93 rows=973 width=4)
	        Recheck Cond: ((id >= 380281) AND (id <= 381280))
	        ->  Bitmap Index Scan on sbtest5_pkey  (cost=0.00..22.16 rows=973 width=0)
	              Index Cond: ((id >= 380281) AND (id <= 381280))

table 6 : explain SELECT SUM(k) FROM sbtest6 WHERE id BETWEEN 1132168 AND 1133167
	Aggregate  (cost=3360.93..3360.94 rows=1 width=8)
	  ->  Bitmap Heap Scan on sbtest6  (cost=21.32..3358.77 rows=867 width=4)
	        Recheck Cond: ((id >= 1132168) AND (id <= 1133167))
	        ->  Bitmap Index Scan on sbtest6_pkey  (cost=0.00..21.11 rows=867 width=0)
	              Index Cond: ((id >= 1132168) AND (id <= 1133167))

table 7 : explain SELECT SUM(k) FROM sbtest7 WHERE id BETWEEN 5505386 AND 5506385
	Aggregate  (cost=4109.17..4109.18 rows=1 width=8)
	  ->  Bitmap Heap Scan on sbtest7  (cost=23.35..4106.51 rows=1065 width=4)
	        Recheck Cond: ((id >= 5505386) AND (id <= 5506385))
	        ->  Bitmap Index Scan on sbtest7_pkey  (cost=0.00..23.08 rows=1065 width=0)
	              Index Cond: ((id >= 5505386) AND (id <= 5506385))

table 8 : explain SELECT SUM(k) FROM sbtest8 WHERE id BETWEEN 203384 AND 204383
	Aggregate  (cost=3335.23..3335.24 rows=1 width=8)
	  ->  Bitmap Heap Scan on sbtest8  (cost=21.25..3333.08 rows=860 width=4)
	        Recheck Cond: ((id >= 203384) AND (id <= 204383))
	        ->  Bitmap Index Scan on sbtest8_pkey  (cost=0.00..21.04 rows=860 width=0)
	              Index Cond: ((id >= 203384) AND (id <= 204383))

for: simple_ranges
table 1 : explain SELECT c FROM sbtest1 WHERE id BETWEEN 1934418 AND 1935417
	Bitmap Heap Scan on sbtest1  (cost=22.57..3819.10 rows=989 width=121)
	  Recheck Cond: ((id >= 1934418) AND (id <= 1935417))
	  ->  Bitmap Index Scan on sbtest1_pkey  (cost=0.00..22.32 rows=989 width=0)
	        Index Cond: ((id >= 1934418) AND (id <= 1935417))

table 2 : explain SELECT c FROM sbtest2 WHERE id BETWEEN 9181787 AND 9182786
	Bitmap Heap Scan on sbtest2  (cost=21.80..3536.01 rows=914 width=121)
	  Recheck Cond: ((id >= 9181787) AND (id <= 9182786))
	  ->  Bitmap Index Scan on sbtest2_pkey  (cost=0.00..21.57 rows=914 width=0)
	        Index Cond: ((id >= 9181787) AND (id <= 9182786))

table 3 : explain SELECT c FROM sbtest3 WHERE id BETWEEN 9967955 AND 9968954
	Bitmap Heap Scan on sbtest3  (cost=22.03..3619.13 rows=936 width=121)
	  Recheck Cond: ((id >= 9967955) AND (id <= 9968954))
	  ->  Bitmap Index Scan on sbtest3_pkey  (cost=0.00..21.79 rows=936 width=0)
	        Index Cond: ((id >= 9967955) AND (id <= 9968954))

table 4 : explain SELECT c FROM sbtest4 WHERE id BETWEEN 2043923 AND 2044922
	Bitmap Heap Scan on sbtest4  (cost=22.47..3781.23 rows=979 width=121)
	  Recheck Cond: ((id >= 2043923) AND (id <= 2044922))
	  ->  Bitmap Index Scan on sbtest4_pkey  (cost=0.00..22.22 rows=979 width=0)
	        Index Cond: ((id >= 2043923) AND (id <= 2044922))

table 5 : explain SELECT c FROM sbtest5 WHERE id BETWEEN 4896489 AND 4897488
	Bitmap Heap Scan on sbtest5  (cost=22.07..3635.43 rows=940 width=121)
	  Recheck Cond: ((id >= 4896489) AND (id <= 4897488))
	  ->  Bitmap Index Scan on sbtest5_pkey  (cost=0.00..21.83 rows=940 width=0)
	        Index Cond: ((id >= 4896489) AND (id <= 4897488))

table 6 : explain SELECT c FROM sbtest6 WHERE id BETWEEN 7101405 AND 7102404
	Bitmap Heap Scan on sbtest6  (cost=22.34..3732.66 rows=966 width=121)
	  Recheck Cond: ((id >= 7101405) AND (id <= 7102404))
	  ->  Bitmap Index Scan on sbtest6_pkey  (cost=0.00..22.09 rows=966 width=0)
	        Index Cond: ((id >= 7101405) AND (id <= 7102404))

table 7 : explain SELECT c FROM sbtest7 WHERE id BETWEEN 8437193 AND 8438192
	Bitmap Heap Scan on sbtest7  (cost=22.79..3899.57 rows=1010 width=121)
	  Recheck Cond: ((id >= 8437193) AND (id <= 8438192))
	  ->  Bitmap Index Scan on sbtest7_pkey  (cost=0.00..22.54 rows=1010 width=0)
	        Index Cond: ((id >= 8437193) AND (id <= 8438192))

table 8 : explain SELECT c FROM sbtest8 WHERE id BETWEEN 6884266 AND 6885265
	Bitmap Heap Scan on sbtest8  (cost=22.09..3643.07 rows=942 width=121)
	  Recheck Cond: ((id >= 6884266) AND (id <= 6885265))
	  ->  Bitmap Index Scan on sbtest8_pkey  (cost=0.00..21.86 rows=942 width=0)
	        Index Cond: ((id >= 6884266) AND (id <= 6885265))

explain: for point_selects :: explain SELECT c FROM sbtest%u WHERE id=%u
for: order_ranges
table 1 : explain SELECT c FROM sbtest1 WHERE id BETWEEN 8434826 AND 8435825 ORDER BY c
	Sort  (cost=3680.79..3683.14 rows=940 width=121)
	  Sort Key: c
	  ->  Bitmap Heap Scan on sbtest1  (cost=22.07..3634.37 rows=940 width=121)
	        Recheck Cond: ((id >= 8434826) AND (id <= 8435825))
	        ->  Bitmap Index Scan on sbtest1_pkey  (cost=0.00..21.83 rows=940 width=0)
	              Index Cond: ((id >= 8434826) AND (id <= 8435825))

table 2 : explain SELECT c FROM sbtest2 WHERE id BETWEEN 4947902 AND 4948901 ORDER BY c
	Sort  (cost=3913.93..3916.43 rows=1001 width=121)
	  Sort Key: c
	  ->  Bitmap Heap Scan on sbtest2  (cost=22.70..3864.04 rows=1001 width=121)
	        Recheck Cond: ((id >= 4947902) AND (id <= 4948901))
	        ->  Bitmap Index Scan on sbtest2_pkey  (cost=0.00..22.44 rows=1001 width=0)
	              Index Cond: ((id >= 4947902) AND (id <= 4948901))

table 3 : explain SELECT c FROM sbtest3 WHERE id BETWEEN 4509095 AND 4510094 ORDER BY c
	Sort  (cost=3940.76..3943.28 rows=1008 width=121)
	  Sort Key: c
	  ->  Bitmap Heap Scan on sbtest3  (cost=22.77..3890.47 rows=1008 width=121)
	        Recheck Cond: ((id >= 4509095) AND (id <= 4510094))
	        ->  Bitmap Index Scan on sbtest3_pkey  (cost=0.00..22.51 rows=1008 width=0)
	              Index Cond: ((id >= 4509095) AND (id <= 4510094))

table 4 : explain SELECT c FROM sbtest4 WHERE id BETWEEN 9113257 AND 9114256 ORDER BY c
	Sort  (cost=3971.29..3973.83 rows=1016 width=121)
	  Sort Key: c
	  ->  Bitmap Heap Scan on sbtest4  (cost=22.85..3920.55 rows=1016 width=121)
	        Recheck Cond: ((id >= 9113257) AND (id <= 9114256))
	        ->  Bitmap Index Scan on sbtest4_pkey  (cost=0.00..22.59 rows=1016 width=0)
	              Index Cond: ((id >= 9113257) AND (id <= 9114256))

table 5 : explain SELECT c FROM sbtest5 WHERE id BETWEEN 2403887 AND 2404886 ORDER BY c
	Sort  (cost=3586.02..3588.31 rows=915 width=121)
	  Sort Key: c
	  ->  Bitmap Heap Scan on sbtest5  (cost=21.81..3541.02 rows=915 width=121)
	        Recheck Cond: ((id >= 2403887) AND (id <= 2404886))
	        ->  Bitmap Index Scan on sbtest5_pkey  (cost=0.00..21.58 rows=915 width=0)
	              Index Cond: ((id >= 2403887) AND (id <= 2404886))

table 6 : explain SELECT c FROM sbtest6 WHERE id BETWEEN 7577134 AND 7578133 ORDER BY c
	Sort  (cost=4216.02..4218.72 rows=1080 width=121)
	  Sort Key: c
	  ->  Bitmap Heap Scan on sbtest6  (cost=23.50..4161.61 rows=1080 width=121)
	        Recheck Cond: ((id >= 7577134) AND (id <= 7578133))
	        ->  Bitmap Index Scan on sbtest6_pkey  (cost=0.00..23.23 rows=1080 width=0)
	              Index Cond: ((id >= 7577134) AND (id <= 7578133))

table 7 : explain SELECT c FROM sbtest7 WHERE id BETWEEN 1335629 AND 1336628 ORDER BY c
	Sort  (cost=3647.56..3649.88 rows=931 width=121)
	  Sort Key: c
	  ->  Bitmap Heap Scan on sbtest7  (cost=21.98..3601.65 rows=931 width=121)
	        Recheck Cond: ((id >= 1335629) AND (id <= 1336628))
	        ->  Bitmap Index Scan on sbtest7_pkey  (cost=0.00..21.75 rows=931 width=0)
	              Index Cond: ((id >= 1335629) AND (id <= 1336628))

table 8 : explain SELECT c FROM sbtest8 WHERE id BETWEEN 7220614 AND 7221613 ORDER BY c
	Sort  (cost=4594.51..4597.46 rows=1179 width=121)
	  Sort Key: c
	  ->  Bitmap Heap Scan on sbtest8  (cost=28.52..4534.36 rows=1179 width=121)
	        Recheck Cond: ((id >= 7220614) AND (id <= 7221613))
	        ->  Bitmap Index Scan on sbtest8_pkey  (cost=0.00..28.22 rows=1179 width=0)
	              Index Cond: ((id >= 7220614) AND (id <= 7221613))

explain: for point_selects :: explain SELECT c FROM sbtest%u WHERE id=%u
for: order_ranges
table 1 : explain SELECT c FROM sbtest1 WHERE id BETWEEN 967676 AND 968675 ORDER BY c
	Sort  (cost=3956.21..3958.74 rows=1012 width=121)
	  Sort Key: c
	  ->  Bitmap Heap Scan on sbtest1  (cost=22.81..3905.70 rows=1012 width=121)
	        Recheck Cond: ((id >= 967676) AND (id <= 968675))
	        ->  Bitmap Index Scan on sbtest1_pkey  (cost=0.00..22.55 rows=1012 width=0)
	              Index Cond: ((id >= 967676) AND (id <= 968675))

table 2 : explain SELECT c FROM sbtest2 WHERE id BETWEEN 1583819 AND 1584818 ORDER BY c
	Sort  (cost=4459.49..4462.35 rows=1144 width=121)
	  Sort Key: c
	  ->  Bitmap Heap Scan on sbtest2  (cost=28.16..4401.38 rows=1144 width=121)
	        Recheck Cond: ((id >= 1583819) AND (id <= 1584818))
	        ->  Bitmap Index Scan on sbtest2_pkey  (cost=0.00..27.87 rows=1144 width=0)
	              Index Cond: ((id >= 1583819) AND (id <= 1584818))

table 3 : explain SELECT c FROM sbtest3 WHERE id BETWEEN 5238447 AND 5239446 ORDER BY c
	Sort  (cost=3914.01..3916.51 rows=1001 width=121)
	  Sort Key: c
	  ->  Bitmap Heap Scan on sbtest3  (cost=22.70..3864.12 rows=1001 width=121)
	        Recheck Cond: ((id >= 5238447) AND (id <= 5239446))
	        ->  Bitmap Index Scan on sbtest3_pkey  (cost=0.00..22.44 rows=1001 width=0)
	              Index Cond: ((id >= 5238447) AND (id <= 5239446))

table 4 : explain SELECT c FROM sbtest4 WHERE id BETWEEN 4992045 AND 4993044 ORDER BY c
	Sort  (cost=3695.93..3698.29 rows=944 width=121)
	  Sort Key: c
	  ->  Bitmap Heap Scan on sbtest4  (cost=22.11..3649.28 rows=944 width=121)
	        Recheck Cond: ((id >= 4992045) AND (id <= 4993044))
	        ->  Bitmap Index Scan on sbtest4_pkey  (cost=0.00..21.87 rows=944 width=0)
	              Index Cond: ((id >= 4992045) AND (id <= 4993044))

table 5 : explain SELECT c FROM sbtest5 WHERE id BETWEEN 1882322 AND 1883321 ORDER BY c
	Sort  (cost=4049.10..4051.69 rows=1036 width=121)
	  Sort Key: c
	  ->  Bitmap Heap Scan on sbtest5  (cost=23.05..3997.21 rows=1036 width=121)
	        Recheck Cond: ((id >= 1882322) AND (id <= 1883321))
	        ->  Bitmap Index Scan on sbtest5_pkey  (cost=0.00..22.79 rows=1036 width=0)
	              Index Cond: ((id >= 1882322) AND (id <= 1883321))

table 6 : explain SELECT c FROM sbtest6 WHERE id BETWEEN 2901309 AND 2902308 ORDER BY c
	Sort  (cost=4334.44..4337.22 rows=1111 width=121)
	  Sort Key: c
	  ->  Bitmap Heap Scan on sbtest6  (cost=27.82..4278.24 rows=1111 width=121)
	        Recheck Cond: ((id >= 2901309) AND (id <= 2902308))
	        ->  Bitmap Index Scan on sbtest6_pkey  (cost=0.00..27.54 rows=1111 width=0)
	              Index Cond: ((id >= 2901309) AND (id <= 2902308))

table 7 : explain SELECT c FROM sbtest7 WHERE id BETWEEN 6652090 AND 6653089 ORDER BY c
	Sort  (cost=3938.50..3941.02 rows=1007 width=121)
	  Sort Key: c
	  ->  Bitmap Heap Scan on sbtest7  (cost=22.76..3888.27 rows=1007 width=121)
	        Recheck Cond: ((id >= 6652090) AND (id <= 6653089))
	        ->  Bitmap Index Scan on sbtest7_pkey  (cost=0.00..22.50 rows=1007 width=0)
	              Index Cond: ((id >= 6652090) AND (id <= 6653089))

table 8 : explain SELECT c FROM sbtest8 WHERE id BETWEEN 3049784 AND 3050783 ORDER BY c
	Sort  (cost=4366.11..4368.91 rows=1119 width=121)
	  Sort Key: c
	  ->  Bitmap Heap Scan on sbtest8  (cost=27.90..4309.44 rows=1119 width=121)
	        Recheck Cond: ((id >= 3049784) AND (id <= 3050783))
	        ->  Bitmap Index Scan on sbtest8_pkey  (cost=0.00..27.62 rows=1119 width=0)
	              Index Cond: ((id >= 3049784) AND (id <= 3050783))

for point_selects
table 1 : explain SELECT c FROM sbtest1 WHERE id=2934354
	Index Scan using sbtest1_pkey on sbtest1  (cost=0.43..8.45 rows=1 width=121)
	  Index Cond: (id = 2934354)

table 2 : explain SELECT c FROM sbtest2 WHERE id=151836
	Index Scan using sbtest2_pkey on sbtest2  (cost=0.43..8.45 rows=1 width=121)
	  Index Cond: (id = 151836)

table 3 : explain SELECT c FROM sbtest3 WHERE id=421080
	Index Scan using sbtest3_pkey on sbtest3  (cost=0.43..8.45 rows=1 width=121)
	  Index Cond: (id = 421080)

table 4 : explain SELECT c FROM sbtest4 WHERE id=2906184
	Index Scan using sbtest4_pkey on sbtest4  (cost=0.43..8.45 rows=1 width=121)
	  Index Cond: (id = 2906184)

table 5 : explain SELECT c FROM sbtest5 WHERE id=1153427
	Index Scan using sbtest5_pkey on sbtest5  (cost=0.43..8.45 rows=1 width=121)
	  Index Cond: (id = 1153427)

table 6 : explain SELECT c FROM sbtest6 WHERE id=4313893
	Index Scan using sbtest6_pkey on sbtest6  (cost=0.43..8.45 rows=1 width=121)
	  Index Cond: (id = 4313893)

table 7 : explain SELECT c FROM sbtest7 WHERE id=7594851
	Index Scan using sbtest7_pkey on sbtest7  (cost=0.43..8.45 rows=1 width=121)
	  Index Cond: (id = 7594851)

table 8 : explain SELECT c FROM sbtest8 WHERE id=4921764
	Index Scan using sbtest8_pkey on sbtest8  (cost=0.43..8.45 rows=1 width=121)
	  Index Cond: (id = 4921764)

for: sum_ranges
table 1 : explain SELECT SUM(k) FROM sbtest1 WHERE id BETWEEN 5864588 AND 5865587
	Aggregate  (cost=4133.97..4133.98 rows=1 width=8)
	  ->  Bitmap Heap Scan on sbtest1  (cost=23.42..4131.29 rows=1072 width=4)
	        Recheck Cond: ((id >= 5864588) AND (id <= 5865587))
	        ->  Bitmap Index Scan on sbtest1_pkey  (cost=0.00..23.15 rows=1072 width=0)
	              Index Cond: ((id >= 5864588) AND (id <= 5865587))

table 2 : explain SELECT SUM(k) FROM sbtest2 WHERE id BETWEEN 2051808 AND 2052807
	Aggregate  (cost=3761.01..3761.02 rows=1 width=8)
	  ->  Bitmap Heap Scan on sbtest2  (cost=22.41..3758.58 rows=973 width=4)
	        Recheck Cond: ((id >= 2051808) AND (id <= 2052807))
	        ->  Bitmap Index Scan on sbtest2_pkey  (cost=0.00..22.16 rows=973 width=0)
	              Index Cond: ((id >= 2051808) AND (id <= 2052807))

table 3 : explain SELECT SUM(k) FROM sbtest3 WHERE id BETWEEN 3654329 AND 3655328
	Aggregate  (cost=3742.23..3742.24 rows=1 width=8)
	  ->  Bitmap Heap Scan on sbtest3  (cost=22.36..3739.81 rows=968 width=4)
	        Recheck Cond: ((id >= 3654329) AND (id <= 3655328))
	        ->  Bitmap Index Scan on sbtest3_pkey  (cost=0.00..22.11 rows=968 width=0)
	              Index Cond: ((id >= 3654329) AND (id <= 3655328))

table 4 : explain SELECT SUM(k) FROM sbtest4 WHERE id BETWEEN 1734784 AND 1735783
	Aggregate  (cost=3930.62..3930.63 rows=1 width=8)
	  ->  Bitmap Heap Scan on sbtest4  (cost=22.87..3928.07 rows=1018 width=4)
	        Recheck Cond: ((id >= 1734784) AND (id <= 1735783))
	        ->  Bitmap Index Scan on sbtest4_pkey  (cost=0.00..22.61 rows=1018 width=0)
	              Index Cond: ((id >= 1734784) AND (id <= 1735783))

table 5 : explain SELECT SUM(k) FROM sbtest5 WHERE id BETWEEN 7284111 AND 7285110
	Aggregate  (cost=4150.30..4150.31 rows=1 width=8)
	  ->  Bitmap Heap Scan on sbtest5  (cost=23.46..4147.61 rows=1076 width=4)
	        Recheck Cond: ((id >= 7284111) AND (id <= 7285110))
	        ->  Bitmap Index Scan on sbtest5_pkey  (cost=0.00..23.19 rows=1076 width=0)
	              Index Cond: ((id >= 7284111) AND (id <= 7285110))

table 6 : explain SELECT SUM(k) FROM sbtest6 WHERE id BETWEEN 9424909 AND 9425908
	Aggregate  (cost=4051.51..4051.52 rows=1 width=8)
	  ->  Bitmap Heap Scan on sbtest6  (cost=23.20..4048.89 rows=1050 width=4)
	        Recheck Cond: ((id >= 9424909) AND (id <= 9425908))
	        ->  Bitmap Index Scan on sbtest6_pkey  (cost=0.00..22.93 rows=1050 width=0)
	              Index Cond: ((id >= 9424909) AND (id <= 9425908))

table 7 : explain SELECT SUM(k) FROM sbtest7 WHERE id BETWEEN 9765585 AND 9766584
	Aggregate  (cost=4094.12..4094.13 rows=1 width=8)
	  ->  Bitmap Heap Scan on sbtest7  (cost=23.31..4091.47 rows=1061 width=4)
	        Recheck Cond: ((id >= 9765585) AND (id <= 9766584))
	        ->  Bitmap Index Scan on sbtest7_pkey  (cost=0.00..23.04 rows=1061 width=0)
	              Index Cond: ((id >= 9765585) AND (id <= 9766584))

table 8 : explain SELECT SUM(k) FROM sbtest8 WHERE id BETWEEN 1348031 AND 1349030
	Aggregate  (cost=3796.40..3796.41 rows=1 width=8)
	  ->  Bitmap Heap Scan on sbtest8  (cost=22.50..3793.95 rows=982 width=4)
	        Recheck Cond: ((id >= 1348031) AND (id <= 1349030))
	        ->  Bitmap Index Scan on sbtest8_pkey  (cost=0.00..22.25 rows=982 width=0)
	              Index Cond: ((id >= 1348031) AND (id <= 1349030))

for point_selects
table 1 : explain SELECT c FROM sbtest1 WHERE id=6554608
	Index Scan using sbtest1_pkey on sbtest1  (cost=0.43..8.45 rows=1 width=121)
	  Index Cond: (id = 6554608)

table 2 : explain SELECT c FROM sbtest2 WHERE id=6812567
	Index Scan using sbtest2_pkey on sbtest2  (cost=0.43..8.45 rows=1 width=121)
	  Index Cond: (id = 6812567)

table 3 : explain SELECT c FROM sbtest3 WHERE id=9497619
	Index Scan using sbtest3_pkey on sbtest3  (cost=0.43..8.45 rows=1 width=121)
	  Index Cond: (id = 9497619)

table 4 : explain SELECT c FROM sbtest4 WHERE id=5915082
	Index Scan using sbtest4_pkey on sbtest4  (cost=0.43..8.45 rows=1 width=121)
	  Index Cond: (id = 5915082)

table 5 : explain SELECT c FROM sbtest5 WHERE id=8680667
	Index Scan using sbtest5_pkey on sbtest5  (cost=0.43..8.45 rows=1 width=121)
	  Index Cond: (id = 8680667)

table 6 : explain SELECT c FROM sbtest6 WHERE id=798981
	Index Scan using sbtest6_pkey on sbtest6  (cost=0.43..8.45 rows=1 width=121)
	  Index Cond: (id = 798981)

table 7 : explain SELECT c FROM sbtest7 WHERE id=21171
	Index Scan using sbtest7_pkey on sbtest7  (cost=0.43..8.45 rows=1 width=121)
	  Index Cond: (id = 21171)

table 8 : explain SELECT c FROM sbtest8 WHERE id=3505009
	Index Scan using sbtest8_pkey on sbtest8  (cost=0.43..8.45 rows=1 width=121)
	  Index Cond: (id = 3505009)

for: distinct_ranges
table 1 : explain SELECT DISTINCT c FROM sbtest1 WHERE id BETWEEN 8075177 AND 8076176 ORDER BY c
	Unique  (cost=3772.67..3777.49 rows=964 width=121)
	  ->  Sort  (cost=3772.67..3775.08 rows=964 width=121)
	        Sort Key: c
	        ->  Bitmap Heap Scan on sbtest1  (cost=22.32..3724.89 rows=964 width=121)
	              Recheck Cond: ((id >= 8075177) AND (id <= 8076176))
	              ->  Bitmap Index Scan on sbtest1_pkey  (cost=0.00..22.07 rows=964 width=0)
	                    Index Cond: ((id >= 8075177) AND (id <= 8076176))

table 2 : explain SELECT DISTINCT c FROM sbtest2 WHERE id BETWEEN 7138119 AND 7139118 ORDER BY c
	Unique  (cost=4020.89..4026.04 rows=1029 width=121)
	  ->  Sort  (cost=4020.89..4023.46 rows=1029 width=121)
	        Sort Key: c
	        ->  Bitmap Heap Scan on sbtest2  (cost=22.98..3969.41 rows=1029 width=121)
	              Recheck Cond: ((id >= 7138119) AND (id <= 7139118))
	              ->  Bitmap Index Scan on sbtest2_pkey  (cost=0.00..22.72 rows=1029 width=0)
	                    Index Cond: ((id >= 7138119) AND (id <= 7139118))

table 3 : explain SELECT DISTINCT c FROM sbtest3 WHERE id BETWEEN 2928374 AND 2929373 ORDER BY c
	Unique  (cost=4013.34..4018.47 rows=1027 width=121)
	  ->  Sort  (cost=4013.34..4015.90 rows=1027 width=121)
	        Sort Key: c
	        ->  Bitmap Heap Scan on sbtest3  (cost=22.96..3961.96 rows=1027 width=121)
	              Recheck Cond: ((id >= 2928374) AND (id <= 2929373))
	              ->  Bitmap Index Scan on sbtest3_pkey  (cost=0.00..22.70 rows=1027 width=0)
	                    Index Cond: ((id >= 2928374) AND (id <= 2929373))

table 4 : explain SELECT DISTINCT c FROM sbtest4 WHERE id BETWEEN 4970089 AND 4971088 ORDER BY c
	Unique  (cost=3603.99..3608.59 rows=920 width=121)
	  ->  Sort  (cost=3603.99..3606.29 rows=920 width=121)
	        Sort Key: c
	        ->  Bitmap Heap Scan on sbtest4  (cost=21.87..3558.71 rows=920 width=121)
	              Recheck Cond: ((id >= 4970089) AND (id <= 4971088))
	              ->  Bitmap Index Scan on sbtest4_pkey  (cost=0.00..21.64 rows=920 width=0)
	                    Index Cond: ((id >= 4970089) AND (id <= 4971088))

table 5 : explain SELECT DISTINCT c FROM sbtest5 WHERE id BETWEEN 4015615 AND 4016614 ORDER BY c
	Unique  (cost=3900.04..3905.03 rows=997 width=121)
	  ->  Sort  (cost=3900.04..3902.53 rows=997 width=121)
	        Sort Key: c
	        ->  Bitmap Heap Scan on sbtest5  (cost=22.65..3850.38 rows=997 width=121)
	              Recheck Cond: ((id >= 4015615) AND (id <= 4016614))
	              ->  Bitmap Index Scan on sbtest5_pkey  (cost=0.00..22.40 rows=997 width=0)
	                    Index Cond: ((id >= 4015615) AND (id <= 4016614))

table 6 : explain SELECT DISTINCT c FROM sbtest6 WHERE id BETWEEN 861270 AND 862269 ORDER BY c
	Unique  (cost=3673.36..3678.05 rows=938 width=121)
	  ->  Sort  (cost=3673.36..3675.70 rows=938 width=121)
	        Sort Key: c
	        ->  Bitmap Heap Scan on sbtest6  (cost=22.05..3627.05 rows=938 width=121)
	              Recheck Cond: ((id >= 861270) AND (id <= 862269))
	              ->  Bitmap Index Scan on sbtest6_pkey  (cost=0.00..21.82 rows=938 width=0)
	                    Index Cond: ((id >= 861270) AND (id <= 862269))

table 7 : explain SELECT DISTINCT c FROM sbtest7 WHERE id BETWEEN 7939664 AND 7940663 ORDER BY c
	Unique  (cost=4137.16..4142.45 rows=1059 width=121)
	  ->  Sort  (cost=4137.16..4139.81 rows=1059 width=121)
	        Sort Key: c
	        ->  Bitmap Heap Scan on sbtest7  (cost=23.29..4083.95 rows=1059 width=121)
	              Recheck Cond: ((id >= 7939664) AND (id <= 7940663))
	              ->  Bitmap Index Scan on sbtest7_pkey  (cost=0.00..23.02 rows=1059 width=0)
	                    Index Cond: ((id >= 7939664) AND (id <= 7940663))

table 8 : explain SELECT DISTINCT c FROM sbtest8 WHERE id BETWEEN 4030598 AND 4031597 ORDER BY c
	Unique  (cost=3701.09..3705.82 rows=945 width=121)
	  ->  Sort  (cost=3701.09..3703.45 rows=945 width=121)
	        Sort Key: c
	        ->  Bitmap Heap Scan on sbtest8  (cost=22.12..3654.39 rows=945 width=121)
	              Recheck Cond: ((id >= 4030598) AND (id <= 4031597))
	              ->  Bitmap Index Scan on sbtest8_pkey  (cost=0.00..21.89 rows=945 width=0)
	                    Index Cond: ((id >= 4030598) AND (id <= 4031597))

for: sum_ranges
table 1 : explain SELECT SUM(k) FROM sbtest1 WHERE id BETWEEN 2950174 AND 2951173
	Aggregate  (cost=3847.95..3847.96 rows=1 width=8)
	  ->  Bitmap Heap Scan on sbtest1  (cost=22.64..3845.46 rows=996 width=4)
	        Recheck Cond: ((id >= 2950174) AND (id <= 2951173))
	        ->  Bitmap Index Scan on sbtest1_pkey  (cost=0.00..22.39 rows=996 width=0)
	              Index Cond: ((id >= 2950174) AND (id <= 2951173))

table 2 : explain SELECT SUM(k) FROM sbtest2 WHERE id BETWEEN 776369 AND 777368
	Aggregate  (cost=4099.87..4099.88 rows=1 width=8)
	  ->  Bitmap Heap Scan on sbtest2  (cost=23.33..4097.21 rows=1063 width=4)
	        Recheck Cond: ((id >= 776369) AND (id <= 777368))
	        ->  Bitmap Index Scan on sbtest2_pkey  (cost=0.00..23.07 rows=1063 width=0)
	              Index Cond: ((id >= 776369) AND (id <= 777368))

table 3 : explain SELECT SUM(k) FROM sbtest3 WHERE id BETWEEN 6071293 AND 6072292
	Aggregate  (cost=3919.35..3919.36 rows=1 width=8)
	  ->  Bitmap Heap Scan on sbtest3  (cost=22.84..3916.82 rows=1015 width=4)
	        Recheck Cond: ((id >= 6071293) AND (id <= 6072292))
	        ->  Bitmap Index Scan on sbtest3_pkey  (cost=0.00..22.58 rows=1015 width=0)
	              Index Cond: ((id >= 6071293) AND (id <= 6072292))

table 4 : explain SELECT SUM(k) FROM sbtest4 WHERE id BETWEEN 1733893 AND 1734892
	Aggregate  (cost=3930.62..3930.63 rows=1 width=8)
	  ->  Bitmap Heap Scan on sbtest4  (cost=22.87..3928.07 rows=1018 width=4)
	        Recheck Cond: ((id >= 1733893) AND (id <= 1734892))
	        ->  Bitmap Index Scan on sbtest4_pkey  (cost=0.00..22.61 rows=1018 width=0)
	              Index Cond: ((id >= 1733893) AND (id <= 1734892))

table 5 : explain SELECT SUM(k) FROM sbtest5 WHERE id BETWEEN 5443460 AND 5444459
	Aggregate  (cost=4112.69..4112.70 rows=1 width=8)
	  ->  Bitmap Heap Scan on sbtest5  (cost=23.36..4110.03 rows=1066 width=4)
	        Recheck Cond: ((id >= 5443460) AND (id <= 5444459))
	        ->  Bitmap Index Scan on sbtest5_pkey  (cost=0.00..23.09 rows=1066 width=0)
	              Index Cond: ((id >= 5443460) AND (id <= 5444459))

table 6 : explain SELECT SUM(k) FROM sbtest6 WHERE id BETWEEN 668575 AND 669574
	Aggregate  (cost=3655.83..3655.84 rows=1 width=8)
	  ->  Bitmap Heap Scan on sbtest6  (cost=22.12..3653.46 rows=945 width=4)
	        Recheck Cond: ((id >= 668575) AND (id <= 669574))
	        ->  Bitmap Index Scan on sbtest6_pkey  (cost=0.00..21.89 rows=945 width=0)
	              Index Cond: ((id >= 668575) AND (id <= 669574))

table 7 : explain SELECT SUM(k) FROM sbtest7 WHERE id BETWEEN 401111 AND 402110
	Aggregate  (cost=3864.40..3864.41 rows=1 width=8)
	  ->  Bitmap Heap Scan on sbtest7  (cost=22.68..3861.90 rows=1000 width=4)
	        Recheck Cond: ((id >= 401111) AND (id <= 402110))
	        ->  Bitmap Index Scan on sbtest7_pkey  (cost=0.00..22.43 rows=1000 width=0)
	              Index Cond: ((id >= 401111) AND (id <= 402110))

table 8 : explain SELECT SUM(k) FROM sbtest8 WHERE id BETWEEN 4821344 AND 4822343
	Aggregate  (cost=3603.86..3603.87 rows=1 width=8)
	  ->  Bitmap Heap Scan on sbtest8  (cost=21.98..3601.54 rows=931 width=4)
	        Recheck Cond: ((id >= 4821344) AND (id <= 4822343))
	        ->  Bitmap Index Scan on sbtest8_pkey  (cost=0.00..21.75 rows=931 width=0)
	              Index Cond: ((id >= 4821344) AND (id <= 4822343))

for: order_ranges
table 1 : explain SELECT c FROM sbtest1 WHERE id BETWEEN 9769617 AND 9770616 ORDER BY c
	Sort  (cost=3646.32..3648.65 rows=931 width=121)
	  Sort Key: c
	  ->  Bitmap Heap Scan on sbtest1  (cost=21.98..3600.41 rows=931 width=121)
	        Recheck Cond: ((id >= 9769617) AND (id <= 9770616))
	        ->  Bitmap Index Scan on sbtest1_pkey  (cost=0.00..21.75 rows=931 width=0)
	              Index Cond: ((id >= 9769617) AND (id <= 9770616))

table 2 : explain SELECT c FROM sbtest2 WHERE id BETWEEN 6947227 AND 6948226 ORDER BY c
	Sort  (cost=3898.64..3901.13 rows=997 width=121)
	  Sort Key: c
	  ->  Bitmap Heap Scan on sbtest2  (cost=22.65..3848.98 rows=997 width=121)
	        Recheck Cond: ((id >= 6947227) AND (id <= 6948226))
	        ->  Bitmap Index Scan on sbtest2_pkey  (cost=0.00..22.40 rows=997 width=0)
	              Index Cond: ((id >= 6947227) AND (id <= 6948226))

table 3 : explain SELECT c FROM sbtest3 WHERE id BETWEEN 3461914 AND 3462913 ORDER BY c
	Sort  (cost=3982.78..3985.33 rows=1019 width=121)
	  Sort Key: c
	  ->  Bitmap Heap Scan on sbtest3  (cost=22.88..3931.87 rows=1019 width=121)
	        Recheck Cond: ((id >= 3461914) AND (id <= 3462913))
	        ->  Bitmap Index Scan on sbtest3_pkey  (cost=0.00..22.62 rows=1019 width=0)
	              Index Cond: ((id >= 3461914) AND (id <= 3462913))

table 4 : explain SELECT c FROM sbtest4 WHERE id BETWEEN 8341480 AND 8342479 ORDER BY c
	Sort  (cost=3879.57..3882.05 rows=992 width=121)
	  Sort Key: c
	  ->  Bitmap Heap Scan on sbtest4  (cost=22.60..3830.20 rows=992 width=121)
	        Recheck Cond: ((id >= 8341480) AND (id <= 8342479))
	        ->  Bitmap Index Scan on sbtest4_pkey  (cost=0.00..22.36 rows=992 width=0)
	              Index Cond: ((id >= 8341480) AND (id <= 8342479))

table 5 : explain SELECT c FROM sbtest5 WHERE id BETWEEN 3692992 AND 3693991 ORDER BY c
	Sort  (cost=4049.10..4051.69 rows=1036 width=121)
	  Sort Key: c
	  ->  Bitmap Heap Scan on sbtest5  (cost=23.05..3997.21 rows=1036 width=121)
	        Recheck Cond: ((id >= 3692992) AND (id <= 3693991))
	        ->  Bitmap Index Scan on sbtest5_pkey  (cost=0.00..22.79 rows=1036 width=0)
	              Index Cond: ((id >= 3692992) AND (id <= 3693991))

table 6 : explain SELECT c FROM sbtest6 WHERE id BETWEEN 3967804 AND 3968803 ORDER BY c
	Sort  (cost=4036.68..4039.26 rows=1033 width=121)
	  Sort Key: c
	  ->  Bitmap Heap Scan on sbtest6  (cost=23.02..3984.96 rows=1033 width=121)
	        Recheck Cond: ((id >= 3967804) AND (id <= 3968803))
	        ->  Bitmap Index Scan on sbtest6_pkey  (cost=0.00..22.76 rows=1033 width=0)
	              Index Cond: ((id >= 3967804) AND (id <= 3968803))

table 7 : explain SELECT c FROM sbtest7 WHERE id BETWEEN 800979 AND 801978 ORDER BY c
	Sort  (cost=4160.06..4162.72 rows=1065 width=121)
	  Sort Key: c
	  ->  Bitmap Heap Scan on sbtest7  (cost=23.35..4106.51 rows=1065 width=121)
	        Recheck Cond: ((id >= 800979) AND (id <= 801978))
	        ->  Bitmap Index Scan on sbtest7_pkey  (cost=0.00..23.08 rows=1065 width=0)
	              Index Cond: ((id >= 800979) AND (id <= 801978))

table 8 : explain SELECT c FROM sbtest8 WHERE id BETWEEN 3854917 AND 3855916 ORDER BY c
	Sort  (cost=4213.53..4216.22 rows=1078 width=121)
	  Sort Key: c
	  ->  Bitmap Heap Scan on sbtest8  (cost=27.48..4159.23 rows=1078 width=121)
	        Recheck Cond: ((id >= 3854917) AND (id <= 3855916))
	        ->  Bitmap Index Scan on sbtest8_pkey  (cost=0.00..27.21 rows=1078 width=0)
	              Index Cond: ((id >= 3854917) AND (id <= 3855916))

for: simple_ranges
table 1 : explain SELECT c FROM sbtest1 WHERE id BETWEEN 3538491 AND 3539490
	Bitmap Heap Scan on sbtest1  (cost=21.99..3604.18 rows=932 width=121)
	  Recheck Cond: ((id >= 3538491) AND (id <= 3539490))
	  ->  Bitmap Index Scan on sbtest1_pkey  (cost=0.00..21.75 rows=932 width=0)
	        Index Cond: ((id >= 3538491) AND (id <= 3539490))

table 2 : explain SELECT c FROM sbtest2 WHERE id BETWEEN 9544108 AND 9545107
	Bitmap Heap Scan on sbtest2  (cost=23.00..3976.93 rows=1031 width=121)
	  Recheck Cond: ((id >= 9544108) AND (id <= 9545107))
	  ->  Bitmap Index Scan on sbtest2_pkey  (cost=0.00..22.75 rows=1031 width=0)
	        Index Cond: ((id >= 9544108) AND (id <= 9545107))

table 3 : explain SELECT c FROM sbtest3 WHERE id BETWEEN 3316444 AND 3317443
	Bitmap Heap Scan on sbtest3  (cost=22.51..3796.33 rows=983 width=121)
	  Recheck Cond: ((id >= 3316444) AND (id <= 3317443))
	  ->  Bitmap Index Scan on sbtest3_pkey  (cost=0.00..22.26 rows=983 width=0)
	        Index Cond: ((id >= 3316444) AND (id <= 3317443))

table 4 : explain SELECT c FROM sbtest4 WHERE id BETWEEN 7124280 AND 7125279
	Bitmap Heap Scan on sbtest4  (cost=22.61..3833.97 rows=993 width=121)
	  Recheck Cond: ((id >= 7124280) AND (id <= 7125279))
	  ->  Bitmap Index Scan on sbtest4_pkey  (cost=0.00..22.36 rows=993 width=0)
	        Index Cond: ((id >= 7124280) AND (id <= 7125279))

table 5 : explain SELECT c FROM sbtest5 WHERE id BETWEEN 4932881 AND 4933880
	Bitmap Heap Scan on sbtest5  (cost=22.07..3635.43 rows=940 width=121)
	  Recheck Cond: ((id >= 4932881) AND (id <= 4933880))
	  ->  Bitmap Index Scan on sbtest5_pkey  (cost=0.00..21.83 rows=940 width=0)
	        Index Cond: ((id >= 4932881) AND (id <= 4933880))

table 6 : explain SELECT c FROM sbtest6 WHERE id BETWEEN 281309 AND 282308
	Bitmap Heap Scan on sbtest6  (cost=22.57..3819.34 rows=989 width=121)
	  Recheck Cond: ((id >= 281309) AND (id <= 282308))
	  ->  Bitmap Index Scan on sbtest6_pkey  (cost=0.00..22.32 rows=989 width=0)
	        Index Cond: ((id >= 281309) AND (id <= 282308))

table 7 : explain SELECT c FROM sbtest7 WHERE id BETWEEN 6772655 AND 6773654
	Bitmap Heap Scan on sbtest7  (cost=22.60..3831.76 rows=992 width=121)
	  Recheck Cond: ((id >= 6772655) AND (id <= 6773654))
	  ->  Bitmap Index Scan on sbtest7_pkey  (cost=0.00..22.36 rows=992 width=0)
	        Index Cond: ((id >= 6772655) AND (id <= 6773654))

table 8 : explain SELECT c FROM sbtest8 WHERE id BETWEEN 595425 AND 596424
	Bitmap Heap Scan on sbtest8  (cost=22.74..3880.61 rows=1005 width=121)
	  Recheck Cond: ((id >= 595425) AND (id <= 596424))
	  ->  Bitmap Index Scan on sbtest8_pkey  (cost=0.00..22.48 rows=1005 width=0)
	        Index Cond: ((id >= 595425) AND (id <= 596424))

for: simple_ranges
table 1 : explain SELECT c FROM sbtest1 WHERE id BETWEEN 5353841 AND 5354840
	Bitmap Heap Scan on sbtest1  (cost=23.07..4003.51 rows=1038 width=121)
	  Recheck Cond: ((id >= 5353841) AND (id <= 5354840))
	  ->  Bitmap Index Scan on sbtest1_pkey  (cost=0.00..22.82 rows=1038 width=0)
	        Index Cond: ((id >= 5353841) AND (id <= 5354840))

table 2 : explain SELECT c FROM sbtest2 WHERE id BETWEEN 817825 AND 818824
	Bitmap Heap Scan on sbtest2  (cost=22.99..3973.17 rows=1030 width=121)
	  Recheck Cond: ((id >= 817825) AND (id <= 818824))
	  ->  Bitmap Index Scan on sbtest2_pkey  (cost=0.00..22.73 rows=1030 width=0)
	        Index Cond: ((id >= 817825) AND (id <= 818824))

table 3 : explain SELECT c FROM sbtest3 WHERE id BETWEEN 3431756 AND 3432755
	Bitmap Heap Scan on sbtest3  (cost=22.88..3931.87 rows=1019 width=121)
	  Recheck Cond: ((id >= 3431756) AND (id <= 3432755))
	  ->  Bitmap Index Scan on sbtest3_pkey  (cost=0.00..22.62 rows=1019 width=0)
	        Index Cond: ((id >= 3431756) AND (id <= 3432755))

table 4 : explain SELECT c FROM sbtest4 WHERE id BETWEEN 7499448 AND 7500447
	Bitmap Heap Scan on sbtest4  (cost=22.67..3856.56 rows=999 width=121)
	  Recheck Cond: ((id >= 7499448) AND (id <= 7500447))
	  ->  Bitmap Index Scan on sbtest4_pkey  (cost=0.00..22.43 rows=999 width=0)
	        Index Cond: ((id >= 7499448) AND (id <= 7500447))

table 5 : explain SELECT c FROM sbtest5 WHERE id BETWEEN 9705082 AND 9706081
	Bitmap Heap Scan on sbtest5  (cost=22.65..3850.38 rows=997 width=121)
	  Recheck Cond: ((id >= 9705082) AND (id <= 9706081))
	  ->  Bitmap Index Scan on sbtest5_pkey  (cost=0.00..22.40 rows=997 width=0)
	        Index Cond: ((id >= 9705082) AND (id <= 9706081))

table 6 : explain SELECT c FROM sbtest6 WHERE id BETWEEN 8061038 AND 8062037
	Bitmap Heap Scan on sbtest6  (cost=22.62..3838.17 rows=994 width=121)
	  Recheck Cond: ((id >= 8061038) AND (id <= 8062037))
	  ->  Bitmap Index Scan on sbtest6_pkey  (cost=0.00..22.37 rows=994 width=0)
	        Index Cond: ((id >= 8061038) AND (id <= 8062037))

table 7 : explain SELECT c FROM sbtest7 WHERE id BETWEEN 6223343 AND 6224342
	Bitmap Heap Scan on sbtest7  (cost=23.02..3986.15 rows=1033 width=121)
	  Recheck Cond: ((id >= 6223343) AND (id <= 6224342))
	  ->  Bitmap Index Scan on sbtest7_pkey  (cost=0.00..22.76 rows=1033 width=0)
	        Index Cond: ((id >= 6223343) AND (id <= 6224342))

table 8 : explain SELECT c FROM sbtest8 WHERE id BETWEEN 9409779 AND 9410778
	Bitmap Heap Scan on sbtest8  (cost=22.71..3869.31 rows=1002 width=121)
	  Recheck Cond: ((id >= 9409779) AND (id <= 9410778))
	  ->  Bitmap Index Scan on sbtest8_pkey  (cost=0.00..22.45 rows=1002 width=0)
	        Index Cond: ((id >= 9409779) AND (id <= 9410778))

for: distinct_ranges
table 1 : explain SELECT DISTINCT c FROM sbtest1 WHERE id BETWEEN 6023814 AND 6024813 ORDER BY c
	Unique  (cost=4128.03..4133.31 rows=1057 width=121)
	  ->  Sort  (cost=4128.03..4130.67 rows=1057 width=121)
	        Sort Key: c
	        ->  Bitmap Heap Scan on sbtest1  (cost=23.27..4074.94 rows=1057 width=121)
	              Recheck Cond: ((id >= 6023814) AND (id <= 6024813))
	              ->  Bitmap Index Scan on sbtest1_pkey  (cost=0.00..23.00 rows=1057 width=0)
	                    Index Cond: ((id >= 6023814) AND (id <= 6024813))

table 2 : explain SELECT DISTINCT c FROM sbtest2 WHERE id BETWEEN 6530149 AND 6531148 ORDER BY c
	Unique  (cost=3523.46..3527.95 rows=899 width=121)
	  ->  Sort  (cost=3523.46..3525.70 rows=899 width=121)
	        Sort Key: c
	        ->  Bitmap Heap Scan on sbtest2  (cost=21.65..3479.35 rows=899 width=121)
	              Recheck Cond: ((id >= 6530149) AND (id <= 6531148))
	              ->  Bitmap Index Scan on sbtest2_pkey  (cost=0.00..21.43 rows=899 width=0)
	                    Index Cond: ((id >= 6530149) AND (id <= 6531148))

table 3 : explain SELECT DISTINCT c FROM sbtest3 WHERE id BETWEEN 7832173 AND 7833172 ORDER BY c
	Unique  (cost=3833.72..3838.62 rows=980 width=121)
	  ->  Sort  (cost=3833.72..3836.17 rows=980 width=121)
	        Sort Key: c
	        ->  Bitmap Heap Scan on sbtest3  (cost=22.48..3785.03 rows=980 width=121)
	              Recheck Cond: ((id >= 7832173) AND (id <= 7833172))
	              ->  Bitmap Index Scan on sbtest3_pkey  (cost=0.00..22.23 rows=980 width=0)
	                    Index Cond: ((id >= 7832173) AND (id <= 7833172))

table 4 : explain SELECT DISTINCT c FROM sbtest4 WHERE id BETWEEN 4264373 AND 4265372 ORDER BY c
	Unique  (cost=4219.34..4224.74 rows=1081 width=121)
	  ->  Sort  (cost=4219.34..4222.04 rows=1081 width=121)
	        Sort Key: c
	        ->  Bitmap Heap Scan on sbtest4  (cost=23.52..4164.86 rows=1081 width=121)
	              Recheck Cond: ((id >= 4264373) AND (id <= 4265372))
	              ->  Bitmap Index Scan on sbtest4_pkey  (cost=0.00..23.25 rows=1081 width=0)
	                    Index Cond: ((id >= 4264373) AND (id <= 4265372))

table 5 : explain SELECT DISTINCT c FROM sbtest5 WHERE id BETWEEN 8019472 AND 8020471 ORDER BY c
	Unique  (cost=3789.08..3793.92 rows=968 width=121)
	  ->  Sort  (cost=3789.08..3791.50 rows=968 width=121)
	        Sort Key: c
	        ->  Bitmap Heap Scan on sbtest5  (cost=22.36..3741.08 rows=968 width=121)
	              Recheck Cond: ((id >= 8019472) AND (id <= 8020471))
	              ->  Bitmap Index Scan on sbtest5_pkey  (cost=0.00..22.11 rows=968 width=0)
	                    Index Cond: ((id >= 8019472) AND (id <= 8020471))

table 6 : explain SELECT DISTINCT c FROM sbtest6 WHERE id BETWEEN 1548822 AND 1549821 ORDER BY c
	Unique  (cost=3761.42..3766.23 rows=961 width=121)
	  ->  Sort  (cost=3761.42..3763.82 rows=961 width=121)
	        Sort Key: c
	        ->  Bitmap Heap Scan on sbtest6  (cost=22.29..3713.81 rows=961 width=121)
	              Recheck Cond: ((id >= 1548822) AND (id <= 1549821))
	              ->  Bitmap Index Scan on sbtest6_pkey  (cost=0.00..22.04 rows=961 width=0)
	                    Index Cond: ((id >= 1548822) AND (id <= 1549821))

table 7 : explain SELECT DISTINCT c FROM sbtest7 WHERE id BETWEEN 3706980 AND 3707979 ORDER BY c
	Unique  (cost=3647.56..3652.21 rows=931 width=121)
	  ->  Sort  (cost=3647.56..3649.88 rows=931 width=121)
	        Sort Key: c
	        ->  Bitmap Heap Scan on sbtest7  (cost=21.98..3601.65 rows=931 width=121)
	              Recheck Cond: ((id >= 3706980) AND (id <= 3707979))
	              ->  Bitmap Index Scan on sbtest7_pkey  (cost=0.00..21.75 rows=931 width=0)
	                    Index Cond: ((id >= 3706980) AND (id <= 3707979))

table 8 : explain SELECT DISTINCT c FROM sbtest8 WHERE id BETWEEN 4431639 AND 4432638 ORDER BY c
	Unique  (cost=3635.95..3640.59 rows=928 width=121)
	  ->  Sort  (cost=3635.95..3638.27 rows=928 width=121)
	        Sort Key: c
	        ->  Bitmap Heap Scan on sbtest8  (cost=21.95..3590.21 rows=928 width=121)
	              Recheck Cond: ((id >= 4431639) AND (id <= 4432638))
	              ->  Bitmap Index Scan on sbtest8_pkey  (cost=0.00..21.71 rows=928 width=0)
	                    Index Cond: ((id >= 4431639) AND (id <= 4432638))

for: order_ranges
table 1 : explain SELECT c FROM sbtest1 WHERE id BETWEEN 1211480 AND 1212479 ORDER BY c
	Sort  (cost=4032.61..4035.19 rows=1032 width=121)
	  Sort Key: c
	  ->  Bitmap Heap Scan on sbtest1  (cost=23.01..3980.95 rows=1032 width=121)
	        Recheck Cond: ((id >= 1211480) AND (id <= 1212479))
	        ->  Bitmap Index Scan on sbtest1_pkey  (cost=0.00..22.75 rows=1032 width=0)
	              Index Cond: ((id >= 1211480) AND (id <= 1212479))

table 2 : explain SELECT c FROM sbtest2 WHERE id BETWEEN 4607015 AND 4608014 ORDER BY c
	Sort  (cost=3715.03..3717.40 rows=949 width=121)
	  Sort Key: c
	  ->  Bitmap Heap Scan on sbtest2  (cost=22.16..3668.10 rows=949 width=121)
	        Recheck Cond: ((id >= 4607015) AND (id <= 4608014))
	        ->  Bitmap Index Scan on sbtest2_pkey  (cost=0.00..21.93 rows=949 width=0)
	              Index Cond: ((id >= 4607015) AND (id <= 4608014))

table 3 : explain SELECT c FROM sbtest3 WHERE id BETWEEN 9004511 AND 9005510 ORDER BY c
	Sort  (cost=4024.79..4027.37 rows=1030 width=121)
	  Sort Key: c
	  ->  Bitmap Heap Scan on sbtest3  (cost=22.99..3973.25 rows=1030 width=121)
	        Recheck Cond: ((id >= 9004511) AND (id <= 9005510))
	        ->  Bitmap Index Scan on sbtest3_pkey  (cost=0.00..22.73 rows=1030 width=0)
	              Index Cond: ((id >= 9004511) AND (id <= 9005510))

table 4 : explain SELECT c FROM sbtest4 WHERE id BETWEEN 8720342 AND 8721341 ORDER BY c
	Sort  (cost=3944.55..3947.07 rows=1009 width=121)
	  Sort Key: c
	  ->  Bitmap Heap Scan on sbtest4  (cost=22.78..3894.20 rows=1009 width=121)
	        Recheck Cond: ((id >= 8720342) AND (id <= 8721341))
	        ->  Bitmap Index Scan on sbtest4_pkey  (cost=0.00..22.52 rows=1009 width=0)
	              Index Cond: ((id >= 8720342) AND (id <= 8721341))

table 5 : explain SELECT c FROM sbtest5 WHERE id BETWEEN 1584135 AND 1585134 ORDER BY c
	Sort  (cost=4014.72..4017.29 rows=1027 width=121)
	  Sort Key: c
	  ->  Bitmap Heap Scan on sbtest5  (cost=22.96..3963.35 rows=1027 width=121)
	        Recheck Cond: ((id >= 1584135) AND (id <= 1585134))
	        ->  Bitmap Index Scan on sbtest5_pkey  (cost=0.00..22.70 rows=1027 width=0)
	              Index Cond: ((id >= 1584135) AND (id <= 1585134))

table 6 : explain SELECT c FROM sbtest6 WHERE id BETWEEN 1793296 AND 1794295 ORDER BY c
	Sort  (cost=4208.40..4211.09 rows=1078 width=121)
	  Sort Key: c
	  ->  Bitmap Heap Scan on sbtest6  (cost=23.48..4154.10 rows=1078 width=121)
	        Recheck Cond: ((id >= 1793296) AND (id <= 1794295))
	        ->  Bitmap Index Scan on sbtest6_pkey  (cost=0.00..23.21 rows=1078 width=0)
	              Index Cond: ((id >= 1793296) AND (id <= 1794295))

table 7 : explain SELECT c FROM sbtest7 WHERE id BETWEEN 5938602 AND 5939601 ORDER BY c
	Sort  (cost=4163.88..4166.54 rows=1066 width=121)
	  Sort Key: c
	  ->  Bitmap Heap Scan on sbtest7  (cost=23.36..4110.27 rows=1066 width=121)
	        Recheck Cond: ((id >= 5938602) AND (id <= 5939601))
	        ->  Bitmap Index Scan on sbtest7_pkey  (cost=0.00..23.09 rows=1066 width=0)
	              Index Cond: ((id >= 5938602) AND (id <= 5939601))

table 8 : explain SELECT c FROM sbtest8 WHERE id BETWEEN 5689166 AND 5690165 ORDER BY c
	Sort  (cost=3850.41..3852.87 rows=984 width=121)
	  Sort Key: c
	  ->  Bitmap Heap Scan on sbtest8  (cost=22.52..3801.49 rows=984 width=121)
	        Recheck Cond: ((id >= 5689166) AND (id <= 5690165))
	        ->  Bitmap Index Scan on sbtest8_pkey  (cost=0.00..22.27 rows=984 width=0)
	              Index Cond: ((id >= 5689166) AND (id <= 5690165))

explain: for point_selects :: explain SELECT c FROM sbtest%u WHERE id=%u
for point_selects
table 1 : explain SELECT c FROM sbtest1 WHERE id=6089813
	Index Scan using sbtest1_pkey on sbtest1  (cost=0.43..8.45 rows=1 width=121)
	  Index Cond: (id = 6089813)

table 2 : explain SELECT c FROM sbtest2 WHERE id=6822177
	Index Scan using sbtest2_pkey on sbtest2  (cost=0.43..8.45 rows=1 width=121)
	  Index Cond: (id = 6822177)

table 3 : explain SELECT c FROM sbtest3 WHERE id=271511
	Index Scan using sbtest3_pkey on sbtest3  (cost=0.43..8.45 rows=1 width=121)
	  Index Cond: (id = 271511)

table 4 : explain SELECT c FROM sbtest4 WHERE id=1683139
	Index Scan using sbtest4_pkey on sbtest4  (cost=0.43..8.45 rows=1 width=121)
	  Index Cond: (id = 1683139)

table 5 : explain SELECT c FROM sbtest5 WHERE id=2696226
	Index Scan using sbtest5_pkey on sbtest5  (cost=0.43..8.45 rows=1 width=121)
	  Index Cond: (id = 2696226)

table 6 : explain SELECT c FROM sbtest6 WHERE id=3743113
	Index Scan using sbtest6_pkey on sbtest6  (cost=0.43..8.45 rows=1 width=121)
	  Index Cond: (id = 3743113)

table 7 : explain SELECT c FROM sbtest7 WHERE id=2763903
	Index Scan using sbtest7_pkey on sbtest7  (cost=0.43..8.45 rows=1 width=121)
	  Index Cond: (id = 2763903)

table 8 : explain SELECT c FROM sbtest8 WHERE id=3963701
	Index Scan using sbtest8_pkey on sbtest8  (cost=0.43..8.45 rows=1 width=121)
	  Index Cond: (id = 3963701)

for: sum_ranges
table 1 : explain SELECT SUM(k) FROM sbtest1 WHERE id BETWEEN 6263024 AND 6264023
	Aggregate  (cost=3851.72..3851.73 rows=1 width=8)
	  ->  Bitmap Heap Scan on sbtest1  (cost=22.65..3849.23 rows=997 width=4)
	        Recheck Cond: ((id >= 6263024) AND (id <= 6264023))
	        ->  Bitmap Index Scan on sbtest1_pkey  (cost=0.00..22.40 rows=997 width=0)
	              Index Cond: ((id >= 6263024) AND (id <= 6264023))

table 2 : explain SELECT SUM(k) FROM sbtest2 WHERE id BETWEEN 9089842 AND 9090841
	Aggregate  (cost=3806.25..3806.26 rows=1 width=8)
	  ->  Bitmap Heap Scan on sbtest2  (cost=22.53..3803.79 rows=985 width=4)
	        Recheck Cond: ((id >= 9089842) AND (id <= 9090841))
	        ->  Bitmap Index Scan on sbtest2_pkey  (cost=0.00..22.29 rows=985 width=0)
	              Index Cond: ((id >= 9089842) AND (id <= 9090841))

table 3 : explain SELECT SUM(k) FROM sbtest3 WHERE id BETWEEN 4611675 AND 4612674
	Aggregate  (cost=3896.76..3896.77 rows=1 width=8)
	  ->  Bitmap Heap Scan on sbtest3  (cost=22.78..3894.24 rows=1009 width=4)
	        Recheck Cond: ((id >= 4611675) AND (id <= 4612674))
	        ->  Bitmap Index Scan on sbtest3_pkey  (cost=0.00..22.52 rows=1009 width=0)
	              Index Cond: ((id >= 4611675) AND (id <= 4612674))

table 4 : explain SELECT SUM(k) FROM sbtest4 WHERE id BETWEEN 6699050 AND 6700049
	Aggregate  (cost=3874.13..3874.14 rows=1 width=8)
	  ->  Bitmap Heap Scan on sbtest4  (cost=22.72..3871.62 rows=1003 width=4)
	        Recheck Cond: ((id >= 6699050) AND (id <= 6700049))
	        ->  Bitmap Index Scan on sbtest4_pkey  (cost=0.00..22.46 rows=1003 width=0)
	              Index Cond: ((id >= 6699050) AND (id <= 6700049))

table 5 : explain SELECT SUM(k) FROM sbtest5 WHERE id BETWEEN 1243557 AND 1244556
	Aggregate  (cost=3701.98..3701.99 rows=1 width=8)
	  ->  Bitmap Heap Scan on sbtest5  (cost=22.24..3699.58 rows=957 width=4)
	        Recheck Cond: ((id >= 1243557) AND (id <= 1244556))
	        ->  Bitmap Index Scan on sbtest5_pkey  (cost=0.00..22.00 rows=957 width=0)
	              Index Cond: ((id >= 1243557) AND (id <= 1244556))

table 6 : explain SELECT SUM(k) FROM sbtest6 WHERE id BETWEEN 7851449 AND 7852448
	Aggregate  (cost=4344.82..4344.83 rows=1 width=8)
	  ->  Bitmap Heap Scan on sbtest6  (cost=28.00..4342.00 rows=1128 width=4)
	        Recheck Cond: ((id >= 7851449) AND (id <= 7852448))
	        ->  Bitmap Index Scan on sbtest6_pkey  (cost=0.00..27.71 rows=1128 width=0)
	              Index Cond: ((id >= 7851449) AND (id <= 7852448))

table 7 : explain SELECT SUM(k) FROM sbtest7 WHERE id BETWEEN 8888757 AND 8889756
	Aggregate  (cost=3875.71..3875.72 rows=1 width=8)
	  ->  Bitmap Heap Scan on sbtest7  (cost=22.72..3873.20 rows=1003 width=4)
	        Recheck Cond: ((id >= 8888757) AND (id <= 8889756))
	        ->  Bitmap Index Scan on sbtest7_pkey  (cost=0.00..22.46 rows=1003 width=0)
	              Index Cond: ((id >= 8888757) AND (id <= 8889756))

table 8 : explain SELECT SUM(k) FROM sbtest8 WHERE id BETWEEN 579406 AND 580405
	Aggregate  (cost=3883.13..3883.14 rows=1 width=8)
	  ->  Bitmap Heap Scan on sbtest8  (cost=22.74..3880.61 rows=1005 width=4)
	        Recheck Cond: ((id >= 579406) AND (id <= 580405))
	        ->  Bitmap Index Scan on sbtest8_pkey  (cost=0.00..22.48 rows=1005 width=0)
	              Index Cond: ((id >= 579406) AND (id <= 580405))

for point_selects
table 1 : explain SELECT c FROM sbtest1 WHERE id=7471000
	Index Scan using sbtest1_pkey on sbtest1  (cost=0.43..8.45 rows=1 width=121)
	  Index Cond: (id = 7471000)

table 2 : explain SELECT c FROM sbtest2 WHERE id=2707924
	Index Scan using sbtest2_pkey on sbtest2  (cost=0.43..8.45 rows=1 width=121)
	  Index Cond: (id = 2707924)

table 3 : explain SELECT c FROM sbtest3 WHERE id=7410187
	Index Scan using sbtest3_pkey on sbtest3  (cost=0.43..8.45 rows=1 width=121)
	  Index Cond: (id = 7410187)

table 4 : explain SELECT c FROM sbtest4 WHERE id=3688115
	Index Scan using sbtest4_pkey on sbtest4  (cost=0.43..8.45 rows=1 width=121)
	  Index Cond: (id = 3688115)

table 5 : explain SELECT c FROM sbtest5 WHERE id=1052544
	Index Scan using sbtest5_pkey on sbtest5  (cost=0.43..8.45 rows=1 width=121)
	  Index Cond: (id = 1052544)

table 6 : explain SELECT c FROM sbtest6 WHERE id=6532176
	Index Scan using sbtest6_pkey on sbtest6  (cost=0.43..8.45 rows=1 width=121)
	  Index Cond: (id = 6532176)

table 7 : explain SELECT c FROM sbtest7 WHERE id=4324234
	Index Scan using sbtest7_pkey on sbtest7  (cost=0.43..8.45 rows=1 width=121)
	  Index Cond: (id = 4324234)

table 8 : explain SELECT c FROM sbtest8 WHERE id=5822832
	Index Scan using sbtest8_pkey on sbtest8  (cost=0.43..8.45 rows=1 width=121)
	  Index Cond: (id = 5822832)

for: sum_ranges
table 1 : explain SELECT SUM(k) FROM sbtest1 WHERE id BETWEEN 59010 AND 60009
	Aggregate  (cost=3829.11..3829.12 rows=1 width=8)
	  ->  Bitmap Heap Scan on sbtest1  (cost=22.59..3826.63 rows=991 width=4)
	        Recheck Cond: ((id >= 59010) AND (id <= 60009))
	        ->  Bitmap Index Scan on sbtest1_pkey  (cost=0.00..22.34 rows=991 width=0)
	              Index Cond: ((id >= 59010) AND (id <= 60009))

table 2 : explain SELECT SUM(k) FROM sbtest2 WHERE id BETWEEN 1913901 AND 1914900
	Aggregate  (cost=3613.84..3613.85 rows=1 width=8)
	  ->  Bitmap Heap Scan on sbtest2  (cost=22.01..3611.51 rows=934 width=4)
	        Recheck Cond: ((id >= 1913901) AND (id <= 1914900))
	        ->  Bitmap Index Scan on sbtest2_pkey  (cost=0.00..21.77 rows=934 width=0)
	              Index Cond: ((id >= 1913901) AND (id <= 1914900))

table 3 : explain SELECT SUM(k) FROM sbtest3 WHERE id BETWEEN 3777588 AND 3778587
	Aggregate  (cost=3662.99..3663.00 rows=1 width=8)
	  ->  Bitmap Heap Scan on sbtest3  (cost=22.14..3660.63 rows=947 width=4)
	        Recheck Cond: ((id >= 3777588) AND (id <= 3778587))
	        ->  Bitmap Index Scan on sbtest3_pkey  (cost=0.00..21.90 rows=947 width=0)
	              Index Cond: ((id >= 3777588) AND (id <= 3778587))

table 4 : explain SELECT SUM(k) FROM sbtest4 WHERE id BETWEEN 9735324 AND 9736323
	Aggregate  (cost=3885.43..3885.44 rows=1 width=8)
	  ->  Bitmap Heap Scan on sbtest4  (cost=22.75..3882.91 rows=1006 width=4)
	        Recheck Cond: ((id >= 9735324) AND (id <= 9736323))
	        ->  Bitmap Index Scan on sbtest4_pkey  (cost=0.00..22.50 rows=1006 width=0)
	              Index Cond: ((id >= 9735324) AND (id <= 9736323))

table 5 : explain SELECT SUM(k) FROM sbtest5 WHERE id BETWEEN 4056309 AND 4057308
	Aggregate  (cost=3852.88..3852.89 rows=1 width=8)
	  ->  Bitmap Heap Scan on sbtest5  (cost=22.65..3850.38 rows=997 width=4)
	        Recheck Cond: ((id >= 4056309) AND (id <= 4057308))
	        ->  Bitmap Index Scan on sbtest5_pkey  (cost=0.00..22.40 rows=997 width=0)
	              Index Cond: ((id >= 4056309) AND (id <= 4057308))

table 6 : explain SELECT SUM(k) FROM sbtest6 WHERE id BETWEEN 2566882 AND 2567881
	Aggregate  (cost=3874.57..3874.58 rows=1 width=8)
	  ->  Bitmap Heap Scan on sbtest6  (cost=22.72..3872.07 rows=1003 width=4)
	        Recheck Cond: ((id >= 2566882) AND (id <= 2567881))
	        ->  Bitmap Index Scan on sbtest6_pkey  (cost=0.00..22.46 rows=1003 width=0)
	              Index Cond: ((id >= 2566882) AND (id <= 2567881))

table 7 : explain SELECT SUM(k) FROM sbtest7 WHERE id BETWEEN 8913020 AND 8914019
	Aggregate  (cost=3875.71..3875.72 rows=1 width=8)
	  ->  Bitmap Heap Scan on sbtest7  (cost=22.72..3873.20 rows=1003 width=4)
	        Recheck Cond: ((id >= 8913020) AND (id <= 8914019))
	        ->  Bitmap Index Scan on sbtest7_pkey  (cost=0.00..22.46 rows=1003 width=0)
	              Index Cond: ((id >= 8913020) AND (id <= 8914019))

table 8 : explain SELECT SUM(k) FROM sbtest8 WHERE id BETWEEN 1499903 AND 1500902
	Aggregate  (cost=4060.13..4060.14 rows=1 width=8)
	  ->  Bitmap Heap Scan on sbtest8  (cost=23.22..4057.50 rows=1052 width=4)
	        Recheck Cond: ((id >= 1499903) AND (id <= 1500902))
	        ->  Bitmap Index Scan on sbtest8_pkey  (cost=0.00..22.95 rows=1052 width=0)
	              Index Cond: ((id >= 1499903) AND (id <= 1500902))

for: order_ranges
table 1 : explain SELECT c FROM sbtest1 WHERE id BETWEEN 5310252 AND 5311251 ORDER BY c
	Sort  (cost=4055.51..4058.11 rows=1038 width=121)
	  Sort Key: c
	  ->  Bitmap Heap Scan on sbtest1  (cost=23.07..4003.51 rows=1038 width=121)
	        Recheck Cond: ((id >= 5310252) AND (id <= 5311251))
	        ->  Bitmap Index Scan on sbtest1_pkey  (cost=0.00..22.82 rows=1038 width=0)
	              Index Cond: ((id >= 5310252) AND (id <= 5311251))

table 2 : explain SELECT c FROM sbtest2 WHERE id BETWEEN 5099789 AND 5100788 ORDER BY c
	Sort  (cost=3933.04..3935.55 rows=1006 width=121)
	  Sort Key: c
	  ->  Bitmap Heap Scan on sbtest2  (cost=22.75..3882.87 rows=1006 width=121)
	        Recheck Cond: ((id >= 5099789) AND (id <= 5100788))
	        ->  Bitmap Index Scan on sbtest2_pkey  (cost=0.00..22.50 rows=1006 width=0)
	              Index Cond: ((id >= 5099789) AND (id <= 5100788))

table 3 : explain SELECT c FROM sbtest3 WHERE id BETWEEN 2218936 AND 2219935 ORDER BY c
	Sort  (cost=3826.07..3828.52 rows=978 width=121)
	  Sort Key: c
	  ->  Bitmap Heap Scan on sbtest3  (cost=22.46..3777.49 rows=978 width=121)
	        Recheck Cond: ((id >= 2218936) AND (id <= 2219935))
	        ->  Bitmap Index Scan on sbtest3_pkey  (cost=0.00..22.21 rows=978 width=0)
	              Index Cond: ((id >= 2218936) AND (id <= 2219935))

table 4 : explain SELECT c FROM sbtest4 WHERE id BETWEEN 6701429 AND 6702428 ORDER BY c
	Sort  (cost=3921.62..3924.13 rows=1003 width=121)
	  Sort Key: c
	  ->  Bitmap Heap Scan on sbtest4  (cost=22.72..3871.62 rows=1003 width=121)
	        Recheck Cond: ((id >= 6701429) AND (id <= 6702428))
	        ->  Bitmap Index Scan on sbtest4_pkey  (cost=0.00..22.46 rows=1003 width=0)
	              Index Cond: ((id >= 6701429) AND (id <= 6702428))

table 5 : explain SELECT c FROM sbtest5 WHERE id BETWEEN 8527295 AND 8528294 ORDER BY c
	Sort  (cost=3563.01..3565.29 rows=909 width=121)
	  Sort Key: c
	  ->  Bitmap Heap Scan on sbtest5  (cost=21.75..3518.35 rows=909 width=121)
	        Recheck Cond: ((id >= 8527295) AND (id <= 8528294))
	        ->  Bitmap Index Scan on sbtest5_pkey  (cost=0.00..21.52 rows=909 width=0)
	              Index Cond: ((id >= 8527295) AND (id <= 8528294))

table 6 : explain SELECT c FROM sbtest6 WHERE id BETWEEN 4968335 AND 4969334 ORDER BY c
	Sort  (cost=4208.40..4211.09 rows=1078 width=121)
	  Sort Key: c
	  ->  Bitmap Heap Scan on sbtest6  (cost=23.48..4154.10 rows=1078 width=121)
	        Recheck Cond: ((id >= 4968335) AND (id <= 4969334))
	        ->  Bitmap Index Scan on sbtest6_pkey  (cost=0.00..23.21 rows=1078 width=0)
	              Index Cond: ((id >= 4968335) AND (id <= 4969334))

table 7 : explain SELECT c FROM sbtest7 WHERE id BETWEEN 1890438 AND 1891437 ORDER BY c
	Sort  (cost=4098.98..4101.60 rows=1049 width=121)
	  Sort Key: c
	  ->  Bitmap Heap Scan on sbtest7  (cost=23.19..4046.35 rows=1049 width=121)
	        Recheck Cond: ((id >= 1890438) AND (id <= 1891437))
	        ->  Bitmap Index Scan on sbtest7_pkey  (cost=0.00..22.93 rows=1049 width=0)
	              Index Cond: ((id >= 1890438) AND (id <= 1891437))

table 8 : explain SELECT c FROM sbtest8 WHERE id BETWEEN 7503439 AND 7504438 ORDER BY c
	Sort  (cost=3551.59..3553.85 rows=906 width=121)
	  Sort Key: c
	  ->  Bitmap Heap Scan on sbtest8  (cost=21.72..3507.09 rows=906 width=121)
	        Recheck Cond: ((id >= 7503439) AND (id <= 7504438))
	        ->  Bitmap Index Scan on sbtest8_pkey  (cost=0.00..21.50 rows=906 width=0)
	              Index Cond: ((id >= 7503439) AND (id <= 7504438))

for: distinct_ranges
table 1 : explain SELECT DISTINCT c FROM sbtest1 WHERE id BETWEEN 9891591 AND 9892590 ORDER BY c
	Unique  (cost=4615.72..4621.64 rows=1185 width=121)
	  ->  Sort  (cost=4615.72..4618.68 rows=1185 width=121)
	        Sort Key: c
	        ->  Bitmap Heap Scan on sbtest1  (cost=28.58..4555.22 rows=1185 width=121)
	              Recheck Cond: ((id >= 9891591) AND (id <= 9892590))
	              ->  Bitmap Index Scan on sbtest1_pkey  (cost=0.00..28.29 rows=1185 width=0)
	                    Index Cond: ((id >= 9891591) AND (id <= 9892590))

table 2 : explain SELECT DISTINCT c FROM sbtest2 WHERE id BETWEEN 3049367 AND 3050366 ORDER BY c
	Unique  (cost=3833.64..3838.54 rows=980 width=121)
	  ->  Sort  (cost=3833.64..3836.09 rows=980 width=121)
	        Sort Key: c
	        ->  Bitmap Heap Scan on sbtest2  (cost=22.48..3784.96 rows=980 width=121)
	              Recheck Cond: ((id >= 3049367) AND (id <= 3050366))
	              ->  Bitmap Index Scan on sbtest2_pkey  (cost=0.00..22.23 rows=980 width=0)
	                    Index Cond: ((id >= 3049367) AND (id <= 3050366))

table 3 : explain SELECT DISTINCT c FROM sbtest3 WHERE id BETWEEN 408346 AND 409345 ORDER BY c
	Unique  (cost=3676.81..3681.50 rows=939 width=121)
	  ->  Sort  (cost=3676.81..3679.16 rows=939 width=121)
	        Sort Key: c
	        ->  Bitmap Heap Scan on sbtest3  (cost=22.06..3630.45 rows=939 width=121)
	              Recheck Cond: ((id >= 408346) AND (id <= 409345))
	              ->  Bitmap Index Scan on sbtest3_pkey  (cost=0.00..21.82 rows=939 width=0)
	                    Index Cond: ((id >= 408346) AND (id <= 409345))

table 4 : explain SELECT DISTINCT c FROM sbtest4 WHERE id BETWEEN 5546826 AND 5547825 ORDER BY c
	Unique  (cost=3646.14..3650.79 rows=931 width=121)
	  ->  Sort  (cost=3646.14..3648.47 rows=931 width=121)
	        Sort Key: c
	        ->  Bitmap Heap Scan on sbtest4  (cost=21.98..3600.23 rows=931 width=121)
	              Recheck Cond: ((id >= 5546826) AND (id <= 5547825))
	              ->  Bitmap Index Scan on sbtest4_pkey  (cost=0.00..21.75 rows=931 width=0)
	                    Index Cond: ((id >= 5546826) AND (id <= 5547825))

table 5 : explain SELECT DISTINCT c FROM sbtest5 WHERE id BETWEEN 4931196 AND 4932195 ORDER BY c
	Unique  (cost=3681.85..3686.55 rows=940 width=121)
	  ->  Sort  (cost=3681.85..3684.20 rows=940 width=121)
	        Sort Key: c
	        ->  Bitmap Heap Scan on sbtest5  (cost=22.07..3635.43 rows=940 width=121)
	              Recheck Cond: ((id >= 4931196) AND (id <= 4932195))
	              ->  Bitmap Index Scan on sbtest5_pkey  (cost=0.00..21.83 rows=940 width=0)
	                    Index Cond: ((id >= 4931196) AND (id <= 4932195))

table 6 : explain SELECT DISTINCT c FROM sbtest6 WHERE id BETWEEN 969593 AND 970592 ORDER BY c
	Unique  (cost=3669.53..3674.21 rows=937 width=121)
	  ->  Sort  (cost=3669.53..3671.87 rows=937 width=121)
	        Sort Key: c
	        ->  Bitmap Heap Scan on sbtest6  (cost=22.04..3623.28 rows=937 width=121)
	              Recheck Cond: ((id >= 969593) AND (id <= 970592))
	              ->  Bitmap Index Scan on sbtest6_pkey  (cost=0.00..21.80 rows=937 width=0)
	                    Index Cond: ((id >= 969593) AND (id <= 970592))

table 7 : explain SELECT DISTINCT c FROM sbtest7 WHERE id BETWEEN 6778264 AND 6779263 ORDER BY c
	Unique  (cost=3881.13..3886.09 rows=992 width=121)
	  ->  Sort  (cost=3881.13..3883.61 rows=992 width=121)
	        Sort Key: c
	        ->  Bitmap Heap Scan on sbtest7  (cost=22.60..3831.76 rows=992 width=121)
	              Recheck Cond: ((id >= 6778264) AND (id <= 6779263))
	              ->  Bitmap Index Scan on sbtest7_pkey  (cost=0.00..22.36 rows=992 width=0)
	                    Index Cond: ((id >= 6778264) AND (id <= 6779263))

table 8 : explain SELECT DISTINCT c FROM sbtest8 WHERE id BETWEEN 2466400 AND 2467399 ORDER BY c
	Unique  (cost=3961.31..3966.38 rows=1013 width=121)
	  ->  Sort  (cost=3961.31..3963.84 rows=1013 width=121)
	        Sort Key: c
	        ->  Bitmap Heap Scan on sbtest8  (cost=22.82..3910.74 rows=1013 width=121)
	              Recheck Cond: ((id >= 2466400) AND (id <= 2467399))
	              ->  Bitmap Index Scan on sbtest8_pkey  (cost=0.00..22.57 rows=1013 width=0)
	                    Index Cond: ((id >= 2466400) AND (id <= 2467399))

for: distinct_ranges
table 1 : explain SELECT DISTINCT c FROM sbtest1 WHERE id BETWEEN 3655237 AND 3656236 ORDER BY c
	Unique  (cost=4257.68..4263.14 rows=1091 width=121)
	  ->  Sort  (cost=4257.68..4260.41 rows=1091 width=121)
	        Sort Key: c
	        ->  Bitmap Heap Scan on sbtest1  (cost=23.62..4202.63 rows=1091 width=121)
	              Recheck Cond: ((id >= 3655237) AND (id <= 3656236))
	              ->  Bitmap Index Scan on sbtest1_pkey  (cost=0.00..23.34 rows=1091 width=0)
	                    Index Cond: ((id >= 3655237) AND (id <= 3656236))

table 2 : explain SELECT DISTINCT c FROM sbtest2 WHERE id BETWEEN 2092281 AND 2093280 ORDER BY c
	Unique  (cost=3806.87..3811.74 rows=973 width=121)
	  ->  Sort  (cost=3806.87..3809.30 rows=973 width=121)
	        Sort Key: c
	        ->  Bitmap Heap Scan on sbtest2  (cost=22.41..3758.58 rows=973 width=121)
	              Recheck Cond: ((id >= 2092281) AND (id <= 2093280))
	              ->  Bitmap Index Scan on sbtest2_pkey  (cost=0.00..22.16 rows=973 width=0)
	                    Index Cond: ((id >= 2092281) AND (id <= 2093280))

table 3 : explain SELECT DISTINCT c FROM sbtest3 WHERE id BETWEEN 9059721 AND 9060720 ORDER BY c
	Unique  (cost=4024.79..4029.94 rows=1030 width=121)
	  ->  Sort  (cost=4024.79..4027.37 rows=1030 width=121)
	        Sort Key: c
	        ->  Bitmap Heap Scan on sbtest3  (cost=22.99..3973.25 rows=1030 width=121)
	              Recheck Cond: ((id >= 9059721) AND (id <= 9060720))
	              ->  Bitmap Index Scan on sbtest3_pkey  (cost=0.00..22.73 rows=1030 width=0)
	                    Index Cond: ((id >= 9059721) AND (id <= 9060720))

table 4 : explain SELECT DISTINCT c FROM sbtest4 WHERE id BETWEEN 2261320 AND 2262319 ORDER BY c
	Unique  (cost=3818.39..3823.27 rows=976 width=121)
	  ->  Sort  (cost=3818.39..3820.83 rows=976 width=121)
	        Sort Key: c
	        ->  Bitmap Heap Scan on sbtest4  (cost=22.44..3769.93 rows=976 width=121)
	              Recheck Cond: ((id >= 2261320) AND (id <= 2262319))
	              ->  Bitmap Index Scan on sbtest4_pkey  (cost=0.00..22.19 rows=976 width=0)
	                    Index Cond: ((id >= 2261320) AND (id <= 2262319))

table 5 : explain SELECT DISTINCT c FROM sbtest5 WHERE id BETWEEN 9581577 AND 9582576 ORDER BY c
	Unique  (cost=3632.03..3636.67 rows=927 width=121)
	  ->  Sort  (cost=3632.03..3634.35 rows=927 width=121)
	        Sort Key: c
	        ->  Bitmap Heap Scan on sbtest5  (cost=21.94..3586.35 rows=927 width=121)
	              Recheck Cond: ((id >= 9581577) AND (id <= 9582576))
	              ->  Bitmap Index Scan on sbtest5_pkey  (cost=0.00..21.70 rows=927 width=0)
	                    Index Cond: ((id >= 9581577) AND (id <= 9582576))

table 6 : explain SELECT DISTINCT c FROM sbtest6 WHERE id BETWEEN 4930173 AND 4931172 ORDER BY c
	Unique  (cost=4208.40..4213.79 rows=1078 width=121)
	  ->  Sort  (cost=4208.40..4211.09 rows=1078 width=121)
	        Sort Key: c
	        ->  Bitmap Heap Scan on sbtest6  (cost=23.48..4154.10 rows=1078 width=121)
	              Recheck Cond: ((id >= 4930173) AND (id <= 4931172))
	              ->  Bitmap Index Scan on sbtest6_pkey  (cost=0.00..23.21 rows=1078 width=0)
	                    Index Cond: ((id >= 4930173) AND (id <= 4931172))

table 7 : explain SELECT DISTINCT c FROM sbtest7 WHERE id BETWEEN 3529550 AND 3530549 ORDER BY c
	Unique  (cost=3884.96..3889.92 rows=993 width=121)
	  ->  Sort  (cost=3884.96..3887.44 rows=993 width=121)
	        Sort Key: c
	        ->  Bitmap Heap Scan on sbtest7  (cost=22.61..3835.53 rows=993 width=121)
	              Recheck Cond: ((id >= 3529550) AND (id <= 3530549))
	              ->  Bitmap Index Scan on sbtest7_pkey  (cost=0.00..22.36 rows=993 width=0)
	                    Index Cond: ((id >= 3529550) AND (id <= 3530549))

table 8 : explain SELECT DISTINCT c FROM sbtest8 WHERE id BETWEEN 8969720 AND 8970719 ORDER BY c
	Unique  (cost=3808.31..3813.18 rows=973 width=121)
	  ->  Sort  (cost=3808.31..3810.74 rows=973 width=121)
	        Sort Key: c
	        ->  Bitmap Heap Scan on sbtest8  (cost=22.41..3760.02 rows=973 width=121)
	              Recheck Cond: ((id >= 8969720) AND (id <= 8970719))
	              ->  Bitmap Index Scan on sbtest8_pkey  (cost=0.00..22.16 rows=973 width=0)
	                    Index Cond: ((id >= 8969720) AND (id <= 8970719))

for: order_ranges
table 1 : explain SELECT c FROM sbtest1 WHERE id BETWEEN 3093568 AND 3094567 ORDER BY c
	Sort  (cost=3761.19..3763.59 rows=961 width=121)
	  Sort Key: c
	  ->  Bitmap Heap Scan on sbtest1  (cost=22.29..3713.58 rows=961 width=121)
	        Recheck Cond: ((id >= 3093568) AND (id <= 3094567))
	        ->  Bitmap Index Scan on sbtest1_pkey  (cost=0.00..22.04 rows=961 width=0)
	              Index Cond: ((id >= 3093568) AND (id <= 3094567))

table 2 : explain SELECT c FROM sbtest2 WHERE id BETWEEN 7954782 AND 7955781 ORDER BY c
	Sort  (cost=3925.39..3927.90 rows=1004 width=121)
	  Sort Key: c
	  ->  Bitmap Heap Scan on sbtest2  (cost=22.73..3875.34 rows=1004 width=121)
	        Recheck Cond: ((id >= 7954782) AND (id <= 7955781))
	        ->  Bitmap Index Scan on sbtest2_pkey  (cost=0.00..22.47 rows=1004 width=0)
	              Index Cond: ((id >= 7954782) AND (id <= 7955781))

table 3 : explain SELECT c FROM sbtest3 WHERE id BETWEEN 5530537 AND 5531536 ORDER BY c
	Sort  (cost=3875.78..3878.26 rows=991 width=121)
	  Sort Key: c
	  ->  Bitmap Heap Scan on sbtest3  (cost=22.59..3826.47 rows=991 width=121)
	        Recheck Cond: ((id >= 5530537) AND (id <= 5531536))
	        ->  Bitmap Index Scan on sbtest3_pkey  (cost=0.00..22.34 rows=991 width=0)
	              Index Cond: ((id >= 5530537) AND (id <= 5531536))

table 4 : explain SELECT c FROM sbtest4 WHERE id BETWEEN 5544017 AND 5545016 ORDER BY c
	Sort  (cost=3646.14..3648.47 rows=931 width=121)
	  Sort Key: c
	  ->  Bitmap Heap Scan on sbtest4  (cost=21.98..3600.23 rows=931 width=121)
	        Recheck Cond: ((id >= 5544017) AND (id <= 5545016))
	        ->  Bitmap Index Scan on sbtest4_pkey  (cost=0.00..21.75 rows=931 width=0)
	              Index Cond: ((id >= 5544017) AND (id <= 5545016))

table 5 : explain SELECT c FROM sbtest5 WHERE id BETWEEN 1192754 AND 1193753 ORDER BY c
	Sort  (cost=3746.97..3749.36 rows=957 width=121)
	  Sort Key: c
	  ->  Bitmap Heap Scan on sbtest5  (cost=22.24..3699.58 rows=957 width=121)
	        Recheck Cond: ((id >= 1192754) AND (id <= 1193753))
	        ->  Bitmap Index Scan on sbtest5_pkey  (cost=0.00..22.00 rows=957 width=0)
	              Index Cond: ((id >= 1192754) AND (id <= 1193753))

table 6 : explain SELECT c FROM sbtest6 WHERE id BETWEEN 8713043 AND 8714042 ORDER BY c
	Sort  (cost=3504.70..3506.93 rows=894 width=121)
	  Sort Key: c
	  ->  Bitmap Heap Scan on sbtest6  (cost=21.60..3460.87 rows=894 width=121)
	        Recheck Cond: ((id >= 8713043) AND (id <= 8714042))
	        ->  Bitmap Index Scan on sbtest6_pkey  (cost=0.00..21.37 rows=894 width=0)
	              Index Cond: ((id >= 8713043) AND (id <= 8714042))

table 7 : explain SELECT c FROM sbtest7 WHERE id BETWEEN 7150836 AND 7151835 ORDER BY c
	Sort  (cost=3915.56..3918.06 rows=1001 width=121)
	  Sort Key: c
	  ->  Bitmap Heap Scan on sbtest7  (cost=22.70..3865.67 rows=1001 width=121)
	        Recheck Cond: ((id >= 7150836) AND (id <= 7151835))
	        ->  Bitmap Index Scan on sbtest7_pkey  (cost=0.00..22.44 rows=1001 width=0)
	              Index Cond: ((id >= 7150836) AND (id <= 7151835))

table 8 : explain SELECT c FROM sbtest8 WHERE id BETWEEN 9286092 AND 9287091 ORDER BY c
	Sort  (cost=4224.97..4227.67 rows=1081 width=121)
	  Sort Key: c
	  ->  Bitmap Heap Scan on sbtest8  (cost=27.52..4170.50 rows=1081 width=121)
	        Recheck Cond: ((id >= 9286092) AND (id <= 9287091))
	        ->  Bitmap Index Scan on sbtest8_pkey  (cost=0.00..27.25 rows=1081 width=0)
	              Index Cond: ((id >= 9286092) AND (id <= 9287091))

for: simple_ranges
table 1 : explain SELECT c FROM sbtest1 WHERE id BETWEEN 1217242 AND 1218241
	Bitmap Heap Scan on sbtest1  (cost=23.01..3980.95 rows=1032 width=121)
	  Recheck Cond: ((id >= 1217242) AND (id <= 1218241))
	  ->  Bitmap Index Scan on sbtest1_pkey  (cost=0.00..22.75 rows=1032 width=0)
	        Index Cond: ((id >= 1217242) AND (id <= 1218241))

table 2 : explain SELECT c FROM sbtest2 WHERE id BETWEEN 3813131 AND 3814130
	Bitmap Heap Scan on sbtest2  (cost=21.91..3573.77 rows=924 width=121)
	  Recheck Cond: ((id >= 3813131) AND (id <= 3814130))
	  ->  Bitmap Index Scan on sbtest2_pkey  (cost=0.00..21.68 rows=924 width=0)
	        Index Cond: ((id >= 3813131) AND (id <= 3814130))

table 3 : explain SELECT c FROM sbtest3 WHERE id BETWEEN 2826744 AND 2827743
	Bitmap Heap Scan on sbtest3  (cost=21.36..3373.56 rows=871 width=121)
	  Recheck Cond: ((id >= 2826744) AND (id <= 2827743))
	  ->  Bitmap Index Scan on sbtest3_pkey  (cost=0.00..21.14 rows=871 width=0)
	        Index Cond: ((id >= 2826744) AND (id <= 2827743))

table 4 : explain SELECT c FROM sbtest4 WHERE id BETWEEN 3623823 AND 3624822
	Bitmap Heap Scan on sbtest4  (cost=22.62..3837.73 rows=994 width=121)
	  Recheck Cond: ((id >= 3623823) AND (id <= 3624822))
	  ->  Bitmap Index Scan on sbtest4_pkey  (cost=0.00..22.37 rows=994 width=0)
	        Index Cond: ((id >= 3623823) AND (id <= 3624822))

table 5 : explain SELECT c FROM sbtest5 WHERE id BETWEEN 3688005 AND 3689004
	Bitmap Heap Scan on sbtest5  (cost=23.05..3997.21 rows=1036 width=121)
	  Recheck Cond: ((id >= 3688005) AND (id <= 3689004))
	  ->  Bitmap Index Scan on sbtest5_pkey  (cost=0.00..22.79 rows=1036 width=0)
	        Index Cond: ((id >= 3688005) AND (id <= 3689004))

table 6 : explain SELECT c FROM sbtest6 WHERE id BETWEEN 5084901 AND 5085900
	Bitmap Heap Scan on sbtest6  (cost=22.32..3725.12 rows=964 width=121)
	  Recheck Cond: ((id >= 5084901) AND (id <= 5085900))
	  ->  Bitmap Index Scan on sbtest6_pkey  (cost=0.00..22.07 rows=964 width=0)
	        Index Cond: ((id >= 5084901) AND (id <= 5085900))

table 7 : explain SELECT c FROM sbtest7 WHERE id BETWEEN 4753693 AND 4754692
	Bitmap Heap Scan on sbtest7  (cost=22.88..3933.46 rows=1019 width=121)
	  Recheck Cond: ((id >= 4753693) AND (id <= 4754692))
	  ->  Bitmap Index Scan on sbtest7_pkey  (cost=0.00..22.62 rows=1019 width=0)
	        Index Cond: ((id >= 4753693) AND (id <= 4754692))

table 8 : explain SELECT c FROM sbtest8 WHERE id BETWEEN 5371504 AND 5372503
	Bitmap Heap Scan on sbtest8  (cost=22.38..3748.71 rows=970 width=121)
	  Recheck Cond: ((id >= 5371504) AND (id <= 5372503))
	  ->  Bitmap Index Scan on sbtest8_pkey  (cost=0.00..22.14 rows=970 width=0)
	        Index Cond: ((id >= 5371504) AND (id <= 5372503))

for: order_ranges
table 1 : explain SELECT c FROM sbtest1 WHERE id BETWEEN 5104725 AND 5105724 ORDER BY c
	Sort  (cost=3673.13..3675.48 rows=938 width=121)
	  Sort Key: c
	  ->  Bitmap Heap Scan on sbtest1  (cost=22.05..3626.83 rows=938 width=121)
	        Recheck Cond: ((id >= 5104725) AND (id <= 5105724))
	        ->  Bitmap Index Scan on sbtest1_pkey  (cost=0.00..21.82 rows=938 width=0)
	              Index Cond: ((id >= 5104725) AND (id <= 5105724))

table 2 : explain SELECT c FROM sbtest2 WHERE id BETWEEN 6950319 AND 6951318 ORDER BY c
	Sort  (cost=3898.64..3901.13 rows=997 width=121)
	  Sort Key: c
	  ->  Bitmap Heap Scan on sbtest2  (cost=22.65..3848.98 rows=997 width=121)
	        Recheck Cond: ((id >= 6950319) AND (id <= 6951318))
	        ->  Bitmap Index Scan on sbtest2_pkey  (cost=0.00..22.40 rows=997 width=0)
	              Index Cond: ((id >= 6950319) AND (id <= 6951318))

table 3 : explain SELECT c FROM sbtest3 WHERE id BETWEEN 6266322 AND 6267321 ORDER BY c
	Sort  (cost=4173.62..4176.29 rows=1069 width=121)
	  Sort Key: c
	  ->  Bitmap Heap Scan on sbtest3  (cost=23.39..4119.83 rows=1069 width=121)
	        Recheck Cond: ((id >= 6266322) AND (id <= 6267321))
	        ->  Bitmap Index Scan on sbtest3_pkey  (cost=0.00..23.12 rows=1069 width=0)
	              Index Cond: ((id >= 6266322) AND (id <= 6267321))

table 4 : explain SELECT c FROM sbtest4 WHERE id BETWEEN 140225 AND 141224 ORDER BY c
	Sort  (cost=4150.70..4153.35 rows=1063 width=121)
	  Sort Key: c
	  ->  Bitmap Heap Scan on sbtest4  (cost=23.33..4097.26 rows=1063 width=121)
	        Recheck Cond: ((id >= 140225) AND (id <= 141224))
	        ->  Bitmap Index Scan on sbtest4_pkey  (cost=0.00..23.07 rows=1063 width=0)
	              Index Cond: ((id >= 140225) AND (id <= 141224))

table 5 : explain SELECT c FROM sbtest5 WHERE id BETWEEN 6715430 AND 6716429 ORDER BY c
	Sort  (cost=3743.14..3745.53 rows=956 width=121)
	  Sort Key: c
	  ->  Bitmap Heap Scan on sbtest5  (cost=22.23..3695.81 rows=956 width=121)
	        Recheck Cond: ((id >= 6715430) AND (id <= 6716429))
	        ->  Bitmap Index Scan on sbtest5_pkey  (cost=0.00..22.00 rows=956 width=0)
	              Index Cond: ((id >= 6715430) AND (id <= 6716429))

table 6 : explain SELECT c FROM sbtest6 WHERE id BETWEEN 8605748 AND 8606747 ORDER BY c
	Sort  (cost=3853.25..3855.71 rows=985 width=121)
	  Sort Key: c
	  ->  Bitmap Heap Scan on sbtest6  (cost=22.53..3804.27 rows=985 width=121)
	        Recheck Cond: ((id >= 8605748) AND (id <= 8606747))
	        ->  Bitmap Index Scan on sbtest6_pkey  (cost=0.00..22.29 rows=985 width=0)
	              Index Cond: ((id >= 8605748) AND (id <= 8606747))

table 7 : explain SELECT c FROM sbtest7 WHERE id BETWEEN 8170340 AND 8171339 ORDER BY c
	Sort  (cost=3911.73..3914.23 rows=1000 width=121)
	  Sort Key: c
	  ->  Bitmap Heap Scan on sbtest7  (cost=22.68..3861.90 rows=1000 width=121)
	        Recheck Cond: ((id >= 8170340) AND (id <= 8171339))
	        ->  Bitmap Index Scan on sbtest7_pkey  (cost=0.00..22.43 rows=1000 width=0)
	              Index Cond: ((id >= 8170340) AND (id <= 8171339))

table 8 : explain SELECT c FROM sbtest8 WHERE id BETWEEN 4058066 AND 4059065 ORDER BY c
	Sort  (cost=3701.09..3703.45 rows=945 width=121)
	  Sort Key: c
	  ->  Bitmap Heap Scan on sbtest8  (cost=22.12..3654.39 rows=945 width=121)
	        Recheck Cond: ((id >= 4058066) AND (id <= 4059065))
	        ->  Bitmap Index Scan on sbtest8_pkey  (cost=0.00..21.89 rows=945 width=0)
	              Index Cond: ((id >= 4058066) AND (id <= 4059065))

for: order_ranges
table 1 : explain SELECT c FROM sbtest1 WHERE id BETWEEN 8307668 AND 8308667 ORDER BY c
	Sort  (cost=3925.64..3928.15 rows=1004 width=121)
	  Sort Key: c
	  ->  Bitmap Heap Scan on sbtest1  (cost=22.73..3875.59 rows=1004 width=121)
	        Recheck Cond: ((id >= 8307668) AND (id <= 8308667))
	        ->  Bitmap Index Scan on sbtest1_pkey  (cost=0.00..22.47 rows=1004 width=0)
	              Index Cond: ((id >= 8307668) AND (id <= 8308667))

table 2 : explain SELECT c FROM sbtest2 WHERE id BETWEEN 2140919 AND 2141918 ORDER BY c
	Sort  (cost=3527.29..3529.54 rows=900 width=121)
	  Sort Key: c
	  ->  Bitmap Heap Scan on sbtest2  (cost=21.66..3483.13 rows=900 width=121)
	        Recheck Cond: ((id >= 2140919) AND (id <= 2141918))
	        ->  Bitmap Index Scan on sbtest2_pkey  (cost=0.00..21.43 rows=900 width=0)
	              Index Cond: ((id >= 2140919) AND (id <= 2141918))

table 3 : explain SELECT c FROM sbtest3 WHERE id BETWEEN 6379652 AND 6380651 ORDER BY c
	Sort  (cost=3902.54..3905.04 rows=998 width=121)
	  Sort Key: c
	  ->  Bitmap Heap Scan on sbtest3  (cost=22.66..3852.83 rows=998 width=121)
	        Recheck Cond: ((id >= 6379652) AND (id <= 6380651))
	        ->  Bitmap Index Scan on sbtest3_pkey  (cost=0.00..22.41 rows=998 width=0)
	              Index Cond: ((id >= 6379652) AND (id <= 6380651))

table 4 : explain SELECT c FROM sbtest4 WHERE id BETWEEN 9316830 AND 9317829 ORDER BY c
	Sort  (cost=4009.48..4012.05 rows=1026 width=121)
	  Sort Key: c
	  ->  Bitmap Heap Scan on sbtest4  (cost=22.95..3958.17 rows=1026 width=121)
	        Recheck Cond: ((id >= 9316830) AND (id <= 9317829))
	        ->  Bitmap Index Scan on sbtest4_pkey  (cost=0.00..22.69 rows=1026 width=0)
	              Index Cond: ((id >= 9316830) AND (id <= 9317829))

table 5 : explain SELECT c FROM sbtest5 WHERE id BETWEEN 9128501 AND 9129500 ORDER BY c
	Sort  (cost=3482.44..3484.66 rows=888 width=121)
	  Sort Key: c
	  ->  Bitmap Heap Scan on sbtest5  (cost=21.54..3438.96 rows=888 width=121)
	        Recheck Cond: ((id >= 9128501) AND (id <= 9129500))
	        ->  Bitmap Index Scan on sbtest5_pkey  (cost=0.00..21.32 rows=888 width=0)
	              Index Cond: ((id >= 9128501) AND (id <= 9129500))

table 6 : explain SELECT c FROM sbtest6 WHERE id BETWEEN 9005083 AND 9006082 ORDER BY c
	Sort  (cost=3799.69..3802.12 rows=971 width=121)
	  Sort Key: c
	  ->  Bitmap Heap Scan on sbtest6  (cost=22.39..3751.51 rows=971 width=121)
	        Recheck Cond: ((id >= 9005083) AND (id <= 9006082))
	        ->  Bitmap Index Scan on sbtest6_pkey  (cost=0.00..22.14 rows=971 width=0)
	              Index Cond: ((id >= 9005083) AND (id <= 9006082))

table 7 : explain SELECT c FROM sbtest7 WHERE id BETWEEN 1236820 AND 1237819 ORDER BY c
	Sort  (cost=3969.08..3971.62 rows=1015 width=121)
	  Sort Key: c
	  ->  Bitmap Heap Scan on sbtest7  (cost=22.84..3918.40 rows=1015 width=121)
	        Recheck Cond: ((id >= 1236820) AND (id <= 1237819))
	        ->  Bitmap Index Scan on sbtest7_pkey  (cost=0.00..22.58 rows=1015 width=0)
	              Index Cond: ((id >= 1236820) AND (id <= 1237819))

table 8 : explain SELECT c FROM sbtest8 WHERE id BETWEEN 4214932 AND 4215931 ORDER BY c
	Sort  (cost=3708.75..3711.12 rows=947 width=121)
	  Sort Key: c
	  ->  Bitmap Heap Scan on sbtest8  (cost=22.14..3661.94 rows=947 width=121)
	        Recheck Cond: ((id >= 4214932) AND (id <= 4215931))
	        ->  Bitmap Index Scan on sbtest8_pkey  (cost=0.00..21.90 rows=947 width=0)
	              Index Cond: ((id >= 4214932) AND (id <= 4215931))

for point_selects
table 1 : explain SELECT c FROM sbtest1 WHERE id=2686144
	Index Scan using sbtest1_pkey on sbtest1  (cost=0.43..8.45 rows=1 width=121)
	  Index Cond: (id = 2686144)

table 2 : explain SELECT c FROM sbtest2 WHERE id=8580785
	Index Scan using sbtest2_pkey on sbtest2  (cost=0.43..8.45 rows=1 width=121)
	  Index Cond: (id = 8580785)

table 3 : explain SELECT c FROM sbtest3 WHERE id=4964075
	Index Scan using sbtest3_pkey on sbtest3  (cost=0.43..8.45 rows=1 width=121)
	  Index Cond: (id = 4964075)

table 4 : explain SELECT c FROM sbtest4 WHERE id=7980909
	Index Scan using sbtest4_pkey on sbtest4  (cost=0.43..8.45 rows=1 width=121)
	  Index Cond: (id = 7980909)

table 5 : explain SELECT c FROM sbtest5 WHERE id=1291667
	Index Scan using sbtest5_pkey on sbtest5  (cost=0.43..8.45 rows=1 width=121)
	  Index Cond: (id = 1291667)

table 6 : explain SELECT c FROM sbtest6 WHERE id=2198426
	Index Scan using sbtest6_pkey on sbtest6  (cost=0.43..8.45 rows=1 width=121)
	  Index Cond: (id = 2198426)

table 7 : explain SELECT c FROM sbtest7 WHERE id=3824253
	Index Scan using sbtest7_pkey on sbtest7  (cost=0.43..8.45 rows=1 width=121)
	  Index Cond: (id = 3824253)

table 8 : explain SELECT c FROM sbtest8 WHERE id=1348312
	Index Scan using sbtest8_pkey on sbtest8  (cost=0.43..8.45 rows=1 width=121)
	  Index Cond: (id = 1348312)

for: simple_ranges
table 1 : explain SELECT c FROM sbtest1 WHERE id BETWEEN 8331056 AND 8332055
	Bitmap Heap Scan on sbtest1  (cost=22.73..3875.59 rows=1004 width=121)
	  Recheck Cond: ((id >= 8331056) AND (id <= 8332055))
	  ->  Bitmap Index Scan on sbtest1_pkey  (cost=0.00..22.47 rows=1004 width=0)
	        Index Cond: ((id >= 8331056) AND (id <= 8332055))

table 2 : explain SELECT c FROM sbtest2 WHERE id BETWEEN 2861622 AND 2862621
	Bitmap Heap Scan on sbtest2  (cost=21.87..3558.67 rows=920 width=121)
	  Recheck Cond: ((id >= 2861622) AND (id <= 2862621))
	  ->  Bitmap Index Scan on sbtest2_pkey  (cost=0.00..21.64 rows=920 width=0)
	        Index Cond: ((id >= 2861622) AND (id <= 2862621))

table 3 : explain SELECT c FROM sbtest3 WHERE id BETWEEN 4477269 AND 4478268
	Bitmap Heap Scan on sbtest3  (cost=22.53..3803.87 rows=985 width=121)
	  Recheck Cond: ((id >= 4477269) AND (id <= 4478268))
	  ->  Bitmap Index Scan on sbtest3_pkey  (cost=0.00..22.29 rows=985 width=0)
	        Index Cond: ((id >= 4477269) AND (id <= 4478268))

table 4 : explain SELECT c FROM sbtest4 WHERE id BETWEEN 3177002 AND 3178001
	Bitmap Heap Scan on sbtest4  (cost=23.13..4022.10 rows=1043 width=121)
	  Recheck Cond: ((id >= 3177002) AND (id <= 3178001))
	  ->  Bitmap Index Scan on sbtest4_pkey  (cost=0.00..22.86 rows=1043 width=0)
	        Index Cond: ((id >= 3177002) AND (id <= 3178001))

table 5 : explain SELECT c FROM sbtest5 WHERE id BETWEEN 5479717 AND 5480716
	Bitmap Heap Scan on sbtest5  (cost=23.23..4061.16 rows=1053 width=121)
	  Recheck Cond: ((id >= 5479717) AND (id <= 5480716))
	  ->  Bitmap Index Scan on sbtest5_pkey  (cost=0.00..22.96 rows=1053 width=0)
	        Index Cond: ((id >= 5479717) AND (id <= 5480716))

table 6 : explain SELECT c FROM sbtest6 WHERE id BETWEEN 1499230 AND 1500229
	Bitmap Heap Scan on sbtest6  (cost=22.71..3868.30 rows=1002 width=121)
	  Recheck Cond: ((id >= 1499230) AND (id <= 1500229))
	  ->  Bitmap Index Scan on sbtest6_pkey  (cost=0.00..22.45 rows=1002 width=0)
	        Index Cond: ((id >= 1499230) AND (id <= 1500229))

table 7 : explain SELECT c FROM sbtest7 WHERE id BETWEEN 9902197 AND 9903196
	Bitmap Heap Scan on sbtest7  (cost=22.62..3839.30 rows=994 width=121)
	  Recheck Cond: ((id >= 9902197) AND (id <= 9903196))
	  ->  Bitmap Index Scan on sbtest7_pkey  (cost=0.00..22.37 rows=994 width=0)
	        Index Cond: ((id >= 9902197) AND (id <= 9903196))

table 8 : explain SELECT c FROM sbtest8 WHERE id BETWEEN 9653435 AND 9654434
	Bitmap Heap Scan on sbtest8  (cost=22.58..3824.10 rows=990 width=121)
	  Recheck Cond: ((id >= 9653435) AND (id <= 9654434))
	  ->  Bitmap Index Scan on sbtest8_pkey  (cost=0.00..22.33 rows=990 width=0)
	        Index Cond: ((id >= 9653435) AND (id <= 9654434))

explain: for point_selects :: explain SELECT c FROM sbtest%u WHERE id=%u
for: distinct_ranges
table 1 : explain SELECT DISTINCT c FROM sbtest1 WHERE id BETWEEN 3355224 AND 3356223 ORDER BY c
	Unique  (cost=3814.76..3819.63 rows=975 width=121)
	  ->  Sort  (cost=3814.76..3817.20 rows=975 width=121)
	        Sort Key: c
	        ->  Bitmap Heap Scan on sbtest1  (cost=22.43..3766.35 rows=975 width=121)
	              Recheck Cond: ((id >= 3355224) AND (id <= 3356223))
	              ->  Bitmap Index Scan on sbtest1_pkey  (cost=0.00..22.18 rows=975 width=0)
	                    Index Cond: ((id >= 3355224) AND (id <= 3356223))

table 2 : explain SELECT DISTINCT c FROM sbtest2 WHERE id BETWEEN 1809339 AND 1810338 ORDER BY c
	Unique  (cost=3623.11..3627.74 rows=925 width=121)
	  ->  Sort  (cost=3623.11..3625.43 rows=925 width=121)
	        Sort Key: c
	        ->  Bitmap Heap Scan on sbtest2  (cost=21.92..3577.54 rows=925 width=121)
	              Recheck Cond: ((id >= 1809339) AND (id <= 1810338))
	              ->  Bitmap Index Scan on sbtest2_pkey  (cost=0.00..21.68 rows=925 width=0)
	                    Index Cond: ((id >= 1809339) AND (id <= 1810338))

table 3 : explain SELECT DISTINCT c FROM sbtest3 WHERE id BETWEEN 8088471 AND 8089470 ORDER BY c
	Unique  (cost=4150.73..4156.05 rows=1063 width=121)
	  ->  Sort  (cost=4150.73..4153.39 rows=1063 width=121)
	        Sort Key: c
	        ->  Bitmap Heap Scan on sbtest3  (cost=23.33..4097.30 rows=1063 width=121)
	              Recheck Cond: ((id >= 8088471) AND (id <= 8089470))
	              ->  Bitmap Index Scan on sbtest3_pkey  (cost=0.00..23.07 rows=1063 width=0)
	                    Index Cond: ((id >= 8088471) AND (id <= 8089470))

table 4 : explain SELECT DISTINCT c FROM sbtest4 WHERE id BETWEEN 6198766 AND 6199765 ORDER BY c
	Unique  (cost=3761.00..3765.81 rows=961 width=121)
	  ->  Sort  (cost=3761.00..3763.40 rows=961 width=121)
	        Sort Key: c
	        ->  Bitmap Heap Scan on sbtest4  (cost=22.29..3713.39 rows=961 width=121)
	              Recheck Cond: ((id >= 6198766) AND (id <= 6199765))
	              ->  Bitmap Index Scan on sbtest4_pkey  (cost=0.00..22.04 rows=961 width=0)
	                    Index Cond: ((id >= 6198766) AND (id <= 6199765))

table 5 : explain SELECT DISTINCT c FROM sbtest5 WHERE id BETWEEN 1294615 AND 1295614 ORDER BY c
	Unique  (cost=3685.68..3690.39 rows=941 width=121)
	  ->  Sort  (cost=3685.68..3688.03 rows=941 width=121)
	        Sort Key: c
	        ->  Bitmap Heap Scan on sbtest5  (cost=22.08..3639.21 rows=941 width=121)
	              Recheck Cond: ((id >= 1294615) AND (id <= 1295614))
	              ->  Bitmap Index Scan on sbtest5_pkey  (cost=0.00..21.84 rows=941 width=0)
	                    Index Cond: ((id >= 1294615) AND (id <= 1295614))

table 6 : explain SELECT DISTINCT c FROM sbtest6 WHERE id BETWEEN 1442952 AND 1443951 ORDER BY c
	Unique  (cost=3918.24..3923.25 rows=1002 width=121)
	  ->  Sort  (cost=3918.24..3920.75 rows=1002 width=121)
	        Sort Key: c
	        ->  Bitmap Heap Scan on sbtest6  (cost=22.71..3868.30 rows=1002 width=121)
	              Recheck Cond: ((id >= 1442952) AND (id <= 1443951))
	              ->  Bitmap Index Scan on sbtest6_pkey  (cost=0.00..22.45 rows=1002 width=0)
	                    Index Cond: ((id >= 1442952) AND (id <= 1443951))

table 7 : explain SELECT DISTINCT c FROM sbtest7 WHERE id BETWEEN 3927750 AND 3928749 ORDER BY c
	Unique  (cost=3513.33..3517.81 rows=896 width=121)
	  ->  Sort  (cost=3513.33..3515.57 rows=896 width=121)
	        Sort Key: c
	        ->  Bitmap Heap Scan on sbtest7  (cost=21.62..3469.39 rows=896 width=121)
	              Recheck Cond: ((id >= 3927750) AND (id <= 3928749))
	              ->  Bitmap Index Scan on sbtest7_pkey  (cost=0.00..21.39 rows=896 width=0)
	                    Index Cond: ((id >= 3927750) AND (id <= 3928749))

table 8 : explain SELECT DISTINCT c FROM sbtest8 WHERE id BETWEEN 6505996 AND 6506995 ORDER BY c
	Unique  (cost=3815.97..3820.84 rows=975 width=121)
	  ->  Sort  (cost=3815.97..3818.40 rows=975 width=121)
	        Sort Key: c
	        ->  Bitmap Heap Scan on sbtest8  (cost=22.43..3767.56 rows=975 width=121)
	              Recheck Cond: ((id >= 6505996) AND (id <= 6506995))
	              ->  Bitmap Index Scan on sbtest8_pkey  (cost=0.00..22.18 rows=975 width=0)
	                    Index Cond: ((id >= 6505996) AND (id <= 6506995))

for: distinct_ranges
table 1 : explain SELECT DISTINCT c FROM sbtest1 WHERE id BETWEEN 4980464 AND 4981463 ORDER BY c
	Unique  (cost=3822.41..3827.29 rows=977 width=121)
	  ->  Sort  (cost=3822.41..3824.85 rows=977 width=121)
	        Sort Key: c
	        ->  Bitmap Heap Scan on sbtest1  (cost=22.45..3773.89 rows=977 width=121)
	              Recheck Cond: ((id >= 4980464) AND (id <= 4981463))
	              ->  Bitmap Index Scan on sbtest1_pkey  (cost=0.00..22.20 rows=977 width=0)
	                    Index Cond: ((id >= 4980464) AND (id <= 4981463))

table 2 : explain SELECT DISTINCT c FROM sbtest2 WHERE id BETWEEN 9534458 AND 9535457 ORDER BY c
	Unique  (cost=4028.53..4033.68 rows=1031 width=121)
	  ->  Sort  (cost=4028.53..4031.11 rows=1031 width=121)
	        Sort Key: c
	        ->  Bitmap Heap Scan on sbtest2  (cost=23.00..3976.93 rows=1031 width=121)
	              Recheck Cond: ((id >= 9534458) AND (id <= 9535457))
	              ->  Bitmap Index Scan on sbtest2_pkey  (cost=0.00..22.75 rows=1031 width=0)
	                    Index Cond: ((id >= 9534458) AND (id <= 9535457))

table 3 : explain SELECT DISTINCT c FROM sbtest3 WHERE id BETWEEN 9829962 AND 9830961 ORDER BY c
	Unique  (cost=3703.61..3708.34 rows=946 width=121)
	  ->  Sort  (cost=3703.61..3705.98 rows=946 width=121)
	        Sort Key: c
	        ->  Bitmap Heap Scan on sbtest3  (cost=22.13..3656.85 rows=946 width=121)
	              Recheck Cond: ((id >= 9829962) AND (id <= 9830961))
	              ->  Bitmap Index Scan on sbtest3_pkey  (cost=0.00..21.89 rows=946 width=0)
	                    Index Cond: ((id >= 9829962) AND (id <= 9830961))

table 4 : explain SELECT DISTINCT c FROM sbtest4 WHERE id BETWEEN 1447017 AND 1448016 ORDER BY c
	Unique  (cost=3933.08..3938.11 rows=1006 width=121)
	  ->  Sort  (cost=3933.08..3935.60 rows=1006 width=121)
	        Sort Key: c
	        ->  Bitmap Heap Scan on sbtest4  (cost=22.75..3882.91 rows=1006 width=121)
	              Recheck Cond: ((id >= 1447017) AND (id <= 1448016))
	              ->  Bitmap Index Scan on sbtest4_pkey  (cost=0.00..22.50 rows=1006 width=0)
	                    Index Cond: ((id >= 1447017) AND (id <= 1448016))

table 5 : explain SELECT DISTINCT c FROM sbtest5 WHERE id BETWEEN 4239734 AND 4240733 ORDER BY c
	Unique  (cost=3704.84..3709.57 rows=946 width=121)
	  ->  Sort  (cost=3704.84..3707.20 rows=946 width=121)
	        Sort Key: c
	        ->  Bitmap Heap Scan on sbtest5  (cost=22.13..3658.08 rows=946 width=121)
	              Recheck Cond: ((id >= 4239734) AND (id <= 4240733))
	              ->  Bitmap Index Scan on sbtest5_pkey  (cost=0.00..21.89 rows=946 width=0)
	                    Index Cond: ((id >= 4239734) AND (id <= 4240733))

table 6 : explain SELECT DISTINCT c FROM sbtest6 WHERE id BETWEEN 6783159 AND 6784158 ORDER BY c
	Unique  (cost=3910.60..3915.60 rows=1000 width=121)
	  ->  Sort  (cost=3910.60..3913.10 rows=1000 width=121)
	        Sort Key: c
	        ->  Bitmap Heap Scan on sbtest6  (cost=22.68..3860.77 rows=1000 width=121)
	              Recheck Cond: ((id >= 6783159) AND (id <= 6784158))
	              ->  Bitmap Index Scan on sbtest6_pkey  (cost=0.00..22.43 rows=1000 width=0)
	                    Index Cond: ((id >= 6783159) AND (id <= 6784158))

table 7 : explain SELECT DISTINCT c FROM sbtest7 WHERE id BETWEEN 3847013 AND 3848012 ORDER BY c
	Unique  (cost=3513.33..3517.81 rows=896 width=121)
	  ->  Sort  (cost=3513.33..3515.57 rows=896 width=121)
	        Sort Key: c
	        ->  Bitmap Heap Scan on sbtest7  (cost=21.62..3469.39 rows=896 width=121)
	              Recheck Cond: ((id >= 3847013) AND (id <= 3848012))
	              ->  Bitmap Index Scan on sbtest7_pkey  (cost=0.00..21.39 rows=896 width=0)
	                    Index Cond: ((id >= 3847013) AND (id <= 3848012))

table 8 : explain SELECT DISTINCT c FROM sbtest8 WHERE id BETWEEN 1838929 AND 1839928 ORDER BY c
	Unique  (cost=4228.79..4234.20 rows=1082 width=121)
	  ->  Sort  (cost=4228.79..4231.49 rows=1082 width=121)
	        Sort Key: c
	        ->  Bitmap Heap Scan on sbtest8  (cost=27.53..4174.26 rows=1082 width=121)
	              Recheck Cond: ((id >= 1838929) AND (id <= 1839928))
	              ->  Bitmap Index Scan on sbtest8_pkey  (cost=0.00..27.25 rows=1082 width=0)
	                    Index Cond: ((id >= 1838929) AND (id <= 1839928))

for: sum_ranges
table 1 : explain SELECT SUM(k) FROM sbtest1 WHERE id BETWEEN 5284765 AND 5285764
	Aggregate  (cost=3523.39..3523.40 rows=1 width=8)
	  ->  Bitmap Heap Scan on sbtest1  (cost=21.76..3521.12 rows=910 width=4)
	        Recheck Cond: ((id >= 5284765) AND (id <= 5285764))
	        ->  Bitmap Index Scan on sbtest1_pkey  (cost=0.00..21.54 rows=910 width=0)
	              Index Cond: ((id >= 5284765) AND (id <= 5285764))

table 2 : explain SELECT SUM(k) FROM sbtest2 WHERE id BETWEEN 9423656 AND 9424655
	Aggregate  (cost=3806.25..3806.26 rows=1 width=8)
	  ->  Bitmap Heap Scan on sbtest2  (cost=22.53..3803.79 rows=985 width=4)
	        Recheck Cond: ((id >= 9423656) AND (id <= 9424655))
	        ->  Bitmap Index Scan on sbtest2_pkey  (cost=0.00..22.29 rows=985 width=0)
	              Index Cond: ((id >= 9423656) AND (id <= 9424655))

table 3 : explain SELECT SUM(k) FROM sbtest3 WHERE id BETWEEN 8759644 AND 8760643
	Aggregate  (cost=3889.23..3889.24 rows=1 width=8)
	  ->  Bitmap Heap Scan on sbtest3  (cost=22.76..3886.71 rows=1007 width=4)
	        Recheck Cond: ((id >= 8759644) AND (id <= 8760643))
	        ->  Bitmap Index Scan on sbtest3_pkey  (cost=0.00..22.50 rows=1007 width=0)
	              Index Cond: ((id >= 8759644) AND (id <= 8760643))

table 4 : explain SELECT SUM(k) FROM sbtest4 WHERE id BETWEEN 9024222 AND 9025221
	Aggregate  (cost=3889.19..3889.20 rows=1 width=8)
	  ->  Bitmap Heap Scan on sbtest4  (cost=22.76..3886.68 rows=1007 width=4)
	        Recheck Cond: ((id >= 9024222) AND (id <= 9025221))
	        ->  Bitmap Index Scan on sbtest4_pkey  (cost=0.00..22.50 rows=1007 width=0)
	              Index Cond: ((id >= 9024222) AND (id <= 9025221))

table 5 : explain SELECT SUM(k) FROM sbtest5 WHERE id BETWEEN 8781201 AND 8782200
	Aggregate  (cost=3800.09..3800.10 rows=1 width=8)
	  ->  Bitmap Heap Scan on sbtest5  (cost=22.51..3797.63 rows=983 width=4)
	        Recheck Cond: ((id >= 8781201) AND (id <= 8782200))
	        ->  Bitmap Index Scan on sbtest5_pkey  (cost=0.00..22.26 rows=983 width=0)
	              Index Cond: ((id >= 8781201) AND (id <= 8782200))

table 6 : explain SELECT SUM(k) FROM sbtest6 WHERE id BETWEEN 2227063 AND 2228062
	Aggregate  (cost=3934.84..3934.85 rows=1 width=8)
	  ->  Bitmap Heap Scan on sbtest6  (cost=22.88..3932.29 rows=1019 width=4)
	        Recheck Cond: ((id >= 2227063) AND (id <= 2228062))
	        ->  Bitmap Index Scan on sbtest6_pkey  (cost=0.00..22.62 rows=1019 width=0)
	              Index Cond: ((id >= 2227063) AND (id <= 2228062))

table 7 : explain SELECT SUM(k) FROM sbtest7 WHERE id BETWEEN 6671768 AND 6672767
	Aggregate  (cost=4143.02..4143.03 rows=1 width=8)
	  ->  Bitmap Heap Scan on sbtest7  (cost=23.44..4140.33 rows=1074 width=4)
	        Recheck Cond: ((id >= 6671768) AND (id <= 6672767))
	        ->  Bitmap Index Scan on sbtest7_pkey  (cost=0.00..23.18 rows=1074 width=0)
	              Index Cond: ((id >= 6671768) AND (id <= 6672767))

table 8 : explain SELECT SUM(k) FROM sbtest8 WHERE id BETWEEN 9637250 AND 9638249
	Aggregate  (cost=3826.58..3826.59 rows=1 width=8)
	  ->  Bitmap Heap Scan on sbtest8  (cost=22.58..3824.10 rows=990 width=4)
	        Recheck Cond: ((id >= 9637250) AND (id <= 9638249))
	        ->  Bitmap Index Scan on sbtest8_pkey  (cost=0.00..22.33 rows=990 width=0)
	              Index Cond: ((id >= 9637250) AND (id <= 9638249))

for: distinct_ranges
table 1 : explain SELECT DISTINCT c FROM sbtest1 WHERE id BETWEEN 3766595 AND 3767594 ORDER BY c
	Unique  (cost=3853.01..3857.93 rows=985 width=121)
	  ->  Sort  (cost=3853.01..3855.47 rows=985 width=121)
	        Sort Key: c
	        ->  Bitmap Heap Scan on sbtest1  (cost=22.53..3804.03 rows=985 width=121)
	              Recheck Cond: ((id >= 3766595) AND (id <= 3767594))
	              ->  Bitmap Index Scan on sbtest1_pkey  (cost=0.00..22.29 rows=985 width=0)
	                    Index Cond: ((id >= 3766595) AND (id <= 3767594))

table 2 : explain SELECT DISTINCT c FROM sbtest2 WHERE id BETWEEN 4733064 AND 4734063 ORDER BY c
	Unique  (cost=3967.42..3972.50 rows=1015 width=121)
	  ->  Sort  (cost=3967.42..3969.96 rows=1015 width=121)
	        Sort Key: c
	        ->  Bitmap Heap Scan on sbtest2  (cost=22.84..3916.74 rows=1015 width=121)
	              Recheck Cond: ((id >= 4733064) AND (id <= 4734063))
	              ->  Bitmap Index Scan on sbtest2_pkey  (cost=0.00..22.58 rows=1015 width=0)
	                    Index Cond: ((id >= 4733064) AND (id <= 4734063))

table 3 : explain SELECT DISTINCT c FROM sbtest3 WHERE id BETWEEN 6420208 AND 6421207 ORDER BY c
	Unique  (cost=3902.54..3907.53 rows=998 width=121)
	  ->  Sort  (cost=3902.54..3905.04 rows=998 width=121)
	        Sort Key: c
	        ->  Bitmap Heap Scan on sbtest3  (cost=22.66..3852.83 rows=998 width=121)
	              Recheck Cond: ((id >= 6420208) AND (id <= 6421207))
	              ->  Bitmap Index Scan on sbtest3_pkey  (cost=0.00..22.41 rows=998 width=0)
	                    Index Cond: ((id >= 6420208) AND (id <= 6421207))

table 4 : explain SELECT DISTINCT c FROM sbtest4 WHERE id BETWEEN 9045146 AND 9046145 ORDER BY c
	Unique  (cost=3936.90..3941.94 rows=1007 width=121)
	  ->  Sort  (cost=3936.90..3939.42 rows=1007 width=121)
	        Sort Key: c
	        ->  Bitmap Heap Scan on sbtest4  (cost=22.76..3886.68 rows=1007 width=121)
	              Recheck Cond: ((id >= 9045146) AND (id <= 9046145))
	              ->  Bitmap Index Scan on sbtest4_pkey  (cost=0.00..22.50 rows=1007 width=0)
	                    Index Cond: ((id >= 9045146) AND (id <= 9046145))

table 5 : explain SELECT DISTINCT c FROM sbtest5 WHERE id BETWEEN 704626 AND 705625 ORDER BY c
	Unique  (cost=4171.27..4176.61 rows=1068 width=121)
	  ->  Sort  (cost=4171.27..4173.94 rows=1068 width=121)
	        Sort Key: c
	        ->  Bitmap Heap Scan on sbtest5  (cost=23.38..4117.55 rows=1068 width=121)
	              Recheck Cond: ((id >= 704626) AND (id <= 705625))
	              ->  Bitmap Index Scan on sbtest5_pkey  (cost=0.00..23.11 rows=1068 width=0)
	                    Index Cond: ((id >= 704626) AND (id <= 705625))

table 6 : explain SELECT DISTINCT c FROM sbtest6 WHERE id BETWEEN 3423214 AND 3424213 ORDER BY c
	Unique  (cost=3994.67..3999.78 rows=1022 width=121)
	  ->  Sort  (cost=3994.67..3997.22 rows=1022 width=121)
	        Sort Key: c
	        ->  Bitmap Heap Scan on sbtest6  (cost=22.91..3943.58 rows=1022 width=121)
	              Recheck Cond: ((id >= 3423214) AND (id <= 3424213))
	              ->  Bitmap Index Scan on sbtest6_pkey  (cost=0.00..22.65 rows=1022 width=0)
	                    Index Cond: ((id >= 3423214) AND (id <= 3424213))

table 7 : explain SELECT DISTINCT c FROM sbtest7 WHERE id BETWEEN 6055990 AND 6056989 ORDER BY c
	Unique  (cost=3946.15..3951.19 rows=1009 width=121)
	  ->  Sort  (cost=3946.15..3948.67 rows=1009 width=121)
	        Sort Key: c
	        ->  Bitmap Heap Scan on sbtest7  (cost=22.78..3895.80 rows=1009 width=121)
	              Recheck Cond: ((id >= 6055990) AND (id <= 6056989))
	              ->  Bitmap Index Scan on sbtest7_pkey  (cost=0.00..22.52 rows=1009 width=0)
	                    Index Cond: ((id >= 6055990) AND (id <= 6056989))

table 8 : explain SELECT DISTINCT c FROM sbtest8 WHERE id BETWEEN 1474860 AND 1475859 ORDER BY c
	Unique  (cost=4209.71..4215.10 rows=1077 width=121)
	  ->  Sort  (cost=4209.71..4212.40 rows=1077 width=121)
	        Sort Key: c
	        ->  Bitmap Heap Scan on sbtest8  (cost=27.47..4155.47 rows=1077 width=121)
	              Recheck Cond: ((id >= 1474860) AND (id <= 1475859))
	              ->  Bitmap Index Scan on sbtest8_pkey  (cost=0.00..27.20 rows=1077 width=0)
	                    Index Cond: ((id >= 1474860) AND (id <= 1475859))

for: simple_ranges
table 1 : explain SELECT c FROM sbtest1 WHERE id BETWEEN 5981837 AND 5982836
	Bitmap Heap Scan on sbtest1  (cost=23.27..4074.94 rows=1057 width=121)
	  Recheck Cond: ((id >= 5981837) AND (id <= 5982836))
	  ->  Bitmap Index Scan on sbtest1_pkey  (cost=0.00..23.00 rows=1057 width=0)
	        Index Cond: ((id >= 5981837) AND (id <= 5982836))

table 2 : explain SELECT c FROM sbtest2 WHERE id BETWEEN 813278 AND 814277
	Bitmap Heap Scan on sbtest2  (cost=22.99..3973.17 rows=1030 width=121)
	  Recheck Cond: ((id >= 813278) AND (id <= 814277))
	  ->  Bitmap Index Scan on sbtest2_pkey  (cost=0.00..22.73 rows=1030 width=0)
	        Index Cond: ((id >= 813278) AND (id <= 814277))

table 3 : explain SELECT c FROM sbtest3 WHERE id BETWEEN 7479719 AND 7480718
	Bitmap Heap Scan on sbtest3  (cost=22.59..3826.47 rows=991 width=121)
	  Recheck Cond: ((id >= 7479719) AND (id <= 7480718))
	  ->  Bitmap Index Scan on sbtest3_pkey  (cost=0.00..22.34 rows=991 width=0)
	        Index Cond: ((id >= 7479719) AND (id <= 7480718))

table 4 : explain SELECT c FROM sbtest4 WHERE id BETWEEN 6673773 AND 6674772
	Bitmap Heap Scan on sbtest4  (cost=22.21..3687.00 rows=954 width=121)
	  Recheck Cond: ((id >= 6673773) AND (id <= 6674772))
	  ->  Bitmap Index Scan on sbtest4_pkey  (cost=0.00..21.97 rows=954 width=0)
	        Index Cond: ((id >= 6673773) AND (id <= 6674772))

table 5 : explain SELECT c FROM sbtest5 WHERE id BETWEEN 1001541 AND 1002540
	Bitmap Heap Scan on sbtest5  (cost=22.37..3744.85 rows=969 width=121)
	  Recheck Cond: ((id >= 1001541) AND (id <= 1002540))
	  ->  Bitmap Index Scan on sbtest5_pkey  (cost=0.00..22.12 rows=969 width=0)
	        Index Cond: ((id >= 1001541) AND (id <= 1002540))

table 6 : explain SELECT c FROM sbtest6 WHERE id BETWEEN 9431486 AND 9432485
	Bitmap Heap Scan on sbtest6  (cost=23.20..4048.89 rows=1050 width=121)
	  Recheck Cond: ((id >= 9431486) AND (id <= 9432485))
	  ->  Bitmap Index Scan on sbtest6_pkey  (cost=0.00..22.93 rows=1050 width=0)
	        Index Cond: ((id >= 9431486) AND (id <= 9432485))

table 7 : explain SELECT c FROM sbtest7 WHERE id BETWEEN 6419915 AND 6420914
	Bitmap Heap Scan on sbtest7  (cost=23.43..4136.58 rows=1073 width=121)
	  Recheck Cond: ((id >= 6419915) AND (id <= 6420914))
	  ->  Bitmap Index Scan on sbtest7_pkey  (cost=0.00..23.16 rows=1073 width=0)
	        Index Cond: ((id >= 6419915) AND (id <= 6420914))

table 8 : explain SELECT c FROM sbtest8 WHERE id BETWEEN 1492159 AND 1493158
	Bitmap Heap Scan on sbtest8  (cost=27.47..4155.47 rows=1077 width=121)
	  Recheck Cond: ((id >= 1492159) AND (id <= 1493158))
	  ->  Bitmap Index Scan on sbtest8_pkey  (cost=0.00..27.20 rows=1077 width=0)
	        Index Cond: ((id >= 1492159) AND (id <= 1493158))

for: distinct_ranges
table 1 : explain SELECT DISTINCT c FROM sbtest1 WHERE id BETWEEN 6547967 AND 6548966 ORDER BY c
	Unique  (cost=4277.01..4282.49 rows=1096 width=121)
	  ->  Sort  (cost=4277.01..4279.75 rows=1096 width=121)
	        Sort Key: c
	        ->  Bitmap Heap Scan on sbtest1  (cost=27.67..4221.67 rows=1096 width=121)
	              Recheck Cond: ((id >= 6547967) AND (id <= 6548966))
	              ->  Bitmap Index Scan on sbtest1_pkey  (cost=0.00..27.39 rows=1096 width=0)
	                    Index Cond: ((id >= 6547967) AND (id <= 6548966))

table 2 : explain SELECT DISTINCT c FROM sbtest2 WHERE id BETWEEN 9836400 AND 9837399 ORDER BY c
	Unique  (cost=4158.28..4163.60 rows=1065 width=121)
	  ->  Sort  (cost=4158.28..4160.94 rows=1065 width=121)
	        Sort Key: c
	        ->  Bitmap Heap Scan on sbtest2  (cost=23.35..4104.72 rows=1065 width=121)
	              Recheck Cond: ((id >= 9836400) AND (id <= 9837399))
	              ->  Bitmap Index Scan on sbtest2_pkey  (cost=0.00..23.08 rows=1065 width=0)
	                    Index Cond: ((id >= 9836400) AND (id <= 9837399))

table 3 : explain SELECT DISTINCT c FROM sbtest3 WHERE id BETWEEN 5757030 AND 5758029 ORDER BY c
	Unique  (cost=3975.14..3980.23 rows=1017 width=121)
	  ->  Sort  (cost=3975.14..3977.68 rows=1017 width=121)
	        Sort Key: c
	        ->  Bitmap Heap Scan on sbtest3  (cost=22.86..3924.34 rows=1017 width=121)
	              Recheck Cond: ((id >= 5757030) AND (id <= 5758029))
	              ->  Bitmap Index Scan on sbtest3_pkey  (cost=0.00..22.61 rows=1017 width=0)
	                    Index Cond: ((id >= 5757030) AND (id <= 5758029))

table 4 : explain SELECT DISTINCT c FROM sbtest4 WHERE id BETWEEN 6054816 AND 6055815 ORDER BY c
	Unique  (cost=4005.66..4010.79 rows=1025 width=121)
	  ->  Sort  (cost=4005.66..4008.23 rows=1025 width=121)
	        Sort Key: c
	        ->  Bitmap Heap Scan on sbtest4  (cost=22.94..3954.41 rows=1025 width=121)
	              Recheck Cond: ((id >= 6054816) AND (id <= 6055815))
	              ->  Bitmap Index Scan on sbtest4_pkey  (cost=0.00..22.68 rows=1025 width=0)
	                    Index Cond: ((id >= 6054816) AND (id <= 6055815))

table 5 : explain SELECT DISTINCT c FROM sbtest5 WHERE id BETWEEN 1600545 AND 1601544 ORDER BY c
	Unique  (cost=4014.72..4019.85 rows=1027 width=121)
	  ->  Sort  (cost=4014.72..4017.29 rows=1027 width=121)
	        Sort Key: c
	        ->  Bitmap Heap Scan on sbtest5  (cost=22.96..3963.35 rows=1027 width=121)
	              Recheck Cond: ((id >= 1600545) AND (id <= 1601544))
	              ->  Bitmap Index Scan on sbtest5_pkey  (cost=0.00..22.70 rows=1027 width=0)
	                    Index Cond: ((id >= 1600545) AND (id <= 1601544))

table 6 : explain SELECT DISTINCT c FROM sbtest6 WHERE id BETWEEN 2556551 AND 2557550 ORDER BY c
	Unique  (cost=3922.07..3927.08 rows=1003 width=121)
	  ->  Sort  (cost=3922.07..3924.57 rows=1003 width=121)
	        Sort Key: c
	        ->  Bitmap Heap Scan on sbtest6  (cost=22.72..3872.07 rows=1003 width=121)
	              Recheck Cond: ((id >= 2556551) AND (id <= 2557550))
	              ->  Bitmap Index Scan on sbtest6_pkey  (cost=0.00..22.46 rows=1003 width=0)
	                    Index Cond: ((id >= 2556551) AND (id <= 2557550))

table 7 : explain SELECT DISTINCT c FROM sbtest7 WHERE id BETWEEN 506135 AND 507134 ORDER BY c
	Unique  (cost=3701.21..3705.93 rows=945 width=121)
	  ->  Sort  (cost=3701.21..3703.57 rows=945 width=121)
	        Sort Key: c
	        ->  Bitmap Heap Scan on sbtest7  (cost=22.12..3654.50 rows=945 width=121)
	              Recheck Cond: ((id >= 506135) AND (id <= 507134))
	              ->  Bitmap Index Scan on sbtest7_pkey  (cost=0.00..21.89 rows=945 width=0)
	                    Index Cond: ((id >= 506135) AND (id <= 507134))

table 8 : explain SELECT DISTINCT c FROM sbtest8 WHERE id BETWEEN 1672556 AND 1673555 ORDER BY c
	Unique  (cost=3869.53..3874.48 rows=989 width=121)
	  ->  Sort  (cost=3869.53..3872.01 rows=989 width=121)
	        Sort Key: c
	        ->  Bitmap Heap Scan on sbtest8  (cost=22.57..3820.33 rows=989 width=121)
	              Recheck Cond: ((id >= 1672556) AND (id <= 1673555))
	              ->  Bitmap Index Scan on sbtest8_pkey  (cost=0.00..22.32 rows=989 width=0)
	                    Index Cond: ((id >= 1672556) AND (id <= 1673555))

for: distinct_ranges
table 1 : explain SELECT DISTINCT c FROM sbtest1 WHERE id BETWEEN 7739744 AND 7740743 ORDER BY c
	Unique  (cost=3994.42..3999.53 rows=1022 width=121)
	  ->  Sort  (cost=3994.42..3996.97 rows=1022 width=121)
	        Sort Key: c
	        ->  Bitmap Heap Scan on sbtest1  (cost=22.91..3943.33 rows=1022 width=121)
	              Recheck Cond: ((id >= 7739744) AND (id <= 7740743))
	              ->  Bitmap Index Scan on sbtest1_pkey  (cost=0.00..22.65 rows=1022 width=0)
	                    Index Cond: ((id >= 7739744) AND (id <= 7740743))

table 2 : explain SELECT DISTINCT c FROM sbtest2 WHERE id BETWEEN 1914149 AND 1915148 ORDER BY c
	Unique  (cost=3657.59..3662.26 rows=934 width=121)
	  ->  Sort  (cost=3657.59..3659.92 rows=934 width=121)
	        Sort Key: c
	        ->  Bitmap Heap Scan on sbtest2  (cost=22.01..3611.51 rows=934 width=121)
	              Recheck Cond: ((id >= 1914149) AND (id <= 1915148))
	              ->  Bitmap Index Scan on sbtest2_pkey  (cost=0.00..21.77 rows=934 width=0)
	                    Index Cond: ((id >= 1914149) AND (id <= 1915148))

table 3 : explain SELECT DISTINCT c FROM sbtest3 WHERE id BETWEEN 6226604 AND 6227603 ORDER BY c
	Unique  (cost=4173.62..4178.96 rows=1069 width=121)
	  ->  Sort  (cost=4173.62..4176.29 rows=1069 width=121)
	        Sort Key: c
	        ->  Bitmap Heap Scan on sbtest3  (cost=23.39..4119.83 rows=1069 width=121)
	              Recheck Cond: ((id >= 6226604) AND (id <= 6227603))
	              ->  Bitmap Index Scan on sbtest3_pkey  (cost=0.00..23.12 rows=1069 width=0)
	                    Index Cond: ((id >= 6226604) AND (id <= 6227603))

table 4 : explain SELECT DISTINCT c FROM sbtest4 WHERE id BETWEEN 88514 AND 89513 ORDER BY c
	Unique  (cost=3642.31..3646.96 rows=930 width=121)
	  ->  Sort  (cost=3642.31..3644.63 rows=930 width=121)
	        Sort Key: c
	        ->  Bitmap Heap Scan on sbtest4  (cost=21.97..3596.45 rows=930 width=121)
	              Recheck Cond: ((id >= 88514) AND (id <= 89513))
	              ->  Bitmap Index Scan on sbtest4_pkey  (cost=0.00..21.73 rows=930 width=0)
	                    Index Cond: ((id >= 88514) AND (id <= 89513))

table 5 : explain SELECT DISTINCT c FROM sbtest5 WHERE id BETWEEN 4527693 AND 4528692 ORDER BY c
	Unique  (cost=3919.16..3924.17 rows=1002 width=121)
	  ->  Sort  (cost=3919.16..3921.67 rows=1002 width=121)
	        Sort Key: c
	        ->  Bitmap Heap Scan on sbtest5  (cost=22.71..3869.22 rows=1002 width=121)
	              Recheck Cond: ((id >= 4527693) AND (id <= 4528692))
	              ->  Bitmap Index Scan on sbtest5_pkey  (cost=0.00..22.45 rows=1002 width=0)
	                    Index Cond: ((id >= 4527693) AND (id <= 4528692))

table 6 : explain SELECT DISTINCT c FROM sbtest6 WHERE id BETWEEN 8052478 AND 8053477 ORDER BY c
	Unique  (cost=3887.66..3892.63 rows=994 width=121)
	  ->  Sort  (cost=3887.66..3890.15 rows=994 width=121)
	        Sort Key: c
	        ->  Bitmap Heap Scan on sbtest6  (cost=22.62..3838.17 rows=994 width=121)
	              Recheck Cond: ((id >= 8052478) AND (id <= 8053477))
	              ->  Bitmap Index Scan on sbtest6_pkey  (cost=0.00..22.37 rows=994 width=0)
	                    Index Cond: ((id >= 8052478) AND (id <= 8053477))

table 7 : explain SELECT DISTINCT c FROM sbtest7 WHERE id BETWEEN 5385397 AND 5386396 ORDER BY c
	Unique  (cost=3616.89..3621.50 rows=923 width=121)
	  ->  Sort  (cost=3616.89..3619.20 rows=923 width=121)
	        Sort Key: c
	        ->  Bitmap Heap Scan on sbtest7  (cost=21.90..3571.43 rows=923 width=121)
	              Recheck Cond: ((id >= 5385397) AND (id <= 5386396))
	              ->  Bitmap Index Scan on sbtest7_pkey  (cost=0.00..21.66 rows=923 width=0)
	                    Index Cond: ((id >= 5385397) AND (id <= 5386396))

table 8 : explain SELECT DISTINCT c FROM sbtest8 WHERE id BETWEEN 8855033 AND 8856032 ORDER BY c
	Unique  (cost=3593.78..3598.36 rows=917 width=121)
	  ->  Sort  (cost=3593.78..3596.07 rows=917 width=121)
	        Sort Key: c
	        ->  Bitmap Heap Scan on sbtest8  (cost=21.83..3548.66 rows=917 width=121)
	              Recheck Cond: ((id >= 8855033) AND (id <= 8856032))
	              ->  Bitmap Index Scan on sbtest8_pkey  (cost=0.00..21.61 rows=917 width=0)
	                    Index Cond: ((id >= 8855033) AND (id <= 8856032))

explain: for point_selects :: explain SELECT c FROM sbtest%u WHERE id=%u
for point_selects
table 1 : explain SELECT c FROM sbtest1 WHERE id=9190355
	Index Scan using sbtest1_pkey on sbtest1  (cost=0.43..8.45 rows=1 width=121)
	  Index Cond: (id = 9190355)

table 2 : explain SELECT c FROM sbtest2 WHERE id=7197586
	Index Scan using sbtest2_pkey on sbtest2  (cost=0.43..8.45 rows=1 width=121)
	  Index Cond: (id = 7197586)

table 3 : explain SELECT c FROM sbtest3 WHERE id=2676386
	Index Scan using sbtest3_pkey on sbtest3  (cost=0.43..8.45 rows=1 width=121)
	  Index Cond: (id = 2676386)

table 4 : explain SELECT c FROM sbtest4 WHERE id=3165258
	Index Scan using sbtest4_pkey on sbtest4  (cost=0.43..8.45 rows=1 width=121)
	  Index Cond: (id = 3165258)

table 5 : explain SELECT c FROM sbtest5 WHERE id=2720512
	Index Scan using sbtest5_pkey on sbtest5  (cost=0.43..8.45 rows=1 width=121)
	  Index Cond: (id = 2720512)

table 6 : explain SELECT c FROM sbtest6 WHERE id=9713158
	Index Scan using sbtest6_pkey on sbtest6  (cost=0.43..8.45 rows=1 width=121)
	  Index Cond: (id = 9713158)

table 7 : explain SELECT c FROM sbtest7 WHERE id=6422091
	Index Scan using sbtest7_pkey on sbtest7  (cost=0.43..8.45 rows=1 width=121)
	  Index Cond: (id = 6422091)

table 8 : explain SELECT c FROM sbtest8 WHERE id=601967
	Index Scan using sbtest8_pkey on sbtest8  (cost=0.43..8.45 rows=1 width=121)
	  Index Cond: (id = 601967)

for: order_ranges
table 1 : explain SELECT c FROM sbtest1 WHERE id BETWEEN 9185650 AND 9186649 ORDER BY c
	Sort  (cost=4021.15..4023.72 rows=1029 width=121)
	  Sort Key: c
	  ->  Bitmap Heap Scan on sbtest1  (cost=22.98..3969.66 rows=1029 width=121)
	        Recheck Cond: ((id >= 9185650) AND (id <= 9186649))
	        ->  Bitmap Index Scan on sbtest1_pkey  (cost=0.00..22.72 rows=1029 width=0)
	              Index Cond: ((id >= 9185650) AND (id <= 9186649))

table 2 : explain SELECT c FROM sbtest2 WHERE id BETWEEN 3670412 AND 3671411 ORDER BY c
	Sort  (cost=3875.71..3878.18 rows=991 width=121)
	  Sort Key: c
	  ->  Bitmap Heap Scan on sbtest2  (cost=22.59..3826.39 rows=991 width=121)
	        Recheck Cond: ((id >= 3670412) AND (id <= 3671411))
	        ->  Bitmap Index Scan on sbtest2_pkey  (cost=0.00..22.34 rows=991 width=0)
	              Index Cond: ((id >= 3670412) AND (id <= 3671411))

table 3 : explain SELECT c FROM sbtest3 WHERE id BETWEEN 6850660 AND 6851659 ORDER BY c
	Sort  (cost=3841.37..3843.82 rows=982 width=121)
	  Sort Key: c
	  ->  Bitmap Heap Scan on sbtest3  (cost=22.50..3792.57 rows=982 width=121)
	        Recheck Cond: ((id >= 6850660) AND (id <= 6851659))
	        ->  Bitmap Index Scan on sbtest3_pkey  (cost=0.00..22.25 rows=982 width=0)
	              Index Cond: ((id >= 6850660) AND (id <= 6851659))

table 4 : explain SELECT c FROM sbtest4 WHERE id BETWEEN 4095325 AND 4096324 ORDER BY c
	Sort  (cost=4085.83..4088.45 rows=1046 width=121)
	  Sort Key: c
	  ->  Bitmap Heap Scan on sbtest4  (cost=23.16..4033.37 rows=1046 width=121)
	        Recheck Cond: ((id >= 4095325) AND (id <= 4096324))
	        ->  Bitmap Index Scan on sbtest4_pkey  (cost=0.00..22.89 rows=1046 width=0)
	              Index Cond: ((id >= 4095325) AND (id <= 4096324))

table 5 : explain SELECT c FROM sbtest5 WHERE id BETWEEN 6822858 AND 6823857 ORDER BY c
	Sort  (cost=3712.50..3714.87 rows=948 width=121)
	  Sort Key: c
	  ->  Bitmap Heap Scan on sbtest5  (cost=22.15..3665.63 rows=948 width=121)
	        Recheck Cond: ((id >= 6822858) AND (id <= 6823857))
	        ->  Bitmap Index Scan on sbtest5_pkey  (cost=0.00..21.91 rows=948 width=0)
	              Index Cond: ((id >= 6822858) AND (id <= 6823857))

table 6 : explain SELECT c FROM sbtest6 WHERE id BETWEEN 7388693 AND 7389692 ORDER BY c
	Sort  (cost=4013.77..4016.33 rows=1027 width=121)
	  Sort Key: c
	  ->  Bitmap Heap Scan on sbtest6  (cost=22.96..3962.39 rows=1027 width=121)
	        Recheck Cond: ((id >= 7388693) AND (id <= 7389692))
	        ->  Bitmap Index Scan on sbtest6_pkey  (cost=0.00..22.70 rows=1027 width=0)
	              Index Cond: ((id >= 7388693) AND (id <= 7389692))

table 7 : explain SELECT c FROM sbtest7 WHERE id BETWEEN 5980214 AND 5981213 ORDER BY c
	Sort  (cost=3946.15..3948.67 rows=1009 width=121)
	  Sort Key: c
	  ->  Bitmap Heap Scan on sbtest7  (cost=22.78..3895.80 rows=1009 width=121)
	        Recheck Cond: ((id >= 5980214) AND (id <= 5981213))
	        ->  Bitmap Index Scan on sbtest7_pkey  (cost=0.00..22.52 rows=1009 width=0)
	              Index Cond: ((id >= 5980214) AND (id <= 5981213))

table 8 : explain SELECT c FROM sbtest8 WHERE id BETWEEN 2838426 AND 2839425 ORDER BY c
	Sort  (cost=3754.71..3757.11 rows=959 width=121)
	  Sort Key: c
	  ->  Bitmap Heap Scan on sbtest8  (cost=22.26..3707.22 rows=959 width=121)
	        Recheck Cond: ((id >= 2838426) AND (id <= 2839425))
	        ->  Bitmap Index Scan on sbtest8_pkey  (cost=0.00..22.02 rows=959 width=0)
	              Index Cond: ((id >= 2838426) AND (id <= 2839425))

explain: for point_selects :: explain SELECT c FROM sbtest%u WHERE id=%u
explain: for point_selects :: explain SELECT c FROM sbtest%u WHERE id=%u
for: sum_ranges
table 1 : explain SELECT SUM(k) FROM sbtest1 WHERE id BETWEEN 5600966 AND 5601965
	Aggregate  (cost=3912.00..3912.01 rows=1 width=8)
	  ->  Bitmap Heap Scan on sbtest1  (cost=22.82..3909.46 rows=1013 width=4)
	        Recheck Cond: ((id >= 5600966) AND (id <= 5601965))
	        ->  Bitmap Index Scan on sbtest1_pkey  (cost=0.00..22.57 rows=1013 width=0)
	              Index Cond: ((id >= 5600966) AND (id <= 5601965))

table 2 : explain SELECT SUM(k) FROM sbtest2 WHERE id BETWEEN 3900478 AND 3901477
	Aggregate  (cost=3945.63..3945.64 rows=1 width=8)
	  ->  Bitmap Heap Scan on sbtest2  (cost=22.91..3943.07 rows=1022 width=4)
	        Recheck Cond: ((id >= 3900478) AND (id <= 3901477))
	        ->  Bitmap Index Scan on sbtest2_pkey  (cost=0.00..22.65 rows=1022 width=0)
	              Index Cond: ((id >= 3900478) AND (id <= 3901477))

table 3 : explain SELECT SUM(k) FROM sbtest3 WHERE id BETWEEN 1934638 AND 1935637
	Aggregate  (cost=4013.45..4013.46 rows=1 width=8)
	  ->  Bitmap Heap Scan on sbtest3  (cost=23.09..4010.85 rows=1040 width=4)
	        Recheck Cond: ((id >= 1934638) AND (id <= 1935637))
	        ->  Bitmap Index Scan on sbtest3_pkey  (cost=0.00..22.83 rows=1040 width=0)
	              Index Cond: ((id >= 1934638) AND (id <= 1935637))

table 4 : explain SELECT SUM(k) FROM sbtest4 WHERE id BETWEEN 7062994 AND 7063993
	Aggregate  (cost=3674.29..3674.30 rows=1 width=8)
	  ->  Bitmap Heap Scan on sbtest4  (cost=22.17..3671.91 rows=950 width=4)
	        Recheck Cond: ((id >= 7062994) AND (id <= 7063993))
	        ->  Bitmap Index Scan on sbtest4_pkey  (cost=0.00..21.93 rows=950 width=0)
	              Index Cond: ((id >= 7062994) AND (id <= 7063993))

table 5 : explain SELECT SUM(k) FROM sbtest5 WHERE id BETWEEN 4814407 AND 4815406
	Aggregate  (cost=3637.78..3637.79 rows=1 width=8)
	  ->  Bitmap Heap Scan on sbtest5  (cost=22.07..3635.43 rows=940 width=4)
	        Recheck Cond: ((id >= 4814407) AND (id <= 4815406))
	        ->  Bitmap Index Scan on sbtest5_pkey  (cost=0.00..21.83 rows=940 width=0)
	              Index Cond: ((id >= 4814407) AND (id <= 4815406))

table 6 : explain SELECT SUM(k) FROM sbtest6 WHERE id BETWEEN 7693269 AND 7694268
	Aggregate  (cost=3765.25..3765.26 rows=1 width=8)
	  ->  Bitmap Heap Scan on sbtest6  (cost=22.42..3762.82 rows=974 width=4)
	        Recheck Cond: ((id >= 7693269) AND (id <= 7694268))
	        ->  Bitmap Index Scan on sbtest6_pkey  (cost=0.00..22.18 rows=974 width=0)
	              Index Cond: ((id >= 7693269) AND (id <= 7694268))

table 7 : explain SELECT SUM(k) FROM sbtest7 WHERE id BETWEEN 1583808 AND 1584807
	Aggregate  (cost=4045.21..4045.22 rows=1 width=8)
	  ->  Bitmap Heap Scan on sbtest7  (cost=23.18..4042.59 rows=1048 width=4)
	        Recheck Cond: ((id >= 1583808) AND (id <= 1584807))
	        ->  Bitmap Index Scan on sbtest7_pkey  (cost=0.00..22.91 rows=1048 width=0)
	              Index Cond: ((id >= 1583808) AND (id <= 1584807))

table 8 : explain SELECT SUM(k) FROM sbtest8 WHERE id BETWEEN 8329697 AND 8330696
	Aggregate  (cost=3819.03..3819.04 rows=1 width=8)
	  ->  Bitmap Heap Scan on sbtest8  (cost=22.56..3816.56 rows=988 width=4)
	        Recheck Cond: ((id >= 8329697) AND (id <= 8330696))
	        ->  Bitmap Index Scan on sbtest8_pkey  (cost=0.00..22.32 rows=988 width=0)
	              Index Cond: ((id >= 8329697) AND (id <= 8330696))

explain: for point_selects :: explain SELECT c FROM sbtest%u WHERE id=%u
for: sum_ranges
table 1 : explain SELECT SUM(k) FROM sbtest1 WHERE id BETWEEN 7406433 AND 7407432
	Aggregate  (cost=3847.95..3847.96 rows=1 width=8)
	  ->  Bitmap Heap Scan on sbtest1  (cost=22.64..3845.46 rows=996 width=4)
	        Recheck Cond: ((id >= 7406433) AND (id <= 7407432))
	        ->  Bitmap Index Scan on sbtest1_pkey  (cost=0.00..22.39 rows=996 width=0)
	              Index Cond: ((id >= 7406433) AND (id <= 7407432))

table 2 : explain SELECT SUM(k) FROM sbtest2 WHERE id BETWEEN 8232652 AND 8233651
	Aggregate  (cost=3779.86..3779.87 rows=1 width=8)
	  ->  Bitmap Heap Scan on sbtest2  (cost=22.46..3777.42 rows=978 width=4)
	        Recheck Cond: ((id >= 8232652) AND (id <= 8233651))
	        ->  Bitmap Index Scan on sbtest2_pkey  (cost=0.00..22.21 rows=978 width=0)
	              Index Cond: ((id >= 8232652) AND (id <= 8233651))

table 3 : explain SELECT SUM(k) FROM sbtest3 WHERE id BETWEEN 1081902 AND 1082901
	Aggregate  (cost=4167.60..4167.61 rows=1 width=8)
	  ->  Bitmap Heap Scan on sbtest3  (cost=23.52..4164.90 rows=1081 width=4)
	        Recheck Cond: ((id >= 1081902) AND (id <= 1082901))
	        ->  Bitmap Index Scan on sbtest3_pkey  (cost=0.00..23.25 rows=1081 width=0)
	              Index Cond: ((id >= 1081902) AND (id <= 1082901))

table 4 : explain SELECT SUM(k) FROM sbtest4 WHERE id BETWEEN 2657618 AND 2658617
	Aggregate  (cost=3889.19..3889.20 rows=1 width=8)
	  ->  Bitmap Heap Scan on sbtest4  (cost=22.76..3886.68 rows=1007 width=4)
	        Recheck Cond: ((id >= 2657618) AND (id <= 2658617))
	        ->  Bitmap Index Scan on sbtest4_pkey  (cost=0.00..22.50 rows=1007 width=0)
	              Index Cond: ((id >= 2657618) AND (id <= 2658617))

table 5 : explain SELECT SUM(k) FROM sbtest5 WHERE id BETWEEN 9050919 AND 9051918
	Aggregate  (cost=3441.18..3441.19 rows=1 width=8)
	  ->  Bitmap Heap Scan on sbtest5  (cost=21.54..3438.96 rows=888 width=4)
	        Recheck Cond: ((id >= 9050919) AND (id <= 9051918))
	        ->  Bitmap Index Scan on sbtest5_pkey  (cost=0.00..21.32 rows=888 width=0)
	              Index Cond: ((id >= 9050919) AND (id <= 9051918))

table 6 : explain SELECT SUM(k) FROM sbtest6 WHERE id BETWEEN 1721152 AND 1722151
	Aggregate  (cost=3784.11..3784.12 rows=1 width=8)
	  ->  Bitmap Heap Scan on sbtest6  (cost=22.47..3781.66 rows=979 width=4)
	        Recheck Cond: ((id >= 1721152) AND (id <= 1722151))
	        ->  Bitmap Index Scan on sbtest6_pkey  (cost=0.00..22.22 rows=979 width=0)
	              Index Cond: ((id >= 1721152) AND (id <= 1722151))

table 7 : explain SELECT SUM(k) FROM sbtest7 WHERE id BETWEEN 7048474 AND 7049473
	Aggregate  (cost=3755.02..3755.03 rows=1 width=8)
	  ->  Bitmap Heap Scan on sbtest7  (cost=22.39..3752.60 rows=971 width=4)
	        Recheck Cond: ((id >= 7048474) AND (id <= 7049473))
	        ->  Bitmap Index Scan on sbtest7_pkey  (cost=0.00..22.14 rows=971 width=0)
	              Index Cond: ((id >= 7048474) AND (id <= 7049473))

table 8 : explain SELECT SUM(k) FROM sbtest8 WHERE id BETWEEN 9392606 AND 9393605
	Aggregate  (cost=3920.81..3920.82 rows=1 width=8)
	  ->  Bitmap Heap Scan on sbtest8  (cost=22.84..3918.27 rows=1015 width=4)
	        Recheck Cond: ((id >= 9392606) AND (id <= 9393605))
	        ->  Bitmap Index Scan on sbtest8_pkey  (cost=0.00..22.58 rows=1015 width=0)
	              Index Cond: ((id >= 9392606) AND (id <= 9393605))

explain: for point_selects :: explain SELECT c FROM sbtest%u WHERE id=%u
for: simple_ranges
table 1 : explain SELECT c FROM sbtest1 WHERE id BETWEEN 6638083 AND 6639082
	Bitmap Heap Scan on sbtest1  (cost=23.09..4011.03 rows=1040 width=121)
	  Recheck Cond: ((id >= 6638083) AND (id <= 6639082))
	  ->  Bitmap Index Scan on sbtest1_pkey  (cost=0.00..22.83 rows=1040 width=0)
	        Index Cond: ((id >= 6638083) AND (id <= 6639082))

table 2 : explain SELECT c FROM sbtest2 WHERE id BETWEEN 4879990 AND 4880989
	Bitmap Heap Scan on sbtest2  (cost=21.96..3592.64 rows=929 width=121)
	  Recheck Cond: ((id >= 4879990) AND (id <= 4880989))
	  ->  Bitmap Index Scan on sbtest2_pkey  (cost=0.00..21.72 rows=929 width=0)
	        Index Cond: ((id >= 4879990) AND (id <= 4880989))

table 3 : explain SELECT c FROM sbtest3 WHERE id BETWEEN 4462930 AND 4463929
	Bitmap Heap Scan on sbtest3  (cost=22.53..3803.87 rows=985 width=121)
	  Recheck Cond: ((id >= 4462930) AND (id <= 4463929))
	  ->  Bitmap Index Scan on sbtest3_pkey  (cost=0.00..22.29 rows=985 width=0)
	        Index Cond: ((id >= 4462930) AND (id <= 4463929))

table 4 : explain SELECT c FROM sbtest4 WHERE id BETWEEN 6257566 AND 6258565
	Bitmap Heap Scan on sbtest4  (cost=22.29..3713.39 rows=961 width=121)
	  Recheck Cond: ((id >= 6257566) AND (id <= 6258565))
	  ->  Bitmap Index Scan on sbtest4_pkey  (cost=0.00..22.04 rows=961 width=0)
	        Index Cond: ((id >= 6257566) AND (id <= 6258565))

table 5 : explain SELECT c FROM sbtest5 WHERE id BETWEEN 8025160 AND 8026159
	Bitmap Heap Scan on sbtest5  (cost=22.36..3741.08 rows=968 width=121)
	  Recheck Cond: ((id >= 8025160) AND (id <= 8026159))
	  ->  Bitmap Index Scan on sbtest5_pkey  (cost=0.00..22.11 rows=968 width=0)
	        Index Cond: ((id >= 8025160) AND (id <= 8026159))

table 6 : explain SELECT c FROM sbtest6 WHERE id BETWEEN 1909987 AND 1910986
	Bitmap Heap Scan on sbtest6  (cost=27.66..4221.93 rows=1095 width=121)
	  Recheck Cond: ((id >= 1909987) AND (id <= 1910986))
	  ->  Bitmap Index Scan on sbtest6_pkey  (cost=0.00..27.39 rows=1095 width=0)
	        Index Cond: ((id >= 1909987) AND (id <= 1910986))

table 7 : explain SELECT c FROM sbtest7 WHERE id BETWEEN 3507225 AND 3508224
	Bitmap Heap Scan on sbtest7  (cost=22.61..3835.53 rows=993 width=121)
	  Recheck Cond: ((id >= 3507225) AND (id <= 3508224))
	  ->  Bitmap Index Scan on sbtest7_pkey  (cost=0.00..22.36 rows=993 width=0)
	        Index Cond: ((id >= 3507225) AND (id <= 3508224))

table 8 : explain SELECT c FROM sbtest8 WHERE id BETWEEN 1366095 AND 1367094
	Bitmap Heap Scan on sbtest8  (cost=22.50..3793.95 rows=982 width=121)
	  Recheck Cond: ((id >= 1366095) AND (id <= 1367094))
	  ->  Bitmap Index Scan on sbtest8_pkey  (cost=0.00..22.25 rows=982 width=0)
	        Index Cond: ((id >= 1366095) AND (id <= 1367094))

for: distinct_ranges
table 1 : explain SELECT DISTINCT c FROM sbtest1 WHERE id BETWEEN 594856 AND 595855 ORDER BY c
	Unique  (cost=3535.17..3539.68 rows=902 width=121)
	  ->  Sort  (cost=3535.17..3537.42 rows=902 width=121)
	        Sort Key: c
	        ->  Bitmap Heap Scan on sbtest1  (cost=21.68..3490.90 rows=902 width=121)
	              Recheck Cond: ((id >= 594856) AND (id <= 595855))
	              ->  Bitmap Index Scan on sbtest1_pkey  (cost=0.00..21.45 rows=902 width=0)
	                    Index Cond: ((id >= 594856) AND (id <= 595855))

table 2 : explain SELECT DISTINCT c FROM sbtest2 WHERE id BETWEEN 6789980 AND 6790979 ORDER BY c
	Unique  (cost=4108.68..4113.94 rows=1052 width=121)
	  ->  Sort  (cost=4108.68..4111.31 rows=1052 width=121)
	        Sort Key: c
	        ->  Bitmap Heap Scan on sbtest2  (cost=23.22..4055.88 rows=1052 width=121)
	              Recheck Cond: ((id >= 6789980) AND (id <= 6790979))
	              ->  Bitmap Index Scan on sbtest2_pkey  (cost=0.00..22.95 rows=1052 width=0)
	                    Index Cond: ((id >= 6789980) AND (id <= 6790979))

table 3 : explain SELECT DISTINCT c FROM sbtest3 WHERE id BETWEEN 1239229 AND 1240228 ORDER BY c
	Unique  (cost=4104.95..4110.21 rows=1051 width=121)
	  ->  Sort  (cost=4104.95..4107.58 rows=1051 width=121)
	        Sort Key: c
	        ->  Bitmap Heap Scan on sbtest3  (cost=23.21..4052.20 rows=1051 width=121)
	              Recheck Cond: ((id >= 1239229) AND (id <= 1240228))
	              ->  Bitmap Index Scan on sbtest3_pkey  (cost=0.00..22.94 rows=1051 width=0)
	                    Index Cond: ((id >= 1239229) AND (id <= 1240228))

table 4 : explain SELECT DISTINCT c FROM sbtest4 WHERE id BETWEEN 6004788 AND 6005787 ORDER BY c
	Unique  (cost=4005.66..4010.79 rows=1025 width=121)
	  ->  Sort  (cost=4005.66..4008.23 rows=1025 width=121)
	        Sort Key: c
	        ->  Bitmap Heap Scan on sbtest4  (cost=22.94..3954.41 rows=1025 width=121)
	              Recheck Cond: ((id >= 6004788) AND (id <= 6005787))
	              ->  Bitmap Index Scan on sbtest4_pkey  (cost=0.00..22.68 rows=1025 width=0)
	                    Index Cond: ((id >= 6004788) AND (id <= 6005787))

table 5 : explain SELECT DISTINCT c FROM sbtest5 WHERE id BETWEEN 3326531 AND 3327530 ORDER BY c
	Unique  (cost=4400.28..4405.92 rows=1128 width=121)
	  ->  Sort  (cost=4400.28..4403.10 rows=1128 width=121)
	        Sort Key: c
	        ->  Bitmap Heap Scan on sbtest5  (cost=28.00..4343.10 rows=1128 width=121)
	              Recheck Cond: ((id >= 3326531) AND (id <= 3327530))
	              ->  Bitmap Index Scan on sbtest5_pkey  (cost=0.00..27.71 rows=1128 width=0)
	                    Index Cond: ((id >= 3326531) AND (id <= 3327530))

table 6 : explain SELECT DISTINCT c FROM sbtest6 WHERE id BETWEEN 8761168 AND 8762167 ORDER BY c
	Unique  (cost=3504.70..3509.17 rows=894 width=121)
	  ->  Sort  (cost=3504.70..3506.93 rows=894 width=121)
	        Sort Key: c
	        ->  Bitmap Heap Scan on sbtest6  (cost=21.60..3460.87 rows=894 width=121)
	              Recheck Cond: ((id >= 8761168) AND (id <= 8762167))
	              ->  Bitmap Index Scan on sbtest6_pkey  (cost=0.00..21.37 rows=894 width=0)
	                    Index Cond: ((id >= 8761168) AND (id <= 8762167))

table 7 : explain SELECT DISTINCT c FROM sbtest7 WHERE id BETWEEN 6403579 AND 6404578 ORDER BY c
	Unique  (cost=4190.59..4195.95 rows=1073 width=121)
	  ->  Sort  (cost=4190.59..4193.27 rows=1073 width=121)
	        Sort Key: c
	        ->  Bitmap Heap Scan on sbtest7  (cost=23.43..4136.58 rows=1073 width=121)
	              Recheck Cond: ((id >= 6403579) AND (id <= 6404578))
	              ->  Bitmap Index Scan on sbtest7_pkey  (cost=0.00..23.16 rows=1073 width=0)
	                    Index Cond: ((id >= 6403579) AND (id <= 6404578))

table 8 : explain SELECT DISTINCT c FROM sbtest8 WHERE id BETWEEN 9233436 AND 9234435 ORDER BY c
	Unique  (cost=4224.97..4230.38 rows=1081 width=121)
	  ->  Sort  (cost=4224.97..4227.67 rows=1081 width=121)
	        Sort Key: c
	        ->  Bitmap Heap Scan on sbtest8  (cost=27.52..4170.50 rows=1081 width=121)
	              Recheck Cond: ((id >= 9233436) AND (id <= 9234435))
	              ->  Bitmap Index Scan on sbtest8_pkey  (cost=0.00..27.25 rows=1081 width=0)
	                    Index Cond: ((id >= 9233436) AND (id <= 9234435))

for: order_ranges
table 1 : explain SELECT c FROM sbtest1 WHERE id BETWEEN 931087 AND 932086 ORDER BY c
	Sort  (cost=3956.21..3958.74 rows=1012 width=121)
	  Sort Key: c
	  ->  Bitmap Heap Scan on sbtest1  (cost=22.81..3905.70 rows=1012 width=121)
	        Recheck Cond: ((id >= 931087) AND (id <= 932086))
	        ->  Bitmap Index Scan on sbtest1_pkey  (cost=0.00..22.55 rows=1012 width=0)
	              Index Cond: ((id >= 931087) AND (id <= 932086))

table 2 : explain SELECT c FROM sbtest2 WHERE id BETWEEN 4339904 AND 4340903 ORDER BY c
	Sort  (cost=3894.82..3897.31 rows=996 width=121)
	  Sort Key: c
	  ->  Bitmap Heap Scan on sbtest2  (cost=22.64..3845.22 rows=996 width=121)
	        Recheck Cond: ((id >= 4339904) AND (id <= 4340903))
	        ->  Bitmap Index Scan on sbtest2_pkey  (cost=0.00..22.39 rows=996 width=0)
	              Index Cond: ((id >= 4339904) AND (id <= 4340903))

table 3 : explain SELECT c FROM sbtest3 WHERE id BETWEEN 1586751 AND 1587750 ORDER BY c
	Sort  (cost=4238.43..4241.15 rows=1086 width=121)
	  Sort Key: c
	  ->  Bitmap Heap Scan on sbtest3  (cost=23.57..4183.67 rows=1086 width=121)
	        Recheck Cond: ((id >= 1586751) AND (id <= 1587750))
	        ->  Bitmap Index Scan on sbtest3_pkey  (cost=0.00..23.29 rows=1086 width=0)
	              Index Cond: ((id >= 1586751) AND (id <= 1587750))

table 4 : explain SELECT c FROM sbtest4 WHERE id BETWEEN 5587931 AND 5588930 ORDER BY c
	Sort  (cost=3883.40..3885.88 rows=993 width=121)
	  Sort Key: c
	  ->  Bitmap Heap Scan on sbtest4  (cost=22.61..3833.97 rows=993 width=121)
	        Recheck Cond: ((id >= 5587931) AND (id <= 5588930))
	        ->  Bitmap Index Scan on sbtest4_pkey  (cost=0.00..22.36 rows=993 width=0)
	              Index Cond: ((id >= 5587931) AND (id <= 5588930))

table 5 : explain SELECT c FROM sbtest5 WHERE id BETWEEN 3363565 AND 3364564 ORDER BY c
	Sort  (cost=3980.33..3982.87 rows=1018 width=121)
	  Sort Key: c
	  ->  Bitmap Heap Scan on sbtest5  (cost=22.87..3929.47 rows=1018 width=121)
	        Recheck Cond: ((id >= 3363565) AND (id <= 3364564))
	        ->  Bitmap Index Scan on sbtest5_pkey  (cost=0.00..22.61 rows=1018 width=0)
	              Index Cond: ((id >= 3363565) AND (id <= 3364564))

table 6 : explain SELECT c FROM sbtest6 WHERE id BETWEEN 7658386 AND 7659385 ORDER BY c
	Sort  (cost=3811.17..3813.60 rows=974 width=121)
	  Sort Key: c
	  ->  Bitmap Heap Scan on sbtest6  (cost=22.42..3762.82 rows=974 width=121)
	        Recheck Cond: ((id >= 7658386) AND (id <= 7659385))
	        ->  Bitmap Index Scan on sbtest6_pkey  (cost=0.00..22.18 rows=974 width=0)
	              Index Cond: ((id >= 7658386) AND (id <= 7659385))

table 7 : explain SELECT c FROM sbtest7 WHERE id BETWEEN 7094971 AND 7095970 ORDER BY c
	Sort  (cost=3915.56..3918.06 rows=1001 width=121)
	  Sort Key: c
	  ->  Bitmap Heap Scan on sbtest7  (cost=22.70..3865.67 rows=1001 width=121)
	        Recheck Cond: ((id >= 7094971) AND (id <= 7095970))
	        ->  Bitmap Index Scan on sbtest7_pkey  (cost=0.00..22.44 rows=1001 width=0)
	              Index Cond: ((id >= 7094971) AND (id <= 7095970))

table 8 : explain SELECT c FROM sbtest8 WHERE id BETWEEN 9850281 AND 9851280 ORDER BY c
	Sort  (cost=3976.60..3979.14 rows=1017 width=121)
	  Sort Key: c
	  ->  Bitmap Heap Scan on sbtest8  (cost=22.86..3925.80 rows=1017 width=121)
	        Recheck Cond: ((id >= 9850281) AND (id <= 9851280))
	        ->  Bitmap Index Scan on sbtest8_pkey  (cost=0.00..22.61 rows=1017 width=0)
	              Index Cond: ((id >= 9850281) AND (id <= 9851280))

for: order_ranges
table 1 : explain SELECT c FROM sbtest1 WHERE id BETWEEN 9308963 AND 9309962 ORDER BY c
	Sort  (cost=3787.98..3790.40 rows=968 width=121)
	  Sort Key: c
	  ->  Bitmap Heap Scan on sbtest1  (cost=22.36..3739.97 rows=968 width=121)
	        Recheck Cond: ((id >= 9308963) AND (id <= 9309962))
	        ->  Bitmap Index Scan on sbtest1_pkey  (cost=0.00..22.11 rows=968 width=0)
	              Index Cond: ((id >= 9308963) AND (id <= 9309962))

table 2 : explain SELECT c FROM sbtest2 WHERE id BETWEEN 956291 AND 957290 ORDER BY c
	Sort  (cost=3891.00..3893.48 rows=995 width=121)
	  Sort Key: c
	  ->  Bitmap Heap Scan on sbtest2  (cost=22.63..3841.45 rows=995 width=121)
	        Recheck Cond: ((id >= 956291) AND (id <= 957290))
	        ->  Bitmap Index Scan on sbtest2_pkey  (cost=0.00..22.39 rows=995 width=0)
	              Index Cond: ((id >= 956291) AND (id <= 957290))

table 3 : explain SELECT c FROM sbtest3 WHERE id BETWEEN 8557004 AND 8558003 ORDER BY c
	Sort  (cost=3814.60..3817.03 rows=975 width=121)
	  Sort Key: c
	  ->  Bitmap Heap Scan on sbtest3  (cost=22.43..3766.19 rows=975 width=121)
	        Recheck Cond: ((id >= 8557004) AND (id <= 8558003))
	        ->  Bitmap Index Scan on sbtest3_pkey  (cost=0.00..22.18 rows=975 width=0)
	              Index Cond: ((id >= 8557004) AND (id <= 8558003))

table 4 : explain SELECT c FROM sbtest4 WHERE id BETWEEN 2865231 AND 2866230 ORDER BY c
	Sort  (cost=3848.98..3851.44 rows=984 width=121)
	  Sort Key: c
	  ->  Bitmap Heap Scan on sbtest4  (cost=22.52..3800.07 rows=984 width=121)
	        Recheck Cond: ((id >= 2865231) AND (id <= 2866230))
	        ->  Bitmap Index Scan on sbtest4_pkey  (cost=0.00..22.27 rows=984 width=0)
	              Index Cond: ((id >= 2865231) AND (id <= 2866230))

table 5 : explain SELECT c FROM sbtest5 WHERE id BETWEEN 7795977 AND 7796976 ORDER BY c
	Sort  (cost=4171.27..4173.94 rows=1068 width=121)
	  Sort Key: c
	  ->  Bitmap Heap Scan on sbtest5  (cost=23.38..4117.55 rows=1068 width=121)
	        Recheck Cond: ((id >= 7795977) AND (id <= 7796976))
	        ->  Bitmap Index Scan on sbtest5_pkey  (cost=0.00..23.11 rows=1068 width=0)
	              Index Cond: ((id >= 7795977) AND (id <= 7796976))

table 6 : explain SELECT c FROM sbtest6 WHERE id BETWEEN 6034837 AND 6035836 ORDER BY c
	Sort  (cost=3378.04..3380.19 rows=861 width=121)
	  Sort Key: c
	  ->  Bitmap Heap Scan on sbtest6  (cost=21.26..3336.06 rows=861 width=121)
	        Recheck Cond: ((id >= 6034837) AND (id <= 6035836))
	        ->  Bitmap Index Scan on sbtest6_pkey  (cost=0.00..21.04 rows=861 width=0)
	              Index Cond: ((id >= 6034837) AND (id <= 6035836))

table 7 : explain SELECT c FROM sbtest7 WHERE id BETWEEN 9962517 AND 9963516 ORDER BY c
	Sort  (cost=3888.78..3891.27 rows=994 width=121)
	  Sort Key: c
	  ->  Bitmap Heap Scan on sbtest7  (cost=22.62..3839.30 rows=994 width=121)
	        Recheck Cond: ((id >= 9962517) AND (id <= 9963516))
	        ->  Bitmap Index Scan on sbtest7_pkey  (cost=0.00..22.37 rows=994 width=0)
	              Index Cond: ((id >= 9962517) AND (id <= 9963516))

table 8 : explain SELECT c FROM sbtest8 WHERE id BETWEEN 9997513 AND 9998512 ORDER BY c
	Sort  (cost=3907.78..3910.28 rows=999 width=121)
	  Sort Key: c
	  ->  Bitmap Heap Scan on sbtest8  (cost=22.67..3858.01 rows=999 width=121)
	        Recheck Cond: ((id >= 9997513) AND (id <= 9998512))
	        ->  Bitmap Index Scan on sbtest8_pkey  (cost=0.00..22.43 rows=999 width=0)
	              Index Cond: ((id >= 9997513) AND (id <= 9998512))

for point_selects
table 1 : explain SELECT c FROM sbtest1 WHERE id=1749543
	Index Scan using sbtest1_pkey on sbtest1  (cost=0.43..8.45 rows=1 width=121)
	  Index Cond: (id = 1749543)

table 2 : explain SELECT c FROM sbtest2 WHERE id=8210030
	Index Scan using sbtest2_pkey on sbtest2  (cost=0.43..8.45 rows=1 width=121)
	  Index Cond: (id = 8210030)

table 3 : explain SELECT c FROM sbtest3 WHERE id=7723165
	Index Scan using sbtest3_pkey on sbtest3  (cost=0.43..8.45 rows=1 width=121)
	  Index Cond: (id = 7723165)

table 4 : explain SELECT c FROM sbtest4 WHERE id=7693290
	Index Scan using sbtest4_pkey on sbtest4  (cost=0.43..8.45 rows=1 width=121)
	  Index Cond: (id = 7693290)

table 5 : explain SELECT c FROM sbtest5 WHERE id=1771378
	Index Scan using sbtest5_pkey on sbtest5  (cost=0.43..8.45 rows=1 width=121)
	  Index Cond: (id = 1771378)

table 6 : explain SELECT c FROM sbtest6 WHERE id=8541289
	Index Scan using sbtest6_pkey on sbtest6  (cost=0.43..8.45 rows=1 width=121)
	  Index Cond: (id = 8541289)

table 7 : explain SELECT c FROM sbtest7 WHERE id=1526954
	Index Scan using sbtest7_pkey on sbtest7  (cost=0.43..8.45 rows=1 width=121)
	  Index Cond: (id = 1526954)

table 8 : explain SELECT c FROM sbtest8 WHERE id=5464916
	Index Scan using sbtest8_pkey on sbtest8  (cost=0.43..8.45 rows=1 width=121)
	  Index Cond: (id = 5464916)

for point_selects
table 1 : explain SELECT c FROM sbtest1 WHERE id=7490919
	Index Scan using sbtest1_pkey on sbtest1  (cost=0.43..8.45 rows=1 width=121)
	  Index Cond: (id = 7490919)

table 2 : explain SELECT c FROM sbtest2 WHERE id=3483634
	Index Scan using sbtest2_pkey on sbtest2  (cost=0.43..8.45 rows=1 width=121)
	  Index Cond: (id = 3483634)

table 3 : explain SELECT c FROM sbtest3 WHERE id=7339452
	Index Scan using sbtest3_pkey on sbtest3  (cost=0.43..8.45 rows=1 width=121)
	  Index Cond: (id = 7339452)

table 4 : explain SELECT c FROM sbtest4 WHERE id=2374181
	Index Scan using sbtest4_pkey on sbtest4  (cost=0.43..8.45 rows=1 width=121)
	  Index Cond: (id = 2374181)

table 5 : explain SELECT c FROM sbtest5 WHERE id=665883
	Index Scan using sbtest5_pkey on sbtest5  (cost=0.43..8.45 rows=1 width=121)
	  Index Cond: (id = 665883)

table 6 : explain SELECT c FROM sbtest6 WHERE id=3107562
	Index Scan using sbtest6_pkey on sbtest6  (cost=0.43..8.45 rows=1 width=121)
	  Index Cond: (id = 3107562)

table 7 : explain SELECT c FROM sbtest7 WHERE id=8779174
	Index Scan using sbtest7_pkey on sbtest7  (cost=0.43..8.45 rows=1 width=121)
	  Index Cond: (id = 8779174)

table 8 : explain SELECT c FROM sbtest8 WHERE id=9667056
	Index Scan using sbtest8_pkey on sbtest8  (cost=0.43..8.45 rows=1 width=121)
	  Index Cond: (id = 9667056)

for point_selects
table 1 : explain SELECT c FROM sbtest1 WHERE id=7316909
	Index Scan using sbtest1_pkey on sbtest1  (cost=0.43..8.45 rows=1 width=121)
	  Index Cond: (id = 7316909)

table 2 : explain SELECT c FROM sbtest2 WHERE id=8304635
	Index Scan using sbtest2_pkey on sbtest2  (cost=0.43..8.45 rows=1 width=121)
	  Index Cond: (id = 8304635)

table 3 : explain SELECT c FROM sbtest3 WHERE id=6435379
	Index Scan using sbtest3_pkey on sbtest3  (cost=0.43..8.45 rows=1 width=121)
	  Index Cond: (id = 6435379)

table 4 : explain SELECT c FROM sbtest4 WHERE id=9811187
	Index Scan using sbtest4_pkey on sbtest4  (cost=0.43..8.45 rows=1 width=121)
	  Index Cond: (id = 9811187)

table 5 : explain SELECT c FROM sbtest5 WHERE id=3405775
	Index Scan using sbtest5_pkey on sbtest5  (cost=0.43..8.45 rows=1 width=121)
	  Index Cond: (id = 3405775)

table 6 : explain SELECT c FROM sbtest6 WHERE id=6813308
	Index Scan using sbtest6_pkey on sbtest6  (cost=0.43..8.45 rows=1 width=121)
	  Index Cond: (id = 6813308)

table 7 : explain SELECT c FROM sbtest7 WHERE id=8030537
	Index Scan using sbtest7_pkey on sbtest7  (cost=0.43..8.45 rows=1 width=121)
	  Index Cond: (id = 8030537)

table 8 : explain SELECT c FROM sbtest8 WHERE id=2011524
	Index Scan using sbtest8_pkey on sbtest8  (cost=0.43..8.45 rows=1 width=121)
	  Index Cond: (id = 2011524)

for: sum_ranges
table 1 : explain SELECT SUM(k) FROM sbtest1 WHERE id BETWEEN 4560736 AND 4561735
	Aggregate  (cost=4115.18..4115.19 rows=1 width=8)
	  ->  Bitmap Heap Scan on sbtest1  (cost=23.37..4112.51 rows=1067 width=4)
	        Recheck Cond: ((id >= 4560736) AND (id <= 4561735))
	        ->  Bitmap Index Scan on sbtest1_pkey  (cost=0.00..23.11 rows=1067 width=0)
	              Index Cond: ((id >= 4560736) AND (id <= 4561735))

table 2 : explain SELECT SUM(k) FROM sbtest2 WHERE id BETWEEN 220935 AND 221934
	Aggregate  (cost=3674.25..3674.26 rows=1 width=8)
	  ->  Bitmap Heap Scan on sbtest2  (cost=22.17..3671.87 rows=950 width=4)
	        Recheck Cond: ((id >= 220935) AND (id <= 221934))
	        ->  Bitmap Index Scan on sbtest2_pkey  (cost=0.00..21.93 rows=950 width=0)
	              Index Cond: ((id >= 220935) AND (id <= 221934))

table 3 : explain SELECT SUM(k) FROM sbtest3 WHERE id BETWEEN 6484850 AND 6485849
	Aggregate  (cost=3892.99..3893.00 rows=1 width=8)
	  ->  Bitmap Heap Scan on sbtest3  (cost=22.77..3890.47 rows=1008 width=4)
	        Recheck Cond: ((id >= 6484850) AND (id <= 6485849))
	        ->  Bitmap Index Scan on sbtest3_pkey  (cost=0.00..22.51 rows=1008 width=0)
	              Index Cond: ((id >= 6484850) AND (id <= 6485849))

table 4 : explain SELECT SUM(k) FROM sbtest4 WHERE id BETWEEN 6965808 AND 6966807
	Aggregate  (cost=4216.64..4216.65 rows=1 width=8)
	  ->  Bitmap Heap Scan on sbtest4  (cost=27.64..4213.91 rows=1093 width=4)
	        Recheck Cond: ((id >= 6965808) AND (id <= 6966807))
	        ->  Bitmap Index Scan on sbtest4_pkey  (cost=0.00..27.36 rows=1093 width=0)
	              Index Cond: ((id >= 6965808) AND (id <= 6966807))

table 5 : explain SELECT SUM(k) FROM sbtest5 WHERE id BETWEEN 1273821 AND 1274820
	Aggregate  (cost=3641.56..3641.57 rows=1 width=8)
	  ->  Bitmap Heap Scan on sbtest5  (cost=22.08..3639.21 rows=941 width=4)
	        Recheck Cond: ((id >= 1273821) AND (id <= 1274820))
	        ->  Bitmap Index Scan on sbtest5_pkey  (cost=0.00..21.84 rows=941 width=0)
	              Index Cond: ((id >= 1273821) AND (id <= 1274820))

table 6 : explain SELECT SUM(k) FROM sbtest6 WHERE id BETWEEN 4840123 AND 4841122
	Aggregate  (cost=3912.24..3912.25 rows=1 width=8)
	  ->  Bitmap Heap Scan on sbtest6  (cost=22.82..3909.71 rows=1013 width=4)
	        Recheck Cond: ((id >= 4840123) AND (id <= 4841122))
	        ->  Bitmap Index Scan on sbtest6_pkey  (cost=0.00..22.57 rows=1013 width=0)
	              Index Cond: ((id >= 4840123) AND (id <= 4841122))

table 7 : explain SELECT SUM(k) FROM sbtest7 WHERE id BETWEEN 3959181 AND 3960180
	Aggregate  (cost=3924.70..3924.71 rows=1 width=8)
	  ->  Bitmap Heap Scan on sbtest7  (cost=22.85..3922.16 rows=1016 width=4)
	        Recheck Cond: ((id >= 3959181) AND (id <= 3960180))
	        ->  Bitmap Index Scan on sbtest7_pkey  (cost=0.00..22.59 rows=1016 width=0)
	              Index Cond: ((id >= 3959181) AND (id <= 3960180))

table 8 : explain SELECT SUM(k) FROM sbtest8 WHERE id BETWEEN 7208974 AND 7209973
	Aggregate  (cost=4503.58..4503.59 rows=1 width=8)
	  ->  Bitmap Heap Scan on sbtest8  (cost=28.43..4500.65 rows=1170 width=4)
	        Recheck Cond: ((id >= 7208974) AND (id <= 7209973))
	        ->  Bitmap Index Scan on sbtest8_pkey  (cost=0.00..28.14 rows=1170 width=0)
	              Index Cond: ((id >= 7208974) AND (id <= 7209973))

for: distinct_ranges
table 1 : explain SELECT DISTINCT c FROM sbtest1 WHERE id BETWEEN 6267414 AND 6268413 ORDER BY c
	Unique  (cost=3898.89..3903.87 rows=997 width=121)
	  ->  Sort  (cost=3898.89..3901.38 rows=997 width=121)
	        Sort Key: c
	        ->  Bitmap Heap Scan on sbtest1  (cost=22.65..3849.23 rows=997 width=121)
	              Recheck Cond: ((id >= 6267414) AND (id <= 6268413))
	              ->  Bitmap Index Scan on sbtest1_pkey  (cost=0.00..22.40 rows=997 width=0)
	                    Index Cond: ((id >= 6267414) AND (id <= 6268413))

table 2 : explain SELECT DISTINCT c FROM sbtest2 WHERE id BETWEEN 1452465 AND 1453464 ORDER BY c
	Unique  (cost=3649.93..3654.59 rows=932 width=121)
	  ->  Sort  (cost=3649.93..3652.26 rows=932 width=121)
	        Sort Key: c
	        ->  Bitmap Heap Scan on sbtest2  (cost=21.99..3603.96 rows=932 width=121)
	              Recheck Cond: ((id >= 1452465) AND (id <= 1453464))
	              ->  Bitmap Index Scan on sbtest2_pkey  (cost=0.00..21.75 rows=932 width=0)
	                    Index Cond: ((id >= 1452465) AND (id <= 1453464))

table 3 : explain SELECT DISTINCT c FROM sbtest3 WHERE id BETWEEN 7605575 AND 7606574 ORDER BY c
	Unique  (cost=3650.00..3654.66 rows=932 width=121)
	  ->  Sort  (cost=3650.00..3652.33 rows=932 width=121)
	        Sort Key: c
	        ->  Bitmap Heap Scan on sbtest3  (cost=21.99..3604.03 rows=932 width=121)
	              Recheck Cond: ((id >= 7605575) AND (id <= 7606574))
	              ->  Bitmap Index Scan on sbtest3_pkey  (cost=0.00..21.75 rows=932 width=0)
	                    Index Cond: ((id >= 7605575) AND (id <= 7606574))

table 4 : explain SELECT DISTINCT c FROM sbtest4 WHERE id BETWEEN 1640949 AND 1641948 ORDER BY c
	Unique  (cost=4017.12..4022.26 rows=1028 width=121)
	  ->  Sort  (cost=4017.12..4019.69 rows=1028 width=121)
	        Sort Key: c
	        ->  Bitmap Heap Scan on sbtest4  (cost=22.97..3965.69 rows=1028 width=121)
	              Recheck Cond: ((id >= 1640949) AND (id <= 1641948))
	              ->  Bitmap Index Scan on sbtest4_pkey  (cost=0.00..22.71 rows=1028 width=0)
	                    Index Cond: ((id >= 1640949) AND (id <= 1641948))

table 5 : explain SELECT DISTINCT c FROM sbtest5 WHERE id BETWEEN 8847574 AND 8848573 ORDER BY c
	Unique  (cost=3846.49..3851.40 rows=983 width=121)
	  ->  Sort  (cost=3846.49..3848.95 rows=983 width=121)
	        Sort Key: c
	        ->  Bitmap Heap Scan on sbtest5  (cost=22.51..3797.63 rows=983 width=121)
	              Recheck Cond: ((id >= 8847574) AND (id <= 8848573))
	              ->  Bitmap Index Scan on sbtest5_pkey  (cost=0.00..22.26 rows=983 width=0)
	                    Index Cond: ((id >= 8847574) AND (id <= 8848573))

table 6 : explain SELECT DISTINCT c FROM sbtest6 WHERE id BETWEEN 5108289 AND 5109288 ORDER BY c
	Unique  (cost=3772.90..3777.72 rows=964 width=121)
	  ->  Sort  (cost=3772.90..3775.31 rows=964 width=121)
	        Sort Key: c
	        ->  Bitmap Heap Scan on sbtest6  (cost=22.32..3725.12 rows=964 width=121)
	              Recheck Cond: ((id >= 5108289) AND (id <= 5109288))
	              ->  Bitmap Index Scan on sbtest6_pkey  (cost=0.00..22.07 rows=964 width=0)
	                    Index Cond: ((id >= 5108289) AND (id <= 5109288))

table 7 : explain SELECT DISTINCT c FROM sbtest7 WHERE id BETWEEN 426657 AND 427656 ORDER BY c
	Unique  (cost=3701.21..3705.93 rows=945 width=121)
	  ->  Sort  (cost=3701.21..3703.57 rows=945 width=121)
	        Sort Key: c
	        ->  Bitmap Heap Scan on sbtest7  (cost=22.12..3654.50 rows=945 width=121)
	              Recheck Cond: ((id >= 426657) AND (id <= 427656))
	              ->  Bitmap Index Scan on sbtest7_pkey  (cost=0.00..21.89 rows=945 width=0)
	                    Index Cond: ((id >= 426657) AND (id <= 427656))

table 8 : explain SELECT DISTINCT c FROM sbtest8 WHERE id BETWEEN 9443427 AND 9444426 ORDER BY c
	Unique  (cost=3919.26..3924.27 rows=1002 width=121)
	  ->  Sort  (cost=3919.26..3921.76 rows=1002 width=121)
	        Sort Key: c
	        ->  Bitmap Heap Scan on sbtest8  (cost=22.71..3869.31 rows=1002 width=121)
	              Recheck Cond: ((id >= 9443427) AND (id <= 9444426))
	              ->  Bitmap Index Scan on sbtest8_pkey  (cost=0.00..22.45 rows=1002 width=0)
	                    Index Cond: ((id >= 9443427) AND (id <= 9444426))

for: distinct_ranges
table 1 : explain SELECT DISTINCT c FROM sbtest1 WHERE id BETWEEN 8759641 AND 8760640 ORDER BY c
	Unique  (cost=3944.75..3949.79 rows=1009 width=121)
	  ->  Sort  (cost=3944.75..3947.27 rows=1009 width=121)
	        Sort Key: c
	        ->  Bitmap Heap Scan on sbtest1  (cost=22.78..3894.41 rows=1009 width=121)
	              Recheck Cond: ((id >= 8759641) AND (id <= 8760640))
	              ->  Bitmap Index Scan on sbtest1_pkey  (cost=0.00..22.52 rows=1009 width=0)
	                    Index Cond: ((id >= 8759641) AND (id <= 8760640))

table 2 : explain SELECT DISTINCT c FROM sbtest2 WHERE id BETWEEN 359393 AND 360392 ORDER BY c
	Unique  (cost=4047.62..4052.80 rows=1036 width=121)
	  ->  Sort  (cost=4047.62..4050.21 rows=1036 width=121)
	        Sort Key: c
	        ->  Bitmap Heap Scan on sbtest2  (cost=23.05..3995.73 rows=1036 width=121)
	              Recheck Cond: ((id >= 359393) AND (id <= 360392))
	              ->  Bitmap Index Scan on sbtest2_pkey  (cost=0.00..22.79 rows=1036 width=0)
	                    Index Cond: ((id >= 359393) AND (id <= 360392))

table 3 : explain SELECT DISTINCT c FROM sbtest3 WHERE id BETWEEN 6151616 AND 6152615 ORDER BY c
	Unique  (cost=4036.25..4041.41 rows=1033 width=121)
	  ->  Sort  (cost=4036.25..4038.83 rows=1033 width=121)
	        Sort Key: c
	        ->  Bitmap Heap Scan on sbtest3  (cost=23.02..3984.53 rows=1033 width=121)
	              Recheck Cond: ((id >= 6151616) AND (id <= 6152615))
	              ->  Bitmap Index Scan on sbtest3_pkey  (cost=0.00..22.76 rows=1033 width=0)
	                    Index Cond: ((id >= 6151616) AND (id <= 6152615))

table 4 : explain SELECT DISTINCT c FROM sbtest4 WHERE id BETWEEN 3603884 AND 3604883 ORDER BY c
	Unique  (cost=4112.55..4117.81 rows=1053 width=121)
	  ->  Sort  (cost=4112.55..4115.18 rows=1053 width=121)
	        Sort Key: c
	        ->  Bitmap Heap Scan on sbtest4  (cost=23.23..4059.68 rows=1053 width=121)
	              Recheck Cond: ((id >= 3603884) AND (id <= 3604883))
	              ->  Bitmap Index Scan on sbtest4_pkey  (cost=0.00..22.96 rows=1053 width=0)
	                    Index Cond: ((id >= 3603884) AND (id <= 3604883))

table 5 : explain SELECT DISTINCT c FROM sbtest5 WHERE id BETWEEN 2599658 AND 2600657 ORDER BY c
	Unique  (cost=4152.19..4157.50 rows=1063 width=121)
	  ->  Sort  (cost=4152.19..4154.85 rows=1063 width=121)
	        Sort Key: c
	        ->  Bitmap Heap Scan on sbtest5  (cost=23.33..4098.75 rows=1063 width=121)
	              Recheck Cond: ((id >= 2599658) AND (id <= 2600657))
	              ->  Bitmap Index Scan on sbtest5_pkey  (cost=0.00..23.07 rows=1063 width=0)
	                    Index Cond: ((id >= 2599658) AND (id <= 2600657))

table 6 : explain SELECT DISTINCT c FROM sbtest6 WHERE id BETWEEN 5250752 AND 5251751 ORDER BY c
	Unique  (cost=3937.35..3942.39 rows=1007 width=121)
	  ->  Sort  (cost=3937.35..3939.87 rows=1007 width=121)
	        Sort Key: c
	        ->  Bitmap Heap Scan on sbtest6  (cost=22.76..3887.13 rows=1007 width=121)
	              Recheck Cond: ((id >= 5250752) AND (id <= 5251751))
	              ->  Bitmap Index Scan on sbtest6_pkey  (cost=0.00..22.50 rows=1007 width=0)
	                    Index Cond: ((id >= 5250752) AND (id <= 5251751))

table 7 : explain SELECT DISTINCT c FROM sbtest7 WHERE id BETWEEN 243023 AND 244022 ORDER BY c
	Unique  (cost=4041.69..4046.86 rows=1034 width=121)
	  ->  Sort  (cost=4041.69..4044.27 rows=1034 width=121)
	        Sort Key: c
	        ->  Bitmap Heap Scan on sbtest7  (cost=23.03..3989.92 rows=1034 width=121)
	              Recheck Cond: ((id >= 243023) AND (id <= 244022))
	              ->  Bitmap Index Scan on sbtest7_pkey  (cost=0.00..22.77 rows=1034 width=0)
	                    Index Cond: ((id >= 243023) AND (id <= 244022))

table 8 : explain SELECT DISTINCT c FROM sbtest8 WHERE id BETWEEN 516122 AND 517121 ORDER BY c
	Unique  (cost=3930.73..3935.75 rows=1005 width=121)
	  ->  Sort  (cost=3930.73..3933.24 rows=1005 width=121)
	        Sort Key: c
	        ->  Bitmap Heap Scan on sbtest8  (cost=22.74..3880.61 rows=1005 width=121)
	              Recheck Cond: ((id >= 516122) AND (id <= 517121))
	              ->  Bitmap Index Scan on sbtest8_pkey  (cost=0.00..22.48 rows=1005 width=0)
	                    Index Cond: ((id >= 516122) AND (id <= 517121))

for: simple_ranges
table 1 : explain SELECT c FROM sbtest1 WHERE id BETWEEN 640033 AND 641032
	Bitmap Heap Scan on sbtest1  (cost=23.16..4033.59 rows=1046 width=121)
	  Recheck Cond: ((id >= 640033) AND (id <= 641032))
	  ->  Bitmap Index Scan on sbtest1_pkey  (cost=0.00..22.89 rows=1046 width=0)
	        Index Cond: ((id >= 640033) AND (id <= 641032))

table 2 : explain SELECT c FROM sbtest2 WHERE id BETWEEN 5512896 AND 5513895
	Bitmap Heap Scan on sbtest2  (cost=21.76..3520.90 rows=910 width=121)
	  Recheck Cond: ((id >= 5512896) AND (id <= 5513895))
	  ->  Bitmap Index Scan on sbtest2_pkey  (cost=0.00..21.54 rows=910 width=0)
	        Index Cond: ((id >= 5512896) AND (id <= 5513895))

table 3 : explain SELECT c FROM sbtest3 WHERE id BETWEEN 5923051 AND 5924050
	Bitmap Heap Scan on sbtest3  (cost=22.59..3826.47 rows=991 width=121)
	  Recheck Cond: ((id >= 5923051) AND (id <= 5924050))
	  ->  Bitmap Index Scan on sbtest3_pkey  (cost=0.00..22.34 rows=991 width=0)
	        Index Cond: ((id >= 5923051) AND (id <= 5924050))

table 4 : explain SELECT c FROM sbtest4 WHERE id BETWEEN 3233924 AND 3234923
	Bitmap Heap Scan on sbtest4  (cost=22.87..3928.07 rows=1018 width=121)
	  Recheck Cond: ((id >= 3233924) AND (id <= 3234923))
	  ->  Bitmap Index Scan on sbtest4_pkey  (cost=0.00..22.61 rows=1018 width=0)
	        Index Cond: ((id >= 3233924) AND (id <= 3234923))

table 5 : explain SELECT c FROM sbtest5 WHERE id BETWEEN 2319588 AND 2320587
	Bitmap Heap Scan on sbtest5  (cost=23.17..4038.59 rows=1047 width=121)
	  Recheck Cond: ((id >= 2319588) AND (id <= 2320587))
	  ->  Bitmap Index Scan on sbtest5_pkey  (cost=0.00..22.90 rows=1047 width=0)
	        Index Cond: ((id >= 2319588) AND (id <= 2320587))

table 6 : explain SELECT c FROM sbtest6 WHERE id BETWEEN 3308021 AND 3309020
	Bitmap Heap Scan on sbtest6  (cost=22.43..3766.59 rows=975 width=121)
	  Recheck Cond: ((id >= 3308021) AND (id <= 3309020))
	  ->  Bitmap Index Scan on sbtest6_pkey  (cost=0.00..22.18 rows=975 width=0)
	        Index Cond: ((id >= 3308021) AND (id <= 3309020))

table 7 : explain SELECT c FROM sbtest7 WHERE id BETWEEN 8733173 AND 8734172
	Bitmap Heap Scan on sbtest7  (cost=22.90..3940.99 rows=1021 width=121)
	  Recheck Cond: ((id >= 8733173) AND (id <= 8734172))
	  ->  Bitmap Index Scan on sbtest7_pkey  (cost=0.00..22.64 rows=1021 width=0)
	        Index Cond: ((id >= 8733173) AND (id <= 8734172))

table 8 : explain SELECT c FROM sbtest8 WHERE id BETWEEN 1258438 AND 1259437
	Bitmap Heap Scan on sbtest8  (cost=22.58..3824.10 rows=990 width=121)
	  Recheck Cond: ((id >= 1258438) AND (id <= 1259437))
	  ->  Bitmap Index Scan on sbtest8_pkey  (cost=0.00..22.33 rows=990 width=0)
	        Index Cond: ((id >= 1258438) AND (id <= 1259437))

for: simple_ranges
table 1 : explain SELECT c FROM sbtest1 WHERE id BETWEEN 2862682 AND 2863681
	Bitmap Heap Scan on sbtest1  (cost=23.42..4131.29 rows=1072 width=121)
	  Recheck Cond: ((id >= 2862682) AND (id <= 2863681))
	  ->  Bitmap Index Scan on sbtest1_pkey  (cost=0.00..23.15 rows=1072 width=0)
	        Index Cond: ((id >= 2862682) AND (id <= 2863681))

table 2 : explain SELECT c FROM sbtest2 WHERE id BETWEEN 3373174 AND 3374173
	Bitmap Heap Scan on sbtest2  (cost=23.26..4070.91 rows=1056 width=121)
	  Recheck Cond: ((id >= 3373174) AND (id <= 3374173))
	  ->  Bitmap Index Scan on sbtest2_pkey  (cost=0.00..23.00 rows=1056 width=0)
	        Index Cond: ((id >= 3373174) AND (id <= 3374173))

table 3 : explain SELECT c FROM sbtest3 WHERE id BETWEEN 9043048 AND 9044047
	Bitmap Heap Scan on sbtest3  (cost=22.99..3973.25 rows=1030 width=121)
	  Recheck Cond: ((id >= 9043048) AND (id <= 9044047))
	  ->  Bitmap Index Scan on sbtest3_pkey  (cost=0.00..22.73 rows=1030 width=0)
	        Index Cond: ((id >= 9043048) AND (id <= 9044047))

table 4 : explain SELECT c FROM sbtest4 WHERE id BETWEEN 619210 AND 620209
	Bitmap Heap Scan on sbtest4  (cost=21.99..3604.00 rows=932 width=121)
	  Recheck Cond: ((id >= 619210) AND (id <= 620209))
	  ->  Bitmap Index Scan on sbtest4_pkey  (cost=0.00..21.75 rows=932 width=0)
	        Index Cond: ((id >= 619210) AND (id <= 620209))

table 5 : explain SELECT c FROM sbtest5 WHERE id BETWEEN 8128541 AND 8129540
	Bitmap Heap Scan on sbtest5  (cost=27.99..4339.35 rows=1127 width=121)
	  Recheck Cond: ((id >= 8128541) AND (id <= 8129540))
	  ->  Bitmap Index Scan on sbtest5_pkey  (cost=0.00..27.70 rows=1127 width=0)
	        Index Cond: ((id >= 8128541) AND (id <= 8129540))

table 6 : explain SELECT c FROM sbtest6 WHERE id BETWEEN 7026952 AND 7027951
	Bitmap Heap Scan on sbtest6  (cost=22.50..3792.97 rows=982 width=121)
	  Recheck Cond: ((id >= 7026952) AND (id <= 7027951))
	  ->  Bitmap Index Scan on sbtest6_pkey  (cost=0.00..22.25 rows=982 width=0)
	        Index Cond: ((id >= 7026952) AND (id <= 7027951))

table 7 : explain SELECT c FROM sbtest7 WHERE id BETWEEN 7257471 AND 7258470
	Bitmap Heap Scan on sbtest7  (cost=22.52..3801.61 rows=984 width=121)
	  Recheck Cond: ((id >= 7257471) AND (id <= 7258470))
	  ->  Bitmap Index Scan on sbtest7_pkey  (cost=0.00..22.27 rows=984 width=0)
	        Index Cond: ((id >= 7257471) AND (id <= 7258470))

table 8 : explain SELECT c FROM sbtest8 WHERE id BETWEEN 7825467 AND 7826466
	Bitmap Heap Scan on sbtest8  (cost=22.65..3850.48 rows=997 width=121)
	  Recheck Cond: ((id >= 7825467) AND (id <= 7826466))
	  ->  Bitmap Index Scan on sbtest8_pkey  (cost=0.00..22.40 rows=997 width=0)
	        Index Cond: ((id >= 7825467) AND (id <= 7826466))

for: simple_ranges
table 1 : explain SELECT c FROM sbtest1 WHERE id BETWEEN 3327980 AND 3328979
	Bitmap Heap Scan on sbtest1  (cost=22.24..3698.50 rows=957 width=121)
	  Recheck Cond: ((id >= 3327980) AND (id <= 3328979))
	  ->  Bitmap Index Scan on sbtest1_pkey  (cost=0.00..22.00 rows=957 width=0)
	        Index Cond: ((id >= 3327980) AND (id <= 3328979))

table 2 : explain SELECT c FROM sbtest2 WHERE id BETWEEN 8750797 AND 8751796
	Bitmap Heap Scan on sbtest2  (cost=27.71..4236.40 rows=1100 width=121)
	  Recheck Cond: ((id >= 8750797) AND (id <= 8751796))
	  ->  Bitmap Index Scan on sbtest2_pkey  (cost=0.00..27.43 rows=1100 width=0)
	        Index Cond: ((id >= 8750797) AND (id <= 8751796))

table 3 : explain SELECT c FROM sbtest3 WHERE id BETWEEN 6867689 AND 6868688
	Bitmap Heap Scan on sbtest3  (cost=22.50..3792.57 rows=982 width=121)
	  Recheck Cond: ((id >= 6867689) AND (id <= 6868688))
	  ->  Bitmap Index Scan on sbtest3_pkey  (cost=0.00..22.25 rows=982 width=0)
	        Index Cond: ((id >= 6867689) AND (id <= 6868688))

table 4 : explain SELECT c FROM sbtest4 WHERE id BETWEEN 5802579 AND 5803578
	Bitmap Heap Scan on sbtest4  (cost=22.30..3717.16 rows=962 width=121)
	  Recheck Cond: ((id >= 5802579) AND (id <= 5803578))
	  ->  Bitmap Index Scan on sbtest4_pkey  (cost=0.00..22.05 rows=962 width=0)
	        Index Cond: ((id >= 5802579) AND (id <= 5803578))

table 5 : explain SELECT c FROM sbtest5 WHERE id BETWEEN 2716789 AND 2717788
	Bitmap Heap Scan on sbtest5  (cost=21.76..3522.12 rows=910 width=121)
	  Recheck Cond: ((id >= 2716789) AND (id <= 2717788))
	  ->  Bitmap Index Scan on sbtest5_pkey  (cost=0.00..21.54 rows=910 width=0)
	        Index Cond: ((id >= 2716789) AND (id <= 2717788))

table 6 : explain SELECT c FROM sbtest6 WHERE id BETWEEN 6389556 AND 6390555
	Bitmap Heap Scan on sbtest6  (cost=22.29..3713.81 rows=961 width=121)
	  Recheck Cond: ((id >= 6389556) AND (id <= 6390555))
	  ->  Bitmap Index Scan on sbtest6_pkey  (cost=0.00..22.04 rows=961 width=0)
	        Index Cond: ((id >= 6389556) AND (id <= 6390555))

table 7 : explain SELECT c FROM sbtest7 WHERE id BETWEEN 981802 AND 982801
	Bitmap Heap Scan on sbtest7  (cost=20.77..3155.08 rows=813 width=121)
	  Recheck Cond: ((id >= 981802) AND (id <= 982801))
	  ->  Bitmap Index Scan on sbtest7_pkey  (cost=0.00..20.57 rows=813 width=0)
	        Index Cond: ((id >= 981802) AND (id <= 982801))

table 8 : explain SELECT c FROM sbtest8 WHERE id BETWEEN 353174 AND 354173
	Bitmap Heap Scan on sbtest8  (cost=22.04..3624.19 rows=937 width=121)
	  Recheck Cond: ((id >= 353174) AND (id <= 354173))
	  ->  Bitmap Index Scan on sbtest8_pkey  (cost=0.00..21.80 rows=937 width=0)
	        Index Cond: ((id >= 353174) AND (id <= 354173))

for point_selects
table 1 : explain SELECT c FROM sbtest1 WHERE id=1278563
	Index Scan using sbtest1_pkey on sbtest1  (cost=0.43..8.45 rows=1 width=121)
	  Index Cond: (id = 1278563)

table 2 : explain SELECT c FROM sbtest2 WHERE id=3194975
	Index Scan using sbtest2_pkey on sbtest2  (cost=0.43..8.45 rows=1 width=121)
	  Index Cond: (id = 3194975)

table 3 : explain SELECT c FROM sbtest3 WHERE id=302624
	Index Scan using sbtest3_pkey on sbtest3  (cost=0.43..8.45 rows=1 width=121)
	  Index Cond: (id = 302624)

table 4 : explain SELECT c FROM sbtest4 WHERE id=1342361
	Index Scan using sbtest4_pkey on sbtest4  (cost=0.43..8.45 rows=1 width=121)
	  Index Cond: (id = 1342361)

table 5 : explain SELECT c FROM sbtest5 WHERE id=9296770
	Index Scan using sbtest5_pkey on sbtest5  (cost=0.43..8.45 rows=1 width=121)
	  Index Cond: (id = 9296770)

table 6 : explain SELECT c FROM sbtest6 WHERE id=1855474
	Index Scan using sbtest6_pkey on sbtest6  (cost=0.43..8.45 rows=1 width=121)
	  Index Cond: (id = 1855474)

table 7 : explain SELECT c FROM sbtest7 WHERE id=7773043
	Index Scan using sbtest7_pkey on sbtest7  (cost=0.43..8.45 rows=1 width=121)
	  Index Cond: (id = 7773043)

table 8 : explain SELECT c FROM sbtest8 WHERE id=4884401
	Index Scan using sbtest8_pkey on sbtest8  (cost=0.43..8.45 rows=1 width=121)
	  Index Cond: (id = 4884401)

for point_selects
table 1 : explain SELECT c FROM sbtest1 WHERE id=4327904
	Index Scan using sbtest1_pkey on sbtest1  (cost=0.43..8.45 rows=1 width=121)
	  Index Cond: (id = 4327904)

table 2 : explain SELECT c FROM sbtest2 WHERE id=1289831
	Index Scan using sbtest2_pkey on sbtest2  (cost=0.43..8.45 rows=1 width=121)
	  Index Cond: (id = 1289831)

table 3 : explain SELECT c FROM sbtest3 WHERE id=4833407
	Index Scan using sbtest3_pkey on sbtest3  (cost=0.43..8.45 rows=1 width=121)
	  Index Cond: (id = 4833407)

table 4 : explain SELECT c FROM sbtest4 WHERE id=3805273
	Index Scan using sbtest4_pkey on sbtest4  (cost=0.43..8.45 rows=1 width=121)
	  Index Cond: (id = 3805273)

table 5 : explain SELECT c FROM sbtest5 WHERE id=371050
	Index Scan using sbtest5_pkey on sbtest5  (cost=0.43..8.45 rows=1 width=121)
	  Index Cond: (id = 371050)

table 6 : explain SELECT c FROM sbtest6 WHERE id=5415096
	Index Scan using sbtest6_pkey on sbtest6  (cost=0.43..8.45 rows=1 width=121)
	  Index Cond: (id = 5415096)

table 7 : explain SELECT c FROM sbtest7 WHERE id=8719714
	Index Scan using sbtest7_pkey on sbtest7  (cost=0.43..8.45 rows=1 width=121)
	  Index Cond: (id = 8719714)

table 8 : explain SELECT c FROM sbtest8 WHERE id=1562290
	Index Scan using sbtest8_pkey on sbtest8  (cost=0.43..8.45 rows=1 width=121)
	  Index Cond: (id = 1562290)

for: order_ranges
table 1 : explain SELECT c FROM sbtest1 WHERE id BETWEEN 7697200 AND 7698199 ORDER BY c
	Sort  (cost=3994.42..3996.97 rows=1022 width=121)
	  Sort Key: c
	  ->  Bitmap Heap Scan on sbtest1  (cost=22.91..3943.33 rows=1022 width=121)
	        Recheck Cond: ((id >= 7697200) AND (id <= 7698199))
	        ->  Bitmap Index Scan on sbtest1_pkey  (cost=0.00..22.65 rows=1022 width=0)
	              Index Cond: ((id >= 7697200) AND (id <= 7698199))

table 2 : explain SELECT c FROM sbtest2 WHERE id BETWEEN 726269 AND 727268 ORDER BY c
	Sort  (cost=4150.65..4153.30 rows=1063 width=121)
	  Sort Key: c
	  ->  Bitmap Heap Scan on sbtest2  (cost=23.33..4097.21 rows=1063 width=121)
	        Recheck Cond: ((id >= 726269) AND (id <= 727268))
	        ->  Bitmap Index Scan on sbtest2_pkey  (cost=0.00..23.07 rows=1063 width=0)
	              Index Cond: ((id >= 726269) AND (id <= 727268))

table 3 : explain SELECT c FROM sbtest3 WHERE id BETWEEN 855662 AND 856661 ORDER BY c
	Sort  (cost=3982.78..3985.33 rows=1019 width=121)
	  Sort Key: c
	  ->  Bitmap Heap Scan on sbtest3  (cost=22.88..3931.87 rows=1019 width=121)
	        Recheck Cond: ((id >= 855662) AND (id <= 856661))
	        ->  Bitmap Index Scan on sbtest3_pkey  (cost=0.00..22.62 rows=1019 width=0)
	              Index Cond: ((id >= 855662) AND (id <= 856661))

table 4 : explain SELECT c FROM sbtest4 WHERE id BETWEEN 4433708 AND 4434707 ORDER BY c
	Sort  (cost=4204.09..4206.78 rows=1077 width=121)
	  Sort Key: c
	  ->  Bitmap Heap Scan on sbtest4  (cost=23.47..4149.84 rows=1077 width=121)
	        Recheck Cond: ((id >= 4433708) AND (id <= 4434707))
	        ->  Bitmap Index Scan on sbtest4_pkey  (cost=0.00..23.20 rows=1077 width=0)
	              Index Cond: ((id >= 4433708) AND (id <= 4434707))

table 5 : explain SELECT c FROM sbtest5 WHERE id BETWEEN 8421255 AND 8422254 ORDER BY c
	Sort  (cost=4598.20..4601.15 rows=1180 width=121)
	  Sort Key: c
	  ->  Bitmap Heap Scan on sbtest5  (cost=28.53..4537.99 rows=1180 width=121)
	        Recheck Cond: ((id >= 8421255) AND (id <= 8422254))
	        ->  Bitmap Index Scan on sbtest5_pkey  (cost=0.00..28.23 rows=1180 width=0)
	              Index Cond: ((id >= 8421255) AND (id <= 8422254))

table 6 : explain SELECT c FROM sbtest6 WHERE id BETWEEN 5685394 AND 5686393 ORDER BY c
	Sort  (cost=3841.77..3844.23 rows=982 width=121)
	  Sort Key: c
	  ->  Bitmap Heap Scan on sbtest6  (cost=22.50..3792.97 rows=982 width=121)
	        Recheck Cond: ((id >= 5685394) AND (id <= 5686393))
	        ->  Bitmap Index Scan on sbtest6_pkey  (cost=0.00..22.25 rows=982 width=0)
	              Index Cond: ((id >= 5685394) AND (id <= 5686393))

table 7 : explain SELECT c FROM sbtest7 WHERE id BETWEEN 255293 AND 256292 ORDER BY c
	Sort  (cost=4041.69..4044.27 rows=1034 width=121)
	  Sort Key: c
	  ->  Bitmap Heap Scan on sbtest7  (cost=23.03..3989.92 rows=1034 width=121)
	        Recheck Cond: ((id >= 255293) AND (id <= 256292))
	        ->  Bitmap Index Scan on sbtest7_pkey  (cost=0.00..22.77 rows=1034 width=0)
	              Index Cond: ((id >= 255293) AND (id <= 256292))

table 8 : explain SELECT c FROM sbtest8 WHERE id BETWEEN 7375361 AND 7376360 ORDER BY c
	Sort  (cost=4129.39..4132.03 rows=1057 width=121)
	  Sort Key: c
	  ->  Bitmap Heap Scan on sbtest8  (cost=23.27..4076.30 rows=1057 width=121)
	        Recheck Cond: ((id >= 7375361) AND (id <= 7376360))
	        ->  Bitmap Index Scan on sbtest8_pkey  (cost=0.00..23.00 rows=1057 width=0)
	              Index Cond: ((id >= 7375361) AND (id <= 7376360))

for: sum_ranges
table 1 : explain SELECT SUM(k) FROM sbtest1 WHERE id BETWEEN 1714734 AND 1715733
	Aggregate  (cost=3776.33..3776.34 rows=1 width=8)
	  ->  Bitmap Heap Scan on sbtest1  (cost=22.45..3773.89 rows=977 width=4)
	        Recheck Cond: ((id >= 1714734) AND (id <= 1715733))
	        ->  Bitmap Index Scan on sbtest1_pkey  (cost=0.00..22.20 rows=977 width=0)
	              Index Cond: ((id >= 1714734) AND (id <= 1715733))

table 2 : explain SELECT SUM(k) FROM sbtest2 WHERE id BETWEEN 5332871 AND 5333870
	Aggregate  (cost=3926.81..3926.82 rows=1 width=8)
	  ->  Bitmap Heap Scan on sbtest2  (cost=22.86..3924.26 rows=1017 width=4)
	        Recheck Cond: ((id >= 5332871) AND (id <= 5333870))
	        ->  Bitmap Index Scan on sbtest2_pkey  (cost=0.00..22.61 rows=1017 width=0)
	              Index Cond: ((id >= 5332871) AND (id <= 5333870))

table 3 : explain SELECT SUM(k) FROM sbtest3 WHERE id BETWEEN 3478707 AND 3479706
	Aggregate  (cost=4178.87..4178.88 rows=1 width=8)
	  ->  Bitmap Heap Scan on sbtest3  (cost=23.55..4176.16 rows=1084 width=4)
	        Recheck Cond: ((id >= 3478707) AND (id <= 3479706))
	        ->  Bitmap Index Scan on sbtest3_pkey  (cost=0.00..23.27 rows=1084 width=0)
	              Index Cond: ((id >= 3478707) AND (id <= 3479706))

table 4 : explain SELECT SUM(k) FROM sbtest4 WHERE id BETWEEN 5693781 AND 5694780
	Aggregate  (cost=3994.61..3994.62 rows=1 width=8)
	  ->  Bitmap Heap Scan on sbtest4  (cost=23.04..3992.02 rows=1035 width=4)
	        Recheck Cond: ((id >= 5693781) AND (id <= 5694780))
	        ->  Bitmap Index Scan on sbtest4_pkey  (cost=0.00..22.79 rows=1035 width=0)
	              Index Cond: ((id >= 5693781) AND (id <= 5694780))

table 5 : explain SELECT SUM(k) FROM sbtest5 WHERE id BETWEEN 4339636 AND 4340635
	Aggregate  (cost=3717.08..3717.09 rows=1 width=8)
	  ->  Bitmap Heap Scan on sbtest5  (cost=22.29..3714.67 rows=961 width=4)
	        Recheck Cond: ((id >= 4339636) AND (id <= 4340635))
	        ->  Bitmap Index Scan on sbtest5_pkey  (cost=0.00..22.04 rows=961 width=0)
	              Index Cond: ((id >= 4339636) AND (id <= 4340635))

table 6 : explain SELECT SUM(k) FROM sbtest6 WHERE id BETWEEN 3775062 AND 3776061
	Aggregate  (cost=4021.42..4021.43 rows=1 width=8)
	  ->  Bitmap Heap Scan on sbtest6  (cost=23.12..4018.81 rows=1042 width=4)
	        Recheck Cond: ((id >= 3775062) AND (id <= 3776061))
	        ->  Bitmap Index Scan on sbtest6_pkey  (cost=0.00..22.86 rows=1042 width=0)
	              Index Cond: ((id >= 3775062) AND (id <= 3776061))

table 7 : explain SELECT SUM(k) FROM sbtest7 WHERE id BETWEEN 1125916 AND 1126915
	Aggregate  (cost=3679.52..3679.53 rows=1 width=8)
	  ->  Bitmap Heap Scan on sbtest7  (cost=22.18..3677.15 rows=951 width=4)
	        Recheck Cond: ((id >= 1125916) AND (id <= 1126915))
	        ->  Bitmap Index Scan on sbtest7_pkey  (cost=0.00..21.94 rows=951 width=0)
	              Index Cond: ((id >= 1125916) AND (id <= 1126915))

table 8 : explain SELECT SUM(k) FROM sbtest8 WHERE id BETWEEN 7769585 AND 7770584
	Aggregate  (cost=4233.34..4233.35 rows=1 width=8)
	  ->  Bitmap Heap Scan on sbtest8  (cost=27.68..4230.59 rows=1097 width=4)
	        Recheck Cond: ((id >= 7769585) AND (id <= 7770584))
	        ->  Bitmap Index Scan on sbtest8_pkey  (cost=0.00..27.40 rows=1097 width=0)
	              Index Cond: ((id >= 7769585) AND (id <= 7770584))

for: sum_ranges
table 1 : explain SELECT SUM(k) FROM sbtest1 WHERE id BETWEEN 5845718 AND 5846717
	Aggregate  (cost=4133.97..4133.98 rows=1 width=8)
	  ->  Bitmap Heap Scan on sbtest1  (cost=23.42..4131.29 rows=1072 width=4)
	        Recheck Cond: ((id >= 5845718) AND (id <= 5846717))
	        ->  Bitmap Index Scan on sbtest1_pkey  (cost=0.00..23.15 rows=1072 width=0)
	              Index Cond: ((id >= 5845718) AND (id <= 5846717))

table 2 : explain SELECT SUM(k) FROM sbtest2 WHERE id BETWEEN 7463835 AND 7464834
	Aggregate  (cost=3907.98..3907.99 rows=1 width=8)
	  ->  Bitmap Heap Scan on sbtest2  (cost=22.81..3905.45 rows=1012 width=4)
	        Recheck Cond: ((id >= 7463835) AND (id <= 7464834))
	        ->  Bitmap Index Scan on sbtest2_pkey  (cost=0.00..22.55 rows=1012 width=0)
	              Index Cond: ((id >= 7463835) AND (id <= 7464834))

table 3 : explain SELECT SUM(k) FROM sbtest3 WHERE id BETWEEN 7232449 AND 7233448
	Aggregate  (cost=3753.54..3753.55 rows=1 width=8)
	  ->  Bitmap Heap Scan on sbtest3  (cost=22.39..3751.12 rows=971 width=4)
	        Recheck Cond: ((id >= 7232449) AND (id <= 7233448))
	        ->  Bitmap Index Scan on sbtest3_pkey  (cost=0.00..22.14 rows=971 width=0)
	              Index Cond: ((id >= 7232449) AND (id <= 7233448))

table 4 : explain SELECT SUM(k) FROM sbtest4 WHERE id BETWEEN 7483213 AND 7484212
	Aggregate  (cost=3708.25..3708.26 rows=1 width=8)
	  ->  Bitmap Heap Scan on sbtest4  (cost=22.26..3705.85 rows=959 width=4)
	        Recheck Cond: ((id >= 7483213) AND (id <= 7484212))
	        ->  Bitmap Index Scan on sbtest4_pkey  (cost=0.00..22.02 rows=959 width=0)
	              Index Cond: ((id >= 7483213) AND (id <= 7484212))

table 5 : explain SELECT SUM(k) FROM sbtest5 WHERE id BETWEEN 3063215 AND 3064214
	Aggregate  (cost=3837.80..3837.81 rows=1 width=8)
	  ->  Bitmap Heap Scan on sbtest5  (cost=22.61..3835.31 rows=993 width=4)
	        Recheck Cond: ((id >= 3063215) AND (id <= 3064214))
	        ->  Bitmap Index Scan on sbtest5_pkey  (cost=0.00..22.36 rows=993 width=0)
	              Index Cond: ((id >= 3063215) AND (id <= 3064214))

table 6 : explain SELECT SUM(k) FROM sbtest6 WHERE id BETWEEN 1591733 AND 1592732
	Aggregate  (cost=3716.21..3716.22 rows=1 width=8)
	  ->  Bitmap Heap Scan on sbtest6  (cost=22.29..3713.81 rows=961 width=4)
	        Recheck Cond: ((id >= 1591733) AND (id <= 1592732))
	        ->  Bitmap Index Scan on sbtest6_pkey  (cost=0.00..22.04 rows=961 width=0)
	              Index Cond: ((id >= 1591733) AND (id <= 1592732))

table 7 : explain SELECT SUM(k) FROM sbtest7 WHERE id BETWEEN 8907276 AND 8908275
	Aggregate  (cost=3875.71..3875.72 rows=1 width=8)
	  ->  Bitmap Heap Scan on sbtest7  (cost=22.72..3873.20 rows=1003 width=4)
	        Recheck Cond: ((id >= 8907276) AND (id <= 8908275))
	        ->  Bitmap Index Scan on sbtest7_pkey  (cost=0.00..22.46 rows=1003 width=0)
	              Index Cond: ((id >= 8907276) AND (id <= 8908275))

table 8 : explain SELECT SUM(k) FROM sbtest8 WHERE id BETWEEN 3381935 AND 3382934
	Aggregate  (cost=3770.00..3770.01 rows=1 width=8)
	  ->  Bitmap Heap Scan on sbtest8  (cost=22.43..3767.56 rows=975 width=4)
	        Recheck Cond: ((id >= 3381935) AND (id <= 3382934))
	        ->  Bitmap Index Scan on sbtest8_pkey  (cost=0.00..22.18 rows=975 width=0)
	              Index Cond: ((id >= 3381935) AND (id <= 3382934))

for: sum_ranges
table 1 : explain SELECT SUM(k) FROM sbtest1 WHERE id BETWEEN 5650166 AND 5651165
	Aggregate  (cost=3912.00..3912.01 rows=1 width=8)
	  ->  Bitmap Heap Scan on sbtest1  (cost=22.82..3909.46 rows=1013 width=4)
	        Recheck Cond: ((id >= 5650166) AND (id <= 5651165))
	        ->  Bitmap Index Scan on sbtest1_pkey  (cost=0.00..22.57 rows=1013 width=0)
	              Index Cond: ((id >= 5650166) AND (id <= 5651165))

table 2 : explain SELECT SUM(k) FROM sbtest2 WHERE id BETWEEN 2183343 AND 2184342
	Aggregate  (cost=3485.38..3485.39 rows=1 width=8)
	  ->  Bitmap Heap Scan on sbtest2  (cost=21.66..3483.13 rows=900 width=4)
	        Recheck Cond: ((id >= 2183343) AND (id <= 2184342))
	        ->  Bitmap Index Scan on sbtest2_pkey  (cost=0.00..21.43 rows=900 width=0)
	              Index Cond: ((id >= 2183343) AND (id <= 2184342))

table 3 : explain SELECT SUM(k) FROM sbtest3 WHERE id BETWEEN 6610155 AND 6611154
	Aggregate  (cost=3806.33..3806.34 rows=1 width=8)
	  ->  Bitmap Heap Scan on sbtest3  (cost=22.53..3803.87 rows=985 width=4)
	        Recheck Cond: ((id >= 6610155) AND (id <= 6611154))
	        ->  Bitmap Index Scan on sbtest3_pkey  (cost=0.00..22.29 rows=985 width=0)
	              Index Cond: ((id >= 6610155) AND (id <= 6611154))

table 4 : explain SELECT SUM(k) FROM sbtest4 WHERE id BETWEEN 5972729 AND 5973728
	Aggregate  (cost=4020.94..4020.95 rows=1 width=8)
	  ->  Bitmap Heap Scan on sbtest4  (cost=23.12..4018.34 rows=1042 width=4)
	        Recheck Cond: ((id >= 5972729) AND (id <= 5973728))
	        ->  Bitmap Index Scan on sbtest4_pkey  (cost=0.00..22.86 rows=1042 width=0)
	              Index Cond: ((id >= 5972729) AND (id <= 5973728))

table 5 : explain SELECT SUM(k) FROM sbtest5 WHERE id BETWEEN 7061683 AND 7062682
	Aggregate  (cost=3883.03..3883.04 rows=1 width=8)
	  ->  Bitmap Heap Scan on sbtest5  (cost=22.74..3880.52 rows=1005 width=4)
	        Recheck Cond: ((id >= 7061683) AND (id <= 7062682))
	        ->  Bitmap Index Scan on sbtest5_pkey  (cost=0.00..22.48 rows=1005 width=0)
	              Index Cond: ((id >= 7061683) AND (id <= 7062682))

table 6 : explain SELECT SUM(k) FROM sbtest6 WHERE id BETWEEN 1087541 AND 1088540
	Aggregate  (cost=4036.47..4036.48 rows=1 width=8)
	  ->  Bitmap Heap Scan on sbtest6  (cost=23.16..4033.85 rows=1046 width=4)
	        Recheck Cond: ((id >= 1087541) AND (id <= 1088540))
	        ->  Bitmap Index Scan on sbtest6_pkey  (cost=0.00..22.89 rows=1046 width=0)
	              Index Cond: ((id >= 1087541) AND (id <= 1088540))

table 7 : explain SELECT SUM(k) FROM sbtest7 WHERE id BETWEEN 5628858 AND 5629857
	Aggregate  (cost=4082.84..4082.85 rows=1 width=8)
	  ->  Bitmap Heap Scan on sbtest7  (cost=23.28..4080.19 rows=1058 width=4)
	        Recheck Cond: ((id >= 5628858) AND (id <= 5629857))
	        ->  Bitmap Index Scan on sbtest7_pkey  (cost=0.00..23.01 rows=1058 width=0)
	              Index Cond: ((id >= 5628858) AND (id <= 5629857))

table 8 : explain SELECT SUM(k) FROM sbtest8 WHERE id BETWEEN 5158381 AND 5159380
	Aggregate  (cost=3894.43..3894.44 rows=1 width=8)
	  ->  Bitmap Heap Scan on sbtest8  (cost=22.77..3891.91 rows=1008 width=4)
	        Recheck Cond: ((id >= 5158381) AND (id <= 5159380))
	        ->  Bitmap Index Scan on sbtest8_pkey  (cost=0.00..22.51 rows=1008 width=0)
	              Index Cond: ((id >= 5158381) AND (id <= 5159380))

for: distinct_ranges
table 1 : explain SELECT DISTINCT c FROM sbtest1 WHERE id BETWEEN 8744090 AND 8745089 ORDER BY c
	Unique  (cost=3944.75..3949.79 rows=1009 width=121)
	  ->  Sort  (cost=3944.75..3947.27 rows=1009 width=121)
	        Sort Key: c
	        ->  Bitmap Heap Scan on sbtest1  (cost=22.78..3894.41 rows=1009 width=121)
	              Recheck Cond: ((id >= 8744090) AND (id <= 8745089))
	              ->  Bitmap Index Scan on sbtest1_pkey  (cost=0.00..22.52 rows=1009 width=0)
	                    Index Cond: ((id >= 8744090) AND (id <= 8745089))

table 2 : explain SELECT DISTINCT c FROM sbtest2 WHERE id BETWEEN 8795175 AND 8796174 ORDER BY c
	Unique  (cost=4291.97..4297.47 rows=1100 width=121)
	  ->  Sort  (cost=4291.97..4294.72 rows=1100 width=121)
	        Sort Key: c
	        ->  Bitmap Heap Scan on sbtest2  (cost=27.71..4236.40 rows=1100 width=121)
	              Recheck Cond: ((id >= 8795175) AND (id <= 8796174))
	              ->  Bitmap Index Scan on sbtest2_pkey  (cost=0.00..27.43 rows=1100 width=0)
	                    Index Cond: ((id >= 8795175) AND (id <= 8796174))

table 3 : explain SELECT DISTINCT c FROM sbtest3 WHERE id BETWEEN 2228715 AND 2229714 ORDER BY c
	Unique  (cost=3826.07..3830.96 rows=978 width=121)
	  ->  Sort  (cost=3826.07..3828.52 rows=978 width=121)
	        Sort Key: c
	        ->  Bitmap Heap Scan on sbtest3  (cost=22.46..3777.49 rows=978 width=121)
	              Recheck Cond: ((id >= 2228715) AND (id <= 2229714))
	              ->  Bitmap Index Scan on sbtest3_pkey  (cost=0.00..22.21 rows=978 width=0)
	                    Index Cond: ((id >= 2228715) AND (id <= 2229714))

table 4 : explain SELECT DISTINCT c FROM sbtest4 WHERE id BETWEEN 7157770 AND 7158769 ORDER BY c
	Unique  (cost=3883.40..3888.36 rows=993 width=121)
	  ->  Sort  (cost=3883.40..3885.88 rows=993 width=121)
	        Sort Key: c
	        ->  Bitmap Heap Scan on sbtest4  (cost=22.61..3833.97 rows=993 width=121)
	              Recheck Cond: ((id >= 7157770) AND (id <= 7158769))
	              ->  Bitmap Index Scan on sbtest4_pkey  (cost=0.00..22.36 rows=993 width=0)
	                    Index Cond: ((id >= 7157770) AND (id <= 7158769))

table 5 : explain SELECT DISTINCT c FROM sbtest5 WHERE id BETWEEN 829638 AND 830637 ORDER BY c
	Unique  (cost=4468.83..4474.56 rows=1146 width=121)
	  ->  Sort  (cost=4468.83..4471.69 rows=1146 width=121)
	        Sort Key: c
	        ->  Bitmap Heap Scan on sbtest5  (cost=28.18..4410.60 rows=1146 width=121)
	              Recheck Cond: ((id >= 829638) AND (id <= 830637))
	              ->  Bitmap Index Scan on sbtest5_pkey  (cost=0.00..27.89 rows=1146 width=0)
	                    Index Cond: ((id >= 829638) AND (id <= 830637))

table 6 : explain SELECT DISTINCT c FROM sbtest6 WHERE id BETWEEN 9503237 AND 9504236 ORDER BY c
	Unique  (cost=3784.38..3789.22 rows=967 width=121)
	  ->  Sort  (cost=3784.38..3786.80 rows=967 width=121)
	        Sort Key: c
	        ->  Bitmap Heap Scan on sbtest6  (cost=22.35..3736.43 rows=967 width=121)
	              Recheck Cond: ((id >= 9503237) AND (id <= 9504236))
	              ->  Bitmap Index Scan on sbtest6_pkey  (cost=0.00..22.11 rows=967 width=0)
	                    Index Cond: ((id >= 9503237) AND (id <= 9504236))

table 7 : explain SELECT DISTINCT c FROM sbtest7 WHERE id BETWEEN 3692744 AND 3693743 ORDER BY c
	Unique  (cost=3647.56..3652.21 rows=931 width=121)
	  ->  Sort  (cost=3647.56..3649.88 rows=931 width=121)
	        Sort Key: c
	        ->  Bitmap Heap Scan on sbtest7  (cost=21.98..3601.65 rows=931 width=121)
	              Recheck Cond: ((id >= 3692744) AND (id <= 3693743))
	              ->  Bitmap Index Scan on sbtest7_pkey  (cost=0.00..21.75 rows=931 width=0)
	                    Index Cond: ((id >= 3692744) AND (id <= 3693743))

table 8 : explain SELECT DISTINCT c FROM sbtest8 WHERE id BETWEEN 3360388 AND 3361387 ORDER BY c
	Unique  (cost=3815.97..3820.84 rows=975 width=121)
	  ->  Sort  (cost=3815.97..3818.40 rows=975 width=121)
	        Sort Key: c
	        ->  Bitmap Heap Scan on sbtest8  (cost=22.43..3767.56 rows=975 width=121)
	              Recheck Cond: ((id >= 3360388) AND (id <= 3361387))
	              ->  Bitmap Index Scan on sbtest8_pkey  (cost=0.00..22.18 rows=975 width=0)
	                    Index Cond: ((id >= 3360388) AND (id <= 3361387))

for: simple_ranges
table 1 : explain SELECT c FROM sbtest1 WHERE id BETWEEN 2312489 AND 2313488
	Bitmap Heap Scan on sbtest1  (cost=23.60..4195.12 rows=1089 width=121)
	  Recheck Cond: ((id >= 2312489) AND (id <= 2313488))
	  ->  Bitmap Index Scan on sbtest1_pkey  (cost=0.00..23.32 rows=1089 width=0)
	        Index Cond: ((id >= 2312489) AND (id <= 2313488))

table 2 : explain SELECT c FROM sbtest2 WHERE id BETWEEN 2399475 AND 2400474
	Bitmap Heap Scan on sbtest2  (cost=21.54..3437.78 rows=888 width=121)
	  Recheck Cond: ((id >= 2399475) AND (id <= 2400474))
	  ->  Bitmap Index Scan on sbtest2_pkey  (cost=0.00..21.32 rows=888 width=0)
	        Index Cond: ((id >= 2399475) AND (id <= 2400474))

table 3 : explain SELECT c FROM sbtest3 WHERE id BETWEEN 6281418 AND 6282417
	Bitmap Heap Scan on sbtest3  (cost=22.87..3928.11 rows=1018 width=121)
	  Recheck Cond: ((id >= 6281418) AND (id <= 6282417))
	  ->  Bitmap Index Scan on sbtest3_pkey  (cost=0.00..22.61 rows=1018 width=0)
	        Index Cond: ((id >= 6281418) AND (id <= 6282417))

table 4 : explain SELECT c FROM sbtest4 WHERE id BETWEEN 332382 AND 333381
	Bitmap Heap Scan on sbtest4  (cost=22.44..3769.93 rows=976 width=121)
	  Recheck Cond: ((id >= 332382) AND (id <= 333381))
	  ->  Bitmap Index Scan on sbtest4_pkey  (cost=0.00..22.19 rows=976 width=0)
	        Index Cond: ((id >= 332382) AND (id <= 333381))

table 5 : explain SELECT c FROM sbtest5 WHERE id BETWEEN 6045834 AND 6046833
	Bitmap Heap Scan on sbtest5  (cost=22.30..3718.45 rows=962 width=121)
	  Recheck Cond: ((id >= 6045834) AND (id <= 6046833))
	  ->  Bitmap Index Scan on sbtest5_pkey  (cost=0.00..22.05 rows=962 width=0)
	        Index Cond: ((id >= 6045834) AND (id <= 6046833))

table 6 : explain SELECT c FROM sbtest6 WHERE id BETWEEN 8258565 AND 8259564
	Bitmap Heap Scan on sbtest6  (cost=22.51..3796.74 rows=983 width=121)
	  Recheck Cond: ((id >= 8258565) AND (id <= 8259564))
	  ->  Bitmap Index Scan on sbtest6_pkey  (cost=0.00..22.26 rows=983 width=0)
	        Index Cond: ((id >= 8258565) AND (id <= 8259564))

table 7 : explain SELECT c FROM sbtest7 WHERE id BETWEEN 2999102 AND 3000101
	Bitmap Heap Scan on sbtest7  (cost=27.61..4204.45 rows=1090 width=121)
	  Recheck Cond: ((id >= 2999102) AND (id <= 3000101))
	  ->  Bitmap Index Scan on sbtest7_pkey  (cost=0.00..27.33 rows=1090 width=0)
	        Index Cond: ((id >= 2999102) AND (id <= 3000101))

table 8 : explain SELECT c FROM sbtest8 WHERE id BETWEEN 2620474 AND 2621473
	Bitmap Heap Scan on sbtest8  (cost=21.61..3465.51 rows=895 width=121)
	  Recheck Cond: ((id >= 2620474) AND (id <= 2621473))
	  ->  Bitmap Index Scan on sbtest8_pkey  (cost=0.00..21.39 rows=895 width=0)
	        Index Cond: ((id >= 2620474) AND (id <= 2621473))

for: order_ranges
table 1 : explain SELECT c FROM sbtest1 WHERE id BETWEEN 4466498 AND 4467497 ORDER BY c
	Sort  (cost=3734.40..3736.78 rows=954 width=121)
	  Sort Key: c
	  ->  Bitmap Heap Scan on sbtest1  (cost=22.21..3687.19 rows=954 width=121)
	        Recheck Cond: ((id >= 4466498) AND (id <= 4467497))
	        ->  Bitmap Index Scan on sbtest1_pkey  (cost=0.00..21.97 rows=954 width=0)
	              Index Cond: ((id >= 4466498) AND (id <= 4467497))

table 2 : explain SELECT c FROM sbtest2 WHERE id BETWEEN 1375159 AND 1376158 ORDER BY c
	Sort  (cost=3910.11..3912.61 rows=1000 width=121)
	  Sort Key: c
	  ->  Bitmap Heap Scan on sbtest2  (cost=22.68..3860.28 rows=1000 width=121)
	        Recheck Cond: ((id >= 1375159) AND (id <= 1376158))
	        ->  Bitmap Index Scan on sbtest2_pkey  (cost=0.00..22.43 rows=1000 width=0)
	              Index Cond: ((id >= 1375159) AND (id <= 1376158))

table 3 : explain SELECT c FROM sbtest3 WHERE id BETWEEN 6399364 AND 6400363 ORDER BY c
	Sort  (cost=3902.54..3905.04 rows=998 width=121)
	  Sort Key: c
	  ->  Bitmap Heap Scan on sbtest3  (cost=22.66..3852.83 rows=998 width=121)
	        Recheck Cond: ((id >= 6399364) AND (id <= 6400363))
	        ->  Bitmap Index Scan on sbtest3_pkey  (cost=0.00..22.41 rows=998 width=0)
	              Index Cond: ((id >= 6399364) AND (id <= 6400363))

table 4 : explain SELECT c FROM sbtest4 WHERE id BETWEEN 4641134 AND 4642133 ORDER BY c
	Sort  (cost=3837.51..3839.97 rows=981 width=121)
	  Sort Key: c
	  ->  Bitmap Heap Scan on sbtest4  (cost=22.49..3788.77 rows=981 width=121)
	        Recheck Cond: ((id >= 4641134) AND (id <= 4642133))
	        ->  Bitmap Index Scan on sbtest4_pkey  (cost=0.00..22.25 rows=981 width=0)
	              Index Cond: ((id >= 4641134) AND (id <= 4642133))

table 5 : explain SELECT c FROM sbtest5 WHERE id BETWEEN 5697753 AND 5698752 ORDER BY c
	Sort  (cost=4232.31..4235.02 rows=1084 width=121)
	  Sort Key: c
	  ->  Bitmap Heap Scan on sbtest5  (cost=23.55..4177.66 rows=1084 width=121)
	        Recheck Cond: ((id >= 5697753) AND (id <= 5698752))
	        ->  Bitmap Index Scan on sbtest5_pkey  (cost=0.00..23.27 rows=1084 width=0)
	              Index Cond: ((id >= 5697753) AND (id <= 5698752))

table 6 : explain SELECT c FROM sbtest6 WHERE id BETWEEN 279171 AND 280170 ORDER BY c
	Sort  (cost=3868.54..3871.01 rows=989 width=121)
	  Sort Key: c
	  ->  Bitmap Heap Scan on sbtest6  (cost=22.57..3819.34 rows=989 width=121)
	        Recheck Cond: ((id >= 279171) AND (id <= 280170))
	        ->  Bitmap Index Scan on sbtest6_pkey  (cost=0.00..22.32 rows=989 width=0)
	              Index Cond: ((id >= 279171) AND (id <= 280170))

table 7 : explain SELECT c FROM sbtest7 WHERE id BETWEEN 4296857 AND 4297856 ORDER BY c
	Sort  (cost=3494.14..3496.37 rows=891 width=121)
	  Sort Key: c
	  ->  Bitmap Heap Scan on sbtest7  (cost=21.57..3450.48 rows=891 width=121)
	        Recheck Cond: ((id >= 4296857) AND (id <= 4297856))
	        ->  Bitmap Index Scan on sbtest7_pkey  (cost=0.00..21.34 rows=891 width=0)
	              Index Cond: ((id >= 4296857) AND (id <= 4297856))

table 8 : explain SELECT c FROM sbtest8 WHERE id BETWEEN 7400799 AND 7401798 ORDER BY c
	Sort  (cost=4014.82..4017.38 rows=1027 width=121)
	  Sort Key: c
	  ->  Bitmap Heap Scan on sbtest8  (cost=22.96..3963.44 rows=1027 width=121)
	        Recheck Cond: ((id >= 7400799) AND (id <= 7401798))
	        ->  Bitmap Index Scan on sbtest8_pkey  (cost=0.00..22.70 rows=1027 width=0)
	              Index Cond: ((id >= 7400799) AND (id <= 7401798))

for: simple_ranges
table 1 : explain SELECT c FROM sbtest1 WHERE id BETWEEN 7272640 AND 7273639
	Bitmap Heap Scan on sbtest1  (cost=22.37..3743.74 rows=969 width=121)
	  Recheck Cond: ((id >= 7272640) AND (id <= 7273639))
	  ->  Bitmap Index Scan on sbtest1_pkey  (cost=0.00..22.12 rows=969 width=0)
	        Index Cond: ((id >= 7272640) AND (id <= 7273639))

table 2 : explain SELECT c FROM sbtest2 WHERE id BETWEEN 1768167 AND 1769166
	Bitmap Heap Scan on sbtest2  (cost=27.79..4266.41 rows=1108 width=121)
	  Recheck Cond: ((id >= 1768167) AND (id <= 1769166))
	  ->  Bitmap Index Scan on sbtest2_pkey  (cost=0.00..27.51 rows=1108 width=0)
	        Index Cond: ((id >= 1768167) AND (id <= 1769166))

table 3 : explain SELECT c FROM sbtest3 WHERE id BETWEEN 8894415 AND 8895414
	Bitmap Heap Scan on sbtest3  (cost=22.36..3739.81 rows=968 width=121)
	  Recheck Cond: ((id >= 8894415) AND (id <= 8895414))
	  ->  Bitmap Index Scan on sbtest3_pkey  (cost=0.00..22.11 rows=968 width=0)
	        Index Cond: ((id >= 8894415) AND (id <= 8895414))

table 4 : explain SELECT c FROM sbtest4 WHERE id BETWEEN 3422681 AND 3423680
	Bitmap Heap Scan on sbtest4  (cost=21.30..3350.84 rows=865 width=121)
	  Recheck Cond: ((id >= 3422681) AND (id <= 3423680))
	  ->  Bitmap Index Scan on sbtest4_pkey  (cost=0.00..21.08 rows=865 width=0)
	        Index Cond: ((id >= 3422681) AND (id <= 3423680))

table 5 : explain SELECT c FROM sbtest5 WHERE id BETWEEN 481888 AND 482887
	Bitmap Heap Scan on sbtest5  (cost=22.41..3759.93 rows=973 width=121)
	  Recheck Cond: ((id >= 481888) AND (id <= 482887))
	  ->  Bitmap Index Scan on sbtest5_pkey  (cost=0.00..22.16 rows=973 width=0)
	        Index Cond: ((id >= 481888) AND (id <= 482887))

table 6 : explain SELECT c FROM sbtest6 WHERE id BETWEEN 2343954 AND 2344953
	Bitmap Heap Scan on sbtest6  (cost=21.15..3294.43 rows=850 width=121)
	  Recheck Cond: ((id >= 2343954) AND (id <= 2344953))
	  ->  Bitmap Index Scan on sbtest6_pkey  (cost=0.00..20.93 rows=850 width=0)
	        Index Cond: ((id >= 2343954) AND (id <= 2344953))

table 7 : explain SELECT c FROM sbtest7 WHERE id BETWEEN 3344284 AND 3345283
	Bitmap Heap Scan on sbtest7  (cost=23.43..4136.58 rows=1073 width=121)
	  Recheck Cond: ((id >= 3344284) AND (id <= 3345283))
	  ->  Bitmap Index Scan on sbtest7_pkey  (cost=0.00..23.16 rows=1073 width=0)
	        Index Cond: ((id >= 3344284) AND (id <= 3345283))

table 8 : explain SELECT c FROM sbtest8 WHERE id BETWEEN 5703522 AND 5704521
	Bitmap Heap Scan on sbtest8  (cost=22.52..3801.49 rows=984 width=121)
	  Recheck Cond: ((id >= 5703522) AND (id <= 5704521))
	  ->  Bitmap Index Scan on sbtest8_pkey  (cost=0.00..22.27 rows=984 width=0)
	        Index Cond: ((id >= 5703522) AND (id <= 5704521))

for: order_ranges
table 1 : explain SELECT c FROM sbtest1 WHERE id BETWEEN 2549967 AND 2550966 ORDER BY c
	Sort  (cost=3734.40..3736.78 rows=954 width=121)
	  Sort Key: c
	  ->  Bitmap Heap Scan on sbtest1  (cost=22.21..3687.19 rows=954 width=121)
	        Recheck Cond: ((id >= 2549967) AND (id <= 2550966))
	        ->  Bitmap Index Scan on sbtest1_pkey  (cost=0.00..21.97 rows=954 width=0)
	              Index Cond: ((id >= 2549967) AND (id <= 2550966))

table 2 : explain SELECT c FROM sbtest2 WHERE id BETWEEN 5224312 AND 5225311 ORDER BY c
	Sort  (cost=3776.26..3778.68 rows=965 width=121)
	  Sort Key: c
	  ->  Bitmap Heap Scan on sbtest2  (cost=22.33..3728.43 rows=965 width=121)
	        Recheck Cond: ((id >= 5224312) AND (id <= 5225311))
	        ->  Bitmap Index Scan on sbtest2_pkey  (cost=0.00..22.08 rows=965 width=0)
	              Index Cond: ((id >= 5224312) AND (id <= 5225311))

table 3 : explain SELECT c FROM sbtest3 WHERE id BETWEEN 3251766 AND 3252765 ORDER BY c
	Sort  (cost=4074.42..4077.03 rows=1043 width=121)
	  Sort Key: c
	  ->  Bitmap Heap Scan on sbtest3  (cost=23.13..4022.13 rows=1043 width=121)
	        Recheck Cond: ((id >= 3251766) AND (id <= 3252765))
	        ->  Bitmap Index Scan on sbtest3_pkey  (cost=0.00..22.86 rows=1043 width=0)
	              Index Cond: ((id >= 3251766) AND (id <= 3252765))

table 4 : explain SELECT c FROM sbtest4 WHERE id BETWEEN 5264158 AND 5265157 ORDER BY c
	Sort  (cost=3875.75..3878.23 rows=991 width=121)
	  Sort Key: c
	  ->  Bitmap Heap Scan on sbtest4  (cost=22.59..3826.43 rows=991 width=121)
	        Recheck Cond: ((id >= 5264158) AND (id <= 5265157))
	        ->  Bitmap Index Scan on sbtest4_pkey  (cost=0.00..22.34 rows=991 width=0)
	              Index Cond: ((id >= 5264158) AND (id <= 5265157))

table 5 : explain SELECT c FROM sbtest5 WHERE id BETWEEN 5220818 AND 5221817 ORDER BY c
	Sort  (cost=4125.47..4128.11 rows=1056 width=121)
	  Sort Key: c
	  ->  Bitmap Heap Scan on sbtest5  (cost=23.26..4072.44 rows=1056 width=121)
	        Recheck Cond: ((id >= 5220818) AND (id <= 5221817))
	        ->  Bitmap Index Scan on sbtest5_pkey  (cost=0.00..23.00 rows=1056 width=0)
	              Index Cond: ((id >= 5220818) AND (id <= 5221817))

table 6 : explain SELECT c FROM sbtest6 WHERE id BETWEEN 3679704 AND 3680703 ORDER BY c
	Sort  (cost=4002.31..4004.87 rows=1024 width=121)
	  Sort Key: c
	  ->  Bitmap Heap Scan on sbtest6  (cost=22.93..3951.11 rows=1024 width=121)
	        Recheck Cond: ((id >= 3679704) AND (id <= 3680703))
	        ->  Bitmap Index Scan on sbtest6_pkey  (cost=0.00..22.68 rows=1024 width=0)
	              Index Cond: ((id >= 3679704) AND (id <= 3680703))

table 7 : explain SELECT c FROM sbtest7 WHERE id BETWEEN 98976 AND 99975 ORDER BY c
	Sort  (cost=3394.31..3396.47 rows=865 width=121)
	  Sort Key: c
	  ->  Bitmap Heap Scan on sbtest7  (cost=21.30..3352.11 rows=865 width=121)
	        Recheck Cond: ((id >= 98976) AND (id <= 99975))
	        ->  Bitmap Index Scan on sbtest7_pkey  (cost=0.00..21.08 rows=865 width=0)
	              Index Cond: ((id >= 98976) AND (id <= 99975))

table 8 : explain SELECT c FROM sbtest8 WHERE id BETWEEN 3887148 AND 3888147 ORDER BY c
	Sort  (cost=3639.78..3642.10 rows=929 width=121)
	  Sort Key: c
	  ->  Bitmap Heap Scan on sbtest8  (cost=21.96..3593.98 rows=929 width=121)
	        Recheck Cond: ((id >= 3887148) AND (id <= 3888147))
	        ->  Bitmap Index Scan on sbtest8_pkey  (cost=0.00..21.72 rows=929 width=0)
	              Index Cond: ((id >= 3887148) AND (id <= 3888147))

for: order_ranges
table 1 : explain SELECT c FROM sbtest1 WHERE id BETWEEN 7471173 AND 7472172 ORDER BY c
	Sort  (cost=4120.40..4123.03 rows=1055 width=121)
	  Sort Key: c
	  ->  Bitmap Heap Scan on sbtest1  (cost=23.25..4067.42 rows=1055 width=121)
	        Recheck Cond: ((id >= 7471173) AND (id <= 7472172))
	        ->  Bitmap Index Scan on sbtest1_pkey  (cost=0.00..22.98 rows=1055 width=0)
	              Index Cond: ((id >= 7471173) AND (id <= 7472172))

table 2 : explain SELECT c FROM sbtest2 WHERE id BETWEEN 8920008 AND 8921007 ORDER BY c
	Sort  (cost=4291.97..4294.72 rows=1100 width=121)
	  Sort Key: c
	  ->  Bitmap Heap Scan on sbtest2  (cost=27.71..4236.40 rows=1100 width=121)
	        Recheck Cond: ((id >= 8920008) AND (id <= 8921007))
	        ->  Bitmap Index Scan on sbtest2_pkey  (cost=0.00..27.43 rows=1100 width=0)
	              Index Cond: ((id >= 8920008) AND (id <= 8921007))

table 3 : explain SELECT c FROM sbtest3 WHERE id BETWEEN 8832574 AND 8833573 ORDER BY c
	Sort  (cost=3787.82..3790.24 rows=968 width=121)
	  Sort Key: c
	  ->  Bitmap Heap Scan on sbtest3  (cost=22.36..3739.81 rows=968 width=121)
	        Recheck Cond: ((id >= 8832574) AND (id <= 8833573))
	        ->  Bitmap Index Scan on sbtest3_pkey  (cost=0.00..22.11 rows=968 width=0)
	              Index Cond: ((id >= 8832574) AND (id <= 8833573))

table 4 : explain SELECT c FROM sbtest4 WHERE id BETWEEN 2467584 AND 2468583 ORDER BY c
	Sort  (cost=3818.39..3820.83 rows=976 width=121)
	  Sort Key: c
	  ->  Bitmap Heap Scan on sbtest4  (cost=22.44..3769.93 rows=976 width=121)
	        Recheck Cond: ((id >= 2467584) AND (id <= 2468583))
	        ->  Bitmap Index Scan on sbtest4_pkey  (cost=0.00..22.19 rows=976 width=0)
	              Index Cond: ((id >= 2467584) AND (id <= 2468583))

table 5 : explain SELECT c FROM sbtest5 WHERE id BETWEEN 1188347 AND 1189346 ORDER BY c
	Sort  (cost=3746.97..3749.36 rows=957 width=121)
	  Sort Key: c
	  ->  Bitmap Heap Scan on sbtest5  (cost=22.24..3699.58 rows=957 width=121)
	        Recheck Cond: ((id >= 1188347) AND (id <= 1189346))
	        ->  Bitmap Index Scan on sbtest5_pkey  (cost=0.00..22.00 rows=957 width=0)
	              Index Cond: ((id >= 1188347) AND (id <= 1189346))

table 6 : explain SELECT c FROM sbtest6 WHERE id BETWEEN 2480352 AND 2481351 ORDER BY c
	Sort  (cost=3792.04..3794.46 rows=969 width=121)
	  Sort Key: c
	  ->  Bitmap Heap Scan on sbtest6  (cost=22.37..3743.97 rows=969 width=121)
	        Recheck Cond: ((id >= 2480352) AND (id <= 2481351))
	        ->  Bitmap Index Scan on sbtest6_pkey  (cost=0.00..22.12 rows=969 width=0)
	              Index Cond: ((id >= 2480352) AND (id <= 2481351))

table 7 : explain SELECT c FROM sbtest7 WHERE id BETWEEN 2235182 AND 2236181 ORDER BY c
	Sort  (cost=4083.70..4086.32 rows=1045 width=121)
	  Sort Key: c
	  ->  Bitmap Heap Scan on sbtest7  (cost=23.15..4031.30 rows=1045 width=121)
	        Recheck Cond: ((id >= 2235182) AND (id <= 2236181))
	        ->  Bitmap Index Scan on sbtest7_pkey  (cost=0.00..22.89 rows=1045 width=0)
	              Index Cond: ((id >= 2235182) AND (id <= 2236181))

table 8 : explain SELECT c FROM sbtest8 WHERE id BETWEEN 3435503 AND 3436502 ORDER BY c
	Sort  (cost=3976.60..3979.14 rows=1017 width=121)
	  Sort Key: c
	  ->  Bitmap Heap Scan on sbtest8  (cost=22.86..3925.80 rows=1017 width=121)
	        Recheck Cond: ((id >= 3435503) AND (id <= 3436502))
	        ->  Bitmap Index Scan on sbtest8_pkey  (cost=0.00..22.61 rows=1017 width=0)
	              Index Cond: ((id >= 3435503) AND (id <= 3436502))

for: distinct_ranges
table 1 : explain SELECT DISTINCT c FROM sbtest1 WHERE id BETWEEN 8571989 AND 8572988 ORDER BY c
	Unique  (cost=3853.01..3857.93 rows=985 width=121)
	  ->  Sort  (cost=3853.01..3855.47 rows=985 width=121)
	        Sort Key: c
	        ->  Bitmap Heap Scan on sbtest1  (cost=22.53..3804.03 rows=985 width=121)
	              Recheck Cond: ((id >= 8571989) AND (id <= 8572988))
	              ->  Bitmap Index Scan on sbtest1_pkey  (cost=0.00..22.29 rows=985 width=0)
	                    Index Cond: ((id >= 8571989) AND (id <= 8572988))

table 2 : explain SELECT DISTINCT c FROM sbtest2 WHERE id BETWEEN 1337474 AND 1338473 ORDER BY c
	Unique  (cost=3910.11..3915.11 rows=1000 width=121)
	  ->  Sort  (cost=3910.11..3912.61 rows=1000 width=121)
	        Sort Key: c
	        ->  Bitmap Heap Scan on sbtest2  (cost=22.68..3860.28 rows=1000 width=121)
	              Recheck Cond: ((id >= 1337474) AND (id <= 1338473))
	              ->  Bitmap Index Scan on sbtest2_pkey  (cost=0.00..22.43 rows=1000 width=0)
	                    Index Cond: ((id >= 1337474) AND (id <= 1338473))

table 3 : explain SELECT DISTINCT c FROM sbtest3 WHERE id BETWEEN 8562664 AND 8563663 ORDER BY c
	Unique  (cost=3814.60..3819.47 rows=975 width=121)
	  ->  Sort  (cost=3814.60..3817.03 rows=975 width=121)
	        Sort Key: c
	        ->  Bitmap Heap Scan on sbtest3  (cost=22.43..3766.19 rows=975 width=121)
	              Recheck Cond: ((id >= 8562664) AND (id <= 8563663))
	              ->  Bitmap Index Scan on sbtest3_pkey  (cost=0.00..22.18 rows=975 width=0)
	                    Index Cond: ((id >= 8562664) AND (id <= 8563663))

table 4 : explain SELECT DISTINCT c FROM sbtest4 WHERE id BETWEEN 8241244 AND 8242243 ORDER BY c
	Unique  (cost=4009.48..4014.61 rows=1026 width=121)
	  ->  Sort  (cost=4009.48..4012.05 rows=1026 width=121)
	        Sort Key: c
	        ->  Bitmap Heap Scan on sbtest4  (cost=22.95..3958.17 rows=1026 width=121)
	              Recheck Cond: ((id >= 8241244) AND (id <= 8242243))
	              ->  Bitmap Index Scan on sbtest4_pkey  (cost=0.00..22.69 rows=1026 width=0)
	                    Index Cond: ((id >= 8241244) AND (id <= 8242243))

table 5 : explain SELECT DISTINCT c FROM sbtest5 WHERE id BETWEEN 2884189 AND 2885188 ORDER BY c
	Unique  (cost=4014.72..4019.85 rows=1027 width=121)
	  ->  Sort  (cost=4014.72..4017.29 rows=1027 width=121)
	        Sort Key: c
	        ->  Bitmap Heap Scan on sbtest5  (cost=22.96..3963.35 rows=1027 width=121)
	              Recheck Cond: ((id >= 2884189) AND (id <= 2885188))
	              ->  Bitmap Index Scan on sbtest5_pkey  (cost=0.00..22.70 rows=1027 width=0)
	                    Index Cond: ((id >= 2884189) AND (id <= 2885188))

table 6 : explain SELECT DISTINCT c FROM sbtest6 WHERE id BETWEEN 3480320 AND 3481319 ORDER BY c
	Unique  (cost=4025.22..4030.37 rows=1030 width=121)
	  ->  Sort  (cost=4025.22..4027.80 rows=1030 width=121)
	        Sort Key: c
	        ->  Bitmap Heap Scan on sbtest6  (cost=22.99..3973.68 rows=1030 width=121)
	              Recheck Cond: ((id >= 3480320) AND (id <= 3481319))
	              ->  Bitmap Index Scan on sbtest6_pkey  (cost=0.00..22.73 rows=1030 width=0)
	                    Index Cond: ((id >= 3480320) AND (id <= 3481319))

table 7 : explain SELECT DISTINCT c FROM sbtest7 WHERE id BETWEEN 5720324 AND 5721323 ORDER BY c
	Unique  (cost=4106.62..4111.87 rows=1051 width=121)
	  ->  Sort  (cost=4106.62..4109.24 rows=1051 width=121)
	        Sort Key: c
	        ->  Bitmap Heap Scan on sbtest7  (cost=23.21..4053.87 rows=1051 width=121)
	              Recheck Cond: ((id >= 5720324) AND (id <= 5721323))
	              ->  Bitmap Index Scan on sbtest7_pkey  (cost=0.00..22.94 rows=1051 width=0)
	                    Index Cond: ((id >= 5720324) AND (id <= 5721323))

table 8 : explain SELECT DISTINCT c FROM sbtest8 WHERE id BETWEEN 845878 AND 846877 ORDER BY c
	Unique  (cost=4369.92..4375.52 rows=1120 width=121)
	  ->  Sort  (cost=4369.92..4372.72 rows=1120 width=121)
	        Sort Key: c
	        ->  Bitmap Heap Scan on sbtest8  (cost=27.92..4313.20 rows=1120 width=121)
	              Recheck Cond: ((id >= 845878) AND (id <= 846877))
	              ->  Bitmap Index Scan on sbtest8_pkey  (cost=0.00..27.64 rows=1120 width=0)
	                    Index Cond: ((id >= 845878) AND (id <= 846877))

for: distinct_ranges
table 1 : explain SELECT DISTINCT c FROM sbtest1 WHERE id BETWEEN 8927696 AND 8928695 ORDER BY c
	Unique  (cost=3963.85..3968.92 rows=1014 width=121)
	  ->  Sort  (cost=3963.85..3966.39 rows=1014 width=121)
	        Sort Key: c
	        ->  Bitmap Heap Scan on sbtest1  (cost=22.83..3913.23 rows=1014 width=121)
	              Recheck Cond: ((id >= 8927696) AND (id <= 8928695))
	              ->  Bitmap Index Scan on sbtest1_pkey  (cost=0.00..22.57 rows=1014 width=0)
	                    Index Cond: ((id >= 8927696) AND (id <= 8928695))

table 2 : explain SELECT DISTINCT c FROM sbtest2 WHERE id BETWEEN 2103769 AND 2104768 ORDER BY c
	Unique  (cost=3806.87..3811.74 rows=973 width=121)
	  ->  Sort  (cost=3806.87..3809.30 rows=973 width=121)
	        Sort Key: c
	        ->  Bitmap Heap Scan on sbtest2  (cost=22.41..3758.58 rows=973 width=121)
	              Recheck Cond: ((id >= 2103769) AND (id <= 2104768))
	              ->  Bitmap Index Scan on sbtest2_pkey  (cost=0.00..22.16 rows=973 width=0)
	                    Index Cond: ((id >= 2103769) AND (id <= 2104768))

table 3 : explain SELECT DISTINCT c FROM sbtest3 WHERE id BETWEEN 3670843 AND 3671842 ORDER BY c
	Unique  (cost=3787.82..3792.66 rows=968 width=121)
	  ->  Sort  (cost=3787.82..3790.24 rows=968 width=121)
	        Sort Key: c
	        ->  Bitmap Heap Scan on sbtest3  (cost=22.36..3739.81 rows=968 width=121)
	              Recheck Cond: ((id >= 3670843) AND (id <= 3671842))
	              ->  Bitmap Index Scan on sbtest3_pkey  (cost=0.00..22.11 rows=968 width=0)
	                    Index Cond: ((id >= 3670843) AND (id <= 3671842))

table 4 : explain SELECT DISTINCT c FROM sbtest4 WHERE id BETWEEN 9015341 AND 9016340 ORDER BY c
	Unique  (cost=3936.90..3941.94 rows=1007 width=121)
	  ->  Sort  (cost=3936.90..3939.42 rows=1007 width=121)
	        Sort Key: c
	        ->  Bitmap Heap Scan on sbtest4  (cost=22.76..3886.68 rows=1007 width=121)
	              Recheck Cond: ((id >= 9015341) AND (id <= 9016340))
	              ->  Bitmap Index Scan on sbtest4_pkey  (cost=0.00..22.50 rows=1007 width=0)
	                    Index Cond: ((id >= 9015341) AND (id <= 9016340))

table 5 : explain SELECT DISTINCT c FROM sbtest5 WHERE id BETWEEN 4527080 AND 4528079 ORDER BY c
	Unique  (cost=3919.16..3924.17 rows=1002 width=121)
	  ->  Sort  (cost=3919.16..3921.67 rows=1002 width=121)
	        Sort Key: c
	        ->  Bitmap Heap Scan on sbtest5  (cost=22.71..3869.22 rows=1002 width=121)
	              Recheck Cond: ((id >= 4527080) AND (id <= 4528079))
	              ->  Bitmap Index Scan on sbtest5_pkey  (cost=0.00..22.45 rows=1002 width=0)
	                    Index Cond: ((id >= 4527080) AND (id <= 4528079))

table 6 : explain SELECT DISTINCT c FROM sbtest6 WHERE id BETWEEN 1028000 AND 1028999 ORDER BY c
	Unique  (cost=4086.31..4091.54 rows=1046 width=121)
	  ->  Sort  (cost=4086.31..4088.93 rows=1046 width=121)
	        Sort Key: c
	        ->  Bitmap Heap Scan on sbtest6  (cost=23.16..4033.85 rows=1046 width=121)
	              Recheck Cond: ((id >= 1028000) AND (id <= 1028999))
	              ->  Bitmap Index Scan on sbtest6_pkey  (cost=0.00..22.89 rows=1046 width=0)
	                    Index Cond: ((id >= 1028000) AND (id <= 1028999))

table 7 : explain SELECT DISTINCT c FROM sbtest7 WHERE id BETWEEN 9446211 AND 9447210 ORDER BY c
	Unique  (cost=3923.20..3928.22 rows=1003 width=121)
	  ->  Sort  (cost=3923.20..3925.71 rows=1003 width=121)
	        Sort Key: c
	        ->  Bitmap Heap Scan on sbtest7  (cost=22.72..3873.20 rows=1003 width=121)
	              Recheck Cond: ((id >= 9446211) AND (id <= 9447210))
	              ->  Bitmap Index Scan on sbtest7_pkey  (cost=0.00..22.46 rows=1003 width=0)
	                    Index Cond: ((id >= 9446211) AND (id <= 9447210))

table 8 : explain SELECT DISTINCT c FROM sbtest8 WHERE id BETWEEN 2966332 AND 2967331 ORDER BY c
	Unique  (cost=3999.53..4004.65 rows=1023 width=121)
	  ->  Sort  (cost=3999.53..4002.09 rows=1023 width=121)
	        Sort Key: c
	        ->  Bitmap Heap Scan on sbtest8  (cost=22.92..3948.39 rows=1023 width=121)
	              Recheck Cond: ((id >= 2966332) AND (id <= 2967331))
	              ->  Bitmap Index Scan on sbtest8_pkey  (cost=0.00..22.66 rows=1023 width=0)
	                    Index Cond: ((id >= 2966332) AND (id <= 2967331))

for: distinct_ranges
table 1 : explain SELECT DISTINCT c FROM sbtest1 WHERE id BETWEEN 8908872 AND 8909871 ORDER BY c
	Unique  (cost=3963.85..3968.92 rows=1014 width=121)
	  ->  Sort  (cost=3963.85..3966.39 rows=1014 width=121)
	        Sort Key: c
	        ->  Bitmap Heap Scan on sbtest1  (cost=22.83..3913.23 rows=1014 width=121)
	              Recheck Cond: ((id >= 8908872) AND (id <= 8909871))
	              ->  Bitmap Index Scan on sbtest1_pkey  (cost=0.00..22.57 rows=1014 width=0)
	                    Index Cond: ((id >= 8908872) AND (id <= 8909871))

table 2 : explain SELECT DISTINCT c FROM sbtest2 WHERE id BETWEEN 1198831 AND 1199830 ORDER BY c
	Unique  (cost=3760.96..3765.76 rows=961 width=121)
	  ->  Sort  (cost=3760.96..3763.36 rows=961 width=121)
	        Sort Key: c
	        ->  Bitmap Heap Scan on sbtest2  (cost=22.29..3713.35 rows=961 width=121)
	              Recheck Cond: ((id >= 1198831) AND (id <= 1199830))
	              ->  Bitmap Index Scan on sbtest2_pkey  (cost=0.00..22.04 rows=961 width=0)
	                    Index Cond: ((id >= 1198831) AND (id <= 1199830))

table 3 : explain SELECT DISTINCT c FROM sbtest3 WHERE id BETWEEN 6738985 AND 6739984 ORDER BY c
	Unique  (cost=3270.14..3274.31 rows=833 width=121)
	  ->  Sort  (cost=3270.14..3272.22 rows=833 width=121)
	        Sort Key: c
	        ->  Bitmap Heap Scan on sbtest3  (cost=20.97..3229.73 rows=833 width=121)
	              Recheck Cond: ((id >= 6738985) AND (id <= 6739984))
	              ->  Bitmap Index Scan on sbtest3_pkey  (cost=0.00..20.76 rows=833 width=0)
	                    Index Cond: ((id >= 6738985) AND (id <= 6739984))

table 4 : explain SELECT DISTINCT c FROM sbtest4 WHERE id BETWEEN 625211 AND 626210 ORDER BY c
	Unique  (cost=3649.97..3654.63 rows=932 width=121)
	  ->  Sort  (cost=3649.97..3652.30 rows=932 width=121)
	        Sort Key: c
	        ->  Bitmap Heap Scan on sbtest4  (cost=21.99..3604.00 rows=932 width=121)
	              Recheck Cond: ((id >= 625211) AND (id <= 626210))
	              ->  Bitmap Index Scan on sbtest4_pkey  (cost=0.00..21.75 rows=932 width=0)
	                    Index Cond: ((id >= 625211) AND (id <= 626210))

table 5 : explain SELECT DISTINCT c FROM sbtest5 WHERE id BETWEEN 9725582 AND 9726581 ORDER BY c
	Unique  (cost=3900.04..3905.03 rows=997 width=121)
	  ->  Sort  (cost=3900.04..3902.53 rows=997 width=121)
	        Sort Key: c
	        ->  Bitmap Heap Scan on sbtest5  (cost=22.65..3850.38 rows=997 width=121)
	              Recheck Cond: ((id >= 9725582) AND (id <= 9726581))
	              ->  Bitmap Index Scan on sbtest5_pkey  (cost=0.00..22.40 rows=997 width=0)
	                    Index Cond: ((id >= 9725582) AND (id <= 9726581))

table 6 : explain SELECT DISTINCT c FROM sbtest6 WHERE id BETWEEN 2641955 AND 2642954 ORDER BY c
	Unique  (cost=3922.07..3927.08 rows=1003 width=121)
	  ->  Sort  (cost=3922.07..3924.57 rows=1003 width=121)
	        Sort Key: c
	        ->  Bitmap Heap Scan on sbtest6  (cost=22.72..3872.07 rows=1003 width=121)
	              Recheck Cond: ((id >= 2641955) AND (id <= 2642954))
	              ->  Bitmap Index Scan on sbtest6_pkey  (cost=0.00..22.46 rows=1003 width=0)
	                    Index Cond: ((id >= 2641955) AND (id <= 2642954))

table 7 : explain SELECT DISTINCT c FROM sbtest7 WHERE id BETWEEN 3050765 AND 3051764 ORDER BY c
	Unique  (cost=4129.52..4134.81 rows=1057 width=121)
	  ->  Sort  (cost=4129.52..4132.17 rows=1057 width=121)
	        Sort Key: c
	        ->  Bitmap Heap Scan on sbtest7  (cost=23.27..4076.43 rows=1057 width=121)
	              Recheck Cond: ((id >= 3050765) AND (id <= 3051764))
	              ->  Bitmap Index Scan on sbtest7_pkey  (cost=0.00..23.00 rows=1057 width=0)
	                    Index Cond: ((id >= 3050765) AND (id <= 3051764))

table 8 : explain SELECT DISTINCT c FROM sbtest8 WHERE id BETWEEN 7038152 AND 7039151 ORDER BY c
	Unique  (cost=3919.26..3924.27 rows=1002 width=121)
	  ->  Sort  (cost=3919.26..3921.76 rows=1002 width=121)
	        Sort Key: c
	        ->  Bitmap Heap Scan on sbtest8  (cost=22.71..3869.31 rows=1002 width=121)
	              Recheck Cond: ((id >= 7038152) AND (id <= 7039151))
	              ->  Bitmap Index Scan on sbtest8_pkey  (cost=0.00..22.45 rows=1002 width=0)
	                    Index Cond: ((id >= 7038152) AND (id <= 7039151))

for: sum_ranges
table 1 : explain SELECT SUM(k) FROM sbtest1 WHERE id BETWEEN 8171265 AND 8172264
	Aggregate  (cost=3553.63..3553.64 rows=1 width=8)
	  ->  Bitmap Heap Scan on sbtest1  (cost=21.84..3551.33 rows=918 width=4)
	        Recheck Cond: ((id >= 8171265) AND (id <= 8172264))
	        ->  Bitmap Index Scan on sbtest1_pkey  (cost=0.00..21.61 rows=918 width=0)
	              Index Cond: ((id >= 8171265) AND (id <= 8172264))

table 2 : explain SELECT SUM(k) FROM sbtest2 WHERE id BETWEEN 1884500 AND 1885499
	Aggregate  (cost=3579.85..3579.86 rows=1 width=8)
	  ->  Bitmap Heap Scan on sbtest2  (cost=21.92..3577.54 rows=925 width=4)
	        Recheck Cond: ((id >= 1884500) AND (id <= 1885499))
	        ->  Bitmap Index Scan on sbtest2_pkey  (cost=0.00..21.68 rows=925 width=0)
	              Index Cond: ((id >= 1884500) AND (id <= 1885499))

table 3 : explain SELECT SUM(k) FROM sbtest3 WHERE id BETWEEN 1272816 AND 1273815
	Aggregate  (cost=4054.83..4054.84 rows=1 width=8)
	  ->  Bitmap Heap Scan on sbtest3  (cost=23.21..4052.20 rows=1051 width=4)
	        Recheck Cond: ((id >= 1272816) AND (id <= 1273815))
	        ->  Bitmap Index Scan on sbtest3_pkey  (cost=0.00..22.94 rows=1051 width=0)
	              Index Cond: ((id >= 1272816) AND (id <= 1273815))

table 4 : explain SELECT SUM(k) FROM sbtest4 WHERE id BETWEEN 1700338 AND 1701337
	Aggregate  (cost=3968.26..3968.27 rows=1 width=8)
	  ->  Bitmap Heap Scan on sbtest4  (cost=22.97..3965.69 rows=1028 width=4)
	        Recheck Cond: ((id >= 1700338) AND (id <= 1701337))
	        ->  Bitmap Index Scan on sbtest4_pkey  (cost=0.00..22.71 rows=1028 width=0)
	              Index Cond: ((id >= 1700338) AND (id <= 1701337))

table 5 : explain SELECT SUM(k) FROM sbtest5 WHERE id BETWEEN 1871982 AND 1872981
	Aggregate  (cost=3999.80..3999.81 rows=1 width=8)
	  ->  Bitmap Heap Scan on sbtest5  (cost=23.05..3997.21 rows=1036 width=4)
	        Recheck Cond: ((id >= 1871982) AND (id <= 1872981))
	        ->  Bitmap Index Scan on sbtest5_pkey  (cost=0.00..22.79 rows=1036 width=0)
	              Index Cond: ((id >= 1871982) AND (id <= 1872981))

table 6 : explain SELECT SUM(k) FROM sbtest6 WHERE id BETWEEN 7555741 AND 7556740
	Aggregate  (cost=4164.31..4164.32 rows=1 width=8)
	  ->  Bitmap Heap Scan on sbtest6  (cost=23.50..4161.61 rows=1080 width=4)
	        Recheck Cond: ((id >= 7555741) AND (id <= 7556740))
	        ->  Bitmap Index Scan on sbtest6_pkey  (cost=0.00..23.23 rows=1080 width=0)
	              Index Cond: ((id >= 7555741) AND (id <= 7556740))

table 7 : explain SELECT SUM(k) FROM sbtest7 WHERE id BETWEEN 6811192 AND 6812191
	Aggregate  (cost=3834.24..3834.25 rows=1 width=8)
	  ->  Bitmap Heap Scan on sbtest7  (cost=22.60..3831.76 rows=992 width=4)
	        Recheck Cond: ((id >= 6811192) AND (id <= 6812191))
	        ->  Bitmap Index Scan on sbtest7_pkey  (cost=0.00..22.36 rows=992 width=0)
	              Index Cond: ((id >= 6811192) AND (id <= 6812191))

table 8 : explain SELECT SUM(k) FROM sbtest8 WHERE id BETWEEN 9766123 AND 9767122
	Aggregate  (cost=3935.88..3935.89 rows=1 width=8)
	  ->  Bitmap Heap Scan on sbtest8  (cost=22.88..3933.33 rows=1019 width=4)
	        Recheck Cond: ((id >= 9766123) AND (id <= 9767122))
	        ->  Bitmap Index Scan on sbtest8_pkey  (cost=0.00..22.62 rows=1019 width=0)
	              Index Cond: ((id >= 9766123) AND (id <= 9767122))

for: sum_ranges
table 1 : explain SELECT SUM(k) FROM sbtest1 WHERE id BETWEEN 8381542 AND 8382541
	Aggregate  (cost=3636.72..3636.73 rows=1 width=8)
	  ->  Bitmap Heap Scan on sbtest1  (cost=22.07..3634.37 rows=940 width=4)
	        Recheck Cond: ((id >= 8381542) AND (id <= 8382541))
	        ->  Bitmap Index Scan on sbtest1_pkey  (cost=0.00..21.83 rows=940 width=0)
	              Index Cond: ((id >= 8381542) AND (id <= 8382541))

table 2 : explain SELECT SUM(k) FROM sbtest2 WHERE id BETWEEN 5795794 AND 5796793
	Aggregate  (cost=4050.99..4051.00 rows=1 width=8)
	  ->  Bitmap Heap Scan on sbtest2  (cost=23.20..4048.36 rows=1050 width=4)
	        Recheck Cond: ((id >= 5795794) AND (id <= 5796793))
	        ->  Bitmap Index Scan on sbtest2_pkey  (cost=0.00..22.93 rows=1050 width=0)
	              Index Cond: ((id >= 5795794) AND (id <= 5796793))

table 3 : explain SELECT SUM(k) FROM sbtest3 WHERE id BETWEEN 2635706 AND 2636705
	Aggregate  (cost=3892.99..3893.00 rows=1 width=8)
	  ->  Bitmap Heap Scan on sbtest3  (cost=22.77..3890.47 rows=1008 width=4)
	        Recheck Cond: ((id >= 2635706) AND (id <= 2636705))
	        ->  Bitmap Index Scan on sbtest3_pkey  (cost=0.00..22.51 rows=1008 width=0)
	              Index Cond: ((id >= 2635706) AND (id <= 2636705))

table 4 : explain SELECT SUM(k) FROM sbtest4 WHERE id BETWEEN 6612746 AND 6613745
	Aggregate  (cost=3689.38..3689.39 rows=1 width=8)
	  ->  Bitmap Heap Scan on sbtest4  (cost=22.21..3687.00 rows=954 width=4)
	        Recheck Cond: ((id >= 6612746) AND (id <= 6613745))
	        ->  Bitmap Index Scan on sbtest4_pkey  (cost=0.00..21.97 rows=954 width=0)
	              Index Cond: ((id >= 6612746) AND (id <= 6613745))

table 5 : explain SELECT SUM(k) FROM sbtest5 WHERE id BETWEEN 4552801 AND 4553800
	Aggregate  (cost=3871.72..3871.73 rows=1 width=8)
	  ->  Bitmap Heap Scan on sbtest5  (cost=22.71..3869.22 rows=1002 width=4)
	        Recheck Cond: ((id >= 4552801) AND (id <= 4553800))
	        ->  Bitmap Index Scan on sbtest5_pkey  (cost=0.00..22.45 rows=1002 width=0)
	              Index Cond: ((id >= 4552801) AND (id <= 4553800))

table 6 : explain SELECT SUM(k) FROM sbtest6 WHERE id BETWEEN 4643109 AND 4644108
	Aggregate  (cost=4126.72..4126.73 rows=1 width=8)
	  ->  Bitmap Heap Scan on sbtest6  (cost=23.40..4124.05 rows=1070 width=4)
	        Recheck Cond: ((id >= 4643109) AND (id <= 4644108))
	        ->  Bitmap Index Scan on sbtest6_pkey  (cost=0.00..23.14 rows=1070 width=0)
	              Index Cond: ((id >= 4643109) AND (id <= 4644108))

table 7 : explain SELECT SUM(k) FROM sbtest7 WHERE id BETWEEN 5001776 AND 5002775
	Aggregate  (cost=3751.25..3751.26 rows=1 width=8)
	  ->  Bitmap Heap Scan on sbtest7  (cost=22.38..3748.82 rows=970 width=4)
	        Recheck Cond: ((id >= 5001776) AND (id <= 5002775))
	        ->  Bitmap Index Scan on sbtest7_pkey  (cost=0.00..22.14 rows=970 width=0)
	              Index Cond: ((id >= 5001776) AND (id <= 5002775))

table 8 : explain SELECT SUM(k) FROM sbtest8 WHERE id BETWEEN 7562921 AND 7563920
	Aggregate  (cost=3509.35..3509.36 rows=1 width=8)
	  ->  Bitmap Heap Scan on sbtest8  (cost=21.72..3507.09 rows=906 width=4)
	        Recheck Cond: ((id >= 7562921) AND (id <= 7563920))
	        ->  Bitmap Index Scan on sbtest8_pkey  (cost=0.00..21.50 rows=906 width=0)
	              Index Cond: ((id >= 7562921) AND (id <= 7563920))

for: order_ranges
table 1 : explain SELECT c FROM sbtest1 WHERE id BETWEEN 1956345 AND 1957344 ORDER BY c
	Sort  (cost=3868.30..3870.77 rows=989 width=121)
	  Sort Key: c
	  ->  Bitmap Heap Scan on sbtest1  (cost=22.57..3819.10 rows=989 width=121)
	        Recheck Cond: ((id >= 1956345) AND (id <= 1957344))
	        ->  Bitmap Index Scan on sbtest1_pkey  (cost=0.00..22.32 rows=989 width=0)
	              Index Cond: ((id >= 1956345) AND (id <= 1957344))

table 2 : explain SELECT c FROM sbtest2 WHERE id BETWEEN 4719523 AND 4720522 ORDER BY c
	Sort  (cost=4177.34..4180.02 rows=1070 width=121)
	  Sort Key: c
	  ->  Bitmap Heap Scan on sbtest2  (cost=23.40..4123.50 rows=1070 width=121)
	        Recheck Cond: ((id >= 4719523) AND (id <= 4720522))
	        ->  Bitmap Index Scan on sbtest2_pkey  (cost=0.00..23.14 rows=1070 width=0)
	              Index Cond: ((id >= 4719523) AND (id <= 4720522))

table 3 : explain SELECT c FROM sbtest3 WHERE id BETWEEN 7183029 AND 7184028 ORDER BY c
	Sort  (cost=3902.54..3905.04 rows=998 width=121)
	  Sort Key: c
	  ->  Bitmap Heap Scan on sbtest3  (cost=22.66..3852.83 rows=998 width=121)
	        Recheck Cond: ((id >= 7183029) AND (id <= 7184028))
	        ->  Bitmap Index Scan on sbtest3_pkey  (cost=0.00..22.41 rows=998 width=0)
	              Index Cond: ((id >= 7183029) AND (id <= 7184028))

table 4 : explain SELECT c FROM sbtest4 WHERE id BETWEEN 859164 AND 860163 ORDER BY c
	Sort  (cost=4165.95..4168.62 rows=1067 width=121)
	  Sort Key: c
	  ->  Bitmap Heap Scan on sbtest4  (cost=23.37..4112.29 rows=1067 width=121)
	        Recheck Cond: ((id >= 859164) AND (id <= 860163))
	        ->  Bitmap Index Scan on sbtest4_pkey  (cost=0.00..23.11 rows=1067 width=0)
	              Index Cond: ((id >= 859164) AND (id <= 860163))

table 5 : explain SELECT c FROM sbtest5 WHERE id BETWEEN 1308997 AND 1309996 ORDER BY c
	Sort  (cost=3685.68..3688.03 rows=941 width=121)
	  Sort Key: c
	  ->  Bitmap Heap Scan on sbtest5  (cost=22.08..3639.21 rows=941 width=121)
	        Recheck Cond: ((id >= 1308997) AND (id <= 1309996))
	        ->  Bitmap Index Scan on sbtest5_pkey  (cost=0.00..21.84 rows=941 width=0)
	              Index Cond: ((id >= 1308997) AND (id <= 1309996))

table 6 : explain SELECT c FROM sbtest6 WHERE id BETWEEN 3819381 AND 3820380 ORDER BY c
	Sort  (cost=4071.04..4073.65 rows=1042 width=121)
	  Sort Key: c
	  ->  Bitmap Heap Scan on sbtest6  (cost=23.12..4018.81 rows=1042 width=121)
	        Recheck Cond: ((id >= 3819381) AND (id <= 3820380))
	        ->  Bitmap Index Scan on sbtest6_pkey  (cost=0.00..22.86 rows=1042 width=0)
	              Index Cond: ((id >= 3819381) AND (id <= 3820380))

table 7 : explain SELECT c FROM sbtest7 WHERE id BETWEEN 8912202 AND 8913201 ORDER BY c
	Sort  (cost=3923.20..3925.71 rows=1003 width=121)
	  Sort Key: c
	  ->  Bitmap Heap Scan on sbtest7  (cost=22.72..3873.20 rows=1003 width=121)
	        Recheck Cond: ((id >= 8912202) AND (id <= 8913201))
	        ->  Bitmap Index Scan on sbtest7_pkey  (cost=0.00..22.46 rows=1003 width=0)
	              Index Cond: ((id >= 8912202) AND (id <= 8913201))

table 8 : explain SELECT c FROM sbtest8 WHERE id BETWEEN 1974387 AND 1975386 ORDER BY c
	Sort  (cost=3865.71..3868.18 rows=988 width=121)
	  Sort Key: c
	  ->  Bitmap Heap Scan on sbtest8  (cost=22.56..3816.56 rows=988 width=121)
	        Recheck Cond: ((id >= 1974387) AND (id <= 1975386))
	        ->  Bitmap Index Scan on sbtest8_pkey  (cost=0.00..22.32 rows=988 width=0)
	              Index Cond: ((id >= 1974387) AND (id <= 1975386))

for: order_ranges
table 1 : explain SELECT c FROM sbtest1 WHERE id BETWEEN 7971685 AND 7972684 ORDER BY c
	Sort  (cost=4246.25..4248.97 rows=1088 width=121)
	  Sort Key: c
	  ->  Bitmap Heap Scan on sbtest1  (cost=23.59..4191.37 rows=1088 width=121)
	        Recheck Cond: ((id >= 7971685) AND (id <= 7972684))
	        ->  Bitmap Index Scan on sbtest1_pkey  (cost=0.00..23.32 rows=1088 width=0)
	              Index Cond: ((id >= 7971685) AND (id <= 7972684))

table 2 : explain SELECT c FROM sbtest2 WHERE id BETWEEN 3111085 AND 3112084 ORDER BY c
	Sort  (cost=3833.64..3836.09 rows=980 width=121)
	  Sort Key: c
	  ->  Bitmap Heap Scan on sbtest2  (cost=22.48..3784.96 rows=980 width=121)
	        Recheck Cond: ((id >= 3111085) AND (id <= 3112084))
	        ->  Bitmap Index Scan on sbtest2_pkey  (cost=0.00..22.23 rows=980 width=0)
	              Index Cond: ((id >= 3111085) AND (id <= 3112084))

table 3 : explain SELECT c FROM sbtest3 WHERE id BETWEEN 3320541 AND 3321540 ORDER BY c
	Sort  (cost=3845.19..3847.65 rows=983 width=121)
	  Sort Key: c
	  ->  Bitmap Heap Scan on sbtest3  (cost=22.51..3796.33 rows=983 width=121)
	        Recheck Cond: ((id >= 3320541) AND (id <= 3321540))
	        ->  Bitmap Index Scan on sbtest3_pkey  (cost=0.00..22.26 rows=983 width=0)
	              Index Cond: ((id >= 3320541) AND (id <= 3321540))

table 4 : explain SELECT c FROM sbtest4 WHERE id BETWEEN 3583586 AND 3584585 ORDER BY c
	Sort  (cost=4112.55..4115.18 rows=1053 width=121)
	  Sort Key: c
	  ->  Bitmap Heap Scan on sbtest4  (cost=23.23..4059.68 rows=1053 width=121)
	        Recheck Cond: ((id >= 3583586) AND (id <= 3584585))
	        ->  Bitmap Index Scan on sbtest4_pkey  (cost=0.00..22.96 rows=1053 width=0)
	              Index Cond: ((id >= 3583586) AND (id <= 3584585))

table 5 : explain SELECT c FROM sbtest5 WHERE id BETWEEN 4263042 AND 4264041 ORDER BY c
	Sort  (cost=3762.28..3764.69 rows=961 width=121)
	  Sort Key: c
	  ->  Bitmap Heap Scan on sbtest5  (cost=22.29..3714.67 rows=961 width=121)
	        Recheck Cond: ((id >= 4263042) AND (id <= 4264041))
	        ->  Bitmap Index Scan on sbtest5_pkey  (cost=0.00..22.04 rows=961 width=0)
	              Index Cond: ((id >= 4263042) AND (id <= 4264041))

table 6 : explain SELECT c FROM sbtest6 WHERE id BETWEEN 3479193 AND 3480192 ORDER BY c
	Sort  (cost=4025.22..4027.80 rows=1030 width=121)
	  Sort Key: c
	  ->  Bitmap Heap Scan on sbtest6  (cost=22.99..3973.68 rows=1030 width=121)
	        Recheck Cond: ((id >= 3479193) AND (id <= 3480192))
	        ->  Bitmap Index Scan on sbtest6_pkey  (cost=0.00..22.73 rows=1030 width=0)
	              Index Cond: ((id >= 3479193) AND (id <= 3480192))

table 7 : explain SELECT c FROM sbtest7 WHERE id BETWEEN 7047737 AND 7048736 ORDER BY c
	Sort  (cost=3800.77..3803.20 rows=971 width=121)
	  Sort Key: c
	  ->  Bitmap Heap Scan on sbtest7  (cost=22.39..3752.60 rows=971 width=121)
	        Recheck Cond: ((id >= 7047737) AND (id <= 7048736))
	        ->  Bitmap Index Scan on sbtest7_pkey  (cost=0.00..22.14 rows=971 width=0)
	              Index Cond: ((id >= 7047737) AND (id <= 7048736))

table 8 : explain SELECT c FROM sbtest8 WHERE id BETWEEN 6872279 AND 6873278 ORDER BY c
	Sort  (cost=3689.60..3691.95 rows=942 width=121)
	  Sort Key: c
	  ->  Bitmap Heap Scan on sbtest8  (cost=22.09..3643.07 rows=942 width=121)
	        Recheck Cond: ((id >= 6872279) AND (id <= 6873278))
	        ->  Bitmap Index Scan on sbtest8_pkey  (cost=0.00..21.86 rows=942 width=0)
	              Index Cond: ((id >= 6872279) AND (id <= 6873278))

for: distinct_ranges
table 1 : explain SELECT DISTINCT c FROM sbtest1 WHERE id BETWEEN 6176596 AND 6177595 ORDER BY c
	Unique  (cost=3898.89..3903.87 rows=997 width=121)
	  ->  Sort  (cost=3898.89..3901.38 rows=997 width=121)
	        Sort Key: c
	        ->  Bitmap Heap Scan on sbtest1  (cost=22.65..3849.23 rows=997 width=121)
	              Recheck Cond: ((id >= 6176596) AND (id <= 6177595))
	              ->  Bitmap Index Scan on sbtest1_pkey  (cost=0.00..22.40 rows=997 width=0)
	                    Index Cond: ((id >= 6176596) AND (id <= 6177595))

table 2 : explain SELECT DISTINCT c FROM sbtest2 WHERE id BETWEEN 5569522 AND 5570521 ORDER BY c
	Unique  (cost=3669.08..3673.76 rows=937 width=121)
	  ->  Sort  (cost=3669.08..3671.42 rows=937 width=121)
	        Sort Key: c
	        ->  Bitmap Heap Scan on sbtest2  (cost=22.04..3622.83 rows=937 width=121)
	              Recheck Cond: ((id >= 5569522) AND (id <= 5570521))
	              ->  Bitmap Index Scan on sbtest2_pkey  (cost=0.00..21.80 rows=937 width=0)
	                    Index Cond: ((id >= 5569522) AND (id <= 5570521))

table 3 : explain SELECT DISTINCT c FROM sbtest3 WHERE id BETWEEN 4146364 AND 4147363 ORDER BY c
	Unique  (cost=3948.40..3953.45 rows=1010 width=121)
	  ->  Sort  (cost=3948.40..3950.92 rows=1010 width=121)
	        Sort Key: c
	        ->  Bitmap Heap Scan on sbtest3  (cost=22.79..3898.00 rows=1010 width=121)
	              Recheck Cond: ((id >= 4146364) AND (id <= 4147363))
	              ->  Bitmap Index Scan on sbtest3_pkey  (cost=0.00..22.54 rows=1010 width=0)
	                    Index Cond: ((id >= 4146364) AND (id <= 4147363))

table 4 : explain SELECT DISTINCT c FROM sbtest4 WHERE id BETWEEN 1367841 AND 1368840 ORDER BY c
	Unique  (cost=3538.83..3543.35 rows=903 width=121)
	  ->  Sort  (cost=3538.83..3541.09 rows=903 width=121)
	        Sort Key: c
	        ->  Bitmap Heap Scan on sbtest4  (cost=21.69..3494.50 rows=903 width=121)
	              Recheck Cond: ((id >= 1367841) AND (id <= 1368840))
	              ->  Bitmap Index Scan on sbtest4_pkey  (cost=0.00..21.46 rows=903 width=0)
	                    Index Cond: ((id >= 1367841) AND (id <= 1368840))

table 5 : explain SELECT DISTINCT c FROM sbtest5 WHERE id BETWEEN 7785005 AND 7786004 ORDER BY c
	Unique  (cost=4171.27..4176.61 rows=1068 width=121)
	  ->  Sort  (cost=4171.27..4173.94 rows=1068 width=121)
	        Sort Key: c
	        ->  Bitmap Heap Scan on sbtest5  (cost=23.38..4117.55 rows=1068 width=121)
	              Recheck Cond: ((id >= 7785005) AND (id <= 7786004))
	              ->  Bitmap Index Scan on sbtest5_pkey  (cost=0.00..23.11 rows=1068 width=0)
	                    Index Cond: ((id >= 7785005) AND (id <= 7786004))

table 6 : explain SELECT DISTINCT c FROM sbtest6 WHERE id BETWEEN 5051575 AND 5052574 ORDER BY c
	Unique  (cost=3772.90..3777.72 rows=964 width=121)
	  ->  Sort  (cost=3772.90..3775.31 rows=964 width=121)
	        Sort Key: c
	        ->  Bitmap Heap Scan on sbtest6  (cost=22.32..3725.12 rows=964 width=121)
	              Recheck Cond: ((id >= 5051575) AND (id <= 5052574))
	              ->  Bitmap Index Scan on sbtest6_pkey  (cost=0.00..22.07 rows=964 width=0)
	                    Index Cond: ((id >= 5051575) AND (id <= 5052574))

table 7 : explain SELECT DISTINCT c FROM sbtest7 WHERE id BETWEEN 9024883 AND 9025882 ORDER BY c
	Unique  (cost=3881.13..3886.09 rows=992 width=121)
	  ->  Sort  (cost=3881.13..3883.61 rows=992 width=121)
	        Sort Key: c
	        ->  Bitmap Heap Scan on sbtest7  (cost=22.60..3831.76 rows=992 width=121)
	              Recheck Cond: ((id >= 9024883) AND (id <= 9025882))
	              ->  Bitmap Index Scan on sbtest7_pkey  (cost=0.00..22.36 rows=992 width=0)
	                    Index Cond: ((id >= 9024883) AND (id <= 9025882))

table 8 : explain SELECT DISTINCT c FROM sbtest8 WHERE id BETWEEN 3108468 AND 3109467 ORDER BY c
	Unique  (cost=3823.62..3828.50 rows=977 width=121)
	  ->  Sort  (cost=3823.62..3826.06 rows=977 width=121)
	        Sort Key: c
	        ->  Bitmap Heap Scan on sbtest8  (cost=22.45..3775.10 rows=977 width=121)
	              Recheck Cond: ((id >= 3108468) AND (id <= 3109467))
	              ->  Bitmap Index Scan on sbtest8_pkey  (cost=0.00..22.20 rows=977 width=0)
	                    Index Cond: ((id >= 3108468) AND (id <= 3109467))

for: distinct_ranges
table 1 : explain SELECT DISTINCT c FROM sbtest1 WHERE id BETWEEN 5074181 AND 5075180 ORDER BY c
	Unique  (cost=4204.31..4209.70 rows=1077 width=121)
	  ->  Sort  (cost=4204.31..4207.00 rows=1077 width=121)
	        Sort Key: c
	        ->  Bitmap Heap Scan on sbtest1  (cost=23.47..4150.07 rows=1077 width=121)
	              Recheck Cond: ((id >= 5074181) AND (id <= 5075180))
	              ->  Bitmap Index Scan on sbtest1_pkey  (cost=0.00..23.20 rows=1077 width=0)
	                    Index Cond: ((id >= 5074181) AND (id <= 5075180))

table 2 : explain SELECT DISTINCT c FROM sbtest2 WHERE id BETWEEN 6470355 AND 6471354 ORDER BY c
	Unique  (cost=3523.46..3527.95 rows=899 width=121)
	  ->  Sort  (cost=3523.46..3525.70 rows=899 width=121)
	        Sort Key: c
	        ->  Bitmap Heap Scan on sbtest2  (cost=21.65..3479.35 rows=899 width=121)
	              Recheck Cond: ((id >= 6470355) AND (id <= 6471354))
	              ->  Bitmap Index Scan on sbtest2_pkey  (cost=0.00..21.43 rows=899 width=0)
	                    Index Cond: ((id >= 6470355) AND (id <= 6471354))

table 3 : explain SELECT DISTINCT c FROM sbtest3 WHERE id BETWEEN 6400711 AND 6401710 ORDER BY c
	Unique  (cost=3902.54..3907.53 rows=998 width=121)
	  ->  Sort  (cost=3902.54..3905.04 rows=998 width=121)
	        Sort Key: c
	        ->  Bitmap Heap Scan on sbtest3  (cost=22.66..3852.83 rows=998 width=121)
	              Recheck Cond: ((id >= 6400711) AND (id <= 6401710))
	              ->  Bitmap Index Scan on sbtest3_pkey  (cost=0.00..22.41 rows=998 width=0)
	                    Index Cond: ((id >= 6400711) AND (id <= 6401710))

table 4 : explain SELECT DISTINCT c FROM sbtest4 WHERE id BETWEEN 1529128 AND 1530127 ORDER BY c
	Unique  (cost=4192.65..4198.02 rows=1074 width=121)
	  ->  Sort  (cost=4192.65..4195.33 rows=1074 width=121)
	        Sort Key: c
	        ->  Bitmap Heap Scan on sbtest4  (cost=23.44..4138.58 rows=1074 width=121)
	              Recheck Cond: ((id >= 1529128) AND (id <= 1530127))
	              ->  Bitmap Index Scan on sbtest4_pkey  (cost=0.00..23.18 rows=1074 width=0)
	                    Index Cond: ((id >= 1529128) AND (id <= 1530127))

table 5 : explain SELECT DISTINCT c FROM sbtest5 WHERE id BETWEEN 5968915 AND 5969914 ORDER BY c
	Unique  (cost=4022.36..4027.51 rows=1029 width=121)
	  ->  Sort  (cost=4022.36..4024.93 rows=1029 width=121)
	        Sort Key: c
	        ->  Bitmap Heap Scan on sbtest5  (cost=22.98..3970.87 rows=1029 width=121)
	              Recheck Cond: ((id >= 5968915) AND (id <= 5969914))
	              ->  Bitmap Index Scan on sbtest5_pkey  (cost=0.00..22.72 rows=1029 width=0)
	                    Index Cond: ((id >= 5968915) AND (id <= 5969914))

table 6 : explain SELECT DISTINCT c FROM sbtest6 WHERE id BETWEEN 9576158 AND 9577157 ORDER BY c
	Unique  (cost=3784.38..3789.22 rows=967 width=121)
	  ->  Sort  (cost=3784.38..3786.80 rows=967 width=121)
	        Sort Key: c
	        ->  Bitmap Heap Scan on sbtest6  (cost=22.35..3736.43 rows=967 width=121)
	              Recheck Cond: ((id >= 9576158) AND (id <= 9577157))
	              ->  Bitmap Index Scan on sbtest6_pkey  (cost=0.00..22.11 rows=967 width=0)
	                    Index Cond: ((id >= 9576158) AND (id <= 9577157))

table 7 : explain SELECT DISTINCT c FROM sbtest7 WHERE id BETWEEN 8429422 AND 8430421 ORDER BY c
	Unique  (cost=3949.97..3955.02 rows=1010 width=121)
	  ->  Sort  (cost=3949.97..3952.49 rows=1010 width=121)
	        Sort Key: c
	        ->  Bitmap Heap Scan on sbtest7  (cost=22.79..3899.57 rows=1010 width=121)
	              Recheck Cond: ((id >= 8429422) AND (id <= 8430421))
	              ->  Bitmap Index Scan on sbtest7_pkey  (cost=0.00..22.54 rows=1010 width=0)
	                    Index Cond: ((id >= 8429422) AND (id <= 8430421))

table 8 : explain SELECT DISTINCT c FROM sbtest8 WHERE id BETWEEN 3731426 AND 3732425 ORDER BY c
	Unique  (cost=3865.71..3870.65 rows=988 width=121)
	  ->  Sort  (cost=3865.71..3868.18 rows=988 width=121)
	        Sort Key: c
	        ->  Bitmap Heap Scan on sbtest8  (cost=22.56..3816.56 rows=988 width=121)
	              Recheck Cond: ((id >= 3731426) AND (id <= 3732425))
	              ->  Bitmap Index Scan on sbtest8_pkey  (cost=0.00..22.32 rows=988 width=0)
	                    Index Cond: ((id >= 3731426) AND (id <= 3732425))

Threads started!

Warming up for 5 seconds...

SQL statistics:
    queries performed:
        read:                            88263815
        write:                           0
        other:                           16048000
        total:                           104311815
    transactions:                        8024020 (12738.02 per sec.)
    queries:                             104311815 (165593.59 per sec.)
    ignored errors:                      0      (0.00 per sec.)
    reconnects:                          0      (0.00 per sec.)

Throughput:
    events/s (eps):                      12738.0232
    time elapsed:                        630.0074s
    total number of events:              8024020

Latency (ms):
         min:                                    0.52
         avg:                                    3.14
         max:                                 1268.94
         95th percentile:                        3.25
         sum:                             25188062.48

Threads fairness:
    events (avg/stddev):           200600.0000/542.02
    execution time (avg/stddev):   629.7016/0.32

