LUA_PATH=/home/mdcallag/git/mytools/bench/sysbench.lua/lua/?.lua /home/mdcallag/git/mytools/bench/sysbench.lua/lua/sysbench --db-driver=pgsql --range-size=100 --table-size=10000000 --tables=8 --threads=40 --events=0 --warmup-time=5 --time=630 --pgsql_conn_id=true /home/mdcallag/git/mytools/bench/sysbench.lua/lua/oltp_read_only.lua run --pgsql-user=root --pgsql-password=pw --pgsql-host=127.0.0.1 --pgsql-db=ib --rand-type=uniform
48 CPUs
sysbench 1.1.0-9072687 (using bundled LuaJIT 2.1.0-beta3)

Running the test with following options:
Number of threads: 40
Warmup time: 5s
Initializing random number generator from current time


Initializing worker threads...

explain: for point_selects :: explain SELECT c FROM sbtest%u WHERE id=%u
explain: for point_selects :: explain SELECT c FROM sbtest%u WHERE id=%u
explain: for point_selects :: explain SELECT c FROM sbtest%u WHERE id=%u
explain: for point_selects :: explain SELECT c FROM sbtest%u WHERE id=%uexplain: for point_selects :: explain SELECT c FROM sbtest%u WHERE id=%u
explain: for point_selects :: explain SELECT c FROM sbtest%u WHERE id=%u
explain: for point_selects :: explain SELECT c FROM sbtest%u WHERE id=%u

explain: for point_selects :: explain SELECT c FROM sbtest%u WHERE id=%u
explain: for point_selects :: explain SELECT c FROM sbtest%u WHERE id=%u
explain: for point_selects :: explain SELECT c FROM sbtest%u WHERE id=%u
explain: for point_selects :: explain SELECT c FROM sbtest%u WHERE id=%u
explain: for point_selects :: explain SELECT c FROM sbtest%u WHERE id=%u
explain: for point_selects :: explain SELECT c FROM sbtest%u WHERE id=%u
explain: for point_selects :: explain SELECT c FROM sbtest%u WHERE id=%u
explain: for point_selects :: explain SELECT c FROM sbtest%u WHERE id=%u
explain: for point_selects :: explain SELECT c FROM sbtest%u WHERE id=%u
explain: for point_selects :: explain SELECT c FROM sbtest%u WHERE id=%u
explain: for point_selects :: explain SELECT c FROM sbtest%u WHERE id=%u
explain: for point_selects :: explain SELECT c FROM sbtest%u WHERE id=%u
explain: for point_selects :: explain SELECT c FROM sbtest%u WHERE id=%u
explain: for point_selects :: explain SELECT c FROM sbtest%u WHERE id=%u
explain: for point_selects :: explain SELECT c FROM sbtest%u WHERE id=%u
explain: for point_selects :: explain SELECT c FROM sbtest%u WHERE id=%u
for point_selects
table 1 : explain SELECT c FROM sbtest1 WHERE id=7734822
	Index Scan using sbtest1_pkey on sbtest1  (cost=0.43..8.45 rows=1 width=121)
	  Index Cond: (id = 7734822)

table 2 : explain SELECT c FROM sbtest2 WHERE id=7891265
	Index Scan using sbtest2_pkey on sbtest2  (cost=0.43..8.45 rows=1 width=121)
	  Index Cond: (id = 7891265)

table 3 : explain SELECT c FROM sbtest3 WHERE id=2200989
	Index Scan using sbtest3_pkey on sbtest3  (cost=0.43..8.45 rows=1 width=121)
	  Index Cond: (id = 2200989)

table 4 : explain SELECT c FROM sbtest4 WHERE id=2643985
	Index Scan using sbtest4_pkey on sbtest4  (cost=0.43..8.45 rows=1 width=121)
	  Index Cond: (id = 2643985)

table 5 : explain SELECT c FROM sbtest5 WHERE id=87661
	Index Scan using sbtest5_pkey on sbtest5  (cost=0.43..8.45 rows=1 width=121)
	  Index Cond: (id = 87661)

table 6 : explain SELECT c FROM sbtest6 WHERE id=2704341
	Index Scan using sbtest6_pkey on sbtest6  (cost=0.43..8.45 rows=1 width=121)
	  Index Cond: (id = 2704341)

table 7 : explain SELECT c FROM sbtest7 WHERE id=8940998
	Index Scan using sbtest7_pkey on sbtest7  (cost=0.43..8.45 rows=1 width=121)
	  Index Cond: (id = 8940998)

table 8 : explain SELECT c FROM sbtest8 WHERE id=610726
	Index Scan using sbtest8_pkey on sbtest8  (cost=0.43..8.45 rows=1 width=121)
	  Index Cond: (id = 610726)

explain: for point_selects :: explain SELECT c FROM sbtest%u WHERE id=%u
explain: for point_selects :: explain SELECT c FROM sbtest%u WHERE id=%u
explain: for point_selects :: explain SELECT c FROM sbtest%u WHERE id=%u
explain: for point_selects :: explain SELECT c FROM sbtest%u WHERE id=%u
explain: for point_selects :: explain SELECT c FROM sbtest%u WHERE id=%u
for point_selects
table 1 : explain SELECT c FROM sbtest1 WHERE id=1798983
	Index Scan using sbtest1_pkey on sbtest1  (cost=0.43..8.45 rows=1 width=121)
	  Index Cond: (id = 1798983)

table 2 : explain SELECT c FROM sbtest2 WHERE id=4879814
	Index Scan using sbtest2_pkey on sbtest2  (cost=0.43..8.45 rows=1 width=121)
	  Index Cond: (id = 4879814)

table 3 : explain SELECT c FROM sbtest3 WHERE id=4680675
	Index Scan using sbtest3_pkey on sbtest3  (cost=0.43..8.45 rows=1 width=121)
	  Index Cond: (id = 4680675)

table 4 : explain SELECT c FROM sbtest4 WHERE id=8145866
	Index Scan using sbtest4_pkey on sbtest4  (cost=0.43..8.45 rows=1 width=121)
	  Index Cond: (id = 8145866)

table 5 : explain SELECT c FROM sbtest5 WHERE id=3828496
	Index Scan using sbtest5_pkey on sbtest5  (cost=0.43..8.45 rows=1 width=121)
	  Index Cond: (id = 3828496)

table 6 : explain SELECT c FROM sbtest6 WHERE id=1142924
	Index Scan using sbtest6_pkey on sbtest6  (cost=0.43..8.45 rows=1 width=121)
	  Index Cond: (id = 1142924)

table 7 : explain SELECT c FROM sbtest7 WHERE id=9372732
	Index Scan using sbtest7_pkey on sbtest7  (cost=0.43..8.45 rows=1 width=121)
	  Index Cond: (id = 9372732)

table 8 : explain SELECT c FROM sbtest8 WHERE id=4357041
	Index Scan using sbtest8_pkey on sbtest8  (cost=0.43..8.45 rows=1 width=121)
	  Index Cond: (id = 4357041)
for point_selects
table 1 : explain SELECT c FROM sbtest1 WHERE id=7994429
	Index Scan using sbtest1_pkey on sbtest1  (cost=0.43..8.45 rows=1 width=121)
	  Index Cond: (id = 7994429)

table 2 : explain SELECT c FROM sbtest2 WHERE id=5099455
	Index Scan using sbtest2_pkey on sbtest2  (cost=0.43..8.45 rows=1 width=121)
	  Index Cond: (id = 5099455)

table 3 : explain SELECT c FROM sbtest3 WHERE id=3760089
	Index Scan using sbtest3_pkey on sbtest3  (cost=0.43..8.45 rows=1 width=121)
	  Index Cond: (id = 3760089)

table 4 : explain SELECT c FROM sbtest4 WHERE id=8411986
	Index Scan using sbtest4_pkey on sbtest4  (cost=0.43..8.45 rows=1 width=121)
	  Index Cond: (id = 8411986)

table 5 : explain SELECT c FROM sbtest5 WHERE id=3648055
	Index Scan using sbtest5_pkey on sbtest5  (cost=0.43..8.45 rows=1 width=121)
	  Index Cond: (id = 3648055)

table 6 : explain SELECT c FROM sbtest6 WHERE id=2807007
	Index Scan using sbtest6_pkey on sbtest6  (cost=0.43..8.45 rows=1 width=121)
	  Index Cond: (id = 2807007)

table 7 : explain SELECT c FROM sbtest7 WHERE id=3492377
	Index Scan using sbtest7_pkey on sbtest7  (cost=0.43..8.45 rows=1 width=121)
	  Index Cond: (id = 3492377)

table 8 : explain SELECT c FROM sbtest8 WHERE id=4653944
	Index Scan using sbtest8_pkey on sbtest8  (cost=0.43..8.45 rows=1 width=121)
	  Index Cond: (id = 4653944)
for point_selects
table 1 : explain SELECT c FROM sbtest1 WHERE id=4028004
	Index Scan using sbtest1_pkey on sbtest1  (cost=0.43..8.45 rows=1 width=121)
	  Index Cond: (id = 4028004)

table 2 : explain SELECT c FROM sbtest2 WHERE id=3934167
	Index Scan using sbtest2_pkey on sbtest2  (cost=0.43..8.45 rows=1 width=121)
	  Index Cond: (id = 3934167)

table 3 : explain SELECT c FROM sbtest3 WHERE id=8007666
	Index Scan using sbtest3_pkey on sbtest3  (cost=0.43..8.45 rows=1 width=121)
	  Index Cond: (id = 8007666)

table 4 : explain SELECT c FROM sbtest4 WHERE id=5802428
	Index Scan using sbtest4_pkey on sbtest4  (cost=0.43..8.45 rows=1 width=121)
	  Index Cond: (id = 5802428)

table 5 : explain SELECT c FROM sbtest5 WHERE id=1585187
	Index Scan using sbtest5_pkey on sbtest5  (cost=0.43..8.45 rows=1 width=121)
	  Index Cond: (id = 1585187)

table 6 : explain SELECT c FROM sbtest6 WHERE id=7237285
	Index Scan using sbtest6_pkey on sbtest6  (cost=0.43..8.45 rows=1 width=121)
	  Index Cond: (id = 7237285)

table 7 : explain SELECT c FROM sbtest7 WHERE id=1363889
	Index Scan using sbtest7_pkey on sbtest7  (cost=0.43..8.45 rows=1 width=121)
	  Index Cond: (id = 1363889)

table 8 : explain SELECT c FROM sbtest8 WHERE id=5557199
	Index Scan using sbtest8_pkey on sbtest8  (cost=0.43..8.45 rows=1 width=121)
	  Index Cond: (id = 5557199)

for point_selects
table 1 : explain SELECT c FROM sbtest1 WHERE id=3742241
	Index Scan using sbtest1_pkey on sbtest1  (cost=0.43..8.45 rows=1 width=121)
	  Index Cond: (id = 3742241)

table 2 : explain SELECT c FROM sbtest2 WHERE id=9244413
	Index Scan using sbtest2_pkey on sbtest2  (cost=0.43..8.45 rows=1 width=121)
	  Index Cond: (id = 9244413)

table 3 : explain SELECT c FROM sbtest3 WHERE id=7915115
	Index Scan using sbtest3_pkey on sbtest3  (cost=0.43..8.45 rows=1 width=121)
	  Index Cond: (id = 7915115)

table 4 : explain SELECT c FROM sbtest4 WHERE id=208860
	Index Scan using sbtest4_pkey on sbtest4  (cost=0.43..8.45 rows=1 width=121)
	  Index Cond: (id = 208860)

table 5 : explain SELECT c FROM sbtest5 WHERE id=1967288
	Index Scan using sbtest5_pkey on sbtest5  (cost=0.43..8.45 rows=1 width=121)
	  Index Cond: (id = 1967288)

table 6 : explain SELECT c FROM sbtest6 WHERE id=2041328
	Index Scan using sbtest6_pkey on sbtest6  (cost=0.43..8.45 rows=1 width=121)
	  Index Cond: (id = 2041328)

table 7 : explain SELECT c FROM sbtest7 WHERE id=6543710
	Index Scan using sbtest7_pkey on sbtest7  (cost=0.43..8.45 rows=1 width=121)
	  Index Cond: (id = 6543710)

table 8 : explain SELECT c FROM sbtest8 WHERE id=4086919
	Index Scan using sbtest8_pkey on sbtest8  (cost=0.43..8.45 rows=1 width=121)
	  Index Cond: (id = 4086919)

for point_selects
table 1 : explain SELECT c FROM sbtest1 WHERE id=9966655
	Index Scan using sbtest1_pkey on sbtest1  (cost=0.43..8.45 rows=1 width=121)
	  Index Cond: (id = 9966655)

table 2 : explain SELECT c FROM sbtest2 WHERE id=3780345
	Index Scan using sbtest2_pkey on sbtest2  (cost=0.43..8.45 rows=1 width=121)
	  Index Cond: (id = 3780345)

table 3 : explain SELECT c FROM sbtest3 WHERE id=9682748
	Index Scan using sbtest3_pkey on sbtest3  (cost=0.43..8.45 rows=1 width=121)
	  Index Cond: (id = 9682748)

table 4 : explain SELECT c FROM sbtest4 WHERE id=6666288
	Index Scan using sbtest4_pkey on sbtest4  (cost=0.43..8.45 rows=1 width=121)
	  Index Cond: (id = 6666288)

table 5 : explain SELECT c FROM sbtest5 WHERE id=6807345
	Index Scan using sbtest5_pkey on sbtest5  (cost=0.43..8.45 rows=1 width=121)
	  Index Cond: (id = 6807345)

table 6 : explain SELECT c FROM sbtest6 WHERE id=2262724
	Index Scan using sbtest6_pkey on sbtest6  (cost=0.43..8.45 rows=1 width=121)
	  Index Cond: (id = 2262724)

table 7 : explain SELECT c FROM sbtest7 WHERE id=250443
	Index Scan using sbtest7_pkey on sbtest7  (cost=0.43..8.45 rows=1 width=121)
	  Index Cond: (id = 250443)

table 8 : explain SELECT c FROM sbtest8 WHERE id=3403243
	Index Scan using sbtest8_pkey on sbtest8  (cost=0.43..8.45 rows=1 width=121)
	  Index Cond: (id = 3403243)

for point_selects
table 1 : explain SELECT c FROM sbtest1 WHERE id=2344579
	Index Scan using sbtest1_pkey on sbtest1  (cost=0.43..8.45 rows=1 width=121)
	  Index Cond: (id = 2344579)

table 2 : explain SELECT c FROM sbtest2 WHERE id=6938061
	Index Scan using sbtest2_pkey on sbtest2  (cost=0.43..8.45 rows=1 width=121)
	  Index Cond: (id = 6938061)

table 3 : explain SELECT c FROM sbtest3 WHERE id=6743828
	Index Scan using sbtest3_pkey on sbtest3  (cost=0.43..8.45 rows=1 width=121)
	  Index Cond: (id = 6743828)

table 4 : explain SELECT c FROM sbtest4 WHERE id=6912463
	Index Scan using sbtest4_pkey on sbtest4  (cost=0.43..8.45 rows=1 width=121)
	  Index Cond: (id = 6912463)

table 5 : explain SELECT c FROM sbtest5 WHERE id=970395
	Index Scan using sbtest5_pkey on sbtest5  (cost=0.43..8.45 rows=1 width=121)
	  Index Cond: (id = 970395)

table 6 : explain SELECT c FROM sbtest6 WHERE id=8053072
	Index Scan using sbtest6_pkey on sbtest6  (cost=0.43..8.45 rows=1 width=121)
	  Index Cond: (id = 8053072)

table 7 : explain SELECT c FROM sbtest7 WHERE id=8090790
	Index Scan using sbtest7_pkey on sbtest7  (cost=0.43..8.45 rows=1 width=121)
	  Index Cond: (id = 8090790)

table 8 : explain SELECT c FROM sbtest8 WHERE id=3697004
	Index Scan using sbtest8_pkey on sbtest8  (cost=0.43..8.45 rows=1 width=121)
	  Index Cond: (id = 3697004)

for point_selects
table 1 : explain SELECT c FROM sbtest1 WHERE id=7887011
	Index Scan using sbtest1_pkey on sbtest1  (cost=0.43..8.45 rows=1 width=121)
	  Index Cond: (id = 7887011)

table 2 : explain SELECT c FROM sbtest2 WHERE id=9096180
	Index Scan using sbtest2_pkey on sbtest2  (cost=0.43..8.45 rows=1 width=121)
	  Index Cond: (id = 9096180)

table 3 : explain SELECT c FROM sbtest3 WHERE id=557051
	Index Scan using sbtest3_pkey on sbtest3  (cost=0.43..8.45 rows=1 width=121)
	  Index Cond: (id = 557051)

table 4 : explain SELECT c FROM sbtest4 WHERE id=560414
	Index Scan using sbtest4_pkey on sbtest4  (cost=0.43..8.45 rows=1 width=121)
	  Index Cond: (id = 560414)

table 5 : explain SELECT c FROM sbtest5 WHERE id=8350154
	Index Scan using sbtest5_pkey on sbtest5  (cost=0.43..8.45 rows=1 width=121)
	  Index Cond: (id = 8350154)

table 6 : explain SELECT c FROM sbtest6 WHERE id=9993593
	Index Scan using sbtest6_pkey on sbtest6  (cost=0.43..8.45 rows=1 width=121)
	  Index Cond: (id = 9993593)

table 7 : explain SELECT c FROM sbtest7 WHERE id=7926698
	Index Scan using sbtest7_pkey on sbtest7  (cost=0.43..8.45 rows=1 width=121)
	  Index Cond: (id = 7926698)

table 8 : explain SELECT c FROM sbtest8 WHERE id=2246590
	Index Scan using sbtest8_pkey on sbtest8  (cost=0.43..8.45 rows=1 width=121)
	  Index Cond: (id = 2246590)


explain: for point_selects :: explain SELECT c FROM sbtest%u WHERE id=%u
for point_selects
table 1 : explain SELECT c FROM sbtest1 WHERE id=5309456
	Index Scan using sbtest1_pkey on sbtest1  (cost=0.43..8.45 rows=1 width=121)
	  Index Cond: (id = 5309456)

table 2 : explain SELECT c FROM sbtest2 WHERE id=6196536
	Index Scan using sbtest2_pkey on sbtest2  (cost=0.43..8.45 rows=1 width=121)
	  Index Cond: (id = 6196536)

table 3 : explain SELECT c FROM sbtest3 WHERE id=2631621
	Index Scan using sbtest3_pkey on sbtest3  (cost=0.43..8.45 rows=1 width=121)
	  Index Cond: (id = 2631621)

table 4 : explain SELECT c FROM sbtest4 WHERE id=1884505
	Index Scan using sbtest4_pkey on sbtest4  (cost=0.43..8.45 rows=1 width=121)
	  Index Cond: (id = 1884505)

table 5 : explain SELECT c FROM sbtest5 WHERE id=6256204
	Index Scan using sbtest5_pkey on sbtest5  (cost=0.43..8.45 rows=1 width=121)
	  Index Cond: (id = 6256204)

table 6 : explain SELECT c FROM sbtest6 WHERE id=6491440
	Index Scan using sbtest6_pkey on sbtest6  (cost=0.43..8.45 rows=1 width=121)
	  Index Cond: (id = 6491440)

table 7 : explain SELECT c FROM sbtest7 WHERE id=1621957
	Index Scan using sbtest7_pkey on sbtest7  (cost=0.43..8.45 rows=1 width=121)
	  Index Cond: (id = 1621957)

table 8 : explain SELECT c FROM sbtest8 WHERE id=2818731
	Index Scan using sbtest8_pkey on sbtest8  (cost=0.43..8.45 rows=1 width=121)
	  Index Cond: (id = 2818731)

for point_selects
table 1 : explain SELECT c FROM sbtest1 WHERE id=5713510
	Index Scan using sbtest1_pkey on sbtest1  (cost=0.43..8.45 rows=1 width=121)
	  Index Cond: (id = 5713510)

table 2 : explain SELECT c FROM sbtest2 WHERE id=5930352
	Index Scan using sbtest2_pkey on sbtest2  (cost=0.43..8.45 rows=1 width=121)
	  Index Cond: (id = 5930352)

table 3 : explain SELECT c FROM sbtest3 WHERE id=2944521
	Index Scan using sbtest3_pkey on sbtest3  (cost=0.43..8.45 rows=1 width=121)
	  Index Cond: (id = 2944521)

table 4 : explain SELECT c FROM sbtest4 WHERE id=6736680
	Index Scan using sbtest4_pkey on sbtest4  (cost=0.43..8.45 rows=1 width=121)
	  Index Cond: (id = 6736680)

table 5 : explain SELECT c FROM sbtest5 WHERE id=3165415
	Index Scan using sbtest5_pkey on sbtest5  (cost=0.43..8.45 rows=1 width=121)
	  Index Cond: (id = 3165415)

table 6 : explain SELECT c FROM sbtest6 WHERE id=6105283
	Index Scan using sbtest6_pkey on sbtest6  (cost=0.43..8.45 rows=1 width=121)
	  Index Cond: (id = 6105283)

table 7 : explain SELECT c FROM sbtest7 WHERE id=3815566
	Index Scan using sbtest7_pkey on sbtest7  (cost=0.43..8.45 rows=1 width=121)
	  Index Cond: (id = 3815566)

table 8 : explain SELECT c FROM sbtest8 WHERE id=6450348
	Index Scan using sbtest8_pkey on sbtest8  (cost=0.43..8.45 rows=1 width=121)
	  Index Cond: (id = 6450348)


for point_selects
table 1 : explain SELECT c FROM sbtest1 WHERE id=5157600
	Index Scan using sbtest1_pkey on sbtest1  (cost=0.43..8.45 rows=1 width=121)
	  Index Cond: (id = 5157600)

table 2 : explain SELECT c FROM sbtest2 WHERE id=6441158
	Index Scan using sbtest2_pkey on sbtest2  (cost=0.43..8.45 rows=1 width=121)
	  Index Cond: (id = 6441158)

table 3 : explain SELECT c FROM sbtest3 WHERE id=8869655
	Index Scan using sbtest3_pkey on sbtest3  (cost=0.43..8.45 rows=1 width=121)
	  Index Cond: (id = 8869655)

table 4 : explain SELECT c FROM sbtest4 WHERE id=6626905
	Index Scan using sbtest4_pkey on sbtest4  (cost=0.43..8.45 rows=1 width=121)
	  Index Cond: (id = 6626905)

table 5 : explain SELECT c FROM sbtest5 WHERE id=7887682
	Index Scan using sbtest5_pkey on sbtest5  (cost=0.43..8.45 rows=1 width=121)
	  Index Cond: (id = 7887682)

table 6 : explain SELECT c FROM sbtest6 WHERE id=6468869
	Index Scan using sbtest6_pkey on sbtest6  (cost=0.43..8.45 rows=1 width=121)
	  Index Cond: (id = 6468869)

table 7 : explain SELECT c FROM sbtest7 WHERE id=6098790
	Index Scan using sbtest7_pkey on sbtest7  (cost=0.43..8.45 rows=1 width=121)
	  Index Cond: (id = 6098790)

table 8 : explain SELECT c FROM sbtest8 WHERE id=6025651
	Index Scan using sbtest8_pkey on sbtest8  (cost=0.43..8.45 rows=1 width=121)
	  Index Cond: (id = 6025651)

for point_selects
table 1 : explain SELECT c FROM sbtest1 WHERE id=5884292
	Index Scan using sbtest1_pkey on sbtest1  (cost=0.43..8.45 rows=1 width=121)
	  Index Cond: (id = 5884292)

table 2 : explain SELECT c FROM sbtest2 WHERE id=6642310
	Index Scan using sbtest2_pkey on sbtest2  (cost=0.43..8.45 rows=1 width=121)
	  Index Cond: (id = 6642310)

table 3 : explain SELECT c FROM sbtest3 WHERE id=2142358
	Index Scan using sbtest3_pkey on sbtest3  (cost=0.43..8.45 rows=1 width=121)
	  Index Cond: (id = 2142358)

table 4 : explain SELECT c FROM sbtest4 WHERE id=3010477
	Index Scan using sbtest4_pkey on sbtest4  (cost=0.43..8.45 rows=1 width=121)
	  Index Cond: (id = 3010477)

table 5 : explain SELECT c FROM sbtest5 WHERE id=149452
	Index Scan using sbtest5_pkey on sbtest5  (cost=0.43..8.45 rows=1 width=121)
	  Index Cond: (id = 149452)

table 6 : explain SELECT c FROM sbtest6 WHERE id=8889213
	Index Scan using sbtest6_pkey on sbtest6  (cost=0.43..8.45 rows=1 width=121)
	  Index Cond: (id = 8889213)

table 7 : explain SELECT c FROM sbtest7 WHERE id=4820111
	Index Scan using sbtest7_pkey on sbtest7  (cost=0.43..8.45 rows=1 width=121)
	  Index Cond: (id = 4820111)

table 8 : explain SELECT c FROM sbtest8 WHERE id=6244991
	Index Scan using sbtest8_pkey on sbtest8  (cost=0.43..8.45 rows=1 width=121)
	  Index Cond: (id = 6244991)

explain: for point_selects :: explain SELECT c FROM sbtest%u WHERE id=%u
for point_selects
table 1 : explain SELECT c FROM sbtest1 WHERE id=8721522
	Index Scan using sbtest1_pkey on sbtest1  (cost=0.43..8.45 rows=1 width=121)
	  Index Cond: (id = 8721522)

table 2 : explain SELECT c FROM sbtest2 WHERE id=5722697
	Index Scan using sbtest2_pkey on sbtest2  (cost=0.43..8.45 rows=1 width=121)
	  Index Cond: (id = 5722697)

table 3 : explain SELECT c FROM sbtest3 WHERE id=4539429
	Index Scan using sbtest3_pkey on sbtest3  (cost=0.43..8.45 rows=1 width=121)
	  Index Cond: (id = 4539429)

table 4 : explain SELECT c FROM sbtest4 WHERE id=3480509
	Index Scan using sbtest4_pkey on sbtest4  (cost=0.43..8.45 rows=1 width=121)
	  Index Cond: (id = 3480509)

table 5 : explain SELECT c FROM sbtest5 WHERE id=9248001
	Index Scan using sbtest5_pkey on sbtest5  (cost=0.43..8.45 rows=1 width=121)
	  Index Cond: (id = 9248001)

table 6 : explain SELECT c FROM sbtest6 WHERE id=3902695
	Index Scan using sbtest6_pkey on sbtest6  (cost=0.43..8.45 rows=1 width=121)
	  Index Cond: (id = 3902695)

table 7 : explain SELECT c FROM sbtest7 WHERE id=3206017
	Index Scan using sbtest7_pkey on sbtest7  (cost=0.43..8.45 rows=1 width=121)
	  Index Cond: (id = 3206017)

table 8 : explain SELECT c FROM sbtest8 WHERE id=9711976
	Index Scan using sbtest8_pkey on sbtest8  (cost=0.43..8.45 rows=1 width=121)
	  Index Cond: (id = 9711976)

for point_selects
table 1 : explain SELECT c FROM sbtest1 WHERE id=2580770
	Index Scan using sbtest1_pkey on sbtest1  (cost=0.43..8.45 rows=1 width=121)
	  Index Cond: (id = 2580770)

table 2 : explain SELECT c FROM sbtest2 WHERE id=1101512
	Index Scan using sbtest2_pkey on sbtest2  (cost=0.43..8.45 rows=1 width=121)
	  Index Cond: (id = 1101512)

table 3 : explain SELECT c FROM sbtest3 WHERE id=2655238
	Index Scan using sbtest3_pkey on sbtest3  (cost=0.43..8.45 rows=1 width=121)
	  Index Cond: (id = 2655238)

table 4 : explain SELECT c FROM sbtest4 WHERE id=5199919
	Index Scan using sbtest4_pkey on sbtest4  (cost=0.43..8.45 rows=1 width=121)
	  Index Cond: (id = 5199919)

table 5 : explain SELECT c FROM sbtest5 WHERE id=5259638
	Index Scan using sbtest5_pkey on sbtest5  (cost=0.43..8.45 rows=1 width=121)
	  Index Cond: (id = 5259638)

table 6 : explain SELECT c FROM sbtest6 WHERE id=3750924
	Index Scan using sbtest6_pkey on sbtest6  (cost=0.43..8.45 rows=1 width=121)
	  Index Cond: (id = 3750924)

table 7 : explain SELECT c FROM sbtest7 WHERE id=3025303
	Index Scan using sbtest7_pkey on sbtest7  (cost=0.43..8.45 rows=1 width=121)
	  Index Cond: (id = 3025303)

table 8 : explain SELECT c FROM sbtest8 WHERE id=8122944
	Index Scan using sbtest8_pkey on sbtest8  (cost=0.43..8.45 rows=1 width=121)
	  Index Cond: (id = 8122944)

for point_selects
table 1 : explain SELECT c FROM sbtest1 WHERE id=7890602
	Index Scan using sbtest1_pkey on sbtest1  (cost=0.43..8.45 rows=1 width=121)
	  Index Cond: (id = 7890602)

table 2 : explain SELECT c FROM sbtest2 WHERE id=2843273
	Index Scan using sbtest2_pkey on sbtest2  (cost=0.43..8.45 rows=1 width=121)
	  Index Cond: (id = 2843273)

table 3 : explain SELECT c FROM sbtest3 WHERE id=6877779
	Index Scan using sbtest3_pkey on sbtest3  (cost=0.43..8.45 rows=1 width=121)
	  Index Cond: (id = 6877779)

table 4 : explain SELECT c FROM sbtest4 WHERE id=2341571
	Index Scan using sbtest4_pkey on sbtest4  (cost=0.43..8.45 rows=1 width=121)
	  Index Cond: (id = 2341571)

table 5 : explain SELECT c FROM sbtest5 WHERE id=3986506
	Index Scan using sbtest5_pkey on sbtest5  (cost=0.43..8.45 rows=1 width=121)
	  Index Cond: (id = 3986506)

table 6 : explain SELECT c FROM sbtest6 WHERE id=7514819
	Index Scan using sbtest6_pkey on sbtest6  (cost=0.43..8.45 rows=1 width=121)
	  Index Cond: (id = 7514819)

table 7 : explain SELECT c FROM sbtest7 WHERE id=3771862
	Index Scan using sbtest7_pkey on sbtest7  (cost=0.43..8.45 rows=1 width=121)
	  Index Cond: (id = 3771862)

table 8 : explain SELECT c FROM sbtest8 WHERE id=6338766
	Index Scan using sbtest8_pkey on sbtest8  (cost=0.43..8.45 rows=1 width=121)
	  Index Cond: (id = 6338766)

for point_selects
table 1 : explain SELECT c FROM sbtest1 WHERE id=106849
	Index Scan using sbtest1_pkey on sbtest1  (cost=0.43..8.45 rows=1 width=121)
	  Index Cond: (id = 106849)

table 2 : explain SELECT c FROM sbtest2 WHERE id=4671612
	Index Scan using sbtest2_pkey on sbtest2  (cost=0.43..8.45 rows=1 width=121)
	  Index Cond: (id = 4671612)

table 3 : explain SELECT c FROM sbtest3 WHERE id=55899
	Index Scan using sbtest3_pkey on sbtest3  (cost=0.43..8.45 rows=1 width=121)
	  Index Cond: (id = 55899)

table 4 : explain SELECT c FROM sbtest4 WHERE id=4790702
	Index Scan using sbtest4_pkey on sbtest4  (cost=0.43..8.45 rows=1 width=121)
	  Index Cond: (id = 4790702)

table 5 : explain SELECT c FROM sbtest5 WHERE id=7952584
	Index Scan using sbtest5_pkey on sbtest5  (cost=0.43..8.45 rows=1 width=121)
	  Index Cond: (id = 7952584)

table 6 : explain SELECT c FROM sbtest6 WHERE id=7846784
	Index Scan using sbtest6_pkey on sbtest6  (cost=0.43..8.45 rows=1 width=121)
	  Index Cond: (id = 7846784)

table 7 : explain SELECT c FROM sbtest7 WHERE id=5839511
	Index Scan using sbtest7_pkey on sbtest7  (cost=0.43..8.45 rows=1 width=121)
	  Index Cond: (id = 5839511)

table 8 : explain SELECT c FROM sbtest8 WHERE id=7012261
	Index Scan using sbtest8_pkey on sbtest8  (cost=0.43..8.45 rows=1 width=121)
	  Index Cond: (id = 7012261)

explain: for point_selects :: explain SELECT c FROM sbtest%u WHERE id=%u
explain: for point_selects :: explain SELECT c FROM sbtest%u WHERE id=%ufor: simple_ranges
table 1 : explain SELECT c FROM sbtest1 WHERE id BETWEEN 1745145 AND 1745244
	Index Scan using sbtest1_pkey on sbtest1  (cost=0.43..427.97 rows=107 width=121)
	  Index Cond: ((id >= 1745145) AND (id <= 1745244))

table 2 : explain SELECT c FROM sbtest2 WHERE id BETWEEN 5477077 AND 5477176
	Index Scan using sbtest2_pkey on sbtest2  (cost=0.43..364.48 rows=91 width=121)
	  Index Cond: ((id >= 5477077) AND (id <= 5477176))

table 3 : explain SELECT c FROM sbtest3 WHERE id BETWEEN 3364463 AND 3364562
	Index Scan using sbtest3_pkey on sbtest3  (cost=0.43..392.36 rows=98 width=121)
	  Index Cond: ((id >= 3364463) AND (id <= 3364562))

table 4 : explain SELECT c FROM sbtest4 WHERE id BETWEEN 478705 AND 478804
	Index Scan using sbtest4_pkey on sbtest4  (cost=0.43..423.57 rows=106 width=121)
	  Index Cond: ((id >= 478705) AND (id <= 478804))

table 5 : explain SELECT c FROM sbtest5 WHERE id BETWEEN 6567504 AND 6567603
	Index Scan using sbtest5_pkey on sbtest5  (cost=0.43..402.35 rows=101 width=121)
	  Index Cond: ((id >= 6567504) AND (id <= 6567603))

table 6 : explain SELECT c FROM sbtest6 WHERE id BETWEEN 8497065 AND 8497164
	Index Scan using sbtest6_pkey on sbtest6  (cost=0.43..387.67 rows=97 width=121)
	  Index Cond: ((id >= 8497065) AND (id <= 8497164))

table 7 : explain SELECT c FROM sbtest7 WHERE id BETWEEN 4698706 AND 4698805
	Index Scan using sbtest7_pkey on sbtest7  (cost=0.43..408.29 rows=102 width=121)
	  Index Cond: ((id >= 4698706) AND (id <= 4698805))

table 8 : explain SELECT c FROM sbtest8 WHERE id BETWEEN 4842090 AND 4842189
	Index Scan using sbtest8_pkey on sbtest8  (cost=0.43..371.27 rows=93 width=121)
	  Index Cond: ((id >= 4842090) AND (id <= 4842189))


for point_selects
table 1 : explain SELECT c FROM sbtest1 WHERE id=2132590
	Index Scan using sbtest1_pkey on sbtest1  (cost=0.43..8.45 rows=1 width=121)
	  Index Cond: (id = 2132590)

table 2 : explain SELECT c FROM sbtest2 WHERE id=2330416
	Index Scan using sbtest2_pkey on sbtest2  (cost=0.43..8.45 rows=1 width=121)
	  Index Cond: (id = 2330416)

table 3 : explain SELECT c FROM sbtest3 WHERE id=2768312
	Index Scan using sbtest3_pkey on sbtest3  (cost=0.43..8.45 rows=1 width=121)
	  Index Cond: (id = 2768312)

table 4 : explain SELECT c FROM sbtest4 WHERE id=6399041
	Index Scan using sbtest4_pkey on sbtest4  (cost=0.43..8.45 rows=1 width=121)
	  Index Cond: (id = 6399041)

table 5 : explain SELECT c FROM sbtest5 WHERE id=5964797
	Index Scan using sbtest5_pkey on sbtest5  (cost=0.43..8.45 rows=1 width=121)
	  Index Cond: (id = 5964797)

table 6 : explain SELECT c FROM sbtest6 WHERE id=1847199
	Index Scan using sbtest6_pkey on sbtest6  (cost=0.43..8.45 rows=1 width=121)
	  Index Cond: (id = 1847199)

table 7 : explain SELECT c FROM sbtest7 WHERE id=9212373
	Index Scan using sbtest7_pkey on sbtest7  (cost=0.43..8.45 rows=1 width=121)
	  Index Cond: (id = 9212373)

table 8 : explain SELECT c FROM sbtest8 WHERE id=3438743
	Index Scan using sbtest8_pkey on sbtest8  (cost=0.43..8.45 rows=1 width=121)
	  Index Cond: (id = 3438743)

explain: for point_selects :: explain SELECT c FROM sbtest%u WHERE id=%u
explain: for point_selects :: explain SELECT c FROM sbtest%u WHERE id=%u
for point_selects
table 1 : explain SELECT c FROM sbtest1 WHERE id=8455568
	Index Scan using sbtest1_pkey on sbtest1  (cost=0.43..8.45 rows=1 width=121)
	  Index Cond: (id = 8455568)

table 2 : explain SELECT c FROM sbtest2 WHERE id=3689855
	Index Scan using sbtest2_pkey on sbtest2  (cost=0.43..8.45 rows=1 width=121)
	  Index Cond: (id = 3689855)

table 3 : explain SELECT c FROM sbtest3 WHERE id=1944529
	Index Scan using sbtest3_pkey on sbtest3  (cost=0.43..8.45 rows=1 width=121)
	  Index Cond: (id = 1944529)

table 4 : explain SELECT c FROM sbtest4 WHERE id=7679705
	Index Scan using sbtest4_pkey on sbtest4  (cost=0.43..8.45 rows=1 width=121)
	  Index Cond: (id = 7679705)

table 5 : explain SELECT c FROM sbtest5 WHERE id=5106331
	Index Scan using sbtest5_pkey on sbtest5  (cost=0.43..8.45 rows=1 width=121)
	  Index Cond: (id = 5106331)

table 6 : explain SELECT c FROM sbtest6 WHERE id=5222698
	Index Scan using sbtest6_pkey on sbtest6  (cost=0.43..8.45 rows=1 width=121)
	  Index Cond: (id = 5222698)

table 7 : explain SELECT c FROM sbtest7 WHERE id=577095
	Index Scan using sbtest7_pkey on sbtest7  (cost=0.43..8.45 rows=1 width=121)
	  Index Cond: (id = 577095)

table 8 : explain SELECT c FROM sbtest8 WHERE id=1765805
	Index Scan using sbtest8_pkey on sbtest8  (cost=0.43..8.45 rows=1 width=121)
	  Index Cond: (id = 1765805)

for point_selects
table 1 : explain SELECT c FROM sbtest1 WHERE id=8826512
	Index Scan using sbtest1_pkey on sbtest1  (cost=0.43..8.45 rows=1 width=121)
	  Index Cond: (id = 8826512)

table 2 : explain SELECT c FROM sbtest2 WHERE id=31026
	Index Scan using sbtest2_pkey on sbtest2  (cost=0.43..8.45 rows=1 width=121)
	  Index Cond: (id = 31026)

table 3 : explain SELECT c FROM sbtest3 WHERE id=2790847
	Index Scan using sbtest3_pkey on sbtest3  (cost=0.43..8.45 rows=1 width=121)
	  Index Cond: (id = 2790847)

table 4 : explain SELECT c FROM sbtest4 WHERE id=2738857
	Index Scan using sbtest4_pkey on sbtest4  (cost=0.43..8.45 rows=1 width=121)
	  Index Cond: (id = 2738857)

table 5 : explain SELECT c FROM sbtest5 WHERE id=7229157
	Index Scan using sbtest5_pkey on sbtest5  (cost=0.43..8.45 rows=1 width=121)
	  Index Cond: (id = 7229157)

table 6 : explain SELECT c FROM sbtest6 WHERE id=6542900
	Index Scan using sbtest6_pkey on sbtest6  (cost=0.43..8.45 rows=1 width=121)
	  Index Cond: (id = 6542900)

table 7 : explain SELECT c FROM sbtest7 WHERE id=5818460
	Index Scan using sbtest7_pkey on sbtest7  (cost=0.43..8.45 rows=1 width=121)
	  Index Cond: (id = 5818460)

table 8 : explain SELECT c FROM sbtest8 WHERE id=1557517
	Index Scan using sbtest8_pkey on sbtest8  (cost=0.43..8.45 rows=1 width=121)
	  Index Cond: (id = 1557517)

for point_selects
table 1 : explain SELECT c FROM sbtest1 WHERE id=3112388
	Index Scan using sbtest1_pkey on sbtest1  (cost=0.43..8.45 rows=1 width=121)
	  Index Cond: (id = 3112388)

table 2 : explain SELECT c FROM sbtest2 WHERE id=5350340
	Index Scan using sbtest2_pkey on sbtest2  (cost=0.43..8.45 rows=1 width=121)
	  Index Cond: (id = 5350340)

table 3 : explain SELECT c FROM sbtest3 WHERE id=5902158
	Index Scan using sbtest3_pkey on sbtest3  (cost=0.43..8.45 rows=1 width=121)
	  Index Cond: (id = 5902158)

table 4 : explain SELECT c FROM sbtest4 WHERE id=4688728
	Index Scan using sbtest4_pkey on sbtest4  (cost=0.43..8.45 rows=1 width=121)
	  Index Cond: (id = 4688728)

table 5 : explain SELECT c FROM sbtest5 WHERE id=6156628
	Index Scan using sbtest5_pkey on sbtest5  (cost=0.43..8.45 rows=1 width=121)
	  Index Cond: (id = 6156628)

table 6 : explain SELECT c FROM sbtest6 WHERE id=5917230
	Index Scan using sbtest6_pkey on sbtest6  (cost=0.43..8.45 rows=1 width=121)
	  Index Cond: (id = 5917230)

table 7 : explain SELECT c FROM sbtest7 WHERE id=24311
	Index Scan using sbtest7_pkey on sbtest7  (cost=0.43..8.45 rows=1 width=121)
	  Index Cond: (id = 24311)

table 8 : explain SELECT c FROM sbtest8 WHERE id=6593467
	Index Scan using sbtest8_pkey on sbtest8  (cost=0.43..8.45 rows=1 width=121)
	  Index Cond: (id = 6593467)

explain: for point_selects :: explain SELECT c FROM sbtest%u WHERE id=%u
explain: for point_selects :: explain SELECT c FROM sbtest%u WHERE id=%u
for point_selects
table 1 : explain SELECT c FROM sbtest1 WHERE id=3849476
	Index Scan using sbtest1_pkey on sbtest1  (cost=0.43..8.45 rows=1 width=121)
	  Index Cond: (id = 3849476)

table 2 : explain SELECT c FROM sbtest2 WHERE id=4721910
	Index Scan using sbtest2_pkey on sbtest2  (cost=0.43..8.45 rows=1 width=121)
	  Index Cond: (id = 4721910)

table 3 : explain SELECT c FROM sbtest3 WHERE id=3639095
	Index Scan using sbtest3_pkey on sbtest3  (cost=0.43..8.45 rows=1 width=121)
	  Index Cond: (id = 3639095)

table 4 : explain SELECT c FROM sbtest4 WHERE id=5467734
	Index Scan using sbtest4_pkey on sbtest4  (cost=0.43..8.45 rows=1 width=121)
	  Index Cond: (id = 5467734)

table 5 : explain SELECT c FROM sbtest5 WHERE id=757665
	Index Scan using sbtest5_pkey on sbtest5  (cost=0.43..8.45 rows=1 width=121)
	  Index Cond: (id = 757665)

table 6 : explain SELECT c FROM sbtest6 WHERE id=4391358
	Index Scan using sbtest6_pkey on sbtest6  (cost=0.43..8.45 rows=1 width=121)
	  Index Cond: (id = 4391358)

table 7 : explain SELECT c FROM sbtest7 WHERE id=6002832
	Index Scan using sbtest7_pkey on sbtest7  (cost=0.43..8.45 rows=1 width=121)
	  Index Cond: (id = 6002832)

table 8 : explain SELECT c FROM sbtest8 WHERE id=778414
	Index Scan using sbtest8_pkey on sbtest8  (cost=0.43..8.45 rows=1 width=121)
	  Index Cond: (id = 778414)

explain: for point_selects :: explain SELECT c FROM sbtest%u WHERE id=%u
explain: for point_selects :: explain SELECT c FROM sbtest%u WHERE id=%u
explain: for point_selects :: explain SELECT c FROM sbtest%u WHERE id=%u
for point_selects
table 1 : explain SELECT c FROM sbtest1 WHERE id=3198666
	Index Scan using sbtest1_pkey on sbtest1  (cost=0.43..8.45 rows=1 width=121)
	  Index Cond: (id = 3198666)

table 2 : explain SELECT c FROM sbtest2 WHERE id=2612134
	Index Scan using sbtest2_pkey on sbtest2  (cost=0.43..8.45 rows=1 width=121)
	  Index Cond: (id = 2612134)

table 3 : explain SELECT c FROM sbtest3 WHERE id=3082435
	Index Scan using sbtest3_pkey on sbtest3  (cost=0.43..8.45 rows=1 width=121)
	  Index Cond: (id = 3082435)

table 4 : explain SELECT c FROM sbtest4 WHERE id=4068429
	Index Scan using sbtest4_pkey on sbtest4  (cost=0.43..8.45 rows=1 width=121)
	  Index Cond: (id = 4068429)

table 5 : explain SELECT c FROM sbtest5 WHERE id=4253009
	Index Scan using sbtest5_pkey on sbtest5  (cost=0.43..8.45 rows=1 width=121)
	  Index Cond: (id = 4253009)

table 6 : explain SELECT c FROM sbtest6 WHERE id=3660726
	Index Scan using sbtest6_pkey on sbtest6  (cost=0.43..8.45 rows=1 width=121)
	  Index Cond: (id = 3660726)

table 7 : explain SELECT c FROM sbtest7 WHERE id=7594934
	Index Scan using sbtest7_pkey on sbtest7  (cost=0.43..8.45 rows=1 width=121)
	  Index Cond: (id = 7594934)

table 8 : explain SELECT c FROM sbtest8 WHERE id=2352127
	Index Scan using sbtest8_pkey on sbtest8  (cost=0.43..8.45 rows=1 width=121)
	  Index Cond: (id = 2352127)

for: simple_ranges
table 1 : explain SELECT c FROM sbtest1 WHERE id BETWEEN 8698179 AND 8698278
	Index Scan using sbtest1_pkey on sbtest1  (cost=0.43..404.22 rows=101 width=121)
	  Index Cond: ((id >= 8698179) AND (id <= 8698278))

table 2 : explain SELECT c FROM sbtest2 WHERE id BETWEEN 944608 AND 944707
	Index Scan using sbtest2_pkey on sbtest2  (cost=0.43..396.13 rows=99 width=121)
	  Index Cond: ((id >= 944608) AND (id <= 944707))

table 3 : explain SELECT c FROM sbtest3 WHERE id BETWEEN 6371958 AND 6372057
	Index Scan using sbtest3_pkey on sbtest3  (cost=0.43..408.20 rows=102 width=121)
	  Index Cond: ((id >= 6371958) AND (id <= 6372057))

table 4 : explain SELECT c FROM sbtest4 WHERE id BETWEEN 6607387 AND 6607486
	Index Scan using sbtest4_pkey on sbtest4  (cost=0.43..380.07 rows=95 width=121)
	  Index Cond: ((id >= 6607387) AND (id <= 6607486))

table 5 : explain SELECT c FROM sbtest5 WHERE id BETWEEN 2180054 AND 2180153
	Index Scan using sbtest5_pkey on sbtest5  (cost=0.43..398.41 rows=100 width=121)
	  Index Cond: ((id >= 2180054) AND (id <= 2180153))

table 6 : explain SELECT c FROM sbtest6 WHERE id BETWEEN 5558929 AND 5559028
	Index Scan using sbtest6_pkey on sbtest6  (cost=0.43..403.49 rows=101 width=121)
	  Index Cond: ((id >= 5558929) AND (id <= 5559028))

table 7 : explain SELECT c FROM sbtest7 WHERE id BETWEEN 1359301 AND 1359400
	Index Scan using sbtest7_pkey on sbtest7  (cost=0.43..376.61 rows=94 width=121)
	  Index Cond: ((id >= 1359301) AND (id <= 1359400))

table 8 : explain SELECT c FROM sbtest8 WHERE id BETWEEN 8046937 AND 8047036
	Index Scan using sbtest8_pkey on sbtest8  (cost=0.43..402.83 rows=101 width=121)
	  Index Cond: ((id >= 8046937) AND (id <= 8047036))

for: simple_ranges
table 1 : explain SELECT c FROM sbtest1 WHERE id BETWEEN 8236976 AND 8237075
	Index Scan using sbtest1_pkey on sbtest1  (cost=0.43..368.59 rows=92 width=121)
	  Index Cond: ((id >= 8236976) AND (id <= 8237075))

table 2 : explain SELECT c FROM sbtest2 WHERE id BETWEEN 4189099 AND 4189198
	Index Scan using sbtest2_pkey on sbtest2  (cost=0.43..427.79 rows=107 width=121)
	  Index Cond: ((id >= 4189099) AND (id <= 4189198))

table 3 : explain SELECT c FROM sbtest3 WHERE id BETWEEN 2014615 AND 2014714
	Index Scan using sbtest3_pkey on sbtest3  (cost=0.43..424.03 rows=106 width=121)
	  Index Cond: ((id >= 2014615) AND (id <= 2014714))

table 4 : explain SELECT c FROM sbtest4 WHERE id BETWEEN 1938514 AND 1938613
	Index Scan using sbtest4_pkey on sbtest4  (cost=0.43..387.97 rows=97 width=121)
	  Index Cond: ((id >= 1938514) AND (id <= 1938613))

table 5 : explain SELECT c FROM sbtest5 WHERE id BETWEEN 3174482 AND 3174581
	Index Scan using sbtest5_pkey on sbtest5  (cost=0.43..398.41 rows=100 width=121)
	  Index Cond: ((id >= 3174482) AND (id <= 3174581))

table 6 : explain SELECT c FROM sbtest6 WHERE id BETWEEN 896117 AND 896216
	Index Scan using sbtest6_pkey on sbtest6  (cost=0.43..375.82 rows=94 width=121)
	  Index Cond: ((id >= 896117) AND (id <= 896216))

table 7 : explain SELECT c FROM sbtest7 WHERE id BETWEEN 3740383 AND 3740482
	Index Scan using sbtest7_pkey on sbtest7  (cost=0.43..372.65 rows=93 width=121)
	  Index Cond: ((id >= 3740383) AND (id <= 3740482))

table 8 : explain SELECT c FROM sbtest8 WHERE id BETWEEN 5468768 AND 5468867
	Index Scan using sbtest8_pkey on sbtest8  (cost=0.43..390.98 rows=98 width=121)
	  Index Cond: ((id >= 5468768) AND (id <= 5468867))

for: simple_ranges
table 1 : explain SELECT c FROM sbtest1 WHERE id BETWEEN 5538227 AND 5538326
	Index Scan using sbtest1_pkey on sbtest1  (cost=0.43..416.10 rows=104 width=121)
	  Index Cond: ((id >= 5538227) AND (id <= 5538326))

table 2 : explain SELECT c FROM sbtest2 WHERE id BETWEEN 7736476 AND 7736575
	Index Scan using sbtest2_pkey on sbtest2  (cost=0.43..392.17 rows=98 width=121)
	  Index Cond: ((id >= 7736476) AND (id <= 7736575))

table 3 : explain SELECT c FROM sbtest3 WHERE id BETWEEN 3873451 AND 3873550
	Index Scan using sbtest3_pkey on sbtest3  (cost=0.43..380.48 rows=95 width=121)
	  Index Cond: ((id >= 3873451) AND (id <= 3873550))

table 4 : explain SELECT c FROM sbtest4 WHERE id BETWEEN 576008 AND 576107
	Index Scan using sbtest4_pkey on sbtest4  (cost=0.43..376.11 rows=94 width=121)
	  Index Cond: ((id >= 576008) AND (id <= 576107))

table 5 : explain SELECT c FROM sbtest5 WHERE id BETWEEN 2184784 AND 2184883
	Index Scan using sbtest5_pkey on sbtest5  (cost=0.43..398.41 rows=100 width=121)
	  Index Cond: ((id >= 2184784) AND (id <= 2184883))

table 6 : explain SELECT c FROM sbtest6 WHERE id BETWEEN 909794 AND 909893
	Index Scan using sbtest6_pkey on sbtest6  (cost=0.43..375.82 rows=94 width=121)
	  Index Cond: ((id >= 909794) AND (id <= 909893))

table 7 : explain SELECT c FROM sbtest7 WHERE id BETWEEN 8779340 AND 8779439
	Index Scan using sbtest7_pkey on sbtest7  (cost=0.43..420.17 rows=105 width=121)
	  Index Cond: ((id >= 8779340) AND (id <= 8779439))

table 8 : explain SELECT c FROM sbtest8 WHERE id BETWEEN 7622270 AND 7622369
	Index Scan using sbtest8_pkey on sbtest8  (cost=0.43..410.72 rows=103 width=121)
	  Index Cond: ((id >= 7622270) AND (id <= 7622369))

for: simple_ranges
table 1 : explain SELECT c FROM sbtest1 WHERE id BETWEEN 7813859 AND 7813958
	Index Scan using sbtest1_pkey on sbtest1  (cost=0.43..400.25 rows=100 width=121)
	  Index Cond: ((id >= 7813859) AND (id <= 7813958))

table 2 : explain SELECT c FROM sbtest2 WHERE id BETWEEN 8015839 AND 8015938
	Index Scan using sbtest2_pkey on sbtest2  (cost=0.43..400.08 rows=100 width=121)
	  Index Cond: ((id >= 8015839) AND (id <= 8015938))

table 3 : explain SELECT c FROM sbtest3 WHERE id BETWEEN 2665696 AND 2665795
	Index Scan using sbtest3_pkey on sbtest3  (cost=0.43..404.24 rows=101 width=121)
	  Index Cond: ((id >= 2665696) AND (id <= 2665795))

table 4 : explain SELECT c FROM sbtest4 WHERE id BETWEEN 6889265 AND 6889364
	Index Scan using sbtest4_pkey on sbtest4  (cost=0.43..435.42 rows=109 width=121)
	  Index Cond: ((id >= 6889265) AND (id <= 6889364))

table 5 : explain SELECT c FROM sbtest5 WHERE id BETWEEN 4388257 AND 4388356
	Index Scan using sbtest5_pkey on sbtest5  (cost=0.43..378.70 rows=95 width=121)
	  Index Cond: ((id >= 4388257) AND (id <= 4388356))

table 6 : explain SELECT c FROM sbtest6 WHERE id BETWEEN 6855596 AND 6855695
	Index Scan using sbtest6_pkey on sbtest6  (cost=0.43..387.67 rows=97 width=121)
	  Index Cond: ((id >= 6855596) AND (id <= 6855695))

table 7 : explain SELECT c FROM sbtest7 WHERE id BETWEEN 3818779 AND 3818878
	Index Scan using sbtest7_pkey on sbtest7  (cost=0.43..416.21 rows=104 width=121)
	  Index Cond: ((id >= 3818779) AND (id <= 3818878))

table 8 : explain SELECT c FROM sbtest8 WHERE id BETWEEN 9536078 AND 9536177
	Index Scan using sbtest8_pkey on sbtest8  (cost=0.43..390.98 rows=98 width=121)
	  Index Cond: ((id >= 9536078) AND (id <= 9536177))

for: simple_ranges
table 1 : explain SELECT c FROM sbtest1 WHERE id BETWEEN 2049757 AND 2049856
	Index Scan using sbtest1_pkey on sbtest1  (cost=0.43..412.14 rows=103 width=121)
	  Index Cond: ((id >= 2049757) AND (id <= 2049856))

table 2 : explain SELECT c FROM sbtest2 WHERE id BETWEEN 7658225 AND 7658324
	Index Scan using sbtest2_pkey on sbtest2  (cost=0.43..392.17 rows=98 width=121)
	  Index Cond: ((id >= 7658225) AND (id <= 7658324))

table 3 : explain SELECT c FROM sbtest3 WHERE id BETWEEN 3849838 AND 3849937
	Index Scan using sbtest3_pkey on sbtest3  (cost=0.43..380.48 rows=95 width=121)
	  Index Cond: ((id >= 3849838) AND (id <= 3849937))

table 4 : explain SELECT c FROM sbtest4 WHERE id BETWEEN 7080343 AND 7080442
	Index Scan using sbtest4_pkey on sbtest4  (cost=0.43..380.07 rows=95 width=121)
	  Index Cond: ((id >= 7080343) AND (id <= 7080442))

table 5 : explain SELECT c FROM sbtest5 WHERE id BETWEEN 280407 AND 280506
	Index Scan using sbtest5_pkey on sbtest5  (cost=0.43..386.58 rows=97 width=121)
	  Index Cond: ((id >= 280407) AND (id <= 280506))

table 6 : explain SELECT c FROM sbtest6 WHERE id BETWEEN 4956114 AND 4956213
	Index Scan using sbtest6_pkey on sbtest6  (cost=0.43..431.14 rows=108 width=121)
	  Index Cond: ((id >= 4956114) AND (id <= 4956213))

table 7 : explain SELECT c FROM sbtest7 WHERE id BETWEEN 2531150 AND 2531249
	Index Scan using sbtest7_pkey on sbtest7  (cost=0.43..364.74 rows=91 width=121)
	  Index Cond: ((id >= 2531150) AND (id <= 2531249))

table 8 : explain SELECT c FROM sbtest8 WHERE id BETWEEN 6795691 AND 6795790
	Index Scan using sbtest8_pkey on sbtest8  (cost=0.43..363.38 rows=91 width=121)
	  Index Cond: ((id >= 6795691) AND (id <= 6795790))

for: simple_ranges
table 1 : explain SELECT c FROM sbtest1 WHERE id BETWEEN 5343800 AND 5343899
	Index Scan using sbtest1_pkey on sbtest1  (cost=0.43..416.10 rows=104 width=121)
	  Index Cond: ((id >= 5343800) AND (id <= 5343899))

table 2 : explain SELECT c FROM sbtest2 WHERE id BETWEEN 2930440 AND 2930539
	Index Scan using sbtest2_pkey on sbtest2  (cost=0.43..368.44 rows=92 width=121)
	  Index Cond: ((id >= 2930440) AND (id <= 2930539))

table 3 : explain SELECT c FROM sbtest3 WHERE id BETWEEN 1435020 AND 1435119
	Index Scan using sbtest3_pkey on sbtest3  (cost=0.43..416.12 rows=104 width=121)
	  Index Cond: ((id >= 1435020) AND (id <= 1435119))

table 4 : explain SELECT c FROM sbtest4 WHERE id BETWEEN 8083865 AND 8083964
	Index Scan using sbtest4_pkey on sbtest4  (cost=0.43..340.54 rows=85 width=121)
	  Index Cond: ((id >= 8083865) AND (id <= 8083964))

table 5 : explain SELECT c FROM sbtest5 WHERE id BETWEEN 9317882 AND 9317981
	Index Scan using sbtest5_pkey on sbtest5  (cost=0.43..398.41 rows=100 width=121)
	  Index Cond: ((id >= 9317882) AND (id <= 9317981))

table 6 : explain SELECT c FROM sbtest6 WHERE id BETWEEN 4232979 AND 4233078
	Index Scan using sbtest6_pkey on sbtest6  (cost=0.43..403.49 rows=101 width=121)
	  Index Cond: ((id >= 4232979) AND (id <= 4233078))

table 7 : explain SELECT c FROM sbtest7 WHERE id BETWEEN 2169094 AND 2169193
	Index Scan using sbtest7_pkey on sbtest7  (cost=0.43..420.17 rows=105 width=121)
	  Index Cond: ((id >= 2169094) AND (id <= 2169193))

table 8 : explain SELECT c FROM sbtest8 WHERE id BETWEEN 5114988 AND 5115087
	Index Scan using sbtest8_pkey on sbtest8  (cost=0.43..402.83 rows=101 width=121)
	  Index Cond: ((id >= 5114988) AND (id <= 5115087))

for: simple_ranges
table 1 : explain SELECT c FROM sbtest1 WHERE id BETWEEN 4482903 AND 4483002
	Index Scan using sbtest1_pkey on sbtest1  (cost=0.43..380.47 rows=95 width=121)
	  Index Cond: ((id >= 4482903) AND (id <= 4483002))

table 2 : explain SELECT c FROM sbtest2 WHERE id BETWEEN 1896798 AND 1896897
	Index Scan using sbtest2_pkey on sbtest2  (cost=0.43..372.39 rows=93 width=121)
	  Index Cond: ((id >= 1896798) AND (id <= 1896897))

table 3 : explain SELECT c FROM sbtest3 WHERE id BETWEEN 7971211 AND 7971310
	Index Scan using sbtest3_pkey on sbtest3  (cost=0.43..412.16 rows=103 width=121)
	  Index Cond: ((id >= 7971211) AND (id <= 7971310))

table 4 : explain SELECT c FROM sbtest4 WHERE id BETWEEN 7638185 AND 7638284
	Index Scan using sbtest4_pkey on sbtest4  (cost=0.43..399.83 rows=100 width=121)
	  Index Cond: ((id >= 7638185) AND (id <= 7638284))

table 5 : explain SELECT c FROM sbtest5 WHERE id BETWEEN 7893986 AND 7894085
	Index Scan using sbtest5_pkey on sbtest5  (cost=0.43..453.55 rows=114 width=121)
	  Index Cond: ((id >= 7893986) AND (id <= 7894085))

table 6 : explain SELECT c FROM sbtest6 WHERE id BETWEEN 7009495 AND 7009594
	Index Scan using sbtest6_pkey on sbtest6  (cost=0.43..391.62 rows=98 width=121)
	  Index Cond: ((id >= 7009495) AND (id <= 7009594))

table 7 : explain SELECT c FROM sbtest7 WHERE id BETWEEN 222331 AND 222430
	Index Scan using sbtest7_pkey on sbtest7  (cost=0.43..412.25 rows=103 width=121)
	  Index Cond: ((id >= 222331) AND (id <= 222430))

table 8 : explain SELECT c FROM sbtest8 WHERE id BETWEEN 9185135 AND 9185234
	Index Scan using sbtest8_pkey on sbtest8  (cost=0.43..379.15 rows=95 width=121)
	  Index Cond: ((id >= 9185135) AND (id <= 9185234))

for: simple_ranges
table 1 : explain SELECT c FROM sbtest1 WHERE id BETWEEN 8727001 AND 8727100
	Index Scan using sbtest1_pkey on sbtest1  (cost=0.43..404.22 rows=101 width=121)
	  Index Cond: ((id >= 8727001) AND (id <= 8727100))

table 2 : explain SELECT c FROM sbtest2 WHERE id BETWEEN 4276685 AND 4276784
	Index Scan using sbtest2_pkey on sbtest2  (cost=0.43..392.17 rows=98 width=121)
	  Index Cond: ((id >= 4276685) AND (id <= 4276784))

table 3 : explain SELECT c FROM sbtest3 WHERE id BETWEEN 1883497 AND 1883596
	Index Scan using sbtest3_pkey on sbtest3  (cost=0.43..439.86 rows=110 width=121)
	  Index Cond: ((id >= 1883497) AND (id <= 1883596))

table 4 : explain SELECT c FROM sbtest4 WHERE id BETWEEN 4509935 AND 4510034
	Index Scan using sbtest4_pkey on sbtest4  (cost=0.43..439.38 rows=110 width=121)
	  Index Cond: ((id >= 4509935) AND (id <= 4510034))

table 5 : explain SELECT c FROM sbtest5 WHERE id BETWEEN 4291229 AND 4291328
	Index Scan using sbtest5_pkey on sbtest5  (cost=0.43..382.64 rows=96 width=121)
	  Index Cond: ((id >= 4291229) AND (id <= 4291328))

table 6 : explain SELECT c FROM sbtest6 WHERE id BETWEEN 6735179 AND 6735278
	Index Scan using sbtest6_pkey on sbtest6  (cost=0.43..399.54 rows=100 width=121)
	  Index Cond: ((id >= 6735179) AND (id <= 6735278))

table 7 : explain SELECT c FROM sbtest7 WHERE id BETWEEN 1400183 AND 1400282
	Index Scan using sbtest7_pkey on sbtest7  (cost=0.43..376.61 rows=94 width=121)
	  Index Cond: ((id >= 1400183) AND (id <= 1400282))

table 8 : explain SELECT c FROM sbtest8 WHERE id BETWEEN 5504693 AND 5504792
	Index Scan using sbtest8_pkey on sbtest8  (cost=0.43..390.98 rows=98 width=121)
	  Index Cond: ((id >= 5504693) AND (id <= 5504792))

for: simple_ranges
table 1 : explain SELECT c FROM sbtest1 WHERE id BETWEEN 3051853 AND 3051952
	Index Scan using sbtest1_pkey on sbtest1  (cost=0.43..384.42 rows=96 width=121)
	  Index Cond: ((id >= 3051853) AND (id <= 3051952))

table 2 : explain SELECT c FROM sbtest2 WHERE id BETWEEN 2462773 AND 2462872
	Index Scan using sbtest2_pkey on sbtest2  (cost=0.43..415.92 rows=104 width=121)
	  Index Cond: ((id >= 2462773) AND (id <= 2462872))

table 3 : explain SELECT c FROM sbtest3 WHERE id BETWEEN 8379887 AND 8379986
	Index Scan using sbtest3_pkey on sbtest3  (cost=0.43..392.36 rows=98 width=121)
	  Index Cond: ((id >= 8379887) AND (id <= 8379986))

table 4 : explain SELECT c FROM sbtest4 WHERE id BETWEEN 9421008 AND 9421107
	Index Scan using sbtest4_pkey on sbtest4  (cost=0.43..403.80 rows=101 width=121)
	  Index Cond: ((id >= 9421008) AND (id <= 9421107))

table 5 : explain SELECT c FROM sbtest5 WHERE id BETWEEN 8548756 AND 8548855
	Index Scan using sbtest5_pkey on sbtest5  (cost=0.43..386.58 rows=97 width=121)
	  Index Cond: ((id >= 8548756) AND (id <= 8548855))

table 6 : explain SELECT c FROM sbtest6 WHERE id BETWEEN 8290575 AND 8290674
	Index Scan using sbtest6_pkey on sbtest6  (cost=0.43..391.62 rows=98 width=121)
	  Index Cond: ((id >= 8290575) AND (id <= 8290674))

table 7 : explain SELECT c FROM sbtest7 WHERE id BETWEEN 39879 AND 39978
	Index Scan using sbtest7_pkey on sbtest7  (cost=0.43..348.90 rows=87 width=121)
	  Index Cond: ((id >= 39879) AND (id <= 39978))

table 8 : explain SELECT c FROM sbtest8 WHERE id BETWEEN 9831484 AND 9831583
	Index Scan using sbtest8_pkey on sbtest8  (cost=0.43..406.78 rows=102 width=121)
	  Index Cond: ((id >= 9831484) AND (id <= 9831583))

for: simple_ranges
table 1 : explain SELECT c FROM sbtest1 WHERE id BETWEEN 8169089 AND 8169188
	Index Scan using sbtest1_pkey on sbtest1  (cost=0.43..368.59 rows=92 width=121)
	  Index Cond: ((id >= 8169089) AND (id <= 8169188))

table 2 : explain SELECT c FROM sbtest2 WHERE id BETWEEN 252629 AND 252728
	Index Scan using sbtest2_pkey on sbtest2  (cost=0.43..380.30 rows=95 width=121)
	  Index Cond: ((id >= 252629) AND (id <= 252728))

table 3 : explain SELECT c FROM sbtest3 WHERE id BETWEEN 8147905 AND 8148004
	Index Scan using sbtest3_pkey on sbtest3  (cost=0.43..427.99 rows=107 width=121)
	  Index Cond: ((id >= 8147905) AND (id <= 8148004))

table 4 : explain SELECT c FROM sbtest4 WHERE id BETWEEN 8870087 AND 8870186
	Index Scan using sbtest4_pkey on sbtest4  (cost=0.43..419.61 rows=105 width=121)
	  Index Cond: ((id >= 8870087) AND (id <= 8870186))

table 5 : explain SELECT c FROM sbtest5 WHERE id BETWEEN 9151986 AND 9152085
	Index Scan using sbtest5_pkey on sbtest5  (cost=0.43..355.07 rows=89 width=121)
	  Index Cond: ((id >= 9151986) AND (id <= 9152085))

table 6 : explain SELECT c FROM sbtest6 WHERE id BETWEEN 1290896 AND 1290995
	Index Scan using sbtest6_pkey on sbtest6  (cost=0.43..387.67 rows=97 width=121)
	  Index Cond: ((id >= 1290896) AND (id <= 1290995))

table 7 : explain SELECT c FROM sbtest7 WHERE id BETWEEN 688004 AND 688103
	Index Scan using sbtest7_pkey on sbtest7  (cost=0.43..372.65 rows=93 width=121)
	  Index Cond: ((id >= 688004) AND (id <= 688103))

table 8 : explain SELECT c FROM sbtest8 WHERE id BETWEEN 6733535 AND 6733634
	Index Scan using sbtest8_pkey on sbtest8  (cost=0.43..363.38 rows=91 width=121)
	  Index Cond: ((id >= 6733535) AND (id <= 6733634))

explain: for point_selects :: explain SELECT c FROM sbtest%u WHERE id=%u
for: simple_ranges
table 1 : explain SELECT c FROM sbtest1 WHERE id BETWEEN 1017397 AND 1017496
	Index Scan using sbtest1_pkey on sbtest1  (cost=0.43..404.22 rows=101 width=121)
	  Index Cond: ((id >= 1017397) AND (id <= 1017496))

table 2 : explain SELECT c FROM sbtest2 WHERE id BETWEEN 3775674 AND 3775773
	Index Scan using sbtest2_pkey on sbtest2  (cost=0.43..368.44 rows=92 width=121)
	  Index Cond: ((id >= 3775674) AND (id <= 3775773))

table 3 : explain SELECT c FROM sbtest3 WHERE id BETWEEN 5072237 AND 5072336
	Index Scan using sbtest3_pkey on sbtest3  (cost=0.43..408.20 rows=102 width=121)
	  Index Cond: ((id >= 5072237) AND (id <= 5072336))

table 4 : explain SELECT c FROM sbtest4 WHERE id BETWEEN 4675876 AND 4675975
	Index Scan using sbtest4_pkey on sbtest4  (cost=0.43..411.71 rows=103 width=121)
	  Index Cond: ((id >= 4675876) AND (id <= 4675975))

table 5 : explain SELECT c FROM sbtest5 WHERE id BETWEEN 87160 AND 87259
	Index Scan using sbtest5_pkey on sbtest5  (cost=0.43..453.55 rows=114 width=121)
	  Index Cond: ((id >= 87160) AND (id <= 87259))

table 6 : explain SELECT c FROM sbtest6 WHERE id BETWEEN 9381791 AND 9381890
	Index Scan using sbtest6_pkey on sbtest6  (cost=0.43..403.49 rows=101 width=121)
	  Index Cond: ((id >= 9381791) AND (id <= 9381890))

table 7 : explain SELECT c FROM sbtest7 WHERE id BETWEEN 1036061 AND 1036160
	Index Scan using sbtest7_pkey on sbtest7  (cost=0.43..380.57 rows=95 width=121)
	  Index Cond: ((id >= 1036061) AND (id <= 1036160))

table 8 : explain SELECT c FROM sbtest8 WHERE id BETWEEN 7622431 AND 7622530
	Index Scan using sbtest8_pkey on sbtest8  (cost=0.43..410.72 rows=103 width=121)
	  Index Cond: ((id >= 7622431) AND (id <= 7622530))

for point_selects
table 1 : explain SELECT c FROM sbtest1 WHERE id=4596450
	Index Scan using sbtest1_pkey on sbtest1  (cost=0.43..8.45 rows=1 width=121)
	  Index Cond: (id = 4596450)

table 2 : explain SELECT c FROM sbtest2 WHERE id=5828442
	Index Scan using sbtest2_pkey on sbtest2  (cost=0.43..8.45 rows=1 width=121)
	  Index Cond: (id = 5828442)

table 3 : explain SELECT c FROM sbtest3 WHERE id=4275366
	Index Scan using sbtest3_pkey on sbtest3  (cost=0.43..8.45 rows=1 width=121)
	  Index Cond: (id = 4275366)

table 4 : explain SELECT c FROM sbtest4 WHERE id=9393892
	Index Scan using sbtest4_pkey on sbtest4  (cost=0.43..8.45 rows=1 width=121)
	  Index Cond: (id = 9393892)

table 5 : explain SELECT c FROM sbtest5 WHERE id=5331326
	Index Scan using sbtest5_pkey on sbtest5  (cost=0.43..8.45 rows=1 width=121)
	  Index Cond: (id = 5331326)

table 6 : explain SELECT c FROM sbtest6 WHERE id=7162185
	Index Scan using sbtest6_pkey on sbtest6  (cost=0.43..8.45 rows=1 width=121)
	  Index Cond: (id = 7162185)

table 7 : explain SELECT c FROM sbtest7 WHERE id=1582276
	Index Scan using sbtest7_pkey on sbtest7  (cost=0.43..8.45 rows=1 width=121)
	  Index Cond: (id = 1582276)

table 8 : explain SELECT c FROM sbtest8 WHERE id=2472919
	Index Scan using sbtest8_pkey on sbtest8  (cost=0.43..8.45 rows=1 width=121)
	  Index Cond: (id = 2472919)

for point_selects
table 1 : explain SELECT c FROM sbtest1 WHERE id=9533433
	Index Scan using sbtest1_pkey on sbtest1  (cost=0.43..8.45 rows=1 width=121)
	  Index Cond: (id = 9533433)

table 2 : explain SELECT c FROM sbtest2 WHERE id=9307830
	Index Scan using sbtest2_pkey on sbtest2  (cost=0.43..8.45 rows=1 width=121)
	  Index Cond: (id = 9307830)

table 3 : explain SELECT c FROM sbtest3 WHERE id=7369917
	Index Scan using sbtest3_pkey on sbtest3  (cost=0.43..8.45 rows=1 width=121)
	  Index Cond: (id = 7369917)

table 4 : explain SELECT c FROM sbtest4 WHERE id=7248541
	Index Scan using sbtest4_pkey on sbtest4  (cost=0.43..8.45 rows=1 width=121)
	  Index Cond: (id = 7248541)

table 5 : explain SELECT c FROM sbtest5 WHERE id=2309038
	Index Scan using sbtest5_pkey on sbtest5  (cost=0.43..8.45 rows=1 width=121)
	  Index Cond: (id = 2309038)

table 6 : explain SELECT c FROM sbtest6 WHERE id=2611985
	Index Scan using sbtest6_pkey on sbtest6  (cost=0.43..8.45 rows=1 width=121)
	  Index Cond: (id = 2611985)

table 7 : explain SELECT c FROM sbtest7 WHERE id=7668588
	Index Scan using sbtest7_pkey on sbtest7  (cost=0.43..8.45 rows=1 width=121)
	  Index Cond: (id = 7668588)

table 8 : explain SELECT c FROM sbtest8 WHERE id=701319
	Index Scan using sbtest8_pkey on sbtest8  (cost=0.43..8.45 rows=1 width=121)
	  Index Cond: (id = 701319)

for: simple_ranges
table 1 : explain SELECT c FROM sbtest1 WHERE id BETWEEN 8770563 AND 8770662
	Index Scan using sbtest1_pkey on sbtest1  (cost=0.43..380.47 rows=95 width=121)
	  Index Cond: ((id >= 8770563) AND (id <= 8770662))

table 2 : explain SELECT c FROM sbtest2 WHERE id BETWEEN 7460225 AND 7460324
	Index Scan using sbtest2_pkey on sbtest2  (cost=0.43..404.05 rows=101 width=121)
	  Index Cond: ((id >= 7460225) AND (id <= 7460324))

table 3 : explain SELECT c FROM sbtest3 WHERE id BETWEEN 2643323 AND 2643422
	Index Scan using sbtest3_pkey on sbtest3  (cost=0.43..404.24 rows=101 width=121)
	  Index Cond: ((id >= 2643323) AND (id <= 2643422))

table 4 : explain SELECT c FROM sbtest4 WHERE id BETWEEN 7919548 AND 7919647
	Index Scan using sbtest4_pkey on sbtest4  (cost=0.43..360.30 rows=90 width=121)
	  Index Cond: ((id >= 7919548) AND (id <= 7919647))

table 5 : explain SELECT c FROM sbtest5 WHERE id BETWEEN 9169675 AND 9169774
	Index Scan using sbtest5_pkey on sbtest5  (cost=0.43..359.01 rows=90 width=121)
	  Index Cond: ((id >= 9169675) AND (id <= 9169774))

table 6 : explain SELECT c FROM sbtest6 WHERE id BETWEEN 8680501 AND 8680600
	Index Scan using sbtest6_pkey on sbtest6  (cost=0.43..407.44 rows=102 width=121)
	  Index Cond: ((id >= 8680501) AND (id <= 8680600))

table 7 : explain SELECT c FROM sbtest7 WHERE id BETWEEN 6248218 AND 6248317
	Index Scan using sbtest7_pkey on sbtest7  (cost=0.43..412.25 rows=103 width=121)
	  Index Cond: ((id >= 6248218) AND (id <= 6248317))

table 8 : explain SELECT c FROM sbtest8 WHERE id BETWEEN 6911776 AND 6911875
	Index Scan using sbtest8_pkey on sbtest8  (cost=0.43..375.21 rows=94 width=121)
	  Index Cond: ((id >= 6911776) AND (id <= 6911875))

for: simple_ranges
table 1 : explain SELECT c FROM sbtest1 WHERE id BETWEEN 7650770 AND 7650869
	Index Scan using sbtest1_pkey on sbtest1  (cost=0.43..384.42 rows=96 width=121)
	  Index Cond: ((id >= 7650770) AND (id <= 7650869))

table 2 : explain SELECT c FROM sbtest2 WHERE id BETWEEN 5010239 AND 5010338
	Index Scan using sbtest2_pkey on sbtest2  (cost=0.43..400.08 rows=100 width=121)
	  Index Cond: ((id >= 5010239) AND (id <= 5010338))

table 3 : explain SELECT c FROM sbtest3 WHERE id BETWEEN 6996401 AND 6996500
	Index Scan using sbtest3_pkey on sbtest3  (cost=0.43..388.40 rows=97 width=121)
	  Index Cond: ((id >= 6996401) AND (id <= 6996500))

table 4 : explain SELECT c FROM sbtest4 WHERE id BETWEEN 9885072 AND 9885171
	Index Scan using sbtest4_pkey on sbtest4  (cost=0.43..407.75 rows=102 width=121)
	  Index Cond: ((id >= 9885072) AND (id <= 9885171))

table 5 : explain SELECT c FROM sbtest5 WHERE id BETWEEN 4040813 AND 4040912
	Index Scan using sbtest5_pkey on sbtest5  (cost=0.43..398.41 rows=100 width=121)
	  Index Cond: ((id >= 4040813) AND (id <= 4040912))

table 6 : explain SELECT c FROM sbtest6 WHERE id BETWEEN 3217488 AND 3217587
	Index Scan using sbtest6_pkey on sbtest6  (cost=0.43..415.34 rows=104 width=121)
	  Index Cond: ((id >= 3217488) AND (id <= 3217587))

table 7 : explain SELECT c FROM sbtest7 WHERE id BETWEEN 4951496 AND 4951595
	Index Scan using sbtest7_pkey on sbtest7  (cost=0.43..420.17 rows=105 width=121)
	  Index Cond: ((id >= 4951496) AND (id <= 4951595))

table 8 : explain SELECT c FROM sbtest8 WHERE id BETWEEN 1683931 AND 1684030
	Index Scan using sbtest8_pkey on sbtest8  (cost=0.43..394.95 rows=99 width=121)
	  Index Cond: ((id >= 1683931) AND (id <= 1684030))

for point_selects
table 1 : explain SELECT c FROM sbtest1 WHERE id=2809186
	Index Scan using sbtest1_pkey on sbtest1  (cost=0.43..8.45 rows=1 width=121)
	  Index Cond: (id = 2809186)

table 2 : explain SELECT c FROM sbtest2 WHERE id=2170972
	Index Scan using sbtest2_pkey on sbtest2  (cost=0.43..8.45 rows=1 width=121)
	  Index Cond: (id = 2170972)

table 3 : explain SELECT c FROM sbtest3 WHERE id=5561603
	Index Scan using sbtest3_pkey on sbtest3  (cost=0.43..8.45 rows=1 width=121)
	  Index Cond: (id = 5561603)

table 4 : explain SELECT c FROM sbtest4 WHERE id=290561
	Index Scan using sbtest4_pkey on sbtest4  (cost=0.43..8.45 rows=1 width=121)
	  Index Cond: (id = 290561)

table 5 : explain SELECT c FROM sbtest5 WHERE id=8599175
	Index Scan using sbtest5_pkey on sbtest5  (cost=0.43..8.45 rows=1 width=121)
	  Index Cond: (id = 8599175)

table 6 : explain SELECT c FROM sbtest6 WHERE id=3290867
	Index Scan using sbtest6_pkey on sbtest6  (cost=0.43..8.45 rows=1 width=121)
	  Index Cond: (id = 3290867)

table 7 : explain SELECT c FROM sbtest7 WHERE id=925457
	Index Scan using sbtest7_pkey on sbtest7  (cost=0.43..8.45 rows=1 width=121)
	  Index Cond: (id = 925457)

table 8 : explain SELECT c FROM sbtest8 WHERE id=8384434
	Index Scan using sbtest8_pkey on sbtest8  (cost=0.43..8.45 rows=1 width=121)
	  Index Cond: (id = 8384434)

for: simple_ranges
table 1 : explain SELECT c FROM sbtest1 WHERE id BETWEEN 6308398 AND 6308497
	Index Scan using sbtest1_pkey on sbtest1  (cost=0.43..400.25 rows=100 width=121)
	  Index Cond: ((id >= 6308398) AND (id <= 6308497))

table 2 : explain SELECT c FROM sbtest2 WHERE id BETWEEN 5565429 AND 5565528
	Index Scan using sbtest2_pkey on sbtest2  (cost=0.43..376.35 rows=94 width=121)
	  Index Cond: ((id >= 5565429) AND (id <= 5565528))

table 3 : explain SELECT c FROM sbtest3 WHERE id BETWEEN 6927387 AND 6927486
	Index Scan using sbtest3_pkey on sbtest3  (cost=0.43..388.40 rows=97 width=121)
	  Index Cond: ((id >= 6927387) AND (id <= 6927486))

table 4 : explain SELECT c FROM sbtest4 WHERE id BETWEEN 6239672 AND 6239771
	Index Scan using sbtest4_pkey on sbtest4  (cost=0.43..384.02 rows=96 width=121)
	  Index Cond: ((id >= 6239672) AND (id <= 6239771))

table 5 : explain SELECT c FROM sbtest5 WHERE id BETWEEN 9612022 AND 9612121
	Index Scan using sbtest5_pkey on sbtest5  (cost=0.43..370.82 rows=93 width=121)
	  Index Cond: ((id >= 9612022) AND (id <= 9612121))

table 6 : explain SELECT c FROM sbtest6 WHERE id BETWEEN 2165021 AND 2165120
	Index Scan using sbtest6_pkey on sbtest6  (cost=0.43..407.44 rows=102 width=121)
	  Index Cond: ((id >= 2165021) AND (id <= 2165120))

table 7 : explain SELECT c FROM sbtest7 WHERE id BETWEEN 6434891 AND 6434990
	Index Scan using sbtest7_pkey on sbtest7  (cost=0.43..428.09 rows=107 width=121)
	  Index Cond: ((id >= 6434891) AND (id <= 6434990))

table 8 : explain SELECT c FROM sbtest8 WHERE id BETWEEN 5145160 AND 5145259
	Index Scan using sbtest8_pkey on sbtest8  (cost=0.43..402.83 rows=101 width=121)
	  Index Cond: ((id >= 5145160) AND (id <= 5145259))

for point_selects
table 1 : explain SELECT c FROM sbtest1 WHERE id=8635174
	Index Scan using sbtest1_pkey on sbtest1  (cost=0.43..8.45 rows=1 width=121)
	  Index Cond: (id = 8635174)

table 2 : explain SELECT c FROM sbtest2 WHERE id=3236157
	Index Scan using sbtest2_pkey on sbtest2  (cost=0.43..8.45 rows=1 width=121)
	  Index Cond: (id = 3236157)

table 3 : explain SELECT c FROM sbtest3 WHERE id=5599871
	Index Scan using sbtest3_pkey on sbtest3  (cost=0.43..8.45 rows=1 width=121)
	  Index Cond: (id = 5599871)

table 4 : explain SELECT c FROM sbtest4 WHERE id=2013087
	Index Scan using sbtest4_pkey on sbtest4  (cost=0.43..8.45 rows=1 width=121)
	  Index Cond: (id = 2013087)

table 5 : explain SELECT c FROM sbtest5 WHERE id=1971657
	Index Scan using sbtest5_pkey on sbtest5  (cost=0.43..8.45 rows=1 width=121)
	  Index Cond: (id = 1971657)

table 6 : explain SELECT c FROM sbtest6 WHERE id=9629559
	Index Scan using sbtest6_pkey on sbtest6  (cost=0.43..8.45 rows=1 width=121)
	  Index Cond: (id = 9629559)

table 7 : explain SELECT c FROM sbtest7 WHERE id=8728093
	Index Scan using sbtest7_pkey on sbtest7  (cost=0.43..8.45 rows=1 width=121)
	  Index Cond: (id = 8728093)

table 8 : explain SELECT c FROM sbtest8 WHERE id=2559704
	Index Scan using sbtest8_pkey on sbtest8  (cost=0.43..8.45 rows=1 width=121)
	  Index Cond: (id = 2559704)

for: simple_ranges
table 1 : explain SELECT c FROM sbtest1 WHERE id BETWEEN 8333423 AND 8333522
	Index Scan using sbtest1_pkey on sbtest1  (cost=0.43..400.27 rows=100 width=121)
	  Index Cond: ((id >= 8333423) AND (id <= 8333522))

table 2 : explain SELECT c FROM sbtest2 WHERE id BETWEEN 6323123 AND 6323222
	Index Scan using sbtest2_pkey on sbtest2  (cost=0.43..396.13 rows=99 width=121)
	  Index Cond: ((id >= 6323123) AND (id <= 6323222))

table 3 : explain SELECT c FROM sbtest3 WHERE id BETWEEN 3629474 AND 3629573
	Index Scan using sbtest3_pkey on sbtest3  (cost=0.43..388.40 rows=97 width=121)
	  Index Cond: ((id >= 3629474) AND (id <= 3629573))

table 4 : explain SELECT c FROM sbtest4 WHERE id BETWEEN 2276376 AND 2276475
	Index Scan using sbtest4_pkey on sbtest4  (cost=0.43..391.93 rows=98 width=121)
	  Index Cond: ((id >= 2276376) AND (id <= 2276475))

table 5 : explain SELECT c FROM sbtest5 WHERE id BETWEEN 737799 AND 737898
	Index Scan using sbtest5_pkey on sbtest5  (cost=0.43..425.98 rows=107 width=121)
	  Index Cond: ((id >= 737799) AND (id <= 737898))

table 6 : explain SELECT c FROM sbtest6 WHERE id BETWEEN 5043269 AND 5043368
	Index Scan using sbtest6_pkey on sbtest6  (cost=0.43..383.72 rows=96 width=121)
	  Index Cond: ((id >= 5043269) AND (id <= 5043368))

table 7 : explain SELECT c FROM sbtest7 WHERE id BETWEEN 3382844 AND 3382943
	Index Scan using sbtest7_pkey on sbtest7  (cost=0.43..428.09 rows=107 width=121)
	  Index Cond: ((id >= 3382844) AND (id <= 3382943))

table 8 : explain SELECT c FROM sbtest8 WHERE id BETWEEN 7892894 AND 7892993
	Index Scan using sbtest8_pkey on sbtest8  (cost=0.43..410.72 rows=103 width=121)
	  Index Cond: ((id >= 7892894) AND (id <= 7892993))

for: simple_ranges
table 1 : explain SELECT c FROM sbtest1 WHERE id BETWEEN 2812290 AND 2812389
	Index Scan using sbtest1_pkey on sbtest1  (cost=0.43..404.22 rows=101 width=121)
	  Index Cond: ((id >= 2812290) AND (id <= 2812389))

table 2 : explain SELECT c FROM sbtest2 WHERE id BETWEEN 5045798 AND 5045897
	Index Scan using sbtest2_pkey on sbtest2  (cost=0.43..404.04 rows=101 width=121)
	  Index Cond: ((id >= 5045798) AND (id <= 5045897))

table 3 : explain SELECT c FROM sbtest3 WHERE id BETWEEN 8469331 AND 8469430
	Index Scan using sbtest3_pkey on sbtest3  (cost=0.43..420.07 rows=105 width=121)
	  Index Cond: ((id >= 8469331) AND (id <= 8469430))

table 4 : explain SELECT c FROM sbtest4 WHERE id BETWEEN 2634524 AND 2634623
	Index Scan using sbtest4_pkey on sbtest4  (cost=0.43..403.80 rows=101 width=121)
	  Index Cond: ((id >= 2634524) AND (id <= 2634623))

table 5 : explain SELECT c FROM sbtest5 WHERE id BETWEEN 9293661 AND 9293760
	Index Scan using sbtest5_pkey on sbtest5  (cost=0.43..398.41 rows=100 width=121)
	  Index Cond: ((id >= 9293661) AND (id <= 9293760))

table 6 : explain SELECT c FROM sbtest6 WHERE id BETWEEN 7201651 AND 7201750
	Index Scan using sbtest6_pkey on sbtest6  (cost=0.43..403.49 rows=101 width=121)
	  Index Cond: ((id >= 7201651) AND (id <= 7201750))

table 7 : explain SELECT c FROM sbtest7 WHERE id BETWEEN 1065524 AND 1065623
	Index Scan using sbtest7_pkey on sbtest7  (cost=0.43..380.57 rows=95 width=121)
	  Index Cond: ((id >= 1065524) AND (id <= 1065623))

table 8 : explain SELECT c FROM sbtest8 WHERE id BETWEEN 4466380 AND 4466479
	Index Scan using sbtest8_pkey on sbtest8  (cost=0.43..371.27 rows=93 width=121)
	  Index Cond: ((id >= 4466380) AND (id <= 4466479))

for: simple_ranges
table 1 : explain SELECT c FROM sbtest1 WHERE id BETWEEN 6591126 AND 6591225
	Index Scan using sbtest1_pkey on sbtest1  (cost=0.43..416.10 rows=104 width=121)
	  Index Cond: ((id >= 6591126) AND (id <= 6591225))

table 2 : explain SELECT c FROM sbtest2 WHERE id BETWEEN 580172 AND 580271
	Index Scan using sbtest2_pkey on sbtest2  (cost=0.43..408.01 rows=102 width=121)
	  Index Cond: ((id >= 580172) AND (id <= 580271))

table 3 : explain SELECT c FROM sbtest3 WHERE id BETWEEN 2937594 AND 2937693
	Index Scan using sbtest3_pkey on sbtest3  (cost=0.43..412.16 rows=103 width=121)
	  Index Cond: ((id >= 2937594) AND (id <= 2937693))

table 4 : explain SELECT c FROM sbtest4 WHERE id BETWEEN 5014971 AND 5015070
	Index Scan using sbtest4_pkey on sbtest4  (cost=0.43..376.11 rows=94 width=121)
	  Index Cond: ((id >= 5014971) AND (id <= 5015070))

table 5 : explain SELECT c FROM sbtest5 WHERE id BETWEEN 658699 AND 658798
	Index Scan using sbtest5_pkey on sbtest5  (cost=0.43..402.35 rows=101 width=121)
	  Index Cond: ((id >= 658699) AND (id <= 658798))

table 6 : explain SELECT c FROM sbtest6 WHERE id BETWEEN 3240821 AND 3240920
	Index Scan using sbtest6_pkey on sbtest6  (cost=0.43..387.67 rows=97 width=121)
	  Index Cond: ((id >= 3240821) AND (id <= 3240920))

table 7 : explain SELECT c FROM sbtest7 WHERE id BETWEEN 4941653 AND 4941752
	Index Scan using sbtest7_pkey on sbtest7  (cost=0.43..420.17 rows=105 width=121)
	  Index Cond: ((id >= 4941653) AND (id <= 4941752))

table 8 : explain SELECT c FROM sbtest8 WHERE id BETWEEN 1060060 AND 1060159
	Index Scan using sbtest8_pkey on sbtest8  (cost=0.43..422.55 rows=106 width=121)
	  Index Cond: ((id >= 1060060) AND (id <= 1060159))

for: simple_ranges
table 1 : explain SELECT c FROM sbtest1 WHERE id BETWEEN 4735361 AND 4735460
	Index Scan using sbtest1_pkey on sbtest1  (cost=0.43..451.71 rows=113 width=121)
	  Index Cond: ((id >= 4735361) AND (id <= 4735460))

table 2 : explain SELECT c FROM sbtest2 WHERE id BETWEEN 4412473 AND 4412572
	Index Scan using sbtest2_pkey on sbtest2  (cost=0.43..400.08 rows=100 width=121)
	  Index Cond: ((id >= 4412473) AND (id <= 4412572))

table 3 : explain SELECT c FROM sbtest3 WHERE id BETWEEN 8081221 AND 8081320
	Index Scan using sbtest3_pkey on sbtest3  (cost=0.43..424.03 rows=106 width=121)
	  Index Cond: ((id >= 8081221) AND (id <= 8081320))

table 4 : explain SELECT c FROM sbtest4 WHERE id BETWEEN 9225828 AND 9225927
	Index Scan using sbtest4_pkey on sbtest4  (cost=0.43..372.16 rows=93 width=121)
	  Index Cond: ((id >= 9225828) AND (id <= 9225927))

table 5 : explain SELECT c FROM sbtest5 WHERE id BETWEEN 5965451 AND 5965550
	Index Scan using sbtest5_pkey on sbtest5  (cost=0.43..437.79 rows=110 width=121)
	  Index Cond: ((id >= 5965451) AND (id <= 5965550))

table 6 : explain SELECT c FROM sbtest6 WHERE id BETWEEN 8145248 AND 8145347
	Index Scan using sbtest6_pkey on sbtest6  (cost=0.43..399.54 rows=100 width=121)
	  Index Cond: ((id >= 8145248) AND (id <= 8145347))

table 7 : explain SELECT c FROM sbtest7 WHERE id BETWEEN 3536384 AND 3536483
	Index Scan using sbtest7_pkey on sbtest7  (cost=0.43..400.38 rows=100 width=121)
	  Index Cond: ((id >= 3536384) AND (id <= 3536483))

table 8 : explain SELECT c FROM sbtest8 WHERE id BETWEEN 6856779 AND 6856878
	Index Scan using sbtest8_pkey on sbtest8  (cost=0.43..375.21 rows=94 width=121)
	  Index Cond: ((id >= 6856779) AND (id <= 6856878))

for point_selects
table 1 : explain SELECT c FROM sbtest1 WHERE id=6417000
	Index Scan using sbtest1_pkey on sbtest1  (cost=0.43..8.45 rows=1 width=121)
	  Index Cond: (id = 6417000)

table 2 : explain SELECT c FROM sbtest2 WHERE id=9119269
	Index Scan using sbtest2_pkey on sbtest2  (cost=0.43..8.45 rows=1 width=121)
	  Index Cond: (id = 9119269)

table 3 : explain SELECT c FROM sbtest3 WHERE id=5721781
	Index Scan using sbtest3_pkey on sbtest3  (cost=0.43..8.45 rows=1 width=121)
	  Index Cond: (id = 5721781)

table 4 : explain SELECT c FROM sbtest4 WHERE id=5214096
	Index Scan using sbtest4_pkey on sbtest4  (cost=0.43..8.45 rows=1 width=121)
	  Index Cond: (id = 5214096)

table 5 : explain SELECT c FROM sbtest5 WHERE id=9458048
	Index Scan using sbtest5_pkey on sbtest5  (cost=0.43..8.45 rows=1 width=121)
	  Index Cond: (id = 9458048)

table 6 : explain SELECT c FROM sbtest6 WHERE id=7546184
	Index Scan using sbtest6_pkey on sbtest6  (cost=0.43..8.45 rows=1 width=121)
	  Index Cond: (id = 7546184)

table 7 : explain SELECT c FROM sbtest7 WHERE id=3253500
	Index Scan using sbtest7_pkey on sbtest7  (cost=0.43..8.45 rows=1 width=121)
	  Index Cond: (id = 3253500)

table 8 : explain SELECT c FROM sbtest8 WHERE id=2333280
	Index Scan using sbtest8_pkey on sbtest8  (cost=0.43..8.45 rows=1 width=121)
	  Index Cond: (id = 2333280)

for point_selects
table 1 : explain SELECT c FROM sbtest1 WHERE id=3640716
	Index Scan using sbtest1_pkey on sbtest1  (cost=0.43..8.45 rows=1 width=121)
	  Index Cond: (id = 3640716)

table 2 : explain SELECT c FROM sbtest2 WHERE id=5475173
	Index Scan using sbtest2_pkey on sbtest2  (cost=0.43..8.45 rows=1 width=121)
	  Index Cond: (id = 5475173)

table 3 : explain SELECT c FROM sbtest3 WHERE id=5687451
	Index Scan using sbtest3_pkey on sbtest3  (cost=0.43..8.45 rows=1 width=121)
	  Index Cond: (id = 5687451)

table 4 : explain SELECT c FROM sbtest4 WHERE id=3992143
	Index Scan using sbtest4_pkey on sbtest4  (cost=0.43..8.45 rows=1 width=121)
	  Index Cond: (id = 3992143)

table 5 : explain SELECT c FROM sbtest5 WHERE id=6527925
	Index Scan using sbtest5_pkey on sbtest5  (cost=0.43..8.45 rows=1 width=121)
	  Index Cond: (id = 6527925)

table 6 : explain SELECT c FROM sbtest6 WHERE id=8325177
	Index Scan using sbtest6_pkey on sbtest6  (cost=0.43..8.45 rows=1 width=121)
	  Index Cond: (id = 8325177)

table 7 : explain SELECT c FROM sbtest7 WHERE id=1626862
	Index Scan using sbtest7_pkey on sbtest7  (cost=0.43..8.45 rows=1 width=121)
	  Index Cond: (id = 1626862)

table 8 : explain SELECT c FROM sbtest8 WHERE id=8770901
	Index Scan using sbtest8_pkey on sbtest8  (cost=0.43..8.45 rows=1 width=121)
	  Index Cond: (id = 8770901)

for: sum_ranges
table 1 : explain SELECT SUM(k) FROM sbtest1 WHERE id BETWEEN 9749875 AND 9749974
	Aggregate  (cost=372.78..372.79 rows=1 width=8)
	  ->  Index Scan using sbtest1_pkey on sbtest1  (cost=0.43..372.55 rows=93 width=4)
	        Index Cond: ((id >= 9749875) AND (id <= 9749974))

table 2 : explain SELECT SUM(k) FROM sbtest2 WHERE id BETWEEN 1576398 AND 1576497
	Aggregate  (cost=455.76..455.77 rows=1 width=8)
	  ->  Index Scan using sbtest2_pkey on sbtest2  (cost=0.43..455.47 rows=114 width=4)
	        Index Cond: ((id >= 1576398) AND (id <= 1576497))

table 3 : explain SELECT SUM(k) FROM sbtest3 WHERE id BETWEEN 6212670 AND 6212769
	Aggregate  (cost=428.26..428.27 rows=1 width=8)
	  ->  Index Scan using sbtest3_pkey on sbtest3  (cost=0.43..427.99 rows=107 width=4)
	        Index Cond: ((id >= 6212670) AND (id <= 6212769))

table 4 : explain SELECT SUM(k) FROM sbtest4 WHERE id BETWEEN 9240693 AND 9240792
	Aggregate  (cost=372.39..372.40 rows=1 width=8)
	  ->  Index Scan using sbtest4_pkey on sbtest4  (cost=0.43..372.16 rows=93 width=4)
	        Index Cond: ((id >= 9240693) AND (id <= 9240792))

table 5 : explain SELECT SUM(k) FROM sbtest5 WHERE id BETWEEN 5632255 AND 5632354
	Aggregate  (cost=371.05..371.06 rows=1 width=8)
	  ->  Index Scan using sbtest5_pkey on sbtest5  (cost=0.43..370.82 rows=93 width=4)
	        Index Cond: ((id >= 5632255) AND (id <= 5632354))

table 6 : explain SELECT SUM(k) FROM sbtest6 WHERE id BETWEEN 1759789 AND 1759888
	Aggregate  (cost=431.41..431.42 rows=1 width=8)
	  ->  Index Scan using sbtest6_pkey on sbtest6  (cost=0.43..431.14 rows=108 width=4)
	        Index Cond: ((id >= 1759789) AND (id <= 1759888))

table 7 : explain SELECT SUM(k) FROM sbtest7 WHERE id BETWEEN 7822005 AND 7822104
	Aggregate  (cost=396.67..396.68 rows=1 width=8)
	  ->  Index Scan using sbtest7_pkey on sbtest7  (cost=0.43..396.42 rows=99 width=4)
	        Index Cond: ((id >= 7822005) AND (id <= 7822104))

table 8 : explain SELECT SUM(k) FROM sbtest8 WHERE id BETWEEN 751991 AND 752090
	Aggregate  (cost=387.28..387.29 rows=1 width=8)
	  ->  Index Scan using sbtest8_pkey on sbtest8  (cost=0.43..387.04 rows=97 width=4)
	        Index Cond: ((id >= 751991) AND (id <= 752090))

for: simple_ranges
table 1 : explain SELECT c FROM sbtest1 WHERE id BETWEEN 3980719 AND 3980818
	Index Scan using sbtest1_pkey on sbtest1  (cost=0.43..408.18 rows=102 width=121)
	  Index Cond: ((id >= 3980719) AND (id <= 3980818))

table 2 : explain SELECT c FROM sbtest2 WHERE id BETWEEN 8966907 AND 8967006
	Index Scan using sbtest2_pkey on sbtest2  (cost=0.43..439.65 rows=110 width=121)
	  Index Cond: ((id >= 8966907) AND (id <= 8967006))

table 3 : explain SELECT c FROM sbtest3 WHERE id BETWEEN 1778503 AND 1778602
	Index Scan using sbtest3_pkey on sbtest3  (cost=0.43..400.27 rows=100 width=121)
	  Index Cond: ((id >= 1778503) AND (id <= 1778602))

table 4 : explain SELECT c FROM sbtest4 WHERE id BETWEEN 8481681 AND 8481780
	Index Scan using sbtest4_pkey on sbtest4  (cost=0.43..407.75 rows=102 width=121)
	  Index Cond: ((id >= 8481681) AND (id <= 8481780))

table 5 : explain SELECT c FROM sbtest5 WHERE id BETWEEN 6127399 AND 6127498
	Index Scan using sbtest5_pkey on sbtest5  (cost=0.43..370.82 rows=93 width=121)
	  Index Cond: ((id >= 6127399) AND (id <= 6127498))

table 6 : explain SELECT c FROM sbtest6 WHERE id BETWEEN 3194289 AND 3194388
	Index Scan using sbtest6_pkey on sbtest6  (cost=0.43..415.34 rows=104 width=121)
	  Index Cond: ((id >= 3194289) AND (id <= 3194388))

table 7 : explain SELECT c FROM sbtest7 WHERE id BETWEEN 1128051 AND 1128150
	Index Scan using sbtest7_pkey on sbtest7  (cost=0.43..380.57 rows=95 width=121)
	  Index Cond: ((id >= 1128051) AND (id <= 1128150))

table 8 : explain SELECT c FROM sbtest8 WHERE id BETWEEN 4955762 AND 4955861
	Index Scan using sbtest8_pkey on sbtest8  (cost=0.43..414.66 rows=104 width=121)
	  Index Cond: ((id >= 4955762) AND (id <= 4955861))

for: simple_ranges
table 1 : explain SELECT c FROM sbtest1 WHERE id BETWEEN 2538003 AND 2538102
	Index Scan using sbtest1_pkey on sbtest1  (cost=0.43..380.47 rows=95 width=121)
	  Index Cond: ((id >= 2538003) AND (id <= 2538102))

table 2 : explain SELECT c FROM sbtest2 WHERE id BETWEEN 5659412 AND 5659511
	Index Scan using sbtest2_pkey on sbtest2  (cost=0.43..400.08 rows=100 width=121)
	  Index Cond: ((id >= 5659412) AND (id <= 5659511))

table 3 : explain SELECT c FROM sbtest3 WHERE id BETWEEN 7912158 AND 7912257
	Index Scan using sbtest3_pkey on sbtest3  (cost=0.43..392.36 rows=98 width=121)
	  Index Cond: ((id >= 7912158) AND (id <= 7912257))

table 4 : explain SELECT c FROM sbtest4 WHERE id BETWEEN 2788208 AND 2788307
	Index Scan using sbtest4_pkey on sbtest4  (cost=0.43..423.57 rows=106 width=121)
	  Index Cond: ((id >= 2788208) AND (id <= 2788307))

table 5 : explain SELECT c FROM sbtest5 WHERE id BETWEEN 6251463 AND 6251562
	Index Scan using sbtest5_pkey on sbtest5  (cost=0.43..398.41 rows=100 width=121)
	  Index Cond: ((id >= 6251463) AND (id <= 6251562))

table 6 : explain SELECT c FROM sbtest6 WHERE id BETWEEN 6646669 AND 6646768
	Index Scan using sbtest6_pkey on sbtest6  (cost=0.43..383.72 rows=96 width=121)
	  Index Cond: ((id >= 6646669) AND (id <= 6646768))

table 7 : explain SELECT c FROM sbtest7 WHERE id BETWEEN 5826864 AND 5826963
	Index Scan using sbtest7_pkey on sbtest7  (cost=0.43..356.82 rows=89 width=121)
	  Index Cond: ((id >= 5826864) AND (id <= 5826963))

table 8 : explain SELECT c FROM sbtest8 WHERE id BETWEEN 1658936 AND 1659035
	Index Scan using sbtest8_pkey on sbtest8  (cost=0.43..394.95 rows=99 width=121)
	  Index Cond: ((id >= 1658936) AND (id <= 1659035))

for point_selects
table 1 : explain SELECT c FROM sbtest1 WHERE id=1506664
	Index Scan using sbtest1_pkey on sbtest1  (cost=0.43..8.45 rows=1 width=121)
	  Index Cond: (id = 1506664)

table 2 : explain SELECT c FROM sbtest2 WHERE id=6266288
	Index Scan using sbtest2_pkey on sbtest2  (cost=0.43..8.45 rows=1 width=121)
	  Index Cond: (id = 6266288)

table 3 : explain SELECT c FROM sbtest3 WHERE id=7925177
	Index Scan using sbtest3_pkey on sbtest3  (cost=0.43..8.45 rows=1 width=121)
	  Index Cond: (id = 7925177)

table 4 : explain SELECT c FROM sbtest4 WHERE id=5532777
	Index Scan using sbtest4_pkey on sbtest4  (cost=0.43..8.45 rows=1 width=121)
	  Index Cond: (id = 5532777)

table 5 : explain SELECT c FROM sbtest5 WHERE id=5993444
	Index Scan using sbtest5_pkey on sbtest5  (cost=0.43..8.45 rows=1 width=121)
	  Index Cond: (id = 5993444)

table 6 : explain SELECT c FROM sbtest6 WHERE id=6565277
	Index Scan using sbtest6_pkey on sbtest6  (cost=0.43..8.45 rows=1 width=121)
	  Index Cond: (id = 6565277)

table 7 : explain SELECT c FROM sbtest7 WHERE id=6494330
	Index Scan using sbtest7_pkey on sbtest7  (cost=0.43..8.45 rows=1 width=121)
	  Index Cond: (id = 6494330)

table 8 : explain SELECT c FROM sbtest8 WHERE id=7716674
	Index Scan using sbtest8_pkey on sbtest8  (cost=0.43..8.45 rows=1 width=121)
	  Index Cond: (id = 7716674)

for point_selects
table 1 : explain SELECT c FROM sbtest1 WHERE id=181906
	Index Scan using sbtest1_pkey on sbtest1  (cost=0.43..8.45 rows=1 width=121)
	  Index Cond: (id = 181906)

table 2 : explain SELECT c FROM sbtest2 WHERE id=9021960
	Index Scan using sbtest2_pkey on sbtest2  (cost=0.43..8.45 rows=1 width=121)
	  Index Cond: (id = 9021960)

table 3 : explain SELECT c FROM sbtest3 WHERE id=4506336
	Index Scan using sbtest3_pkey on sbtest3  (cost=0.43..8.45 rows=1 width=121)
	  Index Cond: (id = 4506336)

table 4 : explain SELECT c FROM sbtest4 WHERE id=5397828
	Index Scan using sbtest4_pkey on sbtest4  (cost=0.43..8.45 rows=1 width=121)
	  Index Cond: (id = 5397828)

table 5 : explain SELECT c FROM sbtest5 WHERE id=9895252
	Index Scan using sbtest5_pkey on sbtest5  (cost=0.43..8.45 rows=1 width=121)
	  Index Cond: (id = 9895252)

table 6 : explain SELECT c FROM sbtest6 WHERE id=856030
	Index Scan using sbtest6_pkey on sbtest6  (cost=0.43..8.45 rows=1 width=121)
	  Index Cond: (id = 856030)

table 7 : explain SELECT c FROM sbtest7 WHERE id=9936699
	Index Scan using sbtest7_pkey on sbtest7  (cost=0.43..8.45 rows=1 width=121)
	  Index Cond: (id = 9936699)

table 8 : explain SELECT c FROM sbtest8 WHERE id=308308
	Index Scan using sbtest8_pkey on sbtest8  (cost=0.43..8.45 rows=1 width=121)
	  Index Cond: (id = 308308)

for: simple_ranges
table 1 : explain SELECT c FROM sbtest1 WHERE id BETWEEN 2025173 AND 2025272
	Index Scan using sbtest1_pkey on sbtest1  (cost=0.43..396.29 rows=99 width=121)
	  Index Cond: ((id >= 2025173) AND (id <= 2025272))

table 2 : explain SELECT c FROM sbtest2 WHERE id BETWEEN 3510113 AND 3510212
	Index Scan using sbtest2_pkey on sbtest2  (cost=0.43..435.70 rows=109 width=121)
	  Index Cond: ((id >= 3510113) AND (id <= 3510212))

table 3 : explain SELECT c FROM sbtest3 WHERE id BETWEEN 61985 AND 62084
	Index Scan using sbtest3_pkey on sbtest3  (cost=0.43..416.12 rows=104 width=121)
	  Index Cond: ((id >= 61985) AND (id <= 62084))

table 4 : explain SELECT c FROM sbtest4 WHERE id BETWEEN 3225392 AND 3225491
	Index Scan using sbtest4_pkey on sbtest4  (cost=0.43..407.75 rows=102 width=121)
	  Index Cond: ((id >= 3225392) AND (id <= 3225491))

table 5 : explain SELECT c FROM sbtest5 WHERE id BETWEEN 6405814 AND 6405913
	Index Scan using sbtest5_pkey on sbtest5  (cost=0.43..429.92 rows=108 width=121)
	  Index Cond: ((id >= 6405814) AND (id <= 6405913))

table 6 : explain SELECT c FROM sbtest6 WHERE id BETWEEN 5572227 AND 5572326
	Index Scan using sbtest6_pkey on sbtest6  (cost=0.43..403.49 rows=101 width=121)
	  Index Cond: ((id >= 5572227) AND (id <= 5572326))

table 7 : explain SELECT c FROM sbtest7 WHERE id BETWEEN 2256210 AND 2256309
	Index Scan using sbtest7_pkey on sbtest7  (cost=0.43..416.21 rows=104 width=121)
	  Index Cond: ((id >= 2256210) AND (id <= 2256309))

table 8 : explain SELECT c FROM sbtest8 WHERE id BETWEEN 5221723 AND 5221822
	Index Scan using sbtest8_pkey on sbtest8  (cost=0.43..390.98 rows=98 width=121)
	  Index Cond: ((id >= 5221723) AND (id <= 5221822))

for point_selects
table 1 : explain SELECT c FROM sbtest1 WHERE id=4275880
	Index Scan using sbtest1_pkey on sbtest1  (cost=0.43..8.45 rows=1 width=121)
	  Index Cond: (id = 4275880)

table 2 : explain SELECT c FROM sbtest2 WHERE id=5312451
	Index Scan using sbtest2_pkey on sbtest2  (cost=0.43..8.45 rows=1 width=121)
	  Index Cond: (id = 5312451)

table 3 : explain SELECT c FROM sbtest3 WHERE id=7265082
	Index Scan using sbtest3_pkey on sbtest3  (cost=0.43..8.45 rows=1 width=121)
	  Index Cond: (id = 7265082)

table 4 : explain SELECT c FROM sbtest4 WHERE id=1049000
	Index Scan using sbtest4_pkey on sbtest4  (cost=0.43..8.45 rows=1 width=121)
	  Index Cond: (id = 1049000)

table 5 : explain SELECT c FROM sbtest5 WHERE id=9760940
	Index Scan using sbtest5_pkey on sbtest5  (cost=0.43..8.45 rows=1 width=121)
	  Index Cond: (id = 9760940)

table 6 : explain SELECT c FROM sbtest6 WHERE id=1922900
	Index Scan using sbtest6_pkey on sbtest6  (cost=0.43..8.45 rows=1 width=121)
	  Index Cond: (id = 1922900)

table 7 : explain SELECT c FROM sbtest7 WHERE id=4852796
	Index Scan using sbtest7_pkey on sbtest7  (cost=0.43..8.45 rows=1 width=121)
	  Index Cond: (id = 4852796)

table 8 : explain SELECT c FROM sbtest8 WHERE id=1209450
	Index Scan using sbtest8_pkey on sbtest8  (cost=0.43..8.45 rows=1 width=121)
	  Index Cond: (id = 1209450)

for point_selects
table 1 : explain SELECT c FROM sbtest1 WHERE id=6540962
	Index Scan using sbtest1_pkey on sbtest1  (cost=0.43..8.45 rows=1 width=121)
	  Index Cond: (id = 6540962)

table 2 : explain SELECT c FROM sbtest2 WHERE id=9195571
	Index Scan using sbtest2_pkey on sbtest2  (cost=0.43..8.45 rows=1 width=121)
	  Index Cond: (id = 9195571)

table 3 : explain SELECT c FROM sbtest3 WHERE id=2318910
	Index Scan using sbtest3_pkey on sbtest3  (cost=0.43..8.45 rows=1 width=121)
	  Index Cond: (id = 2318910)

table 4 : explain SELECT c FROM sbtest4 WHERE id=108973
	Index Scan using sbtest4_pkey on sbtest4  (cost=0.43..8.45 rows=1 width=121)
	  Index Cond: (id = 108973)

table 5 : explain SELECT c FROM sbtest5 WHERE id=4179090
	Index Scan using sbtest5_pkey on sbtest5  (cost=0.43..8.45 rows=1 width=121)
	  Index Cond: (id = 4179090)

table 6 : explain SELECT c FROM sbtest6 WHERE id=975785
	Index Scan using sbtest6_pkey on sbtest6  (cost=0.43..8.45 rows=1 width=121)
	  Index Cond: (id = 975785)

table 7 : explain SELECT c FROM sbtest7 WHERE id=6941073
	Index Scan using sbtest7_pkey on sbtest7  (cost=0.43..8.45 rows=1 width=121)
	  Index Cond: (id = 6941073)

table 8 : explain SELECT c FROM sbtest8 WHERE id=6550366
	Index Scan using sbtest8_pkey on sbtest8  (cost=0.43..8.45 rows=1 width=121)
	  Index Cond: (id = 6550366)

for: sum_ranges
table 1 : explain SELECT SUM(k) FROM sbtest1 WHERE id BETWEEN 7210498 AND 7210597
	Aggregate  (cost=380.70..380.71 rows=1 width=8)
	  ->  Index Scan using sbtest1_pkey on sbtest1  (cost=0.43..380.47 rows=95 width=4)
	        Index Cond: ((id >= 7210498) AND (id <= 7210597))

table 2 : explain SELECT SUM(k) FROM sbtest2 WHERE id BETWEEN 7312111 AND 7312210
	Aggregate  (cost=435.97..435.98 rows=1 width=8)
	  ->  Index Scan using sbtest2_pkey on sbtest2  (cost=0.43..435.70 rows=109 width=4)
	        Index Cond: ((id >= 7312111) AND (id <= 7312210))

table 3 : explain SELECT SUM(k) FROM sbtest3 WHERE id BETWEEN 9038595 AND 9038694
	Aggregate  (cost=412.42..412.43 rows=1 width=8)
	  ->  Index Scan using sbtest3_pkey on sbtest3  (cost=0.43..412.16 rows=103 width=4)
	        Index Cond: ((id >= 9038595) AND (id <= 9038694))

table 4 : explain SELECT SUM(k) FROM sbtest4 WHERE id BETWEEN 6999984 AND 7000083
	Aggregate  (cost=380.30..380.31 rows=1 width=8)
	  ->  Index Scan using sbtest4_pkey on sbtest4  (cost=0.43..380.07 rows=95 width=4)
	        Index Cond: ((id >= 6999984) AND (id <= 7000083))

table 5 : explain SELECT SUM(k) FROM sbtest5 WHERE id BETWEEN 6443223 AND 6443322
	Aggregate  (cost=430.19..430.20 rows=1 width=8)
	  ->  Index Scan using sbtest5_pkey on sbtest5  (cost=0.43..429.92 rows=108 width=4)
	        Index Cond: ((id >= 6443223) AND (id <= 6443322))

table 6 : explain SELECT SUM(k) FROM sbtest6 WHERE id BETWEEN 2381268 AND 2381367
	Aggregate  (cost=395.82..395.83 rows=1 width=8)
	  ->  Index Scan using sbtest6_pkey on sbtest6  (cost=0.43..395.57 rows=99 width=4)
	        Index Cond: ((id >= 2381268) AND (id <= 2381367))

table 7 : explain SELECT SUM(k) FROM sbtest7 WHERE id BETWEEN 8433968 AND 8434067
	Aggregate  (cost=404.59..404.60 rows=1 width=8)
	  ->  Index Scan using sbtest7_pkey on sbtest7  (cost=0.43..404.34 rows=101 width=4)
	        Index Cond: ((id >= 8433968) AND (id <= 8434067))

table 8 : explain SELECT SUM(k) FROM sbtest8 WHERE id BETWEEN 6589366 AND 6589465
	Aggregate  (cost=387.28..387.29 rows=1 width=8)
	  ->  Index Scan using sbtest8_pkey on sbtest8  (cost=0.43..387.04 rows=97 width=4)
	        Index Cond: ((id >= 6589366) AND (id <= 6589465))
for: simple_ranges
table 1 : explain SELECT c FROM sbtest1 WHERE id BETWEEN 1197926 AND 1198025
	Index Scan using sbtest1_pkey on sbtest1  (cost=0.43..412.14 rows=103 width=121)
	  Index Cond: ((id >= 1197926) AND (id <= 1198025))

table 2 : explain SELECT c FROM sbtest2 WHERE id BETWEEN 3993787 AND 3993886
	Index Scan using sbtest2_pkey on sbtest2  (cost=0.43..439.65 rows=110 width=121)
	  Index Cond: ((id >= 3993787) AND (id <= 3993886))

table 3 : explain SELECT c FROM sbtest3 WHERE id BETWEEN 8866808 AND 8866907
	Index Scan using sbtest3_pkey on sbtest3  (cost=0.43..388.40 rows=97 width=121)
	  Index Cond: ((id >= 8866808) AND (id <= 8866907))

table 4 : explain SELECT c FROM sbtest4 WHERE id BETWEEN 7237280 AND 7237379
	Index Scan using sbtest4_pkey on sbtest4  (cost=0.43..419.61 rows=105 width=121)
	  Index Cond: ((id >= 7237280) AND (id <= 7237379))

table 5 : explain SELECT c FROM sbtest5 WHERE id BETWEEN 8935854 AND 8935953
	Index Scan using sbtest5_pkey on sbtest5  (cost=0.43..418.10 rows=105 width=121)
	  Index Cond: ((id >= 8935854) AND (id <= 8935953))

table 6 : explain SELECT c FROM sbtest6 WHERE id BETWEEN 8422367 AND 8422466
	Index Scan using sbtest6_pkey on sbtest6  (cost=0.43..387.67 rows=97 width=121)
	  Index Cond: ((id >= 8422367) AND (id <= 8422466))

table 7 : explain SELECT c FROM sbtest7 WHERE id BETWEEN 151326 AND 151425
	Index Scan using sbtest7_pkey on sbtest7  (cost=0.43..400.38 rows=100 width=121)
	  Index Cond: ((id >= 151326) AND (id <= 151425))

table 8 : explain SELECT c FROM sbtest8 WHERE id BETWEEN 2608312 AND 2608411
	Index Scan using sbtest8_pkey on sbtest8  (cost=0.43..359.44 rows=90 width=121)
	  Index Cond: ((id >= 2608312) AND (id <= 2608411))
for: simple_ranges
table 1 : explain SELECT c FROM sbtest1 WHERE id BETWEEN 2998431 AND 2998530
	Index Scan using sbtest1_pkey on sbtest1  (cost=0.43..400.25 rows=100 width=121)
	  Index Cond: ((id >= 2998431) AND (id <= 2998530))

table 2 : explain SELECT c FROM sbtest2 WHERE id BETWEEN 6881789 AND 6881888
	Index Scan using sbtest2_pkey on sbtest2  (cost=0.43..404.05 rows=101 width=121)
	  Index Cond: ((id >= 6881789) AND (id <= 6881888))

table 3 : explain SELECT c FROM sbtest3 WHERE id BETWEEN 919032 AND 919131
	Index Scan using sbtest3_pkey on sbtest3  (cost=0.43..408.20 rows=102 width=121)
	  Index Cond: ((id >= 919032) AND (id <= 919131))

table 4 : explain SELECT c FROM sbtest4 WHERE id BETWEEN 3963720 AND 3963819
	Index Scan using sbtest4_pkey on sbtest4  (cost=0.43..459.14 rows=115 width=121)
	  Index Cond: ((id >= 3963720) AND (id <= 3963819))

table 5 : explain SELECT c FROM sbtest5 WHERE id BETWEEN 5381817 AND 5381916
	Index Scan using sbtest5_pkey on sbtest5  (cost=0.43..362.95 rows=91 width=121)
	  Index Cond: ((id >= 5381817) AND (id <= 5381916))

table 6 : explain SELECT c FROM sbtest6 WHERE id BETWEEN 8647530 AND 8647629
	Index Scan using sbtest6_pkey on sbtest6  (cost=0.43..407.44 rows=102 width=121)
	  Index Cond: ((id >= 8647530) AND (id <= 8647629))

table 7 : explain SELECT c FROM sbtest7 WHERE id BETWEEN 5481255 AND 5481354
	Index Scan using sbtest7_pkey on sbtest7  (cost=0.43..412.25 rows=103 width=121)
	  Index Cond: ((id >= 5481255) AND (id <= 5481354))

table 8 : explain SELECT c FROM sbtest8 WHERE id BETWEEN 490692 AND 490791
	Index Scan using sbtest8_pkey on sbtest8  (cost=0.43..418.60 rows=105 width=121)
	  Index Cond: ((id >= 490692) AND (id <= 490791))


for: sum_ranges
table 1 : explain SELECT SUM(k) FROM sbtest1 WHERE id BETWEEN 6225583 AND 6225682
	Aggregate  (cost=400.50..400.51 rows=1 width=8)
	  ->  Index Scan using sbtest1_pkey on sbtest1  (cost=0.43..400.25 rows=100 width=4)
	        Index Cond: ((id >= 6225583) AND (id <= 6225682))

table 2 : explain SELECT SUM(k) FROM sbtest2 WHERE id BETWEEN 3878017 AND 3878116
	Aggregate  (cost=408.26..408.27 rows=1 width=8)
	  ->  Index Scan using sbtest2_pkey on sbtest2  (cost=0.43..408.01 rows=102 width=4)
	        Index Cond: ((id >= 3878017) AND (id <= 3878116))

table 3 : explain SELECT SUM(k) FROM sbtest3 WHERE id BETWEEN 5675331 AND 5675430
	Aggregate  (cost=404.50..404.51 rows=1 width=8)
	  ->  Index Scan using sbtest3_pkey on sbtest3  (cost=0.43..404.24 rows=101 width=4)
	        Index Cond: ((id >= 5675331) AND (id <= 5675430))

table 4 : explain SELECT SUM(k) FROM sbtest4 WHERE id BETWEEN 9726622 AND 9726721
	Aggregate  (cost=404.05..404.06 rows=1 width=8)
	  ->  Index Scan using sbtest4_pkey on sbtest4  (cost=0.43..403.80 rows=101 width=4)
	        Index Cond: ((id >= 9726622) AND (id <= 9726721))

table 5 : explain SELECT SUM(k) FROM sbtest5 WHERE id BETWEEN 6425926 AND 6426025
	Aggregate  (cost=430.19..430.20 rows=1 width=8)
	  ->  Index Scan using sbtest5_pkey on sbtest5  (cost=0.43..429.92 rows=108 width=4)
	        Index Cond: ((id >= 6425926) AND (id <= 6426025))

table 6 : explain SELECT SUM(k) FROM sbtest6 WHERE id BETWEEN 9470511 AND 9470610
	Aggregate  (cost=419.55..419.56 rows=1 width=8)
	  ->  Index Scan using sbtest6_pkey on sbtest6  (cost=0.43..419.29 rows=105 width=4)
	        Index Cond: ((id >= 9470511) AND (id <= 9470610))

table 7 : explain SELECT SUM(k) FROM sbtest7 WHERE id BETWEEN 3952653 AND 3952752
	Aggregate  (cost=408.55..408.56 rows=1 width=8)
	  ->  Index Scan using sbtest7_pkey on sbtest7  (cost=0.43..408.29 rows=102 width=4)
	        Index Cond: ((id >= 3952653) AND (id <= 3952752))

table 8 : explain SELECT SUM(k) FROM sbtest8 WHERE id BETWEEN 847962 AND 848061
	Aggregate  (cost=446.49..446.50 rows=1 width=8)
	  ->  Index Scan using sbtest8_pkey on sbtest8  (cost=0.43..446.21 rows=112 width=4)
	        Index Cond: ((id >= 847962) AND (id <= 848061))


for point_selects
table 1 : explain SELECT c FROM sbtest1 WHERE id=2516700
	Index Scan using sbtest1_pkey on sbtest1  (cost=0.43..8.45 rows=1 width=121)
	  Index Cond: (id = 2516700)

table 2 : explain SELECT c FROM sbtest2 WHERE id=9408082
	Index Scan using sbtest2_pkey on sbtest2  (cost=0.43..8.45 rows=1 width=121)
	  Index Cond: (id = 9408082)

table 3 : explain SELECT c FROM sbtest3 WHERE id=7544820
	Index Scan using sbtest3_pkey on sbtest3  (cost=0.43..8.45 rows=1 width=121)
	  Index Cond: (id = 7544820)

table 4 : explain SELECT c FROM sbtest4 WHERE id=5389436
	Index Scan using sbtest4_pkey on sbtest4  (cost=0.43..8.45 rows=1 width=121)
	  Index Cond: (id = 5389436)

table 5 : explain SELECT c FROM sbtest5 WHERE id=3948789
	Index Scan using sbtest5_pkey on sbtest5  (cost=0.43..8.45 rows=1 width=121)
	  Index Cond: (id = 3948789)

table 6 : explain SELECT c FROM sbtest6 WHERE id=6512821
	Index Scan using sbtest6_pkey on sbtest6  (cost=0.43..8.45 rows=1 width=121)
	  Index Cond: (id = 6512821)

table 7 : explain SELECT c FROM sbtest7 WHERE id=6594763
	Index Scan using sbtest7_pkey on sbtest7  (cost=0.43..8.45 rows=1 width=121)
	  Index Cond: (id = 6594763)

table 8 : explain SELECT c FROM sbtest8 WHERE id=5095936
	Index Scan using sbtest8_pkey on sbtest8  (cost=0.43..8.45 rows=1 width=121)
	  Index Cond: (id = 5095936)

for point_selects
table 1 : explain SELECT c FROM sbtest1 WHERE id=7786596
	Index Scan using sbtest1_pkey on sbtest1  (cost=0.43..8.45 rows=1 width=121)
	  Index Cond: (id = 7786596)

table 2 : explain SELECT c FROM sbtest2 WHERE id=1326835
	Index Scan using sbtest2_pkey on sbtest2  (cost=0.43..8.45 rows=1 width=121)
	  Index Cond: (id = 1326835)

table 3 : explain SELECT c FROM sbtest3 WHERE id=4569572
	Index Scan using sbtest3_pkey on sbtest3  (cost=0.43..8.45 rows=1 width=121)
	  Index Cond: (id = 4569572)

table 4 : explain SELECT c FROM sbtest4 WHERE id=3745113
	Index Scan using sbtest4_pkey on sbtest4  (cost=0.43..8.45 rows=1 width=121)
	  Index Cond: (id = 3745113)

table 5 : explain SELECT c FROM sbtest5 WHERE id=5497126
	Index Scan using sbtest5_pkey on sbtest5  (cost=0.43..8.45 rows=1 width=121)
	  Index Cond: (id = 5497126)

table 6 : explain SELECT c FROM sbtest6 WHERE id=460465
	Index Scan using sbtest6_pkey on sbtest6  (cost=0.43..8.45 rows=1 width=121)
	  Index Cond: (id = 460465)

table 7 : explain SELECT c FROM sbtest7 WHERE id=631120
	Index Scan using sbtest7_pkey on sbtest7  (cost=0.43..8.45 rows=1 width=121)
	  Index Cond: (id = 631120)

table 8 : explain SELECT c FROM sbtest8 WHERE id=2049237
	Index Scan using sbtest8_pkey on sbtest8  (cost=0.43..8.45 rows=1 width=121)
	  Index Cond: (id = 2049237)

for: sum_ranges
table 1 : explain SELECT SUM(k) FROM sbtest1 WHERE id BETWEEN 6329717 AND 6329816
	Aggregate  (cost=400.50..400.51 rows=1 width=8)
	  ->  Index Scan using sbtest1_pkey on sbtest1  (cost=0.43..400.25 rows=100 width=4)
	        Index Cond: ((id >= 6329717) AND (id <= 6329816))

table 2 : explain SELECT SUM(k) FROM sbtest2 WHERE id BETWEEN 1224500 AND 1224599
	Aggregate  (cost=396.37..396.38 rows=1 width=8)
	  ->  Index Scan using sbtest2_pkey on sbtest2  (cost=0.43..396.13 rows=99 width=4)
	        Index Cond: ((id >= 1224500) AND (id <= 1224599))

table 3 : explain SELECT SUM(k) FROM sbtest3 WHERE id BETWEEN 2774732 AND 2774831
	Aggregate  (cost=392.60..392.61 rows=1 width=8)
	  ->  Index Scan using sbtest3_pkey on sbtest3  (cost=0.43..392.36 rows=98 width=4)
	        Index Cond: ((id >= 2774732) AND (id <= 2774831))

table 4 : explain SELECT SUM(k) FROM sbtest4 WHERE id BETWEEN 7513285 AND 7513384
	Aggregate  (cost=400.08..400.09 rows=1 width=8)
	  ->  Index Scan using sbtest4_pkey on sbtest4  (cost=0.43..399.83 rows=100 width=4)
	        Index Cond: ((id >= 7513285) AND (id <= 7513384))

table 5 : explain SELECT SUM(k) FROM sbtest5 WHERE id BETWEEN 2610001 AND 2610100
	Aggregate  (cost=422.31..422.32 rows=1 width=8)
	  ->  Index Scan using sbtest5_pkey on sbtest5  (cost=0.43..422.04 rows=106 width=4)
	        Index Cond: ((id >= 2610001) AND (id <= 2610100))

table 6 : explain SELECT SUM(k) FROM sbtest6 WHERE id BETWEEN 1476417 AND 1476516
	Aggregate  (cost=399.79..399.80 rows=1 width=8)
	  ->  Index Scan using sbtest6_pkey on sbtest6  (cost=0.43..399.54 rows=100 width=4)
	        Index Cond: ((id >= 1476417) AND (id <= 1476516))

table 7 : explain SELECT SUM(k) FROM sbtest7 WHERE id BETWEEN 8658235 AND 8658334
	Aggregate  (cost=392.69..392.70 rows=1 width=8)
	  ->  Index Scan using sbtest7_pkey on sbtest7  (cost=0.43..392.45 rows=98 width=4)
	        Index Cond: ((id >= 8658235) AND (id <= 8658334))

table 8 : explain SELECT SUM(k) FROM sbtest8 WHERE id BETWEEN 9121230 AND 9121329
	Aggregate  (cost=379.39..379.40 rows=1 width=8)
	  ->  Index Scan using sbtest8_pkey on sbtest8  (cost=0.43..379.15 rows=95 width=4)
	        Index Cond: ((id >= 9121230) AND (id <= 9121329))

for: sum_ranges
table 1 : explain SELECT SUM(k) FROM sbtest1 WHERE id BETWEEN 6067473 AND 6067572
	Aggregate  (cost=424.28..424.29 rows=1 width=8)
	  ->  Index Scan using sbtest1_pkey on sbtest1  (cost=0.43..424.01 rows=106 width=4)
	        Index Cond: ((id >= 6067473) AND (id <= 6067572))

table 2 : explain SELECT SUM(k) FROM sbtest2 WHERE id BETWEEN 918277 AND 918376
	Aggregate  (cost=396.37..396.38 rows=1 width=8)
	  ->  Index Scan using sbtest2_pkey on sbtest2  (cost=0.43..396.13 rows=99 width=4)
	        Index Cond: ((id >= 918277) AND (id <= 918376))

table 3 : explain SELECT SUM(k) FROM sbtest3 WHERE id BETWEEN 2096459 AND 2096558
	Aggregate  (cost=396.56..396.57 rows=1 width=8)
	  ->  Index Scan using sbtest3_pkey on sbtest3  (cost=0.43..396.31 rows=99 width=4)
	        Index Cond: ((id >= 2096459) AND (id <= 2096558))

table 4 : explain SELECT SUM(k) FROM sbtest4 WHERE id BETWEEN 4241989 AND 4242088
	Aggregate  (cost=431.74..431.75 rows=1 width=8)
	  ->  Index Scan using sbtest4_pkey on sbtest4  (cost=0.43..431.47 rows=108 width=4)
	        Index Cond: ((id >= 4241989) AND (id <= 4242088))

table 5 : explain SELECT SUM(k) FROM sbtest5 WHERE id BETWEEN 6442865 AND 6442964
	Aggregate  (cost=430.19..430.20 rows=1 width=8)
	  ->  Index Scan using sbtest5_pkey on sbtest5  (cost=0.43..429.92 rows=108 width=4)
	        Index Cond: ((id >= 6442865) AND (id <= 6442964))

table 6 : explain SELECT SUM(k) FROM sbtest6 WHERE id BETWEEN 275561 AND 275660
	Aggregate  (cost=395.82..395.83 rows=1 width=8)
	  ->  Index Scan using sbtest6_pkey on sbtest6  (cost=0.43..395.57 rows=99 width=4)
	        Index Cond: ((id >= 275561) AND (id <= 275660))

table 7 : explain SELECT SUM(k) FROM sbtest7 WHERE id BETWEEN 2276060 AND 2276159
	Aggregate  (cost=416.47..416.48 rows=1 width=8)
	  ->  Index Scan using sbtest7_pkey on sbtest7  (cost=0.43..416.21 rows=104 width=4)
	        Index Cond: ((id >= 2276060) AND (id <= 2276159))

table 8 : explain SELECT SUM(k) FROM sbtest8 WHERE id BETWEEN 7699764 AND 7699863
	Aggregate  (cost=438.60..438.61 rows=1 width=8)
	  ->  Index Scan using sbtest8_pkey on sbtest8  (cost=0.43..438.32 rows=110 width=4)
	        Index Cond: ((id >= 7699764) AND (id <= 7699863))
for: simple_ranges
table 1 : explain SELECT c FROM sbtest1 WHERE id BETWEEN 2932992 AND 2933091
	Index Scan using sbtest1_pkey on sbtest1  (cost=0.43..400.25 rows=100 width=121)
	  Index Cond: ((id >= 2932992) AND (id <= 2933091))

table 2 : explain SELECT c FROM sbtest2 WHERE id BETWEEN 9445246 AND 9445345
	Index Scan using sbtest2_pkey on sbtest2  (cost=0.43..396.13 rows=99 width=121)
	  Index Cond: ((id >= 9445246) AND (id <= 9445345))

table 3 : explain SELECT c FROM sbtest3 WHERE id BETWEEN 5320092 AND 5320191
	Index Scan using sbtest3_pkey on sbtest3  (cost=0.43..380.48 rows=95 width=121)
	  Index Cond: ((id >= 5320092) AND (id <= 5320191))

table 4 : explain SELECT c FROM sbtest4 WHERE id BETWEEN 6747155 AND 6747254
	Index Scan using sbtest4_pkey on sbtest4  (cost=0.43..399.83 rows=100 width=121)
	  Index Cond: ((id >= 6747155) AND (id <= 6747254))

table 5 : explain SELECT c FROM sbtest5 WHERE id BETWEEN 3053953 AND 3054052
	Index Scan using sbtest5_pkey on sbtest5  (cost=0.43..394.47 rows=99 width=121)
	  Index Cond: ((id >= 3053953) AND (id <= 3054052))

table 6 : explain SELECT c FROM sbtest6 WHERE id BETWEEN 4580552 AND 4580651
	Index Scan using sbtest6_pkey on sbtest6  (cost=0.43..427.19 rows=107 width=121)
	  Index Cond: ((id >= 4580552) AND (id <= 4580651))

table 7 : explain SELECT c FROM sbtest7 WHERE id BETWEEN 5684713 AND 5684812
	Index Scan using sbtest7_pkey on sbtest7  (cost=0.43..420.17 rows=105 width=121)
	  Index Cond: ((id >= 5684713) AND (id <= 5684812))

table 8 : explain SELECT c FROM sbtest8 WHERE id BETWEEN 3825768 AND 3825867
	Index Scan using sbtest8_pkey on sbtest8  (cost=0.43..430.43 rows=108 width=121)
	  Index Cond: ((id >= 3825768) AND (id <= 3825867))


for: sum_ranges
table 1 : explain SELECT SUM(k) FROM sbtest1 WHERE id BETWEEN 2751979 AND 2752078
	Aggregate  (cost=404.48..404.49 rows=1 width=8)
	  ->  Index Scan using sbtest1_pkey on sbtest1  (cost=0.43..404.22 rows=101 width=4)
	        Index Cond: ((id >= 2751979) AND (id <= 2752078))

table 2 : explain SELECT SUM(k) FROM sbtest2 WHERE id BETWEEN 626089 AND 626188
	Aggregate  (cost=396.37..396.38 rows=1 width=8)
	  ->  Index Scan using sbtest2_pkey on sbtest2  (cost=0.43..396.13 rows=99 width=4)
	        Index Cond: ((id >= 626089) AND (id <= 626188))

table 3 : explain SELECT SUM(k) FROM sbtest3 WHERE id BETWEEN 6124391 AND 6124490
	Aggregate  (cost=412.42..412.43 rows=1 width=8)
	  ->  Index Scan using sbtest3_pkey on sbtest3  (cost=0.43..412.16 rows=103 width=4)
	        Index Cond: ((id >= 6124391) AND (id <= 6124490))

table 4 : explain SELECT SUM(k) FROM sbtest4 WHERE id BETWEEN 3442424 AND 3442523
	Aggregate  (cost=348.66..348.67 rows=1 width=8)
	  ->  Index Scan using sbtest4_pkey on sbtest4  (cost=0.43..348.44 rows=87 width=4)
	        Index Cond: ((id >= 3442424) AND (id <= 3442523))

table 5 : explain SELECT SUM(k) FROM sbtest5 WHERE id BETWEEN 3466754 AND 3466853
	Aggregate  (cost=398.66..398.67 rows=1 width=8)
	  ->  Index Scan using sbtest5_pkey on sbtest5  (cost=0.43..398.41 rows=100 width=4)
	        Index Cond: ((id >= 3466754) AND (id <= 3466853))

table 6 : explain SELECT SUM(k) FROM sbtest6 WHERE id BETWEEN 8658644 AND 8658743
	Aggregate  (cost=407.70..407.71 rows=1 width=8)
	  ->  Index Scan using sbtest6_pkey on sbtest6  (cost=0.43..407.44 rows=102 width=4)
	        Index Cond: ((id >= 8658644) AND (id <= 8658743))

table 7 : explain SELECT SUM(k) FROM sbtest7 WHERE id BETWEEN 646520 AND 646619
	Aggregate  (cost=372.89..372.90 rows=1 width=8)
	  ->  Index Scan using sbtest7_pkey on sbtest7  (cost=0.43..372.65 rows=93 width=4)
	        Index Cond: ((id >= 646520) AND (id <= 646619))

table 8 : explain SELECT SUM(k) FROM sbtest8 WHERE id BETWEEN 7003206 AND 7003305
	Aggregate  (cost=403.08..403.09 rows=1 width=8)
	  ->  Index Scan using sbtest8_pkey on sbtest8  (cost=0.43..402.83 rows=101 width=4)
	        Index Cond: ((id >= 7003206) AND (id <= 7003305))

for: simple_ranges
table 1 : explain SELECT c FROM sbtest1 WHERE id BETWEEN 5489019 AND 5489118
	Index Scan using sbtest1_pkey on sbtest1  (cost=0.43..408.18 rows=102 width=121)
	  Index Cond: ((id >= 5489019) AND (id <= 5489118))

table 2 : explain SELECT c FROM sbtest2 WHERE id BETWEEN 9983931 AND 9984030
	Index Scan using sbtest2_pkey on sbtest2  (cost=0.43..376.35 rows=94 width=121)
	  Index Cond: ((id >= 9983931) AND (id <= 9984030))

table 3 : explain SELECT c FROM sbtest3 WHERE id BETWEEN 2135191 AND 2135290
	Index Scan using sbtest3_pkey on sbtest3  (cost=0.43..396.31 rows=99 width=121)
	  Index Cond: ((id >= 2135191) AND (id <= 2135290))

table 4 : explain SELECT c FROM sbtest4 WHERE id BETWEEN 5362100 AND 5362199
	Index Scan using sbtest4_pkey on sbtest4  (cost=0.43..391.93 rows=98 width=121)
	  Index Cond: ((id >= 5362100) AND (id <= 5362199))

table 5 : explain SELECT c FROM sbtest5 WHERE id BETWEEN 9916217 AND 9916316
	Index Scan using sbtest5_pkey on sbtest5  (cost=0.43..370.82 rows=93 width=121)
	  Index Cond: ((id >= 9916217) AND (id <= 9916316))

table 6 : explain SELECT c FROM sbtest6 WHERE id BETWEEN 7085546 AND 7085645
	Index Scan using sbtest6_pkey on sbtest6  (cost=0.43..387.67 rows=97 width=121)
	  Index Cond: ((id >= 7085546) AND (id <= 7085645))

table 7 : explain SELECT c FROM sbtest7 WHERE id BETWEEN 9542302 AND 9542401
	Index Scan using sbtest7_pkey on sbtest7  (cost=0.43..455.79 rows=114 width=121)
	  Index Cond: ((id >= 9542302) AND (id <= 9542401))

table 8 : explain SELECT c FROM sbtest8 WHERE id BETWEEN 4940598 AND 4940697
	Index Scan using sbtest8_pkey on sbtest8  (cost=0.43..414.66 rows=104 width=121)
	  Index Cond: ((id >= 4940598) AND (id <= 4940697))

for: sum_ranges
table 1 : explain SELECT SUM(k) FROM sbtest1 WHERE id BETWEEN 5356089 AND 5356188
	Aggregate  (cost=416.36..416.37 rows=1 width=8)
	  ->  Index Scan using sbtest1_pkey on sbtest1  (cost=0.43..416.10 rows=104 width=4)
	        Index Cond: ((id >= 5356089) AND (id <= 5356188))

table 2 : explain SELECT SUM(k) FROM sbtest2 WHERE id BETWEEN 1157461 AND 1157560
	Aggregate  (cost=384.50..384.51 rows=1 width=8)
	  ->  Index Scan using sbtest2_pkey on sbtest2  (cost=0.43..384.26 rows=96 width=4)
	        Index Cond: ((id >= 1157461) AND (id <= 1157560))

table 3 : explain SELECT SUM(k) FROM sbtest3 WHERE id BETWEEN 906742 AND 906841
	Aggregate  (cost=408.46..408.47 rows=1 width=8)
	  ->  Index Scan using sbtest3_pkey on sbtest3  (cost=0.43..408.20 rows=102 width=4)
	        Index Cond: ((id >= 906742) AND (id <= 906841))

table 4 : explain SELECT SUM(k) FROM sbtest4 WHERE id BETWEEN 1350203 AND 1350302
	Aggregate  (cost=360.53..360.54 rows=1 width=8)
	  ->  Index Scan using sbtest4_pkey on sbtest4  (cost=0.43..360.30 rows=90 width=4)
	        Index Cond: ((id >= 1350203) AND (id <= 1350302))

table 5 : explain SELECT SUM(k) FROM sbtest5 WHERE id BETWEEN 6085178 AND 6085277
	Aggregate  (cost=371.05..371.06 rows=1 width=8)
	  ->  Index Scan using sbtest5_pkey on sbtest5  (cost=0.43..370.82 rows=93 width=4)
	        Index Cond: ((id >= 6085178) AND (id <= 6085277))

table 6 : explain SELECT SUM(k) FROM sbtest6 WHERE id BETWEEN 1857958 AND 1858057
	Aggregate  (cost=435.36..435.37 rows=1 width=8)
	  ->  Index Scan using sbtest6_pkey on sbtest6  (cost=0.43..435.09 rows=109 width=4)
	        Index Cond: ((id >= 1857958) AND (id <= 1858057))

table 7 : explain SELECT SUM(k) FROM sbtest7 WHERE id BETWEEN 375317 AND 375416
	Aggregate  (cost=400.63..400.64 rows=1 width=8)
	  ->  Index Scan using sbtest7_pkey on sbtest7  (cost=0.43..400.38 rows=100 width=4)
	        Index Cond: ((id >= 375317) AND (id <= 375416))

table 8 : explain SELECT SUM(k) FROM sbtest8 WHERE id BETWEEN 3181618 AND 3181717
	Aggregate  (cost=391.23..391.24 rows=1 width=8)
	  ->  Index Scan using sbtest8_pkey on sbtest8  (cost=0.43..390.98 rows=98 width=4)
	        Index Cond: ((id >= 3181618) AND (id <= 3181717))

for: sum_ranges
table 1 : explain SELECT SUM(k) FROM sbtest1 WHERE id BETWEEN 7657271 AND 7657370
	Aggregate  (cost=384.66..384.67 rows=1 width=8)
	  ->  Index Scan using sbtest1_pkey on sbtest1  (cost=0.43..384.42 rows=96 width=4)
	        Index Cond: ((id >= 7657271) AND (id <= 7657370))

table 2 : explain SELECT SUM(k) FROM sbtest2 WHERE id BETWEEN 5628943 AND 5629042
	Aggregate  (cost=376.58..376.59 rows=1 width=8)
	  ->  Index Scan using sbtest2_pkey on sbtest2  (cost=0.43..376.35 rows=94 width=4)
	        Index Cond: ((id >= 5628943) AND (id <= 5629042))

table 3 : explain SELECT SUM(k) FROM sbtest3 WHERE id BETWEEN 8381510 AND 8381609
	Aggregate  (cost=392.60..392.61 rows=1 width=8)
	  ->  Index Scan using sbtest3_pkey on sbtest3  (cost=0.43..392.36 rows=98 width=4)
	        Index Cond: ((id >= 8381510) AND (id <= 8381609))

table 4 : explain SELECT SUM(k) FROM sbtest4 WHERE id BETWEEN 4818643 AND 4818742
	Aggregate  (cost=368.44..368.45 rows=1 width=8)
	  ->  Index Scan using sbtest4_pkey on sbtest4  (cost=0.43..368.21 rows=92 width=4)
	        Index Cond: ((id >= 4818643) AND (id <= 4818742))

table 5 : explain SELECT SUM(k) FROM sbtest5 WHERE id BETWEEN 9599920 AND 9600019
	Aggregate  (cost=371.05..371.06 rows=1 width=8)
	  ->  Index Scan using sbtest5_pkey on sbtest5  (cost=0.43..370.82 rows=93 width=4)
	        Index Cond: ((id >= 9599920) AND (id <= 9600019))

table 6 : explain SELECT SUM(k) FROM sbtest6 WHERE id BETWEEN 129445 AND 129544
	Aggregate  (cost=419.55..419.56 rows=1 width=8)
	  ->  Index Scan using sbtest6_pkey on sbtest6  (cost=0.43..419.29 rows=105 width=4)
	        Index Cond: ((id >= 129445) AND (id <= 129544))

table 7 : explain SELECT SUM(k) FROM sbtest7 WHERE id BETWEEN 1482410 AND 1482509
	Aggregate  (cost=388.73..388.74 rows=1 width=8)
	  ->  Index Scan using sbtest7_pkey on sbtest7  (cost=0.43..388.49 rows=97 width=4)
	        Index Cond: ((id >= 1482410) AND (id <= 1482509))

table 8 : explain SELECT SUM(k) FROM sbtest8 WHERE id BETWEEN 1473730 AND 1473829
	Aggregate  (cost=430.70..430.71 rows=1 width=8)
	  ->  Index Scan using sbtest8_pkey on sbtest8  (cost=0.43..430.43 rows=108 width=4)
	        Index Cond: ((id >= 1473730) AND (id <= 1473829))

for: simple_ranges
table 1 : explain SELECT c FROM sbtest1 WHERE id BETWEEN 6870428 AND 6870527
	Index Scan using sbtest1_pkey on sbtest1  (cost=0.43..356.72 rows=89 width=121)
	  Index Cond: ((id >= 6870428) AND (id <= 6870527))

table 2 : explain SELECT c FROM sbtest2 WHERE id BETWEEN 8249190 AND 8249289
	Index Scan using sbtest2_pkey on sbtest2  (cost=0.43..423.83 rows=106 width=121)
	  Index Cond: ((id >= 8249190) AND (id <= 8249289))

table 3 : explain SELECT c FROM sbtest3 WHERE id BETWEEN 8763502 AND 8763601
	Index Scan using sbtest3_pkey on sbtest3  (cost=0.43..404.24 rows=101 width=121)
	  Index Cond: ((id >= 8763502) AND (id <= 8763601))

table 4 : explain SELECT c FROM sbtest4 WHERE id BETWEEN 3795514 AND 3795613
	Index Scan using sbtest4_pkey on sbtest4  (cost=0.43..407.75 rows=102 width=121)
	  Index Cond: ((id >= 3795514) AND (id <= 3795613))

table 5 : explain SELECT c FROM sbtest5 WHERE id BETWEEN 5826380 AND 5826479
	Index Scan using sbtest5_pkey on sbtest5  (cost=0.43..394.45 rows=99 width=121)
	  Index Cond: ((id >= 5826380) AND (id <= 5826479))

table 6 : explain SELECT c FROM sbtest6 WHERE id BETWEEN 4021914 AND 4022013
	Index Scan using sbtest6_pkey on sbtest6  (cost=0.43..391.62 rows=98 width=121)
	  Index Cond: ((id >= 4021914) AND (id <= 4022013))

table 7 : explain SELECT c FROM sbtest7 WHERE id BETWEEN 4168720 AND 4168819
	Index Scan using sbtest7_pkey on sbtest7  (cost=0.43..380.57 rows=95 width=121)
	  Index Cond: ((id >= 4168720) AND (id <= 4168819))

table 8 : explain SELECT c FROM sbtest8 WHERE id BETWEEN 1293022 AND 1293121
	Index Scan using sbtest8_pkey on sbtest8  (cost=0.43..394.95 rows=99 width=121)
	  Index Cond: ((id >= 1293022) AND (id <= 1293121))

for: sum_ranges
table 1 : explain SELECT SUM(k) FROM sbtest1 WHERE id BETWEEN 9716950 AND 9717049
	Aggregate  (cost=372.78..372.79 rows=1 width=8)
	  ->  Index Scan using sbtest1_pkey on sbtest1  (cost=0.43..372.55 rows=93 width=4)
	        Index Cond: ((id >= 9716950) AND (id <= 9717049))

table 2 : explain SELECT SUM(k) FROM sbtest2 WHERE id BETWEEN 5927229 AND 5927328
	Aggregate  (cost=392.42..392.43 rows=1 width=8)
	  ->  Index Scan using sbtest2_pkey on sbtest2  (cost=0.43..392.17 rows=98 width=4)
	        Index Cond: ((id >= 5927229) AND (id <= 5927328))

table 3 : explain SELECT SUM(k) FROM sbtest3 WHERE id BETWEEN 9702642 AND 9702741
	Aggregate  (cost=380.72..380.73 rows=1 width=8)
	  ->  Index Scan using sbtest3_pkey on sbtest3  (cost=0.43..380.48 rows=95 width=4)
	        Index Cond: ((id >= 9702642) AND (id <= 9702741))

table 4 : explain SELECT SUM(k) FROM sbtest4 WHERE id BETWEEN 3261542 AND 3261641
	Aggregate  (cost=408.01..408.02 rows=1 width=8)
	  ->  Index Scan using sbtest4_pkey on sbtest4  (cost=0.43..407.75 rows=102 width=4)
	        Index Cond: ((id >= 3261542) AND (id <= 3261641))

table 5 : explain SELECT SUM(k) FROM sbtest5 WHERE id BETWEEN 3756855 AND 3756954
	Aggregate  (cost=390.76..390.77 rows=1 width=8)
	  ->  Index Scan using sbtest5_pkey on sbtest5  (cost=0.43..390.51 rows=98 width=4)
	        Index Cond: ((id >= 3756855) AND (id <= 3756954))

table 6 : explain SELECT SUM(k) FROM sbtest6 WHERE id BETWEEN 7502426 AND 7502525
	Aggregate  (cost=407.70..407.71 rows=1 width=8)
	  ->  Index Scan using sbtest6_pkey on sbtest6  (cost=0.43..407.44 rows=102 width=4)
	        Index Cond: ((id >= 7502426) AND (id <= 7502525))

table 7 : explain SELECT SUM(k) FROM sbtest7 WHERE id BETWEEN 4801628 AND 4801727
	Aggregate  (cost=368.93..368.94 rows=1 width=8)
	  ->  Index Scan using sbtest7_pkey on sbtest7  (cost=0.43..368.70 rows=92 width=4)
	        Index Cond: ((id >= 4801628) AND (id <= 4801727))

table 8 : explain SELECT SUM(k) FROM sbtest8 WHERE id BETWEEN 9379225 AND 9379324
	Aggregate  (cost=407.03..407.04 rows=1 width=8)
	  ->  Index Scan using sbtest8_pkey on sbtest8  (cost=0.43..406.78 rows=102 width=4)
	        Index Cond: ((id >= 9379225) AND (id <= 9379324))

for: sum_ranges
table 1 : explain SELECT SUM(k) FROM sbtest1 WHERE id BETWEEN 438412 AND 438511
	Aggregate  (cost=388.62..388.63 rows=1 width=8)
	  ->  Index Scan using sbtest1_pkey on sbtest1  (cost=0.43..388.38 rows=97 width=4)
	        Index Cond: ((id >= 438412) AND (id <= 438511))

table 2 : explain SELECT SUM(k) FROM sbtest2 WHERE id BETWEEN 7972156 AND 7972255
	Aggregate  (cost=400.33..400.34 rows=1 width=8)
	  ->  Index Scan using sbtest2_pkey on sbtest2  (cost=0.43..400.08 rows=100 width=4)
	        Index Cond: ((id >= 7972156) AND (id <= 7972255))

table 3 : explain SELECT SUM(k) FROM sbtest3 WHERE id BETWEEN 5843125 AND 5843224
	Aggregate  (cost=412.42..412.43 rows=1 width=8)
	  ->  Index Scan using sbtest3_pkey on sbtest3  (cost=0.43..412.16 rows=103 width=4)
	        Index Cond: ((id >= 5843125) AND (id <= 5843224))

table 4 : explain SELECT SUM(k) FROM sbtest4 WHERE id BETWEEN 6537270 AND 6537369
	Aggregate  (cost=364.48..364.49 rows=1 width=8)
	  ->  Index Scan using sbtest4_pkey on sbtest4  (cost=0.43..364.25 rows=91 width=4)
	        Index Cond: ((id >= 6537270) AND (id <= 6537369))

table 5 : explain SELECT SUM(k) FROM sbtest5 WHERE id BETWEEN 120508 AND 120607
	Aggregate  (cost=406.54..406.55 rows=1 width=8)
	  ->  Index Scan using sbtest5_pkey on sbtest5  (cost=0.43..406.29 rows=102 width=4)
	        Index Cond: ((id >= 120508) AND (id <= 120607))

table 6 : explain SELECT SUM(k) FROM sbtest6 WHERE id BETWEEN 5458481 AND 5458580
	Aggregate  (cost=391.87..391.88 rows=1 width=8)
	  ->  Index Scan using sbtest6_pkey on sbtest6  (cost=0.43..391.62 rows=98 width=4)
	        Index Cond: ((id >= 5458481) AND (id <= 5458580))

table 7 : explain SELECT SUM(k) FROM sbtest7 WHERE id BETWEEN 3208486 AND 3208585
	Aggregate  (cost=368.93..368.94 rows=1 width=8)
	  ->  Index Scan using sbtest7_pkey on sbtest7  (cost=0.43..368.70 rows=92 width=4)
	        Index Cond: ((id >= 3208486) AND (id <= 3208585))

table 8 : explain SELECT SUM(k) FROM sbtest8 WHERE id BETWEEN 3507117 AND 3507216
	Aggregate  (cost=387.28..387.29 rows=1 width=8)
	  ->  Index Scan using sbtest8_pkey on sbtest8  (cost=0.43..387.04 rows=97 width=4)
	        Index Cond: ((id >= 3507117) AND (id <= 3507216))
for: sum_ranges
table 1 : explain SELECT SUM(k) FROM sbtest1 WHERE id BETWEEN 1675271 AND 1675370
	Aggregate  (cost=392.58..392.59 rows=1 width=8)
	  ->  Index Scan using sbtest1_pkey on sbtest1  (cost=0.43..392.34 rows=98 width=4)
	        Index Cond: ((id >= 1675271) AND (id <= 1675370))

table 2 : explain SELECT SUM(k) FROM sbtest2 WHERE id BETWEEN 5465859 AND 5465958
	Aggregate  (cost=364.71..364.72 rows=1 width=8)
	  ->  Index Scan using sbtest2_pkey on sbtest2  (cost=0.43..364.48 rows=91 width=4)
	        Index Cond: ((id >= 5465859) AND (id <= 5465958))

table 3 : explain SELECT SUM(k) FROM sbtest3 WHERE id BETWEEN 9001712 AND 9001811
	Aggregate  (cost=412.42..412.43 rows=1 width=8)
	  ->  Index Scan using sbtest3_pkey on sbtest3  (cost=0.43..412.16 rows=103 width=4)
	        Index Cond: ((id >= 9001712) AND (id <= 9001811))

table 4 : explain SELECT SUM(k) FROM sbtest4 WHERE id BETWEEN 7339419 AND 7339518
	Aggregate  (cost=411.96..411.97 rows=1 width=8)
	  ->  Index Scan using sbtest4_pkey on sbtest4  (cost=0.43..411.71 rows=103 width=4)
	        Index Cond: ((id >= 7339419) AND (id <= 7339518))

table 5 : explain SELECT SUM(k) FROM sbtest5 WHERE id BETWEEN 1071266 AND 1071365
	Aggregate  (cost=438.07..438.08 rows=1 width=8)
	  ->  Index Scan using sbtest5_pkey on sbtest5  (cost=0.43..437.79 rows=110 width=4)
	        Index Cond: ((id >= 1071266) AND (id <= 1071365))

table 6 : explain SELECT SUM(k) FROM sbtest6 WHERE id BETWEEN 1459909 AND 1460008
	Aggregate  (cost=399.79..399.80 rows=1 width=8)
	  ->  Index Scan using sbtest6_pkey on sbtest6  (cost=0.43..399.54 rows=100 width=4)
	        Index Cond: ((id >= 1459909) AND (id <= 1460008))

table 7 : explain SELECT SUM(k) FROM sbtest7 WHERE id BETWEEN 2262318 AND 2262417
	Aggregate  (cost=416.47..416.48 rows=1 width=8)
	  ->  Index Scan using sbtest7_pkey on sbtest7  (cost=0.43..416.21 rows=104 width=4)
	        Index Cond: ((id >= 2262318) AND (id <= 2262417))

table 8 : explain SELECT SUM(k) FROM sbtest8 WHERE id BETWEEN 6692939 AND 6693038
	Aggregate  (cost=391.23..391.24 rows=1 width=8)
	  ->  Index Scan using sbtest8_pkey on sbtest8  (cost=0.43..390.98 rows=98 width=4)
	        Index Cond: ((id >= 6692939) AND (id <= 6693038))

for point_selects
table 1 : explain SELECT c FROM sbtest1 WHERE id=4163337
	Index Scan using sbtest1_pkey on sbtest1  (cost=0.43..8.45 rows=1 width=121)
	  Index Cond: (id = 4163337)

table 2 : explain SELECT c FROM sbtest2 WHERE id=7132423
	Index Scan using sbtest2_pkey on sbtest2  (cost=0.43..8.45 rows=1 width=121)
	  Index Cond: (id = 7132423)

table 3 : explain SELECT c FROM sbtest3 WHERE id=2264235
	Index Scan using sbtest3_pkey on sbtest3  (cost=0.43..8.45 rows=1 width=121)
	  Index Cond: (id = 2264235)

table 4 : explain SELECT c FROM sbtest4 WHERE id=2751546
	Index Scan using sbtest4_pkey on sbtest4  (cost=0.43..8.45 rows=1 width=121)
	  Index Cond: (id = 2751546)

table 5 : explain SELECT c FROM sbtest5 WHERE id=963787
	Index Scan using sbtest5_pkey on sbtest5  (cost=0.43..8.45 rows=1 width=121)
	  Index Cond: (id = 963787)

table 6 : explain SELECT c FROM sbtest6 WHERE id=6336801
	Index Scan using sbtest6_pkey on sbtest6  (cost=0.43..8.45 rows=1 width=121)
	  Index Cond: (id = 6336801)

table 7 : explain SELECT c FROM sbtest7 WHERE id=489569
	Index Scan using sbtest7_pkey on sbtest7  (cost=0.43..8.45 rows=1 width=121)
	  Index Cond: (id = 489569)

table 8 : explain SELECT c FROM sbtest8 WHERE id=6071940
	Index Scan using sbtest8_pkey on sbtest8  (cost=0.43..8.45 rows=1 width=121)
	  Index Cond: (id = 6071940)

for: sum_ranges
table 1 : explain SELECT SUM(k) FROM sbtest1 WHERE id BETWEEN 4908815 AND 4908914
	Aggregate  (cost=392.58..392.59 rows=1 width=8)
	  ->  Index Scan using sbtest1_pkey on sbtest1  (cost=0.43..392.34 rows=98 width=4)
	        Index Cond: ((id >= 4908815) AND (id <= 4908914))

table 2 : explain SELECT SUM(k) FROM sbtest2 WHERE id BETWEEN 2359002 AND 2359101
	Aggregate  (cost=356.79..356.80 rows=1 width=8)
	  ->  Index Scan using sbtest2_pkey on sbtest2  (cost=0.43..356.57 rows=89 width=4)
	        Index Cond: ((id >= 2359002) AND (id <= 2359101))

table 3 : explain SELECT SUM(k) FROM sbtest3 WHERE id BETWEEN 8917262 AND 8917361
	Aggregate  (cost=448.06..448.07 rows=1 width=8)
	  ->  Index Scan using sbtest3_pkey on sbtest3  (cost=0.43..447.78 rows=112 width=4)
	        Index Cond: ((id >= 8917262) AND (id <= 8917361))

table 4 : explain SELECT SUM(k) FROM sbtest4 WHERE id BETWEEN 9041906 AND 9042005
	Aggregate  (cost=404.05..404.06 rows=1 width=8)
	  ->  Index Scan using sbtest4_pkey on sbtest4  (cost=0.43..403.80 rows=101 width=4)
	        Index Cond: ((id >= 9041906) AND (id <= 9042005))

table 5 : explain SELECT SUM(k) FROM sbtest5 WHERE id BETWEEN 7220929 AND 7221028
	Aggregate  (cost=426.25..426.26 rows=1 width=8)
	  ->  Index Scan using sbtest5_pkey on sbtest5  (cost=0.43..425.98 rows=107 width=4)
	        Index Cond: ((id >= 7220929) AND (id <= 7221028))

table 6 : explain SELECT SUM(k) FROM sbtest6 WHERE id BETWEEN 8552120 AND 8552219
	Aggregate  (cost=395.82..395.83 rows=1 width=8)
	  ->  Index Scan using sbtest6_pkey on sbtest6  (cost=0.43..395.57 rows=99 width=4)
	        Index Cond: ((id >= 8552120) AND (id <= 8552219))

table 7 : explain SELECT SUM(k) FROM sbtest7 WHERE id BETWEEN 7422579 AND 7422678
	Aggregate  (cost=456.08..456.09 rows=1 width=8)
	  ->  Index Scan using sbtest7_pkey on sbtest7  (cost=0.43..455.79 rows=114 width=4)
	        Index Cond: ((id >= 7422579) AND (id <= 7422678))

table 8 : explain SELECT SUM(k) FROM sbtest8 WHERE id BETWEEN 2233352 AND 2233451
	Aggregate  (cost=414.92..414.93 rows=1 width=8)
	  ->  Index Scan using sbtest8_pkey on sbtest8  (cost=0.43..414.66 rows=104 width=4)
	        Index Cond: ((id >= 2233352) AND (id <= 2233451))

for: simple_ranges
table 1 : explain SELECT c FROM sbtest1 WHERE id BETWEEN 3158068 AND 3158167
	Index Scan using sbtest1_pkey on sbtest1  (cost=0.43..396.29 rows=99 width=121)
	  Index Cond: ((id >= 3158068) AND (id <= 3158167))

table 2 : explain SELECT c FROM sbtest2 WHERE id BETWEEN 1882145 AND 1882244
	Index Scan using sbtest2_pkey on sbtest2  (cost=0.43..372.39 rows=93 width=121)
	  Index Cond: ((id >= 1882145) AND (id <= 1882244))

table 3 : explain SELECT c FROM sbtest3 WHERE id BETWEEN 7201287 AND 7201386
	Index Scan using sbtest3_pkey on sbtest3  (cost=0.43..400.27 rows=100 width=121)
	  Index Cond: ((id >= 7201287) AND (id <= 7201386))

table 4 : explain SELECT c FROM sbtest4 WHERE id BETWEEN 5125767 AND 5125866
	Index Scan using sbtest4_pkey on sbtest4  (cost=0.43..427.52 rows=107 width=121)
	  Index Cond: ((id >= 5125767) AND (id <= 5125866))

table 5 : explain SELECT c FROM sbtest5 WHERE id BETWEEN 6285676 AND 6285775
	Index Scan using sbtest5_pkey on sbtest5  (cost=0.43..378.70 rows=95 width=121)
	  Index Cond: ((id >= 6285676) AND (id <= 6285775))

table 6 : explain SELECT c FROM sbtest6 WHERE id BETWEEN 1393464 AND 1393563
	Index Scan using sbtest6_pkey on sbtest6  (cost=0.43..399.54 rows=100 width=121)
	  Index Cond: ((id >= 1393464) AND (id <= 1393563))

table 7 : explain SELECT c FROM sbtest7 WHERE id BETWEEN 3907646 AND 3907745
	Index Scan using sbtest7_pkey on sbtest7  (cost=0.43..360.78 rows=90 width=121)
	  Index Cond: ((id >= 3907646) AND (id <= 3907745))

table 8 : explain SELECT c FROM sbtest8 WHERE id BETWEEN 6559277 AND 6559376
	Index Scan using sbtest8_pkey on sbtest8  (cost=0.43..387.04 rows=97 width=121)
	  Index Cond: ((id >= 6559277) AND (id <= 6559376))

for: sum_ranges
table 1 : explain SELECT SUM(k) FROM sbtest1 WHERE id BETWEEN 1336412 AND 1336511
	Aggregate  (cost=384.66..384.67 rows=1 width=8)
	  ->  Index Scan using sbtest1_pkey on sbtest1  (cost=0.43..384.42 rows=96 width=4)
	        Index Cond: ((id >= 1336412) AND (id <= 1336511))

table 2 : explain SELECT SUM(k) FROM sbtest2 WHERE id BETWEEN 2241729 AND 2241828
	Aggregate  (cost=368.67..368.68 rows=1 width=8)
	  ->  Index Scan using sbtest2_pkey on sbtest2  (cost=0.43..368.44 rows=92 width=4)
	        Index Cond: ((id >= 2241729) AND (id <= 2241828))

table 3 : explain SELECT SUM(k) FROM sbtest3 WHERE id BETWEEN 4953311 AND 4953410
	Aggregate  (cost=412.42..412.43 rows=1 width=8)
	  ->  Index Scan using sbtest3_pkey on sbtest3  (cost=0.43..412.16 rows=103 width=4)
	        Index Cond: ((id >= 4953311) AND (id <= 4953410))

table 4 : explain SELECT SUM(k) FROM sbtest4 WHERE id BETWEEN 4629513 AND 4629612
	Aggregate  (cost=392.17..392.18 rows=1 width=8)
	  ->  Index Scan using sbtest4_pkey on sbtest4  (cost=0.43..391.93 rows=98 width=4)
	        Index Cond: ((id >= 4629513) AND (id <= 4629612))

table 5 : explain SELECT SUM(k) FROM sbtest5 WHERE id BETWEEN 5152624 AND 5152723
	Aggregate  (cost=390.76..390.77 rows=1 width=8)
	  ->  Index Scan using sbtest5_pkey on sbtest5  (cost=0.43..390.51 rows=98 width=4)
	        Index Cond: ((id >= 5152624) AND (id <= 5152723))

table 6 : explain SELECT SUM(k) FROM sbtest6 WHERE id BETWEEN 6462896 AND 6462995
	Aggregate  (cost=391.87..391.88 rows=1 width=8)
	  ->  Index Scan using sbtest6_pkey on sbtest6  (cost=0.43..391.62 rows=98 width=4)
	        Index Cond: ((id >= 6462896) AND (id <= 6462995))

table 7 : explain SELECT SUM(k) FROM sbtest7 WHERE id BETWEEN 6582040 AND 6582139
	Aggregate  (cost=404.59..404.60 rows=1 width=8)
	  ->  Index Scan using sbtest7_pkey on sbtest7  (cost=0.43..404.34 rows=101 width=4)
	        Index Cond: ((id >= 6582040) AND (id <= 6582139))

table 8 : explain SELECT SUM(k) FROM sbtest8 WHERE id BETWEEN 9808685 AND 9808784
	Aggregate  (cost=407.03..407.04 rows=1 width=8)
	  ->  Index Scan using sbtest8_pkey on sbtest8  (cost=0.43..406.78 rows=102 width=4)
	        Index Cond: ((id >= 9808685) AND (id <= 9808784))

for: sum_ranges
table 1 : explain SELECT SUM(k) FROM sbtest1 WHERE id BETWEEN 4772451 AND 4772550
	Aggregate  (cost=451.99..452.00 rows=1 width=8)
	  ->  Index Scan using sbtest1_pkey on sbtest1  (cost=0.43..451.71 rows=113 width=4)
	        Index Cond: ((id >= 4772451) AND (id <= 4772550))

table 2 : explain SELECT SUM(k) FROM sbtest2 WHERE id BETWEEN 33169 AND 33268
	Aggregate  (cost=408.26..408.27 rows=1 width=8)
	  ->  Index Scan using sbtest2_pkey on sbtest2  (cost=0.43..408.01 rows=102 width=4)
	        Index Cond: ((id >= 33169) AND (id <= 33268))

table 3 : explain SELECT SUM(k) FROM sbtest3 WHERE id BETWEEN 9110725 AND 9110824
	Aggregate  (cost=408.46..408.47 rows=1 width=8)
	  ->  Index Scan using sbtest3_pkey on sbtest3  (cost=0.43..408.20 rows=102 width=4)
	        Index Cond: ((id >= 9110725) AND (id <= 9110824))

table 4 : explain SELECT SUM(k) FROM sbtest4 WHERE id BETWEEN 5936004 AND 5936103
	Aggregate  (cost=415.92..415.93 rows=1 width=8)
	  ->  Index Scan using sbtest4_pkey on sbtest4  (cost=0.43..415.66 rows=104 width=4)
	        Index Cond: ((id >= 5936004) AND (id <= 5936103))

table 5 : explain SELECT SUM(k) FROM sbtest5 WHERE id BETWEEN 5565105 AND 5565204
	Aggregate  (cost=406.54..406.55 rows=1 width=8)
	  ->  Index Scan using sbtest5_pkey on sbtest5  (cost=0.43..406.29 rows=102 width=4)
	        Index Cond: ((id >= 5565105) AND (id <= 5565204))

table 6 : explain SELECT SUM(k) FROM sbtest6 WHERE id BETWEEN 7004057 AND 7004156
	Aggregate  (cost=391.87..391.88 rows=1 width=8)
	  ->  Index Scan using sbtest6_pkey on sbtest6  (cost=0.43..391.62 rows=98 width=4)
	        Index Cond: ((id >= 7004057) AND (id <= 7004156))

table 7 : explain SELECT SUM(k) FROM sbtest7 WHERE id BETWEEN 3922765 AND 3922864
	Aggregate  (cost=361.00..361.01 rows=1 width=8)
	  ->  Index Scan using sbtest7_pkey on sbtest7  (cost=0.43..360.78 rows=90 width=4)
	        Index Cond: ((id >= 3922765) AND (id <= 3922864))

table 8 : explain SELECT SUM(k) FROM sbtest8 WHERE id BETWEEN 2183225 AND 2183324
	Aggregate  (cost=375.45..375.46 rows=1 width=8)
	  ->  Index Scan using sbtest8_pkey on sbtest8  (cost=0.43..375.21 rows=94 width=4)
	        Index Cond: ((id >= 2183225) AND (id <= 2183324))
for point_selects
table 1 : explain SELECT c FROM sbtest1 WHERE id=3665476
	Index Scan using sbtest1_pkey on sbtest1  (cost=0.43..8.45 rows=1 width=121)
	  Index Cond: (id = 3665476)

table 2 : explain SELECT c FROM sbtest2 WHERE id=5718515
	Index Scan using sbtest2_pkey on sbtest2  (cost=0.43..8.45 rows=1 width=121)
	  Index Cond: (id = 5718515)

table 3 : explain SELECT c FROM sbtest3 WHERE id=3808648
	Index Scan using sbtest3_pkey on sbtest3  (cost=0.43..8.45 rows=1 width=121)
	  Index Cond: (id = 3808648)

table 4 : explain SELECT c FROM sbtest4 WHERE id=8948608
	Index Scan using sbtest4_pkey on sbtest4  (cost=0.43..8.45 rows=1 width=121)
	  Index Cond: (id = 8948608)

table 5 : explain SELECT c FROM sbtest5 WHERE id=6456922
	Index Scan using sbtest5_pkey on sbtest5  (cost=0.43..8.45 rows=1 width=121)
	  Index Cond: (id = 6456922)

table 6 : explain SELECT c FROM sbtest6 WHERE id=7483200
	Index Scan using sbtest6_pkey on sbtest6  (cost=0.43..8.45 rows=1 width=121)
	  Index Cond: (id = 7483200)

table 7 : explain SELECT c FROM sbtest7 WHERE id=9101986
	Index Scan using sbtest7_pkey on sbtest7  (cost=0.43..8.45 rows=1 width=121)
	  Index Cond: (id = 9101986)

table 8 : explain SELECT c FROM sbtest8 WHERE id=3966884
	Index Scan using sbtest8_pkey on sbtest8  (cost=0.43..8.45 rows=1 width=121)
	  Index Cond: (id = 3966884)

for point_selects
table 1 : explain SELECT c FROM sbtest1 WHERE id=7932263
	Index Scan using sbtest1_pkey on sbtest1  (cost=0.43..8.45 rows=1 width=121)
	  Index Cond: (id = 7932263)

table 2 : explain SELECT c FROM sbtest2 WHERE id=4724416
	Index Scan using sbtest2_pkey on sbtest2  (cost=0.43..8.45 rows=1 width=121)
	  Index Cond: (id = 4724416)

table 3 : explain SELECT c FROM sbtest3 WHERE id=3964175
	Index Scan using sbtest3_pkey on sbtest3  (cost=0.43..8.45 rows=1 width=121)
	  Index Cond: (id = 3964175)

table 4 : explain SELECT c FROM sbtest4 WHERE id=3221471
	Index Scan using sbtest4_pkey on sbtest4  (cost=0.43..8.45 rows=1 width=121)
	  Index Cond: (id = 3221471)

table 5 : explain SELECT c FROM sbtest5 WHERE id=7881297
	Index Scan using sbtest5_pkey on sbtest5  (cost=0.43..8.45 rows=1 width=121)
	  Index Cond: (id = 7881297)

table 6 : explain SELECT c FROM sbtest6 WHERE id=9095930
	Index Scan using sbtest6_pkey on sbtest6  (cost=0.43..8.45 rows=1 width=121)
	  Index Cond: (id = 9095930)

table 7 : explain SELECT c FROM sbtest7 WHERE id=431282
	Index Scan using sbtest7_pkey on sbtest7  (cost=0.43..8.45 rows=1 width=121)
	  Index Cond: (id = 431282)

table 8 : explain SELECT c FROM sbtest8 WHERE id=6142328
	Index Scan using sbtest8_pkey on sbtest8  (cost=0.43..8.45 rows=1 width=121)
	  Index Cond: (id = 6142328)

for: sum_ranges
table 1 : explain SELECT SUM(k) FROM sbtest1 WHERE id BETWEEN 6970226 AND 6970325
	Aggregate  (cost=408.44..408.45 rows=1 width=8)
	  ->  Index Scan using sbtest1_pkey on sbtest1  (cost=0.43..408.18 rows=102 width=4)
	        Index Cond: ((id >= 6970226) AND (id <= 6970325))

table 2 : explain SELECT SUM(k) FROM sbtest2 WHERE id BETWEEN 2783191 AND 2783290
	Aggregate  (cost=360.75..360.76 rows=1 width=8)
	  ->  Index Scan using sbtest2_pkey on sbtest2  (cost=0.43..360.53 rows=90 width=4)
	        Index Cond: ((id >= 2783191) AND (id <= 2783290))

table 3 : explain SELECT SUM(k) FROM sbtest3 WHERE id BETWEEN 6795079 AND 6795178
	Aggregate  (cost=333.20..333.21 rows=1 width=8)
	  ->  Index Scan using sbtest3_pkey on sbtest3  (cost=0.43..333.00 rows=83 width=4)
	        Index Cond: ((id >= 6795079) AND (id <= 6795178))

table 4 : explain SELECT SUM(k) FROM sbtest4 WHERE id BETWEEN 7341026 AND 7341125
	Aggregate  (cost=411.96..411.97 rows=1 width=8)
	  ->  Index Scan using sbtest4_pkey on sbtest4  (cost=0.43..411.71 rows=103 width=4)
	        Index Cond: ((id >= 7341026) AND (id <= 7341125))

table 5 : explain SELECT SUM(k) FROM sbtest5 WHERE id BETWEEN 132460 AND 132559
	Aggregate  (cost=406.54..406.55 rows=1 width=8)
	  ->  Index Scan using sbtest5_pkey on sbtest5  (cost=0.43..406.29 rows=102 width=4)
	        Index Cond: ((id >= 132460) AND (id <= 132559))

table 6 : explain SELECT SUM(k) FROM sbtest6 WHERE id BETWEEN 5180155 AND 5180254
	Aggregate  (cost=383.96..383.97 rows=1 width=8)
	  ->  Index Scan using sbtest6_pkey on sbtest6  (cost=0.43..383.72 rows=96 width=4)
	        Index Cond: ((id >= 5180155) AND (id <= 5180254))

table 7 : explain SELECT SUM(k) FROM sbtest7 WHERE id BETWEEN 524394 AND 524493
	Aggregate  (cost=396.67..396.68 rows=1 width=8)
	  ->  Index Scan using sbtest7_pkey on sbtest7  (cost=0.43..396.42 rows=99 width=4)
	        Index Cond: ((id >= 524394) AND (id <= 524493))

table 8 : explain SELECT SUM(k) FROM sbtest8 WHERE id BETWEEN 1377656 AND 1377755
	Aggregate  (cost=391.23..391.24 rows=1 width=8)
	  ->  Index Scan using sbtest8_pkey on sbtest8  (cost=0.43..390.98 rows=98 width=4)
	        Index Cond: ((id >= 1377656) AND (id <= 1377755))


for: sum_ranges
table 1 : explain SELECT SUM(k) FROM sbtest1 WHERE id BETWEEN 3732039 AND 3732138
	Aggregate  (cost=436.15..436.16 rows=1 width=8)
	  ->  Index Scan using sbtest1_pkey on sbtest1  (cost=0.43..435.88 rows=109 width=4)
	        Index Cond: ((id >= 3732039) AND (id <= 3732138))

table 2 : explain SELECT SUM(k) FROM sbtest2 WHERE id BETWEEN 356141 AND 356240
	Aggregate  (cost=416.18..416.19 rows=1 width=8)
	  ->  Index Scan using sbtest2_pkey on sbtest2  (cost=0.43..415.92 rows=104 width=4)
	        Index Cond: ((id >= 356141) AND (id <= 356240))

table 3 : explain SELECT SUM(k) FROM sbtest3 WHERE id BETWEEN 6069942 AND 6070041
	Aggregate  (cost=404.50..404.51 rows=1 width=8)
	  ->  Index Scan using sbtest3_pkey on sbtest3  (cost=0.43..404.24 rows=101 width=4)
	        Index Cond: ((id >= 6069942) AND (id <= 6070041))

table 4 : explain SELECT SUM(k) FROM sbtest4 WHERE id BETWEEN 8976413 AND 8976512
	Aggregate  (cost=423.83..423.84 rows=1 width=8)
	  ->  Index Scan using sbtest4_pkey on sbtest4  (cost=0.43..423.57 rows=106 width=4)
	        Index Cond: ((id >= 8976413) AND (id <= 8976512))

table 5 : explain SELECT SUM(k) FROM sbtest5 WHERE id BETWEEN 3496682 AND 3496781
	Aggregate  (cost=398.66..398.67 rows=1 width=8)
	  ->  Index Scan using sbtest5_pkey on sbtest5  (cost=0.43..398.41 rows=100 width=4)
	        Index Cond: ((id >= 3496682) AND (id <= 3496781))

table 6 : explain SELECT SUM(k) FROM sbtest6 WHERE id BETWEEN 1421638 AND 1421737
	Aggregate  (cost=399.79..399.80 rows=1 width=8)
	  ->  Index Scan using sbtest6_pkey on sbtest6  (cost=0.43..399.54 rows=100 width=4)
	        Index Cond: ((id >= 1421638) AND (id <= 1421737))

table 7 : explain SELECT SUM(k) FROM sbtest7 WHERE id BETWEEN 6443439 AND 6443538
	Aggregate  (cost=428.35..428.36 rows=1 width=8)
	  ->  Index Scan using sbtest7_pkey on sbtest7  (cost=0.43..428.09 rows=107 width=4)
	        Index Cond: ((id >= 6443439) AND (id <= 6443538))

table 8 : explain SELECT SUM(k) FROM sbtest8 WHERE id BETWEEN 5843472 AND 5843571
	Aggregate  (cost=407.03..407.04 rows=1 width=8)
	  ->  Index Scan using sbtest8_pkey on sbtest8  (cost=0.43..406.78 rows=102 width=4)
	        Index Cond: ((id >= 5843472) AND (id <= 5843571))


for: sum_ranges
table 1 : explain SELECT SUM(k) FROM sbtest1 WHERE id BETWEEN 8255103 AND 8255202
	Aggregate  (cost=368.82..368.83 rows=1 width=8)
	  ->  Index Scan using sbtest1_pkey on sbtest1  (cost=0.43..368.59 rows=92 width=4)
	        Index Cond: ((id >= 8255103) AND (id <= 8255202))

table 2 : explain SELECT SUM(k) FROM sbtest2 WHERE id BETWEEN 9235239 AND 9235338
	Aggregate  (cost=428.05..428.06 rows=1 width=8)
	  ->  Index Scan using sbtest2_pkey on sbtest2  (cost=0.43..427.79 rows=107 width=4)
	        Index Cond: ((id >= 9235239) AND (id <= 9235338))

table 3 : explain SELECT SUM(k) FROM sbtest3 WHERE id BETWEEN 2359703 AND 2359802
	Aggregate  (cost=380.72..380.73 rows=1 width=8)
	  ->  Index Scan using sbtest3_pkey on sbtest3  (cost=0.43..380.48 rows=95 width=4)
	        Index Cond: ((id >= 2359703) AND (id <= 2359802))

table 4 : explain SELECT SUM(k) FROM sbtest4 WHERE id BETWEEN 72188 AND 72287
	Aggregate  (cost=372.39..372.40 rows=1 width=8)
	  ->  Index Scan using sbtest4_pkey on sbtest4  (cost=0.43..372.16 rows=93 width=4)
	        Index Cond: ((id >= 72188) AND (id <= 72287))

table 5 : explain SELECT SUM(k) FROM sbtest5 WHERE id BETWEEN 6239929 AND 6240028
	Aggregate  (cost=398.66..398.67 rows=1 width=8)
	  ->  Index Scan using sbtest5_pkey on sbtest5  (cost=0.43..398.41 rows=100 width=4)
	        Index Cond: ((id >= 6239929) AND (id <= 6240028))

table 6 : explain SELECT SUM(k) FROM sbtest6 WHERE id BETWEEN 7831524 AND 7831623
	Aggregate  (cost=451.17..451.18 rows=1 width=8)
	  ->  Index Scan using sbtest6_pkey on sbtest6  (cost=0.43..450.89 rows=113 width=4)
	        Index Cond: ((id >= 7831524) AND (id <= 7831623))

table 7 : explain SELECT SUM(k) FROM sbtest7 WHERE id BETWEEN 7473238 AND 7473337
	Aggregate  (cost=408.55..408.56 rows=1 width=8)
	  ->  Index Scan using sbtest7_pkey on sbtest7  (cost=0.43..408.29 rows=102 width=4)
	        Index Cond: ((id >= 7473238) AND (id <= 7473337))

table 8 : explain SELECT SUM(k) FROM sbtest8 WHERE id BETWEEN 7883273 AND 7883372
	Aggregate  (cost=399.14..399.15 rows=1 width=8)
	  ->  Index Scan using sbtest8_pkey on sbtest8  (cost=0.43..398.89 rows=100 width=4)
	        Index Cond: ((id >= 7883273) AND (id <= 7883372))

for: sum_ranges
table 1 : explain SELECT SUM(k) FROM sbtest1 WHERE id BETWEEN 8204886 AND 8204985
	Aggregate  (cost=368.82..368.83 rows=1 width=8)
	  ->  Index Scan using sbtest1_pkey on sbtest1  (cost=0.43..368.59 rows=92 width=4)
	        Index Cond: ((id >= 8204886) AND (id <= 8204985))

table 2 : explain SELECT SUM(k) FROM sbtest2 WHERE id BETWEEN 2928244 AND 2928343
	Aggregate  (cost=368.67..368.68 rows=1 width=8)
	  ->  Index Scan using sbtest2_pkey on sbtest2  (cost=0.43..368.44 rows=92 width=4)
	        Index Cond: ((id >= 2928244) AND (id <= 2928343))

table 3 : explain SELECT SUM(k) FROM sbtest3 WHERE id BETWEEN 6800966 AND 6801065
	Aggregate  (cost=392.60..392.61 rows=1 width=8)
	  ->  Index Scan using sbtest3_pkey on sbtest3  (cost=0.43..392.36 rows=98 width=4)
	        Index Cond: ((id >= 6800966) AND (id <= 6801065))

table 4 : explain SELECT SUM(k) FROM sbtest4 WHERE id BETWEEN 1066630 AND 1066729
	Aggregate  (cost=404.05..404.06 rows=1 width=8)
	  ->  Index Scan using sbtest4_pkey on sbtest4  (cost=0.43..403.80 rows=101 width=4)
	        Index Cond: ((id >= 1066630) AND (id <= 1066729))

table 5 : explain SELECT SUM(k) FROM sbtest5 WHERE id BETWEEN 2686276 AND 2686375
	Aggregate  (cost=363.17..363.18 rows=1 width=8)
	  ->  Index Scan using sbtest5_pkey on sbtest5  (cost=0.43..362.95 rows=91 width=4)
	        Index Cond: ((id >= 2686276) AND (id <= 2686375))

table 6 : explain SELECT SUM(k) FROM sbtest6 WHERE id BETWEEN 5039166 AND 5039265
	Aggregate  (cost=383.96..383.97 rows=1 width=8)
	  ->  Index Scan using sbtest6_pkey on sbtest6  (cost=0.43..383.72 rows=96 width=4)
	        Index Cond: ((id >= 5039166) AND (id <= 5039265))

table 7 : explain SELECT SUM(k) FROM sbtest7 WHERE id BETWEEN 225882 AND 225981
	Aggregate  (cost=412.51..412.52 rows=1 width=8)
	  ->  Index Scan using sbtest7_pkey on sbtest7  (cost=0.43..412.25 rows=103 width=4)
	        Index Cond: ((id >= 225882) AND (id <= 225981))

table 8 : explain SELECT SUM(k) FROM sbtest8 WHERE id BETWEEN 7871664 AND 7871763
	Aggregate  (cost=399.14..399.15 rows=1 width=8)
	  ->  Index Scan using sbtest8_pkey on sbtest8  (cost=0.43..398.89 rows=100 width=4)
	        Index Cond: ((id >= 7871664) AND (id <= 7871763))

for: sum_ranges
table 1 : explain SELECT SUM(k) FROM sbtest1 WHERE id BETWEEN 3832807 AND 3832906
	Aggregate  (cost=392.58..392.59 rows=1 width=8)
	  ->  Index Scan using sbtest1_pkey on sbtest1  (cost=0.43..392.34 rows=98 width=4)
	        Index Cond: ((id >= 3832807) AND (id <= 3832906))

table 2 : explain SELECT SUM(k) FROM sbtest2 WHERE id BETWEEN 6922841 AND 6922940
	Aggregate  (cost=404.31..404.32 rows=1 width=8)
	  ->  Index Scan using sbtest2_pkey on sbtest2  (cost=0.43..404.05 rows=101 width=4)
	        Index Cond: ((id >= 6922841) AND (id <= 6922940))

table 3 : explain SELECT SUM(k) FROM sbtest3 WHERE id BETWEEN 560988 AND 561087
	Aggregate  (cost=380.72..380.73 rows=1 width=8)
	  ->  Index Scan using sbtest3_pkey on sbtest3  (cost=0.43..380.48 rows=95 width=4)
	        Index Cond: ((id >= 560988) AND (id <= 561087))

table 4 : explain SELECT SUM(k) FROM sbtest4 WHERE id BETWEEN 9776537 AND 9776636
	Aggregate  (cost=404.05..404.06 rows=1 width=8)
	  ->  Index Scan using sbtest4_pkey on sbtest4  (cost=0.43..403.80 rows=101 width=4)
	        Index Cond: ((id >= 9776537) AND (id <= 9776636))

table 5 : explain SELECT SUM(k) FROM sbtest5 WHERE id BETWEEN 9099267 AND 9099366
	Aggregate  (cost=355.29..355.30 rows=1 width=8)
	  ->  Index Scan using sbtest5_pkey on sbtest5  (cost=0.43..355.07 rows=89 width=4)
	        Index Cond: ((id >= 9099267) AND (id <= 9099366))

table 6 : explain SELECT SUM(k) FROM sbtest6 WHERE id BETWEEN 9064489 AND 9064588
	Aggregate  (cost=407.70..407.71 rows=1 width=8)
	  ->  Index Scan using sbtest6_pkey on sbtest6  (cost=0.43..407.44 rows=102 width=4)
	        Index Cond: ((id >= 9064489) AND (id <= 9064588))

table 7 : explain SELECT SUM(k) FROM sbtest7 WHERE id BETWEEN 5034127 AND 5034226
	Aggregate  (cost=388.73..388.74 rows=1 width=8)
	  ->  Index Scan using sbtest7_pkey on sbtest7  (cost=0.43..388.49 rows=97 width=4)
	        Index Cond: ((id >= 5034127) AND (id <= 5034226))

table 8 : explain SELECT SUM(k) FROM sbtest8 WHERE id BETWEEN 6689283 AND 6689382
	Aggregate  (cost=391.23..391.24 rows=1 width=8)
	  ->  Index Scan using sbtest8_pkey on sbtest8  (cost=0.43..390.98 rows=98 width=4)
	        Index Cond: ((id >= 6689283) AND (id <= 6689382))

for point_selects
table 1 : explain SELECT c FROM sbtest1 WHERE id=9978368
	Index Scan using sbtest1_pkey on sbtest1  (cost=0.43..8.45 rows=1 width=121)
	  Index Cond: (id = 9978368)

table 2 : explain SELECT c FROM sbtest2 WHERE id=6067486
	Index Scan using sbtest2_pkey on sbtest2  (cost=0.43..8.45 rows=1 width=121)
	  Index Cond: (id = 6067486)

table 3 : explain SELECT c FROM sbtest3 WHERE id=7585461
	Index Scan using sbtest3_pkey on sbtest3  (cost=0.43..8.45 rows=1 width=121)
	  Index Cond: (id = 7585461)

table 4 : explain SELECT c FROM sbtest4 WHERE id=8867327
	Index Scan using sbtest4_pkey on sbtest4  (cost=0.43..8.45 rows=1 width=121)
	  Index Cond: (id = 8867327)

table 5 : explain SELECT c FROM sbtest5 WHERE id=4670545
	Index Scan using sbtest5_pkey on sbtest5  (cost=0.43..8.45 rows=1 width=121)
	  Index Cond: (id = 4670545)

table 6 : explain SELECT c FROM sbtest6 WHERE id=8796834
	Index Scan using sbtest6_pkey on sbtest6  (cost=0.43..8.45 rows=1 width=121)
	  Index Cond: (id = 8796834)

table 7 : explain SELECT c FROM sbtest7 WHERE id=1568187
	Index Scan using sbtest7_pkey on sbtest7  (cost=0.43..8.45 rows=1 width=121)
	  Index Cond: (id = 1568187)

table 8 : explain SELECT c FROM sbtest8 WHERE id=4276970
	Index Scan using sbtest8_pkey on sbtest8  (cost=0.43..8.45 rows=1 width=121)
	  Index Cond: (id = 4276970)

for point_selects
table 1 : explain SELECT c FROM sbtest1 WHERE id=1506096
	Index Scan using sbtest1_pkey on sbtest1  (cost=0.43..8.45 rows=1 width=121)
	  Index Cond: (id = 1506096)

table 2 : explain SELECT c FROM sbtest2 WHERE id=5150552
	Index Scan using sbtest2_pkey on sbtest2  (cost=0.43..8.45 rows=1 width=121)
	  Index Cond: (id = 5150552)

table 3 : explain SELECT c FROM sbtest3 WHERE id=8002690
	Index Scan using sbtest3_pkey on sbtest3  (cost=0.43..8.45 rows=1 width=121)
	  Index Cond: (id = 8002690)

table 4 : explain SELECT c FROM sbtest4 WHERE id=3388592
	Index Scan using sbtest4_pkey on sbtest4  (cost=0.43..8.45 rows=1 width=121)
	  Index Cond: (id = 3388592)

table 5 : explain SELECT c FROM sbtest5 WHERE id=7244528
	Index Scan using sbtest5_pkey on sbtest5  (cost=0.43..8.45 rows=1 width=121)
	  Index Cond: (id = 7244528)

table 6 : explain SELECT c FROM sbtest6 WHERE id=8693984
	Index Scan using sbtest6_pkey on sbtest6  (cost=0.43..8.45 rows=1 width=121)
	  Index Cond: (id = 8693984)

table 7 : explain SELECT c FROM sbtest7 WHERE id=5575198
	Index Scan using sbtest7_pkey on sbtest7  (cost=0.43..8.45 rows=1 width=121)
	  Index Cond: (id = 5575198)

table 8 : explain SELECT c FROM sbtest8 WHERE id=6193793
	Index Scan using sbtest8_pkey on sbtest8  (cost=0.43..8.45 rows=1 width=121)
	  Index Cond: (id = 6193793)

for: sum_ranges
table 1 : explain SELECT SUM(k) FROM sbtest1 WHERE id BETWEEN 7181709 AND 7181808
	Aggregate  (cost=380.70..380.71 rows=1 width=8)
	  ->  Index Scan using sbtest1_pkey on sbtest1  (cost=0.43..380.47 rows=95 width=4)
	        Index Cond: ((id >= 7181709) AND (id <= 7181808))

table 2 : explain SELECT SUM(k) FROM sbtest2 WHERE id BETWEEN 7330705 AND 7330804
	Aggregate  (cost=368.67..368.68 rows=1 width=8)
	  ->  Index Scan using sbtest2_pkey on sbtest2  (cost=0.43..368.44 rows=92 width=4)
	        Index Cond: ((id >= 7330705) AND (id <= 7330804))

table 3 : explain SELECT SUM(k) FROM sbtest3 WHERE id BETWEEN 8976788 AND 8976887
	Aggregate  (cost=448.06..448.07 rows=1 width=8)
	  ->  Index Scan using sbtest3_pkey on sbtest3  (cost=0.43..447.78 rows=112 width=4)
	        Index Cond: ((id >= 8976788) AND (id <= 8976887))

table 4 : explain SELECT SUM(k) FROM sbtest4 WHERE id BETWEEN 8115490 AND 8115589
	Aggregate  (cost=340.75..340.76 rows=1 width=8)
	  ->  Index Scan using sbtest4_pkey on sbtest4  (cost=0.43..340.54 rows=85 width=4)
	        Index Cond: ((id >= 8115490) AND (id <= 8115589))

table 5 : explain SELECT SUM(k) FROM sbtest5 WHERE id BETWEEN 6761112 AND 6761211
	Aggregate  (cost=382.88..382.89 rows=1 width=8)
	  ->  Index Scan using sbtest5_pkey on sbtest5  (cost=0.43..382.64 rows=96 width=4)
	        Index Cond: ((id >= 6761112) AND (id <= 6761211))

table 6 : explain SELECT SUM(k) FROM sbtest6 WHERE id BETWEEN 8498306 AND 8498405
	Aggregate  (cost=387.92..387.93 rows=1 width=8)
	  ->  Index Scan using sbtest6_pkey on sbtest6  (cost=0.43..387.67 rows=97 width=4)
	        Index Cond: ((id >= 8498306) AND (id <= 8498405))

table 7 : explain SELECT SUM(k) FROM sbtest7 WHERE id BETWEEN 1030287 AND 1030386
	Aggregate  (cost=325.36..325.37 rows=1 width=8)
	  ->  Index Scan using sbtest7_pkey on sbtest7  (cost=0.43..325.15 rows=81 width=4)
	        Index Cond: ((id >= 1030287) AND (id <= 1030386))

table 8 : explain SELECT SUM(k) FROM sbtest8 WHERE id BETWEEN 9247518 AND 9247617
	Aggregate  (cost=430.70..430.71 rows=1 width=8)
	  ->  Index Scan using sbtest8_pkey on sbtest8  (cost=0.43..430.43 rows=108 width=4)
	        Index Cond: ((id >= 9247518) AND (id <= 9247617))

for: sum_ranges
table 1 : explain SELECT SUM(k) FROM sbtest1 WHERE id BETWEEN 4181129 AND 4181228
	Aggregate  (cost=392.58..392.59 rows=1 width=8)
	  ->  Index Scan using sbtest1_pkey on sbtest1  (cost=0.43..392.34 rows=98 width=4)
	        Index Cond: ((id >= 4181129) AND (id <= 4181228))

table 2 : explain SELECT SUM(k) FROM sbtest2 WHERE id BETWEEN 4343836 AND 4343935
	Aggregate  (cost=400.33..400.34 rows=1 width=8)
	  ->  Index Scan using sbtest2_pkey on sbtest2  (cost=0.43..400.08 rows=100 width=4)
	        Index Cond: ((id >= 4343836) AND (id <= 4343935))

table 3 : explain SELECT SUM(k) FROM sbtest3 WHERE id BETWEEN 7785752 AND 7785851
	Aggregate  (cost=372.80..372.81 rows=1 width=8)
	  ->  Index Scan using sbtest3_pkey on sbtest3  (cost=0.43..372.57 rows=93 width=4)
	        Index Cond: ((id >= 7785752) AND (id <= 7785851))

table 4 : explain SELECT SUM(k) FROM sbtest4 WHERE id BETWEEN 6284834 AND 6284933
	Aggregate  (cost=400.08..400.09 rows=1 width=8)
	  ->  Index Scan using sbtest4_pkey on sbtest4  (cost=0.43..399.83 rows=100 width=4)
	        Index Cond: ((id >= 6284834) AND (id <= 6284933))

table 5 : explain SELECT SUM(k) FROM sbtest5 WHERE id BETWEEN 8179889 AND 8179988
	Aggregate  (cost=402.60..402.61 rows=1 width=8)
	  ->  Index Scan using sbtest5_pkey on sbtest5  (cost=0.43..402.35 rows=101 width=4)
	        Index Cond: ((id >= 8179889) AND (id <= 8179988))

table 6 : explain SELECT SUM(k) FROM sbtest6 WHERE id BETWEEN 6353467 AND 6353566
	Aggregate  (cost=383.96..383.97 rows=1 width=8)
	  ->  Index Scan using sbtest6_pkey on sbtest6  (cost=0.43..383.72 rows=96 width=4)
	        Index Cond: ((id >= 6353467) AND (id <= 6353566))

table 7 : explain SELECT SUM(k) FROM sbtest7 WHERE id BETWEEN 4686050 AND 4686149
	Aggregate  (cost=408.55..408.56 rows=1 width=8)
	  ->  Index Scan using sbtest7_pkey on sbtest7  (cost=0.43..408.29 rows=102 width=4)
	        Index Cond: ((id >= 4686050) AND (id <= 4686149))

table 8 : explain SELECT SUM(k) FROM sbtest8 WHERE id BETWEEN 8263324 AND 8263423
	Aggregate  (cost=426.76..426.77 rows=1 width=8)
	  ->  Index Scan using sbtest8_pkey on sbtest8  (cost=0.43..426.49 rows=107 width=4)
	        Index Cond: ((id >= 8263324) AND (id <= 8263423))

for: simple_ranges
table 1 : explain SELECT c FROM sbtest1 WHERE id BETWEEN 4867392 AND 4867491
	Index Scan using sbtest1_pkey on sbtest1  (cost=0.43..439.84 rows=110 width=121)
	  Index Cond: ((id >= 4867392) AND (id <= 4867491))

table 2 : explain SELECT c FROM sbtest2 WHERE id BETWEEN 1681600 AND 1681699
	Index Scan using sbtest2_pkey on sbtest2  (cost=0.43..400.08 rows=100 width=121)
	  Index Cond: ((id >= 1681600) AND (id <= 1681699))

table 3 : explain SELECT c FROM sbtest3 WHERE id BETWEEN 6603014 AND 6603113
	Index Scan using sbtest3_pkey on sbtest3  (cost=0.43..392.36 rows=98 width=121)
	  Index Cond: ((id >= 6603014) AND (id <= 6603113))

table 4 : explain SELECT c FROM sbtest4 WHERE id BETWEEN 5976676 AND 5976775
	Index Scan using sbtest4_pkey on sbtest4  (cost=0.43..411.71 rows=103 width=121)
	  Index Cond: ((id >= 5976676) AND (id <= 5976775))

table 5 : explain SELECT c FROM sbtest5 WHERE id BETWEEN 5992915 AND 5993014
	Index Scan using sbtest5_pkey on sbtest5  (cost=0.43..382.64 rows=96 width=121)
	  Index Cond: ((id >= 5992915) AND (id <= 5993014))

table 6 : explain SELECT c FROM sbtest6 WHERE id BETWEEN 8497747 AND 8497846
	Index Scan using sbtest6_pkey on sbtest6  (cost=0.43..387.67 rows=97 width=121)
	  Index Cond: ((id >= 8497747) AND (id <= 8497846))

table 7 : explain SELECT c FROM sbtest7 WHERE id BETWEEN 9373445 AND 9373544
	Index Scan using sbtest7_pkey on sbtest7  (cost=0.43..408.29 rows=102 width=121)
	  Index Cond: ((id >= 9373445) AND (id <= 9373544))

table 8 : explain SELECT c FROM sbtest8 WHERE id BETWEEN 577765 AND 577864
	Index Scan using sbtest8_pkey on sbtest8  (cost=0.43..402.83 rows=101 width=121)
	  Index Cond: ((id >= 577765) AND (id <= 577864))

for: simple_ranges
table 1 : explain SELECT c FROM sbtest1 WHERE id BETWEEN 2733077 AND 2733176
	Index Scan using sbtest1_pkey on sbtest1  (cost=0.43..404.22 rows=101 width=121)
	  Index Cond: ((id >= 2733077) AND (id <= 2733176))

table 2 : explain SELECT c FROM sbtest2 WHERE id BETWEEN 4567399 AND 4567498
	Index Scan using sbtest2_pkey on sbtest2  (cost=0.43..380.30 rows=95 width=121)
	  Index Cond: ((id >= 4567399) AND (id <= 4567498))

table 3 : explain SELECT c FROM sbtest3 WHERE id BETWEEN 9287164 AND 9287263
	Index Scan using sbtest3_pkey on sbtest3  (cost=0.43..404.24 rows=101 width=121)
	  Index Cond: ((id >= 9287164) AND (id <= 9287263))

table 4 : explain SELECT c FROM sbtest4 WHERE id BETWEEN 9890635 AND 9890734
	Index Scan using sbtest4_pkey on sbtest4  (cost=0.43..407.75 rows=102 width=121)
	  Index Cond: ((id >= 9890635) AND (id <= 9890734))

table 5 : explain SELECT c FROM sbtest5 WHERE id BETWEEN 3755925 AND 3756024
	Index Scan using sbtest5_pkey on sbtest5  (cost=0.43..390.51 rows=98 width=121)
	  Index Cond: ((id >= 3755925) AND (id <= 3756024))

table 6 : explain SELECT c FROM sbtest6 WHERE id BETWEEN 5062541 AND 5062640
	Index Scan using sbtest6_pkey on sbtest6  (cost=0.43..383.72 rows=96 width=121)
	  Index Cond: ((id >= 5062541) AND (id <= 5062640))

table 7 : explain SELECT c FROM sbtest7 WHERE id BETWEEN 8348038 AND 8348137
	Index Scan using sbtest7_pkey on sbtest7  (cost=0.43..404.34 rows=101 width=121)
	  Index Cond: ((id >= 8348038) AND (id <= 8348137))

table 8 : explain SELECT c FROM sbtest8 WHERE id BETWEEN 6285673 AND 6285772
	Index Scan using sbtest8_pkey on sbtest8  (cost=0.43..422.55 rows=106 width=121)
	  Index Cond: ((id >= 6285673) AND (id <= 6285772))

for: simple_ranges
table 1 : explain SELECT c FROM sbtest1 WHERE id BETWEEN 64090 AND 64189
	Index Scan using sbtest1_pkey on sbtest1  (cost=0.43..396.29 rows=99 width=121)
	  Index Cond: ((id >= 64090) AND (id <= 64189))

table 2 : explain SELECT c FROM sbtest2 WHERE id BETWEEN 2595499 AND 2595598
	Index Scan using sbtest2_pkey on sbtest2  (cost=0.43..400.08 rows=100 width=121)
	  Index Cond: ((id >= 2595499) AND (id <= 2595598))

table 3 : explain SELECT c FROM sbtest3 WHERE id BETWEEN 2488751 AND 2488850
	Index Scan using sbtest3_pkey on sbtest3  (cost=0.43..427.99 rows=107 width=121)
	  Index Cond: ((id >= 2488751) AND (id <= 2488850))

table 4 : explain SELECT c FROM sbtest4 WHERE id BETWEEN 403539 AND 403638
	Index Scan using sbtest4_pkey on sbtest4  (cost=0.43..391.93 rows=98 width=121)
	  Index Cond: ((id >= 403539) AND (id <= 403638))

table 5 : explain SELECT c FROM sbtest5 WHERE id BETWEEN 2783868 AND 2783967
	Index Scan using sbtest5_pkey on sbtest5  (cost=0.43..406.29 rows=102 width=121)
	  Index Cond: ((id >= 2783868) AND (id <= 2783967))

table 6 : explain SELECT c FROM sbtest6 WHERE id BETWEEN 717664 AND 717763
	Index Scan using sbtest6_pkey on sbtest6  (cost=0.43..363.98 rows=91 width=121)
	  Index Cond: ((id >= 717664) AND (id <= 717763))

table 7 : explain SELECT c FROM sbtest7 WHERE id BETWEEN 7377766 AND 7377865
	Index Scan using sbtest7_pkey on sbtest7  (cost=0.43..360.78 rows=90 width=121)
	  Index Cond: ((id >= 7377766) AND (id <= 7377865))

table 8 : explain SELECT c FROM sbtest8 WHERE id BETWEEN 391939 AND 392038
	Index Scan using sbtest8_pkey on sbtest8  (cost=0.43..375.21 rows=94 width=121)
	  Index Cond: ((id >= 391939) AND (id <= 392038))

for: order_ranges
table 1 : explain SELECT c FROM sbtest1 WHERE id BETWEEN 1913099 AND 1913198 ORDER BY c
	Sort  (cost=427.58..427.84 rows=106 width=121)
	  Sort Key: c
	  ->  Index Scan using sbtest1_pkey on sbtest1  (cost=0.43..424.01 rows=106 width=121)
	        Index Cond: ((id >= 1913099) AND (id <= 1913198))

table 2 : explain SELECT c FROM sbtest2 WHERE id BETWEEN 3384697 AND 3384796 ORDER BY c
	Sort  (cost=427.40..427.66 rows=106 width=121)
	  Sort Key: c
	  ->  Index Scan using sbtest2_pkey on sbtest2  (cost=0.43..423.83 rows=106 width=121)
	        Index Cond: ((id >= 3384697) AND (id <= 3384796))

table 3 : explain SELECT c FROM sbtest3 WHERE id BETWEEN 1075581 AND 1075680 ORDER BY c
	Sort  (cost=435.59..435.86 rows=108 width=121)
	  Sort Key: c
	  ->  Index Scan using sbtest3_pkey on sbtest3  (cost=0.43..431.95 rows=108 width=121)
	        Index Cond: ((id >= 1075581) AND (id <= 1075680))

table 4 : explain SELECT c FROM sbtest4 WHERE id BETWEEN 5194549 AND 5194648 ORDER BY c
	Sort  (cost=399.16..399.41 rows=99 width=121)
	  Sort Key: c
	  ->  Index Scan using sbtest4_pkey on sbtest4  (cost=0.43..395.88 rows=99 width=121)
	        Index Cond: ((id >= 5194549) AND (id <= 5194648))

table 5 : explain SELECT c FROM sbtest5 WHERE id BETWEEN 5513620 AND 5513719 ORDER BY c
	Sort  (cost=409.69..409.95 rows=102 width=121)
	  Sort Key: c
	  ->  Index Scan using sbtest5_pkey on sbtest5  (cost=0.43..406.29 rows=102 width=121)
	        Index Cond: ((id >= 5513620) AND (id <= 5513719))

table 6 : explain SELECT c FROM sbtest6 WHERE id BETWEEN 2795876 AND 2795975 ORDER BY c
	Sort  (cost=406.85..407.11 rows=101 width=121)
	  Sort Key: c
	  ->  Index Scan using sbtest6_pkey on sbtest6  (cost=0.43..403.49 rows=101 width=121)
	        Index Cond: ((id >= 2795876) AND (id <= 2795975))

table 7 : explain SELECT c FROM sbtest7 WHERE id BETWEEN 1420194 AND 1420293 ORDER BY c
	Sort  (cost=379.69..379.93 rows=94 width=121)
	  Sort Key: c
	  ->  Index Scan using sbtest7_pkey on sbtest7  (cost=0.43..376.61 rows=94 width=121)
	        Index Cond: ((id >= 1420194) AND (id <= 1420293))

table 8 : explain SELECT c FROM sbtest8 WHERE id BETWEEN 7490363 AND 7490462 ORDER BY c
	Sort  (cost=366.34..366.57 rows=91 width=121)
	  Sort Key: c
	  ->  Index Scan using sbtest8_pkey on sbtest8  (cost=0.43..363.38 rows=91 width=121)
	        Index Cond: ((id >= 7490363) AND (id <= 7490462))

for point_selects
table 1 : explain SELECT c FROM sbtest1 WHERE id=7075556
	Index Scan using sbtest1_pkey on sbtest1  (cost=0.43..8.45 rows=1 width=121)
	  Index Cond: (id = 7075556)

table 2 : explain SELECT c FROM sbtest2 WHERE id=3090777
	Index Scan using sbtest2_pkey on sbtest2  (cost=0.43..8.45 rows=1 width=121)
	  Index Cond: (id = 3090777)

table 3 : explain SELECT c FROM sbtest3 WHERE id=2490442
	Index Scan using sbtest3_pkey on sbtest3  (cost=0.43..8.45 rows=1 width=121)
	  Index Cond: (id = 2490442)

table 4 : explain SELECT c FROM sbtest4 WHERE id=2198412
	Index Scan using sbtest4_pkey on sbtest4  (cost=0.43..8.45 rows=1 width=121)
	  Index Cond: (id = 2198412)

table 5 : explain SELECT c FROM sbtest5 WHERE id=5442714
	Index Scan using sbtest5_pkey on sbtest5  (cost=0.43..8.45 rows=1 width=121)
	  Index Cond: (id = 5442714)

table 6 : explain SELECT c FROM sbtest6 WHERE id=9925294
	Index Scan using sbtest6_pkey on sbtest6  (cost=0.43..8.45 rows=1 width=121)
	  Index Cond: (id = 9925294)

table 7 : explain SELECT c FROM sbtest7 WHERE id=4215708
	Index Scan using sbtest7_pkey on sbtest7  (cost=0.43..8.45 rows=1 width=121)
	  Index Cond: (id = 4215708)

table 8 : explain SELECT c FROM sbtest8 WHERE id=4955539
	Index Scan using sbtest8_pkey on sbtest8  (cost=0.43..8.45 rows=1 width=121)
	  Index Cond: (id = 4955539)

for: sum_ranges
table 1 : explain SELECT SUM(k) FROM sbtest1 WHERE id BETWEEN 5093624 AND 5093723
	Aggregate  (cost=376.74..376.75 rows=1 width=8)
	  ->  Index Scan using sbtest1_pkey on sbtest1  (cost=0.43..376.51 rows=94 width=4)
	        Index Cond: ((id >= 5093624) AND (id <= 5093723))

table 2 : explain SELECT SUM(k) FROM sbtest2 WHERE id BETWEEN 6898453 AND 6898552
	Aggregate  (cost=404.31..404.32 rows=1 width=8)
	  ->  Index Scan using sbtest2_pkey on sbtest2  (cost=0.43..404.05 rows=101 width=4)
	        Index Cond: ((id >= 6898453) AND (id <= 6898552))

table 3 : explain SELECT SUM(k) FROM sbtest3 WHERE id BETWEEN 2850469 AND 2850568
	Aggregate  (cost=349.04..349.05 rows=1 width=8)
	  ->  Index Scan using sbtest3_pkey on sbtest3  (cost=0.43..348.83 rows=87 width=4)
	        Index Cond: ((id >= 2850469) AND (id <= 2850568))

table 4 : explain SELECT SUM(k) FROM sbtest4 WHERE id BETWEEN 5382322 AND 5382421
	Aggregate  (cost=415.92..415.93 rows=1 width=8)
	  ->  Index Scan using sbtest4_pkey on sbtest4  (cost=0.43..415.66 rows=104 width=4)
	        Index Cond: ((id >= 5382322) AND (id <= 5382421))

table 5 : explain SELECT SUM(k) FROM sbtest5 WHERE id BETWEEN 759011 AND 759110
	Aggregate  (cost=426.25..426.26 rows=1 width=8)
	  ->  Index Scan using sbtest5_pkey on sbtest5  (cost=0.43..425.98 rows=107 width=4)
	        Index Cond: ((id >= 759011) AND (id <= 759110))

table 6 : explain SELECT SUM(k) FROM sbtest6 WHERE id BETWEEN 5945158 AND 5945257
	Aggregate  (cost=344.44..344.45 rows=1 width=8)
	  ->  Index Scan using sbtest6_pkey on sbtest6  (cost=0.43..344.23 rows=86 width=4)
	        Index Cond: ((id >= 5945158) AND (id <= 5945257))

table 7 : explain SELECT SUM(k) FROM sbtest7 WHERE id BETWEEN 3984353 AND 3984452
	Aggregate  (cost=408.55..408.56 rows=1 width=8)
	  ->  Index Scan using sbtest7_pkey on sbtest7  (cost=0.43..408.29 rows=102 width=4)
	        Index Cond: ((id >= 3984353) AND (id <= 3984452))

table 8 : explain SELECT SUM(k) FROM sbtest8 WHERE id BETWEEN 9703022 AND 9703121
	Aggregate  (cost=395.19..395.20 rows=1 width=8)
	  ->  Index Scan using sbtest8_pkey on sbtest8  (cost=0.43..394.95 rows=99 width=4)
	        Index Cond: ((id >= 9703022) AND (id <= 9703121))

for: simple_ranges
table 1 : explain SELECT c FROM sbtest1 WHERE id BETWEEN 7732302 AND 7732401
	Index Scan using sbtest1_pkey on sbtest1  (cost=0.43..408.18 rows=102 width=121)
	  Index Cond: ((id >= 7732302) AND (id <= 7732401))

table 2 : explain SELECT c FROM sbtest2 WHERE id BETWEEN 1556361 AND 1556460
	Index Scan using sbtest2_pkey on sbtest2  (cost=0.43..455.47 rows=114 width=121)
	  Index Cond: ((id >= 1556361) AND (id <= 1556460))

table 3 : explain SELECT c FROM sbtest3 WHERE id BETWEEN 7765370 AND 7765469
	Index Scan using sbtest3_pkey on sbtest3  (cost=0.43..372.57 rows=93 width=121)
	  Index Cond: ((id >= 7765370) AND (id <= 7765469))

table 4 : explain SELECT c FROM sbtest4 WHERE id BETWEEN 5846039 AND 5846138
	Index Scan using sbtest4_pkey on sbtest4  (cost=0.43..384.02 rows=96 width=121)
	  Index Cond: ((id >= 5846039) AND (id <= 5846138))

table 5 : explain SELECT c FROM sbtest5 WHERE id BETWEEN 8512966 AND 8513065
	Index Scan using sbtest5_pkey on sbtest5  (cost=0.43..362.95 rows=91 width=121)
	  Index Cond: ((id >= 8512966) AND (id <= 8513065))

table 6 : explain SELECT c FROM sbtest6 WHERE id BETWEEN 5890250 AND 5890349
	Index Scan using sbtest6_pkey on sbtest6  (cost=0.43..399.54 rows=100 width=121)
	  Index Cond: ((id >= 5890250) AND (id <= 5890349))

table 7 : explain SELECT c FROM sbtest7 WHERE id BETWEEN 3933245 AND 3933344
	Index Scan using sbtest7_pkey on sbtest7  (cost=0.43..360.78 rows=90 width=121)
	  Index Cond: ((id >= 3933245) AND (id <= 3933344))

table 8 : explain SELECT c FROM sbtest8 WHERE id BETWEEN 3006394 AND 3006493
	Index Scan using sbtest8_pkey on sbtest8  (cost=0.43..446.21 rows=112 width=121)
	  Index Cond: ((id >= 3006394) AND (id <= 3006493))

for: simple_ranges
table 1 : explain SELECT c FROM sbtest1 WHERE id BETWEEN 1002138 AND 1002237
	Index Scan using sbtest1_pkey on sbtest1  (cost=0.43..404.22 rows=101 width=121)
	  Index Cond: ((id >= 1002138) AND (id <= 1002237))

table 2 : explain SELECT c FROM sbtest2 WHERE id BETWEEN 5196868 AND 5196967
	Index Scan using sbtest2_pkey on sbtest2  (cost=0.43..388.22 rows=97 width=121)
	  Index Cond: ((id >= 5196868) AND (id <= 5196967))

table 3 : explain SELECT c FROM sbtest3 WHERE id BETWEEN 9876469 AND 9876568
	Index Scan using sbtest3_pkey on sbtest3  (cost=0.43..380.48 rows=95 width=121)
	  Index Cond: ((id >= 9876469) AND (id <= 9876568))

table 4 : explain SELECT c FROM sbtest4 WHERE id BETWEEN 4555437 AND 4555536
	Index Scan using sbtest4_pkey on sbtest4  (cost=0.43..439.38 rows=110 width=121)
	  Index Cond: ((id >= 4555437) AND (id <= 4555536))

table 5 : explain SELECT c FROM sbtest5 WHERE id BETWEEN 6339437 AND 6339536
	Index Scan using sbtest5_pkey on sbtest5  (cost=0.43..378.70 rows=95 width=121)
	  Index Cond: ((id >= 6339437) AND (id <= 6339536))

table 6 : explain SELECT c FROM sbtest6 WHERE id BETWEEN 7315423 AND 7315522
	Index Scan using sbtest6_pkey on sbtest6  (cost=0.43..379.77 rows=95 width=121)
	  Index Cond: ((id >= 7315423) AND (id <= 7315522))

table 7 : explain SELECT c FROM sbtest7 WHERE id BETWEEN 8953636 AND 8953735
	Index Scan using sbtest7_pkey on sbtest7  (cost=0.43..416.21 rows=104 width=121)
	  Index Cond: ((id >= 8953636) AND (id <= 8953735))

table 8 : explain SELECT c FROM sbtest8 WHERE id BETWEEN 2319046 AND 2319145
	Index Scan using sbtest8_pkey on sbtest8  (cost=0.43..402.83 rows=101 width=121)
	  Index Cond: ((id >= 2319046) AND (id <= 2319145))

for: simple_ranges
table 1 : explain SELECT c FROM sbtest1 WHERE id BETWEEN 3750791 AND 3750890
	Index Scan using sbtest1_pkey on sbtest1  (cost=0.43..392.34 rows=98 width=121)
	  Index Cond: ((id >= 3750791) AND (id <= 3750890))

table 2 : explain SELECT c FROM sbtest2 WHERE id BETWEEN 3099222 AND 3099321
	Index Scan using sbtest2_pkey on sbtest2  (cost=0.43..392.17 rows=98 width=121)
	  Index Cond: ((id >= 3099222) AND (id <= 3099321))

table 3 : explain SELECT c FROM sbtest3 WHERE id BETWEEN 237298 AND 237397
	Index Scan using sbtest3_pkey on sbtest3  (cost=0.43..364.65 rows=91 width=121)
	  Index Cond: ((id >= 237298) AND (id <= 237397))

table 4 : explain SELECT c FROM sbtest4 WHERE id BETWEEN 3955147 AND 3955246
	Index Scan using sbtest4_pkey on sbtest4  (cost=0.43..459.14 rows=115 width=121)
	  Index Cond: ((id >= 3955147) AND (id <= 3955246))

table 5 : explain SELECT c FROM sbtest5 WHERE id BETWEEN 643631 AND 643730
	Index Scan using sbtest5_pkey on sbtest5  (cost=0.43..402.35 rows=101 width=121)
	  Index Cond: ((id >= 643631) AND (id <= 643730))

table 6 : explain SELECT c FROM sbtest6 WHERE id BETWEEN 884927 AND 885026
	Index Scan using sbtest6_pkey on sbtest6  (cost=0.43..375.82 rows=94 width=121)
	  Index Cond: ((id >= 884927) AND (id <= 885026))

table 7 : explain SELECT c FROM sbtest7 WHERE id BETWEEN 7853326 AND 7853425
	Index Scan using sbtest7_pkey on sbtest7  (cost=0.43..396.42 rows=99 width=121)
	  Index Cond: ((id >= 7853326) AND (id <= 7853425))

table 8 : explain SELECT c FROM sbtest8 WHERE id BETWEEN 8915853 AND 8915952
	Index Scan using sbtest8_pkey on sbtest8  (cost=0.43..387.04 rows=97 width=121)
	  Index Cond: ((id >= 8915853) AND (id <= 8915952))

for: order_ranges
table 1 : explain SELECT c FROM sbtest1 WHERE id BETWEEN 8666755 AND 8666854 ORDER BY c
	Sort  (cost=407.59..407.84 rows=101 width=121)
	  Sort Key: c
	  ->  Index Scan using sbtest1_pkey on sbtest1  (cost=0.43..404.22 rows=101 width=121)
	        Index Cond: ((id >= 8666755) AND (id <= 8666854))

table 2 : explain SELECT c FROM sbtest2 WHERE id BETWEEN 678455 AND 678554 ORDER BY c
	Sort  (cost=399.41..399.66 rows=99 width=121)
	  Sort Key: c
	  ->  Index Scan using sbtest2_pkey on sbtest2  (cost=0.43..396.13 rows=99 width=121)
	        Index Cond: ((id >= 678455) AND (id <= 678554))

table 3 : explain SELECT c FROM sbtest3 WHERE id BETWEEN 1555738 AND 1555837 ORDER BY c
	Sort  (cost=439.59..439.87 rows=109 width=121)
	  Sort Key: c
	  ->  Index Scan using sbtest3_pkey on sbtest3  (cost=0.43..435.90 rows=109 width=121)
	        Index Cond: ((id >= 1555738) AND (id <= 1555837))

table 4 : explain SELECT c FROM sbtest4 WHERE id BETWEEN 4256057 AND 4256156 ORDER BY c
	Sort  (cost=435.12..435.39 rows=108 width=121)
	  Sort Key: c
	  ->  Index Scan using sbtest4_pkey on sbtest4  (cost=0.43..431.47 rows=108 width=121)
	        Index Cond: ((id >= 4256057) AND (id <= 4256156))

table 5 : explain SELECT c FROM sbtest5 WHERE id BETWEEN 4562301 AND 4562400 ORDER BY c
	Sort  (cost=401.73..401.98 rows=100 width=121)
	  Sort Key: c
	  ->  Index Scan using sbtest5_pkey on sbtest5  (cost=0.43..398.41 rows=100 width=121)
	        Index Cond: ((id >= 4562301) AND (id <= 4562400))

table 6 : explain SELECT c FROM sbtest6 WHERE id BETWEEN 2758306 AND 2758405 ORDER BY c
	Sort  (cost=406.85..407.11 rows=101 width=121)
	  Sort Key: c
	  ->  Index Scan using sbtest6_pkey on sbtest6  (cost=0.43..403.49 rows=101 width=121)
	        Index Cond: ((id >= 2758306) AND (id <= 2758405))

table 7 : explain SELECT c FROM sbtest7 WHERE id BETWEEN 7050822 AND 7050921 ORDER BY c
	Sort  (cost=391.69..391.93 rows=97 width=121)
	  Sort Key: c
	  ->  Index Scan using sbtest7_pkey on sbtest7  (cost=0.43..388.49 rows=97 width=121)
	        Index Cond: ((id >= 7050822) AND (id <= 7050921))

table 8 : explain SELECT c FROM sbtest8 WHERE id BETWEEN 8111992 AND 8112091 ORDER BY c
	Sort  (cost=398.23..398.47 rows=99 width=121)
	  Sort Key: c
	  ->  Index Scan using sbtest8_pkey on sbtest8  (cost=0.43..394.95 rows=99 width=121)
	        Index Cond: ((id >= 8111992) AND (id <= 8112091))

for: sum_ranges
table 1 : explain SELECT SUM(k) FROM sbtest1 WHERE id BETWEEN 170418 AND 170517
	Aggregate  (cost=404.48..404.49 rows=1 width=8)
	  ->  Index Scan using sbtest1_pkey on sbtest1  (cost=0.43..404.22 rows=101 width=4)
	        Index Cond: ((id >= 170418) AND (id <= 170517))

table 2 : explain SELECT SUM(k) FROM sbtest2 WHERE id BETWEEN 1778897 AND 1778996
	Aggregate  (cost=443.89..443.90 rows=1 width=8)
	  ->  Index Scan using sbtest2_pkey on sbtest2  (cost=0.43..443.61 rows=111 width=4)
	        Index Cond: ((id >= 1778897) AND (id <= 1778996))

table 3 : explain SELECT SUM(k) FROM sbtest3 WHERE id BETWEEN 958893 AND 958992
	Aggregate  (cost=400.54..400.55 rows=1 width=8)
	  ->  Index Scan using sbtest3_pkey on sbtest3  (cost=0.43..400.29 rows=100 width=4)
	        Index Cond: ((id >= 958893) AND (id <= 958992))

table 4 : explain SELECT SUM(k) FROM sbtest4 WHERE id BETWEEN 8253467 AND 8253566
	Aggregate  (cost=411.96..411.97 rows=1 width=8)
	  ->  Index Scan using sbtest4_pkey on sbtest4  (cost=0.43..411.71 rows=103 width=4)
	        Index Cond: ((id >= 8253467) AND (id <= 8253566))

table 5 : explain SELECT SUM(k) FROM sbtest5 WHERE id BETWEEN 9185014 AND 9185113
	Aggregate  (cost=359.23..359.24 rows=1 width=8)
	  ->  Index Scan using sbtest5_pkey on sbtest5  (cost=0.43..359.01 rows=90 width=4)
	        Index Cond: ((id >= 9185014) AND (id <= 9185113))

table 6 : explain SELECT SUM(k) FROM sbtest6 WHERE id BETWEEN 7532200 AND 7532299
	Aggregate  (cost=407.70..407.71 rows=1 width=8)
	  ->  Index Scan using sbtest6_pkey on sbtest6  (cost=0.43..407.44 rows=102 width=4)
	        Index Cond: ((id >= 7532200) AND (id <= 7532299))

table 7 : explain SELECT SUM(k) FROM sbtest7 WHERE id BETWEEN 278939 AND 279038
	Aggregate  (cost=412.51..412.52 rows=1 width=8)
	  ->  Index Scan using sbtest7_pkey on sbtest7  (cost=0.43..412.25 rows=103 width=4)
	        Index Cond: ((id >= 278939) AND (id <= 279038))

table 8 : explain SELECT SUM(k) FROM sbtest8 WHERE id BETWEEN 9370759 AND 9370858
	Aggregate  (cost=407.03..407.04 rows=1 width=8)
	  ->  Index Scan using sbtest8_pkey on sbtest8  (cost=0.43..406.78 rows=102 width=4)
	        Index Cond: ((id >= 9370759) AND (id <= 9370858))

for: sum_ranges
table 1 : explain SELECT SUM(k) FROM sbtest1 WHERE id BETWEEN 4392281 AND 4392380
	Aggregate  (cost=408.44..408.45 rows=1 width=8)
	  ->  Index Scan using sbtest1_pkey on sbtest1  (cost=0.43..408.18 rows=102 width=4)
	        Index Cond: ((id >= 4392281) AND (id <= 4392380))

table 2 : explain SELECT SUM(k) FROM sbtest2 WHERE id BETWEEN 2434964 AND 2435063
	Aggregate  (cost=356.79..356.80 rows=1 width=8)
	  ->  Index Scan using sbtest2_pkey on sbtest2  (cost=0.43..356.57 rows=89 width=4)
	        Index Cond: ((id >= 2434964) AND (id <= 2435063))

table 3 : explain SELECT SUM(k) FROM sbtest3 WHERE id BETWEEN 2890179 AND 2890278
	Aggregate  (cost=349.04..349.05 rows=1 width=8)
	  ->  Index Scan using sbtest3_pkey on sbtest3  (cost=0.43..348.83 rows=87 width=4)
	        Index Cond: ((id >= 2890179) AND (id <= 2890278))

table 4 : explain SELECT SUM(k) FROM sbtest4 WHERE id BETWEEN 9418917 AND 9419016
	Aggregate  (cost=404.05..404.06 rows=1 width=8)
	  ->  Index Scan using sbtest4_pkey on sbtest4  (cost=0.43..403.80 rows=101 width=4)
	        Index Cond: ((id >= 9418917) AND (id <= 9419016))

table 5 : explain SELECT SUM(k) FROM sbtest5 WHERE id BETWEEN 3239481 AND 3239580
	Aggregate  (cost=398.66..398.67 rows=1 width=8)
	  ->  Index Scan using sbtest5_pkey on sbtest5  (cost=0.43..398.41 rows=100 width=4)
	        Index Cond: ((id >= 3239481) AND (id <= 3239580))

table 6 : explain SELECT SUM(k) FROM sbtest6 WHERE id BETWEEN 2976936 AND 2977035
	Aggregate  (cost=411.65..411.66 rows=1 width=8)
	  ->  Index Scan using sbtest6_pkey on sbtest6  (cost=0.43..411.39 rows=103 width=4)
	        Index Cond: ((id >= 2976936) AND (id <= 2977035))

table 7 : explain SELECT SUM(k) FROM sbtest7 WHERE id BETWEEN 223048 AND 223147
	Aggregate  (cost=412.51..412.52 rows=1 width=8)
	  ->  Index Scan using sbtest7_pkey on sbtest7  (cost=0.43..412.25 rows=103 width=4)
	        Index Cond: ((id >= 223048) AND (id <= 223147))

table 8 : explain SELECT SUM(k) FROM sbtest8 WHERE id BETWEEN 490511 AND 490610
	Aggregate  (cost=418.87..418.88 rows=1 width=8)
	  ->  Index Scan using sbtest8_pkey on sbtest8  (cost=0.43..418.60 rows=105 width=4)
	        Index Cond: ((id >= 490511) AND (id <= 490610))

for: order_ranges
table 1 : explain SELECT c FROM sbtest1 WHERE id BETWEEN 4835655 AND 4835754 ORDER BY c
	Sort  (cost=443.57..443.84 rows=110 width=121)
	  Sort Key: c
	  ->  Index Scan using sbtest1_pkey on sbtest1  (cost=0.43..439.84 rows=110 width=121)
	        Index Cond: ((id >= 4835655) AND (id <= 4835754))

table 2 : explain SELECT c FROM sbtest2 WHERE id BETWEEN 9388532 AND 9388631 ORDER BY c
	Sort  (cost=435.39..435.66 rows=108 width=121)
	  Sort Key: c
	  ->  Index Scan using sbtest2_pkey on sbtest2  (cost=0.43..431.74 rows=108 width=121)
	        Index Cond: ((id >= 9388532) AND (id <= 9388631))

table 3 : explain SELECT c FROM sbtest3 WHERE id BETWEEN 1595429 AND 1595528 ORDER BY c
	Sort  (cost=439.59..439.87 rows=109 width=121)
	  Sort Key: c
	  ->  Index Scan using sbtest3_pkey on sbtest3  (cost=0.43..435.90 rows=109 width=121)
	        Index Cond: ((id >= 1595429) AND (id <= 1595528))

table 4 : explain SELECT c FROM sbtest4 WHERE id BETWEEN 208073 AND 208172 ORDER BY c
	Sort  (cost=387.18..387.42 rows=96 width=121)
	  Sort Key: c
	  ->  Index Scan using sbtest4_pkey on sbtest4  (cost=0.43..384.02 rows=96 width=121)
	        Index Cond: ((id >= 208073) AND (id <= 208172))

table 5 : explain SELECT c FROM sbtest5 WHERE id BETWEEN 805862 AND 805961 ORDER BY c
	Sort  (cost=461.42..461.71 rows=115 width=121)
	  Sort Key: c
	  ->  Index Scan using sbtest5_pkey on sbtest5  (cost=0.43..457.49 rows=115 width=121)
	        Index Cond: ((id >= 805862) AND (id <= 805961))

table 6 : explain SELECT c FROM sbtest6 WHERE id BETWEEN 8880480 AND 8880579 ORDER BY c
	Sort  (cost=402.86..403.11 rows=100 width=121)
	  Sort Key: c
	  ->  Index Scan using sbtest6_pkey on sbtest6  (cost=0.43..399.54 rows=100 width=121)
	        Index Cond: ((id >= 8880480) AND (id <= 8880579))

table 7 : explain SELECT c FROM sbtest7 WHERE id BETWEEN 5569291 AND 5569390 ORDER BY c
	Sort  (cost=427.69..427.96 rows=106 width=121)
	  Sort Key: c
	  ->  Index Scan using sbtest7_pkey on sbtest7  (cost=0.43..424.13 rows=106 width=121)
	        Index Cond: ((id >= 5569291) AND (id <= 5569390))

table 8 : explain SELECT c FROM sbtest8 WHERE id BETWEEN 8163927 AND 8164026 ORDER BY c
	Sort  (cost=398.23..398.47 rows=99 width=121)
	  Sort Key: c
	  ->  Index Scan using sbtest8_pkey on sbtest8  (cost=0.43..394.95 rows=99 width=121)
	        Index Cond: ((id >= 8163927) AND (id <= 8164026))

for: order_ranges
table 1 : explain SELECT c FROM sbtest1 WHERE id BETWEEN 7207809 AND 7207908 ORDER BY c
	Sort  (cost=383.59..383.82 rows=95 width=121)
	  Sort Key: c
	  ->  Index Scan using sbtest1_pkey on sbtest1  (cost=0.43..380.47 rows=95 width=121)
	        Index Cond: ((id >= 7207809) AND (id <= 7207908))

table 2 : explain SELECT c FROM sbtest2 WHERE id BETWEEN 9636130 AND 9636229 ORDER BY c
	Sort  (cost=423.40..423.66 rows=105 width=121)
	  Sort Key: c
	  ->  Index Scan using sbtest2_pkey on sbtest2  (cost=0.43..419.88 rows=105 width=121)
	        Index Cond: ((id >= 9636130) AND (id <= 9636229))

table 3 : explain SELECT c FROM sbtest3 WHERE id BETWEEN 798379 AND 798478 ORDER BY c
	Sort  (cost=391.60..391.84 rows=97 width=121)
	  Sort Key: c
	  ->  Index Scan using sbtest3_pkey on sbtest3  (cost=0.43..388.40 rows=97 width=121)
	        Index Cond: ((id >= 798379) AND (id <= 798478))

table 4 : explain SELECT c FROM sbtest4 WHERE id BETWEEN 5874464 AND 5874563 ORDER BY c
	Sort  (cost=387.18..387.42 rows=96 width=121)
	  Sort Key: c
	  ->  Index Scan using sbtest4_pkey on sbtest4  (cost=0.43..384.02 rows=96 width=121)
	        Index Cond: ((id >= 5874464) AND (id <= 5874563))

table 5 : explain SELECT c FROM sbtest5 WHERE id BETWEEN 8657423 AND 8657522 ORDER BY c
	Sort  (cost=377.84..378.08 rows=94 width=121)
	  Sort Key: c
	  ->  Index Scan using sbtest5_pkey on sbtest5  (cost=0.43..374.76 rows=94 width=121)
	        Index Cond: ((id >= 8657423) AND (id <= 8657522))

table 6 : explain SELECT c FROM sbtest6 WHERE id BETWEEN 2742471 AND 2742570 ORDER BY c
	Sort  (cost=430.80..431.06 rows=107 width=121)
	  Sort Key: c
	  ->  Index Scan using sbtest6_pkey on sbtest6  (cost=0.43..427.19 rows=107 width=121)
	        Index Cond: ((id >= 2742471) AND (id <= 2742570))

table 7 : explain SELECT c FROM sbtest7 WHERE id BETWEEN 2349247 AND 2349346 ORDER BY c
	Sort  (cost=383.69..383.93 rows=95 width=121)
	  Sort Key: c
	  ->  Index Scan using sbtest7_pkey on sbtest7  (cost=0.43..380.57 rows=95 width=121)
	        Index Cond: ((id >= 2349247) AND (id <= 2349346))

table 8 : explain SELECT c FROM sbtest8 WHERE id BETWEEN 974725 AND 974824 ORDER BY c
	Sort  (cost=374.31..374.54 rows=93 width=121)
	  Sort Key: c
	  ->  Index Scan using sbtest8_pkey on sbtest8  (cost=0.43..371.27 rows=93 width=121)
	        Index Cond: ((id >= 974725) AND (id <= 974824))

for: order_ranges
table 1 : explain SELECT c FROM sbtest1 WHERE id BETWEEN 7603360 AND 7603459 ORDER BY c
	Sort  (cost=387.58..387.82 rows=96 width=121)
	  Sort Key: c
	  ->  Index Scan using sbtest1_pkey on sbtest1  (cost=0.43..384.42 rows=96 width=121)
	        Index Cond: ((id >= 7603360) AND (id <= 7603459))

table 2 : explain SELECT c FROM sbtest2 WHERE id BETWEEN 6454046 AND 6454145 ORDER BY c
	Sort  (cost=363.45..363.67 rows=90 width=121)
	  Sort Key: c
	  ->  Index Scan using sbtest2_pkey on sbtest2  (cost=0.43..360.53 rows=90 width=121)
	        Index Cond: ((id >= 6454046) AND (id <= 6454145))

table 3 : explain SELECT c FROM sbtest3 WHERE id BETWEEN 5673616 AND 5673715 ORDER BY c
	Sort  (cost=407.61..407.86 rows=101 width=121)
	  Sort Key: c
	  ->  Index Scan using sbtest3_pkey on sbtest3  (cost=0.43..404.24 rows=101 width=121)
	        Index Cond: ((id >= 5673616) AND (id <= 5673715))

table 4 : explain SELECT c FROM sbtest4 WHERE id BETWEEN 6412001 AND 6412100 ORDER BY c
	Sort  (cost=435.12..435.39 rows=108 width=121)
	  Sort Key: c
	  ->  Index Scan using sbtest4_pkey on sbtest4  (cost=0.43..431.47 rows=108 width=121)
	        Index Cond: ((id >= 6412001) AND (id <= 6412100))

table 5 : explain SELECT c FROM sbtest5 WHERE id BETWEEN 733442 AND 733541 ORDER BY c
	Sort  (cost=429.59..429.85 rows=107 width=121)
	  Sort Key: c
	  ->  Index Scan using sbtest5_pkey on sbtest5  (cost=0.43..425.98 rows=107 width=121)
	        Index Cond: ((id >= 733442) AND (id <= 733541))

table 6 : explain SELECT c FROM sbtest6 WHERE id BETWEEN 206270 AND 206369 ORDER BY c
	Sort  (cost=398.86..399.10 rows=99 width=121)
	  Sort Key: c
	  ->  Index Scan using sbtest6_pkey on sbtest6  (cost=0.43..395.57 rows=99 width=121)
	        Index Cond: ((id >= 206270) AND (id <= 206369))

table 7 : explain SELECT c FROM sbtest7 WHERE id BETWEEN 1708994 AND 1709093 ORDER BY c
	Sort  (cost=403.70..403.95 rows=100 width=121)
	  Sort Key: c
	  ->  Index Scan using sbtest7_pkey on sbtest7  (cost=0.43..400.38 rows=100 width=121)
	        Index Cond: ((id >= 1708994) AND (id <= 1709093))

table 8 : explain SELECT c FROM sbtest8 WHERE id BETWEEN 9513593 AND 9513692 ORDER BY c
	Sort  (cost=394.22..394.47 rows=98 width=121)
	  Sort Key: c
	  ->  Index Scan using sbtest8_pkey on sbtest8  (cost=0.43..390.98 rows=98 width=121)
	        Index Cond: ((id >= 9513593) AND (id <= 9513692))

for: simple_ranges
table 1 : explain SELECT c FROM sbtest1 WHERE id BETWEEN 2171921 AND 2172020
	Index Scan using sbtest1_pkey on sbtest1  (cost=0.43..360.68 rows=90 width=121)
	  Index Cond: ((id >= 2171921) AND (id <= 2172020))

table 2 : explain SELECT c FROM sbtest2 WHERE id BETWEEN 6949660 AND 6949759
	Index Scan using sbtest2_pkey on sbtest2  (cost=0.43..400.08 rows=100 width=121)
	  Index Cond: ((id >= 6949660) AND (id <= 6949759))

table 3 : explain SELECT c FROM sbtest3 WHERE id BETWEEN 6580356 AND 6580455
	Index Scan using sbtest3_pkey on sbtest3  (cost=0.43..392.36 rows=98 width=121)
	  Index Cond: ((id >= 6580356) AND (id <= 6580455))

table 4 : explain SELECT c FROM sbtest4 WHERE id BETWEEN 4093199 AND 4093298
	Index Scan using sbtest4_pkey on sbtest4  (cost=0.43..419.61 rows=105 width=121)
	  Index Cond: ((id >= 4093199) AND (id <= 4093298))

table 5 : explain SELECT c FROM sbtest5 WHERE id BETWEEN 8384324 AND 8384423
	Index Scan using sbtest5_pkey on sbtest5  (cost=0.43..469.30 rows=118 width=121)
	  Index Cond: ((id >= 8384324) AND (id <= 8384423))

table 6 : explain SELECT c FROM sbtest6 WHERE id BETWEEN 3388847 AND 3388946
	Index Scan using sbtest6_pkey on sbtest6  (cost=0.43..407.44 rows=102 width=121)
	  Index Cond: ((id >= 3388847) AND (id <= 3388946))

table 7 : explain SELECT c FROM sbtest7 WHERE id BETWEEN 1673677 AND 1673776
	Index Scan using sbtest7_pkey on sbtest7  (cost=0.43..400.38 rows=100 width=121)
	  Index Cond: ((id >= 1673677) AND (id <= 1673776))

table 8 : explain SELECT c FROM sbtest8 WHERE id BETWEEN 3645147 AND 3645246
	Index Scan using sbtest8_pkey on sbtest8  (cost=0.43..430.43 rows=108 width=121)
	  Index Cond: ((id >= 3645147) AND (id <= 3645246))

for: simple_ranges
table 1 : explain SELECT c FROM sbtest1 WHERE id BETWEEN 4497800 AND 4497899
	Index Scan using sbtest1_pkey on sbtest1  (cost=0.43..380.47 rows=95 width=121)
	  Index Cond: ((id >= 4497800) AND (id <= 4497899))

table 2 : explain SELECT c FROM sbtest2 WHERE id BETWEEN 7957401 AND 7957500
	Index Scan using sbtest2_pkey on sbtest2  (cost=0.43..400.08 rows=100 width=121)
	  Index Cond: ((id >= 7957401) AND (id <= 7957500))

table 3 : explain SELECT c FROM sbtest3 WHERE id BETWEEN 2486569 AND 2486668
	Index Scan using sbtest3_pkey on sbtest3  (cost=0.43..427.99 rows=107 width=121)
	  Index Cond: ((id >= 2486569) AND (id <= 2486668))

table 4 : explain SELECT c FROM sbtest4 WHERE id BETWEEN 1367813 AND 1367912
	Index Scan using sbtest4_pkey on sbtest4  (cost=0.43..360.30 rows=90 width=121)
	  Index Cond: ((id >= 1367813) AND (id <= 1367912))

table 5 : explain SELECT c FROM sbtest5 WHERE id BETWEEN 815354 AND 815453
	Index Scan using sbtest5_pkey on sbtest5  (cost=0.43..457.49 rows=115 width=121)
	  Index Cond: ((id >= 815354) AND (id <= 815453))

table 6 : explain SELECT c FROM sbtest6 WHERE id BETWEEN 1802468 AND 1802567
	Index Scan using sbtest6_pkey on sbtest6  (cost=0.43..431.14 rows=108 width=121)
	  Index Cond: ((id >= 1802468) AND (id <= 1802567))

table 7 : explain SELECT c FROM sbtest7 WHERE id BETWEEN 2781706 AND 2781805
	Index Scan using sbtest7_pkey on sbtest7  (cost=0.43..392.45 rows=98 width=121)
	  Index Cond: ((id >= 2781706) AND (id <= 2781805))

table 8 : explain SELECT c FROM sbtest8 WHERE id BETWEEN 1945715 AND 1945814
	Index Scan using sbtest8_pkey on sbtest8  (cost=0.43..394.95 rows=99 width=121)
	  Index Cond: ((id >= 1945715) AND (id <= 1945814))

for: sum_ranges
table 1 : explain SELECT SUM(k) FROM sbtest1 WHERE id BETWEEN 6979917 AND 6980016
	Aggregate  (cost=408.44..408.45 rows=1 width=8)
	  ->  Index Scan using sbtest1_pkey on sbtest1  (cost=0.43..408.18 rows=102 width=4)
	        Index Cond: ((id >= 6979917) AND (id <= 6980016))

table 2 : explain SELECT SUM(k) FROM sbtest2 WHERE id BETWEEN 5208905 AND 5209004
	Aggregate  (cost=388.46..388.47 rows=1 width=8)
	  ->  Index Scan using sbtest2_pkey on sbtest2  (cost=0.43..388.22 rows=97 width=4)
	        Index Cond: ((id >= 5208905) AND (id <= 5209004))

table 3 : explain SELECT SUM(k) FROM sbtest3 WHERE id BETWEEN 2659915 AND 2660014
	Aggregate  (cost=404.50..404.51 rows=1 width=8)
	  ->  Index Scan using sbtest3_pkey on sbtest3  (cost=0.43..404.24 rows=101 width=4)
	        Index Cond: ((id >= 2659915) AND (id <= 2660014))

table 4 : explain SELECT SUM(k) FROM sbtest4 WHERE id BETWEEN 9270543 AND 9270642
	Aggregate  (cost=372.39..372.40 rows=1 width=8)
	  ->  Index Scan using sbtest4_pkey on sbtest4  (cost=0.43..372.16 rows=93 width=4)
	        Index Cond: ((id >= 9270543) AND (id <= 9270642))

table 5 : explain SELECT SUM(k) FROM sbtest5 WHERE id BETWEEN 1964085 AND 1964184
	Aggregate  (cost=378.94..378.95 rows=1 width=8)
	  ->  Index Scan using sbtest5_pkey on sbtest5  (cost=0.43..378.70 rows=95 width=4)
	        Index Cond: ((id >= 1964085) AND (id <= 1964184))

table 6 : explain SELECT SUM(k) FROM sbtest6 WHERE id BETWEEN 4454353 AND 4454452
	Aggregate  (cost=376.06..376.07 rows=1 width=8)
	  ->  Index Scan using sbtest6_pkey on sbtest6  (cost=0.43..375.82 rows=94 width=4)
	        Index Cond: ((id >= 4454353) AND (id <= 4454452))

table 7 : explain SELECT SUM(k) FROM sbtest7 WHERE id BETWEEN 2152256 AND 2152355
	Aggregate  (cost=420.43..420.44 rows=1 width=8)
	  ->  Index Scan using sbtest7_pkey on sbtest7  (cost=0.43..420.17 rows=105 width=4)
	        Index Cond: ((id >= 2152256) AND (id <= 2152355))

table 8 : explain SELECT SUM(k) FROM sbtest8 WHERE id BETWEEN 7461551 AND 7461650
	Aggregate  (cost=410.98..410.99 rows=1 width=8)
	  ->  Index Scan using sbtest8_pkey on sbtest8  (cost=0.43..410.72 rows=103 width=4)
	        Index Cond: ((id >= 7461551) AND (id <= 7461650))

for: order_ranges
table 1 : explain SELECT c FROM sbtest1 WHERE id BETWEEN 1102761 AND 1102860 ORDER BY c
	Sort  (cost=379.59..379.82 rows=94 width=121)
	  Sort Key: c
	  ->  Index Scan using sbtest1_pkey on sbtest1  (cost=0.43..376.51 rows=94 width=121)
	        Index Cond: ((id >= 1102761) AND (id <= 1102860))

table 2 : explain SELECT c FROM sbtest2 WHERE id BETWEEN 9760088 AND 9760187 ORDER BY c
	Sort  (cost=387.42..387.66 rows=96 width=121)
	  Sort Key: c
	  ->  Index Scan using sbtest2_pkey on sbtest2  (cost=0.43..384.26 rows=96 width=121)
	        Index Cond: ((id >= 9760088) AND (id <= 9760187))

table 3 : explain SELECT c FROM sbtest3 WHERE id BETWEEN 9945159 AND 9945258 ORDER BY c
	Sort  (cost=379.61..379.84 rows=94 width=121)
	  Sort Key: c
	  ->  Index Scan using sbtest3_pkey on sbtest3  (cost=0.43..376.53 rows=94 width=121)
	        Index Cond: ((id >= 9945159) AND (id <= 9945258))

table 4 : explain SELECT c FROM sbtest4 WHERE id BETWEEN 9480931 AND 9481030 ORDER BY c
	Sort  (cost=407.16..407.42 rows=101 width=121)
	  Sort Key: c
	  ->  Index Scan using sbtest4_pkey on sbtest4  (cost=0.43..403.80 rows=101 width=121)
	        Index Cond: ((id >= 9480931) AND (id <= 9481030))

table 5 : explain SELECT c FROM sbtest5 WHERE id BETWEEN 5066698 AND 5066797 ORDER BY c
	Sort  (cost=425.61..425.87 rows=106 width=121)
	  Sort Key: c
	  ->  Index Scan using sbtest5_pkey on sbtest5  (cost=0.43..422.04 rows=106 width=121)
	        Index Cond: ((id >= 5066698) AND (id <= 5066797))

table 6 : explain SELECT c FROM sbtest6 WHERE id BETWEEN 6365648 AND 6365747 ORDER BY c
	Sort  (cost=386.89..387.13 rows=96 width=121)
	  Sort Key: c
	  ->  Index Scan using sbtest6_pkey on sbtest6  (cost=0.43..383.72 rows=96 width=121)
	        Index Cond: ((id >= 6365648) AND (id <= 6365747))

table 7 : explain SELECT c FROM sbtest7 WHERE id BETWEEN 5458685 AND 5458784 ORDER BY c
	Sort  (cost=415.70..415.95 rows=103 width=121)
	  Sort Key: c
	  ->  Index Scan using sbtest7_pkey on sbtest7  (cost=0.43..412.25 rows=103 width=121)
	        Index Cond: ((id >= 5458685) AND (id <= 5458784))

table 8 : explain SELECT c FROM sbtest8 WHERE id BETWEEN 6667555 AND 6667654 ORDER BY c
	Sort  (cost=394.22..394.47 rows=98 width=121)
	  Sort Key: c
	  ->  Index Scan using sbtest8_pkey on sbtest8  (cost=0.43..390.98 rows=98 width=121)
	        Index Cond: ((id >= 6667555) AND (id <= 6667654))

for: simple_ranges
table 1 : explain SELECT c FROM sbtest1 WHERE id BETWEEN 5993774 AND 5993873
	Index Scan using sbtest1_pkey on sbtest1  (cost=0.43..424.01 rows=106 width=121)
	  Index Cond: ((id >= 5993774) AND (id <= 5993873))

table 2 : explain SELECT c FROM sbtest2 WHERE id BETWEEN 8579601 AND 8579700
	Index Scan using sbtest2_pkey on sbtest2  (cost=0.43..447.56 rows=112 width=121)
	  Index Cond: ((id >= 8579601) AND (id <= 8579700))

table 3 : explain SELECT c FROM sbtest3 WHERE id BETWEEN 6084960 AND 6085059
	Index Scan using sbtest3_pkey on sbtest3  (cost=0.43..404.24 rows=101 width=121)
	  Index Cond: ((id >= 6084960) AND (id <= 6085059))

table 4 : explain SELECT c FROM sbtest4 WHERE id BETWEEN 7188558 AND 7188657
	Index Scan using sbtest4_pkey on sbtest4  (cost=0.43..419.61 rows=105 width=121)
	  Index Cond: ((id >= 7188558) AND (id <= 7188657))

table 5 : explain SELECT c FROM sbtest5 WHERE id BETWEEN 8016220 AND 8016319
	Index Scan using sbtest5_pkey on sbtest5  (cost=0.43..386.58 rows=97 width=121)
	  Index Cond: ((id >= 8016220) AND (id <= 8016319))

table 6 : explain SELECT c FROM sbtest6 WHERE id BETWEEN 8249562 AND 8249661
	Index Scan using sbtest6_pkey on sbtest6  (cost=0.43..391.62 rows=98 width=121)
	  Index Cond: ((id >= 8249562) AND (id <= 8249661))

table 7 : explain SELECT c FROM sbtest7 WHERE id BETWEEN 7918203 AND 7918302
	Index Scan using sbtest7_pkey on sbtest7  (cost=0.43..424.13 rows=106 width=121)
	  Index Cond: ((id >= 7918203) AND (id <= 7918302))

table 8 : explain SELECT c FROM sbtest8 WHERE id BETWEEN 4324599 AND 4324698
	Index Scan using sbtest8_pkey on sbtest8  (cost=0.43..410.72 rows=103 width=121)
	  Index Cond: ((id >= 4324599) AND (id <= 4324698))

for: order_ranges
table 1 : explain SELECT c FROM sbtest1 WHERE id BETWEEN 2683669 AND 2683768 ORDER BY c
	Sort  (cost=423.58..423.84 rows=105 width=121)
	  Sort Key: c
	  ->  Index Scan using sbtest1_pkey on sbtest1  (cost=0.43..420.05 rows=105 width=121)
	        Index Cond: ((id >= 2683669) AND (id <= 2683768))

table 2 : explain SELECT c FROM sbtest2 WHERE id BETWEEN 4763054 AND 4763153 ORDER BY c
	Sort  (cost=407.42..407.67 rows=101 width=121)
	  Sort Key: c
	  ->  Index Scan using sbtest2_pkey on sbtest2  (cost=0.43..404.05 rows=101 width=121)
	        Index Cond: ((id >= 4763054) AND (id <= 4763153))

table 3 : explain SELECT c FROM sbtest3 WHERE id BETWEEN 4244965 AND 4245064 ORDER BY c
	Sort  (cost=387.60..387.84 rows=96 width=121)
	  Sort Key: c
	  ->  Index Scan using sbtest3_pkey on sbtest3  (cost=0.43..384.44 rows=96 width=121)
	        Index Cond: ((id >= 4244965) AND (id <= 4245064))

table 4 : explain SELECT c FROM sbtest4 WHERE id BETWEEN 2327949 AND 2328048 ORDER BY c
	Sort  (cost=383.19..383.42 rows=95 width=121)
	  Sort Key: c
	  ->  Index Scan using sbtest4_pkey on sbtest4  (cost=0.43..380.07 rows=95 width=121)
	        Index Cond: ((id >= 2327949) AND (id <= 2328048))

table 5 : explain SELECT c FROM sbtest5 WHERE id BETWEEN 4210889 AND 4210988 ORDER BY c
	Sort  (cost=381.82..382.06 rows=95 width=121)
	  Sort Key: c
	  ->  Index Scan using sbtest5_pkey on sbtest5  (cost=0.43..378.70 rows=95 width=121)
	        Index Cond: ((id >= 4210889) AND (id <= 4210988))

table 6 : explain SELECT c FROM sbtest6 WHERE id BETWEEN 6012955 AND 6013054 ORDER BY c
	Sort  (cost=346.99..347.20 rows=86 width=121)
	  Sort Key: c
	  ->  Index Scan using sbtest6_pkey on sbtest6  (cost=0.43..344.23 rows=86 width=121)
	        Index Cond: ((id >= 6012955) AND (id <= 6013054))

table 7 : explain SELECT c FROM sbtest7 WHERE id BETWEEN 3390448 AND 3390547 ORDER BY c
	Sort  (cost=431.69..431.96 rows=107 width=121)
	  Sort Key: c
	  ->  Index Scan using sbtest7_pkey on sbtest7  (cost=0.43..428.09 rows=107 width=121)
	        Index Cond: ((id >= 3390448) AND (id <= 3390547))

table 8 : explain SELECT c FROM sbtest8 WHERE id BETWEEN 8737153 AND 8737252 ORDER BY c
	Sort  (cost=386.26..386.50 rows=96 width=121)
	  Sort Key: c
	  ->  Index Scan using sbtest8_pkey on sbtest8  (cost=0.43..383.10 rows=96 width=121)
	        Index Cond: ((id >= 8737153) AND (id <= 8737252))

for: order_ranges
table 1 : explain SELECT c FROM sbtest1 WHERE id BETWEEN 476507 AND 476606 ORDER BY c
	Sort  (cost=391.58..391.82 rows=97 width=121)
	  Sort Key: c
	  ->  Index Scan using sbtest1_pkey on sbtest1  (cost=0.43..388.38 rows=97 width=121)
	        Index Cond: ((id >= 476507) AND (id <= 476606))

table 2 : explain SELECT c FROM sbtest2 WHERE id BETWEEN 5713940 AND 5714039 ORDER BY c
	Sort  (cost=403.40..403.65 rows=100 width=121)
	  Sort Key: c
	  ->  Index Scan using sbtest2_pkey on sbtest2  (cost=0.43..400.08 rows=100 width=121)
	        Index Cond: ((id >= 5713940) AND (id <= 5714039))

table 3 : explain SELECT c FROM sbtest3 WHERE id BETWEEN 600617 AND 600716 ORDER BY c
	Sort  (cost=383.61..383.84 rows=95 width=121)
	  Sort Key: c
	  ->  Index Scan using sbtest3_pkey on sbtest3  (cost=0.43..380.48 rows=95 width=121)
	        Index Cond: ((id >= 600617) AND (id <= 600716))

table 4 : explain SELECT c FROM sbtest4 WHERE id BETWEEN 3386877 AND 3386976 ORDER BY c
	Sort  (cost=359.23..359.45 rows=89 width=121)
	  Sort Key: c
	  ->  Index Scan using sbtest4_pkey on sbtest4  (cost=0.43..356.35 rows=89 width=121)
	        Index Cond: ((id >= 3386877) AND (id <= 3386976))

table 5 : explain SELECT c FROM sbtest5 WHERE id BETWEEN 5877794 AND 5877893 ORDER BY c
	Sort  (cost=397.73..397.98 rows=99 width=121)
	  Sort Key: c
	  ->  Index Scan using sbtest5_pkey on sbtest5  (cost=0.43..394.45 rows=99 width=121)
	        Index Cond: ((id >= 5877794) AND (id <= 5877893))

table 6 : explain SELECT c FROM sbtest6 WHERE id BETWEEN 5711803 AND 5711902 ORDER BY c
	Sort  (cost=394.87..395.11 rows=98 width=121)
	  Sort Key: c
	  ->  Index Scan using sbtest6_pkey on sbtest6  (cost=0.43..391.62 rows=98 width=121)
	        Index Cond: ((id >= 5711803) AND (id <= 5711902))

table 7 : explain SELECT c FROM sbtest7 WHERE id BETWEEN 4835996 AND 4836095 ORDER BY c
	Sort  (cost=371.70..371.93 rows=92 width=121)
	  Sort Key: c
	  ->  Index Scan using sbtest7_pkey on sbtest7  (cost=0.43..368.70 rows=92 width=121)
	        Index Cond: ((id >= 4835996) AND (id <= 4836095))

table 8 : explain SELECT c FROM sbtest8 WHERE id BETWEEN 8224308 AND 8224407 ORDER BY c
	Sort  (cost=430.10..430.37 rows=107 width=121)
	  Sort Key: c
	  ->  Index Scan using sbtest8_pkey on sbtest8  (cost=0.43..426.49 rows=107 width=121)
	        Index Cond: ((id >= 8224308) AND (id <= 8224407))

for: sum_ranges
table 1 : explain SELECT SUM(k) FROM sbtest1 WHERE id BETWEEN 403370 AND 403469
	Aggregate  (cost=388.62..388.63 rows=1 width=8)
	  ->  Index Scan using sbtest1_pkey on sbtest1  (cost=0.43..388.38 rows=97 width=4)
	        Index Cond: ((id >= 403370) AND (id <= 403469))

table 2 : explain SELECT SUM(k) FROM sbtest2 WHERE id BETWEEN 5374520 AND 5374619
	Aggregate  (cost=428.05..428.06 rows=1 width=8)
	  ->  Index Scan using sbtest2_pkey on sbtest2  (cost=0.43..427.79 rows=107 width=4)
	        Index Cond: ((id >= 5374520) AND (id <= 5374619))

table 3 : explain SELECT SUM(k) FROM sbtest3 WHERE id BETWEEN 2843779 AND 2843878
	Aggregate  (cost=349.04..349.05 rows=1 width=8)
	  ->  Index Scan using sbtest3_pkey on sbtest3  (cost=0.43..348.83 rows=87 width=4)
	        Index Cond: ((id >= 2843779) AND (id <= 2843878))

table 4 : explain SELECT SUM(k) FROM sbtest4 WHERE id BETWEEN 771762 AND 771861
	Aggregate  (cost=419.88..419.89 rows=1 width=8)
	  ->  Index Scan using sbtest4_pkey on sbtest4  (cost=0.43..419.61 rows=105 width=4)
	        Index Cond: ((id >= 771762) AND (id <= 771861))

table 5 : explain SELECT SUM(k) FROM sbtest5 WHERE id BETWEEN 2460728 AND 2460827
	Aggregate  (cost=367.11..367.12 rows=1 width=8)
	  ->  Index Scan using sbtest5_pkey on sbtest5  (cost=0.43..366.88 rows=92 width=4)
	        Index Cond: ((id >= 2460728) AND (id <= 2460827))

table 6 : explain SELECT SUM(k) FROM sbtest6 WHERE id BETWEEN 3618646 AND 3618745
	Aggregate  (cost=419.55..419.56 rows=1 width=8)
	  ->  Index Scan using sbtest6_pkey on sbtest6  (cost=0.43..419.29 rows=105 width=4)
	        Index Cond: ((id >= 3618646) AND (id <= 3618745))

table 7 : explain SELECT SUM(k) FROM sbtest7 WHERE id BETWEEN 4450022 AND 4450121
	Aggregate  (cost=420.43..420.44 rows=1 width=8)
	  ->  Index Scan using sbtest7_pkey on sbtest7  (cost=0.43..420.17 rows=105 width=4)
	        Index Cond: ((id >= 4450022) AND (id <= 4450121))

table 8 : explain SELECT SUM(k) FROM sbtest8 WHERE id BETWEEN 3287173 AND 3287272
	Aggregate  (cost=387.28..387.29 rows=1 width=8)
	  ->  Index Scan using sbtest8_pkey on sbtest8  (cost=0.43..387.04 rows=97 width=4)
	        Index Cond: ((id >= 3287173) AND (id <= 3287272))

for: sum_ranges
table 1 : explain SELECT SUM(k) FROM sbtest1 WHERE id BETWEEN 7051991 AND 7052090
	Aggregate  (cost=408.44..408.45 rows=1 width=8)
	  ->  Index Scan using sbtest1_pkey on sbtest1  (cost=0.43..408.18 rows=102 width=4)
	        Index Cond: ((id >= 7051991) AND (id <= 7052090))

table 2 : explain SELECT SUM(k) FROM sbtest2 WHERE id BETWEEN 9981407 AND 9981506
	Aggregate  (cost=376.58..376.59 rows=1 width=8)
	  ->  Index Scan using sbtest2_pkey on sbtest2  (cost=0.43..376.35 rows=94 width=4)
	        Index Cond: ((id >= 9981407) AND (id <= 9981506))

table 3 : explain SELECT SUM(k) FROM sbtest3 WHERE id BETWEEN 1580472 AND 1580571
	Aggregate  (cost=436.18..436.19 rows=1 width=8)
	  ->  Index Scan using sbtest3_pkey on sbtest3  (cost=0.43..435.90 rows=109 width=4)
	        Index Cond: ((id >= 1580472) AND (id <= 1580571))

table 4 : explain SELECT SUM(k) FROM sbtest4 WHERE id BETWEEN 456917 AND 457016
	Aggregate  (cost=423.83..423.84 rows=1 width=8)
	  ->  Index Scan using sbtest4_pkey on sbtest4  (cost=0.43..423.57 rows=106 width=4)
	        Index Cond: ((id >= 456917) AND (id <= 457016))

table 5 : explain SELECT SUM(k) FROM sbtest5 WHERE id BETWEEN 6673406 AND 6673505
	Aggregate  (cost=382.88..382.89 rows=1 width=8)
	  ->  Index Scan using sbtest5_pkey on sbtest5  (cost=0.43..382.64 rows=96 width=4)
	        Index Cond: ((id >= 6673406) AND (id <= 6673505))

table 6 : explain SELECT SUM(k) FROM sbtest6 WHERE id BETWEEN 7230259 AND 7230358
	Aggregate  (cost=403.74..403.75 rows=1 width=8)
	  ->  Index Scan using sbtest6_pkey on sbtest6  (cost=0.43..403.49 rows=101 width=4)
	        Index Cond: ((id >= 7230259) AND (id <= 7230358))

table 7 : explain SELECT SUM(k) FROM sbtest7 WHERE id BETWEEN 2464852 AND 2464951
	Aggregate  (cost=364.96..364.97 rows=1 width=8)
	  ->  Index Scan using sbtest7_pkey on sbtest7  (cost=0.43..364.74 rows=91 width=4)
	        Index Cond: ((id >= 2464852) AND (id <= 2464951))

table 8 : explain SELECT SUM(k) FROM sbtest8 WHERE id BETWEEN 486725 AND 486824
	Aggregate  (cost=418.87..418.88 rows=1 width=8)
	  ->  Index Scan using sbtest8_pkey on sbtest8  (cost=0.43..418.60 rows=105 width=4)
	        Index Cond: ((id >= 486725) AND (id <= 486824))

for: simple_ranges
table 1 : explain SELECT c FROM sbtest1 WHERE id BETWEEN 7124490 AND 7124589
	Index Scan using sbtest1_pkey on sbtest1  (cost=0.43..396.29 rows=99 width=121)
	  Index Cond: ((id >= 7124490) AND (id <= 7124589))

table 2 : explain SELECT c FROM sbtest2 WHERE id BETWEEN 9222868 AND 9222967
	Index Scan using sbtest2_pkey on sbtest2  (cost=0.43..427.79 rows=107 width=121)
	  Index Cond: ((id >= 9222868) AND (id <= 9222967))

table 3 : explain SELECT c FROM sbtest3 WHERE id BETWEEN 7111086 AND 7111185
	Index Scan using sbtest3_pkey on sbtest3  (cost=0.43..400.27 rows=100 width=121)
	  Index Cond: ((id >= 7111086) AND (id <= 7111185))

table 4 : explain SELECT c FROM sbtest4 WHERE id BETWEEN 4493217 AND 4493316
	Index Scan using sbtest4_pkey on sbtest4  (cost=0.43..439.38 rows=110 width=121)
	  Index Cond: ((id >= 4493217) AND (id <= 4493316))

table 5 : explain SELECT c FROM sbtest5 WHERE id BETWEEN 4333798 AND 4333897
	Index Scan using sbtest5_pkey on sbtest5  (cost=0.43..382.64 rows=96 width=121)
	  Index Cond: ((id >= 4333798) AND (id <= 4333897))

table 6 : explain SELECT c FROM sbtest6 WHERE id BETWEEN 5992357 AND 5992456
	Index Scan using sbtest6_pkey on sbtest6  (cost=0.43..344.23 rows=86 width=121)
	  Index Cond: ((id >= 5992357) AND (id <= 5992456))

table 7 : explain SELECT c FROM sbtest7 WHERE id BETWEEN 9655741 AND 9655840
	Index Scan using sbtest7_pkey on sbtest7  (cost=0.43..451.84 rows=113 width=121)
	  Index Cond: ((id >= 9655741) AND (id <= 9655840))

table 8 : explain SELECT c FROM sbtest8 WHERE id BETWEEN 249337 AND 249436
	Index Scan using sbtest8_pkey on sbtest8  (cost=0.43..430.43 rows=108 width=121)
	  Index Cond: ((id >= 249337) AND (id <= 249436))

for: simple_ranges
table 1 : explain SELECT c FROM sbtest1 WHERE id BETWEEN 8799752 AND 8799851
	Index Scan using sbtest1_pkey on sbtest1  (cost=0.43..380.47 rows=95 width=121)
	  Index Cond: ((id >= 8799752) AND (id <= 8799851))

table 2 : explain SELECT c FROM sbtest2 WHERE id BETWEEN 4538456 AND 4538555
	Index Scan using sbtest2_pkey on sbtest2  (cost=0.43..380.30 rows=95 width=121)
	  Index Cond: ((id >= 4538456) AND (id <= 4538555))

table 3 : explain SELECT c FROM sbtest3 WHERE id BETWEEN 2349375 AND 2349474
	Index Scan using sbtest3_pkey on sbtest3  (cost=0.43..380.48 rows=95 width=121)
	  Index Cond: ((id >= 2349375) AND (id <= 2349474))

table 4 : explain SELECT c FROM sbtest4 WHERE id BETWEEN 6374051 AND 6374150
	Index Scan using sbtest4_pkey on sbtest4  (cost=0.43..399.83 rows=100 width=121)
	  Index Cond: ((id >= 6374051) AND (id <= 6374150))

table 5 : explain SELECT c FROM sbtest5 WHERE id BETWEEN 9899951 AND 9900050
	Index Scan using sbtest5_pkey on sbtest5  (cost=0.43..370.82 rows=93 width=121)
	  Index Cond: ((id >= 9899951) AND (id <= 9900050))

table 6 : explain SELECT c FROM sbtest6 WHERE id BETWEEN 6446166 AND 6446265
	Index Scan using sbtest6_pkey on sbtest6  (cost=0.43..391.62 rows=98 width=121)
	  Index Cond: ((id >= 6446166) AND (id <= 6446265))

table 7 : explain SELECT c FROM sbtest7 WHERE id BETWEEN 7573522 AND 7573621
	Index Scan using sbtest7_pkey on sbtest7  (cost=0.43..404.34 rows=101 width=121)
	  Index Cond: ((id >= 7573522) AND (id <= 7573621))

table 8 : explain SELECT c FROM sbtest8 WHERE id BETWEEN 3122551 AND 3122650
	Index Scan using sbtest8_pkey on sbtest8  (cost=0.43..390.98 rows=98 width=121)
	  Index Cond: ((id >= 3122551) AND (id <= 3122650))

for: order_ranges
table 1 : explain SELECT c FROM sbtest1 WHERE id BETWEEN 1756324 AND 1756423 ORDER BY c
	Sort  (cost=431.57..431.84 rows=107 width=121)
	  Sort Key: c
	  ->  Index Scan using sbtest1_pkey on sbtest1  (cost=0.43..427.97 rows=107 width=121)
	        Index Cond: ((id >= 1756324) AND (id <= 1756423))

table 2 : explain SELECT c FROM sbtest2 WHERE id BETWEEN 2633466 AND 2633565 ORDER BY c
	Sort  (cost=403.40..403.65 rows=100 width=121)
	  Sort Key: c
	  ->  Index Scan using sbtest2_pkey on sbtest2  (cost=0.43..400.08 rows=100 width=121)
	        Index Cond: ((id >= 2633466) AND (id <= 2633565))

table 3 : explain SELECT c FROM sbtest3 WHERE id BETWEEN 6134401 AND 6134500 ORDER BY c
	Sort  (cost=415.60..415.86 rows=103 width=121)
	  Sort Key: c
	  ->  Index Scan using sbtest3_pkey on sbtest3  (cost=0.43..412.16 rows=103 width=121)
	        Index Cond: ((id >= 6134401) AND (id <= 6134500))

table 4 : explain SELECT c FROM sbtest4 WHERE id BETWEEN 3312448 AND 3312547 ORDER BY c
	Sort  (cost=359.23..359.45 rows=89 width=121)
	  Sort Key: c
	  ->  Index Scan using sbtest4_pkey on sbtest4  (cost=0.43..356.35 rows=89 width=121)
	        Index Cond: ((id >= 3312448) AND (id <= 3312547))

table 5 : explain SELECT c FROM sbtest5 WHERE id BETWEEN 2606802 AND 2606901 ORDER BY c
	Sort  (cost=425.61..425.87 rows=106 width=121)
	  Sort Key: c
	  ->  Index Scan using sbtest5_pkey on sbtest5  (cost=0.43..422.04 rows=106 width=121)
	        Index Cond: ((id >= 2606802) AND (id <= 2606901))

table 6 : explain SELECT c FROM sbtest6 WHERE id BETWEEN 7334653 AND 7334752 ORDER BY c
	Sort  (cost=382.90..383.13 rows=95 width=121)
	  Sort Key: c
	  ->  Index Scan using sbtest6_pkey on sbtest6  (cost=0.43..379.77 rows=95 width=121)
	        Index Cond: ((id >= 7334653) AND (id <= 7334752))

table 7 : explain SELECT c FROM sbtest7 WHERE id BETWEEN 9470718 AND 9470817 ORDER BY c
	Sort  (cost=403.70..403.95 rows=100 width=121)
	  Sort Key: c
	  ->  Index Scan using sbtest7_pkey on sbtest7  (cost=0.43..400.38 rows=100 width=121)
	        Index Cond: ((id >= 9470718) AND (id <= 9470817))

table 8 : explain SELECT c FROM sbtest8 WHERE id BETWEEN 5928169 AND 5928268 ORDER BY c
	Sort  (cost=386.26..386.50 rows=96 width=121)
	  Sort Key: c
	  ->  Index Scan using sbtest8_pkey on sbtest8  (cost=0.43..383.10 rows=96 width=121)
	        Index Cond: ((id >= 5928169) AND (id <= 5928268))

for: order_ranges
table 1 : explain SELECT c FROM sbtest1 WHERE id BETWEEN 5958236 AND 5958335 ORDER BY c
	Sort  (cost=431.57..431.84 rows=107 width=121)
	  Sort Key: c
	  ->  Index Scan using sbtest1_pkey on sbtest1  (cost=0.43..427.97 rows=107 width=121)
	        Index Cond: ((id >= 5958236) AND (id <= 5958335))

table 2 : explain SELECT c FROM sbtest2 WHERE id BETWEEN 4297359 AND 4297458 ORDER BY c
	Sort  (cost=395.41..395.66 rows=98 width=121)
	  Sort Key: c
	  ->  Index Scan using sbtest2_pkey on sbtest2  (cost=0.43..392.17 rows=98 width=121)
	        Index Cond: ((id >= 4297359) AND (id <= 4297458))

table 3 : explain SELECT c FROM sbtest3 WHERE id BETWEEN 5604041 AND 5604140 ORDER BY c
	Sort  (cost=407.61..407.86 rows=101 width=121)
	  Sort Key: c
	  ->  Index Scan using sbtest3_pkey on sbtest3  (cost=0.43..404.24 rows=101 width=121)
	        Index Cond: ((id >= 5604041) AND (id <= 5604140))

table 4 : explain SELECT c FROM sbtest4 WHERE id BETWEEN 6221387 AND 6221486 ORDER BY c
	Sort  (cost=387.18..387.42 rows=96 width=121)
	  Sort Key: c
	  ->  Index Scan using sbtest4_pkey on sbtest4  (cost=0.43..384.02 rows=96 width=121)
	        Index Cond: ((id >= 6221387) AND (id <= 6221486))

table 5 : explain SELECT c FROM sbtest5 WHERE id BETWEEN 5438303 AND 5438402 ORDER BY c
	Sort  (cost=429.59..429.85 rows=107 width=121)
	  Sort Key: c
	  ->  Index Scan using sbtest5_pkey on sbtest5  (cost=0.43..425.98 rows=107 width=121)
	        Index Cond: ((id >= 5438303) AND (id <= 5438402))

table 6 : explain SELECT c FROM sbtest6 WHERE id BETWEEN 7733828 AND 7733927 ORDER BY c
	Sort  (cost=390.88..391.12 rows=97 width=121)
	  Sort Key: c
	  ->  Index Scan using sbtest6_pkey on sbtest6  (cost=0.43..387.67 rows=97 width=121)
	        Index Cond: ((id >= 7733828) AND (id <= 7733927))

table 7 : explain SELECT c FROM sbtest7 WHERE id BETWEEN 7614535 AND 7614634 ORDER BY c
	Sort  (cost=407.70..407.95 rows=101 width=121)
	  Sort Key: c
	  ->  Index Scan using sbtest7_pkey on sbtest7  (cost=0.43..404.34 rows=101 width=121)
	        Index Cond: ((id >= 7614535) AND (id <= 7614634))

table 8 : explain SELECT c FROM sbtest8 WHERE id BETWEEN 7166878 AND 7166977 ORDER BY c
	Sort  (cost=422.13..422.39 rows=105 width=121)
	  Sort Key: c
	  ->  Index Scan using sbtest8_pkey on sbtest8  (cost=0.43..418.60 rows=105 width=121)
	        Index Cond: ((id >= 7166878) AND (id <= 7166977))

for: sum_ranges
table 1 : explain SELECT SUM(k) FROM sbtest1 WHERE id BETWEEN 5693480 AND 5693579
	Aggregate  (cost=404.48..404.49 rows=1 width=8)
	  ->  Index Scan using sbtest1_pkey on sbtest1  (cost=0.43..404.22 rows=101 width=4)
	        Index Cond: ((id >= 5693480) AND (id <= 5693579))

table 2 : explain SELECT SUM(k) FROM sbtest2 WHERE id BETWEEN 7401679 AND 7401778
	Aggregate  (cost=368.67..368.68 rows=1 width=8)
	  ->  Index Scan using sbtest2_pkey on sbtest2  (cost=0.43..368.44 rows=92 width=4)
	        Index Cond: ((id >= 7401679) AND (id <= 7401778))

table 3 : explain SELECT SUM(k) FROM sbtest3 WHERE id BETWEEN 1120097 AND 1120196
	Aggregate  (cost=432.22..432.23 rows=1 width=8)
	  ->  Index Scan using sbtest3_pkey on sbtest3  (cost=0.43..431.95 rows=108 width=4)
	        Index Cond: ((id >= 1120097) AND (id <= 1120196))

table 4 : explain SELECT SUM(k) FROM sbtest4 WHERE id BETWEEN 7853595 AND 7853694
	Aggregate  (cost=388.21..388.22 rows=1 width=8)
	  ->  Index Scan using sbtest4_pkey on sbtest4  (cost=0.43..387.97 rows=97 width=4)
	        Index Cond: ((id >= 7853595) AND (id <= 7853694))

table 5 : explain SELECT SUM(k) FROM sbtest5 WHERE id BETWEEN 6451259 AND 6451358
	Aggregate  (cost=430.19..430.20 rows=1 width=8)
	  ->  Index Scan using sbtest5_pkey on sbtest5  (cost=0.43..429.92 rows=108 width=4)
	        Index Cond: ((id >= 6451259) AND (id <= 6451358))

table 6 : explain SELECT SUM(k) FROM sbtest6 WHERE id BETWEEN 4164862 AND 4164961
	Aggregate  (cost=391.87..391.88 rows=1 width=8)
	  ->  Index Scan using sbtest6_pkey on sbtest6  (cost=0.43..391.62 rows=98 width=4)
	        Index Cond: ((id >= 4164862) AND (id <= 4164961))

table 7 : explain SELECT SUM(k) FROM sbtest7 WHERE id BETWEEN 225188 AND 225287
	Aggregate  (cost=412.51..412.52 rows=1 width=8)
	  ->  Index Scan using sbtest7_pkey on sbtest7  (cost=0.43..412.25 rows=103 width=4)
	        Index Cond: ((id >= 225188) AND (id <= 225287))

table 8 : explain SELECT SUM(k) FROM sbtest8 WHERE id BETWEEN 8635714 AND 8635813
	Aggregate  (cost=379.39..379.40 rows=1 width=8)
	  ->  Index Scan using sbtest8_pkey on sbtest8  (cost=0.43..379.15 rows=95 width=4)
	        Index Cond: ((id >= 8635714) AND (id <= 8635813))

for: order_ranges
table 1 : explain SELECT c FROM sbtest1 WHERE id BETWEEN 9247872 AND 9247971 ORDER BY c
	Sort  (cost=415.58..415.84 rows=103 width=121)
	  Sort Key: c
	  ->  Index Scan using sbtest1_pkey on sbtest1  (cost=0.43..412.14 rows=103 width=121)
	        Index Cond: ((id >= 9247872) AND (id <= 9247971))

table 2 : explain SELECT c FROM sbtest2 WHERE id BETWEEN 99938 AND 100037 ORDER BY c
	Sort  (cost=411.41..411.67 rows=102 width=121)
	  Sort Key: c
	  ->  Index Scan using sbtest2_pkey on sbtest2  (cost=0.43..408.01 rows=102 width=121)
	        Index Cond: ((id >= 99938) AND (id <= 100037))

table 3 : explain SELECT c FROM sbtest3 WHERE id BETWEEN 8953953 AND 8954052 ORDER BY c
	Sort  (cost=451.59..451.87 rows=112 width=121)
	  Sort Key: c
	  ->  Index Scan using sbtest3_pkey on sbtest3  (cost=0.43..447.78 rows=112 width=121)
	        Index Cond: ((id >= 8953953) AND (id <= 8954052))

table 4 : explain SELECT c FROM sbtest4 WHERE id BETWEEN 7742318 AND 7742417 ORDER BY c
	Sort  (cost=363.22..363.45 rows=90 width=121)
	  Sort Key: c
	  ->  Index Scan using sbtest4_pkey on sbtest4  (cost=0.43..360.30 rows=90 width=121)
	        Index Cond: ((id >= 7742318) AND (id <= 7742417))

table 5 : explain SELECT c FROM sbtest5 WHERE id BETWEEN 1521242 AND 1521341 ORDER BY c
	Sort  (cost=445.50..445.78 rows=111 width=121)
	  Sort Key: c
	  ->  Index Scan using sbtest5_pkey on sbtest5  (cost=0.43..441.73 rows=111 width=121)
	        Index Cond: ((id >= 1521242) AND (id <= 1521341))

table 6 : explain SELECT c FROM sbtest6 WHERE id BETWEEN 778226 AND 778325 ORDER BY c
	Sort  (cost=366.94..367.16 rows=91 width=121)
	  Sort Key: c
	  ->  Index Scan using sbtest6_pkey on sbtest6  (cost=0.43..363.98 rows=91 width=121)
	        Index Cond: ((id >= 778226) AND (id <= 778325))

table 7 : explain SELECT c FROM sbtest7 WHERE id BETWEEN 90212 AND 90311 ORDER BY c
	Sort  (cost=351.71..351.92 rows=87 width=121)
	  Sort Key: c
	  ->  Index Scan using sbtest7_pkey on sbtest7  (cost=0.43..348.90 rows=87 width=121)
	        Index Cond: ((id >= 90212) AND (id <= 90311))

table 8 : explain SELECT c FROM sbtest8 WHERE id BETWEEN 9318314 AND 9318413 ORDER BY c
	Sort  (cost=410.18..410.43 rows=102 width=121)
	  Sort Key: c
	  ->  Index Scan using sbtest8_pkey on sbtest8  (cost=0.43..406.78 rows=102 width=121)
	        Index Cond: ((id >= 9318314) AND (id <= 9318413))

for: simple_ranges
table 1 : explain SELECT c FROM sbtest1 WHERE id BETWEEN 4905611 AND 4905710
	Index Scan using sbtest1_pkey on sbtest1  (cost=0.43..392.34 rows=98 width=121)
	  Index Cond: ((id >= 4905611) AND (id <= 4905710))

table 2 : explain SELECT c FROM sbtest2 WHERE id BETWEEN 8483228 AND 8483327
	Index Scan using sbtest2_pkey on sbtest2  (cost=0.43..408.01 rows=102 width=121)
	  Index Cond: ((id >= 8483228) AND (id <= 8483327))

table 3 : explain SELECT c FROM sbtest3 WHERE id BETWEEN 2503812 AND 2503911
	Index Scan using sbtest3_pkey on sbtest3  (cost=0.43..455.69 rows=114 width=121)
	  Index Cond: ((id >= 2503812) AND (id <= 2503911))

table 4 : explain SELECT c FROM sbtest4 WHERE id BETWEEN 9262751 AND 9262850
	Index Scan using sbtest4_pkey on sbtest4  (cost=0.43..372.16 rows=93 width=121)
	  Index Cond: ((id >= 9262751) AND (id <= 9262850))

table 5 : explain SELECT c FROM sbtest5 WHERE id BETWEEN 2407144 AND 2407243
	Index Scan using sbtest5_pkey on sbtest5  (cost=0.43..366.88 rows=92 width=121)
	  Index Cond: ((id >= 2407144) AND (id <= 2407243))

table 6 : explain SELECT c FROM sbtest6 WHERE id BETWEEN 8232710 AND 8232809
	Index Scan using sbtest6_pkey on sbtest6  (cost=0.43..391.62 rows=98 width=121)
	  Index Cond: ((id >= 8232710) AND (id <= 8232809))

table 7 : explain SELECT c FROM sbtest7 WHERE id BETWEEN 8045114 AND 8045213
	Index Scan using sbtest7_pkey on sbtest7  (cost=0.43..439.96 rows=110 width=121)
	  Index Cond: ((id >= 8045114) AND (id <= 8045213))

table 8 : explain SELECT c FROM sbtest8 WHERE id BETWEEN 1297627 AND 1297726
	Index Scan using sbtest8_pkey on sbtest8  (cost=0.43..394.95 rows=99 width=121)
	  Index Cond: ((id >= 1297627) AND (id <= 1297726))

for: order_ranges
table 1 : explain SELECT c FROM sbtest1 WHERE id BETWEEN 4533075 AND 4533174 ORDER BY c
	Sort  (cost=431.57..431.84 rows=107 width=121)
	  Sort Key: c
	  ->  Index Scan using sbtest1_pkey on sbtest1  (cost=0.43..427.97 rows=107 width=121)
	        Index Cond: ((id >= 4533075) AND (id <= 4533174))

table 2 : explain SELECT c FROM sbtest2 WHERE id BETWEEN 223793 AND 223892 ORDER BY c
	Sort  (cost=383.42..383.66 rows=95 width=121)
	  Sort Key: c
	  ->  Index Scan using sbtest2_pkey on sbtest2  (cost=0.43..380.30 rows=95 width=121)
	        Index Cond: ((id >= 223793) AND (id <= 223892))

table 3 : explain SELECT c FROM sbtest3 WHERE id BETWEEN 4965201 AND 4965300 ORDER BY c
	Sort  (cost=415.60..415.86 rows=103 width=121)
	  Sort Key: c
	  ->  Index Scan using sbtest3_pkey on sbtest3  (cost=0.43..412.16 rows=103 width=121)
	        Index Cond: ((id >= 4965201) AND (id <= 4965300))

table 4 : explain SELECT c FROM sbtest4 WHERE id BETWEEN 6951327 AND 6951426 ORDER BY c
	Sort  (cost=439.11..439.39 rows=109 width=121)
	  Sort Key: c
	  ->  Index Scan using sbtest4_pkey on sbtest4  (cost=0.43..435.42 rows=109 width=121)
	        Index Cond: ((id >= 6951327) AND (id <= 6951426))

table 5 : explain SELECT c FROM sbtest5 WHERE id BETWEEN 552412 AND 552511 ORDER BY c
	Sort  (cost=369.88..370.11 rows=92 width=121)
	  Sort Key: c
	  ->  Index Scan using sbtest5_pkey on sbtest5  (cost=0.43..366.88 rows=92 width=121)
	        Index Cond: ((id >= 552412) AND (id <= 552511))

table 6 : explain SELECT c FROM sbtest6 WHERE id BETWEEN 5142191 AND 5142290 ORDER BY c
	Sort  (cost=386.89..387.13 rows=96 width=121)
	  Sort Key: c
	  ->  Index Scan using sbtest6_pkey on sbtest6  (cost=0.43..383.72 rows=96 width=121)
	        Index Cond: ((id >= 5142191) AND (id <= 5142290))

table 7 : explain SELECT c FROM sbtest7 WHERE id BETWEEN 8450188 AND 8450287 ORDER BY c
	Sort  (cost=411.70..411.95 rows=102 width=121)
	  Sort Key: c
	  ->  Index Scan using sbtest7_pkey on sbtest7  (cost=0.43..408.29 rows=102 width=121)
	        Index Cond: ((id >= 8450188) AND (id <= 8450287))

table 8 : explain SELECT c FROM sbtest8 WHERE id BETWEEN 9025405 AND 9025504 ORDER BY c
	Sort  (cost=402.21..402.46 rows=100 width=121)
	  Sort Key: c
	  ->  Index Scan using sbtest8_pkey on sbtest8  (cost=0.43..398.89 rows=100 width=121)
	        Index Cond: ((id >= 9025405) AND (id <= 9025504))

for: sum_ranges
table 1 : explain SELECT SUM(k) FROM sbtest1 WHERE id BETWEEN 2800892 AND 2800991
	Aggregate  (cost=404.48..404.49 rows=1 width=8)
	  ->  Index Scan using sbtest1_pkey on sbtest1  (cost=0.43..404.22 rows=101 width=4)
	        Index Cond: ((id >= 2800892) AND (id <= 2800991))

table 2 : explain SELECT SUM(k) FROM sbtest2 WHERE id BETWEEN 9054166 AND 9054265
	Aggregate  (cost=396.37..396.38 rows=1 width=8)
	  ->  Index Scan using sbtest2_pkey on sbtest2  (cost=0.43..396.13 rows=99 width=4)
	        Index Cond: ((id >= 9054166) AND (id <= 9054265))

table 3 : explain SELECT SUM(k) FROM sbtest3 WHERE id BETWEEN 4781288 AND 4781387
	Aggregate  (cost=372.80..372.81 rows=1 width=8)
	  ->  Index Scan using sbtest3_pkey on sbtest3  (cost=0.43..372.57 rows=93 width=4)
	        Index Cond: ((id >= 4781288) AND (id <= 4781387))

table 4 : explain SELECT SUM(k) FROM sbtest4 WHERE id BETWEEN 201038 AND 201137
	Aggregate  (cost=423.83..423.84 rows=1 width=8)
	  ->  Index Scan using sbtest4_pkey on sbtest4  (cost=0.43..423.57 rows=106 width=4)
	        Index Cond: ((id >= 201038) AND (id <= 201137))

table 5 : explain SELECT SUM(k) FROM sbtest5 WHERE id BETWEEN 8820399 AND 8820498
	Aggregate  (cost=390.76..390.77 rows=1 width=8)
	  ->  Index Scan using sbtest5_pkey on sbtest5  (cost=0.43..390.51 rows=98 width=4)
	        Index Cond: ((id >= 8820399) AND (id <= 8820498))

table 6 : explain SELECT SUM(k) FROM sbtest6 WHERE id BETWEEN 4063926 AND 4064025
	Aggregate  (cost=391.87..391.88 rows=1 width=8)
	  ->  Index Scan using sbtest6_pkey on sbtest6  (cost=0.43..391.62 rows=98 width=4)
	        Index Cond: ((id >= 4063926) AND (id <= 4064025))

table 7 : explain SELECT SUM(k) FROM sbtest7 WHERE id BETWEEN 2755481 AND 2755580
	Aggregate  (cost=392.69..392.70 rows=1 width=8)
	  ->  Index Scan using sbtest7_pkey on sbtest7  (cost=0.43..392.45 rows=98 width=4)
	        Index Cond: ((id >= 2755481) AND (id <= 2755580))

table 8 : explain SELECT SUM(k) FROM sbtest8 WHERE id BETWEEN 2300551 AND 2300650
	Aggregate  (cost=403.08..403.09 rows=1 width=8)
	  ->  Index Scan using sbtest8_pkey on sbtest8  (cost=0.43..402.83 rows=101 width=4)
	        Index Cond: ((id >= 2300551) AND (id <= 2300650))

for: sum_ranges
table 1 : explain SELECT SUM(k) FROM sbtest1 WHERE id BETWEEN 5925131 AND 5925230
	Aggregate  (cost=428.24..428.25 rows=1 width=8)
	  ->  Index Scan using sbtest1_pkey on sbtest1  (cost=0.43..427.97 rows=107 width=4)
	        Index Cond: ((id >= 5925131) AND (id <= 5925230))

table 2 : explain SELECT SUM(k) FROM sbtest2 WHERE id BETWEEN 2988889 AND 2988988
	Aggregate  (cost=451.80..451.81 rows=1 width=8)
	  ->  Index Scan using sbtest2_pkey on sbtest2  (cost=0.43..451.52 rows=113 width=4)
	        Index Cond: ((id >= 2988889) AND (id <= 2988988))

table 3 : explain SELECT SUM(k) FROM sbtest3 WHERE id BETWEEN 7518774 AND 7518873
	Aggregate  (cost=416.38..416.39 rows=1 width=8)
	  ->  Index Scan using sbtest3_pkey on sbtest3  (cost=0.43..416.12 rows=104 width=4)
	        Index Cond: ((id >= 7518774) AND (id <= 7518873))

table 4 : explain SELECT SUM(k) FROM sbtest4 WHERE id BETWEEN 807469 AND 807568
	Aggregate  (cost=419.88..419.89 rows=1 width=8)
	  ->  Index Scan using sbtest4_pkey on sbtest4  (cost=0.43..419.61 rows=105 width=4)
	        Index Cond: ((id >= 807469) AND (id <= 807568))

table 5 : explain SELECT SUM(k) FROM sbtest5 WHERE id BETWEEN 8293714 AND 8293813
	Aggregate  (cost=363.17..363.18 rows=1 width=8)
	  ->  Index Scan using sbtest5_pkey on sbtest5  (cost=0.43..362.95 rows=91 width=4)
	        Index Cond: ((id >= 8293714) AND (id <= 8293813))

table 6 : explain SELECT SUM(k) FROM sbtest6 WHERE id BETWEEN 8832110 AND 8832209
	Aggregate  (cost=399.79..399.80 rows=1 width=8)
	  ->  Index Scan using sbtest6_pkey on sbtest6  (cost=0.43..399.54 rows=100 width=4)
	        Index Cond: ((id >= 8832110) AND (id <= 8832209))

table 7 : explain SELECT SUM(k) FROM sbtest7 WHERE id BETWEEN 9556919 AND 9557018
	Aggregate  (cost=456.08..456.09 rows=1 width=8)
	  ->  Index Scan using sbtest7_pkey on sbtest7  (cost=0.43..455.79 rows=114 width=4)
	        Index Cond: ((id >= 9556919) AND (id <= 9557018))

table 8 : explain SELECT SUM(k) FROM sbtest8 WHERE id BETWEEN 4773444 AND 4773543
	Aggregate  (cost=379.39..379.40 rows=1 width=8)
	  ->  Index Scan using sbtest8_pkey on sbtest8  (cost=0.43..379.15 rows=95 width=4)
	        Index Cond: ((id >= 4773444) AND (id <= 4773543))

for: order_ranges
table 1 : explain SELECT c FROM sbtest1 WHERE id BETWEEN 7663099 AND 7663198 ORDER BY c
	Sort  (cost=387.58..387.82 rows=96 width=121)
	  Sort Key: c
	  ->  Index Scan using sbtest1_pkey on sbtest1  (cost=0.43..384.42 rows=96 width=121)
	        Index Cond: ((id >= 7663099) AND (id <= 7663198))

table 2 : explain SELECT c FROM sbtest2 WHERE id BETWEEN 7897250 AND 7897349 ORDER BY c
	Sort  (cost=419.40..419.66 rows=104 width=121)
	  Sort Key: c
	  ->  Index Scan using sbtest2_pkey on sbtest2  (cost=0.43..415.92 rows=104 width=121)
	        Index Cond: ((id >= 7897250) AND (id <= 7897349))

table 3 : explain SELECT c FROM sbtest3 WHERE id BETWEEN 4598977 AND 4599076 ORDER BY c
	Sort  (cost=407.61..407.86 rows=101 width=121)
	  Sort Key: c
	  ->  Index Scan using sbtest3_pkey on sbtest3  (cost=0.43..404.24 rows=101 width=121)
	        Index Cond: ((id >= 4598977) AND (id <= 4599076))

table 4 : explain SELECT c FROM sbtest4 WHERE id BETWEEN 3597429 AND 3597528 ORDER BY c
	Sort  (cost=423.14..423.40 rows=105 width=121)
	  Sort Key: c
	  ->  Index Scan using sbtest4_pkey on sbtest4  (cost=0.43..419.61 rows=105 width=121)
	        Index Cond: ((id >= 3597429) AND (id <= 3597528))

table 5 : explain SELECT c FROM sbtest5 WHERE id BETWEEN 7947365 AND 7947464 ORDER BY c
	Sort  (cost=389.78..390.02 rows=97 width=121)
	  Sort Key: c
	  ->  Index Scan using sbtest5_pkey on sbtest5  (cost=0.43..386.58 rows=97 width=121)
	        Index Cond: ((id >= 7947365) AND (id <= 7947464))

table 6 : explain SELECT c FROM sbtest6 WHERE id BETWEEN 915528 AND 915627 ORDER BY c
	Sort  (cost=378.91..379.14 rows=94 width=121)
	  Sort Key: c
	  ->  Index Scan using sbtest6_pkey on sbtest6  (cost=0.43..375.82 rows=94 width=121)
	        Index Cond: ((id >= 915528) AND (id <= 915627))

table 7 : explain SELECT c FROM sbtest7 WHERE id BETWEEN 4599168 AND 4599267 ORDER BY c
	Sort  (cost=375.69..375.93 rows=93 width=121)
	  Sort Key: c
	  ->  Index Scan using sbtest7_pkey on sbtest7  (cost=0.43..372.65 rows=93 width=121)
	        Index Cond: ((id >= 4599168) AND (id <= 4599267))

table 8 : explain SELECT c FROM sbtest8 WHERE id BETWEEN 7092032 AND 7092131 ORDER BY c
	Sort  (cost=402.21..402.46 rows=100 width=121)
	  Sort Key: c
	  ->  Index Scan using sbtest8_pkey on sbtest8  (cost=0.43..398.89 rows=100 width=121)
	        Index Cond: ((id >= 7092032) AND (id <= 7092131))

for: sum_ranges
table 1 : explain SELECT SUM(k) FROM sbtest1 WHERE id BETWEEN 643424 AND 643523
	Aggregate  (cost=420.32..420.33 rows=1 width=8)
	  ->  Index Scan using sbtest1_pkey on sbtest1  (cost=0.43..420.05 rows=105 width=4)
	        Index Cond: ((id >= 643424) AND (id <= 643523))

table 2 : explain SELECT SUM(k) FROM sbtest2 WHERE id BETWEEN 7927126 AND 7927225
	Aggregate  (cost=416.18..416.19 rows=1 width=8)
	  ->  Index Scan using sbtest2_pkey on sbtest2  (cost=0.43..415.92 rows=104 width=4)
	        Index Cond: ((id >= 7927126) AND (id <= 7927225))

table 3 : explain SELECT SUM(k) FROM sbtest3 WHERE id BETWEEN 524232 AND 524331
	Aggregate  (cost=380.72..380.73 rows=1 width=8)
	  ->  Index Scan using sbtest3_pkey on sbtest3  (cost=0.43..380.48 rows=95 width=4)
	        Index Cond: ((id >= 524232) AND (id <= 524331))

table 4 : explain SELECT SUM(k) FROM sbtest4 WHERE id BETWEEN 5533920 AND 5534019
	Aggregate  (cost=372.39..372.40 rows=1 width=8)
	  ->  Index Scan using sbtest4_pkey on sbtest4  (cost=0.43..372.16 rows=93 width=4)
	        Index Cond: ((id >= 5533920) AND (id <= 5534019))

table 5 : explain SELECT SUM(k) FROM sbtest5 WHERE id BETWEEN 5162790 AND 5162889
	Aggregate  (cost=390.76..390.77 rows=1 width=8)
	  ->  Index Scan using sbtest5_pkey on sbtest5  (cost=0.43..390.51 rows=98 width=4)
	        Index Cond: ((id >= 5162790) AND (id <= 5162889))

table 6 : explain SELECT SUM(k) FROM sbtest6 WHERE id BETWEEN 4949148 AND 4949247
	Aggregate  (cost=431.41..431.42 rows=1 width=8)
	  ->  Index Scan using sbtest6_pkey on sbtest6  (cost=0.43..431.14 rows=108 width=4)
	        Index Cond: ((id >= 4949148) AND (id <= 4949247))

table 7 : explain SELECT SUM(k) FROM sbtest7 WHERE id BETWEEN 5256292 AND 5256391
	Aggregate  (cost=400.63..400.64 rows=1 width=8)
	  ->  Index Scan using sbtest7_pkey on sbtest7  (cost=0.43..400.38 rows=100 width=4)
	        Index Cond: ((id >= 5256292) AND (id <= 5256391))

table 8 : explain SELECT SUM(k) FROM sbtest8 WHERE id BETWEEN 9239651 AND 9239750
	Aggregate  (cost=430.70..430.71 rows=1 width=8)
	  ->  Index Scan using sbtest8_pkey on sbtest8  (cost=0.43..430.43 rows=108 width=4)
	        Index Cond: ((id >= 9239651) AND (id <= 9239750))

for: order_ranges
table 1 : explain SELECT c FROM sbtest1 WHERE id BETWEEN 1477591 AND 1477690 ORDER BY c
	Sort  (cost=395.58..395.82 rows=98 width=121)
	  Sort Key: c
	  ->  Index Scan using sbtest1_pkey on sbtest1  (cost=0.43..392.34 rows=98 width=121)
	        Index Cond: ((id >= 1477591) AND (id <= 1477690))

table 2 : explain SELECT c FROM sbtest2 WHERE id BETWEEN 5833961 AND 5834060 ORDER BY c
	Sort  (cost=423.40..423.66 rows=105 width=121)
	  Sort Key: c
	  ->  Index Scan using sbtest2_pkey on sbtest2  (cost=0.43..419.88 rows=105 width=121)
	        Index Cond: ((id >= 5833961) AND (id <= 5834060))

table 3 : explain SELECT c FROM sbtest3 WHERE id BETWEEN 2447655 AND 2447754 ORDER BY c
	Sort  (cost=431.60..431.86 rows=107 width=121)
	  Sort Key: c
	  ->  Index Scan using sbtest3_pkey on sbtest3  (cost=0.43..427.99 rows=107 width=121)
	        Index Cond: ((id >= 2447655) AND (id <= 2447754))

table 4 : explain SELECT c FROM sbtest4 WHERE id BETWEEN 8699216 AND 8699315 ORDER BY c
	Sort  (cost=463.08..463.37 rows=115 width=121)
	  Sort Key: c
	  ->  Index Scan using sbtest4_pkey on sbtest4  (cost=0.43..459.14 rows=115 width=121)
	        Index Cond: ((id >= 8699216) AND (id <= 8699315))

table 5 : explain SELECT c FROM sbtest5 WHERE id BETWEEN 1981693 AND 1981792 ORDER BY c
	Sort  (cost=381.82..382.06 rows=95 width=121)
	  Sort Key: c
	  ->  Index Scan using sbtest5_pkey on sbtest5  (cost=0.43..378.70 rows=95 width=121)
	        Index Cond: ((id >= 1981693) AND (id <= 1981792))

table 6 : explain SELECT c FROM sbtest6 WHERE id BETWEEN 405416 AND 405515 ORDER BY c
	Sort  (cost=422.82..423.08 rows=105 width=121)
	  Sort Key: c
	  ->  Index Scan using sbtest6_pkey on sbtest6  (cost=0.43..419.29 rows=105 width=121)
	        Index Cond: ((id >= 405416) AND (id <= 405515))

table 7 : explain SELECT c FROM sbtest7 WHERE id BETWEEN 1807075 AND 1807174 ORDER BY c
	Sort  (cost=387.69..387.93 rows=96 width=121)
	  Sort Key: c
	  ->  Index Scan using sbtest7_pkey on sbtest7  (cost=0.43..384.53 rows=96 width=121)
	        Index Cond: ((id >= 1807075) AND (id <= 1807174))

table 8 : explain SELECT c FROM sbtest8 WHERE id BETWEEN 6959311 AND 6959410 ORDER BY c
	Sort  (cost=406.19..406.45 rows=101 width=121)
	  Sort Key: c
	  ->  Index Scan using sbtest8_pkey on sbtest8  (cost=0.43..402.83 rows=101 width=121)
	        Index Cond: ((id >= 6959311) AND (id <= 6959410))

for: order_ranges
table 1 : explain SELECT c FROM sbtest1 WHERE id BETWEEN 1560185 AND 1560284 ORDER BY c
	Sort  (cost=391.58..391.82 rows=97 width=121)
	  Sort Key: c
	  ->  Index Scan using sbtest1_pkey on sbtest1  (cost=0.43..388.38 rows=97 width=121)
	        Index Cond: ((id >= 1560185) AND (id <= 1560284))

table 2 : explain SELECT c FROM sbtest2 WHERE id BETWEEN 4985672 AND 4985771 ORDER BY c
	Sort  (cost=403.40..403.65 rows=100 width=121)
	  Sort Key: c
	  ->  Index Scan using sbtest2_pkey on sbtest2  (cost=0.43..400.08 rows=100 width=121)
	        Index Cond: ((id >= 4985672) AND (id <= 4985771))

table 3 : explain SELECT c FROM sbtest3 WHERE id BETWEEN 220281 AND 220380 ORDER BY c
	Sort  (cost=367.62..367.84 rows=91 width=121)
	  Sort Key: c
	  ->  Index Scan using sbtest3_pkey on sbtest3  (cost=0.43..364.65 rows=91 width=121)
	        Index Cond: ((id >= 220281) AND (id <= 220380))

table 4 : explain SELECT c FROM sbtest4 WHERE id BETWEEN 6495652 AND 6495751 ORDER BY c
	Sort  (cost=367.22..367.44 rows=91 width=121)
	  Sort Key: c
	  ->  Index Scan using sbtest4_pkey on sbtest4  (cost=0.43..364.25 rows=91 width=121)
	        Index Cond: ((id >= 6495652) AND (id <= 6495751))

table 5 : explain SELECT c FROM sbtest5 WHERE id BETWEEN 6713175 AND 6713274 ORDER BY c
	Sort  (cost=385.80..386.04 rows=96 width=121)
	  Sort Key: c
	  ->  Index Scan using sbtest5_pkey on sbtest5  (cost=0.43..382.64 rows=96 width=121)
	        Index Cond: ((id >= 6713175) AND (id <= 6713274))

table 6 : explain SELECT c FROM sbtest6 WHERE id BETWEEN 2533328 AND 2533427 ORDER BY c
	Sort  (cost=390.88..391.12 rows=97 width=121)
	  Sort Key: c
	  ->  Index Scan using sbtest6_pkey on sbtest6  (cost=0.43..387.67 rows=97 width=121)
	        Index Cond: ((id >= 2533328) AND (id <= 2533427))

table 7 : explain SELECT c FROM sbtest7 WHERE id BETWEEN 992400 AND 992499 ORDER BY c
	Sort  (cost=327.72..327.92 rows=81 width=121)
	  Sort Key: c
	  ->  Index Scan using sbtest7_pkey on sbtest7  (cost=0.43..325.15 rows=81 width=121)
	        Index Cond: ((id >= 992400) AND (id <= 992499))

table 8 : explain SELECT c FROM sbtest8 WHERE id BETWEEN 8020165 AND 8020264 ORDER BY c
	Sort  (cost=406.19..406.45 rows=101 width=121)
	  Sort Key: c
	  ->  Index Scan using sbtest8_pkey on sbtest8  (cost=0.43..402.83 rows=101 width=121)
	        Index Cond: ((id >= 8020165) AND (id <= 8020264))

for: order_ranges
table 1 : explain SELECT c FROM sbtest1 WHERE id BETWEEN 2262118 AND 2262217 ORDER BY c
	Sort  (cost=439.57..439.84 rows=109 width=121)
	  Sort Key: c
	  ->  Index Scan using sbtest1_pkey on sbtest1  (cost=0.43..435.88 rows=109 width=121)
	        Index Cond: ((id >= 2262118) AND (id <= 2262217))

table 2 : explain SELECT c FROM sbtest2 WHERE id BETWEEN 6106491 AND 6106590 ORDER BY c
	Sort  (cost=391.42..391.66 rows=97 width=121)
	  Sort Key: c
	  ->  Index Scan using sbtest2_pkey on sbtest2  (cost=0.43..388.22 rows=97 width=121)
	        Index Cond: ((id >= 6106491) AND (id <= 6106590))

table 3 : explain SELECT c FROM sbtest3 WHERE id BETWEEN 4544772 AND 4544871 ORDER BY c
	Sort  (cost=407.61..407.86 rows=101 width=121)
	  Sort Key: c
	  ->  Index Scan using sbtest3_pkey on sbtest3  (cost=0.43..404.24 rows=101 width=121)
	        Index Cond: ((id >= 4544772) AND (id <= 4544871))

table 4 : explain SELECT c FROM sbtest4 WHERE id BETWEEN 447121 AND 447220 ORDER BY c
	Sort  (cost=427.13..427.40 rows=106 width=121)
	  Sort Key: c
	  ->  Index Scan using sbtest4_pkey on sbtest4  (cost=0.43..423.57 rows=106 width=121)
	        Index Cond: ((id >= 447121) AND (id <= 447220))

table 5 : explain SELECT c FROM sbtest5 WHERE id BETWEEN 7854739 AND 7854838 ORDER BY c
	Sort  (cost=429.59..429.85 rows=107 width=121)
	  Sort Key: c
	  ->  Index Scan using sbtest5_pkey on sbtest5  (cost=0.43..425.98 rows=107 width=121)
	        Index Cond: ((id >= 7854739) AND (id <= 7854838))

table 6 : explain SELECT c FROM sbtest6 WHERE id BETWEEN 8037326 AND 8037425 ORDER BY c
	Sort  (cost=398.86..399.10 rows=99 width=121)
	  Sort Key: c
	  ->  Index Scan using sbtest6_pkey on sbtest6  (cost=0.43..395.57 rows=99 width=121)
	        Index Cond: ((id >= 8037326) AND (id <= 8037425))

table 7 : explain SELECT c FROM sbtest7 WHERE id BETWEEN 9718294 AND 9718393 ORDER BY c
	Sort  (cost=427.69..427.96 rows=106 width=121)
	  Sort Key: c
	  ->  Index Scan using sbtest7_pkey on sbtest7  (cost=0.43..424.13 rows=106 width=121)
	        Index Cond: ((id >= 9718294) AND (id <= 9718393))

table 8 : explain SELECT c FROM sbtest8 WHERE id BETWEEN 4219957 AND 4220056 ORDER BY c
	Sort  (cost=382.27..382.51 rows=95 width=121)
	  Sort Key: c
	  ->  Index Scan using sbtest8_pkey on sbtest8  (cost=0.43..379.15 rows=95 width=121)
	        Index Cond: ((id >= 4219957) AND (id <= 4220056))

for: order_ranges
table 1 : explain SELECT c FROM sbtest1 WHERE id BETWEEN 3999791 AND 3999890 ORDER BY c
	Sort  (cost=411.58..411.84 rows=102 width=121)
	  Sort Key: c
	  ->  Index Scan using sbtest1_pkey on sbtest1  (cost=0.43..408.18 rows=102 width=121)
	        Index Cond: ((id >= 3999791) AND (id <= 3999890))

table 2 : explain SELECT c FROM sbtest2 WHERE id BETWEEN 9013202 AND 9013301 ORDER BY c
	Sort  (cost=399.41..399.66 rows=99 width=121)
	  Sort Key: c
	  ->  Index Scan using sbtest2_pkey on sbtest2  (cost=0.43..396.13 rows=99 width=121)
	        Index Cond: ((id >= 9013202) AND (id <= 9013301))

table 3 : explain SELECT c FROM sbtest3 WHERE id BETWEEN 3369200 AND 3369299 ORDER BY c
	Sort  (cost=395.60..395.84 rows=98 width=121)
	  Sort Key: c
	  ->  Index Scan using sbtest3_pkey on sbtest3  (cost=0.43..392.36 rows=98 width=121)
	        Index Cond: ((id >= 3369200) AND (id <= 3369299))

table 4 : explain SELECT c FROM sbtest4 WHERE id BETWEEN 558528 AND 558627 ORDER BY c
	Sort  (cost=379.19..379.43 rows=94 width=121)
	  Sort Key: c
	  ->  Index Scan using sbtest4_pkey on sbtest4  (cost=0.43..376.11 rows=94 width=121)
	        Index Cond: ((id >= 558528) AND (id <= 558627))

table 5 : explain SELECT c FROM sbtest5 WHERE id BETWEEN 9015004 AND 9015103 ORDER BY c
	Sort  (cost=393.76..394.00 rows=98 width=121)
	  Sort Key: c
	  ->  Index Scan using sbtest5_pkey on sbtest5  (cost=0.43..390.51 rows=98 width=121)
	        Index Cond: ((id >= 9015004) AND (id <= 9015103))

table 6 : explain SELECT c FROM sbtest6 WHERE id BETWEEN 5278367 AND 5278466 ORDER BY c
	Sort  (cost=406.85..407.11 rows=101 width=121)
	  Sort Key: c
	  ->  Index Scan using sbtest6_pkey on sbtest6  (cost=0.43..403.49 rows=101 width=121)
	        Index Cond: ((id >= 5278367) AND (id <= 5278466))

table 7 : explain SELECT c FROM sbtest7 WHERE id BETWEEN 3669064 AND 3669163 ORDER BY c
	Sort  (cost=375.69..375.93 rows=93 width=121)
	  Sort Key: c
	  ->  Index Scan using sbtest7_pkey on sbtest7  (cost=0.43..372.65 rows=93 width=121)
	        Index Cond: ((id >= 3669064) AND (id <= 3669163))

table 8 : explain SELECT c FROM sbtest8 WHERE id BETWEEN 9029590 AND 9029689 ORDER BY c
	Sort  (cost=402.21..402.46 rows=100 width=121)
	  Sort Key: c
	  ->  Index Scan using sbtest8_pkey on sbtest8  (cost=0.43..398.89 rows=100 width=121)
	        Index Cond: ((id >= 9029590) AND (id <= 9029689))

for: order_ranges
table 1 : explain SELECT c FROM sbtest1 WHERE id BETWEEN 6513324 AND 6513423 ORDER BY c
	Sort  (cost=439.57..439.84 rows=109 width=121)
	  Sort Key: c
	  ->  Index Scan using sbtest1_pkey on sbtest1  (cost=0.43..435.88 rows=109 width=121)
	        Index Cond: ((id >= 6513324) AND (id <= 6513423))

table 2 : explain SELECT c FROM sbtest2 WHERE id BETWEEN 7629416 AND 7629515 ORDER BY c
	Sort  (cost=375.43..375.67 rows=93 width=121)
	  Sort Key: c
	  ->  Index Scan using sbtest2_pkey on sbtest2  (cost=0.43..372.39 rows=93 width=121)
	        Index Cond: ((id >= 7629416) AND (id <= 7629515))

table 3 : explain SELECT c FROM sbtest3 WHERE id BETWEEN 903058 AND 903157 ORDER BY c
	Sort  (cost=411.61..411.86 rows=102 width=121)
	  Sort Key: c
	  ->  Index Scan using sbtest3_pkey on sbtest3  (cost=0.43..408.20 rows=102 width=121)
	        Index Cond: ((id >= 903058) AND (id <= 903157))

table 4 : explain SELECT c FROM sbtest4 WHERE id BETWEEN 6655014 AND 6655113 ORDER BY c
	Sort  (cost=383.19..383.42 rows=95 width=121)
	  Sort Key: c
	  ->  Index Scan using sbtest4_pkey on sbtest4  (cost=0.43..380.07 rows=95 width=121)
	        Index Cond: ((id >= 6655014) AND (id <= 6655113))

table 5 : explain SELECT c FROM sbtest5 WHERE id BETWEEN 8394015 AND 8394114 ORDER BY c
	Sort  (cost=473.36..473.66 rows=118 width=121)
	  Sort Key: c
	  ->  Index Scan using sbtest5_pkey on sbtest5  (cost=0.43..469.30 rows=118 width=121)
	        Index Cond: ((id >= 8394015) AND (id <= 8394114))

table 6 : explain SELECT c FROM sbtest6 WHERE id BETWEEN 2935674 AND 2935773 ORDER BY c
	Sort  (cost=414.83..415.09 rows=103 width=121)
	  Sort Key: c
	  ->  Index Scan using sbtest6_pkey on sbtest6  (cost=0.43..411.39 rows=103 width=121)
	        Index Cond: ((id >= 2935674) AND (id <= 2935773))

table 7 : explain SELECT c FROM sbtest7 WHERE id BETWEEN 8091149 AND 8091248 ORDER BY c
	Sort  (cost=419.70..419.96 rows=104 width=121)
	  Sort Key: c
	  ->  Index Scan using sbtest7_pkey on sbtest7  (cost=0.43..416.21 rows=104 width=121)
	        Index Cond: ((id >= 8091149) AND (id <= 8091248))

table 8 : explain SELECT c FROM sbtest8 WHERE id BETWEEN 4552305 AND 4552404 ORDER BY c
	Sort  (cost=382.27..382.51 rows=95 width=121)
	  Sort Key: c
	  ->  Index Scan using sbtest8_pkey on sbtest8  (cost=0.43..379.15 rows=95 width=121)
	        Index Cond: ((id >= 4552305) AND (id <= 4552404))

for: order_ranges
table 1 : explain SELECT c FROM sbtest1 WHERE id BETWEEN 3857293 AND 3857392 ORDER BY c
	Sort  (cost=431.57..431.84 rows=107 width=121)
	  Sort Key: c
	  ->  Index Scan using sbtest1_pkey on sbtest1  (cost=0.43..427.97 rows=107 width=121)
	        Index Cond: ((id >= 3857293) AND (id <= 3857392))

table 2 : explain SELECT c FROM sbtest2 WHERE id BETWEEN 3473400 AND 3473499 ORDER BY c
	Sort  (cost=439.39..439.66 rows=109 width=121)
	  Sort Key: c
	  ->  Index Scan using sbtest2_pkey on sbtest2  (cost=0.43..435.70 rows=109 width=121)
	        Index Cond: ((id >= 3473400) AND (id <= 3473499))

table 3 : explain SELECT c FROM sbtest3 WHERE id BETWEEN 5996784 AND 5996883 ORDER BY c
	Sort  (cost=407.61..407.86 rows=101 width=121)
	  Sort Key: c
	  ->  Index Scan using sbtest3_pkey on sbtest3  (cost=0.43..404.24 rows=101 width=121)
	        Index Cond: ((id >= 5996784) AND (id <= 5996883))

table 4 : explain SELECT c FROM sbtest4 WHERE id BETWEEN 5880642 AND 5880741 ORDER BY c
	Sort  (cost=419.14..419.40 rows=104 width=121)
	  Sort Key: c
	  ->  Index Scan using sbtest4_pkey on sbtest4  (cost=0.43..415.66 rows=104 width=121)
	        Index Cond: ((id >= 5880642) AND (id <= 5880741))

table 5 : explain SELECT c FROM sbtest5 WHERE id BETWEEN 5957638 AND 5957737 ORDER BY c
	Sort  (cost=441.52..441.80 rows=110 width=121)
	  Sort Key: c
	  ->  Index Scan using sbtest5_pkey on sbtest5  (cost=0.43..437.79 rows=110 width=121)
	        Index Cond: ((id >= 5957638) AND (id <= 5957737))

table 6 : explain SELECT c FROM sbtest6 WHERE id BETWEEN 4354026 AND 4354125 ORDER BY c
	Sort  (cost=410.84..411.10 rows=102 width=121)
	  Sort Key: c
	  ->  Index Scan using sbtest6_pkey on sbtest6  (cost=0.43..407.44 rows=102 width=121)
	        Index Cond: ((id >= 4354026) AND (id <= 4354125))

table 7 : explain SELECT c FROM sbtest7 WHERE id BETWEEN 982812 AND 982911 ORDER BY c
	Sort  (cost=327.72..327.92 rows=81 width=121)
	  Sort Key: c
	  ->  Index Scan using sbtest7_pkey on sbtest7  (cost=0.43..325.15 rows=81 width=121)
	        Index Cond: ((id >= 982812) AND (id <= 982911))

table 8 : explain SELECT c FROM sbtest8 WHERE id BETWEEN 8935480 AND 8935579 ORDER BY c
	Sort  (cost=390.24..390.48 rows=97 width=121)
	  Sort Key: c
	  ->  Index Scan using sbtest8_pkey on sbtest8  (cost=0.43..387.04 rows=97 width=121)
	        Index Cond: ((id >= 8935480) AND (id <= 8935579))

for: order_ranges
table 1 : explain SELECT c FROM sbtest1 WHERE id BETWEEN 7252665 AND 7252764 ORDER BY c
	Sort  (cost=383.59..383.82 rows=95 width=121)
	  Sort Key: c
	  ->  Index Scan using sbtest1_pkey on sbtest1  (cost=0.43..380.47 rows=95 width=121)
	        Index Cond: ((id >= 7252665) AND (id <= 7252764))

table 2 : explain SELECT c FROM sbtest2 WHERE id BETWEEN 8656386 AND 8656485 ORDER BY c
	Sort  (cost=399.41..399.66 rows=99 width=121)
	  Sort Key: c
	  ->  Index Scan using sbtest2_pkey on sbtest2  (cost=0.43..396.13 rows=99 width=121)
	        Index Cond: ((id >= 8656386) AND (id <= 8656485))

table 3 : explain SELECT c FROM sbtest3 WHERE id BETWEEN 2666221 AND 2666320 ORDER BY c
	Sort  (cost=407.61..407.86 rows=101 width=121)
	  Sort Key: c
	  ->  Index Scan using sbtest3_pkey on sbtest3  (cost=0.43..404.24 rows=101 width=121)
	        Index Cond: ((id >= 2666221) AND (id <= 2666320))

table 4 : explain SELECT c FROM sbtest4 WHERE id BETWEEN 1345023 AND 1345122 ORDER BY c
	Sort  (cost=363.22..363.45 rows=90 width=121)
	  Sort Key: c
	  ->  Index Scan using sbtest4_pkey on sbtest4  (cost=0.43..360.30 rows=90 width=121)
	        Index Cond: ((id >= 1345023) AND (id <= 1345122))

table 5 : explain SELECT c FROM sbtest5 WHERE id BETWEEN 4948616 AND 4948715 ORDER BY c
	Sort  (cost=377.84..378.08 rows=94 width=121)
	  Sort Key: c
	  ->  Index Scan using sbtest5_pkey on sbtest5  (cost=0.43..374.76 rows=94 width=121)
	        Index Cond: ((id >= 4948616) AND (id <= 4948715))

table 6 : explain SELECT c FROM sbtest6 WHERE id BETWEEN 9832078 AND 9832177 ORDER BY c
	Sort  (cost=378.91..379.14 rows=94 width=121)
	  Sort Key: c
	  ->  Index Scan using sbtest6_pkey on sbtest6  (cost=0.43..375.82 rows=94 width=121)
	        Index Cond: ((id >= 9832078) AND (id <= 9832177))

table 7 : explain SELECT c FROM sbtest7 WHERE id BETWEEN 7018311 AND 7018410 ORDER BY c
	Sort  (cost=391.69..391.93 rows=97 width=121)
	  Sort Key: c
	  ->  Index Scan using sbtest7_pkey on sbtest7  (cost=0.43..388.49 rows=97 width=121)
	        Index Cond: ((id >= 7018311) AND (id <= 7018410))

table 8 : explain SELECT c FROM sbtest8 WHERE id BETWEEN 8249548 AND 8249647 ORDER BY c
	Sort  (cost=430.10..430.37 rows=107 width=121)
	  Sort Key: c
	  ->  Index Scan using sbtest8_pkey on sbtest8  (cost=0.43..426.49 rows=107 width=121)
	        Index Cond: ((id >= 8249548) AND (id <= 8249647))

for: order_ranges
table 1 : explain SELECT c FROM sbtest1 WHERE id BETWEEN 4259442 AND 4259541 ORDER BY c
	Sort  (cost=391.58..391.82 rows=97 width=121)
	  Sort Key: c
	  ->  Index Scan using sbtest1_pkey on sbtest1  (cost=0.43..388.38 rows=97 width=121)
	        Index Cond: ((id >= 4259442) AND (id <= 4259541))

table 2 : explain SELECT c FROM sbtest2 WHERE id BETWEEN 2583636 AND 2583735 ORDER BY c
	Sort  (cost=403.40..403.65 rows=100 width=121)
	  Sort Key: c
	  ->  Index Scan using sbtest2_pkey on sbtest2  (cost=0.43..400.08 rows=100 width=121)
	        Index Cond: ((id >= 2583636) AND (id <= 2583735))

table 3 : explain SELECT c FROM sbtest3 WHERE id BETWEEN 750858 AND 750957 ORDER BY c
	Sort  (cost=391.60..391.84 rows=97 width=121)
	  Sort Key: c
	  ->  Index Scan using sbtest3_pkey on sbtest3  (cost=0.43..388.40 rows=97 width=121)
	        Index Cond: ((id >= 750858) AND (id <= 750957))

table 4 : explain SELECT c FROM sbtest4 WHERE id BETWEEN 8285331 AND 8285430 ORDER BY c
	Sort  (cost=415.15..415.41 rows=103 width=121)
	  Sort Key: c
	  ->  Index Scan using sbtest4_pkey on sbtest4  (cost=0.43..411.71 rows=103 width=121)
	        Index Cond: ((id >= 8285331) AND (id <= 8285430))

table 5 : explain SELECT c FROM sbtest5 WHERE id BETWEEN 2209580 AND 2209679 ORDER BY c
	Sort  (cost=401.73..401.98 rows=100 width=121)
	  Sort Key: c
	  ->  Index Scan using sbtest5_pkey on sbtest5  (cost=0.43..398.41 rows=100 width=121)
	        Index Cond: ((id >= 2209580) AND (id <= 2209679))

table 6 : explain SELECT c FROM sbtest6 WHERE id BETWEEN 828441 AND 828540 ORDER BY c
	Sort  (cost=378.91..379.14 rows=94 width=121)
	  Sort Key: c
	  ->  Index Scan using sbtest6_pkey on sbtest6  (cost=0.43..375.82 rows=94 width=121)
	        Index Cond: ((id >= 828441) AND (id <= 828540))

table 7 : explain SELECT c FROM sbtest7 WHERE id BETWEEN 7824524 AND 7824623 ORDER BY c
	Sort  (cost=399.70..399.95 rows=99 width=121)
	  Sort Key: c
	  ->  Index Scan using sbtest7_pkey on sbtest7  (cost=0.43..396.42 rows=99 width=121)
	        Index Cond: ((id >= 7824524) AND (id <= 7824623))

table 8 : explain SELECT c FROM sbtest8 WHERE id BETWEEN 1562822 AND 1562921 ORDER BY c
	Sort  (cost=410.18..410.43 rows=102 width=121)
	  Sort Key: c
	  ->  Index Scan using sbtest8_pkey on sbtest8  (cost=0.43..406.78 rows=102 width=121)
	        Index Cond: ((id >= 1562822) AND (id <= 1562921))

for: distinct_ranges
table 1 : explain SELECT DISTINCT c FROM sbtest1 WHERE id BETWEEN 1043117 AND 1043216 ORDER BY c
	Unique  (cost=379.59..380.06 rows=94 width=121)
	  ->  Sort  (cost=379.59..379.82 rows=94 width=121)
	        Sort Key: c
	        ->  Index Scan using sbtest1_pkey on sbtest1  (cost=0.43..376.51 rows=94 width=121)
	              Index Cond: ((id >= 1043117) AND (id <= 1043216))

table 2 : explain SELECT DISTINCT c FROM sbtest2 WHERE id BETWEEN 3799875 AND 3799974 ORDER BY c
	Unique  (cost=371.44..371.90 rows=92 width=121)
	  ->  Sort  (cost=371.44..371.67 rows=92 width=121)
	        Sort Key: c
	        ->  Index Scan using sbtest2_pkey on sbtest2  (cost=0.43..368.44 rows=92 width=121)
	              Index Cond: ((id >= 3799875) AND (id <= 3799974))

table 3 : explain SELECT DISTINCT c FROM sbtest3 WHERE id BETWEEN 1474021 AND 1474120 ORDER BY c
	Unique  (cost=419.60..420.12 rows=104 width=121)
	  ->  Sort  (cost=419.60..419.86 rows=104 width=121)
	        Sort Key: c
	        ->  Index Scan using sbtest3_pkey on sbtest3  (cost=0.43..416.12 rows=104 width=121)
	              Index Cond: ((id >= 1474021) AND (id <= 1474120))

table 4 : explain SELECT DISTINCT c FROM sbtest4 WHERE id BETWEEN 4586319 AND 4586418 ORDER BY c
	Unique  (cost=395.17..395.66 rows=98 width=121)
	  ->  Sort  (cost=395.17..395.41 rows=98 width=121)
	        Sort Key: c
	        ->  Index Scan using sbtest4_pkey on sbtest4  (cost=0.43..391.93 rows=98 width=121)
	              Index Cond: ((id >= 4586319) AND (id <= 4586418))

table 5 : explain SELECT DISTINCT c FROM sbtest5 WHERE id BETWEEN 2663872 AND 2663971 ORDER BY c
	Unique  (cost=425.61..426.14 rows=106 width=121)
	  ->  Sort  (cost=425.61..425.87 rows=106 width=121)
	        Sort Key: c
	        ->  Index Scan using sbtest5_pkey on sbtest5  (cost=0.43..422.04 rows=106 width=121)
	              Index Cond: ((id >= 2663872) AND (id <= 2663971))

table 6 : explain SELECT DISTINCT c FROM sbtest6 WHERE id BETWEEN 1493202 AND 1493301 ORDER BY c
	Unique  (cost=402.86..403.36 rows=100 width=121)
	  ->  Sort  (cost=402.86..403.11 rows=100 width=121)
	        Sort Key: c
	        ->  Index Scan using sbtest6_pkey on sbtest6  (cost=0.43..399.54 rows=100 width=121)
	              Index Cond: ((id >= 1493202) AND (id <= 1493301))

table 7 : explain SELECT DISTINCT c FROM sbtest7 WHERE id BETWEEN 6451616 AND 6451715 ORDER BY c
	Unique  (cost=431.69..432.23 rows=107 width=121)
	  ->  Sort  (cost=431.69..431.96 rows=107 width=121)
	        Sort Key: c
	        ->  Index Scan using sbtest7_pkey on sbtest7  (cost=0.43..428.09 rows=107 width=121)
	              Index Cond: ((id >= 6451616) AND (id <= 6451715))

table 8 : explain SELECT DISTINCT c FROM sbtest8 WHERE id BETWEEN 8117194 AND 8117293 ORDER BY c
	Unique  (cost=398.23..398.72 rows=99 width=121)
	  ->  Sort  (cost=398.23..398.47 rows=99 width=121)
	        Sort Key: c
	        ->  Index Scan using sbtest8_pkey on sbtest8  (cost=0.43..394.95 rows=99 width=121)
	              Index Cond: ((id >= 8117194) AND (id <= 8117293))

for: order_ranges
table 1 : explain SELECT c FROM sbtest1 WHERE id BETWEEN 2424824 AND 2424923 ORDER BY c
	Sort  (cost=431.57..431.84 rows=107 width=121)
	  Sort Key: c
	  ->  Index Scan using sbtest1_pkey on sbtest1  (cost=0.43..427.97 rows=107 width=121)
	        Index Cond: ((id >= 2424824) AND (id <= 2424923))

table 2 : explain SELECT c FROM sbtest2 WHERE id BETWEEN 9170817 AND 9170916 ORDER BY c
	Sort  (cost=367.44..367.67 rows=91 width=121)
	  Sort Key: c
	  ->  Index Scan using sbtest2_pkey on sbtest2  (cost=0.43..364.48 rows=91 width=121)
	        Index Cond: ((id >= 9170817) AND (id <= 9170916))

table 3 : explain SELECT c FROM sbtest3 WHERE id BETWEEN 2750419 AND 2750518 ORDER BY c
	Sort  (cost=395.60..395.84 rows=98 width=121)
	  Sort Key: c
	  ->  Index Scan using sbtest3_pkey on sbtest3  (cost=0.43..392.36 rows=98 width=121)
	        Index Cond: ((id >= 2750419) AND (id <= 2750518))

table 4 : explain SELECT c FROM sbtest4 WHERE id BETWEEN 2213644 AND 2213743 ORDER BY c
	Sort  (cost=395.17..395.41 rows=98 width=121)
	  Sort Key: c
	  ->  Index Scan using sbtest4_pkey on sbtest4  (cost=0.43..391.93 rows=98 width=121)
	        Index Cond: ((id >= 2213644) AND (id <= 2213743))

table 5 : explain SELECT c FROM sbtest5 WHERE id BETWEEN 5001462 AND 5001561 ORDER BY c
	Sort  (cost=425.61..425.87 rows=106 width=121)
	  Sort Key: c
	  ->  Index Scan using sbtest5_pkey on sbtest5  (cost=0.43..422.04 rows=106 width=121)
	        Index Cond: ((id >= 5001462) AND (id <= 5001561))

table 6 : explain SELECT c FROM sbtest6 WHERE id BETWEEN 974966 AND 975065 ORDER BY c
	Sort  (cost=378.91..379.14 rows=94 width=121)
	  Sort Key: c
	  ->  Index Scan using sbtest6_pkey on sbtest6  (cost=0.43..375.82 rows=94 width=121)
	        Index Cond: ((id >= 974966) AND (id <= 975065))

table 7 : explain SELECT c FROM sbtest7 WHERE id BETWEEN 483118 AND 483217 ORDER BY c
	Sort  (cost=383.69..383.93 rows=95 width=121)
	  Sort Key: c
	  ->  Index Scan using sbtest7_pkey on sbtest7  (cost=0.43..380.57 rows=95 width=121)
	        Index Cond: ((id >= 483118) AND (id <= 483217))

table 8 : explain SELECT c FROM sbtest8 WHERE id BETWEEN 5225393 AND 5225492 ORDER BY c
	Sort  (cost=394.22..394.47 rows=98 width=121)
	  Sort Key: c
	  ->  Index Scan using sbtest8_pkey on sbtest8  (cost=0.43..390.98 rows=98 width=121)
	        Index Cond: ((id >= 5225393) AND (id <= 5225492))

for: sum_ranges
table 1 : explain SELECT SUM(k) FROM sbtest1 WHERE id BETWEEN 7898692 AND 7898791
	Aggregate  (cost=424.28..424.29 rows=1 width=8)
	  ->  Index Scan using sbtest1_pkey on sbtest1  (cost=0.43..424.01 rows=106 width=4)
	        Index Cond: ((id >= 7898692) AND (id <= 7898791))

table 2 : explain SELECT SUM(k) FROM sbtest2 WHERE id BETWEEN 8401591 AND 8401690
	Aggregate  (cost=416.18..416.19 rows=1 width=8)
	  ->  Index Scan using sbtest2_pkey on sbtest2  (cost=0.43..415.92 rows=104 width=4)
	        Index Cond: ((id >= 8401591) AND (id <= 8401690))

table 3 : explain SELECT SUM(k) FROM sbtest3 WHERE id BETWEEN 1061790 AND 1061889
	Aggregate  (cost=432.22..432.23 rows=1 width=8)
	  ->  Index Scan using sbtest3_pkey on sbtest3  (cost=0.43..431.95 rows=108 width=4)
	        Index Cond: ((id >= 1061790) AND (id <= 1061889))

table 4 : explain SELECT SUM(k) FROM sbtest4 WHERE id BETWEEN 1053829 AND 1053928
	Aggregate  (cost=404.05..404.06 rows=1 width=8)
	  ->  Index Scan using sbtest4_pkey on sbtest4  (cost=0.43..403.80 rows=101 width=4)
	        Index Cond: ((id >= 1053829) AND (id <= 1053928))

table 5 : explain SELECT SUM(k) FROM sbtest5 WHERE id BETWEEN 2806555 AND 2806654
	Aggregate  (cost=406.54..406.55 rows=1 width=8)
	  ->  Index Scan using sbtest5_pkey on sbtest5  (cost=0.43..406.29 rows=102 width=4)
	        Index Cond: ((id >= 2806555) AND (id <= 2806654))

table 6 : explain SELECT SUM(k) FROM sbtest6 WHERE id BETWEEN 5291726 AND 5291825
	Aggregate  (cost=403.74..403.75 rows=1 width=8)
	  ->  Index Scan using sbtest6_pkey on sbtest6  (cost=0.43..403.49 rows=101 width=4)
	        Index Cond: ((id >= 5291726) AND (id <= 5291825))

table 7 : explain SELECT SUM(k) FROM sbtest7 WHERE id BETWEEN 9704097 AND 9704196
	Aggregate  (cost=424.39..424.40 rows=1 width=8)
	  ->  Index Scan using sbtest7_pkey on sbtest7  (cost=0.43..424.13 rows=106 width=4)
	        Index Cond: ((id >= 9704097) AND (id <= 9704196))

table 8 : explain SELECT SUM(k) FROM sbtest8 WHERE id BETWEEN 3074821 AND 3074920
	Aggregate  (cost=446.49..446.50 rows=1 width=8)
	  ->  Index Scan using sbtest8_pkey on sbtest8  (cost=0.43..446.21 rows=112 width=4)
	        Index Cond: ((id >= 3074821) AND (id <= 3074920))

for: order_ranges
table 1 : explain SELECT c FROM sbtest1 WHERE id BETWEEN 2541351 AND 2541450 ORDER BY c
	Sort  (cost=383.59..383.82 rows=95 width=121)
	  Sort Key: c
	  ->  Index Scan using sbtest1_pkey on sbtest1  (cost=0.43..380.47 rows=95 width=121)
	        Index Cond: ((id >= 2541351) AND (id <= 2541450))

table 2 : explain SELECT c FROM sbtest2 WHERE id BETWEEN 867127 AND 867226 ORDER BY c
	Sort  (cost=415.41..415.67 rows=103 width=121)
	  Sort Key: c
	  ->  Index Scan using sbtest2_pkey on sbtest2  (cost=0.43..411.96 rows=103 width=121)
	        Index Cond: ((id >= 867127) AND (id <= 867226))

table 3 : explain SELECT c FROM sbtest3 WHERE id BETWEEN 6490354 AND 6490453 ORDER BY c
	Sort  (cost=407.61..407.86 rows=101 width=121)
	  Sort Key: c
	  ->  Index Scan using sbtest3_pkey on sbtest3  (cost=0.43..404.24 rows=101 width=121)
	        Index Cond: ((id >= 6490354) AND (id <= 6490453))

table 4 : explain SELECT c FROM sbtest4 WHERE id BETWEEN 8178879 AND 8178978 ORDER BY c
	Sort  (cost=407.16..407.42 rows=101 width=121)
	  Sort Key: c
	  ->  Index Scan using sbtest4_pkey on sbtest4  (cost=0.43..403.80 rows=101 width=121)
	        Index Cond: ((id >= 8178879) AND (id <= 8178978))

table 5 : explain SELECT c FROM sbtest5 WHERE id BETWEEN 5184255 AND 5184354 ORDER BY c
	Sort  (cost=425.61..425.87 rows=106 width=121)
	  Sort Key: c
	  ->  Index Scan using sbtest5_pkey on sbtest5  (cost=0.43..422.04 rows=106 width=121)
	        Index Cond: ((id >= 5184255) AND (id <= 5184354))

table 6 : explain SELECT c FROM sbtest6 WHERE id BETWEEN 7241805 AND 7241904 ORDER BY c
	Sort  (cost=382.90..383.13 rows=95 width=121)
	  Sort Key: c
	  ->  Index Scan using sbtest6_pkey on sbtest6  (cost=0.43..379.77 rows=95 width=121)
	        Index Cond: ((id >= 7241805) AND (id <= 7241904))

table 7 : explain SELECT c FROM sbtest7 WHERE id BETWEEN 2413957 AND 2414056 ORDER BY c
	Sort  (cost=383.69..383.93 rows=95 width=121)
	  Sort Key: c
	  ->  Index Scan using sbtest7_pkey on sbtest7  (cost=0.43..380.57 rows=95 width=121)
	        Index Cond: ((id >= 2413957) AND (id <= 2414056))

table 8 : explain SELECT c FROM sbtest8 WHERE id BETWEEN 7604137 AND 7604236 ORDER BY c
	Sort  (cost=414.16..414.42 rows=103 width=121)
	  Sort Key: c
	  ->  Index Scan using sbtest8_pkey on sbtest8  (cost=0.43..410.72 rows=103 width=121)
	        Index Cond: ((id >= 7604137) AND (id <= 7604236))

for: sum_ranges
table 1 : explain SELECT SUM(k) FROM sbtest1 WHERE id BETWEEN 3042592 AND 3042691
	Aggregate  (cost=384.66..384.67 rows=1 width=8)
	  ->  Index Scan using sbtest1_pkey on sbtest1  (cost=0.43..384.42 rows=96 width=4)
	        Index Cond: ((id >= 3042592) AND (id <= 3042691))

table 2 : explain SELECT SUM(k) FROM sbtest2 WHERE id BETWEEN 2300650 AND 2300749
	Aggregate  (cost=368.67..368.68 rows=1 width=8)
	  ->  Index Scan using sbtest2_pkey on sbtest2  (cost=0.43..368.44 rows=92 width=4)
	        Index Cond: ((id >= 2300650) AND (id <= 2300749))

table 3 : explain SELECT SUM(k) FROM sbtest3 WHERE id BETWEEN 4418051 AND 4418150
	Aggregate  (cost=392.60..392.61 rows=1 width=8)
	  ->  Index Scan using sbtest3_pkey on sbtest3  (cost=0.43..392.36 rows=98 width=4)
	        Index Cond: ((id >= 4418051) AND (id <= 4418150))

table 4 : explain SELECT SUM(k) FROM sbtest4 WHERE id BETWEEN 3656198 AND 3656297
	Aggregate  (cost=396.13..396.14 rows=1 width=8)
	  ->  Index Scan using sbtest4_pkey on sbtest4  (cost=0.43..395.88 rows=99 width=4)
	        Index Cond: ((id >= 3656198) AND (id <= 3656297))

table 5 : explain SELECT SUM(k) FROM sbtest5 WHERE id BETWEEN 7107506 AND 7107605
	Aggregate  (cost=453.83..453.84 rows=1 width=8)
	  ->  Index Scan using sbtest5_pkey on sbtest5  (cost=0.43..453.55 rows=114 width=4)
	        Index Cond: ((id >= 7107506) AND (id <= 7107605))

table 6 : explain SELECT SUM(k) FROM sbtest6 WHERE id BETWEEN 154427 AND 154526
	Aggregate  (cost=419.55..419.56 rows=1 width=8)
	  ->  Index Scan using sbtest6_pkey on sbtest6  (cost=0.43..419.29 rows=105 width=4)
	        Index Cond: ((id >= 154427) AND (id <= 154526))

table 7 : explain SELECT SUM(k) FROM sbtest7 WHERE id BETWEEN 8848491 AND 8848590
	Aggregate  (cost=400.63..400.64 rows=1 width=8)
	  ->  Index Scan using sbtest7_pkey on sbtest7  (cost=0.43..400.38 rows=100 width=4)
	        Index Cond: ((id >= 8848491) AND (id <= 8848590))

table 8 : explain SELECT SUM(k) FROM sbtest8 WHERE id BETWEEN 3465015 AND 3465114
	Aggregate  (cost=407.03..407.04 rows=1 width=8)
	  ->  Index Scan using sbtest8_pkey on sbtest8  (cost=0.43..406.78 rows=102 width=4)
	        Index Cond: ((id >= 3465015) AND (id <= 3465114))

for: sum_ranges
table 1 : explain SELECT SUM(k) FROM sbtest1 WHERE id BETWEEN 3195936 AND 3196035
	Aggregate  (cost=396.54..396.55 rows=1 width=8)
	  ->  Index Scan using sbtest1_pkey on sbtest1  (cost=0.43..396.29 rows=99 width=4)
	        Index Cond: ((id >= 3195936) AND (id <= 3196035))

table 2 : explain SELECT SUM(k) FROM sbtest2 WHERE id BETWEEN 4904578 AND 4904677
	Aggregate  (cost=372.63..372.64 rows=1 width=8)
	  ->  Index Scan using sbtest2_pkey on sbtest2  (cost=0.43..372.39 rows=93 width=4)
	        Index Cond: ((id >= 4904578) AND (id <= 4904677))

table 3 : explain SELECT SUM(k) FROM sbtest3 WHERE id BETWEEN 834901 AND 835000
	Aggregate  (cost=388.64..388.65 rows=1 width=8)
	  ->  Index Scan using sbtest3_pkey on sbtest3  (cost=0.43..388.40 rows=97 width=4)
	        Index Cond: ((id >= 834901) AND (id <= 835000))

table 4 : explain SELECT SUM(k) FROM sbtest4 WHERE id BETWEEN 6742387 AND 6742486
	Aggregate  (cost=400.08..400.09 rows=1 width=8)
	  ->  Index Scan using sbtest4_pkey on sbtest4  (cost=0.43..399.83 rows=100 width=4)
	        Index Cond: ((id >= 6742387) AND (id <= 6742486))

table 5 : explain SELECT SUM(k) FROM sbtest5 WHERE id BETWEEN 9140033 AND 9140132
	Aggregate  (cost=355.29..355.30 rows=1 width=8)
	  ->  Index Scan using sbtest5_pkey on sbtest5  (cost=0.43..355.07 rows=89 width=4)
	        Index Cond: ((id >= 9140033) AND (id <= 9140132))

table 6 : explain SELECT SUM(k) FROM sbtest6 WHERE id BETWEEN 7822896 AND 7822995
	Aggregate  (cost=431.41..431.42 rows=1 width=8)
	  ->  Index Scan using sbtest6_pkey on sbtest6  (cost=0.43..431.14 rows=108 width=4)
	        Index Cond: ((id >= 7822896) AND (id <= 7822995))

table 7 : explain SELECT SUM(k) FROM sbtest7 WHERE id BETWEEN 2223307 AND 2223406
	Aggregate  (cost=420.43..420.44 rows=1 width=8)
	  ->  Index Scan using sbtest7_pkey on sbtest7  (cost=0.43..420.17 rows=105 width=4)
	        Index Cond: ((id >= 2223307) AND (id <= 2223406))

table 8 : explain SELECT SUM(k) FROM sbtest8 WHERE id BETWEEN 7517964 AND 7518063
	Aggregate  (cost=363.61..363.62 rows=1 width=8)
	  ->  Index Scan using sbtest8_pkey on sbtest8  (cost=0.43..363.38 rows=91 width=4)
	        Index Cond: ((id >= 7517964) AND (id <= 7518063))

for: sum_ranges
table 1 : explain SELECT SUM(k) FROM sbtest1 WHERE id BETWEEN 9773600 AND 9773699
	Aggregate  (cost=372.78..372.79 rows=1 width=8)
	  ->  Index Scan using sbtest1_pkey on sbtest1  (cost=0.43..372.55 rows=93 width=4)
	        Index Cond: ((id >= 9773600) AND (id <= 9773699))

table 2 : explain SELECT SUM(k) FROM sbtest2 WHERE id BETWEEN 8557895 AND 8557994
	Aggregate  (cost=447.84..447.85 rows=1 width=8)
	  ->  Index Scan using sbtest2_pkey on sbtest2  (cost=0.43..447.56 rows=112 width=4)
	        Index Cond: ((id >= 8557895) AND (id <= 8557994))

table 3 : explain SELECT SUM(k) FROM sbtest3 WHERE id BETWEEN 8511884 AND 8511983
	Aggregate  (cost=392.60..392.61 rows=1 width=8)
	  ->  Index Scan using sbtest3_pkey on sbtest3  (cost=0.43..392.36 rows=98 width=4)
	        Index Cond: ((id >= 8511884) AND (id <= 8511983))

table 4 : explain SELECT SUM(k) FROM sbtest4 WHERE id BETWEEN 5071491 AND 5071590
	Aggregate  (cost=376.35..376.36 rows=1 width=8)
	  ->  Index Scan using sbtest4_pkey on sbtest4  (cost=0.43..376.11 rows=94 width=4)
	        Index Cond: ((id >= 5071491) AND (id <= 5071590))

table 5 : explain SELECT SUM(k) FROM sbtest5 WHERE id BETWEEN 9114740 AND 9114839
	Aggregate  (cost=355.29..355.30 rows=1 width=8)
	  ->  Index Scan using sbtest5_pkey on sbtest5  (cost=0.43..355.07 rows=89 width=4)
	        Index Cond: ((id >= 9114740) AND (id <= 9114839))

table 6 : explain SELECT SUM(k) FROM sbtest6 WHERE id BETWEEN 1752877 AND 1752976
	Aggregate  (cost=431.41..431.42 rows=1 width=8)
	  ->  Index Scan using sbtest6_pkey on sbtest6  (cost=0.43..431.14 rows=108 width=4)
	        Index Cond: ((id >= 1752877) AND (id <= 1752976))

table 7 : explain SELECT SUM(k) FROM sbtest7 WHERE id BETWEEN 8826301 AND 8826400
	Aggregate  (cost=420.43..420.44 rows=1 width=8)
	  ->  Index Scan using sbtest7_pkey on sbtest7  (cost=0.43..420.17 rows=105 width=4)
	        Index Cond: ((id >= 8826301) AND (id <= 8826400))

table 8 : explain SELECT SUM(k) FROM sbtest8 WHERE id BETWEEN 3419785 AND 3419884
	Aggregate  (cost=407.03..407.04 rows=1 width=8)
	  ->  Index Scan using sbtest8_pkey on sbtest8  (cost=0.43..406.78 rows=102 width=4)
	        Index Cond: ((id >= 3419785) AND (id <= 3419884))

for: sum_ranges
table 1 : explain SELECT SUM(k) FROM sbtest1 WHERE id BETWEEN 9442828 AND 9442927
	Aggregate  (cost=360.90..360.91 rows=1 width=8)
	  ->  Index Scan using sbtest1_pkey on sbtest1  (cost=0.43..360.68 rows=90 width=4)
	        Index Cond: ((id >= 9442828) AND (id <= 9442927))

table 2 : explain SELECT SUM(k) FROM sbtest2 WHERE id BETWEEN 4969042 AND 4969141
	Aggregate  (cost=400.33..400.34 rows=1 width=8)
	  ->  Index Scan using sbtest2_pkey on sbtest2  (cost=0.43..400.08 rows=100 width=4)
	        Index Cond: ((id >= 4969042) AND (id <= 4969141))

table 3 : explain SELECT SUM(k) FROM sbtest3 WHERE id BETWEEN 9727206 AND 9727305
	Aggregate  (cost=380.72..380.73 rows=1 width=8)
	  ->  Index Scan using sbtest3_pkey on sbtest3  (cost=0.43..380.48 rows=95 width=4)
	        Index Cond: ((id >= 9727206) AND (id <= 9727305))

table 4 : explain SELECT SUM(k) FROM sbtest4 WHERE id BETWEEN 8802799 AND 8802898
	Aggregate  (cost=404.05..404.06 rows=1 width=8)
	  ->  Index Scan using sbtest4_pkey on sbtest4  (cost=0.43..403.80 rows=101 width=4)
	        Index Cond: ((id >= 8802799) AND (id <= 8802898))

table 5 : explain SELECT SUM(k) FROM sbtest5 WHERE id BETWEEN 1644526 AND 1644625
	Aggregate  (cost=410.48..410.49 rows=1 width=8)
	  ->  Index Scan using sbtest5_pkey on sbtest5  (cost=0.43..410.23 rows=103 width=4)
	        Index Cond: ((id >= 1644526) AND (id <= 1644625))

table 6 : explain SELECT SUM(k) FROM sbtest6 WHERE id BETWEEN 2871208 AND 2871307
	Aggregate  (cost=443.27..443.28 rows=1 width=8)
	  ->  Index Scan using sbtest6_pkey on sbtest6  (cost=0.43..442.99 rows=111 width=4)
	        Index Cond: ((id >= 2871208) AND (id <= 2871307))

table 7 : explain SELECT SUM(k) FROM sbtest7 WHERE id BETWEEN 4439244 AND 4439343
	Aggregate  (cost=420.43..420.44 rows=1 width=8)
	  ->  Index Scan using sbtest7_pkey on sbtest7  (cost=0.43..420.17 rows=105 width=4)
	        Index Cond: ((id >= 4439244) AND (id <= 4439343))

table 8 : explain SELECT SUM(k) FROM sbtest8 WHERE id BETWEEN 2171729 AND 2171828
	Aggregate  (cost=375.45..375.46 rows=1 width=8)
	  ->  Index Scan using sbtest8_pkey on sbtest8  (cost=0.43..375.21 rows=94 width=4)
	        Index Cond: ((id >= 2171729) AND (id <= 2171828))

for: distinct_ranges
table 1 : explain SELECT DISTINCT c FROM sbtest1 WHERE id BETWEEN 3152939 AND 3153038 ORDER BY c
	Unique  (cost=399.58..400.07 rows=99 width=121)
	  ->  Sort  (cost=399.58..399.82 rows=99 width=121)
	        Sort Key: c
	        ->  Index Scan using sbtest1_pkey on sbtest1  (cost=0.43..396.29 rows=99 width=121)
	              Index Cond: ((id >= 3152939) AND (id <= 3153038))

table 2 : explain SELECT DISTINCT c FROM sbtest2 WHERE id BETWEEN 6537847 AND 6537946 ORDER BY c
	Unique  (cost=363.45..363.90 rows=90 width=121)
	  ->  Sort  (cost=363.45..363.67 rows=90 width=121)
	        Sort Key: c
	        ->  Index Scan using sbtest2_pkey on sbtest2  (cost=0.43..360.53 rows=90 width=121)
	              Index Cond: ((id >= 6537847) AND (id <= 6537946))

table 3 : explain SELECT DISTINCT c FROM sbtest3 WHERE id BETWEEN 4871085 AND 4871184 ORDER BY c
	Unique  (cost=399.60..400.09 rows=99 width=121)
	  ->  Sort  (cost=399.60..399.84 rows=99 width=121)
	        Sort Key: c
	        ->  Index Scan using sbtest3_pkey on sbtest3  (cost=0.43..396.31 rows=99 width=121)
	              Index Cond: ((id >= 4871085) AND (id <= 4871184))

table 4 : explain SELECT DISTINCT c FROM sbtest4 WHERE id BETWEEN 1563214 AND 1563313 ORDER BY c
	Unique  (cost=431.13..431.66 rows=107 width=121)
	  ->  Sort  (cost=431.13..431.39 rows=107 width=121)
	        Sort Key: c
	        ->  Index Scan using sbtest4_pkey on sbtest4  (cost=0.43..427.52 rows=107 width=121)
	              Index Cond: ((id >= 1563214) AND (id <= 1563313))

table 5 : explain SELECT DISTINCT c FROM sbtest5 WHERE id BETWEEN 5754523 AND 5754622 ORDER BY c
	Unique  (cost=433.57..434.11 rows=108 width=121)
	  ->  Sort  (cost=433.57..433.84 rows=108 width=121)
	        Sort Key: c
	        ->  Index Scan using sbtest5_pkey on sbtest5  (cost=0.43..429.92 rows=108 width=121)
	              Index Cond: ((id >= 5754523) AND (id <= 5754622))

table 6 : explain SELECT DISTINCT c FROM sbtest6 WHERE id BETWEEN 3164676 AND 3164775 ORDER BY c
	Unique  (cost=418.83..419.35 rows=104 width=121)
	  ->  Sort  (cost=418.83..419.09 rows=104 width=121)
	        Sort Key: c
	        ->  Index Scan using sbtest6_pkey on sbtest6  (cost=0.43..415.34 rows=104 width=121)
	              Index Cond: ((id >= 3164676) AND (id <= 3164775))

table 7 : explain SELECT DISTINCT c FROM sbtest7 WHERE id BETWEEN 4194654 AND 4194753 ORDER BY c
	Unique  (cost=383.69..384.17 rows=95 width=121)
	  ->  Sort  (cost=383.69..383.93 rows=95 width=121)
	        Sort Key: c
	        ->  Index Scan using sbtest7_pkey on sbtest7  (cost=0.43..380.57 rows=95 width=121)
	              Index Cond: ((id >= 4194654) AND (id <= 4194753))

table 8 : explain SELECT DISTINCT c FROM sbtest8 WHERE id BETWEEN 2655576 AND 2655675 ORDER BY c
	Unique  (cost=362.36..362.81 rows=90 width=121)
	  ->  Sort  (cost=362.36..362.58 rows=90 width=121)
	        Sort Key: c
	        ->  Index Scan using sbtest8_pkey on sbtest8  (cost=0.43..359.44 rows=90 width=121)
	              Index Cond: ((id >= 2655576) AND (id <= 2655675))

for: distinct_ranges
table 1 : explain SELECT DISTINCT c FROM sbtest1 WHERE id BETWEEN 1288018 AND 1288117 ORDER BY c
	Unique  (cost=399.58..400.07 rows=99 width=121)
	  ->  Sort  (cost=399.58..399.82 rows=99 width=121)
	        Sort Key: c
	        ->  Index Scan using sbtest1_pkey on sbtest1  (cost=0.43..396.29 rows=99 width=121)
	              Index Cond: ((id >= 1288018) AND (id <= 1288117))

table 2 : explain SELECT DISTINCT c FROM sbtest2 WHERE id BETWEEN 26117 AND 26216 ORDER BY c
	Unique  (cost=411.41..411.92 rows=102 width=121)
	  ->  Sort  (cost=411.41..411.67 rows=102 width=121)
	        Sort Key: c
	        ->  Index Scan using sbtest2_pkey on sbtest2  (cost=0.43..408.01 rows=102 width=121)
	              Index Cond: ((id >= 26117) AND (id <= 26216))

table 3 : explain SELECT DISTINCT c FROM sbtest3 WHERE id BETWEEN 1843511 AND 1843610 ORDER BY c
	Unique  (cost=443.59..444.14 rows=110 width=121)
	  ->  Sort  (cost=443.59..443.87 rows=110 width=121)
	        Sort Key: c
	        ->  Index Scan using sbtest3_pkey on sbtest3  (cost=0.43..439.86 rows=110 width=121)
	              Index Cond: ((id >= 1843511) AND (id <= 1843610))

table 4 : explain SELECT DISTINCT c FROM sbtest4 WHERE id BETWEEN 3359973 AND 3360072 ORDER BY c
	Unique  (cost=359.23..359.68 rows=89 width=121)
	  ->  Sort  (cost=359.23..359.45 rows=89 width=121)
	        Sort Key: c
	        ->  Index Scan using sbtest4_pkey on sbtest4  (cost=0.43..356.35 rows=89 width=121)
	              Index Cond: ((id >= 3359973) AND (id <= 3360072))

table 5 : explain SELECT DISTINCT c FROM sbtest5 WHERE id BETWEEN 6738697 AND 6738796 ORDER BY c
	Unique  (cost=385.80..386.28 rows=96 width=121)
	  ->  Sort  (cost=385.80..386.04 rows=96 width=121)
	        Sort Key: c
	        ->  Index Scan using sbtest5_pkey on sbtest5  (cost=0.43..382.64 rows=96 width=121)
	              Index Cond: ((id >= 6738697) AND (id <= 6738796))

table 6 : explain SELECT DISTINCT c FROM sbtest6 WHERE id BETWEEN 418859 AND 418958 ORDER BY c
	Unique  (cost=422.82..423.34 rows=105 width=121)
	  ->  Sort  (cost=422.82..423.08 rows=105 width=121)
	        Sort Key: c
	        ->  Index Scan using sbtest6_pkey on sbtest6  (cost=0.43..419.29 rows=105 width=121)
	              Index Cond: ((id >= 418859) AND (id <= 418958))

table 7 : explain SELECT DISTINCT c FROM sbtest7 WHERE id BETWEEN 9378332 AND 9378431 ORDER BY c
	Unique  (cost=411.70..412.21 rows=102 width=121)
	  ->  Sort  (cost=411.70..411.95 rows=102 width=121)
	        Sort Key: c
	        ->  Index Scan using sbtest7_pkey on sbtest7  (cost=0.43..408.29 rows=102 width=121)
	              Index Cond: ((id >= 9378332) AND (id <= 9378431))

table 8 : explain SELECT DISTINCT c FROM sbtest8 WHERE id BETWEEN 3050234 AND 3050333 ORDER BY c
	Unique  (cost=450.02..450.58 rows=112 width=121)
	  ->  Sort  (cost=450.02..450.30 rows=112 width=121)
	        Sort Key: c
	        ->  Index Scan using sbtest8_pkey on sbtest8  (cost=0.43..446.21 rows=112 width=121)
	              Index Cond: ((id >= 3050234) AND (id <= 3050333))

for: sum_ranges
table 1 : explain SELECT SUM(k) FROM sbtest1 WHERE id BETWEEN 7393983 AND 7394082
	Aggregate  (cost=400.50..400.51 rows=1 width=8)
	  ->  Index Scan using sbtest1_pkey on sbtest1  (cost=0.43..400.25 rows=100 width=4)
	        Index Cond: ((id >= 7393983) AND (id <= 7394082))

table 2 : explain SELECT SUM(k) FROM sbtest2 WHERE id BETWEEN 4669539 AND 4669638
	Aggregate  (cost=428.05..428.06 rows=1 width=8)
	  ->  Index Scan using sbtest2_pkey on sbtest2  (cost=0.43..427.79 rows=107 width=4)
	        Index Cond: ((id >= 4669539) AND (id <= 4669638))

table 3 : explain SELECT SUM(k) FROM sbtest3 WHERE id BETWEEN 6945935 AND 6946034
	Aggregate  (cost=388.64..388.65 rows=1 width=8)
	  ->  Index Scan using sbtest3_pkey on sbtest3  (cost=0.43..388.40 rows=97 width=4)
	        Index Cond: ((id >= 6945935) AND (id <= 6946034))

table 4 : explain SELECT SUM(k) FROM sbtest4 WHERE id BETWEEN 6831922 AND 6832021
	Aggregate  (cost=419.88..419.89 rows=1 width=8)
	  ->  Index Scan using sbtest4_pkey on sbtest4  (cost=0.43..419.61 rows=105 width=4)
	        Index Cond: ((id >= 6831922) AND (id <= 6832021))

table 5 : explain SELECT SUM(k) FROM sbtest5 WHERE id BETWEEN 5373333 AND 5373432
	Aggregate  (cost=363.17..363.18 rows=1 width=8)
	  ->  Index Scan using sbtest5_pkey on sbtest5  (cost=0.43..362.95 rows=91 width=4)
	        Index Cond: ((id >= 5373333) AND (id <= 5373432))

table 6 : explain SELECT SUM(k) FROM sbtest6 WHERE id BETWEEN 6116905 AND 6117004
	Aggregate  (cost=427.46..427.47 rows=1 width=8)
	  ->  Index Scan using sbtest6_pkey on sbtest6  (cost=0.43..427.19 rows=107 width=4)
	        Index Cond: ((id >= 6116905) AND (id <= 6117004))

table 7 : explain SELECT SUM(k) FROM sbtest7 WHERE id BETWEEN 5101703 AND 5101802
	Aggregate  (cost=396.67..396.68 rows=1 width=8)
	  ->  Index Scan using sbtest7_pkey on sbtest7  (cost=0.43..396.42 rows=99 width=4)
	        Index Cond: ((id >= 5101703) AND (id <= 5101802))

table 8 : explain SELECT SUM(k) FROM sbtest8 WHERE id BETWEEN 2203076 AND 2203175
	Aggregate  (cost=414.92..414.93 rows=1 width=8)
	  ->  Index Scan using sbtest8_pkey on sbtest8  (cost=0.43..414.66 rows=104 width=4)
	        Index Cond: ((id >= 2203076) AND (id <= 2203175))

for: distinct_ranges
table 1 : explain SELECT DISTINCT c FROM sbtest1 WHERE id BETWEEN 7093969 AND 7094068 ORDER BY c
	Unique  (cost=399.58..400.07 rows=99 width=121)
	  ->  Sort  (cost=399.58..399.82 rows=99 width=121)
	        Sort Key: c
	        ->  Index Scan using sbtest1_pkey on sbtest1  (cost=0.43..396.29 rows=99 width=121)
	              Index Cond: ((id >= 7093969) AND (id <= 7094068))

table 2 : explain SELECT DISTINCT c FROM sbtest2 WHERE id BETWEEN 1961506 AND 1961605 ORDER BY c
	Unique  (cost=375.43..375.90 rows=93 width=121)
	  ->  Sort  (cost=375.43..375.67 rows=93 width=121)
	        Sort Key: c
	        ->  Index Scan using sbtest2_pkey on sbtest2  (cost=0.43..372.39 rows=93 width=121)
	              Index Cond: ((id >= 1961506) AND (id <= 1961605))

table 3 : explain SELECT DISTINCT c FROM sbtest3 WHERE id BETWEEN 1493303 AND 1493402 ORDER BY c
	Unique  (cost=419.60..420.12 rows=104 width=121)
	  ->  Sort  (cost=419.60..419.86 rows=104 width=121)
	        Sort Key: c
	        ->  Index Scan using sbtest3_pkey on sbtest3  (cost=0.43..416.12 rows=104 width=121)
	              Index Cond: ((id >= 1493303) AND (id <= 1493402))

table 4 : explain SELECT DISTINCT c FROM sbtest4 WHERE id BETWEEN 6638847 AND 6638946 ORDER BY c
	Unique  (cost=383.19..383.66 rows=95 width=121)
	  ->  Sort  (cost=383.19..383.42 rows=95 width=121)
	        Sort Key: c
	        ->  Index Scan using sbtest4_pkey on sbtest4  (cost=0.43..380.07 rows=95 width=121)
	              Index Cond: ((id >= 6638847) AND (id <= 6638946))

table 5 : explain SELECT DISTINCT c FROM sbtest5 WHERE id BETWEEN 1848004 AND 1848103 ORDER BY c
	Unique  (cost=421.63..422.15 rows=105 width=121)
	  ->  Sort  (cost=421.63..421.89 rows=105 width=121)
	        Sort Key: c
	        ->  Index Scan using sbtest5_pkey on sbtest5  (cost=0.43..418.10 rows=105 width=121)
	              Index Cond: ((id >= 1848004) AND (id <= 1848103))

table 6 : explain SELECT DISTINCT c FROM sbtest6 WHERE id BETWEEN 2091671 AND 2091770 ORDER BY c
	Unique  (cost=398.86..399.35 rows=99 width=121)
	  ->  Sort  (cost=398.86..399.10 rows=99 width=121)
	        Sort Key: c
	        ->  Index Scan using sbtest6_pkey on sbtest6  (cost=0.43..395.57 rows=99 width=121)
	              Index Cond: ((id >= 2091671) AND (id <= 2091770))

table 7 : explain SELECT DISTINCT c FROM sbtest7 WHERE id BETWEEN 3185448 AND 3185547 ORDER BY c
	Unique  (cost=371.70..372.16 rows=92 width=121)
	  ->  Sort  (cost=371.70..371.93 rows=92 width=121)
	        Sort Key: c
	        ->  Index Scan using sbtest7_pkey on sbtest7  (cost=0.43..368.70 rows=92 width=121)
	              Index Cond: ((id >= 3185448) AND (id <= 3185547))

table 8 : explain SELECT DISTINCT c FROM sbtest8 WHERE id BETWEEN 562001 AND 562100 ORDER BY c
	Unique  (cost=406.19..406.70 rows=101 width=121)
	  ->  Sort  (cost=406.19..406.45 rows=101 width=121)
	        Sort Key: c
	        ->  Index Scan using sbtest8_pkey on sbtest8  (cost=0.43..402.83 rows=101 width=121)
	              Index Cond: ((id >= 562001) AND (id <= 562100))

for: order_ranges
table 1 : explain SELECT c FROM sbtest1 WHERE id BETWEEN 8715283 AND 8715382 ORDER BY c
	Sort  (cost=407.59..407.84 rows=101 width=121)
	  Sort Key: c
	  ->  Index Scan using sbtest1_pkey on sbtest1  (cost=0.43..404.22 rows=101 width=121)
	        Index Cond: ((id >= 8715283) AND (id <= 8715382))

table 2 : explain SELECT c FROM sbtest2 WHERE id BETWEEN 5884638 AND 5884737 ORDER BY c
	Sort  (cost=395.41..395.66 rows=98 width=121)
	  Sort Key: c
	  ->  Index Scan using sbtest2_pkey on sbtest2  (cost=0.43..392.17 rows=98 width=121)
	        Index Cond: ((id >= 5884638) AND (id <= 5884737))

table 3 : explain SELECT c FROM sbtest3 WHERE id BETWEEN 8500424 AND 8500523 ORDER BY c
	Sort  (cost=423.60..423.86 rows=105 width=121)
	  Sort Key: c
	  ->  Index Scan using sbtest3_pkey on sbtest3  (cost=0.43..420.07 rows=105 width=121)
	        Index Cond: ((id >= 8500424) AND (id <= 8500523))

table 4 : explain SELECT c FROM sbtest4 WHERE id BETWEEN 1452834 AND 1452933 ORDER BY c
	Sort  (cost=407.16..407.42 rows=101 width=121)
	  Sort Key: c
	  ->  Index Scan using sbtest4_pkey on sbtest4  (cost=0.43..403.80 rows=101 width=121)
	        Index Cond: ((id >= 1452834) AND (id <= 1452933))

table 5 : explain SELECT c FROM sbtest5 WHERE id BETWEEN 4837611 AND 4837710 ORDER BY c
	Sort  (cost=377.84..378.08 rows=94 width=121)
	  Sort Key: c
	  ->  Index Scan using sbtest5_pkey on sbtest5  (cost=0.43..374.76 rows=94 width=121)
	        Index Cond: ((id >= 4837611) AND (id <= 4837710))

table 6 : explain SELECT c FROM sbtest6 WHERE id BETWEEN 3860698 AND 3860797 ORDER BY c
	Sort  (cost=406.85..407.11 rows=101 width=121)
	  Sort Key: c
	  ->  Index Scan using sbtest6_pkey on sbtest6  (cost=0.43..403.49 rows=101 width=121)
	        Index Cond: ((id >= 3860698) AND (id <= 3860797))

table 7 : explain SELECT c FROM sbtest7 WHERE id BETWEEN 6761399 AND 6761498 ORDER BY c
	Sort  (cost=399.70..399.95 rows=99 width=121)
	  Sort Key: c
	  ->  Index Scan using sbtest7_pkey on sbtest7  (cost=0.43..396.42 rows=99 width=121)
	        Index Cond: ((id >= 6761399) AND (id <= 6761498))

table 8 : explain SELECT c FROM sbtest8 WHERE id BETWEEN 4419077 AND 4419176 ORDER BY c
	Sort  (cost=374.31..374.54 rows=93 width=121)
	  Sort Key: c
	  ->  Index Scan using sbtest8_pkey on sbtest8  (cost=0.43..371.27 rows=93 width=121)
	        Index Cond: ((id >= 4419077) AND (id <= 4419176))

for: order_ranges
table 1 : explain SELECT c FROM sbtest1 WHERE id BETWEEN 9457156 AND 9457255 ORDER BY c
	Sort  (cost=363.60..363.83 rows=90 width=121)
	  Sort Key: c
	  ->  Index Scan using sbtest1_pkey on sbtest1  (cost=0.43..360.68 rows=90 width=121)
	        Index Cond: ((id >= 9457156) AND (id <= 9457255))

table 2 : explain SELECT c FROM sbtest2 WHERE id BETWEEN 8758657 AND 8758756 ORDER BY c
	Sort  (cost=443.38..443.66 rows=110 width=121)
	  Sort Key: c
	  ->  Index Scan using sbtest2_pkey on sbtest2  (cost=0.43..439.65 rows=110 width=121)
	        Index Cond: ((id >= 8758657) AND (id <= 8758756))

table 3 : explain SELECT c FROM sbtest3 WHERE id BETWEEN 784436 AND 784535 ORDER BY c
	Sort  (cost=391.60..391.84 rows=97 width=121)
	  Sort Key: c
	  ->  Index Scan using sbtest3_pkey on sbtest3  (cost=0.43..388.40 rows=97 width=121)
	        Index Cond: ((id >= 784436) AND (id <= 784535))

table 4 : explain SELECT c FROM sbtest4 WHERE id BETWEEN 3858585 AND 3858684 ORDER BY c
	Sort  (cost=423.14..423.40 rows=105 width=121)
	  Sort Key: c
	  ->  Index Scan using sbtest4_pkey on sbtest4  (cost=0.43..419.61 rows=105 width=121)
	        Index Cond: ((id >= 3858585) AND (id <= 3858684))

table 5 : explain SELECT c FROM sbtest5 WHERE id BETWEEN 3534669 AND 3534768 ORDER BY c
	Sort  (cost=401.73..401.98 rows=100 width=121)
	  Sort Key: c
	  ->  Index Scan using sbtest5_pkey on sbtest5  (cost=0.43..398.41 rows=100 width=121)
	        Index Cond: ((id >= 3534669) AND (id <= 3534768))

table 6 : explain SELECT c FROM sbtest6 WHERE id BETWEEN 4213445 AND 4213544 ORDER BY c
	Sort  (cost=394.87..395.11 rows=98 width=121)
	  Sort Key: c
	  ->  Index Scan using sbtest6_pkey on sbtest6  (cost=0.43..391.62 rows=98 width=121)
	        Index Cond: ((id >= 4213445) AND (id <= 4213544))

table 7 : explain SELECT c FROM sbtest7 WHERE id BETWEEN 2941372 AND 2941471 ORDER BY c
	Sort  (cost=407.70..407.95 rows=101 width=121)
	  Sort Key: c
	  ->  Index Scan using sbtest7_pkey on sbtest7  (cost=0.43..404.34 rows=101 width=121)
	        Index Cond: ((id >= 2941372) AND (id <= 2941471))

table 8 : explain SELECT c FROM sbtest8 WHERE id BETWEEN 512426 AND 512525 ORDER BY c
	Sort  (cost=406.19..406.45 rows=101 width=121)
	  Sort Key: c
	  ->  Index Scan using sbtest8_pkey on sbtest8  (cost=0.43..402.83 rows=101 width=121)
	        Index Cond: ((id >= 512426) AND (id <= 512525))

for: order_ranges
table 1 : explain SELECT c FROM sbtest1 WHERE id BETWEEN 528317 AND 528416 ORDER BY c
	Sort  (cost=363.60..363.83 rows=90 width=121)
	  Sort Key: c
	  ->  Index Scan using sbtest1_pkey on sbtest1  (cost=0.43..360.68 rows=90 width=121)
	        Index Cond: ((id >= 528317) AND (id <= 528416))

table 2 : explain SELECT c FROM sbtest2 WHERE id BETWEEN 484138 AND 484237 ORDER BY c
	Sort  (cost=379.43..379.66 rows=94 width=121)
	  Sort Key: c
	  ->  Index Scan using sbtest2_pkey on sbtest2  (cost=0.43..376.35 rows=94 width=121)
	        Index Cond: ((id >= 484138) AND (id <= 484237))

table 3 : explain SELECT c FROM sbtest3 WHERE id BETWEEN 9987768 AND 9987867 ORDER BY c
	Sort  (cost=379.61..379.84 rows=94 width=121)
	  Sort Key: c
	  ->  Index Scan using sbtest3_pkey on sbtest3  (cost=0.43..376.53 rows=94 width=121)
	        Index Cond: ((id >= 9987768) AND (id <= 9987867))

table 4 : explain SELECT c FROM sbtest4 WHERE id BETWEEN 8614199 AND 8614298 ORDER BY c
	Sort  (cost=411.16..411.41 rows=102 width=121)
	  Sort Key: c
	  ->  Index Scan using sbtest4_pkey on sbtest4  (cost=0.43..407.75 rows=102 width=121)
	        Index Cond: ((id >= 8614199) AND (id <= 8614298))

table 5 : explain SELECT c FROM sbtest5 WHERE id BETWEEN 883181 AND 883280 ORDER BY c
	Sort  (cost=429.59..429.85 rows=107 width=121)
	  Sort Key: c
	  ->  Index Scan using sbtest5_pkey on sbtest5  (cost=0.43..425.98 rows=107 width=121)
	        Index Cond: ((id >= 883181) AND (id <= 883280))

table 6 : explain SELECT c FROM sbtest6 WHERE id BETWEEN 7441065 AND 7441164 ORDER BY c
	Sort  (cost=414.83..415.09 rows=103 width=121)
	  Sort Key: c
	  ->  Index Scan using sbtest6_pkey on sbtest6  (cost=0.43..411.39 rows=103 width=121)
	        Index Cond: ((id >= 7441065) AND (id <= 7441164))

table 7 : explain SELECT c FROM sbtest7 WHERE id BETWEEN 8589014 AND 8589113 ORDER BY c
	Sort  (cost=431.69..431.96 rows=107 width=121)
	  Sort Key: c
	  ->  Index Scan using sbtest7_pkey on sbtest7  (cost=0.43..428.09 rows=107 width=121)
	        Index Cond: ((id >= 8589014) AND (id <= 8589113))

table 8 : explain SELECT c FROM sbtest8 WHERE id BETWEEN 5212814 AND 5212913 ORDER BY c
	Sort  (cost=394.22..394.47 rows=98 width=121)
	  Sort Key: c
	  ->  Index Scan using sbtest8_pkey on sbtest8  (cost=0.43..390.98 rows=98 width=121)
	        Index Cond: ((id >= 5212814) AND (id <= 5212913))

for: sum_ranges
table 1 : explain SELECT SUM(k) FROM sbtest1 WHERE id BETWEEN 2765277 AND 2765376
	Aggregate  (cost=404.48..404.49 rows=1 width=8)
	  ->  Index Scan using sbtest1_pkey on sbtest1  (cost=0.43..404.22 rows=101 width=4)
	        Index Cond: ((id >= 2765277) AND (id <= 2765376))

table 2 : explain SELECT SUM(k) FROM sbtest2 WHERE id BETWEEN 9694501 AND 9694600
	Aggregate  (cost=384.50..384.51 rows=1 width=8)
	  ->  Index Scan using sbtest2_pkey on sbtest2  (cost=0.43..384.26 rows=96 width=4)
	        Index Cond: ((id >= 9694501) AND (id <= 9694600))

table 3 : explain SELECT SUM(k) FROM sbtest3 WHERE id BETWEEN 4470779 AND 4470878
	Aggregate  (cost=392.60..392.61 rows=1 width=8)
	  ->  Index Scan using sbtest3_pkey on sbtest3  (cost=0.43..392.36 rows=98 width=4)
	        Index Cond: ((id >= 4470779) AND (id <= 4470878))

table 4 : explain SELECT SUM(k) FROM sbtest4 WHERE id BETWEEN 3284122 AND 3284221
	Aggregate  (cost=356.57..356.58 rows=1 width=8)
	  ->  Index Scan using sbtest4_pkey on sbtest4  (cost=0.43..356.35 rows=89 width=4)
	        Index Cond: ((id >= 3284122) AND (id <= 3284221))

table 5 : explain SELECT SUM(k) FROM sbtest5 WHERE id BETWEEN 5594637 AND 5594736
	Aggregate  (cost=371.05..371.06 rows=1 width=8)
	  ->  Index Scan using sbtest5_pkey on sbtest5  (cost=0.43..370.82 rows=93 width=4)
	        Index Cond: ((id >= 5594637) AND (id <= 5594736))

table 6 : explain SELECT SUM(k) FROM sbtest6 WHERE id BETWEEN 342581 AND 342680
	Aggregate  (cost=395.82..395.83 rows=1 width=8)
	  ->  Index Scan using sbtest6_pkey on sbtest6  (cost=0.43..395.57 rows=99 width=4)
	        Index Cond: ((id >= 342581) AND (id <= 342680))

table 7 : explain SELECT SUM(k) FROM sbtest7 WHERE id BETWEEN 7418342 AND 7418441
	Aggregate  (cost=456.08..456.09 rows=1 width=8)
	  ->  Index Scan using sbtest7_pkey on sbtest7  (cost=0.43..455.79 rows=114 width=4)
	        Index Cond: ((id >= 7418342) AND (id <= 7418441))

table 8 : explain SELECT SUM(k) FROM sbtest8 WHERE id BETWEEN 4766090 AND 4766189
	Aggregate  (cost=379.39..379.40 rows=1 width=8)
	  ->  Index Scan using sbtest8_pkey on sbtest8  (cost=0.43..379.15 rows=95 width=4)
	        Index Cond: ((id >= 4766090) AND (id <= 4766189))

for: distinct_ranges
table 1 : explain SELECT DISTINCT c FROM sbtest1 WHERE id BETWEEN 7533953 AND 7534052 ORDER BY c
	Unique  (cost=423.58..424.10 rows=105 width=121)
	  ->  Sort  (cost=423.58..423.84 rows=105 width=121)
	        Sort Key: c
	        ->  Index Scan using sbtest1_pkey on sbtest1  (cost=0.43..420.05 rows=105 width=121)
	              Index Cond: ((id >= 7533953) AND (id <= 7534052))

table 2 : explain SELECT DISTINCT c FROM sbtest2 WHERE id BETWEEN 1174313 AND 1174412 ORDER BY c
	Unique  (cost=387.42..387.90 rows=96 width=121)
	  ->  Sort  (cost=387.42..387.66 rows=96 width=121)
	        Sort Key: c
	        ->  Index Scan using sbtest2_pkey on sbtest2  (cost=0.43..384.26 rows=96 width=121)
	              Index Cond: ((id >= 1174313) AND (id <= 1174412))

table 3 : explain SELECT DISTINCT c FROM sbtest3 WHERE id BETWEEN 647588 AND 647687 ORDER BY c
	Unique  (cost=375.61..376.08 rows=93 width=121)
	  ->  Sort  (cost=375.61..375.84 rows=93 width=121)
	        Sort Key: c
	        ->  Index Scan using sbtest3_pkey on sbtest3  (cost=0.43..372.57 rows=93 width=121)
	              Index Cond: ((id >= 647588) AND (id <= 647687))

table 4 : explain SELECT DISTINCT c FROM sbtest4 WHERE id BETWEEN 4564743 AND 4564842 ORDER BY c
	Unique  (cost=395.17..395.66 rows=98 width=121)
	  ->  Sort  (cost=395.17..395.41 rows=98 width=121)
	        Sort Key: c
	        ->  Index Scan using sbtest4_pkey on sbtest4  (cost=0.43..391.93 rows=98 width=121)
	              Index Cond: ((id >= 4564743) AND (id <= 4564842))

table 5 : explain SELECT DISTINCT c FROM sbtest5 WHERE id BETWEEN 7770252 AND 7770351 ORDER BY c
	Unique  (cost=429.59..430.12 rows=107 width=121)
	  ->  Sort  (cost=429.59..429.85 rows=107 width=121)
	        Sort Key: c
	        ->  Index Scan using sbtest5_pkey on sbtest5  (cost=0.43..425.98 rows=107 width=121)
	              Index Cond: ((id >= 7770252) AND (id <= 7770351))

table 6 : explain SELECT DISTINCT c FROM sbtest6 WHERE id BETWEEN 3930219 AND 3930318 ORDER BY c
	Unique  (cost=414.83..415.35 rows=103 width=121)
	  ->  Sort  (cost=414.83..415.09 rows=103 width=121)
	        Sort Key: c
	        ->  Index Scan using sbtest6_pkey on sbtest6  (cost=0.43..411.39 rows=103 width=121)
	              Index Cond: ((id >= 3930219) AND (id <= 3930318))

table 7 : explain SELECT DISTINCT c FROM sbtest7 WHERE id BETWEEN 8840168 AND 8840267 ORDER BY c
	Unique  (cost=403.70..404.20 rows=100 width=121)
	  ->  Sort  (cost=403.70..403.95 rows=100 width=121)
	        Sort Key: c
	        ->  Index Scan using sbtest7_pkey on sbtest7  (cost=0.43..400.38 rows=100 width=121)
	              Index Cond: ((id >= 8840168) AND (id <= 8840267))

table 8 : explain SELECT DISTINCT c FROM sbtest8 WHERE id BETWEEN 5222175 AND 5222274 ORDER BY c
	Unique  (cost=394.22..394.71 rows=98 width=121)
	  ->  Sort  (cost=394.22..394.47 rows=98 width=121)
	        Sort Key: c
	        ->  Index Scan using sbtest8_pkey on sbtest8  (cost=0.43..390.98 rows=98 width=121)
	              Index Cond: ((id >= 5222175) AND (id <= 5222274))

for: sum_ranges
table 1 : explain SELECT SUM(k) FROM sbtest1 WHERE id BETWEEN 7225920 AND 7226019
	Aggregate  (cost=380.70..380.71 rows=1 width=8)
	  ->  Index Scan using sbtest1_pkey on sbtest1  (cost=0.43..380.47 rows=95 width=4)
	        Index Cond: ((id >= 7225920) AND (id <= 7226019))

table 2 : explain SELECT SUM(k) FROM sbtest2 WHERE id BETWEEN 5626447 AND 5626546
	Aggregate  (cost=376.58..376.59 rows=1 width=8)
	  ->  Index Scan using sbtest2_pkey on sbtest2  (cost=0.43..376.35 rows=94 width=4)
	        Index Cond: ((id >= 5626447) AND (id <= 5626546))

table 3 : explain SELECT SUM(k) FROM sbtest3 WHERE id BETWEEN 6909598 AND 6909697
	Aggregate  (cost=388.64..388.65 rows=1 width=8)
	  ->  Index Scan using sbtest3_pkey on sbtest3  (cost=0.43..388.40 rows=97 width=4)
	        Index Cond: ((id >= 6909598) AND (id <= 6909697))

table 4 : explain SELECT SUM(k) FROM sbtest4 WHERE id BETWEEN 8504636 AND 8504735
	Aggregate  (cost=408.01..408.02 rows=1 width=8)
	  ->  Index Scan using sbtest4_pkey on sbtest4  (cost=0.43..407.75 rows=102 width=4)
	        Index Cond: ((id >= 8504636) AND (id <= 8504735))

table 5 : explain SELECT SUM(k) FROM sbtest5 WHERE id BETWEEN 688054 AND 688153
	Aggregate  (cost=402.60..402.61 rows=1 width=8)
	  ->  Index Scan using sbtest5_pkey on sbtest5  (cost=0.43..402.35 rows=101 width=4)
	        Index Cond: ((id >= 688054) AND (id <= 688153))

table 6 : explain SELECT SUM(k) FROM sbtest6 WHERE id BETWEEN 4152389 AND 4152488
	Aggregate  (cost=391.87..391.88 rows=1 width=8)
	  ->  Index Scan using sbtest6_pkey on sbtest6  (cost=0.43..391.62 rows=98 width=4)
	        Index Cond: ((id >= 4152389) AND (id <= 4152488))

table 7 : explain SELECT SUM(k) FROM sbtest7 WHERE id BETWEEN 1809457 AND 1809556
	Aggregate  (cost=384.77..384.78 rows=1 width=8)
	  ->  Index Scan using sbtest7_pkey on sbtest7  (cost=0.43..384.53 rows=96 width=4)
	        Index Cond: ((id >= 1809457) AND (id <= 1809556))

table 8 : explain SELECT SUM(k) FROM sbtest8 WHERE id BETWEEN 1372969 AND 1373068
	Aggregate  (cost=391.23..391.24 rows=1 width=8)
	  ->  Index Scan using sbtest8_pkey on sbtest8  (cost=0.43..390.98 rows=98 width=4)
	        Index Cond: ((id >= 1372969) AND (id <= 1373068))

for: order_ranges
table 1 : explain SELECT c FROM sbtest1 WHERE id BETWEEN 1348028 AND 1348127 ORDER BY c
	Sort  (cost=387.58..387.82 rows=96 width=121)
	  Sort Key: c
	  ->  Index Scan using sbtest1_pkey on sbtest1  (cost=0.43..384.42 rows=96 width=121)
	        Index Cond: ((id >= 1348028) AND (id <= 1348127))

table 2 : explain SELECT c FROM sbtest2 WHERE id BETWEEN 2196976 AND 2197075 ORDER BY c
	Sort  (cost=363.45..363.67 rows=90 width=121)
	  Sort Key: c
	  ->  Index Scan using sbtest2_pkey on sbtest2  (cost=0.43..360.53 rows=90 width=121)
	        Index Cond: ((id >= 2196976) AND (id <= 2197075))

table 3 : explain SELECT c FROM sbtest3 WHERE id BETWEEN 7374303 AND 7374402 ORDER BY c
	Sort  (cost=451.59..451.87 rows=112 width=121)
	  Sort Key: c
	  ->  Index Scan using sbtest3_pkey on sbtest3  (cost=0.43..447.78 rows=112 width=121)
	        Index Cond: ((id >= 7374303) AND (id <= 7374402))

table 4 : explain SELECT c FROM sbtest4 WHERE id BETWEEN 4230996 AND 4231095 ORDER BY c
	Sort  (cost=435.12..435.39 rows=108 width=121)
	  Sort Key: c
	  ->  Index Scan using sbtest4_pkey on sbtest4  (cost=0.43..431.47 rows=108 width=121)
	        Index Cond: ((id >= 4230996) AND (id <= 4231095))

table 5 : explain SELECT c FROM sbtest5 WHERE id BETWEEN 4067077 AND 4067176 ORDER BY c
	Sort  (cost=409.69..409.95 rows=102 width=121)
	  Sort Key: c
	  ->  Index Scan using sbtest5_pkey on sbtest5  (cost=0.43..406.29 rows=102 width=121)
	        Index Cond: ((id >= 4067077) AND (id <= 4067176))

table 6 : explain SELECT c FROM sbtest6 WHERE id BETWEEN 4170807 AND 4170906 ORDER BY c
	Sort  (cost=394.87..395.11 rows=98 width=121)
	  Sort Key: c
	  ->  Index Scan using sbtest6_pkey on sbtest6  (cost=0.43..391.62 rows=98 width=121)
	        Index Cond: ((id >= 4170807) AND (id <= 4170906))

table 7 : explain SELECT c FROM sbtest7 WHERE id BETWEEN 4920538 AND 4920637 ORDER BY c
	Sort  (cost=423.69..423.96 rows=105 width=121)
	  Sort Key: c
	  ->  Index Scan using sbtest7_pkey on sbtest7  (cost=0.43..420.17 rows=105 width=121)
	        Index Cond: ((id >= 4920538) AND (id <= 4920637))

table 8 : explain SELECT c FROM sbtest8 WHERE id BETWEEN 2034284 AND 2034383 ORDER BY c
	Sort  (cost=418.15..418.41 rows=104 width=121)
	  Sort Key: c
	  ->  Index Scan using sbtest8_pkey on sbtest8  (cost=0.43..414.66 rows=104 width=121)
	        Index Cond: ((id >= 2034284) AND (id <= 2034383))

for: order_ranges
table 1 : explain SELECT c FROM sbtest1 WHERE id BETWEEN 323504 AND 323603 ORDER BY c
	Sort  (cost=391.58..391.82 rows=97 width=121)
	  Sort Key: c
	  ->  Index Scan using sbtest1_pkey on sbtest1  (cost=0.43..388.38 rows=97 width=121)
	        Index Cond: ((id >= 323504) AND (id <= 323603))

table 2 : explain SELECT c FROM sbtest2 WHERE id BETWEEN 9565228 AND 9565327 ORDER BY c
	Sort  (cost=415.41..415.67 rows=103 width=121)
	  Sort Key: c
	  ->  Index Scan using sbtest2_pkey on sbtest2  (cost=0.43..411.96 rows=103 width=121)
	        Index Cond: ((id >= 9565228) AND (id <= 9565327))

table 3 : explain SELECT c FROM sbtest3 WHERE id BETWEEN 7983535 AND 7983634 ORDER BY c
	Sort  (cost=415.60..415.86 rows=103 width=121)
	  Sort Key: c
	  ->  Index Scan using sbtest3_pkey on sbtest3  (cost=0.43..412.16 rows=103 width=121)
	        Index Cond: ((id >= 7983535) AND (id <= 7983634))

table 4 : explain SELECT c FROM sbtest4 WHERE id BETWEEN 8922826 AND 8922925 ORDER BY c
	Sort  (cost=427.13..427.40 rows=106 width=121)
	  Sort Key: c
	  ->  Index Scan using sbtest4_pkey on sbtest4  (cost=0.43..423.57 rows=106 width=121)
	        Index Cond: ((id >= 8922826) AND (id <= 8922925))

table 5 : explain SELECT c FROM sbtest5 WHERE id BETWEEN 1048214 AND 1048313 ORDER BY c
	Sort  (cost=389.78..390.02 rows=97 width=121)
	  Sort Key: c
	  ->  Index Scan using sbtest5_pkey on sbtest5  (cost=0.43..386.58 rows=97 width=121)
	        Index Cond: ((id >= 1048214) AND (id <= 1048313))

table 6 : explain SELECT c FROM sbtest6 WHERE id BETWEEN 9396442 AND 9396541 ORDER BY c
	Sort  (cost=406.85..407.11 rows=101 width=121)
	  Sort Key: c
	  ->  Index Scan using sbtest6_pkey on sbtest6  (cost=0.43..403.49 rows=101 width=121)
	        Index Cond: ((id >= 9396442) AND (id <= 9396541))

table 7 : explain SELECT c FROM sbtest7 WHERE id BETWEEN 4529760 AND 4529859 ORDER BY c
	Sort  (cost=371.70..371.93 rows=92 width=121)
	  Sort Key: c
	  ->  Index Scan using sbtest7_pkey on sbtest7  (cost=0.43..368.70 rows=92 width=121)
	        Index Cond: ((id >= 4529760) AND (id <= 4529859))

table 8 : explain SELECT c FROM sbtest8 WHERE id BETWEEN 6980883 AND 6980982 ORDER BY c
	Sort  (cost=406.19..406.45 rows=101 width=121)
	  Sort Key: c
	  ->  Index Scan using sbtest8_pkey on sbtest8  (cost=0.43..402.83 rows=101 width=121)
	        Index Cond: ((id >= 6980883) AND (id <= 6980982))

for: sum_ranges
table 1 : explain SELECT SUM(k) FROM sbtest1 WHERE id BETWEEN 6596174 AND 6596273
	Aggregate  (cost=416.36..416.37 rows=1 width=8)
	  ->  Index Scan using sbtest1_pkey on sbtest1  (cost=0.43..416.10 rows=104 width=4)
	        Index Cond: ((id >= 6596174) AND (id <= 6596273))

table 2 : explain SELECT SUM(k) FROM sbtest2 WHERE id BETWEEN 7555055 AND 7555154
	Aggregate  (cost=372.63..372.64 rows=1 width=8)
	  ->  Index Scan using sbtest2_pkey on sbtest2  (cost=0.43..372.39 rows=93 width=4)
	        Index Cond: ((id >= 7555055) AND (id <= 7555154))

table 3 : explain SELECT SUM(k) FROM sbtest3 WHERE id BETWEEN 8331461 AND 8331560
	Aggregate  (cost=392.60..392.61 rows=1 width=8)
	  ->  Index Scan using sbtest3_pkey on sbtest3  (cost=0.43..392.36 rows=98 width=4)
	        Index Cond: ((id >= 8331461) AND (id <= 8331560))

table 4 : explain SELECT SUM(k) FROM sbtest4 WHERE id BETWEEN 6578580 AND 6578679
	Aggregate  (cost=364.48..364.49 rows=1 width=8)
	  ->  Index Scan using sbtest4_pkey on sbtest4  (cost=0.43..364.25 rows=91 width=4)
	        Index Cond: ((id >= 6578580) AND (id <= 6578679))

table 5 : explain SELECT SUM(k) FROM sbtest5 WHERE id BETWEEN 8829333 AND 8829432
	Aggregate  (cost=390.76..390.77 rows=1 width=8)
	  ->  Index Scan using sbtest5_pkey on sbtest5  (cost=0.43..390.51 rows=98 width=4)
	        Index Cond: ((id >= 8829333) AND (id <= 8829432))

table 6 : explain SELECT SUM(k) FROM sbtest6 WHERE id BETWEEN 5459503 AND 5459602
	Aggregate  (cost=391.87..391.88 rows=1 width=8)
	  ->  Index Scan using sbtest6_pkey on sbtest6  (cost=0.43..391.62 rows=98 width=4)
	        Index Cond: ((id >= 5459503) AND (id <= 5459602))

table 7 : explain SELECT SUM(k) FROM sbtest7 WHERE id BETWEEN 7982777 AND 7982876
	Aggregate  (cost=440.24..440.25 rows=1 width=8)
	  ->  Index Scan using sbtest7_pkey on sbtest7  (cost=0.43..439.96 rows=110 width=4)
	        Index Cond: ((id >= 7982777) AND (id <= 7982876))

table 8 : explain SELECT SUM(k) FROM sbtest8 WHERE id BETWEEN 8770285 AND 8770384
	Aggregate  (cost=383.34..383.35 rows=1 width=8)
	  ->  Index Scan using sbtest8_pkey on sbtest8  (cost=0.43..383.10 rows=96 width=4)
	        Index Cond: ((id >= 8770285) AND (id <= 8770384))

for: order_ranges
table 1 : explain SELECT c FROM sbtest1 WHERE id BETWEEN 4535108 AND 4535207 ORDER BY c
	Sort  (cost=431.57..431.84 rows=107 width=121)
	  Sort Key: c
	  ->  Index Scan using sbtest1_pkey on sbtest1  (cost=0.43..427.97 rows=107 width=121)
	        Index Cond: ((id >= 4535108) AND (id <= 4535207))

table 2 : explain SELECT c FROM sbtest2 WHERE id BETWEEN 3226929 AND 3227028 ORDER BY c
	Sort  (cost=403.40..403.65 rows=100 width=121)
	  Sort Key: c
	  ->  Index Scan using sbtest2_pkey on sbtest2  (cost=0.43..400.08 rows=100 width=121)
	        Index Cond: ((id >= 3226929) AND (id <= 3227028))

table 3 : explain SELECT c FROM sbtest3 WHERE id BETWEEN 2009798 AND 2009897 ORDER BY c
	Sort  (cost=427.60..427.86 rows=106 width=121)
	  Sort Key: c
	  ->  Index Scan using sbtest3_pkey on sbtest3  (cost=0.43..424.03 rows=106 width=121)
	        Index Cond: ((id >= 2009798) AND (id <= 2009897))

table 4 : explain SELECT c FROM sbtest4 WHERE id BETWEEN 4630188 AND 4630287 ORDER BY c
	Sort  (cost=395.17..395.41 rows=98 width=121)
	  Sort Key: c
	  ->  Index Scan using sbtest4_pkey on sbtest4  (cost=0.43..391.93 rows=98 width=121)
	        Index Cond: ((id >= 4630188) AND (id <= 4630287))

table 5 : explain SELECT c FROM sbtest5 WHERE id BETWEEN 9399298 AND 9399397 ORDER BY c
	Sort  (cost=365.91..366.13 rows=91 width=121)
	  Sort Key: c
	  ->  Index Scan using sbtest5_pkey on sbtest5  (cost=0.43..362.95 rows=91 width=121)
	        Index Cond: ((id >= 9399298) AND (id <= 9399397))

table 6 : explain SELECT c FROM sbtest6 WHERE id BETWEEN 6676845 AND 6676944 ORDER BY c
	Sort  (cost=386.89..387.13 rows=96 width=121)
	  Sort Key: c
	  ->  Index Scan using sbtest6_pkey on sbtest6  (cost=0.43..383.72 rows=96 width=121)
	        Index Cond: ((id >= 6676845) AND (id <= 6676944))

table 7 : explain SELECT c FROM sbtest7 WHERE id BETWEEN 4229604 AND 4229703 ORDER BY c
	Sort  (cost=383.69..383.93 rows=95 width=121)
	  Sort Key: c
	  ->  Index Scan using sbtest7_pkey on sbtest7  (cost=0.43..380.57 rows=95 width=121)
	        Index Cond: ((id >= 4229604) AND (id <= 4229703))

table 8 : explain SELECT c FROM sbtest8 WHERE id BETWEEN 2697180 AND 2697279 ORDER BY c
	Sort  (cost=362.36..362.58 rows=90 width=121)
	  Sort Key: c
	  ->  Index Scan using sbtest8_pkey on sbtest8  (cost=0.43..359.44 rows=90 width=121)
	        Index Cond: ((id >= 2697180) AND (id <= 2697279))

for: distinct_ranges
table 1 : explain SELECT DISTINCT c FROM sbtest1 WHERE id BETWEEN 9227732 AND 9227831 ORDER BY c
	Unique  (cost=415.58..416.10 rows=103 width=121)
	  ->  Sort  (cost=415.58..415.84 rows=103 width=121)
	        Sort Key: c
	        ->  Index Scan using sbtest1_pkey on sbtest1  (cost=0.43..412.14 rows=103 width=121)
	              Index Cond: ((id >= 9227732) AND (id <= 9227831))

table 2 : explain SELECT DISTINCT c FROM sbtest2 WHERE id BETWEEN 855495 AND 855594 ORDER BY c
	Unique  (cost=415.41..415.92 rows=103 width=121)
	  ->  Sort  (cost=415.41..415.67 rows=103 width=121)
	        Sort Key: c
	        ->  Index Scan using sbtest2_pkey on sbtest2  (cost=0.43..411.96 rows=103 width=121)
	              Index Cond: ((id >= 855495) AND (id <= 855594))

table 3 : explain SELECT DISTINCT c FROM sbtest3 WHERE id BETWEEN 1687873 AND 1687972 ORDER BY c
	Unique  (cost=415.60..416.12 rows=103 width=121)
	  ->  Sort  (cost=415.60..415.86 rows=103 width=121)
	        Sort Key: c
	        ->  Index Scan using sbtest3_pkey on sbtest3  (cost=0.43..412.16 rows=103 width=121)
	              Index Cond: ((id >= 1687873) AND (id <= 1687972))

table 4 : explain SELECT DISTINCT c FROM sbtest4 WHERE id BETWEEN 8449898 AND 8449997 ORDER BY c
	Unique  (cost=411.16..411.67 rows=102 width=121)
	  ->  Sort  (cost=411.16..411.41 rows=102 width=121)
	        Sort Key: c
	        ->  Index Scan using sbtest4_pkey on sbtest4  (cost=0.43..407.75 rows=102 width=121)
	              Index Cond: ((id >= 8449898) AND (id <= 8449997))

table 5 : explain SELECT DISTINCT c FROM sbtest5 WHERE id BETWEEN 3315596 AND 3315695 ORDER BY c
	Unique  (cost=453.46..454.03 rows=113 width=121)
	  ->  Sort  (cost=453.46..453.75 rows=113 width=121)
	        Sort Key: c
	        ->  Index Scan using sbtest5_pkey on sbtest5  (cost=0.43..449.61 rows=113 width=121)
	              Index Cond: ((id >= 3315596) AND (id <= 3315695))

table 6 : explain SELECT DISTINCT c FROM sbtest6 WHERE id BETWEEN 8138226 AND 8138325 ORDER BY c
	Unique  (cost=402.86..403.36 rows=100 width=121)
	  ->  Sort  (cost=402.86..403.11 rows=100 width=121)
	        Sort Key: c
	        ->  Index Scan using sbtest6_pkey on sbtest6  (cost=0.43..399.54 rows=100 width=121)
	              Index Cond: ((id >= 8138226) AND (id <= 8138325))

table 7 : explain SELECT DISTINCT c FROM sbtest7 WHERE id BETWEEN 6240942 AND 6241041 ORDER BY c
	Unique  (cost=415.70..416.21 rows=103 width=121)
	  ->  Sort  (cost=415.70..415.95 rows=103 width=121)
	        Sort Key: c
	        ->  Index Scan using sbtest7_pkey on sbtest7  (cost=0.43..412.25 rows=103 width=121)
	              Index Cond: ((id >= 6240942) AND (id <= 6241041))

table 8 : explain SELECT DISTINCT c FROM sbtest8 WHERE id BETWEEN 2209791 AND 2209890 ORDER BY c
	Unique  (cost=418.15..418.67 rows=104 width=121)
	  ->  Sort  (cost=418.15..418.41 rows=104 width=121)
	        Sort Key: c
	        ->  Index Scan using sbtest8_pkey on sbtest8  (cost=0.43..414.66 rows=104 width=121)
	              Index Cond: ((id >= 2209791) AND (id <= 2209890))

for: distinct_ranges
table 1 : explain SELECT DISTINCT c FROM sbtest1 WHERE id BETWEEN 2503446 AND 2503545 ORDER BY c
	Unique  (cost=403.57..404.07 rows=100 width=121)
	  ->  Sort  (cost=403.57..403.82 rows=100 width=121)
	        Sort Key: c
	        ->  Index Scan using sbtest1_pkey on sbtest1  (cost=0.43..400.25 rows=100 width=121)
	              Index Cond: ((id >= 2503446) AND (id <= 2503545))

table 2 : explain SELECT DISTINCT c FROM sbtest2 WHERE id BETWEEN 6570161 AND 6570260 ORDER BY c
	Unique  (cost=415.41..415.92 rows=103 width=121)
	  ->  Sort  (cost=415.41..415.67 rows=103 width=121)
	        Sort Key: c
	        ->  Index Scan using sbtest2_pkey on sbtest2  (cost=0.43..411.96 rows=103 width=121)
	              Index Cond: ((id >= 6570161) AND (id <= 6570260))

table 3 : explain SELECT DISTINCT c FROM sbtest3 WHERE id BETWEEN 9979681 AND 9979780 ORDER BY c
	Unique  (cost=379.61..380.08 rows=94 width=121)
	  ->  Sort  (cost=379.61..379.84 rows=94 width=121)
	        Sort Key: c
	        ->  Index Scan using sbtest3_pkey on sbtest3  (cost=0.43..376.53 rows=94 width=121)
	              Index Cond: ((id >= 9979681) AND (id <= 9979780))

table 4 : explain SELECT DISTINCT c FROM sbtest4 WHERE id BETWEEN 1666788 AND 1666887 ORDER BY c
	Unique  (cost=415.15..415.67 rows=103 width=121)
	  ->  Sort  (cost=415.15..415.41 rows=103 width=121)
	        Sort Key: c
	        ->  Index Scan using sbtest4_pkey on sbtest4  (cost=0.43..411.71 rows=103 width=121)
	              Index Cond: ((id >= 1666788) AND (id <= 1666887))

table 5 : explain SELECT DISTINCT c FROM sbtest5 WHERE id BETWEEN 9494649 AND 9494748 ORDER BY c
	Unique  (cost=425.61..426.14 rows=106 width=121)
	  ->  Sort  (cost=425.61..425.87 rows=106 width=121)
	        Sort Key: c
	        ->  Index Scan using sbtest5_pkey on sbtest5  (cost=0.43..422.04 rows=106 width=121)
	              Index Cond: ((id >= 9494649) AND (id <= 9494748))

table 6 : explain SELECT DISTINCT c FROM sbtest6 WHERE id BETWEEN 915081 AND 915180 ORDER BY c
	Unique  (cost=378.91..379.38 rows=94 width=121)
	  ->  Sort  (cost=378.91..379.14 rows=94 width=121)
	        Sort Key: c
	        ->  Index Scan using sbtest6_pkey on sbtest6  (cost=0.43..375.82 rows=94 width=121)
	              Index Cond: ((id >= 915081) AND (id <= 915180))

table 7 : explain SELECT DISTINCT c FROM sbtest7 WHERE id BETWEEN 1284762 AND 1284861 ORDER BY c
	Unique  (cost=375.69..376.16 rows=93 width=121)
	  ->  Sort  (cost=375.69..375.93 rows=93 width=121)
	        Sort Key: c
	        ->  Index Scan using sbtest7_pkey on sbtest7  (cost=0.43..372.65 rows=93 width=121)
	              Index Cond: ((id >= 1284762) AND (id <= 1284861))

table 8 : explain SELECT DISTINCT c FROM sbtest8 WHERE id BETWEEN 5361340 AND 5361439 ORDER BY c
	Unique  (cost=390.24..390.73 rows=97 width=121)
	  ->  Sort  (cost=390.24..390.48 rows=97 width=121)
	        Sort Key: c
	        ->  Index Scan using sbtest8_pkey on sbtest8  (cost=0.43..387.04 rows=97 width=121)
	              Index Cond: ((id >= 5361340) AND (id <= 5361439))

for: order_ranges
table 1 : explain SELECT c FROM sbtest1 WHERE id BETWEEN 9704025 AND 9704124 ORDER BY c
	Sort  (cost=391.58..391.82 rows=97 width=121)
	  Sort Key: c
	  ->  Index Scan using sbtest1_pkey on sbtest1  (cost=0.43..388.38 rows=97 width=121)
	        Index Cond: ((id >= 9704025) AND (id <= 9704124))

table 2 : explain SELECT c FROM sbtest2 WHERE id BETWEEN 6744975 AND 6745074 ORDER BY c
	Sort  (cost=423.40..423.66 rows=105 width=121)
	  Sort Key: c
	  ->  Index Scan using sbtest2_pkey on sbtest2  (cost=0.43..419.88 rows=105 width=121)
	        Index Cond: ((id >= 6744975) AND (id <= 6745074))

table 3 : explain SELECT c FROM sbtest3 WHERE id BETWEEN 7412337 AND 7412436 ORDER BY c
	Sort  (cost=399.60..399.84 rows=99 width=121)
	  Sort Key: c
	  ->  Index Scan using sbtest3_pkey on sbtest3  (cost=0.43..396.31 rows=99 width=121)
	        Index Cond: ((id >= 7412337) AND (id <= 7412436))

table 4 : explain SELECT c FROM sbtest4 WHERE id BETWEEN 2555857 AND 2555956 ORDER BY c
	Sort  (cost=467.07..467.36 rows=116 width=121)
	  Sort Key: c
	  ->  Index Scan using sbtest4_pkey on sbtest4  (cost=0.43..463.10 rows=116 width=121)
	        Index Cond: ((id >= 2555857) AND (id <= 2555956))

table 5 : explain SELECT c FROM sbtest5 WHERE id BETWEEN 2419315 AND 2419414 ORDER BY c
	Sort  (cost=369.88..370.11 rows=92 width=121)
	  Sort Key: c
	  ->  Index Scan using sbtest5_pkey on sbtest5  (cost=0.43..366.88 rows=92 width=121)
	        Index Cond: ((id >= 2419315) AND (id <= 2419414))

table 6 : explain SELECT c FROM sbtest6 WHERE id BETWEEN 6848955 AND 6849054 ORDER BY c
	Sort  (cost=390.88..391.12 rows=97 width=121)
	  Sort Key: c
	  ->  Index Scan using sbtest6_pkey on sbtest6  (cost=0.43..387.67 rows=97 width=121)
	        Index Cond: ((id >= 6848955) AND (id <= 6849054))

table 7 : explain SELECT c FROM sbtest7 WHERE id BETWEEN 40010 AND 40109 ORDER BY c
	Sort  (cost=351.71..351.92 rows=87 width=121)
	  Sort Key: c
	  ->  Index Scan using sbtest7_pkey on sbtest7  (cost=0.43..348.90 rows=87 width=121)
	        Index Cond: ((id >= 40010) AND (id <= 40109))

table 8 : explain SELECT c FROM sbtest8 WHERE id BETWEEN 7003925 AND 7004024 ORDER BY c
	Sort  (cost=406.19..406.45 rows=101 width=121)
	  Sort Key: c
	  ->  Index Scan using sbtest8_pkey on sbtest8  (cost=0.43..402.83 rows=101 width=121)
	        Index Cond: ((id >= 7003925) AND (id <= 7004024))

for: distinct_ranges
table 1 : explain SELECT DISTINCT c FROM sbtest1 WHERE id BETWEEN 6359986 AND 6360085 ORDER BY c
	Unique  (cost=403.57..404.07 rows=100 width=121)
	  ->  Sort  (cost=403.57..403.82 rows=100 width=121)
	        Sort Key: c
	        ->  Index Scan using sbtest1_pkey on sbtest1  (cost=0.43..400.25 rows=100 width=121)
	              Index Cond: ((id >= 6359986) AND (id <= 6360085))

table 2 : explain SELECT DISTINCT c FROM sbtest2 WHERE id BETWEEN 3527514 AND 3527613 ORDER BY c
	Unique  (cost=439.39..439.93 rows=109 width=121)
	  ->  Sort  (cost=439.39..439.66 rows=109 width=121)
	        Sort Key: c
	        ->  Index Scan using sbtest2_pkey on sbtest2  (cost=0.43..435.70 rows=109 width=121)
	              Index Cond: ((id >= 3527514) AND (id <= 3527613))

table 3 : explain SELECT DISTINCT c FROM sbtest3 WHERE id BETWEEN 7178516 AND 7178615 ORDER BY c
	Unique  (cost=403.59..404.09 rows=100 width=121)
	  ->  Sort  (cost=403.59..403.84 rows=100 width=121)
	        Sort Key: c
	        ->  Index Scan using sbtest3_pkey on sbtest3  (cost=0.43..400.27 rows=100 width=121)
	              Index Cond: ((id >= 7178516) AND (id <= 7178615))

table 4 : explain SELECT DISTINCT c FROM sbtest4 WHERE id BETWEEN 3543584 AND 3543683 ORDER BY c
	Unique  (cost=423.14..423.66 rows=105 width=121)
	  ->  Sort  (cost=423.14..423.40 rows=105 width=121)
	        Sort Key: c
	        ->  Index Scan using sbtest4_pkey on sbtest4  (cost=0.43..419.61 rows=105 width=121)
	              Index Cond: ((id >= 3543584) AND (id <= 3543683))

table 5 : explain SELECT DISTINCT c FROM sbtest5 WHERE id BETWEEN 6586174 AND 6586273 ORDER BY c
	Unique  (cost=433.57..434.11 rows=108 width=121)
	  ->  Sort  (cost=433.57..433.84 rows=108 width=121)
	        Sort Key: c
	        ->  Index Scan using sbtest5_pkey on sbtest5  (cost=0.43..429.92 rows=108 width=121)
	              Index Cond: ((id >= 6586174) AND (id <= 6586273))

table 6 : explain SELECT DISTINCT c FROM sbtest6 WHERE id BETWEEN 8071683 AND 8071782 ORDER BY c
	Unique  (cost=398.86..399.35 rows=99 width=121)
	  ->  Sort  (cost=398.86..399.10 rows=99 width=121)
	        Sort Key: c
	        ->  Index Scan using sbtest6_pkey on sbtest6  (cost=0.43..395.57 rows=99 width=121)
	              Index Cond: ((id >= 8071683) AND (id <= 8071782))

table 7 : explain SELECT DISTINCT c FROM sbtest7 WHERE id BETWEEN 6468694 AND 6468793 ORDER BY c
	Unique  (cost=383.69..384.17 rows=95 width=121)
	  ->  Sort  (cost=383.69..383.93 rows=95 width=121)
	        Sort Key: c
	        ->  Index Scan using sbtest7_pkey on sbtest7  (cost=0.43..380.57 rows=95 width=121)
	              Index Cond: ((id >= 6468694) AND (id <= 6468793))

table 8 : explain SELECT DISTINCT c FROM sbtest8 WHERE id BETWEEN 2480796 AND 2480895 ORDER BY c
	Unique  (cost=406.19..406.70 rows=101 width=121)
	  ->  Sort  (cost=406.19..406.45 rows=101 width=121)
	        Sort Key: c
	        ->  Index Scan using sbtest8_pkey on sbtest8  (cost=0.43..402.83 rows=101 width=121)
	              Index Cond: ((id >= 2480796) AND (id <= 2480895))

for: order_ranges
table 1 : explain SELECT c FROM sbtest1 WHERE id BETWEEN 3865650 AND 3865749 ORDER BY c
	Sort  (cost=431.57..431.84 rows=107 width=121)
	  Sort Key: c
	  ->  Index Scan using sbtest1_pkey on sbtest1  (cost=0.43..427.97 rows=107 width=121)
	        Index Cond: ((id >= 3865650) AND (id <= 3865749))

table 2 : explain SELECT c FROM sbtest2 WHERE id BETWEEN 1152151 AND 1152250 ORDER BY c
	Sort  (cost=387.42..387.66 rows=96 width=121)
	  Sort Key: c
	  ->  Index Scan using sbtest2_pkey on sbtest2  (cost=0.43..384.26 rows=96 width=121)
	        Index Cond: ((id >= 1152151) AND (id <= 1152250))

table 3 : explain SELECT c FROM sbtest3 WHERE id BETWEEN 2784014 AND 2784113 ORDER BY c
	Sort  (cost=351.63..351.85 rows=87 width=121)
	  Sort Key: c
	  ->  Index Scan using sbtest3_pkey on sbtest3  (cost=0.43..348.83 rows=87 width=121)
	        Index Cond: ((id >= 2784014) AND (id <= 2784113))

table 4 : explain SELECT c FROM sbtest4 WHERE id BETWEEN 1561264 AND 1561363 ORDER BY c
	Sort  (cost=431.13..431.39 rows=107 width=121)
	  Sort Key: c
	  ->  Index Scan using sbtest4_pkey on sbtest4  (cost=0.43..427.52 rows=107 width=121)
	        Index Cond: ((id >= 1561264) AND (id <= 1561363))

table 5 : explain SELECT c FROM sbtest5 WHERE id BETWEEN 6559187 AND 6559286 ORDER BY c
	Sort  (cost=405.71..405.96 rows=101 width=121)
	  Sort Key: c
	  ->  Index Scan using sbtest5_pkey on sbtest5  (cost=0.43..402.35 rows=101 width=121)
	        Index Cond: ((id >= 6559187) AND (id <= 6559286))

table 6 : explain SELECT c FROM sbtest6 WHERE id BETWEEN 1399848 AND 1399947 ORDER BY c
	Sort  (cost=402.86..403.11 rows=100 width=121)
	  Sort Key: c
	  ->  Index Scan using sbtest6_pkey on sbtest6  (cost=0.43..399.54 rows=100 width=121)
	        Index Cond: ((id >= 1399848) AND (id <= 1399947))

table 7 : explain SELECT c FROM sbtest7 WHERE id BETWEEN 5487578 AND 5487677 ORDER BY c
	Sort  (cost=427.69..427.96 rows=106 width=121)
	  Sort Key: c
	  ->  Index Scan using sbtest7_pkey on sbtest7  (cost=0.43..424.13 rows=106 width=121)
	        Index Cond: ((id >= 5487578) AND (id <= 5487677))

table 8 : explain SELECT c FROM sbtest8 WHERE id BETWEEN 2465879 AND 2465978 ORDER BY c
	Sort  (cost=406.19..406.45 rows=101 width=121)
	  Sort Key: c
	  ->  Index Scan using sbtest8_pkey on sbtest8  (cost=0.43..402.83 rows=101 width=121)
	        Index Cond: ((id >= 2465879) AND (id <= 2465978))

for: distinct_ranges
table 1 : explain SELECT DISTINCT c FROM sbtest1 WHERE id BETWEEN 3417067 AND 3417166 ORDER BY c
	Unique  (cost=395.58..396.07 rows=98 width=121)
	  ->  Sort  (cost=395.58..395.82 rows=98 width=121)
	        Sort Key: c
	        ->  Index Scan using sbtest1_pkey on sbtest1  (cost=0.43..392.34 rows=98 width=121)
	              Index Cond: ((id >= 3417067) AND (id <= 3417166))

table 2 : explain SELECT DISTINCT c FROM sbtest2 WHERE id BETWEEN 3811556 AND 3811655 ORDER BY c
	Unique  (cost=371.44..371.90 rows=92 width=121)
	  ->  Sort  (cost=371.44..371.67 rows=92 width=121)
	        Sort Key: c
	        ->  Index Scan using sbtest2_pkey on sbtest2  (cost=0.43..368.44 rows=92 width=121)
	              Index Cond: ((id >= 3811556) AND (id <= 3811655))

table 3 : explain SELECT DISTINCT c FROM sbtest3 WHERE id BETWEEN 4940757 AND 4940856 ORDER BY c
	Unique  (cost=415.60..416.12 rows=103 width=121)
	  ->  Sort  (cost=415.60..415.86 rows=103 width=121)
	        Sort Key: c
	        ->  Index Scan using sbtest3_pkey on sbtest3  (cost=0.43..412.16 rows=103 width=121)
	              Index Cond: ((id >= 4940757) AND (id <= 4940856))

table 4 : explain SELECT DISTINCT c FROM sbtest4 WHERE id BETWEEN 2960716 AND 2960815 ORDER BY c
	Unique  (cost=431.13..431.66 rows=107 width=121)
	  ->  Sort  (cost=431.13..431.39 rows=107 width=121)
	        Sort Key: c
	        ->  Index Scan using sbtest4_pkey on sbtest4  (cost=0.43..427.52 rows=107 width=121)
	              Index Cond: ((id >= 2960716) AND (id <= 2960815))

table 5 : explain SELECT DISTINCT c FROM sbtest5 WHERE id BETWEEN 2072249 AND 2072348 ORDER BY c
	Unique  (cost=425.61..426.14 rows=106 width=121)
	  ->  Sort  (cost=425.61..425.87 rows=106 width=121)
	        Sort Key: c
	        ->  Index Scan using sbtest5_pkey on sbtest5  (cost=0.43..422.04 rows=106 width=121)
	              Index Cond: ((id >= 2072249) AND (id <= 2072348))

table 6 : explain SELECT DISTINCT c FROM sbtest6 WHERE id BETWEEN 7116689 AND 7116788 ORDER BY c
	Unique  (cost=390.88..391.36 rows=97 width=121)
	  ->  Sort  (cost=390.88..391.12 rows=97 width=121)
	        Sort Key: c
	        ->  Index Scan using sbtest6_pkey on sbtest6  (cost=0.43..387.67 rows=97 width=121)
	              Index Cond: ((id >= 7116689) AND (id <= 7116788))

table 7 : explain SELECT DISTINCT c FROM sbtest7 WHERE id BETWEEN 2335424 AND 2335523 ORDER BY c
	Unique  (cost=383.69..384.17 rows=95 width=121)
	  ->  Sort  (cost=383.69..383.93 rows=95 width=121)
	        Sort Key: c
	        ->  Index Scan using sbtest7_pkey on sbtest7  (cost=0.43..380.57 rows=95 width=121)
	              Index Cond: ((id >= 2335424) AND (id <= 2335523))

table 8 : explain SELECT DISTINCT c FROM sbtest8 WHERE id BETWEEN 2073861 AND 2073960 ORDER BY c
	Unique  (cost=418.15..418.67 rows=104 width=121)
	  ->  Sort  (cost=418.15..418.41 rows=104 width=121)
	        Sort Key: c
	        ->  Index Scan using sbtest8_pkey on sbtest8  (cost=0.43..414.66 rows=104 width=121)
	              Index Cond: ((id >= 2073861) AND (id <= 2073960))

for: distinct_ranges
table 1 : explain SELECT DISTINCT c FROM sbtest1 WHERE id BETWEEN 2981490 AND 2981589 ORDER BY c
	Unique  (cost=403.57..404.07 rows=100 width=121)
	  ->  Sort  (cost=403.57..403.82 rows=100 width=121)
	        Sort Key: c
	        ->  Index Scan using sbtest1_pkey on sbtest1  (cost=0.43..400.25 rows=100 width=121)
	              Index Cond: ((id >= 2981490) AND (id <= 2981589))

table 2 : explain SELECT DISTINCT c FROM sbtest2 WHERE id BETWEEN 9107741 AND 9107840 ORDER BY c
	Unique  (cost=367.44..367.90 rows=91 width=121)
	  ->  Sort  (cost=367.44..367.67 rows=91 width=121)
	        Sort Key: c
	        ->  Index Scan using sbtest2_pkey on sbtest2  (cost=0.43..364.48 rows=91 width=121)
	              Index Cond: ((id >= 9107741) AND (id <= 9107840))

table 3 : explain SELECT DISTINCT c FROM sbtest3 WHERE id BETWEEN 2536211 AND 2536310 ORDER BY c
	Unique  (cost=459.59..460.16 rows=114 width=121)
	  ->  Sort  (cost=459.59..459.87 rows=114 width=121)
	        Sort Key: c
	        ->  Index Scan using sbtest3_pkey on sbtest3  (cost=0.43..455.69 rows=114 width=121)
	              Index Cond: ((id >= 2536211) AND (id <= 2536310))

table 4 : explain SELECT DISTINCT c FROM sbtest4 WHERE id BETWEEN 1041021 AND 1041120 ORDER BY c
	Unique  (cost=407.16..407.67 rows=101 width=121)
	  ->  Sort  (cost=407.16..407.42 rows=101 width=121)
	        Sort Key: c
	        ->  Index Scan using sbtest4_pkey on sbtest4  (cost=0.43..403.80 rows=101 width=121)
	              Index Cond: ((id >= 1041021) AND (id <= 1041120))

table 5 : explain SELECT DISTINCT c FROM sbtest5 WHERE id BETWEEN 1798678 AND 1798777 ORDER BY c
	Unique  (cost=421.63..422.15 rows=105 width=121)
	  ->  Sort  (cost=421.63..421.89 rows=105 width=121)
	        Sort Key: c
	        ->  Index Scan using sbtest5_pkey on sbtest5  (cost=0.43..418.10 rows=105 width=121)
	              Index Cond: ((id >= 1798678) AND (id <= 1798777))

table 6 : explain SELECT DISTINCT c FROM sbtest6 WHERE id BETWEEN 1820027 AND 1820126 ORDER BY c
	Unique  (cost=434.79..435.33 rows=108 width=121)
	  ->  Sort  (cost=434.79..435.06 rows=108 width=121)
	        Sort Key: c
	        ->  Index Scan using sbtest6_pkey on sbtest6  (cost=0.43..431.14 rows=108 width=121)
	              Index Cond: ((id >= 1820027) AND (id <= 1820126))

table 7 : explain SELECT DISTINCT c FROM sbtest7 WHERE id BETWEEN 262597 AND 262696 ORDER BY c
	Unique  (cost=415.70..416.21 rows=103 width=121)
	  ->  Sort  (cost=415.70..415.95 rows=103 width=121)
	        Sort Key: c
	        ->  Index Scan using sbtest7_pkey on sbtest7  (cost=0.43..412.25 rows=103 width=121)
	              Index Cond: ((id >= 262597) AND (id <= 262696))

table 8 : explain SELECT DISTINCT c FROM sbtest8 WHERE id BETWEEN 241352 AND 241451 ORDER BY c
	Unique  (cost=434.08..434.62 rows=108 width=121)
	  ->  Sort  (cost=434.08..434.35 rows=108 width=121)
	        Sort Key: c
	        ->  Index Scan using sbtest8_pkey on sbtest8  (cost=0.43..430.43 rows=108 width=121)
	              Index Cond: ((id >= 241352) AND (id <= 241451))

for: distinct_ranges
table 1 : explain SELECT DISTINCT c FROM sbtest1 WHERE id BETWEEN 1056465 AND 1056564 ORDER BY c
	Unique  (cost=379.59..380.06 rows=94 width=121)
	  ->  Sort  (cost=379.59..379.82 rows=94 width=121)
	        Sort Key: c
	        ->  Index Scan using sbtest1_pkey on sbtest1  (cost=0.43..376.51 rows=94 width=121)
	              Index Cond: ((id >= 1056465) AND (id <= 1056564))

table 2 : explain SELECT DISTINCT c FROM sbtest2 WHERE id BETWEEN 1572680 AND 1572779 ORDER BY c
	Unique  (cost=459.37..459.94 rows=114 width=121)
	  ->  Sort  (cost=459.37..459.65 rows=114 width=121)
	        Sort Key: c
	        ->  Index Scan using sbtest2_pkey on sbtest2  (cost=0.43..455.47 rows=114 width=121)
	              Index Cond: ((id >= 1572680) AND (id <= 1572779))

table 3 : explain SELECT DISTINCT c FROM sbtest3 WHERE id BETWEEN 120396 AND 120495 ORDER BY c
	Unique  (cost=403.59..404.09 rows=100 width=121)
	  ->  Sort  (cost=403.59..403.84 rows=100 width=121)
	        Sort Key: c
	        ->  Index Scan using sbtest3_pkey on sbtest3  (cost=0.43..400.27 rows=100 width=121)
	              Index Cond: ((id >= 120396) AND (id <= 120495))

table 4 : explain SELECT DISTINCT c FROM sbtest4 WHERE id BETWEEN 8510191 AND 8510290 ORDER BY c
	Unique  (cost=411.16..411.67 rows=102 width=121)
	  ->  Sort  (cost=411.16..411.41 rows=102 width=121)
	        Sort Key: c
	        ->  Index Scan using sbtest4_pkey on sbtest4  (cost=0.43..407.75 rows=102 width=121)
	              Index Cond: ((id >= 8510191) AND (id <= 8510290))

table 5 : explain SELECT DISTINCT c FROM sbtest5 WHERE id BETWEEN 6291405 AND 6291504 ORDER BY c
	Unique  (cost=381.82..382.29 rows=95 width=121)
	  ->  Sort  (cost=381.82..382.06 rows=95 width=121)
	        Sort Key: c
	        ->  Index Scan using sbtest5_pkey on sbtest5  (cost=0.43..378.70 rows=95 width=121)
	              Index Cond: ((id >= 6291405) AND (id <= 6291504))

table 6 : explain SELECT DISTINCT c FROM sbtest6 WHERE id BETWEEN 6574438 AND 6574537 ORDER BY c
	Unique  (cost=430.80..431.33 rows=107 width=121)
	  ->  Sort  (cost=430.80..431.06 rows=107 width=121)
	        Sort Key: c
	        ->  Index Scan using sbtest6_pkey on sbtest6  (cost=0.43..427.19 rows=107 width=121)
	              Index Cond: ((id >= 6574438) AND (id <= 6574537))

table 7 : explain SELECT DISTINCT c FROM sbtest7 WHERE id BETWEEN 1250022 AND 1250121 ORDER BY c
	Unique  (cost=375.69..376.16 rows=93 width=121)
	  ->  Sort  (cost=375.69..375.93 rows=93 width=121)
	        Sort Key: c
	        ->  Index Scan using sbtest7_pkey on sbtest7  (cost=0.43..372.65 rows=93 width=121)
	              Index Cond: ((id >= 1250022) AND (id <= 1250121))

table 8 : explain SELECT DISTINCT c FROM sbtest8 WHERE id BETWEEN 6471830 AND 6471929 ORDER BY c
	Unique  (cost=414.16..414.68 rows=103 width=121)
	  ->  Sort  (cost=414.16..414.42 rows=103 width=121)
	        Sort Key: c
	        ->  Index Scan using sbtest8_pkey on sbtest8  (cost=0.43..410.72 rows=103 width=121)
	              Index Cond: ((id >= 6471830) AND (id <= 6471929))

for: distinct_ranges
table 1 : explain SELECT DISTINCT c FROM sbtest1 WHERE id BETWEEN 6021419 AND 6021518 ORDER BY c
	Unique  (cost=427.58..428.11 rows=106 width=121)
	  ->  Sort  (cost=427.58..427.84 rows=106 width=121)
	        Sort Key: c
	        ->  Index Scan using sbtest1_pkey on sbtest1  (cost=0.43..424.01 rows=106 width=121)
	              Index Cond: ((id >= 6021419) AND (id <= 6021518))

table 2 : explain SELECT DISTINCT c FROM sbtest2 WHERE id BETWEEN 71260 AND 71359 ORDER BY c
	Unique  (cost=411.41..411.92 rows=102 width=121)
	  ->  Sort  (cost=411.41..411.67 rows=102 width=121)
	        Sort Key: c
	        ->  Index Scan using sbtest2_pkey on sbtest2  (cost=0.43..408.01 rows=102 width=121)
	              Index Cond: ((id >= 71260) AND (id <= 71359))

table 3 : explain SELECT DISTINCT c FROM sbtest3 WHERE id BETWEEN 367715 AND 367814 ORDER BY c
	Unique  (cost=379.61..380.08 rows=94 width=121)
	  ->  Sort  (cost=379.61..379.84 rows=94 width=121)
	        Sort Key: c
	        ->  Index Scan using sbtest3_pkey on sbtest3  (cost=0.43..376.53 rows=94 width=121)
	              Index Cond: ((id >= 367715) AND (id <= 367814))

table 4 : explain SELECT DISTINCT c FROM sbtest4 WHERE id BETWEEN 2071415 AND 2071514 ORDER BY c
	Unique  (cost=395.17..395.66 rows=98 width=121)
	  ->  Sort  (cost=395.17..395.41 rows=98 width=121)
	        Sort Key: c
	        ->  Index Scan using sbtest4_pkey on sbtest4  (cost=0.43..391.93 rows=98 width=121)
	              Index Cond: ((id >= 2071415) AND (id <= 2071514))

table 5 : explain SELECT DISTINCT c FROM sbtest5 WHERE id BETWEEN 864772 AND 864871 ORDER BY c
	Unique  (cost=461.42..462.00 rows=115 width=121)
	  ->  Sort  (cost=461.42..461.71 rows=115 width=121)
	        Sort Key: c
	        ->  Index Scan using sbtest5_pkey on sbtest5  (cost=0.43..457.49 rows=115 width=121)
	              Index Cond: ((id >= 864772) AND (id <= 864871))

table 6 : explain SELECT DISTINCT c FROM sbtest6 WHERE id BETWEEN 308514 AND 308613 ORDER BY c
	Unique  (cost=398.86..399.35 rows=99 width=121)
	  ->  Sort  (cost=398.86..399.10 rows=99 width=121)
	        Sort Key: c
	        ->  Index Scan using sbtest6_pkey on sbtest6  (cost=0.43..395.57 rows=99 width=121)
	              Index Cond: ((id >= 308514) AND (id <= 308613))

table 7 : explain SELECT DISTINCT c FROM sbtest7 WHERE id BETWEEN 2022519 AND 2022618 ORDER BY c
	Unique  (cost=407.70..408.20 rows=101 width=121)
	  ->  Sort  (cost=407.70..407.95 rows=101 width=121)
	        Sort Key: c
	        ->  Index Scan using sbtest7_pkey on sbtest7  (cost=0.43..404.34 rows=101 width=121)
	              Index Cond: ((id >= 2022519) AND (id <= 2022618))

table 8 : explain SELECT DISTINCT c FROM sbtest8 WHERE id BETWEEN 3383092 AND 3383191 ORDER BY c
	Unique  (cost=390.24..390.73 rows=97 width=121)
	  ->  Sort  (cost=390.24..390.48 rows=97 width=121)
	        Sort Key: c
	        ->  Index Scan using sbtest8_pkey on sbtest8  (cost=0.43..387.04 rows=97 width=121)
	              Index Cond: ((id >= 3383092) AND (id <= 3383191))

for: distinct_ranges
table 1 : explain SELECT DISTINCT c FROM sbtest1 WHERE id BETWEEN 9729860 AND 9729959 ORDER BY c
	Unique  (cost=375.59..376.06 rows=93 width=121)
	  ->  Sort  (cost=375.59..375.82 rows=93 width=121)
	        Sort Key: c
	        ->  Index Scan using sbtest1_pkey on sbtest1  (cost=0.43..372.55 rows=93 width=121)
	              Index Cond: ((id >= 9729860) AND (id <= 9729959))

table 2 : explain SELECT DISTINCT c FROM sbtest2 WHERE id BETWEEN 5971057 AND 5971156 ORDER BY c
	Unique  (cost=423.40..423.93 rows=105 width=121)
	  ->  Sort  (cost=423.40..423.66 rows=105 width=121)
	        Sort Key: c
	        ->  Index Scan using sbtest2_pkey on sbtest2  (cost=0.43..419.88 rows=105 width=121)
	              Index Cond: ((id >= 5971057) AND (id <= 5971156))

table 3 : explain SELECT DISTINCT c FROM sbtest3 WHERE id BETWEEN 4540062 AND 4540161 ORDER BY c
	Unique  (cost=407.61..408.11 rows=101 width=121)
	  ->  Sort  (cost=407.61..407.86 rows=101 width=121)
	        Sort Key: c
	        ->  Index Scan using sbtest3_pkey on sbtest3  (cost=0.43..404.24 rows=101 width=121)
	              Index Cond: ((id >= 4540062) AND (id <= 4540161))

table 4 : explain SELECT DISTINCT c FROM sbtest4 WHERE id BETWEEN 6371659 AND 6371758 ORDER BY c
	Unique  (cost=403.15..403.65 rows=100 width=121)
	  ->  Sort  (cost=403.15..403.40 rows=100 width=121)
	        Sort Key: c
	        ->  Index Scan using sbtest4_pkey on sbtest4  (cost=0.43..399.83 rows=100 width=121)
	              Index Cond: ((id >= 6371659) AND (id <= 6371758))

table 5 : explain SELECT DISTINCT c FROM sbtest5 WHERE id BETWEEN 7446675 AND 7446774 ORDER BY c
	Unique  (cost=361.93..362.38 rows=90 width=121)
	  ->  Sort  (cost=361.93..362.15 rows=90 width=121)
	        Sort Key: c
	        ->  Index Scan using sbtest5_pkey on sbtest5  (cost=0.43..359.01 rows=90 width=121)
	              Index Cond: ((id >= 7446675) AND (id <= 7446774))

table 6 : explain SELECT DISTINCT c FROM sbtest6 WHERE id BETWEEN 3967251 AND 3967350 ORDER BY c
	Unique  (cost=414.83..415.35 rows=103 width=121)
	  ->  Sort  (cost=414.83..415.09 rows=103 width=121)
	        Sort Key: c
	        ->  Index Scan using sbtest6_pkey on sbtest6  (cost=0.43..411.39 rows=103 width=121)
	              Index Cond: ((id >= 3967251) AND (id <= 3967350))

table 7 : explain SELECT DISTINCT c FROM sbtest7 WHERE id BETWEEN 6849782 AND 6849881 ORDER BY c
	Unique  (cost=399.70..400.20 rows=99 width=121)
	  ->  Sort  (cost=399.70..399.95 rows=99 width=121)
	        Sort Key: c
	        ->  Index Scan using sbtest7_pkey on sbtest7  (cost=0.43..396.42 rows=99 width=121)
	              Index Cond: ((id >= 6849782) AND (id <= 6849881))

table 8 : explain SELECT DISTINCT c FROM sbtest8 WHERE id BETWEEN 8917101 AND 8917200 ORDER BY c
	Unique  (cost=390.24..390.73 rows=97 width=121)
	  ->  Sort  (cost=390.24..390.48 rows=97 width=121)
	        Sort Key: c
	        ->  Index Scan using sbtest8_pkey on sbtest8  (cost=0.43..387.04 rows=97 width=121)
	              Index Cond: ((id >= 8917101) AND (id <= 8917200))

for: distinct_ranges
table 1 : explain SELECT DISTINCT c FROM sbtest1 WHERE id BETWEEN 8610527 AND 8610626 ORDER BY c
	Unique  (cost=395.58..396.07 rows=98 width=121)
	  ->  Sort  (cost=395.58..395.82 rows=98 width=121)
	        Sort Key: c
	        ->  Index Scan using sbtest1_pkey on sbtest1  (cost=0.43..392.34 rows=98 width=121)
	              Index Cond: ((id >= 8610527) AND (id <= 8610626))

table 2 : explain SELECT DISTINCT c FROM sbtest2 WHERE id BETWEEN 7000573 AND 7000672 ORDER BY c
	Unique  (cost=403.40..403.90 rows=100 width=121)
	  ->  Sort  (cost=403.40..403.65 rows=100 width=121)
	        Sort Key: c
	        ->  Index Scan using sbtest2_pkey on sbtest2  (cost=0.43..400.08 rows=100 width=121)
	              Index Cond: ((id >= 7000573) AND (id <= 7000672))

table 3 : explain SELECT DISTINCT c FROM sbtest3 WHERE id BETWEEN 5644438 AND 5644537 ORDER BY c
	Unique  (cost=407.61..408.11 rows=101 width=121)
	  ->  Sort  (cost=407.61..407.86 rows=101 width=121)
	        Sort Key: c
	        ->  Index Scan using sbtest3_pkey on sbtest3  (cost=0.43..404.24 rows=101 width=121)
	              Index Cond: ((id >= 5644438) AND (id <= 5644537))

table 4 : explain SELECT DISTINCT c FROM sbtest4 WHERE id BETWEEN 1204219 AND 1204318 ORDER BY c
	Unique  (cost=367.22..367.67 rows=91 width=121)
	  ->  Sort  (cost=367.22..367.44 rows=91 width=121)
	        Sort Key: c
	        ->  Index Scan using sbtest4_pkey on sbtest4  (cost=0.43..364.25 rows=91 width=121)
	              Index Cond: ((id >= 1204219) AND (id <= 1204318))

table 5 : explain SELECT DISTINCT c FROM sbtest5 WHERE id BETWEEN 9058770 AND 9058869 ORDER BY c
	Unique  (cost=357.95..358.40 rows=89 width=121)
	  ->  Sort  (cost=357.95..358.17 rows=89 width=121)
	        Sort Key: c
	        ->  Index Scan using sbtest5_pkey on sbtest5  (cost=0.43..355.07 rows=89 width=121)
	              Index Cond: ((id >= 9058770) AND (id <= 9058869))

table 6 : explain SELECT DISTINCT c FROM sbtest6 WHERE id BETWEEN 2632091 AND 2632190 ORDER BY c
	Unique  (cost=402.86..403.36 rows=100 width=121)
	  ->  Sort  (cost=402.86..403.11 rows=100 width=121)
	        Sort Key: c
	        ->  Index Scan using sbtest6_pkey on sbtest6  (cost=0.43..399.54 rows=100 width=121)
	              Index Cond: ((id >= 2632091) AND (id <= 2632190))

table 7 : explain SELECT DISTINCT c FROM sbtest7 WHERE id BETWEEN 6468192 AND 6468291 ORDER BY c
	Unique  (cost=383.69..384.17 rows=95 width=121)
	  ->  Sort  (cost=383.69..383.93 rows=95 width=121)
	        Sort Key: c
	        ->  Index Scan using sbtest7_pkey on sbtest7  (cost=0.43..380.57 rows=95 width=121)
	              Index Cond: ((id >= 6468192) AND (id <= 6468291))

table 8 : explain SELECT DISTINCT c FROM sbtest8 WHERE id BETWEEN 384364 AND 384463 ORDER BY c
	Unique  (cost=378.29..378.76 rows=94 width=121)
	  ->  Sort  (cost=378.29..378.53 rows=94 width=121)
	        Sort Key: c
	        ->  Index Scan using sbtest8_pkey on sbtest8  (cost=0.43..375.21 rows=94 width=121)
	              Index Cond: ((id >= 384364) AND (id <= 384463))

for: distinct_ranges
table 1 : explain SELECT DISTINCT c FROM sbtest1 WHERE id BETWEEN 402716 AND 402815 ORDER BY c
	Unique  (cost=391.58..392.07 rows=97 width=121)
	  ->  Sort  (cost=391.58..391.82 rows=97 width=121)
	        Sort Key: c
	        ->  Index Scan using sbtest1_pkey on sbtest1  (cost=0.43..388.38 rows=97 width=121)
	              Index Cond: ((id >= 402716) AND (id <= 402815))

table 2 : explain SELECT DISTINCT c FROM sbtest2 WHERE id BETWEEN 7866917 AND 7867016 ORDER BY c
	Unique  (cost=419.40..419.92 rows=104 width=121)
	  ->  Sort  (cost=419.40..419.66 rows=104 width=121)
	        Sort Key: c
	        ->  Index Scan using sbtest2_pkey on sbtest2  (cost=0.43..415.92 rows=104 width=121)
	              Index Cond: ((id >= 7866917) AND (id <= 7867016))

table 3 : explain SELECT DISTINCT c FROM sbtest3 WHERE id BETWEEN 4786167 AND 4786266 ORDER BY c
	Unique  (cost=375.61..376.08 rows=93 width=121)
	  ->  Sort  (cost=375.61..375.84 rows=93 width=121)
	        Sort Key: c
	        ->  Index Scan using sbtest3_pkey on sbtest3  (cost=0.43..372.57 rows=93 width=121)
	              Index Cond: ((id >= 4786167) AND (id <= 4786266))

table 4 : explain SELECT DISTINCT c FROM sbtest4 WHERE id BETWEEN 8146711 AND 8146810 ORDER BY c
	Unique  (cost=407.16..407.67 rows=101 width=121)
	  ->  Sort  (cost=407.16..407.42 rows=101 width=121)
	        Sort Key: c
	        ->  Index Scan using sbtest4_pkey on sbtest4  (cost=0.43..403.80 rows=101 width=121)
	              Index Cond: ((id >= 8146711) AND (id <= 8146810))

table 5 : explain SELECT DISTINCT c FROM sbtest5 WHERE id BETWEEN 3315690 AND 3315789 ORDER BY c
	Unique  (cost=453.46..454.03 rows=113 width=121)
	  ->  Sort  (cost=453.46..453.75 rows=113 width=121)
	        Sort Key: c
	        ->  Index Scan using sbtest5_pkey on sbtest5  (cost=0.43..449.61 rows=113 width=121)
	              Index Cond: ((id >= 3315690) AND (id <= 3315789))

table 6 : explain SELECT DISTINCT c FROM sbtest6 WHERE id BETWEEN 2511358 AND 2511457 ORDER BY c
	Unique  (cost=390.88..391.36 rows=97 width=121)
	  ->  Sort  (cost=390.88..391.12 rows=97 width=121)
	        Sort Key: c
	        ->  Index Scan using sbtest6_pkey on sbtest6  (cost=0.43..387.67 rows=97 width=121)
	              Index Cond: ((id >= 2511358) AND (id <= 2511457))

table 7 : explain SELECT DISTINCT c FROM sbtest7 WHERE id BETWEEN 7715193 AND 7715292 ORDER BY c
	Unique  (cost=399.70..400.20 rows=99 width=121)
	  ->  Sort  (cost=399.70..399.95 rows=99 width=121)
	        Sort Key: c
	        ->  Index Scan using sbtest7_pkey on sbtest7  (cost=0.43..396.42 rows=99 width=121)
	              Index Cond: ((id >= 7715193) AND (id <= 7715292))

table 8 : explain SELECT DISTINCT c FROM sbtest8 WHERE id BETWEEN 1035287 AND 1035386 ORDER BY c
	Unique  (cost=426.11..426.64 rows=106 width=121)
	  ->  Sort  (cost=426.11..426.38 rows=106 width=121)
	        Sort Key: c
	        ->  Index Scan using sbtest8_pkey on sbtest8  (cost=0.43..422.55 rows=106 width=121)
	              Index Cond: ((id >= 1035287) AND (id <= 1035386))
for: distinct_ranges
table 1 : explain SELECT DISTINCT c FROM sbtest1 WHERE id BETWEEN 4236586 AND 4236685 ORDER BY c
	Unique  (cost=391.58..392.07 rows=97 width=121)
	  ->  Sort  (cost=391.58..391.82 rows=97 width=121)
	        Sort Key: c
	        ->  Index Scan using sbtest1_pkey on sbtest1  (cost=0.43..388.38 rows=97 width=121)
	              Index Cond: ((id >= 4236586) AND (id <= 4236685))

table 2 : explain SELECT DISTINCT c FROM sbtest2 WHERE id BETWEEN 73812 AND 73911 ORDER BY c
	Unique  (cost=411.41..411.92 rows=102 width=121)
	  ->  Sort  (cost=411.41..411.67 rows=102 width=121)
	        Sort Key: c
	        ->  Index Scan using sbtest2_pkey on sbtest2  (cost=0.43..408.01 rows=102 width=121)
	              Index Cond: ((id >= 73812) AND (id <= 73911))

table 3 : explain SELECT DISTINCT c FROM sbtest3 WHERE id BETWEEN 9247341 AND 9247440 ORDER BY c
	Unique  (cost=407.61..408.11 rows=101 width=121)
	  ->  Sort  (cost=407.61..407.86 rows=101 width=121)
	        Sort Key: c
	        ->  Index Scan using sbtest3_pkey on sbtest3  (cost=0.43..404.24 rows=101 width=121)
	              Index Cond: ((id >= 9247341) AND (id <= 9247440))

table 4 : explain SELECT DISTINCT c FROM sbtest4 WHERE id BETWEEN 7016709 AND 7016808 ORDER BY c
	Unique  (cost=383.19..383.66 rows=95 width=121)
	  ->  Sort  (cost=383.19..383.42 rows=95 width=121)
	        Sort Key: c
	        ->  Index Scan using sbtest4_pkey on sbtest4  (cost=0.43..380.07 rows=95 width=121)
	              Index Cond: ((id >= 7016709) AND (id <= 7016808))

table 5 : explain SELECT DISTINCT c FROM sbtest5 WHERE id BETWEEN 6091845 AND 6091944 ORDER BY c
	Unique  (cost=373.86..374.33 rows=93 width=121)
	  ->  Sort  (cost=373.86..374.10 rows=93 width=121)
	        Sort Key: c
	        ->  Index Scan using sbtest5_pkey on sbtest5  (cost=0.43..370.82 rows=93 width=121)
	              Index Cond: ((id >= 6091845) AND (id <= 6091944))

table 6 : explain SELECT DISTINCT c FROM sbtest6 WHERE id BETWEEN 8183412 AND 8183511 ORDER BY c
	Unique  (cost=402.86..403.36 rows=100 width=121)
	  ->  Sort  (cost=402.86..403.11 rows=100 width=121)
	        Sort Key: c
	        ->  Index Scan using sbtest6_pkey on sbtest6  (cost=0.43..399.54 rows=100 width=121)
	              Index Cond: ((id >= 8183412) AND (id <= 8183511))

table 7 : explain SELECT DISTINCT c FROM sbtest7 WHERE id BETWEEN 2400749 AND 2400848 ORDER BY c
	Unique  (cost=383.69..384.17 rows=95 width=121)
	  ->  Sort  (cost=383.69..383.93 rows=95 width=121)
	        Sort Key: c
	        ->  Index Scan using sbtest7_pkey on sbtest7  (cost=0.43..380.57 rows=95 width=121)
	              Index Cond: ((id >= 2400749) AND (id <= 2400848))

table 8 : explain SELECT DISTINCT c FROM sbtest8 WHERE id BETWEEN 3438312 AND 3438411 ORDER BY c
	Unique  (cost=410.18..410.69 rows=102 width=121)
	  ->  Sort  (cost=410.18..410.43 rows=102 width=121)
	        Sort Key: c
	        ->  Index Scan using sbtest8_pkey on sbtest8  (cost=0.43..406.78 rows=102 width=121)
	              Index Cond: ((id >= 3438312) AND (id <= 3438411))

for: order_ranges
table 1 : explain SELECT c FROM sbtest1 WHERE id BETWEEN 3845698 AND 3845797 ORDER BY c
	Sort  (cost=431.57..431.84 rows=107 width=121)
	  Sort Key: c
	  ->  Index Scan using sbtest1_pkey on sbtest1  (cost=0.43..427.97 rows=107 width=121)
	        Index Cond: ((id >= 3845698) AND (id <= 3845797))

table 2 : explain SELECT c FROM sbtest2 WHERE id BETWEEN 4891776 AND 4891875 ORDER BY c
	Sort  (cost=375.43..375.67 rows=93 width=121)
	  Sort Key: c
	  ->  Index Scan using sbtest2_pkey on sbtest2  (cost=0.43..372.39 rows=93 width=121)
	        Index Cond: ((id >= 4891776) AND (id <= 4891875))

table 3 : explain SELECT c FROM sbtest3 WHERE id BETWEEN 3744044 AND 3744143 ORDER BY c
	Sort  (cost=403.59..403.84 rows=100 width=121)
	  Sort Key: c
	  ->  Index Scan using sbtest3_pkey on sbtest3  (cost=0.43..400.27 rows=100 width=121)
	        Index Cond: ((id >= 3744044) AND (id <= 3744143))

table 4 : explain SELECT c FROM sbtest4 WHERE id BETWEEN 2048416 AND 2048515 ORDER BY c
	Sort  (cost=395.17..395.41 rows=98 width=121)
	  Sort Key: c
	  ->  Index Scan using sbtest4_pkey on sbtest4  (cost=0.43..391.93 rows=98 width=121)
	        Index Cond: ((id >= 2048416) AND (id <= 2048515))

table 5 : explain SELECT c FROM sbtest5 WHERE id BETWEEN 9365524 AND 9365623 ORDER BY c
	Sort  (cost=401.73..401.98 rows=100 width=121)
	  Sort Key: c
	  ->  Index Scan using sbtest5_pkey on sbtest5  (cost=0.43..398.41 rows=100 width=121)
	        Index Cond: ((id >= 9365524) AND (id <= 9365623))

table 6 : explain SELECT c FROM sbtest6 WHERE id BETWEEN 3424897 AND 3424996 ORDER BY c
	Sort  (cost=410.84..411.10 rows=102 width=121)
	  Sort Key: c
	  ->  Index Scan using sbtest6_pkey on sbtest6  (cost=0.43..407.44 rows=102 width=121)
	        Index Cond: ((id >= 3424897) AND (id <= 3424996))

table 7 : explain SELECT c FROM sbtest7 WHERE id BETWEEN 981474 AND 981573 ORDER BY c
	Sort  (cost=327.72..327.92 rows=81 width=121)
	  Sort Key: c
	  ->  Index Scan using sbtest7_pkey on sbtest7  (cost=0.43..325.15 rows=81 width=121)
	        Index Cond: ((id >= 981474) AND (id <= 981573))

table 8 : explain SELECT c FROM sbtest8 WHERE id BETWEEN 2009288 AND 2009387 ORDER BY c
	Sort  (cost=418.15..418.41 rows=104 width=121)
	  Sort Key: c
	  ->  Index Scan using sbtest8_pkey on sbtest8  (cost=0.43..414.66 rows=104 width=121)
	        Index Cond: ((id >= 2009288) AND (id <= 2009387))


for: distinct_ranges
table 1 : explain SELECT DISTINCT c FROM sbtest1 WHERE id BETWEEN 332596 AND 332695 ORDER BY c
	Unique  (cost=391.58..392.07 rows=97 width=121)
	  ->  Sort  (cost=391.58..391.82 rows=97 width=121)
	        Sort Key: c
	        ->  Index Scan using sbtest1_pkey on sbtest1  (cost=0.43..388.38 rows=97 width=121)
	              Index Cond: ((id >= 332596) AND (id <= 332695))

table 2 : explain SELECT DISTINCT c FROM sbtest2 WHERE id BETWEEN 8484457 AND 8484556 ORDER BY c
	Unique  (cost=411.41..411.92 rows=102 width=121)
	  ->  Sort  (cost=411.41..411.67 rows=102 width=121)
	        Sort Key: c
	        ->  Index Scan using sbtest2_pkey on sbtest2  (cost=0.43..408.01 rows=102 width=121)
	              Index Cond: ((id >= 8484457) AND (id <= 8484556))

table 3 : explain SELECT DISTINCT c FROM sbtest3 WHERE id BETWEEN 4436225 AND 4436324 ORDER BY c
	Unique  (cost=395.60..396.09 rows=98 width=121)
	  ->  Sort  (cost=395.60..395.84 rows=98 width=121)
	        Sort Key: c
	        ->  Index Scan using sbtest3_pkey on sbtest3  (cost=0.43..392.36 rows=98 width=121)
	              Index Cond: ((id >= 4436225) AND (id <= 4436324))

table 4 : explain SELECT DISTINCT c FROM sbtest4 WHERE id BETWEEN 5491975 AND 5492074 ORDER BY c
	Unique  (cost=375.20..375.67 rows=93 width=121)
	  ->  Sort  (cost=375.20..375.43 rows=93 width=121)
	        Sort Key: c
	        ->  Index Scan using sbtest4_pkey on sbtest4  (cost=0.43..372.16 rows=93 width=121)
	              Index Cond: ((id >= 5491975) AND (id <= 5492074))

table 5 : explain SELECT DISTINCT c FROM sbtest5 WHERE id BETWEEN 4457620 AND 4457719 ORDER BY c
	Unique  (cost=381.82..382.29 rows=95 width=121)
	  ->  Sort  (cost=381.82..382.06 rows=95 width=121)
	        Sort Key: c
	        ->  Index Scan using sbtest5_pkey on sbtest5  (cost=0.43..378.70 rows=95 width=121)
	              Index Cond: ((id >= 4457620) AND (id <= 4457719))

table 6 : explain SELECT DISTINCT c FROM sbtest6 WHERE id BETWEEN 7187596 AND 7187695 ORDER BY c
	Unique  (cost=406.85..407.36 rows=101 width=121)
	  ->  Sort  (cost=406.85..407.11 rows=101 width=121)
	        Sort Key: c
	        ->  Index Scan using sbtest6_pkey on sbtest6  (cost=0.43..403.49 rows=101 width=121)
	              Index Cond: ((id >= 7187596) AND (id <= 7187695))

table 7 : explain SELECT DISTINCT c FROM sbtest7 WHERE id BETWEEN 6509882 AND 6509981 ORDER BY c
	Unique  (cost=383.69..384.17 rows=95 width=121)
	  ->  Sort  (cost=383.69..383.93 rows=95 width=121)
	        Sort Key: c
	        ->  Index Scan using sbtest7_pkey on sbtest7  (cost=0.43..380.57 rows=95 width=121)
	              Index Cond: ((id >= 6509882) AND (id <= 6509981))

table 8 : explain SELECT DISTINCT c FROM sbtest8 WHERE id BETWEEN 7111312 AND 7111411 ORDER BY c
	Unique  (cost=402.21..402.71 rows=100 width=121)
	  ->  Sort  (cost=402.21..402.46 rows=100 width=121)
	        Sort Key: c
	        ->  Index Scan using sbtest8_pkey on sbtest8  (cost=0.43..398.89 rows=100 width=121)
	              Index Cond: ((id >= 7111312) AND (id <= 7111411))
for: distinct_ranges
table 1 : explain SELECT DISTINCT c FROM sbtest1 WHERE id BETWEEN 3957698 AND 3957797 ORDER BY c
	Unique  (cost=411.58..412.09 rows=102 width=121)
	  ->  Sort  (cost=411.58..411.84 rows=102 width=121)
	        Sort Key: c
	        ->  Index Scan using sbtest1_pkey on sbtest1  (cost=0.43..408.18 rows=102 width=121)
	              Index Cond: ((id >= 3957698) AND (id <= 3957797))

table 2 : explain SELECT DISTINCT c FROM sbtest2 WHERE id BETWEEN 212929 AND 213028 ORDER BY c
	Unique  (cost=383.42..383.90 rows=95 width=121)
	  ->  Sort  (cost=383.42..383.66 rows=95 width=121)
	        Sort Key: c
	        ->  Index Scan using sbtest2_pkey on sbtest2  (cost=0.43..380.30 rows=95 width=121)
	              Index Cond: ((id >= 212929) AND (id <= 213028))

table 3 : explain SELECT DISTINCT c FROM sbtest3 WHERE id BETWEEN 3322122 AND 3322221 ORDER BY c
	Unique  (cost=395.60..396.09 rows=98 width=121)
	  ->  Sort  (cost=395.60..395.84 rows=98 width=121)
	        Sort Key: c
	        ->  Index Scan using sbtest3_pkey on sbtest3  (cost=0.43..392.36 rows=98 width=121)
	              Index Cond: ((id >= 3322122) AND (id <= 3322221))

table 4 : explain SELECT DISTINCT c FROM sbtest4 WHERE id BETWEEN 1167113 AND 1167212 ORDER BY c
	Unique  (cost=367.22..367.67 rows=91 width=121)
	  ->  Sort  (cost=367.22..367.44 rows=91 width=121)
	        Sort Key: c
	        ->  Index Scan using sbtest4_pkey on sbtest4  (cost=0.43..364.25 rows=91 width=121)
	              Index Cond: ((id >= 1167113) AND (id <= 1167212))

table 5 : explain SELECT DISTINCT c FROM sbtest5 WHERE id BETWEEN 9996607 AND 9996706 ORDER BY c
	Unique  (cost=373.86..374.33 rows=93 width=121)
	  ->  Sort  (cost=373.86..374.10 rows=93 width=121)
	        Sort Key: c
	        ->  Index Scan using sbtest5_pkey on sbtest5  (cost=0.43..370.82 rows=93 width=121)
	              Index Cond: ((id >= 9996607) AND (id <= 9996706))

table 6 : explain SELECT DISTINCT c FROM sbtest6 WHERE id BETWEEN 5147285 AND 5147384 ORDER BY c
	Unique  (cost=386.89..387.37 rows=96 width=121)
	  ->  Sort  (cost=386.89..387.13 rows=96 width=121)
	        Sort Key: c
	        ->  Index Scan using sbtest6_pkey on sbtest6  (cost=0.43..383.72 rows=96 width=121)
	              Index Cond: ((id >= 5147285) AND (id <= 5147384))

table 7 : explain SELECT DISTINCT c FROM sbtest7 WHERE id BETWEEN 226797 AND 226896 ORDER BY c
	Unique  (cost=415.70..416.21 rows=103 width=121)
	  ->  Sort  (cost=415.70..415.95 rows=103 width=121)
	        Sort Key: c
	        ->  Index Scan using sbtest7_pkey on sbtest7  (cost=0.43..412.25 rows=103 width=121)
	              Index Cond: ((id >= 226797) AND (id <= 226896))

table 8 : explain SELECT DISTINCT c FROM sbtest8 WHERE id BETWEEN 3118513 AND 3118612 ORDER BY c
	Unique  (cost=394.22..394.71 rows=98 width=121)
	  ->  Sort  (cost=394.22..394.47 rows=98 width=121)
	        Sort Key: c
	        ->  Index Scan using sbtest8_pkey on sbtest8  (cost=0.43..390.98 rows=98 width=121)
	              Index Cond: ((id >= 3118513) AND (id <= 3118612))

for: distinct_ranges
table 1 : explain SELECT DISTINCT c FROM sbtest1 WHERE id BETWEEN 8285236 AND 8285335 ORDER BY c
	Unique  (cost=403.59..404.09 rows=100 width=121)
	  ->  Sort  (cost=403.59..403.84 rows=100 width=121)
	        Sort Key: c
	        ->  Index Scan using sbtest1_pkey on sbtest1  (cost=0.43..400.27 rows=100 width=121)
	              Index Cond: ((id >= 8285236) AND (id <= 8285335))

table 2 : explain SELECT DISTINCT c FROM sbtest2 WHERE id BETWEEN 2196816 AND 2196915 ORDER BY c
	Unique  (cost=363.45..363.90 rows=90 width=121)
	  ->  Sort  (cost=363.45..363.67 rows=90 width=121)
	        Sort Key: c
	        ->  Index Scan using sbtest2_pkey on sbtest2  (cost=0.43..360.53 rows=90 width=121)
	              Index Cond: ((id >= 2196816) AND (id <= 2196915))

table 3 : explain SELECT DISTINCT c FROM sbtest3 WHERE id BETWEEN 6034743 AND 6034842 ORDER BY c
	Unique  (cost=407.61..408.11 rows=101 width=121)
	  ->  Sort  (cost=407.61..407.86 rows=101 width=121)
	        Sort Key: c
	        ->  Index Scan using sbtest3_pkey on sbtest3  (cost=0.43..404.24 rows=101 width=121)
	              Index Cond: ((id >= 6034743) AND (id <= 6034842))

table 4 : explain SELECT DISTINCT c FROM sbtest4 WHERE id BETWEEN 270964 AND 271063 ORDER BY c
	Unique  (cost=387.18..387.66 rows=96 width=121)
	  ->  Sort  (cost=387.18..387.42 rows=96 width=121)
	        Sort Key: c
	        ->  Index Scan using sbtest4_pkey on sbtest4  (cost=0.43..384.02 rows=96 width=121)
	              Index Cond: ((id >= 270964) AND (id <= 271063))

table 5 : explain SELECT DISTINCT c FROM sbtest5 WHERE id BETWEEN 7428161 AND 7428260 ORDER BY c
	Unique  (cost=361.93..362.38 rows=90 width=121)
	  ->  Sort  (cost=361.93..362.15 rows=90 width=121)
	        Sort Key: c
	        ->  Index Scan using sbtest5_pkey on sbtest5  (cost=0.43..359.01 rows=90 width=121)
	              Index Cond: ((id >= 7428161) AND (id <= 7428260))

table 6 : explain SELECT DISTINCT c FROM sbtest6 WHERE id BETWEEN 488898 AND 488997 ORDER BY c
	Unique  (cost=422.82..423.34 rows=105 width=121)
	  ->  Sort  (cost=422.82..423.08 rows=105 width=121)
	        Sort Key: c
	        ->  Index Scan using sbtest6_pkey on sbtest6  (cost=0.43..419.29 rows=105 width=121)
	              Index Cond: ((id >= 488898) AND (id <= 488997))

table 7 : explain SELECT DISTINCT c FROM sbtest7 WHERE id BETWEEN 4591720 AND 4591819 ORDER BY c
	Unique  (cost=375.69..376.16 rows=93 width=121)
	  ->  Sort  (cost=375.69..375.93 rows=93 width=121)
	        Sort Key: c
	        ->  Index Scan using sbtest7_pkey on sbtest7  (cost=0.43..372.65 rows=93 width=121)
	              Index Cond: ((id >= 4591720) AND (id <= 4591819))

table 8 : explain SELECT DISTINCT c FROM sbtest8 WHERE id BETWEEN 1861713 AND 1861812 ORDER BY c
	Unique  (cost=434.08..434.62 rows=108 width=121)
	  ->  Sort  (cost=434.08..434.35 rows=108 width=121)
	        Sort Key: c
	        ->  Index Scan using sbtest8_pkey on sbtest8  (cost=0.43..430.43 rows=108 width=121)
	              Index Cond: ((id >= 1861713) AND (id <= 1861812))

for: distinct_ranges
table 1 : explain SELECT DISTINCT c FROM sbtest1 WHERE id BETWEEN 4686773 AND 4686872 ORDER BY c
	Unique  (cost=415.58..416.10 rows=103 width=121)
	  ->  Sort  (cost=415.58..415.84 rows=103 width=121)
	        Sort Key: c
	        ->  Index Scan using sbtest1_pkey on sbtest1  (cost=0.43..412.14 rows=103 width=121)
	              Index Cond: ((id >= 4686773) AND (id <= 4686872))

table 2 : explain SELECT DISTINCT c FROM sbtest2 WHERE id BETWEEN 9587867 AND 9587966 ORDER BY c
	Unique  (cost=415.41..415.92 rows=103 width=121)
	  ->  Sort  (cost=415.41..415.67 rows=103 width=121)
	        Sort Key: c
	        ->  Index Scan using sbtest2_pkey on sbtest2  (cost=0.43..411.96 rows=103 width=121)
	              Index Cond: ((id >= 9587867) AND (id <= 9587966))

table 3 : explain SELECT DISTINCT c FROM sbtest3 WHERE id BETWEEN 6348304 AND 6348403 ORDER BY c
	Unique  (cost=411.61..412.12 rows=102 width=121)
	  ->  Sort  (cost=411.61..411.86 rows=102 width=121)
	        Sort Key: c
	        ->  Index Scan using sbtest3_pkey on sbtest3  (cost=0.43..408.20 rows=102 width=121)
	              Index Cond: ((id >= 6348304) AND (id <= 6348403))

table 4 : explain SELECT DISTINCT c FROM sbtest4 WHERE id BETWEEN 8194421 AND 8194520 ORDER BY c
	Unique  (cost=407.16..407.67 rows=101 width=121)
	  ->  Sort  (cost=407.16..407.42 rows=101 width=121)
	        Sort Key: c
	        ->  Index Scan using sbtest4_pkey on sbtest4  (cost=0.43..403.80 rows=101 width=121)
	              Index Cond: ((id >= 8194421) AND (id <= 8194520))

table 5 : explain SELECT DISTINCT c FROM sbtest5 WHERE id BETWEEN 2188168 AND 2188267 ORDER BY c
	Unique  (cost=401.73..402.23 rows=100 width=121)
	  ->  Sort  (cost=401.73..401.98 rows=100 width=121)
	        Sort Key: c
	        ->  Index Scan using sbtest5_pkey on sbtest5  (cost=0.43..398.41 rows=100 width=121)
	              Index Cond: ((id >= 2188168) AND (id <= 2188267))

table 6 : explain SELECT DISTINCT c FROM sbtest6 WHERE id BETWEEN 6980311 AND 6980410 ORDER BY c
	Unique  (cost=394.87..395.36 rows=98 width=121)
	  ->  Sort  (cost=394.87..395.11 rows=98 width=121)
	        Sort Key: c
	        ->  Index Scan using sbtest6_pkey on sbtest6  (cost=0.43..391.62 rows=98 width=121)
	              Index Cond: ((id >= 6980311) AND (id <= 6980410))

table 7 : explain SELECT DISTINCT c FROM sbtest7 WHERE id BETWEEN 2960522 AND 2960621 ORDER BY c
	Unique  (cost=439.69..440.24 rows=109 width=121)
	  ->  Sort  (cost=439.69..439.96 rows=109 width=121)
	        Sort Key: c
	        ->  Index Scan using sbtest7_pkey on sbtest7  (cost=0.43..436.00 rows=109 width=121)
	              Index Cond: ((id >= 2960522) AND (id <= 2960621))

table 8 : explain SELECT DISTINCT c FROM sbtest8 WHERE id BETWEEN 5424792 AND 5424891 ORDER BY c
	Unique  (cost=394.22..394.71 rows=98 width=121)
	  ->  Sort  (cost=394.22..394.47 rows=98 width=121)
	        Sort Key: c
	        ->  Index Scan using sbtest8_pkey on sbtest8  (cost=0.43..390.98 rows=98 width=121)
	              Index Cond: ((id >= 5424792) AND (id <= 5424891))


for: order_ranges
table 1 : explain SELECT c FROM sbtest1 WHERE id BETWEEN 3374400 AND 3374499 ORDER BY c
	Sort  (cost=395.58..395.82 rows=98 width=121)
	  Sort Key: c
	  ->  Index Scan using sbtest1_pkey on sbtest1  (cost=0.43..392.34 rows=98 width=121)
	        Index Cond: ((id >= 3374400) AND (id <= 3374499))

table 2 : explain SELECT c FROM sbtest2 WHERE id BETWEEN 1795533 AND 1795632 ORDER BY c
	Sort  (cost=375.43..375.67 rows=93 width=121)
	  Sort Key: c
	  ->  Index Scan using sbtest2_pkey on sbtest2  (cost=0.43..372.39 rows=93 width=121)
	        Index Cond: ((id >= 1795533) AND (id <= 1795632))

table 3 : explain SELECT c FROM sbtest3 WHERE id BETWEEN 4239926 AND 4240025 ORDER BY c
	Sort  (cost=387.60..387.84 rows=96 width=121)
	  Sort Key: c
	  ->  Index Scan using sbtest3_pkey on sbtest3  (cost=0.43..384.44 rows=96 width=121)
	        Index Cond: ((id >= 4239926) AND (id <= 4240025))

table 4 : explain SELECT c FROM sbtest4 WHERE id BETWEEN 8767063 AND 8767162 ORDER BY c
	Sort  (cost=407.16..407.42 rows=101 width=121)
	  Sort Key: c
	  ->  Index Scan using sbtest4_pkey on sbtest4  (cost=0.43..403.80 rows=101 width=121)
	        Index Cond: ((id >= 8767063) AND (id <= 8767162))

table 5 : explain SELECT c FROM sbtest5 WHERE id BETWEEN 4398579 AND 4398678 ORDER BY c
	Sort  (cost=381.82..382.06 rows=95 width=121)
	  Sort Key: c
	  ->  Index Scan using sbtest5_pkey on sbtest5  (cost=0.43..378.70 rows=95 width=121)
	        Index Cond: ((id >= 4398579) AND (id <= 4398678))

table 6 : explain SELECT c FROM sbtest6 WHERE id BETWEEN 5491123 AND 5491222 ORDER BY c
	Sort  (cost=394.87..395.11 rows=98 width=121)
	  Sort Key: c
	  ->  Index Scan using sbtest6_pkey on sbtest6  (cost=0.43..391.62 rows=98 width=121)
	        Index Cond: ((id >= 5491123) AND (id <= 5491222))

table 7 : explain SELECT c FROM sbtest7 WHERE id BETWEEN 8790185 AND 8790284 ORDER BY c
	Sort  (cost=423.69..423.96 rows=105 width=121)
	  Sort Key: c
	  ->  Index Scan using sbtest7_pkey on sbtest7  (cost=0.43..420.17 rows=105 width=121)
	        Index Cond: ((id >= 8790185) AND (id <= 8790284))

table 8 : explain SELECT c FROM sbtest8 WHERE id BETWEEN 666325 AND 666424 ORDER BY c
	Sort  (cost=414.16..414.42 rows=103 width=121)
	  Sort Key: c
	  ->  Index Scan using sbtest8_pkey on sbtest8  (cost=0.43..410.72 rows=103 width=121)
	        Index Cond: ((id >= 666325) AND (id <= 666424))

for: order_ranges
table 1 : explain SELECT c FROM sbtest1 WHERE id BETWEEN 6548227 AND 6548326 ORDER BY c
	Sort  (cost=439.57..439.84 rows=109 width=121)
	  Sort Key: c
	  ->  Index Scan using sbtest1_pkey on sbtest1  (cost=0.43..435.88 rows=109 width=121)
	        Index Cond: ((id >= 6548227) AND (id <= 6548326))

table 2 : explain SELECT c FROM sbtest2 WHERE id BETWEEN 2733902 AND 2734001 ORDER BY c
	Sort  (cost=423.40..423.66 rows=105 width=121)
	  Sort Key: c
	  ->  Index Scan using sbtest2_pkey on sbtest2  (cost=0.43..419.88 rows=105 width=121)
	        Index Cond: ((id >= 2733902) AND (id <= 2734001))

table 3 : explain SELECT c FROM sbtest3 WHERE id BETWEEN 9265459 AND 9265558 ORDER BY c
	Sort  (cost=407.61..407.86 rows=101 width=121)
	  Sort Key: c
	  ->  Index Scan using sbtest3_pkey on sbtest3  (cost=0.43..404.24 rows=101 width=121)
	        Index Cond: ((id >= 9265459) AND (id <= 9265558))

table 4 : explain SELECT c FROM sbtest4 WHERE id BETWEEN 3478975 AND 3479074 ORDER BY c
	Sort  (cost=351.25..351.46 rows=87 width=121)
	  Sort Key: c
	  ->  Index Scan using sbtest4_pkey on sbtest4  (cost=0.43..348.44 rows=87 width=121)
	        Index Cond: ((id >= 3478975) AND (id <= 3479074))

table 5 : explain SELECT c FROM sbtest5 WHERE id BETWEEN 3546714 AND 3546813 ORDER BY c
	Sort  (cost=401.73..401.98 rows=100 width=121)
	  Sort Key: c
	  ->  Index Scan using sbtest5_pkey on sbtest5  (cost=0.43..398.41 rows=100 width=121)
	        Index Cond: ((id >= 3546714) AND (id <= 3546813))

table 6 : explain SELECT c FROM sbtest6 WHERE id BETWEEN 3300762 AND 3300861 ORDER BY c
	Sort  (cost=390.88..391.12 rows=97 width=121)
	  Sort Key: c
	  ->  Index Scan using sbtest6_pkey on sbtest6  (cost=0.43..387.67 rows=97 width=121)
	        Index Cond: ((id >= 3300762) AND (id <= 3300861))

table 7 : explain SELECT c FROM sbtest7 WHERE id BETWEEN 2144127 AND 2144226 ORDER BY c
	Sort  (cost=423.69..423.96 rows=105 width=121)
	  Sort Key: c
	  ->  Index Scan using sbtest7_pkey on sbtest7  (cost=0.43..420.17 rows=105 width=121)
	        Index Cond: ((id >= 2144127) AND (id <= 2144226))

table 8 : explain SELECT c FROM sbtest8 WHERE id BETWEEN 9611478 AND 9611577 ORDER BY c
	Sort  (cost=398.23..398.47 rows=99 width=121)
	  Sort Key: c
	  ->  Index Scan using sbtest8_pkey on sbtest8  (cost=0.43..394.95 rows=99 width=121)
	        Index Cond: ((id >= 9611478) AND (id <= 9611577))

for: distinct_ranges
table 1 : explain SELECT DISTINCT c FROM sbtest1 WHERE id BETWEEN 6687080 AND 6687179 ORDER BY c
	Unique  (cost=379.59..380.06 rows=94 width=121)
	  ->  Sort  (cost=379.59..379.82 rows=94 width=121)
	        Sort Key: c
	        ->  Index Scan using sbtest1_pkey on sbtest1  (cost=0.43..376.51 rows=94 width=121)
	              Index Cond: ((id >= 6687080) AND (id <= 6687179))

table 2 : explain SELECT DISTINCT c FROM sbtest2 WHERE id BETWEEN 9714369 AND 9714468 ORDER BY c
	Unique  (cost=387.42..387.90 rows=96 width=121)
	  ->  Sort  (cost=387.42..387.66 rows=96 width=121)
	        Sort Key: c
	        ->  Index Scan using sbtest2_pkey on sbtest2  (cost=0.43..384.26 rows=96 width=121)
	              Index Cond: ((id >= 9714369) AND (id <= 9714468))

table 3 : explain SELECT DISTINCT c FROM sbtest3 WHERE id BETWEEN 4928320 AND 4928419 ORDER BY c
	Unique  (cost=415.60..416.12 rows=103 width=121)
	  ->  Sort  (cost=415.60..415.86 rows=103 width=121)
	        Sort Key: c
	        ->  Index Scan using sbtest3_pkey on sbtest3  (cost=0.43..412.16 rows=103 width=121)
	              Index Cond: ((id >= 4928320) AND (id <= 4928419))

table 4 : explain SELECT DISTINCT c FROM sbtest4 WHERE id BETWEEN 8823080 AND 8823179 ORDER BY c
	Unique  (cost=423.14..423.66 rows=105 width=121)
	  ->  Sort  (cost=423.14..423.40 rows=105 width=121)
	        Sort Key: c
	        ->  Index Scan using sbtest4_pkey on sbtest4  (cost=0.43..419.61 rows=105 width=121)
	              Index Cond: ((id >= 8823080) AND (id <= 8823179))

table 5 : explain SELECT DISTINCT c FROM sbtest5 WHERE id BETWEEN 4661420 AND 4661519 ORDER BY c
	Unique  (cost=393.76..394.25 rows=98 width=121)
	  ->  Sort  (cost=393.76..394.00 rows=98 width=121)
	        Sort Key: c
	        ->  Index Scan using sbtest5_pkey on sbtest5  (cost=0.43..390.51 rows=98 width=121)
	              Index Cond: ((id >= 4661420) AND (id <= 4661519))

table 6 : explain SELECT DISTINCT c FROM sbtest6 WHERE id BETWEEN 6635986 AND 6636085 ORDER BY c
	Unique  (cost=386.89..387.37 rows=96 width=121)
	  ->  Sort  (cost=386.89..387.13 rows=96 width=121)
	        Sort Key: c
	        ->  Index Scan using sbtest6_pkey on sbtest6  (cost=0.43..383.72 rows=96 width=121)
	              Index Cond: ((id >= 6635986) AND (id <= 6636085))

table 7 : explain SELECT DISTINCT c FROM sbtest7 WHERE id BETWEEN 5440983 AND 5441082 ORDER BY c
	Unique  (cost=415.70..416.21 rows=103 width=121)
	  ->  Sort  (cost=415.70..415.95 rows=103 width=121)
	        Sort Key: c
	        ->  Index Scan using sbtest7_pkey on sbtest7  (cost=0.43..412.25 rows=103 width=121)
	              Index Cond: ((id >= 5440983) AND (id <= 5441082))

table 8 : explain SELECT DISTINCT c FROM sbtest8 WHERE id BETWEEN 8133031 AND 8133130 ORDER BY c
	Unique  (cost=398.23..398.72 rows=99 width=121)
	  ->  Sort  (cost=398.23..398.47 rows=99 width=121)
	        Sort Key: c
	        ->  Index Scan using sbtest8_pkey on sbtest8  (cost=0.43..394.95 rows=99 width=121)
	              Index Cond: ((id >= 8133031) AND (id <= 8133130))

for: order_ranges
table 1 : explain SELECT c FROM sbtest1 WHERE id BETWEEN 8387587 AND 8387686 ORDER BY c
	Sort  (cost=379.59..379.82 rows=94 width=121)
	  Sort Key: c
	  ->  Index Scan using sbtest1_pkey on sbtest1  (cost=0.43..376.51 rows=94 width=121)
	        Index Cond: ((id >= 8387587) AND (id <= 8387686))

table 2 : explain SELECT c FROM sbtest2 WHERE id BETWEEN 8402164 AND 8402263 ORDER BY c
	Sort  (cost=419.40..419.66 rows=104 width=121)
	  Sort Key: c
	  ->  Index Scan using sbtest2_pkey on sbtest2  (cost=0.43..415.92 rows=104 width=121)
	        Index Cond: ((id >= 8402164) AND (id <= 8402263))

table 3 : explain SELECT c FROM sbtest3 WHERE id BETWEEN 368795 AND 368894 ORDER BY c
	Sort  (cost=379.61..379.84 rows=94 width=121)
	  Sort Key: c
	  ->  Index Scan using sbtest3_pkey on sbtest3  (cost=0.43..376.53 rows=94 width=121)
	        Index Cond: ((id >= 368795) AND (id <= 368894))

table 4 : explain SELECT c FROM sbtest4 WHERE id BETWEEN 5278767 AND 5278866 ORDER BY c
	Sort  (cost=395.17..395.41 rows=98 width=121)
	  Sort Key: c
	  ->  Index Scan using sbtest4_pkey on sbtest4  (cost=0.43..391.93 rows=98 width=121)
	        Index Cond: ((id >= 5278767) AND (id <= 5278866))

table 5 : explain SELECT c FROM sbtest5 WHERE id BETWEEN 8948993 AND 8949092 ORDER BY c
	Sort  (cost=393.76..394.00 rows=98 width=121)
	  Sort Key: c
	  ->  Index Scan using sbtest5_pkey on sbtest5  (cost=0.43..390.51 rows=98 width=121)
	        Index Cond: ((id >= 8948993) AND (id <= 8949092))

table 6 : explain SELECT c FROM sbtest6 WHERE id BETWEEN 5882455 AND 5882554 ORDER BY c
	Sort  (cost=402.86..403.11 rows=100 width=121)
	  Sort Key: c
	  ->  Index Scan using sbtest6_pkey on sbtest6  (cost=0.43..399.54 rows=100 width=121)
	        Index Cond: ((id >= 5882455) AND (id <= 5882554))

table 7 : explain SELECT c FROM sbtest7 WHERE id BETWEEN 798227 AND 798326 ORDER BY c
	Sort  (cost=427.69..427.96 rows=106 width=121)
	  Sort Key: c
	  ->  Index Scan using sbtest7_pkey on sbtest7  (cost=0.43..424.13 rows=106 width=121)
	        Index Cond: ((id >= 798227) AND (id <= 798326))

table 8 : explain SELECT c FROM sbtest8 WHERE id BETWEEN 3614036 AND 3614135 ORDER BY c
	Sort  (cost=434.08..434.35 rows=108 width=121)
	  Sort Key: c
	  ->  Index Scan using sbtest8_pkey on sbtest8  (cost=0.43..430.43 rows=108 width=121)
	        Index Cond: ((id >= 3614036) AND (id <= 3614135))

for: order_ranges
table 1 : explain SELECT c FROM sbtest1 WHERE id BETWEEN 7015305 AND 7015404 ORDER BY c
	Sort  (cost=411.58..411.84 rows=102 width=121)
	  Sort Key: c
	  ->  Index Scan using sbtest1_pkey on sbtest1  (cost=0.43..408.18 rows=102 width=121)
	        Index Cond: ((id >= 7015305) AND (id <= 7015404))

table 2 : explain SELECT c FROM sbtest2 WHERE id BETWEEN 3564790 AND 3564889 ORDER BY c
	Sort  (cost=403.40..403.65 rows=100 width=121)
	  Sort Key: c
	  ->  Index Scan using sbtest2_pkey on sbtest2  (cost=0.43..400.08 rows=100 width=121)
	        Index Cond: ((id >= 3564790) AND (id <= 3564889))

table 3 : explain SELECT c FROM sbtest3 WHERE id BETWEEN 4508522 AND 4508621 ORDER BY c
	Sort  (cost=407.61..407.86 rows=101 width=121)
	  Sort Key: c
	  ->  Index Scan using sbtest3_pkey on sbtest3  (cost=0.43..404.24 rows=101 width=121)
	        Index Cond: ((id >= 4508522) AND (id <= 4508621))

table 4 : explain SELECT c FROM sbtest4 WHERE id BETWEEN 3609667 AND 3609766 ORDER BY c
	Sort  (cost=399.16..399.41 rows=99 width=121)
	  Sort Key: c
	  ->  Index Scan using sbtest4_pkey on sbtest4  (cost=0.43..395.88 rows=99 width=121)
	        Index Cond: ((id >= 3609667) AND (id <= 3609766))

table 5 : explain SELECT c FROM sbtest5 WHERE id BETWEEN 1820100 AND 1820199 ORDER BY c
	Sort  (cost=421.63..421.89 rows=105 width=121)
	  Sort Key: c
	  ->  Index Scan using sbtest5_pkey on sbtest5  (cost=0.43..418.10 rows=105 width=121)
	        Index Cond: ((id >= 1820100) AND (id <= 1820199))

table 6 : explain SELECT c FROM sbtest6 WHERE id BETWEEN 112854 AND 112953 ORDER BY c
	Sort  (cost=422.82..423.08 rows=105 width=121)
	  Sort Key: c
	  ->  Index Scan using sbtest6_pkey on sbtest6  (cost=0.43..419.29 rows=105 width=121)
	        Index Cond: ((id >= 112854) AND (id <= 112953))

table 7 : explain SELECT c FROM sbtest7 WHERE id BETWEEN 9403504 AND 9403603 ORDER BY c
	Sort  (cost=411.70..411.95 rows=102 width=121)
	  Sort Key: c
	  ->  Index Scan using sbtest7_pkey on sbtest7  (cost=0.43..408.29 rows=102 width=121)
	        Index Cond: ((id >= 9403504) AND (id <= 9403603))

table 8 : explain SELECT c FROM sbtest8 WHERE id BETWEEN 9496671 AND 9496770 ORDER BY c
	Sort  (cost=402.21..402.46 rows=100 width=121)
	  Sort Key: c
	  ->  Index Scan using sbtest8_pkey on sbtest8  (cost=0.43..398.89 rows=100 width=121)
	        Index Cond: ((id >= 9496671) AND (id <= 9496770))

for: distinct_ranges
table 1 : explain SELECT DISTINCT c FROM sbtest1 WHERE id BETWEEN 3478280 AND 3478379 ORDER BY c
	Unique  (cost=403.57..404.07 rows=100 width=121)
	  ->  Sort  (cost=403.57..403.82 rows=100 width=121)
	        Sort Key: c
	        ->  Index Scan using sbtest1_pkey on sbtest1  (cost=0.43..400.25 rows=100 width=121)
	              Index Cond: ((id >= 3478280) AND (id <= 3478379))

table 2 : explain SELECT DISTINCT c FROM sbtest2 WHERE id BETWEEN 2495708 AND 2495807 ORDER BY c
	Unique  (cost=419.40..419.92 rows=104 width=121)
	  ->  Sort  (cost=419.40..419.66 rows=104 width=121)
	        Sort Key: c
	        ->  Index Scan using sbtest2_pkey on sbtest2  (cost=0.43..415.92 rows=104 width=121)
	              Index Cond: ((id >= 2495708) AND (id <= 2495807))

table 3 : explain SELECT DISTINCT c FROM sbtest3 WHERE id BETWEEN 7664783 AND 7664882 ORDER BY c
	Unique  (cost=375.61..376.08 rows=93 width=121)
	  ->  Sort  (cost=375.61..375.84 rows=93 width=121)
	        Sort Key: c
	        ->  Index Scan using sbtest3_pkey on sbtest3  (cost=0.43..372.57 rows=93 width=121)
	              Index Cond: ((id >= 7664783) AND (id <= 7664882))

table 4 : explain SELECT DISTINCT c FROM sbtest4 WHERE id BETWEEN 311098 AND 311197 ORDER BY c
	Unique  (cost=395.17..395.66 rows=98 width=121)
	  ->  Sort  (cost=395.17..395.41 rows=98 width=121)
	        Sort Key: c
	        ->  Index Scan using sbtest4_pkey on sbtest4  (cost=0.43..391.93 rows=98 width=121)
	              Index Cond: ((id >= 311098) AND (id <= 311197))

table 5 : explain SELECT DISTINCT c FROM sbtest5 WHERE id BETWEEN 7366731 AND 7366830 ORDER BY c
	Unique  (cost=361.93..362.38 rows=90 width=121)
	  ->  Sort  (cost=361.93..362.15 rows=90 width=121)
	        Sort Key: c
	        ->  Index Scan using sbtest5_pkey on sbtest5  (cost=0.43..359.01 rows=90 width=121)
	              Index Cond: ((id >= 7366731) AND (id <= 7366830))

table 6 : explain SELECT DISTINCT c FROM sbtest6 WHERE id BETWEEN 2294219 AND 2294318 ORDER BY c
	Unique  (cost=343.00..343.43 rows=85 width=121)
	  ->  Sort  (cost=343.00..343.21 rows=85 width=121)
	        Sort Key: c
	        ->  Index Scan using sbtest6_pkey on sbtest6  (cost=0.43..340.28 rows=85 width=121)
	              Index Cond: ((id >= 2294219) AND (id <= 2294318))

table 7 : explain SELECT DISTINCT c FROM sbtest7 WHERE id BETWEEN 3830024 AND 3830123 ORDER BY c
	Unique  (cost=419.70..420.22 rows=104 width=121)
	  ->  Sort  (cost=419.70..419.96 rows=104 width=121)
	        Sort Key: c
	        ->  Index Scan using sbtest7_pkey on sbtest7  (cost=0.43..416.21 rows=104 width=121)
	              Index Cond: ((id >= 3830024) AND (id <= 3830123))

table 8 : explain SELECT DISTINCT c FROM sbtest8 WHERE id BETWEEN 9380370 AND 9380469 ORDER BY c
	Unique  (cost=410.18..410.69 rows=102 width=121)
	  ->  Sort  (cost=410.18..410.43 rows=102 width=121)
	        Sort Key: c
	        ->  Index Scan using sbtest8_pkey on sbtest8  (cost=0.43..406.78 rows=102 width=121)
	              Index Cond: ((id >= 9380370) AND (id <= 9380469))

for: distinct_ranges
table 1 : explain SELECT DISTINCT c FROM sbtest1 WHERE id BETWEEN 5291221 AND 5291320 ORDER BY c
	Unique  (cost=367.60..368.05 rows=91 width=121)
	  ->  Sort  (cost=367.60..367.83 rows=91 width=121)
	        Sort Key: c
	        ->  Index Scan using sbtest1_pkey on sbtest1  (cost=0.43..364.64 rows=91 width=121)
	              Index Cond: ((id >= 5291221) AND (id <= 5291320))

table 2 : explain SELECT DISTINCT c FROM sbtest2 WHERE id BETWEEN 8942036 AND 8942135 ORDER BY c
	Unique  (cost=443.38..443.93 rows=110 width=121)
	  ->  Sort  (cost=443.38..443.66 rows=110 width=121)
	        Sort Key: c
	        ->  Index Scan using sbtest2_pkey on sbtest2  (cost=0.43..439.65 rows=110 width=121)
	              Index Cond: ((id >= 8942036) AND (id <= 8942135))

table 3 : explain SELECT DISTINCT c FROM sbtest3 WHERE id BETWEEN 7530915 AND 7531014 ORDER BY c
	Unique  (cost=419.60..420.12 rows=104 width=121)
	  ->  Sort  (cost=419.60..419.86 rows=104 width=121)
	        Sort Key: c
	        ->  Index Scan using sbtest3_pkey on sbtest3  (cost=0.43..416.12 rows=104 width=121)
	              Index Cond: ((id >= 7530915) AND (id <= 7531014))

table 4 : explain SELECT DISTINCT c FROM sbtest4 WHERE id BETWEEN 208810 AND 208909 ORDER BY c
	Unique  (cost=387.18..387.66 rows=96 width=121)
	  ->  Sort  (cost=387.18..387.42 rows=96 width=121)
	        Sort Key: c
	        ->  Index Scan using sbtest4_pkey on sbtest4  (cost=0.43..384.02 rows=96 width=121)
	              Index Cond: ((id >= 208810) AND (id <= 208909))

table 5 : explain SELECT DISTINCT c FROM sbtest5 WHERE id BETWEEN 6102413 AND 6102512 ORDER BY c
	Unique  (cost=373.86..374.33 rows=93 width=121)
	  ->  Sort  (cost=373.86..374.10 rows=93 width=121)
	        Sort Key: c
	        ->  Index Scan using sbtest5_pkey on sbtest5  (cost=0.43..370.82 rows=93 width=121)
	              Index Cond: ((id >= 6102413) AND (id <= 6102512))

table 6 : explain SELECT DISTINCT c FROM sbtest6 WHERE id BETWEEN 520806 AND 520905 ORDER BY c
	Unique  (cost=378.91..379.38 rows=94 width=121)
	  ->  Sort  (cost=378.91..379.14 rows=94 width=121)
	        Sort Key: c
	        ->  Index Scan using sbtest6_pkey on sbtest6  (cost=0.43..375.82 rows=94 width=121)
	              Index Cond: ((id >= 520806) AND (id <= 520905))

table 7 : explain SELECT DISTINCT c FROM sbtest7 WHERE id BETWEEN 577277 AND 577376 ORDER BY c
	Unique  (cost=399.70..400.20 rows=99 width=121)
	  ->  Sort  (cost=399.70..399.95 rows=99 width=121)
	        Sort Key: c
	        ->  Index Scan using sbtest7_pkey on sbtest7  (cost=0.43..396.42 rows=99 width=121)
	              Index Cond: ((id >= 577277) AND (id <= 577376))

table 8 : explain SELECT DISTINCT c FROM sbtest8 WHERE id BETWEEN 6073844 AND 6073943 ORDER BY c
	Unique  (cost=426.11..426.64 rows=106 width=121)
	  ->  Sort  (cost=426.11..426.38 rows=106 width=121)
	        Sort Key: c
	        ->  Index Scan using sbtest8_pkey on sbtest8  (cost=0.43..422.55 rows=106 width=121)
	              Index Cond: ((id >= 6073844) AND (id <= 6073943))

for: order_ranges
table 1 : explain SELECT c FROM sbtest1 WHERE id BETWEEN 8116222 AND 8116321 ORDER BY c
	Sort  (cost=387.58..387.82 rows=96 width=121)
	  Sort Key: c
	  ->  Index Scan using sbtest1_pkey on sbtest1  (cost=0.43..384.42 rows=96 width=121)
	        Index Cond: ((id >= 8116222) AND (id <= 8116321))

table 2 : explain SELECT c FROM sbtest2 WHERE id BETWEEN 8385476 AND 8385575 ORDER BY c
	Sort  (cost=419.40..419.66 rows=104 width=121)
	  Sort Key: c
	  ->  Index Scan using sbtest2_pkey on sbtest2  (cost=0.43..415.92 rows=104 width=121)
	        Index Cond: ((id >= 8385476) AND (id <= 8385575))

table 3 : explain SELECT c FROM sbtest3 WHERE id BETWEEN 7627504 AND 7627603 ORDER BY c
	Sort  (cost=375.61..375.84 rows=93 width=121)
	  Sort Key: c
	  ->  Index Scan using sbtest3_pkey on sbtest3  (cost=0.43..372.57 rows=93 width=121)
	        Index Cond: ((id >= 7627504) AND (id <= 7627603))

table 4 : explain SELECT c FROM sbtest4 WHERE id BETWEEN 6938882 AND 6938981 ORDER BY c
	Sort  (cost=439.11..439.39 rows=109 width=121)
	  Sort Key: c
	  ->  Index Scan using sbtest4_pkey on sbtest4  (cost=0.43..435.42 rows=109 width=121)
	        Index Cond: ((id >= 6938882) AND (id <= 6938981))

table 5 : explain SELECT c FROM sbtest5 WHERE id BETWEEN 6712378 AND 6712477 ORDER BY c
	Sort  (cost=385.80..386.04 rows=96 width=121)
	  Sort Key: c
	  ->  Index Scan using sbtest5_pkey on sbtest5  (cost=0.43..382.64 rows=96 width=121)
	        Index Cond: ((id >= 6712378) AND (id <= 6712477))

table 6 : explain SELECT c FROM sbtest6 WHERE id BETWEEN 7473763 AND 7473862 ORDER BY c
	Sort  (cost=410.84..411.10 rows=102 width=121)
	  Sort Key: c
	  ->  Index Scan using sbtest6_pkey on sbtest6  (cost=0.43..407.44 rows=102 width=121)
	        Index Cond: ((id >= 7473763) AND (id <= 7473862))

table 7 : explain SELECT c FROM sbtest7 WHERE id BETWEEN 895251 AND 895350 ORDER BY c
	Sort  (cost=443.69..443.97 rows=110 width=121)
	  Sort Key: c
	  ->  Index Scan using sbtest7_pkey on sbtest7  (cost=0.43..439.96 rows=110 width=121)
	        Index Cond: ((id >= 895251) AND (id <= 895350))

table 8 : explain SELECT c FROM sbtest8 WHERE id BETWEEN 2344830 AND 2344929 ORDER BY c
	Sort  (cost=406.19..406.45 rows=101 width=121)
	  Sort Key: c
	  ->  Index Scan using sbtest8_pkey on sbtest8  (cost=0.43..402.83 rows=101 width=121)
	        Index Cond: ((id >= 2344830) AND (id <= 2344929))

for: distinct_ranges
table 1 : explain SELECT DISTINCT c FROM sbtest1 WHERE id BETWEEN 1022756 AND 1022855 ORDER BY c
	Unique  (cost=407.59..408.09 rows=101 width=121)
	  ->  Sort  (cost=407.59..407.84 rows=101 width=121)
	        Sort Key: c
	        ->  Index Scan using sbtest1_pkey on sbtest1  (cost=0.43..404.22 rows=101 width=121)
	              Index Cond: ((id >= 1022756) AND (id <= 1022855))

table 2 : explain SELECT DISTINCT c FROM sbtest2 WHERE id BETWEEN 6630378 AND 6630477 ORDER BY c
	Unique  (cost=415.41..415.92 rows=103 width=121)
	  ->  Sort  (cost=415.41..415.67 rows=103 width=121)
	        Sort Key: c
	        ->  Index Scan using sbtest2_pkey on sbtest2  (cost=0.43..411.96 rows=103 width=121)
	              Index Cond: ((id >= 6630378) AND (id <= 6630477))

table 3 : explain SELECT DISTINCT c FROM sbtest3 WHERE id BETWEEN 3019554 AND 3019653 ORDER BY c
	Unique  (cost=443.59..444.14 rows=110 width=121)
	  ->  Sort  (cost=443.59..443.87 rows=110 width=121)
	        Sort Key: c
	        ->  Index Scan using sbtest3_pkey on sbtest3  (cost=0.43..439.86 rows=110 width=121)
	              Index Cond: ((id >= 3019554) AND (id <= 3019653))

table 4 : explain SELECT DISTINCT c FROM sbtest4 WHERE id BETWEEN 3287969 AND 3288068 ORDER BY c
	Unique  (cost=359.23..359.68 rows=89 width=121)
	  ->  Sort  (cost=359.23..359.45 rows=89 width=121)
	        Sort Key: c
	        ->  Index Scan using sbtest4_pkey on sbtest4  (cost=0.43..356.35 rows=89 width=121)
	              Index Cond: ((id >= 3287969) AND (id <= 3288068))

table 5 : explain SELECT DISTINCT c FROM sbtest5 WHERE id BETWEEN 8420329 AND 8420428 ORDER BY c
	Unique  (cost=473.36..473.95 rows=118 width=121)
	  ->  Sort  (cost=473.36..473.66 rows=118 width=121)
	        Sort Key: c
	        ->  Index Scan using sbtest5_pkey on sbtest5  (cost=0.43..469.30 rows=118 width=121)
	              Index Cond: ((id >= 8420329) AND (id <= 8420428))

table 6 : explain SELECT DISTINCT c FROM sbtest6 WHERE id BETWEEN 1113611 AND 1113710 ORDER BY c
	Unique  (cost=422.82..423.34 rows=105 width=121)
	  ->  Sort  (cost=422.82..423.08 rows=105 width=121)
	        Sort Key: c
	        ->  Index Scan using sbtest6_pkey on sbtest6  (cost=0.43..419.29 rows=105 width=121)
	              Index Cond: ((id >= 1113611) AND (id <= 1113710))

table 7 : explain SELECT DISTINCT c FROM sbtest7 WHERE id BETWEEN 3211649 AND 3211748 ORDER BY c
	Unique  (cost=371.70..372.16 rows=92 width=121)
	  ->  Sort  (cost=371.70..371.93 rows=92 width=121)
	        Sort Key: c
	        ->  Index Scan using sbtest7_pkey on sbtest7  (cost=0.43..368.70 rows=92 width=121)
	              Index Cond: ((id >= 3211649) AND (id <= 3211748))

table 8 : explain SELECT DISTINCT c FROM sbtest8 WHERE id BETWEEN 2972600 AND 2972699 ORDER BY c
	Unique  (cost=410.18..410.69 rows=102 width=121)
	  ->  Sort  (cost=410.18..410.43 rows=102 width=121)
	        Sort Key: c
	        ->  Index Scan using sbtest8_pkey on sbtest8  (cost=0.43..406.78 rows=102 width=121)
	              Index Cond: ((id >= 2972600) AND (id <= 2972699))

for: order_ranges
table 1 : explain SELECT c FROM sbtest1 WHERE id BETWEEN 2246868 AND 2246967 ORDER BY c
	Sort  (cost=439.57..439.84 rows=109 width=121)
	  Sort Key: c
	  ->  Index Scan using sbtest1_pkey on sbtest1  (cost=0.43..435.88 rows=109 width=121)
	        Index Cond: ((id >= 2246868) AND (id <= 2246967))

table 2 : explain SELECT c FROM sbtest2 WHERE id BETWEEN 6634743 AND 6634842 ORDER BY c
	Sort  (cost=415.41..415.67 rows=103 width=121)
	  Sort Key: c
	  ->  Index Scan using sbtest2_pkey on sbtest2  (cost=0.43..411.96 rows=103 width=121)
	        Index Cond: ((id >= 6634743) AND (id <= 6634842))

table 3 : explain SELECT c FROM sbtest3 WHERE id BETWEEN 4601770 AND 4601869 ORDER BY c
	Sort  (cost=407.61..407.86 rows=101 width=121)
	  Sort Key: c
	  ->  Index Scan using sbtest3_pkey on sbtest3  (cost=0.43..404.24 rows=101 width=121)
	        Index Cond: ((id >= 4601770) AND (id <= 4601869))

table 4 : explain SELECT c FROM sbtest4 WHERE id BETWEEN 6224952 AND 6225051 ORDER BY c
	Sort  (cost=387.18..387.42 rows=96 width=121)
	  Sort Key: c
	  ->  Index Scan using sbtest4_pkey on sbtest4  (cost=0.43..384.02 rows=96 width=121)
	        Index Cond: ((id >= 6224952) AND (id <= 6225051))

table 5 : explain SELECT c FROM sbtest5 WHERE id BETWEEN 2709156 AND 2709255 ORDER BY c
	Sort  (cost=365.91..366.13 rows=91 width=121)
	  Sort Key: c
	  ->  Index Scan using sbtest5_pkey on sbtest5  (cost=0.43..362.95 rows=91 width=121)
	        Index Cond: ((id >= 2709156) AND (id <= 2709255))

table 6 : explain SELECT c FROM sbtest6 WHERE id BETWEEN 2031094 AND 2031193 ORDER BY c
	Sort  (cost=390.88..391.12 rows=97 width=121)
	  Sort Key: c
	  ->  Index Scan using sbtest6_pkey on sbtest6  (cost=0.43..387.67 rows=97 width=121)
	        Index Cond: ((id >= 2031094) AND (id <= 2031193))

table 7 : explain SELECT c FROM sbtest7 WHERE id BETWEEN 3068817 AND 3068916 ORDER BY c
	Sort  (cost=427.69..427.96 rows=106 width=121)
	  Sort Key: c
	  ->  Index Scan using sbtest7_pkey on sbtest7  (cost=0.43..424.13 rows=106 width=121)
	        Index Cond: ((id >= 3068817) AND (id <= 3068916))

table 8 : explain SELECT c FROM sbtest8 WHERE id BETWEEN 8584434 AND 8584533 ORDER BY c
	Sort  (cost=446.04..446.31 rows=111 width=121)
	  Sort Key: c
	  ->  Index Scan using sbtest8_pkey on sbtest8  (cost=0.43..442.26 rows=111 width=121)
	        Index Cond: ((id >= 8584434) AND (id <= 8584533))

for: order_ranges
table 1 : explain SELECT c FROM sbtest1 WHERE id BETWEEN 3603466 AND 3603565 ORDER BY c
	Sort  (cost=375.59..375.82 rows=93 width=121)
	  Sort Key: c
	  ->  Index Scan using sbtest1_pkey on sbtest1  (cost=0.43..372.55 rows=93 width=121)
	        Index Cond: ((id >= 3603466) AND (id <= 3603565))

table 2 : explain SELECT c FROM sbtest2 WHERE id BETWEEN 5236292 AND 5236391 ORDER BY c
	Sort  (cost=407.42..407.67 rows=101 width=121)
	  Sort Key: c
	  ->  Index Scan using sbtest2_pkey on sbtest2  (cost=0.43..404.05 rows=101 width=121)
	        Index Cond: ((id >= 5236292) AND (id <= 5236391))

table 3 : explain SELECT c FROM sbtest3 WHERE id BETWEEN 3469201 AND 3469300 ORDER BY c
	Sort  (cost=411.61..411.86 rows=102 width=121)
	  Sort Key: c
	  ->  Index Scan using sbtest3_pkey on sbtest3  (cost=0.43..408.20 rows=102 width=121)
	        Index Cond: ((id >= 3469201) AND (id <= 3469300))

table 4 : explain SELECT c FROM sbtest4 WHERE id BETWEEN 5553584 AND 5553683 ORDER BY c
	Sort  (cost=375.20..375.43 rows=93 width=121)
	  Sort Key: c
	  ->  Index Scan using sbtest4_pkey on sbtest4  (cost=0.43..372.16 rows=93 width=121)
	        Index Cond: ((id >= 5553584) AND (id <= 5553683))

table 5 : explain SELECT c FROM sbtest5 WHERE id BETWEEN 6012391 AND 6012490 ORDER BY c
	Sort  (cost=385.80..386.04 rows=96 width=121)
	  Sort Key: c
	  ->  Index Scan using sbtest5_pkey on sbtest5  (cost=0.43..382.64 rows=96 width=121)
	        Index Cond: ((id >= 6012391) AND (id <= 6012490))

table 6 : explain SELECT c FROM sbtest6 WHERE id BETWEEN 9937247 AND 9937346 ORDER BY c
	Sort  (cost=418.83..419.09 rows=104 width=121)
	  Sort Key: c
	  ->  Index Scan using sbtest6_pkey on sbtest6  (cost=0.43..415.34 rows=104 width=121)
	        Index Cond: ((id >= 9937247) AND (id <= 9937346))

table 7 : explain SELECT c FROM sbtest7 WHERE id BETWEEN 6505332 AND 6505431 ORDER BY c
	Sort  (cost=383.69..383.93 rows=95 width=121)
	  Sort Key: c
	  ->  Index Scan using sbtest7_pkey on sbtest7  (cost=0.43..380.57 rows=95 width=121)
	        Index Cond: ((id >= 6505332) AND (id <= 6505431))

table 8 : explain SELECT c FROM sbtest8 WHERE id BETWEEN 9724823 AND 9724922 ORDER BY c
	Sort  (cost=410.18..410.43 rows=102 width=121)
	  Sort Key: c
	  ->  Index Scan using sbtest8_pkey on sbtest8  (cost=0.43..406.78 rows=102 width=121)
	        Index Cond: ((id >= 9724823) AND (id <= 9724922))

for: order_ranges
table 1 : explain SELECT c FROM sbtest1 WHERE id BETWEEN 7135239 AND 7135338 ORDER BY c
	Sort  (cost=399.58..399.82 rows=99 width=121)
	  Sort Key: c
	  ->  Index Scan using sbtest1_pkey on sbtest1  (cost=0.43..396.29 rows=99 width=121)
	        Index Cond: ((id >= 7135239) AND (id <= 7135338))

table 2 : explain SELECT c FROM sbtest2 WHERE id BETWEEN 5976672 AND 5976771 ORDER BY c
	Sort  (cost=423.40..423.66 rows=105 width=121)
	  Sort Key: c
	  ->  Index Scan using sbtest2_pkey on sbtest2  (cost=0.43..419.88 rows=105 width=121)
	        Index Cond: ((id >= 5976672) AND (id <= 5976771))

table 3 : explain SELECT c FROM sbtest3 WHERE id BETWEEN 9225481 AND 9225580 ORDER BY c
	Sort  (cost=407.61..407.86 rows=101 width=121)
	  Sort Key: c
	  ->  Index Scan using sbtest3_pkey on sbtest3  (cost=0.43..404.24 rows=101 width=121)
	        Index Cond: ((id >= 9225481) AND (id <= 9225580))

table 4 : explain SELECT c FROM sbtest4 WHERE id BETWEEN 100067 AND 100166 ORDER BY c
	Sort  (cost=375.20..375.43 rows=93 width=121)
	  Sort Key: c
	  ->  Index Scan using sbtest4_pkey on sbtest4  (cost=0.43..372.16 rows=93 width=121)
	        Index Cond: ((id >= 100067) AND (id <= 100166))

table 5 : explain SELECT c FROM sbtest5 WHERE id BETWEEN 710127 AND 710226 ORDER BY c
	Sort  (cost=429.59..429.85 rows=107 width=121)
	  Sort Key: c
	  ->  Index Scan using sbtest5_pkey on sbtest5  (cost=0.43..425.98 rows=107 width=121)
	        Index Cond: ((id >= 710127) AND (id <= 710226))

table 6 : explain SELECT c FROM sbtest6 WHERE id BETWEEN 8782592 AND 8782691 ORDER BY c
	Sort  (cost=358.96..359.18 rows=89 width=121)
	  Sort Key: c
	  ->  Index Scan using sbtest6_pkey on sbtest6  (cost=0.43..356.08 rows=89 width=121)
	        Index Cond: ((id >= 8782592) AND (id <= 8782691))

table 7 : explain SELECT c FROM sbtest7 WHERE id BETWEEN 7450819 AND 7450918 ORDER BY c
	Sort  (cost=459.69..459.97 rows=114 width=121)
	  Sort Key: c
	  ->  Index Scan using sbtest7_pkey on sbtest7  (cost=0.43..455.79 rows=114 width=121)
	        Index Cond: ((id >= 7450819) AND (id <= 7450918))

table 8 : explain SELECT c FROM sbtest8 WHERE id BETWEEN 5001839 AND 5001938 ORDER BY c
	Sort  (cost=406.19..406.45 rows=101 width=121)
	  Sort Key: c
	  ->  Index Scan using sbtest8_pkey on sbtest8  (cost=0.43..402.83 rows=101 width=121)
	        Index Cond: ((id >= 5001839) AND (id <= 5001938))

for: distinct_ranges
table 1 : explain SELECT DISTINCT c FROM sbtest1 WHERE id BETWEEN 9703479 AND 9703578 ORDER BY c
	Unique  (cost=391.58..392.07 rows=97 width=121)
	  ->  Sort  (cost=391.58..391.82 rows=97 width=121)
	        Sort Key: c
	        ->  Index Scan using sbtest1_pkey on sbtest1  (cost=0.43..388.38 rows=97 width=121)
	              Index Cond: ((id >= 9703479) AND (id <= 9703578))

table 2 : explain SELECT DISTINCT c FROM sbtest2 WHERE id BETWEEN 3975204 AND 3975303 ORDER BY c
	Unique  (cost=443.38..443.93 rows=110 width=121)
	  ->  Sort  (cost=443.38..443.66 rows=110 width=121)
	        Sort Key: c
	        ->  Index Scan using sbtest2_pkey on sbtest2  (cost=0.43..439.65 rows=110 width=121)
	              Index Cond: ((id >= 3975204) AND (id <= 3975303))

table 3 : explain SELECT DISTINCT c FROM sbtest3 WHERE id BETWEEN 688098 AND 688197 ORDER BY c
	Unique  (cost=375.61..376.08 rows=93 width=121)
	  ->  Sort  (cost=375.61..375.84 rows=93 width=121)
	        Sort Key: c
	        ->  Index Scan using sbtest3_pkey on sbtest3  (cost=0.43..372.57 rows=93 width=121)
	              Index Cond: ((id >= 688098) AND (id <= 688197))

table 4 : explain SELECT DISTINCT c FROM sbtest4 WHERE id BETWEEN 1451090 AND 1451189 ORDER BY c
	Unique  (cost=407.16..407.67 rows=101 width=121)
	  ->  Sort  (cost=407.16..407.42 rows=101 width=121)
	        Sort Key: c
	        ->  Index Scan using sbtest4_pkey on sbtest4  (cost=0.43..403.80 rows=101 width=121)
	              Index Cond: ((id >= 1451090) AND (id <= 1451189))

table 5 : explain SELECT DISTINCT c FROM sbtest5 WHERE id BETWEEN 5560683 AND 5560782 ORDER BY c
	Unique  (cost=409.69..410.20 rows=102 width=121)
	  ->  Sort  (cost=409.69..409.95 rows=102 width=121)
	        Sort Key: c
	        ->  Index Scan using sbtest5_pkey on sbtest5  (cost=0.43..406.29 rows=102 width=121)
	              Index Cond: ((id >= 5560683) AND (id <= 5560782))

table 6 : explain SELECT DISTINCT c FROM sbtest6 WHERE id BETWEEN 6478251 AND 6478350 ORDER BY c
	Unique  (cost=394.87..395.36 rows=98 width=121)
	  ->  Sort  (cost=394.87..395.11 rows=98 width=121)
	        Sort Key: c
	        ->  Index Scan using sbtest6_pkey on sbtest6  (cost=0.43..391.62 rows=98 width=121)
	              Index Cond: ((id >= 6478251) AND (id <= 6478350))

table 7 : explain SELECT DISTINCT c FROM sbtest7 WHERE id BETWEEN 1184831 AND 1184930 ORDER BY c
	Unique  (cost=419.70..420.22 rows=104 width=121)
	  ->  Sort  (cost=419.70..419.96 rows=104 width=121)
	        Sort Key: c
	        ->  Index Scan using sbtest7_pkey on sbtest7  (cost=0.43..416.21 rows=104 width=121)
	              Index Cond: ((id >= 1184831) AND (id <= 1184930))

table 8 : explain SELECT DISTINCT c FROM sbtest8 WHERE id BETWEEN 4133433 AND 4133532 ORDER BY c
	Unique  (cost=418.15..418.67 rows=104 width=121)
	  ->  Sort  (cost=418.15..418.41 rows=104 width=121)
	        Sort Key: c
	        ->  Index Scan using sbtest8_pkey on sbtest8  (cost=0.43..414.66 rows=104 width=121)
	              Index Cond: ((id >= 4133433) AND (id <= 4133532))

for: distinct_ranges
table 1 : explain SELECT DISTINCT c FROM sbtest1 WHERE id BETWEEN 2938287 AND 2938386 ORDER BY c
	Unique  (cost=403.57..404.07 rows=100 width=121)
	  ->  Sort  (cost=403.57..403.82 rows=100 width=121)
	        Sort Key: c
	        ->  Index Scan using sbtest1_pkey on sbtest1  (cost=0.43..400.25 rows=100 width=121)
	              Index Cond: ((id >= 2938287) AND (id <= 2938386))

table 2 : explain SELECT DISTINCT c FROM sbtest2 WHERE id BETWEEN 4141995 AND 4142094 ORDER BY c
	Unique  (cost=431.39..431.93 rows=107 width=121)
	  ->  Sort  (cost=431.39..431.66 rows=107 width=121)
	        Sort Key: c
	        ->  Index Scan using sbtest2_pkey on sbtest2  (cost=0.43..427.79 rows=107 width=121)
	              Index Cond: ((id >= 4141995) AND (id <= 4142094))

table 3 : explain SELECT DISTINCT c FROM sbtest3 WHERE id BETWEEN 2677002 AND 2677101 ORDER BY c
	Unique  (cost=407.61..408.11 rows=101 width=121)
	  ->  Sort  (cost=407.61..407.86 rows=101 width=121)
	        Sort Key: c
	        ->  Index Scan using sbtest3_pkey on sbtest3  (cost=0.43..404.24 rows=101 width=121)
	              Index Cond: ((id >= 2677002) AND (id <= 2677101))

table 4 : explain SELECT DISTINCT c FROM sbtest4 WHERE id BETWEEN 4639162 AND 4639261 ORDER BY c
	Unique  (cost=395.17..395.66 rows=98 width=121)
	  ->  Sort  (cost=395.17..395.41 rows=98 width=121)
	        Sort Key: c
	        ->  Index Scan using sbtest4_pkey on sbtest4  (cost=0.43..391.93 rows=98 width=121)
	              Index Cond: ((id >= 4639162) AND (id <= 4639261))

table 5 : explain SELECT DISTINCT c FROM sbtest5 WHERE id BETWEEN 8866188 AND 8866287 ORDER BY c
	Unique  (cost=421.63..422.15 rows=105 width=121)
	  ->  Sort  (cost=421.63..421.89 rows=105 width=121)
	        Sort Key: c
	        ->  Index Scan using sbtest5_pkey on sbtest5  (cost=0.43..418.10 rows=105 width=121)
	              Index Cond: ((id >= 8866188) AND (id <= 8866287))

table 6 : explain SELECT DISTINCT c FROM sbtest6 WHERE id BETWEEN 3816838 AND 3816937 ORDER BY c
	Unique  (cost=418.83..419.35 rows=104 width=121)
	  ->  Sort  (cost=418.83..419.09 rows=104 width=121)
	        Sort Key: c
	        ->  Index Scan using sbtest6_pkey on sbtest6  (cost=0.43..415.34 rows=104 width=121)
	              Index Cond: ((id >= 3816838) AND (id <= 3816937))

table 7 : explain SELECT DISTINCT c FROM sbtest7 WHERE id BETWEEN 3285571 AND 3285670 ORDER BY c
	Unique  (cost=403.70..404.20 rows=100 width=121)
	  ->  Sort  (cost=403.70..403.95 rows=100 width=121)
	        Sort Key: c
	        ->  Index Scan using sbtest7_pkey on sbtest7  (cost=0.43..400.38 rows=100 width=121)
	              Index Cond: ((id >= 3285571) AND (id <= 3285670))

table 8 : explain SELECT DISTINCT c FROM sbtest8 WHERE id BETWEEN 9533045 AND 9533144 ORDER BY c
	Unique  (cost=394.22..394.71 rows=98 width=121)
	  ->  Sort  (cost=394.22..394.47 rows=98 width=121)
	        Sort Key: c
	        ->  Index Scan using sbtest8_pkey on sbtest8  (cost=0.43..390.98 rows=98 width=121)
	              Index Cond: ((id >= 9533045) AND (id <= 9533144))

for: distinct_ranges
table 1 : explain SELECT DISTINCT c FROM sbtest1 WHERE id BETWEEN 9949198 AND 9949297 ORDER BY c
	Unique  (cost=395.58..396.07 rows=98 width=121)
	  ->  Sort  (cost=395.58..395.82 rows=98 width=121)
	        Sort Key: c
	        ->  Index Scan using sbtest1_pkey on sbtest1  (cost=0.43..392.34 rows=98 width=121)
	              Index Cond: ((id >= 9949198) AND (id <= 9949297))

table 2 : explain SELECT DISTINCT c FROM sbtest2 WHERE id BETWEEN 9194820 AND 9194919 ORDER BY c
	Unique  (cost=367.44..367.90 rows=91 width=121)
	  ->  Sort  (cost=367.44..367.67 rows=91 width=121)
	        Sort Key: c
	        ->  Index Scan using sbtest2_pkey on sbtest2  (cost=0.43..364.48 rows=91 width=121)
	              Index Cond: ((id >= 9194820) AND (id <= 9194919))

table 3 : explain SELECT DISTINCT c FROM sbtest3 WHERE id BETWEEN 662996 AND 663095 ORDER BY c
	Unique  (cost=375.61..376.08 rows=93 width=121)
	  ->  Sort  (cost=375.61..375.84 rows=93 width=121)
	        Sort Key: c
	        ->  Index Scan using sbtest3_pkey on sbtest3  (cost=0.43..372.57 rows=93 width=121)
	              Index Cond: ((id >= 662996) AND (id <= 663095))

table 4 : explain SELECT DISTINCT c FROM sbtest4 WHERE id BETWEEN 585297 AND 585396 ORDER BY c
	Unique  (cost=379.19..379.66 rows=94 width=121)
	  ->  Sort  (cost=379.19..379.43 rows=94 width=121)
	        Sort Key: c
	        ->  Index Scan using sbtest4_pkey on sbtest4  (cost=0.43..376.11 rows=94 width=121)
	              Index Cond: ((id >= 585297) AND (id <= 585396))

table 5 : explain SELECT DISTINCT c FROM sbtest5 WHERE id BETWEEN 8455359 AND 8455458 ORDER BY c
	Unique  (cost=365.91..366.36 rows=91 width=121)
	  ->  Sort  (cost=365.91..366.13 rows=91 width=121)
	        Sort Key: c
	        ->  Index Scan using sbtest5_pkey on sbtest5  (cost=0.43..362.95 rows=91 width=121)
	              Index Cond: ((id >= 8455359) AND (id <= 8455458))

table 6 : explain SELECT DISTINCT c FROM sbtest6 WHERE id BETWEEN 7477184 AND 7477283 ORDER BY c
	Unique  (cost=410.84..411.35 rows=102 width=121)
	  ->  Sort  (cost=410.84..411.10 rows=102 width=121)
	        Sort Key: c
	        ->  Index Scan using sbtest6_pkey on sbtest6  (cost=0.43..407.44 rows=102 width=121)
	              Index Cond: ((id >= 7477184) AND (id <= 7477283))

table 7 : explain SELECT DISTINCT c FROM sbtest7 WHERE id BETWEEN 9718847 AND 9718946 ORDER BY c
	Unique  (cost=427.69..428.22 rows=106 width=121)
	  ->  Sort  (cost=427.69..427.96 rows=106 width=121)
	        Sort Key: c
	        ->  Index Scan using sbtest7_pkey on sbtest7  (cost=0.43..424.13 rows=106 width=121)
	              Index Cond: ((id >= 9718847) AND (id <= 9718946))

table 8 : explain SELECT DISTINCT c FROM sbtest8 WHERE id BETWEEN 993759 AND 993858 ORDER BY c
	Unique  (cost=374.31..374.77 rows=93 width=121)
	  ->  Sort  (cost=374.31..374.54 rows=93 width=121)
	        Sort Key: c
	        ->  Index Scan using sbtest8_pkey on sbtest8  (cost=0.43..371.27 rows=93 width=121)
	              Index Cond: ((id >= 993759) AND (id <= 993858))

for: distinct_ranges
table 1 : explain SELECT DISTINCT c FROM sbtest1 WHERE id BETWEEN 5247062 AND 5247161 ORDER BY c
	Unique  (cost=367.60..368.05 rows=91 width=121)
	  ->  Sort  (cost=367.60..367.83 rows=91 width=121)
	        Sort Key: c
	        ->  Index Scan using sbtest1_pkey on sbtest1  (cost=0.43..364.64 rows=91 width=121)
	              Index Cond: ((id >= 5247062) AND (id <= 5247161))

table 2 : explain SELECT DISTINCT c FROM sbtest2 WHERE id BETWEEN 8714079 AND 8714178 ORDER BY c
	Unique  (cost=399.41..399.90 rows=99 width=121)
	  ->  Sort  (cost=399.41..399.66 rows=99 width=121)
	        Sort Key: c
	        ->  Index Scan using sbtest2_pkey on sbtest2  (cost=0.43..396.13 rows=99 width=121)
	              Index Cond: ((id >= 8714079) AND (id <= 8714178))

table 3 : explain SELECT DISTINCT c FROM sbtest3 WHERE id BETWEEN 7038136 AND 7038235 ORDER BY c
	Unique  (cost=403.59..404.09 rows=100 width=121)
	  ->  Sort  (cost=403.59..403.84 rows=100 width=121)
	        Sort Key: c
	        ->  Index Scan using sbtest3_pkey on sbtest3  (cost=0.43..400.27 rows=100 width=121)
	              Index Cond: ((id >= 7038136) AND (id <= 7038235))

table 4 : explain SELECT DISTINCT c FROM sbtest4 WHERE id BETWEEN 995802 AND 995901 ORDER BY c
	Unique  (cost=387.18..387.66 rows=96 width=121)
	  ->  Sort  (cost=387.18..387.42 rows=96 width=121)
	        Sort Key: c
	        ->  Index Scan using sbtest4_pkey on sbtest4  (cost=0.43..384.02 rows=96 width=121)
	              Index Cond: ((id >= 995802) AND (id <= 995901))

table 5 : explain SELECT DISTINCT c FROM sbtest5 WHERE id BETWEEN 6714483 AND 6714582 ORDER BY c
	Unique  (cost=385.80..386.28 rows=96 width=121)
	  ->  Sort  (cost=385.80..386.04 rows=96 width=121)
	        Sort Key: c
	        ->  Index Scan using sbtest5_pkey on sbtest5  (cost=0.43..382.64 rows=96 width=121)
	              Index Cond: ((id >= 6714483) AND (id <= 6714582))

table 6 : explain SELECT DISTINCT c FROM sbtest6 WHERE id BETWEEN 8720024 AND 8720123 ORDER BY c
	Unique  (cost=358.96..359.40 rows=89 width=121)
	  ->  Sort  (cost=358.96..359.18 rows=89 width=121)
	        Sort Key: c
	        ->  Index Scan using sbtest6_pkey on sbtest6  (cost=0.43..356.08 rows=89 width=121)
	              Index Cond: ((id >= 8720024) AND (id <= 8720123))

table 7 : explain SELECT DISTINCT c FROM sbtest7 WHERE id BETWEEN 9534597 AND 9534696 ORDER BY c
	Unique  (cost=459.69..460.26 rows=114 width=121)
	  ->  Sort  (cost=459.69..459.97 rows=114 width=121)
	        Sort Key: c
	        ->  Index Scan using sbtest7_pkey on sbtest7  (cost=0.43..455.79 rows=114 width=121)
	              Index Cond: ((id >= 9534597) AND (id <= 9534696))

table 8 : explain SELECT DISTINCT c FROM sbtest8 WHERE id BETWEEN 2367493 AND 2367592 ORDER BY c
	Unique  (cost=406.19..406.70 rows=101 width=121)
	  ->  Sort  (cost=406.19..406.45 rows=101 width=121)
	        Sort Key: c
	        ->  Index Scan using sbtest8_pkey on sbtest8  (cost=0.43..402.83 rows=101 width=121)
	              Index Cond: ((id >= 2367493) AND (id <= 2367592))

for: distinct_ranges
table 1 : explain SELECT DISTINCT c FROM sbtest1 WHERE id BETWEEN 9170534 AND 9170633 ORDER BY c
	Unique  (cost=367.60..368.05 rows=91 width=121)
	  ->  Sort  (cost=367.60..367.83 rows=91 width=121)
	        Sort Key: c
	        ->  Index Scan using sbtest1_pkey on sbtest1  (cost=0.43..364.64 rows=91 width=121)
	              Index Cond: ((id >= 9170534) AND (id <= 9170633))

table 2 : explain SELECT DISTINCT c FROM sbtest2 WHERE id BETWEEN 3697997 AND 3698096 ORDER BY c
	Unique  (cost=399.41..399.90 rows=99 width=121)
	  ->  Sort  (cost=399.41..399.66 rows=99 width=121)
	        Sort Key: c
	        ->  Index Scan using sbtest2_pkey on sbtest2  (cost=0.43..396.13 rows=99 width=121)
	              Index Cond: ((id >= 3697997) AND (id <= 3698096))

table 3 : explain SELECT DISTINCT c FROM sbtest3 WHERE id BETWEEN 8838954 AND 8839053 ORDER BY c
	Unique  (cost=391.60..392.09 rows=97 width=121)
	  ->  Sort  (cost=391.60..391.84 rows=97 width=121)
	        Sort Key: c
	        ->  Index Scan using sbtest3_pkey on sbtest3  (cost=0.43..388.40 rows=97 width=121)
	              Index Cond: ((id >= 8838954) AND (id <= 8839053))

table 4 : explain SELECT DISTINCT c FROM sbtest4 WHERE id BETWEEN 4942958 AND 4943057 ORDER BY c
	Unique  (cost=371.21..371.67 rows=92 width=121)
	  ->  Sort  (cost=371.21..371.44 rows=92 width=121)
	        Sort Key: c
	        ->  Index Scan using sbtest4_pkey on sbtest4  (cost=0.43..368.21 rows=92 width=121)
	              Index Cond: ((id >= 4942958) AND (id <= 4943057))

table 5 : explain SELECT DISTINCT c FROM sbtest5 WHERE id BETWEEN 8129638 AND 8129737 ORDER BY c
	Unique  (cost=453.46..454.03 rows=113 width=121)
	  ->  Sort  (cost=453.46..453.75 rows=113 width=121)
	        Sort Key: c
	        ->  Index Scan using sbtest5_pkey on sbtest5  (cost=0.43..449.61 rows=113 width=121)
	              Index Cond: ((id >= 8129638) AND (id <= 8129737))

table 6 : explain SELECT DISTINCT c FROM sbtest6 WHERE id BETWEEN 6996392 AND 6996491 ORDER BY c
	Unique  (cost=394.87..395.36 rows=98 width=121)
	  ->  Sort  (cost=394.87..395.11 rows=98 width=121)
	        Sort Key: c
	        ->  Index Scan using sbtest6_pkey on sbtest6  (cost=0.43..391.62 rows=98 width=121)
	              Index Cond: ((id >= 6996392) AND (id <= 6996491))

table 7 : explain SELECT DISTINCT c FROM sbtest7 WHERE id BETWEEN 4965137 AND 4965236 ORDER BY c
	Unique  (cost=423.69..424.22 rows=105 width=121)
	  ->  Sort  (cost=423.69..423.96 rows=105 width=121)
	        Sort Key: c
	        ->  Index Scan using sbtest7_pkey on sbtest7  (cost=0.43..420.17 rows=105 width=121)
	              Index Cond: ((id >= 4965137) AND (id <= 4965236))

table 8 : explain SELECT DISTINCT c FROM sbtest8 WHERE id BETWEEN 8952482 AND 8952581 ORDER BY c
	Unique  (cost=390.24..390.73 rows=97 width=121)
	  ->  Sort  (cost=390.24..390.48 rows=97 width=121)
	        Sort Key: c
	        ->  Index Scan using sbtest8_pkey on sbtest8  (cost=0.43..387.04 rows=97 width=121)
	              Index Cond: ((id >= 8952482) AND (id <= 8952581))

for: distinct_ranges
table 1 : explain SELECT DISTINCT c FROM sbtest1 WHERE id BETWEEN 7108982 AND 7109081 ORDER BY c
	Unique  (cost=399.58..400.07 rows=99 width=121)
	  ->  Sort  (cost=399.58..399.82 rows=99 width=121)
	        Sort Key: c
	        ->  Index Scan using sbtest1_pkey on sbtest1  (cost=0.43..396.29 rows=99 width=121)
	              Index Cond: ((id >= 7108982) AND (id <= 7109081))

table 2 : explain SELECT DISTINCT c FROM sbtest2 WHERE id BETWEEN 5748672 AND 5748771 ORDER BY c
	Unique  (cost=423.40..423.93 rows=105 width=121)
	  ->  Sort  (cost=423.40..423.66 rows=105 width=121)
	        Sort Key: c
	        ->  Index Scan using sbtest2_pkey on sbtest2  (cost=0.43..419.88 rows=105 width=121)
	              Index Cond: ((id >= 5748672) AND (id <= 5748771))

table 3 : explain SELECT DISTINCT c FROM sbtest3 WHERE id BETWEEN 9544531 AND 9544630 ORDER BY c
	Unique  (cost=419.60..420.12 rows=104 width=121)
	  ->  Sort  (cost=419.60..419.86 rows=104 width=121)
	        Sort Key: c
	        ->  Index Scan using sbtest3_pkey on sbtest3  (cost=0.43..416.12 rows=104 width=121)
	              Index Cond: ((id >= 9544531) AND (id <= 9544630))

table 4 : explain SELECT DISTINCT c FROM sbtest4 WHERE id BETWEEN 7720945 AND 7721044 ORDER BY c
	Unique  (cost=363.22..363.67 rows=90 width=121)
	  ->  Sort  (cost=363.22..363.45 rows=90 width=121)
	        Sort Key: c
	        ->  Index Scan using sbtest4_pkey on sbtest4  (cost=0.43..360.30 rows=90 width=121)
	              Index Cond: ((id >= 7720945) AND (id <= 7721044))

table 5 : explain SELECT DISTINCT c FROM sbtest5 WHERE id BETWEEN 8880689 AND 8880788 ORDER BY c
	Unique  (cost=421.63..422.15 rows=105 width=121)
	  ->  Sort  (cost=421.63..421.89 rows=105 width=121)
	        Sort Key: c
	        ->  Index Scan using sbtest5_pkey on sbtest5  (cost=0.43..418.10 rows=105 width=121)
	              Index Cond: ((id >= 8880689) AND (id <= 8880788))

table 6 : explain SELECT DISTINCT c FROM sbtest6 WHERE id BETWEEN 5269512 AND 5269611 ORDER BY c
	Unique  (cost=406.85..407.36 rows=101 width=121)
	  ->  Sort  (cost=406.85..407.11 rows=101 width=121)
	        Sort Key: c
	        ->  Index Scan using sbtest6_pkey on sbtest6  (cost=0.43..403.49 rows=101 width=121)
	              Index Cond: ((id >= 5269512) AND (id <= 5269611))

table 7 : explain SELECT DISTINCT c FROM sbtest7 WHERE id BETWEEN 90544 AND 90643 ORDER BY c
	Unique  (cost=351.71..352.14 rows=87 width=121)
	  ->  Sort  (cost=351.71..351.92 rows=87 width=121)
	        Sort Key: c
	        ->  Index Scan using sbtest7_pkey on sbtest7  (cost=0.43..348.90 rows=87 width=121)
	              Index Cond: ((id >= 90544) AND (id <= 90643))

table 8 : explain SELECT DISTINCT c FROM sbtest8 WHERE id BETWEEN 8053399 AND 8053498 ORDER BY c
	Unique  (cost=406.19..406.70 rows=101 width=121)
	  ->  Sort  (cost=406.19..406.45 rows=101 width=121)
	        Sort Key: c
	        ->  Index Scan using sbtest8_pkey on sbtest8  (cost=0.43..402.83 rows=101 width=121)
	              Index Cond: ((id >= 8053399) AND (id <= 8053498))

for: distinct_ranges
table 1 : explain SELECT DISTINCT c FROM sbtest1 WHERE id BETWEEN 7749941 AND 7750040 ORDER BY c
	Unique  (cost=411.58..412.09 rows=102 width=121)
	  ->  Sort  (cost=411.58..411.84 rows=102 width=121)
	        Sort Key: c
	        ->  Index Scan using sbtest1_pkey on sbtest1  (cost=0.43..408.18 rows=102 width=121)
	              Index Cond: ((id >= 7749941) AND (id <= 7750040))

table 2 : explain SELECT DISTINCT c FROM sbtest2 WHERE id BETWEEN 8920256 AND 8920355 ORDER BY c
	Unique  (cost=443.38..443.93 rows=110 width=121)
	  ->  Sort  (cost=443.38..443.66 rows=110 width=121)
	        Sort Key: c
	        ->  Index Scan using sbtest2_pkey on sbtest2  (cost=0.43..439.65 rows=110 width=121)
	              Index Cond: ((id >= 8920256) AND (id <= 8920355))

table 3 : explain SELECT DISTINCT c FROM sbtest3 WHERE id BETWEEN 4429613 AND 4429712 ORDER BY c
	Unique  (cost=395.60..396.09 rows=98 width=121)
	  ->  Sort  (cost=395.60..395.84 rows=98 width=121)
	        Sort Key: c
	        ->  Index Scan using sbtest3_pkey on sbtest3  (cost=0.43..392.36 rows=98 width=121)
	              Index Cond: ((id >= 4429613) AND (id <= 4429712))

table 4 : explain SELECT DISTINCT c FROM sbtest4 WHERE id BETWEEN 4229345 AND 4229444 ORDER BY c
	Unique  (cost=435.12..435.66 rows=108 width=121)
	  ->  Sort  (cost=435.12..435.39 rows=108 width=121)
	        Sort Key: c
	        ->  Index Scan using sbtest4_pkey on sbtest4  (cost=0.43..431.47 rows=108 width=121)
	              Index Cond: ((id >= 4229345) AND (id <= 4229444))

table 5 : explain SELECT DISTINCT c FROM sbtest5 WHERE id BETWEEN 6391784 AND 6391883 ORDER BY c
	Unique  (cost=433.57..434.11 rows=108 width=121)
	  ->  Sort  (cost=433.57..433.84 rows=108 width=121)
	        Sort Key: c
	        ->  Index Scan using sbtest5_pkey on sbtest5  (cost=0.43..429.92 rows=108 width=121)
	              Index Cond: ((id >= 6391784) AND (id <= 6391883))

table 6 : explain SELECT DISTINCT c FROM sbtest6 WHERE id BETWEEN 8852404 AND 8852503 ORDER BY c
	Unique  (cost=402.86..403.36 rows=100 width=121)
	  ->  Sort  (cost=402.86..403.11 rows=100 width=121)
	        Sort Key: c
	        ->  Index Scan using sbtest6_pkey on sbtest6  (cost=0.43..399.54 rows=100 width=121)
	              Index Cond: ((id >= 8852404) AND (id <= 8852503))

table 7 : explain SELECT DISTINCT c FROM sbtest7 WHERE id BETWEEN 2294891 AND 2294990 ORDER BY c
	Unique  (cost=419.70..420.22 rows=104 width=121)
	  ->  Sort  (cost=419.70..419.96 rows=104 width=121)
	        Sort Key: c
	        ->  Index Scan using sbtest7_pkey on sbtest7  (cost=0.43..416.21 rows=104 width=121)
	              Index Cond: ((id >= 2294891) AND (id <= 2294990))

table 8 : explain SELECT DISTINCT c FROM sbtest8 WHERE id BETWEEN 9107516 AND 9107615 ORDER BY c
	Unique  (cost=382.27..382.75 rows=95 width=121)
	  ->  Sort  (cost=382.27..382.51 rows=95 width=121)
	        Sort Key: c
	        ->  Index Scan using sbtest8_pkey on sbtest8  (cost=0.43..379.15 rows=95 width=121)
	              Index Cond: ((id >= 9107516) AND (id <= 9107615))

for: distinct_ranges
table 1 : explain SELECT DISTINCT c FROM sbtest1 WHERE id BETWEEN 9163586 AND 9163685 ORDER BY c
	Unique  (cost=367.60..368.05 rows=91 width=121)
	  ->  Sort  (cost=367.60..367.83 rows=91 width=121)
	        Sort Key: c
	        ->  Index Scan using sbtest1_pkey on sbtest1  (cost=0.43..364.64 rows=91 width=121)
	              Index Cond: ((id >= 9163586) AND (id <= 9163685))

table 2 : explain SELECT DISTINCT c FROM sbtest2 WHERE id BETWEEN 530854 AND 530953 ORDER BY c
	Unique  (cost=411.41..411.92 rows=102 width=121)
	  ->  Sort  (cost=411.41..411.67 rows=102 width=121)
	        Sort Key: c
	        ->  Index Scan using sbtest2_pkey on sbtest2  (cost=0.43..408.01 rows=102 width=121)
	              Index Cond: ((id >= 530854) AND (id <= 530953))

table 3 : explain SELECT DISTINCT c FROM sbtest3 WHERE id BETWEEN 722706 AND 722805 ORDER BY c
	Unique  (cost=375.61..376.08 rows=93 width=121)
	  ->  Sort  (cost=375.61..375.84 rows=93 width=121)
	        Sort Key: c
	        ->  Index Scan using sbtest3_pkey on sbtest3  (cost=0.43..372.57 rows=93 width=121)
	              Index Cond: ((id >= 722706) AND (id <= 722805))

table 4 : explain SELECT DISTINCT c FROM sbtest4 WHERE id BETWEEN 6007149 AND 6007248 ORDER BY c
	Unique  (cost=415.15..415.67 rows=103 width=121)
	  ->  Sort  (cost=415.15..415.41 rows=103 width=121)
	        Sort Key: c
	        ->  Index Scan using sbtest4_pkey on sbtest4  (cost=0.43..411.71 rows=103 width=121)
	              Index Cond: ((id >= 6007149) AND (id <= 6007248))

table 5 : explain SELECT DISTINCT c FROM sbtest5 WHERE id BETWEEN 8840695 AND 8840794 ORDER BY c
	Unique  (cost=393.76..394.25 rows=98 width=121)
	  ->  Sort  (cost=393.76..394.00 rows=98 width=121)
	        Sort Key: c
	        ->  Index Scan using sbtest5_pkey on sbtest5  (cost=0.43..390.51 rows=98 width=121)
	              Index Cond: ((id >= 8840695) AND (id <= 8840794))

table 6 : explain SELECT DISTINCT c FROM sbtest6 WHERE id BETWEEN 8166051 AND 8166150 ORDER BY c
	Unique  (cost=402.86..403.36 rows=100 width=121)
	  ->  Sort  (cost=402.86..403.11 rows=100 width=121)
	        Sort Key: c
	        ->  Index Scan using sbtest6_pkey on sbtest6  (cost=0.43..399.54 rows=100 width=121)
	              Index Cond: ((id >= 8166051) AND (id <= 8166150))

table 7 : explain SELECT DISTINCT c FROM sbtest7 WHERE id BETWEEN 6588784 AND 6588883 ORDER BY c
	Unique  (cost=407.70..408.20 rows=101 width=121)
	  ->  Sort  (cost=407.70..407.95 rows=101 width=121)
	        Sort Key: c
	        ->  Index Scan using sbtest7_pkey on sbtest7  (cost=0.43..404.34 rows=101 width=121)
	              Index Cond: ((id >= 6588784) AND (id <= 6588883))

table 8 : explain SELECT DISTINCT c FROM sbtest8 WHERE id BETWEEN 1447653 AND 1447752 ORDER BY c
	Unique  (cost=434.08..434.62 rows=108 width=121)
	  ->  Sort  (cost=434.08..434.35 rows=108 width=121)
	        Sort Key: c
	        ->  Index Scan using sbtest8_pkey on sbtest8  (cost=0.43..430.43 rows=108 width=121)
	              Index Cond: ((id >= 1447653) AND (id <= 1447752))

for: distinct_ranges
table 1 : explain SELECT DISTINCT c FROM sbtest1 WHERE id BETWEEN 9105105 AND 9105204 ORDER BY c
	Unique  (cost=367.60..368.05 rows=91 width=121)
	  ->  Sort  (cost=367.60..367.83 rows=91 width=121)
	        Sort Key: c
	        ->  Index Scan using sbtest1_pkey on sbtest1  (cost=0.43..364.64 rows=91 width=121)
	              Index Cond: ((id >= 9105105) AND (id <= 9105204))

table 2 : explain SELECT DISTINCT c FROM sbtest2 WHERE id BETWEEN 6820888 AND 6820987 ORDER BY c
	Unique  (cost=423.40..423.93 rows=105 width=121)
	  ->  Sort  (cost=423.40..423.66 rows=105 width=121)
	        Sort Key: c
	        ->  Index Scan using sbtest2_pkey on sbtest2  (cost=0.43..419.88 rows=105 width=121)
	              Index Cond: ((id >= 6820888) AND (id <= 6820987))

table 3 : explain SELECT DISTINCT c FROM sbtest3 WHERE id BETWEEN 3954570 AND 3954669 ORDER BY c
	Unique  (cost=415.60..416.12 rows=103 width=121)
	  ->  Sort  (cost=415.60..415.86 rows=103 width=121)
	        Sort Key: c
	        ->  Index Scan using sbtest3_pkey on sbtest3  (cost=0.43..412.16 rows=103 width=121)
	              Index Cond: ((id >= 3954570) AND (id <= 3954669))

table 4 : explain SELECT DISTINCT c FROM sbtest4 WHERE id BETWEEN 4351115 AND 4351214 ORDER BY c
	Unique  (cost=419.14..419.66 rows=104 width=121)
	  ->  Sort  (cost=419.14..419.40 rows=104 width=121)
	        Sort Key: c
	        ->  Index Scan using sbtest4_pkey on sbtest4  (cost=0.43..415.66 rows=104 width=121)
	              Index Cond: ((id >= 4351115) AND (id <= 4351214))

table 5 : explain SELECT DISTINCT c FROM sbtest5 WHERE id BETWEEN 5135377 AND 5135476 ORDER BY c
	Unique  (cost=393.76..394.25 rows=98 width=121)
	  ->  Sort  (cost=393.76..394.00 rows=98 width=121)
	        Sort Key: c
	        ->  Index Scan using sbtest5_pkey on sbtest5  (cost=0.43..390.51 rows=98 width=121)
	              Index Cond: ((id >= 5135377) AND (id <= 5135476))

table 6 : explain SELECT DISTINCT c FROM sbtest6 WHERE id BETWEEN 1091032 AND 1091131 ORDER BY c
	Unique  (cost=422.82..423.34 rows=105 width=121)
	  ->  Sort  (cost=422.82..423.08 rows=105 width=121)
	        Sort Key: c
	        ->  Index Scan using sbtest6_pkey on sbtest6  (cost=0.43..419.29 rows=105 width=121)
	              Index Cond: ((id >= 1091032) AND (id <= 1091131))

table 7 : explain SELECT DISTINCT c FROM sbtest7 WHERE id BETWEEN 3579919 AND 3580018 ORDER BY c
	Unique  (cost=403.70..404.20 rows=100 width=121)
	  ->  Sort  (cost=403.70..403.95 rows=100 width=121)
	        Sort Key: c
	        ->  Index Scan using sbtest7_pkey on sbtest7  (cost=0.43..400.38 rows=100 width=121)
	              Index Cond: ((id >= 3579919) AND (id <= 3580018))

table 8 : explain SELECT DISTINCT c FROM sbtest8 WHERE id BETWEEN 6950278 AND 6950377 ORDER BY c
	Unique  (cost=406.19..406.70 rows=101 width=121)
	  ->  Sort  (cost=406.19..406.45 rows=101 width=121)
	        Sort Key: c
	        ->  Index Scan using sbtest8_pkey on sbtest8  (cost=0.43..402.83 rows=101 width=121)
	              Index Cond: ((id >= 6950278) AND (id <= 6950377))

for: distinct_ranges
table 1 : explain SELECT DISTINCT c FROM sbtest1 WHERE id BETWEEN 5029281 AND 5029380 ORDER BY c
	Unique  (cost=435.57..436.11 rows=108 width=121)
	  ->  Sort  (cost=435.57..435.84 rows=108 width=121)
	        Sort Key: c
	        ->  Index Scan using sbtest1_pkey on sbtest1  (cost=0.43..431.93 rows=108 width=121)
	              Index Cond: ((id >= 5029281) AND (id <= 5029380))

table 2 : explain SELECT DISTINCT c FROM sbtest2 WHERE id BETWEEN 5997095 AND 5997194 ORDER BY c
	Unique  (cost=423.40..423.93 rows=105 width=121)
	  ->  Sort  (cost=423.40..423.66 rows=105 width=121)
	        Sort Key: c
	        ->  Index Scan using sbtest2_pkey on sbtest2  (cost=0.43..419.88 rows=105 width=121)
	              Index Cond: ((id >= 5997095) AND (id <= 5997194))

table 3 : explain SELECT DISTINCT c FROM sbtest3 WHERE id BETWEEN 6536261 AND 6536360 ORDER BY c
	Unique  (cost=407.61..408.11 rows=101 width=121)
	  ->  Sort  (cost=407.61..407.86 rows=101 width=121)
	        Sort Key: c
	        ->  Index Scan using sbtest3_pkey on sbtest3  (cost=0.43..404.24 rows=101 width=121)
	              Index Cond: ((id >= 6536261) AND (id <= 6536360))

table 4 : explain SELECT DISTINCT c FROM sbtest4 WHERE id BETWEEN 1240551 AND 1240650 ORDER BY c
	Unique  (cost=447.10..447.66 rows=111 width=121)
	  ->  Sort  (cost=447.10..447.38 rows=111 width=121)
	        Sort Key: c
	        ->  Index Scan using sbtest4_pkey on sbtest4  (cost=0.43..443.33 rows=111 width=121)
	              Index Cond: ((id >= 1240551) AND (id <= 1240650))

table 5 : explain SELECT DISTINCT c FROM sbtest5 WHERE id BETWEEN 9501185 AND 9501284 ORDER BY c
	Unique  (cost=425.61..426.14 rows=106 width=121)
	  ->  Sort  (cost=425.61..425.87 rows=106 width=121)
	        Sort Key: c
	        ->  Index Scan using sbtest5_pkey on sbtest5  (cost=0.43..422.04 rows=106 width=121)
	              Index Cond: ((id >= 9501185) AND (id <= 9501284))

table 6 : explain SELECT DISTINCT c FROM sbtest6 WHERE id BETWEEN 6248770 AND 6248869 ORDER BY c
	Unique  (cost=390.88..391.36 rows=97 width=121)
	  ->  Sort  (cost=390.88..391.12 rows=97 width=121)
	        Sort Key: c
	        ->  Index Scan using sbtest6_pkey on sbtest6  (cost=0.43..387.67 rows=97 width=121)
	              Index Cond: ((id >= 6248770) AND (id <= 6248869))

table 7 : explain SELECT DISTINCT c FROM sbtest7 WHERE id BETWEEN 1809333 AND 1809432 ORDER BY c
	Unique  (cost=387.69..388.17 rows=96 width=121)
	  ->  Sort  (cost=387.69..387.93 rows=96 width=121)
	        Sort Key: c
	        ->  Index Scan using sbtest7_pkey on sbtest7  (cost=0.43..384.53 rows=96 width=121)
	              Index Cond: ((id >= 1809333) AND (id <= 1809432))

table 8 : explain SELECT DISTINCT c FROM sbtest8 WHERE id BETWEEN 7597209 AND 7597308 ORDER BY c
	Unique  (cost=414.16..414.68 rows=103 width=121)
	  ->  Sort  (cost=414.16..414.42 rows=103 width=121)
	        Sort Key: c
	        ->  Index Scan using sbtest8_pkey on sbtest8  (cost=0.43..410.72 rows=103 width=121)
	              Index Cond: ((id >= 7597209) AND (id <= 7597308))

for: distinct_ranges
table 1 : explain SELECT DISTINCT c FROM sbtest1 WHERE id BETWEEN 2019669 AND 2019768 ORDER BY c
	Unique  (cost=399.58..400.07 rows=99 width=121)
	  ->  Sort  (cost=399.58..399.82 rows=99 width=121)
	        Sort Key: c
	        ->  Index Scan using sbtest1_pkey on sbtest1  (cost=0.43..396.29 rows=99 width=121)
	              Index Cond: ((id >= 2019669) AND (id <= 2019768))

table 2 : explain SELECT DISTINCT c FROM sbtest2 WHERE id BETWEEN 1676180 AND 1676279 ORDER BY c
	Unique  (cost=403.40..403.90 rows=100 width=121)
	  ->  Sort  (cost=403.40..403.65 rows=100 width=121)
	        Sort Key: c
	        ->  Index Scan using sbtest2_pkey on sbtest2  (cost=0.43..400.08 rows=100 width=121)
	              Index Cond: ((id >= 1676180) AND (id <= 1676279))

table 3 : explain SELECT DISTINCT c FROM sbtest3 WHERE id BETWEEN 3851716 AND 3851815 ORDER BY c
	Unique  (cost=383.61..384.08 rows=95 width=121)
	  ->  Sort  (cost=383.61..383.84 rows=95 width=121)
	        Sort Key: c
	        ->  Index Scan using sbtest3_pkey on sbtest3  (cost=0.43..380.48 rows=95 width=121)
	              Index Cond: ((id >= 3851716) AND (id <= 3851815))

table 4 : explain SELECT DISTINCT c FROM sbtest4 WHERE id BETWEEN 9177674 AND 9177773 ORDER BY c
	Unique  (cost=411.16..411.67 rows=102 width=121)
	  ->  Sort  (cost=411.16..411.41 rows=102 width=121)
	        Sort Key: c
	        ->  Index Scan using sbtest4_pkey on sbtest4  (cost=0.43..407.75 rows=102 width=121)
	              Index Cond: ((id >= 9177674) AND (id <= 9177773))

table 5 : explain SELECT DISTINCT c FROM sbtest5 WHERE id BETWEEN 462220 AND 462319 ORDER BY c
	Unique  (cost=389.78..390.26 rows=97 width=121)
	  ->  Sort  (cost=389.78..390.02 rows=97 width=121)
	        Sort Key: c
	        ->  Index Scan using sbtest5_pkey on sbtest5  (cost=0.43..386.58 rows=97 width=121)
	              Index Cond: ((id >= 462220) AND (id <= 462319))

table 6 : explain SELECT DISTINCT c FROM sbtest6 WHERE id BETWEEN 825738 AND 825837 ORDER BY c
	Unique  (cost=378.91..379.38 rows=94 width=121)
	  ->  Sort  (cost=378.91..379.14 rows=94 width=121)
	        Sort Key: c
	        ->  Index Scan using sbtest6_pkey on sbtest6  (cost=0.43..375.82 rows=94 width=121)
	              Index Cond: ((id >= 825738) AND (id <= 825837))

table 7 : explain SELECT DISTINCT c FROM sbtest7 WHERE id BETWEEN 1131289 AND 1131388 ORDER BY c
	Unique  (cost=383.69..384.17 rows=95 width=121)
	  ->  Sort  (cost=383.69..383.93 rows=95 width=121)
	        Sort Key: c
	        ->  Index Scan using sbtest7_pkey on sbtest7  (cost=0.43..380.57 rows=95 width=121)
	              Index Cond: ((id >= 1131289) AND (id <= 1131388))

table 8 : explain SELECT DISTINCT c FROM sbtest8 WHERE id BETWEEN 1750848 AND 1750947 ORDER BY c
	Unique  (cost=426.11..426.64 rows=106 width=121)
	  ->  Sort  (cost=426.11..426.38 rows=106 width=121)
	        Sort Key: c
	        ->  Index Scan using sbtest8_pkey on sbtest8  (cost=0.43..422.55 rows=106 width=121)
	              Index Cond: ((id >= 1750848) AND (id <= 1750947))

for: distinct_ranges
table 1 : explain SELECT DISTINCT c FROM sbtest1 WHERE id BETWEEN 8371205 AND 8371304 ORDER BY c
	Unique  (cost=379.59..380.06 rows=94 width=121)
	  ->  Sort  (cost=379.59..379.82 rows=94 width=121)
	        Sort Key: c
	        ->  Index Scan using sbtest1_pkey on sbtest1  (cost=0.43..376.51 rows=94 width=121)
	              Index Cond: ((id >= 8371205) AND (id <= 8371304))

table 2 : explain SELECT DISTINCT c FROM sbtest2 WHERE id BETWEEN 6338121 AND 6338220 ORDER BY c
	Unique  (cost=427.40..427.93 rows=106 width=121)
	  ->  Sort  (cost=427.40..427.66 rows=106 width=121)
	        Sort Key: c
	        ->  Index Scan using sbtest2_pkey on sbtest2  (cost=0.43..423.83 rows=106 width=121)
	              Index Cond: ((id >= 6338121) AND (id <= 6338220))

table 3 : explain SELECT DISTINCT c FROM sbtest3 WHERE id BETWEEN 8130653 AND 8130752 ORDER BY c
	Unique  (cost=431.60..432.13 rows=107 width=121)
	  ->  Sort  (cost=431.60..431.86 rows=107 width=121)
	        Sort Key: c
	        ->  Index Scan using sbtest3_pkey on sbtest3  (cost=0.43..427.99 rows=107 width=121)
	              Index Cond: ((id >= 8130653) AND (id <= 8130752))

table 4 : explain SELECT DISTINCT c FROM sbtest4 WHERE id BETWEEN 3697753 AND 3697852 ORDER BY c
	Unique  (cost=399.16..399.65 rows=99 width=121)
	  ->  Sort  (cost=399.16..399.41 rows=99 width=121)
	        Sort Key: c
	        ->  Index Scan using sbtest4_pkey on sbtest4  (cost=0.43..395.88 rows=99 width=121)
	              Index Cond: ((id >= 3697753) AND (id <= 3697852))

table 5 : explain SELECT DISTINCT c FROM sbtest5 WHERE id BETWEEN 128265 AND 128364 ORDER BY c
	Unique  (cost=409.69..410.20 rows=102 width=121)
	  ->  Sort  (cost=409.69..409.95 rows=102 width=121)
	        Sort Key: c
	        ->  Index Scan using sbtest5_pkey on sbtest5  (cost=0.43..406.29 rows=102 width=121)
	              Index Cond: ((id >= 128265) AND (id <= 128364))

table 6 : explain SELECT DISTINCT c FROM sbtest6 WHERE id BETWEEN 8701214 AND 8701313 ORDER BY c
	Unique  (cost=410.84..411.35 rows=102 width=121)
	  ->  Sort  (cost=410.84..411.10 rows=102 width=121)
	        Sort Key: c
	        ->  Index Scan using sbtest6_pkey on sbtest6  (cost=0.43..407.44 rows=102 width=121)
	              Index Cond: ((id >= 8701214) AND (id <= 8701313))

table 7 : explain SELECT DISTINCT c FROM sbtest7 WHERE id BETWEEN 7031167 AND 7031266 ORDER BY c
	Unique  (cost=391.69..392.17 rows=97 width=121)
	  ->  Sort  (cost=391.69..391.93 rows=97 width=121)
	        Sort Key: c
	        ->  Index Scan using sbtest7_pkey on sbtest7  (cost=0.43..388.49 rows=97 width=121)
	              Index Cond: ((id >= 7031167) AND (id <= 7031266))

table 8 : explain SELECT DISTINCT c FROM sbtest8 WHERE id BETWEEN 5928661 AND 5928760 ORDER BY c
	Unique  (cost=386.26..386.74 rows=96 width=121)
	  ->  Sort  (cost=386.26..386.50 rows=96 width=121)
	        Sort Key: c
	        ->  Index Scan using sbtest8_pkey on sbtest8  (cost=0.43..383.10 rows=96 width=121)
	              Index Cond: ((id >= 5928661) AND (id <= 5928760))

for: distinct_ranges
table 1 : explain SELECT DISTINCT c FROM sbtest1 WHERE id BETWEEN 8189524 AND 8189623 ORDER BY c
	Unique  (cost=371.59..372.05 rows=92 width=121)
	  ->  Sort  (cost=371.59..371.82 rows=92 width=121)
	        Sort Key: c
	        ->  Index Scan using sbtest1_pkey on sbtest1  (cost=0.43..368.59 rows=92 width=121)
	              Index Cond: ((id >= 8189524) AND (id <= 8189623))

table 2 : explain SELECT DISTINCT c FROM sbtest2 WHERE id BETWEEN 3232714 AND 3232813 ORDER BY c
	Unique  (cost=403.40..403.90 rows=100 width=121)
	  ->  Sort  (cost=403.40..403.65 rows=100 width=121)
	        Sort Key: c
	        ->  Index Scan using sbtest2_pkey on sbtest2  (cost=0.43..400.08 rows=100 width=121)
	              Index Cond: ((id >= 3232714) AND (id <= 3232813))

table 3 : explain SELECT DISTINCT c FROM sbtest3 WHERE id BETWEEN 4991303 AND 4991402 ORDER BY c
	Unique  (cost=411.61..412.12 rows=102 width=121)
	  ->  Sort  (cost=411.61..411.86 rows=102 width=121)
	        Sort Key: c
	        ->  Index Scan using sbtest3_pkey on sbtest3  (cost=0.43..408.20 rows=102 width=121)
	              Index Cond: ((id >= 4991303) AND (id <= 4991402))

table 4 : explain SELECT DISTINCT c FROM sbtest4 WHERE id BETWEEN 5090526 AND 5090625 ORDER BY c
	Unique  (cost=431.13..431.66 rows=107 width=121)
	  ->  Sort  (cost=431.13..431.39 rows=107 width=121)
	        Sort Key: c
	        ->  Index Scan using sbtest4_pkey on sbtest4  (cost=0.43..427.52 rows=107 width=121)
	              Index Cond: ((id >= 5090526) AND (id <= 5090625))

table 5 : explain SELECT DISTINCT c FROM sbtest5 WHERE id BETWEEN 2183526 AND 2183625 ORDER BY c
	Unique  (cost=401.73..402.23 rows=100 width=121)
	  ->  Sort  (cost=401.73..401.98 rows=100 width=121)
	        Sort Key: c
	        ->  Index Scan using sbtest5_pkey on sbtest5  (cost=0.43..398.41 rows=100 width=121)
	              Index Cond: ((id >= 2183526) AND (id <= 2183625))

table 6 : explain SELECT DISTINCT c FROM sbtest6 WHERE id BETWEEN 1488861 AND 1488960 ORDER BY c
	Unique  (cost=402.86..403.36 rows=100 width=121)
	  ->  Sort  (cost=402.86..403.11 rows=100 width=121)
	        Sort Key: c
	        ->  Index Scan using sbtest6_pkey on sbtest6  (cost=0.43..399.54 rows=100 width=121)
	              Index Cond: ((id >= 1488861) AND (id <= 1488960))

table 7 : explain SELECT DISTINCT c FROM sbtest7 WHERE id BETWEEN 1257419 AND 1257518 ORDER BY c
	Unique  (cost=375.69..376.16 rows=93 width=121)
	  ->  Sort  (cost=375.69..375.93 rows=93 width=121)
	        Sort Key: c
	        ->  Index Scan using sbtest7_pkey on sbtest7  (cost=0.43..372.65 rows=93 width=121)
	              Index Cond: ((id >= 1257419) AND (id <= 1257518))

table 8 : explain SELECT DISTINCT c FROM sbtest8 WHERE id BETWEEN 1128076 AND 1128175 ORDER BY c
	Unique  (cost=382.27..382.75 rows=95 width=121)
	  ->  Sort  (cost=382.27..382.51 rows=95 width=121)
	        Sort Key: c
	        ->  Index Scan using sbtest8_pkey on sbtest8  (cost=0.43..379.15 rows=95 width=121)
	              Index Cond: ((id >= 1128076) AND (id <= 1128175))

for: distinct_ranges
table 1 : explain SELECT DISTINCT c FROM sbtest1 WHERE id BETWEEN 9587292 AND 9587391 ORDER BY c
	Unique  (cost=367.60..368.05 rows=91 width=121)
	  ->  Sort  (cost=367.60..367.83 rows=91 width=121)
	        Sort Key: c
	        ->  Index Scan using sbtest1_pkey on sbtest1  (cost=0.43..364.64 rows=91 width=121)
	              Index Cond: ((id >= 9587292) AND (id <= 9587391))

table 2 : explain SELECT DISTINCT c FROM sbtest2 WHERE id BETWEEN 8637340 AND 8637439 ORDER BY c
	Unique  (cost=399.41..399.90 rows=99 width=121)
	  ->  Sort  (cost=399.41..399.66 rows=99 width=121)
	        Sort Key: c
	        ->  Index Scan using sbtest2_pkey on sbtest2  (cost=0.43..396.13 rows=99 width=121)
	              Index Cond: ((id >= 8637340) AND (id <= 8637439))

table 3 : explain SELECT DISTINCT c FROM sbtest3 WHERE id BETWEEN 357515 AND 357614 ORDER BY c
	Unique  (cost=379.61..380.08 rows=94 width=121)
	  ->  Sort  (cost=379.61..379.84 rows=94 width=121)
	        Sort Key: c
	        ->  Index Scan using sbtest3_pkey on sbtest3  (cost=0.43..376.53 rows=94 width=121)
	              Index Cond: ((id >= 357515) AND (id <= 357614))

table 4 : explain SELECT DISTINCT c FROM sbtest4 WHERE id BETWEEN 3336085 AND 3336184 ORDER BY c
	Unique  (cost=359.23..359.68 rows=89 width=121)
	  ->  Sort  (cost=359.23..359.45 rows=89 width=121)
	        Sort Key: c
	        ->  Index Scan using sbtest4_pkey on sbtest4  (cost=0.43..356.35 rows=89 width=121)
	              Index Cond: ((id >= 3336085) AND (id <= 3336184))

table 5 : explain SELECT DISTINCT c FROM sbtest5 WHERE id BETWEEN 9626149 AND 9626248 ORDER BY c
	Unique  (cost=373.86..374.33 rows=93 width=121)
	  ->  Sort  (cost=373.86..374.10 rows=93 width=121)
	        Sort Key: c
	        ->  Index Scan using sbtest5_pkey on sbtest5  (cost=0.43..370.82 rows=93 width=121)
	              Index Cond: ((id >= 9626149) AND (id <= 9626248))

table 6 : explain SELECT DISTINCT c FROM sbtest6 WHERE id BETWEEN 9238120 AND 9238219 ORDER BY c
	Unique  (cost=410.84..411.35 rows=102 width=121)
	  ->  Sort  (cost=410.84..411.10 rows=102 width=121)
	        Sort Key: c
	        ->  Index Scan using sbtest6_pkey on sbtest6  (cost=0.43..407.44 rows=102 width=121)
	              Index Cond: ((id >= 9238120) AND (id <= 9238219))

table 7 : explain SELECT DISTINCT c FROM sbtest7 WHERE id BETWEEN 5147955 AND 5148054 ORDER BY c
	Unique  (cost=399.70..400.20 rows=99 width=121)
	  ->  Sort  (cost=399.70..399.95 rows=99 width=121)
	        Sort Key: c
	        ->  Index Scan using sbtest7_pkey on sbtest7  (cost=0.43..396.42 rows=99 width=121)
	              Index Cond: ((id >= 5147955) AND (id <= 5148054))

table 8 : explain SELECT DISTINCT c FROM sbtest8 WHERE id BETWEEN 7602412 AND 7602511 ORDER BY c
	Unique  (cost=414.16..414.68 rows=103 width=121)
	  ->  Sort  (cost=414.16..414.42 rows=103 width=121)
	        Sort Key: c
	        ->  Index Scan using sbtest8_pkey on sbtest8  (cost=0.43..410.72 rows=103 width=121)
	              Index Cond: ((id >= 7602412) AND (id <= 7602511))

for: distinct_ranges
table 1 : explain SELECT DISTINCT c FROM sbtest1 WHERE id BETWEEN 697059 AND 697158 ORDER BY c
	Unique  (cost=423.58..424.10 rows=105 width=121)
	  ->  Sort  (cost=423.58..423.84 rows=105 width=121)
	        Sort Key: c
	        ->  Index Scan using sbtest1_pkey on sbtest1  (cost=0.43..420.05 rows=105 width=121)
	              Index Cond: ((id >= 697059) AND (id <= 697158))

table 2 : explain SELECT DISTINCT c FROM sbtest2 WHERE id BETWEEN 2812415 AND 2812514 ORDER BY c
	Unique  (cost=363.45..363.90 rows=90 width=121)
	  ->  Sort  (cost=363.45..363.67 rows=90 width=121)
	        Sort Key: c
	        ->  Index Scan using sbtest2_pkey on sbtest2  (cost=0.43..360.53 rows=90 width=121)
	              Index Cond: ((id >= 2812415) AND (id <= 2812514))

table 3 : explain SELECT DISTINCT c FROM sbtest3 WHERE id BETWEEN 5923886 AND 5923985 ORDER BY c
	Unique  (cost=399.60..400.09 rows=99 width=121)
	  ->  Sort  (cost=399.60..399.84 rows=99 width=121)
	        Sort Key: c
	        ->  Index Scan using sbtest3_pkey on sbtest3  (cost=0.43..396.31 rows=99 width=121)
	              Index Cond: ((id >= 5923886) AND (id <= 5923985))

table 4 : explain SELECT DISTINCT c FROM sbtest4 WHERE id BETWEEN 8765282 AND 8765381 ORDER BY c
	Unique  (cost=407.16..407.67 rows=101 width=121)
	  ->  Sort  (cost=407.16..407.42 rows=101 width=121)
	        Sort Key: c
	        ->  Index Scan using sbtest4_pkey on sbtest4  (cost=0.43..403.80 rows=101 width=121)
	              Index Cond: ((id >= 8765282) AND (id <= 8765381))

table 5 : explain SELECT DISTINCT c FROM sbtest5 WHERE id BETWEEN 4202483 AND 4202582 ORDER BY c
	Unique  (cost=381.82..382.29 rows=95 width=121)
	  ->  Sort  (cost=381.82..382.06 rows=95 width=121)
	        Sort Key: c
	        ->  Index Scan using sbtest5_pkey on sbtest5  (cost=0.43..378.70 rows=95 width=121)
	              Index Cond: ((id >= 4202483) AND (id <= 4202582))

table 6 : explain SELECT DISTINCT c FROM sbtest6 WHERE id BETWEEN 9062774 AND 9062873 ORDER BY c
	Unique  (cost=410.84..411.35 rows=102 width=121)
	  ->  Sort  (cost=410.84..411.10 rows=102 width=121)
	        Sort Key: c
	        ->  Index Scan using sbtest6_pkey on sbtest6  (cost=0.43..407.44 rows=102 width=121)
	              Index Cond: ((id >= 9062774) AND (id <= 9062873))

table 7 : explain SELECT DISTINCT c FROM sbtest7 WHERE id BETWEEN 2133833 AND 2133932 ORDER BY c
	Unique  (cost=443.69..444.24 rows=110 width=121)
	  ->  Sort  (cost=443.69..443.97 rows=110 width=121)
	        Sort Key: c
	        ->  Index Scan using sbtest7_pkey on sbtest7  (cost=0.43..439.96 rows=110 width=121)
	              Index Cond: ((id >= 2133833) AND (id <= 2133932))

table 8 : explain SELECT DISTINCT c FROM sbtest8 WHERE id BETWEEN 4086049 AND 4086148 ORDER BY c
	Unique  (cost=382.27..382.75 rows=95 width=121)
	  ->  Sort  (cost=382.27..382.51 rows=95 width=121)
	        Sort Key: c
	        ->  Index Scan using sbtest8_pkey on sbtest8  (cost=0.43..379.15 rows=95 width=121)
	              Index Cond: ((id >= 4086049) AND (id <= 4086148))

for: distinct_ranges
table 1 : explain SELECT DISTINCT c FROM sbtest1 WHERE id BETWEEN 2933473 AND 2933572 ORDER BY c
	Unique  (cost=403.57..404.07 rows=100 width=121)
	  ->  Sort  (cost=403.57..403.82 rows=100 width=121)
	        Sort Key: c
	        ->  Index Scan using sbtest1_pkey on sbtest1  (cost=0.43..400.25 rows=100 width=121)
	              Index Cond: ((id >= 2933473) AND (id <= 2933572))

table 2 : explain SELECT DISTINCT c FROM sbtest2 WHERE id BETWEEN 8047216 AND 8047315 ORDER BY c
	Unique  (cost=403.40..403.90 rows=100 width=121)
	  ->  Sort  (cost=403.40..403.65 rows=100 width=121)
	        Sort Key: c
	        ->  Index Scan using sbtest2_pkey on sbtest2  (cost=0.43..400.08 rows=100 width=121)
	              Index Cond: ((id >= 8047216) AND (id <= 8047315))

table 3 : explain SELECT DISTINCT c FROM sbtest3 WHERE id BETWEEN 990410 AND 990509 ORDER BY c
	Unique  (cost=403.61..404.11 rows=100 width=121)
	  ->  Sort  (cost=403.61..403.86 rows=100 width=121)
	        Sort Key: c
	        ->  Index Scan using sbtest3_pkey on sbtest3  (cost=0.43..400.29 rows=100 width=121)
	              Index Cond: ((id >= 990410) AND (id <= 990509))

table 4 : explain SELECT DISTINCT c FROM sbtest4 WHERE id BETWEEN 7736639 AND 7736738 ORDER BY c
	Unique  (cost=363.22..363.67 rows=90 width=121)
	  ->  Sort  (cost=363.22..363.45 rows=90 width=121)
	        Sort Key: c
	        ->  Index Scan using sbtest4_pkey on sbtest4  (cost=0.43..360.30 rows=90 width=121)
	              Index Cond: ((id >= 7736639) AND (id <= 7736738))

table 5 : explain SELECT DISTINCT c FROM sbtest5 WHERE id BETWEEN 9388052 AND 9388151 ORDER BY c
	Unique  (cost=365.91..366.36 rows=91 width=121)
	  ->  Sort  (cost=365.91..366.13 rows=91 width=121)
	        Sort Key: c
	        ->  Index Scan using sbtest5_pkey on sbtest5  (cost=0.43..362.95 rows=91 width=121)
	              Index Cond: ((id >= 9388052) AND (id <= 9388151))

table 6 : explain SELECT DISTINCT c FROM sbtest6 WHERE id BETWEEN 4059859 AND 4059958 ORDER BY c
	Unique  (cost=394.87..395.36 rows=98 width=121)
	  ->  Sort  (cost=394.87..395.11 rows=98 width=121)
	        Sort Key: c
	        ->  Index Scan using sbtest6_pkey on sbtest6  (cost=0.43..391.62 rows=98 width=121)
	              Index Cond: ((id >= 4059859) AND (id <= 4059958))

table 7 : explain SELECT DISTINCT c FROM sbtest7 WHERE id BETWEEN 1435789 AND 1435888 ORDER BY c
	Unique  (cost=379.69..380.16 rows=94 width=121)
	  ->  Sort  (cost=379.69..379.93 rows=94 width=121)
	        Sort Key: c
	        ->  Index Scan using sbtest7_pkey on sbtest7  (cost=0.43..376.61 rows=94 width=121)
	              Index Cond: ((id >= 1435789) AND (id <= 1435888))

table 8 : explain SELECT DISTINCT c FROM sbtest8 WHERE id BETWEEN 8407800 AND 8407899 ORDER BY c
	Unique  (cost=338.46..338.88 rows=84 width=121)
	  ->  Sort  (cost=338.46..338.67 rows=84 width=121)
	        Sort Key: c
	        ->  Index Scan using sbtest8_pkey on sbtest8  (cost=0.43..335.78 rows=84 width=121)
	              Index Cond: ((id >= 8407800) AND (id <= 8407899))

Threads started!

Warming up for 5 seconds...

SQL statistics:
    queries performed:
        read:                            266323533
        write:                           0
        other:                           38046236
        total:                           304369769
    transactions:                        19023138 (30195.11 per sec.)
    queries:                             304369769 (483121.02 per sec.)
    ignored errors:                      0      (0.00 per sec.)
    reconnects:                          0      (0.00 per sec.)

Throughput:
    events/s (eps):                      30195.1072
    time elapsed:                        630.0074s
    total number of events:              19023138

Latency (ms):
         min:                                    1.06
         avg:                                    1.32
         max:                                  418.21
         95th percentile:                        1.37
         sum:                             25154698.84

Threads fairness:
    events (avg/stddev):           475115.2250/1200.56
    execution time (avg/stddev):   628.8675/0.01

