LUA_PATH=/home/mdcallag/git/mytools/bench/sysbench.lua/lua/?.lua /home/mdcallag/git/mytools/bench/sysbench.lua/lua/sysbench --db-driver=pgsql --range-size=100 --table-size=10000000 --tables=8 --threads=40 --events=0 --warmup-time=5 --time=930 --pgsql_conn_id=true /home/mdcallag/git/mytools/bench/sysbench.lua/lua/oltp_read_write.lua run --pgsql-user=root --pgsql-password=pw --pgsql-host=127.0.0.1 --pgsql-db=ib --rand-type=uniform
48 CPUs
sysbench 1.1.0-9072687 (using bundled LuaJIT 2.1.0-beta3)

Running the test with following options:
Number of threads: 40
Warmup time: 5s
Initializing random number generator from current time


Initializing worker threads...

explain: for point_selects :: explain SELECT c FROM sbtest%u WHERE id=%u
explain: for point_selects :: explain SELECT c FROM sbtest%u WHERE id=%u
explain: for point_selects :: explain SELECT c FROM sbtest%u WHERE id=%u
explain: for point_selects :: explain SELECT c FROM sbtest%u WHERE id=%u
explain: for point_selects :: explain SELECT c FROM sbtest%u WHERE id=%u
for point_selects
table 1 : explain SELECT c FROM sbtest1 WHERE id=7371291
	Index Scan using sbtest1_pkey on sbtest1  (cost=0.43..8.45 rows=1 width=121)
	  Index Cond: (id = 7371291)

table 2 : explain SELECT c FROM sbtest2 WHERE id=2083044
	Index Scan using sbtest2_pkey on sbtest2  (cost=0.43..8.45 rows=1 width=121)
	  Index Cond: (id = 2083044)

table 3 : explain SELECT c FROM sbtest3 WHERE id=1067131
	Index Scan using sbtest3_pkey on sbtest3  (cost=0.43..8.45 rows=1 width=121)
	  Index Cond: (id = 1067131)

table 4 : explain SELECT c FROM sbtest4 WHERE id=9743035
	Index Scan using sbtest4_pkey on sbtest4  (cost=0.43..8.45 rows=1 width=121)
	  Index Cond: (id = 9743035)

table 5 : explain SELECT c FROM sbtest5 WHERE id=7626808
	Index Scan using sbtest5_pkey on sbtest5  (cost=0.43..8.45 rows=1 width=121)
	  Index Cond: (id = 7626808)

table 6 : explain SELECT c FROM sbtest6 WHERE id=420317
	Index Scan using sbtest6_pkey on sbtest6  (cost=0.43..8.45 rows=1 width=121)
	  Index Cond: (id = 420317)

table 7 : explain SELECT c FROM sbtest7 WHERE id=5725419
	Index Scan using sbtest7_pkey on sbtest7  (cost=0.43..8.45 rows=1 width=121)
	  Index Cond: (id = 5725419)

table 8 : explain SELECT c FROM sbtest8 WHERE id=9818737
	Index Scan using sbtest8_pkey on sbtest8  (cost=0.43..8.45 rows=1 width=121)
	  Index Cond: (id = 9818737)

for point_selects
table 1 : explain SELECT c FROM sbtest1 WHERE id=7440138
	Index Scan using sbtest1_pkey on sbtest1  (cost=0.43..8.45 rows=1 width=121)
	  Index Cond: (id = 7440138)

table 2 : explain SELECT c FROM sbtest2 WHERE id=587897
	Index Scan using sbtest2_pkey on sbtest2  (cost=0.43..8.45 rows=1 width=121)
	  Index Cond: (id = 587897)

table 3 : explain SELECT c FROM sbtest3 WHERE id=7100793
	Index Scan using sbtest3_pkey on sbtest3  (cost=0.43..8.45 rows=1 width=121)
	  Index Cond: (id = 7100793)

table 4 : explain SELECT c FROM sbtest4 WHERE id=3058679
	Index Scan using sbtest4_pkey on sbtest4  (cost=0.43..8.45 rows=1 width=121)
	  Index Cond: (id = 3058679)

table 5 : explain SELECT c FROM sbtest5 WHERE id=8296969
	Index Scan using sbtest5_pkey on sbtest5  (cost=0.43..8.45 rows=1 width=121)
	  Index Cond: (id = 8296969)

table 6 : explain SELECT c FROM sbtest6 WHERE id=8776077
	Index Scan using sbtest6_pkey on sbtest6  (cost=0.43..8.45 rows=1 width=121)
	  Index Cond: (id = 8776077)

table 7 : explain SELECT c FROM sbtest7 WHERE id=9417640
	Index Scan using sbtest7_pkey on sbtest7  (cost=0.43..8.45 rows=1 width=121)
	  Index Cond: (id = 9417640)

table 8 : explain SELECT c FROM sbtest8 WHERE id=2765236
	Index Scan using sbtest8_pkey on sbtest8  (cost=0.43..8.45 rows=1 width=121)
	  Index Cond: (id = 2765236)

for point_selects
table 1 : explain SELECT c FROM sbtest1 WHERE id=6308863
	Index Scan using sbtest1_pkey on sbtest1  (cost=0.43..8.45 rows=1 width=121)
	  Index Cond: (id = 6308863)

table 2 : explain SELECT c FROM sbtest2 WHERE id=2176586
	Index Scan using sbtest2_pkey on sbtest2  (cost=0.43..8.45 rows=1 width=121)
	  Index Cond: (id = 2176586)

table 3 : explain SELECT c FROM sbtest3 WHERE id=628435
	Index Scan using sbtest3_pkey on sbtest3  (cost=0.43..8.45 rows=1 width=121)
	  Index Cond: (id = 628435)

table 4 : explain SELECT c FROM sbtest4 WHERE id=7066636
	Index Scan using sbtest4_pkey on sbtest4  (cost=0.43..8.45 rows=1 width=121)
	  Index Cond: (id = 7066636)

table 5 : explain SELECT c FROM sbtest5 WHERE id=7830145
	Index Scan using sbtest5_pkey on sbtest5  (cost=0.43..8.45 rows=1 width=121)
	  Index Cond: (id = 7830145)

table 6 : explain SELECT c FROM sbtest6 WHERE id=7990413
	Index Scan using sbtest6_pkey on sbtest6  (cost=0.43..8.45 rows=1 width=121)
	  Index Cond: (id = 7990413)

table 7 : explain SELECT c FROM sbtest7 WHERE id=9616328
	Index Scan using sbtest7_pkey on sbtest7  (cost=0.43..8.45 rows=1 width=121)
	  Index Cond: (id = 9616328)

table 8 : explain SELECT c FROM sbtest8 WHERE id=4512428
	Index Scan using sbtest8_pkey on sbtest8  (cost=0.43..8.45 rows=1 width=121)
	  Index Cond: (id = 4512428)

for point_selects
table 1 : explain SELECT c FROM sbtest1 WHERE id=7064952
	Index Scan using sbtest1_pkey on sbtest1  (cost=0.43..8.45 rows=1 width=121)
	  Index Cond: (id = 7064952)

table 2 : explain SELECT c FROM sbtest2 WHERE id=727450
	Index Scan using sbtest2_pkey on sbtest2  (cost=0.43..8.45 rows=1 width=121)
	  Index Cond: (id = 727450)

table 3 : explain SELECT c FROM sbtest3 WHERE id=54187
	Index Scan using sbtest3_pkey on sbtest3  (cost=0.43..8.45 rows=1 width=121)
	  Index Cond: (id = 54187)

table 4 : explain SELECT c FROM sbtest4 WHERE id=1229768
	Index Scan using sbtest4_pkey on sbtest4  (cost=0.43..8.45 rows=1 width=121)
	  Index Cond: (id = 1229768)

table 5 : explain SELECT c FROM sbtest5 WHERE id=7673690
	Index Scan using sbtest5_pkey on sbtest5  (cost=0.43..8.45 rows=1 width=121)
	  Index Cond: (id = 7673690)

table 6 : explain SELECT c FROM sbtest6 WHERE id=6972579
	Index Scan using sbtest6_pkey on sbtest6  (cost=0.43..8.45 rows=1 width=121)
	  Index Cond: (id = 6972579)

table 7 : explain SELECT c FROM sbtest7 WHERE id=4135146
	Index Scan using sbtest7_pkey on sbtest7  (cost=0.43..8.45 rows=1 width=121)
	  Index Cond: (id = 4135146)

table 8 : explain SELECT c FROM sbtest8 WHERE id=302198
	Index Scan using sbtest8_pkey on sbtest8  (cost=0.43..8.45 rows=1 width=121)
	  Index Cond: (id = 302198)

for: simple_ranges
table 1 : explain SELECT c FROM sbtest1 WHERE id BETWEEN 2005614 AND 2005713
	Index Scan using sbtest1_pkey on sbtest1  (cost=0.43..389.49 rows=99 width=121)
	  Index Cond: ((id >= 2005614) AND (id <= 2005713))

table 2 : explain SELECT c FROM sbtest2 WHERE id BETWEEN 7968761 AND 7968860
	Index Scan using sbtest2_pkey on sbtest2  (cost=0.43..349.46 rows=89 width=121)
	  Index Cond: ((id >= 7968761) AND (id <= 7968860))

table 3 : explain SELECT c FROM sbtest3 WHERE id BETWEEN 7018870 AND 7018969
	Index Scan using sbtest3_pkey on sbtest3  (cost=0.43..369.63 rows=95 width=121)
	  Index Cond: ((id >= 7018870) AND (id <= 7018969))

table 4 : explain SELECT c FROM sbtest4 WHERE id BETWEEN 21812 AND 21911
	Index Scan using sbtest4_pkey on sbtest4  (cost=0.43..415.28 rows=106 width=121)
	  Index Cond: ((id >= 21812) AND (id <= 21911))

table 5 : explain SELECT c FROM sbtest5 WHERE id BETWEEN 2427086 AND 2427185
	Index Scan using sbtest5_pkey on sbtest5  (cost=0.43..393.19 rows=100 width=121)
	  Index Cond: ((id >= 2427086) AND (id <= 2427185))

table 6 : explain SELECT c FROM sbtest6 WHERE id BETWEEN 4583047 AND 4583146
	Index Scan using sbtest6_pkey on sbtest6  (cost=0.43..417.30 rows=107 width=121)
	  Index Cond: ((id >= 4583047) AND (id <= 4583146))

table 7 : explain SELECT c FROM sbtest7 WHERE id BETWEEN 9890611 AND 9890710
	Index Scan using sbtest7_pkey on sbtest7  (cost=0.43..400.29 rows=102 width=121)
	  Index Cond: ((id >= 9890611) AND (id <= 9890710))

table 8 : explain SELECT c FROM sbtest8 WHERE id BETWEEN 4195182 AND 4195281
	Index Scan using sbtest8_pkey on sbtest8  (cost=0.43..380.70 rows=97 width=121)
	  Index Cond: ((id >= 4195182) AND (id <= 4195281))

for point_selects
table 1 : explain SELECT c FROM sbtest1 WHERE id=6990113
	Index Scan using sbtest1_pkey on sbtest1  (cost=0.43..8.45 rows=1 width=121)
	  Index Cond: (id = 6990113)

table 2 : explain SELECT c FROM sbtest2 WHERE id=3379923
	Index Scan using sbtest2_pkey on sbtest2  (cost=0.43..8.45 rows=1 width=121)
	  Index Cond: (id = 3379923)

table 3 : explain SELECT c FROM sbtest3 WHERE id=6631621
	Index Scan using sbtest3_pkey on sbtest3  (cost=0.43..8.45 rows=1 width=121)
	  Index Cond: (id = 6631621)

table 4 : explain SELECT c FROM sbtest4 WHERE id=8691331
	Index Scan using sbtest4_pkey on sbtest4  (cost=0.43..8.45 rows=1 width=121)
	  Index Cond: (id = 8691331)

table 5 : explain SELECT c FROM sbtest5 WHERE id=873441
	Index Scan using sbtest5_pkey on sbtest5  (cost=0.43..8.45 rows=1 width=121)
	  Index Cond: (id = 873441)

table 6 : explain SELECT c FROM sbtest6 WHERE id=3512707
	Index Scan using sbtest6_pkey on sbtest6  (cost=0.43..8.45 rows=1 width=121)
	  Index Cond: (id = 3512707)

table 7 : explain SELECT c FROM sbtest7 WHERE id=6534941
	Index Scan using sbtest7_pkey on sbtest7  (cost=0.43..8.45 rows=1 width=121)
	  Index Cond: (id = 6534941)

table 8 : explain SELECT c FROM sbtest8 WHERE id=3874310
	Index Scan using sbtest8_pkey on sbtest8  (cost=0.43..8.45 rows=1 width=121)
	  Index Cond: (id = 3874310)

for: simple_ranges
table 1 : explain SELECT c FROM sbtest1 WHERE id BETWEEN 4274055 AND 4274154
	Index Scan using sbtest1_pkey on sbtest1  (cost=0.43..416.74 rows=106 width=121)
	  Index Cond: ((id >= 4274055) AND (id <= 4274154))

table 2 : explain SELECT c FROM sbtest2 WHERE id BETWEEN 1626796 AND 1626895
	Index Scan using sbtest2_pkey on sbtest2  (cost=0.43..395.99 rows=101 width=121)
	  Index Cond: ((id >= 1626796) AND (id <= 1626895))

table 3 : explain SELECT c FROM sbtest3 WHERE id BETWEEN 8150161 AND 8150260
	Index Scan using sbtest3_pkey on sbtest3  (cost=0.43..384.99 rows=99 width=121)
	  Index Cond: ((id >= 8150161) AND (id <= 8150260))

table 4 : explain SELECT c FROM sbtest4 WHERE id BETWEEN 2856394 AND 2856493
	Index Scan using sbtest4_pkey on sbtest4  (cost=0.43..407.54 rows=104 width=121)
	  Index Cond: ((id >= 2856394) AND (id <= 2856493))

table 5 : explain SELECT c FROM sbtest5 WHERE id BETWEEN 4423858 AND 4423957
	Index Scan using sbtest5_pkey on sbtest5  (cost=0.43..385.38 rows=98 width=121)
	  Index Cond: ((id >= 4423858) AND (id <= 4423957))

table 6 : explain SELECT c FROM sbtest6 WHERE id BETWEEN 914079 AND 914178
	Index Scan using sbtest6_pkey on sbtest6  (cost=0.43..405.73 rows=104 width=121)
	  Index Cond: ((id >= 914079) AND (id <= 914178))

table 7 : explain SELECT c FROM sbtest7 WHERE id BETWEEN 1617592 AND 1617691
	Index Scan using sbtest7_pkey on sbtest7  (cost=0.43..419.69 rows=107 width=121)
	  Index Cond: ((id >= 1617592) AND (id <= 1617691))

table 8 : explain SELECT c FROM sbtest8 WHERE id BETWEEN 2001238 AND 2001337
	Index Scan using sbtest8_pkey on sbtest8  (cost=0.43..396.24 rows=101 width=121)
	  Index Cond: ((id >= 2001238) AND (id <= 2001337))

explain: for point_selects :: explain SELECT c FROM sbtest%u WHERE id=%u
explain: for point_selects :: explain SELECT c FROM sbtest%u WHERE id=%u
for: simple_ranges
table 1 : explain SELECT c FROM sbtest1 WHERE id BETWEEN 6920210 AND 6920309
	Index Scan using sbtest1_pkey on sbtest1  (cost=0.43..416.74 rows=106 width=121)
	  Index Cond: ((id >= 6920210) AND (id <= 6920309))

table 2 : explain SELECT c FROM sbtest2 WHERE id BETWEEN 2945450 AND 2945549
	Index Scan using sbtest2_pkey on sbtest2  (cost=0.43..388.21 rows=99 width=121)
	  Index Cond: ((id >= 2945450) AND (id <= 2945549))

table 3 : explain SELECT c FROM sbtest3 WHERE id BETWEEN 7116261 AND 7116360
	Index Scan using sbtest3_pkey on sbtest3  (cost=0.43..442.66 rows=114 width=121)
	  Index Cond: ((id >= 7116261) AND (id <= 7116360))

table 4 : explain SELECT c FROM sbtest4 WHERE id BETWEEN 5718280 AND 5718379
	Index Scan using sbtest4_pkey on sbtest4  (cost=0.43..399.79 rows=102 width=121)
	  Index Cond: ((id >= 5718280) AND (id <= 5718379))

table 5 : explain SELECT c FROM sbtest5 WHERE id BETWEEN 5164514 AND 5164613
	Index Scan using sbtest5_pkey on sbtest5  (cost=0.43..404.84 rows=103 width=121)
	  Index Cond: ((id >= 5164514) AND (id <= 5164613))

table 6 : explain SELECT c FROM sbtest6 WHERE id BETWEEN 3781030 AND 3781129
	Index Scan using sbtest6_pkey on sbtest6  (cost=0.43..421.15 rows=108 width=121)
	  Index Cond: ((id >= 3781030) AND (id <= 3781129))

table 7 : explain SELECT c FROM sbtest7 WHERE id BETWEEN 3444078 AND 3444177
	Index Scan using sbtest7_pkey on sbtest7  (cost=0.43..384.74 rows=98 width=121)
	  Index Cond: ((id >= 3444078) AND (id <= 3444177))

table 8 : explain SELECT c FROM sbtest8 WHERE id BETWEEN 8508610 AND 8508709
	Index Scan using sbtest8_pkey on sbtest8  (cost=0.43..427.25 rows=109 width=121)
	  Index Cond: ((id >= 8508610) AND (id <= 8508709))

for: simple_ranges
table 1 : explain SELECT c FROM sbtest1 WHERE id BETWEEN 4843593 AND 4843692
	Index Scan using sbtest1_pkey on sbtest1  (cost=0.43..393.38 rows=100 width=121)
	  Index Cond: ((id >= 4843593) AND (id <= 4843692))

table 2 : explain SELECT c FROM sbtest2 WHERE id BETWEEN 5765712 AND 5765811
	Index Scan using sbtest2_pkey on sbtest2  (cost=0.43..407.61 rows=104 width=121)
	  Index Cond: ((id >= 5765712) AND (id <= 5765811))

table 3 : explain SELECT c FROM sbtest3 WHERE id BETWEEN 3964350 AND 3964449
	Index Scan using sbtest3_pkey on sbtest3  (cost=0.43..384.99 rows=99 width=121)
	  Index Cond: ((id >= 3964350) AND (id <= 3964449))

table 4 : explain SELECT c FROM sbtest4 WHERE id BETWEEN 5973491 AND 5973590
	Index Scan using sbtest4_pkey on sbtest4  (cost=0.43..392.01 rows=100 width=121)
	  Index Cond: ((id >= 5973491) AND (id <= 5973590))

table 5 : explain SELECT c FROM sbtest5 WHERE id BETWEEN 7384518 AND 7384617
	Index Scan using sbtest5_pkey on sbtest5  (cost=0.43..428.15 rows=109 width=121)
	  Index Cond: ((id >= 7384518) AND (id <= 7384617))

table 6 : explain SELECT c FROM sbtest6 WHERE id BETWEEN 4500391 AND 4500490
	Index Scan using sbtest6_pkey on sbtest6  (cost=0.43..390.27 rows=100 width=121)
	  Index Cond: ((id >= 4500391) AND (id <= 4500490))

table 7 : explain SELECT c FROM sbtest7 WHERE id BETWEEN 4910503 AND 4910602
	Index Scan using sbtest7_pkey on sbtest7  (cost=0.43..427.44 rows=109 width=121)
	  Index Cond: ((id >= 4910503) AND (id <= 4910602))

table 8 : explain SELECT c FROM sbtest8 WHERE id BETWEEN 6269988 AND 6270087
	Index Scan using sbtest8_pkey on sbtest8  (cost=0.43..403.99 rows=103 width=121)
	  Index Cond: ((id >= 6269988) AND (id <= 6270087))

for: sum_ranges
table 1 : explain SELECT SUM(k) FROM sbtest1 WHERE id BETWEEN 3605733 AND 3605832
	Aggregate  (cost=370.29..370.30 rows=1 width=8)
	  ->  Index Scan using sbtest1_pkey on sbtest1  (cost=0.43..370.05 rows=94 width=4)
	        Index Cond: ((id >= 3605733) AND (id <= 3605832))

table 2 : explain SELECT SUM(k) FROM sbtest2 WHERE id BETWEEN 5626038 AND 5626137
	Aggregate  (cost=376.82..376.83 rows=1 width=8)
	  ->  Index Scan using sbtest2_pkey on sbtest2  (cost=0.43..376.58 rows=96 width=4)
	        Index Cond: ((id >= 5626038) AND (id <= 5626137))

table 3 : explain SELECT SUM(k) FROM sbtest3 WHERE id BETWEEN 981853 AND 981952
	Aggregate  (cost=396.81..396.82 rows=1 width=8)
	  ->  Index Scan using sbtest3_pkey on sbtest3  (cost=0.43..396.56 rows=102 width=4)
	        Index Cond: ((id >= 981853) AND (id <= 981952))

table 4 : explain SELECT SUM(k) FROM sbtest4 WHERE id BETWEEN 6508415 AND 6508514
	Aggregate  (cost=419.42..419.43 rows=1 width=8)
	  ->  Index Scan using sbtest4_pkey on sbtest4  (cost=0.43..419.16 rows=107 width=4)
	        Index Cond: ((id >= 6508415) AND (id <= 6508514))

table 5 : explain SELECT SUM(k) FROM sbtest5 WHERE id BETWEEN 7008797 AND 7008896
	Aggregate  (cost=389.51..389.52 rows=1 width=8)
	  ->  Index Scan using sbtest5_pkey on sbtest5  (cost=0.43..389.27 rows=99 width=4)
	        Index Cond: ((id >= 7008797) AND (id <= 7008896))

table 6 : explain SELECT SUM(k) FROM sbtest6 WHERE id BETWEEN 974605 AND 974704
	Aggregate  (cost=405.99..406.00 rows=1 width=8)
	  ->  Index Scan using sbtest6_pkey on sbtest6  (cost=0.43..405.73 rows=104 width=4)
	        Index Cond: ((id >= 974605) AND (id <= 974704))

table 7 : explain SELECT SUM(k) FROM sbtest7 WHERE id BETWEEN 725559 AND 725658
	Aggregate  (cost=384.99..385.00 rows=1 width=8)
	  ->  Index Scan using sbtest7_pkey on sbtest7  (cost=0.43..384.74 rows=98 width=4)
	        Index Cond: ((id >= 725559) AND (id <= 725658))

table 8 : explain SELECT SUM(k) FROM sbtest8 WHERE id BETWEEN 6740944 AND 6741043
	Aggregate  (cost=384.82..384.83 rows=1 width=8)
	  ->  Index Scan using sbtest8_pkey on sbtest8  (cost=0.43..384.57 rows=98 width=4)
	        Index Cond: ((id >= 6740944) AND (id <= 6741043))

explain: for point_selects :: explain SELECT c FROM sbtest%u WHERE id=%u
for: simple_ranges
table 1 : explain SELECT c FROM sbtest1 WHERE id BETWEEN 7624465 AND 7624564
	Index Scan using sbtest1_pkey on sbtest1  (cost=0.43..370.05 rows=94 width=121)
	  Index Cond: ((id >= 7624465) AND (id <= 7624564))

table 2 : explain SELECT c FROM sbtest2 WHERE id BETWEEN 2473759 AND 2473858
	Index Scan using sbtest2_pkey on sbtest2  (cost=0.43..376.58 rows=96 width=121)
	  Index Cond: ((id >= 2473759) AND (id <= 2473858))

table 3 : explain SELECT c FROM sbtest3 WHERE id BETWEEN 4656623 AND 4656722
	Index Scan using sbtest3_pkey on sbtest3  (cost=0.43..377.31 rows=97 width=121)
	  Index Cond: ((id >= 4656623) AND (id <= 4656722))

table 4 : explain SELECT c FROM sbtest4 WHERE id BETWEEN 3585638 AND 3585737
	Index Scan using sbtest4_pkey on sbtest4  (cost=0.43..423.03 rows=108 width=121)
	  Index Cond: ((id >= 3585638) AND (id <= 3585737))

table 5 : explain SELECT c FROM sbtest5 WHERE id BETWEEN 8811017 AND 8811116
	Index Scan using sbtest5_pkey on sbtest5  (cost=0.43..420.38 rows=107 width=121)
	  Index Cond: ((id >= 8811017) AND (id <= 8811116))

table 6 : explain SELECT c FROM sbtest6 WHERE id BETWEEN 7744658 AND 7744757
	Index Scan using sbtest6_pkey on sbtest6  (cost=0.43..401.87 rows=103 width=121)
	  Index Cond: ((id >= 7744658) AND (id <= 7744757))

table 7 : explain SELECT c FROM sbtest7 WHERE id BETWEEN 1805695 AND 1805794
	Index Scan using sbtest7_pkey on sbtest7  (cost=0.43..419.69 rows=107 width=121)
	  Index Cond: ((id >= 1805695) AND (id <= 1805794))

table 8 : explain SELECT c FROM sbtest8 WHERE id BETWEEN 4631371 AND 4631470
	Index Scan using sbtest8_pkey on sbtest8  (cost=0.43..392.36 rows=100 width=121)
	  Index Cond: ((id >= 4631371) AND (id <= 4631470))

explain: for point_selects :: explain SELECT c FROM sbtest%u WHERE id=%u
for: sum_ranges
table 1 : explain SELECT SUM(k) FROM sbtest1 WHERE id BETWEEN 5706039 AND 5706138
	Aggregate  (cost=389.74..389.75 rows=1 width=8)
	  ->  Index Scan using sbtest1_pkey on sbtest1  (cost=0.43..389.49 rows=99 width=4)
	        Index Cond: ((id >= 5706039) AND (id <= 5706138))

table 2 : explain SELECT SUM(k) FROM sbtest2 WHERE id BETWEEN 7591155 AND 7591254
	Aggregate  (cost=384.58..384.59 rows=1 width=8)
	  ->  Index Scan using sbtest2_pkey on sbtest2  (cost=0.43..384.33 rows=98 width=4)
	        Index Cond: ((id >= 7591155) AND (id <= 7591254))

table 3 : explain SELECT SUM(k) FROM sbtest3 WHERE id BETWEEN 3961937 AND 3962036
	Aggregate  (cost=385.24..385.25 rows=1 width=8)
	  ->  Index Scan using sbtest3_pkey on sbtest3  (cost=0.43..384.99 rows=99 width=4)
	        Index Cond: ((id >= 3961937) AND (id <= 3962036))

table 4 : explain SELECT SUM(k) FROM sbtest4 WHERE id BETWEEN 1963665 AND 1963764
	Aggregate  (cost=400.04..400.05 rows=1 width=8)
	  ->  Index Scan using sbtest4_pkey on sbtest4  (cost=0.43..399.79 rows=102 width=4)
	        Index Cond: ((id >= 1963665) AND (id <= 1963764))

table 5 : explain SELECT SUM(k) FROM sbtest5 WHERE id BETWEEN 3304141 AND 3304240
	Aggregate  (cost=373.96..373.97 rows=1 width=8)
	  ->  Index Scan using sbtest5_pkey on sbtest5  (cost=0.43..373.73 rows=95 width=4)
	        Index Cond: ((id >= 3304141) AND (id <= 3304240))

table 6 : explain SELECT SUM(k) FROM sbtest6 WHERE id BETWEEN 6182988 AND 6183087
	Aggregate  (cost=433.00..433.01 rows=1 width=8)
	  ->  Index Scan using sbtest6_pkey on sbtest6  (cost=0.43..432.72 rows=111 width=4)
	        Index Cond: ((id >= 6182988) AND (id <= 6183087))

table 7 : explain SELECT SUM(k) FROM sbtest7 WHERE id BETWEEN 1981718 AND 1981817
	Aggregate  (cost=396.67..396.68 rows=1 width=8)
	  ->  Index Scan using sbtest7_pkey on sbtest7  (cost=0.43..396.41 rows=101 width=4)
	        Index Cond: ((id >= 1981718) AND (id <= 1981817))

table 8 : explain SELECT SUM(k) FROM sbtest8 WHERE id BETWEEN 6364723 AND 6364822
	Aggregate  (cost=439.16..439.17 rows=1 width=8)
	  ->  Index Scan using sbtest8_pkey on sbtest8  (cost=0.43..438.88 rows=112 width=4)
	        Index Cond: ((id >= 6364723) AND (id <= 6364822))

for point_selects
table 1 : explain SELECT c FROM sbtest1 WHERE id=8278636
	Index Scan using sbtest1_pkey on sbtest1  (cost=0.43..8.45 rows=1 width=121)
	  Index Cond: (id = 8278636)

table 2 : explain SELECT c FROM sbtest2 WHERE id=7348793
	Index Scan using sbtest2_pkey on sbtest2  (cost=0.43..8.45 rows=1 width=121)
	  Index Cond: (id = 7348793)

table 3 : explain SELECT c FROM sbtest3 WHERE id=7034361
	Index Scan using sbtest3_pkey on sbtest3  (cost=0.43..8.45 rows=1 width=121)
	  Index Cond: (id = 7034361)

table 4 : explain SELECT c FROM sbtest4 WHERE id=7803979
	Index Scan using sbtest4_pkey on sbtest4  (cost=0.43..8.45 rows=1 width=121)
	  Index Cond: (id = 7803979)

table 5 : explain SELECT c FROM sbtest5 WHERE id=8059538
	Index Scan using sbtest5_pkey on sbtest5  (cost=0.43..8.45 rows=1 width=121)
	  Index Cond: (id = 8059538)

table 6 : explain SELECT c FROM sbtest6 WHERE id=2883063
	Index Scan using sbtest6_pkey on sbtest6  (cost=0.43..8.45 rows=1 width=121)
	  Index Cond: (id = 2883063)

table 7 : explain SELECT c FROM sbtest7 WHERE id=2476553
	Index Scan using sbtest7_pkey on sbtest7  (cost=0.43..8.45 rows=1 width=121)
	  Index Cond: (id = 2476553)

table 8 : explain SELECT c FROM sbtest8 WHERE id=1188592
	Index Scan using sbtest8_pkey on sbtest8  (cost=0.43..8.45 rows=1 width=121)
	  Index Cond: (id = 1188592)

explain: for point_selects :: explain SELECT c FROM sbtest%u WHERE id=%u
for: simple_ranges
table 1 : explain SELECT c FROM sbtest1 WHERE id BETWEEN 6183374 AND 6183473
	Index Scan using sbtest1_pkey on sbtest1  (cost=0.43..381.72 rows=97 width=121)
	  Index Cond: ((id >= 6183374) AND (id <= 6183473))

table 2 : explain SELECT c FROM sbtest2 WHERE id BETWEEN 4636549 AND 4636648
	Index Scan using sbtest2_pkey on sbtest2  (cost=0.43..403.74 rows=103 width=121)
	  Index Cond: ((id >= 4636549) AND (id <= 4636648))

table 3 : explain SELECT c FROM sbtest3 WHERE id BETWEEN 7687280 AND 7687379
	Index Scan using sbtest3_pkey on sbtest3  (cost=0.43..384.99 rows=99 width=121)
	  Index Cond: ((id >= 7687280) AND (id <= 7687379))

table 4 : explain SELECT c FROM sbtest4 WHERE id BETWEEN 6636846 AND 6636945
	Index Scan using sbtest4_pkey on sbtest4  (cost=0.43..399.79 rows=102 width=121)
	  Index Cond: ((id >= 6636846) AND (id <= 6636945))

table 5 : explain SELECT c FROM sbtest5 WHERE id BETWEEN 9563071 AND 9563170
	Index Scan using sbtest5_pkey on sbtest5  (cost=0.43..350.42 rows=89 width=121)
	  Index Cond: ((id >= 9563071) AND (id <= 9563170))

table 6 : explain SELECT c FROM sbtest6 WHERE id BETWEEN 779041 AND 779140
	Index Scan using sbtest6_pkey on sbtest6  (cost=0.43..355.56 rows=91 width=121)
	  Index Cond: ((id >= 779041) AND (id <= 779140))

table 7 : explain SELECT c FROM sbtest7 WHERE id BETWEEN 61025 AND 61124
	Index Scan using sbtest7_pkey on sbtest7  (cost=0.43..427.44 rows=109 width=121)
	  Index Cond: ((id >= 61025) AND (id <= 61124))

table 8 : explain SELECT c FROM sbtest8 WHERE id BETWEEN 7438157 AND 7438256
	Index Scan using sbtest8_pkey on sbtest8  (cost=0.43..400.12 rows=102 width=121)
	  Index Cond: ((id >= 7438157) AND (id <= 7438256))

for point_selects
table 1 : explain SELECT c FROM sbtest1 WHERE id=5109181
	Index Scan using sbtest1_pkey on sbtest1  (cost=0.43..8.45 rows=1 width=121)
	  Index Cond: (id = 5109181)

table 2 : explain SELECT c FROM sbtest2 WHERE id=4235770
	Index Scan using sbtest2_pkey on sbtest2  (cost=0.43..8.45 rows=1 width=121)
	  Index Cond: (id = 4235770)

table 3 : explain SELECT c FROM sbtest3 WHERE id=8701087
	Index Scan using sbtest3_pkey on sbtest3  (cost=0.43..8.45 rows=1 width=121)
	  Index Cond: (id = 8701087)

table 4 : explain SELECT c FROM sbtest4 WHERE id=9636537
	Index Scan using sbtest4_pkey on sbtest4  (cost=0.43..8.45 rows=1 width=121)
	  Index Cond: (id = 9636537)

table 5 : explain SELECT c FROM sbtest5 WHERE id=7856207
	Index Scan using sbtest5_pkey on sbtest5  (cost=0.43..8.45 rows=1 width=121)
	  Index Cond: (id = 7856207)

table 6 : explain SELECT c FROM sbtest6 WHERE id=8532041
	Index Scan using sbtest6_pkey on sbtest6  (cost=0.43..8.45 rows=1 width=121)
	  Index Cond: (id = 8532041)

table 7 : explain SELECT c FROM sbtest7 WHERE id=6509052
	Index Scan using sbtest7_pkey on sbtest7  (cost=0.43..8.45 rows=1 width=121)
	  Index Cond: (id = 6509052)

table 8 : explain SELECT c FROM sbtest8 WHERE id=9228666
	Index Scan using sbtest8_pkey on sbtest8  (cost=0.43..8.45 rows=1 width=121)
	  Index Cond: (id = 9228666)

for: sum_ranges
table 1 : explain SELECT SUM(k) FROM sbtest1 WHERE id BETWEEN 686891 AND 686990
	Aggregate  (cost=413.11..413.12 rows=1 width=8)
	  ->  Index Scan using sbtest1_pkey on sbtest1  (cost=0.43..412.85 rows=105 width=4)
	        Index Cond: ((id >= 686891) AND (id <= 686990))

table 2 : explain SELECT SUM(k) FROM sbtest2 WHERE id BETWEEN 9519576 AND 9519675
	Aggregate  (cost=388.45..388.46 rows=1 width=8)
	  ->  Index Scan using sbtest2_pkey on sbtest2  (cost=0.43..388.21 rows=99 width=4)
	        Index Cond: ((id >= 9519576) AND (id <= 9519675))

table 3 : explain SELECT SUM(k) FROM sbtest3 WHERE id BETWEEN 6598527 AND 6598626
	Aggregate  (cost=396.81..396.82 rows=1 width=8)
	  ->  Index Scan using sbtest3_pkey on sbtest3  (cost=0.43..396.56 rows=102 width=4)
	        Index Cond: ((id >= 6598527) AND (id <= 6598626))

table 4 : explain SELECT SUM(k) FROM sbtest4 WHERE id BETWEEN 7090467 AND 7090566
	Aggregate  (cost=407.80..407.81 rows=1 width=8)
	  ->  Index Scan using sbtest4_pkey on sbtest4  (cost=0.43..407.54 rows=104 width=4)
	        Index Cond: ((id >= 7090467) AND (id <= 7090566))

table 5 : explain SELECT SUM(k) FROM sbtest5 WHERE id BETWEEN 5165260 AND 5165359
	Aggregate  (cost=405.10..405.11 rows=1 width=8)
	  ->  Index Scan using sbtest5_pkey on sbtest5  (cost=0.43..404.84 rows=103 width=4)
	        Index Cond: ((id >= 5165260) AND (id <= 5165359))

table 6 : explain SELECT SUM(k) FROM sbtest6 WHERE id BETWEEN 7102564 AND 7102663
	Aggregate  (cost=359.65..359.66 rows=1 width=8)
	  ->  Index Scan using sbtest6_pkey on sbtest6  (cost=0.43..359.42 rows=92 width=4)
	        Index Cond: ((id >= 7102564) AND (id <= 7102663))

table 7 : explain SELECT SUM(k) FROM sbtest7 WHERE id BETWEEN 303942 AND 304041
	Aggregate  (cost=412.19..412.20 rows=1 width=8)
	  ->  Index Scan using sbtest7_pkey on sbtest7  (cost=0.43..411.93 rows=105 width=4)
	        Index Cond: ((id >= 303942) AND (id <= 304041))

table 8 : explain SELECT SUM(k) FROM sbtest8 WHERE id BETWEEN 2489906 AND 2490005
	Aggregate  (cost=392.61..392.62 rows=1 width=8)
	  ->  Index Scan using sbtest8_pkey on sbtest8  (cost=0.43..392.36 rows=100 width=4)
	        Index Cond: ((id >= 2489906) AND (id <= 2490005))

for: sum_ranges
table 1 : explain SELECT SUM(k) FROM sbtest1 WHERE id BETWEEN 7330411 AND 7330510
	Aggregate  (cost=370.29..370.30 rows=1 width=8)
	  ->  Index Scan using sbtest1_pkey on sbtest1  (cost=0.43..370.05 rows=94 width=4)
	        Index Cond: ((id >= 7330411) AND (id <= 7330510))

table 2 : explain SELECT SUM(k) FROM sbtest2 WHERE id BETWEEN 1994817 AND 1994916
	Aggregate  (cost=392.33..392.34 rows=1 width=8)
	  ->  Index Scan using sbtest2_pkey on sbtest2  (cost=0.43..392.08 rows=100 width=4)
	        Index Cond: ((id >= 1994817) AND (id <= 1994916))

table 3 : explain SELECT SUM(k) FROM sbtest3 WHERE id BETWEEN 2031987 AND 2032086
	Aggregate  (cost=389.08..389.09 rows=1 width=8)
	  ->  Index Scan using sbtest3_pkey on sbtest3  (cost=0.43..388.83 rows=100 width=4)
	        Index Cond: ((id >= 2031987) AND (id <= 2032086))

table 4 : explain SELECT SUM(k) FROM sbtest4 WHERE id BETWEEN 9420582 AND 9420681
	Aggregate  (cost=388.38..388.39 rows=1 width=8)
	  ->  Index Scan using sbtest4_pkey on sbtest4  (cost=0.43..388.13 rows=99 width=4)
	        Index Cond: ((id >= 9420582) AND (id <= 9420681))

table 5 : explain SELECT SUM(k) FROM sbtest5 WHERE id BETWEEN 2002740 AND 2002839
	Aggregate  (cost=381.74..381.75 rows=1 width=8)
	  ->  Index Scan using sbtest5_pkey on sbtest5  (cost=0.43..381.50 rows=97 width=4)
	        Index Cond: ((id >= 2002740) AND (id <= 2002839))

table 6 : explain SELECT SUM(k) FROM sbtest6 WHERE id BETWEEN 9574500 AND 9574599
	Aggregate  (cost=429.14..429.15 rows=1 width=8)
	  ->  Index Scan using sbtest6_pkey on sbtest6  (cost=0.43..428.87 rows=110 width=4)
	        Index Cond: ((id >= 9574500) AND (id <= 9574599))

table 7 : explain SELECT SUM(k) FROM sbtest7 WHERE id BETWEEN 4285915 AND 4286014
	Aggregate  (cost=373.35..373.36 rows=1 width=8)
	  ->  Index Scan using sbtest7_pkey on sbtest7  (cost=0.43..373.11 rows=95 width=4)
	        Index Cond: ((id >= 4285915) AND (id <= 4286014))

table 8 : explain SELECT SUM(k) FROM sbtest8 WHERE id BETWEEN 5626390 AND 5626489
	Aggregate  (cost=404.25..404.26 rows=1 width=8)
	  ->  Index Scan using sbtest8_pkey on sbtest8  (cost=0.43..403.99 rows=103 width=4)
	        Index Cond: ((id >= 5626390) AND (id <= 5626489))

for: sum_ranges
table 1 : explain SELECT SUM(k) FROM sbtest1 WHERE id BETWEEN 8791793 AND 8791892
	Aggregate  (cost=401.44..401.45 rows=1 width=8)
	  ->  Index Scan using sbtest1_pkey on sbtest1  (cost=0.43..401.19 rows=102 width=4)
	        Index Cond: ((id >= 8791793) AND (id <= 8791892))

table 2 : explain SELECT SUM(k) FROM sbtest2 WHERE id BETWEEN 7127958 AND 7128057
	Aggregate  (cost=400.12..400.13 rows=1 width=8)
	  ->  Index Scan using sbtest2_pkey on sbtest2  (cost=0.43..399.87 rows=102 width=4)
	        Index Cond: ((id >= 7127958) AND (id <= 7128057))

table 3 : explain SELECT SUM(k) FROM sbtest3 WHERE id BETWEEN 8425330 AND 8425429
	Aggregate  (cost=366.02..366.03 rows=1 width=8)
	  ->  Index Scan using sbtest3_pkey on sbtest3  (cost=0.43..365.78 rows=94 width=4)
	        Index Cond: ((id >= 8425330) AND (id <= 8425429))

table 4 : explain SELECT SUM(k) FROM sbtest4 WHERE id BETWEEN 2587389 AND 2587488
	Aggregate  (cost=388.38..388.39 rows=1 width=8)
	  ->  Index Scan using sbtest4_pkey on sbtest4  (cost=0.43..388.13 rows=99 width=4)
	        Index Cond: ((id >= 2587389) AND (id <= 2587488))

table 5 : explain SELECT SUM(k) FROM sbtest5 WHERE id BETWEEN 782983 AND 783082
	Aggregate  (cost=405.10..405.11 rows=1 width=8)
	  ->  Index Scan using sbtest5_pkey on sbtest5  (cost=0.43..404.84 rows=103 width=4)
	        Index Cond: ((id >= 782983) AND (id <= 783082))

table 6 : explain SELECT SUM(k) FROM sbtest6 WHERE id BETWEEN 4107763 AND 4107862
	Aggregate  (cost=421.42..421.43 rows=1 width=8)
	  ->  Index Scan using sbtest6_pkey on sbtest6  (cost=0.43..421.15 rows=108 width=4)
	        Index Cond: ((id >= 4107763) AND (id <= 4107862))

table 7 : explain SELECT SUM(k) FROM sbtest7 WHERE id BETWEEN 7096584 AND 7096683
	Aggregate  (cost=373.35..373.36 rows=1 width=8)
	  ->  Index Scan using sbtest7_pkey on sbtest7  (cost=0.43..373.11 rows=95 width=4)
	        Index Cond: ((id >= 7096584) AND (id <= 7096683))

table 8 : explain SELECT SUM(k) FROM sbtest8 WHERE id BETWEEN 2777370 AND 2777469
	Aggregate  (cost=369.30..369.31 rows=1 width=8)
	  ->  Index Scan using sbtest8_pkey on sbtest8  (cost=0.43..369.07 rows=94 width=4)
	        Index Cond: ((id >= 2777370) AND (id <= 2777469))

explain: for point_selects :: explain SELECT c FROM sbtest%u WHERE id=%u
for: simple_ranges
table 1 : explain SELECT c FROM sbtest1 WHERE id BETWEEN 5519001 AND 5519100
	Index Scan using sbtest1_pkey on sbtest1  (cost=0.43..424.51 rows=108 width=121)
	  Index Cond: ((id >= 5519001) AND (id <= 5519100))

table 2 : explain SELECT c FROM sbtest2 WHERE id BETWEEN 3171680 AND 3171779
	Index Scan using sbtest2_pkey on sbtest2  (cost=0.43..364.96 rows=93 width=121)
	  Index Cond: ((id >= 3171680) AND (id <= 3171779))

table 3 : explain SELECT c FROM sbtest3 WHERE id BETWEEN 3845332 AND 3845431
	Index Scan using sbtest3_pkey on sbtest3  (cost=0.43..384.99 rows=99 width=121)
	  Index Cond: ((id >= 3845332) AND (id <= 3845431))

table 4 : explain SELECT c FROM sbtest4 WHERE id BETWEEN 6327351 AND 6327450
	Index Scan using sbtest4_pkey on sbtest4  (cost=0.43..392.01 rows=100 width=121)
	  Index Cond: ((id >= 6327351) AND (id <= 6327450))

table 5 : explain SELECT c FROM sbtest5 WHERE id BETWEEN 3995809 AND 3995908
	Index Scan using sbtest5_pkey on sbtest5  (cost=0.43..373.73 rows=95 width=121)
	  Index Cond: ((id >= 3995809) AND (id <= 3995908))

table 6 : explain SELECT c FROM sbtest6 WHERE id BETWEEN 3819782 AND 3819881
	Index Scan using sbtest6_pkey on sbtest6  (cost=0.43..421.15 rows=108 width=121)
	  Index Cond: ((id >= 3819782) AND (id <= 3819881))

table 7 : explain SELECT c FROM sbtest7 WHERE id BETWEEN 8345769 AND 8345868
	Index Scan using sbtest7_pkey on sbtest7  (cost=0.43..423.56 rows=108 width=121)
	  Index Cond: ((id >= 8345769) AND (id <= 8345868))

table 8 : explain SELECT c FROM sbtest8 WHERE id BETWEEN 3137051 AND 3137150
	Index Scan using sbtest8_pkey on sbtest8  (cost=0.43..380.70 rows=97 width=121)
	  Index Cond: ((id >= 3137051) AND (id <= 3137150))

explain: for point_selects :: explain SELECT c FROM sbtest%u WHERE id=%u
for: sum_ranges
table 1 : explain SELECT SUM(k) FROM sbtest1 WHERE id BETWEEN 6028552 AND 6028651
	Aggregate  (cost=366.40..366.41 rows=1 width=8)
	  ->  Index Scan using sbtest1_pkey on sbtest1  (cost=0.43..366.17 rows=93 width=4)
	        Index Cond: ((id >= 6028552) AND (id <= 6028651))

table 2 : explain SELECT SUM(k) FROM sbtest2 WHERE id BETWEEN 6163743 AND 6163842
	Aggregate  (cost=369.07..369.08 rows=1 width=8)
	  ->  Index Scan using sbtest2_pkey on sbtest2  (cost=0.43..368.84 rows=94 width=4)
	        Index Cond: ((id >= 6163743) AND (id <= 6163842))

table 3 : explain SELECT SUM(k) FROM sbtest3 WHERE id BETWEEN 1559524 AND 1559623
	Aggregate  (cost=389.08..389.09 rows=1 width=8)
	  ->  Index Scan using sbtest3_pkey on sbtest3  (cost=0.43..388.83 rows=100 width=4)
	        Index Cond: ((id >= 1559524) AND (id <= 1559623))

table 4 : explain SELECT SUM(k) FROM sbtest4 WHERE id BETWEEN 3748067 AND 3748166
	Aggregate  (cost=384.50..384.51 rows=1 width=8)
	  ->  Index Scan using sbtest4_pkey on sbtest4  (cost=0.43..384.26 rows=98 width=4)
	        Index Cond: ((id >= 3748067) AND (id <= 3748166))

table 5 : explain SELECT SUM(k) FROM sbtest5 WHERE id BETWEEN 4605763 AND 4605862
	Aggregate  (cost=370.08..370.09 rows=1 width=8)
	  ->  Index Scan using sbtest5_pkey on sbtest5  (cost=0.43..369.84 rows=94 width=4)
	        Index Cond: ((id >= 4605763) AND (id <= 4605862))

table 6 : explain SELECT SUM(k) FROM sbtest6 WHERE id BETWEEN 6657672 AND 6657771
	Aggregate  (cost=344.22..344.23 rows=1 width=8)
	  ->  Index Scan using sbtest6_pkey on sbtest6  (cost=0.43..344.00 rows=88 width=4)
	        Index Cond: ((id >= 6657672) AND (id <= 6657771))

table 7 : explain SELECT SUM(k) FROM sbtest7 WHERE id BETWEEN 6524554 AND 6524653
	Aggregate  (cost=377.23..377.24 rows=1 width=8)
	  ->  Index Scan using sbtest7_pkey on sbtest7  (cost=0.43..376.99 rows=96 width=4)
	        Index Cond: ((id >= 6524554) AND (id <= 6524653))

table 8 : explain SELECT SUM(k) FROM sbtest8 WHERE id BETWEEN 3380634 AND 3380733
	Aggregate  (cost=373.18..373.19 rows=1 width=8)
	  ->  Index Scan using sbtest8_pkey on sbtest8  (cost=0.43..372.94 rows=95 width=4)
	        Index Cond: ((id >= 3380634) AND (id <= 3380733))

for point_selects
table 1 : explain SELECT c FROM sbtest1 WHERE id=9798710
	Index Scan using sbtest1_pkey on sbtest1  (cost=0.43..8.45 rows=1 width=121)
	  Index Cond: (id = 9798710)

table 2 : explain SELECT c FROM sbtest2 WHERE id=9379699
	Index Scan using sbtest2_pkey on sbtest2  (cost=0.43..8.45 rows=1 width=121)
	  Index Cond: (id = 9379699)

table 3 : explain SELECT c FROM sbtest3 WHERE id=6908232
	Index Scan using sbtest3_pkey on sbtest3  (cost=0.43..8.45 rows=1 width=121)
	  Index Cond: (id = 6908232)

table 4 : explain SELECT c FROM sbtest4 WHERE id=9809338
	Index Scan using sbtest4_pkey on sbtest4  (cost=0.43..8.45 rows=1 width=121)
	  Index Cond: (id = 9809338)

table 5 : explain SELECT c FROM sbtest5 WHERE id=2792904
	Index Scan using sbtest5_pkey on sbtest5  (cost=0.43..8.45 rows=1 width=121)
	  Index Cond: (id = 2792904)

table 6 : explain SELECT c FROM sbtest6 WHERE id=9616522
	Index Scan using sbtest6_pkey on sbtest6  (cost=0.43..8.45 rows=1 width=121)
	  Index Cond: (id = 9616522)

table 7 : explain SELECT c FROM sbtest7 WHERE id=4183705
	Index Scan using sbtest7_pkey on sbtest7  (cost=0.43..8.45 rows=1 width=121)
	  Index Cond: (id = 4183705)

table 8 : explain SELECT c FROM sbtest8 WHERE id=6982016
	Index Scan using sbtest8_pkey on sbtest8  (cost=0.43..8.45 rows=1 width=121)
	  Index Cond: (id = 6982016)

for point_selects
table 1 : explain SELECT c FROM sbtest1 WHERE id=4384196
	Index Scan using sbtest1_pkey on sbtest1  (cost=0.43..8.45 rows=1 width=121)
	  Index Cond: (id = 4384196)

table 2 : explain SELECT c FROM sbtest2 WHERE id=2399295
	Index Scan using sbtest2_pkey on sbtest2  (cost=0.43..8.45 rows=1 width=121)
	  Index Cond: (id = 2399295)

table 3 : explain SELECT c FROM sbtest3 WHERE id=2450607
	Index Scan using sbtest3_pkey on sbtest3  (cost=0.43..8.45 rows=1 width=121)
	  Index Cond: (id = 2450607)

table 4 : explain SELECT c FROM sbtest4 WHERE id=2799776
	Index Scan using sbtest4_pkey on sbtest4  (cost=0.43..8.45 rows=1 width=121)
	  Index Cond: (id = 2799776)

table 5 : explain SELECT c FROM sbtest5 WHERE id=3072542
	Index Scan using sbtest5_pkey on sbtest5  (cost=0.43..8.45 rows=1 width=121)
	  Index Cond: (id = 3072542)

table 6 : explain SELECT c FROM sbtest6 WHERE id=2131269
	Index Scan using sbtest6_pkey on sbtest6  (cost=0.43..8.45 rows=1 width=121)
	  Index Cond: (id = 2131269)

table 7 : explain SELECT c FROM sbtest7 WHERE id=5928907
	Index Scan using sbtest7_pkey on sbtest7  (cost=0.43..8.45 rows=1 width=121)
	  Index Cond: (id = 5928907)

table 8 : explain SELECT c FROM sbtest8 WHERE id=7290681
	Index Scan using sbtest8_pkey on sbtest8  (cost=0.43..8.45 rows=1 width=121)
	  Index Cond: (id = 7290681)

for: order_ranges
table 1 : explain SELECT c FROM sbtest1 WHERE id BETWEEN 1181224 AND 1181323 ORDER BY c
	Sort  (cost=361.35..361.58 rows=91 width=121)
	  Sort Key: c
	  ->  Index Scan using sbtest1_pkey on sbtest1  (cost=0.43..358.39 rows=91 width=121)
	        Index Cond: ((id >= 1181224) AND (id <= 1181323))

table 2 : explain SELECT c FROM sbtest2 WHERE id BETWEEN 6300781 AND 6300880 ORDER BY c
	Sort  (cost=407.18..407.44 rows=103 width=121)
	  Sort Key: c
	  ->  Index Scan using sbtest2_pkey on sbtest2  (cost=0.43..403.74 rows=103 width=121)
	        Index Cond: ((id >= 6300781) AND (id <= 6300880))

table 3 : explain SELECT c FROM sbtest3 WHERE id BETWEEN 8998020 AND 8998119 ORDER BY c
	Sort  (cost=368.87..369.10 rows=94 width=121)
	  Sort Key: c
	  ->  Index Scan using sbtest3_pkey on sbtest3  (cost=0.43..365.78 rows=94 width=121)
	        Index Cond: ((id >= 8998020) AND (id <= 8998119))

table 4 : explain SELECT c FROM sbtest4 WHERE id BETWEEN 80239 AND 80338 ORDER BY c
	Sort  (cost=418.85..419.11 rows=106 width=121)
	  Sort Key: c
	  ->  Index Scan using sbtest4_pkey on sbtest4  (cost=0.43..415.28 rows=106 width=121)
	        Index Cond: ((id >= 80239) AND (id <= 80338))

table 5 : explain SELECT c FROM sbtest5 WHERE id BETWEEN 2189356 AND 2189455 ORDER BY c
	Sort  (cost=416.14..416.40 rows=105 width=121)
	  Sort Key: c
	  ->  Index Scan using sbtest5_pkey on sbtest5  (cost=0.43..412.61 rows=105 width=121)
	        Index Cond: ((id >= 2189356) AND (id <= 2189455))

table 6 : explain SELECT c FROM sbtest6 WHERE id BETWEEN 6080014 AND 6080113 ORDER BY c
	Sort  (cost=413.11..413.37 rows=105 width=121)
	  Sort Key: c
	  ->  Index Scan using sbtest6_pkey on sbtest6  (cost=0.43..409.59 rows=105 width=121)
	        Index Cond: ((id >= 6080014) AND (id <= 6080113))

table 7 : explain SELECT c FROM sbtest7 WHERE id BETWEEN 7363808 AND 7363907 ORDER BY c
	Sort  (cost=415.45..415.72 rows=105 width=121)
	  Sort Key: c
	  ->  Index Scan using sbtest7_pkey on sbtest7  (cost=0.43..411.93 rows=105 width=121)
	        Index Cond: ((id >= 7363808) AND (id <= 7363907))

table 8 : explain SELECT c FROM sbtest8 WHERE id BETWEEN 3460234 AND 3460333 ORDER BY c
	Sort  (cost=430.94..431.21 rows=109 width=121)
	  Sort Key: c
	  ->  Index Scan using sbtest8_pkey on sbtest8  (cost=0.43..427.25 rows=109 width=121)
	        Index Cond: ((id >= 3460234) AND (id <= 3460333))

for: sum_ranges
table 1 : explain SELECT SUM(k) FROM sbtest1 WHERE id BETWEEN 2198656 AND 2198755
	Aggregate  (cost=397.55..397.56 rows=1 width=8)
	  ->  Index Scan using sbtest1_pkey on sbtest1  (cost=0.43..397.30 rows=101 width=4)
	        Index Cond: ((id >= 2198656) AND (id <= 2198755))

table 2 : explain SELECT SUM(k) FROM sbtest2 WHERE id BETWEEN 9931172 AND 9931271
	Aggregate  (cost=407.87..407.88 rows=1 width=8)
	  ->  Index Scan using sbtest2_pkey on sbtest2  (cost=0.43..407.61 rows=104 width=4)
	        Index Cond: ((id >= 9931172) AND (id <= 9931271))

table 3 : explain SELECT SUM(k) FROM sbtest3 WHERE id BETWEEN 5224311 AND 5224410
	Aggregate  (cost=373.71..373.72 rows=1 width=8)
	  ->  Index Scan using sbtest3_pkey on sbtest3  (cost=0.43..373.47 rows=96 width=4)
	        Index Cond: ((id >= 5224311) AND (id <= 5224410))

table 4 : explain SELECT SUM(k) FROM sbtest4 WHERE id BETWEEN 2312839 AND 2312938
	Aggregate  (cost=400.04..400.05 rows=1 width=8)
	  ->  Index Scan using sbtest4_pkey on sbtest4  (cost=0.43..399.79 rows=102 width=4)
	        Index Cond: ((id >= 2312839) AND (id <= 2312938))

table 5 : explain SELECT SUM(k) FROM sbtest5 WHERE id BETWEEN 2331980 AND 2332079
	Aggregate  (cost=385.63..385.64 rows=1 width=8)
	  ->  Index Scan using sbtest5_pkey on sbtest5  (cost=0.43..385.38 rows=98 width=4)
	        Index Cond: ((id >= 2331980) AND (id <= 2332079))

table 6 : explain SELECT SUM(k) FROM sbtest6 WHERE id BETWEEN 9943121 AND 9943220
	Aggregate  (cost=398.27..398.28 rows=1 width=8)
	  ->  Index Scan using sbtest6_pkey on sbtest6  (cost=0.43..398.02 rows=102 width=4)
	        Index Cond: ((id >= 9943121) AND (id <= 9943220))

table 7 : explain SELECT SUM(k) FROM sbtest7 WHERE id BETWEEN 3212116 AND 3212215
	Aggregate  (cost=388.87..388.88 rows=1 width=8)
	  ->  Index Scan using sbtest7_pkey on sbtest7  (cost=0.43..388.62 rows=99 width=4)
	        Index Cond: ((id >= 3212116) AND (id <= 3212215))

table 8 : explain SELECT SUM(k) FROM sbtest8 WHERE id BETWEEN 2694526 AND 2694625
	Aggregate  (cost=373.18..373.19 rows=1 width=8)
	  ->  Index Scan using sbtest8_pkey on sbtest8  (cost=0.43..372.94 rows=95 width=4)
	        Index Cond: ((id >= 2694526) AND (id <= 2694625))

for: order_ranges
table 1 : explain SELECT c FROM sbtest1 WHERE id BETWEEN 7848775 AND 7848874 ORDER BY c
	Sort  (cost=384.92..385.16 rows=97 width=121)
	  Sort Key: c
	  ->  Index Scan using sbtest1_pkey on sbtest1  (cost=0.43..381.72 rows=97 width=121)
	        Index Cond: ((id >= 7848775) AND (id <= 7848874))

table 2 : explain SELECT c FROM sbtest2 WHERE id BETWEEN 7793612 AND 7793711 ORDER BY c
	Sort  (cost=368.00..368.23 rows=93 width=121)
	  Sort Key: c
	  ->  Index Scan using sbtest2_pkey on sbtest2  (cost=0.43..364.96 rows=93 width=121)
	        Index Cond: ((id >= 7793612) AND (id <= 7793711))

table 3 : explain SELECT c FROM sbtest3 WHERE id BETWEEN 9844915 AND 9845014 ORDER BY c
	Sort  (cost=368.87..369.10 rows=94 width=121)
	  Sort Key: c
	  ->  Index Scan using sbtest3_pkey on sbtest3  (cost=0.43..365.78 rows=94 width=121)
	        Index Cond: ((id >= 9844915) AND (id <= 9845014))

table 4 : explain SELECT c FROM sbtest4 WHERE id BETWEEN 4058610 AND 4058709 ORDER BY c
	Sort  (cost=387.50..387.74 rows=98 width=121)
	  Sort Key: c
	  ->  Index Scan using sbtest4_pkey on sbtest4  (cost=0.43..384.26 rows=98 width=121)
	        Index Cond: ((id >= 4058610) AND (id <= 4058709))

table 5 : explain SELECT c FROM sbtest5 WHERE id BETWEEN 8727273 AND 8727372 ORDER BY c
	Sort  (cost=423.99..424.26 rows=107 width=121)
	  Sort Key: c
	  ->  Index Scan using sbtest5_pkey on sbtest5  (cost=0.43..420.38 rows=107 width=121)
	        Index Cond: ((id >= 8727273) AND (id <= 8727372))

table 6 : explain SELECT c FROM sbtest6 WHERE id BETWEEN 1938123 AND 1938222 ORDER BY c
	Sort  (cost=424.80..425.07 rows=108 width=121)
	  Sort Key: c
	  ->  Index Scan using sbtest6_pkey on sbtest6  (cost=0.43..421.15 rows=108 width=121)
	        Index Cond: ((id >= 1938123) AND (id <= 1938222))

table 7 : explain SELECT c FROM sbtest7 WHERE id BETWEEN 1861333 AND 1861432 ORDER BY c
	Sort  (cost=423.29..423.56 rows=107 width=121)
	  Sort Key: c
	  ->  Index Scan using sbtest7_pkey on sbtest7  (cost=0.43..419.69 rows=107 width=121)
	        Index Cond: ((id >= 1861333) AND (id <= 1861432))

table 8 : explain SELECT c FROM sbtest8 WHERE id BETWEEN 33817 AND 33916 ORDER BY c
	Sort  (cost=399.60..399.85 rows=101 width=121)
	  Sort Key: c
	  ->  Index Scan using sbtest8_pkey on sbtest8  (cost=0.43..396.24 rows=101 width=121)
	        Index Cond: ((id >= 33817) AND (id <= 33916))

for point_selects
table 1 : explain SELECT c FROM sbtest1 WHERE id=3368170
	Index Scan using sbtest1_pkey on sbtest1  (cost=0.43..8.45 rows=1 width=121)
	  Index Cond: (id = 3368170)

table 2 : explain SELECT c FROM sbtest2 WHERE id=4764053
	Index Scan using sbtest2_pkey on sbtest2  (cost=0.43..8.45 rows=1 width=121)
	  Index Cond: (id = 4764053)

table 3 : explain SELECT c FROM sbtest3 WHERE id=4913305
	Index Scan using sbtest3_pkey on sbtest3  (cost=0.43..8.45 rows=1 width=121)
	  Index Cond: (id = 4913305)

table 4 : explain SELECT c FROM sbtest4 WHERE id=9656251
	Index Scan using sbtest4_pkey on sbtest4  (cost=0.43..8.45 rows=1 width=121)
	  Index Cond: (id = 9656251)

table 5 : explain SELECT c FROM sbtest5 WHERE id=8733686
	Index Scan using sbtest5_pkey on sbtest5  (cost=0.43..8.45 rows=1 width=121)
	  Index Cond: (id = 8733686)

table 6 : explain SELECT c FROM sbtest6 WHERE id=3311756
	Index Scan using sbtest6_pkey on sbtest6  (cost=0.43..8.45 rows=1 width=121)
	  Index Cond: (id = 3311756)

table 7 : explain SELECT c FROM sbtest7 WHERE id=7138845
	Index Scan using sbtest7_pkey on sbtest7  (cost=0.43..8.45 rows=1 width=121)
	  Index Cond: (id = 7138845)

table 8 : explain SELECT c FROM sbtest8 WHERE id=3315538
	Index Scan using sbtest8_pkey on sbtest8  (cost=0.43..8.45 rows=1 width=121)
	  Index Cond: (id = 3315538)

for: order_ranges
table 1 : explain SELECT c FROM sbtest1 WHERE id BETWEEN 423797 AND 423896 ORDER BY c
	Sort  (cost=396.70..396.95 rows=100 width=121)
	  Sort Key: c
	  ->  Index Scan using sbtest1_pkey on sbtest1  (cost=0.43..393.38 rows=100 width=121)
	        Index Cond: ((id >= 423797) AND (id <= 423896))

table 2 : explain SELECT c FROM sbtest2 WHERE id BETWEEN 6580433 AND 6580532 ORDER BY c
	Sort  (cost=387.57..387.82 rows=98 width=121)
	  Sort Key: c
	  ->  Index Scan using sbtest2_pkey on sbtest2  (cost=0.43..384.33 rows=98 width=121)
	        Index Cond: ((id >= 6580433) AND (id <= 6580532))

table 3 : explain SELECT c FROM sbtest3 WHERE id BETWEEN 8860102 AND 8860201 ORDER BY c
	Sort  (cost=403.84..404.10 rows=103 width=121)
	  Sort Key: c
	  ->  Index Scan using sbtest3_pkey on sbtest3  (cost=0.43..400.40 rows=103 width=121)
	        Index Cond: ((id >= 8860102) AND (id <= 8860201))

table 4 : explain SELECT c FROM sbtest4 WHERE id BETWEEN 9077823 AND 9077922 ORDER BY c
	Sort  (cost=418.85..419.11 rows=106 width=121)
	  Sort Key: c
	  ->  Index Scan using sbtest4_pkey on sbtest4  (cost=0.43..415.28 rows=106 width=121)
	        Index Cond: ((id >= 9077823) AND (id <= 9077922))

table 5 : explain SELECT c FROM sbtest5 WHERE id BETWEEN 273149 AND 273248 ORDER BY c
	Sort  (cost=392.58..392.83 rows=99 width=121)
	  Sort Key: c
	  ->  Index Scan using sbtest5_pkey on sbtest5  (cost=0.43..389.30 rows=99 width=121)
	        Index Cond: ((id >= 273149) AND (id <= 273248))

table 6 : explain SELECT c FROM sbtest6 WHERE id BETWEEN 131666 AND 131765 ORDER BY c
	Sort  (cost=417.01..417.27 rows=106 width=121)
	  Sort Key: c
	  ->  Index Scan using sbtest6_pkey on sbtest6  (cost=0.43..413.44 rows=106 width=121)
	        Index Cond: ((id >= 131666) AND (id <= 131765))

table 7 : explain SELECT c FROM sbtest7 WHERE id BETWEEN 8355238 AND 8355337 ORDER BY c
	Sort  (cost=427.21..427.48 rows=108 width=121)
	  Sort Key: c
	  ->  Index Scan using sbtest7_pkey on sbtest7  (cost=0.43..423.56 rows=108 width=121)
	        Index Cond: ((id >= 8355238) AND (id <= 8355337))

table 8 : explain SELECT c FROM sbtest8 WHERE id BETWEEN 370741 AND 370840 ORDER BY c
	Sort  (cost=391.77..392.01 rows=99 width=121)
	  Sort Key: c
	  ->  Index Scan using sbtest8_pkey on sbtest8  (cost=0.43..388.48 rows=99 width=121)
	        Index Cond: ((id >= 370741) AND (id <= 370840))

for: order_ranges
table 1 : explain SELECT c FROM sbtest1 WHERE id BETWEEN 1280119 AND 1280218 ORDER BY c
	Sort  (cost=384.92..385.16 rows=97 width=121)
	  Sort Key: c
	  ->  Index Scan using sbtest1_pkey on sbtest1  (cost=0.43..381.72 rows=97 width=121)
	        Index Cond: ((id >= 1280119) AND (id <= 1280218))

table 2 : explain SELECT c FROM sbtest2 WHERE id BETWEEN 8766609 AND 8766708 ORDER BY c
	Sort  (cost=387.57..387.82 rows=98 width=121)
	  Sort Key: c
	  ->  Index Scan using sbtest2_pkey on sbtest2  (cost=0.43..384.33 rows=98 width=121)
	        Index Cond: ((id >= 8766609) AND (id <= 8766708))

table 3 : explain SELECT c FROM sbtest3 WHERE id BETWEEN 6521506 AND 6521605 ORDER BY c
	Sort  (cost=419.37..419.64 rows=107 width=121)
	  Sort Key: c
	  ->  Index Scan using sbtest3_pkey on sbtest3  (cost=0.43..415.77 rows=107 width=121)
	        Index Cond: ((id >= 6521506) AND (id <= 6521605))

table 4 : explain SELECT c FROM sbtest4 WHERE id BETWEEN 3556711 AND 3556810 ORDER BY c
	Sort  (cost=426.68..426.95 rows=108 width=121)
	  Sort Key: c
	  ->  Index Scan using sbtest4_pkey on sbtest4  (cost=0.43..423.03 rows=108 width=121)
	        Index Cond: ((id >= 3556711) AND (id <= 3556810))

table 5 : explain SELECT c FROM sbtest5 WHERE id BETWEEN 8504577 AND 8504676 ORDER BY c
	Sort  (cost=408.28..408.54 rows=103 width=121)
	  Sort Key: c
	  ->  Index Scan using sbtest5_pkey on sbtest5  (cost=0.43..404.84 rows=103 width=121)
	        Index Cond: ((id >= 8504577) AND (id <= 8504676))

table 6 : explain SELECT c FROM sbtest6 WHERE id BETWEEN 8243198 AND 8243297 ORDER BY c
	Sort  (cost=385.80..386.04 rows=98 width=121)
	  Sort Key: c
	  ->  Index Scan using sbtest6_pkey on sbtest6  (cost=0.43..382.55 rows=98 width=121)
	        Index Cond: ((id >= 8243198) AND (id <= 8243297))

table 7 : explain SELECT c FROM sbtest7 WHERE id BETWEEN 9212685 AND 9212784 ORDER BY c
	Sort  (cost=395.86..396.11 rows=100 width=121)
	  Sort Key: c
	  ->  Index Scan using sbtest7_pkey on sbtest7  (cost=0.43..392.54 rows=100 width=121)
	        Index Cond: ((id >= 9212685) AND (id <= 9212784))

table 8 : explain SELECT c FROM sbtest8 WHERE id BETWEEN 3260033 AND 3260132 ORDER BY c
	Sort  (cost=438.78..439.05 rows=111 width=121)
	  Sort Key: c
	  ->  Index Scan using sbtest8_pkey on sbtest8  (cost=0.43..435.01 rows=111 width=121)
	        Index Cond: ((id >= 3260033) AND (id <= 3260132))

for: order_ranges
table 1 : explain SELECT c FROM sbtest1 WHERE id BETWEEN 5100238 AND 5100337 ORDER BY c
	Sort  (cost=412.45..412.71 rows=104 width=121)
	  Sort Key: c
	  ->  Index Scan using sbtest1_pkey on sbtest1  (cost=0.43..408.96 rows=104 width=121)
	        Index Cond: ((id >= 5100238) AND (id <= 5100337))

table 2 : explain SELECT c FROM sbtest2 WHERE id BETWEEN 2637454 AND 2637553 ORDER BY c
	Sort  (cost=403.27..403.52 rows=102 width=121)
	  Sort Key: c
	  ->  Index Scan using sbtest2_pkey on sbtest2  (cost=0.43..399.87 rows=102 width=121)
	        Index Cond: ((id >= 2637454) AND (id <= 2637553))

table 3 : explain SELECT c FROM sbtest3 WHERE id BETWEEN 5063630 AND 5063729 ORDER BY c
	Sort  (cost=345.58..345.80 rows=88 width=121)
	  Sort Key: c
	  ->  Index Scan using sbtest3_pkey on sbtest3  (cost=0.43..342.74 rows=88 width=121)
	        Index Cond: ((id >= 5063630) AND (id <= 5063729))

table 4 : explain SELECT c FROM sbtest4 WHERE id BETWEEN 6656849 AND 6656948 ORDER BY c
	Sort  (cost=403.19..403.45 rows=102 width=121)
	  Sort Key: c
	  ->  Index Scan using sbtest4_pkey on sbtest4  (cost=0.43..399.79 rows=102 width=121)
	        Index Cond: ((id >= 6656849) AND (id <= 6656948))

table 5 : explain SELECT c FROM sbtest5 WHERE id BETWEEN 461538 AND 461637 ORDER BY c
	Sort  (cost=376.85..377.08 rows=95 width=121)
	  Sort Key: c
	  ->  Index Scan using sbtest5_pkey on sbtest5  (cost=0.43..373.73 rows=95 width=121)
	        Index Cond: ((id >= 461538) AND (id <= 461637))

table 6 : explain SELECT c FROM sbtest6 WHERE id BETWEEN 5682150 AND 5682249 ORDER BY c
	Sort  (cost=389.69..389.94 rows=99 width=121)
	  Sort Key: c
	  ->  Index Scan using sbtest6_pkey on sbtest6  (cost=0.43..386.41 rows=99 width=121)
	        Index Cond: ((id >= 5682150) AND (id <= 5682249))

table 7 : explain SELECT c FROM sbtest7 WHERE id BETWEEN 80536 AND 80635 ORDER BY c
	Sort  (cost=431.13..431.40 rows=109 width=121)
	  Sort Key: c
	  ->  Index Scan using sbtest7_pkey on sbtest7  (cost=0.43..427.44 rows=109 width=121)
	        Index Cond: ((id >= 80536) AND (id <= 80635))

table 8 : explain SELECT c FROM sbtest8 WHERE id BETWEEN 5687377 AND 5687476 ORDER BY c
	Sort  (cost=383.90..384.14 rows=97 width=121)
	  Sort Key: c
	  ->  Index Scan using sbtest8_pkey on sbtest8  (cost=0.43..380.70 rows=97 width=121)
	        Index Cond: ((id >= 5687377) AND (id <= 5687476))

for: simple_ranges
table 1 : explain SELECT c FROM sbtest1 WHERE id BETWEEN 3469871 AND 3469970
	Index Scan using sbtest1_pkey on sbtest1  (cost=0.43..401.19 rows=102 width=121)
	  Index Cond: ((id >= 3469871) AND (id <= 3469970))

table 2 : explain SELECT c FROM sbtest2 WHERE id BETWEEN 11109 AND 11208
	Index Scan using sbtest2_pkey on sbtest2  (cost=0.43..407.61 rows=104 width=121)
	  Index Cond: ((id >= 11109) AND (id <= 11208))

table 3 : explain SELECT c FROM sbtest3 WHERE id BETWEEN 2415621 AND 2415720
	Index Scan using sbtest3_pkey on sbtest3  (cost=0.43..350.42 rows=90 width=121)
	  Index Cond: ((id >= 2415621) AND (id <= 2415720))

table 4 : explain SELECT c FROM sbtest4 WHERE id BETWEEN 3014491 AND 3014590
	Index Scan using sbtest4_pkey on sbtest4  (cost=0.43..395.92 rows=101 width=121)
	  Index Cond: ((id >= 3014491) AND (id <= 3014590))

table 5 : explain SELECT c FROM sbtest5 WHERE id BETWEEN 4845873 AND 4845972
	Index Scan using sbtest5_pkey on sbtest5  (cost=0.43..389.30 rows=99 width=121)
	  Index Cond: ((id >= 4845873) AND (id <= 4845972))

table 6 : explain SELECT c FROM sbtest6 WHERE id BETWEEN 2232703 AND 2232802
	Index Scan using sbtest6_pkey on sbtest6  (cost=0.43..394.16 rows=101 width=121)
	  Index Cond: ((id >= 2232703) AND (id <= 2232802))

table 7 : explain SELECT c FROM sbtest7 WHERE id BETWEEN 2887243 AND 2887342
	Index Scan using sbtest7_pkey on sbtest7  (cost=0.43..415.81 rows=106 width=121)
	  Index Cond: ((id >= 2887243) AND (id <= 2887342))

table 8 : explain SELECT c FROM sbtest8 WHERE id BETWEEN 3019266 AND 3019365
	Index Scan using sbtest8_pkey on sbtest8  (cost=0.43..380.70 rows=97 width=121)
	  Index Cond: ((id >= 3019266) AND (id <= 3019365))

for: simple_ranges
table 1 : explain SELECT c FROM sbtest1 WHERE id BETWEEN 7283418 AND 7283517
	Index Scan using sbtest1_pkey on sbtest1  (cost=0.43..370.05 rows=94 width=121)
	  Index Cond: ((id >= 7283418) AND (id <= 7283517))

table 2 : explain SELECT c FROM sbtest2 WHERE id BETWEEN 2623585 AND 2623684
	Index Scan using sbtest2_pkey on sbtest2  (cost=0.43..399.87 rows=102 width=121)
	  Index Cond: ((id >= 2623585) AND (id <= 2623684))

table 3 : explain SELECT c FROM sbtest3 WHERE id BETWEEN 1809030 AND 1809129
	Index Scan using sbtest3_pkey on sbtest3  (cost=0.43..377.31 rows=97 width=121)
	  Index Cond: ((id >= 1809030) AND (id <= 1809129))

table 4 : explain SELECT c FROM sbtest4 WHERE id BETWEEN 9585317 AND 9585416
	Index Scan using sbtest4_pkey on sbtest4  (cost=0.43..357.14 rows=91 width=121)
	  Index Cond: ((id >= 9585317) AND (id <= 9585416))

table 5 : explain SELECT c FROM sbtest5 WHERE id BETWEEN 2408465 AND 2408564
	Index Scan using sbtest5_pkey on sbtest5  (cost=0.43..385.38 rows=98 width=121)
	  Index Cond: ((id >= 2408465) AND (id <= 2408564))

table 6 : explain SELECT c FROM sbtest6 WHERE id BETWEEN 2677727 AND 2677826
	Index Scan using sbtest6_pkey on sbtest6  (cost=0.43..390.27 rows=100 width=121)
	  Index Cond: ((id >= 2677727) AND (id <= 2677826))

table 7 : explain SELECT c FROM sbtest7 WHERE id BETWEEN 1590932 AND 1591031
	Index Scan using sbtest7_pkey on sbtest7  (cost=0.43..419.69 rows=107 width=121)
	  Index Cond: ((id >= 1590932) AND (id <= 1591031))

table 8 : explain SELECT c FROM sbtest8 WHERE id BETWEEN 3759113 AND 3759212
	Index Scan using sbtest8_pkey on sbtest8  (cost=0.43..361.31 rows=92 width=121)
	  Index Cond: ((id >= 3759113) AND (id <= 3759212))

for: simple_ranges
table 1 : explain SELECT c FROM sbtest1 WHERE id BETWEEN 2807795 AND 2807894
	Index Scan using sbtest1_pkey on sbtest1  (cost=0.43..373.94 rows=95 width=121)
	  Index Cond: ((id >= 2807795) AND (id <= 2807894))

table 2 : explain SELECT c FROM sbtest2 WHERE id BETWEEN 1228321 AND 1228420
	Index Scan using sbtest2_pkey on sbtest2  (cost=0.43..399.87 rows=102 width=121)
	  Index Cond: ((id >= 1228321) AND (id <= 1228420))

table 3 : explain SELECT c FROM sbtest3 WHERE id BETWEEN 4303920 AND 4304019
	Index Scan using sbtest3_pkey on sbtest3  (cost=0.43..442.66 rows=114 width=121)
	  Index Cond: ((id >= 4303920) AND (id <= 4304019))

table 4 : explain SELECT c FROM sbtest4 WHERE id BETWEEN 9233651 AND 9233750
	Index Scan using sbtest4_pkey on sbtest4  (cost=0.43..450.14 rows=115 width=121)
	  Index Cond: ((id >= 9233651) AND (id <= 9233750))

table 5 : explain SELECT c FROM sbtest5 WHERE id BETWEEN 7780223 AND 7780322
	Index Scan using sbtest5_pkey on sbtest5  (cost=0.43..404.84 rows=103 width=121)
	  Index Cond: ((id >= 7780223) AND (id <= 7780322))

table 6 : explain SELECT c FROM sbtest6 WHERE id BETWEEN 8891781 AND 8891880
	Index Scan using sbtest6_pkey on sbtest6  (cost=0.43..382.55 rows=98 width=121)
	  Index Cond: ((id >= 8891781) AND (id <= 8891880))

table 7 : explain SELECT c FROM sbtest7 WHERE id BETWEEN 1465011 AND 1465110
	Index Scan using sbtest7_pkey on sbtest7  (cost=0.43..373.11 rows=95 width=121)
	  Index Cond: ((id >= 1465011) AND (id <= 1465110))

table 8 : explain SELECT c FROM sbtest8 WHERE id BETWEEN 2580846 AND 2580945
	Index Scan using sbtest8_pkey on sbtest8  (cost=0.43..415.62 rows=106 width=121)
	  Index Cond: ((id >= 2580846) AND (id <= 2580945))

explain: for point_selects :: explain SELECT c FROM sbtest%u WHERE id=%u
explain: for point_selects :: explain SELECT c FROM sbtest%u WHERE id=%u
for: sum_ranges
table 1 : explain SELECT SUM(k) FROM sbtest1 WHERE id BETWEEN 9890683 AND 9890782
	Aggregate  (cost=381.96..381.97 rows=1 width=8)
	  ->  Index Scan using sbtest1_pkey on sbtest1  (cost=0.43..381.72 rows=97 width=4)
	        Index Cond: ((id >= 9890683) AND (id <= 9890782))

table 2 : explain SELECT SUM(k) FROM sbtest2 WHERE id BETWEEN 1773805 AND 1773904
	Aggregate  (cost=380.70..380.71 rows=1 width=8)
	  ->  Index Scan using sbtest2_pkey on sbtest2  (cost=0.43..380.46 rows=97 width=4)
	        Index Cond: ((id >= 1773805) AND (id <= 1773904))

table 3 : explain SELECT SUM(k) FROM sbtest3 WHERE id BETWEEN 1650300 AND 1650399
	Aggregate  (cost=381.39..381.40 rows=1 width=8)
	  ->  Index Scan using sbtest3_pkey on sbtest3  (cost=0.43..381.15 rows=98 width=4)
	        Index Cond: ((id >= 1650300) AND (id <= 1650399))

table 4 : explain SELECT SUM(k) FROM sbtest4 WHERE id BETWEEN 3452651 AND 3452750
	Aggregate  (cost=392.26..392.27 rows=1 width=8)
	  ->  Index Scan using sbtest4_pkey on sbtest4  (cost=0.43..392.01 rows=100 width=4)
	        Index Cond: ((id >= 3452651) AND (id <= 3452750))

table 5 : explain SELECT SUM(k) FROM sbtest5 WHERE id BETWEEN 8962843 AND 8962942
	Aggregate  (cost=401.21..401.22 rows=1 width=8)
	  ->  Index Scan using sbtest5_pkey on sbtest5  (cost=0.43..400.96 rows=102 width=4)
	        Index Cond: ((id >= 8962843) AND (id <= 8962942))

table 6 : explain SELECT SUM(k) FROM sbtest6 WHERE id BETWEEN 1715095 AND 1715194
	Aggregate  (cost=452.29..452.30 rows=1 width=8)
	  ->  Index Scan using sbtest6_pkey on sbtest6  (cost=0.43..452.00 rows=116 width=4)
	        Index Cond: ((id >= 1715095) AND (id <= 1715194))

table 7 : explain SELECT SUM(k) FROM sbtest7 WHERE id BETWEEN 3277137 AND 3277236
	Aggregate  (cost=431.60..431.61 rows=1 width=8)
	  ->  Index Scan using sbtest7_pkey on sbtest7  (cost=0.43..431.32 rows=110 width=4)
	        Index Cond: ((id >= 3277137) AND (id <= 3277236))

table 8 : explain SELECT SUM(k) FROM sbtest8 WHERE id BETWEEN 1811480 AND 1811579
	Aggregate  (cost=384.82..384.83 rows=1 width=8)
	  ->  Index Scan using sbtest8_pkey on sbtest8  (cost=0.43..384.57 rows=98 width=4)
	        Index Cond: ((id >= 1811480) AND (id <= 1811579))

for point_selects
table 1 : explain SELECT c FROM sbtest1 WHERE id=6461391
	Index Scan using sbtest1_pkey on sbtest1  (cost=0.43..8.45 rows=1 width=121)
	  Index Cond: (id = 6461391)

table 2 : explain SELECT c FROM sbtest2 WHERE id=3248068
	Index Scan using sbtest2_pkey on sbtest2  (cost=0.43..8.45 rows=1 width=121)
	  Index Cond: (id = 3248068)

table 3 : explain SELECT c FROM sbtest3 WHERE id=7366462
	Index Scan using sbtest3_pkey on sbtest3  (cost=0.43..8.45 rows=1 width=121)
	  Index Cond: (id = 7366462)

table 4 : explain SELECT c FROM sbtest4 WHERE id=1986039
	Index Scan using sbtest4_pkey on sbtest4  (cost=0.43..8.45 rows=1 width=121)
	  Index Cond: (id = 1986039)

table 5 : explain SELECT c FROM sbtest5 WHERE id=5919632
	Index Scan using sbtest5_pkey on sbtest5  (cost=0.43..8.45 rows=1 width=121)
	  Index Cond: (id = 5919632)

table 6 : explain SELECT c FROM sbtest6 WHERE id=5049556
	Index Scan using sbtest6_pkey on sbtest6  (cost=0.43..8.45 rows=1 width=121)
	  Index Cond: (id = 5049556)

table 7 : explain SELECT c FROM sbtest7 WHERE id=7275381
	Index Scan using sbtest7_pkey on sbtest7  (cost=0.43..8.45 rows=1 width=121)
	  Index Cond: (id = 7275381)

table 8 : explain SELECT c FROM sbtest8 WHERE id=1134523
	Index Scan using sbtest8_pkey on sbtest8  (cost=0.43..8.45 rows=1 width=121)
	  Index Cond: (id = 1134523)

explain: for point_selects :: explain SELECT c FROM sbtest%u WHERE id=%u
for: sum_ranges
table 1 : explain SELECT SUM(k) FROM sbtest1 WHERE id BETWEEN 8492685 AND 8492784
	Aggregate  (cost=362.51..362.52 rows=1 width=8)
	  ->  Index Scan using sbtest1_pkey on sbtest1  (cost=0.43..362.28 rows=92 width=4)
	        Index Cond: ((id >= 8492685) AND (id <= 8492784))

table 2 : explain SELECT SUM(k) FROM sbtest2 WHERE id BETWEEN 5619234 AND 5619333
	Aggregate  (cost=376.82..376.83 rows=1 width=8)
	  ->  Index Scan using sbtest2_pkey on sbtest2  (cost=0.43..376.58 rows=96 width=4)
	        Index Cond: ((id >= 5619234) AND (id <= 5619333))

table 3 : explain SELECT SUM(k) FROM sbtest3 WHERE id BETWEEN 2280802 AND 2280901
	Aggregate  (cost=381.39..381.40 rows=1 width=8)
	  ->  Index Scan using sbtest3_pkey on sbtest3  (cost=0.43..381.15 rows=98 width=4)
	        Index Cond: ((id >= 2280802) AND (id <= 2280901))

table 4 : explain SELECT SUM(k) FROM sbtest4 WHERE id BETWEEN 8714364 AND 8714463
	Aggregate  (cost=372.88..372.89 rows=1 width=8)
	  ->  Index Scan using sbtest4_pkey on sbtest4  (cost=0.43..372.64 rows=95 width=4)
	        Index Cond: ((id >= 8714364) AND (id <= 8714463))

table 5 : explain SELECT SUM(k) FROM sbtest5 WHERE id BETWEEN 8238310 AND 8238409
	Aggregate  (cost=385.63..385.64 rows=1 width=8)
	  ->  Index Scan using sbtest5_pkey on sbtest5  (cost=0.43..385.38 rows=98 width=4)
	        Index Cond: ((id >= 8238310) AND (id <= 8238409))

table 6 : explain SELECT SUM(k) FROM sbtest6 WHERE id BETWEEN 8092859 AND 8092958
	Aggregate  (cost=413.71..413.72 rows=1 width=8)
	  ->  Index Scan using sbtest6_pkey on sbtest6  (cost=0.43..413.44 rows=106 width=4)
	        Index Cond: ((id >= 8092859) AND (id <= 8092958))

table 7 : explain SELECT SUM(k) FROM sbtest7 WHERE id BETWEEN 6888014 AND 6888113
	Aggregate  (cost=381.11..381.12 rows=1 width=8)
	  ->  Index Scan using sbtest7_pkey on sbtest7  (cost=0.43..380.86 rows=97 width=4)
	        Index Cond: ((id >= 6888014) AND (id <= 6888113))

table 8 : explain SELECT SUM(k) FROM sbtest8 WHERE id BETWEEN 2915526 AND 2915625
	Aggregate  (cost=431.40..431.41 rows=1 width=8)
	  ->  Index Scan using sbtest8_pkey on sbtest8  (cost=0.43..431.13 rows=110 width=4)
	        Index Cond: ((id >= 2915526) AND (id <= 2915625))

for: simple_ranges
table 1 : explain SELECT c FROM sbtest1 WHERE id BETWEEN 1019571 AND 1019670
	Index Scan using sbtest1_pkey on sbtest1  (cost=0.43..401.19 rows=102 width=121)
	  Index Cond: ((id >= 1019571) AND (id <= 1019670))

table 2 : explain SELECT c FROM sbtest2 WHERE id BETWEEN 939465 AND 939564
	Index Scan using sbtest2_pkey on sbtest2  (cost=0.43..368.84 rows=94 width=121)
	  Index Cond: ((id >= 939465) AND (id <= 939564))

table 3 : explain SELECT c FROM sbtest3 WHERE id BETWEEN 6894517 AND 6894616
	Index Scan using sbtest3_pkey on sbtest3  (cost=0.43..377.31 rows=97 width=121)
	  Index Cond: ((id >= 6894517) AND (id <= 6894616))

table 4 : explain SELECT c FROM sbtest4 WHERE id BETWEEN 8523212 AND 8523311
	Index Scan using sbtest4_pkey on sbtest4  (cost=0.43..395.92 rows=101 width=121)
	  Index Cond: ((id >= 8523212) AND (id <= 8523311))

table 5 : explain SELECT c FROM sbtest5 WHERE id BETWEEN 5535185 AND 5535284
	Index Scan using sbtest5_pkey on sbtest5  (cost=0.43..362.07 rows=92 width=121)
	  Index Cond: ((id >= 5535185) AND (id <= 5535284))

table 6 : explain SELECT c FROM sbtest6 WHERE id BETWEEN 7555721 AND 7555820
	Index Scan using sbtest6_pkey on sbtest6  (cost=0.43..401.87 rows=103 width=121)
	  Index Cond: ((id >= 7555721) AND (id <= 7555820))

table 7 : explain SELECT c FROM sbtest7 WHERE id BETWEEN 9020504 AND 9020603
	Index Scan using sbtest7_pkey on sbtest7  (cost=0.43..392.54 rows=100 width=121)
	  Index Cond: ((id >= 9020504) AND (id <= 9020603))

table 8 : explain SELECT c FROM sbtest8 WHERE id BETWEEN 7812723 AND 7812822
	Index Scan using sbtest8_pkey on sbtest8  (cost=0.43..372.94 rows=95 width=121)
	  Index Cond: ((id >= 7812723) AND (id <= 7812822))

for: sum_ranges
table 1 : explain SELECT SUM(k) FROM sbtest1 WHERE id BETWEEN 1766157 AND 1766256
	Aggregate  (cost=370.29..370.30 rows=1 width=8)
	  ->  Index Scan using sbtest1_pkey on sbtest1  (cost=0.43..370.05 rows=94 width=4)
	        Index Cond: ((id >= 1766157) AND (id <= 1766256))

table 2 : explain SELECT SUM(k) FROM sbtest2 WHERE id BETWEEN 8895412 AND 8895511
	Aggregate  (cost=369.07..369.08 rows=1 width=8)
	  ->  Index Scan using sbtest2_pkey on sbtest2  (cost=0.43..368.84 rows=94 width=4)
	        Index Cond: ((id >= 8895412) AND (id <= 8895511))

table 3 : explain SELECT SUM(k) FROM sbtest3 WHERE id BETWEEN 8025618 AND 8025717
	Aggregate  (cost=369.86..369.87 rows=1 width=8)
	  ->  Index Scan using sbtest3_pkey on sbtest3  (cost=0.43..369.63 rows=95 width=4)
	        Index Cond: ((id >= 8025618) AND (id <= 8025717))

table 4 : explain SELECT SUM(k) FROM sbtest4 WHERE id BETWEEN 8890915 AND 8891014
	Aggregate  (cost=423.30..423.31 rows=1 width=8)
	  ->  Index Scan using sbtest4_pkey on sbtest4  (cost=0.43..423.03 rows=108 width=4)
	        Index Cond: ((id >= 8890915) AND (id <= 8891014))

table 5 : explain SELECT SUM(k) FROM sbtest5 WHERE id BETWEEN 4887269 AND 4887368
	Aggregate  (cost=389.55..389.56 rows=1 width=8)
	  ->  Index Scan using sbtest5_pkey on sbtest5  (cost=0.43..389.30 rows=99 width=4)
	        Index Cond: ((id >= 4887269) AND (id <= 4887368))

table 6 : explain SELECT SUM(k) FROM sbtest6 WHERE id BETWEEN 7874297 AND 7874396
	Aggregate  (cost=371.22..371.23 rows=1 width=8)
	  ->  Index Scan using sbtest6_pkey on sbtest6  (cost=0.43..370.99 rows=95 width=4)
	        Index Cond: ((id >= 7874297) AND (id <= 7874396))

table 7 : explain SELECT SUM(k) FROM sbtest7 WHERE id BETWEEN 3541430 AND 3541529
	Aggregate  (cost=396.67..396.68 rows=1 width=8)
	  ->  Index Scan using sbtest7_pkey on sbtest7  (cost=0.43..396.41 rows=101 width=4)
	        Index Cond: ((id >= 3541430) AND (id <= 3541529))

table 8 : explain SELECT SUM(k) FROM sbtest8 WHERE id BETWEEN 6102827 AND 6102926
	Aggregate  (cost=377.06..377.07 rows=1 width=8)
	  ->  Index Scan using sbtest8_pkey on sbtest8  (cost=0.43..376.82 rows=96 width=4)
	        Index Cond: ((id >= 6102827) AND (id <= 6102926))

for: order_ranges
table 1 : explain SELECT c FROM sbtest1 WHERE id BETWEEN 6454198 AND 6454297 ORDER BY c
	Sort  (cost=424.23..424.50 rows=107 width=121)
	  Sort Key: c
	  ->  Index Scan using sbtest1_pkey on sbtest1  (cost=0.43..420.62 rows=107 width=121)
	        Index Cond: ((id >= 6454198) AND (id <= 6454297))

table 2 : explain SELECT c FROM sbtest2 WHERE id BETWEEN 2497518 AND 2497617 ORDER BY c
	Sort  (cost=418.93..419.19 rows=106 width=121)
	  Sort Key: c
	  ->  Index Scan using sbtest2_pkey on sbtest2  (cost=0.43..415.36 rows=106 width=121)
	        Index Cond: ((id >= 2497518) AND (id <= 2497617))

table 3 : explain SELECT c FROM sbtest3 WHERE id BETWEEN 1235588 AND 1235687 ORDER BY c
	Sort  (cost=399.96..400.22 rows=102 width=121)
	  Sort Key: c
	  ->  Index Scan using sbtest3_pkey on sbtest3  (cost=0.43..396.56 rows=102 width=121)
	        Index Cond: ((id >= 1235588) AND (id <= 1235687))

table 4 : explain SELECT c FROM sbtest4 WHERE id BETWEEN 842808 AND 842907 ORDER BY c
	Sort  (cost=371.84..372.08 rows=94 width=121)
	  Sort Key: c
	  ->  Index Scan using sbtest4_pkey on sbtest4  (cost=0.43..368.76 rows=94 width=121)
	        Index Cond: ((id >= 842808) AND (id <= 842907))

table 5 : explain SELECT c FROM sbtest5 WHERE id BETWEEN 6116955 AND 6117054 ORDER BY c
	Sort  (cost=384.70..384.94 rows=97 width=121)
	  Sort Key: c
	  ->  Index Scan using sbtest5_pkey on sbtest5  (cost=0.43..381.50 rows=97 width=121)
	        Index Cond: ((id >= 6116955) AND (id <= 6117054))

table 6 : explain SELECT c FROM sbtest6 WHERE id BETWEEN 7116357 AND 7116456 ORDER BY c
	Sort  (cost=362.42..362.65 rows=92 width=121)
	  Sort Key: c
	  ->  Index Scan using sbtest6_pkey on sbtest6  (cost=0.43..359.42 rows=92 width=121)
	        Index Cond: ((id >= 7116357) AND (id <= 7116456))

table 7 : explain SELECT c FROM sbtest7 WHERE id BETWEEN 2066273 AND 2066372 ORDER BY c
	Sort  (cost=399.78..400.03 rows=101 width=121)
	  Sort Key: c
	  ->  Index Scan using sbtest7_pkey on sbtest7  (cost=0.43..396.41 rows=101 width=121)
	        Index Cond: ((id >= 2066273) AND (id <= 2066372))

table 8 : explain SELECT c FROM sbtest8 WHERE id BETWEEN 6267201 AND 6267300 ORDER BY c
	Sort  (cost=407.44..407.69 rows=103 width=121)
	  Sort Key: c
	  ->  Index Scan using sbtest8_pkey on sbtest8  (cost=0.43..403.99 rows=103 width=121)
	        Index Cond: ((id >= 6267201) AND (id <= 6267300))

for: order_ranges
table 1 : explain SELECT c FROM sbtest1 WHERE id BETWEEN 5553631 AND 5553730 ORDER BY c
	Sort  (cost=428.16..428.43 rows=108 width=121)
	  Sort Key: c
	  ->  Index Scan using sbtest1_pkey on sbtest1  (cost=0.43..424.51 rows=108 width=121)
	        Index Cond: ((id >= 5553631) AND (id <= 5553730))

table 2 : explain SELECT c FROM sbtest2 WHERE id BETWEEN 2439280 AND 2439379 ORDER BY c
	Sort  (cost=379.74..379.98 rows=96 width=121)
	  Sort Key: c
	  ->  Index Scan using sbtest2_pkey on sbtest2  (cost=0.43..376.58 rows=96 width=121)
	        Index Cond: ((id >= 2439280) AND (id <= 2439379))

table 3 : explain SELECT c FROM sbtest3 WHERE id BETWEEN 3282895 AND 3282994 ORDER BY c
	Sort  (cost=396.08..396.33 rows=101 width=121)
	  Sort Key: c
	  ->  Index Scan using sbtest3_pkey on sbtest3  (cost=0.43..392.72 rows=101 width=121)
	        Index Cond: ((id >= 3282895) AND (id <= 3282994))

table 4 : explain SELECT c FROM sbtest4 WHERE id BETWEEN 1018949 AND 1019048 ORDER BY c
	Sort  (cost=367.93..368.16 rows=93 width=121)
	  Sort Key: c
	  ->  Index Scan using sbtest4_pkey on sbtest4  (cost=0.43..364.89 rows=93 width=121)
	        Index Cond: ((id >= 1018949) AND (id <= 1019048))

table 5 : explain SELECT c FROM sbtest5 WHERE id BETWEEN 6317016 AND 6317115 ORDER BY c
	Sort  (cost=365.07..365.30 rows=92 width=121)
	  Sort Key: c
	  ->  Index Scan using sbtest5_pkey on sbtest5  (cost=0.43..362.07 rows=92 width=121)
	        Index Cond: ((id >= 6317016) AND (id <= 6317115))

table 6 : explain SELECT c FROM sbtest6 WHERE id BETWEEN 9098569 AND 9098668 ORDER BY c
	Sort  (cost=413.11..413.37 rows=105 width=121)
	  Sort Key: c
	  ->  Index Scan using sbtest6_pkey on sbtest6  (cost=0.43..409.59 rows=105 width=121)
	        Index Cond: ((id >= 9098569) AND (id <= 9098668))

table 7 : explain SELECT c FROM sbtest7 WHERE id BETWEEN 604317 AND 604416 ORDER BY c
	Sort  (cost=372.31..372.54 rows=94 width=121)
	  Sort Key: c
	  ->  Index Scan using sbtest7_pkey on sbtest7  (cost=0.43..369.23 rows=94 width=121)
	        Index Cond: ((id >= 604317) AND (id <= 604416))

table 8 : explain SELECT c FROM sbtest8 WHERE id BETWEEN 5344084 AND 5344183 ORDER BY c
	Sort  (cost=395.68..395.93 rows=100 width=121)
	  Sort Key: c
	  ->  Index Scan using sbtest8_pkey on sbtest8  (cost=0.43..392.36 rows=100 width=121)
	        Index Cond: ((id >= 5344084) AND (id <= 5344183))

for point_selects
table 1 : explain SELECT c FROM sbtest1 WHERE id=8276852
	Index Scan using sbtest1_pkey on sbtest1  (cost=0.43..8.45 rows=1 width=121)
	  Index Cond: (id = 8276852)

table 2 : explain SELECT c FROM sbtest2 WHERE id=2456422
	Index Scan using sbtest2_pkey on sbtest2  (cost=0.43..8.45 rows=1 width=121)
	  Index Cond: (id = 2456422)

table 3 : explain SELECT c FROM sbtest3 WHERE id=1909425
	Index Scan using sbtest3_pkey on sbtest3  (cost=0.43..8.45 rows=1 width=121)
	  Index Cond: (id = 1909425)

table 4 : explain SELECT c FROM sbtest4 WHERE id=6398658
	Index Scan using sbtest4_pkey on sbtest4  (cost=0.43..8.45 rows=1 width=121)
	  Index Cond: (id = 6398658)

table 5 : explain SELECT c FROM sbtest5 WHERE id=9444987
	Index Scan using sbtest5_pkey on sbtest5  (cost=0.43..8.45 rows=1 width=121)
	  Index Cond: (id = 9444987)

table 6 : explain SELECT c FROM sbtest6 WHERE id=5929121
	Index Scan using sbtest6_pkey on sbtest6  (cost=0.43..8.45 rows=1 width=121)
	  Index Cond: (id = 5929121)

table 7 : explain SELECT c FROM sbtest7 WHERE id=9849572
	Index Scan using sbtest7_pkey on sbtest7  (cost=0.43..8.45 rows=1 width=121)
	  Index Cond: (id = 9849572)

table 8 : explain SELECT c FROM sbtest8 WHERE id=1384605
	Index Scan using sbtest8_pkey on sbtest8  (cost=0.43..8.45 rows=1 width=121)
	  Index Cond: (id = 1384605)

explain: for point_selects :: explain SELECT c FROM sbtest%u WHERE id=%u
explain: for point_selects :: explain SELECT c FROM sbtest%u WHERE id=%u
for point_selects
table 1 : explain SELECT c FROM sbtest1 WHERE id=4045175
	Index Scan using sbtest1_pkey on sbtest1  (cost=0.43..8.45 rows=1 width=121)
	  Index Cond: (id = 4045175)

table 2 : explain SELECT c FROM sbtest2 WHERE id=3265860
	Index Scan using sbtest2_pkey on sbtest2  (cost=0.43..8.45 rows=1 width=121)
	  Index Cond: (id = 3265860)

table 3 : explain SELECT c FROM sbtest3 WHERE id=6303645
	Index Scan using sbtest3_pkey on sbtest3  (cost=0.43..8.45 rows=1 width=121)
	  Index Cond: (id = 6303645)

table 4 : explain SELECT c FROM sbtest4 WHERE id=7571912
	Index Scan using sbtest4_pkey on sbtest4  (cost=0.43..8.45 rows=1 width=121)
	  Index Cond: (id = 7571912)

table 5 : explain SELECT c FROM sbtest5 WHERE id=5218300
	Index Scan using sbtest5_pkey on sbtest5  (cost=0.43..8.45 rows=1 width=121)
	  Index Cond: (id = 5218300)

table 6 : explain SELECT c FROM sbtest6 WHERE id=7001110
	Index Scan using sbtest6_pkey on sbtest6  (cost=0.43..8.45 rows=1 width=121)
	  Index Cond: (id = 7001110)

table 7 : explain SELECT c FROM sbtest7 WHERE id=9830290
	Index Scan using sbtest7_pkey on sbtest7  (cost=0.43..8.45 rows=1 width=121)
	  Index Cond: (id = 9830290)

table 8 : explain SELECT c FROM sbtest8 WHERE id=4754942
	Index Scan using sbtest8_pkey on sbtest8  (cost=0.43..8.45 rows=1 width=121)
	  Index Cond: (id = 4754942)

explain: for point_selects :: explain SELECT c FROM sbtest%u WHERE id=%u
for: simple_ranges
table 1 : explain SELECT c FROM sbtest1 WHERE id BETWEEN 7688027 AND 7688126
	Index Scan using sbtest1_pkey on sbtest1  (cost=0.43..370.05 rows=94 width=121)
	  Index Cond: ((id >= 7688027) AND (id <= 7688126))

table 2 : explain SELECT c FROM sbtest2 WHERE id BETWEEN 8179973 AND 8180072
	Index Scan using sbtest2_pkey on sbtest2  (cost=0.43..372.71 rows=95 width=121)
	  Index Cond: ((id >= 8179973) AND (id <= 8180072))

table 3 : explain SELECT c FROM sbtest3 WHERE id BETWEEN 8441614 AND 8441713
	Index Scan using sbtest3_pkey on sbtest3  (cost=0.43..365.78 rows=94 width=121)
	  Index Cond: ((id >= 8441614) AND (id <= 8441713))

table 4 : explain SELECT c FROM sbtest4 WHERE id BETWEEN 8240548 AND 8240647
	Index Scan using sbtest4_pkey on sbtest4  (cost=0.43..349.40 rows=89 width=121)
	  Index Cond: ((id >= 8240548) AND (id <= 8240647))

table 5 : explain SELECT c FROM sbtest5 WHERE id BETWEEN 3180469 AND 3180568
	Index Scan using sbtest5_pkey on sbtest5  (cost=0.43..408.73 rows=104 width=121)
	  Index Cond: ((id >= 3180469) AND (id <= 3180568))

table 6 : explain SELECT c FROM sbtest6 WHERE id BETWEEN 5913347 AND 5913446
	Index Scan using sbtest6_pkey on sbtest6  (cost=0.43..378.70 rows=97 width=121)
	  Index Cond: ((id >= 5913347) AND (id <= 5913446))

table 7 : explain SELECT c FROM sbtest7 WHERE id BETWEEN 4856405 AND 4856504
	Index Scan using sbtest7_pkey on sbtest7  (cost=0.43..411.93 rows=105 width=121)
	  Index Cond: ((id >= 4856405) AND (id <= 4856504))

table 8 : explain SELECT c FROM sbtest8 WHERE id BETWEEN 241223 AND 241322
	Index Scan using sbtest8_pkey on sbtest8  (cost=0.43..392.36 rows=100 width=121)
	  Index Cond: ((id >= 241223) AND (id <= 241322))

for: distinct_ranges
table 1 : explain SELECT DISTINCT c FROM sbtest1 WHERE id BETWEEN 6945605 AND 6945704 ORDER BY c
	Unique  (cost=420.30..420.83 rows=106 width=121)
	  ->  Sort  (cost=420.30..420.57 rows=106 width=121)
	        Sort Key: c
	        ->  Index Scan using sbtest1_pkey on sbtest1  (cost=0.43..416.74 rows=106 width=121)
	              Index Cond: ((id >= 6945605) AND (id <= 6945704))

table 2 : explain SELECT DISTINCT c FROM sbtest2 WHERE id BETWEEN 8683524 AND 8683623 ORDER BY c
	Unique  (cost=368.00..368.47 rows=93 width=121)
	  ->  Sort  (cost=368.00..368.23 rows=93 width=121)
	        Sort Key: c
	        ->  Index Scan using sbtest2_pkey on sbtest2  (cost=0.43..364.96 rows=93 width=121)
	              Index Cond: ((id >= 8683524) AND (id <= 8683623))

table 3 : explain SELECT DISTINCT c FROM sbtest3 WHERE id BETWEEN 3911598 AND 3911697 ORDER BY c
	Unique  (cost=388.27..388.77 rows=99 width=121)
	  ->  Sort  (cost=388.27..388.52 rows=99 width=121)
	        Sort Key: c
	        ->  Index Scan using sbtest3_pkey on sbtest3  (cost=0.43..384.99 rows=99 width=121)
	              Index Cond: ((id >= 3911598) AND (id <= 3911697))

table 4 : explain SELECT DISTINCT c FROM sbtest4 WHERE id BETWEEN 5131990 AND 5132089 ORDER BY c
	Unique  (cost=364.02..364.48 rows=92 width=121)
	  ->  Sort  (cost=364.02..364.25 rows=92 width=121)
	        Sort Key: c
	        ->  Index Scan using sbtest4_pkey on sbtest4  (cost=0.43..361.02 rows=92 width=121)
	              Index Cond: ((id >= 5131990) AND (id <= 5132089))

table 5 : explain SELECT DISTINCT c FROM sbtest5 WHERE id BETWEEN 8943073 AND 8943172 ORDER BY c
	Unique  (cost=404.36..404.87 rows=102 width=121)
	  ->  Sort  (cost=404.36..404.61 rows=102 width=121)
	        Sort Key: c
	        ->  Index Scan using sbtest5_pkey on sbtest5  (cost=0.43..400.96 rows=102 width=121)
	              Index Cond: ((id >= 8943073) AND (id <= 8943172))

table 6 : explain SELECT DISTINCT c FROM sbtest6 WHERE id BETWEEN 3607106 AND 3607205 ORDER BY c
	Unique  (cost=381.90..382.38 rows=97 width=121)
	  ->  Sort  (cost=381.90..382.14 rows=97 width=121)
	        Sort Key: c
	        ->  Index Scan using sbtest6_pkey on sbtest6  (cost=0.43..378.70 rows=97 width=121)
	              Index Cond: ((id >= 3607106) AND (id <= 3607205))

table 7 : explain SELECT DISTINCT c FROM sbtest7 WHERE id BETWEEN 1013502 AND 1013601 ORDER BY c
	Unique  (cost=376.23..376.70 rows=95 width=121)
	  ->  Sort  (cost=376.23..376.47 rows=95 width=121)
	        Sort Key: c
	        ->  Index Scan using sbtest7_pkey on sbtest7  (cost=0.43..373.11 rows=95 width=121)
	              Index Cond: ((id >= 1013502) AND (id <= 1013601))

table 8 : explain SELECT DISTINCT c FROM sbtest8 WHERE id BETWEEN 7651590 AND 7651689 ORDER BY c
	Unique  (cost=391.77..392.26 rows=99 width=121)
	  ->  Sort  (cost=391.77..392.01 rows=99 width=121)
	        Sort Key: c
	        ->  Index Scan using sbtest8_pkey on sbtest8  (cost=0.43..388.48 rows=99 width=121)
	              Index Cond: ((id >= 7651590) AND (id <= 7651689))

for: distinct_ranges
table 1 : explain SELECT DISTINCT c FROM sbtest1 WHERE id BETWEEN 680447 AND 680546 ORDER BY c
	Unique  (cost=416.37..416.90 rows=105 width=121)
	  ->  Sort  (cost=416.37..416.64 rows=105 width=121)
	        Sort Key: c
	        ->  Index Scan using sbtest1_pkey on sbtest1  (cost=0.43..412.85 rows=105 width=121)
	              Index Cond: ((id >= 680447) AND (id <= 680546))

table 2 : explain SELECT DISTINCT c FROM sbtest2 WHERE id BETWEEN 5591264 AND 5591363 ORDER BY c
	Unique  (cost=379.74..380.22 rows=96 width=121)
	  ->  Sort  (cost=379.74..379.98 rows=96 width=121)
	        Sort Key: c
	        ->  Index Scan using sbtest2_pkey on sbtest2  (cost=0.43..376.58 rows=96 width=121)
	              Index Cond: ((id >= 5591264) AND (id <= 5591363))

table 3 : explain SELECT DISTINCT c FROM sbtest3 WHERE id BETWEEN 1285424 AND 1285523 ORDER BY c
	Unique  (cost=388.27..388.77 rows=99 width=121)
	  ->  Sort  (cost=388.27..388.52 rows=99 width=121)
	        Sort Key: c
	        ->  Index Scan using sbtest3_pkey on sbtest3  (cost=0.43..384.99 rows=99 width=121)
	              Index Cond: ((id >= 1285424) AND (id <= 1285523))

table 4 : explain SELECT DISTINCT c FROM sbtest4 WHERE id BETWEEN 3427096 AND 3427195 ORDER BY c
	Unique  (cost=395.33..395.83 rows=100 width=121)
	  ->  Sort  (cost=395.33..395.58 rows=100 width=121)
	        Sort Key: c
	        ->  Index Scan using sbtest4_pkey on sbtest4  (cost=0.43..392.01 rows=100 width=121)
	              Index Cond: ((id >= 3427096) AND (id <= 3427195))

table 5 : explain SELECT DISTINCT c FROM sbtest5 WHERE id BETWEEN 4162422 AND 4162521 ORDER BY c
	Unique  (cost=369.00..369.46 rows=93 width=121)
	  ->  Sort  (cost=369.00..369.23 rows=93 width=121)
	        Sort Key: c
	        ->  Index Scan using sbtest5_pkey on sbtest5  (cost=0.43..365.96 rows=93 width=121)
	              Index Cond: ((id >= 4162422) AND (id <= 4162521))

table 6 : explain SELECT DISTINCT c FROM sbtest6 WHERE id BETWEEN 5229995 AND 5230094 ORDER BY c
	Unique  (cost=413.11..413.64 rows=105 width=121)
	  ->  Sort  (cost=413.11..413.37 rows=105 width=121)
	        Sort Key: c
	        ->  Index Scan using sbtest6_pkey on sbtest6  (cost=0.43..409.59 rows=105 width=121)
	              Index Cond: ((id >= 5229995) AND (id <= 5230094))

table 7 : explain SELECT DISTINCT c FROM sbtest7 WHERE id BETWEEN 5095042 AND 5095141 ORDER BY c
	Unique  (cost=391.94..392.43 rows=99 width=121)
	  ->  Sort  (cost=391.94..392.19 rows=99 width=121)
	        Sort Key: c
	        ->  Index Scan using sbtest7_pkey on sbtest7  (cost=0.43..388.66 rows=99 width=121)
	              Index Cond: ((id >= 5095042) AND (id <= 5095141))

table 8 : explain SELECT DISTINCT c FROM sbtest8 WHERE id BETWEEN 6726509 AND 6726608 ORDER BY c
	Unique  (cost=387.81..388.30 rows=98 width=121)
	  ->  Sort  (cost=387.81..388.06 rows=98 width=121)
	        Sort Key: c
	        ->  Index Scan using sbtest8_pkey on sbtest8  (cost=0.43..384.57 rows=98 width=121)
	              Index Cond: ((id >= 6726509) AND (id <= 6726608))

for: order_ranges
table 1 : explain SELECT c FROM sbtest1 WHERE id BETWEEN 9345774 AND 9345873 ORDER BY c
	Sort  (cost=373.13..373.37 rows=94 width=121)
	  Sort Key: c
	  ->  Index Scan using sbtest1_pkey on sbtest1  (cost=0.43..370.05 rows=94 width=121)
	        Index Cond: ((id >= 9345774) AND (id <= 9345873))

table 2 : explain SELECT c FROM sbtest2 WHERE id BETWEEN 7796058 AND 7796157 ORDER BY c
	Sort  (cost=368.00..368.23 rows=93 width=121)
	  Sort Key: c
	  ->  Index Scan using sbtest2_pkey on sbtest2  (cost=0.43..364.96 rows=93 width=121)
	        Index Cond: ((id >= 7796058) AND (id <= 7796157))

table 3 : explain SELECT c FROM sbtest3 WHERE id BETWEEN 6436702 AND 6436801 ORDER BY c
	Sort  (cost=431.02..431.29 rows=110 width=121)
	  Sort Key: c
	  ->  Index Scan using sbtest3_pkey on sbtest3  (cost=0.43..427.29 rows=110 width=121)
	        Index Cond: ((id >= 6436702) AND (id <= 6436801))

table 4 : explain SELECT c FROM sbtest4 WHERE id BETWEEN 4882477 AND 4882576 ORDER BY c
	Sort  (cost=407.11..407.36 rows=103 width=121)
	  Sort Key: c
	  ->  Index Scan using sbtest4_pkey on sbtest4  (cost=0.43..403.66 rows=103 width=121)
	        Index Cond: ((id >= 4882477) AND (id <= 4882576))

table 5 : explain SELECT c FROM sbtest5 WHERE id BETWEEN 7774669 AND 7774768 ORDER BY c
	Sort  (cost=408.28..408.54 rows=103 width=121)
	  Sort Key: c
	  ->  Index Scan using sbtest5_pkey on sbtest5  (cost=0.43..404.84 rows=103 width=121)
	        Index Cond: ((id >= 7774669) AND (id <= 7774768))

table 6 : explain SELECT c FROM sbtest6 WHERE id BETWEEN 1066763 AND 1066862 ORDER BY c
	Sort  (cost=389.69..389.94 rows=99 width=121)
	  Sort Key: c
	  ->  Index Scan using sbtest6_pkey on sbtest6  (cost=0.43..386.41 rows=99 width=121)
	        Index Cond: ((id >= 1066763) AND (id <= 1066862))

table 7 : explain SELECT c FROM sbtest7 WHERE id BETWEEN 7352751 AND 7352850 ORDER BY c
	Sort  (cost=415.45..415.72 rows=105 width=121)
	  Sort Key: c
	  ->  Index Scan using sbtest7_pkey on sbtest7  (cost=0.43..411.93 rows=105 width=121)
	        Index Cond: ((id >= 7352751) AND (id <= 7352850))

table 8 : explain SELECT c FROM sbtest8 WHERE id BETWEEN 5019026 AND 5019125 ORDER BY c
	Sort  (cost=344.73..344.95 rows=87 width=121)
	  Sort Key: c
	  ->  Index Scan using sbtest8_pkey on sbtest8  (cost=0.43..341.93 rows=87 width=121)
	        Index Cond: ((id >= 5019026) AND (id <= 5019125))

for point_selects
table 1 : explain SELECT c FROM sbtest1 WHERE id=2085168
	Index Scan using sbtest1_pkey on sbtest1  (cost=0.43..8.45 rows=1 width=121)
	  Index Cond: (id = 2085168)

table 2 : explain SELECT c FROM sbtest2 WHERE id=4489480
	Index Scan using sbtest2_pkey on sbtest2  (cost=0.43..8.45 rows=1 width=121)
	  Index Cond: (id = 4489480)

table 3 : explain SELECT c FROM sbtest3 WHERE id=7865090
	Index Scan using sbtest3_pkey on sbtest3  (cost=0.43..8.45 rows=1 width=121)
	  Index Cond: (id = 7865090)

table 4 : explain SELECT c FROM sbtest4 WHERE id=1229964
	Index Scan using sbtest4_pkey on sbtest4  (cost=0.43..8.45 rows=1 width=121)
	  Index Cond: (id = 1229964)

table 5 : explain SELECT c FROM sbtest5 WHERE id=4648229
	Index Scan using sbtest5_pkey on sbtest5  (cost=0.43..8.45 rows=1 width=121)
	  Index Cond: (id = 4648229)

table 6 : explain SELECT c FROM sbtest6 WHERE id=3349158
	Index Scan using sbtest6_pkey on sbtest6  (cost=0.43..8.45 rows=1 width=121)
	  Index Cond: (id = 3349158)

table 7 : explain SELECT c FROM sbtest7 WHERE id=9238298
	Index Scan using sbtest7_pkey on sbtest7  (cost=0.43..8.45 rows=1 width=121)
	  Index Cond: (id = 9238298)

table 8 : explain SELECT c FROM sbtest8 WHERE id=9496294
	Index Scan using sbtest8_pkey on sbtest8  (cost=0.43..8.45 rows=1 width=121)
	  Index Cond: (id = 9496294)

for: distinct_ranges
table 1 : explain SELECT DISTINCT c FROM sbtest1 WHERE id BETWEEN 7353328 AND 7353427 ORDER BY c
	Unique  (cost=373.13..373.60 rows=94 width=121)
	  ->  Sort  (cost=373.13..373.37 rows=94 width=121)
	        Sort Key: c
	        ->  Index Scan using sbtest1_pkey on sbtest1  (cost=0.43..370.05 rows=94 width=121)
	              Index Cond: ((id >= 7353328) AND (id <= 7353427))

table 2 : explain SELECT DISTINCT c FROM sbtest2 WHERE id BETWEEN 2089012 AND 2089111 ORDER BY c
	Unique  (cost=395.40..395.90 rows=100 width=121)
	  ->  Sort  (cost=395.40..395.65 rows=100 width=121)
	        Sort Key: c
	        ->  Index Scan using sbtest2_pkey on sbtest2  (cost=0.43..392.08 rows=100 width=121)
	              Index Cond: ((id >= 2089012) AND (id <= 2089111))

table 3 : explain SELECT DISTINCT c FROM sbtest3 WHERE id BETWEEN 3227635 AND 3227734 ORDER BY c
	Unique  (cost=396.08..396.59 rows=101 width=121)
	  ->  Sort  (cost=396.08..396.33 rows=101 width=121)
	        Sort Key: c
	        ->  Index Scan using sbtest3_pkey on sbtest3  (cost=0.43..392.72 rows=101 width=121)
	              Index Cond: ((id >= 3227635) AND (id <= 3227734))

table 4 : explain SELECT DISTINCT c FROM sbtest4 WHERE id BETWEEN 4722753 AND 4722852 ORDER BY c
	Unique  (cost=418.85..419.38 rows=106 width=121)
	  ->  Sort  (cost=418.85..419.11 rows=106 width=121)
	        Sort Key: c
	        ->  Index Scan using sbtest4_pkey on sbtest4  (cost=0.43..415.28 rows=106 width=121)
	              Index Cond: ((id >= 4722753) AND (id <= 4722852))

table 5 : explain SELECT DISTINCT c FROM sbtest5 WHERE id BETWEEN 849512 AND 849611 ORDER BY c
	Unique  (cost=408.28..408.80 rows=103 width=121)
	  ->  Sort  (cost=408.28..408.54 rows=103 width=121)
	        Sort Key: c
	        ->  Index Scan using sbtest5_pkey on sbtest5  (cost=0.43..404.84 rows=103 width=121)
	              Index Cond: ((id >= 849512) AND (id <= 849611))

table 6 : explain SELECT DISTINCT c FROM sbtest6 WHERE id BETWEEN 3730867 AND 3730966 ORDER BY c
	Unique  (cost=440.39..440.95 rows=112 width=121)
	  ->  Sort  (cost=440.39..440.67 rows=112 width=121)
	        Sort Key: c
	        ->  Index Scan using sbtest6_pkey on sbtest6  (cost=0.43..436.58 rows=112 width=121)
	              Index Cond: ((id >= 3730867) AND (id <= 3730966))

table 7 : explain SELECT DISTINCT c FROM sbtest7 WHERE id BETWEEN 2702620 AND 2702719 ORDER BY c
	Unique  (cost=411.53..412.05 rows=104 width=121)
	  ->  Sort  (cost=411.53..411.79 rows=104 width=121)
	        Sort Key: c
	        ->  Index Scan using sbtest7_pkey on sbtest7  (cost=0.43..408.05 rows=104 width=121)
	              Index Cond: ((id >= 2702620) AND (id <= 2702719))

table 8 : explain SELECT DISTINCT c FROM sbtest8 WHERE id BETWEEN 9431903 AND 9432002 ORDER BY c
	Unique  (cost=372.15..372.62 rows=94 width=121)
	  ->  Sort  (cost=372.15..372.38 rows=94 width=121)
	        Sort Key: c
	        ->  Index Scan using sbtest8_pkey on sbtest8  (cost=0.43..369.07 rows=94 width=121)
	              Index Cond: ((id >= 9431903) AND (id <= 9432002))

for: distinct_ranges
table 1 : explain SELECT DISTINCT c FROM sbtest1 WHERE id BETWEEN 5593847 AND 5593946 ORDER BY c
	Unique  (cost=400.66..401.17 rows=101 width=121)
	  ->  Sort  (cost=400.66..400.91 rows=101 width=121)
	        Sort Key: c
	        ->  Index Scan using sbtest1_pkey on sbtest1  (cost=0.43..397.30 rows=101 width=121)
	              Index Cond: ((id >= 5593847) AND (id <= 5593946))

table 2 : explain SELECT DISTINCT c FROM sbtest2 WHERE id BETWEEN 4891110 AND 4891209 ORDER BY c
	Unique  (cost=418.93..419.46 rows=106 width=121)
	  ->  Sort  (cost=418.93..419.19 rows=106 width=121)
	        Sort Key: c
	        ->  Index Scan using sbtest2_pkey on sbtest2  (cost=0.43..415.36 rows=106 width=121)
	              Index Cond: ((id >= 4891110) AND (id <= 4891209))

table 3 : explain SELECT DISTINCT c FROM sbtest3 WHERE id BETWEEN 8465425 AND 8465524 ORDER BY c
	Unique  (cost=368.87..369.34 rows=94 width=121)
	  ->  Sort  (cost=368.87..369.10 rows=94 width=121)
	        Sort Key: c
	        ->  Index Scan using sbtest3_pkey on sbtest3  (cost=0.43..365.78 rows=94 width=121)
	              Index Cond: ((id >= 8465425) AND (id <= 8465524))

table 4 : explain SELECT DISTINCT c FROM sbtest4 WHERE id BETWEEN 6390891 AND 6390990 ORDER BY c
	Unique  (cost=403.19..403.70 rows=102 width=121)
	  ->  Sort  (cost=403.19..403.45 rows=102 width=121)
	        Sort Key: c
	        ->  Index Scan using sbtest4_pkey on sbtest4  (cost=0.43..399.79 rows=102 width=121)
	              Index Cond: ((id >= 6390891) AND (id <= 6390990))

table 5 : explain SELECT DISTINCT c FROM sbtest5 WHERE id BETWEEN 7460005 AND 7460104 ORDER BY c
	Unique  (cost=423.99..424.52 rows=107 width=121)
	  ->  Sort  (cost=423.99..424.26 rows=107 width=121)
	        Sort Key: c
	        ->  Index Scan using sbtest5_pkey on sbtest5  (cost=0.43..420.38 rows=107 width=121)
	              Index Cond: ((id >= 7460005) AND (id <= 7460104))

table 6 : explain SELECT DISTINCT c FROM sbtest6 WHERE id BETWEEN 7386106 AND 7386205 ORDER BY c
	Unique  (cost=374.11..374.58 rows=95 width=121)
	  ->  Sort  (cost=374.11..374.34 rows=95 width=121)
	        Sort Key: c
	        ->  Index Scan using sbtest6_pkey on sbtest6  (cost=0.43..370.99 rows=95 width=121)
	              Index Cond: ((id >= 7386106) AND (id <= 7386205))

table 7 : explain SELECT DISTINCT c FROM sbtest7 WHERE id BETWEEN 906551 AND 906650 ORDER BY c
	Unique  (cost=411.53..412.05 rows=104 width=121)
	  ->  Sort  (cost=411.53..411.79 rows=104 width=121)
	        Sort Key: c
	        ->  Index Scan using sbtest7_pkey on sbtest7  (cost=0.43..408.05 rows=104 width=121)
	              Index Cond: ((id >= 906551) AND (id <= 906650))

table 8 : explain SELECT DISTINCT c FROM sbtest8 WHERE id BETWEEN 474385 AND 474484 ORDER BY c
	Unique  (cost=372.15..372.62 rows=94 width=121)
	  ->  Sort  (cost=372.15..372.38 rows=94 width=121)
	        Sort Key: c
	        ->  Index Scan using sbtest8_pkey on sbtest8  (cost=0.43..369.07 rows=94 width=121)
	              Index Cond: ((id >= 474385) AND (id <= 474484))

explain: for point_selects :: explain SELECT c FROM sbtest%u WHERE id=%u
explain: for index_updates :: explain UPDATE sbtest%u SET k=k+1 WHERE id=%u
for: sum_ranges
table 1 : explain SELECT SUM(k) FROM sbtest1 WHERE id BETWEEN 4953703 AND 4953802
	Aggregate  (cost=389.74..389.75 rows=1 width=8)
	  ->  Index Scan using sbtest1_pkey on sbtest1  (cost=0.43..389.49 rows=99 width=4)
	        Index Cond: ((id >= 4953703) AND (id <= 4953802))

table 2 : explain SELECT SUM(k) FROM sbtest2 WHERE id BETWEEN 190897 AND 190996
	Aggregate  (cost=400.12..400.13 rows=1 width=8)
	  ->  Index Scan using sbtest2_pkey on sbtest2  (cost=0.43..399.87 rows=102 width=4)
	        Index Cond: ((id >= 190897) AND (id <= 190996))

table 3 : explain SELECT SUM(k) FROM sbtest3 WHERE id BETWEEN 4591024 AND 4591123
	Aggregate  (cost=377.55..377.56 rows=1 width=8)
	  ->  Index Scan using sbtest3_pkey on sbtest3  (cost=0.43..377.31 rows=97 width=4)
	        Index Cond: ((id >= 4591024) AND (id <= 4591123))

table 4 : explain SELECT SUM(k) FROM sbtest4 WHERE id BETWEEN 5670872 AND 5670971
	Aggregate  (cost=411.67..411.68 rows=1 width=8)
	  ->  Index Scan using sbtest4_pkey on sbtest4  (cost=0.43..411.41 rows=105 width=4)
	        Index Cond: ((id >= 5670872) AND (id <= 5670971))

table 5 : explain SELECT SUM(k) FROM sbtest5 WHERE id BETWEEN 3854692 AND 3854791
	Aggregate  (cost=397.32..397.33 rows=1 width=8)
	  ->  Index Scan using sbtest5_pkey on sbtest5  (cost=0.43..397.07 rows=101 width=4)
	        Index Cond: ((id >= 3854692) AND (id <= 3854791))

table 6 : explain SELECT SUM(k) FROM sbtest6 WHERE id BETWEEN 7975604 AND 7975703
	Aggregate  (cost=363.51..363.52 rows=1 width=8)
	  ->  Index Scan using sbtest6_pkey on sbtest6  (cost=0.43..363.27 rows=93 width=4)
	        Index Cond: ((id >= 7975604) AND (id <= 7975703))

table 7 : explain SELECT SUM(k) FROM sbtest7 WHERE id BETWEEN 1525287 AND 1525386
	Aggregate  (cost=419.95..419.96 rows=1 width=8)
	  ->  Index Scan using sbtest7_pkey on sbtest7  (cost=0.43..419.69 rows=107 width=4)
	        Index Cond: ((id >= 1525287) AND (id <= 1525386))

table 8 : explain SELECT SUM(k) FROM sbtest8 WHERE id BETWEEN 6033416 AND 6033515
	Aggregate  (cost=388.73..388.74 rows=1 width=8)
	  ->  Index Scan using sbtest8_pkey on sbtest8  (cost=0.43..388.48 rows=99 width=4)
	        Index Cond: ((id >= 6033416) AND (id <= 6033515))

explain: for index_updates :: explain UPDATE sbtest%u SET k=k+1 WHERE id=%u
explain: for index_updates :: explain UPDATE sbtest%u SET k=k+1 WHERE id=%u
for: distinct_ranges
table 1 : explain SELECT DISTINCT c FROM sbtest1 WHERE id BETWEEN 4286300 AND 4286399 ORDER BY c
	Unique  (cost=420.30..420.83 rows=106 width=121)
	  ->  Sort  (cost=420.30..420.57 rows=106 width=121)
	        Sort Key: c
	        ->  Index Scan using sbtest1_pkey on sbtest1  (cost=0.43..416.74 rows=106 width=121)
	              Index Cond: ((id >= 4286300) AND (id <= 4286399))

table 2 : explain SELECT DISTINCT c FROM sbtest2 WHERE id BETWEEN 1628397 AND 1628496 ORDER BY c
	Unique  (cost=399.35..399.86 rows=101 width=121)
	  ->  Sort  (cost=399.35..399.61 rows=101 width=121)
	        Sort Key: c
	        ->  Index Scan using sbtest2_pkey on sbtest2  (cost=0.43..395.99 rows=101 width=121)
	              Index Cond: ((id >= 1628397) AND (id <= 1628496))

table 3 : explain SELECT DISTINCT c FROM sbtest3 WHERE id BETWEEN 4802484 AND 4802583 ORDER BY c
	Unique  (cost=431.02..431.57 rows=110 width=121)
	  ->  Sort  (cost=431.02..431.29 rows=110 width=121)
	        Sort Key: c
	        ->  Index Scan using sbtest3_pkey on sbtest3  (cost=0.43..427.29 rows=110 width=121)
	              Index Cond: ((id >= 4802484) AND (id <= 4802583))

table 4 : explain SELECT DISTINCT c FROM sbtest4 WHERE id BETWEEN 2675290 AND 2675389 ORDER BY c
	Unique  (cost=387.50..387.99 rows=98 width=121)
	  ->  Sort  (cost=387.50..387.74 rows=98 width=121)
	        Sort Key: c
	        ->  Index Scan using sbtest4_pkey on sbtest4  (cost=0.43..384.26 rows=98 width=121)
	              Index Cond: ((id >= 2675290) AND (id <= 2675389))

table 5 : explain SELECT DISTINCT c FROM sbtest5 WHERE id BETWEEN 207582 AND 207681 ORDER BY c
	Unique  (cost=392.58..393.08 rows=99 width=121)
	  ->  Sort  (cost=392.58..392.83 rows=99 width=121)
	        Sort Key: c
	        ->  Index Scan using sbtest5_pkey on sbtest5  (cost=0.43..389.30 rows=99 width=121)
	              Index Cond: ((id >= 207582) AND (id <= 207681))

table 6 : explain SELECT DISTINCT c FROM sbtest6 WHERE id BETWEEN 4478666 AND 4478765 ORDER BY c
	Unique  (cost=393.59..394.09 rows=100 width=121)
	  ->  Sort  (cost=393.59..393.84 rows=100 width=121)
	        Sort Key: c
	        ->  Index Scan using sbtest6_pkey on sbtest6  (cost=0.43..390.27 rows=100 width=121)
	              Index Cond: ((id >= 4478666) AND (id <= 4478765))

table 7 : explain SELECT DISTINCT c FROM sbtest7 WHERE id BETWEEN 61162 AND 61261 ORDER BY c
	Unique  (cost=431.13..431.68 rows=109 width=121)
	  ->  Sort  (cost=431.13..431.40 rows=109 width=121)
	        Sort Key: c
	        ->  Index Scan using sbtest7_pkey on sbtest7  (cost=0.43..427.44 rows=109 width=121)
	              Index Cond: ((id >= 61162) AND (id <= 61261))

table 8 : explain SELECT DISTINCT c FROM sbtest8 WHERE id BETWEEN 1497099 AND 1497198 ORDER BY c
	Unique  (cost=395.68..396.18 rows=100 width=121)
	  ->  Sort  (cost=395.68..395.93 rows=100 width=121)
	        Sort Key: c
	        ->  Index Scan using sbtest8_pkey on sbtest8  (cost=0.43..392.36 rows=100 width=121)
	              Index Cond: ((id >= 1497099) AND (id <= 1497198))

for index_updates
table 1 : explain UPDATE sbtest1 SET k=k+1 WHERE id=7860527
	Update on sbtest1  (cost=0.43..8.46 rows=0 width=0)
	  ->  Index Scan using sbtest1_pkey on sbtest1  (cost=0.43..8.46 rows=1 width=10)
	        Index Cond: (id = 7860527)

table 2 : explain UPDATE sbtest2 SET k=k+1 WHERE id=5276104
	Update on sbtest2  (cost=0.43..8.46 rows=0 width=0)
	  ->  Index Scan using sbtest2_pkey on sbtest2  (cost=0.43..8.46 rows=1 width=10)
	        Index Cond: (id = 5276104)

table 3 : explain UPDATE sbtest3 SET k=k+1 WHERE id=8398591
	Update on sbtest3  (cost=0.43..8.46 rows=0 width=0)
	  ->  Index Scan using sbtest3_pkey on sbtest3  (cost=0.43..8.46 rows=1 width=10)
	        Index Cond: (id = 8398591)

table 4 : explain UPDATE sbtest4 SET k=k+1 WHERE id=1569240
	Update on sbtest4  (cost=0.43..8.46 rows=0 width=0)
	  ->  Index Scan using sbtest4_pkey on sbtest4  (cost=0.43..8.46 rows=1 width=10)
	        Index Cond: (id = 1569240)

table 5 : explain UPDATE sbtest5 SET k=k+1 WHERE id=7222597
	Update on sbtest5  (cost=0.43..8.46 rows=0 width=0)
	  ->  Index Scan using sbtest5_pkey on sbtest5  (cost=0.43..8.46 rows=1 width=10)
	        Index Cond: (id = 7222597)

table 6 : explain UPDATE sbtest6 SET k=k+1 WHERE id=6032858
	Update on sbtest6  (cost=0.43..8.46 rows=0 width=0)
	  ->  Index Scan using sbtest6_pkey on sbtest6  (cost=0.43..8.46 rows=1 width=10)
	        Index Cond: (id = 6032858)

table 7 : explain UPDATE sbtest7 SET k=k+1 WHERE id=4027069
	Update on sbtest7  (cost=0.43..8.46 rows=0 width=0)
	  ->  Index Scan using sbtest7_pkey on sbtest7  (cost=0.43..8.46 rows=1 width=10)
	        Index Cond: (id = 4027069)

table 8 : explain UPDATE sbtest8 SET k=k+1 WHERE id=7586646
	Update on sbtest8  (cost=0.43..8.46 rows=0 width=0)
	  ->  Index Scan using sbtest8_pkey on sbtest8  (cost=0.43..8.46 rows=1 width=10)
	        Index Cond: (id = 7586646)

for point_selects
table 1 : explain SELECT c FROM sbtest1 WHERE id=996853
	Index Scan using sbtest1_pkey on sbtest1  (cost=0.43..8.45 rows=1 width=121)
	  Index Cond: (id = 996853)

table 2 : explain SELECT c FROM sbtest2 WHERE id=3525982
	Index Scan using sbtest2_pkey on sbtest2  (cost=0.43..8.45 rows=1 width=121)
	  Index Cond: (id = 3525982)

table 3 : explain SELECT c FROM sbtest3 WHERE id=3379815
	Index Scan using sbtest3_pkey on sbtest3  (cost=0.43..8.45 rows=1 width=121)
	  Index Cond: (id = 3379815)

table 4 : explain SELECT c FROM sbtest4 WHERE id=2323087
	Index Scan using sbtest4_pkey on sbtest4  (cost=0.43..8.45 rows=1 width=121)
	  Index Cond: (id = 2323087)

table 5 : explain SELECT c FROM sbtest5 WHERE id=5643560
	Index Scan using sbtest5_pkey on sbtest5  (cost=0.43..8.45 rows=1 width=121)
	  Index Cond: (id = 5643560)

table 6 : explain SELECT c FROM sbtest6 WHERE id=5162654
	Index Scan using sbtest6_pkey on sbtest6  (cost=0.43..8.45 rows=1 width=121)
	  Index Cond: (id = 5162654)

table 7 : explain SELECT c FROM sbtest7 WHERE id=4288711
	Index Scan using sbtest7_pkey on sbtest7  (cost=0.43..8.45 rows=1 width=121)
	  Index Cond: (id = 4288711)

table 8 : explain SELECT c FROM sbtest8 WHERE id=7250133
	Index Scan using sbtest8_pkey on sbtest8  (cost=0.43..8.45 rows=1 width=121)
	  Index Cond: (id = 7250133)

for: simple_ranges
table 1 : explain SELECT c FROM sbtest1 WHERE id BETWEEN 3523888 AND 3523987
	Index Scan using sbtest1_pkey on sbtest1  (cost=0.43..401.19 rows=102 width=121)
	  Index Cond: ((id >= 3523888) AND (id <= 3523987))

table 2 : explain SELECT c FROM sbtest2 WHERE id BETWEEN 6195411 AND 6195510
	Index Scan using sbtest2_pkey on sbtest2  (cost=0.43..368.84 rows=94 width=121)
	  Index Cond: ((id >= 6195411) AND (id <= 6195510))

table 3 : explain SELECT c FROM sbtest3 WHERE id BETWEEN 9100016 AND 9100115
	Index Scan using sbtest3_pkey on sbtest3  (cost=0.43..384.99 rows=99 width=121)
	  Index Cond: ((id >= 9100016) AND (id <= 9100115))

table 4 : explain SELECT c FROM sbtest4 WHERE id BETWEEN 6465821 AND 6465920
	Index Scan using sbtest4_pkey on sbtest4  (cost=0.43..399.79 rows=102 width=121)
	  Index Cond: ((id >= 6465821) AND (id <= 6465920))

table 5 : explain SELECT c FROM sbtest5 WHERE id BETWEEN 926278 AND 926377
	Index Scan using sbtest5_pkey on sbtest5  (cost=0.43..362.07 rows=92 width=121)
	  Index Cond: ((id >= 926278) AND (id <= 926377))

table 6 : explain SELECT c FROM sbtest6 WHERE id BETWEEN 7633448 AND 7633547
	Index Scan using sbtest6_pkey on sbtest6  (cost=0.43..370.99 rows=95 width=121)
	  Index Cond: ((id >= 7633448) AND (id <= 7633547))

table 7 : explain SELECT c FROM sbtest7 WHERE id BETWEEN 8902911 AND 8903010
	Index Scan using sbtest7_pkey on sbtest7  (cost=0.43..353.72 rows=90 width=121)
	  Index Cond: ((id >= 8902911) AND (id <= 8903010))

table 8 : explain SELECT c FROM sbtest8 WHERE id BETWEEN 850621 AND 850720
	Index Scan using sbtest8_pkey on sbtest8  (cost=0.43..372.94 rows=95 width=121)
	  Index Cond: ((id >= 850621) AND (id <= 850720))

for: order_ranges
table 1 : explain SELECT c FROM sbtest1 WHERE id BETWEEN 7553202 AND 7553301 ORDER BY c
	Sort  (cost=408.52..408.77 rows=103 width=121)
	  Sort Key: c
	  ->  Index Scan using sbtest1_pkey on sbtest1  (cost=0.43..405.07 rows=103 width=121)
	        Index Cond: ((id >= 7553202) AND (id <= 7553301))

table 2 : explain SELECT c FROM sbtest2 WHERE id BETWEEN 912994 AND 913093 ORDER BY c
	Sort  (cost=371.92..372.15 rows=94 width=121)
	  Sort Key: c
	  ->  Index Scan using sbtest2_pkey on sbtest2  (cost=0.43..368.84 rows=94 width=121)
	        Index Cond: ((id >= 912994) AND (id <= 913093))

table 3 : explain SELECT c FROM sbtest3 WHERE id BETWEEN 6416747 AND 6416846 ORDER BY c
	Sort  (cost=431.02..431.29 rows=110 width=121)
	  Sort Key: c
	  ->  Index Scan using sbtest3_pkey on sbtest3  (cost=0.43..427.29 rows=110 width=121)
	        Index Cond: ((id >= 6416747) AND (id <= 6416846))

table 4 : explain SELECT c FROM sbtest4 WHERE id BETWEEN 3547758 AND 3547857 ORDER BY c
	Sort  (cost=426.68..426.95 rows=108 width=121)
	  Sort Key: c
	  ->  Index Scan using sbtest4_pkey on sbtest4  (cost=0.43..423.03 rows=108 width=121)
	        Index Cond: ((id >= 3547758) AND (id <= 3547857))

table 5 : explain SELECT c FROM sbtest5 WHERE id BETWEEN 4204358 AND 4204457 ORDER BY c
	Sort  (cost=369.00..369.23 rows=93 width=121)
	  Sort Key: c
	  ->  Index Scan using sbtest5_pkey on sbtest5  (cost=0.43..365.96 rows=93 width=121)
	        Index Cond: ((id >= 4204358) AND (id <= 4204457))

table 6 : explain SELECT c FROM sbtest6 WHERE id BETWEEN 3357223 AND 3357322 ORDER BY c
	Sort  (cost=362.42..362.65 rows=92 width=121)
	  Sort Key: c
	  ->  Index Scan using sbtest6_pkey on sbtest6  (cost=0.43..359.42 rows=92 width=121)
	        Index Cond: ((id >= 3357223) AND (id <= 3357322))

table 7 : explain SELECT c FROM sbtest7 WHERE id BETWEEN 2363305 AND 2363404 ORDER BY c
	Sort  (cost=431.13..431.40 rows=109 width=121)
	  Sort Key: c
	  ->  Index Scan using sbtest7_pkey on sbtest7  (cost=0.43..427.44 rows=109 width=121)
	        Index Cond: ((id >= 2363305) AND (id <= 2363404))

table 8 : explain SELECT c FROM sbtest8 WHERE id BETWEEN 9491002 AND 9491101 ORDER BY c
	Sort  (cost=372.15..372.38 rows=94 width=121)
	  Sort Key: c
	  ->  Index Scan using sbtest8_pkey on sbtest8  (cost=0.43..369.07 rows=94 width=121)
	        Index Cond: ((id >= 9491002) AND (id <= 9491101))

explain: for index_updates :: explain UPDATE sbtest%u SET k=k+1 WHERE id=%u
for index_updates
table 1 : explain UPDATE sbtest1 SET k=k+1 WHERE id=4253475
	Update on sbtest1  (cost=0.43..8.46 rows=0 width=0)
	  ->  Index Scan using sbtest1_pkey on sbtest1  (cost=0.43..8.46 rows=1 width=10)
	        Index Cond: (id = 4253475)

table 2 : explain UPDATE sbtest2 SET k=k+1 WHERE id=8114685
	Update on sbtest2  (cost=0.43..8.46 rows=0 width=0)
	  ->  Index Scan using sbtest2_pkey on sbtest2  (cost=0.43..8.46 rows=1 width=10)
	        Index Cond: (id = 8114685)

table 3 : explain UPDATE sbtest3 SET k=k+1 WHERE id=8478325
	Update on sbtest3  (cost=0.43..8.46 rows=0 width=0)
	  ->  Index Scan using sbtest3_pkey on sbtest3  (cost=0.43..8.46 rows=1 width=10)
	        Index Cond: (id = 8478325)

table 4 : explain UPDATE sbtest4 SET k=k+1 WHERE id=2840955
	Update on sbtest4  (cost=0.43..8.46 rows=0 width=0)
	  ->  Index Scan using sbtest4_pkey on sbtest4  (cost=0.43..8.46 rows=1 width=10)
	        Index Cond: (id = 2840955)

table 5 : explain UPDATE sbtest5 SET k=k+1 WHERE id=1629615
	Update on sbtest5  (cost=0.43..8.46 rows=0 width=0)
	  ->  Index Scan using sbtest5_pkey on sbtest5  (cost=0.43..8.46 rows=1 width=10)
	        Index Cond: (id = 1629615)

table 6 : explain UPDATE sbtest6 SET k=k+1 WHERE id=265777
	Update on sbtest6  (cost=0.43..8.46 rows=0 width=0)
	  ->  Index Scan using sbtest6_pkey on sbtest6  (cost=0.43..8.46 rows=1 width=10)
	        Index Cond: (id = 265777)

table 7 : explain UPDATE sbtest7 SET k=k+1 WHERE id=7816897
	Update on sbtest7  (cost=0.43..8.46 rows=0 width=0)
	  ->  Index Scan using sbtest7_pkey on sbtest7  (cost=0.43..8.46 rows=1 width=10)
	        Index Cond: (id = 7816897)

table 8 : explain UPDATE sbtest8 SET k=k+1 WHERE id=1938263
	Update on sbtest8  (cost=0.43..8.46 rows=0 width=0)
	  ->  Index Scan using sbtest8_pkey on sbtest8  (cost=0.43..8.46 rows=1 width=10)
	        Index Cond: (id = 1938263)

for index_updates
table 1 : explain UPDATE sbtest1 SET k=k+1 WHERE id=5495458
	Update on sbtest1  (cost=0.43..8.46 rows=0 width=0)
	  ->  Index Scan using sbtest1_pkey on sbtest1  (cost=0.43..8.46 rows=1 width=10)
	        Index Cond: (id = 5495458)

table 2 : explain UPDATE sbtest2 SET k=k+1 WHERE id=2212001
	Update on sbtest2  (cost=0.43..8.46 rows=0 width=0)
	  ->  Index Scan using sbtest2_pkey on sbtest2  (cost=0.43..8.46 rows=1 width=10)
	        Index Cond: (id = 2212001)

table 3 : explain UPDATE sbtest3 SET k=k+1 WHERE id=5915478
	Update on sbtest3  (cost=0.43..8.46 rows=0 width=0)
	  ->  Index Scan using sbtest3_pkey on sbtest3  (cost=0.43..8.46 rows=1 width=10)
	        Index Cond: (id = 5915478)

table 4 : explain UPDATE sbtest4 SET k=k+1 WHERE id=3285204
	Update on sbtest4  (cost=0.43..8.46 rows=0 width=0)
	  ->  Index Scan using sbtest4_pkey on sbtest4  (cost=0.43..8.46 rows=1 width=10)
	        Index Cond: (id = 3285204)

table 5 : explain UPDATE sbtest5 SET k=k+1 WHERE id=4552933
	Update on sbtest5  (cost=0.43..8.46 rows=0 width=0)
	  ->  Index Scan using sbtest5_pkey on sbtest5  (cost=0.43..8.46 rows=1 width=10)
	        Index Cond: (id = 4552933)

table 6 : explain UPDATE sbtest6 SET k=k+1 WHERE id=5071284
	Update on sbtest6  (cost=0.43..8.46 rows=0 width=0)
	  ->  Index Scan using sbtest6_pkey on sbtest6  (cost=0.43..8.46 rows=1 width=10)
	        Index Cond: (id = 5071284)

table 7 : explain UPDATE sbtest7 SET k=k+1 WHERE id=8382351
	Update on sbtest7  (cost=0.43..8.46 rows=0 width=0)
	  ->  Index Scan using sbtest7_pkey on sbtest7  (cost=0.43..8.46 rows=1 width=10)
	        Index Cond: (id = 8382351)

table 8 : explain UPDATE sbtest8 SET k=k+1 WHERE id=4331296
	Update on sbtest8  (cost=0.43..8.46 rows=0 width=0)
	  ->  Index Scan using sbtest8_pkey on sbtest8  (cost=0.43..8.46 rows=1 width=10)
	        Index Cond: (id = 4331296)

for: order_ranges
table 1 : explain SELECT c FROM sbtest1 WHERE id BETWEEN 2593740 AND 2593839 ORDER BY c
	Sort  (cost=369.21..369.44 rows=93 width=121)
	  Sort Key: c
	  ->  Index Scan using sbtest1_pkey on sbtest1  (cost=0.43..366.17 rows=93 width=121)
	        Index Cond: ((id >= 2593740) AND (id <= 2593839))

table 2 : explain SELECT c FROM sbtest2 WHERE id BETWEEN 5478653 AND 5478752 ORDER BY c
	Sort  (cost=371.92..372.15 rows=94 width=121)
	  Sort Key: c
	  ->  Index Scan using sbtest2_pkey on sbtest2  (cost=0.43..368.84 rows=94 width=121)
	        Index Cond: ((id >= 5478653) AND (id <= 5478752))

table 3 : explain SELECT c FROM sbtest3 WHERE id BETWEEN 7511314 AND 7511413 ORDER BY c
	Sort  (cost=396.08..396.33 rows=101 width=121)
	  Sort Key: c
	  ->  Index Scan using sbtest3_pkey on sbtest3  (cost=0.43..392.72 rows=101 width=121)
	        Index Cond: ((id >= 7511314) AND (id <= 7511413))

table 4 : explain SELECT c FROM sbtest4 WHERE id BETWEEN 9986504 AND 9986603 ORDER BY c
	Sort  (cost=391.41..391.66 rows=99 width=121)
	  Sort Key: c
	  ->  Index Scan using sbtest4_pkey on sbtest4  (cost=0.43..388.13 rows=99 width=121)
	        Index Cond: ((id >= 9986504) AND (id <= 9986603))

table 5 : explain SELECT c FROM sbtest5 WHERE id BETWEEN 4659657 AND 4659756 ORDER BY c
	Sort  (cost=404.36..404.61 rows=102 width=121)
	  Sort Key: c
	  ->  Index Scan using sbtest5_pkey on sbtest5  (cost=0.43..400.96 rows=102 width=121)
	        Index Cond: ((id >= 4659657) AND (id <= 4659756))

table 6 : explain SELECT c FROM sbtest6 WHERE id BETWEEN 4679698 AND 4679797 ORDER BY c
	Sort  (cost=385.80..386.04 rows=98 width=121)
	  Sort Key: c
	  ->  Index Scan using sbtest6_pkey on sbtest6  (cost=0.43..382.55 rows=98 width=121)
	        Index Cond: ((id >= 4679698) AND (id <= 4679797))

table 7 : explain SELECT c FROM sbtest7 WHERE id BETWEEN 931154 AND 931253 ORDER BY c
	Sort  (cost=411.53..411.79 rows=104 width=121)
	  Sort Key: c
	  ->  Index Scan using sbtest7_pkey on sbtest7  (cost=0.43..408.05 rows=104 width=121)
	        Index Cond: ((id >= 931154) AND (id <= 931253))

table 8 : explain SELECT c FROM sbtest8 WHERE id BETWEEN 8887454 AND 8887553 ORDER BY c
	Sort  (cost=411.35..411.61 rows=104 width=121)
	  Sort Key: c
	  ->  Index Scan using sbtest8_pkey on sbtest8  (cost=0.43..407.87 rows=104 width=121)
	        Index Cond: ((id >= 8887454) AND (id <= 8887553))

explain: for index_updates :: explain UPDATE sbtest%u SET k=k+1 WHERE id=%u
explain: for point_selects :: explain SELECT c FROM sbtest%u WHERE id=%u
explain: for non_index_updates :: explain UPDATE sbtest%u SET c='foobar' WHERE id=%u
explain: for non_index_updates :: explain UPDATE sbtest%u SET c='foobar' WHERE id=%u
for: distinct_ranges
table 1 : explain SELECT DISTINCT c FROM sbtest1 WHERE id BETWEEN 8642985 AND 8643084 ORDER BY c
	Unique  (cost=436.02..436.57 rows=110 width=121)
	  ->  Sort  (cost=436.02..436.29 rows=110 width=121)
	        Sort Key: c
	        ->  Index Scan using sbtest1_pkey on sbtest1  (cost=0.43..432.29 rows=110 width=121)
	              Index Cond: ((id >= 8642985) AND (id <= 8643084))

table 2 : explain SELECT DISTINCT c FROM sbtest2 WHERE id BETWEEN 2072104 AND 2072203 ORDER BY c
	Unique  (cost=395.40..395.90 rows=100 width=121)
	  ->  Sort  (cost=395.40..395.65 rows=100 width=121)
	        Sort Key: c
	        ->  Index Scan using sbtest2_pkey on sbtest2  (cost=0.43..392.08 rows=100 width=121)
	              Index Cond: ((id >= 2072104) AND (id <= 2072203))

table 3 : explain SELECT DISTINCT c FROM sbtest3 WHERE id BETWEEN 9320101 AND 9320200 ORDER BY c
	Unique  (cost=357.22..357.68 rows=91 width=121)
	  ->  Sort  (cost=357.22..357.45 rows=91 width=121)
	        Sort Key: c
	        ->  Index Scan using sbtest3_pkey on sbtest3  (cost=0.43..354.26 rows=91 width=121)
	              Index Cond: ((id >= 9320101) AND (id <= 9320200))

table 4 : explain SELECT DISTINCT c FROM sbtest4 WHERE id BETWEEN 8426319 AND 8426418 ORDER BY c
	Unique  (cost=364.02..364.48 rows=92 width=121)
	  ->  Sort  (cost=364.02..364.25 rows=92 width=121)
	        Sort Key: c
	        ->  Index Scan using sbtest4_pkey on sbtest4  (cost=0.43..361.02 rows=92 width=121)
	              Index Cond: ((id >= 8426319) AND (id <= 8426418))

table 5 : explain SELECT DISTINCT c FROM sbtest5 WHERE id BETWEEN 6970216 AND 6970315 ORDER BY c
	Unique  (cost=392.55..393.04 rows=99 width=121)
	  ->  Sort  (cost=392.55..392.80 rows=99 width=121)
	        Sort Key: c
	        ->  Index Scan using sbtest5_pkey on sbtest5  (cost=0.43..389.27 rows=99 width=121)
	              Index Cond: ((id >= 6970216) AND (id <= 6970315))

table 6 : explain SELECT DISTINCT c FROM sbtest6 WHERE id BETWEEN 6362499 AND 6362598 ORDER BY c
	Unique  (cost=385.80..386.29 rows=98 width=121)
	  ->  Sort  (cost=385.80..386.04 rows=98 width=121)
	        Sort Key: c
	        ->  Index Scan using sbtest6_pkey on sbtest6  (cost=0.43..382.55 rows=98 width=121)
	              Index Cond: ((id >= 6362499) AND (id <= 6362598))

table 7 : explain SELECT DISTINCT c FROM sbtest7 WHERE id BETWEEN 2277971 AND 2278070 ORDER BY c
	Unique  (cost=431.13..431.68 rows=109 width=121)
	  ->  Sort  (cost=431.13..431.40 rows=109 width=121)
	        Sort Key: c
	        ->  Index Scan using sbtest7_pkey on sbtest7  (cost=0.43..427.44 rows=109 width=121)
	              Index Cond: ((id >= 2277971) AND (id <= 2278070))

table 8 : explain SELECT DISTINCT c FROM sbtest8 WHERE id BETWEEN 6447095 AND 6447194 ORDER BY c
	Unique  (cost=387.81..388.30 rows=98 width=121)
	  ->  Sort  (cost=387.81..388.06 rows=98 width=121)
	        Sort Key: c
	        ->  Index Scan using sbtest8_pkey on sbtest8  (cost=0.43..384.57 rows=98 width=121)
	              Index Cond: ((id >= 6447095) AND (id <= 6447194))

for: distinct_ranges
table 1 : explain SELECT DISTINCT c FROM sbtest1 WHERE id BETWEEN 7348424 AND 7348523 ORDER BY c
	Unique  (cost=373.13..373.60 rows=94 width=121)
	  ->  Sort  (cost=373.13..373.37 rows=94 width=121)
	        Sort Key: c
	        ->  Index Scan using sbtest1_pkey on sbtest1  (cost=0.43..370.05 rows=94 width=121)
	              Index Cond: ((id >= 7348424) AND (id <= 7348523))

table 2 : explain SELECT DISTINCT c FROM sbtest2 WHERE id BETWEEN 8601886 AND 8601985 ORDER BY c
	Unique  (cost=395.40..395.90 rows=100 width=121)
	  ->  Sort  (cost=395.40..395.65 rows=100 width=121)
	        Sort Key: c
	        ->  Index Scan using sbtest2_pkey on sbtest2  (cost=0.43..392.08 rows=100 width=121)
	              Index Cond: ((id >= 8601886) AND (id <= 8601985))

table 3 : explain SELECT DISTINCT c FROM sbtest3 WHERE id BETWEEN 90201 AND 90300 ORDER BY c
	Unique  (cost=384.39..384.88 rows=98 width=121)
	  ->  Sort  (cost=384.39..384.64 rows=98 width=121)
	        Sort Key: c
	        ->  Index Scan using sbtest3_pkey on sbtest3  (cost=0.43..381.15 rows=98 width=121)
	              Index Cond: ((id >= 90201) AND (id <= 90300))

table 4 : explain SELECT DISTINCT c FROM sbtest4 WHERE id BETWEEN 7929370 AND 7929469 ORDER BY c
	Unique  (cost=364.02..364.48 rows=92 width=121)
	  ->  Sort  (cost=364.02..364.25 rows=92 width=121)
	        Sort Key: c
	        ->  Index Scan using sbtest4_pkey on sbtest4  (cost=0.43..361.02 rows=92 width=121)
	              Index Cond: ((id >= 7929370) AND (id <= 7929469))

table 5 : explain SELECT DISTINCT c FROM sbtest5 WHERE id BETWEEN 8689327 AND 8689426 ORDER BY c
	Unique  (cost=400.43..400.94 rows=101 width=121)
	  ->  Sort  (cost=400.43..400.69 rows=101 width=121)
	        Sort Key: c
	        ->  Index Scan using sbtest5_pkey on sbtest5  (cost=0.43..397.07 rows=101 width=121)
	              Index Cond: ((id >= 8689327) AND (id <= 8689426))

table 6 : explain SELECT DISTINCT c FROM sbtest6 WHERE id BETWEEN 2228995 AND 2229094 ORDER BY c
	Unique  (cost=397.53..398.03 rows=101 width=121)
	  ->  Sort  (cost=397.53..397.78 rows=101 width=121)
	        Sort Key: c
	        ->  Index Scan using sbtest6_pkey on sbtest6  (cost=0.43..394.16 rows=101 width=121)
	              Index Cond: ((id >= 2228995) AND (id <= 2229094))

table 7 : explain SELECT DISTINCT c FROM sbtest7 WHERE id BETWEEN 6947736 AND 6947835 ORDER BY c
	Unique  (cost=387.98..388.47 rows=98 width=121)
	  ->  Sort  (cost=387.98..388.23 rows=98 width=121)
	        Sort Key: c
	        ->  Index Scan using sbtest7_pkey on sbtest7  (cost=0.43..384.74 rows=98 width=121)
	              Index Cond: ((id >= 6947736) AND (id <= 6947835))

table 8 : explain SELECT DISTINCT c FROM sbtest8 WHERE id BETWEEN 4562499 AND 4562598 ORDER BY c
	Unique  (cost=391.77..392.26 rows=99 width=121)
	  ->  Sort  (cost=391.77..392.01 rows=99 width=121)
	        Sort Key: c
	        ->  Index Scan using sbtest8_pkey on sbtest8  (cost=0.43..388.48 rows=99 width=121)
	              Index Cond: ((id >= 4562499) AND (id <= 4562598))

for index_updates
table 1 : explain UPDATE sbtest1 SET k=k+1 WHERE id=2112222
	Update on sbtest1  (cost=0.43..8.46 rows=0 width=0)
	  ->  Index Scan using sbtest1_pkey on sbtest1  (cost=0.43..8.46 rows=1 width=10)
	        Index Cond: (id = 2112222)

table 2 : explain UPDATE sbtest2 SET k=k+1 WHERE id=7314494
	Update on sbtest2  (cost=0.43..8.46 rows=0 width=0)
	  ->  Index Scan using sbtest2_pkey on sbtest2  (cost=0.43..8.46 rows=1 width=10)
	        Index Cond: (id = 7314494)

table 3 : explain UPDATE sbtest3 SET k=k+1 WHERE id=3056811
	Update on sbtest3  (cost=0.43..8.46 rows=0 width=0)
	  ->  Index Scan using sbtest3_pkey on sbtest3  (cost=0.43..8.46 rows=1 width=10)
	        Index Cond: (id = 3056811)

table 4 : explain UPDATE sbtest4 SET k=k+1 WHERE id=2307494
	Update on sbtest4  (cost=0.43..8.46 rows=0 width=0)
	  ->  Index Scan using sbtest4_pkey on sbtest4  (cost=0.43..8.46 rows=1 width=10)
	        Index Cond: (id = 2307494)

table 5 : explain UPDATE sbtest5 SET k=k+1 WHERE id=7714032
	Update on sbtest5  (cost=0.43..8.46 rows=0 width=0)
	  ->  Index Scan using sbtest5_pkey on sbtest5  (cost=0.43..8.46 rows=1 width=10)
	        Index Cond: (id = 7714032)

table 6 : explain UPDATE sbtest6 SET k=k+1 WHERE id=8869233
	Update on sbtest6  (cost=0.43..8.46 rows=0 width=0)
	  ->  Index Scan using sbtest6_pkey on sbtest6  (cost=0.43..8.46 rows=1 width=10)
	        Index Cond: (id = 8869233)

table 7 : explain UPDATE sbtest7 SET k=k+1 WHERE id=5784185
	Update on sbtest7  (cost=0.43..8.46 rows=0 width=0)
	  ->  Index Scan using sbtest7_pkey on sbtest7  (cost=0.43..8.46 rows=1 width=10)
	        Index Cond: (id = 5784185)

table 8 : explain UPDATE sbtest8 SET k=k+1 WHERE id=6957228
	Update on sbtest8  (cost=0.43..8.46 rows=0 width=0)
	  ->  Index Scan using sbtest8_pkey on sbtest8  (cost=0.43..8.46 rows=1 width=10)
	        Index Cond: (id = 6957228)

explain: for index_updates :: explain UPDATE sbtest%u SET k=k+1 WHERE id=%u
for non_index_updates
table 1 : explain UPDATE sbtest1 SET c='foobar' WHERE id=7605071
	Update on sbtest1  (cost=0.43..8.45 rows=0 width=0)
	  ->  Index Scan using sbtest1_pkey on sbtest1  (cost=0.43..8.45 rows=1 width=490)
	        Index Cond: (id = 7605071)

table 2 : explain UPDATE sbtest2 SET c='foobar' WHERE id=6011251
	Update on sbtest2  (cost=0.43..8.45 rows=0 width=0)
	  ->  Index Scan using sbtest2_pkey on sbtest2  (cost=0.43..8.45 rows=1 width=490)
	        Index Cond: (id = 6011251)

table 3 : explain UPDATE sbtest3 SET c='foobar' WHERE id=1543977
	Update on sbtest3  (cost=0.43..8.45 rows=0 width=0)
	  ->  Index Scan using sbtest3_pkey on sbtest3  (cost=0.43..8.45 rows=1 width=490)
	        Index Cond: (id = 1543977)

table 4 : explain UPDATE sbtest4 SET c='foobar' WHERE id=9095337
	Update on sbtest4  (cost=0.43..8.45 rows=0 width=0)
	  ->  Index Scan using sbtest4_pkey on sbtest4  (cost=0.43..8.45 rows=1 width=490)
	        Index Cond: (id = 9095337)

table 5 : explain UPDATE sbtest5 SET c='foobar' WHERE id=6780467
	Update on sbtest5  (cost=0.43..8.45 rows=0 width=0)
	  ->  Index Scan using sbtest5_pkey on sbtest5  (cost=0.43..8.45 rows=1 width=490)
	        Index Cond: (id = 6780467)

table 6 : explain UPDATE sbtest6 SET c='foobar' WHERE id=3081723
	Update on sbtest6  (cost=0.43..8.45 rows=0 width=0)
	  ->  Index Scan using sbtest6_pkey on sbtest6  (cost=0.43..8.45 rows=1 width=490)
	        Index Cond: (id = 3081723)

table 7 : explain UPDATE sbtest7 SET c='foobar' WHERE id=9222991
	Update on sbtest7  (cost=0.43..8.45 rows=0 width=0)
	  ->  Index Scan using sbtest7_pkey on sbtest7  (cost=0.43..8.45 rows=1 width=490)
	        Index Cond: (id = 9222991)

table 8 : explain UPDATE sbtest8 SET c='foobar' WHERE id=4466795
	Update on sbtest8  (cost=0.43..8.45 rows=0 width=0)
	  ->  Index Scan using sbtest8_pkey on sbtest8  (cost=0.43..8.45 rows=1 width=490)
	        Index Cond: (id = 4466795)

for: distinct_ranges
table 1 : explain SELECT DISTINCT c FROM sbtest1 WHERE id BETWEEN 7213326 AND 7213425 ORDER BY c
	Unique  (cost=373.13..373.60 rows=94 width=121)
	  ->  Sort  (cost=373.13..373.37 rows=94 width=121)
	        Sort Key: c
	        ->  Index Scan using sbtest1_pkey on sbtest1  (cost=0.43..370.05 rows=94 width=121)
	              Index Cond: ((id >= 7213326) AND (id <= 7213425))

table 2 : explain SELECT DISTINCT c FROM sbtest2 WHERE id BETWEEN 8140022 AND 8140121 ORDER BY c
	Unique  (cost=399.35..399.86 rows=101 width=121)
	  ->  Sort  (cost=399.35..399.61 rows=101 width=121)
	        Sort Key: c
	        ->  Index Scan using sbtest2_pkey on sbtest2  (cost=0.43..395.99 rows=101 width=121)
	              Index Cond: ((id >= 8140022) AND (id <= 8140121))

table 3 : explain SELECT DISTINCT c FROM sbtest3 WHERE id BETWEEN 5908125 AND 5908224 ORDER BY c
	Unique  (cost=392.15..392.65 rows=100 width=121)
	  ->  Sort  (cost=392.15..392.40 rows=100 width=121)
	        Sort Key: c
	        ->  Index Scan using sbtest3_pkey on sbtest3  (cost=0.43..388.83 rows=100 width=121)
	              Index Cond: ((id >= 5908125) AND (id <= 5908224))

table 4 : explain SELECT DISTINCT c FROM sbtest4 WHERE id BETWEEN 1074680 AND 1074779 ORDER BY c
	Unique  (cost=367.93..368.40 rows=93 width=121)
	  ->  Sort  (cost=367.93..368.16 rows=93 width=121)
	        Sort Key: c
	        ->  Index Scan using sbtest4_pkey on sbtest4  (cost=0.43..364.89 rows=93 width=121)
	              Index Cond: ((id >= 1074680) AND (id <= 1074779))

table 5 : explain SELECT DISTINCT c FROM sbtest5 WHERE id BETWEEN 5913085 AND 5913184 ORDER BY c
	Unique  (cost=369.00..369.46 rows=93 width=121)
	  ->  Sort  (cost=369.00..369.23 rows=93 width=121)
	        Sort Key: c
	        ->  Index Scan using sbtest5_pkey on sbtest5  (cost=0.43..365.96 rows=93 width=121)
	              Index Cond: ((id >= 5913085) AND (id <= 5913184))

table 6 : explain SELECT DISTINCT c FROM sbtest6 WHERE id BETWEEN 3464551 AND 3464650 ORDER BY c
	Unique  (cost=385.80..386.29 rows=98 width=121)
	  ->  Sort  (cost=385.80..386.04 rows=98 width=121)
	        Sort Key: c
	        ->  Index Scan using sbtest6_pkey on sbtest6  (cost=0.43..382.55 rows=98 width=121)
	              Index Cond: ((id >= 3464551) AND (id <= 3464650))

table 7 : explain SELECT DISTINCT c FROM sbtest7 WHERE id BETWEEN 2884003 AND 2884102 ORDER BY c
	Unique  (cost=419.37..419.90 rows=106 width=121)
	  ->  Sort  (cost=419.37..419.64 rows=106 width=121)
	        Sort Key: c
	        ->  Index Scan using sbtest7_pkey on sbtest7  (cost=0.43..415.81 rows=106 width=121)
	              Index Cond: ((id >= 2884003) AND (id <= 2884102))

table 8 : explain SELECT DISTINCT c FROM sbtest8 WHERE id BETWEEN 2177722 AND 2177821 ORDER BY c
	Unique  (cost=379.98..380.46 rows=96 width=121)
	  ->  Sort  (cost=379.98..380.22 rows=96 width=121)
	        Sort Key: c
	        ->  Index Scan using sbtest8_pkey on sbtest8  (cost=0.43..376.82 rows=96 width=121)
	              Index Cond: ((id >= 2177722) AND (id <= 2177821))

for point_selects
table 1 : explain SELECT c FROM sbtest1 WHERE id=4849491
	Index Scan using sbtest1_pkey on sbtest1  (cost=0.43..8.45 rows=1 width=121)
	  Index Cond: (id = 4849491)

table 2 : explain SELECT c FROM sbtest2 WHERE id=8867218
	Index Scan using sbtest2_pkey on sbtest2  (cost=0.43..8.45 rows=1 width=121)
	  Index Cond: (id = 8867218)

table 3 : explain SELECT c FROM sbtest3 WHERE id=5961086
	Index Scan using sbtest3_pkey on sbtest3  (cost=0.43..8.45 rows=1 width=121)
	  Index Cond: (id = 5961086)

table 4 : explain SELECT c FROM sbtest4 WHERE id=623369
	Index Scan using sbtest4_pkey on sbtest4  (cost=0.43..8.45 rows=1 width=121)
	  Index Cond: (id = 623369)

table 5 : explain SELECT c FROM sbtest5 WHERE id=3585085
	Index Scan using sbtest5_pkey on sbtest5  (cost=0.43..8.45 rows=1 width=121)
	  Index Cond: (id = 3585085)

table 6 : explain SELECT c FROM sbtest6 WHERE id=980436
	Index Scan using sbtest6_pkey on sbtest6  (cost=0.43..8.45 rows=1 width=121)
	  Index Cond: (id = 980436)

table 7 : explain SELECT c FROM sbtest7 WHERE id=9526901
	Index Scan using sbtest7_pkey on sbtest7  (cost=0.43..8.45 rows=1 width=121)
	  Index Cond: (id = 9526901)

table 8 : explain SELECT c FROM sbtest8 WHERE id=8667252
	Index Scan using sbtest8_pkey on sbtest8  (cost=0.43..8.45 rows=1 width=121)
	  Index Cond: (id = 8667252)

explain: for index_updates :: explain UPDATE sbtest%u SET k=k+1 WHERE id=%u
explain: for deletes :: explain DELETE FROM sbtest%u WHERE id=%u
explain: for non_index_updates :: explain UPDATE sbtest%u SET c='foobar' WHERE id=%u
for index_updates
table 1 : explain UPDATE sbtest1 SET k=k+1 WHERE id=6970063
	Update on sbtest1  (cost=0.43..8.46 rows=0 width=0)
	  ->  Index Scan using sbtest1_pkey on sbtest1  (cost=0.43..8.46 rows=1 width=10)
	        Index Cond: (id = 6970063)

table 2 : explain UPDATE sbtest2 SET k=k+1 WHERE id=4254826
	Update on sbtest2  (cost=0.43..8.46 rows=0 width=0)
	  ->  Index Scan using sbtest2_pkey on sbtest2  (cost=0.43..8.46 rows=1 width=10)
	        Index Cond: (id = 4254826)

table 3 : explain UPDATE sbtest3 SET k=k+1 WHERE id=8041682
	Update on sbtest3  (cost=0.43..8.46 rows=0 width=0)
	  ->  Index Scan using sbtest3_pkey on sbtest3  (cost=0.43..8.46 rows=1 width=10)
	        Index Cond: (id = 8041682)

table 4 : explain UPDATE sbtest4 SET k=k+1 WHERE id=2946878
	Update on sbtest4  (cost=0.43..8.46 rows=0 width=0)
	  ->  Index Scan using sbtest4_pkey on sbtest4  (cost=0.43..8.46 rows=1 width=10)
	        Index Cond: (id = 2946878)

table 5 : explain UPDATE sbtest5 SET k=k+1 WHERE id=865925
	Update on sbtest5  (cost=0.43..8.46 rows=0 width=0)
	  ->  Index Scan using sbtest5_pkey on sbtest5  (cost=0.43..8.46 rows=1 width=10)
	        Index Cond: (id = 865925)

table 6 : explain UPDATE sbtest6 SET k=k+1 WHERE id=6368339
	Update on sbtest6  (cost=0.43..8.46 rows=0 width=0)
	  ->  Index Scan using sbtest6_pkey on sbtest6  (cost=0.43..8.46 rows=1 width=10)
	        Index Cond: (id = 6368339)

table 7 : explain UPDATE sbtest7 SET k=k+1 WHERE id=6298001
	Update on sbtest7  (cost=0.43..8.46 rows=0 width=0)
	  ->  Index Scan using sbtest7_pkey on sbtest7  (cost=0.43..8.46 rows=1 width=10)
	        Index Cond: (id = 6298001)

table 8 : explain UPDATE sbtest8 SET k=k+1 WHERE id=5041654
	Update on sbtest8  (cost=0.43..8.46 rows=0 width=0)
	  ->  Index Scan using sbtest8_pkey on sbtest8  (cost=0.43..8.46 rows=1 width=10)
	        Index Cond: (id = 5041654)

for: sum_ranges
table 1 : explain SELECT SUM(k) FROM sbtest1 WHERE id BETWEEN 8254702 AND 8254801
	Aggregate  (cost=405.33..405.34 rows=1 width=8)
	  ->  Index Scan using sbtest1_pkey on sbtest1  (cost=0.43..405.07 rows=103 width=4)
	        Index Cond: ((id >= 8254702) AND (id <= 8254801))

table 2 : explain SELECT SUM(k) FROM sbtest2 WHERE id BETWEEN 6120786 AND 6120885
	Aggregate  (cost=357.44..357.45 rows=1 width=8)
	  ->  Index Scan using sbtest2_pkey on sbtest2  (cost=0.43..357.21 rows=91 width=4)
	        Index Cond: ((id >= 6120786) AND (id <= 6120885))

table 3 : explain SELECT SUM(k) FROM sbtest3 WHERE id BETWEEN 4636104 AND 4636203
	Aggregate  (cost=377.55..377.56 rows=1 width=8)
	  ->  Index Scan using sbtest3_pkey on sbtest3  (cost=0.43..377.31 rows=97 width=4)
	        Index Cond: ((id >= 4636104) AND (id <= 4636203))

table 4 : explain SELECT SUM(k) FROM sbtest4 WHERE id BETWEEN 2390472 AND 2390571
	Aggregate  (cost=415.55..415.56 rows=1 width=8)
	  ->  Index Scan using sbtest4_pkey on sbtest4  (cost=0.43..415.28 rows=106 width=4)
	        Index Cond: ((id >= 2390472) AND (id <= 2390571))

table 5 : explain SELECT SUM(k) FROM sbtest5 WHERE id BETWEEN 4349846 AND 4349945
	Aggregate  (cost=405.10..405.11 rows=1 width=8)
	  ->  Index Scan using sbtest5_pkey on sbtest5  (cost=0.43..404.84 rows=103 width=4)
	        Index Cond: ((id >= 4349846) AND (id <= 4349945))

table 6 : explain SELECT SUM(k) FROM sbtest6 WHERE id BETWEEN 6210395 AND 6210494
	Aggregate  (cost=433.00..433.01 rows=1 width=8)
	  ->  Index Scan using sbtest6_pkey on sbtest6  (cost=0.43..432.72 rows=111 width=4)
	        Index Cond: ((id >= 6210395) AND (id <= 6210494))

table 7 : explain SELECT SUM(k) FROM sbtest7 WHERE id BETWEEN 3654200 AND 3654299
	Aggregate  (cost=377.23..377.24 rows=1 width=8)
	  ->  Index Scan using sbtest7_pkey on sbtest7  (cost=0.43..376.99 rows=96 width=4)
	        Index Cond: ((id >= 3654200) AND (id <= 3654299))

table 8 : explain SELECT SUM(k) FROM sbtest8 WHERE id BETWEEN 6234050 AND 6234149
	Aggregate  (cost=415.89..415.90 rows=1 width=8)
	  ->  Index Scan using sbtest8_pkey on sbtest8  (cost=0.43..415.62 rows=106 width=4)
	        Index Cond: ((id >= 6234050) AND (id <= 6234149))

explain: for index_updates :: explain UPDATE sbtest%u SET k=k+1 WHERE id=%u
for: distinct_ranges
table 1 : explain SELECT DISTINCT c FROM sbtest1 WHERE id BETWEEN 8983822 AND 8983921 ORDER BY c
	Unique  (cost=400.66..401.17 rows=101 width=121)
	  ->  Sort  (cost=400.66..400.91 rows=101 width=121)
	        Sort Key: c
	        ->  Index Scan using sbtest1_pkey on sbtest1  (cost=0.43..397.30 rows=101 width=121)
	              Index Cond: ((id >= 8983822) AND (id <= 8983921))

table 2 : explain SELECT DISTINCT c FROM sbtest2 WHERE id BETWEEN 2160314 AND 2160413 ORDER BY c
	Unique  (cost=407.18..407.70 rows=103 width=121)
	  ->  Sort  (cost=407.18..407.44 rows=103 width=121)
	        Sort Key: c
	        ->  Index Scan using sbtest2_pkey on sbtest2  (cost=0.43..403.74 rows=103 width=121)
	              Index Cond: ((id >= 2160314) AND (id <= 2160413))

table 3 : explain SELECT DISTINCT c FROM sbtest3 WHERE id BETWEEN 9633329 AND 9633428 ORDER BY c
	Unique  (cost=415.49..416.02 rows=106 width=121)
	  ->  Sort  (cost=415.49..415.76 rows=106 width=121)
	        Sort Key: c
	        ->  Index Scan using sbtest3_pkey on sbtest3  (cost=0.43..411.92 rows=106 width=121)
	              Index Cond: ((id >= 9633329) AND (id <= 9633428))

table 4 : explain SELECT DISTINCT c FROM sbtest4 WHERE id BETWEEN 468727 AND 468826 ORDER BY c
	Unique  (cost=414.93..415.46 rows=105 width=121)
	  ->  Sort  (cost=414.93..415.20 rows=105 width=121)
	        Sort Key: c
	        ->  Index Scan using sbtest4_pkey on sbtest4  (cost=0.43..411.41 rows=105 width=121)
	              Index Cond: ((id >= 468727) AND (id <= 468826))

table 5 : explain SELECT DISTINCT c FROM sbtest5 WHERE id BETWEEN 247801 AND 247900 ORDER BY c
	Unique  (cost=392.58..393.08 rows=99 width=121)
	  ->  Sort  (cost=392.58..392.83 rows=99 width=121)
	        Sort Key: c
	        ->  Index Scan using sbtest5_pkey on sbtest5  (cost=0.43..389.30 rows=99 width=121)
	              Index Cond: ((id >= 247801) AND (id <= 247900))

table 6 : explain SELECT DISTINCT c FROM sbtest6 WHERE id BETWEEN 443280 AND 443379 ORDER BY c
	Unique  (cost=393.59..394.09 rows=100 width=121)
	  ->  Sort  (cost=393.59..393.84 rows=100 width=121)
	        Sort Key: c
	        ->  Index Scan using sbtest6_pkey on sbtest6  (cost=0.43..390.27 rows=100 width=121)
	              Index Cond: ((id >= 443280) AND (id <= 443379))

table 7 : explain SELECT DISTINCT c FROM sbtest7 WHERE id BETWEEN 9978635 AND 9978734 ORDER BY c
	Unique  (cost=431.13..431.68 rows=109 width=121)
	  ->  Sort  (cost=431.13..431.40 rows=109 width=121)
	        Sort Key: c
	        ->  Index Scan using sbtest7_pkey on sbtest7  (cost=0.43..427.44 rows=109 width=121)
	              Index Cond: ((id >= 9978635) AND (id <= 9978734))

table 8 : explain SELECT DISTINCT c FROM sbtest8 WHERE id BETWEEN 987976 AND 988075 ORDER BY c
	Unique  (cost=387.81..388.30 rows=98 width=121)
	  ->  Sort  (cost=387.81..388.06 rows=98 width=121)
	        Sort Key: c
	        ->  Index Scan using sbtest8_pkey on sbtest8  (cost=0.43..384.57 rows=98 width=121)
	              Index Cond: ((id >= 987976) AND (id <= 988075))

for: order_ranges
table 1 : explain SELECT c FROM sbtest1 WHERE id BETWEEN 8927180 AND 8927279 ORDER BY c
	Sort  (cost=396.70..396.95 rows=100 width=121)
	  Sort Key: c
	  ->  Index Scan using sbtest1_pkey on sbtest1  (cost=0.43..393.38 rows=100 width=121)
	        Index Cond: ((id >= 8927180) AND (id <= 8927279))

table 2 : explain SELECT c FROM sbtest2 WHERE id BETWEEN 9695350 AND 9695449 ORDER BY c
	Sort  (cost=418.93..419.19 rows=106 width=121)
	  Sort Key: c
	  ->  Index Scan using sbtest2_pkey on sbtest2  (cost=0.43..415.36 rows=106 width=121)
	        Index Cond: ((id >= 9695350) AND (id <= 9695449))

table 3 : explain SELECT c FROM sbtest3 WHERE id BETWEEN 7746227 AND 7746326 ORDER BY c
	Sort  (cost=396.08..396.33 rows=101 width=121)
	  Sort Key: c
	  ->  Index Scan using sbtest3_pkey on sbtest3  (cost=0.43..392.72 rows=101 width=121)
	        Index Cond: ((id >= 7746227) AND (id <= 7746326))

table 4 : explain SELECT c FROM sbtest4 WHERE id BETWEEN 2040946 AND 2041045 ORDER BY c
	Sort  (cost=411.02..411.28 rows=104 width=121)
	  Sort Key: c
	  ->  Index Scan using sbtest4_pkey on sbtest4  (cost=0.43..407.54 rows=104 width=121)
	        Index Cond: ((id >= 2040946) AND (id <= 2041045))

table 5 : explain SELECT c FROM sbtest5 WHERE id BETWEEN 505582 AND 505681 ORDER BY c
	Sort  (cost=408.28..408.54 rows=103 width=121)
	  Sort Key: c
	  ->  Index Scan using sbtest5_pkey on sbtest5  (cost=0.43..404.84 rows=103 width=121)
	        Index Cond: ((id >= 505582) AND (id <= 505681))

table 6 : explain SELECT c FROM sbtest6 WHERE id BETWEEN 2768112 AND 2768211 ORDER BY c
	Sort  (cost=358.52..358.75 rows=91 width=121)
	  Sort Key: c
	  ->  Index Scan using sbtest6_pkey on sbtest6  (cost=0.43..355.56 rows=91 width=121)
	        Index Cond: ((id >= 2768112) AND (id <= 2768211))

table 7 : explain SELECT c FROM sbtest7 WHERE id BETWEEN 1320578 AND 1320677 ORDER BY c
	Sort  (cost=395.86..396.11 rows=100 width=121)
	  Sort Key: c
	  ->  Index Scan using sbtest7_pkey on sbtest7  (cost=0.43..392.54 rows=100 width=121)
	        Index Cond: ((id >= 1320578) AND (id <= 1320677))

table 8 : explain SELECT c FROM sbtest8 WHERE id BETWEEN 1515433 AND 1515532 ORDER BY c
	Sort  (cost=395.68..395.93 rows=100 width=121)
	  Sort Key: c
	  ->  Index Scan using sbtest8_pkey on sbtest8  (cost=0.43..392.36 rows=100 width=121)
	        Index Cond: ((id >= 1515433) AND (id <= 1515532))

for index_updates
table 1 : explain UPDATE sbtest1 SET k=k+1 WHERE id=9101399
	Update on sbtest1  (cost=0.43..8.46 rows=0 width=0)
	  ->  Index Scan using sbtest1_pkey on sbtest1  (cost=0.43..8.46 rows=1 width=10)
	        Index Cond: (id = 9101399)

table 2 : explain UPDATE sbtest2 SET k=k+1 WHERE id=7555026
	Update on sbtest2  (cost=0.43..8.46 rows=0 width=0)
	  ->  Index Scan using sbtest2_pkey on sbtest2  (cost=0.43..8.46 rows=1 width=10)
	        Index Cond: (id = 7555026)

table 3 : explain UPDATE sbtest3 SET k=k+1 WHERE id=1494003
	Update on sbtest3  (cost=0.43..8.46 rows=0 width=0)
	  ->  Index Scan using sbtest3_pkey on sbtest3  (cost=0.43..8.46 rows=1 width=10)
	        Index Cond: (id = 1494003)

table 4 : explain UPDATE sbtest4 SET k=k+1 WHERE id=4360183
	Update on sbtest4  (cost=0.43..8.46 rows=0 width=0)
	  ->  Index Scan using sbtest4_pkey on sbtest4  (cost=0.43..8.46 rows=1 width=10)
	        Index Cond: (id = 4360183)

table 5 : explain UPDATE sbtest5 SET k=k+1 WHERE id=4828813
	Update on sbtest5  (cost=0.43..8.46 rows=0 width=0)
	  ->  Index Scan using sbtest5_pkey on sbtest5  (cost=0.43..8.46 rows=1 width=10)
	        Index Cond: (id = 4828813)

table 6 : explain UPDATE sbtest6 SET k=k+1 WHERE id=4428049
	Update on sbtest6  (cost=0.43..8.46 rows=0 width=0)
	  ->  Index Scan using sbtest6_pkey on sbtest6  (cost=0.43..8.46 rows=1 width=10)
	        Index Cond: (id = 4428049)

table 7 : explain UPDATE sbtest7 SET k=k+1 WHERE id=1051285
	Update on sbtest7  (cost=0.43..8.46 rows=0 width=0)
	  ->  Index Scan using sbtest7_pkey on sbtest7  (cost=0.43..8.46 rows=1 width=10)
	        Index Cond: (id = 1051285)

table 8 : explain UPDATE sbtest8 SET k=k+1 WHERE id=2459482
	Update on sbtest8  (cost=0.43..8.46 rows=0 width=0)
	  ->  Index Scan using sbtest8_pkey on sbtest8  (cost=0.43..8.46 rows=1 width=10)
	        Index Cond: (id = 2459482)

explain: for non_index_updates :: explain UPDATE sbtest%u SET c='foobar' WHERE id=%u
for deletes
table 1 : explain DELETE FROM sbtest1 WHERE id=7228448
	Delete on sbtest1  (cost=0.43..8.45 rows=0 width=0)
	  ->  Index Scan using sbtest1_pkey on sbtest1  (cost=0.43..8.45 rows=1 width=6)
	        Index Cond: (id = 7228448)

table 2 : explain DELETE FROM sbtest2 WHERE id=3215144
	Delete on sbtest2  (cost=0.43..8.45 rows=0 width=0)
	  ->  Index Scan using sbtest2_pkey on sbtest2  (cost=0.43..8.45 rows=1 width=6)
	        Index Cond: (id = 3215144)

table 3 : explain DELETE FROM sbtest3 WHERE id=112128
	Delete on sbtest3  (cost=0.43..8.45 rows=0 width=0)
	  ->  Index Scan using sbtest3_pkey on sbtest3  (cost=0.43..8.45 rows=1 width=6)
	        Index Cond: (id = 112128)

table 4 : explain DELETE FROM sbtest4 WHERE id=1485428
	Delete on sbtest4  (cost=0.43..8.45 rows=0 width=0)
	  ->  Index Scan using sbtest4_pkey on sbtest4  (cost=0.43..8.45 rows=1 width=6)
	        Index Cond: (id = 1485428)

table 5 : explain DELETE FROM sbtest5 WHERE id=9751984
	Delete on sbtest5  (cost=0.43..8.45 rows=0 width=0)
	  ->  Index Scan using sbtest5_pkey on sbtest5  (cost=0.43..8.45 rows=1 width=6)
	        Index Cond: (id = 9751984)

table 6 : explain DELETE FROM sbtest6 WHERE id=3980779
	Delete on sbtest6  (cost=0.43..8.45 rows=0 width=0)
	  ->  Index Scan using sbtest6_pkey on sbtest6  (cost=0.43..8.45 rows=1 width=6)
	        Index Cond: (id = 3980779)

table 7 : explain DELETE FROM sbtest7 WHERE id=234927
	Delete on sbtest7  (cost=0.43..8.45 rows=0 width=0)
	  ->  Index Scan using sbtest7_pkey on sbtest7  (cost=0.43..8.45 rows=1 width=6)
	        Index Cond: (id = 234927)

table 8 : explain DELETE FROM sbtest8 WHERE id=894313
	Delete on sbtest8  (cost=0.43..8.45 rows=0 width=0)
	  ->  Index Scan using sbtest8_pkey on sbtest8  (cost=0.43..8.45 rows=1 width=6)
	        Index Cond: (id = 894313)

explain: for non_index_updates :: explain UPDATE sbtest%u SET c='foobar' WHERE id=%u
for index_updates
table 1 : explain UPDATE sbtest1 SET k=k+1 WHERE id=4851881
	Update on sbtest1  (cost=0.43..8.46 rows=0 width=0)
	  ->  Index Scan using sbtest1_pkey on sbtest1  (cost=0.43..8.46 rows=1 width=10)
	        Index Cond: (id = 4851881)

table 2 : explain UPDATE sbtest2 SET k=k+1 WHERE id=9409599
	Update on sbtest2  (cost=0.43..8.46 rows=0 width=0)
	  ->  Index Scan using sbtest2_pkey on sbtest2  (cost=0.43..8.46 rows=1 width=10)
	        Index Cond: (id = 9409599)

table 3 : explain UPDATE sbtest3 SET k=k+1 WHERE id=6295495
	Update on sbtest3  (cost=0.43..8.46 rows=0 width=0)
	  ->  Index Scan using sbtest3_pkey on sbtest3  (cost=0.43..8.46 rows=1 width=10)
	        Index Cond: (id = 6295495)

table 4 : explain UPDATE sbtest4 SET k=k+1 WHERE id=4279363
	Update on sbtest4  (cost=0.43..8.46 rows=0 width=0)
	  ->  Index Scan using sbtest4_pkey on sbtest4  (cost=0.43..8.46 rows=1 width=10)
	        Index Cond: (id = 4279363)

table 5 : explain UPDATE sbtest5 SET k=k+1 WHERE id=936161
	Update on sbtest5  (cost=0.43..8.46 rows=0 width=0)
	  ->  Index Scan using sbtest5_pkey on sbtest5  (cost=0.43..8.46 rows=1 width=10)
	        Index Cond: (id = 936161)

table 6 : explain UPDATE sbtest6 SET k=k+1 WHERE id=2079996
	Update on sbtest6  (cost=0.43..8.46 rows=0 width=0)
	  ->  Index Scan using sbtest6_pkey on sbtest6  (cost=0.43..8.46 rows=1 width=10)
	        Index Cond: (id = 2079996)

table 7 : explain UPDATE sbtest7 SET k=k+1 WHERE id=2947095
	Update on sbtest7  (cost=0.43..8.46 rows=0 width=0)
	  ->  Index Scan using sbtest7_pkey on sbtest7  (cost=0.43..8.46 rows=1 width=10)
	        Index Cond: (id = 2947095)

table 8 : explain UPDATE sbtest8 SET k=k+1 WHERE id=7824999
	Update on sbtest8  (cost=0.43..8.46 rows=0 width=0)
	  ->  Index Scan using sbtest8_pkey on sbtest8  (cost=0.43..8.46 rows=1 width=10)
	        Index Cond: (id = 7824999)

for: distinct_ranges
table 1 : explain SELECT DISTINCT c FROM sbtest1 WHERE id BETWEEN 6161580 AND 6161679 ORDER BY c
	Unique  (cost=384.92..385.40 rows=97 width=121)
	  ->  Sort  (cost=384.92..385.16 rows=97 width=121)
	        Sort Key: c
	        ->  Index Scan using sbtest1_pkey on sbtest1  (cost=0.43..381.72 rows=97 width=121)
	              Index Cond: ((id >= 6161580) AND (id <= 6161679))

table 2 : explain SELECT DISTINCT c FROM sbtest2 WHERE id BETWEEN 2007860 AND 2007959 ORDER BY c
	Unique  (cost=395.40..395.90 rows=100 width=121)
	  ->  Sort  (cost=395.40..395.65 rows=100 width=121)
	        Sort Key: c
	        ->  Index Scan using sbtest2_pkey on sbtest2  (cost=0.43..392.08 rows=100 width=121)
	              Index Cond: ((id >= 2007860) AND (id <= 2007959))

table 3 : explain SELECT DISTINCT c FROM sbtest3 WHERE id BETWEEN 4697811 AND 4697910 ORDER BY c
	Unique  (cost=380.51..380.99 rows=97 width=121)
	  ->  Sort  (cost=380.51..380.75 rows=97 width=121)
	        Sort Key: c
	        ->  Index Scan using sbtest3_pkey on sbtest3  (cost=0.43..377.31 rows=97 width=121)
	              Index Cond: ((id >= 4697811) AND (id <= 4697910))

table 4 : explain SELECT DISTINCT c FROM sbtest4 WHERE id BETWEEN 5156159 AND 5156258 ORDER BY c
	Unique  (cost=364.02..364.48 rows=92 width=121)
	  ->  Sort  (cost=364.02..364.25 rows=92 width=121)
	        Sort Key: c
	        ->  Index Scan using sbtest4_pkey on sbtest4  (cost=0.43..361.02 rows=92 width=121)
	              Index Cond: ((id >= 5156159) AND (id <= 5156258))

table 5 : explain SELECT DISTINCT c FROM sbtest5 WHERE id BETWEEN 8015735 AND 8015834 ORDER BY c
	Unique  (cost=365.07..365.53 rows=92 width=121)
	  ->  Sort  (cost=365.07..365.30 rows=92 width=121)
	        Sort Key: c
	        ->  Index Scan using sbtest5_pkey on sbtest5  (cost=0.43..362.07 rows=92 width=121)
	              Index Cond: ((id >= 8015735) AND (id <= 8015834))

table 6 : explain SELECT DISTINCT c FROM sbtest6 WHERE id BETWEEN 2002702 AND 2002801 ORDER BY c
	Unique  (cost=436.49..437.05 rows=111 width=121)
	  ->  Sort  (cost=436.49..436.77 rows=111 width=121)
	        Sort Key: c
	        ->  Index Scan using sbtest6_pkey on sbtest6  (cost=0.43..432.72 rows=111 width=121)
	              Index Cond: ((id >= 2002702) AND (id <= 2002801))

table 7 : explain SELECT DISTINCT c FROM sbtest7 WHERE id BETWEEN 7404088 AND 7404187 ORDER BY c
	Unique  (cost=352.72..353.16 rows=89 width=121)
	  ->  Sort  (cost=352.72..352.94 rows=89 width=121)
	        Sort Key: c
	        ->  Index Scan using sbtest7_pkey on sbtest7  (cost=0.43..349.84 rows=89 width=121)
	              Index Cond: ((id >= 7404088) AND (id <= 7404187))

table 8 : explain SELECT DISTINCT c FROM sbtest8 WHERE id BETWEEN 4845170 AND 4845269 ORDER BY c
	Unique  (cost=387.81..388.30 rows=98 width=121)
	  ->  Sort  (cost=387.81..388.06 rows=98 width=121)
	        Sort Key: c
	        ->  Index Scan using sbtest8_pkey on sbtest8  (cost=0.43..384.57 rows=98 width=121)
	              Index Cond: ((id >= 4845170) AND (id <= 4845269))

explain: for index_updates :: explain UPDATE sbtest%u SET k=k+1 WHERE id=%u
for index_updates
table 1 : explain UPDATE sbtest1 SET k=k+1 WHERE id=5660688
	Update on sbtest1  (cost=0.43..8.46 rows=0 width=0)
	  ->  Index Scan using sbtest1_pkey on sbtest1  (cost=0.43..8.46 rows=1 width=10)
	        Index Cond: (id = 5660688)

table 2 : explain UPDATE sbtest2 SET k=k+1 WHERE id=7051131
	Update on sbtest2  (cost=0.43..8.46 rows=0 width=0)
	  ->  Index Scan using sbtest2_pkey on sbtest2  (cost=0.43..8.46 rows=1 width=10)
	        Index Cond: (id = 7051131)

table 3 : explain UPDATE sbtest3 SET k=k+1 WHERE id=4631363
	Update on sbtest3  (cost=0.43..8.46 rows=0 width=0)
	  ->  Index Scan using sbtest3_pkey on sbtest3  (cost=0.43..8.46 rows=1 width=10)
	        Index Cond: (id = 4631363)

table 4 : explain UPDATE sbtest4 SET k=k+1 WHERE id=3801442
	Update on sbtest4  (cost=0.43..8.46 rows=0 width=0)
	  ->  Index Scan using sbtest4_pkey on sbtest4  (cost=0.43..8.46 rows=1 width=10)
	        Index Cond: (id = 3801442)

table 5 : explain UPDATE sbtest5 SET k=k+1 WHERE id=6084402
	Update on sbtest5  (cost=0.43..8.46 rows=0 width=0)
	  ->  Index Scan using sbtest5_pkey on sbtest5  (cost=0.43..8.46 rows=1 width=10)
	        Index Cond: (id = 6084402)

table 6 : explain UPDATE sbtest6 SET k=k+1 WHERE id=8907205
	Update on sbtest6  (cost=0.43..8.46 rows=0 width=0)
	  ->  Index Scan using sbtest6_pkey on sbtest6  (cost=0.43..8.46 rows=1 width=10)
	        Index Cond: (id = 8907205)

table 7 : explain UPDATE sbtest7 SET k=k+1 WHERE id=9190131
	Update on sbtest7  (cost=0.43..8.46 rows=0 width=0)
	  ->  Index Scan using sbtest7_pkey on sbtest7  (cost=0.43..8.46 rows=1 width=10)
	        Index Cond: (id = 9190131)

table 8 : explain UPDATE sbtest8 SET k=k+1 WHERE id=776053
	Update on sbtest8  (cost=0.43..8.46 rows=0 width=0)
	  ->  Index Scan using sbtest8_pkey on sbtest8  (cost=0.43..8.46 rows=1 width=10)
	        Index Cond: (id = 776053)

explain: for non_index_updates :: explain UPDATE sbtest%u SET c='foobar' WHERE id=%u
explain: for inserts :: explain INSERT INTO sbtest%u (id, k, c, pad) VALUES (%u, 13, 'foobar', 'foobar')
explain: for non_index_updates :: explain UPDATE sbtest%u SET c='foobar' WHERE id=%u
explain: for index_updates :: explain UPDATE sbtest%u SET k=k+1 WHERE id=%u
for non_index_updates
table 1 : explain UPDATE sbtest1 SET c='foobar' WHERE id=4980608
	Update on sbtest1  (cost=0.43..8.45 rows=0 width=0)
	  ->  Index Scan using sbtest1_pkey on sbtest1  (cost=0.43..8.45 rows=1 width=490)
	        Index Cond: (id = 4980608)

table 2 : explain UPDATE sbtest2 SET c='foobar' WHERE id=458401
	Update on sbtest2  (cost=0.43..8.45 rows=0 width=0)
	  ->  Index Scan using sbtest2_pkey on sbtest2  (cost=0.43..8.45 rows=1 width=490)
	        Index Cond: (id = 458401)

table 3 : explain UPDATE sbtest3 SET c='foobar' WHERE id=501514
	Update on sbtest3  (cost=0.43..8.45 rows=0 width=0)
	  ->  Index Scan using sbtest3_pkey on sbtest3  (cost=0.43..8.45 rows=1 width=490)
	        Index Cond: (id = 501514)

table 4 : explain UPDATE sbtest4 SET c='foobar' WHERE id=9048425
	Update on sbtest4  (cost=0.43..8.45 rows=0 width=0)
	  ->  Index Scan using sbtest4_pkey on sbtest4  (cost=0.43..8.45 rows=1 width=490)
	        Index Cond: (id = 9048425)

table 5 : explain UPDATE sbtest5 SET c='foobar' WHERE id=6912681
	Update on sbtest5  (cost=0.43..8.45 rows=0 width=0)
	  ->  Index Scan using sbtest5_pkey on sbtest5  (cost=0.43..8.45 rows=1 width=490)
	        Index Cond: (id = 6912681)

table 6 : explain UPDATE sbtest6 SET c='foobar' WHERE id=3178847
	Update on sbtest6  (cost=0.43..8.45 rows=0 width=0)
	  ->  Index Scan using sbtest6_pkey on sbtest6  (cost=0.43..8.45 rows=1 width=490)
	        Index Cond: (id = 3178847)

table 7 : explain UPDATE sbtest7 SET c='foobar' WHERE id=6148553
	Update on sbtest7  (cost=0.43..8.45 rows=0 width=0)
	  ->  Index Scan using sbtest7_pkey on sbtest7  (cost=0.43..8.45 rows=1 width=490)
	        Index Cond: (id = 6148553)

table 8 : explain UPDATE sbtest8 SET c='foobar' WHERE id=4640856
	Update on sbtest8  (cost=0.43..8.45 rows=0 width=0)
	  ->  Index Scan using sbtest8_pkey on sbtest8  (cost=0.43..8.45 rows=1 width=490)
	        Index Cond: (id = 4640856)
for non_index_updates
table 1 : explain UPDATE sbtest1 SET c='foobar' WHERE id=3716441
	Update on sbtest1  (cost=0.43..8.45 rows=0 width=0)
	  ->  Index Scan using sbtest1_pkey on sbtest1  (cost=0.43..8.45 rows=1 width=490)
	        Index Cond: (id = 3716441)

table 2 : explain UPDATE sbtest2 SET c='foobar' WHERE id=8990147
	Update on sbtest2  (cost=0.43..8.45 rows=0 width=0)
	  ->  Index Scan using sbtest2_pkey on sbtest2  (cost=0.43..8.45 rows=1 width=490)
	        Index Cond: (id = 8990147)

table 3 : explain UPDATE sbtest3 SET c='foobar' WHERE id=550292
	Update on sbtest3  (cost=0.43..8.45 rows=0 width=0)
	  ->  Index Scan using sbtest3_pkey on sbtest3  (cost=0.43..8.45 rows=1 width=490)
	        Index Cond: (id = 550292)

table 4 : explain UPDATE sbtest4 SET c='foobar' WHERE id=4916852
	Update on sbtest4  (cost=0.43..8.45 rows=0 width=0)
	  ->  Index Scan using sbtest4_pkey on sbtest4  (cost=0.43..8.45 rows=1 width=490)
	        Index Cond: (id = 4916852)

table 5 : explain UPDATE sbtest5 SET c='foobar' WHERE id=56500
	Update on sbtest5  (cost=0.43..8.45 rows=0 width=0)
	  ->  Index Scan using sbtest5_pkey on sbtest5  (cost=0.43..8.45 rows=1 width=490)
	        Index Cond: (id = 56500)

table 6 : explain UPDATE sbtest6 SET c='foobar' WHERE id=9117247
	Update on sbtest6  (cost=0.43..8.45 rows=0 width=0)
	  ->  Index Scan using sbtest6_pkey on sbtest6  (cost=0.43..8.45 rows=1 width=490)
	        Index Cond: (id = 9117247)

table 7 : explain UPDATE sbtest7 SET c='foobar' WHERE id=1906728
	Update on sbtest7  (cost=0.43..8.45 rows=0 width=0)
	  ->  Index Scan using sbtest7_pkey on sbtest7  (cost=0.43..8.45 rows=1 width=490)
	        Index Cond: (id = 1906728)

table 8 : explain UPDATE sbtest8 SET c='foobar' WHERE id=4143235
	Update on sbtest8  (cost=0.43..8.45 rows=0 width=0)
	  ->  Index Scan using sbtest8_pkey on sbtest8  (cost=0.43..8.45 rows=1 width=490)
	        Index Cond: (id = 4143235)

for non_index_updates
table 1 : explain UPDATE sbtest1 SET c='foobar' WHERE id=2933580
	Update on sbtest1  (cost=0.43..8.45 rows=0 width=0)
	  ->  Index Scan using sbtest1_pkey on sbtest1  (cost=0.43..8.45 rows=1 width=490)
	        Index Cond: (id = 2933580)

table 2 : explain UPDATE sbtest2 SET c='foobar' WHERE id=5199387
	Update on sbtest2  (cost=0.43..8.45 rows=0 width=0)
	  ->  Index Scan using sbtest2_pkey on sbtest2  (cost=0.43..8.45 rows=1 width=490)
	        Index Cond: (id = 5199387)

table 3 : explain UPDATE sbtest3 SET c='foobar' WHERE id=2273805
	Update on sbtest3  (cost=0.43..8.45 rows=0 width=0)
	  ->  Index Scan using sbtest3_pkey on sbtest3  (cost=0.43..8.45 rows=1 width=490)
	        Index Cond: (id = 2273805)

table 4 : explain UPDATE sbtest4 SET c='foobar' WHERE id=3507880
	Update on sbtest4  (cost=0.43..8.45 rows=0 width=0)
	  ->  Index Scan using sbtest4_pkey on sbtest4  (cost=0.43..8.45 rows=1 width=490)
	        Index Cond: (id = 3507880)

table 5 : explain UPDATE sbtest5 SET c='foobar' WHERE id=769168
	Update on sbtest5  (cost=0.43..8.45 rows=0 width=0)
	  ->  Index Scan using sbtest5_pkey on sbtest5  (cost=0.43..8.45 rows=1 width=490)
	        Index Cond: (id = 769168)

table 6 : explain UPDATE sbtest6 SET c='foobar' WHERE id=4374835
	Update on sbtest6  (cost=0.43..8.45 rows=0 width=0)
	  ->  Index Scan using sbtest6_pkey on sbtest6  (cost=0.43..8.45 rows=1 width=490)
	        Index Cond: (id = 4374835)

table 7 : explain UPDATE sbtest7 SET c='foobar' WHERE id=976331
	Update on sbtest7  (cost=0.43..8.45 rows=0 width=0)
	  ->  Index Scan using sbtest7_pkey on sbtest7  (cost=0.43..8.45 rows=1 width=490)
	        Index Cond: (id = 976331)

table 8 : explain UPDATE sbtest8 SET c='foobar' WHERE id=531269
	Update on sbtest8  (cost=0.43..8.45 rows=0 width=0)
	  ->  Index Scan using sbtest8_pkey on sbtest8  (cost=0.43..8.45 rows=1 width=490)
	        Index Cond: (id = 531269)


for: distinct_ranges
table 1 : explain SELECT DISTINCT c FROM sbtest1 WHERE id BETWEEN 9403531 AND 9403630 ORDER BY c
	Unique  (cost=380.99..381.47 rows=96 width=121)
	  ->  Sort  (cost=380.99..381.23 rows=96 width=121)
	        Sort Key: c
	        ->  Index Scan using sbtest1_pkey on sbtest1  (cost=0.43..377.83 rows=96 width=121)
	              Index Cond: ((id >= 9403531) AND (id <= 9403630))

table 2 : explain SELECT DISTINCT c FROM sbtest2 WHERE id BETWEEN 7053921 AND 7054020 ORDER BY c
	Unique  (cost=418.93..419.46 rows=106 width=121)
	  ->  Sort  (cost=418.93..419.19 rows=106 width=121)
	        Sort Key: c
	        ->  Index Scan using sbtest2_pkey on sbtest2  (cost=0.43..415.36 rows=106 width=121)
	              Index Cond: ((id >= 7053921) AND (id <= 7054020))

table 3 : explain SELECT DISTINCT c FROM sbtest3 WHERE id BETWEEN 2631929 AND 2632028 ORDER BY c
	Unique  (cost=372.75..373.22 rows=95 width=121)
	  ->  Sort  (cost=372.75..372.98 rows=95 width=121)
	        Sort Key: c
	        ->  Index Scan using sbtest3_pkey on sbtest3  (cost=0.43..369.63 rows=95 width=121)
	              Index Cond: ((id >= 2631929) AND (id <= 2632028))

table 4 : explain SELECT DISTINCT c FROM sbtest4 WHERE id BETWEEN 2185422 AND 2185521 ORDER BY c
	Unique  (cost=414.93..415.46 rows=105 width=121)
	  ->  Sort  (cost=414.93..415.20 rows=105 width=121)
	        Sort Key: c
	        ->  Index Scan using sbtest4_pkey on sbtest4  (cost=0.43..411.41 rows=105 width=121)
	              Index Cond: ((id >= 2185422) AND (id <= 2185521))

table 5 : explain SELECT DISTINCT c FROM sbtest5 WHERE id BETWEEN 7568124 AND 7568223 ORDER BY c
	Unique  (cost=380.77..381.25 rows=96 width=121)
	  ->  Sort  (cost=380.77..381.01 rows=96 width=121)
	        Sort Key: c
	        ->  Index Scan using sbtest5_pkey on sbtest5  (cost=0.43..377.61 rows=96 width=121)
	              Index Cond: ((id >= 7568124) AND (id <= 7568223))

table 6 : explain SELECT DISTINCT c FROM sbtest6 WHERE id BETWEEN 4948172 AND 4948271 ORDER BY c
	Unique  (cost=413.11..413.64 rows=105 width=121)
	  ->  Sort  (cost=413.11..413.37 rows=105 width=121)
	        Sort Key: c
	        ->  Index Scan using sbtest6_pkey on sbtest6  (cost=0.43..409.59 rows=105 width=121)
	              Index Cond: ((id >= 4948172) AND (id <= 4948271))

table 7 : explain SELECT DISTINCT c FROM sbtest7 WHERE id BETWEEN 9196634 AND 9196733 ORDER BY c
	Unique  (cost=403.70..404.21 rows=102 width=121)
	  ->  Sort  (cost=403.70..403.95 rows=102 width=121)
	        Sort Key: c
	        ->  Index Scan using sbtest7_pkey on sbtest7  (cost=0.43..400.29 rows=102 width=121)
	              Index Cond: ((id >= 9196634) AND (id <= 9196733))

table 8 : explain SELECT DISTINCT c FROM sbtest8 WHERE id BETWEEN 6969564 AND 6969663 ORDER BY c
	Unique  (cost=399.60..400.11 rows=101 width=121)
	  ->  Sort  (cost=399.60..399.85 rows=101 width=121)
	        Sort Key: c
	        ->  Index Scan using sbtest8_pkey on sbtest8  (cost=0.43..396.24 rows=101 width=121)
	              Index Cond: ((id >= 6969564) AND (id <= 6969663))

for inserts
table 1 : explain INSERT INTO sbtest1 (id, k, c, pad) VALUES (3326179, 13, 'foobar', 'foobar')
	Insert on sbtest1  (cost=0.00..0.01 rows=0 width=0)
	  ->  Result  (cost=0.00..0.01 rows=1 width=736)

table 2 : explain INSERT INTO sbtest2 (id, k, c, pad) VALUES (1397493, 13, 'foobar', 'foobar')
	Insert on sbtest2  (cost=0.00..0.01 rows=0 width=0)
	  ->  Result  (cost=0.00..0.01 rows=1 width=736)

table 3 : explain INSERT INTO sbtest3 (id, k, c, pad) VALUES (3907464, 13, 'foobar', 'foobar')
	Insert on sbtest3  (cost=0.00..0.01 rows=0 width=0)
	  ->  Result  (cost=0.00..0.01 rows=1 width=736)

table 4 : explain INSERT INTO sbtest4 (id, k, c, pad) VALUES (5973271, 13, 'foobar', 'foobar')
	Insert on sbtest4  (cost=0.00..0.01 rows=0 width=0)
	  ->  Result  (cost=0.00..0.01 rows=1 width=736)

table 5 : explain INSERT INTO sbtest5 (id, k, c, pad) VALUES (8525217, 13, 'foobar', 'foobar')
	Insert on sbtest5  (cost=0.00..0.01 rows=0 width=0)
	  ->  Result  (cost=0.00..0.01 rows=1 width=736)

table 6 : explain INSERT INTO sbtest6 (id, k, c, pad) VALUES (2510245, 13, 'foobar', 'foobar')
	Insert on sbtest6  (cost=0.00..0.01 rows=0 width=0)
	  ->  Result  (cost=0.00..0.01 rows=1 width=736)

table 7 : explain INSERT INTO sbtest7 (id, k, c, pad) VALUES (7861735, 13, 'foobar', 'foobar')
	Insert on sbtest7  (cost=0.00..0.01 rows=0 width=0)
	  ->  Result  (cost=0.00..0.01 rows=1 width=736)

table 8 : explain INSERT INTO sbtest8 (id, k, c, pad) VALUES (2018402, 13, 'foobar', 'foobar')
	Insert on sbtest8  (cost=0.00..0.01 rows=0 width=0)
	  ->  Result  (cost=0.00..0.01 rows=1 width=736)

explain: for deletes :: explain DELETE FROM sbtest%u WHERE id=%u
for non_index_updates
table 1 : explain UPDATE sbtest1 SET c='foobar' WHERE id=9682834
	Update on sbtest1  (cost=0.43..8.45 rows=0 width=0)
	  ->  Index Scan using sbtest1_pkey on sbtest1  (cost=0.43..8.45 rows=1 width=490)
	        Index Cond: (id = 9682834)

table 2 : explain UPDATE sbtest2 SET c='foobar' WHERE id=3606566
	Update on sbtest2  (cost=0.43..8.45 rows=0 width=0)
	  ->  Index Scan using sbtest2_pkey on sbtest2  (cost=0.43..8.45 rows=1 width=490)
	        Index Cond: (id = 3606566)

table 3 : explain UPDATE sbtest3 SET c='foobar' WHERE id=5985430
	Update on sbtest3  (cost=0.43..8.45 rows=0 width=0)
	  ->  Index Scan using sbtest3_pkey on sbtest3  (cost=0.43..8.45 rows=1 width=490)
	        Index Cond: (id = 5985430)

table 4 : explain UPDATE sbtest4 SET c='foobar' WHERE id=6661412
	Update on sbtest4  (cost=0.43..8.45 rows=0 width=0)
	  ->  Index Scan using sbtest4_pkey on sbtest4  (cost=0.43..8.45 rows=1 width=490)
	        Index Cond: (id = 6661412)

table 5 : explain UPDATE sbtest5 SET c='foobar' WHERE id=5181333
	Update on sbtest5  (cost=0.43..8.45 rows=0 width=0)
	  ->  Index Scan using sbtest5_pkey on sbtest5  (cost=0.43..8.45 rows=1 width=490)
	        Index Cond: (id = 5181333)

table 6 : explain UPDATE sbtest6 SET c='foobar' WHERE id=8148987
	Update on sbtest6  (cost=0.43..8.45 rows=0 width=0)
	  ->  Index Scan using sbtest6_pkey on sbtest6  (cost=0.43..8.45 rows=1 width=490)
	        Index Cond: (id = 8148987)

table 7 : explain UPDATE sbtest7 SET c='foobar' WHERE id=6633209
	Update on sbtest7  (cost=0.43..8.45 rows=0 width=0)
	  ->  Index Scan using sbtest7_pkey on sbtest7  (cost=0.43..8.45 rows=1 width=490)
	        Index Cond: (id = 6633209)

table 8 : explain UPDATE sbtest8 SET c='foobar' WHERE id=521404
	Update on sbtest8  (cost=0.43..8.45 rows=0 width=0)
	  ->  Index Scan using sbtest8_pkey on sbtest8  (cost=0.43..8.45 rows=1 width=490)
	        Index Cond: (id = 521404)

for non_index_updates
table 1 : explain UPDATE sbtest1 SET c='foobar' WHERE id=829545
	Update on sbtest1  (cost=0.43..8.45 rows=0 width=0)
	  ->  Index Scan using sbtest1_pkey on sbtest1  (cost=0.43..8.45 rows=1 width=490)
	        Index Cond: (id = 829545)

table 2 : explain UPDATE sbtest2 SET c='foobar' WHERE id=423283
	Update on sbtest2  (cost=0.43..8.45 rows=0 width=0)
	  ->  Index Scan using sbtest2_pkey on sbtest2  (cost=0.43..8.45 rows=1 width=490)
	        Index Cond: (id = 423283)

table 3 : explain UPDATE sbtest3 SET c='foobar' WHERE id=5057164
	Update on sbtest3  (cost=0.43..8.45 rows=0 width=0)
	  ->  Index Scan using sbtest3_pkey on sbtest3  (cost=0.43..8.45 rows=1 width=490)
	        Index Cond: (id = 5057164)

table 4 : explain UPDATE sbtest4 SET c='foobar' WHERE id=7753189
	Update on sbtest4  (cost=0.43..8.45 rows=0 width=0)
	  ->  Index Scan using sbtest4_pkey on sbtest4  (cost=0.43..8.45 rows=1 width=490)
	        Index Cond: (id = 7753189)

table 5 : explain UPDATE sbtest5 SET c='foobar' WHERE id=1174930
	Update on sbtest5  (cost=0.43..8.45 rows=0 width=0)
	  ->  Index Scan using sbtest5_pkey on sbtest5  (cost=0.43..8.45 rows=1 width=490)
	        Index Cond: (id = 1174930)

table 6 : explain UPDATE sbtest6 SET c='foobar' WHERE id=4681977
	Update on sbtest6  (cost=0.43..8.45 rows=0 width=0)
	  ->  Index Scan using sbtest6_pkey on sbtest6  (cost=0.43..8.45 rows=1 width=490)
	        Index Cond: (id = 4681977)

table 7 : explain UPDATE sbtest7 SET c='foobar' WHERE id=6051599
	Update on sbtest7  (cost=0.43..8.45 rows=0 width=0)
	  ->  Index Scan using sbtest7_pkey on sbtest7  (cost=0.43..8.45 rows=1 width=490)
	        Index Cond: (id = 6051599)

table 8 : explain UPDATE sbtest8 SET c='foobar' WHERE id=7442076
	Update on sbtest8  (cost=0.43..8.45 rows=0 width=0)
	  ->  Index Scan using sbtest8_pkey on sbtest8  (cost=0.43..8.45 rows=1 width=490)
	        Index Cond: (id = 7442076)

explain: for index_updates :: explain UPDATE sbtest%u SET k=k+1 WHERE id=%u
explain: for non_index_updates :: explain UPDATE sbtest%u SET c='foobar' WHERE id=%u
for index_updates
table 1 : explain UPDATE sbtest1 SET k=k+1 WHERE id=6436555
	Update on sbtest1  (cost=0.43..8.46 rows=0 width=0)
	  ->  Index Scan using sbtest1_pkey on sbtest1  (cost=0.43..8.46 rows=1 width=10)
	        Index Cond: (id = 6436555)

table 2 : explain UPDATE sbtest2 SET k=k+1 WHERE id=9541883
	Update on sbtest2  (cost=0.43..8.46 rows=0 width=0)
	  ->  Index Scan using sbtest2_pkey on sbtest2  (cost=0.43..8.46 rows=1 width=10)
	        Index Cond: (id = 9541883)

table 3 : explain UPDATE sbtest3 SET k=k+1 WHERE id=5120759
	Update on sbtest3  (cost=0.43..8.46 rows=0 width=0)
	  ->  Index Scan using sbtest3_pkey on sbtest3  (cost=0.43..8.46 rows=1 width=10)
	        Index Cond: (id = 5120759)

table 4 : explain UPDATE sbtest4 SET k=k+1 WHERE id=3135816
	Update on sbtest4  (cost=0.43..8.46 rows=0 width=0)
	  ->  Index Scan using sbtest4_pkey on sbtest4  (cost=0.43..8.46 rows=1 width=10)
	        Index Cond: (id = 3135816)

table 5 : explain UPDATE sbtest5 SET k=k+1 WHERE id=4484172
	Update on sbtest5  (cost=0.43..8.46 rows=0 width=0)
	  ->  Index Scan using sbtest5_pkey on sbtest5  (cost=0.43..8.46 rows=1 width=10)
	        Index Cond: (id = 4484172)

table 6 : explain UPDATE sbtest6 SET k=k+1 WHERE id=9028812
	Update on sbtest6  (cost=0.43..8.46 rows=0 width=0)
	  ->  Index Scan using sbtest6_pkey on sbtest6  (cost=0.43..8.46 rows=1 width=10)
	        Index Cond: (id = 9028812)

table 7 : explain UPDATE sbtest7 SET k=k+1 WHERE id=6431805
	Update on sbtest7  (cost=0.43..8.46 rows=0 width=0)
	  ->  Index Scan using sbtest7_pkey on sbtest7  (cost=0.43..8.46 rows=1 width=10)
	        Index Cond: (id = 6431805)

table 8 : explain UPDATE sbtest8 SET k=k+1 WHERE id=5577370
	Update on sbtest8  (cost=0.43..8.46 rows=0 width=0)
	  ->  Index Scan using sbtest8_pkey on sbtest8  (cost=0.43..8.46 rows=1 width=10)
	        Index Cond: (id = 5577370)

explain: for deletes :: explain DELETE FROM sbtest%u WHERE id=%u
explain: for deletes :: explain DELETE FROM sbtest%u WHERE id=%u
explain: for deletes :: explain DELETE FROM sbtest%u WHERE id=%u
for deletes
table 1 : explain DELETE FROM sbtest1 WHERE id=5421653
	Delete on sbtest1  (cost=0.43..8.45 rows=0 width=0)
	  ->  Index Scan using sbtest1_pkey on sbtest1  (cost=0.43..8.45 rows=1 width=6)
	        Index Cond: (id = 5421653)

table 2 : explain DELETE FROM sbtest2 WHERE id=5201732
	Delete on sbtest2  (cost=0.43..8.45 rows=0 width=0)
	  ->  Index Scan using sbtest2_pkey on sbtest2  (cost=0.43..8.45 rows=1 width=6)
	        Index Cond: (id = 5201732)

table 3 : explain DELETE FROM sbtest3 WHERE id=4842920
	Delete on sbtest3  (cost=0.43..8.45 rows=0 width=0)
	  ->  Index Scan using sbtest3_pkey on sbtest3  (cost=0.43..8.45 rows=1 width=6)
	        Index Cond: (id = 4842920)

table 4 : explain DELETE FROM sbtest4 WHERE id=6610923
	Delete on sbtest4  (cost=0.43..8.45 rows=0 width=0)
	  ->  Index Scan using sbtest4_pkey on sbtest4  (cost=0.43..8.45 rows=1 width=6)
	        Index Cond: (id = 6610923)

table 5 : explain DELETE FROM sbtest5 WHERE id=6622447
	Delete on sbtest5  (cost=0.43..8.45 rows=0 width=0)
	  ->  Index Scan using sbtest5_pkey on sbtest5  (cost=0.43..8.45 rows=1 width=6)
	        Index Cond: (id = 6622447)

table 6 : explain DELETE FROM sbtest6 WHERE id=1536908
	Delete on sbtest6  (cost=0.43..8.45 rows=0 width=0)
	  ->  Index Scan using sbtest6_pkey on sbtest6  (cost=0.43..8.45 rows=1 width=6)
	        Index Cond: (id = 1536908)

table 7 : explain DELETE FROM sbtest7 WHERE id=9827996
	Delete on sbtest7  (cost=0.43..8.45 rows=0 width=0)
	  ->  Index Scan using sbtest7_pkey on sbtest7  (cost=0.43..8.45 rows=1 width=6)
	        Index Cond: (id = 9827996)

table 8 : explain DELETE FROM sbtest8 WHERE id=238834
	Delete on sbtest8  (cost=0.43..8.45 rows=0 width=0)
	  ->  Index Scan using sbtest8_pkey on sbtest8  (cost=0.43..8.45 rows=1 width=6)
	        Index Cond: (id = 238834)

explain: for non_index_updates :: explain UPDATE sbtest%u SET c='foobar' WHERE id=%u
for: order_ranges
table 1 : explain SELECT c FROM sbtest1 WHERE id BETWEEN 5017016 AND 5017115 ORDER BY c
	Sort  (cost=408.52..408.77 rows=103 width=121)
	  Sort Key: c
	  ->  Index Scan using sbtest1_pkey on sbtest1  (cost=0.43..405.07 rows=103 width=121)
	        Index Cond: ((id >= 5017016) AND (id <= 5017115))

table 2 : explain SELECT c FROM sbtest2 WHERE id BETWEEN 9914573 AND 9914672 ORDER BY c
	Sort  (cost=411.10..411.36 rows=104 width=121)
	  Sort Key: c
	  ->  Index Scan using sbtest2_pkey on sbtest2  (cost=0.43..407.61 rows=104 width=121)
	        Index Cond: ((id >= 9914573) AND (id <= 9914672))

table 3 : explain SELECT c FROM sbtest3 WHERE id BETWEEN 843524 AND 843623 ORDER BY c
	Sort  (cost=403.84..404.10 rows=103 width=121)
	  Sort Key: c
	  ->  Index Scan using sbtest3_pkey on sbtest3  (cost=0.43..400.40 rows=103 width=121)
	        Index Cond: ((id >= 843524) AND (id <= 843623))

table 4 : explain SELECT c FROM sbtest4 WHERE id BETWEEN 6266651 AND 6266750 ORDER BY c
	Sort  (cost=418.85..419.11 rows=106 width=121)
	  Sort Key: c
	  ->  Index Scan using sbtest4_pkey on sbtest4  (cost=0.43..415.28 rows=106 width=121)
	        Index Cond: ((id >= 6266651) AND (id <= 6266750))

table 5 : explain SELECT c FROM sbtest5 WHERE id BETWEEN 2833373 AND 2833472 ORDER BY c
	Sort  (cost=412.21..412.47 rows=104 width=121)
	  Sort Key: c
	  ->  Index Scan using sbtest5_pkey on sbtest5  (cost=0.43..408.73 rows=104 width=121)
	        Index Cond: ((id >= 2833373) AND (id <= 2833472))

table 6 : explain SELECT c FROM sbtest6 WHERE id BETWEEN 771341 AND 771440 ORDER BY c
	Sort  (cost=432.60..432.87 rows=110 width=121)
	  Sort Key: c
	  ->  Index Scan using sbtest6_pkey on sbtest6  (cost=0.43..428.87 rows=110 width=121)
	        Index Cond: ((id >= 771341) AND (id <= 771440))

table 7 : explain SELECT c FROM sbtest7 WHERE id BETWEEN 5670935 AND 5671034 ORDER BY c
	Sort  (cost=391.90..392.15 rows=99 width=121)
	  Sort Key: c
	  ->  Index Scan using sbtest7_pkey on sbtest7  (cost=0.43..388.62 rows=99 width=121)
	        Index Cond: ((id >= 5670935) AND (id <= 5671034))

table 8 : explain SELECT c FROM sbtest8 WHERE id BETWEEN 4931494 AND 4931593 ORDER BY c
	Sort  (cost=387.81..388.06 rows=98 width=121)
	  Sort Key: c
	  ->  Index Scan using sbtest8_pkey on sbtest8  (cost=0.43..384.57 rows=98 width=121)
	        Index Cond: ((id >= 4931494) AND (id <= 4931593))

for: sum_ranges
table 1 : explain SELECT SUM(k) FROM sbtest1 WHERE id BETWEEN 7524610 AND 7524709
	Aggregate  (cost=405.33..405.34 rows=1 width=8)
	  ->  Index Scan using sbtest1_pkey on sbtest1  (cost=0.43..405.07 rows=103 width=4)
	        Index Cond: ((id >= 7524610) AND (id <= 7524709))

table 2 : explain SELECT SUM(k) FROM sbtest2 WHERE id BETWEEN 7119059 AND 7119158
	Aggregate  (cost=400.12..400.13 rows=1 width=8)
	  ->  Index Scan using sbtest2_pkey on sbtest2  (cost=0.43..399.87 rows=102 width=4)
	        Index Cond: ((id >= 7119059) AND (id <= 7119158))

table 3 : explain SELECT SUM(k) FROM sbtest3 WHERE id BETWEEN 6579060 AND 6579159
	Aggregate  (cost=416.03..416.04 rows=1 width=8)
	  ->  Index Scan using sbtest3_pkey on sbtest3  (cost=0.43..415.77 rows=107 width=4)
	        Index Cond: ((id >= 6579060) AND (id <= 6579159))

table 4 : explain SELECT SUM(k) FROM sbtest4 WHERE id BETWEEN 6193424 AND 6193523
	Aggregate  (cost=415.55..415.56 rows=1 width=8)
	  ->  Index Scan using sbtest4_pkey on sbtest4  (cost=0.43..415.28 rows=106 width=4)
	        Index Cond: ((id >= 6193424) AND (id <= 6193523))

table 5 : explain SELECT SUM(k) FROM sbtest5 WHERE id BETWEEN 7588749 AND 7588848
	Aggregate  (cost=377.85..377.86 rows=1 width=8)
	  ->  Index Scan using sbtest5_pkey on sbtest5  (cost=0.43..377.61 rows=96 width=4)
	        Index Cond: ((id >= 7588749) AND (id <= 7588848))

table 6 : explain SELECT SUM(k) FROM sbtest6 WHERE id BETWEEN 2741837 AND 2741936
	Aggregate  (cost=390.52..390.53 rows=1 width=8)
	  ->  Index Scan using sbtest6_pkey on sbtest6  (cost=0.43..390.27 rows=100 width=4)
	        Index Cond: ((id >= 2741837) AND (id <= 2741936))

table 7 : explain SELECT SUM(k) FROM sbtest7 WHERE id BETWEEN 4990017 AND 4990116
	Aggregate  (cost=384.99..385.00 rows=1 width=8)
	  ->  Index Scan using sbtest7_pkey on sbtest7  (cost=0.43..384.74 rows=98 width=4)
	        Index Cond: ((id >= 4990017) AND (id <= 4990116))

table 8 : explain SELECT SUM(k) FROM sbtest8 WHERE id BETWEEN 5608589 AND 5608688
	Aggregate  (cost=404.25..404.26 rows=1 width=8)
	  ->  Index Scan using sbtest8_pkey on sbtest8  (cost=0.43..403.99 rows=103 width=4)
	        Index Cond: ((id >= 5608589) AND (id <= 5608688))

for non_index_updates
table 1 : explain UPDATE sbtest1 SET c='foobar' WHERE id=8580494
	Update on sbtest1  (cost=0.43..8.45 rows=0 width=0)
	  ->  Index Scan using sbtest1_pkey on sbtest1  (cost=0.43..8.45 rows=1 width=490)
	        Index Cond: (id = 8580494)

table 2 : explain UPDATE sbtest2 SET c='foobar' WHERE id=4764979
	Update on sbtest2  (cost=0.43..8.45 rows=0 width=0)
	  ->  Index Scan using sbtest2_pkey on sbtest2  (cost=0.43..8.45 rows=1 width=490)
	        Index Cond: (id = 4764979)

table 3 : explain UPDATE sbtest3 SET c='foobar' WHERE id=1220162
	Update on sbtest3  (cost=0.43..8.45 rows=0 width=0)
	  ->  Index Scan using sbtest3_pkey on sbtest3  (cost=0.43..8.45 rows=1 width=490)
	        Index Cond: (id = 1220162)

table 4 : explain UPDATE sbtest4 SET c='foobar' WHERE id=6700592
	Update on sbtest4  (cost=0.43..8.45 rows=0 width=0)
	  ->  Index Scan using sbtest4_pkey on sbtest4  (cost=0.43..8.45 rows=1 width=490)
	        Index Cond: (id = 6700592)

table 5 : explain UPDATE sbtest5 SET c='foobar' WHERE id=8532964
	Update on sbtest5  (cost=0.43..8.45 rows=0 width=0)
	  ->  Index Scan using sbtest5_pkey on sbtest5  (cost=0.43..8.45 rows=1 width=490)
	        Index Cond: (id = 8532964)

table 6 : explain UPDATE sbtest6 SET c='foobar' WHERE id=6226503
	Update on sbtest6  (cost=0.43..8.45 rows=0 width=0)
	  ->  Index Scan using sbtest6_pkey on sbtest6  (cost=0.43..8.45 rows=1 width=490)
	        Index Cond: (id = 6226503)

table 7 : explain UPDATE sbtest7 SET c='foobar' WHERE id=7604530
	Update on sbtest7  (cost=0.43..8.45 rows=0 width=0)
	  ->  Index Scan using sbtest7_pkey on sbtest7  (cost=0.43..8.45 rows=1 width=490)
	        Index Cond: (id = 7604530)

table 8 : explain UPDATE sbtest8 SET c='foobar' WHERE id=8085602
	Update on sbtest8  (cost=0.43..8.45 rows=0 width=0)
	  ->  Index Scan using sbtest8_pkey on sbtest8  (cost=0.43..8.45 rows=1 width=490)
	        Index Cond: (id = 8085602)

for index_updates
table 1 : explain UPDATE sbtest1 SET k=k+1 WHERE id=4589446
	Update on sbtest1  (cost=0.43..8.46 rows=0 width=0)
	  ->  Index Scan using sbtest1_pkey on sbtest1  (cost=0.43..8.46 rows=1 width=10)
	        Index Cond: (id = 4589446)

table 2 : explain UPDATE sbtest2 SET k=k+1 WHERE id=6739205
	Update on sbtest2  (cost=0.43..8.46 rows=0 width=0)
	  ->  Index Scan using sbtest2_pkey on sbtest2  (cost=0.43..8.46 rows=1 width=10)
	        Index Cond: (id = 6739205)

table 3 : explain UPDATE sbtest3 SET k=k+1 WHERE id=2746652
	Update on sbtest3  (cost=0.43..8.46 rows=0 width=0)
	  ->  Index Scan using sbtest3_pkey on sbtest3  (cost=0.43..8.46 rows=1 width=10)
	        Index Cond: (id = 2746652)

table 4 : explain UPDATE sbtest4 SET k=k+1 WHERE id=8619158
	Update on sbtest4  (cost=0.43..8.46 rows=0 width=0)
	  ->  Index Scan using sbtest4_pkey on sbtest4  (cost=0.43..8.46 rows=1 width=10)
	        Index Cond: (id = 8619158)

table 5 : explain UPDATE sbtest5 SET k=k+1 WHERE id=4709679
	Update on sbtest5  (cost=0.43..8.46 rows=0 width=0)
	  ->  Index Scan using sbtest5_pkey on sbtest5  (cost=0.43..8.46 rows=1 width=10)
	        Index Cond: (id = 4709679)

table 6 : explain UPDATE sbtest6 SET k=k+1 WHERE id=314255
	Update on sbtest6  (cost=0.43..8.46 rows=0 width=0)
	  ->  Index Scan using sbtest6_pkey on sbtest6  (cost=0.43..8.46 rows=1 width=10)
	        Index Cond: (id = 314255)

table 7 : explain UPDATE sbtest7 SET k=k+1 WHERE id=5197088
	Update on sbtest7  (cost=0.43..8.46 rows=0 width=0)
	  ->  Index Scan using sbtest7_pkey on sbtest7  (cost=0.43..8.46 rows=1 width=10)
	        Index Cond: (id = 5197088)

table 8 : explain UPDATE sbtest8 SET k=k+1 WHERE id=1568609
	Update on sbtest8  (cost=0.43..8.46 rows=0 width=0)
	  ->  Index Scan using sbtest8_pkey on sbtest8  (cost=0.43..8.46 rows=1 width=10)
	        Index Cond: (id = 1568609)

explain: for deletes :: explain DELETE FROM sbtest%u WHERE id=%u
for index_updates
table 1 : explain UPDATE sbtest1 SET k=k+1 WHERE id=4491543
	Update on sbtest1  (cost=0.43..8.46 rows=0 width=0)
	  ->  Index Scan using sbtest1_pkey on sbtest1  (cost=0.43..8.46 rows=1 width=10)
	        Index Cond: (id = 4491543)

table 2 : explain UPDATE sbtest2 SET k=k+1 WHERE id=2884680
	Update on sbtest2  (cost=0.43..8.46 rows=0 width=0)
	  ->  Index Scan using sbtest2_pkey on sbtest2  (cost=0.43..8.46 rows=1 width=10)
	        Index Cond: (id = 2884680)

table 3 : explain UPDATE sbtest3 SET k=k+1 WHERE id=4914734
	Update on sbtest3  (cost=0.43..8.46 rows=0 width=0)
	  ->  Index Scan using sbtest3_pkey on sbtest3  (cost=0.43..8.46 rows=1 width=10)
	        Index Cond: (id = 4914734)

table 4 : explain UPDATE sbtest4 SET k=k+1 WHERE id=3571465
	Update on sbtest4  (cost=0.43..8.46 rows=0 width=0)
	  ->  Index Scan using sbtest4_pkey on sbtest4  (cost=0.43..8.46 rows=1 width=10)
	        Index Cond: (id = 3571465)

table 5 : explain UPDATE sbtest5 SET k=k+1 WHERE id=2639403
	Update on sbtest5  (cost=0.43..8.46 rows=0 width=0)
	  ->  Index Scan using sbtest5_pkey on sbtest5  (cost=0.43..8.46 rows=1 width=10)
	        Index Cond: (id = 2639403)

table 6 : explain UPDATE sbtest6 SET k=k+1 WHERE id=9296545
	Update on sbtest6  (cost=0.43..8.46 rows=0 width=0)
	  ->  Index Scan using sbtest6_pkey on sbtest6  (cost=0.43..8.46 rows=1 width=10)
	        Index Cond: (id = 9296545)

table 7 : explain UPDATE sbtest7 SET k=k+1 WHERE id=3710061
	Update on sbtest7  (cost=0.43..8.46 rows=0 width=0)
	  ->  Index Scan using sbtest7_pkey on sbtest7  (cost=0.43..8.46 rows=1 width=10)
	        Index Cond: (id = 3710061)

table 8 : explain UPDATE sbtest8 SET k=k+1 WHERE id=9058391
	Update on sbtest8  (cost=0.43..8.46 rows=0 width=0)
	  ->  Index Scan using sbtest8_pkey on sbtest8  (cost=0.43..8.46 rows=1 width=10)
	        Index Cond: (id = 9058391)

for deletes
table 1 : explain DELETE FROM sbtest1 WHERE id=8723872
	Delete on sbtest1  (cost=0.43..8.45 rows=0 width=0)
	  ->  Index Scan using sbtest1_pkey on sbtest1  (cost=0.43..8.45 rows=1 width=6)
	        Index Cond: (id = 8723872)

table 2 : explain DELETE FROM sbtest2 WHERE id=9157558
	Delete on sbtest2  (cost=0.43..8.45 rows=0 width=0)
	  ->  Index Scan using sbtest2_pkey on sbtest2  (cost=0.43..8.45 rows=1 width=6)
	        Index Cond: (id = 9157558)

table 3 : explain DELETE FROM sbtest3 WHERE id=5424177
	Delete on sbtest3  (cost=0.43..8.45 rows=0 width=0)
	  ->  Index Scan using sbtest3_pkey on sbtest3  (cost=0.43..8.45 rows=1 width=6)
	        Index Cond: (id = 5424177)

table 4 : explain DELETE FROM sbtest4 WHERE id=6193406
	Delete on sbtest4  (cost=0.43..8.45 rows=0 width=0)
	  ->  Index Scan using sbtest4_pkey on sbtest4  (cost=0.43..8.45 rows=1 width=6)
	        Index Cond: (id = 6193406)

table 5 : explain DELETE FROM sbtest5 WHERE id=7007939
	Delete on sbtest5  (cost=0.43..8.45 rows=0 width=0)
	  ->  Index Scan using sbtest5_pkey on sbtest5  (cost=0.43..8.45 rows=1 width=6)
	        Index Cond: (id = 7007939)

table 6 : explain DELETE FROM sbtest6 WHERE id=8586031
	Delete on sbtest6  (cost=0.43..8.45 rows=0 width=0)
	  ->  Index Scan using sbtest6_pkey on sbtest6  (cost=0.43..8.45 rows=1 width=6)
	        Index Cond: (id = 8586031)

table 7 : explain DELETE FROM sbtest7 WHERE id=6012645
	Delete on sbtest7  (cost=0.43..8.45 rows=0 width=0)
	  ->  Index Scan using sbtest7_pkey on sbtest7  (cost=0.43..8.45 rows=1 width=6)
	        Index Cond: (id = 6012645)

table 8 : explain DELETE FROM sbtest8 WHERE id=4820425
	Delete on sbtest8  (cost=0.43..8.45 rows=0 width=0)
	  ->  Index Scan using sbtest8_pkey on sbtest8  (cost=0.43..8.45 rows=1 width=6)
	        Index Cond: (id = 4820425)

explain: for inserts :: explain INSERT INTO sbtest%u (id, k, c, pad) VALUES (%u, 13, 'foobar', 'foobar')
for non_index_updates
table 1 : explain UPDATE sbtest1 SET c='foobar' WHERE id=761579
	Update on sbtest1  (cost=0.43..8.45 rows=0 width=0)
	  ->  Index Scan using sbtest1_pkey on sbtest1  (cost=0.43..8.45 rows=1 width=490)
	        Index Cond: (id = 761579)

table 2 : explain UPDATE sbtest2 SET c='foobar' WHERE id=7569491
	Update on sbtest2  (cost=0.43..8.45 rows=0 width=0)
	  ->  Index Scan using sbtest2_pkey on sbtest2  (cost=0.43..8.45 rows=1 width=490)
	        Index Cond: (id = 7569491)

table 3 : explain UPDATE sbtest3 SET c='foobar' WHERE id=5849996
	Update on sbtest3  (cost=0.43..8.45 rows=0 width=0)
	  ->  Index Scan using sbtest3_pkey on sbtest3  (cost=0.43..8.45 rows=1 width=490)
	        Index Cond: (id = 5849996)

table 4 : explain UPDATE sbtest4 SET c='foobar' WHERE id=6031656
	Update on sbtest4  (cost=0.43..8.45 rows=0 width=0)
	  ->  Index Scan using sbtest4_pkey on sbtest4  (cost=0.43..8.45 rows=1 width=490)
	        Index Cond: (id = 6031656)

table 5 : explain UPDATE sbtest5 SET c='foobar' WHERE id=2587140
	Update on sbtest5  (cost=0.43..8.45 rows=0 width=0)
	  ->  Index Scan using sbtest5_pkey on sbtest5  (cost=0.43..8.45 rows=1 width=490)
	        Index Cond: (id = 2587140)

table 6 : explain UPDATE sbtest6 SET c='foobar' WHERE id=6648662
	Update on sbtest6  (cost=0.43..8.45 rows=0 width=0)
	  ->  Index Scan using sbtest6_pkey on sbtest6  (cost=0.43..8.45 rows=1 width=490)
	        Index Cond: (id = 6648662)

table 7 : explain UPDATE sbtest7 SET c='foobar' WHERE id=5150057
	Update on sbtest7  (cost=0.43..8.45 rows=0 width=0)
	  ->  Index Scan using sbtest7_pkey on sbtest7  (cost=0.43..8.45 rows=1 width=490)
	        Index Cond: (id = 5150057)

table 8 : explain UPDATE sbtest8 SET c='foobar' WHERE id=8018943
	Update on sbtest8  (cost=0.43..8.45 rows=0 width=0)
	  ->  Index Scan using sbtest8_pkey on sbtest8  (cost=0.43..8.45 rows=1 width=490)
	        Index Cond: (id = 8018943)

explain: for non_index_updates :: explain UPDATE sbtest%u SET c='foobar' WHERE id=%u
explain: for deletes :: explain DELETE FROM sbtest%u WHERE id=%u
explain: for inserts :: explain INSERT INTO sbtest%u (id, k, c, pad) VALUES (%u, 13, 'foobar', 'foobar')
for inserts
table 1 : explain INSERT INTO sbtest1 (id, k, c, pad) VALUES (3506989, 13, 'foobar', 'foobar')
	Insert on sbtest1  (cost=0.00..0.01 rows=0 width=0)
	  ->  Result  (cost=0.00..0.01 rows=1 width=736)

table 2 : explain INSERT INTO sbtest2 (id, k, c, pad) VALUES (7797302, 13, 'foobar', 'foobar')
	Insert on sbtest2  (cost=0.00..0.01 rows=0 width=0)
	  ->  Result  (cost=0.00..0.01 rows=1 width=736)

table 3 : explain INSERT INTO sbtest3 (id, k, c, pad) VALUES (2507237, 13, 'foobar', 'foobar')
	Insert on sbtest3  (cost=0.00..0.01 rows=0 width=0)
	  ->  Result  (cost=0.00..0.01 rows=1 width=736)

table 4 : explain INSERT INTO sbtest4 (id, k, c, pad) VALUES (3124985, 13, 'foobar', 'foobar')
	Insert on sbtest4  (cost=0.00..0.01 rows=0 width=0)
	  ->  Result  (cost=0.00..0.01 rows=1 width=736)

table 5 : explain INSERT INTO sbtest5 (id, k, c, pad) VALUES (2223267, 13, 'foobar', 'foobar')
	Insert on sbtest5  (cost=0.00..0.01 rows=0 width=0)
	  ->  Result  (cost=0.00..0.01 rows=1 width=736)

table 6 : explain INSERT INTO sbtest6 (id, k, c, pad) VALUES (4802740, 13, 'foobar', 'foobar')
	Insert on sbtest6  (cost=0.00..0.01 rows=0 width=0)
	  ->  Result  (cost=0.00..0.01 rows=1 width=736)

table 7 : explain INSERT INTO sbtest7 (id, k, c, pad) VALUES (8494106, 13, 'foobar', 'foobar')
	Insert on sbtest7  (cost=0.00..0.01 rows=0 width=0)
	  ->  Result  (cost=0.00..0.01 rows=1 width=736)

table 8 : explain INSERT INTO sbtest8 (id, k, c, pad) VALUES (8087947, 13, 'foobar', 'foobar')
	Insert on sbtest8  (cost=0.00..0.01 rows=0 width=0)
	  ->  Result  (cost=0.00..0.01 rows=1 width=736)

for non_index_updates
table 1 : explain UPDATE sbtest1 SET c='foobar' WHERE id=3312085
	Update on sbtest1  (cost=0.43..8.45 rows=0 width=0)
	  ->  Index Scan using sbtest1_pkey on sbtest1  (cost=0.43..8.45 rows=1 width=490)
	        Index Cond: (id = 3312085)

table 2 : explain UPDATE sbtest2 SET c='foobar' WHERE id=3098809
	Update on sbtest2  (cost=0.43..8.45 rows=0 width=0)
	  ->  Index Scan using sbtest2_pkey on sbtest2  (cost=0.43..8.45 rows=1 width=490)
	        Index Cond: (id = 3098809)

table 3 : explain UPDATE sbtest3 SET c='foobar' WHERE id=7731513
	Update on sbtest3  (cost=0.43..8.45 rows=0 width=0)
	  ->  Index Scan using sbtest3_pkey on sbtest3  (cost=0.43..8.45 rows=1 width=490)
	        Index Cond: (id = 7731513)

table 4 : explain UPDATE sbtest4 SET c='foobar' WHERE id=4755822
	Update on sbtest4  (cost=0.43..8.45 rows=0 width=0)
	  ->  Index Scan using sbtest4_pkey on sbtest4  (cost=0.43..8.45 rows=1 width=490)
	        Index Cond: (id = 4755822)

table 5 : explain UPDATE sbtest5 SET c='foobar' WHERE id=7731276
	Update on sbtest5  (cost=0.43..8.45 rows=0 width=0)
	  ->  Index Scan using sbtest5_pkey on sbtest5  (cost=0.43..8.45 rows=1 width=490)
	        Index Cond: (id = 7731276)

table 6 : explain UPDATE sbtest6 SET c='foobar' WHERE id=1899948
	Update on sbtest6  (cost=0.43..8.45 rows=0 width=0)
	  ->  Index Scan using sbtest6_pkey on sbtest6  (cost=0.43..8.45 rows=1 width=490)
	        Index Cond: (id = 1899948)

table 7 : explain UPDATE sbtest7 SET c='foobar' WHERE id=893015
	Update on sbtest7  (cost=0.43..8.45 rows=0 width=0)
	  ->  Index Scan using sbtest7_pkey on sbtest7  (cost=0.43..8.45 rows=1 width=490)
	        Index Cond: (id = 893015)

table 8 : explain UPDATE sbtest8 SET c='foobar' WHERE id=2995046
	Update on sbtest8  (cost=0.43..8.45 rows=0 width=0)
	  ->  Index Scan using sbtest8_pkey on sbtest8  (cost=0.43..8.45 rows=1 width=490)
	        Index Cond: (id = 2995046)

for deletes
table 1 : explain DELETE FROM sbtest1 WHERE id=2086418
	Delete on sbtest1  (cost=0.43..8.45 rows=0 width=0)
	  ->  Index Scan using sbtest1_pkey on sbtest1  (cost=0.43..8.45 rows=1 width=6)
	        Index Cond: (id = 2086418)

table 2 : explain DELETE FROM sbtest2 WHERE id=16654
	Delete on sbtest2  (cost=0.43..8.45 rows=0 width=0)
	  ->  Index Scan using sbtest2_pkey on sbtest2  (cost=0.43..8.45 rows=1 width=6)
	        Index Cond: (id = 16654)

table 3 : explain DELETE FROM sbtest3 WHERE id=81110
	Delete on sbtest3  (cost=0.43..8.45 rows=0 width=0)
	  ->  Index Scan using sbtest3_pkey on sbtest3  (cost=0.43..8.45 rows=1 width=6)
	        Index Cond: (id = 81110)

table 4 : explain DELETE FROM sbtest4 WHERE id=3747791
	Delete on sbtest4  (cost=0.43..8.45 rows=0 width=0)
	  ->  Index Scan using sbtest4_pkey on sbtest4  (cost=0.43..8.45 rows=1 width=6)
	        Index Cond: (id = 3747791)

table 5 : explain DELETE FROM sbtest5 WHERE id=5962658
	Delete on sbtest5  (cost=0.43..8.45 rows=0 width=0)
	  ->  Index Scan using sbtest5_pkey on sbtest5  (cost=0.43..8.45 rows=1 width=6)
	        Index Cond: (id = 5962658)

table 6 : explain DELETE FROM sbtest6 WHERE id=6374433
	Delete on sbtest6  (cost=0.43..8.45 rows=0 width=0)
	  ->  Index Scan using sbtest6_pkey on sbtest6  (cost=0.43..8.45 rows=1 width=6)
	        Index Cond: (id = 6374433)

table 7 : explain DELETE FROM sbtest7 WHERE id=9488419
	Delete on sbtest7  (cost=0.43..8.45 rows=0 width=0)
	  ->  Index Scan using sbtest7_pkey on sbtest7  (cost=0.43..8.45 rows=1 width=6)
	        Index Cond: (id = 9488419)

table 8 : explain DELETE FROM sbtest8 WHERE id=3792745
	Delete on sbtest8  (cost=0.43..8.45 rows=0 width=0)
	  ->  Index Scan using sbtest8_pkey on sbtest8  (cost=0.43..8.45 rows=1 width=6)
	        Index Cond: (id = 3792745)

for deletes
table 1 : explain DELETE FROM sbtest1 WHERE id=6258711
	Delete on sbtest1  (cost=0.43..8.45 rows=0 width=0)
	  ->  Index Scan using sbtest1_pkey on sbtest1  (cost=0.43..8.45 rows=1 width=6)
	        Index Cond: (id = 6258711)

table 2 : explain DELETE FROM sbtest2 WHERE id=3886430
	Delete on sbtest2  (cost=0.43..8.45 rows=0 width=0)
	  ->  Index Scan using sbtest2_pkey on sbtest2  (cost=0.43..8.45 rows=1 width=6)
	        Index Cond: (id = 3886430)

table 3 : explain DELETE FROM sbtest3 WHERE id=5642774
	Delete on sbtest3  (cost=0.43..8.45 rows=0 width=0)
	  ->  Index Scan using sbtest3_pkey on sbtest3  (cost=0.43..8.45 rows=1 width=6)
	        Index Cond: (id = 5642774)

table 4 : explain DELETE FROM sbtest4 WHERE id=6244418
	Delete on sbtest4  (cost=0.43..8.45 rows=0 width=0)
	  ->  Index Scan using sbtest4_pkey on sbtest4  (cost=0.43..8.45 rows=1 width=6)
	        Index Cond: (id = 6244418)

table 5 : explain DELETE FROM sbtest5 WHERE id=2397340
	Delete on sbtest5  (cost=0.43..8.45 rows=0 width=0)
	  ->  Index Scan using sbtest5_pkey on sbtest5  (cost=0.43..8.45 rows=1 width=6)
	        Index Cond: (id = 2397340)

table 6 : explain DELETE FROM sbtest6 WHERE id=7466092
	Delete on sbtest6  (cost=0.43..8.45 rows=0 width=0)
	  ->  Index Scan using sbtest6_pkey on sbtest6  (cost=0.43..8.45 rows=1 width=6)
	        Index Cond: (id = 7466092)

table 7 : explain DELETE FROM sbtest7 WHERE id=9486012
	Delete on sbtest7  (cost=0.43..8.45 rows=0 width=0)
	  ->  Index Scan using sbtest7_pkey on sbtest7  (cost=0.43..8.45 rows=1 width=6)
	        Index Cond: (id = 9486012)

table 8 : explain DELETE FROM sbtest8 WHERE id=5123192
	Delete on sbtest8  (cost=0.43..8.45 rows=0 width=0)
	  ->  Index Scan using sbtest8_pkey on sbtest8  (cost=0.43..8.45 rows=1 width=6)
	        Index Cond: (id = 5123192)

explain: for deletes :: explain DELETE FROM sbtest%u WHERE id=%u
for: simple_ranges
table 1 : explain SELECT c FROM sbtest1 WHERE id BETWEEN 9863617 AND 9863716
	Index Scan using sbtest1_pkey on sbtest1  (cost=0.43..381.72 rows=97 width=121)
	  Index Cond: ((id >= 9863617) AND (id <= 9863716))

table 2 : explain SELECT c FROM sbtest2 WHERE id BETWEEN 1461532 AND 1461631
	Index Scan using sbtest2_pkey on sbtest2  (cost=0.43..392.08 rows=100 width=121)
	  Index Cond: ((id >= 1461532) AND (id <= 1461631))

table 3 : explain SELECT c FROM sbtest3 WHERE id BETWEEN 6726797 AND 6726896
	Index Scan using sbtest3_pkey on sbtest3  (cost=0.43..365.78 rows=94 width=121)
	  Index Cond: ((id >= 6726797) AND (id <= 6726896))

table 4 : explain SELECT c FROM sbtest4 WHERE id BETWEEN 3765042 AND 3765141
	Index Scan using sbtest4_pkey on sbtest4  (cost=0.43..384.26 rows=98 width=121)
	  Index Cond: ((id >= 3765042) AND (id <= 3765141))

table 5 : explain SELECT c FROM sbtest5 WHERE id BETWEEN 9923790 AND 9923889
	Index Scan using sbtest5_pkey on sbtest5  (cost=0.43..404.84 rows=103 width=121)
	  Index Cond: ((id >= 9923790) AND (id <= 9923889))

table 6 : explain SELECT c FROM sbtest6 WHERE id BETWEEN 6088908 AND 6089007
	Index Scan using sbtest6_pkey on sbtest6  (cost=0.43..409.59 rows=105 width=121)
	  Index Cond: ((id >= 6088908) AND (id <= 6089007))

table 7 : explain SELECT c FROM sbtest7 WHERE id BETWEEN 5687208 AND 5687307
	Index Scan using sbtest7_pkey on sbtest7  (cost=0.43..411.93 rows=105 width=121)
	  Index Cond: ((id >= 5687208) AND (id <= 5687307))

table 8 : explain SELECT c FROM sbtest8 WHERE id BETWEEN 9584386 AND 9584485
	Index Scan using sbtest8_pkey on sbtest8  (cost=0.43..403.99 rows=103 width=121)
	  Index Cond: ((id >= 9584386) AND (id <= 9584485))

explain: for non_index_updates :: explain UPDATE sbtest%u SET c='foobar' WHERE id=%u
for inserts
table 1 : explain INSERT INTO sbtest1 (id, k, c, pad) VALUES (5594159, 13, 'foobar', 'foobar')
	Insert on sbtest1  (cost=0.00..0.01 rows=0 width=0)
	  ->  Result  (cost=0.00..0.01 rows=1 width=736)

table 2 : explain INSERT INTO sbtest2 (id, k, c, pad) VALUES (2796559, 13, 'foobar', 'foobar')
	Insert on sbtest2  (cost=0.00..0.01 rows=0 width=0)
	  ->  Result  (cost=0.00..0.01 rows=1 width=736)

table 3 : explain INSERT INTO sbtest3 (id, k, c, pad) VALUES (231121, 13, 'foobar', 'foobar')
	Insert on sbtest3  (cost=0.00..0.01 rows=0 width=0)
	  ->  Result  (cost=0.00..0.01 rows=1 width=736)

table 4 : explain INSERT INTO sbtest4 (id, k, c, pad) VALUES (8635101, 13, 'foobar', 'foobar')
	Insert on sbtest4  (cost=0.00..0.01 rows=0 width=0)
	  ->  Result  (cost=0.00..0.01 rows=1 width=736)

table 5 : explain INSERT INTO sbtest5 (id, k, c, pad) VALUES (9783744, 13, 'foobar', 'foobar')
	Insert on sbtest5  (cost=0.00..0.01 rows=0 width=0)
	  ->  Result  (cost=0.00..0.01 rows=1 width=736)

table 6 : explain INSERT INTO sbtest6 (id, k, c, pad) VALUES (4923631, 13, 'foobar', 'foobar')
	Insert on sbtest6  (cost=0.00..0.01 rows=0 width=0)
	  ->  Result  (cost=0.00..0.01 rows=1 width=736)

table 7 : explain INSERT INTO sbtest7 (id, k, c, pad) VALUES (3538447, 13, 'foobar', 'foobar')
	Insert on sbtest7  (cost=0.00..0.01 rows=0 width=0)
	  ->  Result  (cost=0.00..0.01 rows=1 width=736)

table 8 : explain INSERT INTO sbtest8 (id, k, c, pad) VALUES (5974972, 13, 'foobar', 'foobar')
	Insert on sbtest8  (cost=0.00..0.01 rows=0 width=0)
	  ->  Result  (cost=0.00..0.01 rows=1 width=736)

for deletes
table 1 : explain DELETE FROM sbtest1 WHERE id=4840727
	Delete on sbtest1  (cost=0.43..8.45 rows=0 width=0)
	  ->  Index Scan using sbtest1_pkey on sbtest1  (cost=0.43..8.45 rows=1 width=6)
	        Index Cond: (id = 4840727)

table 2 : explain DELETE FROM sbtest2 WHERE id=6814392
	Delete on sbtest2  (cost=0.43..8.45 rows=0 width=0)
	  ->  Index Scan using sbtest2_pkey on sbtest2  (cost=0.43..8.45 rows=1 width=6)
	        Index Cond: (id = 6814392)

table 3 : explain DELETE FROM sbtest3 WHERE id=1725639
	Delete on sbtest3  (cost=0.43..8.45 rows=0 width=0)
	  ->  Index Scan using sbtest3_pkey on sbtest3  (cost=0.43..8.45 rows=1 width=6)
	        Index Cond: (id = 1725639)

table 4 : explain DELETE FROM sbtest4 WHERE id=1069279
	Delete on sbtest4  (cost=0.43..8.45 rows=0 width=0)
	  ->  Index Scan using sbtest4_pkey on sbtest4  (cost=0.43..8.45 rows=1 width=6)
	        Index Cond: (id = 1069279)

table 5 : explain DELETE FROM sbtest5 WHERE id=2458717
	Delete on sbtest5  (cost=0.43..8.45 rows=0 width=0)
	  ->  Index Scan using sbtest5_pkey on sbtest5  (cost=0.43..8.45 rows=1 width=6)
	        Index Cond: (id = 2458717)

table 6 : explain DELETE FROM sbtest6 WHERE id=4243922
	Delete on sbtest6  (cost=0.43..8.45 rows=0 width=0)
	  ->  Index Scan using sbtest6_pkey on sbtest6  (cost=0.43..8.45 rows=1 width=6)
	        Index Cond: (id = 4243922)

table 7 : explain DELETE FROM sbtest7 WHERE id=8082208
	Delete on sbtest7  (cost=0.43..8.45 rows=0 width=0)
	  ->  Index Scan using sbtest7_pkey on sbtest7  (cost=0.43..8.45 rows=1 width=6)
	        Index Cond: (id = 8082208)

table 8 : explain DELETE FROM sbtest8 WHERE id=4665581
	Delete on sbtest8  (cost=0.43..8.45 rows=0 width=0)
	  ->  Index Scan using sbtest8_pkey on sbtest8  (cost=0.43..8.45 rows=1 width=6)
	        Index Cond: (id = 4665581)

for non_index_updates
table 1 : explain UPDATE sbtest1 SET c='foobar' WHERE id=4416353
	Update on sbtest1  (cost=0.43..8.45 rows=0 width=0)
	  ->  Index Scan using sbtest1_pkey on sbtest1  (cost=0.43..8.45 rows=1 width=490)
	        Index Cond: (id = 4416353)

table 2 : explain UPDATE sbtest2 SET c='foobar' WHERE id=6330476
	Update on sbtest2  (cost=0.43..8.45 rows=0 width=0)
	  ->  Index Scan using sbtest2_pkey on sbtest2  (cost=0.43..8.45 rows=1 width=490)
	        Index Cond: (id = 6330476)

table 3 : explain UPDATE sbtest3 SET c='foobar' WHERE id=9004350
	Update on sbtest3  (cost=0.43..8.45 rows=0 width=0)
	  ->  Index Scan using sbtest3_pkey on sbtest3  (cost=0.43..8.45 rows=1 width=490)
	        Index Cond: (id = 9004350)

table 4 : explain UPDATE sbtest4 SET c='foobar' WHERE id=2370156
	Update on sbtest4  (cost=0.43..8.45 rows=0 width=0)
	  ->  Index Scan using sbtest4_pkey on sbtest4  (cost=0.43..8.45 rows=1 width=490)
	        Index Cond: (id = 2370156)

table 5 : explain UPDATE sbtest5 SET c='foobar' WHERE id=5149985
	Update on sbtest5  (cost=0.43..8.45 rows=0 width=0)
	  ->  Index Scan using sbtest5_pkey on sbtest5  (cost=0.43..8.45 rows=1 width=490)
	        Index Cond: (id = 5149985)

table 6 : explain UPDATE sbtest6 SET c='foobar' WHERE id=4059853
	Update on sbtest6  (cost=0.43..8.45 rows=0 width=0)
	  ->  Index Scan using sbtest6_pkey on sbtest6  (cost=0.43..8.45 rows=1 width=490)
	        Index Cond: (id = 4059853)

table 7 : explain UPDATE sbtest7 SET c='foobar' WHERE id=7344863
	Update on sbtest7  (cost=0.43..8.45 rows=0 width=0)
	  ->  Index Scan using sbtest7_pkey on sbtest7  (cost=0.43..8.45 rows=1 width=490)
	        Index Cond: (id = 7344863)

table 8 : explain UPDATE sbtest8 SET c='foobar' WHERE id=4133221
	Update on sbtest8  (cost=0.43..8.45 rows=0 width=0)
	  ->  Index Scan using sbtest8_pkey on sbtest8  (cost=0.43..8.45 rows=1 width=490)
	        Index Cond: (id = 4133221)

for point_selects
table 1 : explain SELECT c FROM sbtest1 WHERE id=3196337
	Index Scan using sbtest1_pkey on sbtest1  (cost=0.43..8.45 rows=1 width=121)
	  Index Cond: (id = 3196337)

table 2 : explain SELECT c FROM sbtest2 WHERE id=1020728
	Index Scan using sbtest2_pkey on sbtest2  (cost=0.43..8.45 rows=1 width=121)
	  Index Cond: (id = 1020728)

table 3 : explain SELECT c FROM sbtest3 WHERE id=4511027
	Index Scan using sbtest3_pkey on sbtest3  (cost=0.43..8.45 rows=1 width=121)
	  Index Cond: (id = 4511027)

table 4 : explain SELECT c FROM sbtest4 WHERE id=398804
	Index Scan using sbtest4_pkey on sbtest4  (cost=0.43..8.45 rows=1 width=121)
	  Index Cond: (id = 398804)

table 5 : explain SELECT c FROM sbtest5 WHERE id=5888474
	Index Scan using sbtest5_pkey on sbtest5  (cost=0.43..8.45 rows=1 width=121)
	  Index Cond: (id = 5888474)

table 6 : explain SELECT c FROM sbtest6 WHERE id=6763629
	Index Scan using sbtest6_pkey on sbtest6  (cost=0.43..8.45 rows=1 width=121)
	  Index Cond: (id = 6763629)

table 7 : explain SELECT c FROM sbtest7 WHERE id=8975586
	Index Scan using sbtest7_pkey on sbtest7  (cost=0.43..8.45 rows=1 width=121)
	  Index Cond: (id = 8975586)

table 8 : explain SELECT c FROM sbtest8 WHERE id=8474514
	Index Scan using sbtest8_pkey on sbtest8  (cost=0.43..8.45 rows=1 width=121)
	  Index Cond: (id = 8474514)

explain: for deletes :: explain DELETE FROM sbtest%u WHERE id=%u
explain: for deletes :: explain DELETE FROM sbtest%u WHERE id=%u
explain: for inserts :: explain INSERT INTO sbtest%u (id, k, c, pad) VALUES (%u, 13, 'foobar', 'foobar')
explain: for inserts :: explain INSERT INTO sbtest%u (id, k, c, pad) VALUES (%u, 13, 'foobar', 'foobar')
for deletes
table 1 : explain DELETE FROM sbtest1 WHERE id=2541364
	Delete on sbtest1  (cost=0.43..8.45 rows=0 width=0)
	  ->  Index Scan using sbtest1_pkey on sbtest1  (cost=0.43..8.45 rows=1 width=6)
	        Index Cond: (id = 2541364)

table 2 : explain DELETE FROM sbtest2 WHERE id=1206323
	Delete on sbtest2  (cost=0.43..8.45 rows=0 width=0)
	  ->  Index Scan using sbtest2_pkey on sbtest2  (cost=0.43..8.45 rows=1 width=6)
	        Index Cond: (id = 1206323)

table 3 : explain DELETE FROM sbtest3 WHERE id=1154096
	Delete on sbtest3  (cost=0.43..8.45 rows=0 width=0)
	  ->  Index Scan using sbtest3_pkey on sbtest3  (cost=0.43..8.45 rows=1 width=6)
	        Index Cond: (id = 1154096)

table 4 : explain DELETE FROM sbtest4 WHERE id=3047242
	Delete on sbtest4  (cost=0.43..8.45 rows=0 width=0)
	  ->  Index Scan using sbtest4_pkey on sbtest4  (cost=0.43..8.45 rows=1 width=6)
	        Index Cond: (id = 3047242)

table 5 : explain DELETE FROM sbtest5 WHERE id=4331270
	Delete on sbtest5  (cost=0.43..8.45 rows=0 width=0)
	  ->  Index Scan using sbtest5_pkey on sbtest5  (cost=0.43..8.45 rows=1 width=6)
	        Index Cond: (id = 4331270)

table 6 : explain DELETE FROM sbtest6 WHERE id=820311
	Delete on sbtest6  (cost=0.43..8.45 rows=0 width=0)
	  ->  Index Scan using sbtest6_pkey on sbtest6  (cost=0.43..8.45 rows=1 width=6)
	        Index Cond: (id = 820311)

table 7 : explain DELETE FROM sbtest7 WHERE id=8815805
	Delete on sbtest7  (cost=0.43..8.45 rows=0 width=0)
	  ->  Index Scan using sbtest7_pkey on sbtest7  (cost=0.43..8.45 rows=1 width=6)
	        Index Cond: (id = 8815805)

table 8 : explain DELETE FROM sbtest8 WHERE id=1046259
	Delete on sbtest8  (cost=0.43..8.45 rows=0 width=0)
	  ->  Index Scan using sbtest8_pkey on sbtest8  (cost=0.43..8.45 rows=1 width=6)
	        Index Cond: (id = 1046259)

for deletes
table 1 : explain DELETE FROM sbtest1 WHERE id=3633499
	Delete on sbtest1  (cost=0.43..8.45 rows=0 width=0)
	  ->  Index Scan using sbtest1_pkey on sbtest1  (cost=0.43..8.45 rows=1 width=6)
	        Index Cond: (id = 3633499)

table 2 : explain DELETE FROM sbtest2 WHERE id=3714340
	Delete on sbtest2  (cost=0.43..8.45 rows=0 width=0)
	  ->  Index Scan using sbtest2_pkey on sbtest2  (cost=0.43..8.45 rows=1 width=6)
	        Index Cond: (id = 3714340)

table 3 : explain DELETE FROM sbtest3 WHERE id=7401055
	Delete on sbtest3  (cost=0.43..8.45 rows=0 width=0)
	  ->  Index Scan using sbtest3_pkey on sbtest3  (cost=0.43..8.45 rows=1 width=6)
	        Index Cond: (id = 7401055)

table 4 : explain DELETE FROM sbtest4 WHERE id=5715753
	Delete on sbtest4  (cost=0.43..8.45 rows=0 width=0)
	  ->  Index Scan using sbtest4_pkey on sbtest4  (cost=0.43..8.45 rows=1 width=6)
	        Index Cond: (id = 5715753)

table 5 : explain DELETE FROM sbtest5 WHERE id=403847
	Delete on sbtest5  (cost=0.43..8.45 rows=0 width=0)
	  ->  Index Scan using sbtest5_pkey on sbtest5  (cost=0.43..8.45 rows=1 width=6)
	        Index Cond: (id = 403847)

table 6 : explain DELETE FROM sbtest6 WHERE id=9227643
	Delete on sbtest6  (cost=0.43..8.45 rows=0 width=0)
	  ->  Index Scan using sbtest6_pkey on sbtest6  (cost=0.43..8.45 rows=1 width=6)
	        Index Cond: (id = 9227643)

table 7 : explain DELETE FROM sbtest7 WHERE id=2657650
	Delete on sbtest7  (cost=0.43..8.45 rows=0 width=0)
	  ->  Index Scan using sbtest7_pkey on sbtest7  (cost=0.43..8.45 rows=1 width=6)
	        Index Cond: (id = 2657650)

table 8 : explain DELETE FROM sbtest8 WHERE id=1915061
	Delete on sbtest8  (cost=0.43..8.45 rows=0 width=0)
	  ->  Index Scan using sbtest8_pkey on sbtest8  (cost=0.43..8.45 rows=1 width=6)
	        Index Cond: (id = 1915061)

for: distinct_ranges
table 1 : explain SELECT DISTINCT c FROM sbtest1 WHERE id BETWEEN 2628373 AND 2628472 ORDER BY c
	Unique  (cost=369.21..369.67 rows=93 width=121)
	  ->  Sort  (cost=369.21..369.44 rows=93 width=121)
	        Sort Key: c
	        ->  Index Scan using sbtest1_pkey on sbtest1  (cost=0.43..366.17 rows=93 width=121)
	              Index Cond: ((id >= 2628373) AND (id <= 2628472))

table 2 : explain SELECT DISTINCT c FROM sbtest2 WHERE id BETWEEN 4121060 AND 4121159 ORDER BY c
	Unique  (cost=395.40..395.90 rows=100 width=121)
	  ->  Sort  (cost=395.40..395.65 rows=100 width=121)
	        Sort Key: c
	        ->  Index Scan using sbtest2_pkey on sbtest2  (cost=0.43..392.08 rows=100 width=121)
	              Index Cond: ((id >= 4121060) AND (id <= 4121159))

table 3 : explain SELECT DISTINCT c FROM sbtest3 WHERE id BETWEEN 2183360 AND 2183459 ORDER BY c
	Unique  (cost=419.37..419.91 rows=107 width=121)
	  ->  Sort  (cost=419.37..419.64 rows=107 width=121)
	        Sort Key: c
	        ->  Index Scan using sbtest3_pkey on sbtest3  (cost=0.43..415.77 rows=107 width=121)
	              Index Cond: ((id >= 2183360) AND (id <= 2183459))

table 4 : explain SELECT DISTINCT c FROM sbtest4 WHERE id BETWEEN 3504214 AND 3504313 ORDER BY c
	Unique  (cost=395.33..395.83 rows=100 width=121)
	  ->  Sort  (cost=395.33..395.58 rows=100 width=121)
	        Sort Key: c
	        ->  Index Scan using sbtest4_pkey on sbtest4  (cost=0.43..392.01 rows=100 width=121)
	              Index Cond: ((id >= 3504214) AND (id <= 3504313))

table 5 : explain SELECT DISTINCT c FROM sbtest5 WHERE id BETWEEN 4094885 AND 4094984 ORDER BY c
	Unique  (cost=400.43..400.94 rows=101 width=121)
	  ->  Sort  (cost=400.43..400.69 rows=101 width=121)
	        Sort Key: c
	        ->  Index Scan using sbtest5_pkey on sbtest5  (cost=0.43..397.07 rows=101 width=121)
	              Index Cond: ((id >= 4094885) AND (id <= 4094984))

table 6 : explain SELECT DISTINCT c FROM sbtest6 WHERE id BETWEEN 839353 AND 839452 ORDER BY c
	Unique  (cost=358.52..358.98 rows=91 width=121)
	  ->  Sort  (cost=358.52..358.75 rows=91 width=121)
	        Sort Key: c
	        ->  Index Scan using sbtest6_pkey on sbtest6  (cost=0.43..355.56 rows=91 width=121)
	              Index Cond: ((id >= 839353) AND (id <= 839452))

table 7 : explain SELECT DISTINCT c FROM sbtest7 WHERE id BETWEEN 3668441 AND 3668540 ORDER BY c
	Unique  (cost=380.15..380.63 rows=96 width=121)
	  ->  Sort  (cost=380.15..380.39 rows=96 width=121)
	        Sort Key: c
	        ->  Index Scan using sbtest7_pkey on sbtest7  (cost=0.43..376.99 rows=96 width=121)
	              Index Cond: ((id >= 3668441) AND (id <= 3668540))

table 8 : explain SELECT DISTINCT c FROM sbtest8 WHERE id BETWEEN 9042055 AND 9042154 ORDER BY c
	Unique  (cost=379.98..380.46 rows=96 width=121)
	  ->  Sort  (cost=379.98..380.22 rows=96 width=121)
	        Sort Key: c
	        ->  Index Scan using sbtest8_pkey on sbtest8  (cost=0.43..376.82 rows=96 width=121)
	              Index Cond: ((id >= 9042055) AND (id <= 9042154))
for deletes
table 1 : explain DELETE FROM sbtest1 WHERE id=4574482
	Delete on sbtest1  (cost=0.43..8.45 rows=0 width=0)
	  ->  Index Scan using sbtest1_pkey on sbtest1  (cost=0.43..8.45 rows=1 width=6)
	        Index Cond: (id = 4574482)

table 2 : explain DELETE FROM sbtest2 WHERE id=3541182
	Delete on sbtest2  (cost=0.43..8.45 rows=0 width=0)
	  ->  Index Scan using sbtest2_pkey on sbtest2  (cost=0.43..8.45 rows=1 width=6)
	        Index Cond: (id = 3541182)

table 3 : explain DELETE FROM sbtest3 WHERE id=3865296
	Delete on sbtest3  (cost=0.43..8.45 rows=0 width=0)
	  ->  Index Scan using sbtest3_pkey on sbtest3  (cost=0.43..8.45 rows=1 width=6)
	        Index Cond: (id = 3865296)

table 4 : explain DELETE FROM sbtest4 WHERE id=2350680
	Delete on sbtest4  (cost=0.43..8.45 rows=0 width=0)
	  ->  Index Scan using sbtest4_pkey on sbtest4  (cost=0.43..8.45 rows=1 width=6)
	        Index Cond: (id = 2350680)

table 5 : explain DELETE FROM sbtest5 WHERE id=7580277
	Delete on sbtest5  (cost=0.43..8.45 rows=0 width=0)
	  ->  Index Scan using sbtest5_pkey on sbtest5  (cost=0.43..8.45 rows=1 width=6)
	        Index Cond: (id = 7580277)

table 6 : explain DELETE FROM sbtest6 WHERE id=6789170
	Delete on sbtest6  (cost=0.43..8.45 rows=0 width=0)
	  ->  Index Scan using sbtest6_pkey on sbtest6  (cost=0.43..8.45 rows=1 width=6)
	        Index Cond: (id = 6789170)

table 7 : explain DELETE FROM sbtest7 WHERE id=6105153
	Delete on sbtest7  (cost=0.43..8.45 rows=0 width=0)
	  ->  Index Scan using sbtest7_pkey on sbtest7  (cost=0.43..8.45 rows=1 width=6)
	        Index Cond: (id = 6105153)

table 8 : explain DELETE FROM sbtest8 WHERE id=5160886
	Delete on sbtest8  (cost=0.43..8.45 rows=0 width=0)
	  ->  Index Scan using sbtest8_pkey on sbtest8  (cost=0.43..8.45 rows=1 width=6)
	        Index Cond: (id = 5160886)


for: order_ranges
table 1 : explain SELECT c FROM sbtest1 WHERE id BETWEEN 5265011 AND 5265110 ORDER BY c
	Sort  (cost=388.84..389.09 rows=98 width=121)
	  Sort Key: c
	  ->  Index Scan using sbtest1_pkey on sbtest1  (cost=0.43..385.60 rows=98 width=121)
	        Index Cond: ((id >= 5265011) AND (id <= 5265110))

table 2 : explain SELECT c FROM sbtest2 WHERE id BETWEEN 3919637 AND 3919736 ORDER BY c
	Sort  (cost=407.18..407.44 rows=103 width=121)
	  Sort Key: c
	  ->  Index Scan using sbtest2_pkey on sbtest2  (cost=0.43..403.74 rows=103 width=121)
	        Index Cond: ((id >= 3919637) AND (id <= 3919736))

table 3 : explain SELECT c FROM sbtest3 WHERE id BETWEEN 1948961 AND 1949060 ORDER BY c
	Sort  (cost=399.96..400.22 rows=102 width=121)
	  Sort Key: c
	  ->  Index Scan using sbtest3_pkey on sbtest3  (cost=0.43..396.56 rows=102 width=121)
	        Index Cond: ((id >= 1948961) AND (id <= 1949060))

table 4 : explain SELECT c FROM sbtest4 WHERE id BETWEEN 4001565 AND 4001664 ORDER BY c
	Sort  (cost=387.50..387.74 rows=98 width=121)
	  Sort Key: c
	  ->  Index Scan using sbtest4_pkey on sbtest4  (cost=0.43..384.26 rows=98 width=121)
	        Index Cond: ((id >= 4001565) AND (id <= 4001664))

table 5 : explain SELECT c FROM sbtest5 WHERE id BETWEEN 8506147 AND 8506246 ORDER BY c
	Sort  (cost=408.28..408.54 rows=103 width=121)
	  Sort Key: c
	  ->  Index Scan using sbtest5_pkey on sbtest5  (cost=0.43..404.84 rows=103 width=121)
	        Index Cond: ((id >= 8506147) AND (id <= 8506246))

table 6 : explain SELECT c FROM sbtest6 WHERE id BETWEEN 4835953 AND 4836052 ORDER BY c
	Sort  (cost=424.80..425.07 rows=108 width=121)
	  Sort Key: c
	  ->  Index Scan using sbtest6_pkey on sbtest6  (cost=0.43..421.15 rows=108 width=121)
	        Index Cond: ((id >= 4835953) AND (id <= 4836052))

table 7 : explain SELECT c FROM sbtest7 WHERE id BETWEEN 1380237 AND 1380336 ORDER BY c
	Sort  (cost=395.86..396.11 rows=100 width=121)
	  Sort Key: c
	  ->  Index Scan using sbtest7_pkey on sbtest7  (cost=0.43..392.54 rows=100 width=121)
	        Index Cond: ((id >= 1380237) AND (id <= 1380336))

table 8 : explain SELECT c FROM sbtest8 WHERE id BETWEEN 1353555 AND 1353654 ORDER BY c
	Sort  (cost=415.27..415.53 rows=105 width=121)
	  Sort Key: c
	  ->  Index Scan using sbtest8_pkey on sbtest8  (cost=0.43..411.75 rows=105 width=121)
	        Index Cond: ((id >= 1353555) AND (id <= 1353654))

for: simple_ranges
table 1 : explain SELECT c FROM sbtest1 WHERE id BETWEEN 5016173 AND 5016272
	Index Scan using sbtest1_pkey on sbtest1  (cost=0.43..405.07 rows=103 width=121)
	  Index Cond: ((id >= 5016173) AND (id <= 5016272))

table 2 : explain SELECT c FROM sbtest2 WHERE id BETWEEN 3807340 AND 3807439
	Index Scan using sbtest2_pkey on sbtest2  (cost=0.43..430.86 rows=110 width=121)
	  Index Cond: ((id >= 3807340) AND (id <= 3807439))

table 3 : explain SELECT c FROM sbtest3 WHERE id BETWEEN 2113385 AND 2113484
	Index Scan using sbtest3_pkey on sbtest3  (cost=0.43..392.72 rows=101 width=121)
	  Index Cond: ((id >= 2113385) AND (id <= 2113484))

table 4 : explain SELECT c FROM sbtest4 WHERE id BETWEEN 469985 AND 470084
	Index Scan using sbtest4_pkey on sbtest4  (cost=0.43..411.41 rows=105 width=121)
	  Index Cond: ((id >= 469985) AND (id <= 470084))

table 5 : explain SELECT c FROM sbtest5 WHERE id BETWEEN 2272289 AND 2272388
	Index Scan using sbtest5_pkey on sbtest5  (cost=0.43..416.50 rows=106 width=121)
	  Index Cond: ((id >= 2272289) AND (id <= 2272388))

table 6 : explain SELECT c FROM sbtest6 WHERE id BETWEEN 9810403 AND 9810502
	Index Scan using sbtest6_pkey on sbtest6  (cost=0.43..351.71 rows=90 width=121)
	  Index Cond: ((id >= 9810403) AND (id <= 9810502))

table 7 : explain SELECT c FROM sbtest7 WHERE id BETWEEN 8185053 AND 8185152
	Index Scan using sbtest7_pkey on sbtest7  (cost=0.43..404.17 rows=103 width=121)
	  Index Cond: ((id >= 8185053) AND (id <= 8185152))

table 8 : explain SELECT c FROM sbtest8 WHERE id BETWEEN 6692170 AND 6692269
	Index Scan using sbtest8_pkey on sbtest8  (cost=0.43..384.57 rows=98 width=121)
	  Index Cond: ((id >= 6692170) AND (id <= 6692269))

explain: for inserts :: explain INSERT INTO sbtest%u (id, k, c, pad) VALUES (%u, 13, 'foobar', 'foobar')
for: simple_ranges
table 1 : explain SELECT c FROM sbtest1 WHERE id BETWEEN 7119646 AND 7119745
	Index Scan using sbtest1_pkey on sbtest1  (cost=0.43..412.85 rows=105 width=121)
	  Index Cond: ((id >= 7119646) AND (id <= 7119745))

table 2 : explain SELECT c FROM sbtest2 WHERE id BETWEEN 8293997 AND 8294096
	Index Scan using sbtest2_pkey on sbtest2  (cost=0.43..434.73 rows=111 width=121)
	  Index Cond: ((id >= 8293997) AND (id <= 8294096))

table 3 : explain SELECT c FROM sbtest3 WHERE id BETWEEN 8150600 AND 8150699
	Index Scan using sbtest3_pkey on sbtest3  (cost=0.43..384.99 rows=99 width=121)
	  Index Cond: ((id >= 8150600) AND (id <= 8150699))

table 4 : explain SELECT c FROM sbtest4 WHERE id BETWEEN 8834704 AND 8834803
	Index Scan using sbtest4_pkey on sbtest4  (cost=0.43..423.03 rows=108 width=121)
	  Index Cond: ((id >= 8834704) AND (id <= 8834803))

table 5 : explain SELECT c FROM sbtest5 WHERE id BETWEEN 4589155 AND 4589254
	Index Scan using sbtest5_pkey on sbtest5  (cost=0.43..369.84 rows=94 width=121)
	  Index Cond: ((id >= 4589155) AND (id <= 4589254))

table 6 : explain SELECT c FROM sbtest6 WHERE id BETWEEN 6991838 AND 6991937
	Index Scan using sbtest6_pkey on sbtest6  (cost=0.43..382.55 rows=98 width=121)
	  Index Cond: ((id >= 6991838) AND (id <= 6991937))

table 7 : explain SELECT c FROM sbtest7 WHERE id BETWEEN 732395 AND 732494
	Index Scan using sbtest7_pkey on sbtest7  (cost=0.43..384.74 rows=98 width=121)
	  Index Cond: ((id >= 732395) AND (id <= 732494))

table 8 : explain SELECT c FROM sbtest8 WHERE id BETWEEN 959725 AND 959824
	Index Scan using sbtest8_pkey on sbtest8  (cost=0.43..384.57 rows=98 width=121)
	  Index Cond: ((id >= 959725) AND (id <= 959824))

for non_index_updates
table 1 : explain UPDATE sbtest1 SET c='foobar' WHERE id=9532839
	Update on sbtest1  (cost=0.43..8.45 rows=0 width=0)
	  ->  Index Scan using sbtest1_pkey on sbtest1  (cost=0.43..8.45 rows=1 width=490)
	        Index Cond: (id = 9532839)

table 2 : explain UPDATE sbtest2 SET c='foobar' WHERE id=7811314
	Update on sbtest2  (cost=0.43..8.45 rows=0 width=0)
	  ->  Index Scan using sbtest2_pkey on sbtest2  (cost=0.43..8.45 rows=1 width=490)
	        Index Cond: (id = 7811314)

table 3 : explain UPDATE sbtest3 SET c='foobar' WHERE id=2025791
	Update on sbtest3  (cost=0.43..8.45 rows=0 width=0)
	  ->  Index Scan using sbtest3_pkey on sbtest3  (cost=0.43..8.45 rows=1 width=490)
	        Index Cond: (id = 2025791)

table 4 : explain UPDATE sbtest4 SET c='foobar' WHERE id=1225672
	Update on sbtest4  (cost=0.43..8.45 rows=0 width=0)
	  ->  Index Scan using sbtest4_pkey on sbtest4  (cost=0.43..8.45 rows=1 width=490)
	        Index Cond: (id = 1225672)

table 5 : explain UPDATE sbtest5 SET c='foobar' WHERE id=6790208
	Update on sbtest5  (cost=0.43..8.45 rows=0 width=0)
	  ->  Index Scan using sbtest5_pkey on sbtest5  (cost=0.43..8.45 rows=1 width=490)
	        Index Cond: (id = 6790208)

table 6 : explain UPDATE sbtest6 SET c='foobar' WHERE id=445402
	Update on sbtest6  (cost=0.43..8.45 rows=0 width=0)
	  ->  Index Scan using sbtest6_pkey on sbtest6  (cost=0.43..8.45 rows=1 width=490)
	        Index Cond: (id = 445402)

table 7 : explain UPDATE sbtest7 SET c='foobar' WHERE id=5775348
	Update on sbtest7  (cost=0.43..8.45 rows=0 width=0)
	  ->  Index Scan using sbtest7_pkey on sbtest7  (cost=0.43..8.45 rows=1 width=490)
	        Index Cond: (id = 5775348)

table 8 : explain UPDATE sbtest8 SET c='foobar' WHERE id=916360
	Update on sbtest8  (cost=0.43..8.45 rows=0 width=0)
	  ->  Index Scan using sbtest8_pkey on sbtest8  (cost=0.43..8.45 rows=1 width=490)
	        Index Cond: (id = 916360)

for deletes
table 1 : explain DELETE FROM sbtest1 WHERE id=5701302
	Delete on sbtest1  (cost=0.43..8.45 rows=0 width=0)
	  ->  Index Scan using sbtest1_pkey on sbtest1  (cost=0.43..8.45 rows=1 width=6)
	        Index Cond: (id = 5701302)

table 2 : explain DELETE FROM sbtest2 WHERE id=7161160
	Delete on sbtest2  (cost=0.43..8.45 rows=0 width=0)
	  ->  Index Scan using sbtest2_pkey on sbtest2  (cost=0.43..8.45 rows=1 width=6)
	        Index Cond: (id = 7161160)

table 3 : explain DELETE FROM sbtest3 WHERE id=6609881
	Delete on sbtest3  (cost=0.43..8.45 rows=0 width=0)
	  ->  Index Scan using sbtest3_pkey on sbtest3  (cost=0.43..8.45 rows=1 width=6)
	        Index Cond: (id = 6609881)

table 4 : explain DELETE FROM sbtest4 WHERE id=5939636
	Delete on sbtest4  (cost=0.43..8.45 rows=0 width=0)
	  ->  Index Scan using sbtest4_pkey on sbtest4  (cost=0.43..8.45 rows=1 width=6)
	        Index Cond: (id = 5939636)

table 5 : explain DELETE FROM sbtest5 WHERE id=340999
	Delete on sbtest5  (cost=0.43..8.45 rows=0 width=0)
	  ->  Index Scan using sbtest5_pkey on sbtest5  (cost=0.43..8.45 rows=1 width=6)
	        Index Cond: (id = 340999)

table 6 : explain DELETE FROM sbtest6 WHERE id=189830
	Delete on sbtest6  (cost=0.43..8.45 rows=0 width=0)
	  ->  Index Scan using sbtest6_pkey on sbtest6  (cost=0.43..8.45 rows=1 width=6)
	        Index Cond: (id = 189830)

table 7 : explain DELETE FROM sbtest7 WHERE id=2412417
	Delete on sbtest7  (cost=0.43..8.45 rows=0 width=0)
	  ->  Index Scan using sbtest7_pkey on sbtest7  (cost=0.43..8.45 rows=1 width=6)
	        Index Cond: (id = 2412417)

table 8 : explain DELETE FROM sbtest8 WHERE id=6587292
	Delete on sbtest8  (cost=0.43..8.45 rows=0 width=0)
	  ->  Index Scan using sbtest8_pkey on sbtest8  (cost=0.43..8.45 rows=1 width=6)
	        Index Cond: (id = 6587292)

for inserts
table 1 : explain INSERT INTO sbtest1 (id, k, c, pad) VALUES (5333236, 13, 'foobar', 'foobar')
	Insert on sbtest1  (cost=0.00..0.01 rows=0 width=0)
	  ->  Result  (cost=0.00..0.01 rows=1 width=736)

table 2 : explain INSERT INTO sbtest2 (id, k, c, pad) VALUES (2226747, 13, 'foobar', 'foobar')
	Insert on sbtest2  (cost=0.00..0.01 rows=0 width=0)
	  ->  Result  (cost=0.00..0.01 rows=1 width=736)

table 3 : explain INSERT INTO sbtest3 (id, k, c, pad) VALUES (5086758, 13, 'foobar', 'foobar')
	Insert on sbtest3  (cost=0.00..0.01 rows=0 width=0)
	  ->  Result  (cost=0.00..0.01 rows=1 width=736)

table 4 : explain INSERT INTO sbtest4 (id, k, c, pad) VALUES (8528668, 13, 'foobar', 'foobar')
	Insert on sbtest4  (cost=0.00..0.01 rows=0 width=0)
	  ->  Result  (cost=0.00..0.01 rows=1 width=736)

table 5 : explain INSERT INTO sbtest5 (id, k, c, pad) VALUES (180616, 13, 'foobar', 'foobar')
	Insert on sbtest5  (cost=0.00..0.01 rows=0 width=0)
	  ->  Result  (cost=0.00..0.01 rows=1 width=736)

table 6 : explain INSERT INTO sbtest6 (id, k, c, pad) VALUES (6880180, 13, 'foobar', 'foobar')
	Insert on sbtest6  (cost=0.00..0.01 rows=0 width=0)
	  ->  Result  (cost=0.00..0.01 rows=1 width=736)

table 7 : explain INSERT INTO sbtest7 (id, k, c, pad) VALUES (4847720, 13, 'foobar', 'foobar')
	Insert on sbtest7  (cost=0.00..0.01 rows=0 width=0)
	  ->  Result  (cost=0.00..0.01 rows=1 width=736)

table 8 : explain INSERT INTO sbtest8 (id, k, c, pad) VALUES (8212611, 13, 'foobar', 'foobar')
	Insert on sbtest8  (cost=0.00..0.01 rows=0 width=0)
	  ->  Result  (cost=0.00..0.01 rows=1 width=736)

explain: for point_selects :: explain SELECT c FROM sbtest%u WHERE id=%u
explain: for index_updates :: explain UPDATE sbtest%u SET k=k+1 WHERE id=%u
for inserts
table 1 : explain INSERT INTO sbtest1 (id, k, c, pad) VALUES (2903680, 13, 'foobar', 'foobar')
	Insert on sbtest1  (cost=0.00..0.01 rows=0 width=0)
	  ->  Result  (cost=0.00..0.01 rows=1 width=736)

table 2 : explain INSERT INTO sbtest2 (id, k, c, pad) VALUES (2656433, 13, 'foobar', 'foobar')
	Insert on sbtest2  (cost=0.00..0.01 rows=0 width=0)
	  ->  Result  (cost=0.00..0.01 rows=1 width=736)

table 3 : explain INSERT INTO sbtest3 (id, k, c, pad) VALUES (5463179, 13, 'foobar', 'foobar')
	Insert on sbtest3  (cost=0.00..0.01 rows=0 width=0)
	  ->  Result  (cost=0.00..0.01 rows=1 width=736)

table 4 : explain INSERT INTO sbtest4 (id, k, c, pad) VALUES (3456040, 13, 'foobar', 'foobar')
	Insert on sbtest4  (cost=0.00..0.01 rows=0 width=0)
	  ->  Result  (cost=0.00..0.01 rows=1 width=736)

table 5 : explain INSERT INTO sbtest5 (id, k, c, pad) VALUES (1616237, 13, 'foobar', 'foobar')
	Insert on sbtest5  (cost=0.00..0.01 rows=0 width=0)
	  ->  Result  (cost=0.00..0.01 rows=1 width=736)

table 6 : explain INSERT INTO sbtest6 (id, k, c, pad) VALUES (1623516, 13, 'foobar', 'foobar')
	Insert on sbtest6  (cost=0.00..0.01 rows=0 width=0)
	  ->  Result  (cost=0.00..0.01 rows=1 width=736)

table 7 : explain INSERT INTO sbtest7 (id, k, c, pad) VALUES (2801021, 13, 'foobar', 'foobar')
	Insert on sbtest7  (cost=0.00..0.01 rows=0 width=0)
	  ->  Result  (cost=0.00..0.01 rows=1 width=736)

table 8 : explain INSERT INTO sbtest8 (id, k, c, pad) VALUES (4714479, 13, 'foobar', 'foobar')
	Insert on sbtest8  (cost=0.00..0.01 rows=0 width=0)
	  ->  Result  (cost=0.00..0.01 rows=1 width=736)

explain: for inserts :: explain INSERT INTO sbtest%u (id, k, c, pad) VALUES (%u, 13, 'foobar', 'foobar')
explain: for inserts :: explain INSERT INTO sbtest%u (id, k, c, pad) VALUES (%u, 13, 'foobar', 'foobar')
explain: for deletes :: explain DELETE FROM sbtest%u WHERE id=%u
for inserts
table 1 : explain INSERT INTO sbtest1 (id, k, c, pad) VALUES (3733836, 13, 'foobar', 'foobar')
	Insert on sbtest1  (cost=0.00..0.01 rows=0 width=0)
	  ->  Result  (cost=0.00..0.01 rows=1 width=736)

table 2 : explain INSERT INTO sbtest2 (id, k, c, pad) VALUES (8005850, 13, 'foobar', 'foobar')
	Insert on sbtest2  (cost=0.00..0.01 rows=0 width=0)
	  ->  Result  (cost=0.00..0.01 rows=1 width=736)

table 3 : explain INSERT INTO sbtest3 (id, k, c, pad) VALUES (4733438, 13, 'foobar', 'foobar')
	Insert on sbtest3  (cost=0.00..0.01 rows=0 width=0)
	  ->  Result  (cost=0.00..0.01 rows=1 width=736)

table 4 : explain INSERT INTO sbtest4 (id, k, c, pad) VALUES (522494, 13, 'foobar', 'foobar')
	Insert on sbtest4  (cost=0.00..0.01 rows=0 width=0)
	  ->  Result  (cost=0.00..0.01 rows=1 width=736)

table 5 : explain INSERT INTO sbtest5 (id, k, c, pad) VALUES (8201501, 13, 'foobar', 'foobar')
	Insert on sbtest5  (cost=0.00..0.01 rows=0 width=0)
	  ->  Result  (cost=0.00..0.01 rows=1 width=736)

table 6 : explain INSERT INTO sbtest6 (id, k, c, pad) VALUES (5972900, 13, 'foobar', 'foobar')
	Insert on sbtest6  (cost=0.00..0.01 rows=0 width=0)
	  ->  Result  (cost=0.00..0.01 rows=1 width=736)

table 7 : explain INSERT INTO sbtest7 (id, k, c, pad) VALUES (7606018, 13, 'foobar', 'foobar')
	Insert on sbtest7  (cost=0.00..0.01 rows=0 width=0)
	  ->  Result  (cost=0.00..0.01 rows=1 width=736)

table 8 : explain INSERT INTO sbtest8 (id, k, c, pad) VALUES (7910499, 13, 'foobar', 'foobar')
	Insert on sbtest8  (cost=0.00..0.01 rows=0 width=0)
	  ->  Result  (cost=0.00..0.01 rows=1 width=736)

explain: for inserts :: explain INSERT INTO sbtest%u (id, k, c, pad) VALUES (%u, 13, 'foobar', 'foobar')
for: sum_ranges
table 1 : explain SELECT SUM(k) FROM sbtest1 WHERE id BETWEEN 549102 AND 549201
	Aggregate  (cost=405.33..405.34 rows=1 width=8)
	  ->  Index Scan using sbtest1_pkey on sbtest1  (cost=0.43..405.07 rows=103 width=4)
	        Index Cond: ((id >= 549102) AND (id <= 549201))

table 2 : explain SELECT SUM(k) FROM sbtest2 WHERE id BETWEEN 3521854 AND 3521953
	Aggregate  (cost=407.87..407.88 rows=1 width=8)
	  ->  Index Scan using sbtest2_pkey on sbtest2  (cost=0.43..407.61 rows=104 width=4)
	        Index Cond: ((id >= 3521854) AND (id <= 3521953))

table 3 : explain SELECT SUM(k) FROM sbtest3 WHERE id BETWEEN 7835663 AND 7835762
	Aggregate  (cost=400.66..400.67 rows=1 width=8)
	  ->  Index Scan using sbtest3_pkey on sbtest3  (cost=0.43..400.40 rows=103 width=4)
	        Index Cond: ((id >= 7835663) AND (id <= 7835762))

table 4 : explain SELECT SUM(k) FROM sbtest4 WHERE id BETWEEN 7436390 AND 7436489
	Aggregate  (cost=376.75..376.76 rows=1 width=8)
	  ->  Index Scan using sbtest4_pkey on sbtest4  (cost=0.43..376.51 rows=96 width=4)
	        Index Cond: ((id >= 7436390) AND (id <= 7436489))

table 5 : explain SELECT SUM(k) FROM sbtest5 WHERE id BETWEEN 4313524 AND 4313623
	Aggregate  (cost=405.10..405.11 rows=1 width=8)
	  ->  Index Scan using sbtest5_pkey on sbtest5  (cost=0.43..404.84 rows=103 width=4)
	        Index Cond: ((id >= 4313524) AND (id <= 4313623))

table 6 : explain SELECT SUM(k) FROM sbtest6 WHERE id BETWEEN 4201074 AND 4201173
	Aggregate  (cost=405.99..406.00 rows=1 width=8)
	  ->  Index Scan using sbtest6_pkey on sbtest6  (cost=0.43..405.73 rows=104 width=4)
	        Index Cond: ((id >= 4201074) AND (id <= 4201173))

table 7 : explain SELECT SUM(k) FROM sbtest7 WHERE id BETWEEN 4627273 AND 4627372
	Aggregate  (cost=373.35..373.36 rows=1 width=8)
	  ->  Index Scan using sbtest7_pkey on sbtest7  (cost=0.43..373.11 rows=95 width=4)
	        Index Cond: ((id >= 4627273) AND (id <= 4627372))

table 8 : explain SELECT SUM(k) FROM sbtest8 WHERE id BETWEEN 420802 AND 420901
	Aggregate  (cost=369.30..369.31 rows=1 width=8)
	  ->  Index Scan using sbtest8_pkey on sbtest8  (cost=0.43..369.07 rows=94 width=4)
	        Index Cond: ((id >= 420802) AND (id <= 420901))

for deletes
table 1 : explain DELETE FROM sbtest1 WHERE id=2649993
	Delete on sbtest1  (cost=0.43..8.45 rows=0 width=0)
	  ->  Index Scan using sbtest1_pkey on sbtest1  (cost=0.43..8.45 rows=1 width=6)
	        Index Cond: (id = 2649993)

table 2 : explain DELETE FROM sbtest2 WHERE id=3304090
	Delete on sbtest2  (cost=0.43..8.45 rows=0 width=0)
	  ->  Index Scan using sbtest2_pkey on sbtest2  (cost=0.43..8.45 rows=1 width=6)
	        Index Cond: (id = 3304090)

table 3 : explain DELETE FROM sbtest3 WHERE id=9797244
	Delete on sbtest3  (cost=0.43..8.45 rows=0 width=0)
	  ->  Index Scan using sbtest3_pkey on sbtest3  (cost=0.43..8.45 rows=1 width=6)
	        Index Cond: (id = 9797244)

table 4 : explain DELETE FROM sbtest4 WHERE id=2522855
	Delete on sbtest4  (cost=0.43..8.45 rows=0 width=0)
	  ->  Index Scan using sbtest4_pkey on sbtest4  (cost=0.43..8.45 rows=1 width=6)
	        Index Cond: (id = 2522855)

table 5 : explain DELETE FROM sbtest5 WHERE id=1974499
	Delete on sbtest5  (cost=0.43..8.45 rows=0 width=0)
	  ->  Index Scan using sbtest5_pkey on sbtest5  (cost=0.43..8.45 rows=1 width=6)
	        Index Cond: (id = 1974499)

table 6 : explain DELETE FROM sbtest6 WHERE id=6180933
	Delete on sbtest6  (cost=0.43..8.45 rows=0 width=0)
	  ->  Index Scan using sbtest6_pkey on sbtest6  (cost=0.43..8.45 rows=1 width=6)
	        Index Cond: (id = 6180933)

table 7 : explain DELETE FROM sbtest7 WHERE id=672873
	Delete on sbtest7  (cost=0.43..8.45 rows=0 width=0)
	  ->  Index Scan using sbtest7_pkey on sbtest7  (cost=0.43..8.45 rows=1 width=6)
	        Index Cond: (id = 672873)

table 8 : explain DELETE FROM sbtest8 WHERE id=6679678
	Delete on sbtest8  (cost=0.43..8.45 rows=0 width=0)
	  ->  Index Scan using sbtest8_pkey on sbtest8  (cost=0.43..8.45 rows=1 width=6)
	        Index Cond: (id = 6679678)

explain: for point_selects :: explain SELECT c FROM sbtest%u WHERE id=%u
for index_updates
table 1 : explain UPDATE sbtest1 SET k=k+1 WHERE id=8893273
	Update on sbtest1  (cost=0.43..8.46 rows=0 width=0)
	  ->  Index Scan using sbtest1_pkey on sbtest1  (cost=0.43..8.46 rows=1 width=10)
	        Index Cond: (id = 8893273)

table 2 : explain UPDATE sbtest2 SET k=k+1 WHERE id=3372197
	Update on sbtest2  (cost=0.43..8.46 rows=0 width=0)
	  ->  Index Scan using sbtest2_pkey on sbtest2  (cost=0.43..8.46 rows=1 width=10)
	        Index Cond: (id = 3372197)

table 3 : explain UPDATE sbtest3 SET k=k+1 WHERE id=904780
	Update on sbtest3  (cost=0.43..8.46 rows=0 width=0)
	  ->  Index Scan using sbtest3_pkey on sbtest3  (cost=0.43..8.46 rows=1 width=10)
	        Index Cond: (id = 904780)

table 4 : explain UPDATE sbtest4 SET k=k+1 WHERE id=3632152
	Update on sbtest4  (cost=0.43..8.46 rows=0 width=0)
	  ->  Index Scan using sbtest4_pkey on sbtest4  (cost=0.43..8.46 rows=1 width=10)
	        Index Cond: (id = 3632152)

table 5 : explain UPDATE sbtest5 SET k=k+1 WHERE id=2781929
	Update on sbtest5  (cost=0.43..8.46 rows=0 width=0)
	  ->  Index Scan using sbtest5_pkey on sbtest5  (cost=0.43..8.46 rows=1 width=10)
	        Index Cond: (id = 2781929)

table 6 : explain UPDATE sbtest6 SET k=k+1 WHERE id=3519316
	Update on sbtest6  (cost=0.43..8.46 rows=0 width=0)
	  ->  Index Scan using sbtest6_pkey on sbtest6  (cost=0.43..8.46 rows=1 width=10)
	        Index Cond: (id = 3519316)

table 7 : explain UPDATE sbtest7 SET k=k+1 WHERE id=4859400
	Update on sbtest7  (cost=0.43..8.46 rows=0 width=0)
	  ->  Index Scan using sbtest7_pkey on sbtest7  (cost=0.43..8.46 rows=1 width=10)
	        Index Cond: (id = 4859400)

table 8 : explain UPDATE sbtest8 SET k=k+1 WHERE id=9937759
	Update on sbtest8  (cost=0.43..8.46 rows=0 width=0)
	  ->  Index Scan using sbtest8_pkey on sbtest8  (cost=0.43..8.46 rows=1 width=10)
	        Index Cond: (id = 9937759)

for inserts
table 1 : explain INSERT INTO sbtest1 (id, k, c, pad) VALUES (9863584, 13, 'foobar', 'foobar')
	Insert on sbtest1  (cost=0.00..0.01 rows=0 width=0)
	  ->  Result  (cost=0.00..0.01 rows=1 width=736)

table 2 : explain INSERT INTO sbtest2 (id, k, c, pad) VALUES (8312091, 13, 'foobar', 'foobar')
	Insert on sbtest2  (cost=0.00..0.01 rows=0 width=0)
	  ->  Result  (cost=0.00..0.01 rows=1 width=736)

table 3 : explain INSERT INTO sbtest3 (id, k, c, pad) VALUES (3454932, 13, 'foobar', 'foobar')
	Insert on sbtest3  (cost=0.00..0.01 rows=0 width=0)
	  ->  Result  (cost=0.00..0.01 rows=1 width=736)

table 4 : explain INSERT INTO sbtest4 (id, k, c, pad) VALUES (5172662, 13, 'foobar', 'foobar')
	Insert on sbtest4  (cost=0.00..0.01 rows=0 width=0)
	  ->  Result  (cost=0.00..0.01 rows=1 width=736)

table 5 : explain INSERT INTO sbtest5 (id, k, c, pad) VALUES (7266518, 13, 'foobar', 'foobar')
	Insert on sbtest5  (cost=0.00..0.01 rows=0 width=0)
	  ->  Result  (cost=0.00..0.01 rows=1 width=736)

table 6 : explain INSERT INTO sbtest6 (id, k, c, pad) VALUES (70519, 13, 'foobar', 'foobar')
	Insert on sbtest6  (cost=0.00..0.01 rows=0 width=0)
	  ->  Result  (cost=0.00..0.01 rows=1 width=736)

table 7 : explain INSERT INTO sbtest7 (id, k, c, pad) VALUES (4321156, 13, 'foobar', 'foobar')
	Insert on sbtest7  (cost=0.00..0.01 rows=0 width=0)
	  ->  Result  (cost=0.00..0.01 rows=1 width=736)

table 8 : explain INSERT INTO sbtest8 (id, k, c, pad) VALUES (9409817, 13, 'foobar', 'foobar')
	Insert on sbtest8  (cost=0.00..0.01 rows=0 width=0)
	  ->  Result  (cost=0.00..0.01 rows=1 width=736)

explain: for point_selects :: explain SELECT c FROM sbtest%u WHERE id=%u
explain: for inserts :: explain INSERT INTO sbtest%u (id, k, c, pad) VALUES (%u, 13, 'foobar', 'foobar')
explain: for inserts :: explain INSERT INTO sbtest%u (id, k, c, pad) VALUES (%u, 13, 'foobar', 'foobar')
for: sum_ranges
table 1 : explain SELECT SUM(k) FROM sbtest1 WHERE id BETWEEN 8367272 AND 8367371
	Aggregate  (cost=417.00..417.01 rows=1 width=8)
	  ->  Index Scan using sbtest1_pkey on sbtest1  (cost=0.43..416.74 rows=106 width=4)
	        Index Cond: ((id >= 8367272) AND (id <= 8367371))

table 2 : explain SELECT SUM(k) FROM sbtest2 WHERE id BETWEEN 1748372 AND 1748471
	Aggregate  (cost=380.70..380.71 rows=1 width=8)
	  ->  Index Scan using sbtest2_pkey on sbtest2  (cost=0.43..380.46 rows=97 width=4)
	        Index Cond: ((id >= 1748372) AND (id <= 1748471))

table 3 : explain SELECT SUM(k) FROM sbtest3 WHERE id BETWEEN 7036586 AND 7036685
	Aggregate  (cost=369.86..369.87 rows=1 width=8)
	  ->  Index Scan using sbtest3_pkey on sbtest3  (cost=0.43..369.63 rows=95 width=4)
	        Index Cond: ((id >= 7036586) AND (id <= 7036685))

table 4 : explain SELECT SUM(k) FROM sbtest4 WHERE id BETWEEN 599339 AND 599438
	Aggregate  (cost=388.38..388.39 rows=1 width=8)
	  ->  Index Scan using sbtest4_pkey on sbtest4  (cost=0.43..388.13 rows=99 width=4)
	        Index Cond: ((id >= 599339) AND (id <= 599438))

table 5 : explain SELECT SUM(k) FROM sbtest5 WHERE id BETWEEN 7102568 AND 7102667
	Aggregate  (cost=377.85..377.86 rows=1 width=8)
	  ->  Index Scan using sbtest5_pkey on sbtest5  (cost=0.43..377.61 rows=96 width=4)
	        Index Cond: ((id >= 7102568) AND (id <= 7102667))

table 6 : explain SELECT SUM(k) FROM sbtest6 WHERE id BETWEEN 9433862 AND 9433961
	Aggregate  (cost=413.71..413.72 rows=1 width=8)
	  ->  Index Scan using sbtest6_pkey on sbtest6  (cost=0.43..413.44 rows=106 width=4)
	        Index Cond: ((id >= 9433862) AND (id <= 9433961))

table 7 : explain SELECT SUM(k) FROM sbtest7 WHERE id BETWEEN 5412764 AND 5412863
	Aggregate  (cost=377.23..377.24 rows=1 width=8)
	  ->  Index Scan using sbtest7_pkey on sbtest7  (cost=0.43..376.99 rows=96 width=4)
	        Index Cond: ((id >= 5412764) AND (id <= 5412863))

table 8 : explain SELECT SUM(k) FROM sbtest8 WHERE id BETWEEN 4280180 AND 4280279
	Aggregate  (cost=439.16..439.17 rows=1 width=8)
	  ->  Index Scan using sbtest8_pkey on sbtest8  (cost=0.43..438.88 rows=112 width=4)
	        Index Cond: ((id >= 4280180) AND (id <= 4280279))

explain: for non_index_updates :: explain UPDATE sbtest%u SET c='foobar' WHERE id=%u
for inserts
table 1 : explain INSERT INTO sbtest1 (id, k, c, pad) VALUES (7387627, 13, 'foobar', 'foobar')
	Insert on sbtest1  (cost=0.00..0.01 rows=0 width=0)
	  ->  Result  (cost=0.00..0.01 rows=1 width=736)

table 2 : explain INSERT INTO sbtest2 (id, k, c, pad) VALUES (1501261, 13, 'foobar', 'foobar')
	Insert on sbtest2  (cost=0.00..0.01 rows=0 width=0)
	  ->  Result  (cost=0.00..0.01 rows=1 width=736)

table 3 : explain INSERT INTO sbtest3 (id, k, c, pad) VALUES (8527728, 13, 'foobar', 'foobar')
	Insert on sbtest3  (cost=0.00..0.01 rows=0 width=0)
	  ->  Result  (cost=0.00..0.01 rows=1 width=736)

table 4 : explain INSERT INTO sbtest4 (id, k, c, pad) VALUES (5867149, 13, 'foobar', 'foobar')
	Insert on sbtest4  (cost=0.00..0.01 rows=0 width=0)
	  ->  Result  (cost=0.00..0.01 rows=1 width=736)

table 5 : explain INSERT INTO sbtest5 (id, k, c, pad) VALUES (7265597, 13, 'foobar', 'foobar')
	Insert on sbtest5  (cost=0.00..0.01 rows=0 width=0)
	  ->  Result  (cost=0.00..0.01 rows=1 width=736)

table 6 : explain INSERT INTO sbtest6 (id, k, c, pad) VALUES (3229501, 13, 'foobar', 'foobar')
	Insert on sbtest6  (cost=0.00..0.01 rows=0 width=0)
	  ->  Result  (cost=0.00..0.01 rows=1 width=736)

table 7 : explain INSERT INTO sbtest7 (id, k, c, pad) VALUES (7657406, 13, 'foobar', 'foobar')
	Insert on sbtest7  (cost=0.00..0.01 rows=0 width=0)
	  ->  Result  (cost=0.00..0.01 rows=1 width=736)

table 8 : explain INSERT INTO sbtest8 (id, k, c, pad) VALUES (7922078, 13, 'foobar', 'foobar')
	Insert on sbtest8  (cost=0.00..0.01 rows=0 width=0)
	  ->  Result  (cost=0.00..0.01 rows=1 width=736)

for: sum_ranges
table 1 : explain SELECT SUM(k) FROM sbtest1 WHERE id BETWEEN 4340821 AND 4340920
	Aggregate  (cost=381.96..381.97 rows=1 width=8)
	  ->  Index Scan using sbtest1_pkey on sbtest1  (cost=0.43..381.72 rows=97 width=4)
	        Index Cond: ((id >= 4340821) AND (id <= 4340920))

table 2 : explain SELECT SUM(k) FROM sbtest2 WHERE id BETWEEN 6493476 AND 6493575
	Aggregate  (cost=388.45..388.46 rows=1 width=8)
	  ->  Index Scan using sbtest2_pkey on sbtest2  (cost=0.43..388.21 rows=99 width=4)
	        Index Cond: ((id >= 6493476) AND (id <= 6493575))

table 3 : explain SELECT SUM(k) FROM sbtest3 WHERE id BETWEEN 6188283 AND 6188382
	Aggregate  (cost=427.56..427.57 rows=1 width=8)
	  ->  Index Scan using sbtest3_pkey on sbtest3  (cost=0.43..427.29 rows=110 width=4)
	        Index Cond: ((id >= 6188283) AND (id <= 6188382))

table 4 : explain SELECT SUM(k) FROM sbtest4 WHERE id BETWEEN 4325693 AND 4325792
	Aggregate  (cost=403.92..403.93 rows=1 width=8)
	  ->  Index Scan using sbtest4_pkey on sbtest4  (cost=0.43..403.66 rows=103 width=4)
	        Index Cond: ((id >= 4325693) AND (id <= 4325792))

table 5 : explain SELECT SUM(k) FROM sbtest5 WHERE id BETWEEN 7545910 AND 7546009
	Aggregate  (cost=377.85..377.86 rows=1 width=8)
	  ->  Index Scan using sbtest5_pkey on sbtest5  (cost=0.43..377.61 rows=96 width=4)
	        Index Cond: ((id >= 7545910) AND (id <= 7546009))

table 6 : explain SELECT SUM(k) FROM sbtest6 WHERE id BETWEEN 5055753 AND 5055852
	Aggregate  (cost=378.94..378.95 rows=1 width=8)
	  ->  Index Scan using sbtest6_pkey on sbtest6  (cost=0.43..378.70 rows=97 width=4)
	        Index Cond: ((id >= 5055753) AND (id <= 5055852))

table 7 : explain SELECT SUM(k) FROM sbtest7 WHERE id BETWEEN 4495085 AND 4495184
	Aggregate  (cost=396.67..396.68 rows=1 width=8)
	  ->  Index Scan using sbtest7_pkey on sbtest7  (cost=0.43..396.41 rows=101 width=4)
	        Index Cond: ((id >= 4495085) AND (id <= 4495184))

table 8 : explain SELECT SUM(k) FROM sbtest8 WHERE id BETWEEN 5799523 AND 5799622
	Aggregate  (cost=396.49..396.50 rows=1 width=8)
	  ->  Index Scan using sbtest8_pkey on sbtest8  (cost=0.43..396.24 rows=101 width=4)
	        Index Cond: ((id >= 5799523) AND (id <= 5799622))

for: distinct_ranges
table 1 : explain SELECT DISTINCT c FROM sbtest1 WHERE id BETWEEN 6564178 AND 6564277 ORDER BY c
	Unique  (cost=361.35..361.81 rows=91 width=121)
	  ->  Sort  (cost=361.35..361.58 rows=91 width=121)
	        Sort Key: c
	        ->  Index Scan using sbtest1_pkey on sbtest1  (cost=0.43..358.39 rows=91 width=121)
	              Index Cond: ((id >= 6564178) AND (id <= 6564277))

table 2 : explain SELECT DISTINCT c FROM sbtest2 WHERE id BETWEEN 8363258 AND 8363357 ORDER BY c
	Unique  (cost=399.35..399.86 rows=101 width=121)
	  ->  Sort  (cost=399.35..399.61 rows=101 width=121)
	        Sort Key: c
	        ->  Index Scan using sbtest2_pkey on sbtest2  (cost=0.43..395.99 rows=101 width=121)
	              Index Cond: ((id >= 8363258) AND (id <= 8363357))

table 3 : explain SELECT DISTINCT c FROM sbtest3 WHERE id BETWEEN 3522537 AND 3522636 ORDER BY c
	Unique  (cost=388.27..388.77 rows=99 width=121)
	  ->  Sort  (cost=388.27..388.52 rows=99 width=121)
	        Sort Key: c
	        ->  Index Scan using sbtest3_pkey on sbtest3  (cost=0.43..384.99 rows=99 width=121)
	              Index Cond: ((id >= 3522537) AND (id <= 3522636))

table 4 : explain SELECT DISTINCT c FROM sbtest4 WHERE id BETWEEN 24568 AND 24667 ORDER BY c
	Unique  (cost=418.85..419.38 rows=106 width=121)
	  ->  Sort  (cost=418.85..419.11 rows=106 width=121)
	        Sort Key: c
	        ->  Index Scan using sbtest4_pkey on sbtest4  (cost=0.43..415.28 rows=106 width=121)
	              Index Cond: ((id >= 24568) AND (id <= 24667))

table 5 : explain SELECT DISTINCT c FROM sbtest5 WHERE id BETWEEN 915871 AND 915970 ORDER BY c
	Unique  (cost=365.07..365.53 rows=92 width=121)
	  ->  Sort  (cost=365.07..365.30 rows=92 width=121)
	        Sort Key: c
	        ->  Index Scan using sbtest5_pkey on sbtest5  (cost=0.43..362.07 rows=92 width=121)
	              Index Cond: ((id >= 915871) AND (id <= 915970))

table 6 : explain SELECT DISTINCT c FROM sbtest6 WHERE id BETWEEN 1049237 AND 1049336 ORDER BY c
	Unique  (cost=389.69..390.19 rows=99 width=121)
	  ->  Sort  (cost=389.69..389.94 rows=99 width=121)
	        Sort Key: c
	        ->  Index Scan using sbtest6_pkey on sbtest6  (cost=0.43..386.41 rows=99 width=121)
	              Index Cond: ((id >= 1049237) AND (id <= 1049336))

table 7 : explain SELECT DISTINCT c FROM sbtest7 WHERE id BETWEEN 4560923 AND 4561022 ORDER BY c
	Unique  (cost=399.78..400.28 rows=101 width=121)
	  ->  Sort  (cost=399.78..400.03 rows=101 width=121)
	        Sort Key: c
	        ->  Index Scan using sbtest7_pkey on sbtest7  (cost=0.43..396.41 rows=101 width=121)
	              Index Cond: ((id >= 4560923) AND (id <= 4561022))

table 8 : explain SELECT DISTINCT c FROM sbtest8 WHERE id BETWEEN 5683974 AND 5684073 ORDER BY c
	Unique  (cost=383.90..384.38 rows=97 width=121)
	  ->  Sort  (cost=383.90..384.14 rows=97 width=121)
	        Sort Key: c
	        ->  Index Scan using sbtest8_pkey on sbtest8  (cost=0.43..380.70 rows=97 width=121)
	              Index Cond: ((id >= 5683974) AND (id <= 5684073))

for inserts
table 1 : explain INSERT INTO sbtest1 (id, k, c, pad) VALUES (7065730, 13, 'foobar', 'foobar')
	Insert on sbtest1  (cost=0.00..0.01 rows=0 width=0)
	  ->  Result  (cost=0.00..0.01 rows=1 width=736)

table 2 : explain INSERT INTO sbtest2 (id, k, c, pad) VALUES (8854693, 13, 'foobar', 'foobar')
	Insert on sbtest2  (cost=0.00..0.01 rows=0 width=0)
	  ->  Result  (cost=0.00..0.01 rows=1 width=736)

table 3 : explain INSERT INTO sbtest3 (id, k, c, pad) VALUES (8644810, 13, 'foobar', 'foobar')
	Insert on sbtest3  (cost=0.00..0.01 rows=0 width=0)
	  ->  Result  (cost=0.00..0.01 rows=1 width=736)

table 4 : explain INSERT INTO sbtest4 (id, k, c, pad) VALUES (4645602, 13, 'foobar', 'foobar')
	Insert on sbtest4  (cost=0.00..0.01 rows=0 width=0)
	  ->  Result  (cost=0.00..0.01 rows=1 width=736)

table 5 : explain INSERT INTO sbtest5 (id, k, c, pad) VALUES (5150531, 13, 'foobar', 'foobar')
	Insert on sbtest5  (cost=0.00..0.01 rows=0 width=0)
	  ->  Result  (cost=0.00..0.01 rows=1 width=736)

table 6 : explain INSERT INTO sbtest6 (id, k, c, pad) VALUES (3146707, 13, 'foobar', 'foobar')
	Insert on sbtest6  (cost=0.00..0.01 rows=0 width=0)
	  ->  Result  (cost=0.00..0.01 rows=1 width=736)

table 7 : explain INSERT INTO sbtest7 (id, k, c, pad) VALUES (3629748, 13, 'foobar', 'foobar')
	Insert on sbtest7  (cost=0.00..0.01 rows=0 width=0)
	  ->  Result  (cost=0.00..0.01 rows=1 width=736)

table 8 : explain INSERT INTO sbtest8 (id, k, c, pad) VALUES (4797887, 13, 'foobar', 'foobar')
	Insert on sbtest8  (cost=0.00..0.01 rows=0 width=0)
	  ->  Result  (cost=0.00..0.01 rows=1 width=736)

explain: for point_selects :: explain SELECT c FROM sbtest%u WHERE id=%u
for inserts
table 1 : explain INSERT INTO sbtest1 (id, k, c, pad) VALUES (2853671, 13, 'foobar', 'foobar')
	Insert on sbtest1  (cost=0.00..0.01 rows=0 width=0)
	  ->  Result  (cost=0.00..0.01 rows=1 width=736)

table 2 : explain INSERT INTO sbtest2 (id, k, c, pad) VALUES (8020200, 13, 'foobar', 'foobar')
	Insert on sbtest2  (cost=0.00..0.01 rows=0 width=0)
	  ->  Result  (cost=0.00..0.01 rows=1 width=736)

table 3 : explain INSERT INTO sbtest3 (id, k, c, pad) VALUES (9700121, 13, 'foobar', 'foobar')
	Insert on sbtest3  (cost=0.00..0.01 rows=0 width=0)
	  ->  Result  (cost=0.00..0.01 rows=1 width=736)

table 4 : explain INSERT INTO sbtest4 (id, k, c, pad) VALUES (2476780, 13, 'foobar', 'foobar')
	Insert on sbtest4  (cost=0.00..0.01 rows=0 width=0)
	  ->  Result  (cost=0.00..0.01 rows=1 width=736)

table 5 : explain INSERT INTO sbtest5 (id, k, c, pad) VALUES (741185, 13, 'foobar', 'foobar')
	Insert on sbtest5  (cost=0.00..0.01 rows=0 width=0)
	  ->  Result  (cost=0.00..0.01 rows=1 width=736)

table 6 : explain INSERT INTO sbtest6 (id, k, c, pad) VALUES (7676968, 13, 'foobar', 'foobar')
	Insert on sbtest6  (cost=0.00..0.01 rows=0 width=0)
	  ->  Result  (cost=0.00..0.01 rows=1 width=736)

table 7 : explain INSERT INTO sbtest7 (id, k, c, pad) VALUES (123562, 13, 'foobar', 'foobar')
	Insert on sbtest7  (cost=0.00..0.01 rows=0 width=0)
	  ->  Result  (cost=0.00..0.01 rows=1 width=736)

table 8 : explain INSERT INTO sbtest8 (id, k, c, pad) VALUES (7507508, 13, 'foobar', 'foobar')
	Insert on sbtest8  (cost=0.00..0.01 rows=0 width=0)
	  ->  Result  (cost=0.00..0.01 rows=1 width=736)

for non_index_updates
table 1 : explain UPDATE sbtest1 SET c='foobar' WHERE id=7778999
	Update on sbtest1  (cost=0.43..8.45 rows=0 width=0)
	  ->  Index Scan using sbtest1_pkey on sbtest1  (cost=0.43..8.45 rows=1 width=490)
	        Index Cond: (id = 7778999)

table 2 : explain UPDATE sbtest2 SET c='foobar' WHERE id=9848526
	Update on sbtest2  (cost=0.43..8.45 rows=0 width=0)
	  ->  Index Scan using sbtest2_pkey on sbtest2  (cost=0.43..8.45 rows=1 width=490)
	        Index Cond: (id = 9848526)

table 3 : explain UPDATE sbtest3 SET c='foobar' WHERE id=4163276
	Update on sbtest3  (cost=0.43..8.45 rows=0 width=0)
	  ->  Index Scan using sbtest3_pkey on sbtest3  (cost=0.43..8.45 rows=1 width=490)
	        Index Cond: (id = 4163276)

table 4 : explain UPDATE sbtest4 SET c='foobar' WHERE id=5104424
	Update on sbtest4  (cost=0.43..8.45 rows=0 width=0)
	  ->  Index Scan using sbtest4_pkey on sbtest4  (cost=0.43..8.45 rows=1 width=490)
	        Index Cond: (id = 5104424)

table 5 : explain UPDATE sbtest5 SET c='foobar' WHERE id=177320
	Update on sbtest5  (cost=0.43..8.45 rows=0 width=0)
	  ->  Index Scan using sbtest5_pkey on sbtest5  (cost=0.43..8.45 rows=1 width=490)
	        Index Cond: (id = 177320)

table 6 : explain UPDATE sbtest6 SET c='foobar' WHERE id=1588381
	Update on sbtest6  (cost=0.43..8.45 rows=0 width=0)
	  ->  Index Scan using sbtest6_pkey on sbtest6  (cost=0.43..8.45 rows=1 width=490)
	        Index Cond: (id = 1588381)

table 7 : explain UPDATE sbtest7 SET c='foobar' WHERE id=1032950
	Update on sbtest7  (cost=0.43..8.45 rows=0 width=0)
	  ->  Index Scan using sbtest7_pkey on sbtest7  (cost=0.43..8.45 rows=1 width=490)
	        Index Cond: (id = 1032950)

table 8 : explain UPDATE sbtest8 SET c='foobar' WHERE id=1927828
	Update on sbtest8  (cost=0.43..8.45 rows=0 width=0)
	  ->  Index Scan using sbtest8_pkey on sbtest8  (cost=0.43..8.45 rows=1 width=490)
	        Index Cond: (id = 1927828)

explain: for index_updates :: explain UPDATE sbtest%u SET k=k+1 WHERE id=%u
for inserts
table 1 : explain INSERT INTO sbtest1 (id, k, c, pad) VALUES (7755246, 13, 'foobar', 'foobar')
	Insert on sbtest1  (cost=0.00..0.01 rows=0 width=0)
	  ->  Result  (cost=0.00..0.01 rows=1 width=736)

table 2 : explain INSERT INTO sbtest2 (id, k, c, pad) VALUES (6113306, 13, 'foobar', 'foobar')
	Insert on sbtest2  (cost=0.00..0.01 rows=0 width=0)
	  ->  Result  (cost=0.00..0.01 rows=1 width=736)

table 3 : explain INSERT INTO sbtest3 (id, k, c, pad) VALUES (1859514, 13, 'foobar', 'foobar')
	Insert on sbtest3  (cost=0.00..0.01 rows=0 width=0)
	  ->  Result  (cost=0.00..0.01 rows=1 width=736)

table 4 : explain INSERT INTO sbtest4 (id, k, c, pad) VALUES (9671596, 13, 'foobar', 'foobar')
	Insert on sbtest4  (cost=0.00..0.01 rows=0 width=0)
	  ->  Result  (cost=0.00..0.01 rows=1 width=736)

table 5 : explain INSERT INTO sbtest5 (id, k, c, pad) VALUES (9655058, 13, 'foobar', 'foobar')
	Insert on sbtest5  (cost=0.00..0.01 rows=0 width=0)
	  ->  Result  (cost=0.00..0.01 rows=1 width=736)

table 6 : explain INSERT INTO sbtest6 (id, k, c, pad) VALUES (1522686, 13, 'foobar', 'foobar')
	Insert on sbtest6  (cost=0.00..0.01 rows=0 width=0)
	  ->  Result  (cost=0.00..0.01 rows=1 width=736)

table 7 : explain INSERT INTO sbtest7 (id, k, c, pad) VALUES (8217481, 13, 'foobar', 'foobar')
	Insert on sbtest7  (cost=0.00..0.01 rows=0 width=0)
	  ->  Result  (cost=0.00..0.01 rows=1 width=736)

table 8 : explain INSERT INTO sbtest8 (id, k, c, pad) VALUES (4813198, 13, 'foobar', 'foobar')
	Insert on sbtest8  (cost=0.00..0.01 rows=0 width=0)
	  ->  Result  (cost=0.00..0.01 rows=1 width=736)

explain: for deletes :: explain DELETE FROM sbtest%u WHERE id=%u
for point_selects
table 1 : explain SELECT c FROM sbtest1 WHERE id=177864
	Index Scan using sbtest1_pkey on sbtest1  (cost=0.43..8.45 rows=1 width=121)
	  Index Cond: (id = 177864)

table 2 : explain SELECT c FROM sbtest2 WHERE id=3275393
	Index Scan using sbtest2_pkey on sbtest2  (cost=0.43..8.45 rows=1 width=121)
	  Index Cond: (id = 3275393)

table 3 : explain SELECT c FROM sbtest3 WHERE id=3412937
	Index Scan using sbtest3_pkey on sbtest3  (cost=0.43..8.45 rows=1 width=121)
	  Index Cond: (id = 3412937)

table 4 : explain SELECT c FROM sbtest4 WHERE id=1984054
	Index Scan using sbtest4_pkey on sbtest4  (cost=0.43..8.45 rows=1 width=121)
	  Index Cond: (id = 1984054)

table 5 : explain SELECT c FROM sbtest5 WHERE id=8143639
	Index Scan using sbtest5_pkey on sbtest5  (cost=0.43..8.45 rows=1 width=121)
	  Index Cond: (id = 8143639)

table 6 : explain SELECT c FROM sbtest6 WHERE id=6883595
	Index Scan using sbtest6_pkey on sbtest6  (cost=0.43..8.45 rows=1 width=121)
	  Index Cond: (id = 6883595)

table 7 : explain SELECT c FROM sbtest7 WHERE id=4941660
	Index Scan using sbtest7_pkey on sbtest7  (cost=0.43..8.45 rows=1 width=121)
	  Index Cond: (id = 4941660)

table 8 : explain SELECT c FROM sbtest8 WHERE id=7175980
	Index Scan using sbtest8_pkey on sbtest8  (cost=0.43..8.45 rows=1 width=121)
	  Index Cond: (id = 7175980)

for: order_ranges
table 1 : explain SELECT c FROM sbtest1 WHERE id BETWEEN 2766567 AND 2766666 ORDER BY c
	Sort  (cost=408.52..408.77 rows=103 width=121)
	  Sort Key: c
	  ->  Index Scan using sbtest1_pkey on sbtest1  (cost=0.43..405.07 rows=103 width=121)
	        Index Cond: ((id >= 2766567) AND (id <= 2766666))

table 2 : explain SELECT c FROM sbtest2 WHERE id BETWEEN 9900164 AND 9900263 ORDER BY c
	Sort  (cost=383.66..383.90 rows=97 width=121)
	  Sort Key: c
	  ->  Index Scan using sbtest2_pkey on sbtest2  (cost=0.43..380.46 rows=97 width=121)
	        Index Cond: ((id >= 9900164) AND (id <= 9900263))

table 3 : explain SELECT c FROM sbtest3 WHERE id BETWEEN 5065532 AND 5065631 ORDER BY c
	Sort  (cost=345.58..345.80 rows=88 width=121)
	  Sort Key: c
	  ->  Index Scan using sbtest3_pkey on sbtest3  (cost=0.43..342.74 rows=88 width=121)
	        Index Cond: ((id >= 5065532) AND (id <= 5065631))

table 4 : explain SELECT c FROM sbtest4 WHERE id BETWEEN 4185398 AND 4185497 ORDER BY c
	Sort  (cost=391.41..391.66 rows=99 width=121)
	  Sort Key: c
	  ->  Index Scan using sbtest4_pkey on sbtest4  (cost=0.43..388.13 rows=99 width=121)
	        Index Cond: ((id >= 4185398) AND (id <= 4185497))

table 5 : explain SELECT c FROM sbtest5 WHERE id BETWEEN 5529086 AND 5529185 ORDER BY c
	Sort  (cost=365.07..365.30 rows=92 width=121)
	  Sort Key: c
	  ->  Index Scan using sbtest5_pkey on sbtest5  (cost=0.43..362.07 rows=92 width=121)
	        Index Cond: ((id >= 5529086) AND (id <= 5529185))

table 6 : explain SELECT c FROM sbtest6 WHERE id BETWEEN 2174327 AND 2174426 ORDER BY c
	Sort  (cost=397.53..397.78 rows=101 width=121)
	  Sort Key: c
	  ->  Index Scan using sbtest6_pkey on sbtest6  (cost=0.43..394.16 rows=101 width=121)
	        Index Cond: ((id >= 2174327) AND (id <= 2174426))

table 7 : explain SELECT c FROM sbtest7 WHERE id BETWEEN 7223473 AND 7223572 ORDER BY c
	Sort  (cost=395.86..396.11 rows=100 width=121)
	  Sort Key: c
	  ->  Index Scan using sbtest7_pkey on sbtest7  (cost=0.43..392.54 rows=100 width=121)
	        Index Cond: ((id >= 7223473) AND (id <= 7223572))

table 8 : explain SELECT c FROM sbtest8 WHERE id BETWEEN 8568703 AND 8568802 ORDER BY c
	Sort  (cost=430.94..431.21 rows=109 width=121)
	  Sort Key: c
	  ->  Index Scan using sbtest8_pkey on sbtest8  (cost=0.43..427.25 rows=109 width=121)
	        Index Cond: ((id >= 8568703) AND (id <= 8568802))

for: order_ranges
table 1 : explain SELECT c FROM sbtest1 WHERE id BETWEEN 63636 AND 63735 ORDER BY c
	Sort  (cost=432.09..432.36 rows=109 width=121)
	  Sort Key: c
	  ->  Index Scan using sbtest1_pkey on sbtest1  (cost=0.43..428.40 rows=109 width=121)
	        Index Cond: ((id >= 63636) AND (id <= 63735))

table 2 : explain SELECT c FROM sbtest2 WHERE id BETWEEN 8308666 AND 8308765 ORDER BY c
	Sort  (cost=438.51..438.78 rows=111 width=121)
	  Sort Key: c
	  ->  Index Scan using sbtest2_pkey on sbtest2  (cost=0.43..434.73 rows=111 width=121)
	        Index Cond: ((id >= 8308666) AND (id <= 8308765))

table 3 : explain SELECT c FROM sbtest3 WHERE id BETWEEN 3798209 AND 3798308 ORDER BY c
	Sort  (cost=376.63..376.87 rows=96 width=121)
	  Sort Key: c
	  ->  Index Scan using sbtest3_pkey on sbtest3  (cost=0.43..373.47 rows=96 width=121)
	        Index Cond: ((id >= 3798209) AND (id <= 3798308))

table 4 : explain SELECT c FROM sbtest4 WHERE id BETWEEN 5000940 AND 5001039 ORDER BY c
	Sort  (cost=399.28..399.53 rows=101 width=121)
	  Sort Key: c
	  ->  Index Scan using sbtest4_pkey on sbtest4  (cost=0.43..395.92 rows=101 width=121)
	        Index Cond: ((id >= 5000940) AND (id <= 5001039))

table 5 : explain SELECT c FROM sbtest5 WHERE id BETWEEN 372693 AND 372792 ORDER BY c
	Sort  (cost=376.85..377.08 rows=95 width=121)
	  Sort Key: c
	  ->  Index Scan using sbtest5_pkey on sbtest5  (cost=0.43..373.73 rows=95 width=121)
	        Index Cond: ((id >= 372693) AND (id <= 372792))

table 6 : explain SELECT c FROM sbtest6 WHERE id BETWEEN 4226510 AND 4226609 ORDER BY c
	Sort  (cost=409.21..409.47 rows=104 width=121)
	  Sort Key: c
	  ->  Index Scan using sbtest6_pkey on sbtest6  (cost=0.43..405.73 rows=104 width=121)
	        Index Cond: ((id >= 4226510) AND (id <= 4226609))

table 7 : explain SELECT c FROM sbtest7 WHERE id BETWEEN 637668 AND 637767 ORDER BY c
	Sort  (cost=372.31..372.54 rows=94 width=121)
	  Sort Key: c
	  ->  Index Scan using sbtest7_pkey on sbtest7  (cost=0.43..369.23 rows=94 width=121)
	        Index Cond: ((id >= 637668) AND (id <= 637767))

table 8 : explain SELECT c FROM sbtest8 WHERE id BETWEEN 5142283 AND 5142382 ORDER BY c
	Sort  (cost=368.23..368.46 rows=93 width=121)
	  Sort Key: c
	  ->  Index Scan using sbtest8_pkey on sbtest8  (cost=0.43..365.19 rows=93 width=121)
	        Index Cond: ((id >= 5142283) AND (id <= 5142382))

for point_selects
table 1 : explain SELECT c FROM sbtest1 WHERE id=1312741
	Index Scan using sbtest1_pkey on sbtest1  (cost=0.43..8.45 rows=1 width=121)
	  Index Cond: (id = 1312741)

table 2 : explain SELECT c FROM sbtest2 WHERE id=8790656
	Index Scan using sbtest2_pkey on sbtest2  (cost=0.43..8.45 rows=1 width=121)
	  Index Cond: (id = 8790656)

table 3 : explain SELECT c FROM sbtest3 WHERE id=5127428
	Index Scan using sbtest3_pkey on sbtest3  (cost=0.43..8.45 rows=1 width=121)
	  Index Cond: (id = 5127428)

table 4 : explain SELECT c FROM sbtest4 WHERE id=4604810
	Index Scan using sbtest4_pkey on sbtest4  (cost=0.43..8.45 rows=1 width=121)
	  Index Cond: (id = 4604810)

table 5 : explain SELECT c FROM sbtest5 WHERE id=5915
	Index Scan using sbtest5_pkey on sbtest5  (cost=0.43..8.45 rows=1 width=121)
	  Index Cond: (id = 5915)

table 6 : explain SELECT c FROM sbtest6 WHERE id=5977713
	Index Scan using sbtest6_pkey on sbtest6  (cost=0.43..8.45 rows=1 width=121)
	  Index Cond: (id = 5977713)

table 7 : explain SELECT c FROM sbtest7 WHERE id=6369278
	Index Scan using sbtest7_pkey on sbtest7  (cost=0.43..8.45 rows=1 width=121)
	  Index Cond: (id = 6369278)

table 8 : explain SELECT c FROM sbtest8 WHERE id=5856566
	Index Scan using sbtest8_pkey on sbtest8  (cost=0.43..8.45 rows=1 width=121)
	  Index Cond: (id = 5856566)

for point_selects
table 1 : explain SELECT c FROM sbtest1 WHERE id=117298
	Index Scan using sbtest1_pkey on sbtest1  (cost=0.43..8.45 rows=1 width=121)
	  Index Cond: (id = 117298)

table 2 : explain SELECT c FROM sbtest2 WHERE id=1852588
	Index Scan using sbtest2_pkey on sbtest2  (cost=0.43..8.45 rows=1 width=121)
	  Index Cond: (id = 1852588)

table 3 : explain SELECT c FROM sbtest3 WHERE id=697701
	Index Scan using sbtest3_pkey on sbtest3  (cost=0.43..8.45 rows=1 width=121)
	  Index Cond: (id = 697701)

table 4 : explain SELECT c FROM sbtest4 WHERE id=5404054
	Index Scan using sbtest4_pkey on sbtest4  (cost=0.43..8.45 rows=1 width=121)
	  Index Cond: (id = 5404054)

table 5 : explain SELECT c FROM sbtest5 WHERE id=8455104
	Index Scan using sbtest5_pkey on sbtest5  (cost=0.43..8.45 rows=1 width=121)
	  Index Cond: (id = 8455104)

table 6 : explain SELECT c FROM sbtest6 WHERE id=9057686
	Index Scan using sbtest6_pkey on sbtest6  (cost=0.43..8.45 rows=1 width=121)
	  Index Cond: (id = 9057686)

table 7 : explain SELECT c FROM sbtest7 WHERE id=6417082
	Index Scan using sbtest7_pkey on sbtest7  (cost=0.43..8.45 rows=1 width=121)
	  Index Cond: (id = 6417082)

table 8 : explain SELECT c FROM sbtest8 WHERE id=3013897
	Index Scan using sbtest8_pkey on sbtest8  (cost=0.43..8.45 rows=1 width=121)
	  Index Cond: (id = 3013897)

for point_selects
table 1 : explain SELECT c FROM sbtest1 WHERE id=5035769
	Index Scan using sbtest1_pkey on sbtest1  (cost=0.43..8.45 rows=1 width=121)
	  Index Cond: (id = 5035769)

table 2 : explain SELECT c FROM sbtest2 WHERE id=8529908
	Index Scan using sbtest2_pkey on sbtest2  (cost=0.43..8.45 rows=1 width=121)
	  Index Cond: (id = 8529908)

table 3 : explain SELECT c FROM sbtest3 WHERE id=5766236
	Index Scan using sbtest3_pkey on sbtest3  (cost=0.43..8.45 rows=1 width=121)
	  Index Cond: (id = 5766236)

table 4 : explain SELECT c FROM sbtest4 WHERE id=9110663
	Index Scan using sbtest4_pkey on sbtest4  (cost=0.43..8.45 rows=1 width=121)
	  Index Cond: (id = 9110663)

table 5 : explain SELECT c FROM sbtest5 WHERE id=7920009
	Index Scan using sbtest5_pkey on sbtest5  (cost=0.43..8.45 rows=1 width=121)
	  Index Cond: (id = 7920009)

table 6 : explain SELECT c FROM sbtest6 WHERE id=1396072
	Index Scan using sbtest6_pkey on sbtest6  (cost=0.43..8.45 rows=1 width=121)
	  Index Cond: (id = 1396072)

table 7 : explain SELECT c FROM sbtest7 WHERE id=5683155
	Index Scan using sbtest7_pkey on sbtest7  (cost=0.43..8.45 rows=1 width=121)
	  Index Cond: (id = 5683155)

table 8 : explain SELECT c FROM sbtest8 WHERE id=1235097
	Index Scan using sbtest8_pkey on sbtest8  (cost=0.43..8.45 rows=1 width=121)
	  Index Cond: (id = 1235097)

for deletes
table 1 : explain DELETE FROM sbtest1 WHERE id=3452830
	Delete on sbtest1  (cost=0.43..8.45 rows=0 width=0)
	  ->  Index Scan using sbtest1_pkey on sbtest1  (cost=0.43..8.45 rows=1 width=6)
	        Index Cond: (id = 3452830)

table 2 : explain DELETE FROM sbtest2 WHERE id=621981
	Delete on sbtest2  (cost=0.43..8.45 rows=0 width=0)
	  ->  Index Scan using sbtest2_pkey on sbtest2  (cost=0.43..8.45 rows=1 width=6)
	        Index Cond: (id = 621981)

table 3 : explain DELETE FROM sbtest3 WHERE id=5392235
	Delete on sbtest3  (cost=0.43..8.45 rows=0 width=0)
	  ->  Index Scan using sbtest3_pkey on sbtest3  (cost=0.43..8.45 rows=1 width=6)
	        Index Cond: (id = 5392235)

table 4 : explain DELETE FROM sbtest4 WHERE id=131593
	Delete on sbtest4  (cost=0.43..8.45 rows=0 width=0)
	  ->  Index Scan using sbtest4_pkey on sbtest4  (cost=0.43..8.45 rows=1 width=6)
	        Index Cond: (id = 131593)

table 5 : explain DELETE FROM sbtest5 WHERE id=4709513
	Delete on sbtest5  (cost=0.43..8.45 rows=0 width=0)
	  ->  Index Scan using sbtest5_pkey on sbtest5  (cost=0.43..8.45 rows=1 width=6)
	        Index Cond: (id = 4709513)

table 6 : explain DELETE FROM sbtest6 WHERE id=35625
	Delete on sbtest6  (cost=0.43..8.45 rows=0 width=0)
	  ->  Index Scan using sbtest6_pkey on sbtest6  (cost=0.43..8.45 rows=1 width=6)
	        Index Cond: (id = 35625)

table 7 : explain DELETE FROM sbtest7 WHERE id=7208199
	Delete on sbtest7  (cost=0.43..8.45 rows=0 width=0)
	  ->  Index Scan using sbtest7_pkey on sbtest7  (cost=0.43..8.45 rows=1 width=6)
	        Index Cond: (id = 7208199)

table 8 : explain DELETE FROM sbtest8 WHERE id=7578840
	Delete on sbtest8  (cost=0.43..8.45 rows=0 width=0)
	  ->  Index Scan using sbtest8_pkey on sbtest8  (cost=0.43..8.45 rows=1 width=6)
	        Index Cond: (id = 7578840)

explain: for point_selects :: explain SELECT c FROM sbtest%u WHERE id=%u
explain: for point_selects :: explain SELECT c FROM sbtest%u WHERE id=%u
explain: for point_selects :: explain SELECT c FROM sbtest%u WHERE id=%u
for index_updates
table 1 : explain UPDATE sbtest1 SET k=k+1 WHERE id=1600444
	Update on sbtest1  (cost=0.43..8.46 rows=0 width=0)
	  ->  Index Scan using sbtest1_pkey on sbtest1  (cost=0.43..8.46 rows=1 width=10)
	        Index Cond: (id = 1600444)

table 2 : explain UPDATE sbtest2 SET k=k+1 WHERE id=8979132
	Update on sbtest2  (cost=0.43..8.46 rows=0 width=0)
	  ->  Index Scan using sbtest2_pkey on sbtest2  (cost=0.43..8.46 rows=1 width=10)
	        Index Cond: (id = 8979132)

table 3 : explain UPDATE sbtest3 SET k=k+1 WHERE id=3075774
	Update on sbtest3  (cost=0.43..8.46 rows=0 width=0)
	  ->  Index Scan using sbtest3_pkey on sbtest3  (cost=0.43..8.46 rows=1 width=10)
	        Index Cond: (id = 3075774)

table 4 : explain UPDATE sbtest4 SET k=k+1 WHERE id=1583108
	Update on sbtest4  (cost=0.43..8.46 rows=0 width=0)
	  ->  Index Scan using sbtest4_pkey on sbtest4  (cost=0.43..8.46 rows=1 width=10)
	        Index Cond: (id = 1583108)

table 5 : explain UPDATE sbtest5 SET k=k+1 WHERE id=4681293
	Update on sbtest5  (cost=0.43..8.46 rows=0 width=0)
	  ->  Index Scan using sbtest5_pkey on sbtest5  (cost=0.43..8.46 rows=1 width=10)
	        Index Cond: (id = 4681293)

table 6 : explain UPDATE sbtest6 SET k=k+1 WHERE id=1649342
	Update on sbtest6  (cost=0.43..8.46 rows=0 width=0)
	  ->  Index Scan using sbtest6_pkey on sbtest6  (cost=0.43..8.46 rows=1 width=10)
	        Index Cond: (id = 1649342)

table 7 : explain UPDATE sbtest7 SET k=k+1 WHERE id=2046768
	Update on sbtest7  (cost=0.43..8.46 rows=0 width=0)
	  ->  Index Scan using sbtest7_pkey on sbtest7  (cost=0.43..8.46 rows=1 width=10)
	        Index Cond: (id = 2046768)

table 8 : explain UPDATE sbtest8 SET k=k+1 WHERE id=7106968
	Update on sbtest8  (cost=0.43..8.46 rows=0 width=0)
	  ->  Index Scan using sbtest8_pkey on sbtest8  (cost=0.43..8.46 rows=1 width=10)
	        Index Cond: (id = 7106968)

explain: for point_selects :: explain SELECT c FROM sbtest%u WHERE id=%u
for: simple_ranges
table 1 : explain SELECT c FROM sbtest1 WHERE id BETWEEN 2518359 AND 2518458
	Index Scan using sbtest1_pkey on sbtest1  (cost=0.43..373.94 rows=95 width=121)
	  Index Cond: ((id >= 2518359) AND (id <= 2518458))

table 2 : explain SELECT c FROM sbtest2 WHERE id BETWEEN 9265537 AND 9265636
	Index Scan using sbtest2_pkey on sbtest2  (cost=0.43..368.84 rows=94 width=121)
	  Index Cond: ((id >= 9265537) AND (id <= 9265636))

table 3 : explain SELECT c FROM sbtest3 WHERE id BETWEEN 6130154 AND 6130253
	Index Scan using sbtest3_pkey on sbtest3  (cost=0.43..427.29 rows=110 width=121)
	  Index Cond: ((id >= 6130154) AND (id <= 6130253))

table 4 : explain SELECT c FROM sbtest4 WHERE id BETWEEN 2997850 AND 2997949
	Index Scan using sbtest4_pkey on sbtest4  (cost=0.43..395.92 rows=101 width=121)
	  Index Cond: ((id >= 2997850) AND (id <= 2997949))

table 5 : explain SELECT c FROM sbtest5 WHERE id BETWEEN 7378428 AND 7378527
	Index Scan using sbtest5_pkey on sbtest5  (cost=0.43..428.15 rows=109 width=121)
	  Index Cond: ((id >= 7378428) AND (id <= 7378527))

table 6 : explain SELECT c FROM sbtest6 WHERE id BETWEEN 8435817 AND 8435916
	Index Scan using sbtest6_pkey on sbtest6  (cost=0.43..355.56 rows=91 width=121)
	  Index Cond: ((id >= 8435817) AND (id <= 8435916))

table 7 : explain SELECT c FROM sbtest7 WHERE id BETWEEN 1876163 AND 1876262
	Index Scan using sbtest7_pkey on sbtest7  (cost=0.43..396.41 rows=101 width=121)
	  Index Cond: ((id >= 1876163) AND (id <= 1876262))

table 8 : explain SELECT c FROM sbtest8 WHERE id BETWEEN 7907624 AND 7907723
	Index Scan using sbtest8_pkey on sbtest8  (cost=0.43..411.75 rows=105 width=121)
	  Index Cond: ((id >= 7907624) AND (id <= 7907723))

for point_selects
table 1 : explain SELECT c FROM sbtest1 WHERE id=7934747
	Index Scan using sbtest1_pkey on sbtest1  (cost=0.43..8.45 rows=1 width=121)
	  Index Cond: (id = 7934747)

table 2 : explain SELECT c FROM sbtest2 WHERE id=5076401
	Index Scan using sbtest2_pkey on sbtest2  (cost=0.43..8.45 rows=1 width=121)
	  Index Cond: (id = 5076401)

table 3 : explain SELECT c FROM sbtest3 WHERE id=9041156
	Index Scan using sbtest3_pkey on sbtest3  (cost=0.43..8.45 rows=1 width=121)
	  Index Cond: (id = 9041156)

table 4 : explain SELECT c FROM sbtest4 WHERE id=6796802
	Index Scan using sbtest4_pkey on sbtest4  (cost=0.43..8.45 rows=1 width=121)
	  Index Cond: (id = 6796802)

table 5 : explain SELECT c FROM sbtest5 WHERE id=7443096
	Index Scan using sbtest5_pkey on sbtest5  (cost=0.43..8.45 rows=1 width=121)
	  Index Cond: (id = 7443096)

table 6 : explain SELECT c FROM sbtest6 WHERE id=1544421
	Index Scan using sbtest6_pkey on sbtest6  (cost=0.43..8.45 rows=1 width=121)
	  Index Cond: (id = 1544421)

table 7 : explain SELECT c FROM sbtest7 WHERE id=2107014
	Index Scan using sbtest7_pkey on sbtest7  (cost=0.43..8.45 rows=1 width=121)
	  Index Cond: (id = 2107014)

table 8 : explain SELECT c FROM sbtest8 WHERE id=4408325
	Index Scan using sbtest8_pkey on sbtest8  (cost=0.43..8.45 rows=1 width=121)
	  Index Cond: (id = 4408325)

for point_selects
table 1 : explain SELECT c FROM sbtest1 WHERE id=5312463
	Index Scan using sbtest1_pkey on sbtest1  (cost=0.43..8.45 rows=1 width=121)
	  Index Cond: (id = 5312463)

table 2 : explain SELECT c FROM sbtest2 WHERE id=5268459
	Index Scan using sbtest2_pkey on sbtest2  (cost=0.43..8.45 rows=1 width=121)
	  Index Cond: (id = 5268459)

table 3 : explain SELECT c FROM sbtest3 WHERE id=5028904
	Index Scan using sbtest3_pkey on sbtest3  (cost=0.43..8.45 rows=1 width=121)
	  Index Cond: (id = 5028904)

table 4 : explain SELECT c FROM sbtest4 WHERE id=4268680
	Index Scan using sbtest4_pkey on sbtest4  (cost=0.43..8.45 rows=1 width=121)
	  Index Cond: (id = 4268680)

table 5 : explain SELECT c FROM sbtest5 WHERE id=204358
	Index Scan using sbtest5_pkey on sbtest5  (cost=0.43..8.45 rows=1 width=121)
	  Index Cond: (id = 204358)

table 6 : explain SELECT c FROM sbtest6 WHERE id=4107180
	Index Scan using sbtest6_pkey on sbtest6  (cost=0.43..8.45 rows=1 width=121)
	  Index Cond: (id = 4107180)

table 7 : explain SELECT c FROM sbtest7 WHERE id=4259669
	Index Scan using sbtest7_pkey on sbtest7  (cost=0.43..8.45 rows=1 width=121)
	  Index Cond: (id = 4259669)

table 8 : explain SELECT c FROM sbtest8 WHERE id=3754497
	Index Scan using sbtest8_pkey on sbtest8  (cost=0.43..8.45 rows=1 width=121)
	  Index Cond: (id = 3754497)

for: simple_ranges
table 1 : explain SELECT c FROM sbtest1 WHERE id BETWEEN 518229 AND 518328
	Index Scan using sbtest1_pkey on sbtest1  (cost=0.43..405.07 rows=103 width=121)
	  Index Cond: ((id >= 518229) AND (id <= 518328))

table 2 : explain SELECT c FROM sbtest2 WHERE id BETWEEN 5675873 AND 5675972
	Index Scan using sbtest2_pkey on sbtest2  (cost=0.43..349.46 rows=89 width=121)
	  Index Cond: ((id >= 5675873) AND (id <= 5675972))

table 3 : explain SELECT c FROM sbtest3 WHERE id BETWEEN 3454714 AND 3454813
	Index Scan using sbtest3_pkey on sbtest3  (cost=0.43..381.15 rows=98 width=121)
	  Index Cond: ((id >= 3454714) AND (id <= 3454813))

table 4 : explain SELECT c FROM sbtest4 WHERE id BETWEEN 8277474 AND 8277573
	Index Scan using sbtest4_pkey on sbtest4  (cost=0.43..349.40 rows=89 width=121)
	  Index Cond: ((id >= 8277474) AND (id <= 8277573))

table 5 : explain SELECT c FROM sbtest5 WHERE id BETWEEN 4198960 AND 4199059
	Index Scan using sbtest5_pkey on sbtest5  (cost=0.43..365.96 rows=93 width=121)
	  Index Cond: ((id >= 4198960) AND (id <= 4199059))

table 6 : explain SELECT c FROM sbtest6 WHERE id BETWEEN 2304487 AND 2304586
	Index Scan using sbtest6_pkey on sbtest6  (cost=0.43..390.27 rows=100 width=121)
	  Index Cond: ((id >= 2304487) AND (id <= 2304586))

table 7 : explain SELECT c FROM sbtest7 WHERE id BETWEEN 3844173 AND 3844272
	Index Scan using sbtest7_pkey on sbtest7  (cost=0.43..369.23 rows=94 width=121)
	  Index Cond: ((id >= 3844173) AND (id <= 3844272))

table 8 : explain SELECT c FROM sbtest8 WHERE id BETWEEN 4585596 AND 4585695
	Index Scan using sbtest8_pkey on sbtest8  (cost=0.43..388.48 rows=99 width=121)
	  Index Cond: ((id >= 4585596) AND (id <= 4585695))

for: order_ranges
table 1 : explain SELECT c FROM sbtest1 WHERE id BETWEEN 4320914 AND 4321013 ORDER BY c
	Sort  (cost=384.92..385.16 rows=97 width=121)
	  Sort Key: c
	  ->  Index Scan using sbtest1_pkey on sbtest1  (cost=0.43..381.72 rows=97 width=121)
	        Index Cond: ((id >= 4320914) AND (id <= 4321013))

table 2 : explain SELECT c FROM sbtest2 WHERE id BETWEEN 1239498 AND 1239597 ORDER BY c
	Sort  (cost=403.27..403.52 rows=102 width=121)
	  Sort Key: c
	  ->  Index Scan using sbtest2_pkey on sbtest2  (cost=0.43..399.87 rows=102 width=121)
	        Index Cond: ((id >= 1239498) AND (id <= 1239597))

table 3 : explain SELECT c FROM sbtest3 WHERE id BETWEEN 5720004 AND 5720103 ORDER BY c
	Sort  (cost=372.75..372.98 rows=95 width=121)
	  Sort Key: c
	  ->  Index Scan using sbtest3_pkey on sbtest3  (cost=0.43..369.63 rows=95 width=121)
	        Index Cond: ((id >= 5720004) AND (id <= 5720103))

table 4 : explain SELECT c FROM sbtest4 WHERE id BETWEEN 5186845 AND 5186944 ORDER BY c
	Sort  (cost=364.02..364.25 rows=92 width=121)
	  Sort Key: c
	  ->  Index Scan using sbtest4_pkey on sbtest4  (cost=0.43..361.02 rows=92 width=121)
	        Index Cond: ((id >= 5186845) AND (id <= 5186944))

table 5 : explain SELECT c FROM sbtest5 WHERE id BETWEEN 4401476 AND 4401575 ORDER BY c
	Sort  (cost=408.28..408.54 rows=103 width=121)
	  Sort Key: c
	  ->  Index Scan using sbtest5_pkey on sbtest5  (cost=0.43..404.84 rows=103 width=121)
	        Index Cond: ((id >= 4401476) AND (id <= 4401575))

table 6 : explain SELECT c FROM sbtest6 WHERE id BETWEEN 2882621 AND 2882720 ORDER BY c
	Sort  (cost=405.32..405.58 rows=103 width=121)
	  Sort Key: c
	  ->  Index Scan using sbtest6_pkey on sbtest6  (cost=0.43..401.87 rows=103 width=121)
	        Index Cond: ((id >= 2882621) AND (id <= 2882720))

table 7 : explain SELECT c FROM sbtest7 WHERE id BETWEEN 3744102 AND 3744201 ORDER BY c
	Sort  (cost=380.15..380.39 rows=96 width=121)
	  Sort Key: c
	  ->  Index Scan using sbtest7_pkey on sbtest7  (cost=0.43..376.99 rows=96 width=121)
	        Index Cond: ((id >= 3744102) AND (id <= 3744201))

table 8 : explain SELECT c FROM sbtest8 WHERE id BETWEEN 5939948 AND 5940047 ORDER BY c
	Sort  (cost=383.90..384.14 rows=97 width=121)
	  Sort Key: c
	  ->  Index Scan using sbtest8_pkey on sbtest8  (cost=0.43..380.70 rows=97 width=121)
	        Index Cond: ((id >= 5939948) AND (id <= 5940047))

explain: for inserts :: explain INSERT INTO sbtest%u (id, k, c, pad) VALUES (%u, 13, 'foobar', 'foobar')
for: simple_ranges
table 1 : explain SELECT c FROM sbtest1 WHERE id BETWEEN 4149451 AND 4149550
	Index Scan using sbtest1_pkey on sbtest1  (cost=0.43..397.30 rows=101 width=121)
	  Index Cond: ((id >= 4149451) AND (id <= 4149550))

table 2 : explain SELECT c FROM sbtest2 WHERE id BETWEEN 9558781 AND 9558880
	Index Scan using sbtest2_pkey on sbtest2  (cost=0.43..388.21 rows=99 width=121)
	  Index Cond: ((id >= 9558781) AND (id <= 9558880))

table 3 : explain SELECT c FROM sbtest3 WHERE id BETWEEN 7873763 AND 7873862
	Index Scan using sbtest3_pkey on sbtest3  (cost=0.43..400.40 rows=103 width=121)
	  Index Cond: ((id >= 7873763) AND (id <= 7873862))

table 4 : explain SELECT c FROM sbtest4 WHERE id BETWEEN 7593762 AND 7593861
	Index Scan using sbtest4_pkey on sbtest4  (cost=0.43..392.01 rows=100 width=121)
	  Index Cond: ((id >= 7593762) AND (id <= 7593861))

table 5 : explain SELECT c FROM sbtest5 WHERE id BETWEEN 7813012 AND 7813111
	Index Scan using sbtest5_pkey on sbtest5  (cost=0.43..404.84 rows=103 width=121)
	  Index Cond: ((id >= 7813012) AND (id <= 7813111))

table 6 : explain SELECT c FROM sbtest6 WHERE id BETWEEN 4915504 AND 4915603
	Index Scan using sbtest6_pkey on sbtest6  (cost=0.43..409.59 rows=105 width=121)
	  Index Cond: ((id >= 4915504) AND (id <= 4915603))

table 7 : explain SELECT c FROM sbtest7 WHERE id BETWEEN 4273228 AND 4273327
	Index Scan using sbtest7_pkey on sbtest7  (cost=0.43..373.11 rows=95 width=121)
	  Index Cond: ((id >= 4273228) AND (id <= 4273327))

table 8 : explain SELECT c FROM sbtest8 WHERE id BETWEEN 521313 AND 521412
	Index Scan using sbtest8_pkey on sbtest8  (cost=0.43..361.31 rows=92 width=121)
	  Index Cond: ((id >= 521313) AND (id <= 521412))

for point_selects
table 1 : explain SELECT c FROM sbtest1 WHERE id=2142525
	Index Scan using sbtest1_pkey on sbtest1  (cost=0.43..8.45 rows=1 width=121)
	  Index Cond: (id = 2142525)

table 2 : explain SELECT c FROM sbtest2 WHERE id=4262231
	Index Scan using sbtest2_pkey on sbtest2  (cost=0.43..8.45 rows=1 width=121)
	  Index Cond: (id = 4262231)

table 3 : explain SELECT c FROM sbtest3 WHERE id=8463228
	Index Scan using sbtest3_pkey on sbtest3  (cost=0.43..8.45 rows=1 width=121)
	  Index Cond: (id = 8463228)

table 4 : explain SELECT c FROM sbtest4 WHERE id=5758661
	Index Scan using sbtest4_pkey on sbtest4  (cost=0.43..8.45 rows=1 width=121)
	  Index Cond: (id = 5758661)

table 5 : explain SELECT c FROM sbtest5 WHERE id=2682340
	Index Scan using sbtest5_pkey on sbtest5  (cost=0.43..8.45 rows=1 width=121)
	  Index Cond: (id = 2682340)

table 6 : explain SELECT c FROM sbtest6 WHERE id=8328180
	Index Scan using sbtest6_pkey on sbtest6  (cost=0.43..8.45 rows=1 width=121)
	  Index Cond: (id = 8328180)

table 7 : explain SELECT c FROM sbtest7 WHERE id=9984019
	Index Scan using sbtest7_pkey on sbtest7  (cost=0.43..8.45 rows=1 width=121)
	  Index Cond: (id = 9984019)

table 8 : explain SELECT c FROM sbtest8 WHERE id=4316728
	Index Scan using sbtest8_pkey on sbtest8  (cost=0.43..8.45 rows=1 width=121)
	  Index Cond: (id = 4316728)

explain: for non_index_updates :: explain UPDATE sbtest%u SET c='foobar' WHERE id=%u
for: simple_ranges
table 1 : explain SELECT c FROM sbtest1 WHERE id BETWEEN 9245735 AND 9245834
	Index Scan using sbtest1_pkey on sbtest1  (cost=0.43..408.96 rows=104 width=121)
	  Index Cond: ((id >= 9245735) AND (id <= 9245834))

table 2 : explain SELECT c FROM sbtest2 WHERE id BETWEEN 2262415 AND 2262514
	Index Scan using sbtest2_pkey on sbtest2  (cost=0.43..395.99 rows=101 width=121)
	  Index Cond: ((id >= 2262415) AND (id <= 2262514))

table 3 : explain SELECT c FROM sbtest3 WHERE id BETWEEN 2806334 AND 2806433
	Index Scan using sbtest3_pkey on sbtest3  (cost=0.43..396.56 rows=102 width=121)
	  Index Cond: ((id >= 2806334) AND (id <= 2806433))

table 4 : explain SELECT c FROM sbtest4 WHERE id BETWEEN 5716593 AND 5716692
	Index Scan using sbtest4_pkey on sbtest4  (cost=0.43..399.79 rows=102 width=121)
	  Index Cond: ((id >= 5716593) AND (id <= 5716692))

table 5 : explain SELECT c FROM sbtest5 WHERE id BETWEEN 1944995 AND 1945094
	Index Scan using sbtest5_pkey on sbtest5  (cost=0.43..381.50 rows=97 width=121)
	  Index Cond: ((id >= 1944995) AND (id <= 1945094))

table 6 : explain SELECT c FROM sbtest6 WHERE id BETWEEN 8353293 AND 8353392
	Index Scan using sbtest6_pkey on sbtest6  (cost=0.43..425.01 rows=109 width=121)
	  Index Cond: ((id >= 8353293) AND (id <= 8353392))

table 7 : explain SELECT c FROM sbtest7 WHERE id BETWEEN 4426842 AND 4426941
	Index Scan using sbtest7_pkey on sbtest7  (cost=0.43..415.81 rows=106 width=121)
	  Index Cond: ((id >= 4426842) AND (id <= 4426941))

table 8 : explain SELECT c FROM sbtest8 WHERE id BETWEEN 8050500 AND 8050599
	Index Scan using sbtest8_pkey on sbtest8  (cost=0.43..419.50 rows=107 width=121)
	  Index Cond: ((id >= 8050500) AND (id <= 8050599))

for: simple_ranges
table 1 : explain SELECT c FROM sbtest1 WHERE id BETWEEN 7427081 AND 7427180
	Index Scan using sbtest1_pkey on sbtest1  (cost=0.43..405.07 rows=103 width=121)
	  Index Cond: ((id >= 7427081) AND (id <= 7427180))

table 2 : explain SELECT c FROM sbtest2 WHERE id BETWEEN 7896135 AND 7896234
	Index Scan using sbtest2_pkey on sbtest2  (cost=0.43..411.49 rows=105 width=121)
	  Index Cond: ((id >= 7896135) AND (id <= 7896234))

table 3 : explain SELECT c FROM sbtest3 WHERE id BETWEEN 552138 AND 552237
	Index Scan using sbtest3_pkey on sbtest3  (cost=0.43..392.72 rows=101 width=121)
	  Index Cond: ((id >= 552138) AND (id <= 552237))

table 4 : explain SELECT c FROM sbtest4 WHERE id BETWEEN 2261040 AND 2261139
	Index Scan using sbtest4_pkey on sbtest4  (cost=0.43..399.79 rows=102 width=121)
	  Index Cond: ((id >= 2261040) AND (id <= 2261139))

table 5 : explain SELECT c FROM sbtest5 WHERE id BETWEEN 3575828 AND 3575927
	Index Scan using sbtest5_pkey on sbtest5  (cost=0.43..416.50 rows=106 width=121)
	  Index Cond: ((id >= 3575828) AND (id <= 3575927))

table 6 : explain SELECT c FROM sbtest6 WHERE id BETWEEN 1879059 AND 1879158
	Index Scan using sbtest6_pkey on sbtest6  (cost=0.43..370.99 rows=95 width=121)
	  Index Cond: ((id >= 1879059) AND (id <= 1879158))

table 7 : explain SELECT c FROM sbtest7 WHERE id BETWEEN 8838082 AND 8838181
	Index Scan using sbtest7_pkey on sbtest7  (cost=0.43..353.72 rows=90 width=121)
	  Index Cond: ((id >= 8838082) AND (id <= 8838181))

table 8 : explain SELECT c FROM sbtest8 WHERE id BETWEEN 4449009 AND 4449108
	Index Scan using sbtest8_pkey on sbtest8  (cost=0.43..415.62 rows=106 width=121)
	  Index Cond: ((id >= 4449009) AND (id <= 4449108))

for inserts
table 1 : explain INSERT INTO sbtest1 (id, k, c, pad) VALUES (6161348, 13, 'foobar', 'foobar')
	Insert on sbtest1  (cost=0.00..0.01 rows=0 width=0)
	  ->  Result  (cost=0.00..0.01 rows=1 width=736)

table 2 : explain INSERT INTO sbtest2 (id, k, c, pad) VALUES (5158727, 13, 'foobar', 'foobar')
	Insert on sbtest2  (cost=0.00..0.01 rows=0 width=0)
	  ->  Result  (cost=0.00..0.01 rows=1 width=736)

table 3 : explain INSERT INTO sbtest3 (id, k, c, pad) VALUES (327074, 13, 'foobar', 'foobar')
	Insert on sbtest3  (cost=0.00..0.01 rows=0 width=0)
	  ->  Result  (cost=0.00..0.01 rows=1 width=736)

table 4 : explain INSERT INTO sbtest4 (id, k, c, pad) VALUES (6793242, 13, 'foobar', 'foobar')
	Insert on sbtest4  (cost=0.00..0.01 rows=0 width=0)
	  ->  Result  (cost=0.00..0.01 rows=1 width=736)

table 5 : explain INSERT INTO sbtest5 (id, k, c, pad) VALUES (6370106, 13, 'foobar', 'foobar')
	Insert on sbtest5  (cost=0.00..0.01 rows=0 width=0)
	  ->  Result  (cost=0.00..0.01 rows=1 width=736)

table 6 : explain INSERT INTO sbtest6 (id, k, c, pad) VALUES (6155050, 13, 'foobar', 'foobar')
	Insert on sbtest6  (cost=0.00..0.01 rows=0 width=0)
	  ->  Result  (cost=0.00..0.01 rows=1 width=736)

table 7 : explain INSERT INTO sbtest7 (id, k, c, pad) VALUES (7539378, 13, 'foobar', 'foobar')
	Insert on sbtest7  (cost=0.00..0.01 rows=0 width=0)
	  ->  Result  (cost=0.00..0.01 rows=1 width=736)

table 8 : explain INSERT INTO sbtest8 (id, k, c, pad) VALUES (6904154, 13, 'foobar', 'foobar')
	Insert on sbtest8  (cost=0.00..0.01 rows=0 width=0)
	  ->  Result  (cost=0.00..0.01 rows=1 width=736)

for: simple_ranges
table 1 : explain SELECT c FROM sbtest1 WHERE id BETWEEN 7706751 AND 7706850
	Index Scan using sbtest1_pkey on sbtest1  (cost=0.43..397.30 rows=101 width=121)
	  Index Cond: ((id >= 7706751) AND (id <= 7706850))

table 2 : explain SELECT c FROM sbtest2 WHERE id BETWEEN 9358192 AND 9358291
	Index Scan using sbtest2_pkey on sbtest2  (cost=0.43..392.08 rows=100 width=121)
	  Index Cond: ((id >= 9358192) AND (id <= 9358291))

table 3 : explain SELECT c FROM sbtest3 WHERE id BETWEEN 809075 AND 809174
	Index Scan using sbtest3_pkey on sbtest3  (cost=0.43..400.40 rows=103 width=121)
	  Index Cond: ((id >= 809075) AND (id <= 809174))

table 4 : explain SELECT c FROM sbtest4 WHERE id BETWEEN 4612565 AND 4612664
	Index Scan using sbtest4_pkey on sbtest4  (cost=0.43..399.79 rows=102 width=121)
	  Index Cond: ((id >= 4612565) AND (id <= 4612664))

table 5 : explain SELECT c FROM sbtest5 WHERE id BETWEEN 4331117 AND 4331216
	Index Scan using sbtest5_pkey on sbtest5  (cost=0.43..404.84 rows=103 width=121)
	  Index Cond: ((id >= 4331117) AND (id <= 4331216))

table 6 : explain SELECT c FROM sbtest6 WHERE id BETWEEN 5750963 AND 5751062
	Index Scan using sbtest6_pkey on sbtest6  (cost=0.43..421.15 rows=108 width=121)
	  Index Cond: ((id >= 5750963) AND (id <= 5751062))

table 7 : explain SELECT c FROM sbtest7 WHERE id BETWEEN 8822276 AND 8822375
	Index Scan using sbtest7_pkey on sbtest7  (cost=0.43..353.72 rows=90 width=121)
	  Index Cond: ((id >= 8822276) AND (id <= 8822375))

table 8 : explain SELECT c FROM sbtest8 WHERE id BETWEEN 9203567 AND 9203666
	Index Scan using sbtest8_pkey on sbtest8  (cost=0.43..427.25 rows=109 width=121)
	  Index Cond: ((id >= 9203567) AND (id <= 9203666))

for: distinct_ranges
table 1 : explain SELECT DISTINCT c FROM sbtest1 WHERE id BETWEEN 4861031 AND 4861130 ORDER BY c
	Unique  (cost=396.70..397.20 rows=100 width=121)
	  ->  Sort  (cost=396.70..396.95 rows=100 width=121)
	        Sort Key: c
	        ->  Index Scan using sbtest1_pkey on sbtest1  (cost=0.43..393.38 rows=100 width=121)
	              Index Cond: ((id >= 4861031) AND (id <= 4861130))

table 2 : explain SELECT DISTINCT c FROM sbtest2 WHERE id BETWEEN 633449 AND 633548 ORDER BY c
	Unique  (cost=375.83..376.31 rows=95 width=121)
	  ->  Sort  (cost=375.83..376.07 rows=95 width=121)
	        Sort Key: c
	        ->  Index Scan using sbtest2_pkey on sbtest2  (cost=0.43..372.71 rows=95 width=121)
	              Index Cond: ((id >= 633449) AND (id <= 633548))

table 3 : explain SELECT DISTINCT c FROM sbtest3 WHERE id BETWEEN 6430898 AND 6430997 ORDER BY c
	Unique  (cost=431.02..431.57 rows=110 width=121)
	  ->  Sort  (cost=431.02..431.29 rows=110 width=121)
	        Sort Key: c
	        ->  Index Scan using sbtest3_pkey on sbtest3  (cost=0.43..427.29 rows=110 width=121)
	              Index Cond: ((id >= 6430898) AND (id <= 6430997))

table 4 : explain SELECT DISTINCT c FROM sbtest4 WHERE id BETWEEN 8338684 AND 8338783 ORDER BY c
	Unique  (cost=383.59..384.07 rows=97 width=121)
	  ->  Sort  (cost=383.59..383.83 rows=97 width=121)
	        Sort Key: c
	        ->  Index Scan using sbtest4_pkey on sbtest4  (cost=0.43..380.38 rows=97 width=121)
	              Index Cond: ((id >= 8338684) AND (id <= 8338783))

table 5 : explain SELECT DISTINCT c FROM sbtest5 WHERE id BETWEEN 7065095 AND 7065194 ORDER BY c
	Unique  (cost=380.77..381.25 rows=96 width=121)
	  ->  Sort  (cost=380.77..381.01 rows=96 width=121)
	        Sort Key: c
	        ->  Index Scan using sbtest5_pkey on sbtest5  (cost=0.43..377.61 rows=96 width=121)
	              Index Cond: ((id >= 7065095) AND (id <= 7065194))

table 6 : explain SELECT DISTINCT c FROM sbtest6 WHERE id BETWEEN 1107756 AND 1107855 ORDER BY c
	Unique  (cost=405.32..405.83 rows=103 width=121)
	  ->  Sort  (cost=405.32..405.58 rows=103 width=121)
	        Sort Key: c
	        ->  Index Scan using sbtest6_pkey on sbtest6  (cost=0.43..401.87 rows=103 width=121)
	              Index Cond: ((id >= 1107756) AND (id <= 1107855))

table 7 : explain SELECT DISTINCT c FROM sbtest7 WHERE id BETWEEN 4336387 AND 4336486 ORDER BY c
	Unique  (cost=376.23..376.70 rows=95 width=121)
	  ->  Sort  (cost=376.23..376.47 rows=95 width=121)
	        Sort Key: c
	        ->  Index Scan using sbtest7_pkey on sbtest7  (cost=0.43..373.11 rows=95 width=121)
	              Index Cond: ((id >= 4336387) AND (id <= 4336486))

table 8 : explain SELECT DISTINCT c FROM sbtest8 WHERE id BETWEEN 4665189 AND 4665288 ORDER BY c
	Unique  (cost=395.68..396.18 rows=100 width=121)
	  ->  Sort  (cost=395.68..395.93 rows=100 width=121)
	        Sort Key: c
	        ->  Index Scan using sbtest8_pkey on sbtest8  (cost=0.43..392.36 rows=100 width=121)
	              Index Cond: ((id >= 4665189) AND (id <= 4665288))

for point_selects
table 1 : explain SELECT c FROM sbtest1 WHERE id=2368393
	Index Scan using sbtest1_pkey on sbtest1  (cost=0.43..8.45 rows=1 width=121)
	  Index Cond: (id = 2368393)

table 2 : explain SELECT c FROM sbtest2 WHERE id=2021050
	Index Scan using sbtest2_pkey on sbtest2  (cost=0.43..8.45 rows=1 width=121)
	  Index Cond: (id = 2021050)

table 3 : explain SELECT c FROM sbtest3 WHERE id=1801220
	Index Scan using sbtest3_pkey on sbtest3  (cost=0.43..8.45 rows=1 width=121)
	  Index Cond: (id = 1801220)

table 4 : explain SELECT c FROM sbtest4 WHERE id=5087582
	Index Scan using sbtest4_pkey on sbtest4  (cost=0.43..8.45 rows=1 width=121)
	  Index Cond: (id = 5087582)

table 5 : explain SELECT c FROM sbtest5 WHERE id=5616420
	Index Scan using sbtest5_pkey on sbtest5  (cost=0.43..8.45 rows=1 width=121)
	  Index Cond: (id = 5616420)

table 6 : explain SELECT c FROM sbtest6 WHERE id=6255997
	Index Scan using sbtest6_pkey on sbtest6  (cost=0.43..8.45 rows=1 width=121)
	  Index Cond: (id = 6255997)

table 7 : explain SELECT c FROM sbtest7 WHERE id=8658807
	Index Scan using sbtest7_pkey on sbtest7  (cost=0.43..8.45 rows=1 width=121)
	  Index Cond: (id = 8658807)

table 8 : explain SELECT c FROM sbtest8 WHERE id=4490083
	Index Scan using sbtest8_pkey on sbtest8  (cost=0.43..8.45 rows=1 width=121)
	  Index Cond: (id = 4490083)

for: sum_ranges
table 1 : explain SELECT SUM(k) FROM sbtest1 WHERE id BETWEEN 957232 AND 957331
	Aggregate  (cost=378.07..378.08 rows=1 width=8)
	  ->  Index Scan using sbtest1_pkey on sbtest1  (cost=0.43..377.83 rows=96 width=4)
	        Index Cond: ((id >= 957232) AND (id <= 957331))

table 2 : explain SELECT SUM(k) FROM sbtest2 WHERE id BETWEEN 1157034 AND 1157133
	Aggregate  (cost=407.87..407.88 rows=1 width=8)
	  ->  Index Scan using sbtest2_pkey on sbtest2  (cost=0.43..407.61 rows=104 width=4)
	        Index Cond: ((id >= 1157034) AND (id <= 1157133))

table 3 : explain SELECT SUM(k) FROM sbtest3 WHERE id BETWEEN 7881469 AND 7881568
	Aggregate  (cost=400.66..400.67 rows=1 width=8)
	  ->  Index Scan using sbtest3_pkey on sbtest3  (cost=0.43..400.40 rows=103 width=4)
	        Index Cond: ((id >= 7881469) AND (id <= 7881568))

table 4 : explain SELECT SUM(k) FROM sbtest4 WHERE id BETWEEN 7337303 AND 7337402
	Aggregate  (cost=384.50..384.51 rows=1 width=8)
	  ->  Index Scan using sbtest4_pkey on sbtest4  (cost=0.43..384.26 rows=98 width=4)
	        Index Cond: ((id >= 7337303) AND (id <= 7337402))

table 5 : explain SELECT SUM(k) FROM sbtest5 WHERE id BETWEEN 2874987 AND 2875086
	Aggregate  (cost=408.99..409.00 rows=1 width=8)
	  ->  Index Scan using sbtest5_pkey on sbtest5  (cost=0.43..408.73 rows=104 width=4)
	        Index Cond: ((id >= 2874987) AND (id <= 2875086))

table 6 : explain SELECT SUM(k) FROM sbtest6 WHERE id BETWEEN 6669642 AND 6669741
	Aggregate  (cost=344.22..344.23 rows=1 width=8)
	  ->  Index Scan using sbtest6_pkey on sbtest6  (cost=0.43..344.00 rows=88 width=4)
	        Index Cond: ((id >= 6669642) AND (id <= 6669741))

table 7 : explain SELECT SUM(k) FROM sbtest7 WHERE id BETWEEN 4040573 AND 4040672
	Aggregate  (cost=388.87..388.88 rows=1 width=8)
	  ->  Index Scan using sbtest7_pkey on sbtest7  (cost=0.43..388.62 rows=99 width=4)
	        Index Cond: ((id >= 4040573) AND (id <= 4040672))

table 8 : explain SELECT SUM(k) FROM sbtest8 WHERE id BETWEEN 8359199 AND 8359298
	Aggregate  (cost=412.01..412.02 rows=1 width=8)
	  ->  Index Scan using sbtest8_pkey on sbtest8  (cost=0.43..411.75 rows=105 width=4)
	        Index Cond: ((id >= 8359199) AND (id <= 8359298))

for point_selects
table 1 : explain SELECT c FROM sbtest1 WHERE id=506622
	Index Scan using sbtest1_pkey on sbtest1  (cost=0.43..8.45 rows=1 width=121)
	  Index Cond: (id = 506622)

table 2 : explain SELECT c FROM sbtest2 WHERE id=6881048
	Index Scan using sbtest2_pkey on sbtest2  (cost=0.43..8.45 rows=1 width=121)
	  Index Cond: (id = 6881048)

table 3 : explain SELECT c FROM sbtest3 WHERE id=9304167
	Index Scan using sbtest3_pkey on sbtest3  (cost=0.43..8.45 rows=1 width=121)
	  Index Cond: (id = 9304167)

table 4 : explain SELECT c FROM sbtest4 WHERE id=9738088
	Index Scan using sbtest4_pkey on sbtest4  (cost=0.43..8.45 rows=1 width=121)
	  Index Cond: (id = 9738088)

table 5 : explain SELECT c FROM sbtest5 WHERE id=5134153
	Index Scan using sbtest5_pkey on sbtest5  (cost=0.43..8.45 rows=1 width=121)
	  Index Cond: (id = 5134153)

table 6 : explain SELECT c FROM sbtest6 WHERE id=7299120
	Index Scan using sbtest6_pkey on sbtest6  (cost=0.43..8.45 rows=1 width=121)
	  Index Cond: (id = 7299120)

table 7 : explain SELECT c FROM sbtest7 WHERE id=7016713
	Index Scan using sbtest7_pkey on sbtest7  (cost=0.43..8.45 rows=1 width=121)
	  Index Cond: (id = 7016713)

table 8 : explain SELECT c FROM sbtest8 WHERE id=6369141
	Index Scan using sbtest8_pkey on sbtest8  (cost=0.43..8.45 rows=1 width=121)
	  Index Cond: (id = 6369141)

for: sum_ranges
table 1 : explain SELECT SUM(k) FROM sbtest1 WHERE id BETWEEN 6891370 AND 6891469
	Aggregate  (cost=417.00..417.01 rows=1 width=8)
	  ->  Index Scan using sbtest1_pkey on sbtest1  (cost=0.43..416.74 rows=106 width=4)
	        Index Cond: ((id >= 6891370) AND (id <= 6891469))

table 2 : explain SELECT SUM(k) FROM sbtest2 WHERE id BETWEEN 7075692 AND 7075791
	Aggregate  (cost=400.12..400.13 rows=1 width=8)
	  ->  Index Scan using sbtest2_pkey on sbtest2  (cost=0.43..399.87 rows=102 width=4)
	        Index Cond: ((id >= 7075692) AND (id <= 7075791))

table 3 : explain SELECT SUM(k) FROM sbtest3 WHERE id BETWEEN 6179062 AND 6179161
	Aggregate  (cost=427.56..427.57 rows=1 width=8)
	  ->  Index Scan using sbtest3_pkey on sbtest3  (cost=0.43..427.29 rows=110 width=4)
	        Index Cond: ((id >= 6179062) AND (id <= 6179161))

table 4 : explain SELECT SUM(k) FROM sbtest4 WHERE id BETWEEN 4370115 AND 4370214
	Aggregate  (cost=403.92..403.93 rows=1 width=8)
	  ->  Index Scan using sbtest4_pkey on sbtest4  (cost=0.43..403.66 rows=103 width=4)
	        Index Cond: ((id >= 4370115) AND (id <= 4370214))

table 5 : explain SELECT SUM(k) FROM sbtest5 WHERE id BETWEEN 8082962 AND 8083061
	Aggregate  (cost=373.96..373.97 rows=1 width=8)
	  ->  Index Scan using sbtest5_pkey on sbtest5  (cost=0.43..373.73 rows=95 width=4)
	        Index Cond: ((id >= 8082962) AND (id <= 8083061))

table 6 : explain SELECT SUM(k) FROM sbtest6 WHERE id BETWEEN 7022987 AND 7023086
	Aggregate  (cost=382.80..382.81 rows=1 width=8)
	  ->  Index Scan using sbtest6_pkey on sbtest6  (cost=0.43..382.55 rows=98 width=4)
	        Index Cond: ((id >= 7022987) AND (id <= 7023086))

table 7 : explain SELECT SUM(k) FROM sbtest7 WHERE id BETWEEN 8635310 AND 8635409
	Aggregate  (cost=431.60..431.61 rows=1 width=8)
	  ->  Index Scan using sbtest7_pkey on sbtest7  (cost=0.43..431.32 rows=110 width=4)
	        Index Cond: ((id >= 8635310) AND (id <= 8635409))

table 8 : explain SELECT SUM(k) FROM sbtest8 WHERE id BETWEEN 1683777 AND 1683876
	Aggregate  (cost=423.65..423.66 rows=1 width=8)
	  ->  Index Scan using sbtest8_pkey on sbtest8  (cost=0.43..423.38 rows=108 width=4)
	        Index Cond: ((id >= 1683777) AND (id <= 1683876))

for: sum_ranges
table 1 : explain SELECT SUM(k) FROM sbtest1 WHERE id BETWEEN 9760578 AND 9760677
	Aggregate  (cost=378.07..378.08 rows=1 width=8)
	  ->  Index Scan using sbtest1_pkey on sbtest1  (cost=0.43..377.83 rows=96 width=4)
	        Index Cond: ((id >= 9760578) AND (id <= 9760677))

table 2 : explain SELECT SUM(k) FROM sbtest2 WHERE id BETWEEN 7275005 AND 7275104
	Aggregate  (cost=400.12..400.13 rows=1 width=8)
	  ->  Index Scan using sbtest2_pkey on sbtest2  (cost=0.43..399.87 rows=102 width=4)
	        Index Cond: ((id >= 7275005) AND (id <= 7275104))

table 3 : explain SELECT SUM(k) FROM sbtest3 WHERE id BETWEEN 2847312 AND 2847411
	Aggregate  (cost=396.81..396.82 rows=1 width=8)
	  ->  Index Scan using sbtest3_pkey on sbtest3  (cost=0.43..396.56 rows=102 width=4)
	        Index Cond: ((id >= 2847312) AND (id <= 2847411))

table 4 : explain SELECT SUM(k) FROM sbtest4 WHERE id BETWEEN 6770242 AND 6770341
	Aggregate  (cost=357.37..357.38 rows=1 width=8)
	  ->  Index Scan using sbtest4_pkey on sbtest4  (cost=0.43..357.14 rows=91 width=4)
	        Index Cond: ((id >= 6770242) AND (id <= 6770341))

table 5 : explain SELECT SUM(k) FROM sbtest5 WHERE id BETWEEN 6997630 AND 6997729
	Aggregate  (cost=389.51..389.52 rows=1 width=8)
	  ->  Index Scan using sbtest5_pkey on sbtest5  (cost=0.43..389.27 rows=99 width=4)
	        Index Cond: ((id >= 6997630) AND (id <= 6997729))

table 6 : explain SELECT SUM(k) FROM sbtest6 WHERE id BETWEEN 7949772 AND 7949871
	Aggregate  (cost=363.51..363.52 rows=1 width=8)
	  ->  Index Scan using sbtest6_pkey on sbtest6  (cost=0.43..363.27 rows=93 width=4)
	        Index Cond: ((id >= 7949772) AND (id <= 7949871))

table 7 : explain SELECT SUM(k) FROM sbtest7 WHERE id BETWEEN 2678545 AND 2678644
	Aggregate  (cost=408.31..408.32 rows=1 width=8)
	  ->  Index Scan using sbtest7_pkey on sbtest7  (cost=0.43..408.05 rows=104 width=4)
	        Index Cond: ((id >= 2678545) AND (id <= 2678644))

table 8 : explain SELECT SUM(k) FROM sbtest8 WHERE id BETWEEN 2868058 AND 2868157
	Aggregate  (cost=431.40..431.41 rows=1 width=8)
	  ->  Index Scan using sbtest8_pkey on sbtest8  (cost=0.43..431.13 rows=110 width=4)
	        Index Cond: ((id >= 2868058) AND (id <= 2868157))

for non_index_updates
table 1 : explain UPDATE sbtest1 SET c='foobar' WHERE id=3291396
	Update on sbtest1  (cost=0.43..8.45 rows=0 width=0)
	  ->  Index Scan using sbtest1_pkey on sbtest1  (cost=0.43..8.45 rows=1 width=490)
	        Index Cond: (id = 3291396)

table 2 : explain UPDATE sbtest2 SET c='foobar' WHERE id=9397504
	Update on sbtest2  (cost=0.43..8.45 rows=0 width=0)
	  ->  Index Scan using sbtest2_pkey on sbtest2  (cost=0.43..8.45 rows=1 width=490)
	        Index Cond: (id = 9397504)

table 3 : explain UPDATE sbtest3 SET c='foobar' WHERE id=7613015
	Update on sbtest3  (cost=0.43..8.45 rows=0 width=0)
	  ->  Index Scan using sbtest3_pkey on sbtest3  (cost=0.43..8.45 rows=1 width=490)
	        Index Cond: (id = 7613015)

table 4 : explain UPDATE sbtest4 SET c='foobar' WHERE id=9219055
	Update on sbtest4  (cost=0.43..8.45 rows=0 width=0)
	  ->  Index Scan using sbtest4_pkey on sbtest4  (cost=0.43..8.45 rows=1 width=490)
	        Index Cond: (id = 9219055)

table 5 : explain UPDATE sbtest5 SET c='foobar' WHERE id=161996
	Update on sbtest5  (cost=0.43..8.45 rows=0 width=0)
	  ->  Index Scan using sbtest5_pkey on sbtest5  (cost=0.43..8.45 rows=1 width=490)
	        Index Cond: (id = 161996)

table 6 : explain UPDATE sbtest6 SET c='foobar' WHERE id=2167909
	Update on sbtest6  (cost=0.43..8.45 rows=0 width=0)
	  ->  Index Scan using sbtest6_pkey on sbtest6  (cost=0.43..8.45 rows=1 width=490)
	        Index Cond: (id = 2167909)

table 7 : explain UPDATE sbtest7 SET c='foobar' WHERE id=9740315
	Update on sbtest7  (cost=0.43..8.45 rows=0 width=0)
	  ->  Index Scan using sbtest7_pkey on sbtest7  (cost=0.43..8.45 rows=1 width=490)
	        Index Cond: (id = 9740315)

table 8 : explain UPDATE sbtest8 SET c='foobar' WHERE id=3392571
	Update on sbtest8  (cost=0.43..8.45 rows=0 width=0)
	  ->  Index Scan using sbtest8_pkey on sbtest8  (cost=0.43..8.45 rows=1 width=490)
	        Index Cond: (id = 3392571)

explain: for point_selects :: explain SELECT c FROM sbtest%u WHERE id=%u
explain: for index_updates :: explain UPDATE sbtest%u SET k=k+1 WHERE id=%u
for point_selects
table 1 : explain SELECT c FROM sbtest1 WHERE id=7938184
	Index Scan using sbtest1_pkey on sbtest1  (cost=0.43..8.45 rows=1 width=121)
	  Index Cond: (id = 7938184)

table 2 : explain SELECT c FROM sbtest2 WHERE id=5392748
	Index Scan using sbtest2_pkey on sbtest2  (cost=0.43..8.45 rows=1 width=121)
	  Index Cond: (id = 5392748)

table 3 : explain SELECT c FROM sbtest3 WHERE id=4544916
	Index Scan using sbtest3_pkey on sbtest3  (cost=0.43..8.45 rows=1 width=121)
	  Index Cond: (id = 4544916)

table 4 : explain SELECT c FROM sbtest4 WHERE id=9252855
	Index Scan using sbtest4_pkey on sbtest4  (cost=0.43..8.45 rows=1 width=121)
	  Index Cond: (id = 9252855)

table 5 : explain SELECT c FROM sbtest5 WHERE id=3849347
	Index Scan using sbtest5_pkey on sbtest5  (cost=0.43..8.45 rows=1 width=121)
	  Index Cond: (id = 3849347)

table 6 : explain SELECT c FROM sbtest6 WHERE id=4701945
	Index Scan using sbtest6_pkey on sbtest6  (cost=0.43..8.45 rows=1 width=121)
	  Index Cond: (id = 4701945)

table 7 : explain SELECT c FROM sbtest7 WHERE id=8064931
	Index Scan using sbtest7_pkey on sbtest7  (cost=0.43..8.45 rows=1 width=121)
	  Index Cond: (id = 8064931)

table 8 : explain SELECT c FROM sbtest8 WHERE id=5654814
	Index Scan using sbtest8_pkey on sbtest8  (cost=0.43..8.45 rows=1 width=121)
	  Index Cond: (id = 5654814)

for: simple_ranges
table 1 : explain SELECT c FROM sbtest1 WHERE id BETWEEN 5681251 AND 5681350
	Index Scan using sbtest1_pkey on sbtest1  (cost=0.43..397.30 rows=101 width=121)
	  Index Cond: ((id >= 5681251) AND (id <= 5681350))

table 2 : explain SELECT c FROM sbtest2 WHERE id BETWEEN 3477989 AND 3478088
	Index Scan using sbtest2_pkey on sbtest2  (cost=0.43..407.61 rows=104 width=121)
	  Index Cond: ((id >= 3477989) AND (id <= 3478088))

table 3 : explain SELECT c FROM sbtest3 WHERE id BETWEEN 4746995 AND 4747094
	Index Scan using sbtest3_pkey on sbtest3  (cost=0.43..427.29 rows=110 width=121)
	  Index Cond: ((id >= 4746995) AND (id <= 4747094))

table 4 : explain SELECT c FROM sbtest4 WHERE id BETWEEN 6137884 AND 6137983
	Index Scan using sbtest4_pkey on sbtest4  (cost=0.43..407.54 rows=104 width=121)
	  Index Cond: ((id >= 6137884) AND (id <= 6137983))

table 5 : explain SELECT c FROM sbtest5 WHERE id BETWEEN 5729054 AND 5729153
	Index Scan using sbtest5_pkey on sbtest5  (cost=0.43..358.19 rows=91 width=121)
	  Index Cond: ((id >= 5729054) AND (id <= 5729153))

table 6 : explain SELECT c FROM sbtest6 WHERE id BETWEEN 4081050 AND 4081149
	Index Scan using sbtest6_pkey on sbtest6  (cost=0.43..421.15 rows=108 width=121)
	  Index Cond: ((id >= 4081050) AND (id <= 4081149))

table 7 : explain SELECT c FROM sbtest7 WHERE id BETWEEN 4439344 AND 4439443
	Index Scan using sbtest7_pkey on sbtest7  (cost=0.43..415.81 rows=106 width=121)
	  Index Cond: ((id >= 4439344) AND (id <= 4439443))

table 8 : explain SELECT c FROM sbtest8 WHERE id BETWEEN 8326502 AND 8326601
	Index Scan using sbtest8_pkey on sbtest8  (cost=0.43..411.75 rows=105 width=121)
	  Index Cond: ((id >= 8326502) AND (id <= 8326601))

explain: for deletes :: explain DELETE FROM sbtest%u WHERE id=%u
for: simple_ranges
table 1 : explain SELECT c FROM sbtest1 WHERE id BETWEEN 1999203 AND 1999302
	Index Scan using sbtest1_pkey on sbtest1  (cost=0.43..424.51 rows=108 width=121)
	  Index Cond: ((id >= 1999203) AND (id <= 1999302))

table 2 : explain SELECT c FROM sbtest2 WHERE id BETWEEN 3985051 AND 3985150
	Index Scan using sbtest2_pkey on sbtest2  (cost=0.43..341.72 rows=87 width=121)
	  Index Cond: ((id >= 3985051) AND (id <= 3985150))

table 3 : explain SELECT c FROM sbtest3 WHERE id BETWEEN 7617566 AND 7617665
	Index Scan using sbtest3_pkey on sbtest3  (cost=0.43..384.99 rows=99 width=121)
	  Index Cond: ((id >= 7617566) AND (id <= 7617665))

table 4 : explain SELECT c FROM sbtest4 WHERE id BETWEEN 4271009 AND 4271108
	Index Scan using sbtest4_pkey on sbtest4  (cost=0.43..368.76 rows=94 width=121)
	  Index Cond: ((id >= 4271009) AND (id <= 4271108))

table 5 : explain SELECT c FROM sbtest5 WHERE id BETWEEN 8649733 AND 8649832
	Index Scan using sbtest5_pkey on sbtest5  (cost=0.43..397.07 rows=101 width=121)
	  Index Cond: ((id >= 8649733) AND (id <= 8649832))

table 6 : explain SELECT c FROM sbtest6 WHERE id BETWEEN 7340192 AND 7340291
	Index Scan using sbtest6_pkey on sbtest6  (cost=0.43..370.99 rows=95 width=121)
	  Index Cond: ((id >= 7340192) AND (id <= 7340291))

table 7 : explain SELECT c FROM sbtest7 WHERE id BETWEEN 2536884 AND 2536983
	Index Scan using sbtest7_pkey on sbtest7  (cost=0.43..373.11 rows=95 width=121)
	  Index Cond: ((id >= 2536884) AND (id <= 2536983))

table 8 : explain SELECT c FROM sbtest8 WHERE id BETWEEN 3834380 AND 3834479
	Index Scan using sbtest8_pkey on sbtest8  (cost=0.43..361.31 rows=92 width=121)
	  Index Cond: ((id >= 3834380) AND (id <= 3834479))

for: sum_ranges
table 1 : explain SELECT SUM(k) FROM sbtest1 WHERE id BETWEEN 1895015 AND 1895114
	Aggregate  (cost=362.51..362.52 rows=1 width=8)
	  ->  Index Scan using sbtest1_pkey on sbtest1  (cost=0.43..362.28 rows=92 width=4)
	        Index Cond: ((id >= 1895015) AND (id <= 1895114))

table 2 : explain SELECT SUM(k) FROM sbtest2 WHERE id BETWEEN 5045672 AND 5045771
	Aggregate  (cost=392.33..392.34 rows=1 width=8)
	  ->  Index Scan using sbtest2_pkey on sbtest2  (cost=0.43..392.08 rows=100 width=4)
	        Index Cond: ((id >= 5045672) AND (id <= 5045771))

table 3 : explain SELECT SUM(k) FROM sbtest3 WHERE id BETWEEN 7179744 AND 7179843
	Aggregate  (cost=442.94..442.95 rows=1 width=8)
	  ->  Index Scan using sbtest3_pkey on sbtest3  (cost=0.43..442.66 rows=114 width=4)
	        Index Cond: ((id >= 7179744) AND (id <= 7179843))

table 4 : explain SELECT SUM(k) FROM sbtest4 WHERE id BETWEEN 5537173 AND 5537272
	Aggregate  (cost=384.50..384.51 rows=1 width=8)
	  ->  Index Scan using sbtest4_pkey on sbtest4  (cost=0.43..384.26 rows=98 width=4)
	        Index Cond: ((id >= 5537173) AND (id <= 5537272))

table 5 : explain SELECT SUM(k) FROM sbtest5 WHERE id BETWEEN 5385900 AND 5385999
	Aggregate  (cost=397.32..397.33 rows=1 width=8)
	  ->  Index Scan using sbtest5_pkey on sbtest5  (cost=0.43..397.07 rows=101 width=4)
	        Index Cond: ((id >= 5385900) AND (id <= 5385999))

table 6 : explain SELECT SUM(k) FROM sbtest6 WHERE id BETWEEN 2198200 AND 2198299
	Aggregate  (cost=394.42..394.43 rows=1 width=8)
	  ->  Index Scan using sbtest6_pkey on sbtest6  (cost=0.43..394.16 rows=101 width=4)
	        Index Cond: ((id >= 2198200) AND (id <= 2198299))

table 7 : explain SELECT SUM(k) FROM sbtest7 WHERE id BETWEEN 1316148 AND 1316247
	Aggregate  (cost=392.79..392.80 rows=1 width=8)
	  ->  Index Scan using sbtest7_pkey on sbtest7  (cost=0.43..392.54 rows=100 width=4)
	        Index Cond: ((id >= 1316148) AND (id <= 1316247))

table 8 : explain SELECT SUM(k) FROM sbtest8 WHERE id BETWEEN 455786 AND 455885
	Aggregate  (cost=369.30..369.31 rows=1 width=8)
	  ->  Index Scan using sbtest8_pkey on sbtest8  (cost=0.43..369.07 rows=94 width=4)
	        Index Cond: ((id >= 455786) AND (id <= 455885))

explain: for point_selects :: explain SELECT c FROM sbtest%u WHERE id=%u
for: distinct_ranges
table 1 : explain SELECT DISTINCT c FROM sbtest1 WHERE id BETWEEN 7698495 AND 7698594 ORDER BY c
	Unique  (cost=400.66..401.17 rows=101 width=121)
	  ->  Sort  (cost=400.66..400.91 rows=101 width=121)
	        Sort Key: c
	        ->  Index Scan using sbtest1_pkey on sbtest1  (cost=0.43..397.30 rows=101 width=121)
	              Index Cond: ((id >= 7698495) AND (id <= 7698594))

table 2 : explain SELECT DISTINCT c FROM sbtest2 WHERE id BETWEEN 935309 AND 935408 ORDER BY c
	Unique  (cost=371.92..372.39 rows=94 width=121)
	  ->  Sort  (cost=371.92..372.15 rows=94 width=121)
	        Sort Key: c
	        ->  Index Scan using sbtest2_pkey on sbtest2  (cost=0.43..368.84 rows=94 width=121)
	              Index Cond: ((id >= 935309) AND (id <= 935408))

table 3 : explain SELECT DISTINCT c FROM sbtest3 WHERE id BETWEEN 5222654 AND 5222753 ORDER BY c
	Unique  (cost=376.63..377.11 rows=96 width=121)
	  ->  Sort  (cost=376.63..376.87 rows=96 width=121)
	        Sort Key: c
	        ->  Index Scan using sbtest3_pkey on sbtest3  (cost=0.43..373.47 rows=96 width=121)
	              Index Cond: ((id >= 5222654) AND (id <= 5222753))

table 4 : explain SELECT DISTINCT c FROM sbtest4 WHERE id BETWEEN 5850303 AND 5850402 ORDER BY c
	Unique  (cost=403.19..403.70 rows=102 width=121)
	  ->  Sort  (cost=403.19..403.45 rows=102 width=121)
	        Sort Key: c
	        ->  Index Scan using sbtest4_pkey on sbtest4  (cost=0.43..399.79 rows=102 width=121)
	              Index Cond: ((id >= 5850303) AND (id <= 5850402))

table 5 : explain SELECT DISTINCT c FROM sbtest5 WHERE id BETWEEN 7527670 AND 7527769 ORDER BY c
	Unique  (cost=380.77..381.25 rows=96 width=121)
	  ->  Sort  (cost=380.77..381.01 rows=96 width=121)
	        Sort Key: c
	        ->  Index Scan using sbtest5_pkey on sbtest5  (cost=0.43..377.61 rows=96 width=121)
	              Index Cond: ((id >= 7527670) AND (id <= 7527769))

table 6 : explain SELECT DISTINCT c FROM sbtest6 WHERE id BETWEEN 8131309 AND 8131408 ORDER BY c
	Unique  (cost=381.90..382.38 rows=97 width=121)
	  ->  Sort  (cost=381.90..382.14 rows=97 width=121)
	        Sort Key: c
	        ->  Index Scan using sbtest6_pkey on sbtest6  (cost=0.43..378.70 rows=97 width=121)
	              Index Cond: ((id >= 8131309) AND (id <= 8131408))

table 7 : explain SELECT DISTINCT c FROM sbtest7 WHERE id BETWEEN 4088242 AND 4088341 ORDER BY c
	Unique  (cost=419.37..419.90 rows=106 width=121)
	  ->  Sort  (cost=419.37..419.64 rows=106 width=121)
	        Sort Key: c
	        ->  Index Scan using sbtest7_pkey on sbtest7  (cost=0.43..415.81 rows=106 width=121)
	              Index Cond: ((id >= 4088242) AND (id <= 4088341))

table 8 : explain SELECT DISTINCT c FROM sbtest8 WHERE id BETWEEN 5750204 AND 5750303 ORDER BY c
	Unique  (cost=383.90..384.38 rows=97 width=121)
	  ->  Sort  (cost=383.90..384.14 rows=97 width=121)
	        Sort Key: c
	        ->  Index Scan using sbtest8_pkey on sbtest8  (cost=0.43..380.70 rows=97 width=121)
	              Index Cond: ((id >= 5750204) AND (id <= 5750303))

for: sum_ranges
table 1 : explain SELECT SUM(k) FROM sbtest1 WHERE id BETWEEN 9828685 AND 9828784
	Aggregate  (cost=381.96..381.97 rows=1 width=8)
	  ->  Index Scan using sbtest1_pkey on sbtest1  (cost=0.43..381.72 rows=97 width=4)
	        Index Cond: ((id >= 9828685) AND (id <= 9828784))

table 2 : explain SELECT SUM(k) FROM sbtest2 WHERE id BETWEEN 1196945 AND 1197044
	Aggregate  (cost=407.87..407.88 rows=1 width=8)
	  ->  Index Scan using sbtest2_pkey on sbtest2  (cost=0.43..407.61 rows=104 width=4)
	        Index Cond: ((id >= 1196945) AND (id <= 1197044))

table 3 : explain SELECT SUM(k) FROM sbtest3 WHERE id BETWEEN 7155227 AND 7155326
	Aggregate  (cost=442.94..442.95 rows=1 width=8)
	  ->  Index Scan using sbtest3_pkey on sbtest3  (cost=0.43..442.66 rows=114 width=4)
	        Index Cond: ((id >= 7155227) AND (id <= 7155326))

table 4 : explain SELECT SUM(k) FROM sbtest4 WHERE id BETWEEN 4825559 AND 4825658
	Aggregate  (cost=403.92..403.93 rows=1 width=8)
	  ->  Index Scan using sbtest4_pkey on sbtest4  (cost=0.43..403.66 rows=103 width=4)
	        Index Cond: ((id >= 4825559) AND (id <= 4825658))

table 5 : explain SELECT SUM(k) FROM sbtest5 WHERE id BETWEEN 422522 AND 422621
	Aggregate  (cost=373.96..373.97 rows=1 width=8)
	  ->  Index Scan using sbtest5_pkey on sbtest5  (cost=0.43..373.73 rows=95 width=4)
	        Index Cond: ((id >= 422522) AND (id <= 422621))

table 6 : explain SELECT SUM(k) FROM sbtest6 WHERE id BETWEEN 3094156 AND 3094255
	Aggregate  (cost=382.80..382.81 rows=1 width=8)
	  ->  Index Scan using sbtest6_pkey on sbtest6  (cost=0.43..382.55 rows=98 width=4)
	        Index Cond: ((id >= 3094156) AND (id <= 3094255))

table 7 : explain SELECT SUM(k) FROM sbtest7 WHERE id BETWEEN 6249591 AND 6249690
	Aggregate  (cost=388.87..388.88 rows=1 width=8)
	  ->  Index Scan using sbtest7_pkey on sbtest7  (cost=0.43..388.62 rows=99 width=4)
	        Index Cond: ((id >= 6249591) AND (id <= 6249690))

table 8 : explain SELECT SUM(k) FROM sbtest8 WHERE id BETWEEN 4773192 AND 4773291
	Aggregate  (cost=338.27..338.28 rows=1 width=8)
	  ->  Index Scan using sbtest8_pkey on sbtest8  (cost=0.43..338.05 rows=86 width=4)
	        Index Cond: ((id >= 4773192) AND (id <= 4773291))

for: simple_ranges
table 1 : explain SELECT c FROM sbtest1 WHERE id BETWEEN 2914045 AND 2914144
	Index Scan using sbtest1_pkey on sbtest1  (cost=0.43..432.29 rows=110 width=121)
	  Index Cond: ((id >= 2914045) AND (id <= 2914144))

table 2 : explain SELECT c FROM sbtest2 WHERE id BETWEEN 8168564 AND 8168663
	Index Scan using sbtest2_pkey on sbtest2  (cost=0.43..372.71 rows=95 width=121)
	  Index Cond: ((id >= 8168564) AND (id <= 8168663))

table 3 : explain SELECT c FROM sbtest3 WHERE id BETWEEN 5655778 AND 5655877
	Index Scan using sbtest3_pkey on sbtest3  (cost=0.43..384.99 rows=99 width=121)
	  Index Cond: ((id >= 5655778) AND (id <= 5655877))

table 4 : explain SELECT c FROM sbtest4 WHERE id BETWEEN 5414732 AND 5414831
	Index Scan using sbtest4_pkey on sbtest4  (cost=0.43..384.26 rows=98 width=121)
	  Index Cond: ((id >= 5414732) AND (id <= 5414831))

table 5 : explain SELECT c FROM sbtest5 WHERE id BETWEEN 1818853 AND 1818952
	Index Scan using sbtest5_pkey on sbtest5  (cost=0.43..369.84 rows=94 width=121)
	  Index Cond: ((id >= 1818853) AND (id <= 1818952))

table 6 : explain SELECT c FROM sbtest6 WHERE id BETWEEN 1516694 AND 1516793
	Index Scan using sbtest6_pkey on sbtest6  (cost=0.43..363.27 rows=93 width=121)
	  Index Cond: ((id >= 1516694) AND (id <= 1516793))

table 7 : explain SELECT c FROM sbtest7 WHERE id BETWEEN 318375 AND 318474
	Index Scan using sbtest7_pkey on sbtest7  (cost=0.43..411.93 rows=105 width=121)
	  Index Cond: ((id >= 318375) AND (id <= 318474))

table 8 : explain SELECT c FROM sbtest8 WHERE id BETWEEN 646866 AND 646965
	Index Scan using sbtest8_pkey on sbtest8  (cost=0.43..380.70 rows=97 width=121)
	  Index Cond: ((id >= 646866) AND (id <= 646965))

for: order_ranges
table 1 : explain SELECT c FROM sbtest1 WHERE id BETWEEN 3591635 AND 3591734 ORDER BY c
	Sort  (cost=404.59..404.84 rows=102 width=121)
	  Sort Key: c
	  ->  Index Scan using sbtest1_pkey on sbtest1  (cost=0.43..401.19 rows=102 width=121)
	        Index Cond: ((id >= 3591635) AND (id <= 3591734))

table 2 : explain SELECT c FROM sbtest2 WHERE id BETWEEN 9427467 AND 9427566 ORDER BY c
	Sort  (cost=356.26..356.48 rows=90 width=121)
	  Sort Key: c
	  ->  Index Scan using sbtest2_pkey on sbtest2  (cost=0.43..353.34 rows=90 width=121)
	        Index Cond: ((id >= 9427467) AND (id <= 9427566))

table 3 : explain SELECT c FROM sbtest3 WHERE id BETWEEN 7491625 AND 7491724 ORDER BY c
	Sort  (cost=396.08..396.33 rows=101 width=121)
	  Sort Key: c
	  ->  Index Scan using sbtest3_pkey on sbtest3  (cost=0.43..392.72 rows=101 width=121)
	        Index Cond: ((id >= 7491625) AND (id <= 7491724))

table 4 : explain SELECT c FROM sbtest4 WHERE id BETWEEN 230847 AND 230946 ORDER BY c
	Sort  (cost=371.84..372.08 rows=94 width=121)
	  Sort Key: c
	  ->  Index Scan using sbtest4_pkey on sbtest4  (cost=0.43..368.76 rows=94 width=121)
	        Index Cond: ((id >= 230847) AND (id <= 230946))

table 5 : explain SELECT c FROM sbtest5 WHERE id BETWEEN 3186829 AND 3186928 ORDER BY c
	Sort  (cost=412.21..412.47 rows=104 width=121)
	  Sort Key: c
	  ->  Index Scan using sbtest5_pkey on sbtest5  (cost=0.43..408.73 rows=104 width=121)
	        Index Cond: ((id >= 3186829) AND (id <= 3186928))

table 6 : explain SELECT c FROM sbtest6 WHERE id BETWEEN 9042953 AND 9043052 ORDER BY c
	Sort  (cost=413.11..413.37 rows=105 width=121)
	  Sort Key: c
	  ->  Index Scan using sbtest6_pkey on sbtest6  (cost=0.43..409.59 rows=105 width=121)
	        Index Cond: ((id >= 9042953) AND (id <= 9043052))

table 7 : explain SELECT c FROM sbtest7 WHERE id BETWEEN 4127172 AND 4127271 ORDER BY c
	Sort  (cost=419.37..419.64 rows=106 width=121)
	  Sort Key: c
	  ->  Index Scan using sbtest7_pkey on sbtest7  (cost=0.43..415.81 rows=106 width=121)
	        Index Cond: ((id >= 4127172) AND (id <= 4127271))

table 8 : explain SELECT c FROM sbtest8 WHERE id BETWEEN 4081606 AND 4081705 ORDER BY c
	Sort  (cost=423.11..423.37 rows=107 width=121)
	  Sort Key: c
	  ->  Index Scan using sbtest8_pkey on sbtest8  (cost=0.43..419.50 rows=107 width=121)
	        Index Cond: ((id >= 4081606) AND (id <= 4081705))

for index_updates
table 1 : explain UPDATE sbtest1 SET k=k+1 WHERE id=1157437
	Update on sbtest1  (cost=0.43..8.46 rows=0 width=0)
	  ->  Index Scan using sbtest1_pkey on sbtest1  (cost=0.43..8.46 rows=1 width=10)
	        Index Cond: (id = 1157437)

table 2 : explain UPDATE sbtest2 SET k=k+1 WHERE id=6835389
	Update on sbtest2  (cost=0.43..8.46 rows=0 width=0)
	  ->  Index Scan using sbtest2_pkey on sbtest2  (cost=0.43..8.46 rows=1 width=10)
	        Index Cond: (id = 6835389)

table 3 : explain UPDATE sbtest3 SET k=k+1 WHERE id=2553465
	Update on sbtest3  (cost=0.43..8.46 rows=0 width=0)
	  ->  Index Scan using sbtest3_pkey on sbtest3  (cost=0.43..8.46 rows=1 width=10)
	        Index Cond: (id = 2553465)

table 4 : explain UPDATE sbtest4 SET k=k+1 WHERE id=2588014
	Update on sbtest4  (cost=0.43..8.46 rows=0 width=0)
	  ->  Index Scan using sbtest4_pkey on sbtest4  (cost=0.43..8.46 rows=1 width=10)
	        Index Cond: (id = 2588014)

table 5 : explain UPDATE sbtest5 SET k=k+1 WHERE id=1777878
	Update on sbtest5  (cost=0.43..8.46 rows=0 width=0)
	  ->  Index Scan using sbtest5_pkey on sbtest5  (cost=0.43..8.46 rows=1 width=10)
	        Index Cond: (id = 1777878)

table 6 : explain UPDATE sbtest6 SET k=k+1 WHERE id=853398
	Update on sbtest6  (cost=0.43..8.46 rows=0 width=0)
	  ->  Index Scan using sbtest6_pkey on sbtest6  (cost=0.43..8.46 rows=1 width=10)
	        Index Cond: (id = 853398)

table 7 : explain UPDATE sbtest7 SET k=k+1 WHERE id=9345175
	Update on sbtest7  (cost=0.43..8.46 rows=0 width=0)
	  ->  Index Scan using sbtest7_pkey on sbtest7  (cost=0.43..8.46 rows=1 width=10)
	        Index Cond: (id = 9345175)

table 8 : explain UPDATE sbtest8 SET k=k+1 WHERE id=7235483
	Update on sbtest8  (cost=0.43..8.46 rows=0 width=0)
	  ->  Index Scan using sbtest8_pkey on sbtest8  (cost=0.43..8.46 rows=1 width=10)
	        Index Cond: (id = 7235483)

for: order_ranges
table 1 : explain SELECT c FROM sbtest1 WHERE id BETWEEN 1652590 AND 1652689 ORDER BY c
	Sort  (cost=400.66..400.91 rows=101 width=121)
	  Sort Key: c
	  ->  Index Scan using sbtest1_pkey on sbtest1  (cost=0.43..397.30 rows=101 width=121)
	        Index Cond: ((id >= 1652590) AND (id <= 1652689))

table 2 : explain SELECT c FROM sbtest2 WHERE id BETWEEN 5000248 AND 5000347 ORDER BY c
	Sort  (cost=395.40..395.65 rows=100 width=121)
	  Sort Key: c
	  ->  Index Scan using sbtest2_pkey on sbtest2  (cost=0.43..392.08 rows=100 width=121)
	        Index Cond: ((id >= 5000248) AND (id <= 5000347))

table 3 : explain SELECT c FROM sbtest3 WHERE id BETWEEN 8095556 AND 8095655 ORDER BY c
	Sort  (cost=388.27..388.52 rows=99 width=121)
	  Sort Key: c
	  ->  Index Scan using sbtest3_pkey on sbtest3  (cost=0.43..384.99 rows=99 width=121)
	        Index Cond: ((id >= 8095556) AND (id <= 8095655))

table 4 : explain SELECT c FROM sbtest4 WHERE id BETWEEN 1780296 AND 1780395 ORDER BY c
	Sort  (cost=403.19..403.45 rows=102 width=121)
	  Sort Key: c
	  ->  Index Scan using sbtest4_pkey on sbtest4  (cost=0.43..399.79 rows=102 width=121)
	        Index Cond: ((id >= 1780296) AND (id <= 1780395))

table 5 : explain SELECT c FROM sbtest5 WHERE id BETWEEN 9793364 AND 9793463 ORDER BY c
	Sort  (cost=396.51..396.76 rows=100 width=121)
	  Sort Key: c
	  ->  Index Scan using sbtest5_pkey on sbtest5  (cost=0.43..393.19 rows=100 width=121)
	        Index Cond: ((id >= 9793364) AND (id <= 9793463))

table 6 : explain SELECT c FROM sbtest6 WHERE id BETWEEN 1589005 AND 1589104 ORDER BY c
	Sort  (cost=358.52..358.75 rows=91 width=121)
	  Sort Key: c
	  ->  Index Scan using sbtest6_pkey on sbtest6  (cost=0.43..355.56 rows=91 width=121)
	        Index Cond: ((id >= 1589005) AND (id <= 1589104))

table 7 : explain SELECT c FROM sbtest7 WHERE id BETWEEN 4520253 AND 4520352 ORDER BY c
	Sort  (cost=399.78..400.03 rows=101 width=121)
	  Sort Key: c
	  ->  Index Scan using sbtest7_pkey on sbtest7  (cost=0.43..396.41 rows=101 width=121)
	        Index Cond: ((id >= 4520253) AND (id <= 4520352))

table 8 : explain SELECT c FROM sbtest8 WHERE id BETWEEN 2229352 AND 2229451 ORDER BY c
	Sort  (cost=379.98..380.22 rows=96 width=121)
	  Sort Key: c
	  ->  Index Scan using sbtest8_pkey on sbtest8  (cost=0.43..376.82 rows=96 width=121)
	        Index Cond: ((id >= 2229352) AND (id <= 2229451))

for deletes
table 1 : explain DELETE FROM sbtest1 WHERE id=5260817
	Delete on sbtest1  (cost=0.43..8.45 rows=0 width=0)
	  ->  Index Scan using sbtest1_pkey on sbtest1  (cost=0.43..8.45 rows=1 width=6)
	        Index Cond: (id = 5260817)

table 2 : explain DELETE FROM sbtest2 WHERE id=7399722
	Delete on sbtest2  (cost=0.43..8.45 rows=0 width=0)
	  ->  Index Scan using sbtest2_pkey on sbtest2  (cost=0.43..8.45 rows=1 width=6)
	        Index Cond: (id = 7399722)

table 3 : explain DELETE FROM sbtest3 WHERE id=1565059
	Delete on sbtest3  (cost=0.43..8.45 rows=0 width=0)
	  ->  Index Scan using sbtest3_pkey on sbtest3  (cost=0.43..8.45 rows=1 width=6)
	        Index Cond: (id = 1565059)

table 4 : explain DELETE FROM sbtest4 WHERE id=4864624
	Delete on sbtest4  (cost=0.43..8.45 rows=0 width=0)
	  ->  Index Scan using sbtest4_pkey on sbtest4  (cost=0.43..8.45 rows=1 width=6)
	        Index Cond: (id = 4864624)

table 5 : explain DELETE FROM sbtest5 WHERE id=5459638
	Delete on sbtest5  (cost=0.43..8.45 rows=0 width=0)
	  ->  Index Scan using sbtest5_pkey on sbtest5  (cost=0.43..8.45 rows=1 width=6)
	        Index Cond: (id = 5459638)

table 6 : explain DELETE FROM sbtest6 WHERE id=5094106
	Delete on sbtest6  (cost=0.43..8.45 rows=0 width=0)
	  ->  Index Scan using sbtest6_pkey on sbtest6  (cost=0.43..8.45 rows=1 width=6)
	        Index Cond: (id = 5094106)

table 7 : explain DELETE FROM sbtest7 WHERE id=872651
	Delete on sbtest7  (cost=0.43..8.45 rows=0 width=0)
	  ->  Index Scan using sbtest7_pkey on sbtest7  (cost=0.43..8.45 rows=1 width=6)
	        Index Cond: (id = 872651)

table 8 : explain DELETE FROM sbtest8 WHERE id=2393174
	Delete on sbtest8  (cost=0.43..8.45 rows=0 width=0)
	  ->  Index Scan using sbtest8_pkey on sbtest8  (cost=0.43..8.45 rows=1 width=6)
	        Index Cond: (id = 2393174)

for: sum_ranges
table 1 : explain SELECT SUM(k) FROM sbtest1 WHERE id BETWEEN 3375758 AND 3375857
	Aggregate  (cost=397.55..397.56 rows=1 width=8)
	  ->  Index Scan using sbtest1_pkey on sbtest1  (cost=0.43..397.30 rows=101 width=4)
	        Index Cond: ((id >= 3375758) AND (id <= 3375857))

table 2 : explain SELECT SUM(k) FROM sbtest2 WHERE id BETWEEN 2661502 AND 2661601
	Aggregate  (cost=400.12..400.13 rows=1 width=8)
	  ->  Index Scan using sbtest2_pkey on sbtest2  (cost=0.43..399.87 rows=102 width=4)
	        Index Cond: ((id >= 2661502) AND (id <= 2661601))

table 3 : explain SELECT SUM(k) FROM sbtest3 WHERE id BETWEEN 2141658 AND 2141757
	Aggregate  (cost=392.97..392.98 rows=1 width=8)
	  ->  Index Scan using sbtest3_pkey on sbtest3  (cost=0.43..392.72 rows=101 width=4)
	        Index Cond: ((id >= 2141658) AND (id <= 2141757))

table 4 : explain SELECT SUM(k) FROM sbtest4 WHERE id BETWEEN 70182 AND 70281
	Aggregate  (cost=415.55..415.56 rows=1 width=8)
	  ->  Index Scan using sbtest4_pkey on sbtest4  (cost=0.43..415.28 rows=106 width=4)
	        Index Cond: ((id >= 70182) AND (id <= 70281))

table 5 : explain SELECT SUM(k) FROM sbtest5 WHERE id BETWEEN 455817 AND 455916
	Aggregate  (cost=373.96..373.97 rows=1 width=8)
	  ->  Index Scan using sbtest5_pkey on sbtest5  (cost=0.43..373.73 rows=95 width=4)
	        Index Cond: ((id >= 455817) AND (id <= 455916))

table 6 : explain SELECT SUM(k) FROM sbtest6 WHERE id BETWEEN 5683172 AND 5683271
	Aggregate  (cost=386.66..386.67 rows=1 width=8)
	  ->  Index Scan using sbtest6_pkey on sbtest6  (cost=0.43..386.41 rows=99 width=4)
	        Index Cond: ((id >= 5683172) AND (id <= 5683271))

table 7 : explain SELECT SUM(k) FROM sbtest7 WHERE id BETWEEN 831126 AND 831225
	Aggregate  (cost=404.43..404.44 rows=1 width=8)
	  ->  Index Scan using sbtest7_pkey on sbtest7  (cost=0.43..404.17 rows=103 width=4)
	        Index Cond: ((id >= 831126) AND (id <= 831225))

table 8 : explain SELECT SUM(k) FROM sbtest8 WHERE id BETWEEN 5324028 AND 5324127
	Aggregate  (cost=392.61..392.62 rows=1 width=8)
	  ->  Index Scan using sbtest8_pkey on sbtest8  (cost=0.43..392.36 rows=100 width=4)
	        Index Cond: ((id >= 5324028) AND (id <= 5324127))

explain: for non_index_updates :: explain UPDATE sbtest%u SET c='foobar' WHERE id=%u
explain: for inserts :: explain INSERT INTO sbtest%u (id, k, c, pad) VALUES (%u, 13, 'foobar', 'foobar')
for: order_ranges
table 1 : explain SELECT c FROM sbtest1 WHERE id BETWEEN 4514306 AND 4514405 ORDER BY c
	Sort  (cost=353.50..353.72 rows=89 width=121)
	  Sort Key: c
	  ->  Index Scan using sbtest1_pkey on sbtest1  (cost=0.43..350.62 rows=89 width=121)
	        Index Cond: ((id >= 4514306) AND (id <= 4514405))

table 2 : explain SELECT c FROM sbtest2 WHERE id BETWEEN 6309160 AND 6309259 ORDER BY c
	Sort  (cost=407.18..407.44 rows=103 width=121)
	  Sort Key: c
	  ->  Index Scan using sbtest2_pkey on sbtest2  (cost=0.43..403.74 rows=103 width=121)
	        Index Cond: ((id >= 6309160) AND (id <= 6309259))

table 3 : explain SELECT c FROM sbtest3 WHERE id BETWEEN 3042216 AND 3042315 ORDER BY c
	Sort  (cost=368.87..369.10 rows=94 width=121)
	  Sort Key: c
	  ->  Index Scan using sbtest3_pkey on sbtest3  (cost=0.43..365.78 rows=94 width=121)
	        Index Cond: ((id >= 3042216) AND (id <= 3042315))

table 4 : explain SELECT c FROM sbtest4 WHERE id BETWEEN 3913197 AND 3913296 ORDER BY c
	Sort  (cost=383.59..383.83 rows=97 width=121)
	  Sort Key: c
	  ->  Index Scan using sbtest4_pkey on sbtest4  (cost=0.43..380.38 rows=97 width=121)
	        Index Cond: ((id >= 3913197) AND (id <= 3913296))

table 5 : explain SELECT c FROM sbtest5 WHERE id BETWEEN 4118610 AND 4118709 ORDER BY c
	Sort  (cost=369.00..369.23 rows=93 width=121)
	  Sort Key: c
	  ->  Index Scan using sbtest5_pkey on sbtest5  (cost=0.43..365.96 rows=93 width=121)
	        Index Cond: ((id >= 4118610) AND (id <= 4118709))

table 6 : explain SELECT c FROM sbtest6 WHERE id BETWEEN 8781393 AND 8781492 ORDER BY c
	Sort  (cost=381.90..382.14 rows=97 width=121)
	  Sort Key: c
	  ->  Index Scan using sbtest6_pkey on sbtest6  (cost=0.43..378.70 rows=97 width=121)
	        Index Cond: ((id >= 8781393) AND (id <= 8781492))

table 7 : explain SELECT c FROM sbtest7 WHERE id BETWEEN 8980424 AND 8980523 ORDER BY c
	Sort  (cost=387.98..388.23 rows=98 width=121)
	  Sort Key: c
	  ->  Index Scan using sbtest7_pkey on sbtest7  (cost=0.43..384.74 rows=98 width=121)
	        Index Cond: ((id >= 8980424) AND (id <= 8980523))

table 8 : explain SELECT c FROM sbtest8 WHERE id BETWEEN 9829679 AND 9829778 ORDER BY c
	Sort  (cost=376.06..376.30 rows=95 width=121)
	  Sort Key: c
	  ->  Index Scan using sbtest8_pkey on sbtest8  (cost=0.43..372.94 rows=95 width=121)
	        Index Cond: ((id >= 9829679) AND (id <= 9829778))

explain: for index_updates :: explain UPDATE sbtest%u SET k=k+1 WHERE id=%u
for: simple_ranges
table 1 : explain SELECT c FROM sbtest1 WHERE id BETWEEN 5754869 AND 5754968
	Index Scan using sbtest1_pkey on sbtest1  (cost=0.43..389.49 rows=99 width=121)
	  Index Cond: ((id >= 5754869) AND (id <= 5754968))

table 2 : explain SELECT c FROM sbtest2 WHERE id BETWEEN 7647805 AND 7647904
	Index Scan using sbtest2_pkey on sbtest2  (cost=0.43..384.33 rows=98 width=121)
	  Index Cond: ((id >= 7647805) AND (id <= 7647904))

table 3 : explain SELECT c FROM sbtest3 WHERE id BETWEEN 1991883 AND 1991982
	Index Scan using sbtest3_pkey on sbtest3  (cost=0.43..388.83 rows=100 width=121)
	  Index Cond: ((id >= 1991883) AND (id <= 1991982))

table 4 : explain SELECT c FROM sbtest4 WHERE id BETWEEN 5132931 AND 5133030
	Index Scan using sbtest4_pkey on sbtest4  (cost=0.43..361.02 rows=92 width=121)
	  Index Cond: ((id >= 5132931) AND (id <= 5133030))

table 5 : explain SELECT c FROM sbtest5 WHERE id BETWEEN 8578946 AND 8579045
	Index Scan using sbtest5_pkey on sbtest5  (cost=0.43..400.96 rows=102 width=121)
	  Index Cond: ((id >= 8578946) AND (id <= 8579045))

table 6 : explain SELECT c FROM sbtest6 WHERE id BETWEEN 7959363 AND 7959462
	Index Scan using sbtest6_pkey on sbtest6  (cost=0.43..363.27 rows=93 width=121)
	  Index Cond: ((id >= 7959363) AND (id <= 7959462))

table 7 : explain SELECT c FROM sbtest7 WHERE id BETWEEN 9522526 AND 9522625
	Index Scan using sbtest7_pkey on sbtest7  (cost=0.43..423.56 rows=108 width=121)
	  Index Cond: ((id >= 9522526) AND (id <= 9522625))

table 8 : explain SELECT c FROM sbtest8 WHERE id BETWEEN 5117555 AND 5117654
	Index Scan using sbtest8_pkey on sbtest8  (cost=0.43..365.19 rows=93 width=121)
	  Index Cond: ((id >= 5117555) AND (id <= 5117654))

for: order_ranges
table 1 : explain SELECT c FROM sbtest1 WHERE id BETWEEN 1365205 AND 1365304 ORDER BY c
	Sort  (cost=416.37..416.64 rows=105 width=121)
	  Sort Key: c
	  ->  Index Scan using sbtest1_pkey on sbtest1  (cost=0.43..412.85 rows=105 width=121)
	        Index Cond: ((id >= 1365205) AND (id <= 1365304))

table 2 : explain SELECT c FROM sbtest2 WHERE id BETWEEN 236004 AND 236103 ORDER BY c
	Sort  (cost=383.66..383.90 rows=97 width=121)
	  Sort Key: c
	  ->  Index Scan using sbtest2_pkey on sbtest2  (cost=0.43..380.46 rows=97 width=121)
	        Index Cond: ((id >= 236004) AND (id <= 236103))

table 3 : explain SELECT c FROM sbtest3 WHERE id BETWEEN 8802575 AND 8802674 ORDER BY c
	Sort  (cost=403.84..404.10 rows=103 width=121)
	  Sort Key: c
	  ->  Index Scan using sbtest3_pkey on sbtest3  (cost=0.43..400.40 rows=103 width=121)
	        Index Cond: ((id >= 8802575) AND (id <= 8802674))

table 4 : explain SELECT c FROM sbtest4 WHERE id BETWEEN 7449253 AND 7449352 ORDER BY c
	Sort  (cost=379.67..379.91 rows=96 width=121)
	  Sort Key: c
	  ->  Index Scan using sbtest4_pkey on sbtest4  (cost=0.43..376.51 rows=96 width=121)
	        Index Cond: ((id >= 7449253) AND (id <= 7449352))

table 5 : explain SELECT c FROM sbtest5 WHERE id BETWEEN 1465276 AND 1465375 ORDER BY c
	Sort  (cost=420.06..420.33 rows=106 width=121)
	  Sort Key: c
	  ->  Index Scan using sbtest5_pkey on sbtest5  (cost=0.43..416.50 rows=106 width=121)
	        Index Cond: ((id >= 1465276) AND (id <= 1465375))

table 6 : explain SELECT c FROM sbtest6 WHERE id BETWEEN 7518146 AND 7518245 ORDER BY c
	Sort  (cost=405.32..405.58 rows=103 width=121)
	  Sort Key: c
	  ->  Index Scan using sbtest6_pkey on sbtest6  (cost=0.43..401.87 rows=103 width=121)
	        Index Cond: ((id >= 7518146) AND (id <= 7518245))

table 7 : explain SELECT c FROM sbtest7 WHERE id BETWEEN 7492805 AND 7492904 ORDER BY c
	Sort  (cost=352.72..352.94 rows=89 width=121)
	  Sort Key: c
	  ->  Index Scan using sbtest7_pkey on sbtest7  (cost=0.43..349.84 rows=89 width=121)
	        Index Cond: ((id >= 7492805) AND (id <= 7492904))

table 8 : explain SELECT c FROM sbtest8 WHERE id BETWEEN 2118734 AND 2118833 ORDER BY c
	Sort  (cost=376.06..376.30 rows=95 width=121)
	  Sort Key: c
	  ->  Index Scan using sbtest8_pkey on sbtest8  (cost=0.43..372.94 rows=95 width=121)
	        Index Cond: ((id >= 2118734) AND (id <= 2118833))

for: distinct_ranges
table 1 : explain SELECT DISTINCT c FROM sbtest1 WHERE id BETWEEN 4213305 AND 4213404 ORDER BY c
	Unique  (cost=420.30..420.83 rows=106 width=121)
	  ->  Sort  (cost=420.30..420.57 rows=106 width=121)
	        Sort Key: c
	        ->  Index Scan using sbtest1_pkey on sbtest1  (cost=0.43..416.74 rows=106 width=121)
	              Index Cond: ((id >= 4213305) AND (id <= 4213404))

table 2 : explain SELECT DISTINCT c FROM sbtest2 WHERE id BETWEEN 761894 AND 761993 ORDER BY c
	Unique  (cost=371.92..372.39 rows=94 width=121)
	  ->  Sort  (cost=371.92..372.15 rows=94 width=121)
	        Sort Key: c
	        ->  Index Scan using sbtest2_pkey on sbtest2  (cost=0.43..368.84 rows=94 width=121)
	              Index Cond: ((id >= 761894) AND (id <= 761993))

table 3 : explain SELECT DISTINCT c FROM sbtest3 WHERE id BETWEEN 7317895 AND 7317994 ORDER BY c
	Unique  (cost=427.14..427.68 rows=109 width=121)
	  ->  Sort  (cost=427.14..427.41 rows=109 width=121)
	        Sort Key: c
	        ->  Index Scan using sbtest3_pkey on sbtest3  (cost=0.43..423.45 rows=109 width=121)
	              Index Cond: ((id >= 7317895) AND (id <= 7317994))

table 4 : explain SELECT DISTINCT c FROM sbtest4 WHERE id BETWEEN 5067331 AND 5067430 ORDER BY c
	Unique  (cost=399.28..399.78 rows=101 width=121)
	  ->  Sort  (cost=399.28..399.53 rows=101 width=121)
	        Sort Key: c
	        ->  Index Scan using sbtest4_pkey on sbtest4  (cost=0.43..395.92 rows=101 width=121)
	              Index Cond: ((id >= 5067331) AND (id <= 5067430))

table 5 : explain SELECT DISTINCT c FROM sbtest5 WHERE id BETWEEN 3619843 AND 3619942 ORDER BY c
	Unique  (cost=420.06..420.59 rows=106 width=121)
	  ->  Sort  (cost=420.06..420.33 rows=106 width=121)
	        Sort Key: c
	        ->  Index Scan using sbtest5_pkey on sbtest5  (cost=0.43..416.50 rows=106 width=121)
	              Index Cond: ((id >= 3619843) AND (id <= 3619942))

table 6 : explain SELECT DISTINCT c FROM sbtest6 WHERE id BETWEEN 6457392 AND 6457491 ORDER BY c
	Unique  (cost=358.52..358.98 rows=91 width=121)
	  ->  Sort  (cost=358.52..358.75 rows=91 width=121)
	        Sort Key: c
	        ->  Index Scan using sbtest6_pkey on sbtest6  (cost=0.43..355.56 rows=91 width=121)
	              Index Cond: ((id >= 6457392) AND (id <= 6457491))

table 7 : explain SELECT DISTINCT c FROM sbtest7 WHERE id BETWEEN 2509467 AND 2509566 ORDER BY c
	Unique  (cost=376.23..376.70 rows=95 width=121)
	  ->  Sort  (cost=376.23..376.47 rows=95 width=121)
	        Sort Key: c
	        ->  Index Scan using sbtest7_pkey on sbtest7  (cost=0.43..373.11 rows=95 width=121)
	              Index Cond: ((id >= 2509467) AND (id <= 2509566))

table 8 : explain SELECT DISTINCT c FROM sbtest8 WHERE id BETWEEN 262778 AND 262877 ORDER BY c
	Unique  (cost=395.68..396.18 rows=100 width=121)
	  ->  Sort  (cost=395.68..395.93 rows=100 width=121)
	        Sort Key: c
	        ->  Index Scan using sbtest8_pkey on sbtest8  (cost=0.43..392.36 rows=100 width=121)
	              Index Cond: ((id >= 262778) AND (id <= 262877))

for non_index_updates
table 1 : explain UPDATE sbtest1 SET c='foobar' WHERE id=8959244
	Update on sbtest1  (cost=0.43..8.45 rows=0 width=0)
	  ->  Index Scan using sbtest1_pkey on sbtest1  (cost=0.43..8.45 rows=1 width=490)
	        Index Cond: (id = 8959244)

table 2 : explain UPDATE sbtest2 SET c='foobar' WHERE id=6085672
	Update on sbtest2  (cost=0.43..8.45 rows=0 width=0)
	  ->  Index Scan using sbtest2_pkey on sbtest2  (cost=0.43..8.45 rows=1 width=490)
	        Index Cond: (id = 6085672)

table 3 : explain UPDATE sbtest3 SET c='foobar' WHERE id=2558181
	Update on sbtest3  (cost=0.43..8.45 rows=0 width=0)
	  ->  Index Scan using sbtest3_pkey on sbtest3  (cost=0.43..8.45 rows=1 width=490)
	        Index Cond: (id = 2558181)

table 4 : explain UPDATE sbtest4 SET c='foobar' WHERE id=2043713
	Update on sbtest4  (cost=0.43..8.45 rows=0 width=0)
	  ->  Index Scan using sbtest4_pkey on sbtest4  (cost=0.43..8.45 rows=1 width=490)
	        Index Cond: (id = 2043713)

table 5 : explain UPDATE sbtest5 SET c='foobar' WHERE id=7788189
	Update on sbtest5  (cost=0.43..8.45 rows=0 width=0)
	  ->  Index Scan using sbtest5_pkey on sbtest5  (cost=0.43..8.45 rows=1 width=490)
	        Index Cond: (id = 7788189)

table 6 : explain UPDATE sbtest6 SET c='foobar' WHERE id=134452
	Update on sbtest6  (cost=0.43..8.45 rows=0 width=0)
	  ->  Index Scan using sbtest6_pkey on sbtest6  (cost=0.43..8.45 rows=1 width=490)
	        Index Cond: (id = 134452)

table 7 : explain UPDATE sbtest7 SET c='foobar' WHERE id=568721
	Update on sbtest7  (cost=0.43..8.45 rows=0 width=0)
	  ->  Index Scan using sbtest7_pkey on sbtest7  (cost=0.43..8.45 rows=1 width=490)
	        Index Cond: (id = 568721)

table 8 : explain UPDATE sbtest8 SET c='foobar' WHERE id=2534579
	Update on sbtest8  (cost=0.43..8.45 rows=0 width=0)
	  ->  Index Scan using sbtest8_pkey on sbtest8  (cost=0.43..8.45 rows=1 width=490)
	        Index Cond: (id = 2534579)

for: sum_ranges
table 1 : explain SELECT SUM(k) FROM sbtest1 WHERE id BETWEEN 1076982 AND 1077081
	Aggregate  (cost=401.44..401.45 rows=1 width=8)
	  ->  Index Scan using sbtest1_pkey on sbtest1  (cost=0.43..401.19 rows=102 width=4)
	        Index Cond: ((id >= 1076982) AND (id <= 1077081))

table 2 : explain SELECT SUM(k) FROM sbtest2 WHERE id BETWEEN 3572727 AND 3572826
	Aggregate  (cost=407.87..407.88 rows=1 width=8)
	  ->  Index Scan using sbtest2_pkey on sbtest2  (cost=0.43..407.61 rows=104 width=4)
	        Index Cond: ((id >= 3572727) AND (id <= 3572826))

table 3 : explain SELECT SUM(k) FROM sbtest3 WHERE id BETWEEN 7982729 AND 7982828
	Aggregate  (cost=381.39..381.40 rows=1 width=8)
	  ->  Index Scan using sbtest3_pkey on sbtest3  (cost=0.43..381.15 rows=98 width=4)
	        Index Cond: ((id >= 7982729) AND (id <= 7982828))

table 4 : explain SELECT SUM(k) FROM sbtest4 WHERE id BETWEEN 966242 AND 966341
	Aggregate  (cost=376.75..376.76 rows=1 width=8)
	  ->  Index Scan using sbtest4_pkey on sbtest4  (cost=0.43..376.51 rows=96 width=4)
	        Index Cond: ((id >= 966242) AND (id <= 966341))

table 5 : explain SELECT SUM(k) FROM sbtest5 WHERE id BETWEEN 5619185 AND 5619284
	Aggregate  (cost=428.42..428.43 rows=1 width=8)
	  ->  Index Scan using sbtest5_pkey on sbtest5  (cost=0.43..428.15 rows=109 width=4)
	        Index Cond: ((id >= 5619185) AND (id <= 5619284))

table 6 : explain SELECT SUM(k) FROM sbtest6 WHERE id BETWEEN 2346972 AND 2347071
	Aggregate  (cost=390.52..390.53 rows=1 width=8)
	  ->  Index Scan using sbtest6_pkey on sbtest6  (cost=0.43..390.27 rows=100 width=4)
	        Index Cond: ((id >= 2346972) AND (id <= 2347071))

table 7 : explain SELECT SUM(k) FROM sbtest7 WHERE id BETWEEN 557291 AND 557390
	Aggregate  (cost=388.90..388.91 rows=1 width=8)
	  ->  Index Scan using sbtest7_pkey on sbtest7  (cost=0.43..388.66 rows=99 width=4)
	        Index Cond: ((id >= 557291) AND (id <= 557390))

table 8 : explain SELECT SUM(k) FROM sbtest8 WHERE id BETWEEN 5804869 AND 5804968
	Aggregate  (cost=396.49..396.50 rows=1 width=8)
	  ->  Index Scan using sbtest8_pkey on sbtest8  (cost=0.43..396.24 rows=101 width=4)
	        Index Cond: ((id >= 5804869) AND (id <= 5804968))

for inserts
table 1 : explain INSERT INTO sbtest1 (id, k, c, pad) VALUES (5685204, 13, 'foobar', 'foobar')
	Insert on sbtest1  (cost=0.00..0.01 rows=0 width=0)
	  ->  Result  (cost=0.00..0.01 rows=1 width=736)

table 2 : explain INSERT INTO sbtest2 (id, k, c, pad) VALUES (5675610, 13, 'foobar', 'foobar')
	Insert on sbtest2  (cost=0.00..0.01 rows=0 width=0)
	  ->  Result  (cost=0.00..0.01 rows=1 width=736)

table 3 : explain INSERT INTO sbtest3 (id, k, c, pad) VALUES (2374823, 13, 'foobar', 'foobar')
	Insert on sbtest3  (cost=0.00..0.01 rows=0 width=0)
	  ->  Result  (cost=0.00..0.01 rows=1 width=736)

table 4 : explain INSERT INTO sbtest4 (id, k, c, pad) VALUES (8229485, 13, 'foobar', 'foobar')
	Insert on sbtest4  (cost=0.00..0.01 rows=0 width=0)
	  ->  Result  (cost=0.00..0.01 rows=1 width=736)

table 5 : explain INSERT INTO sbtest5 (id, k, c, pad) VALUES (5363575, 13, 'foobar', 'foobar')
	Insert on sbtest5  (cost=0.00..0.01 rows=0 width=0)
	  ->  Result  (cost=0.00..0.01 rows=1 width=736)

table 6 : explain INSERT INTO sbtest6 (id, k, c, pad) VALUES (4586594, 13, 'foobar', 'foobar')
	Insert on sbtest6  (cost=0.00..0.01 rows=0 width=0)
	  ->  Result  (cost=0.00..0.01 rows=1 width=736)

table 7 : explain INSERT INTO sbtest7 (id, k, c, pad) VALUES (3432390, 13, 'foobar', 'foobar')
	Insert on sbtest7  (cost=0.00..0.01 rows=0 width=0)
	  ->  Result  (cost=0.00..0.01 rows=1 width=736)

table 8 : explain INSERT INTO sbtest8 (id, k, c, pad) VALUES (8292270, 13, 'foobar', 'foobar')
	Insert on sbtest8  (cost=0.00..0.01 rows=0 width=0)
	  ->  Result  (cost=0.00..0.01 rows=1 width=736)

for: distinct_ranges
table 1 : explain SELECT DISTINCT c FROM sbtest1 WHERE id BETWEEN 4096763 AND 4096862 ORDER BY c
	Unique  (cost=400.66..401.17 rows=101 width=121)
	  ->  Sort  (cost=400.66..400.91 rows=101 width=121)
	        Sort Key: c
	        ->  Index Scan using sbtest1_pkey on sbtest1  (cost=0.43..397.30 rows=101 width=121)
	              Index Cond: ((id >= 4096763) AND (id <= 4096862))

table 2 : explain SELECT DISTINCT c FROM sbtest2 WHERE id BETWEEN 8762867 AND 8762966 ORDER BY c
	Unique  (cost=368.00..368.47 rows=93 width=121)
	  ->  Sort  (cost=368.00..368.23 rows=93 width=121)
	        Sort Key: c
	        ->  Index Scan using sbtest2_pkey on sbtest2  (cost=0.43..364.96 rows=93 width=121)
	              Index Cond: ((id >= 8762867) AND (id <= 8762966))

table 3 : explain SELECT DISTINCT c FROM sbtest3 WHERE id BETWEEN 9396083 AND 9396182 ORDER BY c
	Unique  (cost=357.22..357.68 rows=91 width=121)
	  ->  Sort  (cost=357.22..357.45 rows=91 width=121)
	        Sort Key: c
	        ->  Index Scan using sbtest3_pkey on sbtest3  (cost=0.43..354.26 rows=91 width=121)
	              Index Cond: ((id >= 9396083) AND (id <= 9396182))

table 4 : explain SELECT DISTINCT c FROM sbtest4 WHERE id BETWEEN 3164467 AND 3164566 ORDER BY c
	Unique  (cost=430.59..431.14 rows=109 width=121)
	  ->  Sort  (cost=430.59..430.86 rows=109 width=121)
	        Sort Key: c
	        ->  Index Scan using sbtest4_pkey on sbtest4  (cost=0.43..426.90 rows=109 width=121)
	              Index Cond: ((id >= 3164467) AND (id <= 3164566))

table 5 : explain SELECT DISTINCT c FROM sbtest5 WHERE id BETWEEN 1490864 AND 1490963 ORDER BY c
	Unique  (cost=420.06..420.59 rows=106 width=121)
	  ->  Sort  (cost=420.06..420.33 rows=106 width=121)
	        Sort Key: c
	        ->  Index Scan using sbtest5_pkey on sbtest5  (cost=0.43..416.50 rows=106 width=121)
	              Index Cond: ((id >= 1490864) AND (id <= 1490963))

table 6 : explain SELECT DISTINCT c FROM sbtest6 WHERE id BETWEEN 2320833 AND 2320932 ORDER BY c
	Unique  (cost=393.59..394.09 rows=100 width=121)
	  ->  Sort  (cost=393.59..393.84 rows=100 width=121)
	        Sort Key: c
	        ->  Index Scan using sbtest6_pkey on sbtest6  (cost=0.43..390.27 rows=100 width=121)
	              Index Cond: ((id >= 2320833) AND (id <= 2320932))

table 7 : explain SELECT DISTINCT c FROM sbtest7 WHERE id BETWEEN 1879000 AND 1879099 ORDER BY c
	Unique  (cost=399.78..400.28 rows=101 width=121)
	  ->  Sort  (cost=399.78..400.03 rows=101 width=121)
	        Sort Key: c
	        ->  Index Scan using sbtest7_pkey on sbtest7  (cost=0.43..396.41 rows=101 width=121)
	              Index Cond: ((id >= 1879000) AND (id <= 1879099))

table 8 : explain SELECT DISTINCT c FROM sbtest8 WHERE id BETWEEN 7201617 AND 7201716 ORDER BY c
	Unique  (cost=383.90..384.38 rows=97 width=121)
	  ->  Sort  (cost=383.90..384.14 rows=97 width=121)
	        Sort Key: c
	        ->  Index Scan using sbtest8_pkey on sbtest8  (cost=0.43..380.70 rows=97 width=121)
	              Index Cond: ((id >= 7201617) AND (id <= 7201716))

explain: for deletes :: explain DELETE FROM sbtest%u WHERE id=%u
for: sum_ranges
table 1 : explain SELECT SUM(k) FROM sbtest1 WHERE id BETWEEN 4124847 AND 4124946
	Aggregate  (cost=397.55..397.56 rows=1 width=8)
	  ->  Index Scan using sbtest1_pkey on sbtest1  (cost=0.43..397.30 rows=101 width=4)
	        Index Cond: ((id >= 4124847) AND (id <= 4124946))

table 2 : explain SELECT SUM(k) FROM sbtest2 WHERE id BETWEEN 664304 AND 664403
	Aggregate  (cost=372.95..372.96 rows=1 width=8)
	  ->  Index Scan using sbtest2_pkey on sbtest2  (cost=0.43..372.71 rows=95 width=4)
	        Index Cond: ((id >= 664304) AND (id <= 664403))

table 3 : explain SELECT SUM(k) FROM sbtest3 WHERE id BETWEEN 274385 AND 274484
	Aggregate  (cost=396.81..396.82 rows=1 width=8)
	  ->  Index Scan using sbtest3_pkey on sbtest3  (cost=0.43..396.56 rows=102 width=4)
	        Index Cond: ((id >= 274385) AND (id <= 274484))

table 4 : explain SELECT SUM(k) FROM sbtest4 WHERE id BETWEEN 6551977 AND 6552076
	Aggregate  (cost=419.42..419.43 rows=1 width=8)
	  ->  Index Scan using sbtest4_pkey on sbtest4  (cost=0.43..419.16 rows=107 width=4)
	        Index Cond: ((id >= 6551977) AND (id <= 6552076))

table 5 : explain SELECT SUM(k) FROM sbtest5 WHERE id BETWEEN 5574572 AND 5574671
	Aggregate  (cost=362.30..362.31 rows=1 width=8)
	  ->  Index Scan using sbtest5_pkey on sbtest5  (cost=0.43..362.07 rows=92 width=4)
	        Index Cond: ((id >= 5574572) AND (id <= 5574671))

table 6 : explain SELECT SUM(k) FROM sbtest6 WHERE id BETWEEN 9028636 AND 9028735
	Aggregate  (cost=409.85..409.86 rows=1 width=8)
	  ->  Index Scan using sbtest6_pkey on sbtest6  (cost=0.43..409.59 rows=105 width=4)
	        Index Cond: ((id >= 9028636) AND (id <= 9028735))

table 7 : explain SELECT SUM(k) FROM sbtest7 WHERE id BETWEEN 4406859 AND 4406958
	Aggregate  (cost=416.07..416.08 rows=1 width=8)
	  ->  Index Scan using sbtest7_pkey on sbtest7  (cost=0.43..415.81 rows=106 width=4)
	        Index Cond: ((id >= 4406859) AND (id <= 4406958))

table 8 : explain SELECT SUM(k) FROM sbtest8 WHERE id BETWEEN 1984167 AND 1984266
	Aggregate  (cost=396.49..396.50 rows=1 width=8)
	  ->  Index Scan using sbtest8_pkey on sbtest8  (cost=0.43..396.24 rows=101 width=4)
	        Index Cond: ((id >= 1984167) AND (id <= 1984266))

explain: for index_updates :: explain UPDATE sbtest%u SET k=k+1 WHERE id=%u
explain: for index_updates :: explain UPDATE sbtest%u SET k=k+1 WHERE id=%u
for: sum_ranges
table 1 : explain SELECT SUM(k) FROM sbtest1 WHERE id BETWEEN 1454599 AND 1454698
	Aggregate  (cost=366.40..366.41 rows=1 width=8)
	  ->  Index Scan using sbtest1_pkey on sbtest1  (cost=0.43..366.17 rows=93 width=4)
	        Index Cond: ((id >= 1454599) AND (id <= 1454698))

table 2 : explain SELECT SUM(k) FROM sbtest2 WHERE id BETWEEN 5150490 AND 5150589
	Aggregate  (cost=404.00..404.01 rows=1 width=8)
	  ->  Index Scan using sbtest2_pkey on sbtest2  (cost=0.43..403.74 rows=103 width=4)
	        Index Cond: ((id >= 5150490) AND (id <= 5150589))

table 3 : explain SELECT SUM(k) FROM sbtest3 WHERE id BETWEEN 7636251 AND 7636350
	Aggregate  (cost=385.24..385.25 rows=1 width=8)
	  ->  Index Scan using sbtest3_pkey on sbtest3  (cost=0.43..384.99 rows=99 width=4)
	        Index Cond: ((id >= 7636251) AND (id <= 7636350))

table 4 : explain SELECT SUM(k) FROM sbtest4 WHERE id BETWEEN 5242818 AND 5242917
	Aggregate  (cost=384.50..384.51 rows=1 width=8)
	  ->  Index Scan using sbtest4_pkey on sbtest4  (cost=0.43..384.26 rows=98 width=4)
	        Index Cond: ((id >= 5242818) AND (id <= 5242917))

table 5 : explain SELECT SUM(k) FROM sbtest5 WHERE id BETWEEN 4955843 AND 4955942
	Aggregate  (cost=385.63..385.64 rows=1 width=8)
	  ->  Index Scan using sbtest5_pkey on sbtest5  (cost=0.43..385.38 rows=98 width=4)
	        Index Cond: ((id >= 4955843) AND (id <= 4955942))

table 6 : explain SELECT SUM(k) FROM sbtest6 WHERE id BETWEEN 372082 AND 372181
	Aggregate  (cost=402.13..402.14 rows=1 width=8)
	  ->  Index Scan using sbtest6_pkey on sbtest6  (cost=0.43..401.87 rows=103 width=4)
	        Index Cond: ((id >= 372082) AND (id <= 372181))

table 7 : explain SELECT SUM(k) FROM sbtest7 WHERE id BETWEEN 774312 AND 774411
	Aggregate  (cost=384.99..385.00 rows=1 width=8)
	  ->  Index Scan using sbtest7_pkey on sbtest7  (cost=0.43..384.74 rows=98 width=4)
	        Index Cond: ((id >= 774312) AND (id <= 774411))

table 8 : explain SELECT SUM(k) FROM sbtest8 WHERE id BETWEEN 6918858 AND 6918957
	Aggregate  (cost=365.42..365.43 rows=1 width=8)
	  ->  Index Scan using sbtest8_pkey on sbtest8  (cost=0.43..365.19 rows=93 width=4)
	        Index Cond: ((id >= 6918858) AND (id <= 6918957))

for deletes
table 1 : explain DELETE FROM sbtest1 WHERE id=3485701
	Delete on sbtest1  (cost=0.43..8.45 rows=0 width=0)
	  ->  Index Scan using sbtest1_pkey on sbtest1  (cost=0.43..8.45 rows=1 width=6)
	        Index Cond: (id = 3485701)

table 2 : explain DELETE FROM sbtest2 WHERE id=4118608
	Delete on sbtest2  (cost=0.43..8.45 rows=0 width=0)
	  ->  Index Scan using sbtest2_pkey on sbtest2  (cost=0.43..8.45 rows=1 width=6)
	        Index Cond: (id = 4118608)

table 3 : explain DELETE FROM sbtest3 WHERE id=7944874
	Delete on sbtest3  (cost=0.43..8.45 rows=0 width=0)
	  ->  Index Scan using sbtest3_pkey on sbtest3  (cost=0.43..8.45 rows=1 width=6)
	        Index Cond: (id = 7944874)

table 4 : explain DELETE FROM sbtest4 WHERE id=4922686
	Delete on sbtest4  (cost=0.43..8.45 rows=0 width=0)
	  ->  Index Scan using sbtest4_pkey on sbtest4  (cost=0.43..8.45 rows=1 width=6)
	        Index Cond: (id = 4922686)

table 5 : explain DELETE FROM sbtest5 WHERE id=107097
	Delete on sbtest5  (cost=0.43..8.45 rows=0 width=0)
	  ->  Index Scan using sbtest5_pkey on sbtest5  (cost=0.43..8.45 rows=1 width=6)
	        Index Cond: (id = 107097)

table 6 : explain DELETE FROM sbtest6 WHERE id=3416642
	Delete on sbtest6  (cost=0.43..8.45 rows=0 width=0)
	  ->  Index Scan using sbtest6_pkey on sbtest6  (cost=0.43..8.45 rows=1 width=6)
	        Index Cond: (id = 3416642)

table 7 : explain DELETE FROM sbtest7 WHERE id=322739
	Delete on sbtest7  (cost=0.43..8.45 rows=0 width=0)
	  ->  Index Scan using sbtest7_pkey on sbtest7  (cost=0.43..8.45 rows=1 width=6)
	        Index Cond: (id = 322739)

table 8 : explain DELETE FROM sbtest8 WHERE id=1451018
	Delete on sbtest8  (cost=0.43..8.45 rows=0 width=0)
	  ->  Index Scan using sbtest8_pkey on sbtest8  (cost=0.43..8.45 rows=1 width=6)
	        Index Cond: (id = 1451018)

for: distinct_ranges
table 1 : explain SELECT DISTINCT c FROM sbtest1 WHERE id BETWEEN 2609607 AND 2609706 ORDER BY c
	Unique  (cost=369.21..369.67 rows=93 width=121)
	  ->  Sort  (cost=369.21..369.44 rows=93 width=121)
	        Sort Key: c
	        ->  Index Scan using sbtest1_pkey on sbtest1  (cost=0.43..366.17 rows=93 width=121)
	              Index Cond: ((id >= 2609607) AND (id <= 2609706))

table 2 : explain SELECT DISTINCT c FROM sbtest2 WHERE id BETWEEN 6015528 AND 6015627 ORDER BY c
	Unique  (cost=426.76..427.30 rows=108 width=121)
	  ->  Sort  (cost=426.76..427.03 rows=108 width=121)
	        Sort Key: c
	        ->  Index Scan using sbtest2_pkey on sbtest2  (cost=0.43..423.11 rows=108 width=121)
	              Index Cond: ((id >= 6015528) AND (id <= 6015627))

table 3 : explain SELECT DISTINCT c FROM sbtest3 WHERE id BETWEEN 7312262 AND 7312361 ORDER BY c
	Unique  (cost=427.14..427.68 rows=109 width=121)
	  ->  Sort  (cost=427.14..427.41 rows=109 width=121)
	        Sort Key: c
	        ->  Index Scan using sbtest3_pkey on sbtest3  (cost=0.43..423.45 rows=109 width=121)
	              Index Cond: ((id >= 7312262) AND (id <= 7312361))

table 4 : explain SELECT DISTINCT c FROM sbtest4 WHERE id BETWEEN 4076059 AND 4076158 ORDER BY c
	Unique  (cost=387.50..387.99 rows=98 width=121)
	  ->  Sort  (cost=387.50..387.74 rows=98 width=121)
	        Sort Key: c
	        ->  Index Scan using sbtest4_pkey on sbtest4  (cost=0.43..384.26 rows=98 width=121)
	              Index Cond: ((id >= 4076059) AND (id <= 4076158))

table 5 : explain SELECT DISTINCT c FROM sbtest5 WHERE id BETWEEN 4256650 AND 4256749 ORDER BY c
	Unique  (cost=388.62..389.11 rows=98 width=121)
	  ->  Sort  (cost=388.62..388.87 rows=98 width=121)
	        Sort Key: c
	        ->  Index Scan using sbtest5_pkey on sbtest5  (cost=0.43..385.38 rows=98 width=121)
	              Index Cond: ((id >= 4256650) AND (id <= 4256749))

table 6 : explain SELECT DISTINCT c FROM sbtest6 WHERE id BETWEEN 5567130 AND 5567229 ORDER BY c
	Unique  (cost=424.80..425.34 rows=108 width=121)
	  ->  Sort  (cost=424.80..425.07 rows=108 width=121)
	        Sort Key: c
	        ->  Index Scan using sbtest6_pkey on sbtest6  (cost=0.43..421.15 rows=108 width=121)
	              Index Cond: ((id >= 5567130) AND (id <= 5567229))

table 7 : explain SELECT DISTINCT c FROM sbtest7 WHERE id BETWEEN 4690582 AND 4690681 ORDER BY c
	Unique  (cost=442.89..443.45 rows=112 width=121)
	  ->  Sort  (cost=442.89..443.17 rows=112 width=121)
	        Sort Key: c
	        ->  Index Scan using sbtest7_pkey on sbtest7  (cost=0.43..439.08 rows=112 width=121)
	              Index Cond: ((id >= 4690582) AND (id <= 4690681))

table 8 : explain SELECT DISTINCT c FROM sbtest8 WHERE id BETWEEN 7674186 AND 7674285 ORDER BY c
	Unique  (cost=391.77..392.26 rows=99 width=121)
	  ->  Sort  (cost=391.77..392.01 rows=99 width=121)
	        Sort Key: c
	        ->  Index Scan using sbtest8_pkey on sbtest8  (cost=0.43..388.48 rows=99 width=121)
	              Index Cond: ((id >= 7674186) AND (id <= 7674285))

for point_selects
table 1 : explain SELECT c FROM sbtest1 WHERE id=6649107
	Index Scan using sbtest1_pkey on sbtest1  (cost=0.43..8.45 rows=1 width=121)
	  Index Cond: (id = 6649107)

table 2 : explain SELECT c FROM sbtest2 WHERE id=6159383
	Index Scan using sbtest2_pkey on sbtest2  (cost=0.43..8.45 rows=1 width=121)
	  Index Cond: (id = 6159383)

table 3 : explain SELECT c FROM sbtest3 WHERE id=6252433
	Index Scan using sbtest3_pkey on sbtest3  (cost=0.43..8.45 rows=1 width=121)
	  Index Cond: (id = 6252433)

table 4 : explain SELECT c FROM sbtest4 WHERE id=61408
	Index Scan using sbtest4_pkey on sbtest4  (cost=0.43..8.45 rows=1 width=121)
	  Index Cond: (id = 61408)

table 5 : explain SELECT c FROM sbtest5 WHERE id=7733049
	Index Scan using sbtest5_pkey on sbtest5  (cost=0.43..8.45 rows=1 width=121)
	  Index Cond: (id = 7733049)

table 6 : explain SELECT c FROM sbtest6 WHERE id=71109
	Index Scan using sbtest6_pkey on sbtest6  (cost=0.43..8.45 rows=1 width=121)
	  Index Cond: (id = 71109)

table 7 : explain SELECT c FROM sbtest7 WHERE id=9702185
	Index Scan using sbtest7_pkey on sbtest7  (cost=0.43..8.45 rows=1 width=121)
	  Index Cond: (id = 9702185)

table 8 : explain SELECT c FROM sbtest8 WHERE id=2297492
	Index Scan using sbtest8_pkey on sbtest8  (cost=0.43..8.45 rows=1 width=121)
	  Index Cond: (id = 2297492)

for: order_ranges
table 1 : explain SELECT c FROM sbtest1 WHERE id BETWEEN 1348150 AND 1348249 ORDER BY c
	Sort  (cost=416.37..416.64 rows=105 width=121)
	  Sort Key: c
	  ->  Index Scan using sbtest1_pkey on sbtest1  (cost=0.43..412.85 rows=105 width=121)
	        Index Cond: ((id >= 1348150) AND (id <= 1348249))

table 2 : explain SELECT c FROM sbtest2 WHERE id BETWEEN 9638797 AND 9638896 ORDER BY c
	Sort  (cost=418.93..419.19 rows=106 width=121)
	  Sort Key: c
	  ->  Index Scan using sbtest2_pkey on sbtest2  (cost=0.43..415.36 rows=106 width=121)
	        Index Cond: ((id >= 9638797) AND (id <= 9638896))

table 3 : explain SELECT c FROM sbtest3 WHERE id BETWEEN 8023762 AND 8023861 ORDER BY c
	Sort  (cost=372.75..372.98 rows=95 width=121)
	  Sort Key: c
	  ->  Index Scan using sbtest3_pkey on sbtest3  (cost=0.43..369.63 rows=95 width=121)
	        Index Cond: ((id >= 8023762) AND (id <= 8023861))

table 4 : explain SELECT c FROM sbtest4 WHERE id BETWEEN 2120354 AND 2120453 ORDER BY c
	Sort  (cost=411.02..411.28 rows=104 width=121)
	  Sort Key: c
	  ->  Index Scan using sbtest4_pkey on sbtest4  (cost=0.43..407.54 rows=104 width=121)
	        Index Cond: ((id >= 2120354) AND (id <= 2120453))

table 5 : explain SELECT c FROM sbtest5 WHERE id BETWEEN 6261832 AND 6261931 ORDER BY c
	Sort  (cost=365.07..365.30 rows=92 width=121)
	  Sort Key: c
	  ->  Index Scan using sbtest5_pkey on sbtest5  (cost=0.43..362.07 rows=92 width=121)
	        Index Cond: ((id >= 6261832) AND (id <= 6261931))

table 6 : explain SELECT c FROM sbtest6 WHERE id BETWEEN 4531038 AND 4531137 ORDER BY c
	Sort  (cost=393.59..393.84 rows=100 width=121)
	  Sort Key: c
	  ->  Index Scan using sbtest6_pkey on sbtest6  (cost=0.43..390.27 rows=100 width=121)
	        Index Cond: ((id >= 4531038) AND (id <= 4531137))

table 7 : explain SELECT c FROM sbtest7 WHERE id BETWEEN 569751 AND 569850 ORDER BY c
	Sort  (cost=391.94..392.19 rows=99 width=121)
	  Sort Key: c
	  ->  Index Scan using sbtest7_pkey on sbtest7  (cost=0.43..388.66 rows=99 width=121)
	        Index Cond: ((id >= 569751) AND (id <= 569850))

table 8 : explain SELECT c FROM sbtest8 WHERE id BETWEEN 2856462 AND 2856561 ORDER BY c
	Sort  (cost=434.86..435.13 rows=110 width=121)
	  Sort Key: c
	  ->  Index Scan using sbtest8_pkey on sbtest8  (cost=0.43..431.13 rows=110 width=121)
	        Index Cond: ((id >= 2856462) AND (id <= 2856561))

for point_selects
table 1 : explain SELECT c FROM sbtest1 WHERE id=7807275
	Index Scan using sbtest1_pkey on sbtest1  (cost=0.43..8.45 rows=1 width=121)
	  Index Cond: (id = 7807275)

table 2 : explain SELECT c FROM sbtest2 WHERE id=8962501
	Index Scan using sbtest2_pkey on sbtest2  (cost=0.43..8.45 rows=1 width=121)
	  Index Cond: (id = 8962501)

table 3 : explain SELECT c FROM sbtest3 WHERE id=5595746
	Index Scan using sbtest3_pkey on sbtest3  (cost=0.43..8.45 rows=1 width=121)
	  Index Cond: (id = 5595746)

table 4 : explain SELECT c FROM sbtest4 WHERE id=4510404
	Index Scan using sbtest4_pkey on sbtest4  (cost=0.43..8.45 rows=1 width=121)
	  Index Cond: (id = 4510404)

table 5 : explain SELECT c FROM sbtest5 WHERE id=83643
	Index Scan using sbtest5_pkey on sbtest5  (cost=0.43..8.45 rows=1 width=121)
	  Index Cond: (id = 83643)

table 6 : explain SELECT c FROM sbtest6 WHERE id=7734414
	Index Scan using sbtest6_pkey on sbtest6  (cost=0.43..8.45 rows=1 width=121)
	  Index Cond: (id = 7734414)

table 7 : explain SELECT c FROM sbtest7 WHERE id=4094835
	Index Scan using sbtest7_pkey on sbtest7  (cost=0.43..8.45 rows=1 width=121)
	  Index Cond: (id = 4094835)

table 8 : explain SELECT c FROM sbtest8 WHERE id=4195048
	Index Scan using sbtest8_pkey on sbtest8  (cost=0.43..8.45 rows=1 width=121)
	  Index Cond: (id = 4195048)

for: distinct_ranges
table 1 : explain SELECT DISTINCT c FROM sbtest1 WHERE id BETWEEN 9354707 AND 9354806 ORDER BY c
	Unique  (cost=373.13..373.60 rows=94 width=121)
	  ->  Sort  (cost=373.13..373.37 rows=94 width=121)
	        Sort Key: c
	        ->  Index Scan using sbtest1_pkey on sbtest1  (cost=0.43..370.05 rows=94 width=121)
	              Index Cond: ((id >= 9354707) AND (id <= 9354806))

table 2 : explain SELECT DISTINCT c FROM sbtest2 WHERE id BETWEEN 5156026 AND 5156125 ORDER BY c
	Unique  (cost=371.92..372.39 rows=94 width=121)
	  ->  Sort  (cost=371.92..372.15 rows=94 width=121)
	        Sort Key: c
	        ->  Index Scan using sbtest2_pkey on sbtest2  (cost=0.43..368.84 rows=94 width=121)
	              Index Cond: ((id >= 5156026) AND (id <= 5156125))

table 3 : explain SELECT DISTINCT c FROM sbtest3 WHERE id BETWEEN 7009224 AND 7009323 ORDER BY c
	Unique  (cost=372.75..373.22 rows=95 width=121)
	  ->  Sort  (cost=372.75..372.98 rows=95 width=121)
	        Sort Key: c
	        ->  Index Scan using sbtest3_pkey on sbtest3  (cost=0.43..369.63 rows=95 width=121)
	              Index Cond: ((id >= 7009224) AND (id <= 7009323))

table 4 : explain SELECT DISTINCT c FROM sbtest4 WHERE id BETWEEN 6764958 AND 6765057 ORDER BY c
	Unique  (cost=360.10..360.56 rows=91 width=121)
	  ->  Sort  (cost=360.10..360.33 rows=91 width=121)
	        Sort Key: c
	        ->  Index Scan using sbtest4_pkey on sbtest4  (cost=0.43..357.14 rows=91 width=121)
	              Index Cond: ((id >= 6764958) AND (id <= 6765057))

table 5 : explain SELECT DISTINCT c FROM sbtest5 WHERE id BETWEEN 6757287 AND 6757386 ORDER BY c
	Unique  (cost=431.84..432.39 rows=109 width=121)
	  ->  Sort  (cost=431.84..432.11 rows=109 width=121)
	        Sort Key: c
	        ->  Index Scan using sbtest5_pkey on sbtest5  (cost=0.43..428.15 rows=109 width=121)
	              Index Cond: ((id >= 6757287) AND (id <= 6757386))

table 6 : explain SELECT DISTINCT c FROM sbtest6 WHERE id BETWEEN 1828438 AND 1828537 ORDER BY c
	Unique  (cost=374.11..374.58 rows=95 width=121)
	  ->  Sort  (cost=374.11..374.34 rows=95 width=121)
	        Sort Key: c
	        ->  Index Scan using sbtest6_pkey on sbtest6  (cost=0.43..370.99 rows=95 width=121)
	              Index Cond: ((id >= 1828438) AND (id <= 1828537))

table 7 : explain SELECT DISTINCT c FROM sbtest7 WHERE id BETWEEN 9807035 AND 9807134 ORDER BY c
	Unique  (cost=380.15..380.63 rows=96 width=121)
	  ->  Sort  (cost=380.15..380.39 rows=96 width=121)
	        Sort Key: c
	        ->  Index Scan using sbtest7_pkey on sbtest7  (cost=0.43..376.99 rows=96 width=121)
	              Index Cond: ((id >= 9807035) AND (id <= 9807134))

table 8 : explain SELECT DISTINCT c FROM sbtest8 WHERE id BETWEEN 7004711 AND 7004810 ORDER BY c
	Unique  (cost=399.60..400.11 rows=101 width=121)
	  ->  Sort  (cost=399.60..399.85 rows=101 width=121)
	        Sort Key: c
	        ->  Index Scan using sbtest8_pkey on sbtest8  (cost=0.43..396.24 rows=101 width=121)
	              Index Cond: ((id >= 7004711) AND (id <= 7004810))

for index_updates
table 1 : explain UPDATE sbtest1 SET k=k+1 WHERE id=2450801
	Update on sbtest1  (cost=0.43..8.46 rows=0 width=0)
	  ->  Index Scan using sbtest1_pkey on sbtest1  (cost=0.43..8.46 rows=1 width=10)
	        Index Cond: (id = 2450801)

table 2 : explain UPDATE sbtest2 SET k=k+1 WHERE id=8685013
	Update on sbtest2  (cost=0.43..8.46 rows=0 width=0)
	  ->  Index Scan using sbtest2_pkey on sbtest2  (cost=0.43..8.46 rows=1 width=10)
	        Index Cond: (id = 8685013)

table 3 : explain UPDATE sbtest3 SET k=k+1 WHERE id=9718611
	Update on sbtest3  (cost=0.43..8.46 rows=0 width=0)
	  ->  Index Scan using sbtest3_pkey on sbtest3  (cost=0.43..8.46 rows=1 width=10)
	        Index Cond: (id = 9718611)

table 4 : explain UPDATE sbtest4 SET k=k+1 WHERE id=7935983
	Update on sbtest4  (cost=0.43..8.46 rows=0 width=0)
	  ->  Index Scan using sbtest4_pkey on sbtest4  (cost=0.43..8.46 rows=1 width=10)
	        Index Cond: (id = 7935983)

table 5 : explain UPDATE sbtest5 SET k=k+1 WHERE id=6429526
	Update on sbtest5  (cost=0.43..8.46 rows=0 width=0)
	  ->  Index Scan using sbtest5_pkey on sbtest5  (cost=0.43..8.46 rows=1 width=10)
	        Index Cond: (id = 6429526)

table 6 : explain UPDATE sbtest6 SET k=k+1 WHERE id=8261385
	Update on sbtest6  (cost=0.43..8.46 rows=0 width=0)
	  ->  Index Scan using sbtest6_pkey on sbtest6  (cost=0.43..8.46 rows=1 width=10)
	        Index Cond: (id = 8261385)

table 7 : explain UPDATE sbtest7 SET k=k+1 WHERE id=4225760
	Update on sbtest7  (cost=0.43..8.46 rows=0 width=0)
	  ->  Index Scan using sbtest7_pkey on sbtest7  (cost=0.43..8.46 rows=1 width=10)
	        Index Cond: (id = 4225760)

table 8 : explain UPDATE sbtest8 SET k=k+1 WHERE id=8983232
	Update on sbtest8  (cost=0.43..8.46 rows=0 width=0)
	  ->  Index Scan using sbtest8_pkey on sbtest8  (cost=0.43..8.46 rows=1 width=10)
	        Index Cond: (id = 8983232)

explain: for inserts :: explain INSERT INTO sbtest%u (id, k, c, pad) VALUES (%u, 13, 'foobar', 'foobar')
for index_updates
table 1 : explain UPDATE sbtest1 SET k=k+1 WHERE id=518515
	Update on sbtest1  (cost=0.43..8.46 rows=0 width=0)
	  ->  Index Scan using sbtest1_pkey on sbtest1  (cost=0.43..8.46 rows=1 width=10)
	        Index Cond: (id = 518515)

table 2 : explain UPDATE sbtest2 SET k=k+1 WHERE id=2002087
	Update on sbtest2  (cost=0.43..8.46 rows=0 width=0)
	  ->  Index Scan using sbtest2_pkey on sbtest2  (cost=0.43..8.46 rows=1 width=10)
	        Index Cond: (id = 2002087)

table 3 : explain UPDATE sbtest3 SET k=k+1 WHERE id=1475489
	Update on sbtest3  (cost=0.43..8.46 rows=0 width=0)
	  ->  Index Scan using sbtest3_pkey on sbtest3  (cost=0.43..8.46 rows=1 width=10)
	        Index Cond: (id = 1475489)

table 4 : explain UPDATE sbtest4 SET k=k+1 WHERE id=7823310
	Update on sbtest4  (cost=0.43..8.46 rows=0 width=0)
	  ->  Index Scan using sbtest4_pkey on sbtest4  (cost=0.43..8.46 rows=1 width=10)
	        Index Cond: (id = 7823310)

table 5 : explain UPDATE sbtest5 SET k=k+1 WHERE id=8202387
	Update on sbtest5  (cost=0.43..8.46 rows=0 width=0)
	  ->  Index Scan using sbtest5_pkey on sbtest5  (cost=0.43..8.46 rows=1 width=10)
	        Index Cond: (id = 8202387)

table 6 : explain UPDATE sbtest6 SET k=k+1 WHERE id=4805528
	Update on sbtest6  (cost=0.43..8.46 rows=0 width=0)
	  ->  Index Scan using sbtest6_pkey on sbtest6  (cost=0.43..8.46 rows=1 width=10)
	        Index Cond: (id = 4805528)

table 7 : explain UPDATE sbtest7 SET k=k+1 WHERE id=6012623
	Update on sbtest7  (cost=0.43..8.46 rows=0 width=0)
	  ->  Index Scan using sbtest7_pkey on sbtest7  (cost=0.43..8.46 rows=1 width=10)
	        Index Cond: (id = 6012623)

table 8 : explain UPDATE sbtest8 SET k=k+1 WHERE id=9331036
	Update on sbtest8  (cost=0.43..8.46 rows=0 width=0)
	  ->  Index Scan using sbtest8_pkey on sbtest8  (cost=0.43..8.46 rows=1 width=10)
	        Index Cond: (id = 9331036)

explain: for index_updates :: explain UPDATE sbtest%u SET k=k+1 WHERE id=%u
for: sum_ranges
table 1 : explain SELECT SUM(k) FROM sbtest1 WHERE id BETWEEN 8332121 AND 8332220
	Aggregate  (cost=417.00..417.01 rows=1 width=8)
	  ->  Index Scan using sbtest1_pkey on sbtest1  (cost=0.43..416.74 rows=106 width=4)
	        Index Cond: ((id >= 8332121) AND (id <= 8332220))

table 2 : explain SELECT SUM(k) FROM sbtest2 WHERE id BETWEEN 280537 AND 280636
	Aggregate  (cost=380.70..380.71 rows=1 width=8)
	  ->  Index Scan using sbtest2_pkey on sbtest2  (cost=0.43..380.46 rows=97 width=4)
	        Index Cond: ((id >= 280537) AND (id <= 280636))

table 3 : explain SELECT SUM(k) FROM sbtest3 WHERE id BETWEEN 9841443 AND 9841542
	Aggregate  (cost=366.02..366.03 rows=1 width=8)
	  ->  Index Scan using sbtest3_pkey on sbtest3  (cost=0.43..365.78 rows=94 width=4)
	        Index Cond: ((id >= 9841443) AND (id <= 9841542))

table 4 : explain SELECT SUM(k) FROM sbtest4 WHERE id BETWEEN 4080640 AND 4080739
	Aggregate  (cost=384.50..384.51 rows=1 width=8)
	  ->  Index Scan using sbtest4_pkey on sbtest4  (cost=0.43..384.26 rows=98 width=4)
	        Index Cond: ((id >= 4080640) AND (id <= 4080739))

table 5 : explain SELECT SUM(k) FROM sbtest5 WHERE id BETWEEN 3696543 AND 3696642
	Aggregate  (cost=370.08..370.09 rows=1 width=8)
	  ->  Index Scan using sbtest5_pkey on sbtest5  (cost=0.43..369.84 rows=94 width=4)
	        Index Cond: ((id >= 3696543) AND (id <= 3696642))

table 6 : explain SELECT SUM(k) FROM sbtest6 WHERE id BETWEEN 7223703 AND 7223802
	Aggregate  (cost=382.80..382.81 rows=1 width=8)
	  ->  Index Scan using sbtest6_pkey on sbtest6  (cost=0.43..382.55 rows=98 width=4)
	        Index Cond: ((id >= 7223703) AND (id <= 7223802))

table 7 : explain SELECT SUM(k) FROM sbtest7 WHERE id BETWEEN 9953904 AND 9954003
	Aggregate  (cost=427.72..427.73 rows=1 width=8)
	  ->  Index Scan using sbtest7_pkey on sbtest7  (cost=0.43..427.44 rows=109 width=4)
	        Index Cond: ((id >= 9953904) AND (id <= 9954003))

table 8 : explain SELECT SUM(k) FROM sbtest8 WHERE id BETWEEN 9280337 AND 9280436
	Aggregate  (cost=349.90..349.91 rows=1 width=8)
	  ->  Index Scan using sbtest8_pkey on sbtest8  (cost=0.43..349.68 rows=89 width=4)
	        Index Cond: ((id >= 9280337) AND (id <= 9280436))

for: order_ranges
table 1 : explain SELECT c FROM sbtest1 WHERE id BETWEEN 6257781 AND 6257880 ORDER BY c
	Sort  (cost=392.77..393.02 rows=99 width=121)
	  Sort Key: c
	  ->  Index Scan using sbtest1_pkey on sbtest1  (cost=0.43..389.49 rows=99 width=121)
	        Index Cond: ((id >= 6257781) AND (id <= 6257880))

table 2 : explain SELECT c FROM sbtest2 WHERE id BETWEEN 778582 AND 778681 ORDER BY c
	Sort  (cost=371.92..372.15 rows=94 width=121)
	  Sort Key: c
	  ->  Index Scan using sbtest2_pkey on sbtest2  (cost=0.43..368.84 rows=94 width=121)
	        Index Cond: ((id >= 778582) AND (id <= 778681))

table 3 : explain SELECT c FROM sbtest3 WHERE id BETWEEN 3317031 AND 3317130 ORDER BY c
	Sort  (cost=361.10..361.33 rows=92 width=121)
	  Sort Key: c
	  ->  Index Scan using sbtest3_pkey on sbtest3  (cost=0.43..358.10 rows=92 width=121)
	        Index Cond: ((id >= 3317031) AND (id <= 3317130))

table 4 : explain SELECT c FROM sbtest4 WHERE id BETWEEN 1116913 AND 1117012 ORDER BY c
	Sort  (cost=367.93..368.16 rows=93 width=121)
	  Sort Key: c
	  ->  Index Scan using sbtest4_pkey on sbtest4  (cost=0.43..364.89 rows=93 width=121)
	        Index Cond: ((id >= 1116913) AND (id <= 1117012))

table 5 : explain SELECT c FROM sbtest5 WHERE id BETWEEN 8767622 AND 8767721 ORDER BY c
	Sort  (cost=423.99..424.26 rows=107 width=121)
	  Sort Key: c
	  ->  Index Scan using sbtest5_pkey on sbtest5  (cost=0.43..420.38 rows=107 width=121)
	        Index Cond: ((id >= 8767622) AND (id <= 8767721))

table 6 : explain SELECT c FROM sbtest6 WHERE id BETWEEN 8752944 AND 8753043 ORDER BY c
	Sort  (cost=381.90..382.14 rows=97 width=121)
	  Sort Key: c
	  ->  Index Scan using sbtest6_pkey on sbtest6  (cost=0.43..378.70 rows=97 width=121)
	        Index Cond: ((id >= 8752944) AND (id <= 8753043))

table 7 : explain SELECT c FROM sbtest7 WHERE id BETWEEN 7008605 AND 7008704 ORDER BY c
	Sort  (cost=395.86..396.11 rows=100 width=121)
	  Sort Key: c
	  ->  Index Scan using sbtest7_pkey on sbtest7  (cost=0.43..392.54 rows=100 width=121)
	        Index Cond: ((id >= 7008605) AND (id <= 7008704))

table 8 : explain SELECT c FROM sbtest8 WHERE id BETWEEN 3067524 AND 3067623 ORDER BY c
	Sort  (cost=383.90..384.14 rows=97 width=121)
	  Sort Key: c
	  ->  Index Scan using sbtest8_pkey on sbtest8  (cost=0.43..380.70 rows=97 width=121)
	        Index Cond: ((id >= 3067524) AND (id <= 3067623))

explain: for index_updates :: explain UPDATE sbtest%u SET k=k+1 WHERE id=%u
for: order_ranges
table 1 : explain SELECT c FROM sbtest1 WHERE id BETWEEN 3935634 AND 3935733 ORDER BY c
	Sort  (cost=424.23..424.50 rows=107 width=121)
	  Sort Key: c
	  ->  Index Scan using sbtest1_pkey on sbtest1  (cost=0.43..420.62 rows=107 width=121)
	        Index Cond: ((id >= 3935634) AND (id <= 3935733))

table 2 : explain SELECT c FROM sbtest2 WHERE id BETWEEN 4888667 AND 4888766 ORDER BY c
	Sort  (cost=418.93..419.19 rows=106 width=121)
	  Sort Key: c
	  ->  Index Scan using sbtest2_pkey on sbtest2  (cost=0.43..415.36 rows=106 width=121)
	        Index Cond: ((id >= 4888667) AND (id <= 4888766))

table 3 : explain SELECT c FROM sbtest3 WHERE id BETWEEN 7340221 AND 7340320 ORDER BY c
	Sort  (cost=427.14..427.41 rows=109 width=121)
	  Sort Key: c
	  ->  Index Scan using sbtest3_pkey on sbtest3  (cost=0.43..423.45 rows=109 width=121)
	        Index Cond: ((id >= 7340221) AND (id <= 7340320))

table 4 : explain SELECT c FROM sbtest4 WHERE id BETWEEN 2225545 AND 2225644 ORDER BY c
	Sort  (cost=403.19..403.45 rows=102 width=121)
	  Sort Key: c
	  ->  Index Scan using sbtest4_pkey on sbtest4  (cost=0.43..399.79 rows=102 width=121)
	        Index Cond: ((id >= 2225545) AND (id <= 2225644))

table 5 : explain SELECT c FROM sbtest5 WHERE id BETWEEN 5573853 AND 5573952 ORDER BY c
	Sort  (cost=365.07..365.30 rows=92 width=121)
	  Sort Key: c
	  ->  Index Scan using sbtest5_pkey on sbtest5  (cost=0.43..362.07 rows=92 width=121)
	        Index Cond: ((id >= 5573853) AND (id <= 5573952))

table 6 : explain SELECT c FROM sbtest6 WHERE id BETWEEN 3566757 AND 3566856 ORDER BY c
	Sort  (cost=409.21..409.47 rows=104 width=121)
	  Sort Key: c
	  ->  Index Scan using sbtest6_pkey on sbtest6  (cost=0.43..405.73 rows=104 width=121)
	        Index Cond: ((id >= 3566757) AND (id <= 3566856))

table 7 : explain SELECT c FROM sbtest7 WHERE id BETWEEN 9750437 AND 9750536 ORDER BY c
	Sort  (cost=380.15..380.39 rows=96 width=121)
	  Sort Key: c
	  ->  Index Scan using sbtest7_pkey on sbtest7  (cost=0.43..376.99 rows=96 width=121)
	        Index Cond: ((id >= 9750437) AND (id <= 9750536))

table 8 : explain SELECT c FROM sbtest8 WHERE id BETWEEN 8501579 AND 8501678 ORDER BY c
	Sort  (cost=430.94..431.21 rows=109 width=121)
	  Sort Key: c
	  ->  Index Scan using sbtest8_pkey on sbtest8  (cost=0.43..427.25 rows=109 width=121)
	        Index Cond: ((id >= 8501579) AND (id <= 8501678))

for inserts
table 1 : explain INSERT INTO sbtest1 (id, k, c, pad) VALUES (8556472, 13, 'foobar', 'foobar')
	Insert on sbtest1  (cost=0.00..0.01 rows=0 width=0)
	  ->  Result  (cost=0.00..0.01 rows=1 width=736)

table 2 : explain INSERT INTO sbtest2 (id, k, c, pad) VALUES (5315731, 13, 'foobar', 'foobar')
	Insert on sbtest2  (cost=0.00..0.01 rows=0 width=0)
	  ->  Result  (cost=0.00..0.01 rows=1 width=736)

table 3 : explain INSERT INTO sbtest3 (id, k, c, pad) VALUES (9834411, 13, 'foobar', 'foobar')
	Insert on sbtest3  (cost=0.00..0.01 rows=0 width=0)
	  ->  Result  (cost=0.00..0.01 rows=1 width=736)

table 4 : explain INSERT INTO sbtest4 (id, k, c, pad) VALUES (4526289, 13, 'foobar', 'foobar')
	Insert on sbtest4  (cost=0.00..0.01 rows=0 width=0)
	  ->  Result  (cost=0.00..0.01 rows=1 width=736)

table 5 : explain INSERT INTO sbtest5 (id, k, c, pad) VALUES (7569869, 13, 'foobar', 'foobar')
	Insert on sbtest5  (cost=0.00..0.01 rows=0 width=0)
	  ->  Result  (cost=0.00..0.01 rows=1 width=736)

table 6 : explain INSERT INTO sbtest6 (id, k, c, pad) VALUES (3431655, 13, 'foobar', 'foobar')
	Insert on sbtest6  (cost=0.00..0.01 rows=0 width=0)
	  ->  Result  (cost=0.00..0.01 rows=1 width=736)

table 7 : explain INSERT INTO sbtest7 (id, k, c, pad) VALUES (7376647, 13, 'foobar', 'foobar')
	Insert on sbtest7  (cost=0.00..0.01 rows=0 width=0)
	  ->  Result  (cost=0.00..0.01 rows=1 width=736)

table 8 : explain INSERT INTO sbtest8 (id, k, c, pad) VALUES (9521643, 13, 'foobar', 'foobar')
	Insert on sbtest8  (cost=0.00..0.01 rows=0 width=0)
	  ->  Result  (cost=0.00..0.01 rows=1 width=736)

explain: for non_index_updates :: explain UPDATE sbtest%u SET c='foobar' WHERE id=%u
for: simple_ranges
table 1 : explain SELECT c FROM sbtest1 WHERE id BETWEEN 4579941 AND 4580040
	Index Scan using sbtest1_pkey on sbtest1  (cost=0.43..350.62 rows=89 width=121)
	  Index Cond: ((id >= 4579941) AND (id <= 4580040))

table 2 : explain SELECT c FROM sbtest2 WHERE id BETWEEN 6996476 AND 6996575
	Index Scan using sbtest2_pkey on sbtest2  (cost=0.43..415.36 rows=106 width=121)
	  Index Cond: ((id >= 6996476) AND (id <= 6996575))

table 3 : explain SELECT c FROM sbtest3 WHERE id BETWEEN 9015637 AND 9015736
	Index Scan using sbtest3_pkey on sbtest3  (cost=0.43..384.99 rows=99 width=121)
	  Index Cond: ((id >= 9015637) AND (id <= 9015736))

table 4 : explain SELECT c FROM sbtest4 WHERE id BETWEEN 3820952 AND 3821051
	Index Scan using sbtest4_pkey on sbtest4  (cost=0.43..477.26 rows=122 width=121)
	  Index Cond: ((id >= 3820952) AND (id <= 3821051))

table 5 : explain SELECT c FROM sbtest5 WHERE id BETWEEN 3561700 AND 3561799
	Index Scan using sbtest5_pkey on sbtest5  (cost=0.43..416.50 rows=106 width=121)
	  Index Cond: ((id >= 3561700) AND (id <= 3561799))

table 6 : explain SELECT c FROM sbtest6 WHERE id BETWEEN 6768965 AND 6769064
	Index Scan using sbtest6_pkey on sbtest6  (cost=0.43..344.00 rows=88 width=121)
	  Index Cond: ((id >= 6768965) AND (id <= 6769064))

table 7 : explain SELECT c FROM sbtest7 WHERE id BETWEEN 9708927 AND 9709026
	Index Scan using sbtest7_pkey on sbtest7  (cost=0.43..376.99 rows=96 width=121)
	  Index Cond: ((id >= 9708927) AND (id <= 9709026))

table 8 : explain SELECT c FROM sbtest8 WHERE id BETWEEN 3169028 AND 3169127
	Index Scan using sbtest8_pkey on sbtest8  (cost=0.43..380.70 rows=97 width=121)
	  Index Cond: ((id >= 3169028) AND (id <= 3169127))

for: order_ranges
table 1 : explain SELECT c FROM sbtest1 WHERE id BETWEEN 5790999 AND 5791098 ORDER BY c
	Sort  (cost=392.77..393.02 rows=99 width=121)
	  Sort Key: c
	  ->  Index Scan using sbtest1_pkey on sbtest1  (cost=0.43..389.49 rows=99 width=121)
	        Index Cond: ((id >= 5790999) AND (id <= 5791098))

table 2 : explain SELECT c FROM sbtest2 WHERE id BETWEEN 9175290 AND 9175389 ORDER BY c
	Sort  (cost=383.66..383.90 rows=97 width=121)
	  Sort Key: c
	  ->  Index Scan using sbtest2_pkey on sbtest2  (cost=0.43..380.46 rows=97 width=121)
	        Index Cond: ((id >= 9175290) AND (id <= 9175389))

table 3 : explain SELECT c FROM sbtest3 WHERE id BETWEEN 4929296 AND 4929395 ORDER BY c
	Sort  (cost=415.49..415.76 rows=106 width=121)
	  Sort Key: c
	  ->  Index Scan using sbtest3_pkey on sbtest3  (cost=0.43..411.92 rows=106 width=121)
	        Index Cond: ((id >= 4929296) AND (id <= 4929395))

table 4 : explain SELECT c FROM sbtest4 WHERE id BETWEEN 4047198 AND 4047297 ORDER BY c
	Sort  (cost=387.50..387.74 rows=98 width=121)
	  Sort Key: c
	  ->  Index Scan using sbtest4_pkey on sbtest4  (cost=0.43..384.26 rows=98 width=121)
	        Index Cond: ((id >= 4047198) AND (id <= 4047297))

table 5 : explain SELECT c FROM sbtest5 WHERE id BETWEEN 824033 AND 824132 ORDER BY c
	Sort  (cost=408.28..408.54 rows=103 width=121)
	  Sort Key: c
	  ->  Index Scan using sbtest5_pkey on sbtest5  (cost=0.43..404.84 rows=103 width=121)
	        Index Cond: ((id >= 824033) AND (id <= 824132))

table 6 : explain SELECT c FROM sbtest6 WHERE id BETWEEN 9246561 AND 9246660 ORDER BY c
	Sort  (cost=417.01..417.27 rows=106 width=121)
	  Sort Key: c
	  ->  Index Scan using sbtest6_pkey on sbtest6  (cost=0.43..413.44 rows=106 width=121)
	        Index Cond: ((id >= 9246561) AND (id <= 9246660))

table 7 : explain SELECT c FROM sbtest7 WHERE id BETWEEN 1744779 AND 1744878 ORDER BY c
	Sort  (cost=407.61..407.87 rows=103 width=121)
	  Sort Key: c
	  ->  Index Scan using sbtest7_pkey on sbtest7  (cost=0.43..404.17 rows=103 width=121)
	        Index Cond: ((id >= 1744779) AND (id <= 1744878))

table 8 : explain SELECT c FROM sbtest8 WHERE id BETWEEN 7921908 AND 7922007 ORDER BY c
	Sort  (cost=415.27..415.53 rows=105 width=121)
	  Sort Key: c
	  ->  Index Scan using sbtest8_pkey on sbtest8  (cost=0.43..411.75 rows=105 width=121)
	        Index Cond: ((id >= 7921908) AND (id <= 7922007))

explain: for non_index_updates :: explain UPDATE sbtest%u SET c='foobar' WHERE id=%u
for index_updates
table 1 : explain UPDATE sbtest1 SET k=k+1 WHERE id=9576662
	Update on sbtest1  (cost=0.43..8.46 rows=0 width=0)
	  ->  Index Scan using sbtest1_pkey on sbtest1  (cost=0.43..8.46 rows=1 width=10)
	        Index Cond: (id = 9576662)

table 2 : explain UPDATE sbtest2 SET k=k+1 WHERE id=8779518
	Update on sbtest2  (cost=0.43..8.46 rows=0 width=0)
	  ->  Index Scan using sbtest2_pkey on sbtest2  (cost=0.43..8.46 rows=1 width=10)
	        Index Cond: (id = 8779518)

table 3 : explain UPDATE sbtest3 SET k=k+1 WHERE id=5615183
	Update on sbtest3  (cost=0.43..8.46 rows=0 width=0)
	  ->  Index Scan using sbtest3_pkey on sbtest3  (cost=0.43..8.46 rows=1 width=10)
	        Index Cond: (id = 5615183)

table 4 : explain UPDATE sbtest4 SET k=k+1 WHERE id=2749121
	Update on sbtest4  (cost=0.43..8.46 rows=0 width=0)
	  ->  Index Scan using sbtest4_pkey on sbtest4  (cost=0.43..8.46 rows=1 width=10)
	        Index Cond: (id = 2749121)

table 5 : explain UPDATE sbtest5 SET k=k+1 WHERE id=4621349
	Update on sbtest5  (cost=0.43..8.46 rows=0 width=0)
	  ->  Index Scan using sbtest5_pkey on sbtest5  (cost=0.43..8.46 rows=1 width=10)
	        Index Cond: (id = 4621349)

table 6 : explain UPDATE sbtest6 SET k=k+1 WHERE id=7839732
	Update on sbtest6  (cost=0.43..8.46 rows=0 width=0)
	  ->  Index Scan using sbtest6_pkey on sbtest6  (cost=0.43..8.46 rows=1 width=10)
	        Index Cond: (id = 7839732)

table 7 : explain UPDATE sbtest7 SET k=k+1 WHERE id=5863539
	Update on sbtest7  (cost=0.43..8.46 rows=0 width=0)
	  ->  Index Scan using sbtest7_pkey on sbtest7  (cost=0.43..8.46 rows=1 width=10)
	        Index Cond: (id = 5863539)

table 8 : explain UPDATE sbtest8 SET k=k+1 WHERE id=6826110
	Update on sbtest8  (cost=0.43..8.46 rows=0 width=0)
	  ->  Index Scan using sbtest8_pkey on sbtest8  (cost=0.43..8.46 rows=1 width=10)
	        Index Cond: (id = 6826110)

for index_updates
table 1 : explain UPDATE sbtest1 SET k=k+1 WHERE id=6808064
	Update on sbtest1  (cost=0.43..8.46 rows=0 width=0)
	  ->  Index Scan using sbtest1_pkey on sbtest1  (cost=0.43..8.46 rows=1 width=10)
	        Index Cond: (id = 6808064)

table 2 : explain UPDATE sbtest2 SET k=k+1 WHERE id=9918627
	Update on sbtest2  (cost=0.43..8.46 rows=0 width=0)
	  ->  Index Scan using sbtest2_pkey on sbtest2  (cost=0.43..8.46 rows=1 width=10)
	        Index Cond: (id = 9918627)

table 3 : explain UPDATE sbtest3 SET k=k+1 WHERE id=7713628
	Update on sbtest3  (cost=0.43..8.46 rows=0 width=0)
	  ->  Index Scan using sbtest3_pkey on sbtest3  (cost=0.43..8.46 rows=1 width=10)
	        Index Cond: (id = 7713628)

table 4 : explain UPDATE sbtest4 SET k=k+1 WHERE id=2134911
	Update on sbtest4  (cost=0.43..8.46 rows=0 width=0)
	  ->  Index Scan using sbtest4_pkey on sbtest4  (cost=0.43..8.46 rows=1 width=10)
	        Index Cond: (id = 2134911)

table 5 : explain UPDATE sbtest5 SET k=k+1 WHERE id=9471815
	Update on sbtest5  (cost=0.43..8.46 rows=0 width=0)
	  ->  Index Scan using sbtest5_pkey on sbtest5  (cost=0.43..8.46 rows=1 width=10)
	        Index Cond: (id = 9471815)

table 6 : explain UPDATE sbtest6 SET k=k+1 WHERE id=5274529
	Update on sbtest6  (cost=0.43..8.46 rows=0 width=0)
	  ->  Index Scan using sbtest6_pkey on sbtest6  (cost=0.43..8.46 rows=1 width=10)
	        Index Cond: (id = 5274529)

table 7 : explain UPDATE sbtest7 SET k=k+1 WHERE id=8619293
	Update on sbtest7  (cost=0.43..8.46 rows=0 width=0)
	  ->  Index Scan using sbtest7_pkey on sbtest7  (cost=0.43..8.46 rows=1 width=10)
	        Index Cond: (id = 8619293)

table 8 : explain UPDATE sbtest8 SET k=k+1 WHERE id=5579423
	Update on sbtest8  (cost=0.43..8.46 rows=0 width=0)
	  ->  Index Scan using sbtest8_pkey on sbtest8  (cost=0.43..8.46 rows=1 width=10)
	        Index Cond: (id = 5579423)

for: distinct_ranges
table 1 : explain SELECT DISTINCT c FROM sbtest1 WHERE id BETWEEN 2273565 AND 2273664 ORDER BY c
	Unique  (cost=447.80..448.37 rows=113 width=121)
	  ->  Sort  (cost=447.80..448.08 rows=113 width=121)
	        Sort Key: c
	        ->  Index Scan using sbtest1_pkey on sbtest1  (cost=0.43..443.95 rows=113 width=121)
	              Index Cond: ((id >= 2273565) AND (id <= 2273664))

table 2 : explain SELECT DISTINCT c FROM sbtest2 WHERE id BETWEEN 2253011 AND 2253110 ORDER BY c
	Unique  (cost=399.35..399.86 rows=101 width=121)
	  ->  Sort  (cost=399.35..399.61 rows=101 width=121)
	        Sort Key: c
	        ->  Index Scan using sbtest2_pkey on sbtest2  (cost=0.43..395.99 rows=101 width=121)
	              Index Cond: ((id >= 2253011) AND (id <= 2253110))

table 3 : explain SELECT DISTINCT c FROM sbtest3 WHERE id BETWEEN 222430 AND 222529 ORDER BY c
	Unique  (cost=399.96..400.47 rows=102 width=121)
	  ->  Sort  (cost=399.96..400.22 rows=102 width=121)
	        Sort Key: c
	        ->  Index Scan using sbtest3_pkey on sbtest3  (cost=0.43..396.56 rows=102 width=121)
	              Index Cond: ((id >= 222430) AND (id <= 222529))

table 4 : explain SELECT DISTINCT c FROM sbtest4 WHERE id BETWEEN 6040717 AND 6040816 ORDER BY c
	Unique  (cost=395.33..395.83 rows=100 width=121)
	  ->  Sort  (cost=395.33..395.58 rows=100 width=121)
	        Sort Key: c
	        ->  Index Scan using sbtest4_pkey on sbtest4  (cost=0.43..392.01 rows=100 width=121)
	              Index Cond: ((id >= 6040717) AND (id <= 6040816))

table 5 : explain SELECT DISTINCT c FROM sbtest5 WHERE id BETWEEN 8692834 AND 8692933 ORDER BY c
	Unique  (cost=400.43..400.94 rows=101 width=121)
	  ->  Sort  (cost=400.43..400.69 rows=101 width=121)
	        Sort Key: c
	        ->  Index Scan using sbtest5_pkey on sbtest5  (cost=0.43..397.07 rows=101 width=121)
	              Index Cond: ((id >= 8692834) AND (id <= 8692933))

table 6 : explain SELECT DISTINCT c FROM sbtest6 WHERE id BETWEEN 9237954 AND 9238053 ORDER BY c
	Unique  (cost=417.01..417.54 rows=106 width=121)
	  ->  Sort  (cost=417.01..417.27 rows=106 width=121)
	        Sort Key: c
	        ->  Index Scan using sbtest6_pkey on sbtest6  (cost=0.43..413.44 rows=106 width=121)
	              Index Cond: ((id >= 9237954) AND (id <= 9238053))

table 7 : explain SELECT DISTINCT c FROM sbtest7 WHERE id BETWEEN 7391107 AND 7391206 ORDER BY c
	Unique  (cost=415.45..415.98 rows=105 width=121)
	  ->  Sort  (cost=415.45..415.72 rows=105 width=121)
	        Sort Key: c
	        ->  Index Scan using sbtest7_pkey on sbtest7  (cost=0.43..411.93 rows=105 width=121)
	              Index Cond: ((id >= 7391107) AND (id <= 7391206))

table 8 : explain SELECT DISTINCT c FROM sbtest8 WHERE id BETWEEN 8912994 AND 8913093 ORDER BY c
	Unique  (cost=379.98..380.46 rows=96 width=121)
	  ->  Sort  (cost=379.98..380.22 rows=96 width=121)
	        Sort Key: c
	        ->  Index Scan using sbtest8_pkey on sbtest8  (cost=0.43..376.82 rows=96 width=121)
	              Index Cond: ((id >= 8912994) AND (id <= 8913093))

for non_index_updates
table 1 : explain UPDATE sbtest1 SET c='foobar' WHERE id=3054658
	Update on sbtest1  (cost=0.43..8.45 rows=0 width=0)
	  ->  Index Scan using sbtest1_pkey on sbtest1  (cost=0.43..8.45 rows=1 width=490)
	        Index Cond: (id = 3054658)

table 2 : explain UPDATE sbtest2 SET c='foobar' WHERE id=4766007
	Update on sbtest2  (cost=0.43..8.45 rows=0 width=0)
	  ->  Index Scan using sbtest2_pkey on sbtest2  (cost=0.43..8.45 rows=1 width=490)
	        Index Cond: (id = 4766007)

table 3 : explain UPDATE sbtest3 SET c='foobar' WHERE id=9910403
	Update on sbtest3  (cost=0.43..8.45 rows=0 width=0)
	  ->  Index Scan using sbtest3_pkey on sbtest3  (cost=0.43..8.45 rows=1 width=490)
	        Index Cond: (id = 9910403)

table 4 : explain UPDATE sbtest4 SET c='foobar' WHERE id=8404953
	Update on sbtest4  (cost=0.43..8.45 rows=0 width=0)
	  ->  Index Scan using sbtest4_pkey on sbtest4  (cost=0.43..8.45 rows=1 width=490)
	        Index Cond: (id = 8404953)

table 5 : explain UPDATE sbtest5 SET c='foobar' WHERE id=8745404
	Update on sbtest5  (cost=0.43..8.45 rows=0 width=0)
	  ->  Index Scan using sbtest5_pkey on sbtest5  (cost=0.43..8.45 rows=1 width=490)
	        Index Cond: (id = 8745404)

table 6 : explain UPDATE sbtest6 SET c='foobar' WHERE id=2517484
	Update on sbtest6  (cost=0.43..8.45 rows=0 width=0)
	  ->  Index Scan using sbtest6_pkey on sbtest6  (cost=0.43..8.45 rows=1 width=490)
	        Index Cond: (id = 2517484)

table 7 : explain UPDATE sbtest7 SET c='foobar' WHERE id=8836255
	Update on sbtest7  (cost=0.43..8.45 rows=0 width=0)
	  ->  Index Scan using sbtest7_pkey on sbtest7  (cost=0.43..8.45 rows=1 width=490)
	        Index Cond: (id = 8836255)

table 8 : explain UPDATE sbtest8 SET c='foobar' WHERE id=1533712
	Update on sbtest8  (cost=0.43..8.45 rows=0 width=0)
	  ->  Index Scan using sbtest8_pkey on sbtest8  (cost=0.43..8.45 rows=1 width=490)
	        Index Cond: (id = 1533712)

for: simple_ranges
table 1 : explain SELECT c FROM sbtest1 WHERE id BETWEEN 9641462 AND 9641561
	Index Scan using sbtest1_pkey on sbtest1  (cost=0.43..385.60 rows=98 width=121)
	  Index Cond: ((id >= 9641462) AND (id <= 9641561))

table 2 : explain SELECT c FROM sbtest2 WHERE id BETWEEN 9900315 AND 9900414
	Index Scan using sbtest2_pkey on sbtest2  (cost=0.43..380.46 rows=97 width=121)
	  Index Cond: ((id >= 9900315) AND (id <= 9900414))

table 3 : explain SELECT c FROM sbtest3 WHERE id BETWEEN 2215581 AND 2215680
	Index Scan using sbtest3_pkey on sbtest3  (cost=0.43..427.29 rows=110 width=121)
	  Index Cond: ((id >= 2215581) AND (id <= 2215680))

table 4 : explain SELECT c FROM sbtest4 WHERE id BETWEEN 454462 AND 454561
	Index Scan using sbtest4_pkey on sbtest4  (cost=0.43..411.41 rows=105 width=121)
	  Index Cond: ((id >= 454462) AND (id <= 454561))

table 5 : explain SELECT c FROM sbtest5 WHERE id BETWEEN 1902570 AND 1902669
	Index Scan using sbtest5_pkey on sbtest5  (cost=0.43..369.84 rows=94 width=121)
	  Index Cond: ((id >= 1902570) AND (id <= 1902669))

table 6 : explain SELECT c FROM sbtest6 WHERE id BETWEEN 9496316 AND 9496415
	Index Scan using sbtest6_pkey on sbtest6  (cost=0.43..413.44 rows=106 width=121)
	  Index Cond: ((id >= 9496316) AND (id <= 9496415))

table 7 : explain SELECT c FROM sbtest7 WHERE id BETWEEN 6237956 AND 6238055
	Index Scan using sbtest7_pkey on sbtest7  (cost=0.43..388.62 rows=99 width=121)
	  Index Cond: ((id >= 6237956) AND (id <= 6238055))

table 8 : explain SELECT c FROM sbtest8 WHERE id BETWEEN 741219 AND 741318
	Index Scan using sbtest8_pkey on sbtest8  (cost=0.43..376.82 rows=96 width=121)
	  Index Cond: ((id >= 741219) AND (id <= 741318))

explain: for deletes :: explain DELETE FROM sbtest%u WHERE id=%u
explain: for non_index_updates :: explain UPDATE sbtest%u SET c='foobar' WHERE id=%uexplain: for non_index_updates :: explain UPDATE sbtest%u SET c='foobar' WHERE id=%uexplain: for index_updates :: explain UPDATE sbtest%u SET k=k+1 WHERE id=%u

for: order_ranges
table 1 : explain SELECT c FROM sbtest1 WHERE id BETWEEN 371253 AND 371352 ORDER BY c
	Sort  (cost=424.23..424.50 rows=107 width=121)
	  Sort Key: c
	  ->  Index Scan using sbtest1_pkey on sbtest1  (cost=0.43..420.62 rows=107 width=121)
	        Index Cond: ((id >= 371253) AND (id <= 371352))

table 2 : explain SELECT c FROM sbtest2 WHERE id BETWEEN 8241460 AND 8241559 ORDER BY c
	Sort  (cost=375.83..376.07 rows=95 width=121)
	  Sort Key: c
	  ->  Index Scan using sbtest2_pkey on sbtest2  (cost=0.43..372.71 rows=95 width=121)
	        Index Cond: ((id >= 8241460) AND (id <= 8241559))

table 3 : explain SELECT c FROM sbtest3 WHERE id BETWEEN 4585657 AND 4585756 ORDER BY c
	Sort  (cost=380.51..380.75 rows=97 width=121)
	  Sort Key: c
	  ->  Index Scan using sbtest3_pkey on sbtest3  (cost=0.43..377.31 rows=97 width=121)
	        Index Cond: ((id >= 4585657) AND (id <= 4585756))

table 4 : explain SELECT c FROM sbtest4 WHERE id BETWEEN 1641956 AND 1642055 ORDER BY c
	Sort  (cost=360.10..360.33 rows=91 width=121)
	  Sort Key: c
	  ->  Index Scan using sbtest4_pkey on sbtest4  (cost=0.43..357.14 rows=91 width=121)
	        Index Cond: ((id >= 1641956) AND (id <= 1642055))

table 5 : explain SELECT c FROM sbtest5 WHERE id BETWEEN 541796 AND 541895 ORDER BY c
	Sort  (cost=408.28..408.54 rows=103 width=121)
	  Sort Key: c
	  ->  Index Scan using sbtest5_pkey on sbtest5  (cost=0.43..404.84 rows=103 width=121)
	        Index Cond: ((id >= 541796) AND (id <= 541895))

table 6 : explain SELECT c FROM sbtest6 WHERE id BETWEEN 5883553 AND 5883652 ORDER BY c
	Sort  (cost=381.90..382.14 rows=97 width=121)
	  Sort Key: c
	  ->  Index Scan using sbtest6_pkey on sbtest6  (cost=0.43..378.70 rows=97 width=121)
	        Index Cond: ((id >= 5883553) AND (id <= 5883652))

table 7 : explain SELECT c FROM sbtest7 WHERE id BETWEEN 9999459 AND 9999558 ORDER BY c
	Sort  (cost=431.13..431.40 rows=109 width=121)
	  Sort Key: c
	  ->  Index Scan using sbtest7_pkey on sbtest7  (cost=0.43..427.44 rows=109 width=121)
	        Index Cond: ((id >= 9999459) AND (id <= 9999558))

table 8 : explain SELECT c FROM sbtest8 WHERE id BETWEEN 8672212 AND 8672311 ORDER BY c
	Sort  (cost=407.44..407.69 rows=103 width=121)
	  Sort Key: c
	  ->  Index Scan using sbtest8_pkey on sbtest8  (cost=0.43..403.99 rows=103 width=121)
	        Index Cond: ((id >= 8672212) AND (id <= 8672311))


explain: for point_selects :: explain SELECT c FROM sbtest%u WHERE id=%u
for: distinct_ranges
table 1 : explain SELECT DISTINCT c FROM sbtest1 WHERE id BETWEEN 9597547 AND 9597646 ORDER BY c
	Unique  (cost=388.84..389.33 rows=98 width=121)
	  ->  Sort  (cost=388.84..389.09 rows=98 width=121)
	        Sort Key: c
	        ->  Index Scan using sbtest1_pkey on sbtest1  (cost=0.43..385.60 rows=98 width=121)
	              Index Cond: ((id >= 9597547) AND (id <= 9597646))

table 2 : explain SELECT DISTINCT c FROM sbtest2 WHERE id BETWEEN 3257021 AND 3257120 ORDER BY c
	Unique  (cost=407.18..407.70 rows=103 width=121)
	  ->  Sort  (cost=407.18..407.44 rows=103 width=121)
	        Sort Key: c
	        ->  Index Scan using sbtest2_pkey on sbtest2  (cost=0.43..403.74 rows=103 width=121)
	              Index Cond: ((id >= 3257021) AND (id <= 3257120))

table 3 : explain SELECT DISTINCT c FROM sbtest3 WHERE id BETWEEN 8704443 AND 8704542 ORDER BY c
	Unique  (cost=380.51..380.99 rows=97 width=121)
	  ->  Sort  (cost=380.51..380.75 rows=97 width=121)
	        Sort Key: c
	        ->  Index Scan using sbtest3_pkey on sbtest3  (cost=0.43..377.31 rows=97 width=121)
	              Index Cond: ((id >= 8704443) AND (id <= 8704542))

table 4 : explain SELECT DISTINCT c FROM sbtest4 WHERE id BETWEEN 6954773 AND 6954872 ORDER BY c
	Unique  (cost=387.50..387.99 rows=98 width=121)
	  ->  Sort  (cost=387.50..387.74 rows=98 width=121)
	        Sort Key: c
	        ->  Index Scan using sbtest4_pkey on sbtest4  (cost=0.43..384.26 rows=98 width=121)
	              Index Cond: ((id >= 6954773) AND (id <= 6954872))

table 5 : explain SELECT DISTINCT c FROM sbtest5 WHERE id BETWEEN 2080387 AND 2080486 ORDER BY c
	Unique  (cost=372.92..373.39 rows=94 width=121)
	  ->  Sort  (cost=372.92..373.16 rows=94 width=121)
	        Sort Key: c
	        ->  Index Scan using sbtest5_pkey on sbtest5  (cost=0.43..369.84 rows=94 width=121)
	              Index Cond: ((id >= 2080387) AND (id <= 2080486))

table 6 : explain SELECT DISTINCT c FROM sbtest6 WHERE id BETWEEN 3630484 AND 3630583 ORDER BY c
	Unique  (cost=381.90..382.38 rows=97 width=121)
	  ->  Sort  (cost=381.90..382.14 rows=97 width=121)
	        Sort Key: c
	        ->  Index Scan using sbtest6_pkey on sbtest6  (cost=0.43..378.70 rows=97 width=121)
	              Index Cond: ((id >= 3630484) AND (id <= 3630583))

table 7 : explain SELECT DISTINCT c FROM sbtest7 WHERE id BETWEEN 5203374 AND 5203473 ORDER BY c
	Unique  (cost=376.23..376.70 rows=95 width=121)
	  ->  Sort  (cost=376.23..376.47 rows=95 width=121)
	        Sort Key: c
	        ->  Index Scan using sbtest7_pkey on sbtest7  (cost=0.43..373.11 rows=95 width=121)
	              Index Cond: ((id >= 5203374) AND (id <= 5203473))

table 8 : explain SELECT DISTINCT c FROM sbtest8 WHERE id BETWEEN 4489450 AND 4489549 ORDER BY c
	Unique  (cost=419.19..419.72 rows=106 width=121)
	  ->  Sort  (cost=419.19..419.45 rows=106 width=121)
	        Sort Key: c
	        ->  Index Scan using sbtest8_pkey on sbtest8  (cost=0.43..415.62 rows=106 width=121)
	              Index Cond: ((id >= 4489450) AND (id <= 4489549))

for: distinct_ranges
table 1 : explain SELECT DISTINCT c FROM sbtest1 WHERE id BETWEEN 1615029 AND 1615128 ORDER BY c
	Unique  (cost=400.66..401.17 rows=101 width=121)
	  ->  Sort  (cost=400.66..400.91 rows=101 width=121)
	        Sort Key: c
	        ->  Index Scan using sbtest1_pkey on sbtest1  (cost=0.43..397.30 rows=101 width=121)
	              Index Cond: ((id >= 1615029) AND (id <= 1615128))

table 2 : explain SELECT DISTINCT c FROM sbtest2 WHERE id BETWEEN 4314192 AND 4314291 ORDER BY c
	Unique  (cost=375.83..376.31 rows=95 width=121)
	  ->  Sort  (cost=375.83..376.07 rows=95 width=121)
	        Sort Key: c
	        ->  Index Scan using sbtest2_pkey on sbtest2  (cost=0.43..372.71 rows=95 width=121)
	              Index Cond: ((id >= 4314192) AND (id <= 4314291))

table 3 : explain SELECT DISTINCT c FROM sbtest3 WHERE id BETWEEN 291095 AND 291194 ORDER BY c
	Unique  (cost=399.96..400.47 rows=102 width=121)
	  ->  Sort  (cost=399.96..400.22 rows=102 width=121)
	        Sort Key: c
	        ->  Index Scan using sbtest3_pkey on sbtest3  (cost=0.43..396.56 rows=102 width=121)
	              Index Cond: ((id >= 291095) AND (id <= 291194))

table 4 : explain SELECT DISTINCT c FROM sbtest4 WHERE id BETWEEN 2180622 AND 2180721 ORDER BY c
	Unique  (cost=414.93..415.46 rows=105 width=121)
	  ->  Sort  (cost=414.93..415.20 rows=105 width=121)
	        Sort Key: c
	        ->  Index Scan using sbtest4_pkey on sbtest4  (cost=0.43..411.41 rows=105 width=121)
	              Index Cond: ((id >= 2180622) AND (id <= 2180721))

table 5 : explain SELECT DISTINCT c FROM sbtest5 WHERE id BETWEEN 6629787 AND 6629886 ORDER BY c
	Unique  (cost=392.58..393.08 rows=99 width=121)
	  ->  Sort  (cost=392.58..392.83 rows=99 width=121)
	        Sort Key: c
	        ->  Index Scan using sbtest5_pkey on sbtest5  (cost=0.43..389.30 rows=99 width=121)
	              Index Cond: ((id >= 6629787) AND (id <= 6629886))

table 6 : explain SELECT DISTINCT c FROM sbtest6 WHERE id BETWEEN 6607567 AND 6607666 ORDER BY c
	Unique  (cost=397.53..398.03 rows=101 width=121)
	  ->  Sort  (cost=397.53..397.78 rows=101 width=121)
	        Sort Key: c
	        ->  Index Scan using sbtest6_pkey on sbtest6  (cost=0.43..394.16 rows=101 width=121)
	              Index Cond: ((id >= 6607567) AND (id <= 6607666))

table 7 : explain SELECT DISTINCT c FROM sbtest7 WHERE id BETWEEN 8049977 AND 8050076 ORDER BY c
	Unique  (cost=368.39..368.86 rows=93 width=121)
	  ->  Sort  (cost=368.39..368.62 rows=93 width=121)
	        Sort Key: c
	        ->  Index Scan using sbtest7_pkey on sbtest7  (cost=0.43..365.35 rows=93 width=121)
	              Index Cond: ((id >= 8049977) AND (id <= 8050076))

table 8 : explain SELECT DISTINCT c FROM sbtest8 WHERE id BETWEEN 7531655 AND 7531754 ORDER BY c
	Unique  (cost=403.52..404.03 rows=102 width=121)
	  ->  Sort  (cost=403.52..403.77 rows=102 width=121)
	        Sort Key: c
	        ->  Index Scan using sbtest8_pkey on sbtest8  (cost=0.43..400.12 rows=102 width=121)
	              Index Cond: ((id >= 7531655) AND (id <= 7531754))

for deletes
table 1 : explain DELETE FROM sbtest1 WHERE id=7084622
	Delete on sbtest1  (cost=0.43..8.45 rows=0 width=0)
	  ->  Index Scan using sbtest1_pkey on sbtest1  (cost=0.43..8.45 rows=1 width=6)
	        Index Cond: (id = 7084622)

table 2 : explain DELETE FROM sbtest2 WHERE id=2647752
	Delete on sbtest2  (cost=0.43..8.45 rows=0 width=0)
	  ->  Index Scan using sbtest2_pkey on sbtest2  (cost=0.43..8.45 rows=1 width=6)
	        Index Cond: (id = 2647752)

table 3 : explain DELETE FROM sbtest3 WHERE id=8794640
	Delete on sbtest3  (cost=0.43..8.45 rows=0 width=0)
	  ->  Index Scan using sbtest3_pkey on sbtest3  (cost=0.43..8.45 rows=1 width=6)
	        Index Cond: (id = 8794640)

table 4 : explain DELETE FROM sbtest4 WHERE id=3930905
	Delete on sbtest4  (cost=0.43..8.45 rows=0 width=0)
	  ->  Index Scan using sbtest4_pkey on sbtest4  (cost=0.43..8.45 rows=1 width=6)
	        Index Cond: (id = 3930905)

table 5 : explain DELETE FROM sbtest5 WHERE id=2073591
	Delete on sbtest5  (cost=0.43..8.45 rows=0 width=0)
	  ->  Index Scan using sbtest5_pkey on sbtest5  (cost=0.43..8.45 rows=1 width=6)
	        Index Cond: (id = 2073591)

table 6 : explain DELETE FROM sbtest6 WHERE id=4376228
	Delete on sbtest6  (cost=0.43..8.45 rows=0 width=0)
	  ->  Index Scan using sbtest6_pkey on sbtest6  (cost=0.43..8.45 rows=1 width=6)
	        Index Cond: (id = 4376228)

table 7 : explain DELETE FROM sbtest7 WHERE id=6906303
	Delete on sbtest7  (cost=0.43..8.45 rows=0 width=0)
	  ->  Index Scan using sbtest7_pkey on sbtest7  (cost=0.43..8.45 rows=1 width=6)
	        Index Cond: (id = 6906303)

table 8 : explain DELETE FROM sbtest8 WHERE id=4486084
	Delete on sbtest8  (cost=0.43..8.45 rows=0 width=0)
	  ->  Index Scan using sbtest8_pkey on sbtest8  (cost=0.43..8.45 rows=1 width=6)
	        Index Cond: (id = 4486084)

explain: for index_updates :: explain UPDATE sbtest%u SET k=k+1 WHERE id=%u
for non_index_updates
table 1 : explain UPDATE sbtest1 SET c='foobar' WHERE id=2380936
	Update on sbtest1  (cost=0.43..8.45 rows=0 width=0)
	  ->  Index Scan using sbtest1_pkey on sbtest1  (cost=0.43..8.45 rows=1 width=490)
	        Index Cond: (id = 2380936)

table 2 : explain UPDATE sbtest2 SET c='foobar' WHERE id=7072377
	Update on sbtest2  (cost=0.43..8.45 rows=0 width=0)
	  ->  Index Scan using sbtest2_pkey on sbtest2  (cost=0.43..8.45 rows=1 width=490)
	        Index Cond: (id = 7072377)

table 3 : explain UPDATE sbtest3 SET c='foobar' WHERE id=5551651
	Update on sbtest3  (cost=0.43..8.45 rows=0 width=0)
	  ->  Index Scan using sbtest3_pkey on sbtest3  (cost=0.43..8.45 rows=1 width=490)
	        Index Cond: (id = 5551651)

table 4 : explain UPDATE sbtest4 SET c='foobar' WHERE id=6538232
	Update on sbtest4  (cost=0.43..8.45 rows=0 width=0)
	  ->  Index Scan using sbtest4_pkey on sbtest4  (cost=0.43..8.45 rows=1 width=490)
	        Index Cond: (id = 6538232)

table 5 : explain UPDATE sbtest5 SET c='foobar' WHERE id=4478594
	Update on sbtest5  (cost=0.43..8.45 rows=0 width=0)
	  ->  Index Scan using sbtest5_pkey on sbtest5  (cost=0.43..8.45 rows=1 width=490)
	        Index Cond: (id = 4478594)

table 6 : explain UPDATE sbtest6 SET c='foobar' WHERE id=7412846
	Update on sbtest6  (cost=0.43..8.45 rows=0 width=0)
	  ->  Index Scan using sbtest6_pkey on sbtest6  (cost=0.43..8.45 rows=1 width=490)
	        Index Cond: (id = 7412846)

table 7 : explain UPDATE sbtest7 SET c='foobar' WHERE id=2914044
	Update on sbtest7  (cost=0.43..8.45 rows=0 width=0)
	  ->  Index Scan using sbtest7_pkey on sbtest7  (cost=0.43..8.45 rows=1 width=490)
	        Index Cond: (id = 2914044)

table 8 : explain UPDATE sbtest8 SET c='foobar' WHERE id=6598941
	Update on sbtest8  (cost=0.43..8.45 rows=0 width=0)
	  ->  Index Scan using sbtest8_pkey on sbtest8  (cost=0.43..8.45 rows=1 width=490)
	        Index Cond: (id = 6598941)

for non_index_updates
table 1 : explain UPDATE sbtest1 SET c='foobar' WHERE id=916898
	Update on sbtest1  (cost=0.43..8.45 rows=0 width=0)
	  ->  Index Scan using sbtest1_pkey on sbtest1  (cost=0.43..8.45 rows=1 width=490)
	        Index Cond: (id = 916898)

table 2 : explain UPDATE sbtest2 SET c='foobar' WHERE id=6457882
	Update on sbtest2  (cost=0.43..8.45 rows=0 width=0)
	  ->  Index Scan using sbtest2_pkey on sbtest2  (cost=0.43..8.45 rows=1 width=490)
	        Index Cond: (id = 6457882)

table 3 : explain UPDATE sbtest3 SET c='foobar' WHERE id=7665206
	Update on sbtest3  (cost=0.43..8.45 rows=0 width=0)
	  ->  Index Scan using sbtest3_pkey on sbtest3  (cost=0.43..8.45 rows=1 width=490)
	        Index Cond: (id = 7665206)

table 4 : explain UPDATE sbtest4 SET c='foobar' WHERE id=9725251
	Update on sbtest4  (cost=0.43..8.45 rows=0 width=0)
	  ->  Index Scan using sbtest4_pkey on sbtest4  (cost=0.43..8.45 rows=1 width=490)
	        Index Cond: (id = 9725251)

table 5 : explain UPDATE sbtest5 SET c='foobar' WHERE id=5872161
	Update on sbtest5  (cost=0.43..8.45 rows=0 width=0)
	  ->  Index Scan using sbtest5_pkey on sbtest5  (cost=0.43..8.45 rows=1 width=490)
	        Index Cond: (id = 5872161)

table 6 : explain UPDATE sbtest6 SET c='foobar' WHERE id=6301375
	Update on sbtest6  (cost=0.43..8.45 rows=0 width=0)
	  ->  Index Scan using sbtest6_pkey on sbtest6  (cost=0.43..8.45 rows=1 width=490)
	        Index Cond: (id = 6301375)

table 7 : explain UPDATE sbtest7 SET c='foobar' WHERE id=7811650
	Update on sbtest7  (cost=0.43..8.45 rows=0 width=0)
	  ->  Index Scan using sbtest7_pkey on sbtest7  (cost=0.43..8.45 rows=1 width=490)
	        Index Cond: (id = 7811650)

table 8 : explain UPDATE sbtest8 SET c='foobar' WHERE id=923173
	Update on sbtest8  (cost=0.43..8.45 rows=0 width=0)
	  ->  Index Scan using sbtest8_pkey on sbtest8  (cost=0.43..8.45 rows=1 width=490)
	        Index Cond: (id = 923173)

explain: for index_updates :: explain UPDATE sbtest%u SET k=k+1 WHERE id=%u
for index_updates
table 1 : explain UPDATE sbtest1 SET k=k+1 WHERE id=3801578
	Update on sbtest1  (cost=0.43..8.46 rows=0 width=0)
	  ->  Index Scan using sbtest1_pkey on sbtest1  (cost=0.43..8.46 rows=1 width=10)
	        Index Cond: (id = 3801578)

table 2 : explain UPDATE sbtest2 SET k=k+1 WHERE id=7009814
	Update on sbtest2  (cost=0.43..8.46 rows=0 width=0)
	  ->  Index Scan using sbtest2_pkey on sbtest2  (cost=0.43..8.46 rows=1 width=10)
	        Index Cond: (id = 7009814)

table 3 : explain UPDATE sbtest3 SET k=k+1 WHERE id=7256710
	Update on sbtest3  (cost=0.43..8.46 rows=0 width=0)
	  ->  Index Scan using sbtest3_pkey on sbtest3  (cost=0.43..8.46 rows=1 width=10)
	        Index Cond: (id = 7256710)

table 4 : explain UPDATE sbtest4 SET k=k+1 WHERE id=8637905
	Update on sbtest4  (cost=0.43..8.46 rows=0 width=0)
	  ->  Index Scan using sbtest4_pkey on sbtest4  (cost=0.43..8.46 rows=1 width=10)
	        Index Cond: (id = 8637905)

table 5 : explain UPDATE sbtest5 SET k=k+1 WHERE id=1965267
	Update on sbtest5  (cost=0.43..8.46 rows=0 width=0)
	  ->  Index Scan using sbtest5_pkey on sbtest5  (cost=0.43..8.46 rows=1 width=10)
	        Index Cond: (id = 1965267)

table 6 : explain UPDATE sbtest6 SET k=k+1 WHERE id=1100138
	Update on sbtest6  (cost=0.43..8.46 rows=0 width=0)
	  ->  Index Scan using sbtest6_pkey on sbtest6  (cost=0.43..8.46 rows=1 width=10)
	        Index Cond: (id = 1100138)

table 7 : explain UPDATE sbtest7 SET k=k+1 WHERE id=9767259
	Update on sbtest7  (cost=0.43..8.46 rows=0 width=0)
	  ->  Index Scan using sbtest7_pkey on sbtest7  (cost=0.43..8.46 rows=1 width=10)
	        Index Cond: (id = 9767259)

table 8 : explain UPDATE sbtest8 SET k=k+1 WHERE id=4902655
	Update on sbtest8  (cost=0.43..8.46 rows=0 width=0)
	  ->  Index Scan using sbtest8_pkey on sbtest8  (cost=0.43..8.46 rows=1 width=10)
	        Index Cond: (id = 4902655)

for: simple_ranges
table 1 : explain SELECT c FROM sbtest1 WHERE id BETWEEN 2902044 AND 2902143
	Index Scan using sbtest1_pkey on sbtest1  (cost=0.43..373.94 rows=95 width=121)
	  Index Cond: ((id >= 2902044) AND (id <= 2902143))

table 2 : explain SELECT c FROM sbtest2 WHERE id BETWEEN 5841662 AND 5841761
	Index Scan using sbtest2_pkey on sbtest2  (cost=0.43..407.61 rows=104 width=121)
	  Index Cond: ((id >= 5841662) AND (id <= 5841761))

table 3 : explain SELECT c FROM sbtest3 WHERE id BETWEEN 4504038 AND 4504137
	Index Scan using sbtest3_pkey on sbtest3  (cost=0.43..415.77 rows=107 width=121)
	  Index Cond: ((id >= 4504038) AND (id <= 4504137))

table 4 : explain SELECT c FROM sbtest4 WHERE id BETWEEN 2447568 AND 2447667
	Index Scan using sbtest4_pkey on sbtest4  (cost=0.43..368.76 rows=94 width=121)
	  Index Cond: ((id >= 2447568) AND (id <= 2447667))

table 5 : explain SELECT c FROM sbtest5 WHERE id BETWEEN 8543410 AND 8543509
	Index Scan using sbtest5_pkey on sbtest5  (cost=0.43..400.96 rows=102 width=121)
	  Index Cond: ((id >= 8543410) AND (id <= 8543509))

table 6 : explain SELECT c FROM sbtest6 WHERE id BETWEEN 125644 AND 125743
	Index Scan using sbtest6_pkey on sbtest6  (cost=0.43..413.44 rows=106 width=121)
	  Index Cond: ((id >= 125644) AND (id <= 125743))

table 7 : explain SELECT c FROM sbtest7 WHERE id BETWEEN 2920449 AND 2920548
	Index Scan using sbtest7_pkey on sbtest7  (cost=0.43..415.81 rows=106 width=121)
	  Index Cond: ((id >= 2920449) AND (id <= 2920548))

table 8 : explain SELECT c FROM sbtest8 WHERE id BETWEEN 1511932 AND 1512031
	Index Scan using sbtest8_pkey on sbtest8  (cost=0.43..392.36 rows=100 width=121)
	  Index Cond: ((id >= 1511932) AND (id <= 1512031))

explain: for deletes :: explain DELETE FROM sbtest%u WHERE id=%u
explain: for inserts :: explain INSERT INTO sbtest%u (id, k, c, pad) VALUES (%u, 13, 'foobar', 'foobar')
for index_updates
table 1 : explain UPDATE sbtest1 SET k=k+1 WHERE id=5233137
	Update on sbtest1  (cost=0.43..8.46 rows=0 width=0)
	  ->  Index Scan using sbtest1_pkey on sbtest1  (cost=0.43..8.46 rows=1 width=10)
	        Index Cond: (id = 5233137)

table 2 : explain UPDATE sbtest2 SET k=k+1 WHERE id=9640818
	Update on sbtest2  (cost=0.43..8.46 rows=0 width=0)
	  ->  Index Scan using sbtest2_pkey on sbtest2  (cost=0.43..8.46 rows=1 width=10)
	        Index Cond: (id = 9640818)

table 3 : explain UPDATE sbtest3 SET k=k+1 WHERE id=9837979
	Update on sbtest3  (cost=0.43..8.46 rows=0 width=0)
	  ->  Index Scan using sbtest3_pkey on sbtest3  (cost=0.43..8.46 rows=1 width=10)
	        Index Cond: (id = 9837979)

table 4 : explain UPDATE sbtest4 SET k=k+1 WHERE id=7398133
	Update on sbtest4  (cost=0.43..8.46 rows=0 width=0)
	  ->  Index Scan using sbtest4_pkey on sbtest4  (cost=0.43..8.46 rows=1 width=10)
	        Index Cond: (id = 7398133)

table 5 : explain UPDATE sbtest5 SET k=k+1 WHERE id=9431064
	Update on sbtest5  (cost=0.43..8.46 rows=0 width=0)
	  ->  Index Scan using sbtest5_pkey on sbtest5  (cost=0.43..8.46 rows=1 width=10)
	        Index Cond: (id = 9431064)

table 6 : explain UPDATE sbtest6 SET k=k+1 WHERE id=9298939
	Update on sbtest6  (cost=0.43..8.46 rows=0 width=0)
	  ->  Index Scan using sbtest6_pkey on sbtest6  (cost=0.43..8.46 rows=1 width=10)
	        Index Cond: (id = 9298939)

table 7 : explain UPDATE sbtest7 SET k=k+1 WHERE id=470973
	Update on sbtest7  (cost=0.43..8.46 rows=0 width=0)
	  ->  Index Scan using sbtest7_pkey on sbtest7  (cost=0.43..8.46 rows=1 width=10)
	        Index Cond: (id = 470973)

table 8 : explain UPDATE sbtest8 SET k=k+1 WHERE id=5756468
	Update on sbtest8  (cost=0.43..8.46 rows=0 width=0)
	  ->  Index Scan using sbtest8_pkey on sbtest8  (cost=0.43..8.46 rows=1 width=10)
	        Index Cond: (id = 5756468)

explain: for non_index_updates :: explain UPDATE sbtest%u SET c='foobar' WHERE id=%u
for: distinct_ranges
table 1 : explain SELECT DISTINCT c FROM sbtest1 WHERE id BETWEEN 2411092 AND 2411191 ORDER BY c
	Unique  (cost=432.09..432.63 rows=109 width=121)
	  ->  Sort  (cost=432.09..432.36 rows=109 width=121)
	        Sort Key: c
	        ->  Index Scan using sbtest1_pkey on sbtest1  (cost=0.43..428.40 rows=109 width=121)
	              Index Cond: ((id >= 2411092) AND (id <= 2411191))

table 2 : explain SELECT DISTINCT c FROM sbtest2 WHERE id BETWEEN 9516800 AND 9516899 ORDER BY c
	Unique  (cost=391.49..391.98 rows=99 width=121)
	  ->  Sort  (cost=391.49..391.74 rows=99 width=121)
	        Sort Key: c
	        ->  Index Scan using sbtest2_pkey on sbtest2  (cost=0.43..388.21 rows=99 width=121)
	              Index Cond: ((id >= 9516800) AND (id <= 9516899))

table 3 : explain SELECT DISTINCT c FROM sbtest3 WHERE id BETWEEN 7034340 AND 7034439 ORDER BY c
	Unique  (cost=372.75..373.22 rows=95 width=121)
	  ->  Sort  (cost=372.75..372.98 rows=95 width=121)
	        Sort Key: c
	        ->  Index Scan using sbtest3_pkey on sbtest3  (cost=0.43..369.63 rows=95 width=121)
	              Index Cond: ((id >= 7034340) AND (id <= 7034439))

table 4 : explain SELECT DISTINCT c FROM sbtest4 WHERE id BETWEEN 6849971 AND 6850070 ORDER BY c
	Unique  (cost=391.41..391.91 rows=99 width=121)
	  ->  Sort  (cost=391.41..391.66 rows=99 width=121)
	        Sort Key: c
	        ->  Index Scan using sbtest4_pkey on sbtest4  (cost=0.43..388.13 rows=99 width=121)
	              Index Cond: ((id >= 6849971) AND (id <= 6850070))

table 5 : explain SELECT DISTINCT c FROM sbtest5 WHERE id BETWEEN 2272697 AND 2272796 ORDER BY c
	Unique  (cost=420.06..420.59 rows=106 width=121)
	  ->  Sort  (cost=420.06..420.33 rows=106 width=121)
	        Sort Key: c
	        ->  Index Scan using sbtest5_pkey on sbtest5  (cost=0.43..416.50 rows=106 width=121)
	              Index Cond: ((id >= 2272697) AND (id <= 2272796))

table 6 : explain SELECT DISTINCT c FROM sbtest6 WHERE id BETWEEN 8781786 AND 8781885 ORDER BY c
	Unique  (cost=381.90..382.38 rows=97 width=121)
	  ->  Sort  (cost=381.90..382.14 rows=97 width=121)
	        Sort Key: c
	        ->  Index Scan using sbtest6_pkey on sbtest6  (cost=0.43..378.70 rows=97 width=121)
	              Index Cond: ((id >= 8781786) AND (id <= 8781885))

table 7 : explain SELECT DISTINCT c FROM sbtest7 WHERE id BETWEEN 8367601 AND 8367700 ORDER BY c
	Unique  (cost=427.21..427.75 rows=108 width=121)
	  ->  Sort  (cost=427.21..427.48 rows=108 width=121)
	        Sort Key: c
	        ->  Index Scan using sbtest7_pkey on sbtest7  (cost=0.43..423.56 rows=108 width=121)
	              Index Cond: ((id >= 8367601) AND (id <= 8367700))

table 8 : explain SELECT DISTINCT c FROM sbtest8 WHERE id BETWEEN 9026918 AND 9027017 ORDER BY c
	Unique  (cost=379.98..380.46 rows=96 width=121)
	  ->  Sort  (cost=379.98..380.22 rows=96 width=121)
	        Sort Key: c
	        ->  Index Scan using sbtest8_pkey on sbtest8  (cost=0.43..376.82 rows=96 width=121)
	              Index Cond: ((id >= 9026918) AND (id <= 9027017))

for: sum_ranges
table 1 : explain SELECT SUM(k) FROM sbtest1 WHERE id BETWEEN 4791547 AND 4791646
	Aggregate  (cost=444.23..444.24 rows=1 width=8)
	  ->  Index Scan using sbtest1_pkey on sbtest1  (cost=0.43..443.95 rows=113 width=4)
	        Index Cond: ((id >= 4791547) AND (id <= 4791646))

table 2 : explain SELECT SUM(k) FROM sbtest2 WHERE id BETWEEN 8269026 AND 8269125
	Aggregate  (cost=435.01..435.02 rows=1 width=8)
	  ->  Index Scan using sbtest2_pkey on sbtest2  (cost=0.43..434.73 rows=111 width=4)
	        Index Cond: ((id >= 8269026) AND (id <= 8269125))

table 3 : explain SELECT SUM(k) FROM sbtest3 WHERE id BETWEEN 2544343 AND 2544442
	Aggregate  (cost=385.24..385.25 rows=1 width=8)
	  ->  Index Scan using sbtest3_pkey on sbtest3  (cost=0.43..384.99 rows=99 width=4)
	        Index Cond: ((id >= 2544343) AND (id <= 2544442))

table 4 : explain SELECT SUM(k) FROM sbtest4 WHERE id BETWEEN 5997802 AND 5997901
	Aggregate  (cost=392.26..392.27 rows=1 width=8)
	  ->  Index Scan using sbtest4_pkey on sbtest4  (cost=0.43..392.01 rows=100 width=4)
	        Index Cond: ((id >= 5997802) AND (id <= 5997901))

table 5 : explain SELECT SUM(k) FROM sbtest5 WHERE id BETWEEN 6794615 AND 6794714
	Aggregate  (cost=428.42..428.43 rows=1 width=8)
	  ->  Index Scan using sbtest5_pkey on sbtest5  (cost=0.43..428.15 rows=109 width=4)
	        Index Cond: ((id >= 6794615) AND (id <= 6794714))

table 6 : explain SELECT SUM(k) FROM sbtest6 WHERE id BETWEEN 113967 AND 114066
	Aggregate  (cost=413.71..413.72 rows=1 width=8)
	  ->  Index Scan using sbtest6_pkey on sbtest6  (cost=0.43..413.44 rows=106 width=4)
	        Index Cond: ((id >= 113967) AND (id <= 114066))

table 7 : explain SELECT SUM(k) FROM sbtest7 WHERE id BETWEEN 5030465 AND 5030564
	Aggregate  (cost=384.99..385.00 rows=1 width=8)
	  ->  Index Scan using sbtest7_pkey on sbtest7  (cost=0.43..384.74 rows=98 width=4)
	        Index Cond: ((id >= 5030465) AND (id <= 5030564))

table 8 : explain SELECT SUM(k) FROM sbtest8 WHERE id BETWEEN 6088278 AND 6088377
	Aggregate  (cost=377.06..377.07 rows=1 width=8)
	  ->  Index Scan using sbtest8_pkey on sbtest8  (cost=0.43..376.82 rows=96 width=4)
	        Index Cond: ((id >= 6088278) AND (id <= 6088377))

explain: for deletes :: explain DELETE FROM sbtest%u WHERE id=%u
for inserts
table 1 : explain INSERT INTO sbtest1 (id, k, c, pad) VALUES (835074, 13, 'foobar', 'foobar')
	Insert on sbtest1  (cost=0.00..0.01 rows=0 width=0)
	  ->  Result  (cost=0.00..0.01 rows=1 width=736)

table 2 : explain INSERT INTO sbtest2 (id, k, c, pad) VALUES (215283, 13, 'foobar', 'foobar')
	Insert on sbtest2  (cost=0.00..0.01 rows=0 width=0)
	  ->  Result  (cost=0.00..0.01 rows=1 width=736)

table 3 : explain INSERT INTO sbtest3 (id, k, c, pad) VALUES (4850623, 13, 'foobar', 'foobar')
	Insert on sbtest3  (cost=0.00..0.01 rows=0 width=0)
	  ->  Result  (cost=0.00..0.01 rows=1 width=736)

table 4 : explain INSERT INTO sbtest4 (id, k, c, pad) VALUES (7675776, 13, 'foobar', 'foobar')
	Insert on sbtest4  (cost=0.00..0.01 rows=0 width=0)
	  ->  Result  (cost=0.00..0.01 rows=1 width=736)

table 5 : explain INSERT INTO sbtest5 (id, k, c, pad) VALUES (2309388, 13, 'foobar', 'foobar')
	Insert on sbtest5  (cost=0.00..0.01 rows=0 width=0)
	  ->  Result  (cost=0.00..0.01 rows=1 width=736)

table 6 : explain INSERT INTO sbtest6 (id, k, c, pad) VALUES (3563585, 13, 'foobar', 'foobar')
	Insert on sbtest6  (cost=0.00..0.01 rows=0 width=0)
	  ->  Result  (cost=0.00..0.01 rows=1 width=736)

table 7 : explain INSERT INTO sbtest7 (id, k, c, pad) VALUES (7285796, 13, 'foobar', 'foobar')
	Insert on sbtest7  (cost=0.00..0.01 rows=0 width=0)
	  ->  Result  (cost=0.00..0.01 rows=1 width=736)

table 8 : explain INSERT INTO sbtest8 (id, k, c, pad) VALUES (2473421, 13, 'foobar', 'foobar')
	Insert on sbtest8  (cost=0.00..0.01 rows=0 width=0)
	  ->  Result  (cost=0.00..0.01 rows=1 width=736)
for non_index_updates
table 1 : explain UPDATE sbtest1 SET c='foobar' WHERE id=3526410
	Update on sbtest1  (cost=0.43..8.45 rows=0 width=0)
	  ->  Index Scan using sbtest1_pkey on sbtest1  (cost=0.43..8.45 rows=1 width=490)
	        Index Cond: (id = 3526410)

table 2 : explain UPDATE sbtest2 SET c='foobar' WHERE id=8102877
	Update on sbtest2  (cost=0.43..8.45 rows=0 width=0)
	  ->  Index Scan using sbtest2_pkey on sbtest2  (cost=0.43..8.45 rows=1 width=490)
	        Index Cond: (id = 8102877)

table 3 : explain UPDATE sbtest3 SET c='foobar' WHERE id=1209872
	Update on sbtest3  (cost=0.43..8.45 rows=0 width=0)
	  ->  Index Scan using sbtest3_pkey on sbtest3  (cost=0.43..8.45 rows=1 width=490)
	        Index Cond: (id = 1209872)

table 4 : explain UPDATE sbtest4 SET c='foobar' WHERE id=8793934
	Update on sbtest4  (cost=0.43..8.45 rows=0 width=0)
	  ->  Index Scan using sbtest4_pkey on sbtest4  (cost=0.43..8.45 rows=1 width=490)
	        Index Cond: (id = 8793934)

table 5 : explain UPDATE sbtest5 SET c='foobar' WHERE id=2816288
	Update on sbtest5  (cost=0.43..8.45 rows=0 width=0)
	  ->  Index Scan using sbtest5_pkey on sbtest5  (cost=0.43..8.45 rows=1 width=490)
	        Index Cond: (id = 2816288)

table 6 : explain UPDATE sbtest6 SET c='foobar' WHERE id=7541933
	Update on sbtest6  (cost=0.43..8.45 rows=0 width=0)
	  ->  Index Scan using sbtest6_pkey on sbtest6  (cost=0.43..8.45 rows=1 width=490)
	        Index Cond: (id = 7541933)

table 7 : explain UPDATE sbtest7 SET c='foobar' WHERE id=8489636
	Update on sbtest7  (cost=0.43..8.45 rows=0 width=0)
	  ->  Index Scan using sbtest7_pkey on sbtest7  (cost=0.43..8.45 rows=1 width=490)
	        Index Cond: (id = 8489636)

table 8 : explain UPDATE sbtest8 SET c='foobar' WHERE id=2549963
	Update on sbtest8  (cost=0.43..8.45 rows=0 width=0)
	  ->  Index Scan using sbtest8_pkey on sbtest8  (cost=0.43..8.45 rows=1 width=490)
	        Index Cond: (id = 2549963)

for index_updates
table 1 : explain UPDATE sbtest1 SET k=k+1 WHERE id=9481632
	Update on sbtest1  (cost=0.43..8.46 rows=0 width=0)
	  ->  Index Scan using sbtest1_pkey on sbtest1  (cost=0.43..8.46 rows=1 width=10)
	        Index Cond: (id = 9481632)

table 2 : explain UPDATE sbtest2 SET k=k+1 WHERE id=6673733
	Update on sbtest2  (cost=0.43..8.46 rows=0 width=0)
	  ->  Index Scan using sbtest2_pkey on sbtest2  (cost=0.43..8.46 rows=1 width=10)
	        Index Cond: (id = 6673733)

table 3 : explain UPDATE sbtest3 SET k=k+1 WHERE id=2659436
	Update on sbtest3  (cost=0.43..8.46 rows=0 width=0)
	  ->  Index Scan using sbtest3_pkey on sbtest3  (cost=0.43..8.46 rows=1 width=10)
	        Index Cond: (id = 2659436)

table 4 : explain UPDATE sbtest4 SET k=k+1 WHERE id=5336507
	Update on sbtest4  (cost=0.43..8.46 rows=0 width=0)
	  ->  Index Scan using sbtest4_pkey on sbtest4  (cost=0.43..8.46 rows=1 width=10)
	        Index Cond: (id = 5336507)

table 5 : explain UPDATE sbtest5 SET k=k+1 WHERE id=2100184
	Update on sbtest5  (cost=0.43..8.46 rows=0 width=0)
	  ->  Index Scan using sbtest5_pkey on sbtest5  (cost=0.43..8.46 rows=1 width=10)
	        Index Cond: (id = 2100184)

table 6 : explain UPDATE sbtest6 SET k=k+1 WHERE id=6706738
	Update on sbtest6  (cost=0.43..8.46 rows=0 width=0)
	  ->  Index Scan using sbtest6_pkey on sbtest6  (cost=0.43..8.46 rows=1 width=10)
	        Index Cond: (id = 6706738)

table 7 : explain UPDATE sbtest7 SET k=k+1 WHERE id=6199308
	Update on sbtest7  (cost=0.43..8.46 rows=0 width=0)
	  ->  Index Scan using sbtest7_pkey on sbtest7  (cost=0.43..8.46 rows=1 width=10)
	        Index Cond: (id = 6199308)

table 8 : explain UPDATE sbtest8 SET k=k+1 WHERE id=7077001
	Update on sbtest8  (cost=0.43..8.46 rows=0 width=0)
	  ->  Index Scan using sbtest8_pkey on sbtest8  (cost=0.43..8.46 rows=1 width=10)
	        Index Cond: (id = 7077001)

for point_selects
table 1 : explain SELECT c FROM sbtest1 WHERE id=2085260
	Index Scan using sbtest1_pkey on sbtest1  (cost=0.43..8.45 rows=1 width=121)
	  Index Cond: (id = 2085260)

table 2 : explain SELECT c FROM sbtest2 WHERE id=1931682
	Index Scan using sbtest2_pkey on sbtest2  (cost=0.43..8.45 rows=1 width=121)
	  Index Cond: (id = 1931682)

table 3 : explain SELECT c FROM sbtest3 WHERE id=5677
	Index Scan using sbtest3_pkey on sbtest3  (cost=0.43..8.45 rows=1 width=121)
	  Index Cond: (id = 5677)

table 4 : explain SELECT c FROM sbtest4 WHERE id=5533411
	Index Scan using sbtest4_pkey on sbtest4  (cost=0.43..8.45 rows=1 width=121)
	  Index Cond: (id = 5533411)

table 5 : explain SELECT c FROM sbtest5 WHERE id=8603540
	Index Scan using sbtest5_pkey on sbtest5  (cost=0.43..8.45 rows=1 width=121)
	  Index Cond: (id = 8603540)

table 6 : explain SELECT c FROM sbtest6 WHERE id=3364452
	Index Scan using sbtest6_pkey on sbtest6  (cost=0.43..8.45 rows=1 width=121)
	  Index Cond: (id = 3364452)

table 7 : explain SELECT c FROM sbtest7 WHERE id=3089085
	Index Scan using sbtest7_pkey on sbtest7  (cost=0.43..8.45 rows=1 width=121)
	  Index Cond: (id = 3089085)

table 8 : explain SELECT c FROM sbtest8 WHERE id=4791905
	Index Scan using sbtest8_pkey on sbtest8  (cost=0.43..8.45 rows=1 width=121)
	  Index Cond: (id = 4791905)

for deletes
table 1 : explain DELETE FROM sbtest1 WHERE id=2036796
	Delete on sbtest1  (cost=0.43..8.45 rows=0 width=0)
	  ->  Index Scan using sbtest1_pkey on sbtest1  (cost=0.43..8.45 rows=1 width=6)
	        Index Cond: (id = 2036796)

table 2 : explain DELETE FROM sbtest2 WHERE id=5493506
	Delete on sbtest2  (cost=0.43..8.45 rows=0 width=0)
	  ->  Index Scan using sbtest2_pkey on sbtest2  (cost=0.43..8.45 rows=1 width=6)
	        Index Cond: (id = 5493506)

table 3 : explain DELETE FROM sbtest3 WHERE id=8871035
	Delete on sbtest3  (cost=0.43..8.45 rows=0 width=0)
	  ->  Index Scan using sbtest3_pkey on sbtest3  (cost=0.43..8.45 rows=1 width=6)
	        Index Cond: (id = 8871035)

table 4 : explain DELETE FROM sbtest4 WHERE id=8993046
	Delete on sbtest4  (cost=0.43..8.45 rows=0 width=0)
	  ->  Index Scan using sbtest4_pkey on sbtest4  (cost=0.43..8.45 rows=1 width=6)
	        Index Cond: (id = 8993046)

table 5 : explain DELETE FROM sbtest5 WHERE id=1085201
	Delete on sbtest5  (cost=0.43..8.45 rows=0 width=0)
	  ->  Index Scan using sbtest5_pkey on sbtest5  (cost=0.43..8.45 rows=1 width=6)
	        Index Cond: (id = 1085201)

table 6 : explain DELETE FROM sbtest6 WHERE id=2980082
	Delete on sbtest6  (cost=0.43..8.45 rows=0 width=0)
	  ->  Index Scan using sbtest6_pkey on sbtest6  (cost=0.43..8.45 rows=1 width=6)
	        Index Cond: (id = 2980082)

table 7 : explain DELETE FROM sbtest7 WHERE id=138151
	Delete on sbtest7  (cost=0.43..8.45 rows=0 width=0)
	  ->  Index Scan using sbtest7_pkey on sbtest7  (cost=0.43..8.45 rows=1 width=6)
	        Index Cond: (id = 138151)

table 8 : explain DELETE FROM sbtest8 WHERE id=8603650
	Delete on sbtest8  (cost=0.43..8.45 rows=0 width=0)
	  ->  Index Scan using sbtest8_pkey on sbtest8  (cost=0.43..8.45 rows=1 width=6)
	        Index Cond: (id = 8603650)


explain: for point_selects :: explain SELECT c FROM sbtest%u WHERE id=%u
explain: for non_index_updates :: explain UPDATE sbtest%u SET c='foobar' WHERE id=%u
explain: for non_index_updates :: explain UPDATE sbtest%u SET c='foobar' WHERE id=%u
for non_index_updates
table 1 : explain UPDATE sbtest1 SET c='foobar' WHERE id=9399304
	Update on sbtest1  (cost=0.43..8.45 rows=0 width=0)
	  ->  Index Scan using sbtest1_pkey on sbtest1  (cost=0.43..8.45 rows=1 width=490)
	        Index Cond: (id = 9399304)

table 2 : explain UPDATE sbtest2 SET c='foobar' WHERE id=7765723
	Update on sbtest2  (cost=0.43..8.45 rows=0 width=0)
	  ->  Index Scan using sbtest2_pkey on sbtest2  (cost=0.43..8.45 rows=1 width=490)
	        Index Cond: (id = 7765723)

table 3 : explain UPDATE sbtest3 SET c='foobar' WHERE id=8126761
	Update on sbtest3  (cost=0.43..8.45 rows=0 width=0)
	  ->  Index Scan using sbtest3_pkey on sbtest3  (cost=0.43..8.45 rows=1 width=490)
	        Index Cond: (id = 8126761)

table 4 : explain UPDATE sbtest4 SET c='foobar' WHERE id=9566381
	Update on sbtest4  (cost=0.43..8.45 rows=0 width=0)
	  ->  Index Scan using sbtest4_pkey on sbtest4  (cost=0.43..8.45 rows=1 width=490)
	        Index Cond: (id = 9566381)

table 5 : explain UPDATE sbtest5 SET c='foobar' WHERE id=4033126
	Update on sbtest5  (cost=0.43..8.45 rows=0 width=0)
	  ->  Index Scan using sbtest5_pkey on sbtest5  (cost=0.43..8.45 rows=1 width=490)
	        Index Cond: (id = 4033126)

table 6 : explain UPDATE sbtest6 SET c='foobar' WHERE id=8724594
	Update on sbtest6  (cost=0.43..8.45 rows=0 width=0)
	  ->  Index Scan using sbtest6_pkey on sbtest6  (cost=0.43..8.45 rows=1 width=490)
	        Index Cond: (id = 8724594)

table 7 : explain UPDATE sbtest7 SET c='foobar' WHERE id=6524654
	Update on sbtest7  (cost=0.43..8.45 rows=0 width=0)
	  ->  Index Scan using sbtest7_pkey on sbtest7  (cost=0.43..8.45 rows=1 width=490)
	        Index Cond: (id = 6524654)

table 8 : explain UPDATE sbtest8 SET c='foobar' WHERE id=546593
	Update on sbtest8  (cost=0.43..8.45 rows=0 width=0)
	  ->  Index Scan using sbtest8_pkey on sbtest8  (cost=0.43..8.45 rows=1 width=490)
	        Index Cond: (id = 546593)

explain: for point_selects :: explain SELECT c FROM sbtest%u WHERE id=%u
explain: for point_selects :: explain SELECT c FROM sbtest%u WHERE id=%u
for: sum_ranges
table 1 : explain SELECT SUM(k) FROM sbtest1 WHERE id BETWEEN 7107601 AND 7107700
	Aggregate  (cost=413.11..413.12 rows=1 width=8)
	  ->  Index Scan using sbtest1_pkey on sbtest1  (cost=0.43..412.85 rows=105 width=4)
	        Index Cond: ((id >= 7107601) AND (id <= 7107700))

table 2 : explain SELECT SUM(k) FROM sbtest2 WHERE id BETWEEN 4075076 AND 4075175
	Aggregate  (cost=392.33..392.34 rows=1 width=8)
	  ->  Index Scan using sbtest2_pkey on sbtest2  (cost=0.43..392.08 rows=100 width=4)
	        Index Cond: ((id >= 4075076) AND (id <= 4075175))

table 3 : explain SELECT SUM(k) FROM sbtest3 WHERE id BETWEEN 8528307 AND 8528406
	Aggregate  (cost=392.97..392.98 rows=1 width=8)
	  ->  Index Scan using sbtest3_pkey on sbtest3  (cost=0.43..392.72 rows=101 width=4)
	        Index Cond: ((id >= 8528307) AND (id <= 8528406))

table 4 : explain SELECT SUM(k) FROM sbtest4 WHERE id BETWEEN 8459957 AND 8460056
	Aggregate  (cost=361.25..361.26 rows=1 width=8)
	  ->  Index Scan using sbtest4_pkey on sbtest4  (cost=0.43..361.02 rows=92 width=4)
	        Index Cond: ((id >= 8459957) AND (id <= 8460056))

table 5 : explain SELECT SUM(k) FROM sbtest5 WHERE id BETWEEN 6771499 AND 6771598
	Aggregate  (cost=428.42..428.43 rows=1 width=8)
	  ->  Index Scan using sbtest5_pkey on sbtest5  (cost=0.43..428.15 rows=109 width=4)
	        Index Cond: ((id >= 6771499) AND (id <= 6771598))

table 6 : explain SELECT SUM(k) FROM sbtest6 WHERE id BETWEEN 6934039 AND 6934138
	Aggregate  (cost=363.51..363.52 rows=1 width=8)
	  ->  Index Scan using sbtest6_pkey on sbtest6  (cost=0.43..363.27 rows=93 width=4)
	        Index Cond: ((id >= 6934039) AND (id <= 6934138))

table 7 : explain SELECT SUM(k) FROM sbtest7 WHERE id BETWEEN 4899385 AND 4899484
	Aggregate  (cost=427.72..427.73 rows=1 width=8)
	  ->  Index Scan using sbtest7_pkey on sbtest7  (cost=0.43..427.44 rows=109 width=4)
	        Index Cond: ((id >= 4899385) AND (id <= 4899484))

table 8 : explain SELECT SUM(k) FROM sbtest8 WHERE id BETWEEN 6052176 AND 6052275
	Aggregate  (cost=388.73..388.74 rows=1 width=8)
	  ->  Index Scan using sbtest8_pkey on sbtest8  (cost=0.43..388.48 rows=99 width=4)
	        Index Cond: ((id >= 6052176) AND (id <= 6052275))

explain: for inserts :: explain INSERT INTO sbtest%u (id, k, c, pad) VALUES (%u, 13, 'foobar', 'foobar')
explain: for point_selects :: explain SELECT c FROM sbtest%u WHERE id=%u
for: distinct_ranges
table 1 : explain SELECT DISTINCT c FROM sbtest1 WHERE id BETWEEN 6823679 AND 6823778 ORDER BY c
	Unique  (cost=369.21..369.67 rows=93 width=121)
	  ->  Sort  (cost=369.21..369.44 rows=93 width=121)
	        Sort Key: c
	        ->  Index Scan using sbtest1_pkey on sbtest1  (cost=0.43..366.17 rows=93 width=121)
	              Index Cond: ((id >= 6823679) AND (id <= 6823778))

table 2 : explain SELECT DISTINCT c FROM sbtest2 WHERE id BETWEEN 6530417 AND 6530516 ORDER BY c
	Unique  (cost=391.49..391.98 rows=99 width=121)
	  ->  Sort  (cost=391.49..391.74 rows=99 width=121)
	        Sort Key: c
	        ->  Index Scan using sbtest2_pkey on sbtest2  (cost=0.43..388.21 rows=99 width=121)
	              Index Cond: ((id >= 6530417) AND (id <= 6530516))

table 3 : explain SELECT DISTINCT c FROM sbtest3 WHERE id BETWEEN 9171535 AND 9171634 ORDER BY c
	Unique  (cost=431.02..431.57 rows=110 width=121)
	  ->  Sort  (cost=431.02..431.29 rows=110 width=121)
	        Sort Key: c
	        ->  Index Scan using sbtest3_pkey on sbtest3  (cost=0.43..427.29 rows=110 width=121)
	              Index Cond: ((id >= 9171535) AND (id <= 9171634))

table 4 : explain SELECT DISTINCT c FROM sbtest4 WHERE id BETWEEN 7159148 AND 7159247 ORDER BY c
	Unique  (cost=411.02..411.54 rows=104 width=121)
	  ->  Sort  (cost=411.02..411.28 rows=104 width=121)
	        Sort Key: c
	        ->  Index Scan using sbtest4_pkey on sbtest4  (cost=0.43..407.54 rows=104 width=121)
	              Index Cond: ((id >= 7159148) AND (id <= 7159247))

table 5 : explain SELECT DISTINCT c FROM sbtest5 WHERE id BETWEEN 2879189 AND 2879288 ORDER BY c
	Unique  (cost=412.21..412.73 rows=104 width=121)
	  ->  Sort  (cost=412.21..412.47 rows=104 width=121)
	        Sort Key: c
	        ->  Index Scan using sbtest5_pkey on sbtest5  (cost=0.43..408.73 rows=104 width=121)
	              Index Cond: ((id >= 2879189) AND (id <= 2879288))

table 6 : explain SELECT DISTINCT c FROM sbtest6 WHERE id BETWEEN 4641376 AND 4641475 ORDER BY c
	Unique  (cost=420.90..421.44 rows=107 width=121)
	  ->  Sort  (cost=420.90..421.17 rows=107 width=121)
	        Sort Key: c
	        ->  Index Scan using sbtest6_pkey on sbtest6  (cost=0.43..417.30 rows=107 width=121)
	              Index Cond: ((id >= 4641376) AND (id <= 4641475))

table 7 : explain SELECT DISTINCT c FROM sbtest7 WHERE id BETWEEN 2538704 AND 2538803 ORDER BY c
	Unique  (cost=376.23..376.70 rows=95 width=121)
	  ->  Sort  (cost=376.23..376.47 rows=95 width=121)
	        Sort Key: c
	        ->  Index Scan using sbtest7_pkey on sbtest7  (cost=0.43..373.11 rows=95 width=121)
	              Index Cond: ((id >= 2538704) AND (id <= 2538803))

table 8 : explain SELECT DISTINCT c FROM sbtest8 WHERE id BETWEEN 3888837 AND 3888936 ORDER BY c
	Unique  (cost=379.98..380.46 rows=96 width=121)
	  ->  Sort  (cost=379.98..380.22 rows=96 width=121)
	        Sort Key: c
	        ->  Index Scan using sbtest8_pkey on sbtest8  (cost=0.43..376.82 rows=96 width=121)
	              Index Cond: ((id >= 3888837) AND (id <= 3888936))

explain: for index_updates :: explain UPDATE sbtest%u SET k=k+1 WHERE id=%u
explain: for deletes :: explain DELETE FROM sbtest%u WHERE id=%u
for non_index_updates
table 1 : explain UPDATE sbtest1 SET c='foobar' WHERE id=9764915
	Update on sbtest1  (cost=0.43..8.45 rows=0 width=0)
	  ->  Index Scan using sbtest1_pkey on sbtest1  (cost=0.43..8.45 rows=1 width=490)
	        Index Cond: (id = 9764915)

table 2 : explain UPDATE sbtest2 SET c='foobar' WHERE id=1731618
	Update on sbtest2  (cost=0.43..8.45 rows=0 width=0)
	  ->  Index Scan using sbtest2_pkey on sbtest2  (cost=0.43..8.45 rows=1 width=490)
	        Index Cond: (id = 1731618)

table 3 : explain UPDATE sbtest3 SET c='foobar' WHERE id=2360841
	Update on sbtest3  (cost=0.43..8.45 rows=0 width=0)
	  ->  Index Scan using sbtest3_pkey on sbtest3  (cost=0.43..8.45 rows=1 width=490)
	        Index Cond: (id = 2360841)

table 4 : explain UPDATE sbtest4 SET c='foobar' WHERE id=8858127
	Update on sbtest4  (cost=0.43..8.45 rows=0 width=0)
	  ->  Index Scan using sbtest4_pkey on sbtest4  (cost=0.43..8.45 rows=1 width=490)
	        Index Cond: (id = 8858127)

table 5 : explain UPDATE sbtest5 SET c='foobar' WHERE id=9410453
	Update on sbtest5  (cost=0.43..8.45 rows=0 width=0)
	  ->  Index Scan using sbtest5_pkey on sbtest5  (cost=0.43..8.45 rows=1 width=490)
	        Index Cond: (id = 9410453)

table 6 : explain UPDATE sbtest6 SET c='foobar' WHERE id=4980561
	Update on sbtest6  (cost=0.43..8.45 rows=0 width=0)
	  ->  Index Scan using sbtest6_pkey on sbtest6  (cost=0.43..8.45 rows=1 width=490)
	        Index Cond: (id = 4980561)

table 7 : explain UPDATE sbtest7 SET c='foobar' WHERE id=4934959
	Update on sbtest7  (cost=0.43..8.45 rows=0 width=0)
	  ->  Index Scan using sbtest7_pkey on sbtest7  (cost=0.43..8.45 rows=1 width=490)
	        Index Cond: (id = 4934959)

table 8 : explain UPDATE sbtest8 SET c='foobar' WHERE id=8905926
	Update on sbtest8  (cost=0.43..8.45 rows=0 width=0)
	  ->  Index Scan using sbtest8_pkey on sbtest8  (cost=0.43..8.45 rows=1 width=490)
	        Index Cond: (id = 8905926)

explain: for deletes :: explain DELETE FROM sbtest%u WHERE id=%u
explain: for deletes :: explain DELETE FROM sbtest%u WHERE id=%u
for deletes
table 1 : explain DELETE FROM sbtest1 WHERE id=2851078
	Delete on sbtest1  (cost=0.43..8.45 rows=0 width=0)
	  ->  Index Scan using sbtest1_pkey on sbtest1  (cost=0.43..8.45 rows=1 width=6)
	        Index Cond: (id = 2851078)

table 2 : explain DELETE FROM sbtest2 WHERE id=5988809
	Delete on sbtest2  (cost=0.43..8.45 rows=0 width=0)
	  ->  Index Scan using sbtest2_pkey on sbtest2  (cost=0.43..8.45 rows=1 width=6)
	        Index Cond: (id = 5988809)

table 3 : explain DELETE FROM sbtest3 WHERE id=2311691
	Delete on sbtest3  (cost=0.43..8.45 rows=0 width=0)
	  ->  Index Scan using sbtest3_pkey on sbtest3  (cost=0.43..8.45 rows=1 width=6)
	        Index Cond: (id = 2311691)

table 4 : explain DELETE FROM sbtest4 WHERE id=4379278
	Delete on sbtest4  (cost=0.43..8.45 rows=0 width=0)
	  ->  Index Scan using sbtest4_pkey on sbtest4  (cost=0.43..8.45 rows=1 width=6)
	        Index Cond: (id = 4379278)

table 5 : explain DELETE FROM sbtest5 WHERE id=9579518
	Delete on sbtest5  (cost=0.43..8.45 rows=0 width=0)
	  ->  Index Scan using sbtest5_pkey on sbtest5  (cost=0.43..8.45 rows=1 width=6)
	        Index Cond: (id = 9579518)

table 6 : explain DELETE FROM sbtest6 WHERE id=282279
	Delete on sbtest6  (cost=0.43..8.45 rows=0 width=0)
	  ->  Index Scan using sbtest6_pkey on sbtest6  (cost=0.43..8.45 rows=1 width=6)
	        Index Cond: (id = 282279)

table 7 : explain DELETE FROM sbtest7 WHERE id=9290728
	Delete on sbtest7  (cost=0.43..8.45 rows=0 width=0)
	  ->  Index Scan using sbtest7_pkey on sbtest7  (cost=0.43..8.45 rows=1 width=6)
	        Index Cond: (id = 9290728)

table 8 : explain DELETE FROM sbtest8 WHERE id=7227822
	Delete on sbtest8  (cost=0.43..8.45 rows=0 width=0)
	  ->  Index Scan using sbtest8_pkey on sbtest8  (cost=0.43..8.45 rows=1 width=6)
	        Index Cond: (id = 7227822)

for non_index_updates
table 1 : explain UPDATE sbtest1 SET c='foobar' WHERE id=5283679
	Update on sbtest1  (cost=0.43..8.45 rows=0 width=0)
	  ->  Index Scan using sbtest1_pkey on sbtest1  (cost=0.43..8.45 rows=1 width=490)
	        Index Cond: (id = 5283679)

table 2 : explain UPDATE sbtest2 SET c='foobar' WHERE id=4897869
	Update on sbtest2  (cost=0.43..8.45 rows=0 width=0)
	  ->  Index Scan using sbtest2_pkey on sbtest2  (cost=0.43..8.45 rows=1 width=490)
	        Index Cond: (id = 4897869)

table 3 : explain UPDATE sbtest3 SET c='foobar' WHERE id=174987
	Update on sbtest3  (cost=0.43..8.45 rows=0 width=0)
	  ->  Index Scan using sbtest3_pkey on sbtest3  (cost=0.43..8.45 rows=1 width=490)
	        Index Cond: (id = 174987)

table 4 : explain UPDATE sbtest4 SET c='foobar' WHERE id=6880013
	Update on sbtest4  (cost=0.43..8.45 rows=0 width=0)
	  ->  Index Scan using sbtest4_pkey on sbtest4  (cost=0.43..8.45 rows=1 width=490)
	        Index Cond: (id = 6880013)

table 5 : explain UPDATE sbtest5 SET c='foobar' WHERE id=125037
	Update on sbtest5  (cost=0.43..8.45 rows=0 width=0)
	  ->  Index Scan using sbtest5_pkey on sbtest5  (cost=0.43..8.45 rows=1 width=490)
	        Index Cond: (id = 125037)

table 6 : explain UPDATE sbtest6 SET c='foobar' WHERE id=4017811
	Update on sbtest6  (cost=0.43..8.45 rows=0 width=0)
	  ->  Index Scan using sbtest6_pkey on sbtest6  (cost=0.43..8.45 rows=1 width=490)
	        Index Cond: (id = 4017811)

table 7 : explain UPDATE sbtest7 SET c='foobar' WHERE id=6199343
	Update on sbtest7  (cost=0.43..8.45 rows=0 width=0)
	  ->  Index Scan using sbtest7_pkey on sbtest7  (cost=0.43..8.45 rows=1 width=490)
	        Index Cond: (id = 6199343)

table 8 : explain UPDATE sbtest8 SET c='foobar' WHERE id=7869500
	Update on sbtest8  (cost=0.43..8.45 rows=0 width=0)
	  ->  Index Scan using sbtest8_pkey on sbtest8  (cost=0.43..8.45 rows=1 width=490)
	        Index Cond: (id = 7869500)

explain: for index_updates :: explain UPDATE sbtest%u SET k=k+1 WHERE id=%u
for: order_ranges
table 1 : explain SELECT c FROM sbtest1 WHERE id BETWEEN 5292697 AND 5292796 ORDER BY c
	Sort  (cost=388.84..389.09 rows=98 width=121)
	  Sort Key: c
	  ->  Index Scan using sbtest1_pkey on sbtest1  (cost=0.43..385.60 rows=98 width=121)
	        Index Cond: ((id >= 5292697) AND (id <= 5292796))

table 2 : explain SELECT c FROM sbtest2 WHERE id BETWEEN 7667736 AND 7667835 ORDER BY c
	Sort  (cost=481.58..481.88 rows=122 width=121)
	  Sort Key: c
	  ->  Index Scan using sbtest2_pkey on sbtest2  (cost=0.43..477.35 rows=122 width=121)
	        Index Cond: ((id >= 7667736) AND (id <= 7667835))

table 3 : explain SELECT c FROM sbtest3 WHERE id BETWEEN 7115538 AND 7115637 ORDER BY c
	Sort  (cost=446.55..446.83 rows=114 width=121)
	  Sort Key: c
	  ->  Index Scan using sbtest3_pkey on sbtest3  (cost=0.43..442.66 rows=114 width=121)
	        Index Cond: ((id >= 7115538) AND (id <= 7115637))

table 4 : explain SELECT c FROM sbtest4 WHERE id BETWEEN 13599 AND 13698 ORDER BY c
	Sort  (cost=418.85..419.11 rows=106 width=121)
	  Sort Key: c
	  ->  Index Scan using sbtest4_pkey on sbtest4  (cost=0.43..415.28 rows=106 width=121)
	        Index Cond: ((id >= 13599) AND (id <= 13698))

table 5 : explain SELECT c FROM sbtest5 WHERE id BETWEEN 4799374 AND 4799473 ORDER BY c
	Sort  (cost=435.77..436.04 rows=110 width=121)
	  Sort Key: c
	  ->  Index Scan using sbtest5_pkey on sbtest5  (cost=0.43..432.04 rows=110 width=121)
	        Index Cond: ((id >= 4799374) AND (id <= 4799473))

table 6 : explain SELECT c FROM sbtest6 WHERE id BETWEEN 4924727 AND 4924826 ORDER BY c
	Sort  (cost=413.11..413.37 rows=105 width=121)
	  Sort Key: c
	  ->  Index Scan using sbtest6_pkey on sbtest6  (cost=0.43..409.59 rows=105 width=121)
	        Index Cond: ((id >= 4924727) AND (id <= 4924826))

table 7 : explain SELECT c FROM sbtest7 WHERE id BETWEEN 893043 AND 893142 ORDER BY c
	Sort  (cost=407.61..407.87 rows=103 width=121)
	  Sort Key: c
	  ->  Index Scan using sbtest7_pkey on sbtest7  (cost=0.43..404.17 rows=103 width=121)
	        Index Cond: ((id >= 893043) AND (id <= 893142))

table 8 : explain SELECT c FROM sbtest8 WHERE id BETWEEN 2873315 AND 2873414 ORDER BY c
	Sort  (cost=434.86..435.13 rows=110 width=121)
	  Sort Key: c
	  ->  Index Scan using sbtest8_pkey on sbtest8  (cost=0.43..431.13 rows=110 width=121)
	        Index Cond: ((id >= 2873315) AND (id <= 2873414))

for inserts
table 1 : explain INSERT INTO sbtest1 (id, k, c, pad) VALUES (5625493, 13, 'foobar', 'foobar')
	Insert on sbtest1  (cost=0.00..0.01 rows=0 width=0)
	  ->  Result  (cost=0.00..0.01 rows=1 width=736)

table 2 : explain INSERT INTO sbtest2 (id, k, c, pad) VALUES (988161, 13, 'foobar', 'foobar')
	Insert on sbtest2  (cost=0.00..0.01 rows=0 width=0)
	  ->  Result  (cost=0.00..0.01 rows=1 width=736)

table 3 : explain INSERT INTO sbtest3 (id, k, c, pad) VALUES (6527870, 13, 'foobar', 'foobar')
	Insert on sbtest3  (cost=0.00..0.01 rows=0 width=0)
	  ->  Result  (cost=0.00..0.01 rows=1 width=736)

table 4 : explain INSERT INTO sbtest4 (id, k, c, pad) VALUES (5185036, 13, 'foobar', 'foobar')
	Insert on sbtest4  (cost=0.00..0.01 rows=0 width=0)
	  ->  Result  (cost=0.00..0.01 rows=1 width=736)

table 5 : explain INSERT INTO sbtest5 (id, k, c, pad) VALUES (4085460, 13, 'foobar', 'foobar')
	Insert on sbtest5  (cost=0.00..0.01 rows=0 width=0)
	  ->  Result  (cost=0.00..0.01 rows=1 width=736)

table 6 : explain INSERT INTO sbtest6 (id, k, c, pad) VALUES (9683508, 13, 'foobar', 'foobar')
	Insert on sbtest6  (cost=0.00..0.01 rows=0 width=0)
	  ->  Result  (cost=0.00..0.01 rows=1 width=736)

table 7 : explain INSERT INTO sbtest7 (id, k, c, pad) VALUES (5024502, 13, 'foobar', 'foobar')
	Insert on sbtest7  (cost=0.00..0.01 rows=0 width=0)
	  ->  Result  (cost=0.00..0.01 rows=1 width=736)

table 8 : explain INSERT INTO sbtest8 (id, k, c, pad) VALUES (3906991, 13, 'foobar', 'foobar')
	Insert on sbtest8  (cost=0.00..0.01 rows=0 width=0)
	  ->  Result  (cost=0.00..0.01 rows=1 width=736)

for: simple_ranges
table 1 : explain SELECT c FROM sbtest1 WHERE id BETWEEN 5112627 AND 5112726
	Index Scan using sbtest1_pkey on sbtest1  (cost=0.43..408.96 rows=104 width=121)
	  Index Cond: ((id >= 5112627) AND (id <= 5112726))

table 2 : explain SELECT c FROM sbtest2 WHERE id BETWEEN 5197747 AND 5197846
	Index Scan using sbtest2_pkey on sbtest2  (cost=0.43..368.84 rows=94 width=121)
	  Index Cond: ((id >= 5197747) AND (id <= 5197846))

table 3 : explain SELECT c FROM sbtest3 WHERE id BETWEEN 9816002 AND 9816101
	Index Scan using sbtest3_pkey on sbtest3  (cost=0.43..365.78 rows=94 width=121)
	  Index Cond: ((id >= 9816002) AND (id <= 9816101))

table 4 : explain SELECT c FROM sbtest4 WHERE id BETWEEN 6230448 AND 6230547
	Index Scan using sbtest4_pkey on sbtest4  (cost=0.43..415.28 rows=106 width=121)
	  Index Cond: ((id >= 6230448) AND (id <= 6230547))

table 5 : explain SELECT c FROM sbtest5 WHERE id BETWEEN 7856522 AND 7856621
	Index Scan using sbtest5_pkey on sbtest5  (cost=0.43..397.07 rows=101 width=121)
	  Index Cond: ((id >= 7856522) AND (id <= 7856621))

table 6 : explain SELECT c FROM sbtest6 WHERE id BETWEEN 1222900 AND 1222999
	Index Scan using sbtest6_pkey on sbtest6  (cost=0.43..386.41 rows=99 width=121)
	  Index Cond: ((id >= 1222900) AND (id <= 1222999))

table 7 : explain SELECT c FROM sbtest7 WHERE id BETWEEN 314978 AND 315077
	Index Scan using sbtest7_pkey on sbtest7  (cost=0.43..411.93 rows=105 width=121)
	  Index Cond: ((id >= 314978) AND (id <= 315077))

table 8 : explain SELECT c FROM sbtest8 WHERE id BETWEEN 6835163 AND 6835262
	Index Scan using sbtest8_pkey on sbtest8  (cost=0.43..403.99 rows=103 width=121)
	  Index Cond: ((id >= 6835163) AND (id <= 6835262))

for deletes
table 1 : explain DELETE FROM sbtest1 WHERE id=8748517
	Delete on sbtest1  (cost=0.43..8.45 rows=0 width=0)
	  ->  Index Scan using sbtest1_pkey on sbtest1  (cost=0.43..8.45 rows=1 width=6)
	        Index Cond: (id = 8748517)

table 2 : explain DELETE FROM sbtest2 WHERE id=8215374
	Delete on sbtest2  (cost=0.43..8.45 rows=0 width=0)
	  ->  Index Scan using sbtest2_pkey on sbtest2  (cost=0.43..8.45 rows=1 width=6)
	        Index Cond: (id = 8215374)

table 3 : explain DELETE FROM sbtest3 WHERE id=3104319
	Delete on sbtest3  (cost=0.43..8.45 rows=0 width=0)
	  ->  Index Scan using sbtest3_pkey on sbtest3  (cost=0.43..8.45 rows=1 width=6)
	        Index Cond: (id = 3104319)

table 4 : explain DELETE FROM sbtest4 WHERE id=1613641
	Delete on sbtest4  (cost=0.43..8.45 rows=0 width=0)
	  ->  Index Scan using sbtest4_pkey on sbtest4  (cost=0.43..8.45 rows=1 width=6)
	        Index Cond: (id = 1613641)

table 5 : explain DELETE FROM sbtest5 WHERE id=5054968
	Delete on sbtest5  (cost=0.43..8.45 rows=0 width=0)
	  ->  Index Scan using sbtest5_pkey on sbtest5  (cost=0.43..8.45 rows=1 width=6)
	        Index Cond: (id = 5054968)

table 6 : explain DELETE FROM sbtest6 WHERE id=6030341
	Delete on sbtest6  (cost=0.43..8.45 rows=0 width=0)
	  ->  Index Scan using sbtest6_pkey on sbtest6  (cost=0.43..8.45 rows=1 width=6)
	        Index Cond: (id = 6030341)

table 7 : explain DELETE FROM sbtest7 WHERE id=8376459
	Delete on sbtest7  (cost=0.43..8.45 rows=0 width=0)
	  ->  Index Scan using sbtest7_pkey on sbtest7  (cost=0.43..8.45 rows=1 width=6)
	        Index Cond: (id = 8376459)

table 8 : explain DELETE FROM sbtest8 WHERE id=5631582
	Delete on sbtest8  (cost=0.43..8.45 rows=0 width=0)
	  ->  Index Scan using sbtest8_pkey on sbtest8  (cost=0.43..8.45 rows=1 width=6)
	        Index Cond: (id = 5631582)

explain: for deletes :: explain DELETE FROM sbtest%u WHERE id=%u
explain: for point_selects :: explain SELECT c FROM sbtest%u WHERE id=%u
for deletes
table 1 : explain DELETE FROM sbtest1 WHERE id=1703215
	Delete on sbtest1  (cost=0.43..8.45 rows=0 width=0)
	  ->  Index Scan using sbtest1_pkey on sbtest1  (cost=0.43..8.45 rows=1 width=6)
	        Index Cond: (id = 1703215)

table 2 : explain DELETE FROM sbtest2 WHERE id=2044035
	Delete on sbtest2  (cost=0.43..8.45 rows=0 width=0)
	  ->  Index Scan using sbtest2_pkey on sbtest2  (cost=0.43..8.45 rows=1 width=6)
	        Index Cond: (id = 2044035)

table 3 : explain DELETE FROM sbtest3 WHERE id=6318853
	Delete on sbtest3  (cost=0.43..8.45 rows=0 width=0)
	  ->  Index Scan using sbtest3_pkey on sbtest3  (cost=0.43..8.45 rows=1 width=6)
	        Index Cond: (id = 6318853)

table 4 : explain DELETE FROM sbtest4 WHERE id=616092
	Delete on sbtest4  (cost=0.43..8.45 rows=0 width=0)
	  ->  Index Scan using sbtest4_pkey on sbtest4  (cost=0.43..8.45 rows=1 width=6)
	        Index Cond: (id = 616092)

table 5 : explain DELETE FROM sbtest5 WHERE id=7167110
	Delete on sbtest5  (cost=0.43..8.45 rows=0 width=0)
	  ->  Index Scan using sbtest5_pkey on sbtest5  (cost=0.43..8.45 rows=1 width=6)
	        Index Cond: (id = 7167110)

table 6 : explain DELETE FROM sbtest6 WHERE id=2750045
	Delete on sbtest6  (cost=0.43..8.45 rows=0 width=0)
	  ->  Index Scan using sbtest6_pkey on sbtest6  (cost=0.43..8.45 rows=1 width=6)
	        Index Cond: (id = 2750045)

table 7 : explain DELETE FROM sbtest7 WHERE id=525269
	Delete on sbtest7  (cost=0.43..8.45 rows=0 width=0)
	  ->  Index Scan using sbtest7_pkey on sbtest7  (cost=0.43..8.45 rows=1 width=6)
	        Index Cond: (id = 525269)

table 8 : explain DELETE FROM sbtest8 WHERE id=9451573
	Delete on sbtest8  (cost=0.43..8.45 rows=0 width=0)
	  ->  Index Scan using sbtest8_pkey on sbtest8  (cost=0.43..8.45 rows=1 width=6)
	        Index Cond: (id = 9451573)

explain: for point_selects :: explain SELECT c FROM sbtest%u WHERE id=%u
for: order_ranges
table 1 : explain SELECT c FROM sbtest1 WHERE id BETWEEN 7728359 AND 7728458 ORDER BY c
	Sort  (cost=400.66..400.91 rows=101 width=121)
	  Sort Key: c
	  ->  Index Scan using sbtest1_pkey on sbtest1  (cost=0.43..397.30 rows=101 width=121)
	        Index Cond: ((id >= 7728359) AND (id <= 7728458))

table 2 : explain SELECT c FROM sbtest2 WHERE id BETWEEN 8272128 AND 8272227 ORDER BY c
	Sort  (cost=438.51..438.78 rows=111 width=121)
	  Sort Key: c
	  ->  Index Scan using sbtest2_pkey on sbtest2  (cost=0.43..434.73 rows=111 width=121)
	        Index Cond: ((id >= 8272128) AND (id <= 8272227))

table 3 : explain SELECT c FROM sbtest3 WHERE id BETWEEN 9948704 AND 9948803 ORDER BY c
	Sort  (cost=403.84..404.10 rows=103 width=121)
	  Sort Key: c
	  ->  Index Scan using sbtest3_pkey on sbtest3  (cost=0.43..400.40 rows=103 width=121)
	        Index Cond: ((id >= 9948704) AND (id <= 9948803))

table 4 : explain SELECT c FROM sbtest4 WHERE id BETWEEN 6730908 AND 6731007 ORDER BY c
	Sort  (cost=360.10..360.33 rows=91 width=121)
	  Sort Key: c
	  ->  Index Scan using sbtest4_pkey on sbtest4  (cost=0.43..357.14 rows=91 width=121)
	        Index Cond: ((id >= 6730908) AND (id <= 6731007))

table 5 : explain SELECT c FROM sbtest5 WHERE id BETWEEN 4778063 AND 4778162 ORDER BY c
	Sort  (cost=435.77..436.04 rows=110 width=121)
	  Sort Key: c
	  ->  Index Scan using sbtest5_pkey on sbtest5  (cost=0.43..432.04 rows=110 width=121)
	        Index Cond: ((id >= 4778063) AND (id <= 4778162))

table 6 : explain SELECT c FROM sbtest6 WHERE id BETWEEN 5607938 AND 5608037 ORDER BY c
	Sort  (cost=424.80..425.07 rows=108 width=121)
	  Sort Key: c
	  ->  Index Scan using sbtest6_pkey on sbtest6  (cost=0.43..421.15 rows=108 width=121)
	        Index Cond: ((id >= 5607938) AND (id <= 5608037))

table 7 : explain SELECT c FROM sbtest7 WHERE id BETWEEN 8042694 AND 8042793 ORDER BY c
	Sort  (cost=368.39..368.62 rows=93 width=121)
	  Sort Key: c
	  ->  Index Scan using sbtest7_pkey on sbtest7  (cost=0.43..365.35 rows=93 width=121)
	        Index Cond: ((id >= 8042694) AND (id <= 8042793))

table 8 : explain SELECT c FROM sbtest8 WHERE id BETWEEN 4433929 AND 4434028 ORDER BY c
	Sort  (cost=419.19..419.45 rows=106 width=121)
	  Sort Key: c
	  ->  Index Scan using sbtest8_pkey on sbtest8  (cost=0.43..415.62 rows=106 width=121)
	        Index Cond: ((id >= 4433929) AND (id <= 4434028))

for point_selects
table 1 : explain SELECT c FROM sbtest1 WHERE id=8533232
	Index Scan using sbtest1_pkey on sbtest1  (cost=0.43..8.45 rows=1 width=121)
	  Index Cond: (id = 8533232)

table 2 : explain SELECT c FROM sbtest2 WHERE id=9436359
	Index Scan using sbtest2_pkey on sbtest2  (cost=0.43..8.45 rows=1 width=121)
	  Index Cond: (id = 9436359)

table 3 : explain SELECT c FROM sbtest3 WHERE id=8273080
	Index Scan using sbtest3_pkey on sbtest3  (cost=0.43..8.45 rows=1 width=121)
	  Index Cond: (id = 8273080)

table 4 : explain SELECT c FROM sbtest4 WHERE id=8813635
	Index Scan using sbtest4_pkey on sbtest4  (cost=0.43..8.45 rows=1 width=121)
	  Index Cond: (id = 8813635)

table 5 : explain SELECT c FROM sbtest5 WHERE id=5255332
	Index Scan using sbtest5_pkey on sbtest5  (cost=0.43..8.45 rows=1 width=121)
	  Index Cond: (id = 5255332)

table 6 : explain SELECT c FROM sbtest6 WHERE id=9788725
	Index Scan using sbtest6_pkey on sbtest6  (cost=0.43..8.45 rows=1 width=121)
	  Index Cond: (id = 9788725)

table 7 : explain SELECT c FROM sbtest7 WHERE id=7372085
	Index Scan using sbtest7_pkey on sbtest7  (cost=0.43..8.45 rows=1 width=121)
	  Index Cond: (id = 7372085)

table 8 : explain SELECT c FROM sbtest8 WHERE id=4449683
	Index Scan using sbtest8_pkey on sbtest8  (cost=0.43..8.45 rows=1 width=121)
	  Index Cond: (id = 4449683)

for index_updates
table 1 : explain UPDATE sbtest1 SET k=k+1 WHERE id=2723525
	Update on sbtest1  (cost=0.43..8.46 rows=0 width=0)
	  ->  Index Scan using sbtest1_pkey on sbtest1  (cost=0.43..8.46 rows=1 width=10)
	        Index Cond: (id = 2723525)

table 2 : explain UPDATE sbtest2 SET k=k+1 WHERE id=5209434
	Update on sbtest2  (cost=0.43..8.46 rows=0 width=0)
	  ->  Index Scan using sbtest2_pkey on sbtest2  (cost=0.43..8.46 rows=1 width=10)
	        Index Cond: (id = 5209434)

table 3 : explain UPDATE sbtest3 SET k=k+1 WHERE id=1133485
	Update on sbtest3  (cost=0.43..8.46 rows=0 width=0)
	  ->  Index Scan using sbtest3_pkey on sbtest3  (cost=0.43..8.46 rows=1 width=10)
	        Index Cond: (id = 1133485)

table 4 : explain UPDATE sbtest4 SET k=k+1 WHERE id=548146
	Update on sbtest4  (cost=0.43..8.46 rows=0 width=0)
	  ->  Index Scan using sbtest4_pkey on sbtest4  (cost=0.43..8.46 rows=1 width=10)
	        Index Cond: (id = 548146)

table 5 : explain UPDATE sbtest5 SET k=k+1 WHERE id=7886560
	Update on sbtest5  (cost=0.43..8.46 rows=0 width=0)
	  ->  Index Scan using sbtest5_pkey on sbtest5  (cost=0.43..8.46 rows=1 width=10)
	        Index Cond: (id = 7886560)

table 6 : explain UPDATE sbtest6 SET k=k+1 WHERE id=3167673
	Update on sbtest6  (cost=0.43..8.46 rows=0 width=0)
	  ->  Index Scan using sbtest6_pkey on sbtest6  (cost=0.43..8.46 rows=1 width=10)
	        Index Cond: (id = 3167673)

table 7 : explain UPDATE sbtest7 SET k=k+1 WHERE id=2416219
	Update on sbtest7  (cost=0.43..8.46 rows=0 width=0)
	  ->  Index Scan using sbtest7_pkey on sbtest7  (cost=0.43..8.46 rows=1 width=10)
	        Index Cond: (id = 2416219)

table 8 : explain UPDATE sbtest8 SET k=k+1 WHERE id=7822338
	Update on sbtest8  (cost=0.43..8.46 rows=0 width=0)
	  ->  Index Scan using sbtest8_pkey on sbtest8  (cost=0.43..8.46 rows=1 width=10)
	        Index Cond: (id = 7822338)

for deletes
table 1 : explain DELETE FROM sbtest1 WHERE id=3590913
	Delete on sbtest1  (cost=0.43..8.45 rows=0 width=0)
	  ->  Index Scan using sbtest1_pkey on sbtest1  (cost=0.43..8.45 rows=1 width=6)
	        Index Cond: (id = 3590913)

table 2 : explain DELETE FROM sbtest2 WHERE id=1547198
	Delete on sbtest2  (cost=0.43..8.45 rows=0 width=0)
	  ->  Index Scan using sbtest2_pkey on sbtest2  (cost=0.43..8.45 rows=1 width=6)
	        Index Cond: (id = 1547198)

table 3 : explain DELETE FROM sbtest3 WHERE id=4310310
	Delete on sbtest3  (cost=0.43..8.45 rows=0 width=0)
	  ->  Index Scan using sbtest3_pkey on sbtest3  (cost=0.43..8.45 rows=1 width=6)
	        Index Cond: (id = 4310310)

table 4 : explain DELETE FROM sbtest4 WHERE id=7777979
	Delete on sbtest4  (cost=0.43..8.45 rows=0 width=0)
	  ->  Index Scan using sbtest4_pkey on sbtest4  (cost=0.43..8.45 rows=1 width=6)
	        Index Cond: (id = 7777979)

table 5 : explain DELETE FROM sbtest5 WHERE id=4288758
	Delete on sbtest5  (cost=0.43..8.45 rows=0 width=0)
	  ->  Index Scan using sbtest5_pkey on sbtest5  (cost=0.43..8.45 rows=1 width=6)
	        Index Cond: (id = 4288758)

table 6 : explain DELETE FROM sbtest6 WHERE id=1661713
	Delete on sbtest6  (cost=0.43..8.45 rows=0 width=0)
	  ->  Index Scan using sbtest6_pkey on sbtest6  (cost=0.43..8.45 rows=1 width=6)
	        Index Cond: (id = 1661713)

table 7 : explain DELETE FROM sbtest7 WHERE id=4057496
	Delete on sbtest7  (cost=0.43..8.45 rows=0 width=0)
	  ->  Index Scan using sbtest7_pkey on sbtest7  (cost=0.43..8.45 rows=1 width=6)
	        Index Cond: (id = 4057496)

table 8 : explain DELETE FROM sbtest8 WHERE id=7706088
	Delete on sbtest8  (cost=0.43..8.45 rows=0 width=0)
	  ->  Index Scan using sbtest8_pkey on sbtest8  (cost=0.43..8.45 rows=1 width=6)
	        Index Cond: (id = 7706088)

for index_updates
table 1 : explain UPDATE sbtest1 SET k=k+1 WHERE id=2311264
	Update on sbtest1  (cost=0.43..8.46 rows=0 width=0)
	  ->  Index Scan using sbtest1_pkey on sbtest1  (cost=0.43..8.46 rows=1 width=10)
	        Index Cond: (id = 2311264)

table 2 : explain UPDATE sbtest2 SET k=k+1 WHERE id=2875420
	Update on sbtest2  (cost=0.43..8.46 rows=0 width=0)
	  ->  Index Scan using sbtest2_pkey on sbtest2  (cost=0.43..8.46 rows=1 width=10)
	        Index Cond: (id = 2875420)

table 3 : explain UPDATE sbtest3 SET k=k+1 WHERE id=1219115
	Update on sbtest3  (cost=0.43..8.46 rows=0 width=0)
	  ->  Index Scan using sbtest3_pkey on sbtest3  (cost=0.43..8.46 rows=1 width=10)
	        Index Cond: (id = 1219115)

table 4 : explain UPDATE sbtest4 SET k=k+1 WHERE id=1936581
	Update on sbtest4  (cost=0.43..8.46 rows=0 width=0)
	  ->  Index Scan using sbtest4_pkey on sbtest4  (cost=0.43..8.46 rows=1 width=10)
	        Index Cond: (id = 1936581)

table 5 : explain UPDATE sbtest5 SET k=k+1 WHERE id=7197054
	Update on sbtest5  (cost=0.43..8.46 rows=0 width=0)
	  ->  Index Scan using sbtest5_pkey on sbtest5  (cost=0.43..8.46 rows=1 width=10)
	        Index Cond: (id = 7197054)

table 6 : explain UPDATE sbtest6 SET k=k+1 WHERE id=6983018
	Update on sbtest6  (cost=0.43..8.46 rows=0 width=0)
	  ->  Index Scan using sbtest6_pkey on sbtest6  (cost=0.43..8.46 rows=1 width=10)
	        Index Cond: (id = 6983018)

table 7 : explain UPDATE sbtest7 SET k=k+1 WHERE id=2393832
	Update on sbtest7  (cost=0.43..8.46 rows=0 width=0)
	  ->  Index Scan using sbtest7_pkey on sbtest7  (cost=0.43..8.46 rows=1 width=10)
	        Index Cond: (id = 2393832)

table 8 : explain UPDATE sbtest8 SET k=k+1 WHERE id=2625082
	Update on sbtest8  (cost=0.43..8.46 rows=0 width=0)
	  ->  Index Scan using sbtest8_pkey on sbtest8  (cost=0.43..8.46 rows=1 width=10)
	        Index Cond: (id = 2625082)

explain: for inserts :: explain INSERT INTO sbtest%u (id, k, c, pad) VALUES (%u, 13, 'foobar', 'foobar')
for index_updates
table 1 : explain UPDATE sbtest1 SET k=k+1 WHERE id=907466
	Update on sbtest1  (cost=0.43..8.46 rows=0 width=0)
	  ->  Index Scan using sbtest1_pkey on sbtest1  (cost=0.43..8.46 rows=1 width=10)
	        Index Cond: (id = 907466)

table 2 : explain UPDATE sbtest2 SET k=k+1 WHERE id=6333415
	Update on sbtest2  (cost=0.43..8.46 rows=0 width=0)
	  ->  Index Scan using sbtest2_pkey on sbtest2  (cost=0.43..8.46 rows=1 width=10)
	        Index Cond: (id = 6333415)

table 3 : explain UPDATE sbtest3 SET k=k+1 WHERE id=6575789
	Update on sbtest3  (cost=0.43..8.46 rows=0 width=0)
	  ->  Index Scan using sbtest3_pkey on sbtest3  (cost=0.43..8.46 rows=1 width=10)
	        Index Cond: (id = 6575789)

table 4 : explain UPDATE sbtest4 SET k=k+1 WHERE id=7782939
	Update on sbtest4  (cost=0.43..8.46 rows=0 width=0)
	  ->  Index Scan using sbtest4_pkey on sbtest4  (cost=0.43..8.46 rows=1 width=10)
	        Index Cond: (id = 7782939)

table 5 : explain UPDATE sbtest5 SET k=k+1 WHERE id=8108742
	Update on sbtest5  (cost=0.43..8.46 rows=0 width=0)
	  ->  Index Scan using sbtest5_pkey on sbtest5  (cost=0.43..8.46 rows=1 width=10)
	        Index Cond: (id = 8108742)

table 6 : explain UPDATE sbtest6 SET k=k+1 WHERE id=5884199
	Update on sbtest6  (cost=0.43..8.46 rows=0 width=0)
	  ->  Index Scan using sbtest6_pkey on sbtest6  (cost=0.43..8.46 rows=1 width=10)
	        Index Cond: (id = 5884199)

table 7 : explain UPDATE sbtest7 SET k=k+1 WHERE id=2509590
	Update on sbtest7  (cost=0.43..8.46 rows=0 width=0)
	  ->  Index Scan using sbtest7_pkey on sbtest7  (cost=0.43..8.46 rows=1 width=10)
	        Index Cond: (id = 2509590)

table 8 : explain UPDATE sbtest8 SET k=k+1 WHERE id=6060207
	Update on sbtest8  (cost=0.43..8.46 rows=0 width=0)
	  ->  Index Scan using sbtest8_pkey on sbtest8  (cost=0.43..8.46 rows=1 width=10)
	        Index Cond: (id = 6060207)

explain: for inserts :: explain INSERT INTO sbtest%u (id, k, c, pad) VALUES (%u, 13, 'foobar', 'foobar')
explain: for non_index_updates :: explain UPDATE sbtest%u SET c='foobar' WHERE id=%u
for: sum_ranges
table 1 : explain SELECT SUM(k) FROM sbtest1 WHERE id BETWEEN 698790 AND 698889
	Aggregate  (cost=413.11..413.12 rows=1 width=8)
	  ->  Index Scan using sbtest1_pkey on sbtest1  (cost=0.43..412.85 rows=105 width=4)
	        Index Cond: ((id >= 698790) AND (id <= 698889))

table 2 : explain SELECT SUM(k) FROM sbtest2 WHERE id BETWEEN 3560795 AND 3560894
	Aggregate  (cost=407.87..407.88 rows=1 width=8)
	  ->  Index Scan using sbtest2_pkey on sbtest2  (cost=0.43..407.61 rows=104 width=4)
	        Index Cond: ((id >= 3560795) AND (id <= 3560894))

table 3 : explain SELECT SUM(k) FROM sbtest3 WHERE id BETWEEN 7863830 AND 7863929
	Aggregate  (cost=400.66..400.67 rows=1 width=8)
	  ->  Index Scan using sbtest3_pkey on sbtest3  (cost=0.43..400.40 rows=103 width=4)
	        Index Cond: ((id >= 7863830) AND (id <= 7863929))

table 4 : explain SELECT SUM(k) FROM sbtest4 WHERE id BETWEEN 1986161 AND 1986260
	Aggregate  (cost=400.04..400.05 rows=1 width=8)
	  ->  Index Scan using sbtest4_pkey on sbtest4  (cost=0.43..399.79 rows=102 width=4)
	        Index Cond: ((id >= 1986161) AND (id <= 1986260))

table 5 : explain SELECT SUM(k) FROM sbtest5 WHERE id BETWEEN 999775 AND 999874
	Aggregate  (cost=362.30..362.31 rows=1 width=8)
	  ->  Index Scan using sbtest5_pkey on sbtest5  (cost=0.43..362.07 rows=92 width=4)
	        Index Cond: ((id >= 999775) AND (id <= 999874))

table 6 : explain SELECT SUM(k) FROM sbtest6 WHERE id BETWEEN 4792512 AND 4792611
	Aggregate  (cost=421.42..421.43 rows=1 width=8)
	  ->  Index Scan using sbtest6_pkey on sbtest6  (cost=0.43..421.15 rows=108 width=4)
	        Index Cond: ((id >= 4792512) AND (id <= 4792611))

table 7 : explain SELECT SUM(k) FROM sbtest7 WHERE id BETWEEN 963394 AND 963493
	Aggregate  (cost=408.31..408.32 rows=1 width=8)
	  ->  Index Scan using sbtest7_pkey on sbtest7  (cost=0.43..408.05 rows=104 width=4)
	        Index Cond: ((id >= 963394) AND (id <= 963493))

table 8 : explain SELECT SUM(k) FROM sbtest8 WHERE id BETWEEN 533156 AND 533255
	Aggregate  (cost=361.54..361.55 rows=1 width=8)
	  ->  Index Scan using sbtest8_pkey on sbtest8  (cost=0.43..361.31 rows=92 width=4)
	        Index Cond: ((id >= 533156) AND (id <= 533255))

for inserts
table 1 : explain INSERT INTO sbtest1 (id, k, c, pad) VALUES (8904162, 13, 'foobar', 'foobar')
	Insert on sbtest1  (cost=0.00..0.01 rows=0 width=0)
	  ->  Result  (cost=0.00..0.01 rows=1 width=736)

table 2 : explain INSERT INTO sbtest2 (id, k, c, pad) VALUES (1325487, 13, 'foobar', 'foobar')
	Insert on sbtest2  (cost=0.00..0.01 rows=0 width=0)
	  ->  Result  (cost=0.00..0.01 rows=1 width=736)

table 3 : explain INSERT INTO sbtest3 (id, k, c, pad) VALUES (6043226, 13, 'foobar', 'foobar')
	Insert on sbtest3  (cost=0.00..0.01 rows=0 width=0)
	  ->  Result  (cost=0.00..0.01 rows=1 width=736)

table 4 : explain INSERT INTO sbtest4 (id, k, c, pad) VALUES (1956512, 13, 'foobar', 'foobar')
	Insert on sbtest4  (cost=0.00..0.01 rows=0 width=0)
	  ->  Result  (cost=0.00..0.01 rows=1 width=736)

table 5 : explain INSERT INTO sbtest5 (id, k, c, pad) VALUES (5981082, 13, 'foobar', 'foobar')
	Insert on sbtest5  (cost=0.00..0.01 rows=0 width=0)
	  ->  Result  (cost=0.00..0.01 rows=1 width=736)

table 6 : explain INSERT INTO sbtest6 (id, k, c, pad) VALUES (8155457, 13, 'foobar', 'foobar')
	Insert on sbtest6  (cost=0.00..0.01 rows=0 width=0)
	  ->  Result  (cost=0.00..0.01 rows=1 width=736)

table 7 : explain INSERT INTO sbtest7 (id, k, c, pad) VALUES (4898678, 13, 'foobar', 'foobar')
	Insert on sbtest7  (cost=0.00..0.01 rows=0 width=0)
	  ->  Result  (cost=0.00..0.01 rows=1 width=736)

table 8 : explain INSERT INTO sbtest8 (id, k, c, pad) VALUES (2608506, 13, 'foobar', 'foobar')
	Insert on sbtest8  (cost=0.00..0.01 rows=0 width=0)
	  ->  Result  (cost=0.00..0.01 rows=1 width=736)

explain: for non_index_updates :: explain UPDATE sbtest%u SET c='foobar' WHERE id=%u
for point_selects
table 1 : explain SELECT c FROM sbtest1 WHERE id=5922159
	Index Scan using sbtest1_pkey on sbtest1  (cost=0.43..8.45 rows=1 width=121)
	  Index Cond: (id = 5922159)

table 2 : explain SELECT c FROM sbtest2 WHERE id=4283822
	Index Scan using sbtest2_pkey on sbtest2  (cost=0.43..8.45 rows=1 width=121)
	  Index Cond: (id = 4283822)

table 3 : explain SELECT c FROM sbtest3 WHERE id=7935627
	Index Scan using sbtest3_pkey on sbtest3  (cost=0.43..8.45 rows=1 width=121)
	  Index Cond: (id = 7935627)

table 4 : explain SELECT c FROM sbtest4 WHERE id=391676
	Index Scan using sbtest4_pkey on sbtest4  (cost=0.43..8.45 rows=1 width=121)
	  Index Cond: (id = 391676)

table 5 : explain SELECT c FROM sbtest5 WHERE id=4487741
	Index Scan using sbtest5_pkey on sbtest5  (cost=0.43..8.45 rows=1 width=121)
	  Index Cond: (id = 4487741)

table 6 : explain SELECT c FROM sbtest6 WHERE id=1166982
	Index Scan using sbtest6_pkey on sbtest6  (cost=0.43..8.45 rows=1 width=121)
	  Index Cond: (id = 1166982)

table 7 : explain SELECT c FROM sbtest7 WHERE id=8533631
	Index Scan using sbtest7_pkey on sbtest7  (cost=0.43..8.45 rows=1 width=121)
	  Index Cond: (id = 8533631)

table 8 : explain SELECT c FROM sbtest8 WHERE id=6756394
	Index Scan using sbtest8_pkey on sbtest8  (cost=0.43..8.45 rows=1 width=121)
	  Index Cond: (id = 6756394)

explain: for inserts :: explain INSERT INTO sbtest%u (id, k, c, pad) VALUES (%u, 13, 'foobar', 'foobar')
for: distinct_ranges
table 1 : explain SELECT DISTINCT c FROM sbtest1 WHERE id BETWEEN 5740003 AND 5740102 ORDER BY c
	Unique  (cost=392.77..393.27 rows=99 width=121)
	  ->  Sort  (cost=392.77..393.02 rows=99 width=121)
	        Sort Key: c
	        ->  Index Scan using sbtest1_pkey on sbtest1  (cost=0.43..389.49 rows=99 width=121)
	              Index Cond: ((id >= 5740003) AND (id <= 5740102))

table 2 : explain SELECT DISTINCT c FROM sbtest2 WHERE id BETWEEN 4690224 AND 4690323 ORDER BY c
	Unique  (cost=415.01..415.54 rows=105 width=121)
	  ->  Sort  (cost=415.01..415.28 rows=105 width=121)
	        Sort Key: c
	        ->  Index Scan using sbtest2_pkey on sbtest2  (cost=0.43..411.49 rows=105 width=121)
	              Index Cond: ((id >= 4690224) AND (id <= 4690323))

table 3 : explain SELECT DISTINCT c FROM sbtest3 WHERE id BETWEEN 9242169 AND 9242268 ORDER BY c
	Unique  (cost=396.08..396.59 rows=101 width=121)
	  ->  Sort  (cost=396.08..396.33 rows=101 width=121)
	        Sort Key: c
	        ->  Index Scan using sbtest3_pkey on sbtest3  (cost=0.43..392.72 rows=101 width=121)
	              Index Cond: ((id >= 9242169) AND (id <= 9242268))

table 4 : explain SELECT DISTINCT c FROM sbtest4 WHERE id BETWEEN 6493630 AND 6493729 ORDER BY c
	Unique  (cost=422.76..423.30 rows=107 width=121)
	  ->  Sort  (cost=422.76..423.03 rows=107 width=121)
	        Sort Key: c
	        ->  Index Scan using sbtest4_pkey on sbtest4  (cost=0.43..419.16 rows=107 width=121)
	              Index Cond: ((id >= 6493630) AND (id <= 6493729))

table 5 : explain SELECT DISTINCT c FROM sbtest5 WHERE id BETWEEN 5300708 AND 5300807 ORDER BY c
	Unique  (cost=404.36..404.87 rows=102 width=121)
	  ->  Sort  (cost=404.36..404.61 rows=102 width=121)
	        Sort Key: c
	        ->  Index Scan using sbtest5_pkey on sbtest5  (cost=0.43..400.96 rows=102 width=121)
	              Index Cond: ((id >= 5300708) AND (id <= 5300807))

table 6 : explain SELECT DISTINCT c FROM sbtest6 WHERE id BETWEEN 720290 AND 720389 ORDER BY c
	Unique  (cost=432.60..433.15 rows=110 width=121)
	  ->  Sort  (cost=432.60..432.87 rows=110 width=121)
	        Sort Key: c
	        ->  Index Scan using sbtest6_pkey on sbtest6  (cost=0.43..428.87 rows=110 width=121)
	              Index Cond: ((id >= 720290) AND (id <= 720389))

table 7 : explain SELECT DISTINCT c FROM sbtest7 WHERE id BETWEEN 8678791 AND 8678890 ORDER BY c
	Unique  (cost=435.05..435.60 rows=110 width=121)
	  ->  Sort  (cost=435.05..435.33 rows=110 width=121)
	        Sort Key: c
	        ->  Index Scan using sbtest7_pkey on sbtest7  (cost=0.43..431.32 rows=110 width=121)
	              Index Cond: ((id >= 8678791) AND (id <= 8678890))

table 8 : explain SELECT DISTINCT c FROM sbtest8 WHERE id BETWEEN 7340762 AND 7340861 ORDER BY c
	Unique  (cost=411.35..411.87 rows=104 width=121)
	  ->  Sort  (cost=411.35..411.61 rows=104 width=121)
	        Sort Key: c
	        ->  Index Scan using sbtest8_pkey on sbtest8  (cost=0.43..407.87 rows=104 width=121)
	              Index Cond: ((id >= 7340762) AND (id <= 7340861))

explain: for inserts :: explain INSERT INTO sbtest%u (id, k, c, pad) VALUES (%u, 13, 'foobar', 'foobar')
explain: for non_index_updates :: explain UPDATE sbtest%u SET c='foobar' WHERE id=%u
for point_selects
table 1 : explain SELECT c FROM sbtest1 WHERE id=1433173
	Index Scan using sbtest1_pkey on sbtest1  (cost=0.43..8.45 rows=1 width=121)
	  Index Cond: (id = 1433173)

table 2 : explain SELECT c FROM sbtest2 WHERE id=7705448
	Index Scan using sbtest2_pkey on sbtest2  (cost=0.43..8.45 rows=1 width=121)
	  Index Cond: (id = 7705448)

table 3 : explain SELECT c FROM sbtest3 WHERE id=2146284
	Index Scan using sbtest3_pkey on sbtest3  (cost=0.43..8.45 rows=1 width=121)
	  Index Cond: (id = 2146284)

table 4 : explain SELECT c FROM sbtest4 WHERE id=8073016
	Index Scan using sbtest4_pkey on sbtest4  (cost=0.43..8.45 rows=1 width=121)
	  Index Cond: (id = 8073016)

table 5 : explain SELECT c FROM sbtest5 WHERE id=1131516
	Index Scan using sbtest5_pkey on sbtest5  (cost=0.43..8.45 rows=1 width=121)
	  Index Cond: (id = 1131516)

table 6 : explain SELECT c FROM sbtest6 WHERE id=307539
	Index Scan using sbtest6_pkey on sbtest6  (cost=0.43..8.45 rows=1 width=121)
	  Index Cond: (id = 307539)

table 7 : explain SELECT c FROM sbtest7 WHERE id=8777274
	Index Scan using sbtest7_pkey on sbtest7  (cost=0.43..8.45 rows=1 width=121)
	  Index Cond: (id = 8777274)

table 8 : explain SELECT c FROM sbtest8 WHERE id=9761179
	Index Scan using sbtest8_pkey on sbtest8  (cost=0.43..8.45 rows=1 width=121)
	  Index Cond: (id = 9761179)

for: simple_ranges
table 1 : explain SELECT c FROM sbtest1 WHERE id BETWEEN 6874691 AND 6874790
	Index Scan using sbtest1_pkey on sbtest1  (cost=0.43..366.17 rows=93 width=121)
	  Index Cond: ((id >= 6874691) AND (id <= 6874790))

table 2 : explain SELECT c FROM sbtest2 WHERE id BETWEEN 7293962 AND 7294061
	Index Scan using sbtest2_pkey on sbtest2  (cost=0.43..399.87 rows=102 width=121)
	  Index Cond: ((id >= 7293962) AND (id <= 7294061))

table 3 : explain SELECT c FROM sbtest3 WHERE id BETWEEN 4016652 AND 4016751
	Index Scan using sbtest3_pkey on sbtest3  (cost=0.43..384.99 rows=99 width=121)
	  Index Cond: ((id >= 4016652) AND (id <= 4016751))

table 4 : explain SELECT c FROM sbtest4 WHERE id BETWEEN 6779677 AND 6779776
	Index Scan using sbtest4_pkey on sbtest4  (cost=0.43..357.14 rows=91 width=121)
	  Index Cond: ((id >= 6779677) AND (id <= 6779776))

table 5 : explain SELECT c FROM sbtest5 WHERE id BETWEEN 3649735 AND 3649834
	Index Scan using sbtest5_pkey on sbtest5  (cost=0.43..416.50 rows=106 width=121)
	  Index Cond: ((id >= 3649735) AND (id <= 3649834))

table 6 : explain SELECT c FROM sbtest6 WHERE id BETWEEN 9047432 AND 9047531
	Index Scan using sbtest6_pkey on sbtest6  (cost=0.43..409.59 rows=105 width=121)
	  Index Cond: ((id >= 9047432) AND (id <= 9047531))

table 7 : explain SELECT c FROM sbtest7 WHERE id BETWEEN 7629090 AND 7629189
	Index Scan using sbtest7_pkey on sbtest7  (cost=0.43..353.72 rows=90 width=121)
	  Index Cond: ((id >= 7629090) AND (id <= 7629189))

table 8 : explain SELECT c FROM sbtest8 WHERE id BETWEEN 9504199 AND 9504298
	Index Scan using sbtest8_pkey on sbtest8  (cost=0.43..403.99 rows=103 width=121)
	  Index Cond: ((id >= 9504199) AND (id <= 9504298))

for point_selects
table 1 : explain SELECT c FROM sbtest1 WHERE id=582763
	Index Scan using sbtest1_pkey on sbtest1  (cost=0.43..8.45 rows=1 width=121)
	  Index Cond: (id = 582763)

table 2 : explain SELECT c FROM sbtest2 WHERE id=6369006
	Index Scan using sbtest2_pkey on sbtest2  (cost=0.43..8.45 rows=1 width=121)
	  Index Cond: (id = 6369006)

table 3 : explain SELECT c FROM sbtest3 WHERE id=6626628
	Index Scan using sbtest3_pkey on sbtest3  (cost=0.43..8.45 rows=1 width=121)
	  Index Cond: (id = 6626628)

table 4 : explain SELECT c FROM sbtest4 WHERE id=9355725
	Index Scan using sbtest4_pkey on sbtest4  (cost=0.43..8.45 rows=1 width=121)
	  Index Cond: (id = 9355725)

table 5 : explain SELECT c FROM sbtest5 WHERE id=9636451
	Index Scan using sbtest5_pkey on sbtest5  (cost=0.43..8.45 rows=1 width=121)
	  Index Cond: (id = 9636451)

table 6 : explain SELECT c FROM sbtest6 WHERE id=1518560
	Index Scan using sbtest6_pkey on sbtest6  (cost=0.43..8.45 rows=1 width=121)
	  Index Cond: (id = 1518560)

table 7 : explain SELECT c FROM sbtest7 WHERE id=6592872
	Index Scan using sbtest7_pkey on sbtest7  (cost=0.43..8.45 rows=1 width=121)
	  Index Cond: (id = 6592872)

table 8 : explain SELECT c FROM sbtest8 WHERE id=7335660
	Index Scan using sbtest8_pkey on sbtest8  (cost=0.43..8.45 rows=1 width=121)
	  Index Cond: (id = 7335660)

for non_index_updates
table 1 : explain UPDATE sbtest1 SET c='foobar' WHERE id=1103640
	Update on sbtest1  (cost=0.43..8.45 rows=0 width=0)
	  ->  Index Scan using sbtest1_pkey on sbtest1  (cost=0.43..8.45 rows=1 width=490)
	        Index Cond: (id = 1103640)

table 2 : explain UPDATE sbtest2 SET c='foobar' WHERE id=2187095
	Update on sbtest2  (cost=0.43..8.45 rows=0 width=0)
	  ->  Index Scan using sbtest2_pkey on sbtest2  (cost=0.43..8.45 rows=1 width=490)
	        Index Cond: (id = 2187095)

table 3 : explain UPDATE sbtest3 SET c='foobar' WHERE id=6911803
	Update on sbtest3  (cost=0.43..8.45 rows=0 width=0)
	  ->  Index Scan using sbtest3_pkey on sbtest3  (cost=0.43..8.45 rows=1 width=490)
	        Index Cond: (id = 6911803)

table 4 : explain UPDATE sbtest4 SET c='foobar' WHERE id=355598
	Update on sbtest4  (cost=0.43..8.45 rows=0 width=0)
	  ->  Index Scan using sbtest4_pkey on sbtest4  (cost=0.43..8.45 rows=1 width=490)
	        Index Cond: (id = 355598)

table 5 : explain UPDATE sbtest5 SET c='foobar' WHERE id=7375006
	Update on sbtest5  (cost=0.43..8.45 rows=0 width=0)
	  ->  Index Scan using sbtest5_pkey on sbtest5  (cost=0.43..8.45 rows=1 width=490)
	        Index Cond: (id = 7375006)

table 6 : explain UPDATE sbtest6 SET c='foobar' WHERE id=5726721
	Update on sbtest6  (cost=0.43..8.45 rows=0 width=0)
	  ->  Index Scan using sbtest6_pkey on sbtest6  (cost=0.43..8.45 rows=1 width=490)
	        Index Cond: (id = 5726721)

table 7 : explain UPDATE sbtest7 SET c='foobar' WHERE id=1124669
	Update on sbtest7  (cost=0.43..8.45 rows=0 width=0)
	  ->  Index Scan using sbtest7_pkey on sbtest7  (cost=0.43..8.45 rows=1 width=490)
	        Index Cond: (id = 1124669)

table 8 : explain UPDATE sbtest8 SET c='foobar' WHERE id=786922
	Update on sbtest8  (cost=0.43..8.45 rows=0 width=0)
	  ->  Index Scan using sbtest8_pkey on sbtest8  (cost=0.43..8.45 rows=1 width=490)
	        Index Cond: (id = 786922)

for non_index_updates
table 1 : explain UPDATE sbtest1 SET c='foobar' WHERE id=3008775
	Update on sbtest1  (cost=0.43..8.45 rows=0 width=0)
	  ->  Index Scan using sbtest1_pkey on sbtest1  (cost=0.43..8.45 rows=1 width=490)
	        Index Cond: (id = 3008775)

table 2 : explain UPDATE sbtest2 SET c='foobar' WHERE id=6953502
	Update on sbtest2  (cost=0.43..8.45 rows=0 width=0)
	  ->  Index Scan using sbtest2_pkey on sbtest2  (cost=0.43..8.45 rows=1 width=490)
	        Index Cond: (id = 6953502)

table 3 : explain UPDATE sbtest3 SET c='foobar' WHERE id=8441318
	Update on sbtest3  (cost=0.43..8.45 rows=0 width=0)
	  ->  Index Scan using sbtest3_pkey on sbtest3  (cost=0.43..8.45 rows=1 width=490)
	        Index Cond: (id = 8441318)

table 4 : explain UPDATE sbtest4 SET c='foobar' WHERE id=9748160
	Update on sbtest4  (cost=0.43..8.45 rows=0 width=0)
	  ->  Index Scan using sbtest4_pkey on sbtest4  (cost=0.43..8.45 rows=1 width=490)
	        Index Cond: (id = 9748160)

table 5 : explain UPDATE sbtest5 SET c='foobar' WHERE id=1924676
	Update on sbtest5  (cost=0.43..8.45 rows=0 width=0)
	  ->  Index Scan using sbtest5_pkey on sbtest5  (cost=0.43..8.45 rows=1 width=490)
	        Index Cond: (id = 1924676)

table 6 : explain UPDATE sbtest6 SET c='foobar' WHERE id=4457373
	Update on sbtest6  (cost=0.43..8.45 rows=0 width=0)
	  ->  Index Scan using sbtest6_pkey on sbtest6  (cost=0.43..8.45 rows=1 width=490)
	        Index Cond: (id = 4457373)

table 7 : explain UPDATE sbtest7 SET c='foobar' WHERE id=9329854
	Update on sbtest7  (cost=0.43..8.45 rows=0 width=0)
	  ->  Index Scan using sbtest7_pkey on sbtest7  (cost=0.43..8.45 rows=1 width=490)
	        Index Cond: (id = 9329854)

table 8 : explain UPDATE sbtest8 SET c='foobar' WHERE id=5882028
	Update on sbtest8  (cost=0.43..8.45 rows=0 width=0)
	  ->  Index Scan using sbtest8_pkey on sbtest8  (cost=0.43..8.45 rows=1 width=490)
	        Index Cond: (id = 5882028)

for inserts
table 1 : explain INSERT INTO sbtest1 (id, k, c, pad) VALUES (5434569, 13, 'foobar', 'foobar')
	Insert on sbtest1  (cost=0.00..0.01 rows=0 width=0)
	  ->  Result  (cost=0.00..0.01 rows=1 width=736)

table 2 : explain INSERT INTO sbtest2 (id, k, c, pad) VALUES (2306170, 13, 'foobar', 'foobar')
	Insert on sbtest2  (cost=0.00..0.01 rows=0 width=0)
	  ->  Result  (cost=0.00..0.01 rows=1 width=736)

table 3 : explain INSERT INTO sbtest3 (id, k, c, pad) VALUES (5409013, 13, 'foobar', 'foobar')
	Insert on sbtest3  (cost=0.00..0.01 rows=0 width=0)
	  ->  Result  (cost=0.00..0.01 rows=1 width=736)

table 4 : explain INSERT INTO sbtest4 (id, k, c, pad) VALUES (5066620, 13, 'foobar', 'foobar')
	Insert on sbtest4  (cost=0.00..0.01 rows=0 width=0)
	  ->  Result  (cost=0.00..0.01 rows=1 width=736)

table 5 : explain INSERT INTO sbtest5 (id, k, c, pad) VALUES (4838887, 13, 'foobar', 'foobar')
	Insert on sbtest5  (cost=0.00..0.01 rows=0 width=0)
	  ->  Result  (cost=0.00..0.01 rows=1 width=736)

table 6 : explain INSERT INTO sbtest6 (id, k, c, pad) VALUES (6837843, 13, 'foobar', 'foobar')
	Insert on sbtest6  (cost=0.00..0.01 rows=0 width=0)
	  ->  Result  (cost=0.00..0.01 rows=1 width=736)

table 7 : explain INSERT INTO sbtest7 (id, k, c, pad) VALUES (7124516, 13, 'foobar', 'foobar')
	Insert on sbtest7  (cost=0.00..0.01 rows=0 width=0)
	  ->  Result  (cost=0.00..0.01 rows=1 width=736)

table 8 : explain INSERT INTO sbtest8 (id, k, c, pad) VALUES (4026569, 13, 'foobar', 'foobar')
	Insert on sbtest8  (cost=0.00..0.01 rows=0 width=0)
	  ->  Result  (cost=0.00..0.01 rows=1 width=736)

explain: for index_updates :: explain UPDATE sbtest%u SET k=k+1 WHERE id=%u
for inserts
table 1 : explain INSERT INTO sbtest1 (id, k, c, pad) VALUES (8784101, 13, 'foobar', 'foobar')
	Insert on sbtest1  (cost=0.00..0.01 rows=0 width=0)
	  ->  Result  (cost=0.00..0.01 rows=1 width=736)

table 2 : explain INSERT INTO sbtest2 (id, k, c, pad) VALUES (6629942, 13, 'foobar', 'foobar')
	Insert on sbtest2  (cost=0.00..0.01 rows=0 width=0)
	  ->  Result  (cost=0.00..0.01 rows=1 width=736)

table 3 : explain INSERT INTO sbtest3 (id, k, c, pad) VALUES (9994491, 13, 'foobar', 'foobar')
	Insert on sbtest3  (cost=0.00..0.01 rows=0 width=0)
	  ->  Result  (cost=0.00..0.01 rows=1 width=736)

table 4 : explain INSERT INTO sbtest4 (id, k, c, pad) VALUES (7772410, 13, 'foobar', 'foobar')
	Insert on sbtest4  (cost=0.00..0.01 rows=0 width=0)
	  ->  Result  (cost=0.00..0.01 rows=1 width=736)

table 5 : explain INSERT INTO sbtest5 (id, k, c, pad) VALUES (1610722, 13, 'foobar', 'foobar')
	Insert on sbtest5  (cost=0.00..0.01 rows=0 width=0)
	  ->  Result  (cost=0.00..0.01 rows=1 width=736)

table 6 : explain INSERT INTO sbtest6 (id, k, c, pad) VALUES (7895247, 13, 'foobar', 'foobar')
	Insert on sbtest6  (cost=0.00..0.01 rows=0 width=0)
	  ->  Result  (cost=0.00..0.01 rows=1 width=736)

table 7 : explain INSERT INTO sbtest7 (id, k, c, pad) VALUES (5315889, 13, 'foobar', 'foobar')
	Insert on sbtest7  (cost=0.00..0.01 rows=0 width=0)
	  ->  Result  (cost=0.00..0.01 rows=1 width=736)

table 8 : explain INSERT INTO sbtest8 (id, k, c, pad) VALUES (5335495, 13, 'foobar', 'foobar')
	Insert on sbtest8  (cost=0.00..0.01 rows=0 width=0)
	  ->  Result  (cost=0.00..0.01 rows=1 width=736)

for: distinct_ranges
table 1 : explain SELECT DISTINCT c FROM sbtest1 WHERE id BETWEEN 3938785 AND 3938884 ORDER BY c
	Unique  (cost=424.23..424.77 rows=107 width=121)
	  ->  Sort  (cost=424.23..424.50 rows=107 width=121)
	        Sort Key: c
	        ->  Index Scan using sbtest1_pkey on sbtest1  (cost=0.43..420.62 rows=107 width=121)
	              Index Cond: ((id >= 3938785) AND (id <= 3938884))

table 2 : explain SELECT DISTINCT c FROM sbtest2 WHERE id BETWEEN 706981 AND 707080 ORDER BY c
	Unique  (cost=371.92..372.39 rows=94 width=121)
	  ->  Sort  (cost=371.92..372.15 rows=94 width=121)
	        Sort Key: c
	        ->  Index Scan using sbtest2_pkey on sbtest2  (cost=0.43..368.84 rows=94 width=121)
	              Index Cond: ((id >= 706981) AND (id <= 707080))

table 3 : explain SELECT DISTINCT c FROM sbtest3 WHERE id BETWEEN 6242992 AND 6243091 ORDER BY c
	Unique  (cost=403.84..404.36 rows=103 width=121)
	  ->  Sort  (cost=403.84..404.10 rows=103 width=121)
	        Sort Key: c
	        ->  Index Scan using sbtest3_pkey on sbtest3  (cost=0.43..400.40 rows=103 width=121)
	              Index Cond: ((id >= 6242992) AND (id <= 6243091))

table 4 : explain SELECT DISTINCT c FROM sbtest4 WHERE id BETWEEN 9621830 AND 9621929 ORDER BY c
	Unique  (cost=360.10..360.56 rows=91 width=121)
	  ->  Sort  (cost=360.10..360.33 rows=91 width=121)
	        Sort Key: c
	        ->  Index Scan using sbtest4_pkey on sbtest4  (cost=0.43..357.14 rows=91 width=121)
	              Index Cond: ((id >= 9621830) AND (id <= 9621929))

table 5 : explain SELECT DISTINCT c FROM sbtest5 WHERE id BETWEEN 1819611 AND 1819710 ORDER BY c
	Unique  (cost=372.92..373.39 rows=94 width=121)
	  ->  Sort  (cost=372.92..373.16 rows=94 width=121)
	        Sort Key: c
	        ->  Index Scan using sbtest5_pkey on sbtest5  (cost=0.43..369.84 rows=94 width=121)
	              Index Cond: ((id >= 1819611) AND (id <= 1819710))

table 6 : explain SELECT DISTINCT c FROM sbtest6 WHERE id BETWEEN 1227390 AND 1227489 ORDER BY c
	Unique  (cost=389.69..390.19 rows=99 width=121)
	  ->  Sort  (cost=389.69..389.94 rows=99 width=121)
	        Sort Key: c
	        ->  Index Scan using sbtest6_pkey on sbtest6  (cost=0.43..386.41 rows=99 width=121)
	              Index Cond: ((id >= 1227390) AND (id <= 1227489))

table 7 : explain SELECT DISTINCT c FROM sbtest7 WHERE id BETWEEN 8900913 AND 8901012 ORDER BY c
	Unique  (cost=356.64..357.09 rows=90 width=121)
	  ->  Sort  (cost=356.64..356.86 rows=90 width=121)
	        Sort Key: c
	        ->  Index Scan using sbtest7_pkey on sbtest7  (cost=0.43..353.72 rows=90 width=121)
	              Index Cond: ((id >= 8900913) AND (id <= 8901012))

table 8 : explain SELECT DISTINCT c FROM sbtest8 WHERE id BETWEEN 346980 AND 347079 ORDER BY c
	Unique  (cost=391.77..392.26 rows=99 width=121)
	  ->  Sort  (cost=391.77..392.01 rows=99 width=121)
	        Sort Key: c
	        ->  Index Scan using sbtest8_pkey on sbtest8  (cost=0.43..388.48 rows=99 width=121)
	              Index Cond: ((id >= 346980) AND (id <= 347079))

explain: for deletes :: explain DELETE FROM sbtest%u WHERE id=%u
explain: for deletes :: explain DELETE FROM sbtest%u WHERE id=%u
explain: for point_selects :: explain SELECT c FROM sbtest%u WHERE id=%u
explain: for index_updates :: explain UPDATE sbtest%u SET k=k+1 WHERE id=%u
for: order_ranges
table 1 : explain SELECT c FROM sbtest1 WHERE id BETWEEN 4026937 AND 4027036 ORDER BY c
	Sort  (cost=392.77..393.02 rows=99 width=121)
	  Sort Key: c
	  ->  Index Scan using sbtest1_pkey on sbtest1  (cost=0.43..389.49 rows=99 width=121)
	        Index Cond: ((id >= 4026937) AND (id <= 4027036))

table 2 : explain SELECT c FROM sbtest2 WHERE id BETWEEN 4524374 AND 4524473 ORDER BY c
	Sort  (cost=426.76..427.03 rows=108 width=121)
	  Sort Key: c
	  ->  Index Scan using sbtest2_pkey on sbtest2  (cost=0.43..423.11 rows=108 width=121)
	        Index Cond: ((id >= 4524374) AND (id <= 4524473))

table 3 : explain SELECT c FROM sbtest3 WHERE id BETWEEN 2146791 AND 2146890 ORDER BY c
	Sort  (cost=396.08..396.33 rows=101 width=121)
	  Sort Key: c
	  ->  Index Scan using sbtest3_pkey on sbtest3  (cost=0.43..392.72 rows=101 width=121)
	        Index Cond: ((id >= 2146791) AND (id <= 2146890))

table 4 : explain SELECT c FROM sbtest4 WHERE id BETWEEN 546786 AND 546885 ORDER BY c
	Sort  (cost=383.59..383.83 rows=97 width=121)
	  Sort Key: c
	  ->  Index Scan using sbtest4_pkey on sbtest4  (cost=0.43..380.38 rows=97 width=121)
	        Index Cond: ((id >= 546786) AND (id <= 546885))

table 5 : explain SELECT c FROM sbtest5 WHERE id BETWEEN 287589 AND 287688 ORDER BY c
	Sort  (cost=392.58..392.83 rows=99 width=121)
	  Sort Key: c
	  ->  Index Scan using sbtest5_pkey on sbtest5  (cost=0.43..389.30 rows=99 width=121)
	        Index Cond: ((id >= 287589) AND (id <= 287688))

table 6 : explain SELECT c FROM sbtest6 WHERE id BETWEEN 3895811 AND 3895910 ORDER BY c
	Sort  (cost=389.69..389.94 rows=99 width=121)
	  Sort Key: c
	  ->  Index Scan using sbtest6_pkey on sbtest6  (cost=0.43..386.41 rows=99 width=121)
	        Index Cond: ((id >= 3895811) AND (id <= 3895910))

table 7 : explain SELECT c FROM sbtest7 WHERE id BETWEEN 5015647 AND 5015746 ORDER BY c
	Sort  (cost=387.98..388.23 rows=98 width=121)
	  Sort Key: c
	  ->  Index Scan using sbtest7_pkey on sbtest7  (cost=0.43..384.74 rows=98 width=121)
	        Index Cond: ((id >= 5015647) AND (id <= 5015746))

table 8 : explain SELECT c FROM sbtest8 WHERE id BETWEEN 5549041 AND 5549140 ORDER BY c
	Sort  (cost=403.52..403.77 rows=102 width=121)
	  Sort Key: c
	  ->  Index Scan using sbtest8_pkey on sbtest8  (cost=0.43..400.12 rows=102 width=121)
	        Index Cond: ((id >= 5549041) AND (id <= 5549140))

for: simple_ranges
table 1 : explain SELECT c FROM sbtest1 WHERE id BETWEEN 5351057 AND 5351156
	Index Scan using sbtest1_pkey on sbtest1  (cost=0.43..412.85 rows=105 width=121)
	  Index Cond: ((id >= 5351057) AND (id <= 5351156))

table 2 : explain SELECT c FROM sbtest2 WHERE id BETWEEN 9827850 AND 9827949
	Index Scan using sbtest2_pkey on sbtest2  (cost=0.43..380.46 rows=97 width=121)
	  Index Cond: ((id >= 9827850) AND (id <= 9827949))

table 3 : explain SELECT c FROM sbtest3 WHERE id BETWEEN 9560842 AND 9560941
	Index Scan using sbtest3_pkey on sbtest3  (cost=0.43..365.78 rows=94 width=121)
	  Index Cond: ((id >= 9560842) AND (id <= 9560941))

table 4 : explain SELECT c FROM sbtest4 WHERE id BETWEEN 1509532 AND 1509631
	Index Scan using sbtest4_pkey on sbtest4  (cost=0.43..372.64 rows=95 width=121)
	  Index Cond: ((id >= 1509532) AND (id <= 1509631))

table 5 : explain SELECT c FROM sbtest5 WHERE id BETWEEN 5348737 AND 5348836
	Index Scan using sbtest5_pkey on sbtest5  (cost=0.43..397.07 rows=101 width=121)
	  Index Cond: ((id >= 5348737) AND (id <= 5348836))

table 6 : explain SELECT c FROM sbtest6 WHERE id BETWEEN 4418909 AND 4419008
	Index Scan using sbtest6_pkey on sbtest6  (cost=0.43..398.02 rows=102 width=121)
	  Index Cond: ((id >= 4418909) AND (id <= 4419008))

table 7 : explain SELECT c FROM sbtest7 WHERE id BETWEEN 3133248 AND 3133347
	Index Scan using sbtest7_pkey on sbtest7  (cost=0.43..392.54 rows=100 width=121)
	  Index Cond: ((id >= 3133248) AND (id <= 3133347))

table 8 : explain SELECT c FROM sbtest8 WHERE id BETWEEN 2801321 AND 2801420
	Index Scan using sbtest8_pkey on sbtest8  (cost=0.43..369.07 rows=94 width=121)
	  Index Cond: ((id >= 2801321) AND (id <= 2801420))

for inserts
table 1 : explain INSERT INTO sbtest1 (id, k, c, pad) VALUES (8751209, 13, 'foobar', 'foobar')
	Insert on sbtest1  (cost=0.00..0.01 rows=0 width=0)
	  ->  Result  (cost=0.00..0.01 rows=1 width=736)

table 2 : explain INSERT INTO sbtest2 (id, k, c, pad) VALUES (7239582, 13, 'foobar', 'foobar')
	Insert on sbtest2  (cost=0.00..0.01 rows=0 width=0)
	  ->  Result  (cost=0.00..0.01 rows=1 width=736)

table 3 : explain INSERT INTO sbtest3 (id, k, c, pad) VALUES (2982273, 13, 'foobar', 'foobar')
	Insert on sbtest3  (cost=0.00..0.01 rows=0 width=0)
	  ->  Result  (cost=0.00..0.01 rows=1 width=736)

table 4 : explain INSERT INTO sbtest4 (id, k, c, pad) VALUES (6102104, 13, 'foobar', 'foobar')
	Insert on sbtest4  (cost=0.00..0.01 rows=0 width=0)
	  ->  Result  (cost=0.00..0.01 rows=1 width=736)

table 5 : explain INSERT INTO sbtest5 (id, k, c, pad) VALUES (5362308, 13, 'foobar', 'foobar')
	Insert on sbtest5  (cost=0.00..0.01 rows=0 width=0)
	  ->  Result  (cost=0.00..0.01 rows=1 width=736)

table 6 : explain INSERT INTO sbtest6 (id, k, c, pad) VALUES (1006930, 13, 'foobar', 'foobar')
	Insert on sbtest6  (cost=0.00..0.01 rows=0 width=0)
	  ->  Result  (cost=0.00..0.01 rows=1 width=736)

table 7 : explain INSERT INTO sbtest7 (id, k, c, pad) VALUES (7885836, 13, 'foobar', 'foobar')
	Insert on sbtest7  (cost=0.00..0.01 rows=0 width=0)
	  ->  Result  (cost=0.00..0.01 rows=1 width=736)

table 8 : explain INSERT INTO sbtest8 (id, k, c, pad) VALUES (5715171, 13, 'foobar', 'foobar')
	Insert on sbtest8  (cost=0.00..0.01 rows=0 width=0)
	  ->  Result  (cost=0.00..0.01 rows=1 width=736)

for deletes
table 1 : explain DELETE FROM sbtest1 WHERE id=7306224
	Delete on sbtest1  (cost=0.43..8.45 rows=0 width=0)
	  ->  Index Scan using sbtest1_pkey on sbtest1  (cost=0.43..8.45 rows=1 width=6)
	        Index Cond: (id = 7306224)

table 2 : explain DELETE FROM sbtest2 WHERE id=7709846
	Delete on sbtest2  (cost=0.43..8.45 rows=0 width=0)
	  ->  Index Scan using sbtest2_pkey on sbtest2  (cost=0.43..8.45 rows=1 width=6)
	        Index Cond: (id = 7709846)

table 3 : explain DELETE FROM sbtest3 WHERE id=7491222
	Delete on sbtest3  (cost=0.43..8.45 rows=0 width=0)
	  ->  Index Scan using sbtest3_pkey on sbtest3  (cost=0.43..8.45 rows=1 width=6)
	        Index Cond: (id = 7491222)

table 4 : explain DELETE FROM sbtest4 WHERE id=6270305
	Delete on sbtest4  (cost=0.43..8.45 rows=0 width=0)
	  ->  Index Scan using sbtest4_pkey on sbtest4  (cost=0.43..8.45 rows=1 width=6)
	        Index Cond: (id = 6270305)

table 5 : explain DELETE FROM sbtest5 WHERE id=316402
	Delete on sbtest5  (cost=0.43..8.45 rows=0 width=0)
	  ->  Index Scan using sbtest5_pkey on sbtest5  (cost=0.43..8.45 rows=1 width=6)
	        Index Cond: (id = 316402)

table 6 : explain DELETE FROM sbtest6 WHERE id=1827064
	Delete on sbtest6  (cost=0.43..8.45 rows=0 width=0)
	  ->  Index Scan using sbtest6_pkey on sbtest6  (cost=0.43..8.45 rows=1 width=6)
	        Index Cond: (id = 1827064)

table 7 : explain DELETE FROM sbtest7 WHERE id=7031266
	Delete on sbtest7  (cost=0.43..8.45 rows=0 width=0)
	  ->  Index Scan using sbtest7_pkey on sbtest7  (cost=0.43..8.45 rows=1 width=6)
	        Index Cond: (id = 7031266)

table 8 : explain DELETE FROM sbtest8 WHERE id=955235
	Delete on sbtest8  (cost=0.43..8.45 rows=0 width=0)
	  ->  Index Scan using sbtest8_pkey on sbtest8  (cost=0.43..8.45 rows=1 width=6)
	        Index Cond: (id = 955235)

for index_updates
table 1 : explain UPDATE sbtest1 SET k=k+1 WHERE id=8679025
	Update on sbtest1  (cost=0.43..8.46 rows=0 width=0)
	  ->  Index Scan using sbtest1_pkey on sbtest1  (cost=0.43..8.46 rows=1 width=10)
	        Index Cond: (id = 8679025)

table 2 : explain UPDATE sbtest2 SET k=k+1 WHERE id=9633074
	Update on sbtest2  (cost=0.43..8.46 rows=0 width=0)
	  ->  Index Scan using sbtest2_pkey on sbtest2  (cost=0.43..8.46 rows=1 width=10)
	        Index Cond: (id = 9633074)

table 3 : explain UPDATE sbtest3 SET k=k+1 WHERE id=3454034
	Update on sbtest3  (cost=0.43..8.46 rows=0 width=0)
	  ->  Index Scan using sbtest3_pkey on sbtest3  (cost=0.43..8.46 rows=1 width=10)
	        Index Cond: (id = 3454034)

table 4 : explain UPDATE sbtest4 SET k=k+1 WHERE id=9351873
	Update on sbtest4  (cost=0.43..8.46 rows=0 width=0)
	  ->  Index Scan using sbtest4_pkey on sbtest4  (cost=0.43..8.46 rows=1 width=10)
	        Index Cond: (id = 9351873)

table 5 : explain UPDATE sbtest5 SET k=k+1 WHERE id=8555137
	Update on sbtest5  (cost=0.43..8.46 rows=0 width=0)
	  ->  Index Scan using sbtest5_pkey on sbtest5  (cost=0.43..8.46 rows=1 width=10)
	        Index Cond: (id = 8555137)

table 6 : explain UPDATE sbtest6 SET k=k+1 WHERE id=6735170
	Update on sbtest6  (cost=0.43..8.46 rows=0 width=0)
	  ->  Index Scan using sbtest6_pkey on sbtest6  (cost=0.43..8.46 rows=1 width=10)
	        Index Cond: (id = 6735170)

table 7 : explain UPDATE sbtest7 SET k=k+1 WHERE id=4019707
	Update on sbtest7  (cost=0.43..8.46 rows=0 width=0)
	  ->  Index Scan using sbtest7_pkey on sbtest7  (cost=0.43..8.46 rows=1 width=10)
	        Index Cond: (id = 4019707)

table 8 : explain UPDATE sbtest8 SET k=k+1 WHERE id=4015699
	Update on sbtest8  (cost=0.43..8.46 rows=0 width=0)
	  ->  Index Scan using sbtest8_pkey on sbtest8  (cost=0.43..8.46 rows=1 width=10)
	        Index Cond: (id = 4015699)

for deletes
table 1 : explain DELETE FROM sbtest1 WHERE id=8349861
	Delete on sbtest1  (cost=0.43..8.45 rows=0 width=0)
	  ->  Index Scan using sbtest1_pkey on sbtest1  (cost=0.43..8.45 rows=1 width=6)
	        Index Cond: (id = 8349861)

table 2 : explain DELETE FROM sbtest2 WHERE id=4016438
	Delete on sbtest2  (cost=0.43..8.45 rows=0 width=0)
	  ->  Index Scan using sbtest2_pkey on sbtest2  (cost=0.43..8.45 rows=1 width=6)
	        Index Cond: (id = 4016438)

table 3 : explain DELETE FROM sbtest3 WHERE id=1057423
	Delete on sbtest3  (cost=0.43..8.45 rows=0 width=0)
	  ->  Index Scan using sbtest3_pkey on sbtest3  (cost=0.43..8.45 rows=1 width=6)
	        Index Cond: (id = 1057423)

table 4 : explain DELETE FROM sbtest4 WHERE id=7798253
	Delete on sbtest4  (cost=0.43..8.45 rows=0 width=0)
	  ->  Index Scan using sbtest4_pkey on sbtest4  (cost=0.43..8.45 rows=1 width=6)
	        Index Cond: (id = 7798253)

table 5 : explain DELETE FROM sbtest5 WHERE id=7963358
	Delete on sbtest5  (cost=0.43..8.45 rows=0 width=0)
	  ->  Index Scan using sbtest5_pkey on sbtest5  (cost=0.43..8.45 rows=1 width=6)
	        Index Cond: (id = 7963358)

table 6 : explain DELETE FROM sbtest6 WHERE id=755382
	Delete on sbtest6  (cost=0.43..8.45 rows=0 width=0)
	  ->  Index Scan using sbtest6_pkey on sbtest6  (cost=0.43..8.45 rows=1 width=6)
	        Index Cond: (id = 755382)

table 7 : explain DELETE FROM sbtest7 WHERE id=1867968
	Delete on sbtest7  (cost=0.43..8.45 rows=0 width=0)
	  ->  Index Scan using sbtest7_pkey on sbtest7  (cost=0.43..8.45 rows=1 width=6)
	        Index Cond: (id = 1867968)

table 8 : explain DELETE FROM sbtest8 WHERE id=4774797
	Delete on sbtest8  (cost=0.43..8.45 rows=0 width=0)
	  ->  Index Scan using sbtest8_pkey on sbtest8  (cost=0.43..8.45 rows=1 width=6)
	        Index Cond: (id = 4774797)

for: simple_ranges
table 1 : explain SELECT c FROM sbtest1 WHERE id BETWEEN 2737996 AND 2738095
	Index Scan using sbtest1_pkey on sbtest1  (cost=0.43..405.07 rows=103 width=121)
	  Index Cond: ((id >= 2737996) AND (id <= 2738095))

table 2 : explain SELECT c FROM sbtest2 WHERE id BETWEEN 4958213 AND 4958312
	Index Scan using sbtest2_pkey on sbtest2  (cost=0.43..392.08 rows=100 width=121)
	  Index Cond: ((id >= 4958213) AND (id <= 4958312))

table 3 : explain SELECT c FROM sbtest3 WHERE id BETWEEN 5449153 AND 5449252
	Index Scan using sbtest3_pkey on sbtest3  (cost=0.43..384.99 rows=99 width=121)
	  Index Cond: ((id >= 5449153) AND (id <= 5449252))

table 4 : explain SELECT c FROM sbtest4 WHERE id BETWEEN 9597727 AND 9597826
	Index Scan using sbtest4_pkey on sbtest4  (cost=0.43..357.14 rows=91 width=121)
	  Index Cond: ((id >= 9597727) AND (id <= 9597826))

table 5 : explain SELECT c FROM sbtest5 WHERE id BETWEEN 932835 AND 932934
	Index Scan using sbtest5_pkey on sbtest5  (cost=0.43..362.07 rows=92 width=121)
	  Index Cond: ((id >= 932835) AND (id <= 932934))

table 6 : explain SELECT c FROM sbtest6 WHERE id BETWEEN 2980158 AND 2980257
	Index Scan using sbtest6_pkey on sbtest6  (cost=0.43..390.27 rows=100 width=121)
	  Index Cond: ((id >= 2980158) AND (id <= 2980257))

table 7 : explain SELECT c FROM sbtest7 WHERE id BETWEEN 881180 AND 881279
	Index Scan using sbtest7_pkey on sbtest7  (cost=0.43..404.17 rows=103 width=121)
	  Index Cond: ((id >= 881180) AND (id <= 881279))

table 8 : explain SELECT c FROM sbtest8 WHERE id BETWEEN 8501391 AND 8501490
	Index Scan using sbtest8_pkey on sbtest8  (cost=0.43..427.25 rows=109 width=121)
	  Index Cond: ((id >= 8501391) AND (id <= 8501490))

for: simple_ranges
table 1 : explain SELECT c FROM sbtest1 WHERE id BETWEEN 6953085 AND 6953184
	Index Scan using sbtest1_pkey on sbtest1  (cost=0.43..416.74 rows=106 width=121)
	  Index Cond: ((id >= 6953085) AND (id <= 6953184))

table 2 : explain SELECT c FROM sbtest2 WHERE id BETWEEN 7408640 AND 7408739
	Index Scan using sbtest2_pkey on sbtest2  (cost=0.43..372.71 rows=95 width=121)
	  Index Cond: ((id >= 7408640) AND (id <= 7408739))

table 3 : explain SELECT c FROM sbtest3 WHERE id BETWEEN 4482435 AND 4482534
	Index Scan using sbtest3_pkey on sbtest3  (cost=0.43..415.77 rows=107 width=121)
	  Index Cond: ((id >= 4482435) AND (id <= 4482534))

table 4 : explain SELECT c FROM sbtest4 WHERE id BETWEEN 524581 AND 524680
	Index Scan using sbtest4_pkey on sbtest4  (cost=0.43..380.38 rows=97 width=121)
	  Index Cond: ((id >= 524581) AND (id <= 524680))

table 5 : explain SELECT c FROM sbtest5 WHERE id BETWEEN 5425772 AND 5425871
	Index Scan using sbtest5_pkey on sbtest5  (cost=0.43..393.19 rows=100 width=121)
	  Index Cond: ((id >= 5425772) AND (id <= 5425871))

table 6 : explain SELECT c FROM sbtest6 WHERE id BETWEEN 9519963 AND 9520062
	Index Scan using sbtest6_pkey on sbtest6  (cost=0.43..428.87 rows=110 width=121)
	  Index Cond: ((id >= 9519963) AND (id <= 9520062))

table 7 : explain SELECT c FROM sbtest7 WHERE id BETWEEN 2515279 AND 2515378
	Index Scan using sbtest7_pkey on sbtest7  (cost=0.43..373.11 rows=95 width=121)
	  Index Cond: ((id >= 2515279) AND (id <= 2515378))

table 8 : explain SELECT c FROM sbtest8 WHERE id BETWEEN 7494673 AND 7494772
	Index Scan using sbtest8_pkey on sbtest8  (cost=0.43..400.12 rows=102 width=121)
	  Index Cond: ((id >= 7494673) AND (id <= 7494772))

explain: for non_index_updates :: explain UPDATE sbtest%u SET c='foobar' WHERE id=%u
for: distinct_ranges
table 1 : explain SELECT DISTINCT c FROM sbtest1 WHERE id BETWEEN 7558357 AND 7558456 ORDER BY c
	Unique  (cost=408.52..409.03 rows=103 width=121)
	  ->  Sort  (cost=408.52..408.77 rows=103 width=121)
	        Sort Key: c
	        ->  Index Scan using sbtest1_pkey on sbtest1  (cost=0.43..405.07 rows=103 width=121)
	              Index Cond: ((id >= 7558357) AND (id <= 7558456))

table 2 : explain SELECT DISTINCT c FROM sbtest2 WHERE id BETWEEN 6779385 AND 6779484 ORDER BY c
	Unique  (cost=391.49..391.98 rows=99 width=121)
	  ->  Sort  (cost=391.49..391.74 rows=99 width=121)
	        Sort Key: c
	        ->  Index Scan using sbtest2_pkey on sbtest2  (cost=0.43..388.21 rows=99 width=121)
	              Index Cond: ((id >= 6779385) AND (id <= 6779484))

table 3 : explain SELECT DISTINCT c FROM sbtest3 WHERE id BETWEEN 8857657 AND 8857756 ORDER BY c
	Unique  (cost=403.84..404.36 rows=103 width=121)
	  ->  Sort  (cost=403.84..404.10 rows=103 width=121)
	        Sort Key: c
	        ->  Index Scan using sbtest3_pkey on sbtest3  (cost=0.43..400.40 rows=103 width=121)
	              Index Cond: ((id >= 8857657) AND (id <= 8857756))

table 4 : explain SELECT DISTINCT c FROM sbtest4 WHERE id BETWEEN 5576563 AND 5576662 ORDER BY c
	Unique  (cost=387.50..387.99 rows=98 width=121)
	  ->  Sort  (cost=387.50..387.74 rows=98 width=121)
	        Sort Key: c
	        ->  Index Scan using sbtest4_pkey on sbtest4  (cost=0.43..384.26 rows=98 width=121)
	              Index Cond: ((id >= 5576563) AND (id <= 5576662))

table 5 : explain SELECT DISTINCT c FROM sbtest5 WHERE id BETWEEN 7482446 AND 7482545 ORDER BY c
	Unique  (cost=423.99..424.52 rows=107 width=121)
	  ->  Sort  (cost=423.99..424.26 rows=107 width=121)
	        Sort Key: c
	        ->  Index Scan using sbtest5_pkey on sbtest5  (cost=0.43..420.38 rows=107 width=121)
	              Index Cond: ((id >= 7482446) AND (id <= 7482545))

table 6 : explain SELECT DISTINCT c FROM sbtest6 WHERE id BETWEEN 415138 AND 415237 ORDER BY c
	Unique  (cost=393.59..394.09 rows=100 width=121)
	  ->  Sort  (cost=393.59..393.84 rows=100 width=121)
	        Sort Key: c
	        ->  Index Scan using sbtest6_pkey on sbtest6  (cost=0.43..390.27 rows=100 width=121)
	              Index Cond: ((id >= 415138) AND (id <= 415237))

table 7 : explain SELECT DISTINCT c FROM sbtest7 WHERE id BETWEEN 2518926 AND 2519025 ORDER BY c
	Unique  (cost=376.23..376.70 rows=95 width=121)
	  ->  Sort  (cost=376.23..376.47 rows=95 width=121)
	        Sort Key: c
	        ->  Index Scan using sbtest7_pkey on sbtest7  (cost=0.43..373.11 rows=95 width=121)
	              Index Cond: ((id >= 2518926) AND (id <= 2519025))

table 8 : explain SELECT DISTINCT c FROM sbtest8 WHERE id BETWEEN 218350 AND 218449 ORDER BY c
	Unique  (cost=395.68..396.18 rows=100 width=121)
	  ->  Sort  (cost=395.68..395.93 rows=100 width=121)
	        Sort Key: c
	        ->  Index Scan using sbtest8_pkey on sbtest8  (cost=0.43..392.36 rows=100 width=121)
	              Index Cond: ((id >= 218350) AND (id <= 218449))

for index_updates
table 1 : explain UPDATE sbtest1 SET k=k+1 WHERE id=5954525
	Update on sbtest1  (cost=0.43..8.46 rows=0 width=0)
	  ->  Index Scan using sbtest1_pkey on sbtest1  (cost=0.43..8.46 rows=1 width=10)
	        Index Cond: (id = 5954525)

table 2 : explain UPDATE sbtest2 SET k=k+1 WHERE id=2987054
	Update on sbtest2  (cost=0.43..8.46 rows=0 width=0)
	  ->  Index Scan using sbtest2_pkey on sbtest2  (cost=0.43..8.46 rows=1 width=10)
	        Index Cond: (id = 2987054)

table 3 : explain UPDATE sbtest3 SET k=k+1 WHERE id=4252223
	Update on sbtest3  (cost=0.43..8.46 rows=0 width=0)
	  ->  Index Scan using sbtest3_pkey on sbtest3  (cost=0.43..8.46 rows=1 width=10)
	        Index Cond: (id = 4252223)

table 4 : explain UPDATE sbtest4 SET k=k+1 WHERE id=3854475
	Update on sbtest4  (cost=0.43..8.46 rows=0 width=0)
	  ->  Index Scan using sbtest4_pkey on sbtest4  (cost=0.43..8.46 rows=1 width=10)
	        Index Cond: (id = 3854475)

table 5 : explain UPDATE sbtest5 SET k=k+1 WHERE id=1078121
	Update on sbtest5  (cost=0.43..8.46 rows=0 width=0)
	  ->  Index Scan using sbtest5_pkey on sbtest5  (cost=0.43..8.46 rows=1 width=10)
	        Index Cond: (id = 1078121)

table 6 : explain UPDATE sbtest6 SET k=k+1 WHERE id=5925025
	Update on sbtest6  (cost=0.43..8.46 rows=0 width=0)
	  ->  Index Scan using sbtest6_pkey on sbtest6  (cost=0.43..8.46 rows=1 width=10)
	        Index Cond: (id = 5925025)

table 7 : explain UPDATE sbtest7 SET k=k+1 WHERE id=8268410
	Update on sbtest7  (cost=0.43..8.46 rows=0 width=0)
	  ->  Index Scan using sbtest7_pkey on sbtest7  (cost=0.43..8.46 rows=1 width=10)
	        Index Cond: (id = 8268410)

table 8 : explain UPDATE sbtest8 SET k=k+1 WHERE id=5261344
	Update on sbtest8  (cost=0.43..8.46 rows=0 width=0)
	  ->  Index Scan using sbtest8_pkey on sbtest8  (cost=0.43..8.46 rows=1 width=10)
	        Index Cond: (id = 5261344)

for: sum_ranges
table 1 : explain SELECT SUM(k) FROM sbtest1 WHERE id BETWEEN 2479808 AND 2479907
	Aggregate  (cost=428.67..428.68 rows=1 width=8)
	  ->  Index Scan using sbtest1_pkey on sbtest1  (cost=0.43..428.40 rows=109 width=4)
	        Index Cond: ((id >= 2479808) AND (id <= 2479907))

table 2 : explain SELECT SUM(k) FROM sbtest2 WHERE id BETWEEN 4813909 AND 4814008
	Aggregate  (cost=372.95..372.96 rows=1 width=8)
	  ->  Index Scan using sbtest2_pkey on sbtest2  (cost=0.43..372.71 rows=95 width=4)
	        Index Cond: ((id >= 4813909) AND (id <= 4814008))

table 3 : explain SELECT SUM(k) FROM sbtest3 WHERE id BETWEEN 8365972 AND 8366071
	Aggregate  (cost=392.97..392.98 rows=1 width=8)
	  ->  Index Scan using sbtest3_pkey on sbtest3  (cost=0.43..392.72 rows=101 width=4)
	        Index Cond: ((id >= 8365972) AND (id <= 8366071))

table 4 : explain SELECT SUM(k) FROM sbtest4 WHERE id BETWEEN 6823509 AND 6823608
	Aggregate  (cost=388.38..388.39 rows=1 width=8)
	  ->  Index Scan using sbtest4_pkey on sbtest4  (cost=0.43..388.13 rows=99 width=4)
	        Index Cond: ((id >= 6823509) AND (id <= 6823608))

table 5 : explain SELECT SUM(k) FROM sbtest5 WHERE id BETWEEN 7790101 AND 7790200
	Aggregate  (cost=405.10..405.11 rows=1 width=8)
	  ->  Index Scan using sbtest5_pkey on sbtest5  (cost=0.43..404.84 rows=103 width=4)
	        Index Cond: ((id >= 7790101) AND (id <= 7790200))

table 6 : explain SELECT SUM(k) FROM sbtest6 WHERE id BETWEEN 5612826 AND 5612925
	Aggregate  (cost=421.42..421.43 rows=1 width=8)
	  ->  Index Scan using sbtest6_pkey on sbtest6  (cost=0.43..421.15 rows=108 width=4)
	        Index Cond: ((id >= 5612826) AND (id <= 5612925))

table 7 : explain SELECT SUM(k) FROM sbtest7 WHERE id BETWEEN 4513542 AND 4513641
	Aggregate  (cost=396.67..396.68 rows=1 width=8)
	  ->  Index Scan using sbtest7_pkey on sbtest7  (cost=0.43..396.41 rows=101 width=4)
	        Index Cond: ((id >= 4513542) AND (id <= 4513641))

table 8 : explain SELECT SUM(k) FROM sbtest8 WHERE id BETWEEN 2620179 AND 2620278
	Aggregate  (cost=415.89..415.90 rows=1 width=8)
	  ->  Index Scan using sbtest8_pkey on sbtest8  (cost=0.43..415.62 rows=106 width=4)
	        Index Cond: ((id >= 2620179) AND (id <= 2620278))

for non_index_updates
table 1 : explain UPDATE sbtest1 SET c='foobar' WHERE id=6466271
	Update on sbtest1  (cost=0.43..8.45 rows=0 width=0)
	  ->  Index Scan using sbtest1_pkey on sbtest1  (cost=0.43..8.45 rows=1 width=490)
	        Index Cond: (id = 6466271)

table 2 : explain UPDATE sbtest2 SET c='foobar' WHERE id=4607951
	Update on sbtest2  (cost=0.43..8.45 rows=0 width=0)
	  ->  Index Scan using sbtest2_pkey on sbtest2  (cost=0.43..8.45 rows=1 width=490)
	        Index Cond: (id = 4607951)

table 3 : explain UPDATE sbtest3 SET c='foobar' WHERE id=6959781
	Update on sbtest3  (cost=0.43..8.45 rows=0 width=0)
	  ->  Index Scan using sbtest3_pkey on sbtest3  (cost=0.43..8.45 rows=1 width=490)
	        Index Cond: (id = 6959781)

table 4 : explain UPDATE sbtest4 SET c='foobar' WHERE id=7049125
	Update on sbtest4  (cost=0.43..8.45 rows=0 width=0)
	  ->  Index Scan using sbtest4_pkey on sbtest4  (cost=0.43..8.45 rows=1 width=490)
	        Index Cond: (id = 7049125)

table 5 : explain UPDATE sbtest5 SET c='foobar' WHERE id=7337545
	Update on sbtest5  (cost=0.43..8.45 rows=0 width=0)
	  ->  Index Scan using sbtest5_pkey on sbtest5  (cost=0.43..8.45 rows=1 width=490)
	        Index Cond: (id = 7337545)

table 6 : explain UPDATE sbtest6 SET c='foobar' WHERE id=3297531
	Update on sbtest6  (cost=0.43..8.45 rows=0 width=0)
	  ->  Index Scan using sbtest6_pkey on sbtest6  (cost=0.43..8.45 rows=1 width=490)
	        Index Cond: (id = 3297531)

table 7 : explain UPDATE sbtest7 SET c='foobar' WHERE id=1597262
	Update on sbtest7  (cost=0.43..8.45 rows=0 width=0)
	  ->  Index Scan using sbtest7_pkey on sbtest7  (cost=0.43..8.45 rows=1 width=490)
	        Index Cond: (id = 1597262)

table 8 : explain UPDATE sbtest8 SET c='foobar' WHERE id=5614016
	Update on sbtest8  (cost=0.43..8.45 rows=0 width=0)
	  ->  Index Scan using sbtest8_pkey on sbtest8  (cost=0.43..8.45 rows=1 width=490)
	        Index Cond: (id = 5614016)

explain: for index_updates :: explain UPDATE sbtest%u SET k=k+1 WHERE id=%u
explain: for non_index_updates :: explain UPDATE sbtest%u SET c='foobar' WHERE id=%u
explain: for deletes :: explain DELETE FROM sbtest%u WHERE id=%u
for non_index_updates
table 1 : explain UPDATE sbtest1 SET c='foobar' WHERE id=6682894
	Update on sbtest1  (cost=0.43..8.45 rows=0 width=0)
	  ->  Index Scan using sbtest1_pkey on sbtest1  (cost=0.43..8.45 rows=1 width=490)
	        Index Cond: (id = 6682894)

table 2 : explain UPDATE sbtest2 SET c='foobar' WHERE id=867751
	Update on sbtest2  (cost=0.43..8.45 rows=0 width=0)
	  ->  Index Scan using sbtest2_pkey on sbtest2  (cost=0.43..8.45 rows=1 width=490)
	        Index Cond: (id = 867751)

table 3 : explain UPDATE sbtest3 SET c='foobar' WHERE id=2235723
	Update on sbtest3  (cost=0.43..8.45 rows=0 width=0)
	  ->  Index Scan using sbtest3_pkey on sbtest3  (cost=0.43..8.45 rows=1 width=490)
	        Index Cond: (id = 2235723)

table 4 : explain UPDATE sbtest4 SET c='foobar' WHERE id=2918312
	Update on sbtest4  (cost=0.43..8.45 rows=0 width=0)
	  ->  Index Scan using sbtest4_pkey on sbtest4  (cost=0.43..8.45 rows=1 width=490)
	        Index Cond: (id = 2918312)

table 5 : explain UPDATE sbtest5 SET c='foobar' WHERE id=4760142
	Update on sbtest5  (cost=0.43..8.45 rows=0 width=0)
	  ->  Index Scan using sbtest5_pkey on sbtest5  (cost=0.43..8.45 rows=1 width=490)
	        Index Cond: (id = 4760142)

table 6 : explain UPDATE sbtest6 SET c='foobar' WHERE id=9216659
	Update on sbtest6  (cost=0.43..8.45 rows=0 width=0)
	  ->  Index Scan using sbtest6_pkey on sbtest6  (cost=0.43..8.45 rows=1 width=490)
	        Index Cond: (id = 9216659)

table 7 : explain UPDATE sbtest7 SET c='foobar' WHERE id=5969547
	Update on sbtest7  (cost=0.43..8.45 rows=0 width=0)
	  ->  Index Scan using sbtest7_pkey on sbtest7  (cost=0.43..8.45 rows=1 width=490)
	        Index Cond: (id = 5969547)

table 8 : explain UPDATE sbtest8 SET c='foobar' WHERE id=1616009
	Update on sbtest8  (cost=0.43..8.45 rows=0 width=0)
	  ->  Index Scan using sbtest8_pkey on sbtest8  (cost=0.43..8.45 rows=1 width=490)
	        Index Cond: (id = 1616009)

for: distinct_ranges
table 1 : explain SELECT DISTINCT c FROM sbtest1 WHERE id BETWEEN 1270572 AND 1270671 ORDER BY c
	Unique  (cost=384.92..385.40 rows=97 width=121)
	  ->  Sort  (cost=384.92..385.16 rows=97 width=121)
	        Sort Key: c
	        ->  Index Scan using sbtest1_pkey on sbtest1  (cost=0.43..381.72 rows=97 width=121)
	              Index Cond: ((id >= 1270572) AND (id <= 1270671))

table 2 : explain SELECT DISTINCT c FROM sbtest2 WHERE id BETWEEN 4855128 AND 4855227 ORDER BY c
	Unique  (cost=375.83..376.31 rows=95 width=121)
	  ->  Sort  (cost=375.83..376.07 rows=95 width=121)
	        Sort Key: c
	        ->  Index Scan using sbtest2_pkey on sbtest2  (cost=0.43..372.71 rows=95 width=121)
	              Index Cond: ((id >= 4855128) AND (id <= 4855227))

table 3 : explain SELECT DISTINCT c FROM sbtest3 WHERE id BETWEEN 7255916 AND 7256015 ORDER BY c
	Unique  (cost=345.58..346.02 rows=88 width=121)
	  ->  Sort  (cost=345.58..345.80 rows=88 width=121)
	        Sort Key: c
	        ->  Index Scan using sbtest3_pkey on sbtest3  (cost=0.43..342.74 rows=88 width=121)
	              Index Cond: ((id >= 7255916) AND (id <= 7256015))

table 4 : explain SELECT DISTINCT c FROM sbtest4 WHERE id BETWEEN 2813249 AND 2813348 ORDER BY c
	Unique  (cost=399.28..399.78 rows=101 width=121)
	  ->  Sort  (cost=399.28..399.53 rows=101 width=121)
	        Sort Key: c
	        ->  Index Scan using sbtest4_pkey on sbtest4  (cost=0.43..395.92 rows=101 width=121)
	              Index Cond: ((id >= 2813249) AND (id <= 2813348))

table 5 : explain SELECT DISTINCT c FROM sbtest5 WHERE id BETWEEN 2898681 AND 2898780 ORDER BY c
	Unique  (cost=412.21..412.73 rows=104 width=121)
	  ->  Sort  (cost=412.21..412.47 rows=104 width=121)
	        Sort Key: c
	        ->  Index Scan using sbtest5_pkey on sbtest5  (cost=0.43..408.73 rows=104 width=121)
	              Index Cond: ((id >= 2898681) AND (id <= 2898780))

table 6 : explain SELECT DISTINCT c FROM sbtest6 WHERE id BETWEEN 9488129 AND 9488228 ORDER BY c
	Unique  (cost=417.01..417.54 rows=106 width=121)
	  ->  Sort  (cost=417.01..417.27 rows=106 width=121)
	        Sort Key: c
	        ->  Index Scan using sbtest6_pkey on sbtest6  (cost=0.43..413.44 rows=106 width=121)
	              Index Cond: ((id >= 9488129) AND (id <= 9488228))

table 7 : explain SELECT DISTINCT c FROM sbtest7 WHERE id BETWEEN 6634439 AND 6634538 ORDER BY c
	Unique  (cost=391.90..392.40 rows=99 width=121)
	  ->  Sort  (cost=391.90..392.15 rows=99 width=121)
	        Sort Key: c
	        ->  Index Scan using sbtest7_pkey on sbtest7  (cost=0.43..388.62 rows=99 width=121)
	              Index Cond: ((id >= 6634439) AND (id <= 6634538))

table 8 : explain SELECT DISTINCT c FROM sbtest8 WHERE id BETWEEN 3129818 AND 3129917 ORDER BY c
	Unique  (cost=383.90..384.38 rows=97 width=121)
	  ->  Sort  (cost=383.90..384.14 rows=97 width=121)
	        Sort Key: c
	        ->  Index Scan using sbtest8_pkey on sbtest8  (cost=0.43..380.70 rows=97 width=121)
	              Index Cond: ((id >= 3129818) AND (id <= 3129917))

for: sum_ranges
table 1 : explain SELECT SUM(k) FROM sbtest1 WHERE id BETWEEN 2001946 AND 2002045
	Aggregate  (cost=424.78..424.79 rows=1 width=8)
	  ->  Index Scan using sbtest1_pkey on sbtest1  (cost=0.43..424.51 rows=108 width=4)
	        Index Cond: ((id >= 2001946) AND (id <= 2002045))

table 2 : explain SELECT SUM(k) FROM sbtest2 WHERE id BETWEEN 1360747 AND 1360846
	Aggregate  (cost=423.38..423.39 rows=1 width=8)
	  ->  Index Scan using sbtest2_pkey on sbtest2  (cost=0.43..423.11 rows=108 width=4)
	        Index Cond: ((id >= 1360747) AND (id <= 1360846))

table 3 : explain SELECT SUM(k) FROM sbtest3 WHERE id BETWEEN 2542226 AND 2542325
	Aggregate  (cost=385.24..385.25 rows=1 width=8)
	  ->  Index Scan using sbtest3_pkey on sbtest3  (cost=0.43..384.99 rows=99 width=4)
	        Index Cond: ((id >= 2542226) AND (id <= 2542325))

table 4 : explain SELECT SUM(k) FROM sbtest4 WHERE id BETWEEN 6195681 AND 6195780
	Aggregate  (cost=415.55..415.56 rows=1 width=8)
	  ->  Index Scan using sbtest4_pkey on sbtest4  (cost=0.43..415.28 rows=106 width=4)
	        Index Cond: ((id >= 6195681) AND (id <= 6195780))

table 5 : explain SELECT SUM(k) FROM sbtest5 WHERE id BETWEEN 8387783 AND 8387882
	Aggregate  (cost=428.42..428.43 rows=1 width=8)
	  ->  Index Scan using sbtest5_pkey on sbtest5  (cost=0.43..428.15 rows=109 width=4)
	        Index Cond: ((id >= 8387783) AND (id <= 8387882))

table 6 : explain SELECT SUM(k) FROM sbtest6 WHERE id BETWEEN 5140856 AND 5140955
	Aggregate  (cost=378.94..378.95 rows=1 width=8)
	  ->  Index Scan using sbtest6_pkey on sbtest6  (cost=0.43..378.70 rows=97 width=4)
	        Index Cond: ((id >= 5140856) AND (id <= 5140955))

table 7 : explain SELECT SUM(k) FROM sbtest7 WHERE id BETWEEN 3581605 AND 3581704
	Aggregate  (cost=416.07..416.08 rows=1 width=8)
	  ->  Index Scan using sbtest7_pkey on sbtest7  (cost=0.43..415.81 rows=106 width=4)
	        Index Cond: ((id >= 3581605) AND (id <= 3581704))

table 8 : explain SELECT SUM(k) FROM sbtest8 WHERE id BETWEEN 1183265 AND 1183364
	Aggregate  (cost=388.73..388.74 rows=1 width=8)
	  ->  Index Scan using sbtest8_pkey on sbtest8  (cost=0.43..388.48 rows=99 width=4)
	        Index Cond: ((id >= 1183265) AND (id <= 1183364))

explain: for deletes :: explain DELETE FROM sbtest%u WHERE id=%u
for non_index_updates
table 1 : explain UPDATE sbtest1 SET c='foobar' WHERE id=9375913
	Update on sbtest1  (cost=0.43..8.45 rows=0 width=0)
	  ->  Index Scan using sbtest1_pkey on sbtest1  (cost=0.43..8.45 rows=1 width=490)
	        Index Cond: (id = 9375913)

table 2 : explain UPDATE sbtest2 SET c='foobar' WHERE id=7431523
	Update on sbtest2  (cost=0.43..8.45 rows=0 width=0)
	  ->  Index Scan using sbtest2_pkey on sbtest2  (cost=0.43..8.45 rows=1 width=490)
	        Index Cond: (id = 7431523)

table 3 : explain UPDATE sbtest3 SET c='foobar' WHERE id=8377871
	Update on sbtest3  (cost=0.43..8.45 rows=0 width=0)
	  ->  Index Scan using sbtest3_pkey on sbtest3  (cost=0.43..8.45 rows=1 width=490)
	        Index Cond: (id = 8377871)

table 4 : explain UPDATE sbtest4 SET c='foobar' WHERE id=868778
	Update on sbtest4  (cost=0.43..8.45 rows=0 width=0)
	  ->  Index Scan using sbtest4_pkey on sbtest4  (cost=0.43..8.45 rows=1 width=490)
	        Index Cond: (id = 868778)

table 5 : explain UPDATE sbtest5 SET c='foobar' WHERE id=2093238
	Update on sbtest5  (cost=0.43..8.45 rows=0 width=0)
	  ->  Index Scan using sbtest5_pkey on sbtest5  (cost=0.43..8.45 rows=1 width=490)
	        Index Cond: (id = 2093238)

table 6 : explain UPDATE sbtest6 SET c='foobar' WHERE id=9721253
	Update on sbtest6  (cost=0.43..8.45 rows=0 width=0)
	  ->  Index Scan using sbtest6_pkey on sbtest6  (cost=0.43..8.45 rows=1 width=490)
	        Index Cond: (id = 9721253)

table 7 : explain UPDATE sbtest7 SET c='foobar' WHERE id=5493942
	Update on sbtest7  (cost=0.43..8.45 rows=0 width=0)
	  ->  Index Scan using sbtest7_pkey on sbtest7  (cost=0.43..8.45 rows=1 width=490)
	        Index Cond: (id = 5493942)

table 8 : explain UPDATE sbtest8 SET c='foobar' WHERE id=3876837
	Update on sbtest8  (cost=0.43..8.45 rows=0 width=0)
	  ->  Index Scan using sbtest8_pkey on sbtest8  (cost=0.43..8.45 rows=1 width=490)
	        Index Cond: (id = 3876837)
for point_selects
table 1 : explain SELECT c FROM sbtest1 WHERE id=8218561
	Index Scan using sbtest1_pkey on sbtest1  (cost=0.43..8.45 rows=1 width=121)
	  Index Cond: (id = 8218561)

table 2 : explain SELECT c FROM sbtest2 WHERE id=1135338
	Index Scan using sbtest2_pkey on sbtest2  (cost=0.43..8.45 rows=1 width=121)
	  Index Cond: (id = 1135338)

table 3 : explain SELECT c FROM sbtest3 WHERE id=2230492
	Index Scan using sbtest3_pkey on sbtest3  (cost=0.43..8.45 rows=1 width=121)
	  Index Cond: (id = 2230492)

table 4 : explain SELECT c FROM sbtest4 WHERE id=6695515
	Index Scan using sbtest4_pkey on sbtest4  (cost=0.43..8.45 rows=1 width=121)
	  Index Cond: (id = 6695515)

table 5 : explain SELECT c FROM sbtest5 WHERE id=4159783
	Index Scan using sbtest5_pkey on sbtest5  (cost=0.43..8.45 rows=1 width=121)
	  Index Cond: (id = 4159783)

table 6 : explain SELECT c FROM sbtest6 WHERE id=9133681
	Index Scan using sbtest6_pkey on sbtest6  (cost=0.43..8.45 rows=1 width=121)
	  Index Cond: (id = 9133681)

table 7 : explain SELECT c FROM sbtest7 WHERE id=9433038
	Index Scan using sbtest7_pkey on sbtest7  (cost=0.43..8.45 rows=1 width=121)
	  Index Cond: (id = 9433038)

table 8 : explain SELECT c FROM sbtest8 WHERE id=4895281
	Index Scan using sbtest8_pkey on sbtest8  (cost=0.43..8.45 rows=1 width=121)
	  Index Cond: (id = 4895281)
explain: for index_updates :: explain UPDATE sbtest%u SET k=k+1 WHERE id=%u

for: order_ranges
table 1 : explain SELECT c FROM sbtest1 WHERE id BETWEEN 1847562 AND 1847661 ORDER BY c
	Sort  (cost=365.28..365.51 rows=92 width=121)
	  Sort Key: c
	  ->  Index Scan using sbtest1_pkey on sbtest1  (cost=0.43..362.28 rows=92 width=121)
	        Index Cond: ((id >= 1847562) AND (id <= 1847661))

table 2 : explain SELECT c FROM sbtest2 WHERE id BETWEEN 3836985 AND 3837084 ORDER BY c
	Sort  (cost=434.59..434.86 rows=110 width=121)
	  Sort Key: c
	  ->  Index Scan using sbtest2_pkey on sbtest2  (cost=0.43..430.86 rows=110 width=121)
	        Index Cond: ((id >= 3836985) AND (id <= 3837084))

table 3 : explain SELECT c FROM sbtest3 WHERE id BETWEEN 9999305 AND 9999404 ORDER BY c
	Sort  (cost=403.84..404.10 rows=103 width=121)
	  Sort Key: c
	  ->  Index Scan using sbtest3_pkey on sbtest3  (cost=0.43..400.40 rows=103 width=121)
	        Index Cond: ((id >= 9999305) AND (id <= 9999404))

table 4 : explain SELECT c FROM sbtest4 WHERE id BETWEEN 4637120 AND 4637219 ORDER BY c
	Sort  (cost=403.19..403.45 rows=102 width=121)
	  Sort Key: c
	  ->  Index Scan using sbtest4_pkey on sbtest4  (cost=0.43..399.79 rows=102 width=121)
	        Index Cond: ((id >= 4637120) AND (id <= 4637219))

table 5 : explain SELECT c FROM sbtest5 WHERE id BETWEEN 6655424 AND 6655523 ORDER BY c
	Sort  (cost=392.58..392.83 rows=99 width=121)
	  Sort Key: c
	  ->  Index Scan using sbtest5_pkey on sbtest5  (cost=0.43..389.30 rows=99 width=121)
	        Index Cond: ((id >= 6655424) AND (id <= 6655523))

table 6 : explain SELECT c FROM sbtest6 WHERE id BETWEEN 5499991 AND 5500090 ORDER BY c
	Sort  (cost=378.00..378.24 rows=96 width=121)
	  Sort Key: c
	  ->  Index Scan using sbtest6_pkey on sbtest6  (cost=0.43..374.84 rows=96 width=121)
	        Index Cond: ((id >= 5499991) AND (id <= 5500090))

table 7 : explain SELECT c FROM sbtest7 WHERE id BETWEEN 5967537 AND 5967636 ORDER BY c
	Sort  (cost=360.55..360.78 rows=91 width=121)
	  Sort Key: c
	  ->  Index Scan using sbtest7_pkey on sbtest7  (cost=0.43..357.59 rows=91 width=121)
	        Index Cond: ((id >= 5967537) AND (id <= 5967636))

table 8 : explain SELECT c FROM sbtest8 WHERE id BETWEEN 4468759 AND 4468858 ORDER BY c
	Sort  (cost=419.19..419.45 rows=106 width=121)
	  Sort Key: c
	  ->  Index Scan using sbtest8_pkey on sbtest8  (cost=0.43..415.62 rows=106 width=121)
	        Index Cond: ((id >= 4468759) AND (id <= 4468858))


for index_updates
table 1 : explain UPDATE sbtest1 SET k=k+1 WHERE id=8083118
	Update on sbtest1  (cost=0.43..8.46 rows=0 width=0)
	  ->  Index Scan using sbtest1_pkey on sbtest1  (cost=0.43..8.46 rows=1 width=10)
	        Index Cond: (id = 8083118)

table 2 : explain UPDATE sbtest2 SET k=k+1 WHERE id=2568229
	Update on sbtest2  (cost=0.43..8.46 rows=0 width=0)
	  ->  Index Scan using sbtest2_pkey on sbtest2  (cost=0.43..8.46 rows=1 width=10)
	        Index Cond: (id = 2568229)

table 3 : explain UPDATE sbtest3 SET k=k+1 WHERE id=1538522
	Update on sbtest3  (cost=0.43..8.46 rows=0 width=0)
	  ->  Index Scan using sbtest3_pkey on sbtest3  (cost=0.43..8.46 rows=1 width=10)
	        Index Cond: (id = 1538522)

table 4 : explain UPDATE sbtest4 SET k=k+1 WHERE id=9671102
	Update on sbtest4  (cost=0.43..8.46 rows=0 width=0)
	  ->  Index Scan using sbtest4_pkey on sbtest4  (cost=0.43..8.46 rows=1 width=10)
	        Index Cond: (id = 9671102)

table 5 : explain UPDATE sbtest5 SET k=k+1 WHERE id=127051
	Update on sbtest5  (cost=0.43..8.46 rows=0 width=0)
	  ->  Index Scan using sbtest5_pkey on sbtest5  (cost=0.43..8.46 rows=1 width=10)
	        Index Cond: (id = 127051)

table 6 : explain UPDATE sbtest6 SET k=k+1 WHERE id=9634338
	Update on sbtest6  (cost=0.43..8.46 rows=0 width=0)
	  ->  Index Scan using sbtest6_pkey on sbtest6  (cost=0.43..8.46 rows=1 width=10)
	        Index Cond: (id = 9634338)

table 7 : explain UPDATE sbtest7 SET k=k+1 WHERE id=9963222
	Update on sbtest7  (cost=0.43..8.46 rows=0 width=0)
	  ->  Index Scan using sbtest7_pkey on sbtest7  (cost=0.43..8.46 rows=1 width=10)
	        Index Cond: (id = 9963222)

table 8 : explain UPDATE sbtest8 SET k=k+1 WHERE id=5633710
	Update on sbtest8  (cost=0.43..8.46 rows=0 width=0)
	  ->  Index Scan using sbtest8_pkey on sbtest8  (cost=0.43..8.46 rows=1 width=10)
	        Index Cond: (id = 5633710)

for: sum_ranges
table 1 : explain SELECT SUM(k) FROM sbtest1 WHERE id BETWEEN 2852751 AND 2852850
	Aggregate  (cost=374.18..374.19 rows=1 width=8)
	  ->  Index Scan using sbtest1_pkey on sbtest1  (cost=0.43..373.94 rows=95 width=4)
	        Index Cond: ((id >= 2852751) AND (id <= 2852850))

table 2 : explain SELECT SUM(k) FROM sbtest2 WHERE id BETWEEN 1717618 AND 1717717
	Aggregate  (cost=380.70..380.71 rows=1 width=8)
	  ->  Index Scan using sbtest2_pkey on sbtest2  (cost=0.43..380.46 rows=97 width=4)
	        Index Cond: ((id >= 1717618) AND (id <= 1717717))

table 3 : explain SELECT SUM(k) FROM sbtest3 WHERE id BETWEEN 882649 AND 882748
	Aggregate  (cost=400.66..400.67 rows=1 width=8)
	  ->  Index Scan using sbtest3_pkey on sbtest3  (cost=0.43..400.40 rows=103 width=4)
	        Index Cond: ((id >= 882649) AND (id <= 882748))

table 4 : explain SELECT SUM(k) FROM sbtest4 WHERE id BETWEEN 4530983 AND 4531082
	Aggregate  (cost=407.80..407.81 rows=1 width=8)
	  ->  Index Scan using sbtest4_pkey on sbtest4  (cost=0.43..407.54 rows=104 width=4)
	        Index Cond: ((id >= 4530983) AND (id <= 4531082))

table 5 : explain SELECT SUM(k) FROM sbtest5 WHERE id BETWEEN 5272675 AND 5272774
	Aggregate  (cost=401.21..401.22 rows=1 width=8)
	  ->  Index Scan using sbtest5_pkey on sbtest5  (cost=0.43..400.96 rows=102 width=4)
	        Index Cond: ((id >= 5272675) AND (id <= 5272774))

table 6 : explain SELECT SUM(k) FROM sbtest6 WHERE id BETWEEN 7606936 AND 7607035
	Aggregate  (cost=371.22..371.23 rows=1 width=8)
	  ->  Index Scan using sbtest6_pkey on sbtest6  (cost=0.43..370.99 rows=95 width=4)
	        Index Cond: ((id >= 7606936) AND (id <= 7607035))

table 7 : explain SELECT SUM(k) FROM sbtest7 WHERE id BETWEEN 2798413 AND 2798512
	Aggregate  (cost=416.07..416.08 rows=1 width=8)
	  ->  Index Scan using sbtest7_pkey on sbtest7  (cost=0.43..415.81 rows=106 width=4)
	        Index Cond: ((id >= 2798413) AND (id <= 2798512))

table 8 : explain SELECT SUM(k) FROM sbtest8 WHERE id BETWEEN 1810679 AND 1810778
	Aggregate  (cost=384.82..384.83 rows=1 width=8)
	  ->  Index Scan using sbtest8_pkey on sbtest8  (cost=0.43..384.57 rows=98 width=4)
	        Index Cond: ((id >= 1810679) AND (id <= 1810778))

for: sum_ranges
table 1 : explain SELECT SUM(k) FROM sbtest1 WHERE id BETWEEN 8702714 AND 8702813
	Aggregate  (cost=413.11..413.12 rows=1 width=8)
	  ->  Index Scan using sbtest1_pkey on sbtest1  (cost=0.43..412.85 rows=105 width=4)
	        Index Cond: ((id >= 8702714) AND (id <= 8702813))

table 2 : explain SELECT SUM(k) FROM sbtest2 WHERE id BETWEEN 2455615 AND 2455714
	Aggregate  (cost=376.82..376.83 rows=1 width=8)
	  ->  Index Scan using sbtest2_pkey on sbtest2  (cost=0.43..376.58 rows=96 width=4)
	        Index Cond: ((id >= 2455615) AND (id <= 2455714))

table 3 : explain SELECT SUM(k) FROM sbtest3 WHERE id BETWEEN 3055208 AND 3055307
	Aggregate  (cost=366.02..366.03 rows=1 width=8)
	  ->  Index Scan using sbtest3_pkey on sbtest3  (cost=0.43..365.78 rows=94 width=4)
	        Index Cond: ((id >= 3055208) AND (id <= 3055307))

table 4 : explain SELECT SUM(k) FROM sbtest4 WHERE id BETWEEN 8971048 AND 8971147
	Aggregate  (cost=415.55..415.56 rows=1 width=8)
	  ->  Index Scan using sbtest4_pkey on sbtest4  (cost=0.43..415.28 rows=106 width=4)
	        Index Cond: ((id >= 8971048) AND (id <= 8971147))

table 5 : explain SELECT SUM(k) FROM sbtest5 WHERE id BETWEEN 4601640 AND 4601739
	Aggregate  (cost=370.08..370.09 rows=1 width=8)
	  ->  Index Scan using sbtest5_pkey on sbtest5  (cost=0.43..369.84 rows=94 width=4)
	        Index Cond: ((id >= 4601640) AND (id <= 4601739))

table 6 : explain SELECT SUM(k) FROM sbtest6 WHERE id BETWEEN 8734716 AND 8734815
	Aggregate  (cost=378.94..378.95 rows=1 width=8)
	  ->  Index Scan using sbtest6_pkey on sbtest6  (cost=0.43..378.70 rows=97 width=4)
	        Index Cond: ((id >= 8734716) AND (id <= 8734815))

table 7 : explain SELECT SUM(k) FROM sbtest7 WHERE id BETWEEN 6545414 AND 6545513
	Aggregate  (cost=377.23..377.24 rows=1 width=8)
	  ->  Index Scan using sbtest7_pkey on sbtest7  (cost=0.43..376.99 rows=96 width=4)
	        Index Cond: ((id >= 6545414) AND (id <= 6545513))

table 8 : explain SELECT SUM(k) FROM sbtest8 WHERE id BETWEEN 5009354 AND 5009453
	Aggregate  (cost=342.15..342.16 rows=1 width=8)
	  ->  Index Scan using sbtest8_pkey on sbtest8  (cost=0.43..341.93 rows=87 width=4)
	        Index Cond: ((id >= 5009354) AND (id <= 5009453))

explain: for deletes :: explain DELETE FROM sbtest%u WHERE id=%u
for point_selects
table 1 : explain SELECT c FROM sbtest1 WHERE id=846951
	Index Scan using sbtest1_pkey on sbtest1  (cost=0.43..8.45 rows=1 width=121)
	  Index Cond: (id = 846951)

table 2 : explain SELECT c FROM sbtest2 WHERE id=9441527
	Index Scan using sbtest2_pkey on sbtest2  (cost=0.43..8.45 rows=1 width=121)
	  Index Cond: (id = 9441527)

table 3 : explain SELECT c FROM sbtest3 WHERE id=4266089
	Index Scan using sbtest3_pkey on sbtest3  (cost=0.43..8.45 rows=1 width=121)
	  Index Cond: (id = 4266089)

table 4 : explain SELECT c FROM sbtest4 WHERE id=2827370
	Index Scan using sbtest4_pkey on sbtest4  (cost=0.43..8.45 rows=1 width=121)
	  Index Cond: (id = 2827370)

table 5 : explain SELECT c FROM sbtest5 WHERE id=7725419
	Index Scan using sbtest5_pkey on sbtest5  (cost=0.43..8.45 rows=1 width=121)
	  Index Cond: (id = 7725419)

table 6 : explain SELECT c FROM sbtest6 WHERE id=7402945
	Index Scan using sbtest6_pkey on sbtest6  (cost=0.43..8.45 rows=1 width=121)
	  Index Cond: (id = 7402945)

table 7 : explain SELECT c FROM sbtest7 WHERE id=5185786
	Index Scan using sbtest7_pkey on sbtest7  (cost=0.43..8.45 rows=1 width=121)
	  Index Cond: (id = 5185786)

table 8 : explain SELECT c FROM sbtest8 WHERE id=5063147
	Index Scan using sbtest8_pkey on sbtest8  (cost=0.43..8.45 rows=1 width=121)
	  Index Cond: (id = 5063147)

for: order_ranges
table 1 : explain SELECT c FROM sbtest1 WHERE id BETWEEN 9499584 AND 9499683 ORDER BY c
	Sort  (cost=400.66..400.91 rows=101 width=121)
	  Sort Key: c
	  ->  Index Scan using sbtest1_pkey on sbtest1  (cost=0.43..397.30 rows=101 width=121)
	        Index Cond: ((id >= 9499584) AND (id <= 9499683))

table 2 : explain SELECT c FROM sbtest2 WHERE id BETWEEN 5812679 AND 5812778 ORDER BY c
	Sort  (cost=411.10..411.36 rows=104 width=121)
	  Sort Key: c
	  ->  Index Scan using sbtest2_pkey on sbtest2  (cost=0.43..407.61 rows=104 width=121)
	        Index Cond: ((id >= 5812679) AND (id <= 5812778))

table 3 : explain SELECT c FROM sbtest3 WHERE id BETWEEN 4291486 AND 4291585 ORDER BY c
	Sort  (cost=446.55..446.83 rows=114 width=121)
	  Sort Key: c
	  ->  Index Scan using sbtest3_pkey on sbtest3  (cost=0.43..442.66 rows=114 width=121)
	        Index Cond: ((id >= 4291486) AND (id <= 4291585))

table 4 : explain SELECT c FROM sbtest4 WHERE id BETWEEN 6328116 AND 6328215 ORDER BY c
	Sort  (cost=395.33..395.58 rows=100 width=121)
	  Sort Key: c
	  ->  Index Scan using sbtest4_pkey on sbtest4  (cost=0.43..392.01 rows=100 width=121)
	        Index Cond: ((id >= 6328116) AND (id <= 6328215))

table 5 : explain SELECT c FROM sbtest5 WHERE id BETWEEN 310249 AND 310348 ORDER BY c
	Sort  (cost=376.85..377.08 rows=95 width=121)
	  Sort Key: c
	  ->  Index Scan using sbtest5_pkey on sbtest5  (cost=0.43..373.73 rows=95 width=121)
	        Index Cond: ((id >= 310249) AND (id <= 310348))

table 6 : explain SELECT c FROM sbtest6 WHERE id BETWEEN 1963213 AND 1963312 ORDER BY c
	Sort  (cost=424.80..425.07 rows=108 width=121)
	  Sort Key: c
	  ->  Index Scan using sbtest6_pkey on sbtest6  (cost=0.43..421.15 rows=108 width=121)
	        Index Cond: ((id >= 1963213) AND (id <= 1963312))

table 7 : explain SELECT c FROM sbtest7 WHERE id BETWEEN 982117 AND 982216 ORDER BY c
	Sort  (cost=411.53..411.79 rows=104 width=121)
	  Sort Key: c
	  ->  Index Scan using sbtest7_pkey on sbtest7  (cost=0.43..408.05 rows=104 width=121)
	        Index Cond: ((id >= 982117) AND (id <= 982216))

table 8 : explain SELECT c FROM sbtest8 WHERE id BETWEEN 7218358 AND 7218457 ORDER BY c
	Sort  (cost=383.90..384.14 rows=97 width=121)
	  Sort Key: c
	  ->  Index Scan using sbtest8_pkey on sbtest8  (cost=0.43..380.70 rows=97 width=121)
	        Index Cond: ((id >= 7218358) AND (id <= 7218457))

for deletes
table 1 : explain DELETE FROM sbtest1 WHERE id=2052555
	Delete on sbtest1  (cost=0.43..8.45 rows=0 width=0)
	  ->  Index Scan using sbtest1_pkey on sbtest1  (cost=0.43..8.45 rows=1 width=6)
	        Index Cond: (id = 2052555)

table 2 : explain DELETE FROM sbtest2 WHERE id=7589733
	Delete on sbtest2  (cost=0.43..8.45 rows=0 width=0)
	  ->  Index Scan using sbtest2_pkey on sbtest2  (cost=0.43..8.45 rows=1 width=6)
	        Index Cond: (id = 7589733)

table 3 : explain DELETE FROM sbtest3 WHERE id=3003619
	Delete on sbtest3  (cost=0.43..8.45 rows=0 width=0)
	  ->  Index Scan using sbtest3_pkey on sbtest3  (cost=0.43..8.45 rows=1 width=6)
	        Index Cond: (id = 3003619)

table 4 : explain DELETE FROM sbtest4 WHERE id=357860
	Delete on sbtest4  (cost=0.43..8.45 rows=0 width=0)
	  ->  Index Scan using sbtest4_pkey on sbtest4  (cost=0.43..8.45 rows=1 width=6)
	        Index Cond: (id = 357860)

table 5 : explain DELETE FROM sbtest5 WHERE id=6517395
	Delete on sbtest5  (cost=0.43..8.45 rows=0 width=0)
	  ->  Index Scan using sbtest5_pkey on sbtest5  (cost=0.43..8.45 rows=1 width=6)
	        Index Cond: (id = 6517395)

table 6 : explain DELETE FROM sbtest6 WHERE id=4635450
	Delete on sbtest6  (cost=0.43..8.45 rows=0 width=0)
	  ->  Index Scan using sbtest6_pkey on sbtest6  (cost=0.43..8.45 rows=1 width=6)
	        Index Cond: (id = 4635450)

table 7 : explain DELETE FROM sbtest7 WHERE id=9704517
	Delete on sbtest7  (cost=0.43..8.45 rows=0 width=0)
	  ->  Index Scan using sbtest7_pkey on sbtest7  (cost=0.43..8.45 rows=1 width=6)
	        Index Cond: (id = 9704517)

table 8 : explain DELETE FROM sbtest8 WHERE id=6038871
	Delete on sbtest8  (cost=0.43..8.45 rows=0 width=0)
	  ->  Index Scan using sbtest8_pkey on sbtest8  (cost=0.43..8.45 rows=1 width=6)
	        Index Cond: (id = 6038871)

explain: for non_index_updates :: explain UPDATE sbtest%u SET c='foobar' WHERE id=%u
for deletes
table 1 : explain DELETE FROM sbtest1 WHERE id=7757218
	Delete on sbtest1  (cost=0.43..8.45 rows=0 width=0)
	  ->  Index Scan using sbtest1_pkey on sbtest1  (cost=0.43..8.45 rows=1 width=6)
	        Index Cond: (id = 7757218)

table 2 : explain DELETE FROM sbtest2 WHERE id=2103507
	Delete on sbtest2  (cost=0.43..8.45 rows=0 width=0)
	  ->  Index Scan using sbtest2_pkey on sbtest2  (cost=0.43..8.45 rows=1 width=6)
	        Index Cond: (id = 2103507)

table 3 : explain DELETE FROM sbtest3 WHERE id=6973832
	Delete on sbtest3  (cost=0.43..8.45 rows=0 width=0)
	  ->  Index Scan using sbtest3_pkey on sbtest3  (cost=0.43..8.45 rows=1 width=6)
	        Index Cond: (id = 6973832)

table 4 : explain DELETE FROM sbtest4 WHERE id=6985743
	Delete on sbtest4  (cost=0.43..8.45 rows=0 width=0)
	  ->  Index Scan using sbtest4_pkey on sbtest4  (cost=0.43..8.45 rows=1 width=6)
	        Index Cond: (id = 6985743)

table 5 : explain DELETE FROM sbtest5 WHERE id=9096288
	Delete on sbtest5  (cost=0.43..8.45 rows=0 width=0)
	  ->  Index Scan using sbtest5_pkey on sbtest5  (cost=0.43..8.45 rows=1 width=6)
	        Index Cond: (id = 9096288)

table 6 : explain DELETE FROM sbtest6 WHERE id=4402826
	Delete on sbtest6  (cost=0.43..8.45 rows=0 width=0)
	  ->  Index Scan using sbtest6_pkey on sbtest6  (cost=0.43..8.45 rows=1 width=6)
	        Index Cond: (id = 4402826)

table 7 : explain DELETE FROM sbtest7 WHERE id=792471
	Delete on sbtest7  (cost=0.43..8.45 rows=0 width=0)
	  ->  Index Scan using sbtest7_pkey on sbtest7  (cost=0.43..8.45 rows=1 width=6)
	        Index Cond: (id = 792471)

table 8 : explain DELETE FROM sbtest8 WHERE id=1706556
	Delete on sbtest8  (cost=0.43..8.45 rows=0 width=0)
	  ->  Index Scan using sbtest8_pkey on sbtest8  (cost=0.43..8.45 rows=1 width=6)
	        Index Cond: (id = 1706556)

for deletes
table 1 : explain DELETE FROM sbtest1 WHERE id=8951507
	Delete on sbtest1  (cost=0.43..8.45 rows=0 width=0)
	  ->  Index Scan using sbtest1_pkey on sbtest1  (cost=0.43..8.45 rows=1 width=6)
	        Index Cond: (id = 8951507)

table 2 : explain DELETE FROM sbtest2 WHERE id=8563353
	Delete on sbtest2  (cost=0.43..8.45 rows=0 width=0)
	  ->  Index Scan using sbtest2_pkey on sbtest2  (cost=0.43..8.45 rows=1 width=6)
	        Index Cond: (id = 8563353)

table 3 : explain DELETE FROM sbtest3 WHERE id=1591611
	Delete on sbtest3  (cost=0.43..8.45 rows=0 width=0)
	  ->  Index Scan using sbtest3_pkey on sbtest3  (cost=0.43..8.45 rows=1 width=6)
	        Index Cond: (id = 1591611)

table 4 : explain DELETE FROM sbtest4 WHERE id=5152450
	Delete on sbtest4  (cost=0.43..8.45 rows=0 width=0)
	  ->  Index Scan using sbtest4_pkey on sbtest4  (cost=0.43..8.45 rows=1 width=6)
	        Index Cond: (id = 5152450)

table 5 : explain DELETE FROM sbtest5 WHERE id=5470700
	Delete on sbtest5  (cost=0.43..8.45 rows=0 width=0)
	  ->  Index Scan using sbtest5_pkey on sbtest5  (cost=0.43..8.45 rows=1 width=6)
	        Index Cond: (id = 5470700)

table 6 : explain DELETE FROM sbtest6 WHERE id=9003003
	Delete on sbtest6  (cost=0.43..8.45 rows=0 width=0)
	  ->  Index Scan using sbtest6_pkey on sbtest6  (cost=0.43..8.45 rows=1 width=6)
	        Index Cond: (id = 9003003)

table 7 : explain DELETE FROM sbtest7 WHERE id=4081526
	Delete on sbtest7  (cost=0.43..8.45 rows=0 width=0)
	  ->  Index Scan using sbtest7_pkey on sbtest7  (cost=0.43..8.45 rows=1 width=6)
	        Index Cond: (id = 4081526)

table 8 : explain DELETE FROM sbtest8 WHERE id=7381146
	Delete on sbtest8  (cost=0.43..8.45 rows=0 width=0)
	  ->  Index Scan using sbtest8_pkey on sbtest8  (cost=0.43..8.45 rows=1 width=6)
	        Index Cond: (id = 7381146)

explain: for inserts :: explain INSERT INTO sbtest%u (id, k, c, pad) VALUES (%u, 13, 'foobar', 'foobar')
for: order_ranges
table 1 : explain SELECT c FROM sbtest1 WHERE id BETWEEN 6627376 AND 6627475 ORDER BY c
	Sort  (cost=416.37..416.64 rows=105 width=121)
	  Sort Key: c
	  ->  Index Scan using sbtest1_pkey on sbtest1  (cost=0.43..412.85 rows=105 width=121)
	        Index Cond: ((id >= 6627376) AND (id <= 6627475))

table 2 : explain SELECT c FROM sbtest2 WHERE id BETWEEN 2516055 AND 2516154 ORDER BY c
	Sort  (cost=418.93..419.19 rows=106 width=121)
	  Sort Key: c
	  ->  Index Scan using sbtest2_pkey on sbtest2  (cost=0.43..415.36 rows=106 width=121)
	        Index Cond: ((id >= 2516055) AND (id <= 2516154))

table 3 : explain SELECT c FROM sbtest3 WHERE id BETWEEN 4139483 AND 4139582 ORDER BY c
	Sort  (cost=368.87..369.10 rows=94 width=121)
	  Sort Key: c
	  ->  Index Scan using sbtest3_pkey on sbtest3  (cost=0.43..365.78 rows=94 width=121)
	        Index Cond: ((id >= 4139483) AND (id <= 4139582))

table 4 : explain SELECT c FROM sbtest4 WHERE id BETWEEN 2186757 AND 2186856 ORDER BY c
	Sort  (cost=414.93..415.20 rows=105 width=121)
	  Sort Key: c
	  ->  Index Scan using sbtest4_pkey on sbtest4  (cost=0.43..411.41 rows=105 width=121)
	        Index Cond: ((id >= 2186757) AND (id <= 2186856))

table 5 : explain SELECT c FROM sbtest5 WHERE id BETWEEN 2951656 AND 2951755 ORDER BY c
	Sort  (cost=380.77..381.01 rows=96 width=121)
	  Sort Key: c
	  ->  Index Scan using sbtest5_pkey on sbtest5  (cost=0.43..377.61 rows=96 width=121)
	        Index Cond: ((id >= 2951656) AND (id <= 2951755))

table 6 : explain SELECT c FROM sbtest6 WHERE id BETWEEN 5399742 AND 5399841 ORDER BY c
	Sort  (cost=385.80..386.04 rows=98 width=121)
	  Sort Key: c
	  ->  Index Scan using sbtest6_pkey on sbtest6  (cost=0.43..382.55 rows=98 width=121)
	        Index Cond: ((id >= 5399742) AND (id <= 5399841))

table 7 : explain SELECT c FROM sbtest7 WHERE id BETWEEN 6653157 AND 6653256 ORDER BY c
	Sort  (cost=391.90..392.15 rows=99 width=121)
	  Sort Key: c
	  ->  Index Scan using sbtest7_pkey on sbtest7  (cost=0.43..388.62 rows=99 width=121)
	        Index Cond: ((id >= 6653157) AND (id <= 6653256))

table 8 : explain SELECT c FROM sbtest8 WHERE id BETWEEN 2780595 AND 2780694 ORDER BY c
	Sort  (cost=372.15..372.38 rows=94 width=121)
	  Sort Key: c
	  ->  Index Scan using sbtest8_pkey on sbtest8  (cost=0.43..369.07 rows=94 width=121)
	        Index Cond: ((id >= 2780595) AND (id <= 2780694))

for non_index_updates
table 1 : explain UPDATE sbtest1 SET c='foobar' WHERE id=4506763
	Update on sbtest1  (cost=0.43..8.45 rows=0 width=0)
	  ->  Index Scan using sbtest1_pkey on sbtest1  (cost=0.43..8.45 rows=1 width=490)
	        Index Cond: (id = 4506763)

table 2 : explain UPDATE sbtest2 SET c='foobar' WHERE id=6848423
	Update on sbtest2  (cost=0.43..8.45 rows=0 width=0)
	  ->  Index Scan using sbtest2_pkey on sbtest2  (cost=0.43..8.45 rows=1 width=490)
	        Index Cond: (id = 6848423)

table 3 : explain UPDATE sbtest3 SET c='foobar' WHERE id=6088342
	Update on sbtest3  (cost=0.43..8.45 rows=0 width=0)
	  ->  Index Scan using sbtest3_pkey on sbtest3  (cost=0.43..8.45 rows=1 width=490)
	        Index Cond: (id = 6088342)

table 4 : explain UPDATE sbtest4 SET c='foobar' WHERE id=9128498
	Update on sbtest4  (cost=0.43..8.45 rows=0 width=0)
	  ->  Index Scan using sbtest4_pkey on sbtest4  (cost=0.43..8.45 rows=1 width=490)
	        Index Cond: (id = 9128498)

table 5 : explain UPDATE sbtest5 SET c='foobar' WHERE id=2003594
	Update on sbtest5  (cost=0.43..8.45 rows=0 width=0)
	  ->  Index Scan using sbtest5_pkey on sbtest5  (cost=0.43..8.45 rows=1 width=490)
	        Index Cond: (id = 2003594)

table 6 : explain UPDATE sbtest6 SET c='foobar' WHERE id=180612
	Update on sbtest6  (cost=0.43..8.45 rows=0 width=0)
	  ->  Index Scan using sbtest6_pkey on sbtest6  (cost=0.43..8.45 rows=1 width=490)
	        Index Cond: (id = 180612)

table 7 : explain UPDATE sbtest7 SET c='foobar' WHERE id=4706468
	Update on sbtest7  (cost=0.43..8.45 rows=0 width=0)
	  ->  Index Scan using sbtest7_pkey on sbtest7  (cost=0.43..8.45 rows=1 width=490)
	        Index Cond: (id = 4706468)

table 8 : explain UPDATE sbtest8 SET c='foobar' WHERE id=3565885
	Update on sbtest8  (cost=0.43..8.45 rows=0 width=0)
	  ->  Index Scan using sbtest8_pkey on sbtest8  (cost=0.43..8.45 rows=1 width=490)
	        Index Cond: (id = 3565885)

for: simple_ranges
table 1 : explain SELECT c FROM sbtest1 WHERE id BETWEEN 535083 AND 535182
	Index Scan using sbtest1_pkey on sbtest1  (cost=0.43..405.07 rows=103 width=121)
	  Index Cond: ((id >= 535083) AND (id <= 535182))

table 2 : explain SELECT c FROM sbtest2 WHERE id BETWEEN 508974 AND 509073
	Index Scan using sbtest2_pkey on sbtest2  (cost=0.43..376.58 rows=96 width=121)
	  Index Cond: ((id >= 508974) AND (id <= 509073))

table 3 : explain SELECT c FROM sbtest3 WHERE id BETWEEN 1260950 AND 1261049
	Index Scan using sbtest3_pkey on sbtest3  (cost=0.43..396.56 rows=102 width=121)
	  Index Cond: ((id >= 1260950) AND (id <= 1261049))

table 4 : explain SELECT c FROM sbtest4 WHERE id BETWEEN 7754297 AND 7754396
	Index Scan using sbtest4_pkey on sbtest4  (cost=0.43..384.26 rows=98 width=121)
	  Index Cond: ((id >= 7754297) AND (id <= 7754396))

table 5 : explain SELECT c FROM sbtest5 WHERE id BETWEEN 7935441 AND 7935540
	Index Scan using sbtest5_pkey on sbtest5  (cost=0.43..362.07 rows=92 width=121)
	  Index Cond: ((id >= 7935441) AND (id <= 7935540))

table 6 : explain SELECT c FROM sbtest6 WHERE id BETWEEN 2093312 AND 2093411
	Index Scan using sbtest6_pkey on sbtest6  (cost=0.43..398.02 rows=102 width=121)
	  Index Cond: ((id >= 2093312) AND (id <= 2093411))

table 7 : explain SELECT c FROM sbtest7 WHERE id BETWEEN 3875314 AND 3875413
	Index Scan using sbtest7_pkey on sbtest7  (cost=0.43..361.47 rows=92 width=121)
	  Index Cond: ((id >= 3875314) AND (id <= 3875413))

table 8 : explain SELECT c FROM sbtest8 WHERE id BETWEEN 4677714 AND 4677813
	Index Scan using sbtest8_pkey on sbtest8  (cost=0.43..392.36 rows=100 width=121)
	  Index Cond: ((id >= 4677714) AND (id <= 4677813))

explain: for inserts :: explain INSERT INTO sbtest%u (id, k, c, pad) VALUES (%u, 13, 'foobar', 'foobar')
for: simple_ranges
table 1 : explain SELECT c FROM sbtest1 WHERE id BETWEEN 3290580 AND 3290679
	Index Scan using sbtest1_pkey on sbtest1  (cost=0.43..408.96 rows=104 width=121)
	  Index Cond: ((id >= 3290580) AND (id <= 3290679))

table 2 : explain SELECT c FROM sbtest2 WHERE id BETWEEN 3334385 AND 3334484
	Index Scan using sbtest2_pkey on sbtest2  (cost=0.43..380.46 rows=97 width=121)
	  Index Cond: ((id >= 3334385) AND (id <= 3334484))

table 3 : explain SELECT c FROM sbtest3 WHERE id BETWEEN 5183129 AND 5183228
	Index Scan using sbtest3_pkey on sbtest3  (cost=0.43..377.31 rows=97 width=121)
	  Index Cond: ((id >= 5183129) AND (id <= 5183228))

table 4 : explain SELECT c FROM sbtest4 WHERE id BETWEEN 4546888 AND 4546987
	Index Scan using sbtest4_pkey on sbtest4  (cost=0.43..407.54 rows=104 width=121)
	  Index Cond: ((id >= 4546888) AND (id <= 4546987))

table 5 : explain SELECT c FROM sbtest5 WHERE id BETWEEN 7660484 AND 7660583
	Index Scan using sbtest5_pkey on sbtest5  (cost=0.43..381.50 rows=97 width=121)
	  Index Cond: ((id >= 7660484) AND (id <= 7660583))

table 6 : explain SELECT c FROM sbtest6 WHERE id BETWEEN 8107741 AND 8107840
	Index Scan using sbtest6_pkey on sbtest6  (cost=0.43..378.70 rows=97 width=121)
	  Index Cond: ((id >= 8107741) AND (id <= 8107840))

table 7 : explain SELECT c FROM sbtest7 WHERE id BETWEEN 5492451 AND 5492550
	Index Scan using sbtest7_pkey on sbtest7  (cost=0.43..384.74 rows=98 width=121)
	  Index Cond: ((id >= 5492451) AND (id <= 5492550))

table 8 : explain SELECT c FROM sbtest8 WHERE id BETWEEN 8344145 AND 8344244
	Index Scan using sbtest8_pkey on sbtest8  (cost=0.43..411.75 rows=105 width=121)
	  Index Cond: ((id >= 8344145) AND (id <= 8344244))

explain: for deletes :: explain DELETE FROM sbtest%u WHERE id=%u
for inserts
table 1 : explain INSERT INTO sbtest1 (id, k, c, pad) VALUES (3250916, 13, 'foobar', 'foobar')
	Insert on sbtest1  (cost=0.00..0.01 rows=0 width=0)
	  ->  Result  (cost=0.00..0.01 rows=1 width=736)

table 2 : explain INSERT INTO sbtest2 (id, k, c, pad) VALUES (6265319, 13, 'foobar', 'foobar')
	Insert on sbtest2  (cost=0.00..0.01 rows=0 width=0)
	  ->  Result  (cost=0.00..0.01 rows=1 width=736)

table 3 : explain INSERT INTO sbtest3 (id, k, c, pad) VALUES (6504414, 13, 'foobar', 'foobar')
	Insert on sbtest3  (cost=0.00..0.01 rows=0 width=0)
	  ->  Result  (cost=0.00..0.01 rows=1 width=736)

table 4 : explain INSERT INTO sbtest4 (id, k, c, pad) VALUES (4722838, 13, 'foobar', 'foobar')
	Insert on sbtest4  (cost=0.00..0.01 rows=0 width=0)
	  ->  Result  (cost=0.00..0.01 rows=1 width=736)

table 5 : explain INSERT INTO sbtest5 (id, k, c, pad) VALUES (6899324, 13, 'foobar', 'foobar')
	Insert on sbtest5  (cost=0.00..0.01 rows=0 width=0)
	  ->  Result  (cost=0.00..0.01 rows=1 width=736)

table 6 : explain INSERT INTO sbtest6 (id, k, c, pad) VALUES (6729243, 13, 'foobar', 'foobar')
	Insert on sbtest6  (cost=0.00..0.01 rows=0 width=0)
	  ->  Result  (cost=0.00..0.01 rows=1 width=736)

table 7 : explain INSERT INTO sbtest7 (id, k, c, pad) VALUES (6592894, 13, 'foobar', 'foobar')
	Insert on sbtest7  (cost=0.00..0.01 rows=0 width=0)
	  ->  Result  (cost=0.00..0.01 rows=1 width=736)

table 8 : explain INSERT INTO sbtest8 (id, k, c, pad) VALUES (1819464, 13, 'foobar', 'foobar')
	Insert on sbtest8  (cost=0.00..0.01 rows=0 width=0)
	  ->  Result  (cost=0.00..0.01 rows=1 width=736)

for point_selects
table 1 : explain SELECT c FROM sbtest1 WHERE id=5107045
	Index Scan using sbtest1_pkey on sbtest1  (cost=0.43..8.45 rows=1 width=121)
	  Index Cond: (id = 5107045)

table 2 : explain SELECT c FROM sbtest2 WHERE id=8799348
	Index Scan using sbtest2_pkey on sbtest2  (cost=0.43..8.45 rows=1 width=121)
	  Index Cond: (id = 8799348)

table 3 : explain SELECT c FROM sbtest3 WHERE id=7944914
	Index Scan using sbtest3_pkey on sbtest3  (cost=0.43..8.45 rows=1 width=121)
	  Index Cond: (id = 7944914)

table 4 : explain SELECT c FROM sbtest4 WHERE id=2861035
	Index Scan using sbtest4_pkey on sbtest4  (cost=0.43..8.45 rows=1 width=121)
	  Index Cond: (id = 2861035)

table 5 : explain SELECT c FROM sbtest5 WHERE id=682932
	Index Scan using sbtest5_pkey on sbtest5  (cost=0.43..8.45 rows=1 width=121)
	  Index Cond: (id = 682932)

table 6 : explain SELECT c FROM sbtest6 WHERE id=8868720
	Index Scan using sbtest6_pkey on sbtest6  (cost=0.43..8.45 rows=1 width=121)
	  Index Cond: (id = 8868720)

table 7 : explain SELECT c FROM sbtest7 WHERE id=4115072
	Index Scan using sbtest7_pkey on sbtest7  (cost=0.43..8.45 rows=1 width=121)
	  Index Cond: (id = 4115072)

table 8 : explain SELECT c FROM sbtest8 WHERE id=7101225
	Index Scan using sbtest8_pkey on sbtest8  (cost=0.43..8.45 rows=1 width=121)
	  Index Cond: (id = 7101225)

for: order_ranges
table 1 : explain SELECT c FROM sbtest1 WHERE id BETWEEN 2107851 AND 2107950 ORDER BY c
	Sort  (cost=400.66..400.91 rows=101 width=121)
	  Sort Key: c
	  ->  Index Scan using sbtest1_pkey on sbtest1  (cost=0.43..397.30 rows=101 width=121)
	        Index Cond: ((id >= 2107851) AND (id <= 2107950))

table 2 : explain SELECT c FROM sbtest2 WHERE id BETWEEN 1554113 AND 1554212 ORDER BY c
	Sort  (cost=411.10..411.36 rows=104 width=121)
	  Sort Key: c
	  ->  Index Scan using sbtest2_pkey on sbtest2  (cost=0.43..407.61 rows=104 width=121)
	        Index Cond: ((id >= 1554113) AND (id <= 1554212))

table 3 : explain SELECT c FROM sbtest3 WHERE id BETWEEN 6053634 AND 6053733 ORDER BY c
	Sort  (cost=384.39..384.64 rows=98 width=121)
	  Sort Key: c
	  ->  Index Scan using sbtest3_pkey on sbtest3  (cost=0.43..381.15 rows=98 width=121)
	        Index Cond: ((id >= 6053634) AND (id <= 6053733))

table 4 : explain SELECT c FROM sbtest4 WHERE id BETWEEN 9096951 AND 9097050 ORDER BY c
	Sort  (cost=418.85..419.11 rows=106 width=121)
	  Sort Key: c
	  ->  Index Scan using sbtest4_pkey on sbtest4  (cost=0.43..415.28 rows=106 width=121)
	        Index Cond: ((id >= 9096951) AND (id <= 9097050))

table 5 : explain SELECT c FROM sbtest5 WHERE id BETWEEN 1637673 AND 1637772 ORDER BY c
	Sort  (cost=400.43..400.69 rows=101 width=121)
	  Sort Key: c
	  ->  Index Scan using sbtest5_pkey on sbtest5  (cost=0.43..397.07 rows=101 width=121)
	        Index Cond: ((id >= 1637673) AND (id <= 1637772))

table 6 : explain SELECT c FROM sbtest6 WHERE id BETWEEN 9402916 AND 9403015 ORDER BY c
	Sort  (cost=389.69..389.94 rows=99 width=121)
	  Sort Key: c
	  ->  Index Scan using sbtest6_pkey on sbtest6  (cost=0.43..386.41 rows=99 width=121)
	        Index Cond: ((id >= 9402916) AND (id <= 9403015))

table 7 : explain SELECT c FROM sbtest7 WHERE id BETWEEN 6353608 AND 6353707 ORDER BY c
	Sort  (cost=419.37..419.64 rows=106 width=121)
	  Sort Key: c
	  ->  Index Scan using sbtest7_pkey on sbtest7  (cost=0.43..415.81 rows=106 width=121)
	        Index Cond: ((id >= 6353608) AND (id <= 6353707))

table 8 : explain SELECT c FROM sbtest8 WHERE id BETWEEN 8501554 AND 8501653 ORDER BY c
	Sort  (cost=430.94..431.21 rows=109 width=121)
	  Sort Key: c
	  ->  Index Scan using sbtest8_pkey on sbtest8  (cost=0.43..427.25 rows=109 width=121)
	        Index Cond: ((id >= 8501554) AND (id <= 8501653))

for: order_ranges
table 1 : explain SELECT c FROM sbtest1 WHERE id BETWEEN 6856882 AND 6856981 ORDER BY c
	Sort  (cost=369.21..369.44 rows=93 width=121)
	  Sort Key: c
	  ->  Index Scan using sbtest1_pkey on sbtest1  (cost=0.43..366.17 rows=93 width=121)
	        Index Cond: ((id >= 6856882) AND (id <= 6856981))

table 2 : explain SELECT c FROM sbtest2 WHERE id BETWEEN 1219885 AND 1219984 ORDER BY c
	Sort  (cost=403.27..403.52 rows=102 width=121)
	  Sort Key: c
	  ->  Index Scan using sbtest2_pkey on sbtest2  (cost=0.43..399.87 rows=102 width=121)
	        Index Cond: ((id >= 1219885) AND (id <= 1219984))

table 3 : explain SELECT c FROM sbtest3 WHERE id BETWEEN 1742466 AND 1742565 ORDER BY c
	Sort  (cost=396.08..396.33 rows=101 width=121)
	  Sort Key: c
	  ->  Index Scan using sbtest3_pkey on sbtest3  (cost=0.43..392.72 rows=101 width=121)
	        Index Cond: ((id >= 1742466) AND (id <= 1742565))

table 4 : explain SELECT c FROM sbtest4 WHERE id BETWEEN 1808591 AND 1808690 ORDER BY c
	Sort  (cost=403.19..403.45 rows=102 width=121)
	  Sort Key: c
	  ->  Index Scan using sbtest4_pkey on sbtest4  (cost=0.43..399.79 rows=102 width=121)
	        Index Cond: ((id >= 1808591) AND (id <= 1808690))

table 5 : explain SELECT c FROM sbtest5 WHERE id BETWEEN 5212366 AND 5212465 ORDER BY c
	Sort  (cost=404.36..404.61 rows=102 width=121)
	  Sort Key: c
	  ->  Index Scan using sbtest5_pkey on sbtest5  (cost=0.43..400.96 rows=102 width=121)
	        Index Cond: ((id >= 5212366) AND (id <= 5212465))

table 6 : explain SELECT c FROM sbtest6 WHERE id BETWEEN 6736823 AND 6736922 ORDER BY c
	Sort  (cost=346.84..347.06 rows=88 width=121)
	  Sort Key: c
	  ->  Index Scan using sbtest6_pkey on sbtest6  (cost=0.43..344.00 rows=88 width=121)
	        Index Cond: ((id >= 6736823) AND (id <= 6736922))

table 7 : explain SELECT c FROM sbtest7 WHERE id BETWEEN 5219709 AND 5219808 ORDER BY c
	Sort  (cost=376.23..376.47 rows=95 width=121)
	  Sort Key: c
	  ->  Index Scan using sbtest7_pkey on sbtest7  (cost=0.43..373.11 rows=95 width=121)
	        Index Cond: ((id >= 5219709) AND (id <= 5219808))

table 8 : explain SELECT c FROM sbtest8 WHERE id BETWEEN 6868223 AND 6868322 ORDER BY c
	Sort  (cost=368.23..368.46 rows=93 width=121)
	  Sort Key: c
	  ->  Index Scan using sbtest8_pkey on sbtest8  (cost=0.43..365.19 rows=93 width=121)
	        Index Cond: ((id >= 6868223) AND (id <= 6868322))

for: distinct_ranges
table 1 : explain SELECT DISTINCT c FROM sbtest1 WHERE id BETWEEN 8495121 AND 8495220 ORDER BY c
	Unique  (cost=416.37..416.90 rows=105 width=121)
	  ->  Sort  (cost=416.37..416.64 rows=105 width=121)
	        Sort Key: c
	        ->  Index Scan using sbtest1_pkey on sbtest1  (cost=0.43..412.85 rows=105 width=121)
	              Index Cond: ((id >= 8495121) AND (id <= 8495220))

table 2 : explain SELECT DISTINCT c FROM sbtest2 WHERE id BETWEEN 2634877 AND 2634976 ORDER BY c
	Unique  (cost=403.27..403.78 rows=102 width=121)
	  ->  Sort  (cost=403.27..403.52 rows=102 width=121)
	        Sort Key: c
	        ->  Index Scan using sbtest2_pkey on sbtest2  (cost=0.43..399.87 rows=102 width=121)
	              Index Cond: ((id >= 2634877) AND (id <= 2634976))

table 3 : explain SELECT DISTINCT c FROM sbtest3 WHERE id BETWEEN 1290321 AND 1290420 ORDER BY c
	Unique  (cost=388.27..388.77 rows=99 width=121)
	  ->  Sort  (cost=388.27..388.52 rows=99 width=121)
	        Sort Key: c
	        ->  Index Scan using sbtest3_pkey on sbtest3  (cost=0.43..384.99 rows=99 width=121)
	              Index Cond: ((id >= 1290321) AND (id <= 1290420))

table 4 : explain SELECT DISTINCT c FROM sbtest4 WHERE id BETWEEN 8204820 AND 8204919 ORDER BY c
	Unique  (cost=352.28..352.72 rows=89 width=121)
	  ->  Sort  (cost=352.28..352.50 rows=89 width=121)
	        Sort Key: c
	        ->  Index Scan using sbtest4_pkey on sbtest4  (cost=0.43..349.40 rows=89 width=121)
	              Index Cond: ((id >= 8204820) AND (id <= 8204919))

table 5 : explain SELECT DISTINCT c FROM sbtest5 WHERE id BETWEEN 7400523 AND 7400622 ORDER BY c
	Unique  (cost=431.84..432.39 rows=109 width=121)
	  ->  Sort  (cost=431.84..432.11 rows=109 width=121)
	        Sort Key: c
	        ->  Index Scan using sbtest5_pkey on sbtest5  (cost=0.43..428.15 rows=109 width=121)
	              Index Cond: ((id >= 7400523) AND (id <= 7400622))

table 6 : explain SELECT DISTINCT c FROM sbtest6 WHERE id BETWEEN 3447660 AND 3447759 ORDER BY c
	Unique  (cost=385.80..386.29 rows=98 width=121)
	  ->  Sort  (cost=385.80..386.04 rows=98 width=121)
	        Sort Key: c
	        ->  Index Scan using sbtest6_pkey on sbtest6  (cost=0.43..382.55 rows=98 width=121)
	              Index Cond: ((id >= 3447660) AND (id <= 3447759))

table 7 : explain SELECT DISTINCT c FROM sbtest7 WHERE id BETWEEN 352770 AND 352869 ORDER BY c
	Unique  (cost=415.45..415.98 rows=105 width=121)
	  ->  Sort  (cost=415.45..415.72 rows=105 width=121)
	        Sort Key: c
	        ->  Index Scan using sbtest7_pkey on sbtest7  (cost=0.43..411.93 rows=105 width=121)
	              Index Cond: ((id >= 352770) AND (id <= 352869))

table 8 : explain SELECT DISTINCT c FROM sbtest8 WHERE id BETWEEN 3733485 AND 3733584 ORDER BY c
	Unique  (cost=376.06..376.54 rows=95 width=121)
	  ->  Sort  (cost=376.06..376.30 rows=95 width=121)
	        Sort Key: c
	        ->  Index Scan using sbtest8_pkey on sbtest8  (cost=0.43..372.94 rows=95 width=121)
	              Index Cond: ((id >= 3733485) AND (id <= 3733584))

for point_selects
table 1 : explain SELECT c FROM sbtest1 WHERE id=2366007
	Index Scan using sbtest1_pkey on sbtest1  (cost=0.43..8.45 rows=1 width=121)
	  Index Cond: (id = 2366007)

table 2 : explain SELECT c FROM sbtest2 WHERE id=6458074
	Index Scan using sbtest2_pkey on sbtest2  (cost=0.43..8.45 rows=1 width=121)
	  Index Cond: (id = 6458074)

table 3 : explain SELECT c FROM sbtest3 WHERE id=6122519
	Index Scan using sbtest3_pkey on sbtest3  (cost=0.43..8.45 rows=1 width=121)
	  Index Cond: (id = 6122519)

table 4 : explain SELECT c FROM sbtest4 WHERE id=2941270
	Index Scan using sbtest4_pkey on sbtest4  (cost=0.43..8.45 rows=1 width=121)
	  Index Cond: (id = 2941270)

table 5 : explain SELECT c FROM sbtest5 WHERE id=6416950
	Index Scan using sbtest5_pkey on sbtest5  (cost=0.43..8.45 rows=1 width=121)
	  Index Cond: (id = 6416950)

table 6 : explain SELECT c FROM sbtest6 WHERE id=1943975
	Index Scan using sbtest6_pkey on sbtest6  (cost=0.43..8.45 rows=1 width=121)
	  Index Cond: (id = 1943975)

table 7 : explain SELECT c FROM sbtest7 WHERE id=7807532
	Index Scan using sbtest7_pkey on sbtest7  (cost=0.43..8.45 rows=1 width=121)
	  Index Cond: (id = 7807532)

table 8 : explain SELECT c FROM sbtest8 WHERE id=5569993
	Index Scan using sbtest8_pkey on sbtest8  (cost=0.43..8.45 rows=1 width=121)
	  Index Cond: (id = 5569993)

for inserts
table 1 : explain INSERT INTO sbtest1 (id, k, c, pad) VALUES (939191, 13, 'foobar', 'foobar')
	Insert on sbtest1  (cost=0.00..0.01 rows=0 width=0)
	  ->  Result  (cost=0.00..0.01 rows=1 width=736)

table 2 : explain INSERT INTO sbtest2 (id, k, c, pad) VALUES (5257341, 13, 'foobar', 'foobar')
	Insert on sbtest2  (cost=0.00..0.01 rows=0 width=0)
	  ->  Result  (cost=0.00..0.01 rows=1 width=736)

table 3 : explain INSERT INTO sbtest3 (id, k, c, pad) VALUES (828448, 13, 'foobar', 'foobar')
	Insert on sbtest3  (cost=0.00..0.01 rows=0 width=0)
	  ->  Result  (cost=0.00..0.01 rows=1 width=736)

table 4 : explain INSERT INTO sbtest4 (id, k, c, pad) VALUES (1679502, 13, 'foobar', 'foobar')
	Insert on sbtest4  (cost=0.00..0.01 rows=0 width=0)
	  ->  Result  (cost=0.00..0.01 rows=1 width=736)

table 5 : explain INSERT INTO sbtest5 (id, k, c, pad) VALUES (8245925, 13, 'foobar', 'foobar')
	Insert on sbtest5  (cost=0.00..0.01 rows=0 width=0)
	  ->  Result  (cost=0.00..0.01 rows=1 width=736)

table 6 : explain INSERT INTO sbtest6 (id, k, c, pad) VALUES (5771813, 13, 'foobar', 'foobar')
	Insert on sbtest6  (cost=0.00..0.01 rows=0 width=0)
	  ->  Result  (cost=0.00..0.01 rows=1 width=736)

table 7 : explain INSERT INTO sbtest7 (id, k, c, pad) VALUES (7986226, 13, 'foobar', 'foobar')
	Insert on sbtest7  (cost=0.00..0.01 rows=0 width=0)
	  ->  Result  (cost=0.00..0.01 rows=1 width=736)

table 8 : explain INSERT INTO sbtest8 (id, k, c, pad) VALUES (4362485, 13, 'foobar', 'foobar')
	Insert on sbtest8  (cost=0.00..0.01 rows=0 width=0)
	  ->  Result  (cost=0.00..0.01 rows=1 width=736)

for deletes
table 1 : explain DELETE FROM sbtest1 WHERE id=7076170
	Delete on sbtest1  (cost=0.43..8.45 rows=0 width=0)
	  ->  Index Scan using sbtest1_pkey on sbtest1  (cost=0.43..8.45 rows=1 width=6)
	        Index Cond: (id = 7076170)

table 2 : explain DELETE FROM sbtest2 WHERE id=16132
	Delete on sbtest2  (cost=0.43..8.45 rows=0 width=0)
	  ->  Index Scan using sbtest2_pkey on sbtest2  (cost=0.43..8.45 rows=1 width=6)
	        Index Cond: (id = 16132)

table 3 : explain DELETE FROM sbtest3 WHERE id=9345882
	Delete on sbtest3  (cost=0.43..8.45 rows=0 width=0)
	  ->  Index Scan using sbtest3_pkey on sbtest3  (cost=0.43..8.45 rows=1 width=6)
	        Index Cond: (id = 9345882)

table 4 : explain DELETE FROM sbtest4 WHERE id=9591262
	Delete on sbtest4  (cost=0.43..8.45 rows=0 width=0)
	  ->  Index Scan using sbtest4_pkey on sbtest4  (cost=0.43..8.45 rows=1 width=6)
	        Index Cond: (id = 9591262)

table 5 : explain DELETE FROM sbtest5 WHERE id=7970708
	Delete on sbtest5  (cost=0.43..8.45 rows=0 width=0)
	  ->  Index Scan using sbtest5_pkey on sbtest5  (cost=0.43..8.45 rows=1 width=6)
	        Index Cond: (id = 7970708)

table 6 : explain DELETE FROM sbtest6 WHERE id=6480747
	Delete on sbtest6  (cost=0.43..8.45 rows=0 width=0)
	  ->  Index Scan using sbtest6_pkey on sbtest6  (cost=0.43..8.45 rows=1 width=6)
	        Index Cond: (id = 6480747)

table 7 : explain DELETE FROM sbtest7 WHERE id=646831
	Delete on sbtest7  (cost=0.43..8.45 rows=0 width=0)
	  ->  Index Scan using sbtest7_pkey on sbtest7  (cost=0.43..8.45 rows=1 width=6)
	        Index Cond: (id = 646831)

table 8 : explain DELETE FROM sbtest8 WHERE id=4961234
	Delete on sbtest8  (cost=0.43..8.45 rows=0 width=0)
	  ->  Index Scan using sbtest8_pkey on sbtest8  (cost=0.43..8.45 rows=1 width=6)
	        Index Cond: (id = 4961234)

explain: for inserts :: explain INSERT INTO sbtest%u (id, k, c, pad) VALUES (%u, 13, 'foobar', 'foobar')
explain: for index_updates :: explain UPDATE sbtest%u SET k=k+1 WHERE id=%u
for deletes
table 1 : explain DELETE FROM sbtest1 WHERE id=1365000
	Delete on sbtest1  (cost=0.43..8.45 rows=0 width=0)
	  ->  Index Scan using sbtest1_pkey on sbtest1  (cost=0.43..8.45 rows=1 width=6)
	        Index Cond: (id = 1365000)

table 2 : explain DELETE FROM sbtest2 WHERE id=4701985
	Delete on sbtest2  (cost=0.43..8.45 rows=0 width=0)
	  ->  Index Scan using sbtest2_pkey on sbtest2  (cost=0.43..8.45 rows=1 width=6)
	        Index Cond: (id = 4701985)

table 3 : explain DELETE FROM sbtest3 WHERE id=327024
	Delete on sbtest3  (cost=0.43..8.45 rows=0 width=0)
	  ->  Index Scan using sbtest3_pkey on sbtest3  (cost=0.43..8.45 rows=1 width=6)
	        Index Cond: (id = 327024)

table 4 : explain DELETE FROM sbtest4 WHERE id=1296963
	Delete on sbtest4  (cost=0.43..8.45 rows=0 width=0)
	  ->  Index Scan using sbtest4_pkey on sbtest4  (cost=0.43..8.45 rows=1 width=6)
	        Index Cond: (id = 1296963)

table 5 : explain DELETE FROM sbtest5 WHERE id=2539992
	Delete on sbtest5  (cost=0.43..8.45 rows=0 width=0)
	  ->  Index Scan using sbtest5_pkey on sbtest5  (cost=0.43..8.45 rows=1 width=6)
	        Index Cond: (id = 2539992)

table 6 : explain DELETE FROM sbtest6 WHERE id=952290
	Delete on sbtest6  (cost=0.43..8.45 rows=0 width=0)
	  ->  Index Scan using sbtest6_pkey on sbtest6  (cost=0.43..8.45 rows=1 width=6)
	        Index Cond: (id = 952290)

table 7 : explain DELETE FROM sbtest7 WHERE id=6310970
	Delete on sbtest7  (cost=0.43..8.45 rows=0 width=0)
	  ->  Index Scan using sbtest7_pkey on sbtest7  (cost=0.43..8.45 rows=1 width=6)
	        Index Cond: (id = 6310970)

table 8 : explain DELETE FROM sbtest8 WHERE id=7243522
	Delete on sbtest8  (cost=0.43..8.45 rows=0 width=0)
	  ->  Index Scan using sbtest8_pkey on sbtest8  (cost=0.43..8.45 rows=1 width=6)
	        Index Cond: (id = 7243522)

for: distinct_ranges
table 1 : explain SELECT DISTINCT c FROM sbtest1 WHERE id BETWEEN 2202021 AND 2202120 ORDER BY c
	Unique  (cost=400.66..401.17 rows=101 width=121)
	  ->  Sort  (cost=400.66..400.91 rows=101 width=121)
	        Sort Key: c
	        ->  Index Scan using sbtest1_pkey on sbtest1  (cost=0.43..397.30 rows=101 width=121)
	              Index Cond: ((id >= 2202021) AND (id <= 2202120))

table 2 : explain SELECT DISTINCT c FROM sbtest2 WHERE id BETWEEN 9303650 AND 9303749 ORDER BY c
	Unique  (cost=395.40..395.90 rows=100 width=121)
	  ->  Sort  (cost=395.40..395.65 rows=100 width=121)
	        Sort Key: c
	        ->  Index Scan using sbtest2_pkey on sbtest2  (cost=0.43..392.08 rows=100 width=121)
	              Index Cond: ((id >= 9303650) AND (id <= 9303749))

table 3 : explain SELECT DISTINCT c FROM sbtest3 WHERE id BETWEEN 5205889 AND 5205988 ORDER BY c
	Unique  (cost=380.51..380.99 rows=97 width=121)
	  ->  Sort  (cost=380.51..380.75 rows=97 width=121)
	        Sort Key: c
	        ->  Index Scan using sbtest3_pkey on sbtest3  (cost=0.43..377.31 rows=97 width=121)
	              Index Cond: ((id >= 5205889) AND (id <= 5205988))

table 4 : explain SELECT DISTINCT c FROM sbtest4 WHERE id BETWEEN 7296516 AND 7296615 ORDER BY c
	Unique  (cost=387.50..387.99 rows=98 width=121)
	  ->  Sort  (cost=387.50..387.74 rows=98 width=121)
	        Sort Key: c
	        ->  Index Scan using sbtest4_pkey on sbtest4  (cost=0.43..384.26 rows=98 width=121)
	              Index Cond: ((id >= 7296516) AND (id <= 7296615))

table 5 : explain SELECT DISTINCT c FROM sbtest5 WHERE id BETWEEN 9225164 AND 9225263 ORDER BY c
	Unique  (cost=396.51..397.01 rows=100 width=121)
	  ->  Sort  (cost=396.51..396.76 rows=100 width=121)
	        Sort Key: c
	        ->  Index Scan using sbtest5_pkey on sbtest5  (cost=0.43..393.19 rows=100 width=121)
	              Index Cond: ((id >= 9225164) AND (id <= 9225263))

table 6 : explain SELECT DISTINCT c FROM sbtest6 WHERE id BETWEEN 4871975 AND 4872074 ORDER BY c
	Unique  (cost=413.11..413.64 rows=105 width=121)
	  ->  Sort  (cost=413.11..413.37 rows=105 width=121)
	        Sort Key: c
	        ->  Index Scan using sbtest6_pkey on sbtest6  (cost=0.43..409.59 rows=105 width=121)
	              Index Cond: ((id >= 4871975) AND (id <= 4872074))

table 7 : explain SELECT DISTINCT c FROM sbtest7 WHERE id BETWEEN 8004771 AND 8004870 ORDER BY c
	Unique  (cost=403.70..404.21 rows=102 width=121)
	  ->  Sort  (cost=403.70..403.95 rows=102 width=121)
	        Sort Key: c
	        ->  Index Scan using sbtest7_pkey on sbtest7  (cost=0.43..400.29 rows=102 width=121)
	              Index Cond: ((id >= 8004771) AND (id <= 8004870))

table 8 : explain SELECT DISTINCT c FROM sbtest8 WHERE id BETWEEN 224227 AND 224326 ORDER BY c
	Unique  (cost=395.68..396.18 rows=100 width=121)
	  ->  Sort  (cost=395.68..395.93 rows=100 width=121)
	        Sort Key: c
	        ->  Index Scan using sbtest8_pkey on sbtest8  (cost=0.43..392.36 rows=100 width=121)
	              Index Cond: ((id >= 224227) AND (id <= 224326))

for: distinct_ranges
table 1 : explain SELECT DISTINCT c FROM sbtest1 WHERE id BETWEEN 4403000 AND 4403099 ORDER BY c
	Unique  (cost=357.43..357.88 rows=90 width=121)
	  ->  Sort  (cost=357.43..357.65 rows=90 width=121)
	        Sort Key: c
	        ->  Index Scan using sbtest1_pkey on sbtest1  (cost=0.43..354.50 rows=90 width=121)
	              Index Cond: ((id >= 4403000) AND (id <= 4403099))

table 2 : explain SELECT DISTINCT c FROM sbtest2 WHERE id BETWEEN 3023637 AND 3023736 ORDER BY c
	Unique  (cost=411.10..411.62 rows=104 width=121)
	  ->  Sort  (cost=411.10..411.36 rows=104 width=121)
	        Sort Key: c
	        ->  Index Scan using sbtest2_pkey on sbtest2  (cost=0.43..407.61 rows=104 width=121)
	              Index Cond: ((id >= 3023637) AND (id <= 3023736))

table 3 : explain SELECT DISTINCT c FROM sbtest3 WHERE id BETWEEN 1814659 AND 1814758 ORDER BY c
	Unique  (cost=380.51..380.99 rows=97 width=121)
	  ->  Sort  (cost=380.51..380.75 rows=97 width=121)
	        Sort Key: c
	        ->  Index Scan using sbtest3_pkey on sbtest3  (cost=0.43..377.31 rows=97 width=121)
	              Index Cond: ((id >= 1814659) AND (id <= 1814758))

table 4 : explain SELECT DISTINCT c FROM sbtest4 WHERE id BETWEEN 4844082 AND 4844181 ORDER BY c
	Unique  (cost=407.11..407.62 rows=103 width=121)
	  ->  Sort  (cost=407.11..407.36 rows=103 width=121)
	        Sort Key: c
	        ->  Index Scan using sbtest4_pkey on sbtest4  (cost=0.43..403.66 rows=103 width=121)
	              Index Cond: ((id >= 4844082) AND (id <= 4844181))

table 5 : explain SELECT DISTINCT c FROM sbtest5 WHERE id BETWEEN 6479370 AND 6479469 ORDER BY c
	Unique  (cost=420.06..420.59 rows=106 width=121)
	  ->  Sort  (cost=420.06..420.33 rows=106 width=121)
	        Sort Key: c
	        ->  Index Scan using sbtest5_pkey on sbtest5  (cost=0.43..416.50 rows=106 width=121)
	              Index Cond: ((id >= 6479370) AND (id <= 6479469))

table 6 : explain SELECT DISTINCT c FROM sbtest6 WHERE id BETWEEN 9553409 AND 9553508 ORDER BY c
	Unique  (cost=432.60..433.15 rows=110 width=121)
	  ->  Sort  (cost=432.60..432.87 rows=110 width=121)
	        Sort Key: c
	        ->  Index Scan using sbtest6_pkey on sbtest6  (cost=0.43..428.87 rows=110 width=121)
	              Index Cond: ((id >= 9553409) AND (id <= 9553508))

table 7 : explain SELECT DISTINCT c FROM sbtest7 WHERE id BETWEEN 8961692 AND 8961791 ORDER BY c
	Unique  (cost=387.98..388.47 rows=98 width=121)
	  ->  Sort  (cost=387.98..388.23 rows=98 width=121)
	        Sort Key: c
	        ->  Index Scan using sbtest7_pkey on sbtest7  (cost=0.43..384.74 rows=98 width=121)
	              Index Cond: ((id >= 8961692) AND (id <= 8961791))

table 8 : explain SELECT DISTINCT c FROM sbtest8 WHERE id BETWEEN 7642150 AND 7642249 ORDER BY c
	Unique  (cost=391.77..392.26 rows=99 width=121)
	  ->  Sort  (cost=391.77..392.01 rows=99 width=121)
	        Sort Key: c
	        ->  Index Scan using sbtest8_pkey on sbtest8  (cost=0.43..388.48 rows=99 width=121)
	              Index Cond: ((id >= 7642150) AND (id <= 7642249))

for: sum_ranges
table 1 : explain SELECT SUM(k) FROM sbtest1 WHERE id BETWEEN 6184106 AND 6184205
	Aggregate  (cost=381.96..381.97 rows=1 width=8)
	  ->  Index Scan using sbtest1_pkey on sbtest1  (cost=0.43..381.72 rows=97 width=4)
	        Index Cond: ((id >= 6184106) AND (id <= 6184205))

table 2 : explain SELECT SUM(k) FROM sbtest2 WHERE id BETWEEN 5158252 AND 5158351
	Aggregate  (cost=369.07..369.08 rows=1 width=8)
	  ->  Index Scan using sbtest2_pkey on sbtest2  (cost=0.43..368.84 rows=94 width=4)
	        Index Cond: ((id >= 5158252) AND (id <= 5158351))

table 3 : explain SELECT SUM(k) FROM sbtest3 WHERE id BETWEEN 9573264 AND 9573363
	Aggregate  (cost=366.02..366.03 rows=1 width=8)
	  ->  Index Scan using sbtest3_pkey on sbtest3  (cost=0.43..365.78 rows=94 width=4)
	        Index Cond: ((id >= 9573264) AND (id <= 9573363))

table 4 : explain SELECT SUM(k) FROM sbtest4 WHERE id BETWEEN 4382841 AND 4382940
	Aggregate  (cost=403.92..403.93 rows=1 width=8)
	  ->  Index Scan using sbtest4_pkey on sbtest4  (cost=0.43..403.66 rows=103 width=4)
	        Index Cond: ((id >= 4382841) AND (id <= 4382940))

table 5 : explain SELECT SUM(k) FROM sbtest5 WHERE id BETWEEN 4522894 AND 4522993
	Aggregate  (cost=370.08..370.09 rows=1 width=8)
	  ->  Index Scan using sbtest5_pkey on sbtest5  (cost=0.43..369.84 rows=94 width=4)
	        Index Cond: ((id >= 4522894) AND (id <= 4522993))

table 6 : explain SELECT SUM(k) FROM sbtest6 WHERE id BETWEEN 3325594 AND 3325693
	Aggregate  (cost=359.65..359.66 rows=1 width=8)
	  ->  Index Scan using sbtest6_pkey on sbtest6  (cost=0.43..359.42 rows=92 width=4)
	        Index Cond: ((id >= 3325594) AND (id <= 3325693))

table 7 : explain SELECT SUM(k) FROM sbtest7 WHERE id BETWEEN 4098792 AND 4098891
	Aggregate  (cost=416.07..416.08 rows=1 width=8)
	  ->  Index Scan using sbtest7_pkey on sbtest7  (cost=0.43..415.81 rows=106 width=4)
	        Index Cond: ((id >= 4098792) AND (id <= 4098891))

table 8 : explain SELECT SUM(k) FROM sbtest8 WHERE id BETWEEN 7178082 AND 7178181
	Aggregate  (cost=380.94..380.95 rows=1 width=8)
	  ->  Index Scan using sbtest8_pkey on sbtest8  (cost=0.43..380.70 rows=97 width=4)
	        Index Cond: ((id >= 7178082) AND (id <= 7178181))

for index_updates
table 1 : explain UPDATE sbtest1 SET k=k+1 WHERE id=3833894
	Update on sbtest1  (cost=0.43..8.46 rows=0 width=0)
	  ->  Index Scan using sbtest1_pkey on sbtest1  (cost=0.43..8.46 rows=1 width=10)
	        Index Cond: (id = 3833894)

table 2 : explain UPDATE sbtest2 SET k=k+1 WHERE id=7606550
	Update on sbtest2  (cost=0.43..8.46 rows=0 width=0)
	  ->  Index Scan using sbtest2_pkey on sbtest2  (cost=0.43..8.46 rows=1 width=10)
	        Index Cond: (id = 7606550)

table 3 : explain UPDATE sbtest3 SET k=k+1 WHERE id=2957100
	Update on sbtest3  (cost=0.43..8.46 rows=0 width=0)
	  ->  Index Scan using sbtest3_pkey on sbtest3  (cost=0.43..8.46 rows=1 width=10)
	        Index Cond: (id = 2957100)

table 4 : explain UPDATE sbtest4 SET k=k+1 WHERE id=9238650
	Update on sbtest4  (cost=0.43..8.46 rows=0 width=0)
	  ->  Index Scan using sbtest4_pkey on sbtest4  (cost=0.43..8.46 rows=1 width=10)
	        Index Cond: (id = 9238650)

table 5 : explain UPDATE sbtest5 SET k=k+1 WHERE id=7397279
	Update on sbtest5  (cost=0.43..8.46 rows=0 width=0)
	  ->  Index Scan using sbtest5_pkey on sbtest5  (cost=0.43..8.46 rows=1 width=10)
	        Index Cond: (id = 7397279)

table 6 : explain UPDATE sbtest6 SET k=k+1 WHERE id=4544449
	Update on sbtest6  (cost=0.43..8.46 rows=0 width=0)
	  ->  Index Scan using sbtest6_pkey on sbtest6  (cost=0.43..8.46 rows=1 width=10)
	        Index Cond: (id = 4544449)

table 7 : explain UPDATE sbtest7 SET k=k+1 WHERE id=8618428
	Update on sbtest7  (cost=0.43..8.46 rows=0 width=0)
	  ->  Index Scan using sbtest7_pkey on sbtest7  (cost=0.43..8.46 rows=1 width=10)
	        Index Cond: (id = 8618428)

table 8 : explain UPDATE sbtest8 SET k=k+1 WHERE id=8161629
	Update on sbtest8  (cost=0.43..8.46 rows=0 width=0)
	  ->  Index Scan using sbtest8_pkey on sbtest8  (cost=0.43..8.46 rows=1 width=10)
	        Index Cond: (id = 8161629)

explain: for index_updates :: explain UPDATE sbtest%u SET k=k+1 WHERE id=%u
for: distinct_ranges
table 1 : explain SELECT DISTINCT c FROM sbtest1 WHERE id BETWEEN 2228372 AND 2228471 ORDER BY c
	Unique  (cost=447.80..448.37 rows=113 width=121)
	  ->  Sort  (cost=447.80..448.08 rows=113 width=121)
	        Sort Key: c
	        ->  Index Scan using sbtest1_pkey on sbtest1  (cost=0.43..443.95 rows=113 width=121)
	              Index Cond: ((id >= 2228372) AND (id <= 2228471))

table 2 : explain SELECT DISTINCT c FROM sbtest2 WHERE id BETWEEN 4078370 AND 4078469 ORDER BY c
	Unique  (cost=395.40..395.90 rows=100 width=121)
	  ->  Sort  (cost=395.40..395.65 rows=100 width=121)
	        Sort Key: c
	        ->  Index Scan using sbtest2_pkey on sbtest2  (cost=0.43..392.08 rows=100 width=121)
	              Index Cond: ((id >= 4078370) AND (id <= 4078469))

table 3 : explain SELECT DISTINCT c FROM sbtest3 WHERE id BETWEEN 9113243 AND 9113342 ORDER BY c
	Unique  (cost=431.02..431.57 rows=110 width=121)
	  ->  Sort  (cost=431.02..431.29 rows=110 width=121)
	        Sort Key: c
	        ->  Index Scan using sbtest3_pkey on sbtest3  (cost=0.43..427.29 rows=110 width=121)
	              Index Cond: ((id >= 9113243) AND (id <= 9113342))

table 4 : explain SELECT DISTINCT c FROM sbtest4 WHERE id BETWEEN 6418624 AND 6418723 ORDER BY c
	Unique  (cost=403.19..403.70 rows=102 width=121)
	  ->  Sort  (cost=403.19..403.45 rows=102 width=121)
	        Sort Key: c
	        ->  Index Scan using sbtest4_pkey on sbtest4  (cost=0.43..399.79 rows=102 width=121)
	              Index Cond: ((id >= 6418624) AND (id <= 6418723))

table 5 : explain SELECT DISTINCT c FROM sbtest5 WHERE id BETWEEN 4084994 AND 4085093 ORDER BY c
	Unique  (cost=400.43..400.94 rows=101 width=121)
	  ->  Sort  (cost=400.43..400.69 rows=101 width=121)
	        Sort Key: c
	        ->  Index Scan using sbtest5_pkey on sbtest5  (cost=0.43..397.07 rows=101 width=121)
	              Index Cond: ((id >= 4084994) AND (id <= 4085093))

table 6 : explain SELECT DISTINCT c FROM sbtest6 WHERE id BETWEEN 6791990 AND 6792089 ORDER BY c
	Unique  (cost=389.69..390.19 rows=99 width=121)
	  ->  Sort  (cost=389.69..389.94 rows=99 width=121)
	        Sort Key: c
	        ->  Index Scan using sbtest6_pkey on sbtest6  (cost=0.43..386.41 rows=99 width=121)
	              Index Cond: ((id >= 6791990) AND (id <= 6792089))

table 7 : explain SELECT DISTINCT c FROM sbtest7 WHERE id BETWEEN 2541732 AND 2541831 ORDER BY c
	Unique  (cost=376.23..376.70 rows=95 width=121)
	  ->  Sort  (cost=376.23..376.47 rows=95 width=121)
	        Sort Key: c
	        ->  Index Scan using sbtest7_pkey on sbtest7  (cost=0.43..373.11 rows=95 width=121)
	              Index Cond: ((id >= 2541732) AND (id <= 2541831))

table 8 : explain SELECT DISTINCT c FROM sbtest8 WHERE id BETWEEN 9137935 AND 9138034 ORDER BY c
	Unique  (cost=438.78..439.33 rows=111 width=121)
	  ->  Sort  (cost=438.78..439.05 rows=111 width=121)
	        Sort Key: c
	        ->  Index Scan using sbtest8_pkey on sbtest8  (cost=0.43..435.01 rows=111 width=121)
	              Index Cond: ((id >= 9137935) AND (id <= 9138034))

explain: for index_updates :: explain UPDATE sbtest%u SET k=k+1 WHERE id=%u
for: sum_ranges
table 1 : explain SELECT SUM(k) FROM sbtest1 WHERE id BETWEEN 4363293 AND 4363392
	Aggregate  (cost=381.96..381.97 rows=1 width=8)
	  ->  Index Scan using sbtest1_pkey on sbtest1  (cost=0.43..381.72 rows=97 width=4)
	        Index Cond: ((id >= 4363293) AND (id <= 4363392))

table 2 : explain SELECT SUM(k) FROM sbtest2 WHERE id BETWEEN 8094484 AND 8094583
	Aggregate  (cost=396.24..396.25 rows=1 width=8)
	  ->  Index Scan using sbtest2_pkey on sbtest2  (cost=0.43..395.99 rows=101 width=4)
	        Index Cond: ((id >= 8094484) AND (id <= 8094583))

table 3 : explain SELECT SUM(k) FROM sbtest3 WHERE id BETWEEN 1250531 AND 1250630
	Aggregate  (cost=396.81..396.82 rows=1 width=8)
	  ->  Index Scan using sbtest3_pkey on sbtest3  (cost=0.43..396.56 rows=102 width=4)
	        Index Cond: ((id >= 1250531) AND (id <= 1250630))

table 4 : explain SELECT SUM(k) FROM sbtest4 WHERE id BETWEEN 8591779 AND 8591878
	Aggregate  (cost=396.17..396.18 rows=1 width=8)
	  ->  Index Scan using sbtest4_pkey on sbtest4  (cost=0.43..395.92 rows=101 width=4)
	        Index Cond: ((id >= 8591779) AND (id <= 8591878))

table 5 : explain SELECT SUM(k) FROM sbtest5 WHERE id BETWEEN 405179 AND 405278
	Aggregate  (cost=373.96..373.97 rows=1 width=8)
	  ->  Index Scan using sbtest5_pkey on sbtest5  (cost=0.43..373.73 rows=95 width=4)
	        Index Cond: ((id >= 405179) AND (id <= 405278))

table 6 : explain SELECT SUM(k) FROM sbtest6 WHERE id BETWEEN 9600334 AND 9600433
	Aggregate  (cost=429.14..429.15 rows=1 width=8)
	  ->  Index Scan using sbtest6_pkey on sbtest6  (cost=0.43..428.87 rows=110 width=4)
	        Index Cond: ((id >= 9600334) AND (id <= 9600433))

table 7 : explain SELECT SUM(k) FROM sbtest7 WHERE id BETWEEN 584110 AND 584209
	Aggregate  (cost=388.90..388.91 rows=1 width=8)
	  ->  Index Scan using sbtest7_pkey on sbtest7  (cost=0.43..388.66 rows=99 width=4)
	        Index Cond: ((id >= 584110) AND (id <= 584209))

table 8 : explain SELECT SUM(k) FROM sbtest8 WHERE id BETWEEN 870225 AND 870324
	Aggregate  (cost=373.18..373.19 rows=1 width=8)
	  ->  Index Scan using sbtest8_pkey on sbtest8  (cost=0.43..372.94 rows=95 width=4)
	        Index Cond: ((id >= 870225) AND (id <= 870324))

explain: for inserts :: explain INSERT INTO sbtest%u (id, k, c, pad) VALUES (%u, 13, 'foobar', 'foobar')
explain: for inserts :: explain INSERT INTO sbtest%u (id, k, c, pad) VALUES (%u, 13, 'foobar', 'foobar')
for: sum_ranges
table 1 : explain SELECT SUM(k) FROM sbtest1 WHERE id BETWEEN 1898063 AND 1898162
	Aggregate  (cost=362.51..362.52 rows=1 width=8)
	  ->  Index Scan using sbtest1_pkey on sbtest1  (cost=0.43..362.28 rows=92 width=4)
	        Index Cond: ((id >= 1898063) AND (id <= 1898162))

table 2 : explain SELECT SUM(k) FROM sbtest2 WHERE id BETWEEN 4917231 AND 4917330
	Aggregate  (cost=415.63..415.64 rows=1 width=8)
	  ->  Index Scan using sbtest2_pkey on sbtest2  (cost=0.43..415.36 rows=106 width=4)
	        Index Cond: ((id >= 4917231) AND (id <= 4917330))

table 3 : explain SELECT SUM(k) FROM sbtest3 WHERE id BETWEEN 7660821 AND 7660920
	Aggregate  (cost=385.24..385.25 rows=1 width=8)
	  ->  Index Scan using sbtest3_pkey on sbtest3  (cost=0.43..384.99 rows=99 width=4)
	        Index Cond: ((id >= 7660821) AND (id <= 7660920))

table 4 : explain SELECT SUM(k) FROM sbtest4 WHERE id BETWEEN 2302094 AND 2302193
	Aggregate  (cost=400.04..400.05 rows=1 width=8)
	  ->  Index Scan using sbtest4_pkey on sbtest4  (cost=0.43..399.79 rows=102 width=4)
	        Index Cond: ((id >= 2302094) AND (id <= 2302193))

table 5 : explain SELECT SUM(k) FROM sbtest5 WHERE id BETWEEN 4308430 AND 4308529
	Aggregate  (cost=385.63..385.64 rows=1 width=8)
	  ->  Index Scan using sbtest5_pkey on sbtest5  (cost=0.43..385.38 rows=98 width=4)
	        Index Cond: ((id >= 4308430) AND (id <= 4308529))

table 6 : explain SELECT SUM(k) FROM sbtest6 WHERE id BETWEEN 8028413 AND 8028512
	Aggregate  (cost=413.71..413.72 rows=1 width=8)
	  ->  Index Scan using sbtest6_pkey on sbtest6  (cost=0.43..413.44 rows=106 width=4)
	        Index Cond: ((id >= 8028413) AND (id <= 8028512))

table 7 : explain SELECT SUM(k) FROM sbtest7 WHERE id BETWEEN 1950200 AND 1950299
	Aggregate  (cost=396.67..396.68 rows=1 width=8)
	  ->  Index Scan using sbtest7_pkey on sbtest7  (cost=0.43..396.41 rows=101 width=4)
	        Index Cond: ((id >= 1950200) AND (id <= 1950299))

table 8 : explain SELECT SUM(k) FROM sbtest8 WHERE id BETWEEN 2249749 AND 2249848
	Aggregate  (cost=396.49..396.50 rows=1 width=8)
	  ->  Index Scan using sbtest8_pkey on sbtest8  (cost=0.43..396.24 rows=101 width=4)
	        Index Cond: ((id >= 2249749) AND (id <= 2249848))

explain: for non_index_updates :: explain UPDATE sbtest%u SET c='foobar' WHERE id=%u
for: distinct_ranges
table 1 : explain SELECT DISTINCT c FROM sbtest1 WHERE id BETWEEN 4329544 AND 4329643 ORDER BY c
	Unique  (cost=384.92..385.40 rows=97 width=121)
	  ->  Sort  (cost=384.92..385.16 rows=97 width=121)
	        Sort Key: c
	        ->  Index Scan using sbtest1_pkey on sbtest1  (cost=0.43..381.72 rows=97 width=121)
	              Index Cond: ((id >= 4329544) AND (id <= 4329643))

table 2 : explain SELECT DISTINCT c FROM sbtest2 WHERE id BETWEEN 348782 AND 348881 ORDER BY c
	Unique  (cost=411.10..411.62 rows=104 width=121)
	  ->  Sort  (cost=411.10..411.36 rows=104 width=121)
	        Sort Key: c
	        ->  Index Scan using sbtest2_pkey on sbtest2  (cost=0.43..407.61 rows=104 width=121)
	              Index Cond: ((id >= 348782) AND (id <= 348881))

table 3 : explain SELECT DISTINCT c FROM sbtest3 WHERE id BETWEEN 3107817 AND 3107916 ORDER BY c
	Unique  (cost=368.87..369.34 rows=94 width=121)
	  ->  Sort  (cost=368.87..369.10 rows=94 width=121)
	        Sort Key: c
	        ->  Index Scan using sbtest3_pkey on sbtest3  (cost=0.43..365.78 rows=94 width=121)
	              Index Cond: ((id >= 3107817) AND (id <= 3107916))

table 4 : explain SELECT DISTINCT c FROM sbtest4 WHERE id BETWEEN 7726180 AND 7726279 ORDER BY c
	Unique  (cost=387.50..387.99 rows=98 width=121)
	  ->  Sort  (cost=387.50..387.74 rows=98 width=121)
	        Sort Key: c
	        ->  Index Scan using sbtest4_pkey on sbtest4  (cost=0.43..384.26 rows=98 width=121)
	              Index Cond: ((id >= 7726180) AND (id <= 7726279))

table 5 : explain SELECT DISTINCT c FROM sbtest5 WHERE id BETWEEN 9619818 AND 9619917 ORDER BY c
	Unique  (cost=380.77..381.25 rows=96 width=121)
	  ->  Sort  (cost=380.77..381.01 rows=96 width=121)
	        Sort Key: c
	        ->  Index Scan using sbtest5_pkey on sbtest5  (cost=0.43..377.61 rows=96 width=121)
	              Index Cond: ((id >= 9619818) AND (id <= 9619917))

table 6 : explain SELECT DISTINCT c FROM sbtest6 WHERE id BETWEEN 5022550 AND 5022649 ORDER BY c
	Unique  (cost=413.11..413.64 rows=105 width=121)
	  ->  Sort  (cost=413.11..413.37 rows=105 width=121)
	        Sort Key: c
	        ->  Index Scan using sbtest6_pkey on sbtest6  (cost=0.43..409.59 rows=105 width=121)
	              Index Cond: ((id >= 5022550) AND (id <= 5022649))

table 7 : explain SELECT DISTINCT c FROM sbtest7 WHERE id BETWEEN 8281818 AND 8281917 ORDER BY c
	Unique  (cost=387.98..388.47 rows=98 width=121)
	  ->  Sort  (cost=387.98..388.23 rows=98 width=121)
	        Sort Key: c
	        ->  Index Scan using sbtest7_pkey on sbtest7  (cost=0.43..384.74 rows=98 width=121)
	              Index Cond: ((id >= 8281818) AND (id <= 8281917))

table 8 : explain SELECT DISTINCT c FROM sbtest8 WHERE id BETWEEN 2164135 AND 2164234 ORDER BY c
	Unique  (cost=379.98..380.46 rows=96 width=121)
	  ->  Sort  (cost=379.98..380.22 rows=96 width=121)
	        Sort Key: c
	        ->  Index Scan using sbtest8_pkey on sbtest8  (cost=0.43..376.82 rows=96 width=121)
	              Index Cond: ((id >= 2164135) AND (id <= 2164234))

explain: for index_updates :: explain UPDATE sbtest%u SET k=k+1 WHERE id=%u
for inserts
table 1 : explain INSERT INTO sbtest1 (id, k, c, pad) VALUES (768547, 13, 'foobar', 'foobar')
	Insert on sbtest1  (cost=0.00..0.01 rows=0 width=0)
	  ->  Result  (cost=0.00..0.01 rows=1 width=736)

table 2 : explain INSERT INTO sbtest2 (id, k, c, pad) VALUES (3803221, 13, 'foobar', 'foobar')
	Insert on sbtest2  (cost=0.00..0.01 rows=0 width=0)
	  ->  Result  (cost=0.00..0.01 rows=1 width=736)

table 3 : explain INSERT INTO sbtest3 (id, k, c, pad) VALUES (5546729, 13, 'foobar', 'foobar')
	Insert on sbtest3  (cost=0.00..0.01 rows=0 width=0)
	  ->  Result  (cost=0.00..0.01 rows=1 width=736)

table 4 : explain INSERT INTO sbtest4 (id, k, c, pad) VALUES (9433101, 13, 'foobar', 'foobar')
	Insert on sbtest4  (cost=0.00..0.01 rows=0 width=0)
	  ->  Result  (cost=0.00..0.01 rows=1 width=736)

table 5 : explain INSERT INTO sbtest5 (id, k, c, pad) VALUES (7504619, 13, 'foobar', 'foobar')
	Insert on sbtest5  (cost=0.00..0.01 rows=0 width=0)
	  ->  Result  (cost=0.00..0.01 rows=1 width=736)

table 6 : explain INSERT INTO sbtest6 (id, k, c, pad) VALUES (3211734, 13, 'foobar', 'foobar')
	Insert on sbtest6  (cost=0.00..0.01 rows=0 width=0)
	  ->  Result  (cost=0.00..0.01 rows=1 width=736)

table 7 : explain INSERT INTO sbtest7 (id, k, c, pad) VALUES (7256863, 13, 'foobar', 'foobar')
	Insert on sbtest7  (cost=0.00..0.01 rows=0 width=0)
	  ->  Result  (cost=0.00..0.01 rows=1 width=736)

table 8 : explain INSERT INTO sbtest8 (id, k, c, pad) VALUES (7454941, 13, 'foobar', 'foobar')
	Insert on sbtest8  (cost=0.00..0.01 rows=0 width=0)
	  ->  Result  (cost=0.00..0.01 rows=1 width=736)

for inserts
table 1 : explain INSERT INTO sbtest1 (id, k, c, pad) VALUES (243376, 13, 'foobar', 'foobar')
	Insert on sbtest1  (cost=0.00..0.01 rows=0 width=0)
	  ->  Result  (cost=0.00..0.01 rows=1 width=736)

table 2 : explain INSERT INTO sbtest2 (id, k, c, pad) VALUES (7535736, 13, 'foobar', 'foobar')
	Insert on sbtest2  (cost=0.00..0.01 rows=0 width=0)
	  ->  Result  (cost=0.00..0.01 rows=1 width=736)

table 3 : explain INSERT INTO sbtest3 (id, k, c, pad) VALUES (8837947, 13, 'foobar', 'foobar')
	Insert on sbtest3  (cost=0.00..0.01 rows=0 width=0)
	  ->  Result  (cost=0.00..0.01 rows=1 width=736)

table 4 : explain INSERT INTO sbtest4 (id, k, c, pad) VALUES (6917053, 13, 'foobar', 'foobar')
	Insert on sbtest4  (cost=0.00..0.01 rows=0 width=0)
	  ->  Result  (cost=0.00..0.01 rows=1 width=736)

table 5 : explain INSERT INTO sbtest5 (id, k, c, pad) VALUES (9652753, 13, 'foobar', 'foobar')
	Insert on sbtest5  (cost=0.00..0.01 rows=0 width=0)
	  ->  Result  (cost=0.00..0.01 rows=1 width=736)

table 6 : explain INSERT INTO sbtest6 (id, k, c, pad) VALUES (4346703, 13, 'foobar', 'foobar')
	Insert on sbtest6  (cost=0.00..0.01 rows=0 width=0)
	  ->  Result  (cost=0.00..0.01 rows=1 width=736)

table 7 : explain INSERT INTO sbtest7 (id, k, c, pad) VALUES (1326736, 13, 'foobar', 'foobar')
	Insert on sbtest7  (cost=0.00..0.01 rows=0 width=0)
	  ->  Result  (cost=0.00..0.01 rows=1 width=736)

table 8 : explain INSERT INTO sbtest8 (id, k, c, pad) VALUES (3763319, 13, 'foobar', 'foobar')
	Insert on sbtest8  (cost=0.00..0.01 rows=0 width=0)
	  ->  Result  (cost=0.00..0.01 rows=1 width=736)

for: simple_ranges
table 1 : explain SELECT c FROM sbtest1 WHERE id BETWEEN 6663848 AND 6663947
	Index Scan using sbtest1_pkey on sbtest1  (cost=0.43..412.85 rows=105 width=121)
	  Index Cond: ((id >= 6663848) AND (id <= 6663947))

table 2 : explain SELECT c FROM sbtest2 WHERE id BETWEEN 1532502 AND 1532601
	Index Scan using sbtest2_pkey on sbtest2  (cost=0.43..407.61 rows=104 width=121)
	  Index Cond: ((id >= 1532502) AND (id <= 1532601))

table 3 : explain SELECT c FROM sbtest3 WHERE id BETWEEN 7129345 AND 7129444
	Index Scan using sbtest3_pkey on sbtest3  (cost=0.43..442.66 rows=114 width=121)
	  Index Cond: ((id >= 7129345) AND (id <= 7129444))

table 4 : explain SELECT c FROM sbtest4 WHERE id BETWEEN 9819450 AND 9819549
	Index Scan using sbtest4_pkey on sbtest4  (cost=0.43..392.01 rows=100 width=121)
	  Index Cond: ((id >= 9819450) AND (id <= 9819549))

table 5 : explain SELECT c FROM sbtest5 WHERE id BETWEEN 7359093 AND 7359192
	Index Scan using sbtest5_pkey on sbtest5  (cost=0.43..428.15 rows=109 width=121)
	  Index Cond: ((id >= 7359093) AND (id <= 7359192))

table 6 : explain SELECT c FROM sbtest6 WHERE id BETWEEN 5502073 AND 5502172
	Index Scan using sbtest6_pkey on sbtest6  (cost=0.43..374.84 rows=96 width=121)
	  Index Cond: ((id >= 5502073) AND (id <= 5502172))

table 7 : explain SELECT c FROM sbtest7 WHERE id BETWEEN 6430261 AND 6430360
	Index Scan using sbtest7_pkey on sbtest7  (cost=0.43..396.41 rows=101 width=121)
	  Index Cond: ((id >= 6430261) AND (id <= 6430360))

table 8 : explain SELECT c FROM sbtest8 WHERE id BETWEEN 4667063 AND 4667162
	Index Scan using sbtest8_pkey on sbtest8  (cost=0.43..392.36 rows=100 width=121)
	  Index Cond: ((id >= 4667063) AND (id <= 4667162))

for index_updates
table 1 : explain UPDATE sbtest1 SET k=k+1 WHERE id=701349
	Update on sbtest1  (cost=0.43..8.46 rows=0 width=0)
	  ->  Index Scan using sbtest1_pkey on sbtest1  (cost=0.43..8.46 rows=1 width=10)
	        Index Cond: (id = 701349)

table 2 : explain UPDATE sbtest2 SET k=k+1 WHERE id=3306254
	Update on sbtest2  (cost=0.43..8.46 rows=0 width=0)
	  ->  Index Scan using sbtest2_pkey on sbtest2  (cost=0.43..8.46 rows=1 width=10)
	        Index Cond: (id = 3306254)

table 3 : explain UPDATE sbtest3 SET k=k+1 WHERE id=3286909
	Update on sbtest3  (cost=0.43..8.46 rows=0 width=0)
	  ->  Index Scan using sbtest3_pkey on sbtest3  (cost=0.43..8.46 rows=1 width=10)
	        Index Cond: (id = 3286909)

table 4 : explain UPDATE sbtest4 SET k=k+1 WHERE id=9492282
	Update on sbtest4  (cost=0.43..8.46 rows=0 width=0)
	  ->  Index Scan using sbtest4_pkey on sbtest4  (cost=0.43..8.46 rows=1 width=10)
	        Index Cond: (id = 9492282)

table 5 : explain UPDATE sbtest5 SET k=k+1 WHERE id=1273697
	Update on sbtest5  (cost=0.43..8.46 rows=0 width=0)
	  ->  Index Scan using sbtest5_pkey on sbtest5  (cost=0.43..8.46 rows=1 width=10)
	        Index Cond: (id = 1273697)

table 6 : explain UPDATE sbtest6 SET k=k+1 WHERE id=9208016
	Update on sbtest6  (cost=0.43..8.46 rows=0 width=0)
	  ->  Index Scan using sbtest6_pkey on sbtest6  (cost=0.43..8.46 rows=1 width=10)
	        Index Cond: (id = 9208016)

table 7 : explain UPDATE sbtest7 SET k=k+1 WHERE id=7194558
	Update on sbtest7  (cost=0.43..8.46 rows=0 width=0)
	  ->  Index Scan using sbtest7_pkey on sbtest7  (cost=0.43..8.46 rows=1 width=10)
	        Index Cond: (id = 7194558)

table 8 : explain UPDATE sbtest8 SET k=k+1 WHERE id=5327018
	Update on sbtest8  (cost=0.43..8.46 rows=0 width=0)
	  ->  Index Scan using sbtest8_pkey on sbtest8  (cost=0.43..8.46 rows=1 width=10)
	        Index Cond: (id = 5327018)

for index_updates
table 1 : explain UPDATE sbtest1 SET k=k+1 WHERE id=959685
	Update on sbtest1  (cost=0.43..8.46 rows=0 width=0)
	  ->  Index Scan using sbtest1_pkey on sbtest1  (cost=0.43..8.46 rows=1 width=10)
	        Index Cond: (id = 959685)

table 2 : explain UPDATE sbtest2 SET k=k+1 WHERE id=8777290
	Update on sbtest2  (cost=0.43..8.46 rows=0 width=0)
	  ->  Index Scan using sbtest2_pkey on sbtest2  (cost=0.43..8.46 rows=1 width=10)
	        Index Cond: (id = 8777290)

table 3 : explain UPDATE sbtest3 SET k=k+1 WHERE id=7837477
	Update on sbtest3  (cost=0.43..8.46 rows=0 width=0)
	  ->  Index Scan using sbtest3_pkey on sbtest3  (cost=0.43..8.46 rows=1 width=10)
	        Index Cond: (id = 7837477)

table 4 : explain UPDATE sbtest4 SET k=k+1 WHERE id=8955527
	Update on sbtest4  (cost=0.43..8.46 rows=0 width=0)
	  ->  Index Scan using sbtest4_pkey on sbtest4  (cost=0.43..8.46 rows=1 width=10)
	        Index Cond: (id = 8955527)

table 5 : explain UPDATE sbtest5 SET k=k+1 WHERE id=4017850
	Update on sbtest5  (cost=0.43..8.46 rows=0 width=0)
	  ->  Index Scan using sbtest5_pkey on sbtest5  (cost=0.43..8.46 rows=1 width=10)
	        Index Cond: (id = 4017850)

table 6 : explain UPDATE sbtest6 SET k=k+1 WHERE id=6769718
	Update on sbtest6  (cost=0.43..8.46 rows=0 width=0)
	  ->  Index Scan using sbtest6_pkey on sbtest6  (cost=0.43..8.46 rows=1 width=10)
	        Index Cond: (id = 6769718)

table 7 : explain UPDATE sbtest7 SET k=k+1 WHERE id=2596353
	Update on sbtest7  (cost=0.43..8.46 rows=0 width=0)
	  ->  Index Scan using sbtest7_pkey on sbtest7  (cost=0.43..8.46 rows=1 width=10)
	        Index Cond: (id = 2596353)

table 8 : explain UPDATE sbtest8 SET k=k+1 WHERE id=2304654
	Update on sbtest8  (cost=0.43..8.46 rows=0 width=0)
	  ->  Index Scan using sbtest8_pkey on sbtest8  (cost=0.43..8.46 rows=1 width=10)
	        Index Cond: (id = 2304654)

explain: for index_updates :: explain UPDATE sbtest%u SET k=k+1 WHERE id=%u
for non_index_updates
table 1 : explain UPDATE sbtest1 SET c='foobar' WHERE id=5425824
	Update on sbtest1  (cost=0.43..8.45 rows=0 width=0)
	  ->  Index Scan using sbtest1_pkey on sbtest1  (cost=0.43..8.45 rows=1 width=490)
	        Index Cond: (id = 5425824)

table 2 : explain UPDATE sbtest2 SET c='foobar' WHERE id=9893434
	Update on sbtest2  (cost=0.43..8.45 rows=0 width=0)
	  ->  Index Scan using sbtest2_pkey on sbtest2  (cost=0.43..8.45 rows=1 width=490)
	        Index Cond: (id = 9893434)

table 3 : explain UPDATE sbtest3 SET c='foobar' WHERE id=4001109
	Update on sbtest3  (cost=0.43..8.45 rows=0 width=0)
	  ->  Index Scan using sbtest3_pkey on sbtest3  (cost=0.43..8.45 rows=1 width=490)
	        Index Cond: (id = 4001109)

table 4 : explain UPDATE sbtest4 SET c='foobar' WHERE id=8896567
	Update on sbtest4  (cost=0.43..8.45 rows=0 width=0)
	  ->  Index Scan using sbtest4_pkey on sbtest4  (cost=0.43..8.45 rows=1 width=490)
	        Index Cond: (id = 8896567)

table 5 : explain UPDATE sbtest5 SET c='foobar' WHERE id=1545917
	Update on sbtest5  (cost=0.43..8.45 rows=0 width=0)
	  ->  Index Scan using sbtest5_pkey on sbtest5  (cost=0.43..8.45 rows=1 width=490)
	        Index Cond: (id = 1545917)

table 6 : explain UPDATE sbtest6 SET c='foobar' WHERE id=2270251
	Update on sbtest6  (cost=0.43..8.45 rows=0 width=0)
	  ->  Index Scan using sbtest6_pkey on sbtest6  (cost=0.43..8.45 rows=1 width=490)
	        Index Cond: (id = 2270251)

table 7 : explain UPDATE sbtest7 SET c='foobar' WHERE id=224573
	Update on sbtest7  (cost=0.43..8.45 rows=0 width=0)
	  ->  Index Scan using sbtest7_pkey on sbtest7  (cost=0.43..8.45 rows=1 width=490)
	        Index Cond: (id = 224573)

table 8 : explain UPDATE sbtest8 SET c='foobar' WHERE id=6599921
	Update on sbtest8  (cost=0.43..8.45 rows=0 width=0)
	  ->  Index Scan using sbtest8_pkey on sbtest8  (cost=0.43..8.45 rows=1 width=490)
	        Index Cond: (id = 6599921)

for inserts
table 1 : explain INSERT INTO sbtest1 (id, k, c, pad) VALUES (242454, 13, 'foobar', 'foobar')
	Insert on sbtest1  (cost=0.00..0.01 rows=0 width=0)
	  ->  Result  (cost=0.00..0.01 rows=1 width=736)

table 2 : explain INSERT INTO sbtest2 (id, k, c, pad) VALUES (1024304, 13, 'foobar', 'foobar')
	Insert on sbtest2  (cost=0.00..0.01 rows=0 width=0)
	  ->  Result  (cost=0.00..0.01 rows=1 width=736)

table 3 : explain INSERT INTO sbtest3 (id, k, c, pad) VALUES (8270039, 13, 'foobar', 'foobar')
	Insert on sbtest3  (cost=0.00..0.01 rows=0 width=0)
	  ->  Result  (cost=0.00..0.01 rows=1 width=736)

table 4 : explain INSERT INTO sbtest4 (id, k, c, pad) VALUES (2015858, 13, 'foobar', 'foobar')
	Insert on sbtest4  (cost=0.00..0.01 rows=0 width=0)
	  ->  Result  (cost=0.00..0.01 rows=1 width=736)

table 5 : explain INSERT INTO sbtest5 (id, k, c, pad) VALUES (2223173, 13, 'foobar', 'foobar')
	Insert on sbtest5  (cost=0.00..0.01 rows=0 width=0)
	  ->  Result  (cost=0.00..0.01 rows=1 width=736)

table 6 : explain INSERT INTO sbtest6 (id, k, c, pad) VALUES (8598768, 13, 'foobar', 'foobar')
	Insert on sbtest6  (cost=0.00..0.01 rows=0 width=0)
	  ->  Result  (cost=0.00..0.01 rows=1 width=736)

table 7 : explain INSERT INTO sbtest7 (id, k, c, pad) VALUES (7357276, 13, 'foobar', 'foobar')
	Insert on sbtest7  (cost=0.00..0.01 rows=0 width=0)
	  ->  Result  (cost=0.00..0.01 rows=1 width=736)

table 8 : explain INSERT INTO sbtest8 (id, k, c, pad) VALUES (9912114, 13, 'foobar', 'foobar')
	Insert on sbtest8  (cost=0.00..0.01 rows=0 width=0)
	  ->  Result  (cost=0.00..0.01 rows=1 width=736)

explain: for non_index_updates :: explain UPDATE sbtest%u SET c='foobar' WHERE id=%u
explain: for non_index_updates :: explain UPDATE sbtest%u SET c='foobar' WHERE id=%u
for: order_ranges
table 1 : explain SELECT c FROM sbtest1 WHERE id BETWEEN 4177443 AND 4177542 ORDER BY c
	Sort  (cost=400.66..400.91 rows=101 width=121)
	  Sort Key: c
	  ->  Index Scan using sbtest1_pkey on sbtest1  (cost=0.43..397.30 rows=101 width=121)
	        Index Cond: ((id >= 4177443) AND (id <= 4177542))

table 2 : explain SELECT c FROM sbtest2 WHERE id BETWEEN 1801449 AND 1801548 ORDER BY c
	Sort  (cost=426.76..427.03 rows=108 width=121)
	  Sort Key: c
	  ->  Index Scan using sbtest2_pkey on sbtest2  (cost=0.43..423.11 rows=108 width=121)
	        Index Cond: ((id >= 1801449) AND (id <= 1801548))

table 3 : explain SELECT c FROM sbtest3 WHERE id BETWEEN 6323878 AND 6323977 ORDER BY c
	Sort  (cost=399.96..400.22 rows=102 width=121)
	  Sort Key: c
	  ->  Index Scan using sbtest3_pkey on sbtest3  (cost=0.43..396.56 rows=102 width=121)
	        Index Cond: ((id >= 6323878) AND (id <= 6323977))

table 4 : explain SELECT c FROM sbtest4 WHERE id BETWEEN 3772333 AND 3772432 ORDER BY c
	Sort  (cost=387.50..387.74 rows=98 width=121)
	  Sort Key: c
	  ->  Index Scan using sbtest4_pkey on sbtest4  (cost=0.43..384.26 rows=98 width=121)
	        Index Cond: ((id >= 3772333) AND (id <= 3772432))

table 5 : explain SELECT c FROM sbtest5 WHERE id BETWEEN 2842332 AND 2842431 ORDER BY c
	Sort  (cost=412.21..412.47 rows=104 width=121)
	  Sort Key: c
	  ->  Index Scan using sbtest5_pkey on sbtest5  (cost=0.43..408.73 rows=104 width=121)
	        Index Cond: ((id >= 2842332) AND (id <= 2842431))

table 6 : explain SELECT c FROM sbtest6 WHERE id BETWEEN 8480586 AND 8480685 ORDER BY c
	Sort  (cost=358.52..358.75 rows=91 width=121)
	  Sort Key: c
	  ->  Index Scan using sbtest6_pkey on sbtest6  (cost=0.43..355.56 rows=91 width=121)
	        Index Cond: ((id >= 8480586) AND (id <= 8480685))

table 7 : explain SELECT c FROM sbtest7 WHERE id BETWEEN 1490866 AND 1490965 ORDER BY c
	Sort  (cost=423.29..423.56 rows=107 width=121)
	  Sort Key: c
	  ->  Index Scan using sbtest7_pkey on sbtest7  (cost=0.43..419.69 rows=107 width=121)
	        Index Cond: ((id >= 1490866) AND (id <= 1490965))

table 8 : explain SELECT c FROM sbtest8 WHERE id BETWEEN 9408076 AND 9408175 ORDER BY c
	Sort  (cost=372.15..372.38 rows=94 width=121)
	  Sort Key: c
	  ->  Index Scan using sbtest8_pkey on sbtest8  (cost=0.43..369.07 rows=94 width=121)
	        Index Cond: ((id >= 9408076) AND (id <= 9408175))

for: simple_ranges
table 1 : explain SELECT c FROM sbtest1 WHERE id BETWEEN 1655432 AND 1655531
	Index Scan using sbtest1_pkey on sbtest1  (cost=0.43..397.30 rows=101 width=121)
	  Index Cond: ((id >= 1655432) AND (id <= 1655531))

table 2 : explain SELECT c FROM sbtest2 WHERE id BETWEEN 4853267 AND 4853366
	Index Scan using sbtest2_pkey on sbtest2  (cost=0.43..372.71 rows=95 width=121)
	  Index Cond: ((id >= 4853267) AND (id <= 4853366))

table 3 : explain SELECT c FROM sbtest3 WHERE id BETWEEN 4340407 AND 4340506
	Index Scan using sbtest3_pkey on sbtest3  (cost=0.43..442.66 rows=114 width=121)
	  Index Cond: ((id >= 4340407) AND (id <= 4340506))

table 4 : explain SELECT c FROM sbtest4 WHERE id BETWEEN 173809 AND 173908
	Index Scan using sbtest4_pkey on sbtest4  (cost=0.43..395.92 rows=101 width=121)
	  Index Cond: ((id >= 173809) AND (id <= 173908))

table 5 : explain SELECT c FROM sbtest5 WHERE id BETWEEN 2286703 AND 2286802
	Index Scan using sbtest5_pkey on sbtest5  (cost=0.43..416.50 rows=106 width=121)
	  Index Cond: ((id >= 2286703) AND (id <= 2286802))

table 6 : explain SELECT c FROM sbtest6 WHERE id BETWEEN 8032659 AND 8032758
	Index Scan using sbtest6_pkey on sbtest6  (cost=0.43..413.44 rows=106 width=121)
	  Index Cond: ((id >= 8032659) AND (id <= 8032758))

table 7 : explain SELECT c FROM sbtest7 WHERE id BETWEEN 4059230 AND 4059329
	Index Scan using sbtest7_pkey on sbtest7  (cost=0.43..388.62 rows=99 width=121)
	  Index Cond: ((id >= 4059230) AND (id <= 4059329))

table 8 : explain SELECT c FROM sbtest8 WHERE id BETWEEN 6175818 AND 6175917
	Index Scan using sbtest8_pkey on sbtest8  (cost=0.43..415.62 rows=106 width=121)
	  Index Cond: ((id >= 6175818) AND (id <= 6175917))

for index_updates
table 1 : explain UPDATE sbtest1 SET k=k+1 WHERE id=2536857
	Update on sbtest1  (cost=0.43..8.46 rows=0 width=0)
	  ->  Index Scan using sbtest1_pkey on sbtest1  (cost=0.43..8.46 rows=1 width=10)
	        Index Cond: (id = 2536857)

table 2 : explain UPDATE sbtest2 SET k=k+1 WHERE id=3369804
	Update on sbtest2  (cost=0.43..8.46 rows=0 width=0)
	  ->  Index Scan using sbtest2_pkey on sbtest2  (cost=0.43..8.46 rows=1 width=10)
	        Index Cond: (id = 3369804)

table 3 : explain UPDATE sbtest3 SET k=k+1 WHERE id=263062
	Update on sbtest3  (cost=0.43..8.46 rows=0 width=0)
	  ->  Index Scan using sbtest3_pkey on sbtest3  (cost=0.43..8.46 rows=1 width=10)
	        Index Cond: (id = 263062)

table 4 : explain UPDATE sbtest4 SET k=k+1 WHERE id=6709784
	Update on sbtest4  (cost=0.43..8.46 rows=0 width=0)
	  ->  Index Scan using sbtest4_pkey on sbtest4  (cost=0.43..8.46 rows=1 width=10)
	        Index Cond: (id = 6709784)

table 5 : explain UPDATE sbtest5 SET k=k+1 WHERE id=5967206
	Update on sbtest5  (cost=0.43..8.46 rows=0 width=0)
	  ->  Index Scan using sbtest5_pkey on sbtest5  (cost=0.43..8.46 rows=1 width=10)
	        Index Cond: (id = 5967206)

table 6 : explain UPDATE sbtest6 SET k=k+1 WHERE id=4807723
	Update on sbtest6  (cost=0.43..8.46 rows=0 width=0)
	  ->  Index Scan using sbtest6_pkey on sbtest6  (cost=0.43..8.46 rows=1 width=10)
	        Index Cond: (id = 4807723)

table 7 : explain UPDATE sbtest7 SET k=k+1 WHERE id=8686257
	Update on sbtest7  (cost=0.43..8.46 rows=0 width=0)
	  ->  Index Scan using sbtest7_pkey on sbtest7  (cost=0.43..8.46 rows=1 width=10)
	        Index Cond: (id = 8686257)

table 8 : explain UPDATE sbtest8 SET k=k+1 WHERE id=6857143
	Update on sbtest8  (cost=0.43..8.46 rows=0 width=0)
	  ->  Index Scan using sbtest8_pkey on sbtest8  (cost=0.43..8.46 rows=1 width=10)
	        Index Cond: (id = 6857143)

explain: for deletes :: explain DELETE FROM sbtest%u WHERE id=%u
for: order_ranges
table 1 : explain SELECT c FROM sbtest1 WHERE id BETWEEN 5254642 AND 5254741 ORDER BY c
	Sort  (cost=388.84..389.09 rows=98 width=121)
	  Sort Key: c
	  ->  Index Scan using sbtest1_pkey on sbtest1  (cost=0.43..385.60 rows=98 width=121)
	        Index Cond: ((id >= 5254642) AND (id <= 5254741))

table 2 : explain SELECT c FROM sbtest2 WHERE id BETWEEN 6879134 AND 6879233 ORDER BY c
	Sort  (cost=395.40..395.65 rows=100 width=121)
	  Sort Key: c
	  ->  Index Scan using sbtest2_pkey on sbtest2  (cost=0.43..392.08 rows=100 width=121)
	        Index Cond: ((id >= 6879134) AND (id <= 6879233))

table 3 : explain SELECT c FROM sbtest3 WHERE id BETWEEN 1569632 AND 1569731 ORDER BY c
	Sort  (cost=392.15..392.40 rows=100 width=121)
	  Sort Key: c
	  ->  Index Scan using sbtest3_pkey on sbtest3  (cost=0.43..388.83 rows=100 width=121)
	        Index Cond: ((id >= 1569632) AND (id <= 1569731))

table 4 : explain SELECT c FROM sbtest4 WHERE id BETWEEN 607649 AND 607748 ORDER BY c
	Sort  (cost=391.41..391.66 rows=99 width=121)
	  Sort Key: c
	  ->  Index Scan using sbtest4_pkey on sbtest4  (cost=0.43..388.13 rows=99 width=121)
	        Index Cond: ((id >= 607649) AND (id <= 607748))

table 5 : explain SELECT c FROM sbtest5 WHERE id BETWEEN 5916229 AND 5916328 ORDER BY c
	Sort  (cost=369.00..369.23 rows=93 width=121)
	  Sort Key: c
	  ->  Index Scan using sbtest5_pkey on sbtest5  (cost=0.43..365.96 rows=93 width=121)
	        Index Cond: ((id >= 5916229) AND (id <= 5916328))

table 6 : explain SELECT c FROM sbtest6 WHERE id BETWEEN 2435439 AND 2435538 ORDER BY c
	Sort  (cost=401.42..401.68 rows=102 width=121)
	  Sort Key: c
	  ->  Index Scan using sbtest6_pkey on sbtest6  (cost=0.43..398.02 rows=102 width=121)
	        Index Cond: ((id >= 2435439) AND (id <= 2435538))

table 7 : explain SELECT c FROM sbtest7 WHERE id BETWEEN 9792354 AND 9792453 ORDER BY c
	Sort  (cost=380.15..380.39 rows=96 width=121)
	  Sort Key: c
	  ->  Index Scan using sbtest7_pkey on sbtest7  (cost=0.43..376.99 rows=96 width=121)
	        Index Cond: ((id >= 9792354) AND (id <= 9792453))

table 8 : explain SELECT c FROM sbtest8 WHERE id BETWEEN 4236219 AND 4236318 ORDER BY c
	Sort  (cost=383.90..384.14 rows=97 width=121)
	  Sort Key: c
	  ->  Index Scan using sbtest8_pkey on sbtest8  (cost=0.43..380.70 rows=97 width=121)
	        Index Cond: ((id >= 4236219) AND (id <= 4236318))

for: order_ranges
table 1 : explain SELECT c FROM sbtest1 WHERE id BETWEEN 5369486 AND 5369585 ORDER BY c
	Sort  (cost=416.37..416.64 rows=105 width=121)
	  Sort Key: c
	  ->  Index Scan using sbtest1_pkey on sbtest1  (cost=0.43..412.85 rows=105 width=121)
	        Index Cond: ((id >= 5369486) AND (id <= 5369585))

table 2 : explain SELECT c FROM sbtest2 WHERE id BETWEEN 9657104 AND 9657203 ORDER BY c
	Sort  (cost=418.93..419.19 rows=106 width=121)
	  Sort Key: c
	  ->  Index Scan using sbtest2_pkey on sbtest2  (cost=0.43..415.36 rows=106 width=121)
	        Index Cond: ((id >= 9657104) AND (id <= 9657203))

table 3 : explain SELECT c FROM sbtest3 WHERE id BETWEEN 5932418 AND 5932517 ORDER BY c
	Sort  (cost=364.98..365.22 rows=93 width=121)
	  Sort Key: c
	  ->  Index Scan using sbtest3_pkey on sbtest3  (cost=0.43..361.94 rows=93 width=121)
	        Index Cond: ((id >= 5932418) AND (id <= 5932517))

table 4 : explain SELECT c FROM sbtest4 WHERE id BETWEEN 8141954 AND 8142053 ORDER BY c
	Sort  (cost=430.59..430.86 rows=109 width=121)
	  Sort Key: c
	  ->  Index Scan using sbtest4_pkey on sbtest4  (cost=0.43..426.90 rows=109 width=121)
	        Index Cond: ((id >= 8141954) AND (id <= 8142053))

table 5 : explain SELECT c FROM sbtest5 WHERE id BETWEEN 2176763 AND 2176862 ORDER BY c
	Sort  (cost=416.14..416.40 rows=105 width=121)
	  Sort Key: c
	  ->  Index Scan using sbtest5_pkey on sbtest5  (cost=0.43..412.61 rows=105 width=121)
	        Index Cond: ((id >= 2176763) AND (id <= 2176862))

table 6 : explain SELECT c FROM sbtest6 WHERE id BETWEEN 960009 AND 960108 ORDER BY c
	Sort  (cost=409.21..409.47 rows=104 width=121)
	  Sort Key: c
	  ->  Index Scan using sbtest6_pkey on sbtest6  (cost=0.43..405.73 rows=104 width=121)
	        Index Cond: ((id >= 960009) AND (id <= 960108))

table 7 : explain SELECT c FROM sbtest7 WHERE id BETWEEN 5399 AND 5498 ORDER BY c
	Sort  (cost=431.13..431.40 rows=109 width=121)
	  Sort Key: c
	  ->  Index Scan using sbtest7_pkey on sbtest7  (cost=0.43..427.44 rows=109 width=121)
	        Index Cond: ((id >= 5399) AND (id <= 5498))

table 8 : explain SELECT c FROM sbtest8 WHERE id BETWEEN 7127868 AND 7127967 ORDER BY c
	Sort  (cost=411.35..411.61 rows=104 width=121)
	  Sort Key: c
	  ->  Index Scan using sbtest8_pkey on sbtest8  (cost=0.43..407.87 rows=104 width=121)
	        Index Cond: ((id >= 7127868) AND (id <= 7127967))

explain: for non_index_updates :: explain UPDATE sbtest%u SET c='foobar' WHERE id=%u
for non_index_updates
table 1 : explain UPDATE sbtest1 SET c='foobar' WHERE id=1349625
	Update on sbtest1  (cost=0.43..8.45 rows=0 width=0)
	  ->  Index Scan using sbtest1_pkey on sbtest1  (cost=0.43..8.45 rows=1 width=490)
	        Index Cond: (id = 1349625)

table 2 : explain UPDATE sbtest2 SET c='foobar' WHERE id=7839321
	Update on sbtest2  (cost=0.43..8.45 rows=0 width=0)
	  ->  Index Scan using sbtest2_pkey on sbtest2  (cost=0.43..8.45 rows=1 width=490)
	        Index Cond: (id = 7839321)

table 3 : explain UPDATE sbtest3 SET c='foobar' WHERE id=9794357
	Update on sbtest3  (cost=0.43..8.45 rows=0 width=0)
	  ->  Index Scan using sbtest3_pkey on sbtest3  (cost=0.43..8.45 rows=1 width=490)
	        Index Cond: (id = 9794357)

table 4 : explain UPDATE sbtest4 SET c='foobar' WHERE id=5528831
	Update on sbtest4  (cost=0.43..8.45 rows=0 width=0)
	  ->  Index Scan using sbtest4_pkey on sbtest4  (cost=0.43..8.45 rows=1 width=490)
	        Index Cond: (id = 5528831)

table 5 : explain UPDATE sbtest5 SET c='foobar' WHERE id=820258
	Update on sbtest5  (cost=0.43..8.45 rows=0 width=0)
	  ->  Index Scan using sbtest5_pkey on sbtest5  (cost=0.43..8.45 rows=1 width=490)
	        Index Cond: (id = 820258)

table 6 : explain UPDATE sbtest6 SET c='foobar' WHERE id=8825370
	Update on sbtest6  (cost=0.43..8.45 rows=0 width=0)
	  ->  Index Scan using sbtest6_pkey on sbtest6  (cost=0.43..8.45 rows=1 width=490)
	        Index Cond: (id = 8825370)

table 7 : explain UPDATE sbtest7 SET c='foobar' WHERE id=5547645
	Update on sbtest7  (cost=0.43..8.45 rows=0 width=0)
	  ->  Index Scan using sbtest7_pkey on sbtest7  (cost=0.43..8.45 rows=1 width=490)
	        Index Cond: (id = 5547645)

table 8 : explain UPDATE sbtest8 SET c='foobar' WHERE id=3096226
	Update on sbtest8  (cost=0.43..8.45 rows=0 width=0)
	  ->  Index Scan using sbtest8_pkey on sbtest8  (cost=0.43..8.45 rows=1 width=490)
	        Index Cond: (id = 3096226)

for deletes
table 1 : explain DELETE FROM sbtest1 WHERE id=9468754
	Delete on sbtest1  (cost=0.43..8.45 rows=0 width=0)
	  ->  Index Scan using sbtest1_pkey on sbtest1  (cost=0.43..8.45 rows=1 width=6)
	        Index Cond: (id = 9468754)

table 2 : explain DELETE FROM sbtest2 WHERE id=1334319
	Delete on sbtest2  (cost=0.43..8.45 rows=0 width=0)
	  ->  Index Scan using sbtest2_pkey on sbtest2  (cost=0.43..8.45 rows=1 width=6)
	        Index Cond: (id = 1334319)

table 3 : explain DELETE FROM sbtest3 WHERE id=9057063
	Delete on sbtest3  (cost=0.43..8.45 rows=0 width=0)
	  ->  Index Scan using sbtest3_pkey on sbtest3  (cost=0.43..8.45 rows=1 width=6)
	        Index Cond: (id = 9057063)

table 4 : explain DELETE FROM sbtest4 WHERE id=3120967
	Delete on sbtest4  (cost=0.43..8.45 rows=0 width=0)
	  ->  Index Scan using sbtest4_pkey on sbtest4  (cost=0.43..8.45 rows=1 width=6)
	        Index Cond: (id = 3120967)

table 5 : explain DELETE FROM sbtest5 WHERE id=6074777
	Delete on sbtest5  (cost=0.43..8.45 rows=0 width=0)
	  ->  Index Scan using sbtest5_pkey on sbtest5  (cost=0.43..8.45 rows=1 width=6)
	        Index Cond: (id = 6074777)

table 6 : explain DELETE FROM sbtest6 WHERE id=3592325
	Delete on sbtest6  (cost=0.43..8.45 rows=0 width=0)
	  ->  Index Scan using sbtest6_pkey on sbtest6  (cost=0.43..8.45 rows=1 width=6)
	        Index Cond: (id = 3592325)

table 7 : explain DELETE FROM sbtest7 WHERE id=8329693
	Delete on sbtest7  (cost=0.43..8.45 rows=0 width=0)
	  ->  Index Scan using sbtest7_pkey on sbtest7  (cost=0.43..8.45 rows=1 width=6)
	        Index Cond: (id = 8329693)

table 8 : explain DELETE FROM sbtest8 WHERE id=6026168
	Delete on sbtest8  (cost=0.43..8.45 rows=0 width=0)
	  ->  Index Scan using sbtest8_pkey on sbtest8  (cost=0.43..8.45 rows=1 width=6)
	        Index Cond: (id = 6026168)

for non_index_updates
table 1 : explain UPDATE sbtest1 SET c='foobar' WHERE id=4015212
	Update on sbtest1  (cost=0.43..8.45 rows=0 width=0)
	  ->  Index Scan using sbtest1_pkey on sbtest1  (cost=0.43..8.45 rows=1 width=490)
	        Index Cond: (id = 4015212)

table 2 : explain UPDATE sbtest2 SET c='foobar' WHERE id=8450779
	Update on sbtest2  (cost=0.43..8.45 rows=0 width=0)
	  ->  Index Scan using sbtest2_pkey on sbtest2  (cost=0.43..8.45 rows=1 width=490)
	        Index Cond: (id = 8450779)

table 3 : explain UPDATE sbtest3 SET c='foobar' WHERE id=178335
	Update on sbtest3  (cost=0.43..8.45 rows=0 width=0)
	  ->  Index Scan using sbtest3_pkey on sbtest3  (cost=0.43..8.45 rows=1 width=490)
	        Index Cond: (id = 178335)

table 4 : explain UPDATE sbtest4 SET c='foobar' WHERE id=5210783
	Update on sbtest4  (cost=0.43..8.45 rows=0 width=0)
	  ->  Index Scan using sbtest4_pkey on sbtest4  (cost=0.43..8.45 rows=1 width=490)
	        Index Cond: (id = 5210783)

table 5 : explain UPDATE sbtest5 SET c='foobar' WHERE id=4915143
	Update on sbtest5  (cost=0.43..8.45 rows=0 width=0)
	  ->  Index Scan using sbtest5_pkey on sbtest5  (cost=0.43..8.45 rows=1 width=490)
	        Index Cond: (id = 4915143)

table 6 : explain UPDATE sbtest6 SET c='foobar' WHERE id=8373053
	Update on sbtest6  (cost=0.43..8.45 rows=0 width=0)
	  ->  Index Scan using sbtest6_pkey on sbtest6  (cost=0.43..8.45 rows=1 width=490)
	        Index Cond: (id = 8373053)

table 7 : explain UPDATE sbtest7 SET c='foobar' WHERE id=320936
	Update on sbtest7  (cost=0.43..8.45 rows=0 width=0)
	  ->  Index Scan using sbtest7_pkey on sbtest7  (cost=0.43..8.45 rows=1 width=490)
	        Index Cond: (id = 320936)

table 8 : explain UPDATE sbtest8 SET c='foobar' WHERE id=4772624
	Update on sbtest8  (cost=0.43..8.45 rows=0 width=0)
	  ->  Index Scan using sbtest8_pkey on sbtest8  (cost=0.43..8.45 rows=1 width=490)
	        Index Cond: (id = 4772624)

for index_updates
table 1 : explain UPDATE sbtest1 SET k=k+1 WHERE id=3035461
	Update on sbtest1  (cost=0.43..8.46 rows=0 width=0)
	  ->  Index Scan using sbtest1_pkey on sbtest1  (cost=0.43..8.46 rows=1 width=10)
	        Index Cond: (id = 3035461)

table 2 : explain UPDATE sbtest2 SET k=k+1 WHERE id=6550908
	Update on sbtest2  (cost=0.43..8.46 rows=0 width=0)
	  ->  Index Scan using sbtest2_pkey on sbtest2  (cost=0.43..8.46 rows=1 width=10)
	        Index Cond: (id = 6550908)

table 3 : explain UPDATE sbtest3 SET k=k+1 WHERE id=9772082
	Update on sbtest3  (cost=0.43..8.46 rows=0 width=0)
	  ->  Index Scan using sbtest3_pkey on sbtest3  (cost=0.43..8.46 rows=1 width=10)
	        Index Cond: (id = 9772082)

table 4 : explain UPDATE sbtest4 SET k=k+1 WHERE id=5879650
	Update on sbtest4  (cost=0.43..8.46 rows=0 width=0)
	  ->  Index Scan using sbtest4_pkey on sbtest4  (cost=0.43..8.46 rows=1 width=10)
	        Index Cond: (id = 5879650)

table 5 : explain UPDATE sbtest5 SET k=k+1 WHERE id=9308576
	Update on sbtest5  (cost=0.43..8.46 rows=0 width=0)
	  ->  Index Scan using sbtest5_pkey on sbtest5  (cost=0.43..8.46 rows=1 width=10)
	        Index Cond: (id = 9308576)

table 6 : explain UPDATE sbtest6 SET k=k+1 WHERE id=6751569
	Update on sbtest6  (cost=0.43..8.46 rows=0 width=0)
	  ->  Index Scan using sbtest6_pkey on sbtest6  (cost=0.43..8.46 rows=1 width=10)
	        Index Cond: (id = 6751569)

table 7 : explain UPDATE sbtest7 SET k=k+1 WHERE id=8791338
	Update on sbtest7  (cost=0.43..8.46 rows=0 width=0)
	  ->  Index Scan using sbtest7_pkey on sbtest7  (cost=0.43..8.46 rows=1 width=10)
	        Index Cond: (id = 8791338)

table 8 : explain UPDATE sbtest8 SET k=k+1 WHERE id=8502295
	Update on sbtest8  (cost=0.43..8.46 rows=0 width=0)
	  ->  Index Scan using sbtest8_pkey on sbtest8  (cost=0.43..8.46 rows=1 width=10)
	        Index Cond: (id = 8502295)

explain: for deletes :: explain DELETE FROM sbtest%u WHERE id=%u
explain: for deletes :: explain DELETE FROM sbtest%u WHERE id=%u
for non_index_updates
table 1 : explain UPDATE sbtest1 SET c='foobar' WHERE id=9840082
	Update on sbtest1  (cost=0.43..8.45 rows=0 width=0)
	  ->  Index Scan using sbtest1_pkey on sbtest1  (cost=0.43..8.45 rows=1 width=490)
	        Index Cond: (id = 9840082)

table 2 : explain UPDATE sbtest2 SET c='foobar' WHERE id=9473064
	Update on sbtest2  (cost=0.43..8.45 rows=0 width=0)
	  ->  Index Scan using sbtest2_pkey on sbtest2  (cost=0.43..8.45 rows=1 width=490)
	        Index Cond: (id = 9473064)

table 3 : explain UPDATE sbtest3 SET c='foobar' WHERE id=4802714
	Update on sbtest3  (cost=0.43..8.45 rows=0 width=0)
	  ->  Index Scan using sbtest3_pkey on sbtest3  (cost=0.43..8.45 rows=1 width=490)
	        Index Cond: (id = 4802714)

table 4 : explain UPDATE sbtest4 SET c='foobar' WHERE id=134315
	Update on sbtest4  (cost=0.43..8.45 rows=0 width=0)
	  ->  Index Scan using sbtest4_pkey on sbtest4  (cost=0.43..8.45 rows=1 width=490)
	        Index Cond: (id = 134315)

table 5 : explain UPDATE sbtest5 SET c='foobar' WHERE id=4050644
	Update on sbtest5  (cost=0.43..8.45 rows=0 width=0)
	  ->  Index Scan using sbtest5_pkey on sbtest5  (cost=0.43..8.45 rows=1 width=490)
	        Index Cond: (id = 4050644)

table 6 : explain UPDATE sbtest6 SET c='foobar' WHERE id=8646955
	Update on sbtest6  (cost=0.43..8.45 rows=0 width=0)
	  ->  Index Scan using sbtest6_pkey on sbtest6  (cost=0.43..8.45 rows=1 width=490)
	        Index Cond: (id = 8646955)

table 7 : explain UPDATE sbtest7 SET c='foobar' WHERE id=9804977
	Update on sbtest7  (cost=0.43..8.45 rows=0 width=0)
	  ->  Index Scan using sbtest7_pkey on sbtest7  (cost=0.43..8.45 rows=1 width=490)
	        Index Cond: (id = 9804977)

table 8 : explain UPDATE sbtest8 SET c='foobar' WHERE id=7962008
	Update on sbtest8  (cost=0.43..8.45 rows=0 width=0)
	  ->  Index Scan using sbtest8_pkey on sbtest8  (cost=0.43..8.45 rows=1 width=490)
	        Index Cond: (id = 7962008)

for: distinct_ranges
table 1 : explain SELECT DISTINCT c FROM sbtest1 WHERE id BETWEEN 8217526 AND 8217625 ORDER BY c
	Unique  (cost=408.52..409.03 rows=103 width=121)
	  ->  Sort  (cost=408.52..408.77 rows=103 width=121)
	        Sort Key: c
	        ->  Index Scan using sbtest1_pkey on sbtest1  (cost=0.43..405.07 rows=103 width=121)
	              Index Cond: ((id >= 8217526) AND (id <= 8217625))

table 2 : explain SELECT DISTINCT c FROM sbtest2 WHERE id BETWEEN 1606373 AND 1606472 ORDER BY c
	Unique  (cost=399.35..399.86 rows=101 width=121)
	  ->  Sort  (cost=399.35..399.61 rows=101 width=121)
	        Sort Key: c
	        ->  Index Scan using sbtest2_pkey on sbtest2  (cost=0.43..395.99 rows=101 width=121)
	              Index Cond: ((id >= 1606373) AND (id <= 1606472))

table 3 : explain SELECT DISTINCT c FROM sbtest3 WHERE id BETWEEN 5168267 AND 5168366 ORDER BY c
	Unique  (cost=380.51..380.99 rows=97 width=121)
	  ->  Sort  (cost=380.51..380.75 rows=97 width=121)
	        Sort Key: c
	        ->  Index Scan using sbtest3_pkey on sbtest3  (cost=0.43..377.31 rows=97 width=121)
	              Index Cond: ((id >= 5168267) AND (id <= 5168366))

table 4 : explain SELECT DISTINCT c FROM sbtest4 WHERE id BETWEEN 7514487 AND 7514586 ORDER BY c
	Unique  (cost=387.50..387.99 rows=98 width=121)
	  ->  Sort  (cost=387.50..387.74 rows=98 width=121)
	        Sort Key: c
	        ->  Index Scan using sbtest4_pkey on sbtest4  (cost=0.43..384.26 rows=98 width=121)
	              Index Cond: ((id >= 7514487) AND (id <= 7514586))

table 5 : explain SELECT DISTINCT c FROM sbtest5 WHERE id BETWEEN 6480110 AND 6480209 ORDER BY c
	Unique  (cost=420.06..420.59 rows=106 width=121)
	  ->  Sort  (cost=420.06..420.33 rows=106 width=121)
	        Sort Key: c
	        ->  Index Scan using sbtest5_pkey on sbtest5  (cost=0.43..416.50 rows=106 width=121)
	              Index Cond: ((id >= 6480110) AND (id <= 6480209))

table 6 : explain SELECT DISTINCT c FROM sbtest6 WHERE id BETWEEN 7987911 AND 7988010 ORDER BY c
	Unique  (cost=366.32..366.78 rows=93 width=121)
	  ->  Sort  (cost=366.32..366.55 rows=93 width=121)
	        Sort Key: c
	        ->  Index Scan using sbtest6_pkey on sbtest6  (cost=0.43..363.27 rows=93 width=121)
	              Index Cond: ((id >= 7987911) AND (id <= 7988010))

table 7 : explain SELECT DISTINCT c FROM sbtest7 WHERE id BETWEEN 8571746 AND 8571845 ORDER BY c
	Unique  (cost=431.13..431.68 rows=109 width=121)
	  ->  Sort  (cost=431.13..431.40 rows=109 width=121)
	        Sort Key: c
	        ->  Index Scan using sbtest7_pkey on sbtest7  (cost=0.43..427.44 rows=109 width=121)
	              Index Cond: ((id >= 8571746) AND (id <= 8571845))

table 8 : explain SELECT DISTINCT c FROM sbtest8 WHERE id BETWEEN 4038682 AND 4038781 ORDER BY c
	Unique  (cost=427.02..427.56 rows=108 width=121)
	  ->  Sort  (cost=427.02..427.29 rows=108 width=121)
	        Sort Key: c
	        ->  Index Scan using sbtest8_pkey on sbtest8  (cost=0.43..423.38 rows=108 width=121)
	              Index Cond: ((id >= 4038682) AND (id <= 4038781))

explain: for inserts :: explain INSERT INTO sbtest%u (id, k, c, pad) VALUES (%u, 13, 'foobar', 'foobar')
explain: for non_index_updates :: explain UPDATE sbtest%u SET c='foobar' WHERE id=%u
for deletes
table 1 : explain DELETE FROM sbtest1 WHERE id=2637350
	Delete on sbtest1  (cost=0.43..8.45 rows=0 width=0)
	  ->  Index Scan using sbtest1_pkey on sbtest1  (cost=0.43..8.45 rows=1 width=6)
	        Index Cond: (id = 2637350)

table 2 : explain DELETE FROM sbtest2 WHERE id=9522373
	Delete on sbtest2  (cost=0.43..8.45 rows=0 width=0)
	  ->  Index Scan using sbtest2_pkey on sbtest2  (cost=0.43..8.45 rows=1 width=6)
	        Index Cond: (id = 9522373)

table 3 : explain DELETE FROM sbtest3 WHERE id=7691979
	Delete on sbtest3  (cost=0.43..8.45 rows=0 width=0)
	  ->  Index Scan using sbtest3_pkey on sbtest3  (cost=0.43..8.45 rows=1 width=6)
	        Index Cond: (id = 7691979)

table 4 : explain DELETE FROM sbtest4 WHERE id=9497210
	Delete on sbtest4  (cost=0.43..8.45 rows=0 width=0)
	  ->  Index Scan using sbtest4_pkey on sbtest4  (cost=0.43..8.45 rows=1 width=6)
	        Index Cond: (id = 9497210)

table 5 : explain DELETE FROM sbtest5 WHERE id=914307
	Delete on sbtest5  (cost=0.43..8.45 rows=0 width=0)
	  ->  Index Scan using sbtest5_pkey on sbtest5  (cost=0.43..8.45 rows=1 width=6)
	        Index Cond: (id = 914307)

table 6 : explain DELETE FROM sbtest6 WHERE id=1006565
	Delete on sbtest6  (cost=0.43..8.45 rows=0 width=0)
	  ->  Index Scan using sbtest6_pkey on sbtest6  (cost=0.43..8.45 rows=1 width=6)
	        Index Cond: (id = 1006565)

table 7 : explain DELETE FROM sbtest7 WHERE id=4159668
	Delete on sbtest7  (cost=0.43..8.45 rows=0 width=0)
	  ->  Index Scan using sbtest7_pkey on sbtest7  (cost=0.43..8.45 rows=1 width=6)
	        Index Cond: (id = 4159668)

table 8 : explain DELETE FROM sbtest8 WHERE id=8550855
	Delete on sbtest8  (cost=0.43..8.45 rows=0 width=0)
	  ->  Index Scan using sbtest8_pkey on sbtest8  (cost=0.43..8.45 rows=1 width=6)
	        Index Cond: (id = 8550855)

explain: for deletes :: explain DELETE FROM sbtest%u WHERE id=%u
for deletes
table 1 : explain DELETE FROM sbtest1 WHERE id=4301816
	Delete on sbtest1  (cost=0.43..8.45 rows=0 width=0)
	  ->  Index Scan using sbtest1_pkey on sbtest1  (cost=0.43..8.45 rows=1 width=6)
	        Index Cond: (id = 4301816)

table 2 : explain DELETE FROM sbtest2 WHERE id=2341334
	Delete on sbtest2  (cost=0.43..8.45 rows=0 width=0)
	  ->  Index Scan using sbtest2_pkey on sbtest2  (cost=0.43..8.45 rows=1 width=6)
	        Index Cond: (id = 2341334)

table 3 : explain DELETE FROM sbtest3 WHERE id=2596802
	Delete on sbtest3  (cost=0.43..8.45 rows=0 width=0)
	  ->  Index Scan using sbtest3_pkey on sbtest3  (cost=0.43..8.45 rows=1 width=6)
	        Index Cond: (id = 2596802)

table 4 : explain DELETE FROM sbtest4 WHERE id=4573495
	Delete on sbtest4  (cost=0.43..8.45 rows=0 width=0)
	  ->  Index Scan using sbtest4_pkey on sbtest4  (cost=0.43..8.45 rows=1 width=6)
	        Index Cond: (id = 4573495)

table 5 : explain DELETE FROM sbtest5 WHERE id=4902722
	Delete on sbtest5  (cost=0.43..8.45 rows=0 width=0)
	  ->  Index Scan using sbtest5_pkey on sbtest5  (cost=0.43..8.45 rows=1 width=6)
	        Index Cond: (id = 4902722)

table 6 : explain DELETE FROM sbtest6 WHERE id=592640
	Delete on sbtest6  (cost=0.43..8.45 rows=0 width=0)
	  ->  Index Scan using sbtest6_pkey on sbtest6  (cost=0.43..8.45 rows=1 width=6)
	        Index Cond: (id = 592640)

table 7 : explain DELETE FROM sbtest7 WHERE id=1369944
	Delete on sbtest7  (cost=0.43..8.45 rows=0 width=0)
	  ->  Index Scan using sbtest7_pkey on sbtest7  (cost=0.43..8.45 rows=1 width=6)
	        Index Cond: (id = 1369944)

table 8 : explain DELETE FROM sbtest8 WHERE id=5933004
	Delete on sbtest8  (cost=0.43..8.45 rows=0 width=0)
	  ->  Index Scan using sbtest8_pkey on sbtest8  (cost=0.43..8.45 rows=1 width=6)
	        Index Cond: (id = 5933004)

for: distinct_ranges
table 1 : explain SELECT DISTINCT c FROM sbtest1 WHERE id BETWEEN 4592878 AND 4592977 ORDER BY c
	Unique  (cost=353.50..353.94 rows=89 width=121)
	  ->  Sort  (cost=353.50..353.72 rows=89 width=121)
	        Sort Key: c
	        ->  Index Scan using sbtest1_pkey on sbtest1  (cost=0.43..350.62 rows=89 width=121)
	              Index Cond: ((id >= 4592878) AND (id <= 4592977))

table 2 : explain SELECT DISTINCT c FROM sbtest2 WHERE id BETWEEN 1353339 AND 1353438 ORDER BY c
	Unique  (cost=426.76..427.30 rows=108 width=121)
	  ->  Sort  (cost=426.76..427.03 rows=108 width=121)
	        Sort Key: c
	        ->  Index Scan using sbtest2_pkey on sbtest2  (cost=0.43..423.11 rows=108 width=121)
	              Index Cond: ((id >= 1353339) AND (id <= 1353438))

table 3 : explain SELECT DISTINCT c FROM sbtest3 WHERE id BETWEEN 8473720 AND 8473819 ORDER BY c
	Unique  (cost=368.87..369.34 rows=94 width=121)
	  ->  Sort  (cost=368.87..369.10 rows=94 width=121)
	        Sort Key: c
	        ->  Index Scan using sbtest3_pkey on sbtest3  (cost=0.43..365.78 rows=94 width=121)
	              Index Cond: ((id >= 8473720) AND (id <= 8473819))

table 4 : explain SELECT DISTINCT c FROM sbtest4 WHERE id BETWEEN 8780334 AND 8780433 ORDER BY c
	Unique  (cost=387.50..387.99 rows=98 width=121)
	  ->  Sort  (cost=387.50..387.74 rows=98 width=121)
	        Sort Key: c
	        ->  Index Scan using sbtest4_pkey on sbtest4  (cost=0.43..384.26 rows=98 width=121)
	              Index Cond: ((id >= 8780334) AND (id <= 8780433))

table 5 : explain SELECT DISTINCT c FROM sbtest5 WHERE id BETWEEN 8906836 AND 8906935 ORDER BY c
	Unique  (cost=404.36..404.87 rows=102 width=121)
	  ->  Sort  (cost=404.36..404.61 rows=102 width=121)
	        Sort Key: c
	        ->  Index Scan using sbtest5_pkey on sbtest5  (cost=0.43..400.96 rows=102 width=121)
	              Index Cond: ((id >= 8906836) AND (id <= 8906935))

table 6 : explain SELECT DISTINCT c FROM sbtest6 WHERE id BETWEEN 8034848 AND 8034947 ORDER BY c
	Unique  (cost=417.01..417.54 rows=106 width=121)
	  ->  Sort  (cost=417.01..417.27 rows=106 width=121)
	        Sort Key: c
	        ->  Index Scan using sbtest6_pkey on sbtest6  (cost=0.43..413.44 rows=106 width=121)
	              Index Cond: ((id >= 8034848) AND (id <= 8034947))

table 7 : explain SELECT DISTINCT c FROM sbtest7 WHERE id BETWEEN 4789365 AND 4789464 ORDER BY c
	Unique  (cost=415.45..415.98 rows=105 width=121)
	  ->  Sort  (cost=415.45..415.72 rows=105 width=121)
	        Sort Key: c
	        ->  Index Scan using sbtest7_pkey on sbtest7  (cost=0.43..411.93 rows=105 width=121)
	              Index Cond: ((id >= 4789365) AND (id <= 4789464))

table 8 : explain SELECT DISTINCT c FROM sbtest8 WHERE id BETWEEN 3276352 AND 3276451 ORDER BY c
	Unique  (cost=438.78..439.33 rows=111 width=121)
	  ->  Sort  (cost=438.78..439.05 rows=111 width=121)
	        Sort Key: c
	        ->  Index Scan using sbtest8_pkey on sbtest8  (cost=0.43..435.01 rows=111 width=121)
	              Index Cond: ((id >= 3276352) AND (id <= 3276451))

for: distinct_ranges
table 1 : explain SELECT DISTINCT c FROM sbtest1 WHERE id BETWEEN 1320323 AND 1320422 ORDER BY c
	Unique  (cost=416.37..416.90 rows=105 width=121)
	  ->  Sort  (cost=416.37..416.64 rows=105 width=121)
	        Sort Key: c
	        ->  Index Scan using sbtest1_pkey on sbtest1  (cost=0.43..412.85 rows=105 width=121)
	              Index Cond: ((id >= 1320323) AND (id <= 1320422))

table 2 : explain SELECT DISTINCT c FROM sbtest2 WHERE id BETWEEN 8374780 AND 8374879 ORDER BY c
	Unique  (cost=399.35..399.86 rows=101 width=121)
	  ->  Sort  (cost=399.35..399.61 rows=101 width=121)
	        Sort Key: c
	        ->  Index Scan using sbtest2_pkey on sbtest2  (cost=0.43..395.99 rows=101 width=121)
	              Index Cond: ((id >= 8374780) AND (id <= 8374879))

table 3 : explain SELECT DISTINCT c FROM sbtest3 WHERE id BETWEEN 5800264 AND 5800363 ORDER BY c
	Unique  (cost=372.75..373.22 rows=95 width=121)
	  ->  Sort  (cost=372.75..372.98 rows=95 width=121)
	        Sort Key: c
	        ->  Index Scan using sbtest3_pkey on sbtest3  (cost=0.43..369.63 rows=95 width=121)
	              Index Cond: ((id >= 5800264) AND (id <= 5800363))

table 4 : explain SELECT DISTINCT c FROM sbtest4 WHERE id BETWEEN 5634882 AND 5634981 ORDER BY c
	Unique  (cost=414.93..415.46 rows=105 width=121)
	  ->  Sort  (cost=414.93..415.20 rows=105 width=121)
	        Sort Key: c
	        ->  Index Scan using sbtest4_pkey on sbtest4  (cost=0.43..411.41 rows=105 width=121)
	              Index Cond: ((id >= 5634882) AND (id <= 5634981))

table 5 : explain SELECT DISTINCT c FROM sbtest5 WHERE id BETWEEN 2668762 AND 2668861 ORDER BY c
	Unique  (cost=388.62..389.11 rows=98 width=121)
	  ->  Sort  (cost=388.62..388.87 rows=98 width=121)
	        Sort Key: c
	        ->  Index Scan using sbtest5_pkey on sbtest5  (cost=0.43..385.38 rows=98 width=121)
	              Index Cond: ((id >= 2668762) AND (id <= 2668861))

table 6 : explain SELECT DISTINCT c FROM sbtest6 WHERE id BETWEEN 153366 AND 153465 ORDER BY c
	Unique  (cost=417.01..417.54 rows=106 width=121)
	  ->  Sort  (cost=417.01..417.27 rows=106 width=121)
	        Sort Key: c
	        ->  Index Scan using sbtest6_pkey on sbtest6  (cost=0.43..413.44 rows=106 width=121)
	              Index Cond: ((id >= 153366) AND (id <= 153465))

table 7 : explain SELECT DISTINCT c FROM sbtest7 WHERE id BETWEEN 4287343 AND 4287442 ORDER BY c
	Unique  (cost=376.23..376.70 rows=95 width=121)
	  ->  Sort  (cost=376.23..376.47 rows=95 width=121)
	        Sort Key: c
	        ->  Index Scan using sbtest7_pkey on sbtest7  (cost=0.43..373.11 rows=95 width=121)
	              Index Cond: ((id >= 4287343) AND (id <= 4287442))

table 8 : explain SELECT DISTINCT c FROM sbtest8 WHERE id BETWEEN 3100967 AND 3101066 ORDER BY c
	Unique  (cost=383.90..384.38 rows=97 width=121)
	  ->  Sort  (cost=383.90..384.14 rows=97 width=121)
	        Sort Key: c
	        ->  Index Scan using sbtest8_pkey on sbtest8  (cost=0.43..380.70 rows=97 width=121)
	              Index Cond: ((id >= 3100967) AND (id <= 3101066))

explain: for index_updates :: explain UPDATE sbtest%u SET k=k+1 WHERE id=%u
for inserts
table 1 : explain INSERT INTO sbtest1 (id, k, c, pad) VALUES (6815037, 13, 'foobar', 'foobar')
	Insert on sbtest1  (cost=0.00..0.01 rows=0 width=0)
	  ->  Result  (cost=0.00..0.01 rows=1 width=736)

table 2 : explain INSERT INTO sbtest2 (id, k, c, pad) VALUES (1784326, 13, 'foobar', 'foobar')
	Insert on sbtest2  (cost=0.00..0.01 rows=0 width=0)
	  ->  Result  (cost=0.00..0.01 rows=1 width=736)

table 3 : explain INSERT INTO sbtest3 (id, k, c, pad) VALUES (9745235, 13, 'foobar', 'foobar')
	Insert on sbtest3  (cost=0.00..0.01 rows=0 width=0)
	  ->  Result  (cost=0.00..0.01 rows=1 width=736)

table 4 : explain INSERT INTO sbtest4 (id, k, c, pad) VALUES (2947661, 13, 'foobar', 'foobar')
	Insert on sbtest4  (cost=0.00..0.01 rows=0 width=0)
	  ->  Result  (cost=0.00..0.01 rows=1 width=736)

table 5 : explain INSERT INTO sbtest5 (id, k, c, pad) VALUES (3815775, 13, 'foobar', 'foobar')
	Insert on sbtest5  (cost=0.00..0.01 rows=0 width=0)
	  ->  Result  (cost=0.00..0.01 rows=1 width=736)

table 6 : explain INSERT INTO sbtest6 (id, k, c, pad) VALUES (3351757, 13, 'foobar', 'foobar')
	Insert on sbtest6  (cost=0.00..0.01 rows=0 width=0)
	  ->  Result  (cost=0.00..0.01 rows=1 width=736)

table 7 : explain INSERT INTO sbtest7 (id, k, c, pad) VALUES (5690275, 13, 'foobar', 'foobar')
	Insert on sbtest7  (cost=0.00..0.01 rows=0 width=0)
	  ->  Result  (cost=0.00..0.01 rows=1 width=736)

table 8 : explain INSERT INTO sbtest8 (id, k, c, pad) VALUES (1886440, 13, 'foobar', 'foobar')
	Insert on sbtest8  (cost=0.00..0.01 rows=0 width=0)
	  ->  Result  (cost=0.00..0.01 rows=1 width=736)

for: sum_ranges
table 1 : explain SELECT SUM(k) FROM sbtest1 WHERE id BETWEEN 3707958 AND 3708057
	Aggregate  (cost=378.07..378.08 rows=1 width=8)
	  ->  Index Scan using sbtest1_pkey on sbtest1  (cost=0.43..377.83 rows=96 width=4)
	        Index Cond: ((id >= 3707958) AND (id <= 3708057))

table 2 : explain SELECT SUM(k) FROM sbtest2 WHERE id BETWEEN 5727199 AND 5727298
	Aggregate  (cost=349.69..349.70 rows=1 width=8)
	  ->  Index Scan using sbtest2_pkey on sbtest2  (cost=0.43..349.46 rows=89 width=4)
	        Index Cond: ((id >= 5727199) AND (id <= 5727298))

table 3 : explain SELECT SUM(k) FROM sbtest3 WHERE id BETWEEN 8426862 AND 8426961
	Aggregate  (cost=366.02..366.03 rows=1 width=8)
	  ->  Index Scan using sbtest3_pkey on sbtest3  (cost=0.43..365.78 rows=94 width=4)
	        Index Cond: ((id >= 8426862) AND (id <= 8426961))

table 4 : explain SELECT SUM(k) FROM sbtest4 WHERE id BETWEEN 820313 AND 820412
	Aggregate  (cost=369.00..369.01 rows=1 width=8)
	  ->  Index Scan using sbtest4_pkey on sbtest4  (cost=0.43..368.76 rows=94 width=4)
	        Index Cond: ((id >= 820313) AND (id <= 820412))

table 5 : explain SELECT SUM(k) FROM sbtest5 WHERE id BETWEEN 8353844 AND 8353943
	Aggregate  (cost=428.42..428.43 rows=1 width=8)
	  ->  Index Scan using sbtest5_pkey on sbtest5  (cost=0.43..428.15 rows=109 width=4)
	        Index Cond: ((id >= 8353844) AND (id <= 8353943))

table 6 : explain SELECT SUM(k) FROM sbtest6 WHERE id BETWEEN 5027509 AND 5027608
	Aggregate  (cost=409.85..409.86 rows=1 width=8)
	  ->  Index Scan using sbtest6_pkey on sbtest6  (cost=0.43..409.59 rows=105 width=4)
	        Index Cond: ((id >= 5027509) AND (id <= 5027608))

table 7 : explain SELECT SUM(k) FROM sbtest7 WHERE id BETWEEN 3401366 AND 3401465
	Aggregate  (cost=384.99..385.00 rows=1 width=8)
	  ->  Index Scan using sbtest7_pkey on sbtest7  (cost=0.43..384.74 rows=98 width=4)
	        Index Cond: ((id >= 3401366) AND (id <= 3401465))

table 8 : explain SELECT SUM(k) FROM sbtest8 WHERE id BETWEEN 1863982 AND 1864081
	Aggregate  (cost=392.61..392.62 rows=1 width=8)
	  ->  Index Scan using sbtest8_pkey on sbtest8  (cost=0.43..392.36 rows=100 width=4)
	        Index Cond: ((id >= 1863982) AND (id <= 1864081))

explain: for index_updates :: explain UPDATE sbtest%u SET k=k+1 WHERE id=%u
for deletes
table 1 : explain DELETE FROM sbtest1 WHERE id=5098777
	Delete on sbtest1  (cost=0.43..8.45 rows=0 width=0)
	  ->  Index Scan using sbtest1_pkey on sbtest1  (cost=0.43..8.45 rows=1 width=6)
	        Index Cond: (id = 5098777)

table 2 : explain DELETE FROM sbtest2 WHERE id=9437679
	Delete on sbtest2  (cost=0.43..8.45 rows=0 width=0)
	  ->  Index Scan using sbtest2_pkey on sbtest2  (cost=0.43..8.45 rows=1 width=6)
	        Index Cond: (id = 9437679)

table 3 : explain DELETE FROM sbtest3 WHERE id=9417983
	Delete on sbtest3  (cost=0.43..8.45 rows=0 width=0)
	  ->  Index Scan using sbtest3_pkey on sbtest3  (cost=0.43..8.45 rows=1 width=6)
	        Index Cond: (id = 9417983)

table 4 : explain DELETE FROM sbtest4 WHERE id=7893083
	Delete on sbtest4  (cost=0.43..8.45 rows=0 width=0)
	  ->  Index Scan using sbtest4_pkey on sbtest4  (cost=0.43..8.45 rows=1 width=6)
	        Index Cond: (id = 7893083)

table 5 : explain DELETE FROM sbtest5 WHERE id=4584599
	Delete on sbtest5  (cost=0.43..8.45 rows=0 width=0)
	  ->  Index Scan using sbtest5_pkey on sbtest5  (cost=0.43..8.45 rows=1 width=6)
	        Index Cond: (id = 4584599)

table 6 : explain DELETE FROM sbtest6 WHERE id=5197629
	Delete on sbtest6  (cost=0.43..8.45 rows=0 width=0)
	  ->  Index Scan using sbtest6_pkey on sbtest6  (cost=0.43..8.45 rows=1 width=6)
	        Index Cond: (id = 5197629)

table 7 : explain DELETE FROM sbtest7 WHERE id=4299301
	Delete on sbtest7  (cost=0.43..8.45 rows=0 width=0)
	  ->  Index Scan using sbtest7_pkey on sbtest7  (cost=0.43..8.45 rows=1 width=6)
	        Index Cond: (id = 4299301)

table 8 : explain DELETE FROM sbtest8 WHERE id=6179517
	Delete on sbtest8  (cost=0.43..8.45 rows=0 width=0)
	  ->  Index Scan using sbtest8_pkey on sbtest8  (cost=0.43..8.45 rows=1 width=6)
	        Index Cond: (id = 6179517)

explain: for index_updates :: explain UPDATE sbtest%u SET k=k+1 WHERE id=%u
for non_index_updates
table 1 : explain UPDATE sbtest1 SET c='foobar' WHERE id=1555153
	Update on sbtest1  (cost=0.43..8.45 rows=0 width=0)
	  ->  Index Scan using sbtest1_pkey on sbtest1  (cost=0.43..8.45 rows=1 width=490)
	        Index Cond: (id = 1555153)

table 2 : explain UPDATE sbtest2 SET c='foobar' WHERE id=2240315
	Update on sbtest2  (cost=0.43..8.45 rows=0 width=0)
	  ->  Index Scan using sbtest2_pkey on sbtest2  (cost=0.43..8.45 rows=1 width=490)
	        Index Cond: (id = 2240315)

table 3 : explain UPDATE sbtest3 SET c='foobar' WHERE id=694283
	Update on sbtest3  (cost=0.43..8.45 rows=0 width=0)
	  ->  Index Scan using sbtest3_pkey on sbtest3  (cost=0.43..8.45 rows=1 width=490)
	        Index Cond: (id = 694283)

table 4 : explain UPDATE sbtest4 SET c='foobar' WHERE id=8489731
	Update on sbtest4  (cost=0.43..8.45 rows=0 width=0)
	  ->  Index Scan using sbtest4_pkey on sbtest4  (cost=0.43..8.45 rows=1 width=490)
	        Index Cond: (id = 8489731)

table 5 : explain UPDATE sbtest5 SET c='foobar' WHERE id=3231144
	Update on sbtest5  (cost=0.43..8.45 rows=0 width=0)
	  ->  Index Scan using sbtest5_pkey on sbtest5  (cost=0.43..8.45 rows=1 width=490)
	        Index Cond: (id = 3231144)

table 6 : explain UPDATE sbtest6 SET c='foobar' WHERE id=9886874
	Update on sbtest6  (cost=0.43..8.45 rows=0 width=0)
	  ->  Index Scan using sbtest6_pkey on sbtest6  (cost=0.43..8.45 rows=1 width=490)
	        Index Cond: (id = 9886874)

table 7 : explain UPDATE sbtest7 SET c='foobar' WHERE id=3397976
	Update on sbtest7  (cost=0.43..8.45 rows=0 width=0)
	  ->  Index Scan using sbtest7_pkey on sbtest7  (cost=0.43..8.45 rows=1 width=490)
	        Index Cond: (id = 3397976)

table 8 : explain UPDATE sbtest8 SET c='foobar' WHERE id=4225291
	Update on sbtest8  (cost=0.43..8.45 rows=0 width=0)
	  ->  Index Scan using sbtest8_pkey on sbtest8  (cost=0.43..8.45 rows=1 width=490)
	        Index Cond: (id = 4225291)

explain: for inserts :: explain INSERT INTO sbtest%u (id, k, c, pad) VALUES (%u, 13, 'foobar', 'foobar')
for index_updates
table 1 : explain UPDATE sbtest1 SET k=k+1 WHERE id=522733
	Update on sbtest1  (cost=0.43..8.46 rows=0 width=0)
	  ->  Index Scan using sbtest1_pkey on sbtest1  (cost=0.43..8.46 rows=1 width=10)
	        Index Cond: (id = 522733)

table 2 : explain UPDATE sbtest2 SET k=k+1 WHERE id=6346155
	Update on sbtest2  (cost=0.43..8.46 rows=0 width=0)
	  ->  Index Scan using sbtest2_pkey on sbtest2  (cost=0.43..8.46 rows=1 width=10)
	        Index Cond: (id = 6346155)

table 3 : explain UPDATE sbtest3 SET k=k+1 WHERE id=1961698
	Update on sbtest3  (cost=0.43..8.46 rows=0 width=0)
	  ->  Index Scan using sbtest3_pkey on sbtest3  (cost=0.43..8.46 rows=1 width=10)
	        Index Cond: (id = 1961698)

table 4 : explain UPDATE sbtest4 SET k=k+1 WHERE id=9264786
	Update on sbtest4  (cost=0.43..8.46 rows=0 width=0)
	  ->  Index Scan using sbtest4_pkey on sbtest4  (cost=0.43..8.46 rows=1 width=10)
	        Index Cond: (id = 9264786)

table 5 : explain UPDATE sbtest5 SET k=k+1 WHERE id=1277492
	Update on sbtest5  (cost=0.43..8.46 rows=0 width=0)
	  ->  Index Scan using sbtest5_pkey on sbtest5  (cost=0.43..8.46 rows=1 width=10)
	        Index Cond: (id = 1277492)

table 6 : explain UPDATE sbtest6 SET k=k+1 WHERE id=7112945
	Update on sbtest6  (cost=0.43..8.46 rows=0 width=0)
	  ->  Index Scan using sbtest6_pkey on sbtest6  (cost=0.43..8.46 rows=1 width=10)
	        Index Cond: (id = 7112945)

table 7 : explain UPDATE sbtest7 SET k=k+1 WHERE id=2811785
	Update on sbtest7  (cost=0.43..8.46 rows=0 width=0)
	  ->  Index Scan using sbtest7_pkey on sbtest7  (cost=0.43..8.46 rows=1 width=10)
	        Index Cond: (id = 2811785)

table 8 : explain UPDATE sbtest8 SET k=k+1 WHERE id=5185185
	Update on sbtest8  (cost=0.43..8.46 rows=0 width=0)
	  ->  Index Scan using sbtest8_pkey on sbtest8  (cost=0.43..8.46 rows=1 width=10)
	        Index Cond: (id = 5185185)

explain: for deletes :: explain DELETE FROM sbtest%u WHERE id=%u
for: sum_ranges
table 1 : explain SELECT SUM(k) FROM sbtest1 WHERE id BETWEEN 8531181 AND 8531280
	Aggregate  (cost=413.11..413.12 rows=1 width=8)
	  ->  Index Scan using sbtest1_pkey on sbtest1  (cost=0.43..412.85 rows=105 width=4)
	        Index Cond: ((id >= 8531181) AND (id <= 8531280))

table 2 : explain SELECT SUM(k) FROM sbtest2 WHERE id BETWEEN 7498188 AND 7498287
	Aggregate  (cost=435.01..435.02 rows=1 width=8)
	  ->  Index Scan using sbtest2_pkey on sbtest2  (cost=0.43..434.73 rows=111 width=4)
	        Index Cond: ((id >= 7498188) AND (id <= 7498287))

table 3 : explain SELECT SUM(k) FROM sbtest3 WHERE id BETWEEN 2684652 AND 2684751
	Aggregate  (cost=369.86..369.87 rows=1 width=8)
	  ->  Index Scan using sbtest3_pkey on sbtest3  (cost=0.43..369.63 rows=95 width=4)
	        Index Cond: ((id >= 2684652) AND (id <= 2684751))

table 4 : explain SELECT SUM(k) FROM sbtest4 WHERE id BETWEEN 3456197 AND 3456296
	Aggregate  (cost=392.26..392.27 rows=1 width=8)
	  ->  Index Scan using sbtest4_pkey on sbtest4  (cost=0.43..392.01 rows=100 width=4)
	        Index Cond: ((id >= 3456197) AND (id <= 3456296))

table 5 : explain SELECT SUM(k) FROM sbtest5 WHERE id BETWEEN 9297005 AND 9297104
	Aggregate  (cost=393.44..393.45 rows=1 width=8)
	  ->  Index Scan using sbtest5_pkey on sbtest5  (cost=0.43..393.19 rows=100 width=4)
	        Index Cond: ((id >= 9297005) AND (id <= 9297104))

table 6 : explain SELECT SUM(k) FROM sbtest6 WHERE id BETWEEN 2917132 AND 2917231
	Aggregate  (cost=402.13..402.14 rows=1 width=8)
	  ->  Index Scan using sbtest6_pkey on sbtest6  (cost=0.43..401.87 rows=103 width=4)
	        Index Cond: ((id >= 2917132) AND (id <= 2917231))

table 7 : explain SELECT SUM(k) FROM sbtest7 WHERE id BETWEEN 9040316 AND 9040415
	Aggregate  (cost=392.79..392.80 rows=1 width=8)
	  ->  Index Scan using sbtest7_pkey on sbtest7  (cost=0.43..392.54 rows=100 width=4)
	        Index Cond: ((id >= 9040316) AND (id <= 9040415))

table 8 : explain SELECT SUM(k) FROM sbtest8 WHERE id BETWEEN 1610037 AND 1610136
	Aggregate  (cost=384.82..384.83 rows=1 width=8)
	  ->  Index Scan using sbtest8_pkey on sbtest8  (cost=0.43..384.57 rows=98 width=4)
	        Index Cond: ((id >= 1610037) AND (id <= 1610136))

explain: for inserts :: explain INSERT INTO sbtest%u (id, k, c, pad) VALUES (%u, 13, 'foobar', 'foobar')
for index_updates
table 1 : explain UPDATE sbtest1 SET k=k+1 WHERE id=6656376
	Update on sbtest1  (cost=0.43..8.46 rows=0 width=0)
	  ->  Index Scan using sbtest1_pkey on sbtest1  (cost=0.43..8.46 rows=1 width=10)
	        Index Cond: (id = 6656376)

table 2 : explain UPDATE sbtest2 SET k=k+1 WHERE id=3958244
	Update on sbtest2  (cost=0.43..8.46 rows=0 width=0)
	  ->  Index Scan using sbtest2_pkey on sbtest2  (cost=0.43..8.46 rows=1 width=10)
	        Index Cond: (id = 3958244)

table 3 : explain UPDATE sbtest3 SET k=k+1 WHERE id=5191575
	Update on sbtest3  (cost=0.43..8.46 rows=0 width=0)
	  ->  Index Scan using sbtest3_pkey on sbtest3  (cost=0.43..8.46 rows=1 width=10)
	        Index Cond: (id = 5191575)

table 4 : explain UPDATE sbtest4 SET k=k+1 WHERE id=5626283
	Update on sbtest4  (cost=0.43..8.46 rows=0 width=0)
	  ->  Index Scan using sbtest4_pkey on sbtest4  (cost=0.43..8.46 rows=1 width=10)
	        Index Cond: (id = 5626283)

table 5 : explain UPDATE sbtest5 SET k=k+1 WHERE id=9495543
	Update on sbtest5  (cost=0.43..8.46 rows=0 width=0)
	  ->  Index Scan using sbtest5_pkey on sbtest5  (cost=0.43..8.46 rows=1 width=10)
	        Index Cond: (id = 9495543)

table 6 : explain UPDATE sbtest6 SET k=k+1 WHERE id=3887499
	Update on sbtest6  (cost=0.43..8.46 rows=0 width=0)
	  ->  Index Scan using sbtest6_pkey on sbtest6  (cost=0.43..8.46 rows=1 width=10)
	        Index Cond: (id = 3887499)

table 7 : explain UPDATE sbtest7 SET k=k+1 WHERE id=4510713
	Update on sbtest7  (cost=0.43..8.46 rows=0 width=0)
	  ->  Index Scan using sbtest7_pkey on sbtest7  (cost=0.43..8.46 rows=1 width=10)
	        Index Cond: (id = 4510713)

table 8 : explain UPDATE sbtest8 SET k=k+1 WHERE id=9029697
	Update on sbtest8  (cost=0.43..8.46 rows=0 width=0)
	  ->  Index Scan using sbtest8_pkey on sbtest8  (cost=0.43..8.46 rows=1 width=10)
	        Index Cond: (id = 9029697)

for inserts
table 1 : explain INSERT INTO sbtest1 (id, k, c, pad) VALUES (6941621, 13, 'foobar', 'foobar')
	Insert on sbtest1  (cost=0.00..0.01 rows=0 width=0)
	  ->  Result  (cost=0.00..0.01 rows=1 width=736)

table 2 : explain INSERT INTO sbtest2 (id, k, c, pad) VALUES (35337, 13, 'foobar', 'foobar')
	Insert on sbtest2  (cost=0.00..0.01 rows=0 width=0)
	  ->  Result  (cost=0.00..0.01 rows=1 width=736)

table 3 : explain INSERT INTO sbtest3 (id, k, c, pad) VALUES (806000, 13, 'foobar', 'foobar')
	Insert on sbtest3  (cost=0.00..0.01 rows=0 width=0)
	  ->  Result  (cost=0.00..0.01 rows=1 width=736)

table 4 : explain INSERT INTO sbtest4 (id, k, c, pad) VALUES (4060726, 13, 'foobar', 'foobar')
	Insert on sbtest4  (cost=0.00..0.01 rows=0 width=0)
	  ->  Result  (cost=0.00..0.01 rows=1 width=736)

table 5 : explain INSERT INTO sbtest5 (id, k, c, pad) VALUES (855759, 13, 'foobar', 'foobar')
	Insert on sbtest5  (cost=0.00..0.01 rows=0 width=0)
	  ->  Result  (cost=0.00..0.01 rows=1 width=736)

table 6 : explain INSERT INTO sbtest6 (id, k, c, pad) VALUES (465962, 13, 'foobar', 'foobar')
	Insert on sbtest6  (cost=0.00..0.01 rows=0 width=0)
	  ->  Result  (cost=0.00..0.01 rows=1 width=736)

table 7 : explain INSERT INTO sbtest7 (id, k, c, pad) VALUES (3495191, 13, 'foobar', 'foobar')
	Insert on sbtest7  (cost=0.00..0.01 rows=0 width=0)
	  ->  Result  (cost=0.00..0.01 rows=1 width=736)

table 8 : explain INSERT INTO sbtest8 (id, k, c, pad) VALUES (5836500, 13, 'foobar', 'foobar')
	Insert on sbtest8  (cost=0.00..0.01 rows=0 width=0)
	  ->  Result  (cost=0.00..0.01 rows=1 width=736)

for index_updates
table 1 : explain UPDATE sbtest1 SET k=k+1 WHERE id=2110803
	Update on sbtest1  (cost=0.43..8.46 rows=0 width=0)
	  ->  Index Scan using sbtest1_pkey on sbtest1  (cost=0.43..8.46 rows=1 width=10)
	        Index Cond: (id = 2110803)

table 2 : explain UPDATE sbtest2 SET k=k+1 WHERE id=399918
	Update on sbtest2  (cost=0.43..8.46 rows=0 width=0)
	  ->  Index Scan using sbtest2_pkey on sbtest2  (cost=0.43..8.46 rows=1 width=10)
	        Index Cond: (id = 399918)

table 3 : explain UPDATE sbtest3 SET k=k+1 WHERE id=2585766
	Update on sbtest3  (cost=0.43..8.46 rows=0 width=0)
	  ->  Index Scan using sbtest3_pkey on sbtest3  (cost=0.43..8.46 rows=1 width=10)
	        Index Cond: (id = 2585766)

table 4 : explain UPDATE sbtest4 SET k=k+1 WHERE id=5911765
	Update on sbtest4  (cost=0.43..8.46 rows=0 width=0)
	  ->  Index Scan using sbtest4_pkey on sbtest4  (cost=0.43..8.46 rows=1 width=10)
	        Index Cond: (id = 5911765)

table 5 : explain UPDATE sbtest5 SET k=k+1 WHERE id=5979316
	Update on sbtest5  (cost=0.43..8.46 rows=0 width=0)
	  ->  Index Scan using sbtest5_pkey on sbtest5  (cost=0.43..8.46 rows=1 width=10)
	        Index Cond: (id = 5979316)

table 6 : explain UPDATE sbtest6 SET k=k+1 WHERE id=3950180
	Update on sbtest6  (cost=0.43..8.46 rows=0 width=0)
	  ->  Index Scan using sbtest6_pkey on sbtest6  (cost=0.43..8.46 rows=1 width=10)
	        Index Cond: (id = 3950180)

table 7 : explain UPDATE sbtest7 SET k=k+1 WHERE id=3947134
	Update on sbtest7  (cost=0.43..8.46 rows=0 width=0)
	  ->  Index Scan using sbtest7_pkey on sbtest7  (cost=0.43..8.46 rows=1 width=10)
	        Index Cond: (id = 3947134)

table 8 : explain UPDATE sbtest8 SET k=k+1 WHERE id=7343000
	Update on sbtest8  (cost=0.43..8.46 rows=0 width=0)
	  ->  Index Scan using sbtest8_pkey on sbtest8  (cost=0.43..8.46 rows=1 width=10)
	        Index Cond: (id = 7343000)

explain: for non_index_updates :: explain UPDATE sbtest%u SET c='foobar' WHERE id=%u
explain: for point_selects :: explain SELECT c FROM sbtest%u WHERE id=%u
for inserts
table 1 : explain INSERT INTO sbtest1 (id, k, c, pad) VALUES (9359069, 13, 'foobar', 'foobar')
	Insert on sbtest1  (cost=0.00..0.01 rows=0 width=0)
	  ->  Result  (cost=0.00..0.01 rows=1 width=736)

table 2 : explain INSERT INTO sbtest2 (id, k, c, pad) VALUES (2501181, 13, 'foobar', 'foobar')
	Insert on sbtest2  (cost=0.00..0.01 rows=0 width=0)
	  ->  Result  (cost=0.00..0.01 rows=1 width=736)

table 3 : explain INSERT INTO sbtest3 (id, k, c, pad) VALUES (8231971, 13, 'foobar', 'foobar')
	Insert on sbtest3  (cost=0.00..0.01 rows=0 width=0)
	  ->  Result  (cost=0.00..0.01 rows=1 width=736)

table 4 : explain INSERT INTO sbtest4 (id, k, c, pad) VALUES (5726736, 13, 'foobar', 'foobar')
	Insert on sbtest4  (cost=0.00..0.01 rows=0 width=0)
	  ->  Result  (cost=0.00..0.01 rows=1 width=736)

table 5 : explain INSERT INTO sbtest5 (id, k, c, pad) VALUES (5232166, 13, 'foobar', 'foobar')
	Insert on sbtest5  (cost=0.00..0.01 rows=0 width=0)
	  ->  Result  (cost=0.00..0.01 rows=1 width=736)

table 6 : explain INSERT INTO sbtest6 (id, k, c, pad) VALUES (1803709, 13, 'foobar', 'foobar')
	Insert on sbtest6  (cost=0.00..0.01 rows=0 width=0)
	  ->  Result  (cost=0.00..0.01 rows=1 width=736)

table 7 : explain INSERT INTO sbtest7 (id, k, c, pad) VALUES (8483728, 13, 'foobar', 'foobar')
	Insert on sbtest7  (cost=0.00..0.01 rows=0 width=0)
	  ->  Result  (cost=0.00..0.01 rows=1 width=736)

table 8 : explain INSERT INTO sbtest8 (id, k, c, pad) VALUES (5777328, 13, 'foobar', 'foobar')
	Insert on sbtest8  (cost=0.00..0.01 rows=0 width=0)
	  ->  Result  (cost=0.00..0.01 rows=1 width=736)

explain: for non_index_updates :: explain UPDATE sbtest%u SET c='foobar' WHERE id=%u
explain: for point_selects :: explain SELECT c FROM sbtest%u WHERE id=%u
explain: for non_index_updates :: explain UPDATE sbtest%u SET c='foobar' WHERE id=%ufor deletes
table 1 : explain DELETE FROM sbtest1 WHERE id=3824999
	Delete on sbtest1  (cost=0.43..8.45 rows=0 width=0)
	  ->  Index Scan using sbtest1_pkey on sbtest1  (cost=0.43..8.45 rows=1 width=6)
	        Index Cond: (id = 3824999)

table 2 : explain DELETE FROM sbtest2 WHERE id=8443376
	Delete on sbtest2  (cost=0.43..8.45 rows=0 width=0)
	  ->  Index Scan using sbtest2_pkey on sbtest2  (cost=0.43..8.45 rows=1 width=6)
	        Index Cond: (id = 8443376)

table 3 : explain DELETE FROM sbtest3 WHERE id=3739234
	Delete on sbtest3  (cost=0.43..8.45 rows=0 width=0)
	  ->  Index Scan using sbtest3_pkey on sbtest3  (cost=0.43..8.45 rows=1 width=6)
	        Index Cond: (id = 3739234)

table 4 : explain DELETE FROM sbtest4 WHERE id=510053
	Delete on sbtest4  (cost=0.43..8.45 rows=0 width=0)
	  ->  Index Scan using sbtest4_pkey on sbtest4  (cost=0.43..8.45 rows=1 width=6)
	        Index Cond: (id = 510053)

table 5 : explain DELETE FROM sbtest5 WHERE id=3858986
	Delete on sbtest5  (cost=0.43..8.45 rows=0 width=0)
	  ->  Index Scan using sbtest5_pkey on sbtest5  (cost=0.43..8.45 rows=1 width=6)
	        Index Cond: (id = 3858986)

table 6 : explain DELETE FROM sbtest6 WHERE id=8642030
	Delete on sbtest6  (cost=0.43..8.45 rows=0 width=0)
	  ->  Index Scan using sbtest6_pkey on sbtest6  (cost=0.43..8.45 rows=1 width=6)
	        Index Cond: (id = 8642030)

table 7 : explain DELETE FROM sbtest7 WHERE id=9593122
	Delete on sbtest7  (cost=0.43..8.45 rows=0 width=0)
	  ->  Index Scan using sbtest7_pkey on sbtest7  (cost=0.43..8.45 rows=1 width=6)
	        Index Cond: (id = 9593122)

table 8 : explain DELETE FROM sbtest8 WHERE id=9461129
	Delete on sbtest8  (cost=0.43..8.45 rows=0 width=0)
	  ->  Index Scan using sbtest8_pkey on sbtest8  (cost=0.43..8.45 rows=1 width=6)
	        Index Cond: (id = 9461129)


for non_index_updates
table 1 : explain UPDATE sbtest1 SET c='foobar' WHERE id=6939467
	Update on sbtest1  (cost=0.43..8.45 rows=0 width=0)
	  ->  Index Scan using sbtest1_pkey on sbtest1  (cost=0.43..8.45 rows=1 width=490)
	        Index Cond: (id = 6939467)

table 2 : explain UPDATE sbtest2 SET c='foobar' WHERE id=2380906
	Update on sbtest2  (cost=0.43..8.45 rows=0 width=0)
	  ->  Index Scan using sbtest2_pkey on sbtest2  (cost=0.43..8.45 rows=1 width=490)
	        Index Cond: (id = 2380906)

table 3 : explain UPDATE sbtest3 SET c='foobar' WHERE id=9408762
	Update on sbtest3  (cost=0.43..8.45 rows=0 width=0)
	  ->  Index Scan using sbtest3_pkey on sbtest3  (cost=0.43..8.45 rows=1 width=490)
	        Index Cond: (id = 9408762)

table 4 : explain UPDATE sbtest4 SET c='foobar' WHERE id=2420206
	Update on sbtest4  (cost=0.43..8.45 rows=0 width=0)
	  ->  Index Scan using sbtest4_pkey on sbtest4  (cost=0.43..8.45 rows=1 width=490)
	        Index Cond: (id = 2420206)

table 5 : explain UPDATE sbtest5 SET c='foobar' WHERE id=4468480
	Update on sbtest5  (cost=0.43..8.45 rows=0 width=0)
	  ->  Index Scan using sbtest5_pkey on sbtest5  (cost=0.43..8.45 rows=1 width=490)
	        Index Cond: (id = 4468480)

table 6 : explain UPDATE sbtest6 SET c='foobar' WHERE id=7794439
	Update on sbtest6  (cost=0.43..8.45 rows=0 width=0)
	  ->  Index Scan using sbtest6_pkey on sbtest6  (cost=0.43..8.45 rows=1 width=490)
	        Index Cond: (id = 7794439)

table 7 : explain UPDATE sbtest7 SET c='foobar' WHERE id=1946630
	Update on sbtest7  (cost=0.43..8.45 rows=0 width=0)
	  ->  Index Scan using sbtest7_pkey on sbtest7  (cost=0.43..8.45 rows=1 width=490)
	        Index Cond: (id = 1946630)

table 8 : explain UPDATE sbtest8 SET c='foobar' WHERE id=355296
	Update on sbtest8  (cost=0.43..8.45 rows=0 width=0)
	  ->  Index Scan using sbtest8_pkey on sbtest8  (cost=0.43..8.45 rows=1 width=490)
	        Index Cond: (id = 355296)

for non_index_updates
table 1 : explain UPDATE sbtest1 SET c='foobar' WHERE id=3243028
	Update on sbtest1  (cost=0.43..8.45 rows=0 width=0)
	  ->  Index Scan using sbtest1_pkey on sbtest1  (cost=0.43..8.45 rows=1 width=490)
	        Index Cond: (id = 3243028)

table 2 : explain UPDATE sbtest2 SET c='foobar' WHERE id=5885355
	Update on sbtest2  (cost=0.43..8.45 rows=0 width=0)
	  ->  Index Scan using sbtest2_pkey on sbtest2  (cost=0.43..8.45 rows=1 width=490)
	        Index Cond: (id = 5885355)

table 3 : explain UPDATE sbtest3 SET c='foobar' WHERE id=5209541
	Update on sbtest3  (cost=0.43..8.45 rows=0 width=0)
	  ->  Index Scan using sbtest3_pkey on sbtest3  (cost=0.43..8.45 rows=1 width=490)
	        Index Cond: (id = 5209541)

table 4 : explain UPDATE sbtest4 SET c='foobar' WHERE id=6502405
	Update on sbtest4  (cost=0.43..8.45 rows=0 width=0)
	  ->  Index Scan using sbtest4_pkey on sbtest4  (cost=0.43..8.45 rows=1 width=490)
	        Index Cond: (id = 6502405)

table 5 : explain UPDATE sbtest5 SET c='foobar' WHERE id=91725
	Update on sbtest5  (cost=0.43..8.45 rows=0 width=0)
	  ->  Index Scan using sbtest5_pkey on sbtest5  (cost=0.43..8.45 rows=1 width=490)
	        Index Cond: (id = 91725)

table 6 : explain UPDATE sbtest6 SET c='foobar' WHERE id=6610626
	Update on sbtest6  (cost=0.43..8.45 rows=0 width=0)
	  ->  Index Scan using sbtest6_pkey on sbtest6  (cost=0.43..8.45 rows=1 width=490)
	        Index Cond: (id = 6610626)

table 7 : explain UPDATE sbtest7 SET c='foobar' WHERE id=624131
	Update on sbtest7  (cost=0.43..8.45 rows=0 width=0)
	  ->  Index Scan using sbtest7_pkey on sbtest7  (cost=0.43..8.45 rows=1 width=490)
	        Index Cond: (id = 624131)

table 8 : explain UPDATE sbtest8 SET c='foobar' WHERE id=9940846
	Update on sbtest8  (cost=0.43..8.45 rows=0 width=0)
	  ->  Index Scan using sbtest8_pkey on sbtest8  (cost=0.43..8.45 rows=1 width=490)
	        Index Cond: (id = 9940846)

explain: for inserts :: explain INSERT INTO sbtest%u (id, k, c, pad) VALUES (%u, 13, 'foobar', 'foobar')
explain: for deletes :: explain DELETE FROM sbtest%u WHERE id=%u
for non_index_updates
table 1 : explain UPDATE sbtest1 SET c='foobar' WHERE id=8445140
	Update on sbtest1  (cost=0.43..8.45 rows=0 width=0)
	  ->  Index Scan using sbtest1_pkey on sbtest1  (cost=0.43..8.45 rows=1 width=490)
	        Index Cond: (id = 8445140)

table 2 : explain UPDATE sbtest2 SET c='foobar' WHERE id=6074944
	Update on sbtest2  (cost=0.43..8.45 rows=0 width=0)
	  ->  Index Scan using sbtest2_pkey on sbtest2  (cost=0.43..8.45 rows=1 width=490)
	        Index Cond: (id = 6074944)

table 3 : explain UPDATE sbtest3 SET c='foobar' WHERE id=2300625
	Update on sbtest3  (cost=0.43..8.45 rows=0 width=0)
	  ->  Index Scan using sbtest3_pkey on sbtest3  (cost=0.43..8.45 rows=1 width=490)
	        Index Cond: (id = 2300625)

table 4 : explain UPDATE sbtest4 SET c='foobar' WHERE id=6351486
	Update on sbtest4  (cost=0.43..8.45 rows=0 width=0)
	  ->  Index Scan using sbtest4_pkey on sbtest4  (cost=0.43..8.45 rows=1 width=490)
	        Index Cond: (id = 6351486)

table 5 : explain UPDATE sbtest5 SET c='foobar' WHERE id=1456887
	Update on sbtest5  (cost=0.43..8.45 rows=0 width=0)
	  ->  Index Scan using sbtest5_pkey on sbtest5  (cost=0.43..8.45 rows=1 width=490)
	        Index Cond: (id = 1456887)

table 6 : explain UPDATE sbtest6 SET c='foobar' WHERE id=9962464
	Update on sbtest6  (cost=0.43..8.45 rows=0 width=0)
	  ->  Index Scan using sbtest6_pkey on sbtest6  (cost=0.43..8.45 rows=1 width=490)
	        Index Cond: (id = 9962464)

table 7 : explain UPDATE sbtest7 SET c='foobar' WHERE id=9007299
	Update on sbtest7  (cost=0.43..8.45 rows=0 width=0)
	  ->  Index Scan using sbtest7_pkey on sbtest7  (cost=0.43..8.45 rows=1 width=490)
	        Index Cond: (id = 9007299)

table 8 : explain UPDATE sbtest8 SET c='foobar' WHERE id=7629388
	Update on sbtest8  (cost=0.43..8.45 rows=0 width=0)
	  ->  Index Scan using sbtest8_pkey on sbtest8  (cost=0.43..8.45 rows=1 width=490)
	        Index Cond: (id = 7629388)

explain: for deletes :: explain DELETE FROM sbtest%u WHERE id=%u
explain: for inserts :: explain INSERT INTO sbtest%u (id, k, c, pad) VALUES (%u, 13, 'foobar', 'foobar')
explain: for deletes :: explain DELETE FROM sbtest%u WHERE id=%u
for: order_ranges
table 1 : explain SELECT c FROM sbtest1 WHERE id BETWEEN 3343929 AND 3344028 ORDER BY c
	Sort  (cost=400.66..400.91 rows=101 width=121)
	  Sort Key: c
	  ->  Index Scan using sbtest1_pkey on sbtest1  (cost=0.43..397.30 rows=101 width=121)
	        Index Cond: ((id >= 3343929) AND (id <= 3344028))

table 2 : explain SELECT c FROM sbtest2 WHERE id BETWEEN 7522103 AND 7522202 ORDER BY c
	Sort  (cost=438.51..438.78 rows=111 width=121)
	  Sort Key: c
	  ->  Index Scan using sbtest2_pkey on sbtest2  (cost=0.43..434.73 rows=111 width=121)
	        Index Cond: ((id >= 7522103) AND (id <= 7522202))

table 3 : explain SELECT c FROM sbtest3 WHERE id BETWEEN 9309793 AND 9309892 ORDER BY c
	Sort  (cost=357.22..357.45 rows=91 width=121)
	  Sort Key: c
	  ->  Index Scan using sbtest3_pkey on sbtest3  (cost=0.43..354.26 rows=91 width=121)
	        Index Cond: ((id >= 9309793) AND (id <= 9309892))

table 4 : explain SELECT c FROM sbtest4 WHERE id BETWEEN 1426508 AND 1426607 ORDER BY c
	Sort  (cost=407.11..407.36 rows=103 width=121)
	  Sort Key: c
	  ->  Index Scan using sbtest4_pkey on sbtest4  (cost=0.43..403.66 rows=103 width=121)
	        Index Cond: ((id >= 1426508) AND (id <= 1426607))

table 5 : explain SELECT c FROM sbtest5 WHERE id BETWEEN 6797021 AND 6797120 ORDER BY c
	Sort  (cost=431.84..432.11 rows=109 width=121)
	  Sort Key: c
	  ->  Index Scan using sbtest5_pkey on sbtest5  (cost=0.43..428.15 rows=109 width=121)
	        Index Cond: ((id >= 6797021) AND (id <= 6797120))

table 6 : explain SELECT c FROM sbtest6 WHERE id BETWEEN 4618204 AND 4618303 ORDER BY c
	Sort  (cost=420.90..421.17 rows=107 width=121)
	  Sort Key: c
	  ->  Index Scan using sbtest6_pkey on sbtest6  (cost=0.43..417.30 rows=107 width=121)
	        Index Cond: ((id >= 4618204) AND (id <= 4618303))

table 7 : explain SELECT c FROM sbtest7 WHERE id BETWEEN 81958 AND 82057 ORDER BY c
	Sort  (cost=431.13..431.40 rows=109 width=121)
	  Sort Key: c
	  ->  Index Scan using sbtest7_pkey on sbtest7  (cost=0.43..427.44 rows=109 width=121)
	        Index Cond: ((id >= 81958) AND (id <= 82057))

table 8 : explain SELECT c FROM sbtest8 WHERE id BETWEEN 9960770 AND 9960869 ORDER BY c
	Sort  (cost=411.35..411.61 rows=104 width=121)
	  Sort Key: c
	  ->  Index Scan using sbtest8_pkey on sbtest8  (cost=0.43..407.87 rows=104 width=121)
	        Index Cond: ((id >= 9960770) AND (id <= 9960869))

for deletes
table 1 : explain DELETE FROM sbtest1 WHERE id=9008405
	Delete on sbtest1  (cost=0.43..8.45 rows=0 width=0)
	  ->  Index Scan using sbtest1_pkey on sbtest1  (cost=0.43..8.45 rows=1 width=6)
	        Index Cond: (id = 9008405)

table 2 : explain DELETE FROM sbtest2 WHERE id=6944064
	Delete on sbtest2  (cost=0.43..8.45 rows=0 width=0)
	  ->  Index Scan using sbtest2_pkey on sbtest2  (cost=0.43..8.45 rows=1 width=6)
	        Index Cond: (id = 6944064)

table 3 : explain DELETE FROM sbtest3 WHERE id=6864932
	Delete on sbtest3  (cost=0.43..8.45 rows=0 width=0)
	  ->  Index Scan using sbtest3_pkey on sbtest3  (cost=0.43..8.45 rows=1 width=6)
	        Index Cond: (id = 6864932)

table 4 : explain DELETE FROM sbtest4 WHERE id=387622
	Delete on sbtest4  (cost=0.43..8.45 rows=0 width=0)
	  ->  Index Scan using sbtest4_pkey on sbtest4  (cost=0.43..8.45 rows=1 width=6)
	        Index Cond: (id = 387622)

table 5 : explain DELETE FROM sbtest5 WHERE id=3808151
	Delete on sbtest5  (cost=0.43..8.45 rows=0 width=0)
	  ->  Index Scan using sbtest5_pkey on sbtest5  (cost=0.43..8.45 rows=1 width=6)
	        Index Cond: (id = 3808151)

table 6 : explain DELETE FROM sbtest6 WHERE id=5551799
	Delete on sbtest6  (cost=0.43..8.45 rows=0 width=0)
	  ->  Index Scan using sbtest6_pkey on sbtest6  (cost=0.43..8.45 rows=1 width=6)
	        Index Cond: (id = 5551799)

table 7 : explain DELETE FROM sbtest7 WHERE id=5231528
	Delete on sbtest7  (cost=0.43..8.45 rows=0 width=0)
	  ->  Index Scan using sbtest7_pkey on sbtest7  (cost=0.43..8.45 rows=1 width=6)
	        Index Cond: (id = 5231528)

table 8 : explain DELETE FROM sbtest8 WHERE id=3564035
	Delete on sbtest8  (cost=0.43..8.45 rows=0 width=0)
	  ->  Index Scan using sbtest8_pkey on sbtest8  (cost=0.43..8.45 rows=1 width=6)
	        Index Cond: (id = 3564035)

explain: for inserts :: explain INSERT INTO sbtest%u (id, k, c, pad) VALUES (%u, 13, 'foobar', 'foobar')
for deletes
table 1 : explain DELETE FROM sbtest1 WHERE id=9693942
	Delete on sbtest1  (cost=0.43..8.45 rows=0 width=0)
	  ->  Index Scan using sbtest1_pkey on sbtest1  (cost=0.43..8.45 rows=1 width=6)
	        Index Cond: (id = 9693942)

table 2 : explain DELETE FROM sbtest2 WHERE id=9177522
	Delete on sbtest2  (cost=0.43..8.45 rows=0 width=0)
	  ->  Index Scan using sbtest2_pkey on sbtest2  (cost=0.43..8.45 rows=1 width=6)
	        Index Cond: (id = 9177522)

table 3 : explain DELETE FROM sbtest3 WHERE id=3709782
	Delete on sbtest3  (cost=0.43..8.45 rows=0 width=0)
	  ->  Index Scan using sbtest3_pkey on sbtest3  (cost=0.43..8.45 rows=1 width=6)
	        Index Cond: (id = 3709782)

table 4 : explain DELETE FROM sbtest4 WHERE id=3103516
	Delete on sbtest4  (cost=0.43..8.45 rows=0 width=0)
	  ->  Index Scan using sbtest4_pkey on sbtest4  (cost=0.43..8.45 rows=1 width=6)
	        Index Cond: (id = 3103516)

table 5 : explain DELETE FROM sbtest5 WHERE id=6225113
	Delete on sbtest5  (cost=0.43..8.45 rows=0 width=0)
	  ->  Index Scan using sbtest5_pkey on sbtest5  (cost=0.43..8.45 rows=1 width=6)
	        Index Cond: (id = 6225113)

table 6 : explain DELETE FROM sbtest6 WHERE id=5689439
	Delete on sbtest6  (cost=0.43..8.45 rows=0 width=0)
	  ->  Index Scan using sbtest6_pkey on sbtest6  (cost=0.43..8.45 rows=1 width=6)
	        Index Cond: (id = 5689439)

table 7 : explain DELETE FROM sbtest7 WHERE id=3084950
	Delete on sbtest7  (cost=0.43..8.45 rows=0 width=0)
	  ->  Index Scan using sbtest7_pkey on sbtest7  (cost=0.43..8.45 rows=1 width=6)
	        Index Cond: (id = 3084950)

table 8 : explain DELETE FROM sbtest8 WHERE id=4282045
	Delete on sbtest8  (cost=0.43..8.45 rows=0 width=0)
	  ->  Index Scan using sbtest8_pkey on sbtest8  (cost=0.43..8.45 rows=1 width=6)
	        Index Cond: (id = 4282045)

for deletes
table 1 : explain DELETE FROM sbtest1 WHERE id=3056615
	Delete on sbtest1  (cost=0.43..8.45 rows=0 width=0)
	  ->  Index Scan using sbtest1_pkey on sbtest1  (cost=0.43..8.45 rows=1 width=6)
	        Index Cond: (id = 3056615)

table 2 : explain DELETE FROM sbtest2 WHERE id=7065032
	Delete on sbtest2  (cost=0.43..8.45 rows=0 width=0)
	  ->  Index Scan using sbtest2_pkey on sbtest2  (cost=0.43..8.45 rows=1 width=6)
	        Index Cond: (id = 7065032)

table 3 : explain DELETE FROM sbtest3 WHERE id=886279
	Delete on sbtest3  (cost=0.43..8.45 rows=0 width=0)
	  ->  Index Scan using sbtest3_pkey on sbtest3  (cost=0.43..8.45 rows=1 width=6)
	        Index Cond: (id = 886279)

table 4 : explain DELETE FROM sbtest4 WHERE id=3558997
	Delete on sbtest4  (cost=0.43..8.45 rows=0 width=0)
	  ->  Index Scan using sbtest4_pkey on sbtest4  (cost=0.43..8.45 rows=1 width=6)
	        Index Cond: (id = 3558997)

table 5 : explain DELETE FROM sbtest5 WHERE id=3468835
	Delete on sbtest5  (cost=0.43..8.45 rows=0 width=0)
	  ->  Index Scan using sbtest5_pkey on sbtest5  (cost=0.43..8.45 rows=1 width=6)
	        Index Cond: (id = 3468835)

table 6 : explain DELETE FROM sbtest6 WHERE id=3462095
	Delete on sbtest6  (cost=0.43..8.45 rows=0 width=0)
	  ->  Index Scan using sbtest6_pkey on sbtest6  (cost=0.43..8.45 rows=1 width=6)
	        Index Cond: (id = 3462095)

table 7 : explain DELETE FROM sbtest7 WHERE id=3297420
	Delete on sbtest7  (cost=0.43..8.45 rows=0 width=0)
	  ->  Index Scan using sbtest7_pkey on sbtest7  (cost=0.43..8.45 rows=1 width=6)
	        Index Cond: (id = 3297420)

table 8 : explain DELETE FROM sbtest8 WHERE id=3789582
	Delete on sbtest8  (cost=0.43..8.45 rows=0 width=0)
	  ->  Index Scan using sbtest8_pkey on sbtest8  (cost=0.43..8.45 rows=1 width=6)
	        Index Cond: (id = 3789582)

for inserts
table 1 : explain INSERT INTO sbtest1 (id, k, c, pad) VALUES (7354078, 13, 'foobar', 'foobar')
	Insert on sbtest1  (cost=0.00..0.01 rows=0 width=0)
	  ->  Result  (cost=0.00..0.01 rows=1 width=736)

table 2 : explain INSERT INTO sbtest2 (id, k, c, pad) VALUES (3554631, 13, 'foobar', 'foobar')
	Insert on sbtest2  (cost=0.00..0.01 rows=0 width=0)
	  ->  Result  (cost=0.00..0.01 rows=1 width=736)

table 3 : explain INSERT INTO sbtest3 (id, k, c, pad) VALUES (1195581, 13, 'foobar', 'foobar')
	Insert on sbtest3  (cost=0.00..0.01 rows=0 width=0)
	  ->  Result  (cost=0.00..0.01 rows=1 width=736)

table 4 : explain INSERT INTO sbtest4 (id, k, c, pad) VALUES (2913760, 13, 'foobar', 'foobar')
	Insert on sbtest4  (cost=0.00..0.01 rows=0 width=0)
	  ->  Result  (cost=0.00..0.01 rows=1 width=736)

table 5 : explain INSERT INTO sbtest5 (id, k, c, pad) VALUES (8135248, 13, 'foobar', 'foobar')
	Insert on sbtest5  (cost=0.00..0.01 rows=0 width=0)
	  ->  Result  (cost=0.00..0.01 rows=1 width=736)

table 6 : explain INSERT INTO sbtest6 (id, k, c, pad) VALUES (4286366, 13, 'foobar', 'foobar')
	Insert on sbtest6  (cost=0.00..0.01 rows=0 width=0)
	  ->  Result  (cost=0.00..0.01 rows=1 width=736)

table 7 : explain INSERT INTO sbtest7 (id, k, c, pad) VALUES (7617276, 13, 'foobar', 'foobar')
	Insert on sbtest7  (cost=0.00..0.01 rows=0 width=0)
	  ->  Result  (cost=0.00..0.01 rows=1 width=736)

table 8 : explain INSERT INTO sbtest8 (id, k, c, pad) VALUES (1125546, 13, 'foobar', 'foobar')
	Insert on sbtest8  (cost=0.00..0.01 rows=0 width=0)
	  ->  Result  (cost=0.00..0.01 rows=1 width=736)

explain: for inserts :: explain INSERT INTO sbtest%u (id, k, c, pad) VALUES (%u, 13, 'foobar', 'foobar')
for inserts
table 1 : explain INSERT INTO sbtest1 (id, k, c, pad) VALUES (9513039, 13, 'foobar', 'foobar')
	Insert on sbtest1  (cost=0.00..0.01 rows=0 width=0)
	  ->  Result  (cost=0.00..0.01 rows=1 width=736)

table 2 : explain INSERT INTO sbtest2 (id, k, c, pad) VALUES (3060444, 13, 'foobar', 'foobar')
	Insert on sbtest2  (cost=0.00..0.01 rows=0 width=0)
	  ->  Result  (cost=0.00..0.01 rows=1 width=736)

table 3 : explain INSERT INTO sbtest3 (id, k, c, pad) VALUES (7105002, 13, 'foobar', 'foobar')
	Insert on sbtest3  (cost=0.00..0.01 rows=0 width=0)
	  ->  Result  (cost=0.00..0.01 rows=1 width=736)

table 4 : explain INSERT INTO sbtest4 (id, k, c, pad) VALUES (4016096, 13, 'foobar', 'foobar')
	Insert on sbtest4  (cost=0.00..0.01 rows=0 width=0)
	  ->  Result  (cost=0.00..0.01 rows=1 width=736)

table 5 : explain INSERT INTO sbtest5 (id, k, c, pad) VALUES (6088665, 13, 'foobar', 'foobar')
	Insert on sbtest5  (cost=0.00..0.01 rows=0 width=0)
	  ->  Result  (cost=0.00..0.01 rows=1 width=736)

table 6 : explain INSERT INTO sbtest6 (id, k, c, pad) VALUES (612267, 13, 'foobar', 'foobar')
	Insert on sbtest6  (cost=0.00..0.01 rows=0 width=0)
	  ->  Result  (cost=0.00..0.01 rows=1 width=736)

table 7 : explain INSERT INTO sbtest7 (id, k, c, pad) VALUES (3166087, 13, 'foobar', 'foobar')
	Insert on sbtest7  (cost=0.00..0.01 rows=0 width=0)
	  ->  Result  (cost=0.00..0.01 rows=1 width=736)

table 8 : explain INSERT INTO sbtest8 (id, k, c, pad) VALUES (4113764, 13, 'foobar', 'foobar')
	Insert on sbtest8  (cost=0.00..0.01 rows=0 width=0)
	  ->  Result  (cost=0.00..0.01 rows=1 width=736)

for inserts
table 1 : explain INSERT INTO sbtest1 (id, k, c, pad) VALUES (6383734, 13, 'foobar', 'foobar')
	Insert on sbtest1  (cost=0.00..0.01 rows=0 width=0)
	  ->  Result  (cost=0.00..0.01 rows=1 width=736)

table 2 : explain INSERT INTO sbtest2 (id, k, c, pad) VALUES (677105, 13, 'foobar', 'foobar')
	Insert on sbtest2  (cost=0.00..0.01 rows=0 width=0)
	  ->  Result  (cost=0.00..0.01 rows=1 width=736)

table 3 : explain INSERT INTO sbtest3 (id, k, c, pad) VALUES (7361227, 13, 'foobar', 'foobar')
	Insert on sbtest3  (cost=0.00..0.01 rows=0 width=0)
	  ->  Result  (cost=0.00..0.01 rows=1 width=736)

table 4 : explain INSERT INTO sbtest4 (id, k, c, pad) VALUES (6678267, 13, 'foobar', 'foobar')
	Insert on sbtest4  (cost=0.00..0.01 rows=0 width=0)
	  ->  Result  (cost=0.00..0.01 rows=1 width=736)

table 5 : explain INSERT INTO sbtest5 (id, k, c, pad) VALUES (6283554, 13, 'foobar', 'foobar')
	Insert on sbtest5  (cost=0.00..0.01 rows=0 width=0)
	  ->  Result  (cost=0.00..0.01 rows=1 width=736)

table 6 : explain INSERT INTO sbtest6 (id, k, c, pad) VALUES (2010223, 13, 'foobar', 'foobar')
	Insert on sbtest6  (cost=0.00..0.01 rows=0 width=0)
	  ->  Result  (cost=0.00..0.01 rows=1 width=736)

table 7 : explain INSERT INTO sbtest7 (id, k, c, pad) VALUES (7292512, 13, 'foobar', 'foobar')
	Insert on sbtest7  (cost=0.00..0.01 rows=0 width=0)
	  ->  Result  (cost=0.00..0.01 rows=1 width=736)

table 8 : explain INSERT INTO sbtest8 (id, k, c, pad) VALUES (4739452, 13, 'foobar', 'foobar')
	Insert on sbtest8  (cost=0.00..0.01 rows=0 width=0)
	  ->  Result  (cost=0.00..0.01 rows=1 width=736)

for: order_ranges
table 1 : explain SELECT c FROM sbtest1 WHERE id BETWEEN 737434 AND 737533 ORDER BY c
	Sort  (cost=416.37..416.64 rows=105 width=121)
	  Sort Key: c
	  ->  Index Scan using sbtest1_pkey on sbtest1  (cost=0.43..412.85 rows=105 width=121)
	        Index Cond: ((id >= 737434) AND (id <= 737533))

table 2 : explain SELECT c FROM sbtest2 WHERE id BETWEEN 7170174 AND 7170273 ORDER BY c
	Sort  (cost=403.27..403.52 rows=102 width=121)
	  Sort Key: c
	  ->  Index Scan using sbtest2_pkey on sbtest2  (cost=0.43..399.87 rows=102 width=121)
	        Index Cond: ((id >= 7170174) AND (id <= 7170273))

table 3 : explain SELECT c FROM sbtest3 WHERE id BETWEEN 9214654 AND 9214753 ORDER BY c
	Sort  (cost=396.08..396.33 rows=101 width=121)
	  Sort Key: c
	  ->  Index Scan using sbtest3_pkey on sbtest3  (cost=0.43..392.72 rows=101 width=121)
	        Index Cond: ((id >= 9214654) AND (id <= 9214753))

table 4 : explain SELECT c FROM sbtest4 WHERE id BETWEEN 1892955 AND 1893054 ORDER BY c
	Sort  (cost=422.76..423.03 rows=107 width=121)
	  Sort Key: c
	  ->  Index Scan using sbtest4_pkey on sbtest4  (cost=0.43..419.16 rows=107 width=121)
	        Index Cond: ((id >= 1892955) AND (id <= 1893054))

table 5 : explain SELECT c FROM sbtest5 WHERE id BETWEEN 9880417 AND 9880516 ORDER BY c
	Sort  (cost=431.84..432.11 rows=109 width=121)
	  Sort Key: c
	  ->  Index Scan using sbtest5_pkey on sbtest5  (cost=0.43..428.15 rows=109 width=121)
	        Index Cond: ((id >= 9880417) AND (id <= 9880516))

table 6 : explain SELECT c FROM sbtest6 WHERE id BETWEEN 7196053 AND 7196152 ORDER BY c
	Sort  (cost=385.80..386.04 rows=98 width=121)
	  Sort Key: c
	  ->  Index Scan using sbtest6_pkey on sbtest6  (cost=0.43..382.55 rows=98 width=121)
	        Index Cond: ((id >= 7196053) AND (id <= 7196152))

table 7 : explain SELECT c FROM sbtest7 WHERE id BETWEEN 4651580 AND 4651679 ORDER BY c
	Sort  (cost=376.23..376.47 rows=95 width=121)
	  Sort Key: c
	  ->  Index Scan using sbtest7_pkey on sbtest7  (cost=0.43..373.11 rows=95 width=121)
	        Index Cond: ((id >= 4651580) AND (id <= 4651679))

table 8 : explain SELECT c FROM sbtest8 WHERE id BETWEEN 8298426 AND 8298525 ORDER BY c
	Sort  (cost=407.44..407.69 rows=103 width=121)
	  Sort Key: c
	  ->  Index Scan using sbtest8_pkey on sbtest8  (cost=0.43..403.99 rows=103 width=121)
	        Index Cond: ((id >= 8298426) AND (id <= 8298525))

explain: for inserts :: explain INSERT INTO sbtest%u (id, k, c, pad) VALUES (%u, 13, 'foobar', 'foobar')
explain: for inserts :: explain INSERT INTO sbtest%u (id, k, c, pad) VALUES (%u, 13, 'foobar', 'foobar')
for point_selects
table 1 : explain SELECT c FROM sbtest1 WHERE id=2762102
	Index Scan using sbtest1_pkey on sbtest1  (cost=0.43..8.45 rows=1 width=121)
	  Index Cond: (id = 2762102)

table 2 : explain SELECT c FROM sbtest2 WHERE id=3443505
	Index Scan using sbtest2_pkey on sbtest2  (cost=0.43..8.45 rows=1 width=121)
	  Index Cond: (id = 3443505)

table 3 : explain SELECT c FROM sbtest3 WHERE id=4591692
	Index Scan using sbtest3_pkey on sbtest3  (cost=0.43..8.45 rows=1 width=121)
	  Index Cond: (id = 4591692)

table 4 : explain SELECT c FROM sbtest4 WHERE id=3021866
	Index Scan using sbtest4_pkey on sbtest4  (cost=0.43..8.45 rows=1 width=121)
	  Index Cond: (id = 3021866)

table 5 : explain SELECT c FROM sbtest5 WHERE id=8069831
	Index Scan using sbtest5_pkey on sbtest5  (cost=0.43..8.45 rows=1 width=121)
	  Index Cond: (id = 8069831)

table 6 : explain SELECT c FROM sbtest6 WHERE id=1893799
	Index Scan using sbtest6_pkey on sbtest6  (cost=0.43..8.45 rows=1 width=121)
	  Index Cond: (id = 1893799)

table 7 : explain SELECT c FROM sbtest7 WHERE id=9391713
	Index Scan using sbtest7_pkey on sbtest7  (cost=0.43..8.45 rows=1 width=121)
	  Index Cond: (id = 9391713)

table 8 : explain SELECT c FROM sbtest8 WHERE id=9697197
	Index Scan using sbtest8_pkey on sbtest8  (cost=0.43..8.45 rows=1 width=121)
	  Index Cond: (id = 9697197)

for point_selects
table 1 : explain SELECT c FROM sbtest1 WHERE id=1362521
	Index Scan using sbtest1_pkey on sbtest1  (cost=0.43..8.45 rows=1 width=121)
	  Index Cond: (id = 1362521)

table 2 : explain SELECT c FROM sbtest2 WHERE id=1952204
	Index Scan using sbtest2_pkey on sbtest2  (cost=0.43..8.45 rows=1 width=121)
	  Index Cond: (id = 1952204)

table 3 : explain SELECT c FROM sbtest3 WHERE id=1618426
	Index Scan using sbtest3_pkey on sbtest3  (cost=0.43..8.45 rows=1 width=121)
	  Index Cond: (id = 1618426)

table 4 : explain SELECT c FROM sbtest4 WHERE id=4371510
	Index Scan using sbtest4_pkey on sbtest4  (cost=0.43..8.45 rows=1 width=121)
	  Index Cond: (id = 4371510)

table 5 : explain SELECT c FROM sbtest5 WHERE id=3855704
	Index Scan using sbtest5_pkey on sbtest5  (cost=0.43..8.45 rows=1 width=121)
	  Index Cond: (id = 3855704)

table 6 : explain SELECT c FROM sbtest6 WHERE id=4637064
	Index Scan using sbtest6_pkey on sbtest6  (cost=0.43..8.45 rows=1 width=121)
	  Index Cond: (id = 4637064)

table 7 : explain SELECT c FROM sbtest7 WHERE id=8912036
	Index Scan using sbtest7_pkey on sbtest7  (cost=0.43..8.45 rows=1 width=121)
	  Index Cond: (id = 8912036)

table 8 : explain SELECT c FROM sbtest8 WHERE id=7673538
	Index Scan using sbtest8_pkey on sbtest8  (cost=0.43..8.45 rows=1 width=121)
	  Index Cond: (id = 7673538)

for inserts
table 1 : explain INSERT INTO sbtest1 (id, k, c, pad) VALUES (9016330, 13, 'foobar', 'foobar')
	Insert on sbtest1  (cost=0.00..0.01 rows=0 width=0)
	  ->  Result  (cost=0.00..0.01 rows=1 width=736)

table 2 : explain INSERT INTO sbtest2 (id, k, c, pad) VALUES (4146023, 13, 'foobar', 'foobar')
	Insert on sbtest2  (cost=0.00..0.01 rows=0 width=0)
	  ->  Result  (cost=0.00..0.01 rows=1 width=736)

table 3 : explain INSERT INTO sbtest3 (id, k, c, pad) VALUES (3687662, 13, 'foobar', 'foobar')
	Insert on sbtest3  (cost=0.00..0.01 rows=0 width=0)
	  ->  Result  (cost=0.00..0.01 rows=1 width=736)

table 4 : explain INSERT INTO sbtest4 (id, k, c, pad) VALUES (7192349, 13, 'foobar', 'foobar')
	Insert on sbtest4  (cost=0.00..0.01 rows=0 width=0)
	  ->  Result  (cost=0.00..0.01 rows=1 width=736)

table 5 : explain INSERT INTO sbtest5 (id, k, c, pad) VALUES (9410574, 13, 'foobar', 'foobar')
	Insert on sbtest5  (cost=0.00..0.01 rows=0 width=0)
	  ->  Result  (cost=0.00..0.01 rows=1 width=736)

table 6 : explain INSERT INTO sbtest6 (id, k, c, pad) VALUES (8347408, 13, 'foobar', 'foobar')
	Insert on sbtest6  (cost=0.00..0.01 rows=0 width=0)
	  ->  Result  (cost=0.00..0.01 rows=1 width=736)

table 7 : explain INSERT INTO sbtest7 (id, k, c, pad) VALUES (339188, 13, 'foobar', 'foobar')
	Insert on sbtest7  (cost=0.00..0.01 rows=0 width=0)
	  ->  Result  (cost=0.00..0.01 rows=1 width=736)

table 8 : explain INSERT INTO sbtest8 (id, k, c, pad) VALUES (9403280, 13, 'foobar', 'foobar')
	Insert on sbtest8  (cost=0.00..0.01 rows=0 width=0)
	  ->  Result  (cost=0.00..0.01 rows=1 width=736)

for inserts
table 1 : explain INSERT INTO sbtest1 (id, k, c, pad) VALUES (6053202, 13, 'foobar', 'foobar')
	Insert on sbtest1  (cost=0.00..0.01 rows=0 width=0)
	  ->  Result  (cost=0.00..0.01 rows=1 width=736)

table 2 : explain INSERT INTO sbtest2 (id, k, c, pad) VALUES (748378, 13, 'foobar', 'foobar')
	Insert on sbtest2  (cost=0.00..0.01 rows=0 width=0)
	  ->  Result  (cost=0.00..0.01 rows=1 width=736)

table 3 : explain INSERT INTO sbtest3 (id, k, c, pad) VALUES (8054087, 13, 'foobar', 'foobar')
	Insert on sbtest3  (cost=0.00..0.01 rows=0 width=0)
	  ->  Result  (cost=0.00..0.01 rows=1 width=736)

table 4 : explain INSERT INTO sbtest4 (id, k, c, pad) VALUES (6870822, 13, 'foobar', 'foobar')
	Insert on sbtest4  (cost=0.00..0.01 rows=0 width=0)
	  ->  Result  (cost=0.00..0.01 rows=1 width=736)

table 5 : explain INSERT INTO sbtest5 (id, k, c, pad) VALUES (9278887, 13, 'foobar', 'foobar')
	Insert on sbtest5  (cost=0.00..0.01 rows=0 width=0)
	  ->  Result  (cost=0.00..0.01 rows=1 width=736)

table 6 : explain INSERT INTO sbtest6 (id, k, c, pad) VALUES (1316715, 13, 'foobar', 'foobar')
	Insert on sbtest6  (cost=0.00..0.01 rows=0 width=0)
	  ->  Result  (cost=0.00..0.01 rows=1 width=736)

table 7 : explain INSERT INTO sbtest7 (id, k, c, pad) VALUES (6719547, 13, 'foobar', 'foobar')
	Insert on sbtest7  (cost=0.00..0.01 rows=0 width=0)
	  ->  Result  (cost=0.00..0.01 rows=1 width=736)

table 8 : explain INSERT INTO sbtest8 (id, k, c, pad) VALUES (4388665, 13, 'foobar', 'foobar')
	Insert on sbtest8  (cost=0.00..0.01 rows=0 width=0)
	  ->  Result  (cost=0.00..0.01 rows=1 width=736)

for inserts
table 1 : explain INSERT INTO sbtest1 (id, k, c, pad) VALUES (5945842, 13, 'foobar', 'foobar')
	Insert on sbtest1  (cost=0.00..0.01 rows=0 width=0)
	  ->  Result  (cost=0.00..0.01 rows=1 width=736)

table 2 : explain INSERT INTO sbtest2 (id, k, c, pad) VALUES (4216760, 13, 'foobar', 'foobar')
	Insert on sbtest2  (cost=0.00..0.01 rows=0 width=0)
	  ->  Result  (cost=0.00..0.01 rows=1 width=736)

table 3 : explain INSERT INTO sbtest3 (id, k, c, pad) VALUES (4177354, 13, 'foobar', 'foobar')
	Insert on sbtest3  (cost=0.00..0.01 rows=0 width=0)
	  ->  Result  (cost=0.00..0.01 rows=1 width=736)

table 4 : explain INSERT INTO sbtest4 (id, k, c, pad) VALUES (1345070, 13, 'foobar', 'foobar')
	Insert on sbtest4  (cost=0.00..0.01 rows=0 width=0)
	  ->  Result  (cost=0.00..0.01 rows=1 width=736)

table 5 : explain INSERT INTO sbtest5 (id, k, c, pad) VALUES (9528258, 13, 'foobar', 'foobar')
	Insert on sbtest5  (cost=0.00..0.01 rows=0 width=0)
	  ->  Result  (cost=0.00..0.01 rows=1 width=736)

table 6 : explain INSERT INTO sbtest6 (id, k, c, pad) VALUES (6813783, 13, 'foobar', 'foobar')
	Insert on sbtest6  (cost=0.00..0.01 rows=0 width=0)
	  ->  Result  (cost=0.00..0.01 rows=1 width=736)

table 7 : explain INSERT INTO sbtest7 (id, k, c, pad) VALUES (4951552, 13, 'foobar', 'foobar')
	Insert on sbtest7  (cost=0.00..0.01 rows=0 width=0)
	  ->  Result  (cost=0.00..0.01 rows=1 width=736)

table 8 : explain INSERT INTO sbtest8 (id, k, c, pad) VALUES (3252958, 13, 'foobar', 'foobar')
	Insert on sbtest8  (cost=0.00..0.01 rows=0 width=0)
	  ->  Result  (cost=0.00..0.01 rows=1 width=736)

for index_updates
table 1 : explain UPDATE sbtest1 SET k=k+1 WHERE id=9242071
	Update on sbtest1  (cost=0.43..8.46 rows=0 width=0)
	  ->  Index Scan using sbtest1_pkey on sbtest1  (cost=0.43..8.46 rows=1 width=10)
	        Index Cond: (id = 9242071)

table 2 : explain UPDATE sbtest2 SET k=k+1 WHERE id=1405506
	Update on sbtest2  (cost=0.43..8.46 rows=0 width=0)
	  ->  Index Scan using sbtest2_pkey on sbtest2  (cost=0.43..8.46 rows=1 width=10)
	        Index Cond: (id = 1405506)

table 3 : explain UPDATE sbtest3 SET k=k+1 WHERE id=3935184
	Update on sbtest3  (cost=0.43..8.46 rows=0 width=0)
	  ->  Index Scan using sbtest3_pkey on sbtest3  (cost=0.43..8.46 rows=1 width=10)
	        Index Cond: (id = 3935184)

table 4 : explain UPDATE sbtest4 SET k=k+1 WHERE id=6423050
	Update on sbtest4  (cost=0.43..8.46 rows=0 width=0)
	  ->  Index Scan using sbtest4_pkey on sbtest4  (cost=0.43..8.46 rows=1 width=10)
	        Index Cond: (id = 6423050)

table 5 : explain UPDATE sbtest5 SET k=k+1 WHERE id=9646315
	Update on sbtest5  (cost=0.43..8.46 rows=0 width=0)
	  ->  Index Scan using sbtest5_pkey on sbtest5  (cost=0.43..8.46 rows=1 width=10)
	        Index Cond: (id = 9646315)

table 6 : explain UPDATE sbtest6 SET k=k+1 WHERE id=7366692
	Update on sbtest6  (cost=0.43..8.46 rows=0 width=0)
	  ->  Index Scan using sbtest6_pkey on sbtest6  (cost=0.43..8.46 rows=1 width=10)
	        Index Cond: (id = 7366692)

table 7 : explain UPDATE sbtest7 SET k=k+1 WHERE id=3932487
	Update on sbtest7  (cost=0.43..8.46 rows=0 width=0)
	  ->  Index Scan using sbtest7_pkey on sbtest7  (cost=0.43..8.46 rows=1 width=10)
	        Index Cond: (id = 3932487)

table 8 : explain UPDATE sbtest8 SET k=k+1 WHERE id=6546145
	Update on sbtest8  (cost=0.43..8.46 rows=0 width=0)
	  ->  Index Scan using sbtest8_pkey on sbtest8  (cost=0.43..8.46 rows=1 width=10)
	        Index Cond: (id = 6546145)

for: simple_ranges
table 1 : explain SELECT c FROM sbtest1 WHERE id BETWEEN 6819952 AND 6820051
	Index Scan using sbtest1_pkey on sbtest1  (cost=0.43..366.17 rows=93 width=121)
	  Index Cond: ((id >= 6819952) AND (id <= 6820051))

table 2 : explain SELECT c FROM sbtest2 WHERE id BETWEEN 554090 AND 554189
	Index Scan using sbtest2_pkey on sbtest2  (cost=0.43..376.58 rows=96 width=121)
	  Index Cond: ((id >= 554090) AND (id <= 554189))

table 3 : explain SELECT c FROM sbtest3 WHERE id BETWEEN 1624530 AND 1624629
	Index Scan using sbtest3_pkey on sbtest3  (cost=0.43..381.15 rows=98 width=121)
	  Index Cond: ((id >= 1624530) AND (id <= 1624629))

table 4 : explain SELECT c FROM sbtest4 WHERE id BETWEEN 5002177 AND 5002276
	Index Scan using sbtest4_pkey on sbtest4  (cost=0.43..395.92 rows=101 width=121)
	  Index Cond: ((id >= 5002177) AND (id <= 5002276))

table 5 : explain SELECT c FROM sbtest5 WHERE id BETWEEN 3238627 AND 3238726
	Index Scan using sbtest5_pkey on sbtest5  (cost=0.43..373.73 rows=95 width=121)
	  Index Cond: ((id >= 3238627) AND (id <= 3238726))

table 6 : explain SELECT c FROM sbtest6 WHERE id BETWEEN 1058780 AND 1058879
	Index Scan using sbtest6_pkey on sbtest6  (cost=0.43..386.41 rows=99 width=121)
	  Index Cond: ((id >= 1058780) AND (id <= 1058879))

table 7 : explain SELECT c FROM sbtest7 WHERE id BETWEEN 7465013 AND 7465112
	Index Scan using sbtest7_pkey on sbtest7  (cost=0.43..349.84 rows=89 width=121)
	  Index Cond: ((id >= 7465013) AND (id <= 7465112))

table 8 : explain SELECT c FROM sbtest8 WHERE id BETWEEN 1998814 AND 1998913
	Index Scan using sbtest8_pkey on sbtest8  (cost=0.43..396.24 rows=101 width=121)
	  Index Cond: ((id >= 1998814) AND (id <= 1998913))

for: distinct_ranges
table 1 : explain SELECT DISTINCT c FROM sbtest1 WHERE id BETWEEN 9239572 AND 9239671 ORDER BY c
	Unique  (cost=412.45..412.97 rows=104 width=121)
	  ->  Sort  (cost=412.45..412.71 rows=104 width=121)
	        Sort Key: c
	        ->  Index Scan using sbtest1_pkey on sbtest1  (cost=0.43..408.96 rows=104 width=121)
	              Index Cond: ((id >= 9239572) AND (id <= 9239671))

table 2 : explain SELECT DISTINCT c FROM sbtest2 WHERE id BETWEEN 2051650 AND 2051749 ORDER BY c
	Unique  (cost=395.40..395.90 rows=100 width=121)
	  ->  Sort  (cost=395.40..395.65 rows=100 width=121)
	        Sort Key: c
	        ->  Index Scan using sbtest2_pkey on sbtest2  (cost=0.43..392.08 rows=100 width=121)
	              Index Cond: ((id >= 2051650) AND (id <= 2051749))

table 3 : explain SELECT DISTINCT c FROM sbtest3 WHERE id BETWEEN 9925323 AND 9925422 ORDER BY c
	Unique  (cost=403.84..404.36 rows=103 width=121)
	  ->  Sort  (cost=403.84..404.10 rows=103 width=121)
	        Sort Key: c
	        ->  Index Scan using sbtest3_pkey on sbtest3  (cost=0.43..400.40 rows=103 width=121)
	              Index Cond: ((id >= 9925323) AND (id <= 9925422))

table 4 : explain SELECT DISTINCT c FROM sbtest4 WHERE id BETWEEN 7665571 AND 7665670 ORDER BY c
	Unique  (cost=395.33..395.83 rows=100 width=121)
	  ->  Sort  (cost=395.33..395.58 rows=100 width=121)
	        Sort Key: c
	        ->  Index Scan using sbtest4_pkey on sbtest4  (cost=0.43..392.01 rows=100 width=121)
	              Index Cond: ((id >= 7665571) AND (id <= 7665670))

table 5 : explain SELECT DISTINCT c FROM sbtest5 WHERE id BETWEEN 8611066 AND 8611165 ORDER BY c
	Unique  (cost=404.36..404.87 rows=102 width=121)
	  ->  Sort  (cost=404.36..404.61 rows=102 width=121)
	        Sort Key: c
	        ->  Index Scan using sbtest5_pkey on sbtest5  (cost=0.43..400.96 rows=102 width=121)
	              Index Cond: ((id >= 8611066) AND (id <= 8611165))

table 6 : explain SELECT DISTINCT c FROM sbtest6 WHERE id BETWEEN 7482693 AND 7482792 ORDER BY c
	Unique  (cost=378.00..378.48 rows=96 width=121)
	  ->  Sort  (cost=378.00..378.24 rows=96 width=121)
	        Sort Key: c
	        ->  Index Scan using sbtest6_pkey on sbtest6  (cost=0.43..374.84 rows=96 width=121)
	              Index Cond: ((id >= 7482693) AND (id <= 7482792))

table 7 : explain SELECT DISTINCT c FROM sbtest7 WHERE id BETWEEN 1321801 AND 1321900 ORDER BY c
	Unique  (cost=395.86..396.36 rows=100 width=121)
	  ->  Sort  (cost=395.86..396.11 rows=100 width=121)
	        Sort Key: c
	        ->  Index Scan using sbtest7_pkey on sbtest7  (cost=0.43..392.54 rows=100 width=121)
	              Index Cond: ((id >= 1321801) AND (id <= 1321900))

table 8 : explain SELECT DISTINCT c FROM sbtest8 WHERE id BETWEEN 1013041 AND 1013140 ORDER BY c
	Unique  (cost=387.81..388.30 rows=98 width=121)
	  ->  Sort  (cost=387.81..388.06 rows=98 width=121)
	        Sort Key: c
	        ->  Index Scan using sbtest8_pkey on sbtest8  (cost=0.43..384.57 rows=98 width=121)
	              Index Cond: ((id >= 1013041) AND (id <= 1013140))

for: simple_ranges
table 1 : explain SELECT c FROM sbtest1 WHERE id BETWEEN 1586625 AND 1586724
	Index Scan using sbtest1_pkey on sbtest1  (cost=0.43..405.07 rows=103 width=121)
	  Index Cond: ((id >= 1586625) AND (id <= 1586724))

table 2 : explain SELECT c FROM sbtest2 WHERE id BETWEEN 5357816 AND 5357915
	Index Scan using sbtest2_pkey on sbtest2  (cost=0.43..411.49 rows=105 width=121)
	  Index Cond: ((id >= 5357816) AND (id <= 5357915))

table 3 : explain SELECT c FROM sbtest3 WHERE id BETWEEN 9161957 AND 9162056
	Index Scan using sbtest3_pkey on sbtest3  (cost=0.43..427.29 rows=110 width=121)
	  Index Cond: ((id >= 9161957) AND (id <= 9162056))

table 4 : explain SELECT c FROM sbtest4 WHERE id BETWEEN 2502389 AND 2502488
	Index Scan using sbtest4_pkey on sbtest4  (cost=0.43..368.76 rows=94 width=121)
	  Index Cond: ((id >= 2502389) AND (id <= 2502488))

table 5 : explain SELECT c FROM sbtest5 WHERE id BETWEEN 9857482 AND 9857581
	Index Scan using sbtest5_pkey on sbtest5  (cost=0.43..428.15 rows=109 width=121)
	  Index Cond: ((id >= 9857482) AND (id <= 9857581))

table 6 : explain SELECT c FROM sbtest6 WHERE id BETWEEN 9973075 AND 9973174
	Index Scan using sbtest6_pkey on sbtest6  (cost=0.43..398.02 rows=102 width=121)
	  Index Cond: ((id >= 9973075) AND (id <= 9973174))

table 7 : explain SELECT c FROM sbtest7 WHERE id BETWEEN 2111227 AND 2111326
	Index Scan using sbtest7_pkey on sbtest7  (cost=0.43..411.93 rows=105 width=121)
	  Index Cond: ((id >= 2111227) AND (id <= 2111326))

table 8 : explain SELECT c FROM sbtest8 WHERE id BETWEEN 3340825 AND 3340924
	Index Scan using sbtest8_pkey on sbtest8  (cost=0.43..372.94 rows=95 width=121)
	  Index Cond: ((id >= 3340825) AND (id <= 3340924))

explain: for non_index_updates :: explain UPDATE sbtest%u SET c='foobar' WHERE id=%u
for non_index_updates
table 1 : explain UPDATE sbtest1 SET c='foobar' WHERE id=9268406
	Update on sbtest1  (cost=0.43..8.45 rows=0 width=0)
	  ->  Index Scan using sbtest1_pkey on sbtest1  (cost=0.43..8.45 rows=1 width=490)
	        Index Cond: (id = 9268406)

table 2 : explain UPDATE sbtest2 SET c='foobar' WHERE id=2672559
	Update on sbtest2  (cost=0.43..8.45 rows=0 width=0)
	  ->  Index Scan using sbtest2_pkey on sbtest2  (cost=0.43..8.45 rows=1 width=490)
	        Index Cond: (id = 2672559)

table 3 : explain UPDATE sbtest3 SET c='foobar' WHERE id=8935176
	Update on sbtest3  (cost=0.43..8.45 rows=0 width=0)
	  ->  Index Scan using sbtest3_pkey on sbtest3  (cost=0.43..8.45 rows=1 width=490)
	        Index Cond: (id = 8935176)

table 4 : explain UPDATE sbtest4 SET c='foobar' WHERE id=8288677
	Update on sbtest4  (cost=0.43..8.45 rows=0 width=0)
	  ->  Index Scan using sbtest4_pkey on sbtest4  (cost=0.43..8.45 rows=1 width=490)
	        Index Cond: (id = 8288677)

table 5 : explain UPDATE sbtest5 SET c='foobar' WHERE id=7087707
	Update on sbtest5  (cost=0.43..8.45 rows=0 width=0)
	  ->  Index Scan using sbtest5_pkey on sbtest5  (cost=0.43..8.45 rows=1 width=490)
	        Index Cond: (id = 7087707)

table 6 : explain UPDATE sbtest6 SET c='foobar' WHERE id=3952025
	Update on sbtest6  (cost=0.43..8.45 rows=0 width=0)
	  ->  Index Scan using sbtest6_pkey on sbtest6  (cost=0.43..8.45 rows=1 width=490)
	        Index Cond: (id = 3952025)

table 7 : explain UPDATE sbtest7 SET c='foobar' WHERE id=2877306
	Update on sbtest7  (cost=0.43..8.45 rows=0 width=0)
	  ->  Index Scan using sbtest7_pkey on sbtest7  (cost=0.43..8.45 rows=1 width=490)
	        Index Cond: (id = 2877306)

table 8 : explain UPDATE sbtest8 SET c='foobar' WHERE id=4643566
	Update on sbtest8  (cost=0.43..8.45 rows=0 width=0)
	  ->  Index Scan using sbtest8_pkey on sbtest8  (cost=0.43..8.45 rows=1 width=490)
	        Index Cond: (id = 4643566)

explain: for index_updates :: explain UPDATE sbtest%u SET k=k+1 WHERE id=%u
explain: for deletes :: explain DELETE FROM sbtest%u WHERE id=%u
for: distinct_ranges
table 1 : explain SELECT DISTINCT c FROM sbtest1 WHERE id BETWEEN 9726777 AND 9726876 ORDER BY c
	Unique  (cost=380.99..381.47 rows=96 width=121)
	  ->  Sort  (cost=380.99..381.23 rows=96 width=121)
	        Sort Key: c
	        ->  Index Scan using sbtest1_pkey on sbtest1  (cost=0.43..377.83 rows=96 width=121)
	              Index Cond: ((id >= 9726777) AND (id <= 9726876))

table 2 : explain SELECT DISTINCT c FROM sbtest2 WHERE id BETWEEN 3535148 AND 3535247 ORDER BY c
	Unique  (cost=411.10..411.62 rows=104 width=121)
	  ->  Sort  (cost=411.10..411.36 rows=104 width=121)
	        Sort Key: c
	        ->  Index Scan using sbtest2_pkey on sbtest2  (cost=0.43..407.61 rows=104 width=121)
	              Index Cond: ((id >= 3535148) AND (id <= 3535247))

table 3 : explain SELECT DISTINCT c FROM sbtest3 WHERE id BETWEEN 3485087 AND 3485186 ORDER BY c
	Unique  (cost=384.39..384.88 rows=98 width=121)
	  ->  Sort  (cost=384.39..384.64 rows=98 width=121)
	        Sort Key: c
	        ->  Index Scan using sbtest3_pkey on sbtest3  (cost=0.43..381.15 rows=98 width=121)
	              Index Cond: ((id >= 3485087) AND (id <= 3485186))

table 4 : explain SELECT DISTINCT c FROM sbtest4 WHERE id BETWEEN 6074590 AND 6074689 ORDER BY c
	Unique  (cost=395.33..395.83 rows=100 width=121)
	  ->  Sort  (cost=395.33..395.58 rows=100 width=121)
	        Sort Key: c
	        ->  Index Scan using sbtest4_pkey on sbtest4  (cost=0.43..392.01 rows=100 width=121)
	              Index Cond: ((id >= 6074590) AND (id <= 6074689))

table 5 : explain SELECT DISTINCT c FROM sbtest5 WHERE id BETWEEN 8099548 AND 8099647 ORDER BY c
	Unique  (cost=376.85..377.32 rows=95 width=121)
	  ->  Sort  (cost=376.85..377.08 rows=95 width=121)
	        Sort Key: c
	        ->  Index Scan using sbtest5_pkey on sbtest5  (cost=0.43..373.73 rows=95 width=121)
	              Index Cond: ((id >= 8099548) AND (id <= 8099647))

table 6 : explain SELECT DISTINCT c FROM sbtest6 WHERE id BETWEEN 989251 AND 989350 ORDER BY c
	Unique  (cost=389.69..390.19 rows=99 width=121)
	  ->  Sort  (cost=389.69..389.94 rows=99 width=121)
	        Sort Key: c
	        ->  Index Scan using sbtest6_pkey on sbtest6  (cost=0.43..386.41 rows=99 width=121)
	              Index Cond: ((id >= 989251) AND (id <= 989350))

table 7 : explain SELECT DISTINCT c FROM sbtest7 WHERE id BETWEEN 7523708 AND 7523807 ORDER BY c
	Unique  (cost=387.98..388.47 rows=98 width=121)
	  ->  Sort  (cost=387.98..388.23 rows=98 width=121)
	        Sort Key: c
	        ->  Index Scan using sbtest7_pkey on sbtest7  (cost=0.43..384.74 rows=98 width=121)
	              Index Cond: ((id >= 7523708) AND (id <= 7523807))

table 8 : explain SELECT DISTINCT c FROM sbtest8 WHERE id BETWEEN 2183456 AND 2183555 ORDER BY c
	Unique  (cost=379.98..380.46 rows=96 width=121)
	  ->  Sort  (cost=379.98..380.22 rows=96 width=121)
	        Sort Key: c
	        ->  Index Scan using sbtest8_pkey on sbtest8  (cost=0.43..376.82 rows=96 width=121)
	              Index Cond: ((id >= 2183456) AND (id <= 2183555))

for: sum_ranges
table 1 : explain SELECT SUM(k) FROM sbtest1 WHERE id BETWEEN 4642968 AND 4643067
	Aggregate  (cost=405.33..405.34 rows=1 width=8)
	  ->  Index Scan using sbtest1_pkey on sbtest1  (cost=0.43..405.07 rows=103 width=4)
	        Index Cond: ((id >= 4642968) AND (id <= 4643067))

table 2 : explain SELECT SUM(k) FROM sbtest2 WHERE id BETWEEN 6051552 AND 6051651
	Aggregate  (cost=423.38..423.39 rows=1 width=8)
	  ->  Index Scan using sbtest2_pkey on sbtest2  (cost=0.43..423.11 rows=108 width=4)
	        Index Cond: ((id >= 6051552) AND (id <= 6051651))

table 3 : explain SELECT SUM(k) FROM sbtest3 WHERE id BETWEEN 3808198 AND 3808297
	Aggregate  (cost=373.71..373.72 rows=1 width=8)
	  ->  Index Scan using sbtest3_pkey on sbtest3  (cost=0.43..373.47 rows=96 width=4)
	        Index Cond: ((id >= 3808198) AND (id <= 3808297))

table 4 : explain SELECT SUM(k) FROM sbtest4 WHERE id BETWEEN 667538 AND 667637
	Aggregate  (cost=388.38..388.39 rows=1 width=8)
	  ->  Index Scan using sbtest4_pkey on sbtest4  (cost=0.43..388.13 rows=99 width=4)
	        Index Cond: ((id >= 667538) AND (id <= 667637))

table 5 : explain SELECT SUM(k) FROM sbtest5 WHERE id BETWEEN 2019233 AND 2019332
	Aggregate  (cost=381.74..381.75 rows=1 width=8)
	  ->  Index Scan using sbtest5_pkey on sbtest5  (cost=0.43..381.50 rows=97 width=4)
	        Index Cond: ((id >= 2019233) AND (id <= 2019332))

table 6 : explain SELECT SUM(k) FROM sbtest6 WHERE id BETWEEN 9552357 AND 9552456
	Aggregate  (cost=429.14..429.15 rows=1 width=8)
	  ->  Index Scan using sbtest6_pkey on sbtest6  (cost=0.43..428.87 rows=110 width=4)
	        Index Cond: ((id >= 9552357) AND (id <= 9552456))

table 7 : explain SELECT SUM(k) FROM sbtest7 WHERE id BETWEEN 8860288 AND 8860387
	Aggregate  (cost=353.94..353.95 rows=1 width=8)
	  ->  Index Scan using sbtest7_pkey on sbtest7  (cost=0.43..353.72 rows=90 width=4)
	        Index Cond: ((id >= 8860288) AND (id <= 8860387))

table 8 : explain SELECT SUM(k) FROM sbtest8 WHERE id BETWEEN 7143458 AND 7143557
	Aggregate  (cost=408.13..408.14 rows=1 width=8)
	  ->  Index Scan using sbtest8_pkey on sbtest8  (cost=0.43..407.87 rows=104 width=4)
	        Index Cond: ((id >= 7143458) AND (id <= 7143557))

for: sum_ranges
table 1 : explain SELECT SUM(k) FROM sbtest1 WHERE id BETWEEN 8829690 AND 8829789
	Aggregate  (cost=401.44..401.45 rows=1 width=8)
	  ->  Index Scan using sbtest1_pkey on sbtest1  (cost=0.43..401.19 rows=102 width=4)
	        Index Cond: ((id >= 8829690) AND (id <= 8829789))

table 2 : explain SELECT SUM(k) FROM sbtest2 WHERE id BETWEEN 9499843 AND 9499942
	Aggregate  (cost=353.56..353.57 rows=1 width=8)
	  ->  Index Scan using sbtest2_pkey on sbtest2  (cost=0.43..353.34 rows=90 width=4)
	        Index Cond: ((id >= 9499843) AND (id <= 9499942))

table 3 : explain SELECT SUM(k) FROM sbtest3 WHERE id BETWEEN 4780351 AND 4780450
	Aggregate  (cost=427.56..427.57 rows=1 width=8)
	  ->  Index Scan using sbtest3_pkey on sbtest3  (cost=0.43..427.29 rows=110 width=4)
	        Index Cond: ((id >= 4780351) AND (id <= 4780450))

table 4 : explain SELECT SUM(k) FROM sbtest4 WHERE id BETWEEN 3295051 AND 3295150
	Aggregate  (cost=376.75..376.76 rows=1 width=8)
	  ->  Index Scan using sbtest4_pkey on sbtest4  (cost=0.43..376.51 rows=96 width=4)
	        Index Cond: ((id >= 3295051) AND (id <= 3295150))

table 5 : explain SELECT SUM(k) FROM sbtest5 WHERE id BETWEEN 299785 AND 299884
	Aggregate  (cost=373.96..373.97 rows=1 width=8)
	  ->  Index Scan using sbtest5_pkey on sbtest5  (cost=0.43..373.73 rows=95 width=4)
	        Index Cond: ((id >= 299785) AND (id <= 299884))

table 6 : explain SELECT SUM(k) FROM sbtest6 WHERE id BETWEEN 6664354 AND 6664453
	Aggregate  (cost=344.22..344.23 rows=1 width=8)
	  ->  Index Scan using sbtest6_pkey on sbtest6  (cost=0.43..344.00 rows=88 width=4)
	        Index Cond: ((id >= 6664354) AND (id <= 6664453))

table 7 : explain SELECT SUM(k) FROM sbtest7 WHERE id BETWEEN 3953363 AND 3953462
	Aggregate  (cost=361.70..361.71 rows=1 width=8)
	  ->  Index Scan using sbtest7_pkey on sbtest7  (cost=0.43..361.47 rows=92 width=4)
	        Index Cond: ((id >= 3953363) AND (id <= 3953462))

table 8 : explain SELECT SUM(k) FROM sbtest8 WHERE id BETWEEN 3835057 AND 3835156
	Aggregate  (cost=361.54..361.55 rows=1 width=8)
	  ->  Index Scan using sbtest8_pkey on sbtest8  (cost=0.43..361.31 rows=92 width=4)
	        Index Cond: ((id >= 3835057) AND (id <= 3835156))

for deletes
table 1 : explain DELETE FROM sbtest1 WHERE id=7891324
	Delete on sbtest1  (cost=0.43..8.45 rows=0 width=0)
	  ->  Index Scan using sbtest1_pkey on sbtest1  (cost=0.43..8.45 rows=1 width=6)
	        Index Cond: (id = 7891324)

table 2 : explain DELETE FROM sbtest2 WHERE id=9578808
	Delete on sbtest2  (cost=0.43..8.45 rows=0 width=0)
	  ->  Index Scan using sbtest2_pkey on sbtest2  (cost=0.43..8.45 rows=1 width=6)
	        Index Cond: (id = 9578808)

table 3 : explain DELETE FROM sbtest3 WHERE id=9499785
	Delete on sbtest3  (cost=0.43..8.45 rows=0 width=0)
	  ->  Index Scan using sbtest3_pkey on sbtest3  (cost=0.43..8.45 rows=1 width=6)
	        Index Cond: (id = 9499785)

table 4 : explain DELETE FROM sbtest4 WHERE id=8969042
	Delete on sbtest4  (cost=0.43..8.45 rows=0 width=0)
	  ->  Index Scan using sbtest4_pkey on sbtest4  (cost=0.43..8.45 rows=1 width=6)
	        Index Cond: (id = 8969042)

table 5 : explain DELETE FROM sbtest5 WHERE id=3620338
	Delete on sbtest5  (cost=0.43..8.45 rows=0 width=0)
	  ->  Index Scan using sbtest5_pkey on sbtest5  (cost=0.43..8.45 rows=1 width=6)
	        Index Cond: (id = 3620338)

table 6 : explain DELETE FROM sbtest6 WHERE id=6025259
	Delete on sbtest6  (cost=0.43..8.45 rows=0 width=0)
	  ->  Index Scan using sbtest6_pkey on sbtest6  (cost=0.43..8.45 rows=1 width=6)
	        Index Cond: (id = 6025259)

table 7 : explain DELETE FROM sbtest7 WHERE id=3912710
	Delete on sbtest7  (cost=0.43..8.45 rows=0 width=0)
	  ->  Index Scan using sbtest7_pkey on sbtest7  (cost=0.43..8.45 rows=1 width=6)
	        Index Cond: (id = 3912710)

table 8 : explain DELETE FROM sbtest8 WHERE id=1730253
	Delete on sbtest8  (cost=0.43..8.45 rows=0 width=0)
	  ->  Index Scan using sbtest8_pkey on sbtest8  (cost=0.43..8.45 rows=1 width=6)
	        Index Cond: (id = 1730253)

for index_updates
table 1 : explain UPDATE sbtest1 SET k=k+1 WHERE id=4027996
	Update on sbtest1  (cost=0.43..8.46 rows=0 width=0)
	  ->  Index Scan using sbtest1_pkey on sbtest1  (cost=0.43..8.46 rows=1 width=10)
	        Index Cond: (id = 4027996)

table 2 : explain UPDATE sbtest2 SET k=k+1 WHERE id=1625246
	Update on sbtest2  (cost=0.43..8.46 rows=0 width=0)
	  ->  Index Scan using sbtest2_pkey on sbtest2  (cost=0.43..8.46 rows=1 width=10)
	        Index Cond: (id = 1625246)

table 3 : explain UPDATE sbtest3 SET k=k+1 WHERE id=5140017
	Update on sbtest3  (cost=0.43..8.46 rows=0 width=0)
	  ->  Index Scan using sbtest3_pkey on sbtest3  (cost=0.43..8.46 rows=1 width=10)
	        Index Cond: (id = 5140017)

table 4 : explain UPDATE sbtest4 SET k=k+1 WHERE id=3765499
	Update on sbtest4  (cost=0.43..8.46 rows=0 width=0)
	  ->  Index Scan using sbtest4_pkey on sbtest4  (cost=0.43..8.46 rows=1 width=10)
	        Index Cond: (id = 3765499)

table 5 : explain UPDATE sbtest5 SET k=k+1 WHERE id=2454408
	Update on sbtest5  (cost=0.43..8.46 rows=0 width=0)
	  ->  Index Scan using sbtest5_pkey on sbtest5  (cost=0.43..8.46 rows=1 width=10)
	        Index Cond: (id = 2454408)

table 6 : explain UPDATE sbtest6 SET k=k+1 WHERE id=1149685
	Update on sbtest6  (cost=0.43..8.46 rows=0 width=0)
	  ->  Index Scan using sbtest6_pkey on sbtest6  (cost=0.43..8.46 rows=1 width=10)
	        Index Cond: (id = 1149685)

table 7 : explain UPDATE sbtest7 SET k=k+1 WHERE id=5077260
	Update on sbtest7  (cost=0.43..8.46 rows=0 width=0)
	  ->  Index Scan using sbtest7_pkey on sbtest7  (cost=0.43..8.46 rows=1 width=10)
	        Index Cond: (id = 5077260)

table 8 : explain UPDATE sbtest8 SET k=k+1 WHERE id=5594318
	Update on sbtest8  (cost=0.43..8.46 rows=0 width=0)
	  ->  Index Scan using sbtest8_pkey on sbtest8  (cost=0.43..8.46 rows=1 width=10)
	        Index Cond: (id = 5594318)

explain: for inserts :: explain INSERT INTO sbtest%u (id, k, c, pad) VALUES (%u, 13, 'foobar', 'foobar')
explain: for index_updates :: explain UPDATE sbtest%u SET k=k+1 WHERE id=%u
for: order_ranges
table 1 : explain SELECT c FROM sbtest1 WHERE id BETWEEN 7039907 AND 7040006 ORDER BY c
	Sort  (cost=416.37..416.64 rows=105 width=121)
	  Sort Key: c
	  ->  Index Scan using sbtest1_pkey on sbtest1  (cost=0.43..412.85 rows=105 width=121)
	        Index Cond: ((id >= 7039907) AND (id <= 7040006))

table 2 : explain SELECT c FROM sbtest2 WHERE id BETWEEN 9844269 AND 9844368 ORDER BY c
	Sort  (cost=383.66..383.90 rows=97 width=121)
	  Sort Key: c
	  ->  Index Scan using sbtest2_pkey on sbtest2  (cost=0.43..380.46 rows=97 width=121)
	        Index Cond: ((id >= 9844269) AND (id <= 9844368))

table 3 : explain SELECT c FROM sbtest3 WHERE id BETWEEN 321449 AND 321548 ORDER BY c
	Sort  (cost=353.34..353.57 rows=90 width=121)
	  Sort Key: c
	  ->  Index Scan using sbtest3_pkey on sbtest3  (cost=0.43..350.42 rows=90 width=121)
	        Index Cond: ((id >= 321449) AND (id <= 321548))

table 4 : explain SELECT c FROM sbtest4 WHERE id BETWEEN 3493212 AND 3493311 ORDER BY c
	Sort  (cost=395.33..395.58 rows=100 width=121)
	  Sort Key: c
	  ->  Index Scan using sbtest4_pkey on sbtest4  (cost=0.43..392.01 rows=100 width=121)
	        Index Cond: ((id >= 3493212) AND (id <= 3493311))

table 5 : explain SELECT c FROM sbtest5 WHERE id BETWEEN 1143879 AND 1143978 ORDER BY c
	Sort  (cost=380.77..381.01 rows=96 width=121)
	  Sort Key: c
	  ->  Index Scan using sbtest5_pkey on sbtest5  (cost=0.43..377.61 rows=96 width=121)
	        Index Cond: ((id >= 1143879) AND (id <= 1143978))

table 6 : explain SELECT c FROM sbtest6 WHERE id BETWEEN 8257123 AND 8257222 ORDER BY c
	Sort  (cost=385.80..386.04 rows=98 width=121)
	  Sort Key: c
	  ->  Index Scan using sbtest6_pkey on sbtest6  (cost=0.43..382.55 rows=98 width=121)
	        Index Cond: ((id >= 8257123) AND (id <= 8257222))

table 7 : explain SELECT c FROM sbtest7 WHERE id BETWEEN 2804919 AND 2805018 ORDER BY c
	Sort  (cost=419.37..419.64 rows=106 width=121)
	  Sort Key: c
	  ->  Index Scan using sbtest7_pkey on sbtest7  (cost=0.43..415.81 rows=106 width=121)
	        Index Cond: ((id >= 2804919) AND (id <= 2805018))

table 8 : explain SELECT c FROM sbtest8 WHERE id BETWEEN 3783196 AND 3783295 ORDER BY c
	Sort  (cost=364.31..364.54 rows=92 width=121)
	  Sort Key: c
	  ->  Index Scan using sbtest8_pkey on sbtest8  (cost=0.43..361.31 rows=92 width=121)
	        Index Cond: ((id >= 3783196) AND (id <= 3783295))

for inserts
table 1 : explain INSERT INTO sbtest1 (id, k, c, pad) VALUES (8649125, 13, 'foobar', 'foobar')
	Insert on sbtest1  (cost=0.00..0.01 rows=0 width=0)
	  ->  Result  (cost=0.00..0.01 rows=1 width=736)

table 2 : explain INSERT INTO sbtest2 (id, k, c, pad) VALUES (9367391, 13, 'foobar', 'foobar')
	Insert on sbtest2  (cost=0.00..0.01 rows=0 width=0)
	  ->  Result  (cost=0.00..0.01 rows=1 width=736)

table 3 : explain INSERT INTO sbtest3 (id, k, c, pad) VALUES (1011226, 13, 'foobar', 'foobar')
	Insert on sbtest3  (cost=0.00..0.01 rows=0 width=0)
	  ->  Result  (cost=0.00..0.01 rows=1 width=736)

table 4 : explain INSERT INTO sbtest4 (id, k, c, pad) VALUES (6286314, 13, 'foobar', 'foobar')
	Insert on sbtest4  (cost=0.00..0.01 rows=0 width=0)
	  ->  Result  (cost=0.00..0.01 rows=1 width=736)

table 5 : explain INSERT INTO sbtest5 (id, k, c, pad) VALUES (3367863, 13, 'foobar', 'foobar')
	Insert on sbtest5  (cost=0.00..0.01 rows=0 width=0)
	  ->  Result  (cost=0.00..0.01 rows=1 width=736)

table 6 : explain INSERT INTO sbtest6 (id, k, c, pad) VALUES (6741263, 13, 'foobar', 'foobar')
	Insert on sbtest6  (cost=0.00..0.01 rows=0 width=0)
	  ->  Result  (cost=0.00..0.01 rows=1 width=736)

table 7 : explain INSERT INTO sbtest7 (id, k, c, pad) VALUES (9201171, 13, 'foobar', 'foobar')
	Insert on sbtest7  (cost=0.00..0.01 rows=0 width=0)
	  ->  Result  (cost=0.00..0.01 rows=1 width=736)

table 8 : explain INSERT INTO sbtest8 (id, k, c, pad) VALUES (8812261, 13, 'foobar', 'foobar')
	Insert on sbtest8  (cost=0.00..0.01 rows=0 width=0)
	  ->  Result  (cost=0.00..0.01 rows=1 width=736)

for: order_ranges
table 1 : explain SELECT c FROM sbtest1 WHERE id BETWEEN 2496661 AND 2496760 ORDER BY c
	Sort  (cost=377.06..377.30 rows=95 width=121)
	  Sort Key: c
	  ->  Index Scan using sbtest1_pkey on sbtest1  (cost=0.43..373.94 rows=95 width=121)
	        Index Cond: ((id >= 2496661) AND (id <= 2496760))

table 2 : explain SELECT c FROM sbtest2 WHERE id BETWEEN 8160169 AND 8160268 ORDER BY c
	Sort  (cost=399.35..399.61 rows=101 width=121)
	  Sort Key: c
	  ->  Index Scan using sbtest2_pkey on sbtest2  (cost=0.43..395.99 rows=101 width=121)
	        Index Cond: ((id >= 8160169) AND (id <= 8160268))

table 3 : explain SELECT c FROM sbtest3 WHERE id BETWEEN 4066378 AND 4066477 ORDER BY c
	Sort  (cost=364.98..365.22 rows=93 width=121)
	  Sort Key: c
	  ->  Index Scan using sbtest3_pkey on sbtest3  (cost=0.43..361.94 rows=93 width=121)
	        Index Cond: ((id >= 4066378) AND (id <= 4066477))

table 4 : explain SELECT c FROM sbtest4 WHERE id BETWEEN 6608810 AND 6608909 ORDER BY c
	Sort  (cost=403.19..403.45 rows=102 width=121)
	  Sort Key: c
	  ->  Index Scan using sbtest4_pkey on sbtest4  (cost=0.43..399.79 rows=102 width=121)
	        Index Cond: ((id >= 6608810) AND (id <= 6608909))

table 5 : explain SELECT c FROM sbtest5 WHERE id BETWEEN 3951894 AND 3951993 ORDER BY c
	Sort  (cost=376.85..377.08 rows=95 width=121)
	  Sort Key: c
	  ->  Index Scan using sbtest5_pkey on sbtest5  (cost=0.43..373.73 rows=95 width=121)
	        Index Cond: ((id >= 3951894) AND (id <= 3951993))

table 6 : explain SELECT c FROM sbtest6 WHERE id BETWEEN 2901096 AND 2901195 ORDER BY c
	Sort  (cost=405.32..405.58 rows=103 width=121)
	  Sort Key: c
	  ->  Index Scan using sbtest6_pkey on sbtest6  (cost=0.43..401.87 rows=103 width=121)
	        Index Cond: ((id >= 2901096) AND (id <= 2901195))

table 7 : explain SELECT c FROM sbtest7 WHERE id BETWEEN 3853096 AND 3853195 ORDER BY c
	Sort  (cost=372.31..372.54 rows=94 width=121)
	  Sort Key: c
	  ->  Index Scan using sbtest7_pkey on sbtest7  (cost=0.43..369.23 rows=94 width=121)
	        Index Cond: ((id >= 3853096) AND (id <= 3853195))

table 8 : explain SELECT c FROM sbtest8 WHERE id BETWEEN 4904243 AND 4904342 ORDER BY c
	Sort  (cost=387.81..388.06 rows=98 width=121)
	  Sort Key: c
	  ->  Index Scan using sbtest8_pkey on sbtest8  (cost=0.43..384.57 rows=98 width=121)
	        Index Cond: ((id >= 4904243) AND (id <= 4904342))

explain: for non_index_updates :: explain UPDATE sbtest%u SET c='foobar' WHERE id=%u
for index_updates
table 1 : explain UPDATE sbtest1 SET k=k+1 WHERE id=4850521
	Update on sbtest1  (cost=0.43..8.46 rows=0 width=0)
	  ->  Index Scan using sbtest1_pkey on sbtest1  (cost=0.43..8.46 rows=1 width=10)
	        Index Cond: (id = 4850521)

table 2 : explain UPDATE sbtest2 SET k=k+1 WHERE id=5516748
	Update on sbtest2  (cost=0.43..8.46 rows=0 width=0)
	  ->  Index Scan using sbtest2_pkey on sbtest2  (cost=0.43..8.46 rows=1 width=10)
	        Index Cond: (id = 5516748)

table 3 : explain UPDATE sbtest3 SET k=k+1 WHERE id=1218506
	Update on sbtest3  (cost=0.43..8.46 rows=0 width=0)
	  ->  Index Scan using sbtest3_pkey on sbtest3  (cost=0.43..8.46 rows=1 width=10)
	        Index Cond: (id = 1218506)

table 4 : explain UPDATE sbtest4 SET k=k+1 WHERE id=3981174
	Update on sbtest4  (cost=0.43..8.46 rows=0 width=0)
	  ->  Index Scan using sbtest4_pkey on sbtest4  (cost=0.43..8.46 rows=1 width=10)
	        Index Cond: (id = 3981174)

table 5 : explain UPDATE sbtest5 SET k=k+1 WHERE id=6276132
	Update on sbtest5  (cost=0.43..8.46 rows=0 width=0)
	  ->  Index Scan using sbtest5_pkey on sbtest5  (cost=0.43..8.46 rows=1 width=10)
	        Index Cond: (id = 6276132)

table 6 : explain UPDATE sbtest6 SET k=k+1 WHERE id=1025401
	Update on sbtest6  (cost=0.43..8.46 rows=0 width=0)
	  ->  Index Scan using sbtest6_pkey on sbtest6  (cost=0.43..8.46 rows=1 width=10)
	        Index Cond: (id = 1025401)

table 7 : explain UPDATE sbtest7 SET k=k+1 WHERE id=5633358
	Update on sbtest7  (cost=0.43..8.46 rows=0 width=0)
	  ->  Index Scan using sbtest7_pkey on sbtest7  (cost=0.43..8.46 rows=1 width=10)
	        Index Cond: (id = 5633358)

table 8 : explain UPDATE sbtest8 SET k=k+1 WHERE id=8003972
	Update on sbtest8  (cost=0.43..8.46 rows=0 width=0)
	  ->  Index Scan using sbtest8_pkey on sbtest8  (cost=0.43..8.46 rows=1 width=10)
	        Index Cond: (id = 8003972)

explain: for inserts :: explain INSERT INTO sbtest%u (id, k, c, pad) VALUES (%u, 13, 'foobar', 'foobar')
for: distinct_ranges
table 1 : explain SELECT DISTINCT c FROM sbtest1 WHERE id BETWEEN 8664525 AND 8664624 ORDER BY c
	Unique  (cost=436.02..436.57 rows=110 width=121)
	  ->  Sort  (cost=436.02..436.29 rows=110 width=121)
	        Sort Key: c
	        ->  Index Scan using sbtest1_pkey on sbtest1  (cost=0.43..432.29 rows=110 width=121)
	              Index Cond: ((id >= 8664525) AND (id <= 8664624))

table 2 : explain SELECT DISTINCT c FROM sbtest2 WHERE id BETWEEN 6015442 AND 6015541 ORDER BY c
	Unique  (cost=426.76..427.30 rows=108 width=121)
	  ->  Sort  (cost=426.76..427.03 rows=108 width=121)
	        Sort Key: c
	        ->  Index Scan using sbtest2_pkey on sbtest2  (cost=0.43..423.11 rows=108 width=121)
	              Index Cond: ((id >= 6015442) AND (id <= 6015541))

table 3 : explain SELECT DISTINCT c FROM sbtest3 WHERE id BETWEEN 4178233 AND 4178332 ORDER BY c
	Unique  (cost=368.87..369.34 rows=94 width=121)
	  ->  Sort  (cost=368.87..369.10 rows=94 width=121)
	        Sort Key: c
	        ->  Index Scan using sbtest3_pkey on sbtest3  (cost=0.43..365.78 rows=94 width=121)
	              Index Cond: ((id >= 4178233) AND (id <= 4178332))

table 4 : explain SELECT DISTINCT c FROM sbtest4 WHERE id BETWEEN 3386691 AND 3386790 ORDER BY c
	Unique  (cost=422.76..423.30 rows=107 width=121)
	  ->  Sort  (cost=422.76..423.03 rows=107 width=121)
	        Sort Key: c
	        ->  Index Scan using sbtest4_pkey on sbtest4  (cost=0.43..419.16 rows=107 width=121)
	              Index Cond: ((id >= 3386691) AND (id <= 3386790))

table 5 : explain SELECT DISTINCT c FROM sbtest5 WHERE id BETWEEN 2055962 AND 2056061 ORDER BY c
	Unique  (cost=372.92..373.39 rows=94 width=121)
	  ->  Sort  (cost=372.92..373.16 rows=94 width=121)
	        Sort Key: c
	        ->  Index Scan using sbtest5_pkey on sbtest5  (cost=0.43..369.84 rows=94 width=121)
	              Index Cond: ((id >= 2055962) AND (id <= 2056061))

table 6 : explain SELECT DISTINCT c FROM sbtest6 WHERE id BETWEEN 2164628 AND 2164727 ORDER BY c
	Unique  (cost=397.53..398.03 rows=101 width=121)
	  ->  Sort  (cost=397.53..397.78 rows=101 width=121)
	        Sort Key: c
	        ->  Index Scan using sbtest6_pkey on sbtest6  (cost=0.43..394.16 rows=101 width=121)
	              Index Cond: ((id >= 2164628) AND (id <= 2164727))

table 7 : explain SELECT DISTINCT c FROM sbtest7 WHERE id BETWEEN 6760713 AND 6760812 ORDER BY c
	Unique  (cost=395.86..396.36 rows=100 width=121)
	  ->  Sort  (cost=395.86..396.11 rows=100 width=121)
	        Sort Key: c
	        ->  Index Scan using sbtest7_pkey on sbtest7  (cost=0.43..392.54 rows=100 width=121)
	              Index Cond: ((id >= 6760713) AND (id <= 6760812))

table 8 : explain SELECT DISTINCT c FROM sbtest8 WHERE id BETWEEN 4819141 AND 4819240 ORDER BY c
	Unique  (cost=340.81..341.24 rows=86 width=121)
	  ->  Sort  (cost=340.81..341.03 rows=86 width=121)
	        Sort Key: c
	        ->  Index Scan using sbtest8_pkey on sbtest8  (cost=0.43..338.05 rows=86 width=121)
	              Index Cond: ((id >= 4819141) AND (id <= 4819240))

for: distinct_ranges
table 1 : explain SELECT DISTINCT c FROM sbtest1 WHERE id BETWEEN 9741537 AND 9741636 ORDER BY c
	Unique  (cost=380.99..381.47 rows=96 width=121)
	  ->  Sort  (cost=380.99..381.23 rows=96 width=121)
	        Sort Key: c
	        ->  Index Scan using sbtest1_pkey on sbtest1  (cost=0.43..377.83 rows=96 width=121)
	              Index Cond: ((id >= 9741537) AND (id <= 9741636))

table 2 : explain SELECT DISTINCT c FROM sbtest2 WHERE id BETWEEN 2613930 AND 2614029 ORDER BY c
	Unique  (cost=403.27..403.78 rows=102 width=121)
	  ->  Sort  (cost=403.27..403.52 rows=102 width=121)
	        Sort Key: c
	        ->  Index Scan using sbtest2_pkey on sbtest2  (cost=0.43..399.87 rows=102 width=121)
	              Index Cond: ((id >= 2613930) AND (id <= 2614029))

table 3 : explain SELECT DISTINCT c FROM sbtest3 WHERE id BETWEEN 3382646 AND 3382745 ORDER BY c
	Unique  (cost=361.10..361.56 rows=92 width=121)
	  ->  Sort  (cost=361.10..361.33 rows=92 width=121)
	        Sort Key: c
	        ->  Index Scan using sbtest3_pkey on sbtest3  (cost=0.43..358.10 rows=92 width=121)
	              Index Cond: ((id >= 3382646) AND (id <= 3382745))

table 4 : explain SELECT DISTINCT c FROM sbtest4 WHERE id BETWEEN 8082635 AND 8082734 ORDER BY c
	Unique  (cost=422.76..423.30 rows=107 width=121)
	  ->  Sort  (cost=422.76..423.03 rows=107 width=121)
	        Sort Key: c
	        ->  Index Scan using sbtest4_pkey on sbtest4  (cost=0.43..419.16 rows=107 width=121)
	              Index Cond: ((id >= 8082635) AND (id <= 8082734))

table 5 : explain SELECT DISTINCT c FROM sbtest5 WHERE id BETWEEN 1128878 AND 1128977 ORDER BY c
	Unique  (cost=380.77..381.25 rows=96 width=121)
	  ->  Sort  (cost=380.77..381.01 rows=96 width=121)
	        Sort Key: c
	        ->  Index Scan using sbtest5_pkey on sbtest5  (cost=0.43..377.61 rows=96 width=121)
	              Index Cond: ((id >= 1128878) AND (id <= 1128977))

table 6 : explain SELECT DISTINCT c FROM sbtest6 WHERE id BETWEEN 745725 AND 745824 ORDER BY c
	Unique  (cost=432.60..433.15 rows=110 width=121)
	  ->  Sort  (cost=432.60..432.87 rows=110 width=121)
	        Sort Key: c
	        ->  Index Scan using sbtest6_pkey on sbtest6  (cost=0.43..428.87 rows=110 width=121)
	              Index Cond: ((id >= 745725) AND (id <= 745824))

table 7 : explain SELECT DISTINCT c FROM sbtest7 WHERE id BETWEEN 7059760 AND 7059859 ORDER BY c
	Unique  (cost=395.86..396.36 rows=100 width=121)
	  ->  Sort  (cost=395.86..396.11 rows=100 width=121)
	        Sort Key: c
	        ->  Index Scan using sbtest7_pkey on sbtest7  (cost=0.43..392.54 rows=100 width=121)
	              Index Cond: ((id >= 7059760) AND (id <= 7059859))

table 8 : explain SELECT DISTINCT c FROM sbtest8 WHERE id BETWEEN 9780844 AND 9780943 ORDER BY c
	Unique  (cost=387.81..388.30 rows=98 width=121)
	  ->  Sort  (cost=387.81..388.06 rows=98 width=121)
	        Sort Key: c
	        ->  Index Scan using sbtest8_pkey on sbtest8  (cost=0.43..384.57 rows=98 width=121)
	              Index Cond: ((id >= 9780844) AND (id <= 9780943))

for non_index_updates
table 1 : explain UPDATE sbtest1 SET c='foobar' WHERE id=1888736
	Update on sbtest1  (cost=0.43..8.45 rows=0 width=0)
	  ->  Index Scan using sbtest1_pkey on sbtest1  (cost=0.43..8.45 rows=1 width=490)
	        Index Cond: (id = 1888736)

table 2 : explain UPDATE sbtest2 SET c='foobar' WHERE id=513743
	Update on sbtest2  (cost=0.43..8.45 rows=0 width=0)
	  ->  Index Scan using sbtest2_pkey on sbtest2  (cost=0.43..8.45 rows=1 width=490)
	        Index Cond: (id = 513743)

table 3 : explain UPDATE sbtest3 SET c='foobar' WHERE id=9291824
	Update on sbtest3  (cost=0.43..8.45 rows=0 width=0)
	  ->  Index Scan using sbtest3_pkey on sbtest3  (cost=0.43..8.45 rows=1 width=490)
	        Index Cond: (id = 9291824)

table 4 : explain UPDATE sbtest4 SET c='foobar' WHERE id=9118836
	Update on sbtest4  (cost=0.43..8.45 rows=0 width=0)
	  ->  Index Scan using sbtest4_pkey on sbtest4  (cost=0.43..8.45 rows=1 width=490)
	        Index Cond: (id = 9118836)

table 5 : explain UPDATE sbtest5 SET c='foobar' WHERE id=8742169
	Update on sbtest5  (cost=0.43..8.45 rows=0 width=0)
	  ->  Index Scan using sbtest5_pkey on sbtest5  (cost=0.43..8.45 rows=1 width=490)
	        Index Cond: (id = 8742169)

table 6 : explain UPDATE sbtest6 SET c='foobar' WHERE id=4603449
	Update on sbtest6  (cost=0.43..8.45 rows=0 width=0)
	  ->  Index Scan using sbtest6_pkey on sbtest6  (cost=0.43..8.45 rows=1 width=490)
	        Index Cond: (id = 4603449)

table 7 : explain UPDATE sbtest7 SET c='foobar' WHERE id=5566878
	Update on sbtest7  (cost=0.43..8.45 rows=0 width=0)
	  ->  Index Scan using sbtest7_pkey on sbtest7  (cost=0.43..8.45 rows=1 width=490)
	        Index Cond: (id = 5566878)

table 8 : explain UPDATE sbtest8 SET c='foobar' WHERE id=6630065
	Update on sbtest8  (cost=0.43..8.45 rows=0 width=0)
	  ->  Index Scan using sbtest8_pkey on sbtest8  (cost=0.43..8.45 rows=1 width=490)
	        Index Cond: (id = 6630065)

for inserts
table 1 : explain INSERT INTO sbtest1 (id, k, c, pad) VALUES (1230860, 13, 'foobar', 'foobar')
	Insert on sbtest1  (cost=0.00..0.01 rows=0 width=0)
	  ->  Result  (cost=0.00..0.01 rows=1 width=736)

table 2 : explain INSERT INTO sbtest2 (id, k, c, pad) VALUES (8468877, 13, 'foobar', 'foobar')
	Insert on sbtest2  (cost=0.00..0.01 rows=0 width=0)
	  ->  Result  (cost=0.00..0.01 rows=1 width=736)

table 3 : explain INSERT INTO sbtest3 (id, k, c, pad) VALUES (9529702, 13, 'foobar', 'foobar')
	Insert on sbtest3  (cost=0.00..0.01 rows=0 width=0)
	  ->  Result  (cost=0.00..0.01 rows=1 width=736)

table 4 : explain INSERT INTO sbtest4 (id, k, c, pad) VALUES (9853277, 13, 'foobar', 'foobar')
	Insert on sbtest4  (cost=0.00..0.01 rows=0 width=0)
	  ->  Result  (cost=0.00..0.01 rows=1 width=736)

table 5 : explain INSERT INTO sbtest5 (id, k, c, pad) VALUES (9237857, 13, 'foobar', 'foobar')
	Insert on sbtest5  (cost=0.00..0.01 rows=0 width=0)
	  ->  Result  (cost=0.00..0.01 rows=1 width=736)

table 6 : explain INSERT INTO sbtest6 (id, k, c, pad) VALUES (4691514, 13, 'foobar', 'foobar')
	Insert on sbtest6  (cost=0.00..0.01 rows=0 width=0)
	  ->  Result  (cost=0.00..0.01 rows=1 width=736)

table 7 : explain INSERT INTO sbtest7 (id, k, c, pad) VALUES (4693080, 13, 'foobar', 'foobar')
	Insert on sbtest7  (cost=0.00..0.01 rows=0 width=0)
	  ->  Result  (cost=0.00..0.01 rows=1 width=736)

table 8 : explain INSERT INTO sbtest8 (id, k, c, pad) VALUES (6257470, 13, 'foobar', 'foobar')
	Insert on sbtest8  (cost=0.00..0.01 rows=0 width=0)
	  ->  Result  (cost=0.00..0.01 rows=1 width=736)

explain: for non_index_updates :: explain UPDATE sbtest%u SET c='foobar' WHERE id=%u
explain: for index_updates :: explain UPDATE sbtest%u SET k=k+1 WHERE id=%u
explain: for index_updates :: explain UPDATE sbtest%u SET k=k+1 WHERE id=%u
explain: for deletes :: explain DELETE FROM sbtest%u WHERE id=%u
for index_updates
table 1 : explain UPDATE sbtest1 SET k=k+1 WHERE id=6666505
	Update on sbtest1  (cost=0.43..8.46 rows=0 width=0)
	  ->  Index Scan using sbtest1_pkey on sbtest1  (cost=0.43..8.46 rows=1 width=10)
	        Index Cond: (id = 6666505)

table 2 : explain UPDATE sbtest2 SET k=k+1 WHERE id=5836430
	Update on sbtest2  (cost=0.43..8.46 rows=0 width=0)
	  ->  Index Scan using sbtest2_pkey on sbtest2  (cost=0.43..8.46 rows=1 width=10)
	        Index Cond: (id = 5836430)

table 3 : explain UPDATE sbtest3 SET k=k+1 WHERE id=5550868
	Update on sbtest3  (cost=0.43..8.46 rows=0 width=0)
	  ->  Index Scan using sbtest3_pkey on sbtest3  (cost=0.43..8.46 rows=1 width=10)
	        Index Cond: (id = 5550868)

table 4 : explain UPDATE sbtest4 SET k=k+1 WHERE id=8989875
	Update on sbtest4  (cost=0.43..8.46 rows=0 width=0)
	  ->  Index Scan using sbtest4_pkey on sbtest4  (cost=0.43..8.46 rows=1 width=10)
	        Index Cond: (id = 8989875)

table 5 : explain UPDATE sbtest5 SET k=k+1 WHERE id=5490588
	Update on sbtest5  (cost=0.43..8.46 rows=0 width=0)
	  ->  Index Scan using sbtest5_pkey on sbtest5  (cost=0.43..8.46 rows=1 width=10)
	        Index Cond: (id = 5490588)

table 6 : explain UPDATE sbtest6 SET k=k+1 WHERE id=7012108
	Update on sbtest6  (cost=0.43..8.46 rows=0 width=0)
	  ->  Index Scan using sbtest6_pkey on sbtest6  (cost=0.43..8.46 rows=1 width=10)
	        Index Cond: (id = 7012108)

table 7 : explain UPDATE sbtest7 SET k=k+1 WHERE id=7172716
	Update on sbtest7  (cost=0.43..8.46 rows=0 width=0)
	  ->  Index Scan using sbtest7_pkey on sbtest7  (cost=0.43..8.46 rows=1 width=10)
	        Index Cond: (id = 7172716)

table 8 : explain UPDATE sbtest8 SET k=k+1 WHERE id=2442596
	Update on sbtest8  (cost=0.43..8.46 rows=0 width=0)
	  ->  Index Scan using sbtest8_pkey on sbtest8  (cost=0.43..8.46 rows=1 width=10)
	        Index Cond: (id = 2442596)

for non_index_updates
table 1 : explain UPDATE sbtest1 SET c='foobar' WHERE id=2006529
	Update on sbtest1  (cost=0.43..8.45 rows=0 width=0)
	  ->  Index Scan using sbtest1_pkey on sbtest1  (cost=0.43..8.45 rows=1 width=490)
	        Index Cond: (id = 2006529)

table 2 : explain UPDATE sbtest2 SET c='foobar' WHERE id=2914698
	Update on sbtest2  (cost=0.43..8.45 rows=0 width=0)
	  ->  Index Scan using sbtest2_pkey on sbtest2  (cost=0.43..8.45 rows=1 width=490)
	        Index Cond: (id = 2914698)

table 3 : explain UPDATE sbtest3 SET c='foobar' WHERE id=2014287
	Update on sbtest3  (cost=0.43..8.45 rows=0 width=0)
	  ->  Index Scan using sbtest3_pkey on sbtest3  (cost=0.43..8.45 rows=1 width=490)
	        Index Cond: (id = 2014287)

table 4 : explain UPDATE sbtest4 SET c='foobar' WHERE id=3482418
	Update on sbtest4  (cost=0.43..8.45 rows=0 width=0)
	  ->  Index Scan using sbtest4_pkey on sbtest4  (cost=0.43..8.45 rows=1 width=490)
	        Index Cond: (id = 3482418)

table 5 : explain UPDATE sbtest5 SET c='foobar' WHERE id=8209018
	Update on sbtest5  (cost=0.43..8.45 rows=0 width=0)
	  ->  Index Scan using sbtest5_pkey on sbtest5  (cost=0.43..8.45 rows=1 width=490)
	        Index Cond: (id = 8209018)

table 6 : explain UPDATE sbtest6 SET c='foobar' WHERE id=8966323
	Update on sbtest6  (cost=0.43..8.45 rows=0 width=0)
	  ->  Index Scan using sbtest6_pkey on sbtest6  (cost=0.43..8.45 rows=1 width=490)
	        Index Cond: (id = 8966323)

table 7 : explain UPDATE sbtest7 SET c='foobar' WHERE id=8695189
	Update on sbtest7  (cost=0.43..8.45 rows=0 width=0)
	  ->  Index Scan using sbtest7_pkey on sbtest7  (cost=0.43..8.45 rows=1 width=490)
	        Index Cond: (id = 8695189)

table 8 : explain UPDATE sbtest8 SET c='foobar' WHERE id=4636415
	Update on sbtest8  (cost=0.43..8.45 rows=0 width=0)
	  ->  Index Scan using sbtest8_pkey on sbtest8  (cost=0.43..8.45 rows=1 width=490)
	        Index Cond: (id = 4636415)

for index_updates
table 1 : explain UPDATE sbtest1 SET k=k+1 WHERE id=6526351
	Update on sbtest1  (cost=0.43..8.46 rows=0 width=0)
	  ->  Index Scan using sbtest1_pkey on sbtest1  (cost=0.43..8.46 rows=1 width=10)
	        Index Cond: (id = 6526351)

table 2 : explain UPDATE sbtest2 SET k=k+1 WHERE id=3607624
	Update on sbtest2  (cost=0.43..8.46 rows=0 width=0)
	  ->  Index Scan using sbtest2_pkey on sbtest2  (cost=0.43..8.46 rows=1 width=10)
	        Index Cond: (id = 3607624)

table 3 : explain UPDATE sbtest3 SET k=k+1 WHERE id=7530575
	Update on sbtest3  (cost=0.43..8.46 rows=0 width=0)
	  ->  Index Scan using sbtest3_pkey on sbtest3  (cost=0.43..8.46 rows=1 width=10)
	        Index Cond: (id = 7530575)

table 4 : explain UPDATE sbtest4 SET k=k+1 WHERE id=3106109
	Update on sbtest4  (cost=0.43..8.46 rows=0 width=0)
	  ->  Index Scan using sbtest4_pkey on sbtest4  (cost=0.43..8.46 rows=1 width=10)
	        Index Cond: (id = 3106109)

table 5 : explain UPDATE sbtest5 SET k=k+1 WHERE id=5779429
	Update on sbtest5  (cost=0.43..8.46 rows=0 width=0)
	  ->  Index Scan using sbtest5_pkey on sbtest5  (cost=0.43..8.46 rows=1 width=10)
	        Index Cond: (id = 5779429)

table 6 : explain UPDATE sbtest6 SET k=k+1 WHERE id=5489308
	Update on sbtest6  (cost=0.43..8.46 rows=0 width=0)
	  ->  Index Scan using sbtest6_pkey on sbtest6  (cost=0.43..8.46 rows=1 width=10)
	        Index Cond: (id = 5489308)

table 7 : explain UPDATE sbtest7 SET k=k+1 WHERE id=1072603
	Update on sbtest7  (cost=0.43..8.46 rows=0 width=0)
	  ->  Index Scan using sbtest7_pkey on sbtest7  (cost=0.43..8.46 rows=1 width=10)
	        Index Cond: (id = 1072603)

table 8 : explain UPDATE sbtest8 SET k=k+1 WHERE id=8570670
	Update on sbtest8  (cost=0.43..8.46 rows=0 width=0)
	  ->  Index Scan using sbtest8_pkey on sbtest8  (cost=0.43..8.46 rows=1 width=10)
	        Index Cond: (id = 8570670)

explain: for non_index_updates :: explain UPDATE sbtest%u SET c='foobar' WHERE id=%u
explain: for non_index_updates :: explain UPDATE sbtest%u SET c='foobar' WHERE id=%u
for deletes
table 1 : explain DELETE FROM sbtest1 WHERE id=2018565
	Delete on sbtest1  (cost=0.43..8.45 rows=0 width=0)
	  ->  Index Scan using sbtest1_pkey on sbtest1  (cost=0.43..8.45 rows=1 width=6)
	        Index Cond: (id = 2018565)

table 2 : explain DELETE FROM sbtest2 WHERE id=4951210
	Delete on sbtest2  (cost=0.43..8.45 rows=0 width=0)
	  ->  Index Scan using sbtest2_pkey on sbtest2  (cost=0.43..8.45 rows=1 width=6)
	        Index Cond: (id = 4951210)

table 3 : explain DELETE FROM sbtest3 WHERE id=4955057
	Delete on sbtest3  (cost=0.43..8.45 rows=0 width=0)
	  ->  Index Scan using sbtest3_pkey on sbtest3  (cost=0.43..8.45 rows=1 width=6)
	        Index Cond: (id = 4955057)

table 4 : explain DELETE FROM sbtest4 WHERE id=5869868
	Delete on sbtest4  (cost=0.43..8.45 rows=0 width=0)
	  ->  Index Scan using sbtest4_pkey on sbtest4  (cost=0.43..8.45 rows=1 width=6)
	        Index Cond: (id = 5869868)

table 5 : explain DELETE FROM sbtest5 WHERE id=2053335
	Delete on sbtest5  (cost=0.43..8.45 rows=0 width=0)
	  ->  Index Scan using sbtest5_pkey on sbtest5  (cost=0.43..8.45 rows=1 width=6)
	        Index Cond: (id = 2053335)

table 6 : explain DELETE FROM sbtest6 WHERE id=2910478
	Delete on sbtest6  (cost=0.43..8.45 rows=0 width=0)
	  ->  Index Scan using sbtest6_pkey on sbtest6  (cost=0.43..8.45 rows=1 width=6)
	        Index Cond: (id = 2910478)

table 7 : explain DELETE FROM sbtest7 WHERE id=1402381
	Delete on sbtest7  (cost=0.43..8.45 rows=0 width=0)
	  ->  Index Scan using sbtest7_pkey on sbtest7  (cost=0.43..8.45 rows=1 width=6)
	        Index Cond: (id = 1402381)

table 8 : explain DELETE FROM sbtest8 WHERE id=6637840
	Delete on sbtest8  (cost=0.43..8.45 rows=0 width=0)
	  ->  Index Scan using sbtest8_pkey on sbtest8  (cost=0.43..8.45 rows=1 width=6)
	        Index Cond: (id = 6637840)

explain: for deletes :: explain DELETE FROM sbtest%u WHERE id=%u
for non_index_updates
table 1 : explain UPDATE sbtest1 SET c='foobar' WHERE id=7194685
	Update on sbtest1  (cost=0.43..8.45 rows=0 width=0)
	  ->  Index Scan using sbtest1_pkey on sbtest1  (cost=0.43..8.45 rows=1 width=490)
	        Index Cond: (id = 7194685)

table 2 : explain UPDATE sbtest2 SET c='foobar' WHERE id=7751438
	Update on sbtest2  (cost=0.43..8.45 rows=0 width=0)
	  ->  Index Scan using sbtest2_pkey on sbtest2  (cost=0.43..8.45 rows=1 width=490)
	        Index Cond: (id = 7751438)

table 3 : explain UPDATE sbtest3 SET c='foobar' WHERE id=9040086
	Update on sbtest3  (cost=0.43..8.45 rows=0 width=0)
	  ->  Index Scan using sbtest3_pkey on sbtest3  (cost=0.43..8.45 rows=1 width=490)
	        Index Cond: (id = 9040086)

table 4 : explain UPDATE sbtest4 SET c='foobar' WHERE id=9342587
	Update on sbtest4  (cost=0.43..8.45 rows=0 width=0)
	  ->  Index Scan using sbtest4_pkey on sbtest4  (cost=0.43..8.45 rows=1 width=490)
	        Index Cond: (id = 9342587)

table 5 : explain UPDATE sbtest5 SET c='foobar' WHERE id=6619365
	Update on sbtest5  (cost=0.43..8.45 rows=0 width=0)
	  ->  Index Scan using sbtest5_pkey on sbtest5  (cost=0.43..8.45 rows=1 width=490)
	        Index Cond: (id = 6619365)

table 6 : explain UPDATE sbtest6 SET c='foobar' WHERE id=4940968
	Update on sbtest6  (cost=0.43..8.45 rows=0 width=0)
	  ->  Index Scan using sbtest6_pkey on sbtest6  (cost=0.43..8.45 rows=1 width=490)
	        Index Cond: (id = 4940968)

table 7 : explain UPDATE sbtest7 SET c='foobar' WHERE id=6960798
	Update on sbtest7  (cost=0.43..8.45 rows=0 width=0)
	  ->  Index Scan using sbtest7_pkey on sbtest7  (cost=0.43..8.45 rows=1 width=490)
	        Index Cond: (id = 6960798)

table 8 : explain UPDATE sbtest8 SET c='foobar' WHERE id=9761065
	Update on sbtest8  (cost=0.43..8.45 rows=0 width=0)
	  ->  Index Scan using sbtest8_pkey on sbtest8  (cost=0.43..8.45 rows=1 width=490)
	        Index Cond: (id = 9761065)

for non_index_updates
table 1 : explain UPDATE sbtest1 SET c='foobar' WHERE id=952467
	Update on sbtest1  (cost=0.43..8.45 rows=0 width=0)
	  ->  Index Scan using sbtest1_pkey on sbtest1  (cost=0.43..8.45 rows=1 width=490)
	        Index Cond: (id = 952467)

table 2 : explain UPDATE sbtest2 SET c='foobar' WHERE id=8180359
	Update on sbtest2  (cost=0.43..8.45 rows=0 width=0)
	  ->  Index Scan using sbtest2_pkey on sbtest2  (cost=0.43..8.45 rows=1 width=490)
	        Index Cond: (id = 8180359)

table 3 : explain UPDATE sbtest3 SET c='foobar' WHERE id=3914857
	Update on sbtest3  (cost=0.43..8.45 rows=0 width=0)
	  ->  Index Scan using sbtest3_pkey on sbtest3  (cost=0.43..8.45 rows=1 width=490)
	        Index Cond: (id = 3914857)

table 4 : explain UPDATE sbtest4 SET c='foobar' WHERE id=9460681
	Update on sbtest4  (cost=0.43..8.45 rows=0 width=0)
	  ->  Index Scan using sbtest4_pkey on sbtest4  (cost=0.43..8.45 rows=1 width=490)
	        Index Cond: (id = 9460681)

table 5 : explain UPDATE sbtest5 SET c='foobar' WHERE id=5935280
	Update on sbtest5  (cost=0.43..8.45 rows=0 width=0)
	  ->  Index Scan using sbtest5_pkey on sbtest5  (cost=0.43..8.45 rows=1 width=490)
	        Index Cond: (id = 5935280)

table 6 : explain UPDATE sbtest6 SET c='foobar' WHERE id=7651293
	Update on sbtest6  (cost=0.43..8.45 rows=0 width=0)
	  ->  Index Scan using sbtest6_pkey on sbtest6  (cost=0.43..8.45 rows=1 width=490)
	        Index Cond: (id = 7651293)

table 7 : explain UPDATE sbtest7 SET c='foobar' WHERE id=1434385
	Update on sbtest7  (cost=0.43..8.45 rows=0 width=0)
	  ->  Index Scan using sbtest7_pkey on sbtest7  (cost=0.43..8.45 rows=1 width=490)
	        Index Cond: (id = 1434385)

table 8 : explain UPDATE sbtest8 SET c='foobar' WHERE id=6624241
	Update on sbtest8  (cost=0.43..8.45 rows=0 width=0)
	  ->  Index Scan using sbtest8_pkey on sbtest8  (cost=0.43..8.45 rows=1 width=490)
	        Index Cond: (id = 6624241)

explain: for deletes :: explain DELETE FROM sbtest%u WHERE id=%u
explain: for deletes :: explain DELETE FROM sbtest%u WHERE id=%u
for deletes
table 1 : explain DELETE FROM sbtest1 WHERE id=4273087
	Delete on sbtest1  (cost=0.43..8.45 rows=0 width=0)
	  ->  Index Scan using sbtest1_pkey on sbtest1  (cost=0.43..8.45 rows=1 width=6)
	        Index Cond: (id = 4273087)

table 2 : explain DELETE FROM sbtest2 WHERE id=8426997
	Delete on sbtest2  (cost=0.43..8.45 rows=0 width=0)
	  ->  Index Scan using sbtest2_pkey on sbtest2  (cost=0.43..8.45 rows=1 width=6)
	        Index Cond: (id = 8426997)

table 3 : explain DELETE FROM sbtest3 WHERE id=1452389
	Delete on sbtest3  (cost=0.43..8.45 rows=0 width=0)
	  ->  Index Scan using sbtest3_pkey on sbtest3  (cost=0.43..8.45 rows=1 width=6)
	        Index Cond: (id = 1452389)

table 4 : explain DELETE FROM sbtest4 WHERE id=5762252
	Delete on sbtest4  (cost=0.43..8.45 rows=0 width=0)
	  ->  Index Scan using sbtest4_pkey on sbtest4  (cost=0.43..8.45 rows=1 width=6)
	        Index Cond: (id = 5762252)

table 5 : explain DELETE FROM sbtest5 WHERE id=7196605
	Delete on sbtest5  (cost=0.43..8.45 rows=0 width=0)
	  ->  Index Scan using sbtest5_pkey on sbtest5  (cost=0.43..8.45 rows=1 width=6)
	        Index Cond: (id = 7196605)

table 6 : explain DELETE FROM sbtest6 WHERE id=3933412
	Delete on sbtest6  (cost=0.43..8.45 rows=0 width=0)
	  ->  Index Scan using sbtest6_pkey on sbtest6  (cost=0.43..8.45 rows=1 width=6)
	        Index Cond: (id = 3933412)

table 7 : explain DELETE FROM sbtest7 WHERE id=4321571
	Delete on sbtest7  (cost=0.43..8.45 rows=0 width=0)
	  ->  Index Scan using sbtest7_pkey on sbtest7  (cost=0.43..8.45 rows=1 width=6)
	        Index Cond: (id = 4321571)

table 8 : explain DELETE FROM sbtest8 WHERE id=774501
	Delete on sbtest8  (cost=0.43..8.45 rows=0 width=0)
	  ->  Index Scan using sbtest8_pkey on sbtest8  (cost=0.43..8.45 rows=1 width=6)
	        Index Cond: (id = 774501)

for deletes
table 1 : explain DELETE FROM sbtest1 WHERE id=2640042
	Delete on sbtest1  (cost=0.43..8.45 rows=0 width=0)
	  ->  Index Scan using sbtest1_pkey on sbtest1  (cost=0.43..8.45 rows=1 width=6)
	        Index Cond: (id = 2640042)

table 2 : explain DELETE FROM sbtest2 WHERE id=9304649
	Delete on sbtest2  (cost=0.43..8.45 rows=0 width=0)
	  ->  Index Scan using sbtest2_pkey on sbtest2  (cost=0.43..8.45 rows=1 width=6)
	        Index Cond: (id = 9304649)

table 3 : explain DELETE FROM sbtest3 WHERE id=9005435
	Delete on sbtest3  (cost=0.43..8.45 rows=0 width=0)
	  ->  Index Scan using sbtest3_pkey on sbtest3  (cost=0.43..8.45 rows=1 width=6)
	        Index Cond: (id = 9005435)

table 4 : explain DELETE FROM sbtest4 WHERE id=3887285
	Delete on sbtest4  (cost=0.43..8.45 rows=0 width=0)
	  ->  Index Scan using sbtest4_pkey on sbtest4  (cost=0.43..8.45 rows=1 width=6)
	        Index Cond: (id = 3887285)

table 5 : explain DELETE FROM sbtest5 WHERE id=1579374
	Delete on sbtest5  (cost=0.43..8.45 rows=0 width=0)
	  ->  Index Scan using sbtest5_pkey on sbtest5  (cost=0.43..8.45 rows=1 width=6)
	        Index Cond: (id = 1579374)

table 6 : explain DELETE FROM sbtest6 WHERE id=8228961
	Delete on sbtest6  (cost=0.43..8.45 rows=0 width=0)
	  ->  Index Scan using sbtest6_pkey on sbtest6  (cost=0.43..8.45 rows=1 width=6)
	        Index Cond: (id = 8228961)

table 7 : explain DELETE FROM sbtest7 WHERE id=9567405
	Delete on sbtest7  (cost=0.43..8.45 rows=0 width=0)
	  ->  Index Scan using sbtest7_pkey on sbtest7  (cost=0.43..8.45 rows=1 width=6)
	        Index Cond: (id = 9567405)

table 8 : explain DELETE FROM sbtest8 WHERE id=9437120
	Delete on sbtest8  (cost=0.43..8.45 rows=0 width=0)
	  ->  Index Scan using sbtest8_pkey on sbtest8  (cost=0.43..8.45 rows=1 width=6)
	        Index Cond: (id = 9437120)

explain: for inserts :: explain INSERT INTO sbtest%u (id, k, c, pad) VALUES (%u, 13, 'foobar', 'foobar')
for deletes
table 1 : explain DELETE FROM sbtest1 WHERE id=989958
	Delete on sbtest1  (cost=0.43..8.45 rows=0 width=0)
	  ->  Index Scan using sbtest1_pkey on sbtest1  (cost=0.43..8.45 rows=1 width=6)
	        Index Cond: (id = 989958)

table 2 : explain DELETE FROM sbtest2 WHERE id=635913
	Delete on sbtest2  (cost=0.43..8.45 rows=0 width=0)
	  ->  Index Scan using sbtest2_pkey on sbtest2  (cost=0.43..8.45 rows=1 width=6)
	        Index Cond: (id = 635913)

table 3 : explain DELETE FROM sbtest3 WHERE id=1383478
	Delete on sbtest3  (cost=0.43..8.45 rows=0 width=0)
	  ->  Index Scan using sbtest3_pkey on sbtest3  (cost=0.43..8.45 rows=1 width=6)
	        Index Cond: (id = 1383478)

table 4 : explain DELETE FROM sbtest4 WHERE id=6365398
	Delete on sbtest4  (cost=0.43..8.45 rows=0 width=0)
	  ->  Index Scan using sbtest4_pkey on sbtest4  (cost=0.43..8.45 rows=1 width=6)
	        Index Cond: (id = 6365398)

table 5 : explain DELETE FROM sbtest5 WHERE id=243047
	Delete on sbtest5  (cost=0.43..8.45 rows=0 width=0)
	  ->  Index Scan using sbtest5_pkey on sbtest5  (cost=0.43..8.45 rows=1 width=6)
	        Index Cond: (id = 243047)

table 6 : explain DELETE FROM sbtest6 WHERE id=9465288
	Delete on sbtest6  (cost=0.43..8.45 rows=0 width=0)
	  ->  Index Scan using sbtest6_pkey on sbtest6  (cost=0.43..8.45 rows=1 width=6)
	        Index Cond: (id = 9465288)

table 7 : explain DELETE FROM sbtest7 WHERE id=1354624
	Delete on sbtest7  (cost=0.43..8.45 rows=0 width=0)
	  ->  Index Scan using sbtest7_pkey on sbtest7  (cost=0.43..8.45 rows=1 width=6)
	        Index Cond: (id = 1354624)

table 8 : explain DELETE FROM sbtest8 WHERE id=8361178
	Delete on sbtest8  (cost=0.43..8.45 rows=0 width=0)
	  ->  Index Scan using sbtest8_pkey on sbtest8  (cost=0.43..8.45 rows=1 width=6)
	        Index Cond: (id = 8361178)

explain: for inserts :: explain INSERT INTO sbtest%u (id, k, c, pad) VALUES (%u, 13, 'foobar', 'foobar')
explain: for inserts :: explain INSERT INTO sbtest%u (id, k, c, pad) VALUES (%u, 13, 'foobar', 'foobar')
for inserts
table 1 : explain INSERT INTO sbtest1 (id, k, c, pad) VALUES (6028323, 13, 'foobar', 'foobar')
	Insert on sbtest1  (cost=0.00..0.01 rows=0 width=0)
	  ->  Result  (cost=0.00..0.01 rows=1 width=736)

table 2 : explain INSERT INTO sbtest2 (id, k, c, pad) VALUES (1553709, 13, 'foobar', 'foobar')
	Insert on sbtest2  (cost=0.00..0.01 rows=0 width=0)
	  ->  Result  (cost=0.00..0.01 rows=1 width=736)

table 3 : explain INSERT INTO sbtest3 (id, k, c, pad) VALUES (8751346, 13, 'foobar', 'foobar')
	Insert on sbtest3  (cost=0.00..0.01 rows=0 width=0)
	  ->  Result  (cost=0.00..0.01 rows=1 width=736)

table 4 : explain INSERT INTO sbtest4 (id, k, c, pad) VALUES (9022814, 13, 'foobar', 'foobar')
	Insert on sbtest4  (cost=0.00..0.01 rows=0 width=0)
	  ->  Result  (cost=0.00..0.01 rows=1 width=736)

table 5 : explain INSERT INTO sbtest5 (id, k, c, pad) VALUES (8589434, 13, 'foobar', 'foobar')
	Insert on sbtest5  (cost=0.00..0.01 rows=0 width=0)
	  ->  Result  (cost=0.00..0.01 rows=1 width=736)

table 6 : explain INSERT INTO sbtest6 (id, k, c, pad) VALUES (7664260, 13, 'foobar', 'foobar')
	Insert on sbtest6  (cost=0.00..0.01 rows=0 width=0)
	  ->  Result  (cost=0.00..0.01 rows=1 width=736)

table 7 : explain INSERT INTO sbtest7 (id, k, c, pad) VALUES (7760137, 13, 'foobar', 'foobar')
	Insert on sbtest7  (cost=0.00..0.01 rows=0 width=0)
	  ->  Result  (cost=0.00..0.01 rows=1 width=736)

table 8 : explain INSERT INTO sbtest8 (id, k, c, pad) VALUES (9832404, 13, 'foobar', 'foobar')
	Insert on sbtest8  (cost=0.00..0.01 rows=0 width=0)
	  ->  Result  (cost=0.00..0.01 rows=1 width=736)

for inserts
table 1 : explain INSERT INTO sbtest1 (id, k, c, pad) VALUES (1317560, 13, 'foobar', 'foobar')
	Insert on sbtest1  (cost=0.00..0.01 rows=0 width=0)
	  ->  Result  (cost=0.00..0.01 rows=1 width=736)

table 2 : explain INSERT INTO sbtest2 (id, k, c, pad) VALUES (5517106, 13, 'foobar', 'foobar')
	Insert on sbtest2  (cost=0.00..0.01 rows=0 width=0)
	  ->  Result  (cost=0.00..0.01 rows=1 width=736)

table 3 : explain INSERT INTO sbtest3 (id, k, c, pad) VALUES (1758297, 13, 'foobar', 'foobar')
	Insert on sbtest3  (cost=0.00..0.01 rows=0 width=0)
	  ->  Result  (cost=0.00..0.01 rows=1 width=736)

table 4 : explain INSERT INTO sbtest4 (id, k, c, pad) VALUES (4042200, 13, 'foobar', 'foobar')
	Insert on sbtest4  (cost=0.00..0.01 rows=0 width=0)
	  ->  Result  (cost=0.00..0.01 rows=1 width=736)

table 5 : explain INSERT INTO sbtest5 (id, k, c, pad) VALUES (8576358, 13, 'foobar', 'foobar')
	Insert on sbtest5  (cost=0.00..0.01 rows=0 width=0)
	  ->  Result  (cost=0.00..0.01 rows=1 width=736)

table 6 : explain INSERT INTO sbtest6 (id, k, c, pad) VALUES (1977424, 13, 'foobar', 'foobar')
	Insert on sbtest6  (cost=0.00..0.01 rows=0 width=0)
	  ->  Result  (cost=0.00..0.01 rows=1 width=736)

table 7 : explain INSERT INTO sbtest7 (id, k, c, pad) VALUES (9670123, 13, 'foobar', 'foobar')
	Insert on sbtest7  (cost=0.00..0.01 rows=0 width=0)
	  ->  Result  (cost=0.00..0.01 rows=1 width=736)

table 8 : explain INSERT INTO sbtest8 (id, k, c, pad) VALUES (6410386, 13, 'foobar', 'foobar')
	Insert on sbtest8  (cost=0.00..0.01 rows=0 width=0)
	  ->  Result  (cost=0.00..0.01 rows=1 width=736)

for inserts
table 1 : explain INSERT INTO sbtest1 (id, k, c, pad) VALUES (4003498, 13, 'foobar', 'foobar')
	Insert on sbtest1  (cost=0.00..0.01 rows=0 width=0)
	  ->  Result  (cost=0.00..0.01 rows=1 width=736)

table 2 : explain INSERT INTO sbtest2 (id, k, c, pad) VALUES (3383487, 13, 'foobar', 'foobar')
	Insert on sbtest2  (cost=0.00..0.01 rows=0 width=0)
	  ->  Result  (cost=0.00..0.01 rows=1 width=736)

table 3 : explain INSERT INTO sbtest3 (id, k, c, pad) VALUES (5807218, 13, 'foobar', 'foobar')
	Insert on sbtest3  (cost=0.00..0.01 rows=0 width=0)
	  ->  Result  (cost=0.00..0.01 rows=1 width=736)

table 4 : explain INSERT INTO sbtest4 (id, k, c, pad) VALUES (5194192, 13, 'foobar', 'foobar')
	Insert on sbtest4  (cost=0.00..0.01 rows=0 width=0)
	  ->  Result  (cost=0.00..0.01 rows=1 width=736)

table 5 : explain INSERT INTO sbtest5 (id, k, c, pad) VALUES (7072799, 13, 'foobar', 'foobar')
	Insert on sbtest5  (cost=0.00..0.01 rows=0 width=0)
	  ->  Result  (cost=0.00..0.01 rows=1 width=736)

table 6 : explain INSERT INTO sbtest6 (id, k, c, pad) VALUES (2229456, 13, 'foobar', 'foobar')
	Insert on sbtest6  (cost=0.00..0.01 rows=0 width=0)
	  ->  Result  (cost=0.00..0.01 rows=1 width=736)

table 7 : explain INSERT INTO sbtest7 (id, k, c, pad) VALUES (7731148, 13, 'foobar', 'foobar')
	Insert on sbtest7  (cost=0.00..0.01 rows=0 width=0)
	  ->  Result  (cost=0.00..0.01 rows=1 width=736)

table 8 : explain INSERT INTO sbtest8 (id, k, c, pad) VALUES (9793907, 13, 'foobar', 'foobar')
	Insert on sbtest8  (cost=0.00..0.01 rows=0 width=0)
	  ->  Result  (cost=0.00..0.01 rows=1 width=736)

explain: for inserts :: explain INSERT INTO sbtest%u (id, k, c, pad) VALUES (%u, 13, 'foobar', 'foobar')
for inserts
table 1 : explain INSERT INTO sbtest1 (id, k, c, pad) VALUES (7038871, 13, 'foobar', 'foobar')
	Insert on sbtest1  (cost=0.00..0.01 rows=0 width=0)
	  ->  Result  (cost=0.00..0.01 rows=1 width=736)

table 2 : explain INSERT INTO sbtest2 (id, k, c, pad) VALUES (1148835, 13, 'foobar', 'foobar')
	Insert on sbtest2  (cost=0.00..0.01 rows=0 width=0)
	  ->  Result  (cost=0.00..0.01 rows=1 width=736)

table 3 : explain INSERT INTO sbtest3 (id, k, c, pad) VALUES (6192298, 13, 'foobar', 'foobar')
	Insert on sbtest3  (cost=0.00..0.01 rows=0 width=0)
	  ->  Result  (cost=0.00..0.01 rows=1 width=736)

table 4 : explain INSERT INTO sbtest4 (id, k, c, pad) VALUES (1051829, 13, 'foobar', 'foobar')
	Insert on sbtest4  (cost=0.00..0.01 rows=0 width=0)
	  ->  Result  (cost=0.00..0.01 rows=1 width=736)

table 5 : explain INSERT INTO sbtest5 (id, k, c, pad) VALUES (4326981, 13, 'foobar', 'foobar')
	Insert on sbtest5  (cost=0.00..0.01 rows=0 width=0)
	  ->  Result  (cost=0.00..0.01 rows=1 width=736)

table 6 : explain INSERT INTO sbtest6 (id, k, c, pad) VALUES (6279214, 13, 'foobar', 'foobar')
	Insert on sbtest6  (cost=0.00..0.01 rows=0 width=0)
	  ->  Result  (cost=0.00..0.01 rows=1 width=736)

table 7 : explain INSERT INTO sbtest7 (id, k, c, pad) VALUES (2485931, 13, 'foobar', 'foobar')
	Insert on sbtest7  (cost=0.00..0.01 rows=0 width=0)
	  ->  Result  (cost=0.00..0.01 rows=1 width=736)

table 8 : explain INSERT INTO sbtest8 (id, k, c, pad) VALUES (7070227, 13, 'foobar', 'foobar')
	Insert on sbtest8  (cost=0.00..0.01 rows=0 width=0)
	  ->  Result  (cost=0.00..0.01 rows=1 width=736)

Threads started!

Warming up for 5 seconds...

SQL statistics:
    queries performed:
        read:                            321983148
        write:                           91995295
        other:                           45997621
        total:                           459976064
    transactions:                        22998830 (24729.71 per sec.)
    queries:                             459976064 (494593.60 per sec.)
    ignored errors:                      0      (0.00 per sec.)
    reconnects:                          0      (0.00 per sec.)

Throughput:
    events/s (eps):                      24729.7088
    time elapsed:                        930.0085s
    total number of events:              22998830

Latency (ms):
         min:                                    1.34
         avg:                                    1.62
         max:                                   88.83
         95th percentile:                        1.70
         sum:                             37175876.86

Threads fairness:
    events (avg/stddev):           574970.3500/3751.14
    execution time (avg/stddev):   929.3969/0.01

