LUA_PATH=/home/mdcallag/git/mytools/bench/sysbench.lua/lua/?.lua /home/mdcallag/git/mytools/bench/sysbench.lua/lua/sysbench --db-driver=pgsql --range-size=100 --table-size=10000000 --tables=8 --threads=40 --events=0 --warmup-time=5 --time=630 --pgsql_conn_id=true /home/mdcallag/git/mytools/bench/sysbench.lua/lua/oltp_range_covered.lua run --pgsql-user=root --pgsql-password=pw --pgsql-host=127.0.0.1 --pgsql-db=ib --rand-type=uniform --random-points=100 --skip-trx
48 CPUs
sysbench 1.1.0-9072687 (using bundled LuaJIT 2.1.0-beta3)

Running the test with following options:
Number of threads: 40
Warmup time: 5s
Initializing random number generator from current time


Initializing worker threads...

explain: for range-covered :: explain SELECT id FROM sbtest%d WHERE id BETWEEN 7438801 AND 7438901
explain: for range-covered :: explain SELECT id FROM sbtest%d WHERE id BETWEEN 3792041 AND 3792141
explain: for range-covered :: explain SELECT id FROM sbtest%d WHERE id BETWEEN 6089090 AND 6089190
explain: for range-covered :: explain SELECT id FROM sbtest%d WHERE id BETWEEN 6143599 AND 6143699
for range-covered
table 1 : explain SELECT id FROM sbtest1 WHERE id BETWEEN 7438801 AND 7438901
	Index Only Scan using sbtest1_pkey on sbtest1  (cost=0.43..10.46 rows=101 width=4)
	  Index Cond: ((id >= 7438801) AND (id <= 7438901))

table 2 : explain SELECT id FROM sbtest2 WHERE id BETWEEN 7438801 AND 7438901
	Index Only Scan using sbtest2_pkey on sbtest2  (cost=0.43..6.47 rows=102 width=4)
	  Index Cond: ((id >= 7438801) AND (id <= 7438901))

table 3 : explain SELECT id FROM sbtest3 WHERE id BETWEEN 7438801 AND 7438901
	Index Only Scan using sbtest3_pkey on sbtest3  (cost=0.43..6.43 rows=100 width=4)
	  Index Cond: ((id >= 7438801) AND (id <= 7438901))

table 4 : explain SELECT id FROM sbtest4 WHERE id BETWEEN 7438801 AND 7438901
	Index Only Scan using sbtest4_pkey on sbtest4  (cost=0.43..6.27 rows=92 width=4)
	  Index Cond: ((id >= 7438801) AND (id <= 7438901))

table 5 : explain SELECT id FROM sbtest5 WHERE id BETWEEN 7438801 AND 7438901
	Index Only Scan using sbtest5_pkey on sbtest5  (cost=0.43..6.25 rows=91 width=4)
	  Index Cond: ((id >= 7438801) AND (id <= 7438901))

table 6 : explain SELECT id FROM sbtest6 WHERE id BETWEEN 7438801 AND 7438901
	Index Only Scan using sbtest6_pkey on sbtest6  (cost=0.43..6.51 rows=104 width=4)
	  Index Cond: ((id >= 7438801) AND (id <= 7438901))

table 7 : explain SELECT id FROM sbtest7 WHERE id BETWEEN 7438801 AND 7438901
	Index Only Scan using sbtest7_pkey on sbtest7  (cost=0.43..6.74 rows=115 width=4)
	  Index Cond: ((id >= 7438801) AND (id <= 7438901))

table 8 : explain SELECT id FROM sbtest8 WHERE id BETWEEN 7438801 AND 7438901
	Index Only Scan using sbtest8_pkey on sbtest8  (cost=0.43..6.51 rows=104 width=4)
	  Index Cond: ((id >= 7438801) AND (id <= 7438901))

explain: for range-covered :: explain SELECT id FROM sbtest%d WHERE id BETWEEN 7438801 AND 7438901
explain: for range-covered :: explain SELECT id FROM sbtest%d WHERE id BETWEEN 6662973 AND 6663073
explain: for range-covered :: explain SELECT id FROM sbtest%d WHERE id BETWEEN 5748295 AND 5748395
explain: for range-covered :: explain SELECT id FROM sbtest%d WHERE id BETWEEN 5488194 AND 5488294
explain: for range-covered :: explain SELECT id FROM sbtest%d WHERE id BETWEEN 3635888 AND 3635988
explain: for range-covered :: explain SELECT id FROM sbtest%d WHERE id BETWEEN 8552899 AND 8552999
for range-covered
table 1 : explain SELECT id FROM sbtest1 WHERE id BETWEEN 7438801 AND 7438901
	Index Only Scan using sbtest1_pkey on sbtest1  (cost=0.43..10.46 rows=101 width=4)
	  Index Cond: ((id >= 7438801) AND (id <= 7438901))

table 2 : explain SELECT id FROM sbtest2 WHERE id BETWEEN 7438801 AND 7438901
	Index Only Scan using sbtest2_pkey on sbtest2  (cost=0.43..6.47 rows=102 width=4)
	  Index Cond: ((id >= 7438801) AND (id <= 7438901))

table 3 : explain SELECT id FROM sbtest3 WHERE id BETWEEN 7438801 AND 7438901
	Index Only Scan using sbtest3_pkey on sbtest3  (cost=0.43..6.43 rows=100 width=4)
	  Index Cond: ((id >= 7438801) AND (id <= 7438901))

table 4 : explain SELECT id FROM sbtest4 WHERE id BETWEEN 7438801 AND 7438901
	Index Only Scan using sbtest4_pkey on sbtest4  (cost=0.43..6.27 rows=92 width=4)
	  Index Cond: ((id >= 7438801) AND (id <= 7438901))

table 5 : explain SELECT id FROM sbtest5 WHERE id BETWEEN 7438801 AND 7438901
	Index Only Scan using sbtest5_pkey on sbtest5  (cost=0.43..6.25 rows=91 width=4)
	  Index Cond: ((id >= 7438801) AND (id <= 7438901))

table 6 : explain SELECT id FROM sbtest6 WHERE id BETWEEN 7438801 AND 7438901
	Index Only Scan using sbtest6_pkey on sbtest6  (cost=0.43..6.51 rows=104 width=4)
	  Index Cond: ((id >= 7438801) AND (id <= 7438901))

table 7 : explain SELECT id FROM sbtest7 WHERE id BETWEEN 7438801 AND 7438901
	Index Only Scan using sbtest7_pkey on sbtest7  (cost=0.43..6.74 rows=115 width=4)
	  Index Cond: ((id >= 7438801) AND (id <= 7438901))

table 8 : explain SELECT id FROM sbtest8 WHERE id BETWEEN 7438801 AND 7438901
	Index Only Scan using sbtest8_pkey on sbtest8  (cost=0.43..6.51 rows=104 width=4)
	  Index Cond: ((id >= 7438801) AND (id <= 7438901))

explain: for range-covered :: explain SELECT id FROM sbtest%d WHERE id BETWEEN 7438801 AND 7438901
for range-covered
table 1 : explain SELECT id FROM sbtest1 WHERE id BETWEEN 7438801 AND 7438901
	Index Only Scan using sbtest1_pkey on sbtest1  (cost=0.43..10.46 rows=101 width=4)
	  Index Cond: ((id >= 7438801) AND (id <= 7438901))

table 2 : explain SELECT id FROM sbtest2 WHERE id BETWEEN 7438801 AND 7438901
	Index Only Scan using sbtest2_pkey on sbtest2  (cost=0.43..6.47 rows=102 width=4)
	  Index Cond: ((id >= 7438801) AND (id <= 7438901))

table 3 : explain SELECT id FROM sbtest3 WHERE id BETWEEN 7438801 AND 7438901
	Index Only Scan using sbtest3_pkey on sbtest3  (cost=0.43..6.43 rows=100 width=4)
	  Index Cond: ((id >= 7438801) AND (id <= 7438901))

table 4 : explain SELECT id FROM sbtest4 WHERE id BETWEEN 7438801 AND 7438901
	Index Only Scan using sbtest4_pkey on sbtest4  (cost=0.43..6.27 rows=92 width=4)
	  Index Cond: ((id >= 7438801) AND (id <= 7438901))

table 5 : explain SELECT id FROM sbtest5 WHERE id BETWEEN 7438801 AND 7438901
	Index Only Scan using sbtest5_pkey on sbtest5  (cost=0.43..6.25 rows=91 width=4)
	  Index Cond: ((id >= 7438801) AND (id <= 7438901))

table 6 : explain SELECT id FROM sbtest6 WHERE id BETWEEN 7438801 AND 7438901
	Index Only Scan using sbtest6_pkey on sbtest6  (cost=0.43..6.51 rows=104 width=4)
	  Index Cond: ((id >= 7438801) AND (id <= 7438901))

table 7 : explain SELECT id FROM sbtest7 WHERE id BETWEEN 7438801 AND 7438901
	Index Only Scan using sbtest7_pkey on sbtest7  (cost=0.43..6.74 rows=115 width=4)
	  Index Cond: ((id >= 7438801) AND (id <= 7438901))

table 8 : explain SELECT id FROM sbtest8 WHERE id BETWEEN 7438801 AND 7438901
	Index Only Scan using sbtest8_pkey on sbtest8  (cost=0.43..6.51 rows=104 width=4)
	  Index Cond: ((id >= 7438801) AND (id <= 7438901))

explain: for range-covered :: explain SELECT id FROM sbtest%d WHERE id BETWEEN 7438801 AND 7438901
for range-covered
table 1 : explain SELECT id FROM sbtest1 WHERE id BETWEEN 7438801 AND 7438901
	Index Only Scan using sbtest1_pkey on sbtest1  (cost=0.43..10.46 rows=101 width=4)
	  Index Cond: ((id >= 7438801) AND (id <= 7438901))

table 2 : explain SELECT id FROM sbtest2 WHERE id BETWEEN 7438801 AND 7438901
	Index Only Scan using sbtest2_pkey on sbtest2  (cost=0.43..6.47 rows=102 width=4)
	  Index Cond: ((id >= 7438801) AND (id <= 7438901))

table 3 : explain SELECT id FROM sbtest3 WHERE id BETWEEN 7438801 AND 7438901
	Index Only Scan using sbtest3_pkey on sbtest3  (cost=0.43..6.43 rows=100 width=4)
	  Index Cond: ((id >= 7438801) AND (id <= 7438901))

table 4 : explain SELECT id FROM sbtest4 WHERE id BETWEEN 7438801 AND 7438901
	Index Only Scan using sbtest4_pkey on sbtest4  (cost=0.43..6.27 rows=92 width=4)
	  Index Cond: ((id >= 7438801) AND (id <= 7438901))

table 5 : explain SELECT id FROM sbtest5 WHERE id BETWEEN 7438801 AND 7438901
	Index Only Scan using sbtest5_pkey on sbtest5  (cost=0.43..6.25 rows=91 width=4)
	  Index Cond: ((id >= 7438801) AND (id <= 7438901))

table 6 : explain SELECT id FROM sbtest6 WHERE id BETWEEN 7438801 AND 7438901
	Index Only Scan using sbtest6_pkey on sbtest6  (cost=0.43..6.51 rows=104 width=4)
	  Index Cond: ((id >= 7438801) AND (id <= 7438901))

table 7 : explain SELECT id FROM sbtest7 WHERE id BETWEEN 7438801 AND 7438901
	Index Only Scan using sbtest7_pkey on sbtest7  (cost=0.43..6.74 rows=115 width=4)
	  Index Cond: ((id >= 7438801) AND (id <= 7438901))

table 8 : explain SELECT id FROM sbtest8 WHERE id BETWEEN 7438801 AND 7438901
	Index Only Scan using sbtest8_pkey on sbtest8  (cost=0.43..6.51 rows=104 width=4)
	  Index Cond: ((id >= 7438801) AND (id <= 7438901))

explain: for range-covered :: explain SELECT id FROM sbtest%d WHERE id BETWEEN 7438801 AND 7438901
explain: for range-covered :: explain SELECT id FROM sbtest%d WHERE id BETWEEN 4789386 AND 4789486
for range-covered
table 1 : explain SELECT id FROM sbtest1 WHERE id BETWEEN 3792041 AND 3792141
	Index Only Scan using sbtest1_pkey on sbtest1  (cost=0.43..10.42 rows=99 width=4)
	  Index Cond: ((id >= 3792041) AND (id <= 3792141))

table 2 : explain SELECT id FROM sbtest2 WHERE id BETWEEN 3792041 AND 3792141
	Index Only Scan using sbtest2_pkey on sbtest2  (cost=0.43..6.29 rows=93 width=4)
	  Index Cond: ((id >= 3792041) AND (id <= 3792141))

table 3 : explain SELECT id FROM sbtest3 WHERE id BETWEEN 3792041 AND 3792141
	Index Only Scan using sbtest3_pkey on sbtest3  (cost=0.43..6.35 rows=96 width=4)
	  Index Cond: ((id >= 3792041) AND (id <= 3792141))

table 4 : explain SELECT id FROM sbtest4 WHERE id BETWEEN 3792041 AND 3792141
	Index Only Scan using sbtest4_pkey on sbtest4  (cost=0.43..6.50 rows=103 width=4)
	  Index Cond: ((id >= 3792041) AND (id <= 3792141))

table 5 : explain SELECT id FROM sbtest5 WHERE id BETWEEN 3792041 AND 3792141
	Index Only Scan using sbtest5_pkey on sbtest5  (cost=0.43..6.42 rows=99 width=4)
	  Index Cond: ((id >= 3792041) AND (id <= 3792141))

table 6 : explain SELECT id FROM sbtest6 WHERE id BETWEEN 3792041 AND 3792141
	Index Only Scan using sbtest6_pkey on sbtest6  (cost=0.43..6.53 rows=105 width=4)
	  Index Cond: ((id >= 3792041) AND (id <= 3792141))

table 7 : explain SELECT id FROM sbtest7 WHERE id BETWEEN 3792041 AND 3792141
	Index Only Scan using sbtest7_pkey on sbtest7  (cost=0.43..6.53 rows=105 width=4)
	  Index Cond: ((id >= 3792041) AND (id <= 3792141))

table 8 : explain SELECT id FROM sbtest8 WHERE id BETWEEN 3792041 AND 3792141
	Index Only Scan using sbtest8_pkey on sbtest8  (cost=0.43..6.61 rows=109 width=4)
	  Index Cond: ((id >= 3792041) AND (id <= 3792141))

for range-covered
table 1 : explain SELECT id FROM sbtest1 WHERE id BETWEEN 7438801 AND 7438901
	Index Only Scan using sbtest1_pkey on sbtest1  (cost=0.43..10.46 rows=101 width=4)
	  Index Cond: ((id >= 7438801) AND (id <= 7438901))

table 2 : explain SELECT id FROM sbtest2 WHERE id BETWEEN 7438801 AND 7438901
	Index Only Scan using sbtest2_pkey on sbtest2  (cost=0.43..6.47 rows=102 width=4)
	  Index Cond: ((id >= 7438801) AND (id <= 7438901))

table 3 : explain SELECT id FROM sbtest3 WHERE id BETWEEN 7438801 AND 7438901
	Index Only Scan using sbtest3_pkey on sbtest3  (cost=0.43..6.43 rows=100 width=4)
	  Index Cond: ((id >= 7438801) AND (id <= 7438901))

table 4 : explain SELECT id FROM sbtest4 WHERE id BETWEEN 7438801 AND 7438901
	Index Only Scan using sbtest4_pkey on sbtest4  (cost=0.43..6.27 rows=92 width=4)
	  Index Cond: ((id >= 7438801) AND (id <= 7438901))

table 5 : explain SELECT id FROM sbtest5 WHERE id BETWEEN 7438801 AND 7438901
	Index Only Scan using sbtest5_pkey on sbtest5  (cost=0.43..6.25 rows=91 width=4)
	  Index Cond: ((id >= 7438801) AND (id <= 7438901))

table 6 : explain SELECT id FROM sbtest6 WHERE id BETWEEN 7438801 AND 7438901
	Index Only Scan using sbtest6_pkey on sbtest6  (cost=0.43..6.51 rows=104 width=4)
	  Index Cond: ((id >= 7438801) AND (id <= 7438901))

table 7 : explain SELECT id FROM sbtest7 WHERE id BETWEEN 7438801 AND 7438901
	Index Only Scan using sbtest7_pkey on sbtest7  (cost=0.43..6.74 rows=115 width=4)
	  Index Cond: ((id >= 7438801) AND (id <= 7438901))

table 8 : explain SELECT id FROM sbtest8 WHERE id BETWEEN 7438801 AND 7438901
	Index Only Scan using sbtest8_pkey on sbtest8  (cost=0.43..6.51 rows=104 width=4)
	  Index Cond: ((id >= 7438801) AND (id <= 7438901))

explain: for range-covered :: explain SELECT id FROM sbtest%d WHERE id BETWEEN 3792041 AND 3792141
explain: for range-covered :: explain SELECT id FROM sbtest%d WHERE id BETWEEN 7438801 AND 7438901
for range-covered
table 1 : explain SELECT id FROM sbtest1 WHERE id BETWEEN 6143599 AND 6143699
	Index Only Scan using sbtest1_pkey on sbtest1  (cost=0.43..10.44 rows=100 width=4)
	  Index Cond: ((id >= 6143599) AND (id <= 6143699))

table 2 : explain SELECT id FROM sbtest2 WHERE id BETWEEN 6143599 AND 6143699
	Index Only Scan using sbtest2_pkey on sbtest2  (cost=0.43..6.59 rows=108 width=4)
	  Index Cond: ((id >= 6143599) AND (id <= 6143699))

table 3 : explain SELECT id FROM sbtest3 WHERE id BETWEEN 6143599 AND 6143699
	Index Only Scan using sbtest3_pkey on sbtest3  (cost=0.43..6.51 rows=104 width=4)
	  Index Cond: ((id >= 6143599) AND (id <= 6143699))

table 4 : explain SELECT id FROM sbtest4 WHERE id BETWEEN 6143599 AND 6143699
	Index Only Scan using sbtest4_pkey on sbtest4  (cost=0.43..6.35 rows=96 width=4)
	  Index Cond: ((id >= 6143599) AND (id <= 6143699))

table 5 : explain SELECT id FROM sbtest5 WHERE id BETWEEN 6143599 AND 6143699
	Index Only Scan using sbtest5_pkey on sbtest5  (cost=0.43..6.32 rows=94 width=4)
	  Index Cond: ((id >= 6143599) AND (id <= 6143699))

table 6 : explain SELECT id FROM sbtest6 WHERE id BETWEEN 6143599 AND 6143699
	Index Only Scan using sbtest6_pkey on sbtest6  (cost=0.43..6.56 rows=106 width=4)
	  Index Cond: ((id >= 6143599) AND (id <= 6143699))

table 7 : explain SELECT id FROM sbtest7 WHERE id BETWEEN 6143599 AND 6143699
	Index Only Scan using sbtest7_pkey on sbtest7  (cost=0.43..6.47 rows=102 width=4)
	  Index Cond: ((id >= 6143599) AND (id <= 6143699))

table 8 : explain SELECT id FROM sbtest8 WHERE id BETWEEN 6143599 AND 6143699
	Index Only Scan using sbtest8_pkey on sbtest8  (cost=0.43..6.56 rows=106 width=4)
	  Index Cond: ((id >= 6143599) AND (id <= 6143699))

for range-covered
table 1 : explain SELECT id FROM sbtest1 WHERE id BETWEEN 5748295 AND 5748395
	Index Only Scan using sbtest1_pkey on sbtest1  (cost=0.43..10.56 rows=106 width=4)
	  Index Cond: ((id >= 5748295) AND (id <= 5748395))

table 2 : explain SELECT id FROM sbtest2 WHERE id BETWEEN 5748295 AND 5748395
	Index Only Scan using sbtest2_pkey on sbtest2  (cost=0.43..6.56 rows=106 width=4)
	  Index Cond: ((id >= 5748295) AND (id <= 5748395))

table 3 : explain SELECT id FROM sbtest3 WHERE id BETWEEN 5748295 AND 5748395
	Index Only Scan using sbtest3_pkey on sbtest3  (cost=0.43..6.50 rows=103 width=4)
	  Index Cond: ((id >= 5748295) AND (id <= 5748395))

table 4 : explain SELECT id FROM sbtest4 WHERE id BETWEEN 5748295 AND 5748395
	Index Only Scan using sbtest4_pkey on sbtest4  (cost=0.43..6.53 rows=105 width=4)
	  Index Cond: ((id >= 5748295) AND (id <= 5748395))

table 5 : explain SELECT id FROM sbtest5 WHERE id BETWEEN 5748295 AND 5748395
	Index Only Scan using sbtest5_pkey on sbtest5  (cost=0.43..6.61 rows=109 width=4)
	  Index Cond: ((id >= 5748295) AND (id <= 5748395))

table 6 : explain SELECT id FROM sbtest6 WHERE id BETWEEN 5748295 AND 5748395
	Index Only Scan using sbtest6_pkey on sbtest6  (cost=0.43..6.47 rows=102 width=4)
	  Index Cond: ((id >= 5748295) AND (id <= 5748395))

table 7 : explain SELECT id FROM sbtest7 WHERE id BETWEEN 5748295 AND 5748395
	Index Only Scan using sbtest7_pkey on sbtest7  (cost=0.43..6.56 rows=106 width=4)
	  Index Cond: ((id >= 5748295) AND (id <= 5748395))

table 8 : explain SELECT id FROM sbtest8 WHERE id BETWEEN 5748295 AND 5748395
	Index Only Scan using sbtest8_pkey on sbtest8  (cost=0.43..6.40 rows=98 width=4)
	  Index Cond: ((id >= 5748295) AND (id <= 5748395))

explain: for range-covered :: explain SELECT id FROM sbtest%d WHERE id BETWEEN 6143599 AND 6143699
explain: for range-covered :: explain SELECT id FROM sbtest%d WHERE id BETWEEN 5748295 AND 5748395
for range-covered
table 1 : explain SELECT id FROM sbtest1 WHERE id BETWEEN 7438801 AND 7438901
	Index Only Scan using sbtest1_pkey on sbtest1  (cost=0.43..10.46 rows=101 width=4)
	  Index Cond: ((id >= 7438801) AND (id <= 7438901))

table 2 : explain SELECT id FROM sbtest2 WHERE id BETWEEN 7438801 AND 7438901
	Index Only Scan using sbtest2_pkey on sbtest2  (cost=0.43..6.47 rows=102 width=4)
	  Index Cond: ((id >= 7438801) AND (id <= 7438901))

table 3 : explain SELECT id FROM sbtest3 WHERE id BETWEEN 7438801 AND 7438901
	Index Only Scan using sbtest3_pkey on sbtest3  (cost=0.43..6.43 rows=100 width=4)
	  Index Cond: ((id >= 7438801) AND (id <= 7438901))

table 4 : explain SELECT id FROM sbtest4 WHERE id BETWEEN 7438801 AND 7438901
	Index Only Scan using sbtest4_pkey on sbtest4  (cost=0.43..6.27 rows=92 width=4)
	  Index Cond: ((id >= 7438801) AND (id <= 7438901))

table 5 : explain SELECT id FROM sbtest5 WHERE id BETWEEN 7438801 AND 7438901
	Index Only Scan using sbtest5_pkey on sbtest5  (cost=0.43..6.25 rows=91 width=4)
	  Index Cond: ((id >= 7438801) AND (id <= 7438901))

table 6 : explain SELECT id FROM sbtest6 WHERE id BETWEEN 7438801 AND 7438901
	Index Only Scan using sbtest6_pkey on sbtest6  (cost=0.43..6.51 rows=104 width=4)
	  Index Cond: ((id >= 7438801) AND (id <= 7438901))

table 7 : explain SELECT id FROM sbtest7 WHERE id BETWEEN 7438801 AND 7438901
	Index Only Scan using sbtest7_pkey on sbtest7  (cost=0.43..6.74 rows=115 width=4)
	  Index Cond: ((id >= 7438801) AND (id <= 7438901))

table 8 : explain SELECT id FROM sbtest8 WHERE id BETWEEN 7438801 AND 7438901
	Index Only Scan using sbtest8_pkey on sbtest8  (cost=0.43..6.51 rows=104 width=4)
	  Index Cond: ((id >= 7438801) AND (id <= 7438901))

explain: for range-covered :: explain SELECT id FROM sbtest%d WHERE id BETWEEN 7438801 AND 7438901
for range-covered
table 1 : explain SELECT id FROM sbtest1 WHERE id BETWEEN 3792041 AND 3792141
	Index Only Scan using sbtest1_pkey on sbtest1  (cost=0.43..10.42 rows=99 width=4)
	  Index Cond: ((id >= 3792041) AND (id <= 3792141))

table 2 : explain SELECT id FROM sbtest2 WHERE id BETWEEN 3792041 AND 3792141
	Index Only Scan using sbtest2_pkey on sbtest2  (cost=0.43..6.29 rows=93 width=4)
	  Index Cond: ((id >= 3792041) AND (id <= 3792141))

table 3 : explain SELECT id FROM sbtest3 WHERE id BETWEEN 3792041 AND 3792141
	Index Only Scan using sbtest3_pkey on sbtest3  (cost=0.43..6.35 rows=96 width=4)
	  Index Cond: ((id >= 3792041) AND (id <= 3792141))

table 4 : explain SELECT id FROM sbtest4 WHERE id BETWEEN 3792041 AND 3792141
	Index Only Scan using sbtest4_pkey on sbtest4  (cost=0.43..6.50 rows=103 width=4)
	  Index Cond: ((id >= 3792041) AND (id <= 3792141))

table 5 : explain SELECT id FROM sbtest5 WHERE id BETWEEN 3792041 AND 3792141
	Index Only Scan using sbtest5_pkey on sbtest5  (cost=0.43..6.42 rows=99 width=4)
	  Index Cond: ((id >= 3792041) AND (id <= 3792141))

table 6 : explain SELECT id FROM sbtest6 WHERE id BETWEEN 3792041 AND 3792141
	Index Only Scan using sbtest6_pkey on sbtest6  (cost=0.43..6.53 rows=105 width=4)
	  Index Cond: ((id >= 3792041) AND (id <= 3792141))

table 7 : explain SELECT id FROM sbtest7 WHERE id BETWEEN 3792041 AND 3792141
	Index Only Scan using sbtest7_pkey on sbtest7  (cost=0.43..6.53 rows=105 width=4)
	  Index Cond: ((id >= 3792041) AND (id <= 3792141))

table 8 : explain SELECT id FROM sbtest8 WHERE id BETWEEN 3792041 AND 3792141
	Index Only Scan using sbtest8_pkey on sbtest8  (cost=0.43..6.61 rows=109 width=4)
	  Index Cond: ((id >= 3792041) AND (id <= 3792141))

explain: for range-covered :: explain SELECT id FROM sbtest%d WHERE id BETWEEN 3792041 AND 3792141
for range-covered
table 1 : explain SELECT id FROM sbtest1 WHERE id BETWEEN 6143599 AND 6143699
	Index Only Scan using sbtest1_pkey on sbtest1  (cost=0.43..10.44 rows=100 width=4)
	  Index Cond: ((id >= 6143599) AND (id <= 6143699))

table 2 : explain SELECT id FROM sbtest2 WHERE id BETWEEN 6143599 AND 6143699
	Index Only Scan using sbtest2_pkey on sbtest2  (cost=0.43..6.59 rows=108 width=4)
	  Index Cond: ((id >= 6143599) AND (id <= 6143699))

table 3 : explain SELECT id FROM sbtest3 WHERE id BETWEEN 6143599 AND 6143699
	Index Only Scan using sbtest3_pkey on sbtest3  (cost=0.43..6.51 rows=104 width=4)
	  Index Cond: ((id >= 6143599) AND (id <= 6143699))

table 4 : explain SELECT id FROM sbtest4 WHERE id BETWEEN 6143599 AND 6143699
	Index Only Scan using sbtest4_pkey on sbtest4  (cost=0.43..6.35 rows=96 width=4)
	  Index Cond: ((id >= 6143599) AND (id <= 6143699))

table 5 : explain SELECT id FROM sbtest5 WHERE id BETWEEN 6143599 AND 6143699
	Index Only Scan using sbtest5_pkey on sbtest5  (cost=0.43..6.32 rows=94 width=4)
	  Index Cond: ((id >= 6143599) AND (id <= 6143699))

table 6 : explain SELECT id FROM sbtest6 WHERE id BETWEEN 6143599 AND 6143699
	Index Only Scan using sbtest6_pkey on sbtest6  (cost=0.43..6.56 rows=106 width=4)
	  Index Cond: ((id >= 6143599) AND (id <= 6143699))

table 7 : explain SELECT id FROM sbtest7 WHERE id BETWEEN 6143599 AND 6143699
	Index Only Scan using sbtest7_pkey on sbtest7  (cost=0.43..6.47 rows=102 width=4)
	  Index Cond: ((id >= 6143599) AND (id <= 6143699))

table 8 : explain SELECT id FROM sbtest8 WHERE id BETWEEN 6143599 AND 6143699
	Index Only Scan using sbtest8_pkey on sbtest8  (cost=0.43..6.56 rows=106 width=4)
	  Index Cond: ((id >= 6143599) AND (id <= 6143699))

for range-covered
table 1 : explain SELECT id FROM sbtest1 WHERE id BETWEEN 5748295 AND 5748395
	Index Only Scan using sbtest1_pkey on sbtest1  (cost=0.43..10.56 rows=106 width=4)
	  Index Cond: ((id >= 5748295) AND (id <= 5748395))

table 2 : explain SELECT id FROM sbtest2 WHERE id BETWEEN 5748295 AND 5748395
	Index Only Scan using sbtest2_pkey on sbtest2  (cost=0.43..6.56 rows=106 width=4)
	  Index Cond: ((id >= 5748295) AND (id <= 5748395))

table 3 : explain SELECT id FROM sbtest3 WHERE id BETWEEN 5748295 AND 5748395
	Index Only Scan using sbtest3_pkey on sbtest3  (cost=0.43..6.50 rows=103 width=4)
	  Index Cond: ((id >= 5748295) AND (id <= 5748395))

table 4 : explain SELECT id FROM sbtest4 WHERE id BETWEEN 5748295 AND 5748395
	Index Only Scan using sbtest4_pkey on sbtest4  (cost=0.43..6.53 rows=105 width=4)
	  Index Cond: ((id >= 5748295) AND (id <= 5748395))

table 5 : explain SELECT id FROM sbtest5 WHERE id BETWEEN 5748295 AND 5748395
	Index Only Scan using sbtest5_pkey on sbtest5  (cost=0.43..6.61 rows=109 width=4)
	  Index Cond: ((id >= 5748295) AND (id <= 5748395))

table 6 : explain SELECT id FROM sbtest6 WHERE id BETWEEN 5748295 AND 5748395
	Index Only Scan using sbtest6_pkey on sbtest6  (cost=0.43..6.47 rows=102 width=4)
	  Index Cond: ((id >= 5748295) AND (id <= 5748395))

table 7 : explain SELECT id FROM sbtest7 WHERE id BETWEEN 5748295 AND 5748395
	Index Only Scan using sbtest7_pkey on sbtest7  (cost=0.43..6.56 rows=106 width=4)
	  Index Cond: ((id >= 5748295) AND (id <= 5748395))

table 8 : explain SELECT id FROM sbtest8 WHERE id BETWEEN 5748295 AND 5748395
	Index Only Scan using sbtest8_pkey on sbtest8  (cost=0.43..6.40 rows=98 width=4)
	  Index Cond: ((id >= 5748295) AND (id <= 5748395))

explain: for range-covered :: explain SELECT id FROM sbtest%d WHERE id BETWEEN 6143599 AND 6143699
explain: for range-covered :: explain SELECT id FROM sbtest%d WHERE id BETWEEN 5748295 AND 5748395
for range-covered
table 1 : explain SELECT id FROM sbtest1 WHERE id BETWEEN 7438801 AND 7438901
	Index Only Scan using sbtest1_pkey on sbtest1  (cost=0.43..10.46 rows=101 width=4)
	  Index Cond: ((id >= 7438801) AND (id <= 7438901))

table 2 : explain SELECT id FROM sbtest2 WHERE id BETWEEN 7438801 AND 7438901
	Index Only Scan using sbtest2_pkey on sbtest2  (cost=0.43..6.47 rows=102 width=4)
	  Index Cond: ((id >= 7438801) AND (id <= 7438901))

table 3 : explain SELECT id FROM sbtest3 WHERE id BETWEEN 7438801 AND 7438901
	Index Only Scan using sbtest3_pkey on sbtest3  (cost=0.43..6.43 rows=100 width=4)
	  Index Cond: ((id >= 7438801) AND (id <= 7438901))

table 4 : explain SELECT id FROM sbtest4 WHERE id BETWEEN 7438801 AND 7438901
	Index Only Scan using sbtest4_pkey on sbtest4  (cost=0.43..6.27 rows=92 width=4)
	  Index Cond: ((id >= 7438801) AND (id <= 7438901))

table 5 : explain SELECT id FROM sbtest5 WHERE id BETWEEN 7438801 AND 7438901
	Index Only Scan using sbtest5_pkey on sbtest5  (cost=0.43..6.25 rows=91 width=4)
	  Index Cond: ((id >= 7438801) AND (id <= 7438901))

table 6 : explain SELECT id FROM sbtest6 WHERE id BETWEEN 7438801 AND 7438901
	Index Only Scan using sbtest6_pkey on sbtest6  (cost=0.43..6.51 rows=104 width=4)
	  Index Cond: ((id >= 7438801) AND (id <= 7438901))

table 7 : explain SELECT id FROM sbtest7 WHERE id BETWEEN 7438801 AND 7438901
	Index Only Scan using sbtest7_pkey on sbtest7  (cost=0.43..6.74 rows=115 width=4)
	  Index Cond: ((id >= 7438801) AND (id <= 7438901))

table 8 : explain SELECT id FROM sbtest8 WHERE id BETWEEN 7438801 AND 7438901
	Index Only Scan using sbtest8_pkey on sbtest8  (cost=0.43..6.51 rows=104 width=4)
	  Index Cond: ((id >= 7438801) AND (id <= 7438901))

for range-covered
table 1 : explain SELECT id FROM sbtest1 WHERE id BETWEEN 3792041 AND 3792141
	Index Only Scan using sbtest1_pkey on sbtest1  (cost=0.43..10.42 rows=99 width=4)
	  Index Cond: ((id >= 3792041) AND (id <= 3792141))

table 2 : explain SELECT id FROM sbtest2 WHERE id BETWEEN 3792041 AND 3792141
	Index Only Scan using sbtest2_pkey on sbtest2  (cost=0.43..6.29 rows=93 width=4)
	  Index Cond: ((id >= 3792041) AND (id <= 3792141))

table 3 : explain SELECT id FROM sbtest3 WHERE id BETWEEN 3792041 AND 3792141
	Index Only Scan using sbtest3_pkey on sbtest3  (cost=0.43..6.35 rows=96 width=4)
	  Index Cond: ((id >= 3792041) AND (id <= 3792141))

table 4 : explain SELECT id FROM sbtest4 WHERE id BETWEEN 3792041 AND 3792141
	Index Only Scan using sbtest4_pkey on sbtest4  (cost=0.43..6.50 rows=103 width=4)
	  Index Cond: ((id >= 3792041) AND (id <= 3792141))

table 5 : explain SELECT id FROM sbtest5 WHERE id BETWEEN 3792041 AND 3792141
	Index Only Scan using sbtest5_pkey on sbtest5  (cost=0.43..6.42 rows=99 width=4)
	  Index Cond: ((id >= 3792041) AND (id <= 3792141))

table 6 : explain SELECT id FROM sbtest6 WHERE id BETWEEN 3792041 AND 3792141
	Index Only Scan using sbtest6_pkey on sbtest6  (cost=0.43..6.53 rows=105 width=4)
	  Index Cond: ((id >= 3792041) AND (id <= 3792141))

table 7 : explain SELECT id FROM sbtest7 WHERE id BETWEEN 3792041 AND 3792141
	Index Only Scan using sbtest7_pkey on sbtest7  (cost=0.43..6.53 rows=105 width=4)
	  Index Cond: ((id >= 3792041) AND (id <= 3792141))

table 8 : explain SELECT id FROM sbtest8 WHERE id BETWEEN 3792041 AND 3792141
	Index Only Scan using sbtest8_pkey on sbtest8  (cost=0.43..6.61 rows=109 width=4)
	  Index Cond: ((id >= 3792041) AND (id <= 3792141))

explain: for range-covered :: explain SELECT id FROM sbtest%d WHERE id BETWEEN 7438801 AND 7438901
explain: for range-covered :: explain SELECT id FROM sbtest%d WHERE id BETWEEN 3792041 AND 3792141
for range-covered
table 1 : explain SELECT id FROM sbtest1 WHERE id BETWEEN 6143599 AND 6143699
	Index Only Scan using sbtest1_pkey on sbtest1  (cost=0.43..10.44 rows=100 width=4)
	  Index Cond: ((id >= 6143599) AND (id <= 6143699))

table 2 : explain SELECT id FROM sbtest2 WHERE id BETWEEN 6143599 AND 6143699
	Index Only Scan using sbtest2_pkey on sbtest2  (cost=0.43..6.59 rows=108 width=4)
	  Index Cond: ((id >= 6143599) AND (id <= 6143699))

table 3 : explain SELECT id FROM sbtest3 WHERE id BETWEEN 6143599 AND 6143699
	Index Only Scan using sbtest3_pkey on sbtest3  (cost=0.43..6.51 rows=104 width=4)
	  Index Cond: ((id >= 6143599) AND (id <= 6143699))

table 4 : explain SELECT id FROM sbtest4 WHERE id BETWEEN 6143599 AND 6143699
	Index Only Scan using sbtest4_pkey on sbtest4  (cost=0.43..6.35 rows=96 width=4)
	  Index Cond: ((id >= 6143599) AND (id <= 6143699))

table 5 : explain SELECT id FROM sbtest5 WHERE id BETWEEN 6143599 AND 6143699
	Index Only Scan using sbtest5_pkey on sbtest5  (cost=0.43..6.32 rows=94 width=4)
	  Index Cond: ((id >= 6143599) AND (id <= 6143699))

table 6 : explain SELECT id FROM sbtest6 WHERE id BETWEEN 6143599 AND 6143699
	Index Only Scan using sbtest6_pkey on sbtest6  (cost=0.43..6.56 rows=106 width=4)
	  Index Cond: ((id >= 6143599) AND (id <= 6143699))

table 7 : explain SELECT id FROM sbtest7 WHERE id BETWEEN 6143599 AND 6143699
	Index Only Scan using sbtest7_pkey on sbtest7  (cost=0.43..6.47 rows=102 width=4)
	  Index Cond: ((id >= 6143599) AND (id <= 6143699))

table 8 : explain SELECT id FROM sbtest8 WHERE id BETWEEN 6143599 AND 6143699
	Index Only Scan using sbtest8_pkey on sbtest8  (cost=0.43..6.56 rows=106 width=4)
	  Index Cond: ((id >= 6143599) AND (id <= 6143699))

for range-covered
table 1 : explain SELECT id FROM sbtest1 WHERE id BETWEEN 5748295 AND 5748395
	Index Only Scan using sbtest1_pkey on sbtest1  (cost=0.43..10.56 rows=106 width=4)
	  Index Cond: ((id >= 5748295) AND (id <= 5748395))

table 2 : explain SELECT id FROM sbtest2 WHERE id BETWEEN 5748295 AND 5748395
	Index Only Scan using sbtest2_pkey on sbtest2  (cost=0.43..6.56 rows=106 width=4)
	  Index Cond: ((id >= 5748295) AND (id <= 5748395))

table 3 : explain SELECT id FROM sbtest3 WHERE id BETWEEN 5748295 AND 5748395
	Index Only Scan using sbtest3_pkey on sbtest3  (cost=0.43..6.50 rows=103 width=4)
	  Index Cond: ((id >= 5748295) AND (id <= 5748395))

table 4 : explain SELECT id FROM sbtest4 WHERE id BETWEEN 5748295 AND 5748395
	Index Only Scan using sbtest4_pkey on sbtest4  (cost=0.43..6.53 rows=105 width=4)
	  Index Cond: ((id >= 5748295) AND (id <= 5748395))

table 5 : explain SELECT id FROM sbtest5 WHERE id BETWEEN 5748295 AND 5748395
	Index Only Scan using sbtest5_pkey on sbtest5  (cost=0.43..6.61 rows=109 width=4)
	  Index Cond: ((id >= 5748295) AND (id <= 5748395))

table 6 : explain SELECT id FROM sbtest6 WHERE id BETWEEN 5748295 AND 5748395
	Index Only Scan using sbtest6_pkey on sbtest6  (cost=0.43..6.47 rows=102 width=4)
	  Index Cond: ((id >= 5748295) AND (id <= 5748395))

table 7 : explain SELECT id FROM sbtest7 WHERE id BETWEEN 5748295 AND 5748395
	Index Only Scan using sbtest7_pkey on sbtest7  (cost=0.43..6.56 rows=106 width=4)
	  Index Cond: ((id >= 5748295) AND (id <= 5748395))

table 8 : explain SELECT id FROM sbtest8 WHERE id BETWEEN 5748295 AND 5748395
	Index Only Scan using sbtest8_pkey on sbtest8  (cost=0.43..6.40 rows=98 width=4)
	  Index Cond: ((id >= 5748295) AND (id <= 5748395))

explain: for range-covered :: explain SELECT id FROM sbtest%d WHERE id BETWEEN 6143599 AND 6143699
explain: for range-covered :: explain SELECT id FROM sbtest%d WHERE id BETWEEN 5748295 AND 5748395
for range-covered
table 1 : explain SELECT id FROM sbtest1 WHERE id BETWEEN 3792041 AND 3792141
	Index Only Scan using sbtest1_pkey on sbtest1  (cost=0.43..10.42 rows=99 width=4)
	  Index Cond: ((id >= 3792041) AND (id <= 3792141))

table 2 : explain SELECT id FROM sbtest2 WHERE id BETWEEN 3792041 AND 3792141
	Index Only Scan using sbtest2_pkey on sbtest2  (cost=0.43..6.29 rows=93 width=4)
	  Index Cond: ((id >= 3792041) AND (id <= 3792141))

table 3 : explain SELECT id FROM sbtest3 WHERE id BETWEEN 3792041 AND 3792141
	Index Only Scan using sbtest3_pkey on sbtest3  (cost=0.43..6.35 rows=96 width=4)
	  Index Cond: ((id >= 3792041) AND (id <= 3792141))

table 4 : explain SELECT id FROM sbtest4 WHERE id BETWEEN 3792041 AND 3792141
	Index Only Scan using sbtest4_pkey on sbtest4  (cost=0.43..6.50 rows=103 width=4)
	  Index Cond: ((id >= 3792041) AND (id <= 3792141))

table 5 : explain SELECT id FROM sbtest5 WHERE id BETWEEN 3792041 AND 3792141
	Index Only Scan using sbtest5_pkey on sbtest5  (cost=0.43..6.42 rows=99 width=4)
	  Index Cond: ((id >= 3792041) AND (id <= 3792141))

table 6 : explain SELECT id FROM sbtest6 WHERE id BETWEEN 3792041 AND 3792141
	Index Only Scan using sbtest6_pkey on sbtest6  (cost=0.43..6.53 rows=105 width=4)
	  Index Cond: ((id >= 3792041) AND (id <= 3792141))

table 7 : explain SELECT id FROM sbtest7 WHERE id BETWEEN 3792041 AND 3792141
	Index Only Scan using sbtest7_pkey on sbtest7  (cost=0.43..6.53 rows=105 width=4)
	  Index Cond: ((id >= 3792041) AND (id <= 3792141))

table 8 : explain SELECT id FROM sbtest8 WHERE id BETWEEN 3792041 AND 3792141
	Index Only Scan using sbtest8_pkey on sbtest8  (cost=0.43..6.61 rows=109 width=4)
	  Index Cond: ((id >= 3792041) AND (id <= 3792141))

explain: for range-covered :: explain SELECT id FROM sbtest%d WHERE id BETWEEN 3792041 AND 3792141
for range-covered
table 1 : explain SELECT id FROM sbtest1 WHERE id BETWEEN 6143599 AND 6143699
	Index Only Scan using sbtest1_pkey on sbtest1  (cost=0.43..10.44 rows=100 width=4)
	  Index Cond: ((id >= 6143599) AND (id <= 6143699))

table 2 : explain SELECT id FROM sbtest2 WHERE id BETWEEN 6143599 AND 6143699
	Index Only Scan using sbtest2_pkey on sbtest2  (cost=0.43..6.59 rows=108 width=4)
	  Index Cond: ((id >= 6143599) AND (id <= 6143699))

table 3 : explain SELECT id FROM sbtest3 WHERE id BETWEEN 6143599 AND 6143699
	Index Only Scan using sbtest3_pkey on sbtest3  (cost=0.43..6.51 rows=104 width=4)
	  Index Cond: ((id >= 6143599) AND (id <= 6143699))

table 4 : explain SELECT id FROM sbtest4 WHERE id BETWEEN 6143599 AND 6143699
	Index Only Scan using sbtest4_pkey on sbtest4  (cost=0.43..6.35 rows=96 width=4)
	  Index Cond: ((id >= 6143599) AND (id <= 6143699))

table 5 : explain SELECT id FROM sbtest5 WHERE id BETWEEN 6143599 AND 6143699
	Index Only Scan using sbtest5_pkey on sbtest5  (cost=0.43..6.32 rows=94 width=4)
	  Index Cond: ((id >= 6143599) AND (id <= 6143699))

table 6 : explain SELECT id FROM sbtest6 WHERE id BETWEEN 6143599 AND 6143699
	Index Only Scan using sbtest6_pkey on sbtest6  (cost=0.43..6.56 rows=106 width=4)
	  Index Cond: ((id >= 6143599) AND (id <= 6143699))

table 7 : explain SELECT id FROM sbtest7 WHERE id BETWEEN 6143599 AND 6143699
	Index Only Scan using sbtest7_pkey on sbtest7  (cost=0.43..6.47 rows=102 width=4)
	  Index Cond: ((id >= 6143599) AND (id <= 6143699))

table 8 : explain SELECT id FROM sbtest8 WHERE id BETWEEN 6143599 AND 6143699
	Index Only Scan using sbtest8_pkey on sbtest8  (cost=0.43..6.56 rows=106 width=4)
	  Index Cond: ((id >= 6143599) AND (id <= 6143699))

for range-covered
table 1 : explain SELECT id FROM sbtest1 WHERE id BETWEEN 5748295 AND 5748395
	Index Only Scan using sbtest1_pkey on sbtest1  (cost=0.43..10.56 rows=106 width=4)
	  Index Cond: ((id >= 5748295) AND (id <= 5748395))

table 2 : explain SELECT id FROM sbtest2 WHERE id BETWEEN 5748295 AND 5748395
	Index Only Scan using sbtest2_pkey on sbtest2  (cost=0.43..6.56 rows=106 width=4)
	  Index Cond: ((id >= 5748295) AND (id <= 5748395))

table 3 : explain SELECT id FROM sbtest3 WHERE id BETWEEN 5748295 AND 5748395
	Index Only Scan using sbtest3_pkey on sbtest3  (cost=0.43..6.50 rows=103 width=4)
	  Index Cond: ((id >= 5748295) AND (id <= 5748395))

table 4 : explain SELECT id FROM sbtest4 WHERE id BETWEEN 5748295 AND 5748395
	Index Only Scan using sbtest4_pkey on sbtest4  (cost=0.43..6.53 rows=105 width=4)
	  Index Cond: ((id >= 5748295) AND (id <= 5748395))

table 5 : explain SELECT id FROM sbtest5 WHERE id BETWEEN 5748295 AND 5748395
	Index Only Scan using sbtest5_pkey on sbtest5  (cost=0.43..6.61 rows=109 width=4)
	  Index Cond: ((id >= 5748295) AND (id <= 5748395))

table 6 : explain SELECT id FROM sbtest6 WHERE id BETWEEN 5748295 AND 5748395
	Index Only Scan using sbtest6_pkey on sbtest6  (cost=0.43..6.47 rows=102 width=4)
	  Index Cond: ((id >= 5748295) AND (id <= 5748395))

table 7 : explain SELECT id FROM sbtest7 WHERE id BETWEEN 5748295 AND 5748395
	Index Only Scan using sbtest7_pkey on sbtest7  (cost=0.43..6.56 rows=106 width=4)
	  Index Cond: ((id >= 5748295) AND (id <= 5748395))

table 8 : explain SELECT id FROM sbtest8 WHERE id BETWEEN 5748295 AND 5748395
	Index Only Scan using sbtest8_pkey on sbtest8  (cost=0.43..6.40 rows=98 width=4)
	  Index Cond: ((id >= 5748295) AND (id <= 5748395))

explain: for range-covered :: explain SELECT id FROM sbtest%d WHERE id BETWEEN 6143599 AND 6143699
explain: for range-covered :: explain SELECT id FROM sbtest%d WHERE id BETWEEN 5748295 AND 5748395
for range-covered
table 1 : explain SELECT id FROM sbtest1 WHERE id BETWEEN 3792041 AND 3792141
	Index Only Scan using sbtest1_pkey on sbtest1  (cost=0.43..10.42 rows=99 width=4)
	  Index Cond: ((id >= 3792041) AND (id <= 3792141))

table 2 : explain SELECT id FROM sbtest2 WHERE id BETWEEN 3792041 AND 3792141
	Index Only Scan using sbtest2_pkey on sbtest2  (cost=0.43..6.29 rows=93 width=4)
	  Index Cond: ((id >= 3792041) AND (id <= 3792141))

table 3 : explain SELECT id FROM sbtest3 WHERE id BETWEEN 3792041 AND 3792141
	Index Only Scan using sbtest3_pkey on sbtest3  (cost=0.43..6.35 rows=96 width=4)
	  Index Cond: ((id >= 3792041) AND (id <= 3792141))

table 4 : explain SELECT id FROM sbtest4 WHERE id BETWEEN 3792041 AND 3792141
	Index Only Scan using sbtest4_pkey on sbtest4  (cost=0.43..6.50 rows=103 width=4)
	  Index Cond: ((id >= 3792041) AND (id <= 3792141))

table 5 : explain SELECT id FROM sbtest5 WHERE id BETWEEN 3792041 AND 3792141
	Index Only Scan using sbtest5_pkey on sbtest5  (cost=0.43..6.42 rows=99 width=4)
	  Index Cond: ((id >= 3792041) AND (id <= 3792141))

table 6 : explain SELECT id FROM sbtest6 WHERE id BETWEEN 3792041 AND 3792141
	Index Only Scan using sbtest6_pkey on sbtest6  (cost=0.43..6.53 rows=105 width=4)
	  Index Cond: ((id >= 3792041) AND (id <= 3792141))

table 7 : explain SELECT id FROM sbtest7 WHERE id BETWEEN 3792041 AND 3792141
	Index Only Scan using sbtest7_pkey on sbtest7  (cost=0.43..6.53 rows=105 width=4)
	  Index Cond: ((id >= 3792041) AND (id <= 3792141))

table 8 : explain SELECT id FROM sbtest8 WHERE id BETWEEN 3792041 AND 3792141
	Index Only Scan using sbtest8_pkey on sbtest8  (cost=0.43..6.61 rows=109 width=4)
	  Index Cond: ((id >= 3792041) AND (id <= 3792141))

explain: for range-covered :: explain SELECT id FROM sbtest%d WHERE id BETWEEN 3792041 AND 3792141
explain: for range-covered :: explain SELECT id FROM sbtest%d WHERE id BETWEEN 4642971 AND 4643071
for range-covered
table 1 : explain SELECT id FROM sbtest1 WHERE id BETWEEN 6143599 AND 6143699
	Index Only Scan using sbtest1_pkey on sbtest1  (cost=0.43..10.44 rows=100 width=4)
	  Index Cond: ((id >= 6143599) AND (id <= 6143699))

table 2 : explain SELECT id FROM sbtest2 WHERE id BETWEEN 6143599 AND 6143699
	Index Only Scan using sbtest2_pkey on sbtest2  (cost=0.43..6.59 rows=108 width=4)
	  Index Cond: ((id >= 6143599) AND (id <= 6143699))

table 3 : explain SELECT id FROM sbtest3 WHERE id BETWEEN 6143599 AND 6143699
	Index Only Scan using sbtest3_pkey on sbtest3  (cost=0.43..6.51 rows=104 width=4)
	  Index Cond: ((id >= 6143599) AND (id <= 6143699))

table 4 : explain SELECT id FROM sbtest4 WHERE id BETWEEN 6143599 AND 6143699
	Index Only Scan using sbtest4_pkey on sbtest4  (cost=0.43..6.35 rows=96 width=4)
	  Index Cond: ((id >= 6143599) AND (id <= 6143699))

table 5 : explain SELECT id FROM sbtest5 WHERE id BETWEEN 6143599 AND 6143699
	Index Only Scan using sbtest5_pkey on sbtest5  (cost=0.43..6.32 rows=94 width=4)
	  Index Cond: ((id >= 6143599) AND (id <= 6143699))

table 6 : explain SELECT id FROM sbtest6 WHERE id BETWEEN 6143599 AND 6143699
	Index Only Scan using sbtest6_pkey on sbtest6  (cost=0.43..6.56 rows=106 width=4)
	  Index Cond: ((id >= 6143599) AND (id <= 6143699))

table 7 : explain SELECT id FROM sbtest7 WHERE id BETWEEN 6143599 AND 6143699
	Index Only Scan using sbtest7_pkey on sbtest7  (cost=0.43..6.47 rows=102 width=4)
	  Index Cond: ((id >= 6143599) AND (id <= 6143699))

table 8 : explain SELECT id FROM sbtest8 WHERE id BETWEEN 6143599 AND 6143699
	Index Only Scan using sbtest8_pkey on sbtest8  (cost=0.43..6.56 rows=106 width=4)
	  Index Cond: ((id >= 6143599) AND (id <= 6143699))

for range-covered
table 1 : explain SELECT id FROM sbtest1 WHERE id BETWEEN 5748295 AND 5748395
	Index Only Scan using sbtest1_pkey on sbtest1  (cost=0.43..10.56 rows=106 width=4)
	  Index Cond: ((id >= 5748295) AND (id <= 5748395))

table 2 : explain SELECT id FROM sbtest2 WHERE id BETWEEN 5748295 AND 5748395
	Index Only Scan using sbtest2_pkey on sbtest2  (cost=0.43..6.56 rows=106 width=4)
	  Index Cond: ((id >= 5748295) AND (id <= 5748395))

table 3 : explain SELECT id FROM sbtest3 WHERE id BETWEEN 5748295 AND 5748395
	Index Only Scan using sbtest3_pkey on sbtest3  (cost=0.43..6.50 rows=103 width=4)
	  Index Cond: ((id >= 5748295) AND (id <= 5748395))

table 4 : explain SELECT id FROM sbtest4 WHERE id BETWEEN 5748295 AND 5748395
	Index Only Scan using sbtest4_pkey on sbtest4  (cost=0.43..6.53 rows=105 width=4)
	  Index Cond: ((id >= 5748295) AND (id <= 5748395))

table 5 : explain SELECT id FROM sbtest5 WHERE id BETWEEN 5748295 AND 5748395
	Index Only Scan using sbtest5_pkey on sbtest5  (cost=0.43..6.61 rows=109 width=4)
	  Index Cond: ((id >= 5748295) AND (id <= 5748395))

table 6 : explain SELECT id FROM sbtest6 WHERE id BETWEEN 5748295 AND 5748395
	Index Only Scan using sbtest6_pkey on sbtest6  (cost=0.43..6.47 rows=102 width=4)
	  Index Cond: ((id >= 5748295) AND (id <= 5748395))

table 7 : explain SELECT id FROM sbtest7 WHERE id BETWEEN 5748295 AND 5748395
	Index Only Scan using sbtest7_pkey on sbtest7  (cost=0.43..6.56 rows=106 width=4)
	  Index Cond: ((id >= 5748295) AND (id <= 5748395))

table 8 : explain SELECT id FROM sbtest8 WHERE id BETWEEN 5748295 AND 5748395
	Index Only Scan using sbtest8_pkey on sbtest8  (cost=0.43..6.40 rows=98 width=4)
	  Index Cond: ((id >= 5748295) AND (id <= 5748395))

explain: for range-covered :: explain SELECT id FROM sbtest%d WHERE id BETWEEN 6143599 AND 6143699
explain: for range-covered :: explain SELECT id FROM sbtest%d WHERE id BETWEEN 5748295 AND 5748395
for range-covered
table 1 : explain SELECT id FROM sbtest1 WHERE id BETWEEN 3792041 AND 3792141
	Index Only Scan using sbtest1_pkey on sbtest1  (cost=0.43..10.42 rows=99 width=4)
	  Index Cond: ((id >= 3792041) AND (id <= 3792141))

table 2 : explain SELECT id FROM sbtest2 WHERE id BETWEEN 3792041 AND 3792141
	Index Only Scan using sbtest2_pkey on sbtest2  (cost=0.43..6.29 rows=93 width=4)
	  Index Cond: ((id >= 3792041) AND (id <= 3792141))

table 3 : explain SELECT id FROM sbtest3 WHERE id BETWEEN 3792041 AND 3792141
	Index Only Scan using sbtest3_pkey on sbtest3  (cost=0.43..6.35 rows=96 width=4)
	  Index Cond: ((id >= 3792041) AND (id <= 3792141))

table 4 : explain SELECT id FROM sbtest4 WHERE id BETWEEN 3792041 AND 3792141
	Index Only Scan using sbtest4_pkey on sbtest4  (cost=0.43..6.50 rows=103 width=4)
	  Index Cond: ((id >= 3792041) AND (id <= 3792141))

table 5 : explain SELECT id FROM sbtest5 WHERE id BETWEEN 3792041 AND 3792141
	Index Only Scan using sbtest5_pkey on sbtest5  (cost=0.43..6.42 rows=99 width=4)
	  Index Cond: ((id >= 3792041) AND (id <= 3792141))

table 6 : explain SELECT id FROM sbtest6 WHERE id BETWEEN 3792041 AND 3792141
	Index Only Scan using sbtest6_pkey on sbtest6  (cost=0.43..6.53 rows=105 width=4)
	  Index Cond: ((id >= 3792041) AND (id <= 3792141))

table 7 : explain SELECT id FROM sbtest7 WHERE id BETWEEN 3792041 AND 3792141
	Index Only Scan using sbtest7_pkey on sbtest7  (cost=0.43..6.53 rows=105 width=4)
	  Index Cond: ((id >= 3792041) AND (id <= 3792141))

table 8 : explain SELECT id FROM sbtest8 WHERE id BETWEEN 3792041 AND 3792141
	Index Only Scan using sbtest8_pkey on sbtest8  (cost=0.43..6.61 rows=109 width=4)
	  Index Cond: ((id >= 3792041) AND (id <= 3792141))

explain: for range-covered :: explain SELECT id FROM sbtest%d WHERE id BETWEEN 3792041 AND 3792141
for range-covered
table 1 : explain SELECT id FROM sbtest1 WHERE id BETWEEN 6143599 AND 6143699
	Index Only Scan using sbtest1_pkey on sbtest1  (cost=0.43..10.44 rows=100 width=4)
	  Index Cond: ((id >= 6143599) AND (id <= 6143699))

table 2 : explain SELECT id FROM sbtest2 WHERE id BETWEEN 6143599 AND 6143699
	Index Only Scan using sbtest2_pkey on sbtest2  (cost=0.43..6.59 rows=108 width=4)
	  Index Cond: ((id >= 6143599) AND (id <= 6143699))

table 3 : explain SELECT id FROM sbtest3 WHERE id BETWEEN 6143599 AND 6143699
	Index Only Scan using sbtest3_pkey on sbtest3  (cost=0.43..6.51 rows=104 width=4)
	  Index Cond: ((id >= 6143599) AND (id <= 6143699))

table 4 : explain SELECT id FROM sbtest4 WHERE id BETWEEN 6143599 AND 6143699
	Index Only Scan using sbtest4_pkey on sbtest4  (cost=0.43..6.35 rows=96 width=4)
	  Index Cond: ((id >= 6143599) AND (id <= 6143699))

table 5 : explain SELECT id FROM sbtest5 WHERE id BETWEEN 6143599 AND 6143699
	Index Only Scan using sbtest5_pkey on sbtest5  (cost=0.43..6.32 rows=94 width=4)
	  Index Cond: ((id >= 6143599) AND (id <= 6143699))

table 6 : explain SELECT id FROM sbtest6 WHERE id BETWEEN 6143599 AND 6143699
	Index Only Scan using sbtest6_pkey on sbtest6  (cost=0.43..6.56 rows=106 width=4)
	  Index Cond: ((id >= 6143599) AND (id <= 6143699))

table 7 : explain SELECT id FROM sbtest7 WHERE id BETWEEN 6143599 AND 6143699
	Index Only Scan using sbtest7_pkey on sbtest7  (cost=0.43..6.47 rows=102 width=4)
	  Index Cond: ((id >= 6143599) AND (id <= 6143699))

table 8 : explain SELECT id FROM sbtest8 WHERE id BETWEEN 6143599 AND 6143699
	Index Only Scan using sbtest8_pkey on sbtest8  (cost=0.43..6.56 rows=106 width=4)
	  Index Cond: ((id >= 6143599) AND (id <= 6143699))

for range-covered
table 1 : explain SELECT id FROM sbtest1 WHERE id BETWEEN 5748295 AND 5748395
	Index Only Scan using sbtest1_pkey on sbtest1  (cost=0.43..10.56 rows=106 width=4)
	  Index Cond: ((id >= 5748295) AND (id <= 5748395))

table 2 : explain SELECT id FROM sbtest2 WHERE id BETWEEN 5748295 AND 5748395
	Index Only Scan using sbtest2_pkey on sbtest2  (cost=0.43..6.56 rows=106 width=4)
	  Index Cond: ((id >= 5748295) AND (id <= 5748395))

table 3 : explain SELECT id FROM sbtest3 WHERE id BETWEEN 5748295 AND 5748395
	Index Only Scan using sbtest3_pkey on sbtest3  (cost=0.43..6.50 rows=103 width=4)
	  Index Cond: ((id >= 5748295) AND (id <= 5748395))

table 4 : explain SELECT id FROM sbtest4 WHERE id BETWEEN 5748295 AND 5748395
	Index Only Scan using sbtest4_pkey on sbtest4  (cost=0.43..6.53 rows=105 width=4)
	  Index Cond: ((id >= 5748295) AND (id <= 5748395))

table 5 : explain SELECT id FROM sbtest5 WHERE id BETWEEN 5748295 AND 5748395
	Index Only Scan using sbtest5_pkey on sbtest5  (cost=0.43..6.61 rows=109 width=4)
	  Index Cond: ((id >= 5748295) AND (id <= 5748395))

table 6 : explain SELECT id FROM sbtest6 WHERE id BETWEEN 5748295 AND 5748395
	Index Only Scan using sbtest6_pkey on sbtest6  (cost=0.43..6.47 rows=102 width=4)
	  Index Cond: ((id >= 5748295) AND (id <= 5748395))

table 7 : explain SELECT id FROM sbtest7 WHERE id BETWEEN 5748295 AND 5748395
	Index Only Scan using sbtest7_pkey on sbtest7  (cost=0.43..6.56 rows=106 width=4)
	  Index Cond: ((id >= 5748295) AND (id <= 5748395))

table 8 : explain SELECT id FROM sbtest8 WHERE id BETWEEN 5748295 AND 5748395
	Index Only Scan using sbtest8_pkey on sbtest8  (cost=0.43..6.40 rows=98 width=4)
	  Index Cond: ((id >= 5748295) AND (id <= 5748395))

explain: for range-covered :: explain SELECT id FROM sbtest%d WHERE id BETWEEN 6143599 AND 6143699
explain: for range-covered :: explain SELECT id FROM sbtest%d WHERE id BETWEEN 5748295 AND 5748395
for range-covered
table 1 : explain SELECT id FROM sbtest1 WHERE id BETWEEN 3792041 AND 3792141
	Index Only Scan using sbtest1_pkey on sbtest1  (cost=0.43..10.42 rows=99 width=4)
	  Index Cond: ((id >= 3792041) AND (id <= 3792141))

table 2 : explain SELECT id FROM sbtest2 WHERE id BETWEEN 3792041 AND 3792141
	Index Only Scan using sbtest2_pkey on sbtest2  (cost=0.43..6.29 rows=93 width=4)
	  Index Cond: ((id >= 3792041) AND (id <= 3792141))

table 3 : explain SELECT id FROM sbtest3 WHERE id BETWEEN 3792041 AND 3792141
	Index Only Scan using sbtest3_pkey on sbtest3  (cost=0.43..6.35 rows=96 width=4)
	  Index Cond: ((id >= 3792041) AND (id <= 3792141))

table 4 : explain SELECT id FROM sbtest4 WHERE id BETWEEN 3792041 AND 3792141
	Index Only Scan using sbtest4_pkey on sbtest4  (cost=0.43..6.50 rows=103 width=4)
	  Index Cond: ((id >= 3792041) AND (id <= 3792141))

table 5 : explain SELECT id FROM sbtest5 WHERE id BETWEEN 3792041 AND 3792141
	Index Only Scan using sbtest5_pkey on sbtest5  (cost=0.43..6.42 rows=99 width=4)
	  Index Cond: ((id >= 3792041) AND (id <= 3792141))

table 6 : explain SELECT id FROM sbtest6 WHERE id BETWEEN 3792041 AND 3792141
	Index Only Scan using sbtest6_pkey on sbtest6  (cost=0.43..6.53 rows=105 width=4)
	  Index Cond: ((id >= 3792041) AND (id <= 3792141))

table 7 : explain SELECT id FROM sbtest7 WHERE id BETWEEN 3792041 AND 3792141
	Index Only Scan using sbtest7_pkey on sbtest7  (cost=0.43..6.53 rows=105 width=4)
	  Index Cond: ((id >= 3792041) AND (id <= 3792141))

table 8 : explain SELECT id FROM sbtest8 WHERE id BETWEEN 3792041 AND 3792141
	Index Only Scan using sbtest8_pkey on sbtest8  (cost=0.43..6.61 rows=109 width=4)
	  Index Cond: ((id >= 3792041) AND (id <= 3792141))

explain: for range-covered :: explain SELECT id FROM sbtest%d WHERE id BETWEEN 3792041 AND 3792141
for range-covered
table 1 : explain SELECT id FROM sbtest1 WHERE id BETWEEN 5748295 AND 5748395
	Index Only Scan using sbtest1_pkey on sbtest1  (cost=0.43..10.56 rows=106 width=4)
	  Index Cond: ((id >= 5748295) AND (id <= 5748395))

table 2 : explain SELECT id FROM sbtest2 WHERE id BETWEEN 5748295 AND 5748395
	Index Only Scan using sbtest2_pkey on sbtest2  (cost=0.43..6.56 rows=106 width=4)
	  Index Cond: ((id >= 5748295) AND (id <= 5748395))

table 3 : explain SELECT id FROM sbtest3 WHERE id BETWEEN 5748295 AND 5748395
	Index Only Scan using sbtest3_pkey on sbtest3  (cost=0.43..6.50 rows=103 width=4)
	  Index Cond: ((id >= 5748295) AND (id <= 5748395))

table 4 : explain SELECT id FROM sbtest4 WHERE id BETWEEN 5748295 AND 5748395
	Index Only Scan using sbtest4_pkey on sbtest4  (cost=0.43..6.53 rows=105 width=4)
	  Index Cond: ((id >= 5748295) AND (id <= 5748395))

table 5 : explain SELECT id FROM sbtest5 WHERE id BETWEEN 5748295 AND 5748395
	Index Only Scan using sbtest5_pkey on sbtest5  (cost=0.43..6.61 rows=109 width=4)
	  Index Cond: ((id >= 5748295) AND (id <= 5748395))

table 6 : explain SELECT id FROM sbtest6 WHERE id BETWEEN 5748295 AND 5748395
	Index Only Scan using sbtest6_pkey on sbtest6  (cost=0.43..6.47 rows=102 width=4)
	  Index Cond: ((id >= 5748295) AND (id <= 5748395))

table 7 : explain SELECT id FROM sbtest7 WHERE id BETWEEN 5748295 AND 5748395
	Index Only Scan using sbtest7_pkey on sbtest7  (cost=0.43..6.56 rows=106 width=4)
	  Index Cond: ((id >= 5748295) AND (id <= 5748395))

table 8 : explain SELECT id FROM sbtest8 WHERE id BETWEEN 5748295 AND 5748395
	Index Only Scan using sbtest8_pkey on sbtest8  (cost=0.43..6.40 rows=98 width=4)
	  Index Cond: ((id >= 5748295) AND (id <= 5748395))

explain: for range-covered :: explain SELECT id FROM sbtest%d WHERE id BETWEEN 5748295 AND 5748395
explain: for range-covered :: explain SELECT id FROM sbtest%d WHERE id BETWEEN 6503006 AND 6503106
for range-covered
table 1 : explain SELECT id FROM sbtest1 WHERE id BETWEEN 8552899 AND 8552999
	Index Only Scan using sbtest1_pkey on sbtest1  (cost=0.43..10.56 rows=106 width=4)
	  Index Cond: ((id >= 8552899) AND (id <= 8552999))

table 2 : explain SELECT id FROM sbtest2 WHERE id BETWEEN 8552899 AND 8552999
	Index Only Scan using sbtest2_pkey on sbtest2  (cost=0.43..6.69 rows=113 width=4)
	  Index Cond: ((id >= 8552899) AND (id <= 8552999))

table 3 : explain SELECT id FROM sbtest3 WHERE id BETWEEN 8552899 AND 8552999
	Index Only Scan using sbtest3_pkey on sbtest3  (cost=0.43..6.40 rows=98 width=4)
	  Index Cond: ((id >= 8552899) AND (id <= 8552999))

table 4 : explain SELECT id FROM sbtest4 WHERE id BETWEEN 8552899 AND 8552999
	Index Only Scan using sbtest4_pkey on sbtest4  (cost=0.43..6.50 rows=103 width=4)
	  Index Cond: ((id >= 8552899) AND (id <= 8552999))

table 5 : explain SELECT id FROM sbtest5 WHERE id BETWEEN 8552899 AND 8552999
	Index Only Scan using sbtest5_pkey on sbtest5  (cost=0.43..6.40 rows=98 width=4)
	  Index Cond: ((id >= 8552899) AND (id <= 8552999))

table 6 : explain SELECT id FROM sbtest6 WHERE id BETWEEN 8552899 AND 8552999
	Index Only Scan using sbtest6_pkey on sbtest6  (cost=0.43..6.43 rows=100 width=4)
	  Index Cond: ((id >= 8552899) AND (id <= 8552999))

table 7 : explain SELECT id FROM sbtest7 WHERE id BETWEEN 8552899 AND 8552999
	Index Only Scan using sbtest7_pkey on sbtest7  (cost=0.43..6.59 rows=108 width=4)
	  Index Cond: ((id >= 8552899) AND (id <= 8552999))

table 8 : explain SELECT id FROM sbtest8 WHERE id BETWEEN 8552899 AND 8552999
	Index Only Scan using sbtest8_pkey on sbtest8  (cost=0.43..6.67 rows=112 width=4)
	  Index Cond: ((id >= 8552899) AND (id <= 8552999))

explain: for range-covered :: explain SELECT id FROM sbtest%d WHERE id BETWEEN 8552899 AND 8552999
for range-covered
table 1 : explain SELECT id FROM sbtest1 WHERE id BETWEEN 6089090 AND 6089190
	Index Only Scan using sbtest1_pkey on sbtest1  (cost=0.43..10.44 rows=100 width=4)
	  Index Cond: ((id >= 6089090) AND (id <= 6089190))

table 2 : explain SELECT id FROM sbtest2 WHERE id BETWEEN 6089090 AND 6089190
	Index Only Scan using sbtest2_pkey on sbtest2  (cost=0.43..6.40 rows=98 width=4)
	  Index Cond: ((id >= 6089090) AND (id <= 6089190))

table 3 : explain SELECT id FROM sbtest3 WHERE id BETWEEN 6089090 AND 6089190
	Index Only Scan using sbtest3_pkey on sbtest3  (cost=0.43..6.47 rows=102 width=4)
	  Index Cond: ((id >= 6089090) AND (id <= 6089190))

table 4 : explain SELECT id FROM sbtest4 WHERE id BETWEEN 6089090 AND 6089190
	Index Only Scan using sbtest4_pkey on sbtest4  (cost=0.43..6.35 rows=96 width=4)
	  Index Cond: ((id >= 6089090) AND (id <= 6089190))

table 5 : explain SELECT id FROM sbtest5 WHERE id BETWEEN 6089090 AND 6089190
	Index Only Scan using sbtest5_pkey on sbtest5  (cost=0.43..6.32 rows=94 width=4)
	  Index Cond: ((id >= 6089090) AND (id <= 6089190))

table 6 : explain SELECT id FROM sbtest6 WHERE id BETWEEN 6089090 AND 6089190
	Index Only Scan using sbtest6_pkey on sbtest6  (cost=0.43..6.59 rows=108 width=4)
	  Index Cond: ((id >= 6089090) AND (id <= 6089190))

table 7 : explain SELECT id FROM sbtest7 WHERE id BETWEEN 6089090 AND 6089190
	Index Only Scan using sbtest7_pkey on sbtest7  (cost=0.43..6.47 rows=102 width=4)
	  Index Cond: ((id >= 6089090) AND (id <= 6089190))

table 8 : explain SELECT id FROM sbtest8 WHERE id BETWEEN 6089090 AND 6089190
	Index Only Scan using sbtest8_pkey on sbtest8  (cost=0.43..6.58 rows=107 width=4)
	  Index Cond: ((id >= 6089090) AND (id <= 6089190))

explain: for range-covered :: explain SELECT id FROM sbtest%d WHERE id BETWEEN 6089090 AND 6089190
for range-covered
table 1 : explain SELECT id FROM sbtest1 WHERE id BETWEEN 6143599 AND 6143699
	Index Only Scan using sbtest1_pkey on sbtest1  (cost=0.43..10.44 rows=100 width=4)
	  Index Cond: ((id >= 6143599) AND (id <= 6143699))

table 2 : explain SELECT id FROM sbtest2 WHERE id BETWEEN 6143599 AND 6143699
	Index Only Scan using sbtest2_pkey on sbtest2  (cost=0.43..6.59 rows=108 width=4)
	  Index Cond: ((id >= 6143599) AND (id <= 6143699))

table 3 : explain SELECT id FROM sbtest3 WHERE id BETWEEN 6143599 AND 6143699
	Index Only Scan using sbtest3_pkey on sbtest3  (cost=0.43..6.51 rows=104 width=4)
	  Index Cond: ((id >= 6143599) AND (id <= 6143699))

table 4 : explain SELECT id FROM sbtest4 WHERE id BETWEEN 6143599 AND 6143699
	Index Only Scan using sbtest4_pkey on sbtest4  (cost=0.43..6.35 rows=96 width=4)
	  Index Cond: ((id >= 6143599) AND (id <= 6143699))

table 5 : explain SELECT id FROM sbtest5 WHERE id BETWEEN 6143599 AND 6143699
	Index Only Scan using sbtest5_pkey on sbtest5  (cost=0.43..6.32 rows=94 width=4)
	  Index Cond: ((id >= 6143599) AND (id <= 6143699))

table 6 : explain SELECT id FROM sbtest6 WHERE id BETWEEN 6143599 AND 6143699
	Index Only Scan using sbtest6_pkey on sbtest6  (cost=0.43..6.56 rows=106 width=4)
	  Index Cond: ((id >= 6143599) AND (id <= 6143699))

table 7 : explain SELECT id FROM sbtest7 WHERE id BETWEEN 6143599 AND 6143699
	Index Only Scan using sbtest7_pkey on sbtest7  (cost=0.43..6.47 rows=102 width=4)
	  Index Cond: ((id >= 6143599) AND (id <= 6143699))

table 8 : explain SELECT id FROM sbtest8 WHERE id BETWEEN 6143599 AND 6143699
	Index Only Scan using sbtest8_pkey on sbtest8  (cost=0.43..6.56 rows=106 width=4)
	  Index Cond: ((id >= 6143599) AND (id <= 6143699))

explain: for range-covered :: explain SELECT id FROM sbtest%d WHERE id BETWEEN 6143599 AND 6143699
for range-covered
table 1 : explain SELECT id FROM sbtest1 WHERE id BETWEEN 8552899 AND 8552999
	Index Only Scan using sbtest1_pkey on sbtest1  (cost=0.43..10.56 rows=106 width=4)
	  Index Cond: ((id >= 8552899) AND (id <= 8552999))

table 2 : explain SELECT id FROM sbtest2 WHERE id BETWEEN 8552899 AND 8552999
	Index Only Scan using sbtest2_pkey on sbtest2  (cost=0.43..6.69 rows=113 width=4)
	  Index Cond: ((id >= 8552899) AND (id <= 8552999))

table 3 : explain SELECT id FROM sbtest3 WHERE id BETWEEN 8552899 AND 8552999
	Index Only Scan using sbtest3_pkey on sbtest3  (cost=0.43..6.40 rows=98 width=4)
	  Index Cond: ((id >= 8552899) AND (id <= 8552999))

table 4 : explain SELECT id FROM sbtest4 WHERE id BETWEEN 8552899 AND 8552999
	Index Only Scan using sbtest4_pkey on sbtest4  (cost=0.43..6.50 rows=103 width=4)
	  Index Cond: ((id >= 8552899) AND (id <= 8552999))

table 5 : explain SELECT id FROM sbtest5 WHERE id BETWEEN 8552899 AND 8552999
	Index Only Scan using sbtest5_pkey on sbtest5  (cost=0.43..6.40 rows=98 width=4)
	  Index Cond: ((id >= 8552899) AND (id <= 8552999))

table 6 : explain SELECT id FROM sbtest6 WHERE id BETWEEN 8552899 AND 8552999
	Index Only Scan using sbtest6_pkey on sbtest6  (cost=0.43..6.43 rows=100 width=4)
	  Index Cond: ((id >= 8552899) AND (id <= 8552999))

table 7 : explain SELECT id FROM sbtest7 WHERE id BETWEEN 8552899 AND 8552999
	Index Only Scan using sbtest7_pkey on sbtest7  (cost=0.43..6.59 rows=108 width=4)
	  Index Cond: ((id >= 8552899) AND (id <= 8552999))

table 8 : explain SELECT id FROM sbtest8 WHERE id BETWEEN 8552899 AND 8552999
	Index Only Scan using sbtest8_pkey on sbtest8  (cost=0.43..6.67 rows=112 width=4)
	  Index Cond: ((id >= 8552899) AND (id <= 8552999))

for range-covered
table 1 : explain SELECT id FROM sbtest1 WHERE id BETWEEN 5488194 AND 5488294
	Index Only Scan using sbtest1_pkey on sbtest1  (cost=0.43..10.50 rows=103 width=4)
	  Index Cond: ((id >= 5488194) AND (id <= 5488294))

table 2 : explain SELECT id FROM sbtest2 WHERE id BETWEEN 5488194 AND 5488294
	Index Only Scan using sbtest2_pkey on sbtest2  (cost=0.43..6.27 rows=92 width=4)
	  Index Cond: ((id >= 5488194) AND (id <= 5488294))

table 3 : explain SELECT id FROM sbtest3 WHERE id BETWEEN 5488194 AND 5488294
	Index Only Scan using sbtest3_pkey on sbtest3  (cost=0.43..6.40 rows=98 width=4)
	  Index Cond: ((id >= 5488194) AND (id <= 5488294))

table 4 : explain SELECT id FROM sbtest4 WHERE id BETWEEN 5488194 AND 5488294
	Index Only Scan using sbtest4_pkey on sbtest4  (cost=0.43..6.32 rows=94 width=4)
	  Index Cond: ((id >= 5488194) AND (id <= 5488294))

table 5 : explain SELECT id FROM sbtest5 WHERE id BETWEEN 5488194 AND 5488294
	Index Only Scan using sbtest5_pkey on sbtest5  (cost=0.43..6.50 rows=103 width=4)
	  Index Cond: ((id >= 5488194) AND (id <= 5488294))

table 6 : explain SELECT id FROM sbtest6 WHERE id BETWEEN 5488194 AND 5488294
	Index Only Scan using sbtest6_pkey on sbtest6  (cost=0.43..6.42 rows=99 width=4)
	  Index Cond: ((id >= 5488194) AND (id <= 5488294))

table 7 : explain SELECT id FROM sbtest7 WHERE id BETWEEN 5488194 AND 5488294
	Index Only Scan using sbtest7_pkey on sbtest7  (cost=0.43..6.58 rows=107 width=4)
	  Index Cond: ((id >= 5488194) AND (id <= 5488294))

table 8 : explain SELECT id FROM sbtest8 WHERE id BETWEEN 5488194 AND 5488294
	Index Only Scan using sbtest8_pkey on sbtest8  (cost=0.43..6.42 rows=99 width=4)
	  Index Cond: ((id >= 5488194) AND (id <= 5488294))

for range-covered
table 1 : explain SELECT id FROM sbtest1 WHERE id BETWEEN 6089090 AND 6089190
	Index Only Scan using sbtest1_pkey on sbtest1  (cost=0.43..10.44 rows=100 width=4)
	  Index Cond: ((id >= 6089090) AND (id <= 6089190))

table 2 : explain SELECT id FROM sbtest2 WHERE id BETWEEN 6089090 AND 6089190
	Index Only Scan using sbtest2_pkey on sbtest2  (cost=0.43..6.40 rows=98 width=4)
	  Index Cond: ((id >= 6089090) AND (id <= 6089190))

table 3 : explain SELECT id FROM sbtest3 WHERE id BETWEEN 6089090 AND 6089190
	Index Only Scan using sbtest3_pkey on sbtest3  (cost=0.43..6.47 rows=102 width=4)
	  Index Cond: ((id >= 6089090) AND (id <= 6089190))

table 4 : explain SELECT id FROM sbtest4 WHERE id BETWEEN 6089090 AND 6089190
	Index Only Scan using sbtest4_pkey on sbtest4  (cost=0.43..6.35 rows=96 width=4)
	  Index Cond: ((id >= 6089090) AND (id <= 6089190))

table 5 : explain SELECT id FROM sbtest5 WHERE id BETWEEN 6089090 AND 6089190
	Index Only Scan using sbtest5_pkey on sbtest5  (cost=0.43..6.32 rows=94 width=4)
	  Index Cond: ((id >= 6089090) AND (id <= 6089190))

table 6 : explain SELECT id FROM sbtest6 WHERE id BETWEEN 6089090 AND 6089190
	Index Only Scan using sbtest6_pkey on sbtest6  (cost=0.43..6.59 rows=108 width=4)
	  Index Cond: ((id >= 6089090) AND (id <= 6089190))

table 7 : explain SELECT id FROM sbtest7 WHERE id BETWEEN 6089090 AND 6089190
	Index Only Scan using sbtest7_pkey on sbtest7  (cost=0.43..6.47 rows=102 width=4)
	  Index Cond: ((id >= 6089090) AND (id <= 6089190))

table 8 : explain SELECT id FROM sbtest8 WHERE id BETWEEN 6089090 AND 6089190
	Index Only Scan using sbtest8_pkey on sbtest8  (cost=0.43..6.58 rows=107 width=4)
	  Index Cond: ((id >= 6089090) AND (id <= 6089190))

explain: for range-covered :: explain SELECT id FROM sbtest%d WHERE id BETWEEN 8552899 AND 8552999
explain: for range-covered :: explain SELECT id FROM sbtest%d WHERE id BETWEEN 5488194 AND 5488294
for range-covered
table 1 : explain SELECT id FROM sbtest1 WHERE id BETWEEN 6662973 AND 6663073
	Index Only Scan using sbtest1_pkey on sbtest1  (cost=0.43..10.33 rows=95 width=4)
	  Index Cond: ((id >= 6662973) AND (id <= 6663073))

table 2 : explain SELECT id FROM sbtest2 WHERE id BETWEEN 6662973 AND 6663073
	Index Only Scan using sbtest2_pkey on sbtest2  (cost=0.43..6.35 rows=96 width=4)
	  Index Cond: ((id >= 6662973) AND (id <= 6663073))

table 3 : explain SELECT id FROM sbtest3 WHERE id BETWEEN 6662973 AND 6663073
	Index Only Scan using sbtest3_pkey on sbtest3  (cost=0.43..6.42 rows=99 width=4)
	  Index Cond: ((id >= 6662973) AND (id <= 6663073))

table 4 : explain SELECT id FROM sbtest4 WHERE id BETWEEN 6662973 AND 6663073
	Index Only Scan using sbtest4_pkey on sbtest4  (cost=0.43..6.35 rows=96 width=4)
	  Index Cond: ((id >= 6662973) AND (id <= 6663073))

table 5 : explain SELECT id FROM sbtest5 WHERE id BETWEEN 6662973 AND 6663073
	Index Only Scan using sbtest5_pkey on sbtest5  (cost=0.43..6.61 rows=109 width=4)
	  Index Cond: ((id >= 6662973) AND (id <= 6663073))

table 6 : explain SELECT id FROM sbtest6 WHERE id BETWEEN 6662973 AND 6663073
	Index Only Scan using sbtest6_pkey on sbtest6  (cost=0.43..6.37 rows=97 width=4)
	  Index Cond: ((id >= 6662973) AND (id <= 6663073))

table 7 : explain SELECT id FROM sbtest7 WHERE id BETWEEN 6662973 AND 6663073
	Index Only Scan using sbtest7_pkey on sbtest7  (cost=0.43..6.47 rows=102 width=4)
	  Index Cond: ((id >= 6662973) AND (id <= 6663073))

table 8 : explain SELECT id FROM sbtest8 WHERE id BETWEEN 6662973 AND 6663073
	Index Only Scan using sbtest8_pkey on sbtest8  (cost=0.43..6.42 rows=99 width=4)
	  Index Cond: ((id >= 6662973) AND (id <= 6663073))

explain: for range-covered :: explain SELECT id FROM sbtest%d WHERE id BETWEEN 6089090 AND 6089190
for range-covered
table 1 : explain SELECT id FROM sbtest1 WHERE id BETWEEN 7438801 AND 7438901
	Index Only Scan using sbtest1_pkey on sbtest1  (cost=0.43..10.46 rows=101 width=4)
	  Index Cond: ((id >= 7438801) AND (id <= 7438901))

table 2 : explain SELECT id FROM sbtest2 WHERE id BETWEEN 7438801 AND 7438901
	Index Only Scan using sbtest2_pkey on sbtest2  (cost=0.43..6.47 rows=102 width=4)
	  Index Cond: ((id >= 7438801) AND (id <= 7438901))

table 3 : explain SELECT id FROM sbtest3 WHERE id BETWEEN 7438801 AND 7438901
	Index Only Scan using sbtest3_pkey on sbtest3  (cost=0.43..6.43 rows=100 width=4)
	  Index Cond: ((id >= 7438801) AND (id <= 7438901))

table 4 : explain SELECT id FROM sbtest4 WHERE id BETWEEN 7438801 AND 7438901
	Index Only Scan using sbtest4_pkey on sbtest4  (cost=0.43..6.27 rows=92 width=4)
	  Index Cond: ((id >= 7438801) AND (id <= 7438901))

table 5 : explain SELECT id FROM sbtest5 WHERE id BETWEEN 7438801 AND 7438901
	Index Only Scan using sbtest5_pkey on sbtest5  (cost=0.43..6.25 rows=91 width=4)
	  Index Cond: ((id >= 7438801) AND (id <= 7438901))

table 6 : explain SELECT id FROM sbtest6 WHERE id BETWEEN 7438801 AND 7438901
	Index Only Scan using sbtest6_pkey on sbtest6  (cost=0.43..6.51 rows=104 width=4)
	  Index Cond: ((id >= 7438801) AND (id <= 7438901))

table 7 : explain SELECT id FROM sbtest7 WHERE id BETWEEN 7438801 AND 7438901
	Index Only Scan using sbtest7_pkey on sbtest7  (cost=0.43..6.74 rows=115 width=4)
	  Index Cond: ((id >= 7438801) AND (id <= 7438901))

table 8 : explain SELECT id FROM sbtest8 WHERE id BETWEEN 7438801 AND 7438901
	Index Only Scan using sbtest8_pkey on sbtest8  (cost=0.43..6.51 rows=104 width=4)
	  Index Cond: ((id >= 7438801) AND (id <= 7438901))

for range-covered
table 1 : explain SELECT id FROM sbtest1 WHERE id BETWEEN 8552899 AND 8552999
	Index Only Scan using sbtest1_pkey on sbtest1  (cost=0.43..10.56 rows=106 width=4)
	  Index Cond: ((id >= 8552899) AND (id <= 8552999))

table 2 : explain SELECT id FROM sbtest2 WHERE id BETWEEN 8552899 AND 8552999
	Index Only Scan using sbtest2_pkey on sbtest2  (cost=0.43..6.69 rows=113 width=4)
	  Index Cond: ((id >= 8552899) AND (id <= 8552999))

table 3 : explain SELECT id FROM sbtest3 WHERE id BETWEEN 8552899 AND 8552999
	Index Only Scan using sbtest3_pkey on sbtest3  (cost=0.43..6.40 rows=98 width=4)
	  Index Cond: ((id >= 8552899) AND (id <= 8552999))

table 4 : explain SELECT id FROM sbtest4 WHERE id BETWEEN 8552899 AND 8552999
	Index Only Scan using sbtest4_pkey on sbtest4  (cost=0.43..6.50 rows=103 width=4)
	  Index Cond: ((id >= 8552899) AND (id <= 8552999))

table 5 : explain SELECT id FROM sbtest5 WHERE id BETWEEN 8552899 AND 8552999
	Index Only Scan using sbtest5_pkey on sbtest5  (cost=0.43..6.40 rows=98 width=4)
	  Index Cond: ((id >= 8552899) AND (id <= 8552999))

table 6 : explain SELECT id FROM sbtest6 WHERE id BETWEEN 8552899 AND 8552999
	Index Only Scan using sbtest6_pkey on sbtest6  (cost=0.43..6.43 rows=100 width=4)
	  Index Cond: ((id >= 8552899) AND (id <= 8552999))

table 7 : explain SELECT id FROM sbtest7 WHERE id BETWEEN 8552899 AND 8552999
	Index Only Scan using sbtest7_pkey on sbtest7  (cost=0.43..6.59 rows=108 width=4)
	  Index Cond: ((id >= 8552899) AND (id <= 8552999))

table 8 : explain SELECT id FROM sbtest8 WHERE id BETWEEN 8552899 AND 8552999
	Index Only Scan using sbtest8_pkey on sbtest8  (cost=0.43..6.67 rows=112 width=4)
	  Index Cond: ((id >= 8552899) AND (id <= 8552999))

explain: for range-covered :: explain SELECT id FROM sbtest%d WHERE id BETWEEN 8552899 AND 8552999
for range-covered
table 1 : explain SELECT id FROM sbtest1 WHERE id BETWEEN 6089090 AND 6089190
	Index Only Scan using sbtest1_pkey on sbtest1  (cost=0.43..10.44 rows=100 width=4)
	  Index Cond: ((id >= 6089090) AND (id <= 6089190))

table 2 : explain SELECT id FROM sbtest2 WHERE id BETWEEN 6089090 AND 6089190
	Index Only Scan using sbtest2_pkey on sbtest2  (cost=0.43..6.40 rows=98 width=4)
	  Index Cond: ((id >= 6089090) AND (id <= 6089190))

table 3 : explain SELECT id FROM sbtest3 WHERE id BETWEEN 6089090 AND 6089190
	Index Only Scan using sbtest3_pkey on sbtest3  (cost=0.43..6.47 rows=102 width=4)
	  Index Cond: ((id >= 6089090) AND (id <= 6089190))

table 4 : explain SELECT id FROM sbtest4 WHERE id BETWEEN 6089090 AND 6089190
	Index Only Scan using sbtest4_pkey on sbtest4  (cost=0.43..6.35 rows=96 width=4)
	  Index Cond: ((id >= 6089090) AND (id <= 6089190))

table 5 : explain SELECT id FROM sbtest5 WHERE id BETWEEN 6089090 AND 6089190
	Index Only Scan using sbtest5_pkey on sbtest5  (cost=0.43..6.32 rows=94 width=4)
	  Index Cond: ((id >= 6089090) AND (id <= 6089190))

table 6 : explain SELECT id FROM sbtest6 WHERE id BETWEEN 6089090 AND 6089190
	Index Only Scan using sbtest6_pkey on sbtest6  (cost=0.43..6.59 rows=108 width=4)
	  Index Cond: ((id >= 6089090) AND (id <= 6089190))

table 7 : explain SELECT id FROM sbtest7 WHERE id BETWEEN 6089090 AND 6089190
	Index Only Scan using sbtest7_pkey on sbtest7  (cost=0.43..6.47 rows=102 width=4)
	  Index Cond: ((id >= 6089090) AND (id <= 6089190))

table 8 : explain SELECT id FROM sbtest8 WHERE id BETWEEN 6089090 AND 6089190
	Index Only Scan using sbtest8_pkey on sbtest8  (cost=0.43..6.58 rows=107 width=4)
	  Index Cond: ((id >= 6089090) AND (id <= 6089190))

for range-covered
table 1 : explain SELECT id FROM sbtest1 WHERE id BETWEEN 5488194 AND 5488294
	Index Only Scan using sbtest1_pkey on sbtest1  (cost=0.43..10.50 rows=103 width=4)
	  Index Cond: ((id >= 5488194) AND (id <= 5488294))

table 2 : explain SELECT id FROM sbtest2 WHERE id BETWEEN 5488194 AND 5488294
	Index Only Scan using sbtest2_pkey on sbtest2  (cost=0.43..6.27 rows=92 width=4)
	  Index Cond: ((id >= 5488194) AND (id <= 5488294))

table 3 : explain SELECT id FROM sbtest3 WHERE id BETWEEN 5488194 AND 5488294
	Index Only Scan using sbtest3_pkey on sbtest3  (cost=0.43..6.40 rows=98 width=4)
	  Index Cond: ((id >= 5488194) AND (id <= 5488294))

table 4 : explain SELECT id FROM sbtest4 WHERE id BETWEEN 5488194 AND 5488294
	Index Only Scan using sbtest4_pkey on sbtest4  (cost=0.43..6.32 rows=94 width=4)
	  Index Cond: ((id >= 5488194) AND (id <= 5488294))

table 5 : explain SELECT id FROM sbtest5 WHERE id BETWEEN 5488194 AND 5488294
	Index Only Scan using sbtest5_pkey on sbtest5  (cost=0.43..6.50 rows=103 width=4)
	  Index Cond: ((id >= 5488194) AND (id <= 5488294))

table 6 : explain SELECT id FROM sbtest6 WHERE id BETWEEN 5488194 AND 5488294
	Index Only Scan using sbtest6_pkey on sbtest6  (cost=0.43..6.42 rows=99 width=4)
	  Index Cond: ((id >= 5488194) AND (id <= 5488294))

table 7 : explain SELECT id FROM sbtest7 WHERE id BETWEEN 5488194 AND 5488294
	Index Only Scan using sbtest7_pkey on sbtest7  (cost=0.43..6.58 rows=107 width=4)
	  Index Cond: ((id >= 5488194) AND (id <= 5488294))

table 8 : explain SELECT id FROM sbtest8 WHERE id BETWEEN 5488194 AND 5488294
	Index Only Scan using sbtest8_pkey on sbtest8  (cost=0.43..6.42 rows=99 width=4)
	  Index Cond: ((id >= 5488194) AND (id <= 5488294))

explain: for range-covered :: explain SELECT id FROM sbtest%d WHERE id BETWEEN 6089090 AND 6089190
explain: for range-covered :: explain SELECT id FROM sbtest%d WHERE id BETWEEN 6662973 AND 6663073
explain: for range-covered :: explain SELECT id FROM sbtest%d WHERE id BETWEEN 5488194 AND 5488294
for range-covered
table 1 : explain SELECT id FROM sbtest1 WHERE id BETWEEN 8552899 AND 8552999
	Index Only Scan using sbtest1_pkey on sbtest1  (cost=0.43..10.56 rows=106 width=4)
	  Index Cond: ((id >= 8552899) AND (id <= 8552999))

table 2 : explain SELECT id FROM sbtest2 WHERE id BETWEEN 8552899 AND 8552999
	Index Only Scan using sbtest2_pkey on sbtest2  (cost=0.43..6.69 rows=113 width=4)
	  Index Cond: ((id >= 8552899) AND (id <= 8552999))

table 3 : explain SELECT id FROM sbtest3 WHERE id BETWEEN 8552899 AND 8552999
	Index Only Scan using sbtest3_pkey on sbtest3  (cost=0.43..6.40 rows=98 width=4)
	  Index Cond: ((id >= 8552899) AND (id <= 8552999))

table 4 : explain SELECT id FROM sbtest4 WHERE id BETWEEN 8552899 AND 8552999
	Index Only Scan using sbtest4_pkey on sbtest4  (cost=0.43..6.50 rows=103 width=4)
	  Index Cond: ((id >= 8552899) AND (id <= 8552999))

table 5 : explain SELECT id FROM sbtest5 WHERE id BETWEEN 8552899 AND 8552999
	Index Only Scan using sbtest5_pkey on sbtest5  (cost=0.43..6.40 rows=98 width=4)
	  Index Cond: ((id >= 8552899) AND (id <= 8552999))

table 6 : explain SELECT id FROM sbtest6 WHERE id BETWEEN 8552899 AND 8552999
	Index Only Scan using sbtest6_pkey on sbtest6  (cost=0.43..6.43 rows=100 width=4)
	  Index Cond: ((id >= 8552899) AND (id <= 8552999))

table 7 : explain SELECT id FROM sbtest7 WHERE id BETWEEN 8552899 AND 8552999
	Index Only Scan using sbtest7_pkey on sbtest7  (cost=0.43..6.59 rows=108 width=4)
	  Index Cond: ((id >= 8552899) AND (id <= 8552999))

table 8 : explain SELECT id FROM sbtest8 WHERE id BETWEEN 8552899 AND 8552999
	Index Only Scan using sbtest8_pkey on sbtest8  (cost=0.43..6.67 rows=112 width=4)
	  Index Cond: ((id >= 8552899) AND (id <= 8552999))

for range-covered
table 1 : explain SELECT id FROM sbtest1 WHERE id BETWEEN 6089090 AND 6089190
	Index Only Scan using sbtest1_pkey on sbtest1  (cost=0.43..10.44 rows=100 width=4)
	  Index Cond: ((id >= 6089090) AND (id <= 6089190))

table 2 : explain SELECT id FROM sbtest2 WHERE id BETWEEN 6089090 AND 6089190
	Index Only Scan using sbtest2_pkey on sbtest2  (cost=0.43..6.40 rows=98 width=4)
	  Index Cond: ((id >= 6089090) AND (id <= 6089190))

table 3 : explain SELECT id FROM sbtest3 WHERE id BETWEEN 6089090 AND 6089190
	Index Only Scan using sbtest3_pkey on sbtest3  (cost=0.43..6.47 rows=102 width=4)
	  Index Cond: ((id >= 6089090) AND (id <= 6089190))

table 4 : explain SELECT id FROM sbtest4 WHERE id BETWEEN 6089090 AND 6089190
	Index Only Scan using sbtest4_pkey on sbtest4  (cost=0.43..6.35 rows=96 width=4)
	  Index Cond: ((id >= 6089090) AND (id <= 6089190))

table 5 : explain SELECT id FROM sbtest5 WHERE id BETWEEN 6089090 AND 6089190
	Index Only Scan using sbtest5_pkey on sbtest5  (cost=0.43..6.32 rows=94 width=4)
	  Index Cond: ((id >= 6089090) AND (id <= 6089190))

table 6 : explain SELECT id FROM sbtest6 WHERE id BETWEEN 6089090 AND 6089190
	Index Only Scan using sbtest6_pkey on sbtest6  (cost=0.43..6.59 rows=108 width=4)
	  Index Cond: ((id >= 6089090) AND (id <= 6089190))

table 7 : explain SELECT id FROM sbtest7 WHERE id BETWEEN 6089090 AND 6089190
	Index Only Scan using sbtest7_pkey on sbtest7  (cost=0.43..6.47 rows=102 width=4)
	  Index Cond: ((id >= 6089090) AND (id <= 6089190))

table 8 : explain SELECT id FROM sbtest8 WHERE id BETWEEN 6089090 AND 6089190
	Index Only Scan using sbtest8_pkey on sbtest8  (cost=0.43..6.58 rows=107 width=4)
	  Index Cond: ((id >= 6089090) AND (id <= 6089190))

explain: for range-covered :: explain SELECT id FROM sbtest%d WHERE id BETWEEN 8552899 AND 8552999
explain: for range-covered :: explain SELECT id FROM sbtest%d WHERE id BETWEEN 6089090 AND 6089190
for range-covered
table 1 : explain SELECT id FROM sbtest1 WHERE id BETWEEN 5488194 AND 5488294
	Index Only Scan using sbtest1_pkey on sbtest1  (cost=0.43..10.50 rows=103 width=4)
	  Index Cond: ((id >= 5488194) AND (id <= 5488294))

table 2 : explain SELECT id FROM sbtest2 WHERE id BETWEEN 5488194 AND 5488294
	Index Only Scan using sbtest2_pkey on sbtest2  (cost=0.43..6.27 rows=92 width=4)
	  Index Cond: ((id >= 5488194) AND (id <= 5488294))

table 3 : explain SELECT id FROM sbtest3 WHERE id BETWEEN 5488194 AND 5488294
	Index Only Scan using sbtest3_pkey on sbtest3  (cost=0.43..6.40 rows=98 width=4)
	  Index Cond: ((id >= 5488194) AND (id <= 5488294))

table 4 : explain SELECT id FROM sbtest4 WHERE id BETWEEN 5488194 AND 5488294
	Index Only Scan using sbtest4_pkey on sbtest4  (cost=0.43..6.32 rows=94 width=4)
	  Index Cond: ((id >= 5488194) AND (id <= 5488294))

table 5 : explain SELECT id FROM sbtest5 WHERE id BETWEEN 5488194 AND 5488294
	Index Only Scan using sbtest5_pkey on sbtest5  (cost=0.43..6.50 rows=103 width=4)
	  Index Cond: ((id >= 5488194) AND (id <= 5488294))

table 6 : explain SELECT id FROM sbtest6 WHERE id BETWEEN 5488194 AND 5488294
	Index Only Scan using sbtest6_pkey on sbtest6  (cost=0.43..6.42 rows=99 width=4)
	  Index Cond: ((id >= 5488194) AND (id <= 5488294))

table 7 : explain SELECT id FROM sbtest7 WHERE id BETWEEN 5488194 AND 5488294
	Index Only Scan using sbtest7_pkey on sbtest7  (cost=0.43..6.58 rows=107 width=4)
	  Index Cond: ((id >= 5488194) AND (id <= 5488294))

table 8 : explain SELECT id FROM sbtest8 WHERE id BETWEEN 5488194 AND 5488294
	Index Only Scan using sbtest8_pkey on sbtest8  (cost=0.43..6.42 rows=99 width=4)
	  Index Cond: ((id >= 5488194) AND (id <= 5488294))

explain: for range-covered :: explain SELECT id FROM sbtest%d WHERE id BETWEEN 5488194 AND 5488294
for range-covered
table 1 : explain SELECT id FROM sbtest1 WHERE id BETWEEN 6662973 AND 6663073
	Index Only Scan using sbtest1_pkey on sbtest1  (cost=0.43..10.33 rows=95 width=4)
	  Index Cond: ((id >= 6662973) AND (id <= 6663073))

table 2 : explain SELECT id FROM sbtest2 WHERE id BETWEEN 6662973 AND 6663073
	Index Only Scan using sbtest2_pkey on sbtest2  (cost=0.43..6.35 rows=96 width=4)
	  Index Cond: ((id >= 6662973) AND (id <= 6663073))

table 3 : explain SELECT id FROM sbtest3 WHERE id BETWEEN 6662973 AND 6663073
	Index Only Scan using sbtest3_pkey on sbtest3  (cost=0.43..6.42 rows=99 width=4)
	  Index Cond: ((id >= 6662973) AND (id <= 6663073))

table 4 : explain SELECT id FROM sbtest4 WHERE id BETWEEN 6662973 AND 6663073
	Index Only Scan using sbtest4_pkey on sbtest4  (cost=0.43..6.35 rows=96 width=4)
	  Index Cond: ((id >= 6662973) AND (id <= 6663073))

table 5 : explain SELECT id FROM sbtest5 WHERE id BETWEEN 6662973 AND 6663073
	Index Only Scan using sbtest5_pkey on sbtest5  (cost=0.43..6.61 rows=109 width=4)
	  Index Cond: ((id >= 6662973) AND (id <= 6663073))

table 6 : explain SELECT id FROM sbtest6 WHERE id BETWEEN 6662973 AND 6663073
	Index Only Scan using sbtest6_pkey on sbtest6  (cost=0.43..6.37 rows=97 width=4)
	  Index Cond: ((id >= 6662973) AND (id <= 6663073))

table 7 : explain SELECT id FROM sbtest7 WHERE id BETWEEN 6662973 AND 6663073
	Index Only Scan using sbtest7_pkey on sbtest7  (cost=0.43..6.47 rows=102 width=4)
	  Index Cond: ((id >= 6662973) AND (id <= 6663073))

table 8 : explain SELECT id FROM sbtest8 WHERE id BETWEEN 6662973 AND 6663073
	Index Only Scan using sbtest8_pkey on sbtest8  (cost=0.43..6.42 rows=99 width=4)
	  Index Cond: ((id >= 6662973) AND (id <= 6663073))

explain: for range-covered :: explain SELECT id FROM sbtest%d WHERE id BETWEEN 6662973 AND 6663073
explain: for range-covered :: explain SELECT id FROM sbtest%d WHERE id BETWEEN 1884712 AND 1884812
for range-covered
table 1 : explain SELECT id FROM sbtest1 WHERE id BETWEEN 8552899 AND 8552999
	Index Only Scan using sbtest1_pkey on sbtest1  (cost=0.43..10.56 rows=106 width=4)
	  Index Cond: ((id >= 8552899) AND (id <= 8552999))

table 2 : explain SELECT id FROM sbtest2 WHERE id BETWEEN 8552899 AND 8552999
	Index Only Scan using sbtest2_pkey on sbtest2  (cost=0.43..6.69 rows=113 width=4)
	  Index Cond: ((id >= 8552899) AND (id <= 8552999))

table 3 : explain SELECT id FROM sbtest3 WHERE id BETWEEN 8552899 AND 8552999
	Index Only Scan using sbtest3_pkey on sbtest3  (cost=0.43..6.40 rows=98 width=4)
	  Index Cond: ((id >= 8552899) AND (id <= 8552999))

table 4 : explain SELECT id FROM sbtest4 WHERE id BETWEEN 8552899 AND 8552999
	Index Only Scan using sbtest4_pkey on sbtest4  (cost=0.43..6.50 rows=103 width=4)
	  Index Cond: ((id >= 8552899) AND (id <= 8552999))

table 5 : explain SELECT id FROM sbtest5 WHERE id BETWEEN 8552899 AND 8552999
	Index Only Scan using sbtest5_pkey on sbtest5  (cost=0.43..6.40 rows=98 width=4)
	  Index Cond: ((id >= 8552899) AND (id <= 8552999))

table 6 : explain SELECT id FROM sbtest6 WHERE id BETWEEN 8552899 AND 8552999
	Index Only Scan using sbtest6_pkey on sbtest6  (cost=0.43..6.43 rows=100 width=4)
	  Index Cond: ((id >= 8552899) AND (id <= 8552999))

table 7 : explain SELECT id FROM sbtest7 WHERE id BETWEEN 8552899 AND 8552999
	Index Only Scan using sbtest7_pkey on sbtest7  (cost=0.43..6.59 rows=108 width=4)
	  Index Cond: ((id >= 8552899) AND (id <= 8552999))

table 8 : explain SELECT id FROM sbtest8 WHERE id BETWEEN 8552899 AND 8552999
	Index Only Scan using sbtest8_pkey on sbtest8  (cost=0.43..6.67 rows=112 width=4)
	  Index Cond: ((id >= 8552899) AND (id <= 8552999))

explain: for range-covered :: explain SELECT id FROM sbtest%d WHERE id BETWEEN 8552899 AND 8552999
for range-covered
table 1 : explain SELECT id FROM sbtest1 WHERE id BETWEEN 6089090 AND 6089190
	Index Only Scan using sbtest1_pkey on sbtest1  (cost=0.43..10.44 rows=100 width=4)
	  Index Cond: ((id >= 6089090) AND (id <= 6089190))

table 2 : explain SELECT id FROM sbtest2 WHERE id BETWEEN 6089090 AND 6089190
	Index Only Scan using sbtest2_pkey on sbtest2  (cost=0.43..6.40 rows=98 width=4)
	  Index Cond: ((id >= 6089090) AND (id <= 6089190))

table 3 : explain SELECT id FROM sbtest3 WHERE id BETWEEN 6089090 AND 6089190
	Index Only Scan using sbtest3_pkey on sbtest3  (cost=0.43..6.47 rows=102 width=4)
	  Index Cond: ((id >= 6089090) AND (id <= 6089190))

table 4 : explain SELECT id FROM sbtest4 WHERE id BETWEEN 6089090 AND 6089190
	Index Only Scan using sbtest4_pkey on sbtest4  (cost=0.43..6.35 rows=96 width=4)
	  Index Cond: ((id >= 6089090) AND (id <= 6089190))

table 5 : explain SELECT id FROM sbtest5 WHERE id BETWEEN 6089090 AND 6089190
	Index Only Scan using sbtest5_pkey on sbtest5  (cost=0.43..6.32 rows=94 width=4)
	  Index Cond: ((id >= 6089090) AND (id <= 6089190))

table 6 : explain SELECT id FROM sbtest6 WHERE id BETWEEN 6089090 AND 6089190
	Index Only Scan using sbtest6_pkey on sbtest6  (cost=0.43..6.59 rows=108 width=4)
	  Index Cond: ((id >= 6089090) AND (id <= 6089190))

table 7 : explain SELECT id FROM sbtest7 WHERE id BETWEEN 6089090 AND 6089190
	Index Only Scan using sbtest7_pkey on sbtest7  (cost=0.43..6.47 rows=102 width=4)
	  Index Cond: ((id >= 6089090) AND (id <= 6089190))

table 8 : explain SELECT id FROM sbtest8 WHERE id BETWEEN 6089090 AND 6089190
	Index Only Scan using sbtest8_pkey on sbtest8  (cost=0.43..6.58 rows=107 width=4)
	  Index Cond: ((id >= 6089090) AND (id <= 6089190))

for range-covered
table 1 : explain SELECT id FROM sbtest1 WHERE id BETWEEN 5488194 AND 5488294
	Index Only Scan using sbtest1_pkey on sbtest1  (cost=0.43..10.50 rows=103 width=4)
	  Index Cond: ((id >= 5488194) AND (id <= 5488294))

table 2 : explain SELECT id FROM sbtest2 WHERE id BETWEEN 5488194 AND 5488294
	Index Only Scan using sbtest2_pkey on sbtest2  (cost=0.43..6.27 rows=92 width=4)
	  Index Cond: ((id >= 5488194) AND (id <= 5488294))

table 3 : explain SELECT id FROM sbtest3 WHERE id BETWEEN 5488194 AND 5488294
	Index Only Scan using sbtest3_pkey on sbtest3  (cost=0.43..6.40 rows=98 width=4)
	  Index Cond: ((id >= 5488194) AND (id <= 5488294))

table 4 : explain SELECT id FROM sbtest4 WHERE id BETWEEN 5488194 AND 5488294
	Index Only Scan using sbtest4_pkey on sbtest4  (cost=0.43..6.32 rows=94 width=4)
	  Index Cond: ((id >= 5488194) AND (id <= 5488294))

table 5 : explain SELECT id FROM sbtest5 WHERE id BETWEEN 5488194 AND 5488294
	Index Only Scan using sbtest5_pkey on sbtest5  (cost=0.43..6.50 rows=103 width=4)
	  Index Cond: ((id >= 5488194) AND (id <= 5488294))

table 6 : explain SELECT id FROM sbtest6 WHERE id BETWEEN 5488194 AND 5488294
	Index Only Scan using sbtest6_pkey on sbtest6  (cost=0.43..6.42 rows=99 width=4)
	  Index Cond: ((id >= 5488194) AND (id <= 5488294))

table 7 : explain SELECT id FROM sbtest7 WHERE id BETWEEN 5488194 AND 5488294
	Index Only Scan using sbtest7_pkey on sbtest7  (cost=0.43..6.58 rows=107 width=4)
	  Index Cond: ((id >= 5488194) AND (id <= 5488294))

table 8 : explain SELECT id FROM sbtest8 WHERE id BETWEEN 5488194 AND 5488294
	Index Only Scan using sbtest8_pkey on sbtest8  (cost=0.43..6.42 rows=99 width=4)
	  Index Cond: ((id >= 5488194) AND (id <= 5488294))

explain: for range-covered :: explain SELECT id FROM sbtest%d WHERE id BETWEEN 6089090 AND 6089190
explain: for range-covered :: explain SELECT id FROM sbtest%d WHERE id BETWEEN 5488194 AND 5488294
for range-covered
table 1 : explain SELECT id FROM sbtest1 WHERE id BETWEEN 6662973 AND 6663073
	Index Only Scan using sbtest1_pkey on sbtest1  (cost=0.43..10.33 rows=95 width=4)
	  Index Cond: ((id >= 6662973) AND (id <= 6663073))

table 2 : explain SELECT id FROM sbtest2 WHERE id BETWEEN 6662973 AND 6663073
	Index Only Scan using sbtest2_pkey on sbtest2  (cost=0.43..6.35 rows=96 width=4)
	  Index Cond: ((id >= 6662973) AND (id <= 6663073))

table 3 : explain SELECT id FROM sbtest3 WHERE id BETWEEN 6662973 AND 6663073
	Index Only Scan using sbtest3_pkey on sbtest3  (cost=0.43..6.42 rows=99 width=4)
	  Index Cond: ((id >= 6662973) AND (id <= 6663073))

table 4 : explain SELECT id FROM sbtest4 WHERE id BETWEEN 6662973 AND 6663073
	Index Only Scan using sbtest4_pkey on sbtest4  (cost=0.43..6.35 rows=96 width=4)
	  Index Cond: ((id >= 6662973) AND (id <= 6663073))

table 5 : explain SELECT id FROM sbtest5 WHERE id BETWEEN 6662973 AND 6663073
	Index Only Scan using sbtest5_pkey on sbtest5  (cost=0.43..6.61 rows=109 width=4)
	  Index Cond: ((id >= 6662973) AND (id <= 6663073))

table 6 : explain SELECT id FROM sbtest6 WHERE id BETWEEN 6662973 AND 6663073
	Index Only Scan using sbtest6_pkey on sbtest6  (cost=0.43..6.37 rows=97 width=4)
	  Index Cond: ((id >= 6662973) AND (id <= 6663073))

table 7 : explain SELECT id FROM sbtest7 WHERE id BETWEEN 6662973 AND 6663073
	Index Only Scan using sbtest7_pkey on sbtest7  (cost=0.43..6.47 rows=102 width=4)
	  Index Cond: ((id >= 6662973) AND (id <= 6663073))

table 8 : explain SELECT id FROM sbtest8 WHERE id BETWEEN 6662973 AND 6663073
	Index Only Scan using sbtest8_pkey on sbtest8  (cost=0.43..6.42 rows=99 width=4)
	  Index Cond: ((id >= 6662973) AND (id <= 6663073))

explain: for range-covered :: explain SELECT id FROM sbtest%d WHERE id BETWEEN 6662973 AND 6663073
for range-covered
table 1 : explain SELECT id FROM sbtest1 WHERE id BETWEEN 8552899 AND 8552999
	Index Only Scan using sbtest1_pkey on sbtest1  (cost=0.43..10.56 rows=106 width=4)
	  Index Cond: ((id >= 8552899) AND (id <= 8552999))

table 2 : explain SELECT id FROM sbtest2 WHERE id BETWEEN 8552899 AND 8552999
	Index Only Scan using sbtest2_pkey on sbtest2  (cost=0.43..6.69 rows=113 width=4)
	  Index Cond: ((id >= 8552899) AND (id <= 8552999))

table 3 : explain SELECT id FROM sbtest3 WHERE id BETWEEN 8552899 AND 8552999
	Index Only Scan using sbtest3_pkey on sbtest3  (cost=0.43..6.40 rows=98 width=4)
	  Index Cond: ((id >= 8552899) AND (id <= 8552999))

table 4 : explain SELECT id FROM sbtest4 WHERE id BETWEEN 8552899 AND 8552999
	Index Only Scan using sbtest4_pkey on sbtest4  (cost=0.43..6.50 rows=103 width=4)
	  Index Cond: ((id >= 8552899) AND (id <= 8552999))

table 5 : explain SELECT id FROM sbtest5 WHERE id BETWEEN 8552899 AND 8552999
	Index Only Scan using sbtest5_pkey on sbtest5  (cost=0.43..6.40 rows=98 width=4)
	  Index Cond: ((id >= 8552899) AND (id <= 8552999))

table 6 : explain SELECT id FROM sbtest6 WHERE id BETWEEN 8552899 AND 8552999
	Index Only Scan using sbtest6_pkey on sbtest6  (cost=0.43..6.43 rows=100 width=4)
	  Index Cond: ((id >= 8552899) AND (id <= 8552999))

table 7 : explain SELECT id FROM sbtest7 WHERE id BETWEEN 8552899 AND 8552999
	Index Only Scan using sbtest7_pkey on sbtest7  (cost=0.43..6.59 rows=108 width=4)
	  Index Cond: ((id >= 8552899) AND (id <= 8552999))

table 8 : explain SELECT id FROM sbtest8 WHERE id BETWEEN 8552899 AND 8552999
	Index Only Scan using sbtest8_pkey on sbtest8  (cost=0.43..6.67 rows=112 width=4)
	  Index Cond: ((id >= 8552899) AND (id <= 8552999))

explain: for range-covered :: explain SELECT id FROM sbtest%d WHERE id BETWEEN 8552899 AND 8552999
for range-covered
table 1 : explain SELECT id FROM sbtest1 WHERE id BETWEEN 5488194 AND 5488294
	Index Only Scan using sbtest1_pkey on sbtest1  (cost=0.43..10.50 rows=103 width=4)
	  Index Cond: ((id >= 5488194) AND (id <= 5488294))

table 2 : explain SELECT id FROM sbtest2 WHERE id BETWEEN 5488194 AND 5488294
	Index Only Scan using sbtest2_pkey on sbtest2  (cost=0.43..6.27 rows=92 width=4)
	  Index Cond: ((id >= 5488194) AND (id <= 5488294))

table 3 : explain SELECT id FROM sbtest3 WHERE id BETWEEN 5488194 AND 5488294
	Index Only Scan using sbtest3_pkey on sbtest3  (cost=0.43..6.40 rows=98 width=4)
	  Index Cond: ((id >= 5488194) AND (id <= 5488294))

table 4 : explain SELECT id FROM sbtest4 WHERE id BETWEEN 5488194 AND 5488294
	Index Only Scan using sbtest4_pkey on sbtest4  (cost=0.43..6.32 rows=94 width=4)
	  Index Cond: ((id >= 5488194) AND (id <= 5488294))

table 5 : explain SELECT id FROM sbtest5 WHERE id BETWEEN 5488194 AND 5488294
	Index Only Scan using sbtest5_pkey on sbtest5  (cost=0.43..6.50 rows=103 width=4)
	  Index Cond: ((id >= 5488194) AND (id <= 5488294))

table 6 : explain SELECT id FROM sbtest6 WHERE id BETWEEN 5488194 AND 5488294
	Index Only Scan using sbtest6_pkey on sbtest6  (cost=0.43..6.42 rows=99 width=4)
	  Index Cond: ((id >= 5488194) AND (id <= 5488294))

table 7 : explain SELECT id FROM sbtest7 WHERE id BETWEEN 5488194 AND 5488294
	Index Only Scan using sbtest7_pkey on sbtest7  (cost=0.43..6.58 rows=107 width=4)
	  Index Cond: ((id >= 5488194) AND (id <= 5488294))

table 8 : explain SELECT id FROM sbtest8 WHERE id BETWEEN 5488194 AND 5488294
	Index Only Scan using sbtest8_pkey on sbtest8  (cost=0.43..6.42 rows=99 width=4)
	  Index Cond: ((id >= 5488194) AND (id <= 5488294))

for range-covered
table 1 : explain SELECT id FROM sbtest1 WHERE id BETWEEN 6089090 AND 6089190
	Index Only Scan using sbtest1_pkey on sbtest1  (cost=0.43..10.44 rows=100 width=4)
	  Index Cond: ((id >= 6089090) AND (id <= 6089190))

table 2 : explain SELECT id FROM sbtest2 WHERE id BETWEEN 6089090 AND 6089190
	Index Only Scan using sbtest2_pkey on sbtest2  (cost=0.43..6.40 rows=98 width=4)
	  Index Cond: ((id >= 6089090) AND (id <= 6089190))

table 3 : explain SELECT id FROM sbtest3 WHERE id BETWEEN 6089090 AND 6089190
	Index Only Scan using sbtest3_pkey on sbtest3  (cost=0.43..6.47 rows=102 width=4)
	  Index Cond: ((id >= 6089090) AND (id <= 6089190))

table 4 : explain SELECT id FROM sbtest4 WHERE id BETWEEN 6089090 AND 6089190
	Index Only Scan using sbtest4_pkey on sbtest4  (cost=0.43..6.35 rows=96 width=4)
	  Index Cond: ((id >= 6089090) AND (id <= 6089190))

table 5 : explain SELECT id FROM sbtest5 WHERE id BETWEEN 6089090 AND 6089190
	Index Only Scan using sbtest5_pkey on sbtest5  (cost=0.43..6.32 rows=94 width=4)
	  Index Cond: ((id >= 6089090) AND (id <= 6089190))

table 6 : explain SELECT id FROM sbtest6 WHERE id BETWEEN 6089090 AND 6089190
	Index Only Scan using sbtest6_pkey on sbtest6  (cost=0.43..6.59 rows=108 width=4)
	  Index Cond: ((id >= 6089090) AND (id <= 6089190))

table 7 : explain SELECT id FROM sbtest7 WHERE id BETWEEN 6089090 AND 6089190
	Index Only Scan using sbtest7_pkey on sbtest7  (cost=0.43..6.47 rows=102 width=4)
	  Index Cond: ((id >= 6089090) AND (id <= 6089190))

table 8 : explain SELECT id FROM sbtest8 WHERE id BETWEEN 6089090 AND 6089190
	Index Only Scan using sbtest8_pkey on sbtest8  (cost=0.43..6.58 rows=107 width=4)
	  Index Cond: ((id >= 6089090) AND (id <= 6089190))

explain: for range-covered :: explain SELECT id FROM sbtest%d WHERE id BETWEEN 5488194 AND 5488294
explain: for range-covered :: explain SELECT id FROM sbtest%d WHERE id BETWEEN 6089090 AND 6089190
for range-covered
table 1 : explain SELECT id FROM sbtest1 WHERE id BETWEEN 6662973 AND 6663073
	Index Only Scan using sbtest1_pkey on sbtest1  (cost=0.43..10.33 rows=95 width=4)
	  Index Cond: ((id >= 6662973) AND (id <= 6663073))

table 2 : explain SELECT id FROM sbtest2 WHERE id BETWEEN 6662973 AND 6663073
	Index Only Scan using sbtest2_pkey on sbtest2  (cost=0.43..6.35 rows=96 width=4)
	  Index Cond: ((id >= 6662973) AND (id <= 6663073))

table 3 : explain SELECT id FROM sbtest3 WHERE id BETWEEN 6662973 AND 6663073
	Index Only Scan using sbtest3_pkey on sbtest3  (cost=0.43..6.42 rows=99 width=4)
	  Index Cond: ((id >= 6662973) AND (id <= 6663073))

table 4 : explain SELECT id FROM sbtest4 WHERE id BETWEEN 6662973 AND 6663073
	Index Only Scan using sbtest4_pkey on sbtest4  (cost=0.43..6.35 rows=96 width=4)
	  Index Cond: ((id >= 6662973) AND (id <= 6663073))

table 5 : explain SELECT id FROM sbtest5 WHERE id BETWEEN 6662973 AND 6663073
	Index Only Scan using sbtest5_pkey on sbtest5  (cost=0.43..6.61 rows=109 width=4)
	  Index Cond: ((id >= 6662973) AND (id <= 6663073))

table 6 : explain SELECT id FROM sbtest6 WHERE id BETWEEN 6662973 AND 6663073
	Index Only Scan using sbtest6_pkey on sbtest6  (cost=0.43..6.37 rows=97 width=4)
	  Index Cond: ((id >= 6662973) AND (id <= 6663073))

table 7 : explain SELECT id FROM sbtest7 WHERE id BETWEEN 6662973 AND 6663073
	Index Only Scan using sbtest7_pkey on sbtest7  (cost=0.43..6.47 rows=102 width=4)
	  Index Cond: ((id >= 6662973) AND (id <= 6663073))

table 8 : explain SELECT id FROM sbtest8 WHERE id BETWEEN 6662973 AND 6663073
	Index Only Scan using sbtest8_pkey on sbtest8  (cost=0.43..6.42 rows=99 width=4)
	  Index Cond: ((id >= 6662973) AND (id <= 6663073))

explain: for range-covered :: explain SELECT id FROM sbtest%d WHERE id BETWEEN 6662973 AND 6663073
for range-covered
table 1 : explain SELECT id FROM sbtest1 WHERE id BETWEEN 8552899 AND 8552999
	Index Only Scan using sbtest1_pkey on sbtest1  (cost=0.43..10.56 rows=106 width=4)
	  Index Cond: ((id >= 8552899) AND (id <= 8552999))

table 2 : explain SELECT id FROM sbtest2 WHERE id BETWEEN 8552899 AND 8552999
	Index Only Scan using sbtest2_pkey on sbtest2  (cost=0.43..6.69 rows=113 width=4)
	  Index Cond: ((id >= 8552899) AND (id <= 8552999))

table 3 : explain SELECT id FROM sbtest3 WHERE id BETWEEN 8552899 AND 8552999
	Index Only Scan using sbtest3_pkey on sbtest3  (cost=0.43..6.40 rows=98 width=4)
	  Index Cond: ((id >= 8552899) AND (id <= 8552999))

table 4 : explain SELECT id FROM sbtest4 WHERE id BETWEEN 8552899 AND 8552999
	Index Only Scan using sbtest4_pkey on sbtest4  (cost=0.43..6.50 rows=103 width=4)
	  Index Cond: ((id >= 8552899) AND (id <= 8552999))

table 5 : explain SELECT id FROM sbtest5 WHERE id BETWEEN 8552899 AND 8552999
	Index Only Scan using sbtest5_pkey on sbtest5  (cost=0.43..6.40 rows=98 width=4)
	  Index Cond: ((id >= 8552899) AND (id <= 8552999))

table 6 : explain SELECT id FROM sbtest6 WHERE id BETWEEN 8552899 AND 8552999
	Index Only Scan using sbtest6_pkey on sbtest6  (cost=0.43..6.43 rows=100 width=4)
	  Index Cond: ((id >= 8552899) AND (id <= 8552999))

table 7 : explain SELECT id FROM sbtest7 WHERE id BETWEEN 8552899 AND 8552999
	Index Only Scan using sbtest7_pkey on sbtest7  (cost=0.43..6.59 rows=108 width=4)
	  Index Cond: ((id >= 8552899) AND (id <= 8552999))

table 8 : explain SELECT id FROM sbtest8 WHERE id BETWEEN 8552899 AND 8552999
	Index Only Scan using sbtest8_pkey on sbtest8  (cost=0.43..6.67 rows=112 width=4)
	  Index Cond: ((id >= 8552899) AND (id <= 8552999))

explain: for range-covered :: explain SELECT id FROM sbtest%d WHERE id BETWEEN 8552899 AND 8552999
for range-covered
table 1 : explain SELECT id FROM sbtest1 WHERE id BETWEEN 5488194 AND 5488294
	Index Only Scan using sbtest1_pkey on sbtest1  (cost=0.43..10.50 rows=103 width=4)
	  Index Cond: ((id >= 5488194) AND (id <= 5488294))

table 2 : explain SELECT id FROM sbtest2 WHERE id BETWEEN 5488194 AND 5488294
	Index Only Scan using sbtest2_pkey on sbtest2  (cost=0.43..6.27 rows=92 width=4)
	  Index Cond: ((id >= 5488194) AND (id <= 5488294))

table 3 : explain SELECT id FROM sbtest3 WHERE id BETWEEN 5488194 AND 5488294
	Index Only Scan using sbtest3_pkey on sbtest3  (cost=0.43..6.40 rows=98 width=4)
	  Index Cond: ((id >= 5488194) AND (id <= 5488294))

table 4 : explain SELECT id FROM sbtest4 WHERE id BETWEEN 5488194 AND 5488294
	Index Only Scan using sbtest4_pkey on sbtest4  (cost=0.43..6.32 rows=94 width=4)
	  Index Cond: ((id >= 5488194) AND (id <= 5488294))

table 5 : explain SELECT id FROM sbtest5 WHERE id BETWEEN 5488194 AND 5488294
	Index Only Scan using sbtest5_pkey on sbtest5  (cost=0.43..6.50 rows=103 width=4)
	  Index Cond: ((id >= 5488194) AND (id <= 5488294))

table 6 : explain SELECT id FROM sbtest6 WHERE id BETWEEN 5488194 AND 5488294
	Index Only Scan using sbtest6_pkey on sbtest6  (cost=0.43..6.42 rows=99 width=4)
	  Index Cond: ((id >= 5488194) AND (id <= 5488294))

table 7 : explain SELECT id FROM sbtest7 WHERE id BETWEEN 5488194 AND 5488294
	Index Only Scan using sbtest7_pkey on sbtest7  (cost=0.43..6.58 rows=107 width=4)
	  Index Cond: ((id >= 5488194) AND (id <= 5488294))

table 8 : explain SELECT id FROM sbtest8 WHERE id BETWEEN 5488194 AND 5488294
	Index Only Scan using sbtest8_pkey on sbtest8  (cost=0.43..6.42 rows=99 width=4)
	  Index Cond: ((id >= 5488194) AND (id <= 5488294))

explain: for range-covered :: explain SELECT id FROM sbtest%d WHERE id BETWEEN 5488194 AND 5488294
for range-covered
table 1 : explain SELECT id FROM sbtest1 WHERE id BETWEEN 6662973 AND 6663073
	Index Only Scan using sbtest1_pkey on sbtest1  (cost=0.43..10.33 rows=95 width=4)
	  Index Cond: ((id >= 6662973) AND (id <= 6663073))

table 2 : explain SELECT id FROM sbtest2 WHERE id BETWEEN 6662973 AND 6663073
	Index Only Scan using sbtest2_pkey on sbtest2  (cost=0.43..6.35 rows=96 width=4)
	  Index Cond: ((id >= 6662973) AND (id <= 6663073))

table 3 : explain SELECT id FROM sbtest3 WHERE id BETWEEN 6662973 AND 6663073
	Index Only Scan using sbtest3_pkey on sbtest3  (cost=0.43..6.42 rows=99 width=4)
	  Index Cond: ((id >= 6662973) AND (id <= 6663073))

table 4 : explain SELECT id FROM sbtest4 WHERE id BETWEEN 6662973 AND 6663073
	Index Only Scan using sbtest4_pkey on sbtest4  (cost=0.43..6.35 rows=96 width=4)
	  Index Cond: ((id >= 6662973) AND (id <= 6663073))

table 5 : explain SELECT id FROM sbtest5 WHERE id BETWEEN 6662973 AND 6663073
	Index Only Scan using sbtest5_pkey on sbtest5  (cost=0.43..6.61 rows=109 width=4)
	  Index Cond: ((id >= 6662973) AND (id <= 6663073))

table 6 : explain SELECT id FROM sbtest6 WHERE id BETWEEN 6662973 AND 6663073
	Index Only Scan using sbtest6_pkey on sbtest6  (cost=0.43..6.37 rows=97 width=4)
	  Index Cond: ((id >= 6662973) AND (id <= 6663073))

table 7 : explain SELECT id FROM sbtest7 WHERE id BETWEEN 6662973 AND 6663073
	Index Only Scan using sbtest7_pkey on sbtest7  (cost=0.43..6.47 rows=102 width=4)
	  Index Cond: ((id >= 6662973) AND (id <= 6663073))

table 8 : explain SELECT id FROM sbtest8 WHERE id BETWEEN 6662973 AND 6663073
	Index Only Scan using sbtest8_pkey on sbtest8  (cost=0.43..6.42 rows=99 width=4)
	  Index Cond: ((id >= 6662973) AND (id <= 6663073))

explain: for range-covered :: explain SELECT id FROM sbtest%d WHERE id BETWEEN 6662973 AND 6663073
for range-covered
table 1 : explain SELECT id FROM sbtest1 WHERE id BETWEEN 3635888 AND 3635988
	Index Only Scan using sbtest1_pkey on sbtest1  (cost=0.43..10.32 rows=94 width=4)
	  Index Cond: ((id >= 3635888) AND (id <= 3635988))

table 2 : explain SELECT id FROM sbtest2 WHERE id BETWEEN 3635888 AND 3635988
	Index Only Scan using sbtest2_pkey on sbtest2  (cost=0.43..6.45 rows=101 width=4)
	  Index Cond: ((id >= 3635888) AND (id <= 3635988))

table 3 : explain SELECT id FROM sbtest3 WHERE id BETWEEN 3635888 AND 3635988
	Index Only Scan using sbtest3_pkey on sbtest3  (cost=0.43..6.40 rows=98 width=4)
	  Index Cond: ((id >= 3635888) AND (id <= 3635988))

table 4 : explain SELECT id FROM sbtest4 WHERE id BETWEEN 3635888 AND 3635988
	Index Only Scan using sbtest4_pkey on sbtest4  (cost=0.43..6.43 rows=100 width=4)
	  Index Cond: ((id >= 3635888) AND (id <= 3635988))

table 5 : explain SELECT id FROM sbtest5 WHERE id BETWEEN 3635888 AND 3635988
	Index Only Scan using sbtest5_pkey on sbtest5  (cost=0.43..6.51 rows=104 width=4)
	  Index Cond: ((id >= 3635888) AND (id <= 3635988))

table 6 : explain SELECT id FROM sbtest6 WHERE id BETWEEN 3635888 AND 3635988
	Index Only Scan using sbtest6_pkey on sbtest6  (cost=0.43..6.50 rows=103 width=4)
	  Index Cond: ((id >= 3635888) AND (id <= 3635988))

table 7 : explain SELECT id FROM sbtest7 WHERE id BETWEEN 3635888 AND 3635988
	Index Only Scan using sbtest7_pkey on sbtest7  (cost=0.43..6.32 rows=94 width=4)
	  Index Cond: ((id >= 3635888) AND (id <= 3635988))

table 8 : explain SELECT id FROM sbtest8 WHERE id BETWEEN 3635888 AND 3635988
	Index Only Scan using sbtest8_pkey on sbtest8  (cost=0.43..6.61 rows=109 width=4)
	  Index Cond: ((id >= 3635888) AND (id <= 3635988))

explain: for range-covered :: explain SELECT id FROM sbtest%d WHERE id BETWEEN 3635888 AND 3635988
for range-covered
table 1 : explain SELECT id FROM sbtest1 WHERE id BETWEEN 4789386 AND 4789486
	Index Only Scan using sbtest1_pkey on sbtest1  (cost=0.43..10.72 rows=114 width=4)
	  Index Cond: ((id >= 4789386) AND (id <= 4789486))

table 2 : explain SELECT id FROM sbtest2 WHERE id BETWEEN 4789386 AND 4789486
	Index Only Scan using sbtest2_pkey on sbtest2  (cost=0.43..6.47 rows=102 width=4)
	  Index Cond: ((id >= 4789386) AND (id <= 4789486))

table 3 : explain SELECT id FROM sbtest3 WHERE id BETWEEN 4789386 AND 4789486
	Index Only Scan using sbtest3_pkey on sbtest3  (cost=0.43..6.43 rows=100 width=4)
	  Index Cond: ((id >= 4789386) AND (id <= 4789486))

table 4 : explain SELECT id FROM sbtest4 WHERE id BETWEEN 4789386 AND 4789486
	Index Only Scan using sbtest4_pkey on sbtest4  (cost=0.43..6.29 rows=93 width=4)
	  Index Cond: ((id >= 4789386) AND (id <= 4789486))

table 5 : explain SELECT id FROM sbtest5 WHERE id BETWEEN 4789386 AND 4789486
	Index Only Scan using sbtest5_pkey on sbtest5  (cost=0.43..6.33 rows=95 width=4)
	  Index Cond: ((id >= 4789386) AND (id <= 4789486))

table 6 : explain SELECT id FROM sbtest6 WHERE id BETWEEN 4789386 AND 4789486
	Index Only Scan using sbtest6_pkey on sbtest6  (cost=0.43..6.29 rows=93 width=4)
	  Index Cond: ((id >= 4789386) AND (id <= 4789486))

table 7 : explain SELECT id FROM sbtest7 WHERE id BETWEEN 4789386 AND 4789486
	Index Only Scan using sbtest7_pkey on sbtest7  (cost=0.43..6.29 rows=93 width=4)
	  Index Cond: ((id >= 4789386) AND (id <= 4789486))

table 8 : explain SELECT id FROM sbtest8 WHERE id BETWEEN 4789386 AND 4789486
	Index Only Scan using sbtest8_pkey on sbtest8  (cost=0.43..6.35 rows=96 width=4)
	  Index Cond: ((id >= 4789386) AND (id <= 4789486))

for range-covered
table 1 : explain SELECT id FROM sbtest1 WHERE id BETWEEN 5488194 AND 5488294
	Index Only Scan using sbtest1_pkey on sbtest1  (cost=0.43..10.50 rows=103 width=4)
	  Index Cond: ((id >= 5488194) AND (id <= 5488294))

table 2 : explain SELECT id FROM sbtest2 WHERE id BETWEEN 5488194 AND 5488294
	Index Only Scan using sbtest2_pkey on sbtest2  (cost=0.43..6.27 rows=92 width=4)
	  Index Cond: ((id >= 5488194) AND (id <= 5488294))

table 3 : explain SELECT id FROM sbtest3 WHERE id BETWEEN 5488194 AND 5488294
	Index Only Scan using sbtest3_pkey on sbtest3  (cost=0.43..6.40 rows=98 width=4)
	  Index Cond: ((id >= 5488194) AND (id <= 5488294))

table 4 : explain SELECT id FROM sbtest4 WHERE id BETWEEN 5488194 AND 5488294
	Index Only Scan using sbtest4_pkey on sbtest4  (cost=0.43..6.32 rows=94 width=4)
	  Index Cond: ((id >= 5488194) AND (id <= 5488294))

table 5 : explain SELECT id FROM sbtest5 WHERE id BETWEEN 5488194 AND 5488294
	Index Only Scan using sbtest5_pkey on sbtest5  (cost=0.43..6.50 rows=103 width=4)
	  Index Cond: ((id >= 5488194) AND (id <= 5488294))

table 6 : explain SELECT id FROM sbtest6 WHERE id BETWEEN 5488194 AND 5488294
	Index Only Scan using sbtest6_pkey on sbtest6  (cost=0.43..6.42 rows=99 width=4)
	  Index Cond: ((id >= 5488194) AND (id <= 5488294))

table 7 : explain SELECT id FROM sbtest7 WHERE id BETWEEN 5488194 AND 5488294
	Index Only Scan using sbtest7_pkey on sbtest7  (cost=0.43..6.58 rows=107 width=4)
	  Index Cond: ((id >= 5488194) AND (id <= 5488294))

table 8 : explain SELECT id FROM sbtest8 WHERE id BETWEEN 5488194 AND 5488294
	Index Only Scan using sbtest8_pkey on sbtest8  (cost=0.43..6.42 rows=99 width=4)
	  Index Cond: ((id >= 5488194) AND (id <= 5488294))

explain: for range-covered :: explain SELECT id FROM sbtest%d WHERE id BETWEEN 4789386 AND 4789486
explain: for range-covered :: explain SELECT id FROM sbtest%d WHERE id BETWEEN 5488194 AND 5488294
for range-covered
table 1 : explain SELECT id FROM sbtest1 WHERE id BETWEEN 6662973 AND 6663073
	Index Only Scan using sbtest1_pkey on sbtest1  (cost=0.43..10.33 rows=95 width=4)
	  Index Cond: ((id >= 6662973) AND (id <= 6663073))

table 2 : explain SELECT id FROM sbtest2 WHERE id BETWEEN 6662973 AND 6663073
	Index Only Scan using sbtest2_pkey on sbtest2  (cost=0.43..6.35 rows=96 width=4)
	  Index Cond: ((id >= 6662973) AND (id <= 6663073))

table 3 : explain SELECT id FROM sbtest3 WHERE id BETWEEN 6662973 AND 6663073
	Index Only Scan using sbtest3_pkey on sbtest3  (cost=0.43..6.42 rows=99 width=4)
	  Index Cond: ((id >= 6662973) AND (id <= 6663073))

table 4 : explain SELECT id FROM sbtest4 WHERE id BETWEEN 6662973 AND 6663073
	Index Only Scan using sbtest4_pkey on sbtest4  (cost=0.43..6.35 rows=96 width=4)
	  Index Cond: ((id >= 6662973) AND (id <= 6663073))

table 5 : explain SELECT id FROM sbtest5 WHERE id BETWEEN 6662973 AND 6663073
	Index Only Scan using sbtest5_pkey on sbtest5  (cost=0.43..6.61 rows=109 width=4)
	  Index Cond: ((id >= 6662973) AND (id <= 6663073))

table 6 : explain SELECT id FROM sbtest6 WHERE id BETWEEN 6662973 AND 6663073
	Index Only Scan using sbtest6_pkey on sbtest6  (cost=0.43..6.37 rows=97 width=4)
	  Index Cond: ((id >= 6662973) AND (id <= 6663073))

table 7 : explain SELECT id FROM sbtest7 WHERE id BETWEEN 6662973 AND 6663073
	Index Only Scan using sbtest7_pkey on sbtest7  (cost=0.43..6.47 rows=102 width=4)
	  Index Cond: ((id >= 6662973) AND (id <= 6663073))

table 8 : explain SELECT id FROM sbtest8 WHERE id BETWEEN 6662973 AND 6663073
	Index Only Scan using sbtest8_pkey on sbtest8  (cost=0.43..6.42 rows=99 width=4)
	  Index Cond: ((id >= 6662973) AND (id <= 6663073))

for range-covered
table 1 : explain SELECT id FROM sbtest1 WHERE id BETWEEN 8552899 AND 8552999
	Index Only Scan using sbtest1_pkey on sbtest1  (cost=0.43..10.56 rows=106 width=4)
	  Index Cond: ((id >= 8552899) AND (id <= 8552999))

table 2 : explain SELECT id FROM sbtest2 WHERE id BETWEEN 8552899 AND 8552999
	Index Only Scan using sbtest2_pkey on sbtest2  (cost=0.43..6.69 rows=113 width=4)
	  Index Cond: ((id >= 8552899) AND (id <= 8552999))

table 3 : explain SELECT id FROM sbtest3 WHERE id BETWEEN 8552899 AND 8552999
	Index Only Scan using sbtest3_pkey on sbtest3  (cost=0.43..6.40 rows=98 width=4)
	  Index Cond: ((id >= 8552899) AND (id <= 8552999))

table 4 : explain SELECT id FROM sbtest4 WHERE id BETWEEN 8552899 AND 8552999
	Index Only Scan using sbtest4_pkey on sbtest4  (cost=0.43..6.50 rows=103 width=4)
	  Index Cond: ((id >= 8552899) AND (id <= 8552999))

table 5 : explain SELECT id FROM sbtest5 WHERE id BETWEEN 8552899 AND 8552999
	Index Only Scan using sbtest5_pkey on sbtest5  (cost=0.43..6.40 rows=98 width=4)
	  Index Cond: ((id >= 8552899) AND (id <= 8552999))

table 6 : explain SELECT id FROM sbtest6 WHERE id BETWEEN 8552899 AND 8552999
	Index Only Scan using sbtest6_pkey on sbtest6  (cost=0.43..6.43 rows=100 width=4)
	  Index Cond: ((id >= 8552899) AND (id <= 8552999))

table 7 : explain SELECT id FROM sbtest7 WHERE id BETWEEN 8552899 AND 8552999
	Index Only Scan using sbtest7_pkey on sbtest7  (cost=0.43..6.59 rows=108 width=4)
	  Index Cond: ((id >= 8552899) AND (id <= 8552999))

table 8 : explain SELECT id FROM sbtest8 WHERE id BETWEEN 8552899 AND 8552999
	Index Only Scan using sbtest8_pkey on sbtest8  (cost=0.43..6.67 rows=112 width=4)
	  Index Cond: ((id >= 8552899) AND (id <= 8552999))

explain: for range-covered :: explain SELECT id FROM sbtest%d WHERE id BETWEEN 6662973 AND 6663073
for range-covered
table 1 : explain SELECT id FROM sbtest1 WHERE id BETWEEN 3635888 AND 3635988
	Index Only Scan using sbtest1_pkey on sbtest1  (cost=0.43..10.32 rows=94 width=4)
	  Index Cond: ((id >= 3635888) AND (id <= 3635988))

table 2 : explain SELECT id FROM sbtest2 WHERE id BETWEEN 3635888 AND 3635988
	Index Only Scan using sbtest2_pkey on sbtest2  (cost=0.43..6.45 rows=101 width=4)
	  Index Cond: ((id >= 3635888) AND (id <= 3635988))

table 3 : explain SELECT id FROM sbtest3 WHERE id BETWEEN 3635888 AND 3635988
	Index Only Scan using sbtest3_pkey on sbtest3  (cost=0.43..6.40 rows=98 width=4)
	  Index Cond: ((id >= 3635888) AND (id <= 3635988))

table 4 : explain SELECT id FROM sbtest4 WHERE id BETWEEN 3635888 AND 3635988
	Index Only Scan using sbtest4_pkey on sbtest4  (cost=0.43..6.43 rows=100 width=4)
	  Index Cond: ((id >= 3635888) AND (id <= 3635988))

table 5 : explain SELECT id FROM sbtest5 WHERE id BETWEEN 3635888 AND 3635988
	Index Only Scan using sbtest5_pkey on sbtest5  (cost=0.43..6.51 rows=104 width=4)
	  Index Cond: ((id >= 3635888) AND (id <= 3635988))

table 6 : explain SELECT id FROM sbtest6 WHERE id BETWEEN 3635888 AND 3635988
	Index Only Scan using sbtest6_pkey on sbtest6  (cost=0.43..6.50 rows=103 width=4)
	  Index Cond: ((id >= 3635888) AND (id <= 3635988))

table 7 : explain SELECT id FROM sbtest7 WHERE id BETWEEN 3635888 AND 3635988
	Index Only Scan using sbtest7_pkey on sbtest7  (cost=0.43..6.32 rows=94 width=4)
	  Index Cond: ((id >= 3635888) AND (id <= 3635988))

table 8 : explain SELECT id FROM sbtest8 WHERE id BETWEEN 3635888 AND 3635988
	Index Only Scan using sbtest8_pkey on sbtest8  (cost=0.43..6.61 rows=109 width=4)
	  Index Cond: ((id >= 3635888) AND (id <= 3635988))

explain: for range-covered :: explain SELECT id FROM sbtest%d WHERE id BETWEEN 2651282 AND 2651382
explain: for range-covered :: explain SELECT id FROM sbtest%d WHERE id BETWEEN 3635888 AND 3635988
for range-covered
table 1 : explain SELECT id FROM sbtest1 WHERE id BETWEEN 3792041 AND 3792141
	Index Only Scan using sbtest1_pkey on sbtest1  (cost=0.43..10.42 rows=99 width=4)
	  Index Cond: ((id >= 3792041) AND (id <= 3792141))

table 2 : explain SELECT id FROM sbtest2 WHERE id BETWEEN 3792041 AND 3792141
	Index Only Scan using sbtest2_pkey on sbtest2  (cost=0.43..6.29 rows=93 width=4)
	  Index Cond: ((id >= 3792041) AND (id <= 3792141))

table 3 : explain SELECT id FROM sbtest3 WHERE id BETWEEN 3792041 AND 3792141
	Index Only Scan using sbtest3_pkey on sbtest3  (cost=0.43..6.35 rows=96 width=4)
	  Index Cond: ((id >= 3792041) AND (id <= 3792141))

table 4 : explain SELECT id FROM sbtest4 WHERE id BETWEEN 3792041 AND 3792141
	Index Only Scan using sbtest4_pkey on sbtest4  (cost=0.43..6.50 rows=103 width=4)
	  Index Cond: ((id >= 3792041) AND (id <= 3792141))

table 5 : explain SELECT id FROM sbtest5 WHERE id BETWEEN 3792041 AND 3792141
	Index Only Scan using sbtest5_pkey on sbtest5  (cost=0.43..6.42 rows=99 width=4)
	  Index Cond: ((id >= 3792041) AND (id <= 3792141))

table 6 : explain SELECT id FROM sbtest6 WHERE id BETWEEN 3792041 AND 3792141
	Index Only Scan using sbtest6_pkey on sbtest6  (cost=0.43..6.53 rows=105 width=4)
	  Index Cond: ((id >= 3792041) AND (id <= 3792141))

table 7 : explain SELECT id FROM sbtest7 WHERE id BETWEEN 3792041 AND 3792141
	Index Only Scan using sbtest7_pkey on sbtest7  (cost=0.43..6.53 rows=105 width=4)
	  Index Cond: ((id >= 3792041) AND (id <= 3792141))

table 8 : explain SELECT id FROM sbtest8 WHERE id BETWEEN 3792041 AND 3792141
	Index Only Scan using sbtest8_pkey on sbtest8  (cost=0.43..6.61 rows=109 width=4)
	  Index Cond: ((id >= 3792041) AND (id <= 3792141))

for range-covered
table 1 : explain SELECT id FROM sbtest1 WHERE id BETWEEN 4789386 AND 4789486
	Index Only Scan using sbtest1_pkey on sbtest1  (cost=0.43..10.72 rows=114 width=4)
	  Index Cond: ((id >= 4789386) AND (id <= 4789486))

table 2 : explain SELECT id FROM sbtest2 WHERE id BETWEEN 4789386 AND 4789486
	Index Only Scan using sbtest2_pkey on sbtest2  (cost=0.43..6.47 rows=102 width=4)
	  Index Cond: ((id >= 4789386) AND (id <= 4789486))

table 3 : explain SELECT id FROM sbtest3 WHERE id BETWEEN 4789386 AND 4789486
	Index Only Scan using sbtest3_pkey on sbtest3  (cost=0.43..6.43 rows=100 width=4)
	  Index Cond: ((id >= 4789386) AND (id <= 4789486))

table 4 : explain SELECT id FROM sbtest4 WHERE id BETWEEN 4789386 AND 4789486
	Index Only Scan using sbtest4_pkey on sbtest4  (cost=0.43..6.29 rows=93 width=4)
	  Index Cond: ((id >= 4789386) AND (id <= 4789486))

table 5 : explain SELECT id FROM sbtest5 WHERE id BETWEEN 4789386 AND 4789486
	Index Only Scan using sbtest5_pkey on sbtest5  (cost=0.43..6.33 rows=95 width=4)
	  Index Cond: ((id >= 4789386) AND (id <= 4789486))

table 6 : explain SELECT id FROM sbtest6 WHERE id BETWEEN 4789386 AND 4789486
	Index Only Scan using sbtest6_pkey on sbtest6  (cost=0.43..6.29 rows=93 width=4)
	  Index Cond: ((id >= 4789386) AND (id <= 4789486))

table 7 : explain SELECT id FROM sbtest7 WHERE id BETWEEN 4789386 AND 4789486
	Index Only Scan using sbtest7_pkey on sbtest7  (cost=0.43..6.29 rows=93 width=4)
	  Index Cond: ((id >= 4789386) AND (id <= 4789486))

table 8 : explain SELECT id FROM sbtest8 WHERE id BETWEEN 4789386 AND 4789486
	Index Only Scan using sbtest8_pkey on sbtest8  (cost=0.43..6.35 rows=96 width=4)
	  Index Cond: ((id >= 4789386) AND (id <= 4789486))

for range-covered
table 1 : explain SELECT id FROM sbtest1 WHERE id BETWEEN 6662973 AND 6663073
	Index Only Scan using sbtest1_pkey on sbtest1  (cost=0.43..10.33 rows=95 width=4)
	  Index Cond: ((id >= 6662973) AND (id <= 6663073))

table 2 : explain SELECT id FROM sbtest2 WHERE id BETWEEN 6662973 AND 6663073
	Index Only Scan using sbtest2_pkey on sbtest2  (cost=0.43..6.35 rows=96 width=4)
	  Index Cond: ((id >= 6662973) AND (id <= 6663073))

table 3 : explain SELECT id FROM sbtest3 WHERE id BETWEEN 6662973 AND 6663073
	Index Only Scan using sbtest3_pkey on sbtest3  (cost=0.43..6.42 rows=99 width=4)
	  Index Cond: ((id >= 6662973) AND (id <= 6663073))

table 4 : explain SELECT id FROM sbtest4 WHERE id BETWEEN 6662973 AND 6663073
	Index Only Scan using sbtest4_pkey on sbtest4  (cost=0.43..6.35 rows=96 width=4)
	  Index Cond: ((id >= 6662973) AND (id <= 6663073))

table 5 : explain SELECT id FROM sbtest5 WHERE id BETWEEN 6662973 AND 6663073
	Index Only Scan using sbtest5_pkey on sbtest5  (cost=0.43..6.61 rows=109 width=4)
	  Index Cond: ((id >= 6662973) AND (id <= 6663073))

table 6 : explain SELECT id FROM sbtest6 WHERE id BETWEEN 6662973 AND 6663073
	Index Only Scan using sbtest6_pkey on sbtest6  (cost=0.43..6.37 rows=97 width=4)
	  Index Cond: ((id >= 6662973) AND (id <= 6663073))

table 7 : explain SELECT id FROM sbtest7 WHERE id BETWEEN 6662973 AND 6663073
	Index Only Scan using sbtest7_pkey on sbtest7  (cost=0.43..6.47 rows=102 width=4)
	  Index Cond: ((id >= 6662973) AND (id <= 6663073))

table 8 : explain SELECT id FROM sbtest8 WHERE id BETWEEN 6662973 AND 6663073
	Index Only Scan using sbtest8_pkey on sbtest8  (cost=0.43..6.42 rows=99 width=4)
	  Index Cond: ((id >= 6662973) AND (id <= 6663073))

explain: for range-covered :: explain SELECT id FROM sbtest%d WHERE id BETWEEN 4789386 AND 4789486
explain: for range-covered :: explain SELECT id FROM sbtest%d WHERE id BETWEEN 6662973 AND 6663073
for range-covered
table 1 : explain SELECT id FROM sbtest1 WHERE id BETWEEN 6089090 AND 6089190
	Index Only Scan using sbtest1_pkey on sbtest1  (cost=0.43..10.44 rows=100 width=4)
	  Index Cond: ((id >= 6089090) AND (id <= 6089190))

table 2 : explain SELECT id FROM sbtest2 WHERE id BETWEEN 6089090 AND 6089190
	Index Only Scan using sbtest2_pkey on sbtest2  (cost=0.43..6.40 rows=98 width=4)
	  Index Cond: ((id >= 6089090) AND (id <= 6089190))

table 3 : explain SELECT id FROM sbtest3 WHERE id BETWEEN 6089090 AND 6089190
	Index Only Scan using sbtest3_pkey on sbtest3  (cost=0.43..6.47 rows=102 width=4)
	  Index Cond: ((id >= 6089090) AND (id <= 6089190))

table 4 : explain SELECT id FROM sbtest4 WHERE id BETWEEN 6089090 AND 6089190
	Index Only Scan using sbtest4_pkey on sbtest4  (cost=0.43..6.35 rows=96 width=4)
	  Index Cond: ((id >= 6089090) AND (id <= 6089190))

table 5 : explain SELECT id FROM sbtest5 WHERE id BETWEEN 6089090 AND 6089190
	Index Only Scan using sbtest5_pkey on sbtest5  (cost=0.43..6.32 rows=94 width=4)
	  Index Cond: ((id >= 6089090) AND (id <= 6089190))

table 6 : explain SELECT id FROM sbtest6 WHERE id BETWEEN 6089090 AND 6089190
	Index Only Scan using sbtest6_pkey on sbtest6  (cost=0.43..6.59 rows=108 width=4)
	  Index Cond: ((id >= 6089090) AND (id <= 6089190))

table 7 : explain SELECT id FROM sbtest7 WHERE id BETWEEN 6089090 AND 6089190
	Index Only Scan using sbtest7_pkey on sbtest7  (cost=0.43..6.47 rows=102 width=4)
	  Index Cond: ((id >= 6089090) AND (id <= 6089190))

table 8 : explain SELECT id FROM sbtest8 WHERE id BETWEEN 6089090 AND 6089190
	Index Only Scan using sbtest8_pkey on sbtest8  (cost=0.43..6.58 rows=107 width=4)
	  Index Cond: ((id >= 6089090) AND (id <= 6089190))

for range-covered
table 1 : explain SELECT id FROM sbtest1 WHERE id BETWEEN 3635888 AND 3635988
	Index Only Scan using sbtest1_pkey on sbtest1  (cost=0.43..10.32 rows=94 width=4)
	  Index Cond: ((id >= 3635888) AND (id <= 3635988))

table 2 : explain SELECT id FROM sbtest2 WHERE id BETWEEN 3635888 AND 3635988
	Index Only Scan using sbtest2_pkey on sbtest2  (cost=0.43..6.45 rows=101 width=4)
	  Index Cond: ((id >= 3635888) AND (id <= 3635988))

table 3 : explain SELECT id FROM sbtest3 WHERE id BETWEEN 3635888 AND 3635988
	Index Only Scan using sbtest3_pkey on sbtest3  (cost=0.43..6.40 rows=98 width=4)
	  Index Cond: ((id >= 3635888) AND (id <= 3635988))

table 4 : explain SELECT id FROM sbtest4 WHERE id BETWEEN 3635888 AND 3635988
	Index Only Scan using sbtest4_pkey on sbtest4  (cost=0.43..6.43 rows=100 width=4)
	  Index Cond: ((id >= 3635888) AND (id <= 3635988))

table 5 : explain SELECT id FROM sbtest5 WHERE id BETWEEN 3635888 AND 3635988
	Index Only Scan using sbtest5_pkey on sbtest5  (cost=0.43..6.51 rows=104 width=4)
	  Index Cond: ((id >= 3635888) AND (id <= 3635988))

table 6 : explain SELECT id FROM sbtest6 WHERE id BETWEEN 3635888 AND 3635988
	Index Only Scan using sbtest6_pkey on sbtest6  (cost=0.43..6.50 rows=103 width=4)
	  Index Cond: ((id >= 3635888) AND (id <= 3635988))

table 7 : explain SELECT id FROM sbtest7 WHERE id BETWEEN 3635888 AND 3635988
	Index Only Scan using sbtest7_pkey on sbtest7  (cost=0.43..6.32 rows=94 width=4)
	  Index Cond: ((id >= 3635888) AND (id <= 3635988))

table 8 : explain SELECT id FROM sbtest8 WHERE id BETWEEN 3635888 AND 3635988
	Index Only Scan using sbtest8_pkey on sbtest8  (cost=0.43..6.61 rows=109 width=4)
	  Index Cond: ((id >= 3635888) AND (id <= 3635988))

explain: for range-covered :: explain SELECT id FROM sbtest%d WHERE id BETWEEN 3635888 AND 3635988
for range-covered
table 1 : explain SELECT id FROM sbtest1 WHERE id BETWEEN 4642971 AND 4643071
	Index Only Scan using sbtest1_pkey on sbtest1  (cost=0.43..10.51 rows=104 width=4)
	  Index Cond: ((id >= 4642971) AND (id <= 4643071))

table 2 : explain SELECT id FROM sbtest2 WHERE id BETWEEN 4642971 AND 4643071
	Index Only Scan using sbtest2_pkey on sbtest2  (cost=0.43..6.59 rows=108 width=4)
	  Index Cond: ((id >= 4642971) AND (id <= 4643071))

table 3 : explain SELECT id FROM sbtest3 WHERE id BETWEEN 4642971 AND 4643071
	Index Only Scan using sbtest3_pkey on sbtest3  (cost=0.43..6.47 rows=102 width=4)
	  Index Cond: ((id >= 4642971) AND (id <= 4643071))

table 4 : explain SELECT id FROM sbtest4 WHERE id BETWEEN 4642971 AND 4643071
	Index Only Scan using sbtest4_pkey on sbtest4  (cost=0.43..6.42 rows=99 width=4)
	  Index Cond: ((id >= 4642971) AND (id <= 4643071))

table 5 : explain SELECT id FROM sbtest5 WHERE id BETWEEN 4642971 AND 4643071
	Index Only Scan using sbtest5_pkey on sbtest5  (cost=0.43..6.42 rows=99 width=4)
	  Index Cond: ((id >= 4642971) AND (id <= 4643071))

table 6 : explain SELECT id FROM sbtest6 WHERE id BETWEEN 4642971 AND 4643071
	Index Only Scan using sbtest6_pkey on sbtest6  (cost=0.43..6.59 rows=108 width=4)
	  Index Cond: ((id >= 4642971) AND (id <= 4643071))

table 7 : explain SELECT id FROM sbtest7 WHERE id BETWEEN 4642971 AND 4643071
	Index Only Scan using sbtest7_pkey on sbtest7  (cost=0.43..6.32 rows=94 width=4)
	  Index Cond: ((id >= 4642971) AND (id <= 4643071))

table 8 : explain SELECT id FROM sbtest8 WHERE id BETWEEN 4642971 AND 4643071
	Index Only Scan using sbtest8_pkey on sbtest8  (cost=0.43..6.61 rows=109 width=4)
	  Index Cond: ((id >= 4642971) AND (id <= 4643071))

for range-covered
table 1 : explain SELECT id FROM sbtest1 WHERE id BETWEEN 1884712 AND 1884812
	Index Only Scan using sbtest1_pkey on sbtest1  (cost=0.43..10.58 rows=107 width=4)
	  Index Cond: ((id >= 1884712) AND (id <= 1884812))

table 2 : explain SELECT id FROM sbtest2 WHERE id BETWEEN 1884712 AND 1884812
	Index Only Scan using sbtest2_pkey on sbtest2  (cost=0.43..6.29 rows=93 width=4)
	  Index Cond: ((id >= 1884712) AND (id <= 1884812))

table 3 : explain SELECT id FROM sbtest3 WHERE id BETWEEN 1884712 AND 1884812
	Index Only Scan using sbtest3_pkey on sbtest3  (cost=0.43..6.66 rows=111 width=4)
	  Index Cond: ((id >= 1884712) AND (id <= 1884812))

table 4 : explain SELECT id FROM sbtest4 WHERE id BETWEEN 1884712 AND 1884812
	Index Only Scan using sbtest4_pkey on sbtest4  (cost=0.43..6.47 rows=102 width=4)
	  Index Cond: ((id >= 1884712) AND (id <= 1884812))

table 5 : explain SELECT id FROM sbtest5 WHERE id BETWEEN 1884712 AND 1884812
	Index Only Scan using sbtest5_pkey on sbtest5  (cost=0.43..6.53 rows=105 width=4)
	  Index Cond: ((id >= 1884712) AND (id <= 1884812))

table 6 : explain SELECT id FROM sbtest6 WHERE id BETWEEN 1884712 AND 1884812
	Index Only Scan using sbtest6_pkey on sbtest6  (cost=0.43..6.66 rows=111 width=4)
	  Index Cond: ((id >= 1884712) AND (id <= 1884812))

table 7 : explain SELECT id FROM sbtest7 WHERE id BETWEEN 1884712 AND 1884812
	Index Only Scan using sbtest7_pkey on sbtest7  (cost=0.43..6.56 rows=106 width=4)
	  Index Cond: ((id >= 1884712) AND (id <= 1884812))

table 8 : explain SELECT id FROM sbtest8 WHERE id BETWEEN 1884712 AND 1884812
	Index Only Scan using sbtest8_pkey on sbtest8  (cost=0.43..6.61 rows=109 width=4)
	  Index Cond: ((id >= 1884712) AND (id <= 1884812))

for range-covered
table 1 : explain SELECT id FROM sbtest1 WHERE id BETWEEN 6143599 AND 6143699
	Index Only Scan using sbtest1_pkey on sbtest1  (cost=0.43..10.44 rows=100 width=4)
	  Index Cond: ((id >= 6143599) AND (id <= 6143699))

table 2 : explain SELECT id FROM sbtest2 WHERE id BETWEEN 6143599 AND 6143699
	Index Only Scan using sbtest2_pkey on sbtest2  (cost=0.43..6.59 rows=108 width=4)
	  Index Cond: ((id >= 6143599) AND (id <= 6143699))

table 3 : explain SELECT id FROM sbtest3 WHERE id BETWEEN 6143599 AND 6143699
	Index Only Scan using sbtest3_pkey on sbtest3  (cost=0.43..6.51 rows=104 width=4)
	  Index Cond: ((id >= 6143599) AND (id <= 6143699))

table 4 : explain SELECT id FROM sbtest4 WHERE id BETWEEN 6143599 AND 6143699
	Index Only Scan using sbtest4_pkey on sbtest4  (cost=0.43..6.35 rows=96 width=4)
	  Index Cond: ((id >= 6143599) AND (id <= 6143699))

table 5 : explain SELECT id FROM sbtest5 WHERE id BETWEEN 6143599 AND 6143699
	Index Only Scan using sbtest5_pkey on sbtest5  (cost=0.43..6.32 rows=94 width=4)
	  Index Cond: ((id >= 6143599) AND (id <= 6143699))

table 6 : explain SELECT id FROM sbtest6 WHERE id BETWEEN 6143599 AND 6143699
	Index Only Scan using sbtest6_pkey on sbtest6  (cost=0.43..6.56 rows=106 width=4)
	  Index Cond: ((id >= 6143599) AND (id <= 6143699))

table 7 : explain SELECT id FROM sbtest7 WHERE id BETWEEN 6143599 AND 6143699
	Index Only Scan using sbtest7_pkey on sbtest7  (cost=0.43..6.47 rows=102 width=4)
	  Index Cond: ((id >= 6143599) AND (id <= 6143699))

table 8 : explain SELECT id FROM sbtest8 WHERE id BETWEEN 6143599 AND 6143699
	Index Only Scan using sbtest8_pkey on sbtest8  (cost=0.43..6.56 rows=106 width=4)
	  Index Cond: ((id >= 6143599) AND (id <= 6143699))

explain: for range-covered :: explain SELECT id FROM sbtest%d WHERE id BETWEEN 1884712 AND 1884812
for range-covered
table 1 : explain SELECT id FROM sbtest1 WHERE id BETWEEN 5748295 AND 5748395
	Index Only Scan using sbtest1_pkey on sbtest1  (cost=0.43..10.56 rows=106 width=4)
	  Index Cond: ((id >= 5748295) AND (id <= 5748395))

table 2 : explain SELECT id FROM sbtest2 WHERE id BETWEEN 5748295 AND 5748395
	Index Only Scan using sbtest2_pkey on sbtest2  (cost=0.43..6.56 rows=106 width=4)
	  Index Cond: ((id >= 5748295) AND (id <= 5748395))

table 3 : explain SELECT id FROM sbtest3 WHERE id BETWEEN 5748295 AND 5748395
	Index Only Scan using sbtest3_pkey on sbtest3  (cost=0.43..6.50 rows=103 width=4)
	  Index Cond: ((id >= 5748295) AND (id <= 5748395))

table 4 : explain SELECT id FROM sbtest4 WHERE id BETWEEN 5748295 AND 5748395
	Index Only Scan using sbtest4_pkey on sbtest4  (cost=0.43..6.53 rows=105 width=4)
	  Index Cond: ((id >= 5748295) AND (id <= 5748395))

table 5 : explain SELECT id FROM sbtest5 WHERE id BETWEEN 5748295 AND 5748395
	Index Only Scan using sbtest5_pkey on sbtest5  (cost=0.43..6.61 rows=109 width=4)
	  Index Cond: ((id >= 5748295) AND (id <= 5748395))

table 6 : explain SELECT id FROM sbtest6 WHERE id BETWEEN 5748295 AND 5748395
	Index Only Scan using sbtest6_pkey on sbtest6  (cost=0.43..6.47 rows=102 width=4)
	  Index Cond: ((id >= 5748295) AND (id <= 5748395))

table 7 : explain SELECT id FROM sbtest7 WHERE id BETWEEN 5748295 AND 5748395
	Index Only Scan using sbtest7_pkey on sbtest7  (cost=0.43..6.56 rows=106 width=4)
	  Index Cond: ((id >= 5748295) AND (id <= 5748395))

table 8 : explain SELECT id FROM sbtest8 WHERE id BETWEEN 5748295 AND 5748395
	Index Only Scan using sbtest8_pkey on sbtest8  (cost=0.43..6.40 rows=98 width=4)
	  Index Cond: ((id >= 5748295) AND (id <= 5748395))

explain: for range-covered :: explain SELECT id FROM sbtest%d WHERE id BETWEEN 4642971 AND 4643071
explain: for range-covered :: explain SELECT id FROM sbtest%d WHERE id BETWEEN 998656 AND 998756
for range-covered
table 1 : explain SELECT id FROM sbtest1 WHERE id BETWEEN 4789386 AND 4789486
	Index Only Scan using sbtest1_pkey on sbtest1  (cost=0.43..10.72 rows=114 width=4)
	  Index Cond: ((id >= 4789386) AND (id <= 4789486))

table 2 : explain SELECT id FROM sbtest2 WHERE id BETWEEN 4789386 AND 4789486
	Index Only Scan using sbtest2_pkey on sbtest2  (cost=0.43..6.47 rows=102 width=4)
	  Index Cond: ((id >= 4789386) AND (id <= 4789486))

table 3 : explain SELECT id FROM sbtest3 WHERE id BETWEEN 4789386 AND 4789486
	Index Only Scan using sbtest3_pkey on sbtest3  (cost=0.43..6.43 rows=100 width=4)
	  Index Cond: ((id >= 4789386) AND (id <= 4789486))

table 4 : explain SELECT id FROM sbtest4 WHERE id BETWEEN 4789386 AND 4789486
	Index Only Scan using sbtest4_pkey on sbtest4  (cost=0.43..6.29 rows=93 width=4)
	  Index Cond: ((id >= 4789386) AND (id <= 4789486))

table 5 : explain SELECT id FROM sbtest5 WHERE id BETWEEN 4789386 AND 4789486
	Index Only Scan using sbtest5_pkey on sbtest5  (cost=0.43..6.33 rows=95 width=4)
	  Index Cond: ((id >= 4789386) AND (id <= 4789486))

table 6 : explain SELECT id FROM sbtest6 WHERE id BETWEEN 4789386 AND 4789486
	Index Only Scan using sbtest6_pkey on sbtest6  (cost=0.43..6.29 rows=93 width=4)
	  Index Cond: ((id >= 4789386) AND (id <= 4789486))

table 7 : explain SELECT id FROM sbtest7 WHERE id BETWEEN 4789386 AND 4789486
	Index Only Scan using sbtest7_pkey on sbtest7  (cost=0.43..6.29 rows=93 width=4)
	  Index Cond: ((id >= 4789386) AND (id <= 4789486))

table 8 : explain SELECT id FROM sbtest8 WHERE id BETWEEN 4789386 AND 4789486
	Index Only Scan using sbtest8_pkey on sbtest8  (cost=0.43..6.35 rows=96 width=4)
	  Index Cond: ((id >= 4789386) AND (id <= 4789486))

for range-covered
table 1 : explain SELECT id FROM sbtest1 WHERE id BETWEEN 3635888 AND 3635988
	Index Only Scan using sbtest1_pkey on sbtest1  (cost=0.43..10.32 rows=94 width=4)
	  Index Cond: ((id >= 3635888) AND (id <= 3635988))

table 2 : explain SELECT id FROM sbtest2 WHERE id BETWEEN 3635888 AND 3635988
	Index Only Scan using sbtest2_pkey on sbtest2  (cost=0.43..6.45 rows=101 width=4)
	  Index Cond: ((id >= 3635888) AND (id <= 3635988))

table 3 : explain SELECT id FROM sbtest3 WHERE id BETWEEN 3635888 AND 3635988
	Index Only Scan using sbtest3_pkey on sbtest3  (cost=0.43..6.40 rows=98 width=4)
	  Index Cond: ((id >= 3635888) AND (id <= 3635988))

table 4 : explain SELECT id FROM sbtest4 WHERE id BETWEEN 3635888 AND 3635988
	Index Only Scan using sbtest4_pkey on sbtest4  (cost=0.43..6.43 rows=100 width=4)
	  Index Cond: ((id >= 3635888) AND (id <= 3635988))

table 5 : explain SELECT id FROM sbtest5 WHERE id BETWEEN 3635888 AND 3635988
	Index Only Scan using sbtest5_pkey on sbtest5  (cost=0.43..6.51 rows=104 width=4)
	  Index Cond: ((id >= 3635888) AND (id <= 3635988))

table 6 : explain SELECT id FROM sbtest6 WHERE id BETWEEN 3635888 AND 3635988
	Index Only Scan using sbtest6_pkey on sbtest6  (cost=0.43..6.50 rows=103 width=4)
	  Index Cond: ((id >= 3635888) AND (id <= 3635988))

table 7 : explain SELECT id FROM sbtest7 WHERE id BETWEEN 3635888 AND 3635988
	Index Only Scan using sbtest7_pkey on sbtest7  (cost=0.43..6.32 rows=94 width=4)
	  Index Cond: ((id >= 3635888) AND (id <= 3635988))

table 8 : explain SELECT id FROM sbtest8 WHERE id BETWEEN 3635888 AND 3635988
	Index Only Scan using sbtest8_pkey on sbtest8  (cost=0.43..6.61 rows=109 width=4)
	  Index Cond: ((id >= 3635888) AND (id <= 3635988))

explain: for range-covered :: explain SELECT id FROM sbtest%d WHERE id BETWEEN 4789386 AND 4789486
explain: for range-covered :: explain SELECT id FROM sbtest%d WHERE id BETWEEN 3635888 AND 3635988
explain: for range-covered :: explain SELECT id FROM sbtest%d WHERE id BETWEEN 6089090 AND 6089190
for range-covered
table 1 : explain SELECT id FROM sbtest1 WHERE id BETWEEN 6662973 AND 6663073
	Index Only Scan using sbtest1_pkey on sbtest1  (cost=0.43..10.33 rows=95 width=4)
	  Index Cond: ((id >= 6662973) AND (id <= 6663073))

table 2 : explain SELECT id FROM sbtest2 WHERE id BETWEEN 6662973 AND 6663073
	Index Only Scan using sbtest2_pkey on sbtest2  (cost=0.43..6.35 rows=96 width=4)
	  Index Cond: ((id >= 6662973) AND (id <= 6663073))

table 3 : explain SELECT id FROM sbtest3 WHERE id BETWEEN 6662973 AND 6663073
	Index Only Scan using sbtest3_pkey on sbtest3  (cost=0.43..6.42 rows=99 width=4)
	  Index Cond: ((id >= 6662973) AND (id <= 6663073))

table 4 : explain SELECT id FROM sbtest4 WHERE id BETWEEN 6662973 AND 6663073
	Index Only Scan using sbtest4_pkey on sbtest4  (cost=0.43..6.35 rows=96 width=4)
	  Index Cond: ((id >= 6662973) AND (id <= 6663073))

table 5 : explain SELECT id FROM sbtest5 WHERE id BETWEEN 6662973 AND 6663073
	Index Only Scan using sbtest5_pkey on sbtest5  (cost=0.43..6.61 rows=109 width=4)
	  Index Cond: ((id >= 6662973) AND (id <= 6663073))

table 6 : explain SELECT id FROM sbtest6 WHERE id BETWEEN 6662973 AND 6663073
	Index Only Scan using sbtest6_pkey on sbtest6  (cost=0.43..6.37 rows=97 width=4)
	  Index Cond: ((id >= 6662973) AND (id <= 6663073))

table 7 : explain SELECT id FROM sbtest7 WHERE id BETWEEN 6662973 AND 6663073
	Index Only Scan using sbtest7_pkey on sbtest7  (cost=0.43..6.47 rows=102 width=4)
	  Index Cond: ((id >= 6662973) AND (id <= 6663073))

table 8 : explain SELECT id FROM sbtest8 WHERE id BETWEEN 6662973 AND 6663073
	Index Only Scan using sbtest8_pkey on sbtest8  (cost=0.43..6.42 rows=99 width=4)
	  Index Cond: ((id >= 6662973) AND (id <= 6663073))

for range-covered
table 1 : explain SELECT id FROM sbtest1 WHERE id BETWEEN 1884712 AND 1884812
	Index Only Scan using sbtest1_pkey on sbtest1  (cost=0.43..10.58 rows=107 width=4)
	  Index Cond: ((id >= 1884712) AND (id <= 1884812))

table 2 : explain SELECT id FROM sbtest2 WHERE id BETWEEN 1884712 AND 1884812
	Index Only Scan using sbtest2_pkey on sbtest2  (cost=0.43..6.29 rows=93 width=4)
	  Index Cond: ((id >= 1884712) AND (id <= 1884812))

table 3 : explain SELECT id FROM sbtest3 WHERE id BETWEEN 1884712 AND 1884812
	Index Only Scan using sbtest3_pkey on sbtest3  (cost=0.43..6.66 rows=111 width=4)
	  Index Cond: ((id >= 1884712) AND (id <= 1884812))

table 4 : explain SELECT id FROM sbtest4 WHERE id BETWEEN 1884712 AND 1884812
	Index Only Scan using sbtest4_pkey on sbtest4  (cost=0.43..6.47 rows=102 width=4)
	  Index Cond: ((id >= 1884712) AND (id <= 1884812))

table 5 : explain SELECT id FROM sbtest5 WHERE id BETWEEN 1884712 AND 1884812
	Index Only Scan using sbtest5_pkey on sbtest5  (cost=0.43..6.53 rows=105 width=4)
	  Index Cond: ((id >= 1884712) AND (id <= 1884812))

table 6 : explain SELECT id FROM sbtest6 WHERE id BETWEEN 1884712 AND 1884812
	Index Only Scan using sbtest6_pkey on sbtest6  (cost=0.43..6.66 rows=111 width=4)
	  Index Cond: ((id >= 1884712) AND (id <= 1884812))

table 7 : explain SELECT id FROM sbtest7 WHERE id BETWEEN 1884712 AND 1884812
	Index Only Scan using sbtest7_pkey on sbtest7  (cost=0.43..6.56 rows=106 width=4)
	  Index Cond: ((id >= 1884712) AND (id <= 1884812))

table 8 : explain SELECT id FROM sbtest8 WHERE id BETWEEN 1884712 AND 1884812
	Index Only Scan using sbtest8_pkey on sbtest8  (cost=0.43..6.61 rows=109 width=4)
	  Index Cond: ((id >= 1884712) AND (id <= 1884812))

for range-covered
table 1 : explain SELECT id FROM sbtest1 WHERE id BETWEEN 3635888 AND 3635988
	Index Only Scan using sbtest1_pkey on sbtest1  (cost=0.43..10.32 rows=94 width=4)
	  Index Cond: ((id >= 3635888) AND (id <= 3635988))

table 2 : explain SELECT id FROM sbtest2 WHERE id BETWEEN 3635888 AND 3635988
	Index Only Scan using sbtest2_pkey on sbtest2  (cost=0.43..6.45 rows=101 width=4)
	  Index Cond: ((id >= 3635888) AND (id <= 3635988))

table 3 : explain SELECT id FROM sbtest3 WHERE id BETWEEN 3635888 AND 3635988
	Index Only Scan using sbtest3_pkey on sbtest3  (cost=0.43..6.40 rows=98 width=4)
	  Index Cond: ((id >= 3635888) AND (id <= 3635988))

table 4 : explain SELECT id FROM sbtest4 WHERE id BETWEEN 3635888 AND 3635988
	Index Only Scan using sbtest4_pkey on sbtest4  (cost=0.43..6.43 rows=100 width=4)
	  Index Cond: ((id >= 3635888) AND (id <= 3635988))

table 5 : explain SELECT id FROM sbtest5 WHERE id BETWEEN 3635888 AND 3635988
	Index Only Scan using sbtest5_pkey on sbtest5  (cost=0.43..6.51 rows=104 width=4)
	  Index Cond: ((id >= 3635888) AND (id <= 3635988))

table 6 : explain SELECT id FROM sbtest6 WHERE id BETWEEN 3635888 AND 3635988
	Index Only Scan using sbtest6_pkey on sbtest6  (cost=0.43..6.50 rows=103 width=4)
	  Index Cond: ((id >= 3635888) AND (id <= 3635988))

table 7 : explain SELECT id FROM sbtest7 WHERE id BETWEEN 3635888 AND 3635988
	Index Only Scan using sbtest7_pkey on sbtest7  (cost=0.43..6.32 rows=94 width=4)
	  Index Cond: ((id >= 3635888) AND (id <= 3635988))

table 8 : explain SELECT id FROM sbtest8 WHERE id BETWEEN 3635888 AND 3635988
	Index Only Scan using sbtest8_pkey on sbtest8  (cost=0.43..6.61 rows=109 width=4)
	  Index Cond: ((id >= 3635888) AND (id <= 3635988))

explain: for range-covered :: explain SELECT id FROM sbtest%d WHERE id BETWEEN 1884712 AND 1884812
explain: for range-covered :: explain SELECT id FROM sbtest%d WHERE id BETWEEN 3635888 AND 3635988
for range-covered
table 1 : explain SELECT id FROM sbtest1 WHERE id BETWEEN 4642971 AND 4643071
	Index Only Scan using sbtest1_pkey on sbtest1  (cost=0.43..10.51 rows=104 width=4)
	  Index Cond: ((id >= 4642971) AND (id <= 4643071))

table 2 : explain SELECT id FROM sbtest2 WHERE id BETWEEN 4642971 AND 4643071
	Index Only Scan using sbtest2_pkey on sbtest2  (cost=0.43..6.59 rows=108 width=4)
	  Index Cond: ((id >= 4642971) AND (id <= 4643071))

table 3 : explain SELECT id FROM sbtest3 WHERE id BETWEEN 4642971 AND 4643071
	Index Only Scan using sbtest3_pkey on sbtest3  (cost=0.43..6.47 rows=102 width=4)
	  Index Cond: ((id >= 4642971) AND (id <= 4643071))

table 4 : explain SELECT id FROM sbtest4 WHERE id BETWEEN 4642971 AND 4643071
	Index Only Scan using sbtest4_pkey on sbtest4  (cost=0.43..6.42 rows=99 width=4)
	  Index Cond: ((id >= 4642971) AND (id <= 4643071))

table 5 : explain SELECT id FROM sbtest5 WHERE id BETWEEN 4642971 AND 4643071
	Index Only Scan using sbtest5_pkey on sbtest5  (cost=0.43..6.42 rows=99 width=4)
	  Index Cond: ((id >= 4642971) AND (id <= 4643071))

table 6 : explain SELECT id FROM sbtest6 WHERE id BETWEEN 4642971 AND 4643071
	Index Only Scan using sbtest6_pkey on sbtest6  (cost=0.43..6.59 rows=108 width=4)
	  Index Cond: ((id >= 4642971) AND (id <= 4643071))

table 7 : explain SELECT id FROM sbtest7 WHERE id BETWEEN 4642971 AND 4643071
	Index Only Scan using sbtest7_pkey on sbtest7  (cost=0.43..6.32 rows=94 width=4)
	  Index Cond: ((id >= 4642971) AND (id <= 4643071))

table 8 : explain SELECT id FROM sbtest8 WHERE id BETWEEN 4642971 AND 4643071
	Index Only Scan using sbtest8_pkey on sbtest8  (cost=0.43..6.61 rows=109 width=4)
	  Index Cond: ((id >= 4642971) AND (id <= 4643071))

explain: for range-covered :: explain SELECT id FROM sbtest%d WHERE id BETWEEN 4642971 AND 4643071
for range-covered
table 1 : explain SELECT id FROM sbtest1 WHERE id BETWEEN 1884712 AND 1884812
	Index Only Scan using sbtest1_pkey on sbtest1  (cost=0.43..10.58 rows=107 width=4)
	  Index Cond: ((id >= 1884712) AND (id <= 1884812))

table 2 : explain SELECT id FROM sbtest2 WHERE id BETWEEN 1884712 AND 1884812
	Index Only Scan using sbtest2_pkey on sbtest2  (cost=0.43..6.29 rows=93 width=4)
	  Index Cond: ((id >= 1884712) AND (id <= 1884812))

table 3 : explain SELECT id FROM sbtest3 WHERE id BETWEEN 1884712 AND 1884812
	Index Only Scan using sbtest3_pkey on sbtest3  (cost=0.43..6.66 rows=111 width=4)
	  Index Cond: ((id >= 1884712) AND (id <= 1884812))

table 4 : explain SELECT id FROM sbtest4 WHERE id BETWEEN 1884712 AND 1884812
	Index Only Scan using sbtest4_pkey on sbtest4  (cost=0.43..6.47 rows=102 width=4)
	  Index Cond: ((id >= 1884712) AND (id <= 1884812))

table 5 : explain SELECT id FROM sbtest5 WHERE id BETWEEN 1884712 AND 1884812
	Index Only Scan using sbtest5_pkey on sbtest5  (cost=0.43..6.53 rows=105 width=4)
	  Index Cond: ((id >= 1884712) AND (id <= 1884812))

table 6 : explain SELECT id FROM sbtest6 WHERE id BETWEEN 1884712 AND 1884812
	Index Only Scan using sbtest6_pkey on sbtest6  (cost=0.43..6.66 rows=111 width=4)
	  Index Cond: ((id >= 1884712) AND (id <= 1884812))

table 7 : explain SELECT id FROM sbtest7 WHERE id BETWEEN 1884712 AND 1884812
	Index Only Scan using sbtest7_pkey on sbtest7  (cost=0.43..6.56 rows=106 width=4)
	  Index Cond: ((id >= 1884712) AND (id <= 1884812))

table 8 : explain SELECT id FROM sbtest8 WHERE id BETWEEN 1884712 AND 1884812
	Index Only Scan using sbtest8_pkey on sbtest8  (cost=0.43..6.61 rows=109 width=4)
	  Index Cond: ((id >= 1884712) AND (id <= 1884812))

for range-covered
table 1 : explain SELECT id FROM sbtest1 WHERE id BETWEEN 3635888 AND 3635988
	Index Only Scan using sbtest1_pkey on sbtest1  (cost=0.43..10.32 rows=94 width=4)
	  Index Cond: ((id >= 3635888) AND (id <= 3635988))

table 2 : explain SELECT id FROM sbtest2 WHERE id BETWEEN 3635888 AND 3635988
	Index Only Scan using sbtest2_pkey on sbtest2  (cost=0.43..6.45 rows=101 width=4)
	  Index Cond: ((id >= 3635888) AND (id <= 3635988))

table 3 : explain SELECT id FROM sbtest3 WHERE id BETWEEN 3635888 AND 3635988
	Index Only Scan using sbtest3_pkey on sbtest3  (cost=0.43..6.40 rows=98 width=4)
	  Index Cond: ((id >= 3635888) AND (id <= 3635988))

table 4 : explain SELECT id FROM sbtest4 WHERE id BETWEEN 3635888 AND 3635988
	Index Only Scan using sbtest4_pkey on sbtest4  (cost=0.43..6.43 rows=100 width=4)
	  Index Cond: ((id >= 3635888) AND (id <= 3635988))

table 5 : explain SELECT id FROM sbtest5 WHERE id BETWEEN 3635888 AND 3635988
	Index Only Scan using sbtest5_pkey on sbtest5  (cost=0.43..6.51 rows=104 width=4)
	  Index Cond: ((id >= 3635888) AND (id <= 3635988))

table 6 : explain SELECT id FROM sbtest6 WHERE id BETWEEN 3635888 AND 3635988
	Index Only Scan using sbtest6_pkey on sbtest6  (cost=0.43..6.50 rows=103 width=4)
	  Index Cond: ((id >= 3635888) AND (id <= 3635988))

table 7 : explain SELECT id FROM sbtest7 WHERE id BETWEEN 3635888 AND 3635988
	Index Only Scan using sbtest7_pkey on sbtest7  (cost=0.43..6.32 rows=94 width=4)
	  Index Cond: ((id >= 3635888) AND (id <= 3635988))

table 8 : explain SELECT id FROM sbtest8 WHERE id BETWEEN 3635888 AND 3635988
	Index Only Scan using sbtest8_pkey on sbtest8  (cost=0.43..6.61 rows=109 width=4)
	  Index Cond: ((id >= 3635888) AND (id <= 3635988))

explain: for range-covered :: explain SELECT id FROM sbtest%d WHERE id BETWEEN 3635888 AND 3635988
explain: for range-covered :: explain SELECT id FROM sbtest%d WHERE id BETWEEN 1884712 AND 1884812
for range-covered
table 1 : explain SELECT id FROM sbtest1 WHERE id BETWEEN 4642971 AND 4643071
	Index Only Scan using sbtest1_pkey on sbtest1  (cost=0.43..10.51 rows=104 width=4)
	  Index Cond: ((id >= 4642971) AND (id <= 4643071))

table 2 : explain SELECT id FROM sbtest2 WHERE id BETWEEN 4642971 AND 4643071
	Index Only Scan using sbtest2_pkey on sbtest2  (cost=0.43..6.59 rows=108 width=4)
	  Index Cond: ((id >= 4642971) AND (id <= 4643071))

table 3 : explain SELECT id FROM sbtest3 WHERE id BETWEEN 4642971 AND 4643071
	Index Only Scan using sbtest3_pkey on sbtest3  (cost=0.43..6.47 rows=102 width=4)
	  Index Cond: ((id >= 4642971) AND (id <= 4643071))

table 4 : explain SELECT id FROM sbtest4 WHERE id BETWEEN 4642971 AND 4643071
	Index Only Scan using sbtest4_pkey on sbtest4  (cost=0.43..6.42 rows=99 width=4)
	  Index Cond: ((id >= 4642971) AND (id <= 4643071))

table 5 : explain SELECT id FROM sbtest5 WHERE id BETWEEN 4642971 AND 4643071
	Index Only Scan using sbtest5_pkey on sbtest5  (cost=0.43..6.42 rows=99 width=4)
	  Index Cond: ((id >= 4642971) AND (id <= 4643071))

table 6 : explain SELECT id FROM sbtest6 WHERE id BETWEEN 4642971 AND 4643071
	Index Only Scan using sbtest6_pkey on sbtest6  (cost=0.43..6.59 rows=108 width=4)
	  Index Cond: ((id >= 4642971) AND (id <= 4643071))

table 7 : explain SELECT id FROM sbtest7 WHERE id BETWEEN 4642971 AND 4643071
	Index Only Scan using sbtest7_pkey on sbtest7  (cost=0.43..6.32 rows=94 width=4)
	  Index Cond: ((id >= 4642971) AND (id <= 4643071))

table 8 : explain SELECT id FROM sbtest8 WHERE id BETWEEN 4642971 AND 4643071
	Index Only Scan using sbtest8_pkey on sbtest8  (cost=0.43..6.61 rows=109 width=4)
	  Index Cond: ((id >= 4642971) AND (id <= 4643071))

explain: for range-covered :: explain SELECT id FROM sbtest%d WHERE id BETWEEN 4642971 AND 4643071
for range-covered
table 1 : explain SELECT id FROM sbtest1 WHERE id BETWEEN 4789386 AND 4789486
	Index Only Scan using sbtest1_pkey on sbtest1  (cost=0.43..10.72 rows=114 width=4)
	  Index Cond: ((id >= 4789386) AND (id <= 4789486))

table 2 : explain SELECT id FROM sbtest2 WHERE id BETWEEN 4789386 AND 4789486
	Index Only Scan using sbtest2_pkey on sbtest2  (cost=0.43..6.47 rows=102 width=4)
	  Index Cond: ((id >= 4789386) AND (id <= 4789486))

table 3 : explain SELECT id FROM sbtest3 WHERE id BETWEEN 4789386 AND 4789486
	Index Only Scan using sbtest3_pkey on sbtest3  (cost=0.43..6.43 rows=100 width=4)
	  Index Cond: ((id >= 4789386) AND (id <= 4789486))

table 4 : explain SELECT id FROM sbtest4 WHERE id BETWEEN 4789386 AND 4789486
	Index Only Scan using sbtest4_pkey on sbtest4  (cost=0.43..6.29 rows=93 width=4)
	  Index Cond: ((id >= 4789386) AND (id <= 4789486))

table 5 : explain SELECT id FROM sbtest5 WHERE id BETWEEN 4789386 AND 4789486
	Index Only Scan using sbtest5_pkey on sbtest5  (cost=0.43..6.33 rows=95 width=4)
	  Index Cond: ((id >= 4789386) AND (id <= 4789486))

table 6 : explain SELECT id FROM sbtest6 WHERE id BETWEEN 4789386 AND 4789486
	Index Only Scan using sbtest6_pkey on sbtest6  (cost=0.43..6.29 rows=93 width=4)
	  Index Cond: ((id >= 4789386) AND (id <= 4789486))

table 7 : explain SELECT id FROM sbtest7 WHERE id BETWEEN 4789386 AND 4789486
	Index Only Scan using sbtest7_pkey on sbtest7  (cost=0.43..6.29 rows=93 width=4)
	  Index Cond: ((id >= 4789386) AND (id <= 4789486))

table 8 : explain SELECT id FROM sbtest8 WHERE id BETWEEN 4789386 AND 4789486
	Index Only Scan using sbtest8_pkey on sbtest8  (cost=0.43..6.35 rows=96 width=4)
	  Index Cond: ((id >= 4789386) AND (id <= 4789486))

for range-covered
table 1 : explain SELECT id FROM sbtest1 WHERE id BETWEEN 5488194 AND 5488294
	Index Only Scan using sbtest1_pkey on sbtest1  (cost=0.43..10.50 rows=103 width=4)
	  Index Cond: ((id >= 5488194) AND (id <= 5488294))

table 2 : explain SELECT id FROM sbtest2 WHERE id BETWEEN 5488194 AND 5488294
	Index Only Scan using sbtest2_pkey on sbtest2  (cost=0.43..6.27 rows=92 width=4)
	  Index Cond: ((id >= 5488194) AND (id <= 5488294))

table 3 : explain SELECT id FROM sbtest3 WHERE id BETWEEN 5488194 AND 5488294
	Index Only Scan using sbtest3_pkey on sbtest3  (cost=0.43..6.40 rows=98 width=4)
	  Index Cond: ((id >= 5488194) AND (id <= 5488294))

table 4 : explain SELECT id FROM sbtest4 WHERE id BETWEEN 5488194 AND 5488294
	Index Only Scan using sbtest4_pkey on sbtest4  (cost=0.43..6.32 rows=94 width=4)
	  Index Cond: ((id >= 5488194) AND (id <= 5488294))

table 5 : explain SELECT id FROM sbtest5 WHERE id BETWEEN 5488194 AND 5488294
	Index Only Scan using sbtest5_pkey on sbtest5  (cost=0.43..6.50 rows=103 width=4)
	  Index Cond: ((id >= 5488194) AND (id <= 5488294))

table 6 : explain SELECT id FROM sbtest6 WHERE id BETWEEN 5488194 AND 5488294
	Index Only Scan using sbtest6_pkey on sbtest6  (cost=0.43..6.42 rows=99 width=4)
	  Index Cond: ((id >= 5488194) AND (id <= 5488294))

table 7 : explain SELECT id FROM sbtest7 WHERE id BETWEEN 5488194 AND 5488294
	Index Only Scan using sbtest7_pkey on sbtest7  (cost=0.43..6.58 rows=107 width=4)
	  Index Cond: ((id >= 5488194) AND (id <= 5488294))

table 8 : explain SELECT id FROM sbtest8 WHERE id BETWEEN 5488194 AND 5488294
	Index Only Scan using sbtest8_pkey on sbtest8  (cost=0.43..6.42 rows=99 width=4)
	  Index Cond: ((id >= 5488194) AND (id <= 5488294))

explain: for range-covered :: explain SELECT id FROM sbtest%d WHERE id BETWEEN 4789386 AND 4789486
for range-covered
table 1 : explain SELECT id FROM sbtest1 WHERE id BETWEEN 1884712 AND 1884812
	Index Only Scan using sbtest1_pkey on sbtest1  (cost=0.43..10.58 rows=107 width=4)
	  Index Cond: ((id >= 1884712) AND (id <= 1884812))

table 2 : explain SELECT id FROM sbtest2 WHERE id BETWEEN 1884712 AND 1884812
	Index Only Scan using sbtest2_pkey on sbtest2  (cost=0.43..6.29 rows=93 width=4)
	  Index Cond: ((id >= 1884712) AND (id <= 1884812))

table 3 : explain SELECT id FROM sbtest3 WHERE id BETWEEN 1884712 AND 1884812
	Index Only Scan using sbtest3_pkey on sbtest3  (cost=0.43..6.66 rows=111 width=4)
	  Index Cond: ((id >= 1884712) AND (id <= 1884812))

table 4 : explain SELECT id FROM sbtest4 WHERE id BETWEEN 1884712 AND 1884812
	Index Only Scan using sbtest4_pkey on sbtest4  (cost=0.43..6.47 rows=102 width=4)
	  Index Cond: ((id >= 1884712) AND (id <= 1884812))

table 5 : explain SELECT id FROM sbtest5 WHERE id BETWEEN 1884712 AND 1884812
	Index Only Scan using sbtest5_pkey on sbtest5  (cost=0.43..6.53 rows=105 width=4)
	  Index Cond: ((id >= 1884712) AND (id <= 1884812))

table 6 : explain SELECT id FROM sbtest6 WHERE id BETWEEN 1884712 AND 1884812
	Index Only Scan using sbtest6_pkey on sbtest6  (cost=0.43..6.66 rows=111 width=4)
	  Index Cond: ((id >= 1884712) AND (id <= 1884812))

table 7 : explain SELECT id FROM sbtest7 WHERE id BETWEEN 1884712 AND 1884812
	Index Only Scan using sbtest7_pkey on sbtest7  (cost=0.43..6.56 rows=106 width=4)
	  Index Cond: ((id >= 1884712) AND (id <= 1884812))

table 8 : explain SELECT id FROM sbtest8 WHERE id BETWEEN 1884712 AND 1884812
	Index Only Scan using sbtest8_pkey on sbtest8  (cost=0.43..6.61 rows=109 width=4)
	  Index Cond: ((id >= 1884712) AND (id <= 1884812))

explain: for range-covered :: explain SELECT id FROM sbtest%d WHERE id BETWEEN 1884712 AND 1884812
for range-covered
table 1 : explain SELECT id FROM sbtest1 WHERE id BETWEEN 3635888 AND 3635988
	Index Only Scan using sbtest1_pkey on sbtest1  (cost=0.43..10.32 rows=94 width=4)
	  Index Cond: ((id >= 3635888) AND (id <= 3635988))

table 2 : explain SELECT id FROM sbtest2 WHERE id BETWEEN 3635888 AND 3635988
	Index Only Scan using sbtest2_pkey on sbtest2  (cost=0.43..6.45 rows=101 width=4)
	  Index Cond: ((id >= 3635888) AND (id <= 3635988))

table 3 : explain SELECT id FROM sbtest3 WHERE id BETWEEN 3635888 AND 3635988
	Index Only Scan using sbtest3_pkey on sbtest3  (cost=0.43..6.40 rows=98 width=4)
	  Index Cond: ((id >= 3635888) AND (id <= 3635988))

table 4 : explain SELECT id FROM sbtest4 WHERE id BETWEEN 3635888 AND 3635988
	Index Only Scan using sbtest4_pkey on sbtest4  (cost=0.43..6.43 rows=100 width=4)
	  Index Cond: ((id >= 3635888) AND (id <= 3635988))

table 5 : explain SELECT id FROM sbtest5 WHERE id BETWEEN 3635888 AND 3635988
	Index Only Scan using sbtest5_pkey on sbtest5  (cost=0.43..6.51 rows=104 width=4)
	  Index Cond: ((id >= 3635888) AND (id <= 3635988))

table 6 : explain SELECT id FROM sbtest6 WHERE id BETWEEN 3635888 AND 3635988
	Index Only Scan using sbtest6_pkey on sbtest6  (cost=0.43..6.50 rows=103 width=4)
	  Index Cond: ((id >= 3635888) AND (id <= 3635988))

table 7 : explain SELECT id FROM sbtest7 WHERE id BETWEEN 3635888 AND 3635988
	Index Only Scan using sbtest7_pkey on sbtest7  (cost=0.43..6.32 rows=94 width=4)
	  Index Cond: ((id >= 3635888) AND (id <= 3635988))

table 8 : explain SELECT id FROM sbtest8 WHERE id BETWEEN 3635888 AND 3635988
	Index Only Scan using sbtest8_pkey on sbtest8  (cost=0.43..6.61 rows=109 width=4)
	  Index Cond: ((id >= 3635888) AND (id <= 3635988))

for range-covered
table 1 : explain SELECT id FROM sbtest1 WHERE id BETWEEN 4642971 AND 4643071
	Index Only Scan using sbtest1_pkey on sbtest1  (cost=0.43..10.51 rows=104 width=4)
	  Index Cond: ((id >= 4642971) AND (id <= 4643071))

table 2 : explain SELECT id FROM sbtest2 WHERE id BETWEEN 4642971 AND 4643071
	Index Only Scan using sbtest2_pkey on sbtest2  (cost=0.43..6.59 rows=108 width=4)
	  Index Cond: ((id >= 4642971) AND (id <= 4643071))

table 3 : explain SELECT id FROM sbtest3 WHERE id BETWEEN 4642971 AND 4643071
	Index Only Scan using sbtest3_pkey on sbtest3  (cost=0.43..6.47 rows=102 width=4)
	  Index Cond: ((id >= 4642971) AND (id <= 4643071))

table 4 : explain SELECT id FROM sbtest4 WHERE id BETWEEN 4642971 AND 4643071
	Index Only Scan using sbtest4_pkey on sbtest4  (cost=0.43..6.42 rows=99 width=4)
	  Index Cond: ((id >= 4642971) AND (id <= 4643071))

table 5 : explain SELECT id FROM sbtest5 WHERE id BETWEEN 4642971 AND 4643071
	Index Only Scan using sbtest5_pkey on sbtest5  (cost=0.43..6.42 rows=99 width=4)
	  Index Cond: ((id >= 4642971) AND (id <= 4643071))

table 6 : explain SELECT id FROM sbtest6 WHERE id BETWEEN 4642971 AND 4643071
	Index Only Scan using sbtest6_pkey on sbtest6  (cost=0.43..6.59 rows=108 width=4)
	  Index Cond: ((id >= 4642971) AND (id <= 4643071))

table 7 : explain SELECT id FROM sbtest7 WHERE id BETWEEN 4642971 AND 4643071
	Index Only Scan using sbtest7_pkey on sbtest7  (cost=0.43..6.32 rows=94 width=4)
	  Index Cond: ((id >= 4642971) AND (id <= 4643071))

table 8 : explain SELECT id FROM sbtest8 WHERE id BETWEEN 4642971 AND 4643071
	Index Only Scan using sbtest8_pkey on sbtest8  (cost=0.43..6.61 rows=109 width=4)
	  Index Cond: ((id >= 4642971) AND (id <= 4643071))

explain: for range-covered :: explain SELECT id FROM sbtest%d WHERE id BETWEEN 4642971 AND 4643071
explain: for range-covered :: explain SELECT id FROM sbtest%d WHERE id BETWEEN 3635888 AND 3635988
explain: for range-covered :: explain SELECT id FROM sbtest%d WHERE id BETWEEN 2202637 AND 2202737
for range-covered
table 1 : explain SELECT id FROM sbtest1 WHERE id BETWEEN 6089090 AND 6089190
	Index Only Scan using sbtest1_pkey on sbtest1  (cost=0.43..10.44 rows=100 width=4)
	  Index Cond: ((id >= 6089090) AND (id <= 6089190))

table 2 : explain SELECT id FROM sbtest2 WHERE id BETWEEN 6089090 AND 6089190
	Index Only Scan using sbtest2_pkey on sbtest2  (cost=0.43..6.40 rows=98 width=4)
	  Index Cond: ((id >= 6089090) AND (id <= 6089190))

table 3 : explain SELECT id FROM sbtest3 WHERE id BETWEEN 6089090 AND 6089190
	Index Only Scan using sbtest3_pkey on sbtest3  (cost=0.43..6.47 rows=102 width=4)
	  Index Cond: ((id >= 6089090) AND (id <= 6089190))

table 4 : explain SELECT id FROM sbtest4 WHERE id BETWEEN 6089090 AND 6089190
	Index Only Scan using sbtest4_pkey on sbtest4  (cost=0.43..6.35 rows=96 width=4)
	  Index Cond: ((id >= 6089090) AND (id <= 6089190))

table 5 : explain SELECT id FROM sbtest5 WHERE id BETWEEN 6089090 AND 6089190
	Index Only Scan using sbtest5_pkey on sbtest5  (cost=0.43..6.32 rows=94 width=4)
	  Index Cond: ((id >= 6089090) AND (id <= 6089190))

table 6 : explain SELECT id FROM sbtest6 WHERE id BETWEEN 6089090 AND 6089190
	Index Only Scan using sbtest6_pkey on sbtest6  (cost=0.43..6.59 rows=108 width=4)
	  Index Cond: ((id >= 6089090) AND (id <= 6089190))

table 7 : explain SELECT id FROM sbtest7 WHERE id BETWEEN 6089090 AND 6089190
	Index Only Scan using sbtest7_pkey on sbtest7  (cost=0.43..6.47 rows=102 width=4)
	  Index Cond: ((id >= 6089090) AND (id <= 6089190))

table 8 : explain SELECT id FROM sbtest8 WHERE id BETWEEN 6089090 AND 6089190
	Index Only Scan using sbtest8_pkey on sbtest8  (cost=0.43..6.58 rows=107 width=4)
	  Index Cond: ((id >= 6089090) AND (id <= 6089190))

for range-covered
table 1 : explain SELECT id FROM sbtest1 WHERE id BETWEEN 4789386 AND 4789486
	Index Only Scan using sbtest1_pkey on sbtest1  (cost=0.43..10.72 rows=114 width=4)
	  Index Cond: ((id >= 4789386) AND (id <= 4789486))

table 2 : explain SELECT id FROM sbtest2 WHERE id BETWEEN 4789386 AND 4789486
	Index Only Scan using sbtest2_pkey on sbtest2  (cost=0.43..6.47 rows=102 width=4)
	  Index Cond: ((id >= 4789386) AND (id <= 4789486))

table 3 : explain SELECT id FROM sbtest3 WHERE id BETWEEN 4789386 AND 4789486
	Index Only Scan using sbtest3_pkey on sbtest3  (cost=0.43..6.43 rows=100 width=4)
	  Index Cond: ((id >= 4789386) AND (id <= 4789486))

table 4 : explain SELECT id FROM sbtest4 WHERE id BETWEEN 4789386 AND 4789486
	Index Only Scan using sbtest4_pkey on sbtest4  (cost=0.43..6.29 rows=93 width=4)
	  Index Cond: ((id >= 4789386) AND (id <= 4789486))

table 5 : explain SELECT id FROM sbtest5 WHERE id BETWEEN 4789386 AND 4789486
	Index Only Scan using sbtest5_pkey on sbtest5  (cost=0.43..6.33 rows=95 width=4)
	  Index Cond: ((id >= 4789386) AND (id <= 4789486))

table 6 : explain SELECT id FROM sbtest6 WHERE id BETWEEN 4789386 AND 4789486
	Index Only Scan using sbtest6_pkey on sbtest6  (cost=0.43..6.29 rows=93 width=4)
	  Index Cond: ((id >= 4789386) AND (id <= 4789486))

table 7 : explain SELECT id FROM sbtest7 WHERE id BETWEEN 4789386 AND 4789486
	Index Only Scan using sbtest7_pkey on sbtest7  (cost=0.43..6.29 rows=93 width=4)
	  Index Cond: ((id >= 4789386) AND (id <= 4789486))

table 8 : explain SELECT id FROM sbtest8 WHERE id BETWEEN 4789386 AND 4789486
	Index Only Scan using sbtest8_pkey on sbtest8  (cost=0.43..6.35 rows=96 width=4)
	  Index Cond: ((id >= 4789386) AND (id <= 4789486))

explain: for range-covered :: explain SELECT id FROM sbtest%d WHERE id BETWEEN 4789386 AND 4789486
for range-covered
table 1 : explain SELECT id FROM sbtest1 WHERE id BETWEEN 1884712 AND 1884812
	Index Only Scan using sbtest1_pkey on sbtest1  (cost=0.43..10.58 rows=107 width=4)
	  Index Cond: ((id >= 1884712) AND (id <= 1884812))

table 2 : explain SELECT id FROM sbtest2 WHERE id BETWEEN 1884712 AND 1884812
	Index Only Scan using sbtest2_pkey on sbtest2  (cost=0.43..6.29 rows=93 width=4)
	  Index Cond: ((id >= 1884712) AND (id <= 1884812))

table 3 : explain SELECT id FROM sbtest3 WHERE id BETWEEN 1884712 AND 1884812
	Index Only Scan using sbtest3_pkey on sbtest3  (cost=0.43..6.66 rows=111 width=4)
	  Index Cond: ((id >= 1884712) AND (id <= 1884812))

table 4 : explain SELECT id FROM sbtest4 WHERE id BETWEEN 1884712 AND 1884812
	Index Only Scan using sbtest4_pkey on sbtest4  (cost=0.43..6.47 rows=102 width=4)
	  Index Cond: ((id >= 1884712) AND (id <= 1884812))

table 5 : explain SELECT id FROM sbtest5 WHERE id BETWEEN 1884712 AND 1884812
	Index Only Scan using sbtest5_pkey on sbtest5  (cost=0.43..6.53 rows=105 width=4)
	  Index Cond: ((id >= 1884712) AND (id <= 1884812))

table 6 : explain SELECT id FROM sbtest6 WHERE id BETWEEN 1884712 AND 1884812
	Index Only Scan using sbtest6_pkey on sbtest6  (cost=0.43..6.66 rows=111 width=4)
	  Index Cond: ((id >= 1884712) AND (id <= 1884812))

table 7 : explain SELECT id FROM sbtest7 WHERE id BETWEEN 1884712 AND 1884812
	Index Only Scan using sbtest7_pkey on sbtest7  (cost=0.43..6.56 rows=106 width=4)
	  Index Cond: ((id >= 1884712) AND (id <= 1884812))

table 8 : explain SELECT id FROM sbtest8 WHERE id BETWEEN 1884712 AND 1884812
	Index Only Scan using sbtest8_pkey on sbtest8  (cost=0.43..6.61 rows=109 width=4)
	  Index Cond: ((id >= 1884712) AND (id <= 1884812))

explain: for range-covered :: explain SELECT id FROM sbtest%d WHERE id BETWEEN 1884712 AND 1884812
for range-covered
table 1 : explain SELECT id FROM sbtest1 WHERE id BETWEEN 4642971 AND 4643071
	Index Only Scan using sbtest1_pkey on sbtest1  (cost=0.43..10.51 rows=104 width=4)
	  Index Cond: ((id >= 4642971) AND (id <= 4643071))

table 2 : explain SELECT id FROM sbtest2 WHERE id BETWEEN 4642971 AND 4643071
	Index Only Scan using sbtest2_pkey on sbtest2  (cost=0.43..6.59 rows=108 width=4)
	  Index Cond: ((id >= 4642971) AND (id <= 4643071))

table 3 : explain SELECT id FROM sbtest3 WHERE id BETWEEN 4642971 AND 4643071
	Index Only Scan using sbtest3_pkey on sbtest3  (cost=0.43..6.47 rows=102 width=4)
	  Index Cond: ((id >= 4642971) AND (id <= 4643071))

table 4 : explain SELECT id FROM sbtest4 WHERE id BETWEEN 4642971 AND 4643071
	Index Only Scan using sbtest4_pkey on sbtest4  (cost=0.43..6.42 rows=99 width=4)
	  Index Cond: ((id >= 4642971) AND (id <= 4643071))

table 5 : explain SELECT id FROM sbtest5 WHERE id BETWEEN 4642971 AND 4643071
	Index Only Scan using sbtest5_pkey on sbtest5  (cost=0.43..6.42 rows=99 width=4)
	  Index Cond: ((id >= 4642971) AND (id <= 4643071))

table 6 : explain SELECT id FROM sbtest6 WHERE id BETWEEN 4642971 AND 4643071
	Index Only Scan using sbtest6_pkey on sbtest6  (cost=0.43..6.59 rows=108 width=4)
	  Index Cond: ((id >= 4642971) AND (id <= 4643071))

table 7 : explain SELECT id FROM sbtest7 WHERE id BETWEEN 4642971 AND 4643071
	Index Only Scan using sbtest7_pkey on sbtest7  (cost=0.43..6.32 rows=94 width=4)
	  Index Cond: ((id >= 4642971) AND (id <= 4643071))

table 8 : explain SELECT id FROM sbtest8 WHERE id BETWEEN 4642971 AND 4643071
	Index Only Scan using sbtest8_pkey on sbtest8  (cost=0.43..6.61 rows=109 width=4)
	  Index Cond: ((id >= 4642971) AND (id <= 4643071))

explain: for range-covered :: explain SELECT id FROM sbtest%d WHERE id BETWEEN 4642971 AND 4643071
for range-covered
table 1 : explain SELECT id FROM sbtest1 WHERE id BETWEEN 4789386 AND 4789486
	Index Only Scan using sbtest1_pkey on sbtest1  (cost=0.43..10.72 rows=114 width=4)
	  Index Cond: ((id >= 4789386) AND (id <= 4789486))

table 2 : explain SELECT id FROM sbtest2 WHERE id BETWEEN 4789386 AND 4789486
	Index Only Scan using sbtest2_pkey on sbtest2  (cost=0.43..6.47 rows=102 width=4)
	  Index Cond: ((id >= 4789386) AND (id <= 4789486))

table 3 : explain SELECT id FROM sbtest3 WHERE id BETWEEN 4789386 AND 4789486
	Index Only Scan using sbtest3_pkey on sbtest3  (cost=0.43..6.43 rows=100 width=4)
	  Index Cond: ((id >= 4789386) AND (id <= 4789486))

table 4 : explain SELECT id FROM sbtest4 WHERE id BETWEEN 4789386 AND 4789486
	Index Only Scan using sbtest4_pkey on sbtest4  (cost=0.43..6.29 rows=93 width=4)
	  Index Cond: ((id >= 4789386) AND (id <= 4789486))

table 5 : explain SELECT id FROM sbtest5 WHERE id BETWEEN 4789386 AND 4789486
	Index Only Scan using sbtest5_pkey on sbtest5  (cost=0.43..6.33 rows=95 width=4)
	  Index Cond: ((id >= 4789386) AND (id <= 4789486))

table 6 : explain SELECT id FROM sbtest6 WHERE id BETWEEN 4789386 AND 4789486
	Index Only Scan using sbtest6_pkey on sbtest6  (cost=0.43..6.29 rows=93 width=4)
	  Index Cond: ((id >= 4789386) AND (id <= 4789486))

table 7 : explain SELECT id FROM sbtest7 WHERE id BETWEEN 4789386 AND 4789486
	Index Only Scan using sbtest7_pkey on sbtest7  (cost=0.43..6.29 rows=93 width=4)
	  Index Cond: ((id >= 4789386) AND (id <= 4789486))

table 8 : explain SELECT id FROM sbtest8 WHERE id BETWEEN 4789386 AND 4789486
	Index Only Scan using sbtest8_pkey on sbtest8  (cost=0.43..6.35 rows=96 width=4)
	  Index Cond: ((id >= 4789386) AND (id <= 4789486))

explain: for range-covered :: explain SELECT id FROM sbtest%d WHERE id BETWEEN 4789386 AND 4789486
for range-covered
table 1 : explain SELECT id FROM sbtest1 WHERE id BETWEEN 1884712 AND 1884812
	Index Only Scan using sbtest1_pkey on sbtest1  (cost=0.43..10.58 rows=107 width=4)
	  Index Cond: ((id >= 1884712) AND (id <= 1884812))

table 2 : explain SELECT id FROM sbtest2 WHERE id BETWEEN 1884712 AND 1884812
	Index Only Scan using sbtest2_pkey on sbtest2  (cost=0.43..6.29 rows=93 width=4)
	  Index Cond: ((id >= 1884712) AND (id <= 1884812))

table 3 : explain SELECT id FROM sbtest3 WHERE id BETWEEN 1884712 AND 1884812
	Index Only Scan using sbtest3_pkey on sbtest3  (cost=0.43..6.66 rows=111 width=4)
	  Index Cond: ((id >= 1884712) AND (id <= 1884812))

table 4 : explain SELECT id FROM sbtest4 WHERE id BETWEEN 1884712 AND 1884812
	Index Only Scan using sbtest4_pkey on sbtest4  (cost=0.43..6.47 rows=102 width=4)
	  Index Cond: ((id >= 1884712) AND (id <= 1884812))

table 5 : explain SELECT id FROM sbtest5 WHERE id BETWEEN 1884712 AND 1884812
	Index Only Scan using sbtest5_pkey on sbtest5  (cost=0.43..6.53 rows=105 width=4)
	  Index Cond: ((id >= 1884712) AND (id <= 1884812))

table 6 : explain SELECT id FROM sbtest6 WHERE id BETWEEN 1884712 AND 1884812
	Index Only Scan using sbtest6_pkey on sbtest6  (cost=0.43..6.66 rows=111 width=4)
	  Index Cond: ((id >= 1884712) AND (id <= 1884812))

table 7 : explain SELECT id FROM sbtest7 WHERE id BETWEEN 1884712 AND 1884812
	Index Only Scan using sbtest7_pkey on sbtest7  (cost=0.43..6.56 rows=106 width=4)
	  Index Cond: ((id >= 1884712) AND (id <= 1884812))

table 8 : explain SELECT id FROM sbtest8 WHERE id BETWEEN 1884712 AND 1884812
	Index Only Scan using sbtest8_pkey on sbtest8  (cost=0.43..6.61 rows=109 width=4)
	  Index Cond: ((id >= 1884712) AND (id <= 1884812))

explain: for range-covered :: explain SELECT id FROM sbtest%d WHERE id BETWEEN 1884712 AND 1884812
for range-covered
table 1 : explain SELECT id FROM sbtest1 WHERE id BETWEEN 4642971 AND 4643071
	Index Only Scan using sbtest1_pkey on sbtest1  (cost=0.43..10.51 rows=104 width=4)
	  Index Cond: ((id >= 4642971) AND (id <= 4643071))

table 2 : explain SELECT id FROM sbtest2 WHERE id BETWEEN 4642971 AND 4643071
	Index Only Scan using sbtest2_pkey on sbtest2  (cost=0.43..6.59 rows=108 width=4)
	  Index Cond: ((id >= 4642971) AND (id <= 4643071))

table 3 : explain SELECT id FROM sbtest3 WHERE id BETWEEN 4642971 AND 4643071
	Index Only Scan using sbtest3_pkey on sbtest3  (cost=0.43..6.47 rows=102 width=4)
	  Index Cond: ((id >= 4642971) AND (id <= 4643071))

table 4 : explain SELECT id FROM sbtest4 WHERE id BETWEEN 4642971 AND 4643071
	Index Only Scan using sbtest4_pkey on sbtest4  (cost=0.43..6.42 rows=99 width=4)
	  Index Cond: ((id >= 4642971) AND (id <= 4643071))

table 5 : explain SELECT id FROM sbtest5 WHERE id BETWEEN 4642971 AND 4643071
	Index Only Scan using sbtest5_pkey on sbtest5  (cost=0.43..6.42 rows=99 width=4)
	  Index Cond: ((id >= 4642971) AND (id <= 4643071))

table 6 : explain SELECT id FROM sbtest6 WHERE id BETWEEN 4642971 AND 4643071
	Index Only Scan using sbtest6_pkey on sbtest6  (cost=0.43..6.59 rows=108 width=4)
	  Index Cond: ((id >= 4642971) AND (id <= 4643071))

table 7 : explain SELECT id FROM sbtest7 WHERE id BETWEEN 4642971 AND 4643071
	Index Only Scan using sbtest7_pkey on sbtest7  (cost=0.43..6.32 rows=94 width=4)
	  Index Cond: ((id >= 4642971) AND (id <= 4643071))

table 8 : explain SELECT id FROM sbtest8 WHERE id BETWEEN 4642971 AND 4643071
	Index Only Scan using sbtest8_pkey on sbtest8  (cost=0.43..6.61 rows=109 width=4)
	  Index Cond: ((id >= 4642971) AND (id <= 4643071))

explain: for range-covered :: explain SELECT id FROM sbtest%d WHERE id BETWEEN 4642971 AND 4643071
for range-covered
table 1 : explain SELECT id FROM sbtest1 WHERE id BETWEEN 4789386 AND 4789486
	Index Only Scan using sbtest1_pkey on sbtest1  (cost=0.43..10.72 rows=114 width=4)
	  Index Cond: ((id >= 4789386) AND (id <= 4789486))

table 2 : explain SELECT id FROM sbtest2 WHERE id BETWEEN 4789386 AND 4789486
	Index Only Scan using sbtest2_pkey on sbtest2  (cost=0.43..6.47 rows=102 width=4)
	  Index Cond: ((id >= 4789386) AND (id <= 4789486))

table 3 : explain SELECT id FROM sbtest3 WHERE id BETWEEN 4789386 AND 4789486
	Index Only Scan using sbtest3_pkey on sbtest3  (cost=0.43..6.43 rows=100 width=4)
	  Index Cond: ((id >= 4789386) AND (id <= 4789486))

table 4 : explain SELECT id FROM sbtest4 WHERE id BETWEEN 4789386 AND 4789486
	Index Only Scan using sbtest4_pkey on sbtest4  (cost=0.43..6.29 rows=93 width=4)
	  Index Cond: ((id >= 4789386) AND (id <= 4789486))

table 5 : explain SELECT id FROM sbtest5 WHERE id BETWEEN 4789386 AND 4789486
	Index Only Scan using sbtest5_pkey on sbtest5  (cost=0.43..6.33 rows=95 width=4)
	  Index Cond: ((id >= 4789386) AND (id <= 4789486))

table 6 : explain SELECT id FROM sbtest6 WHERE id BETWEEN 4789386 AND 4789486
	Index Only Scan using sbtest6_pkey on sbtest6  (cost=0.43..6.29 rows=93 width=4)
	  Index Cond: ((id >= 4789386) AND (id <= 4789486))

table 7 : explain SELECT id FROM sbtest7 WHERE id BETWEEN 4789386 AND 4789486
	Index Only Scan using sbtest7_pkey on sbtest7  (cost=0.43..6.29 rows=93 width=4)
	  Index Cond: ((id >= 4789386) AND (id <= 4789486))

table 8 : explain SELECT id FROM sbtest8 WHERE id BETWEEN 4789386 AND 4789486
	Index Only Scan using sbtest8_pkey on sbtest8  (cost=0.43..6.35 rows=96 width=4)
	  Index Cond: ((id >= 4789386) AND (id <= 4789486))

explain: for range-covered :: explain SELECT id FROM sbtest%d WHERE id BETWEEN 4789386 AND 4789486
for range-covered
table 1 : explain SELECT id FROM sbtest1 WHERE id BETWEEN 1884712 AND 1884812
	Index Only Scan using sbtest1_pkey on sbtest1  (cost=0.43..10.58 rows=107 width=4)
	  Index Cond: ((id >= 1884712) AND (id <= 1884812))

table 2 : explain SELECT id FROM sbtest2 WHERE id BETWEEN 1884712 AND 1884812
	Index Only Scan using sbtest2_pkey on sbtest2  (cost=0.43..6.29 rows=93 width=4)
	  Index Cond: ((id >= 1884712) AND (id <= 1884812))

table 3 : explain SELECT id FROM sbtest3 WHERE id BETWEEN 1884712 AND 1884812
	Index Only Scan using sbtest3_pkey on sbtest3  (cost=0.43..6.66 rows=111 width=4)
	  Index Cond: ((id >= 1884712) AND (id <= 1884812))

table 4 : explain SELECT id FROM sbtest4 WHERE id BETWEEN 1884712 AND 1884812
	Index Only Scan using sbtest4_pkey on sbtest4  (cost=0.43..6.47 rows=102 width=4)
	  Index Cond: ((id >= 1884712) AND (id <= 1884812))

table 5 : explain SELECT id FROM sbtest5 WHERE id BETWEEN 1884712 AND 1884812
	Index Only Scan using sbtest5_pkey on sbtest5  (cost=0.43..6.53 rows=105 width=4)
	  Index Cond: ((id >= 1884712) AND (id <= 1884812))

table 6 : explain SELECT id FROM sbtest6 WHERE id BETWEEN 1884712 AND 1884812
	Index Only Scan using sbtest6_pkey on sbtest6  (cost=0.43..6.66 rows=111 width=4)
	  Index Cond: ((id >= 1884712) AND (id <= 1884812))

table 7 : explain SELECT id FROM sbtest7 WHERE id BETWEEN 1884712 AND 1884812
	Index Only Scan using sbtest7_pkey on sbtest7  (cost=0.43..6.56 rows=106 width=4)
	  Index Cond: ((id >= 1884712) AND (id <= 1884812))

table 8 : explain SELECT id FROM sbtest8 WHERE id BETWEEN 1884712 AND 1884812
	Index Only Scan using sbtest8_pkey on sbtest8  (cost=0.43..6.61 rows=109 width=4)
	  Index Cond: ((id >= 1884712) AND (id <= 1884812))

for range-covered
table 1 : explain SELECT id FROM sbtest1 WHERE id BETWEEN 4642971 AND 4643071
	Index Only Scan using sbtest1_pkey on sbtest1  (cost=0.43..10.51 rows=104 width=4)
	  Index Cond: ((id >= 4642971) AND (id <= 4643071))

table 2 : explain SELECT id FROM sbtest2 WHERE id BETWEEN 4642971 AND 4643071
	Index Only Scan using sbtest2_pkey on sbtest2  (cost=0.43..6.59 rows=108 width=4)
	  Index Cond: ((id >= 4642971) AND (id <= 4643071))

table 3 : explain SELECT id FROM sbtest3 WHERE id BETWEEN 4642971 AND 4643071
	Index Only Scan using sbtest3_pkey on sbtest3  (cost=0.43..6.47 rows=102 width=4)
	  Index Cond: ((id >= 4642971) AND (id <= 4643071))

table 4 : explain SELECT id FROM sbtest4 WHERE id BETWEEN 4642971 AND 4643071
	Index Only Scan using sbtest4_pkey on sbtest4  (cost=0.43..6.42 rows=99 width=4)
	  Index Cond: ((id >= 4642971) AND (id <= 4643071))

table 5 : explain SELECT id FROM sbtest5 WHERE id BETWEEN 4642971 AND 4643071
	Index Only Scan using sbtest5_pkey on sbtest5  (cost=0.43..6.42 rows=99 width=4)
	  Index Cond: ((id >= 4642971) AND (id <= 4643071))

table 6 : explain SELECT id FROM sbtest6 WHERE id BETWEEN 4642971 AND 4643071
	Index Only Scan using sbtest6_pkey on sbtest6  (cost=0.43..6.59 rows=108 width=4)
	  Index Cond: ((id >= 4642971) AND (id <= 4643071))

table 7 : explain SELECT id FROM sbtest7 WHERE id BETWEEN 4642971 AND 4643071
	Index Only Scan using sbtest7_pkey on sbtest7  (cost=0.43..6.32 rows=94 width=4)
	  Index Cond: ((id >= 4642971) AND (id <= 4643071))

table 8 : explain SELECT id FROM sbtest8 WHERE id BETWEEN 4642971 AND 4643071
	Index Only Scan using sbtest8_pkey on sbtest8  (cost=0.43..6.61 rows=109 width=4)
	  Index Cond: ((id >= 4642971) AND (id <= 4643071))

explain: for range-covered :: explain SELECT id FROM sbtest%d WHERE id BETWEEN 1884712 AND 1884812
explain: for range-covered :: explain SELECT id FROM sbtest%d WHERE id BETWEEN 4642971 AND 4643071
explain: for range-covered :: explain SELECT id FROM sbtest%d WHERE id BETWEEN 3306413 AND 3306513
for range-covered
table 1 : explain SELECT id FROM sbtest1 WHERE id BETWEEN 3635888 AND 3635988
	Index Only Scan using sbtest1_pkey on sbtest1  (cost=0.43..10.32 rows=94 width=4)
	  Index Cond: ((id >= 3635888) AND (id <= 3635988))

table 2 : explain SELECT id FROM sbtest2 WHERE id BETWEEN 3635888 AND 3635988
	Index Only Scan using sbtest2_pkey on sbtest2  (cost=0.43..6.45 rows=101 width=4)
	  Index Cond: ((id >= 3635888) AND (id <= 3635988))

table 3 : explain SELECT id FROM sbtest3 WHERE id BETWEEN 3635888 AND 3635988
	Index Only Scan using sbtest3_pkey on sbtest3  (cost=0.43..6.40 rows=98 width=4)
	  Index Cond: ((id >= 3635888) AND (id <= 3635988))

table 4 : explain SELECT id FROM sbtest4 WHERE id BETWEEN 3635888 AND 3635988
	Index Only Scan using sbtest4_pkey on sbtest4  (cost=0.43..6.43 rows=100 width=4)
	  Index Cond: ((id >= 3635888) AND (id <= 3635988))

table 5 : explain SELECT id FROM sbtest5 WHERE id BETWEEN 3635888 AND 3635988
	Index Only Scan using sbtest5_pkey on sbtest5  (cost=0.43..6.51 rows=104 width=4)
	  Index Cond: ((id >= 3635888) AND (id <= 3635988))

table 6 : explain SELECT id FROM sbtest6 WHERE id BETWEEN 3635888 AND 3635988
	Index Only Scan using sbtest6_pkey on sbtest6  (cost=0.43..6.50 rows=103 width=4)
	  Index Cond: ((id >= 3635888) AND (id <= 3635988))

table 7 : explain SELECT id FROM sbtest7 WHERE id BETWEEN 3635888 AND 3635988
	Index Only Scan using sbtest7_pkey on sbtest7  (cost=0.43..6.32 rows=94 width=4)
	  Index Cond: ((id >= 3635888) AND (id <= 3635988))

table 8 : explain SELECT id FROM sbtest8 WHERE id BETWEEN 3635888 AND 3635988
	Index Only Scan using sbtest8_pkey on sbtest8  (cost=0.43..6.61 rows=109 width=4)
	  Index Cond: ((id >= 3635888) AND (id <= 3635988))

for range-covered
table 1 : explain SELECT id FROM sbtest1 WHERE id BETWEEN 998656 AND 998756
	Index Only Scan using sbtest1_pkey on sbtest1  (cost=0.43..10.47 rows=102 width=4)
	  Index Cond: ((id >= 998656) AND (id <= 998756))

table 2 : explain SELECT id FROM sbtest2 WHERE id BETWEEN 998656 AND 998756
	Index Only Scan using sbtest2_pkey on sbtest2  (cost=0.43..6.33 rows=95 width=4)
	  Index Cond: ((id >= 998656) AND (id <= 998756))

table 3 : explain SELECT id FROM sbtest3 WHERE id BETWEEN 998656 AND 998756
	Index Only Scan using sbtest3_pkey on sbtest3  (cost=0.43..6.45 rows=101 width=4)
	  Index Cond: ((id >= 998656) AND (id <= 998756))

table 4 : explain SELECT id FROM sbtest4 WHERE id BETWEEN 998656 AND 998756
	Index Only Scan using sbtest4_pkey on sbtest4  (cost=0.43..6.37 rows=97 width=4)
	  Index Cond: ((id >= 998656) AND (id <= 998756))

table 5 : explain SELECT id FROM sbtest5 WHERE id BETWEEN 998656 AND 998756
	Index Only Scan using sbtest5_pkey on sbtest5  (cost=0.43..6.40 rows=98 width=4)
	  Index Cond: ((id >= 998656) AND (id <= 998756))

table 6 : explain SELECT id FROM sbtest6 WHERE id BETWEEN 998656 AND 998756
	Index Only Scan using sbtest6_pkey on sbtest6  (cost=0.43..6.33 rows=95 width=4)
	  Index Cond: ((id >= 998656) AND (id <= 998756))

table 7 : explain SELECT id FROM sbtest7 WHERE id BETWEEN 998656 AND 998756
	Index Only Scan using sbtest7_pkey on sbtest7  (cost=0.43..6.08 rows=82 width=4)
	  Index Cond: ((id >= 998656) AND (id <= 998756))

table 8 : explain SELECT id FROM sbtest8 WHERE id BETWEEN 998656 AND 998756
	Index Only Scan using sbtest8_pkey on sbtest8  (cost=0.43..6.32 rows=94 width=4)
	  Index Cond: ((id >= 998656) AND (id <= 998756))

explain: for range-covered :: explain SELECT id FROM sbtest%d WHERE id BETWEEN 998656 AND 998756
for range-covered
table 1 : explain SELECT id FROM sbtest1 WHERE id BETWEEN 1884712 AND 1884812
	Index Only Scan using sbtest1_pkey on sbtest1  (cost=0.43..10.58 rows=107 width=4)
	  Index Cond: ((id >= 1884712) AND (id <= 1884812))

table 2 : explain SELECT id FROM sbtest2 WHERE id BETWEEN 1884712 AND 1884812
	Index Only Scan using sbtest2_pkey on sbtest2  (cost=0.43..6.29 rows=93 width=4)
	  Index Cond: ((id >= 1884712) AND (id <= 1884812))

table 3 : explain SELECT id FROM sbtest3 WHERE id BETWEEN 1884712 AND 1884812
	Index Only Scan using sbtest3_pkey on sbtest3  (cost=0.43..6.66 rows=111 width=4)
	  Index Cond: ((id >= 1884712) AND (id <= 1884812))

table 4 : explain SELECT id FROM sbtest4 WHERE id BETWEEN 1884712 AND 1884812
	Index Only Scan using sbtest4_pkey on sbtest4  (cost=0.43..6.47 rows=102 width=4)
	  Index Cond: ((id >= 1884712) AND (id <= 1884812))

table 5 : explain SELECT id FROM sbtest5 WHERE id BETWEEN 1884712 AND 1884812
	Index Only Scan using sbtest5_pkey on sbtest5  (cost=0.43..6.53 rows=105 width=4)
	  Index Cond: ((id >= 1884712) AND (id <= 1884812))

table 6 : explain SELECT id FROM sbtest6 WHERE id BETWEEN 1884712 AND 1884812
	Index Only Scan using sbtest6_pkey on sbtest6  (cost=0.43..6.66 rows=111 width=4)
	  Index Cond: ((id >= 1884712) AND (id <= 1884812))

table 7 : explain SELECT id FROM sbtest7 WHERE id BETWEEN 1884712 AND 1884812
	Index Only Scan using sbtest7_pkey on sbtest7  (cost=0.43..6.56 rows=106 width=4)
	  Index Cond: ((id >= 1884712) AND (id <= 1884812))

table 8 : explain SELECT id FROM sbtest8 WHERE id BETWEEN 1884712 AND 1884812
	Index Only Scan using sbtest8_pkey on sbtest8  (cost=0.43..6.61 rows=109 width=4)
	  Index Cond: ((id >= 1884712) AND (id <= 1884812))

for range-covered
table 1 : explain SELECT id FROM sbtest1 WHERE id BETWEEN 998656 AND 998756
	Index Only Scan using sbtest1_pkey on sbtest1  (cost=0.43..10.47 rows=102 width=4)
	  Index Cond: ((id >= 998656) AND (id <= 998756))

table 2 : explain SELECT id FROM sbtest2 WHERE id BETWEEN 998656 AND 998756
	Index Only Scan using sbtest2_pkey on sbtest2  (cost=0.43..6.33 rows=95 width=4)
	  Index Cond: ((id >= 998656) AND (id <= 998756))

table 3 : explain SELECT id FROM sbtest3 WHERE id BETWEEN 998656 AND 998756
	Index Only Scan using sbtest3_pkey on sbtest3  (cost=0.43..6.45 rows=101 width=4)
	  Index Cond: ((id >= 998656) AND (id <= 998756))

table 4 : explain SELECT id FROM sbtest4 WHERE id BETWEEN 998656 AND 998756
	Index Only Scan using sbtest4_pkey on sbtest4  (cost=0.43..6.37 rows=97 width=4)
	  Index Cond: ((id >= 998656) AND (id <= 998756))

table 5 : explain SELECT id FROM sbtest5 WHERE id BETWEEN 998656 AND 998756
	Index Only Scan using sbtest5_pkey on sbtest5  (cost=0.43..6.40 rows=98 width=4)
	  Index Cond: ((id >= 998656) AND (id <= 998756))

table 6 : explain SELECT id FROM sbtest6 WHERE id BETWEEN 998656 AND 998756
	Index Only Scan using sbtest6_pkey on sbtest6  (cost=0.43..6.33 rows=95 width=4)
	  Index Cond: ((id >= 998656) AND (id <= 998756))

table 7 : explain SELECT id FROM sbtest7 WHERE id BETWEEN 998656 AND 998756
	Index Only Scan using sbtest7_pkey on sbtest7  (cost=0.43..6.08 rows=82 width=4)
	  Index Cond: ((id >= 998656) AND (id <= 998756))

table 8 : explain SELECT id FROM sbtest8 WHERE id BETWEEN 998656 AND 998756
	Index Only Scan using sbtest8_pkey on sbtest8  (cost=0.43..6.32 rows=94 width=4)
	  Index Cond: ((id >= 998656) AND (id <= 998756))

explain: for range-covered :: explain SELECT id FROM sbtest%d WHERE id BETWEEN 998656 AND 998756
for range-covered
table 1 : explain SELECT id FROM sbtest1 WHERE id BETWEEN 998656 AND 998756
	Index Only Scan using sbtest1_pkey on sbtest1  (cost=0.43..10.47 rows=102 width=4)
	  Index Cond: ((id >= 998656) AND (id <= 998756))

table 2 : explain SELECT id FROM sbtest2 WHERE id BETWEEN 998656 AND 998756
	Index Only Scan using sbtest2_pkey on sbtest2  (cost=0.43..6.33 rows=95 width=4)
	  Index Cond: ((id >= 998656) AND (id <= 998756))

table 3 : explain SELECT id FROM sbtest3 WHERE id BETWEEN 998656 AND 998756
	Index Only Scan using sbtest3_pkey on sbtest3  (cost=0.43..6.45 rows=101 width=4)
	  Index Cond: ((id >= 998656) AND (id <= 998756))

table 4 : explain SELECT id FROM sbtest4 WHERE id BETWEEN 998656 AND 998756
	Index Only Scan using sbtest4_pkey on sbtest4  (cost=0.43..6.37 rows=97 width=4)
	  Index Cond: ((id >= 998656) AND (id <= 998756))

table 5 : explain SELECT id FROM sbtest5 WHERE id BETWEEN 998656 AND 998756
	Index Only Scan using sbtest5_pkey on sbtest5  (cost=0.43..6.40 rows=98 width=4)
	  Index Cond: ((id >= 998656) AND (id <= 998756))

table 6 : explain SELECT id FROM sbtest6 WHERE id BETWEEN 998656 AND 998756
	Index Only Scan using sbtest6_pkey on sbtest6  (cost=0.43..6.33 rows=95 width=4)
	  Index Cond: ((id >= 998656) AND (id <= 998756))

table 7 : explain SELECT id FROM sbtest7 WHERE id BETWEEN 998656 AND 998756
	Index Only Scan using sbtest7_pkey on sbtest7  (cost=0.43..6.08 rows=82 width=4)
	  Index Cond: ((id >= 998656) AND (id <= 998756))

table 8 : explain SELECT id FROM sbtest8 WHERE id BETWEEN 998656 AND 998756
	Index Only Scan using sbtest8_pkey on sbtest8  (cost=0.43..6.32 rows=94 width=4)
	  Index Cond: ((id >= 998656) AND (id <= 998756))

explain: for range-covered :: explain SELECT id FROM sbtest%d WHERE id BETWEEN 998656 AND 998756
explain: for range-covered :: explain SELECT id FROM sbtest%d WHERE id BETWEEN 3232997 AND 3233097
for range-covered
table 1 : explain SELECT id FROM sbtest1 WHERE id BETWEEN 998656 AND 998756
	Index Only Scan using sbtest1_pkey on sbtest1  (cost=0.43..10.47 rows=102 width=4)
	  Index Cond: ((id >= 998656) AND (id <= 998756))

table 2 : explain SELECT id FROM sbtest2 WHERE id BETWEEN 998656 AND 998756
	Index Only Scan using sbtest2_pkey on sbtest2  (cost=0.43..6.33 rows=95 width=4)
	  Index Cond: ((id >= 998656) AND (id <= 998756))

table 3 : explain SELECT id FROM sbtest3 WHERE id BETWEEN 998656 AND 998756
	Index Only Scan using sbtest3_pkey on sbtest3  (cost=0.43..6.45 rows=101 width=4)
	  Index Cond: ((id >= 998656) AND (id <= 998756))

table 4 : explain SELECT id FROM sbtest4 WHERE id BETWEEN 998656 AND 998756
	Index Only Scan using sbtest4_pkey on sbtest4  (cost=0.43..6.37 rows=97 width=4)
	  Index Cond: ((id >= 998656) AND (id <= 998756))

table 5 : explain SELECT id FROM sbtest5 WHERE id BETWEEN 998656 AND 998756
	Index Only Scan using sbtest5_pkey on sbtest5  (cost=0.43..6.40 rows=98 width=4)
	  Index Cond: ((id >= 998656) AND (id <= 998756))

table 6 : explain SELECT id FROM sbtest6 WHERE id BETWEEN 998656 AND 998756
	Index Only Scan using sbtest6_pkey on sbtest6  (cost=0.43..6.33 rows=95 width=4)
	  Index Cond: ((id >= 998656) AND (id <= 998756))

table 7 : explain SELECT id FROM sbtest7 WHERE id BETWEEN 998656 AND 998756
	Index Only Scan using sbtest7_pkey on sbtest7  (cost=0.43..6.08 rows=82 width=4)
	  Index Cond: ((id >= 998656) AND (id <= 998756))

table 8 : explain SELECT id FROM sbtest8 WHERE id BETWEEN 998656 AND 998756
	Index Only Scan using sbtest8_pkey on sbtest8  (cost=0.43..6.32 rows=94 width=4)
	  Index Cond: ((id >= 998656) AND (id <= 998756))
for range-covered
table 1 : explain SELECT id FROM sbtest1 WHERE id BETWEEN 4789386 AND 4789486
	Index Only Scan using sbtest1_pkey on sbtest1  (cost=0.43..10.72 rows=114 width=4)
	  Index Cond: ((id >= 4789386) AND (id <= 4789486))

table 2 : explain SELECT id FROM sbtest2 WHERE id BETWEEN 4789386 AND 4789486
	Index Only Scan using sbtest2_pkey on sbtest2  (cost=0.43..6.47 rows=102 width=4)
	  Index Cond: ((id >= 4789386) AND (id <= 4789486))

table 3 : explain SELECT id FROM sbtest3 WHERE id BETWEEN 4789386 AND 4789486
	Index Only Scan using sbtest3_pkey on sbtest3  (cost=0.43..6.43 rows=100 width=4)
	  Index Cond: ((id >= 4789386) AND (id <= 4789486))

table 4 : explain SELECT id FROM sbtest4 WHERE id BETWEEN 4789386 AND 4789486
	Index Only Scan using sbtest4_pkey on sbtest4  (cost=0.43..6.29 rows=93 width=4)
	  Index Cond: ((id >= 4789386) AND (id <= 4789486))

table 5 : explain SELECT id FROM sbtest5 WHERE id BETWEEN 4789386 AND 4789486
	Index Only Scan using sbtest5_pkey on sbtest5  (cost=0.43..6.33 rows=95 width=4)
	  Index Cond: ((id >= 4789386) AND (id <= 4789486))

table 6 : explain SELECT id FROM sbtest6 WHERE id BETWEEN 4789386 AND 4789486
	Index Only Scan using sbtest6_pkey on sbtest6  (cost=0.43..6.29 rows=93 width=4)
	  Index Cond: ((id >= 4789386) AND (id <= 4789486))

table 7 : explain SELECT id FROM sbtest7 WHERE id BETWEEN 4789386 AND 4789486
	Index Only Scan using sbtest7_pkey on sbtest7  (cost=0.43..6.29 rows=93 width=4)
	  Index Cond: ((id >= 4789386) AND (id <= 4789486))

table 8 : explain SELECT id FROM sbtest8 WHERE id BETWEEN 4789386 AND 4789486
	Index Only Scan using sbtest8_pkey on sbtest8  (cost=0.43..6.35 rows=96 width=4)
	  Index Cond: ((id >= 4789386) AND (id <= 4789486))


explain: for range-covered :: explain SELECT id FROM sbtest%d WHERE id BETWEEN 6041672 AND 6041772
explain: for range-covered :: explain SELECT id FROM sbtest%d WHERE id BETWEEN 998656 AND 998756
explain: for range-covered :: explain SELECT id FROM sbtest%d WHERE id BETWEEN 3954336 AND 3954436
for range-covered
table 1 : explain SELECT id FROM sbtest1 WHERE id BETWEEN 2202637 AND 2202737
	Index Only Scan using sbtest1_pkey on sbtest1  (cost=0.43..10.26 rows=91 width=4)
	  Index Cond: ((id >= 2202637) AND (id <= 2202737))

table 2 : explain SELECT id FROM sbtest2 WHERE id BETWEEN 2202637 AND 2202737
	Index Only Scan using sbtest2_pkey on sbtest2  (cost=0.43..6.25 rows=91 width=4)
	  Index Cond: ((id >= 2202637) AND (id <= 2202737))

table 3 : explain SELECT id FROM sbtest3 WHERE id BETWEEN 2202637 AND 2202737
	Index Only Scan using sbtest3_pkey on sbtest3  (cost=0.43..6.42 rows=99 width=4)
	  Index Cond: ((id >= 2202637) AND (id <= 2202737))

table 4 : explain SELECT id FROM sbtest4 WHERE id BETWEEN 2202637 AND 2202737
	Index Only Scan using sbtest4_pkey on sbtest4  (cost=0.43..6.56 rows=106 width=4)
	  Index Cond: ((id >= 2202637) AND (id <= 2202737))

table 5 : explain SELECT id FROM sbtest5 WHERE id BETWEEN 2202637 AND 2202737
	Index Only Scan using sbtest5_pkey on sbtest5  (cost=0.43..6.45 rows=101 width=4)
	  Index Cond: ((id >= 2202637) AND (id <= 2202737))

table 6 : explain SELECT id FROM sbtest6 WHERE id BETWEEN 2202637 AND 2202737
	Index Only Scan using sbtest6_pkey on sbtest6  (cost=0.43..6.50 rows=103 width=4)
	  Index Cond: ((id >= 2202637) AND (id <= 2202737))

table 7 : explain SELECT id FROM sbtest7 WHERE id BETWEEN 2202637 AND 2202737
	Index Only Scan using sbtest7_pkey on sbtest7  (cost=0.43..6.56 rows=106 width=4)
	  Index Cond: ((id >= 2202637) AND (id <= 2202737))

table 8 : explain SELECT id FROM sbtest8 WHERE id BETWEEN 2202637 AND 2202737
	Index Only Scan using sbtest8_pkey on sbtest8  (cost=0.43..6.53 rows=105 width=4)
	  Index Cond: ((id >= 2202637) AND (id <= 2202737))

for range-covered
table 1 : explain SELECT id FROM sbtest1 WHERE id BETWEEN 6503006 AND 6503106
	Index Only Scan using sbtest1_pkey on sbtest1  (cost=0.43..10.65 rows=111 width=4)
	  Index Cond: ((id >= 6503006) AND (id <= 6503106))

table 2 : explain SELECT id FROM sbtest2 WHERE id BETWEEN 6503006 AND 6503106
	Index Only Scan using sbtest2_pkey on sbtest2  (cost=0.43..6.25 rows=91 width=4)
	  Index Cond: ((id >= 6503006) AND (id <= 6503106))

table 3 : explain SELECT id FROM sbtest3 WHERE id BETWEEN 6503006 AND 6503106
	Index Only Scan using sbtest3_pkey on sbtest3  (cost=0.43..6.47 rows=102 width=4)
	  Index Cond: ((id >= 6503006) AND (id <= 6503106))

table 4 : explain SELECT id FROM sbtest4 WHERE id BETWEEN 6503006 AND 6503106
	Index Only Scan using sbtest4_pkey on sbtest4  (cost=0.43..6.27 rows=92 width=4)
	  Index Cond: ((id >= 6503006) AND (id <= 6503106))

table 5 : explain SELECT id FROM sbtest5 WHERE id BETWEEN 6503006 AND 6503106
	Index Only Scan using sbtest5_pkey on sbtest5  (cost=0.43..6.47 rows=102 width=4)
	  Index Cond: ((id >= 6503006) AND (id <= 6503106))

table 6 : explain SELECT id FROM sbtest6 WHERE id BETWEEN 6503006 AND 6503106
	Index Only Scan using sbtest6_pkey on sbtest6  (cost=0.43..6.42 rows=99 width=4)
	  Index Cond: ((id >= 6503006) AND (id <= 6503106))

table 7 : explain SELECT id FROM sbtest7 WHERE id BETWEEN 6503006 AND 6503106
	Index Only Scan using sbtest7_pkey on sbtest7  (cost=0.43..6.35 rows=96 width=4)
	  Index Cond: ((id >= 6503006) AND (id <= 6503106))

table 8 : explain SELECT id FROM sbtest8 WHERE id BETWEEN 6503006 AND 6503106
	Index Only Scan using sbtest8_pkey on sbtest8  (cost=0.43..6.40 rows=98 width=4)
	  Index Cond: ((id >= 6503006) AND (id <= 6503106))

explain: for range-covered :: explain SELECT id FROM sbtest%d WHERE id BETWEEN 2202637 AND 2202737
explain: for range-covered :: explain SELECT id FROM sbtest%d WHERE id BETWEEN 6503006 AND 6503106
for range-covered
table 1 : explain SELECT id FROM sbtest1 WHERE id BETWEEN 4642971 AND 4643071
	Index Only Scan using sbtest1_pkey on sbtest1  (cost=0.43..10.51 rows=104 width=4)
	  Index Cond: ((id >= 4642971) AND (id <= 4643071))

table 2 : explain SELECT id FROM sbtest2 WHERE id BETWEEN 4642971 AND 4643071
	Index Only Scan using sbtest2_pkey on sbtest2  (cost=0.43..6.59 rows=108 width=4)
	  Index Cond: ((id >= 4642971) AND (id <= 4643071))

table 3 : explain SELECT id FROM sbtest3 WHERE id BETWEEN 4642971 AND 4643071
	Index Only Scan using sbtest3_pkey on sbtest3  (cost=0.43..6.47 rows=102 width=4)
	  Index Cond: ((id >= 4642971) AND (id <= 4643071))

table 4 : explain SELECT id FROM sbtest4 WHERE id BETWEEN 4642971 AND 4643071
	Index Only Scan using sbtest4_pkey on sbtest4  (cost=0.43..6.42 rows=99 width=4)
	  Index Cond: ((id >= 4642971) AND (id <= 4643071))

table 5 : explain SELECT id FROM sbtest5 WHERE id BETWEEN 4642971 AND 4643071
	Index Only Scan using sbtest5_pkey on sbtest5  (cost=0.43..6.42 rows=99 width=4)
	  Index Cond: ((id >= 4642971) AND (id <= 4643071))

table 6 : explain SELECT id FROM sbtest6 WHERE id BETWEEN 4642971 AND 4643071
	Index Only Scan using sbtest6_pkey on sbtest6  (cost=0.43..6.59 rows=108 width=4)
	  Index Cond: ((id >= 4642971) AND (id <= 4643071))

table 7 : explain SELECT id FROM sbtest7 WHERE id BETWEEN 4642971 AND 4643071
	Index Only Scan using sbtest7_pkey on sbtest7  (cost=0.43..6.32 rows=94 width=4)
	  Index Cond: ((id >= 4642971) AND (id <= 4643071))

table 8 : explain SELECT id FROM sbtest8 WHERE id BETWEEN 4642971 AND 4643071
	Index Only Scan using sbtest8_pkey on sbtest8  (cost=0.43..6.61 rows=109 width=4)
	  Index Cond: ((id >= 4642971) AND (id <= 4643071))

for range-covered
table 1 : explain SELECT id FROM sbtest1 WHERE id BETWEEN 3306413 AND 3306513
	Index Only Scan using sbtest1_pkey on sbtest1  (cost=0.43..10.38 rows=97 width=4)
	  Index Cond: ((id >= 3306413) AND (id <= 3306513))

table 2 : explain SELECT id FROM sbtest2 WHERE id BETWEEN 3306413 AND 3306513
	Index Only Scan using sbtest2_pkey on sbtest2  (cost=0.43..6.50 rows=103 width=4)
	  Index Cond: ((id >= 3306413) AND (id <= 3306513))

table 3 : explain SELECT id FROM sbtest3 WHERE id BETWEEN 3306413 AND 3306513
	Index Only Scan using sbtest3_pkey on sbtest3  (cost=0.43..6.42 rows=99 width=4)
	  Index Cond: ((id >= 3306413) AND (id <= 3306513))

table 4 : explain SELECT id FROM sbtest4 WHERE id BETWEEN 3306413 AND 3306513
	Index Only Scan using sbtest4_pkey on sbtest4  (cost=0.43..6.24 rows=90 width=4)
	  Index Cond: ((id >= 3306413) AND (id <= 3306513))

table 5 : explain SELECT id FROM sbtest5 WHERE id BETWEEN 3306413 AND 3306513
	Index Only Scan using sbtest5_pkey on sbtest5  (cost=0.43..6.72 rows=114 width=4)
	  Index Cond: ((id >= 3306413) AND (id <= 3306513))

table 6 : explain SELECT id FROM sbtest6 WHERE id BETWEEN 3306413 AND 3306513
	Index Only Scan using sbtest6_pkey on sbtest6  (cost=0.43..6.40 rows=98 width=4)
	  Index Cond: ((id >= 3306413) AND (id <= 3306513))

table 7 : explain SELECT id FROM sbtest7 WHERE id BETWEEN 3306413 AND 3306513
	Index Only Scan using sbtest7_pkey on sbtest7  (cost=0.43..6.45 rows=101 width=4)
	  Index Cond: ((id >= 3306413) AND (id <= 3306513))

table 8 : explain SELECT id FROM sbtest8 WHERE id BETWEEN 3306413 AND 3306513
	Index Only Scan using sbtest8_pkey on sbtest8  (cost=0.43..6.40 rows=98 width=4)
	  Index Cond: ((id >= 3306413) AND (id <= 3306513))

explain: for range-covered :: explain SELECT id FROM sbtest%d WHERE id BETWEEN 3306413 AND 3306513
for range-covered
table 1 : explain SELECT id FROM sbtest1 WHERE id BETWEEN 2651282 AND 2651382
	Index Only Scan using sbtest1_pkey on sbtest1  (cost=0.43..10.56 rows=106 width=4)
	  Index Cond: ((id >= 2651282) AND (id <= 2651382))

table 2 : explain SELECT id FROM sbtest2 WHERE id BETWEEN 2651282 AND 2651382
	Index Only Scan using sbtest2_pkey on sbtest2  (cost=0.43..6.56 rows=106 width=4)
	  Index Cond: ((id >= 2651282) AND (id <= 2651382))

table 3 : explain SELECT id FROM sbtest3 WHERE id BETWEEN 2651282 AND 2651382
	Index Only Scan using sbtest3_pkey on sbtest3  (cost=0.43..6.47 rows=102 width=4)
	  Index Cond: ((id >= 2651282) AND (id <= 2651382))

table 4 : explain SELECT id FROM sbtest4 WHERE id BETWEEN 2651282 AND 2651382
	Index Only Scan using sbtest4_pkey on sbtest4  (cost=0.43..6.47 rows=102 width=4)
	  Index Cond: ((id >= 2651282) AND (id <= 2651382))

table 5 : explain SELECT id FROM sbtest5 WHERE id BETWEEN 2651282 AND 2651382
	Index Only Scan using sbtest5_pkey on sbtest5  (cost=0.43..6.58 rows=107 width=4)
	  Index Cond: ((id >= 2651282) AND (id <= 2651382))

table 6 : explain SELECT id FROM sbtest6 WHERE id BETWEEN 2651282 AND 2651382
	Index Only Scan using sbtest6_pkey on sbtest6  (cost=0.43..6.45 rows=101 width=4)
	  Index Cond: ((id >= 2651282) AND (id <= 2651382))

table 7 : explain SELECT id FROM sbtest7 WHERE id BETWEEN 2651282 AND 2651382
	Index Only Scan using sbtest7_pkey on sbtest7  (cost=0.43..6.50 rows=103 width=4)
	  Index Cond: ((id >= 2651282) AND (id <= 2651382))

table 8 : explain SELECT id FROM sbtest8 WHERE id BETWEEN 2651282 AND 2651382
	Index Only Scan using sbtest8_pkey on sbtest8  (cost=0.43..6.25 rows=91 width=4)
	  Index Cond: ((id >= 2651282) AND (id <= 2651382))

explain: for range-covered :: explain SELECT id FROM sbtest%d WHERE id BETWEEN 2651282 AND 2651382
for range-covered
table 1 : explain SELECT id FROM sbtest1 WHERE id BETWEEN 6503006 AND 6503106
	Index Only Scan using sbtest1_pkey on sbtest1  (cost=0.43..10.65 rows=111 width=4)
	  Index Cond: ((id >= 6503006) AND (id <= 6503106))

table 2 : explain SELECT id FROM sbtest2 WHERE id BETWEEN 6503006 AND 6503106
	Index Only Scan using sbtest2_pkey on sbtest2  (cost=0.43..6.25 rows=91 width=4)
	  Index Cond: ((id >= 6503006) AND (id <= 6503106))

table 3 : explain SELECT id FROM sbtest3 WHERE id BETWEEN 6503006 AND 6503106
	Index Only Scan using sbtest3_pkey on sbtest3  (cost=0.43..6.47 rows=102 width=4)
	  Index Cond: ((id >= 6503006) AND (id <= 6503106))

table 4 : explain SELECT id FROM sbtest4 WHERE id BETWEEN 6503006 AND 6503106
	Index Only Scan using sbtest4_pkey on sbtest4  (cost=0.43..6.27 rows=92 width=4)
	  Index Cond: ((id >= 6503006) AND (id <= 6503106))

table 5 : explain SELECT id FROM sbtest5 WHERE id BETWEEN 6503006 AND 6503106
	Index Only Scan using sbtest5_pkey on sbtest5  (cost=0.43..6.47 rows=102 width=4)
	  Index Cond: ((id >= 6503006) AND (id <= 6503106))

table 6 : explain SELECT id FROM sbtest6 WHERE id BETWEEN 6503006 AND 6503106
	Index Only Scan using sbtest6_pkey on sbtest6  (cost=0.43..6.42 rows=99 width=4)
	  Index Cond: ((id >= 6503006) AND (id <= 6503106))

table 7 : explain SELECT id FROM sbtest7 WHERE id BETWEEN 6503006 AND 6503106
	Index Only Scan using sbtest7_pkey on sbtest7  (cost=0.43..6.35 rows=96 width=4)
	  Index Cond: ((id >= 6503006) AND (id <= 6503106))

table 8 : explain SELECT id FROM sbtest8 WHERE id BETWEEN 6503006 AND 6503106
	Index Only Scan using sbtest8_pkey on sbtest8  (cost=0.43..6.40 rows=98 width=4)
	  Index Cond: ((id >= 6503006) AND (id <= 6503106))

for range-covered
table 1 : explain SELECT id FROM sbtest1 WHERE id BETWEEN 3306413 AND 3306513
	Index Only Scan using sbtest1_pkey on sbtest1  (cost=0.43..10.38 rows=97 width=4)
	  Index Cond: ((id >= 3306413) AND (id <= 3306513))

table 2 : explain SELECT id FROM sbtest2 WHERE id BETWEEN 3306413 AND 3306513
	Index Only Scan using sbtest2_pkey on sbtest2  (cost=0.43..6.50 rows=103 width=4)
	  Index Cond: ((id >= 3306413) AND (id <= 3306513))

table 3 : explain SELECT id FROM sbtest3 WHERE id BETWEEN 3306413 AND 3306513
	Index Only Scan using sbtest3_pkey on sbtest3  (cost=0.43..6.42 rows=99 width=4)
	  Index Cond: ((id >= 3306413) AND (id <= 3306513))

table 4 : explain SELECT id FROM sbtest4 WHERE id BETWEEN 3306413 AND 3306513
	Index Only Scan using sbtest4_pkey on sbtest4  (cost=0.43..6.24 rows=90 width=4)
	  Index Cond: ((id >= 3306413) AND (id <= 3306513))

table 5 : explain SELECT id FROM sbtest5 WHERE id BETWEEN 3306413 AND 3306513
	Index Only Scan using sbtest5_pkey on sbtest5  (cost=0.43..6.72 rows=114 width=4)
	  Index Cond: ((id >= 3306413) AND (id <= 3306513))

table 6 : explain SELECT id FROM sbtest6 WHERE id BETWEEN 3306413 AND 3306513
	Index Only Scan using sbtest6_pkey on sbtest6  (cost=0.43..6.40 rows=98 width=4)
	  Index Cond: ((id >= 3306413) AND (id <= 3306513))

table 7 : explain SELECT id FROM sbtest7 WHERE id BETWEEN 3306413 AND 3306513
	Index Only Scan using sbtest7_pkey on sbtest7  (cost=0.43..6.45 rows=101 width=4)
	  Index Cond: ((id >= 3306413) AND (id <= 3306513))

table 8 : explain SELECT id FROM sbtest8 WHERE id BETWEEN 3306413 AND 3306513
	Index Only Scan using sbtest8_pkey on sbtest8  (cost=0.43..6.40 rows=98 width=4)
	  Index Cond: ((id >= 3306413) AND (id <= 3306513))

explain: for range-covered :: explain SELECT id FROM sbtest%d WHERE id BETWEEN 6503006 AND 6503106
explain: for range-covered :: explain SELECT id FROM sbtest%d WHERE id BETWEEN 3306413 AND 3306513
for range-covered
table 1 : explain SELECT id FROM sbtest1 WHERE id BETWEEN 998656 AND 998756
	Index Only Scan using sbtest1_pkey on sbtest1  (cost=0.43..10.47 rows=102 width=4)
	  Index Cond: ((id >= 998656) AND (id <= 998756))

table 2 : explain SELECT id FROM sbtest2 WHERE id BETWEEN 998656 AND 998756
	Index Only Scan using sbtest2_pkey on sbtest2  (cost=0.43..6.33 rows=95 width=4)
	  Index Cond: ((id >= 998656) AND (id <= 998756))

table 3 : explain SELECT id FROM sbtest3 WHERE id BETWEEN 998656 AND 998756
	Index Only Scan using sbtest3_pkey on sbtest3  (cost=0.43..6.45 rows=101 width=4)
	  Index Cond: ((id >= 998656) AND (id <= 998756))

table 4 : explain SELECT id FROM sbtest4 WHERE id BETWEEN 998656 AND 998756
	Index Only Scan using sbtest4_pkey on sbtest4  (cost=0.43..6.37 rows=97 width=4)
	  Index Cond: ((id >= 998656) AND (id <= 998756))

table 5 : explain SELECT id FROM sbtest5 WHERE id BETWEEN 998656 AND 998756
	Index Only Scan using sbtest5_pkey on sbtest5  (cost=0.43..6.40 rows=98 width=4)
	  Index Cond: ((id >= 998656) AND (id <= 998756))

table 6 : explain SELECT id FROM sbtest6 WHERE id BETWEEN 998656 AND 998756
	Index Only Scan using sbtest6_pkey on sbtest6  (cost=0.43..6.33 rows=95 width=4)
	  Index Cond: ((id >= 998656) AND (id <= 998756))

table 7 : explain SELECT id FROM sbtest7 WHERE id BETWEEN 998656 AND 998756
	Index Only Scan using sbtest7_pkey on sbtest7  (cost=0.43..6.08 rows=82 width=4)
	  Index Cond: ((id >= 998656) AND (id <= 998756))

table 8 : explain SELECT id FROM sbtest8 WHERE id BETWEEN 998656 AND 998756
	Index Only Scan using sbtest8_pkey on sbtest8  (cost=0.43..6.32 rows=94 width=4)
	  Index Cond: ((id >= 998656) AND (id <= 998756))

for range-covered
table 1 : explain SELECT id FROM sbtest1 WHERE id BETWEEN 6503006 AND 6503106
	Index Only Scan using sbtest1_pkey on sbtest1  (cost=0.43..10.65 rows=111 width=4)
	  Index Cond: ((id >= 6503006) AND (id <= 6503106))

table 2 : explain SELECT id FROM sbtest2 WHERE id BETWEEN 6503006 AND 6503106
	Index Only Scan using sbtest2_pkey on sbtest2  (cost=0.43..6.25 rows=91 width=4)
	  Index Cond: ((id >= 6503006) AND (id <= 6503106))

table 3 : explain SELECT id FROM sbtest3 WHERE id BETWEEN 6503006 AND 6503106
	Index Only Scan using sbtest3_pkey on sbtest3  (cost=0.43..6.47 rows=102 width=4)
	  Index Cond: ((id >= 6503006) AND (id <= 6503106))

table 4 : explain SELECT id FROM sbtest4 WHERE id BETWEEN 6503006 AND 6503106
	Index Only Scan using sbtest4_pkey on sbtest4  (cost=0.43..6.27 rows=92 width=4)
	  Index Cond: ((id >= 6503006) AND (id <= 6503106))

table 5 : explain SELECT id FROM sbtest5 WHERE id BETWEEN 6503006 AND 6503106
	Index Only Scan using sbtest5_pkey on sbtest5  (cost=0.43..6.47 rows=102 width=4)
	  Index Cond: ((id >= 6503006) AND (id <= 6503106))

table 6 : explain SELECT id FROM sbtest6 WHERE id BETWEEN 6503006 AND 6503106
	Index Only Scan using sbtest6_pkey on sbtest6  (cost=0.43..6.42 rows=99 width=4)
	  Index Cond: ((id >= 6503006) AND (id <= 6503106))

table 7 : explain SELECT id FROM sbtest7 WHERE id BETWEEN 6503006 AND 6503106
	Index Only Scan using sbtest7_pkey on sbtest7  (cost=0.43..6.35 rows=96 width=4)
	  Index Cond: ((id >= 6503006) AND (id <= 6503106))

table 8 : explain SELECT id FROM sbtest8 WHERE id BETWEEN 6503006 AND 6503106
	Index Only Scan using sbtest8_pkey on sbtest8  (cost=0.43..6.40 rows=98 width=4)
	  Index Cond: ((id >= 6503006) AND (id <= 6503106))

for range-covered
table 1 : explain SELECT id FROM sbtest1 WHERE id BETWEEN 3306413 AND 3306513
	Index Only Scan using sbtest1_pkey on sbtest1  (cost=0.43..10.38 rows=97 width=4)
	  Index Cond: ((id >= 3306413) AND (id <= 3306513))

table 2 : explain SELECT id FROM sbtest2 WHERE id BETWEEN 3306413 AND 3306513
	Index Only Scan using sbtest2_pkey on sbtest2  (cost=0.43..6.50 rows=103 width=4)
	  Index Cond: ((id >= 3306413) AND (id <= 3306513))

table 3 : explain SELECT id FROM sbtest3 WHERE id BETWEEN 3306413 AND 3306513
	Index Only Scan using sbtest3_pkey on sbtest3  (cost=0.43..6.42 rows=99 width=4)
	  Index Cond: ((id >= 3306413) AND (id <= 3306513))

table 4 : explain SELECT id FROM sbtest4 WHERE id BETWEEN 3306413 AND 3306513
	Index Only Scan using sbtest4_pkey on sbtest4  (cost=0.43..6.24 rows=90 width=4)
	  Index Cond: ((id >= 3306413) AND (id <= 3306513))

table 5 : explain SELECT id FROM sbtest5 WHERE id BETWEEN 3306413 AND 3306513
	Index Only Scan using sbtest5_pkey on sbtest5  (cost=0.43..6.72 rows=114 width=4)
	  Index Cond: ((id >= 3306413) AND (id <= 3306513))

table 6 : explain SELECT id FROM sbtest6 WHERE id BETWEEN 3306413 AND 3306513
	Index Only Scan using sbtest6_pkey on sbtest6  (cost=0.43..6.40 rows=98 width=4)
	  Index Cond: ((id >= 3306413) AND (id <= 3306513))

table 7 : explain SELECT id FROM sbtest7 WHERE id BETWEEN 3306413 AND 3306513
	Index Only Scan using sbtest7_pkey on sbtest7  (cost=0.43..6.45 rows=101 width=4)
	  Index Cond: ((id >= 3306413) AND (id <= 3306513))

table 8 : explain SELECT id FROM sbtest8 WHERE id BETWEEN 3306413 AND 3306513
	Index Only Scan using sbtest8_pkey on sbtest8  (cost=0.43..6.40 rows=98 width=4)
	  Index Cond: ((id >= 3306413) AND (id <= 3306513))

explain: for range-covered :: explain SELECT id FROM sbtest%d WHERE id BETWEEN 6503006 AND 6503106
explain: for range-covered :: explain SELECT id FROM sbtest%d WHERE id BETWEEN 3306413 AND 3306513
for range-covered
table 1 : explain SELECT id FROM sbtest1 WHERE id BETWEEN 2651282 AND 2651382
	Index Only Scan using sbtest1_pkey on sbtest1  (cost=0.43..10.56 rows=106 width=4)
	  Index Cond: ((id >= 2651282) AND (id <= 2651382))

table 2 : explain SELECT id FROM sbtest2 WHERE id BETWEEN 2651282 AND 2651382
	Index Only Scan using sbtest2_pkey on sbtest2  (cost=0.43..6.56 rows=106 width=4)
	  Index Cond: ((id >= 2651282) AND (id <= 2651382))

table 3 : explain SELECT id FROM sbtest3 WHERE id BETWEEN 2651282 AND 2651382
	Index Only Scan using sbtest3_pkey on sbtest3  (cost=0.43..6.47 rows=102 width=4)
	  Index Cond: ((id >= 2651282) AND (id <= 2651382))

table 4 : explain SELECT id FROM sbtest4 WHERE id BETWEEN 2651282 AND 2651382
	Index Only Scan using sbtest4_pkey on sbtest4  (cost=0.43..6.47 rows=102 width=4)
	  Index Cond: ((id >= 2651282) AND (id <= 2651382))

table 5 : explain SELECT id FROM sbtest5 WHERE id BETWEEN 2651282 AND 2651382
	Index Only Scan using sbtest5_pkey on sbtest5  (cost=0.43..6.58 rows=107 width=4)
	  Index Cond: ((id >= 2651282) AND (id <= 2651382))

table 6 : explain SELECT id FROM sbtest6 WHERE id BETWEEN 2651282 AND 2651382
	Index Only Scan using sbtest6_pkey on sbtest6  (cost=0.43..6.45 rows=101 width=4)
	  Index Cond: ((id >= 2651282) AND (id <= 2651382))

table 7 : explain SELECT id FROM sbtest7 WHERE id BETWEEN 2651282 AND 2651382
	Index Only Scan using sbtest7_pkey on sbtest7  (cost=0.43..6.50 rows=103 width=4)
	  Index Cond: ((id >= 2651282) AND (id <= 2651382))

table 8 : explain SELECT id FROM sbtest8 WHERE id BETWEEN 2651282 AND 2651382
	Index Only Scan using sbtest8_pkey on sbtest8  (cost=0.43..6.25 rows=91 width=4)
	  Index Cond: ((id >= 2651282) AND (id <= 2651382))

explain: for range-covered :: explain SELECT id FROM sbtest%d WHERE id BETWEEN 998656 AND 998756
explain: for range-covered :: explain SELECT id FROM sbtest%d WHERE id BETWEEN 2651282 AND 2651382
for range-covered
table 1 : explain SELECT id FROM sbtest1 WHERE id BETWEEN 3306413 AND 3306513
	Index Only Scan using sbtest1_pkey on sbtest1  (cost=0.43..10.38 rows=97 width=4)
	  Index Cond: ((id >= 3306413) AND (id <= 3306513))

table 2 : explain SELECT id FROM sbtest2 WHERE id BETWEEN 3306413 AND 3306513
	Index Only Scan using sbtest2_pkey on sbtest2  (cost=0.43..6.50 rows=103 width=4)
	  Index Cond: ((id >= 3306413) AND (id <= 3306513))

table 3 : explain SELECT id FROM sbtest3 WHERE id BETWEEN 3306413 AND 3306513
	Index Only Scan using sbtest3_pkey on sbtest3  (cost=0.43..6.42 rows=99 width=4)
	  Index Cond: ((id >= 3306413) AND (id <= 3306513))

table 4 : explain SELECT id FROM sbtest4 WHERE id BETWEEN 3306413 AND 3306513
	Index Only Scan using sbtest4_pkey on sbtest4  (cost=0.43..6.24 rows=90 width=4)
	  Index Cond: ((id >= 3306413) AND (id <= 3306513))

table 5 : explain SELECT id FROM sbtest5 WHERE id BETWEEN 3306413 AND 3306513
	Index Only Scan using sbtest5_pkey on sbtest5  (cost=0.43..6.72 rows=114 width=4)
	  Index Cond: ((id >= 3306413) AND (id <= 3306513))

table 6 : explain SELECT id FROM sbtest6 WHERE id BETWEEN 3306413 AND 3306513
	Index Only Scan using sbtest6_pkey on sbtest6  (cost=0.43..6.40 rows=98 width=4)
	  Index Cond: ((id >= 3306413) AND (id <= 3306513))

table 7 : explain SELECT id FROM sbtest7 WHERE id BETWEEN 3306413 AND 3306513
	Index Only Scan using sbtest7_pkey on sbtest7  (cost=0.43..6.45 rows=101 width=4)
	  Index Cond: ((id >= 3306413) AND (id <= 3306513))

table 8 : explain SELECT id FROM sbtest8 WHERE id BETWEEN 3306413 AND 3306513
	Index Only Scan using sbtest8_pkey on sbtest8  (cost=0.43..6.40 rows=98 width=4)
	  Index Cond: ((id >= 3306413) AND (id <= 3306513))

for range-covered
table 1 : explain SELECT id FROM sbtest1 WHERE id BETWEEN 6503006 AND 6503106
	Index Only Scan using sbtest1_pkey on sbtest1  (cost=0.43..10.65 rows=111 width=4)
	  Index Cond: ((id >= 6503006) AND (id <= 6503106))

table 2 : explain SELECT id FROM sbtest2 WHERE id BETWEEN 6503006 AND 6503106
	Index Only Scan using sbtest2_pkey on sbtest2  (cost=0.43..6.25 rows=91 width=4)
	  Index Cond: ((id >= 6503006) AND (id <= 6503106))

table 3 : explain SELECT id FROM sbtest3 WHERE id BETWEEN 6503006 AND 6503106
	Index Only Scan using sbtest3_pkey on sbtest3  (cost=0.43..6.47 rows=102 width=4)
	  Index Cond: ((id >= 6503006) AND (id <= 6503106))

table 4 : explain SELECT id FROM sbtest4 WHERE id BETWEEN 6503006 AND 6503106
	Index Only Scan using sbtest4_pkey on sbtest4  (cost=0.43..6.27 rows=92 width=4)
	  Index Cond: ((id >= 6503006) AND (id <= 6503106))

table 5 : explain SELECT id FROM sbtest5 WHERE id BETWEEN 6503006 AND 6503106
	Index Only Scan using sbtest5_pkey on sbtest5  (cost=0.43..6.47 rows=102 width=4)
	  Index Cond: ((id >= 6503006) AND (id <= 6503106))

table 6 : explain SELECT id FROM sbtest6 WHERE id BETWEEN 6503006 AND 6503106
	Index Only Scan using sbtest6_pkey on sbtest6  (cost=0.43..6.42 rows=99 width=4)
	  Index Cond: ((id >= 6503006) AND (id <= 6503106))

table 7 : explain SELECT id FROM sbtest7 WHERE id BETWEEN 6503006 AND 6503106
	Index Only Scan using sbtest7_pkey on sbtest7  (cost=0.43..6.35 rows=96 width=4)
	  Index Cond: ((id >= 6503006) AND (id <= 6503106))

table 8 : explain SELECT id FROM sbtest8 WHERE id BETWEEN 6503006 AND 6503106
	Index Only Scan using sbtest8_pkey on sbtest8  (cost=0.43..6.40 rows=98 width=4)
	  Index Cond: ((id >= 6503006) AND (id <= 6503106))

explain: for range-covered :: explain SELECT id FROM sbtest%d WHERE id BETWEEN 3306413 AND 3306513
explain: for range-covered :: explain SELECT id FROM sbtest%d WHERE id BETWEEN 6503006 AND 6503106
for range-covered
table 1 : explain SELECT id FROM sbtest1 WHERE id BETWEEN 2202637 AND 2202737
	Index Only Scan using sbtest1_pkey on sbtest1  (cost=0.43..10.26 rows=91 width=4)
	  Index Cond: ((id >= 2202637) AND (id <= 2202737))

table 2 : explain SELECT id FROM sbtest2 WHERE id BETWEEN 2202637 AND 2202737
	Index Only Scan using sbtest2_pkey on sbtest2  (cost=0.43..6.25 rows=91 width=4)
	  Index Cond: ((id >= 2202637) AND (id <= 2202737))

table 3 : explain SELECT id FROM sbtest3 WHERE id BETWEEN 2202637 AND 2202737
	Index Only Scan using sbtest3_pkey on sbtest3  (cost=0.43..6.42 rows=99 width=4)
	  Index Cond: ((id >= 2202637) AND (id <= 2202737))

table 4 : explain SELECT id FROM sbtest4 WHERE id BETWEEN 2202637 AND 2202737
	Index Only Scan using sbtest4_pkey on sbtest4  (cost=0.43..6.56 rows=106 width=4)
	  Index Cond: ((id >= 2202637) AND (id <= 2202737))

table 5 : explain SELECT id FROM sbtest5 WHERE id BETWEEN 2202637 AND 2202737
	Index Only Scan using sbtest5_pkey on sbtest5  (cost=0.43..6.45 rows=101 width=4)
	  Index Cond: ((id >= 2202637) AND (id <= 2202737))

table 6 : explain SELECT id FROM sbtest6 WHERE id BETWEEN 2202637 AND 2202737
	Index Only Scan using sbtest6_pkey on sbtest6  (cost=0.43..6.50 rows=103 width=4)
	  Index Cond: ((id >= 2202637) AND (id <= 2202737))

table 7 : explain SELECT id FROM sbtest7 WHERE id BETWEEN 2202637 AND 2202737
	Index Only Scan using sbtest7_pkey on sbtest7  (cost=0.43..6.56 rows=106 width=4)
	  Index Cond: ((id >= 2202637) AND (id <= 2202737))

table 8 : explain SELECT id FROM sbtest8 WHERE id BETWEEN 2202637 AND 2202737
	Index Only Scan using sbtest8_pkey on sbtest8  (cost=0.43..6.53 rows=105 width=4)
	  Index Cond: ((id >= 2202637) AND (id <= 2202737))

explain: for range-covered :: explain SELECT id FROM sbtest%d WHERE id BETWEEN 2202637 AND 2202737
for range-covered
table 1 : explain SELECT id FROM sbtest1 WHERE id BETWEEN 998656 AND 998756
	Index Only Scan using sbtest1_pkey on sbtest1  (cost=0.43..10.47 rows=102 width=4)
	  Index Cond: ((id >= 998656) AND (id <= 998756))

table 2 : explain SELECT id FROM sbtest2 WHERE id BETWEEN 998656 AND 998756
	Index Only Scan using sbtest2_pkey on sbtest2  (cost=0.43..6.33 rows=95 width=4)
	  Index Cond: ((id >= 998656) AND (id <= 998756))

table 3 : explain SELECT id FROM sbtest3 WHERE id BETWEEN 998656 AND 998756
	Index Only Scan using sbtest3_pkey on sbtest3  (cost=0.43..6.45 rows=101 width=4)
	  Index Cond: ((id >= 998656) AND (id <= 998756))

table 4 : explain SELECT id FROM sbtest4 WHERE id BETWEEN 998656 AND 998756
	Index Only Scan using sbtest4_pkey on sbtest4  (cost=0.43..6.37 rows=97 width=4)
	  Index Cond: ((id >= 998656) AND (id <= 998756))

table 5 : explain SELECT id FROM sbtest5 WHERE id BETWEEN 998656 AND 998756
	Index Only Scan using sbtest5_pkey on sbtest5  (cost=0.43..6.40 rows=98 width=4)
	  Index Cond: ((id >= 998656) AND (id <= 998756))

table 6 : explain SELECT id FROM sbtest6 WHERE id BETWEEN 998656 AND 998756
	Index Only Scan using sbtest6_pkey on sbtest6  (cost=0.43..6.33 rows=95 width=4)
	  Index Cond: ((id >= 998656) AND (id <= 998756))

table 7 : explain SELECT id FROM sbtest7 WHERE id BETWEEN 998656 AND 998756
	Index Only Scan using sbtest7_pkey on sbtest7  (cost=0.43..6.08 rows=82 width=4)
	  Index Cond: ((id >= 998656) AND (id <= 998756))

table 8 : explain SELECT id FROM sbtest8 WHERE id BETWEEN 998656 AND 998756
	Index Only Scan using sbtest8_pkey on sbtest8  (cost=0.43..6.32 rows=94 width=4)
	  Index Cond: ((id >= 998656) AND (id <= 998756))

for range-covered
table 1 : explain SELECT id FROM sbtest1 WHERE id BETWEEN 3306413 AND 3306513
	Index Only Scan using sbtest1_pkey on sbtest1  (cost=0.43..10.38 rows=97 width=4)
	  Index Cond: ((id >= 3306413) AND (id <= 3306513))

table 2 : explain SELECT id FROM sbtest2 WHERE id BETWEEN 3306413 AND 3306513
	Index Only Scan using sbtest2_pkey on sbtest2  (cost=0.43..6.50 rows=103 width=4)
	  Index Cond: ((id >= 3306413) AND (id <= 3306513))

table 3 : explain SELECT id FROM sbtest3 WHERE id BETWEEN 3306413 AND 3306513
	Index Only Scan using sbtest3_pkey on sbtest3  (cost=0.43..6.42 rows=99 width=4)
	  Index Cond: ((id >= 3306413) AND (id <= 3306513))

table 4 : explain SELECT id FROM sbtest4 WHERE id BETWEEN 3306413 AND 3306513
	Index Only Scan using sbtest4_pkey on sbtest4  (cost=0.43..6.24 rows=90 width=4)
	  Index Cond: ((id >= 3306413) AND (id <= 3306513))

table 5 : explain SELECT id FROM sbtest5 WHERE id BETWEEN 3306413 AND 3306513
	Index Only Scan using sbtest5_pkey on sbtest5  (cost=0.43..6.72 rows=114 width=4)
	  Index Cond: ((id >= 3306413) AND (id <= 3306513))

table 6 : explain SELECT id FROM sbtest6 WHERE id BETWEEN 3306413 AND 3306513
	Index Only Scan using sbtest6_pkey on sbtest6  (cost=0.43..6.40 rows=98 width=4)
	  Index Cond: ((id >= 3306413) AND (id <= 3306513))

table 7 : explain SELECT id FROM sbtest7 WHERE id BETWEEN 3306413 AND 3306513
	Index Only Scan using sbtest7_pkey on sbtest7  (cost=0.43..6.45 rows=101 width=4)
	  Index Cond: ((id >= 3306413) AND (id <= 3306513))

table 8 : explain SELECT id FROM sbtest8 WHERE id BETWEEN 3306413 AND 3306513
	Index Only Scan using sbtest8_pkey on sbtest8  (cost=0.43..6.40 rows=98 width=4)
	  Index Cond: ((id >= 3306413) AND (id <= 3306513))

for range-covered
table 1 : explain SELECT id FROM sbtest1 WHERE id BETWEEN 2651282 AND 2651382
	Index Only Scan using sbtest1_pkey on sbtest1  (cost=0.43..10.56 rows=106 width=4)
	  Index Cond: ((id >= 2651282) AND (id <= 2651382))

table 2 : explain SELECT id FROM sbtest2 WHERE id BETWEEN 2651282 AND 2651382
	Index Only Scan using sbtest2_pkey on sbtest2  (cost=0.43..6.56 rows=106 width=4)
	  Index Cond: ((id >= 2651282) AND (id <= 2651382))

table 3 : explain SELECT id FROM sbtest3 WHERE id BETWEEN 2651282 AND 2651382
	Index Only Scan using sbtest3_pkey on sbtest3  (cost=0.43..6.47 rows=102 width=4)
	  Index Cond: ((id >= 2651282) AND (id <= 2651382))

table 4 : explain SELECT id FROM sbtest4 WHERE id BETWEEN 2651282 AND 2651382
	Index Only Scan using sbtest4_pkey on sbtest4  (cost=0.43..6.47 rows=102 width=4)
	  Index Cond: ((id >= 2651282) AND (id <= 2651382))

table 5 : explain SELECT id FROM sbtest5 WHERE id BETWEEN 2651282 AND 2651382
	Index Only Scan using sbtest5_pkey on sbtest5  (cost=0.43..6.58 rows=107 width=4)
	  Index Cond: ((id >= 2651282) AND (id <= 2651382))

table 6 : explain SELECT id FROM sbtest6 WHERE id BETWEEN 2651282 AND 2651382
	Index Only Scan using sbtest6_pkey on sbtest6  (cost=0.43..6.45 rows=101 width=4)
	  Index Cond: ((id >= 2651282) AND (id <= 2651382))

table 7 : explain SELECT id FROM sbtest7 WHERE id BETWEEN 2651282 AND 2651382
	Index Only Scan using sbtest7_pkey on sbtest7  (cost=0.43..6.50 rows=103 width=4)
	  Index Cond: ((id >= 2651282) AND (id <= 2651382))

table 8 : explain SELECT id FROM sbtest8 WHERE id BETWEEN 2651282 AND 2651382
	Index Only Scan using sbtest8_pkey on sbtest8  (cost=0.43..6.25 rows=91 width=4)
	  Index Cond: ((id >= 2651282) AND (id <= 2651382))

explain: for range-covered :: explain SELECT id FROM sbtest%d WHERE id BETWEEN 3306413 AND 3306513
for range-covered
table 1 : explain SELECT id FROM sbtest1 WHERE id BETWEEN 2202637 AND 2202737
	Index Only Scan using sbtest1_pkey on sbtest1  (cost=0.43..10.26 rows=91 width=4)
	  Index Cond: ((id >= 2202637) AND (id <= 2202737))

table 2 : explain SELECT id FROM sbtest2 WHERE id BETWEEN 2202637 AND 2202737
	Index Only Scan using sbtest2_pkey on sbtest2  (cost=0.43..6.25 rows=91 width=4)
	  Index Cond: ((id >= 2202637) AND (id <= 2202737))

table 3 : explain SELECT id FROM sbtest3 WHERE id BETWEEN 2202637 AND 2202737
	Index Only Scan using sbtest3_pkey on sbtest3  (cost=0.43..6.42 rows=99 width=4)
	  Index Cond: ((id >= 2202637) AND (id <= 2202737))

table 4 : explain SELECT id FROM sbtest4 WHERE id BETWEEN 2202637 AND 2202737
	Index Only Scan using sbtest4_pkey on sbtest4  (cost=0.43..6.56 rows=106 width=4)
	  Index Cond: ((id >= 2202637) AND (id <= 2202737))

table 5 : explain SELECT id FROM sbtest5 WHERE id BETWEEN 2202637 AND 2202737
	Index Only Scan using sbtest5_pkey on sbtest5  (cost=0.43..6.45 rows=101 width=4)
	  Index Cond: ((id >= 2202637) AND (id <= 2202737))

table 6 : explain SELECT id FROM sbtest6 WHERE id BETWEEN 2202637 AND 2202737
	Index Only Scan using sbtest6_pkey on sbtest6  (cost=0.43..6.50 rows=103 width=4)
	  Index Cond: ((id >= 2202637) AND (id <= 2202737))

table 7 : explain SELECT id FROM sbtest7 WHERE id BETWEEN 2202637 AND 2202737
	Index Only Scan using sbtest7_pkey on sbtest7  (cost=0.43..6.56 rows=106 width=4)
	  Index Cond: ((id >= 2202637) AND (id <= 2202737))

table 8 : explain SELECT id FROM sbtest8 WHERE id BETWEEN 2202637 AND 2202737
	Index Only Scan using sbtest8_pkey on sbtest8  (cost=0.43..6.53 rows=105 width=4)
	  Index Cond: ((id >= 2202637) AND (id <= 2202737))

explain: for range-covered :: explain SELECT id FROM sbtest%d WHERE id BETWEEN 2202637 AND 2202737
explain: for range-covered :: explain SELECT id FROM sbtest%d WHERE id BETWEEN 2651282 AND 2651382
explain: for range-covered :: explain SELECT id FROM sbtest%d WHERE id BETWEEN 7005397 AND 7005497
for range-covered
table 1 : explain SELECT id FROM sbtest1 WHERE id BETWEEN 3306413 AND 3306513
	Index Only Scan using sbtest1_pkey on sbtest1  (cost=0.43..10.38 rows=97 width=4)
	  Index Cond: ((id >= 3306413) AND (id <= 3306513))

table 2 : explain SELECT id FROM sbtest2 WHERE id BETWEEN 3306413 AND 3306513
	Index Only Scan using sbtest2_pkey on sbtest2  (cost=0.43..6.50 rows=103 width=4)
	  Index Cond: ((id >= 3306413) AND (id <= 3306513))

table 3 : explain SELECT id FROM sbtest3 WHERE id BETWEEN 3306413 AND 3306513
	Index Only Scan using sbtest3_pkey on sbtest3  (cost=0.43..6.42 rows=99 width=4)
	  Index Cond: ((id >= 3306413) AND (id <= 3306513))

table 4 : explain SELECT id FROM sbtest4 WHERE id BETWEEN 3306413 AND 3306513
	Index Only Scan using sbtest4_pkey on sbtest4  (cost=0.43..6.24 rows=90 width=4)
	  Index Cond: ((id >= 3306413) AND (id <= 3306513))

table 5 : explain SELECT id FROM sbtest5 WHERE id BETWEEN 3306413 AND 3306513
	Index Only Scan using sbtest5_pkey on sbtest5  (cost=0.43..6.72 rows=114 width=4)
	  Index Cond: ((id >= 3306413) AND (id <= 3306513))

table 6 : explain SELECT id FROM sbtest6 WHERE id BETWEEN 3306413 AND 3306513
	Index Only Scan using sbtest6_pkey on sbtest6  (cost=0.43..6.40 rows=98 width=4)
	  Index Cond: ((id >= 3306413) AND (id <= 3306513))

table 7 : explain SELECT id FROM sbtest7 WHERE id BETWEEN 3306413 AND 3306513
	Index Only Scan using sbtest7_pkey on sbtest7  (cost=0.43..6.45 rows=101 width=4)
	  Index Cond: ((id >= 3306413) AND (id <= 3306513))

table 8 : explain SELECT id FROM sbtest8 WHERE id BETWEEN 3306413 AND 3306513
	Index Only Scan using sbtest8_pkey on sbtest8  (cost=0.43..6.40 rows=98 width=4)
	  Index Cond: ((id >= 3306413) AND (id <= 3306513))

explain: for range-covered :: explain SELECT id FROM sbtest%d WHERE id BETWEEN 998656 AND 998756
explain: for range-covered :: explain SELECT id FROM sbtest%d WHERE id BETWEEN 3306413 AND 3306513
for range-covered
table 1 : explain SELECT id FROM sbtest1 WHERE id BETWEEN 2202637 AND 2202737
	Index Only Scan using sbtest1_pkey on sbtest1  (cost=0.43..10.26 rows=91 width=4)
	  Index Cond: ((id >= 2202637) AND (id <= 2202737))

table 2 : explain SELECT id FROM sbtest2 WHERE id BETWEEN 2202637 AND 2202737
	Index Only Scan using sbtest2_pkey on sbtest2  (cost=0.43..6.25 rows=91 width=4)
	  Index Cond: ((id >= 2202637) AND (id <= 2202737))

table 3 : explain SELECT id FROM sbtest3 WHERE id BETWEEN 2202637 AND 2202737
	Index Only Scan using sbtest3_pkey on sbtest3  (cost=0.43..6.42 rows=99 width=4)
	  Index Cond: ((id >= 2202637) AND (id <= 2202737))

table 4 : explain SELECT id FROM sbtest4 WHERE id BETWEEN 2202637 AND 2202737
	Index Only Scan using sbtest4_pkey on sbtest4  (cost=0.43..6.56 rows=106 width=4)
	  Index Cond: ((id >= 2202637) AND (id <= 2202737))

table 5 : explain SELECT id FROM sbtest5 WHERE id BETWEEN 2202637 AND 2202737
	Index Only Scan using sbtest5_pkey on sbtest5  (cost=0.43..6.45 rows=101 width=4)
	  Index Cond: ((id >= 2202637) AND (id <= 2202737))

table 6 : explain SELECT id FROM sbtest6 WHERE id BETWEEN 2202637 AND 2202737
	Index Only Scan using sbtest6_pkey on sbtest6  (cost=0.43..6.50 rows=103 width=4)
	  Index Cond: ((id >= 2202637) AND (id <= 2202737))

table 7 : explain SELECT id FROM sbtest7 WHERE id BETWEEN 2202637 AND 2202737
	Index Only Scan using sbtest7_pkey on sbtest7  (cost=0.43..6.56 rows=106 width=4)
	  Index Cond: ((id >= 2202637) AND (id <= 2202737))

table 8 : explain SELECT id FROM sbtest8 WHERE id BETWEEN 2202637 AND 2202737
	Index Only Scan using sbtest8_pkey on sbtest8  (cost=0.43..6.53 rows=105 width=4)
	  Index Cond: ((id >= 2202637) AND (id <= 2202737))

explain: for range-covered :: explain SELECT id FROM sbtest%d WHERE id BETWEEN 2202637 AND 2202737
for range-covered
table 1 : explain SELECT id FROM sbtest1 WHERE id BETWEEN 6503006 AND 6503106
	Index Only Scan using sbtest1_pkey on sbtest1  (cost=0.43..10.65 rows=111 width=4)
	  Index Cond: ((id >= 6503006) AND (id <= 6503106))

table 2 : explain SELECT id FROM sbtest2 WHERE id BETWEEN 6503006 AND 6503106
	Index Only Scan using sbtest2_pkey on sbtest2  (cost=0.43..6.25 rows=91 width=4)
	  Index Cond: ((id >= 6503006) AND (id <= 6503106))

table 3 : explain SELECT id FROM sbtest3 WHERE id BETWEEN 6503006 AND 6503106
	Index Only Scan using sbtest3_pkey on sbtest3  (cost=0.43..6.47 rows=102 width=4)
	  Index Cond: ((id >= 6503006) AND (id <= 6503106))

table 4 : explain SELECT id FROM sbtest4 WHERE id BETWEEN 6503006 AND 6503106
	Index Only Scan using sbtest4_pkey on sbtest4  (cost=0.43..6.27 rows=92 width=4)
	  Index Cond: ((id >= 6503006) AND (id <= 6503106))

table 5 : explain SELECT id FROM sbtest5 WHERE id BETWEEN 6503006 AND 6503106
	Index Only Scan using sbtest5_pkey on sbtest5  (cost=0.43..6.47 rows=102 width=4)
	  Index Cond: ((id >= 6503006) AND (id <= 6503106))

table 6 : explain SELECT id FROM sbtest6 WHERE id BETWEEN 6503006 AND 6503106
	Index Only Scan using sbtest6_pkey on sbtest6  (cost=0.43..6.42 rows=99 width=4)
	  Index Cond: ((id >= 6503006) AND (id <= 6503106))

table 7 : explain SELECT id FROM sbtest7 WHERE id BETWEEN 6503006 AND 6503106
	Index Only Scan using sbtest7_pkey on sbtest7  (cost=0.43..6.35 rows=96 width=4)
	  Index Cond: ((id >= 6503006) AND (id <= 6503106))

table 8 : explain SELECT id FROM sbtest8 WHERE id BETWEEN 6503006 AND 6503106
	Index Only Scan using sbtest8_pkey on sbtest8  (cost=0.43..6.40 rows=98 width=4)
	  Index Cond: ((id >= 6503006) AND (id <= 6503106))

explain: for range-covered :: explain SELECT id FROM sbtest%d WHERE id BETWEEN 6503006 AND 6503106
for range-covered
table 1 : explain SELECT id FROM sbtest1 WHERE id BETWEEN 3232997 AND 3233097
	Index Only Scan using sbtest1_pkey on sbtest1  (cost=0.43..10.38 rows=97 width=4)
	  Index Cond: ((id >= 3232997) AND (id <= 3233097))

table 2 : explain SELECT id FROM sbtest2 WHERE id BETWEEN 3232997 AND 3233097
	Index Only Scan using sbtest2_pkey on sbtest2  (cost=0.43..6.45 rows=101 width=4)
	  Index Cond: ((id >= 3232997) AND (id <= 3233097))

table 3 : explain SELECT id FROM sbtest3 WHERE id BETWEEN 3232997 AND 3233097
	Index Only Scan using sbtest3_pkey on sbtest3  (cost=0.43..6.53 rows=105 width=4)
	  Index Cond: ((id >= 3232997) AND (id <= 3233097))

table 4 : explain SELECT id FROM sbtest4 WHERE id BETWEEN 3232997 AND 3233097
	Index Only Scan using sbtest4_pkey on sbtest4  (cost=0.43..6.50 rows=103 width=4)
	  Index Cond: ((id >= 3232997) AND (id <= 3233097))

table 5 : explain SELECT id FROM sbtest5 WHERE id BETWEEN 3232997 AND 3233097
	Index Only Scan using sbtest5_pkey on sbtest5  (cost=0.43..6.45 rows=101 width=4)
	  Index Cond: ((id >= 3232997) AND (id <= 3233097))

table 6 : explain SELECT id FROM sbtest6 WHERE id BETWEEN 3232997 AND 3233097
	Index Only Scan using sbtest6_pkey on sbtest6  (cost=0.43..6.53 rows=105 width=4)
	  Index Cond: ((id >= 3232997) AND (id <= 3233097))

table 7 : explain SELECT id FROM sbtest7 WHERE id BETWEEN 3232997 AND 3233097
	Index Only Scan using sbtest7_pkey on sbtest7  (cost=0.43..6.29 rows=93 width=4)
	  Index Cond: ((id >= 3232997) AND (id <= 3233097))

table 8 : explain SELECT id FROM sbtest8 WHERE id BETWEEN 3232997 AND 3233097
	Index Only Scan using sbtest8_pkey on sbtest8  (cost=0.43..6.63 rows=110 width=4)
	  Index Cond: ((id >= 3232997) AND (id <= 3233097))

for range-covered
table 1 : explain SELECT id FROM sbtest1 WHERE id BETWEEN 3306413 AND 3306513
	Index Only Scan using sbtest1_pkey on sbtest1  (cost=0.43..10.38 rows=97 width=4)
	  Index Cond: ((id >= 3306413) AND (id <= 3306513))

table 2 : explain SELECT id FROM sbtest2 WHERE id BETWEEN 3306413 AND 3306513
	Index Only Scan using sbtest2_pkey on sbtest2  (cost=0.43..6.50 rows=103 width=4)
	  Index Cond: ((id >= 3306413) AND (id <= 3306513))

table 3 : explain SELECT id FROM sbtest3 WHERE id BETWEEN 3306413 AND 3306513
	Index Only Scan using sbtest3_pkey on sbtest3  (cost=0.43..6.42 rows=99 width=4)
	  Index Cond: ((id >= 3306413) AND (id <= 3306513))

table 4 : explain SELECT id FROM sbtest4 WHERE id BETWEEN 3306413 AND 3306513
	Index Only Scan using sbtest4_pkey on sbtest4  (cost=0.43..6.24 rows=90 width=4)
	  Index Cond: ((id >= 3306413) AND (id <= 3306513))

table 5 : explain SELECT id FROM sbtest5 WHERE id BETWEEN 3306413 AND 3306513
	Index Only Scan using sbtest5_pkey on sbtest5  (cost=0.43..6.72 rows=114 width=4)
	  Index Cond: ((id >= 3306413) AND (id <= 3306513))

table 6 : explain SELECT id FROM sbtest6 WHERE id BETWEEN 3306413 AND 3306513
	Index Only Scan using sbtest6_pkey on sbtest6  (cost=0.43..6.40 rows=98 width=4)
	  Index Cond: ((id >= 3306413) AND (id <= 3306513))

table 7 : explain SELECT id FROM sbtest7 WHERE id BETWEEN 3306413 AND 3306513
	Index Only Scan using sbtest7_pkey on sbtest7  (cost=0.43..6.45 rows=101 width=4)
	  Index Cond: ((id >= 3306413) AND (id <= 3306513))

table 8 : explain SELECT id FROM sbtest8 WHERE id BETWEEN 3306413 AND 3306513
	Index Only Scan using sbtest8_pkey on sbtest8  (cost=0.43..6.40 rows=98 width=4)
	  Index Cond: ((id >= 3306413) AND (id <= 3306513))

for range-covered
table 1 : explain SELECT id FROM sbtest1 WHERE id BETWEEN 2651282 AND 2651382
	Index Only Scan using sbtest1_pkey on sbtest1  (cost=0.43..10.56 rows=106 width=4)
	  Index Cond: ((id >= 2651282) AND (id <= 2651382))

table 2 : explain SELECT id FROM sbtest2 WHERE id BETWEEN 2651282 AND 2651382
	Index Only Scan using sbtest2_pkey on sbtest2  (cost=0.43..6.56 rows=106 width=4)
	  Index Cond: ((id >= 2651282) AND (id <= 2651382))

table 3 : explain SELECT id FROM sbtest3 WHERE id BETWEEN 2651282 AND 2651382
	Index Only Scan using sbtest3_pkey on sbtest3  (cost=0.43..6.47 rows=102 width=4)
	  Index Cond: ((id >= 2651282) AND (id <= 2651382))

table 4 : explain SELECT id FROM sbtest4 WHERE id BETWEEN 2651282 AND 2651382
	Index Only Scan using sbtest4_pkey on sbtest4  (cost=0.43..6.47 rows=102 width=4)
	  Index Cond: ((id >= 2651282) AND (id <= 2651382))

table 5 : explain SELECT id FROM sbtest5 WHERE id BETWEEN 2651282 AND 2651382
	Index Only Scan using sbtest5_pkey on sbtest5  (cost=0.43..6.58 rows=107 width=4)
	  Index Cond: ((id >= 2651282) AND (id <= 2651382))

table 6 : explain SELECT id FROM sbtest6 WHERE id BETWEEN 2651282 AND 2651382
	Index Only Scan using sbtest6_pkey on sbtest6  (cost=0.43..6.45 rows=101 width=4)
	  Index Cond: ((id >= 2651282) AND (id <= 2651382))

table 7 : explain SELECT id FROM sbtest7 WHERE id BETWEEN 2651282 AND 2651382
	Index Only Scan using sbtest7_pkey on sbtest7  (cost=0.43..6.50 rows=103 width=4)
	  Index Cond: ((id >= 2651282) AND (id <= 2651382))

table 8 : explain SELECT id FROM sbtest8 WHERE id BETWEEN 2651282 AND 2651382
	Index Only Scan using sbtest8_pkey on sbtest8  (cost=0.43..6.25 rows=91 width=4)
	  Index Cond: ((id >= 2651282) AND (id <= 2651382))

explain: for range-covered :: explain SELECT id FROM sbtest%d WHERE id BETWEEN 3306413 AND 3306513
for range-covered
table 1 : explain SELECT id FROM sbtest1 WHERE id BETWEEN 3954336 AND 3954436
	Index Only Scan using sbtest1_pkey on sbtest1  (cost=0.43..10.50 rows=103 width=4)
	  Index Cond: ((id >= 3954336) AND (id <= 3954436))

table 2 : explain SELECT id FROM sbtest2 WHERE id BETWEEN 3954336 AND 3954436
	Index Only Scan using sbtest2_pkey on sbtest2  (cost=0.43..6.66 rows=111 width=4)
	  Index Cond: ((id >= 3954336) AND (id <= 3954436))

table 3 : explain SELECT id FROM sbtest3 WHERE id BETWEEN 3954336 AND 3954436
	Index Only Scan using sbtest3_pkey on sbtest3  (cost=0.43..6.51 rows=104 width=4)
	  Index Cond: ((id >= 3954336) AND (id <= 3954436))

table 4 : explain SELECT id FROM sbtest4 WHERE id BETWEEN 3954336 AND 3954436
	Index Only Scan using sbtest4_pkey on sbtest4  (cost=0.43..6.75 rows=116 width=4)
	  Index Cond: ((id >= 3954336) AND (id <= 3954436))

table 5 : explain SELECT id FROM sbtest5 WHERE id BETWEEN 3954336 AND 3954436
	Index Only Scan using sbtest5_pkey on sbtest5  (cost=0.43..6.35 rows=96 width=4)
	  Index Cond: ((id >= 3954336) AND (id <= 3954436))

table 6 : explain SELECT id FROM sbtest6 WHERE id BETWEEN 3954336 AND 3954436
	Index Only Scan using sbtest6_pkey on sbtest6  (cost=0.43..6.51 rows=104 width=4)
	  Index Cond: ((id >= 3954336) AND (id <= 3954436))

table 7 : explain SELECT id FROM sbtest7 WHERE id BETWEEN 3954336 AND 3954436
	Index Only Scan using sbtest7_pkey on sbtest7  (cost=0.43..6.50 rows=103 width=4)
	  Index Cond: ((id >= 3954336) AND (id <= 3954436))

table 8 : explain SELECT id FROM sbtest8 WHERE id BETWEEN 3954336 AND 3954436
	Index Only Scan using sbtest8_pkey on sbtest8  (cost=0.43..6.32 rows=94 width=4)
	  Index Cond: ((id >= 3954336) AND (id <= 3954436))

for range-covered
table 1 : explain SELECT id FROM sbtest1 WHERE id BETWEEN 2202637 AND 2202737
	Index Only Scan using sbtest1_pkey on sbtest1  (cost=0.43..10.26 rows=91 width=4)
	  Index Cond: ((id >= 2202637) AND (id <= 2202737))

table 2 : explain SELECT id FROM sbtest2 WHERE id BETWEEN 2202637 AND 2202737
	Index Only Scan using sbtest2_pkey on sbtest2  (cost=0.43..6.25 rows=91 width=4)
	  Index Cond: ((id >= 2202637) AND (id <= 2202737))

table 3 : explain SELECT id FROM sbtest3 WHERE id BETWEEN 2202637 AND 2202737
	Index Only Scan using sbtest3_pkey on sbtest3  (cost=0.43..6.42 rows=99 width=4)
	  Index Cond: ((id >= 2202637) AND (id <= 2202737))

table 4 : explain SELECT id FROM sbtest4 WHERE id BETWEEN 2202637 AND 2202737
	Index Only Scan using sbtest4_pkey on sbtest4  (cost=0.43..6.56 rows=106 width=4)
	  Index Cond: ((id >= 2202637) AND (id <= 2202737))

table 5 : explain SELECT id FROM sbtest5 WHERE id BETWEEN 2202637 AND 2202737
	Index Only Scan using sbtest5_pkey on sbtest5  (cost=0.43..6.45 rows=101 width=4)
	  Index Cond: ((id >= 2202637) AND (id <= 2202737))

table 6 : explain SELECT id FROM sbtest6 WHERE id BETWEEN 2202637 AND 2202737
	Index Only Scan using sbtest6_pkey on sbtest6  (cost=0.43..6.50 rows=103 width=4)
	  Index Cond: ((id >= 2202637) AND (id <= 2202737))

table 7 : explain SELECT id FROM sbtest7 WHERE id BETWEEN 2202637 AND 2202737
	Index Only Scan using sbtest7_pkey on sbtest7  (cost=0.43..6.56 rows=106 width=4)
	  Index Cond: ((id >= 2202637) AND (id <= 2202737))

table 8 : explain SELECT id FROM sbtest8 WHERE id BETWEEN 2202637 AND 2202737
	Index Only Scan using sbtest8_pkey on sbtest8  (cost=0.43..6.53 rows=105 width=4)
	  Index Cond: ((id >= 2202637) AND (id <= 2202737))

explain: for range-covered :: explain SELECT id FROM sbtest%d WHERE id BETWEEN 2651282 AND 2651382
explain: for range-covered :: explain SELECT id FROM sbtest%d WHERE id BETWEEN 2202637 AND 2202737
explain: for range-covered :: explain SELECT id FROM sbtest%d WHERE id BETWEEN 3954336 AND 3954436
explain: for range-covered :: explain SELECT id FROM sbtest%d WHERE id BETWEEN 3232997 AND 3233097
for range-covered
table 1 : explain SELECT id FROM sbtest1 WHERE id BETWEEN 998656 AND 998756
	Index Only Scan using sbtest1_pkey on sbtest1  (cost=0.43..10.47 rows=102 width=4)
	  Index Cond: ((id >= 998656) AND (id <= 998756))

table 2 : explain SELECT id FROM sbtest2 WHERE id BETWEEN 998656 AND 998756
	Index Only Scan using sbtest2_pkey on sbtest2  (cost=0.43..6.33 rows=95 width=4)
	  Index Cond: ((id >= 998656) AND (id <= 998756))

table 3 : explain SELECT id FROM sbtest3 WHERE id BETWEEN 998656 AND 998756
	Index Only Scan using sbtest3_pkey on sbtest3  (cost=0.43..6.45 rows=101 width=4)
	  Index Cond: ((id >= 998656) AND (id <= 998756))

table 4 : explain SELECT id FROM sbtest4 WHERE id BETWEEN 998656 AND 998756
	Index Only Scan using sbtest4_pkey on sbtest4  (cost=0.43..6.37 rows=97 width=4)
	  Index Cond: ((id >= 998656) AND (id <= 998756))

table 5 : explain SELECT id FROM sbtest5 WHERE id BETWEEN 998656 AND 998756
	Index Only Scan using sbtest5_pkey on sbtest5  (cost=0.43..6.40 rows=98 width=4)
	  Index Cond: ((id >= 998656) AND (id <= 998756))

table 6 : explain SELECT id FROM sbtest6 WHERE id BETWEEN 998656 AND 998756
	Index Only Scan using sbtest6_pkey on sbtest6  (cost=0.43..6.33 rows=95 width=4)
	  Index Cond: ((id >= 998656) AND (id <= 998756))

table 7 : explain SELECT id FROM sbtest7 WHERE id BETWEEN 998656 AND 998756
	Index Only Scan using sbtest7_pkey on sbtest7  (cost=0.43..6.08 rows=82 width=4)
	  Index Cond: ((id >= 998656) AND (id <= 998756))

table 8 : explain SELECT id FROM sbtest8 WHERE id BETWEEN 998656 AND 998756
	Index Only Scan using sbtest8_pkey on sbtest8  (cost=0.43..6.32 rows=94 width=4)
	  Index Cond: ((id >= 998656) AND (id <= 998756))

explain: for range-covered :: explain SELECT id FROM sbtest%d WHERE id BETWEEN 998656 AND 998756
for range-covered
table 1 : explain SELECT id FROM sbtest1 WHERE id BETWEEN 6503006 AND 6503106
	Index Only Scan using sbtest1_pkey on sbtest1  (cost=0.43..10.65 rows=111 width=4)
	  Index Cond: ((id >= 6503006) AND (id <= 6503106))

table 2 : explain SELECT id FROM sbtest2 WHERE id BETWEEN 6503006 AND 6503106
	Index Only Scan using sbtest2_pkey on sbtest2  (cost=0.43..6.25 rows=91 width=4)
	  Index Cond: ((id >= 6503006) AND (id <= 6503106))

table 3 : explain SELECT id FROM sbtest3 WHERE id BETWEEN 6503006 AND 6503106
	Index Only Scan using sbtest3_pkey on sbtest3  (cost=0.43..6.47 rows=102 width=4)
	  Index Cond: ((id >= 6503006) AND (id <= 6503106))

table 4 : explain SELECT id FROM sbtest4 WHERE id BETWEEN 6503006 AND 6503106
	Index Only Scan using sbtest4_pkey on sbtest4  (cost=0.43..6.27 rows=92 width=4)
	  Index Cond: ((id >= 6503006) AND (id <= 6503106))

table 5 : explain SELECT id FROM sbtest5 WHERE id BETWEEN 6503006 AND 6503106
	Index Only Scan using sbtest5_pkey on sbtest5  (cost=0.43..6.47 rows=102 width=4)
	  Index Cond: ((id >= 6503006) AND (id <= 6503106))

table 6 : explain SELECT id FROM sbtest6 WHERE id BETWEEN 6503006 AND 6503106
	Index Only Scan using sbtest6_pkey on sbtest6  (cost=0.43..6.42 rows=99 width=4)
	  Index Cond: ((id >= 6503006) AND (id <= 6503106))

table 7 : explain SELECT id FROM sbtest7 WHERE id BETWEEN 6503006 AND 6503106
	Index Only Scan using sbtest7_pkey on sbtest7  (cost=0.43..6.35 rows=96 width=4)
	  Index Cond: ((id >= 6503006) AND (id <= 6503106))

table 8 : explain SELECT id FROM sbtest8 WHERE id BETWEEN 6503006 AND 6503106
	Index Only Scan using sbtest8_pkey on sbtest8  (cost=0.43..6.40 rows=98 width=4)
	  Index Cond: ((id >= 6503006) AND (id <= 6503106))

explain: for range-covered :: explain SELECT id FROM sbtest%d WHERE id BETWEEN 6503006 AND 6503106
explain: for range-covered :: explain SELECT id FROM sbtest%d WHERE id BETWEEN 696777 AND 696877
for range-covered
table 1 : explain SELECT id FROM sbtest1 WHERE id BETWEEN 3954336 AND 3954436
	Index Only Scan using sbtest1_pkey on sbtest1  (cost=0.43..10.50 rows=103 width=4)
	  Index Cond: ((id >= 3954336) AND (id <= 3954436))

table 2 : explain SELECT id FROM sbtest2 WHERE id BETWEEN 3954336 AND 3954436
	Index Only Scan using sbtest2_pkey on sbtest2  (cost=0.43..6.66 rows=111 width=4)
	  Index Cond: ((id >= 3954336) AND (id <= 3954436))

table 3 : explain SELECT id FROM sbtest3 WHERE id BETWEEN 3954336 AND 3954436
	Index Only Scan using sbtest3_pkey on sbtest3  (cost=0.43..6.51 rows=104 width=4)
	  Index Cond: ((id >= 3954336) AND (id <= 3954436))

table 4 : explain SELECT id FROM sbtest4 WHERE id BETWEEN 3954336 AND 3954436
	Index Only Scan using sbtest4_pkey on sbtest4  (cost=0.43..6.75 rows=116 width=4)
	  Index Cond: ((id >= 3954336) AND (id <= 3954436))

table 5 : explain SELECT id FROM sbtest5 WHERE id BETWEEN 3954336 AND 3954436
	Index Only Scan using sbtest5_pkey on sbtest5  (cost=0.43..6.35 rows=96 width=4)
	  Index Cond: ((id >= 3954336) AND (id <= 3954436))

table 6 : explain SELECT id FROM sbtest6 WHERE id BETWEEN 3954336 AND 3954436
	Index Only Scan using sbtest6_pkey on sbtest6  (cost=0.43..6.51 rows=104 width=4)
	  Index Cond: ((id >= 3954336) AND (id <= 3954436))

table 7 : explain SELECT id FROM sbtest7 WHERE id BETWEEN 3954336 AND 3954436
	Index Only Scan using sbtest7_pkey on sbtest7  (cost=0.43..6.50 rows=103 width=4)
	  Index Cond: ((id >= 3954336) AND (id <= 3954436))

table 8 : explain SELECT id FROM sbtest8 WHERE id BETWEEN 3954336 AND 3954436
	Index Only Scan using sbtest8_pkey on sbtest8  (cost=0.43..6.32 rows=94 width=4)
	  Index Cond: ((id >= 3954336) AND (id <= 3954436))

explain: for range-covered :: explain SELECT id FROM sbtest%d WHERE id BETWEEN 4284961 AND 4285061
explain: for range-covered :: explain SELECT id FROM sbtest%d WHERE id BETWEEN 3954336 AND 3954436
for range-covered
table 1 : explain SELECT id FROM sbtest1 WHERE id BETWEEN 2651282 AND 2651382
	Index Only Scan using sbtest1_pkey on sbtest1  (cost=0.43..10.56 rows=106 width=4)
	  Index Cond: ((id >= 2651282) AND (id <= 2651382))

table 2 : explain SELECT id FROM sbtest2 WHERE id BETWEEN 2651282 AND 2651382
	Index Only Scan using sbtest2_pkey on sbtest2  (cost=0.43..6.56 rows=106 width=4)
	  Index Cond: ((id >= 2651282) AND (id <= 2651382))

table 3 : explain SELECT id FROM sbtest3 WHERE id BETWEEN 2651282 AND 2651382
	Index Only Scan using sbtest3_pkey on sbtest3  (cost=0.43..6.47 rows=102 width=4)
	  Index Cond: ((id >= 2651282) AND (id <= 2651382))

table 4 : explain SELECT id FROM sbtest4 WHERE id BETWEEN 2651282 AND 2651382
	Index Only Scan using sbtest4_pkey on sbtest4  (cost=0.43..6.47 rows=102 width=4)
	  Index Cond: ((id >= 2651282) AND (id <= 2651382))

table 5 : explain SELECT id FROM sbtest5 WHERE id BETWEEN 2651282 AND 2651382
	Index Only Scan using sbtest5_pkey on sbtest5  (cost=0.43..6.58 rows=107 width=4)
	  Index Cond: ((id >= 2651282) AND (id <= 2651382))

table 6 : explain SELECT id FROM sbtest6 WHERE id BETWEEN 2651282 AND 2651382
	Index Only Scan using sbtest6_pkey on sbtest6  (cost=0.43..6.45 rows=101 width=4)
	  Index Cond: ((id >= 2651282) AND (id <= 2651382))

table 7 : explain SELECT id FROM sbtest7 WHERE id BETWEEN 2651282 AND 2651382
	Index Only Scan using sbtest7_pkey on sbtest7  (cost=0.43..6.50 rows=103 width=4)
	  Index Cond: ((id >= 2651282) AND (id <= 2651382))

table 8 : explain SELECT id FROM sbtest8 WHERE id BETWEEN 2651282 AND 2651382
	Index Only Scan using sbtest8_pkey on sbtest8  (cost=0.43..6.25 rows=91 width=4)
	  Index Cond: ((id >= 2651282) AND (id <= 2651382))

explain: for range-covered :: explain SELECT id FROM sbtest%d WHERE id BETWEEN 2651282 AND 2651382
for range-covered
table 1 : explain SELECT id FROM sbtest1 WHERE id BETWEEN 2202637 AND 2202737
	Index Only Scan using sbtest1_pkey on sbtest1  (cost=0.43..10.26 rows=91 width=4)
	  Index Cond: ((id >= 2202637) AND (id <= 2202737))

table 2 : explain SELECT id FROM sbtest2 WHERE id BETWEEN 2202637 AND 2202737
	Index Only Scan using sbtest2_pkey on sbtest2  (cost=0.43..6.25 rows=91 width=4)
	  Index Cond: ((id >= 2202637) AND (id <= 2202737))

table 3 : explain SELECT id FROM sbtest3 WHERE id BETWEEN 2202637 AND 2202737
	Index Only Scan using sbtest3_pkey on sbtest3  (cost=0.43..6.42 rows=99 width=4)
	  Index Cond: ((id >= 2202637) AND (id <= 2202737))

table 4 : explain SELECT id FROM sbtest4 WHERE id BETWEEN 2202637 AND 2202737
	Index Only Scan using sbtest4_pkey on sbtest4  (cost=0.43..6.56 rows=106 width=4)
	  Index Cond: ((id >= 2202637) AND (id <= 2202737))

table 5 : explain SELECT id FROM sbtest5 WHERE id BETWEEN 2202637 AND 2202737
	Index Only Scan using sbtest5_pkey on sbtest5  (cost=0.43..6.45 rows=101 width=4)
	  Index Cond: ((id >= 2202637) AND (id <= 2202737))

table 6 : explain SELECT id FROM sbtest6 WHERE id BETWEEN 2202637 AND 2202737
	Index Only Scan using sbtest6_pkey on sbtest6  (cost=0.43..6.50 rows=103 width=4)
	  Index Cond: ((id >= 2202637) AND (id <= 2202737))

table 7 : explain SELECT id FROM sbtest7 WHERE id BETWEEN 2202637 AND 2202737
	Index Only Scan using sbtest7_pkey on sbtest7  (cost=0.43..6.56 rows=106 width=4)
	  Index Cond: ((id >= 2202637) AND (id <= 2202737))

table 8 : explain SELECT id FROM sbtest8 WHERE id BETWEEN 2202637 AND 2202737
	Index Only Scan using sbtest8_pkey on sbtest8  (cost=0.43..6.53 rows=105 width=4)
	  Index Cond: ((id >= 2202637) AND (id <= 2202737))

for range-covered
table 1 : explain SELECT id FROM sbtest1 WHERE id BETWEEN 6503006 AND 6503106
	Index Only Scan using sbtest1_pkey on sbtest1  (cost=0.43..10.65 rows=111 width=4)
	  Index Cond: ((id >= 6503006) AND (id <= 6503106))

table 2 : explain SELECT id FROM sbtest2 WHERE id BETWEEN 6503006 AND 6503106
	Index Only Scan using sbtest2_pkey on sbtest2  (cost=0.43..6.25 rows=91 width=4)
	  Index Cond: ((id >= 6503006) AND (id <= 6503106))

table 3 : explain SELECT id FROM sbtest3 WHERE id BETWEEN 6503006 AND 6503106
	Index Only Scan using sbtest3_pkey on sbtest3  (cost=0.43..6.47 rows=102 width=4)
	  Index Cond: ((id >= 6503006) AND (id <= 6503106))

table 4 : explain SELECT id FROM sbtest4 WHERE id BETWEEN 6503006 AND 6503106
	Index Only Scan using sbtest4_pkey on sbtest4  (cost=0.43..6.27 rows=92 width=4)
	  Index Cond: ((id >= 6503006) AND (id <= 6503106))

table 5 : explain SELECT id FROM sbtest5 WHERE id BETWEEN 6503006 AND 6503106
	Index Only Scan using sbtest5_pkey on sbtest5  (cost=0.43..6.47 rows=102 width=4)
	  Index Cond: ((id >= 6503006) AND (id <= 6503106))

table 6 : explain SELECT id FROM sbtest6 WHERE id BETWEEN 6503006 AND 6503106
	Index Only Scan using sbtest6_pkey on sbtest6  (cost=0.43..6.42 rows=99 width=4)
	  Index Cond: ((id >= 6503006) AND (id <= 6503106))

table 7 : explain SELECT id FROM sbtest7 WHERE id BETWEEN 6503006 AND 6503106
	Index Only Scan using sbtest7_pkey on sbtest7  (cost=0.43..6.35 rows=96 width=4)
	  Index Cond: ((id >= 6503006) AND (id <= 6503106))

table 8 : explain SELECT id FROM sbtest8 WHERE id BETWEEN 6503006 AND 6503106
	Index Only Scan using sbtest8_pkey on sbtest8  (cost=0.43..6.40 rows=98 width=4)
	  Index Cond: ((id >= 6503006) AND (id <= 6503106))

explain: for range-covered :: explain SELECT id FROM sbtest%d WHERE id BETWEEN 2202637 AND 2202737
for range-covered
table 1 : explain SELECT id FROM sbtest1 WHERE id BETWEEN 3232997 AND 3233097
	Index Only Scan using sbtest1_pkey on sbtest1  (cost=0.43..10.38 rows=97 width=4)
	  Index Cond: ((id >= 3232997) AND (id <= 3233097))

table 2 : explain SELECT id FROM sbtest2 WHERE id BETWEEN 3232997 AND 3233097
	Index Only Scan using sbtest2_pkey on sbtest2  (cost=0.43..6.45 rows=101 width=4)
	  Index Cond: ((id >= 3232997) AND (id <= 3233097))

table 3 : explain SELECT id FROM sbtest3 WHERE id BETWEEN 3232997 AND 3233097
	Index Only Scan using sbtest3_pkey on sbtest3  (cost=0.43..6.53 rows=105 width=4)
	  Index Cond: ((id >= 3232997) AND (id <= 3233097))

table 4 : explain SELECT id FROM sbtest4 WHERE id BETWEEN 3232997 AND 3233097
	Index Only Scan using sbtest4_pkey on sbtest4  (cost=0.43..6.50 rows=103 width=4)
	  Index Cond: ((id >= 3232997) AND (id <= 3233097))

table 5 : explain SELECT id FROM sbtest5 WHERE id BETWEEN 3232997 AND 3233097
	Index Only Scan using sbtest5_pkey on sbtest5  (cost=0.43..6.45 rows=101 width=4)
	  Index Cond: ((id >= 3232997) AND (id <= 3233097))

table 6 : explain SELECT id FROM sbtest6 WHERE id BETWEEN 3232997 AND 3233097
	Index Only Scan using sbtest6_pkey on sbtest6  (cost=0.43..6.53 rows=105 width=4)
	  Index Cond: ((id >= 3232997) AND (id <= 3233097))

table 7 : explain SELECT id FROM sbtest7 WHERE id BETWEEN 3232997 AND 3233097
	Index Only Scan using sbtest7_pkey on sbtest7  (cost=0.43..6.29 rows=93 width=4)
	  Index Cond: ((id >= 3232997) AND (id <= 3233097))

table 8 : explain SELECT id FROM sbtest8 WHERE id BETWEEN 3232997 AND 3233097
	Index Only Scan using sbtest8_pkey on sbtest8  (cost=0.43..6.63 rows=110 width=4)
	  Index Cond: ((id >= 3232997) AND (id <= 3233097))

explain: for range-covered :: explain SELECT id FROM sbtest%d WHERE id BETWEEN 6503006 AND 6503106
for range-covered
table 1 : explain SELECT id FROM sbtest1 WHERE id BETWEEN 3954336 AND 3954436
	Index Only Scan using sbtest1_pkey on sbtest1  (cost=0.43..10.50 rows=103 width=4)
	  Index Cond: ((id >= 3954336) AND (id <= 3954436))

table 2 : explain SELECT id FROM sbtest2 WHERE id BETWEEN 3954336 AND 3954436
	Index Only Scan using sbtest2_pkey on sbtest2  (cost=0.43..6.66 rows=111 width=4)
	  Index Cond: ((id >= 3954336) AND (id <= 3954436))

table 3 : explain SELECT id FROM sbtest3 WHERE id BETWEEN 3954336 AND 3954436
	Index Only Scan using sbtest3_pkey on sbtest3  (cost=0.43..6.51 rows=104 width=4)
	  Index Cond: ((id >= 3954336) AND (id <= 3954436))

table 4 : explain SELECT id FROM sbtest4 WHERE id BETWEEN 3954336 AND 3954436
	Index Only Scan using sbtest4_pkey on sbtest4  (cost=0.43..6.75 rows=116 width=4)
	  Index Cond: ((id >= 3954336) AND (id <= 3954436))

table 5 : explain SELECT id FROM sbtest5 WHERE id BETWEEN 3954336 AND 3954436
	Index Only Scan using sbtest5_pkey on sbtest5  (cost=0.43..6.35 rows=96 width=4)
	  Index Cond: ((id >= 3954336) AND (id <= 3954436))

table 6 : explain SELECT id FROM sbtest6 WHERE id BETWEEN 3954336 AND 3954436
	Index Only Scan using sbtest6_pkey on sbtest6  (cost=0.43..6.51 rows=104 width=4)
	  Index Cond: ((id >= 3954336) AND (id <= 3954436))

table 7 : explain SELECT id FROM sbtest7 WHERE id BETWEEN 3954336 AND 3954436
	Index Only Scan using sbtest7_pkey on sbtest7  (cost=0.43..6.50 rows=103 width=4)
	  Index Cond: ((id >= 3954336) AND (id <= 3954436))

table 8 : explain SELECT id FROM sbtest8 WHERE id BETWEEN 3954336 AND 3954436
	Index Only Scan using sbtest8_pkey on sbtest8  (cost=0.43..6.32 rows=94 width=4)
	  Index Cond: ((id >= 3954336) AND (id <= 3954436))

explain: for range-covered :: explain SELECT id FROM sbtest%d WHERE id BETWEEN 3232997 AND 3233097
explain: for range-covered :: explain SELECT id FROM sbtest%d WHERE id BETWEEN 3954336 AND 3954436
for range-covered
table 1 : explain SELECT id FROM sbtest1 WHERE id BETWEEN 2651282 AND 2651382
	Index Only Scan using sbtest1_pkey on sbtest1  (cost=0.43..10.56 rows=106 width=4)
	  Index Cond: ((id >= 2651282) AND (id <= 2651382))

table 2 : explain SELECT id FROM sbtest2 WHERE id BETWEEN 2651282 AND 2651382
	Index Only Scan using sbtest2_pkey on sbtest2  (cost=0.43..6.56 rows=106 width=4)
	  Index Cond: ((id >= 2651282) AND (id <= 2651382))

table 3 : explain SELECT id FROM sbtest3 WHERE id BETWEEN 2651282 AND 2651382
	Index Only Scan using sbtest3_pkey on sbtest3  (cost=0.43..6.47 rows=102 width=4)
	  Index Cond: ((id >= 2651282) AND (id <= 2651382))

table 4 : explain SELECT id FROM sbtest4 WHERE id BETWEEN 2651282 AND 2651382
	Index Only Scan using sbtest4_pkey on sbtest4  (cost=0.43..6.47 rows=102 width=4)
	  Index Cond: ((id >= 2651282) AND (id <= 2651382))

table 5 : explain SELECT id FROM sbtest5 WHERE id BETWEEN 2651282 AND 2651382
	Index Only Scan using sbtest5_pkey on sbtest5  (cost=0.43..6.58 rows=107 width=4)
	  Index Cond: ((id >= 2651282) AND (id <= 2651382))

table 6 : explain SELECT id FROM sbtest6 WHERE id BETWEEN 2651282 AND 2651382
	Index Only Scan using sbtest6_pkey on sbtest6  (cost=0.43..6.45 rows=101 width=4)
	  Index Cond: ((id >= 2651282) AND (id <= 2651382))

table 7 : explain SELECT id FROM sbtest7 WHERE id BETWEEN 2651282 AND 2651382
	Index Only Scan using sbtest7_pkey on sbtest7  (cost=0.43..6.50 rows=103 width=4)
	  Index Cond: ((id >= 2651282) AND (id <= 2651382))

table 8 : explain SELECT id FROM sbtest8 WHERE id BETWEEN 2651282 AND 2651382
	Index Only Scan using sbtest8_pkey on sbtest8  (cost=0.43..6.25 rows=91 width=4)
	  Index Cond: ((id >= 2651282) AND (id <= 2651382))

explain: for range-covered :: explain SELECT id FROM sbtest%d WHERE id BETWEEN 2651282 AND 2651382
for range-covered
table 1 : explain SELECT id FROM sbtest1 WHERE id BETWEEN 2202637 AND 2202737
	Index Only Scan using sbtest1_pkey on sbtest1  (cost=0.43..10.26 rows=91 width=4)
	  Index Cond: ((id >= 2202637) AND (id <= 2202737))

table 2 : explain SELECT id FROM sbtest2 WHERE id BETWEEN 2202637 AND 2202737
	Index Only Scan using sbtest2_pkey on sbtest2  (cost=0.43..6.25 rows=91 width=4)
	  Index Cond: ((id >= 2202637) AND (id <= 2202737))

table 3 : explain SELECT id FROM sbtest3 WHERE id BETWEEN 2202637 AND 2202737
	Index Only Scan using sbtest3_pkey on sbtest3  (cost=0.43..6.42 rows=99 width=4)
	  Index Cond: ((id >= 2202637) AND (id <= 2202737))

table 4 : explain SELECT id FROM sbtest4 WHERE id BETWEEN 2202637 AND 2202737
	Index Only Scan using sbtest4_pkey on sbtest4  (cost=0.43..6.56 rows=106 width=4)
	  Index Cond: ((id >= 2202637) AND (id <= 2202737))

table 5 : explain SELECT id FROM sbtest5 WHERE id BETWEEN 2202637 AND 2202737
	Index Only Scan using sbtest5_pkey on sbtest5  (cost=0.43..6.45 rows=101 width=4)
	  Index Cond: ((id >= 2202637) AND (id <= 2202737))

table 6 : explain SELECT id FROM sbtest6 WHERE id BETWEEN 2202637 AND 2202737
	Index Only Scan using sbtest6_pkey on sbtest6  (cost=0.43..6.50 rows=103 width=4)
	  Index Cond: ((id >= 2202637) AND (id <= 2202737))

table 7 : explain SELECT id FROM sbtest7 WHERE id BETWEEN 2202637 AND 2202737
	Index Only Scan using sbtest7_pkey on sbtest7  (cost=0.43..6.56 rows=106 width=4)
	  Index Cond: ((id >= 2202637) AND (id <= 2202737))

table 8 : explain SELECT id FROM sbtest8 WHERE id BETWEEN 2202637 AND 2202737
	Index Only Scan using sbtest8_pkey on sbtest8  (cost=0.43..6.53 rows=105 width=4)
	  Index Cond: ((id >= 2202637) AND (id <= 2202737))

explain: for range-covered :: explain SELECT id FROM sbtest%d WHERE id BETWEEN 2202637 AND 2202737
for range-covered
table 1 : explain SELECT id FROM sbtest1 WHERE id BETWEEN 3232997 AND 3233097
	Index Only Scan using sbtest1_pkey on sbtest1  (cost=0.43..10.38 rows=97 width=4)
	  Index Cond: ((id >= 3232997) AND (id <= 3233097))

table 2 : explain SELECT id FROM sbtest2 WHERE id BETWEEN 3232997 AND 3233097
	Index Only Scan using sbtest2_pkey on sbtest2  (cost=0.43..6.45 rows=101 width=4)
	  Index Cond: ((id >= 3232997) AND (id <= 3233097))

table 3 : explain SELECT id FROM sbtest3 WHERE id BETWEEN 3232997 AND 3233097
	Index Only Scan using sbtest3_pkey on sbtest3  (cost=0.43..6.53 rows=105 width=4)
	  Index Cond: ((id >= 3232997) AND (id <= 3233097))

table 4 : explain SELECT id FROM sbtest4 WHERE id BETWEEN 3232997 AND 3233097
	Index Only Scan using sbtest4_pkey on sbtest4  (cost=0.43..6.50 rows=103 width=4)
	  Index Cond: ((id >= 3232997) AND (id <= 3233097))

table 5 : explain SELECT id FROM sbtest5 WHERE id BETWEEN 3232997 AND 3233097
	Index Only Scan using sbtest5_pkey on sbtest5  (cost=0.43..6.45 rows=101 width=4)
	  Index Cond: ((id >= 3232997) AND (id <= 3233097))

table 6 : explain SELECT id FROM sbtest6 WHERE id BETWEEN 3232997 AND 3233097
	Index Only Scan using sbtest6_pkey on sbtest6  (cost=0.43..6.53 rows=105 width=4)
	  Index Cond: ((id >= 3232997) AND (id <= 3233097))

table 7 : explain SELECT id FROM sbtest7 WHERE id BETWEEN 3232997 AND 3233097
	Index Only Scan using sbtest7_pkey on sbtest7  (cost=0.43..6.29 rows=93 width=4)
	  Index Cond: ((id >= 3232997) AND (id <= 3233097))

table 8 : explain SELECT id FROM sbtest8 WHERE id BETWEEN 3232997 AND 3233097
	Index Only Scan using sbtest8_pkey on sbtest8  (cost=0.43..6.63 rows=110 width=4)
	  Index Cond: ((id >= 3232997) AND (id <= 3233097))

for range-covered
table 1 : explain SELECT id FROM sbtest1 WHERE id BETWEEN 3306413 AND 3306513
	Index Only Scan using sbtest1_pkey on sbtest1  (cost=0.43..10.38 rows=97 width=4)
	  Index Cond: ((id >= 3306413) AND (id <= 3306513))

table 2 : explain SELECT id FROM sbtest2 WHERE id BETWEEN 3306413 AND 3306513
	Index Only Scan using sbtest2_pkey on sbtest2  (cost=0.43..6.50 rows=103 width=4)
	  Index Cond: ((id >= 3306413) AND (id <= 3306513))

table 3 : explain SELECT id FROM sbtest3 WHERE id BETWEEN 3306413 AND 3306513
	Index Only Scan using sbtest3_pkey on sbtest3  (cost=0.43..6.42 rows=99 width=4)
	  Index Cond: ((id >= 3306413) AND (id <= 3306513))

table 4 : explain SELECT id FROM sbtest4 WHERE id BETWEEN 3306413 AND 3306513
	Index Only Scan using sbtest4_pkey on sbtest4  (cost=0.43..6.24 rows=90 width=4)
	  Index Cond: ((id >= 3306413) AND (id <= 3306513))

table 5 : explain SELECT id FROM sbtest5 WHERE id BETWEEN 3306413 AND 3306513
	Index Only Scan using sbtest5_pkey on sbtest5  (cost=0.43..6.72 rows=114 width=4)
	  Index Cond: ((id >= 3306413) AND (id <= 3306513))

table 6 : explain SELECT id FROM sbtest6 WHERE id BETWEEN 3306413 AND 3306513
	Index Only Scan using sbtest6_pkey on sbtest6  (cost=0.43..6.40 rows=98 width=4)
	  Index Cond: ((id >= 3306413) AND (id <= 3306513))

table 7 : explain SELECT id FROM sbtest7 WHERE id BETWEEN 3306413 AND 3306513
	Index Only Scan using sbtest7_pkey on sbtest7  (cost=0.43..6.45 rows=101 width=4)
	  Index Cond: ((id >= 3306413) AND (id <= 3306513))

table 8 : explain SELECT id FROM sbtest8 WHERE id BETWEEN 3306413 AND 3306513
	Index Only Scan using sbtest8_pkey on sbtest8  (cost=0.43..6.40 rows=98 width=4)
	  Index Cond: ((id >= 3306413) AND (id <= 3306513))

explain: for range-covered :: explain SELECT id FROM sbtest%d WHERE id BETWEEN 3232997 AND 3233097
explain: for range-covered :: explain SELECT id FROM sbtest%d WHERE id BETWEEN 5632271 AND 5632371
for range-covered
table 1 : explain SELECT id FROM sbtest1 WHERE id BETWEEN 2651282 AND 2651382
	Index Only Scan using sbtest1_pkey on sbtest1  (cost=0.43..10.56 rows=106 width=4)
	  Index Cond: ((id >= 2651282) AND (id <= 2651382))

table 2 : explain SELECT id FROM sbtest2 WHERE id BETWEEN 2651282 AND 2651382
	Index Only Scan using sbtest2_pkey on sbtest2  (cost=0.43..6.56 rows=106 width=4)
	  Index Cond: ((id >= 2651282) AND (id <= 2651382))

table 3 : explain SELECT id FROM sbtest3 WHERE id BETWEEN 2651282 AND 2651382
	Index Only Scan using sbtest3_pkey on sbtest3  (cost=0.43..6.47 rows=102 width=4)
	  Index Cond: ((id >= 2651282) AND (id <= 2651382))

table 4 : explain SELECT id FROM sbtest4 WHERE id BETWEEN 2651282 AND 2651382
	Index Only Scan using sbtest4_pkey on sbtest4  (cost=0.43..6.47 rows=102 width=4)
	  Index Cond: ((id >= 2651282) AND (id <= 2651382))

table 5 : explain SELECT id FROM sbtest5 WHERE id BETWEEN 2651282 AND 2651382
	Index Only Scan using sbtest5_pkey on sbtest5  (cost=0.43..6.58 rows=107 width=4)
	  Index Cond: ((id >= 2651282) AND (id <= 2651382))

table 6 : explain SELECT id FROM sbtest6 WHERE id BETWEEN 2651282 AND 2651382
	Index Only Scan using sbtest6_pkey on sbtest6  (cost=0.43..6.45 rows=101 width=4)
	  Index Cond: ((id >= 2651282) AND (id <= 2651382))

table 7 : explain SELECT id FROM sbtest7 WHERE id BETWEEN 2651282 AND 2651382
	Index Only Scan using sbtest7_pkey on sbtest7  (cost=0.43..6.50 rows=103 width=4)
	  Index Cond: ((id >= 2651282) AND (id <= 2651382))

table 8 : explain SELECT id FROM sbtest8 WHERE id BETWEEN 2651282 AND 2651382
	Index Only Scan using sbtest8_pkey on sbtest8  (cost=0.43..6.25 rows=91 width=4)
	  Index Cond: ((id >= 2651282) AND (id <= 2651382))

for range-covered
table 1 : explain SELECT id FROM sbtest1 WHERE id BETWEEN 6503006 AND 6503106
	Index Only Scan using sbtest1_pkey on sbtest1  (cost=0.43..10.65 rows=111 width=4)
	  Index Cond: ((id >= 6503006) AND (id <= 6503106))

table 2 : explain SELECT id FROM sbtest2 WHERE id BETWEEN 6503006 AND 6503106
	Index Only Scan using sbtest2_pkey on sbtest2  (cost=0.43..6.25 rows=91 width=4)
	  Index Cond: ((id >= 6503006) AND (id <= 6503106))

table 3 : explain SELECT id FROM sbtest3 WHERE id BETWEEN 6503006 AND 6503106
	Index Only Scan using sbtest3_pkey on sbtest3  (cost=0.43..6.47 rows=102 width=4)
	  Index Cond: ((id >= 6503006) AND (id <= 6503106))

table 4 : explain SELECT id FROM sbtest4 WHERE id BETWEEN 6503006 AND 6503106
	Index Only Scan using sbtest4_pkey on sbtest4  (cost=0.43..6.27 rows=92 width=4)
	  Index Cond: ((id >= 6503006) AND (id <= 6503106))

table 5 : explain SELECT id FROM sbtest5 WHERE id BETWEEN 6503006 AND 6503106
	Index Only Scan using sbtest5_pkey on sbtest5  (cost=0.43..6.47 rows=102 width=4)
	  Index Cond: ((id >= 6503006) AND (id <= 6503106))

table 6 : explain SELECT id FROM sbtest6 WHERE id BETWEEN 6503006 AND 6503106
	Index Only Scan using sbtest6_pkey on sbtest6  (cost=0.43..6.42 rows=99 width=4)
	  Index Cond: ((id >= 6503006) AND (id <= 6503106))

table 7 : explain SELECT id FROM sbtest7 WHERE id BETWEEN 6503006 AND 6503106
	Index Only Scan using sbtest7_pkey on sbtest7  (cost=0.43..6.35 rows=96 width=4)
	  Index Cond: ((id >= 6503006) AND (id <= 6503106))

table 8 : explain SELECT id FROM sbtest8 WHERE id BETWEEN 6503006 AND 6503106
	Index Only Scan using sbtest8_pkey on sbtest8  (cost=0.43..6.40 rows=98 width=4)
	  Index Cond: ((id >= 6503006) AND (id <= 6503106))

for range-covered
table 1 : explain SELECT id FROM sbtest1 WHERE id BETWEEN 4284961 AND 4285061
	Index Only Scan using sbtest1_pkey on sbtest1  (cost=0.43..10.40 rows=98 width=4)
	  Index Cond: ((id >= 4284961) AND (id <= 4285061))

table 2 : explain SELECT id FROM sbtest2 WHERE id BETWEEN 4284961 AND 4285061
	Index Only Scan using sbtest2_pkey on sbtest2  (cost=0.43..6.42 rows=99 width=4)
	  Index Cond: ((id >= 4284961) AND (id <= 4285061))

table 3 : explain SELECT id FROM sbtest3 WHERE id BETWEEN 4284961 AND 4285061
	Index Only Scan using sbtest3_pkey on sbtest3  (cost=0.43..6.40 rows=98 width=4)
	  Index Cond: ((id >= 4284961) AND (id <= 4285061))

table 4 : explain SELECT id FROM sbtest4 WHERE id BETWEEN 4284961 AND 4285061
	Index Only Scan using sbtest4_pkey on sbtest4  (cost=0.43..6.53 rows=105 width=4)
	  Index Cond: ((id >= 4284961) AND (id <= 4285061))

table 5 : explain SELECT id FROM sbtest5 WHERE id BETWEEN 4284961 AND 4285061
	Index Only Scan using sbtest5_pkey on sbtest5  (cost=0.43..6.37 rows=97 width=4)
	  Index Cond: ((id >= 4284961) AND (id <= 4285061))

table 6 : explain SELECT id FROM sbtest6 WHERE id BETWEEN 4284961 AND 4285061
	Index Only Scan using sbtest6_pkey on sbtest6  (cost=0.43..6.47 rows=102 width=4)
	  Index Cond: ((id >= 4284961) AND (id <= 4285061))

table 7 : explain SELECT id FROM sbtest7 WHERE id BETWEEN 4284961 AND 4285061
	Index Only Scan using sbtest7_pkey on sbtest7  (cost=0.43..6.24 rows=90 width=4)
	  Index Cond: ((id >= 4284961) AND (id <= 4285061))

table 8 : explain SELECT id FROM sbtest8 WHERE id BETWEEN 4284961 AND 4285061
	Index Only Scan using sbtest8_pkey on sbtest8  (cost=0.43..6.35 rows=96 width=4)
	  Index Cond: ((id >= 4284961) AND (id <= 4285061))

explain: for range-covered :: explain SELECT id FROM sbtest%d WHERE id BETWEEN 2651282 AND 2651382
explain: for range-covered :: explain SELECT id FROM sbtest%d WHERE id BETWEEN 4284961 AND 4285061
for range-covered
table 1 : explain SELECT id FROM sbtest1 WHERE id BETWEEN 3232997 AND 3233097
	Index Only Scan using sbtest1_pkey on sbtest1  (cost=0.43..10.38 rows=97 width=4)
	  Index Cond: ((id >= 3232997) AND (id <= 3233097))

table 2 : explain SELECT id FROM sbtest2 WHERE id BETWEEN 3232997 AND 3233097
	Index Only Scan using sbtest2_pkey on sbtest2  (cost=0.43..6.45 rows=101 width=4)
	  Index Cond: ((id >= 3232997) AND (id <= 3233097))

table 3 : explain SELECT id FROM sbtest3 WHERE id BETWEEN 3232997 AND 3233097
	Index Only Scan using sbtest3_pkey on sbtest3  (cost=0.43..6.53 rows=105 width=4)
	  Index Cond: ((id >= 3232997) AND (id <= 3233097))

table 4 : explain SELECT id FROM sbtest4 WHERE id BETWEEN 3232997 AND 3233097
	Index Only Scan using sbtest4_pkey on sbtest4  (cost=0.43..6.50 rows=103 width=4)
	  Index Cond: ((id >= 3232997) AND (id <= 3233097))

table 5 : explain SELECT id FROM sbtest5 WHERE id BETWEEN 3232997 AND 3233097
	Index Only Scan using sbtest5_pkey on sbtest5  (cost=0.43..6.45 rows=101 width=4)
	  Index Cond: ((id >= 3232997) AND (id <= 3233097))

table 6 : explain SELECT id FROM sbtest6 WHERE id BETWEEN 3232997 AND 3233097
	Index Only Scan using sbtest6_pkey on sbtest6  (cost=0.43..6.53 rows=105 width=4)
	  Index Cond: ((id >= 3232997) AND (id <= 3233097))

table 7 : explain SELECT id FROM sbtest7 WHERE id BETWEEN 3232997 AND 3233097
	Index Only Scan using sbtest7_pkey on sbtest7  (cost=0.43..6.29 rows=93 width=4)
	  Index Cond: ((id >= 3232997) AND (id <= 3233097))

table 8 : explain SELECT id FROM sbtest8 WHERE id BETWEEN 3232997 AND 3233097
	Index Only Scan using sbtest8_pkey on sbtest8  (cost=0.43..6.63 rows=110 width=4)
	  Index Cond: ((id >= 3232997) AND (id <= 3233097))

explain: for range-covered :: explain SELECT id FROM sbtest%d WHERE id BETWEEN 3232997 AND 3233097
for range-covered
table 1 : explain SELECT id FROM sbtest1 WHERE id BETWEEN 4284961 AND 4285061
	Index Only Scan using sbtest1_pkey on sbtest1  (cost=0.43..10.40 rows=98 width=4)
	  Index Cond: ((id >= 4284961) AND (id <= 4285061))

table 2 : explain SELECT id FROM sbtest2 WHERE id BETWEEN 4284961 AND 4285061
	Index Only Scan using sbtest2_pkey on sbtest2  (cost=0.43..6.42 rows=99 width=4)
	  Index Cond: ((id >= 4284961) AND (id <= 4285061))

table 3 : explain SELECT id FROM sbtest3 WHERE id BETWEEN 4284961 AND 4285061
	Index Only Scan using sbtest3_pkey on sbtest3  (cost=0.43..6.40 rows=98 width=4)
	  Index Cond: ((id >= 4284961) AND (id <= 4285061))

table 4 : explain SELECT id FROM sbtest4 WHERE id BETWEEN 4284961 AND 4285061
	Index Only Scan using sbtest4_pkey on sbtest4  (cost=0.43..6.53 rows=105 width=4)
	  Index Cond: ((id >= 4284961) AND (id <= 4285061))

table 5 : explain SELECT id FROM sbtest5 WHERE id BETWEEN 4284961 AND 4285061
	Index Only Scan using sbtest5_pkey on sbtest5  (cost=0.43..6.37 rows=97 width=4)
	  Index Cond: ((id >= 4284961) AND (id <= 4285061))

table 6 : explain SELECT id FROM sbtest6 WHERE id BETWEEN 4284961 AND 4285061
	Index Only Scan using sbtest6_pkey on sbtest6  (cost=0.43..6.47 rows=102 width=4)
	  Index Cond: ((id >= 4284961) AND (id <= 4285061))

table 7 : explain SELECT id FROM sbtest7 WHERE id BETWEEN 4284961 AND 4285061
	Index Only Scan using sbtest7_pkey on sbtest7  (cost=0.43..6.24 rows=90 width=4)
	  Index Cond: ((id >= 4284961) AND (id <= 4285061))

table 8 : explain SELECT id FROM sbtest8 WHERE id BETWEEN 4284961 AND 4285061
	Index Only Scan using sbtest8_pkey on sbtest8  (cost=0.43..6.35 rows=96 width=4)
	  Index Cond: ((id >= 4284961) AND (id <= 4285061))

explain: for range-covered :: explain SELECT id FROM sbtest%d WHERE id BETWEEN 4284961 AND 4285061
explain: for range-covered :: explain SELECT id FROM sbtest%d WHERE id BETWEEN 4427171 AND 4427271
for range-covered
table 1 : explain SELECT id FROM sbtest1 WHERE id BETWEEN 7005397 AND 7005497
	Index Only Scan using sbtest1_pkey on sbtest1  (cost=0.43..10.50 rows=103 width=4)
	  Index Cond: ((id >= 7005397) AND (id <= 7005497))

table 2 : explain SELECT id FROM sbtest2 WHERE id BETWEEN 7005397 AND 7005497
	Index Only Scan using sbtest2_pkey on sbtest2  (cost=0.43..6.45 rows=101 width=4)
	  Index Cond: ((id >= 7005397) AND (id <= 7005497))

table 3 : explain SELECT id FROM sbtest3 WHERE id BETWEEN 7005397 AND 7005497
	Index Only Scan using sbtest3_pkey on sbtest3  (cost=0.43..6.45 rows=101 width=4)
	  Index Cond: ((id >= 7005397) AND (id <= 7005497))

table 4 : explain SELECT id FROM sbtest4 WHERE id BETWEEN 7005397 AND 7005497
	Index Only Scan using sbtest4_pkey on sbtest4  (cost=0.43..6.35 rows=96 width=4)
	  Index Cond: ((id >= 7005397) AND (id <= 7005497))

table 5 : explain SELECT id FROM sbtest5 WHERE id BETWEEN 7005397 AND 7005497
	Index Only Scan using sbtest5_pkey on sbtest5  (cost=0.43..6.45 rows=101 width=4)
	  Index Cond: ((id >= 7005397) AND (id <= 7005497))

table 6 : explain SELECT id FROM sbtest6 WHERE id BETWEEN 7005397 AND 7005497
	Index Only Scan using sbtest6_pkey on sbtest6  (cost=0.43..6.42 rows=99 width=4)
	  Index Cond: ((id >= 7005397) AND (id <= 7005497))

table 7 : explain SELECT id FROM sbtest7 WHERE id BETWEEN 7005397 AND 7005497
	Index Only Scan using sbtest7_pkey on sbtest7  (cost=0.43..6.40 rows=98 width=4)
	  Index Cond: ((id >= 7005397) AND (id <= 7005497))

table 8 : explain SELECT id FROM sbtest8 WHERE id BETWEEN 7005397 AND 7005497
	Index Only Scan using sbtest8_pkey on sbtest8  (cost=0.43..6.47 rows=102 width=4)
	  Index Cond: ((id >= 7005397) AND (id <= 7005497))

explain: for range-covered :: explain SELECT id FROM sbtest%d WHERE id BETWEEN 7005397 AND 7005497
for range-covered
table 1 : explain SELECT id FROM sbtest1 WHERE id BETWEEN 2202637 AND 2202737
	Index Only Scan using sbtest1_pkey on sbtest1  (cost=0.43..10.26 rows=91 width=4)
	  Index Cond: ((id >= 2202637) AND (id <= 2202737))

table 2 : explain SELECT id FROM sbtest2 WHERE id BETWEEN 2202637 AND 2202737
	Index Only Scan using sbtest2_pkey on sbtest2  (cost=0.43..6.25 rows=91 width=4)
	  Index Cond: ((id >= 2202637) AND (id <= 2202737))

table 3 : explain SELECT id FROM sbtest3 WHERE id BETWEEN 2202637 AND 2202737
	Index Only Scan using sbtest3_pkey on sbtest3  (cost=0.43..6.42 rows=99 width=4)
	  Index Cond: ((id >= 2202637) AND (id <= 2202737))

table 4 : explain SELECT id FROM sbtest4 WHERE id BETWEEN 2202637 AND 2202737
	Index Only Scan using sbtest4_pkey on sbtest4  (cost=0.43..6.56 rows=106 width=4)
	  Index Cond: ((id >= 2202637) AND (id <= 2202737))

table 5 : explain SELECT id FROM sbtest5 WHERE id BETWEEN 2202637 AND 2202737
	Index Only Scan using sbtest5_pkey on sbtest5  (cost=0.43..6.45 rows=101 width=4)
	  Index Cond: ((id >= 2202637) AND (id <= 2202737))

table 6 : explain SELECT id FROM sbtest6 WHERE id BETWEEN 2202637 AND 2202737
	Index Only Scan using sbtest6_pkey on sbtest6  (cost=0.43..6.50 rows=103 width=4)
	  Index Cond: ((id >= 2202637) AND (id <= 2202737))

table 7 : explain SELECT id FROM sbtest7 WHERE id BETWEEN 2202637 AND 2202737
	Index Only Scan using sbtest7_pkey on sbtest7  (cost=0.43..6.56 rows=106 width=4)
	  Index Cond: ((id >= 2202637) AND (id <= 2202737))

table 8 : explain SELECT id FROM sbtest8 WHERE id BETWEEN 2202637 AND 2202737
	Index Only Scan using sbtest8_pkey on sbtest8  (cost=0.43..6.53 rows=105 width=4)
	  Index Cond: ((id >= 2202637) AND (id <= 2202737))

for range-covered
table 1 : explain SELECT id FROM sbtest1 WHERE id BETWEEN 2651282 AND 2651382
	Index Only Scan using sbtest1_pkey on sbtest1  (cost=0.43..10.56 rows=106 width=4)
	  Index Cond: ((id >= 2651282) AND (id <= 2651382))

table 2 : explain SELECT id FROM sbtest2 WHERE id BETWEEN 2651282 AND 2651382
	Index Only Scan using sbtest2_pkey on sbtest2  (cost=0.43..6.56 rows=106 width=4)
	  Index Cond: ((id >= 2651282) AND (id <= 2651382))

table 3 : explain SELECT id FROM sbtest3 WHERE id BETWEEN 2651282 AND 2651382
	Index Only Scan using sbtest3_pkey on sbtest3  (cost=0.43..6.47 rows=102 width=4)
	  Index Cond: ((id >= 2651282) AND (id <= 2651382))

table 4 : explain SELECT id FROM sbtest4 WHERE id BETWEEN 2651282 AND 2651382
	Index Only Scan using sbtest4_pkey on sbtest4  (cost=0.43..6.47 rows=102 width=4)
	  Index Cond: ((id >= 2651282) AND (id <= 2651382))

table 5 : explain SELECT id FROM sbtest5 WHERE id BETWEEN 2651282 AND 2651382
	Index Only Scan using sbtest5_pkey on sbtest5  (cost=0.43..6.58 rows=107 width=4)
	  Index Cond: ((id >= 2651282) AND (id <= 2651382))

table 6 : explain SELECT id FROM sbtest6 WHERE id BETWEEN 2651282 AND 2651382
	Index Only Scan using sbtest6_pkey on sbtest6  (cost=0.43..6.45 rows=101 width=4)
	  Index Cond: ((id >= 2651282) AND (id <= 2651382))

table 7 : explain SELECT id FROM sbtest7 WHERE id BETWEEN 2651282 AND 2651382
	Index Only Scan using sbtest7_pkey on sbtest7  (cost=0.43..6.50 rows=103 width=4)
	  Index Cond: ((id >= 2651282) AND (id <= 2651382))

table 8 : explain SELECT id FROM sbtest8 WHERE id BETWEEN 2651282 AND 2651382
	Index Only Scan using sbtest8_pkey on sbtest8  (cost=0.43..6.25 rows=91 width=4)
	  Index Cond: ((id >= 2651282) AND (id <= 2651382))

for range-covered
table 1 : explain SELECT id FROM sbtest1 WHERE id BETWEEN 3232997 AND 3233097
	Index Only Scan using sbtest1_pkey on sbtest1  (cost=0.43..10.38 rows=97 width=4)
	  Index Cond: ((id >= 3232997) AND (id <= 3233097))

table 2 : explain SELECT id FROM sbtest2 WHERE id BETWEEN 3232997 AND 3233097
	Index Only Scan using sbtest2_pkey on sbtest2  (cost=0.43..6.45 rows=101 width=4)
	  Index Cond: ((id >= 3232997) AND (id <= 3233097))

table 3 : explain SELECT id FROM sbtest3 WHERE id BETWEEN 3232997 AND 3233097
	Index Only Scan using sbtest3_pkey on sbtest3  (cost=0.43..6.53 rows=105 width=4)
	  Index Cond: ((id >= 3232997) AND (id <= 3233097))

table 4 : explain SELECT id FROM sbtest4 WHERE id BETWEEN 3232997 AND 3233097
	Index Only Scan using sbtest4_pkey on sbtest4  (cost=0.43..6.50 rows=103 width=4)
	  Index Cond: ((id >= 3232997) AND (id <= 3233097))

table 5 : explain SELECT id FROM sbtest5 WHERE id BETWEEN 3232997 AND 3233097
	Index Only Scan using sbtest5_pkey on sbtest5  (cost=0.43..6.45 rows=101 width=4)
	  Index Cond: ((id >= 3232997) AND (id <= 3233097))

table 6 : explain SELECT id FROM sbtest6 WHERE id BETWEEN 3232997 AND 3233097
	Index Only Scan using sbtest6_pkey on sbtest6  (cost=0.43..6.53 rows=105 width=4)
	  Index Cond: ((id >= 3232997) AND (id <= 3233097))

table 7 : explain SELECT id FROM sbtest7 WHERE id BETWEEN 3232997 AND 3233097
	Index Only Scan using sbtest7_pkey on sbtest7  (cost=0.43..6.29 rows=93 width=4)
	  Index Cond: ((id >= 3232997) AND (id <= 3233097))

table 8 : explain SELECT id FROM sbtest8 WHERE id BETWEEN 3232997 AND 3233097
	Index Only Scan using sbtest8_pkey on sbtest8  (cost=0.43..6.63 rows=110 width=4)
	  Index Cond: ((id >= 3232997) AND (id <= 3233097))

for range-covered
table 1 : explain SELECT id FROM sbtest1 WHERE id BETWEEN 3954336 AND 3954436
	Index Only Scan using sbtest1_pkey on sbtest1  (cost=0.43..10.50 rows=103 width=4)
	  Index Cond: ((id >= 3954336) AND (id <= 3954436))

table 2 : explain SELECT id FROM sbtest2 WHERE id BETWEEN 3954336 AND 3954436
	Index Only Scan using sbtest2_pkey on sbtest2  (cost=0.43..6.66 rows=111 width=4)
	  Index Cond: ((id >= 3954336) AND (id <= 3954436))

table 3 : explain SELECT id FROM sbtest3 WHERE id BETWEEN 3954336 AND 3954436
	Index Only Scan using sbtest3_pkey on sbtest3  (cost=0.43..6.51 rows=104 width=4)
	  Index Cond: ((id >= 3954336) AND (id <= 3954436))

table 4 : explain SELECT id FROM sbtest4 WHERE id BETWEEN 3954336 AND 3954436
	Index Only Scan using sbtest4_pkey on sbtest4  (cost=0.43..6.75 rows=116 width=4)
	  Index Cond: ((id >= 3954336) AND (id <= 3954436))

table 5 : explain SELECT id FROM sbtest5 WHERE id BETWEEN 3954336 AND 3954436
	Index Only Scan using sbtest5_pkey on sbtest5  (cost=0.43..6.35 rows=96 width=4)
	  Index Cond: ((id >= 3954336) AND (id <= 3954436))

table 6 : explain SELECT id FROM sbtest6 WHERE id BETWEEN 3954336 AND 3954436
	Index Only Scan using sbtest6_pkey on sbtest6  (cost=0.43..6.51 rows=104 width=4)
	  Index Cond: ((id >= 3954336) AND (id <= 3954436))

table 7 : explain SELECT id FROM sbtest7 WHERE id BETWEEN 3954336 AND 3954436
	Index Only Scan using sbtest7_pkey on sbtest7  (cost=0.43..6.50 rows=103 width=4)
	  Index Cond: ((id >= 3954336) AND (id <= 3954436))

table 8 : explain SELECT id FROM sbtest8 WHERE id BETWEEN 3954336 AND 3954436
	Index Only Scan using sbtest8_pkey on sbtest8  (cost=0.43..6.32 rows=94 width=4)
	  Index Cond: ((id >= 3954336) AND (id <= 3954436))

for range-covered
table 1 : explain SELECT id FROM sbtest1 WHERE id BETWEEN 7005397 AND 7005497
	Index Only Scan using sbtest1_pkey on sbtest1  (cost=0.43..10.50 rows=103 width=4)
	  Index Cond: ((id >= 7005397) AND (id <= 7005497))

table 2 : explain SELECT id FROM sbtest2 WHERE id BETWEEN 7005397 AND 7005497
	Index Only Scan using sbtest2_pkey on sbtest2  (cost=0.43..6.45 rows=101 width=4)
	  Index Cond: ((id >= 7005397) AND (id <= 7005497))

table 3 : explain SELECT id FROM sbtest3 WHERE id BETWEEN 7005397 AND 7005497
	Index Only Scan using sbtest3_pkey on sbtest3  (cost=0.43..6.45 rows=101 width=4)
	  Index Cond: ((id >= 7005397) AND (id <= 7005497))

table 4 : explain SELECT id FROM sbtest4 WHERE id BETWEEN 7005397 AND 7005497
	Index Only Scan using sbtest4_pkey on sbtest4  (cost=0.43..6.35 rows=96 width=4)
	  Index Cond: ((id >= 7005397) AND (id <= 7005497))

table 5 : explain SELECT id FROM sbtest5 WHERE id BETWEEN 7005397 AND 7005497
	Index Only Scan using sbtest5_pkey on sbtest5  (cost=0.43..6.45 rows=101 width=4)
	  Index Cond: ((id >= 7005397) AND (id <= 7005497))

table 6 : explain SELECT id FROM sbtest6 WHERE id BETWEEN 7005397 AND 7005497
	Index Only Scan using sbtest6_pkey on sbtest6  (cost=0.43..6.42 rows=99 width=4)
	  Index Cond: ((id >= 7005397) AND (id <= 7005497))

table 7 : explain SELECT id FROM sbtest7 WHERE id BETWEEN 7005397 AND 7005497
	Index Only Scan using sbtest7_pkey on sbtest7  (cost=0.43..6.40 rows=98 width=4)
	  Index Cond: ((id >= 7005397) AND (id <= 7005497))

table 8 : explain SELECT id FROM sbtest8 WHERE id BETWEEN 7005397 AND 7005497
	Index Only Scan using sbtest8_pkey on sbtest8  (cost=0.43..6.47 rows=102 width=4)
	  Index Cond: ((id >= 7005397) AND (id <= 7005497))

for range-covered
table 1 : explain SELECT id FROM sbtest1 WHERE id BETWEEN 5632271 AND 5632371
	Index Only Scan using sbtest1_pkey on sbtest1  (cost=0.43..10.47 rows=102 width=4)
	  Index Cond: ((id >= 5632271) AND (id <= 5632371))

table 2 : explain SELECT id FROM sbtest2 WHERE id BETWEEN 5632271 AND 5632371
	Index Only Scan using sbtest2_pkey on sbtest2  (cost=0.43..6.33 rows=95 width=4)
	  Index Cond: ((id >= 5632271) AND (id <= 5632371))

table 3 : explain SELECT id FROM sbtest3 WHERE id BETWEEN 5632271 AND 5632371
	Index Only Scan using sbtest3_pkey on sbtest3  (cost=0.43..6.47 rows=102 width=4)
	  Index Cond: ((id >= 5632271) AND (id <= 5632371))

table 4 : explain SELECT id FROM sbtest4 WHERE id BETWEEN 5632271 AND 5632371
	Index Only Scan using sbtest4_pkey on sbtest4  (cost=0.43..6.43 rows=100 width=4)
	  Index Cond: ((id >= 5632271) AND (id <= 5632371))

table 5 : explain SELECT id FROM sbtest5 WHERE id BETWEEN 5632271 AND 5632371
	Index Only Scan using sbtest5_pkey on sbtest5  (cost=0.43..6.32 rows=94 width=4)
	  Index Cond: ((id >= 5632271) AND (id <= 5632371))

table 6 : explain SELECT id FROM sbtest6 WHERE id BETWEEN 5632271 AND 5632371
	Index Only Scan using sbtest6_pkey on sbtest6  (cost=0.43..6.42 rows=99 width=4)
	  Index Cond: ((id >= 5632271) AND (id <= 5632371))

table 7 : explain SELECT id FROM sbtest7 WHERE id BETWEEN 5632271 AND 5632371
	Index Only Scan using sbtest7_pkey on sbtest7  (cost=0.43..6.58 rows=107 width=4)
	  Index Cond: ((id >= 5632271) AND (id <= 5632371))

table 8 : explain SELECT id FROM sbtest8 WHERE id BETWEEN 5632271 AND 5632371
	Index Only Scan using sbtest8_pkey on sbtest8  (cost=0.43..6.42 rows=99 width=4)
	  Index Cond: ((id >= 5632271) AND (id <= 5632371))

for range-covered
table 1 : explain SELECT id FROM sbtest1 WHERE id BETWEEN 4284961 AND 4285061
	Index Only Scan using sbtest1_pkey on sbtest1  (cost=0.43..10.40 rows=98 width=4)
	  Index Cond: ((id >= 4284961) AND (id <= 4285061))

table 2 : explain SELECT id FROM sbtest2 WHERE id BETWEEN 4284961 AND 4285061
	Index Only Scan using sbtest2_pkey on sbtest2  (cost=0.43..6.42 rows=99 width=4)
	  Index Cond: ((id >= 4284961) AND (id <= 4285061))

table 3 : explain SELECT id FROM sbtest3 WHERE id BETWEEN 4284961 AND 4285061
	Index Only Scan using sbtest3_pkey on sbtest3  (cost=0.43..6.40 rows=98 width=4)
	  Index Cond: ((id >= 4284961) AND (id <= 4285061))

table 4 : explain SELECT id FROM sbtest4 WHERE id BETWEEN 4284961 AND 4285061
	Index Only Scan using sbtest4_pkey on sbtest4  (cost=0.43..6.53 rows=105 width=4)
	  Index Cond: ((id >= 4284961) AND (id <= 4285061))

table 5 : explain SELECT id FROM sbtest5 WHERE id BETWEEN 4284961 AND 4285061
	Index Only Scan using sbtest5_pkey on sbtest5  (cost=0.43..6.37 rows=97 width=4)
	  Index Cond: ((id >= 4284961) AND (id <= 4285061))

table 6 : explain SELECT id FROM sbtest6 WHERE id BETWEEN 4284961 AND 4285061
	Index Only Scan using sbtest6_pkey on sbtest6  (cost=0.43..6.47 rows=102 width=4)
	  Index Cond: ((id >= 4284961) AND (id <= 4285061))

table 7 : explain SELECT id FROM sbtest7 WHERE id BETWEEN 4284961 AND 4285061
	Index Only Scan using sbtest7_pkey on sbtest7  (cost=0.43..6.24 rows=90 width=4)
	  Index Cond: ((id >= 4284961) AND (id <= 4285061))

table 8 : explain SELECT id FROM sbtest8 WHERE id BETWEEN 4284961 AND 4285061
	Index Only Scan using sbtest8_pkey on sbtest8  (cost=0.43..6.35 rows=96 width=4)
	  Index Cond: ((id >= 4284961) AND (id <= 4285061))

explain: for range-covered :: explain SELECT id FROM sbtest%d WHERE id BETWEEN 7005397 AND 7005497
explain: for range-covered :: explain SELECT id FROM sbtest%d WHERE id BETWEEN 5632271 AND 5632371
explain: for range-covered :: explain SELECT id FROM sbtest%d WHERE id BETWEEN 3954336 AND 3954436
explain: for range-covered :: explain SELECT id FROM sbtest%d WHERE id BETWEEN 3232997 AND 3233097
explain: for range-covered :: explain SELECT id FROM sbtest%d WHERE id BETWEEN 4284961 AND 4285061
explain: for range-covered :: explain SELECT id FROM sbtest%d WHERE id BETWEEN 3566702 AND 3566802
for range-covered
table 1 : explain SELECT id FROM sbtest1 WHERE id BETWEEN 998656 AND 998756
	Index Only Scan using sbtest1_pkey on sbtest1  (cost=0.43..10.47 rows=102 width=4)
	  Index Cond: ((id >= 998656) AND (id <= 998756))

table 2 : explain SELECT id FROM sbtest2 WHERE id BETWEEN 998656 AND 998756
	Index Only Scan using sbtest2_pkey on sbtest2  (cost=0.43..6.33 rows=95 width=4)
	  Index Cond: ((id >= 998656) AND (id <= 998756))

table 3 : explain SELECT id FROM sbtest3 WHERE id BETWEEN 998656 AND 998756
	Index Only Scan using sbtest3_pkey on sbtest3  (cost=0.43..6.45 rows=101 width=4)
	  Index Cond: ((id >= 998656) AND (id <= 998756))

table 4 : explain SELECT id FROM sbtest4 WHERE id BETWEEN 998656 AND 998756
	Index Only Scan using sbtest4_pkey on sbtest4  (cost=0.43..6.37 rows=97 width=4)
	  Index Cond: ((id >= 998656) AND (id <= 998756))

table 5 : explain SELECT id FROM sbtest5 WHERE id BETWEEN 998656 AND 998756
	Index Only Scan using sbtest5_pkey on sbtest5  (cost=0.43..6.40 rows=98 width=4)
	  Index Cond: ((id >= 998656) AND (id <= 998756))

table 6 : explain SELECT id FROM sbtest6 WHERE id BETWEEN 998656 AND 998756
	Index Only Scan using sbtest6_pkey on sbtest6  (cost=0.43..6.33 rows=95 width=4)
	  Index Cond: ((id >= 998656) AND (id <= 998756))

table 7 : explain SELECT id FROM sbtest7 WHERE id BETWEEN 998656 AND 998756
	Index Only Scan using sbtest7_pkey on sbtest7  (cost=0.43..6.08 rows=82 width=4)
	  Index Cond: ((id >= 998656) AND (id <= 998756))

table 8 : explain SELECT id FROM sbtest8 WHERE id BETWEEN 998656 AND 998756
	Index Only Scan using sbtest8_pkey on sbtest8  (cost=0.43..6.32 rows=94 width=4)
	  Index Cond: ((id >= 998656) AND (id <= 998756))

for range-covered
table 1 : explain SELECT id FROM sbtest1 WHERE id BETWEEN 5632271 AND 5632371
	Index Only Scan using sbtest1_pkey on sbtest1  (cost=0.43..10.47 rows=102 width=4)
	  Index Cond: ((id >= 5632271) AND (id <= 5632371))

table 2 : explain SELECT id FROM sbtest2 WHERE id BETWEEN 5632271 AND 5632371
	Index Only Scan using sbtest2_pkey on sbtest2  (cost=0.43..6.33 rows=95 width=4)
	  Index Cond: ((id >= 5632271) AND (id <= 5632371))

table 3 : explain SELECT id FROM sbtest3 WHERE id BETWEEN 5632271 AND 5632371
	Index Only Scan using sbtest3_pkey on sbtest3  (cost=0.43..6.47 rows=102 width=4)
	  Index Cond: ((id >= 5632271) AND (id <= 5632371))

table 4 : explain SELECT id FROM sbtest4 WHERE id BETWEEN 5632271 AND 5632371
	Index Only Scan using sbtest4_pkey on sbtest4  (cost=0.43..6.43 rows=100 width=4)
	  Index Cond: ((id >= 5632271) AND (id <= 5632371))

table 5 : explain SELECT id FROM sbtest5 WHERE id BETWEEN 5632271 AND 5632371
	Index Only Scan using sbtest5_pkey on sbtest5  (cost=0.43..6.32 rows=94 width=4)
	  Index Cond: ((id >= 5632271) AND (id <= 5632371))

table 6 : explain SELECT id FROM sbtest6 WHERE id BETWEEN 5632271 AND 5632371
	Index Only Scan using sbtest6_pkey on sbtest6  (cost=0.43..6.42 rows=99 width=4)
	  Index Cond: ((id >= 5632271) AND (id <= 5632371))

table 7 : explain SELECT id FROM sbtest7 WHERE id BETWEEN 5632271 AND 5632371
	Index Only Scan using sbtest7_pkey on sbtest7  (cost=0.43..6.58 rows=107 width=4)
	  Index Cond: ((id >= 5632271) AND (id <= 5632371))

table 8 : explain SELECT id FROM sbtest8 WHERE id BETWEEN 5632271 AND 5632371
	Index Only Scan using sbtest8_pkey on sbtest8  (cost=0.43..6.42 rows=99 width=4)
	  Index Cond: ((id >= 5632271) AND (id <= 5632371))

for range-covered
table 1 : explain SELECT id FROM sbtest1 WHERE id BETWEEN 3232997 AND 3233097
	Index Only Scan using sbtest1_pkey on sbtest1  (cost=0.43..10.38 rows=97 width=4)
	  Index Cond: ((id >= 3232997) AND (id <= 3233097))

table 2 : explain SELECT id FROM sbtest2 WHERE id BETWEEN 3232997 AND 3233097
	Index Only Scan using sbtest2_pkey on sbtest2  (cost=0.43..6.45 rows=101 width=4)
	  Index Cond: ((id >= 3232997) AND (id <= 3233097))

table 3 : explain SELECT id FROM sbtest3 WHERE id BETWEEN 3232997 AND 3233097
	Index Only Scan using sbtest3_pkey on sbtest3  (cost=0.43..6.53 rows=105 width=4)
	  Index Cond: ((id >= 3232997) AND (id <= 3233097))

table 4 : explain SELECT id FROM sbtest4 WHERE id BETWEEN 3232997 AND 3233097
	Index Only Scan using sbtest4_pkey on sbtest4  (cost=0.43..6.50 rows=103 width=4)
	  Index Cond: ((id >= 3232997) AND (id <= 3233097))

table 5 : explain SELECT id FROM sbtest5 WHERE id BETWEEN 3232997 AND 3233097
	Index Only Scan using sbtest5_pkey on sbtest5  (cost=0.43..6.45 rows=101 width=4)
	  Index Cond: ((id >= 3232997) AND (id <= 3233097))

table 6 : explain SELECT id FROM sbtest6 WHERE id BETWEEN 3232997 AND 3233097
	Index Only Scan using sbtest6_pkey on sbtest6  (cost=0.43..6.53 rows=105 width=4)
	  Index Cond: ((id >= 3232997) AND (id <= 3233097))

table 7 : explain SELECT id FROM sbtest7 WHERE id BETWEEN 3232997 AND 3233097
	Index Only Scan using sbtest7_pkey on sbtest7  (cost=0.43..6.29 rows=93 width=4)
	  Index Cond: ((id >= 3232997) AND (id <= 3233097))

table 8 : explain SELECT id FROM sbtest8 WHERE id BETWEEN 3232997 AND 3233097
	Index Only Scan using sbtest8_pkey on sbtest8  (cost=0.43..6.63 rows=110 width=4)
	  Index Cond: ((id >= 3232997) AND (id <= 3233097))

explain: for range-covered :: explain SELECT id FROM sbtest%d WHERE id BETWEEN 5632271 AND 5632371
explain: for range-covered :: explain SELECT id FROM sbtest%d WHERE id BETWEEN 3232997 AND 3233097
for range-covered
table 1 : explain SELECT id FROM sbtest1 WHERE id BETWEEN 6041672 AND 6041772
	Index Only Scan using sbtest1_pkey on sbtest1  (cost=0.43..10.58 rows=107 width=4)
	  Index Cond: ((id >= 6041672) AND (id <= 6041772))

table 2 : explain SELECT id FROM sbtest2 WHERE id BETWEEN 6041672 AND 6041772
	Index Only Scan using sbtest2_pkey on sbtest2  (cost=0.43..6.40 rows=98 width=4)
	  Index Cond: ((id >= 6041672) AND (id <= 6041772))

table 3 : explain SELECT id FROM sbtest3 WHERE id BETWEEN 6041672 AND 6041772
	Index Only Scan using sbtest3_pkey on sbtest3  (cost=0.43..6.47 rows=102 width=4)
	  Index Cond: ((id >= 6041672) AND (id <= 6041772))

table 4 : explain SELECT id FROM sbtest4 WHERE id BETWEEN 6041672 AND 6041772
	Index Only Scan using sbtest4_pkey on sbtest4  (cost=0.43..6.51 rows=104 width=4)
	  Index Cond: ((id >= 6041672) AND (id <= 6041772))

table 5 : explain SELECT id FROM sbtest5 WHERE id BETWEEN 6041672 AND 6041772
	Index Only Scan using sbtest5_pkey on sbtest5  (cost=0.43..6.37 rows=97 width=4)
	  Index Cond: ((id >= 6041672) AND (id <= 6041772))

table 6 : explain SELECT id FROM sbtest6 WHERE id BETWEEN 6041672 AND 6041772
	Index Only Scan using sbtest6_pkey on sbtest6  (cost=0.43..6.59 rows=108 width=4)
	  Index Cond: ((id >= 6041672) AND (id <= 6041772))

table 7 : explain SELECT id FROM sbtest7 WHERE id BETWEEN 6041672 AND 6041772
	Index Only Scan using sbtest7_pkey on sbtest7  (cost=0.43..6.47 rows=102 width=4)
	  Index Cond: ((id >= 6041672) AND (id <= 6041772))

table 8 : explain SELECT id FROM sbtest8 WHERE id BETWEEN 6041672 AND 6041772
	Index Only Scan using sbtest8_pkey on sbtest8  (cost=0.43..6.58 rows=107 width=4)
	  Index Cond: ((id >= 6041672) AND (id <= 6041772))

explain: for range-covered :: explain SELECT id FROM sbtest%d WHERE id BETWEEN 6041672 AND 6041772
for range-covered
table 1 : explain SELECT id FROM sbtest1 WHERE id BETWEEN 4427171 AND 4427271
	Index Only Scan using sbtest1_pkey on sbtest1  (cost=0.43..10.36 rows=96 width=4)
	  Index Cond: ((id >= 4427171) AND (id <= 4427271))

table 2 : explain SELECT id FROM sbtest2 WHERE id BETWEEN 4427171 AND 4427271
	Index Only Scan using sbtest2_pkey on sbtest2  (cost=0.43..6.43 rows=100 width=4)
	  Index Cond: ((id >= 4427171) AND (id <= 4427271))

table 3 : explain SELECT id FROM sbtest3 WHERE id BETWEEN 4427171 AND 4427271
	Index Only Scan using sbtest3_pkey on sbtest3  (cost=0.43..6.42 rows=99 width=4)
	  Index Cond: ((id >= 4427171) AND (id <= 4427271))

table 4 : explain SELECT id FROM sbtest4 WHERE id BETWEEN 4427171 AND 4427271
	Index Only Scan using sbtest4_pkey on sbtest4  (cost=0.43..6.61 rows=109 width=4)
	  Index Cond: ((id >= 4427171) AND (id <= 4427271))

table 5 : explain SELECT id FROM sbtest5 WHERE id BETWEEN 4427171 AND 4427271
	Index Only Scan using sbtest5_pkey on sbtest5  (cost=0.43..6.35 rows=96 width=4)
	  Index Cond: ((id >= 4427171) AND (id <= 4427271))

table 6 : explain SELECT id FROM sbtest6 WHERE id BETWEEN 4427171 AND 4427271
	Index Only Scan using sbtest6_pkey on sbtest6  (cost=0.43..6.33 rows=95 width=4)
	  Index Cond: ((id >= 4427171) AND (id <= 4427271))

table 7 : explain SELECT id FROM sbtest7 WHERE id BETWEEN 4427171 AND 4427271
	Index Only Scan using sbtest7_pkey on sbtest7  (cost=0.43..6.58 rows=107 width=4)
	  Index Cond: ((id >= 4427171) AND (id <= 4427271))

table 8 : explain SELECT id FROM sbtest8 WHERE id BETWEEN 4427171 AND 4427271
	Index Only Scan using sbtest8_pkey on sbtest8  (cost=0.43..6.32 rows=94 width=4)
	  Index Cond: ((id >= 4427171) AND (id <= 4427271))

for range-covered
table 1 : explain SELECT id FROM sbtest1 WHERE id BETWEEN 7005397 AND 7005497
	Index Only Scan using sbtest1_pkey on sbtest1  (cost=0.43..10.50 rows=103 width=4)
	  Index Cond: ((id >= 7005397) AND (id <= 7005497))

table 2 : explain SELECT id FROM sbtest2 WHERE id BETWEEN 7005397 AND 7005497
	Index Only Scan using sbtest2_pkey on sbtest2  (cost=0.43..6.45 rows=101 width=4)
	  Index Cond: ((id >= 7005397) AND (id <= 7005497))

table 3 : explain SELECT id FROM sbtest3 WHERE id BETWEEN 7005397 AND 7005497
	Index Only Scan using sbtest3_pkey on sbtest3  (cost=0.43..6.45 rows=101 width=4)
	  Index Cond: ((id >= 7005397) AND (id <= 7005497))

table 4 : explain SELECT id FROM sbtest4 WHERE id BETWEEN 7005397 AND 7005497
	Index Only Scan using sbtest4_pkey on sbtest4  (cost=0.43..6.35 rows=96 width=4)
	  Index Cond: ((id >= 7005397) AND (id <= 7005497))

table 5 : explain SELECT id FROM sbtest5 WHERE id BETWEEN 7005397 AND 7005497
	Index Only Scan using sbtest5_pkey on sbtest5  (cost=0.43..6.45 rows=101 width=4)
	  Index Cond: ((id >= 7005397) AND (id <= 7005497))

table 6 : explain SELECT id FROM sbtest6 WHERE id BETWEEN 7005397 AND 7005497
	Index Only Scan using sbtest6_pkey on sbtest6  (cost=0.43..6.42 rows=99 width=4)
	  Index Cond: ((id >= 7005397) AND (id <= 7005497))

table 7 : explain SELECT id FROM sbtest7 WHERE id BETWEEN 7005397 AND 7005497
	Index Only Scan using sbtest7_pkey on sbtest7  (cost=0.43..6.40 rows=98 width=4)
	  Index Cond: ((id >= 7005397) AND (id <= 7005497))

table 8 : explain SELECT id FROM sbtest8 WHERE id BETWEEN 7005397 AND 7005497
	Index Only Scan using sbtest8_pkey on sbtest8  (cost=0.43..6.47 rows=102 width=4)
	  Index Cond: ((id >= 7005397) AND (id <= 7005497))

for range-covered
table 1 : explain SELECT id FROM sbtest1 WHERE id BETWEEN 4284961 AND 4285061
	Index Only Scan using sbtest1_pkey on sbtest1  (cost=0.43..10.40 rows=98 width=4)
	  Index Cond: ((id >= 4284961) AND (id <= 4285061))

table 2 : explain SELECT id FROM sbtest2 WHERE id BETWEEN 4284961 AND 4285061
	Index Only Scan using sbtest2_pkey on sbtest2  (cost=0.43..6.42 rows=99 width=4)
	  Index Cond: ((id >= 4284961) AND (id <= 4285061))

table 3 : explain SELECT id FROM sbtest3 WHERE id BETWEEN 4284961 AND 4285061
	Index Only Scan using sbtest3_pkey on sbtest3  (cost=0.43..6.40 rows=98 width=4)
	  Index Cond: ((id >= 4284961) AND (id <= 4285061))

table 4 : explain SELECT id FROM sbtest4 WHERE id BETWEEN 4284961 AND 4285061
	Index Only Scan using sbtest4_pkey on sbtest4  (cost=0.43..6.53 rows=105 width=4)
	  Index Cond: ((id >= 4284961) AND (id <= 4285061))

table 5 : explain SELECT id FROM sbtest5 WHERE id BETWEEN 4284961 AND 4285061
	Index Only Scan using sbtest5_pkey on sbtest5  (cost=0.43..6.37 rows=97 width=4)
	  Index Cond: ((id >= 4284961) AND (id <= 4285061))

table 6 : explain SELECT id FROM sbtest6 WHERE id BETWEEN 4284961 AND 4285061
	Index Only Scan using sbtest6_pkey on sbtest6  (cost=0.43..6.47 rows=102 width=4)
	  Index Cond: ((id >= 4284961) AND (id <= 4285061))

table 7 : explain SELECT id FROM sbtest7 WHERE id BETWEEN 4284961 AND 4285061
	Index Only Scan using sbtest7_pkey on sbtest7  (cost=0.43..6.24 rows=90 width=4)
	  Index Cond: ((id >= 4284961) AND (id <= 4285061))

table 8 : explain SELECT id FROM sbtest8 WHERE id BETWEEN 4284961 AND 4285061
	Index Only Scan using sbtest8_pkey on sbtest8  (cost=0.43..6.35 rows=96 width=4)
	  Index Cond: ((id >= 4284961) AND (id <= 4285061))

for range-covered
table 1 : explain SELECT id FROM sbtest1 WHERE id BETWEEN 5632271 AND 5632371
	Index Only Scan using sbtest1_pkey on sbtest1  (cost=0.43..10.47 rows=102 width=4)
	  Index Cond: ((id >= 5632271) AND (id <= 5632371))

table 2 : explain SELECT id FROM sbtest2 WHERE id BETWEEN 5632271 AND 5632371
	Index Only Scan using sbtest2_pkey on sbtest2  (cost=0.43..6.33 rows=95 width=4)
	  Index Cond: ((id >= 5632271) AND (id <= 5632371))

table 3 : explain SELECT id FROM sbtest3 WHERE id BETWEEN 5632271 AND 5632371
	Index Only Scan using sbtest3_pkey on sbtest3  (cost=0.43..6.47 rows=102 width=4)
	  Index Cond: ((id >= 5632271) AND (id <= 5632371))

table 4 : explain SELECT id FROM sbtest4 WHERE id BETWEEN 5632271 AND 5632371
	Index Only Scan using sbtest4_pkey on sbtest4  (cost=0.43..6.43 rows=100 width=4)
	  Index Cond: ((id >= 5632271) AND (id <= 5632371))

table 5 : explain SELECT id FROM sbtest5 WHERE id BETWEEN 5632271 AND 5632371
	Index Only Scan using sbtest5_pkey on sbtest5  (cost=0.43..6.32 rows=94 width=4)
	  Index Cond: ((id >= 5632271) AND (id <= 5632371))

table 6 : explain SELECT id FROM sbtest6 WHERE id BETWEEN 5632271 AND 5632371
	Index Only Scan using sbtest6_pkey on sbtest6  (cost=0.43..6.42 rows=99 width=4)
	  Index Cond: ((id >= 5632271) AND (id <= 5632371))

table 7 : explain SELECT id FROM sbtest7 WHERE id BETWEEN 5632271 AND 5632371
	Index Only Scan using sbtest7_pkey on sbtest7  (cost=0.43..6.58 rows=107 width=4)
	  Index Cond: ((id >= 5632271) AND (id <= 5632371))

table 8 : explain SELECT id FROM sbtest8 WHERE id BETWEEN 5632271 AND 5632371
	Index Only Scan using sbtest8_pkey on sbtest8  (cost=0.43..6.42 rows=99 width=4)
	  Index Cond: ((id >= 5632271) AND (id <= 5632371))

explain: for range-covered :: explain SELECT id FROM sbtest%d WHERE id BETWEEN 4427171 AND 4427271
explain: for range-covered :: explain SELECT id FROM sbtest%d WHERE id BETWEEN 7005397 AND 7005497
for range-covered
table 1 : explain SELECT id FROM sbtest1 WHERE id BETWEEN 3232997 AND 3233097
	Index Only Scan using sbtest1_pkey on sbtest1  (cost=0.43..10.38 rows=97 width=4)
	  Index Cond: ((id >= 3232997) AND (id <= 3233097))

table 2 : explain SELECT id FROM sbtest2 WHERE id BETWEEN 3232997 AND 3233097
	Index Only Scan using sbtest2_pkey on sbtest2  (cost=0.43..6.45 rows=101 width=4)
	  Index Cond: ((id >= 3232997) AND (id <= 3233097))

table 3 : explain SELECT id FROM sbtest3 WHERE id BETWEEN 3232997 AND 3233097
	Index Only Scan using sbtest3_pkey on sbtest3  (cost=0.43..6.53 rows=105 width=4)
	  Index Cond: ((id >= 3232997) AND (id <= 3233097))

table 4 : explain SELECT id FROM sbtest4 WHERE id BETWEEN 3232997 AND 3233097
	Index Only Scan using sbtest4_pkey on sbtest4  (cost=0.43..6.50 rows=103 width=4)
	  Index Cond: ((id >= 3232997) AND (id <= 3233097))

table 5 : explain SELECT id FROM sbtest5 WHERE id BETWEEN 3232997 AND 3233097
	Index Only Scan using sbtest5_pkey on sbtest5  (cost=0.43..6.45 rows=101 width=4)
	  Index Cond: ((id >= 3232997) AND (id <= 3233097))

table 6 : explain SELECT id FROM sbtest6 WHERE id BETWEEN 3232997 AND 3233097
	Index Only Scan using sbtest6_pkey on sbtest6  (cost=0.43..6.53 rows=105 width=4)
	  Index Cond: ((id >= 3232997) AND (id <= 3233097))

table 7 : explain SELECT id FROM sbtest7 WHERE id BETWEEN 3232997 AND 3233097
	Index Only Scan using sbtest7_pkey on sbtest7  (cost=0.43..6.29 rows=93 width=4)
	  Index Cond: ((id >= 3232997) AND (id <= 3233097))

table 8 : explain SELECT id FROM sbtest8 WHERE id BETWEEN 3232997 AND 3233097
	Index Only Scan using sbtest8_pkey on sbtest8  (cost=0.43..6.63 rows=110 width=4)
	  Index Cond: ((id >= 3232997) AND (id <= 3233097))

explain: for range-covered :: explain SELECT id FROM sbtest%d WHERE id BETWEEN 5632271 AND 5632371
for range-covered
table 1 : explain SELECT id FROM sbtest1 WHERE id BETWEEN 3954336 AND 3954436
	Index Only Scan using sbtest1_pkey on sbtest1  (cost=0.43..10.50 rows=103 width=4)
	  Index Cond: ((id >= 3954336) AND (id <= 3954436))

table 2 : explain SELECT id FROM sbtest2 WHERE id BETWEEN 3954336 AND 3954436
	Index Only Scan using sbtest2_pkey on sbtest2  (cost=0.43..6.66 rows=111 width=4)
	  Index Cond: ((id >= 3954336) AND (id <= 3954436))

table 3 : explain SELECT id FROM sbtest3 WHERE id BETWEEN 3954336 AND 3954436
	Index Only Scan using sbtest3_pkey on sbtest3  (cost=0.43..6.51 rows=104 width=4)
	  Index Cond: ((id >= 3954336) AND (id <= 3954436))

table 4 : explain SELECT id FROM sbtest4 WHERE id BETWEEN 3954336 AND 3954436
	Index Only Scan using sbtest4_pkey on sbtest4  (cost=0.43..6.75 rows=116 width=4)
	  Index Cond: ((id >= 3954336) AND (id <= 3954436))

table 5 : explain SELECT id FROM sbtest5 WHERE id BETWEEN 3954336 AND 3954436
	Index Only Scan using sbtest5_pkey on sbtest5  (cost=0.43..6.35 rows=96 width=4)
	  Index Cond: ((id >= 3954336) AND (id <= 3954436))

table 6 : explain SELECT id FROM sbtest6 WHERE id BETWEEN 3954336 AND 3954436
	Index Only Scan using sbtest6_pkey on sbtest6  (cost=0.43..6.51 rows=104 width=4)
	  Index Cond: ((id >= 3954336) AND (id <= 3954436))

table 7 : explain SELECT id FROM sbtest7 WHERE id BETWEEN 3954336 AND 3954436
	Index Only Scan using sbtest7_pkey on sbtest7  (cost=0.43..6.50 rows=103 width=4)
	  Index Cond: ((id >= 3954336) AND (id <= 3954436))

table 8 : explain SELECT id FROM sbtest8 WHERE id BETWEEN 3954336 AND 3954436
	Index Only Scan using sbtest8_pkey on sbtest8  (cost=0.43..6.32 rows=94 width=4)
	  Index Cond: ((id >= 3954336) AND (id <= 3954436))

explain: for range-covered :: explain SELECT id FROM sbtest%d WHERE id BETWEEN 3232997 AND 3233097
explain: for range-covered :: explain SELECT id FROM sbtest%d WHERE id BETWEEN 4284961 AND 4285061
explain: for range-covered :: explain SELECT id FROM sbtest%d WHERE id BETWEEN 3954336 AND 3954436
for range-covered
table 1 : explain SELECT id FROM sbtest1 WHERE id BETWEEN 696777 AND 696877
	Index Only Scan using sbtest1_pkey on sbtest1  (cost=0.43..10.56 rows=106 width=4)
	  Index Cond: ((id >= 696777) AND (id <= 696877))

table 2 : explain SELECT id FROM sbtest2 WHERE id BETWEEN 696777 AND 696877
	Index Only Scan using sbtest2_pkey on sbtest2  (cost=0.43..6.43 rows=100 width=4)
	  Index Cond: ((id >= 696777) AND (id <= 696877))

table 3 : explain SELECT id FROM sbtest3 WHERE id BETWEEN 696777 AND 696877
	Index Only Scan using sbtest3_pkey on sbtest3  (cost=0.43..6.29 rows=93 width=4)
	  Index Cond: ((id >= 696777) AND (id <= 696877))

table 4 : explain SELECT id FROM sbtest4 WHERE id BETWEEN 696777 AND 696877
	Index Only Scan using sbtest4_pkey on sbtest4  (cost=0.43..6.32 rows=94 width=4)
	  Index Cond: ((id >= 696777) AND (id <= 696877))

table 5 : explain SELECT id FROM sbtest5 WHERE id BETWEEN 696777 AND 696877
	Index Only Scan using sbtest5_pkey on sbtest5  (cost=0.43..6.59 rows=108 width=4)
	  Index Cond: ((id >= 696777) AND (id <= 696877))

table 6 : explain SELECT id FROM sbtest6 WHERE id BETWEEN 696777 AND 696877
	Index Only Scan using sbtest6_pkey on sbtest6  (cost=0.43..6.35 rows=96 width=4)
	  Index Cond: ((id >= 696777) AND (id <= 696877))

table 7 : explain SELECT id FROM sbtest7 WHERE id BETWEEN 696777 AND 696877
	Index Only Scan using sbtest7_pkey on sbtest7  (cost=0.43..6.29 rows=93 width=4)
	  Index Cond: ((id >= 696777) AND (id <= 696877))

table 8 : explain SELECT id FROM sbtest8 WHERE id BETWEEN 696777 AND 696877
	Index Only Scan using sbtest8_pkey on sbtest8  (cost=0.43..6.51 rows=104 width=4)
	  Index Cond: ((id >= 696777) AND (id <= 696877))

for range-covered
table 1 : explain SELECT id FROM sbtest1 WHERE id BETWEEN 6041672 AND 6041772
	Index Only Scan using sbtest1_pkey on sbtest1  (cost=0.43..10.58 rows=107 width=4)
	  Index Cond: ((id >= 6041672) AND (id <= 6041772))

table 2 : explain SELECT id FROM sbtest2 WHERE id BETWEEN 6041672 AND 6041772
	Index Only Scan using sbtest2_pkey on sbtest2  (cost=0.43..6.40 rows=98 width=4)
	  Index Cond: ((id >= 6041672) AND (id <= 6041772))

table 3 : explain SELECT id FROM sbtest3 WHERE id BETWEEN 6041672 AND 6041772
	Index Only Scan using sbtest3_pkey on sbtest3  (cost=0.43..6.47 rows=102 width=4)
	  Index Cond: ((id >= 6041672) AND (id <= 6041772))

table 4 : explain SELECT id FROM sbtest4 WHERE id BETWEEN 6041672 AND 6041772
	Index Only Scan using sbtest4_pkey on sbtest4  (cost=0.43..6.51 rows=104 width=4)
	  Index Cond: ((id >= 6041672) AND (id <= 6041772))

table 5 : explain SELECT id FROM sbtest5 WHERE id BETWEEN 6041672 AND 6041772
	Index Only Scan using sbtest5_pkey on sbtest5  (cost=0.43..6.37 rows=97 width=4)
	  Index Cond: ((id >= 6041672) AND (id <= 6041772))

table 6 : explain SELECT id FROM sbtest6 WHERE id BETWEEN 6041672 AND 6041772
	Index Only Scan using sbtest6_pkey on sbtest6  (cost=0.43..6.59 rows=108 width=4)
	  Index Cond: ((id >= 6041672) AND (id <= 6041772))

table 7 : explain SELECT id FROM sbtest7 WHERE id BETWEEN 6041672 AND 6041772
	Index Only Scan using sbtest7_pkey on sbtest7  (cost=0.43..6.47 rows=102 width=4)
	  Index Cond: ((id >= 6041672) AND (id <= 6041772))

table 8 : explain SELECT id FROM sbtest8 WHERE id BETWEEN 6041672 AND 6041772
	Index Only Scan using sbtest8_pkey on sbtest8  (cost=0.43..6.58 rows=107 width=4)
	  Index Cond: ((id >= 6041672) AND (id <= 6041772))

for range-covered
table 1 : explain SELECT id FROM sbtest1 WHERE id BETWEEN 5632271 AND 5632371
	Index Only Scan using sbtest1_pkey on sbtest1  (cost=0.43..10.47 rows=102 width=4)
	  Index Cond: ((id >= 5632271) AND (id <= 5632371))

table 2 : explain SELECT id FROM sbtest2 WHERE id BETWEEN 5632271 AND 5632371
	Index Only Scan using sbtest2_pkey on sbtest2  (cost=0.43..6.33 rows=95 width=4)
	  Index Cond: ((id >= 5632271) AND (id <= 5632371))

table 3 : explain SELECT id FROM sbtest3 WHERE id BETWEEN 5632271 AND 5632371
	Index Only Scan using sbtest3_pkey on sbtest3  (cost=0.43..6.47 rows=102 width=4)
	  Index Cond: ((id >= 5632271) AND (id <= 5632371))

table 4 : explain SELECT id FROM sbtest4 WHERE id BETWEEN 5632271 AND 5632371
	Index Only Scan using sbtest4_pkey on sbtest4  (cost=0.43..6.43 rows=100 width=4)
	  Index Cond: ((id >= 5632271) AND (id <= 5632371))

table 5 : explain SELECT id FROM sbtest5 WHERE id BETWEEN 5632271 AND 5632371
	Index Only Scan using sbtest5_pkey on sbtest5  (cost=0.43..6.32 rows=94 width=4)
	  Index Cond: ((id >= 5632271) AND (id <= 5632371))

table 6 : explain SELECT id FROM sbtest6 WHERE id BETWEEN 5632271 AND 5632371
	Index Only Scan using sbtest6_pkey on sbtest6  (cost=0.43..6.42 rows=99 width=4)
	  Index Cond: ((id >= 5632271) AND (id <= 5632371))

table 7 : explain SELECT id FROM sbtest7 WHERE id BETWEEN 5632271 AND 5632371
	Index Only Scan using sbtest7_pkey on sbtest7  (cost=0.43..6.58 rows=107 width=4)
	  Index Cond: ((id >= 5632271) AND (id <= 5632371))

table 8 : explain SELECT id FROM sbtest8 WHERE id BETWEEN 5632271 AND 5632371
	Index Only Scan using sbtest8_pkey on sbtest8  (cost=0.43..6.42 rows=99 width=4)
	  Index Cond: ((id >= 5632271) AND (id <= 5632371))

for range-covered
table 1 : explain SELECT id FROM sbtest1 WHERE id BETWEEN 7005397 AND 7005497
	Index Only Scan using sbtest1_pkey on sbtest1  (cost=0.43..10.50 rows=103 width=4)
	  Index Cond: ((id >= 7005397) AND (id <= 7005497))

table 2 : explain SELECT id FROM sbtest2 WHERE id BETWEEN 7005397 AND 7005497
	Index Only Scan using sbtest2_pkey on sbtest2  (cost=0.43..6.45 rows=101 width=4)
	  Index Cond: ((id >= 7005397) AND (id <= 7005497))

table 3 : explain SELECT id FROM sbtest3 WHERE id BETWEEN 7005397 AND 7005497
	Index Only Scan using sbtest3_pkey on sbtest3  (cost=0.43..6.45 rows=101 width=4)
	  Index Cond: ((id >= 7005397) AND (id <= 7005497))

table 4 : explain SELECT id FROM sbtest4 WHERE id BETWEEN 7005397 AND 7005497
	Index Only Scan using sbtest4_pkey on sbtest4  (cost=0.43..6.35 rows=96 width=4)
	  Index Cond: ((id >= 7005397) AND (id <= 7005497))

table 5 : explain SELECT id FROM sbtest5 WHERE id BETWEEN 7005397 AND 7005497
	Index Only Scan using sbtest5_pkey on sbtest5  (cost=0.43..6.45 rows=101 width=4)
	  Index Cond: ((id >= 7005397) AND (id <= 7005497))

table 6 : explain SELECT id FROM sbtest6 WHERE id BETWEEN 7005397 AND 7005497
	Index Only Scan using sbtest6_pkey on sbtest6  (cost=0.43..6.42 rows=99 width=4)
	  Index Cond: ((id >= 7005397) AND (id <= 7005497))

table 7 : explain SELECT id FROM sbtest7 WHERE id BETWEEN 7005397 AND 7005497
	Index Only Scan using sbtest7_pkey on sbtest7  (cost=0.43..6.40 rows=98 width=4)
	  Index Cond: ((id >= 7005397) AND (id <= 7005497))

table 8 : explain SELECT id FROM sbtest8 WHERE id BETWEEN 7005397 AND 7005497
	Index Only Scan using sbtest8_pkey on sbtest8  (cost=0.43..6.47 rows=102 width=4)
	  Index Cond: ((id >= 7005397) AND (id <= 7005497))

explain: for range-covered :: explain SELECT id FROM sbtest%d WHERE id BETWEEN 696777 AND 696877
explain: for range-covered :: explain SELECT id FROM sbtest%d WHERE id BETWEEN 6041672 AND 6041772
for range-covered
table 1 : explain SELECT id FROM sbtest1 WHERE id BETWEEN 4427171 AND 4427271
	Index Only Scan using sbtest1_pkey on sbtest1  (cost=0.43..10.36 rows=96 width=4)
	  Index Cond: ((id >= 4427171) AND (id <= 4427271))

table 2 : explain SELECT id FROM sbtest2 WHERE id BETWEEN 4427171 AND 4427271
	Index Only Scan using sbtest2_pkey on sbtest2  (cost=0.43..6.43 rows=100 width=4)
	  Index Cond: ((id >= 4427171) AND (id <= 4427271))

table 3 : explain SELECT id FROM sbtest3 WHERE id BETWEEN 4427171 AND 4427271
	Index Only Scan using sbtest3_pkey on sbtest3  (cost=0.43..6.42 rows=99 width=4)
	  Index Cond: ((id >= 4427171) AND (id <= 4427271))

table 4 : explain SELECT id FROM sbtest4 WHERE id BETWEEN 4427171 AND 4427271
	Index Only Scan using sbtest4_pkey on sbtest4  (cost=0.43..6.61 rows=109 width=4)
	  Index Cond: ((id >= 4427171) AND (id <= 4427271))

table 5 : explain SELECT id FROM sbtest5 WHERE id BETWEEN 4427171 AND 4427271
	Index Only Scan using sbtest5_pkey on sbtest5  (cost=0.43..6.35 rows=96 width=4)
	  Index Cond: ((id >= 4427171) AND (id <= 4427271))

table 6 : explain SELECT id FROM sbtest6 WHERE id BETWEEN 4427171 AND 4427271
	Index Only Scan using sbtest6_pkey on sbtest6  (cost=0.43..6.33 rows=95 width=4)
	  Index Cond: ((id >= 4427171) AND (id <= 4427271))

table 7 : explain SELECT id FROM sbtest7 WHERE id BETWEEN 4427171 AND 4427271
	Index Only Scan using sbtest7_pkey on sbtest7  (cost=0.43..6.58 rows=107 width=4)
	  Index Cond: ((id >= 4427171) AND (id <= 4427271))

table 8 : explain SELECT id FROM sbtest8 WHERE id BETWEEN 4427171 AND 4427271
	Index Only Scan using sbtest8_pkey on sbtest8  (cost=0.43..6.32 rows=94 width=4)
	  Index Cond: ((id >= 4427171) AND (id <= 4427271))

explain: for range-covered :: explain SELECT id FROM sbtest%d WHERE id BETWEEN 5632271 AND 5632371
explain: for range-covered :: explain SELECT id FROM sbtest%d WHERE id BETWEEN 7005397 AND 7005497
for range-covered
table 1 : explain SELECT id FROM sbtest1 WHERE id BETWEEN 3232997 AND 3233097
	Index Only Scan using sbtest1_pkey on sbtest1  (cost=0.43..10.38 rows=97 width=4)
	  Index Cond: ((id >= 3232997) AND (id <= 3233097))

table 2 : explain SELECT id FROM sbtest2 WHERE id BETWEEN 3232997 AND 3233097
	Index Only Scan using sbtest2_pkey on sbtest2  (cost=0.43..6.45 rows=101 width=4)
	  Index Cond: ((id >= 3232997) AND (id <= 3233097))

table 3 : explain SELECT id FROM sbtest3 WHERE id BETWEEN 3232997 AND 3233097
	Index Only Scan using sbtest3_pkey on sbtest3  (cost=0.43..6.53 rows=105 width=4)
	  Index Cond: ((id >= 3232997) AND (id <= 3233097))

table 4 : explain SELECT id FROM sbtest4 WHERE id BETWEEN 3232997 AND 3233097
	Index Only Scan using sbtest4_pkey on sbtest4  (cost=0.43..6.50 rows=103 width=4)
	  Index Cond: ((id >= 3232997) AND (id <= 3233097))

table 5 : explain SELECT id FROM sbtest5 WHERE id BETWEEN 3232997 AND 3233097
	Index Only Scan using sbtest5_pkey on sbtest5  (cost=0.43..6.45 rows=101 width=4)
	  Index Cond: ((id >= 3232997) AND (id <= 3233097))

table 6 : explain SELECT id FROM sbtest6 WHERE id BETWEEN 3232997 AND 3233097
	Index Only Scan using sbtest6_pkey on sbtest6  (cost=0.43..6.53 rows=105 width=4)
	  Index Cond: ((id >= 3232997) AND (id <= 3233097))

table 7 : explain SELECT id FROM sbtest7 WHERE id BETWEEN 3232997 AND 3233097
	Index Only Scan using sbtest7_pkey on sbtest7  (cost=0.43..6.29 rows=93 width=4)
	  Index Cond: ((id >= 3232997) AND (id <= 3233097))

table 8 : explain SELECT id FROM sbtest8 WHERE id BETWEEN 3232997 AND 3233097
	Index Only Scan using sbtest8_pkey on sbtest8  (cost=0.43..6.63 rows=110 width=4)
	  Index Cond: ((id >= 3232997) AND (id <= 3233097))

explain: for range-covered :: explain SELECT id FROM sbtest%d WHERE id BETWEEN 4427171 AND 4427271
for range-covered
table 1 : explain SELECT id FROM sbtest1 WHERE id BETWEEN 3566702 AND 3566802
	Index Only Scan using sbtest1_pkey on sbtest1  (cost=0.43..10.32 rows=94 width=4)
	  Index Cond: ((id >= 3566702) AND (id <= 3566802))

table 2 : explain SELECT id FROM sbtest2 WHERE id BETWEEN 3566702 AND 3566802
	Index Only Scan using sbtest2_pkey on sbtest2  (cost=0.43..6.45 rows=101 width=4)
	  Index Cond: ((id >= 3566702) AND (id <= 3566802))

table 3 : explain SELECT id FROM sbtest3 WHERE id BETWEEN 3566702 AND 3566802
	Index Only Scan using sbtest3_pkey on sbtest3  (cost=0.43..6.61 rows=109 width=4)
	  Index Cond: ((id >= 3566702) AND (id <= 3566802))

table 4 : explain SELECT id FROM sbtest4 WHERE id BETWEEN 3566702 AND 3566802
	Index Only Scan using sbtest4_pkey on sbtest4  (cost=0.43..6.56 rows=106 width=4)
	  Index Cond: ((id >= 3566702) AND (id <= 3566802))

table 5 : explain SELECT id FROM sbtest5 WHERE id BETWEEN 3566702 AND 3566802
	Index Only Scan using sbtest5_pkey on sbtest5  (cost=0.43..6.51 rows=104 width=4)
	  Index Cond: ((id >= 3566702) AND (id <= 3566802))

table 6 : explain SELECT id FROM sbtest6 WHERE id BETWEEN 3566702 AND 3566802
	Index Only Scan using sbtest6_pkey on sbtest6  (cost=0.43..6.56 rows=106 width=4)
	  Index Cond: ((id >= 3566702) AND (id <= 3566802))

table 7 : explain SELECT id FROM sbtest7 WHERE id BETWEEN 3566702 AND 3566802
	Index Only Scan using sbtest7_pkey on sbtest7  (cost=0.43..6.45 rows=101 width=4)
	  Index Cond: ((id >= 3566702) AND (id <= 3566802))

table 8 : explain SELECT id FROM sbtest8 WHERE id BETWEEN 3566702 AND 3566802
	Index Only Scan using sbtest8_pkey on sbtest8  (cost=0.43..6.40 rows=98 width=4)
	  Index Cond: ((id >= 3566702) AND (id <= 3566802))

for range-covered
table 1 : explain SELECT id FROM sbtest1 WHERE id BETWEEN 6041672 AND 6041772
	Index Only Scan using sbtest1_pkey on sbtest1  (cost=0.43..10.58 rows=107 width=4)
	  Index Cond: ((id >= 6041672) AND (id <= 6041772))

table 2 : explain SELECT id FROM sbtest2 WHERE id BETWEEN 6041672 AND 6041772
	Index Only Scan using sbtest2_pkey on sbtest2  (cost=0.43..6.40 rows=98 width=4)
	  Index Cond: ((id >= 6041672) AND (id <= 6041772))

table 3 : explain SELECT id FROM sbtest3 WHERE id BETWEEN 6041672 AND 6041772
	Index Only Scan using sbtest3_pkey on sbtest3  (cost=0.43..6.47 rows=102 width=4)
	  Index Cond: ((id >= 6041672) AND (id <= 6041772))

table 4 : explain SELECT id FROM sbtest4 WHERE id BETWEEN 6041672 AND 6041772
	Index Only Scan using sbtest4_pkey on sbtest4  (cost=0.43..6.51 rows=104 width=4)
	  Index Cond: ((id >= 6041672) AND (id <= 6041772))

table 5 : explain SELECT id FROM sbtest5 WHERE id BETWEEN 6041672 AND 6041772
	Index Only Scan using sbtest5_pkey on sbtest5  (cost=0.43..6.37 rows=97 width=4)
	  Index Cond: ((id >= 6041672) AND (id <= 6041772))

table 6 : explain SELECT id FROM sbtest6 WHERE id BETWEEN 6041672 AND 6041772
	Index Only Scan using sbtest6_pkey on sbtest6  (cost=0.43..6.59 rows=108 width=4)
	  Index Cond: ((id >= 6041672) AND (id <= 6041772))

table 7 : explain SELECT id FROM sbtest7 WHERE id BETWEEN 6041672 AND 6041772
	Index Only Scan using sbtest7_pkey on sbtest7  (cost=0.43..6.47 rows=102 width=4)
	  Index Cond: ((id >= 6041672) AND (id <= 6041772))

table 8 : explain SELECT id FROM sbtest8 WHERE id BETWEEN 6041672 AND 6041772
	Index Only Scan using sbtest8_pkey on sbtest8  (cost=0.43..6.58 rows=107 width=4)
	  Index Cond: ((id >= 6041672) AND (id <= 6041772))
for range-covered
table 1 : explain SELECT id FROM sbtest1 WHERE id BETWEEN 5632271 AND 5632371
	Index Only Scan using sbtest1_pkey on sbtest1  (cost=0.43..10.47 rows=102 width=4)
	  Index Cond: ((id >= 5632271) AND (id <= 5632371))

table 2 : explain SELECT id FROM sbtest2 WHERE id BETWEEN 5632271 AND 5632371
	Index Only Scan using sbtest2_pkey on sbtest2  (cost=0.43..6.33 rows=95 width=4)
	  Index Cond: ((id >= 5632271) AND (id <= 5632371))

table 3 : explain SELECT id FROM sbtest3 WHERE id BETWEEN 5632271 AND 5632371
	Index Only Scan using sbtest3_pkey on sbtest3  (cost=0.43..6.47 rows=102 width=4)
	  Index Cond: ((id >= 5632271) AND (id <= 5632371))

table 4 : explain SELECT id FROM sbtest4 WHERE id BETWEEN 5632271 AND 5632371
	Index Only Scan using sbtest4_pkey on sbtest4  (cost=0.43..6.43 rows=100 width=4)
	  Index Cond: ((id >= 5632271) AND (id <= 5632371))

table 5 : explain SELECT id FROM sbtest5 WHERE id BETWEEN 5632271 AND 5632371
	Index Only Scan using sbtest5_pkey on sbtest5  (cost=0.43..6.32 rows=94 width=4)
	  Index Cond: ((id >= 5632271) AND (id <= 5632371))

table 6 : explain SELECT id FROM sbtest6 WHERE id BETWEEN 5632271 AND 5632371
	Index Only Scan using sbtest6_pkey on sbtest6  (cost=0.43..6.42 rows=99 width=4)
	  Index Cond: ((id >= 5632271) AND (id <= 5632371))

table 7 : explain SELECT id FROM sbtest7 WHERE id BETWEEN 5632271 AND 5632371
	Index Only Scan using sbtest7_pkey on sbtest7  (cost=0.43..6.58 rows=107 width=4)
	  Index Cond: ((id >= 5632271) AND (id <= 5632371))

table 8 : explain SELECT id FROM sbtest8 WHERE id BETWEEN 5632271 AND 5632371
	Index Only Scan using sbtest8_pkey on sbtest8  (cost=0.43..6.42 rows=99 width=4)
	  Index Cond: ((id >= 5632271) AND (id <= 5632371))

for range-covered
table 1 : explain SELECT id FROM sbtest1 WHERE id BETWEEN 7005397 AND 7005497
	Index Only Scan using sbtest1_pkey on sbtest1  (cost=0.43..10.50 rows=103 width=4)
	  Index Cond: ((id >= 7005397) AND (id <= 7005497))

table 2 : explain SELECT id FROM sbtest2 WHERE id BETWEEN 7005397 AND 7005497
	Index Only Scan using sbtest2_pkey on sbtest2  (cost=0.43..6.45 rows=101 width=4)
	  Index Cond: ((id >= 7005397) AND (id <= 7005497))

table 3 : explain SELECT id FROM sbtest3 WHERE id BETWEEN 7005397 AND 7005497
	Index Only Scan using sbtest3_pkey on sbtest3  (cost=0.43..6.45 rows=101 width=4)
	  Index Cond: ((id >= 7005397) AND (id <= 7005497))

table 4 : explain SELECT id FROM sbtest4 WHERE id BETWEEN 7005397 AND 7005497
	Index Only Scan using sbtest4_pkey on sbtest4  (cost=0.43..6.35 rows=96 width=4)
	  Index Cond: ((id >= 7005397) AND (id <= 7005497))

table 5 : explain SELECT id FROM sbtest5 WHERE id BETWEEN 7005397 AND 7005497
	Index Only Scan using sbtest5_pkey on sbtest5  (cost=0.43..6.45 rows=101 width=4)
	  Index Cond: ((id >= 7005397) AND (id <= 7005497))

table 6 : explain SELECT id FROM sbtest6 WHERE id BETWEEN 7005397 AND 7005497
	Index Only Scan using sbtest6_pkey on sbtest6  (cost=0.43..6.42 rows=99 width=4)
	  Index Cond: ((id >= 7005397) AND (id <= 7005497))

table 7 : explain SELECT id FROM sbtest7 WHERE id BETWEEN 7005397 AND 7005497
	Index Only Scan using sbtest7_pkey on sbtest7  (cost=0.43..6.40 rows=98 width=4)
	  Index Cond: ((id >= 7005397) AND (id <= 7005497))

table 8 : explain SELECT id FROM sbtest8 WHERE id BETWEEN 7005397 AND 7005497
	Index Only Scan using sbtest8_pkey on sbtest8  (cost=0.43..6.47 rows=102 width=4)
	  Index Cond: ((id >= 7005397) AND (id <= 7005497))

for range-covered
table 1 : explain SELECT id FROM sbtest1 WHERE id BETWEEN 696777 AND 696877
	Index Only Scan using sbtest1_pkey on sbtest1  (cost=0.43..10.56 rows=106 width=4)
	  Index Cond: ((id >= 696777) AND (id <= 696877))

table 2 : explain SELECT id FROM sbtest2 WHERE id BETWEEN 696777 AND 696877
	Index Only Scan using sbtest2_pkey on sbtest2  (cost=0.43..6.43 rows=100 width=4)
	  Index Cond: ((id >= 696777) AND (id <= 696877))

table 3 : explain SELECT id FROM sbtest3 WHERE id BETWEEN 696777 AND 696877
	Index Only Scan using sbtest3_pkey on sbtest3  (cost=0.43..6.29 rows=93 width=4)
	  Index Cond: ((id >= 696777) AND (id <= 696877))

table 4 : explain SELECT id FROM sbtest4 WHERE id BETWEEN 696777 AND 696877
	Index Only Scan using sbtest4_pkey on sbtest4  (cost=0.43..6.32 rows=94 width=4)
	  Index Cond: ((id >= 696777) AND (id <= 696877))

table 5 : explain SELECT id FROM sbtest5 WHERE id BETWEEN 696777 AND 696877
	Index Only Scan using sbtest5_pkey on sbtest5  (cost=0.43..6.59 rows=108 width=4)
	  Index Cond: ((id >= 696777) AND (id <= 696877))

table 6 : explain SELECT id FROM sbtest6 WHERE id BETWEEN 696777 AND 696877
	Index Only Scan using sbtest6_pkey on sbtest6  (cost=0.43..6.35 rows=96 width=4)
	  Index Cond: ((id >= 696777) AND (id <= 696877))

table 7 : explain SELECT id FROM sbtest7 WHERE id BETWEEN 696777 AND 696877
	Index Only Scan using sbtest7_pkey on sbtest7  (cost=0.43..6.29 rows=93 width=4)
	  Index Cond: ((id >= 696777) AND (id <= 696877))

table 8 : explain SELECT id FROM sbtest8 WHERE id BETWEEN 696777 AND 696877
	Index Only Scan using sbtest8_pkey on sbtest8  (cost=0.43..6.51 rows=104 width=4)
	  Index Cond: ((id >= 696777) AND (id <= 696877))

for range-covered
table 1 : explain SELECT id FROM sbtest1 WHERE id BETWEEN 4284961 AND 4285061
	Index Only Scan using sbtest1_pkey on sbtest1  (cost=0.43..10.40 rows=98 width=4)
	  Index Cond: ((id >= 4284961) AND (id <= 4285061))

table 2 : explain SELECT id FROM sbtest2 WHERE id BETWEEN 4284961 AND 4285061
	Index Only Scan using sbtest2_pkey on sbtest2  (cost=0.43..6.42 rows=99 width=4)
	  Index Cond: ((id >= 4284961) AND (id <= 4285061))

table 3 : explain SELECT id FROM sbtest3 WHERE id BETWEEN 4284961 AND 4285061
	Index Only Scan using sbtest3_pkey on sbtest3  (cost=0.43..6.40 rows=98 width=4)
	  Index Cond: ((id >= 4284961) AND (id <= 4285061))

table 4 : explain SELECT id FROM sbtest4 WHERE id BETWEEN 4284961 AND 4285061
	Index Only Scan using sbtest4_pkey on sbtest4  (cost=0.43..6.53 rows=105 width=4)
	  Index Cond: ((id >= 4284961) AND (id <= 4285061))

table 5 : explain SELECT id FROM sbtest5 WHERE id BETWEEN 4284961 AND 4285061
	Index Only Scan using sbtest5_pkey on sbtest5  (cost=0.43..6.37 rows=97 width=4)
	  Index Cond: ((id >= 4284961) AND (id <= 4285061))

table 6 : explain SELECT id FROM sbtest6 WHERE id BETWEEN 4284961 AND 4285061
	Index Only Scan using sbtest6_pkey on sbtest6  (cost=0.43..6.47 rows=102 width=4)
	  Index Cond: ((id >= 4284961) AND (id <= 4285061))

table 7 : explain SELECT id FROM sbtest7 WHERE id BETWEEN 4284961 AND 4285061
	Index Only Scan using sbtest7_pkey on sbtest7  (cost=0.43..6.24 rows=90 width=4)
	  Index Cond: ((id >= 4284961) AND (id <= 4285061))

table 8 : explain SELECT id FROM sbtest8 WHERE id BETWEEN 4284961 AND 4285061
	Index Only Scan using sbtest8_pkey on sbtest8  (cost=0.43..6.35 rows=96 width=4)
	  Index Cond: ((id >= 4284961) AND (id <= 4285061))

explain: for range-covered :: explain SELECT id FROM sbtest%d WHERE id BETWEEN 3566702 AND 3566802explain: for range-covered :: explain SELECT id FROM sbtest%d WHERE id BETWEEN 7005397 AND 7005497for range-covered
table 1 : explain SELECT id FROM sbtest1 WHERE id BETWEEN 4427171 AND 4427271
	Index Only Scan using sbtest1_pkey on sbtest1  (cost=0.43..10.36 rows=96 width=4)
	  Index Cond: ((id >= 4427171) AND (id <= 4427271))

table 2 : explain SELECT id FROM sbtest2 WHERE id BETWEEN 4427171 AND 4427271
	Index Only Scan using sbtest2_pkey on sbtest2  (cost=0.43..6.43 rows=100 width=4)
	  Index Cond: ((id >= 4427171) AND (id <= 4427271))

table 3 : explain SELECT id FROM sbtest3 WHERE id BETWEEN 4427171 AND 4427271
	Index Only Scan using sbtest3_pkey on sbtest3  (cost=0.43..6.42 rows=99 width=4)
	  Index Cond: ((id >= 4427171) AND (id <= 4427271))

table 4 : explain SELECT id FROM sbtest4 WHERE id BETWEEN 4427171 AND 4427271
	Index Only Scan using sbtest4_pkey on sbtest4  (cost=0.43..6.61 rows=109 width=4)
	  Index Cond: ((id >= 4427171) AND (id <= 4427271))

table 5 : explain SELECT id FROM sbtest5 WHERE id BETWEEN 4427171 AND 4427271
	Index Only Scan using sbtest5_pkey on sbtest5  (cost=0.43..6.35 rows=96 width=4)
	  Index Cond: ((id >= 4427171) AND (id <= 4427271))

table 6 : explain SELECT id FROM sbtest6 WHERE id BETWEEN 4427171 AND 4427271
	Index Only Scan using sbtest6_pkey on sbtest6  (cost=0.43..6.33 rows=95 width=4)
	  Index Cond: ((id >= 4427171) AND (id <= 4427271))

table 7 : explain SELECT id FROM sbtest7 WHERE id BETWEEN 4427171 AND 4427271
	Index Only Scan using sbtest7_pkey on sbtest7  (cost=0.43..6.58 rows=107 width=4)
	  Index Cond: ((id >= 4427171) AND (id <= 4427271))

table 8 : explain SELECT id FROM sbtest8 WHERE id BETWEEN 4427171 AND 4427271
	Index Only Scan using sbtest8_pkey on sbtest8  (cost=0.43..6.32 rows=94 width=4)
	  Index Cond: ((id >= 4427171) AND (id <= 4427271))
explain: for range-covered :: explain SELECT id FROM sbtest%d WHERE id BETWEEN 5632271 AND 5632371



for range-covered
table 1 : explain SELECT id FROM sbtest1 WHERE id BETWEEN 3954336 AND 3954436
	Index Only Scan using sbtest1_pkey on sbtest1  (cost=0.43..10.50 rows=103 width=4)
	  Index Cond: ((id >= 3954336) AND (id <= 3954436))

table 2 : explain SELECT id FROM sbtest2 WHERE id BETWEEN 3954336 AND 3954436
	Index Only Scan using sbtest2_pkey on sbtest2  (cost=0.43..6.66 rows=111 width=4)
	  Index Cond: ((id >= 3954336) AND (id <= 3954436))

table 3 : explain SELECT id FROM sbtest3 WHERE id BETWEEN 3954336 AND 3954436
	Index Only Scan using sbtest3_pkey on sbtest3  (cost=0.43..6.51 rows=104 width=4)
	  Index Cond: ((id >= 3954336) AND (id <= 3954436))

table 4 : explain SELECT id FROM sbtest4 WHERE id BETWEEN 3954336 AND 3954436
	Index Only Scan using sbtest4_pkey on sbtest4  (cost=0.43..6.75 rows=116 width=4)
	  Index Cond: ((id >= 3954336) AND (id <= 3954436))

table 5 : explain SELECT id FROM sbtest5 WHERE id BETWEEN 3954336 AND 3954436
	Index Only Scan using sbtest5_pkey on sbtest5  (cost=0.43..6.35 rows=96 width=4)
	  Index Cond: ((id >= 3954336) AND (id <= 3954436))

table 6 : explain SELECT id FROM sbtest6 WHERE id BETWEEN 3954336 AND 3954436
	Index Only Scan using sbtest6_pkey on sbtest6  (cost=0.43..6.51 rows=104 width=4)
	  Index Cond: ((id >= 3954336) AND (id <= 3954436))

table 7 : explain SELECT id FROM sbtest7 WHERE id BETWEEN 3954336 AND 3954436
	Index Only Scan using sbtest7_pkey on sbtest7  (cost=0.43..6.50 rows=103 width=4)
	  Index Cond: ((id >= 3954336) AND (id <= 3954436))

table 8 : explain SELECT id FROM sbtest8 WHERE id BETWEEN 3954336 AND 3954436
	Index Only Scan using sbtest8_pkey on sbtest8  (cost=0.43..6.32 rows=94 width=4)
	  Index Cond: ((id >= 3954336) AND (id <= 3954436))

explain: for range-covered :: explain SELECT id FROM sbtest%d WHERE id BETWEEN 4284961 AND 4285061explain: for range-covered :: explain SELECT id FROM sbtest%d WHERE id BETWEEN 4427171 AND 4427271explain: for range-covered :: explain SELECT id FROM sbtest%d WHERE id BETWEEN 696777 AND 696877


explain: for range-covered :: explain SELECT id FROM sbtest%d WHERE id BETWEEN 3954336 AND 3954436
explain: for range-covered :: explain SELECT id FROM sbtest%d WHERE id BETWEEN 4041152 AND 4041252
for range-covered
table 1 : explain SELECT id FROM sbtest1 WHERE id BETWEEN 5632271 AND 5632371
	Index Only Scan using sbtest1_pkey on sbtest1  (cost=0.43..10.47 rows=102 width=4)
	  Index Cond: ((id >= 5632271) AND (id <= 5632371))

table 2 : explain SELECT id FROM sbtest2 WHERE id BETWEEN 5632271 AND 5632371
	Index Only Scan using sbtest2_pkey on sbtest2  (cost=0.43..6.33 rows=95 width=4)
	  Index Cond: ((id >= 5632271) AND (id <= 5632371))

table 3 : explain SELECT id FROM sbtest3 WHERE id BETWEEN 5632271 AND 5632371
	Index Only Scan using sbtest3_pkey on sbtest3  (cost=0.43..6.47 rows=102 width=4)
	  Index Cond: ((id >= 5632271) AND (id <= 5632371))

table 4 : explain SELECT id FROM sbtest4 WHERE id BETWEEN 5632271 AND 5632371
	Index Only Scan using sbtest4_pkey on sbtest4  (cost=0.43..6.43 rows=100 width=4)
	  Index Cond: ((id >= 5632271) AND (id <= 5632371))

table 5 : explain SELECT id FROM sbtest5 WHERE id BETWEEN 5632271 AND 5632371
	Index Only Scan using sbtest5_pkey on sbtest5  (cost=0.43..6.32 rows=94 width=4)
	  Index Cond: ((id >= 5632271) AND (id <= 5632371))

table 6 : explain SELECT id FROM sbtest6 WHERE id BETWEEN 5632271 AND 5632371
	Index Only Scan using sbtest6_pkey on sbtest6  (cost=0.43..6.42 rows=99 width=4)
	  Index Cond: ((id >= 5632271) AND (id <= 5632371))

table 7 : explain SELECT id FROM sbtest7 WHERE id BETWEEN 5632271 AND 5632371
	Index Only Scan using sbtest7_pkey on sbtest7  (cost=0.43..6.58 rows=107 width=4)
	  Index Cond: ((id >= 5632271) AND (id <= 5632371))

table 8 : explain SELECT id FROM sbtest8 WHERE id BETWEEN 5632271 AND 5632371
	Index Only Scan using sbtest8_pkey on sbtest8  (cost=0.43..6.42 rows=99 width=4)
	  Index Cond: ((id >= 5632271) AND (id <= 5632371))

for range-covered
table 1 : explain SELECT id FROM sbtest1 WHERE id BETWEEN 7005397 AND 7005497
	Index Only Scan using sbtest1_pkey on sbtest1  (cost=0.43..10.50 rows=103 width=4)
	  Index Cond: ((id >= 7005397) AND (id <= 7005497))

table 2 : explain SELECT id FROM sbtest2 WHERE id BETWEEN 7005397 AND 7005497
	Index Only Scan using sbtest2_pkey on sbtest2  (cost=0.43..6.45 rows=101 width=4)
	  Index Cond: ((id >= 7005397) AND (id <= 7005497))

table 3 : explain SELECT id FROM sbtest3 WHERE id BETWEEN 7005397 AND 7005497
	Index Only Scan using sbtest3_pkey on sbtest3  (cost=0.43..6.45 rows=101 width=4)
	  Index Cond: ((id >= 7005397) AND (id <= 7005497))

table 4 : explain SELECT id FROM sbtest4 WHERE id BETWEEN 7005397 AND 7005497
	Index Only Scan using sbtest4_pkey on sbtest4  (cost=0.43..6.35 rows=96 width=4)
	  Index Cond: ((id >= 7005397) AND (id <= 7005497))

table 5 : explain SELECT id FROM sbtest5 WHERE id BETWEEN 7005397 AND 7005497
	Index Only Scan using sbtest5_pkey on sbtest5  (cost=0.43..6.45 rows=101 width=4)
	  Index Cond: ((id >= 7005397) AND (id <= 7005497))

table 6 : explain SELECT id FROM sbtest6 WHERE id BETWEEN 7005397 AND 7005497
	Index Only Scan using sbtest6_pkey on sbtest6  (cost=0.43..6.42 rows=99 width=4)
	  Index Cond: ((id >= 7005397) AND (id <= 7005497))

table 7 : explain SELECT id FROM sbtest7 WHERE id BETWEEN 7005397 AND 7005497
	Index Only Scan using sbtest7_pkey on sbtest7  (cost=0.43..6.40 rows=98 width=4)
	  Index Cond: ((id >= 7005397) AND (id <= 7005497))

table 8 : explain SELECT id FROM sbtest8 WHERE id BETWEEN 7005397 AND 7005497
	Index Only Scan using sbtest8_pkey on sbtest8  (cost=0.43..6.47 rows=102 width=4)
	  Index Cond: ((id >= 7005397) AND (id <= 7005497))

explain: for range-covered :: explain SELECT id FROM sbtest%d WHERE id BETWEEN 5632271 AND 5632371
explain: for range-covered :: explain SELECT id FROM sbtest%d WHERE id BETWEEN 7005397 AND 7005497
for range-covered
table 1 : explain SELECT id FROM sbtest1 WHERE id BETWEEN 3566702 AND 3566802
	Index Only Scan using sbtest1_pkey on sbtest1  (cost=0.43..10.32 rows=94 width=4)
	  Index Cond: ((id >= 3566702) AND (id <= 3566802))

table 2 : explain SELECT id FROM sbtest2 WHERE id BETWEEN 3566702 AND 3566802
	Index Only Scan using sbtest2_pkey on sbtest2  (cost=0.43..6.45 rows=101 width=4)
	  Index Cond: ((id >= 3566702) AND (id <= 3566802))

table 3 : explain SELECT id FROM sbtest3 WHERE id BETWEEN 3566702 AND 3566802
	Index Only Scan using sbtest3_pkey on sbtest3  (cost=0.43..6.61 rows=109 width=4)
	  Index Cond: ((id >= 3566702) AND (id <= 3566802))

table 4 : explain SELECT id FROM sbtest4 WHERE id BETWEEN 3566702 AND 3566802
	Index Only Scan using sbtest4_pkey on sbtest4  (cost=0.43..6.56 rows=106 width=4)
	  Index Cond: ((id >= 3566702) AND (id <= 3566802))

table 5 : explain SELECT id FROM sbtest5 WHERE id BETWEEN 3566702 AND 3566802
	Index Only Scan using sbtest5_pkey on sbtest5  (cost=0.43..6.51 rows=104 width=4)
	  Index Cond: ((id >= 3566702) AND (id <= 3566802))

table 6 : explain SELECT id FROM sbtest6 WHERE id BETWEEN 3566702 AND 3566802
	Index Only Scan using sbtest6_pkey on sbtest6  (cost=0.43..6.56 rows=106 width=4)
	  Index Cond: ((id >= 3566702) AND (id <= 3566802))

table 7 : explain SELECT id FROM sbtest7 WHERE id BETWEEN 3566702 AND 3566802
	Index Only Scan using sbtest7_pkey on sbtest7  (cost=0.43..6.45 rows=101 width=4)
	  Index Cond: ((id >= 3566702) AND (id <= 3566802))

table 8 : explain SELECT id FROM sbtest8 WHERE id BETWEEN 3566702 AND 3566802
	Index Only Scan using sbtest8_pkey on sbtest8  (cost=0.43..6.40 rows=98 width=4)
	  Index Cond: ((id >= 3566702) AND (id <= 3566802))

for range-covered
table 1 : explain SELECT id FROM sbtest1 WHERE id BETWEEN 4427171 AND 4427271
	Index Only Scan using sbtest1_pkey on sbtest1  (cost=0.43..10.36 rows=96 width=4)
	  Index Cond: ((id >= 4427171) AND (id <= 4427271))

table 2 : explain SELECT id FROM sbtest2 WHERE id BETWEEN 4427171 AND 4427271
	Index Only Scan using sbtest2_pkey on sbtest2  (cost=0.43..6.43 rows=100 width=4)
	  Index Cond: ((id >= 4427171) AND (id <= 4427271))

table 3 : explain SELECT id FROM sbtest3 WHERE id BETWEEN 4427171 AND 4427271
	Index Only Scan using sbtest3_pkey on sbtest3  (cost=0.43..6.42 rows=99 width=4)
	  Index Cond: ((id >= 4427171) AND (id <= 4427271))

table 4 : explain SELECT id FROM sbtest4 WHERE id BETWEEN 4427171 AND 4427271
	Index Only Scan using sbtest4_pkey on sbtest4  (cost=0.43..6.61 rows=109 width=4)
	  Index Cond: ((id >= 4427171) AND (id <= 4427271))

table 5 : explain SELECT id FROM sbtest5 WHERE id BETWEEN 4427171 AND 4427271
	Index Only Scan using sbtest5_pkey on sbtest5  (cost=0.43..6.35 rows=96 width=4)
	  Index Cond: ((id >= 4427171) AND (id <= 4427271))

table 6 : explain SELECT id FROM sbtest6 WHERE id BETWEEN 4427171 AND 4427271
	Index Only Scan using sbtest6_pkey on sbtest6  (cost=0.43..6.33 rows=95 width=4)
	  Index Cond: ((id >= 4427171) AND (id <= 4427271))

table 7 : explain SELECT id FROM sbtest7 WHERE id BETWEEN 4427171 AND 4427271
	Index Only Scan using sbtest7_pkey on sbtest7  (cost=0.43..6.58 rows=107 width=4)
	  Index Cond: ((id >= 4427171) AND (id <= 4427271))

table 8 : explain SELECT id FROM sbtest8 WHERE id BETWEEN 4427171 AND 4427271
	Index Only Scan using sbtest8_pkey on sbtest8  (cost=0.43..6.32 rows=94 width=4)
	  Index Cond: ((id >= 4427171) AND (id <= 4427271))

explain: for range-covered :: explain SELECT id FROM sbtest%d WHERE id BETWEEN 3566702 AND 3566802
explain: for range-covered :: explain SELECT id FROM sbtest%d WHERE id BETWEEN 4427171 AND 4427271
for range-covered
table 1 : explain SELECT id FROM sbtest1 WHERE id BETWEEN 696777 AND 696877
	Index Only Scan using sbtest1_pkey on sbtest1  (cost=0.43..10.56 rows=106 width=4)
	  Index Cond: ((id >= 696777) AND (id <= 696877))

table 2 : explain SELECT id FROM sbtest2 WHERE id BETWEEN 696777 AND 696877
	Index Only Scan using sbtest2_pkey on sbtest2  (cost=0.43..6.43 rows=100 width=4)
	  Index Cond: ((id >= 696777) AND (id <= 696877))

table 3 : explain SELECT id FROM sbtest3 WHERE id BETWEEN 696777 AND 696877
	Index Only Scan using sbtest3_pkey on sbtest3  (cost=0.43..6.29 rows=93 width=4)
	  Index Cond: ((id >= 696777) AND (id <= 696877))

table 4 : explain SELECT id FROM sbtest4 WHERE id BETWEEN 696777 AND 696877
	Index Only Scan using sbtest4_pkey on sbtest4  (cost=0.43..6.32 rows=94 width=4)
	  Index Cond: ((id >= 696777) AND (id <= 696877))

table 5 : explain SELECT id FROM sbtest5 WHERE id BETWEEN 696777 AND 696877
	Index Only Scan using sbtest5_pkey on sbtest5  (cost=0.43..6.59 rows=108 width=4)
	  Index Cond: ((id >= 696777) AND (id <= 696877))

table 6 : explain SELECT id FROM sbtest6 WHERE id BETWEEN 696777 AND 696877
	Index Only Scan using sbtest6_pkey on sbtest6  (cost=0.43..6.35 rows=96 width=4)
	  Index Cond: ((id >= 696777) AND (id <= 696877))

table 7 : explain SELECT id FROM sbtest7 WHERE id BETWEEN 696777 AND 696877
	Index Only Scan using sbtest7_pkey on sbtest7  (cost=0.43..6.29 rows=93 width=4)
	  Index Cond: ((id >= 696777) AND (id <= 696877))

table 8 : explain SELECT id FROM sbtest8 WHERE id BETWEEN 696777 AND 696877
	Index Only Scan using sbtest8_pkey on sbtest8  (cost=0.43..6.51 rows=104 width=4)
	  Index Cond: ((id >= 696777) AND (id <= 696877))

for range-covered
table 1 : explain SELECT id FROM sbtest1 WHERE id BETWEEN 5632271 AND 5632371
	Index Only Scan using sbtest1_pkey on sbtest1  (cost=0.43..10.47 rows=102 width=4)
	  Index Cond: ((id >= 5632271) AND (id <= 5632371))

table 2 : explain SELECT id FROM sbtest2 WHERE id BETWEEN 5632271 AND 5632371
	Index Only Scan using sbtest2_pkey on sbtest2  (cost=0.43..6.33 rows=95 width=4)
	  Index Cond: ((id >= 5632271) AND (id <= 5632371))

table 3 : explain SELECT id FROM sbtest3 WHERE id BETWEEN 5632271 AND 5632371
	Index Only Scan using sbtest3_pkey on sbtest3  (cost=0.43..6.47 rows=102 width=4)
	  Index Cond: ((id >= 5632271) AND (id <= 5632371))

table 4 : explain SELECT id FROM sbtest4 WHERE id BETWEEN 5632271 AND 5632371
	Index Only Scan using sbtest4_pkey on sbtest4  (cost=0.43..6.43 rows=100 width=4)
	  Index Cond: ((id >= 5632271) AND (id <= 5632371))

table 5 : explain SELECT id FROM sbtest5 WHERE id BETWEEN 5632271 AND 5632371
	Index Only Scan using sbtest5_pkey on sbtest5  (cost=0.43..6.32 rows=94 width=4)
	  Index Cond: ((id >= 5632271) AND (id <= 5632371))

table 6 : explain SELECT id FROM sbtest6 WHERE id BETWEEN 5632271 AND 5632371
	Index Only Scan using sbtest6_pkey on sbtest6  (cost=0.43..6.42 rows=99 width=4)
	  Index Cond: ((id >= 5632271) AND (id <= 5632371))

table 7 : explain SELECT id FROM sbtest7 WHERE id BETWEEN 5632271 AND 5632371
	Index Only Scan using sbtest7_pkey on sbtest7  (cost=0.43..6.58 rows=107 width=4)
	  Index Cond: ((id >= 5632271) AND (id <= 5632371))

table 8 : explain SELECT id FROM sbtest8 WHERE id BETWEEN 5632271 AND 5632371
	Index Only Scan using sbtest8_pkey on sbtest8  (cost=0.43..6.42 rows=99 width=4)
	  Index Cond: ((id >= 5632271) AND (id <= 5632371))

for range-covered
table 1 : explain SELECT id FROM sbtest1 WHERE id BETWEEN 7005397 AND 7005497
	Index Only Scan using sbtest1_pkey on sbtest1  (cost=0.43..10.50 rows=103 width=4)
	  Index Cond: ((id >= 7005397) AND (id <= 7005497))

table 2 : explain SELECT id FROM sbtest2 WHERE id BETWEEN 7005397 AND 7005497
	Index Only Scan using sbtest2_pkey on sbtest2  (cost=0.43..6.45 rows=101 width=4)
	  Index Cond: ((id >= 7005397) AND (id <= 7005497))

table 3 : explain SELECT id FROM sbtest3 WHERE id BETWEEN 7005397 AND 7005497
	Index Only Scan using sbtest3_pkey on sbtest3  (cost=0.43..6.45 rows=101 width=4)
	  Index Cond: ((id >= 7005397) AND (id <= 7005497))

table 4 : explain SELECT id FROM sbtest4 WHERE id BETWEEN 7005397 AND 7005497
	Index Only Scan using sbtest4_pkey on sbtest4  (cost=0.43..6.35 rows=96 width=4)
	  Index Cond: ((id >= 7005397) AND (id <= 7005497))

table 5 : explain SELECT id FROM sbtest5 WHERE id BETWEEN 7005397 AND 7005497
	Index Only Scan using sbtest5_pkey on sbtest5  (cost=0.43..6.45 rows=101 width=4)
	  Index Cond: ((id >= 7005397) AND (id <= 7005497))

table 6 : explain SELECT id FROM sbtest6 WHERE id BETWEEN 7005397 AND 7005497
	Index Only Scan using sbtest6_pkey on sbtest6  (cost=0.43..6.42 rows=99 width=4)
	  Index Cond: ((id >= 7005397) AND (id <= 7005497))

table 7 : explain SELECT id FROM sbtest7 WHERE id BETWEEN 7005397 AND 7005497
	Index Only Scan using sbtest7_pkey on sbtest7  (cost=0.43..6.40 rows=98 width=4)
	  Index Cond: ((id >= 7005397) AND (id <= 7005497))

table 8 : explain SELECT id FROM sbtest8 WHERE id BETWEEN 7005397 AND 7005497
	Index Only Scan using sbtest8_pkey on sbtest8  (cost=0.43..6.47 rows=102 width=4)
	  Index Cond: ((id >= 7005397) AND (id <= 7005497))

explain: for range-covered :: explain SELECT id FROM sbtest%d WHERE id BETWEEN 696777 AND 696877
explain: for range-covered :: explain SELECT id FROM sbtest%d WHERE id BETWEEN 5632271 AND 5632371
explain: for range-covered :: explain SELECT id FROM sbtest%d WHERE id BETWEEN 7005397 AND 7005497
for range-covered
table 1 : explain SELECT id FROM sbtest1 WHERE id BETWEEN 4284961 AND 4285061
	Index Only Scan using sbtest1_pkey on sbtest1  (cost=0.43..10.40 rows=98 width=4)
	  Index Cond: ((id >= 4284961) AND (id <= 4285061))

table 2 : explain SELECT id FROM sbtest2 WHERE id BETWEEN 4284961 AND 4285061
	Index Only Scan using sbtest2_pkey on sbtest2  (cost=0.43..6.42 rows=99 width=4)
	  Index Cond: ((id >= 4284961) AND (id <= 4285061))

table 3 : explain SELECT id FROM sbtest3 WHERE id BETWEEN 4284961 AND 4285061
	Index Only Scan using sbtest3_pkey on sbtest3  (cost=0.43..6.40 rows=98 width=4)
	  Index Cond: ((id >= 4284961) AND (id <= 4285061))

table 4 : explain SELECT id FROM sbtest4 WHERE id BETWEEN 4284961 AND 4285061
	Index Only Scan using sbtest4_pkey on sbtest4  (cost=0.43..6.53 rows=105 width=4)
	  Index Cond: ((id >= 4284961) AND (id <= 4285061))

table 5 : explain SELECT id FROM sbtest5 WHERE id BETWEEN 4284961 AND 4285061
	Index Only Scan using sbtest5_pkey on sbtest5  (cost=0.43..6.37 rows=97 width=4)
	  Index Cond: ((id >= 4284961) AND (id <= 4285061))

table 6 : explain SELECT id FROM sbtest6 WHERE id BETWEEN 4284961 AND 4285061
	Index Only Scan using sbtest6_pkey on sbtest6  (cost=0.43..6.47 rows=102 width=4)
	  Index Cond: ((id >= 4284961) AND (id <= 4285061))

table 7 : explain SELECT id FROM sbtest7 WHERE id BETWEEN 4284961 AND 4285061
	Index Only Scan using sbtest7_pkey on sbtest7  (cost=0.43..6.24 rows=90 width=4)
	  Index Cond: ((id >= 4284961) AND (id <= 4285061))

table 8 : explain SELECT id FROM sbtest8 WHERE id BETWEEN 4284961 AND 4285061
	Index Only Scan using sbtest8_pkey on sbtest8  (cost=0.43..6.35 rows=96 width=4)
	  Index Cond: ((id >= 4284961) AND (id <= 4285061))

for range-covered
table 1 : explain SELECT id FROM sbtest1 WHERE id BETWEEN 3566702 AND 3566802
	Index Only Scan using sbtest1_pkey on sbtest1  (cost=0.43..10.32 rows=94 width=4)
	  Index Cond: ((id >= 3566702) AND (id <= 3566802))

table 2 : explain SELECT id FROM sbtest2 WHERE id BETWEEN 3566702 AND 3566802
	Index Only Scan using sbtest2_pkey on sbtest2  (cost=0.43..6.45 rows=101 width=4)
	  Index Cond: ((id >= 3566702) AND (id <= 3566802))

table 3 : explain SELECT id FROM sbtest3 WHERE id BETWEEN 3566702 AND 3566802
	Index Only Scan using sbtest3_pkey on sbtest3  (cost=0.43..6.61 rows=109 width=4)
	  Index Cond: ((id >= 3566702) AND (id <= 3566802))

table 4 : explain SELECT id FROM sbtest4 WHERE id BETWEEN 3566702 AND 3566802
	Index Only Scan using sbtest4_pkey on sbtest4  (cost=0.43..6.56 rows=106 width=4)
	  Index Cond: ((id >= 3566702) AND (id <= 3566802))

table 5 : explain SELECT id FROM sbtest5 WHERE id BETWEEN 3566702 AND 3566802
	Index Only Scan using sbtest5_pkey on sbtest5  (cost=0.43..6.51 rows=104 width=4)
	  Index Cond: ((id >= 3566702) AND (id <= 3566802))

table 6 : explain SELECT id FROM sbtest6 WHERE id BETWEEN 3566702 AND 3566802
	Index Only Scan using sbtest6_pkey on sbtest6  (cost=0.43..6.56 rows=106 width=4)
	  Index Cond: ((id >= 3566702) AND (id <= 3566802))

table 7 : explain SELECT id FROM sbtest7 WHERE id BETWEEN 3566702 AND 3566802
	Index Only Scan using sbtest7_pkey on sbtest7  (cost=0.43..6.45 rows=101 width=4)
	  Index Cond: ((id >= 3566702) AND (id <= 3566802))

table 8 : explain SELECT id FROM sbtest8 WHERE id BETWEEN 3566702 AND 3566802
	Index Only Scan using sbtest8_pkey on sbtest8  (cost=0.43..6.40 rows=98 width=4)
	  Index Cond: ((id >= 3566702) AND (id <= 3566802))

for range-covered
table 1 : explain SELECT id FROM sbtest1 WHERE id BETWEEN 4427171 AND 4427271
	Index Only Scan using sbtest1_pkey on sbtest1  (cost=0.43..10.36 rows=96 width=4)
	  Index Cond: ((id >= 4427171) AND (id <= 4427271))

table 2 : explain SELECT id FROM sbtest2 WHERE id BETWEEN 4427171 AND 4427271
	Index Only Scan using sbtest2_pkey on sbtest2  (cost=0.43..6.43 rows=100 width=4)
	  Index Cond: ((id >= 4427171) AND (id <= 4427271))

table 3 : explain SELECT id FROM sbtest3 WHERE id BETWEEN 4427171 AND 4427271
	Index Only Scan using sbtest3_pkey on sbtest3  (cost=0.43..6.42 rows=99 width=4)
	  Index Cond: ((id >= 4427171) AND (id <= 4427271))

table 4 : explain SELECT id FROM sbtest4 WHERE id BETWEEN 4427171 AND 4427271
	Index Only Scan using sbtest4_pkey on sbtest4  (cost=0.43..6.61 rows=109 width=4)
	  Index Cond: ((id >= 4427171) AND (id <= 4427271))

table 5 : explain SELECT id FROM sbtest5 WHERE id BETWEEN 4427171 AND 4427271
	Index Only Scan using sbtest5_pkey on sbtest5  (cost=0.43..6.35 rows=96 width=4)
	  Index Cond: ((id >= 4427171) AND (id <= 4427271))

table 6 : explain SELECT id FROM sbtest6 WHERE id BETWEEN 4427171 AND 4427271
	Index Only Scan using sbtest6_pkey on sbtest6  (cost=0.43..6.33 rows=95 width=4)
	  Index Cond: ((id >= 4427171) AND (id <= 4427271))

table 7 : explain SELECT id FROM sbtest7 WHERE id BETWEEN 4427171 AND 4427271
	Index Only Scan using sbtest7_pkey on sbtest7  (cost=0.43..6.58 rows=107 width=4)
	  Index Cond: ((id >= 4427171) AND (id <= 4427271))

table 8 : explain SELECT id FROM sbtest8 WHERE id BETWEEN 4427171 AND 4427271
	Index Only Scan using sbtest8_pkey on sbtest8  (cost=0.43..6.32 rows=94 width=4)
	  Index Cond: ((id >= 4427171) AND (id <= 4427271))

explain: for range-covered :: explain SELECT id FROM sbtest%d WHERE id BETWEEN 3566702 AND 3566802
for range-covered
table 1 : explain SELECT id FROM sbtest1 WHERE id BETWEEN 3954336 AND 3954436
	Index Only Scan using sbtest1_pkey on sbtest1  (cost=0.43..10.50 rows=103 width=4)
	  Index Cond: ((id >= 3954336) AND (id <= 3954436))

table 2 : explain SELECT id FROM sbtest2 WHERE id BETWEEN 3954336 AND 3954436
	Index Only Scan using sbtest2_pkey on sbtest2  (cost=0.43..6.66 rows=111 width=4)
	  Index Cond: ((id >= 3954336) AND (id <= 3954436))

table 3 : explain SELECT id FROM sbtest3 WHERE id BETWEEN 3954336 AND 3954436
	Index Only Scan using sbtest3_pkey on sbtest3  (cost=0.43..6.51 rows=104 width=4)
	  Index Cond: ((id >= 3954336) AND (id <= 3954436))

table 4 : explain SELECT id FROM sbtest4 WHERE id BETWEEN 3954336 AND 3954436
	Index Only Scan using sbtest4_pkey on sbtest4  (cost=0.43..6.75 rows=116 width=4)
	  Index Cond: ((id >= 3954336) AND (id <= 3954436))

table 5 : explain SELECT id FROM sbtest5 WHERE id BETWEEN 3954336 AND 3954436
	Index Only Scan using sbtest5_pkey on sbtest5  (cost=0.43..6.35 rows=96 width=4)
	  Index Cond: ((id >= 3954336) AND (id <= 3954436))

table 6 : explain SELECT id FROM sbtest6 WHERE id BETWEEN 3954336 AND 3954436
	Index Only Scan using sbtest6_pkey on sbtest6  (cost=0.43..6.51 rows=104 width=4)
	  Index Cond: ((id >= 3954336) AND (id <= 3954436))

table 7 : explain SELECT id FROM sbtest7 WHERE id BETWEEN 3954336 AND 3954436
	Index Only Scan using sbtest7_pkey on sbtest7  (cost=0.43..6.50 rows=103 width=4)
	  Index Cond: ((id >= 3954336) AND (id <= 3954436))

table 8 : explain SELECT id FROM sbtest8 WHERE id BETWEEN 3954336 AND 3954436
	Index Only Scan using sbtest8_pkey on sbtest8  (cost=0.43..6.32 rows=94 width=4)
	  Index Cond: ((id >= 3954336) AND (id <= 3954436))

explain: for range-covered :: explain SELECT id FROM sbtest%d WHERE id BETWEEN 4427171 AND 4427271
explain: for range-covered :: explain SELECT id FROM sbtest%d WHERE id BETWEEN 4284961 AND 4285061
explain: for range-covered :: explain SELECT id FROM sbtest%d WHERE id BETWEEN 3954336 AND 3954436
for range-covered
table 1 : explain SELECT id FROM sbtest1 WHERE id BETWEEN 696777 AND 696877
	Index Only Scan using sbtest1_pkey on sbtest1  (cost=0.43..10.56 rows=106 width=4)
	  Index Cond: ((id >= 696777) AND (id <= 696877))

table 2 : explain SELECT id FROM sbtest2 WHERE id BETWEEN 696777 AND 696877
	Index Only Scan using sbtest2_pkey on sbtest2  (cost=0.43..6.43 rows=100 width=4)
	  Index Cond: ((id >= 696777) AND (id <= 696877))

table 3 : explain SELECT id FROM sbtest3 WHERE id BETWEEN 696777 AND 696877
	Index Only Scan using sbtest3_pkey on sbtest3  (cost=0.43..6.29 rows=93 width=4)
	  Index Cond: ((id >= 696777) AND (id <= 696877))

table 4 : explain SELECT id FROM sbtest4 WHERE id BETWEEN 696777 AND 696877
	Index Only Scan using sbtest4_pkey on sbtest4  (cost=0.43..6.32 rows=94 width=4)
	  Index Cond: ((id >= 696777) AND (id <= 696877))

table 5 : explain SELECT id FROM sbtest5 WHERE id BETWEEN 696777 AND 696877
	Index Only Scan using sbtest5_pkey on sbtest5  (cost=0.43..6.59 rows=108 width=4)
	  Index Cond: ((id >= 696777) AND (id <= 696877))

table 6 : explain SELECT id FROM sbtest6 WHERE id BETWEEN 696777 AND 696877
	Index Only Scan using sbtest6_pkey on sbtest6  (cost=0.43..6.35 rows=96 width=4)
	  Index Cond: ((id >= 696777) AND (id <= 696877))

table 7 : explain SELECT id FROM sbtest7 WHERE id BETWEEN 696777 AND 696877
	Index Only Scan using sbtest7_pkey on sbtest7  (cost=0.43..6.29 rows=93 width=4)
	  Index Cond: ((id >= 696777) AND (id <= 696877))

table 8 : explain SELECT id FROM sbtest8 WHERE id BETWEEN 696777 AND 696877
	Index Only Scan using sbtest8_pkey on sbtest8  (cost=0.43..6.51 rows=104 width=4)
	  Index Cond: ((id >= 696777) AND (id <= 696877))

for range-covered
table 1 : explain SELECT id FROM sbtest1 WHERE id BETWEEN 5632271 AND 5632371
	Index Only Scan using sbtest1_pkey on sbtest1  (cost=0.43..10.47 rows=102 width=4)
	  Index Cond: ((id >= 5632271) AND (id <= 5632371))

table 2 : explain SELECT id FROM sbtest2 WHERE id BETWEEN 5632271 AND 5632371
	Index Only Scan using sbtest2_pkey on sbtest2  (cost=0.43..6.33 rows=95 width=4)
	  Index Cond: ((id >= 5632271) AND (id <= 5632371))

table 3 : explain SELECT id FROM sbtest3 WHERE id BETWEEN 5632271 AND 5632371
	Index Only Scan using sbtest3_pkey on sbtest3  (cost=0.43..6.47 rows=102 width=4)
	  Index Cond: ((id >= 5632271) AND (id <= 5632371))

table 4 : explain SELECT id FROM sbtest4 WHERE id BETWEEN 5632271 AND 5632371
	Index Only Scan using sbtest4_pkey on sbtest4  (cost=0.43..6.43 rows=100 width=4)
	  Index Cond: ((id >= 5632271) AND (id <= 5632371))

table 5 : explain SELECT id FROM sbtest5 WHERE id BETWEEN 5632271 AND 5632371
	Index Only Scan using sbtest5_pkey on sbtest5  (cost=0.43..6.32 rows=94 width=4)
	  Index Cond: ((id >= 5632271) AND (id <= 5632371))

table 6 : explain SELECT id FROM sbtest6 WHERE id BETWEEN 5632271 AND 5632371
	Index Only Scan using sbtest6_pkey on sbtest6  (cost=0.43..6.42 rows=99 width=4)
	  Index Cond: ((id >= 5632271) AND (id <= 5632371))

table 7 : explain SELECT id FROM sbtest7 WHERE id BETWEEN 5632271 AND 5632371
	Index Only Scan using sbtest7_pkey on sbtest7  (cost=0.43..6.58 rows=107 width=4)
	  Index Cond: ((id >= 5632271) AND (id <= 5632371))

table 8 : explain SELECT id FROM sbtest8 WHERE id BETWEEN 5632271 AND 5632371
	Index Only Scan using sbtest8_pkey on sbtest8  (cost=0.43..6.42 rows=99 width=4)
	  Index Cond: ((id >= 5632271) AND (id <= 5632371))

explain: for range-covered :: explain SELECT id FROM sbtest%d WHERE id BETWEEN 696777 AND 696877
for range-covered
table 1 : explain SELECT id FROM sbtest1 WHERE id BETWEEN 7005397 AND 7005497
	Index Only Scan using sbtest1_pkey on sbtest1  (cost=0.43..10.50 rows=103 width=4)
	  Index Cond: ((id >= 7005397) AND (id <= 7005497))

table 2 : explain SELECT id FROM sbtest2 WHERE id BETWEEN 7005397 AND 7005497
	Index Only Scan using sbtest2_pkey on sbtest2  (cost=0.43..6.45 rows=101 width=4)
	  Index Cond: ((id >= 7005397) AND (id <= 7005497))

table 3 : explain SELECT id FROM sbtest3 WHERE id BETWEEN 7005397 AND 7005497
	Index Only Scan using sbtest3_pkey on sbtest3  (cost=0.43..6.45 rows=101 width=4)
	  Index Cond: ((id >= 7005397) AND (id <= 7005497))

table 4 : explain SELECT id FROM sbtest4 WHERE id BETWEEN 7005397 AND 7005497
	Index Only Scan using sbtest4_pkey on sbtest4  (cost=0.43..6.35 rows=96 width=4)
	  Index Cond: ((id >= 7005397) AND (id <= 7005497))

table 5 : explain SELECT id FROM sbtest5 WHERE id BETWEEN 7005397 AND 7005497
	Index Only Scan using sbtest5_pkey on sbtest5  (cost=0.43..6.45 rows=101 width=4)
	  Index Cond: ((id >= 7005397) AND (id <= 7005497))

table 6 : explain SELECT id FROM sbtest6 WHERE id BETWEEN 7005397 AND 7005497
	Index Only Scan using sbtest6_pkey on sbtest6  (cost=0.43..6.42 rows=99 width=4)
	  Index Cond: ((id >= 7005397) AND (id <= 7005497))

table 7 : explain SELECT id FROM sbtest7 WHERE id BETWEEN 7005397 AND 7005497
	Index Only Scan using sbtest7_pkey on sbtest7  (cost=0.43..6.40 rows=98 width=4)
	  Index Cond: ((id >= 7005397) AND (id <= 7005497))

table 8 : explain SELECT id FROM sbtest8 WHERE id BETWEEN 7005397 AND 7005497
	Index Only Scan using sbtest8_pkey on sbtest8  (cost=0.43..6.47 rows=102 width=4)
	  Index Cond: ((id >= 7005397) AND (id <= 7005497))

for range-covered
table 1 : explain SELECT id FROM sbtest1 WHERE id BETWEEN 3566702 AND 3566802
	Index Only Scan using sbtest1_pkey on sbtest1  (cost=0.43..10.32 rows=94 width=4)
	  Index Cond: ((id >= 3566702) AND (id <= 3566802))

table 2 : explain SELECT id FROM sbtest2 WHERE id BETWEEN 3566702 AND 3566802
	Index Only Scan using sbtest2_pkey on sbtest2  (cost=0.43..6.45 rows=101 width=4)
	  Index Cond: ((id >= 3566702) AND (id <= 3566802))

table 3 : explain SELECT id FROM sbtest3 WHERE id BETWEEN 3566702 AND 3566802
	Index Only Scan using sbtest3_pkey on sbtest3  (cost=0.43..6.61 rows=109 width=4)
	  Index Cond: ((id >= 3566702) AND (id <= 3566802))

table 4 : explain SELECT id FROM sbtest4 WHERE id BETWEEN 3566702 AND 3566802
	Index Only Scan using sbtest4_pkey on sbtest4  (cost=0.43..6.56 rows=106 width=4)
	  Index Cond: ((id >= 3566702) AND (id <= 3566802))

table 5 : explain SELECT id FROM sbtest5 WHERE id BETWEEN 3566702 AND 3566802
	Index Only Scan using sbtest5_pkey on sbtest5  (cost=0.43..6.51 rows=104 width=4)
	  Index Cond: ((id >= 3566702) AND (id <= 3566802))

table 6 : explain SELECT id FROM sbtest6 WHERE id BETWEEN 3566702 AND 3566802
	Index Only Scan using sbtest6_pkey on sbtest6  (cost=0.43..6.56 rows=106 width=4)
	  Index Cond: ((id >= 3566702) AND (id <= 3566802))

table 7 : explain SELECT id FROM sbtest7 WHERE id BETWEEN 3566702 AND 3566802
	Index Only Scan using sbtest7_pkey on sbtest7  (cost=0.43..6.45 rows=101 width=4)
	  Index Cond: ((id >= 3566702) AND (id <= 3566802))

table 8 : explain SELECT id FROM sbtest8 WHERE id BETWEEN 3566702 AND 3566802
	Index Only Scan using sbtest8_pkey on sbtest8  (cost=0.43..6.40 rows=98 width=4)
	  Index Cond: ((id >= 3566702) AND (id <= 3566802))

explain: for range-covered :: explain SELECT id FROM sbtest%d WHERE id BETWEEN 3566702 AND 3566802
for range-covered
table 1 : explain SELECT id FROM sbtest1 WHERE id BETWEEN 4427171 AND 4427271
	Index Only Scan using sbtest1_pkey on sbtest1  (cost=0.43..10.36 rows=96 width=4)
	  Index Cond: ((id >= 4427171) AND (id <= 4427271))

table 2 : explain SELECT id FROM sbtest2 WHERE id BETWEEN 4427171 AND 4427271
	Index Only Scan using sbtest2_pkey on sbtest2  (cost=0.43..6.43 rows=100 width=4)
	  Index Cond: ((id >= 4427171) AND (id <= 4427271))

table 3 : explain SELECT id FROM sbtest3 WHERE id BETWEEN 4427171 AND 4427271
	Index Only Scan using sbtest3_pkey on sbtest3  (cost=0.43..6.42 rows=99 width=4)
	  Index Cond: ((id >= 4427171) AND (id <= 4427271))

table 4 : explain SELECT id FROM sbtest4 WHERE id BETWEEN 4427171 AND 4427271
	Index Only Scan using sbtest4_pkey on sbtest4  (cost=0.43..6.61 rows=109 width=4)
	  Index Cond: ((id >= 4427171) AND (id <= 4427271))

table 5 : explain SELECT id FROM sbtest5 WHERE id BETWEEN 4427171 AND 4427271
	Index Only Scan using sbtest5_pkey on sbtest5  (cost=0.43..6.35 rows=96 width=4)
	  Index Cond: ((id >= 4427171) AND (id <= 4427271))

table 6 : explain SELECT id FROM sbtest6 WHERE id BETWEEN 4427171 AND 4427271
	Index Only Scan using sbtest6_pkey on sbtest6  (cost=0.43..6.33 rows=95 width=4)
	  Index Cond: ((id >= 4427171) AND (id <= 4427271))

table 7 : explain SELECT id FROM sbtest7 WHERE id BETWEEN 4427171 AND 4427271
	Index Only Scan using sbtest7_pkey on sbtest7  (cost=0.43..6.58 rows=107 width=4)
	  Index Cond: ((id >= 4427171) AND (id <= 4427271))

table 8 : explain SELECT id FROM sbtest8 WHERE id BETWEEN 4427171 AND 4427271
	Index Only Scan using sbtest8_pkey on sbtest8  (cost=0.43..6.32 rows=94 width=4)
	  Index Cond: ((id >= 4427171) AND (id <= 4427271))

explain: for range-covered :: explain SELECT id FROM sbtest%d WHERE id BETWEEN 4427171 AND 4427271
explain: for range-covered :: explain SELECT id FROM sbtest%d WHERE id BETWEEN 6717403 AND 6717503
explain: for range-covered :: explain SELECT id FROM sbtest%d WHERE id BETWEEN 4999118 AND 4999218
for range-covered
table 1 : explain SELECT id FROM sbtest1 WHERE id BETWEEN 3566702 AND 3566802
	Index Only Scan using sbtest1_pkey on sbtest1  (cost=0.43..10.32 rows=94 width=4)
	  Index Cond: ((id >= 3566702) AND (id <= 3566802))

table 2 : explain SELECT id FROM sbtest2 WHERE id BETWEEN 3566702 AND 3566802
	Index Only Scan using sbtest2_pkey on sbtest2  (cost=0.43..6.45 rows=101 width=4)
	  Index Cond: ((id >= 3566702) AND (id <= 3566802))

table 3 : explain SELECT id FROM sbtest3 WHERE id BETWEEN 3566702 AND 3566802
	Index Only Scan using sbtest3_pkey on sbtest3  (cost=0.43..6.61 rows=109 width=4)
	  Index Cond: ((id >= 3566702) AND (id <= 3566802))

table 4 : explain SELECT id FROM sbtest4 WHERE id BETWEEN 3566702 AND 3566802
	Index Only Scan using sbtest4_pkey on sbtest4  (cost=0.43..6.56 rows=106 width=4)
	  Index Cond: ((id >= 3566702) AND (id <= 3566802))

table 5 : explain SELECT id FROM sbtest5 WHERE id BETWEEN 3566702 AND 3566802
	Index Only Scan using sbtest5_pkey on sbtest5  (cost=0.43..6.51 rows=104 width=4)
	  Index Cond: ((id >= 3566702) AND (id <= 3566802))

table 6 : explain SELECT id FROM sbtest6 WHERE id BETWEEN 3566702 AND 3566802
	Index Only Scan using sbtest6_pkey on sbtest6  (cost=0.43..6.56 rows=106 width=4)
	  Index Cond: ((id >= 3566702) AND (id <= 3566802))

table 7 : explain SELECT id FROM sbtest7 WHERE id BETWEEN 3566702 AND 3566802
	Index Only Scan using sbtest7_pkey on sbtest7  (cost=0.43..6.45 rows=101 width=4)
	  Index Cond: ((id >= 3566702) AND (id <= 3566802))

table 8 : explain SELECT id FROM sbtest8 WHERE id BETWEEN 3566702 AND 3566802
	Index Only Scan using sbtest8_pkey on sbtest8  (cost=0.43..6.40 rows=98 width=4)
	  Index Cond: ((id >= 3566702) AND (id <= 3566802))

explain: for range-covered :: explain SELECT id FROM sbtest%d WHERE id BETWEEN 3566702 AND 3566802
for range-covered
table 1 : explain SELECT id FROM sbtest1 WHERE id BETWEEN 4284961 AND 4285061
	Index Only Scan using sbtest1_pkey on sbtest1  (cost=0.43..10.40 rows=98 width=4)
	  Index Cond: ((id >= 4284961) AND (id <= 4285061))

table 2 : explain SELECT id FROM sbtest2 WHERE id BETWEEN 4284961 AND 4285061
	Index Only Scan using sbtest2_pkey on sbtest2  (cost=0.43..6.42 rows=99 width=4)
	  Index Cond: ((id >= 4284961) AND (id <= 4285061))

table 3 : explain SELECT id FROM sbtest3 WHERE id BETWEEN 4284961 AND 4285061
	Index Only Scan using sbtest3_pkey on sbtest3  (cost=0.43..6.40 rows=98 width=4)
	  Index Cond: ((id >= 4284961) AND (id <= 4285061))

table 4 : explain SELECT id FROM sbtest4 WHERE id BETWEEN 4284961 AND 4285061
	Index Only Scan using sbtest4_pkey on sbtest4  (cost=0.43..6.53 rows=105 width=4)
	  Index Cond: ((id >= 4284961) AND (id <= 4285061))

table 5 : explain SELECT id FROM sbtest5 WHERE id BETWEEN 4284961 AND 4285061
	Index Only Scan using sbtest5_pkey on sbtest5  (cost=0.43..6.37 rows=97 width=4)
	  Index Cond: ((id >= 4284961) AND (id <= 4285061))

table 6 : explain SELECT id FROM sbtest6 WHERE id BETWEEN 4284961 AND 4285061
	Index Only Scan using sbtest6_pkey on sbtest6  (cost=0.43..6.47 rows=102 width=4)
	  Index Cond: ((id >= 4284961) AND (id <= 4285061))

table 7 : explain SELECT id FROM sbtest7 WHERE id BETWEEN 4284961 AND 4285061
	Index Only Scan using sbtest7_pkey on sbtest7  (cost=0.43..6.24 rows=90 width=4)
	  Index Cond: ((id >= 4284961) AND (id <= 4285061))

table 8 : explain SELECT id FROM sbtest8 WHERE id BETWEEN 4284961 AND 4285061
	Index Only Scan using sbtest8_pkey on sbtest8  (cost=0.43..6.35 rows=96 width=4)
	  Index Cond: ((id >= 4284961) AND (id <= 4285061))

for range-covered
table 1 : explain SELECT id FROM sbtest1 WHERE id BETWEEN 4427171 AND 4427271
	Index Only Scan using sbtest1_pkey on sbtest1  (cost=0.43..10.36 rows=96 width=4)
	  Index Cond: ((id >= 4427171) AND (id <= 4427271))

table 2 : explain SELECT id FROM sbtest2 WHERE id BETWEEN 4427171 AND 4427271
	Index Only Scan using sbtest2_pkey on sbtest2  (cost=0.43..6.43 rows=100 width=4)
	  Index Cond: ((id >= 4427171) AND (id <= 4427271))

table 3 : explain SELECT id FROM sbtest3 WHERE id BETWEEN 4427171 AND 4427271
	Index Only Scan using sbtest3_pkey on sbtest3  (cost=0.43..6.42 rows=99 width=4)
	  Index Cond: ((id >= 4427171) AND (id <= 4427271))

table 4 : explain SELECT id FROM sbtest4 WHERE id BETWEEN 4427171 AND 4427271
	Index Only Scan using sbtest4_pkey on sbtest4  (cost=0.43..6.61 rows=109 width=4)
	  Index Cond: ((id >= 4427171) AND (id <= 4427271))

table 5 : explain SELECT id FROM sbtest5 WHERE id BETWEEN 4427171 AND 4427271
	Index Only Scan using sbtest5_pkey on sbtest5  (cost=0.43..6.35 rows=96 width=4)
	  Index Cond: ((id >= 4427171) AND (id <= 4427271))

table 6 : explain SELECT id FROM sbtest6 WHERE id BETWEEN 4427171 AND 4427271
	Index Only Scan using sbtest6_pkey on sbtest6  (cost=0.43..6.33 rows=95 width=4)
	  Index Cond: ((id >= 4427171) AND (id <= 4427271))

table 7 : explain SELECT id FROM sbtest7 WHERE id BETWEEN 4427171 AND 4427271
	Index Only Scan using sbtest7_pkey on sbtest7  (cost=0.43..6.58 rows=107 width=4)
	  Index Cond: ((id >= 4427171) AND (id <= 4427271))

table 8 : explain SELECT id FROM sbtest8 WHERE id BETWEEN 4427171 AND 4427271
	Index Only Scan using sbtest8_pkey on sbtest8  (cost=0.43..6.32 rows=94 width=4)
	  Index Cond: ((id >= 4427171) AND (id <= 4427271))

explain: for range-covered :: explain SELECT id FROM sbtest%d WHERE id BETWEEN 4427171 AND 4427271
for range-covered
table 1 : explain SELECT id FROM sbtest1 WHERE id BETWEEN 3954336 AND 3954436
	Index Only Scan using sbtest1_pkey on sbtest1  (cost=0.43..10.50 rows=103 width=4)
	  Index Cond: ((id >= 3954336) AND (id <= 3954436))

table 2 : explain SELECT id FROM sbtest2 WHERE id BETWEEN 3954336 AND 3954436
	Index Only Scan using sbtest2_pkey on sbtest2  (cost=0.43..6.66 rows=111 width=4)
	  Index Cond: ((id >= 3954336) AND (id <= 3954436))

table 3 : explain SELECT id FROM sbtest3 WHERE id BETWEEN 3954336 AND 3954436
	Index Only Scan using sbtest3_pkey on sbtest3  (cost=0.43..6.51 rows=104 width=4)
	  Index Cond: ((id >= 3954336) AND (id <= 3954436))

table 4 : explain SELECT id FROM sbtest4 WHERE id BETWEEN 3954336 AND 3954436
	Index Only Scan using sbtest4_pkey on sbtest4  (cost=0.43..6.75 rows=116 width=4)
	  Index Cond: ((id >= 3954336) AND (id <= 3954436))

table 5 : explain SELECT id FROM sbtest5 WHERE id BETWEEN 3954336 AND 3954436
	Index Only Scan using sbtest5_pkey on sbtest5  (cost=0.43..6.35 rows=96 width=4)
	  Index Cond: ((id >= 3954336) AND (id <= 3954436))

table 6 : explain SELECT id FROM sbtest6 WHERE id BETWEEN 3954336 AND 3954436
	Index Only Scan using sbtest6_pkey on sbtest6  (cost=0.43..6.51 rows=104 width=4)
	  Index Cond: ((id >= 3954336) AND (id <= 3954436))

table 7 : explain SELECT id FROM sbtest7 WHERE id BETWEEN 3954336 AND 3954436
	Index Only Scan using sbtest7_pkey on sbtest7  (cost=0.43..6.50 rows=103 width=4)
	  Index Cond: ((id >= 3954336) AND (id <= 3954436))

table 8 : explain SELECT id FROM sbtest8 WHERE id BETWEEN 3954336 AND 3954436
	Index Only Scan using sbtest8_pkey on sbtest8  (cost=0.43..6.32 rows=94 width=4)
	  Index Cond: ((id >= 3954336) AND (id <= 3954436))

explain: for range-covered :: explain SELECT id FROM sbtest%d WHERE id BETWEEN 4284961 AND 4285061
explain: for range-covered :: explain SELECT id FROM sbtest%d WHERE id BETWEEN 2348902 AND 2349002
for range-covered
table 1 : explain SELECT id FROM sbtest1 WHERE id BETWEEN 696777 AND 696877
	Index Only Scan using sbtest1_pkey on sbtest1  (cost=0.43..10.56 rows=106 width=4)
	  Index Cond: ((id >= 696777) AND (id <= 696877))

table 2 : explain SELECT id FROM sbtest2 WHERE id BETWEEN 696777 AND 696877
	Index Only Scan using sbtest2_pkey on sbtest2  (cost=0.43..6.43 rows=100 width=4)
	  Index Cond: ((id >= 696777) AND (id <= 696877))

table 3 : explain SELECT id FROM sbtest3 WHERE id BETWEEN 696777 AND 696877
	Index Only Scan using sbtest3_pkey on sbtest3  (cost=0.43..6.29 rows=93 width=4)
	  Index Cond: ((id >= 696777) AND (id <= 696877))

table 4 : explain SELECT id FROM sbtest4 WHERE id BETWEEN 696777 AND 696877
	Index Only Scan using sbtest4_pkey on sbtest4  (cost=0.43..6.32 rows=94 width=4)
	  Index Cond: ((id >= 696777) AND (id <= 696877))

table 5 : explain SELECT id FROM sbtest5 WHERE id BETWEEN 696777 AND 696877
	Index Only Scan using sbtest5_pkey on sbtest5  (cost=0.43..6.59 rows=108 width=4)
	  Index Cond: ((id >= 696777) AND (id <= 696877))

table 6 : explain SELECT id FROM sbtest6 WHERE id BETWEEN 696777 AND 696877
	Index Only Scan using sbtest6_pkey on sbtest6  (cost=0.43..6.35 rows=96 width=4)
	  Index Cond: ((id >= 696777) AND (id <= 696877))

table 7 : explain SELECT id FROM sbtest7 WHERE id BETWEEN 696777 AND 696877
	Index Only Scan using sbtest7_pkey on sbtest7  (cost=0.43..6.29 rows=93 width=4)
	  Index Cond: ((id >= 696777) AND (id <= 696877))

table 8 : explain SELECT id FROM sbtest8 WHERE id BETWEEN 696777 AND 696877
	Index Only Scan using sbtest8_pkey on sbtest8  (cost=0.43..6.51 rows=104 width=4)
	  Index Cond: ((id >= 696777) AND (id <= 696877))

explain: for range-covered :: explain SELECT id FROM sbtest%d WHERE id BETWEEN 696777 AND 696877
for range-covered
table 1 : explain SELECT id FROM sbtest1 WHERE id BETWEEN 3566702 AND 3566802
	Index Only Scan using sbtest1_pkey on sbtest1  (cost=0.43..10.32 rows=94 width=4)
	  Index Cond: ((id >= 3566702) AND (id <= 3566802))

table 2 : explain SELECT id FROM sbtest2 WHERE id BETWEEN 3566702 AND 3566802
	Index Only Scan using sbtest2_pkey on sbtest2  (cost=0.43..6.45 rows=101 width=4)
	  Index Cond: ((id >= 3566702) AND (id <= 3566802))

table 3 : explain SELECT id FROM sbtest3 WHERE id BETWEEN 3566702 AND 3566802
	Index Only Scan using sbtest3_pkey on sbtest3  (cost=0.43..6.61 rows=109 width=4)
	  Index Cond: ((id >= 3566702) AND (id <= 3566802))

table 4 : explain SELECT id FROM sbtest4 WHERE id BETWEEN 3566702 AND 3566802
	Index Only Scan using sbtest4_pkey on sbtest4  (cost=0.43..6.56 rows=106 width=4)
	  Index Cond: ((id >= 3566702) AND (id <= 3566802))

table 5 : explain SELECT id FROM sbtest5 WHERE id BETWEEN 3566702 AND 3566802
	Index Only Scan using sbtest5_pkey on sbtest5  (cost=0.43..6.51 rows=104 width=4)
	  Index Cond: ((id >= 3566702) AND (id <= 3566802))

table 6 : explain SELECT id FROM sbtest6 WHERE id BETWEEN 3566702 AND 3566802
	Index Only Scan using sbtest6_pkey on sbtest6  (cost=0.43..6.56 rows=106 width=4)
	  Index Cond: ((id >= 3566702) AND (id <= 3566802))

table 7 : explain SELECT id FROM sbtest7 WHERE id BETWEEN 3566702 AND 3566802
	Index Only Scan using sbtest7_pkey on sbtest7  (cost=0.43..6.45 rows=101 width=4)
	  Index Cond: ((id >= 3566702) AND (id <= 3566802))

table 8 : explain SELECT id FROM sbtest8 WHERE id BETWEEN 3566702 AND 3566802
	Index Only Scan using sbtest8_pkey on sbtest8  (cost=0.43..6.40 rows=98 width=4)
	  Index Cond: ((id >= 3566702) AND (id <= 3566802))

explain: for range-covered :: explain SELECT id FROM sbtest%d WHERE id BETWEEN 3566702 AND 3566802
for range-covered
table 1 : explain SELECT id FROM sbtest1 WHERE id BETWEEN 4427171 AND 4427271
	Index Only Scan using sbtest1_pkey on sbtest1  (cost=0.43..10.36 rows=96 width=4)
	  Index Cond: ((id >= 4427171) AND (id <= 4427271))

table 2 : explain SELECT id FROM sbtest2 WHERE id BETWEEN 4427171 AND 4427271
	Index Only Scan using sbtest2_pkey on sbtest2  (cost=0.43..6.43 rows=100 width=4)
	  Index Cond: ((id >= 4427171) AND (id <= 4427271))

table 3 : explain SELECT id FROM sbtest3 WHERE id BETWEEN 4427171 AND 4427271
	Index Only Scan using sbtest3_pkey on sbtest3  (cost=0.43..6.42 rows=99 width=4)
	  Index Cond: ((id >= 4427171) AND (id <= 4427271))

table 4 : explain SELECT id FROM sbtest4 WHERE id BETWEEN 4427171 AND 4427271
	Index Only Scan using sbtest4_pkey on sbtest4  (cost=0.43..6.61 rows=109 width=4)
	  Index Cond: ((id >= 4427171) AND (id <= 4427271))

table 5 : explain SELECT id FROM sbtest5 WHERE id BETWEEN 4427171 AND 4427271
	Index Only Scan using sbtest5_pkey on sbtest5  (cost=0.43..6.35 rows=96 width=4)
	  Index Cond: ((id >= 4427171) AND (id <= 4427271))

table 6 : explain SELECT id FROM sbtest6 WHERE id BETWEEN 4427171 AND 4427271
	Index Only Scan using sbtest6_pkey on sbtest6  (cost=0.43..6.33 rows=95 width=4)
	  Index Cond: ((id >= 4427171) AND (id <= 4427271))

table 7 : explain SELECT id FROM sbtest7 WHERE id BETWEEN 4427171 AND 4427271
	Index Only Scan using sbtest7_pkey on sbtest7  (cost=0.43..6.58 rows=107 width=4)
	  Index Cond: ((id >= 4427171) AND (id <= 4427271))

table 8 : explain SELECT id FROM sbtest8 WHERE id BETWEEN 4427171 AND 4427271
	Index Only Scan using sbtest8_pkey on sbtest8  (cost=0.43..6.32 rows=94 width=4)
	  Index Cond: ((id >= 4427171) AND (id <= 4427271))


explain: for range-covered :: explain SELECT id FROM sbtest%d WHERE id BETWEEN 6041672 AND 6041772
for range-covered
table 1 : explain SELECT id FROM sbtest1 WHERE id BETWEEN 4284961 AND 4285061
	Index Only Scan using sbtest1_pkey on sbtest1  (cost=0.43..10.40 rows=98 width=4)
	  Index Cond: ((id >= 4284961) AND (id <= 4285061))

table 2 : explain SELECT id FROM sbtest2 WHERE id BETWEEN 4284961 AND 4285061
	Index Only Scan using sbtest2_pkey on sbtest2  (cost=0.43..6.42 rows=99 width=4)
	  Index Cond: ((id >= 4284961) AND (id <= 4285061))

table 3 : explain SELECT id FROM sbtest3 WHERE id BETWEEN 4284961 AND 4285061
	Index Only Scan using sbtest3_pkey on sbtest3  (cost=0.43..6.40 rows=98 width=4)
	  Index Cond: ((id >= 4284961) AND (id <= 4285061))

table 4 : explain SELECT id FROM sbtest4 WHERE id BETWEEN 4284961 AND 4285061
	Index Only Scan using sbtest4_pkey on sbtest4  (cost=0.43..6.53 rows=105 width=4)
	  Index Cond: ((id >= 4284961) AND (id <= 4285061))

table 5 : explain SELECT id FROM sbtest5 WHERE id BETWEEN 4284961 AND 4285061
	Index Only Scan using sbtest5_pkey on sbtest5  (cost=0.43..6.37 rows=97 width=4)
	  Index Cond: ((id >= 4284961) AND (id <= 4285061))

table 6 : explain SELECT id FROM sbtest6 WHERE id BETWEEN 4284961 AND 4285061
	Index Only Scan using sbtest6_pkey on sbtest6  (cost=0.43..6.47 rows=102 width=4)
	  Index Cond: ((id >= 4284961) AND (id <= 4285061))

table 7 : explain SELECT id FROM sbtest7 WHERE id BETWEEN 4284961 AND 4285061
	Index Only Scan using sbtest7_pkey on sbtest7  (cost=0.43..6.24 rows=90 width=4)
	  Index Cond: ((id >= 4284961) AND (id <= 4285061))

table 8 : explain SELECT id FROM sbtest8 WHERE id BETWEEN 4284961 AND 4285061
	Index Only Scan using sbtest8_pkey on sbtest8  (cost=0.43..6.35 rows=96 width=4)
	  Index Cond: ((id >= 4284961) AND (id <= 4285061))

for range-covered
table 1 : explain SELECT id FROM sbtest1 WHERE id BETWEEN 3566702 AND 3566802
	Index Only Scan using sbtest1_pkey on sbtest1  (cost=0.43..10.32 rows=94 width=4)
	  Index Cond: ((id >= 3566702) AND (id <= 3566802))

table 2 : explain SELECT id FROM sbtest2 WHERE id BETWEEN 3566702 AND 3566802
	Index Only Scan using sbtest2_pkey on sbtest2  (cost=0.43..6.45 rows=101 width=4)
	  Index Cond: ((id >= 3566702) AND (id <= 3566802))

table 3 : explain SELECT id FROM sbtest3 WHERE id BETWEEN 3566702 AND 3566802
	Index Only Scan using sbtest3_pkey on sbtest3  (cost=0.43..6.61 rows=109 width=4)
	  Index Cond: ((id >= 3566702) AND (id <= 3566802))

table 4 : explain SELECT id FROM sbtest4 WHERE id BETWEEN 3566702 AND 3566802
	Index Only Scan using sbtest4_pkey on sbtest4  (cost=0.43..6.56 rows=106 width=4)
	  Index Cond: ((id >= 3566702) AND (id <= 3566802))

table 5 : explain SELECT id FROM sbtest5 WHERE id BETWEEN 3566702 AND 3566802
	Index Only Scan using sbtest5_pkey on sbtest5  (cost=0.43..6.51 rows=104 width=4)
	  Index Cond: ((id >= 3566702) AND (id <= 3566802))

table 6 : explain SELECT id FROM sbtest6 WHERE id BETWEEN 3566702 AND 3566802
	Index Only Scan using sbtest6_pkey on sbtest6  (cost=0.43..6.56 rows=106 width=4)
	  Index Cond: ((id >= 3566702) AND (id <= 3566802))

table 7 : explain SELECT id FROM sbtest7 WHERE id BETWEEN 3566702 AND 3566802
	Index Only Scan using sbtest7_pkey on sbtest7  (cost=0.43..6.45 rows=101 width=4)
	  Index Cond: ((id >= 3566702) AND (id <= 3566802))

table 8 : explain SELECT id FROM sbtest8 WHERE id BETWEEN 3566702 AND 3566802
	Index Only Scan using sbtest8_pkey on sbtest8  (cost=0.43..6.40 rows=98 width=4)
	  Index Cond: ((id >= 3566702) AND (id <= 3566802))

explain: for range-covered :: explain SELECT id FROM sbtest%d WHERE id BETWEEN 3566702 AND 3566802
for range-covered
table 1 : explain SELECT id FROM sbtest1 WHERE id BETWEEN 696777 AND 696877
	Index Only Scan using sbtest1_pkey on sbtest1  (cost=0.43..10.56 rows=106 width=4)
	  Index Cond: ((id >= 696777) AND (id <= 696877))

table 2 : explain SELECT id FROM sbtest2 WHERE id BETWEEN 696777 AND 696877
	Index Only Scan using sbtest2_pkey on sbtest2  (cost=0.43..6.43 rows=100 width=4)
	  Index Cond: ((id >= 696777) AND (id <= 696877))

table 3 : explain SELECT id FROM sbtest3 WHERE id BETWEEN 696777 AND 696877
	Index Only Scan using sbtest3_pkey on sbtest3  (cost=0.43..6.29 rows=93 width=4)
	  Index Cond: ((id >= 696777) AND (id <= 696877))

table 4 : explain SELECT id FROM sbtest4 WHERE id BETWEEN 696777 AND 696877
	Index Only Scan using sbtest4_pkey on sbtest4  (cost=0.43..6.32 rows=94 width=4)
	  Index Cond: ((id >= 696777) AND (id <= 696877))

table 5 : explain SELECT id FROM sbtest5 WHERE id BETWEEN 696777 AND 696877
	Index Only Scan using sbtest5_pkey on sbtest5  (cost=0.43..6.59 rows=108 width=4)
	  Index Cond: ((id >= 696777) AND (id <= 696877))

table 6 : explain SELECT id FROM sbtest6 WHERE id BETWEEN 696777 AND 696877
	Index Only Scan using sbtest6_pkey on sbtest6  (cost=0.43..6.35 rows=96 width=4)
	  Index Cond: ((id >= 696777) AND (id <= 696877))

table 7 : explain SELECT id FROM sbtest7 WHERE id BETWEEN 696777 AND 696877
	Index Only Scan using sbtest7_pkey on sbtest7  (cost=0.43..6.29 rows=93 width=4)
	  Index Cond: ((id >= 696777) AND (id <= 696877))

table 8 : explain SELECT id FROM sbtest8 WHERE id BETWEEN 696777 AND 696877
	Index Only Scan using sbtest8_pkey on sbtest8  (cost=0.43..6.51 rows=104 width=4)
	  Index Cond: ((id >= 696777) AND (id <= 696877))

explain: for range-covered :: explain SELECT id FROM sbtest%d WHERE id BETWEEN 696777 AND 696877
for range-covered
table 1 : explain SELECT id FROM sbtest1 WHERE id BETWEEN 6041672 AND 6041772
	Index Only Scan using sbtest1_pkey on sbtest1  (cost=0.43..10.58 rows=107 width=4)
	  Index Cond: ((id >= 6041672) AND (id <= 6041772))

table 2 : explain SELECT id FROM sbtest2 WHERE id BETWEEN 6041672 AND 6041772
	Index Only Scan using sbtest2_pkey on sbtest2  (cost=0.43..6.40 rows=98 width=4)
	  Index Cond: ((id >= 6041672) AND (id <= 6041772))

table 3 : explain SELECT id FROM sbtest3 WHERE id BETWEEN 6041672 AND 6041772
	Index Only Scan using sbtest3_pkey on sbtest3  (cost=0.43..6.47 rows=102 width=4)
	  Index Cond: ((id >= 6041672) AND (id <= 6041772))

table 4 : explain SELECT id FROM sbtest4 WHERE id BETWEEN 6041672 AND 6041772
	Index Only Scan using sbtest4_pkey on sbtest4  (cost=0.43..6.51 rows=104 width=4)
	  Index Cond: ((id >= 6041672) AND (id <= 6041772))

table 5 : explain SELECT id FROM sbtest5 WHERE id BETWEEN 6041672 AND 6041772
	Index Only Scan using sbtest5_pkey on sbtest5  (cost=0.43..6.37 rows=97 width=4)
	  Index Cond: ((id >= 6041672) AND (id <= 6041772))

table 6 : explain SELECT id FROM sbtest6 WHERE id BETWEEN 6041672 AND 6041772
	Index Only Scan using sbtest6_pkey on sbtest6  (cost=0.43..6.59 rows=108 width=4)
	  Index Cond: ((id >= 6041672) AND (id <= 6041772))

table 7 : explain SELECT id FROM sbtest7 WHERE id BETWEEN 6041672 AND 6041772
	Index Only Scan using sbtest7_pkey on sbtest7  (cost=0.43..6.47 rows=102 width=4)
	  Index Cond: ((id >= 6041672) AND (id <= 6041772))

table 8 : explain SELECT id FROM sbtest8 WHERE id BETWEEN 6041672 AND 6041772
	Index Only Scan using sbtest8_pkey on sbtest8  (cost=0.43..6.58 rows=107 width=4)
	  Index Cond: ((id >= 6041672) AND (id <= 6041772))

explain: for range-covered :: explain SELECT id FROM sbtest%d WHERE id BETWEEN 6041672 AND 6041772
explain: for range-covered :: explain SELECT id FROM sbtest%d WHERE id BETWEEN 2311313 AND 2311413
for range-covered
table 1 : explain SELECT id FROM sbtest1 WHERE id BETWEEN 6717403 AND 6717503
	Index Only Scan using sbtest1_pkey on sbtest1  (cost=0.43..10.33 rows=95 width=4)
	  Index Cond: ((id >= 6717403) AND (id <= 6717503))

table 2 : explain SELECT id FROM sbtest2 WHERE id BETWEEN 6717403 AND 6717503
	Index Only Scan using sbtest2_pkey on sbtest2  (cost=0.43..6.35 rows=96 width=4)
	  Index Cond: ((id >= 6717403) AND (id <= 6717503))

table 3 : explain SELECT id FROM sbtest3 WHERE id BETWEEN 6717403 AND 6717503
	Index Only Scan using sbtest3_pkey on sbtest3  (cost=0.43..6.11 rows=84 width=4)
	  Index Cond: ((id >= 6717403) AND (id <= 6717503))

table 4 : explain SELECT id FROM sbtest4 WHERE id BETWEEN 6717403 AND 6717503
	Index Only Scan using sbtest4_pkey on sbtest4  (cost=0.43..6.45 rows=101 width=4)
	  Index Cond: ((id >= 6717403) AND (id <= 6717503))

table 5 : explain SELECT id FROM sbtest5 WHERE id BETWEEN 6717403 AND 6717503
	Index Only Scan using sbtest5_pkey on sbtest5  (cost=0.43..6.37 rows=97 width=4)
	  Index Cond: ((id >= 6717403) AND (id <= 6717503))

table 6 : explain SELECT id FROM sbtest6 WHERE id BETWEEN 6717403 AND 6717503
	Index Only Scan using sbtest6_pkey on sbtest6  (cost=0.43..6.37 rows=97 width=4)
	  Index Cond: ((id >= 6717403) AND (id <= 6717503))

table 7 : explain SELECT id FROM sbtest7 WHERE id BETWEEN 6717403 AND 6717503
	Index Only Scan using sbtest7_pkey on sbtest7  (cost=0.43..6.59 rows=108 width=4)
	  Index Cond: ((id >= 6717403) AND (id <= 6717503))

table 8 : explain SELECT id FROM sbtest8 WHERE id BETWEEN 6717403 AND 6717503
	Index Only Scan using sbtest8_pkey on sbtest8  (cost=0.43..6.25 rows=91 width=4)
	  Index Cond: ((id >= 6717403) AND (id <= 6717503))

for range-covered
table 1 : explain SELECT id FROM sbtest1 WHERE id BETWEEN 3566702 AND 3566802
	Index Only Scan using sbtest1_pkey on sbtest1  (cost=0.43..10.32 rows=94 width=4)
	  Index Cond: ((id >= 3566702) AND (id <= 3566802))

table 2 : explain SELECT id FROM sbtest2 WHERE id BETWEEN 3566702 AND 3566802
	Index Only Scan using sbtest2_pkey on sbtest2  (cost=0.43..6.45 rows=101 width=4)
	  Index Cond: ((id >= 3566702) AND (id <= 3566802))

table 3 : explain SELECT id FROM sbtest3 WHERE id BETWEEN 3566702 AND 3566802
	Index Only Scan using sbtest3_pkey on sbtest3  (cost=0.43..6.61 rows=109 width=4)
	  Index Cond: ((id >= 3566702) AND (id <= 3566802))

table 4 : explain SELECT id FROM sbtest4 WHERE id BETWEEN 3566702 AND 3566802
	Index Only Scan using sbtest4_pkey on sbtest4  (cost=0.43..6.56 rows=106 width=4)
	  Index Cond: ((id >= 3566702) AND (id <= 3566802))

table 5 : explain SELECT id FROM sbtest5 WHERE id BETWEEN 3566702 AND 3566802
	Index Only Scan using sbtest5_pkey on sbtest5  (cost=0.43..6.51 rows=104 width=4)
	  Index Cond: ((id >= 3566702) AND (id <= 3566802))

table 6 : explain SELECT id FROM sbtest6 WHERE id BETWEEN 3566702 AND 3566802
	Index Only Scan using sbtest6_pkey on sbtest6  (cost=0.43..6.56 rows=106 width=4)
	  Index Cond: ((id >= 3566702) AND (id <= 3566802))

table 7 : explain SELECT id FROM sbtest7 WHERE id BETWEEN 3566702 AND 3566802
	Index Only Scan using sbtest7_pkey on sbtest7  (cost=0.43..6.45 rows=101 width=4)
	  Index Cond: ((id >= 3566702) AND (id <= 3566802))

table 8 : explain SELECT id FROM sbtest8 WHERE id BETWEEN 3566702 AND 3566802
	Index Only Scan using sbtest8_pkey on sbtest8  (cost=0.43..6.40 rows=98 width=4)
	  Index Cond: ((id >= 3566702) AND (id <= 3566802))

explain: for range-covered :: explain SELECT id FROM sbtest%d WHERE id BETWEEN 6717403 AND 6717503
for range-covered
table 1 : explain SELECT id FROM sbtest1 WHERE id BETWEEN 6041672 AND 6041772
	Index Only Scan using sbtest1_pkey on sbtest1  (cost=0.43..10.58 rows=107 width=4)
	  Index Cond: ((id >= 6041672) AND (id <= 6041772))

table 2 : explain SELECT id FROM sbtest2 WHERE id BETWEEN 6041672 AND 6041772
	Index Only Scan using sbtest2_pkey on sbtest2  (cost=0.43..6.40 rows=98 width=4)
	  Index Cond: ((id >= 6041672) AND (id <= 6041772))

table 3 : explain SELECT id FROM sbtest3 WHERE id BETWEEN 6041672 AND 6041772
	Index Only Scan using sbtest3_pkey on sbtest3  (cost=0.43..6.47 rows=102 width=4)
	  Index Cond: ((id >= 6041672) AND (id <= 6041772))

table 4 : explain SELECT id FROM sbtest4 WHERE id BETWEEN 6041672 AND 6041772
	Index Only Scan using sbtest4_pkey on sbtest4  (cost=0.43..6.51 rows=104 width=4)
	  Index Cond: ((id >= 6041672) AND (id <= 6041772))

table 5 : explain SELECT id FROM sbtest5 WHERE id BETWEEN 6041672 AND 6041772
	Index Only Scan using sbtest5_pkey on sbtest5  (cost=0.43..6.37 rows=97 width=4)
	  Index Cond: ((id >= 6041672) AND (id <= 6041772))

table 6 : explain SELECT id FROM sbtest6 WHERE id BETWEEN 6041672 AND 6041772
	Index Only Scan using sbtest6_pkey on sbtest6  (cost=0.43..6.59 rows=108 width=4)
	  Index Cond: ((id >= 6041672) AND (id <= 6041772))

table 7 : explain SELECT id FROM sbtest7 WHERE id BETWEEN 6041672 AND 6041772
	Index Only Scan using sbtest7_pkey on sbtest7  (cost=0.43..6.47 rows=102 width=4)
	  Index Cond: ((id >= 6041672) AND (id <= 6041772))

table 8 : explain SELECT id FROM sbtest8 WHERE id BETWEEN 6041672 AND 6041772
	Index Only Scan using sbtest8_pkey on sbtest8  (cost=0.43..6.58 rows=107 width=4)
	  Index Cond: ((id >= 6041672) AND (id <= 6041772))

explain: for range-covered :: explain SELECT id FROM sbtest%d WHERE id BETWEEN 6041672 AND 6041772
for range-covered
table 1 : explain SELECT id FROM sbtest1 WHERE id BETWEEN 2348902 AND 2349002
	Index Only Scan using sbtest1_pkey on sbtest1  (cost=0.43..10.60 rows=108 width=4)
	  Index Cond: ((id >= 2348902) AND (id <= 2349002))

table 2 : explain SELECT id FROM sbtest2 WHERE id BETWEEN 2348902 AND 2349002
	Index Only Scan using sbtest2_pkey on sbtest2  (cost=0.43..6.24 rows=90 width=4)
	  Index Cond: ((id >= 2348902) AND (id <= 2349002))

table 3 : explain SELECT id FROM sbtest3 WHERE id BETWEEN 2348902 AND 2349002
	Index Only Scan using sbtest3_pkey on sbtest3  (cost=0.43..6.35 rows=96 width=4)
	  Index Cond: ((id >= 2348902) AND (id <= 2349002))

table 4 : explain SELECT id FROM sbtest4 WHERE id BETWEEN 2348902 AND 2349002
	Index Only Scan using sbtest4_pkey on sbtest4  (cost=0.43..6.35 rows=96 width=4)
	  Index Cond: ((id >= 2348902) AND (id <= 2349002))

table 5 : explain SELECT id FROM sbtest5 WHERE id BETWEEN 2348902 AND 2349002
	Index Only Scan using sbtest5_pkey on sbtest5  (cost=0.43..6.56 rows=106 width=4)
	  Index Cond: ((id >= 2348902) AND (id <= 2349002))

table 6 : explain SELECT id FROM sbtest6 WHERE id BETWEEN 2348902 AND 2349002
	Index Only Scan using sbtest6_pkey on sbtest6  (cost=0.43..6.17 rows=87 width=4)
	  Index Cond: ((id >= 2348902) AND (id <= 2349002))

table 7 : explain SELECT id FROM sbtest7 WHERE id BETWEEN 2348902 AND 2349002
	Index Only Scan using sbtest7_pkey on sbtest7  (cost=0.43..6.35 rows=96 width=4)
	  Index Cond: ((id >= 2348902) AND (id <= 2349002))

table 8 : explain SELECT id FROM sbtest8 WHERE id BETWEEN 2348902 AND 2349002
	Index Only Scan using sbtest8_pkey on sbtest8  (cost=0.43..6.47 rows=102 width=4)
	  Index Cond: ((id >= 2348902) AND (id <= 2349002))

for range-covered
table 1 : explain SELECT id FROM sbtest1 WHERE id BETWEEN 4999118 AND 4999218
	Index Only Scan using sbtest1_pkey on sbtest1  (cost=0.43..10.62 rows=109 width=4)
	  Index Cond: ((id >= 4999118) AND (id <= 4999218))

table 2 : explain SELECT id FROM sbtest2 WHERE id BETWEEN 4999118 AND 4999218
	Index Only Scan using sbtest2_pkey on sbtest2  (cost=0.43..6.45 rows=101 width=4)
	  Index Cond: ((id >= 4999118) AND (id <= 4999218))

table 3 : explain SELECT id FROM sbtest3 WHERE id BETWEEN 4999118 AND 4999218
	Index Only Scan using sbtest3_pkey on sbtest3  (cost=0.43..6.50 rows=103 width=4)
	  Index Cond: ((id >= 4999118) AND (id <= 4999218))

table 4 : explain SELECT id FROM sbtest4 WHERE id BETWEEN 4999118 AND 4999218
	Index Only Scan using sbtest4_pkey on sbtest4  (cost=0.43..6.33 rows=95 width=4)
	  Index Cond: ((id >= 4999118) AND (id <= 4999218))

table 5 : explain SELECT id FROM sbtest5 WHERE id BETWEEN 4999118 AND 4999218
	Index Only Scan using sbtest5_pkey on sbtest5  (cost=0.43..6.58 rows=107 width=4)
	  Index Cond: ((id >= 4999118) AND (id <= 4999218))

table 6 : explain SELECT id FROM sbtest6 WHERE id BETWEEN 4999118 AND 4999218
	Index Only Scan using sbtest6_pkey on sbtest6  (cost=0.43..6.61 rows=109 width=4)
	  Index Cond: ((id >= 4999118) AND (id <= 4999218))

table 7 : explain SELECT id FROM sbtest7 WHERE id BETWEEN 4999118 AND 4999218
	Index Only Scan using sbtest7_pkey on sbtest7  (cost=0.43..6.40 rows=98 width=4)
	  Index Cond: ((id >= 4999118) AND (id <= 4999218))

table 8 : explain SELECT id FROM sbtest8 WHERE id BETWEEN 4999118 AND 4999218
	Index Only Scan using sbtest8_pkey on sbtest8  (cost=0.43..6.53 rows=105 width=4)
	  Index Cond: ((id >= 4999118) AND (id <= 4999218))

explain: for range-covered :: explain SELECT id FROM sbtest%d WHERE id BETWEEN 2348902 AND 2349002
explain: for range-covered :: explain SELECT id FROM sbtest%d WHERE id BETWEEN 4999118 AND 4999218
for range-covered
table 1 : explain SELECT id FROM sbtest1 WHERE id BETWEEN 6717403 AND 6717503
	Index Only Scan using sbtest1_pkey on sbtest1  (cost=0.43..10.33 rows=95 width=4)
	  Index Cond: ((id >= 6717403) AND (id <= 6717503))

table 2 : explain SELECT id FROM sbtest2 WHERE id BETWEEN 6717403 AND 6717503
	Index Only Scan using sbtest2_pkey on sbtest2  (cost=0.43..6.35 rows=96 width=4)
	  Index Cond: ((id >= 6717403) AND (id <= 6717503))

table 3 : explain SELECT id FROM sbtest3 WHERE id BETWEEN 6717403 AND 6717503
	Index Only Scan using sbtest3_pkey on sbtest3  (cost=0.43..6.11 rows=84 width=4)
	  Index Cond: ((id >= 6717403) AND (id <= 6717503))

table 4 : explain SELECT id FROM sbtest4 WHERE id BETWEEN 6717403 AND 6717503
	Index Only Scan using sbtest4_pkey on sbtest4  (cost=0.43..6.45 rows=101 width=4)
	  Index Cond: ((id >= 6717403) AND (id <= 6717503))

table 5 : explain SELECT id FROM sbtest5 WHERE id BETWEEN 6717403 AND 6717503
	Index Only Scan using sbtest5_pkey on sbtest5  (cost=0.43..6.37 rows=97 width=4)
	  Index Cond: ((id >= 6717403) AND (id <= 6717503))

table 6 : explain SELECT id FROM sbtest6 WHERE id BETWEEN 6717403 AND 6717503
	Index Only Scan using sbtest6_pkey on sbtest6  (cost=0.43..6.37 rows=97 width=4)
	  Index Cond: ((id >= 6717403) AND (id <= 6717503))

table 7 : explain SELECT id FROM sbtest7 WHERE id BETWEEN 6717403 AND 6717503
	Index Only Scan using sbtest7_pkey on sbtest7  (cost=0.43..6.59 rows=108 width=4)
	  Index Cond: ((id >= 6717403) AND (id <= 6717503))

table 8 : explain SELECT id FROM sbtest8 WHERE id BETWEEN 6717403 AND 6717503
	Index Only Scan using sbtest8_pkey on sbtest8  (cost=0.43..6.25 rows=91 width=4)
	  Index Cond: ((id >= 6717403) AND (id <= 6717503))

for range-covered
table 1 : explain SELECT id FROM sbtest1 WHERE id BETWEEN 696777 AND 696877
	Index Only Scan using sbtest1_pkey on sbtest1  (cost=0.43..10.56 rows=106 width=4)
	  Index Cond: ((id >= 696777) AND (id <= 696877))

table 2 : explain SELECT id FROM sbtest2 WHERE id BETWEEN 696777 AND 696877
	Index Only Scan using sbtest2_pkey on sbtest2  (cost=0.43..6.43 rows=100 width=4)
	  Index Cond: ((id >= 696777) AND (id <= 696877))

table 3 : explain SELECT id FROM sbtest3 WHERE id BETWEEN 696777 AND 696877
	Index Only Scan using sbtest3_pkey on sbtest3  (cost=0.43..6.29 rows=93 width=4)
	  Index Cond: ((id >= 696777) AND (id <= 696877))

table 4 : explain SELECT id FROM sbtest4 WHERE id BETWEEN 696777 AND 696877
	Index Only Scan using sbtest4_pkey on sbtest4  (cost=0.43..6.32 rows=94 width=4)
	  Index Cond: ((id >= 696777) AND (id <= 696877))

table 5 : explain SELECT id FROM sbtest5 WHERE id BETWEEN 696777 AND 696877
	Index Only Scan using sbtest5_pkey on sbtest5  (cost=0.43..6.59 rows=108 width=4)
	  Index Cond: ((id >= 696777) AND (id <= 696877))

table 6 : explain SELECT id FROM sbtest6 WHERE id BETWEEN 696777 AND 696877
	Index Only Scan using sbtest6_pkey on sbtest6  (cost=0.43..6.35 rows=96 width=4)
	  Index Cond: ((id >= 696777) AND (id <= 696877))

table 7 : explain SELECT id FROM sbtest7 WHERE id BETWEEN 696777 AND 696877
	Index Only Scan using sbtest7_pkey on sbtest7  (cost=0.43..6.29 rows=93 width=4)
	  Index Cond: ((id >= 696777) AND (id <= 696877))

table 8 : explain SELECT id FROM sbtest8 WHERE id BETWEEN 696777 AND 696877
	Index Only Scan using sbtest8_pkey on sbtest8  (cost=0.43..6.51 rows=104 width=4)
	  Index Cond: ((id >= 696777) AND (id <= 696877))

explain: for range-covered :: explain SELECT id FROM sbtest%d WHERE id BETWEEN 6717403 AND 6717503
explain: for range-covered :: explain SELECT id FROM sbtest%d WHERE id BETWEEN 696777 AND 696877
for range-covered
table 1 : explain SELECT id FROM sbtest1 WHERE id BETWEEN 2348902 AND 2349002
	Index Only Scan using sbtest1_pkey on sbtest1  (cost=0.43..10.60 rows=108 width=4)
	  Index Cond: ((id >= 2348902) AND (id <= 2349002))

table 2 : explain SELECT id FROM sbtest2 WHERE id BETWEEN 2348902 AND 2349002
	Index Only Scan using sbtest2_pkey on sbtest2  (cost=0.43..6.24 rows=90 width=4)
	  Index Cond: ((id >= 2348902) AND (id <= 2349002))

table 3 : explain SELECT id FROM sbtest3 WHERE id BETWEEN 2348902 AND 2349002
	Index Only Scan using sbtest3_pkey on sbtest3  (cost=0.43..6.35 rows=96 width=4)
	  Index Cond: ((id >= 2348902) AND (id <= 2349002))

table 4 : explain SELECT id FROM sbtest4 WHERE id BETWEEN 2348902 AND 2349002
	Index Only Scan using sbtest4_pkey on sbtest4  (cost=0.43..6.35 rows=96 width=4)
	  Index Cond: ((id >= 2348902) AND (id <= 2349002))

table 5 : explain SELECT id FROM sbtest5 WHERE id BETWEEN 2348902 AND 2349002
	Index Only Scan using sbtest5_pkey on sbtest5  (cost=0.43..6.56 rows=106 width=4)
	  Index Cond: ((id >= 2348902) AND (id <= 2349002))

table 6 : explain SELECT id FROM sbtest6 WHERE id BETWEEN 2348902 AND 2349002
	Index Only Scan using sbtest6_pkey on sbtest6  (cost=0.43..6.17 rows=87 width=4)
	  Index Cond: ((id >= 2348902) AND (id <= 2349002))

table 7 : explain SELECT id FROM sbtest7 WHERE id BETWEEN 2348902 AND 2349002
	Index Only Scan using sbtest7_pkey on sbtest7  (cost=0.43..6.35 rows=96 width=4)
	  Index Cond: ((id >= 2348902) AND (id <= 2349002))

table 8 : explain SELECT id FROM sbtest8 WHERE id BETWEEN 2348902 AND 2349002
	Index Only Scan using sbtest8_pkey on sbtest8  (cost=0.43..6.47 rows=102 width=4)
	  Index Cond: ((id >= 2348902) AND (id <= 2349002))

for range-covered
table 1 : explain SELECT id FROM sbtest1 WHERE id BETWEEN 6717403 AND 6717503
	Index Only Scan using sbtest1_pkey on sbtest1  (cost=0.43..10.33 rows=95 width=4)
	  Index Cond: ((id >= 6717403) AND (id <= 6717503))

table 2 : explain SELECT id FROM sbtest2 WHERE id BETWEEN 6717403 AND 6717503
	Index Only Scan using sbtest2_pkey on sbtest2  (cost=0.43..6.35 rows=96 width=4)
	  Index Cond: ((id >= 6717403) AND (id <= 6717503))

table 3 : explain SELECT id FROM sbtest3 WHERE id BETWEEN 6717403 AND 6717503
	Index Only Scan using sbtest3_pkey on sbtest3  (cost=0.43..6.11 rows=84 width=4)
	  Index Cond: ((id >= 6717403) AND (id <= 6717503))

table 4 : explain SELECT id FROM sbtest4 WHERE id BETWEEN 6717403 AND 6717503
	Index Only Scan using sbtest4_pkey on sbtest4  (cost=0.43..6.45 rows=101 width=4)
	  Index Cond: ((id >= 6717403) AND (id <= 6717503))

table 5 : explain SELECT id FROM sbtest5 WHERE id BETWEEN 6717403 AND 6717503
	Index Only Scan using sbtest5_pkey on sbtest5  (cost=0.43..6.37 rows=97 width=4)
	  Index Cond: ((id >= 6717403) AND (id <= 6717503))

table 6 : explain SELECT id FROM sbtest6 WHERE id BETWEEN 6717403 AND 6717503
	Index Only Scan using sbtest6_pkey on sbtest6  (cost=0.43..6.37 rows=97 width=4)
	  Index Cond: ((id >= 6717403) AND (id <= 6717503))

table 7 : explain SELECT id FROM sbtest7 WHERE id BETWEEN 6717403 AND 6717503
	Index Only Scan using sbtest7_pkey on sbtest7  (cost=0.43..6.59 rows=108 width=4)
	  Index Cond: ((id >= 6717403) AND (id <= 6717503))

table 8 : explain SELECT id FROM sbtest8 WHERE id BETWEEN 6717403 AND 6717503
	Index Only Scan using sbtest8_pkey on sbtest8  (cost=0.43..6.25 rows=91 width=4)
	  Index Cond: ((id >= 6717403) AND (id <= 6717503))

for range-covered
table 1 : explain SELECT id FROM sbtest1 WHERE id BETWEEN 4999118 AND 4999218
	Index Only Scan using sbtest1_pkey on sbtest1  (cost=0.43..10.62 rows=109 width=4)
	  Index Cond: ((id >= 4999118) AND (id <= 4999218))

table 2 : explain SELECT id FROM sbtest2 WHERE id BETWEEN 4999118 AND 4999218
	Index Only Scan using sbtest2_pkey on sbtest2  (cost=0.43..6.45 rows=101 width=4)
	  Index Cond: ((id >= 4999118) AND (id <= 4999218))

table 3 : explain SELECT id FROM sbtest3 WHERE id BETWEEN 4999118 AND 4999218
	Index Only Scan using sbtest3_pkey on sbtest3  (cost=0.43..6.50 rows=103 width=4)
	  Index Cond: ((id >= 4999118) AND (id <= 4999218))

table 4 : explain SELECT id FROM sbtest4 WHERE id BETWEEN 4999118 AND 4999218
	Index Only Scan using sbtest4_pkey on sbtest4  (cost=0.43..6.33 rows=95 width=4)
	  Index Cond: ((id >= 4999118) AND (id <= 4999218))

table 5 : explain SELECT id FROM sbtest5 WHERE id BETWEEN 4999118 AND 4999218
	Index Only Scan using sbtest5_pkey on sbtest5  (cost=0.43..6.58 rows=107 width=4)
	  Index Cond: ((id >= 4999118) AND (id <= 4999218))

table 6 : explain SELECT id FROM sbtest6 WHERE id BETWEEN 4999118 AND 4999218
	Index Only Scan using sbtest6_pkey on sbtest6  (cost=0.43..6.61 rows=109 width=4)
	  Index Cond: ((id >= 4999118) AND (id <= 4999218))

table 7 : explain SELECT id FROM sbtest7 WHERE id BETWEEN 4999118 AND 4999218
	Index Only Scan using sbtest7_pkey on sbtest7  (cost=0.43..6.40 rows=98 width=4)
	  Index Cond: ((id >= 4999118) AND (id <= 4999218))

table 8 : explain SELECT id FROM sbtest8 WHERE id BETWEEN 4999118 AND 4999218
	Index Only Scan using sbtest8_pkey on sbtest8  (cost=0.43..6.53 rows=105 width=4)
	  Index Cond: ((id >= 4999118) AND (id <= 4999218))

explain: for range-covered :: explain SELECT id FROM sbtest%d WHERE id BETWEEN 2348902 AND 2349002
explain: for range-covered :: explain SELECT id FROM sbtest%d WHERE id BETWEEN 6717403 AND 6717503
explain: for range-covered :: explain SELECT id FROM sbtest%d WHERE id BETWEEN 4999118 AND 4999218
explain: for range-covered :: explain SELECT id FROM sbtest%d WHERE id BETWEEN 6304210 AND 6304310
explain: for range-covered :: explain SELECT id FROM sbtest%d WHERE id BETWEEN 4556859 AND 4556959
for range-covered
table 1 : explain SELECT id FROM sbtest1 WHERE id BETWEEN 696777 AND 696877
	Index Only Scan using sbtest1_pkey on sbtest1  (cost=0.43..10.56 rows=106 width=4)
	  Index Cond: ((id >= 696777) AND (id <= 696877))

table 2 : explain SELECT id FROM sbtest2 WHERE id BETWEEN 696777 AND 696877
	Index Only Scan using sbtest2_pkey on sbtest2  (cost=0.43..6.43 rows=100 width=4)
	  Index Cond: ((id >= 696777) AND (id <= 696877))

table 3 : explain SELECT id FROM sbtest3 WHERE id BETWEEN 696777 AND 696877
	Index Only Scan using sbtest3_pkey on sbtest3  (cost=0.43..6.29 rows=93 width=4)
	  Index Cond: ((id >= 696777) AND (id <= 696877))

table 4 : explain SELECT id FROM sbtest4 WHERE id BETWEEN 696777 AND 696877
	Index Only Scan using sbtest4_pkey on sbtest4  (cost=0.43..6.32 rows=94 width=4)
	  Index Cond: ((id >= 696777) AND (id <= 696877))

table 5 : explain SELECT id FROM sbtest5 WHERE id BETWEEN 696777 AND 696877
	Index Only Scan using sbtest5_pkey on sbtest5  (cost=0.43..6.59 rows=108 width=4)
	  Index Cond: ((id >= 696777) AND (id <= 696877))

table 6 : explain SELECT id FROM sbtest6 WHERE id BETWEEN 696777 AND 696877
	Index Only Scan using sbtest6_pkey on sbtest6  (cost=0.43..6.35 rows=96 width=4)
	  Index Cond: ((id >= 696777) AND (id <= 696877))

table 7 : explain SELECT id FROM sbtest7 WHERE id BETWEEN 696777 AND 696877
	Index Only Scan using sbtest7_pkey on sbtest7  (cost=0.43..6.29 rows=93 width=4)
	  Index Cond: ((id >= 696777) AND (id <= 696877))

table 8 : explain SELECT id FROM sbtest8 WHERE id BETWEEN 696777 AND 696877
	Index Only Scan using sbtest8_pkey on sbtest8  (cost=0.43..6.51 rows=104 width=4)
	  Index Cond: ((id >= 696777) AND (id <= 696877))

for range-covered
table 1 : explain SELECT id FROM sbtest1 WHERE id BETWEEN 6717403 AND 6717503
	Index Only Scan using sbtest1_pkey on sbtest1  (cost=0.43..10.33 rows=95 width=4)
	  Index Cond: ((id >= 6717403) AND (id <= 6717503))

table 2 : explain SELECT id FROM sbtest2 WHERE id BETWEEN 6717403 AND 6717503
	Index Only Scan using sbtest2_pkey on sbtest2  (cost=0.43..6.35 rows=96 width=4)
	  Index Cond: ((id >= 6717403) AND (id <= 6717503))

table 3 : explain SELECT id FROM sbtest3 WHERE id BETWEEN 6717403 AND 6717503
	Index Only Scan using sbtest3_pkey on sbtest3  (cost=0.43..6.11 rows=84 width=4)
	  Index Cond: ((id >= 6717403) AND (id <= 6717503))

table 4 : explain SELECT id FROM sbtest4 WHERE id BETWEEN 6717403 AND 6717503
	Index Only Scan using sbtest4_pkey on sbtest4  (cost=0.43..6.45 rows=101 width=4)
	  Index Cond: ((id >= 6717403) AND (id <= 6717503))

table 5 : explain SELECT id FROM sbtest5 WHERE id BETWEEN 6717403 AND 6717503
	Index Only Scan using sbtest5_pkey on sbtest5  (cost=0.43..6.37 rows=97 width=4)
	  Index Cond: ((id >= 6717403) AND (id <= 6717503))

table 6 : explain SELECT id FROM sbtest6 WHERE id BETWEEN 6717403 AND 6717503
	Index Only Scan using sbtest6_pkey on sbtest6  (cost=0.43..6.37 rows=97 width=4)
	  Index Cond: ((id >= 6717403) AND (id <= 6717503))

table 7 : explain SELECT id FROM sbtest7 WHERE id BETWEEN 6717403 AND 6717503
	Index Only Scan using sbtest7_pkey on sbtest7  (cost=0.43..6.59 rows=108 width=4)
	  Index Cond: ((id >= 6717403) AND (id <= 6717503))

table 8 : explain SELECT id FROM sbtest8 WHERE id BETWEEN 6717403 AND 6717503
	Index Only Scan using sbtest8_pkey on sbtest8  (cost=0.43..6.25 rows=91 width=4)
	  Index Cond: ((id >= 6717403) AND (id <= 6717503))

explain: for range-covered :: explain SELECT id FROM sbtest%d WHERE id BETWEEN 6717403 AND 6717503
for range-covered
table 1 : explain SELECT id FROM sbtest1 WHERE id BETWEEN 4041152 AND 4041252
	Index Only Scan using sbtest1_pkey on sbtest1  (cost=0.43..10.70 rows=113 width=4)
	  Index Cond: ((id >= 4041152) AND (id <= 4041252))

table 2 : explain SELECT id FROM sbtest2 WHERE id BETWEEN 4041152 AND 4041252
	Index Only Scan using sbtest2_pkey on sbtest2  (cost=0.43..6.56 rows=106 width=4)
	  Index Cond: ((id >= 4041152) AND (id <= 4041252))

table 3 : explain SELECT id FROM sbtest3 WHERE id BETWEEN 4041152 AND 4041252
	Index Only Scan using sbtest3_pkey on sbtest3  (cost=0.43..6.47 rows=102 width=4)
	  Index Cond: ((id >= 4041152) AND (id <= 4041252))

table 4 : explain SELECT id FROM sbtest4 WHERE id BETWEEN 4041152 AND 4041252
	Index Only Scan using sbtest4_pkey on sbtest4  (cost=0.43..6.43 rows=100 width=4)
	  Index Cond: ((id >= 4041152) AND (id <= 4041252))

table 5 : explain SELECT id FROM sbtest5 WHERE id BETWEEN 4041152 AND 4041252
	Index Only Scan using sbtest5_pkey on sbtest5  (cost=0.43..6.45 rows=101 width=4)
	  Index Cond: ((id >= 4041152) AND (id <= 4041252))

table 6 : explain SELECT id FROM sbtest6 WHERE id BETWEEN 4041152 AND 4041252
	Index Only Scan using sbtest6_pkey on sbtest6  (cost=0.43..6.42 rows=99 width=4)
	  Index Cond: ((id >= 4041152) AND (id <= 4041252))

table 7 : explain SELECT id FROM sbtest7 WHERE id BETWEEN 4041152 AND 4041252
	Index Only Scan using sbtest7_pkey on sbtest7  (cost=0.43..6.50 rows=103 width=4)
	  Index Cond: ((id >= 4041152) AND (id <= 4041252))

table 8 : explain SELECT id FROM sbtest8 WHERE id BETWEEN 4041152 AND 4041252
	Index Only Scan using sbtest8_pkey on sbtest8  (cost=0.43..6.33 rows=95 width=4)
	  Index Cond: ((id >= 4041152) AND (id <= 4041252))

for range-covered
table 1 : explain SELECT id FROM sbtest1 WHERE id BETWEEN 2311313 AND 2311413
	Index Only Scan using sbtest1_pkey on sbtest1  (cost=0.43..10.63 rows=110 width=4)
	  Index Cond: ((id >= 2311313) AND (id <= 2311413))

table 2 : explain SELECT id FROM sbtest2 WHERE id BETWEEN 2311313 AND 2311413
	Index Only Scan using sbtest2_pkey on sbtest2  (cost=0.43..6.29 rows=93 width=4)
	  Index Cond: ((id >= 2311313) AND (id <= 2311413))

table 3 : explain SELECT id FROM sbtest3 WHERE id BETWEEN 2311313 AND 2311413
	Index Only Scan using sbtest3_pkey on sbtest3  (cost=0.43..6.35 rows=96 width=4)
	  Index Cond: ((id >= 2311313) AND (id <= 2311413))

table 4 : explain SELECT id FROM sbtest4 WHERE id BETWEEN 2311313 AND 2311413
	Index Only Scan using sbtest4_pkey on sbtest4  (cost=0.43..6.35 rows=96 width=4)
	  Index Cond: ((id >= 2311313) AND (id <= 2311413))

table 5 : explain SELECT id FROM sbtest5 WHERE id BETWEEN 2311313 AND 2311413
	Index Only Scan using sbtest5_pkey on sbtest5  (cost=0.43..6.56 rows=106 width=4)
	  Index Cond: ((id >= 2311313) AND (id <= 2311413))

table 6 : explain SELECT id FROM sbtest6 WHERE id BETWEEN 2311313 AND 2311413
	Index Only Scan using sbtest6_pkey on sbtest6  (cost=0.43..6.16 rows=86 width=4)
	  Index Cond: ((id >= 2311313) AND (id <= 2311413))

table 7 : explain SELECT id FROM sbtest7 WHERE id BETWEEN 2311313 AND 2311413
	Index Only Scan using sbtest7_pkey on sbtest7  (cost=0.43..6.56 rows=106 width=4)
	  Index Cond: ((id >= 2311313) AND (id <= 2311413))

table 8 : explain SELECT id FROM sbtest8 WHERE id BETWEEN 2311313 AND 2311413
	Index Only Scan using sbtest8_pkey on sbtest8  (cost=0.43..6.47 rows=102 width=4)
	  Index Cond: ((id >= 2311313) AND (id <= 2311413))

explain: for range-covered :: explain SELECT id FROM sbtest%d WHERE id BETWEEN 4041152 AND 4041252
explain: for range-covered :: explain SELECT id FROM sbtest%d WHERE id BETWEEN 2311313 AND 2311413
for range-covered
table 1 : explain SELECT id FROM sbtest1 WHERE id BETWEEN 6717403 AND 6717503
	Index Only Scan using sbtest1_pkey on sbtest1  (cost=0.43..10.33 rows=95 width=4)
	  Index Cond: ((id >= 6717403) AND (id <= 6717503))

table 2 : explain SELECT id FROM sbtest2 WHERE id BETWEEN 6717403 AND 6717503
	Index Only Scan using sbtest2_pkey on sbtest2  (cost=0.43..6.35 rows=96 width=4)
	  Index Cond: ((id >= 6717403) AND (id <= 6717503))

table 3 : explain SELECT id FROM sbtest3 WHERE id BETWEEN 6717403 AND 6717503
	Index Only Scan using sbtest3_pkey on sbtest3  (cost=0.43..6.11 rows=84 width=4)
	  Index Cond: ((id >= 6717403) AND (id <= 6717503))

table 4 : explain SELECT id FROM sbtest4 WHERE id BETWEEN 6717403 AND 6717503
	Index Only Scan using sbtest4_pkey on sbtest4  (cost=0.43..6.45 rows=101 width=4)
	  Index Cond: ((id >= 6717403) AND (id <= 6717503))

table 5 : explain SELECT id FROM sbtest5 WHERE id BETWEEN 6717403 AND 6717503
	Index Only Scan using sbtest5_pkey on sbtest5  (cost=0.43..6.37 rows=97 width=4)
	  Index Cond: ((id >= 6717403) AND (id <= 6717503))

table 6 : explain SELECT id FROM sbtest6 WHERE id BETWEEN 6717403 AND 6717503
	Index Only Scan using sbtest6_pkey on sbtest6  (cost=0.43..6.37 rows=97 width=4)
	  Index Cond: ((id >= 6717403) AND (id <= 6717503))

table 7 : explain SELECT id FROM sbtest7 WHERE id BETWEEN 6717403 AND 6717503
	Index Only Scan using sbtest7_pkey on sbtest7  (cost=0.43..6.59 rows=108 width=4)
	  Index Cond: ((id >= 6717403) AND (id <= 6717503))

table 8 : explain SELECT id FROM sbtest8 WHERE id BETWEEN 6717403 AND 6717503
	Index Only Scan using sbtest8_pkey on sbtest8  (cost=0.43..6.25 rows=91 width=4)
	  Index Cond: ((id >= 6717403) AND (id <= 6717503))

for range-covered
table 1 : explain SELECT id FROM sbtest1 WHERE id BETWEEN 4999118 AND 4999218
	Index Only Scan using sbtest1_pkey on sbtest1  (cost=0.43..10.62 rows=109 width=4)
	  Index Cond: ((id >= 4999118) AND (id <= 4999218))

table 2 : explain SELECT id FROM sbtest2 WHERE id BETWEEN 4999118 AND 4999218
	Index Only Scan using sbtest2_pkey on sbtest2  (cost=0.43..6.45 rows=101 width=4)
	  Index Cond: ((id >= 4999118) AND (id <= 4999218))

table 3 : explain SELECT id FROM sbtest3 WHERE id BETWEEN 4999118 AND 4999218
	Index Only Scan using sbtest3_pkey on sbtest3  (cost=0.43..6.50 rows=103 width=4)
	  Index Cond: ((id >= 4999118) AND (id <= 4999218))

table 4 : explain SELECT id FROM sbtest4 WHERE id BETWEEN 4999118 AND 4999218
	Index Only Scan using sbtest4_pkey on sbtest4  (cost=0.43..6.33 rows=95 width=4)
	  Index Cond: ((id >= 4999118) AND (id <= 4999218))

table 5 : explain SELECT id FROM sbtest5 WHERE id BETWEEN 4999118 AND 4999218
	Index Only Scan using sbtest5_pkey on sbtest5  (cost=0.43..6.58 rows=107 width=4)
	  Index Cond: ((id >= 4999118) AND (id <= 4999218))

table 6 : explain SELECT id FROM sbtest6 WHERE id BETWEEN 4999118 AND 4999218
	Index Only Scan using sbtest6_pkey on sbtest6  (cost=0.43..6.61 rows=109 width=4)
	  Index Cond: ((id >= 4999118) AND (id <= 4999218))

table 7 : explain SELECT id FROM sbtest7 WHERE id BETWEEN 4999118 AND 4999218
	Index Only Scan using sbtest7_pkey on sbtest7  (cost=0.43..6.40 rows=98 width=4)
	  Index Cond: ((id >= 4999118) AND (id <= 4999218))

table 8 : explain SELECT id FROM sbtest8 WHERE id BETWEEN 4999118 AND 4999218
	Index Only Scan using sbtest8_pkey on sbtest8  (cost=0.43..6.53 rows=105 width=4)
	  Index Cond: ((id >= 4999118) AND (id <= 4999218))

explain: for range-covered :: explain SELECT id FROM sbtest%d WHERE id BETWEEN 6717403 AND 6717503
for range-covered
table 1 : explain SELECT id FROM sbtest1 WHERE id BETWEEN 2348902 AND 2349002
	Index Only Scan using sbtest1_pkey on sbtest1  (cost=0.43..10.60 rows=108 width=4)
	  Index Cond: ((id >= 2348902) AND (id <= 2349002))

table 2 : explain SELECT id FROM sbtest2 WHERE id BETWEEN 2348902 AND 2349002
	Index Only Scan using sbtest2_pkey on sbtest2  (cost=0.43..6.24 rows=90 width=4)
	  Index Cond: ((id >= 2348902) AND (id <= 2349002))

table 3 : explain SELECT id FROM sbtest3 WHERE id BETWEEN 2348902 AND 2349002
	Index Only Scan using sbtest3_pkey on sbtest3  (cost=0.43..6.35 rows=96 width=4)
	  Index Cond: ((id >= 2348902) AND (id <= 2349002))

table 4 : explain SELECT id FROM sbtest4 WHERE id BETWEEN 2348902 AND 2349002
	Index Only Scan using sbtest4_pkey on sbtest4  (cost=0.43..6.35 rows=96 width=4)
	  Index Cond: ((id >= 2348902) AND (id <= 2349002))

table 5 : explain SELECT id FROM sbtest5 WHERE id BETWEEN 2348902 AND 2349002
	Index Only Scan using sbtest5_pkey on sbtest5  (cost=0.43..6.56 rows=106 width=4)
	  Index Cond: ((id >= 2348902) AND (id <= 2349002))

table 6 : explain SELECT id FROM sbtest6 WHERE id BETWEEN 2348902 AND 2349002
	Index Only Scan using sbtest6_pkey on sbtest6  (cost=0.43..6.17 rows=87 width=4)
	  Index Cond: ((id >= 2348902) AND (id <= 2349002))

table 7 : explain SELECT id FROM sbtest7 WHERE id BETWEEN 2348902 AND 2349002
	Index Only Scan using sbtest7_pkey on sbtest7  (cost=0.43..6.35 rows=96 width=4)
	  Index Cond: ((id >= 2348902) AND (id <= 2349002))

table 8 : explain SELECT id FROM sbtest8 WHERE id BETWEEN 2348902 AND 2349002
	Index Only Scan using sbtest8_pkey on sbtest8  (cost=0.43..6.47 rows=102 width=4)
	  Index Cond: ((id >= 2348902) AND (id <= 2349002))

explain: for range-covered :: explain SELECT id FROM sbtest%d WHERE id BETWEEN 4999118 AND 4999218
explain: for range-covered :: explain SELECT id FROM sbtest%d WHERE id BETWEEN 7274255 AND 7274355
explain: for range-covered :: explain SELECT id FROM sbtest%d WHERE id BETWEEN 2348902 AND 2349002
for range-covered
table 1 : explain SELECT id FROM sbtest1 WHERE id BETWEEN 4041152 AND 4041252
	Index Only Scan using sbtest1_pkey on sbtest1  (cost=0.43..10.70 rows=113 width=4)
	  Index Cond: ((id >= 4041152) AND (id <= 4041252))

table 2 : explain SELECT id FROM sbtest2 WHERE id BETWEEN 4041152 AND 4041252
	Index Only Scan using sbtest2_pkey on sbtest2  (cost=0.43..6.56 rows=106 width=4)
	  Index Cond: ((id >= 4041152) AND (id <= 4041252))

table 3 : explain SELECT id FROM sbtest3 WHERE id BETWEEN 4041152 AND 4041252
	Index Only Scan using sbtest3_pkey on sbtest3  (cost=0.43..6.47 rows=102 width=4)
	  Index Cond: ((id >= 4041152) AND (id <= 4041252))

table 4 : explain SELECT id FROM sbtest4 WHERE id BETWEEN 4041152 AND 4041252
	Index Only Scan using sbtest4_pkey on sbtest4  (cost=0.43..6.43 rows=100 width=4)
	  Index Cond: ((id >= 4041152) AND (id <= 4041252))

table 5 : explain SELECT id FROM sbtest5 WHERE id BETWEEN 4041152 AND 4041252
	Index Only Scan using sbtest5_pkey on sbtest5  (cost=0.43..6.45 rows=101 width=4)
	  Index Cond: ((id >= 4041152) AND (id <= 4041252))

table 6 : explain SELECT id FROM sbtest6 WHERE id BETWEEN 4041152 AND 4041252
	Index Only Scan using sbtest6_pkey on sbtest6  (cost=0.43..6.42 rows=99 width=4)
	  Index Cond: ((id >= 4041152) AND (id <= 4041252))

table 7 : explain SELECT id FROM sbtest7 WHERE id BETWEEN 4041152 AND 4041252
	Index Only Scan using sbtest7_pkey on sbtest7  (cost=0.43..6.50 rows=103 width=4)
	  Index Cond: ((id >= 4041152) AND (id <= 4041252))

table 8 : explain SELECT id FROM sbtest8 WHERE id BETWEEN 4041152 AND 4041252
	Index Only Scan using sbtest8_pkey on sbtest8  (cost=0.43..6.33 rows=95 width=4)
	  Index Cond: ((id >= 4041152) AND (id <= 4041252))

explain: for range-covered :: explain SELECT id FROM sbtest%d WHERE id BETWEEN 4041152 AND 4041252
for range-covered
table 1 : explain SELECT id FROM sbtest1 WHERE id BETWEEN 2311313 AND 2311413
	Index Only Scan using sbtest1_pkey on sbtest1  (cost=0.43..10.63 rows=110 width=4)
	  Index Cond: ((id >= 2311313) AND (id <= 2311413))

table 2 : explain SELECT id FROM sbtest2 WHERE id BETWEEN 2311313 AND 2311413
	Index Only Scan using sbtest2_pkey on sbtest2  (cost=0.43..6.29 rows=93 width=4)
	  Index Cond: ((id >= 2311313) AND (id <= 2311413))

table 3 : explain SELECT id FROM sbtest3 WHERE id BETWEEN 2311313 AND 2311413
	Index Only Scan using sbtest3_pkey on sbtest3  (cost=0.43..6.35 rows=96 width=4)
	  Index Cond: ((id >= 2311313) AND (id <= 2311413))

table 4 : explain SELECT id FROM sbtest4 WHERE id BETWEEN 2311313 AND 2311413
	Index Only Scan using sbtest4_pkey on sbtest4  (cost=0.43..6.35 rows=96 width=4)
	  Index Cond: ((id >= 2311313) AND (id <= 2311413))

table 5 : explain SELECT id FROM sbtest5 WHERE id BETWEEN 2311313 AND 2311413
	Index Only Scan using sbtest5_pkey on sbtest5  (cost=0.43..6.56 rows=106 width=4)
	  Index Cond: ((id >= 2311313) AND (id <= 2311413))

table 6 : explain SELECT id FROM sbtest6 WHERE id BETWEEN 2311313 AND 2311413
	Index Only Scan using sbtest6_pkey on sbtest6  (cost=0.43..6.16 rows=86 width=4)
	  Index Cond: ((id >= 2311313) AND (id <= 2311413))

table 7 : explain SELECT id FROM sbtest7 WHERE id BETWEEN 2311313 AND 2311413
	Index Only Scan using sbtest7_pkey on sbtest7  (cost=0.43..6.56 rows=106 width=4)
	  Index Cond: ((id >= 2311313) AND (id <= 2311413))

table 8 : explain SELECT id FROM sbtest8 WHERE id BETWEEN 2311313 AND 2311413
	Index Only Scan using sbtest8_pkey on sbtest8  (cost=0.43..6.47 rows=102 width=4)
	  Index Cond: ((id >= 2311313) AND (id <= 2311413))

for range-covered
table 1 : explain SELECT id FROM sbtest1 WHERE id BETWEEN 6717403 AND 6717503
	Index Only Scan using sbtest1_pkey on sbtest1  (cost=0.43..10.33 rows=95 width=4)
	  Index Cond: ((id >= 6717403) AND (id <= 6717503))

table 2 : explain SELECT id FROM sbtest2 WHERE id BETWEEN 6717403 AND 6717503
	Index Only Scan using sbtest2_pkey on sbtest2  (cost=0.43..6.35 rows=96 width=4)
	  Index Cond: ((id >= 6717403) AND (id <= 6717503))

table 3 : explain SELECT id FROM sbtest3 WHERE id BETWEEN 6717403 AND 6717503
	Index Only Scan using sbtest3_pkey on sbtest3  (cost=0.43..6.11 rows=84 width=4)
	  Index Cond: ((id >= 6717403) AND (id <= 6717503))

table 4 : explain SELECT id FROM sbtest4 WHERE id BETWEEN 6717403 AND 6717503
	Index Only Scan using sbtest4_pkey on sbtest4  (cost=0.43..6.45 rows=101 width=4)
	  Index Cond: ((id >= 6717403) AND (id <= 6717503))

table 5 : explain SELECT id FROM sbtest5 WHERE id BETWEEN 6717403 AND 6717503
	Index Only Scan using sbtest5_pkey on sbtest5  (cost=0.43..6.37 rows=97 width=4)
	  Index Cond: ((id >= 6717403) AND (id <= 6717503))

table 6 : explain SELECT id FROM sbtest6 WHERE id BETWEEN 6717403 AND 6717503
	Index Only Scan using sbtest6_pkey on sbtest6  (cost=0.43..6.37 rows=97 width=4)
	  Index Cond: ((id >= 6717403) AND (id <= 6717503))

table 7 : explain SELECT id FROM sbtest7 WHERE id BETWEEN 6717403 AND 6717503
	Index Only Scan using sbtest7_pkey on sbtest7  (cost=0.43..6.59 rows=108 width=4)
	  Index Cond: ((id >= 6717403) AND (id <= 6717503))

table 8 : explain SELECT id FROM sbtest8 WHERE id BETWEEN 6717403 AND 6717503
	Index Only Scan using sbtest8_pkey on sbtest8  (cost=0.43..6.25 rows=91 width=4)
	  Index Cond: ((id >= 6717403) AND (id <= 6717503))

explain: for range-covered :: explain SELECT id FROM sbtest%d WHERE id BETWEEN 2311313 AND 2311413
explain: for range-covered :: explain SELECT id FROM sbtest%d WHERE id BETWEEN 6717403 AND 6717503
explain: for range-covered :: explain SELECT id FROM sbtest%d WHERE id BETWEEN 4607410 AND 4607510
for range-covered
table 1 : explain SELECT id FROM sbtest1 WHERE id BETWEEN 6304210 AND 6304310
	Index Only Scan using sbtest1_pkey on sbtest1  (cost=0.43..10.46 rows=101 width=4)
	  Index Cond: ((id >= 6304210) AND (id <= 6304310))

table 2 : explain SELECT id FROM sbtest2 WHERE id BETWEEN 6304210 AND 6304310
	Index Only Scan using sbtest2_pkey on sbtest2  (cost=0.43..6.43 rows=100 width=4)
	  Index Cond: ((id >= 6304210) AND (id <= 6304310))

table 3 : explain SELECT id FROM sbtest3 WHERE id BETWEEN 6304210 AND 6304310
	Index Only Scan using sbtest3_pkey on sbtest3  (cost=0.43..6.50 rows=103 width=4)
	  Index Cond: ((id >= 6304210) AND (id <= 6304310))

table 4 : explain SELECT id FROM sbtest4 WHERE id BETWEEN 6304210 AND 6304310
	Index Only Scan using sbtest4_pkey on sbtest4  (cost=0.43..6.45 rows=101 width=4)
	  Index Cond: ((id >= 6304210) AND (id <= 6304310))

table 5 : explain SELECT id FROM sbtest5 WHERE id BETWEEN 6304210 AND 6304310
	Index Only Scan using sbtest5_pkey on sbtest5  (cost=0.43..6.35 rows=96 width=4)
	  Index Cond: ((id >= 6304210) AND (id <= 6304310))

table 6 : explain SELECT id FROM sbtest6 WHERE id BETWEEN 6304210 AND 6304310
	Index Only Scan using sbtest6_pkey on sbtest6  (cost=0.43..6.40 rows=98 width=4)
	  Index Cond: ((id >= 6304210) AND (id <= 6304310))

table 7 : explain SELECT id FROM sbtest7 WHERE id BETWEEN 6304210 AND 6304310
	Index Only Scan using sbtest7_pkey on sbtest7  (cost=0.43..6.59 rows=108 width=4)
	  Index Cond: ((id >= 6304210) AND (id <= 6304310))

table 8 : explain SELECT id FROM sbtest8 WHERE id BETWEEN 6304210 AND 6304310
	Index Only Scan using sbtest8_pkey on sbtest8  (cost=0.43..6.35 rows=96 width=4)
	  Index Cond: ((id >= 6304210) AND (id <= 6304310))

for range-covered
table 1 : explain SELECT id FROM sbtest1 WHERE id BETWEEN 4041152 AND 4041252
	Index Only Scan using sbtest1_pkey on sbtest1  (cost=0.43..10.70 rows=113 width=4)
	  Index Cond: ((id >= 4041152) AND (id <= 4041252))

table 2 : explain SELECT id FROM sbtest2 WHERE id BETWEEN 4041152 AND 4041252
	Index Only Scan using sbtest2_pkey on sbtest2  (cost=0.43..6.56 rows=106 width=4)
	  Index Cond: ((id >= 4041152) AND (id <= 4041252))

table 3 : explain SELECT id FROM sbtest3 WHERE id BETWEEN 4041152 AND 4041252
	Index Only Scan using sbtest3_pkey on sbtest3  (cost=0.43..6.47 rows=102 width=4)
	  Index Cond: ((id >= 4041152) AND (id <= 4041252))

table 4 : explain SELECT id FROM sbtest4 WHERE id BETWEEN 4041152 AND 4041252
	Index Only Scan using sbtest4_pkey on sbtest4  (cost=0.43..6.43 rows=100 width=4)
	  Index Cond: ((id >= 4041152) AND (id <= 4041252))

table 5 : explain SELECT id FROM sbtest5 WHERE id BETWEEN 4041152 AND 4041252
	Index Only Scan using sbtest5_pkey on sbtest5  (cost=0.43..6.45 rows=101 width=4)
	  Index Cond: ((id >= 4041152) AND (id <= 4041252))

table 6 : explain SELECT id FROM sbtest6 WHERE id BETWEEN 4041152 AND 4041252
	Index Only Scan using sbtest6_pkey on sbtest6  (cost=0.43..6.42 rows=99 width=4)
	  Index Cond: ((id >= 4041152) AND (id <= 4041252))

table 7 : explain SELECT id FROM sbtest7 WHERE id BETWEEN 4041152 AND 4041252
	Index Only Scan using sbtest7_pkey on sbtest7  (cost=0.43..6.50 rows=103 width=4)
	  Index Cond: ((id >= 4041152) AND (id <= 4041252))

table 8 : explain SELECT id FROM sbtest8 WHERE id BETWEEN 4041152 AND 4041252
	Index Only Scan using sbtest8_pkey on sbtest8  (cost=0.43..6.33 rows=95 width=4)
	  Index Cond: ((id >= 4041152) AND (id <= 4041252))

for range-covered
table 1 : explain SELECT id FROM sbtest1 WHERE id BETWEEN 4556859 AND 4556959
	Index Only Scan using sbtest1_pkey on sbtest1  (cost=0.43..10.60 rows=108 width=4)
	  Index Cond: ((id >= 4556859) AND (id <= 4556959))

table 2 : explain SELECT id FROM sbtest2 WHERE id BETWEEN 4556859 AND 4556959
	Index Only Scan using sbtest2_pkey on sbtest2  (cost=0.43..6.35 rows=96 width=4)
	  Index Cond: ((id >= 4556859) AND (id <= 4556959))

table 3 : explain SELECT id FROM sbtest3 WHERE id BETWEEN 4556859 AND 4556959
	Index Only Scan using sbtest3_pkey on sbtest3  (cost=0.43..6.47 rows=102 width=4)
	  Index Cond: ((id >= 4556859) AND (id <= 4556959))

table 4 : explain SELECT id FROM sbtest4 WHERE id BETWEEN 4556859 AND 4556959
	Index Only Scan using sbtest4_pkey on sbtest4  (cost=0.43..6.42 rows=99 width=4)
	  Index Cond: ((id >= 4556859) AND (id <= 4556959))

table 5 : explain SELECT id FROM sbtest5 WHERE id BETWEEN 4556859 AND 4556959
	Index Only Scan using sbtest5_pkey on sbtest5  (cost=0.43..6.45 rows=101 width=4)
	  Index Cond: ((id >= 4556859) AND (id <= 4556959))

table 6 : explain SELECT id FROM sbtest6 WHERE id BETWEEN 4556859 AND 4556959
	Index Only Scan using sbtest6_pkey on sbtest6  (cost=0.43..6.59 rows=108 width=4)
	  Index Cond: ((id >= 4556859) AND (id <= 4556959))

table 7 : explain SELECT id FROM sbtest7 WHERE id BETWEEN 4556859 AND 4556959
	Index Only Scan using sbtest7_pkey on sbtest7  (cost=0.43..6.29 rows=93 width=4)
	  Index Cond: ((id >= 4556859) AND (id <= 4556959))

table 8 : explain SELECT id FROM sbtest8 WHERE id BETWEEN 4556859 AND 4556959
	Index Only Scan using sbtest8_pkey on sbtest8  (cost=0.43..6.35 rows=96 width=4)
	  Index Cond: ((id >= 4556859) AND (id <= 4556959))

explain: for range-covered :: explain SELECT id FROM sbtest%d WHERE id BETWEEN 6304210 AND 6304310
for range-covered
table 1 : explain SELECT id FROM sbtest1 WHERE id BETWEEN 6717403 AND 6717503
	Index Only Scan using sbtest1_pkey on sbtest1  (cost=0.43..10.33 rows=95 width=4)
	  Index Cond: ((id >= 6717403) AND (id <= 6717503))

table 2 : explain SELECT id FROM sbtest2 WHERE id BETWEEN 6717403 AND 6717503
	Index Only Scan using sbtest2_pkey on sbtest2  (cost=0.43..6.35 rows=96 width=4)
	  Index Cond: ((id >= 6717403) AND (id <= 6717503))

table 3 : explain SELECT id FROM sbtest3 WHERE id BETWEEN 6717403 AND 6717503
	Index Only Scan using sbtest3_pkey on sbtest3  (cost=0.43..6.11 rows=84 width=4)
	  Index Cond: ((id >= 6717403) AND (id <= 6717503))

table 4 : explain SELECT id FROM sbtest4 WHERE id BETWEEN 6717403 AND 6717503
	Index Only Scan using sbtest4_pkey on sbtest4  (cost=0.43..6.45 rows=101 width=4)
	  Index Cond: ((id >= 6717403) AND (id <= 6717503))

table 5 : explain SELECT id FROM sbtest5 WHERE id BETWEEN 6717403 AND 6717503
	Index Only Scan using sbtest5_pkey on sbtest5  (cost=0.43..6.37 rows=97 width=4)
	  Index Cond: ((id >= 6717403) AND (id <= 6717503))

table 6 : explain SELECT id FROM sbtest6 WHERE id BETWEEN 6717403 AND 6717503
	Index Only Scan using sbtest6_pkey on sbtest6  (cost=0.43..6.37 rows=97 width=4)
	  Index Cond: ((id >= 6717403) AND (id <= 6717503))

table 7 : explain SELECT id FROM sbtest7 WHERE id BETWEEN 6717403 AND 6717503
	Index Only Scan using sbtest7_pkey on sbtest7  (cost=0.43..6.59 rows=108 width=4)
	  Index Cond: ((id >= 6717403) AND (id <= 6717503))

table 8 : explain SELECT id FROM sbtest8 WHERE id BETWEEN 6717403 AND 6717503
	Index Only Scan using sbtest8_pkey on sbtest8  (cost=0.43..6.25 rows=91 width=4)
	  Index Cond: ((id >= 6717403) AND (id <= 6717503))

explain: for range-covered :: explain SELECT id FROM sbtest%d WHERE id BETWEEN 4556859 AND 4556959
explain: for range-covered :: explain SELECT id FROM sbtest%d WHERE id BETWEEN 4041152 AND 4041252
for range-covered
table 1 : explain SELECT id FROM sbtest1 WHERE id BETWEEN 2311313 AND 2311413
	Index Only Scan using sbtest1_pkey on sbtest1  (cost=0.43..10.63 rows=110 width=4)
	  Index Cond: ((id >= 2311313) AND (id <= 2311413))

table 2 : explain SELECT id FROM sbtest2 WHERE id BETWEEN 2311313 AND 2311413
	Index Only Scan using sbtest2_pkey on sbtest2  (cost=0.43..6.29 rows=93 width=4)
	  Index Cond: ((id >= 2311313) AND (id <= 2311413))

table 3 : explain SELECT id FROM sbtest3 WHERE id BETWEEN 2311313 AND 2311413
	Index Only Scan using sbtest3_pkey on sbtest3  (cost=0.43..6.35 rows=96 width=4)
	  Index Cond: ((id >= 2311313) AND (id <= 2311413))

table 4 : explain SELECT id FROM sbtest4 WHERE id BETWEEN 2311313 AND 2311413
	Index Only Scan using sbtest4_pkey on sbtest4  (cost=0.43..6.35 rows=96 width=4)
	  Index Cond: ((id >= 2311313) AND (id <= 2311413))

table 5 : explain SELECT id FROM sbtest5 WHERE id BETWEEN 2311313 AND 2311413
	Index Only Scan using sbtest5_pkey on sbtest5  (cost=0.43..6.56 rows=106 width=4)
	  Index Cond: ((id >= 2311313) AND (id <= 2311413))

table 6 : explain SELECT id FROM sbtest6 WHERE id BETWEEN 2311313 AND 2311413
	Index Only Scan using sbtest6_pkey on sbtest6  (cost=0.43..6.16 rows=86 width=4)
	  Index Cond: ((id >= 2311313) AND (id <= 2311413))

table 7 : explain SELECT id FROM sbtest7 WHERE id BETWEEN 2311313 AND 2311413
	Index Only Scan using sbtest7_pkey on sbtest7  (cost=0.43..6.56 rows=106 width=4)
	  Index Cond: ((id >= 2311313) AND (id <= 2311413))

table 8 : explain SELECT id FROM sbtest8 WHERE id BETWEEN 2311313 AND 2311413
	Index Only Scan using sbtest8_pkey on sbtest8  (cost=0.43..6.47 rows=102 width=4)
	  Index Cond: ((id >= 2311313) AND (id <= 2311413))

explain: for range-covered :: explain SELECT id FROM sbtest%d WHERE id BETWEEN 6717403 AND 6717503
for range-covered
table 1 : explain SELECT id FROM sbtest1 WHERE id BETWEEN 4999118 AND 4999218
	Index Only Scan using sbtest1_pkey on sbtest1  (cost=0.43..10.62 rows=109 width=4)
	  Index Cond: ((id >= 4999118) AND (id <= 4999218))

table 2 : explain SELECT id FROM sbtest2 WHERE id BETWEEN 4999118 AND 4999218
	Index Only Scan using sbtest2_pkey on sbtest2  (cost=0.43..6.45 rows=101 width=4)
	  Index Cond: ((id >= 4999118) AND (id <= 4999218))

table 3 : explain SELECT id FROM sbtest3 WHERE id BETWEEN 4999118 AND 4999218
	Index Only Scan using sbtest3_pkey on sbtest3  (cost=0.43..6.50 rows=103 width=4)
	  Index Cond: ((id >= 4999118) AND (id <= 4999218))

table 4 : explain SELECT id FROM sbtest4 WHERE id BETWEEN 4999118 AND 4999218
	Index Only Scan using sbtest4_pkey on sbtest4  (cost=0.43..6.33 rows=95 width=4)
	  Index Cond: ((id >= 4999118) AND (id <= 4999218))

table 5 : explain SELECT id FROM sbtest5 WHERE id BETWEEN 4999118 AND 4999218
	Index Only Scan using sbtest5_pkey on sbtest5  (cost=0.43..6.58 rows=107 width=4)
	  Index Cond: ((id >= 4999118) AND (id <= 4999218))

table 6 : explain SELECT id FROM sbtest6 WHERE id BETWEEN 4999118 AND 4999218
	Index Only Scan using sbtest6_pkey on sbtest6  (cost=0.43..6.61 rows=109 width=4)
	  Index Cond: ((id >= 4999118) AND (id <= 4999218))

table 7 : explain SELECT id FROM sbtest7 WHERE id BETWEEN 4999118 AND 4999218
	Index Only Scan using sbtest7_pkey on sbtest7  (cost=0.43..6.40 rows=98 width=4)
	  Index Cond: ((id >= 4999118) AND (id <= 4999218))

table 8 : explain SELECT id FROM sbtest8 WHERE id BETWEEN 4999118 AND 4999218
	Index Only Scan using sbtest8_pkey on sbtest8  (cost=0.43..6.53 rows=105 width=4)
	  Index Cond: ((id >= 4999118) AND (id <= 4999218))

explain: for range-covered :: explain SELECT id FROM sbtest%d WHERE id BETWEEN 2311313 AND 2311413
for range-covered
table 1 : explain SELECT id FROM sbtest1 WHERE id BETWEEN 2348902 AND 2349002
	Index Only Scan using sbtest1_pkey on sbtest1  (cost=0.43..10.60 rows=108 width=4)
	  Index Cond: ((id >= 2348902) AND (id <= 2349002))

table 2 : explain SELECT id FROM sbtest2 WHERE id BETWEEN 2348902 AND 2349002
	Index Only Scan using sbtest2_pkey on sbtest2  (cost=0.43..6.24 rows=90 width=4)
	  Index Cond: ((id >= 2348902) AND (id <= 2349002))

table 3 : explain SELECT id FROM sbtest3 WHERE id BETWEEN 2348902 AND 2349002
	Index Only Scan using sbtest3_pkey on sbtest3  (cost=0.43..6.35 rows=96 width=4)
	  Index Cond: ((id >= 2348902) AND (id <= 2349002))

table 4 : explain SELECT id FROM sbtest4 WHERE id BETWEEN 2348902 AND 2349002
	Index Only Scan using sbtest4_pkey on sbtest4  (cost=0.43..6.35 rows=96 width=4)
	  Index Cond: ((id >= 2348902) AND (id <= 2349002))

table 5 : explain SELECT id FROM sbtest5 WHERE id BETWEEN 2348902 AND 2349002
	Index Only Scan using sbtest5_pkey on sbtest5  (cost=0.43..6.56 rows=106 width=4)
	  Index Cond: ((id >= 2348902) AND (id <= 2349002))

table 6 : explain SELECT id FROM sbtest6 WHERE id BETWEEN 2348902 AND 2349002
	Index Only Scan using sbtest6_pkey on sbtest6  (cost=0.43..6.17 rows=87 width=4)
	  Index Cond: ((id >= 2348902) AND (id <= 2349002))

table 7 : explain SELECT id FROM sbtest7 WHERE id BETWEEN 2348902 AND 2349002
	Index Only Scan using sbtest7_pkey on sbtest7  (cost=0.43..6.35 rows=96 width=4)
	  Index Cond: ((id >= 2348902) AND (id <= 2349002))

table 8 : explain SELECT id FROM sbtest8 WHERE id BETWEEN 2348902 AND 2349002
	Index Only Scan using sbtest8_pkey on sbtest8  (cost=0.43..6.47 rows=102 width=4)
	  Index Cond: ((id >= 2348902) AND (id <= 2349002))

explain: for range-covered :: explain SELECT id FROM sbtest%d WHERE id BETWEEN 4999118 AND 4999218
explain: for range-covered :: explain SELECT id FROM sbtest%d WHERE id BETWEEN 2348902 AND 2349002
for range-covered
table 1 : explain SELECT id FROM sbtest1 WHERE id BETWEEN 6304210 AND 6304310
	Index Only Scan using sbtest1_pkey on sbtest1  (cost=0.43..10.46 rows=101 width=4)
	  Index Cond: ((id >= 6304210) AND (id <= 6304310))

table 2 : explain SELECT id FROM sbtest2 WHERE id BETWEEN 6304210 AND 6304310
	Index Only Scan using sbtest2_pkey on sbtest2  (cost=0.43..6.43 rows=100 width=4)
	  Index Cond: ((id >= 6304210) AND (id <= 6304310))

table 3 : explain SELECT id FROM sbtest3 WHERE id BETWEEN 6304210 AND 6304310
	Index Only Scan using sbtest3_pkey on sbtest3  (cost=0.43..6.50 rows=103 width=4)
	  Index Cond: ((id >= 6304210) AND (id <= 6304310))

table 4 : explain SELECT id FROM sbtest4 WHERE id BETWEEN 6304210 AND 6304310
	Index Only Scan using sbtest4_pkey on sbtest4  (cost=0.43..6.45 rows=101 width=4)
	  Index Cond: ((id >= 6304210) AND (id <= 6304310))

table 5 : explain SELECT id FROM sbtest5 WHERE id BETWEEN 6304210 AND 6304310
	Index Only Scan using sbtest5_pkey on sbtest5  (cost=0.43..6.35 rows=96 width=4)
	  Index Cond: ((id >= 6304210) AND (id <= 6304310))

table 6 : explain SELECT id FROM sbtest6 WHERE id BETWEEN 6304210 AND 6304310
	Index Only Scan using sbtest6_pkey on sbtest6  (cost=0.43..6.40 rows=98 width=4)
	  Index Cond: ((id >= 6304210) AND (id <= 6304310))

table 7 : explain SELECT id FROM sbtest7 WHERE id BETWEEN 6304210 AND 6304310
	Index Only Scan using sbtest7_pkey on sbtest7  (cost=0.43..6.59 rows=108 width=4)
	  Index Cond: ((id >= 6304210) AND (id <= 6304310))

table 8 : explain SELECT id FROM sbtest8 WHERE id BETWEEN 6304210 AND 6304310
	Index Only Scan using sbtest8_pkey on sbtest8  (cost=0.43..6.35 rows=96 width=4)
	  Index Cond: ((id >= 6304210) AND (id <= 6304310))

explain: for range-covered :: explain SELECT id FROM sbtest%d WHERE id BETWEEN 6304210 AND 6304310
for range-covered
table 1 : explain SELECT id FROM sbtest1 WHERE id BETWEEN 4041152 AND 4041252
	Index Only Scan using sbtest1_pkey on sbtest1  (cost=0.43..10.70 rows=113 width=4)
	  Index Cond: ((id >= 4041152) AND (id <= 4041252))

table 2 : explain SELECT id FROM sbtest2 WHERE id BETWEEN 4041152 AND 4041252
	Index Only Scan using sbtest2_pkey on sbtest2  (cost=0.43..6.56 rows=106 width=4)
	  Index Cond: ((id >= 4041152) AND (id <= 4041252))

table 3 : explain SELECT id FROM sbtest3 WHERE id BETWEEN 4041152 AND 4041252
	Index Only Scan using sbtest3_pkey on sbtest3  (cost=0.43..6.47 rows=102 width=4)
	  Index Cond: ((id >= 4041152) AND (id <= 4041252))

table 4 : explain SELECT id FROM sbtest4 WHERE id BETWEEN 4041152 AND 4041252
	Index Only Scan using sbtest4_pkey on sbtest4  (cost=0.43..6.43 rows=100 width=4)
	  Index Cond: ((id >= 4041152) AND (id <= 4041252))

table 5 : explain SELECT id FROM sbtest5 WHERE id BETWEEN 4041152 AND 4041252
	Index Only Scan using sbtest5_pkey on sbtest5  (cost=0.43..6.45 rows=101 width=4)
	  Index Cond: ((id >= 4041152) AND (id <= 4041252))

table 6 : explain SELECT id FROM sbtest6 WHERE id BETWEEN 4041152 AND 4041252
	Index Only Scan using sbtest6_pkey on sbtest6  (cost=0.43..6.42 rows=99 width=4)
	  Index Cond: ((id >= 4041152) AND (id <= 4041252))

table 7 : explain SELECT id FROM sbtest7 WHERE id BETWEEN 4041152 AND 4041252
	Index Only Scan using sbtest7_pkey on sbtest7  (cost=0.43..6.50 rows=103 width=4)
	  Index Cond: ((id >= 4041152) AND (id <= 4041252))

table 8 : explain SELECT id FROM sbtest8 WHERE id BETWEEN 4041152 AND 4041252
	Index Only Scan using sbtest8_pkey on sbtest8  (cost=0.43..6.33 rows=95 width=4)
	  Index Cond: ((id >= 4041152) AND (id <= 4041252))

explain: for range-covered :: explain SELECT id FROM sbtest%d WHERE id BETWEEN 4041152 AND 4041252
for range-covered
table 1 : explain SELECT id FROM sbtest1 WHERE id BETWEEN 2311313 AND 2311413
	Index Only Scan using sbtest1_pkey on sbtest1  (cost=0.43..10.63 rows=110 width=4)
	  Index Cond: ((id >= 2311313) AND (id <= 2311413))

table 2 : explain SELECT id FROM sbtest2 WHERE id BETWEEN 2311313 AND 2311413
	Index Only Scan using sbtest2_pkey on sbtest2  (cost=0.43..6.29 rows=93 width=4)
	  Index Cond: ((id >= 2311313) AND (id <= 2311413))

table 3 : explain SELECT id FROM sbtest3 WHERE id BETWEEN 2311313 AND 2311413
	Index Only Scan using sbtest3_pkey on sbtest3  (cost=0.43..6.35 rows=96 width=4)
	  Index Cond: ((id >= 2311313) AND (id <= 2311413))

table 4 : explain SELECT id FROM sbtest4 WHERE id BETWEEN 2311313 AND 2311413
	Index Only Scan using sbtest4_pkey on sbtest4  (cost=0.43..6.35 rows=96 width=4)
	  Index Cond: ((id >= 2311313) AND (id <= 2311413))

table 5 : explain SELECT id FROM sbtest5 WHERE id BETWEEN 2311313 AND 2311413
	Index Only Scan using sbtest5_pkey on sbtest5  (cost=0.43..6.56 rows=106 width=4)
	  Index Cond: ((id >= 2311313) AND (id <= 2311413))

table 6 : explain SELECT id FROM sbtest6 WHERE id BETWEEN 2311313 AND 2311413
	Index Only Scan using sbtest6_pkey on sbtest6  (cost=0.43..6.16 rows=86 width=4)
	  Index Cond: ((id >= 2311313) AND (id <= 2311413))

table 7 : explain SELECT id FROM sbtest7 WHERE id BETWEEN 2311313 AND 2311413
	Index Only Scan using sbtest7_pkey on sbtest7  (cost=0.43..6.56 rows=106 width=4)
	  Index Cond: ((id >= 2311313) AND (id <= 2311413))

table 8 : explain SELECT id FROM sbtest8 WHERE id BETWEEN 2311313 AND 2311413
	Index Only Scan using sbtest8_pkey on sbtest8  (cost=0.43..6.47 rows=102 width=4)
	  Index Cond: ((id >= 2311313) AND (id <= 2311413))

for range-covered
table 1 : explain SELECT id FROM sbtest1 WHERE id BETWEEN 4556859 AND 4556959
	Index Only Scan using sbtest1_pkey on sbtest1  (cost=0.43..10.60 rows=108 width=4)
	  Index Cond: ((id >= 4556859) AND (id <= 4556959))

table 2 : explain SELECT id FROM sbtest2 WHERE id BETWEEN 4556859 AND 4556959
	Index Only Scan using sbtest2_pkey on sbtest2  (cost=0.43..6.35 rows=96 width=4)
	  Index Cond: ((id >= 4556859) AND (id <= 4556959))

table 3 : explain SELECT id FROM sbtest3 WHERE id BETWEEN 4556859 AND 4556959
	Index Only Scan using sbtest3_pkey on sbtest3  (cost=0.43..6.47 rows=102 width=4)
	  Index Cond: ((id >= 4556859) AND (id <= 4556959))

table 4 : explain SELECT id FROM sbtest4 WHERE id BETWEEN 4556859 AND 4556959
	Index Only Scan using sbtest4_pkey on sbtest4  (cost=0.43..6.42 rows=99 width=4)
	  Index Cond: ((id >= 4556859) AND (id <= 4556959))

table 5 : explain SELECT id FROM sbtest5 WHERE id BETWEEN 4556859 AND 4556959
	Index Only Scan using sbtest5_pkey on sbtest5  (cost=0.43..6.45 rows=101 width=4)
	  Index Cond: ((id >= 4556859) AND (id <= 4556959))

table 6 : explain SELECT id FROM sbtest6 WHERE id BETWEEN 4556859 AND 4556959
	Index Only Scan using sbtest6_pkey on sbtest6  (cost=0.43..6.59 rows=108 width=4)
	  Index Cond: ((id >= 4556859) AND (id <= 4556959))

table 7 : explain SELECT id FROM sbtest7 WHERE id BETWEEN 4556859 AND 4556959
	Index Only Scan using sbtest7_pkey on sbtest7  (cost=0.43..6.29 rows=93 width=4)
	  Index Cond: ((id >= 4556859) AND (id <= 4556959))

table 8 : explain SELECT id FROM sbtest8 WHERE id BETWEEN 4556859 AND 4556959
	Index Only Scan using sbtest8_pkey on sbtest8  (cost=0.43..6.35 rows=96 width=4)
	  Index Cond: ((id >= 4556859) AND (id <= 4556959))

explain: for range-covered :: explain SELECT id FROM sbtest%d WHERE id BETWEEN 2311313 AND 2311413
explain: for range-covered :: explain SELECT id FROM sbtest%d WHERE id BETWEEN 4556859 AND 4556959
for range-covered
table 1 : explain SELECT id FROM sbtest1 WHERE id BETWEEN 6717403 AND 6717503
	Index Only Scan using sbtest1_pkey on sbtest1  (cost=0.43..10.33 rows=95 width=4)
	  Index Cond: ((id >= 6717403) AND (id <= 6717503))

table 2 : explain SELECT id FROM sbtest2 WHERE id BETWEEN 6717403 AND 6717503
	Index Only Scan using sbtest2_pkey on sbtest2  (cost=0.43..6.35 rows=96 width=4)
	  Index Cond: ((id >= 6717403) AND (id <= 6717503))

table 3 : explain SELECT id FROM sbtest3 WHERE id BETWEEN 6717403 AND 6717503
	Index Only Scan using sbtest3_pkey on sbtest3  (cost=0.43..6.11 rows=84 width=4)
	  Index Cond: ((id >= 6717403) AND (id <= 6717503))

table 4 : explain SELECT id FROM sbtest4 WHERE id BETWEEN 6717403 AND 6717503
	Index Only Scan using sbtest4_pkey on sbtest4  (cost=0.43..6.45 rows=101 width=4)
	  Index Cond: ((id >= 6717403) AND (id <= 6717503))

table 5 : explain SELECT id FROM sbtest5 WHERE id BETWEEN 6717403 AND 6717503
	Index Only Scan using sbtest5_pkey on sbtest5  (cost=0.43..6.37 rows=97 width=4)
	  Index Cond: ((id >= 6717403) AND (id <= 6717503))

table 6 : explain SELECT id FROM sbtest6 WHERE id BETWEEN 6717403 AND 6717503
	Index Only Scan using sbtest6_pkey on sbtest6  (cost=0.43..6.37 rows=97 width=4)
	  Index Cond: ((id >= 6717403) AND (id <= 6717503))

table 7 : explain SELECT id FROM sbtest7 WHERE id BETWEEN 6717403 AND 6717503
	Index Only Scan using sbtest7_pkey on sbtest7  (cost=0.43..6.59 rows=108 width=4)
	  Index Cond: ((id >= 6717403) AND (id <= 6717503))

table 8 : explain SELECT id FROM sbtest8 WHERE id BETWEEN 6717403 AND 6717503
	Index Only Scan using sbtest8_pkey on sbtest8  (cost=0.43..6.25 rows=91 width=4)
	  Index Cond: ((id >= 6717403) AND (id <= 6717503))

for range-covered
table 1 : explain SELECT id FROM sbtest1 WHERE id BETWEEN 6304210 AND 6304310
	Index Only Scan using sbtest1_pkey on sbtest1  (cost=0.43..10.46 rows=101 width=4)
	  Index Cond: ((id >= 6304210) AND (id <= 6304310))

table 2 : explain SELECT id FROM sbtest2 WHERE id BETWEEN 6304210 AND 6304310
	Index Only Scan using sbtest2_pkey on sbtest2  (cost=0.43..6.43 rows=100 width=4)
	  Index Cond: ((id >= 6304210) AND (id <= 6304310))

table 3 : explain SELECT id FROM sbtest3 WHERE id BETWEEN 6304210 AND 6304310
	Index Only Scan using sbtest3_pkey on sbtest3  (cost=0.43..6.50 rows=103 width=4)
	  Index Cond: ((id >= 6304210) AND (id <= 6304310))

table 4 : explain SELECT id FROM sbtest4 WHERE id BETWEEN 6304210 AND 6304310
	Index Only Scan using sbtest4_pkey on sbtest4  (cost=0.43..6.45 rows=101 width=4)
	  Index Cond: ((id >= 6304210) AND (id <= 6304310))

table 5 : explain SELECT id FROM sbtest5 WHERE id BETWEEN 6304210 AND 6304310
	Index Only Scan using sbtest5_pkey on sbtest5  (cost=0.43..6.35 rows=96 width=4)
	  Index Cond: ((id >= 6304210) AND (id <= 6304310))

table 6 : explain SELECT id FROM sbtest6 WHERE id BETWEEN 6304210 AND 6304310
	Index Only Scan using sbtest6_pkey on sbtest6  (cost=0.43..6.40 rows=98 width=4)
	  Index Cond: ((id >= 6304210) AND (id <= 6304310))

table 7 : explain SELECT id FROM sbtest7 WHERE id BETWEEN 6304210 AND 6304310
	Index Only Scan using sbtest7_pkey on sbtest7  (cost=0.43..6.59 rows=108 width=4)
	  Index Cond: ((id >= 6304210) AND (id <= 6304310))

table 8 : explain SELECT id FROM sbtest8 WHERE id BETWEEN 6304210 AND 6304310
	Index Only Scan using sbtest8_pkey on sbtest8  (cost=0.43..6.35 rows=96 width=4)
	  Index Cond: ((id >= 6304210) AND (id <= 6304310))
for range-covered
table 1 : explain SELECT id FROM sbtest1 WHERE id BETWEEN 7274255 AND 7274355
	Index Only Scan using sbtest1_pkey on sbtest1  (cost=0.43..10.60 rows=108 width=4)
	  Index Cond: ((id >= 7274255) AND (id <= 7274355))

table 2 : explain SELECT id FROM sbtest2 WHERE id BETWEEN 7274255 AND 7274355
	Index Only Scan using sbtest2_pkey on sbtest2  (cost=0.43..6.63 rows=110 width=4)
	  Index Cond: ((id >= 7274255) AND (id <= 7274355))

table 3 : explain SELECT id FROM sbtest3 WHERE id BETWEEN 7274255 AND 7274355
	Index Only Scan using sbtest3_pkey on sbtest3  (cost=0.43..6.40 rows=98 width=4)
	  Index Cond: ((id >= 7274255) AND (id <= 7274355))

table 4 : explain SELECT id FROM sbtest4 WHERE id BETWEEN 7274255 AND 7274355
	Index Only Scan using sbtest4_pkey on sbtest4  (cost=0.43..6.56 rows=106 width=4)
	  Index Cond: ((id >= 7274255) AND (id <= 7274355))

table 5 : explain SELECT id FROM sbtest5 WHERE id BETWEEN 7274255 AND 7274355
	Index Only Scan using sbtest5_pkey on sbtest5  (cost=0.43..6.61 rows=109 width=4)
	  Index Cond: ((id >= 7274255) AND (id <= 7274355))

table 6 : explain SELECT id FROM sbtest6 WHERE id BETWEEN 7274255 AND 7274355
	Index Only Scan using sbtest6_pkey on sbtest6  (cost=0.43..6.35 rows=96 width=4)
	  Index Cond: ((id >= 7274255) AND (id <= 7274355))

table 7 : explain SELECT id FROM sbtest7 WHERE id BETWEEN 7274255 AND 7274355
	Index Only Scan using sbtest7_pkey on sbtest7  (cost=0.43..6.25 rows=91 width=4)
	  Index Cond: ((id >= 7274255) AND (id <= 7274355))

table 8 : explain SELECT id FROM sbtest8 WHERE id BETWEEN 7274255 AND 7274355
	Index Only Scan using sbtest8_pkey on sbtest8  (cost=0.43..6.81 rows=119 width=4)
	  Index Cond: ((id >= 7274255) AND (id <= 7274355))


explain: for range-covered :: explain SELECT id FROM sbtest%d WHERE id BETWEEN 6304210 AND 6304310
explain: for range-covered :: explain SELECT id FROM sbtest%d WHERE id BETWEEN 7274255 AND 7274355
for range-covered
table 1 : explain SELECT id FROM sbtest1 WHERE id BETWEEN 4041152 AND 4041252
	Index Only Scan using sbtest1_pkey on sbtest1  (cost=0.43..10.70 rows=113 width=4)
	  Index Cond: ((id >= 4041152) AND (id <= 4041252))

table 2 : explain SELECT id FROM sbtest2 WHERE id BETWEEN 4041152 AND 4041252
	Index Only Scan using sbtest2_pkey on sbtest2  (cost=0.43..6.56 rows=106 width=4)
	  Index Cond: ((id >= 4041152) AND (id <= 4041252))

table 3 : explain SELECT id FROM sbtest3 WHERE id BETWEEN 4041152 AND 4041252
	Index Only Scan using sbtest3_pkey on sbtest3  (cost=0.43..6.47 rows=102 width=4)
	  Index Cond: ((id >= 4041152) AND (id <= 4041252))

table 4 : explain SELECT id FROM sbtest4 WHERE id BETWEEN 4041152 AND 4041252
	Index Only Scan using sbtest4_pkey on sbtest4  (cost=0.43..6.43 rows=100 width=4)
	  Index Cond: ((id >= 4041152) AND (id <= 4041252))

table 5 : explain SELECT id FROM sbtest5 WHERE id BETWEEN 4041152 AND 4041252
	Index Only Scan using sbtest5_pkey on sbtest5  (cost=0.43..6.45 rows=101 width=4)
	  Index Cond: ((id >= 4041152) AND (id <= 4041252))

table 6 : explain SELECT id FROM sbtest6 WHERE id BETWEEN 4041152 AND 4041252
	Index Only Scan using sbtest6_pkey on sbtest6  (cost=0.43..6.42 rows=99 width=4)
	  Index Cond: ((id >= 4041152) AND (id <= 4041252))

table 7 : explain SELECT id FROM sbtest7 WHERE id BETWEEN 4041152 AND 4041252
	Index Only Scan using sbtest7_pkey on sbtest7  (cost=0.43..6.50 rows=103 width=4)
	  Index Cond: ((id >= 4041152) AND (id <= 4041252))

table 8 : explain SELECT id FROM sbtest8 WHERE id BETWEEN 4041152 AND 4041252
	Index Only Scan using sbtest8_pkey on sbtest8  (cost=0.43..6.33 rows=95 width=4)
	  Index Cond: ((id >= 4041152) AND (id <= 4041252))

explain: for range-covered :: explain SELECT id FROM sbtest%d WHERE id BETWEEN 4041152 AND 4041252
for range-covered
table 1 : explain SELECT id FROM sbtest1 WHERE id BETWEEN 4999118 AND 4999218
	Index Only Scan using sbtest1_pkey on sbtest1  (cost=0.43..10.62 rows=109 width=4)
	  Index Cond: ((id >= 4999118) AND (id <= 4999218))

table 2 : explain SELECT id FROM sbtest2 WHERE id BETWEEN 4999118 AND 4999218
	Index Only Scan using sbtest2_pkey on sbtest2  (cost=0.43..6.45 rows=101 width=4)
	  Index Cond: ((id >= 4999118) AND (id <= 4999218))

table 3 : explain SELECT id FROM sbtest3 WHERE id BETWEEN 4999118 AND 4999218
	Index Only Scan using sbtest3_pkey on sbtest3  (cost=0.43..6.50 rows=103 width=4)
	  Index Cond: ((id >= 4999118) AND (id <= 4999218))

table 4 : explain SELECT id FROM sbtest4 WHERE id BETWEEN 4999118 AND 4999218
	Index Only Scan using sbtest4_pkey on sbtest4  (cost=0.43..6.33 rows=95 width=4)
	  Index Cond: ((id >= 4999118) AND (id <= 4999218))

table 5 : explain SELECT id FROM sbtest5 WHERE id BETWEEN 4999118 AND 4999218
	Index Only Scan using sbtest5_pkey on sbtest5  (cost=0.43..6.58 rows=107 width=4)
	  Index Cond: ((id >= 4999118) AND (id <= 4999218))

table 6 : explain SELECT id FROM sbtest6 WHERE id BETWEEN 4999118 AND 4999218
	Index Only Scan using sbtest6_pkey on sbtest6  (cost=0.43..6.61 rows=109 width=4)
	  Index Cond: ((id >= 4999118) AND (id <= 4999218))

table 7 : explain SELECT id FROM sbtest7 WHERE id BETWEEN 4999118 AND 4999218
	Index Only Scan using sbtest7_pkey on sbtest7  (cost=0.43..6.40 rows=98 width=4)
	  Index Cond: ((id >= 4999118) AND (id <= 4999218))

table 8 : explain SELECT id FROM sbtest8 WHERE id BETWEEN 4999118 AND 4999218
	Index Only Scan using sbtest8_pkey on sbtest8  (cost=0.43..6.53 rows=105 width=4)
	  Index Cond: ((id >= 4999118) AND (id <= 4999218))

for range-covered
table 1 : explain SELECT id FROM sbtest1 WHERE id BETWEEN 4556859 AND 4556959
	Index Only Scan using sbtest1_pkey on sbtest1  (cost=0.43..10.60 rows=108 width=4)
	  Index Cond: ((id >= 4556859) AND (id <= 4556959))

table 2 : explain SELECT id FROM sbtest2 WHERE id BETWEEN 4556859 AND 4556959
	Index Only Scan using sbtest2_pkey on sbtest2  (cost=0.43..6.35 rows=96 width=4)
	  Index Cond: ((id >= 4556859) AND (id <= 4556959))

table 3 : explain SELECT id FROM sbtest3 WHERE id BETWEEN 4556859 AND 4556959
	Index Only Scan using sbtest3_pkey on sbtest3  (cost=0.43..6.47 rows=102 width=4)
	  Index Cond: ((id >= 4556859) AND (id <= 4556959))

table 4 : explain SELECT id FROM sbtest4 WHERE id BETWEEN 4556859 AND 4556959
	Index Only Scan using sbtest4_pkey on sbtest4  (cost=0.43..6.42 rows=99 width=4)
	  Index Cond: ((id >= 4556859) AND (id <= 4556959))

table 5 : explain SELECT id FROM sbtest5 WHERE id BETWEEN 4556859 AND 4556959
	Index Only Scan using sbtest5_pkey on sbtest5  (cost=0.43..6.45 rows=101 width=4)
	  Index Cond: ((id >= 4556859) AND (id <= 4556959))

table 6 : explain SELECT id FROM sbtest6 WHERE id BETWEEN 4556859 AND 4556959
	Index Only Scan using sbtest6_pkey on sbtest6  (cost=0.43..6.59 rows=108 width=4)
	  Index Cond: ((id >= 4556859) AND (id <= 4556959))

table 7 : explain SELECT id FROM sbtest7 WHERE id BETWEEN 4556859 AND 4556959
	Index Only Scan using sbtest7_pkey on sbtest7  (cost=0.43..6.29 rows=93 width=4)
	  Index Cond: ((id >= 4556859) AND (id <= 4556959))

table 8 : explain SELECT id FROM sbtest8 WHERE id BETWEEN 4556859 AND 4556959
	Index Only Scan using sbtest8_pkey on sbtest8  (cost=0.43..6.35 rows=96 width=4)
	  Index Cond: ((id >= 4556859) AND (id <= 4556959))

for range-covered
table 1 : explain SELECT id FROM sbtest1 WHERE id BETWEEN 2311313 AND 2311413
	Index Only Scan using sbtest1_pkey on sbtest1  (cost=0.43..10.63 rows=110 width=4)
	  Index Cond: ((id >= 2311313) AND (id <= 2311413))

table 2 : explain SELECT id FROM sbtest2 WHERE id BETWEEN 2311313 AND 2311413
	Index Only Scan using sbtest2_pkey on sbtest2  (cost=0.43..6.29 rows=93 width=4)
	  Index Cond: ((id >= 2311313) AND (id <= 2311413))

table 3 : explain SELECT id FROM sbtest3 WHERE id BETWEEN 2311313 AND 2311413
	Index Only Scan using sbtest3_pkey on sbtest3  (cost=0.43..6.35 rows=96 width=4)
	  Index Cond: ((id >= 2311313) AND (id <= 2311413))

table 4 : explain SELECT id FROM sbtest4 WHERE id BETWEEN 2311313 AND 2311413
	Index Only Scan using sbtest4_pkey on sbtest4  (cost=0.43..6.35 rows=96 width=4)
	  Index Cond: ((id >= 2311313) AND (id <= 2311413))

table 5 : explain SELECT id FROM sbtest5 WHERE id BETWEEN 2311313 AND 2311413
	Index Only Scan using sbtest5_pkey on sbtest5  (cost=0.43..6.56 rows=106 width=4)
	  Index Cond: ((id >= 2311313) AND (id <= 2311413))

table 6 : explain SELECT id FROM sbtest6 WHERE id BETWEEN 2311313 AND 2311413
	Index Only Scan using sbtest6_pkey on sbtest6  (cost=0.43..6.16 rows=86 width=4)
	  Index Cond: ((id >= 2311313) AND (id <= 2311413))

table 7 : explain SELECT id FROM sbtest7 WHERE id BETWEEN 2311313 AND 2311413
	Index Only Scan using sbtest7_pkey on sbtest7  (cost=0.43..6.56 rows=106 width=4)
	  Index Cond: ((id >= 2311313) AND (id <= 2311413))

table 8 : explain SELECT id FROM sbtest8 WHERE id BETWEEN 2311313 AND 2311413
	Index Only Scan using sbtest8_pkey on sbtest8  (cost=0.43..6.47 rows=102 width=4)
	  Index Cond: ((id >= 2311313) AND (id <= 2311413))

explain: for range-covered :: explain SELECT id FROM sbtest%d WHERE id BETWEEN 4556859 AND 4556959
for range-covered
table 1 : explain SELECT id FROM sbtest1 WHERE id BETWEEN 2348902 AND 2349002
	Index Only Scan using sbtest1_pkey on sbtest1  (cost=0.43..10.60 rows=108 width=4)
	  Index Cond: ((id >= 2348902) AND (id <= 2349002))

table 2 : explain SELECT id FROM sbtest2 WHERE id BETWEEN 2348902 AND 2349002
	Index Only Scan using sbtest2_pkey on sbtest2  (cost=0.43..6.24 rows=90 width=4)
	  Index Cond: ((id >= 2348902) AND (id <= 2349002))

table 3 : explain SELECT id FROM sbtest3 WHERE id BETWEEN 2348902 AND 2349002
	Index Only Scan using sbtest3_pkey on sbtest3  (cost=0.43..6.35 rows=96 width=4)
	  Index Cond: ((id >= 2348902) AND (id <= 2349002))

table 4 : explain SELECT id FROM sbtest4 WHERE id BETWEEN 2348902 AND 2349002
	Index Only Scan using sbtest4_pkey on sbtest4  (cost=0.43..6.35 rows=96 width=4)
	  Index Cond: ((id >= 2348902) AND (id <= 2349002))

table 5 : explain SELECT id FROM sbtest5 WHERE id BETWEEN 2348902 AND 2349002
	Index Only Scan using sbtest5_pkey on sbtest5  (cost=0.43..6.56 rows=106 width=4)
	  Index Cond: ((id >= 2348902) AND (id <= 2349002))

table 6 : explain SELECT id FROM sbtest6 WHERE id BETWEEN 2348902 AND 2349002
	Index Only Scan using sbtest6_pkey on sbtest6  (cost=0.43..6.17 rows=87 width=4)
	  Index Cond: ((id >= 2348902) AND (id <= 2349002))

table 7 : explain SELECT id FROM sbtest7 WHERE id BETWEEN 2348902 AND 2349002
	Index Only Scan using sbtest7_pkey on sbtest7  (cost=0.43..6.35 rows=96 width=4)
	  Index Cond: ((id >= 2348902) AND (id <= 2349002))

table 8 : explain SELECT id FROM sbtest8 WHERE id BETWEEN 2348902 AND 2349002
	Index Only Scan using sbtest8_pkey on sbtest8  (cost=0.43..6.47 rows=102 width=4)
	  Index Cond: ((id >= 2348902) AND (id <= 2349002))

explain: for range-covered :: explain SELECT id FROM sbtest%d WHERE id BETWEEN 2311313 AND 2311413
explain: for range-covered :: explain SELECT id FROM sbtest%d WHERE id BETWEEN 4999118 AND 4999218
explain: for range-covered :: explain SELECT id FROM sbtest%d WHERE id BETWEEN 2348902 AND 2349002
for range-covered
table 1 : explain SELECT id FROM sbtest1 WHERE id BETWEEN 6304210 AND 6304310
	Index Only Scan using sbtest1_pkey on sbtest1  (cost=0.43..10.46 rows=101 width=4)
	  Index Cond: ((id >= 6304210) AND (id <= 6304310))

table 2 : explain SELECT id FROM sbtest2 WHERE id BETWEEN 6304210 AND 6304310
	Index Only Scan using sbtest2_pkey on sbtest2  (cost=0.43..6.43 rows=100 width=4)
	  Index Cond: ((id >= 6304210) AND (id <= 6304310))

table 3 : explain SELECT id FROM sbtest3 WHERE id BETWEEN 6304210 AND 6304310
	Index Only Scan using sbtest3_pkey on sbtest3  (cost=0.43..6.50 rows=103 width=4)
	  Index Cond: ((id >= 6304210) AND (id <= 6304310))

table 4 : explain SELECT id FROM sbtest4 WHERE id BETWEEN 6304210 AND 6304310
	Index Only Scan using sbtest4_pkey on sbtest4  (cost=0.43..6.45 rows=101 width=4)
	  Index Cond: ((id >= 6304210) AND (id <= 6304310))

table 5 : explain SELECT id FROM sbtest5 WHERE id BETWEEN 6304210 AND 6304310
	Index Only Scan using sbtest5_pkey on sbtest5  (cost=0.43..6.35 rows=96 width=4)
	  Index Cond: ((id >= 6304210) AND (id <= 6304310))

table 6 : explain SELECT id FROM sbtest6 WHERE id BETWEEN 6304210 AND 6304310
	Index Only Scan using sbtest6_pkey on sbtest6  (cost=0.43..6.40 rows=98 width=4)
	  Index Cond: ((id >= 6304210) AND (id <= 6304310))

table 7 : explain SELECT id FROM sbtest7 WHERE id BETWEEN 6304210 AND 6304310
	Index Only Scan using sbtest7_pkey on sbtest7  (cost=0.43..6.59 rows=108 width=4)
	  Index Cond: ((id >= 6304210) AND (id <= 6304310))

table 8 : explain SELECT id FROM sbtest8 WHERE id BETWEEN 6304210 AND 6304310
	Index Only Scan using sbtest8_pkey on sbtest8  (cost=0.43..6.35 rows=96 width=4)
	  Index Cond: ((id >= 6304210) AND (id <= 6304310))
for range-covered
table 1 : explain SELECT id FROM sbtest1 WHERE id BETWEEN 4607410 AND 4607510
	Index Only Scan using sbtest1_pkey on sbtest1  (cost=0.43..10.60 rows=108 width=4)
	  Index Cond: ((id >= 4607410) AND (id <= 4607510))

table 2 : explain SELECT id FROM sbtest2 WHERE id BETWEEN 4607410 AND 4607510
	Index Only Scan using sbtest2_pkey on sbtest2  (cost=0.43..6.35 rows=96 width=4)
	  Index Cond: ((id >= 4607410) AND (id <= 4607510))

table 3 : explain SELECT id FROM sbtest3 WHERE id BETWEEN 4607410 AND 4607510
	Index Only Scan using sbtest3_pkey on sbtest3  (cost=0.43..6.47 rows=102 width=4)
	  Index Cond: ((id >= 4607410) AND (id <= 4607510))

table 4 : explain SELECT id FROM sbtest4 WHERE id BETWEEN 4607410 AND 4607510
	Index Only Scan using sbtest4_pkey on sbtest4  (cost=0.43..6.42 rows=99 width=4)
	  Index Cond: ((id >= 4607410) AND (id <= 4607510))

table 5 : explain SELECT id FROM sbtest5 WHERE id BETWEEN 4607410 AND 4607510
	Index Only Scan using sbtest5_pkey on sbtest5  (cost=0.43..6.42 rows=99 width=4)
	  Index Cond: ((id >= 4607410) AND (id <= 4607510))

table 6 : explain SELECT id FROM sbtest6 WHERE id BETWEEN 4607410 AND 4607510
	Index Only Scan using sbtest6_pkey on sbtest6  (cost=0.43..6.59 rows=108 width=4)
	  Index Cond: ((id >= 4607410) AND (id <= 4607510))

table 7 : explain SELECT id FROM sbtest7 WHERE id BETWEEN 4607410 AND 4607510
	Index Only Scan using sbtest7_pkey on sbtest7  (cost=0.43..6.32 rows=94 width=4)
	  Index Cond: ((id >= 4607410) AND (id <= 4607510))

table 8 : explain SELECT id FROM sbtest8 WHERE id BETWEEN 4607410 AND 4607510
	Index Only Scan using sbtest8_pkey on sbtest8  (cost=0.43..6.61 rows=109 width=4)
	  Index Cond: ((id >= 4607410) AND (id <= 4607510))


for range-covered
table 1 : explain SELECT id FROM sbtest1 WHERE id BETWEEN 7274255 AND 7274355
	Index Only Scan using sbtest1_pkey on sbtest1  (cost=0.43..10.60 rows=108 width=4)
	  Index Cond: ((id >= 7274255) AND (id <= 7274355))

table 2 : explain SELECT id FROM sbtest2 WHERE id BETWEEN 7274255 AND 7274355
	Index Only Scan using sbtest2_pkey on sbtest2  (cost=0.43..6.63 rows=110 width=4)
	  Index Cond: ((id >= 7274255) AND (id <= 7274355))

table 3 : explain SELECT id FROM sbtest3 WHERE id BETWEEN 7274255 AND 7274355
	Index Only Scan using sbtest3_pkey on sbtest3  (cost=0.43..6.40 rows=98 width=4)
	  Index Cond: ((id >= 7274255) AND (id <= 7274355))

table 4 : explain SELECT id FROM sbtest4 WHERE id BETWEEN 7274255 AND 7274355
	Index Only Scan using sbtest4_pkey on sbtest4  (cost=0.43..6.56 rows=106 width=4)
	  Index Cond: ((id >= 7274255) AND (id <= 7274355))

table 5 : explain SELECT id FROM sbtest5 WHERE id BETWEEN 7274255 AND 7274355
	Index Only Scan using sbtest5_pkey on sbtest5  (cost=0.43..6.61 rows=109 width=4)
	  Index Cond: ((id >= 7274255) AND (id <= 7274355))

table 6 : explain SELECT id FROM sbtest6 WHERE id BETWEEN 7274255 AND 7274355
	Index Only Scan using sbtest6_pkey on sbtest6  (cost=0.43..6.35 rows=96 width=4)
	  Index Cond: ((id >= 7274255) AND (id <= 7274355))

table 7 : explain SELECT id FROM sbtest7 WHERE id BETWEEN 7274255 AND 7274355
	Index Only Scan using sbtest7_pkey on sbtest7  (cost=0.43..6.25 rows=91 width=4)
	  Index Cond: ((id >= 7274255) AND (id <= 7274355))

table 8 : explain SELECT id FROM sbtest8 WHERE id BETWEEN 7274255 AND 7274355
	Index Only Scan using sbtest8_pkey on sbtest8  (cost=0.43..6.81 rows=119 width=4)
	  Index Cond: ((id >= 7274255) AND (id <= 7274355))
explain: for range-covered :: explain SELECT id FROM sbtest%d WHERE id BETWEEN 4607410 AND 4607510

explain: for range-covered :: explain SELECT id FROM sbtest%d WHERE id BETWEEN 6304210 AND 6304310
for range-covered
table 1 : explain SELECT id FROM sbtest1 WHERE id BETWEEN 4041152 AND 4041252
	Index Only Scan using sbtest1_pkey on sbtest1  (cost=0.43..10.70 rows=113 width=4)
	  Index Cond: ((id >= 4041152) AND (id <= 4041252))

table 2 : explain SELECT id FROM sbtest2 WHERE id BETWEEN 4041152 AND 4041252
	Index Only Scan using sbtest2_pkey on sbtest2  (cost=0.43..6.56 rows=106 width=4)
	  Index Cond: ((id >= 4041152) AND (id <= 4041252))

table 3 : explain SELECT id FROM sbtest3 WHERE id BETWEEN 4041152 AND 4041252
	Index Only Scan using sbtest3_pkey on sbtest3  (cost=0.43..6.47 rows=102 width=4)
	  Index Cond: ((id >= 4041152) AND (id <= 4041252))

table 4 : explain SELECT id FROM sbtest4 WHERE id BETWEEN 4041152 AND 4041252
	Index Only Scan using sbtest4_pkey on sbtest4  (cost=0.43..6.43 rows=100 width=4)
	  Index Cond: ((id >= 4041152) AND (id <= 4041252))

table 5 : explain SELECT id FROM sbtest5 WHERE id BETWEEN 4041152 AND 4041252
	Index Only Scan using sbtest5_pkey on sbtest5  (cost=0.43..6.45 rows=101 width=4)
	  Index Cond: ((id >= 4041152) AND (id <= 4041252))

table 6 : explain SELECT id FROM sbtest6 WHERE id BETWEEN 4041152 AND 4041252
	Index Only Scan using sbtest6_pkey on sbtest6  (cost=0.43..6.42 rows=99 width=4)
	  Index Cond: ((id >= 4041152) AND (id <= 4041252))

table 7 : explain SELECT id FROM sbtest7 WHERE id BETWEEN 4041152 AND 4041252
	Index Only Scan using sbtest7_pkey on sbtest7  (cost=0.43..6.50 rows=103 width=4)
	  Index Cond: ((id >= 4041152) AND (id <= 4041252))

table 8 : explain SELECT id FROM sbtest8 WHERE id BETWEEN 4041152 AND 4041252
	Index Only Scan using sbtest8_pkey on sbtest8  (cost=0.43..6.33 rows=95 width=4)
	  Index Cond: ((id >= 4041152) AND (id <= 4041252))

explain: for range-covered :: explain SELECT id FROM sbtest%d WHERE id BETWEEN 7274255 AND 7274355
explain: for range-covered :: explain SELECT id FROM sbtest%d WHERE id BETWEEN 4041152 AND 4041252
for range-covered
table 1 : explain SELECT id FROM sbtest1 WHERE id BETWEEN 4556859 AND 4556959
	Index Only Scan using sbtest1_pkey on sbtest1  (cost=0.43..10.60 rows=108 width=4)
	  Index Cond: ((id >= 4556859) AND (id <= 4556959))

table 2 : explain SELECT id FROM sbtest2 WHERE id BETWEEN 4556859 AND 4556959
	Index Only Scan using sbtest2_pkey on sbtest2  (cost=0.43..6.35 rows=96 width=4)
	  Index Cond: ((id >= 4556859) AND (id <= 4556959))

table 3 : explain SELECT id FROM sbtest3 WHERE id BETWEEN 4556859 AND 4556959
	Index Only Scan using sbtest3_pkey on sbtest3  (cost=0.43..6.47 rows=102 width=4)
	  Index Cond: ((id >= 4556859) AND (id <= 4556959))

table 4 : explain SELECT id FROM sbtest4 WHERE id BETWEEN 4556859 AND 4556959
	Index Only Scan using sbtest4_pkey on sbtest4  (cost=0.43..6.42 rows=99 width=4)
	  Index Cond: ((id >= 4556859) AND (id <= 4556959))

table 5 : explain SELECT id FROM sbtest5 WHERE id BETWEEN 4556859 AND 4556959
	Index Only Scan using sbtest5_pkey on sbtest5  (cost=0.43..6.45 rows=101 width=4)
	  Index Cond: ((id >= 4556859) AND (id <= 4556959))

table 6 : explain SELECT id FROM sbtest6 WHERE id BETWEEN 4556859 AND 4556959
	Index Only Scan using sbtest6_pkey on sbtest6  (cost=0.43..6.59 rows=108 width=4)
	  Index Cond: ((id >= 4556859) AND (id <= 4556959))

table 7 : explain SELECT id FROM sbtest7 WHERE id BETWEEN 4556859 AND 4556959
	Index Only Scan using sbtest7_pkey on sbtest7  (cost=0.43..6.29 rows=93 width=4)
	  Index Cond: ((id >= 4556859) AND (id <= 4556959))

table 8 : explain SELECT id FROM sbtest8 WHERE id BETWEEN 4556859 AND 4556959
	Index Only Scan using sbtest8_pkey on sbtest8  (cost=0.43..6.35 rows=96 width=4)
	  Index Cond: ((id >= 4556859) AND (id <= 4556959))

explain: for range-covered :: explain SELECT id FROM sbtest%d WHERE id BETWEEN 4556859 AND 4556959
for range-covered
table 1 : explain SELECT id FROM sbtest1 WHERE id BETWEEN 2311313 AND 2311413
	Index Only Scan using sbtest1_pkey on sbtest1  (cost=0.43..10.63 rows=110 width=4)
	  Index Cond: ((id >= 2311313) AND (id <= 2311413))

table 2 : explain SELECT id FROM sbtest2 WHERE id BETWEEN 2311313 AND 2311413
	Index Only Scan using sbtest2_pkey on sbtest2  (cost=0.43..6.29 rows=93 width=4)
	  Index Cond: ((id >= 2311313) AND (id <= 2311413))

table 3 : explain SELECT id FROM sbtest3 WHERE id BETWEEN 2311313 AND 2311413
	Index Only Scan using sbtest3_pkey on sbtest3  (cost=0.43..6.35 rows=96 width=4)
	  Index Cond: ((id >= 2311313) AND (id <= 2311413))

table 4 : explain SELECT id FROM sbtest4 WHERE id BETWEEN 2311313 AND 2311413
	Index Only Scan using sbtest4_pkey on sbtest4  (cost=0.43..6.35 rows=96 width=4)
	  Index Cond: ((id >= 2311313) AND (id <= 2311413))

table 5 : explain SELECT id FROM sbtest5 WHERE id BETWEEN 2311313 AND 2311413
	Index Only Scan using sbtest5_pkey on sbtest5  (cost=0.43..6.56 rows=106 width=4)
	  Index Cond: ((id >= 2311313) AND (id <= 2311413))

table 6 : explain SELECT id FROM sbtest6 WHERE id BETWEEN 2311313 AND 2311413
	Index Only Scan using sbtest6_pkey on sbtest6  (cost=0.43..6.16 rows=86 width=4)
	  Index Cond: ((id >= 2311313) AND (id <= 2311413))

table 7 : explain SELECT id FROM sbtest7 WHERE id BETWEEN 2311313 AND 2311413
	Index Only Scan using sbtest7_pkey on sbtest7  (cost=0.43..6.56 rows=106 width=4)
	  Index Cond: ((id >= 2311313) AND (id <= 2311413))

table 8 : explain SELECT id FROM sbtest8 WHERE id BETWEEN 2311313 AND 2311413
	Index Only Scan using sbtest8_pkey on sbtest8  (cost=0.43..6.47 rows=102 width=4)
	  Index Cond: ((id >= 2311313) AND (id <= 2311413))

explain: for range-covered :: explain SELECT id FROM sbtest%d WHERE id BETWEEN 2311313 AND 2311413
for range-covered
table 1 : explain SELECT id FROM sbtest1 WHERE id BETWEEN 6304210 AND 6304310
	Index Only Scan using sbtest1_pkey on sbtest1  (cost=0.43..10.46 rows=101 width=4)
	  Index Cond: ((id >= 6304210) AND (id <= 6304310))

table 2 : explain SELECT id FROM sbtest2 WHERE id BETWEEN 6304210 AND 6304310
	Index Only Scan using sbtest2_pkey on sbtest2  (cost=0.43..6.43 rows=100 width=4)
	  Index Cond: ((id >= 6304210) AND (id <= 6304310))

table 3 : explain SELECT id FROM sbtest3 WHERE id BETWEEN 6304210 AND 6304310
	Index Only Scan using sbtest3_pkey on sbtest3  (cost=0.43..6.50 rows=103 width=4)
	  Index Cond: ((id >= 6304210) AND (id <= 6304310))

table 4 : explain SELECT id FROM sbtest4 WHERE id BETWEEN 6304210 AND 6304310
	Index Only Scan using sbtest4_pkey on sbtest4  (cost=0.43..6.45 rows=101 width=4)
	  Index Cond: ((id >= 6304210) AND (id <= 6304310))

table 5 : explain SELECT id FROM sbtest5 WHERE id BETWEEN 6304210 AND 6304310
	Index Only Scan using sbtest5_pkey on sbtest5  (cost=0.43..6.35 rows=96 width=4)
	  Index Cond: ((id >= 6304210) AND (id <= 6304310))

table 6 : explain SELECT id FROM sbtest6 WHERE id BETWEEN 6304210 AND 6304310
	Index Only Scan using sbtest6_pkey on sbtest6  (cost=0.43..6.40 rows=98 width=4)
	  Index Cond: ((id >= 6304210) AND (id <= 6304310))

table 7 : explain SELECT id FROM sbtest7 WHERE id BETWEEN 6304210 AND 6304310
	Index Only Scan using sbtest7_pkey on sbtest7  (cost=0.43..6.59 rows=108 width=4)
	  Index Cond: ((id >= 6304210) AND (id <= 6304310))

table 8 : explain SELECT id FROM sbtest8 WHERE id BETWEEN 6304210 AND 6304310
	Index Only Scan using sbtest8_pkey on sbtest8  (cost=0.43..6.35 rows=96 width=4)
	  Index Cond: ((id >= 6304210) AND (id <= 6304310))

for range-covered
table 1 : explain SELECT id FROM sbtest1 WHERE id BETWEEN 7274255 AND 7274355
	Index Only Scan using sbtest1_pkey on sbtest1  (cost=0.43..10.60 rows=108 width=4)
	  Index Cond: ((id >= 7274255) AND (id <= 7274355))

table 2 : explain SELECT id FROM sbtest2 WHERE id BETWEEN 7274255 AND 7274355
	Index Only Scan using sbtest2_pkey on sbtest2  (cost=0.43..6.63 rows=110 width=4)
	  Index Cond: ((id >= 7274255) AND (id <= 7274355))

table 3 : explain SELECT id FROM sbtest3 WHERE id BETWEEN 7274255 AND 7274355
	Index Only Scan using sbtest3_pkey on sbtest3  (cost=0.43..6.40 rows=98 width=4)
	  Index Cond: ((id >= 7274255) AND (id <= 7274355))

table 4 : explain SELECT id FROM sbtest4 WHERE id BETWEEN 7274255 AND 7274355
	Index Only Scan using sbtest4_pkey on sbtest4  (cost=0.43..6.56 rows=106 width=4)
	  Index Cond: ((id >= 7274255) AND (id <= 7274355))

table 5 : explain SELECT id FROM sbtest5 WHERE id BETWEEN 7274255 AND 7274355
	Index Only Scan using sbtest5_pkey on sbtest5  (cost=0.43..6.61 rows=109 width=4)
	  Index Cond: ((id >= 7274255) AND (id <= 7274355))

table 6 : explain SELECT id FROM sbtest6 WHERE id BETWEEN 7274255 AND 7274355
	Index Only Scan using sbtest6_pkey on sbtest6  (cost=0.43..6.35 rows=96 width=4)
	  Index Cond: ((id >= 7274255) AND (id <= 7274355))

table 7 : explain SELECT id FROM sbtest7 WHERE id BETWEEN 7274255 AND 7274355
	Index Only Scan using sbtest7_pkey on sbtest7  (cost=0.43..6.25 rows=91 width=4)
	  Index Cond: ((id >= 7274255) AND (id <= 7274355))

table 8 : explain SELECT id FROM sbtest8 WHERE id BETWEEN 7274255 AND 7274355
	Index Only Scan using sbtest8_pkey on sbtest8  (cost=0.43..6.81 rows=119 width=4)
	  Index Cond: ((id >= 7274255) AND (id <= 7274355))

explain: for range-covered :: explain SELECT id FROM sbtest%d WHERE id BETWEEN 6304210 AND 6304310
for range-covered
table 1 : explain SELECT id FROM sbtest1 WHERE id BETWEEN 4607410 AND 4607510
	Index Only Scan using sbtest1_pkey on sbtest1  (cost=0.43..10.60 rows=108 width=4)
	  Index Cond: ((id >= 4607410) AND (id <= 4607510))

table 2 : explain SELECT id FROM sbtest2 WHERE id BETWEEN 4607410 AND 4607510
	Index Only Scan using sbtest2_pkey on sbtest2  (cost=0.43..6.35 rows=96 width=4)
	  Index Cond: ((id >= 4607410) AND (id <= 4607510))

table 3 : explain SELECT id FROM sbtest3 WHERE id BETWEEN 4607410 AND 4607510
	Index Only Scan using sbtest3_pkey on sbtest3  (cost=0.43..6.47 rows=102 width=4)
	  Index Cond: ((id >= 4607410) AND (id <= 4607510))

table 4 : explain SELECT id FROM sbtest4 WHERE id BETWEEN 4607410 AND 4607510
	Index Only Scan using sbtest4_pkey on sbtest4  (cost=0.43..6.42 rows=99 width=4)
	  Index Cond: ((id >= 4607410) AND (id <= 4607510))

table 5 : explain SELECT id FROM sbtest5 WHERE id BETWEEN 4607410 AND 4607510
	Index Only Scan using sbtest5_pkey on sbtest5  (cost=0.43..6.42 rows=99 width=4)
	  Index Cond: ((id >= 4607410) AND (id <= 4607510))

table 6 : explain SELECT id FROM sbtest6 WHERE id BETWEEN 4607410 AND 4607510
	Index Only Scan using sbtest6_pkey on sbtest6  (cost=0.43..6.59 rows=108 width=4)
	  Index Cond: ((id >= 4607410) AND (id <= 4607510))

table 7 : explain SELECT id FROM sbtest7 WHERE id BETWEEN 4607410 AND 4607510
	Index Only Scan using sbtest7_pkey on sbtest7  (cost=0.43..6.32 rows=94 width=4)
	  Index Cond: ((id >= 4607410) AND (id <= 4607510))

table 8 : explain SELECT id FROM sbtest8 WHERE id BETWEEN 4607410 AND 4607510
	Index Only Scan using sbtest8_pkey on sbtest8  (cost=0.43..6.61 rows=109 width=4)
	  Index Cond: ((id >= 4607410) AND (id <= 4607510))

for range-covered
table 1 : explain SELECT id FROM sbtest1 WHERE id BETWEEN 4041152 AND 4041252
	Index Only Scan using sbtest1_pkey on sbtest1  (cost=0.43..10.70 rows=113 width=4)
	  Index Cond: ((id >= 4041152) AND (id <= 4041252))

table 2 : explain SELECT id FROM sbtest2 WHERE id BETWEEN 4041152 AND 4041252
	Index Only Scan using sbtest2_pkey on sbtest2  (cost=0.43..6.56 rows=106 width=4)
	  Index Cond: ((id >= 4041152) AND (id <= 4041252))

table 3 : explain SELECT id FROM sbtest3 WHERE id BETWEEN 4041152 AND 4041252
	Index Only Scan using sbtest3_pkey on sbtest3  (cost=0.43..6.47 rows=102 width=4)
	  Index Cond: ((id >= 4041152) AND (id <= 4041252))

table 4 : explain SELECT id FROM sbtest4 WHERE id BETWEEN 4041152 AND 4041252
	Index Only Scan using sbtest4_pkey on sbtest4  (cost=0.43..6.43 rows=100 width=4)
	  Index Cond: ((id >= 4041152) AND (id <= 4041252))

table 5 : explain SELECT id FROM sbtest5 WHERE id BETWEEN 4041152 AND 4041252
	Index Only Scan using sbtest5_pkey on sbtest5  (cost=0.43..6.45 rows=101 width=4)
	  Index Cond: ((id >= 4041152) AND (id <= 4041252))

table 6 : explain SELECT id FROM sbtest6 WHERE id BETWEEN 4041152 AND 4041252
	Index Only Scan using sbtest6_pkey on sbtest6  (cost=0.43..6.42 rows=99 width=4)
	  Index Cond: ((id >= 4041152) AND (id <= 4041252))

table 7 : explain SELECT id FROM sbtest7 WHERE id BETWEEN 4041152 AND 4041252
	Index Only Scan using sbtest7_pkey on sbtest7  (cost=0.43..6.50 rows=103 width=4)
	  Index Cond: ((id >= 4041152) AND (id <= 4041252))

table 8 : explain SELECT id FROM sbtest8 WHERE id BETWEEN 4041152 AND 4041252
	Index Only Scan using sbtest8_pkey on sbtest8  (cost=0.43..6.33 rows=95 width=4)
	  Index Cond: ((id >= 4041152) AND (id <= 4041252))

explain: for range-covered :: explain SELECT id FROM sbtest%d WHERE id BETWEEN 7274255 AND 7274355
explain: for range-covered :: explain SELECT id FROM sbtest%d WHERE id BETWEEN 4607410 AND 4607510
explain: for range-covered :: explain SELECT id FROM sbtest%d WHERE id BETWEEN 4041152 AND 4041252
for range-covered
table 1 : explain SELECT id FROM sbtest1 WHERE id BETWEEN 4556859 AND 4556959
	Index Only Scan using sbtest1_pkey on sbtest1  (cost=0.43..10.60 rows=108 width=4)
	  Index Cond: ((id >= 4556859) AND (id <= 4556959))

table 2 : explain SELECT id FROM sbtest2 WHERE id BETWEEN 4556859 AND 4556959
	Index Only Scan using sbtest2_pkey on sbtest2  (cost=0.43..6.35 rows=96 width=4)
	  Index Cond: ((id >= 4556859) AND (id <= 4556959))

table 3 : explain SELECT id FROM sbtest3 WHERE id BETWEEN 4556859 AND 4556959
	Index Only Scan using sbtest3_pkey on sbtest3  (cost=0.43..6.47 rows=102 width=4)
	  Index Cond: ((id >= 4556859) AND (id <= 4556959))

table 4 : explain SELECT id FROM sbtest4 WHERE id BETWEEN 4556859 AND 4556959
	Index Only Scan using sbtest4_pkey on sbtest4  (cost=0.43..6.42 rows=99 width=4)
	  Index Cond: ((id >= 4556859) AND (id <= 4556959))

table 5 : explain SELECT id FROM sbtest5 WHERE id BETWEEN 4556859 AND 4556959
	Index Only Scan using sbtest5_pkey on sbtest5  (cost=0.43..6.45 rows=101 width=4)
	  Index Cond: ((id >= 4556859) AND (id <= 4556959))

table 6 : explain SELECT id FROM sbtest6 WHERE id BETWEEN 4556859 AND 4556959
	Index Only Scan using sbtest6_pkey on sbtest6  (cost=0.43..6.59 rows=108 width=4)
	  Index Cond: ((id >= 4556859) AND (id <= 4556959))

table 7 : explain SELECT id FROM sbtest7 WHERE id BETWEEN 4556859 AND 4556959
	Index Only Scan using sbtest7_pkey on sbtest7  (cost=0.43..6.29 rows=93 width=4)
	  Index Cond: ((id >= 4556859) AND (id <= 4556959))

table 8 : explain SELECT id FROM sbtest8 WHERE id BETWEEN 4556859 AND 4556959
	Index Only Scan using sbtest8_pkey on sbtest8  (cost=0.43..6.35 rows=96 width=4)
	  Index Cond: ((id >= 4556859) AND (id <= 4556959))

for range-covered
table 1 : explain SELECT id FROM sbtest1 WHERE id BETWEEN 4999118 AND 4999218
	Index Only Scan using sbtest1_pkey on sbtest1  (cost=0.43..10.62 rows=109 width=4)
	  Index Cond: ((id >= 4999118) AND (id <= 4999218))

table 2 : explain SELECT id FROM sbtest2 WHERE id BETWEEN 4999118 AND 4999218
	Index Only Scan using sbtest2_pkey on sbtest2  (cost=0.43..6.45 rows=101 width=4)
	  Index Cond: ((id >= 4999118) AND (id <= 4999218))

table 3 : explain SELECT id FROM sbtest3 WHERE id BETWEEN 4999118 AND 4999218
	Index Only Scan using sbtest3_pkey on sbtest3  (cost=0.43..6.50 rows=103 width=4)
	  Index Cond: ((id >= 4999118) AND (id <= 4999218))

table 4 : explain SELECT id FROM sbtest4 WHERE id BETWEEN 4999118 AND 4999218
	Index Only Scan using sbtest4_pkey on sbtest4  (cost=0.43..6.33 rows=95 width=4)
	  Index Cond: ((id >= 4999118) AND (id <= 4999218))

table 5 : explain SELECT id FROM sbtest5 WHERE id BETWEEN 4999118 AND 4999218
	Index Only Scan using sbtest5_pkey on sbtest5  (cost=0.43..6.58 rows=107 width=4)
	  Index Cond: ((id >= 4999118) AND (id <= 4999218))

table 6 : explain SELECT id FROM sbtest6 WHERE id BETWEEN 4999118 AND 4999218
	Index Only Scan using sbtest6_pkey on sbtest6  (cost=0.43..6.61 rows=109 width=4)
	  Index Cond: ((id >= 4999118) AND (id <= 4999218))

table 7 : explain SELECT id FROM sbtest7 WHERE id BETWEEN 4999118 AND 4999218
	Index Only Scan using sbtest7_pkey on sbtest7  (cost=0.43..6.40 rows=98 width=4)
	  Index Cond: ((id >= 4999118) AND (id <= 4999218))

table 8 : explain SELECT id FROM sbtest8 WHERE id BETWEEN 4999118 AND 4999218
	Index Only Scan using sbtest8_pkey on sbtest8  (cost=0.43..6.53 rows=105 width=4)
	  Index Cond: ((id >= 4999118) AND (id <= 4999218))

explain: for range-covered :: explain SELECT id FROM sbtest%d WHERE id BETWEEN 4556859 AND 4556959
for range-covered
table 1 : explain SELECT id FROM sbtest1 WHERE id BETWEEN 2311313 AND 2311413
	Index Only Scan using sbtest1_pkey on sbtest1  (cost=0.43..10.63 rows=110 width=4)
	  Index Cond: ((id >= 2311313) AND (id <= 2311413))

table 2 : explain SELECT id FROM sbtest2 WHERE id BETWEEN 2311313 AND 2311413
	Index Only Scan using sbtest2_pkey on sbtest2  (cost=0.43..6.29 rows=93 width=4)
	  Index Cond: ((id >= 2311313) AND (id <= 2311413))

table 3 : explain SELECT id FROM sbtest3 WHERE id BETWEEN 2311313 AND 2311413
	Index Only Scan using sbtest3_pkey on sbtest3  (cost=0.43..6.35 rows=96 width=4)
	  Index Cond: ((id >= 2311313) AND (id <= 2311413))

table 4 : explain SELECT id FROM sbtest4 WHERE id BETWEEN 2311313 AND 2311413
	Index Only Scan using sbtest4_pkey on sbtest4  (cost=0.43..6.35 rows=96 width=4)
	  Index Cond: ((id >= 2311313) AND (id <= 2311413))

table 5 : explain SELECT id FROM sbtest5 WHERE id BETWEEN 2311313 AND 2311413
	Index Only Scan using sbtest5_pkey on sbtest5  (cost=0.43..6.56 rows=106 width=4)
	  Index Cond: ((id >= 2311313) AND (id <= 2311413))

table 6 : explain SELECT id FROM sbtest6 WHERE id BETWEEN 2311313 AND 2311413
	Index Only Scan using sbtest6_pkey on sbtest6  (cost=0.43..6.16 rows=86 width=4)
	  Index Cond: ((id >= 2311313) AND (id <= 2311413))

table 7 : explain SELECT id FROM sbtest7 WHERE id BETWEEN 2311313 AND 2311413
	Index Only Scan using sbtest7_pkey on sbtest7  (cost=0.43..6.56 rows=106 width=4)
	  Index Cond: ((id >= 2311313) AND (id <= 2311413))

table 8 : explain SELECT id FROM sbtest8 WHERE id BETWEEN 2311313 AND 2311413
	Index Only Scan using sbtest8_pkey on sbtest8  (cost=0.43..6.47 rows=102 width=4)
	  Index Cond: ((id >= 2311313) AND (id <= 2311413))

for range-covered
table 1 : explain SELECT id FROM sbtest1 WHERE id BETWEEN 2348902 AND 2349002
	Index Only Scan using sbtest1_pkey on sbtest1  (cost=0.43..10.60 rows=108 width=4)
	  Index Cond: ((id >= 2348902) AND (id <= 2349002))

table 2 : explain SELECT id FROM sbtest2 WHERE id BETWEEN 2348902 AND 2349002
	Index Only Scan using sbtest2_pkey on sbtest2  (cost=0.43..6.24 rows=90 width=4)
	  Index Cond: ((id >= 2348902) AND (id <= 2349002))

table 3 : explain SELECT id FROM sbtest3 WHERE id BETWEEN 2348902 AND 2349002
	Index Only Scan using sbtest3_pkey on sbtest3  (cost=0.43..6.35 rows=96 width=4)
	  Index Cond: ((id >= 2348902) AND (id <= 2349002))

table 4 : explain SELECT id FROM sbtest4 WHERE id BETWEEN 2348902 AND 2349002
	Index Only Scan using sbtest4_pkey on sbtest4  (cost=0.43..6.35 rows=96 width=4)
	  Index Cond: ((id >= 2348902) AND (id <= 2349002))

table 5 : explain SELECT id FROM sbtest5 WHERE id BETWEEN 2348902 AND 2349002
	Index Only Scan using sbtest5_pkey on sbtest5  (cost=0.43..6.56 rows=106 width=4)
	  Index Cond: ((id >= 2348902) AND (id <= 2349002))

table 6 : explain SELECT id FROM sbtest6 WHERE id BETWEEN 2348902 AND 2349002
	Index Only Scan using sbtest6_pkey on sbtest6  (cost=0.43..6.17 rows=87 width=4)
	  Index Cond: ((id >= 2348902) AND (id <= 2349002))

table 7 : explain SELECT id FROM sbtest7 WHERE id BETWEEN 2348902 AND 2349002
	Index Only Scan using sbtest7_pkey on sbtest7  (cost=0.43..6.35 rows=96 width=4)
	  Index Cond: ((id >= 2348902) AND (id <= 2349002))

table 8 : explain SELECT id FROM sbtest8 WHERE id BETWEEN 2348902 AND 2349002
	Index Only Scan using sbtest8_pkey on sbtest8  (cost=0.43..6.47 rows=102 width=4)
	  Index Cond: ((id >= 2348902) AND (id <= 2349002))

explain: for range-covered :: explain SELECT id FROM sbtest%d WHERE id BETWEEN 2311313 AND 2311413
explain: for range-covered :: explain SELECT id FROM sbtest%d WHERE id BETWEEN 4999118 AND 4999218
explain: for range-covered :: explain SELECT id FROM sbtest%d WHERE id BETWEEN 2348902 AND 2349002
for range-covered
table 1 : explain SELECT id FROM sbtest1 WHERE id BETWEEN 6304210 AND 6304310
	Index Only Scan using sbtest1_pkey on sbtest1  (cost=0.43..10.46 rows=101 width=4)
	  Index Cond: ((id >= 6304210) AND (id <= 6304310))

table 2 : explain SELECT id FROM sbtest2 WHERE id BETWEEN 6304210 AND 6304310
	Index Only Scan using sbtest2_pkey on sbtest2  (cost=0.43..6.43 rows=100 width=4)
	  Index Cond: ((id >= 6304210) AND (id <= 6304310))

table 3 : explain SELECT id FROM sbtest3 WHERE id BETWEEN 6304210 AND 6304310
	Index Only Scan using sbtest3_pkey on sbtest3  (cost=0.43..6.50 rows=103 width=4)
	  Index Cond: ((id >= 6304210) AND (id <= 6304310))

table 4 : explain SELECT id FROM sbtest4 WHERE id BETWEEN 6304210 AND 6304310
	Index Only Scan using sbtest4_pkey on sbtest4  (cost=0.43..6.45 rows=101 width=4)
	  Index Cond: ((id >= 6304210) AND (id <= 6304310))

table 5 : explain SELECT id FROM sbtest5 WHERE id BETWEEN 6304210 AND 6304310
	Index Only Scan using sbtest5_pkey on sbtest5  (cost=0.43..6.35 rows=96 width=4)
	  Index Cond: ((id >= 6304210) AND (id <= 6304310))

table 6 : explain SELECT id FROM sbtest6 WHERE id BETWEEN 6304210 AND 6304310
	Index Only Scan using sbtest6_pkey on sbtest6  (cost=0.43..6.40 rows=98 width=4)
	  Index Cond: ((id >= 6304210) AND (id <= 6304310))

table 7 : explain SELECT id FROM sbtest7 WHERE id BETWEEN 6304210 AND 6304310
	Index Only Scan using sbtest7_pkey on sbtest7  (cost=0.43..6.59 rows=108 width=4)
	  Index Cond: ((id >= 6304210) AND (id <= 6304310))

table 8 : explain SELECT id FROM sbtest8 WHERE id BETWEEN 6304210 AND 6304310
	Index Only Scan using sbtest8_pkey on sbtest8  (cost=0.43..6.35 rows=96 width=4)
	  Index Cond: ((id >= 6304210) AND (id <= 6304310))

for range-covered
table 1 : explain SELECT id FROM sbtest1 WHERE id BETWEEN 7274255 AND 7274355
	Index Only Scan using sbtest1_pkey on sbtest1  (cost=0.43..10.60 rows=108 width=4)
	  Index Cond: ((id >= 7274255) AND (id <= 7274355))

table 2 : explain SELECT id FROM sbtest2 WHERE id BETWEEN 7274255 AND 7274355
	Index Only Scan using sbtest2_pkey on sbtest2  (cost=0.43..6.63 rows=110 width=4)
	  Index Cond: ((id >= 7274255) AND (id <= 7274355))

table 3 : explain SELECT id FROM sbtest3 WHERE id BETWEEN 7274255 AND 7274355
	Index Only Scan using sbtest3_pkey on sbtest3  (cost=0.43..6.40 rows=98 width=4)
	  Index Cond: ((id >= 7274255) AND (id <= 7274355))

table 4 : explain SELECT id FROM sbtest4 WHERE id BETWEEN 7274255 AND 7274355
	Index Only Scan using sbtest4_pkey on sbtest4  (cost=0.43..6.56 rows=106 width=4)
	  Index Cond: ((id >= 7274255) AND (id <= 7274355))

table 5 : explain SELECT id FROM sbtest5 WHERE id BETWEEN 7274255 AND 7274355
	Index Only Scan using sbtest5_pkey on sbtest5  (cost=0.43..6.61 rows=109 width=4)
	  Index Cond: ((id >= 7274255) AND (id <= 7274355))

table 6 : explain SELECT id FROM sbtest6 WHERE id BETWEEN 7274255 AND 7274355
	Index Only Scan using sbtest6_pkey on sbtest6  (cost=0.43..6.35 rows=96 width=4)
	  Index Cond: ((id >= 7274255) AND (id <= 7274355))

table 7 : explain SELECT id FROM sbtest7 WHERE id BETWEEN 7274255 AND 7274355
	Index Only Scan using sbtest7_pkey on sbtest7  (cost=0.43..6.25 rows=91 width=4)
	  Index Cond: ((id >= 7274255) AND (id <= 7274355))

table 8 : explain SELECT id FROM sbtest8 WHERE id BETWEEN 7274255 AND 7274355
	Index Only Scan using sbtest8_pkey on sbtest8  (cost=0.43..6.81 rows=119 width=4)
	  Index Cond: ((id >= 7274255) AND (id <= 7274355))

for range-covered
table 1 : explain SELECT id FROM sbtest1 WHERE id BETWEEN 4607410 AND 4607510
	Index Only Scan using sbtest1_pkey on sbtest1  (cost=0.43..10.60 rows=108 width=4)
	  Index Cond: ((id >= 4607410) AND (id <= 4607510))

table 2 : explain SELECT id FROM sbtest2 WHERE id BETWEEN 4607410 AND 4607510
	Index Only Scan using sbtest2_pkey on sbtest2  (cost=0.43..6.35 rows=96 width=4)
	  Index Cond: ((id >= 4607410) AND (id <= 4607510))

table 3 : explain SELECT id FROM sbtest3 WHERE id BETWEEN 4607410 AND 4607510
	Index Only Scan using sbtest3_pkey on sbtest3  (cost=0.43..6.47 rows=102 width=4)
	  Index Cond: ((id >= 4607410) AND (id <= 4607510))

table 4 : explain SELECT id FROM sbtest4 WHERE id BETWEEN 4607410 AND 4607510
	Index Only Scan using sbtest4_pkey on sbtest4  (cost=0.43..6.42 rows=99 width=4)
	  Index Cond: ((id >= 4607410) AND (id <= 4607510))

table 5 : explain SELECT id FROM sbtest5 WHERE id BETWEEN 4607410 AND 4607510
	Index Only Scan using sbtest5_pkey on sbtest5  (cost=0.43..6.42 rows=99 width=4)
	  Index Cond: ((id >= 4607410) AND (id <= 4607510))

table 6 : explain SELECT id FROM sbtest6 WHERE id BETWEEN 4607410 AND 4607510
	Index Only Scan using sbtest6_pkey on sbtest6  (cost=0.43..6.59 rows=108 width=4)
	  Index Cond: ((id >= 4607410) AND (id <= 4607510))

table 7 : explain SELECT id FROM sbtest7 WHERE id BETWEEN 4607410 AND 4607510
	Index Only Scan using sbtest7_pkey on sbtest7  (cost=0.43..6.32 rows=94 width=4)
	  Index Cond: ((id >= 4607410) AND (id <= 4607510))

table 8 : explain SELECT id FROM sbtest8 WHERE id BETWEEN 4607410 AND 4607510
	Index Only Scan using sbtest8_pkey on sbtest8  (cost=0.43..6.61 rows=109 width=4)
	  Index Cond: ((id >= 4607410) AND (id <= 4607510))

explain: for range-covered :: explain SELECT id FROM sbtest%d WHERE id BETWEEN 6304210 AND 6304310
explain: for range-covered :: explain SELECT id FROM sbtest%d WHERE id BETWEEN 7274255 AND 7274355
explain: for range-covered :: explain SELECT id FROM sbtest%d WHERE id BETWEEN 4607410 AND 4607510
for range-covered
table 1 : explain SELECT id FROM sbtest1 WHERE id BETWEEN 4041152 AND 4041252
	Index Only Scan using sbtest1_pkey on sbtest1  (cost=0.43..10.70 rows=113 width=4)
	  Index Cond: ((id >= 4041152) AND (id <= 4041252))

table 2 : explain SELECT id FROM sbtest2 WHERE id BETWEEN 4041152 AND 4041252
	Index Only Scan using sbtest2_pkey on sbtest2  (cost=0.43..6.56 rows=106 width=4)
	  Index Cond: ((id >= 4041152) AND (id <= 4041252))

table 3 : explain SELECT id FROM sbtest3 WHERE id BETWEEN 4041152 AND 4041252
	Index Only Scan using sbtest3_pkey on sbtest3  (cost=0.43..6.47 rows=102 width=4)
	  Index Cond: ((id >= 4041152) AND (id <= 4041252))

table 4 : explain SELECT id FROM sbtest4 WHERE id BETWEEN 4041152 AND 4041252
	Index Only Scan using sbtest4_pkey on sbtest4  (cost=0.43..6.43 rows=100 width=4)
	  Index Cond: ((id >= 4041152) AND (id <= 4041252))

table 5 : explain SELECT id FROM sbtest5 WHERE id BETWEEN 4041152 AND 4041252
	Index Only Scan using sbtest5_pkey on sbtest5  (cost=0.43..6.45 rows=101 width=4)
	  Index Cond: ((id >= 4041152) AND (id <= 4041252))

table 6 : explain SELECT id FROM sbtest6 WHERE id BETWEEN 4041152 AND 4041252
	Index Only Scan using sbtest6_pkey on sbtest6  (cost=0.43..6.42 rows=99 width=4)
	  Index Cond: ((id >= 4041152) AND (id <= 4041252))

table 7 : explain SELECT id FROM sbtest7 WHERE id BETWEEN 4041152 AND 4041252
	Index Only Scan using sbtest7_pkey on sbtest7  (cost=0.43..6.50 rows=103 width=4)
	  Index Cond: ((id >= 4041152) AND (id <= 4041252))

table 8 : explain SELECT id FROM sbtest8 WHERE id BETWEEN 4041152 AND 4041252
	Index Only Scan using sbtest8_pkey on sbtest8  (cost=0.43..6.33 rows=95 width=4)
	  Index Cond: ((id >= 4041152) AND (id <= 4041252))

for range-covered
table 1 : explain SELECT id FROM sbtest1 WHERE id BETWEEN 4556859 AND 4556959
	Index Only Scan using sbtest1_pkey on sbtest1  (cost=0.43..10.60 rows=108 width=4)
	  Index Cond: ((id >= 4556859) AND (id <= 4556959))

table 2 : explain SELECT id FROM sbtest2 WHERE id BETWEEN 4556859 AND 4556959
	Index Only Scan using sbtest2_pkey on sbtest2  (cost=0.43..6.35 rows=96 width=4)
	  Index Cond: ((id >= 4556859) AND (id <= 4556959))

table 3 : explain SELECT id FROM sbtest3 WHERE id BETWEEN 4556859 AND 4556959
	Index Only Scan using sbtest3_pkey on sbtest3  (cost=0.43..6.47 rows=102 width=4)
	  Index Cond: ((id >= 4556859) AND (id <= 4556959))

table 4 : explain SELECT id FROM sbtest4 WHERE id BETWEEN 4556859 AND 4556959
	Index Only Scan using sbtest4_pkey on sbtest4  (cost=0.43..6.42 rows=99 width=4)
	  Index Cond: ((id >= 4556859) AND (id <= 4556959))

table 5 : explain SELECT id FROM sbtest5 WHERE id BETWEEN 4556859 AND 4556959
	Index Only Scan using sbtest5_pkey on sbtest5  (cost=0.43..6.45 rows=101 width=4)
	  Index Cond: ((id >= 4556859) AND (id <= 4556959))

table 6 : explain SELECT id FROM sbtest6 WHERE id BETWEEN 4556859 AND 4556959
	Index Only Scan using sbtest6_pkey on sbtest6  (cost=0.43..6.59 rows=108 width=4)
	  Index Cond: ((id >= 4556859) AND (id <= 4556959))

table 7 : explain SELECT id FROM sbtest7 WHERE id BETWEEN 4556859 AND 4556959
	Index Only Scan using sbtest7_pkey on sbtest7  (cost=0.43..6.29 rows=93 width=4)
	  Index Cond: ((id >= 4556859) AND (id <= 4556959))

table 8 : explain SELECT id FROM sbtest8 WHERE id BETWEEN 4556859 AND 4556959
	Index Only Scan using sbtest8_pkey on sbtest8  (cost=0.43..6.35 rows=96 width=4)
	  Index Cond: ((id >= 4556859) AND (id <= 4556959))

explain: for range-covered :: explain SELECT id FROM sbtest%d WHERE id BETWEEN 4556859 AND 4556959
for range-covered
table 1 : explain SELECT id FROM sbtest1 WHERE id BETWEEN 2311313 AND 2311413
	Index Only Scan using sbtest1_pkey on sbtest1  (cost=0.43..10.63 rows=110 width=4)
	  Index Cond: ((id >= 2311313) AND (id <= 2311413))

table 2 : explain SELECT id FROM sbtest2 WHERE id BETWEEN 2311313 AND 2311413
	Index Only Scan using sbtest2_pkey on sbtest2  (cost=0.43..6.29 rows=93 width=4)
	  Index Cond: ((id >= 2311313) AND (id <= 2311413))

table 3 : explain SELECT id FROM sbtest3 WHERE id BETWEEN 2311313 AND 2311413
	Index Only Scan using sbtest3_pkey on sbtest3  (cost=0.43..6.35 rows=96 width=4)
	  Index Cond: ((id >= 2311313) AND (id <= 2311413))

table 4 : explain SELECT id FROM sbtest4 WHERE id BETWEEN 2311313 AND 2311413
	Index Only Scan using sbtest4_pkey on sbtest4  (cost=0.43..6.35 rows=96 width=4)
	  Index Cond: ((id >= 2311313) AND (id <= 2311413))

table 5 : explain SELECT id FROM sbtest5 WHERE id BETWEEN 2311313 AND 2311413
	Index Only Scan using sbtest5_pkey on sbtest5  (cost=0.43..6.56 rows=106 width=4)
	  Index Cond: ((id >= 2311313) AND (id <= 2311413))

table 6 : explain SELECT id FROM sbtest6 WHERE id BETWEEN 2311313 AND 2311413
	Index Only Scan using sbtest6_pkey on sbtest6  (cost=0.43..6.16 rows=86 width=4)
	  Index Cond: ((id >= 2311313) AND (id <= 2311413))

table 7 : explain SELECT id FROM sbtest7 WHERE id BETWEEN 2311313 AND 2311413
	Index Only Scan using sbtest7_pkey on sbtest7  (cost=0.43..6.56 rows=106 width=4)
	  Index Cond: ((id >= 2311313) AND (id <= 2311413))

table 8 : explain SELECT id FROM sbtest8 WHERE id BETWEEN 2311313 AND 2311413
	Index Only Scan using sbtest8_pkey on sbtest8  (cost=0.43..6.47 rows=102 width=4)
	  Index Cond: ((id >= 2311313) AND (id <= 2311413))

for range-covered
table 1 : explain SELECT id FROM sbtest1 WHERE id BETWEEN 6041672 AND 6041772
	Index Only Scan using sbtest1_pkey on sbtest1  (cost=0.43..10.58 rows=107 width=4)
	  Index Cond: ((id >= 6041672) AND (id <= 6041772))

table 2 : explain SELECT id FROM sbtest2 WHERE id BETWEEN 6041672 AND 6041772
	Index Only Scan using sbtest2_pkey on sbtest2  (cost=0.43..6.40 rows=98 width=4)
	  Index Cond: ((id >= 6041672) AND (id <= 6041772))

table 3 : explain SELECT id FROM sbtest3 WHERE id BETWEEN 6041672 AND 6041772
	Index Only Scan using sbtest3_pkey on sbtest3  (cost=0.43..6.47 rows=102 width=4)
	  Index Cond: ((id >= 6041672) AND (id <= 6041772))

table 4 : explain SELECT id FROM sbtest4 WHERE id BETWEEN 6041672 AND 6041772
	Index Only Scan using sbtest4_pkey on sbtest4  (cost=0.43..6.51 rows=104 width=4)
	  Index Cond: ((id >= 6041672) AND (id <= 6041772))

table 5 : explain SELECT id FROM sbtest5 WHERE id BETWEEN 6041672 AND 6041772
	Index Only Scan using sbtest5_pkey on sbtest5  (cost=0.43..6.37 rows=97 width=4)
	  Index Cond: ((id >= 6041672) AND (id <= 6041772))

table 6 : explain SELECT id FROM sbtest6 WHERE id BETWEEN 6041672 AND 6041772
	Index Only Scan using sbtest6_pkey on sbtest6  (cost=0.43..6.59 rows=108 width=4)
	  Index Cond: ((id >= 6041672) AND (id <= 6041772))

table 7 : explain SELECT id FROM sbtest7 WHERE id BETWEEN 6041672 AND 6041772
	Index Only Scan using sbtest7_pkey on sbtest7  (cost=0.43..6.47 rows=102 width=4)
	  Index Cond: ((id >= 6041672) AND (id <= 6041772))

table 8 : explain SELECT id FROM sbtest8 WHERE id BETWEEN 6041672 AND 6041772
	Index Only Scan using sbtest8_pkey on sbtest8  (cost=0.43..6.58 rows=107 width=4)
	  Index Cond: ((id >= 6041672) AND (id <= 6041772))

explain: for range-covered :: explain SELECT id FROM sbtest%d WHERE id BETWEEN 6041672 AND 6041772
for range-covered
table 1 : explain SELECT id FROM sbtest1 WHERE id BETWEEN 6304210 AND 6304310
	Index Only Scan using sbtest1_pkey on sbtest1  (cost=0.43..10.46 rows=101 width=4)
	  Index Cond: ((id >= 6304210) AND (id <= 6304310))

table 2 : explain SELECT id FROM sbtest2 WHERE id BETWEEN 6304210 AND 6304310
	Index Only Scan using sbtest2_pkey on sbtest2  (cost=0.43..6.43 rows=100 width=4)
	  Index Cond: ((id >= 6304210) AND (id <= 6304310))

table 3 : explain SELECT id FROM sbtest3 WHERE id BETWEEN 6304210 AND 6304310
	Index Only Scan using sbtest3_pkey on sbtest3  (cost=0.43..6.50 rows=103 width=4)
	  Index Cond: ((id >= 6304210) AND (id <= 6304310))

table 4 : explain SELECT id FROM sbtest4 WHERE id BETWEEN 6304210 AND 6304310
	Index Only Scan using sbtest4_pkey on sbtest4  (cost=0.43..6.45 rows=101 width=4)
	  Index Cond: ((id >= 6304210) AND (id <= 6304310))

table 5 : explain SELECT id FROM sbtest5 WHERE id BETWEEN 6304210 AND 6304310
	Index Only Scan using sbtest5_pkey on sbtest5  (cost=0.43..6.35 rows=96 width=4)
	  Index Cond: ((id >= 6304210) AND (id <= 6304310))

table 6 : explain SELECT id FROM sbtest6 WHERE id BETWEEN 6304210 AND 6304310
	Index Only Scan using sbtest6_pkey on sbtest6  (cost=0.43..6.40 rows=98 width=4)
	  Index Cond: ((id >= 6304210) AND (id <= 6304310))

table 7 : explain SELECT id FROM sbtest7 WHERE id BETWEEN 6304210 AND 6304310
	Index Only Scan using sbtest7_pkey on sbtest7  (cost=0.43..6.59 rows=108 width=4)
	  Index Cond: ((id >= 6304210) AND (id <= 6304310))

table 8 : explain SELECT id FROM sbtest8 WHERE id BETWEEN 6304210 AND 6304310
	Index Only Scan using sbtest8_pkey on sbtest8  (cost=0.43..6.35 rows=96 width=4)
	  Index Cond: ((id >= 6304210) AND (id <= 6304310))

for range-covered
table 1 : explain SELECT id FROM sbtest1 WHERE id BETWEEN 7274255 AND 7274355
	Index Only Scan using sbtest1_pkey on sbtest1  (cost=0.43..10.60 rows=108 width=4)
	  Index Cond: ((id >= 7274255) AND (id <= 7274355))

table 2 : explain SELECT id FROM sbtest2 WHERE id BETWEEN 7274255 AND 7274355
	Index Only Scan using sbtest2_pkey on sbtest2  (cost=0.43..6.63 rows=110 width=4)
	  Index Cond: ((id >= 7274255) AND (id <= 7274355))

table 3 : explain SELECT id FROM sbtest3 WHERE id BETWEEN 7274255 AND 7274355
	Index Only Scan using sbtest3_pkey on sbtest3  (cost=0.43..6.40 rows=98 width=4)
	  Index Cond: ((id >= 7274255) AND (id <= 7274355))

table 4 : explain SELECT id FROM sbtest4 WHERE id BETWEEN 7274255 AND 7274355
	Index Only Scan using sbtest4_pkey on sbtest4  (cost=0.43..6.56 rows=106 width=4)
	  Index Cond: ((id >= 7274255) AND (id <= 7274355))

table 5 : explain SELECT id FROM sbtest5 WHERE id BETWEEN 7274255 AND 7274355
	Index Only Scan using sbtest5_pkey on sbtest5  (cost=0.43..6.61 rows=109 width=4)
	  Index Cond: ((id >= 7274255) AND (id <= 7274355))

table 6 : explain SELECT id FROM sbtest6 WHERE id BETWEEN 7274255 AND 7274355
	Index Only Scan using sbtest6_pkey on sbtest6  (cost=0.43..6.35 rows=96 width=4)
	  Index Cond: ((id >= 7274255) AND (id <= 7274355))

table 7 : explain SELECT id FROM sbtest7 WHERE id BETWEEN 7274255 AND 7274355
	Index Only Scan using sbtest7_pkey on sbtest7  (cost=0.43..6.25 rows=91 width=4)
	  Index Cond: ((id >= 7274255) AND (id <= 7274355))

table 8 : explain SELECT id FROM sbtest8 WHERE id BETWEEN 7274255 AND 7274355
	Index Only Scan using sbtest8_pkey on sbtest8  (cost=0.43..6.81 rows=119 width=4)
	  Index Cond: ((id >= 7274255) AND (id <= 7274355))

for range-covered
table 1 : explain SELECT id FROM sbtest1 WHERE id BETWEEN 4607410 AND 4607510
	Index Only Scan using sbtest1_pkey on sbtest1  (cost=0.43..10.60 rows=108 width=4)
	  Index Cond: ((id >= 4607410) AND (id <= 4607510))

table 2 : explain SELECT id FROM sbtest2 WHERE id BETWEEN 4607410 AND 4607510
	Index Only Scan using sbtest2_pkey on sbtest2  (cost=0.43..6.35 rows=96 width=4)
	  Index Cond: ((id >= 4607410) AND (id <= 4607510))

table 3 : explain SELECT id FROM sbtest3 WHERE id BETWEEN 4607410 AND 4607510
	Index Only Scan using sbtest3_pkey on sbtest3  (cost=0.43..6.47 rows=102 width=4)
	  Index Cond: ((id >= 4607410) AND (id <= 4607510))

table 4 : explain SELECT id FROM sbtest4 WHERE id BETWEEN 4607410 AND 4607510
	Index Only Scan using sbtest4_pkey on sbtest4  (cost=0.43..6.42 rows=99 width=4)
	  Index Cond: ((id >= 4607410) AND (id <= 4607510))

table 5 : explain SELECT id FROM sbtest5 WHERE id BETWEEN 4607410 AND 4607510
	Index Only Scan using sbtest5_pkey on sbtest5  (cost=0.43..6.42 rows=99 width=4)
	  Index Cond: ((id >= 4607410) AND (id <= 4607510))

table 6 : explain SELECT id FROM sbtest6 WHERE id BETWEEN 4607410 AND 4607510
	Index Only Scan using sbtest6_pkey on sbtest6  (cost=0.43..6.59 rows=108 width=4)
	  Index Cond: ((id >= 4607410) AND (id <= 4607510))

table 7 : explain SELECT id FROM sbtest7 WHERE id BETWEEN 4607410 AND 4607510
	Index Only Scan using sbtest7_pkey on sbtest7  (cost=0.43..6.32 rows=94 width=4)
	  Index Cond: ((id >= 4607410) AND (id <= 4607510))

table 8 : explain SELECT id FROM sbtest8 WHERE id BETWEEN 4607410 AND 4607510
	Index Only Scan using sbtest8_pkey on sbtest8  (cost=0.43..6.61 rows=109 width=4)
	  Index Cond: ((id >= 4607410) AND (id <= 4607510))

explain: for range-covered :: explain SELECT id FROM sbtest%d WHERE id BETWEEN 6304210 AND 6304310explain: for range-covered :: explain SELECT id FROM sbtest%d WHERE id BETWEEN 7274255 AND 7274355

explain: for range-covered :: explain SELECT id FROM sbtest%d WHERE id BETWEEN 4607410 AND 4607510
for range-covered
table 1 : explain SELECT id FROM sbtest1 WHERE id BETWEEN 4556859 AND 4556959
	Index Only Scan using sbtest1_pkey on sbtest1  (cost=0.43..10.60 rows=108 width=4)
	  Index Cond: ((id >= 4556859) AND (id <= 4556959))

table 2 : explain SELECT id FROM sbtest2 WHERE id BETWEEN 4556859 AND 4556959
	Index Only Scan using sbtest2_pkey on sbtest2  (cost=0.43..6.35 rows=96 width=4)
	  Index Cond: ((id >= 4556859) AND (id <= 4556959))

table 3 : explain SELECT id FROM sbtest3 WHERE id BETWEEN 4556859 AND 4556959
	Index Only Scan using sbtest3_pkey on sbtest3  (cost=0.43..6.47 rows=102 width=4)
	  Index Cond: ((id >= 4556859) AND (id <= 4556959))

table 4 : explain SELECT id FROM sbtest4 WHERE id BETWEEN 4556859 AND 4556959
	Index Only Scan using sbtest4_pkey on sbtest4  (cost=0.43..6.42 rows=99 width=4)
	  Index Cond: ((id >= 4556859) AND (id <= 4556959))

table 5 : explain SELECT id FROM sbtest5 WHERE id BETWEEN 4556859 AND 4556959
	Index Only Scan using sbtest5_pkey on sbtest5  (cost=0.43..6.45 rows=101 width=4)
	  Index Cond: ((id >= 4556859) AND (id <= 4556959))

table 6 : explain SELECT id FROM sbtest6 WHERE id BETWEEN 4556859 AND 4556959
	Index Only Scan using sbtest6_pkey on sbtest6  (cost=0.43..6.59 rows=108 width=4)
	  Index Cond: ((id >= 4556859) AND (id <= 4556959))

table 7 : explain SELECT id FROM sbtest7 WHERE id BETWEEN 4556859 AND 4556959
	Index Only Scan using sbtest7_pkey on sbtest7  (cost=0.43..6.29 rows=93 width=4)
	  Index Cond: ((id >= 4556859) AND (id <= 4556959))

table 8 : explain SELECT id FROM sbtest8 WHERE id BETWEEN 4556859 AND 4556959
	Index Only Scan using sbtest8_pkey on sbtest8  (cost=0.43..6.35 rows=96 width=4)
	  Index Cond: ((id >= 4556859) AND (id <= 4556959))

explain: for range-covered :: explain SELECT id FROM sbtest%d WHERE id BETWEEN 4556859 AND 4556959
for range-covered
table 1 : explain SELECT id FROM sbtest1 WHERE id BETWEEN 4999118 AND 4999218
	Index Only Scan using sbtest1_pkey on sbtest1  (cost=0.43..10.62 rows=109 width=4)
	  Index Cond: ((id >= 4999118) AND (id <= 4999218))

table 2 : explain SELECT id FROM sbtest2 WHERE id BETWEEN 4999118 AND 4999218
	Index Only Scan using sbtest2_pkey on sbtest2  (cost=0.43..6.45 rows=101 width=4)
	  Index Cond: ((id >= 4999118) AND (id <= 4999218))

table 3 : explain SELECT id FROM sbtest3 WHERE id BETWEEN 4999118 AND 4999218
	Index Only Scan using sbtest3_pkey on sbtest3  (cost=0.43..6.50 rows=103 width=4)
	  Index Cond: ((id >= 4999118) AND (id <= 4999218))

table 4 : explain SELECT id FROM sbtest4 WHERE id BETWEEN 4999118 AND 4999218
	Index Only Scan using sbtest4_pkey on sbtest4  (cost=0.43..6.33 rows=95 width=4)
	  Index Cond: ((id >= 4999118) AND (id <= 4999218))

table 5 : explain SELECT id FROM sbtest5 WHERE id BETWEEN 4999118 AND 4999218
	Index Only Scan using sbtest5_pkey on sbtest5  (cost=0.43..6.58 rows=107 width=4)
	  Index Cond: ((id >= 4999118) AND (id <= 4999218))

table 6 : explain SELECT id FROM sbtest6 WHERE id BETWEEN 4999118 AND 4999218
	Index Only Scan using sbtest6_pkey on sbtest6  (cost=0.43..6.61 rows=109 width=4)
	  Index Cond: ((id >= 4999118) AND (id <= 4999218))

table 7 : explain SELECT id FROM sbtest7 WHERE id BETWEEN 4999118 AND 4999218
	Index Only Scan using sbtest7_pkey on sbtest7  (cost=0.43..6.40 rows=98 width=4)
	  Index Cond: ((id >= 4999118) AND (id <= 4999218))

table 8 : explain SELECT id FROM sbtest8 WHERE id BETWEEN 4999118 AND 4999218
	Index Only Scan using sbtest8_pkey on sbtest8  (cost=0.43..6.53 rows=105 width=4)
	  Index Cond: ((id >= 4999118) AND (id <= 4999218))

for range-covered
table 1 : explain SELECT id FROM sbtest1 WHERE id BETWEEN 6041672 AND 6041772
	Index Only Scan using sbtest1_pkey on sbtest1  (cost=0.43..10.58 rows=107 width=4)
	  Index Cond: ((id >= 6041672) AND (id <= 6041772))

table 2 : explain SELECT id FROM sbtest2 WHERE id BETWEEN 6041672 AND 6041772
	Index Only Scan using sbtest2_pkey on sbtest2  (cost=0.43..6.40 rows=98 width=4)
	  Index Cond: ((id >= 6041672) AND (id <= 6041772))

table 3 : explain SELECT id FROM sbtest3 WHERE id BETWEEN 6041672 AND 6041772
	Index Only Scan using sbtest3_pkey on sbtest3  (cost=0.43..6.47 rows=102 width=4)
	  Index Cond: ((id >= 6041672) AND (id <= 6041772))

table 4 : explain SELECT id FROM sbtest4 WHERE id BETWEEN 6041672 AND 6041772
	Index Only Scan using sbtest4_pkey on sbtest4  (cost=0.43..6.51 rows=104 width=4)
	  Index Cond: ((id >= 6041672) AND (id <= 6041772))

table 5 : explain SELECT id FROM sbtest5 WHERE id BETWEEN 6041672 AND 6041772
	Index Only Scan using sbtest5_pkey on sbtest5  (cost=0.43..6.37 rows=97 width=4)
	  Index Cond: ((id >= 6041672) AND (id <= 6041772))

table 6 : explain SELECT id FROM sbtest6 WHERE id BETWEEN 6041672 AND 6041772
	Index Only Scan using sbtest6_pkey on sbtest6  (cost=0.43..6.59 rows=108 width=4)
	  Index Cond: ((id >= 6041672) AND (id <= 6041772))

table 7 : explain SELECT id FROM sbtest7 WHERE id BETWEEN 6041672 AND 6041772
	Index Only Scan using sbtest7_pkey on sbtest7  (cost=0.43..6.47 rows=102 width=4)
	  Index Cond: ((id >= 6041672) AND (id <= 6041772))

table 8 : explain SELECT id FROM sbtest8 WHERE id BETWEEN 6041672 AND 6041772
	Index Only Scan using sbtest8_pkey on sbtest8  (cost=0.43..6.58 rows=107 width=4)
	  Index Cond: ((id >= 6041672) AND (id <= 6041772))

for range-covered
table 1 : explain SELECT id FROM sbtest1 WHERE id BETWEEN 2348902 AND 2349002
	Index Only Scan using sbtest1_pkey on sbtest1  (cost=0.43..10.60 rows=108 width=4)
	  Index Cond: ((id >= 2348902) AND (id <= 2349002))

table 2 : explain SELECT id FROM sbtest2 WHERE id BETWEEN 2348902 AND 2349002
	Index Only Scan using sbtest2_pkey on sbtest2  (cost=0.43..6.24 rows=90 width=4)
	  Index Cond: ((id >= 2348902) AND (id <= 2349002))

table 3 : explain SELECT id FROM sbtest3 WHERE id BETWEEN 2348902 AND 2349002
	Index Only Scan using sbtest3_pkey on sbtest3  (cost=0.43..6.35 rows=96 width=4)
	  Index Cond: ((id >= 2348902) AND (id <= 2349002))

table 4 : explain SELECT id FROM sbtest4 WHERE id BETWEEN 2348902 AND 2349002
	Index Only Scan using sbtest4_pkey on sbtest4  (cost=0.43..6.35 rows=96 width=4)
	  Index Cond: ((id >= 2348902) AND (id <= 2349002))

table 5 : explain SELECT id FROM sbtest5 WHERE id BETWEEN 2348902 AND 2349002
	Index Only Scan using sbtest5_pkey on sbtest5  (cost=0.43..6.56 rows=106 width=4)
	  Index Cond: ((id >= 2348902) AND (id <= 2349002))

table 6 : explain SELECT id FROM sbtest6 WHERE id BETWEEN 2348902 AND 2349002
	Index Only Scan using sbtest6_pkey on sbtest6  (cost=0.43..6.17 rows=87 width=4)
	  Index Cond: ((id >= 2348902) AND (id <= 2349002))

table 7 : explain SELECT id FROM sbtest7 WHERE id BETWEEN 2348902 AND 2349002
	Index Only Scan using sbtest7_pkey on sbtest7  (cost=0.43..6.35 rows=96 width=4)
	  Index Cond: ((id >= 2348902) AND (id <= 2349002))

table 8 : explain SELECT id FROM sbtest8 WHERE id BETWEEN 2348902 AND 2349002
	Index Only Scan using sbtest8_pkey on sbtest8  (cost=0.43..6.47 rows=102 width=4)
	  Index Cond: ((id >= 2348902) AND (id <= 2349002))

explain: for range-covered :: explain SELECT id FROM sbtest%d WHERE id BETWEEN 6041672 AND 6041772
explain: for range-covered :: explain SELECT id FROM sbtest%d WHERE id BETWEEN 4999118 AND 4999218
for range-covered
table 1 : explain SELECT id FROM sbtest1 WHERE id BETWEEN 7274255 AND 7274355
	Index Only Scan using sbtest1_pkey on sbtest1  (cost=0.43..10.60 rows=108 width=4)
	  Index Cond: ((id >= 7274255) AND (id <= 7274355))

table 2 : explain SELECT id FROM sbtest2 WHERE id BETWEEN 7274255 AND 7274355
	Index Only Scan using sbtest2_pkey on sbtest2  (cost=0.43..6.63 rows=110 width=4)
	  Index Cond: ((id >= 7274255) AND (id <= 7274355))

table 3 : explain SELECT id FROM sbtest3 WHERE id BETWEEN 7274255 AND 7274355
	Index Only Scan using sbtest3_pkey on sbtest3  (cost=0.43..6.40 rows=98 width=4)
	  Index Cond: ((id >= 7274255) AND (id <= 7274355))

table 4 : explain SELECT id FROM sbtest4 WHERE id BETWEEN 7274255 AND 7274355
	Index Only Scan using sbtest4_pkey on sbtest4  (cost=0.43..6.56 rows=106 width=4)
	  Index Cond: ((id >= 7274255) AND (id <= 7274355))

table 5 : explain SELECT id FROM sbtest5 WHERE id BETWEEN 7274255 AND 7274355
	Index Only Scan using sbtest5_pkey on sbtest5  (cost=0.43..6.61 rows=109 width=4)
	  Index Cond: ((id >= 7274255) AND (id <= 7274355))

table 6 : explain SELECT id FROM sbtest6 WHERE id BETWEEN 7274255 AND 7274355
	Index Only Scan using sbtest6_pkey on sbtest6  (cost=0.43..6.35 rows=96 width=4)
	  Index Cond: ((id >= 7274255) AND (id <= 7274355))

table 7 : explain SELECT id FROM sbtest7 WHERE id BETWEEN 7274255 AND 7274355
	Index Only Scan using sbtest7_pkey on sbtest7  (cost=0.43..6.25 rows=91 width=4)
	  Index Cond: ((id >= 7274255) AND (id <= 7274355))

table 8 : explain SELECT id FROM sbtest8 WHERE id BETWEEN 7274255 AND 7274355
	Index Only Scan using sbtest8_pkey on sbtest8  (cost=0.43..6.81 rows=119 width=4)
	  Index Cond: ((id >= 7274255) AND (id <= 7274355))

for range-covered
table 1 : explain SELECT id FROM sbtest1 WHERE id BETWEEN 4607410 AND 4607510
	Index Only Scan using sbtest1_pkey on sbtest1  (cost=0.43..10.60 rows=108 width=4)
	  Index Cond: ((id >= 4607410) AND (id <= 4607510))

table 2 : explain SELECT id FROM sbtest2 WHERE id BETWEEN 4607410 AND 4607510
	Index Only Scan using sbtest2_pkey on sbtest2  (cost=0.43..6.35 rows=96 width=4)
	  Index Cond: ((id >= 4607410) AND (id <= 4607510))

table 3 : explain SELECT id FROM sbtest3 WHERE id BETWEEN 4607410 AND 4607510
	Index Only Scan using sbtest3_pkey on sbtest3  (cost=0.43..6.47 rows=102 width=4)
	  Index Cond: ((id >= 4607410) AND (id <= 4607510))

table 4 : explain SELECT id FROM sbtest4 WHERE id BETWEEN 4607410 AND 4607510
	Index Only Scan using sbtest4_pkey on sbtest4  (cost=0.43..6.42 rows=99 width=4)
	  Index Cond: ((id >= 4607410) AND (id <= 4607510))

table 5 : explain SELECT id FROM sbtest5 WHERE id BETWEEN 4607410 AND 4607510
	Index Only Scan using sbtest5_pkey on sbtest5  (cost=0.43..6.42 rows=99 width=4)
	  Index Cond: ((id >= 4607410) AND (id <= 4607510))

table 6 : explain SELECT id FROM sbtest6 WHERE id BETWEEN 4607410 AND 4607510
	Index Only Scan using sbtest6_pkey on sbtest6  (cost=0.43..6.59 rows=108 width=4)
	  Index Cond: ((id >= 4607410) AND (id <= 4607510))

table 7 : explain SELECT id FROM sbtest7 WHERE id BETWEEN 4607410 AND 4607510
	Index Only Scan using sbtest7_pkey on sbtest7  (cost=0.43..6.32 rows=94 width=4)
	  Index Cond: ((id >= 4607410) AND (id <= 4607510))

table 8 : explain SELECT id FROM sbtest8 WHERE id BETWEEN 4607410 AND 4607510
	Index Only Scan using sbtest8_pkey on sbtest8  (cost=0.43..6.61 rows=109 width=4)
	  Index Cond: ((id >= 4607410) AND (id <= 4607510))

explain: for range-covered :: explain SELECT id FROM sbtest%d WHERE id BETWEEN 2348902 AND 2349002
for range-covered
table 1 : explain SELECT id FROM sbtest1 WHERE id BETWEEN 6304210 AND 6304310
	Index Only Scan using sbtest1_pkey on sbtest1  (cost=0.43..10.46 rows=101 width=4)
	  Index Cond: ((id >= 6304210) AND (id <= 6304310))

table 2 : explain SELECT id FROM sbtest2 WHERE id BETWEEN 6304210 AND 6304310
	Index Only Scan using sbtest2_pkey on sbtest2  (cost=0.43..6.43 rows=100 width=4)
	  Index Cond: ((id >= 6304210) AND (id <= 6304310))

table 3 : explain SELECT id FROM sbtest3 WHERE id BETWEEN 6304210 AND 6304310
	Index Only Scan using sbtest3_pkey on sbtest3  (cost=0.43..6.50 rows=103 width=4)
	  Index Cond: ((id >= 6304210) AND (id <= 6304310))

table 4 : explain SELECT id FROM sbtest4 WHERE id BETWEEN 6304210 AND 6304310
	Index Only Scan using sbtest4_pkey on sbtest4  (cost=0.43..6.45 rows=101 width=4)
	  Index Cond: ((id >= 6304210) AND (id <= 6304310))

table 5 : explain SELECT id FROM sbtest5 WHERE id BETWEEN 6304210 AND 6304310
	Index Only Scan using sbtest5_pkey on sbtest5  (cost=0.43..6.35 rows=96 width=4)
	  Index Cond: ((id >= 6304210) AND (id <= 6304310))

table 6 : explain SELECT id FROM sbtest6 WHERE id BETWEEN 6304210 AND 6304310
	Index Only Scan using sbtest6_pkey on sbtest6  (cost=0.43..6.40 rows=98 width=4)
	  Index Cond: ((id >= 6304210) AND (id <= 6304310))

table 7 : explain SELECT id FROM sbtest7 WHERE id BETWEEN 6304210 AND 6304310
	Index Only Scan using sbtest7_pkey on sbtest7  (cost=0.43..6.59 rows=108 width=4)
	  Index Cond: ((id >= 6304210) AND (id <= 6304310))

table 8 : explain SELECT id FROM sbtest8 WHERE id BETWEEN 6304210 AND 6304310
	Index Only Scan using sbtest8_pkey on sbtest8  (cost=0.43..6.35 rows=96 width=4)
	  Index Cond: ((id >= 6304210) AND (id <= 6304310))

explain: for range-covered :: explain SELECT id FROM sbtest%d WHERE id BETWEEN 7274255 AND 7274355
explain: for range-covered :: explain SELECT id FROM sbtest%d WHERE id BETWEEN 4607410 AND 4607510
for range-covered
table 1 : explain SELECT id FROM sbtest1 WHERE id BETWEEN 4556859 AND 4556959
	Index Only Scan using sbtest1_pkey on sbtest1  (cost=0.43..10.60 rows=108 width=4)
	  Index Cond: ((id >= 4556859) AND (id <= 4556959))

table 2 : explain SELECT id FROM sbtest2 WHERE id BETWEEN 4556859 AND 4556959
	Index Only Scan using sbtest2_pkey on sbtest2  (cost=0.43..6.35 rows=96 width=4)
	  Index Cond: ((id >= 4556859) AND (id <= 4556959))

table 3 : explain SELECT id FROM sbtest3 WHERE id BETWEEN 4556859 AND 4556959
	Index Only Scan using sbtest3_pkey on sbtest3  (cost=0.43..6.47 rows=102 width=4)
	  Index Cond: ((id >= 4556859) AND (id <= 4556959))

table 4 : explain SELECT id FROM sbtest4 WHERE id BETWEEN 4556859 AND 4556959
	Index Only Scan using sbtest4_pkey on sbtest4  (cost=0.43..6.42 rows=99 width=4)
	  Index Cond: ((id >= 4556859) AND (id <= 4556959))

table 5 : explain SELECT id FROM sbtest5 WHERE id BETWEEN 4556859 AND 4556959
	Index Only Scan using sbtest5_pkey on sbtest5  (cost=0.43..6.45 rows=101 width=4)
	  Index Cond: ((id >= 4556859) AND (id <= 4556959))

table 6 : explain SELECT id FROM sbtest6 WHERE id BETWEEN 4556859 AND 4556959
	Index Only Scan using sbtest6_pkey on sbtest6  (cost=0.43..6.59 rows=108 width=4)
	  Index Cond: ((id >= 4556859) AND (id <= 4556959))

table 7 : explain SELECT id FROM sbtest7 WHERE id BETWEEN 4556859 AND 4556959
	Index Only Scan using sbtest7_pkey on sbtest7  (cost=0.43..6.29 rows=93 width=4)
	  Index Cond: ((id >= 4556859) AND (id <= 4556959))

table 8 : explain SELECT id FROM sbtest8 WHERE id BETWEEN 4556859 AND 4556959
	Index Only Scan using sbtest8_pkey on sbtest8  (cost=0.43..6.35 rows=96 width=4)
	  Index Cond: ((id >= 4556859) AND (id <= 4556959))

for range-covered
table 1 : explain SELECT id FROM sbtest1 WHERE id BETWEEN 6041672 AND 6041772
	Index Only Scan using sbtest1_pkey on sbtest1  (cost=0.43..10.58 rows=107 width=4)
	  Index Cond: ((id >= 6041672) AND (id <= 6041772))

table 2 : explain SELECT id FROM sbtest2 WHERE id BETWEEN 6041672 AND 6041772
	Index Only Scan using sbtest2_pkey on sbtest2  (cost=0.43..6.40 rows=98 width=4)
	  Index Cond: ((id >= 6041672) AND (id <= 6041772))

table 3 : explain SELECT id FROM sbtest3 WHERE id BETWEEN 6041672 AND 6041772
	Index Only Scan using sbtest3_pkey on sbtest3  (cost=0.43..6.47 rows=102 width=4)
	  Index Cond: ((id >= 6041672) AND (id <= 6041772))

table 4 : explain SELECT id FROM sbtest4 WHERE id BETWEEN 6041672 AND 6041772
	Index Only Scan using sbtest4_pkey on sbtest4  (cost=0.43..6.51 rows=104 width=4)
	  Index Cond: ((id >= 6041672) AND (id <= 6041772))

table 5 : explain SELECT id FROM sbtest5 WHERE id BETWEEN 6041672 AND 6041772
	Index Only Scan using sbtest5_pkey on sbtest5  (cost=0.43..6.37 rows=97 width=4)
	  Index Cond: ((id >= 6041672) AND (id <= 6041772))

table 6 : explain SELECT id FROM sbtest6 WHERE id BETWEEN 6041672 AND 6041772
	Index Only Scan using sbtest6_pkey on sbtest6  (cost=0.43..6.59 rows=108 width=4)
	  Index Cond: ((id >= 6041672) AND (id <= 6041772))

table 7 : explain SELECT id FROM sbtest7 WHERE id BETWEEN 6041672 AND 6041772
	Index Only Scan using sbtest7_pkey on sbtest7  (cost=0.43..6.47 rows=102 width=4)
	  Index Cond: ((id >= 6041672) AND (id <= 6041772))

table 8 : explain SELECT id FROM sbtest8 WHERE id BETWEEN 6041672 AND 6041772
	Index Only Scan using sbtest8_pkey on sbtest8  (cost=0.43..6.58 rows=107 width=4)
	  Index Cond: ((id >= 6041672) AND (id <= 6041772))

for range-covered
table 1 : explain SELECT id FROM sbtest1 WHERE id BETWEEN 7274255 AND 7274355
	Index Only Scan using sbtest1_pkey on sbtest1  (cost=0.43..10.60 rows=108 width=4)
	  Index Cond: ((id >= 7274255) AND (id <= 7274355))

table 2 : explain SELECT id FROM sbtest2 WHERE id BETWEEN 7274255 AND 7274355
	Index Only Scan using sbtest2_pkey on sbtest2  (cost=0.43..6.63 rows=110 width=4)
	  Index Cond: ((id >= 7274255) AND (id <= 7274355))

table 3 : explain SELECT id FROM sbtest3 WHERE id BETWEEN 7274255 AND 7274355
	Index Only Scan using sbtest3_pkey on sbtest3  (cost=0.43..6.40 rows=98 width=4)
	  Index Cond: ((id >= 7274255) AND (id <= 7274355))

table 4 : explain SELECT id FROM sbtest4 WHERE id BETWEEN 7274255 AND 7274355
	Index Only Scan using sbtest4_pkey on sbtest4  (cost=0.43..6.56 rows=106 width=4)
	  Index Cond: ((id >= 7274255) AND (id <= 7274355))

table 5 : explain SELECT id FROM sbtest5 WHERE id BETWEEN 7274255 AND 7274355
	Index Only Scan using sbtest5_pkey on sbtest5  (cost=0.43..6.61 rows=109 width=4)
	  Index Cond: ((id >= 7274255) AND (id <= 7274355))

table 6 : explain SELECT id FROM sbtest6 WHERE id BETWEEN 7274255 AND 7274355
	Index Only Scan using sbtest6_pkey on sbtest6  (cost=0.43..6.35 rows=96 width=4)
	  Index Cond: ((id >= 7274255) AND (id <= 7274355))

table 7 : explain SELECT id FROM sbtest7 WHERE id BETWEEN 7274255 AND 7274355
	Index Only Scan using sbtest7_pkey on sbtest7  (cost=0.43..6.25 rows=91 width=4)
	  Index Cond: ((id >= 7274255) AND (id <= 7274355))

table 8 : explain SELECT id FROM sbtest8 WHERE id BETWEEN 7274255 AND 7274355
	Index Only Scan using sbtest8_pkey on sbtest8  (cost=0.43..6.81 rows=119 width=4)
	  Index Cond: ((id >= 7274255) AND (id <= 7274355))

explain: for range-covered :: explain SELECT id FROM sbtest%d WHERE id BETWEEN 7274255 AND 7274355
for range-covered
table 1 : explain SELECT id FROM sbtest1 WHERE id BETWEEN 4607410 AND 4607510
	Index Only Scan using sbtest1_pkey on sbtest1  (cost=0.43..10.60 rows=108 width=4)
	  Index Cond: ((id >= 4607410) AND (id <= 4607510))

table 2 : explain SELECT id FROM sbtest2 WHERE id BETWEEN 4607410 AND 4607510
	Index Only Scan using sbtest2_pkey on sbtest2  (cost=0.43..6.35 rows=96 width=4)
	  Index Cond: ((id >= 4607410) AND (id <= 4607510))

table 3 : explain SELECT id FROM sbtest3 WHERE id BETWEEN 4607410 AND 4607510
	Index Only Scan using sbtest3_pkey on sbtest3  (cost=0.43..6.47 rows=102 width=4)
	  Index Cond: ((id >= 4607410) AND (id <= 4607510))

table 4 : explain SELECT id FROM sbtest4 WHERE id BETWEEN 4607410 AND 4607510
	Index Only Scan using sbtest4_pkey on sbtest4  (cost=0.43..6.42 rows=99 width=4)
	  Index Cond: ((id >= 4607410) AND (id <= 4607510))

table 5 : explain SELECT id FROM sbtest5 WHERE id BETWEEN 4607410 AND 4607510
	Index Only Scan using sbtest5_pkey on sbtest5  (cost=0.43..6.42 rows=99 width=4)
	  Index Cond: ((id >= 4607410) AND (id <= 4607510))

table 6 : explain SELECT id FROM sbtest6 WHERE id BETWEEN 4607410 AND 4607510
	Index Only Scan using sbtest6_pkey on sbtest6  (cost=0.43..6.59 rows=108 width=4)
	  Index Cond: ((id >= 4607410) AND (id <= 4607510))

table 7 : explain SELECT id FROM sbtest7 WHERE id BETWEEN 4607410 AND 4607510
	Index Only Scan using sbtest7_pkey on sbtest7  (cost=0.43..6.32 rows=94 width=4)
	  Index Cond: ((id >= 4607410) AND (id <= 4607510))

table 8 : explain SELECT id FROM sbtest8 WHERE id BETWEEN 4607410 AND 4607510
	Index Only Scan using sbtest8_pkey on sbtest8  (cost=0.43..6.61 rows=109 width=4)
	  Index Cond: ((id >= 4607410) AND (id <= 4607510))

explain: for range-covered :: explain SELECT id FROM sbtest%d WHERE id BETWEEN 4607410 AND 4607510
for range-covered
table 1 : explain SELECT id FROM sbtest1 WHERE id BETWEEN 4999118 AND 4999218
	Index Only Scan using sbtest1_pkey on sbtest1  (cost=0.43..10.62 rows=109 width=4)
	  Index Cond: ((id >= 4999118) AND (id <= 4999218))

table 2 : explain SELECT id FROM sbtest2 WHERE id BETWEEN 4999118 AND 4999218
	Index Only Scan using sbtest2_pkey on sbtest2  (cost=0.43..6.45 rows=101 width=4)
	  Index Cond: ((id >= 4999118) AND (id <= 4999218))

table 3 : explain SELECT id FROM sbtest3 WHERE id BETWEEN 4999118 AND 4999218
	Index Only Scan using sbtest3_pkey on sbtest3  (cost=0.43..6.50 rows=103 width=4)
	  Index Cond: ((id >= 4999118) AND (id <= 4999218))

table 4 : explain SELECT id FROM sbtest4 WHERE id BETWEEN 4999118 AND 4999218
	Index Only Scan using sbtest4_pkey on sbtest4  (cost=0.43..6.33 rows=95 width=4)
	  Index Cond: ((id >= 4999118) AND (id <= 4999218))

table 5 : explain SELECT id FROM sbtest5 WHERE id BETWEEN 4999118 AND 4999218
	Index Only Scan using sbtest5_pkey on sbtest5  (cost=0.43..6.58 rows=107 width=4)
	  Index Cond: ((id >= 4999118) AND (id <= 4999218))

table 6 : explain SELECT id FROM sbtest6 WHERE id BETWEEN 4999118 AND 4999218
	Index Only Scan using sbtest6_pkey on sbtest6  (cost=0.43..6.61 rows=109 width=4)
	  Index Cond: ((id >= 4999118) AND (id <= 4999218))

table 7 : explain SELECT id FROM sbtest7 WHERE id BETWEEN 4999118 AND 4999218
	Index Only Scan using sbtest7_pkey on sbtest7  (cost=0.43..6.40 rows=98 width=4)
	  Index Cond: ((id >= 4999118) AND (id <= 4999218))

table 8 : explain SELECT id FROM sbtest8 WHERE id BETWEEN 4999118 AND 4999218
	Index Only Scan using sbtest8_pkey on sbtest8  (cost=0.43..6.53 rows=105 width=4)
	  Index Cond: ((id >= 4999118) AND (id <= 4999218))

for range-covered
table 1 : explain SELECT id FROM sbtest1 WHERE id BETWEEN 2348902 AND 2349002
	Index Only Scan using sbtest1_pkey on sbtest1  (cost=0.43..10.60 rows=108 width=4)
	  Index Cond: ((id >= 2348902) AND (id <= 2349002))

table 2 : explain SELECT id FROM sbtest2 WHERE id BETWEEN 2348902 AND 2349002
	Index Only Scan using sbtest2_pkey on sbtest2  (cost=0.43..6.24 rows=90 width=4)
	  Index Cond: ((id >= 2348902) AND (id <= 2349002))

table 3 : explain SELECT id FROM sbtest3 WHERE id BETWEEN 2348902 AND 2349002
	Index Only Scan using sbtest3_pkey on sbtest3  (cost=0.43..6.35 rows=96 width=4)
	  Index Cond: ((id >= 2348902) AND (id <= 2349002))

table 4 : explain SELECT id FROM sbtest4 WHERE id BETWEEN 2348902 AND 2349002
	Index Only Scan using sbtest4_pkey on sbtest4  (cost=0.43..6.35 rows=96 width=4)
	  Index Cond: ((id >= 2348902) AND (id <= 2349002))

table 5 : explain SELECT id FROM sbtest5 WHERE id BETWEEN 2348902 AND 2349002
	Index Only Scan using sbtest5_pkey on sbtest5  (cost=0.43..6.56 rows=106 width=4)
	  Index Cond: ((id >= 2348902) AND (id <= 2349002))

table 6 : explain SELECT id FROM sbtest6 WHERE id BETWEEN 2348902 AND 2349002
	Index Only Scan using sbtest6_pkey on sbtest6  (cost=0.43..6.17 rows=87 width=4)
	  Index Cond: ((id >= 2348902) AND (id <= 2349002))

table 7 : explain SELECT id FROM sbtest7 WHERE id BETWEEN 2348902 AND 2349002
	Index Only Scan using sbtest7_pkey on sbtest7  (cost=0.43..6.35 rows=96 width=4)
	  Index Cond: ((id >= 2348902) AND (id <= 2349002))

table 8 : explain SELECT id FROM sbtest8 WHERE id BETWEEN 2348902 AND 2349002
	Index Only Scan using sbtest8_pkey on sbtest8  (cost=0.43..6.47 rows=102 width=4)
	  Index Cond: ((id >= 2348902) AND (id <= 2349002))

for range-covered
table 1 : explain SELECT id FROM sbtest1 WHERE id BETWEEN 4607410 AND 4607510
	Index Only Scan using sbtest1_pkey on sbtest1  (cost=0.43..10.60 rows=108 width=4)
	  Index Cond: ((id >= 4607410) AND (id <= 4607510))

table 2 : explain SELECT id FROM sbtest2 WHERE id BETWEEN 4607410 AND 4607510
	Index Only Scan using sbtest2_pkey on sbtest2  (cost=0.43..6.35 rows=96 width=4)
	  Index Cond: ((id >= 4607410) AND (id <= 4607510))

table 3 : explain SELECT id FROM sbtest3 WHERE id BETWEEN 4607410 AND 4607510
	Index Only Scan using sbtest3_pkey on sbtest3  (cost=0.43..6.47 rows=102 width=4)
	  Index Cond: ((id >= 4607410) AND (id <= 4607510))

table 4 : explain SELECT id FROM sbtest4 WHERE id BETWEEN 4607410 AND 4607510
	Index Only Scan using sbtest4_pkey on sbtest4  (cost=0.43..6.42 rows=99 width=4)
	  Index Cond: ((id >= 4607410) AND (id <= 4607510))

table 5 : explain SELECT id FROM sbtest5 WHERE id BETWEEN 4607410 AND 4607510
	Index Only Scan using sbtest5_pkey on sbtest5  (cost=0.43..6.42 rows=99 width=4)
	  Index Cond: ((id >= 4607410) AND (id <= 4607510))

table 6 : explain SELECT id FROM sbtest6 WHERE id BETWEEN 4607410 AND 4607510
	Index Only Scan using sbtest6_pkey on sbtest6  (cost=0.43..6.59 rows=108 width=4)
	  Index Cond: ((id >= 4607410) AND (id <= 4607510))

table 7 : explain SELECT id FROM sbtest7 WHERE id BETWEEN 4607410 AND 4607510
	Index Only Scan using sbtest7_pkey on sbtest7  (cost=0.43..6.32 rows=94 width=4)
	  Index Cond: ((id >= 4607410) AND (id <= 4607510))

table 8 : explain SELECT id FROM sbtest8 WHERE id BETWEEN 4607410 AND 4607510
	Index Only Scan using sbtest8_pkey on sbtest8  (cost=0.43..6.61 rows=109 width=4)
	  Index Cond: ((id >= 4607410) AND (id <= 4607510))

explain: for range-covered :: explain SELECT id FROM sbtest%d WHERE id BETWEEN 4607410 AND 4607510
for range-covered
table 1 : explain SELECT id FROM sbtest1 WHERE id BETWEEN 7274255 AND 7274355
	Index Only Scan using sbtest1_pkey on sbtest1  (cost=0.43..10.60 rows=108 width=4)
	  Index Cond: ((id >= 7274255) AND (id <= 7274355))

table 2 : explain SELECT id FROM sbtest2 WHERE id BETWEEN 7274255 AND 7274355
	Index Only Scan using sbtest2_pkey on sbtest2  (cost=0.43..6.63 rows=110 width=4)
	  Index Cond: ((id >= 7274255) AND (id <= 7274355))

table 3 : explain SELECT id FROM sbtest3 WHERE id BETWEEN 7274255 AND 7274355
	Index Only Scan using sbtest3_pkey on sbtest3  (cost=0.43..6.40 rows=98 width=4)
	  Index Cond: ((id >= 7274255) AND (id <= 7274355))

table 4 : explain SELECT id FROM sbtest4 WHERE id BETWEEN 7274255 AND 7274355
	Index Only Scan using sbtest4_pkey on sbtest4  (cost=0.43..6.56 rows=106 width=4)
	  Index Cond: ((id >= 7274255) AND (id <= 7274355))

table 5 : explain SELECT id FROM sbtest5 WHERE id BETWEEN 7274255 AND 7274355
	Index Only Scan using sbtest5_pkey on sbtest5  (cost=0.43..6.61 rows=109 width=4)
	  Index Cond: ((id >= 7274255) AND (id <= 7274355))

table 6 : explain SELECT id FROM sbtest6 WHERE id BETWEEN 7274255 AND 7274355
	Index Only Scan using sbtest6_pkey on sbtest6  (cost=0.43..6.35 rows=96 width=4)
	  Index Cond: ((id >= 7274255) AND (id <= 7274355))

table 7 : explain SELECT id FROM sbtest7 WHERE id BETWEEN 7274255 AND 7274355
	Index Only Scan using sbtest7_pkey on sbtest7  (cost=0.43..6.25 rows=91 width=4)
	  Index Cond: ((id >= 7274255) AND (id <= 7274355))

table 8 : explain SELECT id FROM sbtest8 WHERE id BETWEEN 7274255 AND 7274355
	Index Only Scan using sbtest8_pkey on sbtest8  (cost=0.43..6.81 rows=119 width=4)
	  Index Cond: ((id >= 7274255) AND (id <= 7274355))

for range-covered
table 1 : explain SELECT id FROM sbtest1 WHERE id BETWEEN 4607410 AND 4607510
	Index Only Scan using sbtest1_pkey on sbtest1  (cost=0.43..10.60 rows=108 width=4)
	  Index Cond: ((id >= 4607410) AND (id <= 4607510))

table 2 : explain SELECT id FROM sbtest2 WHERE id BETWEEN 4607410 AND 4607510
	Index Only Scan using sbtest2_pkey on sbtest2  (cost=0.43..6.35 rows=96 width=4)
	  Index Cond: ((id >= 4607410) AND (id <= 4607510))

table 3 : explain SELECT id FROM sbtest3 WHERE id BETWEEN 4607410 AND 4607510
	Index Only Scan using sbtest3_pkey on sbtest3  (cost=0.43..6.47 rows=102 width=4)
	  Index Cond: ((id >= 4607410) AND (id <= 4607510))

table 4 : explain SELECT id FROM sbtest4 WHERE id BETWEEN 4607410 AND 4607510
	Index Only Scan using sbtest4_pkey on sbtest4  (cost=0.43..6.42 rows=99 width=4)
	  Index Cond: ((id >= 4607410) AND (id <= 4607510))

table 5 : explain SELECT id FROM sbtest5 WHERE id BETWEEN 4607410 AND 4607510
	Index Only Scan using sbtest5_pkey on sbtest5  (cost=0.43..6.42 rows=99 width=4)
	  Index Cond: ((id >= 4607410) AND (id <= 4607510))

table 6 : explain SELECT id FROM sbtest6 WHERE id BETWEEN 4607410 AND 4607510
	Index Only Scan using sbtest6_pkey on sbtest6  (cost=0.43..6.59 rows=108 width=4)
	  Index Cond: ((id >= 4607410) AND (id <= 4607510))

table 7 : explain SELECT id FROM sbtest7 WHERE id BETWEEN 4607410 AND 4607510
	Index Only Scan using sbtest7_pkey on sbtest7  (cost=0.43..6.32 rows=94 width=4)
	  Index Cond: ((id >= 4607410) AND (id <= 4607510))

table 8 : explain SELECT id FROM sbtest8 WHERE id BETWEEN 4607410 AND 4607510
	Index Only Scan using sbtest8_pkey on sbtest8  (cost=0.43..6.61 rows=109 width=4)
	  Index Cond: ((id >= 4607410) AND (id <= 4607510))

explain: for range-covered :: explain SELECT id FROM sbtest%d WHERE id BETWEEN 5037170 AND 5037270
explain: for range-covered :: explain SELECT id FROM sbtest%d WHERE id BETWEEN 1034998 AND 1035098
explain: for range-covered :: explain SELECT id FROM sbtest%d WHERE id BETWEEN 6338394 AND 6338494
explain: for range-covered :: explain SELECT id FROM sbtest%d WHERE id BETWEEN 4125631 AND 4125731
for range-covered
table 1 : explain SELECT id FROM sbtest1 WHERE id BETWEEN 1034998 AND 1035098
	Index Only Scan using sbtest1_pkey on sbtest1  (cost=0.43..10.33 rows=95 width=4)
	  Index Cond: ((id >= 1034998) AND (id <= 1035098))

table 2 : explain SELECT id FROM sbtest2 WHERE id BETWEEN 1034998 AND 1035098
	Index Only Scan using sbtest2_pkey on sbtest2  (cost=0.43..6.33 rows=95 width=4)
	  Index Cond: ((id >= 1034998) AND (id <= 1035098))

table 3 : explain SELECT id FROM sbtest3 WHERE id BETWEEN 1034998 AND 1035098
	Index Only Scan using sbtest3_pkey on sbtest3  (cost=0.43..6.61 rows=109 width=4)
	  Index Cond: ((id >= 1034998) AND (id <= 1035098))

table 4 : explain SELECT id FROM sbtest4 WHERE id BETWEEN 1034998 AND 1035098
	Index Only Scan using sbtest4_pkey on sbtest4  (cost=0.43..6.47 rows=102 width=4)
	  Index Cond: ((id >= 1034998) AND (id <= 1035098))

table 5 : explain SELECT id FROM sbtest5 WHERE id BETWEEN 1034998 AND 1035098
	Index Only Scan using sbtest5_pkey on sbtest5  (cost=0.43..6.40 rows=98 width=4)
	  Index Cond: ((id >= 1034998) AND (id <= 1035098))

table 6 : explain SELECT id FROM sbtest6 WHERE id BETWEEN 1034998 AND 1035098
	Index Only Scan using sbtest6_pkey on sbtest6  (cost=0.43..6.56 rows=106 width=4)
	  Index Cond: ((id >= 1034998) AND (id <= 1035098))

table 7 : explain SELECT id FROM sbtest7 WHERE id BETWEEN 1034998 AND 1035098
	Index Only Scan using sbtest7_pkey on sbtest7  (cost=0.43..6.08 rows=82 width=4)
	  Index Cond: ((id >= 1034998) AND (id <= 1035098))

table 8 : explain SELECT id FROM sbtest8 WHERE id BETWEEN 1034998 AND 1035098
	Index Only Scan using sbtest8_pkey on sbtest8  (cost=0.43..6.58 rows=107 width=4)
	  Index Cond: ((id >= 1034998) AND (id <= 1035098))

explain: for range-covered :: explain SELECT id FROM sbtest%d WHERE id BETWEEN 1034998 AND 1035098
explain: for range-covered :: explain SELECT id FROM sbtest%d WHERE id BETWEEN 7371172 AND 7371272
for range-covered
table 1 : explain SELECT id FROM sbtest1 WHERE id BETWEEN 1034998 AND 1035098
	Index Only Scan using sbtest1_pkey on sbtest1  (cost=0.43..10.33 rows=95 width=4)
	  Index Cond: ((id >= 1034998) AND (id <= 1035098))

table 2 : explain SELECT id FROM sbtest2 WHERE id BETWEEN 1034998 AND 1035098
	Index Only Scan using sbtest2_pkey on sbtest2  (cost=0.43..6.33 rows=95 width=4)
	  Index Cond: ((id >= 1034998) AND (id <= 1035098))

table 3 : explain SELECT id FROM sbtest3 WHERE id BETWEEN 1034998 AND 1035098
	Index Only Scan using sbtest3_pkey on sbtest3  (cost=0.43..6.61 rows=109 width=4)
	  Index Cond: ((id >= 1034998) AND (id <= 1035098))

table 4 : explain SELECT id FROM sbtest4 WHERE id BETWEEN 1034998 AND 1035098
	Index Only Scan using sbtest4_pkey on sbtest4  (cost=0.43..6.47 rows=102 width=4)
	  Index Cond: ((id >= 1034998) AND (id <= 1035098))

table 5 : explain SELECT id FROM sbtest5 WHERE id BETWEEN 1034998 AND 1035098
	Index Only Scan using sbtest5_pkey on sbtest5  (cost=0.43..6.40 rows=98 width=4)
	  Index Cond: ((id >= 1034998) AND (id <= 1035098))

table 6 : explain SELECT id FROM sbtest6 WHERE id BETWEEN 1034998 AND 1035098
	Index Only Scan using sbtest6_pkey on sbtest6  (cost=0.43..6.56 rows=106 width=4)
	  Index Cond: ((id >= 1034998) AND (id <= 1035098))

table 7 : explain SELECT id FROM sbtest7 WHERE id BETWEEN 1034998 AND 1035098
	Index Only Scan using sbtest7_pkey on sbtest7  (cost=0.43..6.08 rows=82 width=4)
	  Index Cond: ((id >= 1034998) AND (id <= 1035098))

table 8 : explain SELECT id FROM sbtest8 WHERE id BETWEEN 1034998 AND 1035098
	Index Only Scan using sbtest8_pkey on sbtest8  (cost=0.43..6.58 rows=107 width=4)
	  Index Cond: ((id >= 1034998) AND (id <= 1035098))

for range-covered
table 1 : explain SELECT id FROM sbtest1 WHERE id BETWEEN 4125631 AND 4125731
	Index Only Scan using sbtest1_pkey on sbtest1  (cost=0.43..10.42 rows=99 width=4)
	  Index Cond: ((id >= 4125631) AND (id <= 4125731))

table 2 : explain SELECT id FROM sbtest2 WHERE id BETWEEN 4125631 AND 4125731
	Index Only Scan using sbtest2_pkey on sbtest2  (cost=0.43..6.56 rows=106 width=4)
	  Index Cond: ((id >= 4125631) AND (id <= 4125731))

table 3 : explain SELECT id FROM sbtest3 WHERE id BETWEEN 4125631 AND 4125731
	Index Only Scan using sbtest3_pkey on sbtest3  (cost=0.43..6.47 rows=102 width=4)
	  Index Cond: ((id >= 4125631) AND (id <= 4125731))

table 4 : explain SELECT id FROM sbtest4 WHERE id BETWEEN 4125631 AND 4125731
	Index Only Scan using sbtest4_pkey on sbtest4  (cost=0.43..6.56 rows=106 width=4)
	  Index Cond: ((id >= 4125631) AND (id <= 4125731))

table 5 : explain SELECT id FROM sbtest5 WHERE id BETWEEN 4125631 AND 4125731
	Index Only Scan using sbtest5_pkey on sbtest5  (cost=0.43..6.50 rows=103 width=4)
	  Index Cond: ((id >= 4125631) AND (id <= 4125731))

table 6 : explain SELECT id FROM sbtest6 WHERE id BETWEEN 4125631 AND 4125731
	Index Only Scan using sbtest6_pkey on sbtest6  (cost=0.43..6.42 rows=99 width=4)
	  Index Cond: ((id >= 4125631) AND (id <= 4125731))

table 7 : explain SELECT id FROM sbtest7 WHERE id BETWEEN 4125631 AND 4125731
	Index Only Scan using sbtest7_pkey on sbtest7  (cost=0.43..6.50 rows=103 width=4)
	  Index Cond: ((id >= 4125631) AND (id <= 4125731))

table 8 : explain SELECT id FROM sbtest8 WHERE id BETWEEN 4125631 AND 4125731
	Index Only Scan using sbtest8_pkey on sbtest8  (cost=0.43..6.53 rows=105 width=4)
	  Index Cond: ((id >= 4125631) AND (id <= 4125731))
explain: for range-covered :: explain SELECT id FROM sbtest%d WHERE id BETWEEN 1034998 AND 1035098

explain: for range-covered :: explain SELECT id FROM sbtest%d WHERE id BETWEEN 4125631 AND 4125731
for range-covered
table 1 : explain SELECT id FROM sbtest1 WHERE id BETWEEN 1034998 AND 1035098
	Index Only Scan using sbtest1_pkey on sbtest1  (cost=0.43..10.33 rows=95 width=4)
	  Index Cond: ((id >= 1034998) AND (id <= 1035098))

table 2 : explain SELECT id FROM sbtest2 WHERE id BETWEEN 1034998 AND 1035098
	Index Only Scan using sbtest2_pkey on sbtest2  (cost=0.43..6.33 rows=95 width=4)
	  Index Cond: ((id >= 1034998) AND (id <= 1035098))

table 3 : explain SELECT id FROM sbtest3 WHERE id BETWEEN 1034998 AND 1035098
	Index Only Scan using sbtest3_pkey on sbtest3  (cost=0.43..6.61 rows=109 width=4)
	  Index Cond: ((id >= 1034998) AND (id <= 1035098))

table 4 : explain SELECT id FROM sbtest4 WHERE id BETWEEN 1034998 AND 1035098
	Index Only Scan using sbtest4_pkey on sbtest4  (cost=0.43..6.47 rows=102 width=4)
	  Index Cond: ((id >= 1034998) AND (id <= 1035098))

table 5 : explain SELECT id FROM sbtest5 WHERE id BETWEEN 1034998 AND 1035098
	Index Only Scan using sbtest5_pkey on sbtest5  (cost=0.43..6.40 rows=98 width=4)
	  Index Cond: ((id >= 1034998) AND (id <= 1035098))

table 6 : explain SELECT id FROM sbtest6 WHERE id BETWEEN 1034998 AND 1035098
	Index Only Scan using sbtest6_pkey on sbtest6  (cost=0.43..6.56 rows=106 width=4)
	  Index Cond: ((id >= 1034998) AND (id <= 1035098))

table 7 : explain SELECT id FROM sbtest7 WHERE id BETWEEN 1034998 AND 1035098
	Index Only Scan using sbtest7_pkey on sbtest7  (cost=0.43..6.08 rows=82 width=4)
	  Index Cond: ((id >= 1034998) AND (id <= 1035098))

table 8 : explain SELECT id FROM sbtest8 WHERE id BETWEEN 1034998 AND 1035098
	Index Only Scan using sbtest8_pkey on sbtest8  (cost=0.43..6.58 rows=107 width=4)
	  Index Cond: ((id >= 1034998) AND (id <= 1035098))

explain: for range-covered :: explain SELECT id FROM sbtest%d WHERE id BETWEEN 1034998 AND 1035098
for range-covered
table 1 : explain SELECT id FROM sbtest1 WHERE id BETWEEN 4125631 AND 4125731
	Index Only Scan using sbtest1_pkey on sbtest1  (cost=0.43..10.42 rows=99 width=4)
	  Index Cond: ((id >= 4125631) AND (id <= 4125731))

table 2 : explain SELECT id FROM sbtest2 WHERE id BETWEEN 4125631 AND 4125731
	Index Only Scan using sbtest2_pkey on sbtest2  (cost=0.43..6.56 rows=106 width=4)
	  Index Cond: ((id >= 4125631) AND (id <= 4125731))

table 3 : explain SELECT id FROM sbtest3 WHERE id BETWEEN 4125631 AND 4125731
	Index Only Scan using sbtest3_pkey on sbtest3  (cost=0.43..6.47 rows=102 width=4)
	  Index Cond: ((id >= 4125631) AND (id <= 4125731))

table 4 : explain SELECT id FROM sbtest4 WHERE id BETWEEN 4125631 AND 4125731
	Index Only Scan using sbtest4_pkey on sbtest4  (cost=0.43..6.56 rows=106 width=4)
	  Index Cond: ((id >= 4125631) AND (id <= 4125731))

table 5 : explain SELECT id FROM sbtest5 WHERE id BETWEEN 4125631 AND 4125731
	Index Only Scan using sbtest5_pkey on sbtest5  (cost=0.43..6.50 rows=103 width=4)
	  Index Cond: ((id >= 4125631) AND (id <= 4125731))

table 6 : explain SELECT id FROM sbtest6 WHERE id BETWEEN 4125631 AND 4125731
	Index Only Scan using sbtest6_pkey on sbtest6  (cost=0.43..6.42 rows=99 width=4)
	  Index Cond: ((id >= 4125631) AND (id <= 4125731))

table 7 : explain SELECT id FROM sbtest7 WHERE id BETWEEN 4125631 AND 4125731
	Index Only Scan using sbtest7_pkey on sbtest7  (cost=0.43..6.50 rows=103 width=4)
	  Index Cond: ((id >= 4125631) AND (id <= 4125731))

table 8 : explain SELECT id FROM sbtest8 WHERE id BETWEEN 4125631 AND 4125731
	Index Only Scan using sbtest8_pkey on sbtest8  (cost=0.43..6.53 rows=105 width=4)
	  Index Cond: ((id >= 4125631) AND (id <= 4125731))

explain: for range-covered :: explain SELECT id FROM sbtest%d WHERE id BETWEEN 4125631 AND 4125731
for range-covered
table 1 : explain SELECT id FROM sbtest1 WHERE id BETWEEN 1034998 AND 1035098
	Index Only Scan using sbtest1_pkey on sbtest1  (cost=0.43..10.33 rows=95 width=4)
	  Index Cond: ((id >= 1034998) AND (id <= 1035098))

table 2 : explain SELECT id FROM sbtest2 WHERE id BETWEEN 1034998 AND 1035098
	Index Only Scan using sbtest2_pkey on sbtest2  (cost=0.43..6.33 rows=95 width=4)
	  Index Cond: ((id >= 1034998) AND (id <= 1035098))

table 3 : explain SELECT id FROM sbtest3 WHERE id BETWEEN 1034998 AND 1035098
	Index Only Scan using sbtest3_pkey on sbtest3  (cost=0.43..6.61 rows=109 width=4)
	  Index Cond: ((id >= 1034998) AND (id <= 1035098))

table 4 : explain SELECT id FROM sbtest4 WHERE id BETWEEN 1034998 AND 1035098
	Index Only Scan using sbtest4_pkey on sbtest4  (cost=0.43..6.47 rows=102 width=4)
	  Index Cond: ((id >= 1034998) AND (id <= 1035098))

table 5 : explain SELECT id FROM sbtest5 WHERE id BETWEEN 1034998 AND 1035098
	Index Only Scan using sbtest5_pkey on sbtest5  (cost=0.43..6.40 rows=98 width=4)
	  Index Cond: ((id >= 1034998) AND (id <= 1035098))

table 6 : explain SELECT id FROM sbtest6 WHERE id BETWEEN 1034998 AND 1035098
	Index Only Scan using sbtest6_pkey on sbtest6  (cost=0.43..6.56 rows=106 width=4)
	  Index Cond: ((id >= 1034998) AND (id <= 1035098))

table 7 : explain SELECT id FROM sbtest7 WHERE id BETWEEN 1034998 AND 1035098
	Index Only Scan using sbtest7_pkey on sbtest7  (cost=0.43..6.08 rows=82 width=4)
	  Index Cond: ((id >= 1034998) AND (id <= 1035098))

table 8 : explain SELECT id FROM sbtest8 WHERE id BETWEEN 1034998 AND 1035098
	Index Only Scan using sbtest8_pkey on sbtest8  (cost=0.43..6.58 rows=107 width=4)
	  Index Cond: ((id >= 1034998) AND (id <= 1035098))

explain: for range-covered :: explain SELECT id FROM sbtest%d WHERE id BETWEEN 1034998 AND 1035098
for range-covered
table 1 : explain SELECT id FROM sbtest1 WHERE id BETWEEN 6338394 AND 6338494
	Index Only Scan using sbtest1_pkey on sbtest1  (cost=0.43..10.46 rows=101 width=4)
	  Index Cond: ((id >= 6338394) AND (id <= 6338494))

table 2 : explain SELECT id FROM sbtest2 WHERE id BETWEEN 6338394 AND 6338494
	Index Only Scan using sbtest2_pkey on sbtest2  (cost=0.43..6.58 rows=107 width=4)
	  Index Cond: ((id >= 6338394) AND (id <= 6338494))

table 3 : explain SELECT id FROM sbtest3 WHERE id BETWEEN 6338394 AND 6338494
	Index Only Scan using sbtest3_pkey on sbtest3  (cost=0.43..6.50 rows=103 width=4)
	  Index Cond: ((id >= 6338394) AND (id <= 6338494))

table 4 : explain SELECT id FROM sbtest4 WHERE id BETWEEN 6338394 AND 6338494
	Index Only Scan using sbtest4_pkey on sbtest4  (cost=0.43..6.45 rows=101 width=4)
	  Index Cond: ((id >= 6338394) AND (id <= 6338494))

table 5 : explain SELECT id FROM sbtest5 WHERE id BETWEEN 6338394 AND 6338494
	Index Only Scan using sbtest5_pkey on sbtest5  (cost=0.43..6.35 rows=96 width=4)
	  Index Cond: ((id >= 6338394) AND (id <= 6338494))

table 6 : explain SELECT id FROM sbtest6 WHERE id BETWEEN 6338394 AND 6338494
	Index Only Scan using sbtest6_pkey on sbtest6  (cost=0.43..6.37 rows=97 width=4)
	  Index Cond: ((id >= 6338394) AND (id <= 6338494))

table 7 : explain SELECT id FROM sbtest7 WHERE id BETWEEN 6338394 AND 6338494
	Index Only Scan using sbtest7_pkey on sbtest7  (cost=0.43..6.59 rows=108 width=4)
	  Index Cond: ((id >= 6338394) AND (id <= 6338494))

table 8 : explain SELECT id FROM sbtest8 WHERE id BETWEEN 6338394 AND 6338494
	Index Only Scan using sbtest8_pkey on sbtest8  (cost=0.43..6.35 rows=96 width=4)
	  Index Cond: ((id >= 6338394) AND (id <= 6338494))

for range-covered
table 1 : explain SELECT id FROM sbtest1 WHERE id BETWEEN 4125631 AND 4125731
	Index Only Scan using sbtest1_pkey on sbtest1  (cost=0.43..10.42 rows=99 width=4)
	  Index Cond: ((id >= 4125631) AND (id <= 4125731))

table 2 : explain SELECT id FROM sbtest2 WHERE id BETWEEN 4125631 AND 4125731
	Index Only Scan using sbtest2_pkey on sbtest2  (cost=0.43..6.56 rows=106 width=4)
	  Index Cond: ((id >= 4125631) AND (id <= 4125731))

table 3 : explain SELECT id FROM sbtest3 WHERE id BETWEEN 4125631 AND 4125731
	Index Only Scan using sbtest3_pkey on sbtest3  (cost=0.43..6.47 rows=102 width=4)
	  Index Cond: ((id >= 4125631) AND (id <= 4125731))

table 4 : explain SELECT id FROM sbtest4 WHERE id BETWEEN 4125631 AND 4125731
	Index Only Scan using sbtest4_pkey on sbtest4  (cost=0.43..6.56 rows=106 width=4)
	  Index Cond: ((id >= 4125631) AND (id <= 4125731))

table 5 : explain SELECT id FROM sbtest5 WHERE id BETWEEN 4125631 AND 4125731
	Index Only Scan using sbtest5_pkey on sbtest5  (cost=0.43..6.50 rows=103 width=4)
	  Index Cond: ((id >= 4125631) AND (id <= 4125731))

table 6 : explain SELECT id FROM sbtest6 WHERE id BETWEEN 4125631 AND 4125731
	Index Only Scan using sbtest6_pkey on sbtest6  (cost=0.43..6.42 rows=99 width=4)
	  Index Cond: ((id >= 4125631) AND (id <= 4125731))

table 7 : explain SELECT id FROM sbtest7 WHERE id BETWEEN 4125631 AND 4125731
	Index Only Scan using sbtest7_pkey on sbtest7  (cost=0.43..6.50 rows=103 width=4)
	  Index Cond: ((id >= 4125631) AND (id <= 4125731))

table 8 : explain SELECT id FROM sbtest8 WHERE id BETWEEN 4125631 AND 4125731
	Index Only Scan using sbtest8_pkey on sbtest8  (cost=0.43..6.53 rows=105 width=4)
	  Index Cond: ((id >= 4125631) AND (id <= 4125731))

explain: for range-covered :: explain SELECT id FROM sbtest%d WHERE id BETWEEN 4125631 AND 4125731
for range-covered
table 1 : explain SELECT id FROM sbtest1 WHERE id BETWEEN 5037170 AND 5037270
	Index Only Scan using sbtest1_pkey on sbtest1  (cost=0.43..10.62 rows=109 width=4)
	  Index Cond: ((id >= 5037170) AND (id <= 5037270))

table 2 : explain SELECT id FROM sbtest2 WHERE id BETWEEN 5037170 AND 5037270
	Index Only Scan using sbtest2_pkey on sbtest2  (cost=0.43..6.47 rows=102 width=4)
	  Index Cond: ((id >= 5037170) AND (id <= 5037270))

table 3 : explain SELECT id FROM sbtest3 WHERE id BETWEEN 5037170 AND 5037270
	Index Only Scan using sbtest3_pkey on sbtest3  (cost=0.43..6.50 rows=103 width=4)
	  Index Cond: ((id >= 5037170) AND (id <= 5037270))

table 4 : explain SELECT id FROM sbtest4 WHERE id BETWEEN 5037170 AND 5037270
	Index Only Scan using sbtest4_pkey on sbtest4  (cost=0.43..6.33 rows=95 width=4)
	  Index Cond: ((id >= 5037170) AND (id <= 5037270))

table 5 : explain SELECT id FROM sbtest5 WHERE id BETWEEN 5037170 AND 5037270
	Index Only Scan using sbtest5_pkey on sbtest5  (cost=0.43..6.58 rows=107 width=4)
	  Index Cond: ((id >= 5037170) AND (id <= 5037270))

table 6 : explain SELECT id FROM sbtest6 WHERE id BETWEEN 5037170 AND 5037270
	Index Only Scan using sbtest6_pkey on sbtest6  (cost=0.43..6.37 rows=97 width=4)
	  Index Cond: ((id >= 5037170) AND (id <= 5037270))

table 7 : explain SELECT id FROM sbtest7 WHERE id BETWEEN 5037170 AND 5037270
	Index Only Scan using sbtest7_pkey on sbtest7  (cost=0.43..6.40 rows=98 width=4)
	  Index Cond: ((id >= 5037170) AND (id <= 5037270))

table 8 : explain SELECT id FROM sbtest8 WHERE id BETWEEN 5037170 AND 5037270
	Index Only Scan using sbtest8_pkey on sbtest8  (cost=0.43..6.47 rows=102 width=4)
	  Index Cond: ((id >= 5037170) AND (id <= 5037270))

explain: for range-covered :: explain SELECT id FROM sbtest%d WHERE id BETWEEN 6338394 AND 6338494
explain: for range-covered :: explain SELECT id FROM sbtest%d WHERE id BETWEEN 5037170 AND 5037270
for range-covered
table 1 : explain SELECT id FROM sbtest1 WHERE id BETWEEN 1034998 AND 1035098
	Index Only Scan using sbtest1_pkey on sbtest1  (cost=0.43..10.33 rows=95 width=4)
	  Index Cond: ((id >= 1034998) AND (id <= 1035098))

table 2 : explain SELECT id FROM sbtest2 WHERE id BETWEEN 1034998 AND 1035098
	Index Only Scan using sbtest2_pkey on sbtest2  (cost=0.43..6.33 rows=95 width=4)
	  Index Cond: ((id >= 1034998) AND (id <= 1035098))

table 3 : explain SELECT id FROM sbtest3 WHERE id BETWEEN 1034998 AND 1035098
	Index Only Scan using sbtest3_pkey on sbtest3  (cost=0.43..6.61 rows=109 width=4)
	  Index Cond: ((id >= 1034998) AND (id <= 1035098))

table 4 : explain SELECT id FROM sbtest4 WHERE id BETWEEN 1034998 AND 1035098
	Index Only Scan using sbtest4_pkey on sbtest4  (cost=0.43..6.47 rows=102 width=4)
	  Index Cond: ((id >= 1034998) AND (id <= 1035098))

table 5 : explain SELECT id FROM sbtest5 WHERE id BETWEEN 1034998 AND 1035098
	Index Only Scan using sbtest5_pkey on sbtest5  (cost=0.43..6.40 rows=98 width=4)
	  Index Cond: ((id >= 1034998) AND (id <= 1035098))

table 6 : explain SELECT id FROM sbtest6 WHERE id BETWEEN 1034998 AND 1035098
	Index Only Scan using sbtest6_pkey on sbtest6  (cost=0.43..6.56 rows=106 width=4)
	  Index Cond: ((id >= 1034998) AND (id <= 1035098))

table 7 : explain SELECT id FROM sbtest7 WHERE id BETWEEN 1034998 AND 1035098
	Index Only Scan using sbtest7_pkey on sbtest7  (cost=0.43..6.08 rows=82 width=4)
	  Index Cond: ((id >= 1034998) AND (id <= 1035098))

table 8 : explain SELECT id FROM sbtest8 WHERE id BETWEEN 1034998 AND 1035098
	Index Only Scan using sbtest8_pkey on sbtest8  (cost=0.43..6.58 rows=107 width=4)
	  Index Cond: ((id >= 1034998) AND (id <= 1035098))

for range-covered
table 1 : explain SELECT id FROM sbtest1 WHERE id BETWEEN 7371172 AND 7371272
	Index Only Scan using sbtest1_pkey on sbtest1  (cost=0.43..10.46 rows=101 width=4)
	  Index Cond: ((id >= 7371172) AND (id <= 7371272))

table 2 : explain SELECT id FROM sbtest2 WHERE id BETWEEN 7371172 AND 7371272
	Index Only Scan using sbtest2_pkey on sbtest2  (cost=0.43..6.29 rows=93 width=4)
	  Index Cond: ((id >= 7371172) AND (id <= 7371272))

table 3 : explain SELECT id FROM sbtest3 WHERE id BETWEEN 7371172 AND 7371272
	Index Only Scan using sbtest3_pkey on sbtest3  (cost=0.43..6.69 rows=113 width=4)
	  Index Cond: ((id >= 7371172) AND (id <= 7371272))

table 4 : explain SELECT id FROM sbtest4 WHERE id BETWEEN 7371172 AND 7371272
	Index Only Scan using sbtest4_pkey on sbtest4  (cost=0.43..6.51 rows=104 width=4)
	  Index Cond: ((id >= 7371172) AND (id <= 7371272))

table 5 : explain SELECT id FROM sbtest5 WHERE id BETWEEN 7371172 AND 7371272
	Index Only Scan using sbtest5_pkey on sbtest5  (cost=0.43..6.25 rows=91 width=4)
	  Index Cond: ((id >= 7371172) AND (id <= 7371272))

table 6 : explain SELECT id FROM sbtest6 WHERE id BETWEEN 7371172 AND 7371272
	Index Only Scan using sbtest6_pkey on sbtest6  (cost=0.43..6.51 rows=104 width=4)
	  Index Cond: ((id >= 7371172) AND (id <= 7371272))

table 7 : explain SELECT id FROM sbtest7 WHERE id BETWEEN 7371172 AND 7371272
	Index Only Scan using sbtest7_pkey on sbtest7  (cost=0.43..6.25 rows=91 width=4)
	  Index Cond: ((id >= 7371172) AND (id <= 7371272))

table 8 : explain SELECT id FROM sbtest8 WHERE id BETWEEN 7371172 AND 7371272
	Index Only Scan using sbtest8_pkey on sbtest8  (cost=0.43..6.58 rows=107 width=4)
	  Index Cond: ((id >= 7371172) AND (id <= 7371272))

explain: for range-covered :: explain SELECT id FROM sbtest%d WHERE id BETWEEN 1034998 AND 1035098
explain: for range-covered :: explain SELECT id FROM sbtest%d WHERE id BETWEEN 7371172 AND 7371272
for range-covered
table 1 : explain SELECT id FROM sbtest1 WHERE id BETWEEN 4125631 AND 4125731
	Index Only Scan using sbtest1_pkey on sbtest1  (cost=0.43..10.42 rows=99 width=4)
	  Index Cond: ((id >= 4125631) AND (id <= 4125731))

table 2 : explain SELECT id FROM sbtest2 WHERE id BETWEEN 4125631 AND 4125731
	Index Only Scan using sbtest2_pkey on sbtest2  (cost=0.43..6.56 rows=106 width=4)
	  Index Cond: ((id >= 4125631) AND (id <= 4125731))

table 3 : explain SELECT id FROM sbtest3 WHERE id BETWEEN 4125631 AND 4125731
	Index Only Scan using sbtest3_pkey on sbtest3  (cost=0.43..6.47 rows=102 width=4)
	  Index Cond: ((id >= 4125631) AND (id <= 4125731))

table 4 : explain SELECT id FROM sbtest4 WHERE id BETWEEN 4125631 AND 4125731
	Index Only Scan using sbtest4_pkey on sbtest4  (cost=0.43..6.56 rows=106 width=4)
	  Index Cond: ((id >= 4125631) AND (id <= 4125731))

table 5 : explain SELECT id FROM sbtest5 WHERE id BETWEEN 4125631 AND 4125731
	Index Only Scan using sbtest5_pkey on sbtest5  (cost=0.43..6.50 rows=103 width=4)
	  Index Cond: ((id >= 4125631) AND (id <= 4125731))

table 6 : explain SELECT id FROM sbtest6 WHERE id BETWEEN 4125631 AND 4125731
	Index Only Scan using sbtest6_pkey on sbtest6  (cost=0.43..6.42 rows=99 width=4)
	  Index Cond: ((id >= 4125631) AND (id <= 4125731))

table 7 : explain SELECT id FROM sbtest7 WHERE id BETWEEN 4125631 AND 4125731
	Index Only Scan using sbtest7_pkey on sbtest7  (cost=0.43..6.50 rows=103 width=4)
	  Index Cond: ((id >= 4125631) AND (id <= 4125731))

table 8 : explain SELECT id FROM sbtest8 WHERE id BETWEEN 4125631 AND 4125731
	Index Only Scan using sbtest8_pkey on sbtest8  (cost=0.43..6.53 rows=105 width=4)
	  Index Cond: ((id >= 4125631) AND (id <= 4125731))

explain: for range-covered :: explain SELECT id FROM sbtest%d WHERE id BETWEEN 4125631 AND 4125731
for range-covered
table 1 : explain SELECT id FROM sbtest1 WHERE id BETWEEN 1034998 AND 1035098
	Index Only Scan using sbtest1_pkey on sbtest1  (cost=0.43..10.33 rows=95 width=4)
	  Index Cond: ((id >= 1034998) AND (id <= 1035098))

table 2 : explain SELECT id FROM sbtest2 WHERE id BETWEEN 1034998 AND 1035098
	Index Only Scan using sbtest2_pkey on sbtest2  (cost=0.43..6.33 rows=95 width=4)
	  Index Cond: ((id >= 1034998) AND (id <= 1035098))

table 3 : explain SELECT id FROM sbtest3 WHERE id BETWEEN 1034998 AND 1035098
	Index Only Scan using sbtest3_pkey on sbtest3  (cost=0.43..6.61 rows=109 width=4)
	  Index Cond: ((id >= 1034998) AND (id <= 1035098))

table 4 : explain SELECT id FROM sbtest4 WHERE id BETWEEN 1034998 AND 1035098
	Index Only Scan using sbtest4_pkey on sbtest4  (cost=0.43..6.47 rows=102 width=4)
	  Index Cond: ((id >= 1034998) AND (id <= 1035098))

table 5 : explain SELECT id FROM sbtest5 WHERE id BETWEEN 1034998 AND 1035098
	Index Only Scan using sbtest5_pkey on sbtest5  (cost=0.43..6.40 rows=98 width=4)
	  Index Cond: ((id >= 1034998) AND (id <= 1035098))

table 6 : explain SELECT id FROM sbtest6 WHERE id BETWEEN 1034998 AND 1035098
	Index Only Scan using sbtest6_pkey on sbtest6  (cost=0.43..6.56 rows=106 width=4)
	  Index Cond: ((id >= 1034998) AND (id <= 1035098))

table 7 : explain SELECT id FROM sbtest7 WHERE id BETWEEN 1034998 AND 1035098
	Index Only Scan using sbtest7_pkey on sbtest7  (cost=0.43..6.08 rows=82 width=4)
	  Index Cond: ((id >= 1034998) AND (id <= 1035098))

table 8 : explain SELECT id FROM sbtest8 WHERE id BETWEEN 1034998 AND 1035098
	Index Only Scan using sbtest8_pkey on sbtest8  (cost=0.43..6.58 rows=107 width=4)
	  Index Cond: ((id >= 1034998) AND (id <= 1035098))

explain: for range-covered :: explain SELECT id FROM sbtest%d WHERE id BETWEEN 1034998 AND 1035098
for range-covered
table 1 : explain SELECT id FROM sbtest1 WHERE id BETWEEN 7371172 AND 7371272
	Index Only Scan using sbtest1_pkey on sbtest1  (cost=0.43..10.46 rows=101 width=4)
	  Index Cond: ((id >= 7371172) AND (id <= 7371272))

table 2 : explain SELECT id FROM sbtest2 WHERE id BETWEEN 7371172 AND 7371272
	Index Only Scan using sbtest2_pkey on sbtest2  (cost=0.43..6.29 rows=93 width=4)
	  Index Cond: ((id >= 7371172) AND (id <= 7371272))

table 3 : explain SELECT id FROM sbtest3 WHERE id BETWEEN 7371172 AND 7371272
	Index Only Scan using sbtest3_pkey on sbtest3  (cost=0.43..6.69 rows=113 width=4)
	  Index Cond: ((id >= 7371172) AND (id <= 7371272))

table 4 : explain SELECT id FROM sbtest4 WHERE id BETWEEN 7371172 AND 7371272
	Index Only Scan using sbtest4_pkey on sbtest4  (cost=0.43..6.51 rows=104 width=4)
	  Index Cond: ((id >= 7371172) AND (id <= 7371272))

table 5 : explain SELECT id FROM sbtest5 WHERE id BETWEEN 7371172 AND 7371272
	Index Only Scan using sbtest5_pkey on sbtest5  (cost=0.43..6.25 rows=91 width=4)
	  Index Cond: ((id >= 7371172) AND (id <= 7371272))

table 6 : explain SELECT id FROM sbtest6 WHERE id BETWEEN 7371172 AND 7371272
	Index Only Scan using sbtest6_pkey on sbtest6  (cost=0.43..6.51 rows=104 width=4)
	  Index Cond: ((id >= 7371172) AND (id <= 7371272))

table 7 : explain SELECT id FROM sbtest7 WHERE id BETWEEN 7371172 AND 7371272
	Index Only Scan using sbtest7_pkey on sbtest7  (cost=0.43..6.25 rows=91 width=4)
	  Index Cond: ((id >= 7371172) AND (id <= 7371272))

table 8 : explain SELECT id FROM sbtest8 WHERE id BETWEEN 7371172 AND 7371272
	Index Only Scan using sbtest8_pkey on sbtest8  (cost=0.43..6.58 rows=107 width=4)
	  Index Cond: ((id >= 7371172) AND (id <= 7371272))
for range-covered
table 1 : explain SELECT id FROM sbtest1 WHERE id BETWEEN 4125631 AND 4125731
	Index Only Scan using sbtest1_pkey on sbtest1  (cost=0.43..10.42 rows=99 width=4)
	  Index Cond: ((id >= 4125631) AND (id <= 4125731))

table 2 : explain SELECT id FROM sbtest2 WHERE id BETWEEN 4125631 AND 4125731
	Index Only Scan using sbtest2_pkey on sbtest2  (cost=0.43..6.56 rows=106 width=4)
	  Index Cond: ((id >= 4125631) AND (id <= 4125731))

table 3 : explain SELECT id FROM sbtest3 WHERE id BETWEEN 4125631 AND 4125731
	Index Only Scan using sbtest3_pkey on sbtest3  (cost=0.43..6.47 rows=102 width=4)
	  Index Cond: ((id >= 4125631) AND (id <= 4125731))

table 4 : explain SELECT id FROM sbtest4 WHERE id BETWEEN 4125631 AND 4125731
	Index Only Scan using sbtest4_pkey on sbtest4  (cost=0.43..6.56 rows=106 width=4)
	  Index Cond: ((id >= 4125631) AND (id <= 4125731))

table 5 : explain SELECT id FROM sbtest5 WHERE id BETWEEN 4125631 AND 4125731
	Index Only Scan using sbtest5_pkey on sbtest5  (cost=0.43..6.50 rows=103 width=4)
	  Index Cond: ((id >= 4125631) AND (id <= 4125731))

table 6 : explain SELECT id FROM sbtest6 WHERE id BETWEEN 4125631 AND 4125731
	Index Only Scan using sbtest6_pkey on sbtest6  (cost=0.43..6.42 rows=99 width=4)
	  Index Cond: ((id >= 4125631) AND (id <= 4125731))

table 7 : explain SELECT id FROM sbtest7 WHERE id BETWEEN 4125631 AND 4125731
	Index Only Scan using sbtest7_pkey on sbtest7  (cost=0.43..6.50 rows=103 width=4)
	  Index Cond: ((id >= 4125631) AND (id <= 4125731))

table 8 : explain SELECT id FROM sbtest8 WHERE id BETWEEN 4125631 AND 4125731
	Index Only Scan using sbtest8_pkey on sbtest8  (cost=0.43..6.53 rows=105 width=4)
	  Index Cond: ((id >= 4125631) AND (id <= 4125731))


explain: for range-covered :: explain SELECT id FROM sbtest%d WHERE id BETWEEN 4125631 AND 4125731
explain: for range-covered :: explain SELECT id FROM sbtest%d WHERE id BETWEEN 7371172 AND 7371272
for range-covered
table 1 : explain SELECT id FROM sbtest1 WHERE id BETWEEN 5037170 AND 5037270
	Index Only Scan using sbtest1_pkey on sbtest1  (cost=0.43..10.62 rows=109 width=4)
	  Index Cond: ((id >= 5037170) AND (id <= 5037270))

table 2 : explain SELECT id FROM sbtest2 WHERE id BETWEEN 5037170 AND 5037270
	Index Only Scan using sbtest2_pkey on sbtest2  (cost=0.43..6.47 rows=102 width=4)
	  Index Cond: ((id >= 5037170) AND (id <= 5037270))

table 3 : explain SELECT id FROM sbtest3 WHERE id BETWEEN 5037170 AND 5037270
	Index Only Scan using sbtest3_pkey on sbtest3  (cost=0.43..6.50 rows=103 width=4)
	  Index Cond: ((id >= 5037170) AND (id <= 5037270))

table 4 : explain SELECT id FROM sbtest4 WHERE id BETWEEN 5037170 AND 5037270
	Index Only Scan using sbtest4_pkey on sbtest4  (cost=0.43..6.33 rows=95 width=4)
	  Index Cond: ((id >= 5037170) AND (id <= 5037270))

table 5 : explain SELECT id FROM sbtest5 WHERE id BETWEEN 5037170 AND 5037270
	Index Only Scan using sbtest5_pkey on sbtest5  (cost=0.43..6.58 rows=107 width=4)
	  Index Cond: ((id >= 5037170) AND (id <= 5037270))

table 6 : explain SELECT id FROM sbtest6 WHERE id BETWEEN 5037170 AND 5037270
	Index Only Scan using sbtest6_pkey on sbtest6  (cost=0.43..6.37 rows=97 width=4)
	  Index Cond: ((id >= 5037170) AND (id <= 5037270))

table 7 : explain SELECT id FROM sbtest7 WHERE id BETWEEN 5037170 AND 5037270
	Index Only Scan using sbtest7_pkey on sbtest7  (cost=0.43..6.40 rows=98 width=4)
	  Index Cond: ((id >= 5037170) AND (id <= 5037270))

table 8 : explain SELECT id FROM sbtest8 WHERE id BETWEEN 5037170 AND 5037270
	Index Only Scan using sbtest8_pkey on sbtest8  (cost=0.43..6.47 rows=102 width=4)
	  Index Cond: ((id >= 5037170) AND (id <= 5037270))

for range-covered
table 1 : explain SELECT id FROM sbtest1 WHERE id BETWEEN 6338394 AND 6338494
	Index Only Scan using sbtest1_pkey on sbtest1  (cost=0.43..10.46 rows=101 width=4)
	  Index Cond: ((id >= 6338394) AND (id <= 6338494))

table 2 : explain SELECT id FROM sbtest2 WHERE id BETWEEN 6338394 AND 6338494
	Index Only Scan using sbtest2_pkey on sbtest2  (cost=0.43..6.58 rows=107 width=4)
	  Index Cond: ((id >= 6338394) AND (id <= 6338494))

table 3 : explain SELECT id FROM sbtest3 WHERE id BETWEEN 6338394 AND 6338494
	Index Only Scan using sbtest3_pkey on sbtest3  (cost=0.43..6.50 rows=103 width=4)
	  Index Cond: ((id >= 6338394) AND (id <= 6338494))

table 4 : explain SELECT id FROM sbtest4 WHERE id BETWEEN 6338394 AND 6338494
	Index Only Scan using sbtest4_pkey on sbtest4  (cost=0.43..6.45 rows=101 width=4)
	  Index Cond: ((id >= 6338394) AND (id <= 6338494))

table 5 : explain SELECT id FROM sbtest5 WHERE id BETWEEN 6338394 AND 6338494
	Index Only Scan using sbtest5_pkey on sbtest5  (cost=0.43..6.35 rows=96 width=4)
	  Index Cond: ((id >= 6338394) AND (id <= 6338494))

table 6 : explain SELECT id FROM sbtest6 WHERE id BETWEEN 6338394 AND 6338494
	Index Only Scan using sbtest6_pkey on sbtest6  (cost=0.43..6.37 rows=97 width=4)
	  Index Cond: ((id >= 6338394) AND (id <= 6338494))

table 7 : explain SELECT id FROM sbtest7 WHERE id BETWEEN 6338394 AND 6338494
	Index Only Scan using sbtest7_pkey on sbtest7  (cost=0.43..6.59 rows=108 width=4)
	  Index Cond: ((id >= 6338394) AND (id <= 6338494))

table 8 : explain SELECT id FROM sbtest8 WHERE id BETWEEN 6338394 AND 6338494
	Index Only Scan using sbtest8_pkey on sbtest8  (cost=0.43..6.35 rows=96 width=4)
	  Index Cond: ((id >= 6338394) AND (id <= 6338494))

explain: for range-covered :: explain SELECT id FROM sbtest%d WHERE id BETWEEN 5037170 AND 5037270
explain: for range-covered :: explain SELECT id FROM sbtest%d WHERE id BETWEEN 6338394 AND 6338494
for range-covered
table 1 : explain SELECT id FROM sbtest1 WHERE id BETWEEN 1034998 AND 1035098
	Index Only Scan using sbtest1_pkey on sbtest1  (cost=0.43..10.33 rows=95 width=4)
	  Index Cond: ((id >= 1034998) AND (id <= 1035098))

table 2 : explain SELECT id FROM sbtest2 WHERE id BETWEEN 1034998 AND 1035098
	Index Only Scan using sbtest2_pkey on sbtest2  (cost=0.43..6.33 rows=95 width=4)
	  Index Cond: ((id >= 1034998) AND (id <= 1035098))

table 3 : explain SELECT id FROM sbtest3 WHERE id BETWEEN 1034998 AND 1035098
	Index Only Scan using sbtest3_pkey on sbtest3  (cost=0.43..6.61 rows=109 width=4)
	  Index Cond: ((id >= 1034998) AND (id <= 1035098))

table 4 : explain SELECT id FROM sbtest4 WHERE id BETWEEN 1034998 AND 1035098
	Index Only Scan using sbtest4_pkey on sbtest4  (cost=0.43..6.47 rows=102 width=4)
	  Index Cond: ((id >= 1034998) AND (id <= 1035098))

table 5 : explain SELECT id FROM sbtest5 WHERE id BETWEEN 1034998 AND 1035098
	Index Only Scan using sbtest5_pkey on sbtest5  (cost=0.43..6.40 rows=98 width=4)
	  Index Cond: ((id >= 1034998) AND (id <= 1035098))

table 6 : explain SELECT id FROM sbtest6 WHERE id BETWEEN 1034998 AND 1035098
	Index Only Scan using sbtest6_pkey on sbtest6  (cost=0.43..6.56 rows=106 width=4)
	  Index Cond: ((id >= 1034998) AND (id <= 1035098))

table 7 : explain SELECT id FROM sbtest7 WHERE id BETWEEN 1034998 AND 1035098
	Index Only Scan using sbtest7_pkey on sbtest7  (cost=0.43..6.08 rows=82 width=4)
	  Index Cond: ((id >= 1034998) AND (id <= 1035098))

table 8 : explain SELECT id FROM sbtest8 WHERE id BETWEEN 1034998 AND 1035098
	Index Only Scan using sbtest8_pkey on sbtest8  (cost=0.43..6.58 rows=107 width=4)
	  Index Cond: ((id >= 1034998) AND (id <= 1035098))

explain: for range-covered :: explain SELECT id FROM sbtest%d WHERE id BETWEEN 1034998 AND 1035098
for range-covered
table 1 : explain SELECT id FROM sbtest1 WHERE id BETWEEN 7371172 AND 7371272
	Index Only Scan using sbtest1_pkey on sbtest1  (cost=0.43..10.46 rows=101 width=4)
	  Index Cond: ((id >= 7371172) AND (id <= 7371272))

table 2 : explain SELECT id FROM sbtest2 WHERE id BETWEEN 7371172 AND 7371272
	Index Only Scan using sbtest2_pkey on sbtest2  (cost=0.43..6.29 rows=93 width=4)
	  Index Cond: ((id >= 7371172) AND (id <= 7371272))

table 3 : explain SELECT id FROM sbtest3 WHERE id BETWEEN 7371172 AND 7371272
	Index Only Scan using sbtest3_pkey on sbtest3  (cost=0.43..6.69 rows=113 width=4)
	  Index Cond: ((id >= 7371172) AND (id <= 7371272))

table 4 : explain SELECT id FROM sbtest4 WHERE id BETWEEN 7371172 AND 7371272
	Index Only Scan using sbtest4_pkey on sbtest4  (cost=0.43..6.51 rows=104 width=4)
	  Index Cond: ((id >= 7371172) AND (id <= 7371272))

table 5 : explain SELECT id FROM sbtest5 WHERE id BETWEEN 7371172 AND 7371272
	Index Only Scan using sbtest5_pkey on sbtest5  (cost=0.43..6.25 rows=91 width=4)
	  Index Cond: ((id >= 7371172) AND (id <= 7371272))

table 6 : explain SELECT id FROM sbtest6 WHERE id BETWEEN 7371172 AND 7371272
	Index Only Scan using sbtest6_pkey on sbtest6  (cost=0.43..6.51 rows=104 width=4)
	  Index Cond: ((id >= 7371172) AND (id <= 7371272))

table 7 : explain SELECT id FROM sbtest7 WHERE id BETWEEN 7371172 AND 7371272
	Index Only Scan using sbtest7_pkey on sbtest7  (cost=0.43..6.25 rows=91 width=4)
	  Index Cond: ((id >= 7371172) AND (id <= 7371272))

table 8 : explain SELECT id FROM sbtest8 WHERE id BETWEEN 7371172 AND 7371272
	Index Only Scan using sbtest8_pkey on sbtest8  (cost=0.43..6.58 rows=107 width=4)
	  Index Cond: ((id >= 7371172) AND (id <= 7371272))

for range-covered
table 1 : explain SELECT id FROM sbtest1 WHERE id BETWEEN 4125631 AND 4125731
	Index Only Scan using sbtest1_pkey on sbtest1  (cost=0.43..10.42 rows=99 width=4)
	  Index Cond: ((id >= 4125631) AND (id <= 4125731))

table 2 : explain SELECT id FROM sbtest2 WHERE id BETWEEN 4125631 AND 4125731
	Index Only Scan using sbtest2_pkey on sbtest2  (cost=0.43..6.56 rows=106 width=4)
	  Index Cond: ((id >= 4125631) AND (id <= 4125731))

table 3 : explain SELECT id FROM sbtest3 WHERE id BETWEEN 4125631 AND 4125731
	Index Only Scan using sbtest3_pkey on sbtest3  (cost=0.43..6.47 rows=102 width=4)
	  Index Cond: ((id >= 4125631) AND (id <= 4125731))

table 4 : explain SELECT id FROM sbtest4 WHERE id BETWEEN 4125631 AND 4125731
	Index Only Scan using sbtest4_pkey on sbtest4  (cost=0.43..6.56 rows=106 width=4)
	  Index Cond: ((id >= 4125631) AND (id <= 4125731))

table 5 : explain SELECT id FROM sbtest5 WHERE id BETWEEN 4125631 AND 4125731
	Index Only Scan using sbtest5_pkey on sbtest5  (cost=0.43..6.50 rows=103 width=4)
	  Index Cond: ((id >= 4125631) AND (id <= 4125731))

table 6 : explain SELECT id FROM sbtest6 WHERE id BETWEEN 4125631 AND 4125731
	Index Only Scan using sbtest6_pkey on sbtest6  (cost=0.43..6.42 rows=99 width=4)
	  Index Cond: ((id >= 4125631) AND (id <= 4125731))

table 7 : explain SELECT id FROM sbtest7 WHERE id BETWEEN 4125631 AND 4125731
	Index Only Scan using sbtest7_pkey on sbtest7  (cost=0.43..6.50 rows=103 width=4)
	  Index Cond: ((id >= 4125631) AND (id <= 4125731))

table 8 : explain SELECT id FROM sbtest8 WHERE id BETWEEN 4125631 AND 4125731
	Index Only Scan using sbtest8_pkey on sbtest8  (cost=0.43..6.53 rows=105 width=4)
	  Index Cond: ((id >= 4125631) AND (id <= 4125731))

explain: for range-covered :: explain SELECT id FROM sbtest%d WHERE id BETWEEN 7371172 AND 7371272
explain: for range-covered :: explain SELECT id FROM sbtest%d WHERE id BETWEEN 4125631 AND 4125731
for range-covered
table 1 : explain SELECT id FROM sbtest1 WHERE id BETWEEN 1034998 AND 1035098
	Index Only Scan using sbtest1_pkey on sbtest1  (cost=0.43..10.33 rows=95 width=4)
	  Index Cond: ((id >= 1034998) AND (id <= 1035098))

table 2 : explain SELECT id FROM sbtest2 WHERE id BETWEEN 1034998 AND 1035098
	Index Only Scan using sbtest2_pkey on sbtest2  (cost=0.43..6.33 rows=95 width=4)
	  Index Cond: ((id >= 1034998) AND (id <= 1035098))

table 3 : explain SELECT id FROM sbtest3 WHERE id BETWEEN 1034998 AND 1035098
	Index Only Scan using sbtest3_pkey on sbtest3  (cost=0.43..6.61 rows=109 width=4)
	  Index Cond: ((id >= 1034998) AND (id <= 1035098))

table 4 : explain SELECT id FROM sbtest4 WHERE id BETWEEN 1034998 AND 1035098
	Index Only Scan using sbtest4_pkey on sbtest4  (cost=0.43..6.47 rows=102 width=4)
	  Index Cond: ((id >= 1034998) AND (id <= 1035098))

table 5 : explain SELECT id FROM sbtest5 WHERE id BETWEEN 1034998 AND 1035098
	Index Only Scan using sbtest5_pkey on sbtest5  (cost=0.43..6.40 rows=98 width=4)
	  Index Cond: ((id >= 1034998) AND (id <= 1035098))

table 6 : explain SELECT id FROM sbtest6 WHERE id BETWEEN 1034998 AND 1035098
	Index Only Scan using sbtest6_pkey on sbtest6  (cost=0.43..6.56 rows=106 width=4)
	  Index Cond: ((id >= 1034998) AND (id <= 1035098))

table 7 : explain SELECT id FROM sbtest7 WHERE id BETWEEN 1034998 AND 1035098
	Index Only Scan using sbtest7_pkey on sbtest7  (cost=0.43..6.08 rows=82 width=4)
	  Index Cond: ((id >= 1034998) AND (id <= 1035098))

table 8 : explain SELECT id FROM sbtest8 WHERE id BETWEEN 1034998 AND 1035098
	Index Only Scan using sbtest8_pkey on sbtest8  (cost=0.43..6.58 rows=107 width=4)
	  Index Cond: ((id >= 1034998) AND (id <= 1035098))

for range-covered
table 1 : explain SELECT id FROM sbtest1 WHERE id BETWEEN 7371172 AND 7371272
	Index Only Scan using sbtest1_pkey on sbtest1  (cost=0.43..10.46 rows=101 width=4)
	  Index Cond: ((id >= 7371172) AND (id <= 7371272))

table 2 : explain SELECT id FROM sbtest2 WHERE id BETWEEN 7371172 AND 7371272
	Index Only Scan using sbtest2_pkey on sbtest2  (cost=0.43..6.29 rows=93 width=4)
	  Index Cond: ((id >= 7371172) AND (id <= 7371272))

table 3 : explain SELECT id FROM sbtest3 WHERE id BETWEEN 7371172 AND 7371272
	Index Only Scan using sbtest3_pkey on sbtest3  (cost=0.43..6.69 rows=113 width=4)
	  Index Cond: ((id >= 7371172) AND (id <= 7371272))

table 4 : explain SELECT id FROM sbtest4 WHERE id BETWEEN 7371172 AND 7371272
	Index Only Scan using sbtest4_pkey on sbtest4  (cost=0.43..6.51 rows=104 width=4)
	  Index Cond: ((id >= 7371172) AND (id <= 7371272))

table 5 : explain SELECT id FROM sbtest5 WHERE id BETWEEN 7371172 AND 7371272
	Index Only Scan using sbtest5_pkey on sbtest5  (cost=0.43..6.25 rows=91 width=4)
	  Index Cond: ((id >= 7371172) AND (id <= 7371272))

table 6 : explain SELECT id FROM sbtest6 WHERE id BETWEEN 7371172 AND 7371272
	Index Only Scan using sbtest6_pkey on sbtest6  (cost=0.43..6.51 rows=104 width=4)
	  Index Cond: ((id >= 7371172) AND (id <= 7371272))

table 7 : explain SELECT id FROM sbtest7 WHERE id BETWEEN 7371172 AND 7371272
	Index Only Scan using sbtest7_pkey on sbtest7  (cost=0.43..6.25 rows=91 width=4)
	  Index Cond: ((id >= 7371172) AND (id <= 7371272))

table 8 : explain SELECT id FROM sbtest8 WHERE id BETWEEN 7371172 AND 7371272
	Index Only Scan using sbtest8_pkey on sbtest8  (cost=0.43..6.58 rows=107 width=4)
	  Index Cond: ((id >= 7371172) AND (id <= 7371272))

for range-covered
table 1 : explain SELECT id FROM sbtest1 WHERE id BETWEEN 4125631 AND 4125731
	Index Only Scan using sbtest1_pkey on sbtest1  (cost=0.43..10.42 rows=99 width=4)
	  Index Cond: ((id >= 4125631) AND (id <= 4125731))

table 2 : explain SELECT id FROM sbtest2 WHERE id BETWEEN 4125631 AND 4125731
	Index Only Scan using sbtest2_pkey on sbtest2  (cost=0.43..6.56 rows=106 width=4)
	  Index Cond: ((id >= 4125631) AND (id <= 4125731))

table 3 : explain SELECT id FROM sbtest3 WHERE id BETWEEN 4125631 AND 4125731
	Index Only Scan using sbtest3_pkey on sbtest3  (cost=0.43..6.47 rows=102 width=4)
	  Index Cond: ((id >= 4125631) AND (id <= 4125731))

table 4 : explain SELECT id FROM sbtest4 WHERE id BETWEEN 4125631 AND 4125731
	Index Only Scan using sbtest4_pkey on sbtest4  (cost=0.43..6.56 rows=106 width=4)
	  Index Cond: ((id >= 4125631) AND (id <= 4125731))

table 5 : explain SELECT id FROM sbtest5 WHERE id BETWEEN 4125631 AND 4125731
	Index Only Scan using sbtest5_pkey on sbtest5  (cost=0.43..6.50 rows=103 width=4)
	  Index Cond: ((id >= 4125631) AND (id <= 4125731))

table 6 : explain SELECT id FROM sbtest6 WHERE id BETWEEN 4125631 AND 4125731
	Index Only Scan using sbtest6_pkey on sbtest6  (cost=0.43..6.42 rows=99 width=4)
	  Index Cond: ((id >= 4125631) AND (id <= 4125731))

table 7 : explain SELECT id FROM sbtest7 WHERE id BETWEEN 4125631 AND 4125731
	Index Only Scan using sbtest7_pkey on sbtest7  (cost=0.43..6.50 rows=103 width=4)
	  Index Cond: ((id >= 4125631) AND (id <= 4125731))

table 8 : explain SELECT id FROM sbtest8 WHERE id BETWEEN 4125631 AND 4125731
	Index Only Scan using sbtest8_pkey on sbtest8  (cost=0.43..6.53 rows=105 width=4)
	  Index Cond: ((id >= 4125631) AND (id <= 4125731))

explain: for range-covered :: explain SELECT id FROM sbtest%d WHERE id BETWEEN 7371172 AND 7371272
explain: for range-covered :: explain SELECT id FROM sbtest%d WHERE id BETWEEN 4125631 AND 4125731
for range-covered
table 1 : explain SELECT id FROM sbtest1 WHERE id BETWEEN 5037170 AND 5037270
	Index Only Scan using sbtest1_pkey on sbtest1  (cost=0.43..10.62 rows=109 width=4)
	  Index Cond: ((id >= 5037170) AND (id <= 5037270))

table 2 : explain SELECT id FROM sbtest2 WHERE id BETWEEN 5037170 AND 5037270
	Index Only Scan using sbtest2_pkey on sbtest2  (cost=0.43..6.47 rows=102 width=4)
	  Index Cond: ((id >= 5037170) AND (id <= 5037270))

table 3 : explain SELECT id FROM sbtest3 WHERE id BETWEEN 5037170 AND 5037270
	Index Only Scan using sbtest3_pkey on sbtest3  (cost=0.43..6.50 rows=103 width=4)
	  Index Cond: ((id >= 5037170) AND (id <= 5037270))

table 4 : explain SELECT id FROM sbtest4 WHERE id BETWEEN 5037170 AND 5037270
	Index Only Scan using sbtest4_pkey on sbtest4  (cost=0.43..6.33 rows=95 width=4)
	  Index Cond: ((id >= 5037170) AND (id <= 5037270))

table 5 : explain SELECT id FROM sbtest5 WHERE id BETWEEN 5037170 AND 5037270
	Index Only Scan using sbtest5_pkey on sbtest5  (cost=0.43..6.58 rows=107 width=4)
	  Index Cond: ((id >= 5037170) AND (id <= 5037270))

table 6 : explain SELECT id FROM sbtest6 WHERE id BETWEEN 5037170 AND 5037270
	Index Only Scan using sbtest6_pkey on sbtest6  (cost=0.43..6.37 rows=97 width=4)
	  Index Cond: ((id >= 5037170) AND (id <= 5037270))

table 7 : explain SELECT id FROM sbtest7 WHERE id BETWEEN 5037170 AND 5037270
	Index Only Scan using sbtest7_pkey on sbtest7  (cost=0.43..6.40 rows=98 width=4)
	  Index Cond: ((id >= 5037170) AND (id <= 5037270))

table 8 : explain SELECT id FROM sbtest8 WHERE id BETWEEN 5037170 AND 5037270
	Index Only Scan using sbtest8_pkey on sbtest8  (cost=0.43..6.47 rows=102 width=4)
	  Index Cond: ((id >= 5037170) AND (id <= 5037270))

for range-covered
table 1 : explain SELECT id FROM sbtest1 WHERE id BETWEEN 6338394 AND 6338494
	Index Only Scan using sbtest1_pkey on sbtest1  (cost=0.43..10.46 rows=101 width=4)
	  Index Cond: ((id >= 6338394) AND (id <= 6338494))

table 2 : explain SELECT id FROM sbtest2 WHERE id BETWEEN 6338394 AND 6338494
	Index Only Scan using sbtest2_pkey on sbtest2  (cost=0.43..6.58 rows=107 width=4)
	  Index Cond: ((id >= 6338394) AND (id <= 6338494))

table 3 : explain SELECT id FROM sbtest3 WHERE id BETWEEN 6338394 AND 6338494
	Index Only Scan using sbtest3_pkey on sbtest3  (cost=0.43..6.50 rows=103 width=4)
	  Index Cond: ((id >= 6338394) AND (id <= 6338494))

table 4 : explain SELECT id FROM sbtest4 WHERE id BETWEEN 6338394 AND 6338494
	Index Only Scan using sbtest4_pkey on sbtest4  (cost=0.43..6.45 rows=101 width=4)
	  Index Cond: ((id >= 6338394) AND (id <= 6338494))

table 5 : explain SELECT id FROM sbtest5 WHERE id BETWEEN 6338394 AND 6338494
	Index Only Scan using sbtest5_pkey on sbtest5  (cost=0.43..6.35 rows=96 width=4)
	  Index Cond: ((id >= 6338394) AND (id <= 6338494))

table 6 : explain SELECT id FROM sbtest6 WHERE id BETWEEN 6338394 AND 6338494
	Index Only Scan using sbtest6_pkey on sbtest6  (cost=0.43..6.37 rows=97 width=4)
	  Index Cond: ((id >= 6338394) AND (id <= 6338494))

table 7 : explain SELECT id FROM sbtest7 WHERE id BETWEEN 6338394 AND 6338494
	Index Only Scan using sbtest7_pkey on sbtest7  (cost=0.43..6.59 rows=108 width=4)
	  Index Cond: ((id >= 6338394) AND (id <= 6338494))

table 8 : explain SELECT id FROM sbtest8 WHERE id BETWEEN 6338394 AND 6338494
	Index Only Scan using sbtest8_pkey on sbtest8  (cost=0.43..6.35 rows=96 width=4)
	  Index Cond: ((id >= 6338394) AND (id <= 6338494))

explain: for range-covered :: explain SELECT id FROM sbtest%d WHERE id BETWEEN 5037170 AND 5037270
explain: for range-covered :: explain SELECT id FROM sbtest%d WHERE id BETWEEN 6338394 AND 6338494
for range-covered
table 1 : explain SELECT id FROM sbtest1 WHERE id BETWEEN 7371172 AND 7371272
	Index Only Scan using sbtest1_pkey on sbtest1  (cost=0.43..10.46 rows=101 width=4)
	  Index Cond: ((id >= 7371172) AND (id <= 7371272))

table 2 : explain SELECT id FROM sbtest2 WHERE id BETWEEN 7371172 AND 7371272
	Index Only Scan using sbtest2_pkey on sbtest2  (cost=0.43..6.29 rows=93 width=4)
	  Index Cond: ((id >= 7371172) AND (id <= 7371272))

table 3 : explain SELECT id FROM sbtest3 WHERE id BETWEEN 7371172 AND 7371272
	Index Only Scan using sbtest3_pkey on sbtest3  (cost=0.43..6.69 rows=113 width=4)
	  Index Cond: ((id >= 7371172) AND (id <= 7371272))

table 4 : explain SELECT id FROM sbtest4 WHERE id BETWEEN 7371172 AND 7371272
	Index Only Scan using sbtest4_pkey on sbtest4  (cost=0.43..6.51 rows=104 width=4)
	  Index Cond: ((id >= 7371172) AND (id <= 7371272))

table 5 : explain SELECT id FROM sbtest5 WHERE id BETWEEN 7371172 AND 7371272
	Index Only Scan using sbtest5_pkey on sbtest5  (cost=0.43..6.25 rows=91 width=4)
	  Index Cond: ((id >= 7371172) AND (id <= 7371272))

table 6 : explain SELECT id FROM sbtest6 WHERE id BETWEEN 7371172 AND 7371272
	Index Only Scan using sbtest6_pkey on sbtest6  (cost=0.43..6.51 rows=104 width=4)
	  Index Cond: ((id >= 7371172) AND (id <= 7371272))

table 7 : explain SELECT id FROM sbtest7 WHERE id BETWEEN 7371172 AND 7371272
	Index Only Scan using sbtest7_pkey on sbtest7  (cost=0.43..6.25 rows=91 width=4)
	  Index Cond: ((id >= 7371172) AND (id <= 7371272))

table 8 : explain SELECT id FROM sbtest8 WHERE id BETWEEN 7371172 AND 7371272
	Index Only Scan using sbtest8_pkey on sbtest8  (cost=0.43..6.58 rows=107 width=4)
	  Index Cond: ((id >= 7371172) AND (id <= 7371272))

for range-covered
table 1 : explain SELECT id FROM sbtest1 WHERE id BETWEEN 4125631 AND 4125731
	Index Only Scan using sbtest1_pkey on sbtest1  (cost=0.43..10.42 rows=99 width=4)
	  Index Cond: ((id >= 4125631) AND (id <= 4125731))

table 2 : explain SELECT id FROM sbtest2 WHERE id BETWEEN 4125631 AND 4125731
	Index Only Scan using sbtest2_pkey on sbtest2  (cost=0.43..6.56 rows=106 width=4)
	  Index Cond: ((id >= 4125631) AND (id <= 4125731))

table 3 : explain SELECT id FROM sbtest3 WHERE id BETWEEN 4125631 AND 4125731
	Index Only Scan using sbtest3_pkey on sbtest3  (cost=0.43..6.47 rows=102 width=4)
	  Index Cond: ((id >= 4125631) AND (id <= 4125731))

table 4 : explain SELECT id FROM sbtest4 WHERE id BETWEEN 4125631 AND 4125731
	Index Only Scan using sbtest4_pkey on sbtest4  (cost=0.43..6.56 rows=106 width=4)
	  Index Cond: ((id >= 4125631) AND (id <= 4125731))

table 5 : explain SELECT id FROM sbtest5 WHERE id BETWEEN 4125631 AND 4125731
	Index Only Scan using sbtest5_pkey on sbtest5  (cost=0.43..6.50 rows=103 width=4)
	  Index Cond: ((id >= 4125631) AND (id <= 4125731))

table 6 : explain SELECT id FROM sbtest6 WHERE id BETWEEN 4125631 AND 4125731
	Index Only Scan using sbtest6_pkey on sbtest6  (cost=0.43..6.42 rows=99 width=4)
	  Index Cond: ((id >= 4125631) AND (id <= 4125731))

table 7 : explain SELECT id FROM sbtest7 WHERE id BETWEEN 4125631 AND 4125731
	Index Only Scan using sbtest7_pkey on sbtest7  (cost=0.43..6.50 rows=103 width=4)
	  Index Cond: ((id >= 4125631) AND (id <= 4125731))

table 8 : explain SELECT id FROM sbtest8 WHERE id BETWEEN 4125631 AND 4125731
	Index Only Scan using sbtest8_pkey on sbtest8  (cost=0.43..6.53 rows=105 width=4)
	  Index Cond: ((id >= 4125631) AND (id <= 4125731))

explain: for range-covered :: explain SELECT id FROM sbtest%d WHERE id BETWEEN 7371172 AND 7371272
for range-covered
table 1 : explain SELECT id FROM sbtest1 WHERE id BETWEEN 7371172 AND 7371272
	Index Only Scan using sbtest1_pkey on sbtest1  (cost=0.43..10.46 rows=101 width=4)
	  Index Cond: ((id >= 7371172) AND (id <= 7371272))

table 2 : explain SELECT id FROM sbtest2 WHERE id BETWEEN 7371172 AND 7371272
	Index Only Scan using sbtest2_pkey on sbtest2  (cost=0.43..6.29 rows=93 width=4)
	  Index Cond: ((id >= 7371172) AND (id <= 7371272))

table 3 : explain SELECT id FROM sbtest3 WHERE id BETWEEN 7371172 AND 7371272
	Index Only Scan using sbtest3_pkey on sbtest3  (cost=0.43..6.69 rows=113 width=4)
	  Index Cond: ((id >= 7371172) AND (id <= 7371272))

table 4 : explain SELECT id FROM sbtest4 WHERE id BETWEEN 7371172 AND 7371272
	Index Only Scan using sbtest4_pkey on sbtest4  (cost=0.43..6.51 rows=104 width=4)
	  Index Cond: ((id >= 7371172) AND (id <= 7371272))

table 5 : explain SELECT id FROM sbtest5 WHERE id BETWEEN 7371172 AND 7371272
	Index Only Scan using sbtest5_pkey on sbtest5  (cost=0.43..6.25 rows=91 width=4)
	  Index Cond: ((id >= 7371172) AND (id <= 7371272))

table 6 : explain SELECT id FROM sbtest6 WHERE id BETWEEN 7371172 AND 7371272
	Index Only Scan using sbtest6_pkey on sbtest6  (cost=0.43..6.51 rows=104 width=4)
	  Index Cond: ((id >= 7371172) AND (id <= 7371272))

table 7 : explain SELECT id FROM sbtest7 WHERE id BETWEEN 7371172 AND 7371272
	Index Only Scan using sbtest7_pkey on sbtest7  (cost=0.43..6.25 rows=91 width=4)
	  Index Cond: ((id >= 7371172) AND (id <= 7371272))

table 8 : explain SELECT id FROM sbtest8 WHERE id BETWEEN 7371172 AND 7371272
	Index Only Scan using sbtest8_pkey on sbtest8  (cost=0.43..6.58 rows=107 width=4)
	  Index Cond: ((id >= 7371172) AND (id <= 7371272))

explain: for range-covered :: explain SELECT id FROM sbtest%d WHERE id BETWEEN 7371172 AND 7371272
for range-covered
table 1 : explain SELECT id FROM sbtest1 WHERE id BETWEEN 5037170 AND 5037270
	Index Only Scan using sbtest1_pkey on sbtest1  (cost=0.43..10.62 rows=109 width=4)
	  Index Cond: ((id >= 5037170) AND (id <= 5037270))

table 2 : explain SELECT id FROM sbtest2 WHERE id BETWEEN 5037170 AND 5037270
	Index Only Scan using sbtest2_pkey on sbtest2  (cost=0.43..6.47 rows=102 width=4)
	  Index Cond: ((id >= 5037170) AND (id <= 5037270))

table 3 : explain SELECT id FROM sbtest3 WHERE id BETWEEN 5037170 AND 5037270
	Index Only Scan using sbtest3_pkey on sbtest3  (cost=0.43..6.50 rows=103 width=4)
	  Index Cond: ((id >= 5037170) AND (id <= 5037270))

table 4 : explain SELECT id FROM sbtest4 WHERE id BETWEEN 5037170 AND 5037270
	Index Only Scan using sbtest4_pkey on sbtest4  (cost=0.43..6.33 rows=95 width=4)
	  Index Cond: ((id >= 5037170) AND (id <= 5037270))

table 5 : explain SELECT id FROM sbtest5 WHERE id BETWEEN 5037170 AND 5037270
	Index Only Scan using sbtest5_pkey on sbtest5  (cost=0.43..6.58 rows=107 width=4)
	  Index Cond: ((id >= 5037170) AND (id <= 5037270))

table 6 : explain SELECT id FROM sbtest6 WHERE id BETWEEN 5037170 AND 5037270
	Index Only Scan using sbtest6_pkey on sbtest6  (cost=0.43..6.37 rows=97 width=4)
	  Index Cond: ((id >= 5037170) AND (id <= 5037270))

table 7 : explain SELECT id FROM sbtest7 WHERE id BETWEEN 5037170 AND 5037270
	Index Only Scan using sbtest7_pkey on sbtest7  (cost=0.43..6.40 rows=98 width=4)
	  Index Cond: ((id >= 5037170) AND (id <= 5037270))

table 8 : explain SELECT id FROM sbtest8 WHERE id BETWEEN 5037170 AND 5037270
	Index Only Scan using sbtest8_pkey on sbtest8  (cost=0.43..6.47 rows=102 width=4)
	  Index Cond: ((id >= 5037170) AND (id <= 5037270))

for range-covered
table 1 : explain SELECT id FROM sbtest1 WHERE id BETWEEN 6338394 AND 6338494
	Index Only Scan using sbtest1_pkey on sbtest1  (cost=0.43..10.46 rows=101 width=4)
	  Index Cond: ((id >= 6338394) AND (id <= 6338494))

table 2 : explain SELECT id FROM sbtest2 WHERE id BETWEEN 6338394 AND 6338494
	Index Only Scan using sbtest2_pkey on sbtest2  (cost=0.43..6.58 rows=107 width=4)
	  Index Cond: ((id >= 6338394) AND (id <= 6338494))

table 3 : explain SELECT id FROM sbtest3 WHERE id BETWEEN 6338394 AND 6338494
	Index Only Scan using sbtest3_pkey on sbtest3  (cost=0.43..6.50 rows=103 width=4)
	  Index Cond: ((id >= 6338394) AND (id <= 6338494))

table 4 : explain SELECT id FROM sbtest4 WHERE id BETWEEN 6338394 AND 6338494
	Index Only Scan using sbtest4_pkey on sbtest4  (cost=0.43..6.45 rows=101 width=4)
	  Index Cond: ((id >= 6338394) AND (id <= 6338494))

table 5 : explain SELECT id FROM sbtest5 WHERE id BETWEEN 6338394 AND 6338494
	Index Only Scan using sbtest5_pkey on sbtest5  (cost=0.43..6.35 rows=96 width=4)
	  Index Cond: ((id >= 6338394) AND (id <= 6338494))

table 6 : explain SELECT id FROM sbtest6 WHERE id BETWEEN 6338394 AND 6338494
	Index Only Scan using sbtest6_pkey on sbtest6  (cost=0.43..6.37 rows=97 width=4)
	  Index Cond: ((id >= 6338394) AND (id <= 6338494))

table 7 : explain SELECT id FROM sbtest7 WHERE id BETWEEN 6338394 AND 6338494
	Index Only Scan using sbtest7_pkey on sbtest7  (cost=0.43..6.59 rows=108 width=4)
	  Index Cond: ((id >= 6338394) AND (id <= 6338494))

table 8 : explain SELECT id FROM sbtest8 WHERE id BETWEEN 6338394 AND 6338494
	Index Only Scan using sbtest8_pkey on sbtest8  (cost=0.43..6.35 rows=96 width=4)
	  Index Cond: ((id >= 6338394) AND (id <= 6338494))

explain: for range-covered :: explain SELECT id FROM sbtest%d WHERE id BETWEEN 5037170 AND 5037270
explain: for range-covered :: explain SELECT id FROM sbtest%d WHERE id BETWEEN 6338394 AND 6338494
for range-covered
table 1 : explain SELECT id FROM sbtest1 WHERE id BETWEEN 7371172 AND 7371272
	Index Only Scan using sbtest1_pkey on sbtest1  (cost=0.43..10.46 rows=101 width=4)
	  Index Cond: ((id >= 7371172) AND (id <= 7371272))

table 2 : explain SELECT id FROM sbtest2 WHERE id BETWEEN 7371172 AND 7371272
	Index Only Scan using sbtest2_pkey on sbtest2  (cost=0.43..6.29 rows=93 width=4)
	  Index Cond: ((id >= 7371172) AND (id <= 7371272))

table 3 : explain SELECT id FROM sbtest3 WHERE id BETWEEN 7371172 AND 7371272
	Index Only Scan using sbtest3_pkey on sbtest3  (cost=0.43..6.69 rows=113 width=4)
	  Index Cond: ((id >= 7371172) AND (id <= 7371272))

table 4 : explain SELECT id FROM sbtest4 WHERE id BETWEEN 7371172 AND 7371272
	Index Only Scan using sbtest4_pkey on sbtest4  (cost=0.43..6.51 rows=104 width=4)
	  Index Cond: ((id >= 7371172) AND (id <= 7371272))

table 5 : explain SELECT id FROM sbtest5 WHERE id BETWEEN 7371172 AND 7371272
	Index Only Scan using sbtest5_pkey on sbtest5  (cost=0.43..6.25 rows=91 width=4)
	  Index Cond: ((id >= 7371172) AND (id <= 7371272))

table 6 : explain SELECT id FROM sbtest6 WHERE id BETWEEN 7371172 AND 7371272
	Index Only Scan using sbtest6_pkey on sbtest6  (cost=0.43..6.51 rows=104 width=4)
	  Index Cond: ((id >= 7371172) AND (id <= 7371272))

table 7 : explain SELECT id FROM sbtest7 WHERE id BETWEEN 7371172 AND 7371272
	Index Only Scan using sbtest7_pkey on sbtest7  (cost=0.43..6.25 rows=91 width=4)
	  Index Cond: ((id >= 7371172) AND (id <= 7371272))

table 8 : explain SELECT id FROM sbtest8 WHERE id BETWEEN 7371172 AND 7371272
	Index Only Scan using sbtest8_pkey on sbtest8  (cost=0.43..6.58 rows=107 width=4)
	  Index Cond: ((id >= 7371172) AND (id <= 7371272))

explain: for range-covered :: explain SELECT id FROM sbtest%d WHERE id BETWEEN 7371172 AND 7371272
for range-covered
table 1 : explain SELECT id FROM sbtest1 WHERE id BETWEEN 7371172 AND 7371272
	Index Only Scan using sbtest1_pkey on sbtest1  (cost=0.43..10.46 rows=101 width=4)
	  Index Cond: ((id >= 7371172) AND (id <= 7371272))

table 2 : explain SELECT id FROM sbtest2 WHERE id BETWEEN 7371172 AND 7371272
	Index Only Scan using sbtest2_pkey on sbtest2  (cost=0.43..6.29 rows=93 width=4)
	  Index Cond: ((id >= 7371172) AND (id <= 7371272))

table 3 : explain SELECT id FROM sbtest3 WHERE id BETWEEN 7371172 AND 7371272
	Index Only Scan using sbtest3_pkey on sbtest3  (cost=0.43..6.69 rows=113 width=4)
	  Index Cond: ((id >= 7371172) AND (id <= 7371272))

table 4 : explain SELECT id FROM sbtest4 WHERE id BETWEEN 7371172 AND 7371272
	Index Only Scan using sbtest4_pkey on sbtest4  (cost=0.43..6.51 rows=104 width=4)
	  Index Cond: ((id >= 7371172) AND (id <= 7371272))

table 5 : explain SELECT id FROM sbtest5 WHERE id BETWEEN 7371172 AND 7371272
	Index Only Scan using sbtest5_pkey on sbtest5  (cost=0.43..6.25 rows=91 width=4)
	  Index Cond: ((id >= 7371172) AND (id <= 7371272))

table 6 : explain SELECT id FROM sbtest6 WHERE id BETWEEN 7371172 AND 7371272
	Index Only Scan using sbtest6_pkey on sbtest6  (cost=0.43..6.51 rows=104 width=4)
	  Index Cond: ((id >= 7371172) AND (id <= 7371272))

table 7 : explain SELECT id FROM sbtest7 WHERE id BETWEEN 7371172 AND 7371272
	Index Only Scan using sbtest7_pkey on sbtest7  (cost=0.43..6.25 rows=91 width=4)
	  Index Cond: ((id >= 7371172) AND (id <= 7371272))

table 8 : explain SELECT id FROM sbtest8 WHERE id BETWEEN 7371172 AND 7371272
	Index Only Scan using sbtest8_pkey on sbtest8  (cost=0.43..6.58 rows=107 width=4)
	  Index Cond: ((id >= 7371172) AND (id <= 7371272))

for range-covered
table 1 : explain SELECT id FROM sbtest1 WHERE id BETWEEN 5037170 AND 5037270
	Index Only Scan using sbtest1_pkey on sbtest1  (cost=0.43..10.62 rows=109 width=4)
	  Index Cond: ((id >= 5037170) AND (id <= 5037270))

table 2 : explain SELECT id FROM sbtest2 WHERE id BETWEEN 5037170 AND 5037270
	Index Only Scan using sbtest2_pkey on sbtest2  (cost=0.43..6.47 rows=102 width=4)
	  Index Cond: ((id >= 5037170) AND (id <= 5037270))

table 3 : explain SELECT id FROM sbtest3 WHERE id BETWEEN 5037170 AND 5037270
	Index Only Scan using sbtest3_pkey on sbtest3  (cost=0.43..6.50 rows=103 width=4)
	  Index Cond: ((id >= 5037170) AND (id <= 5037270))

table 4 : explain SELECT id FROM sbtest4 WHERE id BETWEEN 5037170 AND 5037270
	Index Only Scan using sbtest4_pkey on sbtest4  (cost=0.43..6.33 rows=95 width=4)
	  Index Cond: ((id >= 5037170) AND (id <= 5037270))

table 5 : explain SELECT id FROM sbtest5 WHERE id BETWEEN 5037170 AND 5037270
	Index Only Scan using sbtest5_pkey on sbtest5  (cost=0.43..6.58 rows=107 width=4)
	  Index Cond: ((id >= 5037170) AND (id <= 5037270))

table 6 : explain SELECT id FROM sbtest6 WHERE id BETWEEN 5037170 AND 5037270
	Index Only Scan using sbtest6_pkey on sbtest6  (cost=0.43..6.37 rows=97 width=4)
	  Index Cond: ((id >= 5037170) AND (id <= 5037270))

table 7 : explain SELECT id FROM sbtest7 WHERE id BETWEEN 5037170 AND 5037270
	Index Only Scan using sbtest7_pkey on sbtest7  (cost=0.43..6.40 rows=98 width=4)
	  Index Cond: ((id >= 5037170) AND (id <= 5037270))

table 8 : explain SELECT id FROM sbtest8 WHERE id BETWEEN 5037170 AND 5037270
	Index Only Scan using sbtest8_pkey on sbtest8  (cost=0.43..6.47 rows=102 width=4)
	  Index Cond: ((id >= 5037170) AND (id <= 5037270))

for range-covered
table 1 : explain SELECT id FROM sbtest1 WHERE id BETWEEN 6338394 AND 6338494
	Index Only Scan using sbtest1_pkey on sbtest1  (cost=0.43..10.46 rows=101 width=4)
	  Index Cond: ((id >= 6338394) AND (id <= 6338494))

table 2 : explain SELECT id FROM sbtest2 WHERE id BETWEEN 6338394 AND 6338494
	Index Only Scan using sbtest2_pkey on sbtest2  (cost=0.43..6.58 rows=107 width=4)
	  Index Cond: ((id >= 6338394) AND (id <= 6338494))

table 3 : explain SELECT id FROM sbtest3 WHERE id BETWEEN 6338394 AND 6338494
	Index Only Scan using sbtest3_pkey on sbtest3  (cost=0.43..6.50 rows=103 width=4)
	  Index Cond: ((id >= 6338394) AND (id <= 6338494))

table 4 : explain SELECT id FROM sbtest4 WHERE id BETWEEN 6338394 AND 6338494
	Index Only Scan using sbtest4_pkey on sbtest4  (cost=0.43..6.45 rows=101 width=4)
	  Index Cond: ((id >= 6338394) AND (id <= 6338494))

table 5 : explain SELECT id FROM sbtest5 WHERE id BETWEEN 6338394 AND 6338494
	Index Only Scan using sbtest5_pkey on sbtest5  (cost=0.43..6.35 rows=96 width=4)
	  Index Cond: ((id >= 6338394) AND (id <= 6338494))

table 6 : explain SELECT id FROM sbtest6 WHERE id BETWEEN 6338394 AND 6338494
	Index Only Scan using sbtest6_pkey on sbtest6  (cost=0.43..6.37 rows=97 width=4)
	  Index Cond: ((id >= 6338394) AND (id <= 6338494))

table 7 : explain SELECT id FROM sbtest7 WHERE id BETWEEN 6338394 AND 6338494
	Index Only Scan using sbtest7_pkey on sbtest7  (cost=0.43..6.59 rows=108 width=4)
	  Index Cond: ((id >= 6338394) AND (id <= 6338494))

table 8 : explain SELECT id FROM sbtest8 WHERE id BETWEEN 6338394 AND 6338494
	Index Only Scan using sbtest8_pkey on sbtest8  (cost=0.43..6.35 rows=96 width=4)
	  Index Cond: ((id >= 6338394) AND (id <= 6338494))

explain: for range-covered :: explain SELECT id FROM sbtest%d WHERE id BETWEEN 6338394 AND 6338494
explain: for range-covered :: explain SELECT id FROM sbtest%d WHERE id BETWEEN 5037170 AND 5037270
for range-covered
table 1 : explain SELECT id FROM sbtest1 WHERE id BETWEEN 6338394 AND 6338494
	Index Only Scan using sbtest1_pkey on sbtest1  (cost=0.43..10.46 rows=101 width=4)
	  Index Cond: ((id >= 6338394) AND (id <= 6338494))

table 2 : explain SELECT id FROM sbtest2 WHERE id BETWEEN 6338394 AND 6338494
	Index Only Scan using sbtest2_pkey on sbtest2  (cost=0.43..6.58 rows=107 width=4)
	  Index Cond: ((id >= 6338394) AND (id <= 6338494))

table 3 : explain SELECT id FROM sbtest3 WHERE id BETWEEN 6338394 AND 6338494
	Index Only Scan using sbtest3_pkey on sbtest3  (cost=0.43..6.50 rows=103 width=4)
	  Index Cond: ((id >= 6338394) AND (id <= 6338494))

table 4 : explain SELECT id FROM sbtest4 WHERE id BETWEEN 6338394 AND 6338494
	Index Only Scan using sbtest4_pkey on sbtest4  (cost=0.43..6.45 rows=101 width=4)
	  Index Cond: ((id >= 6338394) AND (id <= 6338494))

table 5 : explain SELECT id FROM sbtest5 WHERE id BETWEEN 6338394 AND 6338494
	Index Only Scan using sbtest5_pkey on sbtest5  (cost=0.43..6.35 rows=96 width=4)
	  Index Cond: ((id >= 6338394) AND (id <= 6338494))

table 6 : explain SELECT id FROM sbtest6 WHERE id BETWEEN 6338394 AND 6338494
	Index Only Scan using sbtest6_pkey on sbtest6  (cost=0.43..6.37 rows=97 width=4)
	  Index Cond: ((id >= 6338394) AND (id <= 6338494))

table 7 : explain SELECT id FROM sbtest7 WHERE id BETWEEN 6338394 AND 6338494
	Index Only Scan using sbtest7_pkey on sbtest7  (cost=0.43..6.59 rows=108 width=4)
	  Index Cond: ((id >= 6338394) AND (id <= 6338494))

table 8 : explain SELECT id FROM sbtest8 WHERE id BETWEEN 6338394 AND 6338494
	Index Only Scan using sbtest8_pkey on sbtest8  (cost=0.43..6.35 rows=96 width=4)
	  Index Cond: ((id >= 6338394) AND (id <= 6338494))

for range-covered
table 1 : explain SELECT id FROM sbtest1 WHERE id BETWEEN 5037170 AND 5037270
	Index Only Scan using sbtest1_pkey on sbtest1  (cost=0.43..10.62 rows=109 width=4)
	  Index Cond: ((id >= 5037170) AND (id <= 5037270))

table 2 : explain SELECT id FROM sbtest2 WHERE id BETWEEN 5037170 AND 5037270
	Index Only Scan using sbtest2_pkey on sbtest2  (cost=0.43..6.47 rows=102 width=4)
	  Index Cond: ((id >= 5037170) AND (id <= 5037270))

table 3 : explain SELECT id FROM sbtest3 WHERE id BETWEEN 5037170 AND 5037270
	Index Only Scan using sbtest3_pkey on sbtest3  (cost=0.43..6.50 rows=103 width=4)
	  Index Cond: ((id >= 5037170) AND (id <= 5037270))

table 4 : explain SELECT id FROM sbtest4 WHERE id BETWEEN 5037170 AND 5037270
	Index Only Scan using sbtest4_pkey on sbtest4  (cost=0.43..6.33 rows=95 width=4)
	  Index Cond: ((id >= 5037170) AND (id <= 5037270))

table 5 : explain SELECT id FROM sbtest5 WHERE id BETWEEN 5037170 AND 5037270
	Index Only Scan using sbtest5_pkey on sbtest5  (cost=0.43..6.58 rows=107 width=4)
	  Index Cond: ((id >= 5037170) AND (id <= 5037270))

table 6 : explain SELECT id FROM sbtest6 WHERE id BETWEEN 5037170 AND 5037270
	Index Only Scan using sbtest6_pkey on sbtest6  (cost=0.43..6.37 rows=97 width=4)
	  Index Cond: ((id >= 5037170) AND (id <= 5037270))

table 7 : explain SELECT id FROM sbtest7 WHERE id BETWEEN 5037170 AND 5037270
	Index Only Scan using sbtest7_pkey on sbtest7  (cost=0.43..6.40 rows=98 width=4)
	  Index Cond: ((id >= 5037170) AND (id <= 5037270))

table 8 : explain SELECT id FROM sbtest8 WHERE id BETWEEN 5037170 AND 5037270
	Index Only Scan using sbtest8_pkey on sbtest8  (cost=0.43..6.47 rows=102 width=4)
	  Index Cond: ((id >= 5037170) AND (id <= 5037270))

explain: for range-covered :: explain SELECT id FROM sbtest%d WHERE id BETWEEN 6338394 AND 6338494
explain: for range-covered :: explain SELECT id FROM sbtest%d WHERE id BETWEEN 5037170 AND 5037270
for range-covered
table 1 : explain SELECT id FROM sbtest1 WHERE id BETWEEN 6338394 AND 6338494
	Index Only Scan using sbtest1_pkey on sbtest1  (cost=0.43..10.46 rows=101 width=4)
	  Index Cond: ((id >= 6338394) AND (id <= 6338494))

table 2 : explain SELECT id FROM sbtest2 WHERE id BETWEEN 6338394 AND 6338494
	Index Only Scan using sbtest2_pkey on sbtest2  (cost=0.43..6.58 rows=107 width=4)
	  Index Cond: ((id >= 6338394) AND (id <= 6338494))

table 3 : explain SELECT id FROM sbtest3 WHERE id BETWEEN 6338394 AND 6338494
	Index Only Scan using sbtest3_pkey on sbtest3  (cost=0.43..6.50 rows=103 width=4)
	  Index Cond: ((id >= 6338394) AND (id <= 6338494))

table 4 : explain SELECT id FROM sbtest4 WHERE id BETWEEN 6338394 AND 6338494
	Index Only Scan using sbtest4_pkey on sbtest4  (cost=0.43..6.45 rows=101 width=4)
	  Index Cond: ((id >= 6338394) AND (id <= 6338494))

table 5 : explain SELECT id FROM sbtest5 WHERE id BETWEEN 6338394 AND 6338494
	Index Only Scan using sbtest5_pkey on sbtest5  (cost=0.43..6.35 rows=96 width=4)
	  Index Cond: ((id >= 6338394) AND (id <= 6338494))

table 6 : explain SELECT id FROM sbtest6 WHERE id BETWEEN 6338394 AND 6338494
	Index Only Scan using sbtest6_pkey on sbtest6  (cost=0.43..6.37 rows=97 width=4)
	  Index Cond: ((id >= 6338394) AND (id <= 6338494))

table 7 : explain SELECT id FROM sbtest7 WHERE id BETWEEN 6338394 AND 6338494
	Index Only Scan using sbtest7_pkey on sbtest7  (cost=0.43..6.59 rows=108 width=4)
	  Index Cond: ((id >= 6338394) AND (id <= 6338494))

table 8 : explain SELECT id FROM sbtest8 WHERE id BETWEEN 6338394 AND 6338494
	Index Only Scan using sbtest8_pkey on sbtest8  (cost=0.43..6.35 rows=96 width=4)
	  Index Cond: ((id >= 6338394) AND (id <= 6338494))

for range-covered
table 1 : explain SELECT id FROM sbtest1 WHERE id BETWEEN 5037170 AND 5037270
	Index Only Scan using sbtest1_pkey on sbtest1  (cost=0.43..10.62 rows=109 width=4)
	  Index Cond: ((id >= 5037170) AND (id <= 5037270))

table 2 : explain SELECT id FROM sbtest2 WHERE id BETWEEN 5037170 AND 5037270
	Index Only Scan using sbtest2_pkey on sbtest2  (cost=0.43..6.47 rows=102 width=4)
	  Index Cond: ((id >= 5037170) AND (id <= 5037270))

table 3 : explain SELECT id FROM sbtest3 WHERE id BETWEEN 5037170 AND 5037270
	Index Only Scan using sbtest3_pkey on sbtest3  (cost=0.43..6.50 rows=103 width=4)
	  Index Cond: ((id >= 5037170) AND (id <= 5037270))

table 4 : explain SELECT id FROM sbtest4 WHERE id BETWEEN 5037170 AND 5037270
	Index Only Scan using sbtest4_pkey on sbtest4  (cost=0.43..6.33 rows=95 width=4)
	  Index Cond: ((id >= 5037170) AND (id <= 5037270))

table 5 : explain SELECT id FROM sbtest5 WHERE id BETWEEN 5037170 AND 5037270
	Index Only Scan using sbtest5_pkey on sbtest5  (cost=0.43..6.58 rows=107 width=4)
	  Index Cond: ((id >= 5037170) AND (id <= 5037270))

table 6 : explain SELECT id FROM sbtest6 WHERE id BETWEEN 5037170 AND 5037270
	Index Only Scan using sbtest6_pkey on sbtest6  (cost=0.43..6.37 rows=97 width=4)
	  Index Cond: ((id >= 5037170) AND (id <= 5037270))

table 7 : explain SELECT id FROM sbtest7 WHERE id BETWEEN 5037170 AND 5037270
	Index Only Scan using sbtest7_pkey on sbtest7  (cost=0.43..6.40 rows=98 width=4)
	  Index Cond: ((id >= 5037170) AND (id <= 5037270))

table 8 : explain SELECT id FROM sbtest8 WHERE id BETWEEN 5037170 AND 5037270
	Index Only Scan using sbtest8_pkey on sbtest8  (cost=0.43..6.47 rows=102 width=4)
	  Index Cond: ((id >= 5037170) AND (id <= 5037270))

explain: for range-covered :: explain SELECT id FROM sbtest%d WHERE id BETWEEN 6338394 AND 6338494
explain: for range-covered :: explain SELECT id FROM sbtest%d WHERE id BETWEEN 5037170 AND 5037270
for range-covered
table 1 : explain SELECT id FROM sbtest1 WHERE id BETWEEN 5037170 AND 5037270
	Index Only Scan using sbtest1_pkey on sbtest1  (cost=0.43..10.62 rows=109 width=4)
	  Index Cond: ((id >= 5037170) AND (id <= 5037270))

table 2 : explain SELECT id FROM sbtest2 WHERE id BETWEEN 5037170 AND 5037270
	Index Only Scan using sbtest2_pkey on sbtest2  (cost=0.43..6.47 rows=102 width=4)
	  Index Cond: ((id >= 5037170) AND (id <= 5037270))

table 3 : explain SELECT id FROM sbtest3 WHERE id BETWEEN 5037170 AND 5037270
	Index Only Scan using sbtest3_pkey on sbtest3  (cost=0.43..6.50 rows=103 width=4)
	  Index Cond: ((id >= 5037170) AND (id <= 5037270))

table 4 : explain SELECT id FROM sbtest4 WHERE id BETWEEN 5037170 AND 5037270
	Index Only Scan using sbtest4_pkey on sbtest4  (cost=0.43..6.33 rows=95 width=4)
	  Index Cond: ((id >= 5037170) AND (id <= 5037270))

table 5 : explain SELECT id FROM sbtest5 WHERE id BETWEEN 5037170 AND 5037270
	Index Only Scan using sbtest5_pkey on sbtest5  (cost=0.43..6.58 rows=107 width=4)
	  Index Cond: ((id >= 5037170) AND (id <= 5037270))

table 6 : explain SELECT id FROM sbtest6 WHERE id BETWEEN 5037170 AND 5037270
	Index Only Scan using sbtest6_pkey on sbtest6  (cost=0.43..6.37 rows=97 width=4)
	  Index Cond: ((id >= 5037170) AND (id <= 5037270))

table 7 : explain SELECT id FROM sbtest7 WHERE id BETWEEN 5037170 AND 5037270
	Index Only Scan using sbtest7_pkey on sbtest7  (cost=0.43..6.40 rows=98 width=4)
	  Index Cond: ((id >= 5037170) AND (id <= 5037270))

table 8 : explain SELECT id FROM sbtest8 WHERE id BETWEEN 5037170 AND 5037270
	Index Only Scan using sbtest8_pkey on sbtest8  (cost=0.43..6.47 rows=102 width=4)
	  Index Cond: ((id >= 5037170) AND (id <= 5037270))

for range-covered
table 1 : explain SELECT id FROM sbtest1 WHERE id BETWEEN 6338394 AND 6338494
	Index Only Scan using sbtest1_pkey on sbtest1  (cost=0.43..10.46 rows=101 width=4)
	  Index Cond: ((id >= 6338394) AND (id <= 6338494))

table 2 : explain SELECT id FROM sbtest2 WHERE id BETWEEN 6338394 AND 6338494
	Index Only Scan using sbtest2_pkey on sbtest2  (cost=0.43..6.58 rows=107 width=4)
	  Index Cond: ((id >= 6338394) AND (id <= 6338494))

table 3 : explain SELECT id FROM sbtest3 WHERE id BETWEEN 6338394 AND 6338494
	Index Only Scan using sbtest3_pkey on sbtest3  (cost=0.43..6.50 rows=103 width=4)
	  Index Cond: ((id >= 6338394) AND (id <= 6338494))

table 4 : explain SELECT id FROM sbtest4 WHERE id BETWEEN 6338394 AND 6338494
	Index Only Scan using sbtest4_pkey on sbtest4  (cost=0.43..6.45 rows=101 width=4)
	  Index Cond: ((id >= 6338394) AND (id <= 6338494))

table 5 : explain SELECT id FROM sbtest5 WHERE id BETWEEN 6338394 AND 6338494
	Index Only Scan using sbtest5_pkey on sbtest5  (cost=0.43..6.35 rows=96 width=4)
	  Index Cond: ((id >= 6338394) AND (id <= 6338494))

table 6 : explain SELECT id FROM sbtest6 WHERE id BETWEEN 6338394 AND 6338494
	Index Only Scan using sbtest6_pkey on sbtest6  (cost=0.43..6.37 rows=97 width=4)
	  Index Cond: ((id >= 6338394) AND (id <= 6338494))

table 7 : explain SELECT id FROM sbtest7 WHERE id BETWEEN 6338394 AND 6338494
	Index Only Scan using sbtest7_pkey on sbtest7  (cost=0.43..6.59 rows=108 width=4)
	  Index Cond: ((id >= 6338394) AND (id <= 6338494))

table 8 : explain SELECT id FROM sbtest8 WHERE id BETWEEN 6338394 AND 6338494
	Index Only Scan using sbtest8_pkey on sbtest8  (cost=0.43..6.35 rows=96 width=4)
	  Index Cond: ((id >= 6338394) AND (id <= 6338494))

Threads started!

Warming up for 5 seconds...

SQL statistics:
    queries performed:
        read:                            259539466
        write:                           0
        other:                           0
        total:                           259539466
    transactions:                        259539466 (411963.31 per sec.)
    queries:                             259539466 (411963.31 per sec.)
    ignored errors:                      0      (0.00 per sec.)
    reconnects:                          0      (0.00 per sec.)

Throughput:
    events/s (eps):                      411963.3061
    time elapsed:                        630.0064s
    total number of events:              259539466

Latency (ms):
         min:                                    0.06
         avg:                                    0.10
         max:                                    8.28
         95th percentile:                        0.11
         sum:                             25118668.57

Threads fairness:
    events (avg/stddev):           6488480.0000/40859.09
    execution time (avg/stddev):   627.9667/0.06

