LUA_PATH=/home/mdcallag/git/mytools/bench/sysbench.lua/lua/?.lua /home/mdcallag/git/mytools/bench/sysbench.lua/lua/sysbench --db-driver=pgsql --range-size=1000 --table-size=10000000 --tables=8 --threads=40 --events=0 --warmup-time=5 --time=630 --pgsql_conn_id=true /home/mdcallag/git/mytools/bench/sysbench.lua/lua/oltp_read_only.lua run --pgsql-user=root --pgsql-password=pw --pgsql-host=127.0.0.1 --pgsql-db=ib --rand-type=uniform --simple-ranges=0 --sum-ranges=0 --order-ranges=1 --distinct-ranges=0
48 CPUs
sysbench 1.1.0-9072687 (using bundled LuaJIT 2.1.0-beta3)

Running the test with following options:
Number of threads: 40
Warmup time: 5s
Initializing random number generator from current time


Initializing worker threads...

explain: for point_selects :: explain SELECT c FROM sbtest%u WHERE id=%u
explain: for point_selects :: explain SELECT c FROM sbtest%u WHERE id=%u
explain: for point_selects :: explain SELECT c FROM sbtest%u WHERE id=%u
explain: for point_selects :: explain SELECT c FROM sbtest%u WHERE id=%u
explain: for point_selects :: explain SELECT c FROM sbtest%u WHERE id=%u
for point_selects
table 1 : explain SELECT c FROM sbtest1 WHERE id=9969225
	Index Scan using sbtest1_pkey on sbtest1  (cost=0.43..8.45 rows=1 width=121)
	  Index Cond: (id = 9969225)

table 2 : explain SELECT c FROM sbtest2 WHERE id=9508003
	Index Scan using sbtest2_pkey on sbtest2  (cost=0.43..8.45 rows=1 width=121)
	  Index Cond: (id = 9508003)

table 3 : explain SELECT c FROM sbtest3 WHERE id=4829209
	Index Scan using sbtest3_pkey on sbtest3  (cost=0.43..8.45 rows=1 width=121)
	  Index Cond: (id = 4829209)

table 4 : explain SELECT c FROM sbtest4 WHERE id=8138680
	Index Scan using sbtest4_pkey on sbtest4  (cost=0.43..8.45 rows=1 width=121)
	  Index Cond: (id = 8138680)

table 5 : explain SELECT c FROM sbtest5 WHERE id=1572703
	Index Scan using sbtest5_pkey on sbtest5  (cost=0.43..8.45 rows=1 width=121)
	  Index Cond: (id = 1572703)

table 6 : explain SELECT c FROM sbtest6 WHERE id=722296
	Index Scan using sbtest6_pkey on sbtest6  (cost=0.43..8.45 rows=1 width=121)
	  Index Cond: (id = 722296)

table 7 : explain SELECT c FROM sbtest7 WHERE id=4997941
	Index Scan using sbtest7_pkey on sbtest7  (cost=0.43..8.45 rows=1 width=121)
	  Index Cond: (id = 4997941)

table 8 : explain SELECT c FROM sbtest8 WHERE id=6143407
	Index Scan using sbtest8_pkey on sbtest8  (cost=0.43..8.45 rows=1 width=121)
	  Index Cond: (id = 6143407)

for point_selects
table 1 : explain SELECT c FROM sbtest1 WHERE id=475155
	Index Scan using sbtest1_pkey on sbtest1  (cost=0.43..8.45 rows=1 width=121)
	  Index Cond: (id = 475155)

table 2 : explain SELECT c FROM sbtest2 WHERE id=7334210
	Index Scan using sbtest2_pkey on sbtest2  (cost=0.43..8.45 rows=1 width=121)
	  Index Cond: (id = 7334210)

table 3 : explain SELECT c FROM sbtest3 WHERE id=1000822
	Index Scan using sbtest3_pkey on sbtest3  (cost=0.43..8.45 rows=1 width=121)
	  Index Cond: (id = 1000822)

table 4 : explain SELECT c FROM sbtest4 WHERE id=2733061
	Index Scan using sbtest4_pkey on sbtest4  (cost=0.43..8.45 rows=1 width=121)
	  Index Cond: (id = 2733061)

table 5 : explain SELECT c FROM sbtest5 WHERE id=3960026
	Index Scan using sbtest5_pkey on sbtest5  (cost=0.43..8.45 rows=1 width=121)
	  Index Cond: (id = 3960026)

table 6 : explain SELECT c FROM sbtest6 WHERE id=3824438
	Index Scan using sbtest6_pkey on sbtest6  (cost=0.43..8.45 rows=1 width=121)
	  Index Cond: (id = 3824438)

table 7 : explain SELECT c FROM sbtest7 WHERE id=5589374
	Index Scan using sbtest7_pkey on sbtest7  (cost=0.43..8.45 rows=1 width=121)
	  Index Cond: (id = 5589374)

table 8 : explain SELECT c FROM sbtest8 WHERE id=701702
	Index Scan using sbtest8_pkey on sbtest8  (cost=0.43..8.45 rows=1 width=121)
	  Index Cond: (id = 701702)

explain: for point_selects :: explain SELECT c FROM sbtest%u WHERE id=%u
for: simple_ranges
table 1 : explain SELECT c FROM sbtest1 WHERE id BETWEEN 6254735 AND 6255734
	Bitmap Heap Scan on sbtest1  (cost=22.65..3849.23 rows=997 width=121)
	  Recheck Cond: ((id >= 6254735) AND (id <= 6255734))
	  ->  Bitmap Index Scan on sbtest1_pkey  (cost=0.00..22.40 rows=997 width=0)
	        Index Cond: ((id >= 6254735) AND (id <= 6255734))

table 2 : explain SELECT c FROM sbtest2 WHERE id BETWEEN 8133947 AND 8134946
	Bitmap Heap Scan on sbtest2  (cost=27.85..4288.92 rows=1114 width=121)
	  Recheck Cond: ((id >= 8133947) AND (id <= 8134946))
	  ->  Bitmap Index Scan on sbtest2_pkey  (cost=0.00..27.57 rows=1114 width=0)
	        Index Cond: ((id >= 8133947) AND (id <= 8134946))

table 3 : explain SELECT c FROM sbtest3 WHERE id BETWEEN 7526903 AND 7527902
	Bitmap Heap Scan on sbtest3  (cost=23.09..4010.85 rows=1040 width=121)
	  Recheck Cond: ((id >= 7526903) AND (id <= 7527902))
	  ->  Bitmap Index Scan on sbtest3_pkey  (cost=0.00..22.83 rows=1040 width=0)
	        Index Cond: ((id >= 7526903) AND (id <= 7527902))

table 4 : explain SELECT c FROM sbtest4 WHERE id BETWEEN 2634782 AND 2635781
	Bitmap Heap Scan on sbtest4  (cost=22.76..3886.68 rows=1007 width=121)
	  Recheck Cond: ((id >= 2634782) AND (id <= 2635781))
	  ->  Bitmap Index Scan on sbtest4_pkey  (cost=0.00..22.50 rows=1007 width=0)
	        Index Cond: ((id >= 2634782) AND (id <= 2635781))

table 5 : explain SELECT c FROM sbtest5 WHERE id BETWEEN 1205800 AND 1206799
	Bitmap Heap Scan on sbtest5  (cost=22.24..3699.58 rows=957 width=121)
	  Recheck Cond: ((id >= 1205800) AND (id <= 1206799))
	  ->  Bitmap Index Scan on sbtest5_pkey  (cost=0.00..22.00 rows=957 width=0)
	        Index Cond: ((id >= 1205800) AND (id <= 1206799))

table 6 : explain SELECT c FROM sbtest6 WHERE id BETWEEN 5025166 AND 5026165
	Bitmap Heap Scan on sbtest6  (cost=22.32..3725.12 rows=964 width=121)
	  Recheck Cond: ((id >= 5025166) AND (id <= 5026165))
	  ->  Bitmap Index Scan on sbtest6_pkey  (cost=0.00..22.07 rows=964 width=0)
	        Index Cond: ((id >= 5025166) AND (id <= 5026165))

table 7 : explain SELECT c FROM sbtest7 WHERE id BETWEEN 7893525 AND 7894524
	Bitmap Heap Scan on sbtest7  (cost=23.29..4083.95 rows=1059 width=121)
	  Recheck Cond: ((id >= 7893525) AND (id <= 7894524))
	  ->  Bitmap Index Scan on sbtest7_pkey  (cost=0.00..23.02 rows=1059 width=0)
	        Index Cond: ((id >= 7893525) AND (id <= 7894524))

table 8 : explain SELECT c FROM sbtest8 WHERE id BETWEEN 1486533 AND 1487532
	Bitmap Heap Scan on sbtest8  (cost=27.47..4155.47 rows=1077 width=121)
	  Recheck Cond: ((id >= 1486533) AND (id <= 1487532))
	  ->  Bitmap Index Scan on sbtest8_pkey  (cost=0.00..27.20 rows=1077 width=0)
	        Index Cond: ((id >= 1486533) AND (id <= 1487532))

for: simple_ranges
table 1 : explain SELECT c FROM sbtest1 WHERE id BETWEEN 6319185 AND 6320184
	Bitmap Heap Scan on sbtest1  (cost=22.66..3852.99 rows=998 width=121)
	  Recheck Cond: ((id >= 6319185) AND (id <= 6320184))
	  ->  Bitmap Index Scan on sbtest1_pkey  (cost=0.00..22.41 rows=998 width=0)
	        Index Cond: ((id >= 6319185) AND (id <= 6320184))

table 2 : explain SELECT c FROM sbtest2 WHERE id BETWEEN 6457515 AND 6458514
	Bitmap Heap Scan on sbtest2  (cost=21.65..3479.35 rows=899 width=121)
	  Recheck Cond: ((id >= 6457515) AND (id <= 6458514))
	  ->  Bitmap Index Scan on sbtest2_pkey  (cost=0.00..21.43 rows=899 width=0)
	        Index Cond: ((id >= 6457515) AND (id <= 6458514))

table 3 : explain SELECT c FROM sbtest3 WHERE id BETWEEN 1114475 AND 1115474
	Bitmap Heap Scan on sbtest3  (cost=23.52..4164.90 rows=1081 width=121)
	  Recheck Cond: ((id >= 1114475) AND (id <= 1115474))
	  ->  Bitmap Index Scan on sbtest3_pkey  (cost=0.00..23.25 rows=1081 width=0)
	        Index Cond: ((id >= 1114475) AND (id <= 1115474))

table 4 : explain SELECT c FROM sbtest4 WHERE id BETWEEN 2426111 AND 2427110
	Bitmap Heap Scan on sbtest4  (cost=22.44..3769.93 rows=976 width=121)
	  Recheck Cond: ((id >= 2426111) AND (id <= 2427110))
	  ->  Bitmap Index Scan on sbtest4_pkey  (cost=0.00..22.19 rows=976 width=0)
	        Index Cond: ((id >= 2426111) AND (id <= 2427110))

table 5 : explain SELECT c FROM sbtest5 WHERE id BETWEEN 6787958 AND 6788957
	Bitmap Heap Scan on sbtest5  (cost=22.15..3665.63 rows=948 width=121)
	  Recheck Cond: ((id >= 6787958) AND (id <= 6788957))
	  ->  Bitmap Index Scan on sbtest5_pkey  (cost=0.00..21.91 rows=948 width=0)
	        Index Cond: ((id >= 6787958) AND (id <= 6788957))

table 6 : explain SELECT c FROM sbtest6 WHERE id BETWEEN 5236576 AND 5237575
	Bitmap Heap Scan on sbtest6  (cost=22.76..3887.13 rows=1007 width=121)
	  Recheck Cond: ((id >= 5236576) AND (id <= 5237575))
	  ->  Bitmap Index Scan on sbtest6_pkey  (cost=0.00..22.50 rows=1007 width=0)
	        Index Cond: ((id >= 5236576) AND (id <= 5237575))

table 7 : explain SELECT c FROM sbtest7 WHERE id BETWEEN 6122002 AND 6123001
	Bitmap Heap Scan on sbtest7  (cost=22.75..3884.50 rows=1006 width=121)
	  Recheck Cond: ((id >= 6122002) AND (id <= 6123001))
	  ->  Bitmap Index Scan on sbtest7_pkey  (cost=0.00..22.50 rows=1006 width=0)
	        Index Cond: ((id >= 6122002) AND (id <= 6123001))

table 8 : explain SELECT c FROM sbtest8 WHERE id BETWEEN 2751272 AND 2752271
	Bitmap Heap Scan on sbtest8  (cost=22.39..3752.48 rows=971 width=121)
	  Recheck Cond: ((id >= 2751272) AND (id <= 2752271))
	  ->  Bitmap Index Scan on sbtest8_pkey  (cost=0.00..22.14 rows=971 width=0)
	        Index Cond: ((id >= 2751272) AND (id <= 2752271))

explain: for point_selects :: explain SELECT c FROM sbtest%u WHERE id=%u
for point_selects
table 1 : explain SELECT c FROM sbtest1 WHERE id=9783553
	Index Scan using sbtest1_pkey on sbtest1  (cost=0.43..8.45 rows=1 width=121)
	  Index Cond: (id = 9783553)

table 2 : explain SELECT c FROM sbtest2 WHERE id=9844532
	Index Scan using sbtest2_pkey on sbtest2  (cost=0.43..8.45 rows=1 width=121)
	  Index Cond: (id = 9844532)

table 3 : explain SELECT c FROM sbtest3 WHERE id=6634092
	Index Scan using sbtest3_pkey on sbtest3  (cost=0.43..8.45 rows=1 width=121)
	  Index Cond: (id = 6634092)

table 4 : explain SELECT c FROM sbtest4 WHERE id=4654969
	Index Scan using sbtest4_pkey on sbtest4  (cost=0.43..8.45 rows=1 width=121)
	  Index Cond: (id = 4654969)

table 5 : explain SELECT c FROM sbtest5 WHERE id=3656846
	Index Scan using sbtest5_pkey on sbtest5  (cost=0.43..8.45 rows=1 width=121)
	  Index Cond: (id = 3656846)

table 6 : explain SELECT c FROM sbtest6 WHERE id=223375
	Index Scan using sbtest6_pkey on sbtest6  (cost=0.43..8.45 rows=1 width=121)
	  Index Cond: (id = 223375)

table 7 : explain SELECT c FROM sbtest7 WHERE id=1027497
	Index Scan using sbtest7_pkey on sbtest7  (cost=0.43..8.45 rows=1 width=121)
	  Index Cond: (id = 1027497)

table 8 : explain SELECT c FROM sbtest8 WHERE id=8415130
	Index Scan using sbtest8_pkey on sbtest8  (cost=0.43..8.45 rows=1 width=121)
	  Index Cond: (id = 8415130)

explain: for point_selects :: explain SELECT c FROM sbtest%u WHERE id=%u
for point_selects
table 1 : explain SELECT c FROM sbtest1 WHERE id=7707679
	Index Scan using sbtest1_pkey on sbtest1  (cost=0.43..8.45 rows=1 width=121)
	  Index Cond: (id = 7707679)

table 2 : explain SELECT c FROM sbtest2 WHERE id=6498966
	Index Scan using sbtest2_pkey on sbtest2  (cost=0.43..8.45 rows=1 width=121)
	  Index Cond: (id = 6498966)

table 3 : explain SELECT c FROM sbtest3 WHERE id=730231
	Index Scan using sbtest3_pkey on sbtest3  (cost=0.43..8.45 rows=1 width=121)
	  Index Cond: (id = 730231)

table 4 : explain SELECT c FROM sbtest4 WHERE id=2421796
	Index Scan using sbtest4_pkey on sbtest4  (cost=0.43..8.45 rows=1 width=121)
	  Index Cond: (id = 2421796)

table 5 : explain SELECT c FROM sbtest5 WHERE id=1241205
	Index Scan using sbtest5_pkey on sbtest5  (cost=0.43..8.45 rows=1 width=121)
	  Index Cond: (id = 1241205)

table 6 : explain SELECT c FROM sbtest6 WHERE id=8695835
	Index Scan using sbtest6_pkey on sbtest6  (cost=0.43..8.45 rows=1 width=121)
	  Index Cond: (id = 8695835)

table 7 : explain SELECT c FROM sbtest7 WHERE id=6412021
	Index Scan using sbtest7_pkey on sbtest7  (cost=0.43..8.45 rows=1 width=121)
	  Index Cond: (id = 6412021)

table 8 : explain SELECT c FROM sbtest8 WHERE id=5656756
	Index Scan using sbtest8_pkey on sbtest8  (cost=0.43..8.45 rows=1 width=121)
	  Index Cond: (id = 5656756)

for point_selects
table 1 : explain SELECT c FROM sbtest1 WHERE id=9151278
	Index Scan using sbtest1_pkey on sbtest1  (cost=0.43..8.45 rows=1 width=121)
	  Index Cond: (id = 9151278)

table 2 : explain SELECT c FROM sbtest2 WHERE id=9945861
	Index Scan using sbtest2_pkey on sbtest2  (cost=0.43..8.45 rows=1 width=121)
	  Index Cond: (id = 9945861)

table 3 : explain SELECT c FROM sbtest3 WHERE id=2286544
	Index Scan using sbtest3_pkey on sbtest3  (cost=0.43..8.45 rows=1 width=121)
	  Index Cond: (id = 2286544)

table 4 : explain SELECT c FROM sbtest4 WHERE id=287685
	Index Scan using sbtest4_pkey on sbtest4  (cost=0.43..8.45 rows=1 width=121)
	  Index Cond: (id = 287685)

table 5 : explain SELECT c FROM sbtest5 WHERE id=2409786
	Index Scan using sbtest5_pkey on sbtest5  (cost=0.43..8.45 rows=1 width=121)
	  Index Cond: (id = 2409786)

table 6 : explain SELECT c FROM sbtest6 WHERE id=661806
	Index Scan using sbtest6_pkey on sbtest6  (cost=0.43..8.45 rows=1 width=121)
	  Index Cond: (id = 661806)

table 7 : explain SELECT c FROM sbtest7 WHERE id=5838130
	Index Scan using sbtest7_pkey on sbtest7  (cost=0.43..8.45 rows=1 width=121)
	  Index Cond: (id = 5838130)

table 8 : explain SELECT c FROM sbtest8 WHERE id=7653278
	Index Scan using sbtest8_pkey on sbtest8  (cost=0.43..8.45 rows=1 width=121)
	  Index Cond: (id = 7653278)

for point_selects
table 1 : explain SELECT c FROM sbtest1 WHERE id=1530744
	Index Scan using sbtest1_pkey on sbtest1  (cost=0.43..8.45 rows=1 width=121)
	  Index Cond: (id = 1530744)

table 2 : explain SELECT c FROM sbtest2 WHERE id=4681071
	Index Scan using sbtest2_pkey on sbtest2  (cost=0.43..8.45 rows=1 width=121)
	  Index Cond: (id = 4681071)

table 3 : explain SELECT c FROM sbtest3 WHERE id=8617720
	Index Scan using sbtest3_pkey on sbtest3  (cost=0.43..8.45 rows=1 width=121)
	  Index Cond: (id = 8617720)

table 4 : explain SELECT c FROM sbtest4 WHERE id=5037852
	Index Scan using sbtest4_pkey on sbtest4  (cost=0.43..8.45 rows=1 width=121)
	  Index Cond: (id = 5037852)

table 5 : explain SELECT c FROM sbtest5 WHERE id=8645415
	Index Scan using sbtest5_pkey on sbtest5  (cost=0.43..8.45 rows=1 width=121)
	  Index Cond: (id = 8645415)

table 6 : explain SELECT c FROM sbtest6 WHERE id=41783
	Index Scan using sbtest6_pkey on sbtest6  (cost=0.43..8.45 rows=1 width=121)
	  Index Cond: (id = 41783)

table 7 : explain SELECT c FROM sbtest7 WHERE id=5583612
	Index Scan using sbtest7_pkey on sbtest7  (cost=0.43..8.45 rows=1 width=121)
	  Index Cond: (id = 5583612)

table 8 : explain SELECT c FROM sbtest8 WHERE id=1977008
	Index Scan using sbtest8_pkey on sbtest8  (cost=0.43..8.45 rows=1 width=121)
	  Index Cond: (id = 1977008)

explain: for point_selects :: explain SELECT c FROM sbtest%u WHERE id=%u
for: simple_ranges
table 1 : explain SELECT c FROM sbtest1 WHERE id BETWEEN 9814088 AND 9815087
	Bitmap Heap Scan on sbtest1  (cost=28.58..4555.22 rows=1185 width=121)
	  Recheck Cond: ((id >= 9814088) AND (id <= 9815087))
	  ->  Bitmap Index Scan on sbtest1_pkey  (cost=0.00..28.29 rows=1185 width=0)
	        Index Cond: ((id >= 9814088) AND (id <= 9815087))

table 2 : explain SELECT c FROM sbtest2 WHERE id BETWEEN 8806571 AND 8807570
	Bitmap Heap Scan on sbtest2  (cost=27.71..4236.40 rows=1100 width=121)
	  Recheck Cond: ((id >= 8806571) AND (id <= 8807570))
	  ->  Bitmap Index Scan on sbtest2_pkey  (cost=0.00..27.43 rows=1100 width=0)
	        Index Cond: ((id >= 8806571) AND (id <= 8807570))

table 3 : explain SELECT c FROM sbtest3 WHERE id BETWEEN 8131078 AND 8132077
	Bitmap Heap Scan on sbtest3  (cost=23.37..4112.32 rows=1067 width=121)
	  Recheck Cond: ((id >= 8131078) AND (id <= 8132077))
	  ->  Bitmap Index Scan on sbtest3_pkey  (cost=0.00..23.11 rows=1067 width=0)
	        Index Cond: ((id >= 8131078) AND (id <= 8132077))

table 4 : explain SELECT c FROM sbtest4 WHERE id BETWEEN 599876 AND 600875
	Bitmap Heap Scan on sbtest4  (cost=22.02..3615.32 rows=935 width=121)
	  Recheck Cond: ((id >= 599876) AND (id <= 600875))
	  ->  Bitmap Index Scan on sbtest4_pkey  (cost=0.00..21.79 rows=935 width=0)
	        Index Cond: ((id >= 599876) AND (id <= 600875))

table 5 : explain SELECT c FROM sbtest5 WHERE id BETWEEN 4646965 AND 4647964
	Bitmap Heap Scan on sbtest5  (cost=22.47..3782.55 rows=979 width=121)
	  Recheck Cond: ((id >= 4646965) AND (id <= 4647964))
	  ->  Bitmap Index Scan on sbtest5_pkey  (cost=0.00..22.22 rows=979 width=0)
	        Index Cond: ((id >= 4646965) AND (id <= 4647964))

table 6 : explain SELECT c FROM sbtest6 WHERE id BETWEEN 9807678 AND 9808677
	Bitmap Heap Scan on sbtest6  (cost=22.02..3615.73 rows=935 width=121)
	  Recheck Cond: ((id >= 9807678) AND (id <= 9808677))
	  ->  Bitmap Index Scan on sbtest6_pkey  (cost=0.00..21.79 rows=935 width=0)
	        Index Cond: ((id >= 9807678) AND (id <= 9808677))

table 7 : explain SELECT c FROM sbtest7 WHERE id BETWEEN 2616515 AND 2617514
	Bitmap Heap Scan on sbtest7  (cost=22.60..3831.76 rows=992 width=121)
	  Recheck Cond: ((id >= 2616515) AND (id <= 2617514))
	  ->  Bitmap Index Scan on sbtest7_pkey  (cost=0.00..22.36 rows=992 width=0)
	        Index Cond: ((id >= 2616515) AND (id <= 2617514))

table 8 : explain SELECT c FROM sbtest8 WHERE id BETWEEN 8469817 AND 8470816
	Bitmap Heap Scan on sbtest8  (cost=20.99..3238.39 rows=835 width=121)
	  Recheck Cond: ((id >= 8469817) AND (id <= 8470816))
	  ->  Bitmap Index Scan on sbtest8_pkey  (cost=0.00..20.79 rows=835 width=0)
	        Index Cond: ((id >= 8469817) AND (id <= 8470816))

for: sum_ranges
table 1 : explain SELECT SUM(k) FROM sbtest1 WHERE id BETWEEN 1066879 AND 1067878
	Aggregate  (cost=3644.27..3644.28 rows=1 width=8)
	  ->  Bitmap Heap Scan on sbtest1  (cost=22.09..3641.92 rows=942 width=4)
	        Recheck Cond: ((id >= 1066879) AND (id <= 1067878))
	        ->  Bitmap Index Scan on sbtest1_pkey  (cost=0.00..21.86 rows=942 width=0)
	              Index Cond: ((id >= 1066879) AND (id <= 1067878))

table 2 : explain SELECT SUM(k) FROM sbtest2 WHERE id BETWEEN 1125067 AND 1126066
	Aggregate  (cost=3715.75..3715.76 rows=1 width=8)
	  ->  Bitmap Heap Scan on sbtest2  (cost=22.29..3713.35 rows=961 width=4)
	        Recheck Cond: ((id >= 1125067) AND (id <= 1126066))
	        ->  Bitmap Index Scan on sbtest2_pkey  (cost=0.00..22.04 rows=961 width=0)
	              Index Cond: ((id >= 1125067) AND (id <= 1126066))

table 3 : explain SELECT SUM(k) FROM sbtest3 WHERE id BETWEEN 6589222 AND 6590221
	Aggregate  (cost=3806.33..3806.34 rows=1 width=8)
	  ->  Bitmap Heap Scan on sbtest3  (cost=22.53..3803.87 rows=985 width=4)
	        Recheck Cond: ((id >= 6589222) AND (id <= 6590221))
	        ->  Bitmap Index Scan on sbtest3_pkey  (cost=0.00..22.29 rows=985 width=0)
	              Index Cond: ((id >= 6589222) AND (id <= 6590221))

table 4 : explain SELECT SUM(k) FROM sbtest4 WHERE id BETWEEN 1348952 AND 1349951
	Aggregate  (cost=3496.76..3496.77 rows=1 width=8)
	  ->  Bitmap Heap Scan on sbtest4  (cost=21.69..3494.50 rows=903 width=4)
	        Recheck Cond: ((id >= 1348952) AND (id <= 1349951))
	        ->  Bitmap Index Scan on sbtest4_pkey  (cost=0.00..21.46 rows=903 width=0)
	              Index Cond: ((id >= 1348952) AND (id <= 1349951))

table 5 : explain SELECT SUM(k) FROM sbtest5 WHERE id BETWEEN 5816088 AND 5817087
	Aggregate  (cost=3818.94..3818.95 rows=1 width=8)
	  ->  Bitmap Heap Scan on sbtest5  (cost=22.56..3816.47 rows=988 width=4)
	        Recheck Cond: ((id >= 5816088) AND (id <= 5817087))
	        ->  Bitmap Index Scan on sbtest5_pkey  (cost=0.00..22.32 rows=988 width=0)
	              Index Cond: ((id >= 5816088) AND (id <= 5817087))

table 6 : explain SELECT SUM(k) FROM sbtest6 WHERE id BETWEEN 224909 AND 225908
	Aggregate  (cost=3821.81..3821.82 rows=1 width=8)
	  ->  Bitmap Heap Scan on sbtest6  (cost=22.57..3819.34 rows=989 width=4)
	        Recheck Cond: ((id >= 224909) AND (id <= 225908))
	        ->  Bitmap Index Scan on sbtest6_pkey  (cost=0.00..22.32 rows=989 width=0)
	              Index Cond: ((id >= 224909) AND (id <= 225908))

table 7 : explain SELECT SUM(k) FROM sbtest7 WHERE id BETWEEN 7817599 AND 7818598
	Aggregate  (cost=3838.01..3838.02 rows=1 width=8)
	  ->  Bitmap Heap Scan on sbtest7  (cost=22.61..3835.53 rows=993 width=4)
	        Recheck Cond: ((id >= 7817599) AND (id <= 7818598))
	        ->  Bitmap Index Scan on sbtest7_pkey  (cost=0.00..22.36 rows=993 width=0)
	              Index Cond: ((id >= 7817599) AND (id <= 7818598))

table 8 : explain SELECT SUM(k) FROM sbtest8 WHERE id BETWEEN 4669431 AND 4670430
	Aggregate  (cost=4188.24..4188.25 rows=1 width=8)
	  ->  Bitmap Heap Scan on sbtest8  (cost=27.56..4185.53 rows=1085 width=4)
	        Recheck Cond: ((id >= 4669431) AND (id <= 4670430))
	        ->  Bitmap Index Scan on sbtest8_pkey  (cost=0.00..27.29 rows=1085 width=0)
	              Index Cond: ((id >= 4669431) AND (id <= 4670430))

for: simple_ranges
table 1 : explain SELECT c FROM sbtest1 WHERE id BETWEEN 2438930 AND 2439929
	Bitmap Heap Scan on sbtest1  (cost=22.68..3860.53 rows=1000 width=121)
	  Recheck Cond: ((id >= 2438930) AND (id <= 2439929))
	  ->  Bitmap Index Scan on sbtest1_pkey  (cost=0.00..22.43 rows=1000 width=0)
	        Index Cond: ((id >= 2438930) AND (id <= 2439929))

table 2 : explain SELECT c FROM sbtest2 WHERE id BETWEEN 2895224 AND 2896223
	Bitmap Heap Scan on sbtest2  (cost=21.87..3558.67 rows=920 width=121)
	  Recheck Cond: ((id >= 2895224) AND (id <= 2896223))
	  ->  Bitmap Index Scan on sbtest2_pkey  (cost=0.00..21.64 rows=920 width=0)
	        Index Cond: ((id >= 2895224) AND (id <= 2896223))

table 3 : explain SELECT c FROM sbtest3 WHERE id BETWEEN 2269327 AND 2270326
	Bitmap Heap Scan on sbtest3  (cost=22.46..3777.49 rows=978 width=121)
	  Recheck Cond: ((id >= 2269327) AND (id <= 2270326))
	  ->  Bitmap Index Scan on sbtest3_pkey  (cost=0.00..22.21 rows=978 width=0)
	        Index Cond: ((id >= 2269327) AND (id <= 2270326))

table 4 : explain SELECT c FROM sbtest4 WHERE id BETWEEN 31685 AND 32684
	Bitmap Heap Scan on sbtest4  (cost=21.97..3596.45 rows=930 width=121)
	  Recheck Cond: ((id >= 31685) AND (id <= 32684))
	  ->  Bitmap Index Scan on sbtest4_pkey  (cost=0.00..21.73 rows=930 width=0)
	        Index Cond: ((id >= 31685) AND (id <= 32684))

table 5 : explain SELECT c FROM sbtest5 WHERE id BETWEEN 3925801 AND 3926800
	Bitmap Heap Scan on sbtest5  (cost=22.19..3680.72 rows=952 width=121)
	  Recheck Cond: ((id >= 3925801) AND (id <= 3926800))
	  ->  Bitmap Index Scan on sbtest5_pkey  (cost=0.00..21.95 rows=952 width=0)
	        Index Cond: ((id >= 3925801) AND (id <= 3926800))

table 6 : explain SELECT c FROM sbtest6 WHERE id BETWEEN 7409424 AND 7410423
	Bitmap Heap Scan on sbtest6  (cost=22.96..3962.39 rows=1027 width=121)
	  Recheck Cond: ((id >= 7409424) AND (id <= 7410423))
	  ->  Bitmap Index Scan on sbtest6_pkey  (cost=0.00..22.70 rows=1027 width=0)
	        Index Cond: ((id >= 7409424) AND (id <= 7410423))

table 7 : explain SELECT c FROM sbtest7 WHERE id BETWEEN 7904178 AND 7905177
	Bitmap Heap Scan on sbtest7  (cost=23.29..4083.95 rows=1059 width=121)
	  Recheck Cond: ((id >= 7904178) AND (id <= 7905177))
	  ->  Bitmap Index Scan on sbtest7_pkey  (cost=0.00..23.02 rows=1059 width=0)
	        Index Cond: ((id >= 7904178) AND (id <= 7905177))

table 8 : explain SELECT c FROM sbtest8 WHERE id BETWEEN 2832765 AND 2833764
	Bitmap Heap Scan on sbtest8  (cost=22.26..3707.22 rows=959 width=121)
	  Recheck Cond: ((id >= 2832765) AND (id <= 2833764))
	  ->  Bitmap Index Scan on sbtest8_pkey  (cost=0.00..22.02 rows=959 width=0)
	        Index Cond: ((id >= 2832765) AND (id <= 2833764))

for point_selects
table 1 : explain SELECT c FROM sbtest1 WHERE id=6642418
	Index Scan using sbtest1_pkey on sbtest1  (cost=0.43..8.45 rows=1 width=121)
	  Index Cond: (id = 6642418)

table 2 : explain SELECT c FROM sbtest2 WHERE id=7930917
	Index Scan using sbtest2_pkey on sbtest2  (cost=0.43..8.45 rows=1 width=121)
	  Index Cond: (id = 7930917)

table 3 : explain SELECT c FROM sbtest3 WHERE id=8814195
	Index Scan using sbtest3_pkey on sbtest3  (cost=0.43..8.45 rows=1 width=121)
	  Index Cond: (id = 8814195)

table 4 : explain SELECT c FROM sbtest4 WHERE id=4185971
	Index Scan using sbtest4_pkey on sbtest4  (cost=0.43..8.45 rows=1 width=121)
	  Index Cond: (id = 4185971)

table 5 : explain SELECT c FROM sbtest5 WHERE id=7765766
	Index Scan using sbtest5_pkey on sbtest5  (cost=0.43..8.45 rows=1 width=121)
	  Index Cond: (id = 7765766)

table 6 : explain SELECT c FROM sbtest6 WHERE id=6201604
	Index Scan using sbtest6_pkey on sbtest6  (cost=0.43..8.45 rows=1 width=121)
	  Index Cond: (id = 6201604)

table 7 : explain SELECT c FROM sbtest7 WHERE id=9041750
	Index Scan using sbtest7_pkey on sbtest7  (cost=0.43..8.45 rows=1 width=121)
	  Index Cond: (id = 9041750)

table 8 : explain SELECT c FROM sbtest8 WHERE id=6744517
	Index Scan using sbtest8_pkey on sbtest8  (cost=0.43..8.45 rows=1 width=121)
	  Index Cond: (id = 6744517)

explain: for point_selects :: explain SELECT c FROM sbtest%u WHERE id=%u
explain: for point_selects :: explain SELECT c FROM sbtest%u WHERE id=%u
for: simple_ranges
table 1 : explain SELECT c FROM sbtest1 WHERE id BETWEEN 9421854 AND 9422853
	Bitmap Heap Scan on sbtest1  (cost=21.68..3490.90 rows=902 width=121)
	  Recheck Cond: ((id >= 9421854) AND (id <= 9422853))
	  ->  Bitmap Index Scan on sbtest1_pkey  (cost=0.00..21.45 rows=902 width=0)
	        Index Cond: ((id >= 9421854) AND (id <= 9422853))

table 2 : explain SELECT c FROM sbtest2 WHERE id BETWEEN 685879 AND 686878
	Bitmap Heap Scan on sbtest2  (cost=22.55..3811.32 rows=987 width=121)
	  Recheck Cond: ((id >= 685879) AND (id <= 686878))
	  ->  Bitmap Index Scan on sbtest2_pkey  (cost=0.00..22.30 rows=987 width=0)
	        Index Cond: ((id >= 685879) AND (id <= 686878))

table 3 : explain SELECT c FROM sbtest3 WHERE id BETWEEN 6084603 AND 6085602
	Bitmap Heap Scan on sbtest3  (cost=22.84..3916.82 rows=1015 width=121)
	  Recheck Cond: ((id >= 6084603) AND (id <= 6085602))
	  ->  Bitmap Index Scan on sbtest3_pkey  (cost=0.00..22.58 rows=1015 width=0)
	        Index Cond: ((id >= 6084603) AND (id <= 6085602))

table 4 : explain SELECT c FROM sbtest4 WHERE id BETWEEN 9240808 AND 9241807
	Bitmap Heap Scan on sbtest4  (cost=21.97..3596.45 rows=930 width=121)
	  Recheck Cond: ((id >= 9240808) AND (id <= 9241807))
	  ->  Bitmap Index Scan on sbtest4_pkey  (cost=0.00..21.73 rows=930 width=0)
	        Index Cond: ((id >= 9240808) AND (id <= 9241807))

table 5 : explain SELECT c FROM sbtest5 WHERE id BETWEEN 3099275 AND 3100274
	Bitmap Heap Scan on sbtest5  (cost=22.53..3805.17 rows=985 width=121)
	  Recheck Cond: ((id >= 3099275) AND (id <= 3100274))
	  ->  Bitmap Index Scan on sbtest5_pkey  (cost=0.00..22.29 rows=985 width=0)
	        Index Cond: ((id >= 3099275) AND (id <= 3100274))

table 6 : explain SELECT c FROM sbtest6 WHERE id BETWEEN 4034505 AND 4035504
	Bitmap Heap Scan on sbtest6  (cost=22.51..3796.74 rows=983 width=121)
	  Recheck Cond: ((id >= 4034505) AND (id <= 4035504))
	  ->  Bitmap Index Scan on sbtest6_pkey  (cost=0.00..22.26 rows=983 width=0)
	        Index Cond: ((id >= 4034505) AND (id <= 4035504))

table 7 : explain SELECT c FROM sbtest7 WHERE id BETWEEN 1467135 AND 1468134
	Bitmap Heap Scan on sbtest7  (cost=22.35..3737.51 rows=967 width=121)
	  Recheck Cond: ((id >= 1467135) AND (id <= 1468134))
	  ->  Bitmap Index Scan on sbtest7_pkey  (cost=0.00..22.11 rows=967 width=0)
	        Index Cond: ((id >= 1467135) AND (id <= 1468134))

table 8 : explain SELECT c FROM sbtest8 WHERE id BETWEEN 657418 AND 658417
	Bitmap Heap Scan on sbtest8  (cost=23.04..3993.55 rows=1035 width=121)
	  Recheck Cond: ((id >= 657418) AND (id <= 658417))
	  ->  Bitmap Index Scan on sbtest8_pkey  (cost=0.00..22.79 rows=1035 width=0)
	        Index Cond: ((id >= 657418) AND (id <= 658417))

for point_selects
table 1 : explain SELECT c FROM sbtest1 WHERE id=5285603
	Index Scan using sbtest1_pkey on sbtest1  (cost=0.43..8.45 rows=1 width=121)
	  Index Cond: (id = 5285603)

table 2 : explain SELECT c FROM sbtest2 WHERE id=4108401
	Index Scan using sbtest2_pkey on sbtest2  (cost=0.43..8.45 rows=1 width=121)
	  Index Cond: (id = 4108401)

table 3 : explain SELECT c FROM sbtest3 WHERE id=9164584
	Index Scan using sbtest3_pkey on sbtest3  (cost=0.43..8.45 rows=1 width=121)
	  Index Cond: (id = 9164584)

table 4 : explain SELECT c FROM sbtest4 WHERE id=8273998
	Index Scan using sbtest4_pkey on sbtest4  (cost=0.43..8.45 rows=1 width=121)
	  Index Cond: (id = 8273998)

table 5 : explain SELECT c FROM sbtest5 WHERE id=7047258
	Index Scan using sbtest5_pkey on sbtest5  (cost=0.43..8.45 rows=1 width=121)
	  Index Cond: (id = 7047258)

table 6 : explain SELECT c FROM sbtest6 WHERE id=1419540
	Index Scan using sbtest6_pkey on sbtest6  (cost=0.43..8.45 rows=1 width=121)
	  Index Cond: (id = 1419540)

table 7 : explain SELECT c FROM sbtest7 WHERE id=7397893
	Index Scan using sbtest7_pkey on sbtest7  (cost=0.43..8.45 rows=1 width=121)
	  Index Cond: (id = 7397893)

table 8 : explain SELECT c FROM sbtest8 WHERE id=2469234
	Index Scan using sbtest8_pkey on sbtest8  (cost=0.43..8.45 rows=1 width=121)
	  Index Cond: (id = 2469234)

for: simple_ranges
table 1 : explain SELECT c FROM sbtest1 WHERE id BETWEEN 8359880 AND 8360879
	Bitmap Heap Scan on sbtest1  (cost=22.73..3875.59 rows=1004 width=121)
	  Recheck Cond: ((id >= 8359880) AND (id <= 8360879))
	  ->  Bitmap Index Scan on sbtest1_pkey  (cost=0.00..22.47 rows=1004 width=0)
	        Index Cond: ((id >= 8359880) AND (id <= 8360879))

table 2 : explain SELECT c FROM sbtest2 WHERE id BETWEEN 6594507 AND 6595506
	Bitmap Heap Scan on sbtest2  (cost=23.02..3984.45 rows=1033 width=121)
	  Recheck Cond: ((id >= 6594507) AND (id <= 6595506))
	  ->  Bitmap Index Scan on sbtest2_pkey  (cost=0.00..22.76 rows=1033 width=0)
	        Index Cond: ((id >= 6594507) AND (id <= 6595506))

table 3 : explain SELECT c FROM sbtest3 WHERE id BETWEEN 3089052 AND 3090051
	Bitmap Heap Scan on sbtest3  (cost=23.05..3995.81 rows=1036 width=121)
	  Recheck Cond: ((id >= 3089052) AND (id <= 3090051))
	  ->  Bitmap Index Scan on sbtest3_pkey  (cost=0.00..22.79 rows=1036 width=0)
	        Index Cond: ((id >= 3089052) AND (id <= 3090051))

table 4 : explain SELECT c FROM sbtest4 WHERE id BETWEEN 6388714 AND 6389713
	Bitmap Heap Scan on sbtest4  (cost=23.55..4176.13 rows=1084 width=121)
	  Recheck Cond: ((id >= 6388714) AND (id <= 6389713))
	  ->  Bitmap Index Scan on sbtest4_pkey  (cost=0.00..23.27 rows=1084 width=0)
	        Index Cond: ((id >= 6388714) AND (id <= 6389713))

table 5 : explain SELECT c FROM sbtest5 WHERE id BETWEEN 2772285 AND 2773284
	Bitmap Heap Scan on sbtest5  (cost=21.76..3522.12 rows=910 width=121)
	  Recheck Cond: ((id >= 2772285) AND (id <= 2773284))
	  ->  Bitmap Index Scan on sbtest5_pkey  (cost=0.00..21.54 rows=910 width=0)
	        Index Cond: ((id >= 2772285) AND (id <= 2773284))

table 6 : explain SELECT c FROM sbtest6 WHERE id BETWEEN 3258831 AND 3259830
	Bitmap Heap Scan on sbtest6  (cost=22.43..3766.59 rows=975 width=121)
	  Recheck Cond: ((id >= 3258831) AND (id <= 3259830))
	  ->  Bitmap Index Scan on sbtest6_pkey  (cost=0.00..22.18 rows=975 width=0)
	        Index Cond: ((id >= 3258831) AND (id <= 3259830))

table 7 : explain SELECT c FROM sbtest7 WHERE id BETWEEN 4082047 AND 4083046
	Bitmap Heap Scan on sbtest7  (cost=22.91..3944.75 rows=1022 width=121)
	  Recheck Cond: ((id >= 4082047) AND (id <= 4083046))
	  ->  Bitmap Index Scan on sbtest7_pkey  (cost=0.00..22.65 rows=1022 width=0)
	        Index Cond: ((id >= 4082047) AND (id <= 4083046))

table 8 : explain SELECT c FROM sbtest8 WHERE id BETWEEN 1259294 AND 1260293
	Bitmap Heap Scan on sbtest8  (cost=22.58..3824.10 rows=990 width=121)
	  Recheck Cond: ((id >= 1259294) AND (id <= 1260293))
	  ->  Bitmap Index Scan on sbtest8_pkey  (cost=0.00..22.33 rows=990 width=0)
	        Index Cond: ((id >= 1259294) AND (id <= 1260293))

for: sum_ranges
table 1 : explain SELECT SUM(k) FROM sbtest1 WHERE id BETWEEN 8737895 AND 8738894
	Aggregate  (cost=3896.93..3896.94 rows=1 width=8)
	  ->  Bitmap Heap Scan on sbtest1  (cost=22.78..3894.41 rows=1009 width=4)
	        Recheck Cond: ((id >= 8737895) AND (id <= 8738894))
	        ->  Bitmap Index Scan on sbtest1_pkey  (cost=0.00..22.52 rows=1009 width=0)
	              Index Cond: ((id >= 8737895) AND (id <= 8738894))

table 2 : explain SELECT SUM(k) FROM sbtest2 WHERE id BETWEEN 6165231 AND 6166230
	Aggregate  (cost=4114.90..4114.91 rows=1 width=8)
	  ->  Bitmap Heap Scan on sbtest2  (cost=23.37..4112.24 rows=1067 width=4)
	        Recheck Cond: ((id >= 6165231) AND (id <= 6166230))
	        ->  Bitmap Index Scan on sbtest2_pkey  (cost=0.00..23.11 rows=1067 width=0)
	              Index Cond: ((id >= 6165231) AND (id <= 6166230))

table 3 : explain SELECT SUM(k) FROM sbtest3 WHERE id BETWEEN 5901778 AND 5902777
	Aggregate  (cost=3828.94..3828.95 rows=1 width=8)
	  ->  Bitmap Heap Scan on sbtest3  (cost=22.59..3826.47 rows=991 width=4)
	        Recheck Cond: ((id >= 5901778) AND (id <= 5902777))
	        ->  Bitmap Index Scan on sbtest3_pkey  (cost=0.00..22.34 rows=991 width=0)
	              Index Cond: ((id >= 5901778) AND (id <= 5902777))

table 4 : explain SELECT SUM(k) FROM sbtest4 WHERE id BETWEEN 6316264 AND 6317263
	Aggregate  (cost=3847.75..3847.76 rows=1 width=8)
	  ->  Bitmap Heap Scan on sbtest4  (cost=22.64..3845.26 rows=996 width=4)
	        Recheck Cond: ((id >= 6316264) AND (id <= 6317263))
	        ->  Bitmap Index Scan on sbtest4_pkey  (cost=0.00..22.39 rows=996 width=0)
	              Index Cond: ((id >= 6316264) AND (id <= 6317263))

table 5 : explain SELECT SUM(k) FROM sbtest5 WHERE id BETWEEN 7664975 AND 7665974
	Aggregate  (cost=3803.86..3803.87 rows=1 width=8)
	  ->  Bitmap Heap Scan on sbtest5  (cost=22.52..3801.40 rows=984 width=4)
	        Recheck Cond: ((id >= 7664975) AND (id <= 7665974))
	        ->  Bitmap Index Scan on sbtest5_pkey  (cost=0.00..22.27 rows=984 width=0)
	              Index Cond: ((id >= 7664975) AND (id <= 7665974))

table 6 : explain SELECT SUM(k) FROM sbtest6 WHERE id BETWEEN 7359536 AND 7360535
	Aggregate  (cost=3964.96..3964.97 rows=1 width=8)
	  ->  Bitmap Heap Scan on sbtest6  (cost=22.96..3962.39 rows=1027 width=4)
	        Recheck Cond: ((id >= 7359536) AND (id <= 7360535))
	        ->  Bitmap Index Scan on sbtest6_pkey  (cost=0.00..22.70 rows=1027 width=0)
	              Index Cond: ((id >= 7359536) AND (id <= 7360535))

table 7 : explain SELECT SUM(k) FROM sbtest7 WHERE id BETWEEN 6061810 AND 6062809
	Aggregate  (cost=3898.33..3898.34 rows=1 width=8)
	  ->  Bitmap Heap Scan on sbtest7  (cost=22.78..3895.80 rows=1009 width=4)
	        Recheck Cond: ((id >= 6061810) AND (id <= 6062809))
	        ->  Bitmap Index Scan on sbtest7_pkey  (cost=0.00..22.52 rows=1009 width=0)
	              Index Cond: ((id >= 6061810) AND (id <= 6062809))

table 8 : explain SELECT SUM(k) FROM sbtest8 WHERE id BETWEEN 6394637 AND 6395636
	Aggregate  (cost=3671.86..3671.87 rows=1 width=8)
	  ->  Bitmap Heap Scan on sbtest8  (cost=22.16..3669.49 rows=949 width=4)
	        Recheck Cond: ((id >= 6394637) AND (id <= 6395636))
	        ->  Bitmap Index Scan on sbtest8_pkey  (cost=0.00..21.93 rows=949 width=0)
	              Index Cond: ((id >= 6394637) AND (id <= 6395636))

for: simple_ranges
table 1 : explain SELECT c FROM sbtest1 WHERE id BETWEEN 7418004 AND 7419003
	Bitmap Heap Scan on sbtest1  (cost=22.64..3845.46 rows=996 width=121)
	  Recheck Cond: ((id >= 7418004) AND (id <= 7419003))
	  ->  Bitmap Index Scan on sbtest1_pkey  (cost=0.00..22.39 rows=996 width=0)
	        Index Cond: ((id >= 7418004) AND (id <= 7419003))

table 2 : explain SELECT c FROM sbtest2 WHERE id BETWEEN 7769680 AND 7770679
	Bitmap Heap Scan on sbtest2  (cost=22.14..3660.56 rows=947 width=121)
	  Recheck Cond: ((id >= 7769680) AND (id <= 7770679))
	  ->  Bitmap Index Scan on sbtest2_pkey  (cost=0.00..21.90 rows=947 width=0)
	        Index Cond: ((id >= 7769680) AND (id <= 7770679))

table 3 : explain SELECT c FROM sbtest3 WHERE id BETWEEN 7648724 AND 7649723
	Bitmap Heap Scan on sbtest3  (cost=21.99..3604.03 rows=932 width=121)
	  Recheck Cond: ((id >= 7648724) AND (id <= 7649723))
	  ->  Bitmap Index Scan on sbtest3_pkey  (cost=0.00..21.75 rows=932 width=0)
	        Index Cond: ((id >= 7648724) AND (id <= 7649723))

table 4 : explain SELECT c FROM sbtest4 WHERE id BETWEEN 2698899 AND 2699898
	Bitmap Heap Scan on sbtest4  (cost=22.86..3924.31 rows=1017 width=121)
	  Recheck Cond: ((id >= 2698899) AND (id <= 2699898))
	  ->  Bitmap Index Scan on sbtest4_pkey  (cost=0.00..22.61 rows=1017 width=0)
	        Index Cond: ((id >= 2698899) AND (id <= 2699898))

table 5 : explain SELECT c FROM sbtest5 WHERE id BETWEEN 6708207 AND 6709206
	Bitmap Heap Scan on sbtest5  (cost=22.23..3695.81 rows=956 width=121)
	  Recheck Cond: ((id >= 6708207) AND (id <= 6709206))
	  ->  Bitmap Index Scan on sbtest5_pkey  (cost=0.00..22.00 rows=956 width=0)
	        Index Cond: ((id >= 6708207) AND (id <= 6709206))

table 6 : explain SELECT c FROM sbtest6 WHERE id BETWEEN 8710677 AND 8711676
	Bitmap Heap Scan on sbtest6  (cost=21.60..3460.87 rows=894 width=121)
	  Recheck Cond: ((id >= 8710677) AND (id <= 8711676))
	  ->  Bitmap Index Scan on sbtest6_pkey  (cost=0.00..21.37 rows=894 width=0)
	        Index Cond: ((id >= 8710677) AND (id <= 8711676))

table 7 : explain SELECT c FROM sbtest7 WHERE id BETWEEN 8043259 AND 8044258
	Bitmap Heap Scan on sbtest7  (cost=27.71..4242.00 rows=1100 width=121)
	  Recheck Cond: ((id >= 8043259) AND (id <= 8044258))
	  ->  Bitmap Index Scan on sbtest7_pkey  (cost=0.00..27.43 rows=1100 width=0)
	        Index Cond: ((id >= 8043259) AND (id <= 8044258))

table 8 : explain SELECT c FROM sbtest8 WHERE id BETWEEN 2684965 AND 2685964
	Bitmap Heap Scan on sbtest8  (cost=21.61..3465.51 rows=895 width=121)
	  Recheck Cond: ((id >= 2684965) AND (id <= 2685964))
	  ->  Bitmap Index Scan on sbtest8_pkey  (cost=0.00..21.39 rows=895 width=0)
	        Index Cond: ((id >= 2684965) AND (id <= 2685964))

explain: for point_selects :: explain SELECT c FROM sbtest%u WHERE id=%u
explain: for point_selects :: explain SELECT c FROM sbtest%u WHERE id=%u
for: order_ranges
table 1 : explain SELECT c FROM sbtest1 WHERE id BETWEEN 5598215 AND 5599214 ORDER BY c
	Sort  (cost=3960.03..3962.57 rows=1013 width=121)
	  Sort Key: c
	  ->  Bitmap Heap Scan on sbtest1  (cost=22.82..3909.46 rows=1013 width=121)
	        Recheck Cond: ((id >= 5598215) AND (id <= 5599214))
	        ->  Bitmap Index Scan on sbtest1_pkey  (cost=0.00..22.57 rows=1013 width=0)
	              Index Cond: ((id >= 5598215) AND (id <= 5599214))

table 2 : explain SELECT c FROM sbtest2 WHERE id BETWEEN 1838951 AND 1839950 ORDER BY c
	Sort  (cost=3623.11..3625.43 rows=925 width=121)
	  Sort Key: c
	  ->  Bitmap Heap Scan on sbtest2  (cost=21.92..3577.54 rows=925 width=121)
	        Recheck Cond: ((id >= 1838951) AND (id <= 1839950))
	        ->  Bitmap Index Scan on sbtest2_pkey  (cost=0.00..21.68 rows=925 width=0)
	              Index Cond: ((id >= 1838951) AND (id <= 1839950))

table 3 : explain SELECT c FROM sbtest3 WHERE id BETWEEN 6141106 AND 6142105 ORDER BY c
	Sort  (cost=4036.25..4038.83 rows=1033 width=121)
	  Sort Key: c
	  ->  Bitmap Heap Scan on sbtest3  (cost=23.02..3984.53 rows=1033 width=121)
	        Recheck Cond: ((id >= 6141106) AND (id <= 6142105))
	        ->  Bitmap Index Scan on sbtest3_pkey  (cost=0.00..22.76 rows=1033 width=0)
	              Index Cond: ((id >= 6141106) AND (id <= 6142105))

table 4 : explain SELECT c FROM sbtest4 WHERE id BETWEEN 4155750 AND 4156749 ORDER BY c
	Sort  (cost=4085.83..4088.45 rows=1046 width=121)
	  Sort Key: c
	  ->  Bitmap Heap Scan on sbtest4  (cost=23.16..4033.37 rows=1046 width=121)
	        Recheck Cond: ((id >= 4155750) AND (id <= 4156749))
	        ->  Bitmap Index Scan on sbtest4_pkey  (cost=0.00..22.89 rows=1046 width=0)
	              Index Cond: ((id >= 4155750) AND (id <= 4156749))

table 5 : explain SELECT c FROM sbtest5 WHERE id BETWEEN 7427984 AND 7428983 ORDER BY c
	Sort  (cost=3524.65..3526.90 rows=899 width=121)
	  Sort Key: c
	  ->  Bitmap Heap Scan on sbtest5  (cost=21.65..3480.55 rows=899 width=121)
	        Recheck Cond: ((id >= 7427984) AND (id <= 7428983))
	        ->  Bitmap Index Scan on sbtest5_pkey  (cost=0.00..21.43 rows=899 width=0)
	              Index Cond: ((id >= 7427984) AND (id <= 7428983))

table 6 : explain SELECT c FROM sbtest6 WHERE id BETWEEN 6246982 AND 6247981 ORDER BY c
	Sort  (cost=3807.34..3809.77 rows=973 width=121)
	  Sort Key: c
	  ->  Bitmap Heap Scan on sbtest6  (cost=22.41..3759.05 rows=973 width=121)
	        Recheck Cond: ((id >= 6246982) AND (id <= 6247981))
	        ->  Bitmap Index Scan on sbtest6_pkey  (cost=0.00..22.16 rows=973 width=0)
	              Index Cond: ((id >= 6246982) AND (id <= 6247981))

table 7 : explain SELECT c FROM sbtest7 WHERE id BETWEEN 8463857 AND 8464856 ORDER BY c
	Sort  (cost=3999.66..4002.22 rows=1023 width=121)
	  Sort Key: c
	  ->  Bitmap Heap Scan on sbtest7  (cost=22.92..3948.52 rows=1023 width=121)
	        Recheck Cond: ((id >= 8463857) AND (id <= 8464856))
	        ->  Bitmap Index Scan on sbtest7_pkey  (cost=0.00..22.66 rows=1023 width=0)
	              Index Cond: ((id >= 8463857) AND (id <= 8464856))

table 8 : explain SELECT c FROM sbtest8 WHERE id BETWEEN 7499830 AND 7500829 ORDER BY c
	Sort  (cost=3551.59..3553.85 rows=906 width=121)
	  Sort Key: c
	  ->  Bitmap Heap Scan on sbtest8  (cost=21.72..3507.09 rows=906 width=121)
	        Recheck Cond: ((id >= 7499830) AND (id <= 7500829))
	        ->  Bitmap Index Scan on sbtest8_pkey  (cost=0.00..21.50 rows=906 width=0)
	              Index Cond: ((id >= 7499830) AND (id <= 7500829))

for point_selects
table 1 : explain SELECT c FROM sbtest1 WHERE id=2298554
	Index Scan using sbtest1_pkey on sbtest1  (cost=0.43..8.45 rows=1 width=121)
	  Index Cond: (id = 2298554)

table 2 : explain SELECT c FROM sbtest2 WHERE id=8937746
	Index Scan using sbtest2_pkey on sbtest2  (cost=0.43..8.45 rows=1 width=121)
	  Index Cond: (id = 8937746)

table 3 : explain SELECT c FROM sbtest3 WHERE id=5008948
	Index Scan using sbtest3_pkey on sbtest3  (cost=0.43..8.45 rows=1 width=121)
	  Index Cond: (id = 5008948)

table 4 : explain SELECT c FROM sbtest4 WHERE id=488842
	Index Scan using sbtest4_pkey on sbtest4  (cost=0.43..8.45 rows=1 width=121)
	  Index Cond: (id = 488842)

table 5 : explain SELECT c FROM sbtest5 WHERE id=5796904
	Index Scan using sbtest5_pkey on sbtest5  (cost=0.43..8.45 rows=1 width=121)
	  Index Cond: (id = 5796904)

table 6 : explain SELECT c FROM sbtest6 WHERE id=2844876
	Index Scan using sbtest6_pkey on sbtest6  (cost=0.43..8.45 rows=1 width=121)
	  Index Cond: (id = 2844876)

table 7 : explain SELECT c FROM sbtest7 WHERE id=9514128
	Index Scan using sbtest7_pkey on sbtest7  (cost=0.43..8.45 rows=1 width=121)
	  Index Cond: (id = 9514128)

table 8 : explain SELECT c FROM sbtest8 WHERE id=7202483
	Index Scan using sbtest8_pkey on sbtest8  (cost=0.43..8.45 rows=1 width=121)
	  Index Cond: (id = 7202483)

for: sum_ranges
table 1 : explain SELECT SUM(k) FROM sbtest1 WHERE id BETWEEN 8590442 AND 8591441
	Aggregate  (cost=3806.49..3806.50 rows=1 width=8)
	  ->  Bitmap Heap Scan on sbtest1  (cost=22.53..3804.03 rows=985 width=4)
	        Recheck Cond: ((id >= 8590442) AND (id <= 8591441))
	        ->  Bitmap Index Scan on sbtest1_pkey  (cost=0.00..22.29 rows=985 width=0)
	              Index Cond: ((id >= 8590442) AND (id <= 8591441))

table 2 : explain SELECT SUM(k) FROM sbtest2 WHERE id BETWEEN 7880923 AND 7881922
	Aggregate  (cost=4017.13..4017.14 rows=1 width=8)
	  ->  Bitmap Heap Scan on sbtest2  (cost=23.11..4014.53 rows=1041 width=4)
	        Recheck Cond: ((id >= 7880923) AND (id <= 7881922))
	        ->  Bitmap Index Scan on sbtest2_pkey  (cost=0.00..22.84 rows=1041 width=0)
	              Index Cond: ((id >= 7880923) AND (id <= 7881922))

table 3 : explain SELECT SUM(k) FROM sbtest3 WHERE id BETWEEN 5283082 AND 5284081
	Aggregate  (cost=3866.62..3866.63 rows=1 width=8)
	  ->  Bitmap Heap Scan on sbtest3  (cost=22.70..3864.12 rows=1001 width=4)
	        Recheck Cond: ((id >= 5283082) AND (id <= 5284081))
	        ->  Bitmap Index Scan on sbtest3_pkey  (cost=0.00..22.44 rows=1001 width=0)
	              Index Cond: ((id >= 5283082) AND (id <= 5284081))

table 4 : explain SELECT SUM(k) FROM sbtest4 WHERE id BETWEEN 692031 AND 693030
	Aggregate  (cost=3606.33..3606.34 rows=1 width=8)
	  ->  Bitmap Heap Scan on sbtest4  (cost=21.99..3604.00 rows=932 width=4)
	        Recheck Cond: ((id >= 692031) AND (id <= 693030))
	        ->  Bitmap Index Scan on sbtest4_pkey  (cost=0.00..21.75 rows=932 width=0)
	              Index Cond: ((id >= 692031) AND (id <= 693030))

table 5 : explain SELECT SUM(k) FROM sbtest5 WHERE id BETWEEN 2798883 AND 2799882
	Aggregate  (cost=3950.85..3950.86 rows=1 width=8)
	  ->  Bitmap Heap Scan on sbtest5  (cost=22.92..3948.29 rows=1023 width=4)
	        Recheck Cond: ((id >= 2798883) AND (id <= 2799882))
	        ->  Bitmap Index Scan on sbtest5_pkey  (cost=0.00..22.66 rows=1023 width=0)
	              Index Cond: ((id >= 2798883) AND (id <= 2799882))

table 6 : explain SELECT SUM(k) FROM sbtest6 WHERE id BETWEEN 6061417 AND 6062416
	Aggregate  (cost=4138.00..4138.01 rows=1 width=8)
	  ->  Bitmap Heap Scan on sbtest6  (cost=23.43..4135.32 rows=1073 width=4)
	        Recheck Cond: ((id >= 6061417) AND (id <= 6062416))
	        ->  Bitmap Index Scan on sbtest6_pkey  (cost=0.00..23.16 rows=1073 width=0)
	              Index Cond: ((id >= 6061417) AND (id <= 6062416))

table 7 : explain SELECT SUM(k) FROM sbtest7 WHERE id BETWEEN 5608383 AND 5609382
	Aggregate  (cost=4082.84..4082.85 rows=1 width=8)
	  ->  Bitmap Heap Scan on sbtest7  (cost=23.28..4080.19 rows=1058 width=4)
	        Recheck Cond: ((id >= 5608383) AND (id <= 5609382))
	        ->  Bitmap Index Scan on sbtest7_pkey  (cost=0.00..23.01 rows=1058 width=0)
	              Index Cond: ((id >= 5608383) AND (id <= 5609382))

table 8 : explain SELECT SUM(k) FROM sbtest8 WHERE id BETWEEN 974099 AND 975098
	Aggregate  (cost=3615.20..3615.21 rows=1 width=8)
	  ->  Bitmap Heap Scan on sbtest8  (cost=22.01..3612.86 rows=934 width=4)
	        Recheck Cond: ((id >= 974099) AND (id <= 975098))
	        ->  Bitmap Index Scan on sbtest8_pkey  (cost=0.00..21.77 rows=934 width=0)
	              Index Cond: ((id >= 974099) AND (id <= 975098))

for: sum_ranges
table 1 : explain SELECT SUM(k) FROM sbtest1 WHERE id BETWEEN 8591844 AND 8592843
	Aggregate  (cost=3806.49..3806.50 rows=1 width=8)
	  ->  Bitmap Heap Scan on sbtest1  (cost=22.53..3804.03 rows=985 width=4)
	        Recheck Cond: ((id >= 8591844) AND (id <= 8592843))
	        ->  Bitmap Index Scan on sbtest1_pkey  (cost=0.00..22.29 rows=985 width=0)
	              Index Cond: ((id >= 8591844) AND (id <= 8592843))

table 2 : explain SELECT SUM(k) FROM sbtest2 WHERE id BETWEEN 4525967 AND 4526966
	Aggregate  (cost=3828.87..3828.88 rows=1 width=8)
	  ->  Bitmap Heap Scan on sbtest2  (cost=22.59..3826.39 rows=991 width=4)
	        Recheck Cond: ((id >= 4525967) AND (id <= 4526966))
	        ->  Bitmap Index Scan on sbtest2_pkey  (cost=0.00..22.34 rows=991 width=0)
	              Index Cond: ((id >= 4525967) AND (id <= 4526966))

table 3 : explain SELECT SUM(k) FROM sbtest3 WHERE id BETWEEN 2435549 AND 2436548
	Aggregate  (cost=4122.51..4122.52 rows=1 width=8)
	  ->  Bitmap Heap Scan on sbtest3  (cost=23.39..4119.83 rows=1069 width=4)
	        Recheck Cond: ((id >= 2435549) AND (id <= 2436548))
	        ->  Bitmap Index Scan on sbtest3_pkey  (cost=0.00..23.12 rows=1069 width=0)
	              Index Cond: ((id >= 2435549) AND (id <= 2436548))

table 4 : explain SELECT SUM(k) FROM sbtest4 WHERE id BETWEEN 794791 AND 795790
	Aggregate  (cost=4066.08..4066.09 rows=1 width=8)
	  ->  Bitmap Heap Scan on sbtest4  (cost=23.24..4063.44 rows=1054 width=4)
	        Recheck Cond: ((id >= 794791) AND (id <= 795790))
	        ->  Bitmap Index Scan on sbtest4_pkey  (cost=0.00..22.97 rows=1054 width=0)
	              Index Cond: ((id >= 794791) AND (id <= 795790))

table 5 : explain SELECT SUM(k) FROM sbtest5 WHERE id BETWEEN 7651929 AND 7652928
	Aggregate  (cost=3720.85..3720.86 rows=1 width=8)
	  ->  Bitmap Heap Scan on sbtest5  (cost=22.30..3718.45 rows=962 width=4)
	        Recheck Cond: ((id >= 7651929) AND (id <= 7652928))
	        ->  Bitmap Index Scan on sbtest5_pkey  (cost=0.00..22.05 rows=962 width=0)
	              Index Cond: ((id >= 7651929) AND (id <= 7652928))

table 6 : explain SELECT SUM(k) FROM sbtest6 WHERE id BETWEEN 7753747 AND 7754746
	Aggregate  (cost=4175.58..4175.59 rows=1 width=8)
	  ->  Bitmap Heap Scan on sbtest6  (cost=23.54..4172.87 rows=1083 width=4)
	        Recheck Cond: ((id >= 7753747) AND (id <= 7754746))
	        ->  Bitmap Index Scan on sbtest6_pkey  (cost=0.00..23.26 rows=1083 width=0)
	              Index Cond: ((id >= 7753747) AND (id <= 7754746))

table 7 : explain SELECT SUM(k) FROM sbtest7 WHERE id BETWEEN 9254627 AND 9255626
	Aggregate  (cost=3822.93..3822.94 rows=1 width=8)
	  ->  Bitmap Heap Scan on sbtest7  (cost=22.57..3820.45 rows=989 width=4)
	        Recheck Cond: ((id >= 9254627) AND (id <= 9255626))
	        ->  Bitmap Index Scan on sbtest7_pkey  (cost=0.00..22.32 rows=989 width=0)
	              Index Cond: ((id >= 9254627) AND (id <= 9255626))

table 8 : explain SELECT SUM(k) FROM sbtest8 WHERE id BETWEEN 2727194 AND 2728193
	Aggregate  (cost=3754.91..3754.92 rows=1 width=8)
	  ->  Bitmap Heap Scan on sbtest8  (cost=22.39..3752.48 rows=971 width=4)
	        Recheck Cond: ((id >= 2727194) AND (id <= 2728193))
	        ->  Bitmap Index Scan on sbtest8_pkey  (cost=0.00..22.14 rows=971 width=0)
	              Index Cond: ((id >= 2727194) AND (id <= 2728193))

for: sum_ranges
table 1 : explain SELECT SUM(k) FROM sbtest1 WHERE id BETWEEN 4295018 AND 4296017
	Aggregate  (cost=3757.48..3757.49 rows=1 width=8)
	  ->  Bitmap Heap Scan on sbtest1  (cost=22.40..3755.05 rows=972 width=4)
	        Recheck Cond: ((id >= 4295018) AND (id <= 4296017))
	        ->  Bitmap Index Scan on sbtest1_pkey  (cost=0.00..22.15 rows=972 width=0)
	              Index Cond: ((id >= 4295018) AND (id <= 4296017))

table 2 : explain SELECT SUM(k) FROM sbtest2 WHERE id BETWEEN 6390050 AND 6391049
	Aggregate  (cost=4096.11..4096.12 rows=1 width=8)
	  ->  Bitmap Heap Scan on sbtest2  (cost=23.32..4093.45 rows=1062 width=4)
	        Recheck Cond: ((id >= 6390050) AND (id <= 6391049))
	        ->  Bitmap Index Scan on sbtest2_pkey  (cost=0.00..23.05 rows=1062 width=0)
	              Index Cond: ((id >= 6390050) AND (id <= 6391049))

table 3 : explain SELECT SUM(k) FROM sbtest3 WHERE id BETWEEN 724474 AND 725473
	Aggregate  (cost=3579.92..3579.93 rows=1 width=8)
	  ->  Bitmap Heap Scan on sbtest3  (cost=21.92..3577.61 rows=925 width=4)
	        Recheck Cond: ((id >= 724474) AND (id <= 725473))
	        ->  Bitmap Index Scan on sbtest3_pkey  (cost=0.00..21.68 rows=925 width=0)
	              Index Cond: ((id >= 724474) AND (id <= 725473))

table 4 : explain SELECT SUM(k) FROM sbtest4 WHERE id BETWEEN 8486309 AND 8487308
	Aggregate  (cost=3923.09..3923.10 rows=1 width=8)
	  ->  Bitmap Heap Scan on sbtest4  (cost=22.85..3920.55 rows=1016 width=4)
	        Recheck Cond: ((id >= 8486309) AND (id <= 8487308))
	        ->  Bitmap Index Scan on sbtest4_pkey  (cost=0.00..22.59 rows=1016 width=0)
	              Index Cond: ((id >= 8486309) AND (id <= 8487308))

table 5 : explain SELECT SUM(k) FROM sbtest5 WHERE id BETWEEN 1483795 AND 1484794
	Aggregate  (cost=4267.07..4267.08 rows=1 width=8)
	  ->  Bitmap Heap Scan on sbtest5  (cost=27.78..4264.30 rows=1107 width=4)
	        Recheck Cond: ((id >= 1483795) AND (id <= 1484794))
	        ->  Bitmap Index Scan on sbtest5_pkey  (cost=0.00..27.50 rows=1107 width=0)
	              Index Cond: ((id >= 1483795) AND (id <= 1484794))

table 6 : explain SELECT SUM(k) FROM sbtest6 WHERE id BETWEEN 6500851 AND 6501850
	Aggregate  (cost=3787.88..3787.89 rows=1 width=8)
	  ->  Bitmap Heap Scan on sbtest6  (cost=22.48..3785.43 rows=980 width=4)
	        Recheck Cond: ((id >= 6500851) AND (id <= 6501850))
	        ->  Bitmap Index Scan on sbtest6_pkey  (cost=0.00..22.23 rows=980 width=0)
	              Index Cond: ((id >= 6500851) AND (id <= 6501850))

table 7 : explain SELECT SUM(k) FROM sbtest7 WHERE id BETWEEN 6471283 AND 6472282
	Aggregate  (cost=3664.42..3664.43 rows=1 width=8)
	  ->  Bitmap Heap Scan on sbtest7  (cost=22.14..3662.05 rows=947 width=4)
	        Recheck Cond: ((id >= 6471283) AND (id <= 6472282))
	        ->  Bitmap Index Scan on sbtest7_pkey  (cost=0.00..21.90 rows=947 width=0)
	              Index Cond: ((id >= 6471283) AND (id <= 6472282))

table 8 : explain SELECT SUM(k) FROM sbtest8 WHERE id BETWEEN 4135623 AND 4136622
	Aggregate  (cost=4030.02..4030.03 rows=1 width=8)
	  ->  Bitmap Heap Scan on sbtest8  (cost=23.14..4027.41 rows=1044 width=4)
	        Recheck Cond: ((id >= 4135623) AND (id <= 4136622))
	        ->  Bitmap Index Scan on sbtest8_pkey  (cost=0.00..22.87 rows=1044 width=0)
	              Index Cond: ((id >= 4135623) AND (id <= 4136622))

for point_selects
table 1 : explain SELECT c FROM sbtest1 WHERE id=3484442
	Index Scan using sbtest1_pkey on sbtest1  (cost=0.43..8.45 rows=1 width=121)
	  Index Cond: (id = 3484442)

table 2 : explain SELECT c FROM sbtest2 WHERE id=6069620
	Index Scan using sbtest2_pkey on sbtest2  (cost=0.43..8.45 rows=1 width=121)
	  Index Cond: (id = 6069620)

table 3 : explain SELECT c FROM sbtest3 WHERE id=511481
	Index Scan using sbtest3_pkey on sbtest3  (cost=0.43..8.45 rows=1 width=121)
	  Index Cond: (id = 511481)

table 4 : explain SELECT c FROM sbtest4 WHERE id=5382411
	Index Scan using sbtest4_pkey on sbtest4  (cost=0.43..8.45 rows=1 width=121)
	  Index Cond: (id = 5382411)

table 5 : explain SELECT c FROM sbtest5 WHERE id=6045262
	Index Scan using sbtest5_pkey on sbtest5  (cost=0.43..8.45 rows=1 width=121)
	  Index Cond: (id = 6045262)

table 6 : explain SELECT c FROM sbtest6 WHERE id=6628863
	Index Scan using sbtest6_pkey on sbtest6  (cost=0.43..8.45 rows=1 width=121)
	  Index Cond: (id = 6628863)

table 7 : explain SELECT c FROM sbtest7 WHERE id=1989348
	Index Scan using sbtest7_pkey on sbtest7  (cost=0.43..8.45 rows=1 width=121)
	  Index Cond: (id = 1989348)

table 8 : explain SELECT c FROM sbtest8 WHERE id=4359457
	Index Scan using sbtest8_pkey on sbtest8  (cost=0.43..8.45 rows=1 width=121)
	  Index Cond: (id = 4359457)

for: order_ranges
table 1 : explain SELECT c FROM sbtest1 WHERE id BETWEEN 2435547 AND 2436546 ORDER BY c
	Sort  (cost=3910.35..3912.85 rows=1000 width=121)
	  Sort Key: c
	  ->  Bitmap Heap Scan on sbtest1  (cost=22.68..3860.53 rows=1000 width=121)
	        Recheck Cond: ((id >= 2435547) AND (id <= 2436546))
	        ->  Bitmap Index Scan on sbtest1_pkey  (cost=0.00..22.43 rows=1000 width=0)
	              Index Cond: ((id >= 2435547) AND (id <= 2436546))

table 2 : explain SELECT c FROM sbtest2 WHERE id BETWEEN 2928455 AND 2929454 ORDER BY c
	Sort  (cost=3603.96..3606.26 rows=920 width=121)
	  Sort Key: c
	  ->  Bitmap Heap Scan on sbtest2  (cost=21.87..3558.67 rows=920 width=121)
	        Recheck Cond: ((id >= 2928455) AND (id <= 2929454))
	        ->  Bitmap Index Scan on sbtest2_pkey  (cost=0.00..21.64 rows=920 width=0)
	              Index Cond: ((id >= 2928455) AND (id <= 2929454))

table 3 : explain SELECT c FROM sbtest3 WHERE id BETWEEN 5592551 AND 5593550 ORDER BY c
	Sort  (cost=3875.78..3878.26 rows=991 width=121)
	  Sort Key: c
	  ->  Bitmap Heap Scan on sbtest3  (cost=22.59..3826.47 rows=991 width=121)
	        Recheck Cond: ((id >= 5592551) AND (id <= 5593550))
	        ->  Bitmap Index Scan on sbtest3_pkey  (cost=0.00..22.34 rows=991 width=0)
	              Index Cond: ((id >= 5592551) AND (id <= 5593550))

table 4 : explain SELECT c FROM sbtest4 WHERE id BETWEEN 1869336 AND 1870335 ORDER BY c
	Sort  (cost=3963.65..3966.18 rows=1014 width=121)
	  Sort Key: c
	  ->  Bitmap Heap Scan on sbtest4  (cost=22.83..3913.02 rows=1014 width=121)
	        Recheck Cond: ((id >= 1869336) AND (id <= 1870335))
	        ->  Bitmap Index Scan on sbtest4_pkey  (cost=0.00..22.57 rows=1014 width=0)
	              Index Cond: ((id >= 1869336) AND (id <= 1870335))

table 5 : explain SELECT c FROM sbtest5 WHERE id BETWEEN 2949029 AND 2950028 ORDER BY c
	Sort  (cost=4014.72..4017.29 rows=1027 width=121)
	  Sort Key: c
	  ->  Bitmap Heap Scan on sbtest5  (cost=22.96..3963.35 rows=1027 width=121)
	        Recheck Cond: ((id >= 2949029) AND (id <= 2950028))
	        ->  Bitmap Index Scan on sbtest5_pkey  (cost=0.00..22.70 rows=1027 width=0)
	              Index Cond: ((id >= 2949029) AND (id <= 2950028))

table 6 : explain SELECT c FROM sbtest6 WHERE id BETWEEN 8830441 AND 8831440 ORDER BY c
	Sort  (cost=3918.24..3920.75 rows=1002 width=121)
	  Sort Key: c
	  ->  Bitmap Heap Scan on sbtest6  (cost=22.71..3868.30 rows=1002 width=121)
	        Recheck Cond: ((id >= 8830441) AND (id <= 8831440))
	        ->  Bitmap Index Scan on sbtest6_pkey  (cost=0.00..22.45 rows=1002 width=0)
	              Index Cond: ((id >= 8830441) AND (id <= 8831440))

table 7 : explain SELECT c FROM sbtest7 WHERE id BETWEEN 728443 AND 729442 ORDER BY c
	Sort  (cost=4160.06..4162.72 rows=1065 width=121)
	  Sort Key: c
	  ->  Bitmap Heap Scan on sbtest7  (cost=23.35..4106.51 rows=1065 width=121)
	        Recheck Cond: ((id >= 728443) AND (id <= 729442))
	        ->  Bitmap Index Scan on sbtest7_pkey  (cost=0.00..23.08 rows=1065 width=0)
	              Index Cond: ((id >= 728443) AND (id <= 729442))

table 8 : explain SELECT c FROM sbtest8 WHERE id BETWEEN 236861 AND 237860 ORDER BY c
	Sort  (cost=4228.79..4231.49 rows=1082 width=121)
	  Sort Key: c
	  ->  Bitmap Heap Scan on sbtest8  (cost=27.53..4174.26 rows=1082 width=121)
	        Recheck Cond: ((id >= 236861) AND (id <= 237860))
	        ->  Bitmap Index Scan on sbtest8_pkey  (cost=0.00..27.25 rows=1082 width=0)
	              Index Cond: ((id >= 236861) AND (id <= 237860))

for: distinct_ranges
table 1 : explain SELECT DISTINCT c FROM sbtest1 WHERE id BETWEEN 8966072 AND 8967071 ORDER BY c
	Unique  (cost=3963.85..3968.92 rows=1014 width=121)
	  ->  Sort  (cost=3963.85..3966.39 rows=1014 width=121)
	        Sort Key: c
	        ->  Bitmap Heap Scan on sbtest1  (cost=22.83..3913.23 rows=1014 width=121)
	              Recheck Cond: ((id >= 8966072) AND (id <= 8967071))
	              ->  Bitmap Index Scan on sbtest1_pkey  (cost=0.00..22.57 rows=1014 width=0)
	                    Index Cond: ((id >= 8966072) AND (id <= 8967071))

table 2 : explain SELECT DISTINCT c FROM sbtest2 WHERE id BETWEEN 6297675 AND 6298674 ORDER BY c
	Unique  (cost=3875.71..3880.66 rows=991 width=121)
	  ->  Sort  (cost=3875.71..3878.18 rows=991 width=121)
	        Sort Key: c
	        ->  Bitmap Heap Scan on sbtest2  (cost=22.59..3826.39 rows=991 width=121)
	              Recheck Cond: ((id >= 6297675) AND (id <= 6298674))
	              ->  Bitmap Index Scan on sbtest2_pkey  (cost=0.00..22.34 rows=991 width=0)
	                    Index Cond: ((id >= 6297675) AND (id <= 6298674))

table 3 : explain SELECT DISTINCT c FROM sbtest3 WHERE id BETWEEN 603450 AND 604449 ORDER BY c
	Unique  (cost=3699.79..3704.51 rows=945 width=121)
	  ->  Sort  (cost=3699.79..3702.15 rows=945 width=121)
	        Sort Key: c
	        ->  Bitmap Heap Scan on sbtest3  (cost=22.12..3653.08 rows=945 width=121)
	              Recheck Cond: ((id >= 603450) AND (id <= 604449))
	              ->  Bitmap Index Scan on sbtest3_pkey  (cost=0.00..21.89 rows=945 width=0)
	                    Index Cond: ((id >= 603450) AND (id <= 604449))

table 4 : explain SELECT DISTINCT c FROM sbtest4 WHERE id BETWEEN 9496741 AND 9497740 ORDER BY c
	Unique  (cost=3948.37..3953.42 rows=1010 width=121)
	  ->  Sort  (cost=3948.37..3950.89 rows=1010 width=121)
	        Sort Key: c
	        ->  Bitmap Heap Scan on sbtest4  (cost=22.79..3897.97 rows=1010 width=121)
	              Recheck Cond: ((id >= 9496741) AND (id <= 9497740))
	              ->  Bitmap Index Scan on sbtest4_pkey  (cost=0.00..22.54 rows=1010 width=0)
	                    Index Cond: ((id >= 9496741) AND (id <= 9497740))

table 5 : explain SELECT DISTINCT c FROM sbtest5 WHERE id BETWEEN 9154715 AND 9155714 ORDER BY c
	Unique  (cost=3482.44..3486.88 rows=888 width=121)
	  ->  Sort  (cost=3482.44..3484.66 rows=888 width=121)
	        Sort Key: c
	        ->  Bitmap Heap Scan on sbtest5  (cost=21.54..3438.96 rows=888 width=121)
	              Recheck Cond: ((id >= 9154715) AND (id <= 9155714))
	              ->  Bitmap Index Scan on sbtest5_pkey  (cost=0.00..21.32 rows=888 width=0)
	                    Index Cond: ((id >= 9154715) AND (id <= 9155714))

table 6 : explain SELECT DISTINCT c FROM sbtest6 WHERE id BETWEEN 5243439 AND 5244438 ORDER BY c
	Unique  (cost=3937.35..3942.39 rows=1007 width=121)
	  ->  Sort  (cost=3937.35..3939.87 rows=1007 width=121)
	        Sort Key: c
	        ->  Bitmap Heap Scan on sbtest6  (cost=22.76..3887.13 rows=1007 width=121)
	              Recheck Cond: ((id >= 5243439) AND (id <= 5244438))
	              ->  Bitmap Index Scan on sbtest6_pkey  (cost=0.00..22.50 rows=1007 width=0)
	                    Index Cond: ((id >= 5243439) AND (id <= 5244438))

table 7 : explain SELECT DISTINCT c FROM sbtest7 WHERE id BETWEEN 109536 AND 110535 ORDER BY c
	Unique  (cost=3394.31..3398.63 rows=865 width=121)
	  ->  Sort  (cost=3394.31..3396.47 rows=865 width=121)
	        Sort Key: c
	        ->  Bitmap Heap Scan on sbtest7  (cost=21.30..3352.11 rows=865 width=121)
	              Recheck Cond: ((id >= 109536) AND (id <= 110535))
	              ->  Bitmap Index Scan on sbtest7_pkey  (cost=0.00..21.08 rows=865 width=0)
	                    Index Cond: ((id >= 109536) AND (id <= 110535))

table 8 : explain SELECT DISTINCT c FROM sbtest8 WHERE id BETWEEN 2222867 AND 2223866 ORDER BY c
	Unique  (cost=4053.02..4058.20 rows=1037 width=121)
	  ->  Sort  (cost=4053.02..4055.61 rows=1037 width=121)
	        Sort Key: c
	        ->  Bitmap Heap Scan on sbtest8  (cost=23.06..4001.08 rows=1037 width=121)
	              Recheck Cond: ((id >= 2222867) AND (id <= 2223866))
	              ->  Bitmap Index Scan on sbtest8_pkey  (cost=0.00..22.80 rows=1037 width=0)
	                    Index Cond: ((id >= 2222867) AND (id <= 2223866))

for: sum_ranges
table 1 : explain SELECT SUM(k) FROM sbtest1 WHERE id BETWEEN 6192213 AND 6193212
	Aggregate  (cost=3851.72..3851.73 rows=1 width=8)
	  ->  Bitmap Heap Scan on sbtest1  (cost=22.65..3849.23 rows=997 width=4)
	        Recheck Cond: ((id >= 6192213) AND (id <= 6193212))
	        ->  Bitmap Index Scan on sbtest1_pkey  (cost=0.00..22.40 rows=997 width=0)
	              Index Cond: ((id >= 6192213) AND (id <= 6193212))

table 2 : explain SELECT SUM(k) FROM sbtest2 WHERE id BETWEEN 3504605 AND 3505604
	Aggregate  (cost=4201.32..4201.33 rows=1 width=8)
	  ->  Bitmap Heap Scan on sbtest2  (cost=23.61..4198.60 rows=1090 width=4)
	        Recheck Cond: ((id >= 3504605) AND (id <= 3505604))
	        ->  Bitmap Index Scan on sbtest2_pkey  (cost=0.00..23.33 rows=1090 width=0)
	              Index Cond: ((id >= 3504605) AND (id <= 3505604))

table 3 : explain SELECT SUM(k) FROM sbtest3 WHERE id BETWEEN 2299277 AND 2300276
	Aggregate  (cost=3678.09..3678.10 rows=1 width=8)
	  ->  Bitmap Heap Scan on sbtest3  (cost=22.18..3675.71 rows=951 width=4)
	        Recheck Cond: ((id >= 2299277) AND (id <= 2300276))
	        ->  Bitmap Index Scan on sbtest3_pkey  (cost=0.00..21.94 rows=951 width=0)
	              Index Cond: ((id >= 2299277) AND (id <= 2300276))

table 4 : explain SELECT SUM(k) FROM sbtest4 WHERE id BETWEEN 3549400 AND 3550399
	Aggregate  (cost=4062.32..4062.33 rows=1 width=8)
	  ->  Bitmap Heap Scan on sbtest4  (cost=23.23..4059.68 rows=1053 width=4)
	        Recheck Cond: ((id >= 3549400) AND (id <= 3550399))
	        ->  Bitmap Index Scan on sbtest4_pkey  (cost=0.00..22.96 rows=1053 width=0)
	              Index Cond: ((id >= 3549400) AND (id <= 3550399))

table 5 : explain SELECT SUM(k) FROM sbtest5 WHERE id BETWEEN 9420729 AND 9421728
	Aggregate  (cost=3505.49..3505.50 rows=1 width=8)
	  ->  Bitmap Heap Scan on sbtest5  (cost=21.71..3503.23 rows=905 width=4)
	        Recheck Cond: ((id >= 9420729) AND (id <= 9421728))
	        ->  Bitmap Index Scan on sbtest5_pkey  (cost=0.00..21.48 rows=905 width=0)
	              Index Cond: ((id >= 9420729) AND (id <= 9421728))

table 6 : explain SELECT SUM(k) FROM sbtest6 WHERE id BETWEEN 1849456 AND 1850455
	Aggregate  (cost=4224.66..4224.67 rows=1 width=8)
	  ->  Bitmap Heap Scan on sbtest6  (cost=27.66..4221.93 rows=1095 width=4)
	        Recheck Cond: ((id >= 1849456) AND (id <= 1850455))
	        ->  Bitmap Index Scan on sbtest6_pkey  (cost=0.00..27.39 rows=1095 width=0)
	              Index Cond: ((id >= 1849456) AND (id <= 1850455))

table 7 : explain SELECT SUM(k) FROM sbtest7 WHERE id BETWEEN 3207279 AND 3208278
	Aggregate  (cost=3566.18..3566.19 rows=1 width=8)
	  ->  Bitmap Heap Scan on sbtest7  (cost=21.88..3563.88 rows=921 width=4)
	        Recheck Cond: ((id >= 3207279) AND (id <= 3208278))
	        ->  Bitmap Index Scan on sbtest7_pkey  (cost=0.00..21.64 rows=921 width=0)
	              Index Cond: ((id >= 3207279) AND (id <= 3208278))

table 8 : explain SELECT SUM(k) FROM sbtest8 WHERE id BETWEEN 8278431 AND 8279430
	Aggregate  (cost=3819.03..3819.04 rows=1 width=8)
	  ->  Bitmap Heap Scan on sbtest8  (cost=22.56..3816.56 rows=988 width=4)
	        Recheck Cond: ((id >= 8278431) AND (id <= 8279430))
	        ->  Bitmap Index Scan on sbtest8_pkey  (cost=0.00..22.32 rows=988 width=0)
	              Index Cond: ((id >= 8278431) AND (id <= 8279430))

for: sum_ranges
table 1 : explain SELECT SUM(k) FROM sbtest1 WHERE id BETWEEN 7019796 AND 7020795
	Aggregate  (cost=3930.82..3930.83 rows=1 width=8)
	  ->  Bitmap Heap Scan on sbtest1  (cost=22.87..3928.28 rows=1018 width=4)
	        Recheck Cond: ((id >= 7019796) AND (id <= 7020795))
	        ->  Bitmap Index Scan on sbtest1_pkey  (cost=0.00..22.61 rows=1018 width=0)
	              Index Cond: ((id >= 7019796) AND (id <= 7020795))

table 2 : explain SELECT SUM(k) FROM sbtest2 WHERE id BETWEEN 5379519 AND 5380518
	Aggregate  (cost=4137.45..4137.46 rows=1 width=8)
	  ->  Bitmap Heap Scan on sbtest2  (cost=23.43..4134.77 rows=1073 width=4)
	        Recheck Cond: ((id >= 5379519) AND (id <= 5380518))
	        ->  Bitmap Index Scan on sbtest2_pkey  (cost=0.00..23.16 rows=1073 width=0)
	              Index Cond: ((id >= 5379519) AND (id <= 5380518))

table 3 : explain SELECT SUM(k) FROM sbtest3 WHERE id BETWEEN 3252712 AND 3253711
	Aggregate  (cost=4024.74..4024.75 rows=1 width=8)
	  ->  Bitmap Heap Scan on sbtest3  (cost=23.13..4022.13 rows=1043 width=4)
	        Recheck Cond: ((id >= 3252712) AND (id <= 3253711))
	        ->  Bitmap Index Scan on sbtest3_pkey  (cost=0.00..22.86 rows=1043 width=0)
	              Index Cond: ((id >= 3252712) AND (id <= 3253711))

table 4 : explain SELECT SUM(k) FROM sbtest4 WHERE id BETWEEN 7370025 AND 7371024
	Aggregate  (cost=3987.08..3987.09 rows=1 width=8)
	  ->  Bitmap Heap Scan on sbtest4  (cost=23.02..3984.50 rows=1033 width=4)
	        Recheck Cond: ((id >= 7370025) AND (id <= 7371024))
	        ->  Bitmap Index Scan on sbtest4_pkey  (cost=0.00..22.76 rows=1033 width=0)
	              Index Cond: ((id >= 7370025) AND (id <= 7371024))

table 5 : explain SELECT SUM(k) FROM sbtest5 WHERE id BETWEEN 5616779 AND 5617778
	Aggregate  (cost=3615.11..3615.12 rows=1 width=8)
	  ->  Bitmap Heap Scan on sbtest5  (cost=22.01..3612.78 rows=934 width=4)
	        Recheck Cond: ((id >= 5616779) AND (id <= 5617778))
	        ->  Bitmap Index Scan on sbtest5_pkey  (cost=0.00..21.77 rows=934 width=0)
	              Index Cond: ((id >= 5616779) AND (id <= 5617778))

table 6 : explain SELECT SUM(k) FROM sbtest6 WHERE id BETWEEN 1473789 AND 1474788
	Aggregate  (cost=3870.81..3870.82 rows=1 width=8)
	  ->  Bitmap Heap Scan on sbtest6  (cost=22.71..3868.30 rows=1002 width=4)
	        Recheck Cond: ((id >= 1473789) AND (id <= 1474788))
	        ->  Bitmap Index Scan on sbtest6_pkey  (cost=0.00..22.45 rows=1002 width=0)
	              Index Cond: ((id >= 1473789) AND (id <= 1474788))

table 7 : explain SELECT SUM(k) FROM sbtest7 WHERE id BETWEEN 1812040 AND 1813039
	Aggregate  (cost=3709.73..3709.74 rows=1 width=8)
	  ->  Bitmap Heap Scan on sbtest7  (cost=22.26..3707.33 rows=959 width=4)
	        Recheck Cond: ((id >= 1812040) AND (id <= 1813039))
	        ->  Bitmap Index Scan on sbtest7_pkey  (cost=0.00..22.02 rows=959 width=0)
	              Index Cond: ((id >= 1812040) AND (id <= 1813039))

table 8 : explain SELECT SUM(k) FROM sbtest8 WHERE id BETWEEN 4917249 AND 4918248
	Aggregate  (cost=3999.90..3999.91 rows=1 width=8)
	  ->  Bitmap Heap Scan on sbtest8  (cost=23.05..3997.31 rows=1036 width=4)
	        Recheck Cond: ((id >= 4917249) AND (id <= 4918248))
	        ->  Bitmap Index Scan on sbtest8_pkey  (cost=0.00..22.79 rows=1036 width=0)
	              Index Cond: ((id >= 4917249) AND (id <= 4918248))

for point_selects
table 1 : explain SELECT c FROM sbtest1 WHERE id=6540559
	Index Scan using sbtest1_pkey on sbtest1  (cost=0.43..8.45 rows=1 width=121)
	  Index Cond: (id = 6540559)

table 2 : explain SELECT c FROM sbtest2 WHERE id=1501140
	Index Scan using sbtest2_pkey on sbtest2  (cost=0.43..8.45 rows=1 width=121)
	  Index Cond: (id = 1501140)

table 3 : explain SELECT c FROM sbtest3 WHERE id=6650148
	Index Scan using sbtest3_pkey on sbtest3  (cost=0.43..8.45 rows=1 width=121)
	  Index Cond: (id = 6650148)

table 4 : explain SELECT c FROM sbtest4 WHERE id=9092390
	Index Scan using sbtest4_pkey on sbtest4  (cost=0.43..8.45 rows=1 width=121)
	  Index Cond: (id = 9092390)

table 5 : explain SELECT c FROM sbtest5 WHERE id=9226960
	Index Scan using sbtest5_pkey on sbtest5  (cost=0.43..8.45 rows=1 width=121)
	  Index Cond: (id = 9226960)

table 6 : explain SELECT c FROM sbtest6 WHERE id=9780872
	Index Scan using sbtest6_pkey on sbtest6  (cost=0.43..8.45 rows=1 width=121)
	  Index Cond: (id = 9780872)

table 7 : explain SELECT c FROM sbtest7 WHERE id=7946878
	Index Scan using sbtest7_pkey on sbtest7  (cost=0.43..8.45 rows=1 width=121)
	  Index Cond: (id = 7946878)

table 8 : explain SELECT c FROM sbtest8 WHERE id=2061545
	Index Scan using sbtest8_pkey on sbtest8  (cost=0.43..8.45 rows=1 width=121)
	  Index Cond: (id = 2061545)

for: simple_ranges
table 1 : explain SELECT c FROM sbtest1 WHERE id BETWEEN 9345106 AND 9346105
	Bitmap Heap Scan on sbtest1  (cost=22.36..3739.97 rows=968 width=121)
	  Recheck Cond: ((id >= 9345106) AND (id <= 9346105))
	  ->  Bitmap Index Scan on sbtest1_pkey  (cost=0.00..22.11 rows=968 width=0)
	        Index Cond: ((id >= 9345106) AND (id <= 9346105))

table 2 : explain SELECT c FROM sbtest2 WHERE id BETWEEN 8101064 AND 8102063
	Bitmap Heap Scan on sbtest2  (cost=27.85..4288.92 rows=1114 width=121)
	  Recheck Cond: ((id >= 8101064) AND (id <= 8102063))
	  ->  Bitmap Index Scan on sbtest2_pkey  (cost=0.00..27.57 rows=1114 width=0)
	        Index Cond: ((id >= 8101064) AND (id <= 8102063))

table 3 : explain SELECT c FROM sbtest3 WHERE id BETWEEN 3063286 AND 3064285
	Bitmap Heap Scan on sbtest3  (cost=27.69..4228.98 rows=1098 width=121)
	  Recheck Cond: ((id >= 3063286) AND (id <= 3064285))
	  ->  Bitmap Index Scan on sbtest3_pkey  (cost=0.00..27.41 rows=1098 width=0)
	        Index Cond: ((id >= 3063286) AND (id <= 3064285))

table 4 : explain SELECT c FROM sbtest4 WHERE id BETWEEN 715379 AND 716378
	Bitmap Heap Scan on sbtest4  (cost=22.06..3630.42 rows=939 width=121)
	  Recheck Cond: ((id >= 715379) AND (id <= 716378))
	  ->  Bitmap Index Scan on sbtest4_pkey  (cost=0.00..21.82 rows=939 width=0)
	        Index Cond: ((id >= 715379) AND (id <= 716378))

table 5 : explain SELECT c FROM sbtest5 WHERE id BETWEEN 3829434 AND 3830433
	Bitmap Heap Scan on sbtest5  (cost=22.51..3797.63 rows=983 width=121)
	  Recheck Cond: ((id >= 3829434) AND (id <= 3830433))
	  ->  Bitmap Index Scan on sbtest5_pkey  (cost=0.00..22.26 rows=983 width=0)
	        Index Cond: ((id >= 3829434) AND (id <= 3830433))

table 6 : explain SELECT c FROM sbtest6 WHERE id BETWEEN 1920024 AND 1921023
	Bitmap Heap Scan on sbtest6  (cost=27.66..4221.93 rows=1095 width=121)
	  Recheck Cond: ((id >= 1920024) AND (id <= 1921023))
	  ->  Bitmap Index Scan on sbtest6_pkey  (cost=0.00..27.39 rows=1095 width=0)
	        Index Cond: ((id >= 1920024) AND (id <= 1921023))

table 7 : explain SELECT c FROM sbtest7 WHERE id BETWEEN 561622 AND 562621
	Bitmap Heap Scan on sbtest7  (cost=22.56..3816.69 rows=988 width=121)
	  Recheck Cond: ((id >= 561622) AND (id <= 562621))
	  ->  Bitmap Index Scan on sbtest7_pkey  (cost=0.00..22.32 rows=988 width=0)
	        Index Cond: ((id >= 561622) AND (id <= 562621))

table 8 : explain SELECT c FROM sbtest8 WHERE id BETWEEN 2621942 AND 2622941
	Bitmap Heap Scan on sbtest8  (cost=21.61..3465.51 rows=895 width=121)
	  Recheck Cond: ((id >= 2621942) AND (id <= 2622941))
	  ->  Bitmap Index Scan on sbtest8_pkey  (cost=0.00..21.39 rows=895 width=0)
	        Index Cond: ((id >= 2621942) AND (id <= 2622941))

for: order_ranges
table 1 : explain SELECT c FROM sbtest1 WHERE id BETWEEN 90780 AND 91779 ORDER BY c
	Sort  (cost=3875.95..3878.43 rows=991 width=121)
	  Sort Key: c
	  ->  Bitmap Heap Scan on sbtest1  (cost=22.59..3826.63 rows=991 width=121)
	        Recheck Cond: ((id >= 90780) AND (id <= 91779))
	        ->  Bitmap Index Scan on sbtest1_pkey  (cost=0.00..22.34 rows=991 width=0)
	              Index Cond: ((id >= 90780) AND (id <= 91779))

table 2 : explain SELECT c FROM sbtest2 WHERE id BETWEEN 1968465 AND 1969464 ORDER BY c
	Sort  (cost=3657.59..3659.92 rows=934 width=121)
	  Sort Key: c
	  ->  Bitmap Heap Scan on sbtest2  (cost=22.01..3611.51 rows=934 width=121)
	        Recheck Cond: ((id >= 1968465) AND (id <= 1969464))
	        ->  Bitmap Index Scan on sbtest2_pkey  (cost=0.00..21.77 rows=934 width=0)
	              Index Cond: ((id >= 1968465) AND (id <= 1969464))

table 3 : explain SELECT c FROM sbtest3 WHERE id BETWEEN 1318061 AND 1319060 ORDER BY c
	Sort  (cost=4104.95..4107.58 rows=1051 width=121)
	  Sort Key: c
	  ->  Bitmap Heap Scan on sbtest3  (cost=23.21..4052.20 rows=1051 width=121)
	        Recheck Cond: ((id >= 1318061) AND (id <= 1319060))
	        ->  Bitmap Index Scan on sbtest3_pkey  (cost=0.00..22.94 rows=1051 width=0)
	              Index Cond: ((id >= 1318061) AND (id <= 1319060))

table 4 : explain SELECT c FROM sbtest4 WHERE id BETWEEN 9323023 AND 9324022 ORDER BY c
	Sort  (cost=4009.48..4012.05 rows=1026 width=121)
	  Sort Key: c
	  ->  Bitmap Heap Scan on sbtest4  (cost=22.95..3958.17 rows=1026 width=121)
	        Recheck Cond: ((id >= 9323023) AND (id <= 9324022))
	        ->  Bitmap Index Scan on sbtest4_pkey  (cost=0.00..22.69 rows=1026 width=0)
	              Index Cond: ((id >= 9323023) AND (id <= 9324022))

table 5 : explain SELECT c FROM sbtest5 WHERE id BETWEEN 7716564 AND 7717563 ORDER BY c
	Sort  (cost=3850.31..3852.77 rows=984 width=121)
	  Sort Key: c
	  ->  Bitmap Heap Scan on sbtest5  (cost=22.52..3801.40 rows=984 width=121)
	        Recheck Cond: ((id >= 7716564) AND (id <= 7717563))
	        ->  Bitmap Index Scan on sbtest5_pkey  (cost=0.00..22.27 rows=984 width=0)
	              Index Cond: ((id >= 7716564) AND (id <= 7717563))

table 6 : explain SELECT c FROM sbtest6 WHERE id BETWEEN 4554840 AND 4555839 ORDER BY c
	Sort  (cost=4181.70..4184.38 rows=1071 width=121)
	  Sort Key: c
	  ->  Bitmap Heap Scan on sbtest6  (cost=23.41..4127.81 rows=1071 width=121)
	        Recheck Cond: ((id >= 4554840) AND (id <= 4555839))
	        ->  Bitmap Index Scan on sbtest6_pkey  (cost=0.00..23.14 rows=1071 width=0)
	              Index Cond: ((id >= 4554840) AND (id <= 4555839))

table 7 : explain SELECT c FROM sbtest7 WHERE id BETWEEN 8585925 AND 8586924 ORDER BY c
	Sort  (cost=4194.40..4197.09 rows=1074 width=121)
	  Sort Key: c
	  ->  Bitmap Heap Scan on sbtest7  (cost=23.44..4140.33 rows=1074 width=121)
	        Recheck Cond: ((id >= 8585925) AND (id <= 8586924))
	        ->  Bitmap Index Scan on sbtest7_pkey  (cost=0.00..23.18 rows=1074 width=0)
	              Index Cond: ((id >= 8585925) AND (id <= 8586924))

table 8 : explain SELECT c FROM sbtest8 WHERE id BETWEEN 7891485 AND 7892484 ORDER BY c
	Sort  (cost=4033.92..4036.50 rows=1032 width=121)
	  Sort Key: c
	  ->  Bitmap Heap Scan on sbtest8  (cost=23.01..3982.26 rows=1032 width=121)
	        Recheck Cond: ((id >= 7891485) AND (id <= 7892484))
	        ->  Bitmap Index Scan on sbtest8_pkey  (cost=0.00..22.75 rows=1032 width=0)
	              Index Cond: ((id >= 7891485) AND (id <= 7892484))

for: simple_ranges
table 1 : explain SELECT c FROM sbtest1 WHERE id BETWEEN 9054871 AND 9055870
	Bitmap Heap Scan on sbtest1  (cost=22.59..3826.63 rows=991 width=121)
	  Recheck Cond: ((id >= 9054871) AND (id <= 9055870))
	  ->  Bitmap Index Scan on sbtest1_pkey  (cost=0.00..22.34 rows=991 width=0)
	        Index Cond: ((id >= 9054871) AND (id <= 9055870))

table 2 : explain SELECT c FROM sbtest2 WHERE id BETWEEN 1629030 AND 1630029
	Bitmap Heap Scan on sbtest2  (cost=22.68..3860.28 rows=1000 width=121)
	  Recheck Cond: ((id >= 1629030) AND (id <= 1630029))
	  ->  Bitmap Index Scan on sbtest2_pkey  (cost=0.00..22.43 rows=1000 width=0)
	        Index Cond: ((id >= 1629030) AND (id <= 1630029))

table 3 : explain SELECT c FROM sbtest3 WHERE id BETWEEN 2630748 AND 2631747
	Bitmap Heap Scan on sbtest3  (cost=22.77..3890.47 rows=1008 width=121)
	  Recheck Cond: ((id >= 2630748) AND (id <= 2631747))
	  ->  Bitmap Index Scan on sbtest3_pkey  (cost=0.00..22.51 rows=1008 width=0)
	        Index Cond: ((id >= 2630748) AND (id <= 2631747))

table 4 : explain SELECT c FROM sbtest4 WHERE id BETWEEN 6155468 AND 6156467
	Bitmap Heap Scan on sbtest4  (cost=22.20..3683.23 rows=953 width=121)
	  Recheck Cond: ((id >= 6155468) AND (id <= 6156467))
	  ->  Bitmap Index Scan on sbtest4_pkey  (cost=0.00..21.96 rows=953 width=0)
	        Index Cond: ((id >= 6155468) AND (id <= 6156467))

table 5 : explain SELECT c FROM sbtest5 WHERE id BETWEEN 3407734 AND 3408733
	Bitmap Heap Scan on sbtest5  (cost=22.87..3929.47 rows=1018 width=121)
	  Recheck Cond: ((id >= 3407734) AND (id <= 3408733))
	  ->  Bitmap Index Scan on sbtest5_pkey  (cost=0.00..22.61 rows=1018 width=0)
	        Index Cond: ((id >= 3407734) AND (id <= 3408733))

table 6 : explain SELECT c FROM sbtest6 WHERE id BETWEEN 9037418 AND 9038417
	Bitmap Heap Scan on sbtest6  (cost=22.87..3928.53 rows=1018 width=121)
	  Recheck Cond: ((id >= 9037418) AND (id <= 9038417))
	  ->  Bitmap Index Scan on sbtest6_pkey  (cost=0.00..22.61 rows=1018 width=0)
	        Index Cond: ((id >= 9037418) AND (id <= 9038417))

table 7 : explain SELECT c FROM sbtest7 WHERE id BETWEEN 8747961 AND 8748960
	Bitmap Heap Scan on sbtest7  (cost=23.19..4046.35 rows=1049 width=121)
	  Recheck Cond: ((id >= 8747961) AND (id <= 8748960))
	  ->  Bitmap Index Scan on sbtest7_pkey  (cost=0.00..22.93 rows=1049 width=0)
	        Index Cond: ((id >= 8747961) AND (id <= 8748960))

table 8 : explain SELECT c FROM sbtest8 WHERE id BETWEEN 5854911 AND 5855910
	Bitmap Heap Scan on sbtest8  (cost=22.92..3948.39 rows=1023 width=121)
	  Recheck Cond: ((id >= 5854911) AND (id <= 5855910))
	  ->  Bitmap Index Scan on sbtest8_pkey  (cost=0.00..22.66 rows=1023 width=0)
	        Index Cond: ((id >= 5854911) AND (id <= 5855910))

for: order_ranges
table 1 : explain SELECT c FROM sbtest1 WHERE id BETWEEN 7012680 AND 7013679 ORDER BY c
	Sort  (cost=3979.14..3981.68 rows=1018 width=121)
	  Sort Key: c
	  ->  Bitmap Heap Scan on sbtest1  (cost=22.87..3928.28 rows=1018 width=121)
	        Recheck Cond: ((id >= 7012680) AND (id <= 7013679))
	        ->  Bitmap Index Scan on sbtest1_pkey  (cost=0.00..22.61 rows=1018 width=0)
	              Index Cond: ((id >= 7012680) AND (id <= 7013679))

table 2 : explain SELECT c FROM sbtest2 WHERE id BETWEEN 2592172 AND 2593171 ORDER BY c
	Sort  (cost=3921.57..3924.08 rows=1003 width=121)
	  Sort Key: c
	  ->  Bitmap Heap Scan on sbtest2  (cost=22.72..3871.57 rows=1003 width=121)
	        Recheck Cond: ((id >= 2592172) AND (id <= 2593171))
	        ->  Bitmap Index Scan on sbtest2_pkey  (cost=0.00..22.46 rows=1003 width=0)
	              Index Cond: ((id >= 2592172) AND (id <= 2593171))

table 3 : explain SELECT c FROM sbtest3 WHERE id BETWEEN 789391 AND 790390 ORDER BY c
	Sort  (cost=3810.77..3813.21 rows=974 width=121)
	  Sort Key: c
	  ->  Bitmap Heap Scan on sbtest3  (cost=22.42..3762.42 rows=974 width=121)
	        Recheck Cond: ((id >= 789391) AND (id <= 790390))
	        ->  Bitmap Index Scan on sbtest3_pkey  (cost=0.00..22.18 rows=974 width=0)
	              Index Cond: ((id >= 789391) AND (id <= 790390))

table 4 : explain SELECT c FROM sbtest4 WHERE id BETWEEN 1739126 AND 1740125 ORDER BY c
	Sort  (cost=3978.93..3981.47 rows=1018 width=121)
	  Sort Key: c
	  ->  Bitmap Heap Scan on sbtest4  (cost=22.87..3928.07 rows=1018 width=121)
	        Recheck Cond: ((id >= 1739126) AND (id <= 1740125))
	        ->  Bitmap Index Scan on sbtest4_pkey  (cost=0.00..22.61 rows=1018 width=0)
	              Index Cond: ((id >= 1739126) AND (id <= 1740125))

table 5 : explain SELECT c FROM sbtest5 WHERE id BETWEEN 9257847 AND 9258846 ORDER BY c
	Sort  (cost=3524.65..3526.90 rows=899 width=121)
	  Sort Key: c
	  ->  Bitmap Heap Scan on sbtest5  (cost=21.65..3480.55 rows=899 width=121)
	        Recheck Cond: ((id >= 9257847) AND (id <= 9258846))
	        ->  Bitmap Index Scan on sbtest5_pkey  (cost=0.00..21.43 rows=899 width=0)
	              Index Cond: ((id >= 9257847) AND (id <= 9258846))

table 6 : explain SELECT c FROM sbtest6 WHERE id BETWEEN 2800771 AND 2801770 ORDER BY c
	Sort  (cost=3952.64..3955.17 rows=1011 width=121)
	  Sort Key: c
	  ->  Bitmap Heap Scan on sbtest6  (cost=22.80..3902.18 rows=1011 width=121)
	        Recheck Cond: ((id >= 2800771) AND (id <= 2801770))
	        ->  Bitmap Index Scan on sbtest6_pkey  (cost=0.00..22.54 rows=1011 width=0)
	              Index Cond: ((id >= 2800771) AND (id <= 2801770))

table 7 : explain SELECT c FROM sbtest7 WHERE id BETWEEN 245207 AND 246206 ORDER BY c
	Sort  (cost=4041.69..4044.27 rows=1034 width=121)
	  Sort Key: c
	  ->  Bitmap Heap Scan on sbtest7  (cost=23.03..3989.92 rows=1034 width=121)
	        Recheck Cond: ((id >= 245207) AND (id <= 246206))
	        ->  Bitmap Index Scan on sbtest7_pkey  (cost=0.00..22.77 rows=1034 width=0)
	              Index Cond: ((id >= 245207) AND (id <= 246206))

table 8 : explain SELECT c FROM sbtest8 WHERE id BETWEEN 5000672 AND 5001671 ORDER BY c
	Sort  (cost=3988.07..3990.62 rows=1020 width=121)
	  Sort Key: c
	  ->  Bitmap Heap Scan on sbtest8  (cost=22.89..3937.10 rows=1020 width=121)
	        Recheck Cond: ((id >= 5000672) AND (id <= 5001671))
	        ->  Bitmap Index Scan on sbtest8_pkey  (cost=0.00..22.64 rows=1020 width=0)
	              Index Cond: ((id >= 5000672) AND (id <= 5001671))

for: simple_ranges
table 1 : explain SELECT c FROM sbtest1 WHERE id BETWEEN 2058678 AND 2059677
	Bitmap Heap Scan on sbtest1  (cost=22.99..3973.42 rows=1030 width=121)
	  Recheck Cond: ((id >= 2058678) AND (id <= 2059677))
	  ->  Bitmap Index Scan on sbtest1_pkey  (cost=0.00..22.73 rows=1030 width=0)
	        Index Cond: ((id >= 2058678) AND (id <= 2059677))

table 2 : explain SELECT c FROM sbtest2 WHERE id BETWEEN 5316011 AND 5317010
	Bitmap Heap Scan on sbtest2  (cost=22.86..3924.26 rows=1017 width=121)
	  Recheck Cond: ((id >= 5316011) AND (id <= 5317010))
	  ->  Bitmap Index Scan on sbtest2_pkey  (cost=0.00..22.61 rows=1017 width=0)
	        Index Cond: ((id >= 5316011) AND (id <= 5317010))

table 3 : explain SELECT c FROM sbtest3 WHERE id BETWEEN 4623606 AND 4624605
	Bitmap Heap Scan on sbtest3  (cost=22.78..3894.24 rows=1009 width=121)
	  Recheck Cond: ((id >= 4623606) AND (id <= 4624605))
	  ->  Bitmap Index Scan on sbtest3_pkey  (cost=0.00..22.52 rows=1009 width=0)
	        Index Cond: ((id >= 4623606) AND (id <= 4624605))

table 4 : explain SELECT c FROM sbtest4 WHERE id BETWEEN 239995 AND 240994
	Bitmap Heap Scan on sbtest4  (cost=22.26..3705.85 rows=959 width=121)
	  Recheck Cond: ((id >= 239995) AND (id <= 240994))
	  ->  Bitmap Index Scan on sbtest4_pkey  (cost=0.00..22.02 rows=959 width=0)
	        Index Cond: ((id >= 239995) AND (id <= 240994))

table 5 : explain SELECT c FROM sbtest5 WHERE id BETWEEN 2722709 AND 2723708
	Bitmap Heap Scan on sbtest5  (cost=21.76..3522.12 rows=910 width=121)
	  Recheck Cond: ((id >= 2722709) AND (id <= 2723708))
	  ->  Bitmap Index Scan on sbtest5_pkey  (cost=0.00..21.54 rows=910 width=0)
	        Index Cond: ((id >= 2722709) AND (id <= 2723708))

table 6 : explain SELECT c FROM sbtest6 WHERE id BETWEEN 7685975 AND 7686974
	Bitmap Heap Scan on sbtest6  (cost=22.42..3762.82 rows=974 width=121)
	  Recheck Cond: ((id >= 7685975) AND (id <= 7686974))
	  ->  Bitmap Index Scan on sbtest6_pkey  (cost=0.00..22.18 rows=974 width=0)
	        Index Cond: ((id >= 7685975) AND (id <= 7686974))

table 7 : explain SELECT c FROM sbtest7 WHERE id BETWEEN 5615645 AND 5616644
	Bitmap Heap Scan on sbtest7  (cost=23.28..4080.19 rows=1058 width=121)
	  Recheck Cond: ((id >= 5615645) AND (id <= 5616644))
	  ->  Bitmap Index Scan on sbtest7_pkey  (cost=0.00..23.01 rows=1058 width=0)
	        Index Cond: ((id >= 5615645) AND (id <= 5616644))

table 8 : explain SELECT c FROM sbtest8 WHERE id BETWEEN 6260033 AND 6261032
	Bitmap Heap Scan on sbtest8  (cost=23.35..4106.37 rows=1065 width=121)
	  Recheck Cond: ((id >= 6260033) AND (id <= 6261032))
	  ->  Bitmap Index Scan on sbtest8_pkey  (cost=0.00..23.08 rows=1065 width=0)
	        Index Cond: ((id >= 6260033) AND (id <= 6261032))

for: order_ranges
table 1 : explain SELECT c FROM sbtest1 WHERE id BETWEEN 6185924 AND 6186923 ORDER BY c
	Sort  (cost=3898.89..3901.38 rows=997 width=121)
	  Sort Key: c
	  ->  Bitmap Heap Scan on sbtest1  (cost=22.65..3849.23 rows=997 width=121)
	        Recheck Cond: ((id >= 6185924) AND (id <= 6186923))
	        ->  Bitmap Index Scan on sbtest1_pkey  (cost=0.00..22.40 rows=997 width=0)
	              Index Cond: ((id >= 6185924) AND (id <= 6186923))

table 2 : explain SELECT c FROM sbtest2 WHERE id BETWEEN 2616097 AND 2617096 ORDER BY c
	Sort  (cost=3921.57..3924.08 rows=1003 width=121)
	  Sort Key: c
	  ->  Bitmap Heap Scan on sbtest2  (cost=22.72..3871.57 rows=1003 width=121)
	        Recheck Cond: ((id >= 2616097) AND (id <= 2617096))
	        ->  Bitmap Index Scan on sbtest2_pkey  (cost=0.00..22.46 rows=1003 width=0)
	              Index Cond: ((id >= 2616097) AND (id <= 2617096))

table 3 : explain SELECT c FROM sbtest3 WHERE id BETWEEN 4153214 AND 4154213 ORDER BY c
	Sort  (cost=3948.40..3950.92 rows=1010 width=121)
	  Sort Key: c
	  ->  Bitmap Heap Scan on sbtest3  (cost=22.79..3898.00 rows=1010 width=121)
	        Recheck Cond: ((id >= 4153214) AND (id <= 4154213))
	        ->  Bitmap Index Scan on sbtest3_pkey  (cost=0.00..22.54 rows=1010 width=0)
	              Index Cond: ((id >= 4153214) AND (id <= 4154213))

table 4 : explain SELECT c FROM sbtest4 WHERE id BETWEEN 2939862 AND 2940861 ORDER BY c
	Sort  (cost=4173.58..4176.25 rows=1069 width=121)
	  Sort Key: c
	  ->  Bitmap Heap Scan on sbtest4  (cost=23.39..4119.80 rows=1069 width=121)
	        Recheck Cond: ((id >= 2939862) AND (id <= 2940861))
	        ->  Bitmap Index Scan on sbtest4_pkey  (cost=0.00..23.12 rows=1069 width=0)
	              Index Cond: ((id >= 2939862) AND (id <= 2940861))

table 5 : explain SELECT c FROM sbtest5 WHERE id BETWEEN 5161328 AND 5162327 ORDER BY c
	Sort  (cost=3842.66..3845.12 rows=982 width=121)
	  Sort Key: c
	  ->  Bitmap Heap Scan on sbtest5  (cost=22.50..3793.86 rows=982 width=121)
	        Recheck Cond: ((id >= 5161328) AND (id <= 5162327))
	        ->  Bitmap Index Scan on sbtest5_pkey  (cost=0.00..22.25 rows=982 width=0)
	              Index Cond: ((id >= 5161328) AND (id <= 5162327))

table 6 : explain SELECT c FROM sbtest6 WHERE id BETWEEN 5196271 AND 5197270 ORDER BY c
	Sort  (cost=3769.08..3771.48 rows=963 width=121)
	  Sort Key: c
	  ->  Bitmap Heap Scan on sbtest6  (cost=22.31..3721.35 rows=963 width=121)
	        Recheck Cond: ((id >= 5196271) AND (id <= 5197270))
	        ->  Bitmap Index Scan on sbtest6_pkey  (cost=0.00..22.07 rows=963 width=0)
	              Index Cond: ((id >= 5196271) AND (id <= 5197270))

table 7 : explain SELECT c FROM sbtest7 WHERE id BETWEEN 8521389 AND 8522388 ORDER BY c
	Sort  (cost=3999.66..4002.22 rows=1023 width=121)
	  Sort Key: c
	  ->  Bitmap Heap Scan on sbtest7  (cost=22.92..3948.52 rows=1023 width=121)
	        Recheck Cond: ((id >= 8521389) AND (id <= 8522388))
	        ->  Bitmap Index Scan on sbtest7_pkey  (cost=0.00..22.66 rows=1023 width=0)
	              Index Cond: ((id >= 8521389) AND (id <= 8522388))

table 8 : explain SELECT c FROM sbtest8 WHERE id BETWEEN 5465427 AND 5466426 ORDER BY c
	Sort  (cost=3846.58..3849.04 rows=983 width=121)
	  Sort Key: c
	  ->  Bitmap Heap Scan on sbtest8  (cost=22.51..3797.72 rows=983 width=121)
	        Recheck Cond: ((id >= 5465427) AND (id <= 5466426))
	        ->  Bitmap Index Scan on sbtest8_pkey  (cost=0.00..22.26 rows=983 width=0)
	              Index Cond: ((id >= 5465427) AND (id <= 5466426))

for: distinct_ranges
table 1 : explain SELECT DISTINCT c FROM sbtest1 WHERE id BETWEEN 2724239 AND 2725238 ORDER BY c
	Unique  (cost=4089.87..4095.10 rows=1047 width=121)
	  ->  Sort  (cost=4089.87..4092.48 rows=1047 width=121)
	        Sort Key: c
	        ->  Bitmap Heap Scan on sbtest1  (cost=23.17..4037.35 rows=1047 width=121)
	              Recheck Cond: ((id >= 2724239) AND (id <= 2725238))
	              ->  Bitmap Index Scan on sbtest1_pkey  (cost=0.00..22.90 rows=1047 width=0)
	                    Index Cond: ((id >= 2724239) AND (id <= 2725238))

table 2 : explain SELECT DISTINCT c FROM sbtest2 WHERE id BETWEEN 7045297 AND 7046296 ORDER BY c
	Unique  (cost=3959.78..3964.85 rows=1013 width=121)
	  ->  Sort  (cost=3959.78..3962.31 rows=1013 width=121)
	        Sort Key: c
	        ->  Bitmap Heap Scan on sbtest2  (cost=22.82..3909.21 rows=1013 width=121)
	              Recheck Cond: ((id >= 7045297) AND (id <= 7046296))
	              ->  Bitmap Index Scan on sbtest2_pkey  (cost=0.00..22.57 rows=1013 width=0)
	                    Index Cond: ((id >= 7045297) AND (id <= 7046296))

table 3 : explain SELECT DISTINCT c FROM sbtest3 WHERE id BETWEEN 2005328 AND 2006327 ORDER BY c
	Unique  (cost=4135.47..4140.77 rows=1059 width=121)
	  ->  Sort  (cost=4135.47..4138.12 rows=1059 width=121)
	        Sort Key: c
	        ->  Bitmap Heap Scan on sbtest3  (cost=23.29..4082.27 rows=1059 width=121)
	              Recheck Cond: ((id >= 2005328) AND (id <= 2006327))
	              ->  Bitmap Index Scan on sbtest3_pkey  (cost=0.00..23.02 rows=1059 width=0)
	                    Index Cond: ((id >= 2005328) AND (id <= 2006327))

table 4 : explain SELECT DISTINCT c FROM sbtest4 WHERE id BETWEEN 9331614 AND 9332613 ORDER BY c
	Unique  (cost=4009.48..4014.61 rows=1026 width=121)
	  ->  Sort  (cost=4009.48..4012.05 rows=1026 width=121)
	        Sort Key: c
	        ->  Bitmap Heap Scan on sbtest4  (cost=22.95..3958.17 rows=1026 width=121)
	              Recheck Cond: ((id >= 9331614) AND (id <= 9332613))
	              ->  Bitmap Index Scan on sbtest4_pkey  (cost=0.00..22.69 rows=1026 width=0)
	                    Index Cond: ((id >= 9331614) AND (id <= 9332613))

table 5 : explain SELECT DISTINCT c FROM sbtest5 WHERE id BETWEEN 8936672 AND 8937671 ORDER BY c
	Unique  (cost=4114.02..4119.28 rows=1053 width=121)
	  ->  Sort  (cost=4114.02..4116.65 rows=1053 width=121)
	        Sort Key: c
	        ->  Bitmap Heap Scan on sbtest5  (cost=23.23..4061.16 rows=1053 width=121)
	              Recheck Cond: ((id >= 8936672) AND (id <= 8937671))
	              ->  Bitmap Index Scan on sbtest5_pkey  (cost=0.00..22.96 rows=1053 width=0)
	                    Index Cond: ((id >= 8936672) AND (id <= 8937671))

table 6 : explain SELECT DISTINCT c FROM sbtest6 WHERE id BETWEEN 7421712 AND 7422711 ORDER BY c
	Unique  (cost=4013.77..4018.90 rows=1027 width=121)
	  ->  Sort  (cost=4013.77..4016.33 rows=1027 width=121)
	        Sort Key: c
	        ->  Bitmap Heap Scan on sbtest6  (cost=22.96..3962.39 rows=1027 width=121)
	              Recheck Cond: ((id >= 7421712) AND (id <= 7422711))
	              ->  Bitmap Index Scan on sbtest6_pkey  (cost=0.00..22.70 rows=1027 width=0)
	                    Index Cond: ((id >= 7421712) AND (id <= 7422711))

table 7 : explain SELECT DISTINCT c FROM sbtest7 WHERE id BETWEEN 8639082 AND 8640081 ORDER BY c
	Unique  (cost=3823.74..3828.62 rows=977 width=121)
	  ->  Sort  (cost=3823.74..3826.18 rows=977 width=121)
	        Sort Key: c
	        ->  Bitmap Heap Scan on sbtest7  (cost=22.45..3775.22 rows=977 width=121)
	              Recheck Cond: ((id >= 8639082) AND (id <= 8640081))
	              ->  Bitmap Index Scan on sbtest7_pkey  (cost=0.00..22.20 rows=977 width=0)
	                    Index Cond: ((id >= 8639082) AND (id <= 8640081))

table 8 : explain SELECT DISTINCT c FROM sbtest8 WHERE id BETWEEN 6984519 AND 6985518 ORDER BY c
	Unique  (cost=3961.31..3966.38 rows=1013 width=121)
	  ->  Sort  (cost=3961.31..3963.84 rows=1013 width=121)
	        Sort Key: c
	        ->  Bitmap Heap Scan on sbtest8  (cost=22.82..3910.74 rows=1013 width=121)
	              Recheck Cond: ((id >= 6984519) AND (id <= 6985518))
	              ->  Bitmap Index Scan on sbtest8_pkey  (cost=0.00..22.57 rows=1013 width=0)
	                    Index Cond: ((id >= 6984519) AND (id <= 6985518))

for: order_ranges
table 1 : explain SELECT c FROM sbtest1 WHERE id BETWEEN 4574953 AND 4575952 ORDER BY c
	Sort  (cost=4166.17..4168.84 rows=1067 width=121)
	  Sort Key: c
	  ->  Bitmap Heap Scan on sbtest1  (cost=23.37..4112.51 rows=1067 width=121)
	        Recheck Cond: ((id >= 4574953) AND (id <= 4575952))
	        ->  Bitmap Index Scan on sbtest1_pkey  (cost=0.00..23.11 rows=1067 width=0)
	              Index Cond: ((id >= 4574953) AND (id <= 4575952))

table 2 : explain SELECT c FROM sbtest2 WHERE id BETWEEN 8787374 AND 8788373 ORDER BY c
	Sort  (cost=4291.97..4294.72 rows=1100 width=121)
	  Sort Key: c
	  ->  Bitmap Heap Scan on sbtest2  (cost=27.71..4236.40 rows=1100 width=121)
	        Recheck Cond: ((id >= 8787374) AND (id <= 8788373))
	        ->  Bitmap Index Scan on sbtest2_pkey  (cost=0.00..27.43 rows=1100 width=0)
	              Index Cond: ((id >= 8787374) AND (id <= 8788373))

table 3 : explain SELECT c FROM sbtest3 WHERE id BETWEEN 2733469 AND 2734468 ORDER BY c
	Sort  (cost=3833.72..3836.17 rows=980 width=121)
	  Sort Key: c
	  ->  Bitmap Heap Scan on sbtest3  (cost=22.48..3785.03 rows=980 width=121)
	        Recheck Cond: ((id >= 2733469) AND (id <= 2734468))
	        ->  Bitmap Index Scan on sbtest3_pkey  (cost=0.00..22.23 rows=980 width=0)
	              Index Cond: ((id >= 2733469) AND (id <= 2734468))

table 4 : explain SELECT c FROM sbtest4 WHERE id BETWEEN 155591 AND 156590 ORDER BY c
	Sort  (cost=4150.70..4153.35 rows=1063 width=121)
	  Sort Key: c
	  ->  Bitmap Heap Scan on sbtest4  (cost=23.33..4097.26 rows=1063 width=121)
	        Recheck Cond: ((id >= 155591) AND (id <= 156590))
	        ->  Bitmap Index Scan on sbtest4_pkey  (cost=0.00..23.07 rows=1063 width=0)
	              Index Cond: ((id >= 155591) AND (id <= 156590))

table 5 : explain SELECT c FROM sbtest5 WHERE id BETWEEN 2081472 AND 2082471 ORDER BY c
	Sort  (cost=4133.11..4135.75 rows=1058 width=121)
	  Sort Key: c
	  ->  Bitmap Heap Scan on sbtest5  (cost=23.28..4079.96 rows=1058 width=121)
	        Recheck Cond: ((id >= 2081472) AND (id <= 2082471))
	        ->  Bitmap Index Scan on sbtest5_pkey  (cost=0.00..23.01 rows=1058 width=0)
	              Index Cond: ((id >= 2081472) AND (id <= 2082471))

table 6 : explain SELECT c FROM sbtest6 WHERE id BETWEEN 7905209 AND 7906208 ORDER BY c
	Sort  (cost=4399.19..4402.01 rows=1128 width=121)
	  Sort Key: c
	  ->  Bitmap Heap Scan on sbtest6  (cost=28.00..4342.00 rows=1128 width=121)
	        Recheck Cond: ((id >= 7905209) AND (id <= 7906208))
	        ->  Bitmap Index Scan on sbtest6_pkey  (cost=0.00..27.71 rows=1128 width=0)
	              Index Cond: ((id >= 7905209) AND (id <= 7906208))

table 7 : explain SELECT c FROM sbtest7 WHERE id BETWEEN 7723650 AND 7724649 ORDER BY c
	Sort  (cost=3884.96..3887.44 rows=993 width=121)
	  Sort Key: c
	  ->  Bitmap Heap Scan on sbtest7  (cost=22.61..3835.53 rows=993 width=121)
	        Recheck Cond: ((id >= 7723650) AND (id <= 7724649))
	        ->  Bitmap Index Scan on sbtest7_pkey  (cost=0.00..22.36 rows=993 width=0)
	              Index Cond: ((id >= 7723650) AND (id <= 7724649))

table 8 : explain SELECT c FROM sbtest8 WHERE id BETWEEN 5635337 AND 5636336 ORDER BY c
	Sort  (cost=3850.41..3852.87 rows=984 width=121)
	  Sort Key: c
	  ->  Bitmap Heap Scan on sbtest8  (cost=22.52..3801.49 rows=984 width=121)
	        Recheck Cond: ((id >= 5635337) AND (id <= 5636336))
	        ->  Bitmap Index Scan on sbtest8_pkey  (cost=0.00..22.27 rows=984 width=0)
	              Index Cond: ((id >= 5635337) AND (id <= 5636336))

for: sum_ranges
table 1 : explain SELECT SUM(k) FROM sbtest1 WHERE id BETWEEN 3938292 AND 3939291
	Aggregate  (cost=3934.59..3934.60 rows=1 width=8)
	  ->  Bitmap Heap Scan on sbtest1  (cost=22.88..3932.04 rows=1019 width=4)
	        Recheck Cond: ((id >= 3938292) AND (id <= 3939291))
	        ->  Bitmap Index Scan on sbtest1_pkey  (cost=0.00..22.62 rows=1019 width=0)
	              Index Cond: ((id >= 3938292) AND (id <= 3939291))

table 2 : explain SELECT SUM(k) FROM sbtest2 WHERE id BETWEEN 4446503 AND 4447502
	Aggregate  (cost=3828.87..3828.88 rows=1 width=8)
	  ->  Bitmap Heap Scan on sbtest2  (cost=22.59..3826.39 rows=991 width=4)
	        Recheck Cond: ((id >= 4446503) AND (id <= 4447502))
	        ->  Bitmap Index Scan on sbtest2_pkey  (cost=0.00..22.34 rows=991 width=0)
	              Index Cond: ((id >= 4446503) AND (id <= 4447502))

table 3 : explain SELECT SUM(k) FROM sbtest3 WHERE id BETWEEN 8942852 AND 8943851
	Aggregate  (cost=4333.07..4333.08 rows=1 width=8)
	  ->  Bitmap Heap Scan on sbtest3  (cost=27.97..4330.26 rows=1125 width=4)
	        Recheck Cond: ((id >= 8942852) AND (id <= 8943851))
	        ->  Bitmap Index Scan on sbtest3_pkey  (cost=0.00..27.68 rows=1125 width=0)
	              Index Cond: ((id >= 8942852) AND (id <= 8943851))

table 4 : explain SELECT SUM(k) FROM sbtest4 WHERE id BETWEEN 8918858 AND 8919857
	Aggregate  (cost=4099.92..4099.93 rows=1 width=8)
	  ->  Bitmap Heap Scan on sbtest4  (cost=23.33..4097.26 rows=1063 width=4)
	        Recheck Cond: ((id >= 8918858) AND (id <= 8919857))
	        ->  Bitmap Index Scan on sbtest4_pkey  (cost=0.00..23.07 rows=1063 width=0)
	              Index Cond: ((id >= 8918858) AND (id <= 8919857))

table 5 : explain SELECT SUM(k) FROM sbtest5 WHERE id BETWEEN 2765013 AND 2766012
	Aggregate  (cost=3524.40..3524.41 rows=1 width=8)
	  ->  Bitmap Heap Scan on sbtest5  (cost=21.76..3522.12 rows=910 width=4)
	        Recheck Cond: ((id >= 2765013) AND (id <= 2766012))
	        ->  Bitmap Index Scan on sbtest5_pkey  (cost=0.00..21.54 rows=910 width=0)
	              Index Cond: ((id >= 2765013) AND (id <= 2766012))

table 6 : explain SELECT SUM(k) FROM sbtest6 WHERE id BETWEEN 6688608 AND 6689607
	Aggregate  (cost=3723.76..3723.77 rows=1 width=8)
	  ->  Bitmap Heap Scan on sbtest6  (cost=22.31..3721.35 rows=963 width=4)
	        Recheck Cond: ((id >= 6688608) AND (id <= 6689607))
	        ->  Bitmap Index Scan on sbtest6_pkey  (cost=0.00..22.07 rows=963 width=0)
	              Index Cond: ((id >= 6688608) AND (id <= 6689607))

table 7 : explain SELECT SUM(k) FROM sbtest7 WHERE id BETWEEN 4163942 AND 4164941
	Aggregate  (cost=3664.42..3664.43 rows=1 width=8)
	  ->  Bitmap Heap Scan on sbtest7  (cost=22.14..3662.05 rows=947 width=4)
	        Recheck Cond: ((id >= 4163942) AND (id <= 4164941))
	        ->  Bitmap Index Scan on sbtest7_pkey  (cost=0.00..21.90 rows=947 width=0)
	              Index Cond: ((id >= 4163942) AND (id <= 4164941))

table 8 : explain SELECT SUM(k) FROM sbtest8 WHERE id BETWEEN 5541395 AND 5542394
	Aggregate  (cost=3954.71..3954.72 rows=1 width=8)
	  ->  Bitmap Heap Scan on sbtest8  (cost=22.93..3952.15 rows=1024 width=4)
	        Recheck Cond: ((id >= 5541395) AND (id <= 5542394))
	        ->  Bitmap Index Scan on sbtest8_pkey  (cost=0.00..22.68 rows=1024 width=0)
	              Index Cond: ((id >= 5541395) AND (id <= 5542394))

explain: for point_selects :: explain SELECT c FROM sbtest%u WHERE id=%u
for: sum_ranges
table 1 : explain SELECT SUM(k) FROM sbtest1 WHERE id BETWEEN 1164210 AND 1165209
	Aggregate  (cost=3983.53..3983.54 rows=1 width=8)
	  ->  Bitmap Heap Scan on sbtest1  (cost=23.01..3980.95 rows=1032 width=4)
	        Recheck Cond: ((id >= 1164210) AND (id <= 1165209))
	        ->  Bitmap Index Scan on sbtest1_pkey  (cost=0.00..22.75 rows=1032 width=0)
	              Index Cond: ((id >= 1164210) AND (id <= 1165209))

table 2 : explain SELECT SUM(k) FROM sbtest2 WHERE id BETWEEN 2127503 AND 2128502
	Aggregate  (cost=3485.38..3485.39 rows=1 width=8)
	  ->  Bitmap Heap Scan on sbtest2  (cost=21.66..3483.13 rows=900 width=4)
	        Recheck Cond: ((id >= 2127503) AND (id <= 2128502))
	        ->  Bitmap Index Scan on sbtest2_pkey  (cost=0.00..21.43 rows=900 width=0)
	              Index Cond: ((id >= 2127503) AND (id <= 2128502))

table 3 : explain SELECT SUM(k) FROM sbtest3 WHERE id BETWEEN 6859685 AND 6860684
	Aggregate  (cost=3795.02..3795.03 rows=1 width=8)
	  ->  Bitmap Heap Scan on sbtest3  (cost=22.50..3792.57 rows=982 width=4)
	        Recheck Cond: ((id >= 6859685) AND (id <= 6860684))
	        ->  Bitmap Index Scan on sbtest3_pkey  (cost=0.00..22.25 rows=982 width=0)
	              Index Cond: ((id >= 6859685) AND (id <= 6860684))

table 4 : explain SELECT SUM(k) FROM sbtest4 WHERE id BETWEEN 3537177 AND 3538176
	Aggregate  (cost=4062.32..4062.33 rows=1 width=8)
	  ->  Bitmap Heap Scan on sbtest4  (cost=23.23..4059.68 rows=1053 width=4)
	        Recheck Cond: ((id >= 3537177) AND (id <= 3538176))
	        ->  Bitmap Index Scan on sbtest4_pkey  (cost=0.00..22.96 rows=1053 width=0)
	              Index Cond: ((id >= 3537177) AND (id <= 3538176))

table 5 : explain SELECT SUM(k) FROM sbtest5 WHERE id BETWEEN 6370196 AND 6371195
	Aggregate  (cost=3668.00..3668.01 rows=1 width=8)
	  ->  Bitmap Heap Scan on sbtest5  (cost=22.15..3665.63 rows=948 width=4)
	        Recheck Cond: ((id >= 6370196) AND (id <= 6371195))
	        ->  Bitmap Index Scan on sbtest5_pkey  (cost=0.00..21.91 rows=948 width=0)
	              Index Cond: ((id >= 6370196) AND (id <= 6371195))

table 6 : explain SELECT SUM(k) FROM sbtest6 WHERE id BETWEEN 6319724 AND 6320723
	Aggregate  (cost=3761.48..3761.49 rows=1 width=8)
	  ->  Bitmap Heap Scan on sbtest6  (cost=22.41..3759.05 rows=973 width=4)
	        Recheck Cond: ((id >= 6319724) AND (id <= 6320723))
	        ->  Bitmap Index Scan on sbtest6_pkey  (cost=0.00..22.16 rows=973 width=0)
	              Index Cond: ((id >= 6319724) AND (id <= 6320723))

table 7 : explain SELECT SUM(k) FROM sbtest7 WHERE id BETWEEN 6165992 AND 6166991
	Aggregate  (cost=3887.02..3887.03 rows=1 width=8)
	  ->  Bitmap Heap Scan on sbtest7  (cost=22.75..3884.50 rows=1006 width=4)
	        Recheck Cond: ((id >= 6165992) AND (id <= 6166991))
	        ->  Bitmap Index Scan on sbtest7_pkey  (cost=0.00..22.50 rows=1006 width=0)
	              Index Cond: ((id >= 6165992) AND (id <= 6166991))

table 8 : explain SELECT SUM(k) FROM sbtest8 WHERE id BETWEEN 2021651 AND 2022650
	Aggregate  (cost=4014.96..4014.97 rows=1 width=8)
	  ->  Bitmap Heap Scan on sbtest8  (cost=23.09..4012.36 rows=1040 width=4)
	        Recheck Cond: ((id >= 2021651) AND (id <= 2022650))
	        ->  Bitmap Index Scan on sbtest8_pkey  (cost=0.00..22.83 rows=1040 width=0)
	              Index Cond: ((id >= 2021651) AND (id <= 2022650))

for: distinct_ranges
table 1 : explain SELECT DISTINCT c FROM sbtest1 WHERE id BETWEEN 2648810 AND 2649809 ORDER BY c
	Unique  (cost=4089.87..4095.10 rows=1047 width=121)
	  ->  Sort  (cost=4089.87..4092.48 rows=1047 width=121)
	        Sort Key: c
	        ->  Bitmap Heap Scan on sbtest1  (cost=23.17..4037.35 rows=1047 width=121)
	              Recheck Cond: ((id >= 2648810) AND (id <= 2649809))
	              ->  Bitmap Index Scan on sbtest1_pkey  (cost=0.00..22.90 rows=1047 width=0)
	                    Index Cond: ((id >= 2648810) AND (id <= 2649809))

table 2 : explain SELECT DISTINCT c FROM sbtest2 WHERE id BETWEEN 1465392 AND 1466391 ORDER BY c
	Unique  (cost=3649.93..3654.59 rows=932 width=121)
	  ->  Sort  (cost=3649.93..3652.26 rows=932 width=121)
	        Sort Key: c
	        ->  Bitmap Heap Scan on sbtest2  (cost=21.99..3603.96 rows=932 width=121)
	              Recheck Cond: ((id >= 1465392) AND (id <= 1466391))
	              ->  Bitmap Index Scan on sbtest2_pkey  (cost=0.00..21.75 rows=932 width=0)
	                    Index Cond: ((id >= 1465392) AND (id <= 1466391))

table 3 : explain SELECT DISTINCT c FROM sbtest3 WHERE id BETWEEN 5799411 AND 5800410 ORDER BY c
	Unique  (cost=4013.34..4018.47 rows=1027 width=121)
	  ->  Sort  (cost=4013.34..4015.90 rows=1027 width=121)
	        Sort Key: c
	        ->  Bitmap Heap Scan on sbtest3  (cost=22.96..3961.96 rows=1027 width=121)
	              Recheck Cond: ((id >= 5799411) AND (id <= 5800410))
	              ->  Bitmap Index Scan on sbtest3_pkey  (cost=0.00..22.70 rows=1027 width=0)
	                    Index Cond: ((id >= 5799411) AND (id <= 5800410))

table 4 : explain SELECT DISTINCT c FROM sbtest4 WHERE id BETWEEN 1068158 AND 1069157 ORDER BY c
	Unique  (cost=3948.37..3953.42 rows=1010 width=121)
	  ->  Sort  (cost=3948.37..3950.89 rows=1010 width=121)
	        Sort Key: c
	        ->  Bitmap Heap Scan on sbtest4  (cost=22.79..3897.97 rows=1010 width=121)
	              Recheck Cond: ((id >= 1068158) AND (id <= 1069157))
	              ->  Bitmap Index Scan on sbtest4_pkey  (cost=0.00..22.54 rows=1010 width=0)
	                    Index Cond: ((id >= 1068158) AND (id <= 1069157))

table 5 : explain SELECT DISTINCT c FROM sbtest5 WHERE id BETWEEN 8213080 AND 8214079 ORDER BY c
	Unique  (cost=3965.04..3970.11 rows=1014 width=121)
	  ->  Sort  (cost=3965.04..3967.57 rows=1014 width=121)
	        Sort Key: c
	        ->  Bitmap Heap Scan on sbtest5  (cost=22.83..3914.41 rows=1014 width=121)
	              Recheck Cond: ((id >= 8213080) AND (id <= 8214079))
	              ->  Bitmap Index Scan on sbtest5_pkey  (cost=0.00..22.57 rows=1014 width=0)
	                    Index Cond: ((id >= 8213080) AND (id <= 8214079))

table 6 : explain SELECT DISTINCT c FROM sbtest6 WHERE id BETWEEN 6536673 AND 6537672 ORDER BY c
	Unique  (cost=4193.14..4198.51 rows=1074 width=121)
	  ->  Sort  (cost=4193.14..4195.83 rows=1074 width=121)
	        Sort Key: c
	        ->  Bitmap Heap Scan on sbtest6  (cost=23.44..4139.07 rows=1074 width=121)
	              Recheck Cond: ((id >= 6536673) AND (id <= 6537672))
	              ->  Bitmap Index Scan on sbtest6_pkey  (cost=0.00..23.18 rows=1074 width=0)
	                    Index Cond: ((id >= 6536673) AND (id <= 6537672))

table 7 : explain SELECT DISTINCT c FROM sbtest7 WHERE id BETWEEN 8542853 AND 8543852 ORDER BY c
	Unique  (cost=4194.40..4199.77 rows=1074 width=121)
	  ->  Sort  (cost=4194.40..4197.09 rows=1074 width=121)
	        Sort Key: c
	        ->  Bitmap Heap Scan on sbtest7  (cost=23.44..4140.33 rows=1074 width=121)
	              Recheck Cond: ((id >= 8542853) AND (id <= 8543852))
	              ->  Bitmap Index Scan on sbtest7_pkey  (cost=0.00..23.18 rows=1074 width=0)
	                    Index Cond: ((id >= 8542853) AND (id <= 8543852))

table 8 : explain SELECT DISTINCT c FROM sbtest8 WHERE id BETWEEN 1966619 AND 1967618 ORDER BY c
	Unique  (cost=3865.71..3870.65 rows=988 width=121)
	  ->  Sort  (cost=3865.71..3868.18 rows=988 width=121)
	        Sort Key: c
	        ->  Bitmap Heap Scan on sbtest8  (cost=22.56..3816.56 rows=988 width=121)
	              Recheck Cond: ((id >= 1966619) AND (id <= 1967618))
	              ->  Bitmap Index Scan on sbtest8_pkey  (cost=0.00..22.32 rows=988 width=0)
	                    Index Cond: ((id >= 1966619) AND (id <= 1967618))

for: order_ranges
table 1 : explain SELECT c FROM sbtest1 WHERE id BETWEEN 5822132 AND 5823131 ORDER BY c
	Sort  (cost=4185.24..4187.92 rows=1072 width=121)
	  Sort Key: c
	  ->  Bitmap Heap Scan on sbtest1  (cost=23.42..4131.29 rows=1072 width=121)
	        Recheck Cond: ((id >= 5822132) AND (id <= 5823131))
	        ->  Bitmap Index Scan on sbtest1_pkey  (cost=0.00..23.15 rows=1072 width=0)
	              Index Cond: ((id >= 5822132) AND (id <= 5823131))

table 2 : explain SELECT c FROM sbtest2 WHERE id BETWEEN 6235089 AND 6236088 ORDER BY c
	Sort  (cost=4074.34..4076.95 rows=1043 width=121)
	  Sort Key: c
	  ->  Bitmap Heap Scan on sbtest2  (cost=23.13..4022.05 rows=1043 width=121)
	        Recheck Cond: ((id >= 6235089) AND (id <= 6236088))
	        ->  Bitmap Index Scan on sbtest2_pkey  (cost=0.00..22.86 rows=1043 width=0)
	              Index Cond: ((id >= 6235089) AND (id <= 6236088))

table 3 : explain SELECT c FROM sbtest3 WHERE id BETWEEN 4540967 AND 4541966 ORDER BY c
	Sort  (cost=3940.76..3943.28 rows=1008 width=121)
	  Sort Key: c
	  ->  Bitmap Heap Scan on sbtest3  (cost=22.77..3890.47 rows=1008 width=121)
	        Recheck Cond: ((id >= 4540967) AND (id <= 4541966))
	        ->  Bitmap Index Scan on sbtest3_pkey  (cost=0.00..22.51 rows=1008 width=0)
	              Index Cond: ((id >= 4540967) AND (id <= 4541966))

table 4 : explain SELECT c FROM sbtest4 WHERE id BETWEEN 280932 AND 281931 ORDER BY c
	Sort  (cost=3753.35..3755.74 rows=959 width=121)
	  Sort Key: c
	  ->  Bitmap Heap Scan on sbtest4  (cost=22.26..3705.85 rows=959 width=121)
	        Recheck Cond: ((id >= 280932) AND (id <= 281931))
	        ->  Bitmap Index Scan on sbtest4_pkey  (cost=0.00..22.02 rows=959 width=0)
	              Index Cond: ((id >= 280932) AND (id <= 281931))

table 5 : explain SELECT c FROM sbtest5 WHERE id BETWEEN 342816 AND 343815 ORDER BY c
	Sort  (cost=3808.22..3810.65 rows=973 width=121)
	  Sort Key: c
	  ->  Bitmap Heap Scan on sbtest5  (cost=22.41..3759.93 rows=973 width=121)
	        Recheck Cond: ((id >= 342816) AND (id <= 343815))
	        ->  Bitmap Index Scan on sbtest5_pkey  (cost=0.00..22.16 rows=973 width=0)
	              Index Cond: ((id >= 342816) AND (id <= 343815))

table 6 : explain SELECT c FROM sbtest6 WHERE id BETWEEN 4379117 AND 4380116 ORDER BY c
	Sort  (cost=3967.92..3970.46 rows=1015 width=121)
	  Sort Key: c
	  ->  Bitmap Heap Scan on sbtest6  (cost=22.84..3917.24 rows=1015 width=121)
	        Recheck Cond: ((id >= 4379117) AND (id <= 4380116))
	        ->  Bitmap Index Scan on sbtest6_pkey  (cost=0.00..22.58 rows=1015 width=0)
	              Index Cond: ((id >= 4379117) AND (id <= 4380116))

table 7 : explain SELECT c FROM sbtest7 WHERE id BETWEEN 8713731 AND 8714730 ORDER BY c
	Sort  (cost=3823.74..3826.18 rows=977 width=121)
	  Sort Key: c
	  ->  Bitmap Heap Scan on sbtest7  (cost=22.45..3775.22 rows=977 width=121)
	        Recheck Cond: ((id >= 8713731) AND (id <= 8714730))
	        ->  Bitmap Index Scan on sbtest7_pkey  (cost=0.00..22.20 rows=977 width=0)
	              Index Cond: ((id >= 8713731) AND (id <= 8714730))

table 8 : explain SELECT c FROM sbtest8 WHERE id BETWEEN 4677596 AND 4678595 ORDER BY c
	Sort  (cost=4240.23..4242.94 rows=1085 width=121)
	  Sort Key: c
	  ->  Bitmap Heap Scan on sbtest8  (cost=27.56..4185.53 rows=1085 width=121)
	        Recheck Cond: ((id >= 4677596) AND (id <= 4678595))
	        ->  Bitmap Index Scan on sbtest8_pkey  (cost=0.00..27.29 rows=1085 width=0)
	              Index Cond: ((id >= 4677596) AND (id <= 4678595))

for: distinct_ranges
table 1 : explain SELECT DISTINCT c FROM sbtest1 WHERE id BETWEEN 8998452 AND 8999451 ORDER BY c
	Unique  (cost=3875.95..3880.90 rows=991 width=121)
	  ->  Sort  (cost=3875.95..3878.43 rows=991 width=121)
	        Sort Key: c
	        ->  Bitmap Heap Scan on sbtest1  (cost=22.59..3826.63 rows=991 width=121)
	              Recheck Cond: ((id >= 8998452) AND (id <= 8999451))
	              ->  Bitmap Index Scan on sbtest1_pkey  (cost=0.00..22.34 rows=991 width=0)
	                    Index Cond: ((id >= 8998452) AND (id <= 8999451))

table 2 : explain SELECT DISTINCT c FROM sbtest2 WHERE id BETWEEN 9160450 AND 9161449 ORDER BY c
	Unique  (cost=3580.96..3585.53 rows=914 width=121)
	  ->  Sort  (cost=3580.96..3583.25 rows=914 width=121)
	        Sort Key: c
	        ->  Bitmap Heap Scan on sbtest2  (cost=21.80..3536.01 rows=914 width=121)
	              Recheck Cond: ((id >= 9160450) AND (id <= 9161449))
	              ->  Bitmap Index Scan on sbtest2_pkey  (cost=0.00..21.57 rows=914 width=0)
	                    Index Cond: ((id >= 9160450) AND (id <= 9161449))

table 3 : explain SELECT DISTINCT c FROM sbtest3 WHERE id BETWEEN 1085366 AND 1086365 ORDER BY c
	Unique  (cost=4219.37..4224.78 rows=1081 width=121)
	  ->  Sort  (cost=4219.37..4222.07 rows=1081 width=121)
	        Sort Key: c
	        ->  Bitmap Heap Scan on sbtest3  (cost=23.52..4164.90 rows=1081 width=121)
	              Recheck Cond: ((id >= 1085366) AND (id <= 1086365))
	              ->  Bitmap Index Scan on sbtest3_pkey  (cost=0.00..23.25 rows=1081 width=0)
	                    Index Cond: ((id >= 1085366) AND (id <= 1086365))

table 4 : explain SELECT DISTINCT c FROM sbtest4 WHERE id BETWEEN 7558338 AND 7559337 ORDER BY c
	Unique  (cost=3906.33..3911.33 rows=999 width=121)
	  ->  Sort  (cost=3906.33..3908.83 rows=999 width=121)
	        Sort Key: c
	        ->  Bitmap Heap Scan on sbtest4  (cost=22.67..3856.56 rows=999 width=121)
	              Recheck Cond: ((id >= 7558338) AND (id <= 7559337))
	              ->  Bitmap Index Scan on sbtest4_pkey  (cost=0.00..22.43 rows=999 width=0)
	                    Index Cond: ((id >= 7558338) AND (id <= 7559337))

table 5 : explain SELECT DISTINCT c FROM sbtest5 WHERE id BETWEEN 9662265 AND 9663264 ORDER BY c
	Unique  (cost=3632.03..3636.67 rows=927 width=121)
	  ->  Sort  (cost=3632.03..3634.35 rows=927 width=121)
	        Sort Key: c
	        ->  Bitmap Heap Scan on sbtest5  (cost=21.94..3586.35 rows=927 width=121)
	              Recheck Cond: ((id >= 9662265) AND (id <= 9663264))
	              ->  Bitmap Index Scan on sbtest5_pkey  (cost=0.00..21.70 rows=927 width=0)
	                    Index Cond: ((id >= 9662265) AND (id <= 9663264))

table 6 : explain SELECT DISTINCT c FROM sbtest6 WHERE id BETWEEN 6107071 AND 6108070 ORDER BY c
	Unique  (cost=4189.33..4194.69 rows=1073 width=121)
	  ->  Sort  (cost=4189.33..4192.01 rows=1073 width=121)
	        Sort Key: c
	        ->  Bitmap Heap Scan on sbtest6  (cost=23.43..4135.32 rows=1073 width=121)
	              Recheck Cond: ((id >= 6107071) AND (id <= 6108070))
	              ->  Bitmap Index Scan on sbtest6_pkey  (cost=0.00..23.16 rows=1073 width=0)
	                    Index Cond: ((id >= 6107071) AND (id <= 6108070))

table 7 : explain SELECT DISTINCT c FROM sbtest7 WHERE id BETWEEN 5482264 AND 5483263 ORDER BY c
	Unique  (cost=4041.69..4046.86 rows=1034 width=121)
	  ->  Sort  (cost=4041.69..4044.27 rows=1034 width=121)
	        Sort Key: c
	        ->  Bitmap Heap Scan on sbtest7  (cost=23.03..3989.92 rows=1034 width=121)
	              Recheck Cond: ((id >= 5482264) AND (id <= 5483263))
	              ->  Bitmap Index Scan on sbtest7_pkey  (cost=0.00..22.77 rows=1034 width=0)
	                    Index Cond: ((id >= 5482264) AND (id <= 5483263))

table 8 : explain SELECT DISTINCT c FROM sbtest8 WHERE id BETWEEN 4411683 AND 4412682 ORDER BY c
	Unique  (cost=3635.95..3640.59 rows=928 width=121)
	  ->  Sort  (cost=3635.95..3638.27 rows=928 width=121)
	        Sort Key: c
	        ->  Bitmap Heap Scan on sbtest8  (cost=21.95..3590.21 rows=928 width=121)
	              Recheck Cond: ((id >= 4411683) AND (id <= 4412682))
	              ->  Bitmap Index Scan on sbtest8_pkey  (cost=0.00..21.71 rows=928 width=0)
	                    Index Cond: ((id >= 4411683) AND (id <= 4412682))

for: sum_ranges
table 1 : explain SELECT SUM(k) FROM sbtest1 WHERE id BETWEEN 2228421 AND 2229420
	Aggregate  (cost=3478.03..3478.04 rows=1 width=8)
	  ->  Bitmap Heap Scan on sbtest1  (cost=21.64..3475.78 rows=898 width=4)
	        Recheck Cond: ((id >= 2228421) AND (id <= 2229420))
	        ->  Bitmap Index Scan on sbtest1_pkey  (cost=0.00..21.41 rows=898 width=0)
	              Index Cond: ((id >= 2228421) AND (id <= 2229420))

table 2 : explain SELECT SUM(k) FROM sbtest2 WHERE id BETWEEN 2263240 AND 2264239
	Aggregate  (cost=3564.74..3564.75 rows=1 width=8)
	  ->  Bitmap Heap Scan on sbtest2  (cost=21.88..3562.44 rows=921 width=4)
	        Recheck Cond: ((id >= 2263240) AND (id <= 2264239))
	        ->  Bitmap Index Scan on sbtest2_pkey  (cost=0.00..21.64 rows=921 width=0)
	              Index Cond: ((id >= 2263240) AND (id <= 2264239))

table 3 : explain SELECT SUM(k) FROM sbtest3 WHERE id BETWEEN 7615184 AND 7616183
	Aggregate  (cost=3606.36..3606.37 rows=1 width=8)
	  ->  Bitmap Heap Scan on sbtest3  (cost=21.99..3604.03 rows=932 width=4)
	        Recheck Cond: ((id >= 7615184) AND (id <= 7616183))
	        ->  Bitmap Index Scan on sbtest3_pkey  (cost=0.00..21.75 rows=932 width=0)
	              Index Cond: ((id >= 7615184) AND (id <= 7616183))

table 4 : explain SELECT SUM(k) FROM sbtest4 WHERE id BETWEEN 4300238 AND 4301237
	Aggregate  (cost=4024.70..4024.71 rows=1 width=8)
	  ->  Bitmap Heap Scan on sbtest4  (cost=23.13..4022.10 rows=1043 width=4)
	        Recheck Cond: ((id >= 4300238) AND (id <= 4301237))
	        ->  Bitmap Index Scan on sbtest4_pkey  (cost=0.00..22.86 rows=1043 width=0)
	              Index Cond: ((id >= 4300238) AND (id <= 4301237))

table 5 : explain SELECT SUM(k) FROM sbtest5 WHERE id BETWEEN 6284468 AND 6285467
	Aggregate  (cost=3668.00..3668.01 rows=1 width=8)
	  ->  Bitmap Heap Scan on sbtest5  (cost=22.15..3665.63 rows=948 width=4)
	        Recheck Cond: ((id >= 6284468) AND (id <= 6285467))
	        ->  Bitmap Index Scan on sbtest5_pkey  (cost=0.00..21.91 rows=948 width=0)
	              Index Cond: ((id >= 6284468) AND (id <= 6285467))

table 6 : explain SELECT SUM(k) FROM sbtest6 WHERE id BETWEEN 3307130 AND 3308129
	Aggregate  (cost=3769.03..3769.04 rows=1 width=8)
	  ->  Bitmap Heap Scan on sbtest6  (cost=22.43..3766.59 rows=975 width=4)
	        Recheck Cond: ((id >= 3307130) AND (id <= 3308129))
	        ->  Bitmap Index Scan on sbtest6_pkey  (cost=0.00..22.18 rows=975 width=0)
	              Index Cond: ((id >= 3307130) AND (id <= 3308129))

table 7 : explain SELECT SUM(k) FROM sbtest7 WHERE id BETWEEN 1741944 AND 1742943
	Aggregate  (cost=3871.94..3871.95 rows=1 width=8)
	  ->  Bitmap Heap Scan on sbtest7  (cost=22.71..3869.44 rows=1002 width=4)
	        Recheck Cond: ((id >= 1741944) AND (id <= 1742943))
	        ->  Bitmap Index Scan on sbtest7_pkey  (cost=0.00..22.45 rows=1002 width=0)
	              Index Cond: ((id >= 1741944) AND (id <= 1742943))

table 8 : explain SELECT SUM(k) FROM sbtest8 WHERE id BETWEEN 1244684 AND 1245683
	Aggregate  (cost=3826.58..3826.59 rows=1 width=8)
	  ->  Bitmap Heap Scan on sbtest8  (cost=22.58..3824.10 rows=990 width=4)
	        Recheck Cond: ((id >= 1244684) AND (id <= 1245683))
	        ->  Bitmap Index Scan on sbtest8_pkey  (cost=0.00..22.33 rows=990 width=0)
	              Index Cond: ((id >= 1244684) AND (id <= 1245683))

for: order_ranges
table 1 : explain SELECT c FROM sbtest1 WHERE id BETWEEN 6283250 AND 6284249 ORDER BY c
	Sort  (cost=3902.71..3905.20 rows=998 width=121)
	  Sort Key: c
	  ->  Bitmap Heap Scan on sbtest1  (cost=22.66..3852.99 rows=998 width=121)
	        Recheck Cond: ((id >= 6283250) AND (id <= 6284249))
	        ->  Bitmap Index Scan on sbtest1_pkey  (cost=0.00..22.41 rows=998 width=0)
	              Index Cond: ((id >= 6283250) AND (id <= 6284249))

table 2 : explain SELECT c FROM sbtest2 WHERE id BETWEEN 7308620 AND 7309619 ORDER BY c
	Sort  (cost=4245.97..4248.69 rows=1088 width=121)
	  Sort Key: c
	  ->  Bitmap Heap Scan on sbtest2  (cost=23.59..4191.09 rows=1088 width=121)
	        Recheck Cond: ((id >= 7308620) AND (id <= 7309619))
	        ->  Bitmap Index Scan on sbtest2_pkey  (cost=0.00..23.32 rows=1088 width=0)
	              Index Cond: ((id >= 7308620) AND (id <= 7309619))

table 3 : explain SELECT c FROM sbtest3 WHERE id BETWEEN 7052571 AND 7053570 ORDER BY c
	Sort  (cost=3902.54..3905.04 rows=998 width=121)
	  Sort Key: c
	  ->  Bitmap Heap Scan on sbtest3  (cost=22.66..3852.83 rows=998 width=121)
	        Recheck Cond: ((id >= 7052571) AND (id <= 7053570))
	        ->  Bitmap Index Scan on sbtest3_pkey  (cost=0.00..22.41 rows=998 width=0)
	              Index Cond: ((id >= 7052571) AND (id <= 7053570))

table 4 : explain SELECT c FROM sbtest4 WHERE id BETWEEN 8368223 AND 8369222 ORDER BY c
	Sort  (cost=3879.57..3882.05 rows=992 width=121)
	  Sort Key: c
	  ->  Bitmap Heap Scan on sbtest4  (cost=22.60..3830.20 rows=992 width=121)
	        Recheck Cond: ((id >= 8368223) AND (id <= 8369222))
	        ->  Bitmap Index Scan on sbtest4_pkey  (cost=0.00..22.36 rows=992 width=0)
	              Index Cond: ((id >= 8368223) AND (id <= 8369222))

table 5 : explain SELECT c FROM sbtest5 WHERE id BETWEEN 3137219 AND 3138218 ORDER BY c
	Sort  (cost=3854.14..3856.60 rows=985 width=121)
	  Sort Key: c
	  ->  Bitmap Heap Scan on sbtest5  (cost=22.53..3805.17 rows=985 width=121)
	        Recheck Cond: ((id >= 3137219) AND (id <= 3138218))
	        ->  Bitmap Index Scan on sbtest5_pkey  (cost=0.00..22.29 rows=985 width=0)
	              Index Cond: ((id >= 3137219) AND (id <= 3138218))

table 6 : explain SELECT c FROM sbtest6 WHERE id BETWEEN 7892317 AND 7893316 ORDER BY c
	Sort  (cost=4399.19..4402.01 rows=1128 width=121)
	  Sort Key: c
	  ->  Bitmap Heap Scan on sbtest6  (cost=28.00..4342.00 rows=1128 width=121)
	        Recheck Cond: ((id >= 7892317) AND (id <= 7893316))
	        ->  Bitmap Index Scan on sbtest6_pkey  (cost=0.00..27.71 rows=1128 width=0)
	              Index Cond: ((id >= 7892317) AND (id <= 7893316))

table 7 : explain SELECT c FROM sbtest7 WHERE id BETWEEN 4438052 AND 4439051 ORDER BY c
	Sort  (cost=4121.89..4124.53 rows=1055 width=121)
	  Sort Key: c
	  ->  Bitmap Heap Scan on sbtest7  (cost=23.25..4068.91 rows=1055 width=121)
	        Recheck Cond: ((id >= 4438052) AND (id <= 4439051))
	        ->  Bitmap Index Scan on sbtest7_pkey  (cost=0.00..22.98 rows=1055 width=0)
	              Index Cond: ((id >= 4438052) AND (id <= 4439051))

table 8 : explain SELECT c FROM sbtest8 WHERE id BETWEEN 6496396 AND 6497395 ORDER BY c
	Sort  (cost=3815.97..3818.40 rows=975 width=121)
	  Sort Key: c
	  ->  Bitmap Heap Scan on sbtest8  (cost=22.43..3767.56 rows=975 width=121)
	        Recheck Cond: ((id >= 6496396) AND (id <= 6497395))
	        ->  Bitmap Index Scan on sbtest8_pkey  (cost=0.00..22.18 rows=975 width=0)
	              Index Cond: ((id >= 6496396) AND (id <= 6497395))

explain: for point_selects :: explain SELECT c FROM sbtest%u WHERE id=%u
for: distinct_ranges
table 1 : explain SELECT DISTINCT c FROM sbtest1 WHERE id BETWEEN 6072298 AND 6073297 ORDER BY c
	Unique  (cost=3872.13..3877.08 rows=990 width=121)
	  ->  Sort  (cost=3872.13..3874.60 rows=990 width=121)
	        Sort Key: c
	        ->  Bitmap Heap Scan on sbtest1  (cost=22.58..3822.87 rows=990 width=121)
	              Recheck Cond: ((id >= 6072298) AND (id <= 6073297))
	              ->  Bitmap Index Scan on sbtest1_pkey  (cost=0.00..22.33 rows=990 width=0)
	                    Index Cond: ((id >= 6072298) AND (id <= 6073297))

table 2 : explain SELECT DISTINCT c FROM sbtest2 WHERE id BETWEEN 5705658 AND 5706657 ORDER BY c
	Unique  (cost=3906.29..3911.28 rows=999 width=121)
	  ->  Sort  (cost=3906.29..3908.78 rows=999 width=121)
	        Sort Key: c
	        ->  Bitmap Heap Scan on sbtest2  (cost=22.67..3856.51 rows=999 width=121)
	              Recheck Cond: ((id >= 5705658) AND (id <= 5706657))
	              ->  Bitmap Index Scan on sbtest2_pkey  (cost=0.00..22.43 rows=999 width=0)
	                    Index Cond: ((id >= 5705658) AND (id <= 5706657))

table 3 : explain SELECT DISTINCT c FROM sbtest3 WHERE id BETWEEN 257598 AND 258597 ORDER BY c
	Unique  (cost=3577.20..3581.76 rows=913 width=121)
	  ->  Sort  (cost=3577.20..3579.48 rows=913 width=121)
	        Sort Key: c
	        ->  Bitmap Heap Scan on sbtest3  (cost=21.79..3532.30 rows=913 width=121)
	              Recheck Cond: ((id >= 257598) AND (id <= 258597))
	              ->  Bitmap Index Scan on sbtest3_pkey  (cost=0.00..21.57 rows=913 width=0)
	                    Index Cond: ((id >= 257598) AND (id <= 258597))

table 4 : explain SELECT DISTINCT c FROM sbtest4 WHERE id BETWEEN 5479771 AND 5480770 ORDER BY c
	Unique  (cost=3646.14..3650.79 rows=931 width=121)
	  ->  Sort  (cost=3646.14..3648.47 rows=931 width=121)
	        Sort Key: c
	        ->  Bitmap Heap Scan on sbtest4  (cost=21.98..3600.23 rows=931 width=121)
	              Recheck Cond: ((id >= 5479771) AND (id <= 5480770))
	              ->  Bitmap Index Scan on sbtest4_pkey  (cost=0.00..21.75 rows=931 width=0)
	                    Index Cond: ((id >= 5479771) AND (id <= 5480770))

table 5 : explain SELECT DISTINCT c FROM sbtest5 WHERE id BETWEEN 4294251 AND 4295250 ORDER BY c
	Unique  (cost=3762.28..3767.09 rows=961 width=121)
	  ->  Sort  (cost=3762.28..3764.69 rows=961 width=121)
	        Sort Key: c
	        ->  Bitmap Heap Scan on sbtest5  (cost=22.29..3714.67 rows=961 width=121)
	              Recheck Cond: ((id >= 4294251) AND (id <= 4295250))
	              ->  Bitmap Index Scan on sbtest5_pkey  (cost=0.00..22.04 rows=961 width=0)
	                    Index Cond: ((id >= 4294251) AND (id <= 4295250))

table 6 : explain SELECT DISTINCT c FROM sbtest6 WHERE id BETWEEN 3932730 AND 3933729 ORDER BY c
	Unique  (cost=4036.68..4041.85 rows=1033 width=121)
	  ->  Sort  (cost=4036.68..4039.26 rows=1033 width=121)
	        Sort Key: c
	        ->  Bitmap Heap Scan on sbtest6  (cost=23.02..3984.96 rows=1033 width=121)
	              Recheck Cond: ((id >= 3932730) AND (id <= 3933729))
	              ->  Bitmap Index Scan on sbtest6_pkey  (cost=0.00..22.76 rows=1033 width=0)
	                    Index Cond: ((id >= 3932730) AND (id <= 3933729))

table 7 : explain SELECT DISTINCT c FROM sbtest7 WHERE id BETWEEN 2672308 AND 2673307 ORDER BY c
	Unique  (cost=3995.84..4000.95 rows=1022 width=121)
	  ->  Sort  (cost=3995.84..3998.39 rows=1022 width=121)
	        Sort Key: c
	        ->  Bitmap Heap Scan on sbtest7  (cost=22.91..3944.75 rows=1022 width=121)
	              Recheck Cond: ((id >= 2672308) AND (id <= 2673307))
	              ->  Bitmap Index Scan on sbtest7_pkey  (cost=0.00..22.65 rows=1022 width=0)
	                    Index Cond: ((id >= 2672308) AND (id <= 2673307))

table 8 : explain SELECT DISTINCT c FROM sbtest8 WHERE id BETWEEN 9522210 AND 9523209 ORDER BY c
	Unique  (cost=3835.10..3840.00 rows=980 width=121)
	  ->  Sort  (cost=3835.10..3837.55 rows=980 width=121)
	        Sort Key: c
	        ->  Bitmap Heap Scan on sbtest8  (cost=22.48..3786.41 rows=980 width=121)
	              Recheck Cond: ((id >= 9522210) AND (id <= 9523209))
	              ->  Bitmap Index Scan on sbtest8_pkey  (cost=0.00..22.23 rows=980 width=0)
	                    Index Cond: ((id >= 9522210) AND (id <= 9523209))

for: distinct_ranges
table 1 : explain SELECT DISTINCT c FROM sbtest1 WHERE id BETWEEN 7952002 AND 7953001 ORDER BY c
	Unique  (cost=4158.55..4163.87 rows=1065 width=121)
	  ->  Sort  (cost=4158.55..4161.21 rows=1065 width=121)
	        Sort Key: c
	        ->  Bitmap Heap Scan on sbtest1  (cost=23.35..4104.99 rows=1065 width=121)
	              Recheck Cond: ((id >= 7952002) AND (id <= 7953001))
	              ->  Bitmap Index Scan on sbtest1_pkey  (cost=0.00..23.08 rows=1065 width=0)
	                    Index Cond: ((id >= 7952002) AND (id <= 7953001))

table 2 : explain SELECT DISTINCT c FROM sbtest2 WHERE id BETWEEN 9647758 AND 9648757 ORDER BY c
	Unique  (cost=4089.60..4094.84 rows=1047 width=121)
	  ->  Sort  (cost=4089.60..4092.22 rows=1047 width=121)
	        Sort Key: c
	        ->  Bitmap Heap Scan on sbtest2  (cost=23.17..4037.09 rows=1047 width=121)
	              Recheck Cond: ((id >= 9647758) AND (id <= 9648757))
	              ->  Bitmap Index Scan on sbtest2_pkey  (cost=0.00..22.90 rows=1047 width=0)
	                    Index Cond: ((id >= 9647758) AND (id <= 9648757))

table 3 : explain SELECT DISTINCT c FROM sbtest3 WHERE id BETWEEN 3251695 AND 3252694 ORDER BY c
	Unique  (cost=4074.42..4079.63 rows=1043 width=121)
	  ->  Sort  (cost=4074.42..4077.03 rows=1043 width=121)
	        Sort Key: c
	        ->  Bitmap Heap Scan on sbtest3  (cost=23.13..4022.13 rows=1043 width=121)
	              Recheck Cond: ((id >= 3251695) AND (id <= 3252694))
	              ->  Bitmap Index Scan on sbtest3_pkey  (cost=0.00..22.86 rows=1043 width=0)
	                    Index Cond: ((id >= 3251695) AND (id <= 3252694))

table 4 : explain SELECT DISTINCT c FROM sbtest4 WHERE id BETWEEN 4314853 AND 4315852 ORDER BY c
	Unique  (cost=4074.39..4079.60 rows=1043 width=121)
	  ->  Sort  (cost=4074.39..4076.99 rows=1043 width=121)
	        Sort Key: c
	        ->  Bitmap Heap Scan on sbtest4  (cost=23.13..4022.10 rows=1043 width=121)
	              Recheck Cond: ((id >= 4314853) AND (id <= 4315852))
	              ->  Bitmap Index Scan on sbtest4_pkey  (cost=0.00..22.86 rows=1043 width=0)
	                    Index Cond: ((id >= 4314853) AND (id <= 4315852))

table 5 : explain SELECT DISTINCT c FROM sbtest5 WHERE id BETWEEN 7164540 AND 7165539 ORDER BY c
	Unique  (cost=4194.16..4199.53 rows=1074 width=121)
	  ->  Sort  (cost=4194.16..4196.85 rows=1074 width=121)
	        Sort Key: c
	        ->  Bitmap Heap Scan on sbtest5  (cost=23.44..4140.09 rows=1074 width=121)
	              Recheck Cond: ((id >= 7164540) AND (id <= 7165539))
	              ->  Bitmap Index Scan on sbtest5_pkey  (cost=0.00..23.18 rows=1074 width=0)
	                    Index Cond: ((id >= 7164540) AND (id <= 7165539))

table 6 : explain SELECT DISTINCT c FROM sbtest6 WHERE id BETWEEN 5979805 AND 5980804 ORDER BY c
	Unique  (cost=3378.04..3382.34 rows=861 width=121)
	  ->  Sort  (cost=3378.04..3380.19 rows=861 width=121)
	        Sort Key: c
	        ->  Bitmap Heap Scan on sbtest6  (cost=21.26..3336.06 rows=861 width=121)
	              Recheck Cond: ((id >= 5979805) AND (id <= 5980804))
	              ->  Bitmap Index Scan on sbtest6_pkey  (cost=0.00..21.04 rows=861 width=0)
	                    Index Cond: ((id >= 5979805) AND (id <= 5980804))

table 7 : explain SELECT DISTINCT c FROM sbtest7 WHERE id BETWEEN 9347861 AND 9348860 ORDER BY c
	Unique  (cost=3976.73..3981.81 rows=1017 width=121)
	  ->  Sort  (cost=3976.73..3979.27 rows=1017 width=121)
	        Sort Key: c
	        ->  Bitmap Heap Scan on sbtest7  (cost=22.86..3925.93 rows=1017 width=121)
	              Recheck Cond: ((id >= 9347861) AND (id <= 9348860))
	              ->  Bitmap Index Scan on sbtest7_pkey  (cost=0.00..22.61 rows=1017 width=0)
	                    Index Cond: ((id >= 9347861) AND (id <= 9348860))

table 8 : explain SELECT DISTINCT c FROM sbtest8 WHERE id BETWEEN 2673265 AND 2674264 ORDER BY c
	Unique  (cost=3509.39..3513.86 rows=895 width=121)
	  ->  Sort  (cost=3509.39..3511.62 rows=895 width=121)
	        Sort Key: c
	        ->  Bitmap Heap Scan on sbtest8  (cost=21.61..3465.51 rows=895 width=121)
	              Recheck Cond: ((id >= 2673265) AND (id <= 2674264))
	              ->  Bitmap Index Scan on sbtest8_pkey  (cost=0.00..21.39 rows=895 width=0)
	                    Index Cond: ((id >= 2673265) AND (id <= 2674264))

for: distinct_ranges
table 1 : explain SELECT DISTINCT c FROM sbtest1 WHERE id BETWEEN 3242314 AND 3243313 ORDER BY c
	Unique  (cost=3745.88..3750.67 rows=957 width=121)
	  ->  Sort  (cost=3745.88..3748.27 rows=957 width=121)
	        Sort Key: c
	        ->  Bitmap Heap Scan on sbtest1  (cost=22.24..3698.50 rows=957 width=121)
	              Recheck Cond: ((id >= 3242314) AND (id <= 3243313))
	              ->  Bitmap Index Scan on sbtest1_pkey  (cost=0.00..22.00 rows=957 width=0)
	                    Index Cond: ((id >= 3242314) AND (id <= 3243313))

table 2 : explain SELECT DISTINCT c FROM sbtest2 WHERE id BETWEEN 3394298 AND 3395297 ORDER BY c
	Unique  (cost=4123.94..4129.22 rows=1056 width=121)
	  ->  Sort  (cost=4123.94..4126.58 rows=1056 width=121)
	        Sort Key: c
	        ->  Bitmap Heap Scan on sbtest2  (cost=23.26..4070.91 rows=1056 width=121)
	              Recheck Cond: ((id >= 3394298) AND (id <= 3395297))
	              ->  Bitmap Index Scan on sbtest2_pkey  (cost=0.00..23.00 rows=1056 width=0)
	                    Index Cond: ((id >= 3394298) AND (id <= 3395297))

table 3 : explain SELECT DISTINCT c FROM sbtest3 WHERE id BETWEEN 9230339 AND 9231338 ORDER BY c
	Unique  (cost=3956.04..3961.10 rows=1012 width=121)
	  ->  Sort  (cost=3956.04..3958.57 rows=1012 width=121)
	        Sort Key: c
	        ->  Bitmap Heap Scan on sbtest3  (cost=22.81..3905.53 rows=1012 width=121)
	              Recheck Cond: ((id >= 9230339) AND (id <= 9231338))
	              ->  Bitmap Index Scan on sbtest3_pkey  (cost=0.00..22.55 rows=1012 width=0)
	                    Index Cond: ((id >= 9230339) AND (id <= 9231338))

table 4 : explain SELECT DISTINCT c FROM sbtest4 WHERE id BETWEEN 5601717 AND 5602716 ORDER BY c
	Unique  (cost=3883.40..3888.36 rows=993 width=121)
	  ->  Sort  (cost=3883.40..3885.88 rows=993 width=121)
	        Sort Key: c
	        ->  Bitmap Heap Scan on sbtest4  (cost=22.61..3833.97 rows=993 width=121)
	              Recheck Cond: ((id >= 5601717) AND (id <= 5602716))
	              ->  Bitmap Index Scan on sbtest4_pkey  (cost=0.00..22.36 rows=993 width=0)
	                    Index Cond: ((id >= 5601717) AND (id <= 5602716))

table 5 : explain SELECT DISTINCT c FROM sbtest5 WHERE id BETWEEN 4074001 AND 4075000 ORDER BY c
	Unique  (cost=3968.86..3973.94 rows=1015 width=121)
	  ->  Sort  (cost=3968.86..3971.40 rows=1015 width=121)
	        Sort Key: c
	        ->  Bitmap Heap Scan on sbtest5  (cost=22.84..3918.18 rows=1015 width=121)
	              Recheck Cond: ((id >= 4074001) AND (id <= 4075000))
	              ->  Bitmap Index Scan on sbtest5_pkey  (cost=0.00..22.58 rows=1015 width=0)
	                    Index Cond: ((id >= 4074001) AND (id <= 4075000))

table 6 : explain SELECT DISTINCT c FROM sbtest6 WHERE id BETWEEN 9368248 AND 9369247 ORDER BY c
	Unique  (cost=3945.00..3950.04 rows=1009 width=121)
	  ->  Sort  (cost=3945.00..3947.52 rows=1009 width=121)
	        Sort Key: c
	        ->  Bitmap Heap Scan on sbtest6  (cost=22.78..3894.66 rows=1009 width=121)
	              Recheck Cond: ((id >= 9368248) AND (id <= 9369247))
	              ->  Bitmap Index Scan on sbtest6_pkey  (cost=0.00..22.52 rows=1009 width=0)
	                    Index Cond: ((id >= 9368248) AND (id <= 9369247))

table 7 : explain SELECT DISTINCT c FROM sbtest7 WHERE id BETWEEN 9619645 AND 9620644 ORDER BY c
	Unique  (cost=4427.21..4432.88 rows=1135 width=121)
	  ->  Sort  (cost=4427.21..4430.04 rows=1135 width=121)
	        Sort Key: c
	        ->  Bitmap Heap Scan on sbtest7  (cost=28.07..4369.61 rows=1135 width=121)
	              Recheck Cond: ((id >= 9619645) AND (id <= 9620644))
	              ->  Bitmap Index Scan on sbtest7_pkey  (cost=0.00..27.79 rows=1135 width=0)
	                    Index Cond: ((id >= 9619645) AND (id <= 9620644))

table 8 : explain SELECT DISTINCT c FROM sbtest8 WHERE id BETWEEN 2669788 AND 2670787 ORDER BY c
	Unique  (cost=3509.39..3513.86 rows=895 width=121)
	  ->  Sort  (cost=3509.39..3511.62 rows=895 width=121)
	        Sort Key: c
	        ->  Bitmap Heap Scan on sbtest8  (cost=21.61..3465.51 rows=895 width=121)
	              Recheck Cond: ((id >= 2669788) AND (id <= 2670787))
	              ->  Bitmap Index Scan on sbtest8_pkey  (cost=0.00..21.39 rows=895 width=0)
	                    Index Cond: ((id >= 2669788) AND (id <= 2670787))

for: order_ranges
table 1 : explain SELECT c FROM sbtest1 WHERE id BETWEEN 2686806 AND 2687805 ORDER BY c
	Sort  (cost=4089.87..4092.48 rows=1047 width=121)
	  Sort Key: c
	  ->  Bitmap Heap Scan on sbtest1  (cost=23.17..4037.35 rows=1047 width=121)
	        Recheck Cond: ((id >= 2686806) AND (id <= 2687805))
	        ->  Bitmap Index Scan on sbtest1_pkey  (cost=0.00..22.90 rows=1047 width=0)
	              Index Cond: ((id >= 2686806) AND (id <= 2687805))

table 2 : explain SELECT c FROM sbtest2 WHERE id BETWEEN 6734480 AND 6735479 ORDER BY c
	Sort  (cost=3718.86..3721.23 rows=950 width=121)
	  Sort Key: c
	  ->  Bitmap Heap Scan on sbtest2  (cost=22.17..3671.87 rows=950 width=121)
	        Recheck Cond: ((id >= 6734480) AND (id <= 6735479))
	        ->  Bitmap Index Scan on sbtest2_pkey  (cost=0.00..21.93 rows=950 width=0)
	              Index Cond: ((id >= 6734480) AND (id <= 6735479))

table 3 : explain SELECT c FROM sbtest3 WHERE id BETWEEN 2294971 AND 2295970 ORDER BY c
	Sort  (cost=3722.76..3725.13 rows=951 width=121)
	  Sort Key: c
	  ->  Bitmap Heap Scan on sbtest3  (cost=22.18..3675.71 rows=951 width=121)
	        Recheck Cond: ((id >= 2294971) AND (id <= 2295970))
	        ->  Bitmap Index Scan on sbtest3_pkey  (cost=0.00..21.94 rows=951 width=0)
	              Index Cond: ((id >= 2294971) AND (id <= 2295970))

table 4 : explain SELECT c FROM sbtest4 WHERE id BETWEEN 4609380 AND 4610379 ORDER BY c
	Sort  (cost=3837.51..3839.97 rows=981 width=121)
	  Sort Key: c
	  ->  Bitmap Heap Scan on sbtest4  (cost=22.49..3788.77 rows=981 width=121)
	        Recheck Cond: ((id >= 4609380) AND (id <= 4610379))
	        ->  Bitmap Index Scan on sbtest4_pkey  (cost=0.00..22.25 rows=981 width=0)
	              Index Cond: ((id >= 4609380) AND (id <= 4610379))

table 5 : explain SELECT c FROM sbtest5 WHERE id BETWEEN 8244788 AND 8245787 ORDER BY c
	Sort  (cost=3551.51..3553.77 rows=906 width=121)
	  Sort Key: c
	  ->  Bitmap Heap Scan on sbtest5  (cost=21.72..3507.01 rows=906 width=121)
	        Recheck Cond: ((id >= 8244788) AND (id <= 8245787))
	        ->  Bitmap Index Scan on sbtest5_pkey  (cost=0.00..21.50 rows=906 width=0)
	              Index Cond: ((id >= 8244788) AND (id <= 8245787))

table 6 : explain SELECT c FROM sbtest6 WHERE id BETWEEN 9380952 AND 9381951 ORDER BY c
	Sort  (cost=3945.00..3947.52 rows=1009 width=121)
	  Sort Key: c
	  ->  Bitmap Heap Scan on sbtest6  (cost=22.78..3894.66 rows=1009 width=121)
	        Recheck Cond: ((id >= 9380952) AND (id <= 9381951))
	        ->  Bitmap Index Scan on sbtest6_pkey  (cost=0.00..22.52 rows=1009 width=0)
	              Index Cond: ((id >= 9380952) AND (id <= 9381951))

table 7 : explain SELECT c FROM sbtest7 WHERE id BETWEEN 1100821 AND 1101820 ORDER BY c
	Sort  (cost=3724.19..3726.57 rows=951 width=121)
	  Sort Key: c
	  ->  Bitmap Heap Scan on sbtest7  (cost=22.18..3677.15 rows=951 width=121)
	        Recheck Cond: ((id >= 1100821) AND (id <= 1101820))
	        ->  Bitmap Index Scan on sbtest7_pkey  (cost=0.00..21.94 rows=951 width=0)
	              Index Cond: ((id >= 1100821) AND (id <= 1101820))

table 8 : explain SELECT c FROM sbtest8 WHERE id BETWEEN 381314 AND 382313 ORDER BY c
	Sort  (cost=3670.44..3672.78 rows=937 width=121)
	  Sort Key: c
	  ->  Bitmap Heap Scan on sbtest8  (cost=22.04..3624.19 rows=937 width=121)
	        Recheck Cond: ((id >= 381314) AND (id <= 382313))
	        ->  Bitmap Index Scan on sbtest8_pkey  (cost=0.00..21.80 rows=937 width=0)
	              Index Cond: ((id >= 381314) AND (id <= 382313))

for point_selects
table 1 : explain SELECT c FROM sbtest1 WHERE id=9648181
	Index Scan using sbtest1_pkey on sbtest1  (cost=0.43..8.45 rows=1 width=121)
	  Index Cond: (id = 9648181)

table 2 : explain SELECT c FROM sbtest2 WHERE id=5897550
	Index Scan using sbtest2_pkey on sbtest2  (cost=0.43..8.45 rows=1 width=121)
	  Index Cond: (id = 5897550)

table 3 : explain SELECT c FROM sbtest3 WHERE id=4130873
	Index Scan using sbtest3_pkey on sbtest3  (cost=0.43..8.45 rows=1 width=121)
	  Index Cond: (id = 4130873)

table 4 : explain SELECT c FROM sbtest4 WHERE id=6500313
	Index Scan using sbtest4_pkey on sbtest4  (cost=0.43..8.45 rows=1 width=121)
	  Index Cond: (id = 6500313)

table 5 : explain SELECT c FROM sbtest5 WHERE id=8903226
	Index Scan using sbtest5_pkey on sbtest5  (cost=0.43..8.45 rows=1 width=121)
	  Index Cond: (id = 8903226)

table 6 : explain SELECT c FROM sbtest6 WHERE id=4678479
	Index Scan using sbtest6_pkey on sbtest6  (cost=0.43..8.45 rows=1 width=121)
	  Index Cond: (id = 4678479)

table 7 : explain SELECT c FROM sbtest7 WHERE id=5138447
	Index Scan using sbtest7_pkey on sbtest7  (cost=0.43..8.45 rows=1 width=121)
	  Index Cond: (id = 5138447)

table 8 : explain SELECT c FROM sbtest8 WHERE id=8273489
	Index Scan using sbtest8_pkey on sbtest8  (cost=0.43..8.45 rows=1 width=121)
	  Index Cond: (id = 8273489)

for: simple_ranges
table 1 : explain SELECT c FROM sbtest1 WHERE id BETWEEN 2867968 AND 2868967
	Bitmap Heap Scan on sbtest1  (cost=23.42..4131.29 rows=1072 width=121)
	  Recheck Cond: ((id >= 2867968) AND (id <= 2868967))
	  ->  Bitmap Index Scan on sbtest1_pkey  (cost=0.00..23.15 rows=1072 width=0)
	        Index Cond: ((id >= 2867968) AND (id <= 2868967))

table 2 : explain SELECT c FROM sbtest2 WHERE id BETWEEN 9383569 AND 9384568
	Bitmap Heap Scan on sbtest2  (cost=23.47..4149.79 rows=1077 width=121)
	  Recheck Cond: ((id >= 9383569) AND (id <= 9384568))
	  ->  Bitmap Index Scan on sbtest2_pkey  (cost=0.00..23.20 rows=1077 width=0)
	        Index Cond: ((id >= 9383569) AND (id <= 9384568))

table 3 : explain SELECT c FROM sbtest3 WHERE id BETWEEN 8342171 AND 8343170
	Bitmap Heap Scan on sbtest3  (cost=22.47..3781.26 rows=979 width=121)
	  Recheck Cond: ((id >= 8342171) AND (id <= 8343170))
	  ->  Bitmap Index Scan on sbtest3_pkey  (cost=0.00..22.22 rows=979 width=0)
	        Index Cond: ((id >= 8342171) AND (id <= 8343170))

table 4 : explain SELECT c FROM sbtest4 WHERE id BETWEEN 1386754 AND 1387753
	Bitmap Heap Scan on sbtest4  (cost=21.69..3494.50 rows=903 width=121)
	  Recheck Cond: ((id >= 1386754) AND (id <= 1387753))
	  ->  Bitmap Index Scan on sbtest4_pkey  (cost=0.00..21.46 rows=903 width=0)
	        Index Cond: ((id >= 1386754) AND (id <= 1387753))

table 5 : explain SELECT c FROM sbtest5 WHERE id BETWEEN 9454553 AND 9455552
	Bitmap Heap Scan on sbtest5  (cost=21.71..3503.23 rows=905 width=121)
	  Recheck Cond: ((id >= 9454553) AND (id <= 9455552))
	  ->  Bitmap Index Scan on sbtest5_pkey  (cost=0.00..21.48 rows=905 width=0)
	        Index Cond: ((id >= 9454553) AND (id <= 9455552))

table 6 : explain SELECT c FROM sbtest6 WHERE id BETWEEN 4520903 AND 4521902
	Bitmap Heap Scan on sbtest6  (cost=22.04..3623.28 rows=937 width=121)
	  Recheck Cond: ((id >= 4520903) AND (id <= 4521902))
	  ->  Bitmap Index Scan on sbtest6_pkey  (cost=0.00..21.80 rows=937 width=0)
	        Index Cond: ((id >= 4520903) AND (id <= 4521902))

table 7 : explain SELECT c FROM sbtest7 WHERE id BETWEEN 5486152 AND 5487151
	Bitmap Heap Scan on sbtest7  (cost=23.09..4012.49 rows=1040 width=121)
	  Recheck Cond: ((id >= 5486152) AND (id <= 5487151))
	  ->  Bitmap Index Scan on sbtest7_pkey  (cost=0.00..22.83 rows=1040 width=0)
	        Index Cond: ((id >= 5486152) AND (id <= 5487151))

table 8 : explain SELECT c FROM sbtest8 WHERE id BETWEEN 8047514 AND 8048513
	Bitmap Heap Scan on sbtest8  (cost=22.77..3891.91 rows=1008 width=121)
	  Recheck Cond: ((id >= 8047514) AND (id <= 8048513))
	  ->  Bitmap Index Scan on sbtest8_pkey  (cost=0.00..22.51 rows=1008 width=0)
	        Index Cond: ((id >= 8047514) AND (id <= 8048513))

explain: for point_selects :: explain SELECT c FROM sbtest%u WHERE id=%u
explain: for point_selects :: explain SELECT c FROM sbtest%u WHERE id=%u
explain: for point_selects :: explain SELECT c FROM sbtest%u WHERE id=%u
for: distinct_ranges
table 1 : explain SELECT DISTINCT c FROM sbtest1 WHERE id BETWEEN 1840195 AND 1841194 ORDER BY c
	Unique  (cost=4150.92..4156.23 rows=1063 width=121)
	  ->  Sort  (cost=4150.92..4153.57 rows=1063 width=121)
	        Sort Key: c
	        ->  Bitmap Heap Scan on sbtest1  (cost=23.33..4097.48 rows=1063 width=121)
	              Recheck Cond: ((id >= 1840195) AND (id <= 1841194))
	              ->  Bitmap Index Scan on sbtest1_pkey  (cost=0.00..23.07 rows=1063 width=0)
	                    Index Cond: ((id >= 1840195) AND (id <= 1841194))

table 2 : explain SELECT DISTINCT c FROM sbtest2 WHERE id BETWEEN 5889675 AND 5890674 ORDER BY c
	Unique  (cost=3822.17..3827.06 rows=977 width=121)
	  ->  Sort  (cost=3822.17..3824.61 rows=977 width=121)
	        Sort Key: c
	        ->  Bitmap Heap Scan on sbtest2  (cost=22.45..3773.65 rows=977 width=121)
	              Recheck Cond: ((id >= 5889675) AND (id <= 5890674))
	              ->  Bitmap Index Scan on sbtest2_pkey  (cost=0.00..22.20 rows=977 width=0)
	                    Index Cond: ((id >= 5889675) AND (id <= 5890674))

table 3 : explain SELECT DISTINCT c FROM sbtest3 WHERE id BETWEEN 6545486 AND 6546485 ORDER BY c
	Unique  (cost=3940.76..3945.80 rows=1008 width=121)
	  ->  Sort  (cost=3940.76..3943.28 rows=1008 width=121)
	        Sort Key: c
	        ->  Bitmap Heap Scan on sbtest3  (cost=22.77..3890.47 rows=1008 width=121)
	              Recheck Cond: ((id >= 6545486) AND (id <= 6546485))
	              ->  Bitmap Index Scan on sbtest3_pkey  (cost=0.00..22.51 rows=1008 width=0)
	                    Index Cond: ((id >= 6545486) AND (id <= 6546485))

table 4 : explain SELECT DISTINCT c FROM sbtest4 WHERE id BETWEEN 1798917 AND 1799916 ORDER BY c
	Unique  (cost=3978.93..3984.02 rows=1018 width=121)
	  ->  Sort  (cost=3978.93..3981.47 rows=1018 width=121)
	        Sort Key: c
	        ->  Bitmap Heap Scan on sbtest4  (cost=22.87..3928.07 rows=1018 width=121)
	              Recheck Cond: ((id >= 1798917) AND (id <= 1799916))
	              ->  Bitmap Index Scan on sbtest4_pkey  (cost=0.00..22.61 rows=1018 width=0)
	                    Index Cond: ((id >= 1798917) AND (id <= 1799916))

table 5 : explain SELECT DISTINCT c FROM sbtest5 WHERE id BETWEEN 6390004 AND 6391003 ORDER BY c
	Unique  (cost=4201.79..4207.17 rows=1076 width=121)
	  ->  Sort  (cost=4201.79..4204.48 rows=1076 width=121)
	        Sort Key: c
	        ->  Bitmap Heap Scan on sbtest5  (cost=23.46..4147.61 rows=1076 width=121)
	              Recheck Cond: ((id >= 6390004) AND (id <= 6391003))
	              ->  Bitmap Index Scan on sbtest5_pkey  (cost=0.00..23.19 rows=1076 width=0)
	                    Index Cond: ((id >= 6390004) AND (id <= 6391003))

table 6 : explain SELECT DISTINCT c FROM sbtest6 WHERE id BETWEEN 7680195 AND 7681194 ORDER BY c
	Unique  (cost=3811.17..3816.04 rows=974 width=121)
	  ->  Sort  (cost=3811.17..3813.60 rows=974 width=121)
	        Sort Key: c
	        ->  Bitmap Heap Scan on sbtest6  (cost=22.42..3762.82 rows=974 width=121)
	              Recheck Cond: ((id >= 7680195) AND (id <= 7681194))
	              ->  Bitmap Index Scan on sbtest6_pkey  (cost=0.00..22.18 rows=974 width=0)
	                    Index Cond: ((id >= 7680195) AND (id <= 7681194))

table 7 : explain SELECT DISTINCT c FROM sbtest7 WHERE id BETWEEN 6152192 AND 6153191 ORDER BY c
	Unique  (cost=3934.68..3939.71 rows=1006 width=121)
	  ->  Sort  (cost=3934.68..3937.19 rows=1006 width=121)
	        Sort Key: c
	        ->  Bitmap Heap Scan on sbtest7  (cost=22.75..3884.50 rows=1006 width=121)
	              Recheck Cond: ((id >= 6152192) AND (id <= 6153191))
	              ->  Bitmap Index Scan on sbtest7_pkey  (cost=0.00..22.50 rows=1006 width=0)
	                    Index Cond: ((id >= 6152192) AND (id <= 6153191))

table 8 : explain SELECT DISTINCT c FROM sbtest8 WHERE id BETWEEN 6841069 AND 6842068 ORDER BY c
	Unique  (cost=3689.60..3694.31 rows=942 width=121)
	  ->  Sort  (cost=3689.60..3691.95 rows=942 width=121)
	        Sort Key: c
	        ->  Bitmap Heap Scan on sbtest8  (cost=22.09..3643.07 rows=942 width=121)
	              Recheck Cond: ((id >= 6841069) AND (id <= 6842068))
	              ->  Bitmap Index Scan on sbtest8_pkey  (cost=0.00..21.86 rows=942 width=0)
	                    Index Cond: ((id >= 6841069) AND (id <= 6842068))

for: simple_ranges
table 1 : explain SELECT c FROM sbtest1 WHERE id BETWEEN 6362993 AND 6363992
	Bitmap Heap Scan on sbtest1  (cost=22.66..3852.99 rows=998 width=121)
	  Recheck Cond: ((id >= 6362993) AND (id <= 6363992))
	  ->  Bitmap Index Scan on sbtest1_pkey  (cost=0.00..22.41 rows=998 width=0)
	        Index Cond: ((id >= 6362993) AND (id <= 6363992))

table 2 : explain SELECT c FROM sbtest2 WHERE id BETWEEN 9005521 AND 9006520
	Bitmap Heap Scan on sbtest2  (cost=22.53..3803.79 rows=985 width=121)
	  Recheck Cond: ((id >= 9005521) AND (id <= 9006520))
	  ->  Bitmap Index Scan on sbtest2_pkey  (cost=0.00..22.29 rows=985 width=0)
	        Index Cond: ((id >= 9005521) AND (id <= 9006520))

table 3 : explain SELECT c FROM sbtest3 WHERE id BETWEEN 4258084 AND 4259083
	Bitmap Heap Scan on sbtest3  (cost=22.32..3724.73 rows=964 width=121)
	  Recheck Cond: ((id >= 4258084) AND (id <= 4259083))
	  ->  Bitmap Index Scan on sbtest3_pkey  (cost=0.00..22.07 rows=964 width=0)
	        Index Cond: ((id >= 4258084) AND (id <= 4259083))

table 4 : explain SELECT c FROM sbtest4 WHERE id BETWEEN 5652139 AND 5653138
	Bitmap Heap Scan on sbtest4  (cost=22.61..3833.97 rows=993 width=121)
	  Recheck Cond: ((id >= 5652139) AND (id <= 5653138))
	  ->  Bitmap Index Scan on sbtest4_pkey  (cost=0.00..22.36 rows=993 width=0)
	        Index Cond: ((id >= 5652139) AND (id <= 5653138))

table 5 : explain SELECT c FROM sbtest5 WHERE id BETWEEN 4332896 AND 4333895
	Bitmap Heap Scan on sbtest5  (cost=22.29..3714.67 rows=961 width=121)
	  Recheck Cond: ((id >= 4332896) AND (id <= 4333895))
	  ->  Bitmap Index Scan on sbtest5_pkey  (cost=0.00..22.04 rows=961 width=0)
	        Index Cond: ((id >= 4332896) AND (id <= 4333895))

table 6 : explain SELECT c FROM sbtest6 WHERE id BETWEEN 3805313 AND 3806312
	Bitmap Heap Scan on sbtest6  (cost=23.12..4018.81 rows=1042 width=121)
	  Recheck Cond: ((id >= 3805313) AND (id <= 3806312))
	  ->  Bitmap Index Scan on sbtest6_pkey  (cost=0.00..22.86 rows=1042 width=0)
	        Index Cond: ((id >= 3805313) AND (id <= 3806312))

table 7 : explain SELECT c FROM sbtest7 WHERE id BETWEEN 9168226 AND 9169225
	Bitmap Heap Scan on sbtest7  (cost=23.17..4038.82 rows=1047 width=121)
	  Recheck Cond: ((id >= 9168226) AND (id <= 9169225))
	  ->  Bitmap Index Scan on sbtest7_pkey  (cost=0.00..22.90 rows=1047 width=0)
	        Index Cond: ((id >= 9168226) AND (id <= 9169225))

table 8 : explain SELECT c FROM sbtest8 WHERE id BETWEEN 568380 AND 569379
	Bitmap Heap Scan on sbtest8  (cost=22.74..3880.61 rows=1005 width=121)
	  Recheck Cond: ((id >= 568380) AND (id <= 569379))
	  ->  Bitmap Index Scan on sbtest8_pkey  (cost=0.00..22.48 rows=1005 width=0)
	        Index Cond: ((id >= 568380) AND (id <= 569379))

explain: for point_selects :: explain SELECT c FROM sbtest%u WHERE id=%u
for: order_ranges
table 1 : explain SELECT c FROM sbtest1 WHERE id BETWEEN 9507350 AND 9508349 ORDER BY c
	Sort  (cost=3577.34..3579.63 rows=913 width=121)
	  Sort Key: c
	  ->  Bitmap Heap Scan on sbtest1  (cost=21.79..3532.45 rows=913 width=121)
	        Recheck Cond: ((id >= 9507350) AND (id <= 9508349))
	        ->  Bitmap Index Scan on sbtest1_pkey  (cost=0.00..21.57 rows=913 width=0)
	              Index Cond: ((id >= 9507350) AND (id <= 9508349))

table 2 : explain SELECT c FROM sbtest2 WHERE id BETWEEN 6097553 AND 6098552 ORDER BY c
	Sort  (cost=3803.05..3805.48 rows=972 width=121)
	  Sort Key: c
	  ->  Bitmap Heap Scan on sbtest2  (cost=22.40..3754.81 rows=972 width=121)
	        Recheck Cond: ((id >= 6097553) AND (id <= 6098552))
	        ->  Bitmap Index Scan on sbtest2_pkey  (cost=0.00..22.15 rows=972 width=0)
	              Index Cond: ((id >= 6097553) AND (id <= 6098552))

table 3 : explain SELECT c FROM sbtest3 WHERE id BETWEEN 9217224 AND 9218223 ORDER BY c
	Sort  (cost=3956.04..3958.57 rows=1012 width=121)
	  Sort Key: c
	  ->  Bitmap Heap Scan on sbtest3  (cost=22.81..3905.53 rows=1012 width=121)
	        Recheck Cond: ((id >= 9217224) AND (id <= 9218223))
	        ->  Bitmap Index Scan on sbtest3_pkey  (cost=0.00..22.55 rows=1012 width=0)
	              Index Cond: ((id >= 9217224) AND (id <= 9218223))

table 4 : explain SELECT c FROM sbtest4 WHERE id BETWEEN 538336 AND 539335 ORDER BY c
	Sort  (cost=3661.46..3663.80 rows=935 width=121)
	  Sort Key: c
	  ->  Bitmap Heap Scan on sbtest4  (cost=22.02..3615.32 rows=935 width=121)
	        Recheck Cond: ((id >= 538336) AND (id <= 539335))
	        ->  Bitmap Index Scan on sbtest4_pkey  (cost=0.00..21.79 rows=935 width=0)
	              Index Cond: ((id >= 538336) AND (id <= 539335))

table 5 : explain SELECT c FROM sbtest5 WHERE id BETWEEN 7993444 AND 7994443 ORDER BY c
	Sort  (cost=3789.08..3791.50 rows=968 width=121)
	  Sort Key: c
	  ->  Bitmap Heap Scan on sbtest5  (cost=22.36..3741.08 rows=968 width=121)
	        Recheck Cond: ((id >= 7993444) AND (id <= 7994443))
	        ->  Bitmap Index Scan on sbtest5_pkey  (cost=0.00..22.11 rows=968 width=0)
	              Index Cond: ((id >= 7993444) AND (id <= 7994443))

table 6 : explain SELECT c FROM sbtest6 WHERE id BETWEEN 9787534 AND 9788533 ORDER BY c
	Sort  (cost=3922.07..3924.57 rows=1003 width=121)
	  Sort Key: c
	  ->  Bitmap Heap Scan on sbtest6  (cost=22.72..3872.07 rows=1003 width=121)
	        Recheck Cond: ((id >= 9787534) AND (id <= 9788533))
	        ->  Bitmap Index Scan on sbtest6_pkey  (cost=0.00..22.46 rows=1003 width=0)
	              Index Cond: ((id >= 9787534) AND (id <= 9788533))

table 7 : explain SELECT c FROM sbtest7 WHERE id BETWEEN 5481233 AND 5482232 ORDER BY c
	Sort  (cost=4041.69..4044.27 rows=1034 width=121)
	  Sort Key: c
	  ->  Bitmap Heap Scan on sbtest7  (cost=23.03..3989.92 rows=1034 width=121)
	        Recheck Cond: ((id >= 5481233) AND (id <= 5482232))
	        ->  Bitmap Index Scan on sbtest7_pkey  (cost=0.00..22.77 rows=1034 width=0)
	              Index Cond: ((id >= 5481233) AND (id <= 5482232))

table 8 : explain SELECT c FROM sbtest8 WHERE id BETWEEN 3822522 AND 3823521 ORDER BY c
	Sort  (cost=4213.53..4216.22 rows=1078 width=121)
	  Sort Key: c
	  ->  Bitmap Heap Scan on sbtest8  (cost=27.48..4159.23 rows=1078 width=121)
	        Recheck Cond: ((id >= 3822522) AND (id <= 3823521))
	        ->  Bitmap Index Scan on sbtest8_pkey  (cost=0.00..27.21 rows=1078 width=0)
	              Index Cond: ((id >= 3822522) AND (id <= 3823521))

for: distinct_ranges
table 1 : explain SELECT DISTINCT c FROM sbtest1 WHERE id BETWEEN 7147944 AND 7148943 ORDER BY c
	Unique  (cost=3883.60..3888.56 rows=993 width=121)
	  ->  Sort  (cost=3883.60..3886.08 rows=993 width=121)
	        Sort Key: c
	        ->  Bitmap Heap Scan on sbtest1  (cost=22.61..3834.17 rows=993 width=121)
	              Recheck Cond: ((id >= 7147944) AND (id <= 7148943))
	              ->  Bitmap Index Scan on sbtest1_pkey  (cost=0.00..22.36 rows=993 width=0)
	                    Index Cond: ((id >= 7147944) AND (id <= 7148943))

table 2 : explain SELECT DISTINCT c FROM sbtest2 WHERE id BETWEEN 7289541 AND 7290540 ORDER BY c
	Unique  (cost=4245.97..4251.41 rows=1088 width=121)
	  ->  Sort  (cost=4245.97..4248.69 rows=1088 width=121)
	        Sort Key: c
	        ->  Bitmap Heap Scan on sbtest2  (cost=23.59..4191.09 rows=1088 width=121)
	              Recheck Cond: ((id >= 7289541) AND (id <= 7290540))
	              ->  Bitmap Index Scan on sbtest2_pkey  (cost=0.00..23.32 rows=1088 width=0)
	                    Index Cond: ((id >= 7289541) AND (id <= 7290540))

table 3 : explain SELECT DISTINCT c FROM sbtest3 WHERE id BETWEEN 3781917 AND 3782916 ORDER BY c
	Unique  (cost=3707.44..3712.18 rows=947 width=121)
	  ->  Sort  (cost=3707.44..3709.81 rows=947 width=121)
	        Sort Key: c
	        ->  Bitmap Heap Scan on sbtest3  (cost=22.14..3660.63 rows=947 width=121)
	              Recheck Cond: ((id >= 3781917) AND (id <= 3782916))
	              ->  Bitmap Index Scan on sbtest3_pkey  (cost=0.00..21.90 rows=947 width=0)
	                    Index Cond: ((id >= 3781917) AND (id <= 3782916))

table 4 : explain SELECT DISTINCT c FROM sbtest4 WHERE id BETWEEN 3871302 AND 3872301 ORDER BY c
	Unique  (cost=4085.83..4091.06 rows=1046 width=121)
	  ->  Sort  (cost=4085.83..4088.45 rows=1046 width=121)
	        Sort Key: c
	        ->  Bitmap Heap Scan on sbtest4  (cost=23.16..4033.37 rows=1046 width=121)
	              Recheck Cond: ((id >= 3871302) AND (id <= 3872301))
	              ->  Bitmap Index Scan on sbtest4_pkey  (cost=0.00..22.89 rows=1046 width=0)
	                    Index Cond: ((id >= 3871302) AND (id <= 3872301))

table 5 : explain SELECT DISTINCT c FROM sbtest5 WHERE id BETWEEN 5405268 AND 5406267 ORDER BY c
	Unique  (cost=4163.64..4168.97 rows=1066 width=121)
	  ->  Sort  (cost=4163.64..4166.30 rows=1066 width=121)
	        Sort Key: c
	        ->  Bitmap Heap Scan on sbtest5  (cost=23.36..4110.03 rows=1066 width=121)
	              Recheck Cond: ((id >= 5405268) AND (id <= 5406267))
	              ->  Bitmap Index Scan on sbtest5_pkey  (cost=0.00..23.09 rows=1066 width=0)
	                    Index Cond: ((id >= 5405268) AND (id <= 5406267))

table 6 : explain SELECT DISTINCT c FROM sbtest6 WHERE id BETWEEN 8352996 AND 8353995 ORDER BY c
	Unique  (cost=4128.29..4133.58 rows=1057 width=121)
	  ->  Sort  (cost=4128.29..4130.94 rows=1057 width=121)
	        Sort Key: c
	        ->  Bitmap Heap Scan on sbtest6  (cost=23.27..4075.20 rows=1057 width=121)
	              Recheck Cond: ((id >= 8352996) AND (id <= 8353995))
	              ->  Bitmap Index Scan on sbtest6_pkey  (cost=0.00..23.00 rows=1057 width=0)
	                    Index Cond: ((id >= 8352996) AND (id <= 8353995))

table 7 : explain SELECT DISTINCT c FROM sbtest7 WHERE id BETWEEN 9757253 AND 9758252 ORDER BY c
	Unique  (cost=4144.79..4150.10 rows=1061 width=121)
	  ->  Sort  (cost=4144.79..4147.44 rows=1061 width=121)
	        Sort Key: c
	        ->  Bitmap Heap Scan on sbtest7  (cost=23.31..4091.47 rows=1061 width=121)
	              Recheck Cond: ((id >= 9757253) AND (id <= 9758252))
	              ->  Bitmap Index Scan on sbtest7_pkey  (cost=0.00..23.04 rows=1061 width=0)
	                    Index Cond: ((id >= 9757253) AND (id <= 9758252))

table 8 : explain SELECT DISTINCT c FROM sbtest8 WHERE id BETWEEN 3113897 AND 3114896 ORDER BY c
	Unique  (cost=3823.62..3828.50 rows=977 width=121)
	  ->  Sort  (cost=3823.62..3826.06 rows=977 width=121)
	        Sort Key: c
	        ->  Bitmap Heap Scan on sbtest8  (cost=22.45..3775.10 rows=977 width=121)
	              Recheck Cond: ((id >= 3113897) AND (id <= 3114896))
	              ->  Bitmap Index Scan on sbtest8_pkey  (cost=0.00..22.20 rows=977 width=0)
	                    Index Cond: ((id >= 3113897) AND (id <= 3114896))

explain: for point_selects :: explain SELECT c FROM sbtest%u WHERE id=%u
explain: for point_selects :: explain SELECT c FROM sbtest%u WHERE id=%u
for: sum_ranges
table 1 : explain SELECT SUM(k) FROM sbtest1 WHERE id BETWEEN 7682492 AND 7683491
	Aggregate  (cost=3945.88..3945.89 rows=1 width=8)
	  ->  Bitmap Heap Scan on sbtest1  (cost=22.91..3943.33 rows=1022 width=4)
	        Recheck Cond: ((id >= 7682492) AND (id <= 7683491))
	        ->  Bitmap Index Scan on sbtest1_pkey  (cost=0.00..22.65 rows=1022 width=0)
	              Index Cond: ((id >= 7682492) AND (id <= 7683491))

table 2 : explain SELECT SUM(k) FROM sbtest2 WHERE id BETWEEN 2966888 AND 2967887
	Aggregate  (cost=4340.48..4340.49 rows=1 width=8)
	  ->  Bitmap Heap Scan on sbtest2  (cost=27.99..4337.67 rows=1127 width=4)
	        Recheck Cond: ((id >= 2966888) AND (id <= 2967887))
	        ->  Bitmap Index Scan on sbtest2_pkey  (cost=0.00..27.70 rows=1127 width=0)
	              Index Cond: ((id >= 2966888) AND (id <= 2967887))

table 3 : explain SELECT SUM(k) FROM sbtest3 WHERE id BETWEEN 1178225 AND 1179224
	Aggregate  (cost=3817.64..3817.65 rows=1 width=8)
	  ->  Bitmap Heap Scan on sbtest3  (cost=22.56..3815.17 rows=988 width=4)
	        Recheck Cond: ((id >= 1178225) AND (id <= 1179224))
	        ->  Bitmap Index Scan on sbtest3_pkey  (cost=0.00..22.32 rows=988 width=0)
	              Index Cond: ((id >= 1178225) AND (id <= 1179224))

table 4 : explain SELECT SUM(k) FROM sbtest4 WHERE id BETWEEN 804986 AND 805985
	Aggregate  (cost=4066.08..4066.09 rows=1 width=8)
	  ->  Bitmap Heap Scan on sbtest4  (cost=23.24..4063.44 rows=1054 width=4)
	        Recheck Cond: ((id >= 804986) AND (id <= 805985))
	        ->  Bitmap Index Scan on sbtest4_pkey  (cost=0.00..22.97 rows=1054 width=0)
	              Index Cond: ((id >= 804986) AND (id <= 805985))

table 5 : explain SELECT SUM(k) FROM sbtest5 WHERE id BETWEEN 3144504 AND 3145503
	Aggregate  (cost=3807.63..3807.64 rows=1 width=8)
	  ->  Bitmap Heap Scan on sbtest5  (cost=22.53..3805.17 rows=985 width=4)
	        Recheck Cond: ((id >= 3144504) AND (id <= 3145503))
	        ->  Bitmap Index Scan on sbtest5_pkey  (cost=0.00..22.29 rows=985 width=0)
	              Index Cond: ((id >= 3144504) AND (id <= 3145503))

table 6 : explain SELECT SUM(k) FROM sbtest6 WHERE id BETWEEN 6314832 AND 6315831
	Aggregate  (cost=3761.48..3761.49 rows=1 width=8)
	  ->  Bitmap Heap Scan on sbtest6  (cost=22.41..3759.05 rows=973 width=4)
	        Recheck Cond: ((id >= 6314832) AND (id <= 6315831))
	        ->  Bitmap Index Scan on sbtest6_pkey  (cost=0.00..22.16 rows=973 width=0)
	              Index Cond: ((id >= 6314832) AND (id <= 6315831))

table 7 : explain SELECT SUM(k) FROM sbtest7 WHERE id BETWEEN 4441512 AND 4442511
	Aggregate  (cost=4071.55..4071.56 rows=1 width=8)
	  ->  Bitmap Heap Scan on sbtest7  (cost=23.25..4068.91 rows=1055 width=4)
	        Recheck Cond: ((id >= 4441512) AND (id <= 4442511))
	        ->  Bitmap Index Scan on sbtest7_pkey  (cost=0.00..22.98 rows=1055 width=0)
	              Index Cond: ((id >= 4441512) AND (id <= 4442511))

table 8 : explain SELECT SUM(k) FROM sbtest8 WHERE id BETWEEN 3151234 AND 3152233
	Aggregate  (cost=3777.54..3777.55 rows=1 width=8)
	  ->  Bitmap Heap Scan on sbtest8  (cost=22.45..3775.10 rows=977 width=4)
	        Recheck Cond: ((id >= 3151234) AND (id <= 3152233))
	        ->  Bitmap Index Scan on sbtest8_pkey  (cost=0.00..22.20 rows=977 width=0)
	              Index Cond: ((id >= 3151234) AND (id <= 3152233))

for point_selects
table 1 : explain SELECT c FROM sbtest1 WHERE id=2938360
	Index Scan using sbtest1_pkey on sbtest1  (cost=0.43..8.45 rows=1 width=121)
	  Index Cond: (id = 2938360)

table 2 : explain SELECT c FROM sbtest2 WHERE id=1924596
	Index Scan using sbtest2_pkey on sbtest2  (cost=0.43..8.45 rows=1 width=121)
	  Index Cond: (id = 1924596)

table 3 : explain SELECT c FROM sbtest3 WHERE id=2546070
	Index Scan using sbtest3_pkey on sbtest3  (cost=0.43..8.45 rows=1 width=121)
	  Index Cond: (id = 2546070)

table 4 : explain SELECT c FROM sbtest4 WHERE id=2518490
	Index Scan using sbtest4_pkey on sbtest4  (cost=0.43..8.45 rows=1 width=121)
	  Index Cond: (id = 2518490)

table 5 : explain SELECT c FROM sbtest5 WHERE id=2394335
	Index Scan using sbtest5_pkey on sbtest5  (cost=0.43..8.45 rows=1 width=121)
	  Index Cond: (id = 2394335)

table 6 : explain SELECT c FROM sbtest6 WHERE id=838803
	Index Scan using sbtest6_pkey on sbtest6  (cost=0.43..8.45 rows=1 width=121)
	  Index Cond: (id = 838803)

table 7 : explain SELECT c FROM sbtest7 WHERE id=5009958
	Index Scan using sbtest7_pkey on sbtest7  (cost=0.43..8.45 rows=1 width=121)
	  Index Cond: (id = 5009958)

table 8 : explain SELECT c FROM sbtest8 WHERE id=6962020
	Index Scan using sbtest8_pkey on sbtest8  (cost=0.43..8.45 rows=1 width=121)
	  Index Cond: (id = 6962020)

for: sum_ranges
table 1 : explain SELECT SUM(k) FROM sbtest1 WHERE id BETWEEN 9349114 AND 9350113
	Aggregate  (cost=3742.39..3742.40 rows=1 width=8)
	  ->  Bitmap Heap Scan on sbtest1  (cost=22.36..3739.97 rows=968 width=4)
	        Recheck Cond: ((id >= 9349114) AND (id <= 9350113))
	        ->  Bitmap Index Scan on sbtest1_pkey  (cost=0.00..22.11 rows=968 width=0)
	              Index Cond: ((id >= 9349114) AND (id <= 9350113))

table 2 : explain SELECT SUM(k) FROM sbtest2 WHERE id BETWEEN 4965907 AND 4966906
	Aggregate  (cost=3866.55..3866.56 rows=1 width=8)
	  ->  Bitmap Heap Scan on sbtest2  (cost=22.70..3864.04 rows=1001 width=4)
	        Recheck Cond: ((id >= 4965907) AND (id <= 4966906))
	        ->  Bitmap Index Scan on sbtest2_pkey  (cost=0.00..22.44 rows=1001 width=0)
	              Index Cond: ((id >= 4965907) AND (id <= 4966906))

table 3 : explain SELECT SUM(k) FROM sbtest3 WHERE id BETWEEN 200770 AND 201769
	Aggregate  (cost=3534.58..3534.59 rows=1 width=8)
	  ->  Bitmap Heap Scan on sbtest3  (cost=21.79..3532.30 rows=913 width=4)
	        Recheck Cond: ((id >= 200770) AND (id <= 201769))
	        ->  Bitmap Index Scan on sbtest3_pkey  (cost=0.00..21.57 rows=913 width=0)
	              Index Cond: ((id >= 200770) AND (id <= 201769))

table 4 : explain SELECT SUM(k) FROM sbtest4 WHERE id BETWEEN 7992563 AND 7993562
	Aggregate  (cost=3477.85..3477.86 rows=1 width=8)
	  ->  Bitmap Heap Scan on sbtest4  (cost=21.64..3475.61 rows=898 width=4)
	        Recheck Cond: ((id >= 7992563) AND (id <= 7993562))
	        ->  Bitmap Index Scan on sbtest4_pkey  (cost=0.00..21.41 rows=898 width=0)
	              Index Cond: ((id >= 7992563) AND (id <= 7993562))

table 5 : explain SELECT SUM(k) FROM sbtest5 WHERE id BETWEEN 2209797 AND 2210796
	Aggregate  (cost=3845.34..3845.35 rows=1 width=8)
	  ->  Bitmap Heap Scan on sbtest5  (cost=22.63..3842.85 rows=995 width=4)
	        Recheck Cond: ((id >= 2209797) AND (id <= 2210796))
	        ->  Bitmap Index Scan on sbtest5_pkey  (cost=0.00..22.39 rows=995 width=0)
	              Index Cond: ((id >= 2209797) AND (id <= 2210796))

table 6 : explain SELECT SUM(k) FROM sbtest6 WHERE id BETWEEN 6094246 AND 6095245
	Aggregate  (cost=4138.00..4138.01 rows=1 width=8)
	  ->  Bitmap Heap Scan on sbtest6  (cost=23.43..4135.32 rows=1073 width=4)
	        Recheck Cond: ((id >= 6094246) AND (id <= 6095245))
	        ->  Bitmap Index Scan on sbtest6_pkey  (cost=0.00..23.16 rows=1073 width=0)
	              Index Cond: ((id >= 6094246) AND (id <= 6095245))

table 7 : explain SELECT SUM(k) FROM sbtest7 WHERE id BETWEEN 7525638 AND 7526637
	Aggregate  (cost=3951.07..3951.08 rows=1 width=8)
	  ->  Bitmap Heap Scan on sbtest7  (cost=22.92..3948.52 rows=1023 width=4)
	        Recheck Cond: ((id >= 7525638) AND (id <= 7526637))
	        ->  Bitmap Index Scan on sbtest7_pkey  (cost=0.00..22.66 rows=1023 width=0)
	              Index Cond: ((id >= 7525638) AND (id <= 7526637))

table 8 : explain SELECT SUM(k) FROM sbtest8 WHERE id BETWEEN 6383590 AND 6384589
	Aggregate  (cost=3671.86..3671.87 rows=1 width=8)
	  ->  Bitmap Heap Scan on sbtest8  (cost=22.16..3669.49 rows=949 width=4)
	        Recheck Cond: ((id >= 6383590) AND (id <= 6384589))
	        ->  Bitmap Index Scan on sbtest8_pkey  (cost=0.00..21.93 rows=949 width=0)
	              Index Cond: ((id >= 6383590) AND (id <= 6384589))

for point_selects
table 1 : explain SELECT c FROM sbtest1 WHERE id=7194952
	Index Scan using sbtest1_pkey on sbtest1  (cost=0.43..8.45 rows=1 width=121)
	  Index Cond: (id = 7194952)

table 2 : explain SELECT c FROM sbtest2 WHERE id=209287
	Index Scan using sbtest2_pkey on sbtest2  (cost=0.43..8.45 rows=1 width=121)
	  Index Cond: (id = 209287)

table 3 : explain SELECT c FROM sbtest3 WHERE id=7832436
	Index Scan using sbtest3_pkey on sbtest3  (cost=0.43..8.45 rows=1 width=121)
	  Index Cond: (id = 7832436)

table 4 : explain SELECT c FROM sbtest4 WHERE id=179898
	Index Scan using sbtest4_pkey on sbtest4  (cost=0.43..8.45 rows=1 width=121)
	  Index Cond: (id = 179898)

table 5 : explain SELECT c FROM sbtest5 WHERE id=1506633
	Index Scan using sbtest5_pkey on sbtest5  (cost=0.43..8.45 rows=1 width=121)
	  Index Cond: (id = 1506633)

table 6 : explain SELECT c FROM sbtest6 WHERE id=565888
	Index Scan using sbtest6_pkey on sbtest6  (cost=0.43..8.45 rows=1 width=121)
	  Index Cond: (id = 565888)

table 7 : explain SELECT c FROM sbtest7 WHERE id=6254203
	Index Scan using sbtest7_pkey on sbtest7  (cost=0.43..8.45 rows=1 width=121)
	  Index Cond: (id = 6254203)

table 8 : explain SELECT c FROM sbtest8 WHERE id=8044892
	Index Scan using sbtest8_pkey on sbtest8  (cost=0.43..8.45 rows=1 width=121)
	  Index Cond: (id = 8044892)

for point_selects
table 1 : explain SELECT c FROM sbtest1 WHERE id=1040690
	Index Scan using sbtest1_pkey on sbtest1  (cost=0.43..8.45 rows=1 width=121)
	  Index Cond: (id = 1040690)

table 2 : explain SELECT c FROM sbtest2 WHERE id=3458753
	Index Scan using sbtest2_pkey on sbtest2  (cost=0.43..8.45 rows=1 width=121)
	  Index Cond: (id = 3458753)

table 3 : explain SELECT c FROM sbtest3 WHERE id=178969
	Index Scan using sbtest3_pkey on sbtest3  (cost=0.43..8.45 rows=1 width=121)
	  Index Cond: (id = 178969)

table 4 : explain SELECT c FROM sbtest4 WHERE id=1532605
	Index Scan using sbtest4_pkey on sbtest4  (cost=0.43..8.45 rows=1 width=121)
	  Index Cond: (id = 1532605)

table 5 : explain SELECT c FROM sbtest5 WHERE id=5227572
	Index Scan using sbtest5_pkey on sbtest5  (cost=0.43..8.45 rows=1 width=121)
	  Index Cond: (id = 5227572)

table 6 : explain SELECT c FROM sbtest6 WHERE id=8711048
	Index Scan using sbtest6_pkey on sbtest6  (cost=0.43..8.45 rows=1 width=121)
	  Index Cond: (id = 8711048)

table 7 : explain SELECT c FROM sbtest7 WHERE id=6565900
	Index Scan using sbtest7_pkey on sbtest7  (cost=0.43..8.45 rows=1 width=121)
	  Index Cond: (id = 6565900)

table 8 : explain SELECT c FROM sbtest8 WHERE id=1592251
	Index Scan using sbtest8_pkey on sbtest8  (cost=0.43..8.45 rows=1 width=121)
	  Index Cond: (id = 1592251)

for point_selects
table 1 : explain SELECT c FROM sbtest1 WHERE id=1914490
	Index Scan using sbtest1_pkey on sbtest1  (cost=0.43..8.45 rows=1 width=121)
	  Index Cond: (id = 1914490)

table 2 : explain SELECT c FROM sbtest2 WHERE id=1272019
	Index Scan using sbtest2_pkey on sbtest2  (cost=0.43..8.45 rows=1 width=121)
	  Index Cond: (id = 1272019)

table 3 : explain SELECT c FROM sbtest3 WHERE id=9030188
	Index Scan using sbtest3_pkey on sbtest3  (cost=0.43..8.45 rows=1 width=121)
	  Index Cond: (id = 9030188)

table 4 : explain SELECT c FROM sbtest4 WHERE id=8367814
	Index Scan using sbtest4_pkey on sbtest4  (cost=0.43..8.45 rows=1 width=121)
	  Index Cond: (id = 8367814)

table 5 : explain SELECT c FROM sbtest5 WHERE id=1951147
	Index Scan using sbtest5_pkey on sbtest5  (cost=0.43..8.45 rows=1 width=121)
	  Index Cond: (id = 1951147)

table 6 : explain SELECT c FROM sbtest6 WHERE id=1197060
	Index Scan using sbtest6_pkey on sbtest6  (cost=0.43..8.45 rows=1 width=121)
	  Index Cond: (id = 1197060)

table 7 : explain SELECT c FROM sbtest7 WHERE id=6390157
	Index Scan using sbtest7_pkey on sbtest7  (cost=0.43..8.45 rows=1 width=121)
	  Index Cond: (id = 6390157)

table 8 : explain SELECT c FROM sbtest8 WHERE id=4690756
	Index Scan using sbtest8_pkey on sbtest8  (cost=0.43..8.45 rows=1 width=121)
	  Index Cond: (id = 4690756)

for: distinct_ranges
table 1 : explain SELECT DISTINCT c FROM sbtest1 WHERE id BETWEEN 692533 AND 693532 ORDER BY c
	Unique  (cost=4086.05..4091.28 rows=1046 width=121)
	  ->  Sort  (cost=4086.05..4088.67 rows=1046 width=121)
	        Sort Key: c
	        ->  Bitmap Heap Scan on sbtest1  (cost=23.16..4033.59 rows=1046 width=121)
	              Recheck Cond: ((id >= 692533) AND (id <= 693532))
	              ->  Bitmap Index Scan on sbtest1_pkey  (cost=0.00..22.89 rows=1046 width=0)
	                    Index Cond: ((id >= 692533) AND (id <= 693532))

table 2 : explain SELECT DISTINCT c FROM sbtest2 WHERE id BETWEEN 6664464 AND 6665463 ORDER BY c
	Unique  (cost=3718.86..3723.61 rows=950 width=121)
	  ->  Sort  (cost=3718.86..3721.23 rows=950 width=121)
	        Sort Key: c
	        ->  Bitmap Heap Scan on sbtest2  (cost=22.17..3671.87 rows=950 width=121)
	              Recheck Cond: ((id >= 6664464) AND (id <= 6665463))
	              ->  Bitmap Index Scan on sbtest2_pkey  (cost=0.00..21.93 rows=950 width=0)
	                    Index Cond: ((id >= 6664464) AND (id <= 6665463))

table 3 : explain SELECT DISTINCT c FROM sbtest3 WHERE id BETWEEN 5870629 AND 5871628 ORDER BY c
	Unique  (cost=4013.34..4018.47 rows=1027 width=121)
	  ->  Sort  (cost=4013.34..4015.90 rows=1027 width=121)
	        Sort Key: c
	        ->  Bitmap Heap Scan on sbtest3  (cost=22.96..3961.96 rows=1027 width=121)
	              Recheck Cond: ((id >= 5870629) AND (id <= 5871628))
	              ->  Bitmap Index Scan on sbtest3_pkey  (cost=0.00..22.70 rows=1027 width=0)
	                    Index Cond: ((id >= 5870629) AND (id <= 5871628))

table 4 : explain SELECT DISTINCT c FROM sbtest4 WHERE id BETWEEN 500537 AND 501536 ORDER BY c
	Unique  (cost=4154.51..4159.83 rows=1064 width=121)
	  ->  Sort  (cost=4154.51..4157.17 rows=1064 width=121)
	        Sort Key: c
	        ->  Bitmap Heap Scan on sbtest4  (cost=23.34..4101.02 rows=1064 width=121)
	              Recheck Cond: ((id >= 500537) AND (id <= 501536))
	              ->  Bitmap Index Scan on sbtest4_pkey  (cost=0.00..23.07 rows=1064 width=0)
	                    Index Cond: ((id >= 500537) AND (id <= 501536))

table 5 : explain SELECT DISTINCT c FROM sbtest5 WHERE id BETWEEN 7241066 AND 7242065 ORDER BY c
	Unique  (cost=4194.16..4199.53 rows=1074 width=121)
	  ->  Sort  (cost=4194.16..4196.85 rows=1074 width=121)
	        Sort Key: c
	        ->  Bitmap Heap Scan on sbtest5  (cost=23.44..4140.09 rows=1074 width=121)
	              Recheck Cond: ((id >= 7241066) AND (id <= 7242065))
	              ->  Bitmap Index Scan on sbtest5_pkey  (cost=0.00..23.18 rows=1074 width=0)
	                    Index Cond: ((id >= 7241066) AND (id <= 7242065))

table 6 : explain SELECT DISTINCT c FROM sbtest6 WHERE id BETWEEN 2592616 AND 2593615 ORDER BY c
	Unique  (cost=3922.07..3927.08 rows=1003 width=121)
	  ->  Sort  (cost=3922.07..3924.57 rows=1003 width=121)
	        Sort Key: c
	        ->  Bitmap Heap Scan on sbtest6  (cost=22.72..3872.07 rows=1003 width=121)
	              Recheck Cond: ((id >= 2592616) AND (id <= 2593615))
	              ->  Bitmap Index Scan on sbtest6_pkey  (cost=0.00..22.46 rows=1003 width=0)
	                    Index Cond: ((id >= 2592616) AND (id <= 2593615))

table 7 : explain SELECT DISTINCT c FROM sbtest7 WHERE id BETWEEN 9236569 AND 9237568 ORDER BY c
	Unique  (cost=3869.66..3874.60 rows=989 width=121)
	  ->  Sort  (cost=3869.66..3872.13 rows=989 width=121)
	        Sort Key: c
	        ->  Bitmap Heap Scan on sbtest7  (cost=22.57..3820.45 rows=989 width=121)
	              Recheck Cond: ((id >= 9236569) AND (id <= 9237568))
	              ->  Bitmap Index Scan on sbtest7_pkey  (cost=0.00..22.32 rows=989 width=0)
	                    Index Cond: ((id >= 9236569) AND (id <= 9237568))

table 8 : explain SELECT DISTINCT c FROM sbtest8 WHERE id BETWEEN 1813266 AND 1814265 ORDER BY c
	Unique  (cost=4228.79..4234.20 rows=1082 width=121)
	  ->  Sort  (cost=4228.79..4231.49 rows=1082 width=121)
	        Sort Key: c
	        ->  Bitmap Heap Scan on sbtest8  (cost=27.53..4174.26 rows=1082 width=121)
	              Recheck Cond: ((id >= 1813266) AND (id <= 1814265))
	              ->  Bitmap Index Scan on sbtest8_pkey  (cost=0.00..27.25 rows=1082 width=0)
	                    Index Cond: ((id >= 1813266) AND (id <= 1814265))

for point_selects
table 1 : explain SELECT c FROM sbtest1 WHERE id=4834630
	Index Scan using sbtest1_pkey on sbtest1  (cost=0.43..8.45 rows=1 width=121)
	  Index Cond: (id = 4834630)

table 2 : explain SELECT c FROM sbtest2 WHERE id=6200250
	Index Scan using sbtest2_pkey on sbtest2  (cost=0.43..8.45 rows=1 width=121)
	  Index Cond: (id = 6200250)

table 3 : explain SELECT c FROM sbtest3 WHERE id=2945756
	Index Scan using sbtest3_pkey on sbtest3  (cost=0.43..8.45 rows=1 width=121)
	  Index Cond: (id = 2945756)

table 4 : explain SELECT c FROM sbtest4 WHERE id=9429655
	Index Scan using sbtest4_pkey on sbtest4  (cost=0.43..8.45 rows=1 width=121)
	  Index Cond: (id = 9429655)

table 5 : explain SELECT c FROM sbtest5 WHERE id=4915745
	Index Scan using sbtest5_pkey on sbtest5  (cost=0.43..8.45 rows=1 width=121)
	  Index Cond: (id = 4915745)

table 6 : explain SELECT c FROM sbtest6 WHERE id=8400115
	Index Scan using sbtest6_pkey on sbtest6  (cost=0.43..8.45 rows=1 width=121)
	  Index Cond: (id = 8400115)

table 7 : explain SELECT c FROM sbtest7 WHERE id=9541513
	Index Scan using sbtest7_pkey on sbtest7  (cost=0.43..8.45 rows=1 width=121)
	  Index Cond: (id = 9541513)

table 8 : explain SELECT c FROM sbtest8 WHERE id=9199805
	Index Scan using sbtest8_pkey on sbtest8  (cost=0.43..8.45 rows=1 width=121)
	  Index Cond: (id = 9199805)

for: simple_ranges
table 1 : explain SELECT c FROM sbtest1 WHERE id BETWEEN 8539122 AND 8540121
	Bitmap Heap Scan on sbtest1  (cost=23.23..4059.90 rows=1053 width=121)
	  Recheck Cond: ((id >= 8539122) AND (id <= 8540121))
	  ->  Bitmap Index Scan on sbtest1_pkey  (cost=0.00..22.96 rows=1053 width=0)
	        Index Cond: ((id >= 8539122) AND (id <= 8540121))

table 2 : explain SELECT c FROM sbtest2 WHERE id BETWEEN 7812560 AND 7813559
	Bitmap Heap Scan on sbtest2  (cost=22.14..3660.56 rows=947 width=121)
	  Recheck Cond: ((id >= 7812560) AND (id <= 7813559))
	  ->  Bitmap Index Scan on sbtest2_pkey  (cost=0.00..21.90 rows=947 width=0)
	        Index Cond: ((id >= 7812560) AND (id <= 7813559))

table 3 : explain SELECT c FROM sbtest3 WHERE id BETWEEN 9696937 AND 9697936
	Bitmap Heap Scan on sbtest3  (cost=22.19..3679.49 rows=952 width=121)
	  Recheck Cond: ((id >= 9696937) AND (id <= 9697936))
	  ->  Bitmap Index Scan on sbtest3_pkey  (cost=0.00..21.95 rows=952 width=0)
	        Index Cond: ((id >= 9696937) AND (id <= 9697936))

table 4 : explain SELECT c FROM sbtest4 WHERE id BETWEEN 3733778 AND 3734777
	Bitmap Heap Scan on sbtest4  (cost=22.85..3920.55 rows=1016 width=121)
	  Recheck Cond: ((id >= 3733778) AND (id <= 3734777))
	  ->  Bitmap Index Scan on sbtest4_pkey  (cost=0.00..22.59 rows=1016 width=0)
	        Index Cond: ((id >= 3733778) AND (id <= 3734777))

table 5 : explain SELECT c FROM sbtest5 WHERE id BETWEEN 7178324 AND 7179323
	Bitmap Heap Scan on sbtest5  (cost=23.44..4140.09 rows=1074 width=121)
	  Recheck Cond: ((id >= 7178324) AND (id <= 7179323))
	  ->  Bitmap Index Scan on sbtest5_pkey  (cost=0.00..23.18 rows=1074 width=0)
	        Index Cond: ((id >= 7178324) AND (id <= 7179323))

table 6 : explain SELECT c FROM sbtest6 WHERE id BETWEEN 4600509 AND 4601508
	Bitmap Heap Scan on sbtest6  (cost=23.41..4127.81 rows=1071 width=121)
	  Recheck Cond: ((id >= 4600509) AND (id <= 4601508))
	  ->  Bitmap Index Scan on sbtest6_pkey  (cost=0.00..23.14 rows=1071 width=0)
	        Index Cond: ((id >= 4600509) AND (id <= 4601508))

table 7 : explain SELECT c FROM sbtest7 WHERE id BETWEEN 7225871 AND 7226870
	Bitmap Heap Scan on sbtest7  (cost=22.52..3801.61 rows=984 width=121)
	  Recheck Cond: ((id >= 7225871) AND (id <= 7226870))
	  ->  Bitmap Index Scan on sbtest7_pkey  (cost=0.00..22.27 rows=984 width=0)
	        Index Cond: ((id >= 7225871) AND (id <= 7226870))

table 8 : explain SELECT c FROM sbtest8 WHERE id BETWEEN 32549 AND 33548
	Bitmap Heap Scan on sbtest8  (cost=22.66..3854.24 rows=998 width=121)
	  Recheck Cond: ((id >= 32549) AND (id <= 33548))
	  ->  Bitmap Index Scan on sbtest8_pkey  (cost=0.00..22.41 rows=998 width=0)
	        Index Cond: ((id >= 32549) AND (id <= 33548))

for point_selects
table 1 : explain SELECT c FROM sbtest1 WHERE id=9397962
	Index Scan using sbtest1_pkey on sbtest1  (cost=0.43..8.45 rows=1 width=121)
	  Index Cond: (id = 9397962)

table 2 : explain SELECT c FROM sbtest2 WHERE id=4483339
	Index Scan using sbtest2_pkey on sbtest2  (cost=0.43..8.45 rows=1 width=121)
	  Index Cond: (id = 4483339)

table 3 : explain SELECT c FROM sbtest3 WHERE id=4283911
	Index Scan using sbtest3_pkey on sbtest3  (cost=0.43..8.45 rows=1 width=121)
	  Index Cond: (id = 4283911)

table 4 : explain SELECT c FROM sbtest4 WHERE id=3067133
	Index Scan using sbtest4_pkey on sbtest4  (cost=0.43..8.45 rows=1 width=121)
	  Index Cond: (id = 3067133)

table 5 : explain SELECT c FROM sbtest5 WHERE id=9229397
	Index Scan using sbtest5_pkey on sbtest5  (cost=0.43..8.45 rows=1 width=121)
	  Index Cond: (id = 9229397)

table 6 : explain SELECT c FROM sbtest6 WHERE id=6500041
	Index Scan using sbtest6_pkey on sbtest6  (cost=0.43..8.45 rows=1 width=121)
	  Index Cond: (id = 6500041)

table 7 : explain SELECT c FROM sbtest7 WHERE id=92429
	Index Scan using sbtest7_pkey on sbtest7  (cost=0.43..8.45 rows=1 width=121)
	  Index Cond: (id = 92429)

table 8 : explain SELECT c FROM sbtest8 WHERE id=7978769
	Index Scan using sbtest8_pkey on sbtest8  (cost=0.43..8.45 rows=1 width=121)
	  Index Cond: (id = 7978769)

for point_selects
table 1 : explain SELECT c FROM sbtest1 WHERE id=5305891
	Index Scan using sbtest1_pkey on sbtest1  (cost=0.43..8.45 rows=1 width=121)
	  Index Cond: (id = 5305891)

table 2 : explain SELECT c FROM sbtest2 WHERE id=7401111
	Index Scan using sbtest2_pkey on sbtest2  (cost=0.43..8.45 rows=1 width=121)
	  Index Cond: (id = 7401111)

table 3 : explain SELECT c FROM sbtest3 WHERE id=7533097
	Index Scan using sbtest3_pkey on sbtest3  (cost=0.43..8.45 rows=1 width=121)
	  Index Cond: (id = 7533097)

table 4 : explain SELECT c FROM sbtest4 WHERE id=9926885
	Index Scan using sbtest4_pkey on sbtest4  (cost=0.43..8.45 rows=1 width=121)
	  Index Cond: (id = 9926885)

table 5 : explain SELECT c FROM sbtest5 WHERE id=7333241
	Index Scan using sbtest5_pkey on sbtest5  (cost=0.43..8.45 rows=1 width=121)
	  Index Cond: (id = 7333241)

table 6 : explain SELECT c FROM sbtest6 WHERE id=6486116
	Index Scan using sbtest6_pkey on sbtest6  (cost=0.43..8.45 rows=1 width=121)
	  Index Cond: (id = 6486116)

table 7 : explain SELECT c FROM sbtest7 WHERE id=1286182
	Index Scan using sbtest7_pkey on sbtest7  (cost=0.43..8.45 rows=1 width=121)
	  Index Cond: (id = 1286182)

table 8 : explain SELECT c FROM sbtest8 WHERE id=7327206
	Index Scan using sbtest8_pkey on sbtest8  (cost=0.43..8.45 rows=1 width=121)
	  Index Cond: (id = 7327206)

for: simple_ranges
table 1 : explain SELECT c FROM sbtest1 WHERE id BETWEEN 3711027 AND 3712026
	Bitmap Heap Scan on sbtest1  (cost=23.62..4202.63 rows=1091 width=121)
	  Recheck Cond: ((id >= 3711027) AND (id <= 3712026))
	  ->  Bitmap Index Scan on sbtest1_pkey  (cost=0.00..23.34 rows=1091 width=0)
	        Index Cond: ((id >= 3711027) AND (id <= 3712026))

table 2 : explain SELECT c FROM sbtest2 WHERE id BETWEEN 634166 AND 635165
	Bitmap Heap Scan on sbtest2  (cost=22.55..3811.32 rows=987 width=121)
	  Recheck Cond: ((id >= 634166) AND (id <= 635165))
	  ->  Bitmap Index Scan on sbtest2_pkey  (cost=0.00..22.30 rows=987 width=0)
	        Index Cond: ((id >= 634166) AND (id <= 635165))

table 3 : explain SELECT c FROM sbtest3 WHERE id BETWEEN 8924628 AND 8925627
	Bitmap Heap Scan on sbtest3  (cost=27.97..4330.26 rows=1125 width=121)
	  Recheck Cond: ((id >= 8924628) AND (id <= 8925627))
	  ->  Bitmap Index Scan on sbtest3_pkey  (cost=0.00..27.68 rows=1125 width=0)
	        Index Cond: ((id >= 8924628) AND (id <= 8925627))

table 4 : explain SELECT c FROM sbtest4 WHERE id BETWEEN 7890384 AND 7891383
	Bitmap Heap Scan on sbtest4  (cost=22.35..3736.01 rows=967 width=121)
	  Recheck Cond: ((id >= 7890384) AND (id <= 7891383))
	  ->  Bitmap Index Scan on sbtest4_pkey  (cost=0.00..22.11 rows=967 width=0)
	        Index Cond: ((id >= 7890384) AND (id <= 7891383))

table 5 : explain SELECT c FROM sbtest5 WHERE id BETWEEN 2493381 AND 2494380
	Bitmap Heap Scan on sbtest5  (cost=21.96..3593.90 rows=929 width=121)
	  Recheck Cond: ((id >= 2493381) AND (id <= 2494380))
	  ->  Bitmap Index Scan on sbtest5_pkey  (cost=0.00..21.72 rows=929 width=0)
	        Index Cond: ((id >= 2493381) AND (id <= 2494380))

table 6 : explain SELECT c FROM sbtest6 WHERE id BETWEEN 1768228 AND 1769227
	Bitmap Heap Scan on sbtest6  (cost=23.48..4154.10 rows=1078 width=121)
	  Recheck Cond: ((id >= 1768228) AND (id <= 1769227))
	  ->  Bitmap Index Scan on sbtest6_pkey  (cost=0.00..23.21 rows=1078 width=0)
	        Index Cond: ((id >= 1768228) AND (id <= 1769227))

table 7 : explain SELECT c FROM sbtest7 WHERE id BETWEEN 7026267 AND 7027266
	Bitmap Heap Scan on sbtest7  (cost=22.39..3752.60 rows=971 width=121)
	  Recheck Cond: ((id >= 7026267) AND (id <= 7027266))
	  ->  Bitmap Index Scan on sbtest7_pkey  (cost=0.00..22.14 rows=971 width=0)
	        Index Cond: ((id >= 7026267) AND (id <= 7027266))

table 8 : explain SELECT c FROM sbtest8 WHERE id BETWEEN 8178979 AND 8179978
	Bitmap Heap Scan on sbtest8  (cost=22.57..3820.33 rows=989 width=121)
	  Recheck Cond: ((id >= 8178979) AND (id <= 8179978))
	  ->  Bitmap Index Scan on sbtest8_pkey  (cost=0.00..22.32 rows=989 width=0)
	        Index Cond: ((id >= 8178979) AND (id <= 8179978))

for point_selects
table 1 : explain SELECT c FROM sbtest1 WHERE id=2568471
	Index Scan using sbtest1_pkey on sbtest1  (cost=0.43..8.45 rows=1 width=121)
	  Index Cond: (id = 2568471)

table 2 : explain SELECT c FROM sbtest2 WHERE id=4484217
	Index Scan using sbtest2_pkey on sbtest2  (cost=0.43..8.45 rows=1 width=121)
	  Index Cond: (id = 4484217)

table 3 : explain SELECT c FROM sbtest3 WHERE id=838444
	Index Scan using sbtest3_pkey on sbtest3  (cost=0.43..8.45 rows=1 width=121)
	  Index Cond: (id = 838444)

table 4 : explain SELECT c FROM sbtest4 WHERE id=5889743
	Index Scan using sbtest4_pkey on sbtest4  (cost=0.43..8.45 rows=1 width=121)
	  Index Cond: (id = 5889743)

table 5 : explain SELECT c FROM sbtest5 WHERE id=2036498
	Index Scan using sbtest5_pkey on sbtest5  (cost=0.43..8.45 rows=1 width=121)
	  Index Cond: (id = 2036498)

table 6 : explain SELECT c FROM sbtest6 WHERE id=4617412
	Index Scan using sbtest6_pkey on sbtest6  (cost=0.43..8.45 rows=1 width=121)
	  Index Cond: (id = 4617412)

table 7 : explain SELECT c FROM sbtest7 WHERE id=254595
	Index Scan using sbtest7_pkey on sbtest7  (cost=0.43..8.45 rows=1 width=121)
	  Index Cond: (id = 254595)

table 8 : explain SELECT c FROM sbtest8 WHERE id=2183450
	Index Scan using sbtest8_pkey on sbtest8  (cost=0.43..8.45 rows=1 width=121)
	  Index Cond: (id = 2183450)

explain: for point_selects :: explain SELECT c FROM sbtest%u WHERE id=%u
explain: for point_selects :: explain SELECT c FROM sbtest%u WHERE id=%u
for: order_ranges
table 1 : explain SELECT c FROM sbtest1 WHERE id BETWEEN 5974231 AND 5975230 ORDER BY c
	Sort  (cost=4181.43..4184.11 rows=1071 width=121)
	  Sort Key: c
	  ->  Bitmap Heap Scan on sbtest1  (cost=23.41..4127.53 rows=1071 width=121)
	        Recheck Cond: ((id >= 5974231) AND (id <= 5975230))
	        ->  Bitmap Index Scan on sbtest1_pkey  (cost=0.00..23.14 rows=1071 width=0)
	              Index Cond: ((id >= 5974231) AND (id <= 5975230))

table 2 : explain SELECT c FROM sbtest2 WHERE id BETWEEN 2898070 AND 2899069 ORDER BY c
	Sort  (cost=3603.96..3606.26 rows=920 width=121)
	  Sort Key: c
	  ->  Bitmap Heap Scan on sbtest2  (cost=21.87..3558.67 rows=920 width=121)
	        Recheck Cond: ((id >= 2898070) AND (id <= 2899069))
	        ->  Bitmap Index Scan on sbtest2_pkey  (cost=0.00..21.64 rows=920 width=0)
	              Index Cond: ((id >= 2898070) AND (id <= 2899069))

table 3 : explain SELECT c FROM sbtest3 WHERE id BETWEEN 4158083 AND 4159082 ORDER BY c
	Sort  (cost=3948.40..3950.92 rows=1010 width=121)
	  Sort Key: c
	  ->  Bitmap Heap Scan on sbtest3  (cost=22.79..3898.00 rows=1010 width=121)
	        Recheck Cond: ((id >= 4158083) AND (id <= 4159082))
	        ->  Bitmap Index Scan on sbtest3_pkey  (cost=0.00..22.54 rows=1010 width=0)
	              Index Cond: ((id >= 4158083) AND (id <= 4159082))

table 4 : explain SELECT c FROM sbtest4 WHERE id BETWEEN 1646644 AND 1647643 ORDER BY c
	Sort  (cost=4017.12..4019.69 rows=1028 width=121)
	  Sort Key: c
	  ->  Bitmap Heap Scan on sbtest4  (cost=22.97..3965.69 rows=1028 width=121)
	        Recheck Cond: ((id >= 1646644) AND (id <= 1647643))
	        ->  Bitmap Index Scan on sbtest4_pkey  (cost=0.00..22.71 rows=1028 width=0)
	              Index Cond: ((id >= 1646644) AND (id <= 1647643))

table 5 : explain SELECT c FROM sbtest5 WHERE id BETWEEN 1544852 AND 1545851 ORDER BY c
	Sort  (cost=4320.27..4323.04 rows=1107 width=121)
	  Sort Key: c
	  ->  Bitmap Heap Scan on sbtest5  (cost=27.78..4264.30 rows=1107 width=121)
	        Recheck Cond: ((id >= 1544852) AND (id <= 1545851))
	        ->  Bitmap Index Scan on sbtest5_pkey  (cost=0.00..27.50 rows=1107 width=0)
	              Index Cond: ((id >= 1544852) AND (id <= 1545851))

table 6 : explain SELECT c FROM sbtest6 WHERE id BETWEEN 8725890 AND 8726889 ORDER BY c
	Sort  (cost=3504.70..3506.93 rows=894 width=121)
	  Sort Key: c
	  ->  Bitmap Heap Scan on sbtest6  (cost=21.60..3460.87 rows=894 width=121)
	        Recheck Cond: ((id >= 8725890) AND (id <= 8726889))
	        ->  Bitmap Index Scan on sbtest6_pkey  (cost=0.00..21.37 rows=894 width=0)
	              Index Cond: ((id >= 8725890) AND (id <= 8726889))

table 7 : explain SELECT c FROM sbtest7 WHERE id BETWEEN 6227054 AND 6228053 ORDER BY c
	Sort  (cost=4037.87..4040.45 rows=1033 width=121)
	  Sort Key: c
	  ->  Bitmap Heap Scan on sbtest7  (cost=23.02..3986.15 rows=1033 width=121)
	        Recheck Cond: ((id >= 6227054) AND (id <= 6228053))
	        ->  Bitmap Index Scan on sbtest7_pkey  (cost=0.00..22.76 rows=1033 width=0)
	              Index Cond: ((id >= 6227054) AND (id <= 6228053))

table 8 : explain SELECT c FROM sbtest8 WHERE id BETWEEN 2812065 AND 2813064 ORDER BY c
	Sort  (cost=3754.71..3757.11 rows=959 width=121)
	  Sort Key: c
	  ->  Bitmap Heap Scan on sbtest8  (cost=22.26..3707.22 rows=959 width=121)
	        Recheck Cond: ((id >= 2812065) AND (id <= 2813064))
	        ->  Bitmap Index Scan on sbtest8_pkey  (cost=0.00..22.02 rows=959 width=0)
	              Index Cond: ((id >= 2812065) AND (id <= 2813064))

for: sum_ranges
table 1 : explain SELECT SUM(k) FROM sbtest1 WHERE id BETWEEN 6866780 AND 6867779
	Aggregate  (cost=3443.99..3444.00 rows=1 width=8)
	  ->  Bitmap Heap Scan on sbtest1  (cost=21.55..3441.77 rows=889 width=4)
	        Recheck Cond: ((id >= 6866780) AND (id <= 6867779))
	        ->  Bitmap Index Scan on sbtest1_pkey  (cost=0.00..21.32 rows=889 width=0)
	              Index Cond: ((id >= 6866780) AND (id <= 6867779))

table 2 : explain SELECT SUM(k) FROM sbtest2 WHERE id BETWEEN 3515453 AND 3516452
	Aggregate  (cost=4201.32..4201.33 rows=1 width=8)
	  ->  Bitmap Heap Scan on sbtest2  (cost=23.61..4198.60 rows=1090 width=4)
	        Recheck Cond: ((id >= 3515453) AND (id <= 3516452))
	        ->  Bitmap Index Scan on sbtest2_pkey  (cost=0.00..23.33 rows=1090 width=0)
	              Index Cond: ((id >= 3515453) AND (id <= 3516452))

table 3 : explain SELECT SUM(k) FROM sbtest3 WHERE id BETWEEN 6105189 AND 6106188
	Aggregate  (cost=3987.11..3987.12 rows=1 width=8)
	  ->  Bitmap Heap Scan on sbtest3  (cost=23.02..3984.53 rows=1033 width=4)
	        Recheck Cond: ((id >= 6105189) AND (id <= 6106188))
	        ->  Bitmap Index Scan on sbtest3_pkey  (cost=0.00..22.76 rows=1033 width=0)
	              Index Cond: ((id >= 6105189) AND (id <= 6106188))

table 4 : explain SELECT SUM(k) FROM sbtest4 WHERE id BETWEEN 6122393 AND 6123392
	Aggregate  (cost=3685.61..3685.62 rows=1 width=8)
	  ->  Bitmap Heap Scan on sbtest4  (cost=22.20..3683.23 rows=953 width=4)
	        Recheck Cond: ((id >= 6122393) AND (id <= 6123392))
	        ->  Bitmap Index Scan on sbtest4_pkey  (cost=0.00..21.96 rows=953 width=0)
	              Index Cond: ((id >= 6122393) AND (id <= 6123392))

table 5 : explain SELECT SUM(k) FROM sbtest5 WHERE id BETWEEN 4754546 AND 4755545
	Aggregate  (cost=3830.25..3830.26 rows=1 width=8)
	  ->  Bitmap Heap Scan on sbtest5  (cost=22.59..3827.78 rows=991 width=4)
	        Recheck Cond: ((id >= 4754546) AND (id <= 4755545))
	        ->  Bitmap Index Scan on sbtest5_pkey  (cost=0.00..22.34 rows=991 width=0)
	              Index Cond: ((id >= 4754546) AND (id <= 4755545))

table 6 : explain SELECT SUM(k) FROM sbtest6 WHERE id BETWEEN 3065186 AND 3066185
	Aggregate  (cost=3602.96..3602.97 rows=1 width=8)
	  ->  Bitmap Heap Scan on sbtest6  (cost=21.98..3600.63 rows=931 width=4)
	        Recheck Cond: ((id >= 3065186) AND (id <= 3066185))
	        ->  Bitmap Index Scan on sbtest6_pkey  (cost=0.00..21.75 rows=931 width=0)
	              Index Cond: ((id >= 3065186) AND (id <= 3066185))

table 7 : explain SELECT SUM(k) FROM sbtest7 WHERE id BETWEEN 1275440 AND 1276439
	Aggregate  (cost=3603.97..3603.98 rows=1 width=8)
	  ->  Bitmap Heap Scan on sbtest7  (cost=21.98..3601.65 rows=931 width=4)
	        Recheck Cond: ((id >= 1275440) AND (id <= 1276439))
	        ->  Bitmap Index Scan on sbtest7_pkey  (cost=0.00..21.75 rows=931 width=0)
	              Index Cond: ((id >= 1275440) AND (id <= 1276439))

table 8 : explain SELECT SUM(k) FROM sbtest8 WHERE id BETWEEN 9140485 AND 9141484
	Aggregate  (cost=3686.96..3686.97 rows=1 width=8)
	  ->  Bitmap Heap Scan on sbtest8  (cost=22.20..3684.58 rows=953 width=4)
	        Recheck Cond: ((id >= 9140485) AND (id <= 9141484))
	        ->  Bitmap Index Scan on sbtest8_pkey  (cost=0.00..21.96 rows=953 width=0)
	              Index Cond: ((id >= 9140485) AND (id <= 9141484))

for: order_ranges
table 1 : explain SELECT c FROM sbtest1 WHERE id BETWEEN 4235743 AND 4236742 ORDER BY c
	Sort  (cost=3803.28..3805.71 rows=972 width=121)
	  Sort Key: c
	  ->  Bitmap Heap Scan on sbtest1  (cost=22.40..3755.05 rows=972 width=121)
	        Recheck Cond: ((id >= 4235743) AND (id <= 4236742))
	        ->  Bitmap Index Scan on sbtest1_pkey  (cost=0.00..22.15 rows=972 width=0)
	              Index Cond: ((id >= 4235743) AND (id <= 4236742))

table 2 : explain SELECT c FROM sbtest2 WHERE id BETWEEN 573708 AND 574707 ORDER BY c
	Sort  (cost=3997.98..4000.54 rows=1023 width=121)
	  Sort Key: c
	  ->  Bitmap Heap Scan on sbtest2  (cost=22.92..3946.84 rows=1023 width=121)
	        Recheck Cond: ((id >= 573708) AND (id <= 574707))
	        ->  Bitmap Index Scan on sbtest2_pkey  (cost=0.00..22.66 rows=1023 width=0)
	              Index Cond: ((id >= 573708) AND (id <= 574707))

table 3 : explain SELECT c FROM sbtest3 WHERE id BETWEEN 9013370 AND 9014369 ORDER BY c
	Sort  (cost=4024.79..4027.37 rows=1030 width=121)
	  Sort Key: c
	  ->  Bitmap Heap Scan on sbtest3  (cost=22.99..3973.25 rows=1030 width=121)
	        Recheck Cond: ((id >= 9013370) AND (id <= 9014369))
	        ->  Bitmap Index Scan on sbtest3_pkey  (cost=0.00..22.73 rows=1030 width=0)
	              Index Cond: ((id >= 9013370) AND (id <= 9014369))

table 4 : explain SELECT c FROM sbtest4 WHERE id BETWEEN 5531434 AND 5532433 ORDER BY c
	Sort  (cost=3646.14..3648.47 rows=931 width=121)
	  Sort Key: c
	  ->  Bitmap Heap Scan on sbtest4  (cost=21.98..3600.23 rows=931 width=121)
	        Recheck Cond: ((id >= 5531434) AND (id <= 5532433))
	        ->  Bitmap Index Scan on sbtest4_pkey  (cost=0.00..21.75 rows=931 width=0)
	              Index Cond: ((id >= 5531434) AND (id <= 5532433))

table 5 : explain SELECT c FROM sbtest5 WHERE id BETWEEN 60646 AND 61645 ORDER BY c
	Sort  (cost=4434.56..4437.40 rows=1137 width=121)
	  Sort Key: c
	  ->  Bitmap Heap Scan on sbtest5  (cost=28.09..4376.85 rows=1137 width=121)
	        Recheck Cond: ((id >= 60646) AND (id <= 61645))
	        ->  Bitmap Index Scan on sbtest5_pkey  (cost=0.00..27.80 rows=1137 width=0)
	              Index Cond: ((id >= 60646) AND (id <= 61645))

table 6 : explain SELECT c FROM sbtest6 WHERE id BETWEEN 8048756 AND 8049755 ORDER BY c
	Sort  (cost=3887.66..3890.15 rows=994 width=121)
	  Sort Key: c
	  ->  Bitmap Heap Scan on sbtest6  (cost=22.62..3838.17 rows=994 width=121)
	        Recheck Cond: ((id >= 8048756) AND (id <= 8049755))
	        ->  Bitmap Index Scan on sbtest6_pkey  (cost=0.00..22.37 rows=994 width=0)
	              Index Cond: ((id >= 8048756) AND (id <= 8049755))

table 7 : explain SELECT c FROM sbtest7 WHERE id BETWEEN 5420693 AND 5421692 ORDER BY c
	Sort  (cost=4041.69..4044.27 rows=1034 width=121)
	  Sort Key: c
	  ->  Bitmap Heap Scan on sbtest7  (cost=23.03..3989.92 rows=1034 width=121)
	        Recheck Cond: ((id >= 5420693) AND (id <= 5421692))
	        ->  Bitmap Index Scan on sbtest7_pkey  (cost=0.00..22.77 rows=1034 width=0)
	              Index Cond: ((id >= 5420693) AND (id <= 5421692))

table 8 : explain SELECT c FROM sbtest8 WHERE id BETWEEN 5401775 AND 5402774 ORDER BY c
	Sort  (cost=3796.83..3799.25 rows=970 width=121)
	  Sort Key: c
	  ->  Bitmap Heap Scan on sbtest8  (cost=22.38..3748.71 rows=970 width=121)
	        Recheck Cond: ((id >= 5401775) AND (id <= 5402774))
	        ->  Bitmap Index Scan on sbtest8_pkey  (cost=0.00..22.14 rows=970 width=0)
	              Index Cond: ((id >= 5401775) AND (id <= 5402774))

for: simple_ranges
table 1 : explain SELECT c FROM sbtest1 WHERE id BETWEEN 661700 AND 662699
	Bitmap Heap Scan on sbtest1  (cost=23.16..4033.59 rows=1046 width=121)
	  Recheck Cond: ((id >= 661700) AND (id <= 662699))
	  ->  Bitmap Index Scan on sbtest1_pkey  (cost=0.00..22.89 rows=1046 width=0)
	        Index Cond: ((id >= 661700) AND (id <= 662699))

table 2 : explain SELECT c FROM sbtest2 WHERE id BETWEEN 3114710 AND 3115709
	Bitmap Heap Scan on sbtest2  (cost=22.48..3784.96 rows=980 width=121)
	  Recheck Cond: ((id >= 3114710) AND (id <= 3115709))
	  ->  Bitmap Index Scan on sbtest2_pkey  (cost=0.00..22.23 rows=980 width=0)
	        Index Cond: ((id >= 3114710) AND (id <= 3115709))

table 3 : explain SELECT c FROM sbtest3 WHERE id BETWEEN 2974820 AND 2975819
	Bitmap Heap Scan on sbtest3  (cost=22.96..3961.96 rows=1027 width=121)
	  Recheck Cond: ((id >= 2974820) AND (id <= 2975819))
	  ->  Bitmap Index Scan on sbtest3_pkey  (cost=0.00..22.70 rows=1027 width=0)
	        Index Cond: ((id >= 2974820) AND (id <= 2975819))

table 4 : explain SELECT c FROM sbtest4 WHERE id BETWEEN 2842132 AND 2843131
	Bitmap Heap Scan on sbtest4  (cost=22.52..3800.07 rows=984 width=121)
	  Recheck Cond: ((id >= 2842132) AND (id <= 2843131))
	  ->  Bitmap Index Scan on sbtest4_pkey  (cost=0.00..22.27 rows=984 width=0)
	        Index Cond: ((id >= 2842132) AND (id <= 2843131))

table 5 : explain SELECT c FROM sbtest5 WHERE id BETWEEN 7134743 AND 7135742
	Bitmap Heap Scan on sbtest5  (cost=28.16..4403.10 rows=1144 width=121)
	  Recheck Cond: ((id >= 7134743) AND (id <= 7135742))
	  ->  Bitmap Index Scan on sbtest5_pkey  (cost=0.00..27.87 rows=1144 width=0)
	        Index Cond: ((id >= 7134743) AND (id <= 7135742))

table 6 : explain SELECT c FROM sbtest6 WHERE id BETWEEN 1467743 AND 1468742
	Bitmap Heap Scan on sbtest6  (cost=22.71..3868.30 rows=1002 width=121)
	  Recheck Cond: ((id >= 1467743) AND (id <= 1468742))
	  ->  Bitmap Index Scan on sbtest6_pkey  (cost=0.00..22.45 rows=1002 width=0)
	        Index Cond: ((id >= 1467743) AND (id <= 1468742))

table 7 : explain SELECT c FROM sbtest7 WHERE id BETWEEN 6656606 AND 6657605
	Bitmap Heap Scan on sbtest7  (cost=22.76..3888.27 rows=1007 width=121)
	  Recheck Cond: ((id >= 6656606) AND (id <= 6657605))
	  ->  Bitmap Index Scan on sbtest7_pkey  (cost=0.00..22.50 rows=1007 width=0)
	        Index Cond: ((id >= 6656606) AND (id <= 6657605))

table 8 : explain SELECT c FROM sbtest8 WHERE id BETWEEN 1280821 AND 1281820
	Bitmap Heap Scan on sbtest8  (cost=22.58..3824.10 rows=990 width=121)
	  Recheck Cond: ((id >= 1280821) AND (id <= 1281820))
	  ->  Bitmap Index Scan on sbtest8_pkey  (cost=0.00..22.33 rows=990 width=0)
	        Index Cond: ((id >= 1280821) AND (id <= 1281820))

for: simple_ranges
table 1 : explain SELECT c FROM sbtest1 WHERE id BETWEEN 4639948 AND 4640947
	Bitmap Heap Scan on sbtest1  (cost=22.98..3969.66 rows=1029 width=121)
	  Recheck Cond: ((id >= 4639948) AND (id <= 4640947))
	  ->  Bitmap Index Scan on sbtest1_pkey  (cost=0.00..22.72 rows=1029 width=0)
	        Index Cond: ((id >= 4639948) AND (id <= 4640947))

table 2 : explain SELECT c FROM sbtest2 WHERE id BETWEEN 4055967 AND 4056966
	Bitmap Heap Scan on sbtest2  (cost=23.22..4055.88 rows=1052 width=121)
	  Recheck Cond: ((id >= 4055967) AND (id <= 4056966))
	  ->  Bitmap Index Scan on sbtest2_pkey  (cost=0.00..22.95 rows=1052 width=0)
	        Index Cond: ((id >= 4055967) AND (id <= 4056966))

table 3 : explain SELECT c FROM sbtest3 WHERE id BETWEEN 1988554 AND 1989553
	Bitmap Heap Scan on sbtest3  (cost=23.09..4010.85 rows=1040 width=121)
	  Recheck Cond: ((id >= 1988554) AND (id <= 1989553))
	  ->  Bitmap Index Scan on sbtest3_pkey  (cost=0.00..22.83 rows=1040 width=0)
	        Index Cond: ((id >= 1988554) AND (id <= 1989553))

table 4 : explain SELECT c FROM sbtest4 WHERE id BETWEEN 7113263 AND 7114262
	Bitmap Heap Scan on sbtest4  (cost=22.61..3833.97 rows=993 width=121)
	  Recheck Cond: ((id >= 7113263) AND (id <= 7114262))
	  ->  Bitmap Index Scan on sbtest4_pkey  (cost=0.00..22.36 rows=993 width=0)
	        Index Cond: ((id >= 7113263) AND (id <= 7114262))

table 5 : explain SELECT c FROM sbtest5 WHERE id BETWEEN 471356 AND 472355
	Bitmap Heap Scan on sbtest5  (cost=22.41..3759.93 rows=973 width=121)
	  Recheck Cond: ((id >= 471356) AND (id <= 472355))
	  ->  Bitmap Index Scan on sbtest5_pkey  (cost=0.00..22.16 rows=973 width=0)
	        Index Cond: ((id >= 471356) AND (id <= 472355))

table 6 : explain SELECT c FROM sbtest6 WHERE id BETWEEN 8771796 AND 8772795
	Bitmap Heap Scan on sbtest6  (cost=21.60..3460.87 rows=894 width=121)
	  Recheck Cond: ((id >= 8771796) AND (id <= 8772795))
	  ->  Bitmap Index Scan on sbtest6_pkey  (cost=0.00..21.37 rows=894 width=0)
	        Index Cond: ((id >= 8771796) AND (id <= 8772795))

table 7 : explain SELECT c FROM sbtest7 WHERE id BETWEEN 1157208 AND 1158207
	Bitmap Heap Scan on sbtest7  (cost=23.06..4001.21 rows=1037 width=121)
	  Recheck Cond: ((id >= 1157208) AND (id <= 1158207))
	  ->  Bitmap Index Scan on sbtest7_pkey  (cost=0.00..22.80 rows=1037 width=0)
	        Index Cond: ((id >= 1157208) AND (id <= 1158207))

table 8 : explain SELECT c FROM sbtest8 WHERE id BETWEEN 5573861 AND 5574860
	Bitmap Heap Scan on sbtest8  (cost=22.93..3952.15 rows=1024 width=121)
	  Recheck Cond: ((id >= 5573861) AND (id <= 5574860))
	  ->  Bitmap Index Scan on sbtest8_pkey  (cost=0.00..22.68 rows=1024 width=0)
	        Index Cond: ((id >= 5573861) AND (id <= 5574860))

for: sum_ranges
table 1 : explain SELECT SUM(k) FROM sbtest1 WHERE id BETWEEN 5507604 AND 5508603
	Aggregate  (cost=4002.34..4002.35 rows=1 width=8)
	  ->  Bitmap Heap Scan on sbtest1  (cost=23.06..3999.75 rows=1037 width=4)
	        Recheck Cond: ((id >= 5507604) AND (id <= 5508603))
	        ->  Bitmap Index Scan on sbtest1_pkey  (cost=0.00..22.80 rows=1037 width=0)
	              Index Cond: ((id >= 5507604) AND (id <= 5508603))

table 2 : explain SELECT SUM(k) FROM sbtest2 WHERE id BETWEEN 4559079 AND 4560078
	Aggregate  (cost=3670.47..3670.48 rows=1 width=8)
	  ->  Bitmap Heap Scan on sbtest2  (cost=22.16..3668.10 rows=949 width=4)
	        Recheck Cond: ((id >= 4559079) AND (id <= 4560078))
	        ->  Bitmap Index Scan on sbtest2_pkey  (cost=0.00..21.93 rows=949 width=0)
	              Index Cond: ((id >= 4559079) AND (id <= 4560078))

table 3 : explain SELECT SUM(k) FROM sbtest3 WHERE id BETWEEN 8891240 AND 8892239
	Aggregate  (cost=3742.23..3742.24 rows=1 width=8)
	  ->  Bitmap Heap Scan on sbtest3  (cost=22.36..3739.81 rows=968 width=4)
	        Recheck Cond: ((id >= 8891240) AND (id <= 8892239))
	        ->  Bitmap Index Scan on sbtest3_pkey  (cost=0.00..22.11 rows=968 width=0)
	              Index Cond: ((id >= 8891240) AND (id <= 8892239))

table 4 : explain SELECT SUM(k) FROM sbtest4 WHERE id BETWEEN 780868 AND 781867
	Aggregate  (cost=4066.08..4066.09 rows=1 width=8)
	  ->  Bitmap Heap Scan on sbtest4  (cost=23.24..4063.44 rows=1054 width=4)
	        Recheck Cond: ((id >= 780868) AND (id <= 781867))
	        ->  Bitmap Index Scan on sbtest4_pkey  (cost=0.00..22.97 rows=1054 width=0)
	              Index Cond: ((id >= 780868) AND (id <= 781867))

table 5 : explain SELECT SUM(k) FROM sbtest5 WHERE id BETWEEN 5488033 AND 5489032
	Aggregate  (cost=3950.85..3950.86 rows=1 width=8)
	  ->  Bitmap Heap Scan on sbtest5  (cost=22.92..3948.29 rows=1023 width=4)
	        Recheck Cond: ((id >= 5488033) AND (id <= 5489032))
	        ->  Bitmap Index Scan on sbtest5_pkey  (cost=0.00..22.66 rows=1023 width=0)
	              Index Cond: ((id >= 5488033) AND (id <= 5489032))

table 6 : explain SELECT SUM(k) FROM sbtest6 WHERE id BETWEEN 9523708 AND 9524707
	Aggregate  (cost=3738.85..3738.86 rows=1 width=8)
	  ->  Bitmap Heap Scan on sbtest6  (cost=22.35..3736.43 rows=967 width=4)
	        Recheck Cond: ((id >= 9523708) AND (id <= 9524707))
	        ->  Bitmap Index Scan on sbtest6_pkey  (cost=0.00..22.11 rows=967 width=0)
	              Index Cond: ((id >= 9523708) AND (id <= 9524707))

table 7 : explain SELECT SUM(k) FROM sbtest7 WHERE id BETWEEN 4780165 AND 4781164
	Aggregate  (cost=3558.62..3558.63 rows=1 width=8)
	  ->  Bitmap Heap Scan on sbtest7  (cost=21.85..3556.32 rows=919 width=4)
	        Recheck Cond: ((id >= 4780165) AND (id <= 4781164))
	        ->  Bitmap Index Scan on sbtest7_pkey  (cost=0.00..21.62 rows=919 width=0)
	              Index Cond: ((id >= 4780165) AND (id <= 4781164))

table 8 : explain SELECT SUM(k) FROM sbtest8 WHERE id BETWEEN 4752570 AND 4753569
	Aggregate  (cost=3683.19..3683.20 rows=1 width=8)
	  ->  Bitmap Heap Scan on sbtest8  (cost=22.19..3680.81 rows=952 width=4)
	        Recheck Cond: ((id >= 4752570) AND (id <= 4753569))
	        ->  Bitmap Index Scan on sbtest8_pkey  (cost=0.00..21.95 rows=952 width=0)
	              Index Cond: ((id >= 4752570) AND (id <= 4753569))

for: simple_ranges
table 1 : explain SELECT c FROM sbtest1 WHERE id BETWEEN 2509098 AND 2510097
	Bitmap Heap Scan on sbtest1  (cost=22.68..3860.53 rows=1000 width=121)
	  Recheck Cond: ((id >= 2509098) AND (id <= 2510097))
	  ->  Bitmap Index Scan on sbtest1_pkey  (cost=0.00..22.43 rows=1000 width=0)
	        Index Cond: ((id >= 2509098) AND (id <= 2510097))

table 2 : explain SELECT c FROM sbtest2 WHERE id BETWEEN 3955234 AND 3956233
	Bitmap Heap Scan on sbtest2  (cost=27.73..4243.90 rows=1102 width=121)
	  Recheck Cond: ((id >= 3955234) AND (id <= 3956233))
	  ->  Bitmap Index Scan on sbtest2_pkey  (cost=0.00..27.45 rows=1102 width=0)
	        Index Cond: ((id >= 3955234) AND (id <= 3956233))

table 3 : explain SELECT c FROM sbtest3 WHERE id BETWEEN 6940890 AND 6941889
	Bitmap Heap Scan on sbtest3  (cost=22.40..3754.88 rows=972 width=121)
	  Recheck Cond: ((id >= 6940890) AND (id <= 6941889))
	  ->  Bitmap Index Scan on sbtest3_pkey  (cost=0.00..22.15 rows=972 width=0)
	        Index Cond: ((id >= 6940890) AND (id <= 6941889))

table 4 : explain SELECT c FROM sbtest4 WHERE id BETWEEN 2104797 AND 2105796
	Bitmap Heap Scan on sbtest4  (cost=22.47..3781.23 rows=979 width=121)
	  Recheck Cond: ((id >= 2104797) AND (id <= 2105796))
	  ->  Bitmap Index Scan on sbtest4_pkey  (cost=0.00..22.22 rows=979 width=0)
	        Index Cond: ((id >= 2104797) AND (id <= 2105796))

table 5 : explain SELECT c FROM sbtest5 WHERE id BETWEEN 9448814 AND 9449813
	Bitmap Heap Scan on sbtest5  (cost=21.71..3503.23 rows=905 width=121)
	  Recheck Cond: ((id >= 9448814) AND (id <= 9449813))
	  ->  Bitmap Index Scan on sbtest5_pkey  (cost=0.00..21.48 rows=905 width=0)
	        Index Cond: ((id >= 9448814) AND (id <= 9449813))

table 6 : explain SELECT c FROM sbtest6 WHERE id BETWEEN 2170602 AND 2171601
	Bitmap Heap Scan on sbtest6  (cost=22.88..3932.29 rows=1019 width=121)
	  Recheck Cond: ((id >= 2170602) AND (id <= 2171601))
	  ->  Bitmap Index Scan on sbtest6_pkey  (cost=0.00..22.62 rows=1019 width=0)
	        Index Cond: ((id >= 2170602) AND (id <= 2171601))

table 7 : explain SELECT c FROM sbtest7 WHERE id BETWEEN 2725229 AND 2726228
	Bitmap Heap Scan on sbtest7  (cost=22.91..3944.75 rows=1022 width=121)
	  Recheck Cond: ((id >= 2725229) AND (id <= 2726228))
	  ->  Bitmap Index Scan on sbtest7_pkey  (cost=0.00..22.65 rows=1022 width=0)
	        Index Cond: ((id >= 2725229) AND (id <= 2726228))

table 8 : explain SELECT c FROM sbtest8 WHERE id BETWEEN 5582328 AND 5583327
	Bitmap Heap Scan on sbtest8  (cost=22.93..3952.15 rows=1024 width=121)
	  Recheck Cond: ((id >= 5582328) AND (id <= 5583327))
	  ->  Bitmap Index Scan on sbtest8_pkey  (cost=0.00..22.68 rows=1024 width=0)
	        Index Cond: ((id >= 5582328) AND (id <= 5583327))

for: distinct_ranges
table 1 : explain SELECT DISTINCT c FROM sbtest1 WHERE id BETWEEN 4557601 AND 4558600 ORDER BY c
	Unique  (cost=4166.17..4171.51 rows=1067 width=121)
	  ->  Sort  (cost=4166.17..4168.84 rows=1067 width=121)
	        Sort Key: c
	        ->  Bitmap Heap Scan on sbtest1  (cost=23.37..4112.51 rows=1067 width=121)
	              Recheck Cond: ((id >= 4557601) AND (id <= 4558600))
	              ->  Bitmap Index Scan on sbtest1_pkey  (cost=0.00..23.11 rows=1067 width=0)
	                    Index Cond: ((id >= 4557601) AND (id <= 4558600))

table 2 : explain SELECT DISTINCT c FROM sbtest2 WHERE id BETWEEN 7089234 AND 7090233 ORDER BY c
	Unique  (cost=3959.78..3964.85 rows=1013 width=121)
	  ->  Sort  (cost=3959.78..3962.31 rows=1013 width=121)
	        Sort Key: c
	        ->  Bitmap Heap Scan on sbtest2  (cost=22.82..3909.21 rows=1013 width=121)
	              Recheck Cond: ((id >= 7089234) AND (id <= 7090233))
	              ->  Bitmap Index Scan on sbtest2_pkey  (cost=0.00..22.57 rows=1013 width=0)
	                    Index Cond: ((id >= 7089234) AND (id <= 7090233))

table 3 : explain SELECT DISTINCT c FROM sbtest3 WHERE id BETWEEN 1312501 AND 1313500 ORDER BY c
	Unique  (cost=4104.95..4110.21 rows=1051 width=121)
	  ->  Sort  (cost=4104.95..4107.58 rows=1051 width=121)
	        Sort Key: c
	        ->  Bitmap Heap Scan on sbtest3  (cost=23.21..4052.20 rows=1051 width=121)
	              Recheck Cond: ((id >= 1312501) AND (id <= 1313500))
	              ->  Bitmap Index Scan on sbtest3_pkey  (cost=0.00..22.94 rows=1051 width=0)
	                    Index Cond: ((id >= 1312501) AND (id <= 1313500))

table 4 : explain SELECT DISTINCT c FROM sbtest4 WHERE id BETWEEN 7036384 AND 7037383 ORDER BY c
	Unique  (cost=3718.90..3723.65 rows=950 width=121)
	  ->  Sort  (cost=3718.90..3721.27 rows=950 width=121)
	        Sort Key: c
	        ->  Bitmap Heap Scan on sbtest4  (cost=22.17..3671.91 rows=950 width=121)
	              Recheck Cond: ((id >= 7036384) AND (id <= 7037383))
	              ->  Bitmap Index Scan on sbtest4_pkey  (cost=0.00..21.93 rows=950 width=0)
	                    Index Cond: ((id >= 7036384) AND (id <= 7037383))

table 5 : explain SELECT DISTINCT c FROM sbtest5 WHERE id BETWEEN 2187764 AND 2188763 ORDER BY c
	Unique  (cost=3892.39..3897.37 rows=995 width=121)
	  ->  Sort  (cost=3892.39..3894.88 rows=995 width=121)
	        Sort Key: c
	        ->  Bitmap Heap Scan on sbtest5  (cost=22.63..3842.85 rows=995 width=121)
	              Recheck Cond: ((id >= 2187764) AND (id <= 2188763))
	              ->  Bitmap Index Scan on sbtest5_pkey  (cost=0.00..22.39 rows=995 width=0)
	                    Index Cond: ((id >= 2187764) AND (id <= 2188763))

table 6 : explain SELECT DISTINCT c FROM sbtest6 WHERE id BETWEEN 8310439 AND 8311438 ORDER BY c
	Unique  (cost=3845.60..3850.51 rows=983 width=121)
	  ->  Sort  (cost=3845.60..3848.05 rows=983 width=121)
	        Sort Key: c
	        ->  Bitmap Heap Scan on sbtest6  (cost=22.51..3796.74 rows=983 width=121)
	              Recheck Cond: ((id >= 8310439) AND (id <= 8311438))
	              ->  Bitmap Index Scan on sbtest6_pkey  (cost=0.00..22.26 rows=983 width=0)
	                    Index Cond: ((id >= 8310439) AND (id <= 8311438))

table 7 : explain SELECT DISTINCT c FROM sbtest7 WHERE id BETWEEN 4496462 AND 4497461 ORDER BY c
	Unique  (cost=3616.89..3621.50 rows=923 width=121)
	  ->  Sort  (cost=3616.89..3619.20 rows=923 width=121)
	        Sort Key: c
	        ->  Bitmap Heap Scan on sbtest7  (cost=21.90..3571.43 rows=923 width=121)
	              Recheck Cond: ((id >= 4496462) AND (id <= 4497461))
	              ->  Bitmap Index Scan on sbtest7_pkey  (cost=0.00..21.66 rows=923 width=0)
	                    Index Cond: ((id >= 4496462) AND (id <= 4497461))

table 8 : explain SELECT DISTINCT c FROM sbtest8 WHERE id BETWEEN 5409070 AND 5410069 ORDER BY c
	Unique  (cost=3846.58..3851.49 rows=983 width=121)
	  ->  Sort  (cost=3846.58..3849.04 rows=983 width=121)
	        Sort Key: c
	        ->  Bitmap Heap Scan on sbtest8  (cost=22.51..3797.72 rows=983 width=121)
	              Recheck Cond: ((id >= 5409070) AND (id <= 5410069))
	              ->  Bitmap Index Scan on sbtest8_pkey  (cost=0.00..22.26 rows=983 width=0)
	                    Index Cond: ((id >= 5409070) AND (id <= 5410069))

for: simple_ranges
table 1 : explain SELECT c FROM sbtest1 WHERE id BETWEEN 6688722 AND 6689721
	Bitmap Heap Scan on sbtest1  (cost=22.10..3645.69 rows=943 width=121)
	  Recheck Cond: ((id >= 6688722) AND (id <= 6689721))
	  ->  Bitmap Index Scan on sbtest1_pkey  (cost=0.00..21.86 rows=943 width=0)
	        Index Cond: ((id >= 6688722) AND (id <= 6689721))

table 2 : explain SELECT c FROM sbtest2 WHERE id BETWEEN 4066591 AND 4067590
	Bitmap Heap Scan on sbtest2  (cost=23.22..4055.88 rows=1052 width=121)
	  Recheck Cond: ((id >= 4066591) AND (id <= 4067590))
	  ->  Bitmap Index Scan on sbtest2_pkey  (cost=0.00..22.95 rows=1052 width=0)
	        Index Cond: ((id >= 4066591) AND (id <= 4067590))

table 3 : explain SELECT c FROM sbtest3 WHERE id BETWEEN 2830983 AND 2831982
	Bitmap Heap Scan on sbtest3  (cost=21.36..3373.56 rows=871 width=121)
	  Recheck Cond: ((id >= 2830983) AND (id <= 2831982))
	  ->  Bitmap Index Scan on sbtest3_pkey  (cost=0.00..21.14 rows=871 width=0)
	        Index Cond: ((id >= 2830983) AND (id <= 2831982))

table 4 : explain SELECT c FROM sbtest4 WHERE id BETWEEN 7558203 AND 7559202
	Bitmap Heap Scan on sbtest4  (cost=22.67..3856.56 rows=999 width=121)
	  Recheck Cond: ((id >= 7558203) AND (id <= 7559202))
	  ->  Bitmap Index Scan on sbtest4_pkey  (cost=0.00..22.43 rows=999 width=0)
	        Index Cond: ((id >= 7558203) AND (id <= 7559202))

table 5 : explain SELECT c FROM sbtest5 WHERE id BETWEEN 6287985 AND 6288984
	Bitmap Heap Scan on sbtest5  (cost=22.15..3665.63 rows=948 width=121)
	  Recheck Cond: ((id >= 6287985) AND (id <= 6288984))
	  ->  Bitmap Index Scan on sbtest5_pkey  (cost=0.00..21.91 rows=948 width=0)
	        Index Cond: ((id >= 6287985) AND (id <= 6288984))

table 6 : explain SELECT c FROM sbtest6 WHERE id BETWEEN 7128573 AND 7129572
	Bitmap Heap Scan on sbtest6  (cost=22.34..3732.66 rows=966 width=121)
	  Recheck Cond: ((id >= 7128573) AND (id <= 7129572))
	  ->  Bitmap Index Scan on sbtest6_pkey  (cost=0.00..22.09 rows=966 width=0)
	        Index Cond: ((id >= 7128573) AND (id <= 7129572))

table 7 : explain SELECT c FROM sbtest7 WHERE id BETWEEN 5065768 AND 5066767
	Bitmap Heap Scan on sbtest7  (cost=22.38..3748.82 rows=970 width=121)
	  Recheck Cond: ((id >= 5065768) AND (id <= 5066767))
	  ->  Bitmap Index Scan on sbtest7_pkey  (cost=0.00..22.14 rows=970 width=0)
	        Index Cond: ((id >= 5065768) AND (id <= 5066767))

table 8 : explain SELECT c FROM sbtest8 WHERE id BETWEEN 4541753 AND 4542752
	Bitmap Heap Scan on sbtest8  (cost=22.19..3680.81 rows=952 width=121)
	  Recheck Cond: ((id >= 4541753) AND (id <= 4542752))
	  ->  Bitmap Index Scan on sbtest8_pkey  (cost=0.00..21.95 rows=952 width=0)
	        Index Cond: ((id >= 4541753) AND (id <= 4542752))

for: distinct_ranges
table 1 : explain SELECT DISTINCT c FROM sbtest1 WHERE id BETWEEN 6924088 AND 6925087 ORDER BY c
	Unique  (cost=4044.06..4049.23 rows=1035 width=121)
	  ->  Sort  (cost=4044.06..4046.65 rows=1035 width=121)
	        Sort Key: c
	        ->  Bitmap Heap Scan on sbtest1  (cost=23.04..3992.23 rows=1035 width=121)
	              Recheck Cond: ((id >= 6924088) AND (id <= 6925087))
	              ->  Bitmap Index Scan on sbtest1_pkey  (cost=0.00..22.79 rows=1035 width=0)
	                    Index Cond: ((id >= 6924088) AND (id <= 6925087))

table 2 : explain SELECT DISTINCT c FROM sbtest2 WHERE id BETWEEN 9968490 AND 9969489 ORDER BY c
	Unique  (cost=3661.42..3666.10 rows=935 width=121)
	  ->  Sort  (cost=3661.42..3663.76 rows=935 width=121)
	        Sort Key: c
	        ->  Bitmap Heap Scan on sbtest2  (cost=22.02..3615.28 rows=935 width=121)
	              Recheck Cond: ((id >= 9968490) AND (id <= 9969489))
	              ->  Bitmap Index Scan on sbtest2_pkey  (cost=0.00..21.79 rows=935 width=0)
	                    Index Cond: ((id >= 9968490) AND (id <= 9969489))

table 3 : explain SELECT DISTINCT c FROM sbtest3 WHERE id BETWEEN 5029112 AND 5030111 ORDER BY c
	Unique  (cost=3986.60..3991.70 rows=1020 width=121)
	  ->  Sort  (cost=3986.60..3989.15 rows=1020 width=121)
	        Sort Key: c
	        ->  Bitmap Heap Scan on sbtest3  (cost=22.89..3935.63 rows=1020 width=121)
	              Recheck Cond: ((id >= 5029112) AND (id <= 5030111))
	              ->  Bitmap Index Scan on sbtest3_pkey  (cost=0.00..22.64 rows=1020 width=0)
	                    Index Cond: ((id >= 5029112) AND (id <= 5030111))

table 4 : explain SELECT DISTINCT c FROM sbtest4 WHERE id BETWEEN 8924584 AND 8925583 ORDER BY c
	Unique  (cost=4150.70..4156.01 rows=1063 width=121)
	  ->  Sort  (cost=4150.70..4153.35 rows=1063 width=121)
	        Sort Key: c
	        ->  Bitmap Heap Scan on sbtest4  (cost=23.33..4097.26 rows=1063 width=121)
	              Recheck Cond: ((id >= 8924584) AND (id <= 8925583))
	              ->  Bitmap Index Scan on sbtest4_pkey  (cost=0.00..23.07 rows=1063 width=0)
	                    Index Cond: ((id >= 8924584) AND (id <= 8925583))

table 5 : explain SELECT DISTINCT c FROM sbtest5 WHERE id BETWEEN 3773316 AND 3774315 ORDER BY c
	Unique  (cost=3846.49..3851.40 rows=983 width=121)
	  ->  Sort  (cost=3846.49..3848.95 rows=983 width=121)
	        Sort Key: c
	        ->  Bitmap Heap Scan on sbtest5  (cost=22.51..3797.63 rows=983 width=121)
	              Recheck Cond: ((id >= 3773316) AND (id <= 3774315))
	              ->  Bitmap Index Scan on sbtest5_pkey  (cost=0.00..22.26 rows=983 width=0)
	                    Index Cond: ((id >= 3773316) AND (id <= 3774315))

table 6 : explain SELECT DISTINCT c FROM sbtest6 WHERE id BETWEEN 8788539 AND 8789538 ORDER BY c
	Unique  (cost=3504.70..3509.17 rows=894 width=121)
	  ->  Sort  (cost=3504.70..3506.93 rows=894 width=121)
	        Sort Key: c
	        ->  Bitmap Heap Scan on sbtest6  (cost=21.60..3460.87 rows=894 width=121)
	              Recheck Cond: ((id >= 8788539) AND (id <= 8789538))
	              ->  Bitmap Index Scan on sbtest6_pkey  (cost=0.00..21.37 rows=894 width=0)
	                    Index Cond: ((id >= 8788539) AND (id <= 8789538))

table 7 : explain SELECT DISTINCT c FROM sbtest7 WHERE id BETWEEN 1684313 AND 1685312 ORDER BY c
	Unique  (cost=3919.38..3924.39 rows=1002 width=121)
	  ->  Sort  (cost=3919.38..3921.88 rows=1002 width=121)
	        Sort Key: c
	        ->  Bitmap Heap Scan on sbtest7  (cost=22.71..3869.44 rows=1002 width=121)
	              Recheck Cond: ((id >= 1684313) AND (id <= 1685312))
	              ->  Bitmap Index Scan on sbtest7_pkey  (cost=0.00..22.45 rows=1002 width=0)
	                    Index Cond: ((id >= 1684313) AND (id <= 1685312))

table 8 : explain SELECT DISTINCT c FROM sbtest8 WHERE id BETWEEN 1856713 AND 1857712 ORDER BY c
	Unique  (cost=4228.79..4234.20 rows=1082 width=121)
	  ->  Sort  (cost=4228.79..4231.49 rows=1082 width=121)
	        Sort Key: c
	        ->  Bitmap Heap Scan on sbtest8  (cost=27.53..4174.26 rows=1082 width=121)
	              Recheck Cond: ((id >= 1856713) AND (id <= 1857712))
	              ->  Bitmap Index Scan on sbtest8_pkey  (cost=0.00..27.25 rows=1082 width=0)
	                    Index Cond: ((id >= 1856713) AND (id <= 1857712))

for point_selects
table 1 : explain SELECT c FROM sbtest1 WHERE id=4093247
	Index Scan using sbtest1_pkey on sbtest1  (cost=0.43..8.45 rows=1 width=121)
	  Index Cond: (id = 4093247)

table 2 : explain SELECT c FROM sbtest2 WHERE id=1512280
	Index Scan using sbtest2_pkey on sbtest2  (cost=0.43..8.45 rows=1 width=121)
	  Index Cond: (id = 1512280)

table 3 : explain SELECT c FROM sbtest3 WHERE id=70895
	Index Scan using sbtest3_pkey on sbtest3  (cost=0.43..8.45 rows=1 width=121)
	  Index Cond: (id = 70895)

table 4 : explain SELECT c FROM sbtest4 WHERE id=1177261
	Index Scan using sbtest4_pkey on sbtest4  (cost=0.43..8.45 rows=1 width=121)
	  Index Cond: (id = 1177261)

table 5 : explain SELECT c FROM sbtest5 WHERE id=5048961
	Index Scan using sbtest5_pkey on sbtest5  (cost=0.43..8.45 rows=1 width=121)
	  Index Cond: (id = 5048961)

table 6 : explain SELECT c FROM sbtest6 WHERE id=9555483
	Index Scan using sbtest6_pkey on sbtest6  (cost=0.43..8.45 rows=1 width=121)
	  Index Cond: (id = 9555483)

table 7 : explain SELECT c FROM sbtest7 WHERE id=6532997
	Index Scan using sbtest7_pkey on sbtest7  (cost=0.43..8.45 rows=1 width=121)
	  Index Cond: (id = 6532997)

table 8 : explain SELECT c FROM sbtest8 WHERE id=2480131
	Index Scan using sbtest8_pkey on sbtest8  (cost=0.43..8.45 rows=1 width=121)
	  Index Cond: (id = 2480131)

for: order_ranges
table 1 : explain SELECT c FROM sbtest1 WHERE id BETWEEN 1154471 AND 1155470 ORDER BY c
	Sort  (cost=4032.61..4035.19 rows=1032 width=121)
	  Sort Key: c
	  ->  Bitmap Heap Scan on sbtest1  (cost=23.01..3980.95 rows=1032 width=121)
	        Recheck Cond: ((id >= 1154471) AND (id <= 1155470))
	        ->  Bitmap Index Scan on sbtest1_pkey  (cost=0.00..22.75 rows=1032 width=0)
	              Index Cond: ((id >= 1154471) AND (id <= 1155470))

table 2 : explain SELECT c FROM sbtest2 WHERE id BETWEEN 3831847 AND 3832846 ORDER BY c
	Sort  (cost=3619.28..3621.59 rows=924 width=121)
	  Sort Key: c
	  ->  Bitmap Heap Scan on sbtest2  (cost=21.91..3573.77 rows=924 width=121)
	        Recheck Cond: ((id >= 3831847) AND (id <= 3832846))
	        ->  Bitmap Index Scan on sbtest2_pkey  (cost=0.00..21.68 rows=924 width=0)
	              Index Cond: ((id >= 3831847) AND (id <= 3832846))

table 3 : explain SELECT c FROM sbtest3 WHERE id BETWEEN 8945450 AND 8946449 ORDER BY c
	Sort  (cost=4387.27..4390.09 rows=1125 width=121)
	  Sort Key: c
	  ->  Bitmap Heap Scan on sbtest3  (cost=27.97..4330.26 rows=1125 width=121)
	        Recheck Cond: ((id >= 8945450) AND (id <= 8946449))
	        ->  Bitmap Index Scan on sbtest3_pkey  (cost=0.00..27.68 rows=1125 width=0)
	              Index Cond: ((id >= 8945450) AND (id <= 8946449))

table 4 : explain SELECT c FROM sbtest4 WHERE id BETWEEN 6745786 AND 6746785 ORDER BY c
	Sort  (cost=3921.62..3924.13 rows=1003 width=121)
	  Sort Key: c
	  ->  Bitmap Heap Scan on sbtest4  (cost=22.72..3871.62 rows=1003 width=121)
	        Recheck Cond: ((id >= 6745786) AND (id <= 6746785))
	        ->  Bitmap Index Scan on sbtest4_pkey  (cost=0.00..22.46 rows=1003 width=0)
	              Index Cond: ((id >= 6745786) AND (id <= 6746785))

table 5 : explain SELECT c FROM sbtest5 WHERE id BETWEEN 2282864 AND 2283863 ORDER BY c
	Sort  (cost=4091.11..4093.73 rows=1047 width=121)
	  Sort Key: c
	  ->  Bitmap Heap Scan on sbtest5  (cost=23.17..4038.59 rows=1047 width=121)
	        Recheck Cond: ((id >= 2282864) AND (id <= 2283863))
	        ->  Bitmap Index Scan on sbtest5_pkey  (cost=0.00..22.90 rows=1047 width=0)
	              Index Cond: ((id >= 2282864) AND (id <= 2283863))

table 6 : explain SELECT c FROM sbtest6 WHERE id BETWEEN 9213020 AND 9214019 ORDER BY c
	Sort  (cost=3987.03..3989.58 rows=1020 width=121)
	  Sort Key: c
	  ->  Bitmap Heap Scan on sbtest6  (cost=22.89..3936.06 rows=1020 width=121)
	        Recheck Cond: ((id >= 9213020) AND (id <= 9214019))
	        ->  Bitmap Index Scan on sbtest6_pkey  (cost=0.00..22.64 rows=1020 width=0)
	              Index Cond: ((id >= 9213020) AND (id <= 9214019))

table 7 : explain SELECT c FROM sbtest7 WHERE id BETWEEN 7651573 AND 7652572 ORDER BY c
	Sort  (cost=3961.44..3963.97 rows=1013 width=121)
	  Sort Key: c
	  ->  Bitmap Heap Scan on sbtest7  (cost=22.82..3910.87 rows=1013 width=121)
	        Recheck Cond: ((id >= 7651573) AND (id <= 7652572))
	        ->  Bitmap Index Scan on sbtest7_pkey  (cost=0.00..22.57 rows=1013 width=0)
	              Index Cond: ((id >= 7651573) AND (id <= 7652572))

table 8 : explain SELECT c FROM sbtest8 WHERE id BETWEEN 7465534 AND 7466533 ORDER BY c
	Sort  (cost=4014.82..4017.38 rows=1027 width=121)
	  Sort Key: c
	  ->  Bitmap Heap Scan on sbtest8  (cost=22.96..3963.44 rows=1027 width=121)
	        Recheck Cond: ((id >= 7465534) AND (id <= 7466533))
	        ->  Bitmap Index Scan on sbtest8_pkey  (cost=0.00..22.70 rows=1027 width=0)
	              Index Cond: ((id >= 7465534) AND (id <= 7466533))

for: simple_ranges
table 1 : explain SELECT c FROM sbtest1 WHERE id BETWEEN 8820305 AND 8821304
	Bitmap Heap Scan on sbtest1  (cost=22.16..3668.33 rows=949 width=121)
	  Recheck Cond: ((id >= 8820305) AND (id <= 8821304))
	  ->  Bitmap Index Scan on sbtest1_pkey  (cost=0.00..21.93 rows=949 width=0)
	        Index Cond: ((id >= 8820305) AND (id <= 8821304))

table 2 : explain SELECT c FROM sbtest2 WHERE id BETWEEN 8783447 AND 8784446
	Bitmap Heap Scan on sbtest2  (cost=27.71..4236.40 rows=1100 width=121)
	  Recheck Cond: ((id >= 8783447) AND (id <= 8784446))
	  ->  Bitmap Index Scan on sbtest2_pkey  (cost=0.00..27.43 rows=1100 width=0)
	        Index Cond: ((id >= 8783447) AND (id <= 8784446))

table 3 : explain SELECT c FROM sbtest3 WHERE id BETWEEN 1208269 AND 1209268
	Bitmap Heap Scan on sbtest3  (cost=22.56..3815.17 rows=988 width=121)
	  Recheck Cond: ((id >= 1208269) AND (id <= 1209268))
	  ->  Bitmap Index Scan on sbtest3_pkey  (cost=0.00..22.32 rows=988 width=0)
	        Index Cond: ((id >= 1208269) AND (id <= 1209268))

table 4 : explain SELECT c FROM sbtest4 WHERE id BETWEEN 3061322 AND 3062321
	Bitmap Heap Scan on sbtest4  (cost=22.68..3860.32 rows=1000 width=121)
	  Recheck Cond: ((id >= 3061322) AND (id <= 3062321))
	  ->  Bitmap Index Scan on sbtest4_pkey  (cost=0.00..22.43 rows=1000 width=0)
	        Index Cond: ((id >= 3061322) AND (id <= 3062321))

table 5 : explain SELECT c FROM sbtest5 WHERE id BETWEEN 5534177 AND 5535176
	Bitmap Heap Scan on sbtest5  (cost=22.92..3948.29 rows=1023 width=121)
	  Recheck Cond: ((id >= 5534177) AND (id <= 5535176))
	  ->  Bitmap Index Scan on sbtest5_pkey  (cost=0.00..22.66 rows=1023 width=0)
	        Index Cond: ((id >= 5534177) AND (id <= 5535176))

table 6 : explain SELECT c FROM sbtest6 WHERE id BETWEEN 9603833 AND 9604832
	Bitmap Heap Scan on sbtest6  (cost=23.13..4022.57 rows=1043 width=121)
	  Recheck Cond: ((id >= 9603833) AND (id <= 9604832))
	  ->  Bitmap Index Scan on sbtest6_pkey  (cost=0.00..22.86 rows=1043 width=0)
	        Index Cond: ((id >= 9603833) AND (id <= 9604832))

table 7 : explain SELECT c FROM sbtest7 WHERE id BETWEEN 4887487 AND 4888486
	Bitmap Heap Scan on sbtest7  (cost=23.19..4046.35 rows=1049 width=121)
	  Recheck Cond: ((id >= 4887487) AND (id <= 4888486))
	  ->  Bitmap Index Scan on sbtest7_pkey  (cost=0.00..22.93 rows=1049 width=0)
	        Index Cond: ((id >= 4887487) AND (id <= 4888486))

table 8 : explain SELECT c FROM sbtest8 WHERE id BETWEEN 8071716 AND 8072715
	Bitmap Heap Scan on sbtest8  (cost=22.77..3891.91 rows=1008 width=121)
	  Recheck Cond: ((id >= 8071716) AND (id <= 8072715))
	  ->  Bitmap Index Scan on sbtest8_pkey  (cost=0.00..22.51 rows=1008 width=0)
	        Index Cond: ((id >= 8071716) AND (id <= 8072715))

for: sum_ranges
table 1 : explain SELECT SUM(k) FROM sbtest1 WHERE id BETWEEN 2706030 AND 2707029
	Aggregate  (cost=4039.97..4039.98 rows=1 width=8)
	  ->  Bitmap Heap Scan on sbtest1  (cost=23.17..4037.35 rows=1047 width=4)
	        Recheck Cond: ((id >= 2706030) AND (id <= 2707029))
	        ->  Bitmap Index Scan on sbtest1_pkey  (cost=0.00..22.90 rows=1047 width=0)
	              Index Cond: ((id >= 2706030) AND (id <= 2707029))

table 2 : explain SELECT SUM(k) FROM sbtest2 WHERE id BETWEEN 3696167 AND 3697166
	Aggregate  (cost=3828.87..3828.88 rows=1 width=8)
	  ->  Bitmap Heap Scan on sbtest2  (cost=22.59..3826.39 rows=991 width=4)
	        Recheck Cond: ((id >= 3696167) AND (id <= 3697166))
	        ->  Bitmap Index Scan on sbtest2_pkey  (cost=0.00..22.34 rows=991 width=0)
	              Index Cond: ((id >= 3696167) AND (id <= 3697166))

table 3 : explain SELECT SUM(k) FROM sbtest3 WHERE id BETWEEN 6482891 AND 6483890
	Aggregate  (cost=3892.99..3893.00 rows=1 width=8)
	  ->  Bitmap Heap Scan on sbtest3  (cost=22.77..3890.47 rows=1008 width=4)
	        Recheck Cond: ((id >= 6482891) AND (id <= 6483890))
	        ->  Bitmap Index Scan on sbtest3_pkey  (cost=0.00..22.51 rows=1008 width=0)
	              Index Cond: ((id >= 6482891) AND (id <= 6483890))

table 4 : explain SELECT SUM(k) FROM sbtest4 WHERE id BETWEEN 5189044 AND 5190043
	Aggregate  (cost=3828.91..3828.92 rows=1 width=8)
	  ->  Bitmap Heap Scan on sbtest4  (cost=22.59..3826.43 rows=991 width=4)
	        Recheck Cond: ((id >= 5189044) AND (id <= 5190043))
	        ->  Bitmap Index Scan on sbtest4_pkey  (cost=0.00..22.34 rows=991 width=0)
	              Index Cond: ((id >= 5189044) AND (id <= 5190043))

table 5 : explain SELECT SUM(k) FROM sbtest5 WHERE id BETWEEN 6962026 AND 6963025
	Aggregate  (cost=3996.04..3996.05 rows=1 width=8)
	  ->  Bitmap Heap Scan on sbtest5  (cost=23.04..3993.45 rows=1035 width=4)
	        Recheck Cond: ((id >= 6962026) AND (id <= 6963025))
	        ->  Bitmap Index Scan on sbtest5_pkey  (cost=0.00..22.79 rows=1035 width=0)
	              Index Cond: ((id >= 6962026) AND (id <= 6963025))

table 6 : explain SELECT SUM(k) FROM sbtest6 WHERE id BETWEEN 1210242 AND 1211241
	Aggregate  (cost=3360.93..3360.94 rows=1 width=8)
	  ->  Bitmap Heap Scan on sbtest6  (cost=21.32..3358.77 rows=867 width=4)
	        Recheck Cond: ((id >= 1210242) AND (id <= 1211241))
	        ->  Bitmap Index Scan on sbtest6_pkey  (cost=0.00..21.11 rows=867 width=0)
	              Index Cond: ((id >= 1210242) AND (id <= 1211241))

table 7 : explain SELECT SUM(k) FROM sbtest7 WHERE id BETWEEN 5818365 AND 5819364
	Aggregate  (cost=3456.49..3456.50 rows=1 width=8)
	  ->  Bitmap Heap Scan on sbtest7  (cost=21.58..3454.26 rows=892 width=4)
	        Recheck Cond: ((id >= 5818365) AND (id <= 5819364))
	        ->  Bitmap Index Scan on sbtest7_pkey  (cost=0.00..21.36 rows=892 width=0)
	              Index Cond: ((id >= 5818365) AND (id <= 5819364))

table 8 : explain SELECT SUM(k) FROM sbtest8 WHERE id BETWEEN 6319571 AND 6320570
	Aggregate  (cost=3671.86..3671.87 rows=1 width=8)
	  ->  Bitmap Heap Scan on sbtest8  (cost=22.16..3669.49 rows=949 width=4)
	        Recheck Cond: ((id >= 6319571) AND (id <= 6320570))
	        ->  Bitmap Index Scan on sbtest8_pkey  (cost=0.00..21.93 rows=949 width=0)
	              Index Cond: ((id >= 6319571) AND (id <= 6320570))

for: simple_ranges
table 1 : explain SELECT c FROM sbtest1 WHERE id BETWEEN 8730639 AND 8731638
	Bitmap Heap Scan on sbtest1  (cost=22.78..3894.41 rows=1009 width=121)
	  Recheck Cond: ((id >= 8730639) AND (id <= 8731638))
	  ->  Bitmap Index Scan on sbtest1_pkey  (cost=0.00..22.52 rows=1009 width=0)
	        Index Cond: ((id >= 8730639) AND (id <= 8731638))

table 2 : explain SELECT c FROM sbtest2 WHERE id BETWEEN 5739649 AND 5740648
	Bitmap Heap Scan on sbtest2  (cost=22.67..3856.51 rows=999 width=121)
	  Recheck Cond: ((id >= 5739649) AND (id <= 5740648))
	  ->  Bitmap Index Scan on sbtest2_pkey  (cost=0.00..22.43 rows=999 width=0)
	        Index Cond: ((id >= 5739649) AND (id <= 5740648))

table 3 : explain SELECT c FROM sbtest3 WHERE id BETWEEN 8083866 AND 8084865
	Bitmap Heap Scan on sbtest3  (cost=23.33..4097.30 rows=1063 width=121)
	  Recheck Cond: ((id >= 8083866) AND (id <= 8084865))
	  ->  Bitmap Index Scan on sbtest3_pkey  (cost=0.00..23.07 rows=1063 width=0)
	        Index Cond: ((id >= 8083866) AND (id <= 8084865))

table 4 : explain SELECT c FROM sbtest4 WHERE id BETWEEN 4958226 AND 4959225
	Bitmap Heap Scan on sbtest4  (cost=21.87..3558.71 rows=920 width=121)
	  Recheck Cond: ((id >= 4958226) AND (id <= 4959225))
	  ->  Bitmap Index Scan on sbtest4_pkey  (cost=0.00..21.64 rows=920 width=0)
	        Index Cond: ((id >= 4958226) AND (id <= 4959225))

table 5 : explain SELECT c FROM sbtest5 WHERE id BETWEEN 9010736 AND 9011735
	Bitmap Heap Scan on sbtest5  (cost=22.49..3790.09 rows=981 width=121)
	  Recheck Cond: ((id >= 9010736) AND (id <= 9011735))
	  ->  Bitmap Index Scan on sbtest5_pkey  (cost=0.00..22.25 rows=981 width=0)
	        Index Cond: ((id >= 9010736) AND (id <= 9011735))

table 6 : explain SELECT c FROM sbtest6 WHERE id BETWEEN 4004821 AND 4005820
	Bitmap Heap Scan on sbtest6  (cost=23.02..3984.96 rows=1033 width=121)
	  Recheck Cond: ((id >= 4004821) AND (id <= 4005820))
	  ->  Bitmap Index Scan on sbtest6_pkey  (cost=0.00..22.76 rows=1033 width=0)
	        Index Cond: ((id >= 4004821) AND (id <= 4005820))

table 7 : explain SELECT c FROM sbtest7 WHERE id BETWEEN 6136871 AND 6137870
	Bitmap Heap Scan on sbtest7  (cost=22.75..3884.50 rows=1006 width=121)
	  Recheck Cond: ((id >= 6136871) AND (id <= 6137870))
	  ->  Bitmap Index Scan on sbtest7_pkey  (cost=0.00..22.50 rows=1006 width=0)
	        Index Cond: ((id >= 6136871) AND (id <= 6137870))

table 8 : explain SELECT c FROM sbtest8 WHERE id BETWEEN 2655031 AND 2656030
	Bitmap Heap Scan on sbtest8  (cost=21.61..3465.51 rows=895 width=121)
	  Recheck Cond: ((id >= 2655031) AND (id <= 2656030))
	  ->  Bitmap Index Scan on sbtest8_pkey  (cost=0.00..21.39 rows=895 width=0)
	        Index Cond: ((id >= 2655031) AND (id <= 2656030))

explain: for point_selects :: explain SELECT c FROM sbtest%u WHERE id=%u
explain: for point_selects :: explain SELECT c FROM sbtest%u WHERE id=%u
for: order_ranges
table 1 : explain SELECT c FROM sbtest1 WHERE id BETWEEN 3496513 AND 3497512 ORDER BY c
	Sort  (cost=3891.24..3893.73 rows=995 width=121)
	  Sort Key: c
	  ->  Bitmap Heap Scan on sbtest1  (cost=22.63..3841.70 rows=995 width=121)
	        Recheck Cond: ((id >= 3496513) AND (id <= 3497512))
	        ->  Bitmap Index Scan on sbtest1_pkey  (cost=0.00..22.39 rows=995 width=0)
	              Index Cond: ((id >= 3496513) AND (id <= 3497512))

table 2 : explain SELECT c FROM sbtest2 WHERE id BETWEEN 9742321 AND 9743320 ORDER BY c
	Sort  (cost=3757.13..3759.53 rows=960 width=121)
	  Sort Key: c
	  ->  Bitmap Heap Scan on sbtest2  (cost=22.27..3709.58 rows=960 width=121)
	        Recheck Cond: ((id >= 9742321) AND (id <= 9743320))
	        ->  Bitmap Index Scan on sbtest2_pkey  (cost=0.00..22.04 rows=960 width=0)
	              Index Cond: ((id >= 9742321) AND (id <= 9743320))

table 3 : explain SELECT c FROM sbtest3 WHERE id BETWEEN 1748779 AND 1749778 ORDER BY c
	Sort  (cost=3898.72..3901.21 rows=997 width=121)
	  Sort Key: c
	  ->  Bitmap Heap Scan on sbtest3  (cost=22.65..3849.06 rows=997 width=121)
	        Recheck Cond: ((id >= 1748779) AND (id <= 1749778))
	        ->  Bitmap Index Scan on sbtest3_pkey  (cost=0.00..22.40 rows=997 width=0)
	              Index Cond: ((id >= 1748779) AND (id <= 1749778))

table 4 : explain SELECT c FROM sbtest4 WHERE id BETWEEN 5499798 AND 5500797 ORDER BY c
	Sort  (cost=3646.14..3648.47 rows=931 width=121)
	  Sort Key: c
	  ->  Bitmap Heap Scan on sbtest4  (cost=21.98..3600.23 rows=931 width=121)
	        Recheck Cond: ((id >= 5499798) AND (id <= 5500797))
	        ->  Bitmap Index Scan on sbtest4_pkey  (cost=0.00..21.75 rows=931 width=0)
	              Index Cond: ((id >= 5499798) AND (id <= 5500797))

table 5 : explain SELECT c FROM sbtest5 WHERE id BETWEEN 4777328 AND 4778327 ORDER BY c
	Sort  (cost=3681.85..3684.20 rows=940 width=121)
	  Sort Key: c
	  ->  Bitmap Heap Scan on sbtest5  (cost=22.07..3635.43 rows=940 width=121)
	        Recheck Cond: ((id >= 4777328) AND (id <= 4778327))
	        ->  Bitmap Index Scan on sbtest5_pkey  (cost=0.00..21.83 rows=940 width=0)
	              Index Cond: ((id >= 4777328) AND (id <= 4778327))

table 6 : explain SELECT c FROM sbtest6 WHERE id BETWEEN 6953106 AND 6954105 ORDER BY c
	Sort  (cost=3841.77..3844.23 rows=982 width=121)
	  Sort Key: c
	  ->  Bitmap Heap Scan on sbtest6  (cost=22.50..3792.97 rows=982 width=121)
	        Recheck Cond: ((id >= 6953106) AND (id <= 6954105))
	        ->  Bitmap Index Scan on sbtest6_pkey  (cost=0.00..22.25 rows=982 width=0)
	              Index Cond: ((id >= 6953106) AND (id <= 6954105))

table 7 : explain SELECT c FROM sbtest7 WHERE id BETWEEN 2399191 AND 2400190 ORDER BY c
	Sort  (cost=3705.04..3707.40 rows=946 width=121)
	  Sort Key: c
	  ->  Bitmap Heap Scan on sbtest7  (cost=22.13..3658.28 rows=946 width=121)
	        Recheck Cond: ((id >= 2399191) AND (id <= 2400190))
	        ->  Bitmap Index Scan on sbtest7_pkey  (cost=0.00..21.89 rows=946 width=0)
	              Index Cond: ((id >= 2399191) AND (id <= 2400190))

table 8 : explain SELECT c FROM sbtest8 WHERE id BETWEEN 1481525 AND 1482524 ORDER BY c
	Sort  (cost=4209.71..4212.40 rows=1077 width=121)
	  Sort Key: c
	  ->  Bitmap Heap Scan on sbtest8  (cost=27.47..4155.47 rows=1077 width=121)
	        Recheck Cond: ((id >= 1481525) AND (id <= 1482524))
	        ->  Bitmap Index Scan on sbtest8_pkey  (cost=0.00..27.20 rows=1077 width=0)
	              Index Cond: ((id >= 1481525) AND (id <= 1482524))

for: simple_ranges
table 1 : explain SELECT c FROM sbtest1 WHERE id BETWEEN 5647455 AND 5648454
	Bitmap Heap Scan on sbtest1  (cost=22.82..3909.46 rows=1013 width=121)
	  Recheck Cond: ((id >= 5647455) AND (id <= 5648454))
	  ->  Bitmap Index Scan on sbtest1_pkey  (cost=0.00..22.57 rows=1013 width=0)
	        Index Cond: ((id >= 5647455) AND (id <= 5648454))

table 2 : explain SELECT c FROM sbtest2 WHERE id BETWEEN 7320477 AND 7321476
	Bitmap Heap Scan on sbtest2  (cost=23.59..4191.09 rows=1088 width=121)
	  Recheck Cond: ((id >= 7320477) AND (id <= 7321476))
	  ->  Bitmap Index Scan on sbtest2_pkey  (cost=0.00..23.32 rows=1088 width=0)
	        Index Cond: ((id >= 7320477) AND (id <= 7321476))

table 3 : explain SELECT c FROM sbtest3 WHERE id BETWEEN 9491606 AND 9492605
	Bitmap Heap Scan on sbtest3  (cost=23.06..3999.57 rows=1037 width=121)
	  Recheck Cond: ((id >= 9491606) AND (id <= 9492605))
	  ->  Bitmap Index Scan on sbtest3_pkey  (cost=0.00..22.80 rows=1037 width=0)
	        Index Cond: ((id >= 9491606) AND (id <= 9492605))

table 4 : explain SELECT c FROM sbtest4 WHERE id BETWEEN 3355873 AND 3356872
	Bitmap Heap Scan on sbtest4  (cost=21.52..3430.26 rows=886 width=121)
	  Recheck Cond: ((id >= 3355873) AND (id <= 3356872))
	  ->  Bitmap Index Scan on sbtest4_pkey  (cost=0.00..21.29 rows=886 width=0)
	        Index Cond: ((id >= 3355873) AND (id <= 3356872))

table 5 : explain SELECT c FROM sbtest5 WHERE id BETWEEN 9676293 AND 9677292
	Bitmap Heap Scan on sbtest5  (cost=21.94..3586.35 rows=927 width=121)
	  Recheck Cond: ((id >= 9676293) AND (id <= 9677292))
	  ->  Bitmap Index Scan on sbtest5_pkey  (cost=0.00..21.70 rows=927 width=0)
	        Index Cond: ((id >= 9676293) AND (id <= 9677292))

table 6 : explain SELECT c FROM sbtest6 WHERE id BETWEEN 967677 AND 968676
	Bitmap Heap Scan on sbtest6  (cost=22.04..3623.28 rows=937 width=121)
	  Recheck Cond: ((id >= 967677) AND (id <= 968676))
	  ->  Bitmap Index Scan on sbtest6_pkey  (cost=0.00..21.80 rows=937 width=0)
	        Index Cond: ((id >= 967677) AND (id <= 968676))

table 7 : explain SELECT c FROM sbtest7 WHERE id BETWEEN 5026405 AND 5027404
	Bitmap Heap Scan on sbtest7  (cost=22.38..3748.82 rows=970 width=121)
	  Recheck Cond: ((id >= 5026405) AND (id <= 5027404))
	  ->  Bitmap Index Scan on sbtest7_pkey  (cost=0.00..22.14 rows=970 width=0)
	        Index Cond: ((id >= 5026405) AND (id <= 5027404))

table 8 : explain SELECT c FROM sbtest8 WHERE id BETWEEN 9288831 AND 9289830
	Bitmap Heap Scan on sbtest8  (cost=27.52..4170.50 rows=1081 width=121)
	  Recheck Cond: ((id >= 9288831) AND (id <= 9289830))
	  ->  Bitmap Index Scan on sbtest8_pkey  (cost=0.00..27.25 rows=1081 width=0)
	        Index Cond: ((id >= 9288831) AND (id <= 9289830))

for: sum_ranges
table 1 : explain SELECT SUM(k) FROM sbtest1 WHERE id BETWEEN 1902377 AND 1903376
	Aggregate  (cost=4100.14..4100.15 rows=1 width=8)
	  ->  Bitmap Heap Scan on sbtest1  (cost=23.33..4097.48 rows=1063 width=4)
	        Recheck Cond: ((id >= 1902377) AND (id <= 1903376))
	        ->  Bitmap Index Scan on sbtest1_pkey  (cost=0.00..23.07 rows=1063 width=0)
	              Index Cond: ((id >= 1902377) AND (id <= 1903376))

table 2 : explain SELECT SUM(k) FROM sbtest2 WHERE id BETWEEN 2608112 AND 2609111
	Aggregate  (cost=3874.08..3874.09 rows=1 width=8)
	  ->  Bitmap Heap Scan on sbtest2  (cost=22.72..3871.57 rows=1003 width=4)
	        Recheck Cond: ((id >= 2608112) AND (id <= 2609111))
	        ->  Bitmap Index Scan on sbtest2_pkey  (cost=0.00..22.46 rows=1003 width=0)
	              Index Cond: ((id >= 2608112) AND (id <= 2609111))

table 3 : explain SELECT SUM(k) FROM sbtest3 WHERE id BETWEEN 275050 AND 276049
	Aggregate  (cost=3534.58..3534.59 rows=1 width=8)
	  ->  Bitmap Heap Scan on sbtest3  (cost=21.79..3532.30 rows=913 width=4)
	        Recheck Cond: ((id >= 275050) AND (id <= 276049))
	        ->  Bitmap Index Scan on sbtest3_pkey  (cost=0.00..21.57 rows=913 width=0)
	              Index Cond: ((id >= 275050) AND (id <= 276049))

table 4 : explain SELECT SUM(k) FROM sbtest4 WHERE id BETWEEN 9054941 AND 9055940
	Aggregate  (cost=3889.19..3889.20 rows=1 width=8)
	  ->  Bitmap Heap Scan on sbtest4  (cost=22.76..3886.68 rows=1007 width=4)
	        Recheck Cond: ((id >= 9054941) AND (id <= 9055940))
	        ->  Bitmap Index Scan on sbtest4_pkey  (cost=0.00..22.50 rows=1007 width=0)
	              Index Cond: ((id >= 9054941) AND (id <= 9055940))

table 5 : explain SELECT SUM(k) FROM sbtest5 WHERE id BETWEEN 8251476 AND 8252475
	Aggregate  (cost=3509.27..3509.28 rows=1 width=8)
	  ->  Bitmap Heap Scan on sbtest5  (cost=21.72..3507.01 rows=906 width=4)
	        Recheck Cond: ((id >= 8251476) AND (id <= 8252475))
	        ->  Bitmap Index Scan on sbtest5_pkey  (cost=0.00..21.50 rows=906 width=0)
	              Index Cond: ((id >= 8251476) AND (id <= 8252475))

table 6 : explain SELECT SUM(k) FROM sbtest6 WHERE id BETWEEN 3039720 AND 3040719
	Aggregate  (cost=3602.96..3602.97 rows=1 width=8)
	  ->  Bitmap Heap Scan on sbtest6  (cost=21.98..3600.63 rows=931 width=4)
	        Recheck Cond: ((id >= 3039720) AND (id <= 3040719))
	        ->  Bitmap Index Scan on sbtest6_pkey  (cost=0.00..21.75 rows=931 width=0)
	              Index Cond: ((id >= 3039720) AND (id <= 3040719))

table 7 : explain SELECT SUM(k) FROM sbtest7 WHERE id BETWEEN 2575240 AND 2576239
	Aggregate  (cost=3834.24..3834.25 rows=1 width=8)
	  ->  Bitmap Heap Scan on sbtest7  (cost=22.60..3831.76 rows=992 width=4)
	        Recheck Cond: ((id >= 2575240) AND (id <= 2576239))
	        ->  Bitmap Index Scan on sbtest7_pkey  (cost=0.00..22.36 rows=992 width=0)
	              Index Cond: ((id >= 2575240) AND (id <= 2576239))

table 8 : explain SELECT SUM(k) FROM sbtest8 WHERE id BETWEEN 9236416 AND 9237415
	Aggregate  (cost=4173.20..4173.21 rows=1 width=8)
	  ->  Bitmap Heap Scan on sbtest8  (cost=27.52..4170.50 rows=1081 width=4)
	        Recheck Cond: ((id >= 9236416) AND (id <= 9237415))
	        ->  Bitmap Index Scan on sbtest8_pkey  (cost=0.00..27.25 rows=1081 width=0)
	              Index Cond: ((id >= 9236416) AND (id <= 9237415))

for: order_ranges
table 1 : explain SELECT c FROM sbtest1 WHERE id BETWEEN 3590671 AND 3591670 ORDER BY c
	Sort  (cost=3650.15..3652.48 rows=932 width=121)
	  Sort Key: c
	  ->  Bitmap Heap Scan on sbtest1  (cost=21.99..3604.18 rows=932 width=121)
	        Recheck Cond: ((id >= 3590671) AND (id <= 3591670))
	        ->  Bitmap Index Scan on sbtest1_pkey  (cost=0.00..21.75 rows=932 width=0)
	              Index Cond: ((id >= 3590671) AND (id <= 3591670))

table 2 : explain SELECT c FROM sbtest2 WHERE id BETWEEN 6140576 AND 6141575 ORDER BY c
	Sort  (cost=3803.05..3805.48 rows=972 width=121)
	  Sort Key: c
	  ->  Bitmap Heap Scan on sbtest2  (cost=22.40..3754.81 rows=972 width=121)
	        Recheck Cond: ((id >= 6140576) AND (id <= 6141575))
	        ->  Bitmap Index Scan on sbtest2_pkey  (cost=0.00..22.15 rows=972 width=0)
	              Index Cond: ((id >= 6140576) AND (id <= 6141575))

table 3 : explain SELECT c FROM sbtest3 WHERE id BETWEEN 4841650 AND 4842649 ORDER BY c
	Sort  (cost=3852.84..3855.30 rows=985 width=121)
	  Sort Key: c
	  ->  Bitmap Heap Scan on sbtest3  (cost=22.53..3803.87 rows=985 width=121)
	        Recheck Cond: ((id >= 4841650) AND (id <= 4842649))
	        ->  Bitmap Index Scan on sbtest3_pkey  (cost=0.00..22.29 rows=985 width=0)
	              Index Cond: ((id >= 4841650) AND (id <= 4842649))

table 4 : explain SELECT c FROM sbtest4 WHERE id BETWEEN 971373 AND 972372 ORDER BY c
	Sort  (cost=3764.83..3767.23 rows=962 width=121)
	  Sort Key: c
	  ->  Bitmap Heap Scan on sbtest4  (cost=22.30..3717.16 rows=962 width=121)
	        Recheck Cond: ((id >= 971373) AND (id <= 972372))
	        ->  Bitmap Index Scan on sbtest4_pkey  (cost=0.00..22.05 rows=962 width=0)
	              Index Cond: ((id >= 971373) AND (id <= 972372))

table 5 : explain SELECT c FROM sbtest5 WHERE id BETWEEN 7935296 AND 7936295 ORDER BY c
	Sort  (cost=4442.18..4445.02 rows=1139 width=121)
	  Sort Key: c
	  ->  Bitmap Heap Scan on sbtest5  (cost=28.11..4384.35 rows=1139 width=121)
	        Recheck Cond: ((id >= 7935296) AND (id <= 7936295))
	        ->  Bitmap Index Scan on sbtest5_pkey  (cost=0.00..27.82 rows=1139 width=0)
	              Index Cond: ((id >= 7935296) AND (id <= 7936295))

table 6 : explain SELECT c FROM sbtest6 WHERE id BETWEEN 7660986 AND 7661985 ORDER BY c
	Sort  (cost=3811.17..3813.60 rows=974 width=121)
	  Sort Key: c
	  ->  Bitmap Heap Scan on sbtest6  (cost=22.42..3762.82 rows=974 width=121)
	        Recheck Cond: ((id >= 7660986) AND (id <= 7661985))
	        ->  Bitmap Index Scan on sbtest6_pkey  (cost=0.00..22.18 rows=974 width=0)
	              Index Cond: ((id >= 7660986) AND (id <= 7661985))

table 7 : explain SELECT c FROM sbtest7 WHERE id BETWEEN 8149016 AND 8150015 ORDER BY c
	Sort  (cost=3911.73..3914.23 rows=1000 width=121)
	  Sort Key: c
	  ->  Bitmap Heap Scan on sbtest7  (cost=22.68..3861.90 rows=1000 width=121)
	        Recheck Cond: ((id >= 8149016) AND (id <= 8150015))
	        ->  Bitmap Index Scan on sbtest7_pkey  (cost=0.00..22.43 rows=1000 width=0)
	              Index Cond: ((id >= 8149016) AND (id <= 8150015))

table 8 : explain SELECT c FROM sbtest8 WHERE id BETWEEN 1193475 AND 1194474 ORDER BY c
	Sort  (cost=3704.92..3707.29 rows=946 width=121)
	  Sort Key: c
	  ->  Bitmap Heap Scan on sbtest8  (cost=22.13..3658.16 rows=946 width=121)
	        Recheck Cond: ((id >= 1193475) AND (id <= 1194474))
	        ->  Bitmap Index Scan on sbtest8_pkey  (cost=0.00..21.89 rows=946 width=0)
	              Index Cond: ((id >= 1193475) AND (id <= 1194474))

for: sum_ranges
table 1 : explain SELECT SUM(k) FROM sbtest1 WHERE id BETWEEN 791236 AND 792235
	Aggregate  (cost=3746.16..3746.17 rows=1 width=8)
	  ->  Bitmap Heap Scan on sbtest1  (cost=22.37..3743.74 rows=969 width=4)
	        Recheck Cond: ((id >= 791236) AND (id <= 792235))
	        ->  Bitmap Index Scan on sbtest1_pkey  (cost=0.00..22.12 rows=969 width=0)
	              Index Cond: ((id >= 791236) AND (id <= 792235))

table 2 : explain SELECT SUM(k) FROM sbtest2 WHERE id BETWEEN 8639958 AND 8640957
	Aggregate  (cost=3810.02..3810.03 rows=1 width=8)
	  ->  Bitmap Heap Scan on sbtest2  (cost=22.54..3807.56 rows=986 width=4)
	        Recheck Cond: ((id >= 8639958) AND (id <= 8640957))
	        ->  Bitmap Index Scan on sbtest2_pkey  (cost=0.00..22.29 rows=986 width=0)
	              Index Cond: ((id >= 8639958) AND (id <= 8640957))

table 3 : explain SELECT SUM(k) FROM sbtest3 WHERE id BETWEEN 7889925 AND 7890924
	Aggregate  (cost=3787.48..3787.49 rows=1 width=8)
	  ->  Bitmap Heap Scan on sbtest3  (cost=22.48..3785.03 rows=980 width=4)
	        Recheck Cond: ((id >= 7889925) AND (id <= 7890924))
	        ->  Bitmap Index Scan on sbtest3_pkey  (cost=0.00..22.23 rows=980 width=0)
	              Index Cond: ((id >= 7889925) AND (id <= 7890924))

table 4 : explain SELECT SUM(k) FROM sbtest4 WHERE id BETWEEN 8934315 AND 8935314
	Aggregate  (cost=4099.92..4099.93 rows=1 width=8)
	  ->  Bitmap Heap Scan on sbtest4  (cost=23.33..4097.26 rows=1063 width=4)
	        Recheck Cond: ((id >= 8934315) AND (id <= 8935314))
	        ->  Bitmap Index Scan on sbtest4_pkey  (cost=0.00..23.07 rows=1063 width=0)
	              Index Cond: ((id >= 8934315) AND (id <= 8935314))

table 5 : explain SELECT SUM(k) FROM sbtest5 WHERE id BETWEEN 358485 AND 359484
	Aggregate  (cost=3762.36..3762.37 rows=1 width=8)
	  ->  Bitmap Heap Scan on sbtest5  (cost=22.41..3759.93 rows=973 width=4)
	        Recheck Cond: ((id >= 358485) AND (id <= 359484))
	        ->  Bitmap Index Scan on sbtest5_pkey  (cost=0.00..22.16 rows=973 width=0)
	              Index Cond: ((id >= 358485) AND (id <= 359484))

table 6 : explain SELECT SUM(k) FROM sbtest6 WHERE id BETWEEN 1147497 AND 1148496
	Aggregate  (cost=3360.93..3360.94 rows=1 width=8)
	  ->  Bitmap Heap Scan on sbtest6  (cost=21.32..3358.77 rows=867 width=4)
	        Recheck Cond: ((id >= 1147497) AND (id <= 1148496))
	        ->  Bitmap Index Scan on sbtest6_pkey  (cost=0.00..21.11 rows=867 width=0)
	              Index Cond: ((id >= 1147497) AND (id <= 1148496))

table 7 : explain SELECT SUM(k) FROM sbtest7 WHERE id BETWEEN 9399203 AND 9400202
	Aggregate  (cost=3928.47..3928.48 rows=1 width=8)
	  ->  Bitmap Heap Scan on sbtest7  (cost=22.86..3925.93 rows=1017 width=4)
	        Recheck Cond: ((id >= 9399203) AND (id <= 9400202))
	        ->  Bitmap Index Scan on sbtest7_pkey  (cost=0.00..22.61 rows=1017 width=0)
	              Index Cond: ((id >= 9399203) AND (id <= 9400202))

table 8 : explain SELECT SUM(k) FROM sbtest8 WHERE id BETWEEN 7075465 AND 7076464
	Aggregate  (cost=3871.82..3871.83 rows=1 width=8)
	  ->  Bitmap Heap Scan on sbtest8  (cost=22.71..3869.31 rows=1002 width=4)
	        Recheck Cond: ((id >= 7075465) AND (id <= 7076464))
	        ->  Bitmap Index Scan on sbtest8_pkey  (cost=0.00..22.45 rows=1002 width=0)
	              Index Cond: ((id >= 7075465) AND (id <= 7076464))

for: sum_ranges
table 1 : explain SELECT SUM(k) FROM sbtest1 WHERE id BETWEEN 5608148 AND 5609147
	Aggregate  (cost=3912.00..3912.01 rows=1 width=8)
	  ->  Bitmap Heap Scan on sbtest1  (cost=22.82..3909.46 rows=1013 width=4)
	        Recheck Cond: ((id >= 5608148) AND (id <= 5609147))
	        ->  Bitmap Index Scan on sbtest1_pkey  (cost=0.00..22.57 rows=1013 width=0)
	              Index Cond: ((id >= 5608148) AND (id <= 5609147))

table 2 : explain SELECT SUM(k) FROM sbtest2 WHERE id BETWEEN 8838706 AND 8839705
	Aggregate  (cost=3855.24..3855.25 rows=1 width=8)
	  ->  Bitmap Heap Scan on sbtest2  (cost=22.66..3852.75 rows=998 width=4)
	        Recheck Cond: ((id >= 8838706) AND (id <= 8839705))
	        ->  Bitmap Index Scan on sbtest2_pkey  (cost=0.00..22.41 rows=998 width=0)
	              Index Cond: ((id >= 8838706) AND (id <= 8839705))

table 3 : explain SELECT SUM(k) FROM sbtest3 WHERE id BETWEEN 6603984 AND 6604983
	Aggregate  (cost=3806.33..3806.34 rows=1 width=8)
	  ->  Bitmap Heap Scan on sbtest3  (cost=22.53..3803.87 rows=985 width=4)
	        Recheck Cond: ((id >= 6603984) AND (id <= 6604983))
	        ->  Bitmap Index Scan on sbtest3_pkey  (cost=0.00..22.29 rows=985 width=0)
	              Index Cond: ((id >= 6603984) AND (id <= 6604983))

table 4 : explain SELECT SUM(k) FROM sbtest4 WHERE id BETWEEN 2017685 AND 2018684
	Aggregate  (cost=3783.68..3783.69 rows=1 width=8)
	  ->  Bitmap Heap Scan on sbtest4  (cost=22.47..3781.23 rows=979 width=4)
	        Recheck Cond: ((id >= 2017685) AND (id <= 2018684))
	        ->  Bitmap Index Scan on sbtest4_pkey  (cost=0.00..22.22 rows=979 width=0)
	              Index Cond: ((id >= 2017685) AND (id <= 2018684))

table 5 : explain SELECT SUM(k) FROM sbtest5 WHERE id BETWEEN 7895764 AND 7896763
	Aggregate  (cost=4387.20..4387.21 rows=1 width=8)
	  ->  Bitmap Heap Scan on sbtest5  (cost=28.11..4384.35 rows=1139 width=4)
	        Recheck Cond: ((id >= 7895764) AND (id <= 7896763))
	        ->  Bitmap Index Scan on sbtest5_pkey  (cost=0.00..27.82 rows=1139 width=0)
	              Index Cond: ((id >= 7895764) AND (id <= 7896763))

table 6 : explain SELECT SUM(k) FROM sbtest6 WHERE id BETWEEN 2928345 AND 2929344
	Aggregate  (cost=4281.02..4281.03 rows=1 width=8)
	  ->  Bitmap Heap Scan on sbtest6  (cost=27.82..4278.24 rows=1111 width=4)
	        Recheck Cond: ((id >= 2928345) AND (id <= 2929344))
	        ->  Bitmap Index Scan on sbtest6_pkey  (cost=0.00..27.54 rows=1111 width=0)
	              Index Cond: ((id >= 2928345) AND (id <= 2929344))

table 7 : explain SELECT SUM(k) FROM sbtest7 WHERE id BETWEEN 196376 AND 197375
	Aggregate  (cost=3860.63..3860.64 rows=1 width=8)
	  ->  Bitmap Heap Scan on sbtest7  (cost=22.67..3858.13 rows=999 width=4)
	        Recheck Cond: ((id >= 196376) AND (id <= 197375))
	        ->  Bitmap Index Scan on sbtest7_pkey  (cost=0.00..22.43 rows=999 width=0)
	              Index Cond: ((id >= 196376) AND (id <= 197375))

table 8 : explain SELECT SUM(k) FROM sbtest8 WHERE id BETWEEN 1668953 AND 1669952
	Aggregate  (cost=3822.81..3822.82 rows=1 width=8)
	  ->  Bitmap Heap Scan on sbtest8  (cost=22.57..3820.33 rows=989 width=4)
	        Recheck Cond: ((id >= 1668953) AND (id <= 1669952))
	        ->  Bitmap Index Scan on sbtest8_pkey  (cost=0.00..22.32 rows=989 width=0)
	              Index Cond: ((id >= 1668953) AND (id <= 1669952))

for point_selects
table 1 : explain SELECT c FROM sbtest1 WHERE id=3938650
	Index Scan using sbtest1_pkey on sbtest1  (cost=0.43..8.45 rows=1 width=121)
	  Index Cond: (id = 3938650)

table 2 : explain SELECT c FROM sbtest2 WHERE id=5336572
	Index Scan using sbtest2_pkey on sbtest2  (cost=0.43..8.45 rows=1 width=121)
	  Index Cond: (id = 5336572)

table 3 : explain SELECT c FROM sbtest3 WHERE id=1308307
	Index Scan using sbtest3_pkey on sbtest3  (cost=0.43..8.45 rows=1 width=121)
	  Index Cond: (id = 1308307)

table 4 : explain SELECT c FROM sbtest4 WHERE id=4049068
	Index Scan using sbtest4_pkey on sbtest4  (cost=0.43..8.45 rows=1 width=121)
	  Index Cond: (id = 4049068)

table 5 : explain SELECT c FROM sbtest5 WHERE id=469887
	Index Scan using sbtest5_pkey on sbtest5  (cost=0.43..8.45 rows=1 width=121)
	  Index Cond: (id = 469887)

table 6 : explain SELECT c FROM sbtest6 WHERE id=643213
	Index Scan using sbtest6_pkey on sbtest6  (cost=0.43..8.45 rows=1 width=121)
	  Index Cond: (id = 643213)

table 7 : explain SELECT c FROM sbtest7 WHERE id=7605208
	Index Scan using sbtest7_pkey on sbtest7  (cost=0.43..8.45 rows=1 width=121)
	  Index Cond: (id = 7605208)

table 8 : explain SELECT c FROM sbtest8 WHERE id=8594099
	Index Scan using sbtest8_pkey on sbtest8  (cost=0.43..8.45 rows=1 width=121)
	  Index Cond: (id = 8594099)

for: distinct_ranges
table 1 : explain SELECT DISTINCT c FROM sbtest1 WHERE id BETWEEN 2456198 AND 2457197 ORDER BY c
	Unique  (cost=3910.35..3915.35 rows=1000 width=121)
	  ->  Sort  (cost=3910.35..3912.85 rows=1000 width=121)
	        Sort Key: c
	        ->  Bitmap Heap Scan on sbtest1  (cost=22.68..3860.53 rows=1000 width=121)
	              Recheck Cond: ((id >= 2456198) AND (id <= 2457197))
	              ->  Bitmap Index Scan on sbtest1_pkey  (cost=0.00..22.43 rows=1000 width=0)
	                    Index Cond: ((id >= 2456198) AND (id <= 2457197))

table 2 : explain SELECT DISTINCT c FROM sbtest2 WHERE id BETWEEN 6403809 AND 6404808 ORDER BY c
	Unique  (cost=4146.83..4152.14 rows=1062 width=121)
	  ->  Sort  (cost=4146.83..4149.49 rows=1062 width=121)
	        Sort Key: c
	        ->  Bitmap Heap Scan on sbtest2  (cost=23.32..4093.45 rows=1062 width=121)
	              Recheck Cond: ((id >= 6403809) AND (id <= 6404808))
	              ->  Bitmap Index Scan on sbtest2_pkey  (cost=0.00..23.05 rows=1062 width=0)
	                    Index Cond: ((id >= 6403809) AND (id <= 6404808))

table 3 : explain SELECT DISTINCT c FROM sbtest3 WHERE id BETWEEN 8980832 AND 8981831 ORDER BY c
	Unique  (cost=4387.27..4392.90 rows=1125 width=121)
	  ->  Sort  (cost=4387.27..4390.09 rows=1125 width=121)
	        Sort Key: c
	        ->  Bitmap Heap Scan on sbtest3  (cost=27.97..4330.26 rows=1125 width=121)
	              Recheck Cond: ((id >= 8980832) AND (id <= 8981831))
	              ->  Bitmap Index Scan on sbtest3_pkey  (cost=0.00..27.68 rows=1125 width=0)
	                    Index Cond: ((id >= 8980832) AND (id <= 8981831))

table 4 : explain SELECT DISTINCT c FROM sbtest4 WHERE id BETWEEN 6716920 AND 6717919 ORDER BY c
	Unique  (cost=3921.62..3926.63 rows=1003 width=121)
	  ->  Sort  (cost=3921.62..3924.13 rows=1003 width=121)
	        Sort Key: c
	        ->  Bitmap Heap Scan on sbtest4  (cost=22.72..3871.62 rows=1003 width=121)
	              Recheck Cond: ((id >= 6716920) AND (id <= 6717919))
	              ->  Bitmap Index Scan on sbtest4_pkey  (cost=0.00..22.46 rows=1003 width=0)
	                    Index Cond: ((id >= 6716920) AND (id <= 6717919))

table 5 : explain SELECT DISTINCT c FROM sbtest5 WHERE id BETWEEN 1711228 AND 1712227 ORDER BY c
	Unique  (cost=3976.51..3981.59 rows=1017 width=121)
	  ->  Sort  (cost=3976.51..3979.05 rows=1017 width=121)
	        Sort Key: c
	        ->  Bitmap Heap Scan on sbtest5  (cost=22.86..3925.71 rows=1017 width=121)
	              Recheck Cond: ((id >= 1711228) AND (id <= 1712227))
	              ->  Bitmap Index Scan on sbtest5_pkey  (cost=0.00..22.61 rows=1017 width=0)
	                    Index Cond: ((id >= 1711228) AND (id <= 1712227))

table 6 : explain SELECT DISTINCT c FROM sbtest6 WHERE id BETWEEN 7765479 AND 7766478 ORDER BY c
	Unique  (cost=4227.46..4232.88 rows=1083 width=121)
	  ->  Sort  (cost=4227.46..4230.17 rows=1083 width=121)
	        Sort Key: c
	        ->  Bitmap Heap Scan on sbtest6  (cost=23.54..4172.87 rows=1083 width=121)
	              Recheck Cond: ((id >= 7765479) AND (id <= 7766478))
	              ->  Bitmap Index Scan on sbtest6_pkey  (cost=0.00..23.26 rows=1083 width=0)
	                    Index Cond: ((id >= 7765479) AND (id <= 7766478))

table 7 : explain SELECT DISTINCT c FROM sbtest7 WHERE id BETWEEN 9796444 AND 9797443 ORDER BY c
	Unique  (cost=3593.88..3598.47 rows=917 width=121)
	  ->  Sort  (cost=3593.88..3596.18 rows=917 width=121)
	        Sort Key: c
	        ->  Bitmap Heap Scan on sbtest7  (cost=21.83..3548.76 rows=917 width=121)
	              Recheck Cond: ((id >= 9796444) AND (id <= 9797443))
	              ->  Bitmap Index Scan on sbtest7_pkey  (cost=0.00..21.61 rows=917 width=0)
	                    Index Cond: ((id >= 9796444) AND (id <= 9797443))

table 8 : explain SELECT DISTINCT c FROM sbtest8 WHERE id BETWEEN 1179580 AND 1180579 ORDER BY c
	Unique  (cost=3704.92..3709.65 rows=946 width=121)
	  ->  Sort  (cost=3704.92..3707.29 rows=946 width=121)
	        Sort Key: c
	        ->  Bitmap Heap Scan on sbtest8  (cost=22.13..3658.16 rows=946 width=121)
	              Recheck Cond: ((id >= 1179580) AND (id <= 1180579))
	              ->  Bitmap Index Scan on sbtest8_pkey  (cost=0.00..21.89 rows=946 width=0)
	                    Index Cond: ((id >= 1179580) AND (id <= 1180579))

explain: for point_selects :: explain SELECT c FROM sbtest%u WHERE id=%u
for: sum_ranges
table 1 : explain SELECT SUM(k) FROM sbtest1 WHERE id BETWEEN 121566 AND 122565
	Aggregate  (cost=3904.46..3904.47 rows=1 width=8)
	  ->  Bitmap Heap Scan on sbtest1  (cost=22.80..3901.94 rows=1011 width=4)
	        Recheck Cond: ((id >= 121566) AND (id <= 122565))
	        ->  Bitmap Index Scan on sbtest1_pkey  (cost=0.00..22.54 rows=1011 width=0)
	              Index Cond: ((id >= 121566) AND (id <= 122565))

table 2 : explain SELECT SUM(k) FROM sbtest2 WHERE id BETWEEN 1128520 AND 1129519
	Aggregate  (cost=3715.75..3715.76 rows=1 width=8)
	  ->  Bitmap Heap Scan on sbtest2  (cost=22.29..3713.35 rows=961 width=4)
	        Recheck Cond: ((id >= 1128520) AND (id <= 1129519))
	        ->  Bitmap Index Scan on sbtest2_pkey  (cost=0.00..22.04 rows=961 width=0)
	              Index Cond: ((id >= 1128520) AND (id <= 1129519))

table 3 : explain SELECT SUM(k) FROM sbtest3 WHERE id BETWEEN 8850281 AND 8851280
	Aggregate  (cost=3742.23..3742.24 rows=1 width=8)
	  ->  Bitmap Heap Scan on sbtest3  (cost=22.36..3739.81 rows=968 width=4)
	        Recheck Cond: ((id >= 8850281) AND (id <= 8851280))
	        ->  Bitmap Index Scan on sbtest3_pkey  (cost=0.00..22.11 rows=968 width=0)
	              Index Cond: ((id >= 8850281) AND (id <= 8851280))

table 4 : explain SELECT SUM(k) FROM sbtest4 WHERE id BETWEEN 8536027 AND 8537026
	Aggregate  (cost=3923.09..3923.10 rows=1 width=8)
	  ->  Bitmap Heap Scan on sbtest4  (cost=22.85..3920.55 rows=1016 width=4)
	        Recheck Cond: ((id >= 8536027) AND (id <= 8537026))
	        ->  Bitmap Index Scan on sbtest4_pkey  (cost=0.00..22.59 rows=1016 width=0)
	              Index Cond: ((id >= 8536027) AND (id <= 8537026))

table 5 : explain SELECT SUM(k) FROM sbtest5 WHERE id BETWEEN 9007100 AND 9008099
	Aggregate  (cost=3792.54..3792.55 rows=1 width=8)
	  ->  Bitmap Heap Scan on sbtest5  (cost=22.49..3790.09 rows=981 width=4)
	        Recheck Cond: ((id >= 9007100) AND (id <= 9008099))
	        ->  Bitmap Index Scan on sbtest5_pkey  (cost=0.00..22.25 rows=981 width=0)
	              Index Cond: ((id >= 9007100) AND (id <= 9008099))

table 6 : explain SELECT SUM(k) FROM sbtest6 WHERE id BETWEEN 3955414 AND 3956413
	Aggregate  (cost=3987.55..3987.56 rows=1 width=8)
	  ->  Bitmap Heap Scan on sbtest6  (cost=23.02..3984.96 rows=1033 width=4)
	        Recheck Cond: ((id >= 3955414) AND (id <= 3956413))
	        ->  Bitmap Index Scan on sbtest6_pkey  (cost=0.00..22.76 rows=1033 width=0)
	              Index Cond: ((id >= 3955414) AND (id <= 3956413))

table 7 : explain SELECT SUM(k) FROM sbtest7 WHERE id BETWEEN 3701744 AND 3702743
	Aggregate  (cost=3603.97..3603.98 rows=1 width=8)
	  ->  Bitmap Heap Scan on sbtest7  (cost=21.98..3601.65 rows=931 width=4)
	        Recheck Cond: ((id >= 3701744) AND (id <= 3702743))
	        ->  Bitmap Index Scan on sbtest7_pkey  (cost=0.00..21.75 rows=931 width=0)
	              Index Cond: ((id >= 3701744) AND (id <= 3702743))

table 8 : explain SELECT SUM(k) FROM sbtest8 WHERE id BETWEEN 7328360 AND 7329359
	Aggregate  (cost=4078.94..4078.95 rows=1 width=8)
	  ->  Bitmap Heap Scan on sbtest8  (cost=23.27..4076.30 rows=1057 width=4)
	        Recheck Cond: ((id >= 7328360) AND (id <= 7329359))
	        ->  Bitmap Index Scan on sbtest8_pkey  (cost=0.00..23.00 rows=1057 width=0)
	              Index Cond: ((id >= 7328360) AND (id <= 7329359))

for point_selects
table 1 : explain SELECT c FROM sbtest1 WHERE id=8398489
	Index Scan using sbtest1_pkey on sbtest1  (cost=0.43..8.45 rows=1 width=121)
	  Index Cond: (id = 8398489)

table 2 : explain SELECT c FROM sbtest2 WHERE id=2741002
	Index Scan using sbtest2_pkey on sbtest2  (cost=0.43..8.45 rows=1 width=121)
	  Index Cond: (id = 2741002)

table 3 : explain SELECT c FROM sbtest3 WHERE id=6846436
	Index Scan using sbtest3_pkey on sbtest3  (cost=0.43..8.45 rows=1 width=121)
	  Index Cond: (id = 6846436)

table 4 : explain SELECT c FROM sbtest4 WHERE id=1945866
	Index Scan using sbtest4_pkey on sbtest4  (cost=0.43..8.45 rows=1 width=121)
	  Index Cond: (id = 1945866)

table 5 : explain SELECT c FROM sbtest5 WHERE id=8825286
	Index Scan using sbtest5_pkey on sbtest5  (cost=0.43..8.45 rows=1 width=121)
	  Index Cond: (id = 8825286)

table 6 : explain SELECT c FROM sbtest6 WHERE id=5584371
	Index Scan using sbtest6_pkey on sbtest6  (cost=0.43..8.45 rows=1 width=121)
	  Index Cond: (id = 5584371)

table 7 : explain SELECT c FROM sbtest7 WHERE id=194559
	Index Scan using sbtest7_pkey on sbtest7  (cost=0.43..8.45 rows=1 width=121)
	  Index Cond: (id = 194559)

table 8 : explain SELECT c FROM sbtest8 WHERE id=9654018
	Index Scan using sbtest8_pkey on sbtest8  (cost=0.43..8.45 rows=1 width=121)
	  Index Cond: (id = 9654018)

for: distinct_ranges
table 1 : explain SELECT DISTINCT c FROM sbtest1 WHERE id BETWEEN 1374570 AND 1375569 ORDER BY c
	Unique  (cost=3749.71..3754.50 rows=958 width=121)
	  ->  Sort  (cost=3749.71..3752.10 rows=958 width=121)
	        Sort Key: c
	        ->  Bitmap Heap Scan on sbtest1  (cost=22.25..3702.27 rows=958 width=121)
	              Recheck Cond: ((id >= 1374570) AND (id <= 1375569))
	              ->  Bitmap Index Scan on sbtest1_pkey  (cost=0.00..22.01 rows=958 width=0)
	                    Index Cond: ((id >= 1374570) AND (id <= 1375569))

table 2 : explain SELECT DISTINCT c FROM sbtest2 WHERE id BETWEEN 790863 AND 791862 ORDER BY c
	Unique  (cost=4150.65..4155.96 rows=1063 width=121)
	  ->  Sort  (cost=4150.65..4153.30 rows=1063 width=121)
	        Sort Key: c
	        ->  Bitmap Heap Scan on sbtest2  (cost=23.33..4097.21 rows=1063 width=121)
	              Recheck Cond: ((id >= 790863) AND (id <= 791862))
	              ->  Bitmap Index Scan on sbtest2_pkey  (cost=0.00..23.07 rows=1063 width=0)
	                    Index Cond: ((id >= 790863) AND (id <= 791862))

table 3 : explain SELECT DISTINCT c FROM sbtest3 WHERE id BETWEEN 8861929 AND 8862928 ORDER BY c
	Unique  (cost=3787.82..3792.66 rows=968 width=121)
	  ->  Sort  (cost=3787.82..3790.24 rows=968 width=121)
	        Sort Key: c
	        ->  Bitmap Heap Scan on sbtest3  (cost=22.36..3739.81 rows=968 width=121)
	              Recheck Cond: ((id >= 8861929) AND (id <= 8862928))
	              ->  Bitmap Index Scan on sbtest3_pkey  (cost=0.00..22.11 rows=968 width=0)
	                    Index Cond: ((id >= 8861929) AND (id <= 8862928))

table 4 : explain SELECT DISTINCT c FROM sbtest4 WHERE id BETWEEN 9131895 AND 9132894 ORDER BY c
	Unique  (cost=3971.29..3976.37 rows=1016 width=121)
	  ->  Sort  (cost=3971.29..3973.83 rows=1016 width=121)
	        Sort Key: c
	        ->  Bitmap Heap Scan on sbtest4  (cost=22.85..3920.55 rows=1016 width=121)
	              Recheck Cond: ((id >= 9131895) AND (id <= 9132894))
	              ->  Bitmap Index Scan on sbtest4_pkey  (cost=0.00..22.59 rows=1016 width=0)
	                    Index Cond: ((id >= 9131895) AND (id <= 9132894))

table 5 : explain SELECT DISTINCT c FROM sbtest5 WHERE id BETWEEN 47516 AND 48515 ORDER BY c
	Unique  (cost=4434.56..4440.25 rows=1137 width=121)
	  ->  Sort  (cost=4434.56..4437.40 rows=1137 width=121)
	        Sort Key: c
	        ->  Bitmap Heap Scan on sbtest5  (cost=28.09..4376.85 rows=1137 width=121)
	              Recheck Cond: ((id >= 47516) AND (id <= 48515))
	              ->  Bitmap Index Scan on sbtest5_pkey  (cost=0.00..27.80 rows=1137 width=0)
	                    Index Cond: ((id >= 47516) AND (id <= 48515))

table 6 : explain SELECT DISTINCT c FROM sbtest6 WHERE id BETWEEN 9200920 AND 9201919 ORDER BY c
	Unique  (cost=4638.83..4644.79 rows=1191 width=121)
	  ->  Sort  (cost=4638.83..4641.81 rows=1191 width=121)
	        Sort Key: c
	        ->  Bitmap Heap Scan on sbtest6  (cost=28.64..4577.99 rows=1191 width=121)
	              Recheck Cond: ((id >= 9200920) AND (id <= 9201919))
	              ->  Bitmap Index Scan on sbtest6_pkey  (cost=0.00..28.34 rows=1191 width=0)
	                    Index Cond: ((id >= 9200920) AND (id <= 9201919))

table 7 : explain SELECT DISTINCT c FROM sbtest7 WHERE id BETWEEN 2987129 AND 2988128 ORDER BY c
	Unique  (cost=4259.44..4264.89 rows=1090 width=121)
	  ->  Sort  (cost=4259.44..4262.16 rows=1090 width=121)
	        Sort Key: c
	        ->  Bitmap Heap Scan on sbtest7  (cost=27.61..4204.45 rows=1090 width=121)
	              Recheck Cond: ((id >= 2987129) AND (id <= 2988128))
	              ->  Bitmap Index Scan on sbtest7_pkey  (cost=0.00..27.33 rows=1090 width=0)
	                    Index Cond: ((id >= 2987129) AND (id <= 2988128))

table 8 : explain SELECT DISTINCT c FROM sbtest8 WHERE id BETWEEN 6385066 AND 6386065 ORDER BY c
	Unique  (cost=3716.42..3721.16 rows=949 width=121)
	  ->  Sort  (cost=3716.42..3718.79 rows=949 width=121)
	        Sort Key: c
	        ->  Bitmap Heap Scan on sbtest8  (cost=22.16..3669.49 rows=949 width=121)
	              Recheck Cond: ((id >= 6385066) AND (id <= 6386065))
	              ->  Bitmap Index Scan on sbtest8_pkey  (cost=0.00..21.93 rows=949 width=0)
	                    Index Cond: ((id >= 6385066) AND (id <= 6386065))

for: order_ranges
table 1 : explain SELECT c FROM sbtest1 WHERE id BETWEEN 7760960 AND 7761959 ORDER BY c
	Sort  (cost=3994.42..3996.97 rows=1022 width=121)
	  Sort Key: c
	  ->  Bitmap Heap Scan on sbtest1  (cost=22.91..3943.33 rows=1022 width=121)
	        Recheck Cond: ((id >= 7760960) AND (id <= 7761959))
	        ->  Bitmap Index Scan on sbtest1_pkey  (cost=0.00..22.65 rows=1022 width=0)
	              Index Cond: ((id >= 7760960) AND (id <= 7761959))

table 2 : explain SELECT c FROM sbtest2 WHERE id BETWEEN 4981023 AND 4982022 ORDER BY c
	Sort  (cost=3913.93..3916.43 rows=1001 width=121)
	  Sort Key: c
	  ->  Bitmap Heap Scan on sbtest2  (cost=22.70..3864.04 rows=1001 width=121)
	        Recheck Cond: ((id >= 4981023) AND (id <= 4982022))
	        ->  Bitmap Index Scan on sbtest2_pkey  (cost=0.00..22.44 rows=1001 width=0)
	              Index Cond: ((id >= 4981023) AND (id <= 4982022))

table 3 : explain SELECT c FROM sbtest3 WHERE id BETWEEN 3776526 AND 3777525 ORDER BY c
	Sort  (cost=3707.44..3709.81 rows=947 width=121)
	  Sort Key: c
	  ->  Bitmap Heap Scan on sbtest3  (cost=22.14..3660.63 rows=947 width=121)
	        Recheck Cond: ((id >= 3776526) AND (id <= 3777525))
	        ->  Bitmap Index Scan on sbtest3_pkey  (cost=0.00..21.90 rows=947 width=0)
	              Index Cond: ((id >= 3776526) AND (id <= 3777525))

table 4 : explain SELECT c FROM sbtest4 WHERE id BETWEEN 8315727 AND 8316726 ORDER BY c
	Sort  (cost=4009.48..4012.05 rows=1026 width=121)
	  Sort Key: c
	  ->  Bitmap Heap Scan on sbtest4  (cost=22.95..3958.17 rows=1026 width=121)
	        Recheck Cond: ((id >= 8315727) AND (id <= 8316726))
	        ->  Bitmap Index Scan on sbtest4_pkey  (cost=0.00..22.69 rows=1026 width=0)
	              Index Cond: ((id >= 8315727) AND (id <= 8316726))

table 5 : explain SELECT c FROM sbtest5 WHERE id BETWEEN 526239 AND 527238 ORDER BY c
	Sort  (cost=3589.86..3592.15 rows=916 width=121)
	  Sort Key: c
	  ->  Bitmap Heap Scan on sbtest5  (cost=21.82..3544.80 rows=916 width=121)
	        Recheck Cond: ((id >= 526239) AND (id <= 527238))
	        ->  Bitmap Index Scan on sbtest5_pkey  (cost=0.00..21.59 rows=916 width=0)
	              Index Cond: ((id >= 526239) AND (id <= 527238))

table 6 : explain SELECT c FROM sbtest6 WHERE id BETWEEN 5847717 AND 5848716 ORDER BY c
	Sort  (cost=3929.71..3932.22 rows=1005 width=121)
	  Sort Key: c
	  ->  Bitmap Heap Scan on sbtest6  (cost=22.74..3879.60 rows=1005 width=121)
	        Recheck Cond: ((id >= 5847717) AND (id <= 5848716))
	        ->  Bitmap Index Scan on sbtest6_pkey  (cost=0.00..22.48 rows=1005 width=0)
	              Index Cond: ((id >= 5847717) AND (id <= 5848716))

table 7 : explain SELECT c FROM sbtest7 WHERE id BETWEEN 2734124 AND 2735123 ORDER BY c
	Sort  (cost=3995.84..3998.39 rows=1022 width=121)
	  Sort Key: c
	  ->  Bitmap Heap Scan on sbtest7  (cost=22.91..3944.75 rows=1022 width=121)
	        Recheck Cond: ((id >= 2734124) AND (id <= 2735123))
	        ->  Bitmap Index Scan on sbtest7_pkey  (cost=0.00..22.65 rows=1022 width=0)
	              Index Cond: ((id >= 2734124) AND (id <= 2735123))

table 8 : explain SELECT c FROM sbtest8 WHERE id BETWEEN 6222807 AND 6223806 ORDER BY c
	Sort  (cost=4159.92..4162.59 rows=1065 width=121)
	  Sort Key: c
	  ->  Bitmap Heap Scan on sbtest8  (cost=23.35..4106.37 rows=1065 width=121)
	        Recheck Cond: ((id >= 6222807) AND (id <= 6223806))
	        ->  Bitmap Index Scan on sbtest8_pkey  (cost=0.00..23.08 rows=1065 width=0)
	              Index Cond: ((id >= 6222807) AND (id <= 6223806))

for: distinct_ranges
table 1 : explain SELECT DISTINCT c FROM sbtest1 WHERE id BETWEEN 4668560 AND 4669559 ORDER BY c
	Unique  (cost=4021.15..4026.29 rows=1029 width=121)
	  ->  Sort  (cost=4021.15..4023.72 rows=1029 width=121)
	        Sort Key: c
	        ->  Bitmap Heap Scan on sbtest1  (cost=22.98..3969.66 rows=1029 width=121)
	              Recheck Cond: ((id >= 4668560) AND (id <= 4669559))
	              ->  Bitmap Index Scan on sbtest1_pkey  (cost=0.00..22.72 rows=1029 width=0)
	                    Index Cond: ((id >= 4668560) AND (id <= 4669559))

table 2 : explain SELECT DISTINCT c FROM sbtest2 WHERE id BETWEEN 2636531 AND 2637530 ORDER BY c
	Unique  (cost=3921.57..3926.59 rows=1003 width=121)
	  ->  Sort  (cost=3921.57..3924.08 rows=1003 width=121)
	        Sort Key: c
	        ->  Bitmap Heap Scan on sbtest2  (cost=22.72..3871.57 rows=1003 width=121)
	              Recheck Cond: ((id >= 2636531) AND (id <= 2637530))
	              ->  Bitmap Index Scan on sbtest2_pkey  (cost=0.00..22.46 rows=1003 width=0)
	                    Index Cond: ((id >= 2636531) AND (id <= 2637530))

table 3 : explain SELECT DISTINCT c FROM sbtest3 WHERE id BETWEEN 8913995 AND 8914994 ORDER BY c
	Unique  (cost=4387.27..4392.90 rows=1125 width=121)
	  ->  Sort  (cost=4387.27..4390.09 rows=1125 width=121)
	        Sort Key: c
	        ->  Bitmap Heap Scan on sbtest3  (cost=27.97..4330.26 rows=1125 width=121)
	              Recheck Cond: ((id >= 8913995) AND (id <= 8914994))
	              ->  Bitmap Index Scan on sbtest3_pkey  (cost=0.00..27.68 rows=1125 width=0)
	                    Index Cond: ((id >= 8913995) AND (id <= 8914994))

table 4 : explain SELECT DISTINCT c FROM sbtest4 WHERE id BETWEEN 4675464 AND 4676463 ORDER BY c
	Unique  (cost=4009.48..4014.61 rows=1026 width=121)
	  ->  Sort  (cost=4009.48..4012.05 rows=1026 width=121)
	        Sort Key: c
	        ->  Bitmap Heap Scan on sbtest4  (cost=22.95..3958.17 rows=1026 width=121)
	              Recheck Cond: ((id >= 4675464) AND (id <= 4676463))
	              ->  Bitmap Index Scan on sbtest4_pkey  (cost=0.00..22.69 rows=1026 width=0)
	                    Index Cond: ((id >= 4675464) AND (id <= 4676463))

table 5 : explain SELECT DISTINCT c FROM sbtest5 WHERE id BETWEEN 8715067 AND 8716066 ORDER BY c
	Unique  (cost=3685.68..3690.39 rows=941 width=121)
	  ->  Sort  (cost=3685.68..3688.03 rows=941 width=121)
	        Sort Key: c
	        ->  Bitmap Heap Scan on sbtest5  (cost=22.08..3639.21 rows=941 width=121)
	              Recheck Cond: ((id >= 8715067) AND (id <= 8716066))
	              ->  Bitmap Index Scan on sbtest5_pkey  (cost=0.00..21.84 rows=941 width=0)
	                    Index Cond: ((id >= 8715067) AND (id <= 8716066))

table 6 : explain SELECT DISTINCT c FROM sbtest6 WHERE id BETWEEN 7520063 AND 7521062 ORDER BY c
	Unique  (cost=3979.39..3984.48 rows=1018 width=121)
	  ->  Sort  (cost=3979.39..3981.93 rows=1018 width=121)
	        Sort Key: c
	        ->  Bitmap Heap Scan on sbtest6  (cost=22.87..3928.53 rows=1018 width=121)
	              Recheck Cond: ((id >= 7520063) AND (id <= 7521062))
	              ->  Bitmap Index Scan on sbtest6_pkey  (cost=0.00..22.61 rows=1018 width=0)
	                    Index Cond: ((id >= 7520063) AND (id <= 7521062))

table 7 : explain SELECT DISTINCT c FROM sbtest7 WHERE id BETWEEN 7562774 AND 7563773 ORDER BY c
	Unique  (cost=3995.84..4000.95 rows=1022 width=121)
	  ->  Sort  (cost=3995.84..3998.39 rows=1022 width=121)
	        Sort Key: c
	        ->  Bitmap Heap Scan on sbtest7  (cost=22.91..3944.75 rows=1022 width=121)
	              Recheck Cond: ((id >= 7562774) AND (id <= 7563773))
	              ->  Bitmap Index Scan on sbtest7_pkey  (cost=0.00..22.65 rows=1022 width=0)
	                    Index Cond: ((id >= 7562774) AND (id <= 7563773))

table 8 : explain SELECT DISTINCT c FROM sbtest8 WHERE id BETWEEN 2797677 AND 2798676 ORDER BY c
	Unique  (cost=3800.66..3805.51 rows=971 width=121)
	  ->  Sort  (cost=3800.66..3803.08 rows=971 width=121)
	        Sort Key: c
	        ->  Bitmap Heap Scan on sbtest8  (cost=22.39..3752.48 rows=971 width=121)
	              Recheck Cond: ((id >= 2797677) AND (id <= 2798676))
	              ->  Bitmap Index Scan on sbtest8_pkey  (cost=0.00..22.14 rows=971 width=0)
	                    Index Cond: ((id >= 2797677) AND (id <= 2798676))

for: sum_ranges
table 1 : explain SELECT SUM(k) FROM sbtest1 WHERE id BETWEEN 9993089 AND 9994088
	Aggregate  (cost=3795.18..3795.19 rows=1 width=8)
	  ->  Bitmap Heap Scan on sbtest1  (cost=22.50..3792.73 rows=982 width=4)
	        Recheck Cond: ((id >= 9993089) AND (id <= 9994088))
	        ->  Bitmap Index Scan on sbtest1_pkey  (cost=0.00..22.25 rows=982 width=0)
	              Index Cond: ((id >= 9993089) AND (id <= 9994088))

table 2 : explain SELECT SUM(k) FROM sbtest2 WHERE id BETWEEN 4913813 AND 4914812
	Aggregate  (cost=3594.96..3594.97 rows=1 width=8)
	  ->  Bitmap Heap Scan on sbtest2  (cost=21.96..3592.64 rows=929 width=4)
	        Recheck Cond: ((id >= 4913813) AND (id <= 4914812))
	        ->  Bitmap Index Scan on sbtest2_pkey  (cost=0.00..21.72 rows=929 width=0)
	              Index Cond: ((id >= 4913813) AND (id <= 4914812))

table 3 : explain SELECT SUM(k) FROM sbtest3 WHERE id BETWEEN 8705387 AND 8706386
	Aggregate  (cost=3889.23..3889.24 rows=1 width=8)
	  ->  Bitmap Heap Scan on sbtest3  (cost=22.76..3886.71 rows=1007 width=4)
	        Recheck Cond: ((id >= 8705387) AND (id <= 8706386))
	        ->  Bitmap Index Scan on sbtest3_pkey  (cost=0.00..22.50 rows=1007 width=0)
	              Index Cond: ((id >= 8705387) AND (id <= 8706386))

table 4 : explain SELECT SUM(k) FROM sbtest4 WHERE id BETWEEN 1006142 AND 1007141
	Aggregate  (cost=3719.57..3719.58 rows=1 width=8)
	  ->  Bitmap Heap Scan on sbtest4  (cost=22.30..3717.16 rows=962 width=4)
	        Recheck Cond: ((id >= 1006142) AND (id <= 1007141))
	        ->  Bitmap Index Scan on sbtest4_pkey  (cost=0.00..22.05 rows=962 width=0)
	              Index Cond: ((id >= 1006142) AND (id <= 1007141))

table 5 : explain SELECT SUM(k) FROM sbtest5 WHERE id BETWEEN 62310 AND 63309
	Aggregate  (cost=4379.69..4379.70 rows=1 width=8)
	  ->  Bitmap Heap Scan on sbtest5  (cost=28.09..4376.85 rows=1137 width=4)
	        Recheck Cond: ((id >= 62310) AND (id <= 63309))
	        ->  Bitmap Index Scan on sbtest5_pkey  (cost=0.00..27.80 rows=1137 width=0)
	              Index Cond: ((id >= 62310) AND (id <= 63309))

table 6 : explain SELECT SUM(k) FROM sbtest6 WHERE id BETWEEN 4595895 AND 4596894
	Aggregate  (cost=4130.48..4130.49 rows=1 width=8)
	  ->  Bitmap Heap Scan on sbtest6  (cost=23.41..4127.81 rows=1071 width=4)
	        Recheck Cond: ((id >= 4595895) AND (id <= 4596894))
	        ->  Bitmap Index Scan on sbtest6_pkey  (cost=0.00..23.14 rows=1071 width=0)
	              Index Cond: ((id >= 4595895) AND (id <= 4596894))

table 7 : explain SELECT SUM(k) FROM sbtest7 WHERE id BETWEEN 7596244 AND 7597243
	Aggregate  (cost=3913.40..3913.41 rows=1 width=8)
	  ->  Bitmap Heap Scan on sbtest7  (cost=22.82..3910.87 rows=1013 width=4)
	        Recheck Cond: ((id >= 7596244) AND (id <= 7597243))
	        ->  Bitmap Index Scan on sbtest7_pkey  (cost=0.00..22.57 rows=1013 width=0)
	              Index Cond: ((id >= 7596244) AND (id <= 7597243))

table 8 : explain SELECT SUM(k) FROM sbtest8 WHERE id BETWEEN 95511 AND 96510
	Aggregate  (cost=3856.74..3856.75 rows=1 width=8)
	  ->  Bitmap Heap Scan on sbtest8  (cost=22.66..3854.24 rows=998 width=4)
	        Recheck Cond: ((id >= 95511) AND (id <= 96510))
	        ->  Bitmap Index Scan on sbtest8_pkey  (cost=0.00..22.41 rows=998 width=0)
	              Index Cond: ((id >= 95511) AND (id <= 96510))

explain: for point_selects :: explain SELECT c FROM sbtest%u WHERE id=%u
explain: for point_selects :: explain SELECT c FROM sbtest%u WHERE id=%u
for: simple_ranges
table 1 : explain SELECT c FROM sbtest1 WHERE id BETWEEN 8848293 AND 8849292
	Bitmap Heap Scan on sbtest1  (cost=22.16..3668.33 rows=949 width=121)
	  Recheck Cond: ((id >= 8848293) AND (id <= 8849292))
	  ->  Bitmap Index Scan on sbtest1_pkey  (cost=0.00..21.93 rows=949 width=0)
	        Index Cond: ((id >= 8848293) AND (id <= 8849292))

table 2 : explain SELECT c FROM sbtest2 WHERE id BETWEEN 843138 AND 844137
	Bitmap Heap Scan on sbtest2  (cost=22.99..3973.17 rows=1030 width=121)
	  Recheck Cond: ((id >= 843138) AND (id <= 844137))
	  ->  Bitmap Index Scan on sbtest2_pkey  (cost=0.00..22.73 rows=1030 width=0)
	        Index Cond: ((id >= 843138) AND (id <= 844137))

table 3 : explain SELECT c FROM sbtest3 WHERE id BETWEEN 5210563 AND 5211562
	Bitmap Heap Scan on sbtest3  (cost=22.70..3864.12 rows=1001 width=121)
	  Recheck Cond: ((id >= 5210563) AND (id <= 5211562))
	  ->  Bitmap Index Scan on sbtest3_pkey  (cost=0.00..22.44 rows=1001 width=0)
	        Index Cond: ((id >= 5210563) AND (id <= 5211562))

table 4 : explain SELECT c FROM sbtest4 WHERE id BETWEEN 9014972 AND 9015971
	Bitmap Heap Scan on sbtest4  (cost=22.76..3886.68 rows=1007 width=121)
	  Recheck Cond: ((id >= 9014972) AND (id <= 9015971))
	  ->  Bitmap Index Scan on sbtest4_pkey  (cost=0.00..22.50 rows=1007 width=0)
	        Index Cond: ((id >= 9014972) AND (id <= 9015971))

table 5 : explain SELECT c FROM sbtest5 WHERE id BETWEEN 5716082 AND 5717081
	Bitmap Heap Scan on sbtest5  (cost=23.55..4177.66 rows=1084 width=121)
	  Recheck Cond: ((id >= 5716082) AND (id <= 5717081))
	  ->  Bitmap Index Scan on sbtest5_pkey  (cost=0.00..23.27 rows=1084 width=0)
	        Index Cond: ((id >= 5716082) AND (id <= 5717081))

table 6 : explain SELECT c FROM sbtest6 WHERE id BETWEEN 2853215 AND 2854214
	Bitmap Heap Scan on sbtest6  (cost=27.82..4278.24 rows=1111 width=121)
	  Recheck Cond: ((id >= 2853215) AND (id <= 2854214))
	  ->  Bitmap Index Scan on sbtest6_pkey  (cost=0.00..27.54 rows=1111 width=0)
	        Index Cond: ((id >= 2853215) AND (id <= 2854214))

table 7 : explain SELECT c FROM sbtest7 WHERE id BETWEEN 5120013 AND 5121012
	Bitmap Heap Scan on sbtest7  (cost=22.57..3820.45 rows=989 width=121)
	  Recheck Cond: ((id >= 5120013) AND (id <= 5121012))
	  ->  Bitmap Index Scan on sbtest7_pkey  (cost=0.00..22.32 rows=989 width=0)
	        Index Cond: ((id >= 5120013) AND (id <= 5121012))

table 8 : explain SELECT c FROM sbtest8 WHERE id BETWEEN 2500093 AND 2501092
	Bitmap Heap Scan on sbtest8  (cost=22.40..3756.25 rows=972 width=121)
	  Recheck Cond: ((id >= 2500093) AND (id <= 2501092))
	  ->  Bitmap Index Scan on sbtest8_pkey  (cost=0.00..22.15 rows=972 width=0)
	        Index Cond: ((id >= 2500093) AND (id <= 2501092))

for: order_ranges
table 1 : explain SELECT c FROM sbtest1 WHERE id BETWEEN 1074716 AND 1075715 ORDER BY c
	Sort  (cost=3688.45..3690.81 rows=942 width=121)
	  Sort Key: c
	  ->  Bitmap Heap Scan on sbtest1  (cost=22.09..3641.92 rows=942 width=121)
	        Recheck Cond: ((id >= 1074716) AND (id <= 1075715))
	        ->  Bitmap Index Scan on sbtest1_pkey  (cost=0.00..21.86 rows=942 width=0)
	              Index Cond: ((id >= 1074716) AND (id <= 1075715))

table 2 : explain SELECT c FROM sbtest2 WHERE id BETWEEN 5358583 AND 5359582 ORDER BY c
	Sort  (cost=4188.78..4191.47 rows=1073 width=121)
	  Sort Key: c
	  ->  Bitmap Heap Scan on sbtest2  (cost=23.43..4134.77 rows=1073 width=121)
	        Recheck Cond: ((id >= 5358583) AND (id <= 5359582))
	        ->  Bitmap Index Scan on sbtest2_pkey  (cost=0.00..23.16 rows=1073 width=0)
	              Index Cond: ((id >= 5358583) AND (id <= 5359582))

table 3 : explain SELECT c FROM sbtest3 WHERE id BETWEEN 3690729 AND 3691728 ORDER BY c
	Sort  (cost=3925.47..3927.98 rows=1004 width=121)
	  Sort Key: c
	  ->  Bitmap Heap Scan on sbtest3  (cost=22.73..3875.42 rows=1004 width=121)
	        Recheck Cond: ((id >= 3690729) AND (id <= 3691728))
	        ->  Bitmap Index Scan on sbtest3_pkey  (cost=0.00..22.47 rows=1004 width=0)
	              Index Cond: ((id >= 3690729) AND (id <= 3691728))

table 4 : explain SELECT c FROM sbtest4 WHERE id BETWEEN 4959647 AND 4960646 ORDER BY c
	Sort  (cost=3603.99..3606.29 rows=920 width=121)
	  Sort Key: c
	  ->  Bitmap Heap Scan on sbtest4  (cost=21.87..3558.71 rows=920 width=121)
	        Recheck Cond: ((id >= 4959647) AND (id <= 4960646))
	        ->  Bitmap Index Scan on sbtest4_pkey  (cost=0.00..21.64 rows=920 width=0)
	              Index Cond: ((id >= 4959647) AND (id <= 4960646))

table 5 : explain SELECT c FROM sbtest5 WHERE id BETWEEN 1375866 AND 1376865 ORDER BY c
	Sort  (cost=3566.85..3569.12 rows=910 width=121)
	  Sort Key: c
	  ->  Bitmap Heap Scan on sbtest5  (cost=21.76..3522.12 rows=910 width=121)
	        Recheck Cond: ((id >= 1375866) AND (id <= 1376865))
	        ->  Bitmap Index Scan on sbtest5_pkey  (cost=0.00..21.54 rows=910 width=0)
	              Index Cond: ((id >= 1375866) AND (id <= 1376865))

table 6 : explain SELECT c FROM sbtest6 WHERE id BETWEEN 1321093 AND 1322092 ORDER BY c
	Sort  (cost=3807.34..3809.77 rows=973 width=121)
	  Sort Key: c
	  ->  Bitmap Heap Scan on sbtest6  (cost=22.41..3759.05 rows=973 width=121)
	        Recheck Cond: ((id >= 1321093) AND (id <= 1322092))
	        ->  Bitmap Index Scan on sbtest6_pkey  (cost=0.00..22.16 rows=973 width=0)
	              Index Cond: ((id >= 1321093) AND (id <= 1322092))

table 7 : explain SELECT c FROM sbtest7 WHERE id BETWEEN 6193527 AND 6194526 ORDER BY c
	Sort  (cost=4037.87..4040.45 rows=1033 width=121)
	  Sort Key: c
	  ->  Bitmap Heap Scan on sbtest7  (cost=23.02..3986.15 rows=1033 width=121)
	        Recheck Cond: ((id >= 6193527) AND (id <= 6194526))
	        ->  Bitmap Index Scan on sbtest7_pkey  (cost=0.00..22.76 rows=1033 width=0)
	              Index Cond: ((id >= 6193527) AND (id <= 6194526))

table 8 : explain SELECT c FROM sbtest8 WHERE id BETWEEN 2831805 AND 2832804 ORDER BY c
	Sort  (cost=3754.71..3757.11 rows=959 width=121)
	  Sort Key: c
	  ->  Bitmap Heap Scan on sbtest8  (cost=22.26..3707.22 rows=959 width=121)
	        Recheck Cond: ((id >= 2831805) AND (id <= 2832804))
	        ->  Bitmap Index Scan on sbtest8_pkey  (cost=0.00..22.02 rows=959 width=0)
	              Index Cond: ((id >= 2831805) AND (id <= 2832804))

explain: for point_selects :: explain SELECT c FROM sbtest%u WHERE id=%u
for: distinct_ranges
table 1 : explain SELECT DISTINCT c FROM sbtest1 WHERE id BETWEEN 2151622 AND 2152621 ORDER BY c
	Unique  (cost=3519.83..3524.32 rows=898 width=121)
	  ->  Sort  (cost=3519.83..3522.08 rows=898 width=121)
	        Sort Key: c
	        ->  Bitmap Heap Scan on sbtest1  (cost=21.64..3475.78 rows=898 width=121)
	              Recheck Cond: ((id >= 2151622) AND (id <= 2152621))
	              ->  Bitmap Index Scan on sbtest1_pkey  (cost=0.00..21.41 rows=898 width=0)
	                    Index Cond: ((id >= 2151622) AND (id <= 2152621))

table 2 : explain SELECT DISTINCT c FROM sbtest2 WHERE id BETWEEN 3289899 AND 3290898 ORDER BY c
	Unique  (cost=3978.88..3983.97 rows=1018 width=121)
	  ->  Sort  (cost=3978.88..3981.43 rows=1018 width=121)
	        Sort Key: c
	        ->  Bitmap Heap Scan on sbtest2  (cost=22.87..3928.03 rows=1018 width=121)
	              Recheck Cond: ((id >= 3289899) AND (id <= 3290898))
	              ->  Bitmap Index Scan on sbtest2_pkey  (cost=0.00..22.61 rows=1018 width=0)
	                    Index Cond: ((id >= 3289899) AND (id <= 3290898))

table 3 : explain SELECT DISTINCT c FROM sbtest3 WHERE id BETWEEN 5115358 AND 5116357 ORDER BY c
	Unique  (cost=3814.60..3819.47 rows=975 width=121)
	  ->  Sort  (cost=3814.60..3817.03 rows=975 width=121)
	        Sort Key: c
	        ->  Bitmap Heap Scan on sbtest3  (cost=22.43..3766.19 rows=975 width=121)
	              Recheck Cond: ((id >= 5115358) AND (id <= 5116357))
	              ->  Bitmap Index Scan on sbtest3_pkey  (cost=0.00..22.18 rows=975 width=0)
	                    Index Cond: ((id >= 5115358) AND (id <= 5116357))

table 4 : explain SELECT DISTINCT c FROM sbtest4 WHERE id BETWEEN 1862691 AND 1863690 ORDER BY c
	Unique  (cost=3963.65..3968.72 rows=1014 width=121)
	  ->  Sort  (cost=3963.65..3966.18 rows=1014 width=121)
	        Sort Key: c
	        ->  Bitmap Heap Scan on sbtest4  (cost=22.83..3913.02 rows=1014 width=121)
	              Recheck Cond: ((id >= 1862691) AND (id <= 1863690))
	              ->  Bitmap Index Scan on sbtest4_pkey  (cost=0.00..22.57 rows=1014 width=0)
	                    Index Cond: ((id >= 1862691) AND (id <= 1863690))

table 5 : explain SELECT DISTINCT c FROM sbtest5 WHERE id BETWEEN 5180259 AND 5181258 ORDER BY c
	Unique  (cost=3842.66..3847.57 rows=982 width=121)
	  ->  Sort  (cost=3842.66..3845.12 rows=982 width=121)
	        Sort Key: c
	        ->  Bitmap Heap Scan on sbtest5  (cost=22.50..3793.86 rows=982 width=121)
	              Recheck Cond: ((id >= 5180259) AND (id <= 5181258))
	              ->  Bitmap Index Scan on sbtest5_pkey  (cost=0.00..22.25 rows=982 width=0)
	                    Index Cond: ((id >= 5180259) AND (id <= 5181258))

table 6 : explain SELECT DISTINCT c FROM sbtest6 WHERE id BETWEEN 8652594 AND 8653593 ORDER BY c
	Unique  (cost=3994.67..3999.78 rows=1022 width=121)
	  ->  Sort  (cost=3994.67..3997.22 rows=1022 width=121)
	        Sort Key: c
	        ->  Bitmap Heap Scan on sbtest6  (cost=22.91..3943.58 rows=1022 width=121)
	              Recheck Cond: ((id >= 8652594) AND (id <= 8653593))
	              ->  Bitmap Index Scan on sbtest6_pkey  (cost=0.00..22.65 rows=1022 width=0)
	                    Index Cond: ((id >= 8652594) AND (id <= 8653593))

table 7 : explain SELECT DISTINCT c FROM sbtest7 WHERE id BETWEEN 1979723 AND 1980722 ORDER BY c
	Unique  (cost=3946.15..3951.19 rows=1009 width=121)
	  ->  Sort  (cost=3946.15..3948.67 rows=1009 width=121)
	        Sort Key: c
	        ->  Bitmap Heap Scan on sbtest7  (cost=22.78..3895.80 rows=1009 width=121)
	              Recheck Cond: ((id >= 1979723) AND (id <= 1980722))
	              ->  Bitmap Index Scan on sbtest7_pkey  (cost=0.00..22.52 rows=1009 width=0)
	                    Index Cond: ((id >= 1979723) AND (id <= 1980722))

table 8 : explain SELECT DISTINCT c FROM sbtest8 WHERE id BETWEEN 9627959 AND 9628958 ORDER BY c
	Unique  (cost=3873.36..3878.31 rows=990 width=121)
	  ->  Sort  (cost=3873.36..3875.84 rows=990 width=121)
	        Sort Key: c
	        ->  Bitmap Heap Scan on sbtest8  (cost=22.58..3824.10 rows=990 width=121)
	              Recheck Cond: ((id >= 9627959) AND (id <= 9628958))
	              ->  Bitmap Index Scan on sbtest8_pkey  (cost=0.00..22.33 rows=990 width=0)
	                    Index Cond: ((id >= 9627959) AND (id <= 9628958))

for: simple_ranges
table 1 : explain SELECT c FROM sbtest1 WHERE id BETWEEN 6751202 AND 6752201
	Bitmap Heap Scan on sbtest1  (cost=22.10..3645.69 rows=943 width=121)
	  Recheck Cond: ((id >= 6751202) AND (id <= 6752201))
	  ->  Bitmap Index Scan on sbtest1_pkey  (cost=0.00..21.86 rows=943 width=0)
	        Index Cond: ((id >= 6751202) AND (id <= 6752201))

table 2 : explain SELECT c FROM sbtest2 WHERE id BETWEEN 241110 AND 242109
	Bitmap Heap Scan on sbtest2  (cost=22.17..3671.87 rows=950 width=121)
	  Recheck Cond: ((id >= 241110) AND (id <= 242109))
	  ->  Bitmap Index Scan on sbtest2_pkey  (cost=0.00..21.93 rows=950 width=0)
	        Index Cond: ((id >= 241110) AND (id <= 242109))

table 3 : explain SELECT c FROM sbtest3 WHERE id BETWEEN 5135267 AND 5136266
	Bitmap Heap Scan on sbtest3  (cost=22.43..3766.19 rows=975 width=121)
	  Recheck Cond: ((id >= 5135267) AND (id <= 5136266))
	  ->  Bitmap Index Scan on sbtest3_pkey  (cost=0.00..22.18 rows=975 width=0)
	        Index Cond: ((id >= 5135267) AND (id <= 5136266))

table 4 : explain SELECT c FROM sbtest4 WHERE id BETWEEN 7053475 AND 7054474
	Bitmap Heap Scan on sbtest4  (cost=22.17..3671.91 rows=950 width=121)
	  Recheck Cond: ((id >= 7053475) AND (id <= 7054474))
	  ->  Bitmap Index Scan on sbtest4_pkey  (cost=0.00..21.93 rows=950 width=0)
	        Index Cond: ((id >= 7053475) AND (id <= 7054474))

table 5 : explain SELECT c FROM sbtest5 WHERE id BETWEEN 8734764 AND 8735763
	Bitmap Heap Scan on sbtest5  (cost=22.08..3639.21 rows=941 width=121)
	  Recheck Cond: ((id >= 8734764) AND (id <= 8735763))
	  ->  Bitmap Index Scan on sbtest5_pkey  (cost=0.00..21.84 rows=941 width=0)
	        Index Cond: ((id >= 8734764) AND (id <= 8735763))

table 6 : explain SELECT c FROM sbtest6 WHERE id BETWEEN 3171725 AND 3172724
	Bitmap Heap Scan on sbtest6  (cost=23.07..4003.77 rows=1038 width=121)
	  Recheck Cond: ((id >= 3171725) AND (id <= 3172724))
	  ->  Bitmap Index Scan on sbtest6_pkey  (cost=0.00..22.82 rows=1038 width=0)
	        Index Cond: ((id >= 3171725) AND (id <= 3172724))

table 7 : explain SELECT c FROM sbtest7 WHERE id BETWEEN 3219124 AND 3220123
	Bitmap Heap Scan on sbtest7  (cost=21.88..3563.88 rows=921 width=121)
	  Recheck Cond: ((id >= 3219124) AND (id <= 3220123))
	  ->  Bitmap Index Scan on sbtest7_pkey  (cost=0.00..21.64 rows=921 width=0)
	        Index Cond: ((id >= 3219124) AND (id <= 3220123))

table 8 : explain SELECT c FROM sbtest8 WHERE id BETWEEN 4330661 AND 4331660
	Bitmap Heap Scan on sbtest8  (cost=23.01..3982.26 rows=1032 width=121)
	  Recheck Cond: ((id >= 4330661) AND (id <= 4331660))
	  ->  Bitmap Index Scan on sbtest8_pkey  (cost=0.00..22.75 rows=1032 width=0)
	        Index Cond: ((id >= 4330661) AND (id <= 4331660))

explain: for point_selects :: explain SELECT c FROM sbtest%u WHERE id=%u
explain: for point_selects :: explain SELECT c FROM sbtest%u WHERE id=%u
for point_selects
table 1 : explain SELECT c FROM sbtest1 WHERE id=9078211
	Index Scan using sbtest1_pkey on sbtest1  (cost=0.43..8.45 rows=1 width=121)
	  Index Cond: (id = 9078211)

table 2 : explain SELECT c FROM sbtest2 WHERE id=8371943
	Index Scan using sbtest2_pkey on sbtest2  (cost=0.43..8.45 rows=1 width=121)
	  Index Cond: (id = 8371943)

table 3 : explain SELECT c FROM sbtest3 WHERE id=1799094
	Index Scan using sbtest3_pkey on sbtest3  (cost=0.43..8.45 rows=1 width=121)
	  Index Cond: (id = 1799094)

table 4 : explain SELECT c FROM sbtest4 WHERE id=5971215
	Index Scan using sbtest4_pkey on sbtest4  (cost=0.43..8.45 rows=1 width=121)
	  Index Cond: (id = 5971215)

table 5 : explain SELECT c FROM sbtest5 WHERE id=3523091
	Index Scan using sbtest5_pkey on sbtest5  (cost=0.43..8.45 rows=1 width=121)
	  Index Cond: (id = 3523091)

table 6 : explain SELECT c FROM sbtest6 WHERE id=7938966
	Index Scan using sbtest6_pkey on sbtest6  (cost=0.43..8.45 rows=1 width=121)
	  Index Cond: (id = 7938966)

table 7 : explain SELECT c FROM sbtest7 WHERE id=9354538
	Index Scan using sbtest7_pkey on sbtest7  (cost=0.43..8.45 rows=1 width=121)
	  Index Cond: (id = 9354538)

table 8 : explain SELECT c FROM sbtest8 WHERE id=1462911
	Index Scan using sbtest8_pkey on sbtest8  (cost=0.43..8.45 rows=1 width=121)
	  Index Cond: (id = 1462911)

for: order_ranges
table 1 : explain SELECT c FROM sbtest1 WHERE id BETWEEN 3296049 AND 3297048 ORDER BY c
	Sort  (cost=3745.88..3748.27 rows=957 width=121)
	  Sort Key: c
	  ->  Bitmap Heap Scan on sbtest1  (cost=22.24..3698.50 rows=957 width=121)
	        Recheck Cond: ((id >= 3296049) AND (id <= 3297048))
	        ->  Bitmap Index Scan on sbtest1_pkey  (cost=0.00..22.00 rows=957 width=0)
	              Index Cond: ((id >= 3296049) AND (id <= 3297048))

table 2 : explain SELECT c FROM sbtest2 WHERE id BETWEEN 1111136 AND 1112135 ORDER BY c
	Sort  (cost=3760.96..3763.36 rows=961 width=121)
	  Sort Key: c
	  ->  Bitmap Heap Scan on sbtest2  (cost=22.29..3713.35 rows=961 width=121)
	        Recheck Cond: ((id >= 1111136) AND (id <= 1112135))
	        ->  Bitmap Index Scan on sbtest2_pkey  (cost=0.00..22.04 rows=961 width=0)
	              Index Cond: ((id >= 1111136) AND (id <= 1112135))

table 3 : explain SELECT c FROM sbtest3 WHERE id BETWEEN 1779863 AND 1780862 ORDER BY c
	Sort  (cost=3898.72..3901.21 rows=997 width=121)
	  Sort Key: c
	  ->  Bitmap Heap Scan on sbtest3  (cost=22.65..3849.06 rows=997 width=121)
	        Recheck Cond: ((id >= 1779863) AND (id <= 1780862))
	        ->  Bitmap Index Scan on sbtest3_pkey  (cost=0.00..22.40 rows=997 width=0)
	              Index Cond: ((id >= 1779863) AND (id <= 1780862))

table 4 : explain SELECT c FROM sbtest4 WHERE id BETWEEN 8491559 AND 8492558 ORDER BY c
	Sort  (cost=3971.29..3973.83 rows=1016 width=121)
	  Sort Key: c
	  ->  Bitmap Heap Scan on sbtest4  (cost=22.85..3920.55 rows=1016 width=121)
	        Recheck Cond: ((id >= 8491559) AND (id <= 8492558))
	        ->  Bitmap Index Scan on sbtest4_pkey  (cost=0.00..22.59 rows=1016 width=0)
	              Index Cond: ((id >= 8491559) AND (id <= 8492558))

table 5 : explain SELECT c FROM sbtest5 WHERE id BETWEEN 3929900 AND 3930899 ORDER BY c
	Sort  (cost=3727.82..3730.20 rows=952 width=121)
	  Sort Key: c
	  ->  Bitmap Heap Scan on sbtest5  (cost=22.19..3680.72 rows=952 width=121)
	        Recheck Cond: ((id >= 3929900) AND (id <= 3930899))
	        ->  Bitmap Index Scan on sbtest5_pkey  (cost=0.00..21.95 rows=952 width=0)
	              Index Cond: ((id >= 3929900) AND (id <= 3930899))

table 6 : explain SELECT c FROM sbtest6 WHERE id BETWEEN 6981458 AND 6982457 ORDER BY c
	Sort  (cost=3841.77..3844.23 rows=982 width=121)
	  Sort Key: c
	  ->  Bitmap Heap Scan on sbtest6  (cost=22.50..3792.97 rows=982 width=121)
	        Recheck Cond: ((id >= 6981458) AND (id <= 6982457))
	        ->  Bitmap Index Scan on sbtest6_pkey  (cost=0.00..22.25 rows=982 width=0)
	              Index Cond: ((id >= 6981458) AND (id <= 6982457))

table 7 : explain SELECT c FROM sbtest7 WHERE id BETWEEN 5907225 AND 5908224 ORDER BY c
	Sort  (cost=4163.88..4166.54 rows=1066 width=121)
	  Sort Key: c
	  ->  Bitmap Heap Scan on sbtest7  (cost=23.36..4110.27 rows=1066 width=121)
	        Recheck Cond: ((id >= 5907225) AND (id <= 5908224))
	        ->  Bitmap Index Scan on sbtest7_pkey  (cost=0.00..23.09 rows=1066 width=0)
	              Index Cond: ((id >= 5907225) AND (id <= 5908224))

table 8 : explain SELECT c FROM sbtest8 WHERE id BETWEEN 8068346 AND 8069345 ORDER BY c
	Sort  (cost=3942.20..3944.72 rows=1008 width=121)
	  Sort Key: c
	  ->  Bitmap Heap Scan on sbtest8  (cost=22.77..3891.91 rows=1008 width=121)
	        Recheck Cond: ((id >= 8068346) AND (id <= 8069345))
	        ->  Bitmap Index Scan on sbtest8_pkey  (cost=0.00..22.51 rows=1008 width=0)
	              Index Cond: ((id >= 8068346) AND (id <= 8069345))

for point_selects
table 1 : explain SELECT c FROM sbtest1 WHERE id=7290383
	Index Scan using sbtest1_pkey on sbtest1  (cost=0.43..8.45 rows=1 width=121)
	  Index Cond: (id = 7290383)

table 2 : explain SELECT c FROM sbtest2 WHERE id=7204078
	Index Scan using sbtest2_pkey on sbtest2  (cost=0.43..8.45 rows=1 width=121)
	  Index Cond: (id = 7204078)

table 3 : explain SELECT c FROM sbtest3 WHERE id=7375375
	Index Scan using sbtest3_pkey on sbtest3  (cost=0.43..8.45 rows=1 width=121)
	  Index Cond: (id = 7375375)

table 4 : explain SELECT c FROM sbtest4 WHERE id=6299528
	Index Scan using sbtest4_pkey on sbtest4  (cost=0.43..8.45 rows=1 width=121)
	  Index Cond: (id = 6299528)

table 5 : explain SELECT c FROM sbtest5 WHERE id=98013
	Index Scan using sbtest5_pkey on sbtest5  (cost=0.43..8.45 rows=1 width=121)
	  Index Cond: (id = 98013)

table 6 : explain SELECT c FROM sbtest6 WHERE id=6023656
	Index Scan using sbtest6_pkey on sbtest6  (cost=0.43..8.45 rows=1 width=121)
	  Index Cond: (id = 6023656)

table 7 : explain SELECT c FROM sbtest7 WHERE id=9912162
	Index Scan using sbtest7_pkey on sbtest7  (cost=0.43..8.45 rows=1 width=121)
	  Index Cond: (id = 9912162)

table 8 : explain SELECT c FROM sbtest8 WHERE id=8748967
	Index Scan using sbtest8_pkey on sbtest8  (cost=0.43..8.45 rows=1 width=121)
	  Index Cond: (id = 8748967)

for: order_ranges
table 1 : explain SELECT c FROM sbtest1 WHERE id BETWEEN 7251825 AND 7252824 ORDER BY c
	Sort  (cost=3722.91..3725.29 rows=951 width=121)
	  Sort Key: c
	  ->  Bitmap Heap Scan on sbtest1  (cost=22.18..3675.87 rows=951 width=121)
	        Recheck Cond: ((id >= 7251825) AND (id <= 7252824))
	        ->  Bitmap Index Scan on sbtest1_pkey  (cost=0.00..21.94 rows=951 width=0)
	              Index Cond: ((id >= 7251825) AND (id <= 7252824))

table 2 : explain SELECT c FROM sbtest2 WHERE id BETWEEN 7195611 AND 7196610 ORDER BY c
	Sort  (cost=4028.53..4031.11 rows=1031 width=121)
	  Sort Key: c
	  ->  Bitmap Heap Scan on sbtest2  (cost=23.00..3976.93 rows=1031 width=121)
	        Recheck Cond: ((id >= 7195611) AND (id <= 7196610))
	        ->  Bitmap Index Scan on sbtest2_pkey  (cost=0.00..22.75 rows=1031 width=0)
	              Index Cond: ((id >= 7195611) AND (id <= 7196610))

table 3 : explain SELECT c FROM sbtest3 WHERE id BETWEEN 1133103 AND 1134102 ORDER BY c
	Sort  (cost=3864.31..3866.78 rows=988 width=121)
	  Sort Key: c
	  ->  Bitmap Heap Scan on sbtest3  (cost=22.56..3815.17 rows=988 width=121)
	        Recheck Cond: ((id >= 1133103) AND (id <= 1134102))
	        ->  Bitmap Index Scan on sbtest3_pkey  (cost=0.00..22.32 rows=988 width=0)
	              Index Cond: ((id >= 1133103) AND (id <= 1134102))

table 4 : explain SELECT c FROM sbtest4 WHERE id BETWEEN 7346413 AND 7347412 ORDER BY c
	Sort  (cost=4036.21..4038.79 rows=1033 width=121)
	  Sort Key: c
	  ->  Bitmap Heap Scan on sbtest4  (cost=23.02..3984.50 rows=1033 width=121)
	        Recheck Cond: ((id >= 7346413) AND (id <= 7347412))
	        ->  Bitmap Index Scan on sbtest4_pkey  (cost=0.00..22.76 rows=1033 width=0)
	              Index Cond: ((id >= 7346413) AND (id <= 7347412))

table 5 : explain SELECT c FROM sbtest5 WHERE id BETWEEN 3588164 AND 3589163 ORDER BY c
	Sort  (cost=4030.00..4032.58 rows=1031 width=121)
	  Sort Key: c
	  ->  Bitmap Heap Scan on sbtest5  (cost=23.00..3978.40 rows=1031 width=121)
	        Recheck Cond: ((id >= 3588164) AND (id <= 3589163))
	        ->  Bitmap Index Scan on sbtest5_pkey  (cost=0.00..22.75 rows=1031 width=0)
	              Index Cond: ((id >= 3588164) AND (id <= 3589163))

table 6 : explain SELECT c FROM sbtest6 WHERE id BETWEEN 1527249 AND 1528248 ORDER BY c
	Sort  (cost=3918.24..3920.75 rows=1002 width=121)
	  Sort Key: c
	  ->  Bitmap Heap Scan on sbtest6  (cost=22.71..3868.30 rows=1002 width=121)
	        Recheck Cond: ((id >= 1527249) AND (id <= 1528248))
	        ->  Bitmap Index Scan on sbtest6_pkey  (cost=0.00..22.45 rows=1002 width=0)
	              Index Cond: ((id >= 1527249) AND (id <= 1528248))

table 7 : explain SELECT c FROM sbtest7 WHERE id BETWEEN 3243052 AND 3244051 ORDER BY c
	Sort  (cost=3911.73..3914.23 rows=1000 width=121)
	  Sort Key: c
	  ->  Bitmap Heap Scan on sbtest7  (cost=22.68..3861.90 rows=1000 width=121)
	        Recheck Cond: ((id >= 3243052) AND (id <= 3244051))
	        ->  Bitmap Index Scan on sbtest7_pkey  (cost=0.00..22.43 rows=1000 width=0)
	              Index Cond: ((id >= 3243052) AND (id <= 3244051))

table 8 : explain SELECT c FROM sbtest8 WHERE id BETWEEN 8067546 AND 8068545 ORDER BY c
	Sort  (cost=3942.20..3944.72 rows=1008 width=121)
	  Sort Key: c
	  ->  Bitmap Heap Scan on sbtest8  (cost=22.77..3891.91 rows=1008 width=121)
	        Recheck Cond: ((id >= 8067546) AND (id <= 8068545))
	        ->  Bitmap Index Scan on sbtest8_pkey  (cost=0.00..22.51 rows=1008 width=0)
	              Index Cond: ((id >= 8067546) AND (id <= 8068545))

for: order_ranges
table 1 : explain SELECT c FROM sbtest1 WHERE id BETWEEN 8325304 AND 8326303 ORDER BY c
	Sort  (cost=3925.64..3928.15 rows=1004 width=121)
	  Sort Key: c
	  ->  Bitmap Heap Scan on sbtest1  (cost=22.73..3875.59 rows=1004 width=121)
	        Recheck Cond: ((id >= 8325304) AND (id <= 8326303))
	        ->  Bitmap Index Scan on sbtest1_pkey  (cost=0.00..22.47 rows=1004 width=0)
	              Index Cond: ((id >= 8325304) AND (id <= 8326303))

table 2 : explain SELECT c FROM sbtest2 WHERE id BETWEEN 588816 AND 589815 ORDER BY c
	Sort  (cost=3997.98..4000.54 rows=1023 width=121)
	  Sort Key: c
	  ->  Bitmap Heap Scan on sbtest2  (cost=22.92..3946.84 rows=1023 width=121)
	        Recheck Cond: ((id >= 588816) AND (id <= 589815))
	        ->  Bitmap Index Scan on sbtest2_pkey  (cost=0.00..22.66 rows=1023 width=0)
	              Index Cond: ((id >= 588816) AND (id <= 589815))

table 3 : explain SELECT c FROM sbtest3 WHERE id BETWEEN 6487047 AND 6488046 ORDER BY c
	Sort  (cost=3940.76..3943.28 rows=1008 width=121)
	  Sort Key: c
	  ->  Bitmap Heap Scan on sbtest3  (cost=22.77..3890.47 rows=1008 width=121)
	        Recheck Cond: ((id >= 6487047) AND (id <= 6488046))
	        ->  Bitmap Index Scan on sbtest3_pkey  (cost=0.00..22.51 rows=1008 width=0)
	              Index Cond: ((id >= 6487047) AND (id <= 6488046))

table 4 : explain SELECT c FROM sbtest4 WHERE id BETWEEN 8454041 AND 8455040 ORDER BY c
	Sort  (cost=3971.29..3973.83 rows=1016 width=121)
	  Sort Key: c
	  ->  Bitmap Heap Scan on sbtest4  (cost=22.85..3920.55 rows=1016 width=121)
	        Recheck Cond: ((id >= 8454041) AND (id <= 8455040))
	        ->  Bitmap Index Scan on sbtest4_pkey  (cost=0.00..22.59 rows=1016 width=0)
	              Index Cond: ((id >= 8454041) AND (id <= 8455040))

table 5 : explain SELECT c FROM sbtest5 WHERE id BETWEEN 7469052 AND 7470051 ORDER BY c
	Sort  (cost=3968.86..3971.40 rows=1015 width=121)
	  Sort Key: c
	  ->  Bitmap Heap Scan on sbtest5  (cost=22.84..3918.18 rows=1015 width=121)
	        Recheck Cond: ((id >= 7469052) AND (id <= 7470051))
	        ->  Bitmap Index Scan on sbtest5_pkey  (cost=0.00..22.58 rows=1015 width=0)
	              Index Cond: ((id >= 7469052) AND (id <= 7470051))

table 6 : explain SELECT c FROM sbtest6 WHERE id BETWEEN 4612377 AND 4613376 ORDER BY c
	Sort  (cost=4181.70..4184.38 rows=1071 width=121)
	  Sort Key: c
	  ->  Bitmap Heap Scan on sbtest6  (cost=23.41..4127.81 rows=1071 width=121)
	        Recheck Cond: ((id >= 4612377) AND (id <= 4613376))
	        ->  Bitmap Index Scan on sbtest6_pkey  (cost=0.00..23.14 rows=1071 width=0)
	              Index Cond: ((id >= 4612377) AND (id <= 4613376))

table 7 : explain SELECT c FROM sbtest7 WHERE id BETWEEN 5090340 AND 5091339 ORDER BY c
	Sort  (cost=3869.66..3872.13 rows=989 width=121)
	  Sort Key: c
	  ->  Bitmap Heap Scan on sbtest7  (cost=22.57..3820.45 rows=989 width=121)
	        Recheck Cond: ((id >= 5090340) AND (id <= 5091339))
	        ->  Bitmap Index Scan on sbtest7_pkey  (cost=0.00..22.32 rows=989 width=0)
	              Index Cond: ((id >= 5090340) AND (id <= 5091339))

table 8 : explain SELECT c FROM sbtest8 WHERE id BETWEEN 6739788 AND 6740787 ORDER BY c
	Sort  (cost=3547.75..3550.01 rows=905 width=121)
	  Sort Key: c
	  ->  Bitmap Heap Scan on sbtest8  (cost=21.71..3503.31 rows=905 width=121)
	        Recheck Cond: ((id >= 6739788) AND (id <= 6740787))
	        ->  Bitmap Index Scan on sbtest8_pkey  (cost=0.00..21.48 rows=905 width=0)
	              Index Cond: ((id >= 6739788) AND (id <= 6740787))

for: distinct_ranges
table 1 : explain SELECT DISTINCT c FROM sbtest1 WHERE id BETWEEN 6141041 AND 6142040 ORDER BY c
	Unique  (cost=3872.13..3877.08 rows=990 width=121)
	  ->  Sort  (cost=3872.13..3874.60 rows=990 width=121)
	        Sort Key: c
	        ->  Bitmap Heap Scan on sbtest1  (cost=22.58..3822.87 rows=990 width=121)
	              Recheck Cond: ((id >= 6141041) AND (id <= 6142040))
	              ->  Bitmap Index Scan on sbtest1_pkey  (cost=0.00..22.33 rows=990 width=0)
	                    Index Cond: ((id >= 6141041) AND (id <= 6142040))

table 2 : explain SELECT DISTINCT c FROM sbtest2 WHERE id BETWEEN 8322695 AND 8323694 ORDER BY c
	Unique  (cost=4150.65..4155.96 rows=1063 width=121)
	  ->  Sort  (cost=4150.65..4153.30 rows=1063 width=121)
	        Sort Key: c
	        ->  Bitmap Heap Scan on sbtest2  (cost=23.33..4097.21 rows=1063 width=121)
	              Recheck Cond: ((id >= 8322695) AND (id <= 8323694))
	              ->  Bitmap Index Scan on sbtest2_pkey  (cost=0.00..23.07 rows=1063 width=0)
	                    Index Cond: ((id >= 8322695) AND (id <= 8323694))

table 3 : explain SELECT DISTINCT c FROM sbtest3 WHERE id BETWEEN 5541579 AND 5542578 ORDER BY c
	Unique  (cost=3875.78..3880.74 rows=991 width=121)
	  ->  Sort  (cost=3875.78..3878.26 rows=991 width=121)
	        Sort Key: c
	        ->  Bitmap Heap Scan on sbtest3  (cost=22.59..3826.47 rows=991 width=121)
	              Recheck Cond: ((id >= 5541579) AND (id <= 5542578))
	              ->  Bitmap Index Scan on sbtest3_pkey  (cost=0.00..22.34 rows=991 width=0)
	                    Index Cond: ((id >= 5541579) AND (id <= 5542578))

table 4 : explain SELECT DISTINCT c FROM sbtest4 WHERE id BETWEEN 7688001 AND 7689000 ORDER BY c
	Unique  (cost=3515.82..3520.31 rows=897 width=121)
	  ->  Sort  (cost=3515.82..3518.07 rows=897 width=121)
	        Sort Key: c
	        ->  Bitmap Heap Scan on sbtest4  (cost=21.63..3471.83 rows=897 width=121)
	              Recheck Cond: ((id >= 7688001) AND (id <= 7689000))
	              ->  Bitmap Index Scan on sbtest4_pkey  (cost=0.00..21.40 rows=897 width=0)
	                    Index Cond: ((id >= 7688001) AND (id <= 7689000))

table 5 : explain SELECT DISTINCT c FROM sbtest5 WHERE id BETWEEN 7093916 AND 7094915 ORDER BY c
	Unique  (cost=4461.21..4466.93 rows=1144 width=121)
	  ->  Sort  (cost=4461.21..4464.07 rows=1144 width=121)
	        Sort Key: c
	        ->  Bitmap Heap Scan on sbtest5  (cost=28.16..4403.10 rows=1144 width=121)
	              Recheck Cond: ((id >= 7093916) AND (id <= 7094915))
	              ->  Bitmap Index Scan on sbtest5_pkey  (cost=0.00..27.87 rows=1144 width=0)
	                    Index Cond: ((id >= 7093916) AND (id <= 7094915))

table 6 : explain SELECT DISTINCT c FROM sbtest6 WHERE id BETWEEN 8449814 AND 8450813 ORDER BY c
	Unique  (cost=3807.34..3812.21 rows=973 width=121)
	  ->  Sort  (cost=3807.34..3809.77 rows=973 width=121)
	        Sort Key: c
	        ->  Bitmap Heap Scan on sbtest6  (cost=22.41..3759.05 rows=973 width=121)
	              Recheck Cond: ((id >= 8449814) AND (id <= 8450813))
	              ->  Bitmap Index Scan on sbtest6_pkey  (cost=0.00..22.16 rows=973 width=0)
	                    Index Cond: ((id >= 8449814) AND (id <= 8450813))

table 7 : explain SELECT DISTINCT c FROM sbtest7 WHERE id BETWEEN 668441 AND 669440 ORDER BY c
	Unique  (cost=3624.56..3629.18 rows=925 width=121)
	  ->  Sort  (cost=3624.56..3626.87 rows=925 width=121)
	        Sort Key: c
	        ->  Bitmap Heap Scan on sbtest7  (cost=21.92..3578.99 rows=925 width=121)
	              Recheck Cond: ((id >= 668441) AND (id <= 669440))
	              ->  Bitmap Index Scan on sbtest7_pkey  (cost=0.00..21.68 rows=925 width=0)
	                    Index Cond: ((id >= 668441) AND (id <= 669440))

table 8 : explain SELECT DISTINCT c FROM sbtest8 WHERE id BETWEEN 8662810 AND 8663809 ORDER BY c
	Unique  (cost=3735.57..3740.34 rows=954 width=121)
	  ->  Sort  (cost=3735.57..3737.95 rows=954 width=121)
	        Sort Key: c
	        ->  Bitmap Heap Scan on sbtest8  (cost=22.21..3688.35 rows=954 width=121)
	              Recheck Cond: ((id >= 8662810) AND (id <= 8663809))
	              ->  Bitmap Index Scan on sbtest8_pkey  (cost=0.00..21.97 rows=954 width=0)
	                    Index Cond: ((id >= 8662810) AND (id <= 8663809))

for: sum_ranges
table 1 : explain SELECT SUM(k) FROM sbtest1 WHERE id BETWEEN 9410291 AND 9411290
	Aggregate  (cost=3493.15..3493.16 rows=1 width=8)
	  ->  Bitmap Heap Scan on sbtest1  (cost=21.68..3490.90 rows=902 width=4)
	        Recheck Cond: ((id >= 9410291) AND (id <= 9411290))
	        ->  Bitmap Index Scan on sbtest1_pkey  (cost=0.00..21.45 rows=902 width=0)
	              Index Cond: ((id >= 9410291) AND (id <= 9411290))

table 2 : explain SELECT SUM(k) FROM sbtest2 WHERE id BETWEEN 913974 AND 914973
	Aggregate  (cost=3843.94..3843.95 rows=1 width=8)
	  ->  Bitmap Heap Scan on sbtest2  (cost=22.63..3841.45 rows=995 width=4)
	        Recheck Cond: ((id >= 913974) AND (id <= 914973))
	        ->  Bitmap Index Scan on sbtest2_pkey  (cost=0.00..22.39 rows=995 width=0)
	              Index Cond: ((id >= 913974) AND (id <= 914973))

table 3 : explain SELECT SUM(k) FROM sbtest3 WHERE id BETWEEN 1114982 AND 1115981
	Aggregate  (cost=4167.60..4167.61 rows=1 width=8)
	  ->  Bitmap Heap Scan on sbtest3  (cost=23.52..4164.90 rows=1081 width=4)
	        Recheck Cond: ((id >= 1114982) AND (id <= 1115981))
	        ->  Bitmap Index Scan on sbtest3_pkey  (cost=0.00..23.25 rows=1081 width=0)
	              Index Cond: ((id >= 1114982) AND (id <= 1115981))

table 4 : explain SELECT SUM(k) FROM sbtest4 WHERE id BETWEEN 8108728 AND 8109727
	Aggregate  (cost=3281.05..3281.06 rows=1 width=8)
	  ->  Bitmap Heap Scan on sbtest4  (cost=21.11..3278.93 rows=846 width=4)
	        Recheck Cond: ((id >= 8108728) AND (id <= 8109727))
	        ->  Bitmap Index Scan on sbtest4_pkey  (cost=0.00..20.89 rows=846 width=0)
	              Index Cond: ((id >= 8108728) AND (id <= 8109727))

table 5 : explain SELECT SUM(k) FROM sbtest5 WHERE id BETWEEN 6482954 AND 6483953
	Aggregate  (cost=3898.11..3898.12 rows=1 width=8)
	  ->  Bitmap Heap Scan on sbtest5  (cost=22.78..3895.58 rows=1009 width=4)
	        Recheck Cond: ((id >= 6482954) AND (id <= 6483953))
	        ->  Bitmap Index Scan on sbtest5_pkey  (cost=0.00..22.52 rows=1009 width=0)
	              Index Cond: ((id >= 6482954) AND (id <= 6483953))

table 6 : explain SELECT SUM(k) FROM sbtest6 WHERE id BETWEEN 6154863 AND 6155862
	Aggregate  (cost=4070.32..4070.33 rows=1 width=8)
	  ->  Bitmap Heap Scan on sbtest6  (cost=23.25..4067.68 rows=1055 width=4)
	        Recheck Cond: ((id >= 6154863) AND (id <= 6155862))
	        ->  Bitmap Index Scan on sbtest6_pkey  (cost=0.00..22.98 rows=1055 width=0)
	              Index Cond: ((id >= 6154863) AND (id <= 6155862))

table 7 : explain SELECT SUM(k) FROM sbtest7 WHERE id BETWEEN 5916921 AND 5917920
	Aggregate  (cost=4112.93..4112.94 rows=1 width=8)
	  ->  Bitmap Heap Scan on sbtest7  (cost=23.36..4110.27 rows=1066 width=4)
	        Recheck Cond: ((id >= 5916921) AND (id <= 5917920))
	        ->  Bitmap Index Scan on sbtest7_pkey  (cost=0.00..23.09 rows=1066 width=0)
	              Index Cond: ((id >= 5916921) AND (id <= 5917920))

table 8 : explain SELECT SUM(k) FROM sbtest8 WHERE id BETWEEN 9683091 AND 9684090
	Aggregate  (cost=3826.58..3826.59 rows=1 width=8)
	  ->  Bitmap Heap Scan on sbtest8  (cost=22.58..3824.10 rows=990 width=4)
	        Recheck Cond: ((id >= 9683091) AND (id <= 9684090))
	        ->  Bitmap Index Scan on sbtest8_pkey  (cost=0.00..22.33 rows=990 width=0)
	              Index Cond: ((id >= 9683091) AND (id <= 9684090))

for point_selects
table 1 : explain SELECT c FROM sbtest1 WHERE id=8655235
	Index Scan using sbtest1_pkey on sbtest1  (cost=0.43..8.45 rows=1 width=121)
	  Index Cond: (id = 8655235)

table 2 : explain SELECT c FROM sbtest2 WHERE id=3103531
	Index Scan using sbtest2_pkey on sbtest2  (cost=0.43..8.45 rows=1 width=121)
	  Index Cond: (id = 3103531)

table 3 : explain SELECT c FROM sbtest3 WHERE id=8944189
	Index Scan using sbtest3_pkey on sbtest3  (cost=0.43..8.45 rows=1 width=121)
	  Index Cond: (id = 8944189)

table 4 : explain SELECT c FROM sbtest4 WHERE id=5208854
	Index Scan using sbtest4_pkey on sbtest4  (cost=0.43..8.45 rows=1 width=121)
	  Index Cond: (id = 5208854)

table 5 : explain SELECT c FROM sbtest5 WHERE id=4101566
	Index Scan using sbtest5_pkey on sbtest5  (cost=0.43..8.45 rows=1 width=121)
	  Index Cond: (id = 4101566)

table 6 : explain SELECT c FROM sbtest6 WHERE id=6224573
	Index Scan using sbtest6_pkey on sbtest6  (cost=0.43..8.45 rows=1 width=121)
	  Index Cond: (id = 6224573)

table 7 : explain SELECT c FROM sbtest7 WHERE id=4573141
	Index Scan using sbtest7_pkey on sbtest7  (cost=0.43..8.45 rows=1 width=121)
	  Index Cond: (id = 4573141)

table 8 : explain SELECT c FROM sbtest8 WHERE id=1045988
	Index Scan using sbtest8_pkey on sbtest8  (cost=0.43..8.45 rows=1 width=121)
	  Index Cond: (id = 1045988)

for point_selects
table 1 : explain SELECT c FROM sbtest1 WHERE id=8133893
	Index Scan using sbtest1_pkey on sbtest1  (cost=0.43..8.45 rows=1 width=121)
	  Index Cond: (id = 8133893)

table 2 : explain SELECT c FROM sbtest2 WHERE id=8921110
	Index Scan using sbtest2_pkey on sbtest2  (cost=0.43..8.45 rows=1 width=121)
	  Index Cond: (id = 8921110)

table 3 : explain SELECT c FROM sbtest3 WHERE id=1294192
	Index Scan using sbtest3_pkey on sbtest3  (cost=0.43..8.45 rows=1 width=121)
	  Index Cond: (id = 1294192)

table 4 : explain SELECT c FROM sbtest4 WHERE id=5522479
	Index Scan using sbtest4_pkey on sbtest4  (cost=0.43..8.45 rows=1 width=121)
	  Index Cond: (id = 5522479)

table 5 : explain SELECT c FROM sbtest5 WHERE id=940641
	Index Scan using sbtest5_pkey on sbtest5  (cost=0.43..8.45 rows=1 width=121)
	  Index Cond: (id = 940641)

table 6 : explain SELECT c FROM sbtest6 WHERE id=4120714
	Index Scan using sbtest6_pkey on sbtest6  (cost=0.43..8.45 rows=1 width=121)
	  Index Cond: (id = 4120714)

table 7 : explain SELECT c FROM sbtest7 WHERE id=4763669
	Index Scan using sbtest7_pkey on sbtest7  (cost=0.43..8.45 rows=1 width=121)
	  Index Cond: (id = 4763669)

table 8 : explain SELECT c FROM sbtest8 WHERE id=3238451
	Index Scan using sbtest8_pkey on sbtest8  (cost=0.43..8.45 rows=1 width=121)
	  Index Cond: (id = 3238451)

for point_selects
table 1 : explain SELECT c FROM sbtest1 WHERE id=7721370
	Index Scan using sbtest1_pkey on sbtest1  (cost=0.43..8.45 rows=1 width=121)
	  Index Cond: (id = 7721370)

table 2 : explain SELECT c FROM sbtest2 WHERE id=4233279
	Index Scan using sbtest2_pkey on sbtest2  (cost=0.43..8.45 rows=1 width=121)
	  Index Cond: (id = 4233279)

table 3 : explain SELECT c FROM sbtest3 WHERE id=8056146
	Index Scan using sbtest3_pkey on sbtest3  (cost=0.43..8.45 rows=1 width=121)
	  Index Cond: (id = 8056146)

table 4 : explain SELECT c FROM sbtest4 WHERE id=9889763
	Index Scan using sbtest4_pkey on sbtest4  (cost=0.43..8.45 rows=1 width=121)
	  Index Cond: (id = 9889763)

table 5 : explain SELECT c FROM sbtest5 WHERE id=5456582
	Index Scan using sbtest5_pkey on sbtest5  (cost=0.43..8.45 rows=1 width=121)
	  Index Cond: (id = 5456582)

table 6 : explain SELECT c FROM sbtest6 WHERE id=7926733
	Index Scan using sbtest6_pkey on sbtest6  (cost=0.43..8.45 rows=1 width=121)
	  Index Cond: (id = 7926733)

table 7 : explain SELECT c FROM sbtest7 WHERE id=4699910
	Index Scan using sbtest7_pkey on sbtest7  (cost=0.43..8.45 rows=1 width=121)
	  Index Cond: (id = 4699910)

table 8 : explain SELECT c FROM sbtest8 WHERE id=8461152
	Index Scan using sbtest8_pkey on sbtest8  (cost=0.43..8.45 rows=1 width=121)
	  Index Cond: (id = 8461152)

for: simple_ranges
table 1 : explain SELECT c FROM sbtest1 WHERE id BETWEEN 845808 AND 846807
	Bitmap Heap Scan on sbtest1  (cost=21.68..3490.90 rows=902 width=121)
	  Recheck Cond: ((id >= 845808) AND (id <= 846807))
	  ->  Bitmap Index Scan on sbtest1_pkey  (cost=0.00..21.45 rows=902 width=0)
	        Index Cond: ((id >= 845808) AND (id <= 846807))

table 2 : explain SELECT c FROM sbtest2 WHERE id BETWEEN 937639 AND 938638
	Bitmap Heap Scan on sbtest2  (cost=22.63..3841.45 rows=995 width=121)
	  Recheck Cond: ((id >= 937639) AND (id <= 938638))
	  ->  Bitmap Index Scan on sbtest2_pkey  (cost=0.00..22.39 rows=995 width=0)
	        Index Cond: ((id >= 937639) AND (id <= 938638))

table 3 : explain SELECT c FROM sbtest3 WHERE id BETWEEN 715398 AND 716397
	Bitmap Heap Scan on sbtest3  (cost=21.92..3577.61 rows=925 width=121)
	  Recheck Cond: ((id >= 715398) AND (id <= 716397))
	  ->  Bitmap Index Scan on sbtest3_pkey  (cost=0.00..21.68 rows=925 width=0)
	        Index Cond: ((id >= 715398) AND (id <= 716397))

table 4 : explain SELECT c FROM sbtest4 WHERE id BETWEEN 5797802 AND 5798801
	Bitmap Heap Scan on sbtest4  (cost=22.30..3717.16 rows=962 width=121)
	  Recheck Cond: ((id >= 5797802) AND (id <= 5798801))
	  ->  Bitmap Index Scan on sbtest4_pkey  (cost=0.00..22.05 rows=962 width=0)
	        Index Cond: ((id >= 5797802) AND (id <= 5798801))

table 5 : explain SELECT c FROM sbtest5 WHERE id BETWEEN 8400446 AND 8401445
	Bitmap Heap Scan on sbtest5  (cost=28.53..4537.99 rows=1180 width=121)
	  Recheck Cond: ((id >= 8400446) AND (id <= 8401445))
	  ->  Bitmap Index Scan on sbtest5_pkey  (cost=0.00..28.23 rows=1180 width=0)
	        Index Cond: ((id >= 8400446) AND (id <= 8401445))

table 6 : explain SELECT c FROM sbtest6 WHERE id BETWEEN 4420972 AND 4421971
	Bitmap Heap Scan on sbtest6  (cost=22.04..3623.28 rows=937 width=121)
	  Recheck Cond: ((id >= 4420972) AND (id <= 4421971))
	  ->  Bitmap Index Scan on sbtest6_pkey  (cost=0.00..21.80 rows=937 width=0)
	        Index Cond: ((id >= 4420972) AND (id <= 4421971))

table 7 : explain SELECT c FROM sbtest7 WHERE id BETWEEN 7741364 AND 7742363
	Bitmap Heap Scan on sbtest7  (cost=22.61..3835.53 rows=993 width=121)
	  Recheck Cond: ((id >= 7741364) AND (id <= 7742363))
	  ->  Bitmap Index Scan on sbtest7_pkey  (cost=0.00..22.36 rows=993 width=0)
	        Index Cond: ((id >= 7741364) AND (id <= 7742363))

table 8 : explain SELECT c FROM sbtest8 WHERE id BETWEEN 9546824 AND 9547823
	Bitmap Heap Scan on sbtest8  (cost=22.48..3786.41 rows=980 width=121)
	  Recheck Cond: ((id >= 9546824) AND (id <= 9547823))
	  ->  Bitmap Index Scan on sbtest8_pkey  (cost=0.00..22.23 rows=980 width=0)
	        Index Cond: ((id >= 9546824) AND (id <= 9547823))

for: distinct_ranges
table 1 : explain SELECT DISTINCT c FROM sbtest1 WHERE id BETWEEN 4728007 AND 4729006 ORDER BY c
	Unique  (cost=4410.32..4415.97 rows=1131 width=121)
	  ->  Sort  (cost=4410.32..4413.14 rows=1131 width=121)
	        Sort Key: c
	        ->  Bitmap Heap Scan on sbtest1  (cost=28.03..4352.96 rows=1131 width=121)
	              Recheck Cond: ((id >= 4728007) AND (id <= 4729006))
	              ->  Bitmap Index Scan on sbtest1_pkey  (cost=0.00..27.75 rows=1131 width=0)
	                    Index Cond: ((id >= 4728007) AND (id <= 4729006))

table 2 : explain SELECT DISTINCT c FROM sbtest2 WHERE id BETWEEN 1068212 AND 1069211 ORDER BY c
	Unique  (cost=3661.42..3666.10 rows=935 width=121)
	  ->  Sort  (cost=3661.42..3663.76 rows=935 width=121)
	        Sort Key: c
	        ->  Bitmap Heap Scan on sbtest2  (cost=22.02..3615.28 rows=935 width=121)
	              Recheck Cond: ((id >= 1068212) AND (id <= 1069211))
	              ->  Bitmap Index Scan on sbtest2_pkey  (cost=0.00..21.79 rows=935 width=0)
	                    Index Cond: ((id >= 1068212) AND (id <= 1069211))

table 3 : explain SELECT DISTINCT c FROM sbtest3 WHERE id BETWEEN 5981764 AND 5982763 ORDER BY c
	Unique  (cost=3875.78..3880.74 rows=991 width=121)
	  ->  Sort  (cost=3875.78..3878.26 rows=991 width=121)
	        Sort Key: c
	        ->  Bitmap Heap Scan on sbtest3  (cost=22.59..3826.47 rows=991 width=121)
	              Recheck Cond: ((id >= 5981764) AND (id <= 5982763))
	              ->  Bitmap Index Scan on sbtest3_pkey  (cost=0.00..22.34 rows=991 width=0)
	                    Index Cond: ((id >= 5981764) AND (id <= 5982763))

table 4 : explain SELECT DISTINCT c FROM sbtest4 WHERE id BETWEEN 8245822 AND 8246821 ORDER BY c
	Unique  (cost=4009.48..4014.61 rows=1026 width=121)
	  ->  Sort  (cost=4009.48..4012.05 rows=1026 width=121)
	        Sort Key: c
	        ->  Bitmap Heap Scan on sbtest4  (cost=22.95..3958.17 rows=1026 width=121)
	              Recheck Cond: ((id >= 8245822) AND (id <= 8246821))
	              ->  Bitmap Index Scan on sbtest4_pkey  (cost=0.00..22.69 rows=1026 width=0)
	                    Index Cond: ((id >= 8245822) AND (id <= 8246821))

table 5 : explain SELECT DISTINCT c FROM sbtest5 WHERE id BETWEEN 8642044 AND 8643043 ORDER BY c
	Unique  (cost=3815.88..3820.75 rows=975 width=121)
	  ->  Sort  (cost=3815.88..3818.31 rows=975 width=121)
	        Sort Key: c
	        ->  Bitmap Heap Scan on sbtest5  (cost=22.43..3767.47 rows=975 width=121)
	              Recheck Cond: ((id >= 8642044) AND (id <= 8643043))
	              ->  Bitmap Index Scan on sbtest5_pkey  (cost=0.00..22.18 rows=975 width=0)
	                    Index Cond: ((id >= 8642044) AND (id <= 8643043))

table 6 : explain SELECT DISTINCT c FROM sbtest6 WHERE id BETWEEN 6972309 AND 6973308 ORDER BY c
	Unique  (cost=3841.77..3846.68 rows=982 width=121)
	  ->  Sort  (cost=3841.77..3844.23 rows=982 width=121)
	        Sort Key: c
	        ->  Bitmap Heap Scan on sbtest6  (cost=22.50..3792.97 rows=982 width=121)
	              Recheck Cond: ((id >= 6972309) AND (id <= 6973308))
	              ->  Bitmap Index Scan on sbtest6_pkey  (cost=0.00..22.25 rows=982 width=0)
	                    Index Cond: ((id >= 6972309) AND (id <= 6973308))

table 7 : explain SELECT DISTINCT c FROM sbtest7 WHERE id BETWEEN 5389830 AND 5390829 ORDER BY c
	Unique  (cost=3865.83..3870.77 rows=988 width=121)
	  ->  Sort  (cost=3865.83..3868.30 rows=988 width=121)
	        Sort Key: c
	        ->  Bitmap Heap Scan on sbtest7  (cost=22.56..3816.69 rows=988 width=121)
	              Recheck Cond: ((id >= 5389830) AND (id <= 5390829))
	              ->  Bitmap Index Scan on sbtest7_pkey  (cost=0.00..22.32 rows=988 width=0)
	                    Index Cond: ((id >= 5389830) AND (id <= 5390829))

table 8 : explain SELECT DISTINCT c FROM sbtest8 WHERE id BETWEEN 8697856 AND 8698855 ORDER BY c
	Unique  (cost=3766.20..3771.01 rows=962 width=121)
	  ->  Sort  (cost=3766.20..3768.61 rows=962 width=121)
	        Sort Key: c
	        ->  Bitmap Heap Scan on sbtest8  (cost=22.30..3718.53 rows=962 width=121)
	              Recheck Cond: ((id >= 8697856) AND (id <= 8698855))
	              ->  Bitmap Index Scan on sbtest8_pkey  (cost=0.00..22.05 rows=962 width=0)
	                    Index Cond: ((id >= 8697856) AND (id <= 8698855))

for: simple_ranges
table 1 : explain SELECT c FROM sbtest1 WHERE id BETWEEN 9344646 AND 9345645
	Bitmap Heap Scan on sbtest1  (cost=22.36..3739.97 rows=968 width=121)
	  Recheck Cond: ((id >= 9344646) AND (id <= 9345645))
	  ->  Bitmap Index Scan on sbtest1_pkey  (cost=0.00..22.11 rows=968 width=0)
	        Index Cond: ((id >= 9344646) AND (id <= 9345645))

table 2 : explain SELECT c FROM sbtest2 WHERE id BETWEEN 8674436 AND 8675435
	Bitmap Heap Scan on sbtest2  (cost=22.54..3807.56 rows=986 width=121)
	  Recheck Cond: ((id >= 8674436) AND (id <= 8675435))
	  ->  Bitmap Index Scan on sbtest2_pkey  (cost=0.00..22.29 rows=986 width=0)
	        Index Cond: ((id >= 8674436) AND (id <= 8675435))

table 3 : explain SELECT c FROM sbtest3 WHERE id BETWEEN 7652850 AND 7653849
	Bitmap Heap Scan on sbtest3  (cost=21.99..3604.03 rows=932 width=121)
	  Recheck Cond: ((id >= 7652850) AND (id <= 7653849))
	  ->  Bitmap Index Scan on sbtest3_pkey  (cost=0.00..21.75 rows=932 width=0)
	        Index Cond: ((id >= 7652850) AND (id <= 7653849))

table 4 : explain SELECT c FROM sbtest4 WHERE id BETWEEN 9189808 AND 9190807
	Bitmap Heap Scan on sbtest4  (cost=22.85..3920.55 rows=1016 width=121)
	  Recheck Cond: ((id >= 9189808) AND (id <= 9190807))
	  ->  Bitmap Index Scan on sbtest4_pkey  (cost=0.00..22.59 rows=1016 width=0)
	        Index Cond: ((id >= 9189808) AND (id <= 9190807))

table 5 : explain SELECT c FROM sbtest5 WHERE id BETWEEN 1411055 AND 1412054
	Bitmap Heap Scan on sbtest5  (cost=21.76..3522.12 rows=910 width=121)
	  Recheck Cond: ((id >= 1411055) AND (id <= 1412054))
	  ->  Bitmap Index Scan on sbtest5_pkey  (cost=0.00..21.54 rows=910 width=0)
	        Index Cond: ((id >= 1411055) AND (id <= 1412054))

table 6 : explain SELECT c FROM sbtest6 WHERE id BETWEEN 9669538 AND 9670537
	Bitmap Heap Scan on sbtest6  (cost=23.13..4022.57 rows=1043 width=121)
	  Recheck Cond: ((id >= 9669538) AND (id <= 9670537))
	  ->  Bitmap Index Scan on sbtest6_pkey  (cost=0.00..22.86 rows=1043 width=0)
	        Index Cond: ((id >= 9669538) AND (id <= 9670537))

table 7 : explain SELECT c FROM sbtest7 WHERE id BETWEEN 9168994 AND 9169993
	Bitmap Heap Scan on sbtest7  (cost=23.17..4038.82 rows=1047 width=121)
	  Recheck Cond: ((id >= 9168994) AND (id <= 9169993))
	  ->  Bitmap Index Scan on sbtest7_pkey  (cost=0.00..22.90 rows=1047 width=0)
	        Index Cond: ((id >= 9168994) AND (id <= 9169993))

table 8 : explain SELECT c FROM sbtest8 WHERE id BETWEEN 9850951 AND 9851950
	Bitmap Heap Scan on sbtest8  (cost=22.86..3925.80 rows=1017 width=121)
	  Recheck Cond: ((id >= 9850951) AND (id <= 9851950))
	  ->  Bitmap Index Scan on sbtest8_pkey  (cost=0.00..22.61 rows=1017 width=0)
	        Index Cond: ((id >= 9850951) AND (id <= 9851950))

for point_selects
table 1 : explain SELECT c FROM sbtest1 WHERE id=286006
	Index Scan using sbtest1_pkey on sbtest1  (cost=0.43..8.45 rows=1 width=121)
	  Index Cond: (id = 286006)

table 2 : explain SELECT c FROM sbtest2 WHERE id=1952747
	Index Scan using sbtest2_pkey on sbtest2  (cost=0.43..8.45 rows=1 width=121)
	  Index Cond: (id = 1952747)

table 3 : explain SELECT c FROM sbtest3 WHERE id=4119880
	Index Scan using sbtest3_pkey on sbtest3  (cost=0.43..8.45 rows=1 width=121)
	  Index Cond: (id = 4119880)

table 4 : explain SELECT c FROM sbtest4 WHERE id=146210
	Index Scan using sbtest4_pkey on sbtest4  (cost=0.43..8.45 rows=1 width=121)
	  Index Cond: (id = 146210)

table 5 : explain SELECT c FROM sbtest5 WHERE id=1846673
	Index Scan using sbtest5_pkey on sbtest5  (cost=0.43..8.45 rows=1 width=121)
	  Index Cond: (id = 1846673)

table 6 : explain SELECT c FROM sbtest6 WHERE id=1932418
	Index Scan using sbtest6_pkey on sbtest6  (cost=0.43..8.45 rows=1 width=121)
	  Index Cond: (id = 1932418)

table 7 : explain SELECT c FROM sbtest7 WHERE id=5796173
	Index Scan using sbtest7_pkey on sbtest7  (cost=0.43..8.45 rows=1 width=121)
	  Index Cond: (id = 5796173)

table 8 : explain SELECT c FROM sbtest8 WHERE id=2380221
	Index Scan using sbtest8_pkey on sbtest8  (cost=0.43..8.45 rows=1 width=121)
	  Index Cond: (id = 2380221)

for point_selects
table 1 : explain SELECT c FROM sbtest1 WHERE id=4405719
	Index Scan using sbtest1_pkey on sbtest1  (cost=0.43..8.45 rows=1 width=121)
	  Index Cond: (id = 4405719)

table 2 : explain SELECT c FROM sbtest2 WHERE id=9860449
	Index Scan using sbtest2_pkey on sbtest2  (cost=0.43..8.45 rows=1 width=121)
	  Index Cond: (id = 9860449)

table 3 : explain SELECT c FROM sbtest3 WHERE id=7557765
	Index Scan using sbtest3_pkey on sbtest3  (cost=0.43..8.45 rows=1 width=121)
	  Index Cond: (id = 7557765)

table 4 : explain SELECT c FROM sbtest4 WHERE id=3624990
	Index Scan using sbtest4_pkey on sbtest4  (cost=0.43..8.45 rows=1 width=121)
	  Index Cond: (id = 3624990)

table 5 : explain SELECT c FROM sbtest5 WHERE id=2550726
	Index Scan using sbtest5_pkey on sbtest5  (cost=0.43..8.45 rows=1 width=121)
	  Index Cond: (id = 2550726)

table 6 : explain SELECT c FROM sbtest6 WHERE id=8450760
	Index Scan using sbtest6_pkey on sbtest6  (cost=0.43..8.45 rows=1 width=121)
	  Index Cond: (id = 8450760)

table 7 : explain SELECT c FROM sbtest7 WHERE id=163638
	Index Scan using sbtest7_pkey on sbtest7  (cost=0.43..8.45 rows=1 width=121)
	  Index Cond: (id = 163638)

table 8 : explain SELECT c FROM sbtest8 WHERE id=6392662
	Index Scan using sbtest8_pkey on sbtest8  (cost=0.43..8.45 rows=1 width=121)
	  Index Cond: (id = 6392662)

explain: for point_selects :: explain SELECT c FROM sbtest%u WHERE id=%u
for point_selects
table 1 : explain SELECT c FROM sbtest1 WHERE id=3296200
	Index Scan using sbtest1_pkey on sbtest1  (cost=0.43..8.45 rows=1 width=121)
	  Index Cond: (id = 3296200)

table 2 : explain SELECT c FROM sbtest2 WHERE id=1710569
	Index Scan using sbtest2_pkey on sbtest2  (cost=0.43..8.45 rows=1 width=121)
	  Index Cond: (id = 1710569)

table 3 : explain SELECT c FROM sbtest3 WHERE id=6137449
	Index Scan using sbtest3_pkey on sbtest3  (cost=0.43..8.45 rows=1 width=121)
	  Index Cond: (id = 6137449)

table 4 : explain SELECT c FROM sbtest4 WHERE id=4492728
	Index Scan using sbtest4_pkey on sbtest4  (cost=0.43..8.45 rows=1 width=121)
	  Index Cond: (id = 4492728)

table 5 : explain SELECT c FROM sbtest5 WHERE id=197361
	Index Scan using sbtest5_pkey on sbtest5  (cost=0.43..8.45 rows=1 width=121)
	  Index Cond: (id = 197361)

table 6 : explain SELECT c FROM sbtest6 WHERE id=8399053
	Index Scan using sbtest6_pkey on sbtest6  (cost=0.43..8.45 rows=1 width=121)
	  Index Cond: (id = 8399053)

table 7 : explain SELECT c FROM sbtest7 WHERE id=8123420
	Index Scan using sbtest7_pkey on sbtest7  (cost=0.43..8.45 rows=1 width=121)
	  Index Cond: (id = 8123420)

table 8 : explain SELECT c FROM sbtest8 WHERE id=7518634
	Index Scan using sbtest8_pkey on sbtest8  (cost=0.43..8.45 rows=1 width=121)
	  Index Cond: (id = 7518634)

for: simple_ranges
table 1 : explain SELECT c FROM sbtest1 WHERE id BETWEEN 9433710 AND 9434709
	Bitmap Heap Scan on sbtest1  (cost=21.68..3490.90 rows=902 width=121)
	  Recheck Cond: ((id >= 9433710) AND (id <= 9434709))
	  ->  Bitmap Index Scan on sbtest1_pkey  (cost=0.00..21.45 rows=902 width=0)
	        Index Cond: ((id >= 9433710) AND (id <= 9434709))

table 2 : explain SELECT c FROM sbtest2 WHERE id BETWEEN 1525553 AND 1526552
	Bitmap Heap Scan on sbtest2  (cost=28.16..4401.38 rows=1144 width=121)
	  Recheck Cond: ((id >= 1525553) AND (id <= 1526552))
	  ->  Bitmap Index Scan on sbtest2_pkey  (cost=0.00..27.87 rows=1144 width=0)
	        Index Cond: ((id >= 1525553) AND (id <= 1526552))

table 3 : explain SELECT c FROM sbtest3 WHERE id BETWEEN 1431721 AND 1432720
	Bitmap Heap Scan on sbtest3  (cost=23.15..4029.65 rows=1045 width=121)
	  Recheck Cond: ((id >= 1431721) AND (id <= 1432720))
	  ->  Bitmap Index Scan on sbtest3_pkey  (cost=0.00..22.89 rows=1045 width=0)
	        Index Cond: ((id >= 1431721) AND (id <= 1432720))

table 4 : explain SELECT c FROM sbtest4 WHERE id BETWEEN 9060897 AND 9061896
	Bitmap Heap Scan on sbtest4  (cost=22.76..3886.68 rows=1007 width=121)
	  Recheck Cond: ((id >= 9060897) AND (id <= 9061896))
	  ->  Bitmap Index Scan on sbtest4_pkey  (cost=0.00..22.50 rows=1007 width=0)
	        Index Cond: ((id >= 9060897) AND (id <= 9061896))

table 5 : explain SELECT c FROM sbtest5 WHERE id BETWEEN 2328225 AND 2329224
	Bitmap Heap Scan on sbtest5  (cost=23.17..4038.59 rows=1047 width=121)
	  Recheck Cond: ((id >= 2328225) AND (id <= 2329224))
	  ->  Bitmap Index Scan on sbtest5_pkey  (cost=0.00..22.90 rows=1047 width=0)
	        Index Cond: ((id >= 2328225) AND (id <= 2329224))

table 6 : explain SELECT c FROM sbtest6 WHERE id BETWEEN 4635103 AND 4636102
	Bitmap Heap Scan on sbtest6  (cost=23.40..4124.05 rows=1070 width=121)
	  Recheck Cond: ((id >= 4635103) AND (id <= 4636102))
	  ->  Bitmap Index Scan on sbtest6_pkey  (cost=0.00..23.14 rows=1070 width=0)
	        Index Cond: ((id >= 4635103) AND (id <= 4636102))

table 7 : explain SELECT c FROM sbtest7 WHERE id BETWEEN 4934069 AND 4935068
	Bitmap Heap Scan on sbtest7  (cost=23.19..4046.35 rows=1049 width=121)
	  Recheck Cond: ((id >= 4934069) AND (id <= 4935068))
	  ->  Bitmap Index Scan on sbtest7_pkey  (cost=0.00..22.93 rows=1049 width=0)
	        Index Cond: ((id >= 4934069) AND (id <= 4935068))

table 8 : explain SELECT c FROM sbtest8 WHERE id BETWEEN 3514027 AND 3515026
	Bitmap Heap Scan on sbtest8  (cost=22.36..3741.16 rows=968 width=121)
	  Recheck Cond: ((id >= 3514027) AND (id <= 3515026))
	  ->  Bitmap Index Scan on sbtest8_pkey  (cost=0.00..22.11 rows=968 width=0)
	        Index Cond: ((id >= 3514027) AND (id <= 3515026))

for: order_ranges
table 1 : explain SELECT c FROM sbtest1 WHERE id BETWEEN 9050512 AND 9051511 ORDER BY c
	Sort  (cost=3875.95..3878.43 rows=991 width=121)
	  Sort Key: c
	  ->  Bitmap Heap Scan on sbtest1  (cost=22.59..3826.63 rows=991 width=121)
	        Recheck Cond: ((id >= 9050512) AND (id <= 9051511))
	        ->  Bitmap Index Scan on sbtest1_pkey  (cost=0.00..22.34 rows=991 width=0)
	              Index Cond: ((id >= 9050512) AND (id <= 9051511))

table 2 : explain SELECT c FROM sbtest2 WHERE id BETWEEN 6549210 AND 6550209 ORDER BY c
	Sort  (cost=4036.16..4038.75 rows=1033 width=121)
	  Sort Key: c
	  ->  Bitmap Heap Scan on sbtest2  (cost=23.02..3984.45 rows=1033 width=121)
	        Recheck Cond: ((id >= 6549210) AND (id <= 6550209))
	        ->  Bitmap Index Scan on sbtest2_pkey  (cost=0.00..22.76 rows=1033 width=0)
	              Index Cond: ((id >= 6549210) AND (id <= 6550209))

table 3 : explain SELECT c FROM sbtest3 WHERE id BETWEEN 40283 AND 41282 ORDER BY c
	Sort  (cost=4051.52..4054.11 rows=1037 width=121)
	  Sort Key: c
	  ->  Bitmap Heap Scan on sbtest3  (cost=23.06..3999.57 rows=1037 width=121)
	        Recheck Cond: ((id >= 40283) AND (id <= 41282))
	        ->  Bitmap Index Scan on sbtest3_pkey  (cost=0.00..22.80 rows=1037 width=0)
	              Index Cond: ((id >= 40283) AND (id <= 41282))

table 4 : explain SELECT c FROM sbtest4 WHERE id BETWEEN 1522520 AND 1523519 ORDER BY c
	Sort  (cost=4192.65..4195.33 rows=1074 width=121)
	  Sort Key: c
	  ->  Bitmap Heap Scan on sbtest4  (cost=23.44..4138.58 rows=1074 width=121)
	        Recheck Cond: ((id >= 1522520) AND (id <= 1523519))
	        ->  Bitmap Index Scan on sbtest4_pkey  (cost=0.00..23.18 rows=1074 width=0)
	              Index Cond: ((id >= 1522520) AND (id <= 1523519))

table 5 : explain SELECT c FROM sbtest5 WHERE id BETWEEN 8927212 AND 8928211 ORDER BY c
	Sort  (cost=4114.02..4116.65 rows=1053 width=121)
	  Sort Key: c
	  ->  Bitmap Heap Scan on sbtest5  (cost=23.23..4061.16 rows=1053 width=121)
	        Recheck Cond: ((id >= 8927212) AND (id <= 8928211))
	        ->  Bitmap Index Scan on sbtest5_pkey  (cost=0.00..22.96 rows=1053 width=0)
	              Index Cond: ((id >= 8927212) AND (id <= 8928211))

table 6 : explain SELECT c FROM sbtest6 WHERE id BETWEEN 3946024 AND 3947023 ORDER BY c
	Sort  (cost=4036.68..4039.26 rows=1033 width=121)
	  Sort Key: c
	  ->  Bitmap Heap Scan on sbtest6  (cost=23.02..3984.96 rows=1033 width=121)
	        Recheck Cond: ((id >= 3946024) AND (id <= 3947023))
	        ->  Bitmap Index Scan on sbtest6_pkey  (cost=0.00..22.76 rows=1033 width=0)
	              Index Cond: ((id >= 3946024) AND (id <= 3947023))

table 7 : explain SELECT c FROM sbtest7 WHERE id BETWEEN 9814310 AND 9815309 ORDER BY c
	Sort  (cost=3593.88..3596.18 rows=917 width=121)
	  Sort Key: c
	  ->  Bitmap Heap Scan on sbtest7  (cost=21.83..3548.76 rows=917 width=121)
	        Recheck Cond: ((id >= 9814310) AND (id <= 9815309))
	        ->  Bitmap Index Scan on sbtest7_pkey  (cost=0.00..21.61 rows=917 width=0)
	              Index Cond: ((id >= 9814310) AND (id <= 9815309))

table 8 : explain SELECT c FROM sbtest8 WHERE id BETWEEN 7203066 AND 7204065 ORDER BY c
	Sort  (cost=4106.48..4109.11 rows=1051 width=121)
	  Sort Key: c
	  ->  Bitmap Heap Scan on sbtest8  (cost=23.21..4053.74 rows=1051 width=121)
	        Recheck Cond: ((id >= 7203066) AND (id <= 7204065))
	        ->  Bitmap Index Scan on sbtest8_pkey  (cost=0.00..22.94 rows=1051 width=0)
	              Index Cond: ((id >= 7203066) AND (id <= 7204065))

for: simple_ranges
table 1 : explain SELECT c FROM sbtest1 WHERE id BETWEEN 1955874 AND 1956873
	Bitmap Heap Scan on sbtest1  (cost=22.57..3819.10 rows=989 width=121)
	  Recheck Cond: ((id >= 1955874) AND (id <= 1956873))
	  ->  Bitmap Index Scan on sbtest1_pkey  (cost=0.00..22.32 rows=989 width=0)
	        Index Cond: ((id >= 1955874) AND (id <= 1956873))

table 2 : explain SELECT c FROM sbtest2 WHERE id BETWEEN 2294131 AND 2295130
	Bitmap Heap Scan on sbtest2  (cost=21.88..3562.44 rows=921 width=121)
	  Recheck Cond: ((id >= 2294131) AND (id <= 2295130))
	  ->  Bitmap Index Scan on sbtest2_pkey  (cost=0.00..21.64 rows=921 width=0)
	        Index Cond: ((id >= 2294131) AND (id <= 2295130))

table 3 : explain SELECT c FROM sbtest3 WHERE id BETWEEN 2633607 AND 2634606
	Bitmap Heap Scan on sbtest3  (cost=22.77..3890.47 rows=1008 width=121)
	  Recheck Cond: ((id >= 2633607) AND (id <= 2634606))
	  ->  Bitmap Index Scan on sbtest3_pkey  (cost=0.00..22.51 rows=1008 width=0)
	        Index Cond: ((id >= 2633607) AND (id <= 2634606))

table 4 : explain SELECT c FROM sbtest4 WHERE id BETWEEN 3724101 AND 3725100
	Bitmap Heap Scan on sbtest4  (cost=22.85..3920.55 rows=1016 width=121)
	  Recheck Cond: ((id >= 3724101) AND (id <= 3725100))
	  ->  Bitmap Index Scan on sbtest4_pkey  (cost=0.00..22.59 rows=1016 width=0)
	        Index Cond: ((id >= 3724101) AND (id <= 3725100))

table 5 : explain SELECT c FROM sbtest5 WHERE id BETWEEN 3251485 AND 3252484
	Bitmap Heap Scan on sbtest5  (cost=22.74..3880.52 rows=1005 width=121)
	  Recheck Cond: ((id >= 3251485) AND (id <= 3252484))
	  ->  Bitmap Index Scan on sbtest5_pkey  (cost=0.00..22.48 rows=1005 width=0)
	        Index Cond: ((id >= 3251485) AND (id <= 3252484))

table 6 : explain SELECT c FROM sbtest6 WHERE id BETWEEN 1510 AND 2509
	Bitmap Heap Scan on sbtest6  (cost=22.63..3841.94 rows=995 width=121)
	  Recheck Cond: ((id >= 1510) AND (id <= 2509))
	  ->  Bitmap Index Scan on sbtest6_pkey  (cost=0.00..22.39 rows=995 width=0)
	        Index Cond: ((id >= 1510) AND (id <= 2509))

table 7 : explain SELECT c FROM sbtest7 WHERE id BETWEEN 4396612 AND 4397611
	Bitmap Heap Scan on sbtest7  (cost=23.25..4068.91 rows=1055 width=121)
	  Recheck Cond: ((id >= 4396612) AND (id <= 4397611))
	  ->  Bitmap Index Scan on sbtest7_pkey  (cost=0.00..22.98 rows=1055 width=0)
	        Index Cond: ((id >= 4396612) AND (id <= 4397611))

table 8 : explain SELECT c FROM sbtest8 WHERE id BETWEEN 1013669 AND 1014668
	Bitmap Heap Scan on sbtest8  (cost=23.34..4102.61 rows=1064 width=121)
	  Recheck Cond: ((id >= 1013669) AND (id <= 1014668))
	  ->  Bitmap Index Scan on sbtest8_pkey  (cost=0.00..23.07 rows=1064 width=0)
	        Index Cond: ((id >= 1013669) AND (id <= 1014668))

for: sum_ranges
table 1 : explain SELECT SUM(k) FROM sbtest1 WHERE id BETWEEN 7872688 AND 7873687
	Aggregate  (cost=4107.66..4107.67 rows=1 width=8)
	  ->  Bitmap Heap Scan on sbtest1  (cost=23.35..4104.99 rows=1065 width=4)
	        Recheck Cond: ((id >= 7872688) AND (id <= 7873687))
	        ->  Bitmap Index Scan on sbtest1_pkey  (cost=0.00..23.08 rows=1065 width=0)
	              Index Cond: ((id >= 7872688) AND (id <= 7873687))

table 2 : explain SELECT SUM(k) FROM sbtest2 WHERE id BETWEEN 7009993 AND 7010992
	Aggregate  (cost=3851.48..3851.49 rows=1 width=8)
	  ->  Bitmap Heap Scan on sbtest2  (cost=22.65..3848.98 rows=997 width=4)
	        Recheck Cond: ((id >= 7009993) AND (id <= 7010992))
	        ->  Bitmap Index Scan on sbtest2_pkey  (cost=0.00..22.40 rows=997 width=0)
	              Index Cond: ((id >= 7009993) AND (id <= 7010992))

table 3 : explain SELECT SUM(k) FROM sbtest3 WHERE id BETWEEN 3929939 AND 3930938
	Aggregate  (cost=3957.00..3957.01 rows=1 width=8)
	  ->  Bitmap Heap Scan on sbtest3  (cost=22.94..3954.44 rows=1025 width=4)
	        Recheck Cond: ((id >= 3929939) AND (id <= 3930938))
	        ->  Bitmap Index Scan on sbtest3_pkey  (cost=0.00..22.68 rows=1025 width=0)
	              Index Cond: ((id >= 3929939) AND (id <= 3930938))

table 4 : explain SELECT SUM(k) FROM sbtest4 WHERE id BETWEEN 1317489 AND 1318488
	Aggregate  (cost=3496.76..3496.77 rows=1 width=8)
	  ->  Bitmap Heap Scan on sbtest4  (cost=21.69..3494.50 rows=903 width=4)
	        Recheck Cond: ((id >= 1317489) AND (id <= 1318488))
	        ->  Bitmap Index Scan on sbtest4_pkey  (cost=0.00..21.46 rows=903 width=0)
	              Index Cond: ((id >= 1317489) AND (id <= 1318488))

table 5 : explain SELECT SUM(k) FROM sbtest5 WHERE id BETWEEN 188898 AND 189897
	Aggregate  (cost=4120.22..4120.23 rows=1 width=8)
	  ->  Bitmap Heap Scan on sbtest5  (cost=23.38..4117.55 rows=1068 width=4)
	        Recheck Cond: ((id >= 188898) AND (id <= 189897))
	        ->  Bitmap Index Scan on sbtest5_pkey  (cost=0.00..23.11 rows=1068 width=0)
	              Index Cond: ((id >= 188898) AND (id <= 189897))

table 6 : explain SELECT SUM(k) FROM sbtest6 WHERE id BETWEEN 214658 AND 215657
	Aggregate  (cost=3821.81..3821.82 rows=1 width=8)
	  ->  Bitmap Heap Scan on sbtest6  (cost=22.57..3819.34 rows=989 width=4)
	        Recheck Cond: ((id >= 214658) AND (id <= 215657))
	        ->  Bitmap Index Scan on sbtest6_pkey  (cost=0.00..22.32 rows=989 width=0)
	              Index Cond: ((id >= 214658) AND (id <= 215657))

table 7 : explain SELECT SUM(k) FROM sbtest7 WHERE id BETWEEN 3305464 AND 3306463
	Aggregate  (cost=3864.40..3864.41 rows=1 width=8)
	  ->  Bitmap Heap Scan on sbtest7  (cost=22.68..3861.90 rows=1000 width=4)
	        Recheck Cond: ((id >= 3305464) AND (id <= 3306463))
	        ->  Bitmap Index Scan on sbtest7_pkey  (cost=0.00..22.43 rows=1000 width=0)
	              Index Cond: ((id >= 3305464) AND (id <= 3306463))

table 8 : explain SELECT SUM(k) FROM sbtest8 WHERE id BETWEEN 1164076 AND 1165075
	Aggregate  (cost=3660.53..3660.54 rows=1 width=8)
	  ->  Bitmap Heap Scan on sbtest8  (cost=22.13..3658.16 rows=946 width=4)
	        Recheck Cond: ((id >= 1164076) AND (id <= 1165075))
	        ->  Bitmap Index Scan on sbtest8_pkey  (cost=0.00..21.89 rows=946 width=0)
	              Index Cond: ((id >= 1164076) AND (id <= 1165075))

for: distinct_ranges
table 1 : explain SELECT DISTINCT c FROM sbtest1 WHERE id BETWEEN 4710422 AND 4711421 ORDER BY c
	Unique  (cost=4021.15..4026.29 rows=1029 width=121)
	  ->  Sort  (cost=4021.15..4023.72 rows=1029 width=121)
	        Sort Key: c
	        ->  Bitmap Heap Scan on sbtest1  (cost=22.98..3969.66 rows=1029 width=121)
	              Recheck Cond: ((id >= 4710422) AND (id <= 4711421))
	              ->  Bitmap Index Scan on sbtest1_pkey  (cost=0.00..22.72 rows=1029 width=0)
	                    Index Cond: ((id >= 4710422) AND (id <= 4711421))

table 2 : explain SELECT DISTINCT c FROM sbtest2 WHERE id BETWEEN 4272220 AND 4273219 ORDER BY c
	Unique  (cost=3845.12..3850.03 rows=983 width=121)
	  ->  Sort  (cost=3845.12..3847.57 rows=983 width=121)
	        Sort Key: c
	        ->  Bitmap Heap Scan on sbtest2  (cost=22.51..3796.26 rows=983 width=121)
	              Recheck Cond: ((id >= 4272220) AND (id <= 4273219))
	              ->  Bitmap Index Scan on sbtest2_pkey  (cost=0.00..22.26 rows=983 width=0)
	                    Index Cond: ((id >= 4272220) AND (id <= 4273219))

table 3 : explain SELECT DISTINCT c FROM sbtest3 WHERE id BETWEEN 5055371 AND 5056370 ORDER BY c
	Unique  (cost=3986.60..3991.70 rows=1020 width=121)
	  ->  Sort  (cost=3986.60..3989.15 rows=1020 width=121)
	        Sort Key: c
	        ->  Bitmap Heap Scan on sbtest3  (cost=22.89..3935.63 rows=1020 width=121)
	              Recheck Cond: ((id >= 5055371) AND (id <= 5056370))
	              ->  Bitmap Index Scan on sbtest3_pkey  (cost=0.00..22.64 rows=1020 width=0)
	                    Index Cond: ((id >= 5055371) AND (id <= 5056370))

table 4 : explain SELECT DISTINCT c FROM sbtest4 WHERE id BETWEEN 5008077 AND 5009076 ORDER BY c
	Unique  (cost=3695.93..3700.65 rows=944 width=121)
	  ->  Sort  (cost=3695.93..3698.29 rows=944 width=121)
	        Sort Key: c
	        ->  Bitmap Heap Scan on sbtest4  (cost=22.11..3649.28 rows=944 width=121)
	              Recheck Cond: ((id >= 5008077) AND (id <= 5009076))
	              ->  Bitmap Index Scan on sbtest4_pkey  (cost=0.00..21.87 rows=944 width=0)
	                    Index Cond: ((id >= 5008077) AND (id <= 5009076))

table 5 : explain SELECT DISTINCT c FROM sbtest5 WHERE id BETWEEN 3855822 AND 3856821 ORDER BY c
	Unique  (cost=3727.82..3732.58 rows=952 width=121)
	  ->  Sort  (cost=3727.82..3730.20 rows=952 width=121)
	        Sort Key: c
	        ->  Bitmap Heap Scan on sbtest5  (cost=22.19..3680.72 rows=952 width=121)
	              Recheck Cond: ((id >= 3855822) AND (id <= 3856821))
	              ->  Bitmap Index Scan on sbtest5_pkey  (cost=0.00..21.95 rows=952 width=0)
	                    Index Cond: ((id >= 3855822) AND (id <= 3856821))

table 6 : explain SELECT DISTINCT c FROM sbtest6 WHERE id BETWEEN 7618059 AND 7619058 ORDER BY c
	Unique  (cost=4216.02..4221.42 rows=1080 width=121)
	  ->  Sort  (cost=4216.02..4218.72 rows=1080 width=121)
	        Sort Key: c
	        ->  Bitmap Heap Scan on sbtest6  (cost=23.50..4161.61 rows=1080 width=121)
	              Recheck Cond: ((id >= 7618059) AND (id <= 7619058))
	              ->  Bitmap Index Scan on sbtest6_pkey  (cost=0.00..23.23 rows=1080 width=0)
	                    Index Cond: ((id >= 7618059) AND (id <= 7619058))

table 7 : explain SELECT DISTINCT c FROM sbtest7 WHERE id BETWEEN 6320608 AND 6321607 ORDER BY c
	Unique  (cost=4198.22..4203.59 rows=1075 width=121)
	  ->  Sort  (cost=4198.22..4200.91 rows=1075 width=121)
	        Sort Key: c
	        ->  Bitmap Heap Scan on sbtest7  (cost=23.45..4144.09 rows=1075 width=121)
	              Recheck Cond: ((id >= 6320608) AND (id <= 6321607))
	              ->  Bitmap Index Scan on sbtest7_pkey  (cost=0.00..23.18 rows=1075 width=0)
	                    Index Cond: ((id >= 6320608) AND (id <= 6321607))

table 8 : explain SELECT DISTINCT c FROM sbtest8 WHERE id BETWEEN 3868782 AND 3869781 ORDER BY c
	Unique  (cost=4213.53..4218.92 rows=1078 width=121)
	  ->  Sort  (cost=4213.53..4216.22 rows=1078 width=121)
	        Sort Key: c
	        ->  Bitmap Heap Scan on sbtest8  (cost=27.48..4159.23 rows=1078 width=121)
	              Recheck Cond: ((id >= 3868782) AND (id <= 3869781))
	              ->  Bitmap Index Scan on sbtest8_pkey  (cost=0.00..27.21 rows=1078 width=0)
	                    Index Cond: ((id >= 3868782) AND (id <= 3869781))

for: sum_ranges
table 1 : explain SELECT SUM(k) FROM sbtest1 WHERE id BETWEEN 9597431 AND 9598430
	Aggregate  (cost=3534.73..3534.74 rows=1 width=8)
	  ->  Bitmap Heap Scan on sbtest1  (cost=21.79..3532.45 rows=913 width=4)
	        Recheck Cond: ((id >= 9597431) AND (id <= 9598430))
	        ->  Bitmap Index Scan on sbtest1_pkey  (cost=0.00..21.57 rows=913 width=0)
	              Index Cond: ((id >= 9597431) AND (id <= 9598430))

table 2 : explain SELECT SUM(k) FROM sbtest2 WHERE id BETWEEN 9535976 AND 9536975
	Aggregate  (cost=3979.51..3979.52 rows=1 width=8)
	  ->  Bitmap Heap Scan on sbtest2  (cost=23.00..3976.93 rows=1031 width=4)
	        Recheck Cond: ((id >= 9535976) AND (id <= 9536975))
	        ->  Bitmap Index Scan on sbtest2_pkey  (cost=0.00..22.75 rows=1031 width=0)
	              Index Cond: ((id >= 9535976) AND (id <= 9536975))

table 3 : explain SELECT SUM(k) FROM sbtest3 WHERE id BETWEEN 73145 AND 74144
	Aggregate  (cost=4002.16..4002.17 rows=1 width=8)
	  ->  Bitmap Heap Scan on sbtest3  (cost=23.06..3999.57 rows=1037 width=4)
	        Recheck Cond: ((id >= 73145) AND (id <= 74144))
	        ->  Bitmap Index Scan on sbtest3_pkey  (cost=0.00..22.80 rows=1037 width=0)
	              Index Cond: ((id >= 73145) AND (id <= 74144))

table 4 : explain SELECT SUM(k) FROM sbtest4 WHERE id BETWEEN 5194952 AND 5195951
	Aggregate  (cost=3828.91..3828.92 rows=1 width=8)
	  ->  Bitmap Heap Scan on sbtest4  (cost=22.59..3826.43 rows=991 width=4)
	        Recheck Cond: ((id >= 5194952) AND (id <= 5195951))
	        ->  Bitmap Index Scan on sbtest4_pkey  (cost=0.00..22.34 rows=991 width=0)
	              Index Cond: ((id >= 5194952) AND (id <= 5195951))

table 5 : explain SELECT SUM(k) FROM sbtest5 WHERE id BETWEEN 1604379 AND 1605378
	Aggregate  (cost=3965.92..3965.93 rows=1 width=8)
	  ->  Bitmap Heap Scan on sbtest5  (cost=22.96..3963.35 rows=1027 width=4)
	        Recheck Cond: ((id >= 1604379) AND (id <= 1605378))
	        ->  Bitmap Index Scan on sbtest5_pkey  (cost=0.00..22.70 rows=1027 width=0)
	              Index Cond: ((id >= 1604379) AND (id <= 1605378))

table 6 : explain SELECT SUM(k) FROM sbtest6 WHERE id BETWEEN 863381 AND 864380
	Aggregate  (cost=3629.39..3629.40 rows=1 width=8)
	  ->  Bitmap Heap Scan on sbtest6  (cost=22.05..3627.05 rows=938 width=4)
	        Recheck Cond: ((id >= 863381) AND (id <= 864380))
	        ->  Bitmap Index Scan on sbtest6_pkey  (cost=0.00..21.82 rows=938 width=0)
	              Index Cond: ((id >= 863381) AND (id <= 864380))

table 7 : explain SELECT SUM(k) FROM sbtest7 WHERE id BETWEEN 4803606 AND 4804605
	Aggregate  (cost=3558.62..3558.63 rows=1 width=8)
	  ->  Bitmap Heap Scan on sbtest7  (cost=21.85..3556.32 rows=919 width=4)
	        Recheck Cond: ((id >= 4803606) AND (id <= 4804605))
	        ->  Bitmap Index Scan on sbtest7_pkey  (cost=0.00..21.62 rows=919 width=0)
	              Index Cond: ((id >= 4803606) AND (id <= 4804605))

table 8 : explain SELECT SUM(k) FROM sbtest8 WHERE id BETWEEN 5671070 AND 5672069
	Aggregate  (cost=3803.95..3803.96 rows=1 width=8)
	  ->  Bitmap Heap Scan on sbtest8  (cost=22.52..3801.49 rows=984 width=4)
	        Recheck Cond: ((id >= 5671070) AND (id <= 5672069))
	        ->  Bitmap Index Scan on sbtest8_pkey  (cost=0.00..22.27 rows=984 width=0)
	              Index Cond: ((id >= 5671070) AND (id <= 5672069))

for: simple_ranges
table 1 : explain SELECT c FROM sbtest1 WHERE id BETWEEN 6827115 AND 6828114
	Bitmap Heap Scan on sbtest1  (cost=21.55..3441.77 rows=889 width=121)
	  Recheck Cond: ((id >= 6827115) AND (id <= 6828114))
	  ->  Bitmap Index Scan on sbtest1_pkey  (cost=0.00..21.32 rows=889 width=0)
	        Index Cond: ((id >= 6827115) AND (id <= 6828114))

table 2 : explain SELECT c FROM sbtest2 WHERE id BETWEEN 7798761 AND 7799760
	Bitmap Heap Scan on sbtest2  (cost=22.14..3660.56 rows=947 width=121)
	  Recheck Cond: ((id >= 7798761) AND (id <= 7799760))
	  ->  Bitmap Index Scan on sbtest2_pkey  (cost=0.00..21.90 rows=947 width=0)
	        Index Cond: ((id >= 7798761) AND (id <= 7799760))

table 3 : explain SELECT c FROM sbtest3 WHERE id BETWEEN 606803 AND 607802
	Bitmap Heap Scan on sbtest3  (cost=22.12..3653.08 rows=945 width=121)
	  Recheck Cond: ((id >= 606803) AND (id <= 607802))
	  ->  Bitmap Index Scan on sbtest3_pkey  (cost=0.00..21.89 rows=945 width=0)
	        Index Cond: ((id >= 606803) AND (id <= 607802))

table 4 : explain SELECT c FROM sbtest4 WHERE id BETWEEN 226006 AND 227005
	Bitmap Heap Scan on sbtest4  (cost=22.26..3705.85 rows=959 width=121)
	  Recheck Cond: ((id >= 226006) AND (id <= 227005))
	  ->  Bitmap Index Scan on sbtest4_pkey  (cost=0.00..22.02 rows=959 width=0)
	        Index Cond: ((id >= 226006) AND (id <= 227005))

table 5 : explain SELECT c FROM sbtest5 WHERE id BETWEEN 1018467 AND 1019466
	Bitmap Heap Scan on sbtest5  (cost=22.37..3744.85 rows=969 width=121)
	  Recheck Cond: ((id >= 1018467) AND (id <= 1019466))
	  ->  Bitmap Index Scan on sbtest5_pkey  (cost=0.00..22.12 rows=969 width=0)
	        Index Cond: ((id >= 1018467) AND (id <= 1019466))

table 6 : explain SELECT c FROM sbtest6 WHERE id BETWEEN 7136850 AND 7137849
	Bitmap Heap Scan on sbtest6  (cost=22.34..3732.66 rows=966 width=121)
	  Recheck Cond: ((id >= 7136850) AND (id <= 7137849))
	  ->  Bitmap Index Scan on sbtest6_pkey  (cost=0.00..22.09 rows=966 width=0)
	        Index Cond: ((id >= 7136850) AND (id <= 7137849))

table 7 : explain SELECT c FROM sbtest7 WHERE id BETWEEN 5251917 AND 5252916
	Bitmap Heap Scan on sbtest7  (cost=22.65..3850.60 rows=997 width=121)
	  Recheck Cond: ((id >= 5251917) AND (id <= 5252916))
	  ->  Bitmap Index Scan on sbtest7_pkey  (cost=0.00..22.40 rows=997 width=0)
	        Index Cond: ((id >= 5251917) AND (id <= 5252916))

table 8 : explain SELECT c FROM sbtest8 WHERE id BETWEEN 3587819 AND 3588818
	Bitmap Heap Scan on sbtest8  (cost=22.36..3741.16 rows=968 width=121)
	  Recheck Cond: ((id >= 3587819) AND (id <= 3588818))
	  ->  Bitmap Index Scan on sbtest8_pkey  (cost=0.00..22.11 rows=968 width=0)
	        Index Cond: ((id >= 3587819) AND (id <= 3588818))

for: simple_ranges
table 1 : explain SELECT c FROM sbtest1 WHERE id BETWEEN 8399002 AND 8400001
	Bitmap Heap Scan on sbtest1  (cost=22.07..3634.37 rows=940 width=121)
	  Recheck Cond: ((id >= 8399002) AND (id <= 8400001))
	  ->  Bitmap Index Scan on sbtest1_pkey  (cost=0.00..21.83 rows=940 width=0)
	        Index Cond: ((id >= 8399002) AND (id <= 8400001))

table 2 : explain SELECT c FROM sbtest2 WHERE id BETWEEN 9571363 AND 9572362
	Bitmap Heap Scan on sbtest2  (cost=23.00..3976.93 rows=1031 width=121)
	  Recheck Cond: ((id >= 9571363) AND (id <= 9572362))
	  ->  Bitmap Index Scan on sbtest2_pkey  (cost=0.00..22.75 rows=1031 width=0)
	        Index Cond: ((id >= 9571363) AND (id <= 9572362))

table 3 : explain SELECT c FROM sbtest3 WHERE id BETWEEN 8422646 AND 8423645
	Bitmap Heap Scan on sbtest3  (cost=23.16..4033.41 rows=1046 width=121)
	  Recheck Cond: ((id >= 8422646) AND (id <= 8423645))
	  ->  Bitmap Index Scan on sbtest3_pkey  (cost=0.00..22.89 rows=1046 width=0)
	        Index Cond: ((id >= 8422646) AND (id <= 8423645))

table 4 : explain SELECT c FROM sbtest4 WHERE id BETWEEN 6376420 AND 6377419
	Bitmap Heap Scan on sbtest4  (cost=22.64..3845.26 rows=996 width=121)
	  Recheck Cond: ((id >= 6376420) AND (id <= 6377419))
	  ->  Bitmap Index Scan on sbtest4_pkey  (cost=0.00..22.39 rows=996 width=0)
	        Index Cond: ((id >= 6376420) AND (id <= 6377419))

table 5 : explain SELECT c FROM sbtest5 WHERE id BETWEEN 7347688 AND 7348687
	Bitmap Heap Scan on sbtest5  (cost=23.46..4147.61 rows=1076 width=121)
	  Recheck Cond: ((id >= 7347688) AND (id <= 7348687))
	  ->  Bitmap Index Scan on sbtest5_pkey  (cost=0.00..23.19 rows=1076 width=0)
	        Index Cond: ((id >= 7347688) AND (id <= 7348687))

table 6 : explain SELECT c FROM sbtest6 WHERE id BETWEEN 1903063 AND 1904062
	Bitmap Heap Scan on sbtest6  (cost=27.66..4221.93 rows=1095 width=121)
	  Recheck Cond: ((id >= 1903063) AND (id <= 1904062))
	  ->  Bitmap Index Scan on sbtest6_pkey  (cost=0.00..27.39 rows=1095 width=0)
	        Index Cond: ((id >= 1903063) AND (id <= 1904062))

table 7 : explain SELECT c FROM sbtest7 WHERE id BETWEEN 6701827 AND 6702826
	Bitmap Heap Scan on sbtest7  (cost=23.44..4140.33 rows=1074 width=121)
	  Recheck Cond: ((id >= 6701827) AND (id <= 6702826))
	  ->  Bitmap Index Scan on sbtest7_pkey  (cost=0.00..23.18 rows=1074 width=0)
	        Index Cond: ((id >= 6701827) AND (id <= 6702826))

table 8 : explain SELECT c FROM sbtest8 WHERE id BETWEEN 6084183 AND 6085182
	Bitmap Heap Scan on sbtest8  (cost=23.35..4106.37 rows=1065 width=121)
	  Recheck Cond: ((id >= 6084183) AND (id <= 6085182))
	  ->  Bitmap Index Scan on sbtest8_pkey  (cost=0.00..23.08 rows=1065 width=0)
	        Index Cond: ((id >= 6084183) AND (id <= 6085182))

for: distinct_ranges
table 1 : explain SELECT DISTINCT c FROM sbtest1 WHERE id BETWEEN 2558185 AND 2559184 ORDER BY c
	Unique  (cost=3734.40..3739.17 rows=954 width=121)
	  ->  Sort  (cost=3734.40..3736.78 rows=954 width=121)
	        Sort Key: c
	        ->  Bitmap Heap Scan on sbtest1  (cost=22.21..3687.19 rows=954 width=121)
	              Recheck Cond: ((id >= 2558185) AND (id <= 2559184))
	              ->  Bitmap Index Scan on sbtest1_pkey  (cost=0.00..21.97 rows=954 width=0)
	                    Index Cond: ((id >= 2558185) AND (id <= 2559184))

table 2 : explain SELECT DISTINCT c FROM sbtest2 WHERE id BETWEEN 7746621 AND 7747620 ORDER BY c
	Unique  (cost=3707.37..3712.11 rows=947 width=121)
	  ->  Sort  (cost=3707.37..3709.74 rows=947 width=121)
	        Sort Key: c
	        ->  Bitmap Heap Scan on sbtest2  (cost=22.14..3660.56 rows=947 width=121)
	              Recheck Cond: ((id >= 7746621) AND (id <= 7747620))
	              ->  Bitmap Index Scan on sbtest2_pkey  (cost=0.00..21.90 rows=947 width=0)
	                    Index Cond: ((id >= 7746621) AND (id <= 7747620))

table 3 : explain SELECT DISTINCT c FROM sbtest3 WHERE id BETWEEN 9813243 AND 9814242 ORDER BY c
	Unique  (cost=3703.61..3708.34 rows=946 width=121)
	  ->  Sort  (cost=3703.61..3705.98 rows=946 width=121)
	        Sort Key: c
	        ->  Bitmap Heap Scan on sbtest3  (cost=22.13..3656.85 rows=946 width=121)
	              Recheck Cond: ((id >= 9813243) AND (id <= 9814242))
	              ->  Bitmap Index Scan on sbtest3_pkey  (cost=0.00..21.89 rows=946 width=0)
	                    Index Cond: ((id >= 9813243) AND (id <= 9814242))

table 4 : explain SELECT DISTINCT c FROM sbtest4 WHERE id BETWEEN 8514142 AND 8515141 ORDER BY c
	Unique  (cost=3971.29..3976.37 rows=1016 width=121)
	  ->  Sort  (cost=3971.29..3973.83 rows=1016 width=121)
	        Sort Key: c
	        ->  Bitmap Heap Scan on sbtest4  (cost=22.85..3920.55 rows=1016 width=121)
	              Recheck Cond: ((id >= 8514142) AND (id <= 8515141))
	              ->  Bitmap Index Scan on sbtest4_pkey  (cost=0.00..22.59 rows=1016 width=0)
	                    Index Cond: ((id >= 8514142) AND (id <= 8515141))

table 5 : explain SELECT DISTINCT c FROM sbtest5 WHERE id BETWEEN 152250 AND 153249 ORDER BY c
	Unique  (cost=3999.44..4004.55 rows=1023 width=121)
	  ->  Sort  (cost=3999.44..4001.99 rows=1023 width=121)
	        Sort Key: c
	        ->  Bitmap Heap Scan on sbtest5  (cost=22.92..3948.29 rows=1023 width=121)
	              Recheck Cond: ((id >= 152250) AND (id <= 153249))
	              ->  Bitmap Index Scan on sbtest5_pkey  (cost=0.00..22.66 rows=1023 width=0)
	                    Index Cond: ((id >= 152250) AND (id <= 153249))

table 6 : explain SELECT DISTINCT c FROM sbtest6 WHERE id BETWEEN 8800364 AND 8801363 ORDER BY c
	Unique  (cost=3504.70..3509.17 rows=894 width=121)
	  ->  Sort  (cost=3504.70..3506.93 rows=894 width=121)
	        Sort Key: c
	        ->  Bitmap Heap Scan on sbtest6  (cost=21.60..3460.87 rows=894 width=121)
	              Recheck Cond: ((id >= 8800364) AND (id <= 8801363))
	              ->  Bitmap Index Scan on sbtest6_pkey  (cost=0.00..21.37 rows=894 width=0)
	                    Index Cond: ((id >= 8800364) AND (id <= 8801363))

table 7 : explain SELECT DISTINCT c FROM sbtest7 WHERE id BETWEEN 3049429 AND 3050428 ORDER BY c
	Unique  (cost=4129.52..4134.81 rows=1057 width=121)
	  ->  Sort  (cost=4129.52..4132.17 rows=1057 width=121)
	        Sort Key: c
	        ->  Bitmap Heap Scan on sbtest7  (cost=23.27..4076.43 rows=1057 width=121)
	              Recheck Cond: ((id >= 3049429) AND (id <= 3050428))
	              ->  Bitmap Index Scan on sbtest7_pkey  (cost=0.00..23.00 rows=1057 width=0)
	                    Index Cond: ((id >= 3049429) AND (id <= 3050428))

table 8 : explain SELECT DISTINCT c FROM sbtest8 WHERE id BETWEEN 6113496 AND 6114495 ORDER BY c
	Unique  (cost=4117.94..4123.21 rows=1054 width=121)
	  ->  Sort  (cost=4117.94..4120.57 rows=1054 width=121)
	        Sort Key: c
	        ->  Bitmap Heap Scan on sbtest8  (cost=23.24..4065.02 rows=1054 width=121)
	              Recheck Cond: ((id >= 6113496) AND (id <= 6114495))
	              ->  Bitmap Index Scan on sbtest8_pkey  (cost=0.00..22.97 rows=1054 width=0)
	                    Index Cond: ((id >= 6113496) AND (id <= 6114495))

for: simple_ranges
table 1 : explain SELECT c FROM sbtest1 WHERE id BETWEEN 3517035 AND 3518034
	Bitmap Heap Scan on sbtest1  (cost=22.63..3841.70 rows=995 width=121)
	  Recheck Cond: ((id >= 3517035) AND (id <= 3518034))
	  ->  Bitmap Index Scan on sbtest1_pkey  (cost=0.00..22.39 rows=995 width=0)
	        Index Cond: ((id >= 3517035) AND (id <= 3518034))

table 2 : explain SELECT c FROM sbtest2 WHERE id BETWEEN 2930703 AND 2931702
	Bitmap Heap Scan on sbtest2  (cost=21.87..3558.67 rows=920 width=121)
	  Recheck Cond: ((id >= 2930703) AND (id <= 2931702))
	  ->  Bitmap Index Scan on sbtest2_pkey  (cost=0.00..21.64 rows=920 width=0)
	        Index Cond: ((id >= 2930703) AND (id <= 2931702))

table 3 : explain SELECT c FROM sbtest3 WHERE id BETWEEN 6914564 AND 6915563
	Bitmap Heap Scan on sbtest3  (cost=22.40..3754.88 rows=972 width=121)
	  Recheck Cond: ((id >= 6914564) AND (id <= 6915563))
	  ->  Bitmap Index Scan on sbtest3_pkey  (cost=0.00..22.15 rows=972 width=0)
	        Index Cond: ((id >= 6914564) AND (id <= 6915563))

table 4 : explain SELECT c FROM sbtest4 WHERE id BETWEEN 3773212 AND 3774211
	Bitmap Heap Scan on sbtest4  (cost=22.85..3920.55 rows=1016 width=121)
	  Recheck Cond: ((id >= 3773212) AND (id <= 3774211))
	  ->  Bitmap Index Scan on sbtest4_pkey  (cost=0.00..22.59 rows=1016 width=0)
	        Index Cond: ((id >= 3773212) AND (id <= 3774211))

table 5 : explain SELECT c FROM sbtest5 WHERE id BETWEEN 1357857 AND 1358856
	Bitmap Heap Scan on sbtest5  (cost=22.08..3639.21 rows=941 width=121)
	  Recheck Cond: ((id >= 1357857) AND (id <= 1358856))
	  ->  Bitmap Index Scan on sbtest5_pkey  (cost=0.00..21.84 rows=941 width=0)
	        Index Cond: ((id >= 1357857) AND (id <= 1358856))

table 6 : explain SELECT c FROM sbtest6 WHERE id BETWEEN 3457663 AND 3458662
	Bitmap Heap Scan on sbtest6  (cost=22.99..3973.68 rows=1030 width=121)
	  Recheck Cond: ((id >= 3457663) AND (id <= 3458662))
	  ->  Bitmap Index Scan on sbtest6_pkey  (cost=0.00..22.73 rows=1030 width=0)
	        Index Cond: ((id >= 3457663) AND (id <= 3458662))

table 7 : explain SELECT c FROM sbtest7 WHERE id BETWEEN 4488818 AND 4489817
	Bitmap Heap Scan on sbtest7  (cost=21.90..3571.43 rows=923 width=121)
	  Recheck Cond: ((id >= 4488818) AND (id <= 4489817))
	  ->  Bitmap Index Scan on sbtest7_pkey  (cost=0.00..21.66 rows=923 width=0)
	        Index Cond: ((id >= 4488818) AND (id <= 4489817))

table 8 : explain SELECT c FROM sbtest8 WHERE id BETWEEN 2286143 AND 2287142
	Bitmap Heap Scan on sbtest8  (cost=22.77..3891.91 rows=1008 width=121)
	  Recheck Cond: ((id >= 2286143) AND (id <= 2287142))
	  ->  Bitmap Index Scan on sbtest8_pkey  (cost=0.00..22.51 rows=1008 width=0)
	        Index Cond: ((id >= 2286143) AND (id <= 2287142))

for: sum_ranges
table 1 : explain SELECT SUM(k) FROM sbtest1 WHERE id BETWEEN 6262046 AND 6263045
	Aggregate  (cost=3851.72..3851.73 rows=1 width=8)
	  ->  Bitmap Heap Scan on sbtest1  (cost=22.65..3849.23 rows=997 width=4)
	        Recheck Cond: ((id >= 6262046) AND (id <= 6263045))
	        ->  Bitmap Index Scan on sbtest1_pkey  (cost=0.00..22.40 rows=997 width=0)
	              Index Cond: ((id >= 6262046) AND (id <= 6263045))

table 2 : explain SELECT SUM(k) FROM sbtest2 WHERE id BETWEEN 1486924 AND 1487923
	Aggregate  (cost=3606.29..3606.30 rows=1 width=8)
	  ->  Bitmap Heap Scan on sbtest2  (cost=21.99..3603.96 rows=932 width=4)
	        Recheck Cond: ((id >= 1486924) AND (id <= 1487923))
	        ->  Bitmap Index Scan on sbtest2_pkey  (cost=0.00..21.75 rows=932 width=0)
	              Index Cond: ((id >= 1486924) AND (id <= 1487923))

table 3 : explain SELECT SUM(k) FROM sbtest3 WHERE id BETWEEN 7482571 AND 7483570
	Aggregate  (cost=3828.94..3828.95 rows=1 width=8)
	  ->  Bitmap Heap Scan on sbtest3  (cost=22.59..3826.47 rows=991 width=4)
	        Recheck Cond: ((id >= 7482571) AND (id <= 7483570))
	        ->  Bitmap Index Scan on sbtest3_pkey  (cost=0.00..22.34 rows=991 width=0)
	              Index Cond: ((id >= 7482571) AND (id <= 7483570))

table 4 : explain SELECT SUM(k) FROM sbtest4 WHERE id BETWEEN 2936696 AND 2937695
	Aggregate  (cost=4122.47..4122.48 rows=1 width=8)
	  ->  Bitmap Heap Scan on sbtest4  (cost=23.39..4119.80 rows=1069 width=4)
	        Recheck Cond: ((id >= 2936696) AND (id <= 2937695))
	        ->  Bitmap Index Scan on sbtest4_pkey  (cost=0.00..23.12 rows=1069 width=0)
	              Index Cond: ((id >= 2936696) AND (id <= 2937695))

table 5 : explain SELECT SUM(k) FROM sbtest5 WHERE id BETWEEN 5357864 AND 5358863
	Aggregate  (cost=3539.52..3539.53 rows=1 width=8)
	  ->  Bitmap Heap Scan on sbtest5  (cost=21.80..3537.24 rows=914 width=4)
	        Recheck Cond: ((id >= 5357864) AND (id <= 5358863))
	        ->  Bitmap Index Scan on sbtest5_pkey  (cost=0.00..21.57 rows=914 width=0)
	              Index Cond: ((id >= 5357864) AND (id <= 5358863))

table 6 : explain SELECT SUM(k) FROM sbtest6 WHERE id BETWEEN 3154378 AND 3155377
	Aggregate  (cost=4006.37..4006.38 rows=1 width=8)
	  ->  Bitmap Heap Scan on sbtest6  (cost=23.07..4003.77 rows=1038 width=4)
	        Recheck Cond: ((id >= 3154378) AND (id <= 3155377))
	        ->  Bitmap Index Scan on sbtest6_pkey  (cost=0.00..22.82 rows=1038 width=0)
	              Index Cond: ((id >= 3154378) AND (id <= 3155377))

table 7 : explain SELECT SUM(k) FROM sbtest7 WHERE id BETWEEN 1011493 AND 1012492
	Aggregate  (cost=3157.11..3157.12 rows=1 width=8)
	  ->  Bitmap Heap Scan on sbtest7  (cost=20.77..3155.08 rows=813 width=4)
	        Recheck Cond: ((id >= 1011493) AND (id <= 1012492))
	        ->  Bitmap Index Scan on sbtest7_pkey  (cost=0.00..20.57 rows=813 width=0)
	              Index Cond: ((id >= 1011493) AND (id <= 1012492))

table 8 : explain SELECT SUM(k) FROM sbtest8 WHERE id BETWEEN 1372391 AND 1373390
	Aggregate  (cost=3796.40..3796.41 rows=1 width=8)
	  ->  Bitmap Heap Scan on sbtest8  (cost=22.50..3793.95 rows=982 width=4)
	        Recheck Cond: ((id >= 1372391) AND (id <= 1373390))
	        ->  Bitmap Index Scan on sbtest8_pkey  (cost=0.00..22.25 rows=982 width=0)
	              Index Cond: ((id >= 1372391) AND (id <= 1373390))

for: sum_ranges
table 1 : explain SELECT SUM(k) FROM sbtest1 WHERE id BETWEEN 7173897 AND 7174896
	Aggregate  (cost=3678.25..3678.26 rows=1 width=8)
	  ->  Bitmap Heap Scan on sbtest1  (cost=22.18..3675.87 rows=951 width=4)
	        Recheck Cond: ((id >= 7173897) AND (id <= 7174896))
	        ->  Bitmap Index Scan on sbtest1_pkey  (cost=0.00..21.94 rows=951 width=0)
	              Index Cond: ((id >= 7173897) AND (id <= 7174896))

table 2 : explain SELECT SUM(k) FROM sbtest2 WHERE id BETWEEN 9641809 AND 9642808
	Aggregate  (cost=4039.70..4039.71 rows=1 width=8)
	  ->  Bitmap Heap Scan on sbtest2  (cost=23.17..4037.09 rows=1047 width=4)
	        Recheck Cond: ((id >= 9641809) AND (id <= 9642808))
	        ->  Bitmap Index Scan on sbtest2_pkey  (cost=0.00..22.90 rows=1047 width=0)
	              Index Cond: ((id >= 9641809) AND (id <= 9642808))

table 3 : explain SELECT SUM(k) FROM sbtest3 WHERE id BETWEEN 8623842 AND 8624841
	Aggregate  (cost=3840.25..3840.26 rows=1 width=8)
	  ->  Bitmap Heap Scan on sbtest3  (cost=22.62..3837.76 rows=994 width=4)
	        Recheck Cond: ((id >= 8623842) AND (id <= 8624841))
	        ->  Bitmap Index Scan on sbtest3_pkey  (cost=0.00..22.37 rows=994 width=0)
	              Index Cond: ((id >= 8623842) AND (id <= 8624841))

table 4 : explain SELECT SUM(k) FROM sbtest4 WHERE id BETWEEN 4460319 AND 4461318
	Aggregate  (cost=4152.54..4152.55 rows=1 width=8)
	  ->  Bitmap Heap Scan on sbtest4  (cost=23.47..4149.84 rows=1077 width=4)
	        Recheck Cond: ((id >= 4460319) AND (id <= 4461318))
	        ->  Bitmap Index Scan on sbtest4_pkey  (cost=0.00..23.20 rows=1077 width=0)
	              Index Cond: ((id >= 4460319) AND (id <= 4461318))

table 5 : explain SELECT SUM(k) FROM sbtest5 WHERE id BETWEEN 7759553 AND 7760552
	Aggregate  (cost=3803.86..3803.87 rows=1 width=8)
	  ->  Bitmap Heap Scan on sbtest5  (cost=22.52..3801.40 rows=984 width=4)
	        Recheck Cond: ((id >= 7759553) AND (id <= 7760552))
	        ->  Bitmap Index Scan on sbtest5_pkey  (cost=0.00..22.27 rows=984 width=0)
	              Index Cond: ((id >= 7759553) AND (id <= 7760552))

table 6 : explain SELECT SUM(k) FROM sbtest6 WHERE id BETWEEN 776584 AND 777583
	Aggregate  (cost=3531.16..3531.17 rows=1 width=8)
	  ->  Bitmap Heap Scan on sbtest6  (cost=21.78..3528.88 rows=912 width=4)
	        Recheck Cond: ((id >= 776584) AND (id <= 777583))
	        ->  Bitmap Index Scan on sbtest6_pkey  (cost=0.00..21.55 rows=912 width=0)
	              Index Cond: ((id >= 776584) AND (id <= 777583))

table 7 : explain SELECT SUM(k) FROM sbtest7 WHERE id BETWEEN 2683718 AND 2684717
	Aggregate  (cost=3947.31..3947.32 rows=1 width=8)
	  ->  Bitmap Heap Scan on sbtest7  (cost=22.91..3944.75 rows=1022 width=4)
	        Recheck Cond: ((id >= 2683718) AND (id <= 2684717))
	        ->  Bitmap Index Scan on sbtest7_pkey  (cost=0.00..22.65 rows=1022 width=0)
	              Index Cond: ((id >= 2683718) AND (id <= 2684717))

table 8 : explain SELECT SUM(k) FROM sbtest8 WHERE id BETWEEN 2766458 AND 2767457
	Aggregate  (cost=3754.91..3754.92 rows=1 width=8)
	  ->  Bitmap Heap Scan on sbtest8  (cost=22.39..3752.48 rows=971 width=4)
	        Recheck Cond: ((id >= 2766458) AND (id <= 2767457))
	        ->  Bitmap Index Scan on sbtest8_pkey  (cost=0.00..22.14 rows=971 width=0)
	              Index Cond: ((id >= 2766458) AND (id <= 2767457))

for: distinct_ranges
table 1 : explain SELECT DISTINCT c FROM sbtest1 WHERE id BETWEEN 7581153 AND 7582152 ORDER BY c
	Unique  (cost=3772.67..3777.49 rows=964 width=121)
	  ->  Sort  (cost=3772.67..3775.08 rows=964 width=121)
	        Sort Key: c
	        ->  Bitmap Heap Scan on sbtest1  (cost=22.32..3724.89 rows=964 width=121)
	              Recheck Cond: ((id >= 7581153) AND (id <= 7582152))
	              ->  Bitmap Index Scan on sbtest1_pkey  (cost=0.00..22.07 rows=964 width=0)
	                    Index Cond: ((id >= 7581153) AND (id <= 7582152))

table 2 : explain SELECT DISTINCT c FROM sbtest2 WHERE id BETWEEN 116195 AND 117194 ORDER BY c
	Unique  (cost=3994.16..3999.27 rows=1022 width=121)
	  ->  Sort  (cost=3994.16..3996.72 rows=1022 width=121)
	        Sort Key: c
	        ->  Bitmap Heap Scan on sbtest2  (cost=22.91..3943.07 rows=1022 width=121)
	              Recheck Cond: ((id >= 116195) AND (id <= 117194))
	              ->  Bitmap Index Scan on sbtest2_pkey  (cost=0.00..22.65 rows=1022 width=0)
	                    Index Cond: ((id >= 116195) AND (id <= 117194))

table 3 : explain SELECT DISTINCT c FROM sbtest3 WHERE id BETWEEN 9936805 AND 9937804 ORDER BY c
	Unique  (cost=3665.32..3670.00 rows=936 width=121)
	  ->  Sort  (cost=3665.32..3667.66 rows=936 width=121)
	        Sort Key: c
	        ->  Bitmap Heap Scan on sbtest3  (cost=22.03..3619.13 rows=936 width=121)
	              Recheck Cond: ((id >= 9936805) AND (id <= 9937804))
	              ->  Bitmap Index Scan on sbtest3_pkey  (cost=0.00..21.79 rows=936 width=0)
	                    Index Cond: ((id >= 9936805) AND (id <= 9937804))

table 4 : explain SELECT DISTINCT c FROM sbtest4 WHERE id BETWEEN 6562974 AND 6563973 ORDER BY c
	Unique  (cost=3577.17..3581.73 rows=913 width=121)
	  ->  Sort  (cost=3577.17..3579.45 rows=913 width=121)
	        Sort Key: c
	        ->  Bitmap Heap Scan on sbtest4  (cost=21.79..3532.27 rows=913 width=121)
	              Recheck Cond: ((id >= 6562974) AND (id <= 6563973))
	              ->  Bitmap Index Scan on sbtest4_pkey  (cost=0.00..21.57 rows=913 width=0)
	                    Index Cond: ((id >= 6562974) AND (id <= 6563973))

table 5 : explain SELECT DISTINCT c FROM sbtest5 WHERE id BETWEEN 7039489 AND 7040488 ORDER BY c
	Unique  (cost=3930.63..3935.66 rows=1005 width=121)
	  ->  Sort  (cost=3930.63..3933.15 rows=1005 width=121)
	        Sort Key: c
	        ->  Bitmap Heap Scan on sbtest5  (cost=22.74..3880.52 rows=1005 width=121)
	              Recheck Cond: ((id >= 7039489) AND (id <= 7040488))
	              ->  Bitmap Index Scan on sbtest5_pkey  (cost=0.00..22.48 rows=1005 width=0)
	                    Index Cond: ((id >= 7039489) AND (id <= 7040488))

table 6 : explain SELECT DISTINCT c FROM sbtest6 WHERE id BETWEEN 5795825 AND 5796824 ORDER BY c
	Unique  (cost=3941.18..3946.22 rows=1008 width=121)
	  ->  Sort  (cost=3941.18..3943.70 rows=1008 width=121)
	        Sort Key: c
	        ->  Bitmap Heap Scan on sbtest6  (cost=22.77..3890.89 rows=1008 width=121)
	              Recheck Cond: ((id >= 5795825) AND (id <= 5796824))
	              ->  Bitmap Index Scan on sbtest6_pkey  (cost=0.00..22.51 rows=1008 width=0)
	                    Index Cond: ((id >= 5795825) AND (id <= 5796824))

table 7 : explain SELECT DISTINCT c FROM sbtest7 WHERE id BETWEEN 7740952 AND 7741951 ORDER BY c
	Unique  (cost=3884.96..3889.92 rows=993 width=121)
	  ->  Sort  (cost=3884.96..3887.44 rows=993 width=121)
	        Sort Key: c
	        ->  Bitmap Heap Scan on sbtest7  (cost=22.61..3835.53 rows=993 width=121)
	              Recheck Cond: ((id >= 7740952) AND (id <= 7741951))
	              ->  Bitmap Index Scan on sbtest7_pkey  (cost=0.00..22.36 rows=993 width=0)
	                    Index Cond: ((id >= 7740952) AND (id <= 7741951))

table 8 : explain SELECT DISTINCT c FROM sbtest8 WHERE id BETWEEN 2303665 AND 2304664 ORDER BY c
	Unique  (cost=3942.20..3947.24 rows=1008 width=121)
	  ->  Sort  (cost=3942.20..3944.72 rows=1008 width=121)
	        Sort Key: c
	        ->  Bitmap Heap Scan on sbtest8  (cost=22.77..3891.91 rows=1008 width=121)
	              Recheck Cond: ((id >= 2303665) AND (id <= 2304664))
	              ->  Bitmap Index Scan on sbtest8_pkey  (cost=0.00..22.51 rows=1008 width=0)
	                    Index Cond: ((id >= 2303665) AND (id <= 2304664))

for: sum_ranges
table 1 : explain SELECT SUM(k) FROM sbtest1 WHERE id BETWEEN 3906726 AND 3907725
	Aggregate  (cost=4130.21..4130.22 rows=1 width=8)
	  ->  Bitmap Heap Scan on sbtest1  (cost=23.41..4127.53 rows=1071 width=4)
	        Recheck Cond: ((id >= 3906726) AND (id <= 3907725))
	        ->  Bitmap Index Scan on sbtest1_pkey  (cost=0.00..23.14 rows=1071 width=0)
	              Index Cond: ((id >= 3906726) AND (id <= 3907725))

table 2 : explain SELECT SUM(k) FROM sbtest2 WHERE id BETWEEN 1191850 AND 1192849
	Aggregate  (cost=3715.75..3715.76 rows=1 width=8)
	  ->  Bitmap Heap Scan on sbtest2  (cost=22.29..3713.35 rows=961 width=4)
	        Recheck Cond: ((id >= 1191850) AND (id <= 1192849))
	        ->  Bitmap Index Scan on sbtest2_pkey  (cost=0.00..22.04 rows=961 width=0)
	              Index Cond: ((id >= 1191850) AND (id <= 1192849))

table 3 : explain SELECT SUM(k) FROM sbtest3 WHERE id BETWEEN 6719868 AND 6720867
	Aggregate  (cost=3231.81..3231.82 rows=1 width=8)
	  ->  Bitmap Heap Scan on sbtest3  (cost=20.97..3229.73 rows=833 width=4)
	        Recheck Cond: ((id >= 6719868) AND (id <= 6720867))
	        ->  Bitmap Index Scan on sbtest3_pkey  (cost=0.00..20.76 rows=833 width=0)
	              Index Cond: ((id >= 6719868) AND (id <= 6720867))

table 4 : explain SELECT SUM(k) FROM sbtest4 WHERE id BETWEEN 5653291 AND 5654290
	Aggregate  (cost=3836.45..3836.46 rows=1 width=8)
	  ->  Bitmap Heap Scan on sbtest4  (cost=22.61..3833.97 rows=993 width=4)
	        Recheck Cond: ((id >= 5653291) AND (id <= 5654290))
	        ->  Bitmap Index Scan on sbtest4_pkey  (cost=0.00..22.36 rows=993 width=0)
	              Index Cond: ((id >= 5653291) AND (id <= 5654290))

table 5 : explain SELECT SUM(k) FROM sbtest5 WHERE id BETWEEN 5213347 AND 5214346
	Aggregate  (cost=4075.08..4075.09 rows=1 width=8)
	  ->  Bitmap Heap Scan on sbtest5  (cost=23.26..4072.44 rows=1056 width=4)
	        Recheck Cond: ((id >= 5213347) AND (id <= 5214346))
	        ->  Bitmap Index Scan on sbtest5_pkey  (cost=0.00..23.00 rows=1056 width=0)
	              Index Cond: ((id >= 5213347) AND (id <= 5214346))

table 6 : explain SELECT SUM(k) FROM sbtest6 WHERE id BETWEEN 8131351 AND 8132350
	Aggregate  (cost=3863.27..3863.28 rows=1 width=8)
	  ->  Bitmap Heap Scan on sbtest6  (cost=22.68..3860.77 rows=1000 width=4)
	        Recheck Cond: ((id >= 8131351) AND (id <= 8132350))
	        ->  Bitmap Index Scan on sbtest6_pkey  (cost=0.00..22.43 rows=1000 width=0)
	              Index Cond: ((id >= 8131351) AND (id <= 8132350))

table 7 : explain SELECT SUM(k) FROM sbtest7 WHERE id BETWEEN 9638033 AND 9639032
	Aggregate  (cost=4372.45..4372.46 rows=1 width=8)
	  ->  Bitmap Heap Scan on sbtest7  (cost=28.07..4369.61 rows=1135 width=4)
	        Recheck Cond: ((id >= 9638033) AND (id <= 9639032))
	        ->  Bitmap Index Scan on sbtest7_pkey  (cost=0.00..27.79 rows=1135 width=0)
	              Index Cond: ((id >= 9638033) AND (id <= 9639032))

table 8 : explain SELECT SUM(k) FROM sbtest8 WHERE id BETWEEN 6906562 AND 6907561
	Aggregate  (cost=3645.42..3645.43 rows=1 width=8)
	  ->  Bitmap Heap Scan on sbtest8  (cost=22.09..3643.07 rows=942 width=4)
	        Recheck Cond: ((id >= 6906562) AND (id <= 6907561))
	        ->  Bitmap Index Scan on sbtest8_pkey  (cost=0.00..21.86 rows=942 width=0)
	              Index Cond: ((id >= 6906562) AND (id <= 6907561))

for: order_ranges
table 1 : explain SELECT c FROM sbtest1 WHERE id BETWEEN 3322531 AND 3323530 ORDER BY c
	Sort  (cost=3745.88..3748.27 rows=957 width=121)
	  Sort Key: c
	  ->  Bitmap Heap Scan on sbtest1  (cost=22.24..3698.50 rows=957 width=121)
	        Recheck Cond: ((id >= 3322531) AND (id <= 3323530))
	        ->  Bitmap Index Scan on sbtest1_pkey  (cost=0.00..22.00 rows=957 width=0)
	              Index Cond: ((id >= 3322531) AND (id <= 3323530))

table 2 : explain SELECT c FROM sbtest2 WHERE id BETWEEN 4175810 AND 4176809 ORDER BY c
	Sort  (cost=4169.72..4172.39 rows=1068 width=121)
	  Sort Key: c
	  ->  Bitmap Heap Scan on sbtest2  (cost=23.38..4115.99 rows=1068 width=121)
	        Recheck Cond: ((id >= 4175810) AND (id <= 4176809))
	        ->  Bitmap Index Scan on sbtest2_pkey  (cost=0.00..23.11 rows=1068 width=0)
	              Index Cond: ((id >= 4175810) AND (id <= 4176809))

table 3 : explain SELECT c FROM sbtest3 WHERE id BETWEEN 5205930 AND 5206929 ORDER BY c
	Sort  (cost=3914.01..3916.51 rows=1001 width=121)
	  Sort Key: c
	  ->  Bitmap Heap Scan on sbtest3  (cost=22.70..3864.12 rows=1001 width=121)
	        Recheck Cond: ((id >= 5205930) AND (id <= 5206929))
	        ->  Bitmap Index Scan on sbtest3_pkey  (cost=0.00..22.44 rows=1001 width=0)
	              Index Cond: ((id >= 5205930) AND (id <= 5206929))

table 4 : explain SELECT c FROM sbtest4 WHERE id BETWEEN 319064 AND 320063 ORDER BY c
	Sort  (cost=3818.39..3820.83 rows=976 width=121)
	  Sort Key: c
	  ->  Bitmap Heap Scan on sbtest4  (cost=22.44..3769.93 rows=976 width=121)
	        Recheck Cond: ((id >= 319064) AND (id <= 320063))
	        ->  Bitmap Index Scan on sbtest4_pkey  (cost=0.00..22.19 rows=976 width=0)
	              Index Cond: ((id >= 319064) AND (id <= 320063))

table 5 : explain SELECT c FROM sbtest5 WHERE id BETWEEN 1790026 AND 1791025 ORDER BY c
	Sort  (cost=4110.20..4112.83 rows=1052 width=121)
	  Sort Key: c
	  ->  Bitmap Heap Scan on sbtest5  (cost=23.22..4057.40 rows=1052 width=121)
	        Recheck Cond: ((id >= 1790026) AND (id <= 1791025))
	        ->  Bitmap Index Scan on sbtest5_pkey  (cost=0.00..22.95 rows=1052 width=0)
	              Index Cond: ((id >= 1790026) AND (id <= 1791025))

table 6 : explain SELECT c FROM sbtest6 WHERE id BETWEEN 837084 AND 838083 ORDER BY c
	Sort  (cost=3673.36..3675.70 rows=938 width=121)
	  Sort Key: c
	  ->  Bitmap Heap Scan on sbtest6  (cost=22.05..3627.05 rows=938 width=121)
	        Recheck Cond: ((id >= 837084) AND (id <= 838083))
	        ->  Bitmap Index Scan on sbtest6_pkey  (cost=0.00..21.82 rows=938 width=0)
	              Index Cond: ((id >= 837084) AND (id <= 838083))

table 7 : explain SELECT c FROM sbtest7 WHERE id BETWEEN 263607 AND 264606 ORDER BY c
	Sort  (cost=4041.69..4044.27 rows=1034 width=121)
	  Sort Key: c
	  ->  Bitmap Heap Scan on sbtest7  (cost=23.03..3989.92 rows=1034 width=121)
	        Recheck Cond: ((id >= 263607) AND (id <= 264606))
	        ->  Bitmap Index Scan on sbtest7_pkey  (cost=0.00..22.77 rows=1034 width=0)
	              Index Cond: ((id >= 263607) AND (id <= 264606))

table 8 : explain SELECT c FROM sbtest8 WHERE id BETWEEN 492583 AND 493582 ORDER BY c
	Sort  (cost=4087.39..4090.01 rows=1046 width=121)
	  Sort Key: c
	  ->  Bitmap Heap Scan on sbtest8  (cost=23.16..4034.93 rows=1046 width=121)
	        Recheck Cond: ((id >= 492583) AND (id <= 493582))
	        ->  Bitmap Index Scan on sbtest8_pkey  (cost=0.00..22.89 rows=1046 width=0)
	              Index Cond: ((id >= 492583) AND (id <= 493582))

for: order_ranges
table 1 : explain SELECT c FROM sbtest1 WHERE id BETWEEN 6494941 AND 6495940 ORDER BY c
	Sort  (cost=4277.01..4279.75 rows=1096 width=121)
	  Sort Key: c
	  ->  Bitmap Heap Scan on sbtest1  (cost=27.67..4221.67 rows=1096 width=121)
	        Recheck Cond: ((id >= 6494941) AND (id <= 6495940))
	        ->  Bitmap Index Scan on sbtest1_pkey  (cost=0.00..27.39 rows=1096 width=0)
	              Index Cond: ((id >= 6494941) AND (id <= 6495940))

table 2 : explain SELECT c FROM sbtest2 WHERE id BETWEEN 4493276 AND 4494275 ORDER BY c
	Sort  (cost=3875.71..3878.18 rows=991 width=121)
	  Sort Key: c
	  ->  Bitmap Heap Scan on sbtest2  (cost=22.59..3826.39 rows=991 width=121)
	        Recheck Cond: ((id >= 4493276) AND (id <= 4494275))
	        ->  Bitmap Index Scan on sbtest2_pkey  (cost=0.00..22.34 rows=991 width=0)
	              Index Cond: ((id >= 4493276) AND (id <= 4494275))

table 3 : explain SELECT c FROM sbtest3 WHERE id BETWEEN 6528242 AND 6529241 ORDER BY c
	Sort  (cost=3940.76..3943.28 rows=1008 width=121)
	  Sort Key: c
	  ->  Bitmap Heap Scan on sbtest3  (cost=22.77..3890.47 rows=1008 width=121)
	        Recheck Cond: ((id >= 6528242) AND (id <= 6529241))
	        ->  Bitmap Index Scan on sbtest3_pkey  (cost=0.00..22.51 rows=1008 width=0)
	              Index Cond: ((id >= 6528242) AND (id <= 6529241))

table 4 : explain SELECT c FROM sbtest4 WHERE id BETWEEN 4117978 AND 4118977 ORDER BY c
	Sort  (cost=4085.83..4088.45 rows=1046 width=121)
	  Sort Key: c
	  ->  Bitmap Heap Scan on sbtest4  (cost=23.16..4033.37 rows=1046 width=121)
	        Recheck Cond: ((id >= 4117978) AND (id <= 4118977))
	        ->  Bitmap Index Scan on sbtest4_pkey  (cost=0.00..22.89 rows=1046 width=0)
	              Index Cond: ((id >= 4117978) AND (id <= 4118977))

table 5 : explain SELECT c FROM sbtest5 WHERE id BETWEEN 5104733 AND 5105732 ORDER BY c
	Sort  (cost=3842.66..3845.12 rows=982 width=121)
	  Sort Key: c
	  ->  Bitmap Heap Scan on sbtest5  (cost=22.50..3793.86 rows=982 width=121)
	        Recheck Cond: ((id >= 5104733) AND (id <= 5105732))
	        ->  Bitmap Index Scan on sbtest5_pkey  (cost=0.00..22.25 rows=982 width=0)
	              Index Cond: ((id >= 5104733) AND (id <= 5105732))

table 6 : explain SELECT c FROM sbtest6 WHERE id BETWEEN 8153599 AND 8154598 ORDER BY c
	Sort  (cost=3910.60..3913.10 rows=1000 width=121)
	  Sort Key: c
	  ->  Bitmap Heap Scan on sbtest6  (cost=22.68..3860.77 rows=1000 width=121)
	        Recheck Cond: ((id >= 8153599) AND (id <= 8154598))
	        ->  Bitmap Index Scan on sbtest6_pkey  (cost=0.00..22.43 rows=1000 width=0)
	              Index Cond: ((id >= 8153599) AND (id <= 8154598))

table 7 : explain SELECT c FROM sbtest7 WHERE id BETWEEN 9630860 AND 9631859 ORDER BY c
	Sort  (cost=4427.21..4430.04 rows=1135 width=121)
	  Sort Key: c
	  ->  Bitmap Heap Scan on sbtest7  (cost=28.07..4369.61 rows=1135 width=121)
	        Recheck Cond: ((id >= 9630860) AND (id <= 9631859))
	        ->  Bitmap Index Scan on sbtest7_pkey  (cost=0.00..27.79 rows=1135 width=0)
	              Index Cond: ((id >= 9630860) AND (id <= 9631859))

table 8 : explain SELECT c FROM sbtest8 WHERE id BETWEEN 4443341 AND 4444340 ORDER BY c
	Sort  (cost=3635.95..3638.27 rows=928 width=121)
	  Sort Key: c
	  ->  Bitmap Heap Scan on sbtest8  (cost=21.95..3590.21 rows=928 width=121)
	        Recheck Cond: ((id >= 4443341) AND (id <= 4444340))
	        ->  Bitmap Index Scan on sbtest8_pkey  (cost=0.00..21.71 rows=928 width=0)
	              Index Cond: ((id >= 4443341) AND (id <= 4444340))

for: sum_ranges
table 1 : explain SELECT SUM(k) FROM sbtest1 WHERE id BETWEEN 6801797 AND 6802796
	Aggregate  (cost=3443.99..3444.00 rows=1 width=8)
	  ->  Bitmap Heap Scan on sbtest1  (cost=21.55..3441.77 rows=889 width=4)
	        Recheck Cond: ((id >= 6801797) AND (id <= 6802796))
	        ->  Bitmap Index Scan on sbtest1_pkey  (cost=0.00..21.32 rows=889 width=0)
	              Index Cond: ((id >= 6801797) AND (id <= 6802796))

table 2 : explain SELECT SUM(k) FROM sbtest2 WHERE id BETWEEN 3492069 AND 3493068
	Aggregate  (cost=4201.32..4201.33 rows=1 width=8)
	  ->  Bitmap Heap Scan on sbtest2  (cost=23.61..4198.60 rows=1090 width=4)
	        Recheck Cond: ((id >= 3492069) AND (id <= 3493068))
	        ->  Bitmap Index Scan on sbtest2_pkey  (cost=0.00..23.33 rows=1090 width=0)
	              Index Cond: ((id >= 3492069) AND (id <= 3493068))

table 3 : explain SELECT SUM(k) FROM sbtest3 WHERE id BETWEEN 2203553 AND 2204552
	Aggregate  (cost=3779.94..3779.95 rows=1 width=8)
	  ->  Bitmap Heap Scan on sbtest3  (cost=22.46..3777.49 rows=978 width=4)
	        Recheck Cond: ((id >= 2203553) AND (id <= 2204552))
	        ->  Bitmap Index Scan on sbtest3_pkey  (cost=0.00..22.21 rows=978 width=0)
	              Index Cond: ((id >= 2203553) AND (id <= 2204552))

table 4 : explain SELECT SUM(k) FROM sbtest4 WHERE id BETWEEN 4926539 AND 4927538
	Aggregate  (cost=3561.01..3561.02 rows=1 width=8)
	  ->  Bitmap Heap Scan on sbtest4  (cost=21.87..3558.71 rows=920 width=4)
	        Recheck Cond: ((id >= 4926539) AND (id <= 4927538))
	        ->  Bitmap Index Scan on sbtest4_pkey  (cost=0.00..21.64 rows=920 width=0)
	              Index Cond: ((id >= 4926539) AND (id <= 4927538))

table 5 : explain SELECT SUM(k) FROM sbtest5 WHERE id BETWEEN 4637280 AND 4638279
	Aggregate  (cost=3785.00..3785.01 rows=1 width=8)
	  ->  Bitmap Heap Scan on sbtest5  (cost=22.47..3782.55 rows=979 width=4)
	        Recheck Cond: ((id >= 4637280) AND (id <= 4638279))
	        ->  Bitmap Index Scan on sbtest5_pkey  (cost=0.00..22.22 rows=979 width=0)
	              Index Cond: ((id >= 4637280) AND (id <= 4638279))

table 6 : explain SELECT SUM(k) FROM sbtest6 WHERE id BETWEEN 8637733 AND 8638732
	Aggregate  (cost=3946.14..3946.15 rows=1 width=8)
	  ->  Bitmap Heap Scan on sbtest6  (cost=22.91..3943.58 rows=1022 width=4)
	        Recheck Cond: ((id >= 8637733) AND (id <= 8638732))
	        ->  Bitmap Index Scan on sbtest6_pkey  (cost=0.00..22.65 rows=1022 width=0)
	              Index Cond: ((id >= 8637733) AND (id <= 8638732))

table 7 : explain SELECT SUM(k) FROM sbtest7 WHERE id BETWEEN 1590229 AND 1591228
	Aggregate  (cost=4045.21..4045.22 rows=1 width=8)
	  ->  Bitmap Heap Scan on sbtest7  (cost=23.18..4042.59 rows=1048 width=4)
	        Recheck Cond: ((id >= 1590229) AND (id <= 1591228))
	        ->  Bitmap Index Scan on sbtest7_pkey  (cost=0.00..22.91 rows=1048 width=0)
	              Index Cond: ((id >= 1590229) AND (id <= 1591228))

table 8 : explain SELECT SUM(k) FROM sbtest8 WHERE id BETWEEN 2846376 AND 2847375
	Aggregate  (cost=3709.61..3709.62 rows=1 width=8)
	  ->  Bitmap Heap Scan on sbtest8  (cost=22.26..3707.22 rows=959 width=4)
	        Recheck Cond: ((id >= 2846376) AND (id <= 2847375))
	        ->  Bitmap Index Scan on sbtest8_pkey  (cost=0.00..22.02 rows=959 width=0)
	              Index Cond: ((id >= 2846376) AND (id <= 2847375))

for: sum_ranges
table 1 : explain SELECT SUM(k) FROM sbtest1 WHERE id BETWEEN 5634952 AND 5635951
	Aggregate  (cost=3912.00..3912.01 rows=1 width=8)
	  ->  Bitmap Heap Scan on sbtest1  (cost=22.82..3909.46 rows=1013 width=4)
	        Recheck Cond: ((id >= 5634952) AND (id <= 5635951))
	        ->  Bitmap Index Scan on sbtest1_pkey  (cost=0.00..22.57 rows=1013 width=0)
	              Index Cond: ((id >= 5634952) AND (id <= 5635951))

table 2 : explain SELECT SUM(k) FROM sbtest2 WHERE id BETWEEN 3852688 AND 3853687
	Aggregate  (cost=3945.63..3945.64 rows=1 width=8)
	  ->  Bitmap Heap Scan on sbtest2  (cost=22.91..3943.07 rows=1022 width=4)
	        Recheck Cond: ((id >= 3852688) AND (id <= 3853687))
	        ->  Bitmap Index Scan on sbtest2_pkey  (cost=0.00..22.65 rows=1022 width=0)
	              Index Cond: ((id >= 3852688) AND (id <= 3853687))

table 3 : explain SELECT SUM(k) FROM sbtest3 WHERE id BETWEEN 2702243 AND 2703242
	Aggregate  (cost=3787.48..3787.49 rows=1 width=8)
	  ->  Bitmap Heap Scan on sbtest3  (cost=22.48..3785.03 rows=980 width=4)
	        Recheck Cond: ((id >= 2702243) AND (id <= 2703242))
	        ->  Bitmap Index Scan on sbtest3_pkey  (cost=0.00..22.23 rows=980 width=0)
	              Index Cond: ((id >= 2702243) AND (id <= 2703242))

table 4 : explain SELECT SUM(k) FROM sbtest4 WHERE id BETWEEN 9980100 AND 9981099
	Aggregate  (cost=3836.45..3836.46 rows=1 width=8)
	  ->  Bitmap Heap Scan on sbtest4  (cost=22.61..3833.97 rows=993 width=4)
	        Recheck Cond: ((id >= 9980100) AND (id <= 9981099))
	        ->  Bitmap Index Scan on sbtest4_pkey  (cost=0.00..22.36 rows=993 width=0)
	              Index Cond: ((id >= 9980100) AND (id <= 9981099))

table 5 : explain SELECT SUM(k) FROM sbtest5 WHERE id BETWEEN 3713175 AND 3714174
	Aggregate  (cost=3999.80..3999.81 rows=1 width=8)
	  ->  Bitmap Heap Scan on sbtest5  (cost=23.05..3997.21 rows=1036 width=4)
	        Recheck Cond: ((id >= 3713175) AND (id <= 3714174))
	        ->  Bitmap Index Scan on sbtest5_pkey  (cost=0.00..22.79 rows=1036 width=0)
	              Index Cond: ((id >= 3713175) AND (id <= 3714174))

table 6 : explain SELECT SUM(k) FROM sbtest6 WHERE id BETWEEN 8662878 AND 8663877
	Aggregate  (cost=3946.14..3946.15 rows=1 width=8)
	  ->  Bitmap Heap Scan on sbtest6  (cost=22.91..3943.58 rows=1022 width=4)
	        Recheck Cond: ((id >= 8662878) AND (id <= 8663877))
	        ->  Bitmap Index Scan on sbtest6_pkey  (cost=0.00..22.65 rows=1022 width=0)
	              Index Cond: ((id >= 8662878) AND (id <= 8663877))

table 7 : explain SELECT SUM(k) FROM sbtest7 WHERE id BETWEEN 1049090 AND 1050089
	Aggregate  (cost=3679.52..3679.53 rows=1 width=8)
	  ->  Bitmap Heap Scan on sbtest7  (cost=22.18..3677.15 rows=951 width=4)
	        Recheck Cond: ((id >= 1049090) AND (id <= 1050089))
	        ->  Bitmap Index Scan on sbtest7_pkey  (cost=0.00..21.94 rows=951 width=0)
	              Index Cond: ((id >= 1049090) AND (id <= 1050089))

table 8 : explain SELECT SUM(k) FROM sbtest8 WHERE id BETWEEN 9675413 AND 9676412
	Aggregate  (cost=3826.58..3826.59 rows=1 width=8)
	  ->  Bitmap Heap Scan on sbtest8  (cost=22.58..3824.10 rows=990 width=4)
	        Recheck Cond: ((id >= 9675413) AND (id <= 9676412))
	        ->  Bitmap Index Scan on sbtest8_pkey  (cost=0.00..22.33 rows=990 width=0)
	              Index Cond: ((id >= 9675413) AND (id <= 9676412))

for: sum_ranges
table 1 : explain SELECT SUM(k) FROM sbtest1 WHERE id BETWEEN 5051635 AND 5052634
	Aggregate  (cost=4152.76..4152.77 rows=1 width=8)
	  ->  Bitmap Heap Scan on sbtest1  (cost=23.47..4150.07 rows=1077 width=4)
	        Recheck Cond: ((id >= 5051635) AND (id <= 5052634))
	        ->  Bitmap Index Scan on sbtest1_pkey  (cost=0.00..23.20 rows=1077 width=0)
	              Index Cond: ((id >= 5051635) AND (id <= 5052634))

table 2 : explain SELECT SUM(k) FROM sbtest2 WHERE id BETWEEN 2279469 AND 2280468
	Aggregate  (cost=3564.74..3564.75 rows=1 width=8)
	  ->  Bitmap Heap Scan on sbtest2  (cost=21.88..3562.44 rows=921 width=4)
	        Recheck Cond: ((id >= 2279469) AND (id <= 2280468))
	        ->  Bitmap Index Scan on sbtest2_pkey  (cost=0.00..21.64 rows=921 width=0)
	              Index Cond: ((id >= 2279469) AND (id <= 2280468))

table 3 : explain SELECT SUM(k) FROM sbtest3 WHERE id BETWEEN 905299 AND 906298
	Aggregate  (cost=3934.42..3934.43 rows=1 width=8)
	  ->  Bitmap Heap Scan on sbtest3  (cost=22.88..3931.87 rows=1019 width=4)
	        Recheck Cond: ((id >= 905299) AND (id <= 906298))
	        ->  Bitmap Index Scan on sbtest3_pkey  (cost=0.00..22.62 rows=1019 width=0)
	              Index Cond: ((id >= 905299) AND (id <= 906298))

table 4 : explain SELECT SUM(k) FROM sbtest4 WHERE id BETWEEN 960274 AND 961273
	Aggregate  (cost=3719.57..3719.58 rows=1 width=8)
	  ->  Bitmap Heap Scan on sbtest4  (cost=22.30..3717.16 rows=962 width=4)
	        Recheck Cond: ((id >= 960274) AND (id <= 961273))
	        ->  Bitmap Index Scan on sbtest4_pkey  (cost=0.00..22.05 rows=962 width=0)
	              Index Cond: ((id >= 960274) AND (id <= 961273))

table 5 : explain SELECT SUM(k) FROM sbtest5 WHERE id BETWEEN 2869744 AND 2870743
	Aggregate  (cost=3950.85..3950.86 rows=1 width=8)
	  ->  Bitmap Heap Scan on sbtest5  (cost=22.92..3948.29 rows=1023 width=4)
	        Recheck Cond: ((id >= 2869744) AND (id <= 2870743))
	        ->  Bitmap Index Scan on sbtest5_pkey  (cost=0.00..22.66 rows=1023 width=0)
	              Index Cond: ((id >= 2869744) AND (id <= 2870743))

table 6 : explain SELECT SUM(k) FROM sbtest6 WHERE id BETWEEN 994852 AND 995851
	Aggregate  (cost=3625.62..3625.63 rows=1 width=8)
	  ->  Bitmap Heap Scan on sbtest6  (cost=22.04..3623.28 rows=937 width=4)
	        Recheck Cond: ((id >= 994852) AND (id <= 995851))
	        ->  Bitmap Index Scan on sbtest6_pkey  (cost=0.00..21.80 rows=937 width=0)
	              Index Cond: ((id >= 994852) AND (id <= 995851))

table 7 : explain SELECT SUM(k) FROM sbtest7 WHERE id BETWEEN 5300284 AND 5301283
	Aggregate  (cost=3573.74..3573.75 rows=1 width=8)
	  ->  Bitmap Heap Scan on sbtest7  (cost=21.90..3571.43 rows=923 width=4)
	        Recheck Cond: ((id >= 5300284) AND (id <= 5301283))
	        ->  Bitmap Index Scan on sbtest7_pkey  (cost=0.00..21.66 rows=923 width=0)
	              Index Cond: ((id >= 5300284) AND (id <= 5301283))

table 8 : explain SELECT SUM(k) FROM sbtest8 WHERE id BETWEEN 1588110 AND 1589109
	Aggregate  (cost=3935.88..3935.89 rows=1 width=8)
	  ->  Bitmap Heap Scan on sbtest8  (cost=22.88..3933.33 rows=1019 width=4)
	        Recheck Cond: ((id >= 1588110) AND (id <= 1589109))
	        ->  Bitmap Index Scan on sbtest8_pkey  (cost=0.00..22.62 rows=1019 width=0)
	              Index Cond: ((id >= 1588110) AND (id <= 1589109))

for: order_ranges
table 1 : explain SELECT c FROM sbtest1 WHERE id BETWEEN 1746851 AND 1747850 ORDER BY c
	Sort  (cost=4185.24..4187.92 rows=1072 width=121)
	  Sort Key: c
	  ->  Bitmap Heap Scan on sbtest1  (cost=23.42..4131.29 rows=1072 width=121)
	        Recheck Cond: ((id >= 1746851) AND (id <= 1747850))
	        ->  Bitmap Index Scan on sbtest1_pkey  (cost=0.00..23.15 rows=1072 width=0)
	              Index Cond: ((id >= 1746851) AND (id <= 1747850))

table 2 : explain SELECT c FROM sbtest2 WHERE id BETWEEN 1389606 AND 1390605 ORDER BY c
	Sort  (cost=3910.11..3912.61 rows=1000 width=121)
	  Sort Key: c
	  ->  Bitmap Heap Scan on sbtest2  (cost=22.68..3860.28 rows=1000 width=121)
	        Recheck Cond: ((id >= 1389606) AND (id <= 1390605))
	        ->  Bitmap Index Scan on sbtest2_pkey  (cost=0.00..22.43 rows=1000 width=0)
	              Index Cond: ((id >= 1389606) AND (id <= 1390605))

table 3 : explain SELECT c FROM sbtest3 WHERE id BETWEEN 8761611 AND 8762610 ORDER BY c
	Sort  (cost=3936.94..3939.45 rows=1007 width=121)
	  Sort Key: c
	  ->  Bitmap Heap Scan on sbtest3  (cost=22.76..3886.71 rows=1007 width=121)
	        Recheck Cond: ((id >= 8761611) AND (id <= 8762610))
	        ->  Bitmap Index Scan on sbtest3_pkey  (cost=0.00..22.50 rows=1007 width=0)
	              Index Cond: ((id >= 8761611) AND (id <= 8762610))

table 4 : explain SELECT c FROM sbtest4 WHERE id BETWEEN 5188882 AND 5189881 ORDER BY c
	Sort  (cost=3875.75..3878.23 rows=991 width=121)
	  Sort Key: c
	  ->  Bitmap Heap Scan on sbtest4  (cost=22.59..3826.43 rows=991 width=121)
	        Recheck Cond: ((id >= 5188882) AND (id <= 5189881))
	        ->  Bitmap Index Scan on sbtest4_pkey  (cost=0.00..22.34 rows=991 width=0)
	              Index Cond: ((id >= 5188882) AND (id <= 5189881))

table 5 : explain SELECT c FROM sbtest5 WHERE id BETWEEN 9363871 AND 9364870 ORDER BY c
	Sort  (cost=3896.22..3898.71 rows=996 width=121)
	  Sort Key: c
	  ->  Bitmap Heap Scan on sbtest5  (cost=22.64..3846.62 rows=996 width=121)
	        Recheck Cond: ((id >= 9363871) AND (id <= 9364870))
	        ->  Bitmap Index Scan on sbtest5_pkey  (cost=0.00..22.39 rows=996 width=0)
	              Index Cond: ((id >= 9363871) AND (id <= 9364870))

table 6 : explain SELECT c FROM sbtest6 WHERE id BETWEEN 8794214 AND 8795213 ORDER BY c
	Sort  (cost=3504.70..3506.93 rows=894 width=121)
	  Sort Key: c
	  ->  Bitmap Heap Scan on sbtest6  (cost=21.60..3460.87 rows=894 width=121)
	        Recheck Cond: ((id >= 8794214) AND (id <= 8795213))
	        ->  Bitmap Index Scan on sbtest6_pkey  (cost=0.00..21.37 rows=894 width=0)
	              Index Cond: ((id >= 8794214) AND (id <= 8795213))

table 7 : explain SELECT c FROM sbtest7 WHERE id BETWEEN 5926991 AND 5927990 ORDER BY c
	Sort  (cost=4163.88..4166.54 rows=1066 width=121)
	  Sort Key: c
	  ->  Bitmap Heap Scan on sbtest7  (cost=23.36..4110.27 rows=1066 width=121)
	        Recheck Cond: ((id >= 5926991) AND (id <= 5927990))
	        ->  Bitmap Index Scan on sbtest7_pkey  (cost=0.00..23.09 rows=1066 width=0)
	              Index Cond: ((id >= 5926991) AND (id <= 5927990))

table 8 : explain SELECT c FROM sbtest8 WHERE id BETWEEN 4651351 AND 4652350 ORDER BY c
	Sort  (cost=4240.23..4242.94 rows=1085 width=121)
	  Sort Key: c
	  ->  Bitmap Heap Scan on sbtest8  (cost=27.56..4185.53 rows=1085 width=121)
	        Recheck Cond: ((id >= 4651351) AND (id <= 4652350))
	        ->  Bitmap Index Scan on sbtest8_pkey  (cost=0.00..27.29 rows=1085 width=0)
	              Index Cond: ((id >= 4651351) AND (id <= 4652350))

for: order_ranges
table 1 : explain SELECT c FROM sbtest1 WHERE id BETWEEN 8847439 AND 8848438 ORDER BY c
	Sort  (cost=3715.26..3717.63 rows=949 width=121)
	  Sort Key: c
	  ->  Bitmap Heap Scan on sbtest1  (cost=22.16..3668.33 rows=949 width=121)
	        Recheck Cond: ((id >= 8847439) AND (id <= 8848438))
	        ->  Bitmap Index Scan on sbtest1_pkey  (cost=0.00..21.93 rows=949 width=0)
	              Index Cond: ((id >= 8847439) AND (id <= 8848438))

table 2 : explain SELECT c FROM sbtest2 WHERE id BETWEEN 7857917 AND 7858916 ORDER BY c
	Sort  (cost=4066.70..4069.31 rows=1041 width=121)
	  Sort Key: c
	  ->  Bitmap Heap Scan on sbtest2  (cost=23.11..4014.53 rows=1041 width=121)
	        Recheck Cond: ((id >= 7857917) AND (id <= 7858916))
	        ->  Bitmap Index Scan on sbtest2_pkey  (cost=0.00..22.84 rows=1041 width=0)
	              Index Cond: ((id >= 7857917) AND (id <= 7858916))

table 3 : explain SELECT c FROM sbtest3 WHERE id BETWEEN 2042616 AND 2043615 ORDER BY c
	Sort  (cost=4135.47..4138.12 rows=1059 width=121)
	  Sort Key: c
	  ->  Bitmap Heap Scan on sbtest3  (cost=23.29..4082.27 rows=1059 width=121)
	        Recheck Cond: ((id >= 2042616) AND (id <= 2043615))
	        ->  Bitmap Index Scan on sbtest3_pkey  (cost=0.00..23.02 rows=1059 width=0)
	              Index Cond: ((id >= 2042616) AND (id <= 2043615))

table 4 : explain SELECT c FROM sbtest4 WHERE id BETWEEN 5154595 AND 5155594 ORDER BY c
	Sort  (cost=4165.95..4168.62 rows=1067 width=121)
	  Sort Key: c
	  ->  Bitmap Heap Scan on sbtest4  (cost=23.37..4112.29 rows=1067 width=121)
	        Recheck Cond: ((id >= 5154595) AND (id <= 5155594))
	        ->  Bitmap Index Scan on sbtest4_pkey  (cost=0.00..23.11 rows=1067 width=0)
	              Index Cond: ((id >= 5154595) AND (id <= 5155594))

table 5 : explain SELECT c FROM sbtest5 WHERE id BETWEEN 8699890 AND 8700889 ORDER BY c
	Sort  (cost=3685.68..3688.03 rows=941 width=121)
	  Sort Key: c
	  ->  Bitmap Heap Scan on sbtest5  (cost=22.08..3639.21 rows=941 width=121)
	        Recheck Cond: ((id >= 8699890) AND (id <= 8700889))
	        ->  Bitmap Index Scan on sbtest5_pkey  (cost=0.00..21.84 rows=941 width=0)
	              Index Cond: ((id >= 8699890) AND (id <= 8700889))

table 6 : explain SELECT c FROM sbtest6 WHERE id BETWEEN 6130414 AND 6131413 ORDER BY c
	Sort  (cost=4189.33..4192.01 rows=1073 width=121)
	  Sort Key: c
	  ->  Bitmap Heap Scan on sbtest6  (cost=23.43..4135.32 rows=1073 width=121)
	        Recheck Cond: ((id >= 6130414) AND (id <= 6131413))
	        ->  Bitmap Index Scan on sbtest6_pkey  (cost=0.00..23.16 rows=1073 width=0)
	              Index Cond: ((id >= 6130414) AND (id <= 6131413))

table 7 : explain SELECT c FROM sbtest7 WHERE id BETWEEN 2847601 AND 2848600 ORDER BY c
	Sort  (cost=3949.97..3952.49 rows=1010 width=121)
	  Sort Key: c
	  ->  Bitmap Heap Scan on sbtest7  (cost=22.79..3899.57 rows=1010 width=121)
	        Recheck Cond: ((id >= 2847601) AND (id <= 2848600))
	        ->  Bitmap Index Scan on sbtest7_pkey  (cost=0.00..22.54 rows=1010 width=0)
	              Index Cond: ((id >= 2847601) AND (id <= 2848600))

table 8 : explain SELECT c FROM sbtest8 WHERE id BETWEEN 1832364 AND 1833363 ORDER BY c
	Sort  (cost=4228.79..4231.49 rows=1082 width=121)
	  Sort Key: c
	  ->  Bitmap Heap Scan on sbtest8  (cost=27.53..4174.26 rows=1082 width=121)
	        Recheck Cond: ((id >= 1832364) AND (id <= 1833363))
	        ->  Bitmap Index Scan on sbtest8_pkey  (cost=0.00..27.25 rows=1082 width=0)
	              Index Cond: ((id >= 1832364) AND (id <= 1833363))

explain: for point_selects :: explain SELECT c FROM sbtest%u WHERE id=%u
explain: for point_selects :: explain SELECT c FROM sbtest%u WHERE id=%u
for: order_ranges
table 1 : explain SELECT c FROM sbtest1 WHERE id BETWEEN 8581368 AND 8582367 ORDER BY c
	Sort  (cost=3853.01..3855.47 rows=985 width=121)
	  Sort Key: c
	  ->  Bitmap Heap Scan on sbtest1  (cost=22.53..3804.03 rows=985 width=121)
	        Recheck Cond: ((id >= 8581368) AND (id <= 8582367))
	        ->  Bitmap Index Scan on sbtest1_pkey  (cost=0.00..22.29 rows=985 width=0)
	              Index Cond: ((id >= 8581368) AND (id <= 8582367))

table 2 : explain SELECT c FROM sbtest2 WHERE id BETWEEN 8902818 AND 8903817 ORDER BY c
	Sort  (cost=3902.46..3904.96 rows=998 width=121)
	  Sort Key: c
	  ->  Bitmap Heap Scan on sbtest2  (cost=22.66..3852.75 rows=998 width=121)
	        Recheck Cond: ((id >= 8902818) AND (id <= 8903817))
	        ->  Bitmap Index Scan on sbtest2_pkey  (cost=0.00..22.41 rows=998 width=0)
	              Index Cond: ((id >= 8902818) AND (id <= 8903817))

table 3 : explain SELECT c FROM sbtest3 WHERE id BETWEEN 5933990 AND 5934989 ORDER BY c
	Sort  (cost=3875.78..3878.26 rows=991 width=121)
	  Sort Key: c
	  ->  Bitmap Heap Scan on sbtest3  (cost=22.59..3826.47 rows=991 width=121)
	        Recheck Cond: ((id >= 5933990) AND (id <= 5934989))
	        ->  Bitmap Index Scan on sbtest3_pkey  (cost=0.00..22.34 rows=991 width=0)
	              Index Cond: ((id >= 5933990) AND (id <= 5934989))

table 4 : explain SELECT c FROM sbtest4 WHERE id BETWEEN 1560423 AND 1561422 ORDER BY c
	Sort  (cost=4192.65..4195.33 rows=1074 width=121)
	  Sort Key: c
	  ->  Bitmap Heap Scan on sbtest4  (cost=23.44..4138.58 rows=1074 width=121)
	        Recheck Cond: ((id >= 1560423) AND (id <= 1561422))
	        ->  Bitmap Index Scan on sbtest4_pkey  (cost=0.00..23.18 rows=1074 width=0)
	              Index Cond: ((id >= 1560423) AND (id <= 1561422))

table 5 : explain SELECT c FROM sbtest5 WHERE id BETWEEN 6876422 AND 6877421 ORDER BY c
	Sort  (cost=3712.50..3714.87 rows=948 width=121)
	  Sort Key: c
	  ->  Bitmap Heap Scan on sbtest5  (cost=22.15..3665.63 rows=948 width=121)
	        Recheck Cond: ((id >= 6876422) AND (id <= 6877421))
	        ->  Bitmap Index Scan on sbtest5_pkey  (cost=0.00..21.91 rows=948 width=0)
	              Index Cond: ((id >= 6876422) AND (id <= 6877421))

table 6 : explain SELECT c FROM sbtest6 WHERE id BETWEEN 2865669 AND 2866668 ORDER BY c
	Sort  (cost=4334.44..4337.22 rows=1111 width=121)
	  Sort Key: c
	  ->  Bitmap Heap Scan on sbtest6  (cost=27.82..4278.24 rows=1111 width=121)
	        Recheck Cond: ((id >= 2865669) AND (id <= 2866668))
	        ->  Bitmap Index Scan on sbtest6_pkey  (cost=0.00..27.54 rows=1111 width=0)
	              Index Cond: ((id >= 2865669) AND (id <= 2866668))

table 7 : explain SELECT c FROM sbtest7 WHERE id BETWEEN 4716675 AND 4717674 ORDER BY c
	Sort  (cost=3984.37..3986.92 rows=1019 width=121)
	  Sort Key: c
	  ->  Bitmap Heap Scan on sbtest7  (cost=22.88..3933.46 rows=1019 width=121)
	        Recheck Cond: ((id >= 4716675) AND (id <= 4717674))
	        ->  Bitmap Index Scan on sbtest7_pkey  (cost=0.00..22.62 rows=1019 width=0)
	              Index Cond: ((id >= 4716675) AND (id <= 4717674))

table 8 : explain SELECT c FROM sbtest8 WHERE id BETWEEN 6605004 AND 6606003 ORDER BY c
	Sort  (cost=3838.93..3841.38 rows=981 width=121)
	  Sort Key: c
	  ->  Bitmap Heap Scan on sbtest8  (cost=22.49..3790.18 rows=981 width=121)
	        Recheck Cond: ((id >= 6605004) AND (id <= 6606003))
	        ->  Bitmap Index Scan on sbtest8_pkey  (cost=0.00..22.25 rows=981 width=0)
	              Index Cond: ((id >= 6605004) AND (id <= 6606003))

for: distinct_ranges
table 1 : explain SELECT DISTINCT c FROM sbtest1 WHERE id BETWEEN 1162338 AND 1163337 ORDER BY c
	Unique  (cost=4032.61..4037.77 rows=1032 width=121)
	  ->  Sort  (cost=4032.61..4035.19 rows=1032 width=121)
	        Sort Key: c
	        ->  Bitmap Heap Scan on sbtest1  (cost=23.01..3980.95 rows=1032 width=121)
	              Recheck Cond: ((id >= 1162338) AND (id <= 1163337))
	              ->  Bitmap Index Scan on sbtest1_pkey  (cost=0.00..22.75 rows=1032 width=0)
	                    Index Cond: ((id >= 1162338) AND (id <= 1163337))

table 2 : explain SELECT DISTINCT c FROM sbtest2 WHERE id BETWEEN 671653 AND 672652 ORDER BY c
	Unique  (cost=3860.41..3865.35 rows=987 width=121)
	  ->  Sort  (cost=3860.41..3862.88 rows=987 width=121)
	        Sort Key: c
	        ->  Bitmap Heap Scan on sbtest2  (cost=22.55..3811.32 rows=987 width=121)
	              Recheck Cond: ((id >= 671653) AND (id <= 672652))
	              ->  Bitmap Index Scan on sbtest2_pkey  (cost=0.00..22.30 rows=987 width=0)
	                    Index Cond: ((id >= 671653) AND (id <= 672652))

table 3 : explain SELECT DISTINCT c FROM sbtest3 WHERE id BETWEEN 1346440 AND 1347439 ORDER BY c
	Unique  (cost=3795.47..3800.32 rows=970 width=121)
	  ->  Sort  (cost=3795.47..3797.89 rows=970 width=121)
	        Sort Key: c
	        ->  Bitmap Heap Scan on sbtest3  (cost=22.38..3747.35 rows=970 width=121)
	              Recheck Cond: ((id >= 1346440) AND (id <= 1347439))
	              ->  Bitmap Index Scan on sbtest3_pkey  (cost=0.00..22.14 rows=970 width=0)
	                    Index Cond: ((id >= 1346440) AND (id <= 1347439))

table 4 : explain SELECT DISTINCT c FROM sbtest4 WHERE id BETWEEN 6600428 AND 6601427 ORDER BY c
	Unique  (cost=3734.21..3738.98 rows=954 width=121)
	  ->  Sort  (cost=3734.21..3736.59 rows=954 width=121)
	        Sort Key: c
	        ->  Bitmap Heap Scan on sbtest4  (cost=22.21..3687.00 rows=954 width=121)
	              Recheck Cond: ((id >= 6600428) AND (id <= 6601427))
	              ->  Bitmap Index Scan on sbtest4_pkey  (cost=0.00..21.97 rows=954 width=0)
	                    Index Cond: ((id >= 6600428) AND (id <= 6601427))

table 5 : explain SELECT DISTINCT c FROM sbtest5 WHERE id BETWEEN 7045531 AND 7046530 ORDER BY c
	Unique  (cost=3930.63..3935.66 rows=1005 width=121)
	  ->  Sort  (cost=3930.63..3933.15 rows=1005 width=121)
	        Sort Key: c
	        ->  Bitmap Heap Scan on sbtest5  (cost=22.74..3880.52 rows=1005 width=121)
	              Recheck Cond: ((id >= 7045531) AND (id <= 7046530))
	              ->  Bitmap Index Scan on sbtest5_pkey  (cost=0.00..22.48 rows=1005 width=0)
	                    Index Cond: ((id >= 7045531) AND (id <= 7046530))

table 6 : explain SELECT DISTINCT c FROM sbtest6 WHERE id BETWEEN 7973515 AND 7974514 ORDER BY c
	Unique  (cost=4055.77..4060.96 rows=1038 width=121)
	  ->  Sort  (cost=4055.77..4058.37 rows=1038 width=121)
	        Sort Key: c
	        ->  Bitmap Heap Scan on sbtest6  (cost=23.07..4003.77 rows=1038 width=121)
	              Recheck Cond: ((id >= 7973515) AND (id <= 7974514))
	              ->  Bitmap Index Scan on sbtest6_pkey  (cost=0.00..22.82 rows=1038 width=0)
	                    Index Cond: ((id >= 7973515) AND (id <= 7974514))

table 7 : explain SELECT DISTINCT c FROM sbtest7 WHERE id BETWEEN 1229115 AND 1230114 ORDER BY c
	Unique  (cost=4053.15..4058.33 rows=1037 width=121)
	  ->  Sort  (cost=4053.15..4055.74 rows=1037 width=121)
	        Sort Key: c
	        ->  Bitmap Heap Scan on sbtest7  (cost=23.06..4001.21 rows=1037 width=121)
	              Recheck Cond: ((id >= 1229115) AND (id <= 1230114))
	              ->  Bitmap Index Scan on sbtest7_pkey  (cost=0.00..22.80 rows=1037 width=0)
	                    Index Cond: ((id >= 1229115) AND (id <= 1230114))

table 8 : explain SELECT DISTINCT c FROM sbtest8 WHERE id BETWEEN 5289301 AND 5290300 ORDER BY c
	Unique  (cost=3819.79..3824.67 rows=976 width=121)
	  ->  Sort  (cost=3819.79..3822.23 rows=976 width=121)
	        Sort Key: c
	        ->  Bitmap Heap Scan on sbtest8  (cost=22.44..3771.33 rows=976 width=121)
	              Recheck Cond: ((id >= 5289301) AND (id <= 5290300))
	              ->  Bitmap Index Scan on sbtest8_pkey  (cost=0.00..22.19 rows=976 width=0)
	                    Index Cond: ((id >= 5289301) AND (id <= 5290300))

explain: for point_selects :: explain SELECT c FROM sbtest%u WHERE id=%u
for: distinct_ranges
table 1 : explain SELECT DISTINCT c FROM sbtest1 WHERE id BETWEEN 152031 AND 153030 ORDER BY c
	Unique  (cost=3952.39..3957.45 rows=1011 width=121)
	  ->  Sort  (cost=3952.39..3954.92 rows=1011 width=121)
	        Sort Key: c
	        ->  Bitmap Heap Scan on sbtest1  (cost=22.80..3901.94 rows=1011 width=121)
	              Recheck Cond: ((id >= 152031) AND (id <= 153030))
	              ->  Bitmap Index Scan on sbtest1_pkey  (cost=0.00..22.54 rows=1011 width=0)
	                    Index Cond: ((id >= 152031) AND (id <= 153030))

table 2 : explain SELECT DISTINCT c FROM sbtest2 WHERE id BETWEEN 4730121 AND 4731120 ORDER BY c
	Unique  (cost=3967.42..3972.50 rows=1015 width=121)
	  ->  Sort  (cost=3967.42..3969.96 rows=1015 width=121)
	        Sort Key: c
	        ->  Bitmap Heap Scan on sbtest2  (cost=22.84..3916.74 rows=1015 width=121)
	              Recheck Cond: ((id >= 4730121) AND (id <= 4731120))
	              ->  Bitmap Index Scan on sbtest2_pkey  (cost=0.00..22.58 rows=1015 width=0)
	                    Index Cond: ((id >= 4730121) AND (id <= 4731120))

table 3 : explain SELECT DISTINCT c FROM sbtest3 WHERE id BETWEEN 8438793 AND 8439792 ORDER BY c
	Unique  (cost=4085.87..4091.10 rows=1046 width=121)
	  ->  Sort  (cost=4085.87..4088.48 rows=1046 width=121)
	        Sort Key: c
	        ->  Bitmap Heap Scan on sbtest3  (cost=23.16..4033.41 rows=1046 width=121)
	              Recheck Cond: ((id >= 8438793) AND (id <= 8439792))
	              ->  Bitmap Index Scan on sbtest3_pkey  (cost=0.00..22.89 rows=1046 width=0)
	                    Index Cond: ((id >= 8438793) AND (id <= 8439792))

table 4 : explain SELECT DISTINCT c FROM sbtest4 WHERE id BETWEEN 8613556 AND 8614555 ORDER BY c
	Unique  (cost=3971.29..3976.37 rows=1016 width=121)
	  ->  Sort  (cost=3971.29..3973.83 rows=1016 width=121)
	        Sort Key: c
	        ->  Bitmap Heap Scan on sbtest4  (cost=22.85..3920.55 rows=1016 width=121)
	              Recheck Cond: ((id >= 8613556) AND (id <= 8614555))
	              ->  Bitmap Index Scan on sbtest4_pkey  (cost=0.00..22.59 rows=1016 width=0)
	                    Index Cond: ((id >= 8613556) AND (id <= 8614555))

table 5 : explain SELECT DISTINCT c FROM sbtest5 WHERE id BETWEEN 1963865 AND 1964864 ORDER BY c
	Unique  (cost=3708.67..3713.40 rows=947 width=121)
	  ->  Sort  (cost=3708.67..3711.04 rows=947 width=121)
	        Sort Key: c
	        ->  Bitmap Heap Scan on sbtest5  (cost=22.14..3661.85 rows=947 width=121)
	              Recheck Cond: ((id >= 1963865) AND (id <= 1964864))
	              ->  Bitmap Index Scan on sbtest5_pkey  (cost=0.00..21.90 rows=947 width=0)
	                    Index Cond: ((id >= 1963865) AND (id <= 1964864))

table 6 : explain SELECT DISTINCT c FROM sbtest6 WHERE id BETWEEN 9992914 AND 9993913 ORDER BY c
	Unique  (cost=4082.50..4087.72 rows=1045 width=121)
	  ->  Sort  (cost=4082.50..4085.11 rows=1045 width=121)
	        Sort Key: c
	        ->  Bitmap Heap Scan on sbtest6  (cost=23.15..4030.09 rows=1045 width=121)
	              Recheck Cond: ((id >= 9992914) AND (id <= 9993913))
	              ->  Bitmap Index Scan on sbtest6_pkey  (cost=0.00..22.89 rows=1045 width=0)
	                    Index Cond: ((id >= 9992914) AND (id <= 9993913))

table 7 : explain SELECT DISTINCT c FROM sbtest7 WHERE id BETWEEN 1869034 AND 1870033 ORDER BY c
	Unique  (cost=4098.98..4104.22 rows=1049 width=121)
	  ->  Sort  (cost=4098.98..4101.60 rows=1049 width=121)
	        Sort Key: c
	        ->  Bitmap Heap Scan on sbtest7  (cost=23.19..4046.35 rows=1049 width=121)
	              Recheck Cond: ((id >= 1869034) AND (id <= 1870033))
	              ->  Bitmap Index Scan on sbtest7_pkey  (cost=0.00..22.93 rows=1049 width=0)
	                    Index Cond: ((id >= 1869034) AND (id <= 1870033))

table 8 : explain SELECT DISTINCT c FROM sbtest8 WHERE id BETWEEN 6457759 AND 6458758 ORDER BY c
	Unique  (cost=4014.82..4019.95 rows=1027 width=121)
	  ->  Sort  (cost=4014.82..4017.38 rows=1027 width=121)
	        Sort Key: c
	        ->  Bitmap Heap Scan on sbtest8  (cost=22.96..3963.44 rows=1027 width=121)
	              Recheck Cond: ((id >= 6457759) AND (id <= 6458758))
	              ->  Bitmap Index Scan on sbtest8_pkey  (cost=0.00..22.70 rows=1027 width=0)
	                    Index Cond: ((id >= 6457759) AND (id <= 6458758))

for: order_ranges
table 1 : explain SELECT c FROM sbtest1 WHERE id BETWEEN 1179849 AND 1180848 ORDER BY c
	Sort  (cost=4032.61..4035.19 rows=1032 width=121)
	  Sort Key: c
	  ->  Bitmap Heap Scan on sbtest1  (cost=23.01..3980.95 rows=1032 width=121)
	        Recheck Cond: ((id >= 1179849) AND (id <= 1180848))
	        ->  Bitmap Index Scan on sbtest1_pkey  (cost=0.00..22.75 rows=1032 width=0)
	              Index Cond: ((id >= 1179849) AND (id <= 1180848))

table 2 : explain SELECT c FROM sbtest2 WHERE id BETWEEN 2797783 AND 2798782 ORDER BY c
	Sort  (cost=3508.12..3510.35 rows=895 width=121)
	  Sort Key: c
	  ->  Bitmap Heap Scan on sbtest2  (cost=21.61..3464.24 rows=895 width=121)
	        Recheck Cond: ((id >= 2797783) AND (id <= 2798782))
	        ->  Bitmap Index Scan on sbtest2_pkey  (cost=0.00..21.39 rows=895 width=0)
	              Index Cond: ((id >= 2797783) AND (id <= 2798782))

table 3 : explain SELECT c FROM sbtest3 WHERE id BETWEEN 7633346 AND 7634345 ORDER BY c
	Sort  (cost=3650.00..3652.33 rows=932 width=121)
	  Sort Key: c
	  ->  Bitmap Heap Scan on sbtest3  (cost=21.99..3604.03 rows=932 width=121)
	        Recheck Cond: ((id >= 7633346) AND (id <= 7634345))
	        ->  Bitmap Index Scan on sbtest3_pkey  (cost=0.00..21.75 rows=932 width=0)
	              Index Cond: ((id >= 7633346) AND (id <= 7634345))

table 4 : explain SELECT c FROM sbtest4 WHERE id BETWEEN 8253850 AND 8254849 ORDER BY c
	Sort  (cost=4009.48..4012.05 rows=1026 width=121)
	  Sort Key: c
	  ->  Bitmap Heap Scan on sbtest4  (cost=22.95..3958.17 rows=1026 width=121)
	        Recheck Cond: ((id >= 8253850) AND (id <= 8254849))
	        ->  Bitmap Index Scan on sbtest4_pkey  (cost=0.00..22.69 rows=1026 width=0)
	              Index Cond: ((id >= 8253850) AND (id <= 8254849))

table 5 : explain SELECT c FROM sbtest5 WHERE id BETWEEN 4799675 AND 4800674 ORDER BY c
	Sort  (cost=3681.85..3684.20 rows=940 width=121)
	  Sort Key: c
	  ->  Bitmap Heap Scan on sbtest5  (cost=22.07..3635.43 rows=940 width=121)
	        Recheck Cond: ((id >= 4799675) AND (id <= 4800674))
	        ->  Bitmap Index Scan on sbtest5_pkey  (cost=0.00..21.83 rows=940 width=0)
	              Index Cond: ((id >= 4799675) AND (id <= 4800674))

table 6 : explain SELECT c FROM sbtest6 WHERE id BETWEEN 9139972 AND 9140971 ORDER BY c
	Sort  (cost=4638.83..4641.81 rows=1191 width=121)
	  Sort Key: c
	  ->  Bitmap Heap Scan on sbtest6  (cost=28.64..4577.99 rows=1191 width=121)
	        Recheck Cond: ((id >= 9139972) AND (id <= 9140971))
	        ->  Bitmap Index Scan on sbtest6_pkey  (cost=0.00..28.34 rows=1191 width=0)
	              Index Cond: ((id >= 9139972) AND (id <= 9140971))

table 7 : explain SELECT c FROM sbtest7 WHERE id BETWEEN 1626538 AND 1627537 ORDER BY c
	Sort  (cost=4095.16..4097.78 rows=1048 width=121)
	  Sort Key: c
	  ->  Bitmap Heap Scan on sbtest7  (cost=23.18..4042.59 rows=1048 width=121)
	        Recheck Cond: ((id >= 1626538) AND (id <= 1627537))
	        ->  Bitmap Index Scan on sbtest7_pkey  (cost=0.00..22.91 rows=1048 width=0)
	              Index Cond: ((id >= 1626538) AND (id <= 1627537))

table 8 : explain SELECT c FROM sbtest8 WHERE id BETWEEN 7751521 AND 7752520 ORDER BY c
	Sort  (cost=4285.99..4288.73 rows=1097 width=121)
	  Sort Key: c
	  ->  Bitmap Heap Scan on sbtest8  (cost=27.68..4230.59 rows=1097 width=121)
	        Recheck Cond: ((id >= 7751521) AND (id <= 7752520))
	        ->  Bitmap Index Scan on sbtest8_pkey  (cost=0.00..27.40 rows=1097 width=0)
	              Index Cond: ((id >= 7751521) AND (id <= 7752520))

for: distinct_ranges
table 1 : explain SELECT DISTINCT c FROM sbtest1 WHERE id BETWEEN 1947162 AND 1948161 ORDER BY c
	Unique  (cost=3868.30..3873.25 rows=989 width=121)
	  ->  Sort  (cost=3868.30..3870.77 rows=989 width=121)
	        Sort Key: c
	        ->  Bitmap Heap Scan on sbtest1  (cost=22.57..3819.10 rows=989 width=121)
	              Recheck Cond: ((id >= 1947162) AND (id <= 1948161))
	              ->  Bitmap Index Scan on sbtest1_pkey  (cost=0.00..22.32 rows=989 width=0)
	                    Index Cond: ((id >= 1947162) AND (id <= 1948161))

table 2 : explain SELECT DISTINCT c FROM sbtest2 WHERE id BETWEEN 8874867 AND 8875866 ORDER BY c
	Unique  (cost=3902.46..3907.45 rows=998 width=121)
	  ->  Sort  (cost=3902.46..3904.96 rows=998 width=121)
	        Sort Key: c
	        ->  Bitmap Heap Scan on sbtest2  (cost=22.66..3852.75 rows=998 width=121)
	              Recheck Cond: ((id >= 8874867) AND (id <= 8875866))
	              ->  Bitmap Index Scan on sbtest2_pkey  (cost=0.00..22.41 rows=998 width=0)
	                    Index Cond: ((id >= 8874867) AND (id <= 8875866))

table 3 : explain SELECT DISTINCT c FROM sbtest3 WHERE id BETWEEN 5953675 AND 5954674 ORDER BY c
	Unique  (cost=3875.78..3880.74 rows=991 width=121)
	  ->  Sort  (cost=3875.78..3878.26 rows=991 width=121)
	        Sort Key: c
	        ->  Bitmap Heap Scan on sbtest3  (cost=22.59..3826.47 rows=991 width=121)
	              Recheck Cond: ((id >= 5953675) AND (id <= 5954674))
	              ->  Bitmap Index Scan on sbtest3_pkey  (cost=0.00..22.34 rows=991 width=0)
	                    Index Cond: ((id >= 5953675) AND (id <= 5954674))

table 4 : explain SELECT DISTINCT c FROM sbtest4 WHERE id BETWEEN 8200220 AND 8201219 ORDER BY c
	Unique  (cost=3963.65..3968.72 rows=1014 width=121)
	  ->  Sort  (cost=3963.65..3966.18 rows=1014 width=121)
	        Sort Key: c
	        ->  Bitmap Heap Scan on sbtest4  (cost=22.83..3913.02 rows=1014 width=121)
	              Recheck Cond: ((id >= 8200220) AND (id <= 8201219))
	              ->  Bitmap Index Scan on sbtest4_pkey  (cost=0.00..22.57 rows=1014 width=0)
	                    Index Cond: ((id >= 8200220) AND (id <= 8201219))

table 5 : explain SELECT DISTINCT c FROM sbtest5 WHERE id BETWEEN 5462435 AND 5463434 ORDER BY c
	Unique  (cost=4163.64..4168.97 rows=1066 width=121)
	  ->  Sort  (cost=4163.64..4166.30 rows=1066 width=121)
	        Sort Key: c
	        ->  Bitmap Heap Scan on sbtest5  (cost=23.36..4110.03 rows=1066 width=121)
	              Recheck Cond: ((id >= 5462435) AND (id <= 5463434))
	              ->  Bitmap Index Scan on sbtest5_pkey  (cost=0.00..23.09 rows=1066 width=0)
	                    Index Cond: ((id >= 5462435) AND (id <= 5463434))

table 6 : explain SELECT DISTINCT c FROM sbtest6 WHERE id BETWEEN 1298785 AND 1299784 ORDER BY c
	Unique  (cost=3807.34..3812.21 rows=973 width=121)
	  ->  Sort  (cost=3807.34..3809.77 rows=973 width=121)
	        Sort Key: c
	        ->  Bitmap Heap Scan on sbtest6  (cost=22.41..3759.05 rows=973 width=121)
	              Recheck Cond: ((id >= 1298785) AND (id <= 1299784))
	              ->  Bitmap Index Scan on sbtest6_pkey  (cost=0.00..22.16 rows=973 width=0)
	                    Index Cond: ((id >= 1298785) AND (id <= 1299784))

table 7 : explain SELECT DISTINCT c FROM sbtest7 WHERE id BETWEEN 4366670 AND 4367669 ORDER BY c
	Unique  (cost=4121.89..4127.16 rows=1055 width=121)
	  ->  Sort  (cost=4121.89..4124.53 rows=1055 width=121)
	        Sort Key: c
	        ->  Bitmap Heap Scan on sbtest7  (cost=23.25..4068.91 rows=1055 width=121)
	              Recheck Cond: ((id >= 4366670) AND (id <= 4367669))
	              ->  Bitmap Index Scan on sbtest7_pkey  (cost=0.00..22.98 rows=1055 width=0)
	                    Index Cond: ((id >= 4366670) AND (id <= 4367669))

table 8 : explain SELECT DISTINCT c FROM sbtest8 WHERE id BETWEEN 8787273 AND 8788272 ORDER BY c
	Unique  (cost=3766.20..3771.01 rows=962 width=121)
	  ->  Sort  (cost=3766.20..3768.61 rows=962 width=121)
	        Sort Key: c
	        ->  Bitmap Heap Scan on sbtest8  (cost=22.30..3718.53 rows=962 width=121)
	              Recheck Cond: ((id >= 8787273) AND (id <= 8788272))
	              ->  Bitmap Index Scan on sbtest8_pkey  (cost=0.00..22.05 rows=962 width=0)
	                    Index Cond: ((id >= 8787273) AND (id <= 8788272))

for: distinct_ranges
table 1 : explain SELECT DISTINCT c FROM sbtest1 WHERE id BETWEEN 9771037 AND 9772036 ORDER BY c
	Unique  (cost=3646.32..3650.98 rows=931 width=121)
	  ->  Sort  (cost=3646.32..3648.65 rows=931 width=121)
	        Sort Key: c
	        ->  Bitmap Heap Scan on sbtest1  (cost=21.98..3600.41 rows=931 width=121)
	              Recheck Cond: ((id >= 9771037) AND (id <= 9772036))
	              ->  Bitmap Index Scan on sbtest1_pkey  (cost=0.00..21.75 rows=931 width=0)
	                    Index Cond: ((id >= 9771037) AND (id <= 9772036))

table 2 : explain SELECT DISTINCT c FROM sbtest2 WHERE id BETWEEN 1400108 AND 1401107 ORDER BY c
	Unique  (cost=3910.11..3915.11 rows=1000 width=121)
	  ->  Sort  (cost=3910.11..3912.61 rows=1000 width=121)
	        Sort Key: c
	        ->  Bitmap Heap Scan on sbtest2  (cost=22.68..3860.28 rows=1000 width=121)
	              Recheck Cond: ((id >= 1400108) AND (id <= 1401107))
	              ->  Bitmap Index Scan on sbtest2_pkey  (cost=0.00..22.43 rows=1000 width=0)
	                    Index Cond: ((id >= 1400108) AND (id <= 1401107))

table 3 : explain SELECT DISTINCT c FROM sbtest3 WHERE id BETWEEN 2639654 AND 2640653 ORDER BY c
	Unique  (cost=3940.76..3945.80 rows=1008 width=121)
	  ->  Sort  (cost=3940.76..3943.28 rows=1008 width=121)
	        Sort Key: c
	        ->  Bitmap Heap Scan on sbtest3  (cost=22.77..3890.47 rows=1008 width=121)
	              Recheck Cond: ((id >= 2639654) AND (id <= 2640653))
	              ->  Bitmap Index Scan on sbtest3_pkey  (cost=0.00..22.51 rows=1008 width=0)
	                    Index Cond: ((id >= 2639654) AND (id <= 2640653))

table 4 : explain SELECT DISTINCT c FROM sbtest4 WHERE id BETWEEN 6079013 AND 6080012 ORDER BY c
	Unique  (cost=3730.38..3735.15 rows=953 width=121)
	  ->  Sort  (cost=3730.38..3732.76 rows=953 width=121)
	        Sort Key: c
	        ->  Bitmap Heap Scan on sbtest4  (cost=22.20..3683.23 rows=953 width=121)
	              Recheck Cond: ((id >= 6079013) AND (id <= 6080012))
	              ->  Bitmap Index Scan on sbtest4_pkey  (cost=0.00..21.96 rows=953 width=0)
	                    Index Cond: ((id >= 6079013) AND (id <= 6080012))

table 5 : explain SELECT DISTINCT c FROM sbtest5 WHERE id BETWEEN 1444853 AND 1445852 ORDER BY c
	Unique  (cost=3566.85..3571.40 rows=910 width=121)
	  ->  Sort  (cost=3566.85..3569.12 rows=910 width=121)
	        Sort Key: c
	        ->  Bitmap Heap Scan on sbtest5  (cost=21.76..3522.12 rows=910 width=121)
	              Recheck Cond: ((id >= 1444853) AND (id <= 1445852))
	              ->  Bitmap Index Scan on sbtest5_pkey  (cost=0.00..21.54 rows=910 width=0)
	                    Index Cond: ((id >= 1444853) AND (id <= 1445852))

table 6 : explain SELECT DISTINCT c FROM sbtest6 WHERE id BETWEEN 7436887 AND 7437886 ORDER BY c
	Unique  (cost=4013.77..4018.90 rows=1027 width=121)
	  ->  Sort  (cost=4013.77..4016.33 rows=1027 width=121)
	        Sort Key: c
	        ->  Bitmap Heap Scan on sbtest6  (cost=22.96..3962.39 rows=1027 width=121)
	              Recheck Cond: ((id >= 7436887) AND (id <= 7437886))
	              ->  Bitmap Index Scan on sbtest6_pkey  (cost=0.00..22.70 rows=1027 width=0)
	                    Index Cond: ((id >= 7436887) AND (id <= 7437886))

table 7 : explain SELECT DISTINCT c FROM sbtest7 WHERE id BETWEEN 8374114 AND 8375113 ORDER BY c
	Unique  (cost=3949.97..3955.02 rows=1010 width=121)
	  ->  Sort  (cost=3949.97..3952.49 rows=1010 width=121)
	        Sort Key: c
	        ->  Bitmap Heap Scan on sbtest7  (cost=22.79..3899.57 rows=1010 width=121)
	              Recheck Cond: ((id >= 8374114) AND (id <= 8375113))
	              ->  Bitmap Index Scan on sbtest7_pkey  (cost=0.00..22.54 rows=1010 width=0)
	                    Index Cond: ((id >= 8374114) AND (id <= 8375113))

table 8 : explain SELECT DISTINCT c FROM sbtest8 WHERE id BETWEEN 7004642 AND 7005641 ORDER BY c
	Unique  (cost=3961.31..3966.38 rows=1013 width=121)
	  ->  Sort  (cost=3961.31..3963.84 rows=1013 width=121)
	        Sort Key: c
	        ->  Bitmap Heap Scan on sbtest8  (cost=22.82..3910.74 rows=1013 width=121)
	              Recheck Cond: ((id >= 7004642) AND (id <= 7005641))
	              ->  Bitmap Index Scan on sbtest8_pkey  (cost=0.00..22.57 rows=1013 width=0)
	                    Index Cond: ((id >= 7004642) AND (id <= 7005641))

for: order_ranges
table 1 : explain SELECT c FROM sbtest1 WHERE id BETWEEN 5610658 AND 5611657 ORDER BY c
	Sort  (cost=3960.03..3962.57 rows=1013 width=121)
	  Sort Key: c
	  ->  Bitmap Heap Scan on sbtest1  (cost=22.82..3909.46 rows=1013 width=121)
	        Recheck Cond: ((id >= 5610658) AND (id <= 5611657))
	        ->  Bitmap Index Scan on sbtest1_pkey  (cost=0.00..22.57 rows=1013 width=0)
	              Index Cond: ((id >= 5610658) AND (id <= 5611657))

table 2 : explain SELECT c FROM sbtest2 WHERE id BETWEEN 722461 AND 723460 ORDER BY c
	Sort  (cost=4150.65..4153.30 rows=1063 width=121)
	  Sort Key: c
	  ->  Bitmap Heap Scan on sbtest2  (cost=23.33..4097.21 rows=1063 width=121)
	        Recheck Cond: ((id >= 722461) AND (id <= 723460))
	        ->  Bitmap Index Scan on sbtest2_pkey  (cost=0.00..23.07 rows=1063 width=0)
	              Index Cond: ((id >= 722461) AND (id <= 723460))

table 3 : explain SELECT c FROM sbtest3 WHERE id BETWEEN 7864886 AND 7865885 ORDER BY c
	Sort  (cost=3833.72..3836.17 rows=980 width=121)
	  Sort Key: c
	  ->  Bitmap Heap Scan on sbtest3  (cost=22.48..3785.03 rows=980 width=121)
	        Recheck Cond: ((id >= 7864886) AND (id <= 7865885))
	        ->  Bitmap Index Scan on sbtest3_pkey  (cost=0.00..22.23 rows=980 width=0)
	              Index Cond: ((id >= 7864886) AND (id <= 7865885))

table 4 : explain SELECT c FROM sbtest4 WHERE id BETWEEN 7024884 AND 7025883 ORDER BY c
	Sort  (cost=3718.90..3721.27 rows=950 width=121)
	  Sort Key: c
	  ->  Bitmap Heap Scan on sbtest4  (cost=22.17..3671.91 rows=950 width=121)
	        Recheck Cond: ((id >= 7024884) AND (id <= 7025883))
	        ->  Bitmap Index Scan on sbtest4_pkey  (cost=0.00..21.93 rows=950 width=0)
	              Index Cond: ((id >= 7024884) AND (id <= 7025883))

table 5 : explain SELECT c FROM sbtest5 WHERE id BETWEEN 2639441 AND 2640440 ORDER BY c
	Sort  (cost=4152.19..4154.85 rows=1063 width=121)
	  Sort Key: c
	  ->  Bitmap Heap Scan on sbtest5  (cost=23.33..4098.75 rows=1063 width=121)
	        Recheck Cond: ((id >= 2639441) AND (id <= 2640440))
	        ->  Bitmap Index Scan on sbtest5_pkey  (cost=0.00..23.07 rows=1063 width=0)
	              Index Cond: ((id >= 2639441) AND (id <= 2640440))

table 6 : explain SELECT c FROM sbtest6 WHERE id BETWEEN 2961094 AND 2962093 ORDER BY c
	Sort  (cost=4029.04..4031.62 rows=1031 width=121)
	  Sort Key: c
	  ->  Bitmap Heap Scan on sbtest6  (cost=23.00..3977.44 rows=1031 width=121)
	        Recheck Cond: ((id >= 2961094) AND (id <= 2962093))
	        ->  Bitmap Index Scan on sbtest6_pkey  (cost=0.00..22.75 rows=1031 width=0)
	              Index Cond: ((id >= 2961094) AND (id <= 2962093))

table 7 : explain SELECT c FROM sbtest7 WHERE id BETWEEN 3549701 AND 3550700 ORDER BY c
	Sort  (cost=3919.38..3921.88 rows=1002 width=121)
	  Sort Key: c
	  ->  Bitmap Heap Scan on sbtest7  (cost=22.71..3869.44 rows=1002 width=121)
	        Recheck Cond: ((id >= 3549701) AND (id <= 3550700))
	        ->  Bitmap Index Scan on sbtest7_pkey  (cost=0.00..22.45 rows=1002 width=0)
	              Index Cond: ((id >= 3549701) AND (id <= 3550700))

table 8 : explain SELECT c FROM sbtest8 WHERE id BETWEEN 7161421 AND 7162420 ORDER BY c
	Sort  (cost=4106.48..4109.11 rows=1051 width=121)
	  Sort Key: c
	  ->  Bitmap Heap Scan on sbtest8  (cost=23.21..4053.74 rows=1051 width=121)
	        Recheck Cond: ((id >= 7161421) AND (id <= 7162420))
	        ->  Bitmap Index Scan on sbtest8_pkey  (cost=0.00..22.94 rows=1051 width=0)
	              Index Cond: ((id >= 7161421) AND (id <= 7162420))

for: order_ranges
table 1 : explain SELECT c FROM sbtest1 WHERE id BETWEEN 1538342 AND 1539341 ORDER BY c
	Sort  (cost=3799.46..3801.88 rows=971 width=121)
	  Sort Key: c
	  ->  Bitmap Heap Scan on sbtest1  (cost=22.39..3751.28 rows=971 width=121)
	        Recheck Cond: ((id >= 1538342) AND (id <= 1539341))
	        ->  Bitmap Index Scan on sbtest1_pkey  (cost=0.00..22.14 rows=971 width=0)
	              Index Cond: ((id >= 1538342) AND (id <= 1539341))

table 2 : explain SELECT c FROM sbtest2 WHERE id BETWEEN 6775780 AND 6776779 ORDER BY c
	Sort  (cost=4108.68..4111.31 rows=1052 width=121)
	  Sort Key: c
	  ->  Bitmap Heap Scan on sbtest2  (cost=23.22..4055.88 rows=1052 width=121)
	        Recheck Cond: ((id >= 6775780) AND (id <= 6776779))
	        ->  Bitmap Index Scan on sbtest2_pkey  (cost=0.00..22.95 rows=1052 width=0)
	              Index Cond: ((id >= 6775780) AND (id <= 6776779))

table 3 : explain SELECT c FROM sbtest3 WHERE id BETWEEN 4862912 AND 4863911 ORDER BY c
	Sort  (cost=3852.84..3855.30 rows=985 width=121)
	  Sort Key: c
	  ->  Bitmap Heap Scan on sbtest3  (cost=22.53..3803.87 rows=985 width=121)
	        Recheck Cond: ((id >= 4862912) AND (id <= 4863911))
	        ->  Bitmap Index Scan on sbtest3_pkey  (cost=0.00..22.29 rows=985 width=0)
	              Index Cond: ((id >= 4862912) AND (id <= 4863911))

table 4 : explain SELECT c FROM sbtest4 WHERE id BETWEEN 1783424 AND 1784423 ORDER BY c
	Sort  (cost=3978.93..3981.47 rows=1018 width=121)
	  Sort Key: c
	  ->  Bitmap Heap Scan on sbtest4  (cost=22.87..3928.07 rows=1018 width=121)
	        Recheck Cond: ((id >= 1783424) AND (id <= 1784423))
	        ->  Bitmap Index Scan on sbtest4_pkey  (cost=0.00..22.61 rows=1018 width=0)
	              Index Cond: ((id >= 1783424) AND (id <= 1784423))

table 5 : explain SELECT c FROM sbtest5 WHERE id BETWEEN 3948208 AND 3949207 ORDER BY c
	Sort  (cost=3727.82..3730.20 rows=952 width=121)
	  Sort Key: c
	  ->  Bitmap Heap Scan on sbtest5  (cost=22.19..3680.72 rows=952 width=121)
	        Recheck Cond: ((id >= 3948208) AND (id <= 3949207))
	        ->  Bitmap Index Scan on sbtest5_pkey  (cost=0.00..21.95 rows=952 width=0)
	              Index Cond: ((id >= 3948208) AND (id <= 3949207))

table 6 : explain SELECT c FROM sbtest6 WHERE id BETWEEN 9232779 AND 9233778 ORDER BY c
	Sort  (cost=3987.03..3989.58 rows=1020 width=121)
	  Sort Key: c
	  ->  Bitmap Heap Scan on sbtest6  (cost=22.89..3936.06 rows=1020 width=121)
	        Recheck Cond: ((id >= 9232779) AND (id <= 9233778))
	        ->  Bitmap Index Scan on sbtest6_pkey  (cost=0.00..22.64 rows=1020 width=0)
	              Index Cond: ((id >= 9232779) AND (id <= 9233778))

table 7 : explain SELECT c FROM sbtest7 WHERE id BETWEEN 5012010 AND 5013009 ORDER BY c
	Sort  (cost=3796.95..3799.37 rows=970 width=121)
	  Sort Key: c
	  ->  Bitmap Heap Scan on sbtest7  (cost=22.38..3748.82 rows=970 width=121)
	        Recheck Cond: ((id >= 5012010) AND (id <= 5013009))
	        ->  Bitmap Index Scan on sbtest7_pkey  (cost=0.00..22.14 rows=970 width=0)
	              Index Cond: ((id >= 5012010) AND (id <= 5013009))

table 8 : explain SELECT c FROM sbtest8 WHERE id BETWEEN 1629095 AND 1630094 ORDER BY c
	Sort  (cost=3869.53..3872.01 rows=989 width=121)
	  Sort Key: c
	  ->  Bitmap Heap Scan on sbtest8  (cost=22.57..3820.33 rows=989 width=121)
	        Recheck Cond: ((id >= 1629095) AND (id <= 1630094))
	        ->  Bitmap Index Scan on sbtest8_pkey  (cost=0.00..22.32 rows=989 width=0)
	              Index Cond: ((id >= 1629095) AND (id <= 1630094))

for: distinct_ranges
table 1 : explain SELECT DISTINCT c FROM sbtest1 WHERE id BETWEEN 9916299 AND 9917298 ORDER BY c
	Unique  (cost=3841.53..3846.44 rows=982 width=121)
	  ->  Sort  (cost=3841.53..3843.99 rows=982 width=121)
	        Sort Key: c
	        ->  Bitmap Heap Scan on sbtest1  (cost=22.50..3792.73 rows=982 width=121)
	              Recheck Cond: ((id >= 9916299) AND (id <= 9917298))
	              ->  Bitmap Index Scan on sbtest1_pkey  (cost=0.00..22.25 rows=982 width=0)
	                    Index Cond: ((id >= 9916299) AND (id <= 9917298))

table 2 : explain SELECT DISTINCT c FROM sbtest2 WHERE id BETWEEN 5842756 AND 5843755 ORDER BY c
	Unique  (cost=3822.17..3827.06 rows=977 width=121)
	  ->  Sort  (cost=3822.17..3824.61 rows=977 width=121)
	        Sort Key: c
	        ->  Bitmap Heap Scan on sbtest2  (cost=22.45..3773.65 rows=977 width=121)
	              Recheck Cond: ((id >= 5842756) AND (id <= 5843755))
	              ->  Bitmap Index Scan on sbtest2_pkey  (cost=0.00..22.20 rows=977 width=0)
	                    Index Cond: ((id >= 5842756) AND (id <= 5843755))

table 3 : explain SELECT DISTINCT c FROM sbtest3 WHERE id BETWEEN 6585297 AND 6586296 ORDER BY c
	Unique  (cost=3852.84..3857.77 rows=985 width=121)
	  ->  Sort  (cost=3852.84..3855.30 rows=985 width=121)
	        Sort Key: c
	        ->  Bitmap Heap Scan on sbtest3  (cost=22.53..3803.87 rows=985 width=121)
	              Recheck Cond: ((id >= 6585297) AND (id <= 6586296))
	              ->  Bitmap Index Scan on sbtest3_pkey  (cost=0.00..22.29 rows=985 width=0)
	                    Index Cond: ((id >= 6585297) AND (id <= 6586296))

table 4 : explain SELECT DISTINCT c FROM sbtest4 WHERE id BETWEEN 9909554 AND 9910553 ORDER BY c
	Unique  (cost=3883.40..3888.36 rows=993 width=121)
	  ->  Sort  (cost=3883.40..3885.88 rows=993 width=121)
	        Sort Key: c
	        ->  Bitmap Heap Scan on sbtest4  (cost=22.61..3833.97 rows=993 width=121)
	              Recheck Cond: ((id >= 9909554) AND (id <= 9910553))
	              ->  Bitmap Index Scan on sbtest4_pkey  (cost=0.00..22.36 rows=993 width=0)
	                    Index Cond: ((id >= 9909554) AND (id <= 9910553))

table 5 : explain SELECT DISTINCT c FROM sbtest5 WHERE id BETWEEN 5913489 AND 5914488 ORDER BY c
	Unique  (cost=4285.88..4291.37 rows=1097 width=121)
	  ->  Sort  (cost=4285.88..4288.62 rows=1097 width=121)
	        Sort Key: c
	        ->  Bitmap Heap Scan on sbtest5  (cost=27.68..4230.49 rows=1097 width=121)
	              Recheck Cond: ((id >= 5913489) AND (id <= 5914488))
	              ->  Bitmap Index Scan on sbtest5_pkey  (cost=0.00..27.40 rows=1097 width=0)
	                    Index Cond: ((id >= 5913489) AND (id <= 5914488))

table 6 : explain SELECT DISTINCT c FROM sbtest6 WHERE id BETWEEN 2627609 AND 2628608 ORDER BY c
	Unique  (cost=3922.07..3927.08 rows=1003 width=121)
	  ->  Sort  (cost=3922.07..3924.57 rows=1003 width=121)
	        Sort Key: c
	        ->  Bitmap Heap Scan on sbtest6  (cost=22.72..3872.07 rows=1003 width=121)
	              Recheck Cond: ((id >= 2627609) AND (id <= 2628608))
	              ->  Bitmap Index Scan on sbtest6_pkey  (cost=0.00..22.46 rows=1003 width=0)
	                    Index Cond: ((id >= 2627609) AND (id <= 2628608))

table 7 : explain SELECT DISTINCT c FROM sbtest7 WHERE id BETWEEN 7277994 AND 7278993 ORDER BY c
	Unique  (cost=3532.51..3537.02 rows=901 width=121)
	  ->  Sort  (cost=3532.51..3534.76 rows=901 width=121)
	        Sort Key: c
	        ->  Bitmap Heap Scan on sbtest7  (cost=21.67..3488.29 rows=901 width=121)
	              Recheck Cond: ((id >= 7277994) AND (id <= 7278993))
	              ->  Bitmap Index Scan on sbtest7_pkey  (cost=0.00..21.44 rows=901 width=0)
	                    Index Cond: ((id >= 7277994) AND (id <= 7278993))

table 8 : explain SELECT DISTINCT c FROM sbtest8 WHERE id BETWEEN 4985497 AND 4986496 ORDER BY c
	Unique  (cost=4049.20..4054.38 rows=1036 width=121)
	  ->  Sort  (cost=4049.20..4051.79 rows=1036 width=121)
	        Sort Key: c
	        ->  Bitmap Heap Scan on sbtest8  (cost=23.05..3997.31 rows=1036 width=121)
	              Recheck Cond: ((id >= 4985497) AND (id <= 4986496))
	              ->  Bitmap Index Scan on sbtest8_pkey  (cost=0.00..22.79 rows=1036 width=0)
	                    Index Cond: ((id >= 4985497) AND (id <= 4986496))

for: distinct_ranges
table 1 : explain SELECT DISTINCT c FROM sbtest1 WHERE id BETWEEN 1947534 AND 1948533 ORDER BY c
	Unique  (cost=3868.30..3873.25 rows=989 width=121)
	  ->  Sort  (cost=3868.30..3870.77 rows=989 width=121)
	        Sort Key: c
	        ->  Bitmap Heap Scan on sbtest1  (cost=22.57..3819.10 rows=989 width=121)
	              Recheck Cond: ((id >= 1947534) AND (id <= 1948533))
	              ->  Bitmap Index Scan on sbtest1_pkey  (cost=0.00..22.32 rows=989 width=0)
	                    Index Cond: ((id >= 1947534) AND (id <= 1948533))

table 2 : explain SELECT DISTINCT c FROM sbtest2 WHERE id BETWEEN 8093712 AND 8094711 ORDER BY c
	Unique  (cost=4345.30..4350.87 rows=1114 width=121)
	  ->  Sort  (cost=4345.30..4348.08 rows=1114 width=121)
	        Sort Key: c
	        ->  Bitmap Heap Scan on sbtest2  (cost=27.85..4288.92 rows=1114 width=121)
	              Recheck Cond: ((id >= 8093712) AND (id <= 8094711))
	              ->  Bitmap Index Scan on sbtest2_pkey  (cost=0.00..27.57 rows=1114 width=0)
	                    Index Cond: ((id >= 8093712) AND (id <= 8094711))

table 3 : explain SELECT DISTINCT c FROM sbtest3 WHERE id BETWEEN 4864401 AND 4865400 ORDER BY c
	Unique  (cost=3852.84..3857.77 rows=985 width=121)
	  ->  Sort  (cost=3852.84..3855.30 rows=985 width=121)
	        Sort Key: c
	        ->  Bitmap Heap Scan on sbtest3  (cost=22.53..3803.87 rows=985 width=121)
	              Recheck Cond: ((id >= 4864401) AND (id <= 4865400))
	              ->  Bitmap Index Scan on sbtest3_pkey  (cost=0.00..22.29 rows=985 width=0)
	                    Index Cond: ((id >= 4864401) AND (id <= 4865400))

table 4 : explain SELECT DISTINCT c FROM sbtest4 WHERE id BETWEEN 8791701 AND 8792700 ORDER BY c
	Unique  (cost=3944.55..3949.59 rows=1009 width=121)
	  ->  Sort  (cost=3944.55..3947.07 rows=1009 width=121)
	        Sort Key: c
	        ->  Bitmap Heap Scan on sbtest4  (cost=22.78..3894.20 rows=1009 width=121)
	              Recheck Cond: ((id >= 8791701) AND (id <= 8792700))
	              ->  Bitmap Index Scan on sbtest4_pkey  (cost=0.00..22.52 rows=1009 width=0)
	                    Index Cond: ((id >= 8791701) AND (id <= 8792700))

table 5 : explain SELECT DISTINCT c FROM sbtest5 WHERE id BETWEEN 3873342 AND 3874341 ORDER BY c
	Unique  (cost=3727.82..3732.58 rows=952 width=121)
	  ->  Sort  (cost=3727.82..3730.20 rows=952 width=121)
	        Sort Key: c
	        ->  Bitmap Heap Scan on sbtest5  (cost=22.19..3680.72 rows=952 width=121)
	              Recheck Cond: ((id >= 3873342) AND (id <= 3874341))
	              ->  Bitmap Index Scan on sbtest5_pkey  (cost=0.00..21.95 rows=952 width=0)
	                    Index Cond: ((id >= 3873342) AND (id <= 3874341))

table 6 : explain SELECT DISTINCT c FROM sbtest6 WHERE id BETWEEN 9539955 AND 9540954 ORDER BY c
	Unique  (cost=3784.38..3789.22 rows=967 width=121)
	  ->  Sort  (cost=3784.38..3786.80 rows=967 width=121)
	        Sort Key: c
	        ->  Bitmap Heap Scan on sbtest6  (cost=22.35..3736.43 rows=967 width=121)
	              Recheck Cond: ((id >= 9539955) AND (id <= 9540954))
	              ->  Bitmap Index Scan on sbtest6_pkey  (cost=0.00..22.11 rows=967 width=0)
	                    Index Cond: ((id >= 9539955) AND (id <= 9540954))

table 7 : explain SELECT DISTINCT c FROM sbtest7 WHERE id BETWEEN 6943500 AND 6944499 ORDER BY c
	Unique  (cost=3728.02..3732.78 rows=952 width=121)
	  ->  Sort  (cost=3728.02..3730.40 rows=952 width=121)
	        Sort Key: c
	        ->  Bitmap Heap Scan on sbtest7  (cost=22.19..3680.92 rows=952 width=121)
	              Recheck Cond: ((id >= 6943500) AND (id <= 6944499))
	              ->  Bitmap Index Scan on sbtest7_pkey  (cost=0.00..21.95 rows=952 width=0)
	                    Index Cond: ((id >= 6943500) AND (id <= 6944499))

table 8 : explain SELECT DISTINCT c FROM sbtest8 WHERE id BETWEEN 757599 AND 758598 ORDER BY c
	Unique  (cost=3812.14..3817.01 rows=974 width=121)
	  ->  Sort  (cost=3812.14..3814.57 rows=974 width=121)
	        Sort Key: c
	        ->  Bitmap Heap Scan on sbtest8  (cost=22.42..3763.79 rows=974 width=121)
	              Recheck Cond: ((id >= 757599) AND (id <= 758598))
	              ->  Bitmap Index Scan on sbtest8_pkey  (cost=0.00..22.18 rows=974 width=0)
	                    Index Cond: ((id >= 757599) AND (id <= 758598))

for: distinct_ranges
table 1 : explain SELECT DISTINCT c FROM sbtest1 WHERE id BETWEEN 4115208 AND 4116207 ORDER BY c
	Unique  (cost=3837.71..3842.61 rows=981 width=121)
	  ->  Sort  (cost=3837.71..3840.16 rows=981 width=121)
	        Sort Key: c
	        ->  Bitmap Heap Scan on sbtest1  (cost=22.49..3788.96 rows=981 width=121)
	              Recheck Cond: ((id >= 4115208) AND (id <= 4116207))
	              ->  Bitmap Index Scan on sbtest1_pkey  (cost=0.00..22.25 rows=981 width=0)
	                    Index Cond: ((id >= 4115208) AND (id <= 4116207))

table 2 : explain SELECT DISTINCT c FROM sbtest2 WHERE id BETWEEN 6792616 AND 6793615 ORDER BY c
	Unique  (cost=4108.68..4113.94 rows=1052 width=121)
	  ->  Sort  (cost=4108.68..4111.31 rows=1052 width=121)
	        Sort Key: c
	        ->  Bitmap Heap Scan on sbtest2  (cost=23.22..4055.88 rows=1052 width=121)
	              Recheck Cond: ((id >= 6792616) AND (id <= 6793615))
	              ->  Bitmap Index Scan on sbtest2_pkey  (cost=0.00..22.95 rows=1052 width=0)
	                    Index Cond: ((id >= 6792616) AND (id <= 6793615))

table 3 : explain SELECT DISTINCT c FROM sbtest3 WHERE id BETWEEN 313069 AND 314068 ORDER BY c
	Unique  (cost=3676.81..3681.50 rows=939 width=121)
	  ->  Sort  (cost=3676.81..3679.16 rows=939 width=121)
	        Sort Key: c
	        ->  Bitmap Heap Scan on sbtest3  (cost=22.06..3630.45 rows=939 width=121)
	              Recheck Cond: ((id >= 313069) AND (id <= 314068))
	              ->  Bitmap Index Scan on sbtest3_pkey  (cost=0.00..21.82 rows=939 width=0)
	                    Index Cond: ((id >= 313069) AND (id <= 314068))

table 4 : explain SELECT DISTINCT c FROM sbtest4 WHERE id BETWEEN 9855870 AND 9856869 ORDER BY c
	Unique  (cost=4001.85..4006.97 rows=1024 width=121)
	  ->  Sort  (cost=4001.85..4004.41 rows=1024 width=121)
	        Sort Key: c
	        ->  Bitmap Heap Scan on sbtest4  (cost=22.93..3950.65 rows=1024 width=121)
	              Recheck Cond: ((id >= 9855870) AND (id <= 9856869))
	              ->  Bitmap Index Scan on sbtest4_pkey  (cost=0.00..22.68 rows=1024 width=0)
	                    Index Cond: ((id >= 9855870) AND (id <= 9856869))

table 5 : explain SELECT DISTINCT c FROM sbtest5 WHERE id BETWEEN 894587 AND 895586 ORDER BY c
	Unique  (cost=4182.72..4188.07 rows=1071 width=121)
	  ->  Sort  (cost=4182.72..4185.39 rows=1071 width=121)
	        Sort Key: c
	        ->  Bitmap Heap Scan on sbtest5  (cost=23.41..4128.82 rows=1071 width=121)
	              Recheck Cond: ((id >= 894587) AND (id <= 895586))
	              ->  Bitmap Index Scan on sbtest5_pkey  (cost=0.00..23.14 rows=1071 width=0)
	                    Index Cond: ((id >= 894587) AND (id <= 895586))

table 6 : explain SELECT DISTINCT c FROM sbtest6 WHERE id BETWEEN 9268267 AND 9269266 ORDER BY c
	Unique  (cost=3987.03..3992.13 rows=1020 width=121)
	  ->  Sort  (cost=3987.03..3989.58 rows=1020 width=121)
	        Sort Key: c
	        ->  Bitmap Heap Scan on sbtest6  (cost=22.89..3936.06 rows=1020 width=121)
	              Recheck Cond: ((id >= 9268267) AND (id <= 9269266))
	              ->  Bitmap Index Scan on sbtest6_pkey  (cost=0.00..22.64 rows=1020 width=0)
	                    Index Cond: ((id >= 9268267) AND (id <= 9269266))

table 7 : explain SELECT DISTINCT c FROM sbtest7 WHERE id BETWEEN 927104 AND 928103 ORDER BY c
	Unique  (cost=3194.38..3198.44 rows=813 width=121)
	  ->  Sort  (cost=3194.38..3196.41 rows=813 width=121)
	        Sort Key: c
	        ->  Bitmap Heap Scan on sbtest7  (cost=20.77..3155.08 rows=813 width=121)
	              Recheck Cond: ((id >= 927104) AND (id <= 928103))
	              ->  Bitmap Index Scan on sbtest7_pkey  (cost=0.00..20.57 rows=813 width=0)
	                    Index Cond: ((id >= 927104) AND (id <= 928103))

table 8 : explain SELECT DISTINCT c FROM sbtest8 WHERE id BETWEEN 628942 AND 629941 ORDER BY c
	Unique  (cost=4045.38..4050.55 rows=1035 width=121)
	  ->  Sort  (cost=4045.38..4047.97 rows=1035 width=121)
	        Sort Key: c
	        ->  Bitmap Heap Scan on sbtest8  (cost=23.04..3993.55 rows=1035 width=121)
	              Recheck Cond: ((id >= 628942) AND (id <= 629941))
	              ->  Bitmap Index Scan on sbtest8_pkey  (cost=0.00..22.79 rows=1035 width=0)
	                    Index Cond: ((id >= 628942) AND (id <= 629941))

for: distinct_ranges
table 1 : explain SELECT DISTINCT c FROM sbtest1 WHERE id BETWEEN 7378337 AND 7379336 ORDER BY c
	Unique  (cost=3895.06..3900.04 rows=996 width=121)
	  ->  Sort  (cost=3895.06..3897.55 rows=996 width=121)
	        Sort Key: c
	        ->  Bitmap Heap Scan on sbtest1  (cost=22.64..3845.46 rows=996 width=121)
	              Recheck Cond: ((id >= 7378337) AND (id <= 7379336))
	              ->  Bitmap Index Scan on sbtest1_pkey  (cost=0.00..22.39 rows=996 width=0)
	                    Index Cond: ((id >= 7378337) AND (id <= 7379336))

table 2 : explain SELECT DISTINCT c FROM sbtest2 WHERE id BETWEEN 6903527 AND 6904526 ORDER BY c
	Unique  (cost=3967.42..3972.50 rows=1015 width=121)
	  ->  Sort  (cost=3967.42..3969.96 rows=1015 width=121)
	        Sort Key: c
	        ->  Bitmap Heap Scan on sbtest2  (cost=22.84..3916.74 rows=1015 width=121)
	              Recheck Cond: ((id >= 6903527) AND (id <= 6904526))
	              ->  Bitmap Index Scan on sbtest2_pkey  (cost=0.00..22.58 rows=1015 width=0)
	                    Index Cond: ((id >= 6903527) AND (id <= 6904526))

table 3 : explain SELECT DISTINCT c FROM sbtest3 WHERE id BETWEEN 4530075 AND 4531074 ORDER BY c
	Unique  (cost=3940.76..3945.80 rows=1008 width=121)
	  ->  Sort  (cost=3940.76..3943.28 rows=1008 width=121)
	        Sort Key: c
	        ->  Bitmap Heap Scan on sbtest3  (cost=22.77..3890.47 rows=1008 width=121)
	              Recheck Cond: ((id >= 4530075) AND (id <= 4531074))
	              ->  Bitmap Index Scan on sbtest3_pkey  (cost=0.00..22.51 rows=1008 width=0)
	                    Index Cond: ((id >= 4530075) AND (id <= 4531074))

table 4 : explain SELECT DISTINCT c FROM sbtest4 WHERE id BETWEEN 7634019 AND 7635018 ORDER BY c
	Unique  (cost=3902.51..3907.50 rows=998 width=121)
	  ->  Sort  (cost=3902.51..3905.00 rows=998 width=121)
	        Sort Key: c
	        ->  Bitmap Heap Scan on sbtest4  (cost=22.66..3852.79 rows=998 width=121)
	              Recheck Cond: ((id >= 7634019) AND (id <= 7635018))
	              ->  Bitmap Index Scan on sbtest4_pkey  (cost=0.00..22.41 rows=998 width=0)
	                    Index Cond: ((id >= 7634019) AND (id <= 7635018))

table 5 : explain SELECT DISTINCT c FROM sbtest5 WHERE id BETWEEN 2943487 AND 2944486 ORDER BY c
	Unique  (cost=4014.72..4019.85 rows=1027 width=121)
	  ->  Sort  (cost=4014.72..4017.29 rows=1027 width=121)
	        Sort Key: c
	        ->  Bitmap Heap Scan on sbtest5  (cost=22.96..3963.35 rows=1027 width=121)
	              Recheck Cond: ((id >= 2943487) AND (id <= 2944486))
	              ->  Bitmap Index Scan on sbtest5_pkey  (cost=0.00..22.70 rows=1027 width=0)
	                    Index Cond: ((id >= 2943487) AND (id <= 2944486))

table 6 : explain SELECT DISTINCT c FROM sbtest6 WHERE id BETWEEN 6138836 AND 6139835 ORDER BY c
	Unique  (cost=4120.66..4125.94 rows=1055 width=121)
	  ->  Sort  (cost=4120.66..4123.30 rows=1055 width=121)
	        Sort Key: c
	        ->  Bitmap Heap Scan on sbtest6  (cost=23.25..4067.68 rows=1055 width=121)
	              Recheck Cond: ((id >= 6138836) AND (id <= 6139835))
	              ->  Bitmap Index Scan on sbtest6_pkey  (cost=0.00..22.98 rows=1055 width=0)
	                    Index Cond: ((id >= 6138836) AND (id <= 6139835))

table 7 : explain SELECT DISTINCT c FROM sbtest7 WHERE id BETWEEN 1999393 AND 2000392 ORDER BY c
	Unique  (cost=3946.15..3951.19 rows=1009 width=121)
	  ->  Sort  (cost=3946.15..3948.67 rows=1009 width=121)
	        Sort Key: c
	        ->  Bitmap Heap Scan on sbtest7  (cost=22.78..3895.80 rows=1009 width=121)
	              Recheck Cond: ((id >= 1999393) AND (id <= 2000392))
	              ->  Bitmap Index Scan on sbtest7_pkey  (cost=0.00..22.52 rows=1009 width=0)
	                    Index Cond: ((id >= 1999393) AND (id <= 2000392))

table 8 : explain SELECT DISTINCT c FROM sbtest8 WHERE id BETWEEN 8214462 AND 8215461 ORDER BY c
	Unique  (cost=4198.27..4203.64 rows=1074 width=121)
	  ->  Sort  (cost=4198.27..4200.95 rows=1074 width=121)
	        Sort Key: c
	        ->  Bitmap Heap Scan on sbtest8  (cost=27.44..4144.20 rows=1074 width=121)
	              Recheck Cond: ((id >= 8214462) AND (id <= 8215461))
	              ->  Bitmap Index Scan on sbtest8_pkey  (cost=0.00..27.18 rows=1074 width=0)
	                    Index Cond: ((id >= 8214462) AND (id <= 8215461))

for point_selects
table 1 : explain SELECT c FROM sbtest1 WHERE id=8115558
	Index Scan using sbtest1_pkey on sbtest1  (cost=0.43..8.45 rows=1 width=121)
	  Index Cond: (id = 8115558)

table 2 : explain SELECT c FROM sbtest2 WHERE id=7094364
	Index Scan using sbtest2_pkey on sbtest2  (cost=0.43..8.45 rows=1 width=121)
	  Index Cond: (id = 7094364)

table 3 : explain SELECT c FROM sbtest3 WHERE id=3733209
	Index Scan using sbtest3_pkey on sbtest3  (cost=0.43..8.45 rows=1 width=121)
	  Index Cond: (id = 3733209)

table 4 : explain SELECT c FROM sbtest4 WHERE id=1011325
	Index Scan using sbtest4_pkey on sbtest4  (cost=0.43..8.45 rows=1 width=121)
	  Index Cond: (id = 1011325)

table 5 : explain SELECT c FROM sbtest5 WHERE id=5877684
	Index Scan using sbtest5_pkey on sbtest5  (cost=0.43..8.45 rows=1 width=121)
	  Index Cond: (id = 5877684)

table 6 : explain SELECT c FROM sbtest6 WHERE id=810571
	Index Scan using sbtest6_pkey on sbtest6  (cost=0.43..8.45 rows=1 width=121)
	  Index Cond: (id = 810571)

table 7 : explain SELECT c FROM sbtest7 WHERE id=8841555
	Index Scan using sbtest7_pkey on sbtest7  (cost=0.43..8.45 rows=1 width=121)
	  Index Cond: (id = 8841555)

table 8 : explain SELECT c FROM sbtest8 WHERE id=5920177
	Index Scan using sbtest8_pkey on sbtest8  (cost=0.43..8.45 rows=1 width=121)
	  Index Cond: (id = 5920177)

for point_selects
table 1 : explain SELECT c FROM sbtest1 WHERE id=9013208
	Index Scan using sbtest1_pkey on sbtest1  (cost=0.43..8.45 rows=1 width=121)
	  Index Cond: (id = 9013208)

table 2 : explain SELECT c FROM sbtest2 WHERE id=683859
	Index Scan using sbtest2_pkey on sbtest2  (cost=0.43..8.45 rows=1 width=121)
	  Index Cond: (id = 683859)

table 3 : explain SELECT c FROM sbtest3 WHERE id=5311707
	Index Scan using sbtest3_pkey on sbtest3  (cost=0.43..8.45 rows=1 width=121)
	  Index Cond: (id = 5311707)

table 4 : explain SELECT c FROM sbtest4 WHERE id=1207858
	Index Scan using sbtest4_pkey on sbtest4  (cost=0.43..8.45 rows=1 width=121)
	  Index Cond: (id = 1207858)

table 5 : explain SELECT c FROM sbtest5 WHERE id=9594687
	Index Scan using sbtest5_pkey on sbtest5  (cost=0.43..8.45 rows=1 width=121)
	  Index Cond: (id = 9594687)

table 6 : explain SELECT c FROM sbtest6 WHERE id=2115979
	Index Scan using sbtest6_pkey on sbtest6  (cost=0.43..8.45 rows=1 width=121)
	  Index Cond: (id = 2115979)

table 7 : explain SELECT c FROM sbtest7 WHERE id=8235986
	Index Scan using sbtest7_pkey on sbtest7  (cost=0.43..8.45 rows=1 width=121)
	  Index Cond: (id = 8235986)

table 8 : explain SELECT c FROM sbtest8 WHERE id=63755
	Index Scan using sbtest8_pkey on sbtest8  (cost=0.43..8.45 rows=1 width=121)
	  Index Cond: (id = 63755)

for point_selects
table 1 : explain SELECT c FROM sbtest1 WHERE id=8567760
	Index Scan using sbtest1_pkey on sbtest1  (cost=0.43..8.45 rows=1 width=121)
	  Index Cond: (id = 8567760)

table 2 : explain SELECT c FROM sbtest2 WHERE id=882900
	Index Scan using sbtest2_pkey on sbtest2  (cost=0.43..8.45 rows=1 width=121)
	  Index Cond: (id = 882900)

table 3 : explain SELECT c FROM sbtest3 WHERE id=5287108
	Index Scan using sbtest3_pkey on sbtest3  (cost=0.43..8.45 rows=1 width=121)
	  Index Cond: (id = 5287108)

table 4 : explain SELECT c FROM sbtest4 WHERE id=1572087
	Index Scan using sbtest4_pkey on sbtest4  (cost=0.43..8.45 rows=1 width=121)
	  Index Cond: (id = 1572087)

table 5 : explain SELECT c FROM sbtest5 WHERE id=3397035
	Index Scan using sbtest5_pkey on sbtest5  (cost=0.43..8.45 rows=1 width=121)
	  Index Cond: (id = 3397035)

table 6 : explain SELECT c FROM sbtest6 WHERE id=4327257
	Index Scan using sbtest6_pkey on sbtest6  (cost=0.43..8.45 rows=1 width=121)
	  Index Cond: (id = 4327257)

table 7 : explain SELECT c FROM sbtest7 WHERE id=4220978
	Index Scan using sbtest7_pkey on sbtest7  (cost=0.43..8.45 rows=1 width=121)
	  Index Cond: (id = 4220978)

table 8 : explain SELECT c FROM sbtest8 WHERE id=8138824
	Index Scan using sbtest8_pkey on sbtest8  (cost=0.43..8.45 rows=1 width=121)
	  Index Cond: (id = 8138824)

for: simple_ranges
table 1 : explain SELECT c FROM sbtest1 WHERE id BETWEEN 7642850 AND 7643849
	Bitmap Heap Scan on sbtest1  (cost=22.32..3724.89 rows=964 width=121)
	  Recheck Cond: ((id >= 7642850) AND (id <= 7643849))
	  ->  Bitmap Index Scan on sbtest1_pkey  (cost=0.00..22.07 rows=964 width=0)
	        Index Cond: ((id >= 7642850) AND (id <= 7643849))

table 2 : explain SELECT c FROM sbtest2 WHERE id BETWEEN 6413409 AND 6414408
	Bitmap Heap Scan on sbtest2  (cost=23.32..4093.45 rows=1062 width=121)
	  Recheck Cond: ((id >= 6413409) AND (id <= 6414408))
	  ->  Bitmap Index Scan on sbtest2_pkey  (cost=0.00..23.05 rows=1062 width=0)
	        Index Cond: ((id >= 6413409) AND (id <= 6414408))

table 3 : explain SELECT c FROM sbtest3 WHERE id BETWEEN 3062895 AND 3063894
	Bitmap Heap Scan on sbtest3  (cost=27.69..4228.98 rows=1098 width=121)
	  Recheck Cond: ((id >= 3062895) AND (id <= 3063894))
	  ->  Bitmap Index Scan on sbtest3_pkey  (cost=0.00..27.41 rows=1098 width=0)
	        Index Cond: ((id >= 3062895) AND (id <= 3063894))

table 4 : explain SELECT c FROM sbtest4 WHERE id BETWEEN 934503 AND 935502
	Bitmap Heap Scan on sbtest4  (cost=22.30..3717.16 rows=962 width=121)
	  Recheck Cond: ((id >= 934503) AND (id <= 935502))
	  ->  Bitmap Index Scan on sbtest4_pkey  (cost=0.00..22.05 rows=962 width=0)
	        Index Cond: ((id >= 934503) AND (id <= 935502))

table 5 : explain SELECT c FROM sbtest5 WHERE id BETWEEN 894566 AND 895565
	Bitmap Heap Scan on sbtest5  (cost=23.41..4128.82 rows=1071 width=121)
	  Recheck Cond: ((id >= 894566) AND (id <= 895565))
	  ->  Bitmap Index Scan on sbtest5_pkey  (cost=0.00..23.14 rows=1071 width=0)
	        Index Cond: ((id >= 894566) AND (id <= 895565))

table 6 : explain SELECT c FROM sbtest6 WHERE id BETWEEN 8535335 AND 8536334
	Bitmap Heap Scan on sbtest6  (cost=22.53..3804.27 rows=985 width=121)
	  Recheck Cond: ((id >= 8535335) AND (id <= 8536334))
	  ->  Bitmap Index Scan on sbtest6_pkey  (cost=0.00..22.29 rows=985 width=0)
	        Index Cond: ((id >= 8535335) AND (id <= 8536334))

table 7 : explain SELECT c FROM sbtest7 WHERE id BETWEEN 3536394 AND 3537393
	Bitmap Heap Scan on sbtest7  (cost=22.71..3869.44 rows=1002 width=121)
	  Recheck Cond: ((id >= 3536394) AND (id <= 3537393))
	  ->  Bitmap Index Scan on sbtest7_pkey  (cost=0.00..22.45 rows=1002 width=0)
	        Index Cond: ((id >= 3536394) AND (id <= 3537393))

table 8 : explain SELECT c FROM sbtest8 WHERE id BETWEEN 4539039 AND 4540038
	Bitmap Heap Scan on sbtest8  (cost=22.19..3680.81 rows=952 width=121)
	  Recheck Cond: ((id >= 4539039) AND (id <= 4540038))
	  ->  Bitmap Index Scan on sbtest8_pkey  (cost=0.00..21.95 rows=952 width=0)
	        Index Cond: ((id >= 4539039) AND (id <= 4540038))

for: simple_ranges
table 1 : explain SELECT c FROM sbtest1 WHERE id BETWEEN 7753674 AND 7754673
	Bitmap Heap Scan on sbtest1  (cost=22.91..3943.33 rows=1022 width=121)
	  Recheck Cond: ((id >= 7753674) AND (id <= 7754673))
	  ->  Bitmap Index Scan on sbtest1_pkey  (cost=0.00..22.65 rows=1022 width=0)
	        Index Cond: ((id >= 7753674) AND (id <= 7754673))

table 2 : explain SELECT c FROM sbtest2 WHERE id BETWEEN 6371752 AND 6372751
	Bitmap Heap Scan on sbtest2  (cost=23.32..4093.45 rows=1062 width=121)
	  Recheck Cond: ((id >= 6371752) AND (id <= 6372751))
	  ->  Bitmap Index Scan on sbtest2_pkey  (cost=0.00..23.05 rows=1062 width=0)
	        Index Cond: ((id >= 6371752) AND (id <= 6372751))

table 3 : explain SELECT c FROM sbtest3 WHERE id BETWEEN 1160026 AND 1161025
	Bitmap Heap Scan on sbtest3  (cost=22.56..3815.17 rows=988 width=121)
	  Recheck Cond: ((id >= 1160026) AND (id <= 1161025))
	  ->  Bitmap Index Scan on sbtest3_pkey  (cost=0.00..22.32 rows=988 width=0)
	        Index Cond: ((id >= 1160026) AND (id <= 1161025))

table 4 : explain SELECT c FROM sbtest4 WHERE id BETWEEN 1963512 AND 1964511
	Bitmap Heap Scan on sbtest4  (cost=22.42..3762.39 rows=974 width=121)
	  Recheck Cond: ((id >= 1963512) AND (id <= 1964511))
	  ->  Bitmap Index Scan on sbtest4_pkey  (cost=0.00..22.18 rows=974 width=0)
	        Index Cond: ((id >= 1963512) AND (id <= 1964511))

table 5 : explain SELECT c FROM sbtest5 WHERE id BETWEEN 7282406 AND 7283405
	Bitmap Heap Scan on sbtest5  (cost=23.46..4147.61 rows=1076 width=121)
	  Recheck Cond: ((id >= 7282406) AND (id <= 7283405))
	  ->  Bitmap Index Scan on sbtest5_pkey  (cost=0.00..23.19 rows=1076 width=0)
	        Index Cond: ((id >= 7282406) AND (id <= 7283405))

table 6 : explain SELECT c FROM sbtest6 WHERE id BETWEEN 4459476 AND 4460475
	Bitmap Heap Scan on sbtest6  (cost=22.04..3623.28 rows=937 width=121)
	  Recheck Cond: ((id >= 4459476) AND (id <= 4460475))
	  ->  Bitmap Index Scan on sbtest6_pkey  (cost=0.00..21.80 rows=937 width=0)
	        Index Cond: ((id >= 4459476) AND (id <= 4460475))

table 7 : explain SELECT c FROM sbtest7 WHERE id BETWEEN 3583687 AND 3584686
	Bitmap Heap Scan on sbtest7  (cost=22.71..3869.44 rows=1002 width=121)
	  Recheck Cond: ((id >= 3583687) AND (id <= 3584686))
	  ->  Bitmap Index Scan on sbtest7_pkey  (cost=0.00..22.45 rows=1002 width=0)
	        Index Cond: ((id >= 3583687) AND (id <= 3584686))

table 8 : explain SELECT c FROM sbtest8 WHERE id BETWEEN 4966598 AND 4967597
	Bitmap Heap Scan on sbtest8  (cost=23.05..3997.31 rows=1036 width=121)
	  Recheck Cond: ((id >= 4966598) AND (id <= 4967597))
	  ->  Bitmap Index Scan on sbtest8_pkey  (cost=0.00..22.79 rows=1036 width=0)
	        Index Cond: ((id >= 4966598) AND (id <= 4967597))

for: simple_ranges
table 1 : explain SELECT c FROM sbtest1 WHERE id BETWEEN 8512337 AND 8513336
	Bitmap Heap Scan on sbtest1  (cost=23.23..4059.90 rows=1053 width=121)
	  Recheck Cond: ((id >= 8512337) AND (id <= 8513336))
	  ->  Bitmap Index Scan on sbtest1_pkey  (cost=0.00..22.96 rows=1053 width=0)
	        Index Cond: ((id >= 8512337) AND (id <= 8513336))

table 2 : explain SELECT c FROM sbtest2 WHERE id BETWEEN 8309082 AND 8310081
	Bitmap Heap Scan on sbtest2  (cost=23.33..4097.21 rows=1063 width=121)
	  Recheck Cond: ((id >= 8309082) AND (id <= 8310081))
	  ->  Bitmap Index Scan on sbtest2_pkey  (cost=0.00..23.07 rows=1063 width=0)
	        Index Cond: ((id >= 8309082) AND (id <= 8310081))

table 3 : explain SELECT c FROM sbtest3 WHERE id BETWEEN 6931058 AND 6932057
	Bitmap Heap Scan on sbtest3  (cost=22.40..3754.88 rows=972 width=121)
	  Recheck Cond: ((id >= 6931058) AND (id <= 6932057))
	  ->  Bitmap Index Scan on sbtest3_pkey  (cost=0.00..22.15 rows=972 width=0)
	        Index Cond: ((id >= 6931058) AND (id <= 6932057))

table 4 : explain SELECT c FROM sbtest4 WHERE id BETWEEN 7602747 AND 7603746
	Bitmap Heap Scan on sbtest4  (cost=22.66..3852.79 rows=998 width=121)
	  Recheck Cond: ((id >= 7602747) AND (id <= 7603746))
	  ->  Bitmap Index Scan on sbtest4_pkey  (cost=0.00..22.41 rows=998 width=0)
	        Index Cond: ((id >= 7602747) AND (id <= 7603746))

table 5 : explain SELECT c FROM sbtest5 WHERE id BETWEEN 2406026 AND 2407025
	Bitmap Heap Scan on sbtest5  (cost=21.81..3541.02 rows=915 width=121)
	  Recheck Cond: ((id >= 2406026) AND (id <= 2407025))
	  ->  Bitmap Index Scan on sbtest5_pkey  (cost=0.00..21.58 rows=915 width=0)
	        Index Cond: ((id >= 2406026) AND (id <= 2407025))

table 6 : explain SELECT c FROM sbtest6 WHERE id BETWEEN 5807134 AND 5808133
	Bitmap Heap Scan on sbtest6  (cost=22.77..3890.89 rows=1008 width=121)
	  Recheck Cond: ((id >= 5807134) AND (id <= 5808133))
	  ->  Bitmap Index Scan on sbtest6_pkey  (cost=0.00..22.51 rows=1008 width=0)
	        Index Cond: ((id >= 5807134) AND (id <= 5808133))

table 7 : explain SELECT c FROM sbtest7 WHERE id BETWEEN 279023 AND 280022
	Bitmap Heap Scan on sbtest7  (cost=23.03..3989.92 rows=1034 width=121)
	  Recheck Cond: ((id >= 279023) AND (id <= 280022))
	  ->  Bitmap Index Scan on sbtest7_pkey  (cost=0.00..22.77 rows=1034 width=0)
	        Index Cond: ((id >= 279023) AND (id <= 280022))

table 8 : explain SELECT c FROM sbtest8 WHERE id BETWEEN 7461377 AND 7462376
	Bitmap Heap Scan on sbtest8  (cost=22.96..3963.44 rows=1027 width=121)
	  Recheck Cond: ((id >= 7461377) AND (id <= 7462376))
	  ->  Bitmap Index Scan on sbtest8_pkey  (cost=0.00..22.70 rows=1027 width=0)
	        Index Cond: ((id >= 7461377) AND (id <= 7462376))

for: simple_ranges
table 1 : explain SELECT c FROM sbtest1 WHERE id BETWEEN 8447012 AND 8448011
	Bitmap Heap Scan on sbtest1  (cost=22.07..3634.37 rows=940 width=121)
	  Recheck Cond: ((id >= 8447012) AND (id <= 8448011))
	  ->  Bitmap Index Scan on sbtest1_pkey  (cost=0.00..21.83 rows=940 width=0)
	        Index Cond: ((id >= 8447012) AND (id <= 8448011))

table 2 : explain SELECT c FROM sbtest2 WHERE id BETWEEN 2409995 AND 2410994
	Bitmap Heap Scan on sbtest2  (cost=21.54..3437.78 rows=888 width=121)
	  Recheck Cond: ((id >= 2409995) AND (id <= 2410994))
	  ->  Bitmap Index Scan on sbtest2_pkey  (cost=0.00..21.32 rows=888 width=0)
	        Index Cond: ((id >= 2409995) AND (id <= 2410994))

table 3 : explain SELECT c FROM sbtest3 WHERE id BETWEEN 8366828 AND 8367827
	Bitmap Heap Scan on sbtest3  (cost=22.47..3781.26 rows=979 width=121)
	  Recheck Cond: ((id >= 8366828) AND (id <= 8367827))
	  ->  Bitmap Index Scan on sbtest3_pkey  (cost=0.00..22.22 rows=979 width=0)
	        Index Cond: ((id >= 8366828) AND (id <= 8367827))

table 4 : explain SELECT c FROM sbtest4 WHERE id BETWEEN 3362433 AND 3363432
	Bitmap Heap Scan on sbtest4  (cost=21.52..3430.26 rows=886 width=121)
	  Recheck Cond: ((id >= 3362433) AND (id <= 3363432))
	  ->  Bitmap Index Scan on sbtest4_pkey  (cost=0.00..21.29 rows=886 width=0)
	        Index Cond: ((id >= 3362433) AND (id <= 3363432))

table 5 : explain SELECT c FROM sbtest5 WHERE id BETWEEN 4619544 AND 4620543
	Bitmap Heap Scan on sbtest5  (cost=22.47..3782.55 rows=979 width=121)
	  Recheck Cond: ((id >= 4619544) AND (id <= 4620543))
	  ->  Bitmap Index Scan on sbtest5_pkey  (cost=0.00..22.22 rows=979 width=0)
	        Index Cond: ((id >= 4619544) AND (id <= 4620543))

table 6 : explain SELECT c FROM sbtest6 WHERE id BETWEEN 266116 AND 267115
	Bitmap Heap Scan on sbtest6  (cost=22.57..3819.34 rows=989 width=121)
	  Recheck Cond: ((id >= 266116) AND (id <= 267115))
	  ->  Bitmap Index Scan on sbtest6_pkey  (cost=0.00..22.32 rows=989 width=0)
	        Index Cond: ((id >= 266116) AND (id <= 267115))

table 7 : explain SELECT c FROM sbtest7 WHERE id BETWEEN 3400767 AND 3401766
	Bitmap Heap Scan on sbtest7  (cost=23.43..4136.58 rows=1073 width=121)
	  Recheck Cond: ((id >= 3400767) AND (id <= 3401766))
	  ->  Bitmap Index Scan on sbtest7_pkey  (cost=0.00..23.16 rows=1073 width=0)
	        Index Cond: ((id >= 3400767) AND (id <= 3401766))

table 8 : explain SELECT c FROM sbtest8 WHERE id BETWEEN 9906242 AND 9907241
	Bitmap Heap Scan on sbtest8  (cost=22.67..3858.01 rows=999 width=121)
	  Recheck Cond: ((id >= 9906242) AND (id <= 9907241))
	  ->  Bitmap Index Scan on sbtest8_pkey  (cost=0.00..22.43 rows=999 width=0)
	        Index Cond: ((id >= 9906242) AND (id <= 9907241))

for: sum_ranges
table 1 : explain SELECT SUM(k) FROM sbtest1 WHERE id BETWEEN 8758227 AND 8759226
	Aggregate  (cost=3896.93..3896.94 rows=1 width=8)
	  ->  Bitmap Heap Scan on sbtest1  (cost=22.78..3894.41 rows=1009 width=4)
	        Recheck Cond: ((id >= 8758227) AND (id <= 8759226))
	        ->  Bitmap Index Scan on sbtest1_pkey  (cost=0.00..22.52 rows=1009 width=0)
	              Index Cond: ((id >= 8758227) AND (id <= 8759226))

table 2 : explain SELECT SUM(k) FROM sbtest2 WHERE id BETWEEN 9987127 AND 9988126
	Aggregate  (cost=3617.62..3617.63 rows=1 width=8)
	  ->  Bitmap Heap Scan on sbtest2  (cost=22.02..3615.28 rows=935 width=4)
	        Recheck Cond: ((id >= 9987127) AND (id <= 9988126))
	        ->  Bitmap Index Scan on sbtest2_pkey  (cost=0.00..21.79 rows=935 width=0)
	              Index Cond: ((id >= 9987127) AND (id <= 9988126))

table 3 : explain SELECT SUM(k) FROM sbtest3 WHERE id BETWEEN 134902 AND 135901
	Aggregate  (cost=3862.86..3862.87 rows=1 width=8)
	  ->  Bitmap Heap Scan on sbtest3  (cost=22.68..3860.36 rows=1000 width=4)
	        Recheck Cond: ((id >= 134902) AND (id <= 135901))
	        ->  Bitmap Index Scan on sbtest3_pkey  (cost=0.00..22.43 rows=1000 width=0)
	              Index Cond: ((id >= 134902) AND (id <= 135901))

table 4 : explain SELECT SUM(k) FROM sbtest4 WHERE id BETWEEN 3069996 AND 3070995
	Aggregate  (cost=3862.82..3862.83 rows=1 width=8)
	  ->  Bitmap Heap Scan on sbtest4  (cost=22.68..3860.32 rows=1000 width=4)
	        Recheck Cond: ((id >= 3069996) AND (id <= 3070995))
	        ->  Bitmap Index Scan on sbtest4_pkey  (cost=0.00..22.43 rows=1000 width=0)
	              Index Cond: ((id >= 3069996) AND (id <= 3070995))

table 5 : explain SELECT SUM(k) FROM sbtest5 WHERE id BETWEEN 5116291 AND 5117290
	Aggregate  (cost=3796.31..3796.32 rows=1 width=8)
	  ->  Bitmap Heap Scan on sbtest5  (cost=22.50..3793.86 rows=982 width=4)
	        Recheck Cond: ((id >= 5116291) AND (id <= 5117290))
	        ->  Bitmap Index Scan on sbtest5_pkey  (cost=0.00..22.25 rows=982 width=0)
	              Index Cond: ((id >= 5116291) AND (id <= 5117290))

table 6 : explain SELECT SUM(k) FROM sbtest6 WHERE id BETWEEN 414952 AND 415951
	Aggregate  (cost=4051.51..4051.52 rows=1 width=8)
	  ->  Bitmap Heap Scan on sbtest6  (cost=23.20..4048.89 rows=1050 width=4)
	        Recheck Cond: ((id >= 414952) AND (id <= 415951))
	        ->  Bitmap Index Scan on sbtest6_pkey  (cost=0.00..22.93 rows=1050 width=0)
	              Index Cond: ((id >= 414952) AND (id <= 415951))

table 7 : explain SELECT SUM(k) FROM sbtest7 WHERE id BETWEEN 1255342 AND 1256341
	Aggregate  (cost=3603.97..3603.98 rows=1 width=8)
	  ->  Bitmap Heap Scan on sbtest7  (cost=21.98..3601.65 rows=931 width=4)
	        Recheck Cond: ((id >= 1255342) AND (id <= 1256341))
	        ->  Bitmap Index Scan on sbtest7_pkey  (cost=0.00..21.75 rows=931 width=0)
	              Index Cond: ((id >= 1255342) AND (id <= 1256341))

table 8 : explain SELECT SUM(k) FROM sbtest8 WHERE id BETWEEN 773062 AND 774061
	Aggregate  (cost=3766.22..3766.23 rows=1 width=8)
	  ->  Bitmap Heap Scan on sbtest8  (cost=22.42..3763.79 rows=974 width=4)
	        Recheck Cond: ((id >= 773062) AND (id <= 774061))
	        ->  Bitmap Index Scan on sbtest8_pkey  (cost=0.00..22.18 rows=974 width=0)
	              Index Cond: ((id >= 773062) AND (id <= 774061))

for: sum_ranges
table 1 : explain SELECT SUM(k) FROM sbtest1 WHERE id BETWEEN 9079649 AND 9080648
	Aggregate  (cost=3515.83..3515.84 rows=1 width=8)
	  ->  Bitmap Heap Scan on sbtest1  (cost=21.74..3513.56 rows=908 width=4)
	        Recheck Cond: ((id >= 9079649) AND (id <= 9080648))
	        ->  Bitmap Index Scan on sbtest1_pkey  (cost=0.00..21.51 rows=908 width=0)
	              Index Cond: ((id >= 9079649) AND (id <= 9080648))

table 2 : explain SELECT SUM(k) FROM sbtest2 WHERE id BETWEEN 7193392 AND 7194391
	Aggregate  (cost=3979.51..3979.52 rows=1 width=8)
	  ->  Bitmap Heap Scan on sbtest2  (cost=23.00..3976.93 rows=1031 width=4)
	        Recheck Cond: ((id >= 7193392) AND (id <= 7194391))
	        ->  Bitmap Index Scan on sbtest2_pkey  (cost=0.00..22.75 rows=1031 width=0)
	              Index Cond: ((id >= 7193392) AND (id <= 7194391))

table 3 : explain SELECT SUM(k) FROM sbtest3 WHERE id BETWEEN 2332201 AND 2333200
	Aggregate  (cost=3678.09..3678.10 rows=1 width=8)
	  ->  Bitmap Heap Scan on sbtest3  (cost=22.18..3675.71 rows=951 width=4)
	        Recheck Cond: ((id >= 2332201) AND (id <= 2333200))
	        ->  Bitmap Index Scan on sbtest3_pkey  (cost=0.00..21.94 rows=951 width=0)
	              Index Cond: ((id >= 2332201) AND (id <= 2333200))

table 4 : explain SELECT SUM(k) FROM sbtest4 WHERE id BETWEEN 4979256 AND 4980255
	Aggregate  (cost=3651.64..3651.65 rows=1 width=8)
	  ->  Bitmap Heap Scan on sbtest4  (cost=22.11..3649.28 rows=944 width=4)
	        Recheck Cond: ((id >= 4979256) AND (id <= 4980255))
	        ->  Bitmap Index Scan on sbtest4_pkey  (cost=0.00..21.87 rows=944 width=0)
	              Index Cond: ((id >= 4979256) AND (id <= 4980255))

table 5 : explain SELECT SUM(k) FROM sbtest5 WHERE id BETWEEN 493167 AND 494166
	Aggregate  (cost=3547.09..3547.10 rows=1 width=8)
	  ->  Bitmap Heap Scan on sbtest5  (cost=21.82..3544.80 rows=916 width=4)
	        Recheck Cond: ((id >= 493167) AND (id <= 494166))
	        ->  Bitmap Index Scan on sbtest5_pkey  (cost=0.00..21.59 rows=916 width=0)
	              Index Cond: ((id >= 493167) AND (id <= 494166))

table 6 : explain SELECT SUM(k) FROM sbtest6 WHERE id BETWEEN 9861558 AND 9862557
	Aggregate  (cost=3618.06..3618.07 rows=1 width=8)
	  ->  Bitmap Heap Scan on sbtest6  (cost=22.02..3615.73 rows=935 width=4)
	        Recheck Cond: ((id >= 9861558) AND (id <= 9862557))
	        ->  Bitmap Index Scan on sbtest6_pkey  (cost=0.00..21.79 rows=935 width=0)
	              Index Cond: ((id >= 9861558) AND (id <= 9862557))

table 7 : explain SELECT SUM(k) FROM sbtest7 WHERE id BETWEEN 2712315 AND 2713314
	Aggregate  (cost=3947.31..3947.32 rows=1 width=8)
	  ->  Bitmap Heap Scan on sbtest7  (cost=22.91..3944.75 rows=1022 width=4)
	        Recheck Cond: ((id >= 2712315) AND (id <= 2713314))
	        ->  Bitmap Index Scan on sbtest7_pkey  (cost=0.00..22.65 rows=1022 width=0)
	              Index Cond: ((id >= 2712315) AND (id <= 2713314))

table 8 : explain SELECT SUM(k) FROM sbtest8 WHERE id BETWEEN 2928179 AND 2929178
	Aggregate  (cost=3950.95..3950.96 rows=1 width=8)
	  ->  Bitmap Heap Scan on sbtest8  (cost=22.92..3948.39 rows=1023 width=4)
	        Recheck Cond: ((id >= 2928179) AND (id <= 2929178))
	        ->  Bitmap Index Scan on sbtest8_pkey  (cost=0.00..22.66 rows=1023 width=0)
	              Index Cond: ((id >= 2928179) AND (id <= 2929178))

for: sum_ranges
table 1 : explain SELECT SUM(k) FROM sbtest1 WHERE id BETWEEN 6824996 AND 6825995
	Aggregate  (cost=3443.99..3444.00 rows=1 width=8)
	  ->  Bitmap Heap Scan on sbtest1  (cost=21.55..3441.77 rows=889 width=4)
	        Recheck Cond: ((id >= 6824996) AND (id <= 6825995))
	        ->  Bitmap Index Scan on sbtest1_pkey  (cost=0.00..21.32 rows=889 width=0)
	              Index Cond: ((id >= 6824996) AND (id <= 6825995))

table 2 : explain SELECT SUM(k) FROM sbtest2 WHERE id BETWEEN 1451867 AND 1452866
	Aggregate  (cost=3606.29..3606.30 rows=1 width=8)
	  ->  Bitmap Heap Scan on sbtest2  (cost=21.99..3603.96 rows=932 width=4)
	        Recheck Cond: ((id >= 1451867) AND (id <= 1452866))
	        ->  Bitmap Index Scan on sbtest2_pkey  (cost=0.00..21.75 rows=932 width=0)
	              Index Cond: ((id >= 1451867) AND (id <= 1452866))

table 3 : explain SELECT SUM(k) FROM sbtest3 WHERE id BETWEEN 6329149 AND 6330148
	Aggregate  (cost=3930.65..3930.66 rows=1 width=8)
	  ->  Bitmap Heap Scan on sbtest3  (cost=22.87..3928.11 rows=1018 width=4)
	        Recheck Cond: ((id >= 6329149) AND (id <= 6330148))
	        ->  Bitmap Index Scan on sbtest3_pkey  (cost=0.00..22.61 rows=1018 width=0)
	              Index Cond: ((id >= 6329149) AND (id <= 6330148))

table 4 : explain SELECT SUM(k) FROM sbtest4 WHERE id BETWEEN 5590700 AND 5591699
	Aggregate  (cost=3836.45..3836.46 rows=1 width=8)
	  ->  Bitmap Heap Scan on sbtest4  (cost=22.61..3833.97 rows=993 width=4)
	        Recheck Cond: ((id >= 5590700) AND (id <= 5591699))
	        ->  Bitmap Index Scan on sbtest4_pkey  (cost=0.00..22.36 rows=993 width=0)
	              Index Cond: ((id >= 5590700) AND (id <= 5591699))

table 5 : explain SELECT SUM(k) FROM sbtest5 WHERE id BETWEEN 7584033 AND 7585032
	Aggregate  (cost=3720.85..3720.86 rows=1 width=8)
	  ->  Bitmap Heap Scan on sbtest5  (cost=22.30..3718.45 rows=962 width=4)
	        Recheck Cond: ((id >= 7584033) AND (id <= 7585032))
	        ->  Bitmap Index Scan on sbtest5_pkey  (cost=0.00..22.05 rows=962 width=0)
	              Index Cond: ((id >= 7584033) AND (id <= 7585032))

table 6 : explain SELECT SUM(k) FROM sbtest6 WHERE id BETWEEN 7764261 AND 7765260
	Aggregate  (cost=4175.58..4175.59 rows=1 width=8)
	  ->  Bitmap Heap Scan on sbtest6  (cost=23.54..4172.87 rows=1083 width=4)
	        Recheck Cond: ((id >= 7764261) AND (id <= 7765260))
	        ->  Bitmap Index Scan on sbtest6_pkey  (cost=0.00..23.26 rows=1083 width=0)
	              Index Cond: ((id >= 7764261) AND (id <= 7765260))

table 7 : explain SELECT SUM(k) FROM sbtest7 WHERE id BETWEEN 6673037 AND 6674036
	Aggregate  (cost=4143.02..4143.03 rows=1 width=8)
	  ->  Bitmap Heap Scan on sbtest7  (cost=23.44..4140.33 rows=1074 width=4)
	        Recheck Cond: ((id >= 6673037) AND (id <= 6674036))
	        ->  Bitmap Index Scan on sbtest7_pkey  (cost=0.00..23.18 rows=1074 width=0)
	              Index Cond: ((id >= 6673037) AND (id <= 6674036))

table 8 : explain SELECT SUM(k) FROM sbtest8 WHERE id BETWEEN 5116727 AND 5117726
	Aggregate  (cost=3894.43..3894.44 rows=1 width=8)
	  ->  Bitmap Heap Scan on sbtest8  (cost=22.77..3891.91 rows=1008 width=4)
	        Recheck Cond: ((id >= 5116727) AND (id <= 5117726))
	        ->  Bitmap Index Scan on sbtest8_pkey  (cost=0.00..22.51 rows=1008 width=0)
	              Index Cond: ((id >= 5116727) AND (id <= 5117726))

for: sum_ranges
table 1 : explain SELECT SUM(k) FROM sbtest1 WHERE id BETWEEN 2970502 AND 2971501
	Aggregate  (cost=3847.95..3847.96 rows=1 width=8)
	  ->  Bitmap Heap Scan on sbtest1  (cost=22.64..3845.46 rows=996 width=4)
	        Recheck Cond: ((id >= 2970502) AND (id <= 2971501))
	        ->  Bitmap Index Scan on sbtest1_pkey  (cost=0.00..22.39 rows=996 width=0)
	              Index Cond: ((id >= 2970502) AND (id <= 2971501))

table 2 : explain SELECT SUM(k) FROM sbtest2 WHERE id BETWEEN 9746286 AND 9747285
	Aggregate  (cost=3711.98..3711.99 rows=1 width=8)
	  ->  Bitmap Heap Scan on sbtest2  (cost=22.27..3709.58 rows=960 width=4)
	        Recheck Cond: ((id >= 9746286) AND (id <= 9747285))
	        ->  Bitmap Index Scan on sbtest2_pkey  (cost=0.00..22.04 rows=960 width=0)
	              Index Cond: ((id >= 9746286) AND (id <= 9747285))

table 3 : explain SELECT SUM(k) FROM sbtest3 WHERE id BETWEEN 6880999 AND 6881998
	Aggregate  (cost=3795.02..3795.03 rows=1 width=8)
	  ->  Bitmap Heap Scan on sbtest3  (cost=22.50..3792.57 rows=982 width=4)
	        Recheck Cond: ((id >= 6880999) AND (id <= 6881998))
	        ->  Bitmap Index Scan on sbtest3_pkey  (cost=0.00..22.25 rows=982 width=0)
	              Index Cond: ((id >= 6880999) AND (id <= 6881998))

table 4 : explain SELECT SUM(k) FROM sbtest4 WHERE id BETWEEN 551108 AND 552107
	Aggregate  (cost=3617.66..3617.67 rows=1 width=8)
	  ->  Bitmap Heap Scan on sbtest4  (cost=22.02..3615.32 rows=935 width=4)
	        Recheck Cond: ((id >= 551108) AND (id <= 552107))
	        ->  Bitmap Index Scan on sbtest4_pkey  (cost=0.00..21.79 rows=935 width=0)
	              Index Cond: ((id >= 551108) AND (id <= 552107))

table 5 : explain SELECT SUM(k) FROM sbtest5 WHERE id BETWEEN 1310052 AND 1311051
	Aggregate  (cost=3641.56..3641.57 rows=1 width=8)
	  ->  Bitmap Heap Scan on sbtest5  (cost=22.08..3639.21 rows=941 width=4)
	        Recheck Cond: ((id >= 1310052) AND (id <= 1311051))
	        ->  Bitmap Index Scan on sbtest5_pkey  (cost=0.00..21.84 rows=941 width=0)
	              Index Cond: ((id >= 1310052) AND (id <= 1311051))

table 6 : explain SELECT SUM(k) FROM sbtest6 WHERE id BETWEEN 6229073 AND 6230072
	Aggregate  (cost=3761.48..3761.49 rows=1 width=8)
	  ->  Bitmap Heap Scan on sbtest6  (cost=22.41..3759.05 rows=973 width=4)
	        Recheck Cond: ((id >= 6229073) AND (id <= 6230072))
	        ->  Bitmap Index Scan on sbtest6_pkey  (cost=0.00..22.16 rows=973 width=0)
	              Index Cond: ((id >= 6229073) AND (id <= 6230072))

table 7 : explain SELECT SUM(k) FROM sbtest7 WHERE id BETWEEN 687420 AND 688419
	Aggregate  (cost=3581.30..3581.31 rows=1 width=8)
	  ->  Bitmap Heap Scan on sbtest7  (cost=21.92..3578.99 rows=925 width=4)
	        Recheck Cond: ((id >= 687420) AND (id <= 688419))
	        ->  Bitmap Index Scan on sbtest7_pkey  (cost=0.00..21.68 rows=925 width=0)
	              Index Cond: ((id >= 687420) AND (id <= 688419))

table 8 : explain SELECT SUM(k) FROM sbtest8 WHERE id BETWEEN 9278694 AND 9279693
	Aggregate  (cost=4173.20..4173.21 rows=1 width=8)
	  ->  Bitmap Heap Scan on sbtest8  (cost=27.52..4170.50 rows=1081 width=4)
	        Recheck Cond: ((id >= 9278694) AND (id <= 9279693))
	        ->  Bitmap Index Scan on sbtest8_pkey  (cost=0.00..27.25 rows=1081 width=0)
	              Index Cond: ((id >= 9278694) AND (id <= 9279693))

explain: for point_selects :: explain SELECT c FROM sbtest%u WHERE id=%u
explain: for point_selects :: explain SELECT c FROM sbtest%u WHERE id=%u
explain: for point_selects :: explain SELECT c FROM sbtest%u WHERE id=%u
explain: for point_selects :: explain SELECT c FROM sbtest%u WHERE id=%u
for point_selects
table 1 : explain SELECT c FROM sbtest1 WHERE id=509474
	Index Scan using sbtest1_pkey on sbtest1  (cost=0.43..8.45 rows=1 width=121)
	  Index Cond: (id = 509474)

table 2 : explain SELECT c FROM sbtest2 WHERE id=8530824
	Index Scan using sbtest2_pkey on sbtest2  (cost=0.43..8.45 rows=1 width=121)
	  Index Cond: (id = 8530824)

table 3 : explain SELECT c FROM sbtest3 WHERE id=339850
	Index Scan using sbtest3_pkey on sbtest3  (cost=0.43..8.45 rows=1 width=121)
	  Index Cond: (id = 339850)

table 4 : explain SELECT c FROM sbtest4 WHERE id=6179301
	Index Scan using sbtest4_pkey on sbtest4  (cost=0.43..8.45 rows=1 width=121)
	  Index Cond: (id = 6179301)

table 5 : explain SELECT c FROM sbtest5 WHERE id=761351
	Index Scan using sbtest5_pkey on sbtest5  (cost=0.43..8.45 rows=1 width=121)
	  Index Cond: (id = 761351)

table 6 : explain SELECT c FROM sbtest6 WHERE id=6602704
	Index Scan using sbtest6_pkey on sbtest6  (cost=0.43..8.45 rows=1 width=121)
	  Index Cond: (id = 6602704)

table 7 : explain SELECT c FROM sbtest7 WHERE id=5779236
	Index Scan using sbtest7_pkey on sbtest7  (cost=0.43..8.45 rows=1 width=121)
	  Index Cond: (id = 5779236)

table 8 : explain SELECT c FROM sbtest8 WHERE id=496605
	Index Scan using sbtest8_pkey on sbtest8  (cost=0.43..8.45 rows=1 width=121)
	  Index Cond: (id = 496605)

explain: for point_selects :: explain SELECT c FROM sbtest%u WHERE id=%u
for: order_ranges
table 1 : explain SELECT c FROM sbtest1 WHERE id BETWEEN 8988355 AND 8989354 ORDER BY c
	Sort  (cost=3875.95..3878.43 rows=991 width=121)
	  Sort Key: c
	  ->  Bitmap Heap Scan on sbtest1  (cost=22.59..3826.63 rows=991 width=121)
	        Recheck Cond: ((id >= 8988355) AND (id <= 8989354))
	        ->  Bitmap Index Scan on sbtest1_pkey  (cost=0.00..22.34 rows=991 width=0)
	              Index Cond: ((id >= 8988355) AND (id <= 8989354))

table 2 : explain SELECT c FROM sbtest2 WHERE id BETWEEN 6267022 AND 6268021 ORDER BY c
	Sort  (cost=3875.71..3878.18 rows=991 width=121)
	  Sort Key: c
	  ->  Bitmap Heap Scan on sbtest2  (cost=22.59..3826.39 rows=991 width=121)
	        Recheck Cond: ((id >= 6267022) AND (id <= 6268021))
	        ->  Bitmap Index Scan on sbtest2_pkey  (cost=0.00..22.34 rows=991 width=0)
	              Index Cond: ((id >= 6267022) AND (id <= 6268021))

table 3 : explain SELECT c FROM sbtest3 WHERE id BETWEEN 6515522 AND 6516521 ORDER BY c
	Sort  (cost=3940.76..3943.28 rows=1008 width=121)
	  Sort Key: c
	  ->  Bitmap Heap Scan on sbtest3  (cost=22.77..3890.47 rows=1008 width=121)
	        Recheck Cond: ((id >= 6515522) AND (id <= 6516521))
	        ->  Bitmap Index Scan on sbtest3_pkey  (cost=0.00..22.51 rows=1008 width=0)
	              Index Cond: ((id >= 6515522) AND (id <= 6516521))

table 4 : explain SELECT c FROM sbtest4 WHERE id BETWEEN 1461534 AND 1462533 ORDER BY c
	Sort  (cost=3933.08..3935.60 rows=1006 width=121)
	  Sort Key: c
	  ->  Bitmap Heap Scan on sbtest4  (cost=22.75..3882.91 rows=1006 width=121)
	        Recheck Cond: ((id >= 1461534) AND (id <= 1462533))
	        ->  Bitmap Index Scan on sbtest4_pkey  (cost=0.00..22.50 rows=1006 width=0)
	              Index Cond: ((id >= 1461534) AND (id <= 1462533))

table 5 : explain SELECT c FROM sbtest5 WHERE id BETWEEN 6203987 AND 6204986 ORDER BY c
	Sort  (cost=3919.16..3921.67 rows=1002 width=121)
	  Sort Key: c
	  ->  Bitmap Heap Scan on sbtest5  (cost=22.71..3869.22 rows=1002 width=121)
	        Recheck Cond: ((id >= 6203987) AND (id <= 6204986))
	        ->  Bitmap Index Scan on sbtest5_pkey  (cost=0.00..22.45 rows=1002 width=0)
	              Index Cond: ((id >= 6203987) AND (id <= 6204986))

table 6 : explain SELECT c FROM sbtest6 WHERE id BETWEEN 8618690 AND 8619689 ORDER BY c
	Sort  (cost=3994.67..3997.22 rows=1022 width=121)
	  Sort Key: c
	  ->  Bitmap Heap Scan on sbtest6  (cost=22.91..3943.58 rows=1022 width=121)
	        Recheck Cond: ((id >= 8618690) AND (id <= 8619689))
	        ->  Bitmap Index Scan on sbtest6_pkey  (cost=0.00..22.65 rows=1022 width=0)
	              Index Cond: ((id >= 8618690) AND (id <= 8619689))

table 7 : explain SELECT c FROM sbtest7 WHERE id BETWEEN 8241357 AND 8242356 ORDER BY c
	Sort  (cost=3911.73..3914.23 rows=1000 width=121)
	  Sort Key: c
	  ->  Bitmap Heap Scan on sbtest7  (cost=22.68..3861.90 rows=1000 width=121)
	        Recheck Cond: ((id >= 8241357) AND (id <= 8242356))
	        ->  Bitmap Index Scan on sbtest7_pkey  (cost=0.00..22.43 rows=1000 width=0)
	              Index Cond: ((id >= 8241357) AND (id <= 8242356))

table 8 : explain SELECT c FROM sbtest8 WHERE id BETWEEN 6171337 AND 6172336 ORDER BY c
	Sort  (cost=4117.94..4120.57 rows=1054 width=121)
	  Sort Key: c
	  ->  Bitmap Heap Scan on sbtest8  (cost=23.24..4065.02 rows=1054 width=121)
	        Recheck Cond: ((id >= 6171337) AND (id <= 6172336))
	        ->  Bitmap Index Scan on sbtest8_pkey  (cost=0.00..22.97 rows=1054 width=0)
	              Index Cond: ((id >= 6171337) AND (id <= 6172336))

for: order_ranges
table 1 : explain SELECT c FROM sbtest1 WHERE id BETWEEN 351027 AND 352026 ORDER BY c
	Sort  (cost=3810.93..3813.37 rows=974 width=121)
	  Sort Key: c
	  ->  Bitmap Heap Scan on sbtest1  (cost=22.42..3762.58 rows=974 width=121)
	        Recheck Cond: ((id >= 351027) AND (id <= 352026))
	        ->  Bitmap Index Scan on sbtest1_pkey  (cost=0.00..22.18 rows=974 width=0)
	              Index Cond: ((id >= 351027) AND (id <= 352026))

table 2 : explain SELECT c FROM sbtest2 WHERE id BETWEEN 8195744 AND 8196743 ORDER BY c
	Sort  (cost=3826.00..3828.44 rows=978 width=121)
	  Sort Key: c
	  ->  Bitmap Heap Scan on sbtest2  (cost=22.46..3777.42 rows=978 width=121)
	        Recheck Cond: ((id >= 8195744) AND (id <= 8196743))
	        ->  Bitmap Index Scan on sbtest2_pkey  (cost=0.00..22.21 rows=978 width=0)
	              Index Cond: ((id >= 8195744) AND (id <= 8196743))

table 3 : explain SELECT c FROM sbtest3 WHERE id BETWEEN 8390205 AND 8391204 ORDER BY c
	Sort  (cost=3829.90..3832.34 rows=979 width=121)
	  Sort Key: c
	  ->  Bitmap Heap Scan on sbtest3  (cost=22.47..3781.26 rows=979 width=121)
	        Recheck Cond: ((id >= 8390205) AND (id <= 8391204))
	        ->  Bitmap Index Scan on sbtest3_pkey  (cost=0.00..22.22 rows=979 width=0)
	              Index Cond: ((id >= 8390205) AND (id <= 8391204))

table 4 : explain SELECT c FROM sbtest4 WHERE id BETWEEN 5624475 AND 5625474 ORDER BY c
	Sort  (cost=3883.40..3885.88 rows=993 width=121)
	  Sort Key: c
	  ->  Bitmap Heap Scan on sbtest4  (cost=22.61..3833.97 rows=993 width=121)
	        Recheck Cond: ((id >= 5624475) AND (id <= 5625474))
	        ->  Bitmap Index Scan on sbtest4_pkey  (cost=0.00..22.36 rows=993 width=0)
	              Index Cond: ((id >= 5624475) AND (id <= 5625474))

table 5 : explain SELECT c FROM sbtest5 WHERE id BETWEEN 4548218 AND 4549217 ORDER BY c
	Sort  (cost=3919.16..3921.67 rows=1002 width=121)
	  Sort Key: c
	  ->  Bitmap Heap Scan on sbtest5  (cost=22.71..3869.22 rows=1002 width=121)
	        Recheck Cond: ((id >= 4548218) AND (id <= 4549217))
	        ->  Bitmap Index Scan on sbtest5_pkey  (cost=0.00..22.45 rows=1002 width=0)
	              Index Cond: ((id >= 4548218) AND (id <= 4549217))

table 6 : explain SELECT c FROM sbtest6 WHERE id BETWEEN 7435072 AND 7436071 ORDER BY c
	Sort  (cost=4013.77..4016.33 rows=1027 width=121)
	  Sort Key: c
	  ->  Bitmap Heap Scan on sbtest6  (cost=22.96..3962.39 rows=1027 width=121)
	        Recheck Cond: ((id >= 7435072) AND (id <= 7436071))
	        ->  Bitmap Index Scan on sbtest6_pkey  (cost=0.00..22.70 rows=1027 width=0)
	              Index Cond: ((id >= 7435072) AND (id <= 7436071))

table 7 : explain SELECT c FROM sbtest7 WHERE id BETWEEN 8593495 AND 8594494 ORDER BY c
	Sort  (cost=4194.40..4197.09 rows=1074 width=121)
	  Sort Key: c
	  ->  Bitmap Heap Scan on sbtest7  (cost=23.44..4140.33 rows=1074 width=121)
	        Recheck Cond: ((id >= 8593495) AND (id <= 8594494))
	        ->  Bitmap Index Scan on sbtest7_pkey  (cost=0.00..23.18 rows=1074 width=0)
	              Index Cond: ((id >= 8593495) AND (id <= 8594494))

table 8 : explain SELECT c FROM sbtest8 WHERE id BETWEEN 4672311 AND 4673310 ORDER BY c
	Sort  (cost=4240.23..4242.94 rows=1085 width=121)
	  Sort Key: c
	  ->  Bitmap Heap Scan on sbtest8  (cost=27.56..4185.53 rows=1085 width=121)
	        Recheck Cond: ((id >= 4672311) AND (id <= 4673310))
	        ->  Bitmap Index Scan on sbtest8_pkey  (cost=0.00..27.29 rows=1085 width=0)
	              Index Cond: ((id >= 4672311) AND (id <= 4673310))

for: order_ranges
table 1 : explain SELECT c FROM sbtest1 WHERE id BETWEEN 9478154 AND 9479153 ORDER BY c
	Sort  (cost=3535.17..3537.42 rows=902 width=121)
	  Sort Key: c
	  ->  Bitmap Heap Scan on sbtest1  (cost=21.68..3490.90 rows=902 width=121)
	        Recheck Cond: ((id >= 9478154) AND (id <= 9479153))
	        ->  Bitmap Index Scan on sbtest1_pkey  (cost=0.00..21.45 rows=902 width=0)
	              Index Cond: ((id >= 9478154) AND (id <= 9479153))

table 2 : explain SELECT c FROM sbtest2 WHERE id BETWEEN 4256871 AND 4257870 ORDER BY c
	Sort  (cost=3845.12..3847.57 rows=983 width=121)
	  Sort Key: c
	  ->  Bitmap Heap Scan on sbtest2  (cost=22.51..3796.26 rows=983 width=121)
	        Recheck Cond: ((id >= 4256871) AND (id <= 4257870))
	        ->  Bitmap Index Scan on sbtest2_pkey  (cost=0.00..22.26 rows=983 width=0)
	              Index Cond: ((id >= 4256871) AND (id <= 4257870))

table 3 : explain SELECT c FROM sbtest3 WHERE id BETWEEN 2936351 AND 2937350 ORDER BY c
	Sort  (cost=4013.34..4015.90 rows=1027 width=121)
	  Sort Key: c
	  ->  Bitmap Heap Scan on sbtest3  (cost=22.96..3961.96 rows=1027 width=121)
	        Recheck Cond: ((id >= 2936351) AND (id <= 2937350))
	        ->  Bitmap Index Scan on sbtest3_pkey  (cost=0.00..22.70 rows=1027 width=0)
	              Index Cond: ((id >= 2936351) AND (id <= 2937350))

table 4 : explain SELECT c FROM sbtest4 WHERE id BETWEEN 4721246 AND 4722245 ORDER BY c
	Sort  (cost=4009.48..4012.05 rows=1026 width=121)
	  Sort Key: c
	  ->  Bitmap Heap Scan on sbtest4  (cost=22.95..3958.17 rows=1026 width=121)
	        Recheck Cond: ((id >= 4721246) AND (id <= 4722245))
	        ->  Bitmap Index Scan on sbtest4_pkey  (cost=0.00..22.69 rows=1026 width=0)
	              Index Cond: ((id >= 4721246) AND (id <= 4722245))

table 5 : explain SELECT c FROM sbtest5 WHERE id BETWEEN 2809248 AND 2810247 ORDER BY c
	Sort  (cost=3999.44..4001.99 rows=1023 width=121)
	  Sort Key: c
	  ->  Bitmap Heap Scan on sbtest5  (cost=22.92..3948.29 rows=1023 width=121)
	        Recheck Cond: ((id >= 2809248) AND (id <= 2810247))
	        ->  Bitmap Index Scan on sbtest5_pkey  (cost=0.00..22.66 rows=1023 width=0)
	              Index Cond: ((id >= 2809248) AND (id <= 2810247))

table 6 : explain SELECT c FROM sbtest6 WHERE id BETWEEN 4819625 AND 4820624 ORDER BY c
	Sort  (cost=3960.28..3962.82 rows=1013 width=121)
	  Sort Key: c
	  ->  Bitmap Heap Scan on sbtest6  (cost=22.82..3909.71 rows=1013 width=121)
	        Recheck Cond: ((id >= 4819625) AND (id <= 4820624))
	        ->  Bitmap Index Scan on sbtest6_pkey  (cost=0.00..22.57 rows=1013 width=0)
	              Index Cond: ((id >= 4819625) AND (id <= 4820624))

table 7 : explain SELECT c FROM sbtest7 WHERE id BETWEEN 3074017 AND 3075016 ORDER BY c
	Sort  (cost=4129.52..4132.17 rows=1057 width=121)
	  Sort Key: c
	  ->  Bitmap Heap Scan on sbtest7  (cost=23.27..4076.43 rows=1057 width=121)
	        Recheck Cond: ((id >= 3074017) AND (id <= 3075016))
	        ->  Bitmap Index Scan on sbtest7_pkey  (cost=0.00..23.00 rows=1057 width=0)
	              Index Cond: ((id >= 3074017) AND (id <= 3075016))

table 8 : explain SELECT c FROM sbtest8 WHERE id BETWEEN 9568354 AND 9569353 ORDER BY c
	Sort  (cost=3835.10..3837.55 rows=980 width=121)
	  Sort Key: c
	  ->  Bitmap Heap Scan on sbtest8  (cost=22.48..3786.41 rows=980 width=121)
	        Recheck Cond: ((id >= 9568354) AND (id <= 9569353))
	        ->  Bitmap Index Scan on sbtest8_pkey  (cost=0.00..22.23 rows=980 width=0)
	              Index Cond: ((id >= 9568354) AND (id <= 9569353))

for: order_ranges
table 1 : explain SELECT c FROM sbtest1 WHERE id BETWEEN 3100659 AND 3101658 ORDER BY c
	Sort  (cost=3761.19..3763.59 rows=961 width=121)
	  Sort Key: c
	  ->  Bitmap Heap Scan on sbtest1  (cost=22.29..3713.58 rows=961 width=121)
	        Recheck Cond: ((id >= 3100659) AND (id <= 3101658))
	        ->  Bitmap Index Scan on sbtest1_pkey  (cost=0.00..22.04 rows=961 width=0)
	              Index Cond: ((id >= 3100659) AND (id <= 3101658))

table 2 : explain SELECT c FROM sbtest2 WHERE id BETWEEN 7947002 AND 7948001 ORDER BY c
	Sort  (cost=4066.70..4069.31 rows=1041 width=121)
	  Sort Key: c
	  ->  Bitmap Heap Scan on sbtest2  (cost=23.11..4014.53 rows=1041 width=121)
	        Recheck Cond: ((id >= 7947002) AND (id <= 7948001))
	        ->  Bitmap Index Scan on sbtest2_pkey  (cost=0.00..22.84 rows=1041 width=0)
	              Index Cond: ((id >= 7947002) AND (id <= 7948001))

table 3 : explain SELECT c FROM sbtest3 WHERE id BETWEEN 2510406 AND 2511405 ORDER BY c
	Sort  (cost=4432.95..4435.79 rows=1137 width=121)
	  Sort Key: c
	  ->  Bitmap Heap Scan on sbtest3  (cost=28.09..4375.24 rows=1137 width=121)
	        Recheck Cond: ((id >= 2510406) AND (id <= 2511405))
	        ->  Bitmap Index Scan on sbtest3_pkey  (cost=0.00..27.80 rows=1137 width=0)
	              Index Cond: ((id >= 2510406) AND (id <= 2511405))

table 4 : explain SELECT c FROM sbtest4 WHERE id BETWEEN 977918 AND 978917 ORDER BY c
	Sort  (cost=3764.83..3767.23 rows=962 width=121)
	  Sort Key: c
	  ->  Bitmap Heap Scan on sbtest4  (cost=22.30..3717.16 rows=962 width=121)
	        Recheck Cond: ((id >= 977918) AND (id <= 978917))
	        ->  Bitmap Index Scan on sbtest4_pkey  (cost=0.00..22.05 rows=962 width=0)
	              Index Cond: ((id >= 977918) AND (id <= 978917))

table 5 : explain SELECT c FROM sbtest5 WHERE id BETWEEN 805489 AND 806488 ORDER BY c
	Sort  (cost=4468.83..4471.69 rows=1146 width=121)
	  Sort Key: c
	  ->  Bitmap Heap Scan on sbtest5  (cost=28.18..4410.60 rows=1146 width=121)
	        Recheck Cond: ((id >= 805489) AND (id <= 806488))
	        ->  Bitmap Index Scan on sbtest5_pkey  (cost=0.00..27.89 rows=1146 width=0)
	              Index Cond: ((id >= 805489) AND (id <= 806488))

table 6 : explain SELECT c FROM sbtest6 WHERE id BETWEEN 5955208 AND 5956207 ORDER BY c
	Sort  (cost=3378.04..3380.19 rows=861 width=121)
	  Sort Key: c
	  ->  Bitmap Heap Scan on sbtest6  (cost=21.26..3336.06 rows=861 width=121)
	        Recheck Cond: ((id >= 5955208) AND (id <= 5956207))
	        ->  Bitmap Index Scan on sbtest6_pkey  (cost=0.00..21.04 rows=861 width=0)
	              Index Cond: ((id >= 5955208) AND (id <= 5956207))

table 7 : explain SELECT c FROM sbtest7 WHERE id BETWEEN 6558003 AND 6559002 ORDER BY c
	Sort  (cost=3708.87..3711.23 rows=947 width=121)
	  Sort Key: c
	  ->  Bitmap Heap Scan on sbtest7  (cost=22.14..3662.05 rows=947 width=121)
	        Recheck Cond: ((id >= 6558003) AND (id <= 6559002))
	        ->  Bitmap Index Scan on sbtest7_pkey  (cost=0.00..21.90 rows=947 width=0)
	              Index Cond: ((id >= 6558003) AND (id <= 6559002))

table 8 : explain SELECT c FROM sbtest8 WHERE id BETWEEN 4951083 AND 4952082 ORDER BY c
	Sort  (cost=4049.20..4051.79 rows=1036 width=121)
	  Sort Key: c
	  ->  Bitmap Heap Scan on sbtest8  (cost=23.05..3997.31 rows=1036 width=121)
	        Recheck Cond: ((id >= 4951083) AND (id <= 4952082))
	        ->  Bitmap Index Scan on sbtest8_pkey  (cost=0.00..22.79 rows=1036 width=0)
	              Index Cond: ((id >= 4951083) AND (id <= 4952082))

for: sum_ranges
table 1 : explain SELECT SUM(k) FROM sbtest1 WHERE id BETWEEN 4636739 AND 4637738
	Aggregate  (cost=3972.24..3972.25 rows=1 width=8)
	  ->  Bitmap Heap Scan on sbtest1  (cost=22.98..3969.66 rows=1029 width=4)
	        Recheck Cond: ((id >= 4636739) AND (id <= 4637738))
	        ->  Bitmap Index Scan on sbtest1_pkey  (cost=0.00..22.72 rows=1029 width=0)
	              Index Cond: ((id >= 4636739) AND (id <= 4637738))

table 2 : explain SELECT SUM(k) FROM sbtest2 WHERE id BETWEEN 9490766 AND 9491765
	Aggregate  (cost=3806.25..3806.26 rows=1 width=8)
	  ->  Bitmap Heap Scan on sbtest2  (cost=22.53..3803.79 rows=985 width=4)
	        Recheck Cond: ((id >= 9490766) AND (id <= 9491765))
	        ->  Bitmap Index Scan on sbtest2_pkey  (cost=0.00..22.29 rows=985 width=0)
	              Index Cond: ((id >= 9490766) AND (id <= 9491765))

table 3 : explain SELECT SUM(k) FROM sbtest3 WHERE id BETWEEN 6415890 AND 6416889
	Aggregate  (cost=3855.32..3855.33 rows=1 width=8)
	  ->  Bitmap Heap Scan on sbtest3  (cost=22.66..3852.83 rows=998 width=4)
	        Recheck Cond: ((id >= 6415890) AND (id <= 6416889))
	        ->  Bitmap Index Scan on sbtest3_pkey  (cost=0.00..22.41 rows=998 width=0)
	              Index Cond: ((id >= 6415890) AND (id <= 6416889))

table 4 : explain SELECT SUM(k) FROM sbtest4 WHERE id BETWEEN 9450125 AND 9451124
	Aggregate  (cost=3900.49..3900.50 rows=1 width=8)
	  ->  Bitmap Heap Scan on sbtest4  (cost=22.79..3897.97 rows=1010 width=4)
	        Recheck Cond: ((id >= 9450125) AND (id <= 9451124))
	        ->  Bitmap Index Scan on sbtest4_pkey  (cost=0.00..22.54 rows=1010 width=0)
	              Index Cond: ((id >= 9450125) AND (id <= 9451124))

table 5 : explain SELECT SUM(k) FROM sbtest5 WHERE id BETWEEN 7737631 AND 7738630
	Aggregate  (cost=3803.86..3803.87 rows=1 width=8)
	  ->  Bitmap Heap Scan on sbtest5  (cost=22.52..3801.40 rows=984 width=4)
	        Recheck Cond: ((id >= 7737631) AND (id <= 7738630))
	        ->  Bitmap Index Scan on sbtest5_pkey  (cost=0.00..22.27 rows=984 width=0)
	              Index Cond: ((id >= 7737631) AND (id <= 7738630))

table 6 : explain SELECT SUM(k) FROM sbtest6 WHERE id BETWEEN 9072033 AND 9073032
	Aggregate  (cost=3931.08..3931.09 rows=1 width=8)
	  ->  Bitmap Heap Scan on sbtest6  (cost=22.87..3928.53 rows=1018 width=4)
	        Recheck Cond: ((id >= 9072033) AND (id <= 9073032))
	        ->  Bitmap Index Scan on sbtest6_pkey  (cost=0.00..22.61 rows=1018 width=0)
	              Index Cond: ((id >= 9072033) AND (id <= 9073032))

table 7 : explain SELECT SUM(k) FROM sbtest7 WHERE id BETWEEN 378912 AND 379911
	Aggregate  (cost=3864.40..3864.41 rows=1 width=8)
	  ->  Bitmap Heap Scan on sbtest7  (cost=22.68..3861.90 rows=1000 width=4)
	        Recheck Cond: ((id >= 378912) AND (id <= 379911))
	        ->  Bitmap Index Scan on sbtest7_pkey  (cost=0.00..22.43 rows=1000 width=0)
	              Index Cond: ((id >= 378912) AND (id <= 379911))

table 8 : explain SELECT SUM(k) FROM sbtest8 WHERE id BETWEEN 8760968 AND 8761967
	Aggregate  (cost=3720.94..3720.95 rows=1 width=8)
	  ->  Bitmap Heap Scan on sbtest8  (cost=22.30..3718.53 rows=962 width=4)
	        Recheck Cond: ((id >= 8760968) AND (id <= 8761967))
	        ->  Bitmap Index Scan on sbtest8_pkey  (cost=0.00..22.05 rows=962 width=0)
	              Index Cond: ((id >= 8760968) AND (id <= 8761967))

for: distinct_ranges
table 1 : explain SELECT DISTINCT c FROM sbtest1 WHERE id BETWEEN 9387197 AND 9388196 ORDER BY c
	Unique  (cost=3535.17..3539.68 rows=902 width=121)
	  ->  Sort  (cost=3535.17..3537.42 rows=902 width=121)
	        Sort Key: c
	        ->  Bitmap Heap Scan on sbtest1  (cost=21.68..3490.90 rows=902 width=121)
	              Recheck Cond: ((id >= 9387197) AND (id <= 9388196))
	              ->  Bitmap Index Scan on sbtest1_pkey  (cost=0.00..21.45 rows=902 width=0)
	                    Index Cond: ((id >= 9387197) AND (id <= 9388196))

table 2 : explain SELECT DISTINCT c FROM sbtest2 WHERE id BETWEEN 4457892 AND 4458891 ORDER BY c
	Unique  (cost=3875.71..3880.66 rows=991 width=121)
	  ->  Sort  (cost=3875.71..3878.18 rows=991 width=121)
	        Sort Key: c
	        ->  Bitmap Heap Scan on sbtest2  (cost=22.59..3826.39 rows=991 width=121)
	              Recheck Cond: ((id >= 4457892) AND (id <= 4458891))
	              ->  Bitmap Index Scan on sbtest2_pkey  (cost=0.00..22.34 rows=991 width=0)
	                    Index Cond: ((id >= 4457892) AND (id <= 4458891))

table 3 : explain SELECT DISTINCT c FROM sbtest3 WHERE id BETWEEN 2327482 AND 2328481 ORDER BY c
	Unique  (cost=3722.76..3727.51 rows=951 width=121)
	  ->  Sort  (cost=3722.76..3725.13 rows=951 width=121)
	        Sort Key: c
	        ->  Bitmap Heap Scan on sbtest3  (cost=22.18..3675.71 rows=951 width=121)
	              Recheck Cond: ((id >= 2327482) AND (id <= 2328481))
	              ->  Bitmap Index Scan on sbtest3_pkey  (cost=0.00..21.94 rows=951 width=0)
	                    Index Cond: ((id >= 2327482) AND (id <= 2328481))

table 4 : explain SELECT DISTINCT c FROM sbtest4 WHERE id BETWEEN 7562132 AND 7563131 ORDER BY c
	Unique  (cost=3906.33..3911.33 rows=999 width=121)
	  ->  Sort  (cost=3906.33..3908.83 rows=999 width=121)
	        Sort Key: c
	        ->  Bitmap Heap Scan on sbtest4  (cost=22.67..3856.56 rows=999 width=121)
	              Recheck Cond: ((id >= 7562132) AND (id <= 7563131))
	              ->  Bitmap Index Scan on sbtest4_pkey  (cost=0.00..22.43 rows=999 width=0)
	                    Index Cond: ((id >= 7562132) AND (id <= 7563131))

table 5 : explain SELECT DISTINCT c FROM sbtest5 WHERE id BETWEEN 4211656 AND 4212655 ORDER BY c
	Unique  (cost=3704.84..3709.57 rows=946 width=121)
	  ->  Sort  (cost=3704.84..3707.20 rows=946 width=121)
	        Sort Key: c
	        ->  Bitmap Heap Scan on sbtest5  (cost=22.13..3658.08 rows=946 width=121)
	              Recheck Cond: ((id >= 4211656) AND (id <= 4212655))
	              ->  Bitmap Index Scan on sbtest5_pkey  (cost=0.00..21.89 rows=946 width=0)
	                    Index Cond: ((id >= 4211656) AND (id <= 4212655))

table 6 : explain SELECT DISTINCT c FROM sbtest6 WHERE id BETWEEN 8200271 AND 8201270 ORDER BY c
	Unique  (cost=3910.60..3915.60 rows=1000 width=121)
	  ->  Sort  (cost=3910.60..3913.10 rows=1000 width=121)
	        Sort Key: c
	        ->  Bitmap Heap Scan on sbtest6  (cost=22.68..3860.77 rows=1000 width=121)
	              Recheck Cond: ((id >= 8200271) AND (id <= 8201270))
	              ->  Bitmap Index Scan on sbtest6_pkey  (cost=0.00..22.43 rows=1000 width=0)
	                    Index Cond: ((id >= 8200271) AND (id <= 8201270))

table 7 : explain SELECT DISTINCT c FROM sbtest7 WHERE id BETWEEN 5154911 AND 5155910 ORDER BY c
	Unique  (cost=3869.66..3874.60 rows=989 width=121)
	  ->  Sort  (cost=3869.66..3872.13 rows=989 width=121)
	        Sort Key: c
	        ->  Bitmap Heap Scan on sbtest7  (cost=22.57..3820.45 rows=989 width=121)
	              Recheck Cond: ((id >= 5154911) AND (id <= 5155910))
	              ->  Bitmap Index Scan on sbtest7_pkey  (cost=0.00..22.32 rows=989 width=0)
	                    Index Cond: ((id >= 5154911) AND (id <= 5155910))

table 8 : explain SELECT DISTINCT c FROM sbtest8 WHERE id BETWEEN 8371803 AND 8372802 ORDER BY c
	Unique  (cost=3865.71..3870.65 rows=988 width=121)
	  ->  Sort  (cost=3865.71..3868.18 rows=988 width=121)
	        Sort Key: c
	        ->  Bitmap Heap Scan on sbtest8  (cost=22.56..3816.56 rows=988 width=121)
	              Recheck Cond: ((id >= 8371803) AND (id <= 8372802))
	              ->  Bitmap Index Scan on sbtest8_pkey  (cost=0.00..22.32 rows=988 width=0)
	                    Index Cond: ((id >= 8371803) AND (id <= 8372802))

for point_selects
table 1 : explain SELECT c FROM sbtest1 WHERE id=2678198
	Index Scan using sbtest1_pkey on sbtest1  (cost=0.43..8.45 rows=1 width=121)
	  Index Cond: (id = 2678198)

table 2 : explain SELECT c FROM sbtest2 WHERE id=3403362
	Index Scan using sbtest2_pkey on sbtest2  (cost=0.43..8.45 rows=1 width=121)
	  Index Cond: (id = 3403362)

table 3 : explain SELECT c FROM sbtest3 WHERE id=596439
	Index Scan using sbtest3_pkey on sbtest3  (cost=0.43..8.45 rows=1 width=121)
	  Index Cond: (id = 596439)

table 4 : explain SELECT c FROM sbtest4 WHERE id=2683098
	Index Scan using sbtest4_pkey on sbtest4  (cost=0.43..8.45 rows=1 width=121)
	  Index Cond: (id = 2683098)

table 5 : explain SELECT c FROM sbtest5 WHERE id=4157361
	Index Scan using sbtest5_pkey on sbtest5  (cost=0.43..8.45 rows=1 width=121)
	  Index Cond: (id = 4157361)

table 6 : explain SELECT c FROM sbtest6 WHERE id=8471135
	Index Scan using sbtest6_pkey on sbtest6  (cost=0.43..8.45 rows=1 width=121)
	  Index Cond: (id = 8471135)

table 7 : explain SELECT c FROM sbtest7 WHERE id=3615113
	Index Scan using sbtest7_pkey on sbtest7  (cost=0.43..8.45 rows=1 width=121)
	  Index Cond: (id = 3615113)

table 8 : explain SELECT c FROM sbtest8 WHERE id=2383303
	Index Scan using sbtest8_pkey on sbtest8  (cost=0.43..8.45 rows=1 width=121)
	  Index Cond: (id = 2383303)

for point_selects
table 1 : explain SELECT c FROM sbtest1 WHERE id=8993600
	Index Scan using sbtest1_pkey on sbtest1  (cost=0.43..8.45 rows=1 width=121)
	  Index Cond: (id = 8993600)

table 2 : explain SELECT c FROM sbtest2 WHERE id=274369
	Index Scan using sbtest2_pkey on sbtest2  (cost=0.43..8.45 rows=1 width=121)
	  Index Cond: (id = 274369)

table 3 : explain SELECT c FROM sbtest3 WHERE id=6589356
	Index Scan using sbtest3_pkey on sbtest3  (cost=0.43..8.45 rows=1 width=121)
	  Index Cond: (id = 6589356)

table 4 : explain SELECT c FROM sbtest4 WHERE id=5313528
	Index Scan using sbtest4_pkey on sbtest4  (cost=0.43..8.45 rows=1 width=121)
	  Index Cond: (id = 5313528)

table 5 : explain SELECT c FROM sbtest5 WHERE id=7356888
	Index Scan using sbtest5_pkey on sbtest5  (cost=0.43..8.45 rows=1 width=121)
	  Index Cond: (id = 7356888)

table 6 : explain SELECT c FROM sbtest6 WHERE id=2424105
	Index Scan using sbtest6_pkey on sbtest6  (cost=0.43..8.45 rows=1 width=121)
	  Index Cond: (id = 2424105)

table 7 : explain SELECT c FROM sbtest7 WHERE id=2627020
	Index Scan using sbtest7_pkey on sbtest7  (cost=0.43..8.45 rows=1 width=121)
	  Index Cond: (id = 2627020)

table 8 : explain SELECT c FROM sbtest8 WHERE id=8784679
	Index Scan using sbtest8_pkey on sbtest8  (cost=0.43..8.45 rows=1 width=121)
	  Index Cond: (id = 8784679)

for point_selects
table 1 : explain SELECT c FROM sbtest1 WHERE id=6717933
	Index Scan using sbtest1_pkey on sbtest1  (cost=0.43..8.45 rows=1 width=121)
	  Index Cond: (id = 6717933)

table 2 : explain SELECT c FROM sbtest2 WHERE id=4254122
	Index Scan using sbtest2_pkey on sbtest2  (cost=0.43..8.45 rows=1 width=121)
	  Index Cond: (id = 4254122)

table 3 : explain SELECT c FROM sbtest3 WHERE id=6184681
	Index Scan using sbtest3_pkey on sbtest3  (cost=0.43..8.45 rows=1 width=121)
	  Index Cond: (id = 6184681)

table 4 : explain SELECT c FROM sbtest4 WHERE id=9648924
	Index Scan using sbtest4_pkey on sbtest4  (cost=0.43..8.45 rows=1 width=121)
	  Index Cond: (id = 9648924)

table 5 : explain SELECT c FROM sbtest5 WHERE id=100707
	Index Scan using sbtest5_pkey on sbtest5  (cost=0.43..8.45 rows=1 width=121)
	  Index Cond: (id = 100707)

table 6 : explain SELECT c FROM sbtest6 WHERE id=2901569
	Index Scan using sbtest6_pkey on sbtest6  (cost=0.43..8.45 rows=1 width=121)
	  Index Cond: (id = 2901569)

table 7 : explain SELECT c FROM sbtest7 WHERE id=7828207
	Index Scan using sbtest7_pkey on sbtest7  (cost=0.43..8.45 rows=1 width=121)
	  Index Cond: (id = 7828207)

table 8 : explain SELECT c FROM sbtest8 WHERE id=6847321
	Index Scan using sbtest8_pkey on sbtest8  (cost=0.43..8.45 rows=1 width=121)
	  Index Cond: (id = 6847321)

for: distinct_ranges
table 1 : explain SELECT DISTINCT c FROM sbtest1 WHERE id BETWEEN 6776711 AND 6777710 ORDER BY c
	Unique  (cost=3485.31..3489.75 rows=889 width=121)
	  ->  Sort  (cost=3485.31..3487.53 rows=889 width=121)
	        Sort Key: c
	        ->  Bitmap Heap Scan on sbtest1  (cost=21.55..3441.77 rows=889 width=121)
	              Recheck Cond: ((id >= 6776711) AND (id <= 6777710))
	              ->  Bitmap Index Scan on sbtest1_pkey  (cost=0.00..21.32 rows=889 width=0)
	                    Index Cond: ((id >= 6776711) AND (id <= 6777710))

table 2 : explain SELECT DISTINCT c FROM sbtest2 WHERE id BETWEEN 5991899 AND 5992898 ORDER BY c
	Unique  (cost=4101.05..4106.30 rows=1050 width=121)
	  ->  Sort  (cost=4101.05..4103.68 rows=1050 width=121)
	        Sort Key: c
	        ->  Bitmap Heap Scan on sbtest2  (cost=23.20..4048.36 rows=1050 width=121)
	              Recheck Cond: ((id >= 5991899) AND (id <= 5992898))
	              ->  Bitmap Index Scan on sbtest2_pkey  (cost=0.00..22.93 rows=1050 width=0)
	                    Index Cond: ((id >= 5991899) AND (id <= 5992898))

table 3 : explain SELECT DISTINCT c FROM sbtest3 WHERE id BETWEEN 6013211 AND 6014210 ORDER BY c
	Unique  (cost=3967.50..3972.58 rows=1015 width=121)
	  ->  Sort  (cost=3967.50..3970.04 rows=1015 width=121)
	        Sort Key: c
	        ->  Bitmap Heap Scan on sbtest3  (cost=22.84..3916.82 rows=1015 width=121)
	              Recheck Cond: ((id >= 6013211) AND (id <= 6014210))
	              ->  Bitmap Index Scan on sbtest3_pkey  (cost=0.00..22.58 rows=1015 width=0)
	                    Index Cond: ((id >= 6013211) AND (id <= 6014210))

table 4 : explain SELECT DISTINCT c FROM sbtest4 WHERE id BETWEEN 3582154 AND 3583153 ORDER BY c
	Unique  (cost=4112.55..4117.81 rows=1053 width=121)
	  ->  Sort  (cost=4112.55..4115.18 rows=1053 width=121)
	        Sort Key: c
	        ->  Bitmap Heap Scan on sbtest4  (cost=23.23..4059.68 rows=1053 width=121)
	              Recheck Cond: ((id >= 3582154) AND (id <= 3583153))
	              ->  Bitmap Index Scan on sbtest4_pkey  (cost=0.00..22.96 rows=1053 width=0)
	                    Index Cond: ((id >= 3582154) AND (id <= 3583153))

table 5 : explain SELECT DISTINCT c FROM sbtest5 WHERE id BETWEEN 9022551 AND 9023550 ORDER BY c
	Unique  (cost=3838.84..3843.74 rows=981 width=121)
	  ->  Sort  (cost=3838.84..3841.29 rows=981 width=121)
	        Sort Key: c
	        ->  Bitmap Heap Scan on sbtest5  (cost=22.49..3790.09 rows=981 width=121)
	              Recheck Cond: ((id >= 9022551) AND (id <= 9023550))
	              ->  Bitmap Index Scan on sbtest5_pkey  (cost=0.00..22.25 rows=981 width=0)
	                    Index Cond: ((id >= 9022551) AND (id <= 9023550))

table 6 : explain SELECT DISTINCT c FROM sbtest6 WHERE id BETWEEN 9109837 AND 9110836 ORDER BY c
	Unique  (cost=3979.39..3984.48 rows=1018 width=121)
	  ->  Sort  (cost=3979.39..3981.93 rows=1018 width=121)
	        Sort Key: c
	        ->  Bitmap Heap Scan on sbtest6  (cost=22.87..3928.53 rows=1018 width=121)
	              Recheck Cond: ((id >= 9109837) AND (id <= 9110836))
	              ->  Bitmap Index Scan on sbtest6_pkey  (cost=0.00..22.61 rows=1018 width=0)
	                    Index Cond: ((id >= 9109837) AND (id <= 9110836))

table 7 : explain SELECT DISTINCT c FROM sbtest7 WHERE id BETWEEN 5979193 AND 5980192 ORDER BY c
	Unique  (cost=3946.15..3951.19 rows=1009 width=121)
	  ->  Sort  (cost=3946.15..3948.67 rows=1009 width=121)
	        Sort Key: c
	        ->  Bitmap Heap Scan on sbtest7  (cost=22.78..3895.80 rows=1009 width=121)
	              Recheck Cond: ((id >= 5979193) AND (id <= 5980192))
	              ->  Bitmap Index Scan on sbtest7_pkey  (cost=0.00..22.52 rows=1009 width=0)
	                    Index Cond: ((id >= 5979193) AND (id <= 5980192))

table 8 : explain SELECT DISTINCT c FROM sbtest8 WHERE id BETWEEN 7861506 AND 7862505 ORDER BY c
	Unique  (cost=3900.13..3905.12 rows=997 width=121)
	  ->  Sort  (cost=3900.13..3902.63 rows=997 width=121)
	        Sort Key: c
	        ->  Bitmap Heap Scan on sbtest8  (cost=22.65..3850.48 rows=997 width=121)
	              Recheck Cond: ((id >= 7861506) AND (id <= 7862505))
	              ->  Bitmap Index Scan on sbtest8_pkey  (cost=0.00..22.40 rows=997 width=0)
	                    Index Cond: ((id >= 7861506) AND (id <= 7862505))

for point_selects
table 1 : explain SELECT c FROM sbtest1 WHERE id=8367303
	Index Scan using sbtest1_pkey on sbtest1  (cost=0.43..8.45 rows=1 width=121)
	  Index Cond: (id = 8367303)

table 2 : explain SELECT c FROM sbtest2 WHERE id=8532154
	Index Scan using sbtest2_pkey on sbtest2  (cost=0.43..8.45 rows=1 width=121)
	  Index Cond: (id = 8532154)

table 3 : explain SELECT c FROM sbtest3 WHERE id=5054314
	Index Scan using sbtest3_pkey on sbtest3  (cost=0.43..8.45 rows=1 width=121)
	  Index Cond: (id = 5054314)

table 4 : explain SELECT c FROM sbtest4 WHERE id=4184054
	Index Scan using sbtest4_pkey on sbtest4  (cost=0.43..8.45 rows=1 width=121)
	  Index Cond: (id = 4184054)

table 5 : explain SELECT c FROM sbtest5 WHERE id=6751038
	Index Scan using sbtest5_pkey on sbtest5  (cost=0.43..8.45 rows=1 width=121)
	  Index Cond: (id = 6751038)

table 6 : explain SELECT c FROM sbtest6 WHERE id=1254348
	Index Scan using sbtest6_pkey on sbtest6  (cost=0.43..8.45 rows=1 width=121)
	  Index Cond: (id = 1254348)

table 7 : explain SELECT c FROM sbtest7 WHERE id=4933320
	Index Scan using sbtest7_pkey on sbtest7  (cost=0.43..8.45 rows=1 width=121)
	  Index Cond: (id = 4933320)

table 8 : explain SELECT c FROM sbtest8 WHERE id=9734016
	Index Scan using sbtest8_pkey on sbtest8  (cost=0.43..8.45 rows=1 width=121)
	  Index Cond: (id = 9734016)

for: distinct_ranges
table 1 : explain SELECT DISTINCT c FROM sbtest1 WHERE id BETWEEN 697003 AND 698002 ORDER BY c
	Unique  (cost=4086.05..4091.28 rows=1046 width=121)
	  ->  Sort  (cost=4086.05..4088.67 rows=1046 width=121)
	        Sort Key: c
	        ->  Bitmap Heap Scan on sbtest1  (cost=23.16..4033.59 rows=1046 width=121)
	              Recheck Cond: ((id >= 697003) AND (id <= 698002))
	              ->  Bitmap Index Scan on sbtest1_pkey  (cost=0.00..22.89 rows=1046 width=0)
	                    Index Cond: ((id >= 697003) AND (id <= 698002))

table 2 : explain SELECT DISTINCT c FROM sbtest2 WHERE id BETWEEN 8452583 AND 8453582 ORDER BY c
	Unique  (cost=3971.24..3976.32 rows=1016 width=121)
	  ->  Sort  (cost=3971.24..3973.78 rows=1016 width=121)
	        Sort Key: c
	        ->  Bitmap Heap Scan on sbtest2  (cost=22.85..3920.50 rows=1016 width=121)
	              Recheck Cond: ((id >= 8452583) AND (id <= 8453582))
	              ->  Bitmap Index Scan on sbtest2_pkey  (cost=0.00..22.59 rows=1016 width=0)
	                    Index Cond: ((id >= 8452583) AND (id <= 8453582))

table 3 : explain SELECT DISTINCT c FROM sbtest3 WHERE id BETWEEN 771008 AND 772007 ORDER BY c
	Unique  (cost=3810.77..3815.64 rows=974 width=121)
	  ->  Sort  (cost=3810.77..3813.21 rows=974 width=121)
	        Sort Key: c
	        ->  Bitmap Heap Scan on sbtest3  (cost=22.42..3762.42 rows=974 width=121)
	              Recheck Cond: ((id >= 771008) AND (id <= 772007))
	              ->  Bitmap Index Scan on sbtest3_pkey  (cost=0.00..22.18 rows=974 width=0)
	                    Index Cond: ((id >= 771008) AND (id <= 772007))

table 4 : explain SELECT DISTINCT c FROM sbtest4 WHERE id BETWEEN 7910228 AND 7911227 ORDER BY c
	Unique  (cost=3519.66..3524.15 rows=898 width=121)
	  ->  Sort  (cost=3519.66..3521.90 rows=898 width=121)
	        Sort Key: c
	        ->  Bitmap Heap Scan on sbtest4  (cost=21.64..3475.61 rows=898 width=121)
	              Recheck Cond: ((id >= 7910228) AND (id <= 7911227))
	              ->  Bitmap Index Scan on sbtest4_pkey  (cost=0.00..21.41 rows=898 width=0)
	                    Index Cond: ((id >= 7910228) AND (id <= 7911227))

table 5 : explain SELECT DISTINCT c FROM sbtest5 WHERE id BETWEEN 9094886 AND 9095885 ORDER BY c
	Unique  (cost=3482.44..3486.88 rows=888 width=121)
	  ->  Sort  (cost=3482.44..3484.66 rows=888 width=121)
	        Sort Key: c
	        ->  Bitmap Heap Scan on sbtest5  (cost=21.54..3438.96 rows=888 width=121)
	              Recheck Cond: ((id >= 9094886) AND (id <= 9095885))
	              ->  Bitmap Index Scan on sbtest5_pkey  (cost=0.00..21.32 rows=888 width=0)
	                    Index Cond: ((id >= 9094886) AND (id <= 9095885))

table 6 : explain SELECT DISTINCT c FROM sbtest6 WHERE id BETWEEN 9799343 AND 9800342 ORDER BY c
	Unique  (cost=3661.86..3666.54 rows=935 width=121)
	  ->  Sort  (cost=3661.86..3664.20 rows=935 width=121)
	        Sort Key: c
	        ->  Bitmap Heap Scan on sbtest6  (cost=22.02..3615.73 rows=935 width=121)
	              Recheck Cond: ((id >= 9799343) AND (id <= 9800342))
	              ->  Bitmap Index Scan on sbtest6_pkey  (cost=0.00..21.79 rows=935 width=0)
	                    Index Cond: ((id >= 9799343) AND (id <= 9800342))

table 7 : explain SELECT DISTINCT c FROM sbtest7 WHERE id BETWEEN 9770687 AND 9771686 ORDER BY c
	Unique  (cost=4144.79..4150.10 rows=1061 width=121)
	  ->  Sort  (cost=4144.79..4147.44 rows=1061 width=121)
	        Sort Key: c
	        ->  Bitmap Heap Scan on sbtest7  (cost=23.31..4091.47 rows=1061 width=121)
	              Recheck Cond: ((id >= 9770687) AND (id <= 9771686))
	              ->  Bitmap Index Scan on sbtest7_pkey  (cost=0.00..23.04 rows=1061 width=0)
	                    Index Cond: ((id >= 9770687) AND (id <= 9771686))

table 8 : explain SELECT DISTINCT c FROM sbtest8 WHERE id BETWEEN 6831304 AND 6832303 ORDER BY c
	Unique  (cost=3689.60..3694.31 rows=942 width=121)
	  ->  Sort  (cost=3689.60..3691.95 rows=942 width=121)
	        Sort Key: c
	        ->  Bitmap Heap Scan on sbtest8  (cost=22.09..3643.07 rows=942 width=121)
	              Recheck Cond: ((id >= 6831304) AND (id <= 6832303))
	              ->  Bitmap Index Scan on sbtest8_pkey  (cost=0.00..21.86 rows=942 width=0)
	                    Index Cond: ((id >= 6831304) AND (id <= 6832303))

for point_selects
table 1 : explain SELECT c FROM sbtest1 WHERE id=4306161
	Index Scan using sbtest1_pkey on sbtest1  (cost=0.43..8.45 rows=1 width=121)
	  Index Cond: (id = 4306161)

table 2 : explain SELECT c FROM sbtest2 WHERE id=2223339
	Index Scan using sbtest2_pkey on sbtest2  (cost=0.43..8.45 rows=1 width=121)
	  Index Cond: (id = 2223339)

table 3 : explain SELECT c FROM sbtest3 WHERE id=5778873
	Index Scan using sbtest3_pkey on sbtest3  (cost=0.43..8.45 rows=1 width=121)
	  Index Cond: (id = 5778873)

table 4 : explain SELECT c FROM sbtest4 WHERE id=9187115
	Index Scan using sbtest4_pkey on sbtest4  (cost=0.43..8.45 rows=1 width=121)
	  Index Cond: (id = 9187115)

table 5 : explain SELECT c FROM sbtest5 WHERE id=3587369
	Index Scan using sbtest5_pkey on sbtest5  (cost=0.43..8.45 rows=1 width=121)
	  Index Cond: (id = 3587369)

table 6 : explain SELECT c FROM sbtest6 WHERE id=1735870
	Index Scan using sbtest6_pkey on sbtest6  (cost=0.43..8.45 rows=1 width=121)
	  Index Cond: (id = 1735870)

table 7 : explain SELECT c FROM sbtest7 WHERE id=2540009
	Index Scan using sbtest7_pkey on sbtest7  (cost=0.43..8.45 rows=1 width=121)
	  Index Cond: (id = 2540009)

table 8 : explain SELECT c FROM sbtest8 WHERE id=5661832
	Index Scan using sbtest8_pkey on sbtest8  (cost=0.43..8.45 rows=1 width=121)
	  Index Cond: (id = 5661832)

for: simple_ranges
table 1 : explain SELECT c FROM sbtest1 WHERE id BETWEEN 5489574 AND 5490573
	Bitmap Heap Scan on sbtest1  (cost=22.91..3943.33 rows=1022 width=121)
	  Recheck Cond: ((id >= 5489574) AND (id <= 5490573))
	  ->  Bitmap Index Scan on sbtest1_pkey  (cost=0.00..22.65 rows=1022 width=0)
	        Index Cond: ((id >= 5489574) AND (id <= 5490573))

table 2 : explain SELECT c FROM sbtest2 WHERE id BETWEEN 3496452 AND 3497451
	Bitmap Heap Scan on sbtest2  (cost=23.61..4198.60 rows=1090 width=121)
	  Recheck Cond: ((id >= 3496452) AND (id <= 3497451))
	  ->  Bitmap Index Scan on sbtest2_pkey  (cost=0.00..23.33 rows=1090 width=0)
	        Index Cond: ((id >= 3496452) AND (id <= 3497451))

table 3 : explain SELECT c FROM sbtest3 WHERE id BETWEEN 6078307 AND 6079306
	Bitmap Heap Scan on sbtest3  (cost=22.84..3916.82 rows=1015 width=121)
	  Recheck Cond: ((id >= 6078307) AND (id <= 6079306))
	  ->  Bitmap Index Scan on sbtest3_pkey  (cost=0.00..22.58 rows=1015 width=0)
	        Index Cond: ((id >= 6078307) AND (id <= 6079306))

table 4 : explain SELECT c FROM sbtest4 WHERE id BETWEEN 7396233 AND 7397232
	Bitmap Heap Scan on sbtest4  (cost=21.75..3517.17 rows=909 width=121)
	  Recheck Cond: ((id >= 7396233) AND (id <= 7397232))
	  ->  Bitmap Index Scan on sbtest4_pkey  (cost=0.00..21.52 rows=909 width=0)
	        Index Cond: ((id >= 7396233) AND (id <= 7397232))

table 5 : explain SELECT c FROM sbtest5 WHERE id BETWEEN 5346852 AND 5347851
	Bitmap Heap Scan on sbtest5  (cost=21.80..3537.24 rows=914 width=121)
	  Recheck Cond: ((id >= 5346852) AND (id <= 5347851))
	  ->  Bitmap Index Scan on sbtest5_pkey  (cost=0.00..21.57 rows=914 width=0)
	        Index Cond: ((id >= 5346852) AND (id <= 5347851))

table 6 : explain SELECT c FROM sbtest6 WHERE id BETWEEN 6201918 AND 6202917
	Bitmap Heap Scan on sbtest6  (cost=23.25..4067.68 rows=1055 width=121)
	  Recheck Cond: ((id >= 6201918) AND (id <= 6202917))
	  ->  Bitmap Index Scan on sbtest6_pkey  (cost=0.00..22.98 rows=1055 width=0)
	        Index Cond: ((id >= 6201918) AND (id <= 6202917))

table 7 : explain SELECT c FROM sbtest7 WHERE id BETWEEN 6967601 AND 6968600
	Bitmap Heap Scan on sbtest7  (cost=22.39..3752.60 rows=971 width=121)
	  Recheck Cond: ((id >= 6967601) AND (id <= 6968600))
	  ->  Bitmap Index Scan on sbtest7_pkey  (cost=0.00..22.14 rows=971 width=0)
	        Index Cond: ((id >= 6967601) AND (id <= 6968600))

table 8 : explain SELECT c FROM sbtest8 WHERE id BETWEEN 2216390 AND 2217389
	Bitmap Heap Scan on sbtest8  (cost=23.06..4001.08 rows=1037 width=121)
	  Recheck Cond: ((id >= 2216390) AND (id <= 2217389))
	  ->  Bitmap Index Scan on sbtest8_pkey  (cost=0.00..22.80 rows=1037 width=0)
	        Index Cond: ((id >= 2216390) AND (id <= 2217389))

for: simple_ranges
table 1 : explain SELECT c FROM sbtest1 WHERE id BETWEEN 3044998 AND 3045997
	Bitmap Heap Scan on sbtest1  (cost=22.29..3713.58 rows=961 width=121)
	  Recheck Cond: ((id >= 3044998) AND (id <= 3045997))
	  ->  Bitmap Index Scan on sbtest1_pkey  (cost=0.00..22.04 rows=961 width=0)
	        Index Cond: ((id >= 3044998) AND (id <= 3045997))

table 2 : explain SELECT c FROM sbtest2 WHERE id BETWEEN 2936309 AND 2937308
	Bitmap Heap Scan on sbtest2  (cost=21.87..3558.67 rows=920 width=121)
	  Recheck Cond: ((id >= 2936309) AND (id <= 2937308))
	  ->  Bitmap Index Scan on sbtest2_pkey  (cost=0.00..21.64 rows=920 width=0)
	        Index Cond: ((id >= 2936309) AND (id <= 2937308))

table 3 : explain SELECT c FROM sbtest3 WHERE id BETWEEN 9839978 AND 9840977
	Bitmap Heap Scan on sbtest3  (cost=22.13..3656.85 rows=946 width=121)
	  Recheck Cond: ((id >= 9839978) AND (id <= 9840977))
	  ->  Bitmap Index Scan on sbtest3_pkey  (cost=0.00..21.89 rows=946 width=0)
	        Index Cond: ((id >= 9839978) AND (id <= 9840977))

table 4 : explain SELECT c FROM sbtest4 WHERE id BETWEEN 5738597 AND 5739596
	Bitmap Heap Scan on sbtest4  (cost=23.04..3992.02 rows=1035 width=121)
	  Recheck Cond: ((id >= 5738597) AND (id <= 5739596))
	  ->  Bitmap Index Scan on sbtest4_pkey  (cost=0.00..22.79 rows=1035 width=0)
	        Index Cond: ((id >= 5738597) AND (id <= 5739596))

table 5 : explain SELECT c FROM sbtest5 WHERE id BETWEEN 6497019 AND 6498018
	Bitmap Heap Scan on sbtest5  (cost=22.78..3895.58 rows=1009 width=121)
	  Recheck Cond: ((id >= 6497019) AND (id <= 6498018))
	  ->  Bitmap Index Scan on sbtest5_pkey  (cost=0.00..22.52 rows=1009 width=0)
	        Index Cond: ((id >= 6497019) AND (id <= 6498018))

table 6 : explain SELECT c FROM sbtest6 WHERE id BETWEEN 2804489 AND 2805488
	Bitmap Heap Scan on sbtest6  (cost=22.80..3902.18 rows=1011 width=121)
	  Recheck Cond: ((id >= 2804489) AND (id <= 2805488))
	  ->  Bitmap Index Scan on sbtest6_pkey  (cost=0.00..22.54 rows=1011 width=0)
	        Index Cond: ((id >= 2804489) AND (id <= 2805488))

table 7 : explain SELECT c FROM sbtest7 WHERE id BETWEEN 9958279 AND 9959278
	Bitmap Heap Scan on sbtest7  (cost=22.62..3839.30 rows=994 width=121)
	  Recheck Cond: ((id >= 9958279) AND (id <= 9959278))
	  ->  Bitmap Index Scan on sbtest7_pkey  (cost=0.00..22.37 rows=994 width=0)
	        Index Cond: ((id >= 9958279) AND (id <= 9959278))

table 8 : explain SELECT c FROM sbtest8 WHERE id BETWEEN 5585814 AND 5586813
	Bitmap Heap Scan on sbtest8  (cost=22.93..3952.15 rows=1024 width=121)
	  Recheck Cond: ((id >= 5585814) AND (id <= 5586813))
	  ->  Bitmap Index Scan on sbtest8_pkey  (cost=0.00..22.68 rows=1024 width=0)
	        Index Cond: ((id >= 5585814) AND (id <= 5586813))

for: simple_ranges
table 1 : explain SELECT c FROM sbtest1 WHERE id BETWEEN 4093459 AND 4094458
	Bitmap Heap Scan on sbtest1  (cost=27.95..4322.96 rows=1123 width=121)
	  Recheck Cond: ((id >= 4093459) AND (id <= 4094458))
	  ->  Bitmap Index Scan on sbtest1_pkey  (cost=0.00..27.66 rows=1123 width=0)
	        Index Cond: ((id >= 4093459) AND (id <= 4094458))

table 2 : explain SELECT c FROM sbtest2 WHERE id BETWEEN 1993964 AND 1994963
	Bitmap Heap Scan on sbtest2  (cost=22.01..3611.51 rows=934 width=121)
	  Recheck Cond: ((id >= 1993964) AND (id <= 1994963))
	  ->  Bitmap Index Scan on sbtest2_pkey  (cost=0.00..21.77 rows=934 width=0)
	        Index Cond: ((id >= 1993964) AND (id <= 1994963))

table 3 : explain SELECT c FROM sbtest3 WHERE id BETWEEN 2799236 AND 2800235
	Bitmap Heap Scan on sbtest3  (cost=21.36..3373.56 rows=871 width=121)
	  Recheck Cond: ((id >= 2799236) AND (id <= 2800235))
	  ->  Bitmap Index Scan on sbtest3_pkey  (cost=0.00..21.14 rows=871 width=0)
	        Index Cond: ((id >= 2799236) AND (id <= 2800235))

table 4 : explain SELECT c FROM sbtest4 WHERE id BETWEEN 9922881 AND 9923880
	Bitmap Heap Scan on sbtest4  (cost=22.61..3833.97 rows=993 width=121)
	  Recheck Cond: ((id >= 9922881) AND (id <= 9923880))
	  ->  Bitmap Index Scan on sbtest4_pkey  (cost=0.00..22.36 rows=993 width=0)
	        Index Cond: ((id >= 9922881) AND (id <= 9923880))

table 5 : explain SELECT c FROM sbtest5 WHERE id BETWEEN 3280421 AND 3281420
	Bitmap Heap Scan on sbtest5  (cost=28.00..4343.10 rows=1128 width=121)
	  Recheck Cond: ((id >= 3280421) AND (id <= 3281420))
	  ->  Bitmap Index Scan on sbtest5_pkey  (cost=0.00..27.71 rows=1128 width=0)
	        Index Cond: ((id >= 3280421) AND (id <= 3281420))

table 6 : explain SELECT c FROM sbtest6 WHERE id BETWEEN 1479833 AND 1480832
	Bitmap Heap Scan on sbtest6  (cost=22.71..3868.30 rows=1002 width=121)
	  Recheck Cond: ((id >= 1479833) AND (id <= 1480832))
	  ->  Bitmap Index Scan on sbtest6_pkey  (cost=0.00..22.45 rows=1002 width=0)
	        Index Cond: ((id >= 1479833) AND (id <= 1480832))

table 7 : explain SELECT c FROM sbtest7 WHERE id BETWEEN 9857868 AND 9858867
	Bitmap Heap Scan on sbtest7  (cost=21.83..3548.76 rows=917 width=121)
	  Recheck Cond: ((id >= 9857868) AND (id <= 9858867))
	  ->  Bitmap Index Scan on sbtest7_pkey  (cost=0.00..21.61 rows=917 width=0)
	        Index Cond: ((id >= 9857868) AND (id <= 9858867))

table 8 : explain SELECT c FROM sbtest8 WHERE id BETWEEN 1013890 AND 1014889
	Bitmap Heap Scan on sbtest8  (cost=23.34..4102.61 rows=1064 width=121)
	  Recheck Cond: ((id >= 1013890) AND (id <= 1014889))
	  ->  Bitmap Index Scan on sbtest8_pkey  (cost=0.00..23.07 rows=1064 width=0)
	        Index Cond: ((id >= 1013890) AND (id <= 1014889))

for: simple_ranges
table 1 : explain SELECT c FROM sbtest1 WHERE id BETWEEN 4123298 AND 4124297
	Bitmap Heap Scan on sbtest1  (cost=22.49..3788.96 rows=981 width=121)
	  Recheck Cond: ((id >= 4123298) AND (id <= 4124297))
	  ->  Bitmap Index Scan on sbtest1_pkey  (cost=0.00..22.25 rows=981 width=0)
	        Index Cond: ((id >= 4123298) AND (id <= 4124297))

table 2 : explain SELECT c FROM sbtest2 WHERE id BETWEEN 535956 AND 536955
	Bitmap Heap Scan on sbtest2  (cost=22.92..3946.84 rows=1023 width=121)
	  Recheck Cond: ((id >= 535956) AND (id <= 536955))
	  ->  Bitmap Index Scan on sbtest2_pkey  (cost=0.00..22.66 rows=1023 width=0)
	        Index Cond: ((id >= 535956) AND (id <= 536955))

table 3 : explain SELECT c FROM sbtest3 WHERE id BETWEEN 6891124 AND 6892123
	Bitmap Heap Scan on sbtest3  (cost=22.50..3792.57 rows=982 width=121)
	  Recheck Cond: ((id >= 6891124) AND (id <= 6892123))
	  ->  Bitmap Index Scan on sbtest3_pkey  (cost=0.00..22.25 rows=982 width=0)
	        Index Cond: ((id >= 6891124) AND (id <= 6892123))

table 4 : explain SELECT c FROM sbtest4 WHERE id BETWEEN 806953 AND 807952
	Bitmap Heap Scan on sbtest4  (cost=23.24..4063.44 rows=1054 width=121)
	  Recheck Cond: ((id >= 806953) AND (id <= 807952))
	  ->  Bitmap Index Scan on sbtest4_pkey  (cost=0.00..22.97 rows=1054 width=0)
	        Index Cond: ((id >= 806953) AND (id <= 807952))

table 5 : explain SELECT c FROM sbtest5 WHERE id BETWEEN 2083105 AND 2084104
	Bitmap Heap Scan on sbtest5  (cost=23.28..4079.96 rows=1058 width=121)
	  Recheck Cond: ((id >= 2083105) AND (id <= 2084104))
	  ->  Bitmap Index Scan on sbtest5_pkey  (cost=0.00..23.01 rows=1058 width=0)
	        Index Cond: ((id >= 2083105) AND (id <= 2084104))

table 6 : explain SELECT c FROM sbtest6 WHERE id BETWEEN 9274148 AND 9275147
	Bitmap Heap Scan on sbtest6  (cost=22.89..3936.06 rows=1020 width=121)
	  Recheck Cond: ((id >= 9274148) AND (id <= 9275147))
	  ->  Bitmap Index Scan on sbtest6_pkey  (cost=0.00..22.64 rows=1020 width=0)
	        Index Cond: ((id >= 9274148) AND (id <= 9275147))

table 7 : explain SELECT c FROM sbtest7 WHERE id BETWEEN 209265 AND 210264
	Bitmap Heap Scan on sbtest7  (cost=22.67..3858.13 rows=999 width=121)
	  Recheck Cond: ((id >= 209265) AND (id <= 210264))
	  ->  Bitmap Index Scan on sbtest7_pkey  (cost=0.00..22.43 rows=999 width=0)
	        Index Cond: ((id >= 209265) AND (id <= 210264))

table 8 : explain SELECT c FROM sbtest8 WHERE id BETWEEN 9784246 AND 9785245
	Bitmap Heap Scan on sbtest8  (cost=22.88..3933.33 rows=1019 width=121)
	  Recheck Cond: ((id >= 9784246) AND (id <= 9785245))
	  ->  Bitmap Index Scan on sbtest8_pkey  (cost=0.00..22.62 rows=1019 width=0)
	        Index Cond: ((id >= 9784246) AND (id <= 9785245))

for: simple_ranges
table 1 : explain SELECT c FROM sbtest1 WHERE id BETWEEN 3351503 AND 3352502
	Bitmap Heap Scan on sbtest1  (cost=22.43..3766.35 rows=975 width=121)
	  Recheck Cond: ((id >= 3351503) AND (id <= 3352502))
	  ->  Bitmap Index Scan on sbtest1_pkey  (cost=0.00..22.18 rows=975 width=0)
	        Index Cond: ((id >= 3351503) AND (id <= 3352502))

table 2 : explain SELECT c FROM sbtest2 WHERE id BETWEEN 8590755 AND 8591754
	Bitmap Heap Scan on sbtest2  (cost=27.95..4322.67 rows=1123 width=121)
	  Recheck Cond: ((id >= 8590755) AND (id <= 8591754))
	  ->  Bitmap Index Scan on sbtest2_pkey  (cost=0.00..27.66 rows=1123 width=0)
	        Index Cond: ((id >= 8590755) AND (id <= 8591754))

table 3 : explain SELECT c FROM sbtest3 WHERE id BETWEEN 5954092 AND 5955091
	Bitmap Heap Scan on sbtest3  (cost=22.59..3826.47 rows=991 width=121)
	  Recheck Cond: ((id >= 5954092) AND (id <= 5955091))
	  ->  Bitmap Index Scan on sbtest3_pkey  (cost=0.00..22.34 rows=991 width=0)
	        Index Cond: ((id >= 5954092) AND (id <= 5955091))

table 4 : explain SELECT c FROM sbtest4 WHERE id BETWEEN 2383156 AND 2384155
	Bitmap Heap Scan on sbtest4  (cost=22.19..3679.45 rows=952 width=121)
	  Recheck Cond: ((id >= 2383156) AND (id <= 2384155))
	  ->  Bitmap Index Scan on sbtest4_pkey  (cost=0.00..21.95 rows=952 width=0)
	        Index Cond: ((id >= 2383156) AND (id <= 2384155))

table 5 : explain SELECT c FROM sbtest5 WHERE id BETWEEN 271307 AND 272306
	Bitmap Heap Scan on sbtest5  (cost=23.38..4117.55 rows=1068 width=121)
	  Recheck Cond: ((id >= 271307) AND (id <= 272306))
	  ->  Bitmap Index Scan on sbtest5_pkey  (cost=0.00..23.11 rows=1068 width=0)
	        Index Cond: ((id >= 271307) AND (id <= 272306))

table 6 : explain SELECT c FROM sbtest6 WHERE id BETWEEN 4449678 AND 4450677
	Bitmap Heap Scan on sbtest6  (cost=22.04..3623.28 rows=937 width=121)
	  Recheck Cond: ((id >= 4449678) AND (id <= 4450677))
	  ->  Bitmap Index Scan on sbtest6_pkey  (cost=0.00..21.80 rows=937 width=0)
	        Index Cond: ((id >= 4449678) AND (id <= 4450677))

table 7 : explain SELECT c FROM sbtest7 WHERE id BETWEEN 5613368 AND 5614367
	Bitmap Heap Scan on sbtest7  (cost=23.28..4080.19 rows=1058 width=121)
	  Recheck Cond: ((id >= 5613368) AND (id <= 5614367))
	  ->  Bitmap Index Scan on sbtest7_pkey  (cost=0.00..23.01 rows=1058 width=0)
	        Index Cond: ((id >= 5613368) AND (id <= 5614367))

table 8 : explain SELECT c FROM sbtest8 WHERE id BETWEEN 4014384 AND 4015383
	Bitmap Heap Scan on sbtest8  (cost=22.12..3654.39 rows=945 width=121)
	  Recheck Cond: ((id >= 4014384) AND (id <= 4015383))
	  ->  Bitmap Index Scan on sbtest8_pkey  (cost=0.00..21.89 rows=945 width=0)
	        Index Cond: ((id >= 4014384) AND (id <= 4015383))

for: simple_ranges
table 1 : explain SELECT c FROM sbtest1 WHERE id BETWEEN 708928 AND 709927
	Bitmap Heap Scan on sbtest1  (cost=23.16..4033.59 rows=1046 width=121)
	  Recheck Cond: ((id >= 708928) AND (id <= 709927))
	  ->  Bitmap Index Scan on sbtest1_pkey  (cost=0.00..22.89 rows=1046 width=0)
	        Index Cond: ((id >= 708928) AND (id <= 709927))

table 2 : explain SELECT c FROM sbtest2 WHERE id BETWEEN 522872 AND 523871
	Bitmap Heap Scan on sbtest2  (cost=22.92..3946.84 rows=1023 width=121)
	  Recheck Cond: ((id >= 522872) AND (id <= 523871))
	  ->  Bitmap Index Scan on sbtest2_pkey  (cost=0.00..22.66 rows=1023 width=0)
	        Index Cond: ((id >= 522872) AND (id <= 523871))

table 3 : explain SELECT c FROM sbtest3 WHERE id BETWEEN 8746590 AND 8747589
	Bitmap Heap Scan on sbtest3  (cost=22.76..3886.71 rows=1007 width=121)
	  Recheck Cond: ((id >= 8746590) AND (id <= 8747589))
	  ->  Bitmap Index Scan on sbtest3_pkey  (cost=0.00..22.50 rows=1007 width=0)
	        Index Cond: ((id >= 8746590) AND (id <= 8747589))

table 4 : explain SELECT c FROM sbtest4 WHERE id BETWEEN 9827650 AND 9828649
	Bitmap Heap Scan on sbtest4  (cost=22.93..3950.65 rows=1024 width=121)
	  Recheck Cond: ((id >= 9827650) AND (id <= 9828649))
	  ->  Bitmap Index Scan on sbtest4_pkey  (cost=0.00..22.68 rows=1024 width=0)
	        Index Cond: ((id >= 9827650) AND (id <= 9828649))

table 5 : explain SELECT c FROM sbtest5 WHERE id BETWEEN 225554 AND 226553
	Bitmap Heap Scan on sbtest5  (cost=23.38..4117.55 rows=1068 width=121)
	  Recheck Cond: ((id >= 225554) AND (id <= 226553))
	  ->  Bitmap Index Scan on sbtest5_pkey  (cost=0.00..23.11 rows=1068 width=0)
	        Index Cond: ((id >= 225554) AND (id <= 226553))

table 6 : explain SELECT c FROM sbtest6 WHERE id BETWEEN 6047738 AND 6048737
	Bitmap Heap Scan on sbtest6  (cost=23.43..4135.32 rows=1073 width=121)
	  Recheck Cond: ((id >= 6047738) AND (id <= 6048737))
	  ->  Bitmap Index Scan on sbtest6_pkey  (cost=0.00..23.16 rows=1073 width=0)
	        Index Cond: ((id >= 6047738) AND (id <= 6048737))

table 7 : explain SELECT c FROM sbtest7 WHERE id BETWEEN 6855737 AND 6856736
	Bitmap Heap Scan on sbtest7  (cost=22.60..3831.76 rows=992 width=121)
	  Recheck Cond: ((id >= 6855737) AND (id <= 6856736))
	  ->  Bitmap Index Scan on sbtest7_pkey  (cost=0.00..22.36 rows=992 width=0)
	        Index Cond: ((id >= 6855737) AND (id <= 6856736))

table 8 : explain SELECT c FROM sbtest8 WHERE id BETWEEN 699936 AND 700935
	Bitmap Heap Scan on sbtest8  (cost=23.04..3993.55 rows=1035 width=121)
	  Recheck Cond: ((id >= 699936) AND (id <= 700935))
	  ->  Bitmap Index Scan on sbtest8_pkey  (cost=0.00..22.79 rows=1035 width=0)
	        Index Cond: ((id >= 699936) AND (id <= 700935))

for: sum_ranges
table 1 : explain SELECT SUM(k) FROM sbtest1 WHERE id BETWEEN 277721 AND 278720
	Aggregate  (cost=3863.03..3863.04 rows=1 width=8)
	  ->  Bitmap Heap Scan on sbtest1  (cost=22.68..3860.53 rows=1000 width=4)
	        Recheck Cond: ((id >= 277721) AND (id <= 278720))
	        ->  Bitmap Index Scan on sbtest1_pkey  (cost=0.00..22.43 rows=1000 width=0)
	              Index Cond: ((id >= 277721) AND (id <= 278720))

table 2 : explain SELECT SUM(k) FROM sbtest2 WHERE id BETWEEN 1781770 AND 1782769
	Aggregate  (cost=4269.18..4269.19 rows=1 width=8)
	  ->  Bitmap Heap Scan on sbtest2  (cost=27.79..4266.41 rows=1108 width=4)
	        Recheck Cond: ((id >= 1781770) AND (id <= 1782769))
	        ->  Bitmap Index Scan on sbtest2_pkey  (cost=0.00..27.51 rows=1108 width=0)
	              Index Cond: ((id >= 1781770) AND (id <= 1782769))

table 3 : explain SELECT SUM(k) FROM sbtest3 WHERE id BETWEEN 8994713 AND 8995712
	Aggregate  (cost=4295.55..4295.56 rows=1 width=8)
	  ->  Bitmap Heap Scan on sbtest3  (cost=27.86..4292.76 rows=1115 width=4)
	        Recheck Cond: ((id >= 8994713) AND (id <= 8995712))
	        ->  Bitmap Index Scan on sbtest3_pkey  (cost=0.00..27.58 rows=1115 width=0)
	              Index Cond: ((id >= 8994713) AND (id <= 8995712))

table 4 : explain SELECT SUM(k) FROM sbtest4 WHERE id BETWEEN 7773669 AND 7774668
	Aggregate  (cost=3474.07..3474.08 rows=1 width=8)
	  ->  Bitmap Heap Scan on sbtest4  (cost=21.63..3471.83 rows=897 width=4)
	        Recheck Cond: ((id >= 7773669) AND (id <= 7774668))
	        ->  Bitmap Index Scan on sbtest4_pkey  (cost=0.00..21.40 rows=897 width=0)
	              Index Cond: ((id >= 7773669) AND (id <= 7774668))

table 5 : explain SELECT SUM(k) FROM sbtest5 WHERE id BETWEEN 2122361 AND 2123360
	Aggregate  (cost=4082.60..4082.61 rows=1 width=8)
	  ->  Bitmap Heap Scan on sbtest5  (cost=23.28..4079.96 rows=1058 width=4)
	        Recheck Cond: ((id >= 2122361) AND (id <= 2123360))
	        ->  Bitmap Index Scan on sbtest5_pkey  (cost=0.00..23.01 rows=1058 width=0)
	              Index Cond: ((id >= 2122361) AND (id <= 2123360))

table 6 : explain SELECT SUM(k) FROM sbtest6 WHERE id BETWEEN 1958889 AND 1959888
	Aggregate  (cost=3757.71..3757.72 rows=1 width=8)
	  ->  Bitmap Heap Scan on sbtest6  (cost=22.40..3755.28 rows=972 width=4)
	        Recheck Cond: ((id >= 1958889) AND (id <= 1959888))
	        ->  Bitmap Index Scan on sbtest6_pkey  (cost=0.00..22.15 rows=972 width=0)
	              Index Cond: ((id >= 1958889) AND (id <= 1959888))

table 7 : explain SELECT SUM(k) FROM sbtest7 WHERE id BETWEEN 9598360 AND 9599359
	Aggregate  (cost=4398.72..4398.73 rows=1 width=8)
	  ->  Bitmap Heap Scan on sbtest7  (cost=28.14..4395.86 rows=1142 width=4)
	        Recheck Cond: ((id >= 9598360) AND (id <= 9599359))
	        ->  Bitmap Index Scan on sbtest7_pkey  (cost=0.00..27.86 rows=1142 width=0)
	              Index Cond: ((id >= 9598360) AND (id <= 9599359))

table 8 : explain SELECT SUM(k) FROM sbtest8 WHERE id BETWEEN 9373763 AND 9374762
	Aggregate  (cost=3920.81..3920.82 rows=1 width=8)
	  ->  Bitmap Heap Scan on sbtest8  (cost=22.84..3918.27 rows=1015 width=4)
	        Recheck Cond: ((id >= 9373763) AND (id <= 9374762))
	        ->  Bitmap Index Scan on sbtest8_pkey  (cost=0.00..22.58 rows=1015 width=0)
	              Index Cond: ((id >= 9373763) AND (id <= 9374762))

for: order_ranges
table 1 : explain SELECT c FROM sbtest1 WHERE id BETWEEN 35001 AND 36000 ORDER BY c
	Sort  (cost=3875.95..3878.43 rows=991 width=121)
	  Sort Key: c
	  ->  Bitmap Heap Scan on sbtest1  (cost=22.59..3826.63 rows=991 width=121)
	        Recheck Cond: ((id >= 35001) AND (id <= 36000))
	        ->  Bitmap Index Scan on sbtest1_pkey  (cost=0.00..22.34 rows=991 width=0)
	              Index Cond: ((id >= 35001) AND (id <= 36000))

table 2 : explain SELECT c FROM sbtest2 WHERE id BETWEEN 9801515 AND 9802514 ORDER BY c
	Sort  (cost=4158.28..4160.94 rows=1065 width=121)
	  Sort Key: c
	  ->  Bitmap Heap Scan on sbtest2  (cost=23.35..4104.72 rows=1065 width=121)
	        Recheck Cond: ((id >= 9801515) AND (id <= 9802514))
	        ->  Bitmap Index Scan on sbtest2_pkey  (cost=0.00..23.08 rows=1065 width=0)
	              Index Cond: ((id >= 9801515) AND (id <= 9802514))

table 3 : explain SELECT c FROM sbtest3 WHERE id BETWEEN 3369393 AND 3370392 ORDER BY c
	Sort  (cost=3845.19..3847.65 rows=983 width=121)
	  Sort Key: c
	  ->  Bitmap Heap Scan on sbtest3  (cost=22.51..3796.33 rows=983 width=121)
	        Recheck Cond: ((id >= 3369393) AND (id <= 3370392))
	        ->  Bitmap Index Scan on sbtest3_pkey  (cost=0.00..22.26 rows=983 width=0)
	              Index Cond: ((id >= 3369393) AND (id <= 3370392))

table 4 : explain SELECT c FROM sbtest4 WHERE id BETWEEN 2809694 AND 2810693 ORDER BY c
	Sort  (cost=3848.98..3851.44 rows=984 width=121)
	  Sort Key: c
	  ->  Bitmap Heap Scan on sbtest4  (cost=22.52..3800.07 rows=984 width=121)
	        Recheck Cond: ((id >= 2809694) AND (id <= 2810693))
	        ->  Bitmap Index Scan on sbtest4_pkey  (cost=0.00..22.27 rows=984 width=0)
	              Index Cond: ((id >= 2809694) AND (id <= 2810693))

table 5 : explain SELECT c FROM sbtest5 WHERE id BETWEEN 1212035 AND 1213034 ORDER BY c
	Sort  (cost=3746.97..3749.36 rows=957 width=121)
	  Sort Key: c
	  ->  Bitmap Heap Scan on sbtest5  (cost=22.24..3699.58 rows=957 width=121)
	        Recheck Cond: ((id >= 1212035) AND (id <= 1213034))
	        ->  Bitmap Index Scan on sbtest5_pkey  (cost=0.00..22.00 rows=957 width=0)
	              Index Cond: ((id >= 1212035) AND (id <= 1213034))

table 6 : explain SELECT c FROM sbtest6 WHERE id BETWEEN 6135808 AND 6136807 ORDER BY c
	Sort  (cost=4120.66..4123.30 rows=1055 width=121)
	  Sort Key: c
	  ->  Bitmap Heap Scan on sbtest6  (cost=23.25..4067.68 rows=1055 width=121)
	        Recheck Cond: ((id >= 6135808) AND (id <= 6136807))
	        ->  Bitmap Index Scan on sbtest6_pkey  (cost=0.00..22.98 rows=1055 width=0)
	              Index Cond: ((id >= 6135808) AND (id <= 6136807))

table 7 : explain SELECT c FROM sbtest7 WHERE id BETWEEN 4804082 AND 4805081 ORDER BY c
	Sort  (cost=3601.55..3603.85 rows=919 width=121)
	  Sort Key: c
	  ->  Bitmap Heap Scan on sbtest7  (cost=21.85..3556.32 rows=919 width=121)
	        Recheck Cond: ((id >= 4804082) AND (id <= 4805081))
	        ->  Bitmap Index Scan on sbtest7_pkey  (cost=0.00..21.62 rows=919 width=0)
	              Index Cond: ((id >= 4804082) AND (id <= 4805081))

table 8 : explain SELECT c FROM sbtest8 WHERE id BETWEEN 2248623 AND 2249622 ORDER BY c
	Sort  (cost=4053.02..4055.61 rows=1037 width=121)
	  Sort Key: c
	  ->  Bitmap Heap Scan on sbtest8  (cost=23.06..4001.08 rows=1037 width=121)
	        Recheck Cond: ((id >= 2248623) AND (id <= 2249622))
	        ->  Bitmap Index Scan on sbtest8_pkey  (cost=0.00..22.80 rows=1037 width=0)
	              Index Cond: ((id >= 2248623) AND (id <= 2249622))

for: sum_ranges
table 1 : explain SELECT SUM(k) FROM sbtest1 WHERE id BETWEEN 5365910 AND 5366909
	Aggregate  (cost=4006.11..4006.12 rows=1 width=8)
	  ->  Bitmap Heap Scan on sbtest1  (cost=23.07..4003.51 rows=1038 width=4)
	        Recheck Cond: ((id >= 5365910) AND (id <= 5366909))
	        ->  Bitmap Index Scan on sbtest1_pkey  (cost=0.00..22.82 rows=1038 width=0)
	              Index Cond: ((id >= 5365910) AND (id <= 5366909))

table 2 : explain SELECT SUM(k) FROM sbtest2 WHERE id BETWEEN 4742083 AND 4743082
	Aggregate  (cost=3919.28..3919.29 rows=1 width=8)
	  ->  Bitmap Heap Scan on sbtest2  (cost=22.84..3916.74 rows=1015 width=4)
	        Recheck Cond: ((id >= 4742083) AND (id <= 4743082))
	        ->  Bitmap Index Scan on sbtest2_pkey  (cost=0.00..22.58 rows=1015 width=0)
	              Index Cond: ((id >= 4742083) AND (id <= 4743082))

table 3 : explain SELECT SUM(k) FROM sbtest3 WHERE id BETWEEN 7501039 AND 7502038
	Aggregate  (cost=4013.45..4013.46 rows=1 width=8)
	  ->  Bitmap Heap Scan on sbtest3  (cost=23.09..4010.85 rows=1040 width=4)
	        Recheck Cond: ((id >= 7501039) AND (id <= 7502038))
	        ->  Bitmap Index Scan on sbtest3_pkey  (cost=0.00..22.83 rows=1040 width=0)
	              Index Cond: ((id >= 7501039) AND (id <= 7502038))

table 4 : explain SELECT SUM(k) FROM sbtest4 WHERE id BETWEEN 4865732 AND 4866731
	Aggregate  (cost=3561.01..3561.02 rows=1 width=8)
	  ->  Bitmap Heap Scan on sbtest4  (cost=21.87..3558.71 rows=920 width=4)
	        Recheck Cond: ((id >= 4865732) AND (id <= 4866731))
	        ->  Bitmap Index Scan on sbtest4_pkey  (cost=0.00..21.64 rows=920 width=0)
	              Index Cond: ((id >= 4865732) AND (id <= 4866731))

table 5 : explain SELECT SUM(k) FROM sbtest5 WHERE id BETWEEN 1721856 AND 1722855
	Aggregate  (cost=3928.25..3928.26 rows=1 width=8)
	  ->  Bitmap Heap Scan on sbtest5  (cost=22.86..3925.71 rows=1017 width=4)
	        Recheck Cond: ((id >= 1721856) AND (id <= 1722855))
	        ->  Bitmap Index Scan on sbtest5_pkey  (cost=0.00..22.61 rows=1017 width=0)
	              Index Cond: ((id >= 1721856) AND (id <= 1722855))

table 6 : explain SELECT SUM(k) FROM sbtest6 WHERE id BETWEEN 403728 AND 404727
	Aggregate  (cost=4051.51..4051.52 rows=1 width=8)
	  ->  Bitmap Heap Scan on sbtest6  (cost=23.20..4048.89 rows=1050 width=4)
	        Recheck Cond: ((id >= 403728) AND (id <= 404727))
	        ->  Bitmap Index Scan on sbtest6_pkey  (cost=0.00..22.93 rows=1050 width=0)
	              Index Cond: ((id >= 403728) AND (id <= 404727))

table 7 : explain SELECT SUM(k) FROM sbtest7 WHERE id BETWEEN 4601044 AND 4602043
	Aggregate  (cost=3607.75..3607.76 rows=1 width=8)
	  ->  Bitmap Heap Scan on sbtest7  (cost=21.99..3605.42 rows=932 width=4)
	        Recheck Cond: ((id >= 4601044) AND (id <= 4602043))
	        ->  Bitmap Index Scan on sbtest7_pkey  (cost=0.00..21.75 rows=932 width=0)
	              Index Cond: ((id >= 4601044) AND (id <= 4602043))

table 8 : explain SELECT SUM(k) FROM sbtest8 WHERE id BETWEEN 5256860 AND 5257859
	Aggregate  (cost=3773.77..3773.78 rows=1 width=8)
	  ->  Bitmap Heap Scan on sbtest8  (cost=22.44..3771.33 rows=976 width=4)
	        Recheck Cond: ((id >= 5256860) AND (id <= 5257859))
	        ->  Bitmap Index Scan on sbtest8_pkey  (cost=0.00..22.19 rows=976 width=0)
	              Index Cond: ((id >= 5256860) AND (id <= 5257859))

for: sum_ranges
table 1 : explain SELECT SUM(k) FROM sbtest1 WHERE id BETWEEN 6942683 AND 6943682
	Aggregate  (cost=3994.82..3994.83 rows=1 width=8)
	  ->  Bitmap Heap Scan on sbtest1  (cost=23.04..3992.23 rows=1035 width=4)
	        Recheck Cond: ((id >= 6942683) AND (id <= 6943682))
	        ->  Bitmap Index Scan on sbtest1_pkey  (cost=0.00..22.79 rows=1035 width=0)
	              Index Cond: ((id >= 6942683) AND (id <= 6943682))

table 2 : explain SELECT SUM(k) FROM sbtest2 WHERE id BETWEEN 4056426 AND 4057425
	Aggregate  (cost=4058.51..4058.52 rows=1 width=8)
	  ->  Bitmap Heap Scan on sbtest2  (cost=23.22..4055.88 rows=1052 width=4)
	        Recheck Cond: ((id >= 4056426) AND (id <= 4057425))
	        ->  Bitmap Index Scan on sbtest2_pkey  (cost=0.00..22.95 rows=1052 width=0)
	              Index Cond: ((id >= 4056426) AND (id <= 4057425))

table 3 : explain SELECT SUM(k) FROM sbtest3 WHERE id BETWEEN 4721465 AND 4722464
	Aggregate  (cost=3583.70..3583.71 rows=1 width=8)
	  ->  Bitmap Heap Scan on sbtest3  (cost=21.93..3581.39 rows=926 width=4)
	        Recheck Cond: ((id >= 4721465) AND (id <= 4722464))
	        ->  Bitmap Index Scan on sbtest3_pkey  (cost=0.00..21.69 rows=926 width=0)
	              Index Cond: ((id >= 4721465) AND (id <= 4722464))

table 4 : explain SELECT SUM(k) FROM sbtest4 WHERE id BETWEEN 2238722 AND 2239721
	Aggregate  (cost=3772.37..3772.38 rows=1 width=8)
	  ->  Bitmap Heap Scan on sbtest4  (cost=22.44..3769.93 rows=976 width=4)
	        Recheck Cond: ((id >= 2238722) AND (id <= 2239721))
	        ->  Bitmap Index Scan on sbtest4_pkey  (cost=0.00..22.19 rows=976 width=0)
	              Index Cond: ((id >= 2238722) AND (id <= 2239721))

table 5 : explain SELECT SUM(k) FROM sbtest5 WHERE id BETWEEN 5657477 AND 5658476
	Aggregate  (cost=3615.11..3615.12 rows=1 width=8)
	  ->  Bitmap Heap Scan on sbtest5  (cost=22.01..3612.78 rows=934 width=4)
	        Recheck Cond: ((id >= 5657477) AND (id <= 5658476))
	        ->  Bitmap Index Scan on sbtest5_pkey  (cost=0.00..21.77 rows=934 width=0)
	              Index Cond: ((id >= 5657477) AND (id <= 5658476))

table 6 : explain SELECT SUM(k) FROM sbtest6 WHERE id BETWEEN 2996706 AND 2997705
	Aggregate  (cost=3980.02..3980.03 rows=1 width=8)
	  ->  Bitmap Heap Scan on sbtest6  (cost=23.00..3977.44 rows=1031 width=4)
	        Recheck Cond: ((id >= 2996706) AND (id <= 2997705))
	        ->  Bitmap Index Scan on sbtest6_pkey  (cost=0.00..22.75 rows=1031 width=0)
	              Index Cond: ((id >= 2996706) AND (id <= 2997705))

table 7 : explain SELECT SUM(k) FROM sbtest7 WHERE id BETWEEN 8563475 AND 8564474
	Aggregate  (cost=4143.02..4143.03 rows=1 width=8)
	  ->  Bitmap Heap Scan on sbtest7  (cost=23.44..4140.33 rows=1074 width=4)
	        Recheck Cond: ((id >= 8563475) AND (id <= 8564474))
	        ->  Bitmap Index Scan on sbtest7_pkey  (cost=0.00..23.18 rows=1074 width=0)
	              Index Cond: ((id >= 8563475) AND (id <= 8564474))

table 8 : explain SELECT SUM(k) FROM sbtest8 WHERE id BETWEEN 8515415 AND 8516414
	Aggregate  (cost=4270.93..4270.94 rows=1 width=8)
	  ->  Bitmap Heap Scan on sbtest8  (cost=27.79..4268.16 rows=1108 width=4)
	        Recheck Cond: ((id >= 8515415) AND (id <= 8516414))
	        ->  Bitmap Index Scan on sbtest8_pkey  (cost=0.00..27.51 rows=1108 width=0)
	              Index Cond: ((id >= 8515415) AND (id <= 8516414))

for: sum_ranges
table 1 : explain SELECT SUM(k) FROM sbtest1 WHERE id BETWEEN 6360152 AND 6361151
	Aggregate  (cost=3855.49..3855.50 rows=1 width=8)
	  ->  Bitmap Heap Scan on sbtest1  (cost=22.66..3852.99 rows=998 width=4)
	        Recheck Cond: ((id >= 6360152) AND (id <= 6361151))
	        ->  Bitmap Index Scan on sbtest1_pkey  (cost=0.00..22.41 rows=998 width=0)
	              Index Cond: ((id >= 6360152) AND (id <= 6361151))

table 2 : explain SELECT SUM(k) FROM sbtest2 WHERE id BETWEEN 6953468 AND 6954467
	Aggregate  (cost=3851.48..3851.49 rows=1 width=8)
	  ->  Bitmap Heap Scan on sbtest2  (cost=22.65..3848.98 rows=997 width=4)
	        Recheck Cond: ((id >= 6953468) AND (id <= 6954467))
	        ->  Bitmap Index Scan on sbtest2_pkey  (cost=0.00..22.40 rows=997 width=0)
	              Index Cond: ((id >= 6953468) AND (id <= 6954467))

table 3 : explain SELECT SUM(k) FROM sbtest3 WHERE id BETWEEN 1730574 AND 1731573
	Aggregate  (cost=3851.55..3851.56 rows=1 width=8)
	  ->  Bitmap Heap Scan on sbtest3  (cost=22.65..3849.06 rows=997 width=4)
	        Recheck Cond: ((id >= 1730574) AND (id <= 1731573))
	        ->  Bitmap Index Scan on sbtest3_pkey  (cost=0.00..22.40 rows=997 width=0)
	              Index Cond: ((id >= 1730574) AND (id <= 1731573))

table 4 : explain SELECT SUM(k) FROM sbtest4 WHERE id BETWEEN 5423095 AND 5424094
	Aggregate  (cost=4002.13..4002.14 rows=1 width=8)
	  ->  Bitmap Heap Scan on sbtest4  (cost=23.06..3999.54 rows=1037 width=4)
	        Recheck Cond: ((id >= 5423095) AND (id <= 5424094))
	        ->  Bitmap Index Scan on sbtest4_pkey  (cost=0.00..22.80 rows=1037 width=0)
	              Index Cond: ((id >= 5423095) AND (id <= 5424094))

table 5 : explain SELECT SUM(k) FROM sbtest5 WHERE id BETWEEN 3008334 AND 3009333
	Aggregate  (cost=3837.80..3837.81 rows=1 width=8)
	  ->  Bitmap Heap Scan on sbtest5  (cost=22.61..3835.31 rows=993 width=4)
	        Recheck Cond: ((id >= 3008334) AND (id <= 3009333))
	        ->  Bitmap Index Scan on sbtest5_pkey  (cost=0.00..22.36 rows=993 width=0)
	              Index Cond: ((id >= 3008334) AND (id <= 3009333))

table 6 : explain SELECT SUM(k) FROM sbtest6 WHERE id BETWEEN 9684161 AND 9685160
	Aggregate  (cost=4025.18..4025.19 rows=1 width=8)
	  ->  Bitmap Heap Scan on sbtest6  (cost=23.13..4022.57 rows=1043 width=4)
	        Recheck Cond: ((id >= 9684161) AND (id <= 9685160))
	        ->  Bitmap Index Scan on sbtest6_pkey  (cost=0.00..22.86 rows=1043 width=0)
	              Index Cond: ((id >= 9684161) AND (id <= 9685160))

table 7 : explain SELECT SUM(k) FROM sbtest7 WHERE id BETWEEN 5067885 AND 5068884
	Aggregate  (cost=3751.25..3751.26 rows=1 width=8)
	  ->  Bitmap Heap Scan on sbtest7  (cost=22.38..3748.82 rows=970 width=4)
	        Recheck Cond: ((id >= 5067885) AND (id <= 5068884))
	        ->  Bitmap Index Scan on sbtest7_pkey  (cost=0.00..22.14 rows=970 width=0)
	              Index Cond: ((id >= 5067885) AND (id <= 5068884))

table 8 : explain SELECT SUM(k) FROM sbtest8 WHERE id BETWEEN 2461662 AND 2462661
	Aggregate  (cost=3913.27..3913.28 rows=1 width=8)
	  ->  Bitmap Heap Scan on sbtest8  (cost=22.82..3910.74 rows=1013 width=4)
	        Recheck Cond: ((id >= 2461662) AND (id <= 2462661))
	        ->  Bitmap Index Scan on sbtest8_pkey  (cost=0.00..22.57 rows=1013 width=0)
	              Index Cond: ((id >= 2461662) AND (id <= 2462661))

for: sum_ranges
table 1 : explain SELECT SUM(k) FROM sbtest1 WHERE id BETWEEN 6512925 AND 6513924
	Aggregate  (cost=4224.41..4224.42 rows=1 width=8)
	  ->  Bitmap Heap Scan on sbtest1  (cost=27.67..4221.67 rows=1096 width=4)
	        Recheck Cond: ((id >= 6512925) AND (id <= 6513924))
	        ->  Bitmap Index Scan on sbtest1_pkey  (cost=0.00..27.39 rows=1096 width=0)
	              Index Cond: ((id >= 6512925) AND (id <= 6513924))

table 2 : explain SELECT SUM(k) FROM sbtest2 WHERE id BETWEEN 2172931 AND 2173930
	Aggregate  (cost=3485.38..3485.39 rows=1 width=8)
	  ->  Bitmap Heap Scan on sbtest2  (cost=21.66..3483.13 rows=900 width=4)
	        Recheck Cond: ((id >= 2172931) AND (id <= 2173930))
	        ->  Bitmap Index Scan on sbtest2_pkey  (cost=0.00..21.43 rows=900 width=0)
	              Index Cond: ((id >= 2172931) AND (id <= 2173930))

table 3 : explain SELECT SUM(k) FROM sbtest3 WHERE id BETWEEN 8389184 AND 8390183
	Aggregate  (cost=3783.71..3783.72 rows=1 width=8)
	  ->  Bitmap Heap Scan on sbtest3  (cost=22.47..3781.26 rows=979 width=4)
	        Recheck Cond: ((id >= 8389184) AND (id <= 8390183))
	        ->  Bitmap Index Scan on sbtest3_pkey  (cost=0.00..22.22 rows=979 width=0)
	              Index Cond: ((id >= 8389184) AND (id <= 8390183))

table 4 : explain SELECT SUM(k) FROM sbtest4 WHERE id BETWEEN 2653708 AND 2654707
	Aggregate  (cost=3889.19..3889.20 rows=1 width=8)
	  ->  Bitmap Heap Scan on sbtest4  (cost=22.76..3886.68 rows=1007 width=4)
	        Recheck Cond: ((id >= 2653708) AND (id <= 2654707))
	        ->  Bitmap Index Scan on sbtest4_pkey  (cost=0.00..22.50 rows=1007 width=0)
	              Index Cond: ((id >= 2653708) AND (id <= 2654707))

table 5 : explain SELECT SUM(k) FROM sbtest5 WHERE id BETWEEN 4019636 AND 4020635
	Aggregate  (cost=3852.88..3852.89 rows=1 width=8)
	  ->  Bitmap Heap Scan on sbtest5  (cost=22.65..3850.38 rows=997 width=4)
	        Recheck Cond: ((id >= 4019636) AND (id <= 4020635))
	        ->  Bitmap Index Scan on sbtest5_pkey  (cost=0.00..22.40 rows=997 width=0)
	              Index Cond: ((id >= 4019636) AND (id <= 4020635))

table 6 : explain SELECT SUM(k) FROM sbtest6 WHERE id BETWEEN 202621 AND 203620
	Aggregate  (cost=3821.81..3821.82 rows=1 width=8)
	  ->  Bitmap Heap Scan on sbtest6  (cost=22.57..3819.34 rows=989 width=4)
	        Recheck Cond: ((id >= 202621) AND (id <= 203620))
	        ->  Bitmap Index Scan on sbtest6_pkey  (cost=0.00..22.32 rows=989 width=0)
	              Index Cond: ((id >= 202621) AND (id <= 203620))

table 7 : explain SELECT SUM(k) FROM sbtest7 WHERE id BETWEEN 8861871 AND 8862870
	Aggregate  (cost=3875.71..3875.72 rows=1 width=8)
	  ->  Bitmap Heap Scan on sbtest7  (cost=22.72..3873.20 rows=1003 width=4)
	        Recheck Cond: ((id >= 8861871) AND (id <= 8862870))
	        ->  Bitmap Index Scan on sbtest7_pkey  (cost=0.00..22.46 rows=1003 width=0)
	              Index Cond: ((id >= 8861871) AND (id <= 8862870))

table 8 : explain SELECT SUM(k) FROM sbtest8 WHERE id BETWEEN 4924317 AND 4925316
	Aggregate  (cost=3999.90..3999.91 rows=1 width=8)
	  ->  Bitmap Heap Scan on sbtest8  (cost=23.05..3997.31 rows=1036 width=4)
	        Recheck Cond: ((id >= 4924317) AND (id <= 4925316))
	        ->  Bitmap Index Scan on sbtest8_pkey  (cost=0.00..22.79 rows=1036 width=0)
	              Index Cond: ((id >= 4924317) AND (id <= 4925316))

for: order_ranges
table 1 : explain SELECT c FROM sbtest1 WHERE id BETWEEN 2295418 AND 2296417 ORDER BY c
	Sort  (cost=4250.06..4252.78 rows=1089 width=121)
	  Sort Key: c
	  ->  Bitmap Heap Scan on sbtest1  (cost=23.60..4195.12 rows=1089 width=121)
	        Recheck Cond: ((id >= 2295418) AND (id <= 2296417))
	        ->  Bitmap Index Scan on sbtest1_pkey  (cost=0.00..23.32 rows=1089 width=0)
	              Index Cond: ((id >= 2295418) AND (id <= 2296417))

table 2 : explain SELECT c FROM sbtest2 WHERE id BETWEEN 878936 AND 879935 ORDER BY c
	Sort  (cost=4024.71..4027.29 rows=1030 width=121)
	  Sort Key: c
	  ->  Bitmap Heap Scan on sbtest2  (cost=22.99..3973.17 rows=1030 width=121)
	        Recheck Cond: ((id >= 878936) AND (id <= 879935))
	        ->  Bitmap Index Scan on sbtest2_pkey  (cost=0.00..22.73 rows=1030 width=0)
	              Index Cond: ((id >= 878936) AND (id <= 879935))

table 3 : explain SELECT c FROM sbtest3 WHERE id BETWEEN 4113748 AND 4114747 ORDER BY c
	Sort  (cost=3948.40..3950.92 rows=1010 width=121)
	  Sort Key: c
	  ->  Bitmap Heap Scan on sbtest3  (cost=22.79..3898.00 rows=1010 width=121)
	        Recheck Cond: ((id >= 4113748) AND (id <= 4114747))
	        ->  Bitmap Index Scan on sbtest3_pkey  (cost=0.00..22.54 rows=1010 width=0)
	              Index Cond: ((id >= 4113748) AND (id <= 4114747))

table 4 : explain SELECT c FROM sbtest4 WHERE id BETWEEN 69891 AND 70890 ORDER BY c
	Sort  (cost=3642.31..3644.63 rows=930 width=121)
	  Sort Key: c
	  ->  Bitmap Heap Scan on sbtest4  (cost=21.97..3596.45 rows=930 width=121)
	        Recheck Cond: ((id >= 69891) AND (id <= 70890))
	        ->  Bitmap Index Scan on sbtest4_pkey  (cost=0.00..21.73 rows=930 width=0)
	              Index Cond: ((id >= 69891) AND (id <= 70890))

table 5 : explain SELECT c FROM sbtest5 WHERE id BETWEEN 6793369 AND 6794368 ORDER BY c
	Sort  (cost=3712.50..3714.87 rows=948 width=121)
	  Sort Key: c
	  ->  Bitmap Heap Scan on sbtest5  (cost=22.15..3665.63 rows=948 width=121)
	        Recheck Cond: ((id >= 6793369) AND (id <= 6794368))
	        ->  Bitmap Index Scan on sbtest5_pkey  (cost=0.00..21.91 rows=948 width=0)
	              Index Cond: ((id >= 6793369) AND (id <= 6794368))

table 6 : explain SELECT c FROM sbtest6 WHERE id BETWEEN 9101745 AND 9102744 ORDER BY c
	Sort  (cost=3979.39..3981.93 rows=1018 width=121)
	  Sort Key: c
	  ->  Bitmap Heap Scan on sbtest6  (cost=22.87..3928.53 rows=1018 width=121)
	        Recheck Cond: ((id >= 9101745) AND (id <= 9102744))
	        ->  Bitmap Index Scan on sbtest6_pkey  (cost=0.00..22.61 rows=1018 width=0)
	              Index Cond: ((id >= 9101745) AND (id <= 9102744))

table 7 : explain SELECT c FROM sbtest7 WHERE id BETWEEN 2504052 AND 2505051 ORDER BY c
	Sort  (cost=3567.04..3569.31 rows=910 width=121)
	  Sort Key: c
	  ->  Bitmap Heap Scan on sbtest7  (cost=21.76..3522.31 rows=910 width=121)
	        Recheck Cond: ((id >= 2504052) AND (id <= 2505051))
	        ->  Bitmap Index Scan on sbtest7_pkey  (cost=0.00..21.54 rows=910 width=0)
	              Index Cond: ((id >= 2504052) AND (id <= 2505051))

table 8 : explain SELECT c FROM sbtest8 WHERE id BETWEEN 6341895 AND 6342894 ORDER BY c
	Sort  (cost=3716.42..3718.79 rows=949 width=121)
	  Sort Key: c
	  ->  Bitmap Heap Scan on sbtest8  (cost=22.16..3669.49 rows=949 width=121)
	        Recheck Cond: ((id >= 6341895) AND (id <= 6342894))
	        ->  Bitmap Index Scan on sbtest8_pkey  (cost=0.00..21.93 rows=949 width=0)
	              Index Cond: ((id >= 6341895) AND (id <= 6342894))

for: order_ranges
table 1 : explain SELECT c FROM sbtest1 WHERE id BETWEEN 4842112 AND 4843111 ORDER BY c
	Sort  (cost=4292.25..4295.00 rows=1100 width=121)
	  Sort Key: c
	  ->  Bitmap Heap Scan on sbtest1  (cost=27.71..4236.68 rows=1100 width=121)
	        Recheck Cond: ((id >= 4842112) AND (id <= 4843111))
	        ->  Bitmap Index Scan on sbtest1_pkey  (cost=0.00..27.43 rows=1100 width=0)
	              Index Cond: ((id >= 4842112) AND (id <= 4843111))

table 2 : explain SELECT c FROM sbtest2 WHERE id BETWEEN 7627276 AND 7628275 ORDER BY c
	Sort  (cost=3634.61..3636.93 rows=928 width=121)
	  Sort Key: c
	  ->  Bitmap Heap Scan on sbtest2  (cost=21.95..3588.87 rows=928 width=121)
	        Recheck Cond: ((id >= 7627276) AND (id <= 7628275))
	        ->  Bitmap Index Scan on sbtest2_pkey  (cost=0.00..21.71 rows=928 width=0)
	              Index Cond: ((id >= 7627276) AND (id <= 7628275))

table 3 : explain SELECT c FROM sbtest3 WHERE id BETWEEN 839178 AND 840177 ORDER BY c
	Sort  (cost=3982.78..3985.33 rows=1019 width=121)
	  Sort Key: c
	  ->  Bitmap Heap Scan on sbtest3  (cost=22.88..3931.87 rows=1019 width=121)
	        Recheck Cond: ((id >= 839178) AND (id <= 840177))
	        ->  Bitmap Index Scan on sbtest3_pkey  (cost=0.00..22.62 rows=1019 width=0)
	              Index Cond: ((id >= 839178) AND (id <= 840177))

table 4 : explain SELECT c FROM sbtest4 WHERE id BETWEEN 4659978 AND 4660977 ORDER BY c
	Sort  (cost=4009.48..4012.05 rows=1026 width=121)
	  Sort Key: c
	  ->  Bitmap Heap Scan on sbtest4  (cost=22.95..3958.17 rows=1026 width=121)
	        Recheck Cond: ((id >= 4659978) AND (id <= 4660977))
	        ->  Bitmap Index Scan on sbtest4_pkey  (cost=0.00..22.69 rows=1026 width=0)
	              Index Cond: ((id >= 4659978) AND (id <= 4660977))

table 5 : explain SELECT c FROM sbtest5 WHERE id BETWEEN 9850115 AND 9851114 ORDER BY c
	Sort  (cost=3639.70..3642.02 rows=929 width=121)
	  Sort Key: c
	  ->  Bitmap Heap Scan on sbtest5  (cost=21.96..3593.90 rows=929 width=121)
	        Recheck Cond: ((id >= 9850115) AND (id <= 9851114))
	        ->  Bitmap Index Scan on sbtest5_pkey  (cost=0.00..21.72 rows=929 width=0)
	              Index Cond: ((id >= 9850115) AND (id <= 9851114))

table 6 : explain SELECT c FROM sbtest6 WHERE id BETWEEN 5715211 AND 5716210 ORDER BY c
	Sort  (cost=3841.77..3844.23 rows=982 width=121)
	  Sort Key: c
	  ->  Bitmap Heap Scan on sbtest6  (cost=22.50..3792.97 rows=982 width=121)
	        Recheck Cond: ((id >= 5715211) AND (id <= 5716210))
	        ->  Bitmap Index Scan on sbtest6_pkey  (cost=0.00..22.25 rows=982 width=0)
	              Index Cond: ((id >= 5715211) AND (id <= 5716210))

table 7 : explain SELECT c FROM sbtest7 WHERE id BETWEEN 7763378 AND 7764377 ORDER BY c
	Sort  (cost=3884.96..3887.44 rows=993 width=121)
	  Sort Key: c
	  ->  Bitmap Heap Scan on sbtest7  (cost=22.61..3835.53 rows=993 width=121)
	        Recheck Cond: ((id >= 7763378) AND (id <= 7764377))
	        ->  Bitmap Index Scan on sbtest7_pkey  (cost=0.00..22.36 rows=993 width=0)
	              Index Cond: ((id >= 7763378) AND (id <= 7764377))

table 8 : explain SELECT c FROM sbtest8 WHERE id BETWEEN 7768818 AND 7769817 ORDER BY c
	Sort  (cost=4285.99..4288.73 rows=1097 width=121)
	  Sort Key: c
	  ->  Bitmap Heap Scan on sbtest8  (cost=27.68..4230.59 rows=1097 width=121)
	        Recheck Cond: ((id >= 7768818) AND (id <= 7769817))
	        ->  Bitmap Index Scan on sbtest8_pkey  (cost=0.00..27.40 rows=1097 width=0)
	              Index Cond: ((id >= 7768818) AND (id <= 7769817))

for: order_ranges
table 1 : explain SELECT c FROM sbtest1 WHERE id BETWEEN 8780895 AND 8781894 ORDER BY c
	Sort  (cost=3715.26..3717.63 rows=949 width=121)
	  Sort Key: c
	  ->  Bitmap Heap Scan on sbtest1  (cost=22.16..3668.33 rows=949 width=121)
	        Recheck Cond: ((id >= 8780895) AND (id <= 8781894))
	        ->  Bitmap Index Scan on sbtest1_pkey  (cost=0.00..21.93 rows=949 width=0)
	              Index Cond: ((id >= 8780895) AND (id <= 8781894))

table 2 : explain SELECT c FROM sbtest2 WHERE id BETWEEN 8485254 AND 8486253 ORDER BY c
	Sort  (cost=3971.24..3973.78 rows=1016 width=121)
	  Sort Key: c
	  ->  Bitmap Heap Scan on sbtest2  (cost=22.85..3920.50 rows=1016 width=121)
	        Recheck Cond: ((id >= 8485254) AND (id <= 8486253))
	        ->  Bitmap Index Scan on sbtest2_pkey  (cost=0.00..22.59 rows=1016 width=0)
	              Index Cond: ((id >= 8485254) AND (id <= 8486253))

table 3 : explain SELECT c FROM sbtest3 WHERE id BETWEEN 395706 AND 396705 ORDER BY c
	Sort  (cost=3676.81..3679.16 rows=939 width=121)
	  Sort Key: c
	  ->  Bitmap Heap Scan on sbtest3  (cost=22.06..3630.45 rows=939 width=121)
	        Recheck Cond: ((id >= 395706) AND (id <= 396705))
	        ->  Bitmap Index Scan on sbtest3_pkey  (cost=0.00..21.82 rows=939 width=0)
	              Index Cond: ((id >= 395706) AND (id <= 396705))

table 4 : explain SELECT c FROM sbtest4 WHERE id BETWEEN 1451434 AND 1452433 ORDER BY c
	Sort  (cost=3933.08..3935.60 rows=1006 width=121)
	  Sort Key: c
	  ->  Bitmap Heap Scan on sbtest4  (cost=22.75..3882.91 rows=1006 width=121)
	        Recheck Cond: ((id >= 1451434) AND (id <= 1452433))
	        ->  Bitmap Index Scan on sbtest4_pkey  (cost=0.00..22.50 rows=1006 width=0)
	              Index Cond: ((id >= 1451434) AND (id <= 1452433))

table 5 : explain SELECT c FROM sbtest5 WHERE id BETWEEN 984619 AND 985618 ORDER BY c
	Sort  (cost=3792.91..3795.33 rows=969 width=121)
	  Sort Key: c
	  ->  Bitmap Heap Scan on sbtest5  (cost=22.37..3744.85 rows=969 width=121)
	        Recheck Cond: ((id >= 984619) AND (id <= 985618))
	        ->  Bitmap Index Scan on sbtest5_pkey  (cost=0.00..22.12 rows=969 width=0)
	              Index Cond: ((id >= 984619) AND (id <= 985618))

table 6 : explain SELECT c FROM sbtest6 WHERE id BETWEEN 1733444 AND 1734443 ORDER BY c
	Sort  (cost=3830.30..3832.74 rows=979 width=121)
	  Sort Key: c
	  ->  Bitmap Heap Scan on sbtest6  (cost=22.47..3781.66 rows=979 width=121)
	        Recheck Cond: ((id >= 1733444) AND (id <= 1734443))
	        ->  Bitmap Index Scan on sbtest6_pkey  (cost=0.00..22.22 rows=979 width=0)
	              Index Cond: ((id >= 1733444) AND (id <= 1734443))

table 7 : explain SELECT c FROM sbtest7 WHERE id BETWEEN 7273009 AND 7274008 ORDER BY c
	Sort  (cost=3532.51..3534.76 rows=901 width=121)
	  Sort Key: c
	  ->  Bitmap Heap Scan on sbtest7  (cost=21.67..3488.29 rows=901 width=121)
	        Recheck Cond: ((id >= 7273009) AND (id <= 7274008))
	        ->  Bitmap Index Scan on sbtest7_pkey  (cost=0.00..21.44 rows=901 width=0)
	              Index Cond: ((id >= 7273009) AND (id <= 7274008))

table 8 : explain SELECT c FROM sbtest8 WHERE id BETWEEN 8740434 AND 8741433 ORDER BY c
	Sort  (cost=3766.20..3768.61 rows=962 width=121)
	  Sort Key: c
	  ->  Bitmap Heap Scan on sbtest8  (cost=22.30..3718.53 rows=962 width=121)
	        Recheck Cond: ((id >= 8740434) AND (id <= 8741433))
	        ->  Bitmap Index Scan on sbtest8_pkey  (cost=0.00..22.05 rows=962 width=0)
	              Index Cond: ((id >= 8740434) AND (id <= 8741433))

for: sum_ranges
table 1 : explain SELECT SUM(k) FROM sbtest1 WHERE id BETWEEN 1758611 AND 1759610
	Aggregate  (cost=4133.97..4133.98 rows=1 width=8)
	  ->  Bitmap Heap Scan on sbtest1  (cost=23.42..4131.29 rows=1072 width=4)
	        Recheck Cond: ((id >= 1758611) AND (id <= 1759610))
	        ->  Bitmap Index Scan on sbtest1_pkey  (cost=0.00..23.15 rows=1072 width=0)
	              Index Cond: ((id >= 1758611) AND (id <= 1759610))

table 2 : explain SELECT SUM(k) FROM sbtest2 WHERE id BETWEEN 5737141 AND 5738140
	Aggregate  (cost=3859.01..3859.02 rows=1 width=8)
	  ->  Bitmap Heap Scan on sbtest2  (cost=22.67..3856.51 rows=999 width=4)
	        Recheck Cond: ((id >= 5737141) AND (id <= 5738140))
	        ->  Bitmap Index Scan on sbtest2_pkey  (cost=0.00..22.43 rows=999 width=0)
	              Index Cond: ((id >= 5737141) AND (id <= 5738140))

table 3 : explain SELECT SUM(k) FROM sbtest3 WHERE id BETWEEN 2370653 AND 2371652
	Aggregate  (cost=3678.09..3678.10 rows=1 width=8)
	  ->  Bitmap Heap Scan on sbtest3  (cost=22.18..3675.71 rows=951 width=4)
	        Recheck Cond: ((id >= 2370653) AND (id <= 2371652))
	        ->  Bitmap Index Scan on sbtest3_pkey  (cost=0.00..21.94 rows=951 width=0)
	              Index Cond: ((id >= 2370653) AND (id <= 2371652))

table 4 : explain SELECT SUM(k) FROM sbtest4 WHERE id BETWEEN 9151970 AND 9152969
	Aggregate  (cost=3923.09..3923.10 rows=1 width=8)
	  ->  Bitmap Heap Scan on sbtest4  (cost=22.85..3920.55 rows=1016 width=4)
	        Recheck Cond: ((id >= 9151970) AND (id <= 9152969))
	        ->  Bitmap Index Scan on sbtest4_pkey  (cost=0.00..22.59 rows=1016 width=0)
	              Index Cond: ((id >= 9151970) AND (id <= 9152969))

table 5 : explain SELECT SUM(k) FROM sbtest5 WHERE id BETWEEN 4659414 AND 4660413
	Aggregate  (cost=3785.00..3785.01 rows=1 width=8)
	  ->  Bitmap Heap Scan on sbtest5  (cost=22.47..3782.55 rows=979 width=4)
	        Recheck Cond: ((id >= 4659414) AND (id <= 4660413))
	        ->  Bitmap Index Scan on sbtest5_pkey  (cost=0.00..22.22 rows=979 width=0)
	              Index Cond: ((id >= 4659414) AND (id <= 4660413))

table 6 : explain SELECT SUM(k) FROM sbtest6 WHERE id BETWEEN 5456102 AND 5457101
	Aggregate  (cost=3791.65..3791.66 rows=1 width=8)
	  ->  Bitmap Heap Scan on sbtest6  (cost=22.49..3789.20 rows=981 width=4)
	        Recheck Cond: ((id >= 5456102) AND (id <= 5457101))
	        ->  Bitmap Index Scan on sbtest6_pkey  (cost=0.00..22.25 rows=981 width=0)
	              Index Cond: ((id >= 5456102) AND (id <= 5457101))

table 7 : explain SELECT SUM(k) FROM sbtest7 WHERE id BETWEEN 128378 AND 129377
	Aggregate  (cost=3860.63..3860.64 rows=1 width=8)
	  ->  Bitmap Heap Scan on sbtest7  (cost=22.67..3858.13 rows=999 width=4)
	        Recheck Cond: ((id >= 128378) AND (id <= 129377))
	        ->  Bitmap Index Scan on sbtest7_pkey  (cost=0.00..22.43 rows=999 width=0)
	              Index Cond: ((id >= 128378) AND (id <= 129377))

table 8 : explain SELECT SUM(k) FROM sbtest8 WHERE id BETWEEN 3416161 AND 3417160
	Aggregate  (cost=3928.34..3928.35 rows=1 width=8)
	  ->  Bitmap Heap Scan on sbtest8  (cost=22.86..3925.80 rows=1017 width=4)
	        Recheck Cond: ((id >= 3416161) AND (id <= 3417160))
	        ->  Bitmap Index Scan on sbtest8_pkey  (cost=0.00..22.61 rows=1017 width=0)
	              Index Cond: ((id >= 3416161) AND (id <= 3417160))

for: order_ranges
table 1 : explain SELECT c FROM sbtest1 WHERE id BETWEEN 2994825 AND 2995824 ORDER BY c
	Sort  (cost=3895.06..3897.55 rows=996 width=121)
	  Sort Key: c
	  ->  Bitmap Heap Scan on sbtest1  (cost=22.64..3845.46 rows=996 width=121)
	        Recheck Cond: ((id >= 2994825) AND (id <= 2995824))
	        ->  Bitmap Index Scan on sbtest1_pkey  (cost=0.00..22.39 rows=996 width=0)
	              Index Cond: ((id >= 2994825) AND (id <= 2995824))

table 2 : explain SELECT c FROM sbtest2 WHERE id BETWEEN 3194311 AND 3195310 ORDER BY c
	Sort  (cost=3891.00..3893.48 rows=995 width=121)
	  Sort Key: c
	  ->  Bitmap Heap Scan on sbtest2  (cost=22.63..3841.45 rows=995 width=121)
	        Recheck Cond: ((id >= 3194311) AND (id <= 3195310))
	        ->  Bitmap Index Scan on sbtest2_pkey  (cost=0.00..22.39 rows=995 width=0)
	              Index Cond: ((id >= 3194311) AND (id <= 3195310))

table 3 : explain SELECT c FROM sbtest3 WHERE id BETWEEN 1357081 AND 1358080 ORDER BY c
	Sort  (cost=3795.47..3797.89 rows=970 width=121)
	  Sort Key: c
	  ->  Bitmap Heap Scan on sbtest3  (cost=22.38..3747.35 rows=970 width=121)
	        Recheck Cond: ((id >= 1357081) AND (id <= 1358080))
	        ->  Bitmap Index Scan on sbtest3_pkey  (cost=0.00..22.14 rows=970 width=0)
	              Index Cond: ((id >= 1357081) AND (id <= 1358080))

table 4 : explain SELECT c FROM sbtest4 WHERE id BETWEEN 6452002 AND 6453001 ORDER BY c
	Sort  (cost=4230.77..4233.48 rows=1084 width=121)
	  Sort Key: c
	  ->  Bitmap Heap Scan on sbtest4  (cost=23.55..4176.13 rows=1084 width=121)
	        Recheck Cond: ((id >= 6452002) AND (id <= 6453001))
	        ->  Bitmap Index Scan on sbtest4_pkey  (cost=0.00..23.27 rows=1084 width=0)
	              Index Cond: ((id >= 6452002) AND (id <= 6453001))

table 5 : explain SELECT c FROM sbtest5 WHERE id BETWEEN 9872443 AND 9873442 ORDER BY c
	Sort  (cost=3639.70..3642.02 rows=929 width=121)
	  Sort Key: c
	  ->  Bitmap Heap Scan on sbtest5  (cost=21.96..3593.90 rows=929 width=121)
	        Recheck Cond: ((id >= 9872443) AND (id <= 9873442))
	        ->  Bitmap Index Scan on sbtest5_pkey  (cost=0.00..21.72 rows=929 width=0)
	              Index Cond: ((id >= 9872443) AND (id <= 9873442))

table 6 : explain SELECT c FROM sbtest6 WHERE id BETWEEN 5422817 AND 5423816 ORDER BY c
	Sort  (cost=3837.95..3840.40 rows=981 width=121)
	  Sort Key: c
	  ->  Bitmap Heap Scan on sbtest6  (cost=22.49..3789.20 rows=981 width=121)
	        Recheck Cond: ((id >= 5422817) AND (id <= 5423816))
	        ->  Bitmap Index Scan on sbtest6_pkey  (cost=0.00..22.25 rows=981 width=0)
	              Index Cond: ((id >= 5422817) AND (id <= 5423816))

table 7 : explain SELECT c FROM sbtest7 WHERE id BETWEEN 7149614 AND 7150613 ORDER BY c
	Sort  (cost=3915.56..3918.06 rows=1001 width=121)
	  Sort Key: c
	  ->  Bitmap Heap Scan on sbtest7  (cost=22.70..3865.67 rows=1001 width=121)
	        Recheck Cond: ((id >= 7149614) AND (id <= 7150613))
	        ->  Bitmap Index Scan on sbtest7_pkey  (cost=0.00..22.44 rows=1001 width=0)
	              Index Cond: ((id >= 7149614) AND (id <= 7150613))

table 8 : explain SELECT c FROM sbtest8 WHERE id BETWEEN 8299878 AND 8300877 ORDER BY c
	Sort  (cost=3865.71..3868.18 rows=988 width=121)
	  Sort Key: c
	  ->  Bitmap Heap Scan on sbtest8  (cost=22.56..3816.56 rows=988 width=121)
	        Recheck Cond: ((id >= 8299878) AND (id <= 8300877))
	        ->  Bitmap Index Scan on sbtest8_pkey  (cost=0.00..22.32 rows=988 width=0)
	              Index Cond: ((id >= 8299878) AND (id <= 8300877))

for: order_ranges
table 1 : explain SELECT c FROM sbtest1 WHERE id BETWEEN 6783867 AND 6784866 ORDER BY c
	Sort  (cost=3485.31..3487.53 rows=889 width=121)
	  Sort Key: c
	  ->  Bitmap Heap Scan on sbtest1  (cost=21.55..3441.77 rows=889 width=121)
	        Recheck Cond: ((id >= 6783867) AND (id <= 6784866))
	        ->  Bitmap Index Scan on sbtest1_pkey  (cost=0.00..21.32 rows=889 width=0)
	              Index Cond: ((id >= 6783867) AND (id <= 6784866))

table 2 : explain SELECT c FROM sbtest2 WHERE id BETWEEN 5001780 AND 5002779 ORDER BY c
	Sort  (cost=3913.93..3916.43 rows=1001 width=121)
	  Sort Key: c
	  ->  Bitmap Heap Scan on sbtest2  (cost=22.70..3864.04 rows=1001 width=121)
	        Recheck Cond: ((id >= 5001780) AND (id <= 5002779))
	        ->  Bitmap Index Scan on sbtest2_pkey  (cost=0.00..22.44 rows=1001 width=0)
	              Index Cond: ((id >= 5001780) AND (id <= 5002779))

table 3 : explain SELECT c FROM sbtest3 WHERE id BETWEEN 8041417 AND 8042416 ORDER BY c
	Sort  (cost=4150.73..4153.39 rows=1063 width=121)
	  Sort Key: c
	  ->  Bitmap Heap Scan on sbtest3  (cost=23.33..4097.30 rows=1063 width=121)
	        Recheck Cond: ((id >= 8041417) AND (id <= 8042416))
	        ->  Bitmap Index Scan on sbtest3_pkey  (cost=0.00..23.07 rows=1063 width=0)
	              Index Cond: ((id >= 8041417) AND (id <= 8042416))

table 4 : explain SELECT c FROM sbtest4 WHERE id BETWEEN 6813905 AND 6814904 ORDER BY c
	Sort  (cost=4120.18..4122.81 rows=1055 width=121)
	  Sort Key: c
	  ->  Bitmap Heap Scan on sbtest4  (cost=23.25..4067.20 rows=1055 width=121)
	        Recheck Cond: ((id >= 6813905) AND (id <= 6814904))
	        ->  Bitmap Index Scan on sbtest4_pkey  (cost=0.00..22.98 rows=1055 width=0)
	              Index Cond: ((id >= 6813905) AND (id <= 6814904))

table 5 : explain SELECT c FROM sbtest5 WHERE id BETWEEN 8166534 AND 8167533 ORDER BY c
	Sort  (cost=3965.04..3967.57 rows=1014 width=121)
	  Sort Key: c
	  ->  Bitmap Heap Scan on sbtest5  (cost=22.83..3914.41 rows=1014 width=121)
	        Recheck Cond: ((id >= 8166534) AND (id <= 8167533))
	        ->  Bitmap Index Scan on sbtest5_pkey  (cost=0.00..22.57 rows=1014 width=0)
	              Index Cond: ((id >= 8166534) AND (id <= 8167533))

table 6 : explain SELECT c FROM sbtest6 WHERE id BETWEEN 3519453 AND 3520452 ORDER BY c
	Sort  (cost=4025.22..4027.80 rows=1030 width=121)
	  Sort Key: c
	  ->  Bitmap Heap Scan on sbtest6  (cost=22.99..3973.68 rows=1030 width=121)
	        Recheck Cond: ((id >= 3519453) AND (id <= 3520452))
	        ->  Bitmap Index Scan on sbtest6_pkey  (cost=0.00..22.73 rows=1030 width=0)
	              Index Cond: ((id >= 3519453) AND (id <= 3520452))

table 7 : explain SELECT c FROM sbtest7 WHERE id BETWEEN 6866541 AND 6867540 ORDER BY c
	Sort  (cost=3728.02..3730.40 rows=952 width=121)
	  Sort Key: c
	  ->  Bitmap Heap Scan on sbtest7  (cost=22.19..3680.92 rows=952 width=121)
	        Recheck Cond: ((id >= 6866541) AND (id <= 6867540))
	        ->  Bitmap Index Scan on sbtest7_pkey  (cost=0.00..21.95 rows=952 width=0)
	              Index Cond: ((id >= 6866541) AND (id <= 6867540))

table 8 : explain SELECT c FROM sbtest8 WHERE id BETWEEN 4982433 AND 4983432 ORDER BY c
	Sort  (cost=4049.20..4051.79 rows=1036 width=121)
	  Sort Key: c
	  ->  Bitmap Heap Scan on sbtest8  (cost=23.05..3997.31 rows=1036 width=121)
	        Recheck Cond: ((id >= 4982433) AND (id <= 4983432))
	        ->  Bitmap Index Scan on sbtest8_pkey  (cost=0.00..22.79 rows=1036 width=0)
	              Index Cond: ((id >= 4982433) AND (id <= 4983432))

for: distinct_ranges
table 1 : explain SELECT DISTINCT c FROM sbtest1 WHERE id BETWEEN 2480600 AND 2481599 ORDER BY c
	Unique  (cost=3910.35..3915.35 rows=1000 width=121)
	  ->  Sort  (cost=3910.35..3912.85 rows=1000 width=121)
	        Sort Key: c
	        ->  Bitmap Heap Scan on sbtest1  (cost=22.68..3860.53 rows=1000 width=121)
	              Recheck Cond: ((id >= 2480600) AND (id <= 2481599))
	              ->  Bitmap Index Scan on sbtest1_pkey  (cost=0.00..22.43 rows=1000 width=0)
	                    Index Cond: ((id >= 2480600) AND (id <= 2481599))

table 2 : explain SELECT DISTINCT c FROM sbtest2 WHERE id BETWEEN 5242957 AND 5243956 ORDER BY c
	Unique  (cost=3975.06..3980.15 rows=1017 width=121)
	  ->  Sort  (cost=3975.06..3977.61 rows=1017 width=121)
	        Sort Key: c
	        ->  Bitmap Heap Scan on sbtest2  (cost=22.86..3924.26 rows=1017 width=121)
	              Recheck Cond: ((id >= 5242957) AND (id <= 5243956))
	              ->  Bitmap Index Scan on sbtest2_pkey  (cost=0.00..22.61 rows=1017 width=0)
	                    Index Cond: ((id >= 5242957) AND (id <= 5243956))

table 3 : explain SELECT DISTINCT c FROM sbtest3 WHERE id BETWEEN 5381073 AND 5382072 ORDER BY c
	Unique  (cost=3734.24..3739.01 rows=954 width=121)
	  ->  Sort  (cost=3734.24..3736.63 rows=954 width=121)
	        Sort Key: c
	        ->  Bitmap Heap Scan on sbtest3  (cost=22.21..3687.03 rows=954 width=121)
	              Recheck Cond: ((id >= 5381073) AND (id <= 5382072))
	              ->  Bitmap Index Scan on sbtest3_pkey  (cost=0.00..21.97 rows=954 width=0)
	                    Index Cond: ((id >= 5381073) AND (id <= 5382072))

table 4 : explain SELECT DISTINCT c FROM sbtest4 WHERE id BETWEEN 4059895 AND 4060894 ORDER BY c
	Unique  (cost=3891.04..3896.02 rows=995 width=121)
	  ->  Sort  (cost=3891.04..3893.53 rows=995 width=121)
	        Sort Key: c
	        ->  Bitmap Heap Scan on sbtest4  (cost=22.63..3841.50 rows=995 width=121)
	              Recheck Cond: ((id >= 4059895) AND (id <= 4060894))
	              ->  Bitmap Index Scan on sbtest4_pkey  (cost=0.00..22.39 rows=995 width=0)
	                    Index Cond: ((id >= 4059895) AND (id <= 4060894))

table 5 : explain SELECT DISTINCT c FROM sbtest5 WHERE id BETWEEN 4261728 AND 4262727 ORDER BY c
	Unique  (cost=3712.50..3717.24 rows=948 width=121)
	  ->  Sort  (cost=3712.50..3714.87 rows=948 width=121)
	        Sort Key: c
	        ->  Bitmap Heap Scan on sbtest5  (cost=22.15..3665.63 rows=948 width=121)
	              Recheck Cond: ((id >= 4261728) AND (id <= 4262727))
	              ->  Bitmap Index Scan on sbtest5_pkey  (cost=0.00..21.91 rows=948 width=0)
	                    Index Cond: ((id >= 4261728) AND (id <= 4262727))

table 6 : explain SELECT DISTINCT c FROM sbtest6 WHERE id BETWEEN 8467544 AND 8468543 ORDER BY c
	Unique  (cost=3807.34..3812.21 rows=973 width=121)
	  ->  Sort  (cost=3807.34..3809.77 rows=973 width=121)
	        Sort Key: c
	        ->  Bitmap Heap Scan on sbtest6  (cost=22.41..3759.05 rows=973 width=121)
	              Recheck Cond: ((id >= 8467544) AND (id <= 8468543))
	              ->  Bitmap Index Scan on sbtest6_pkey  (cost=0.00..22.16 rows=973 width=0)
	                    Index Cond: ((id >= 8467544) AND (id <= 8468543))

table 7 : explain SELECT DISTINCT c FROM sbtest7 WHERE id BETWEEN 6787398 AND 6788397 ORDER BY c
	Unique  (cost=3881.13..3886.09 rows=992 width=121)
	  ->  Sort  (cost=3881.13..3883.61 rows=992 width=121)
	        Sort Key: c
	        ->  Bitmap Heap Scan on sbtest7  (cost=22.60..3831.76 rows=992 width=121)
	              Recheck Cond: ((id >= 6787398) AND (id <= 6788397))
	              ->  Bitmap Index Scan on sbtest7_pkey  (cost=0.00..22.36 rows=992 width=0)
	                    Index Cond: ((id >= 6787398) AND (id <= 6788397))

table 8 : explain SELECT DISTINCT c FROM sbtest8 WHERE id BETWEEN 6483327 AND 6484326 ORDER BY c
	Unique  (cost=4014.82..4019.95 rows=1027 width=121)
	  ->  Sort  (cost=4014.82..4017.38 rows=1027 width=121)
	        Sort Key: c
	        ->  Bitmap Heap Scan on sbtest8  (cost=22.96..3963.44 rows=1027 width=121)
	              Recheck Cond: ((id >= 6483327) AND (id <= 6484326))
	              ->  Bitmap Index Scan on sbtest8_pkey  (cost=0.00..22.70 rows=1027 width=0)
	                    Index Cond: ((id >= 6483327) AND (id <= 6484326))

for: distinct_ranges
table 1 : explain SELECT DISTINCT c FROM sbtest1 WHERE id BETWEEN 1701821 AND 1702820 ORDER BY c
	Unique  (cost=3822.41..3827.29 rows=977 width=121)
	  ->  Sort  (cost=3822.41..3824.85 rows=977 width=121)
	        Sort Key: c
	        ->  Bitmap Heap Scan on sbtest1  (cost=22.45..3773.89 rows=977 width=121)
	              Recheck Cond: ((id >= 1701821) AND (id <= 1702820))
	              ->  Bitmap Index Scan on sbtest1_pkey  (cost=0.00..22.20 rows=977 width=0)
	                    Index Cond: ((id >= 1701821) AND (id <= 1702820))

table 2 : explain SELECT DISTINCT c FROM sbtest2 WHERE id BETWEEN 8914077 AND 8915076 ORDER BY c
	Unique  (cost=4291.97..4297.47 rows=1100 width=121)
	  ->  Sort  (cost=4291.97..4294.72 rows=1100 width=121)
	        Sort Key: c
	        ->  Bitmap Heap Scan on sbtest2  (cost=27.71..4236.40 rows=1100 width=121)
	              Recheck Cond: ((id >= 8914077) AND (id <= 8915076))
	              ->  Bitmap Index Scan on sbtest2_pkey  (cost=0.00..27.43 rows=1100 width=0)
	                    Index Cond: ((id >= 8914077) AND (id <= 8915076))

table 3 : explain SELECT DISTINCT c FROM sbtest3 WHERE id BETWEEN 7430956 AND 7431955 ORDER BY c
	Unique  (cost=3875.78..3880.74 rows=991 width=121)
	  ->  Sort  (cost=3875.78..3878.26 rows=991 width=121)
	        Sort Key: c
	        ->  Bitmap Heap Scan on sbtest3  (cost=22.59..3826.47 rows=991 width=121)
	              Recheck Cond: ((id >= 7430956) AND (id <= 7431955))
	              ->  Bitmap Index Scan on sbtest3_pkey  (cost=0.00..22.34 rows=991 width=0)
	                    Index Cond: ((id >= 7430956) AND (id <= 7431955))

table 4 : explain SELECT DISTINCT c FROM sbtest4 WHERE id BETWEEN 4440530 AND 4441529 ORDER BY c
	Unique  (cost=4204.09..4209.47 rows=1077 width=121)
	  ->  Sort  (cost=4204.09..4206.78 rows=1077 width=121)
	        Sort Key: c
	        ->  Bitmap Heap Scan on sbtest4  (cost=23.47..4149.84 rows=1077 width=121)
	              Recheck Cond: ((id >= 4440530) AND (id <= 4441529))
	              ->  Bitmap Index Scan on sbtest4_pkey  (cost=0.00..23.20 rows=1077 width=0)
	                    Index Cond: ((id >= 4440530) AND (id <= 4441529))

table 5 : explain SELECT DISTINCT c FROM sbtest5 WHERE id BETWEEN 3981200 AND 3982199 ORDER BY c
	Unique  (cost=3900.04..3905.03 rows=997 width=121)
	  ->  Sort  (cost=3900.04..3902.53 rows=997 width=121)
	        Sort Key: c
	        ->  Bitmap Heap Scan on sbtest5  (cost=22.65..3850.38 rows=997 width=121)
	              Recheck Cond: ((id >= 3981200) AND (id <= 3982199))
	              ->  Bitmap Index Scan on sbtest5_pkey  (cost=0.00..22.40 rows=997 width=0)
	                    Index Cond: ((id >= 3981200) AND (id <= 3982199))

table 6 : explain SELECT DISTINCT c FROM sbtest6 WHERE id BETWEEN 6938786 AND 6939785 ORDER BY c
	Unique  (cost=3841.77..3846.68 rows=982 width=121)
	  ->  Sort  (cost=3841.77..3844.23 rows=982 width=121)
	        Sort Key: c
	        ->  Bitmap Heap Scan on sbtest6  (cost=22.50..3792.97 rows=982 width=121)
	              Recheck Cond: ((id >= 6938786) AND (id <= 6939785))
	              ->  Bitmap Index Scan on sbtest6_pkey  (cost=0.00..22.25 rows=982 width=0)
	                    Index Cond: ((id >= 6938786) AND (id <= 6939785))

table 7 : explain SELECT DISTINCT c FROM sbtest7 WHERE id BETWEEN 3363947 AND 3364946 ORDER BY c
	Unique  (cost=4190.59..4195.95 rows=1073 width=121)
	  ->  Sort  (cost=4190.59..4193.27 rows=1073 width=121)
	        Sort Key: c
	        ->  Bitmap Heap Scan on sbtest7  (cost=23.43..4136.58 rows=1073 width=121)
	              Recheck Cond: ((id >= 3363947) AND (id <= 3364946))
	              ->  Bitmap Index Scan on sbtest7_pkey  (cost=0.00..23.16 rows=1073 width=0)
	                    Index Cond: ((id >= 3363947) AND (id <= 3364946))

table 8 : explain SELECT DISTINCT c FROM sbtest8 WHERE id BETWEEN 8561229 AND 8562228 ORDER BY c
	Unique  (cost=4324.19..4329.73 rows=1108 width=121)
	  ->  Sort  (cost=4324.19..4326.96 rows=1108 width=121)
	        Sort Key: c
	        ->  Bitmap Heap Scan on sbtest8  (cost=27.79..4268.16 rows=1108 width=121)
	              Recheck Cond: ((id >= 8561229) AND (id <= 8562228))
	              ->  Bitmap Index Scan on sbtest8_pkey  (cost=0.00..27.51 rows=1108 width=0)
	                    Index Cond: ((id >= 8561229) AND (id <= 8562228))

for: distinct_ranges
table 1 : explain SELECT DISTINCT c FROM sbtest1 WHERE id BETWEEN 9325903 AND 9326902 ORDER BY c
	Unique  (cost=3787.98..3792.82 rows=968 width=121)
	  ->  Sort  (cost=3787.98..3790.40 rows=968 width=121)
	        Sort Key: c
	        ->  Bitmap Heap Scan on sbtest1  (cost=22.36..3739.97 rows=968 width=121)
	              Recheck Cond: ((id >= 9325903) AND (id <= 9326902))
	              ->  Bitmap Index Scan on sbtest1_pkey  (cost=0.00..22.11 rows=968 width=0)
	                    Index Cond: ((id >= 9325903) AND (id <= 9326902))

table 2 : explain SELECT DISTINCT c FROM sbtest2 WHERE id BETWEEN 8292800 AND 8293799 ORDER BY c
	Unique  (cost=4150.65..4155.96 rows=1063 width=121)
	  ->  Sort  (cost=4150.65..4153.30 rows=1063 width=121)
	        Sort Key: c
	        ->  Bitmap Heap Scan on sbtest2  (cost=23.33..4097.21 rows=1063 width=121)
	              Recheck Cond: ((id >= 8292800) AND (id <= 8293799))
	              ->  Bitmap Index Scan on sbtest2_pkey  (cost=0.00..23.07 rows=1063 width=0)
	                    Index Cond: ((id >= 8292800) AND (id <= 8293799))

table 3 : explain SELECT DISTINCT c FROM sbtest3 WHERE id BETWEEN 2422520 AND 2423519 ORDER BY c
	Unique  (cost=4173.62..4178.96 rows=1069 width=121)
	  ->  Sort  (cost=4173.62..4176.29 rows=1069 width=121)
	        Sort Key: c
	        ->  Bitmap Heap Scan on sbtest3  (cost=23.39..4119.83 rows=1069 width=121)
	              Recheck Cond: ((id >= 2422520) AND (id <= 2423519))
	              ->  Bitmap Index Scan on sbtest3_pkey  (cost=0.00..23.12 rows=1069 width=0)
	                    Index Cond: ((id >= 2422520) AND (id <= 2423519))

table 4 : explain SELECT DISTINCT c FROM sbtest4 WHERE id BETWEEN 9231263 AND 9232262 ORDER BY c
	Unique  (cost=3642.31..3646.96 rows=930 width=121)
	  ->  Sort  (cost=3642.31..3644.63 rows=930 width=121)
	        Sort Key: c
	        ->  Bitmap Heap Scan on sbtest4  (cost=21.97..3596.45 rows=930 width=121)
	              Recheck Cond: ((id >= 9231263) AND (id <= 9232262))
	              ->  Bitmap Index Scan on sbtest4_pkey  (cost=0.00..21.73 rows=930 width=0)
	                    Index Cond: ((id >= 9231263) AND (id <= 9232262))

table 5 : explain SELECT DISTINCT c FROM sbtest5 WHERE id BETWEEN 1644847 AND 1645846 ORDER BY c
	Unique  (cost=4014.72..4019.85 rows=1027 width=121)
	  ->  Sort  (cost=4014.72..4017.29 rows=1027 width=121)
	        Sort Key: c
	        ->  Bitmap Heap Scan on sbtest5  (cost=22.96..3963.35 rows=1027 width=121)
	              Recheck Cond: ((id >= 1644847) AND (id <= 1645846))
	              ->  Bitmap Index Scan on sbtest5_pkey  (cost=0.00..22.70 rows=1027 width=0)
	                    Index Cond: ((id >= 1644847) AND (id <= 1645846))

table 6 : explain SELECT DISTINCT c FROM sbtest6 WHERE id BETWEEN 3173354 AND 3174353 ORDER BY c
	Unique  (cost=4055.77..4060.96 rows=1038 width=121)
	  ->  Sort  (cost=4055.77..4058.37 rows=1038 width=121)
	        Sort Key: c
	        ->  Bitmap Heap Scan on sbtest6  (cost=23.07..4003.77 rows=1038 width=121)
	              Recheck Cond: ((id >= 3173354) AND (id <= 3174353))
	              ->  Bitmap Index Scan on sbtest6_pkey  (cost=0.00..22.82 rows=1038 width=0)
	                    Index Cond: ((id >= 3173354) AND (id <= 3174353))

table 7 : explain SELECT DISTINCT c FROM sbtest7 WHERE id BETWEEN 5584121 AND 5585120 ORDER BY c
	Unique  (cost=4133.34..4138.63 rows=1058 width=121)
	  ->  Sort  (cost=4133.34..4135.99 rows=1058 width=121)
	        Sort Key: c
	        ->  Bitmap Heap Scan on sbtest7  (cost=23.28..4080.19 rows=1058 width=121)
	              Recheck Cond: ((id >= 5584121) AND (id <= 5585120))
	              ->  Bitmap Index Scan on sbtest7_pkey  (cost=0.00..23.01 rows=1058 width=0)
	                    Index Cond: ((id >= 5584121) AND (id <= 5585120))

table 8 : explain SELECT DISTINCT c FROM sbtest8 WHERE id BETWEEN 502463 AND 503462 ORDER BY c
	Unique  (cost=4087.39..4092.62 rows=1046 width=121)
	  ->  Sort  (cost=4087.39..4090.01 rows=1046 width=121)
	        Sort Key: c
	        ->  Bitmap Heap Scan on sbtest8  (cost=23.16..4034.93 rows=1046 width=121)
	              Recheck Cond: ((id >= 502463) AND (id <= 503462))
	              ->  Bitmap Index Scan on sbtest8_pkey  (cost=0.00..22.89 rows=1046 width=0)
	                    Index Cond: ((id >= 502463) AND (id <= 503462))

for: distinct_ranges
table 1 : explain SELECT DISTINCT c FROM sbtest1 WHERE id BETWEEN 9668796 AND 9669795 ORDER BY c
	Unique  (cost=3791.80..3796.65 rows=969 width=121)
	  ->  Sort  (cost=3791.80..3794.23 rows=969 width=121)
	        Sort Key: c
	        ->  Bitmap Heap Scan on sbtest1  (cost=22.37..3743.74 rows=969 width=121)
	              Recheck Cond: ((id >= 9668796) AND (id <= 9669795))
	              ->  Bitmap Index Scan on sbtest1_pkey  (cost=0.00..22.12 rows=969 width=0)
	                    Index Cond: ((id >= 9668796) AND (id <= 9669795))

table 2 : explain SELECT DISTINCT c FROM sbtest2 WHERE id BETWEEN 3466582 AND 3467581 ORDER BY c
	Unique  (cost=4253.59..4259.04 rows=1090 width=121)
	  ->  Sort  (cost=4253.59..4256.31 rows=1090 width=121)
	        Sort Key: c
	        ->  Bitmap Heap Scan on sbtest2  (cost=23.61..4198.60 rows=1090 width=121)
	              Recheck Cond: ((id >= 3466582) AND (id <= 3467581))
	              ->  Bitmap Index Scan on sbtest2_pkey  (cost=0.00..23.33 rows=1090 width=0)
	                    Index Cond: ((id >= 3466582) AND (id <= 3467581))

table 3 : explain SELECT DISTINCT c FROM sbtest3 WHERE id BETWEEN 7694020 AND 7695019 ORDER BY c
	Unique  (cost=3650.00..3654.66 rows=932 width=121)
	  ->  Sort  (cost=3650.00..3652.33 rows=932 width=121)
	        Sort Key: c
	        ->  Bitmap Heap Scan on sbtest3  (cost=21.99..3604.03 rows=932 width=121)
	              Recheck Cond: ((id >= 7694020) AND (id <= 7695019))
	              ->  Bitmap Index Scan on sbtest3_pkey  (cost=0.00..21.75 rows=932 width=0)
	                    Index Cond: ((id >= 7694020) AND (id <= 7695019))

table 4 : explain SELECT DISTINCT c FROM sbtest4 WHERE id BETWEEN 525445 AND 526444 ORDER BY c
	Unique  (cost=3661.46..3666.14 rows=935 width=121)
	  ->  Sort  (cost=3661.46..3663.80 rows=935 width=121)
	        Sort Key: c
	        ->  Bitmap Heap Scan on sbtest4  (cost=22.02..3615.32 rows=935 width=121)
	              Recheck Cond: ((id >= 525445) AND (id <= 526444))
	              ->  Bitmap Index Scan on sbtest4_pkey  (cost=0.00..21.79 rows=935 width=0)
	                    Index Cond: ((id >= 525445) AND (id <= 526444))

table 5 : explain SELECT DISTINCT c FROM sbtest5 WHERE id BETWEEN 2388123 AND 2389122 ORDER BY c
	Unique  (cost=3586.02..3590.60 rows=915 width=121)
	  ->  Sort  (cost=3586.02..3588.31 rows=915 width=121)
	        Sort Key: c
	        ->  Bitmap Heap Scan on sbtest5  (cost=21.81..3541.02 rows=915 width=121)
	              Recheck Cond: ((id >= 2388123) AND (id <= 2389122))
	              ->  Bitmap Index Scan on sbtest5_pkey  (cost=0.00..21.58 rows=915 width=0)
	                    Index Cond: ((id >= 2388123) AND (id <= 2389122))

table 6 : explain SELECT DISTINCT c FROM sbtest6 WHERE id BETWEEN 2071481 AND 2072480 ORDER BY c
	Unique  (cost=3883.84..3888.80 rows=993 width=121)
	  ->  Sort  (cost=3883.84..3886.32 rows=993 width=121)
	        Sort Key: c
	        ->  Bitmap Heap Scan on sbtest6  (cost=22.61..3834.41 rows=993 width=121)
	              Recheck Cond: ((id >= 2071481) AND (id <= 2072480))
	              ->  Bitmap Index Scan on sbtest6_pkey  (cost=0.00..22.36 rows=993 width=0)
	                    Index Cond: ((id >= 2071481) AND (id <= 2072480))

table 7 : explain SELECT DISTINCT c FROM sbtest7 WHERE id BETWEEN 9016523 AND 9017522 ORDER BY c
	Unique  (cost=4072.25..4077.46 rows=1042 width=121)
	  ->  Sort  (cost=4072.25..4074.85 rows=1042 width=121)
	        Sort Key: c
	        ->  Bitmap Heap Scan on sbtest7  (cost=23.12..4020.02 rows=1042 width=121)
	              Recheck Cond: ((id >= 9016523) AND (id <= 9017522))
	              ->  Bitmap Index Scan on sbtest7_pkey  (cost=0.00..22.86 rows=1042 width=0)
	                    Index Cond: ((id >= 9016523) AND (id <= 9017522))

table 8 : explain SELECT DISTINCT c FROM sbtest8 WHERE id BETWEEN 2540103 AND 2541102 ORDER BY c
	Unique  (cost=3804.48..3809.34 rows=972 width=121)
	  ->  Sort  (cost=3804.48..3806.91 rows=972 width=121)
	        Sort Key: c
	        ->  Bitmap Heap Scan on sbtest8  (cost=22.40..3756.25 rows=972 width=121)
	              Recheck Cond: ((id >= 2540103) AND (id <= 2541102))
	              ->  Bitmap Index Scan on sbtest8_pkey  (cost=0.00..22.15 rows=972 width=0)
	                    Index Cond: ((id >= 2540103) AND (id <= 2541102))

for: distinct_ranges
table 1 : explain SELECT DISTINCT c FROM sbtest1 WHERE id BETWEEN 5675544 AND 5676543 ORDER BY c
	Unique  (cost=3960.03..3965.10 rows=1013 width=121)
	  ->  Sort  (cost=3960.03..3962.57 rows=1013 width=121)
	        Sort Key: c
	        ->  Bitmap Heap Scan on sbtest1  (cost=22.82..3909.46 rows=1013 width=121)
	              Recheck Cond: ((id >= 5675544) AND (id <= 5676543))
	              ->  Bitmap Index Scan on sbtest1_pkey  (cost=0.00..22.57 rows=1013 width=0)
	                    Index Cond: ((id >= 5675544) AND (id <= 5676543))

table 2 : explain SELECT DISTINCT c FROM sbtest2 WHERE id BETWEEN 6036845 AND 6037844 ORDER BY c
	Unique  (cost=4101.05..4106.30 rows=1050 width=121)
	  ->  Sort  (cost=4101.05..4103.68 rows=1050 width=121)
	        Sort Key: c
	        ->  Bitmap Heap Scan on sbtest2  (cost=23.20..4048.36 rows=1050 width=121)
	              Recheck Cond: ((id >= 6036845) AND (id <= 6037844))
	              ->  Bitmap Index Scan on sbtest2_pkey  (cost=0.00..22.93 rows=1050 width=0)
	                    Index Cond: ((id >= 6036845) AND (id <= 6037844))

table 3 : explain SELECT DISTINCT c FROM sbtest3 WHERE id BETWEEN 5130625 AND 5131624 ORDER BY c
	Unique  (cost=3814.60..3819.47 rows=975 width=121)
	  ->  Sort  (cost=3814.60..3817.03 rows=975 width=121)
	        Sort Key: c
	        ->  Bitmap Heap Scan on sbtest3  (cost=22.43..3766.19 rows=975 width=121)
	              Recheck Cond: ((id >= 5130625) AND (id <= 5131624))
	              ->  Bitmap Index Scan on sbtest3_pkey  (cost=0.00..22.18 rows=975 width=0)
	                    Index Cond: ((id >= 5130625) AND (id <= 5131624))

table 4 : explain SELECT DISTINCT c FROM sbtest4 WHERE id BETWEEN 3040889 AND 3041888 ORDER BY c
	Unique  (cost=3910.15..3915.15 rows=1000 width=121)
	  ->  Sort  (cost=3910.15..3912.65 rows=1000 width=121)
	        Sort Key: c
	        ->  Bitmap Heap Scan on sbtest4  (cost=22.68..3860.32 rows=1000 width=121)
	              Recheck Cond: ((id >= 3040889) AND (id <= 3041888))
	              ->  Bitmap Index Scan on sbtest4_pkey  (cost=0.00..22.43 rows=1000 width=0)
	                    Index Cond: ((id >= 3040889) AND (id <= 3041888))

table 5 : explain SELECT DISTINCT c FROM sbtest5 WHERE id BETWEEN 7867724 AND 7868723 ORDER BY c
	Unique  (cost=4442.18..4447.87 rows=1139 width=121)
	  ->  Sort  (cost=4442.18..4445.02 rows=1139 width=121)
	        Sort Key: c
	        ->  Bitmap Heap Scan on sbtest5  (cost=28.11..4384.35 rows=1139 width=121)
	              Recheck Cond: ((id >= 7867724) AND (id <= 7868723))
	              ->  Bitmap Index Scan on sbtest5_pkey  (cost=0.00..27.82 rows=1139 width=0)
	                    Index Cond: ((id >= 7867724) AND (id <= 7868723))

table 6 : explain SELECT DISTINCT c FROM sbtest6 WHERE id BETWEEN 1705884 AND 1706883 ORDER BY c
	Unique  (cost=3830.30..3835.19 rows=979 width=121)
	  ->  Sort  (cost=3830.30..3832.74 rows=979 width=121)
	        Sort Key: c
	        ->  Bitmap Heap Scan on sbtest6  (cost=22.47..3781.66 rows=979 width=121)
	              Recheck Cond: ((id >= 1705884) AND (id <= 1706883))
	              ->  Bitmap Index Scan on sbtest6_pkey  (cost=0.00..22.22 rows=979 width=0)
	                    Index Cond: ((id >= 1705884) AND (id <= 1706883))

table 7 : explain SELECT DISTINCT c FROM sbtest7 WHERE id BETWEEN 9732373 AND 9733372 ORDER BY c
	Unique  (cost=4144.79..4150.10 rows=1061 width=121)
	  ->  Sort  (cost=4144.79..4147.44 rows=1061 width=121)
	        Sort Key: c
	        ->  Bitmap Heap Scan on sbtest7  (cost=23.31..4091.47 rows=1061 width=121)
	              Recheck Cond: ((id >= 9732373) AND (id <= 9733372))
	              ->  Bitmap Index Scan on sbtest7_pkey  (cost=0.00..23.04 rows=1061 width=0)
	                    Index Cond: ((id >= 9732373) AND (id <= 9733372))

table 8 : explain SELECT DISTINCT c FROM sbtest8 WHERE id BETWEEN 7487821 AND 7488820 ORDER BY c
	Unique  (cost=3551.59..3556.12 rows=906 width=121)
	  ->  Sort  (cost=3551.59..3553.85 rows=906 width=121)
	        Sort Key: c
	        ->  Bitmap Heap Scan on sbtest8  (cost=21.72..3507.09 rows=906 width=121)
	              Recheck Cond: ((id >= 7487821) AND (id <= 7488820))
	              ->  Bitmap Index Scan on sbtest8_pkey  (cost=0.00..21.50 rows=906 width=0)
	                    Index Cond: ((id >= 7487821) AND (id <= 7488820))

for: distinct_ranges
table 1 : explain SELECT DISTINCT c FROM sbtest1 WHERE id BETWEEN 4470027 AND 4471026 ORDER BY c
	Unique  (cost=3734.40..3739.17 rows=954 width=121)
	  ->  Sort  (cost=3734.40..3736.78 rows=954 width=121)
	        Sort Key: c
	        ->  Bitmap Heap Scan on sbtest1  (cost=22.21..3687.19 rows=954 width=121)
	              Recheck Cond: ((id >= 4470027) AND (id <= 4471026))
	              ->  Bitmap Index Scan on sbtest1_pkey  (cost=0.00..21.97 rows=954 width=0)
	                    Index Cond: ((id >= 4470027) AND (id <= 4471026))

table 2 : explain SELECT DISTINCT c FROM sbtest2 WHERE id BETWEEN 8108109 AND 8109108 ORDER BY c
	Unique  (cost=4345.30..4350.87 rows=1114 width=121)
	  ->  Sort  (cost=4345.30..4348.08 rows=1114 width=121)
	        Sort Key: c
	        ->  Bitmap Heap Scan on sbtest2  (cost=27.85..4288.92 rows=1114 width=121)
	              Recheck Cond: ((id >= 8108109) AND (id <= 8109108))
	              ->  Bitmap Index Scan on sbtest2_pkey  (cost=0.00..27.57 rows=1114 width=0)
	                    Index Cond: ((id >= 8108109) AND (id <= 8109108))

table 3 : explain SELECT DISTINCT c FROM sbtest3 WHERE id BETWEEN 4429656 AND 4430655 ORDER BY c
	Unique  (cost=3852.84..3857.77 rows=985 width=121)
	  ->  Sort  (cost=3852.84..3855.30 rows=985 width=121)
	        Sort Key: c
	        ->  Bitmap Heap Scan on sbtest3  (cost=22.53..3803.87 rows=985 width=121)
	              Recheck Cond: ((id >= 4429656) AND (id <= 4430655))
	              ->  Bitmap Index Scan on sbtest3_pkey  (cost=0.00..22.29 rows=985 width=0)
	                    Index Cond: ((id >= 4429656) AND (id <= 4430655))

table 4 : explain SELECT DISTINCT c FROM sbtest4 WHERE id BETWEEN 9824880 AND 9825879 ORDER BY c
	Unique  (cost=4001.85..4006.97 rows=1024 width=121)
	  ->  Sort  (cost=4001.85..4004.41 rows=1024 width=121)
	        Sort Key: c
	        ->  Bitmap Heap Scan on sbtest4  (cost=22.93..3950.65 rows=1024 width=121)
	              Recheck Cond: ((id >= 9824880) AND (id <= 9825879))
	              ->  Bitmap Index Scan on sbtest4_pkey  (cost=0.00..22.68 rows=1024 width=0)
	                    Index Cond: ((id >= 9824880) AND (id <= 9825879))

table 5 : explain SELECT DISTINCT c FROM sbtest5 WHERE id BETWEEN 5604463 AND 5605462 ORDER BY c
	Unique  (cost=3658.86..3663.53 rows=934 width=121)
	  ->  Sort  (cost=3658.86..3661.19 rows=934 width=121)
	        Sort Key: c
	        ->  Bitmap Heap Scan on sbtest5  (cost=22.01..3612.78 rows=934 width=121)
	              Recheck Cond: ((id >= 5604463) AND (id <= 5605462))
	              ->  Bitmap Index Scan on sbtest5_pkey  (cost=0.00..21.77 rows=934 width=0)
	                    Index Cond: ((id >= 5604463) AND (id <= 5605462))

table 6 : explain SELECT DISTINCT c FROM sbtest6 WHERE id BETWEEN 7505712 AND 7506711 ORDER BY c
	Unique  (cost=3979.39..3984.48 rows=1018 width=121)
	  ->  Sort  (cost=3979.39..3981.93 rows=1018 width=121)
	        Sort Key: c
	        ->  Bitmap Heap Scan on sbtest6  (cost=22.87..3928.53 rows=1018 width=121)
	              Recheck Cond: ((id >= 7505712) AND (id <= 7506711))
	              ->  Bitmap Index Scan on sbtest6_pkey  (cost=0.00..22.61 rows=1018 width=0)
	                    Index Cond: ((id >= 7505712) AND (id <= 7506711))

table 7 : explain SELECT DISTINCT c FROM sbtest7 WHERE id BETWEEN 770952 AND 771951 ORDER BY c
	Unique  (cost=4160.06..4165.38 rows=1065 width=121)
	  ->  Sort  (cost=4160.06..4162.72 rows=1065 width=121)
	        Sort Key: c
	        ->  Bitmap Heap Scan on sbtest7  (cost=23.35..4106.51 rows=1065 width=121)
	              Recheck Cond: ((id >= 770952) AND (id <= 771951))
	              ->  Bitmap Index Scan on sbtest7_pkey  (cost=0.00..23.08 rows=1065 width=0)
	                    Index Cond: ((id >= 770952) AND (id <= 771951))

table 8 : explain SELECT DISTINCT c FROM sbtest8 WHERE id BETWEEN 3032526 AND 3033525 ORDER BY c
	Unique  (cost=4366.11..4371.70 rows=1119 width=121)
	  ->  Sort  (cost=4366.11..4368.91 rows=1119 width=121)
	        Sort Key: c
	        ->  Bitmap Heap Scan on sbtest8  (cost=27.90..4309.44 rows=1119 width=121)
	              Recheck Cond: ((id >= 3032526) AND (id <= 3033525))
	              ->  Bitmap Index Scan on sbtest8_pkey  (cost=0.00..27.62 rows=1119 width=0)
	                    Index Cond: ((id >= 3032526) AND (id <= 3033525))

for: order_ranges
table 1 : explain SELECT c FROM sbtest1 WHERE id BETWEEN 901999 AND 902998 ORDER BY c
	Sort  (cost=3535.17..3537.42 rows=902 width=121)
	  Sort Key: c
	  ->  Bitmap Heap Scan on sbtest1  (cost=21.68..3490.90 rows=902 width=121)
	        Recheck Cond: ((id >= 901999) AND (id <= 902998))
	        ->  Bitmap Index Scan on sbtest1_pkey  (cost=0.00..21.45 rows=902 width=0)
	              Index Cond: ((id >= 901999) AND (id <= 902998))

table 2 : explain SELECT c FROM sbtest2 WHERE id BETWEEN 6244111 AND 6245110 ORDER BY c
	Sort  (cost=3875.71..3878.18 rows=991 width=121)
	  Sort Key: c
	  ->  Bitmap Heap Scan on sbtest2  (cost=22.59..3826.39 rows=991 width=121)
	        Recheck Cond: ((id >= 6244111) AND (id <= 6245110))
	        ->  Bitmap Index Scan on sbtest2_pkey  (cost=0.00..22.34 rows=991 width=0)
	              Index Cond: ((id >= 6244111) AND (id <= 6245110))

table 3 : explain SELECT c FROM sbtest3 WHERE id BETWEEN 9256028 AND 9257027 ORDER BY c
	Sort  (cost=3956.04..3958.57 rows=1012 width=121)
	  Sort Key: c
	  ->  Bitmap Heap Scan on sbtest3  (cost=22.81..3905.53 rows=1012 width=121)
	        Recheck Cond: ((id >= 9256028) AND (id <= 9257027))
	        ->  Bitmap Index Scan on sbtest3_pkey  (cost=0.00..22.55 rows=1012 width=0)
	              Index Cond: ((id >= 9256028) AND (id <= 9257027))

table 4 : explain SELECT c FROM sbtest4 WHERE id BETWEEN 9740204 AND 9741203 ORDER BY c
	Sort  (cost=3933.08..3935.60 rows=1006 width=121)
	  Sort Key: c
	  ->  Bitmap Heap Scan on sbtest4  (cost=22.75..3882.91 rows=1006 width=121)
	        Recheck Cond: ((id >= 9740204) AND (id <= 9741203))
	        ->  Bitmap Index Scan on sbtest4_pkey  (cost=0.00..22.50 rows=1006 width=0)
	              Index Cond: ((id >= 9740204) AND (id <= 9741203))

table 5 : explain SELECT c FROM sbtest5 WHERE id BETWEEN 5994347 AND 5995346 ORDER BY c
	Sort  (cost=3766.11..3768.52 rows=962 width=121)
	  Sort Key: c
	  ->  Bitmap Heap Scan on sbtest5  (cost=22.30..3718.45 rows=962 width=121)
	        Recheck Cond: ((id >= 5994347) AND (id <= 5995346))
	        ->  Bitmap Index Scan on sbtest5_pkey  (cost=0.00..22.05 rows=962 width=0)
	              Index Cond: ((id >= 5994347) AND (id <= 5995346))

table 6 : explain SELECT c FROM sbtest6 WHERE id BETWEEN 5864832 AND 5865831 ORDER BY c
	Sort  (cost=3929.71..3932.22 rows=1005 width=121)
	  Sort Key: c
	  ->  Bitmap Heap Scan on sbtest6  (cost=22.74..3879.60 rows=1005 width=121)
	        Recheck Cond: ((id >= 5864832) AND (id <= 5865831))
	        ->  Bitmap Index Scan on sbtest6_pkey  (cost=0.00..22.48 rows=1005 width=0)
	              Index Cond: ((id >= 5864832) AND (id <= 5865831))

table 7 : explain SELECT c FROM sbtest7 WHERE id BETWEEN 6523880 AND 6524879 ORDER BY c
	Sort  (cost=3708.87..3711.23 rows=947 width=121)
	  Sort Key: c
	  ->  Bitmap Heap Scan on sbtest7  (cost=22.14..3662.05 rows=947 width=121)
	        Recheck Cond: ((id >= 6523880) AND (id <= 6524879))
	        ->  Bitmap Index Scan on sbtest7_pkey  (cost=0.00..21.90 rows=947 width=0)
	              Index Cond: ((id >= 6523880) AND (id <= 6524879))

table 8 : explain SELECT c FROM sbtest8 WHERE id BETWEEN 4273038 AND 4274037 ORDER BY c
	Sort  (cost=3708.75..3711.12 rows=947 width=121)
	  Sort Key: c
	  ->  Bitmap Heap Scan on sbtest8  (cost=22.14..3661.94 rows=947 width=121)
	        Recheck Cond: ((id >= 4273038) AND (id <= 4274037))
	        ->  Bitmap Index Scan on sbtest8_pkey  (cost=0.00..21.90 rows=947 width=0)
	              Index Cond: ((id >= 4273038) AND (id <= 4274037))

for: distinct_ranges
table 1 : explain SELECT DISTINCT c FROM sbtest1 WHERE id BETWEEN 6975334 AND 6976333 ORDER BY c
	Unique  (cost=3979.14..3984.23 rows=1018 width=121)
	  ->  Sort  (cost=3979.14..3981.68 rows=1018 width=121)
	        Sort Key: c
	        ->  Bitmap Heap Scan on sbtest1  (cost=22.87..3928.28 rows=1018 width=121)
	              Recheck Cond: ((id >= 6975334) AND (id <= 6976333))
	              ->  Bitmap Index Scan on sbtest1_pkey  (cost=0.00..22.61 rows=1018 width=0)
	                    Index Cond: ((id >= 6975334) AND (id <= 6976333))

table 2 : explain SELECT DISTINCT c FROM sbtest2 WHERE id BETWEEN 1132173 AND 1133172 ORDER BY c
	Unique  (cost=3760.96..3765.76 rows=961 width=121)
	  ->  Sort  (cost=3760.96..3763.36 rows=961 width=121)
	        Sort Key: c
	        ->  Bitmap Heap Scan on sbtest2  (cost=22.29..3713.35 rows=961 width=121)
	              Recheck Cond: ((id >= 1132173) AND (id <= 1133172))
	              ->  Bitmap Index Scan on sbtest2_pkey  (cost=0.00..22.04 rows=961 width=0)
	                    Index Cond: ((id >= 1132173) AND (id <= 1133172))

table 3 : explain SELECT DISTINCT c FROM sbtest3 WHERE id BETWEEN 9465694 AND 9466693 ORDER BY c
	Unique  (cost=4070.60..4075.81 rows=1042 width=121)
	  ->  Sort  (cost=4070.60..4073.21 rows=1042 width=121)
	        Sort Key: c
	        ->  Bitmap Heap Scan on sbtest3  (cost=23.12..4018.37 rows=1042 width=121)
	              Recheck Cond: ((id >= 9465694) AND (id <= 9466693))
	              ->  Bitmap Index Scan on sbtest3_pkey  (cost=0.00..22.86 rows=1042 width=0)
	                    Index Cond: ((id >= 9465694) AND (id <= 9466693))

table 4 : explain SELECT DISTINCT c FROM sbtest4 WHERE id BETWEEN 9176367 AND 9177366 ORDER BY c
	Unique  (cost=3971.29..3976.37 rows=1016 width=121)
	  ->  Sort  (cost=3971.29..3973.83 rows=1016 width=121)
	        Sort Key: c
	        ->  Bitmap Heap Scan on sbtest4  (cost=22.85..3920.55 rows=1016 width=121)
	              Recheck Cond: ((id >= 9176367) AND (id <= 9177366))
	              ->  Bitmap Index Scan on sbtest4_pkey  (cost=0.00..22.59 rows=1016 width=0)
	                    Index Cond: ((id >= 9176367) AND (id <= 9177366))

table 5 : explain SELECT DISTINCT c FROM sbtest5 WHERE id BETWEEN 984002 AND 985001 ORDER BY c
	Unique  (cost=3792.91..3797.76 rows=969 width=121)
	  ->  Sort  (cost=3792.91..3795.33 rows=969 width=121)
	        Sort Key: c
	        ->  Bitmap Heap Scan on sbtest5  (cost=22.37..3744.85 rows=969 width=121)
	              Recheck Cond: ((id >= 984002) AND (id <= 985001))
	              ->  Bitmap Index Scan on sbtest5_pkey  (cost=0.00..22.12 rows=969 width=0)
	                    Index Cond: ((id >= 984002) AND (id <= 985001))

table 6 : explain SELECT DISTINCT c FROM sbtest6 WHERE id BETWEEN 9982163 AND 9983162 ORDER BY c
	Unique  (cost=4082.50..4087.72 rows=1045 width=121)
	  ->  Sort  (cost=4082.50..4085.11 rows=1045 width=121)
	        Sort Key: c
	        ->  Bitmap Heap Scan on sbtest6  (cost=23.15..4030.09 rows=1045 width=121)
	              Recheck Cond: ((id >= 9982163) AND (id <= 9983162))
	              ->  Bitmap Index Scan on sbtest6_pkey  (cost=0.00..22.89 rows=1045 width=0)
	                    Index Cond: ((id >= 9982163) AND (id <= 9983162))

table 7 : explain SELECT DISTINCT c FROM sbtest7 WHERE id BETWEEN 1351960 AND 1352959 ORDER BY c
	Unique  (cost=3674.38..3679.07 rows=938 width=121)
	  ->  Sort  (cost=3674.38..3676.73 rows=938 width=121)
	        Sort Key: c
	        ->  Bitmap Heap Scan on sbtest7  (cost=22.05..3628.08 rows=938 width=121)
	              Recheck Cond: ((id >= 1351960) AND (id <= 1352959))
	              ->  Bitmap Index Scan on sbtest7_pkey  (cost=0.00..21.82 rows=938 width=0)
	                    Index Cond: ((id >= 1351960) AND (id <= 1352959))

table 8 : explain SELECT DISTINCT c FROM sbtest8 WHERE id BETWEEN 2537498 AND 2538497 ORDER BY c
	Unique  (cost=3804.48..3809.34 rows=972 width=121)
	  ->  Sort  (cost=3804.48..3806.91 rows=972 width=121)
	        Sort Key: c
	        ->  Bitmap Heap Scan on sbtest8  (cost=22.40..3756.25 rows=972 width=121)
	              Recheck Cond: ((id >= 2537498) AND (id <= 2538497))
	              ->  Bitmap Index Scan on sbtest8_pkey  (cost=0.00..22.15 rows=972 width=0)
	                    Index Cond: ((id >= 2537498) AND (id <= 2538497))

for: distinct_ranges
table 1 : explain SELECT DISTINCT c FROM sbtest1 WHERE id BETWEEN 3776264 AND 3777263 ORDER BY c
	Unique  (cost=3853.01..3857.93 rows=985 width=121)
	  ->  Sort  (cost=3853.01..3855.47 rows=985 width=121)
	        Sort Key: c
	        ->  Bitmap Heap Scan on sbtest1  (cost=22.53..3804.03 rows=985 width=121)
	              Recheck Cond: ((id >= 3776264) AND (id <= 3777263))
	              ->  Bitmap Index Scan on sbtest1_pkey  (cost=0.00..22.29 rows=985 width=0)
	                    Index Cond: ((id >= 3776264) AND (id <= 3777263))

table 2 : explain SELECT DISTINCT c FROM sbtest2 WHERE id BETWEEN 4908173 AND 4909172 ORDER BY c
	Unique  (cost=3638.44..3643.08 rows=929 width=121)
	  ->  Sort  (cost=3638.44..3640.76 rows=929 width=121)
	        Sort Key: c
	        ->  Bitmap Heap Scan on sbtest2  (cost=21.96..3592.64 rows=929 width=121)
	              Recheck Cond: ((id >= 4908173) AND (id <= 4909172))
	              ->  Bitmap Index Scan on sbtest2_pkey  (cost=0.00..21.72 rows=929 width=0)
	                    Index Cond: ((id >= 4908173) AND (id <= 4909172))

table 3 : explain SELECT DISTINCT c FROM sbtest3 WHERE id BETWEEN 21867 AND 22866 ORDER BY c
	Unique  (cost=4051.52..4056.70 rows=1037 width=121)
	  ->  Sort  (cost=4051.52..4054.11 rows=1037 width=121)
	        Sort Key: c
	        ->  Bitmap Heap Scan on sbtest3  (cost=23.06..3999.57 rows=1037 width=121)
	              Recheck Cond: ((id >= 21867) AND (id <= 22866))
	              ->  Bitmap Index Scan on sbtest3_pkey  (cost=0.00..22.80 rows=1037 width=0)
	                    Index Cond: ((id >= 21867) AND (id <= 22866))

table 4 : explain SELECT DISTINCT c FROM sbtest4 WHERE id BETWEEN 6457038 AND 6458037 ORDER BY c
	Unique  (cost=4230.77..4236.19 rows=1084 width=121)
	  ->  Sort  (cost=4230.77..4233.48 rows=1084 width=121)
	        Sort Key: c
	        ->  Bitmap Heap Scan on sbtest4  (cost=23.55..4176.13 rows=1084 width=121)
	              Recheck Cond: ((id >= 6457038) AND (id <= 6458037))
	              ->  Bitmap Index Scan on sbtest4_pkey  (cost=0.00..23.27 rows=1084 width=0)
	                    Index Cond: ((id >= 6457038) AND (id <= 6458037))

table 5 : explain SELECT DISTINCT c FROM sbtest5 WHERE id BETWEEN 5211753 AND 5212752 ORDER BY c
	Unique  (cost=4125.47..4130.75 rows=1056 width=121)
	  ->  Sort  (cost=4125.47..4128.11 rows=1056 width=121)
	        Sort Key: c
	        ->  Bitmap Heap Scan on sbtest5  (cost=23.26..4072.44 rows=1056 width=121)
	              Recheck Cond: ((id >= 5211753) AND (id <= 5212752))
	              ->  Bitmap Index Scan on sbtest5_pkey  (cost=0.00..23.00 rows=1056 width=0)
	                    Index Cond: ((id >= 5211753) AND (id <= 5212752))

table 6 : explain SELECT DISTINCT c FROM sbtest6 WHERE id BETWEEN 528788 AND 529787 ORDER BY c
	Unique  (cost=3684.85..3689.55 rows=941 width=121)
	  ->  Sort  (cost=3684.85..3687.20 rows=941 width=121)
	        Sort Key: c
	        ->  Bitmap Heap Scan on sbtest6  (cost=22.08..3638.37 rows=941 width=121)
	              Recheck Cond: ((id >= 528788) AND (id <= 529787))
	              ->  Bitmap Index Scan on sbtest6_pkey  (cost=0.00..21.84 rows=941 width=0)
	                    Index Cond: ((id >= 528788) AND (id <= 529787))

table 7 : explain SELECT DISTINCT c FROM sbtest7 WHERE id BETWEEN 362308 AND 363307 ORDER BY c
	Unique  (cost=3911.73..3916.73 rows=1000 width=121)
	  ->  Sort  (cost=3911.73..3914.23 rows=1000 width=121)
	        Sort Key: c
	        ->  Bitmap Heap Scan on sbtest7  (cost=22.68..3861.90 rows=1000 width=121)
	              Recheck Cond: ((id >= 362308) AND (id <= 363307))
	              ->  Bitmap Index Scan on sbtest7_pkey  (cost=0.00..22.43 rows=1000 width=0)
	                    Index Cond: ((id >= 362308) AND (id <= 363307))

table 8 : explain SELECT DISTINCT c FROM sbtest8 WHERE id BETWEEN 4742890 AND 4743889 ORDER BY c
	Unique  (cost=3727.91..3732.67 rows=952 width=121)
	  ->  Sort  (cost=3727.91..3730.29 rows=952 width=121)
	        Sort Key: c
	        ->  Bitmap Heap Scan on sbtest8  (cost=22.19..3680.81 rows=952 width=121)
	              Recheck Cond: ((id >= 4742890) AND (id <= 4743889))
	              ->  Bitmap Index Scan on sbtest8_pkey  (cost=0.00..21.95 rows=952 width=0)
	                    Index Cond: ((id >= 4742890) AND (id <= 4743889))

Threads started!

Warming up for 5 seconds...

SQL statistics:
    queries performed:
        read:                            91775154
        write:                           0
        other:                           16686426
        total:                           108461580
    transactions:                        8343233 (13244.89 per sec.)
    queries:                             108461580 (172182.90 per sec.)
    ignored errors:                      0      (0.00 per sec.)
    reconnects:                          0      (0.00 per sec.)

Throughput:
    events/s (eps):                      13244.8932
    time elapsed:                        630.0102s
    total number of events:              8343233

Latency (ms):
         min:                                    0.51
         avg:                                    3.02
         max:                                 1297.46
         95th percentile:                        3.13
         sum:                             25190949.32

Threads fairness:
    events (avg/stddev):           208580.4500/772.25
    execution time (avg/stddev):   629.7737/0.31

