LUA_PATH=/home/mdcallag/git/mytools/bench/sysbench.lua/lua/?.lua /home/mdcallag/git/mytools/bench/sysbench.lua/lua/sysbench --db-driver=pgsql --range-size=10000 --table-size=10000000 --tables=8 --threads=40 --events=0 --warmup-time=5 --time=630 --pgsql_conn_id=true /home/mdcallag/git/mytools/bench/sysbench.lua/lua/oltp_read_only.lua run --pgsql-user=root --pgsql-password=pw --pgsql-host=127.0.0.1 --pgsql-db=ib --rand-type=uniform
48 CPUs
sysbench 1.1.0-9072687 (using bundled LuaJIT 2.1.0-beta3)

Running the test with following options:
Number of threads: 40
Warmup time: 5s
Initializing random number generator from current time


Initializing worker threads...

explain: for point_selects :: explain SELECT c FROM sbtest%u WHERE id=%u
explain: for point_selects :: explain SELECT c FROM sbtest%u WHERE id=%u
for point_selects
table 1 : explain SELECT c FROM sbtest1 WHERE id=7478052
	Index Scan using sbtest1_pkey on sbtest1  (cost=0.43..8.45 rows=1 width=121)
	  Index Cond: (id = 7478052)

table 2 : explain SELECT c FROM sbtest2 WHERE id=6939614
	Index Scan using sbtest2_pkey on sbtest2  (cost=0.43..8.45 rows=1 width=121)
	  Index Cond: (id = 6939614)

table 3 : explain SELECT c FROM sbtest3 WHERE id=9136663
	Index Scan using sbtest3_pkey on sbtest3  (cost=0.43..8.45 rows=1 width=121)
	  Index Cond: (id = 9136663)

table 4 : explain SELECT c FROM sbtest4 WHERE id=1448959
	Index Scan using sbtest4_pkey on sbtest4  (cost=0.43..8.45 rows=1 width=121)
	  Index Cond: (id = 1448959)

table 5 : explain SELECT c FROM sbtest5 WHERE id=8065110
	Index Scan using sbtest5_pkey on sbtest5  (cost=0.43..8.45 rows=1 width=121)
	  Index Cond: (id = 8065110)

table 6 : explain SELECT c FROM sbtest6 WHERE id=8335214
	Index Scan using sbtest6_pkey on sbtest6  (cost=0.43..8.45 rows=1 width=121)
	  Index Cond: (id = 8335214)

table 7 : explain SELECT c FROM sbtest7 WHERE id=6636102
	Index Scan using sbtest7_pkey on sbtest7  (cost=0.43..8.45 rows=1 width=121)
	  Index Cond: (id = 6636102)

table 8 : explain SELECT c FROM sbtest8 WHERE id=9399362
	Index Scan using sbtest8_pkey on sbtest8  (cost=0.43..8.45 rows=1 width=121)
	  Index Cond: (id = 9399362)

explain: for point_selects :: explain SELECT c FROM sbtest%u WHERE id=%u
explain: for point_selects :: explain SELECT c FROM sbtest%u WHERE id=%u
explain: for point_selects :: explain SELECT c FROM sbtest%u WHERE id=%u
for point_selects
table 1 : explain SELECT c FROM sbtest1 WHERE id=6509478
	Index Scan using sbtest1_pkey on sbtest1  (cost=0.43..8.45 rows=1 width=121)
	  Index Cond: (id = 6509478)

table 2 : explain SELECT c FROM sbtest2 WHERE id=6958022
	Index Scan using sbtest2_pkey on sbtest2  (cost=0.43..8.45 rows=1 width=121)
	  Index Cond: (id = 6958022)

table 3 : explain SELECT c FROM sbtest3 WHERE id=441201
	Index Scan using sbtest3_pkey on sbtest3  (cost=0.43..8.45 rows=1 width=121)
	  Index Cond: (id = 441201)

table 4 : explain SELECT c FROM sbtest4 WHERE id=6458960
	Index Scan using sbtest4_pkey on sbtest4  (cost=0.43..8.45 rows=1 width=121)
	  Index Cond: (id = 6458960)

table 5 : explain SELECT c FROM sbtest5 WHERE id=7996367
	Index Scan using sbtest5_pkey on sbtest5  (cost=0.43..8.45 rows=1 width=121)
	  Index Cond: (id = 7996367)

table 6 : explain SELECT c FROM sbtest6 WHERE id=3456458
	Index Scan using sbtest6_pkey on sbtest6  (cost=0.43..8.45 rows=1 width=121)
	  Index Cond: (id = 3456458)

table 7 : explain SELECT c FROM sbtest7 WHERE id=3034364
	Index Scan using sbtest7_pkey on sbtest7  (cost=0.43..8.45 rows=1 width=121)
	  Index Cond: (id = 3034364)

table 8 : explain SELECT c FROM sbtest8 WHERE id=5358884
	Index Scan using sbtest8_pkey on sbtest8  (cost=0.43..8.45 rows=1 width=121)
	  Index Cond: (id = 5358884)

for: simple_ranges
table 1 : explain SELECT c FROM sbtest1 WHERE id BETWEEN 9670129 AND 9680128
	Bitmap Heap Scan on sbtest1  (cost=207.71..33374.21 rows=9685 width=121)
	  Recheck Cond: ((id >= 9670129) AND (id <= 9680128))
	  ->  Bitmap Index Scan on sbtest1_pkey  (cost=0.00..205.29 rows=9685 width=0)
	        Index Cond: ((id >= 9670129) AND (id <= 9680128))

table 2 : explain SELECT c FROM sbtest2 WHERE id BETWEEN 6867457 AND 6877456
	Bitmap Heap Scan on sbtest2  (cost=216.46..34813.35 rows=10149 width=121)
	  Recheck Cond: ((id >= 6867457) AND (id <= 6877456))
	  ->  Bitmap Index Scan on sbtest2_pkey  (cost=0.00..213.93 rows=10149 width=0)
	        Index Cond: ((id >= 6867457) AND (id <= 6877456))

table 3 : explain SELECT c FROM sbtest3 WHERE id BETWEEN 2954418 AND 2964417
	Bitmap Heap Scan on sbtest3  (cost=221.67..35184.72 rows=10267 width=121)
	  Recheck Cond: ((id >= 2954418) AND (id <= 2964417))
	  ->  Bitmap Index Scan on sbtest3_pkey  (cost=0.00..219.11 rows=10267 width=0)
	        Index Cond: ((id >= 2954418) AND (id <= 2964417))

table 4 : explain SELECT c FROM sbtest4 WHERE id BETWEEN 423356 AND 433355
	Bitmap Heap Scan on sbtest4  (cost=229.47..36330.22 rows=10638 width=121)
	  Recheck Cond: ((id >= 423356) AND (id <= 433355))
	  ->  Bitmap Index Scan on sbtest4_pkey  (cost=0.00..226.81 rows=10638 width=0)
	        Index Cond: ((id >= 423356) AND (id <= 433355))

table 5 : explain SELECT c FROM sbtest5 WHERE id BETWEEN 9127661 AND 9137660
	Bitmap Heap Scan on sbtest5  (cost=191.44..30869.35 rows=8879 width=121)
	  Recheck Cond: ((id >= 9127661) AND (id <= 9137660))
	  ->  Bitmap Index Scan on sbtest5_pkey  (cost=0.00..189.23 rows=8879 width=0)
	        Index Cond: ((id >= 9127661) AND (id <= 9137660))

table 6 : explain SELECT c FROM sbtest6 WHERE id BETWEEN 8533459 AND 8543458
	Bitmap Heap Scan on sbtest6  (cost=213.42..33907.17 rows=9852 width=121)
	  Recheck Cond: ((id >= 8533459) AND (id <= 8543458))
	  ->  Bitmap Index Scan on sbtest6_pkey  (cost=0.00..210.95 rows=9852 width=0)
	        Index Cond: ((id >= 8533459) AND (id <= 8543458))

table 7 : explain SELECT c FROM sbtest7 WHERE id BETWEEN 6992221 AND 7002220
	Bitmap Heap Scan on sbtest7  (cost=208.00..33514.80 rows=9714 width=121)
	  Recheck Cond: ((id >= 6992221) AND (id <= 7002220))
	  ->  Bitmap Index Scan on sbtest7_pkey  (cost=0.00..205.57 rows=9714 width=0)
	        Index Cond: ((id >= 6992221) AND (id <= 7002220))

table 8 : explain SELECT c FROM sbtest8 WHERE id BETWEEN 816597 AND 826596
	Bitmap Heap Scan on sbtest8  (cost=243.26..38130.25 rows=11202 width=121)
	  Recheck Cond: ((id >= 816597) AND (id <= 826596))
	  ->  Bitmap Index Scan on sbtest8_pkey  (cost=0.00..240.45 rows=11202 width=0)
	        Index Cond: ((id >= 816597) AND (id <= 826596))

explain: for point_selects :: explain SELECT c FROM sbtest%u WHERE id=%u
for point_selects
table 1 : explain SELECT c FROM sbtest1 WHERE id=5198357
	Index Scan using sbtest1_pkey on sbtest1  (cost=0.43..8.45 rows=1 width=121)
	  Index Cond: (id = 5198357)

table 2 : explain SELECT c FROM sbtest2 WHERE id=3153366
	Index Scan using sbtest2_pkey on sbtest2  (cost=0.43..8.45 rows=1 width=121)
	  Index Cond: (id = 3153366)

table 3 : explain SELECT c FROM sbtest3 WHERE id=8187823
	Index Scan using sbtest3_pkey on sbtest3  (cost=0.43..8.45 rows=1 width=121)
	  Index Cond: (id = 8187823)

table 4 : explain SELECT c FROM sbtest4 WHERE id=7466045
	Index Scan using sbtest4_pkey on sbtest4  (cost=0.43..8.45 rows=1 width=121)
	  Index Cond: (id = 7466045)

table 5 : explain SELECT c FROM sbtest5 WHERE id=6581929
	Index Scan using sbtest5_pkey on sbtest5  (cost=0.43..8.45 rows=1 width=121)
	  Index Cond: (id = 6581929)

table 6 : explain SELECT c FROM sbtest6 WHERE id=7517076
	Index Scan using sbtest6_pkey on sbtest6  (cost=0.43..8.45 rows=1 width=121)
	  Index Cond: (id = 7517076)

table 7 : explain SELECT c FROM sbtest7 WHERE id=5533641
	Index Scan using sbtest7_pkey on sbtest7  (cost=0.43..8.45 rows=1 width=121)
	  Index Cond: (id = 5533641)

table 8 : explain SELECT c FROM sbtest8 WHERE id=6428277
	Index Scan using sbtest8_pkey on sbtest8  (cost=0.43..8.45 rows=1 width=121)
	  Index Cond: (id = 6428277)

for: simple_ranges
table 1 : explain SELECT c FROM sbtest1 WHERE id BETWEEN 2353113 AND 2363112
	Bitmap Heap Scan on sbtest1  (cost=230.02..36502.60 rows=10691 width=121)
	  Recheck Cond: ((id >= 2353113) AND (id <= 2363112))
	  ->  Bitmap Index Scan on sbtest1_pkey  (cost=0.00..227.34 rows=10691 width=0)
	        Index Cond: ((id >= 2353113) AND (id <= 2363112))

table 2 : explain SELECT c FROM sbtest2 WHERE id BETWEEN 3912994 AND 3922993
	Bitmap Heap Scan on sbtest2  (cost=221.20..35038.28 rows=10221 width=121)
	  Recheck Cond: ((id >= 3912994) AND (id <= 3922993))
	  ->  Bitmap Index Scan on sbtest2_pkey  (cost=0.00..218.65 rows=10221 width=0)
	        Index Cond: ((id >= 3912994) AND (id <= 3922993))

table 3 : explain SELECT c FROM sbtest3 WHERE id BETWEEN 720927 AND 730926
	Bitmap Heap Scan on sbtest3  (cost=199.23..31998.42 rows=9248 width=121)
	  Recheck Cond: ((id >= 720927) AND (id <= 730926))
	  ->  Bitmap Index Scan on sbtest3_pkey  (cost=0.00..196.92 rows=9248 width=0)
	        Index Cond: ((id >= 720927) AND (id <= 730926))

table 4 : explain SELECT c FROM sbtest4 WHERE id BETWEEN 2736958 AND 2746957
	Bitmap Heap Scan on sbtest4  (cost=228.79..36126.33 rows=10571 width=121)
	  Recheck Cond: ((id >= 2736958) AND (id <= 2746957))
	  ->  Bitmap Index Scan on sbtest4_pkey  (cost=0.00..226.15 rows=10571 width=0)
	        Index Cond: ((id >= 2736958) AND (id <= 2746957))

table 5 : explain SELECT c FROM sbtest5 WHERE id BETWEEN 8461805 AND 8471804
	Bitmap Heap Scan on sbtest5  (cost=197.55..31521.55 rows=9084 width=121)
	  Recheck Cond: ((id >= 8461805) AND (id <= 8471804))
	  ->  Bitmap Index Scan on sbtest5_pkey  (cost=0.00..195.28 rows=9084 width=0)
	        Index Cond: ((id >= 8461805) AND (id <= 8471804))

table 6 : explain SELECT c FROM sbtest6 WHERE id BETWEEN 4182077 AND 4192076
	Bitmap Heap Scan on sbtest6  (cost=213.04..33794.51 rows=9815 width=121)
	  Recheck Cond: ((id >= 4182077) AND (id <= 4192076))
	  ->  Bitmap Index Scan on sbtest6_pkey  (cost=0.00..210.59 rows=9815 width=0)
	        Index Cond: ((id >= 4182077) AND (id <= 4192076))

table 7 : explain SELECT c FROM sbtest7 WHERE id BETWEEN 9424644 AND 9434643
	Bitmap Heap Scan on sbtest7  (cost=215.25..34507.86 rows=10031 width=121)
	  Recheck Cond: ((id >= 9424644) AND (id <= 9434643))
	  ->  Bitmap Index Scan on sbtest7_pkey  (cost=0.00..212.75 rows=10031 width=0)
	        Index Cond: ((id >= 9424644) AND (id <= 9434643))

table 8 : explain SELECT c FROM sbtest8 WHERE id BETWEEN 4857254 AND 4867253
	Bitmap Heap Scan on sbtest8  (cost=203.85..32239.51 rows=9309 width=121)
	  Recheck Cond: ((id >= 4857254) AND (id <= 4867253))
	  ->  Bitmap Index Scan on sbtest8_pkey  (cost=0.00..201.53 rows=9309 width=0)
	        Index Cond: ((id >= 4857254) AND (id <= 4867253))

explain: for point_selects :: explain SELECT c FROM sbtest%u WHERE id=%u
for point_selects
table 1 : explain SELECT c FROM sbtest1 WHERE id=7121949
	Index Scan using sbtest1_pkey on sbtest1  (cost=0.43..8.45 rows=1 width=121)
	  Index Cond: (id = 7121949)

table 2 : explain SELECT c FROM sbtest2 WHERE id=9660026
	Index Scan using sbtest2_pkey on sbtest2  (cost=0.43..8.45 rows=1 width=121)
	  Index Cond: (id = 9660026)

table 3 : explain SELECT c FROM sbtest3 WHERE id=6740185
	Index Scan using sbtest3_pkey on sbtest3  (cost=0.43..8.45 rows=1 width=121)
	  Index Cond: (id = 6740185)

table 4 : explain SELECT c FROM sbtest4 WHERE id=8800847
	Index Scan using sbtest4_pkey on sbtest4  (cost=0.43..8.45 rows=1 width=121)
	  Index Cond: (id = 8800847)

table 5 : explain SELECT c FROM sbtest5 WHERE id=2560937
	Index Scan using sbtest5_pkey on sbtest5  (cost=0.43..8.45 rows=1 width=121)
	  Index Cond: (id = 2560937)

table 6 : explain SELECT c FROM sbtest6 WHERE id=412788
	Index Scan using sbtest6_pkey on sbtest6  (cost=0.43..8.45 rows=1 width=121)
	  Index Cond: (id = 412788)

table 7 : explain SELECT c FROM sbtest7 WHERE id=5604620
	Index Scan using sbtest7_pkey on sbtest7  (cost=0.43..8.45 rows=1 width=121)
	  Index Cond: (id = 5604620)

table 8 : explain SELECT c FROM sbtest8 WHERE id=8129153
	Index Scan using sbtest8_pkey on sbtest8  (cost=0.43..8.45 rows=1 width=121)
	  Index Cond: (id = 8129153)

for point_selects
table 1 : explain SELECT c FROM sbtest1 WHERE id=4906322
	Index Scan using sbtest1_pkey on sbtest1  (cost=0.43..8.45 rows=1 width=121)
	  Index Cond: (id = 4906322)

table 2 : explain SELECT c FROM sbtest2 WHERE id=7000844
	Index Scan using sbtest2_pkey on sbtest2  (cost=0.43..8.45 rows=1 width=121)
	  Index Cond: (id = 7000844)

table 3 : explain SELECT c FROM sbtest3 WHERE id=7830185
	Index Scan using sbtest3_pkey on sbtest3  (cost=0.43..8.45 rows=1 width=121)
	  Index Cond: (id = 7830185)

table 4 : explain SELECT c FROM sbtest4 WHERE id=299766
	Index Scan using sbtest4_pkey on sbtest4  (cost=0.43..8.45 rows=1 width=121)
	  Index Cond: (id = 299766)

table 5 : explain SELECT c FROM sbtest5 WHERE id=8183639
	Index Scan using sbtest5_pkey on sbtest5  (cost=0.43..8.45 rows=1 width=121)
	  Index Cond: (id = 8183639)

table 6 : explain SELECT c FROM sbtest6 WHERE id=7691034
	Index Scan using sbtest6_pkey on sbtest6  (cost=0.43..8.45 rows=1 width=121)
	  Index Cond: (id = 7691034)

table 7 : explain SELECT c FROM sbtest7 WHERE id=4036677
	Index Scan using sbtest7_pkey on sbtest7  (cost=0.43..8.45 rows=1 width=121)
	  Index Cond: (id = 4036677)

table 8 : explain SELECT c FROM sbtest8 WHERE id=283010
	Index Scan using sbtest8_pkey on sbtest8  (cost=0.43..8.45 rows=1 width=121)
	  Index Cond: (id = 283010)

explain: for point_selects :: explain SELECT c FROM sbtest%u WHERE id=%u
for: simple_ranges
table 1 : explain SELECT c FROM sbtest1 WHERE id BETWEEN 518517 AND 528516
	Bitmap Heap Scan on sbtest1  (cost=192.91..31288.26 rows=9022 width=121)
	  Recheck Cond: ((id >= 518517) AND (id <= 528516))
	  ->  Bitmap Index Scan on sbtest1_pkey  (cost=0.00..190.66 rows=9022 width=0)
	        Index Cond: ((id >= 518517) AND (id <= 528516))

table 2 : explain SELECT c FROM sbtest2 WHERE id BETWEEN 2991047 AND 3001046
	Bitmap Heap Scan on sbtest2  (cost=239.97..38273.83 rows=11272 width=121)
	  Recheck Cond: ((id >= 2991047) AND (id <= 3001046))
	  ->  Bitmap Index Scan on sbtest2_pkey  (cost=0.00..237.16 rows=11272 width=0)
	        Index Cond: ((id >= 2991047) AND (id <= 3001046))

table 3 : explain SELECT c FROM sbtest3 WHERE id BETWEEN 7982379 AND 7992378
	Bitmap Heap Scan on sbtest3  (cost=222.46..35421.34 rows=10344 width=121)
	  Recheck Cond: ((id >= 7982379) AND (id <= 7992378))
	  ->  Bitmap Index Scan on sbtest3_pkey  (cost=0.00..219.88 rows=10344 width=0)
	        Index Cond: ((id >= 7982379) AND (id <= 7992378))

table 4 : explain SELECT c FROM sbtest4 WHERE id BETWEEN 424249 AND 434248
	Bitmap Heap Scan on sbtest4  (cost=229.47..36330.22 rows=10638 width=121)
	  Recheck Cond: ((id >= 424249) AND (id <= 434248))
	  ->  Bitmap Index Scan on sbtest4_pkey  (cost=0.00..226.81 rows=10638 width=0)
	        Index Cond: ((id >= 424249) AND (id <= 434248))

table 5 : explain SELECT c FROM sbtest5 WHERE id BETWEEN 6562530 AND 6572529
	Bitmap Heap Scan on sbtest5  (cost=215.85..34677.90 rows=10089 width=121)
	  Recheck Cond: ((id >= 6562530) AND (id <= 6572529))
	  ->  Bitmap Index Scan on sbtest5_pkey  (cost=0.00..213.32 rows=10089 width=0)
	        Index Cond: ((id >= 6562530) AND (id <= 6572529))

table 6 : explain SELECT c FROM sbtest6 WHERE id BETWEEN 5688796 AND 5698795
	Bitmap Heap Scan on sbtest6  (cost=213.10..33810.63 rows=9821 width=121)
	  Recheck Cond: ((id >= 5688796) AND (id <= 5698795))
	  ->  Bitmap Index Scan on sbtest6_pkey  (cost=0.00..210.65 rows=9821 width=0)
	        Index Cond: ((id >= 5688796) AND (id <= 5698795))

table 7 : explain SELECT c FROM sbtest7 WHERE id BETWEEN 9071029 AND 9081028
	Bitmap Heap Scan on sbtest7  (cost=214.09..34153.94 rows=9918 width=121)
	  Recheck Cond: ((id >= 9071029) AND (id <= 9081028))
	  ->  Bitmap Index Scan on sbtest7_pkey  (cost=0.00..211.62 rows=9918 width=0)
	        Index Cond: ((id >= 9071029) AND (id <= 9081028))

table 8 : explain SELECT c FROM sbtest8 WHERE id BETWEEN 9884240 AND 9894239
	Bitmap Heap Scan on sbtest8  (cost=220.69..34941.68 rows=10171 width=121)
	  Recheck Cond: ((id >= 9884240) AND (id <= 9894239))
	  ->  Bitmap Index Scan on sbtest8_pkey  (cost=0.00..218.15 rows=10171 width=0)
	        Index Cond: ((id >= 9884240) AND (id <= 9894239))

for: simple_ranges
table 1 : explain SELECT c FROM sbtest1 WHERE id BETWEEN 3570341 AND 3580340
	Bitmap Heap Scan on sbtest1  (cost=199.97..32229.84 rows=9320 width=121)
	  Recheck Cond: ((id >= 3570341) AND (id <= 3580340))
	  ->  Bitmap Index Scan on sbtest1_pkey  (cost=0.00..197.63 rows=9320 width=0)
	        Index Cond: ((id >= 3570341) AND (id <= 3580340))

table 2 : explain SELECT c FROM sbtest2 WHERE id BETWEEN 7731772 AND 7741771
	Bitmap Heap Scan on sbtest2  (cost=208.83..33708.24 rows=9795 width=121)
	  Recheck Cond: ((id >= 7731772) AND (id <= 7741771))
	  ->  Bitmap Index Scan on sbtest2_pkey  (cost=0.00..206.38 rows=9795 width=0)
	        Index Cond: ((id >= 7731772) AND (id <= 7741771))

table 3 : explain SELECT c FROM sbtest3 WHERE id BETWEEN 6311648 AND 6321647
	Bitmap Heap Scan on sbtest3  (cost=220.82..34928.68 rows=10184 width=121)
	  Recheck Cond: ((id >= 6311648) AND (id <= 6321647))
	  ->  Bitmap Index Scan on sbtest3_pkey  (cost=0.00..218.28 rows=10184 width=0)
	        Index Cond: ((id >= 6311648) AND (id <= 6321647))

table 4 : explain SELECT c FROM sbtest4 WHERE id BETWEEN 4764446 AND 4774445
	Bitmap Heap Scan on sbtest4  (cost=199.06..31945.69 rows=9232 width=121)
	  Recheck Cond: ((id >= 4764446) AND (id <= 4774445))
	  ->  Bitmap Index Scan on sbtest4_pkey  (cost=0.00..196.75 rows=9232 width=0)
	        Index Cond: ((id >= 4764446) AND (id <= 4774445))

table 5 : explain SELECT c FROM sbtest5 WHERE id BETWEEN 6571715 AND 6581714
	Bitmap Heap Scan on sbtest5  (cost=222.95..35621.30 rows=10392 width=121)
	  Recheck Cond: ((id >= 6571715) AND (id <= 6581714))
	  ->  Bitmap Index Scan on sbtest5_pkey  (cost=0.00..220.36 rows=10392 width=0)
	        Index Cond: ((id >= 6571715) AND (id <= 6581714))

table 6 : explain SELECT c FROM sbtest6 WHERE id BETWEEN 2198422 AND 2208421
	Bitmap Heap Scan on sbtest6  (cost=220.87..34957.83 rows=10189 width=121)
	  Recheck Cond: ((id >= 2198422) AND (id <= 2208421))
	  ->  Bitmap Index Scan on sbtest6_pkey  (cost=0.00..218.32 rows=10189 width=0)
	        Index Cond: ((id >= 2198422) AND (id <= 2208421))

table 7 : explain SELECT c FROM sbtest7 WHERE id BETWEEN 4880682 AND 4890681
	Bitmap Heap Scan on sbtest7  (cost=222.34..35445.82 rows=10332 width=121)
	  Recheck Cond: ((id >= 4880682) AND (id <= 4890681))
	  ->  Bitmap Index Scan on sbtest7_pkey  (cost=0.00..219.75 rows=10332 width=0)
	        Index Cond: ((id >= 4880682) AND (id <= 4890681))

table 8 : explain SELECT c FROM sbtest8 WHERE id BETWEEN 356303 AND 366302
	Bitmap Heap Scan on sbtest8  (cost=204.52..32443.81 rows=9374 width=121)
	  Recheck Cond: ((id >= 356303) AND (id <= 366302))
	  ->  Bitmap Index Scan on sbtest8_pkey  (cost=0.00..202.18 rows=9374 width=0)
	        Index Cond: ((id >= 356303) AND (id <= 366302))

for point_selects
table 1 : explain SELECT c FROM sbtest1 WHERE id=3920771
	Index Scan using sbtest1_pkey on sbtest1  (cost=0.43..8.45 rows=1 width=121)
	  Index Cond: (id = 3920771)

table 2 : explain SELECT c FROM sbtest2 WHERE id=3515777
	Index Scan using sbtest2_pkey on sbtest2  (cost=0.43..8.45 rows=1 width=121)
	  Index Cond: (id = 3515777)

table 3 : explain SELECT c FROM sbtest3 WHERE id=4762071
	Index Scan using sbtest3_pkey on sbtest3  (cost=0.43..8.45 rows=1 width=121)
	  Index Cond: (id = 4762071)

table 4 : explain SELECT c FROM sbtest4 WHERE id=5326021
	Index Scan using sbtest4_pkey on sbtest4  (cost=0.43..8.45 rows=1 width=121)
	  Index Cond: (id = 5326021)

table 5 : explain SELECT c FROM sbtest5 WHERE id=9098584
	Index Scan using sbtest5_pkey on sbtest5  (cost=0.43..8.45 rows=1 width=121)
	  Index Cond: (id = 9098584)

table 6 : explain SELECT c FROM sbtest6 WHERE id=8265675
	Index Scan using sbtest6_pkey on sbtest6  (cost=0.43..8.45 rows=1 width=121)
	  Index Cond: (id = 8265675)

table 7 : explain SELECT c FROM sbtest7 WHERE id=3641312
	Index Scan using sbtest7_pkey on sbtest7  (cost=0.43..8.45 rows=1 width=121)
	  Index Cond: (id = 3641312)

table 8 : explain SELECT c FROM sbtest8 WHERE id=8387197
	Index Scan using sbtest8_pkey on sbtest8  (cost=0.43..8.45 rows=1 width=121)
	  Index Cond: (id = 8387197)

for: simple_ranges
table 1 : explain SELECT c FROM sbtest1 WHERE id BETWEEN 3074270 AND 3084269
	Bitmap Heap Scan on sbtest1  (cost=206.98..33154.93 rows=9614 width=121)
	  Recheck Cond: ((id >= 3074270) AND (id <= 3084269))
	  ->  Bitmap Index Scan on sbtest1_pkey  (cost=0.00..204.57 rows=9614 width=0)
	        Index Cond: ((id >= 3074270) AND (id <= 3084269))

table 2 : explain SELECT c FROM sbtest2 WHERE id BETWEEN 5146632 AND 5156631
	Bitmap Heap Scan on sbtest2  (cost=207.39..33270.27 rows=9654 width=121)
	  Recheck Cond: ((id >= 5146632) AND (id <= 5156631))
	  ->  Bitmap Index Scan on sbtest2_pkey  (cost=0.00..204.98 rows=9654 width=0)
	        Index Cond: ((id >= 5146632) AND (id <= 5156631))

table 3 : explain SELECT c FROM sbtest3 WHERE id BETWEEN 7345723 AND 7355722
	Bitmap Heap Scan on sbtest3  (cost=238.94..37966.81 rows=11171 width=121)
	  Recheck Cond: ((id >= 7345723) AND (id <= 7355722))
	  ->  Bitmap Index Scan on sbtest3_pkey  (cost=0.00..236.15 rows=11171 width=0)
	        Index Cond: ((id >= 7345723) AND (id <= 7355722))

table 4 : explain SELECT c FROM sbtest4 WHERE id BETWEEN 2194540 AND 2204539
	Bitmap Heap Scan on sbtest4  (cost=223.94..35864.09 rows=10488 width=121)
	  Recheck Cond: ((id >= 2194540) AND (id <= 2204539))
	  ->  Bitmap Index Scan on sbtest4_pkey  (cost=0.00..221.31 rows=10488 width=0)
	        Index Cond: ((id >= 2194540) AND (id <= 2204539))

table 5 : explain SELECT c FROM sbtest5 WHERE id BETWEEN 1666702 AND 1676701
	Bitmap Heap Scan on sbtest5  (cost=220.86..34990.07 rows=10188 width=121)
	  Recheck Cond: ((id >= 1666702) AND (id <= 1676701))
	  ->  Bitmap Index Scan on sbtest5_pkey  (cost=0.00..218.31 rows=10188 width=0)
	        Index Cond: ((id >= 1666702) AND (id <= 1676701))

table 6 : explain SELECT c FROM sbtest6 WHERE id BETWEEN 63068 AND 73067
	Bitmap Heap Scan on sbtest6  (cost=214.43..34215.84 rows=9951 width=121)
	  Recheck Cond: ((id >= 63068) AND (id <= 73067))
	  ->  Bitmap Index Scan on sbtest6_pkey  (cost=0.00..211.94 rows=9951 width=0)
	        Index Cond: ((id >= 63068) AND (id <= 73067))

table 7 : explain SELECT c FROM sbtest7 WHERE id BETWEEN 881155 AND 891154
	Bitmap Heap Scan on sbtest7  (cost=236.95..37441.87 rows=10977 width=121)
	  Recheck Cond: ((id >= 881155) AND (id <= 891154))
	  ->  Bitmap Index Scan on sbtest7_pkey  (cost=0.00..234.20 rows=10977 width=0)
	        Index Cond: ((id >= 881155) AND (id <= 891154))

table 8 : explain SELECT c FROM sbtest8 WHERE id BETWEEN 5800635 AND 5810634
	Bitmap Heap Scan on sbtest8  (cost=213.33..33918.26 rows=9843 width=121)
	  Recheck Cond: ((id >= 5800635) AND (id <= 5810634))
	  ->  Bitmap Index Scan on sbtest8_pkey  (cost=0.00..210.87 rows=9843 width=0)
	        Index Cond: ((id >= 5800635) AND (id <= 5810634))

for: simple_ranges
table 1 : explain SELECT c FROM sbtest1 WHERE id BETWEEN 9459219 AND 9469218
	Bitmap Heap Scan on sbtest1  (cost=192.92..31288.29 rows=9023 width=121)
	  Recheck Cond: ((id >= 9459219) AND (id <= 9469218))
	  ->  Bitmap Index Scan on sbtest1_pkey  (cost=0.00..190.67 rows=9023 width=0)
	        Index Cond: ((id >= 9459219) AND (id <= 9469218))

table 2 : explain SELECT c FROM sbtest2 WHERE id BETWEEN 5764238 AND 5774237
	Bitmap Heap Scan on sbtest2  (cost=224.08..35907.25 rows=10502 width=121)
	  Recheck Cond: ((id >= 5764238) AND (id <= 5774237))
	  ->  Bitmap Index Scan on sbtest2_pkey  (cost=0.00..221.45 rows=10502 width=0)
	        Index Cond: ((id >= 5764238) AND (id <= 5774237))

table 3 : explain SELECT c FROM sbtest3 WHERE id BETWEEN 5562540 AND 5572539
	Bitmap Heap Scan on sbtest3  (cost=214.04..34084.30 rows=9913 width=121)
	  Recheck Cond: ((id >= 5562540) AND (id <= 5572539))
	  ->  Bitmap Index Scan on sbtest3_pkey  (cost=0.00..211.56 rows=9913 width=0)
	        Index Cond: ((id >= 5562540) AND (id <= 5572539))

table 4 : explain SELECT c FROM sbtest4 WHERE id BETWEEN 9644023 AND 9654022
	Bitmap Heap Scan on sbtest4  (cost=198.55..31786.86 rows=9182 width=121)
	  Recheck Cond: ((id >= 9644023) AND (id <= 9654022))
	  ->  Bitmap Index Scan on sbtest4_pkey  (cost=0.00..196.25 rows=9182 width=0)
	        Index Cond: ((id >= 9644023) AND (id <= 9654022))

table 5 : explain SELECT c FROM sbtest5 WHERE id BETWEEN 8258490 AND 8268489
	Bitmap Heap Scan on sbtest5  (cost=193.28..31436.21 rows=9058 width=121)
	  Recheck Cond: ((id >= 8258490) AND (id <= 8268489))
	  ->  Bitmap Index Scan on sbtest5_pkey  (cost=0.00..191.01 rows=9058 width=0)
	        Index Cond: ((id >= 8258490) AND (id <= 8268489))

table 6 : explain SELECT c FROM sbtest6 WHERE id BETWEEN 338465 AND 348464
	Bitmap Heap Scan on sbtest6  (cost=213.83..34032.61 rows=9892 width=121)
	  Recheck Cond: ((id >= 338465) AND (id <= 348464))
	  ->  Bitmap Index Scan on sbtest6_pkey  (cost=0.00..211.36 rows=9892 width=0)
	        Index Cond: ((id >= 338465) AND (id <= 348464))

table 7 : explain SELECT c FROM sbtest7 WHERE id BETWEEN 9683067 AND 9693066
	Bitmap Heap Scan on sbtest7  (cost=244.80..38594.04 rows=11353 width=121)
	  Recheck Cond: ((id >= 9683067) AND (id <= 9693066))
	  ->  Bitmap Index Scan on sbtest7_pkey  (cost=0.00..241.97 rows=11353 width=0)
	        Index Cond: ((id >= 9683067) AND (id <= 9693066))

table 8 : explain SELECT c FROM sbtest8 WHERE id BETWEEN 5191484 AND 5201483
	Bitmap Heap Scan on sbtest8  (cost=214.97..34414.03 rows=10003 width=121)
	  Recheck Cond: ((id >= 5191484) AND (id <= 5201483))
	  ->  Bitmap Index Scan on sbtest8_pkey  (cost=0.00..212.47 rows=10003 width=0)
	        Index Cond: ((id >= 5191484) AND (id <= 5201483))

for point_selects
table 1 : explain SELECT c FROM sbtest1 WHERE id=605597
	Index Scan using sbtest1_pkey on sbtest1  (cost=0.43..8.45 rows=1 width=121)
	  Index Cond: (id = 605597)

table 2 : explain SELECT c FROM sbtest2 WHERE id=5852676
	Index Scan using sbtest2_pkey on sbtest2  (cost=0.43..8.45 rows=1 width=121)
	  Index Cond: (id = 5852676)

table 3 : explain SELECT c FROM sbtest3 WHERE id=4351788
	Index Scan using sbtest3_pkey on sbtest3  (cost=0.43..8.45 rows=1 width=121)
	  Index Cond: (id = 4351788)

table 4 : explain SELECT c FROM sbtest4 WHERE id=15968
	Index Scan using sbtest4_pkey on sbtest4  (cost=0.43..8.45 rows=1 width=121)
	  Index Cond: (id = 15968)

table 5 : explain SELECT c FROM sbtest5 WHERE id=9170691
	Index Scan using sbtest5_pkey on sbtest5  (cost=0.43..8.45 rows=1 width=121)
	  Index Cond: (id = 9170691)

table 6 : explain SELECT c FROM sbtest6 WHERE id=845326
	Index Scan using sbtest6_pkey on sbtest6  (cost=0.43..8.45 rows=1 width=121)
	  Index Cond: (id = 845326)

table 7 : explain SELECT c FROM sbtest7 WHERE id=9876391
	Index Scan using sbtest7_pkey on sbtest7  (cost=0.43..8.45 rows=1 width=121)
	  Index Cond: (id = 9876391)

table 8 : explain SELECT c FROM sbtest8 WHERE id=3458108
	Index Scan using sbtest8_pkey on sbtest8  (cost=0.43..8.45 rows=1 width=121)
	  Index Cond: (id = 3458108)

explain: for point_selects :: explain SELECT c FROM sbtest%u WHERE id=%u
for point_selects
table 1 : explain SELECT c FROM sbtest1 WHERE id=9006484
	Index Scan using sbtest1_pkey on sbtest1  (cost=0.43..8.45 rows=1 width=121)
	  Index Cond: (id = 9006484)

table 2 : explain SELECT c FROM sbtest2 WHERE id=7791232
	Index Scan using sbtest2_pkey on sbtest2  (cost=0.43..8.45 rows=1 width=121)
	  Index Cond: (id = 7791232)

table 3 : explain SELECT c FROM sbtest3 WHERE id=4298022
	Index Scan using sbtest3_pkey on sbtest3  (cost=0.43..8.45 rows=1 width=121)
	  Index Cond: (id = 4298022)

table 4 : explain SELECT c FROM sbtest4 WHERE id=4313692
	Index Scan using sbtest4_pkey on sbtest4  (cost=0.43..8.45 rows=1 width=121)
	  Index Cond: (id = 4313692)

table 5 : explain SELECT c FROM sbtest5 WHERE id=900082
	Index Scan using sbtest5_pkey on sbtest5  (cost=0.43..8.45 rows=1 width=121)
	  Index Cond: (id = 900082)

table 6 : explain SELECT c FROM sbtest6 WHERE id=3787226
	Index Scan using sbtest6_pkey on sbtest6  (cost=0.43..8.45 rows=1 width=121)
	  Index Cond: (id = 3787226)

table 7 : explain SELECT c FROM sbtest7 WHERE id=7254982
	Index Scan using sbtest7_pkey on sbtest7  (cost=0.43..8.45 rows=1 width=121)
	  Index Cond: (id = 7254982)

table 8 : explain SELECT c FROM sbtest8 WHERE id=4187592
	Index Scan using sbtest8_pkey on sbtest8  (cost=0.43..8.45 rows=1 width=121)
	  Index Cond: (id = 4187592)

for: sum_ranges
table 1 : explain SELECT SUM(k) FROM sbtest1 WHERE id BETWEEN 212547 AND 222546
	Aggregate  (cost=34374.64..34374.65 rows=1 width=8)
	  ->  Bitmap Heap Scan on sbtest1  (cost=214.90..34349.65 rows=9997 width=4)
	        Recheck Cond: ((id >= 212547) AND (id <= 222546))
	        ->  Bitmap Index Scan on sbtest1_pkey  (cost=0.00..212.41 rows=9997 width=0)
	              Index Cond: ((id >= 212547) AND (id <= 222546))

table 2 : explain SELECT SUM(k) FROM sbtest2 WHERE id BETWEEN 4559241 AND 4569240
	Aggregate  (cost=32764.06..32764.07 rows=1 width=8)
	  ->  Bitmap Heap Scan on sbtest2  (cost=201.67..32740.35 rows=9486 width=4)
	        Recheck Cond: ((id >= 4559241) AND (id <= 4569240))
	        ->  Bitmap Index Scan on sbtest2_pkey  (cost=0.00..199.30 rows=9486 width=0)
	              Index Cond: ((id >= 4559241) AND (id <= 4569240))

table 3 : explain SELECT SUM(k) FROM sbtest3 WHERE id BETWEEN 7469105 AND 7479104
	Aggregate  (cost=34115.51..34115.52 rows=1 width=8)
	  ->  Bitmap Heap Scan on sbtest3  (cost=214.06..34090.73 rows=9915 width=4)
	        Recheck Cond: ((id >= 7469105) AND (id <= 7479104))
	        ->  Bitmap Index Scan on sbtest3_pkey  (cost=0.00..211.59 rows=9915 width=0)
	              Index Cond: ((id >= 7469105) AND (id <= 7479104))

table 4 : explain SELECT SUM(k) FROM sbtest4 WHERE id BETWEEN 1444333 AND 1454332
	Aggregate  (cost=34554.64..34554.65 rows=1 width=8)
	  ->  Bitmap Heap Scan on sbtest4  (cost=215.52..34529.50 rows=10057 width=4)
	        Recheck Cond: ((id >= 1444333) AND (id <= 1454332))
	        ->  Bitmap Index Scan on sbtest4_pkey  (cost=0.00..213.00 rows=10057 width=0)
	              Index Cond: ((id >= 1444333) AND (id <= 1454332))

table 5 : explain SELECT SUM(k) FROM sbtest5 WHERE id BETWEEN 9884257 AND 9894256
	Aggregate  (cost=32188.03..32188.04 rows=1 width=8)
	  ->  Bitmap Heap Scan on sbtest5  (cost=199.64..32164.81 rows=9288 width=4)
	        Recheck Cond: ((id >= 9884257) AND (id <= 9894256))
	        ->  Bitmap Index Scan on sbtest5_pkey  (cost=0.00..197.31 rows=9288 width=0)
	              Index Cond: ((id >= 9884257) AND (id <= 9894256))

table 6 : explain SELECT SUM(k) FROM sbtest6 WHERE id BETWEEN 5434479 AND 5444478
	Aggregate  (cost=33819.05..33819.06 rows=1 width=8)
	  ->  Bitmap Heap Scan on sbtest6  (cost=213.04..33794.51 rows=9815 width=4)
	        Recheck Cond: ((id >= 5434479) AND (id <= 5444478))
	        ->  Bitmap Index Scan on sbtest6_pkey  (cost=0.00..210.59 rows=9815 width=0)
	              Index Cond: ((id >= 5434479) AND (id <= 5444478))

table 7 : explain SELECT SUM(k) FROM sbtest7 WHERE id BETWEEN 3591197 AND 3601196
	Aggregate  (cost=34497.55..34497.56 rows=1 width=8)
	  ->  Bitmap Heap Scan on sbtest7  (cost=215.14..34472.50 rows=10020 width=4)
	        Recheck Cond: ((id >= 3591197) AND (id <= 3601196))
	        ->  Bitmap Index Scan on sbtest7_pkey  (cost=0.00..212.63 rows=10020 width=0)
	              Index Cond: ((id >= 3591197) AND (id <= 3601196))

table 8 : explain SELECT SUM(k) FROM sbtest8 WHERE id BETWEEN 7144461 AND 7154460
	Aggregate  (cost=36022.42..36022.43 rows=1 width=8)
	  ->  Bitmap Heap Scan on sbtest8  (cost=228.16..35996.14 rows=10510 width=4)
	        Recheck Cond: ((id >= 7144461) AND (id <= 7154460))
	        ->  Bitmap Index Scan on sbtest8_pkey  (cost=0.00..225.54 rows=10510 width=0)
	              Index Cond: ((id >= 7144461) AND (id <= 7154460))

for: simple_ranges
table 1 : explain SELECT c FROM sbtest1 WHERE id BETWEEN 740491 AND 750490
	Bitmap Heap Scan on sbtest1  (cost=207.80..33403.21 rows=9694 width=121)
	  Recheck Cond: ((id >= 740491) AND (id <= 750490))
	  ->  Bitmap Index Scan on sbtest1_pkey  (cost=0.00..205.38 rows=9694 width=0)
	        Index Cond: ((id >= 740491) AND (id <= 750490))

table 2 : explain SELECT c FROM sbtest2 WHERE id BETWEEN 6059622 AND 6069621
	Bitmap Heap Scan on sbtest2  (cost=208.08..33479.68 rows=9721 width=121)
	  Recheck Cond: ((id >= 6059622) AND (id <= 6069621))
	  ->  Bitmap Index Scan on sbtest2_pkey  (cost=0.00..205.65 rows=9721 width=0)
	        Index Cond: ((id >= 6059622) AND (id <= 6069621))

table 3 : explain SELECT c FROM sbtest3 WHERE id BETWEEN 4074396 AND 4084395
	Bitmap Heap Scan on sbtest3  (cost=215.99..34671.60 rows=10103 width=121)
	  Recheck Cond: ((id >= 4074396) AND (id <= 4084395))
	  ->  Bitmap Index Scan on sbtest3_pkey  (cost=0.00..213.47 rows=10103 width=0)
	        Index Cond: ((id >= 4074396) AND (id <= 4084395))

table 4 : explain SELECT c FROM sbtest4 WHERE id BETWEEN 7088240 AND 7098239
	Bitmap Heap Scan on sbtest4  (cost=214.22..34134.72 rows=9930 width=121)
	  Recheck Cond: ((id >= 7088240) AND (id <= 7098239))
	  ->  Bitmap Index Scan on sbtest4_pkey  (cost=0.00..211.74 rows=9930 width=0)
	        Index Cond: ((id >= 7088240) AND (id <= 7098239))

table 5 : explain SELECT c FROM sbtest5 WHERE id BETWEEN 714278 AND 724277
	Bitmap Heap Scan on sbtest5  (cost=229.92..36519.77 rows=10681 width=121)
	  Recheck Cond: ((id >= 714278) AND (id <= 724277))
	  ->  Bitmap Index Scan on sbtest5_pkey  (cost=0.00..227.25 rows=10681 width=0)
	        Index Cond: ((id >= 714278) AND (id <= 724277))

table 6 : explain SELECT c FROM sbtest6 WHERE id BETWEEN 5773789 AND 5783788
	Bitmap Heap Scan on sbtest6  (cost=215.70..34601.14 rows=10075 width=121)
	  Recheck Cond: ((id >= 5773789) AND (id <= 5783788))
	  ->  Bitmap Index Scan on sbtest6_pkey  (cost=0.00..213.19 rows=10075 width=0)
	        Index Cond: ((id >= 5773789) AND (id <= 5783788))

table 7 : explain SELECT c FROM sbtest7 WHERE id BETWEEN 4471244 AND 4481243
	Bitmap Heap Scan on sbtest7  (cost=199.08..32001.97 rows=9234 width=121)
	  Recheck Cond: ((id >= 4471244) AND (id <= 4481243))
	  ->  Bitmap Index Scan on sbtest7_pkey  (cost=0.00..196.78 rows=9234 width=0)
	        Index Cond: ((id >= 4471244) AND (id <= 4481243))

table 8 : explain SELECT c FROM sbtest8 WHERE id BETWEEN 1971266 AND 1981265
	Bitmap Heap Scan on sbtest8  (cost=213.75..34043.92 rows=9884 width=121)
	  Recheck Cond: ((id >= 1971266) AND (id <= 1981265))
	  ->  Bitmap Index Scan on sbtest8_pkey  (cost=0.00..211.28 rows=9884 width=0)
	        Index Cond: ((id >= 1971266) AND (id <= 1981265))

for: sum_ranges
table 1 : explain SELECT SUM(k) FROM sbtest1 WHERE id BETWEEN 412126 AND 422125
	Aggregate  (cost=33401.65..33401.66 rows=1 width=8)
	  ->  Bitmap Heap Scan on sbtest1  (cost=207.72..33377.43 rows=9686 width=4)
	        Recheck Cond: ((id >= 412126) AND (id <= 422125))
	        ->  Bitmap Index Scan on sbtest1_pkey  (cost=0.00..205.30 rows=9686 width=0)
	              Index Cond: ((id >= 412126) AND (id <= 422125))

table 2 : explain SELECT SUM(k) FROM sbtest2 WHERE id BETWEEN 777593 AND 787592
	Aggregate  (cost=36329.79..36329.80 rows=1 width=8)
	  ->  Bitmap Heap Scan on sbtest2  (cost=229.38..36303.22 rows=10629 width=4)
	        Recheck Cond: ((id >= 777593) AND (id <= 787592))
	        ->  Bitmap Index Scan on sbtest2_pkey  (cost=0.00..226.73 rows=10629 width=0)
	              Index Cond: ((id >= 777593) AND (id <= 787592))

table 3 : explain SELECT SUM(k) FROM sbtest3 WHERE id BETWEEN 6818634 AND 6828633
	Aggregate  (cost=33819.52..33819.53 rows=1 width=8)
	  ->  Bitmap Heap Scan on sbtest3  (cost=213.09..33794.97 rows=9820 width=4)
	        Recheck Cond: ((id >= 6818634) AND (id <= 6828633))
	        ->  Bitmap Index Scan on sbtest3_pkey  (cost=0.00..210.63 rows=9820 width=0)
	              Index Cond: ((id >= 6818634) AND (id <= 6828633))

table 4 : explain SELECT SUM(k) FROM sbtest4 WHERE id BETWEEN 4302509 AND 4312508
	Aggregate  (cost=35717.85..35717.86 rows=1 width=8)
	  ->  Bitmap Heap Scan on sbtest4  (cost=223.36..35691.77 rows=10432 width=4)
	        Recheck Cond: ((id >= 4302509) AND (id <= 4312508))
	        ->  Bitmap Index Scan on sbtest4_pkey  (cost=0.00..220.75 rows=10432 width=0)
	              Index Cond: ((id >= 4302509) AND (id <= 4312508))

table 5 : explain SELECT SUM(k) FROM sbtest5 WHERE id BETWEEN 5867063 AND 5877062
	Aggregate  (cost=34049.68..34049.69 rows=1 width=8)
	  ->  Bitmap Heap Scan on sbtest5  (cost=213.69..34024.98 rows=9879 width=4)
	        Recheck Cond: ((id >= 5867063) AND (id <= 5877062))
	        ->  Bitmap Index Scan on sbtest5_pkey  (cost=0.00..211.23 rows=9879 width=0)
	              Index Cond: ((id >= 5867063) AND (id <= 5877062))

table 6 : explain SELECT SUM(k) FROM sbtest6 WHERE id BETWEEN 7132979 AND 7142978
	Aggregate  (cost=33724.86..33724.87 rows=1 width=8)
	  ->  Bitmap Heap Scan on sbtest6  (cost=208.75..33700.39 rows=9787 width=4)
	        Recheck Cond: ((id >= 7132979) AND (id <= 7142978))
	        ->  Bitmap Index Scan on sbtest6_pkey  (cost=0.00..206.31 rows=9787 width=0)
	              Index Cond: ((id >= 7132979) AND (id <= 7142978))

table 7 : explain SELECT SUM(k) FROM sbtest7 WHERE id BETWEEN 8884329 AND 8894328
	Aggregate  (cost=34523.29..34523.30 rows=1 width=8)
	  ->  Bitmap Heap Scan on sbtest7  (cost=215.22..34498.22 rows=10028 width=4)
	        Recheck Cond: ((id >= 8884329) AND (id <= 8894328))
	        ->  Bitmap Index Scan on sbtest7_pkey  (cost=0.00..212.72 rows=10028 width=0)
	              Index Cond: ((id >= 8884329) AND (id <= 8894328))

table 8 : explain SELECT SUM(k) FROM sbtest8 WHERE id BETWEEN 1692891 AND 1702890
	Aggregate  (cost=34838.61..34838.62 rows=1 width=8)
	  ->  Bitmap Heap Scan on sbtest8  (cost=220.27..34813.28 rows=10130 width=4)
	        Recheck Cond: ((id >= 1692891) AND (id <= 1702890))
	        ->  Bitmap Index Scan on sbtest8_pkey  (cost=0.00..217.74 rows=10130 width=0)
	              Index Cond: ((id >= 1692891) AND (id <= 1702890))

for: sum_ranges
table 1 : explain SELECT SUM(k) FROM sbtest1 WHERE id BETWEEN 4065186 AND 4075185
	Aggregate  (cost=38181.34..38181.35 rows=1 width=8)
	  ->  Bitmap Heap Scan on sbtest1  (cost=239.53..38153.27 rows=11229 width=4)
	        Recheck Cond: ((id >= 4065186) AND (id <= 4075185))
	        ->  Bitmap Index Scan on sbtest1_pkey  (cost=0.00..236.73 rows=11229 width=0)
	              Index Cond: ((id >= 4065186) AND (id <= 4075185))

table 2 : explain SELECT SUM(k) FROM sbtest2 WHERE id BETWEEN 1681176 AND 1691175
	Aggregate  (cost=34373.45..34373.46 rows=1 width=8)
	  ->  Bitmap Heap Scan on sbtest2  (cost=214.92..34348.45 rows=9999 width=4)
	        Recheck Cond: ((id >= 1681176) AND (id <= 1691175))
	        ->  Bitmap Index Scan on sbtest2_pkey  (cost=0.00..212.43 rows=9999 width=0)
	              Index Cond: ((id >= 1681176) AND (id <= 1691175))

table 3 : explain SELECT SUM(k) FROM sbtest3 WHERE id BETWEEN 7082845 AND 7092844
	Aggregate  (cost=34305.15..34305.16 rows=1 width=8)
	  ->  Bitmap Heap Scan on sbtest3  (cost=214.69..34280.21 rows=9976 width=4)
	        Recheck Cond: ((id >= 7082845) AND (id <= 7092844))
	        ->  Bitmap Index Scan on sbtest3_pkey  (cost=0.00..212.19 rows=9976 width=0)
	              Index Cond: ((id >= 7082845) AND (id <= 7092844))

table 4 : explain SELECT SUM(k) FROM sbtest4 WHERE id BETWEEN 1606788 AND 1616787
	Aggregate  (cost=35768.95..35768.96 rows=1 width=8)
	  ->  Bitmap Heap Scan on sbtest4  (cost=223.53..35742.83 rows=10448 width=4)
	        Recheck Cond: ((id >= 1606788) AND (id <= 1616787))
	        ->  Bitmap Index Scan on sbtest4_pkey  (cost=0.00..220.92 rows=10448 width=0)
	              Index Cond: ((id >= 1606788) AND (id <= 1616787))

table 5 : explain SELECT SUM(k) FROM sbtest5 WHERE id BETWEEN 835429 AND 845428
	Aggregate  (cost=38956.08..38956.09 rows=1 width=8)
	  ->  Bitmap Heap Scan on sbtest5  (cost=245.95..38927.42 rows=11465 width=4)
	        Recheck Cond: ((id >= 835429) AND (id <= 845428))
	        ->  Bitmap Index Scan on sbtest5_pkey  (cost=0.00..243.09 rows=11465 width=0)
	              Index Cond: ((id >= 835429) AND (id <= 845428))

table 6 : explain SELECT SUM(k) FROM sbtest6 WHERE id BETWEEN 7446898 AND 7456897
	Aggregate  (cost=34944.80..34944.81 rows=1 width=8)
	  ->  Bitmap Heap Scan on sbtest6  (cost=220.74..34919.36 rows=10176 width=4)
	        Recheck Cond: ((id >= 7446898) AND (id <= 7456897))
	        ->  Bitmap Index Scan on sbtest6_pkey  (cost=0.00..218.19 rows=10176 width=0)
	              Index Cond: ((id >= 7446898) AND (id <= 7456897))

table 7 : explain SELECT SUM(k) FROM sbtest7 WHERE id BETWEEN 2761142 AND 2771141
	Aggregate  (cost=33911.11..33911.12 rows=1 width=8)
	  ->  Bitmap Heap Scan on sbtest7  (cost=213.21..33886.53 rows=9832 width=4)
	        Recheck Cond: ((id >= 2761142) AND (id <= 2771141))
	        ->  Bitmap Index Scan on sbtest7_pkey  (cost=0.00..210.75 rows=9832 width=0)
	              Index Cond: ((id >= 2761142) AND (id <= 2771141))

table 8 : explain SELECT SUM(k) FROM sbtest8 WHERE id BETWEEN 6454856 AND 6464855
	Aggregate  (cost=35275.25..35275.26 rows=1 width=8)
	  ->  Bitmap Heap Scan on sbtest8  (cost=221.70..35249.58 rows=10270 width=4)
	        Recheck Cond: ((id >= 6454856) AND (id <= 6464855))
	        ->  Bitmap Index Scan on sbtest8_pkey  (cost=0.00..219.13 rows=10270 width=0)
	              Index Cond: ((id >= 6454856) AND (id <= 6464855))

explain: for point_selects :: explain SELECT c FROM sbtest%u WHERE id=%u
for: simple_ranges
table 1 : explain SELECT c FROM sbtest1 WHERE id BETWEEN 1437530 AND 1447529
	Bitmap Heap Scan on sbtest1  (cost=209.19..33828.22 rows=9830 width=121)
	  Recheck Cond: ((id >= 1437530) AND (id <= 1447529))
	  ->  Bitmap Index Scan on sbtest1_pkey  (cost=0.00..206.74 rows=9830 width=0)
	        Index Cond: ((id >= 1437530) AND (id <= 1447529))

table 2 : explain SELECT c FROM sbtest2 WHERE id BETWEEN 2999447 AND 3009446
	Bitmap Heap Scan on sbtest2  (cost=239.97..38273.83 rows=11272 width=121)
	  Recheck Cond: ((id >= 2999447) AND (id <= 3009446))
	  ->  Bitmap Index Scan on sbtest2_pkey  (cost=0.00..237.16 rows=11272 width=0)
	        Index Cond: ((id >= 2999447) AND (id <= 3009446))

table 3 : explain SELECT c FROM sbtest3 WHERE id BETWEEN 9956105 AND 9966104
	Bitmap Heap Scan on sbtest3  (cost=200.36..32344.90 rows=9359 width=121)
	  Recheck Cond: ((id >= 9956105) AND (id <= 9966104))
	  ->  Bitmap Index Scan on sbtest3_pkey  (cost=0.00..198.03 rows=9359 width=0)
	        Index Cond: ((id >= 9956105) AND (id <= 9966104))

table 4 : explain SELECT c FROM sbtest4 WHERE id BETWEEN 7622188 AND 7632187
	Bitmap Heap Scan on sbtest4  (cost=214.76..34298.49 rows=9983 width=121)
	  Recheck Cond: ((id >= 7622188) AND (id <= 7632187))
	  ->  Bitmap Index Scan on sbtest4_pkey  (cost=0.00..212.26 rows=9983 width=0)
	        Index Cond: ((id >= 7622188) AND (id <= 7632187))

table 5 : explain SELECT c FROM sbtest5 WHERE id BETWEEN 2718738 AND 2728737
	Bitmap Heap Scan on sbtest5  (cost=197.68..31563.83 rows=9097 width=121)
	  Recheck Cond: ((id >= 2718738) AND (id <= 2728737))
	  ->  Bitmap Index Scan on sbtest5_pkey  (cost=0.00..195.41 rows=9097 width=0)
	        Index Cond: ((id >= 2718738) AND (id <= 2728737))

table 6 : explain SELECT c FROM sbtest6 WHERE id BETWEEN 3274524 AND 3284523
	Bitmap Heap Scan on sbtest6  (cost=208.34..33577.98 rows=9747 width=121)
	  Recheck Cond: ((id >= 3274524) AND (id <= 3284523))
	  ->  Bitmap Index Scan on sbtest6_pkey  (cost=0.00..205.91 rows=9747 width=0)
	        Index Cond: ((id >= 3274524) AND (id <= 3284523))

table 7 : explain SELECT c FROM sbtest7 WHERE id BETWEEN 2533647 AND 2543646
	Bitmap Heap Scan on sbtest7  (cost=197.69..31572.90 rows=9098 width=121)
	  Recheck Cond: ((id >= 2533647) AND (id <= 2543646))
	  ->  Bitmap Index Scan on sbtest7_pkey  (cost=0.00..195.42 rows=9098 width=0)
	        Index Cond: ((id >= 2533647) AND (id <= 2543646))

table 8 : explain SELECT c FROM sbtest8 WHERE id BETWEEN 2632243 AND 2642242
	Bitmap Heap Scan on sbtest8  (cost=196.18..31104.00 rows=8951 width=121)
	  Recheck Cond: ((id >= 2632243) AND (id <= 2642242))
	  ->  Bitmap Index Scan on sbtest8_pkey  (cost=0.00..193.94 rows=8951 width=0)
	        Index Cond: ((id >= 2632243) AND (id <= 2642242))

for: sum_ranges
table 1 : explain SELECT SUM(k) FROM sbtest1 WHERE id BETWEEN 4428099 AND 4438098
	Aggregate  (cost=32959.34..32959.35 rows=1 width=8)
	  ->  Bitmap Heap Scan on sbtest1  (cost=206.26..32935.48 rows=9544 width=4)
	        Recheck Cond: ((id >= 4428099) AND (id <= 4438098))
	        ->  Bitmap Index Scan on sbtest1_pkey  (cost=0.00..203.88 rows=9544 width=0)
	              Index Cond: ((id >= 4428099) AND (id <= 4438098))

table 2 : explain SELECT SUM(k) FROM sbtest2 WHERE id BETWEEN 9389567 AND 9399566
	Aggregate  (cost=36769.22..36769.23 rows=1 width=8)
	  ->  Bitmap Heap Scan on sbtest2  (cost=230.86..36742.29 rows=10773 width=4)
	        Recheck Cond: ((id >= 9389567) AND (id <= 9399566))
	        ->  Bitmap Index Scan on sbtest2_pkey  (cost=0.00..228.17 rows=10773 width=0)
	              Index Cond: ((id >= 9389567) AND (id <= 9399566))

table 3 : explain SELECT SUM(k) FROM sbtest3 WHERE id BETWEEN 4916248 AND 4926247
	Aggregate  (cost=35290.42..35290.43 rows=1 width=8)
	  ->  Bitmap Heap Scan on sbtest3  (cost=221.94..35264.69 rows=10293 width=4)
	        Recheck Cond: ((id >= 4916248) AND (id <= 4926247))
	        ->  Bitmap Index Scan on sbtest3_pkey  (cost=0.00..219.37 rows=10293 width=0)
	              Index Cond: ((id >= 4916248) AND (id <= 4926247))

table 4 : explain SELECT SUM(k) FROM sbtest4 WHERE id BETWEEN 3397258 AND 3407257
	Aggregate  (cost=30108.27..30108.28 rows=1 width=8)
	  ->  Bitmap Heap Scan on sbtest4  (cost=185.06..30086.66 rows=8646 width=4)
	        Recheck Cond: ((id >= 3397258) AND (id <= 3407257))
	        ->  Bitmap Index Scan on sbtest4_pkey  (cost=0.00..182.90 rows=8646 width=0)
	              Index Cond: ((id >= 3397258) AND (id <= 3407257))

table 5 : explain SELECT SUM(k) FROM sbtest5 WHERE id BETWEEN 8395710 AND 8405709
	Aggregate  (cost=39982.58..39982.59 rows=1 width=8)
	  ->  Bitmap Heap Scan on sbtest5  (cost=253.41..39953.08 rows=11802 width=4)
	        Recheck Cond: ((id >= 8395710) AND (id <= 8405709))
	        ->  Bitmap Index Scan on sbtest5_pkey  (cost=0.00..250.45 rows=11802 width=0)
	              Index Cond: ((id >= 8395710) AND (id <= 8405709))

table 6 : explain SELECT SUM(k) FROM sbtest6 WHERE id BETWEEN 2517395 AND 2527394
	Aggregate  (cost=33421.73..33421.74 rows=1 width=8)
	  ->  Bitmap Heap Scan on sbtest6  (cost=207.75..33397.51 rows=9689 width=4)
	        Recheck Cond: ((id >= 2517395) AND (id <= 2527394))
	        ->  Bitmap Index Scan on sbtest6_pkey  (cost=0.00..205.32 rows=9689 width=0)
	              Index Cond: ((id >= 2517395) AND (id <= 2527394))

table 7 : explain SELECT SUM(k) FROM sbtest7 WHERE id BETWEEN 1790655 AND 1800654
	Aggregate  (cost=33151.10..33151.11 rows=1 width=8)
	  ->  Bitmap Heap Scan on sbtest7  (cost=206.73..33127.12 rows=9590 width=4)
	        Recheck Cond: ((id >= 1790655) AND (id <= 1800654))
	        ->  Bitmap Index Scan on sbtest7_pkey  (cost=0.00..204.34 rows=9590 width=0)
	              Index Cond: ((id >= 1790655) AND (id <= 1800654))

table 8 : explain SELECT SUM(k) FROM sbtest8 WHERE id BETWEEN 5637055 AND 5647054
	Aggregate  (cost=33942.87..33942.88 rows=1 width=8)
	  ->  Bitmap Heap Scan on sbtest8  (cost=213.33..33918.26 rows=9843 width=4)
	        Recheck Cond: ((id >= 5637055) AND (id <= 5647054))
	        ->  Bitmap Index Scan on sbtest8_pkey  (cost=0.00..210.87 rows=9843 width=0)
	              Index Cond: ((id >= 5637055) AND (id <= 5647054))

explain: for point_selects :: explain SELECT c FROM sbtest%u WHERE id=%u
for point_selects
table 1 : explain SELECT c FROM sbtest1 WHERE id=8073562
	Index Scan using sbtest1_pkey on sbtest1  (cost=0.43..8.45 rows=1 width=121)
	  Index Cond: (id = 8073562)

table 2 : explain SELECT c FROM sbtest2 WHERE id=3047653
	Index Scan using sbtest2_pkey on sbtest2  (cost=0.43..8.45 rows=1 width=121)
	  Index Cond: (id = 3047653)

table 3 : explain SELECT c FROM sbtest3 WHERE id=2270598
	Index Scan using sbtest3_pkey on sbtest3  (cost=0.43..8.45 rows=1 width=121)
	  Index Cond: (id = 2270598)

table 4 : explain SELECT c FROM sbtest4 WHERE id=1119378
	Index Scan using sbtest4_pkey on sbtest4  (cost=0.43..8.45 rows=1 width=121)
	  Index Cond: (id = 1119378)

table 5 : explain SELECT c FROM sbtest5 WHERE id=9694746
	Index Scan using sbtest5_pkey on sbtest5  (cost=0.43..8.45 rows=1 width=121)
	  Index Cond: (id = 9694746)

table 6 : explain SELECT c FROM sbtest6 WHERE id=8981771
	Index Scan using sbtest6_pkey on sbtest6  (cost=0.43..8.45 rows=1 width=121)
	  Index Cond: (id = 8981771)

table 7 : explain SELECT c FROM sbtest7 WHERE id=7465098
	Index Scan using sbtest7_pkey on sbtest7  (cost=0.43..8.45 rows=1 width=121)
	  Index Cond: (id = 7465098)

table 8 : explain SELECT c FROM sbtest8 WHERE id=9583022
	Index Scan using sbtest8_pkey on sbtest8  (cost=0.43..8.45 rows=1 width=121)
	  Index Cond: (id = 9583022)

explain: for point_selects :: explain SELECT c FROM sbtest%u WHERE id=%u
for: sum_ranges
table 1 : explain SELECT SUM(k) FROM sbtest1 WHERE id BETWEEN 2093888 AND 2103887
	Aggregate  (cost=35334.27..35334.28 rows=1 width=8)
	  ->  Bitmap Heap Scan on sbtest1  (cost=222.06..35308.51 rows=10305 width=4)
	        Recheck Cond: ((id >= 2093888) AND (id <= 2103887))
	        ->  Bitmap Index Scan on sbtest1_pkey  (cost=0.00..219.49 rows=10305 width=0)
	              Index Cond: ((id >= 2093888) AND (id <= 2103887))

table 2 : explain SELECT SUM(k) FROM sbtest2 WHERE id BETWEEN 2974652 AND 2984651
	Aggregate  (cost=38302.01..38302.02 rows=1 width=8)
	  ->  Bitmap Heap Scan on sbtest2  (cost=239.97..38273.83 rows=11272 width=4)
	        Recheck Cond: ((id >= 2974652) AND (id <= 2984651))
	        ->  Bitmap Index Scan on sbtest2_pkey  (cost=0.00..237.16 rows=11272 width=0)
	              Index Cond: ((id >= 2974652) AND (id <= 2984651))

table 3 : explain SELECT SUM(k) FROM sbtest3 WHERE id BETWEEN 1974136 AND 1984135
	Aggregate  (cost=35610.24..35610.25 rows=1 width=8)
	  ->  Bitmap Heap Scan on sbtest3  (cost=222.99..35584.25 rows=10396 width=4)
	        Recheck Cond: ((id >= 1974136) AND (id <= 1984135))
	        ->  Bitmap Index Scan on sbtest3_pkey  (cost=0.00..220.40 rows=10396 width=0)
	              Index Cond: ((id >= 1974136) AND (id <= 1984135))

table 4 : explain SELECT SUM(k) FROM sbtest4 WHERE id BETWEEN 5143524 AND 5153523
	Aggregate  (cost=36452.40..36452.41 rows=1 width=8)
	  ->  Bitmap Heap Scan on sbtest4  (cost=229.79..36425.73 rows=10669 width=4)
	        Recheck Cond: ((id >= 5143524) AND (id <= 5153523))
	        ->  Bitmap Index Scan on sbtest4_pkey  (cost=0.00..227.12 rows=10669 width=0)
	              Index Cond: ((id >= 5143524) AND (id <= 5153523))

table 5 : explain SELECT SUM(k) FROM sbtest5 WHERE id BETWEEN 7470112 AND 7480111
	Aggregate  (cost=34895.93..34895.94 rows=1 width=8)
	  ->  Bitmap Heap Scan on sbtest5  (cost=216.48..34870.55 rows=10151 width=4)
	        Recheck Cond: ((id >= 7470112) AND (id <= 7480111))
	        ->  Bitmap Index Scan on sbtest5_pkey  (cost=0.00..213.94 rows=10151 width=0)
	              Index Cond: ((id >= 7470112) AND (id <= 7480111))

table 6 : explain SELECT SUM(k) FROM sbtest6 WHERE id BETWEEN 9223564 AND 9233563
	Aggregate  (cost=35028.17..35028.18 rows=1 width=8)
	  ->  Bitmap Heap Scan on sbtest6  (cost=221.02..35002.66 rows=10203 width=4)
	        Recheck Cond: ((id >= 9223564) AND (id <= 9233563))
	        ->  Bitmap Index Scan on sbtest6_pkey  (cost=0.00..218.47 rows=10203 width=0)
	              Index Cond: ((id >= 9223564) AND (id <= 9233563))

table 7 : explain SELECT SUM(k) FROM sbtest7 WHERE id BETWEEN 5467411 AND 5477410
	Aggregate  (cost=35500.49..35500.50 rows=1 width=8)
	  ->  Bitmap Heap Scan on sbtest7  (cost=222.43..35474.64 rows=10341 width=4)
	        Recheck Cond: ((id >= 5467411) AND (id <= 5477410))
	        ->  Bitmap Index Scan on sbtest7_pkey  (cost=0.00..219.84 rows=10341 width=0)
	              Index Cond: ((id >= 5467411) AND (id <= 5477410))

table 8 : explain SELECT SUM(k) FROM sbtest8 WHERE id BETWEEN 9026402 AND 9036401
	Aggregate  (cost=34390.75..34390.76 rows=1 width=8)
	  ->  Bitmap Heap Scan on sbtest8  (cost=214.80..34365.78 rows=9987 width=4)
	        Recheck Cond: ((id >= 9026402) AND (id <= 9036401))
	        ->  Bitmap Index Scan on sbtest8_pkey  (cost=0.00..212.31 rows=9987 width=0)
	              Index Cond: ((id >= 9026402) AND (id <= 9036401))

for: sum_ranges
table 1 : explain SELECT SUM(k) FROM sbtest1 WHERE id BETWEEN 7888191 AND 7898190
	Aggregate  (cost=36405.07..36405.08 rows=1 width=8)
	  ->  Bitmap Heap Scan on sbtest1  (cost=229.61..36378.44 rows=10651 width=4)
	        Recheck Cond: ((id >= 7888191) AND (id <= 7898190))
	        ->  Bitmap Index Scan on sbtest1_pkey  (cost=0.00..226.94 rows=10651 width=0)
	              Index Cond: ((id >= 7888191) AND (id <= 7898190))

table 2 : explain SELECT SUM(k) FROM sbtest2 WHERE id BETWEEN 3224083 AND 3234082
	Aggregate  (cost=34222.47..34222.48 rows=1 width=8)
	  ->  Bitmap Heap Scan on sbtest2  (cost=214.43..34197.59 rows=9951 width=4)
	        Recheck Cond: ((id >= 3224083) AND (id <= 3234082))
	        ->  Bitmap Index Scan on sbtest2_pkey  (cost=0.00..211.94 rows=9951 width=0)
	              Index Cond: ((id >= 3224083) AND (id <= 3234082))

table 3 : explain SELECT SUM(k) FROM sbtest3 WHERE id BETWEEN 4266341 AND 4276340
	Aggregate  (cost=33257.97..33257.98 rows=1 width=8)
	  ->  Bitmap Heap Scan on sbtest3  (cost=207.27..33233.86 rows=9642 width=4)
	        Recheck Cond: ((id >= 4266341) AND (id <= 4276340))
	        ->  Bitmap Index Scan on sbtest3_pkey  (cost=0.00..204.86 rows=9642 width=0)
	              Index Cond: ((id >= 4266341) AND (id <= 4276340))

table 4 : explain SELECT SUM(k) FROM sbtest4 WHERE id BETWEEN 6768483 AND 6778482
	Aggregate  (cost=34455.12..34455.13 rows=1 width=8)
	  ->  Bitmap Heap Scan on sbtest4  (cost=215.19..34430.06 rows=10025 width=4)
	        Recheck Cond: ((id >= 6768483) AND (id <= 6778482))
	        ->  Bitmap Index Scan on sbtest4_pkey  (cost=0.00..212.69 rows=10025 width=0)
	              Index Cond: ((id >= 6768483) AND (id <= 6778482))

table 5 : explain SELECT SUM(k) FROM sbtest5 WHERE id BETWEEN 3449202 AND 3459201
	Aggregate  (cost=34911.98..34911.99 rows=1 width=8)
	  ->  Bitmap Heap Scan on sbtest5  (cost=216.53..34886.59 rows=10156 width=4)
	        Recheck Cond: ((id >= 3449202) AND (id <= 3459201))
	        ->  Bitmap Index Scan on sbtest5_pkey  (cost=0.00..214.00 rows=10156 width=0)
	              Index Cond: ((id >= 3449202) AND (id <= 3459201))

table 6 : explain SELECT SUM(k) FROM sbtest6 WHERE id BETWEEN 8481185 AND 8491184
	Aggregate  (cost=33544.33..33544.34 rows=1 width=8)
	  ->  Bitmap Heap Scan on sbtest6  (cost=208.16..33520.00 rows=9729 width=4)
	        Recheck Cond: ((id >= 8481185) AND (id <= 8491184))
	        ->  Bitmap Index Scan on sbtest6_pkey  (cost=0.00..205.73 rows=9729 width=0)
	              Index Cond: ((id >= 8481185) AND (id <= 8491184))

table 7 : explain SELECT SUM(k) FROM sbtest7 WHERE id BETWEEN 380581 AND 390580
	Aggregate  (cost=34436.38..34436.39 rows=1 width=8)
	  ->  Bitmap Heap Scan on sbtest7  (cost=214.94..34411.38 rows=10000 width=4)
	        Recheck Cond: ((id >= 380581) AND (id <= 390580))
	        ->  Bitmap Index Scan on sbtest7_pkey  (cost=0.00..212.44 rows=10000 width=0)
	              Index Cond: ((id >= 380581) AND (id <= 390580))

table 8 : explain SELECT SUM(k) FROM sbtest8 WHERE id BETWEEN 235859 AND 245858
	Aggregate  (cost=36996.96..36996.97 rows=1 width=8)
	  ->  Bitmap Heap Scan on sbtest8  (cost=235.39..36969.90 rows=10825 width=4)
	        Recheck Cond: ((id >= 235859) AND (id <= 245858))
	        ->  Bitmap Index Scan on sbtest8_pkey  (cost=0.00..232.69 rows=10825 width=0)
	              Index Cond: ((id >= 235859) AND (id <= 245858))

for: sum_ranges
table 1 : explain SELECT SUM(k) FROM sbtest1 WHERE id BETWEEN 2106271 AND 2116270
	Aggregate  (cost=35334.27..35334.28 rows=1 width=8)
	  ->  Bitmap Heap Scan on sbtest1  (cost=222.06..35308.51 rows=10305 width=4)
	        Recheck Cond: ((id >= 2106271) AND (id <= 2116270))
	        ->  Bitmap Index Scan on sbtest1_pkey  (cost=0.00..219.49 rows=10305 width=0)
	              Index Cond: ((id >= 2106271) AND (id <= 2116270))

table 2 : explain SELECT SUM(k) FROM sbtest2 WHERE id BETWEEN 3678312 AND 3688311
	Aggregate  (cost=34081.01..34081.02 rows=1 width=8)
	  ->  Bitmap Heap Scan on sbtest2  (cost=213.96..34056.25 rows=9905 width=4)
	        Recheck Cond: ((id >= 3678312) AND (id <= 3688311))
	        ->  Bitmap Index Scan on sbtest2_pkey  (cost=0.00..211.49 rows=9905 width=0)
	              Index Cond: ((id >= 3678312) AND (id <= 3688311))

table 3 : explain SELECT SUM(k) FROM sbtest3 WHERE id BETWEEN 8536889 AND 8546888
	Aggregate  (cost=33593.29..33593.30 rows=1 width=8)
	  ->  Bitmap Heap Scan on sbtest3  (cost=208.36..33568.92 rows=9749 width=4)
	        Recheck Cond: ((id >= 8536889) AND (id <= 8546888))
	        ->  Bitmap Index Scan on sbtest3_pkey  (cost=0.00..205.93 rows=9749 width=0)
	              Index Cond: ((id >= 8536889) AND (id <= 8546888))

table 4 : explain SELECT SUM(k) FROM sbtest4 WHERE id BETWEEN 1004973 AND 1014972
	Aggregate  (cost=34120.98..34120.99 rows=1 width=8)
	  ->  Bitmap Heap Scan on sbtest4  (cost=214.09..34096.18 rows=9918 width=4)
	        Recheck Cond: ((id >= 1004973) AND (id <= 1014972))
	        ->  Bitmap Index Scan on sbtest4_pkey  (cost=0.00..211.62 rows=9918 width=0)
	              Index Cond: ((id >= 1004973) AND (id <= 1014972))

table 5 : explain SELECT SUM(k) FROM sbtest5 WHERE id BETWEEN 1672404 AND 1682403
	Aggregate  (cost=34950.51..34950.52 rows=1 width=8)
	  ->  Bitmap Heap Scan on sbtest5  (cost=216.66..34925.09 rows=10168 width=4)
	        Recheck Cond: ((id >= 1672404) AND (id <= 1682403))
	        ->  Bitmap Index Scan on sbtest5_pkey  (cost=0.00..214.12 rows=10168 width=0)
	              Index Cond: ((id >= 1672404) AND (id <= 1682403))

table 6 : explain SELECT SUM(k) FROM sbtest6 WHERE id BETWEEN 6477336 AND 6487335
	Aggregate  (cost=33779.62..33779.63 rows=1 width=8)
	  ->  Bitmap Heap Scan on sbtest6  (cost=208.93..33755.11 rows=9804 width=4)
	        Recheck Cond: ((id >= 6477336) AND (id <= 6487335))
	        ->  Bitmap Index Scan on sbtest6_pkey  (cost=0.00..206.48 rows=9804 width=0)
	              Index Cond: ((id >= 6477336) AND (id <= 6487335))

table 7 : explain SELECT SUM(k) FROM sbtest7 WHERE id BETWEEN 2511462 AND 2521461
	Aggregate  (cost=31595.64..31595.65 rows=1 width=8)
	  ->  Bitmap Heap Scan on sbtest7  (cost=197.69..31572.90 rows=9098 width=4)
	        Recheck Cond: ((id >= 2511462) AND (id <= 2521461))
	        ->  Bitmap Index Scan on sbtest7_pkey  (cost=0.00..195.42 rows=9098 width=0)
	              Index Cond: ((id >= 2511462) AND (id <= 2521461))

table 8 : explain SELECT SUM(k) FROM sbtest8 WHERE id BETWEEN 4827834 AND 4837833
	Aggregate  (cost=32262.79..32262.80 rows=1 width=8)
	  ->  Bitmap Heap Scan on sbtest8  (cost=203.85..32239.51 rows=9309 width=4)
	        Recheck Cond: ((id >= 4827834) AND (id <= 4837833))
	        ->  Bitmap Index Scan on sbtest8_pkey  (cost=0.00..201.53 rows=9309 width=0)
	              Index Cond: ((id >= 4827834) AND (id <= 4837833))

for: sum_ranges
table 1 : explain SELECT SUM(k) FROM sbtest1 WHERE id BETWEEN 226963 AND 236962
	Aggregate  (cost=34374.64..34374.65 rows=1 width=8)
	  ->  Bitmap Heap Scan on sbtest1  (cost=214.90..34349.65 rows=9997 width=4)
	        Recheck Cond: ((id >= 226963) AND (id <= 236962))
	        ->  Bitmap Index Scan on sbtest1_pkey  (cost=0.00..212.41 rows=9997 width=0)
	              Index Cond: ((id >= 226963) AND (id <= 236962))

table 2 : explain SELECT SUM(k) FROM sbtest2 WHERE id BETWEEN 5170211 AND 5180210
	Aggregate  (cost=33294.41..33294.42 rows=1 width=8)
	  ->  Bitmap Heap Scan on sbtest2  (cost=207.39..33270.27 rows=9654 width=4)
	        Recheck Cond: ((id >= 5170211) AND (id <= 5180210))
	        ->  Bitmap Index Scan on sbtest2_pkey  (cost=0.00..204.98 rows=9654 width=0)
	              Index Cond: ((id >= 5170211) AND (id <= 5180210))

table 3 : explain SELECT SUM(k) FROM sbtest3 WHERE id BETWEEN 5988478 AND 5998477
	Aggregate  (cost=34536.40..34536.41 rows=1 width=8)
	  ->  Bitmap Heap Scan on sbtest3  (cost=215.46..34511.27 rows=10051 width=4)
	        Recheck Cond: ((id >= 5988478) AND (id <= 5998477))
	        ->  Bitmap Index Scan on sbtest3_pkey  (cost=0.00..212.94 rows=10051 width=0)
	              Index Cond: ((id >= 5988478) AND (id <= 5998477))

table 4 : explain SELECT SUM(k) FROM sbtest4 WHERE id BETWEEN 5665993 AND 5675992
	Aggregate  (cost=34153.12..34153.13 rows=1 width=8)
	  ->  Bitmap Heap Scan on sbtest4  (cost=214.20..34128.30 rows=9928 width=4)
	        Recheck Cond: ((id >= 5665993) AND (id <= 5675992))
	        ->  Bitmap Index Scan on sbtest4_pkey  (cost=0.00..211.72 rows=9928 width=0)
	              Index Cond: ((id >= 5665993) AND (id <= 5675992))

table 5 : explain SELECT SUM(k) FROM sbtest5 WHERE id BETWEEN 4299349 AND 4309348
	Aggregate  (cost=33203.04..33203.05 rows=1 width=8)
	  ->  Bitmap Heap Scan on sbtest5  (cost=206.93..33179.01 rows=9609 width=4)
	        Recheck Cond: ((id >= 4299349) AND (id <= 4309348))
	        ->  Bitmap Index Scan on sbtest5_pkey  (cost=0.00..204.53 rows=9609 width=0)
	              Index Cond: ((id >= 4299349) AND (id <= 4309348))

table 6 : explain SELECT SUM(k) FROM sbtest6 WHERE id BETWEEN 6321926 AND 6331925
	Aggregate  (cost=33437.88..33437.89 rows=1 width=8)
	  ->  Bitmap Heap Scan on sbtest6  (cost=207.81..33413.65 rows=9695 width=4)
	        Recheck Cond: ((id >= 6321926) AND (id <= 6331925))
	        ->  Bitmap Index Scan on sbtest6_pkey  (cost=0.00..205.38 rows=9695 width=0)
	              Index Cond: ((id >= 6321926) AND (id <= 6331925))

table 7 : explain SELECT SUM(k) FROM sbtest7 WHERE id BETWEEN 5449228 AND 5459227
	Aggregate  (cost=35500.49..35500.50 rows=1 width=8)
	  ->  Bitmap Heap Scan on sbtest7  (cost=222.43..35474.64 rows=10341 width=4)
	        Recheck Cond: ((id >= 5449228) AND (id <= 5459227))
	        ->  Bitmap Index Scan on sbtest7_pkey  (cost=0.00..219.84 rows=10341 width=0)
	              Index Cond: ((id >= 5449228) AND (id <= 5459227))

table 8 : explain SELECT SUM(k) FROM sbtest8 WHERE id BETWEEN 7314209 AND 7324208
	Aggregate  (cost=36204.67..36204.68 rows=1 width=8)
	  ->  Bitmap Heap Scan on sbtest8  (cost=228.77..36178.25 rows=10569 width=4)
	        Recheck Cond: ((id >= 7314209) AND (id <= 7324208))
	        ->  Bitmap Index Scan on sbtest8_pkey  (cost=0.00..226.12 rows=10569 width=0)
	              Index Cond: ((id >= 7314209) AND (id <= 7324208))

for point_selects
table 1 : explain SELECT c FROM sbtest1 WHERE id=3336329
	Index Scan using sbtest1_pkey on sbtest1  (cost=0.43..8.45 rows=1 width=121)
	  Index Cond: (id = 3336329)

table 2 : explain SELECT c FROM sbtest2 WHERE id=7912248
	Index Scan using sbtest2_pkey on sbtest2  (cost=0.43..8.45 rows=1 width=121)
	  Index Cond: (id = 7912248)

table 3 : explain SELECT c FROM sbtest3 WHERE id=612049
	Index Scan using sbtest3_pkey on sbtest3  (cost=0.43..8.45 rows=1 width=121)
	  Index Cond: (id = 612049)

table 4 : explain SELECT c FROM sbtest4 WHERE id=1508272
	Index Scan using sbtest4_pkey on sbtest4  (cost=0.43..8.45 rows=1 width=121)
	  Index Cond: (id = 1508272)

table 5 : explain SELECT c FROM sbtest5 WHERE id=6370895
	Index Scan using sbtest5_pkey on sbtest5  (cost=0.43..8.45 rows=1 width=121)
	  Index Cond: (id = 6370895)

table 6 : explain SELECT c FROM sbtest6 WHERE id=8390460
	Index Scan using sbtest6_pkey on sbtest6  (cost=0.43..8.45 rows=1 width=121)
	  Index Cond: (id = 8390460)

table 7 : explain SELECT c FROM sbtest7 WHERE id=1214704
	Index Scan using sbtest7_pkey on sbtest7  (cost=0.43..8.45 rows=1 width=121)
	  Index Cond: (id = 1214704)

table 8 : explain SELECT c FROM sbtest8 WHERE id=4644359
	Index Scan using sbtest8_pkey on sbtest8  (cost=0.43..8.45 rows=1 width=121)
	  Index Cond: (id = 4644359)

for: order_ranges
table 1 : explain SELECT c FROM sbtest1 WHERE id BETWEEN 1885285 AND 1895284 ORDER BY c
	Sort  (cost=37022.40..37048.97 rows=10629 width=121)
	  Sort Key: c
	  ->  Bitmap Heap Scan on sbtest1  (cost=229.38..36311.55 rows=10629 width=121)
	        Recheck Cond: ((id >= 1885285) AND (id <= 1895284))
	        ->  Bitmap Index Scan on sbtest1_pkey  (cost=0.00..226.73 rows=10629 width=0)
	              Index Cond: ((id >= 1885285) AND (id <= 1895284))

table 2 : explain SELECT c FROM sbtest2 WHERE id BETWEEN 7640774 AND 7650773 ORDER BY c
	Sort  (cost=33876.26..33900.37 rows=9644 width=121)
	  Sort Key: c
	  ->  Bitmap Heap Scan on sbtest2  (cost=207.29..33238.05 rows=9644 width=121)
	        Recheck Cond: ((id >= 7640774) AND (id <= 7650773))
	        ->  Bitmap Index Scan on sbtest2_pkey  (cost=0.00..204.88 rows=9644 width=0)
	              Index Cond: ((id >= 7640774) AND (id <= 7650773))

table 3 : explain SELECT c FROM sbtest3 WHERE id BETWEEN 2619393 AND 2629392 ORDER BY c
	Sort  (cost=35264.79..35289.98 rows=10078 width=121)
	  Sort Key: c
	  ->  Bitmap Heap Scan on sbtest3  (cost=215.73..34594.65 rows=10078 width=121)
	        Recheck Cond: ((id >= 2619393) AND (id <= 2629392))
	        ->  Bitmap Index Scan on sbtest3_pkey  (cost=0.00..213.22 rows=10078 width=0)
	              Index Cond: ((id >= 2619393) AND (id <= 2629392))

table 4 : explain SELECT c FROM sbtest4 WHERE id BETWEEN 1341577 AND 1351576 ORDER BY c
	Sort  (cost=31885.68..31908.25 rows=9026 width=121)
	  Sort Key: c
	  ->  Bitmap Heap Scan on sbtest4  (cost=192.95..31292.68 rows=9026 width=121)
	        Recheck Cond: ((id >= 1341577) AND (id <= 1351576))
	        ->  Bitmap Index Scan on sbtest4_pkey  (cost=0.00..190.69 rows=9026 width=0)
	              Index Cond: ((id >= 1341577) AND (id <= 1351576))

table 5 : explain SELECT c FROM sbtest5 WHERE id BETWEEN 8967703 AND 8977702 ORDER BY c
	Sort  (cost=34469.42..34493.95 rows=9813 width=121)
	  Sort Key: c
	  ->  Bitmap Heap Scan on sbtest5  (cost=213.02..33818.79 rows=9813 width=121)
	        Recheck Cond: ((id >= 8967703) AND (id <= 8977702))
	        ->  Bitmap Index Scan on sbtest5_pkey  (cost=0.00..210.56 rows=9813 width=0)
	              Index Cond: ((id >= 8967703) AND (id <= 8977702))

table 6 : explain SELECT c FROM sbtest6 WHERE id BETWEEN 6322874 AND 6332873 ORDER BY c
	Sort  (cost=34019.24..34043.45 rows=9683 width=121)
	  Sort Key: c
	  ->  Bitmap Heap Scan on sbtest6  (cost=207.69..33378.17 rows=9683 width=121)
	        Recheck Cond: ((id >= 6322874) AND (id <= 6332873))
	        ->  Bitmap Index Scan on sbtest6_pkey  (cost=0.00..205.26 rows=9683 width=0)
	              Index Cond: ((id >= 6322874) AND (id <= 6332873))

table 7 : explain SELECT c FROM sbtest7 WHERE id BETWEEN 2490040 AND 2500039 ORDER BY c
	Sort  (cost=32171.15..32193.90 rows=9098 width=121)
	  Sort Key: c
	  ->  Bitmap Heap Scan on sbtest7  (cost=197.69..31572.90 rows=9098 width=121)
	        Recheck Cond: ((id >= 2490040) AND (id <= 2500039))
	        ->  Bitmap Index Scan on sbtest7_pkey  (cost=0.00..195.42 rows=9098 width=0)
	              Index Cond: ((id >= 2490040) AND (id <= 2500039))

table 8 : explain SELECT c FROM sbtest8 WHERE id BETWEEN 4223424 AND 4233423 ORDER BY c
	Sort  (cost=33353.98..33377.64 rows=9465 width=121)
	  Sort Key: c
	  ->  Bitmap Heap Scan on sbtest8  (cost=205.45..32728.89 rows=9465 width=121)
	        Recheck Cond: ((id >= 4223424) AND (id <= 4233423))
	        ->  Bitmap Index Scan on sbtest8_pkey  (cost=0.00..203.09 rows=9465 width=0)
	              Index Cond: ((id >= 4223424) AND (id <= 4233423))

for: order_ranges
table 1 : explain SELECT c FROM sbtest1 WHERE id BETWEEN 8174239 AND 8184238 ORDER BY c
	Sort  (cost=32393.32..32416.27 rows=9180 width=121)
	  Sort Key: c
	  ->  Bitmap Heap Scan on sbtest1  (cost=198.53..31789.08 rows=9180 width=121)
	        Recheck Cond: ((id >= 8174239) AND (id <= 8184238))
	        ->  Bitmap Index Scan on sbtest1_pkey  (cost=0.00..196.24 rows=9180 width=0)
	              Index Cond: ((id >= 8174239) AND (id <= 8184238))

table 2 : explain SELECT c FROM sbtest2 WHERE id BETWEEN 560250 AND 570249 ORDER BY c
	Sort  (cost=35754.97..35780.55 rows=10232 width=121)
	  Sort Key: c
	  ->  Bitmap Heap Scan on sbtest2  (cost=221.31..35073.48 rows=10232 width=121)
	        Recheck Cond: ((id >= 560250) AND (id <= 570249))
	        ->  Bitmap Index Scan on sbtest2_pkey  (cost=0.00..218.75 rows=10232 width=0)
	              Index Cond: ((id >= 560250) AND (id <= 570249))

table 3 : explain SELECT c FROM sbtest3 WHERE id BETWEEN 7025453 AND 7035452 ORDER BY c
	Sort  (cost=34942.83..34967.77 rows=9976 width=121)
	  Sort Key: c
	  ->  Bitmap Heap Scan on sbtest3  (cost=214.69..34280.21 rows=9976 width=121)
	        Recheck Cond: ((id >= 7025453) AND (id <= 7035452))
	        ->  Bitmap Index Scan on sbtest3_pkey  (cost=0.00..212.19 rows=9976 width=0)
	              Index Cond: ((id >= 7025453) AND (id <= 7035452))

table 4 : explain SELECT c FROM sbtest4 WHERE id BETWEEN 4746773 AND 4756772 ORDER BY c
	Sort  (cost=35467.19..35492.55 rows=10142 width=121)
	  Sort Key: c
	  ->  Bitmap Heap Scan on sbtest4  (cost=216.39..34792.34 rows=10142 width=121)
	        Recheck Cond: ((id >= 4746773) AND (id <= 4756772))
	        ->  Bitmap Index Scan on sbtest4_pkey  (cost=0.00..213.86 rows=10142 width=0)
	              Index Cond: ((id >= 4746773) AND (id <= 4756772))

table 5 : explain SELECT c FROM sbtest5 WHERE id BETWEEN 8227345 AND 8237344 ORDER BY c
	Sort  (cost=34960.54..34985.45 rows=9967 width=121)
	  Sort Key: c
	  ->  Bitmap Heap Scan on sbtest5  (cost=214.60..34298.58 rows=9967 width=121)
	        Recheck Cond: ((id >= 8227345) AND (id <= 8237344))
	        ->  Bitmap Index Scan on sbtest5_pkey  (cost=0.00..212.11 rows=9967 width=0)
	              Index Cond: ((id >= 8227345) AND (id <= 8237344))

table 6 : explain SELECT c FROM sbtest6 WHERE id BETWEEN 6421464 AND 6431463 ORDER BY c
	Sort  (cost=33771.67..33795.69 rows=9606 width=121)
	  Sort Key: c
	  ->  Bitmap Heap Scan on sbtest6  (cost=206.90..33136.25 rows=9606 width=121)
	        Recheck Cond: ((id >= 6421464) AND (id <= 6431463))
	        ->  Bitmap Index Scan on sbtest6_pkey  (cost=0.00..204.50 rows=9606 width=0)
	              Index Cond: ((id >= 6421464) AND (id <= 6431463))

table 7 : explain SELECT c FROM sbtest7 WHERE id BETWEEN 5782384 AND 5792383 ORDER BY c
	Sort  (cost=31597.37..31619.67 rows=8922 width=121)
	  Sort Key: c
	  ->  Bitmap Heap Scan on sbtest7  (cost=191.89..31011.94 rows=8922 width=121)
	        Recheck Cond: ((id >= 5782384) AND (id <= 5792383))
	        ->  Bitmap Index Scan on sbtest7_pkey  (cost=0.00..189.66 rows=8922 width=0)
	              Index Cond: ((id >= 5782384) AND (id <= 5792383))

table 8 : explain SELECT c FROM sbtest8 WHERE id BETWEEN 5317745 AND 5327744 ORDER BY c
	Sort  (cost=34105.70..34129.94 rows=9698 width=121)
	  Sort Key: c
	  ->  Bitmap Heap Scan on sbtest8  (cost=211.84..33463.52 rows=9698 width=121)
	        Recheck Cond: ((id >= 5317745) AND (id <= 5327744))
	        ->  Bitmap Index Scan on sbtest8_pkey  (cost=0.00..209.42 rows=9698 width=0)
	              Index Cond: ((id >= 5317745) AND (id <= 5327744))

for: simple_ranges
table 1 : explain SELECT c FROM sbtest1 WHERE id BETWEEN 1223546 AND 1233545
	Bitmap Heap Scan on sbtest1  (cost=216.41..34805.11 rows=10144 width=121)
	  Recheck Cond: ((id >= 1223546) AND (id <= 1233545))
	  ->  Bitmap Index Scan on sbtest1_pkey  (cost=0.00..213.88 rows=10144 width=0)
	        Index Cond: ((id >= 1223546) AND (id <= 1233545))

table 2 : explain SELECT c FROM sbtest2 WHERE id BETWEEN 4391 AND 14390
	Bitmap Heap Scan on sbtest2  (cost=216.62..34858.20 rows=10164 width=121)
	  Recheck Cond: ((id >= 4391) AND (id <= 14390))
	  ->  Bitmap Index Scan on sbtest2_pkey  (cost=0.00..214.07 rows=10164 width=0)
	        Index Cond: ((id >= 4391) AND (id <= 14390))

table 3 : explain SELECT c FROM sbtest3 WHERE id BETWEEN 9005619 AND 9015618
	Bitmap Heap Scan on sbtest3  (cost=222.03..35293.46 rows=10302 width=121)
	  Recheck Cond: ((id >= 9005619) AND (id <= 9015618))
	  ->  Bitmap Index Scan on sbtest3_pkey  (cost=0.00..219.45 rows=10302 width=0)
	        Index Cond: ((id >= 9005619) AND (id <= 9015618))

table 4 : explain SELECT c FROM sbtest4 WHERE id BETWEEN 7810710 AND 7820709
	Bitmap Heap Scan on sbtest4  (cost=207.60..33336.05 rows=9675 width=121)
	  Recheck Cond: ((id >= 7810710) AND (id <= 7820709))
	  ->  Bitmap Index Scan on sbtest4_pkey  (cost=0.00..205.19 rows=9675 width=0)
	        Index Cond: ((id >= 7810710) AND (id <= 7820709))

table 5 : explain SELECT c FROM sbtest5 WHERE id BETWEEN 1062862 AND 1072861
	Bitmap Heap Scan on sbtest5  (cost=215.78..34658.60 rows=10082 width=121)
	  Recheck Cond: ((id >= 1062862) AND (id <= 1072861))
	  ->  Bitmap Index Scan on sbtest5_pkey  (cost=0.00..213.25 rows=10082 width=0)
	        Index Cond: ((id >= 1062862) AND (id <= 1072861))

table 6 : explain SELECT c FROM sbtest6 WHERE id BETWEEN 1703413 AND 1713412
	Bitmap Heap Scan on sbtest6  (cost=208.77..33706.83 rows=9789 width=121)
	  Recheck Cond: ((id >= 1703413) AND (id <= 1713412))
	  ->  Bitmap Index Scan on sbtest6_pkey  (cost=0.00..206.32 rows=9789 width=0)
	        Index Cond: ((id >= 1703413) AND (id <= 1713412))

table 7 : explain SELECT c FROM sbtest7 WHERE id BETWEEN 8642289 AND 8652288
	Bitmap Heap Scan on sbtest7  (cost=208.59..33692.28 rows=9771 width=121)
	  Recheck Cond: ((id >= 8642289) AND (id <= 8652288))
	  ->  Bitmap Index Scan on sbtest7_pkey  (cost=0.00..206.15 rows=9771 width=0)
	        Index Cond: ((id >= 8642289) AND (id <= 8652288))

table 8 : explain SELECT c FROM sbtest8 WHERE id BETWEEN 5456808 AND 5466807
	Bitmap Heap Scan on sbtest8  (cost=213.22..33886.05 rows=9833 width=121)
	  Recheck Cond: ((id >= 5456808) AND (id <= 5466807))
	  ->  Bitmap Index Scan on sbtest8_pkey  (cost=0.00..210.76 rows=9833 width=0)
	        Index Cond: ((id >= 5456808) AND (id <= 5466807))

explain: for point_selects :: explain SELECT c FROM sbtest%u WHERE id=%u
for: order_ranges
table 1 : explain SELECT c FROM sbtest1 WHERE id BETWEEN 5124942 AND 5134941 ORDER BY c
	Sort  (cost=33026.51..33049.96 rows=9377 width=121)
	  Sort Key: c
	  ->  Bitmap Heap Scan on sbtest1  (cost=200.55..32407.87 rows=9377 width=121)
	        Recheck Cond: ((id >= 5124942) AND (id <= 5134941))
	        ->  Bitmap Index Scan on sbtest1_pkey  (cost=0.00..198.20 rows=9377 width=0)
	              Index Cond: ((id >= 5124942) AND (id <= 5134941))

table 2 : explain SELECT c FROM sbtest2 WHERE id BETWEEN 5941134 AND 5951133 ORDER BY c
	Sort  (cost=36062.73..36088.56 rows=10329 width=121)
	  Sort Key: c
	  ->  Bitmap Heap Scan on sbtest2  (cost=222.31..35374.08 rows=10329 width=121)
	        Recheck Cond: ((id >= 5941134) AND (id <= 5951133))
	        ->  Bitmap Index Scan on sbtest2_pkey  (cost=0.00..219.73 rows=10329 width=0)
	              Index Cond: ((id >= 5941134) AND (id <= 5951133))

table 3 : explain SELECT c FROM sbtest3 WHERE id BETWEEN 4414011 AND 4424010 ORDER BY c
	Sort  (cost=34535.00..34559.62 rows=9848 width=121)
	  Sort Key: c
	  ->  Bitmap Heap Scan on sbtest3  (cost=213.38..33881.80 rows=9848 width=121)
	        Recheck Cond: ((id >= 4414011) AND (id <= 4424010))
	        ->  Bitmap Index Scan on sbtest3_pkey  (cost=0.00..210.92 rows=9848 width=0)
	              Index Cond: ((id >= 4414011) AND (id <= 4424010))

table 4 : explain SELECT c FROM sbtest4 WHERE id BETWEEN 6721370 AND 6731369 ORDER BY c
	Sort  (cost=35096.29..35121.35 rows=10025 width=121)
	  Sort Key: c
	  ->  Bitmap Heap Scan on sbtest4  (cost=215.19..34430.06 rows=10025 width=121)
	        Recheck Cond: ((id >= 6721370) AND (id <= 6731369))
	        ->  Bitmap Index Scan on sbtest4_pkey  (cost=0.00..212.69 rows=10025 width=0)
	              Index Cond: ((id >= 6721370) AND (id <= 6731369))

table 5 : explain SELECT c FROM sbtest5 WHERE id BETWEEN 7567399 AND 7577398 ORDER BY c
	Sort  (cost=33831.27..33855.31 rows=9615 width=121)
	  Sort Key: c
	  ->  Bitmap Heap Scan on sbtest5  (cost=206.99..33195.19 rows=9615 width=121)
	        Recheck Cond: ((id >= 7567399) AND (id <= 7577398))
	        ->  Bitmap Index Scan on sbtest5_pkey  (cost=0.00..204.59 rows=9615 width=0)
	              Index Cond: ((id >= 7567399) AND (id <= 7577398))

table 6 : explain SELECT c FROM sbtest6 WHERE id BETWEEN 93849 AND 103848 ORDER BY c
	Sort  (cost=35530.35..35555.74 rows=10156 width=121)
	  Sort Key: c
	  ->  Bitmap Heap Scan on sbtest6  (cost=216.53..34854.46 rows=10156 width=121)
	        Recheck Cond: ((id >= 93849) AND (id <= 103848))
	        ->  Bitmap Index Scan on sbtest6_pkey  (cost=0.00..214.00 rows=10156 width=0)
	              Index Cond: ((id >= 93849) AND (id <= 103848))

table 7 : explain SELECT c FROM sbtest7 WHERE id BETWEEN 5104250 AND 5114249 ORDER BY c
	Sort  (cost=34719.97..34744.70 rows=9889 width=121)
	  Sort Key: c
	  ->  Bitmap Heap Scan on sbtest7  (cost=213.80..34063.76 rows=9889 width=121)
	        Recheck Cond: ((id >= 5104250) AND (id <= 5114249))
	        ->  Bitmap Index Scan on sbtest7_pkey  (cost=0.00..211.32 rows=9889 width=0)
	              Index Cond: ((id >= 5104250) AND (id <= 5114249))

table 8 : explain SELECT c FROM sbtest8 WHERE id BETWEEN 2443031 AND 2453030 ORDER BY c
	Sort  (cost=35490.54..35515.86 rows=10131 width=121)
	  Sort Key: c
	  ->  Bitmap Heap Scan on sbtest8  (cost=220.28..34816.49 rows=10131 width=121)
	        Recheck Cond: ((id >= 2443031) AND (id <= 2453030))
	        ->  Bitmap Index Scan on sbtest8_pkey  (cost=0.00..217.75 rows=10131 width=0)
	              Index Cond: ((id >= 2443031) AND (id <= 2453030))

explain: for point_selects :: explain SELECT c FROM sbtest%u WHERE id=%u
explain: for point_selects :: explain SELECT c FROM sbtest%u WHERE id=%u
for point_selects
table 1 : explain SELECT c FROM sbtest1 WHERE id=9782448
	Index Scan using sbtest1_pkey on sbtest1  (cost=0.43..8.45 rows=1 width=121)
	  Index Cond: (id = 9782448)

table 2 : explain SELECT c FROM sbtest2 WHERE id=5525658
	Index Scan using sbtest2_pkey on sbtest2  (cost=0.43..8.45 rows=1 width=121)
	  Index Cond: (id = 5525658)

table 3 : explain SELECT c FROM sbtest3 WHERE id=3498114
	Index Scan using sbtest3_pkey on sbtest3  (cost=0.43..8.45 rows=1 width=121)
	  Index Cond: (id = 3498114)

table 4 : explain SELECT c FROM sbtest4 WHERE id=3318174
	Index Scan using sbtest4_pkey on sbtest4  (cost=0.43..8.45 rows=1 width=121)
	  Index Cond: (id = 3318174)

table 5 : explain SELECT c FROM sbtest5 WHERE id=560755
	Index Scan using sbtest5_pkey on sbtest5  (cost=0.43..8.45 rows=1 width=121)
	  Index Cond: (id = 560755)

table 6 : explain SELECT c FROM sbtest6 WHERE id=392817
	Index Scan using sbtest6_pkey on sbtest6  (cost=0.43..8.45 rows=1 width=121)
	  Index Cond: (id = 392817)

table 7 : explain SELECT c FROM sbtest7 WHERE id=5977468
	Index Scan using sbtest7_pkey on sbtest7  (cost=0.43..8.45 rows=1 width=121)
	  Index Cond: (id = 5977468)

table 8 : explain SELECT c FROM sbtest8 WHERE id=8093346
	Index Scan using sbtest8_pkey on sbtest8  (cost=0.43..8.45 rows=1 width=121)
	  Index Cond: (id = 8093346)

for: order_ranges
table 1 : explain SELECT c FROM sbtest1 WHERE id BETWEEN 974102 AND 984101 ORDER BY c
	Sort  (cost=35394.78..35420.08 rows=10117 width=121)
	  Sort Key: c
	  ->  Bitmap Heap Scan on sbtest1  (cost=216.13..34721.78 rows=10117 width=121)
	        Recheck Cond: ((id >= 974102) AND (id <= 984101))
	        ->  Bitmap Index Scan on sbtest1_pkey  (cost=0.00..213.61 rows=10117 width=0)
	              Index Cond: ((id >= 974102) AND (id <= 984101))

table 2 : explain SELECT c FROM sbtest2 WHERE id BETWEEN 2691970 AND 2701969 ORDER BY c
	Sort  (cost=36513.98..36540.16 rows=10472 width=121)
	  Sort Key: c
	  ->  Bitmap Heap Scan on sbtest2  (cost=223.77..35814.75 rows=10472 width=121)
	        Recheck Cond: ((id >= 2691970) AND (id <= 2701969))
	        ->  Bitmap Index Scan on sbtest2_pkey  (cost=0.00..221.16 rows=10472 width=0)
	              Index Cond: ((id >= 2691970) AND (id <= 2701969))

table 3 : explain SELECT c FROM sbtest3 WHERE id BETWEEN 5424302 AND 5434301 ORDER BY c
	Sort  (cost=33931.26..33955.41 rows=9660 width=121)
	  Sort Key: c
	  ->  Bitmap Heap Scan on sbtest3  (cost=207.45..33291.87 rows=9660 width=121)
	        Recheck Cond: ((id >= 5424302) AND (id <= 5434301))
	        ->  Bitmap Index Scan on sbtest3_pkey  (cost=0.00..205.04 rows=9660 width=0)
	              Index Cond: ((id >= 5424302) AND (id <= 5434301))

table 4 : explain SELECT c FROM sbtest4 WHERE id BETWEEN 323614 AND 333613 ORDER BY c
	Sort  (cost=34260.06..34284.47 rows=9764 width=121)
	  Sort Key: c
	  ->  Bitmap Heap Scan on sbtest4  (cost=208.52..33613.03 rows=9764 width=121)
	        Recheck Cond: ((id >= 323614) AND (id <= 333613))
	        ->  Bitmap Index Scan on sbtest4_pkey  (cost=0.00..206.07 rows=9764 width=0)
	              Index Cond: ((id >= 323614) AND (id <= 333613))

table 5 : explain SELECT c FROM sbtest5 WHERE id BETWEEN 1749763 AND 1759762 ORDER BY c
	Sort  (cost=35601.86..35627.28 rows=10168 width=121)
	  Sort Key: c
	  ->  Bitmap Heap Scan on sbtest5  (cost=216.66..34925.09 rows=10168 width=121)
	        Recheck Cond: ((id >= 1749763) AND (id <= 1759762))
	        ->  Bitmap Index Scan on sbtest5_pkey  (cost=0.00..214.12 rows=10168 width=0)
	              Index Cond: ((id >= 1749763) AND (id <= 1759762))

table 6 : explain SELECT c FROM sbtest6 WHERE id BETWEEN 5197057 AND 5207056 ORDER BY c
	Sort  (cost=33834.36..33858.42 rows=9625 width=121)
	  Sort Key: c
	  ->  Bitmap Heap Scan on sbtest6  (cost=207.09..33197.54 rows=9625 width=121)
	        Recheck Cond: ((id >= 5197057) AND (id <= 5207056))
	        ->  Bitmap Index Scan on sbtest6_pkey  (cost=0.00..204.69 rows=9625 width=0)
	              Index Cond: ((id >= 5197057) AND (id <= 5207056))

table 7 : explain SELECT c FROM sbtest7 WHERE id BETWEEN 1900937 AND 1910936 ORDER BY c
	Sort  (cost=36642.58..36668.81 rows=10492 width=121)
	  Sort Key: c
	  ->  Bitmap Heap Scan on sbtest7  (cost=223.98..35941.88 rows=10492 width=121)
	        Recheck Cond: ((id >= 1900937) AND (id <= 1910936))
	        ->  Bitmap Index Scan on sbtest7_pkey  (cost=0.00..221.36 rows=10492 width=0)
	              Index Cond: ((id >= 1900937) AND (id <= 1910936))

table 8 : explain SELECT c FROM sbtest8 WHERE id BETWEEN 5293850 AND 5303849 ORDER BY c
	Sort  (cost=34247.69..34272.05 rows=9742 width=121)
	  Sort Key: c
	  ->  Bitmap Heap Scan on sbtest8  (cost=212.29..33602.28 rows=9742 width=121)
	        Recheck Cond: ((id >= 5293850) AND (id <= 5303849))
	        ->  Bitmap Index Scan on sbtest8_pkey  (cost=0.00..209.86 rows=9742 width=0)
	              Index Cond: ((id >= 5293850) AND (id <= 5303849))

for: order_ranges
table 1 : explain SELECT c FROM sbtest1 WHERE id BETWEEN 8186688 AND 8196687 ORDER BY c
	Sort  (cost=32393.32..32416.27 rows=9180 width=121)
	  Sort Key: c
	  ->  Bitmap Heap Scan on sbtest1  (cost=198.53..31789.08 rows=9180 width=121)
	        Recheck Cond: ((id >= 8186688) AND (id <= 8196687))
	        ->  Bitmap Index Scan on sbtest1_pkey  (cost=0.00..196.24 rows=9180 width=0)
	              Index Cond: ((id >= 8186688) AND (id <= 8196687))

table 2 : explain SELECT c FROM sbtest2 WHERE id BETWEEN 5881019 AND 5891018 ORDER BY c
	Sort  (cost=34268.60..34293.02 rows=9767 width=121)
	  Sort Key: c
	  ->  Bitmap Heap Scan on sbtest2  (cost=208.55..33621.35 rows=9767 width=121)
	        Recheck Cond: ((id >= 5881019) AND (id <= 5891018))
	        ->  Bitmap Index Scan on sbtest2_pkey  (cost=0.00..206.11 rows=9767 width=0)
	              Index Cond: ((id >= 5881019) AND (id <= 5891018))

table 3 : explain SELECT c FROM sbtest3 WHERE id BETWEEN 7244398 AND 7254397 ORDER BY c
	Sort  (cost=34099.49..34123.77 rows=9713 width=121)
	  Sort Key: c
	  ->  Bitmap Heap Scan on sbtest3  (cost=207.99..33456.21 rows=9713 width=121)
	        Recheck Cond: ((id >= 7244398) AND (id <= 7254397))
	        ->  Bitmap Index Scan on sbtest3_pkey  (cost=0.00..205.56 rows=9713 width=0)
	              Index Cond: ((id >= 7244398) AND (id <= 7254397))

table 4 : explain SELECT c FROM sbtest4 WHERE id BETWEEN 7300737 AND 7310736 ORDER BY c
	Sort  (cost=36067.45..36093.28 rows=10330 width=121)
	  Sort Key: c
	  ->  Bitmap Heap Scan on sbtest4  (cost=222.32..35378.72 rows=10330 width=121)
	        Recheck Cond: ((id >= 7300737) AND (id <= 7310736))
	        ->  Bitmap Index Scan on sbtest4_pkey  (cost=0.00..219.74 rows=10330 width=0)
	              Index Cond: ((id >= 7300737) AND (id <= 7310736))

table 5 : explain SELECT c FROM sbtest5 WHERE id BETWEEN 8861480 AND 8871479 ORDER BY c
	Sort  (cost=36753.27..36779.60 rows=10530 width=121)
	  Sort Key: c
	  ->  Bitmap Heap Scan on sbtest5  (cost=224.37..36049.75 rows=10530 width=121)
	        Recheck Cond: ((id >= 8861480) AND (id <= 8871479))
	        ->  Bitmap Index Scan on sbtest5_pkey  (cost=0.00..221.74 rows=10530 width=0)
	              Index Cond: ((id >= 8861480) AND (id <= 8871479))

table 6 : explain SELECT c FROM sbtest6 WHERE id BETWEEN 3890656 AND 3900655 ORDER BY c
	Sort  (cost=35248.08..35273.25 rows=10068 width=121)
	  Sort Key: c
	  ->  Bitmap Heap Scan on sbtest6  (cost=215.63..34578.69 rows=10068 width=121)
	        Recheck Cond: ((id >= 3890656) AND (id <= 3900655))
	        ->  Bitmap Index Scan on sbtest6_pkey  (cost=0.00..213.12 rows=10068 width=0)
	              Index Cond: ((id >= 3890656) AND (id <= 3900655))

table 7 : explain SELECT c FROM sbtest7 WHERE id BETWEEN 8040476 AND 8050475 ORDER BY c
	Sort  (cost=38025.45..38052.77 rows=10928 width=121)
	  Sort Key: c
	  ->  Bitmap Heap Scan on sbtest7  (cost=236.45..37292.42 rows=10928 width=121)
	        Recheck Cond: ((id >= 8040476) AND (id <= 8050475))
	        ->  Bitmap Index Scan on sbtest7_pkey  (cost=0.00..233.72 rows=10928 width=0)
	              Index Cond: ((id >= 8040476) AND (id <= 8050475))

table 8 : explain SELECT c FROM sbtest8 WHERE id BETWEEN 4664328 AND 4674327 ORDER BY c
	Sort  (cost=37767.04..37794.16 rows=10848 width=121)
	  Sort Key: c
	  ->  Bitmap Heap Scan on sbtest8  (cost=235.63..37039.94 rows=10848 width=121)
	        Recheck Cond: ((id >= 4664328) AND (id <= 4674327))
	        ->  Bitmap Index Scan on sbtest8_pkey  (cost=0.00..232.92 rows=10848 width=0)
	              Index Cond: ((id >= 4664328) AND (id <= 4674327))

explain: for point_selects :: explain SELECT c FROM sbtest%u WHERE id=%u
explain: for point_selects :: explain SELECT c FROM sbtest%u WHERE id=%u
for: order_ranges
table 1 : explain SELECT c FROM sbtest1 WHERE id BETWEEN 3565382 AND 3575381 ORDER BY c
	Sort  (cost=32844.31..32867.61 rows=9320 width=121)
	  Sort Key: c
	  ->  Bitmap Heap Scan on sbtest1  (cost=199.97..32229.84 rows=9320 width=121)
	        Recheck Cond: ((id >= 3565382) AND (id <= 3575381))
	        ->  Bitmap Index Scan on sbtest1_pkey  (cost=0.00..197.63 rows=9320 width=0)
	              Index Cond: ((id >= 3565382) AND (id <= 3575381))

table 2 : explain SELECT c FROM sbtest2 WHERE id BETWEEN 5064251 AND 5074250 ORDER BY c
	Sort  (cost=35196.69..35221.83 rows=10057 width=121)
	  Sort Key: c
	  ->  Bitmap Heap Scan on sbtest2  (cost=215.52..34528.10 rows=10057 width=121)
	        Recheck Cond: ((id >= 5064251) AND (id <= 5074250))
	        ->  Bitmap Index Scan on sbtest2_pkey  (cost=0.00..213.00 rows=10057 width=0)
	              Index Cond: ((id >= 5064251) AND (id <= 5074250))

table 3 : explain SELECT c FROM sbtest3 WHERE id BETWEEN 1268944 AND 1278943 ORDER BY c
	Sort  (cost=36624.32..36650.58 rows=10506 width=121)
	  Sort Key: c
	  ->  Bitmap Heap Scan on sbtest3  (cost=224.12..35922.57 rows=10506 width=121)
	        Recheck Cond: ((id >= 1268944) AND (id <= 1278943))
	        ->  Bitmap Index Scan on sbtest3_pkey  (cost=0.00..221.50 rows=10506 width=0)
	              Index Cond: ((id >= 1268944) AND (id <= 1278943))

table 4 : explain SELECT c FROM sbtest4 WHERE id BETWEEN 832169 AND 842168 ORDER BY c
	Sort  (cost=37139.54..37166.21 rows=10669 width=121)
	  Sort Key: c
	  ->  Bitmap Heap Scan on sbtest4  (cost=229.79..36425.73 rows=10669 width=121)
	        Recheck Cond: ((id >= 832169) AND (id <= 842168))
	        ->  Bitmap Index Scan on sbtest4_pkey  (cost=0.00..227.12 rows=10669 width=0)
	              Index Cond: ((id >= 832169) AND (id <= 842168))

table 5 : explain SELECT c FROM sbtest5 WHERE id BETWEEN 4839000 AND 4848999 ORDER BY c
	Sort  (cost=33121.96..33145.45 rows=9395 width=121)
	  Sort Key: c
	  ->  Bitmap Heap Scan on sbtest5  (cost=200.73..32502.00 rows=9395 width=121)
	        Recheck Cond: ((id >= 4839000) AND (id <= 4848999))
	        ->  Bitmap Index Scan on sbtest5_pkey  (cost=0.00..198.38 rows=9395 width=0)
	              Index Cond: ((id >= 4839000) AND (id <= 4848999))

table 6 : explain SELECT c FROM sbtest6 WHERE id BETWEEN 3714797 AND 3724796 ORDER BY c
	Sort  (cost=35790.21..35815.80 rows=10237 width=121)
	  Sort Key: c
	  ->  Bitmap Heap Scan on sbtest6  (cost=221.36..35108.35 rows=10237 width=121)
	        Recheck Cond: ((id >= 3714797) AND (id <= 3724796))
	        ->  Bitmap Index Scan on sbtest6_pkey  (cost=0.00..218.81 rows=10237 width=0)
	              Index Cond: ((id >= 3714797) AND (id <= 3724796))

table 7 : explain SELECT c FROM sbtest7 WHERE id BETWEEN 5588475 AND 5598474 ORDER BY c
	Sort  (cost=36921.46..36947.91 rows=10579 width=121)
	  Sort Key: c
	  ->  Bitmap Heap Scan on sbtest7  (cost=228.87..36214.31 rows=10579 width=121)
	        Recheck Cond: ((id >= 5588475) AND (id <= 5598474))
	        ->  Bitmap Index Scan on sbtest7_pkey  (cost=0.00..226.23 rows=10579 width=0)
	              Index Cond: ((id >= 5588475) AND (id <= 5598474))

table 8 : explain SELECT c FROM sbtest8 WHERE id BETWEEN 1607471 AND 1617470 ORDER BY c
	Sort  (cost=34732.70..34757.44 rows=9894 width=121)
	  Sort Key: c
	  ->  Bitmap Heap Scan on sbtest8  (cost=213.85..34076.12 rows=9894 width=121)
	        Recheck Cond: ((id >= 1607471) AND (id <= 1617470))
	        ->  Bitmap Index Scan on sbtest8_pkey  (cost=0.00..211.38 rows=9894 width=0)
	              Index Cond: ((id >= 1607471) AND (id <= 1617470))

for: simple_ranges
table 1 : explain SELECT c FROM sbtest1 WHERE id BETWEEN 9639736 AND 9649735
	Bitmap Heap Scan on sbtest1  (cost=207.71..33374.21 rows=9685 width=121)
	  Recheck Cond: ((id >= 9639736) AND (id <= 9649735))
	  ->  Bitmap Index Scan on sbtest1_pkey  (cost=0.00..205.29 rows=9685 width=0)
	        Index Cond: ((id >= 9639736) AND (id <= 9649735))

table 2 : explain SELECT c FROM sbtest2 WHERE id BETWEEN 3380239 AND 3390238
	Bitmap Heap Scan on sbtest2  (cost=224.72..36098.53 rows=10564 width=121)
	  Recheck Cond: ((id >= 3380239) AND (id <= 3390238))
	  ->  Bitmap Index Scan on sbtest2_pkey  (cost=0.00..222.07 rows=10564 width=0)
	        Index Cond: ((id >= 3380239) AND (id <= 3390238))

table 3 : explain SELECT c FROM sbtest3 WHERE id BETWEEN 2828966 AND 2838965
	Bitmap Heap Scan on sbtest3  (cost=185.72..30293.13 rows=8711 width=121)
	  Recheck Cond: ((id >= 2828966) AND (id <= 2838965))
	  ->  Bitmap Index Scan on sbtest3_pkey  (cost=0.00..183.55 rows=8711 width=0)
	        Index Cond: ((id >= 2828966) AND (id <= 2838965))

table 4 : explain SELECT c FROM sbtest4 WHERE id BETWEEN 8315015 AND 8325014
	Bitmap Heap Scan on sbtest4  (cost=221.32..35078.10 rows=10233 width=121)
	  Recheck Cond: ((id >= 8315015) AND (id <= 8325014))
	  ->  Bitmap Index Scan on sbtest4_pkey  (cost=0.00..218.76 rows=10233 width=0)
	        Index Cond: ((id >= 8315015) AND (id <= 8325014))

table 5 : explain SELECT c FROM sbtest5 WHERE id BETWEEN 4958305 AND 4968304
	Bitmap Heap Scan on sbtest5  (cost=200.73..32502.00 rows=9395 width=121)
	  Recheck Cond: ((id >= 4958305) AND (id <= 4968304))
	  ->  Bitmap Index Scan on sbtest5_pkey  (cost=0.00..198.38 rows=9395 width=0)
	        Index Cond: ((id >= 4958305) AND (id <= 4968304))

table 6 : explain SELECT c FROM sbtest6 WHERE id BETWEEN 7106658 AND 7116657
	Bitmap Heap Scan on sbtest6  (cost=207.44..33303.99 rows=9659 width=121)
	  Recheck Cond: ((id >= 7106658) AND (id <= 7116657))
	  ->  Bitmap Index Scan on sbtest6_pkey  (cost=0.00..205.03 rows=9659 width=0)
	        Index Cond: ((id >= 7106658) AND (id <= 7116657))

table 7 : explain SELECT c FROM sbtest7 WHERE id BETWEEN 6056908 AND 6066907
	Bitmap Heap Scan on sbtest7  (cost=215.90..34703.92 rows=10094 width=121)
	  Recheck Cond: ((id >= 6056908) AND (id <= 6066907))
	  ->  Bitmap Index Scan on sbtest7_pkey  (cost=0.00..213.38 rows=10094 width=0)
	        Index Cond: ((id >= 6056908) AND (id <= 6066907))

table 8 : explain SELECT c FROM sbtest8 WHERE id BETWEEN 7082533 AND 7092532
	Bitmap Heap Scan on sbtest8  (cost=219.18..34485.54 rows=10024 width=121)
	  Recheck Cond: ((id >= 7082533) AND (id <= 7092532))
	  ->  Bitmap Index Scan on sbtest8_pkey  (cost=0.00..216.68 rows=10024 width=0)
	        Index Cond: ((id >= 7082533) AND (id <= 7092532))

explain: for point_selects :: explain SELECT c FROM sbtest%u WHERE id=%u
explain: for point_selects :: explain SELECT c FROM sbtest%u WHERE id=%u
for: order_ranges
table 1 : explain SELECT c FROM sbtest1 WHERE id BETWEEN 3648310 AND 3658309 ORDER BY c
	Sort  (cost=37918.04..37945.33 rows=10914 width=121)
	  Sort Key: c
	  ->  Bitmap Heap Scan on sbtest1  (cost=232.30..37186.04 rows=10914 width=121)
	        Recheck Cond: ((id >= 3648310) AND (id <= 3658309))
	        ->  Bitmap Index Scan on sbtest1_pkey  (cost=0.00..229.57 rows=10914 width=0)
	              Index Cond: ((id >= 3648310) AND (id <= 3658309))

table 2 : explain SELECT c FROM sbtest2 WHERE id BETWEEN 654597 AND 664596 ORDER BY c
	Sort  (cost=34601.81..34626.48 rows=9870 width=121)
	  Sort Key: c
	  ->  Bitmap Heap Scan on sbtest2  (cost=213.60..33946.99 rows=9870 width=121)
	        Recheck Cond: ((id >= 654597) AND (id <= 664596))
	        ->  Bitmap Index Scan on sbtest2_pkey  (cost=0.00..211.13 rows=9870 width=0)
	              Index Cond: ((id >= 654597) AND (id <= 664596))

table 3 : explain SELECT c FROM sbtest3 WHERE id BETWEEN 8104405 AND 8114404 ORDER BY c
	Sort  (cost=37156.93..37183.61 rows=10674 width=121)
	  Sort Key: c
	  ->  Bitmap Heap Scan on sbtest3  (cost=229.84..36442.74 rows=10674 width=121)
	        Recheck Cond: ((id >= 8104405) AND (id <= 8114404))
	        ->  Bitmap Index Scan on sbtest3_pkey  (cost=0.00..227.18 rows=10674 width=0)
	              Index Cond: ((id >= 8104405) AND (id <= 8114404))

table 4 : explain SELECT c FROM sbtest4 WHERE id BETWEEN 7902886 AND 7912885 ORDER BY c
	Sort  (cost=31726.00..31748.44 rows=8976 width=121)
	  Sort Key: c
	  ->  Bitmap Heap Scan on sbtest4  (cost=192.44..31136.65 rows=8976 width=121)
	        Recheck Cond: ((id >= 7902886) AND (id <= 7912885))
	        ->  Bitmap Index Scan on sbtest4_pkey  (cost=0.00..190.19 rows=8976 width=0)
	              Index Cond: ((id >= 7902886) AND (id <= 7912885))

table 5 : explain SELECT c FROM sbtest5 WHERE id BETWEEN 2371225 AND 2381224 ORDER BY c
	Sort  (cost=32331.61..32354.48 rows=9149 width=121)
	  Sort Key: c
	  ->  Bitmap Heap Scan on sbtest5  (cost=198.21..31729.63 rows=9149 width=121)
	        Recheck Cond: ((id >= 2371225) AND (id <= 2381224))
	        ->  Bitmap Index Scan on sbtest5_pkey  (cost=0.00..195.93 rows=9149 width=0)
	              Index Cond: ((id >= 2371225) AND (id <= 2381224))

table 6 : explain SELECT c FROM sbtest6 WHERE id BETWEEN 9869726 AND 9879725 ORDER BY c
	Sort  (cost=32937.30..32960.67 rows=9347 width=121)
	  Sort Key: c
	  ->  Bitmap Heap Scan on sbtest6  (cost=200.24..32320.86 rows=9347 width=121)
	        Recheck Cond: ((id >= 9869726) AND (id <= 9879725))
	        ->  Bitmap Index Scan on sbtest6_pkey  (cost=0.00..197.91 rows=9347 width=0)
	              Index Cond: ((id >= 9869726) AND (id <= 9879725))

table 7 : explain SELECT c FROM sbtest7 WHERE id BETWEEN 1422476 AND 1432475 ORDER BY c
	Sort  (cost=33094.83..33118.29 rows=9384 width=121)
	  Sort Key: c
	  ->  Bitmap Heap Scan on sbtest7  (cost=200.62..32475.67 rows=9384 width=121)
	        Recheck Cond: ((id >= 1422476) AND (id <= 1432475))
	        ->  Bitmap Index Scan on sbtest7_pkey  (cost=0.00..198.28 rows=9384 width=0)
	              Index Cond: ((id >= 1422476) AND (id <= 1432475))

table 8 : explain SELECT c FROM sbtest8 WHERE id BETWEEN 1354259 AND 1364258 ORDER BY c
	Sort  (cost=34492.00..34516.55 rows=9819 width=121)
	  Sort Key: c
	  ->  Bitmap Heap Scan on sbtest8  (cost=213.08..33840.94 rows=9819 width=121)
	        Recheck Cond: ((id >= 1354259) AND (id <= 1364258))
	        ->  Bitmap Index Scan on sbtest8_pkey  (cost=0.00..210.62 rows=9819 width=0)
	              Index Cond: ((id >= 1354259) AND (id <= 1364258))

explain: for point_selects :: explain SELECT c FROM sbtest%u WHERE id=%u
for point_selects
table 1 : explain SELECT c FROM sbtest1 WHERE id=807941
	Index Scan using sbtest1_pkey on sbtest1  (cost=0.43..8.45 rows=1 width=121)
	  Index Cond: (id = 807941)

table 2 : explain SELECT c FROM sbtest2 WHERE id=7352379
	Index Scan using sbtest2_pkey on sbtest2  (cost=0.43..8.45 rows=1 width=121)
	  Index Cond: (id = 7352379)

table 3 : explain SELECT c FROM sbtest3 WHERE id=2607409
	Index Scan using sbtest3_pkey on sbtest3  (cost=0.43..8.45 rows=1 width=121)
	  Index Cond: (id = 2607409)

table 4 : explain SELECT c FROM sbtest4 WHERE id=3001623
	Index Scan using sbtest4_pkey on sbtest4  (cost=0.43..8.45 rows=1 width=121)
	  Index Cond: (id = 3001623)

table 5 : explain SELECT c FROM sbtest5 WHERE id=7244611
	Index Scan using sbtest5_pkey on sbtest5  (cost=0.43..8.45 rows=1 width=121)
	  Index Cond: (id = 7244611)

table 6 : explain SELECT c FROM sbtest6 WHERE id=2795863
	Index Scan using sbtest6_pkey on sbtest6  (cost=0.43..8.45 rows=1 width=121)
	  Index Cond: (id = 2795863)

table 7 : explain SELECT c FROM sbtest7 WHERE id=4943545
	Index Scan using sbtest7_pkey on sbtest7  (cost=0.43..8.45 rows=1 width=121)
	  Index Cond: (id = 4943545)

table 8 : explain SELECT c FROM sbtest8 WHERE id=2511995
	Index Scan using sbtest8_pkey on sbtest8  (cost=0.43..8.45 rows=1 width=121)
	  Index Cond: (id = 2511995)

for: distinct_ranges
table 1 : explain SELECT DISTINCT c FROM sbtest1 WHERE id BETWEEN 2258210 AND 2268209 ORDER BY c
	Unique  (cost=37846.48..37900.93 rows=10891 width=121)
	  ->  Sort  (cost=37846.48..37873.71 rows=10891 width=121)
	        Sort Key: c
	        ->  Bitmap Heap Scan on sbtest1  (cost=232.07..37116.19 rows=10891 width=121)
	              Recheck Cond: ((id >= 2258210) AND (id <= 2268209))
	              ->  Bitmap Index Scan on sbtest1_pkey  (cost=0.00..229.34 rows=10891 width=0)
	                    Index Cond: ((id >= 2258210) AND (id <= 2268209))

table 2 : explain SELECT DISTINCT c FROM sbtest2 WHERE id BETWEEN 2437148 AND 2447147 ORDER BY c
	Unique  (cost=31964.30..32009.55 rows=9051 width=121)
	  ->  Sort  (cost=31964.30..31986.92 rows=9051 width=121)
	        Sort Key: c
	        ->  Bitmap Heap Scan on sbtest2  (cost=193.21..31369.47 rows=9051 width=121)
	              Recheck Cond: ((id >= 2437148) AND (id <= 2447147))
	              ->  Bitmap Index Scan on sbtest2_pkey  (cost=0.00..190.94 rows=9051 width=0)
	                    Index Cond: ((id >= 2437148) AND (id <= 2447147))

table 3 : explain SELECT DISTINCT c FROM sbtest3 WHERE id BETWEEN 1016342 AND 1026341 ORDER BY c
	Unique  (cost=35166.29..35216.53 rows=10047 width=121)
	  ->  Sort  (cost=35166.29..35191.41 rows=10047 width=121)
	        Sort Key: c
	        ->  Bitmap Heap Scan on sbtest3  (cost=215.42..34498.44 rows=10047 width=121)
	              Recheck Cond: ((id >= 1016342) AND (id <= 1026341))
	              ->  Bitmap Index Scan on sbtest3_pkey  (cost=0.00..212.91 rows=10047 width=0)
	                    Index Cond: ((id >= 1016342) AND (id <= 1026341))

table 4 : explain SELECT DISTINCT c FROM sbtest4 WHERE id BETWEEN 3860063 AND 3870062 ORDER BY c
	Unique  (cost=36466.40..36518.68 rows=10456 width=121)
	  ->  Sort  (cost=36466.40..36492.54 rows=10456 width=121)
	        Sort Key: c
	        ->  Bitmap Heap Scan on sbtest4  (cost=223.61..35768.35 rows=10456 width=121)
	              Recheck Cond: ((id >= 3860063) AND (id <= 3870062))
	              ->  Bitmap Index Scan on sbtest4_pkey  (cost=0.00..221.00 rows=10456 width=0)
	                    Index Cond: ((id >= 3860063) AND (id <= 3870062))

table 5 : explain SELECT DISTINCT c FROM sbtest5 WHERE id BETWEEN 633323 AND 643322 ORDER BY c
	Unique  (cost=35315.89..35366.28 rows=10078 width=121)
	  ->  Sort  (cost=35315.89..35341.08 rows=10078 width=121)
	        Sort Key: c
	        ->  Bitmap Heap Scan on sbtest5  (cost=215.73..34645.76 rows=10078 width=121)
	              Recheck Cond: ((id >= 633323) AND (id <= 643322))
	              ->  Bitmap Index Scan on sbtest5_pkey  (cost=0.00..213.22 rows=10078 width=0)
	                    Index Cond: ((id >= 633323) AND (id <= 643322))

table 6 : explain SELECT DISTINCT c FROM sbtest6 WHERE id BETWEEN 7391225 AND 7401224 ORDER BY c
	Unique  (cost=35891.81..35943.16 rows=10269 width=121)
	  ->  Sort  (cost=35891.81..35917.48 rows=10269 width=121)
	        Sort Key: c
	        ->  Bitmap Heap Scan on sbtest6  (cost=221.69..35207.59 rows=10269 width=121)
	              Recheck Cond: ((id >= 7391225) AND (id <= 7401224))
	              ->  Bitmap Index Scan on sbtest6_pkey  (cost=0.00..219.12 rows=10269 width=0)
	                    Index Cond: ((id >= 7391225) AND (id <= 7401224))

table 7 : explain SELECT DISTINCT c FROM sbtest7 WHERE id BETWEEN 7090634 AND 7100633 ORDER BY c
	Unique  (cost=35108.76..35158.81 rows=10011 width=121)
	  ->  Sort  (cost=35108.76..35133.79 rows=10011 width=121)
	        Sort Key: c
	        ->  Bitmap Heap Scan on sbtest7  (cost=215.05..34443.56 rows=10011 width=121)
	              Recheck Cond: ((id >= 7090634) AND (id <= 7100633))
	              ->  Bitmap Index Scan on sbtest7_pkey  (cost=0.00..212.55 rows=10011 width=0)
	                    Index Cond: ((id >= 7090634) AND (id <= 7100633))

table 8 : explain SELECT DISTINCT c FROM sbtest8 WHERE id BETWEEN 4784169 AND 4794168 ORDER BY c
	Unique  (cost=33539.48..33587.09 rows=9523 width=121)
	  ->  Sort  (cost=33539.48..33563.28 rows=9523 width=121)
	        Sort Key: c
	        ->  Bitmap Heap Scan on sbtest8  (cost=206.05..32910.14 rows=9523 width=121)
	              Recheck Cond: ((id >= 4784169) AND (id <= 4794168))
	              ->  Bitmap Index Scan on sbtest8_pkey  (cost=0.00..203.67 rows=9523 width=0)
	                    Index Cond: ((id >= 4784169) AND (id <= 4794168))

for: distinct_ranges
table 1 : explain SELECT DISTINCT c FROM sbtest1 WHERE id BETWEEN 8291744 AND 8301743 ORDER BY c
	Unique  (cost=35145.21..35195.40 rows=10038 width=121)
	  ->  Sort  (cost=35145.21..35170.30 rows=10038 width=121)
	        Sort Key: c
	        ->  Bitmap Heap Scan on sbtest1  (cost=215.32..34478.02 rows=10038 width=121)
	              Recheck Cond: ((id >= 8291744) AND (id <= 8301743))
	              ->  Bitmap Index Scan on sbtest1_pkey  (cost=0.00..212.81 rows=10038 width=0)
	                    Index Cond: ((id >= 8291744) AND (id <= 8301743))

table 2 : explain SELECT DISTINCT c FROM sbtest2 WHERE id BETWEEN 3075271 AND 3085270 ORDER BY c
	Unique  (cost=34364.12..34413.11 rows=9797 width=121)
	  ->  Sort  (cost=34364.12..34388.62 rows=9797 width=121)
	        Sort Key: c
	        ->  Bitmap Heap Scan on sbtest2  (cost=208.85..33714.67 rows=9797 width=121)
	              Recheck Cond: ((id >= 3075271) AND (id <= 3085270))
	              ->  Bitmap Index Scan on sbtest2_pkey  (cost=0.00..206.41 rows=9797 width=0)
	                    Index Cond: ((id >= 3075271) AND (id <= 3085270))

table 3 : explain SELECT DISTINCT c FROM sbtest3 WHERE id BETWEEN 7458015 AND 7468014 ORDER BY c
	Unique  (cost=34748.85..34798.43 rows=9915 width=121)
	  ->  Sort  (cost=34748.85..34773.64 rows=9915 width=121)
	        Sort Key: c
	        ->  Bitmap Heap Scan on sbtest3  (cost=214.06..34090.73 rows=9915 width=121)
	              Recheck Cond: ((id >= 7458015) AND (id <= 7468014))
	              ->  Bitmap Index Scan on sbtest3_pkey  (cost=0.00..211.59 rows=9915 width=0)
	                    Index Cond: ((id >= 7458015) AND (id <= 7468014))

table 4 : explain SELECT DISTINCT c FROM sbtest4 WHERE id BETWEEN 9441527 AND 9451526 ORDER BY c
	Unique  (cost=35336.00..35386.50 rows=10101 width=121)
	  ->  Sort  (cost=35336.00..35361.25 rows=10101 width=121)
	        Sort Key: c
	        ->  Bitmap Heap Scan on sbtest4  (cost=215.97..34664.17 rows=10101 width=121)
	              Recheck Cond: ((id >= 9441527) AND (id <= 9451526))
	              ->  Bitmap Index Scan on sbtest4_pkey  (cost=0.00..213.44 rows=10101 width=0)
	                    Index Cond: ((id >= 9441527) AND (id <= 9451526))

table 5 : explain SELECT DISTINCT c FROM sbtest5 WHERE id BETWEEN 9613690 AND 9623689 ORDER BY c
	Unique  (cost=32707.18..32753.51 rows=9266 width=121)
	  ->  Sort  (cost=32707.18..32730.34 rows=9266 width=121)
	        Sort Key: c
	        ->  Bitmap Heap Scan on sbtest5  (cost=199.41..32096.65 rows=9266 width=121)
	              Recheck Cond: ((id >= 9613690) AND (id <= 9623689))
	              ->  Bitmap Index Scan on sbtest5_pkey  (cost=0.00..197.09 rows=9266 width=0)
	                    Index Cond: ((id >= 9613690) AND (id <= 9623689))

table 6 : explain SELECT DISTINCT c FROM sbtest6 WHERE id BETWEEN 3303991 AND 3313990 ORDER BY c
	Unique  (cost=34223.76..34272.49 rows=9747 width=121)
	  ->  Sort  (cost=34223.76..34248.13 rows=9747 width=121)
	        Sort Key: c
	        ->  Bitmap Heap Scan on sbtest6  (cost=208.34..33577.98 rows=9747 width=121)
	              Recheck Cond: ((id >= 3303991) AND (id <= 3313990))
	              ->  Bitmap Index Scan on sbtest6_pkey  (cost=0.00..205.91 rows=9747 width=0)
	                    Index Cond: ((id >= 3303991) AND (id <= 3313990))

table 7 : explain SELECT DISTINCT c FROM sbtest7 WHERE id BETWEEN 4802966 AND 4812965 ORDER BY c
	Unique  (cost=32450.55..32496.47 rows=9184 width=121)
	  ->  Sort  (cost=32450.55..32473.51 rows=9184 width=121)
	        Sort Key: c
	        ->  Bitmap Heap Scan on sbtest7  (cost=198.57..31846.02 rows=9184 width=121)
	              Recheck Cond: ((id >= 4802966) AND (id <= 4812965))
	              ->  Bitmap Index Scan on sbtest7_pkey  (cost=0.00..196.28 rows=9184 width=0)
	                    Index Cond: ((id >= 4802966) AND (id <= 4812965))

table 8 : explain SELECT DISTINCT c FROM sbtest8 WHERE id BETWEEN 1288057 AND 1298056 ORDER BY c
	Unique  (cost=34735.99..34785.47 rows=9895 width=121)
	  ->  Sort  (cost=34735.99..34760.73 rows=9895 width=121)
	        Sort Key: c
	        ->  Bitmap Heap Scan on sbtest8  (cost=213.86..34079.34 rows=9895 width=121)
	              Recheck Cond: ((id >= 1288057) AND (id <= 1298056))
	              ->  Bitmap Index Scan on sbtest8_pkey  (cost=0.00..211.38 rows=9895 width=0)
	                    Index Cond: ((id >= 1288057) AND (id <= 1298056))

for: order_ranges
table 1 : explain SELECT c FROM sbtest1 WHERE id BETWEEN 2395264 AND 2405263 ORDER BY c
	Sort  (cost=37218.05..37244.77 rows=10691 width=121)
	  Sort Key: c
	  ->  Bitmap Heap Scan on sbtest1  (cost=230.02..36502.60 rows=10691 width=121)
	        Recheck Cond: ((id >= 2395264) AND (id <= 2405263))
	        ->  Bitmap Index Scan on sbtest1_pkey  (cost=0.00..227.34 rows=10691 width=0)
	              Index Cond: ((id >= 2395264) AND (id <= 2405263))

table 2 : explain SELECT c FROM sbtest2 WHERE id BETWEEN 5042207 AND 5052206 ORDER BY c
	Sort  (cost=35196.69..35221.83 rows=10057 width=121)
	  Sort Key: c
	  ->  Bitmap Heap Scan on sbtest2  (cost=215.52..34528.10 rows=10057 width=121)
	        Recheck Cond: ((id >= 5042207) AND (id <= 5052206))
	        ->  Bitmap Index Scan on sbtest2_pkey  (cost=0.00..213.00 rows=10057 width=0)
	              Index Cond: ((id >= 5042207) AND (id <= 5052206))

table 3 : explain SELECT c FROM sbtest3 WHERE id BETWEEN 2095117 AND 2105116 ORDER BY c
	Sort  (cost=34785.09..34809.91 rows=9927 width=121)
	  Sort Key: c
	  ->  Bitmap Heap Scan on sbtest3  (cost=214.19..34126.08 rows=9927 width=121)
	        Recheck Cond: ((id >= 2095117) AND (id <= 2105116))
	        ->  Bitmap Index Scan on sbtest3_pkey  (cost=0.00..211.70 rows=9927 width=0)
	              Index Cond: ((id >= 2095117) AND (id <= 2105116))

table 4 : explain SELECT c FROM sbtest4 WHERE id BETWEEN 7720434 AND 7730433 ORDER BY c
	Sort  (cost=31702.74..31725.16 rows=8969 width=121)
	  Sort Key: c
	  ->  Bitmap Heap Scan on sbtest4  (cost=192.37..31113.89 rows=8969 width=121)
	        Recheck Cond: ((id >= 7720434) AND (id <= 7730433))
	        ->  Bitmap Index Scan on sbtest4_pkey  (cost=0.00..190.12 rows=8969 width=0)
	              Index Cond: ((id >= 7720434) AND (id <= 7730433))

table 5 : explain SELECT c FROM sbtest5 WHERE id BETWEEN 7432081 AND 7442080 ORDER BY c
	Sort  (cost=31821.71..31844.19 rows=8993 width=121)
	  Sort Key: c
	  ->  Bitmap Heap Scan on sbtest5  (cost=192.61..31231.11 rows=8993 width=121)
	        Recheck Cond: ((id >= 7432081) AND (id <= 7442080))
	        ->  Bitmap Index Scan on sbtest5_pkey  (cost=0.00..190.37 rows=8993 width=0)
	              Index Cond: ((id >= 7432081) AND (id <= 7442080))

table 6 : explain SELECT c FROM sbtest6 WHERE id BETWEEN 4297158 AND 4307157 ORDER BY c
	Sort  (cost=35359.73..35384.99 rows=10103 width=121)
	  Sort Key: c
	  ->  Bitmap Heap Scan on sbtest6  (cost=215.99..34687.76 rows=10103 width=121)
	        Recheck Cond: ((id >= 4297158) AND (id <= 4307157))
	        ->  Bitmap Index Scan on sbtest6_pkey  (cost=0.00..213.47 rows=10103 width=0)
	              Index Cond: ((id >= 4297158) AND (id <= 4307157))

table 7 : explain SELECT c FROM sbtest7 WHERE id BETWEEN 1603975 AND 1613974 ORDER BY c
	Sort  (cost=36616.42..36642.63 rows=10484 width=121)
	  Sort Key: c
	  ->  Bitmap Heap Scan on sbtest7  (cost=223.90..35916.30 rows=10484 width=121)
	        Recheck Cond: ((id >= 1603975) AND (id <= 1613974))
	        ->  Bitmap Index Scan on sbtest7_pkey  (cost=0.00..221.28 rows=10484 width=0)
	              Index Cond: ((id >= 1603975) AND (id <= 1613974))

table 8 : explain SELECT c FROM sbtest8 WHERE id BETWEEN 7594745 AND 7604744 ORDER BY c
	Sort  (cost=35605.54..35630.96 rows=10167 width=121)
	  Sort Key: c
	  ->  Bitmap Heap Scan on sbtest8  (cost=220.65..34928.85 rows=10167 width=121)
	        Recheck Cond: ((id >= 7594745) AND (id <= 7604744))
	        ->  Bitmap Index Scan on sbtest8_pkey  (cost=0.00..218.11 rows=10167 width=0)
	              Index Cond: ((id >= 7594745) AND (id <= 7604744))

for: distinct_ranges
table 1 : explain SELECT DISTINCT c FROM sbtest1 WHERE id BETWEEN 1198389 AND 1208388 ORDER BY c
	Unique  (cost=36051.00..36102.61 rows=10322 width=121)
	  ->  Sort  (cost=36051.00..36076.80 rows=10322 width=121)
	        Sort Key: c
	        ->  Bitmap Heap Scan on sbtest1  (cost=222.24..35362.86 rows=10322 width=121)
	              Recheck Cond: ((id >= 1198389) AND (id <= 1208388))
	              ->  Bitmap Index Scan on sbtest1_pkey  (cost=0.00..219.66 rows=10322 width=0)
	                    Index Cond: ((id >= 1198389) AND (id <= 1208388))

table 2 : explain SELECT DISTINCT c FROM sbtest2 WHERE id BETWEEN 9586373 AND 9596372 ORDER BY c
	Unique  (cost=35987.44..36038.96 rows=10305 width=121)
	  ->  Sort  (cost=35987.44..36013.20 rows=10305 width=121)
	        Sort Key: c
	        ->  Bitmap Heap Scan on sbtest2  (cost=222.06..35300.55 rows=10305 width=121)
	              Recheck Cond: ((id >= 9586373) AND (id <= 9596372))
	              ->  Bitmap Index Scan on sbtest2_pkey  (cost=0.00..219.49 rows=10305 width=0)
	                    Index Cond: ((id >= 9586373) AND (id <= 9596372))

table 3 : explain SELECT DISTINCT c FROM sbtest3 WHERE id BETWEEN 4703298 AND 4713297 ORDER BY c
	Unique  (cost=32654.10..32700.42 rows=9263 width=121)
	  ->  Sort  (cost=32654.10..32677.26 rows=9263 width=121)
	        Sort Key: c
	        ->  Bitmap Heap Scan on sbtest3  (cost=199.38..32043.80 rows=9263 width=121)
	              Recheck Cond: ((id >= 4703298) AND (id <= 4713297))
	              ->  Bitmap Index Scan on sbtest3_pkey  (cost=0.00..197.06 rows=9263 width=0)
	                    Index Cond: ((id >= 4703298) AND (id <= 4713297))

table 4 : explain SELECT DISTINCT c FROM sbtest4 WHERE id BETWEEN 6565181 AND 6575180 ORDER BY c
	Unique  (cost=32218.60..32264.24 rows=9128 width=121)
	  ->  Sort  (cost=32218.60..32241.42 rows=9128 width=121)
	        Sort Key: c
	        ->  Bitmap Heap Scan on sbtest4  (cost=198.00..31618.16 rows=9128 width=121)
	              Recheck Cond: ((id >= 6565181) AND (id <= 6575180))
	              ->  Bitmap Index Scan on sbtest4_pkey  (cost=0.00..195.72 rows=9128 width=0)
	                    Index Cond: ((id >= 6565181) AND (id <= 6575180))

table 5 : explain SELECT DISTINCT c FROM sbtest5 WHERE id BETWEEN 4279130 AND 4289129 ORDER BY c
	Unique  (cost=33814.66..33862.70 rows=9609 width=121)
	  ->  Sort  (cost=33814.66..33838.68 rows=9609 width=121)
	        Sort Key: c
	        ->  Bitmap Heap Scan on sbtest5  (cost=206.93..33179.01 rows=9609 width=121)
	              Recheck Cond: ((id >= 4279130) AND (id <= 4289129))
	              ->  Bitmap Index Scan on sbtest5_pkey  (cost=0.00..204.53 rows=9609 width=0)
	                    Index Cond: ((id >= 4279130) AND (id <= 4289129))

table 6 : explain SELECT DISTINCT c FROM sbtest6 WHERE id BETWEEN 3035971 AND 3045970 ORDER BY c
	Unique  (cost=32824.63..32871.19 rows=9312 width=121)
	  ->  Sort  (cost=32824.63..32847.91 rows=9312 width=121)
	        Sort Key: c
	        ->  Bitmap Heap Scan on sbtest6  (cost=199.88..32210.74 rows=9312 width=121)
	              Recheck Cond: ((id >= 3035971) AND (id <= 3045970))
	              ->  Bitmap Index Scan on sbtest6_pkey  (cost=0.00..197.56 rows=9312 width=0)
	                    Index Cond: ((id >= 3035971) AND (id <= 3045970))

table 7 : explain SELECT DISTINCT c FROM sbtest7 WHERE id BETWEEN 8410814 AND 8420813 ORDER BY c
	Unique  (cost=35408.19..35458.71 rows=10105 width=121)
	  ->  Sort  (cost=35408.19..35433.45 rows=10105 width=121)
	        Sort Key: c
	        ->  Bitmap Heap Scan on sbtest7  (cost=216.01..34736.07 rows=10105 width=121)
	              Recheck Cond: ((id >= 8410814) AND (id <= 8420813))
	              ->  Bitmap Index Scan on sbtest7_pkey  (cost=0.00..213.49 rows=10105 width=0)
	                    Index Cond: ((id >= 8410814) AND (id <= 8420813))

table 8 : explain SELECT DISTINCT c FROM sbtest8 WHERE id BETWEEN 3343967 AND 3353966 ORDER BY c
	Unique  (cost=34264.19..34312.92 rows=9747 width=121)
	  ->  Sort  (cost=34264.19..34288.55 rows=9747 width=121)
	        Sort Key: c
	        ->  Bitmap Heap Scan on sbtest8  (cost=212.34..33618.41 rows=9747 width=121)
	              Recheck Cond: ((id >= 3343967) AND (id <= 3353966))
	              ->  Bitmap Index Scan on sbtest8_pkey  (cost=0.00..209.91 rows=9747 width=0)
	                    Index Cond: ((id >= 3343967) AND (id <= 3353966))

explain: for point_selects :: explain SELECT c FROM sbtest%u WHERE id=%u
explain: for point_selects :: explain SELECT c FROM sbtest%u WHERE id=%u
explain: for point_selects :: explain SELECT c FROM sbtest%u WHERE id=%u
for: sum_ranges
table 1 : explain SELECT SUM(k) FROM sbtest1 WHERE id BETWEEN 4263723 AND 4273722
	Aggregate  (cost=33495.17..33495.18 rows=1 width=8)
	  ->  Bitmap Heap Scan on sbtest1  (cost=208.02..33470.88 rows=9716 width=4)
	        Recheck Cond: ((id >= 4263723) AND (id <= 4273722))
	        ->  Bitmap Index Scan on sbtest1_pkey  (cost=0.00..205.59 rows=9716 width=0)
	              Index Cond: ((id >= 4263723) AND (id <= 4273722))

table 2 : explain SELECT SUM(k) FROM sbtest2 WHERE id BETWEEN 3816392 AND 3826391
	Aggregate  (cost=31990.24..31990.25 rows=1 width=8)
	  ->  Bitmap Heap Scan on sbtest2  (cost=199.13..31967.14 rows=9239 width=4)
	        Recheck Cond: ((id >= 3816392) AND (id <= 3826391))
	        ->  Bitmap Index Scan on sbtest2_pkey  (cost=0.00..196.82 rows=9239 width=0)
	              Index Cond: ((id >= 3816392) AND (id <= 3826391))

table 3 : explain SELECT SUM(k) FROM sbtest3 WHERE id BETWEEN 4611485 AND 4621484
	Aggregate  (cost=34655.13..34655.14 rows=1 width=8)
	  ->  Bitmap Heap Scan on sbtest3  (cost=215.85..34629.91 rows=10089 width=4)
	        Recheck Cond: ((id >= 4611485) AND (id <= 4621484))
	        ->  Bitmap Index Scan on sbtest3_pkey  (cost=0.00..213.32 rows=10089 width=0)
	              Index Cond: ((id >= 4611485) AND (id <= 4621484))

table 4 : explain SELECT SUM(k) FROM sbtest4 WHERE id BETWEEN 4319718 AND 4329717
	Aggregate  (cost=35717.85..35717.86 rows=1 width=8)
	  ->  Bitmap Heap Scan on sbtest4  (cost=223.36..35691.77 rows=10432 width=4)
	        Recheck Cond: ((id >= 4319718) AND (id <= 4329717))
	        ->  Bitmap Index Scan on sbtest4_pkey  (cost=0.00..220.75 rows=10432 width=0)
	              Index Cond: ((id >= 4319718) AND (id <= 4329717))

table 5 : explain SELECT SUM(k) FROM sbtest5 WHERE id BETWEEN 2809649 AND 2819648
	Aggregate  (cost=35150.34..35150.35 rows=1 width=8)
	  ->  Bitmap Heap Scan on sbtest5  (cost=221.30..35124.76 rows=10231 width=4)
	        Recheck Cond: ((id >= 2809649) AND (id <= 2819648))
	        ->  Bitmap Index Scan on sbtest5_pkey  (cost=0.00..218.75 rows=10231 width=0)
	              Index Cond: ((id >= 2809649) AND (id <= 2819648))

table 6 : explain SELECT SUM(k) FROM sbtest6 WHERE id BETWEEN 1028967 AND 1038966
	Aggregate  (cost=35837.97..35837.98 rows=1 width=8)
	  ->  Bitmap Heap Scan on sbtest6  (cost=223.70..35811.81 rows=10465 width=4)
	        Recheck Cond: ((id >= 1028967) AND (id <= 1038966))
	        ->  Bitmap Index Scan on sbtest6_pkey  (cost=0.00..221.09 rows=10465 width=0)
	              Index Cond: ((id >= 1028967) AND (id <= 1038966))

table 7 : explain SELECT SUM(k) FROM sbtest7 WHERE id BETWEEN 287117 AND 297116
	Aggregate  (cost=35510.11..35510.12 rows=1 width=8)
	  ->  Bitmap Heap Scan on sbtest7  (cost=222.46..35484.25 rows=10344 width=4)
	        Recheck Cond: ((id >= 287117) AND (id <= 297116))
	        ->  Bitmap Index Scan on sbtest7_pkey  (cost=0.00..219.88 rows=10344 width=0)
	              Index Cond: ((id >= 287117) AND (id <= 297116))

table 8 : explain SELECT SUM(k) FROM sbtest8 WHERE id BETWEEN 5453896 AND 5463895
	Aggregate  (cost=33910.63..33910.64 rows=1 width=8)
	  ->  Bitmap Heap Scan on sbtest8  (cost=213.22..33886.05 rows=9833 width=4)
	        Recheck Cond: ((id >= 5453896) AND (id <= 5463895))
	        ->  Bitmap Index Scan on sbtest8_pkey  (cost=0.00..210.76 rows=9833 width=0)
	              Index Cond: ((id >= 5453896) AND (id <= 5463895))

explain: for point_selects :: explain SELECT c FROM sbtest%u WHERE id=%u
for: distinct_ranges
table 1 : explain SELECT DISTINCT c FROM sbtest1 WHERE id BETWEEN 4771060 AND 4781059 ORDER BY c
	Unique  (cost=39158.06..39214.60 rows=11309 width=121)
	  ->  Sort  (cost=39158.06..39186.33 rows=11309 width=121)
	        Sort Key: c
	        ->  Bitmap Heap Scan on sbtest1  (cost=240.35..38396.67 rows=11309 width=121)
	              Recheck Cond: ((id >= 4771060) AND (id <= 4781059))
	              ->  Bitmap Index Scan on sbtest1_pkey  (cost=0.00..237.53 rows=11309 width=0)
	                    Index Cond: ((id >= 4771060) AND (id <= 4781059))

table 2 : explain SELECT DISTINCT c FROM sbtest2 WHERE id BETWEEN 9596787 AND 9606786 ORDER BY c
	Unique  (cost=36409.42..36461.62 rows=10439 width=121)
	  ->  Sort  (cost=36409.42..36435.52 rows=10439 width=121)
	        Sort Key: c
	        ->  Bitmap Heap Scan on sbtest2  (cost=223.43..35712.64 rows=10439 width=121)
	              Recheck Cond: ((id >= 9596787) AND (id <= 9606786))
	              ->  Bitmap Index Scan on sbtest2_pkey  (cost=0.00..220.82 rows=10439 width=0)
	                    Index Cond: ((id >= 9596787) AND (id <= 9606786))

table 3 : explain SELECT DISTINCT c FROM sbtest3 WHERE id BETWEEN 4116451 AND 4126450 ORDER BY c
	Unique  (cost=35343.48..35393.99 rows=10102 width=121)
	  ->  Sort  (cost=35343.48..35368.73 rows=10102 width=121)
	        Sort Key: c
	        ->  Bitmap Heap Scan on sbtest3  (cost=215.98..34671.57 rows=10102 width=121)
	              Recheck Cond: ((id >= 4116451) AND (id <= 4126450))
	              ->  Bitmap Index Scan on sbtest3_pkey  (cost=0.00..213.45 rows=10102 width=0)
	                    Index Cond: ((id >= 4116451) AND (id <= 4126450))

table 4 : explain SELECT DISTINCT c FROM sbtest4 WHERE id BETWEEN 4509452 AND 4519451 ORDER BY c
	Unique  (cost=38178.12..38233.11 rows=10998 width=121)
	  ->  Sort  (cost=38178.12..38205.61 rows=10998 width=121)
	        Sort Key: c
	        ->  Bitmap Heap Scan on sbtest4  (cost=237.16..37439.88 rows=10998 width=121)
	              Recheck Cond: ((id >= 4509452) AND (id <= 4519451))
	              ->  Bitmap Index Scan on sbtest4_pkey  (cost=0.00..234.42 rows=10998 width=0)
	                    Index Cond: ((id >= 4509452) AND (id <= 4519451))

table 5 : explain SELECT DISTINCT c FROM sbtest5 WHERE id BETWEEN 9412795 AND 9422794 ORDER BY c
	Unique  (cost=32001.51..32046.75 rows=9048 width=121)
	  ->  Sort  (cost=32001.51..32024.13 rows=9048 width=121)
	        Sort Key: c
	        ->  Bitmap Heap Scan on sbtest5  (cost=193.18..31406.90 rows=9048 width=121)
	              Recheck Cond: ((id >= 9412795) AND (id <= 9422794))
	              ->  Bitmap Index Scan on sbtest5_pkey  (cost=0.00..190.92 rows=9048 width=0)
	                    Index Cond: ((id >= 9412795) AND (id <= 9422794))

table 6 : explain SELECT DISTINCT c FROM sbtest6 WHERE id BETWEEN 5603047 AND 5613046 ORDER BY c
	Unique  (cost=35363.01..35413.53 rows=10104 width=121)
	  ->  Sort  (cost=35363.01..35388.27 rows=10104 width=121)
	        Sort Key: c
	        ->  Bitmap Heap Scan on sbtest6  (cost=216.00..34690.96 rows=10104 width=121)
	              Recheck Cond: ((id >= 5603047) AND (id <= 5613046))
	              ->  Bitmap Index Scan on sbtest6_pkey  (cost=0.00..213.48 rows=10104 width=0)
	                    Index Cond: ((id >= 5603047) AND (id <= 5613046))

table 7 : explain SELECT DISTINCT c FROM sbtest7 WHERE id BETWEEN 9207855 AND 9217854 ORDER BY c
	Unique  (cost=36567.35..36619.70 rows=10469 width=121)
	  ->  Sort  (cost=36567.35..36593.53 rows=10469 width=121)
	        Sort Key: c
	        ->  Bitmap Heap Scan on sbtest7  (cost=223.74..35868.35 rows=10469 width=121)
	              Recheck Cond: ((id >= 9207855) AND (id <= 9217854))
	              ->  Bitmap Index Scan on sbtest7_pkey  (cost=0.00..221.12 rows=10469 width=0)
	                    Index Cond: ((id >= 9207855) AND (id <= 9217854))

table 8 : explain SELECT DISTINCT c FROM sbtest8 WHERE id BETWEEN 4690846 AND 4700845 ORDER BY c
	Unique  (cost=34188.30..34236.92 rows=9724 width=121)
	  ->  Sort  (cost=34188.30..34212.61 rows=9724 width=121)
	        Sort Key: c
	        ->  Bitmap Heap Scan on sbtest8  (cost=212.11..33544.22 rows=9724 width=121)
	              Recheck Cond: ((id >= 4690846) AND (id <= 4700845))
	              ->  Bitmap Index Scan on sbtest8_pkey  (cost=0.00..209.68 rows=9724 width=0)
	                    Index Cond: ((id >= 4690846) AND (id <= 4700845))

for: distinct_ranges
table 1 : explain SELECT DISTINCT c FROM sbtest1 WHERE id BETWEEN 555950 AND 565949 ORDER BY c
	Unique  (cost=31880.98..31926.09 rows=9022 width=121)
	  ->  Sort  (cost=31880.98..31903.53 rows=9022 width=121)
	        Sort Key: c
	        ->  Bitmap Heap Scan on sbtest1  (cost=192.91..31288.26 rows=9022 width=121)
	              Recheck Cond: ((id >= 555950) AND (id <= 565949))
	              ->  Bitmap Index Scan on sbtest1_pkey  (cost=0.00..190.66 rows=9022 width=0)
	                    Index Cond: ((id >= 555950) AND (id <= 565949))

table 2 : explain SELECT DISTINCT c FROM sbtest2 WHERE id BETWEEN 7940383 AND 7950382 ORDER BY c
	Unique  (cost=36039.85..36091.46 rows=10322 width=121)
	  ->  Sort  (cost=36039.85..36065.65 rows=10322 width=121)
	        Sort Key: c
	        ->  Bitmap Heap Scan on sbtest2  (cost=222.24..35351.71 rows=10322 width=121)
	              Recheck Cond: ((id >= 7940383) AND (id <= 7950382))
	              ->  Bitmap Index Scan on sbtest2_pkey  (cost=0.00..219.66 rows=10322 width=0)
	                    Index Cond: ((id >= 7940383) AND (id <= 7950382))

table 3 : explain SELECT DISTINCT c FROM sbtest3 WHERE id BETWEEN 5781998 AND 5791997 ORDER BY c
	Unique  (cost=35553.50..35604.34 rows=10169 width=121)
	  ->  Sort  (cost=35553.50..35578.92 rows=10169 width=121)
	        Sort Key: c
	        ->  Bitmap Heap Scan on sbtest3  (cost=216.67..34876.66 rows=10169 width=121)
	              Recheck Cond: ((id >= 5781998) AND (id <= 5791997))
	              ->  Bitmap Index Scan on sbtest3_pkey  (cost=0.00..214.12 rows=10169 width=0)
	                    Index Cond: ((id >= 5781998) AND (id <= 5791997))

table 4 : explain SELECT DISTINCT c FROM sbtest4 WHERE id BETWEEN 7883485 AND 7893484 ORDER BY c
	Unique  (cost=33976.54..34024.91 rows=9675 width=121)
	  ->  Sort  (cost=33976.54..34000.73 rows=9675 width=121)
	        Sort Key: c
	        ->  Bitmap Heap Scan on sbtest4  (cost=207.60..33336.05 rows=9675 width=121)
	              Recheck Cond: ((id >= 7883485) AND (id <= 7893484))
	              ->  Bitmap Index Scan on sbtest4_pkey  (cost=0.00..205.19 rows=9675 width=0)
	                    Index Cond: ((id >= 7883485) AND (id <= 7893484))

table 5 : explain SELECT DISTINCT c FROM sbtest5 WHERE id BETWEEN 6696739 AND 6706738 ORDER BY c
	Unique  (cost=33646.01..33693.79 rows=9557 width=121)
	  ->  Sort  (cost=33646.01..33669.90 rows=9557 width=121)
	        Sort Key: c
	        ->  Bitmap Heap Scan on sbtest5  (cost=206.39..33014.18 rows=9557 width=121)
	              Recheck Cond: ((id >= 6696739) AND (id <= 6706738))
	              ->  Bitmap Index Scan on sbtest5_pkey  (cost=0.00..204.00 rows=9557 width=0)
	                    Index Cond: ((id >= 6696739) AND (id <= 6706738))

table 6 : explain SELECT DISTINCT c FROM sbtest6 WHERE id BETWEEN 4595275 AND 4605274 ORDER BY c
	Unique  (cost=37298.04..37351.60 rows=10713 width=121)
	  ->  Sort  (cost=37298.04..37324.82 rows=10713 width=121)
	        Sort Key: c
	        ->  Bitmap Heap Scan on sbtest6  (cost=230.24..36580.96 rows=10713 width=121)
	              Recheck Cond: ((id >= 4595275) AND (id <= 4605274))
	              ->  Bitmap Index Scan on sbtest6_pkey  (cost=0.00..227.56 rows=10713 width=0)
	                    Index Cond: ((id >= 4595275) AND (id <= 4605274))

table 7 : explain SELECT DISTINCT c FROM sbtest7 WHERE id BETWEEN 8708390 AND 8718389 ORDER BY c
	Unique  (cost=34339.82..34388.68 rows=9771 width=121)
	  ->  Sort  (cost=34339.82..34364.25 rows=9771 width=121)
	        Sort Key: c
	        ->  Bitmap Heap Scan on sbtest7  (cost=208.59..33692.28 rows=9771 width=121)
	              Recheck Cond: ((id >= 8708390) AND (id <= 8718389))
	              ->  Bitmap Index Scan on sbtest7_pkey  (cost=0.00..206.15 rows=9771 width=0)
	                    Index Cond: ((id >= 8708390) AND (id <= 8718389))

table 8 : explain SELECT DISTINCT c FROM sbtest8 WHERE id BETWEEN 9337528 AND 9347527 ORDER BY c
	Unique  (cost=35566.15..35616.93 rows=10155 width=121)
	  ->  Sort  (cost=35566.15..35591.54 rows=10155 width=121)
	        Sort Key: c
	        ->  Bitmap Heap Scan on sbtest8  (cost=220.52..34890.34 rows=10155 width=121)
	              Recheck Cond: ((id >= 9337528) AND (id <= 9347527))
	              ->  Bitmap Index Scan on sbtest8_pkey  (cost=0.00..217.99 rows=10155 width=0)
	                    Index Cond: ((id >= 9337528) AND (id <= 9347527))

explain: for point_selects :: explain SELECT c FROM sbtest%u WHERE id=%u
for: simple_ranges
table 1 : explain SELECT c FROM sbtest1 WHERE id BETWEEN 8079144 AND 8089143
	Bitmap Heap Scan on sbtest1  (cost=207.29..33248.46 rows=9644 width=121)
	  Recheck Cond: ((id >= 8079144) AND (id <= 8089143))
	  ->  Bitmap Index Scan on sbtest1_pkey  (cost=0.00..204.88 rows=9644 width=0)
	        Index Cond: ((id >= 8079144) AND (id <= 8089143))

table 2 : explain SELECT c FROM sbtest2 WHERE id BETWEEN 1932697 AND 1942696
	Bitmap Heap Scan on sbtest2  (cost=200.14..32274.77 rows=9337 width=121)
	  Recheck Cond: ((id >= 1932697) AND (id <= 1942696))
	  ->  Bitmap Index Scan on sbtest2_pkey  (cost=0.00..197.81 rows=9337 width=0)
	        Index Cond: ((id >= 1932697) AND (id <= 1942696))

table 3 : explain SELECT c FROM sbtest3 WHERE id BETWEEN 1267675 AND 1277674
	Bitmap Heap Scan on sbtest3  (cost=224.12..35922.57 rows=10506 width=121)
	  Recheck Cond: ((id >= 1267675) AND (id <= 1277674))
	  ->  Bitmap Index Scan on sbtest3_pkey  (cost=0.00..221.50 rows=10506 width=0)
	        Index Cond: ((id >= 1267675) AND (id <= 1277674))

table 4 : explain SELECT c FROM sbtest4 WHERE id BETWEEN 9638941 AND 9648940
	Bitmap Heap Scan on sbtest4  (cost=198.55..31786.86 rows=9182 width=121)
	  Recheck Cond: ((id >= 9638941) AND (id <= 9648940))
	  ->  Bitmap Index Scan on sbtest4_pkey  (cost=0.00..196.25 rows=9182 width=0)
	        Index Cond: ((id >= 9638941) AND (id <= 9648940))

table 5 : explain SELECT c FROM sbtest5 WHERE id BETWEEN 3529606 AND 3539605
	Bitmap Heap Scan on sbtest5  (cost=214.51..34276.04 rows=9959 width=121)
	  Recheck Cond: ((id >= 3529606) AND (id <= 3539605))
	  ->  Bitmap Index Scan on sbtest5_pkey  (cost=0.00..212.03 rows=9959 width=0)
	        Index Cond: ((id >= 3529606) AND (id <= 3539605))

table 6 : explain SELECT c FROM sbtest6 WHERE id BETWEEN 3128086 AND 3138085
	Bitmap Heap Scan on sbtest6  (cost=199.88..32210.74 rows=9312 width=121)
	  Recheck Cond: ((id >= 3128086) AND (id <= 3138085))
	  ->  Bitmap Index Scan on sbtest6_pkey  (cost=0.00..197.56 rows=9312 width=0)
	        Index Cond: ((id >= 3128086) AND (id <= 3138085))

table 7 : explain SELECT c FROM sbtest7 WHERE id BETWEEN 8948893 AND 8958892
	Bitmap Heap Scan on sbtest7  (cost=223.22..35711.58 rows=10418 width=121)
	  Recheck Cond: ((id >= 8948893) AND (id <= 8958892))
	  ->  Bitmap Index Scan on sbtest7_pkey  (cost=0.00..220.62 rows=10418 width=0)
	        Index Cond: ((id >= 8948893) AND (id <= 8958892))

table 8 : explain SELECT c FROM sbtest8 WHERE id BETWEEN 986736 AND 996735
	Bitmap Heap Scan on sbtest8  (cost=204.19..32343.30 rows=9342 width=121)
	  Recheck Cond: ((id >= 986736) AND (id <= 996735))
	  ->  Bitmap Index Scan on sbtest8_pkey  (cost=0.00..201.86 rows=9342 width=0)
	        Index Cond: ((id >= 986736) AND (id <= 996735))

explain: for point_selects :: explain SELECT c FROM sbtest%u WHERE id=%u
explain: for point_selects :: explain SELECT c FROM sbtest%u WHERE id=%u
explain: for point_selects :: explain SELECT c FROM sbtest%u WHERE id=%u
for: distinct_ranges
table 1 : explain SELECT DISTINCT c FROM sbtest1 WHERE id BETWEEN 3387456 AND 3397455 ORDER BY c
	Unique  (cost=34239.63..34288.41 rows=9755 width=121)
	  ->  Sort  (cost=34239.63..34264.02 rows=9755 width=121)
	        Sort Key: c
	        ->  Bitmap Heap Scan on sbtest1  (cost=208.42..33593.27 rows=9755 width=121)
	              Recheck Cond: ((id >= 3387456) AND (id <= 3397455))
	              ->  Bitmap Index Scan on sbtest1_pkey  (cost=0.00..205.99 rows=9755 width=0)
	                    Index Cond: ((id >= 3387456) AND (id <= 3397455))

table 2 : explain SELECT DISTINCT c FROM sbtest2 WHERE id BETWEEN 6883916 AND 6893915 ORDER BY c
	Unique  (cost=35488.72..35539.46 rows=10149 width=121)
	  ->  Sort  (cost=35488.72..35514.09 rows=10149 width=121)
	        Sort Key: c
	        ->  Bitmap Heap Scan on sbtest2  (cost=216.46..34813.35 rows=10149 width=121)
	              Recheck Cond: ((id >= 6883916) AND (id <= 6893915))
	              ->  Bitmap Index Scan on sbtest2_pkey  (cost=0.00..213.93 rows=10149 width=0)
	                    Index Cond: ((id >= 6883916) AND (id <= 6893915))

table 3 : explain SELECT DISTINCT c FROM sbtest3 WHERE id BETWEEN 272555 AND 282554 ORDER BY c
	Unique  (cost=32239.39..32285.06 rows=9134 width=121)
	  ->  Sort  (cost=32239.39..32262.22 rows=9134 width=121)
	        Sort Key: c
	        ->  Bitmap Heap Scan on sbtest3  (cost=198.06..31638.51 rows=9134 width=121)
	              Recheck Cond: ((id >= 272555) AND (id <= 282554))
	              ->  Bitmap Index Scan on sbtest3_pkey  (cost=0.00..195.78 rows=9134 width=0)
	                    Index Cond: ((id >= 272555) AND (id <= 282554))

table 4 : explain SELECT DISTINCT c FROM sbtest4 WHERE id BETWEEN 4934333 AND 4944332 ORDER BY c
	Unique  (cost=32447.60..32493.59 rows=9199 width=121)
	  ->  Sort  (cost=32447.60..32470.59 rows=9199 width=121)
	        Sort Key: c
	        ->  Bitmap Heap Scan on sbtest4  (cost=198.72..31841.97 rows=9199 width=121)
	              Recheck Cond: ((id >= 4934333) AND (id <= 4944332))
	              ->  Bitmap Index Scan on sbtest4_pkey  (cost=0.00..196.43 rows=9199 width=0)
	                    Index Cond: ((id >= 4934333) AND (id <= 4944332))

table 5 : explain SELECT DISTINCT c FROM sbtest5 WHERE id BETWEEN 4505742 AND 4515741 ORDER BY c
	Unique  (cost=35144.80..35194.92 rows=10024 width=121)
	  ->  Sort  (cost=35144.80..35169.86 rows=10024 width=121)
	        Sort Key: c
	        ->  Bitmap Heap Scan on sbtest5  (cost=215.18..34478.64 rows=10024 width=121)
	              Recheck Cond: ((id >= 4505742) AND (id <= 4515741))
	              ->  Bitmap Index Scan on sbtest5_pkey  (cost=0.00..212.68 rows=10024 width=0)
	                    Index Cond: ((id >= 4505742) AND (id <= 4515741))

table 6 : explain SELECT DISTINCT c FROM sbtest6 WHERE id BETWEEN 2258124 AND 2268123 ORDER BY c
	Unique  (cost=30171.26..30213.73 rows=8494 width=121)
	  ->  Sort  (cost=30171.26..30192.50 rows=8494 width=121)
	        Sort Key: c
	        ->  Bitmap Heap Scan on sbtest6  (cost=183.50..29616.94 rows=8494 width=121)
	              Recheck Cond: ((id >= 2258124) AND (id <= 2268123))
	              ->  Bitmap Index Scan on sbtest6_pkey  (cost=0.00..181.38 rows=8494 width=0)
	                    Index Cond: ((id >= 2258124) AND (id <= 2268123))

table 7 : explain SELECT DISTINCT c FROM sbtest7 WHERE id BETWEEN 1046000 AND 1055999 ORDER BY c
	Unique  (cost=33486.67..33534.19 rows=9505 width=121)
	  ->  Sort  (cost=33486.67..33510.43 rows=9505 width=121)
	        Sort Key: c
	        ->  Bitmap Heap Scan on sbtest7  (cost=205.86..32858.65 rows=9505 width=121)
	              Recheck Cond: ((id >= 1046000) AND (id <= 1055999))
	              ->  Bitmap Index Scan on sbtest7_pkey  (cost=0.00..203.49 rows=9505 width=0)
	                    Index Cond: ((id >= 1046000) AND (id <= 1055999))

table 8 : explain SELECT DISTINCT c FROM sbtest8 WHERE id BETWEEN 8796298 AND 8806297 ORDER BY c
	Unique  (cost=32384.08..32429.91 rows=9165 width=121)
	  ->  Sort  (cost=32384.08..32406.99 rows=9165 width=121)
	        Sort Key: c
	        ->  Bitmap Heap Scan on sbtest8  (cost=198.38..31780.94 rows=9165 width=121)
	              Recheck Cond: ((id >= 8796298) AND (id <= 8806297))
	              ->  Bitmap Index Scan on sbtest8_pkey  (cost=0.00..196.09 rows=9165 width=0)
	                    Index Cond: ((id >= 8796298) AND (id <= 8806297))

explain: for point_selects :: explain SELECT c FROM sbtest%u WHERE id=%u
explain: for point_selects :: explain SELECT c FROM sbtest%u WHERE id=%u
for point_selects
table 1 : explain SELECT c FROM sbtest1 WHERE id=8350041
	Index Scan using sbtest1_pkey on sbtest1  (cost=0.43..8.45 rows=1 width=121)
	  Index Cond: (id = 8350041)

table 2 : explain SELECT c FROM sbtest2 WHERE id=9306238
	Index Scan using sbtest2_pkey on sbtest2  (cost=0.43..8.45 rows=1 width=121)
	  Index Cond: (id = 9306238)

table 3 : explain SELECT c FROM sbtest3 WHERE id=3531229
	Index Scan using sbtest3_pkey on sbtest3  (cost=0.43..8.45 rows=1 width=121)
	  Index Cond: (id = 3531229)

table 4 : explain SELECT c FROM sbtest4 WHERE id=722502
	Index Scan using sbtest4_pkey on sbtest4  (cost=0.43..8.45 rows=1 width=121)
	  Index Cond: (id = 722502)

table 5 : explain SELECT c FROM sbtest5 WHERE id=100338
	Index Scan using sbtest5_pkey on sbtest5  (cost=0.43..8.45 rows=1 width=121)
	  Index Cond: (id = 100338)

table 6 : explain SELECT c FROM sbtest6 WHERE id=7101541
	Index Scan using sbtest6_pkey on sbtest6  (cost=0.43..8.45 rows=1 width=121)
	  Index Cond: (id = 7101541)

table 7 : explain SELECT c FROM sbtest7 WHERE id=828961
	Index Scan using sbtest7_pkey on sbtest7  (cost=0.43..8.45 rows=1 width=121)
	  Index Cond: (id = 828961)

table 8 : explain SELECT c FROM sbtest8 WHERE id=212041
	Index Scan using sbtest8_pkey on sbtest8  (cost=0.43..8.45 rows=1 width=121)
	  Index Cond: (id = 212041)
for point_selects
table 1 : explain SELECT c FROM sbtest1 WHERE id=8577826
	Index Scan using sbtest1_pkey on sbtest1  (cost=0.43..8.45 rows=1 width=121)
	  Index Cond: (id = 8577826)

table 2 : explain SELECT c FROM sbtest2 WHERE id=3584092
	Index Scan using sbtest2_pkey on sbtest2  (cost=0.43..8.45 rows=1 width=121)
	  Index Cond: (id = 3584092)

table 3 : explain SELECT c FROM sbtest3 WHERE id=1138056
	Index Scan using sbtest3_pkey on sbtest3  (cost=0.43..8.45 rows=1 width=121)
	  Index Cond: (id = 1138056)

table 4 : explain SELECT c FROM sbtest4 WHERE id=2150310
	Index Scan using sbtest4_pkey on sbtest4  (cost=0.43..8.45 rows=1 width=121)
	  Index Cond: (id = 2150310)

table 5 : explain SELECT c FROM sbtest5 WHERE id=323480
	Index Scan using sbtest5_pkey on sbtest5  (cost=0.43..8.45 rows=1 width=121)
	  Index Cond: (id = 323480)

table 6 : explain SELECT c FROM sbtest6 WHERE id=5391857
	Index Scan using sbtest6_pkey on sbtest6  (cost=0.43..8.45 rows=1 width=121)
	  Index Cond: (id = 5391857)

table 7 : explain SELECT c FROM sbtest7 WHERE id=2174419
	Index Scan using sbtest7_pkey on sbtest7  (cost=0.43..8.45 rows=1 width=121)
	  Index Cond: (id = 2174419)

table 8 : explain SELECT c FROM sbtest8 WHERE id=7570834
	Index Scan using sbtest8_pkey on sbtest8  (cost=0.43..8.45 rows=1 width=121)
	  Index Cond: (id = 7570834)


for: simple_ranges
table 1 : explain SELECT c FROM sbtest1 WHERE id BETWEEN 5820685 AND 5830684
	Bitmap Heap Scan on sbtest1  (cost=230.31..36591.71 rows=10720 width=121)
	  Recheck Cond: ((id >= 5820685) AND (id <= 5830684))
	  ->  Bitmap Index Scan on sbtest1_pkey  (cost=0.00..227.63 rows=10720 width=0)
	        Index Cond: ((id >= 5820685) AND (id <= 5830684))

table 2 : explain SELECT c FROM sbtest2 WHERE id BETWEEN 4938181 AND 4948180
	Bitmap Heap Scan on sbtest2  (cost=215.00..34370.91 rows=10006 width=121)
	  Recheck Cond: ((id >= 4938181) AND (id <= 4948180))
	  ->  Bitmap Index Scan on sbtest2_pkey  (cost=0.00..212.50 rows=10006 width=0)
	        Index Cond: ((id >= 4938181) AND (id <= 4948180))

table 3 : explain SELECT c FROM sbtest3 WHERE id BETWEEN 7586706 AND 7596705
	Bitmap Heap Scan on sbtest3  (cost=221.41..35104.74 rows=10241 width=121)
	  Recheck Cond: ((id >= 7586706) AND (id <= 7596705))
	  ->  Bitmap Index Scan on sbtest3_pkey  (cost=0.00..218.84 rows=10241 width=0)
	        Index Cond: ((id >= 7586706) AND (id <= 7596705))

table 4 : explain SELECT c FROM sbtest4 WHERE id BETWEEN 1910463 AND 1920462
	Bitmap Heap Scan on sbtest4  (cost=208.24..33529.33 rows=9737 width=121)
	  Recheck Cond: ((id >= 1910463) AND (id <= 1920462))
	  ->  Bitmap Index Scan on sbtest4_pkey  (cost=0.00..205.81 rows=9737 width=0)
	        Index Cond: ((id >= 1910463) AND (id <= 1920462))

table 5 : explain SELECT c FROM sbtest5 WHERE id BETWEEN 5386374 AND 5396373
	Bitmap Heap Scan on sbtest5  (cost=229.23..36312.40 rows=10614 width=121)
	  Recheck Cond: ((id >= 5386374) AND (id <= 5396373))
	  ->  Bitmap Index Scan on sbtest5_pkey  (cost=0.00..226.57 rows=10614 width=0)
	        Index Cond: ((id >= 5386374) AND (id <= 5396373))

table 6 : explain SELECT c FROM sbtest6 WHERE id BETWEEN 8473599 AND 8483598
	Bitmap Heap Scan on sbtest6  (cost=208.16..33520.00 rows=9729 width=121)
	  Recheck Cond: ((id >= 8473599) AND (id <= 8483598))
	  ->  Bitmap Index Scan on sbtest6_pkey  (cost=0.00..205.73 rows=9729 width=0)
	        Index Cond: ((id >= 8473599) AND (id <= 8483598))

table 7 : explain SELECT c FROM sbtest7 WHERE id BETWEEN 4951404 AND 4961403
	Bitmap Heap Scan on sbtest7  (cost=224.01..35948.29 rows=10495 width=121)
	  Recheck Cond: ((id >= 4951404) AND (id <= 4961403))
	  ->  Bitmap Index Scan on sbtest7_pkey  (cost=0.00..221.38 rows=10495 width=0)
	        Index Cond: ((id >= 4951404) AND (id <= 4961403))

table 8 : explain SELECT c FROM sbtest8 WHERE id BETWEEN 1607004 AND 1617003
	Bitmap Heap Scan on sbtest8  (cost=213.85..34076.12 rows=9894 width=121)
	  Recheck Cond: ((id >= 1607004) AND (id <= 1617003))
	  ->  Bitmap Index Scan on sbtest8_pkey  (cost=0.00..211.38 rows=9894 width=0)
	        Index Cond: ((id >= 1607004) AND (id <= 1617003))

for: distinct_ranges
table 1 : explain SELECT DISTINCT c FROM sbtest1 WHERE id BETWEEN 9103591 AND 9113590 ORDER BY c
	Unique  (cost=32070.49..32115.90 rows=9081 width=121)
	  ->  Sort  (cost=32070.49..32093.19 rows=9081 width=121)
	        Sort Key: c
	        ->  Bitmap Heap Scan on sbtest1  (cost=193.52..31473.48 rows=9081 width=121)
	              Recheck Cond: ((id >= 9103591) AND (id <= 9113590))
	              ->  Bitmap Index Scan on sbtest1_pkey  (cost=0.00..191.25 rows=9081 width=0)
	                    Index Cond: ((id >= 9103591) AND (id <= 9113590))

table 2 : explain SELECT DISTINCT c FROM sbtest2 WHERE id BETWEEN 1852236 AND 1862235 ORDER BY c
	Unique  (cost=32595.67..32641.90 rows=9246 width=121)
	  ->  Sort  (cost=32595.67..32618.78 rows=9246 width=121)
	        Sort Key: c
	        ->  Bitmap Heap Scan on sbtest2  (cost=199.21..31986.61 rows=9246 width=121)
	              Recheck Cond: ((id >= 1852236) AND (id <= 1862235))
	              ->  Bitmap Index Scan on sbtest2_pkey  (cost=0.00..196.90 rows=9246 width=0)
	                    Index Cond: ((id >= 1852236) AND (id <= 1862235))

table 3 : explain SELECT DISTINCT c FROM sbtest3 WHERE id BETWEEN 5268880 AND 5278879 ORDER BY c
	Unique  (cost=35051.25..35101.30 rows=10010 width=121)
	  ->  Sort  (cost=35051.25..35076.28 rows=10010 width=121)
	        Sort Key: c
	        ->  Bitmap Heap Scan on sbtest3  (cost=215.04..34386.13 rows=10010 width=121)
	              Recheck Cond: ((id >= 5268880) AND (id <= 5278879))
	              ->  Bitmap Index Scan on sbtest3_pkey  (cost=0.00..212.54 rows=10010 width=0)
	                    Index Cond: ((id >= 5268880) AND (id <= 5278879))

table 4 : explain SELECT DISTINCT c FROM sbtest4 WHERE id BETWEEN 2271983 AND 2281982 ORDER BY c
	Unique  (cost=34240.21..34288.99 rows=9757 width=121)
	  ->  Sort  (cost=34240.21..34264.60 rows=9757 width=121)
	        Sort Key: c
	        ->  Bitmap Heap Scan on sbtest4  (cost=208.44..33593.70 rows=9757 width=121)
	              Recheck Cond: ((id >= 2271983) AND (id <= 2281982))
	              ->  Bitmap Index Scan on sbtest4_pkey  (cost=0.00..206.00 rows=9757 width=0)
	                    Index Cond: ((id >= 2271983) AND (id <= 2281982))

table 5 : explain SELECT DISTINCT c FROM sbtest5 WHERE id BETWEEN 7740260 AND 7750259 ORDER BY c
	Unique  (cost=34561.78..34610.99 rows=9842 width=121)
	  ->  Sort  (cost=34561.78..34586.39 rows=9842 width=121)
	        Sort Key: c
	        ->  Bitmap Heap Scan on sbtest5  (cost=213.32..33909.02 rows=9842 width=121)
	              Recheck Cond: ((id >= 7740260) AND (id <= 7750259))
	              ->  Bitmap Index Scan on sbtest5_pkey  (cost=0.00..210.86 rows=9842 width=0)
	                    Index Cond: ((id >= 7740260) AND (id <= 7750259))

table 6 : explain SELECT DISTINCT c FROM sbtest6 WHERE id BETWEEN 7837936 AND 7847935 ORDER BY c
	Unique  (cost=39083.67..39140.08 rows=11281 width=121)
	  ->  Sort  (cost=39083.67..39111.88 rows=11281 width=121)
	        Sort Key: c
	        ->  Bitmap Heap Scan on sbtest6  (cost=244.07..38324.37 rows=11281 width=121)
	              Recheck Cond: ((id >= 7837936) AND (id <= 7847935))
	              ->  Bitmap Index Scan on sbtest6_pkey  (cost=0.00..241.25 rows=11281 width=0)
	                    Index Cond: ((id >= 7837936) AND (id <= 7847935))

table 7 : explain SELECT DISTINCT c FROM sbtest7 WHERE id BETWEEN 1582303 AND 1592302 ORDER BY c
	Unique  (cost=36616.42..36668.84 rows=10484 width=121)
	  ->  Sort  (cost=36616.42..36642.63 rows=10484 width=121)
	        Sort Key: c
	        ->  Bitmap Heap Scan on sbtest7  (cost=223.90..35916.30 rows=10484 width=121)
	              Recheck Cond: ((id >= 1582303) AND (id <= 1592302))
	              ->  Bitmap Index Scan on sbtest7_pkey  (cost=0.00..221.28 rows=10484 width=0)
	                    Index Cond: ((id >= 1582303) AND (id <= 1592302))

table 8 : explain SELECT DISTINCT c FROM sbtest8 WHERE id BETWEEN 2285216 AND 2295215 ORDER BY c
	Unique  (cost=35385.33..35435.82 rows=10098 width=121)
	  ->  Sort  (cost=35385.33..35410.58 rows=10098 width=121)
	        Sort Key: c
	        ->  Bitmap Heap Scan on sbtest8  (cost=219.94..34713.73 rows=10098 width=121)
	              Recheck Cond: ((id >= 2285216) AND (id <= 2295215))
	              ->  Bitmap Index Scan on sbtest8_pkey  (cost=0.00..217.42 rows=10098 width=0)
	                    Index Cond: ((id >= 2285216) AND (id <= 2295215))

explain: for point_selects :: explain SELECT c FROM sbtest%u WHERE id=%u
for point_selects
table 1 : explain SELECT c FROM sbtest1 WHERE id=8437985
	Index Scan using sbtest1_pkey on sbtest1  (cost=0.43..8.45 rows=1 width=121)
	  Index Cond: (id = 8437985)

table 2 : explain SELECT c FROM sbtest2 WHERE id=1662627
	Index Scan using sbtest2_pkey on sbtest2  (cost=0.43..8.45 rows=1 width=121)
	  Index Cond: (id = 1662627)

table 3 : explain SELECT c FROM sbtest3 WHERE id=5019390
	Index Scan using sbtest3_pkey on sbtest3  (cost=0.43..8.45 rows=1 width=121)
	  Index Cond: (id = 5019390)

table 4 : explain SELECT c FROM sbtest4 WHERE id=1886174
	Index Scan using sbtest4_pkey on sbtest4  (cost=0.43..8.45 rows=1 width=121)
	  Index Cond: (id = 1886174)

table 5 : explain SELECT c FROM sbtest5 WHERE id=6505307
	Index Scan using sbtest5_pkey on sbtest5  (cost=0.43..8.45 rows=1 width=121)
	  Index Cond: (id = 6505307)

table 6 : explain SELECT c FROM sbtest6 WHERE id=6708858
	Index Scan using sbtest6_pkey on sbtest6  (cost=0.43..8.45 rows=1 width=121)
	  Index Cond: (id = 6708858)

table 7 : explain SELECT c FROM sbtest7 WHERE id=780163
	Index Scan using sbtest7_pkey on sbtest7  (cost=0.43..8.45 rows=1 width=121)
	  Index Cond: (id = 780163)

table 8 : explain SELECT c FROM sbtest8 WHERE id=9982185
	Index Scan using sbtest8_pkey on sbtest8  (cost=0.43..8.45 rows=1 width=121)
	  Index Cond: (id = 9982185)

for: sum_ranges
table 1 : explain SELECT SUM(k) FROM sbtest1 WHERE id BETWEEN 2032205 AND 2042204
	Aggregate  (cost=35334.27..35334.28 rows=1 width=8)
	  ->  Bitmap Heap Scan on sbtest1  (cost=222.06..35308.51 rows=10305 width=4)
	        Recheck Cond: ((id >= 2032205) AND (id <= 2042204))
	        ->  Bitmap Index Scan on sbtest1_pkey  (cost=0.00..219.49 rows=10305 width=0)
	              Index Cond: ((id >= 2032205) AND (id <= 2042204))

table 2 : explain SELECT SUM(k) FROM sbtest2 WHERE id BETWEEN 7905962 AND 7915961
	Aggregate  (cost=35649.28..35649.29 rows=1 width=8)
	  ->  Bitmap Heap Scan on sbtest2  (cost=223.14..35623.25 rows=10410 width=4)
	        Recheck Cond: ((id >= 7905962) AND (id <= 7915961))
	        ->  Bitmap Index Scan on sbtest2_pkey  (cost=0.00..220.54 rows=10410 width=0)
	              Index Cond: ((id >= 7905962) AND (id <= 7915961))

table 3 : explain SELECT SUM(k) FROM sbtest3 WHERE id BETWEEN 3631467 AND 3641466
	Aggregate  (cost=33386.99..33387.00 rows=1 width=8)
	  ->  Bitmap Heap Scan on sbtest3  (cost=207.69..33362.78 rows=9683 width=4)
	        Recheck Cond: ((id >= 3631467) AND (id <= 3641466))
	        ->  Bitmap Index Scan on sbtest3_pkey  (cost=0.00..205.26 rows=9683 width=0)
	              Index Cond: ((id >= 3631467) AND (id <= 3641466))

table 4 : explain SELECT SUM(k) FROM sbtest4 WHERE id BETWEEN 9659715 AND 9669714
	Aggregate  (cost=31809.81..31809.82 rows=1 width=8)
	  ->  Bitmap Heap Scan on sbtest4  (cost=198.55..31786.86 rows=9182 width=4)
	        Recheck Cond: ((id >= 9659715) AND (id <= 9669714))
	        ->  Bitmap Index Scan on sbtest4_pkey  (cost=0.00..196.25 rows=9182 width=0)
	              Index Cond: ((id >= 9659715) AND (id <= 9669714))

table 5 : explain SELECT SUM(k) FROM sbtest5 WHERE id BETWEEN 4632995 AND 4642994
	Aggregate  (cost=33774.79..33774.80 rows=1 width=8)
	  ->  Bitmap Heap Scan on sbtest5  (cost=208.80..33750.31 rows=9792 width=4)
	        Recheck Cond: ((id >= 4632995) AND (id <= 4642994))
	        ->  Bitmap Index Scan on sbtest5_pkey  (cost=0.00..206.36 rows=9792 width=0)
	              Index Cond: ((id >= 4632995) AND (id <= 4642994))

table 6 : explain SELECT SUM(k) FROM sbtest6 WHERE id BETWEEN 5268335 AND 5278334
	Aggregate  (cost=34613.49..34613.50 rows=1 width=8)
	  ->  Bitmap Heap Scan on sbtest6  (cost=215.66..34588.31 rows=10071 width=4)
	        Recheck Cond: ((id >= 5268335) AND (id <= 5278334))
	        ->  Bitmap Index Scan on sbtest6_pkey  (cost=0.00..213.15 rows=10071 width=0)
	              Index Cond: ((id >= 5268335) AND (id <= 5278334))

table 7 : explain SELECT SUM(k) FROM sbtest7 WHERE id BETWEEN 8701669 AND 8711668
	Aggregate  (cost=33716.71..33716.72 rows=1 width=8)
	  ->  Bitmap Heap Scan on sbtest7  (cost=208.59..33692.28 rows=9771 width=4)
	        Recheck Cond: ((id >= 8701669) AND (id <= 8711668))
	        ->  Bitmap Index Scan on sbtest7_pkey  (cost=0.00..206.15 rows=9771 width=0)
	              Index Cond: ((id >= 8701669) AND (id <= 8711668))

table 8 : explain SELECT SUM(k) FROM sbtest8 WHERE id BETWEEN 8762773 AND 8772772
	Aggregate  (cost=33228.39..33228.40 rows=1 width=8)
	  ->  Bitmap Heap Scan on sbtest8  (cost=207.00..33204.35 rows=9616 width=4)
	        Recheck Cond: ((id >= 8762773) AND (id <= 8772772))
	        ->  Bitmap Index Scan on sbtest8_pkey  (cost=0.00..204.59 rows=9616 width=0)
	              Index Cond: ((id >= 8762773) AND (id <= 8772772))

explain: for point_selects :: explain SELECT c FROM sbtest%u WHERE id=%u
for: distinct_ranges
table 1 : explain SELECT DISTINCT c FROM sbtest1 WHERE id BETWEEN 8078538 AND 8088537 ORDER BY c
	Unique  (cost=33886.67..33934.89 rows=9644 width=121)
	  ->  Sort  (cost=33886.67..33910.78 rows=9644 width=121)
	        Sort Key: c
	        ->  Bitmap Heap Scan on sbtest1  (cost=207.29..33248.46 rows=9644 width=121)
	              Recheck Cond: ((id >= 8078538) AND (id <= 8088537))
	              ->  Bitmap Index Scan on sbtest1_pkey  (cost=0.00..204.88 rows=9644 width=0)
	                    Index Cond: ((id >= 8078538) AND (id <= 8088537))

table 2 : explain SELECT DISTINCT c FROM sbtest2 WHERE id BETWEEN 9195343 AND 9205342 ORDER BY c
	Unique  (cost=32253.88..32299.58 rows=9139 width=121)
	  ->  Sort  (cost=32253.88..32276.73 rows=9139 width=121)
	        Sort Key: c
	        ->  Bitmap Heap Scan on sbtest2  (cost=198.11..31652.64 rows=9139 width=121)
	              Recheck Cond: ((id >= 9195343) AND (id <= 9205342))
	              ->  Bitmap Index Scan on sbtest2_pkey  (cost=0.00..195.82 rows=9139 width=0)
	                    Index Cond: ((id >= 9195343) AND (id <= 9205342))

table 3 : explain SELECT DISTINCT c FROM sbtest3 WHERE id BETWEEN 9434527 AND 9444526 ORDER BY c
	Unique  (cost=36356.35..36408.46 rows=10421 width=121)
	  ->  Sort  (cost=36356.35..36382.41 rows=10421 width=121)
	        Sort Key: c
	        ->  Bitmap Heap Scan on sbtest3  (cost=223.25..35660.90 rows=10421 width=121)
	              Recheck Cond: ((id >= 9434527) AND (id <= 9444526))
	              ->  Bitmap Index Scan on sbtest3_pkey  (cost=0.00..220.65 rows=10421 width=0)
	                    Index Cond: ((id >= 9434527) AND (id <= 9444526))

table 4 : explain SELECT DISTINCT c FROM sbtest4 WHERE id BETWEEN 331254 AND 341253 ORDER BY c
	Unique  (cost=34260.06..34308.88 rows=9764 width=121)
	  ->  Sort  (cost=34260.06..34284.47 rows=9764 width=121)
	        Sort Key: c
	        ->  Bitmap Heap Scan on sbtest4  (cost=208.52..33613.03 rows=9764 width=121)
	              Recheck Cond: ((id >= 331254) AND (id <= 341253))
	              ->  Bitmap Index Scan on sbtest4_pkey  (cost=0.00..206.07 rows=9764 width=0)
	                    Index Cond: ((id >= 331254) AND (id <= 341253))

table 5 : explain SELECT DISTINCT c FROM sbtest5 WHERE id BETWEEN 4288587 AND 4298586 ORDER BY c
	Unique  (cost=33814.66..33862.70 rows=9609 width=121)
	  ->  Sort  (cost=33814.66..33838.68 rows=9609 width=121)
	        Sort Key: c
	        ->  Bitmap Heap Scan on sbtest5  (cost=206.93..33179.01 rows=9609 width=121)
	              Recheck Cond: ((id >= 4288587) AND (id <= 4298586))
	              ->  Bitmap Index Scan on sbtest5_pkey  (cost=0.00..204.53 rows=9609 width=0)
	                    Index Cond: ((id >= 4288587) AND (id <= 4298586))

table 6 : explain SELECT DISTINCT c FROM sbtest6 WHERE id BETWEEN 9808123 AND 9818122 ORDER BY c
	Unique  (cost=32937.30..32984.04 rows=9347 width=121)
	  ->  Sort  (cost=32937.30..32960.67 rows=9347 width=121)
	        Sort Key: c
	        ->  Bitmap Heap Scan on sbtest6  (cost=200.24..32320.86 rows=9347 width=121)
	              Recheck Cond: ((id >= 9808123) AND (id <= 9818122))
	              ->  Bitmap Index Scan on sbtest6_pkey  (cost=0.00..197.91 rows=9347 width=0)
	                    Index Cond: ((id >= 9808123) AND (id <= 9818122))

table 7 : explain SELECT DISTINCT c FROM sbtest7 WHERE id BETWEEN 7540711 AND 7550710 ORDER BY c
	Unique  (cost=35826.22..35877.40 rows=10235 width=121)
	  ->  Sort  (cost=35826.22..35851.81 rows=10235 width=121)
	        Sort Key: c
	        ->  Bitmap Heap Scan on sbtest7  (cost=221.34..35144.51 rows=10235 width=121)
	              Recheck Cond: ((id >= 7540711) AND (id <= 7550710))
	              ->  Bitmap Index Scan on sbtest7_pkey  (cost=0.00..218.79 rows=10235 width=0)
	                    Index Cond: ((id >= 7540711) AND (id <= 7550710))

table 8 : explain SELECT DISTINCT c FROM sbtest8 WHERE id BETWEEN 5720424 AND 5730423 ORDER BY c
	Unique  (cost=34135.40..34183.94 rows=9707 width=121)
	  ->  Sort  (cost=34135.40..34159.67 rows=9707 width=121)
	        Sort Key: c
	        ->  Bitmap Heap Scan on sbtest8  (cost=211.93..33492.57 rows=9707 width=121)
	              Recheck Cond: ((id >= 5720424) AND (id <= 5730423))
	              ->  Bitmap Index Scan on sbtest8_pkey  (cost=0.00..209.50 rows=9707 width=0)
	                    Index Cond: ((id >= 5720424) AND (id <= 5730423))

for point_selects
table 1 : explain SELECT c FROM sbtest1 WHERE id=9729307
	Index Scan using sbtest1_pkey on sbtest1  (cost=0.43..8.45 rows=1 width=121)
	  Index Cond: (id = 9729307)

table 2 : explain SELECT c FROM sbtest2 WHERE id=2048864
	Index Scan using sbtest2_pkey on sbtest2  (cost=0.43..8.45 rows=1 width=121)
	  Index Cond: (id = 2048864)

table 3 : explain SELECT c FROM sbtest3 WHERE id=1547733
	Index Scan using sbtest3_pkey on sbtest3  (cost=0.43..8.45 rows=1 width=121)
	  Index Cond: (id = 1547733)

table 4 : explain SELECT c FROM sbtest4 WHERE id=6423909
	Index Scan using sbtest4_pkey on sbtest4  (cost=0.43..8.45 rows=1 width=121)
	  Index Cond: (id = 6423909)

table 5 : explain SELECT c FROM sbtest5 WHERE id=4635813
	Index Scan using sbtest5_pkey on sbtest5  (cost=0.43..8.45 rows=1 width=121)
	  Index Cond: (id = 4635813)

table 6 : explain SELECT c FROM sbtest6 WHERE id=9727909
	Index Scan using sbtest6_pkey on sbtest6  (cost=0.43..8.45 rows=1 width=121)
	  Index Cond: (id = 9727909)

table 7 : explain SELECT c FROM sbtest7 WHERE id=6383643
	Index Scan using sbtest7_pkey on sbtest7  (cost=0.43..8.45 rows=1 width=121)
	  Index Cond: (id = 6383643)

table 8 : explain SELECT c FROM sbtest8 WHERE id=1908154
	Index Scan using sbtest8_pkey on sbtest8  (cost=0.43..8.45 rows=1 width=121)
	  Index Cond: (id = 1908154)

explain: for point_selects :: explain SELECT c FROM sbtest%u WHERE id=%u
for: order_ranges
table 1 : explain SELECT c FROM sbtest1 WHERE id BETWEEN 9586981 AND 9596980 ORDER BY c
	Sort  (cost=32230.69..32253.51 rows=9130 width=121)
	  Sort Key: c
	  ->  Bitmap Heap Scan on sbtest1  (cost=198.02..31630.10 rows=9130 width=121)
	        Recheck Cond: ((id >= 9586981) AND (id <= 9596980))
	        ->  Bitmap Index Scan on sbtest1_pkey  (cost=0.00..195.74 rows=9130 width=0)
	              Index Cond: ((id >= 9586981) AND (id <= 9596980))

table 2 : explain SELECT c FROM sbtest2 WHERE id BETWEEN 4526579 AND 4536578 ORDER BY c
	Sort  (cost=33437.12..33460.88 rows=9507 width=121)
	  Sort Key: c
	  ->  Bitmap Heap Scan on sbtest2  (cost=205.88..32808.95 rows=9507 width=121)
	        Recheck Cond: ((id >= 4526579) AND (id <= 4536578))
	        ->  Bitmap Index Scan on sbtest2_pkey  (cost=0.00..203.50 rows=9507 width=0)
	              Index Cond: ((id >= 4526579) AND (id <= 4536578))

table 3 : explain SELECT c FROM sbtest3 WHERE id BETWEEN 4402227 AND 4412226 ORDER BY c
	Sort  (cost=34535.00..34559.62 rows=9848 width=121)
	  Sort Key: c
	  ->  Bitmap Heap Scan on sbtest3  (cost=213.38..33881.80 rows=9848 width=121)
	        Recheck Cond: ((id >= 4402227) AND (id <= 4412226))
	        ->  Bitmap Index Scan on sbtest3_pkey  (cost=0.00..210.92 rows=9848 width=0)
	              Index Cond: ((id >= 4402227) AND (id <= 4412226))

table 4 : explain SELECT c FROM sbtest4 WHERE id BETWEEN 8689351 AND 8699350 ORDER BY c
	Sort  (cost=39901.18..39930.06 rows=11550 width=121)
	  Sort Key: c
	  ->  Bitmap Heap Scan on sbtest4  (cost=246.82..39121.81 rows=11550 width=121)
	        Recheck Cond: ((id >= 8689351) AND (id <= 8699350))
	        ->  Bitmap Index Scan on sbtest4_pkey  (cost=0.00..243.94 rows=11550 width=0)
	              Index Cond: ((id >= 8689351) AND (id <= 8699350))

table 5 : explain SELECT c FROM sbtest5 WHERE id BETWEEN 9871740 AND 9881739 ORDER BY c
	Sort  (cost=32783.57..32806.80 rows=9290 width=121)
	  Sort Key: c
	  ->  Bitmap Heap Scan on sbtest5  (cost=199.66..32171.29 rows=9290 width=121)
	        Recheck Cond: ((id >= 9871740) AND (id <= 9881739))
	        ->  Bitmap Index Scan on sbtest5_pkey  (cost=0.00..197.34 rows=9290 width=0)
	              Index Cond: ((id >= 9871740) AND (id <= 9881739))

table 6 : explain SELECT c FROM sbtest6 WHERE id BETWEEN 7688700 AND 7698699 ORDER BY c
	Sort  (cost=34200.70..34225.05 rows=9740 width=121)
	  Sort Key: c
	  ->  Bitmap Heap Scan on sbtest6  (cost=208.27..33555.44 rows=9740 width=121)
	        Recheck Cond: ((id >= 7688700) AND (id <= 7698699))
	        ->  Bitmap Index Scan on sbtest6_pkey  (cost=0.00..205.84 rows=9740 width=0)
	              Index Cond: ((id >= 7688700) AND (id <= 7698699))

table 7 : explain SELECT c FROM sbtest7 WHERE id BETWEEN 1666024 AND 1676023 ORDER BY c
	Sort  (cost=35135.07..35160.12 rows=10019 width=121)
	  Sort Key: c
	  ->  Bitmap Heap Scan on sbtest7  (cost=215.13..34469.28 rows=10019 width=121)
	        Recheck Cond: ((id >= 1666024) AND (id <= 1676023))
	        ->  Bitmap Index Scan on sbtest7_pkey  (cost=0.00..212.62 rows=10019 width=0)
	              Index Cond: ((id >= 1666024) AND (id <= 1676023))

table 8 : explain SELECT c FROM sbtest8 WHERE id BETWEEN 4554373 AND 4564372 ORDER BY c
	Sort  (cost=33519.53..33543.32 rows=9516 width=121)
	  Sort Key: c
	  ->  Bitmap Heap Scan on sbtest8  (cost=205.97..32890.71 rows=9516 width=121)
	        Recheck Cond: ((id >= 4554373) AND (id <= 4564372))
	        ->  Bitmap Index Scan on sbtest8_pkey  (cost=0.00..203.59 rows=9516 width=0)
	              Index Cond: ((id >= 4554373) AND (id <= 4564372))

explain: for point_selects :: explain SELECT c FROM sbtest%u WHERE id=%u
for point_selects
table 1 : explain SELECT c FROM sbtest1 WHERE id=6247922
	Index Scan using sbtest1_pkey on sbtest1  (cost=0.43..8.45 rows=1 width=121)
	  Index Cond: (id = 6247922)

table 2 : explain SELECT c FROM sbtest2 WHERE id=8145610
	Index Scan using sbtest2_pkey on sbtest2  (cost=0.43..8.45 rows=1 width=121)
	  Index Cond: (id = 8145610)

table 3 : explain SELECT c FROM sbtest3 WHERE id=6228409
	Index Scan using sbtest3_pkey on sbtest3  (cost=0.43..8.45 rows=1 width=121)
	  Index Cond: (id = 6228409)

table 4 : explain SELECT c FROM sbtest4 WHERE id=1553668
	Index Scan using sbtest4_pkey on sbtest4  (cost=0.43..8.45 rows=1 width=121)
	  Index Cond: (id = 1553668)

table 5 : explain SELECT c FROM sbtest5 WHERE id=7296407
	Index Scan using sbtest5_pkey on sbtest5  (cost=0.43..8.45 rows=1 width=121)
	  Index Cond: (id = 7296407)

table 6 : explain SELECT c FROM sbtest6 WHERE id=3822854
	Index Scan using sbtest6_pkey on sbtest6  (cost=0.43..8.45 rows=1 width=121)
	  Index Cond: (id = 3822854)

table 7 : explain SELECT c FROM sbtest7 WHERE id=6658366
	Index Scan using sbtest7_pkey on sbtest7  (cost=0.43..8.45 rows=1 width=121)
	  Index Cond: (id = 6658366)

table 8 : explain SELECT c FROM sbtest8 WHERE id=118377
	Index Scan using sbtest8_pkey on sbtest8  (cost=0.43..8.45 rows=1 width=121)
	  Index Cond: (id = 118377)

for point_selects
table 1 : explain SELECT c FROM sbtest1 WHERE id=1128577
	Index Scan using sbtest1_pkey on sbtest1  (cost=0.43..8.45 rows=1 width=121)
	  Index Cond: (id = 1128577)

table 2 : explain SELECT c FROM sbtest2 WHERE id=5757871
	Index Scan using sbtest2_pkey on sbtest2  (cost=0.43..8.45 rows=1 width=121)
	  Index Cond: (id = 5757871)

table 3 : explain SELECT c FROM sbtest3 WHERE id=5760086
	Index Scan using sbtest3_pkey on sbtest3  (cost=0.43..8.45 rows=1 width=121)
	  Index Cond: (id = 5760086)

table 4 : explain SELECT c FROM sbtest4 WHERE id=2260157
	Index Scan using sbtest4_pkey on sbtest4  (cost=0.43..8.45 rows=1 width=121)
	  Index Cond: (id = 2260157)

table 5 : explain SELECT c FROM sbtest5 WHERE id=590726
	Index Scan using sbtest5_pkey on sbtest5  (cost=0.43..8.45 rows=1 width=121)
	  Index Cond: (id = 590726)

table 6 : explain SELECT c FROM sbtest6 WHERE id=9429728
	Index Scan using sbtest6_pkey on sbtest6  (cost=0.43..8.45 rows=1 width=121)
	  Index Cond: (id = 9429728)

table 7 : explain SELECT c FROM sbtest7 WHERE id=3618829
	Index Scan using sbtest7_pkey on sbtest7  (cost=0.43..8.45 rows=1 width=121)
	  Index Cond: (id = 3618829)

table 8 : explain SELECT c FROM sbtest8 WHERE id=3783874
	Index Scan using sbtest8_pkey on sbtest8  (cost=0.43..8.45 rows=1 width=121)
	  Index Cond: (id = 3783874)

for point_selects
table 1 : explain SELECT c FROM sbtest1 WHERE id=264165
	Index Scan using sbtest1_pkey on sbtest1  (cost=0.43..8.45 rows=1 width=121)
	  Index Cond: (id = 264165)

table 2 : explain SELECT c FROM sbtest2 WHERE id=5129218
	Index Scan using sbtest2_pkey on sbtest2  (cost=0.43..8.45 rows=1 width=121)
	  Index Cond: (id = 5129218)

table 3 : explain SELECT c FROM sbtest3 WHERE id=8838936
	Index Scan using sbtest3_pkey on sbtest3  (cost=0.43..8.45 rows=1 width=121)
	  Index Cond: (id = 8838936)

table 4 : explain SELECT c FROM sbtest4 WHERE id=5756459
	Index Scan using sbtest4_pkey on sbtest4  (cost=0.43..8.45 rows=1 width=121)
	  Index Cond: (id = 5756459)

table 5 : explain SELECT c FROM sbtest5 WHERE id=2788703
	Index Scan using sbtest5_pkey on sbtest5  (cost=0.43..8.45 rows=1 width=121)
	  Index Cond: (id = 2788703)

table 6 : explain SELECT c FROM sbtest6 WHERE id=6061824
	Index Scan using sbtest6_pkey on sbtest6  (cost=0.43..8.45 rows=1 width=121)
	  Index Cond: (id = 6061824)

table 7 : explain SELECT c FROM sbtest7 WHERE id=3416587
	Index Scan using sbtest7_pkey on sbtest7  (cost=0.43..8.45 rows=1 width=121)
	  Index Cond: (id = 3416587)

table 8 : explain SELECT c FROM sbtest8 WHERE id=7994128
	Index Scan using sbtest8_pkey on sbtest8  (cost=0.43..8.45 rows=1 width=121)
	  Index Cond: (id = 7994128)

for point_selects
table 1 : explain SELECT c FROM sbtest1 WHERE id=6693625
	Index Scan using sbtest1_pkey on sbtest1  (cost=0.43..8.45 rows=1 width=121)
	  Index Cond: (id = 6693625)

table 2 : explain SELECT c FROM sbtest2 WHERE id=724142
	Index Scan using sbtest2_pkey on sbtest2  (cost=0.43..8.45 rows=1 width=121)
	  Index Cond: (id = 724142)

table 3 : explain SELECT c FROM sbtest3 WHERE id=8082458
	Index Scan using sbtest3_pkey on sbtest3  (cost=0.43..8.45 rows=1 width=121)
	  Index Cond: (id = 8082458)

table 4 : explain SELECT c FROM sbtest4 WHERE id=4901351
	Index Scan using sbtest4_pkey on sbtest4  (cost=0.43..8.45 rows=1 width=121)
	  Index Cond: (id = 4901351)

table 5 : explain SELECT c FROM sbtest5 WHERE id=5616151
	Index Scan using sbtest5_pkey on sbtest5  (cost=0.43..8.45 rows=1 width=121)
	  Index Cond: (id = 5616151)

table 6 : explain SELECT c FROM sbtest6 WHERE id=4912647
	Index Scan using sbtest6_pkey on sbtest6  (cost=0.43..8.45 rows=1 width=121)
	  Index Cond: (id = 4912647)

table 7 : explain SELECT c FROM sbtest7 WHERE id=4055699
	Index Scan using sbtest7_pkey on sbtest7  (cost=0.43..8.45 rows=1 width=121)
	  Index Cond: (id = 4055699)

table 8 : explain SELECT c FROM sbtest8 WHERE id=7266544
	Index Scan using sbtest8_pkey on sbtest8  (cost=0.43..8.45 rows=1 width=121)
	  Index Cond: (id = 7266544)

explain: for point_selects :: explain SELECT c FROM sbtest%u WHERE id=%u
explain: for point_selects :: explain SELECT c FROM sbtest%u WHERE id=%u
explain: for point_selects :: explain SELECT c FROM sbtest%u WHERE id=%u
for: simple_ranges
table 1 : explain SELECT c FROM sbtest1 WHERE id BETWEEN 7397659 AND 7407658
	Bitmap Heap Scan on sbtest1  (cost=214.51..34230.84 rows=9959 width=121)
	  Recheck Cond: ((id >= 7397659) AND (id <= 7407658))
	  ->  Bitmap Index Scan on sbtest1_pkey  (cost=0.00..212.03 rows=9959 width=0)
	        Index Cond: ((id >= 7397659) AND (id <= 7407658))

table 2 : explain SELECT c FROM sbtest2 WHERE id BETWEEN 8589001 AND 8599000
	Bitmap Heap Scan on sbtest2  (cost=239.51..38134.78 rows=11227 width=121)
	  Recheck Cond: ((id >= 8589001) AND (id <= 8599000))
	  ->  Bitmap Index Scan on sbtest2_pkey  (cost=0.00..236.70 rows=11227 width=0)
	        Index Cond: ((id >= 8589001) AND (id <= 8599000))

table 3 : explain SELECT c FROM sbtest3 WHERE id BETWEEN 4305216 AND 4315215
	Bitmap Heap Scan on sbtest3  (cost=207.70..33366.00 rows=9684 width=121)
	  Recheck Cond: ((id >= 4305216) AND (id <= 4315215))
	  ->  Bitmap Index Scan on sbtest3_pkey  (cost=0.00..205.28 rows=9684 width=0)
	        Index Cond: ((id >= 4305216) AND (id <= 4315215))

table 4 : explain SELECT c FROM sbtest4 WHERE id BETWEEN 2661849 AND 2671848
	Bitmap Heap Scan on sbtest4  (cost=215.61..34558.35 rows=10066 width=121)
	  Recheck Cond: ((id >= 2661849) AND (id <= 2671848))
	  ->  Bitmap Index Scan on sbtest4_pkey  (cost=0.00..213.09 rows=10066 width=0)
	        Index Cond: ((id >= 2661849) AND (id <= 2671848))

table 5 : explain SELECT c FROM sbtest5 WHERE id BETWEEN 8914355 AND 8924354
	Bitmap Heap Scan on sbtest5  (cost=224.37..36049.75 rows=10530 width=121)
	  Recheck Cond: ((id >= 8914355) AND (id <= 8924354))
	  ->  Bitmap Index Scan on sbtest5_pkey  (cost=0.00..221.74 rows=10530 width=0)
	        Index Cond: ((id >= 8914355) AND (id <= 8924354))

table 6 : explain SELECT c FROM sbtest6 WHERE id BETWEEN 6888372 AND 6898371
	Bitmap Heap Scan on sbtest6  (cost=207.76..33400.73 rows=9690 width=121)
	  Recheck Cond: ((id >= 6888372) AND (id <= 6898371))
	  ->  Bitmap Index Scan on sbtest6_pkey  (cost=0.00..205.34 rows=9690 width=0)
	        Index Cond: ((id >= 6888372) AND (id <= 6898371))

table 7 : explain SELECT c FROM sbtest7 WHERE id BETWEEN 1482016 AND 1492015
	Bitmap Heap Scan on sbtest7  (cost=207.55..33375.96 rows=9670 width=121)
	  Recheck Cond: ((id >= 1482016) AND (id <= 1492015))
	  ->  Bitmap Index Scan on sbtest7_pkey  (cost=0.00..205.13 rows=9670 width=0)
	        Index Cond: ((id >= 1482016) AND (id <= 1492015))

table 8 : explain SELECT c FROM sbtest8 WHERE id BETWEEN 1832527 AND 1842526
	Bitmap Heap Scan on sbtest8  (cost=235.35..36957.17 rows=10821 width=121)
	  Recheck Cond: ((id >= 1832527) AND (id <= 1842526))
	  ->  Bitmap Index Scan on sbtest8_pkey  (cost=0.00..232.65 rows=10821 width=0)
	        Index Cond: ((id >= 1832527) AND (id <= 1842526))

for: sum_ranges
table 1 : explain SELECT SUM(k) FROM sbtest1 WHERE id BETWEEN 2455068 AND 2465067
	Aggregate  (cost=34393.91..34393.92 rows=1 width=8)
	  ->  Bitmap Heap Scan on sbtest1  (cost=214.97..34368.90 rows=10003 width=4)
	        Recheck Cond: ((id >= 2455068) AND (id <= 2465067))
	        ->  Bitmap Index Scan on sbtest1_pkey  (cost=0.00..212.47 rows=10003 width=0)
	              Index Cond: ((id >= 2455068) AND (id <= 2465067))

table 2 : explain SELECT SUM(k) FROM sbtest2 WHERE id BETWEEN 4439127 AND 4449126
	Aggregate  (cost=34087.44..34087.45 rows=1 width=8)
	  ->  Bitmap Heap Scan on sbtest2  (cost=213.98..34062.67 rows=9907 width=4)
	        Recheck Cond: ((id >= 4439127) AND (id <= 4449126))
	        ->  Bitmap Index Scan on sbtest2_pkey  (cost=0.00..211.50 rows=9907 width=0)
	              Index Cond: ((id >= 4439127) AND (id <= 4449126))

table 3 : explain SELECT SUM(k) FROM sbtest3 WHERE id BETWEEN 853987 AND 863986
	Aggregate  (cost=34986.20..34986.21 rows=1 width=8)
	  ->  Bitmap Heap Scan on sbtest3  (cost=220.93..34960.71 rows=10195 width=4)
	        Recheck Cond: ((id >= 853987) AND (id <= 863986))
	        ->  Bitmap Index Scan on sbtest3_pkey  (cost=0.00..218.38 rows=10195 width=0)
	              Index Cond: ((id >= 853987) AND (id <= 863986))

table 4 : explain SELECT SUM(k) FROM sbtest4 WHERE id BETWEEN 8185402 AND 8195401
	Aggregate  (cost=34824.11..34824.12 rows=1 width=8)
	  ->  Bitmap Heap Scan on sbtest4  (cost=216.41..34798.75 rows=10144 width=4)
	        Recheck Cond: ((id >= 8185402) AND (id <= 8195401))
	        ->  Bitmap Index Scan on sbtest4_pkey  (cost=0.00..213.88 rows=10144 width=0)
	              Index Cond: ((id >= 8185402) AND (id <= 8195401))

table 5 : explain SELECT SUM(k) FROM sbtest5 WHERE id BETWEEN 9825646 AND 9835645
	Aggregate  (cost=32194.52..32194.53 rows=1 width=8)
	  ->  Bitmap Heap Scan on sbtest5  (cost=199.66..32171.29 rows=9290 width=4)
	        Recheck Cond: ((id >= 9825646) AND (id <= 9835645))
	        ->  Bitmap Index Scan on sbtest5_pkey  (cost=0.00..197.34 rows=9290 width=0)
	              Index Cond: ((id >= 9825646) AND (id <= 9835645))

table 6 : explain SELECT SUM(k) FROM sbtest6 WHERE id BETWEEN 1025861 AND 1035860
	Aggregate  (cost=35434.98..35434.99 rows=1 width=8)
	  ->  Bitmap Heap Scan on sbtest6  (cost=222.36..35409.15 rows=10334 width=4)
	        Recheck Cond: ((id >= 1025861) AND (id <= 1035860))
	        ->  Bitmap Index Scan on sbtest6_pkey  (cost=0.00..219.78 rows=10334 width=0)
	              Index Cond: ((id >= 1025861) AND (id <= 1035860))

table 7 : explain SELECT SUM(k) FROM sbtest7 WHERE id BETWEEN 1567850 AND 1577849
	Aggregate  (cost=35942.51..35942.52 rows=1 width=8)
	  ->  Bitmap Heap Scan on sbtest7  (cost=223.90..35916.30 rows=10484 width=4)
	        Recheck Cond: ((id >= 1567850) AND (id <= 1577849))
	        ->  Bitmap Index Scan on sbtest7_pkey  (cost=0.00..221.28 rows=10484 width=0)
	              Index Cond: ((id >= 1567850) AND (id <= 1577849))

table 8 : explain SELECT SUM(k) FROM sbtest8 WHERE id BETWEEN 5820667 AND 5830666
	Aggregate  (cost=35150.12..35150.13 rows=1 width=8)
	  ->  Bitmap Heap Scan on sbtest8  (cost=221.29..35124.55 rows=10230 width=4)
	        Recheck Cond: ((id >= 5820667) AND (id <= 5830666))
	        ->  Bitmap Index Scan on sbtest8_pkey  (cost=0.00..218.74 rows=10230 width=0)
	              Index Cond: ((id >= 5820667) AND (id <= 5830666))

explain: for point_selects :: explain SELECT c FROM sbtest%u WHERE id=%u
for: simple_ranges
table 1 : explain SELECT c FROM sbtest1 WHERE id BETWEEN 175240 AND 185239
	Bitmap Heap Scan on sbtest1  (cost=216.06..34702.52 rows=10110 width=121)
	  Recheck Cond: ((id >= 175240) AND (id <= 185239))
	  ->  Bitmap Index Scan on sbtest1_pkey  (cost=0.00..213.54 rows=10110 width=0)
	        Index Cond: ((id >= 175240) AND (id <= 185239))

table 2 : explain SELECT c FROM sbtest2 WHERE id BETWEEN 6275662 AND 6285661
	Bitmap Heap Scan on sbtest2  (cost=214.03..34078.73 rows=9912 width=121)
	  Recheck Cond: ((id >= 6275662) AND (id <= 6285661))
	  ->  Bitmap Index Scan on sbtest2_pkey  (cost=0.00..211.56 rows=9912 width=0)
	        Index Cond: ((id >= 6275662) AND (id <= 6285661))

table 3 : explain SELECT c FROM sbtest3 WHERE id BETWEEN 7369354 AND 7379353
	Bitmap Heap Scan on sbtest3  (cost=238.94..37966.81 rows=11171 width=121)
	  Recheck Cond: ((id >= 7369354) AND (id <= 7379353))
	  ->  Bitmap Index Scan on sbtest3_pkey  (cost=0.00..236.15 rows=11171 width=0)
	        Index Cond: ((id >= 7369354) AND (id <= 7379353))

table 4 : explain SELECT c FROM sbtest4 WHERE id BETWEEN 2512260 AND 2522259
	Bitmap Heap Scan on sbtest4  (cost=239.59..38161.70 rows=11235 width=121)
	  Recheck Cond: ((id >= 2512260) AND (id <= 2522259))
	  ->  Bitmap Index Scan on sbtest4_pkey  (cost=0.00..236.79 rows=11235 width=0)
	        Index Cond: ((id >= 2512260) AND (id <= 2522259))

table 5 : explain SELECT c FROM sbtest5 WHERE id BETWEEN 2355737 AND 2365736
	Bitmap Heap Scan on sbtest5  (cost=198.21..31729.63 rows=9149 width=121)
	  Recheck Cond: ((id >= 2355737) AND (id <= 2365736))
	  ->  Bitmap Index Scan on sbtest5_pkey  (cost=0.00..195.93 rows=9149 width=0)
	        Index Cond: ((id >= 2355737) AND (id <= 2365736))

table 6 : explain SELECT c FROM sbtest6 WHERE id BETWEEN 3739524 AND 3749523
	Bitmap Heap Scan on sbtest6  (cost=223.24..35674.45 rows=10420 width=121)
	  Recheck Cond: ((id >= 3739524) AND (id <= 3749523))
	  ->  Bitmap Index Scan on sbtest6_pkey  (cost=0.00..220.63 rows=10420 width=0)
	        Index Cond: ((id >= 3739524) AND (id <= 3749523))

table 7 : explain SELECT c FROM sbtest7 WHERE id BETWEEN 730938 AND 740937
	Bitmap Heap Scan on sbtest7  (cost=229.65..36447.37 rows=10655 width=121)
	  Recheck Cond: ((id >= 730938) AND (id <= 740937))
	  ->  Bitmap Index Scan on sbtest7_pkey  (cost=0.00..226.99 rows=10655 width=0)
	        Index Cond: ((id >= 730938) AND (id <= 740937))

table 8 : explain SELECT c FROM sbtest8 WHERE id BETWEEN 3056222 AND 3066221
	Bitmap Heap Scan on sbtest8  (cost=243.17..38104.90 rows=11194 width=121)
	  Recheck Cond: ((id >= 3056222) AND (id <= 3066221))
	  ->  Bitmap Index Scan on sbtest8_pkey  (cost=0.00..240.38 rows=11194 width=0)
	        Index Cond: ((id >= 3056222) AND (id <= 3066221))

for: sum_ranges
table 1 : explain SELECT SUM(k) FROM sbtest1 WHERE id BETWEEN 4627269 AND 4637268
	Aggregate  (cost=35295.87..35295.88 rows=1 width=8)
	  ->  Bitmap Heap Scan on sbtest1  (cost=221.94..35270.14 rows=10293 width=4)
	        Recheck Cond: ((id >= 4627269) AND (id <= 4637268))
	        ->  Bitmap Index Scan on sbtest1_pkey  (cost=0.00..219.37 rows=10293 width=0)
	              Index Cond: ((id >= 4627269) AND (id <= 4637268))

table 2 : explain SELECT SUM(k) FROM sbtest2 WHERE id BETWEEN 5918330 AND 5928329
	Aggregate  (cost=33645.77..33645.78 rows=1 width=8)
	  ->  Bitmap Heap Scan on sbtest2  (cost=208.55..33621.35 rows=9767 width=4)
	        Recheck Cond: ((id >= 5918330) AND (id <= 5928329))
	        ->  Bitmap Index Scan on sbtest2_pkey  (cost=0.00..206.11 rows=9767 width=0)
	              Index Cond: ((id >= 5918330) AND (id <= 5928329))

table 3 : explain SELECT SUM(k) FROM sbtest3 WHERE id BETWEEN 4029227 AND 4039226
	Aggregate  (cost=34831.54..34831.55 rows=1 width=8)
	  ->  Bitmap Heap Scan on sbtest3  (cost=216.43..34806.18 rows=10146 width=4)
	        Recheck Cond: ((id >= 4029227) AND (id <= 4039226))
	        ->  Bitmap Index Scan on sbtest3_pkey  (cost=0.00..213.90 rows=10146 width=0)
	              Index Cond: ((id >= 4029227) AND (id <= 4039226))

table 4 : explain SELECT SUM(k) FROM sbtest4 WHERE id BETWEEN 7283126 AND 7293125
	Aggregate  (cost=35404.55..35404.56 rows=1 width=8)
	  ->  Bitmap Heap Scan on sbtest4  (cost=222.32..35378.72 rows=10330 width=4)
	        Recheck Cond: ((id >= 7283126) AND (id <= 7293125))
	        ->  Bitmap Index Scan on sbtest4_pkey  (cost=0.00..219.74 rows=10330 width=0)
	              Index Cond: ((id >= 7283126) AND (id <= 7293125))

table 5 : explain SELECT SUM(k) FROM sbtest5 WHERE id BETWEEN 9305632 AND 9315631
	Aggregate  (cost=34310.59..34310.60 rows=1 width=8)
	  ->  Bitmap Heap Scan on sbtest5  (cost=214.55..34285.69 rows=9962 width=4)
	        Recheck Cond: ((id >= 9305632) AND (id <= 9315631))
	        ->  Bitmap Index Scan on sbtest5_pkey  (cost=0.00..212.06 rows=9962 width=0)
	              Index Cond: ((id >= 9305632) AND (id <= 9315631))

table 6 : explain SELECT SUM(k) FROM sbtest6 WHERE id BETWEEN 4083174 AND 4093173
	Aggregate  (cost=33851.28..33851.29 rows=1 width=8)
	  ->  Bitmap Heap Scan on sbtest6  (cost=213.15..33826.72 rows=9826 width=4)
	        Recheck Cond: ((id >= 4083174) AND (id <= 4093173))
	        ->  Bitmap Index Scan on sbtest6_pkey  (cost=0.00..210.69 rows=9826 width=0)
	              Index Cond: ((id >= 4083174) AND (id <= 4093173))

table 7 : explain SELECT SUM(k) FROM sbtest7 WHERE id BETWEEN 9772913 AND 9782912
	Aggregate  (cost=36339.83..36339.84 rows=1 width=8)
	  ->  Bitmap Heap Scan on sbtest7  (cost=229.20..36313.30 rows=10611 width=4)
	        Recheck Cond: ((id >= 9772913) AND (id <= 9782912))
	        ->  Bitmap Index Scan on sbtest7_pkey  (cost=0.00..226.55 rows=10611 width=0)
	              Index Cond: ((id >= 9772913) AND (id <= 9782912))

table 8 : explain SELECT SUM(k) FROM sbtest8 WHERE id BETWEEN 6107481 AND 6117480
	Aggregate  (cost=36102.37..36102.38 rows=1 width=8)
	  ->  Bitmap Heap Scan on sbtest8  (cost=228.43..36076.03 rows=10536 width=4)
	        Recheck Cond: ((id >= 6107481) AND (id <= 6117480))
	        ->  Bitmap Index Scan on sbtest8_pkey  (cost=0.00..225.80 rows=10536 width=0)
	              Index Cond: ((id >= 6107481) AND (id <= 6117480))

for: simple_ranges
table 1 : explain SELECT c FROM sbtest1 WHERE id BETWEEN 6383510 AND 6393509
	Bitmap Heap Scan on sbtest1  (cost=231.83..37046.32 rows=10868 width=121)
	  Recheck Cond: ((id >= 6383510) AND (id <= 6393509))
	  ->  Bitmap Index Scan on sbtest1_pkey  (cost=0.00..229.12 rows=10868 width=0)
	        Index Cond: ((id >= 6383510) AND (id <= 6393509))

table 2 : explain SELECT c FROM sbtest2 WHERE id BETWEEN 5455481 AND 5465480
	Bitmap Heap Scan on sbtest2  (cost=193.69..31518.83 rows=9098 width=121)
	  Recheck Cond: ((id >= 5455481) AND (id <= 5465480))
	  ->  Bitmap Index Scan on sbtest2_pkey  (cost=0.00..191.42 rows=9098 width=0)
	        Index Cond: ((id >= 5455481) AND (id <= 5465480))

table 3 : explain SELECT c FROM sbtest3 WHERE id BETWEEN 7815512 AND 7825511
	Bitmap Heap Scan on sbtest3  (cost=208.87..33723.42 rows=9799 width=121)
	  Recheck Cond: ((id >= 7815512) AND (id <= 7825511))
	  ->  Bitmap Index Scan on sbtest3_pkey  (cost=0.00..206.43 rows=9799 width=0)
	        Index Cond: ((id >= 7815512) AND (id <= 7825511))

table 4 : explain SELECT c FROM sbtest4 WHERE id BETWEEN 2325777 AND 2335776
	Bitmap Heap Scan on sbtest4  (cost=206.03..32855.43 rows=9521 width=121)
	  Recheck Cond: ((id >= 2325777) AND (id <= 2335776))
	  ->  Bitmap Index Scan on sbtest4_pkey  (cost=0.00..203.65 rows=9521 width=0)
	        Index Cond: ((id >= 2325777) AND (id <= 2335776))

table 5 : explain SELECT c FROM sbtest5 WHERE id BETWEEN 8510106 AND 8520105
	Bitmap Heap Scan on sbtest5  (cost=197.55..31521.55 rows=9084 width=121)
	  Recheck Cond: ((id >= 8510106) AND (id <= 8520105))
	  ->  Bitmap Index Scan on sbtest5_pkey  (cost=0.00..195.28 rows=9084 width=0)
	        Index Cond: ((id >= 8510106) AND (id <= 8520105))

table 6 : explain SELECT c FROM sbtest6 WHERE id BETWEEN 1082674 AND 1092673
	Bitmap Heap Scan on sbtest6  (cost=223.70..35811.81 rows=10465 width=121)
	  Recheck Cond: ((id >= 1082674) AND (id <= 1092673))
	  ->  Bitmap Index Scan on sbtest6_pkey  (cost=0.00..221.09 rows=10465 width=0)
	        Index Cond: ((id >= 1082674) AND (id <= 1092673))

table 7 : explain SELECT c FROM sbtest7 WHERE id BETWEEN 3020154 AND 3030153
	Bitmap Heap Scan on sbtest7  (cost=236.18..37212.89 rows=10902 width=121)
	  Recheck Cond: ((id >= 3020154) AND (id <= 3030153))
	  ->  Bitmap Index Scan on sbtest7_pkey  (cost=0.00..233.45 rows=10902 width=0)
	        Index Cond: ((id >= 3020154) AND (id <= 3030153))

table 8 : explain SELECT c FROM sbtest8 WHERE id BETWEEN 7179968 AND 7189967
	Bitmap Heap Scan on sbtest8  (cost=228.16..35996.14 rows=10510 width=121)
	  Recheck Cond: ((id >= 7179968) AND (id <= 7189967))
	  ->  Bitmap Index Scan on sbtest8_pkey  (cost=0.00..225.54 rows=10510 width=0)
	        Index Cond: ((id >= 7179968) AND (id <= 7189967))

for point_selects
table 1 : explain SELECT c FROM sbtest1 WHERE id=1543849
	Index Scan using sbtest1_pkey on sbtest1  (cost=0.43..8.45 rows=1 width=121)
	  Index Cond: (id = 1543849)

table 2 : explain SELECT c FROM sbtest2 WHERE id=2305560
	Index Scan using sbtest2_pkey on sbtest2  (cost=0.43..8.45 rows=1 width=121)
	  Index Cond: (id = 2305560)

table 3 : explain SELECT c FROM sbtest3 WHERE id=2804030
	Index Scan using sbtest3_pkey on sbtest3  (cost=0.43..8.45 rows=1 width=121)
	  Index Cond: (id = 2804030)

table 4 : explain SELECT c FROM sbtest4 WHERE id=7101606
	Index Scan using sbtest4_pkey on sbtest4  (cost=0.43..8.45 rows=1 width=121)
	  Index Cond: (id = 7101606)

table 5 : explain SELECT c FROM sbtest5 WHERE id=3623711
	Index Scan using sbtest5_pkey on sbtest5  (cost=0.43..8.45 rows=1 width=121)
	  Index Cond: (id = 3623711)

table 6 : explain SELECT c FROM sbtest6 WHERE id=7489333
	Index Scan using sbtest6_pkey on sbtest6  (cost=0.43..8.45 rows=1 width=121)
	  Index Cond: (id = 7489333)

table 7 : explain SELECT c FROM sbtest7 WHERE id=5682454
	Index Scan using sbtest7_pkey on sbtest7  (cost=0.43..8.45 rows=1 width=121)
	  Index Cond: (id = 5682454)

table 8 : explain SELECT c FROM sbtest8 WHERE id=5107443
	Index Scan using sbtest8_pkey on sbtest8  (cost=0.43..8.45 rows=1 width=121)
	  Index Cond: (id = 5107443)

explain: for point_selects :: explain SELECT c FROM sbtest%u WHERE id=%u
explain: for point_selects :: explain SELECT c FROM sbtest%u WHERE id=%u
for point_selects
table 1 : explain SELECT c FROM sbtest1 WHERE id=3411280
	Index Scan using sbtest1_pkey on sbtest1  (cost=0.43..8.45 rows=1 width=121)
	  Index Cond: (id = 3411280)

table 2 : explain SELECT c FROM sbtest2 WHERE id=5770040
	Index Scan using sbtest2_pkey on sbtest2  (cost=0.43..8.45 rows=1 width=121)
	  Index Cond: (id = 5770040)

table 3 : explain SELECT c FROM sbtest3 WHERE id=1156898
	Index Scan using sbtest3_pkey on sbtest3  (cost=0.43..8.45 rows=1 width=121)
	  Index Cond: (id = 1156898)

table 4 : explain SELECT c FROM sbtest4 WHERE id=8338617
	Index Scan using sbtest4_pkey on sbtest4  (cost=0.43..8.45 rows=1 width=121)
	  Index Cond: (id = 8338617)

table 5 : explain SELECT c FROM sbtest5 WHERE id=8612182
	Index Scan using sbtest5_pkey on sbtest5  (cost=0.43..8.45 rows=1 width=121)
	  Index Cond: (id = 8612182)

table 6 : explain SELECT c FROM sbtest6 WHERE id=372895
	Index Scan using sbtest6_pkey on sbtest6  (cost=0.43..8.45 rows=1 width=121)
	  Index Cond: (id = 372895)

table 7 : explain SELECT c FROM sbtest7 WHERE id=1614346
	Index Scan using sbtest7_pkey on sbtest7  (cost=0.43..8.45 rows=1 width=121)
	  Index Cond: (id = 1614346)

table 8 : explain SELECT c FROM sbtest8 WHERE id=4947333
	Index Scan using sbtest8_pkey on sbtest8  (cost=0.43..8.45 rows=1 width=121)
	  Index Cond: (id = 4947333)

for point_selects
table 1 : explain SELECT c FROM sbtest1 WHERE id=1224708
	Index Scan using sbtest1_pkey on sbtest1  (cost=0.43..8.45 rows=1 width=121)
	  Index Cond: (id = 1224708)

table 2 : explain SELECT c FROM sbtest2 WHERE id=6134734
	Index Scan using sbtest2_pkey on sbtest2  (cost=0.43..8.45 rows=1 width=121)
	  Index Cond: (id = 6134734)

table 3 : explain SELECT c FROM sbtest3 WHERE id=6103192
	Index Scan using sbtest3_pkey on sbtest3  (cost=0.43..8.45 rows=1 width=121)
	  Index Cond: (id = 6103192)

table 4 : explain SELECT c FROM sbtest4 WHERE id=6572225
	Index Scan using sbtest4_pkey on sbtest4  (cost=0.43..8.45 rows=1 width=121)
	  Index Cond: (id = 6572225)

table 5 : explain SELECT c FROM sbtest5 WHERE id=7307715
	Index Scan using sbtest5_pkey on sbtest5  (cost=0.43..8.45 rows=1 width=121)
	  Index Cond: (id = 7307715)

table 6 : explain SELECT c FROM sbtest6 WHERE id=1112586
	Index Scan using sbtest6_pkey on sbtest6  (cost=0.43..8.45 rows=1 width=121)
	  Index Cond: (id = 1112586)

table 7 : explain SELECT c FROM sbtest7 WHERE id=9330537
	Index Scan using sbtest7_pkey on sbtest7  (cost=0.43..8.45 rows=1 width=121)
	  Index Cond: (id = 9330537)

table 8 : explain SELECT c FROM sbtest8 WHERE id=7927527
	Index Scan using sbtest8_pkey on sbtest8  (cost=0.43..8.45 rows=1 width=121)
	  Index Cond: (id = 7927527)

for point_selects
table 1 : explain SELECT c FROM sbtest1 WHERE id=3481001
	Index Scan using sbtest1_pkey on sbtest1  (cost=0.43..8.45 rows=1 width=121)
	  Index Cond: (id = 3481001)

table 2 : explain SELECT c FROM sbtest2 WHERE id=7036107
	Index Scan using sbtest2_pkey on sbtest2  (cost=0.43..8.45 rows=1 width=121)
	  Index Cond: (id = 7036107)

table 3 : explain SELECT c FROM sbtest3 WHERE id=2599470
	Index Scan using sbtest3_pkey on sbtest3  (cost=0.43..8.45 rows=1 width=121)
	  Index Cond: (id = 2599470)

table 4 : explain SELECT c FROM sbtest4 WHERE id=7420791
	Index Scan using sbtest4_pkey on sbtest4  (cost=0.43..8.45 rows=1 width=121)
	  Index Cond: (id = 7420791)

table 5 : explain SELECT c FROM sbtest5 WHERE id=4046607
	Index Scan using sbtest5_pkey on sbtest5  (cost=0.43..8.45 rows=1 width=121)
	  Index Cond: (id = 4046607)

table 6 : explain SELECT c FROM sbtest6 WHERE id=6859123
	Index Scan using sbtest6_pkey on sbtest6  (cost=0.43..8.45 rows=1 width=121)
	  Index Cond: (id = 6859123)

table 7 : explain SELECT c FROM sbtest7 WHERE id=8695245
	Index Scan using sbtest7_pkey on sbtest7  (cost=0.43..8.45 rows=1 width=121)
	  Index Cond: (id = 8695245)

table 8 : explain SELECT c FROM sbtest8 WHERE id=5265849
	Index Scan using sbtest8_pkey on sbtest8  (cost=0.43..8.45 rows=1 width=121)
	  Index Cond: (id = 5265849)

for: order_ranges
table 1 : explain SELECT c FROM sbtest1 WHERE id BETWEEN 5873701 AND 5883700 ORDER BY c
	Sort  (cost=37309.31..37336.11 rows=10720 width=121)
	  Sort Key: c
	  ->  Bitmap Heap Scan on sbtest1  (cost=230.31..36591.71 rows=10720 width=121)
	        Recheck Cond: ((id >= 5873701) AND (id <= 5883700))
	        ->  Bitmap Index Scan on sbtest1_pkey  (cost=0.00..227.63 rows=10720 width=0)
	              Index Cond: ((id >= 5873701) AND (id <= 5883700))

table 2 : explain SELECT c FROM sbtest2 WHERE id BETWEEN 3652155 AND 3662154 ORDER BY c
	Sort  (cost=34713.64..34738.40 rows=9905 width=121)
	  Sort Key: c
	  ->  Bitmap Heap Scan on sbtest2  (cost=213.96..34056.25 rows=9905 width=121)
	        Recheck Cond: ((id >= 3652155) AND (id <= 3662154))
	        ->  Bitmap Index Scan on sbtest2_pkey  (cost=0.00..211.49 rows=9905 width=0)
	              Index Cond: ((id >= 3652155) AND (id <= 3662154))

table 3 : explain SELECT c FROM sbtest3 WHERE id BETWEEN 7880072 AND 7890071 ORDER BY c
	Sort  (cost=34373.02..34397.52 rows=9799 width=121)
	  Sort Key: c
	  ->  Bitmap Heap Scan on sbtest3  (cost=208.87..33723.42 rows=9799 width=121)
	        Recheck Cond: ((id >= 7880072) AND (id <= 7890071))
	        ->  Bitmap Index Scan on sbtest3_pkey  (cost=0.00..206.43 rows=9799 width=0)
	              Index Cond: ((id >= 7880072) AND (id <= 7890071))

table 4 : explain SELECT c FROM sbtest4 WHERE id BETWEEN 109051 AND 119050 ORDER BY c
	Sort  (cost=37018.84..37045.41 rows=10630 width=121)
	  Sort Key: c
	  ->  Bitmap Heap Scan on sbtest4  (cost=229.39..36307.91 rows=10630 width=121)
	        Recheck Cond: ((id >= 109051) AND (id <= 119050))
	        ->  Bitmap Index Scan on sbtest4_pkey  (cost=0.00..226.74 rows=10630 width=0)
	              Index Cond: ((id >= 109051) AND (id <= 119050))

table 5 : explain SELECT c FROM sbtest5 WHERE id BETWEEN 5681254 AND 5691253 ORDER BY c
	Sort  (cost=35917.76..35943.42 rows=10266 width=121)
	  Sort Key: c
	  ->  Bitmap Heap Scan on sbtest5  (cost=221.66..35233.76 rows=10266 width=121)
	        Recheck Cond: ((id >= 5681254) AND (id <= 5691253))
	        ->  Bitmap Index Scan on sbtest5_pkey  (cost=0.00..219.09 rows=10266 width=0)
	              Index Cond: ((id >= 5681254) AND (id <= 5691253))

table 6 : explain SELECT c FROM sbtest6 WHERE id BETWEEN 1610145 AND 1620144 ORDER BY c
	Sort  (cost=33774.97..33798.99 rows=9607 width=121)
	  Sort Key: c
	  ->  Bitmap Heap Scan on sbtest6  (cost=206.91..33139.47 rows=9607 width=121)
	        Recheck Cond: ((id >= 1610145) AND (id <= 1620144))
	        ->  Bitmap Index Scan on sbtest6_pkey  (cost=0.00..204.50 rows=9607 width=0)
	              Index Cond: ((id >= 1610145) AND (id <= 1620144))

table 7 : explain SELECT c FROM sbtest7 WHERE id BETWEEN 3697914 AND 3707913 ORDER BY c
	Sort  (cost=32839.33..32862.60 rows=9305 width=121)
	  Sort Key: c
	  ->  Bitmap Heap Scan on sbtest7  (cost=199.81..32225.96 rows=9305 width=121)
	        Recheck Cond: ((id >= 3697914) AND (id <= 3707913))
	        ->  Bitmap Index Scan on sbtest7_pkey  (cost=0.00..197.49 rows=9305 width=0)
	              Index Cond: ((id >= 3697914) AND (id <= 3707913))

table 8 : explain SELECT c FROM sbtest8 WHERE id BETWEEN 7973117 AND 7983116 ORDER BY c
	Sort  (cost=35920.76..35946.43 rows=10266 width=121)
	  Sort Key: c
	  ->  Bitmap Heap Scan on sbtest8  (cost=221.66..35236.76 rows=10266 width=121)
	        Recheck Cond: ((id >= 7973117) AND (id <= 7983116))
	        ->  Bitmap Index Scan on sbtest8_pkey  (cost=0.00..219.09 rows=10266 width=0)
	              Index Cond: ((id >= 7973117) AND (id <= 7983116))

for: simple_ranges
table 1 : explain SELECT c FROM sbtest1 WHERE id BETWEEN 1412760 AND 1422759
	Bitmap Heap Scan on sbtest1  (cost=206.63..33048.45 rows=9580 width=121)
	  Recheck Cond: ((id >= 1412760) AND (id <= 1422759))
	  ->  Bitmap Index Scan on sbtest1_pkey  (cost=0.00..204.24 rows=9580 width=0)
	        Index Cond: ((id >= 1412760) AND (id <= 1422759))

table 2 : explain SELECT c FROM sbtest2 WHERE id BETWEEN 9768458 AND 9778457
	Bitmap Heap Scan on sbtest2  (cost=206.84..33102.61 rows=9600 width=121)
	  Recheck Cond: ((id >= 9768458) AND (id <= 9778457))
	  ->  Bitmap Index Scan on sbtest2_pkey  (cost=0.00..204.44 rows=9600 width=0)
	        Index Cond: ((id >= 9768458) AND (id <= 9778457))

table 3 : explain SELECT c FROM sbtest3 WHERE id BETWEEN 497320 AND 507319
	Bitmap Heap Scan on sbtest3  (cost=200.53..32396.65 rows=9375 width=121)
	  Recheck Cond: ((id >= 497320) AND (id <= 507319))
	  ->  Bitmap Index Scan on sbtest3_pkey  (cost=0.00..198.19 rows=9375 width=0)
	        Index Cond: ((id >= 497320) AND (id <= 507319))

table 4 : explain SELECT c FROM sbtest4 WHERE id BETWEEN 5403139 AND 5413138
	Bitmap Heap Scan on sbtest4  (cost=222.74..35503.36 rows=10371 width=121)
	  Recheck Cond: ((id >= 5403139) AND (id <= 5413138))
	  ->  Bitmap Index Scan on sbtest4_pkey  (cost=0.00..220.15 rows=10371 width=0)
	        Index Cond: ((id >= 5403139) AND (id <= 5413138))

table 5 : explain SELECT c FROM sbtest5 WHERE id BETWEEN 7462751 AND 7472750
	Bitmap Heap Scan on sbtest5  (cost=216.48..34870.55 rows=10151 width=121)
	  Recheck Cond: ((id >= 7462751) AND (id <= 7472750))
	  ->  Bitmap Index Scan on sbtest5_pkey  (cost=0.00..213.94 rows=10151 width=0)
	        Index Cond: ((id >= 7462751) AND (id <= 7472750))

table 6 : explain SELECT c FROM sbtest6 WHERE id BETWEEN 4036265 AND 4046264
	Bitmap Heap Scan on sbtest6  (cost=213.15..33826.72 rows=9826 width=121)
	  Recheck Cond: ((id >= 4036265) AND (id <= 4046264))
	  ->  Bitmap Index Scan on sbtest6_pkey  (cost=0.00..210.69 rows=9826 width=0)
	        Index Cond: ((id >= 4036265) AND (id <= 4046264))

table 7 : explain SELECT c FROM sbtest7 WHERE id BETWEEN 3718119 AND 3728118
	Bitmap Heap Scan on sbtest7  (cost=199.81..32225.96 rows=9305 width=121)
	  Recheck Cond: ((id >= 3718119) AND (id <= 3728118))
	  ->  Bitmap Index Scan on sbtest7_pkey  (cost=0.00..197.49 rows=9305 width=0)
	        Index Cond: ((id >= 3718119) AND (id <= 3728118))

table 8 : explain SELECT c FROM sbtest8 WHERE id BETWEEN 9423630 AND 9433629
	Bitmap Heap Scan on sbtest8  (cost=219.19..34488.76 rows=10025 width=121)
	  Recheck Cond: ((id >= 9423630) AND (id <= 9433629))
	  ->  Bitmap Index Scan on sbtest8_pkey  (cost=0.00..216.69 rows=10025 width=0)
	        Index Cond: ((id >= 9423630) AND (id <= 9433629))

for point_selects
table 1 : explain SELECT c FROM sbtest1 WHERE id=4335013
	Index Scan using sbtest1_pkey on sbtest1  (cost=0.43..8.45 rows=1 width=121)
	  Index Cond: (id = 4335013)

table 2 : explain SELECT c FROM sbtest2 WHERE id=3364628
	Index Scan using sbtest2_pkey on sbtest2  (cost=0.43..8.45 rows=1 width=121)
	  Index Cond: (id = 3364628)

table 3 : explain SELECT c FROM sbtest3 WHERE id=8725290
	Index Scan using sbtest3_pkey on sbtest3  (cost=0.43..8.45 rows=1 width=121)
	  Index Cond: (id = 8725290)

table 4 : explain SELECT c FROM sbtest4 WHERE id=8849551
	Index Scan using sbtest4_pkey on sbtest4  (cost=0.43..8.45 rows=1 width=121)
	  Index Cond: (id = 8849551)

table 5 : explain SELECT c FROM sbtest5 WHERE id=8505175
	Index Scan using sbtest5_pkey on sbtest5  (cost=0.43..8.45 rows=1 width=121)
	  Index Cond: (id = 8505175)

table 6 : explain SELECT c FROM sbtest6 WHERE id=512082
	Index Scan using sbtest6_pkey on sbtest6  (cost=0.43..8.45 rows=1 width=121)
	  Index Cond: (id = 512082)

table 7 : explain SELECT c FROM sbtest7 WHERE id=3367407
	Index Scan using sbtest7_pkey on sbtest7  (cost=0.43..8.45 rows=1 width=121)
	  Index Cond: (id = 3367407)

table 8 : explain SELECT c FROM sbtest8 WHERE id=8426300
	Index Scan using sbtest8_pkey on sbtest8  (cost=0.43..8.45 rows=1 width=121)
	  Index Cond: (id = 8426300)

for point_selects
table 1 : explain SELECT c FROM sbtest1 WHERE id=76572
	Index Scan using sbtest1_pkey on sbtest1  (cost=0.43..8.45 rows=1 width=121)
	  Index Cond: (id = 76572)

table 2 : explain SELECT c FROM sbtest2 WHERE id=5989247
	Index Scan using sbtest2_pkey on sbtest2  (cost=0.43..8.45 rows=1 width=121)
	  Index Cond: (id = 5989247)

table 3 : explain SELECT c FROM sbtest3 WHERE id=9607898
	Index Scan using sbtest3_pkey on sbtest3  (cost=0.43..8.45 rows=1 width=121)
	  Index Cond: (id = 9607898)

table 4 : explain SELECT c FROM sbtest4 WHERE id=2552429
	Index Scan using sbtest4_pkey on sbtest4  (cost=0.43..8.45 rows=1 width=121)
	  Index Cond: (id = 2552429)

table 5 : explain SELECT c FROM sbtest5 WHERE id=9771452
	Index Scan using sbtest5_pkey on sbtest5  (cost=0.43..8.45 rows=1 width=121)
	  Index Cond: (id = 9771452)

table 6 : explain SELECT c FROM sbtest6 WHERE id=3302873
	Index Scan using sbtest6_pkey on sbtest6  (cost=0.43..8.45 rows=1 width=121)
	  Index Cond: (id = 3302873)

table 7 : explain SELECT c FROM sbtest7 WHERE id=8208406
	Index Scan using sbtest7_pkey on sbtest7  (cost=0.43..8.45 rows=1 width=121)
	  Index Cond: (id = 8208406)

table 8 : explain SELECT c FROM sbtest8 WHERE id=2108567
	Index Scan using sbtest8_pkey on sbtest8  (cost=0.43..8.45 rows=1 width=121)
	  Index Cond: (id = 2108567)

for: distinct_ranges
table 1 : explain SELECT DISTINCT c FROM sbtest1 WHERE id BETWEEN 2178059 AND 2188058 ORDER BY c
	Unique  (cost=31724.67..31769.54 rows=8974 width=121)
	  ->  Sort  (cost=31724.67..31747.10 rows=8974 width=121)
	        Sort Key: c
	        ->  Bitmap Heap Scan on sbtest1  (cost=192.42..31135.46 rows=8974 width=121)
	              Recheck Cond: ((id >= 2178059) AND (id <= 2188058))
	              ->  Bitmap Index Scan on sbtest1_pkey  (cost=0.00..190.18 rows=8974 width=0)
	                    Index Cond: ((id >= 2178059) AND (id <= 2188058))

table 2 : explain SELECT DISTINCT c FROM sbtest2 WHERE id BETWEEN 3433138 AND 3443137 ORDER BY c
	Unique  (cost=36804.57..36857.39 rows=10564 width=121)
	  ->  Sort  (cost=36804.57..36830.98 rows=10564 width=121)
	        Sort Key: c
	        ->  Bitmap Heap Scan on sbtest2  (cost=224.72..36098.53 rows=10564 width=121)
	              Recheck Cond: ((id >= 3433138) AND (id <= 3443137))
	              ->  Bitmap Index Scan on sbtest2_pkey  (cost=0.00..222.07 rows=10564 width=0)
	                    Index Cond: ((id >= 3433138) AND (id <= 3443137))

table 3 : explain SELECT DISTINCT c FROM sbtest3 WHERE id BETWEEN 6003730 AND 6013729 ORDER BY c
	Unique  (cost=35481.32..35532.05 rows=10146 width=121)
	  ->  Sort  (cost=35481.32..35506.69 rows=10146 width=121)
	        Sort Key: c
	        ->  Bitmap Heap Scan on sbtest3  (cost=216.43..34806.18 rows=10146 width=121)
	              Recheck Cond: ((id >= 6003730) AND (id <= 6013729))
	              ->  Bitmap Index Scan on sbtest3_pkey  (cost=0.00..213.90 rows=10146 width=0)
	                    Index Cond: ((id >= 6003730) AND (id <= 6013729))

table 4 : explain SELECT DISTINCT c FROM sbtest4 WHERE id BETWEEN 4242082 AND 4252081 ORDER BY c
	Unique  (cost=37598.77..37652.85 rows=10815 width=121)
	  ->  Sort  (cost=37598.77..37625.81 rows=10815 width=121)
	        Sort Key: c
	        ->  Bitmap Heap Scan on sbtest4  (cost=231.29..36874.13 rows=10815 width=121)
	              Recheck Cond: ((id >= 4242082) AND (id <= 4252081))
	              ->  Bitmap Index Scan on sbtest4_pkey  (cost=0.00..228.59 rows=10815 width=0)
	                    Index Cond: ((id >= 4242082) AND (id <= 4252081))

table 5 : explain SELECT DISTINCT c FROM sbtest5 WHERE id BETWEEN 1229379 AND 1239378 ORDER BY c
	Unique  (cost=33702.20..33750.07 rows=9574 width=121)
	  ->  Sort  (cost=33702.20..33726.14 rows=9574 width=121)
	        Sort Key: c
	        ->  Bitmap Heap Scan on sbtest5  (cost=206.57..33069.13 rows=9574 width=121)
	              Recheck Cond: ((id >= 1229379) AND (id <= 1239378))
	              ->  Bitmap Index Scan on sbtest5_pkey  (cost=0.00..204.18 rows=9574 width=0)
	                    Index Cond: ((id >= 1229379) AND (id <= 1239378))

table 6 : explain SELECT DISTINCT c FROM sbtest6 WHERE id BETWEEN 3184156 AND 3194155 ORDER BY c
	Unique  (cost=36248.80..36300.71 rows=10382 width=121)
	  ->  Sort  (cost=36248.80..36274.76 rows=10382 width=121)
	        Sort Key: c
	        ->  Bitmap Heap Scan on sbtest6  (cost=222.85..35556.23 rows=10382 width=121)
	              Recheck Cond: ((id >= 3184156) AND (id <= 3194155))
	              ->  Bitmap Index Scan on sbtest6_pkey  (cost=0.00..220.25 rows=10382 width=0)
	                    Index Cond: ((id >= 3184156) AND (id <= 3194155))

table 7 : explain SELECT DISTINCT c FROM sbtest7 WHERE id BETWEEN 2748464 AND 2758463 ORDER BY c
	Unique  (cost=34538.56..34587.72 rows=9832 width=121)
	  ->  Sort  (cost=34538.56..34563.14 rows=9832 width=121)
	        Sort Key: c
	        ->  Bitmap Heap Scan on sbtest7  (cost=213.21..33886.53 rows=9832 width=121)
	              Recheck Cond: ((id >= 2748464) AND (id <= 2758463))
	              ->  Bitmap Index Scan on sbtest7_pkey  (cost=0.00..210.75 rows=9832 width=0)
	                    Index Cond: ((id >= 2748464) AND (id <= 2758463))

table 8 : explain SELECT DISTINCT c FROM sbtest8 WHERE id BETWEEN 504021 AND 514020 ORDER BY c
	Unique  (cost=36104.50..36156.12 rows=10324 width=121)
	  ->  Sort  (cost=36104.50..36130.31 rows=10324 width=121)
	        Sort Key: c
	        ->  Bitmap Heap Scan on sbtest8  (cost=222.26..35416.21 rows=10324 width=121)
	              Recheck Cond: ((id >= 504021) AND (id <= 514020))
	              ->  Bitmap Index Scan on sbtest8_pkey  (cost=0.00..219.68 rows=10324 width=0)
	                    Index Cond: ((id >= 504021) AND (id <= 514020))

for point_selects
table 1 : explain SELECT c FROM sbtest1 WHERE id=6880178
	Index Scan using sbtest1_pkey on sbtest1  (cost=0.43..8.45 rows=1 width=121)
	  Index Cond: (id = 6880178)

table 2 : explain SELECT c FROM sbtest2 WHERE id=1637981
	Index Scan using sbtest2_pkey on sbtest2  (cost=0.43..8.45 rows=1 width=121)
	  Index Cond: (id = 1637981)

table 3 : explain SELECT c FROM sbtest3 WHERE id=3287989
	Index Scan using sbtest3_pkey on sbtest3  (cost=0.43..8.45 rows=1 width=121)
	  Index Cond: (id = 3287989)

table 4 : explain SELECT c FROM sbtest4 WHERE id=3510603
	Index Scan using sbtest4_pkey on sbtest4  (cost=0.43..8.45 rows=1 width=121)
	  Index Cond: (id = 3510603)

table 5 : explain SELECT c FROM sbtest5 WHERE id=3911350
	Index Scan using sbtest5_pkey on sbtest5  (cost=0.43..8.45 rows=1 width=121)
	  Index Cond: (id = 3911350)

table 6 : explain SELECT c FROM sbtest6 WHERE id=9565718
	Index Scan using sbtest6_pkey on sbtest6  (cost=0.43..8.45 rows=1 width=121)
	  Index Cond: (id = 9565718)

table 7 : explain SELECT c FROM sbtest7 WHERE id=357047
	Index Scan using sbtest7_pkey on sbtest7  (cost=0.43..8.45 rows=1 width=121)
	  Index Cond: (id = 357047)

table 8 : explain SELECT c FROM sbtest8 WHERE id=3859704
	Index Scan using sbtest8_pkey on sbtest8  (cost=0.43..8.45 rows=1 width=121)
	  Index Cond: (id = 3859704)

for point_selects
table 1 : explain SELECT c FROM sbtest1 WHERE id=7401799
	Index Scan using sbtest1_pkey on sbtest1  (cost=0.43..8.45 rows=1 width=121)
	  Index Cond: (id = 7401799)

table 2 : explain SELECT c FROM sbtest2 WHERE id=2871905
	Index Scan using sbtest2_pkey on sbtest2  (cost=0.43..8.45 rows=1 width=121)
	  Index Cond: (id = 2871905)

table 3 : explain SELECT c FROM sbtest3 WHERE id=3513051
	Index Scan using sbtest3_pkey on sbtest3  (cost=0.43..8.45 rows=1 width=121)
	  Index Cond: (id = 3513051)

table 4 : explain SELECT c FROM sbtest4 WHERE id=157864
	Index Scan using sbtest4_pkey on sbtest4  (cost=0.43..8.45 rows=1 width=121)
	  Index Cond: (id = 157864)

table 5 : explain SELECT c FROM sbtest5 WHERE id=1046961
	Index Scan using sbtest5_pkey on sbtest5  (cost=0.43..8.45 rows=1 width=121)
	  Index Cond: (id = 1046961)

table 6 : explain SELECT c FROM sbtest6 WHERE id=5993869
	Index Scan using sbtest6_pkey on sbtest6  (cost=0.43..8.45 rows=1 width=121)
	  Index Cond: (id = 5993869)

table 7 : explain SELECT c FROM sbtest7 WHERE id=1516832
	Index Scan using sbtest7_pkey on sbtest7  (cost=0.43..8.45 rows=1 width=121)
	  Index Cond: (id = 1516832)

table 8 : explain SELECT c FROM sbtest8 WHERE id=8851264
	Index Scan using sbtest8_pkey on sbtest8  (cost=0.43..8.45 rows=1 width=121)
	  Index Cond: (id = 8851264)

for: simple_ranges
table 1 : explain SELECT c FROM sbtest1 WHERE id BETWEEN 8579190 AND 8589189
	Bitmap Heap Scan on sbtest1  (cost=209.35..33873.27 rows=9845 width=121)
	  Recheck Cond: ((id >= 8579190) AND (id <= 8589189))
	  ->  Bitmap Index Scan on sbtest1_pkey  (cost=0.00..206.88 rows=9845 width=0)
	        Index Cond: ((id >= 8579190) AND (id <= 8589189))

table 2 : explain SELECT c FROM sbtest2 WHERE id BETWEEN 1789 AND 11788
	Bitmap Heap Scan on sbtest2  (cost=216.62..34858.20 rows=10164 width=121)
	  Recheck Cond: ((id >= 1789) AND (id <= 11788))
	  ->  Bitmap Index Scan on sbtest2_pkey  (cost=0.00..214.07 rows=10164 width=0)
	        Index Cond: ((id >= 1789) AND (id <= 11788))

table 3 : explain SELECT c FROM sbtest3 WHERE id BETWEEN 3333156 AND 3343155
	Bitmap Heap Scan on sbtest3  (cost=213.19..33823.93 rows=9830 width=121)
	  Recheck Cond: ((id >= 3333156) AND (id <= 3343155))
	  ->  Bitmap Index Scan on sbtest3_pkey  (cost=0.00..210.74 rows=9830 width=0)
	        Index Cond: ((id >= 3333156) AND (id <= 3343155))

table 4 : explain SELECT c FROM sbtest4 WHERE id BETWEEN 5251408 AND 5261407
	Bitmap Heap Scan on sbtest4  (cost=214.01..34073.67 rows=9910 width=121)
	  Recheck Cond: ((id >= 5251408) AND (id <= 5261407))
	  ->  Bitmap Index Scan on sbtest4_pkey  (cost=0.00..211.54 rows=9910 width=0)
	        Index Cond: ((id >= 5251408) AND (id <= 5261407))

table 5 : explain SELECT c FROM sbtest5 WHERE id BETWEEN 1127450 AND 1137449
	Bitmap Heap Scan on sbtest5  (cost=237.09..37475.51 rows=10991 width=121)
	  Recheck Cond: ((id >= 1127450) AND (id <= 1137449))
	  ->  Bitmap Index Scan on sbtest5_pkey  (cost=0.00..234.34 rows=10991 width=0)
	        Index Cond: ((id >= 1127450) AND (id <= 1137449))

table 6 : explain SELECT c FROM sbtest6 WHERE id BETWEEN 1870291 AND 1880290
	Bitmap Heap Scan on sbtest6  (cost=236.71..37322.45 rows=10954 width=121)
	  Recheck Cond: ((id >= 1870291) AND (id <= 1880290))
	  ->  Bitmap Index Scan on sbtest6_pkey  (cost=0.00..233.98 rows=10954 width=0)
	        Index Cond: ((id >= 1870291) AND (id <= 1880290))

table 7 : explain SELECT c FROM sbtest7 WHERE id BETWEEN 159784 AND 169783
	Bitmap Heap Scan on sbtest7  (cost=214.86..34388.87 rows=9993 width=121)
	  Recheck Cond: ((id >= 159784) AND (id <= 169783))
	  ->  Bitmap Index Scan on sbtest7_pkey  (cost=0.00..212.37 rows=9993 width=0)
	        Index Cond: ((id >= 159784) AND (id <= 169783))

table 8 : explain SELECT c FROM sbtest8 WHERE id BETWEEN 1616473 AND 1626472
	Bitmap Heap Scan on sbtest8  (cost=213.85..34076.12 rows=9894 width=121)
	  Recheck Cond: ((id >= 1616473) AND (id <= 1626472))
	  ->  Bitmap Index Scan on sbtest8_pkey  (cost=0.00..211.38 rows=9894 width=0)
	        Index Cond: ((id >= 1616473) AND (id <= 1626472))

for point_selects
table 1 : explain SELECT c FROM sbtest1 WHERE id=3093012
	Index Scan using sbtest1_pkey on sbtest1  (cost=0.43..8.45 rows=1 width=121)
	  Index Cond: (id = 3093012)

table 2 : explain SELECT c FROM sbtest2 WHERE id=475472
	Index Scan using sbtest2_pkey on sbtest2  (cost=0.43..8.45 rows=1 width=121)
	  Index Cond: (id = 475472)

table 3 : explain SELECT c FROM sbtest3 WHERE id=3940294
	Index Scan using sbtest3_pkey on sbtest3  (cost=0.43..8.45 rows=1 width=121)
	  Index Cond: (id = 3940294)

table 4 : explain SELECT c FROM sbtest4 WHERE id=3000893
	Index Scan using sbtest4_pkey on sbtest4  (cost=0.43..8.45 rows=1 width=121)
	  Index Cond: (id = 3000893)

table 5 : explain SELECT c FROM sbtest5 WHERE id=2767278
	Index Scan using sbtest5_pkey on sbtest5  (cost=0.43..8.45 rows=1 width=121)
	  Index Cond: (id = 2767278)

table 6 : explain SELECT c FROM sbtest6 WHERE id=7577639
	Index Scan using sbtest6_pkey on sbtest6  (cost=0.43..8.45 rows=1 width=121)
	  Index Cond: (id = 7577639)

table 7 : explain SELECT c FROM sbtest7 WHERE id=8456616
	Index Scan using sbtest7_pkey on sbtest7  (cost=0.43..8.45 rows=1 width=121)
	  Index Cond: (id = 8456616)

table 8 : explain SELECT c FROM sbtest8 WHERE id=3581622
	Index Scan using sbtest8_pkey on sbtest8  (cost=0.43..8.45 rows=1 width=121)
	  Index Cond: (id = 3581622)

for point_selects
table 1 : explain SELECT c FROM sbtest1 WHERE id=9307394
	Index Scan using sbtest1_pkey on sbtest1  (cost=0.43..8.45 rows=1 width=121)
	  Index Cond: (id = 9307394)

table 2 : explain SELECT c FROM sbtest2 WHERE id=4045026
	Index Scan using sbtest2_pkey on sbtest2  (cost=0.43..8.45 rows=1 width=121)
	  Index Cond: (id = 4045026)

table 3 : explain SELECT c FROM sbtest3 WHERE id=4663849
	Index Scan using sbtest3_pkey on sbtest3  (cost=0.43..8.45 rows=1 width=121)
	  Index Cond: (id = 4663849)

table 4 : explain SELECT c FROM sbtest4 WHERE id=6408422
	Index Scan using sbtest4_pkey on sbtest4  (cost=0.43..8.45 rows=1 width=121)
	  Index Cond: (id = 6408422)

table 5 : explain SELECT c FROM sbtest5 WHERE id=1147187
	Index Scan using sbtest5_pkey on sbtest5  (cost=0.43..8.45 rows=1 width=121)
	  Index Cond: (id = 1147187)

table 6 : explain SELECT c FROM sbtest6 WHERE id=2859698
	Index Scan using sbtest6_pkey on sbtest6  (cost=0.43..8.45 rows=1 width=121)
	  Index Cond: (id = 2859698)

table 7 : explain SELECT c FROM sbtest7 WHERE id=4616102
	Index Scan using sbtest7_pkey on sbtest7  (cost=0.43..8.45 rows=1 width=121)
	  Index Cond: (id = 4616102)

table 8 : explain SELECT c FROM sbtest8 WHERE id=2527241
	Index Scan using sbtest8_pkey on sbtest8  (cost=0.43..8.45 rows=1 width=121)
	  Index Cond: (id = 2527241)

for: simple_ranges
table 1 : explain SELECT c FROM sbtest1 WHERE id BETWEEN 9319559 AND 9329558
	Bitmap Heap Scan on sbtest1  (cost=207.67..33361.32 rows=9681 width=121)
	  Recheck Cond: ((id >= 9319559) AND (id <= 9329558))
	  ->  Bitmap Index Scan on sbtest1_pkey  (cost=0.00..205.25 rows=9681 width=0)
	        Index Cond: ((id >= 9319559) AND (id <= 9329558))

table 2 : explain SELECT c FROM sbtest2 WHERE id BETWEEN 6962741 AND 6972740
	Bitmap Heap Scan on sbtest2  (cost=214.60..34248.95 rows=9967 width=121)
	  Recheck Cond: ((id >= 6962741) AND (id <= 6972740))
	  ->  Bitmap Index Scan on sbtest2_pkey  (cost=0.00..212.11 rows=9967 width=0)
	        Index Cond: ((id >= 6962741) AND (id <= 6972740))

table 3 : explain SELECT c FROM sbtest3 WHERE id BETWEEN 4607950 AND 4617949
	Bitmap Heap Scan on sbtest3  (cost=215.85..34629.91 rows=10089 width=121)
	  Recheck Cond: ((id >= 4607950) AND (id <= 4617949))
	  ->  Bitmap Index Scan on sbtest3_pkey  (cost=0.00..213.32 rows=10089 width=0)
	        Index Cond: ((id >= 4607950) AND (id <= 4617949))

table 4 : explain SELECT c FROM sbtest4 WHERE id BETWEEN 9800851 AND 9810850
	Bitmap Heap Scan on sbtest4  (cost=221.26..35058.91 rows=10227 width=121)
	  Recheck Cond: ((id >= 9800851) AND (id <= 9810850))
	  ->  Bitmap Index Scan on sbtest4_pkey  (cost=0.00..218.70 rows=10227 width=0)
	        Index Cond: ((id >= 9800851) AND (id <= 9810850))

table 5 : explain SELECT c FROM sbtest5 WHERE id BETWEEN 2204469 AND 2214468
	Bitmap Heap Scan on sbtest5  (cost=214.43..34250.31 rows=9951 width=121)
	  Recheck Cond: ((id >= 2204469) AND (id <= 2214468))
	  ->  Bitmap Index Scan on sbtest5_pkey  (cost=0.00..211.94 rows=9951 width=0)
	        Index Cond: ((id >= 2204469) AND (id <= 2214468))

table 6 : explain SELECT c FROM sbtest6 WHERE id BETWEEN 3205841 AND 3215840
	Bitmap Heap Scan on sbtest6  (cost=222.85..35556.23 rows=10382 width=121)
	  Recheck Cond: ((id >= 3205841) AND (id <= 3215840))
	  ->  Bitmap Index Scan on sbtest6_pkey  (cost=0.00..220.25 rows=10382 width=0)
	        Index Cond: ((id >= 3205841) AND (id <= 3215840))

table 7 : explain SELECT c FROM sbtest7 WHERE id BETWEEN 3716836 AND 3726835
	Bitmap Heap Scan on sbtest7  (cost=199.81..32225.96 rows=9305 width=121)
	  Recheck Cond: ((id >= 3716836) AND (id <= 3726835))
	  ->  Bitmap Index Scan on sbtest7_pkey  (cost=0.00..197.49 rows=9305 width=0)
	        Index Cond: ((id >= 3716836) AND (id <= 3726835))

table 8 : explain SELECT c FROM sbtest8 WHERE id BETWEEN 3360324 AND 3370323
	Bitmap Heap Scan on sbtest8  (cost=212.34..33618.41 rows=9747 width=121)
	  Recheck Cond: ((id >= 3360324) AND (id <= 3370323))
	  ->  Bitmap Index Scan on sbtest8_pkey  (cost=0.00..209.91 rows=9747 width=0)
	        Index Cond: ((id >= 3360324) AND (id <= 3370323))

for: simple_ranges
table 1 : explain SELECT c FROM sbtest1 WHERE id BETWEEN 8394900 AND 8404899
	Bitmap Heap Scan on sbtest1  (cost=200.81..32485.52 rows=9402 width=121)
	  Recheck Cond: ((id >= 8394900) AND (id <= 8404899))
	  ->  Bitmap Index Scan on sbtest1_pkey  (cost=0.00..198.45 rows=9402 width=0)
	        Index Cond: ((id >= 8394900) AND (id <= 8404899))

table 2 : explain SELECT c FROM sbtest2 WHERE id BETWEEN 7179630 AND 7189629
	Bitmap Heap Scan on sbtest2  (cost=222.11..35313.36 rows=10310 width=121)
	  Recheck Cond: ((id >= 7179630) AND (id <= 7189629))
	  ->  Bitmap Index Scan on sbtest2_pkey  (cost=0.00..219.54 rows=10310 width=0)
	        Index Cond: ((id >= 7179630) AND (id <= 7189629))

table 3 : explain SELECT c FROM sbtest3 WHERE id BETWEEN 9308169 AND 9318168
	Bitmap Heap Scan on sbtest3  (cost=208.81..33707.31 rows=9793 width=121)
	  Recheck Cond: ((id >= 9308169) AND (id <= 9318168))
	  ->  Bitmap Index Scan on sbtest3_pkey  (cost=0.00..206.37 rows=9793 width=0)
	        Index Cond: ((id >= 9308169) AND (id <= 9318168))

table 4 : explain SELECT c FROM sbtest4 WHERE id BETWEEN 6501258 AND 6511257
	Bitmap Heap Scan on sbtest4  (cost=198.00..31618.16 rows=9128 width=121)
	  Recheck Cond: ((id >= 6501258) AND (id <= 6511257))
	  ->  Bitmap Index Scan on sbtest4_pkey  (cost=0.00..195.72 rows=9128 width=0)
	        Index Cond: ((id >= 6501258) AND (id <= 6511257))

table 5 : explain SELECT c FROM sbtest5 WHERE id BETWEEN 5633863 AND 5643862
	Bitmap Heap Scan on sbtest5  (cost=200.12..32314.00 rows=9335 width=121)
	  Recheck Cond: ((id >= 5633863) AND (id <= 5643862))
	  ->  Bitmap Index Scan on sbtest5_pkey  (cost=0.00..197.79 rows=9335 width=0)
	        Index Cond: ((id >= 5633863) AND (id <= 5643862))

table 6 : explain SELECT c FROM sbtest6 WHERE id BETWEEN 9429391 AND 9439390
	Bitmap Heap Scan on sbtest6  (cost=224.05..35917.15 rows=10499 width=121)
	  Recheck Cond: ((id >= 9429391) AND (id <= 9439390))
	  ->  Bitmap Index Scan on sbtest6_pkey  (cost=0.00..221.43 rows=10499 width=0)
	        Index Cond: ((id >= 9429391) AND (id <= 9439390))

table 7 : explain SELECT c FROM sbtest7 WHERE id BETWEEN 7266114 AND 7276113
	Bitmap Heap Scan on sbtest7  (cost=197.52..31520.83 rows=9081 width=121)
	  Recheck Cond: ((id >= 7266114) AND (id <= 7276113))
	  ->  Bitmap Index Scan on sbtest7_pkey  (cost=0.00..195.25 rows=9081 width=0)
	        Index Cond: ((id >= 7266114) AND (id <= 7276113))

table 8 : explain SELECT c FROM sbtest8 WHERE id BETWEEN 5366579 AND 5376578
	Bitmap Heap Scan on sbtest8  (cost=211.84..33463.52 rows=9698 width=121)
	  Recheck Cond: ((id >= 5366579) AND (id <= 5376578))
	  ->  Bitmap Index Scan on sbtest8_pkey  (cost=0.00..209.42 rows=9698 width=0)
	        Index Cond: ((id >= 5366579) AND (id <= 5376578))

for: simple_ranges
table 1 : explain SELECT c FROM sbtest1 WHERE id BETWEEN 2911387 AND 2921386
	Bitmap Heap Scan on sbtest1  (cost=224.50..36043.01 rows=10543 width=121)
	  Recheck Cond: ((id >= 2911387) AND (id <= 2921386))
	  ->  Bitmap Index Scan on sbtest1_pkey  (cost=0.00..221.87 rows=10543 width=0)
	        Index Cond: ((id >= 2911387) AND (id <= 2921386))

table 2 : explain SELECT c FROM sbtest2 WHERE id BETWEEN 9724317 AND 9734316
	Bitmap Heap Scan on sbtest2  (cost=206.84..33102.61 rows=9600 width=121)
	  Recheck Cond: ((id >= 9724317) AND (id <= 9734316))
	  ->  Bitmap Index Scan on sbtest2_pkey  (cost=0.00..204.44 rows=9600 width=0)
	        Index Cond: ((id >= 9724317) AND (id <= 9734316))

table 3 : explain SELECT c FROM sbtest3 WHERE id BETWEEN 9270125 AND 9280124
	Bitmap Heap Scan on sbtest3  (cost=216.22..34742.09 rows=10125 width=121)
	  Recheck Cond: ((id >= 9270125) AND (id <= 9280124))
	  ->  Bitmap Index Scan on sbtest3_pkey  (cost=0.00..213.69 rows=10125 width=0)
	        Index Cond: ((id >= 9270125) AND (id <= 9280124))

table 4 : explain SELECT c FROM sbtest4 WHERE id BETWEEN 888608 AND 898607
	Bitmap Heap Scan on sbtest4  (cost=229.79..36425.73 rows=10669 width=121)
	  Recheck Cond: ((id >= 888608) AND (id <= 898607))
	  ->  Bitmap Index Scan on sbtest4_pkey  (cost=0.00..227.12 rows=10669 width=0)
	        Index Cond: ((id >= 888608) AND (id <= 898607))

table 5 : explain SELECT c FROM sbtest5 WHERE id BETWEEN 475045 AND 485044
	Bitmap Heap Scan on sbtest5  (cost=207.85..33459.99 rows=9699 width=121)
	  Recheck Cond: ((id >= 475045) AND (id <= 485044))
	  ->  Bitmap Index Scan on sbtest5_pkey  (cost=0.00..205.43 rows=9699 width=0)
	        Index Cond: ((id >= 475045) AND (id <= 485044))

table 6 : explain SELECT c FROM sbtest6 WHERE id BETWEEN 5269298 AND 5279297
	Bitmap Heap Scan on sbtest6  (cost=215.66..34588.31 rows=10071 width=121)
	  Recheck Cond: ((id >= 5269298) AND (id <= 5279297))
	  ->  Bitmap Index Scan on sbtest6_pkey  (cost=0.00..213.15 rows=10071 width=0)
	        Index Cond: ((id >= 5269298) AND (id <= 5279297))

table 7 : explain SELECT c FROM sbtest7 WHERE id BETWEEN 8542151 AND 8552150
	Bitmap Heap Scan on sbtest7  (cost=230.51..36705.72 rows=10739 width=121)
	  Recheck Cond: ((id >= 8542151) AND (id <= 8552150))
	  ->  Bitmap Index Scan on sbtest7_pkey  (cost=0.00..227.82 rows=10739 width=0)
	        Index Cond: ((id >= 8542151) AND (id <= 8552150))

table 8 : explain SELECT c FROM sbtest8 WHERE id BETWEEN 8361025 AND 8371024
	Bitmap Heap Scan on sbtest8  (cost=213.72..34034.26 rows=9881 width=121)
	  Recheck Cond: ((id >= 8361025) AND (id <= 8371024))
	  ->  Bitmap Index Scan on sbtest8_pkey  (cost=0.00..211.25 rows=9881 width=0)
	        Index Cond: ((id >= 8361025) AND (id <= 8371024))

for: order_ranges
table 1 : explain SELECT c FROM sbtest1 WHERE id BETWEEN 5547638 AND 5557637 ORDER BY c
	Sort  (cost=36201.60..36227.52 rows=10370 width=121)
	  Sort Key: c
	  ->  Bitmap Heap Scan on sbtest1  (cost=222.73..35509.91 rows=10370 width=121)
	        Recheck Cond: ((id >= 5547638) AND (id <= 5557637))
	        ->  Bitmap Index Scan on sbtest1_pkey  (cost=0.00..220.13 rows=10370 width=0)
	              Index Cond: ((id >= 5547638) AND (id <= 5557637))

table 2 : explain SELECT c FROM sbtest2 WHERE id BETWEEN 7039005 AND 7049004 ORDER BY c
	Sort  (cost=35403.43..35428.73 rows=10122 width=121)
	  Sort Key: c
	  ->  Bitmap Heap Scan on sbtest2  (cost=216.19..34730.05 rows=10122 width=121)
	        Recheck Cond: ((id >= 7039005) AND (id <= 7049004))
	        ->  Bitmap Index Scan on sbtest2_pkey  (cost=0.00..213.66 rows=10122 width=0)
	              Index Cond: ((id >= 7039005) AND (id <= 7049004))

table 3 : explain SELECT c FROM sbtest3 WHERE id BETWEEN 7508157 AND 7518156 ORDER BY c
	Sort  (cost=36297.56..36323.57 rows=10403 width=121)
	  Sort Key: c
	  ->  Bitmap Heap Scan on sbtest3  (cost=223.07..35603.44 rows=10403 width=121)
	        Recheck Cond: ((id >= 7508157) AND (id <= 7518156))
	        ->  Bitmap Index Scan on sbtest3_pkey  (cost=0.00..220.47 rows=10403 width=0)
	              Index Cond: ((id >= 7508157) AND (id <= 7518156))

table 4 : explain SELECT c FROM sbtest4 WHERE id BETWEEN 8405572 AND 8415571 ORDER BY c
	Sort  (cost=34774.24..34799.05 rows=9924 width=121)
	  Sort Key: c
	  ->  Bitmap Heap Scan on sbtest4  (cost=214.16..34115.45 rows=9924 width=121)
	        Recheck Cond: ((id >= 8405572) AND (id <= 8415571))
	        ->  Bitmap Index Scan on sbtest4_pkey  (cost=0.00..211.68 rows=9924 width=0)
	              Index Cond: ((id >= 8405572) AND (id <= 8415571))

table 5 : explain SELECT c FROM sbtest5 WHERE id BETWEEN 8186189 AND 8196188 ORDER BY c
	Sort  (cost=35513.14..35538.49 rows=10140 width=121)
	  Sort Key: c
	  ->  Bitmap Heap Scan on sbtest5  (cost=216.37..34838.43 rows=10140 width=121)
	        Recheck Cond: ((id >= 8186189) AND (id <= 8196188))
	        ->  Bitmap Index Scan on sbtest5_pkey  (cost=0.00..213.84 rows=10140 width=0)
	              Index Cond: ((id >= 8186189) AND (id <= 8196188))

table 6 : explain SELECT c FROM sbtest6 WHERE id BETWEEN 2582566 AND 2592565 ORDER BY c
	Sort  (cost=35136.29..35161.37 rows=10032 width=121)
	  Sort Key: c
	  ->  Bitmap Heap Scan on sbtest6  (cost=215.26..34469.55 rows=10032 width=121)
	        Recheck Cond: ((id >= 2582566) AND (id <= 2592565))
	        ->  Bitmap Index Scan on sbtest6_pkey  (cost=0.00..212.75 rows=10032 width=0)
	              Index Cond: ((id >= 2582566) AND (id <= 2592565))

table 7 : explain SELECT c FROM sbtest7 WHERE id BETWEEN 3836040 AND 3846039 ORDER BY c
	Sort  (cost=32809.38..32832.62 rows=9295 width=121)
	  Sort Key: c
	  ->  Bitmap Heap Scan on sbtest7  (cost=199.71..32196.74 rows=9295 width=121)
	        Recheck Cond: ((id >= 3836040) AND (id <= 3846039))
	        ->  Bitmap Index Scan on sbtest7_pkey  (cost=0.00..197.38 rows=9295 width=0)
	              Index Cond: ((id >= 3836040) AND (id <= 3846039))

table 8 : explain SELECT c FROM sbtest8 WHERE id BETWEEN 3982449 AND 3992448 ORDER BY c
	Sort  (cost=33234.69..33258.26 rows=9428 width=121)
	  Sort Key: c
	  ->  Bitmap Heap Scan on sbtest8  (cost=205.07..32612.31 rows=9428 width=121)
	        Recheck Cond: ((id >= 3982449) AND (id <= 3992448))
	        ->  Bitmap Index Scan on sbtest8_pkey  (cost=0.00..202.72 rows=9428 width=0)
	              Index Cond: ((id >= 3982449) AND (id <= 3992448))

for: sum_ranges
table 1 : explain SELECT SUM(k) FROM sbtest1 WHERE id BETWEEN 3194699 AND 3204698
	Aggregate  (cost=33953.37..33953.38 rows=1 width=8)
	  ->  Bitmap Heap Scan on sbtest1  (cost=213.51..33928.71 rows=9861 width=4)
	        Recheck Cond: ((id >= 3194699) AND (id <= 3204698))
	        ->  Bitmap Index Scan on sbtest1_pkey  (cost=0.00..211.05 rows=9861 width=0)
	              Index Cond: ((id >= 3194699) AND (id <= 3204698))

table 2 : explain SELECT SUM(k) FROM sbtest2 WHERE id BETWEEN 4574131 AND 4584130
	Aggregate  (cost=32764.06..32764.07 rows=1 width=8)
	  ->  Bitmap Heap Scan on sbtest2  (cost=201.67..32740.35 rows=9486 width=4)
	        Recheck Cond: ((id >= 4574131) AND (id <= 4584130))
	        ->  Bitmap Index Scan on sbtest2_pkey  (cost=0.00..199.30 rows=9486 width=0)
	              Index Cond: ((id >= 4574131) AND (id <= 4584130))

table 3 : explain SELECT SUM(k) FROM sbtest3 WHERE id BETWEEN 7479441 AND 7489440
	Aggregate  (cost=34115.51..34115.52 rows=1 width=8)
	  ->  Bitmap Heap Scan on sbtest3  (cost=214.06..34090.73 rows=9915 width=4)
	        Recheck Cond: ((id >= 7479441) AND (id <= 7489440))
	        ->  Bitmap Index Scan on sbtest3_pkey  (cost=0.00..211.59 rows=9915 width=0)
	              Index Cond: ((id >= 7479441) AND (id <= 7489440))

table 4 : explain SELECT SUM(k) FROM sbtest4 WHERE id BETWEEN 2350172 AND 2360171
	Aggregate  (cost=32879.23..32879.24 rows=1 width=8)
	  ->  Bitmap Heap Scan on sbtest4  (cost=206.03..32855.43 rows=9521 width=4)
	        Recheck Cond: ((id >= 2350172) AND (id <= 2360171))
	        ->  Bitmap Index Scan on sbtest4_pkey  (cost=0.00..203.65 rows=9521 width=0)
	              Index Cond: ((id >= 2350172) AND (id <= 2360171))

table 5 : explain SELECT SUM(k) FROM sbtest5 WHERE id BETWEEN 879062 AND 889061
	Aggregate  (cost=36639.01..36639.02 rows=1 width=8)
	  ->  Bitmap Heap Scan on sbtest5  (cost=230.22..36612.23 rows=10711 width=4)
	        Recheck Cond: ((id >= 879062) AND (id <= 889061))
	        ->  Bitmap Index Scan on sbtest5_pkey  (cost=0.00..227.55 rows=10711 width=0)
	              Index Cond: ((id >= 879062) AND (id <= 889061))

table 6 : explain SELECT SUM(k) FROM sbtest6 WHERE id BETWEEN 9760934 AND 9770933
	Aggregate  (cost=34478.57..34478.58 rows=1 width=8)
	  ->  Bitmap Heap Scan on sbtest6  (cost=215.21..34453.50 rows=10027 width=4)
	        Recheck Cond: ((id >= 9760934) AND (id <= 9770933))
	        ->  Bitmap Index Scan on sbtest6_pkey  (cost=0.00..212.70 rows=10027 width=0)
	              Index Cond: ((id >= 9760934) AND (id <= 9770933))

table 7 : explain SELECT SUM(k) FROM sbtest7 WHERE id BETWEEN 8302883 AND 8312882
	Aggregate  (cost=35827.29..35827.30 rows=1 width=8)
	  ->  Bitmap Heap Scan on sbtest7  (cost=223.52..35801.17 rows=10447 width=4)
	        Recheck Cond: ((id >= 8302883) AND (id <= 8312882))
	        ->  Bitmap Index Scan on sbtest7_pkey  (cost=0.00..220.91 rows=10447 width=0)
	              Index Cond: ((id >= 8302883) AND (id <= 8312882))

table 8 : explain SELECT SUM(k) FROM sbtest8 WHERE id BETWEEN 6134322 AND 6144321
	Aggregate  (cost=36102.37..36102.38 rows=1 width=8)
	  ->  Bitmap Heap Scan on sbtest8  (cost=228.43..36076.03 rows=10536 width=4)
	        Recheck Cond: ((id >= 6134322) AND (id <= 6144321))
	        ->  Bitmap Index Scan on sbtest8_pkey  (cost=0.00..225.80 rows=10536 width=0)
	              Index Cond: ((id >= 6134322) AND (id <= 6144321))

for point_selects
table 1 : explain SELECT c FROM sbtest1 WHERE id=5861923
	Index Scan using sbtest1_pkey on sbtest1  (cost=0.43..8.45 rows=1 width=121)
	  Index Cond: (id = 5861923)

table 2 : explain SELECT c FROM sbtest2 WHERE id=1897285
	Index Scan using sbtest2_pkey on sbtest2  (cost=0.43..8.45 rows=1 width=121)
	  Index Cond: (id = 1897285)

table 3 : explain SELECT c FROM sbtest3 WHERE id=4039501
	Index Scan using sbtest3_pkey on sbtest3  (cost=0.43..8.45 rows=1 width=121)
	  Index Cond: (id = 4039501)

table 4 : explain SELECT c FROM sbtest4 WHERE id=7809971
	Index Scan using sbtest4_pkey on sbtest4  (cost=0.43..8.45 rows=1 width=121)
	  Index Cond: (id = 7809971)

table 5 : explain SELECT c FROM sbtest5 WHERE id=604004
	Index Scan using sbtest5_pkey on sbtest5  (cost=0.43..8.45 rows=1 width=121)
	  Index Cond: (id = 604004)

table 6 : explain SELECT c FROM sbtest6 WHERE id=3196227
	Index Scan using sbtest6_pkey on sbtest6  (cost=0.43..8.45 rows=1 width=121)
	  Index Cond: (id = 3196227)

table 7 : explain SELECT c FROM sbtest7 WHERE id=5363300
	Index Scan using sbtest7_pkey on sbtest7  (cost=0.43..8.45 rows=1 width=121)
	  Index Cond: (id = 5363300)

table 8 : explain SELECT c FROM sbtest8 WHERE id=2734013
	Index Scan using sbtest8_pkey on sbtest8  (cost=0.43..8.45 rows=1 width=121)
	  Index Cond: (id = 2734013)

for point_selects
table 1 : explain SELECT c FROM sbtest1 WHERE id=8836570
	Index Scan using sbtest1_pkey on sbtest1  (cost=0.43..8.45 rows=1 width=121)
	  Index Cond: (id = 8836570)

table 2 : explain SELECT c FROM sbtest2 WHERE id=8910502
	Index Scan using sbtest2_pkey on sbtest2  (cost=0.43..8.45 rows=1 width=121)
	  Index Cond: (id = 8910502)

table 3 : explain SELECT c FROM sbtest3 WHERE id=3139874
	Index Scan using sbtest3_pkey on sbtest3  (cost=0.43..8.45 rows=1 width=121)
	  Index Cond: (id = 3139874)

table 4 : explain SELECT c FROM sbtest4 WHERE id=2846707
	Index Scan using sbtest4_pkey on sbtest4  (cost=0.43..8.45 rows=1 width=121)
	  Index Cond: (id = 2846707)

table 5 : explain SELECT c FROM sbtest5 WHERE id=8157251
	Index Scan using sbtest5_pkey on sbtest5  (cost=0.43..8.45 rows=1 width=121)
	  Index Cond: (id = 8157251)

table 6 : explain SELECT c FROM sbtest6 WHERE id=8732479
	Index Scan using sbtest6_pkey on sbtest6  (cost=0.43..8.45 rows=1 width=121)
	  Index Cond: (id = 8732479)

table 7 : explain SELECT c FROM sbtest7 WHERE id=7773444
	Index Scan using sbtest7_pkey on sbtest7  (cost=0.43..8.45 rows=1 width=121)
	  Index Cond: (id = 7773444)

table 8 : explain SELECT c FROM sbtest8 WHERE id=9212982
	Index Scan using sbtest8_pkey on sbtest8  (cost=0.43..8.45 rows=1 width=121)
	  Index Cond: (id = 9212982)

for: distinct_ranges
table 1 : explain SELECT DISTINCT c FROM sbtest1 WHERE id BETWEEN 2815278 AND 2825277 ORDER BY c
	Unique  (cost=35440.68..35491.33 rows=10131 width=121)
	  ->  Sort  (cost=35440.68..35466.01 rows=10131 width=121)
	        Sort Key: c
	        ->  Bitmap Heap Scan on sbtest1  (cost=216.28..34766.64 rows=10131 width=121)
	              Recheck Cond: ((id >= 2815278) AND (id <= 2825277))
	              ->  Bitmap Index Scan on sbtest1_pkey  (cost=0.00..213.75 rows=10131 width=0)
	                    Index Cond: ((id >= 2815278) AND (id <= 2825277))

table 2 : explain SELECT DISTINCT c FROM sbtest2 WHERE id BETWEEN 3720510 AND 3730509 ORDER BY c
	Unique  (cost=34713.64..34763.17 rows=9905 width=121)
	  ->  Sort  (cost=34713.64..34738.40 rows=9905 width=121)
	        Sort Key: c
	        ->  Bitmap Heap Scan on sbtest2  (cost=213.96..34056.25 rows=9905 width=121)
	              Recheck Cond: ((id >= 3720510) AND (id <= 3730509))
	              ->  Bitmap Index Scan on sbtest2_pkey  (cost=0.00..211.49 rows=9905 width=0)
	                    Index Cond: ((id >= 3720510) AND (id <= 3730509))

table 3 : explain SELECT DISTINCT c FROM sbtest3 WHERE id BETWEEN 9304601 AND 9314600 ORDER BY c
	Unique  (cost=34356.47..34405.43 rows=9793 width=121)
	  ->  Sort  (cost=34356.47..34380.95 rows=9793 width=121)
	        Sort Key: c
	        ->  Bitmap Heap Scan on sbtest3  (cost=208.81..33707.31 rows=9793 width=121)
	              Recheck Cond: ((id >= 9304601) AND (id <= 9314600))
	              ->  Bitmap Index Scan on sbtest3_pkey  (cost=0.00..206.37 rows=9793 width=0)
	                    Index Cond: ((id >= 9304601) AND (id <= 9314600))

table 4 : explain SELECT DISTINCT c FROM sbtest4 WHERE id BETWEEN 5138426 AND 5148425 ORDER BY c
	Unique  (cost=37139.54..37192.89 rows=10669 width=121)
	  ->  Sort  (cost=37139.54..37166.21 rows=10669 width=121)
	        Sort Key: c
	        ->  Bitmap Heap Scan on sbtest4  (cost=229.79..36425.73 rows=10669 width=121)
	              Recheck Cond: ((id >= 5138426) AND (id <= 5148425))
	              ->  Bitmap Index Scan on sbtest4_pkey  (cost=0.00..227.12 rows=10669 width=0)
	                    Index Cond: ((id >= 5138426) AND (id <= 5148425))

table 5 : explain SELECT DISTINCT c FROM sbtest5 WHERE id BETWEEN 1561845 AND 1571844 ORDER BY c
	Unique  (cost=38327.08..38382.21 rows=11027 width=121)
	  ->  Sort  (cost=38327.08..38354.64 rows=11027 width=121)
	        Sort Key: c
	        ->  Bitmap Heap Scan on sbtest5  (cost=237.46..37586.68 rows=11027 width=121)
	              Recheck Cond: ((id >= 1561845) AND (id <= 1571844))
	              ->  Bitmap Index Scan on sbtest5_pkey  (cost=0.00..234.70 rows=11027 width=0)
	                    Index Cond: ((id >= 1561845) AND (id <= 1571844))

table 6 : explain SELECT DISTINCT c FROM sbtest6 WHERE id BETWEEN 9493399 AND 9503398 ORDER BY c
	Unique  (cost=35366.29..35416.82 rows=10105 width=121)
	  ->  Sort  (cost=35366.29..35391.55 rows=10105 width=121)
	        Sort Key: c
	        ->  Bitmap Heap Scan on sbtest6  (cost=216.01..34694.17 rows=10105 width=121)
	              Recheck Cond: ((id >= 9493399) AND (id <= 9503398))
	              ->  Bitmap Index Scan on sbtest6_pkey  (cost=0.00..213.49 rows=10105 width=0)
	                    Index Cond: ((id >= 9493399) AND (id <= 9503398))

table 7 : explain SELECT DISTINCT c FROM sbtest7 WHERE id BETWEEN 9043771 AND 9053770 ORDER BY c
	Unique  (cost=34812.28..34861.87 rows=9918 width=121)
	  ->  Sort  (cost=34812.28..34837.08 rows=9918 width=121)
	        Sort Key: c
	        ->  Bitmap Heap Scan on sbtest7  (cost=214.09..34153.94 rows=9918 width=121)
	              Recheck Cond: ((id >= 9043771) AND (id <= 9053770))
	              ->  Bitmap Index Scan on sbtest7_pkey  (cost=0.00..211.62 rows=9918 width=0)
	                    Index Cond: ((id >= 9043771) AND (id <= 9053770))

table 8 : explain SELECT DISTINCT c FROM sbtest8 WHERE id BETWEEN 5841496 AND 5851495 ORDER BY c
	Unique  (cost=35805.89..35857.04 rows=10230 width=121)
	  ->  Sort  (cost=35805.89..35831.47 rows=10230 width=121)
	        Sort Key: c
	        ->  Bitmap Heap Scan on sbtest8  (cost=221.29..35124.55 rows=10230 width=121)
	              Recheck Cond: ((id >= 5841496) AND (id <= 5851495))
	              ->  Bitmap Index Scan on sbtest8_pkey  (cost=0.00..218.74 rows=10230 width=0)
	                    Index Cond: ((id >= 5841496) AND (id <= 5851495))

for: order_ranges
table 1 : explain SELECT c FROM sbtest1 WHERE id BETWEEN 2326736 AND 2336735 ORDER BY c
	Sort  (cost=37579.65..37606.67 rows=10806 width=121)
	  Sort Key: c
	  ->  Bitmap Heap Scan on sbtest1  (cost=231.20..36855.67 rows=10806 width=121)
	        Recheck Cond: ((id >= 2326736) AND (id <= 2336735))
	        ->  Bitmap Index Scan on sbtest1_pkey  (cost=0.00..228.50 rows=10806 width=0)
	              Index Cond: ((id >= 2326736) AND (id <= 2336735))

table 2 : explain SELECT c FROM sbtest2 WHERE id BETWEEN 9354876 AND 9364875 ORDER BY c
	Sort  (cost=37463.82..37490.75 rows=10773 width=121)
	  Sort Key: c
	  ->  Bitmap Heap Scan on sbtest2  (cost=230.86..36742.29 rows=10773 width=121)
	        Recheck Cond: ((id >= 9354876) AND (id <= 9364875))
	        ->  Bitmap Index Scan on sbtest2_pkey  (cost=0.00..228.17 rows=10773 width=0)
	              Index Cond: ((id >= 9354876) AND (id <= 9364875))

table 3 : explain SELECT c FROM sbtest3 WHERE id BETWEEN 5897783 AND 5907782 ORDER BY c
	Sort  (cost=34739.00..34763.78 rows=9912 width=121)
	  Sort Key: c
	  ->  Bitmap Heap Scan on sbtest3  (cost=214.03..34081.09 rows=9912 width=121)
	        Recheck Cond: ((id >= 5897783) AND (id <= 5907782))
	        ->  Bitmap Index Scan on sbtest3_pkey  (cost=0.00..211.56 rows=9912 width=0)
	              Index Cond: ((id >= 5897783) AND (id <= 5907782))

table 4 : explain SELECT c FROM sbtest4 WHERE id BETWEEN 3064348 AND 3074347 ORDER BY c
	Sort  (cost=35023.99..35049.00 rows=10002 width=121)
	  Sort Key: c
	  ->  Bitmap Heap Scan on sbtest4  (cost=214.96..34359.46 rows=10002 width=121)
	        Recheck Cond: ((id >= 3064348) AND (id <= 3074347))
	        ->  Bitmap Index Scan on sbtest4_pkey  (cost=0.00..212.45 rows=10002 width=0)
	              Index Cond: ((id >= 3064348) AND (id <= 3074347))

table 5 : explain SELECT c FROM sbtest5 WHERE id BETWEEN 9116974 AND 9126973 ORDER BY c
	Sort  (cost=31451.64..31473.84 rows=8879 width=121)
	  Sort Key: c
	  ->  Bitmap Heap Scan on sbtest5  (cost=191.44..30869.35 rows=8879 width=121)
	        Recheck Cond: ((id >= 9116974) AND (id <= 9126973))
	        ->  Bitmap Index Scan on sbtest5_pkey  (cost=0.00..189.23 rows=8879 width=0)
	              Index Cond: ((id >= 9116974) AND (id <= 9126973))

table 6 : explain SELECT c FROM sbtest6 WHERE id BETWEEN 6809881 AND 6819880 ORDER BY c
	Sort  (cost=35024.55..35049.54 rows=9997 width=121)
	  Sort Key: c
	  ->  Bitmap Heap Scan on sbtest6  (cost=214.90..34360.38 rows=9997 width=121)
	        Recheck Cond: ((id >= 6809881) AND (id <= 6819880))
	        ->  Bitmap Index Scan on sbtest6_pkey  (cost=0.00..212.41 rows=9997 width=0)
	              Index Cond: ((id >= 6809881) AND (id <= 6819880))

table 7 : explain SELECT c FROM sbtest7 WHERE id BETWEEN 1021941 AND 1031940 ORDER BY c
	Sort  (cost=28991.25..29011.56 rows=8125 width=121)
	  Sort Key: c
	  ->  Bitmap Heap Scan on sbtest7  (cost=175.72..28463.61 rows=8125 width=121)
	        Recheck Cond: ((id >= 1021941) AND (id <= 1031940))
	        ->  Bitmap Index Scan on sbtest7_pkey  (cost=0.00..173.69 rows=8125 width=0)
	              Index Cond: ((id >= 1021941) AND (id <= 1031940))

table 8 : explain SELECT c FROM sbtest8 WHERE id BETWEEN 78414 AND 88413 ORDER BY c
	Sort  (cost=35016.05..35041.01 rows=9983 width=121)
	  Sort Key: c
	  ->  Bitmap Heap Scan on sbtest8  (cost=214.76..34352.91 rows=9983 width=121)
	        Recheck Cond: ((id >= 78414) AND (id <= 88413))
	        ->  Bitmap Index Scan on sbtest8_pkey  (cost=0.00..212.26 rows=9983 width=0)
	              Index Cond: ((id >= 78414) AND (id <= 88413))

for point_selects
table 1 : explain SELECT c FROM sbtest1 WHERE id=5175096
	Index Scan using sbtest1_pkey on sbtest1  (cost=0.43..8.45 rows=1 width=121)
	  Index Cond: (id = 5175096)

table 2 : explain SELECT c FROM sbtest2 WHERE id=4114742
	Index Scan using sbtest2_pkey on sbtest2  (cost=0.43..8.45 rows=1 width=121)
	  Index Cond: (id = 4114742)

table 3 : explain SELECT c FROM sbtest3 WHERE id=1192914
	Index Scan using sbtest3_pkey on sbtest3  (cost=0.43..8.45 rows=1 width=121)
	  Index Cond: (id = 1192914)

table 4 : explain SELECT c FROM sbtest4 WHERE id=3083029
	Index Scan using sbtest4_pkey on sbtest4  (cost=0.43..8.45 rows=1 width=121)
	  Index Cond: (id = 3083029)

table 5 : explain SELECT c FROM sbtest5 WHERE id=4146407
	Index Scan using sbtest5_pkey on sbtest5  (cost=0.43..8.45 rows=1 width=121)
	  Index Cond: (id = 4146407)

table 6 : explain SELECT c FROM sbtest6 WHERE id=8661905
	Index Scan using sbtest6_pkey on sbtest6  (cost=0.43..8.45 rows=1 width=121)
	  Index Cond: (id = 8661905)

table 7 : explain SELECT c FROM sbtest7 WHERE id=4995137
	Index Scan using sbtest7_pkey on sbtest7  (cost=0.43..8.45 rows=1 width=121)
	  Index Cond: (id = 4995137)

table 8 : explain SELECT c FROM sbtest8 WHERE id=6524937
	Index Scan using sbtest8_pkey on sbtest8  (cost=0.43..8.45 rows=1 width=121)
	  Index Cond: (id = 6524937)

for: simple_ranges
table 1 : explain SELECT c FROM sbtest1 WHERE id BETWEEN 4967294 AND 4977293
	Bitmap Heap Scan on sbtest1  (cost=208.61..33648.02 rows=9773 width=121)
	  Recheck Cond: ((id >= 4967294) AND (id <= 4977293))
	  ->  Bitmap Index Scan on sbtest1_pkey  (cost=0.00..206.17 rows=9773 width=0)
	        Index Cond: ((id >= 4967294) AND (id <= 4977293))

table 2 : explain SELECT c FROM sbtest2 WHERE id BETWEEN 3316308 AND 3326307
	Bitmap Heap Scan on sbtest2  (cost=216.76..34903.02 rows=10178 width=121)
	  Recheck Cond: ((id >= 3316308) AND (id <= 3326307))
	  ->  Bitmap Index Scan on sbtest2_pkey  (cost=0.00..214.22 rows=10178 width=0)
	        Index Cond: ((id >= 3316308) AND (id <= 3326307))

table 3 : explain SELECT c FROM sbtest3 WHERE id BETWEEN 2630772 AND 2640771
	Bitmap Heap Scan on sbtest3  (cost=215.73..34594.65 rows=10078 width=121)
	  Recheck Cond: ((id >= 2630772) AND (id <= 2640771))
	  ->  Bitmap Index Scan on sbtest3_pkey  (cost=0.00..213.22 rows=10078 width=0)
	        Index Cond: ((id >= 2630772) AND (id <= 2640771))

table 4 : explain SELECT c FROM sbtest4 WHERE id BETWEEN 7715639 AND 7725638
	Bitmap Heap Scan on sbtest4  (cost=192.37..31113.89 rows=8969 width=121)
	  Recheck Cond: ((id >= 7715639) AND (id <= 7725638))
	  ->  Bitmap Index Scan on sbtest4_pkey  (cost=0.00..190.12 rows=8969 width=0)
	        Index Cond: ((id >= 7715639) AND (id <= 7725638))

table 5 : explain SELECT c FROM sbtest5 WHERE id BETWEEN 683573 AND 693572
	Bitmap Heap Scan on sbtest5  (cost=216.20..34783.87 rows=10123 width=121)
	  Recheck Cond: ((id >= 683573) AND (id <= 693572))
	  ->  Bitmap Index Scan on sbtest5_pkey  (cost=0.00..213.67 rows=10123 width=0)
	        Index Cond: ((id >= 683573) AND (id <= 693572))

table 6 : explain SELECT c FROM sbtest6 WHERE id BETWEEN 1199465 AND 1209464
	Bitmap Heap Scan on sbtest6  (cost=185.26..30163.11 rows=8666 width=121)
	  Recheck Cond: ((id >= 1199465) AND (id <= 1209464))
	  ->  Bitmap Index Scan on sbtest6_pkey  (cost=0.00..183.09 rows=8666 width=0)
	        Index Cond: ((id >= 1199465) AND (id <= 1209464))

table 7 : explain SELECT c FROM sbtest7 WHERE id BETWEEN 6741189 AND 6751188
	Bitmap Heap Scan on sbtest7  (cost=230.57..36724.84 rows=10745 width=121)
	  Recheck Cond: ((id >= 6741189) AND (id <= 6751188))
	  ->  Bitmap Index Scan on sbtest7_pkey  (cost=0.00..227.88 rows=10745 width=0)
	        Index Cond: ((id >= 6741189) AND (id <= 6751188))

table 8 : explain SELECT c FROM sbtest8 WHERE id BETWEEN 9341475 AND 9351474
	Bitmap Heap Scan on sbtest8  (cost=220.52..34890.34 rows=10155 width=121)
	  Recheck Cond: ((id >= 9341475) AND (id <= 9351474))
	  ->  Bitmap Index Scan on sbtest8_pkey  (cost=0.00..217.99 rows=10155 width=0)
	        Index Cond: ((id >= 9341475) AND (id <= 9351474))

for: simple_ranges
table 1 : explain SELECT c FROM sbtest1 WHERE id BETWEEN 1492948 AND 1502947
	Bitmap Heap Scan on sbtest1  (cost=209.19..33828.22 rows=9830 width=121)
	  Recheck Cond: ((id >= 1492948) AND (id <= 1502947))
	  ->  Bitmap Index Scan on sbtest1_pkey  (cost=0.00..206.74 rows=9830 width=0)
	        Index Cond: ((id >= 1492948) AND (id <= 1502947))

table 2 : explain SELECT c FROM sbtest2 WHERE id BETWEEN 3885728 AND 3895727
	Bitmap Heap Scan on sbtest2  (cost=221.20..35038.28 rows=10221 width=121)
	  Recheck Cond: ((id >= 3885728) AND (id <= 3895727))
	  ->  Bitmap Index Scan on sbtest2_pkey  (cost=0.00..218.65 rows=10221 width=0)
	        Index Cond: ((id >= 3885728) AND (id <= 3895727))

table 3 : explain SELECT c FROM sbtest3 WHERE id BETWEEN 1900617 AND 1910616
	Bitmap Heap Scan on sbtest3  (cost=223.15..35628.98 rows=10411 width=121)
	  Recheck Cond: ((id >= 1900617) AND (id <= 1910616))
	  ->  Bitmap Index Scan on sbtest3_pkey  (cost=0.00..220.55 rows=10411 width=0)
	        Index Cond: ((id >= 1900617) AND (id <= 1910616))

table 4 : explain SELECT c FROM sbtest4 WHERE id BETWEEN 8192570 AND 8202569
	Bitmap Heap Scan on sbtest4  (cost=216.41..34798.75 rows=10144 width=121)
	  Recheck Cond: ((id >= 8192570) AND (id <= 8202569))
	  ->  Bitmap Index Scan on sbtest4_pkey  (cost=0.00..213.88 rows=10144 width=0)
	        Index Cond: ((id >= 8192570) AND (id <= 8202569))

table 5 : explain SELECT c FROM sbtest5 WHERE id BETWEEN 705260 AND 715259
	Bitmap Heap Scan on sbtest5  (cost=229.92..36519.77 rows=10681 width=121)
	  Recheck Cond: ((id >= 705260) AND (id <= 715259))
	  ->  Bitmap Index Scan on sbtest5_pkey  (cost=0.00..227.25 rows=10681 width=0)
	        Index Cond: ((id >= 705260) AND (id <= 715259))

table 6 : explain SELECT c FROM sbtest6 WHERE id BETWEEN 2517775 AND 2527774
	Bitmap Heap Scan on sbtest6  (cost=207.75..33397.51 rows=9689 width=121)
	  Recheck Cond: ((id >= 2517775) AND (id <= 2527774))
	  ->  Bitmap Index Scan on sbtest6_pkey  (cost=0.00..205.32 rows=9689 width=0)
	        Index Cond: ((id >= 2517775) AND (id <= 2527774))

table 7 : explain SELECT c FROM sbtest7 WHERE id BETWEEN 69461 AND 79460
	Bitmap Heap Scan on sbtest7  (cost=185.08..30139.03 rows=8648 width=121)
	  Recheck Cond: ((id >= 69461) AND (id <= 79460))
	  ->  Bitmap Index Scan on sbtest7_pkey  (cost=0.00..182.92 rows=8648 width=0)
	        Index Cond: ((id >= 69461) AND (id <= 79460))

table 8 : explain SELECT c FROM sbtest8 WHERE id BETWEEN 9041304 AND 9051303
	Bitmap Heap Scan on sbtest8  (cost=214.80..34365.78 rows=9987 width=121)
	  Recheck Cond: ((id >= 9041304) AND (id <= 9051303))
	  ->  Bitmap Index Scan on sbtest8_pkey  (cost=0.00..212.31 rows=9987 width=0)
	        Index Cond: ((id >= 9041304) AND (id <= 9051303))

for point_selects
table 1 : explain SELECT c FROM sbtest1 WHERE id=8246937
	Index Scan using sbtest1_pkey on sbtest1  (cost=0.43..8.45 rows=1 width=121)
	  Index Cond: (id = 8246937)

table 2 : explain SELECT c FROM sbtest2 WHERE id=5844350
	Index Scan using sbtest2_pkey on sbtest2  (cost=0.43..8.45 rows=1 width=121)
	  Index Cond: (id = 5844350)

table 3 : explain SELECT c FROM sbtest3 WHERE id=4560760
	Index Scan using sbtest3_pkey on sbtest3  (cost=0.43..8.45 rows=1 width=121)
	  Index Cond: (id = 4560760)

table 4 : explain SELECT c FROM sbtest4 WHERE id=3282135
	Index Scan using sbtest4_pkey on sbtest4  (cost=0.43..8.45 rows=1 width=121)
	  Index Cond: (id = 3282135)

table 5 : explain SELECT c FROM sbtest5 WHERE id=6858012
	Index Scan using sbtest5_pkey on sbtest5  (cost=0.43..8.45 rows=1 width=121)
	  Index Cond: (id = 6858012)

table 6 : explain SELECT c FROM sbtest6 WHERE id=6943162
	Index Scan using sbtest6_pkey on sbtest6  (cost=0.43..8.45 rows=1 width=121)
	  Index Cond: (id = 6943162)

table 7 : explain SELECT c FROM sbtest7 WHERE id=1217753
	Index Scan using sbtest7_pkey on sbtest7  (cost=0.43..8.45 rows=1 width=121)
	  Index Cond: (id = 1217753)

table 8 : explain SELECT c FROM sbtest8 WHERE id=3556439
	Index Scan using sbtest8_pkey on sbtest8  (cost=0.43..8.45 rows=1 width=121)
	  Index Cond: (id = 3556439)

for: simple_ranges
table 1 : explain SELECT c FROM sbtest1 WHERE id BETWEEN 4606951 AND 4616950
	Bitmap Heap Scan on sbtest1  (cost=229.54..36359.31 rows=10644 width=121)
	  Recheck Cond: ((id >= 4606951) AND (id <= 4616950))
	  ->  Bitmap Index Scan on sbtest1_pkey  (cost=0.00..226.88 rows=10644 width=0)
	        Index Cond: ((id >= 4606951) AND (id <= 4616950))

table 2 : explain SELECT c FROM sbtest2 WHERE id BETWEEN 3049781 AND 3059780
	Bitmap Heap Scan on sbtest2  (cost=208.85..33714.67 rows=9797 width=121)
	  Recheck Cond: ((id >= 3049781) AND (id <= 3059780))
	  ->  Bitmap Index Scan on sbtest2_pkey  (cost=0.00..206.41 rows=9797 width=0)
	        Index Cond: ((id >= 3049781) AND (id <= 3059780))

table 3 : explain SELECT c FROM sbtest3 WHERE id BETWEEN 1665595 AND 1675594
	Bitmap Heap Scan on sbtest3  (cost=222.38..35398.95 rows=10336 width=121)
	  Recheck Cond: ((id >= 1665595) AND (id <= 1675594))
	  ->  Bitmap Index Scan on sbtest3_pkey  (cost=0.00..219.80 rows=10336 width=0)
	        Index Cond: ((id >= 1665595) AND (id <= 1675594))

table 4 : explain SELECT c FROM sbtest4 WHERE id BETWEEN 5820690 AND 5830689
	Bitmap Heap Scan on sbtest4  (cost=207.06..33171.64 rows=9622 width=121)
	  Recheck Cond: ((id >= 5820690) AND (id <= 5830689))
	  ->  Bitmap Index Scan on sbtest4_pkey  (cost=0.00..204.66 rows=9622 width=0)
	        Index Cond: ((id >= 5820690) AND (id <= 5830689))

table 5 : explain SELECT c FROM sbtest5 WHERE id BETWEEN 1262556 AND 1272555
	Bitmap Heap Scan on sbtest5  (cost=205.35..32693.86 rows=9455 width=121)
	  Recheck Cond: ((id >= 1262556) AND (id <= 1272555))
	  ->  Bitmap Index Scan on sbtest5_pkey  (cost=0.00..202.99 rows=9455 width=0)
	        Index Cond: ((id >= 1262556) AND (id <= 1272555))

table 6 : explain SELECT c FROM sbtest6 WHERE id BETWEEN 8639778 AND 8649777
	Bitmap Heap Scan on sbtest6  (cost=221.21..35060.33 rows=10222 width=121)
	  Recheck Cond: ((id >= 8639778) AND (id <= 8649777))
	  ->  Bitmap Index Scan on sbtest6_pkey  (cost=0.00..218.66 rows=10222 width=0)
	        Index Cond: ((id >= 8639778) AND (id <= 8649777))

table 7 : explain SELECT c FROM sbtest7 WHERE id BETWEEN 3588662 AND 3598661
	Bitmap Heap Scan on sbtest7  (cost=215.14..34472.50 rows=10020 width=121)
	  Recheck Cond: ((id >= 3588662) AND (id <= 3598661))
	  ->  Bitmap Index Scan on sbtest7_pkey  (cost=0.00..212.63 rows=10020 width=0)
	        Index Cond: ((id >= 3588662) AND (id <= 3598661))

table 8 : explain SELECT c FROM sbtest8 WHERE id BETWEEN 8299659 AND 8309658
	Bitmap Heap Scan on sbtest8  (cost=213.72..34034.26 rows=9881 width=121)
	  Recheck Cond: ((id >= 8299659) AND (id <= 8309658))
	  ->  Bitmap Index Scan on sbtest8_pkey  (cost=0.00..211.25 rows=9881 width=0)
	        Index Cond: ((id >= 8299659) AND (id <= 8309658))

for: simple_ranges
table 1 : explain SELECT c FROM sbtest1 WHERE id BETWEEN 9903621 AND 9913620
	Bitmap Heap Scan on sbtest1  (cost=209.11..33802.49 rows=9822 width=121)
	  Recheck Cond: ((id >= 9903621) AND (id <= 9913620))
	  ->  Bitmap Index Scan on sbtest1_pkey  (cost=0.00..206.66 rows=9822 width=0)
	        Index Cond: ((id >= 9903621) AND (id <= 9913620))

table 2 : explain SELECT c FROM sbtest2 WHERE id BETWEEN 2640414 AND 2650413
	Bitmap Heap Scan on sbtest2  (cost=222.89..35549.80 rows=10386 width=121)
	  Recheck Cond: ((id >= 2640414) AND (id <= 2650413))
	  ->  Bitmap Index Scan on sbtest2_pkey  (cost=0.00..220.30 rows=10386 width=0)
	        Index Cond: ((id >= 2640414) AND (id <= 2650413))

table 3 : explain SELECT c FROM sbtest3 WHERE id BETWEEN 7591755 AND 7601754
	Bitmap Heap Scan on sbtest3  (cost=207.78..33391.77 rows=9692 width=121)
	  Recheck Cond: ((id >= 7591755) AND (id <= 7601754))
	  ->  Bitmap Index Scan on sbtest3_pkey  (cost=0.00..205.36 rows=9692 width=0)
	        Index Cond: ((id >= 7591755) AND (id <= 7601754))

table 4 : explain SELECT c FROM sbtest4 WHERE id BETWEEN 660511 AND 670510
	Bitmap Heap Scan on sbtest4  (cost=199.98..32224.25 rows=9321 width=121)
	  Recheck Cond: ((id >= 660511) AND (id <= 670510))
	  ->  Bitmap Index Scan on sbtest4_pkey  (cost=0.00..197.65 rows=9321 width=0)
	        Index Cond: ((id >= 660511) AND (id <= 670510))

table 5 : explain SELECT c FROM sbtest5 WHERE id BETWEEN 8899969 AND 8909968
	Bitmap Heap Scan on sbtest5  (cost=224.37..36049.75 rows=10530 width=121)
	  Recheck Cond: ((id >= 8899969) AND (id <= 8909968))
	  ->  Bitmap Index Scan on sbtest5_pkey  (cost=0.00..221.74 rows=10530 width=0)
	        Index Cond: ((id >= 8899969) AND (id <= 8909968))

table 6 : explain SELECT c FROM sbtest6 WHERE id BETWEEN 6587877 AND 6597876
	Bitmap Heap Scan on sbtest6  (cost=230.56..36676.44 rows=10744 width=121)
	  Recheck Cond: ((id >= 6587877) AND (id <= 6597876))
	  ->  Bitmap Index Scan on sbtest6_pkey  (cost=0.00..227.88 rows=10744 width=0)
	        Index Cond: ((id >= 6587877) AND (id <= 6597876))

table 7 : explain SELECT c FROM sbtest7 WHERE id BETWEEN 8870227 AND 8880226
	Bitmap Heap Scan on sbtest7  (cost=215.22..34498.22 rows=10028 width=121)
	  Recheck Cond: ((id >= 8870227) AND (id <= 8880226))
	  ->  Bitmap Index Scan on sbtest7_pkey  (cost=0.00..212.72 rows=10028 width=0)
	        Index Cond: ((id >= 8870227) AND (id <= 8880226))

table 8 : explain SELECT c FROM sbtest8 WHERE id BETWEEN 6032266 AND 6042265
	Bitmap Heap Scan on sbtest8  (cost=229.57..36417.68 rows=10647 width=121)
	  Recheck Cond: ((id >= 6032266) AND (id <= 6042265))
	  ->  Bitmap Index Scan on sbtest8_pkey  (cost=0.00..226.91 rows=10647 width=0)
	        Index Cond: ((id >= 6032266) AND (id <= 6042265))

for: sum_ranges
table 1 : explain SELECT SUM(k) FROM sbtest1 WHERE id BETWEEN 3226480 AND 3236479
	Aggregate  (cost=33040.11..33040.12 rows=1 width=8)
	  ->  Bitmap Heap Scan on sbtest1  (cost=206.53..33016.19 rows=9570 width=4)
	        Recheck Cond: ((id >= 3226480) AND (id <= 3236479))
	        ->  Bitmap Index Scan on sbtest1_pkey  (cost=0.00..204.13 rows=9570 width=0)
	              Index Cond: ((id >= 3226480) AND (id <= 3236479))

table 2 : explain SELECT SUM(k) FROM sbtest2 WHERE id BETWEEN 3348352 AND 3358351
	Aggregate  (cost=36051.57..36051.58 rows=1 width=8)
	  ->  Bitmap Heap Scan on sbtest2  (cost=224.47..36025.22 rows=10540 width=4)
	        Recheck Cond: ((id >= 3348352) AND (id <= 3358351))
	        ->  Bitmap Index Scan on sbtest2_pkey  (cost=0.00..221.84 rows=10540 width=0)
	              Index Cond: ((id >= 3348352) AND (id <= 3358351))

table 3 : explain SELECT SUM(k) FROM sbtest3 WHERE id BETWEEN 7451505 AND 7461504
	Aggregate  (cost=34115.51..34115.52 rows=1 width=8)
	  ->  Bitmap Heap Scan on sbtest3  (cost=214.06..34090.73 rows=9915 width=4)
	        Recheck Cond: ((id >= 7451505) AND (id <= 7461504))
	        ->  Bitmap Index Scan on sbtest3_pkey  (cost=0.00..211.59 rows=9915 width=0)
	              Index Cond: ((id >= 7451505) AND (id <= 7461504))

table 4 : explain SELECT SUM(k) FROM sbtest4 WHERE id BETWEEN 8183209 AND 8193208
	Aggregate  (cost=34824.11..34824.12 rows=1 width=8)
	  ->  Bitmap Heap Scan on sbtest4  (cost=216.41..34798.75 rows=10144 width=4)
	        Recheck Cond: ((id >= 8183209) AND (id <= 8193208))
	        ->  Bitmap Index Scan on sbtest4_pkey  (cost=0.00..213.88 rows=10144 width=0)
	              Index Cond: ((id >= 8183209) AND (id <= 8193208))

table 5 : explain SELECT SUM(k) FROM sbtest5 WHERE id BETWEEN 6200386 AND 6210385
	Aggregate  (cost=34487.62..34487.63 rows=1 width=8)
	  ->  Bitmap Heap Scan on sbtest5  (cost=215.13..34462.57 rows=10019 width=4)
	        Recheck Cond: ((id >= 6200386) AND (id <= 6210385))
	        ->  Bitmap Index Scan on sbtest5_pkey  (cost=0.00..212.62 rows=10019 width=0)
	              Index Cond: ((id >= 6200386) AND (id <= 6210385))

table 6 : explain SELECT SUM(k) FROM sbtest6 WHERE id BETWEEN 8844342 AND 8854341
	Aggregate  (cost=34449.66..34449.67 rows=1 width=8)
	  ->  Bitmap Heap Scan on sbtest6  (cost=215.12..34424.61 rows=10018 width=4)
	        Recheck Cond: ((id >= 8844342) AND (id <= 8854341))
	        ->  Bitmap Index Scan on sbtest6_pkey  (cost=0.00..212.62 rows=10018 width=0)
	              Index Cond: ((id >= 8844342) AND (id <= 8854341))

table 7 : explain SELECT SUM(k) FROM sbtest7 WHERE id BETWEEN 8472765 AND 8482764
	Aggregate  (cost=35160.47..35160.48 rows=1 width=8)
	  ->  Bitmap Heap Scan on sbtest7  (cost=221.31..35134.89 rows=10232 width=4)
	        Recheck Cond: ((id >= 8472765) AND (id <= 8482764))
	        ->  Bitmap Index Scan on sbtest7_pkey  (cost=0.00..218.75 rows=10232 width=0)
	              Index Cond: ((id >= 8472765) AND (id <= 8482764))

table 8 : explain SELECT SUM(k) FROM sbtest8 WHERE id BETWEEN 482452 AND 492451
	Aggregate  (cost=35856.06..35856.07 rows=1 width=8)
	  ->  Bitmap Heap Scan on sbtest8  (cost=227.62..35829.91 rows=10457 width=4)
	        Recheck Cond: ((id >= 482452) AND (id <= 492451))
	        ->  Bitmap Index Scan on sbtest8_pkey  (cost=0.00..225.00 rows=10457 width=0)
	              Index Cond: ((id >= 482452) AND (id <= 492451))

for: sum_ranges
table 1 : explain SELECT SUM(k) FROM sbtest1 WHERE id BETWEEN 9229864 AND 9239863
	Aggregate  (cost=35279.84..35279.85 rows=1 width=8)
	  ->  Bitmap Heap Scan on sbtest1  (cost=221.88..35254.13 rows=10287 width=4)
	        Recheck Cond: ((id >= 9229864) AND (id <= 9239863))
	        ->  Bitmap Index Scan on sbtest1_pkey  (cost=0.00..219.31 rows=10287 width=0)
	              Index Cond: ((id >= 9229864) AND (id <= 9239863))

table 2 : explain SELECT SUM(k) FROM sbtest2 WHERE id BETWEEN 2789519 AND 2799518
	Aggregate  (cost=31083.08..31083.09 rows=1 width=8)
	  ->  Bitmap Heap Scan on sbtest2  (cost=192.20..31060.69 rows=8953 width=4)
	        Recheck Cond: ((id >= 2789519) AND (id <= 2799518))
	        ->  Bitmap Index Scan on sbtest2_pkey  (cost=0.00..189.97 rows=8953 width=0)
	              Index Cond: ((id >= 2789519) AND (id <= 2799518))

table 3 : explain SELECT SUM(k) FROM sbtest3 WHERE id BETWEEN 8828361 AND 8838360
	Aggregate  (cost=33383.76..33383.77 rows=1 width=8)
	  ->  Bitmap Heap Scan on sbtest3  (cost=207.68..33359.56 rows=9682 width=4)
	        Recheck Cond: ((id >= 8828361) AND (id <= 8838360))
	        ->  Bitmap Index Scan on sbtest3_pkey  (cost=0.00..205.25 rows=9682 width=0)
	              Index Cond: ((id >= 8828361) AND (id <= 8838360))

table 4 : explain SELECT SUM(k) FROM sbtest4 WHERE id BETWEEN 9820104 AND 9830103
	Aggregate  (cost=35138.90..35138.91 rows=1 width=8)
	  ->  Bitmap Heap Scan on sbtest4  (cost=221.44..35113.29 rows=10244 width=4)
	        Recheck Cond: ((id >= 9820104) AND (id <= 9830103))
	        ->  Bitmap Index Scan on sbtest4_pkey  (cost=0.00..218.88 rows=10244 width=0)
	              Index Cond: ((id >= 9820104) AND (id <= 9830103))

table 5 : explain SELECT SUM(k) FROM sbtest5 WHERE id BETWEEN 9283039 AND 9293038
	Aggregate  (cost=34310.59..34310.60 rows=1 width=8)
	  ->  Bitmap Heap Scan on sbtest5  (cost=214.55..34285.69 rows=9962 width=4)
	        Recheck Cond: ((id >= 9283039) AND (id <= 9293038))
	        ->  Bitmap Index Scan on sbtest5_pkey  (cost=0.00..212.06 rows=9962 width=0)
	              Index Cond: ((id >= 9283039) AND (id <= 9293038))

table 6 : explain SELECT SUM(k) FROM sbtest6 WHERE id BETWEEN 1469187 AND 1479186
	Aggregate  (cost=34443.23..34443.24 rows=1 width=8)
	  ->  Bitmap Heap Scan on sbtest6  (cost=215.10..34418.19 rows=10016 width=4)
	        Recheck Cond: ((id >= 1469187) AND (id <= 1479186))
	        ->  Bitmap Index Scan on sbtest6_pkey  (cost=0.00..212.59 rows=10016 width=0)
	              Index Cond: ((id >= 1469187) AND (id <= 1479186))

table 7 : explain SELECT SUM(k) FROM sbtest7 WHERE id BETWEEN 8652969 AND 8662968
	Aggregate  (cost=33716.71..33716.72 rows=1 width=8)
	  ->  Bitmap Heap Scan on sbtest7  (cost=208.59..33692.28 rows=9771 width=4)
	        Recheck Cond: ((id >= 8652969) AND (id <= 8662968))
	        ->  Bitmap Index Scan on sbtest7_pkey  (cost=0.00..206.15 rows=9771 width=0)
	              Index Cond: ((id >= 8652969) AND (id <= 8662968))

table 8 : explain SELECT SUM(k) FROM sbtest8 WHERE id BETWEEN 1599051 AND 1609050
	Aggregate  (cost=34100.85..34100.86 rows=1 width=8)
	  ->  Bitmap Heap Scan on sbtest8  (cost=213.85..34076.12 rows=9894 width=4)
	        Recheck Cond: ((id >= 1599051) AND (id <= 1609050))
	        ->  Bitmap Index Scan on sbtest8_pkey  (cost=0.00..211.38 rows=9894 width=0)
	              Index Cond: ((id >= 1599051) AND (id <= 1609050))

for: simple_ranges
table 1 : explain SELECT c FROM sbtest1 WHERE id BETWEEN 7092701 AND 7102700
	Bitmap Heap Scan on sbtest1  (cost=214.19..34134.44 rows=9927 width=121)
	  Recheck Cond: ((id >= 7092701) AND (id <= 7102700))
	  ->  Bitmap Index Scan on sbtest1_pkey  (cost=0.00..211.70 rows=9927 width=0)
	        Index Cond: ((id >= 7092701) AND (id <= 7102700))

table 2 : explain SELECT c FROM sbtest2 WHERE id BETWEEN 2100353 AND 2110352
	Bitmap Heap Scan on sbtest2  (cost=208.19..33511.90 rows=9732 width=121)
	  Recheck Cond: ((id >= 2100353) AND (id <= 2110352))
	  ->  Bitmap Index Scan on sbtest2_pkey  (cost=0.00..205.75 rows=9732 width=0)
	        Index Cond: ((id >= 2100353) AND (id <= 2110352))

table 3 : explain SELECT c FROM sbtest3 WHERE id BETWEEN 1532406 AND 1542405
	Bitmap Heap Scan on sbtest3  (cost=231.76..37018.18 rows=10861 width=121)
	  Recheck Cond: ((id >= 1532406) AND (id <= 1542405))
	  ->  Bitmap Index Scan on sbtest3_pkey  (cost=0.00..229.05 rows=10861 width=0)
	        Index Cond: ((id >= 1532406) AND (id <= 1542405))

table 4 : explain SELECT c FROM sbtest4 WHERE id BETWEEN 3501988 AND 3511987
	Bitmap Heap Scan on sbtest4  (cost=185.50..30223.77 rows=8689 width=121)
	  Recheck Cond: ((id >= 3501988) AND (id <= 3511987))
	  ->  Bitmap Index Scan on sbtest4_pkey  (cost=0.00..183.32 rows=8689 width=0)
	        Index Cond: ((id >= 3501988) AND (id <= 3511987))

table 5 : explain SELECT c FROM sbtest5 WHERE id BETWEEN 3760316 AND 3770315
	Bitmap Heap Scan on sbtest5  (cost=213.18..33870.34 rows=9829 width=121)
	  Recheck Cond: ((id >= 3760316) AND (id <= 3770315))
	  ->  Bitmap Index Scan on sbtest5_pkey  (cost=0.00..210.73 rows=9829 width=0)
	        Index Cond: ((id >= 3760316) AND (id <= 3770315))

table 6 : explain SELECT c FROM sbtest6 WHERE id BETWEEN 1478514 AND 1488513
	Bitmap Heap Scan on sbtest6  (cost=215.10..34418.19 rows=10016 width=121)
	  Recheck Cond: ((id >= 1478514) AND (id <= 1488513))
	  ->  Bitmap Index Scan on sbtest6_pkey  (cost=0.00..212.59 rows=10016 width=0)
	        Index Cond: ((id >= 1478514) AND (id <= 1488513))

table 7 : explain SELECT c FROM sbtest7 WHERE id BETWEEN 9597417 AND 9607416
	Bitmap Heap Scan on sbtest7  (cost=245.53..38812.30 rows=11424 width=121)
	  Recheck Cond: ((id >= 9597417) AND (id <= 9607416))
	  ->  Bitmap Index Scan on sbtest7_pkey  (cost=0.00..242.68 rows=11424 width=0)
	        Index Cond: ((id >= 9597417) AND (id <= 9607416))

table 8 : explain SELECT c FROM sbtest8 WHERE id BETWEEN 451129 AND 461128
	Bitmap Heap Scan on sbtest8  (cost=227.62..35829.91 rows=10457 width=121)
	  Recheck Cond: ((id >= 451129) AND (id <= 461128))
	  ->  Bitmap Index Scan on sbtest8_pkey  (cost=0.00..225.00 rows=10457 width=0)
	        Index Cond: ((id >= 451129) AND (id <= 461128))

for: sum_ranges
table 1 : explain SELECT SUM(k) FROM sbtest1 WHERE id BETWEEN 6197293 AND 6207292
	Aggregate  (cost=34281.44..34281.45 rows=1 width=8)
	  ->  Bitmap Heap Scan on sbtest1  (cost=214.60..34256.53 rows=9967 width=4)
	        Recheck Cond: ((id >= 6197293) AND (id <= 6207292))
	        ->  Bitmap Index Scan on sbtest1_pkey  (cost=0.00..212.11 rows=9967 width=0)
	              Index Cond: ((id >= 6197293) AND (id <= 6207292))

table 2 : explain SELECT SUM(k) FROM sbtest2 WHERE id BETWEEN 5727386 AND 5737385
	Aggregate  (cost=34341.34..34341.35 rows=1 width=8)
	  ->  Bitmap Heap Scan on sbtest2  (cost=214.82..34316.37 rows=9989 width=4)
	        Recheck Cond: ((id >= 5727386) AND (id <= 5737385))
	        ->  Bitmap Index Scan on sbtest2_pkey  (cost=0.00..212.32 rows=9989 width=0)
	              Index Cond: ((id >= 5727386) AND (id <= 5737385))

table 3 : explain SELECT SUM(k) FROM sbtest3 WHERE id BETWEEN 5083386 AND 5093385
	Aggregate  (cost=33845.29..33845.30 rows=1 width=8)
	  ->  Bitmap Heap Scan on sbtest3  (cost=213.18..33820.72 rows=9829 width=4)
	        Recheck Cond: ((id >= 5083386) AND (id <= 5093385))
	        ->  Bitmap Index Scan on sbtest3_pkey  (cost=0.00..210.73 rows=9829 width=0)
	              Index Cond: ((id >= 5083386) AND (id <= 5093385))

table 4 : explain SELECT SUM(k) FROM sbtest4 WHERE id BETWEEN 1198510 AND 1208509
	Aggregate  (cost=31666.95..31666.96 rows=1 width=8)
	  ->  Bitmap Heap Scan on sbtest4  (cost=198.08..31644.11 rows=9136 width=4)
	        Recheck Cond: ((id >= 1198510) AND (id <= 1208509))
	        ->  Bitmap Index Scan on sbtest4_pkey  (cost=0.00..195.80 rows=9136 width=0)
	              Index Cond: ((id >= 1198510) AND (id <= 1208509))

table 5 : explain SELECT SUM(k) FROM sbtest5 WHERE id BETWEEN 9971390 AND 9981389
	Aggregate  (cost=32162.03..32162.04 rows=1 width=8)
	  ->  Bitmap Heap Scan on sbtest5  (cost=199.54..32138.83 rows=9279 width=4)
	        Recheck Cond: ((id >= 9971390) AND (id <= 9981389))
	        ->  Bitmap Index Scan on sbtest5_pkey  (cost=0.00..197.23 rows=9279 width=0)
	              Index Cond: ((id >= 9971390) AND (id <= 9981389))

table 6 : explain SELECT SUM(k) FROM sbtest6 WHERE id BETWEEN 9521162 AND 9531161
	Aggregate  (cost=33363.66..33363.67 rows=1 width=8)
	  ->  Bitmap Heap Scan on sbtest6  (cost=207.56..33339.48 rows=9671 width=4)
	        Recheck Cond: ((id >= 9521162) AND (id <= 9531161))
	        ->  Bitmap Index Scan on sbtest6_pkey  (cost=0.00..205.15 rows=9671 width=0)
	              Index Cond: ((id >= 9521162) AND (id <= 9531161))

table 7 : explain SELECT SUM(k) FROM sbtest7 WHERE id BETWEEN 3482867 AND 3492866
	Aggregate  (cost=34207.72..34207.73 rows=1 width=8)
	  ->  Bitmap Heap Scan on sbtest7  (cost=214.19..34182.91 rows=9927 width=4)
	        Recheck Cond: ((id >= 3482867) AND (id <= 3492866))
	        ->  Bitmap Index Scan on sbtest7_pkey  (cost=0.00..211.70 rows=9927 width=0)
	              Index Cond: ((id >= 3482867) AND (id <= 3492866))

table 8 : explain SELECT SUM(k) FROM sbtest8 WHERE id BETWEEN 8319300 AND 8329299
	Aggregate  (cost=34058.96..34058.97 rows=1 width=8)
	  ->  Bitmap Heap Scan on sbtest8  (cost=213.72..34034.26 rows=9881 width=4)
	        Recheck Cond: ((id >= 8319300) AND (id <= 8329299))
	        ->  Bitmap Index Scan on sbtest8_pkey  (cost=0.00..211.25 rows=9881 width=0)
	              Index Cond: ((id >= 8319300) AND (id <= 8329299))

for: simple_ranges
table 1 : explain SELECT c FROM sbtest1 WHERE id BETWEEN 5814195 AND 5824194
	Bitmap Heap Scan on sbtest1  (cost=230.31..36591.71 rows=10720 width=121)
	  Recheck Cond: ((id >= 5814195) AND (id <= 5824194))
	  ->  Bitmap Index Scan on sbtest1_pkey  (cost=0.00..227.63 rows=10720 width=0)
	        Index Cond: ((id >= 5814195) AND (id <= 5824194))

table 2 : explain SELECT c FROM sbtest2 WHERE id BETWEEN 8300784 AND 8310783
	Bitmap Heap Scan on sbtest2  (cost=229.43..36315.97 rows=10634 width=121)
	  Recheck Cond: ((id >= 8300784) AND (id <= 8310783))
	  ->  Bitmap Index Scan on sbtest2_pkey  (cost=0.00..226.78 rows=10634 width=0)
	        Index Cond: ((id >= 8300784) AND (id <= 8310783))

table 3 : explain SELECT c FROM sbtest3 WHERE id BETWEEN 2824459 AND 2834458
	Bitmap Heap Scan on sbtest3  (cost=185.72..30293.13 rows=8711 width=121)
	  Recheck Cond: ((id >= 2824459) AND (id <= 2834458))
	  ->  Bitmap Index Scan on sbtest3_pkey  (cost=0.00..183.55 rows=8711 width=0)
	        Index Cond: ((id >= 2824459) AND (id <= 2834458))

table 4 : explain SELECT c FROM sbtest4 WHERE id BETWEEN 7446464 AND 7456463
	Bitmap Heap Scan on sbtest4  (cost=193.56..31477.84 rows=9085 width=121)
	  Recheck Cond: ((id >= 7446464) AND (id <= 7456463))
	  ->  Bitmap Index Scan on sbtest4_pkey  (cost=0.00..191.29 rows=9085 width=0)
	        Index Cond: ((id >= 7446464) AND (id <= 7456463))

table 5 : explain SELECT c FROM sbtest5 WHERE id BETWEEN 3926075 AND 3936074
	Bitmap Heap Scan on sbtest5  (cost=206.04..32904.22 rows=9522 width=121)
	  Recheck Cond: ((id >= 3926075) AND (id <= 3936074))
	  ->  Bitmap Index Scan on sbtest5_pkey  (cost=0.00..203.66 rows=9522 width=0)
	        Index Cond: ((id >= 3926075) AND (id <= 3936074))

table 6 : explain SELECT c FROM sbtest6 WHERE id BETWEEN 8718324 AND 8728323
	Bitmap Heap Scan on sbtest6  (cost=192.04..31024.74 rows=8937 width=121)
	  Recheck Cond: ((id >= 8718324) AND (id <= 8728323))
	  ->  Bitmap Index Scan on sbtest6_pkey  (cost=0.00..189.81 rows=8937 width=0)
	        Index Cond: ((id >= 8718324) AND (id <= 8728323))

table 7 : explain SELECT c FROM sbtest7 WHERE id BETWEEN 795583 AND 805582
	Bitmap Heap Scan on sbtest7  (cost=229.65..36447.37 rows=10655 width=121)
	  Recheck Cond: ((id >= 795583) AND (id <= 805582))
	  ->  Bitmap Index Scan on sbtest7_pkey  (cost=0.00..226.99 rows=10655 width=0)
	        Index Cond: ((id >= 795583) AND (id <= 805582))

table 8 : explain SELECT c FROM sbtest8 WHERE id BETWEEN 2636130 AND 2646129
	Bitmap Heap Scan on sbtest8  (cost=196.18..31104.00 rows=8951 width=121)
	  Recheck Cond: ((id >= 2636130) AND (id <= 2646129))
	  ->  Bitmap Index Scan on sbtest8_pkey  (cost=0.00..193.94 rows=8951 width=0)
	        Index Cond: ((id >= 2636130) AND (id <= 2646129))

for point_selects
table 1 : explain SELECT c FROM sbtest1 WHERE id=3254543
	Index Scan using sbtest1_pkey on sbtest1  (cost=0.43..8.45 rows=1 width=121)
	  Index Cond: (id = 3254543)

table 2 : explain SELECT c FROM sbtest2 WHERE id=6458387
	Index Scan using sbtest2_pkey on sbtest2  (cost=0.43..8.45 rows=1 width=121)
	  Index Cond: (id = 6458387)

table 3 : explain SELECT c FROM sbtest3 WHERE id=8621815
	Index Scan using sbtest3_pkey on sbtest3  (cost=0.43..8.45 rows=1 width=121)
	  Index Cond: (id = 8621815)

table 4 : explain SELECT c FROM sbtest4 WHERE id=8944038
	Index Scan using sbtest4_pkey on sbtest4  (cost=0.43..8.45 rows=1 width=121)
	  Index Cond: (id = 8944038)

table 5 : explain SELECT c FROM sbtest5 WHERE id=9066058
	Index Scan using sbtest5_pkey on sbtest5  (cost=0.43..8.45 rows=1 width=121)
	  Index Cond: (id = 9066058)

table 6 : explain SELECT c FROM sbtest6 WHERE id=2195323
	Index Scan using sbtest6_pkey on sbtest6  (cost=0.43..8.45 rows=1 width=121)
	  Index Cond: (id = 2195323)

table 7 : explain SELECT c FROM sbtest7 WHERE id=9954748
	Index Scan using sbtest7_pkey on sbtest7  (cost=0.43..8.45 rows=1 width=121)
	  Index Cond: (id = 9954748)

table 8 : explain SELECT c FROM sbtest8 WHERE id=8070454
	Index Scan using sbtest8_pkey on sbtest8  (cost=0.43..8.45 rows=1 width=121)
	  Index Cond: (id = 8070454)

for: sum_ranges
table 1 : explain SELECT SUM(k) FROM sbtest1 WHERE id BETWEEN 2696139 AND 2706138
	Aggregate  (cost=35842.66..35842.67 rows=1 width=8)
	  ->  Bitmap Heap Scan on sbtest1  (cost=223.74..35816.49 rows=10469 width=4)
	        Recheck Cond: ((id >= 2696139) AND (id <= 2706138))
	        ->  Bitmap Index Scan on sbtest1_pkey  (cost=0.00..221.12 rows=10469 width=0)
	              Index Cond: ((id >= 2696139) AND (id <= 2706138))

table 2 : explain SELECT SUM(k) FROM sbtest2 WHERE id BETWEEN 7048334 AND 7058333
	Aggregate  (cost=34771.38..34771.39 rows=1 width=8)
	  ->  Bitmap Heap Scan on sbtest2  (cost=216.24..34746.07 rows=10127 width=4)
	        Recheck Cond: ((id >= 7048334) AND (id <= 7058333))
	        ->  Bitmap Index Scan on sbtest2_pkey  (cost=0.00..213.70 rows=10127 width=0)
	              Index Cond: ((id >= 7048334) AND (id <= 7058333))

table 3 : explain SELECT SUM(k) FROM sbtest3 WHERE id BETWEEN 1007873 AND 1017872
	Aggregate  (cost=34523.56..34523.57 rows=1 width=8)
	  ->  Bitmap Heap Scan on sbtest3  (cost=215.42..34498.44 rows=10047 width=4)
	        Recheck Cond: ((id >= 1007873) AND (id <= 1017872))
	        ->  Bitmap Index Scan on sbtest3_pkey  (cost=0.00..212.91 rows=10047 width=0)
	              Index Cond: ((id >= 1007873) AND (id <= 1017872))

table 4 : explain SELECT SUM(k) FROM sbtest4 WHERE id BETWEEN 4194829 AND 4204828
	Aggregate  (cost=36901.16..36901.17 rows=1 width=8)
	  ->  Bitmap Heap Scan on sbtest4  (cost=231.29..36874.13 rows=10815 width=4)
	        Recheck Cond: ((id >= 4194829) AND (id <= 4204828))
	        ->  Bitmap Index Scan on sbtest4_pkey  (cost=0.00..228.59 rows=10815 width=0)
	              Index Cond: ((id >= 4194829) AND (id <= 4204828))

table 5 : explain SELECT SUM(k) FROM sbtest5 WHERE id BETWEEN 2194255 AND 2204254
	Aggregate  (cost=34275.19..34275.20 rows=1 width=8)
	  ->  Bitmap Heap Scan on sbtest5  (cost=214.43..34250.31 rows=9951 width=4)
	        Recheck Cond: ((id >= 2194255) AND (id <= 2204254))
	        ->  Bitmap Index Scan on sbtest5_pkey  (cost=0.00..211.94 rows=9951 width=0)
	              Index Cond: ((id >= 2194255) AND (id <= 2204254))

table 6 : explain SELECT SUM(k) FROM sbtest6 WHERE id BETWEEN 4834734 AND 4844733
	Aggregate  (cost=34802.88..34802.89 rows=1 width=8)
	  ->  Bitmap Heap Scan on sbtest6  (cost=216.29..34777.55 rows=10132 width=4)
	        Recheck Cond: ((id >= 4834734) AND (id <= 4844733))
	        ->  Bitmap Index Scan on sbtest6_pkey  (cost=0.00..213.75 rows=10132 width=0)
	              Index Cond: ((id >= 4834734) AND (id <= 4844733))

table 7 : explain SELECT SUM(k) FROM sbtest7 WHERE id BETWEEN 140240 AND 150239
	Aggregate  (cost=34413.85..34413.86 rows=1 width=8)
	  ->  Bitmap Heap Scan on sbtest7  (cost=214.86..34388.87 rows=9993 width=4)
	        Recheck Cond: ((id >= 140240) AND (id <= 150239))
	        ->  Bitmap Index Scan on sbtest7_pkey  (cost=0.00..212.37 rows=9993 width=0)
	              Index Cond: ((id >= 140240) AND (id <= 150239))

table 8 : explain SELECT SUM(k) FROM sbtest8 WHERE id BETWEEN 8459233 AND 8469232
	Aggregate  (cost=29192.99..29193.00 rows=1 width=8)
	  ->  Bitmap Heap Scan on sbtest8  (cost=181.98..29172.12 rows=8346 width=4)
	        Recheck Cond: ((id >= 8459233) AND (id <= 8469232))
	        ->  Bitmap Index Scan on sbtest8_pkey  (cost=0.00..179.90 rows=8346 width=0)
	              Index Cond: ((id >= 8459233) AND (id <= 8469232))

for point_selects
table 1 : explain SELECT c FROM sbtest1 WHERE id=3500756
	Index Scan using sbtest1_pkey on sbtest1  (cost=0.43..8.45 rows=1 width=121)
	  Index Cond: (id = 3500756)

table 2 : explain SELECT c FROM sbtest2 WHERE id=350632
	Index Scan using sbtest2_pkey on sbtest2  (cost=0.43..8.45 rows=1 width=121)
	  Index Cond: (id = 350632)

table 3 : explain SELECT c FROM sbtest3 WHERE id=8931180
	Index Scan using sbtest3_pkey on sbtest3  (cost=0.43..8.45 rows=1 width=121)
	  Index Cond: (id = 8931180)

table 4 : explain SELECT c FROM sbtest4 WHERE id=7166864
	Index Scan using sbtest4_pkey on sbtest4  (cost=0.43..8.45 rows=1 width=121)
	  Index Cond: (id = 7166864)

table 5 : explain SELECT c FROM sbtest5 WHERE id=3087365
	Index Scan using sbtest5_pkey on sbtest5  (cost=0.43..8.45 rows=1 width=121)
	  Index Cond: (id = 3087365)

table 6 : explain SELECT c FROM sbtest6 WHERE id=4309613
	Index Scan using sbtest6_pkey on sbtest6  (cost=0.43..8.45 rows=1 width=121)
	  Index Cond: (id = 4309613)

table 7 : explain SELECT c FROM sbtest7 WHERE id=7270410
	Index Scan using sbtest7_pkey on sbtest7  (cost=0.43..8.45 rows=1 width=121)
	  Index Cond: (id = 7270410)

table 8 : explain SELECT c FROM sbtest8 WHERE id=4835591
	Index Scan using sbtest8_pkey on sbtest8  (cost=0.43..8.45 rows=1 width=121)
	  Index Cond: (id = 4835591)

for point_selects
table 1 : explain SELECT c FROM sbtest1 WHERE id=102873
	Index Scan using sbtest1_pkey on sbtest1  (cost=0.43..8.45 rows=1 width=121)
	  Index Cond: (id = 102873)

table 2 : explain SELECT c FROM sbtest2 WHERE id=8756079
	Index Scan using sbtest2_pkey on sbtest2  (cost=0.43..8.45 rows=1 width=121)
	  Index Cond: (id = 8756079)

table 3 : explain SELECT c FROM sbtest3 WHERE id=2380714
	Index Scan using sbtest3_pkey on sbtest3  (cost=0.43..8.45 rows=1 width=121)
	  Index Cond: (id = 2380714)

table 4 : explain SELECT c FROM sbtest4 WHERE id=4371631
	Index Scan using sbtest4_pkey on sbtest4  (cost=0.43..8.45 rows=1 width=121)
	  Index Cond: (id = 4371631)

table 5 : explain SELECT c FROM sbtest5 WHERE id=6620765
	Index Scan using sbtest5_pkey on sbtest5  (cost=0.43..8.45 rows=1 width=121)
	  Index Cond: (id = 6620765)

table 6 : explain SELECT c FROM sbtest6 WHERE id=1374381
	Index Scan using sbtest6_pkey on sbtest6  (cost=0.43..8.45 rows=1 width=121)
	  Index Cond: (id = 1374381)

table 7 : explain SELECT c FROM sbtest7 WHERE id=5694496
	Index Scan using sbtest7_pkey on sbtest7  (cost=0.43..8.45 rows=1 width=121)
	  Index Cond: (id = 5694496)

table 8 : explain SELECT c FROM sbtest8 WHERE id=624179
	Index Scan using sbtest8_pkey on sbtest8  (cost=0.43..8.45 rows=1 width=121)
	  Index Cond: (id = 624179)

for: simple_ranges
table 1 : explain SELECT c FROM sbtest1 WHERE id BETWEEN 6286300 AND 6296299
	Bitmap Heap Scan on sbtest1  (cost=214.76..34307.89 rows=9983 width=121)
	  Recheck Cond: ((id >= 6286300) AND (id <= 6296299))
	  ->  Bitmap Index Scan on sbtest1_pkey  (cost=0.00..212.26 rows=9983 width=0)
	        Index Cond: ((id >= 6286300) AND (id <= 6296299))

table 2 : explain SELECT c FROM sbtest2 WHERE id BETWEEN 8862678 AND 8872677
	Bitmap Heap Scan on sbtest2  (cost=214.75..34293.91 rows=9982 width=121)
	  Recheck Cond: ((id >= 8862678) AND (id <= 8872677))
	  ->  Bitmap Index Scan on sbtest2_pkey  (cost=0.00..212.25 rows=9982 width=0)
	        Index Cond: ((id >= 8862678) AND (id <= 8872677))

table 3 : explain SELECT c FROM sbtest3 WHERE id BETWEEN 2306039 AND 2316038
	Bitmap Heap Scan on sbtest3  (cost=205.91..32820.85 rows=9510 width=121)
	  Recheck Cond: ((id >= 2306039) AND (id <= 2316038))
	  ->  Bitmap Index Scan on sbtest3_pkey  (cost=0.00..203.54 rows=9510 width=0)
	        Index Cond: ((id >= 2306039) AND (id <= 2316038))

table 4 : explain SELECT c FROM sbtest4 WHERE id BETWEEN 8009716 AND 8019715
	Bitmap Heap Scan on sbtest4  (cost=183.28..29537.39 rows=8473 width=121)
	  Recheck Cond: ((id >= 8009716) AND (id <= 8019715))
	  ->  Bitmap Index Scan on sbtest4_pkey  (cost=0.00..181.17 rows=8473 width=0)
	        Index Cond: ((id >= 8009716) AND (id <= 8019715))

table 5 : explain SELECT c FROM sbtest5 WHERE id BETWEEN 4205646 AND 4215645
	Bitmap Heap Scan on sbtest5  (cost=205.35..32693.86 rows=9455 width=121)
	  Recheck Cond: ((id >= 4205646) AND (id <= 4215645))
	  ->  Bitmap Index Scan on sbtest5_pkey  (cost=0.00..202.99 rows=9455 width=0)
	        Index Cond: ((id >= 4205646) AND (id <= 4215645))

table 6 : explain SELECT c FROM sbtest6 WHERE id BETWEEN 4408536 AND 4418535
	Bitmap Heap Scan on sbtest6  (cost=215.67..34591.52 rows=10072 width=121)
	  Recheck Cond: ((id >= 4408536) AND (id <= 4418535))
	  ->  Bitmap Index Scan on sbtest6_pkey  (cost=0.00..213.16 rows=10072 width=0)
	        Index Cond: ((id >= 4408536) AND (id <= 4418535))

table 7 : explain SELECT c FROM sbtest7 WHERE id BETWEEN 6228559 AND 6238558
	Bitmap Heap Scan on sbtest7  (cost=222.31..35436.21 rows=10329 width=121)
	  Recheck Cond: ((id >= 6228559) AND (id <= 6238558))
	  ->  Bitmap Index Scan on sbtest7_pkey  (cost=0.00..219.73 rows=10329 width=0)
	        Index Cond: ((id >= 6228559) AND (id <= 6238558))

table 8 : explain SELECT c FROM sbtest8 WHERE id BETWEEN 7983722 AND 7993721
	Bitmap Heap Scan on sbtest8  (cost=219.73..34652.68 rows=10078 width=121)
	  Recheck Cond: ((id >= 7983722) AND (id <= 7993721))
	  ->  Bitmap Index Scan on sbtest8_pkey  (cost=0.00..217.22 rows=10078 width=0)
	        Index Cond: ((id >= 7983722) AND (id <= 7993721))

for: simple_ranges
table 1 : explain SELECT c FROM sbtest1 WHERE id BETWEEN 7495960 AND 7505959
	Bitmap Heap Scan on sbtest1  (cost=224.62..36081.26 rows=10555 width=121)
	  Recheck Cond: ((id >= 7495960) AND (id <= 7505959))
	  ->  Bitmap Index Scan on sbtest1_pkey  (cost=0.00..221.99 rows=10555 width=0)
	        Index Cond: ((id >= 7495960) AND (id <= 7505959))

table 2 : explain SELECT c FROM sbtest2 WHERE id BETWEEN 3120207 AND 3130206
	Bitmap Heap Scan on sbtest2  (cost=208.85..33714.67 rows=9797 width=121)
	  Recheck Cond: ((id >= 3120207) AND (id <= 3130206))
	  ->  Bitmap Index Scan on sbtest2_pkey  (cost=0.00..206.41 rows=9797 width=0)
	        Index Cond: ((id >= 3120207) AND (id <= 3130206))

table 3 : explain SELECT c FROM sbtest3 WHERE id BETWEEN 35689 AND 45688
	Bitmap Heap Scan on sbtest3  (cost=222.73..35504.39 rows=10370 width=121)
	  Recheck Cond: ((id >= 35689) AND (id <= 45688))
	  ->  Bitmap Index Scan on sbtest3_pkey  (cost=0.00..220.13 rows=10370 width=0)
	        Index Cond: ((id >= 35689) AND (id <= 45688))

table 4 : explain SELECT c FROM sbtest4 WHERE id BETWEEN 3911358 AND 3921357
	Bitmap Heap Scan on sbtest4  (cost=246.25..38951.68 rows=11494 width=121)
	  Recheck Cond: ((id >= 3911358) AND (id <= 3921357))
	  ->  Bitmap Index Scan on sbtest4_pkey  (cost=0.00..243.38 rows=11494 width=0)
	        Index Cond: ((id >= 3911358) AND (id <= 3921357))

table 5 : explain SELECT c FROM sbtest5 WHERE id BETWEEN 4351925 AND 4361924
	Bitmap Heap Scan on sbtest5  (cost=206.93..33179.01 rows=9609 width=121)
	  Recheck Cond: ((id >= 4351925) AND (id <= 4361924))
	  ->  Bitmap Index Scan on sbtest5_pkey  (cost=0.00..204.53 rows=9609 width=0)
	        Index Cond: ((id >= 4351925) AND (id <= 4361924))

table 6 : explain SELECT c FROM sbtest6 WHERE id BETWEEN 5980700 AND 5990699
	Bitmap Heap Scan on sbtest6  (cost=184.63..29967.02 rows=8604 width=121)
	  Recheck Cond: ((id >= 5980700) AND (id <= 5990699))
	  ->  Bitmap Index Scan on sbtest6_pkey  (cost=0.00..182.48 rows=8604 width=0)
	        Index Cond: ((id >= 5980700) AND (id <= 5990699))

table 7 : explain SELECT c FROM sbtest7 WHERE id BETWEEN 824620 AND 834619
	Bitmap Heap Scan on sbtest7  (cost=236.95..37441.87 rows=10977 width=121)
	  Recheck Cond: ((id >= 824620) AND (id <= 834619))
	  ->  Bitmap Index Scan on sbtest7_pkey  (cost=0.00..234.20 rows=10977 width=0)
	        Index Cond: ((id >= 824620) AND (id <= 834619))

table 8 : explain SELECT c FROM sbtest8 WHERE id BETWEEN 662051 AND 672050
	Bitmap Heap Scan on sbtest8  (cost=222.48..35483.48 rows=10346 width=121)
	  Recheck Cond: ((id >= 662051) AND (id <= 672050))
	  ->  Bitmap Index Scan on sbtest8_pkey  (cost=0.00..219.90 rows=10346 width=0)
	        Index Cond: ((id >= 662051) AND (id <= 672050))

for point_selects
table 1 : explain SELECT c FROM sbtest1 WHERE id=9066337
	Index Scan using sbtest1_pkey on sbtest1  (cost=0.43..8.45 rows=1 width=121)
	  Index Cond: (id = 9066337)

table 2 : explain SELECT c FROM sbtest2 WHERE id=8376055
	Index Scan using sbtest2_pkey on sbtest2  (cost=0.43..8.45 rows=1 width=121)
	  Index Cond: (id = 8376055)

table 3 : explain SELECT c FROM sbtest3 WHERE id=121210
	Index Scan using sbtest3_pkey on sbtest3  (cost=0.43..8.45 rows=1 width=121)
	  Index Cond: (id = 121210)

table 4 : explain SELECT c FROM sbtest4 WHERE id=7865630
	Index Scan using sbtest4_pkey on sbtest4  (cost=0.43..8.45 rows=1 width=121)
	  Index Cond: (id = 7865630)

table 5 : explain SELECT c FROM sbtest5 WHERE id=6698748
	Index Scan using sbtest5_pkey on sbtest5  (cost=0.43..8.45 rows=1 width=121)
	  Index Cond: (id = 6698748)

table 6 : explain SELECT c FROM sbtest6 WHERE id=979075
	Index Scan using sbtest6_pkey on sbtest6  (cost=0.43..8.45 rows=1 width=121)
	  Index Cond: (id = 979075)

table 7 : explain SELECT c FROM sbtest7 WHERE id=8490299
	Index Scan using sbtest7_pkey on sbtest7  (cost=0.43..8.45 rows=1 width=121)
	  Index Cond: (id = 8490299)

table 8 : explain SELECT c FROM sbtest8 WHERE id=6882183
	Index Scan using sbtest8_pkey on sbtest8  (cost=0.43..8.45 rows=1 width=121)
	  Index Cond: (id = 6882183)

for point_selects
table 1 : explain SELECT c FROM sbtest1 WHERE id=6724840
	Index Scan using sbtest1_pkey on sbtest1  (cost=0.43..8.45 rows=1 width=121)
	  Index Cond: (id = 6724840)

table 2 : explain SELECT c FROM sbtest2 WHERE id=2073012
	Index Scan using sbtest2_pkey on sbtest2  (cost=0.43..8.45 rows=1 width=121)
	  Index Cond: (id = 2073012)

table 3 : explain SELECT c FROM sbtest3 WHERE id=2881052
	Index Scan using sbtest3_pkey on sbtest3  (cost=0.43..8.45 rows=1 width=121)
	  Index Cond: (id = 2881052)

table 4 : explain SELECT c FROM sbtest4 WHERE id=1157478
	Index Scan using sbtest4_pkey on sbtest4  (cost=0.43..8.45 rows=1 width=121)
	  Index Cond: (id = 1157478)

table 5 : explain SELECT c FROM sbtest5 WHERE id=6332956
	Index Scan using sbtest5_pkey on sbtest5  (cost=0.43..8.45 rows=1 width=121)
	  Index Cond: (id = 6332956)

table 6 : explain SELECT c FROM sbtest6 WHERE id=4682756
	Index Scan using sbtest6_pkey on sbtest6  (cost=0.43..8.45 rows=1 width=121)
	  Index Cond: (id = 4682756)

table 7 : explain SELECT c FROM sbtest7 WHERE id=1573400
	Index Scan using sbtest7_pkey on sbtest7  (cost=0.43..8.45 rows=1 width=121)
	  Index Cond: (id = 1573400)

table 8 : explain SELECT c FROM sbtest8 WHERE id=3739679
	Index Scan using sbtest8_pkey on sbtest8  (cost=0.43..8.45 rows=1 width=121)
	  Index Cond: (id = 3739679)

for: simple_ranges
table 1 : explain SELECT c FROM sbtest1 WHERE id BETWEEN 6744488 AND 6754487
	Bitmap Heap Scan on sbtest1  (cost=201.10..32576.07 rows=9431 width=121)
	  Recheck Cond: ((id >= 6744488) AND (id <= 6754487))
	  ->  Bitmap Index Scan on sbtest1_pkey  (cost=0.00..198.75 rows=9431 width=0)
	        Index Cond: ((id >= 6744488) AND (id <= 6754487))

table 2 : explain SELECT c FROM sbtest2 WHERE id BETWEEN 8253181 AND 8263180
	Bitmap Heap Scan on sbtest2  (cost=229.43..36315.97 rows=10634 width=121)
	  Recheck Cond: ((id >= 8253181) AND (id <= 8263180))
	  ->  Bitmap Index Scan on sbtest2_pkey  (cost=0.00..226.78 rows=10634 width=0)
	        Index Cond: ((id >= 8253181) AND (id <= 8263180))

table 3 : explain SELECT c FROM sbtest3 WHERE id BETWEEN 8343212 AND 8353211
	Bitmap Heap Scan on sbtest3  (cost=208.78..33697.66 rows=9790 width=121)
	  Recheck Cond: ((id >= 8343212) AND (id <= 8353211))
	  ->  Bitmap Index Scan on sbtest3_pkey  (cost=0.00..206.34 rows=9790 width=0)
	        Index Cond: ((id >= 8343212) AND (id <= 8353211))

table 4 : explain SELECT c FROM sbtest4 WHERE id BETWEEN 3281067 AND 3291066
	Bitmap Heap Scan on sbtest4  (cost=198.33..31718.74 rows=9160 width=121)
	  Recheck Cond: ((id >= 3281067) AND (id <= 3291066))
	  ->  Bitmap Index Scan on sbtest4_pkey  (cost=0.00..196.04 rows=9160 width=0)
	        Index Cond: ((id >= 3281067) AND (id <= 3291066))

table 5 : explain SELECT c FROM sbtest5 WHERE id BETWEEN 9948232 AND 9958231
	Bitmap Heap Scan on sbtest5  (cost=199.54..32138.83 rows=9279 width=121)
	  Recheck Cond: ((id >= 9948232) AND (id <= 9958231))
	  ->  Bitmap Index Scan on sbtest5_pkey  (cost=0.00..197.23 rows=9279 width=0)
	        Index Cond: ((id >= 9948232) AND (id <= 9958231))

table 6 : explain SELECT c FROM sbtest6 WHERE id BETWEEN 4480844 AND 4490843
	Bitmap Heap Scan on sbtest6  (cost=200.43..32379.12 rows=9365 width=121)
	  Recheck Cond: ((id >= 4480844) AND (id <= 4490843))
	  ->  Bitmap Index Scan on sbtest6_pkey  (cost=0.00..198.09 rows=9365 width=0)
	        Index Cond: ((id >= 4480844) AND (id <= 4490843))

table 7 : explain SELECT c FROM sbtest7 WHERE id BETWEEN 2846895 AND 2856894
	Bitmap Heap Scan on sbtest7  (cost=215.91..34707.13 rows=10095 width=121)
	  Recheck Cond: ((id >= 2846895) AND (id <= 2856894))
	  ->  Bitmap Index Scan on sbtest7_pkey  (cost=0.00..213.38 rows=10095 width=0)
	        Index Cond: ((id >= 2846895) AND (id <= 2856894))

table 8 : explain SELECT c FROM sbtest8 WHERE id BETWEEN 9986632 AND 9996631
	Bitmap Heap Scan on sbtest8  (cost=214.80..34365.78 rows=9987 width=121)
	  Recheck Cond: ((id >= 9986632) AND (id <= 9996631))
	  ->  Bitmap Index Scan on sbtest8_pkey  (cost=0.00..212.31 rows=9987 width=0)
	        Index Cond: ((id >= 9986632) AND (id <= 9996631))

for point_selects
table 1 : explain SELECT c FROM sbtest1 WHERE id=854996
	Index Scan using sbtest1_pkey on sbtest1  (cost=0.43..8.45 rows=1 width=121)
	  Index Cond: (id = 854996)

table 2 : explain SELECT c FROM sbtest2 WHERE id=1385046
	Index Scan using sbtest2_pkey on sbtest2  (cost=0.43..8.45 rows=1 width=121)
	  Index Cond: (id = 1385046)

table 3 : explain SELECT c FROM sbtest3 WHERE id=6134584
	Index Scan using sbtest3_pkey on sbtest3  (cost=0.43..8.45 rows=1 width=121)
	  Index Cond: (id = 6134584)

table 4 : explain SELECT c FROM sbtest4 WHERE id=3871365
	Index Scan using sbtest4_pkey on sbtest4  (cost=0.43..8.45 rows=1 width=121)
	  Index Cond: (id = 3871365)

table 5 : explain SELECT c FROM sbtest5 WHERE id=2146633
	Index Scan using sbtest5_pkey on sbtest5  (cost=0.43..8.45 rows=1 width=121)
	  Index Cond: (id = 2146633)

table 6 : explain SELECT c FROM sbtest6 WHERE id=9050527
	Index Scan using sbtest6_pkey on sbtest6  (cost=0.43..8.45 rows=1 width=121)
	  Index Cond: (id = 9050527)

table 7 : explain SELECT c FROM sbtest7 WHERE id=5868107
	Index Scan using sbtest7_pkey on sbtest7  (cost=0.43..8.45 rows=1 width=121)
	  Index Cond: (id = 5868107)

table 8 : explain SELECT c FROM sbtest8 WHERE id=4579518
	Index Scan using sbtest8_pkey on sbtest8  (cost=0.43..8.45 rows=1 width=121)
	  Index Cond: (id = 4579518)

for: distinct_ranges
table 1 : explain SELECT DISTINCT c FROM sbtest1 WHERE id BETWEEN 8220968 AND 8230967 ORDER BY c
	Unique  (cost=32393.32..32439.22 rows=9180 width=121)
	  ->  Sort  (cost=32393.32..32416.27 rows=9180 width=121)
	        Sort Key: c
	        ->  Bitmap Heap Scan on sbtest1  (cost=198.53..31789.08 rows=9180 width=121)
	              Recheck Cond: ((id >= 8220968) AND (id <= 8230967))
	              ->  Bitmap Index Scan on sbtest1_pkey  (cost=0.00..196.24 rows=9180 width=0)
	                    Index Cond: ((id >= 8220968) AND (id <= 8230967))

table 2 : explain SELECT DISTINCT c FROM sbtest2 WHERE id BETWEEN 8816886 AND 8826885 ORDER BY c
	Unique  (cost=34956.97..35006.88 rows=9982 width=121)
	  ->  Sort  (cost=34956.97..34981.92 rows=9982 width=121)
	        Sort Key: c
	        ->  Bitmap Heap Scan on sbtest2  (cost=214.75..34293.91 rows=9982 width=121)
	              Recheck Cond: ((id >= 8816886) AND (id <= 8826885))
	              ->  Bitmap Index Scan on sbtest2_pkey  (cost=0.00..212.25 rows=9982 width=0)
	                    Index Cond: ((id >= 8816886) AND (id <= 8826885))

table 3 : explain SELECT DISTINCT c FROM sbtest3 WHERE id BETWEEN 6944906 AND 6954905 ORDER BY c
	Unique  (cost=34132.42..34181.04 rows=9723 width=121)
	  ->  Sort  (cost=34132.42..34156.73 rows=9723 width=121)
	        Sort Key: c
	        ->  Bitmap Heap Scan on sbtest3  (cost=208.10..33488.41 rows=9723 width=121)
	              Recheck Cond: ((id >= 6944906) AND (id <= 6954905))
	              ->  Bitmap Index Scan on sbtest3_pkey  (cost=0.00..205.67 rows=9723 width=0)
	                    Index Cond: ((id >= 6944906) AND (id <= 6954905))

table 4 : explain SELECT DISTINCT c FROM sbtest4 WHERE id BETWEEN 3500701 AND 3510700 ORDER BY c
	Unique  (cost=30652.01..30695.24 rows=8646 width=121)
	  ->  Sort  (cost=30652.01..30673.63 rows=8646 width=121)
	        Sort Key: c
	        ->  Bitmap Heap Scan on sbtest4  (cost=185.06..30086.66 rows=8646 width=121)
	              Recheck Cond: ((id >= 3500701) AND (id <= 3510700))
	              ->  Bitmap Index Scan on sbtest4_pkey  (cost=0.00..182.90 rows=8646 width=0)
	                    Index Cond: ((id >= 3500701) AND (id <= 3510700))

table 5 : explain SELECT DISTINCT c FROM sbtest5 WHERE id BETWEEN 1619275 AND 1629274 ORDER BY c
	Unique  (cost=35924.32..35975.66 rows=10268 width=121)
	  ->  Sort  (cost=35924.32..35949.99 rows=10268 width=121)
	        Sort Key: c
	        ->  Bitmap Heap Scan on sbtest5  (cost=221.68..35240.17 rows=10268 width=121)
	              Recheck Cond: ((id >= 1619275) AND (id <= 1629274))
	              ->  Bitmap Index Scan on sbtest5_pkey  (cost=0.00..219.12 rows=10268 width=0)
	                    Index Cond: ((id >= 1619275) AND (id <= 1629274))

table 6 : explain SELECT DISTINCT c FROM sbtest6 WHERE id BETWEEN 7647439 AND 7657438 ORDER BY c
	Unique  (cost=34200.70..34249.40 rows=9740 width=121)
	  ->  Sort  (cost=34200.70..34225.05 rows=9740 width=121)
	        Sort Key: c
	        ->  Bitmap Heap Scan on sbtest6  (cost=208.27..33555.44 rows=9740 width=121)
	              Recheck Cond: ((id >= 7647439) AND (id <= 7657438))
	              ->  Bitmap Index Scan on sbtest6_pkey  (cost=0.00..205.84 rows=9740 width=0)
	                    Index Cond: ((id >= 7647439) AND (id <= 7657438))

table 7 : explain SELECT DISTINCT c FROM sbtest7 WHERE id BETWEEN 8180020 AND 8190019 ORDER BY c
	Unique  (cost=35075.77..35125.77 rows=10000 width=121)
	  ->  Sort  (cost=35075.77..35100.77 rows=10000 width=121)
	        Sort Key: c
	        ->  Bitmap Heap Scan on sbtest7  (cost=214.94..34411.38 rows=10000 width=121)
	              Recheck Cond: ((id >= 8180020) AND (id <= 8190019))
	              ->  Bitmap Index Scan on sbtest7_pkey  (cost=0.00..212.44 rows=10000 width=0)
	                    Index Cond: ((id >= 8180020) AND (id <= 8190019))

table 8 : explain SELECT DISTINCT c FROM sbtest8 WHERE id BETWEEN 533549 AND 543548 ORDER BY c
	Unique  (cost=35243.84..35294.11 rows=10053 width=121)
	  ->  Sort  (cost=35243.84..35268.97 rows=10053 width=121)
	        Sort Key: c
	        ->  Bitmap Heap Scan on sbtest8  (cost=219.48..34575.55 rows=10053 width=121)
	              Recheck Cond: ((id >= 533549) AND (id <= 543548))
	              ->  Bitmap Index Scan on sbtest8_pkey  (cost=0.00..216.97 rows=10053 width=0)
	                    Index Cond: ((id >= 533549) AND (id <= 543548))

for: simple_ranges
table 1 : explain SELECT c FROM sbtest1 WHERE id BETWEEN 3383195 AND 3393194
	Bitmap Heap Scan on sbtest1  (cost=208.42..33593.27 rows=9755 width=121)
	  Recheck Cond: ((id >= 3383195) AND (id <= 3393194))
	  ->  Bitmap Index Scan on sbtest1_pkey  (cost=0.00..205.99 rows=9755 width=0)
	        Index Cond: ((id >= 3383195) AND (id <= 3393194))

table 2 : explain SELECT c FROM sbtest2 WHERE id BETWEEN 8516058 AND 8526057
	Bitmap Heap Scan on sbtest2  (cost=216.61..34855.00 rows=10163 width=121)
	  Recheck Cond: ((id >= 8516058) AND (id <= 8526057))
	  ->  Bitmap Index Scan on sbtest2_pkey  (cost=0.00..214.06 rows=10163 width=0)
	        Index Cond: ((id >= 8516058) AND (id <= 8526057))

table 3 : explain SELECT c FROM sbtest3 WHERE id BETWEEN 3055112 AND 3065111
	Bitmap Heap Scan on sbtest3  (cost=237.01..37393.49 rows=10983 width=121)
	  Recheck Cond: ((id >= 3055112) AND (id <= 3065111))
	  ->  Bitmap Index Scan on sbtest3_pkey  (cost=0.00..234.26 rows=10983 width=0)
	        Index Cond: ((id >= 3055112) AND (id <= 3065111))

table 4 : explain SELECT c FROM sbtest4 WHERE id BETWEEN 3288792 AND 3298791
	Bitmap Heap Scan on sbtest4  (cost=191.28..30778.72 rows=8863 width=121)
	  Recheck Cond: ((id >= 3288792) AND (id <= 3298791))
	  ->  Bitmap Index Scan on sbtest4_pkey  (cost=0.00..189.06 rows=8863 width=0)
	        Index Cond: ((id >= 3288792) AND (id <= 3298791))

table 5 : explain SELECT c FROM sbtest5 WHERE id BETWEEN 9928977 AND 9938976
	Bitmap Heap Scan on sbtest5  (cost=199.54..32138.83 rows=9279 width=121)
	  Recheck Cond: ((id >= 9928977) AND (id <= 9938976))
	  ->  Bitmap Index Scan on sbtest5_pkey  (cost=0.00..197.23 rows=9279 width=0)
	        Index Cond: ((id >= 9928977) AND (id <= 9938976))

table 6 : explain SELECT c FROM sbtest6 WHERE id BETWEEN 454054 AND 464053
	Bitmap Heap Scan on sbtest6  (cost=224.05..35917.15 rows=10499 width=121)
	  Recheck Cond: ((id >= 454054) AND (id <= 464053))
	  ->  Bitmap Index Scan on sbtest6_pkey  (cost=0.00..221.43 rows=10499 width=0)
	        Index Cond: ((id >= 454054) AND (id <= 464053))

table 7 : explain SELECT c FROM sbtest7 WHERE id BETWEEN 7770585 AND 7780584
	Bitmap Heap Scan on sbtest7  (cost=214.25..34202.22 rows=9933 width=121)
	  Recheck Cond: ((id >= 7770585) AND (id <= 7780584))
	  ->  Bitmap Index Scan on sbtest7_pkey  (cost=0.00..211.76 rows=9933 width=0)
	        Index Cond: ((id >= 7770585) AND (id <= 7780584))

table 8 : explain SELECT c FROM sbtest8 WHERE id BETWEEN 5794512 AND 5804511
	Bitmap Heap Scan on sbtest8  (cost=211.93..33492.57 rows=9707 width=121)
	  Recheck Cond: ((id >= 5794512) AND (id <= 5804511))
	  ->  Bitmap Index Scan on sbtest8_pkey  (cost=0.00..209.50 rows=9707 width=0)
	        Index Cond: ((id >= 5794512) AND (id <= 5804511))

for: distinct_ranges
table 1 : explain SELECT DISTINCT c FROM sbtest1 WHERE id BETWEEN 6022600 AND 6032599 ORDER BY c
	Unique  (cost=36835.65..36888.51 rows=10571 width=121)
	  ->  Sort  (cost=36835.65..36862.08 rows=10571 width=121)
	        Sort Key: c
	        ->  Bitmap Heap Scan on sbtest1  (cost=224.79..36129.10 rows=10571 width=121)
	              Recheck Cond: ((id >= 6022600) AND (id <= 6032599))
	              ->  Bitmap Index Scan on sbtest1_pkey  (cost=0.00..222.15 rows=10571 width=0)
	                    Index Cond: ((id >= 6022600) AND (id <= 6032599))

table 2 : explain SELECT DISTINCT c FROM sbtest2 WHERE id BETWEEN 5850434 AND 5860433 ORDER BY c
	Unique  (cost=34268.60..34317.43 rows=9767 width=121)
	  ->  Sort  (cost=34268.60..34293.02 rows=9767 width=121)
	        Sort Key: c
	        ->  Bitmap Heap Scan on sbtest2  (cost=208.55..33621.35 rows=9767 width=121)
	              Recheck Cond: ((id >= 5850434) AND (id <= 5860433))
	              ->  Bitmap Index Scan on sbtest2_pkey  (cost=0.00..206.11 rows=9767 width=0)
	                    Index Cond: ((id >= 5850434) AND (id <= 5860433))

table 3 : explain SELECT DISTINCT c FROM sbtest3 WHERE id BETWEEN 653652 AND 663651 ORDER BY c
	Unique  (cost=32607.63..32653.87 rows=9248 width=121)
	  ->  Sort  (cost=32607.63..32630.75 rows=9248 width=121)
	        Sort Key: c
	        ->  Bitmap Heap Scan on sbtest3  (cost=199.23..31998.42 rows=9248 width=121)
	              Recheck Cond: ((id >= 653652) AND (id <= 663651))
	              ->  Bitmap Index Scan on sbtest3_pkey  (cost=0.00..196.92 rows=9248 width=0)
	                    Index Cond: ((id >= 653652) AND (id <= 663651))

table 4 : explain SELECT DISTINCT c FROM sbtest4 WHERE id BETWEEN 5528035 AND 5538034 ORDER BY c
	Unique  (cost=32795.67..32842.20 rows=9307 width=121)
	  ->  Sort  (cost=32795.67..32818.94 rows=9307 width=121)
	        Sort Key: c
	        ->  Bitmap Heap Scan on sbtest4  (cost=199.83..32182.15 rows=9307 width=121)
	              Recheck Cond: ((id >= 5528035) AND (id <= 5538034))
	              ->  Bitmap Index Scan on sbtest4_pkey  (cost=0.00..197.50 rows=9307 width=0)
	                    Index Cond: ((id >= 5528035) AND (id <= 5538034))

table 5 : explain SELECT DISTINCT c FROM sbtest5 WHERE id BETWEEN 1609685 AND 1619684 ORDER BY c
	Unique  (cost=35924.32..35975.66 rows=10268 width=121)
	  ->  Sort  (cost=35924.32..35949.99 rows=10268 width=121)
	        Sort Key: c
	        ->  Bitmap Heap Scan on sbtest5  (cost=221.68..35240.17 rows=10268 width=121)
	              Recheck Cond: ((id >= 1609685) AND (id <= 1619684))
	              ->  Bitmap Index Scan on sbtest5_pkey  (cost=0.00..219.12 rows=10268 width=0)
	                    Index Cond: ((id >= 1609685) AND (id <= 1619684))

table 6 : explain SELECT DISTINCT c FROM sbtest6 WHERE id BETWEEN 6211899 AND 6221898 ORDER BY c
	Unique  (cost=36779.24..36831.98 rows=10549 width=121)
	  ->  Sort  (cost=36779.24..36805.61 rows=10549 width=121)
	        Sort Key: c
	        ->  Bitmap Heap Scan on sbtest6  (cost=228.56..36074.31 rows=10549 width=121)
	              Recheck Cond: ((id >= 6211899) AND (id <= 6221898))
	              ->  Bitmap Index Scan on sbtest6_pkey  (cost=0.00..225.93 rows=10549 width=0)
	                    Index Cond: ((id >= 6211899) AND (id <= 6221898))

table 7 : explain SELECT DISTINCT c FROM sbtest7 WHERE id BETWEEN 5956865 AND 5966864 ORDER BY c
	Unique  (cost=37163.42..37216.70 rows=10656 width=121)
	  ->  Sort  (cost=37163.42..37190.06 rows=10656 width=121)
	        Sort Key: c
	        ->  Bitmap Heap Scan on sbtest7  (cost=229.66..36450.56 rows=10656 width=121)
	              Recheck Cond: ((id >= 5956865) AND (id <= 5966864))
	              ->  Bitmap Index Scan on sbtest7_pkey  (cost=0.00..227.00 rows=10656 width=0)
	                    Index Cond: ((id >= 5956865) AND (id <= 5966864))

table 8 : explain SELECT DISTINCT c FROM sbtest8 WHERE id BETWEEN 6548963 AND 6558962 ORDER BY c
	Unique  (cost=34264.19..34312.92 rows=9747 width=121)
	  ->  Sort  (cost=34264.19..34288.55 rows=9747 width=121)
	        Sort Key: c
	        ->  Bitmap Heap Scan on sbtest8  (cost=212.34..33618.41 rows=9747 width=121)
	              Recheck Cond: ((id >= 6548963) AND (id <= 6558962))
	              ->  Bitmap Index Scan on sbtest8_pkey  (cost=0.00..209.91 rows=9747 width=0)
	                    Index Cond: ((id >= 6548963) AND (id <= 6558962))

for: simple_ranges
table 1 : explain SELECT c FROM sbtest1 WHERE id BETWEEN 5330096 AND 5340095
	Bitmap Heap Scan on sbtest1  (cost=222.85..35545.07 rows=10382 width=121)
	  Recheck Cond: ((id >= 5330096) AND (id <= 5340095))
	  ->  Bitmap Index Scan on sbtest1_pkey  (cost=0.00..220.25 rows=10382 width=0)
	        Index Cond: ((id >= 5330096) AND (id <= 5340095))

table 2 : explain SELECT c FROM sbtest2 WHERE id BETWEEN 1200122 AND 1210121
	Bitmap Heap Scan on sbtest2  (cost=207.68..33357.28 rows=9682 width=121)
	  Recheck Cond: ((id >= 1200122) AND (id <= 1210121))
	  ->  Bitmap Index Scan on sbtest2_pkey  (cost=0.00..205.25 rows=9682 width=0)
	        Index Cond: ((id >= 1200122) AND (id <= 1210121))

table 3 : explain SELECT c FROM sbtest3 WHERE id BETWEEN 2181550 AND 2191549
	Bitmap Heap Scan on sbtest3  (cost=214.19..34126.08 rows=9927 width=121)
	  Recheck Cond: ((id >= 2181550) AND (id <= 2191549))
	  ->  Bitmap Index Scan on sbtest3_pkey  (cost=0.00..211.70 rows=9927 width=0)
	        Index Cond: ((id >= 2181550) AND (id <= 2191549))

table 4 : explain SELECT c FROM sbtest4 WHERE id BETWEEN 886998 AND 896997
	Bitmap Heap Scan on sbtest4  (cost=229.79..36425.73 rows=10669 width=121)
	  Recheck Cond: ((id >= 886998) AND (id <= 896997))
	  ->  Bitmap Index Scan on sbtest4_pkey  (cost=0.00..227.12 rows=10669 width=0)
	        Index Cond: ((id >= 886998) AND (id <= 896997))

table 5 : explain SELECT c FROM sbtest5 WHERE id BETWEEN 407165 AND 417164
	Bitmap Heap Scan on sbtest5  (cost=208.16..33553.57 rows=9729 width=121)
	  Recheck Cond: ((id >= 407165) AND (id <= 417164))
	  ->  Bitmap Index Scan on sbtest5_pkey  (cost=0.00..205.73 rows=9729 width=0)
	        Index Cond: ((id >= 407165) AND (id <= 417164))

table 6 : explain SELECT c FROM sbtest6 WHERE id BETWEEN 1481707 AND 1491706
	Bitmap Heap Scan on sbtest6  (cost=215.10..34418.19 rows=10016 width=121)
	  Recheck Cond: ((id >= 1481707) AND (id <= 1491706))
	  ->  Bitmap Index Scan on sbtest6_pkey  (cost=0.00..212.59 rows=10016 width=0)
	        Index Cond: ((id >= 1481707) AND (id <= 1491706))

table 7 : explain SELECT c FROM sbtest7 WHERE id BETWEEN 5363391 AND 5373390
	Bitmap Heap Scan on sbtest7  (cost=199.01..31982.46 rows=9227 width=121)
	  Recheck Cond: ((id >= 5363391) AND (id <= 5373390))
	  ->  Bitmap Index Scan on sbtest7_pkey  (cost=0.00..196.70 rows=9227 width=0)
	        Index Cond: ((id >= 5363391) AND (id <= 5373390))

table 8 : explain SELECT c FROM sbtest8 WHERE id BETWEEN 2324787 AND 2334786
	Bitmap Heap Scan on sbtest8  (cost=219.72..34649.47 rows=10077 width=121)
	  Recheck Cond: ((id >= 2324787) AND (id <= 2334786))
	  ->  Bitmap Index Scan on sbtest8_pkey  (cost=0.00..217.20 rows=10077 width=0)
	        Index Cond: ((id >= 2324787) AND (id <= 2334786))

for: sum_ranges
table 1 : explain SELECT SUM(k) FROM sbtest1 WHERE id BETWEEN 3862242 AND 3872241
	Aggregate  (cost=36602.59..36602.60 rows=1 width=8)
	  ->  Bitmap Heap Scan on sbtest1  (cost=230.26..36575.80 rows=10715 width=4)
	        Recheck Cond: ((id >= 3862242) AND (id <= 3872241))
	        ->  Bitmap Index Scan on sbtest1_pkey  (cost=0.00..227.59 rows=10715 width=0)
	              Index Cond: ((id >= 3862242) AND (id <= 3872241))

table 2 : explain SELECT SUM(k) FROM sbtest2 WHERE id BETWEEN 2218503 AND 2228502
	Aggregate  (cost=31502.60..31502.61 rows=1 width=8)
	  ->  Bitmap Heap Scan on sbtest2  (cost=193.57..31479.88 rows=9086 width=4)
	        Recheck Cond: ((id >= 2218503) AND (id <= 2228502))
	        ->  Bitmap Index Scan on sbtest2_pkey  (cost=0.00..191.30 rows=9086 width=0)
	              Index Cond: ((id >= 2218503) AND (id <= 2228502))

table 3 : explain SELECT SUM(k) FROM sbtest3 WHERE id BETWEEN 5792351 AND 5802350
	Aggregate  (cost=35165.58..35165.59 rows=1 width=8)
	  ->  Bitmap Heap Scan on sbtest3  (cost=221.53..35139.95 rows=10253 width=4)
	        Recheck Cond: ((id >= 5792351) AND (id <= 5802350))
	        ->  Bitmap Index Scan on sbtest3_pkey  (cost=0.00..218.97 rows=10253 width=0)
	              Index Cond: ((id >= 5792351) AND (id <= 5802350))

table 4 : explain SELECT SUM(k) FROM sbtest4 WHERE id BETWEEN 1359557 AND 1369556
	Aggregate  (cost=31315.25..31315.26 rows=1 width=8)
	  ->  Bitmap Heap Scan on sbtest4  (cost=192.95..31292.68 rows=9026 width=4)
	        Recheck Cond: ((id >= 1359557) AND (id <= 1369556))
	        ->  Bitmap Index Scan on sbtest4_pkey  (cost=0.00..190.69 rows=9026 width=0)
	              Index Cond: ((id >= 1359557) AND (id <= 1369556))

table 5 : explain SELECT SUM(k) FROM sbtest5 WHERE id BETWEEN 795260 AND 805259
	Aggregate  (cost=38956.08..38956.09 rows=1 width=8)
	  ->  Bitmap Heap Scan on sbtest5  (cost=245.95..38927.42 rows=11465 width=4)
	        Recheck Cond: ((id >= 795260) AND (id <= 805259))
	        ->  Bitmap Index Scan on sbtest5_pkey  (cost=0.00..243.09 rows=11465 width=0)
	              Index Cond: ((id >= 795260) AND (id <= 805259))

table 6 : explain SELECT SUM(k) FROM sbtest6 WHERE id BETWEEN 5581518 AND 5591517
	Aggregate  (cost=34716.22..34716.23 rows=1 width=8)
	  ->  Bitmap Heap Scan on sbtest6  (cost=216.00..34690.96 rows=10104 width=4)
	        Recheck Cond: ((id >= 5581518) AND (id <= 5591517))
	        ->  Bitmap Index Scan on sbtest6_pkey  (cost=0.00..213.48 rows=10104 width=0)
	              Index Cond: ((id >= 5581518) AND (id <= 5591517))

table 7 : explain SELECT SUM(k) FROM sbtest7 WHERE id BETWEEN 999235 AND 1009234
	Aggregate  (cost=28483.92..28483.93 rows=1 width=8)
	  ->  Bitmap Heap Scan on sbtest7  (cost=175.72..28463.61 rows=8125 width=4)
	        Recheck Cond: ((id >= 999235) AND (id <= 1009234))
	        ->  Bitmap Index Scan on sbtest7_pkey  (cost=0.00..173.69 rows=8125 width=0)
	              Index Cond: ((id >= 999235) AND (id <= 1009234))

table 8 : explain SELECT SUM(k) FROM sbtest8 WHERE id BETWEEN 4439193 AND 4449192
	Aggregate  (cost=32171.11..32171.12 rows=1 width=8)
	  ->  Bitmap Heap Scan on sbtest8  (cost=199.57..32147.91 rows=9281 width=4)
	        Recheck Cond: ((id >= 4439193) AND (id <= 4449192))
	        ->  Bitmap Index Scan on sbtest8_pkey  (cost=0.00..197.25 rows=9281 width=0)
	              Index Cond: ((id >= 4439193) AND (id <= 4449192))

for: order_ranges
table 1 : explain SELECT c FROM sbtest1 WHERE id BETWEEN 9713367 AND 9723366 ORDER BY c
	Sort  (cost=32821.14..32844.42 rows=9313 width=121)
	  Sort Key: c
	  ->  Bitmap Heap Scan on sbtest1  (cost=199.89..32207.18 rows=9313 width=121)
	        Recheck Cond: ((id >= 9713367) AND (id <= 9723366))
	        ->  Bitmap Index Scan on sbtest1_pkey  (cost=0.00..197.56 rows=9313 width=0)
	              Index Cond: ((id >= 9713367) AND (id <= 9723366))

table 2 : explain SELECT c FROM sbtest2 WHERE id BETWEEN 2806419 AND 2816418 ORDER BY c
	Sort  (cost=31648.38..31670.76 rows=8953 width=121)
	  Sort Key: c
	  ->  Bitmap Heap Scan on sbtest2  (cost=192.20..31060.69 rows=8953 width=121)
	        Recheck Cond: ((id >= 2806419) AND (id <= 2816418))
	        ->  Bitmap Index Scan on sbtest2_pkey  (cost=0.00..189.97 rows=8953 width=0)
	              Index Cond: ((id >= 2806419) AND (id <= 2816418))

table 3 : explain SELECT c FROM sbtest3 WHERE id BETWEEN 5452069 AND 5462068 ORDER BY c
	Sort  (cost=33931.26..33955.41 rows=9660 width=121)
	  Sort Key: c
	  ->  Bitmap Heap Scan on sbtest3  (cost=207.45..33291.87 rows=9660 width=121)
	        Recheck Cond: ((id >= 5452069) AND (id <= 5462068))
	        ->  Bitmap Index Scan on sbtest3_pkey  (cost=0.00..205.04 rows=9660 width=0)
	              Index Cond: ((id >= 5452069) AND (id <= 5462068))

table 4 : explain SELECT c FROM sbtest4 WHERE id BETWEEN 9699676 AND 9709675 ORDER BY c
	Sort  (cost=34437.84..34462.39 rows=9819 width=121)
	  Sort Key: c
	  ->  Bitmap Heap Scan on sbtest4  (cost=209.08..33786.77 rows=9819 width=121)
	        Recheck Cond: ((id >= 9699676) AND (id <= 9709675))
	        ->  Bitmap Index Scan on sbtest4_pkey  (cost=0.00..206.62 rows=9819 width=0)
	              Index Cond: ((id >= 9699676) AND (id <= 9709675))

table 5 : explain SELECT c FROM sbtest5 WHERE id BETWEEN 9944643 AND 9954642 ORDER BY c
	Sort  (cost=32750.30..32773.50 rows=9279 width=121)
	  Sort Key: c
	  ->  Bitmap Heap Scan on sbtest5  (cost=199.54..32138.83 rows=9279 width=121)
	        Recheck Cond: ((id >= 9944643) AND (id <= 9954642))
	        ->  Bitmap Index Scan on sbtest5_pkey  (cost=0.00..197.23 rows=9279 width=0)
	              Index Cond: ((id >= 9944643) AND (id <= 9954642))

table 6 : explain SELECT c FROM sbtest6 WHERE id BETWEEN 122388 AND 132387 ORDER BY c
	Sort  (cost=36772.71..36799.08 rows=10547 width=121)
	  Sort Key: c
	  ->  Bitmap Heap Scan on sbtest6  (cost=228.54..36067.93 rows=10547 width=121)
	        Recheck Cond: ((id >= 122388) AND (id <= 132387))
	        ->  Bitmap Index Scan on sbtest6_pkey  (cost=0.00..225.91 rows=10547 width=0)
	              Index Cond: ((id >= 122388) AND (id <= 132387))

table 7 : explain SELECT c FROM sbtest7 WHERE id BETWEEN 9452528 AND 9462527 ORDER BY c
	Sort  (cost=35174.53..35199.61 rows=10031 width=121)
	  Sort Key: c
	  ->  Bitmap Heap Scan on sbtest7  (cost=215.25..34507.86 rows=10031 width=121)
	        Recheck Cond: ((id >= 9452528) AND (id <= 9462527))
	        ->  Bitmap Index Scan on sbtest7_pkey  (cost=0.00..212.75 rows=10031 width=0)
	              Index Cond: ((id >= 9452528) AND (id <= 9462527))

table 8 : explain SELECT c FROM sbtest8 WHERE id BETWEEN 9374555 AND 9384554 ORDER BY c
	Sort  (cost=35566.15..35591.54 rows=10155 width=121)
	  Sort Key: c
	  ->  Bitmap Heap Scan on sbtest8  (cost=220.52..34890.34 rows=10155 width=121)
	        Recheck Cond: ((id >= 9374555) AND (id <= 9384554))
	        ->  Bitmap Index Scan on sbtest8_pkey  (cost=0.00..217.99 rows=10155 width=0)
	              Index Cond: ((id >= 9374555) AND (id <= 9384554))

for: sum_ranges
table 1 : explain SELECT SUM(k) FROM sbtest1 WHERE id BETWEEN 6880784 AND 6890783
	Aggregate  (cost=35481.48..35481.49 rows=1 width=8)
	  ->  Bitmap Heap Scan on sbtest1  (cost=222.55..35455.59 rows=10353 width=4)
	        Recheck Cond: ((id >= 6880784) AND (id <= 6890783))
	        ->  Bitmap Index Scan on sbtest1_pkey  (cost=0.00..219.97 rows=10353 width=0)
	              Index Cond: ((id >= 6880784) AND (id <= 6890783))

table 2 : explain SELECT SUM(k) FROM sbtest2 WHERE id BETWEEN 3547580 AND 3557579
	Aggregate  (cost=34296.35..34296.36 rows=1 width=8)
	  ->  Bitmap Heap Scan on sbtest2  (cost=214.67..34271.42 rows=9974 width=4)
	        Recheck Cond: ((id >= 3547580) AND (id <= 3557579))
	        ->  Bitmap Index Scan on sbtest2_pkey  (cost=0.00..212.18 rows=9974 width=0)
	              Index Cond: ((id >= 3547580) AND (id <= 3557579))

table 3 : explain SELECT SUM(k) FROM sbtest3 WHERE id BETWEEN 351416 AND 361415
	Aggregate  (cost=32455.71..32455.72 rows=1 width=8)
	  ->  Bitmap Heap Scan on sbtest3  (cost=200.65..32432.25 rows=9387 width=4)
	        Recheck Cond: ((id >= 351416) AND (id <= 361415))
	        ->  Bitmap Index Scan on sbtest3_pkey  (cost=0.00..198.31 rows=9387 width=0)
	              Index Cond: ((id >= 351416) AND (id <= 361415))

table 4 : explain SELECT SUM(k) FROM sbtest4 WHERE id BETWEEN 8761898 AND 8771897
	Aggregate  (cost=34666.95..34666.96 rows=1 width=8)
	  ->  Bitmap Heap Scan on sbtest4  (cost=215.89..34641.71 rows=10093 width=4)
	        Recheck Cond: ((id >= 8761898) AND (id <= 8771897))
	        ->  Bitmap Index Scan on sbtest4_pkey  (cost=0.00..213.37 rows=10093 width=0)
	              Index Cond: ((id >= 8761898) AND (id <= 8771897))

table 5 : explain SELECT SUM(k) FROM sbtest5 WHERE id BETWEEN 1769548 AND 1779547
	Aggregate  (cost=36034.52..36034.53 rows=1 width=8)
	  ->  Bitmap Heap Scan on sbtest5  (cost=224.23..36008.23 rows=10517 width=4)
	        Recheck Cond: ((id >= 1769548) AND (id <= 1779547))
	        ->  Bitmap Index Scan on sbtest5_pkey  (cost=0.00..221.61 rows=10517 width=0)
	              Index Cond: ((id >= 1769548) AND (id <= 1779547))

table 6 : explain SELECT SUM(k) FROM sbtest6 WHERE id BETWEEN 3231229 AND 3241228
	Aggregate  (cost=34359.67..34359.68 rows=1 width=8)
	  ->  Bitmap Heap Scan on sbtest6  (cost=214.82..34334.70 rows=9989 width=4)
	        Recheck Cond: ((id >= 3231229) AND (id <= 3241228))
	        ->  Bitmap Index Scan on sbtest6_pkey  (cost=0.00..212.32 rows=9989 width=0)
	              Index Cond: ((id >= 3231229) AND (id <= 3241228))

table 7 : explain SELECT SUM(k) FROM sbtest7 WHERE id BETWEEN 4682345 AND 4692344
	Aggregate  (cost=35022.39..35022.40 rows=1 width=8)
	  ->  Bitmap Heap Scan on sbtest7  (cost=220.85..34996.92 rows=10187 width=4)
	        Recheck Cond: ((id >= 4682345) AND (id <= 4692344))
	        ->  Bitmap Index Scan on sbtest7_pkey  (cost=0.00..218.31 rows=10187 width=0)
	              Index Cond: ((id >= 4682345) AND (id <= 4692344))

table 8 : explain SELECT SUM(k) FROM sbtest8 WHERE id BETWEEN 4895835 AND 4905834
	Aggregate  (cost=32665.05..32665.06 rows=1 width=8)
	  ->  Bitmap Heap Scan on sbtest8  (cost=205.16..32641.45 rows=9437 width=4)
	        Recheck Cond: ((id >= 4895835) AND (id <= 4905834))
	        ->  Bitmap Index Scan on sbtest8_pkey  (cost=0.00..202.81 rows=9437 width=0)
	              Index Cond: ((id >= 4895835) AND (id <= 4905834))

for: simple_ranges
table 1 : explain SELECT c FROM sbtest1 WHERE id BETWEEN 3272208 AND 3282207
	Bitmap Heap Scan on sbtest1  (cost=206.53..33016.19 rows=9570 width=121)
	  Recheck Cond: ((id >= 3272208) AND (id <= 3282207))
	  ->  Bitmap Index Scan on sbtest1_pkey  (cost=0.00..204.13 rows=9570 width=0)
	        Index Cond: ((id >= 3272208) AND (id <= 3282207))

table 2 : explain SELECT c FROM sbtest2 WHERE id BETWEEN 772986 AND 782985
	Bitmap Heap Scan on sbtest2  (cost=229.38..36303.22 rows=10629 width=121)
	  Recheck Cond: ((id >= 772986) AND (id <= 782985))
	  ->  Bitmap Index Scan on sbtest2_pkey  (cost=0.00..226.73 rows=10629 width=0)
	        Index Cond: ((id >= 772986) AND (id <= 782985))

table 3 : explain SELECT c FROM sbtest3 WHERE id BETWEEN 7518770 AND 7528769
	Bitmap Heap Scan on sbtest3  (cost=223.07..35603.44 rows=10403 width=121)
	  Recheck Cond: ((id >= 7518770) AND (id <= 7528769))
	  ->  Bitmap Index Scan on sbtest3_pkey  (cost=0.00..220.47 rows=10403 width=0)
	        Index Cond: ((id >= 7518770) AND (id <= 7528769))

table 4 : explain SELECT c FROM sbtest4 WHERE id BETWEEN 4211488 AND 4221487
	Bitmap Heap Scan on sbtest4  (cost=231.29..36874.13 rows=10815 width=121)
	  Recheck Cond: ((id >= 4211488) AND (id <= 4221487))
	  ->  Bitmap Index Scan on sbtest4_pkey  (cost=0.00..228.59 rows=10815 width=0)
	        Index Cond: ((id >= 4211488) AND (id <= 4221487))

table 5 : explain SELECT c FROM sbtest5 WHERE id BETWEEN 4323997 AND 4333996
	Bitmap Heap Scan on sbtest5  (cost=206.93..33179.01 rows=9609 width=121)
	  Recheck Cond: ((id >= 4323997) AND (id <= 4333996))
	  ->  Bitmap Index Scan on sbtest5_pkey  (cost=0.00..204.53 rows=9609 width=0)
	        Index Cond: ((id >= 4323997) AND (id <= 4333996))

table 6 : explain SELECT c FROM sbtest6 WHERE id BETWEEN 7294673 AND 7304672
	Bitmap Heap Scan on sbtest6  (cost=206.11..32897.29 rows=9529 width=121)
	  Recheck Cond: ((id >= 7294673) AND (id <= 7304672))
	  ->  Bitmap Index Scan on sbtest6_pkey  (cost=0.00..203.73 rows=9529 width=0)
	        Index Cond: ((id >= 7294673) AND (id <= 7304672))

table 7 : explain SELECT c FROM sbtest7 WHERE id BETWEEN 4168188 AND 4178187
	Bitmap Heap Scan on sbtest7  (cost=205.48..32742.11 rows=9468 width=121)
	  Recheck Cond: ((id >= 4168188) AND (id <= 4178187))
	  ->  Bitmap Index Scan on sbtest7_pkey  (cost=0.00..203.12 rows=9468 width=0)
	        Index Cond: ((id >= 4168188) AND (id <= 4178187))

table 8 : explain SELECT c FROM sbtest8 WHERE id BETWEEN 4466257 AND 4476256
	Bitmap Heap Scan on sbtest8  (cost=199.57..32147.91 rows=9281 width=121)
	  Recheck Cond: ((id >= 4466257) AND (id <= 4476256))
	  ->  Bitmap Index Scan on sbtest8_pkey  (cost=0.00..197.25 rows=9281 width=0)
	        Index Cond: ((id >= 4466257) AND (id <= 4476256))

for: simple_ranges
table 1 : explain SELECT c FROM sbtest1 WHERE id BETWEEN 2182898 AND 2192897
	Bitmap Heap Scan on sbtest1  (cost=192.42..31135.46 rows=8974 width=121)
	  Recheck Cond: ((id >= 2182898) AND (id <= 2192897))
	  ->  Bitmap Index Scan on sbtest1_pkey  (cost=0.00..190.18 rows=8974 width=0)
	        Index Cond: ((id >= 2182898) AND (id <= 2192897))

table 2 : explain SELECT c FROM sbtest2 WHERE id BETWEEN 5543726 AND 5553725
	Bitmap Heap Scan on sbtest2  (cost=200.45..32368.61 rows=9367 width=121)
	  Recheck Cond: ((id >= 5543726) AND (id <= 5553725))
	  ->  Bitmap Index Scan on sbtest2_pkey  (cost=0.00..198.11 rows=9367 width=0)
	        Index Cond: ((id >= 5543726) AND (id <= 5553725))

table 3 : explain SELECT c FROM sbtest3 WHERE id BETWEEN 1030309 AND 1040308
	Bitmap Heap Scan on sbtest3  (cost=228.82..36136.98 rows=10574 width=121)
	  Recheck Cond: ((id >= 1030309) AND (id <= 1040308))
	  ->  Bitmap Index Scan on sbtest3_pkey  (cost=0.00..226.18 rows=10574 width=0)
	        Index Cond: ((id >= 1030309) AND (id <= 1040308))

table 4 : explain SELECT c FROM sbtest4 WHERE id BETWEEN 3818848 AND 3828847
	Bitmap Heap Scan on sbtest4  (cost=223.61..35768.35 rows=10456 width=121)
	  Recheck Cond: ((id >= 3818848) AND (id <= 3828847))
	  ->  Bitmap Index Scan on sbtest4_pkey  (cost=0.00..221.00 rows=10456 width=0)
	        Index Cond: ((id >= 3818848) AND (id <= 3828847))

table 5 : explain SELECT c FROM sbtest5 WHERE id BETWEEN 9340533 AND 9350532
	Bitmap Heap Scan on sbtest5  (cost=214.55..34285.69 rows=9962 width=121)
	  Recheck Cond: ((id >= 9340533) AND (id <= 9350532))
	  ->  Bitmap Index Scan on sbtest5_pkey  (cost=0.00..212.06 rows=9962 width=0)
	        Index Cond: ((id >= 9340533) AND (id <= 9350532))

table 6 : explain SELECT c FROM sbtest6 WHERE id BETWEEN 3885339 AND 3895338
	Bitmap Heap Scan on sbtest6  (cost=215.63..34578.69 rows=10068 width=121)
	  Recheck Cond: ((id >= 3885339) AND (id <= 3895338))
	  ->  Bitmap Index Scan on sbtest6_pkey  (cost=0.00..213.12 rows=10068 width=0)
	        Index Cond: ((id >= 3885339) AND (id <= 3895338))

table 7 : explain SELECT c FROM sbtest7 WHERE id BETWEEN 5461770 AND 5471769
	Bitmap Heap Scan on sbtest7  (cost=222.43..35474.64 rows=10341 width=121)
	  Recheck Cond: ((id >= 5461770) AND (id <= 5471769))
	  ->  Bitmap Index Scan on sbtest7_pkey  (cost=0.00..219.84 rows=10341 width=0)
	        Index Cond: ((id >= 5461770) AND (id <= 5471769))

table 8 : explain SELECT c FROM sbtest8 WHERE id BETWEEN 7587390 AND 7597389
	Bitmap Heap Scan on sbtest8  (cost=199.18..32027.81 rows=9243 width=121)
	  Recheck Cond: ((id >= 7587390) AND (id <= 7597389))
	  ->  Bitmap Index Scan on sbtest8_pkey  (cost=0.00..196.87 rows=9243 width=0)
	        Index Cond: ((id >= 7587390) AND (id <= 7597389))

for: sum_ranges
table 1 : explain SELECT SUM(k) FROM sbtest1 WHERE id BETWEEN 1883928 AND 1893927
	Aggregate  (cost=36338.12..36338.13 rows=1 width=8)
	  ->  Bitmap Heap Scan on sbtest1  (cost=229.38..36311.55 rows=10629 width=4)
	        Recheck Cond: ((id >= 1883928) AND (id <= 1893927))
	        ->  Bitmap Index Scan on sbtest1_pkey  (cost=0.00..226.73 rows=10629 width=0)
	              Index Cond: ((id >= 1883928) AND (id <= 1893927))

table 2 : explain SELECT SUM(k) FROM sbtest2 WHERE id BETWEEN 2802489 AND 2812488
	Aggregate  (cost=31083.08..31083.09 rows=1 width=8)
	  ->  Bitmap Heap Scan on sbtest2  (cost=192.20..31060.69 rows=8953 width=4)
	        Recheck Cond: ((id >= 2802489) AND (id <= 2812488))
	        ->  Bitmap Index Scan on sbtest2_pkey  (cost=0.00..189.97 rows=8953 width=0)
	              Index Cond: ((id >= 2802489) AND (id <= 2812488))

table 3 : explain SELECT SUM(k) FROM sbtest3 WHERE id BETWEEN 6471267 AND 6481266
	Aggregate  (cost=34372.63..34372.64 rows=1 width=8)
	  ->  Bitmap Heap Scan on sbtest3  (cost=214.91..34347.63 rows=9998 width=4)
	        Recheck Cond: ((id >= 6471267) AND (id <= 6481266))
	        ->  Bitmap Index Scan on sbtest3_pkey  (cost=0.00..212.42 rows=9998 width=0)
	              Index Cond: ((id >= 6471267) AND (id <= 6481266))

table 4 : explain SELECT SUM(k) FROM sbtest4 WHERE id BETWEEN 75061 AND 85060
	Aggregate  (cost=32179.50..32179.51 rows=1 width=8)
	  ->  Bitmap Heap Scan on sbtest4  (cost=199.75..32156.25 rows=9299 width=4)
	        Recheck Cond: ((id >= 75061) AND (id <= 85060))
	        ->  Bitmap Index Scan on sbtest4_pkey  (cost=0.00..197.43 rows=9299 width=0)
	              Index Cond: ((id >= 75061) AND (id <= 85060))

table 5 : explain SELECT SUM(k) FROM sbtest5 WHERE id BETWEEN 6351911 AND 6361910
	Aggregate  (cost=32811.42..32811.43 rows=1 width=8)
	  ->  Bitmap Heap Scan on sbtest5  (cost=205.65..32787.71 rows=9484 width=4)
	        Recheck Cond: ((id >= 6351911) AND (id <= 6361910))
	        ->  Bitmap Index Scan on sbtest5_pkey  (cost=0.00..203.28 rows=9484 width=0)
	              Index Cond: ((id >= 6351911) AND (id <= 6361910))

table 6 : explain SELECT SUM(k) FROM sbtest6 WHERE id BETWEEN 7303366 AND 7313365
	Aggregate  (cost=32921.12..32921.13 rows=1 width=8)
	  ->  Bitmap Heap Scan on sbtest6  (cost=206.11..32897.29 rows=9529 width=4)
	        Recheck Cond: ((id >= 7303366) AND (id <= 7313365))
	        ->  Bitmap Index Scan on sbtest6_pkey  (cost=0.00..203.73 rows=9529 width=0)
	              Index Cond: ((id >= 7303366) AND (id <= 7313365))

table 7 : explain SELECT SUM(k) FROM sbtest7 WHERE id BETWEEN 9600984 AND 9610983
	Aggregate  (cost=38774.39..38774.40 rows=1 width=8)
	  ->  Bitmap Heap Scan on sbtest7  (cost=245.31..38745.88 rows=11402 width=4)
	        Recheck Cond: ((id >= 9600984) AND (id <= 9610983))
	        ->  Bitmap Index Scan on sbtest7_pkey  (cost=0.00..242.45 rows=11402 width=0)
	              Index Cond: ((id >= 9600984) AND (id <= 9610983))

table 8 : explain SELECT SUM(k) FROM sbtest8 WHERE id BETWEEN 3991183 AND 4001182
	Aggregate  (cost=32703.93..32703.94 rows=1 width=8)
	  ->  Bitmap Heap Scan on sbtest8  (cost=205.29..32680.31 rows=9449 width=4)
	        Recheck Cond: ((id >= 3991183) AND (id <= 4001182))
	        ->  Bitmap Index Scan on sbtest8_pkey  (cost=0.00..202.93 rows=9449 width=0)
	              Index Cond: ((id >= 3991183) AND (id <= 4001182))

for: simple_ranges
table 1 : explain SELECT c FROM sbtest1 WHERE id BETWEEN 4843761 AND 4853760
	Bitmap Heap Scan on sbtest1  (cost=237.19..37453.39 rows=11000 width=121)
	  Recheck Cond: ((id >= 4843761) AND (id <= 4853760))
	  ->  Bitmap Index Scan on sbtest1_pkey  (cost=0.00..234.44 rows=11000 width=0)
	        Index Cond: ((id >= 4843761) AND (id <= 4853760))

table 2 : explain SELECT c FROM sbtest2 WHERE id BETWEEN 1437634 AND 1447633
	Bitmap Heap Scan on sbtest2  (cost=200.00..32229.47 rows=9323 width=121)
	  Recheck Cond: ((id >= 1437634) AND (id <= 1447633))
	  ->  Bitmap Index Scan on sbtest2_pkey  (cost=0.00..197.67 rows=9323 width=0)
	        Index Cond: ((id >= 1437634) AND (id <= 1447633))

table 3 : explain SELECT c FROM sbtest3 WHERE id BETWEEN 6446224 AND 6456223
	Bitmap Heap Scan on sbtest3  (cost=214.77..34302.70 rows=9984 width=121)
	  Recheck Cond: ((id >= 6446224) AND (id <= 6456223))
	  ->  Bitmap Index Scan on sbtest3_pkey  (cost=0.00..212.28 rows=9984 width=0)
	        Index Cond: ((id >= 6446224) AND (id <= 6456223))

table 4 : explain SELECT c FROM sbtest4 WHERE id BETWEEN 8344390 AND 8354389
	Bitmap Heap Scan on sbtest4  (cost=214.16..34115.45 rows=9924 width=121)
	  Recheck Cond: ((id >= 8344390) AND (id <= 8354389))
	  ->  Bitmap Index Scan on sbtest4_pkey  (cost=0.00..211.68 rows=9924 width=0)
	        Index Cond: ((id >= 8344390) AND (id <= 8354389))

table 5 : explain SELECT c FROM sbtest5 WHERE id BETWEEN 6283834 AND 6293833
	Bitmap Heap Scan on sbtest5  (cost=205.65..32787.71 rows=9484 width=121)
	  Recheck Cond: ((id >= 6283834) AND (id <= 6293833))
	  ->  Bitmap Index Scan on sbtest5_pkey  (cost=0.00..203.28 rows=9484 width=0)
	        Index Cond: ((id >= 6283834) AND (id <= 6293833))

table 6 : explain SELECT c FROM sbtest6 WHERE id BETWEEN 2759864 AND 2769863
	Bitmap Heap Scan on sbtest6  (cost=216.10..34723.02 rows=10114 width=121)
	  Recheck Cond: ((id >= 2759864) AND (id <= 2769863))
	  ->  Bitmap Index Scan on sbtest6_pkey  (cost=0.00..213.57 rows=10114 width=0)
	        Index Cond: ((id >= 2759864) AND (id <= 2769863))

table 7 : explain SELECT c FROM sbtest7 WHERE id BETWEEN 5884621 AND 5894620
	Bitmap Heap Scan on sbtest7  (cost=229.66..36450.56 rows=10656 width=121)
	  Recheck Cond: ((id >= 5884621) AND (id <= 5894620))
	  ->  Bitmap Index Scan on sbtest7_pkey  (cost=0.00..227.00 rows=10656 width=0)
	        Index Cond: ((id >= 5884621) AND (id <= 5894620))

table 8 : explain SELECT c FROM sbtest8 WHERE id BETWEEN 6034526 AND 6044525
	Bitmap Heap Scan on sbtest8  (cost=229.57..36417.68 rows=10647 width=121)
	  Recheck Cond: ((id >= 6034526) AND (id <= 6044525))
	  ->  Bitmap Index Scan on sbtest8_pkey  (cost=0.00..226.91 rows=10647 width=0)
	        Index Cond: ((id >= 6034526) AND (id <= 6044525))

for: sum_ranges
table 1 : explain SELECT SUM(k) FROM sbtest1 WHERE id BETWEEN 2990547 AND 3000546
	Aggregate  (cost=34271.80..34271.81 rows=1 width=8)
	  ->  Bitmap Heap Scan on sbtest1  (cost=214.57..34246.89 rows=9964 width=4)
	        Recheck Cond: ((id >= 2990547) AND (id <= 3000546))
	        ->  Bitmap Index Scan on sbtest1_pkey  (cost=0.00..212.07 rows=9964 width=0)
	              Index Cond: ((id >= 2990547) AND (id <= 3000546))

table 2 : explain SELECT SUM(k) FROM sbtest2 WHERE id BETWEEN 1568205 AND 1578204
	Aggregate  (cost=38814.66..38814.67 rows=1 width=8)
	  ->  Bitmap Heap Scan on sbtest2  (cost=245.70..38786.06 rows=11440 width=4)
	        Recheck Cond: ((id >= 1568205) AND (id <= 1578204))
	        ->  Bitmap Index Scan on sbtest2_pkey  (cost=0.00..242.84 rows=11440 width=0)
	              Index Cond: ((id >= 1568205) AND (id <= 1578204))

table 3 : explain SELECT SUM(k) FROM sbtest3 WHERE id BETWEEN 2538525 AND 2548524
	Aggregate  (cost=38596.51..38596.52 rows=1 width=8)
	  ->  Bitmap Heap Scan on sbtest3  (cost=244.95..38568.09 rows=11367 width=4)
	        Recheck Cond: ((id >= 2538525) AND (id <= 2548524))
	        ->  Bitmap Index Scan on sbtest3_pkey  (cost=0.00..242.11 rows=11367 width=0)
	              Index Cond: ((id >= 2538525) AND (id <= 2548524))

table 4 : explain SELECT SUM(k) FROM sbtest4 WHERE id BETWEEN 462000 AND 471999
	Aggregate  (cost=36356.82..36356.83 rows=1 width=8)
	  ->  Bitmap Heap Scan on sbtest4  (cost=229.47..36330.22 rows=10638 width=4)
	        Recheck Cond: ((id >= 462000) AND (id <= 471999))
	        ->  Bitmap Index Scan on sbtest4_pkey  (cost=0.00..226.81 rows=10638 width=0)
	              Index Cond: ((id >= 462000) AND (id <= 471999))

table 5 : explain SELECT SUM(k) FROM sbtest5 WHERE id BETWEEN 9343248 AND 9353247
	Aggregate  (cost=34310.59..34310.60 rows=1 width=8)
	  ->  Bitmap Heap Scan on sbtest5  (cost=214.55..34285.69 rows=9962 width=4)
	        Recheck Cond: ((id >= 9343248) AND (id <= 9353247))
	        ->  Bitmap Index Scan on sbtest5_pkey  (cost=0.00..212.06 rows=9962 width=0)
	              Index Cond: ((id >= 9343248) AND (id <= 9353247))

table 6 : explain SELECT SUM(k) FROM sbtest6 WHERE id BETWEEN 3039823 AND 3049822
	Aggregate  (cost=32234.02..32234.03 rows=1 width=8)
	  ->  Bitmap Heap Scan on sbtest6  (cost=199.88..32210.74 rows=9312 width=4)
	        Recheck Cond: ((id >= 3039823) AND (id <= 3049822))
	        ->  Bitmap Index Scan on sbtest6_pkey  (cost=0.00..197.56 rows=9312 width=0)
	              Index Cond: ((id >= 3039823) AND (id <= 3049822))

table 7 : explain SELECT SUM(k) FROM sbtest7 WHERE id BETWEEN 2400320 AND 2410319
	Aggregate  (cost=32733.35..32733.36 rows=1 width=8)
	  ->  Bitmap Heap Scan on sbtest7  (cost=205.37..32709.71 rows=9457 width=4)
	        Recheck Cond: ((id >= 2400320) AND (id <= 2410319))
	        ->  Bitmap Index Scan on sbtest7_pkey  (cost=0.00..203.00 rows=9457 width=0)
	              Index Cond: ((id >= 2400320) AND (id <= 2410319))

table 8 : explain SELECT SUM(k) FROM sbtest8 WHERE id BETWEEN 7344186 AND 7354185
	Aggregate  (cost=36204.67..36204.68 rows=1 width=8)
	  ->  Bitmap Heap Scan on sbtest8  (cost=228.77..36178.25 rows=10569 width=4)
	        Recheck Cond: ((id >= 7344186) AND (id <= 7354185))
	        ->  Bitmap Index Scan on sbtest8_pkey  (cost=0.00..226.12 rows=10569 width=0)
	              Index Cond: ((id >= 7344186) AND (id <= 7354185))

for: simple_ranges
table 1 : explain SELECT c FROM sbtest1 WHERE id BETWEEN 5982412 AND 5992411
	Bitmap Heap Scan on sbtest1  (cost=224.79..36129.10 rows=10571 width=121)
	  Recheck Cond: ((id >= 5982412) AND (id <= 5992411))
	  ->  Bitmap Index Scan on sbtest1_pkey  (cost=0.00..222.15 rows=10571 width=0)
	        Index Cond: ((id >= 5982412) AND (id <= 5992411))

table 2 : explain SELECT c FROM sbtest2 WHERE id BETWEEN 9271006 AND 9281005
	Bitmap Heap Scan on sbtest2  (cost=230.09..36513.31 rows=10698 width=121)
	  Recheck Cond: ((id >= 9271006) AND (id <= 9281005))
	  ->  Bitmap Index Scan on sbtest2_pkey  (cost=0.00..227.42 rows=10698 width=0)
	        Index Cond: ((id >= 9271006) AND (id <= 9281005))

table 3 : explain SELECT c FROM sbtest3 WHERE id BETWEEN 4779909 AND 4789908
	Bitmap Heap Scan on sbtest3  (cost=200.26..32312.55 rows=9349 width=121)
	  Recheck Cond: ((id >= 4779909) AND (id <= 4789908))
	  ->  Bitmap Index Scan on sbtest3_pkey  (cost=0.00..197.93 rows=9349 width=0)
	        Index Cond: ((id >= 4779909) AND (id <= 4789908))

table 4 : explain SELECT c FROM sbtest4 WHERE id BETWEEN 4732232 AND 4742231
	Bitmap Heap Scan on sbtest4  (cost=221.58..35154.90 rows=10258 width=121)
	  Recheck Cond: ((id >= 4732232) AND (id <= 4742231))
	  ->  Bitmap Index Scan on sbtest4_pkey  (cost=0.00..219.01 rows=10258 width=0)
	        Index Cond: ((id >= 4732232) AND (id <= 4742231))

table 5 : explain SELECT c FROM sbtest5 WHERE id BETWEEN 3695215 AND 3705214
	Bitmap Heap Scan on sbtest5  (cost=222.61..35522.05 rows=10359 width=121)
	  Recheck Cond: ((id >= 3695215) AND (id <= 3705214))
	  ->  Bitmap Index Scan on sbtest5_pkey  (cost=0.00..220.03 rows=10359 width=0)
	        Index Cond: ((id >= 3695215) AND (id <= 3705214))

table 6 : explain SELECT c FROM sbtest6 WHERE id BETWEEN 7993700 AND 8003699
	Bitmap Heap Scan on sbtest6  (cost=222.80..35540.25 rows=10377 width=121)
	  Recheck Cond: ((id >= 7993700) AND (id <= 8003699))
	  ->  Bitmap Index Scan on sbtest6_pkey  (cost=0.00..220.20 rows=10377 width=0)
	        Index Cond: ((id >= 7993700) AND (id <= 8003699))

table 7 : explain SELECT c FROM sbtest7 WHERE id BETWEEN 3873010 AND 3883009
	Bitmap Heap Scan on sbtest7  (cost=192.21..31116.24 rows=8954 width=121)
	  Recheck Cond: ((id >= 3873010) AND (id <= 3883009))
	  ->  Bitmap Index Scan on sbtest7_pkey  (cost=0.00..189.98 rows=8954 width=0)
	        Index Cond: ((id >= 3873010) AND (id <= 3883009))

table 8 : explain SELECT c FROM sbtest8 WHERE id BETWEEN 8216773 AND 8226772
	Bitmap Heap Scan on sbtest8  (cost=234.55..36718.24 rows=10743 width=121)
	  Recheck Cond: ((id >= 8216773) AND (id <= 8226772))
	  ->  Bitmap Index Scan on sbtest8_pkey  (cost=0.00..231.87 rows=10743 width=0)
	        Index Cond: ((id >= 8216773) AND (id <= 8226772))

for: order_ranges
table 1 : explain SELECT c FROM sbtest1 WHERE id BETWEEN 8318065 AND 8328064 ORDER BY c
	Sort  (cost=35145.21..35170.30 rows=10038 width=121)
	  Sort Key: c
	  ->  Bitmap Heap Scan on sbtest1  (cost=215.32..34478.02 rows=10038 width=121)
	        Recheck Cond: ((id >= 8318065) AND (id <= 8328064))
	        ->  Bitmap Index Scan on sbtest1_pkey  (cost=0.00..212.81 rows=10038 width=0)
	              Index Cond: ((id >= 8318065) AND (id <= 8328064))

table 2 : explain SELECT c FROM sbtest2 WHERE id BETWEEN 1855428 AND 1865427 ORDER BY c
	Sort  (cost=32595.67..32618.78 rows=9246 width=121)
	  Sort Key: c
	  ->  Bitmap Heap Scan on sbtest2  (cost=199.21..31986.61 rows=9246 width=121)
	        Recheck Cond: ((id >= 1855428) AND (id <= 1865427))
	        ->  Bitmap Index Scan on sbtest2_pkey  (cost=0.00..196.90 rows=9246 width=0)
	              Index Cond: ((id >= 1855428) AND (id <= 1865427))

table 3 : explain SELECT c FROM sbtest3 WHERE id BETWEEN 9115387 AND 9125386 ORDER BY c
	Sort  (cost=35629.55..35655.03 rows=10191 width=121)
	  Sort Key: c
	  ->  Bitmap Heap Scan on sbtest3  (cost=220.89..34951.09 rows=10191 width=121)
	        Recheck Cond: ((id >= 9115387) AND (id <= 9125386))
	        ->  Bitmap Index Scan on sbtest3_pkey  (cost=0.00..218.34 rows=10191 width=0)
	              Index Cond: ((id >= 9115387) AND (id <= 9125386))

table 4 : explain SELECT c FROM sbtest4 WHERE id BETWEEN 4558431 AND 4568430 ORDER BY c
	Sort  (cost=34411.52..34436.05 rows=9811 width=121)
	  Sort Key: c
	  ->  Bitmap Heap Scan on sbtest4  (cost=209.00..33761.04 rows=9811 width=121)
	        Recheck Cond: ((id >= 4558431) AND (id <= 4568430))
	        ->  Bitmap Index Scan on sbtest4_pkey  (cost=0.00..206.55 rows=9811 width=0)
	              Index Cond: ((id >= 4558431) AND (id <= 4568430))

table 5 : explain SELECT c FROM sbtest5 WHERE id BETWEEN 6180637 AND 6190636 ORDER BY c
	Sort  (cost=35121.78..35146.83 rows=10017 width=121)
	  Sort Key: c
	  ->  Bitmap Heap Scan on sbtest5  (cost=215.11..34456.15 rows=10017 width=121)
	        Recheck Cond: ((id >= 6180637) AND (id <= 6190636))
	        ->  Bitmap Index Scan on sbtest5_pkey  (cost=0.00..212.61 rows=10017 width=0)
	              Index Cond: ((id >= 6180637) AND (id <= 6190636))

table 6 : explain SELECT c FROM sbtest6 WHERE id BETWEEN 5692005 AND 5702004 ORDER BY c
	Sort  (cost=34461.84..34486.39 rows=9821 width=121)
	  Sort Key: c
	  ->  Bitmap Heap Scan on sbtest6  (cost=213.10..33810.63 rows=9821 width=121)
	        Recheck Cond: ((id >= 5692005) AND (id <= 5702004))
	        ->  Bitmap Index Scan on sbtest6_pkey  (cost=0.00..210.65 rows=9821 width=0)
	              Index Cond: ((id >= 5692005) AND (id <= 5702004))

table 7 : explain SELECT c FROM sbtest7 WHERE id BETWEEN 6851466 AND 6861465 ORDER BY c
	Sort  (cost=34277.04..34301.42 rows=9751 width=121)
	  Sort Key: c
	  ->  Bitmap Heap Scan on sbtest7  (cost=208.38..33630.98 rows=9751 width=121)
	        Recheck Cond: ((id >= 6851466) AND (id <= 6861465))
	        ->  Bitmap Index Scan on sbtest7_pkey  (cost=0.00..205.94 rows=9751 width=0)
	              Index Cond: ((id >= 6851466) AND (id <= 6861465))

table 8 : explain SELECT c FROM sbtest8 WHERE id BETWEEN 386007 AND 396006 ORDER BY c
	Sort  (cost=33062.23..33085.67 rows=9374 width=121)
	  Sort Key: c
	  ->  Bitmap Heap Scan on sbtest8  (cost=204.52..32443.81 rows=9374 width=121)
	        Recheck Cond: ((id >= 386007) AND (id <= 396006))
	        ->  Bitmap Index Scan on sbtest8_pkey  (cost=0.00..202.18 rows=9374 width=0)
	              Index Cond: ((id >= 386007) AND (id <= 396006))

for: simple_ranges
table 1 : explain SELECT c FROM sbtest1 WHERE id BETWEEN 470422 AND 480421
	Bitmap Heap Scan on sbtest1  (cost=207.72..33377.43 rows=9686 width=121)
	  Recheck Cond: ((id >= 470422) AND (id <= 480421))
	  ->  Bitmap Index Scan on sbtest1_pkey  (cost=0.00..205.30 rows=9686 width=0)
	        Index Cond: ((id >= 470422) AND (id <= 480421))

table 2 : explain SELECT c FROM sbtest2 WHERE id BETWEEN 7887227 AND 7897226
	Bitmap Heap Scan on sbtest2  (cost=223.14..35623.25 rows=10410 width=121)
	  Recheck Cond: ((id >= 7887227) AND (id <= 7897226))
	  ->  Bitmap Index Scan on sbtest2_pkey  (cost=0.00..220.54 rows=10410 width=0)
	        Index Cond: ((id >= 7887227) AND (id <= 7897226))

table 3 : explain SELECT c FROM sbtest3 WHERE id BETWEEN 4030064 AND 4040063
	Bitmap Heap Scan on sbtest3  (cost=216.43..34806.18 rows=10146 width=121)
	  Recheck Cond: ((id >= 4030064) AND (id <= 4040063))
	  ->  Bitmap Index Scan on sbtest3_pkey  (cost=0.00..213.90 rows=10146 width=0)
	        Index Cond: ((id >= 4030064) AND (id <= 4040063))

table 4 : explain SELECT c FROM sbtest4 WHERE id BETWEEN 9587707 AND 9597706
	Bitmap Heap Scan on sbtest4  (cost=214.07..34092.95 rows=9916 width=121)
	  Recheck Cond: ((id >= 9587707) AND (id <= 9597706))
	  ->  Bitmap Index Scan on sbtest4_pkey  (cost=0.00..211.59 rows=9916 width=0)
	        Index Cond: ((id >= 9587707) AND (id <= 9597706))

table 5 : explain SELECT c FROM sbtest5 WHERE id BETWEEN 8388446 AND 8398445
	Bitmap Heap Scan on sbtest5  (cost=253.41..39953.08 rows=11802 width=121)
	  Recheck Cond: ((id >= 8388446) AND (id <= 8398445))
	  ->  Bitmap Index Scan on sbtest5_pkey  (cost=0.00..250.45 rows=11802 width=0)
	        Index Cond: ((id >= 8388446) AND (id <= 8398445))

table 6 : explain SELECT c FROM sbtest6 WHERE id BETWEEN 1370670 AND 1380669
	Bitmap Heap Scan on sbtest6  (cost=215.33..34488.83 rows=10039 width=121)
	  Recheck Cond: ((id >= 1370670) AND (id <= 1380669))
	  ->  Bitmap Index Scan on sbtest6_pkey  (cost=0.00..212.82 rows=10039 width=0)
	        Index Cond: ((id >= 1370670) AND (id <= 1380669))

table 7 : explain SELECT c FROM sbtest7 WHERE id BETWEEN 4680533 AND 4690532
	Bitmap Heap Scan on sbtest7  (cost=220.85..34996.92 rows=10187 width=121)
	  Recheck Cond: ((id >= 4680533) AND (id <= 4690532))
	  ->  Bitmap Index Scan on sbtest7_pkey  (cost=0.00..218.31 rows=10187 width=0)
	        Index Cond: ((id >= 4680533) AND (id <= 4690532))

table 8 : explain SELECT c FROM sbtest8 WHERE id BETWEEN 6630728 AND 6640727
	Bitmap Heap Scan on sbtest8  (cost=212.96..33805.46 rows=9807 width=121)
	  Recheck Cond: ((id >= 6630728) AND (id <= 6640727))
	  ->  Bitmap Index Scan on sbtest8_pkey  (cost=0.00..210.50 rows=9807 width=0)
	        Index Cond: ((id >= 6630728) AND (id <= 6640727))
for: sum_ranges
table 1 : explain SELECT SUM(k) FROM sbtest1 WHERE id BETWEEN 6229813 AND 6239812
	Aggregate  (cost=34281.44..34281.45 rows=1 width=8)
	  ->  Bitmap Heap Scan on sbtest1  (cost=214.60..34256.53 rows=9967 width=4)
	        Recheck Cond: ((id >= 6229813) AND (id <= 6239812))
	        ->  Bitmap Index Scan on sbtest1_pkey  (cost=0.00..212.11 rows=9967 width=0)
	              Index Cond: ((id >= 6229813) AND (id <= 6239812))

table 2 : explain SELECT SUM(k) FROM sbtest2 WHERE id BETWEEN 4711888 AND 4721887
	Aggregate  (cost=36552.78..36552.79 rows=1 width=8)
	  ->  Bitmap Heap Scan on sbtest2  (cost=230.13..36526.03 rows=10702 width=4)
	        Recheck Cond: ((id >= 4711888) AND (id <= 4721887))
	        ->  Bitmap Index Scan on sbtest2_pkey  (cost=0.00..227.45 rows=10702 width=0)
	              Index Cond: ((id >= 4711888) AND (id <= 4721887))

table 3 : explain SELECT SUM(k) FROM sbtest3 WHERE id BETWEEN 9642920 AND 9652919
	Aggregate  (cost=34889.26..34889.27 rows=1 width=8)
	  ->  Bitmap Heap Scan on sbtest3  (cost=216.63..34863.85 rows=10165 width=4)
	        Recheck Cond: ((id >= 9642920) AND (id <= 9652919))
	        ->  Bitmap Index Scan on sbtest3_pkey  (cost=0.00..214.09 rows=10165 width=0)
	              Index Cond: ((id >= 9642920) AND (id <= 9652919))

table 4 : explain SELECT SUM(k) FROM sbtest4 WHERE id BETWEEN 2733207 AND 2743206
	Aggregate  (cost=36152.76..36152.77 rows=1 width=8)
	  ->  Bitmap Heap Scan on sbtest4  (cost=228.79..36126.33 rows=10571 width=4)
	        Recheck Cond: ((id >= 2733207) AND (id <= 2743206))
	        ->  Bitmap Index Scan on sbtest4_pkey  (cost=0.00..226.15 rows=10571 width=0)
	              Index Cond: ((id >= 2733207) AND (id <= 2743206))

table 5 : explain SELECT SUM(k) FROM sbtest5 WHERE id BETWEEN 9107083 AND 9117082
	Aggregate  (cost=30891.54..30891.55 rows=1 width=8)
	  ->  Bitmap Heap Scan on sbtest5  (cost=191.44..30869.35 rows=8879 width=4)
	        Recheck Cond: ((id >= 9107083) AND (id <= 9117082))
	        ->  Bitmap Index Scan on sbtest5_pkey  (cost=0.00..189.23 rows=8879 width=0)
	              Index Cond: ((id >= 9107083) AND (id <= 9117082))

table 6 : explain SELECT SUM(k) FROM sbtest6 WHERE id BETWEEN 1901902 AND 1911901
	Aggregate  (cost=37349.84..37349.85 rows=1 width=8)
	  ->  Bitmap Heap Scan on sbtest6  (cost=236.71..37322.45 rows=10954 width=4)
	        Recheck Cond: ((id >= 1901902) AND (id <= 1911901))
	        ->  Bitmap Index Scan on sbtest6_pkey  (cost=0.00..233.98 rows=10954 width=0)
	              Index Cond: ((id >= 1901902) AND (id <= 1911901))

table 7 : explain SELECT SUM(k) FROM sbtest7 WHERE id BETWEEN 6092009 AND 6102008
	Aggregate  (cost=34610.16..34610.17 rows=1 width=8)
	  ->  Bitmap Heap Scan on sbtest7  (cost=215.51..34585.02 rows=10056 width=4)
	        Recheck Cond: ((id >= 6092009) AND (id <= 6102008))
	        ->  Bitmap Index Scan on sbtest7_pkey  (cost=0.00..213.00 rows=10056 width=0)
	              Index Cond: ((id >= 6092009) AND (id <= 6102008))

table 8 : explain SELECT SUM(k) FROM sbtest8 WHERE id BETWEEN 5684014 AND 5694013
	Aggregate  (cost=33942.87..33942.88 rows=1 width=8)
	  ->  Bitmap Heap Scan on sbtest8  (cost=213.33..33918.26 rows=9843 width=4)
	        Recheck Cond: ((id >= 5684014) AND (id <= 5694013))
	        ->  Bitmap Index Scan on sbtest8_pkey  (cost=0.00..210.87 rows=9843 width=0)
	              Index Cond: ((id >= 5684014) AND (id <= 5694013))
for: order_ranges
table 1 : explain SELECT c FROM sbtest1 WHERE id BETWEEN 5267130 AND 5277129 ORDER BY c
	Sort  (cost=32110.43..32133.16 rows=9094 width=121)
	  Sort Key: c
	  ->  Bitmap Heap Scan on sbtest1  (cost=193.65..31512.47 rows=9094 width=121)
	        Recheck Cond: ((id >= 5267130) AND (id <= 5277129))
	        ->  Bitmap Index Scan on sbtest1_pkey  (cost=0.00..191.38 rows=9094 width=0)
	              Index Cond: ((id >= 5267130) AND (id <= 5277129))

table 2 : explain SELECT c FROM sbtest2 WHERE id BETWEEN 3386804 AND 3396803 ORDER BY c
	Sort  (cost=36804.57..36830.98 rows=10564 width=121)
	  Sort Key: c
	  ->  Bitmap Heap Scan on sbtest2  (cost=224.72..36098.53 rows=10564 width=121)
	        Recheck Cond: ((id >= 3386804) AND (id <= 3396803))
	        ->  Bitmap Index Scan on sbtest2_pkey  (cost=0.00..222.07 rows=10564 width=0)
	              Index Cond: ((id >= 3386804) AND (id <= 3396803))

table 3 : explain SELECT c FROM sbtest3 WHERE id BETWEEN 4795346 AND 4805345 ORDER BY c
	Sort  (cost=34548.16..34572.79 rows=9852 width=121)
	  Sort Key: c
	  ->  Bitmap Heap Scan on sbtest3  (cost=213.42..33894.66 rows=9852 width=121)
	        Recheck Cond: ((id >= 4795346) AND (id <= 4805345))
	        ->  Bitmap Index Scan on sbtest3_pkey  (cost=0.00..210.95 rows=9852 width=0)
	              Index Cond: ((id >= 4795346) AND (id <= 4805345))

table 4 : explain SELECT c FROM sbtest4 WHERE id BETWEEN 947116 AND 957115 ORDER BY c
	Sort  (cost=33811.54..33835.59 rows=9623 width=121)
	  Sort Key: c
	  ->  Bitmap Heap Scan on sbtest4  (cost=207.07..33174.87 rows=9623 width=121)
	        Recheck Cond: ((id >= 947116) AND (id <= 957115))
	        ->  Bitmap Index Scan on sbtest4_pkey  (cost=0.00..204.67 rows=9623 width=0)
	              Index Cond: ((id >= 947116) AND (id <= 957115))

table 5 : explain SELECT c FROM sbtest5 WHERE id BETWEEN 9612496 AND 9622495 ORDER BY c
	Sort  (cost=32707.18..32730.34 rows=9266 width=121)
	  Sort Key: c
	  ->  Bitmap Heap Scan on sbtest5  (cost=199.41..32096.65 rows=9266 width=121)
	        Recheck Cond: ((id >= 9612496) AND (id <= 9622495))
	        ->  Bitmap Index Scan on sbtest5_pkey  (cost=0.00..197.09 rows=9266 width=0)
	              Index Cond: ((id >= 9612496) AND (id <= 9622495))

table 6 : explain SELECT c FROM sbtest6 WHERE id BETWEEN 8578359 AND 8588358 ORDER BY c
	Sort  (cost=34560.66..34585.29 rows=9852 width=121)
	  Sort Key: c
	  ->  Bitmap Heap Scan on sbtest6  (cost=213.42..33907.17 rows=9852 width=121)
	        Recheck Cond: ((id >= 8578359) AND (id <= 8588358))
	        ->  Bitmap Index Scan on sbtest6_pkey  (cost=0.00..210.95 rows=9852 width=0)
	              Index Cond: ((id >= 8578359) AND (id <= 8588358))

table 7 : explain SELECT c FROM sbtest7 WHERE id BETWEEN 1684819 AND 1694818 ORDER BY c
	Sort  (cost=35135.07..35160.12 rows=10019 width=121)
	  Sort Key: c
	  ->  Bitmap Heap Scan on sbtest7  (cost=215.13..34469.28 rows=10019 width=121)
	        Recheck Cond: ((id >= 1684819) AND (id <= 1694818))
	        ->  Bitmap Index Scan on sbtest7_pkey  (cost=0.00..212.62 rows=10019 width=0)
	              Index Cond: ((id >= 1684819) AND (id <= 1694818))

table 8 : explain SELECT c FROM sbtest8 WHERE id BETWEEN 368980 AND 378979 ORDER BY c
	Sort  (cost=33062.23..33085.67 rows=9374 width=121)
	  Sort Key: c
	  ->  Bitmap Heap Scan on sbtest8  (cost=204.52..32443.81 rows=9374 width=121)
	        Recheck Cond: ((id >= 368980) AND (id <= 378979))
	        ->  Bitmap Index Scan on sbtest8_pkey  (cost=0.00..202.18 rows=9374 width=0)
	              Index Cond: ((id >= 368980) AND (id <= 378979))



for: simple_ranges
table 1 : explain SELECT c FROM sbtest1 WHERE id BETWEEN 2285455 AND 2295454
	Bitmap Heap Scan on sbtest1  (cost=232.07..37116.19 rows=10891 width=121)
	  Recheck Cond: ((id >= 2285455) AND (id <= 2295454))
	  ->  Bitmap Index Scan on sbtest1_pkey  (cost=0.00..229.34 rows=10891 width=0)
	        Index Cond: ((id >= 2285455) AND (id <= 2295454))

table 2 : explain SELECT c FROM sbtest2 WHERE id BETWEEN 2622182 AND 2632181
	Bitmap Heap Scan on sbtest2  (cost=215.26..34451.12 rows=10032 width=121)
	  Recheck Cond: ((id >= 2622182) AND (id <= 2632181))
	  ->  Bitmap Index Scan on sbtest2_pkey  (cost=0.00..212.75 rows=10032 width=0)
	        Index Cond: ((id >= 2622182) AND (id <= 2632181))

table 3 : explain SELECT c FROM sbtest3 WHERE id BETWEEN 8170389 AND 8180388
	Bitmap Heap Scan on sbtest3  (cost=229.84..36442.74 rows=10674 width=121)
	  Recheck Cond: ((id >= 8170389) AND (id <= 8180388))
	  ->  Bitmap Index Scan on sbtest3_pkey  (cost=0.00..227.18 rows=10674 width=0)
	        Index Cond: ((id >= 8170389) AND (id <= 8180388))

table 4 : explain SELECT c FROM sbtest4 WHERE id BETWEEN 5730325 AND 5740324
	Bitmap Heap Scan on sbtest4  (cost=222.56..35452.23 rows=10354 width=121)
	  Recheck Cond: ((id >= 5730325) AND (id <= 5740324))
	  ->  Bitmap Index Scan on sbtest4_pkey  (cost=0.00..219.98 rows=10354 width=0)
	        Index Cond: ((id >= 5730325) AND (id <= 5740324))

table 5 : explain SELECT c FROM sbtest5 WHERE id BETWEEN 704059 AND 714058
	Bitmap Heap Scan on sbtest5  (cost=229.92..36519.77 rows=10681 width=121)
	  Recheck Cond: ((id >= 704059) AND (id <= 714058))
	  ->  Bitmap Index Scan on sbtest5_pkey  (cost=0.00..227.25 rows=10681 width=0)
	        Index Cond: ((id >= 704059) AND (id <= 714058))

table 6 : explain SELECT c FROM sbtest6 WHERE id BETWEEN 5214280 AND 5224279
	Bitmap Heap Scan on sbtest6  (cost=213.99..34084.04 rows=9908 width=121)
	  Recheck Cond: ((id >= 5214280) AND (id <= 5224279))
	  ->  Bitmap Index Scan on sbtest6_pkey  (cost=0.00..211.51 rows=9908 width=0)
	        Index Cond: ((id >= 5214280) AND (id <= 5224279))

table 7 : explain SELECT c FROM sbtest7 WHERE id BETWEEN 5544248 AND 5554247
	Bitmap Heap Scan on sbtest7  (cost=229.57..36421.85 rows=10647 width=121)
	  Recheck Cond: ((id >= 5544248) AND (id <= 5554247))
	  ->  Bitmap Index Scan on sbtest7_pkey  (cost=0.00..226.91 rows=10647 width=0)
	        Index Cond: ((id >= 5544248) AND (id <= 5554247))

table 8 : explain SELECT c FROM sbtest8 WHERE id BETWEEN 4281713 AND 4291712
	Bitmap Heap Scan on sbtest8  (cost=206.28..32984.52 rows=9546 width=121)
	  Recheck Cond: ((id >= 4281713) AND (id <= 4291712))
	  ->  Bitmap Index Scan on sbtest8_pkey  (cost=0.00..203.90 rows=9546 width=0)
	        Index Cond: ((id >= 4281713) AND (id <= 4291712))

for: order_ranges
table 1 : explain SELECT c FROM sbtest1 WHERE id BETWEEN 8316255 AND 8326254 ORDER BY c
	Sort  (cost=35145.21..35170.30 rows=10038 width=121)
	  Sort Key: c
	  ->  Bitmap Heap Scan on sbtest1  (cost=215.32..34478.02 rows=10038 width=121)
	        Recheck Cond: ((id >= 8316255) AND (id <= 8326254))
	        ->  Bitmap Index Scan on sbtest1_pkey  (cost=0.00..212.81 rows=10038 width=0)
	              Index Cond: ((id >= 8316255) AND (id <= 8326254))

table 2 : explain SELECT c FROM sbtest2 WHERE id BETWEEN 6994854 AND 7004853 ORDER BY c
	Sort  (cost=34910.91..34935.82 rows=9967 width=121)
	  Sort Key: c
	  ->  Bitmap Heap Scan on sbtest2  (cost=214.60..34248.95 rows=9967 width=121)
	        Recheck Cond: ((id >= 6994854) AND (id <= 7004853))
	        ->  Bitmap Index Scan on sbtest2_pkey  (cost=0.00..212.11 rows=9967 width=0)
	              Index Cond: ((id >= 6994854) AND (id <= 7004853))

table 3 : explain SELECT c FROM sbtest3 WHERE id BETWEEN 4151797 AND 4161796 ORDER BY c
	Sort  (cost=35343.48..35368.73 rows=10102 width=121)
	  Sort Key: c
	  ->  Bitmap Heap Scan on sbtest3  (cost=215.98..34671.57 rows=10102 width=121)
	        Recheck Cond: ((id >= 4151797) AND (id <= 4161796))
	        ->  Bitmap Index Scan on sbtest3_pkey  (cost=0.00..213.45 rows=10102 width=0)
	              Index Cond: ((id >= 4151797) AND (id <= 4161796))

table 4 : explain SELECT c FROM sbtest4 WHERE id BETWEEN 9738992 AND 9748991 ORDER BY c
	Sort  (cost=35214.48..35239.64 rows=10062 width=121)
	  Sort Key: c
	  ->  Bitmap Heap Scan on sbtest4  (cost=215.57..34545.53 rows=10062 width=121)
	        Recheck Cond: ((id >= 9738992) AND (id <= 9748991))
	        ->  Bitmap Index Scan on sbtest4_pkey  (cost=0.00..213.06 rows=10062 width=0)
	              Index Cond: ((id >= 9738992) AND (id <= 9748991))

table 5 : explain SELECT c FROM sbtest5 WHERE id BETWEEN 6205896 AND 6215895 ORDER BY c
	Sort  (cost=35128.36..35153.41 rows=10019 width=121)
	  Sort Key: c
	  ->  Bitmap Heap Scan on sbtest5  (cost=215.13..34462.57 rows=10019 width=121)
	        Recheck Cond: ((id >= 6205896) AND (id <= 6215895))
	        ->  Bitmap Index Scan on sbtest5_pkey  (cost=0.00..212.62 rows=10019 width=0)
	              Index Cond: ((id >= 6205896) AND (id <= 6215895))

table 6 : explain SELECT c FROM sbtest6 WHERE id BETWEEN 1911441 AND 1921440 ORDER BY c
	Sort  (cost=38057.42..38084.80 rows=10954 width=121)
	  Sort Key: c
	  ->  Bitmap Heap Scan on sbtest6  (cost=236.71..37322.45 rows=10954 width=121)
	        Recheck Cond: ((id >= 1911441) AND (id <= 1921440))
	        ->  Bitmap Index Scan on sbtest6_pkey  (cost=0.00..233.98 rows=10954 width=0)
	              Index Cond: ((id >= 1911441) AND (id <= 1921440))

table 7 : explain SELECT c FROM sbtest7 WHERE id BETWEEN 6823479 AND 6833478 ORDER BY c
	Sort  (cost=34805.70..34830.49 rows=9916 width=121)
	  Sort Key: c
	  ->  Bitmap Heap Scan on sbtest7  (cost=214.07..34147.50 rows=9916 width=121)
	        Recheck Cond: ((id >= 6823479) AND (id <= 6833478))
	        ->  Bitmap Index Scan on sbtest7_pkey  (cost=0.00..211.59 rows=9916 width=0)
	              Index Cond: ((id >= 6823479) AND (id <= 6833478))

table 8 : explain SELECT c FROM sbtest8 WHERE id BETWEEN 1396605 AND 1406604 ORDER BY c
	Sort  (cost=34492.00..34516.55 rows=9819 width=121)
	  Sort Key: c
	  ->  Bitmap Heap Scan on sbtest8  (cost=213.08..33840.94 rows=9819 width=121)
	        Recheck Cond: ((id >= 1396605) AND (id <= 1406604))
	        ->  Bitmap Index Scan on sbtest8_pkey  (cost=0.00..210.62 rows=9819 width=0)
	              Index Cond: ((id >= 1396605) AND (id <= 1406604))

for: sum_ranges
table 1 : explain SELECT SUM(k) FROM sbtest1 WHERE id BETWEEN 239709 AND 249708
	Aggregate  (cost=34374.64..34374.65 rows=1 width=8)
	  ->  Bitmap Heap Scan on sbtest1  (cost=214.90..34349.65 rows=9997 width=4)
	        Recheck Cond: ((id >= 239709) AND (id <= 249708))
	        ->  Bitmap Index Scan on sbtest1_pkey  (cost=0.00..212.41 rows=9997 width=0)
	              Index Cond: ((id >= 239709) AND (id <= 249708))

table 2 : explain SELECT SUM(k) FROM sbtest2 WHERE id BETWEEN 3224796 AND 3234795
	Aggregate  (cost=34222.47..34222.48 rows=1 width=8)
	  ->  Bitmap Heap Scan on sbtest2  (cost=214.43..34197.59 rows=9951 width=4)
	        Recheck Cond: ((id >= 3224796) AND (id <= 3234795))
	        ->  Bitmap Index Scan on sbtest2_pkey  (cost=0.00..211.94 rows=9951 width=0)
	              Index Cond: ((id >= 3224796) AND (id <= 3234795))

table 3 : explain SELECT SUM(k) FROM sbtest3 WHERE id BETWEEN 3821664 AND 3831663
	Aggregate  (cost=32721.76..32721.77 rows=1 width=8)
	  ->  Bitmap Heap Scan on sbtest3  (cost=205.50..32698.08 rows=9470 width=4)
	        Recheck Cond: ((id >= 3821664) AND (id <= 3831663))
	        ->  Bitmap Index Scan on sbtest3_pkey  (cost=0.00..203.13 rows=9470 width=0)
	              Index Cond: ((id >= 3821664) AND (id <= 3831663))

table 4 : explain SELECT SUM(k) FROM sbtest4 WHERE id BETWEEN 8543181 AND 8553180
	Aggregate  (cost=34875.39..34875.40 rows=1 width=8)
	  ->  Bitmap Heap Scan on sbtest4  (cost=216.58..34849.99 rows=10160 width=4)
	        Recheck Cond: ((id >= 8543181) AND (id <= 8553180))
	        ->  Bitmap Index Scan on sbtest4_pkey  (cost=0.00..214.04 rows=10160 width=0)
	              Index Cond: ((id >= 8543181) AND (id <= 8553180))

table 5 : explain SELECT SUM(k) FROM sbtest5 WHERE id BETWEEN 4523155 AND 4533154
	Aggregate  (cost=34503.70..34503.71 rows=1 width=8)
	  ->  Bitmap Heap Scan on sbtest5  (cost=215.18..34478.64 rows=10024 width=4)
	        Recheck Cond: ((id >= 4523155) AND (id <= 4533154))
	        ->  Bitmap Index Scan on sbtest5_pkey  (cost=0.00..212.68 rows=10024 width=0)
	              Index Cond: ((id >= 4523155) AND (id <= 4533154))

table 6 : explain SELECT SUM(k) FROM sbtest6 WHERE id BETWEEN 4477516 AND 4487515
	Aggregate  (cost=32402.53..32402.54 rows=1 width=8)
	  ->  Bitmap Heap Scan on sbtest6  (cost=200.43..32379.12 rows=9365 width=4)
	        Recheck Cond: ((id >= 4477516) AND (id <= 4487515))
	        ->  Bitmap Index Scan on sbtest6_pkey  (cost=0.00..198.09 rows=9365 width=0)
	              Index Cond: ((id >= 4477516) AND (id <= 4487515))

table 7 : explain SELECT SUM(k) FROM sbtest7 WHERE id BETWEEN 5801712 AND 5811711
	Aggregate  (cost=31034.25..31034.26 rows=1 width=8)
	  ->  Bitmap Heap Scan on sbtest7  (cost=191.89..31011.94 rows=8922 width=4)
	        Recheck Cond: ((id >= 5801712) AND (id <= 5811711))
	        ->  Bitmap Index Scan on sbtest7_pkey  (cost=0.00..189.66 rows=8922 width=0)
	              Index Cond: ((id >= 5801712) AND (id <= 5811711))

table 8 : explain SELECT SUM(k) FROM sbtest8 WHERE id BETWEEN 1372213 AND 1382212
	Aggregate  (cost=33865.48..33865.49 rows=1 width=8)
	  ->  Bitmap Heap Scan on sbtest8  (cost=213.08..33840.94 rows=9819 width=4)
	        Recheck Cond: ((id >= 1372213) AND (id <= 1382212))
	        ->  Bitmap Index Scan on sbtest8_pkey  (cost=0.00..210.62 rows=9819 width=0)
	              Index Cond: ((id >= 1372213) AND (id <= 1382212))

for: order_ranges
table 1 : explain SELECT c FROM sbtest1 WHERE id BETWEEN 2522853 AND 2532852 ORDER BY c
	Sort  (cost=34045.09..34069.33 rows=9694 width=121)
	  Sort Key: c
	  ->  Bitmap Heap Scan on sbtest1  (cost=207.80..33403.21 rows=9694 width=121)
	        Recheck Cond: ((id >= 2522853) AND (id <= 2532852))
	        ->  Bitmap Index Scan on sbtest1_pkey  (cost=0.00..205.38 rows=9694 width=0)
	              Index Cond: ((id >= 2522853) AND (id <= 2532852))

table 2 : explain SELECT c FROM sbtest2 WHERE id BETWEEN 323863 AND 333862 ORDER BY c
	Sort  (cost=36164.15..36190.06 rows=10361 width=121)
	  Sort Key: c
	  ->  Bitmap Heap Scan on sbtest2  (cost=222.64..35473.13 rows=10361 width=121)
	        Recheck Cond: ((id >= 323863) AND (id <= 333862))
	        ->  Bitmap Index Scan on sbtest2_pkey  (cost=0.00..220.05 rows=10361 width=0)
	              Index Cond: ((id >= 323863) AND (id <= 333862))

table 3 : explain SELECT c FROM sbtest3 WHERE id BETWEEN 547509 AND 557508 ORDER BY c
	Sort  (cost=33247.55..33271.16 rows=9447 width=121)
	  Sort Key: c
	  ->  Bitmap Heap Scan on sbtest3  (cost=205.27..32623.78 rows=9447 width=121)
	        Recheck Cond: ((id >= 547509) AND (id <= 557508))
	        ->  Bitmap Index Scan on sbtest3_pkey  (cost=0.00..202.91 rows=9447 width=0)
	              Index Cond: ((id >= 547509) AND (id <= 557508))

table 4 : explain SELECT c FROM sbtest4 WHERE id BETWEEN 4822250 AND 4832249 ORDER BY c
	Sort  (cost=32553.73..32576.81 rows=9232 width=121)
	  Sort Key: c
	  ->  Bitmap Heap Scan on sbtest4  (cost=199.06..31945.69 rows=9232 width=121)
	        Recheck Cond: ((id >= 4822250) AND (id <= 4832249))
	        ->  Bitmap Index Scan on sbtest4_pkey  (cost=0.00..196.75 rows=9232 width=0)
	              Index Cond: ((id >= 4822250) AND (id <= 4832249))

table 5 : explain SELECT c FROM sbtest5 WHERE id BETWEEN 9886017 AND 9896016 ORDER BY c
	Sort  (cost=32770.30..32793.52 rows=9286 width=121)
	  Sort Key: c
	  ->  Bitmap Heap Scan on sbtest5  (cost=199.62..32158.32 rows=9286 width=121)
	        Recheck Cond: ((id >= 9886017) AND (id <= 9896016))
	        ->  Bitmap Index Scan on sbtest5_pkey  (cost=0.00..197.30 rows=9286 width=0)
	              Index Cond: ((id >= 9886017) AND (id <= 9896016))

table 6 : explain SELECT c FROM sbtest6 WHERE id BETWEEN 4811507 AND 4821506 ORDER BY c
	Sort  (cost=33192.27..33215.84 rows=9426 width=121)
	  Sort Key: c
	  ->  Bitmap Heap Scan on sbtest6  (cost=201.05..32570.04 rows=9426 width=121)
	        Recheck Cond: ((id >= 4811507) AND (id <= 4821506))
	        ->  Bitmap Index Scan on sbtest6_pkey  (cost=0.00..198.69 rows=9426 width=0)
	              Index Cond: ((id >= 4811507) AND (id <= 4821506))

table 7 : explain SELECT c FROM sbtest7 WHERE id BETWEEN 2919754 AND 2929753 ORDER BY c
	Sort  (cost=35385.09..35410.33 rows=10097 width=121)
	  Sort Key: c
	  ->  Bitmap Heap Scan on sbtest7  (cost=215.93..34713.56 rows=10097 width=121)
	        Recheck Cond: ((id >= 2919754) AND (id <= 2929753))
	        ->  Bitmap Index Scan on sbtest7_pkey  (cost=0.00..213.41 rows=10097 width=0)
	              Index Cond: ((id >= 2919754) AND (id <= 2929753))

table 8 : explain SELECT c FROM sbtest8 WHERE id BETWEEN 3606416 AND 3616415 ORDER BY c
	Sort  (cost=37558.35..37585.31 rows=10782 width=121)
	  Sort Key: c
	  ->  Bitmap Heap Scan on sbtest8  (cost=234.95..36836.15 rows=10782 width=121)
	        Recheck Cond: ((id >= 3606416) AND (id <= 3616415))
	        ->  Bitmap Index Scan on sbtest8_pkey  (cost=0.00..232.25 rows=10782 width=0)
	              Index Cond: ((id >= 3606416) AND (id <= 3616415))

for: sum_ranges
table 1 : explain SELECT SUM(k) FROM sbtest1 WHERE id BETWEEN 9661117 AND 9671116
	Aggregate  (cost=33398.42..33398.43 rows=1 width=8)
	  ->  Bitmap Heap Scan on sbtest1  (cost=207.71..33374.21 rows=9685 width=4)
	        Recheck Cond: ((id >= 9661117) AND (id <= 9671116))
	        ->  Bitmap Index Scan on sbtest1_pkey  (cost=0.00..205.29 rows=9685 width=0)
	              Index Cond: ((id >= 9661117) AND (id <= 9671116))

table 2 : explain SELECT SUM(k) FROM sbtest2 WHERE id BETWEEN 3184476 AND 3194475
	Aggregate  (cost=34222.47..34222.48 rows=1 width=8)
	  ->  Bitmap Heap Scan on sbtest2  (cost=214.43..34197.59 rows=9951 width=4)
	        Recheck Cond: ((id >= 3184476) AND (id <= 3194475))
	        ->  Bitmap Index Scan on sbtest2_pkey  (cost=0.00..211.94 rows=9951 width=0)
	              Index Cond: ((id >= 3184476) AND (id <= 3194475))

table 3 : explain SELECT SUM(k) FROM sbtest3 WHERE id BETWEEN 4912241 AND 4922240
	Aggregate  (cost=35290.42..35290.43 rows=1 width=8)
	  ->  Bitmap Heap Scan on sbtest3  (cost=221.94..35264.69 rows=10293 width=4)
	        Recheck Cond: ((id >= 4912241) AND (id <= 4922240))
	        ->  Bitmap Index Scan on sbtest3_pkey  (cost=0.00..219.37 rows=10293 width=0)
	              Index Cond: ((id >= 4912241) AND (id <= 4922240))

table 4 : explain SELECT SUM(k) FROM sbtest4 WHERE id BETWEEN 3569059 AND 3579058
	Aggregate  (cost=36030.73..36030.74 rows=1 width=8)
	  ->  Bitmap Heap Scan on sbtest4  (cost=224.40..36004.40 rows=10533 width=4)
	        Recheck Cond: ((id >= 3569059) AND (id <= 3579058))
	        ->  Bitmap Index Scan on sbtest4_pkey  (cost=0.00..221.76 rows=10533 width=0)
	              Index Cond: ((id >= 3569059) AND (id <= 3579058))

table 5 : explain SELECT SUM(k) FROM sbtest5 WHERE id BETWEEN 2452739 AND 2462738
	Aggregate  (cost=31752.51..31752.52 rows=1 width=8)
	  ->  Bitmap Heap Scan on sbtest5  (cost=198.21..31729.63 rows=9149 width=4)
	        Recheck Cond: ((id >= 2452739) AND (id <= 2462738))
	        ->  Bitmap Index Scan on sbtest5_pkey  (cost=0.00..195.93 rows=9149 width=0)
	              Index Cond: ((id >= 2452739) AND (id <= 2462738))

table 6 : explain SELECT SUM(k) FROM sbtest6 WHERE id BETWEEN 4648481 AND 4658480
	Aggregate  (cost=36579.08..36579.09 rows=1 width=8)
	  ->  Bitmap Heap Scan on sbtest6  (cost=230.15..36552.32 rows=10704 width=4)
	        Recheck Cond: ((id >= 4648481) AND (id <= 4658480))
	        ->  Bitmap Index Scan on sbtest6_pkey  (cost=0.00..227.48 rows=10704 width=0)
	              Index Cond: ((id >= 4648481) AND (id <= 4658480))

table 7 : explain SELECT SUM(k) FROM sbtest7 WHERE id BETWEEN 6794748 AND 6804747
	Aggregate  (cost=34172.29..34172.30 rows=1 width=8)
	  ->  Bitmap Heap Scan on sbtest7  (cost=214.07..34147.50 rows=9916 width=4)
	        Recheck Cond: ((id >= 6794748) AND (id <= 6804747))
	        ->  Bitmap Index Scan on sbtest7_pkey  (cost=0.00..211.59 rows=9916 width=0)
	              Index Cond: ((id >= 6794748) AND (id <= 6804747))

table 8 : explain SELECT SUM(k) FROM sbtest8 WHERE id BETWEEN 5316506 AND 5326505
	Aggregate  (cost=33487.77..33487.78 rows=1 width=8)
	  ->  Bitmap Heap Scan on sbtest8  (cost=211.84..33463.52 rows=9698 width=4)
	        Recheck Cond: ((id >= 5316506) AND (id <= 5326505))
	        ->  Bitmap Index Scan on sbtest8_pkey  (cost=0.00..209.42 rows=9698 width=0)
	              Index Cond: ((id >= 5316506) AND (id <= 5326505))

for: simple_ranges
table 1 : explain SELECT c FROM sbtest1 WHERE id BETWEEN 4832531 AND 4842530
	Bitmap Heap Scan on sbtest1  (cost=237.19..37453.39 rows=11000 width=121)
	  Recheck Cond: ((id >= 4832531) AND (id <= 4842530))
	  ->  Bitmap Index Scan on sbtest1_pkey  (cost=0.00..234.44 rows=11000 width=0)
	        Index Cond: ((id >= 4832531) AND (id <= 4842530))

table 2 : explain SELECT c FROM sbtest2 WHERE id BETWEEN 1638443 AND 1648442
	Bitmap Heap Scan on sbtest2  (cost=214.92..34348.45 rows=9999 width=121)
	  Recheck Cond: ((id >= 1638443) AND (id <= 1648442))
	  ->  Bitmap Index Scan on sbtest2_pkey  (cost=0.00..212.43 rows=9999 width=0)
	        Index Cond: ((id >= 1638443) AND (id <= 1648442))

table 3 : explain SELECT c FROM sbtest3 WHERE id BETWEEN 6179034 AND 6189033
	Bitmap Heap Scan on sbtest3  (cost=222.74..35507.59 rows=10371 width=121)
	  Recheck Cond: ((id >= 6179034) AND (id <= 6189033))
	  ->  Bitmap Index Scan on sbtest3_pkey  (cost=0.00..220.15 rows=10371 width=0)
	        Index Cond: ((id >= 6179034) AND (id <= 6189033))

table 4 : explain SELECT c FROM sbtest4 WHERE id BETWEEN 1917377 AND 1927376
	Bitmap Heap Scan on sbtest4  (cost=208.24..33529.33 rows=9737 width=121)
	  Recheck Cond: ((id >= 1917377) AND (id <= 1927376))
	  ->  Bitmap Index Scan on sbtest4_pkey  (cost=0.00..205.81 rows=9737 width=0)
	        Index Cond: ((id >= 1917377) AND (id <= 1927376))

table 5 : explain SELECT c FROM sbtest5 WHERE id BETWEEN 6078613 AND 6088612
	Bitmap Heap Scan on sbtest5  (cost=199.82..32223.19 rows=9306 width=121)
	  Recheck Cond: ((id >= 6078613) AND (id <= 6088612))
	  ->  Bitmap Index Scan on sbtest5_pkey  (cost=0.00..197.50 rows=9306 width=0)
	        Index Cond: ((id >= 6078613) AND (id <= 6088612))

table 6 : explain SELECT c FROM sbtest6 WHERE id BETWEEN 2660430 AND 2670429
	Bitmap Heap Scan on sbtest6  (cost=230.50..36657.35 rows=10738 width=121)
	  Recheck Cond: ((id >= 2660430) AND (id <= 2670429))
	  ->  Bitmap Index Scan on sbtest6_pkey  (cost=0.00..227.81 rows=10738 width=0)
	        Index Cond: ((id >= 2660430) AND (id <= 2670429))

table 7 : explain SELECT c FROM sbtest7 WHERE id BETWEEN 5609497 AND 5619496
	Bitmap Heap Scan on sbtest7  (cost=228.87..36214.31 rows=10579 width=121)
	  Recheck Cond: ((id >= 5609497) AND (id <= 5619496))
	  ->  Bitmap Index Scan on sbtest7_pkey  (cost=0.00..226.23 rows=10579 width=0)
	        Index Cond: ((id >= 5609497) AND (id <= 5619496))

table 8 : explain SELECT c FROM sbtest8 WHERE id BETWEEN 5411047 AND 5421046
	Bitmap Heap Scan on sbtest8  (cost=213.22..33886.05 rows=9833 width=121)
	  Recheck Cond: ((id >= 5411047) AND (id <= 5421046))
	  ->  Bitmap Index Scan on sbtest8_pkey  (cost=0.00..210.76 rows=9833 width=0)
	        Index Cond: ((id >= 5411047) AND (id <= 5421046))

for: sum_ranges
table 1 : explain SELECT SUM(k) FROM sbtest1 WHERE id BETWEEN 7463234 AND 7473233
	Aggregate  (cost=35279.84..35279.85 rows=1 width=8)
	  ->  Bitmap Heap Scan on sbtest1  (cost=221.88..35254.13 rows=10287 width=4)
	        Recheck Cond: ((id >= 7463234) AND (id <= 7473233))
	        ->  Bitmap Index Scan on sbtest1_pkey  (cost=0.00..219.31 rows=10287 width=0)
	              Index Cond: ((id >= 7463234) AND (id <= 7473233))

table 2 : explain SELECT SUM(k) FROM sbtest2 WHERE id BETWEEN 1746068 AND 1756067
	Aggregate  (cost=37709.97..37709.98 rows=1 width=8)
	  ->  Bitmap Heap Scan on sbtest2  (cost=237.98..37682.27 rows=11078 width=4)
	        Recheck Cond: ((id >= 1746068) AND (id <= 1756067))
	        ->  Bitmap Index Scan on sbtest2_pkey  (cost=0.00..235.22 rows=11078 width=0)
	              Index Cond: ((id >= 1746068) AND (id <= 1756067))

table 3 : explain SELECT SUM(k) FROM sbtest3 WHERE id BETWEEN 5110314 AND 5120313
	Aggregate  (cost=33593.29..33593.30 rows=1 width=8)
	  ->  Bitmap Heap Scan on sbtest3  (cost=208.36..33568.92 rows=9749 width=4)
	        Recheck Cond: ((id >= 5110314) AND (id <= 5120313))
	        ->  Bitmap Index Scan on sbtest3_pkey  (cost=0.00..205.93 rows=9749 width=0)
	              Index Cond: ((id >= 5110314) AND (id <= 5120313))

table 4 : explain SELECT SUM(k) FROM sbtest4 WHERE id BETWEEN 4374532 AND 4384531
	Aggregate  (cost=36754.83..36754.84 rows=1 width=8)
	  ->  Bitmap Heap Scan on sbtest4  (cost=230.80..36727.92 rows=10767 width=4)
	        Recheck Cond: ((id >= 4374532) AND (id <= 4384531))
	        ->  Bitmap Index Scan on sbtest4_pkey  (cost=0.00..228.11 rows=10767 width=0)
	              Index Cond: ((id >= 4374532) AND (id <= 4384531))

table 5 : explain SELECT SUM(k) FROM sbtest5 WHERE id BETWEEN 4206414 AND 4216413
	Aggregate  (cost=32717.50..32717.51 rows=1 width=8)
	  ->  Bitmap Heap Scan on sbtest5  (cost=205.35..32693.86 rows=9455 width=4)
	        Recheck Cond: ((id >= 4206414) AND (id <= 4216413))
	        ->  Bitmap Index Scan on sbtest5_pkey  (cost=0.00..202.99 rows=9455 width=0)
	              Index Cond: ((id >= 4206414) AND (id <= 4216413))

table 6 : explain SELECT SUM(k) FROM sbtest6 WHERE id BETWEEN 1459043 AND 1469042
	Aggregate  (cost=34443.23..34443.24 rows=1 width=8)
	  ->  Bitmap Heap Scan on sbtest6  (cost=215.10..34418.19 rows=10016 width=4)
	        Recheck Cond: ((id >= 1459043) AND (id <= 1469042))
	        ->  Bitmap Index Scan on sbtest6_pkey  (cost=0.00..212.59 rows=10016 width=0)
	              Index Cond: ((id >= 1459043) AND (id <= 1469042))

table 7 : explain SELECT SUM(k) FROM sbtest7 WHERE id BETWEEN 543867 AND 553866
	Aggregate  (cost=34065.92..34065.93 rows=1 width=8)
	  ->  Bitmap Heap Scan on sbtest7  (cost=213.73..34041.22 rows=9882 width=4)
	        Recheck Cond: ((id >= 543867) AND (id <= 553866))
	        ->  Bitmap Index Scan on sbtest7_pkey  (cost=0.00..211.25 rows=9882 width=0)
	              Index Cond: ((id >= 543867) AND (id <= 553866))

table 8 : explain SELECT SUM(k) FROM sbtest8 WHERE id BETWEEN 3962031 AND 3972030
	Aggregate  (cost=32193.84..32193.85 rows=1 width=8)
	  ->  Bitmap Heap Scan on sbtest8  (cost=199.64..32170.62 rows=9288 width=4)
	        Recheck Cond: ((id >= 3962031) AND (id <= 3972030))
	        ->  Bitmap Index Scan on sbtest8_pkey  (cost=0.00..197.31 rows=9288 width=0)
	              Index Cond: ((id >= 3962031) AND (id <= 3972030))

for: sum_ranges
table 1 : explain SELECT SUM(k) FROM sbtest1 WHERE id BETWEEN 5717717 AND 5727716
	Aggregate  (cost=36021.48..36021.49 rows=1 width=8)
	  ->  Bitmap Heap Scan on sbtest1  (cost=224.34..35995.16 rows=10527 width=4)
	        Recheck Cond: ((id >= 5717717) AND (id <= 5727716))
	        ->  Bitmap Index Scan on sbtest1_pkey  (cost=0.00..221.70 rows=10527 width=0)
	              Index Cond: ((id >= 5717717) AND (id <= 5727716))

table 2 : explain SELECT SUM(k) FROM sbtest2 WHERE id BETWEEN 7862229 AND 7872228
	Aggregate  (cost=35649.28..35649.29 rows=1 width=8)
	  ->  Bitmap Heap Scan on sbtest2  (cost=223.14..35623.25 rows=10410 width=4)
	        Recheck Cond: ((id >= 7862229) AND (id <= 7872228))
	        ->  Bitmap Index Scan on sbtest2_pkey  (cost=0.00..220.54 rows=10410 width=0)
	              Index Cond: ((id >= 7862229) AND (id <= 7872228))

table 3 : explain SELECT SUM(k) FROM sbtest3 WHERE id BETWEEN 2470854 AND 2480853
	Aggregate  (cost=36517.19..36517.20 rows=1 width=8)
	  ->  Bitmap Heap Scan on sbtest3  (cost=230.00..36490.47 rows=10689 width=4)
	        Recheck Cond: ((id >= 2470854) AND (id <= 2480853))
	        ->  Bitmap Index Scan on sbtest3_pkey  (cost=0.00..227.32 rows=10689 width=0)
	              Index Cond: ((id >= 2470854) AND (id <= 2480853))

table 4 : explain SELECT SUM(k) FROM sbtest4 WHERE id BETWEEN 2205371 AND 2215370
	Aggregate  (cost=33618.09..33618.10 rows=1 width=8)
	  ->  Bitmap Heap Scan on sbtest4  (cost=208.44..33593.70 rows=9757 width=4)
	        Recheck Cond: ((id >= 2205371) AND (id <= 2215370))
	        ->  Bitmap Index Scan on sbtest4_pkey  (cost=0.00..206.00 rows=9757 width=0)
	              Index Cond: ((id >= 2205371) AND (id <= 2215370))

table 5 : explain SELECT SUM(k) FROM sbtest5 WHERE id BETWEEN 9059288 AND 9069287
	Aggregate  (cost=30891.54..30891.55 rows=1 width=8)
	  ->  Bitmap Heap Scan on sbtest5  (cost=191.44..30869.35 rows=8879 width=4)
	        Recheck Cond: ((id >= 9059288) AND (id <= 9069287))
	        ->  Bitmap Index Scan on sbtest5_pkey  (cost=0.00..189.23 rows=8879 width=0)
	              Index Cond: ((id >= 9059288) AND (id <= 9069287))

table 6 : explain SELECT SUM(k) FROM sbtest6 WHERE id BETWEEN 2637482 AND 2647481
	Aggregate  (cost=34494.63..34494.64 rows=1 width=8)
	  ->  Bitmap Heap Scan on sbtest6  (cost=215.26..34469.55 rows=10032 width=4)
	        Recheck Cond: ((id >= 2637482) AND (id <= 2647481))
	        ->  Bitmap Index Scan on sbtest6_pkey  (cost=0.00..212.75 rows=10032 width=0)
	              Index Cond: ((id >= 2637482) AND (id <= 2647481))

table 7 : explain SELECT SUM(k) FROM sbtest7 WHERE id BETWEEN 4173352 AND 4183351
	Aggregate  (cost=32765.78..32765.79 rows=1 width=8)
	  ->  Bitmap Heap Scan on sbtest7  (cost=205.48..32742.11 rows=9468 width=4)
	        Recheck Cond: ((id >= 4173352) AND (id <= 4183351))
	        ->  Bitmap Index Scan on sbtest7_pkey  (cost=0.00..203.12 rows=9468 width=0)
	              Index Cond: ((id >= 4173352) AND (id <= 4183351))

table 8 : explain SELECT SUM(k) FROM sbtest8 WHERE id BETWEEN 1899251 AND 1909250
	Aggregate  (cost=34068.63..34068.64 rows=1 width=8)
	  ->  Bitmap Heap Scan on sbtest8  (cost=213.75..34043.92 rows=9884 width=4)
	        Recheck Cond: ((id >= 1899251) AND (id <= 1909250))
	        ->  Bitmap Index Scan on sbtest8_pkey  (cost=0.00..211.28 rows=9884 width=0)
	              Index Cond: ((id >= 1899251) AND (id <= 1909250))

for: simple_ranges
table 1 : explain SELECT c FROM sbtest1 WHERE id BETWEEN 3946429 AND 3956428
	Bitmap Heap Scan on sbtest1  (cost=216.92..34962.07 rows=10194 width=121)
	  Recheck Cond: ((id >= 3946429) AND (id <= 3956428))
	  ->  Bitmap Index Scan on sbtest1_pkey  (cost=0.00..214.38 rows=10194 width=0)
	        Index Cond: ((id >= 3946429) AND (id <= 3956428))

table 2 : explain SELECT c FROM sbtest2 WHERE id BETWEEN 3506663 AND 3516662
	Bitmap Heap Scan on sbtest2  (cost=232.16..37132.97 rows=10900 width=121)
	  Recheck Cond: ((id >= 3506663) AND (id <= 3516662))
	  ->  Bitmap Index Scan on sbtest2_pkey  (cost=0.00..229.44 rows=10900 width=0)
	        Index Cond: ((id >= 3506663) AND (id <= 3516662))

table 3 : explain SELECT c FROM sbtest3 WHERE id BETWEEN 2255364 AND 2265363
	Bitmap Heap Scan on sbtest3  (cost=208.66..33659.05 rows=9778 width=121)
	  Recheck Cond: ((id >= 2255364) AND (id <= 2265363))
	  ->  Bitmap Index Scan on sbtest3_pkey  (cost=0.00..206.22 rows=9778 width=0)
	        Index Cond: ((id >= 2255364) AND (id <= 2265363))

table 4 : explain SELECT c FROM sbtest4 WHERE id BETWEEN 9871915 AND 9881914
	Bitmap Heap Scan on sbtest4  (cost=221.44..35113.29 rows=10244 width=121)
	  Recheck Cond: ((id >= 9871915) AND (id <= 9881914))
	  ->  Bitmap Index Scan on sbtest4_pkey  (cost=0.00..218.88 rows=10244 width=0)
	        Index Cond: ((id >= 9871915) AND (id <= 9881914))

table 5 : explain SELECT c FROM sbtest5 WHERE id BETWEEN 1456138 AND 1466137
	Bitmap Heap Scan on sbtest5  (cost=197.74..31583.34 rows=9103 width=121)
	  Recheck Cond: ((id >= 1456138) AND (id <= 1466137))
	  ->  Bitmap Index Scan on sbtest5_pkey  (cost=0.00..195.47 rows=9103 width=0)
	        Index Cond: ((id >= 1456138) AND (id <= 1466137))

table 6 : explain SELECT c FROM sbtest6 WHERE id BETWEEN 3163590 AND 3173589
	Bitmap Heap Scan on sbtest6  (cost=222.85..35556.23 rows=10382 width=121)
	  Recheck Cond: ((id >= 3163590) AND (id <= 3173589))
	  ->  Bitmap Index Scan on sbtest6_pkey  (cost=0.00..220.25 rows=10382 width=0)
	        Index Cond: ((id >= 3163590) AND (id <= 3173589))

table 7 : explain SELECT c FROM sbtest7 WHERE id BETWEEN 7528889 AND 7538888
	Bitmap Heap Scan on sbtest7  (cost=221.34..35144.51 rows=10235 width=121)
	  Recheck Cond: ((id >= 7528889) AND (id <= 7538888))
	  ->  Bitmap Index Scan on sbtest7_pkey  (cost=0.00..218.79 rows=10235 width=0)
	        Index Cond: ((id >= 7528889) AND (id <= 7538888))

table 8 : explain SELECT c FROM sbtest8 WHERE id BETWEEN 8780143 AND 8790142
	Bitmap Heap Scan on sbtest8  (cost=207.00..33204.35 rows=9616 width=121)
	  Recheck Cond: ((id >= 8780143) AND (id <= 8790142))
	  ->  Bitmap Index Scan on sbtest8_pkey  (cost=0.00..204.59 rows=9616 width=0)
	        Index Cond: ((id >= 8780143) AND (id <= 8790142))

for: sum_ranges
table 1 : explain SELECT SUM(k) FROM sbtest1 WHERE id BETWEEN 3714606 AND 3724605
	Aggregate  (cost=37213.33..37213.34 rows=1 width=8)
	  ->  Bitmap Heap Scan on sbtest1  (cost=232.30..37186.04 rows=10914 width=4)
	        Recheck Cond: ((id >= 3714606) AND (id <= 3724605))
	        ->  Bitmap Index Scan on sbtest1_pkey  (cost=0.00..229.57 rows=10914 width=0)
	              Index Cond: ((id >= 3714606) AND (id <= 3724605))

table 2 : explain SELECT SUM(k) FROM sbtest2 WHERE id BETWEEN 7658026 AND 7668025
	Aggregate  (cost=33732.73..33732.74 rows=1 width=8)
	  ->  Bitmap Heap Scan on sbtest2  (cost=208.83..33708.24 rows=9795 width=4)
	        Recheck Cond: ((id >= 7658026) AND (id <= 7668025))
	        ->  Bitmap Index Scan on sbtest2_pkey  (cost=0.00..206.38 rows=9795 width=0)
	              Index Cond: ((id >= 7658026) AND (id <= 7668025))

table 3 : explain SELECT SUM(k) FROM sbtest3 WHERE id BETWEEN 5047142 AND 5057141
	Aggregate  (cost=34999.02..34999.03 rows=1 width=8)
	  ->  Bitmap Heap Scan on sbtest3  (cost=220.97..34973.52 rows=10199 width=4)
	        Recheck Cond: ((id >= 5047142) AND (id <= 5057141))
	        ->  Bitmap Index Scan on sbtest3_pkey  (cost=0.00..218.43 rows=10199 width=0)
	              Index Cond: ((id >= 5047142) AND (id <= 5057141))

table 4 : explain SELECT SUM(k) FROM sbtest4 WHERE id BETWEEN 9570159 AND 9580158
	Aggregate  (cost=35737.01..35737.02 rows=1 width=8)
	  ->  Bitmap Heap Scan on sbtest4  (cost=223.42..35710.92 rows=10438 width=4)
	        Recheck Cond: ((id >= 9570159) AND (id <= 9580158))
	        ->  Bitmap Index Scan on sbtest4_pkey  (cost=0.00..220.81 rows=10438 width=0)
	              Index Cond: ((id >= 9570159) AND (id <= 9580158))

table 5 : explain SELECT SUM(k) FROM sbtest5 WHERE id BETWEEN 288427 AND 298426
	Aggregate  (cost=33584.35..33584.36 rows=1 width=8)
	  ->  Bitmap Heap Scan on sbtest5  (cost=208.18..33560.02 rows=9731 width=4)
	        Recheck Cond: ((id >= 288427) AND (id <= 298426))
	        ->  Bitmap Index Scan on sbtest5_pkey  (cost=0.00..205.75 rows=9731 width=0)
	              Index Cond: ((id >= 288427) AND (id <= 298426))

table 6 : explain SELECT SUM(k) FROM sbtest6 WHERE id BETWEEN 1327765 AND 1337764
	Aggregate  (cost=33531.43..33531.44 rows=1 width=8)
	  ->  Bitmap Heap Scan on sbtest6  (cost=208.12..33507.12 rows=9725 width=4)
	        Recheck Cond: ((id >= 1327765) AND (id <= 1337764))
	        ->  Bitmap Index Scan on sbtest6_pkey  (cost=0.00..205.69 rows=9725 width=0)
	              Index Cond: ((id >= 1327765) AND (id <= 1337764))

table 7 : explain SELECT SUM(k) FROM sbtest7 WHERE id BETWEEN 1119273 AND 1129272
	Aggregate  (cost=32882.41..32882.42 rows=1 width=8)
	  ->  Bitmap Heap Scan on sbtest7  (cost=205.86..32858.65 rows=9505 width=4)
	        Recheck Cond: ((id >= 1119273) AND (id <= 1129272))
	        ->  Bitmap Index Scan on sbtest7_pkey  (cost=0.00..203.49 rows=9505 width=0)
	              Index Cond: ((id >= 1119273) AND (id <= 1129272))

table 8 : explain SELECT SUM(k) FROM sbtest8 WHERE id BETWEEN 3675328 AND 3685327
	Aggregate  (cost=36054.42..36054.43 rows=1 width=8)
	  ->  Bitmap Heap Scan on sbtest8  (cost=228.28..36028.12 rows=10521 width=4)
	        Recheck Cond: ((id >= 3675328) AND (id <= 3685327))
	        ->  Bitmap Index Scan on sbtest8_pkey  (cost=0.00..225.65 rows=10521 width=0)
	              Index Cond: ((id >= 3675328) AND (id <= 3685327))

for: simple_ranges
table 1 : explain SELECT c FROM sbtest1 WHERE id BETWEEN 9804129 AND 9814128
	Bitmap Heap Scan on sbtest1  (cost=201.27..32627.79 rows=9447 width=121)
	  Recheck Cond: ((id >= 9804129) AND (id <= 9814128))
	  ->  Bitmap Index Scan on sbtest1_pkey  (cost=0.00..198.91 rows=9447 width=0)
	        Index Cond: ((id >= 9804129) AND (id <= 9814128))

table 2 : explain SELECT c FROM sbtest2 WHERE id BETWEEN 741037 AND 751036
	Bitmap Heap Scan on sbtest2  (cost=229.38..36303.22 rows=10629 width=121)
	  Recheck Cond: ((id >= 741037) AND (id <= 751036))
	  ->  Bitmap Index Scan on sbtest2_pkey  (cost=0.00..226.73 rows=10629 width=0)
	        Index Cond: ((id >= 741037) AND (id <= 751036))

table 3 : explain SELECT c FROM sbtest3 WHERE id BETWEEN 6899818 AND 6909817
	Bitmap Heap Scan on sbtest3  (cost=208.36..33568.92 rows=9749 width=121)
	  Recheck Cond: ((id >= 6899818) AND (id <= 6909817))
	  ->  Bitmap Index Scan on sbtest3_pkey  (cost=0.00..205.93 rows=9749 width=0)
	        Index Cond: ((id >= 6899818) AND (id <= 6909817))

table 4 : explain SELECT c FROM sbtest4 WHERE id BETWEEN 9376175 AND 9386174
	Bitmap Heap Scan on sbtest4  (cost=221.57..35151.70 rows=10257 width=121)
	  Recheck Cond: ((id >= 9376175) AND (id <= 9386174))
	  ->  Bitmap Index Scan on sbtest4_pkey  (cost=0.00..219.00 rows=10257 width=0)
	        Index Cond: ((id >= 9376175) AND (id <= 9386174))

table 5 : explain SELECT c FROM sbtest5 WHERE id BETWEEN 2078561 AND 2088560
	Bitmap Heap Scan on sbtest5  (cost=228.88..36207.06 rows=10580 width=121)
	  Recheck Cond: ((id >= 2078561) AND (id <= 2088560))
	  ->  Bitmap Index Scan on sbtest5_pkey  (cost=0.00..226.24 rows=10580 width=0)
	        Index Cond: ((id >= 2078561) AND (id <= 2088560))

table 6 : explain SELECT c FROM sbtest6 WHERE id BETWEEN 4289544 AND 4299543
	Bitmap Heap Scan on sbtest6  (cost=215.99..34687.76 rows=10103 width=121)
	  Recheck Cond: ((id >= 4289544) AND (id <= 4299543))
	  ->  Bitmap Index Scan on sbtest6_pkey  (cost=0.00..213.47 rows=10103 width=0)
	        Index Cond: ((id >= 4289544) AND (id <= 4299543))

table 7 : explain SELECT c FROM sbtest7 WHERE id BETWEEN 47036 AND 57035
	Bitmap Heap Scan on sbtest7  (cost=185.08..30139.03 rows=8648 width=121)
	  Recheck Cond: ((id >= 47036) AND (id <= 57035))
	  ->  Bitmap Index Scan on sbtest7_pkey  (cost=0.00..182.92 rows=8648 width=0)
	        Index Cond: ((id >= 47036) AND (id <= 57035))

table 8 : explain SELECT c FROM sbtest8 WHERE id BETWEEN 8790036 AND 8800035
	Bitmap Heap Scan on sbtest8  (cost=204.11..32317.37 rows=9334 width=121)
	  Recheck Cond: ((id >= 8790036) AND (id <= 8800035))
	  ->  Bitmap Index Scan on sbtest8_pkey  (cost=0.00..201.78 rows=9334 width=0)
	        Index Cond: ((id >= 8790036) AND (id <= 8800035))

for: distinct_ranges
table 1 : explain SELECT DISTINCT c FROM sbtest1 WHERE id BETWEEN 9974058 AND 9984057 ORDER BY c
	Unique  (cost=34453.78..34502.89 rows=9822 width=121)
	  ->  Sort  (cost=34453.78..34478.33 rows=9822 width=121)
	        Sort Key: c
	        ->  Bitmap Heap Scan on sbtest1  (cost=209.11..33802.49 rows=9822 width=121)
	              Recheck Cond: ((id >= 9974058) AND (id <= 9984057))
	              ->  Bitmap Index Scan on sbtest1_pkey  (cost=0.00..206.66 rows=9822 width=0)
	                    Index Cond: ((id >= 9974058) AND (id <= 9984057))

table 2 : explain SELECT DISTINCT c FROM sbtest2 WHERE id BETWEEN 537753 AND 547752 ORDER BY c
	Unique  (cost=35754.97..35806.13 rows=10232 width=121)
	  ->  Sort  (cost=35754.97..35780.55 rows=10232 width=121)
	        Sort Key: c
	        ->  Bitmap Heap Scan on sbtest2  (cost=221.31..35073.48 rows=10232 width=121)
	              Recheck Cond: ((id >= 537753) AND (id <= 547752))
	              ->  Bitmap Index Scan on sbtest2_pkey  (cost=0.00..218.75 rows=10232 width=0)
	                    Index Cond: ((id >= 537753) AND (id <= 547752))

table 3 : explain SELECT DISTINCT c FROM sbtest3 WHERE id BETWEEN 7071153 AND 7081152 ORDER BY c
	Unique  (cost=34942.83..34992.71 rows=9976 width=121)
	  ->  Sort  (cost=34942.83..34967.77 rows=9976 width=121)
	        Sort Key: c
	        ->  Bitmap Heap Scan on sbtest3  (cost=214.69..34280.21 rows=9976 width=121)
	              Recheck Cond: ((id >= 7071153) AND (id <= 7081152))
	              ->  Bitmap Index Scan on sbtest3_pkey  (cost=0.00..212.19 rows=9976 width=0)
	                    Index Cond: ((id >= 7071153) AND (id <= 7081152))

table 4 : explain SELECT DISTINCT c FROM sbtest4 WHERE id BETWEEN 3096887 AND 3106886 ORDER BY c
	Unique  (cost=36394.57..36446.74 rows=10434 width=121)
	  ->  Sort  (cost=36394.57..36420.66 rows=10434 width=121)
	        Sort Key: c
	        ->  Bitmap Heap Scan on sbtest4  (cost=223.38..35698.15 rows=10434 width=121)
	              Recheck Cond: ((id >= 3096887) AND (id <= 3106886))
	              ->  Bitmap Index Scan on sbtest4_pkey  (cost=0.00..220.78 rows=10434 width=0)
	                    Index Cond: ((id >= 3096887) AND (id <= 3106886))

table 5 : explain SELECT DISTINCT c FROM sbtest5 WHERE id BETWEEN 9956315 AND 9966314 ORDER BY c
	Unique  (cost=32750.30..32796.70 rows=9279 width=121)
	  ->  Sort  (cost=32750.30..32773.50 rows=9279 width=121)
	        Sort Key: c
	        ->  Bitmap Heap Scan on sbtest5  (cost=199.54..32138.83 rows=9279 width=121)
	              Recheck Cond: ((id >= 9956315) AND (id <= 9966314))
	              ->  Bitmap Index Scan on sbtest5_pkey  (cost=0.00..197.23 rows=9279 width=0)
	                    Index Cond: ((id >= 9956315) AND (id <= 9966314))

table 6 : explain SELECT DISTINCT c FROM sbtest6 WHERE id BETWEEN 6880950 AND 6890949 ORDER BY c
	Unique  (cost=34042.32..34090.77 rows=9690 width=121)
	  ->  Sort  (cost=34042.32..34066.54 rows=9690 width=121)
	        Sort Key: c
	        ->  Bitmap Heap Scan on sbtest6  (cost=207.76..33400.73 rows=9690 width=121)
	              Recheck Cond: ((id >= 6880950) AND (id <= 6890949))
	              ->  Bitmap Index Scan on sbtest6_pkey  (cost=0.00..205.34 rows=9690 width=0)
	                    Index Cond: ((id >= 6880950) AND (id <= 6890949))

table 7 : explain SELECT DISTINCT c FROM sbtest7 WHERE id BETWEEN 1227681 AND 1237680 ORDER BY c
	Unique  (cost=36223.25..36275.05 rows=10360 width=121)
	  ->  Sort  (cost=36223.25..36249.15 rows=10360 width=121)
	        Sort Key: c
	        ->  Bitmap Heap Scan on sbtest7  (cost=222.63..35532.30 rows=10360 width=121)
	              Recheck Cond: ((id >= 1227681) AND (id <= 1237680))
	              ->  Bitmap Index Scan on sbtest7_pkey  (cost=0.00..220.04 rows=10360 width=0)
	                    Index Cond: ((id >= 1227681) AND (id <= 1237680))

table 8 : explain SELECT DISTINCT c FROM sbtest8 WHERE id BETWEEN 905271 AND 915270 ORDER BY c
	Unique  (cost=32959.38..33006.09 rows=9342 width=121)
	  ->  Sort  (cost=32959.38..32982.74 rows=9342 width=121)
	        Sort Key: c
	        ->  Bitmap Heap Scan on sbtest8  (cost=204.19..32343.30 rows=9342 width=121)
	              Recheck Cond: ((id >= 905271) AND (id <= 915270))
	              ->  Bitmap Index Scan on sbtest8_pkey  (cost=0.00..201.86 rows=9342 width=0)
	                    Index Cond: ((id >= 905271) AND (id <= 915270))

for: sum_ranges
table 1 : explain SELECT SUM(k) FROM sbtest1 WHERE id BETWEEN 2128676 AND 2138675
	Aggregate  (cost=31294.56..31294.57 rows=1 width=8)
	  ->  Bitmap Heap Scan on sbtest1  (cost=192.86..31272.02 rows=9017 width=4)
	        Recheck Cond: ((id >= 2128676) AND (id <= 2138675))
	        ->  Bitmap Index Scan on sbtest1_pkey  (cost=0.00..190.61 rows=9017 width=0)
	              Index Cond: ((id >= 2128676) AND (id <= 2138675))

table 2 : explain SELECT SUM(k) FROM sbtest2 WHERE id BETWEEN 9829950 AND 9839949
	Aggregate  (cost=36380.78..36380.79 rows=1 width=8)
	  ->  Bitmap Heap Scan on sbtest2  (cost=229.56..36354.17 rows=10646 width=4)
	        Recheck Cond: ((id >= 9829950) AND (id <= 9839949))
	        ->  Bitmap Index Scan on sbtest2_pkey  (cost=0.00..226.90 rows=10646 width=0)
	              Index Cond: ((id >= 9829950) AND (id <= 9839949))

table 3 : explain SELECT SUM(k) FROM sbtest3 WHERE id BETWEEN 3043374 AND 3053373
	Aggregate  (cost=37420.95..37420.96 rows=1 width=8)
	  ->  Bitmap Heap Scan on sbtest3  (cost=237.01..37393.49 rows=10983 width=4)
	        Recheck Cond: ((id >= 3043374) AND (id <= 3053373))
	        ->  Bitmap Index Scan on sbtest3_pkey  (cost=0.00..234.26 rows=10983 width=0)
	              Index Cond: ((id >= 3043374) AND (id <= 3053373))

table 4 : explain SELECT SUM(k) FROM sbtest4 WHERE id BETWEEN 6799282 AND 6809281
	Aggregate  (cost=36088.17..36088.18 rows=1 width=8)
	  ->  Bitmap Heap Scan on sbtest4  (cost=224.59..36061.79 rows=10552 width=4)
	        Recheck Cond: ((id >= 6799282) AND (id <= 6809281))
	        ->  Bitmap Index Scan on sbtest4_pkey  (cost=0.00..221.95 rows=10552 width=0)
	              Index Cond: ((id >= 6799282) AND (id <= 6809281))

table 5 : explain SELECT SUM(k) FROM sbtest5 WHERE id BETWEEN 7731719 AND 7741718
	Aggregate  (cost=33933.63..33933.64 rows=1 width=8)
	  ->  Bitmap Heap Scan on sbtest5  (cost=213.32..33909.02 rows=9842 width=4)
	        Recheck Cond: ((id >= 7731719) AND (id <= 7741718))
	        ->  Bitmap Index Scan on sbtest5_pkey  (cost=0.00..210.86 rows=9842 width=0)
	              Index Cond: ((id >= 7731719) AND (id <= 7741718))

table 6 : explain SELECT SUM(k) FROM sbtest6 WHERE id BETWEEN 6601997 AND 6611996
	Aggregate  (cost=36703.30..36703.31 rows=1 width=8)
	  ->  Bitmap Heap Scan on sbtest6  (cost=230.56..36676.44 rows=10744 width=4)
	        Recheck Cond: ((id >= 6601997) AND (id <= 6611996))
	        ->  Bitmap Index Scan on sbtest6_pkey  (cost=0.00..227.88 rows=10744 width=0)
	              Index Cond: ((id >= 6601997) AND (id <= 6611996))

table 7 : explain SELECT SUM(k) FROM sbtest7 WHERE id BETWEEN 1152798 AND 1162797
	Aggregate  (cost=35583.83..35583.84 rows=1 width=8)
	  ->  Bitmap Heap Scan on sbtest7  (cost=222.71..35557.91 rows=10368 width=4)
	        Recheck Cond: ((id >= 1152798) AND (id <= 1162797))
	        ->  Bitmap Index Scan on sbtest7_pkey  (cost=0.00..220.12 rows=10368 width=0)
	              Index Cond: ((id >= 1152798) AND (id <= 1162797))

table 8 : explain SELECT SUM(k) FROM sbtest8 WHERE id BETWEEN 6666137 AND 6676136
	Aggregate  (cost=33829.98..33829.99 rows=1 width=8)
	  ->  Bitmap Heap Scan on sbtest8  (cost=212.96..33805.46 rows=9807 width=4)
	        Recheck Cond: ((id >= 6666137) AND (id <= 6676136))
	        ->  Bitmap Index Scan on sbtest8_pkey  (cost=0.00..210.50 rows=9807 width=0)
	              Index Cond: ((id >= 6666137) AND (id <= 6676136))

for: order_ranges
table 1 : explain SELECT c FROM sbtest1 WHERE id BETWEEN 5243039 AND 5253038 ORDER BY c
	Sort  (cost=32110.43..32133.16 rows=9094 width=121)
	  Sort Key: c
	  ->  Bitmap Heap Scan on sbtest1  (cost=193.65..31512.47 rows=9094 width=121)
	        Recheck Cond: ((id >= 5243039) AND (id <= 5253038))
	        ->  Bitmap Index Scan on sbtest1_pkey  (cost=0.00..191.38 rows=9094 width=0)
	              Index Cond: ((id >= 5243039) AND (id <= 5253038))

table 2 : explain SELECT c FROM sbtest2 WHERE id BETWEEN 9067050 AND 9077049 ORDER BY c
	Sort  (cost=34531.96..34556.58 rows=9849 width=121)
	  Sort Key: c
	  ->  Bitmap Heap Scan on sbtest2  (cost=209.39..33878.69 rows=9849 width=121)
	        Recheck Cond: ((id >= 9067050) AND (id <= 9077049))
	        ->  Bitmap Index Scan on sbtest2_pkey  (cost=0.00..206.93 rows=9849 width=0)
	              Index Cond: ((id >= 9067050) AND (id <= 9077049))

table 3 : explain SELECT c FROM sbtest3 WHERE id BETWEEN 1405505 AND 1415504 ORDER BY c
	Sort  (cost=34053.27..34077.52 rows=9698 width=121)
	  Sort Key: c
	  ->  Bitmap Heap Scan on sbtest3  (cost=207.84..33411.10 rows=9698 width=121)
	        Recheck Cond: ((id >= 1405505) AND (id <= 1415504))
	        ->  Bitmap Index Scan on sbtest3_pkey  (cost=0.00..205.42 rows=9698 width=0)
	              Index Cond: ((id >= 1405505) AND (id <= 1415504))

table 4 : explain SELECT c FROM sbtest4 WHERE id BETWEEN 5084054 AND 5094053 ORDER BY c
	Sort  (cost=37139.54..37166.21 rows=10669 width=121)
	  Sort Key: c
	  ->  Bitmap Heap Scan on sbtest4  (cost=229.79..36425.73 rows=10669 width=121)
	        Recheck Cond: ((id >= 5084054) AND (id <= 5094053))
	        ->  Bitmap Index Scan on sbtest4_pkey  (cost=0.00..227.12 rows=10669 width=0)
	              Index Cond: ((id >= 5084054) AND (id <= 5094053))

table 5 : explain SELECT c FROM sbtest5 WHERE id BETWEEN 5114072 AND 5124071 ORDER BY c
	Sort  (cost=34485.90..34510.44 rows=9818 width=121)
	  Sort Key: c
	  ->  Bitmap Heap Scan on sbtest5  (cost=213.07..33834.90 rows=9818 width=121)
	        Recheck Cond: ((id >= 5114072) AND (id <= 5124071))
	        ->  Bitmap Index Scan on sbtest5_pkey  (cost=0.00..210.62 rows=9818 width=0)
	              Index Cond: ((id >= 5114072) AND (id <= 5124071))

table 6 : explain SELECT c FROM sbtest6 WHERE id BETWEEN 6314408 AND 6324407 ORDER BY c
	Sort  (cost=34177.64..34201.97 rows=9733 width=121)
	  Sort Key: c
	  ->  Bitmap Heap Scan on sbtest6  (cost=208.20..33532.89 rows=9733 width=121)
	        Recheck Cond: ((id >= 6314408) AND (id <= 6324407))
	        ->  Bitmap Index Scan on sbtest6_pkey  (cost=0.00..205.76 rows=9733 width=0)
	              Index Cond: ((id >= 6314408) AND (id <= 6324407))

table 7 : explain SELECT c FROM sbtest7 WHERE id BETWEEN 3302244 AND 3312243 ORDER BY c
	Sort  (cost=35065.90..35090.89 rows=9997 width=121)
	  Sort Key: c
	  ->  Bitmap Heap Scan on sbtest7  (cost=214.90..34401.73 rows=9997 width=121)
	        Recheck Cond: ((id >= 3302244) AND (id <= 3312243))
	        ->  Bitmap Index Scan on sbtest7_pkey  (cost=0.00..212.41 rows=9997 width=0)
	              Index Cond: ((id >= 3302244) AND (id <= 3312243))

table 8 : explain SELECT c FROM sbtest8 WHERE id BETWEEN 4266885 AND 4276884 ORDER BY c
	Sort  (cost=33353.98..33377.64 rows=9465 width=121)
	  Sort Key: c
	  ->  Bitmap Heap Scan on sbtest8  (cost=205.45..32728.89 rows=9465 width=121)
	        Recheck Cond: ((id >= 4266885) AND (id <= 4276884))
	        ->  Bitmap Index Scan on sbtest8_pkey  (cost=0.00..203.09 rows=9465 width=0)
	              Index Cond: ((id >= 4266885) AND (id <= 4276884))

for: sum_ranges
table 1 : explain SELECT SUM(k) FROM sbtest1 WHERE id BETWEEN 6511920 AND 6521919
	Aggregate  (cost=37350.72..37350.73 rows=1 width=8)
	  ->  Bitmap Heap Scan on sbtest1  (cost=236.74..37323.32 rows=10957 width=4)
	        Recheck Cond: ((id >= 6511920) AND (id <= 6521919))
	        ->  Bitmap Index Scan on sbtest1_pkey  (cost=0.00..234.00 rows=10957 width=0)
	              Index Cond: ((id >= 6511920) AND (id <= 6521919))

table 2 : explain SELECT SUM(k) FROM sbtest2 WHERE id BETWEEN 5173366 AND 5183365
	Aggregate  (cost=33294.41..33294.42 rows=1 width=8)
	  ->  Bitmap Heap Scan on sbtest2  (cost=207.39..33270.27 rows=9654 width=4)
	        Recheck Cond: ((id >= 5173366) AND (id <= 5183365))
	        ->  Bitmap Index Scan on sbtest2_pkey  (cost=0.00..204.98 rows=9654 width=0)
	              Index Cond: ((id >= 5173366) AND (id <= 5183365))

table 3 : explain SELECT SUM(k) FROM sbtest3 WHERE id BETWEEN 90095 AND 100094
	Aggregate  (cost=35104.73..35104.74 rows=1 width=8)
	  ->  Bitmap Heap Scan on sbtest3  (cost=221.32..35079.14 rows=10233 width=4)
	        Recheck Cond: ((id >= 90095) AND (id <= 100094))
	        ->  Bitmap Index Scan on sbtest3_pkey  (cost=0.00..218.76 rows=10233 width=0)
	              Index Cond: ((id >= 90095) AND (id <= 100094))

table 4 : explain SELECT SUM(k) FROM sbtest4 WHERE id BETWEEN 8740317 AND 8750316
	Aggregate  (cost=34666.95..34666.96 rows=1 width=8)
	  ->  Bitmap Heap Scan on sbtest4  (cost=215.89..34641.71 rows=10093 width=4)
	        Recheck Cond: ((id >= 8740317) AND (id <= 8750316))
	        ->  Bitmap Index Scan on sbtest4_pkey  (cost=0.00..213.37 rows=10093 width=0)
	              Index Cond: ((id >= 8740317) AND (id <= 8750316))

table 5 : explain SELECT SUM(k) FROM sbtest5 WHERE id BETWEEN 8685009 AND 8695008
	Aggregate  (cost=32574.11..32574.12 rows=1 width=8)
	  ->  Bitmap Heap Scan on sbtest5  (cost=200.89..32550.58 rows=9410 width=4)
	        Recheck Cond: ((id >= 8685009) AND (id <= 8695008))
	        ->  Bitmap Index Scan on sbtest5_pkey  (cost=0.00..198.54 rows=9410 width=0)
	              Index Cond: ((id >= 8685009) AND (id <= 8695008))

table 6 : explain SELECT SUM(k) FROM sbtest6 WHERE id BETWEEN 7060356 AND 7070355
	Aggregate  (cost=33328.14..33328.15 rows=1 width=8)
	  ->  Bitmap Heap Scan on sbtest6  (cost=207.44..33303.99 rows=9659 width=4)
	        Recheck Cond: ((id >= 7060356) AND (id <= 7070355))
	        ->  Bitmap Index Scan on sbtest6_pkey  (cost=0.00..205.03 rows=9659 width=0)
	              Index Cond: ((id >= 7060356) AND (id <= 7070355))

table 7 : explain SELECT SUM(k) FROM sbtest7 WHERE id BETWEEN 2019707 AND 2029706
	Aggregate  (cost=34713.08..34713.09 rows=1 width=8)
	  ->  Bitmap Heap Scan on sbtest7  (cost=215.85..34687.86 rows=10089 width=4)
	        Recheck Cond: ((id >= 2019707) AND (id <= 2029706))
	        ->  Bitmap Index Scan on sbtest7_pkey  (cost=0.00..213.32 rows=10089 width=0)
	              Index Cond: ((id >= 2019707) AND (id <= 2029706))

table 8 : explain SELECT SUM(k) FROM sbtest8 WHERE id BETWEEN 5353381 AND 5363380
	Aggregate  (cost=33487.77..33487.78 rows=1 width=8)
	  ->  Bitmap Heap Scan on sbtest8  (cost=211.84..33463.52 rows=9698 width=4)
	        Recheck Cond: ((id >= 5353381) AND (id <= 5363380))
	        ->  Bitmap Index Scan on sbtest8_pkey  (cost=0.00..209.42 rows=9698 width=0)
	              Index Cond: ((id >= 5353381) AND (id <= 5363380))

for: order_ranges
table 1 : explain SELECT c FROM sbtest1 WHERE id BETWEEN 3089794 AND 3099793 ORDER BY c
	Sort  (cost=33790.94..33814.97 rows=9614 width=121)
	  Sort Key: c
	  ->  Bitmap Heap Scan on sbtest1  (cost=206.98..33154.93 rows=9614 width=121)
	        Recheck Cond: ((id >= 3089794) AND (id <= 3099793))
	        ->  Bitmap Index Scan on sbtest1_pkey  (cost=0.00..204.57 rows=9614 width=0)
	              Index Cond: ((id >= 3089794) AND (id <= 3099793))

table 2 : explain SELECT c FROM sbtest2 WHERE id BETWEEN 823754 AND 833753 ORDER BY c
	Sort  (cost=35974.36..36000.11 rows=10301 width=121)
	  Sort Key: c
	  ->  Bitmap Heap Scan on sbtest2  (cost=222.02..35287.77 rows=10301 width=121)
	        Recheck Cond: ((id >= 823754) AND (id <= 833753))
	        ->  Bitmap Index Scan on sbtest2_pkey  (cost=0.00..219.44 rows=10301 width=0)
	              Index Cond: ((id >= 823754) AND (id <= 833753))

table 3 : explain SELECT c FROM sbtest3 WHERE id BETWEEN 873472 AND 883471 ORDER BY c
	Sort  (cost=35639.48..35664.96 rows=10195 width=121)
	  Sort Key: c
	  ->  Bitmap Heap Scan on sbtest3  (cost=220.93..34960.71 rows=10195 width=121)
	        Recheck Cond: ((id >= 873472) AND (id <= 883471))
	        ->  Bitmap Index Scan on sbtest3_pkey  (cost=0.00..218.38 rows=10195 width=0)
	              Index Cond: ((id >= 873472) AND (id <= 883471))

table 4 : explain SELECT c FROM sbtest4 WHERE id BETWEEN 719395 AND 729394 ORDER BY c
	Sort  (cost=36717.93..36744.27 rows=10536 width=121)
	  Sort Key: c
	  ->  Bitmap Heap Scan on sbtest4  (cost=224.43..36013.96 rows=10536 width=121)
	        Recheck Cond: ((id >= 719395) AND (id <= 729394))
	        ->  Bitmap Index Scan on sbtest4_pkey  (cost=0.00..221.80 rows=10536 width=0)
	              Index Cond: ((id >= 719395) AND (id <= 729394))

table 5 : explain SELECT c FROM sbtest5 WHERE id BETWEEN 4640219 AND 4650218 ORDER BY c
	Sort  (cost=34399.39..34423.87 rows=9792 width=121)
	  Sort Key: c
	  ->  Bitmap Heap Scan on sbtest5  (cost=208.80..33750.31 rows=9792 width=121)
	        Recheck Cond: ((id >= 4640219) AND (id <= 4650218))
	        ->  Bitmap Index Scan on sbtest5_pkey  (cost=0.00..206.36 rows=9792 width=0)
	              Index Cond: ((id >= 4640219) AND (id <= 4650218))

table 6 : explain SELECT c FROM sbtest6 WHERE id BETWEEN 9400066 AND 9410065 ORDER BY c
	Sort  (cost=36180.04..36205.94 rows=10360 width=121)
	  Sort Key: c
	  ->  Bitmap Heap Scan on sbtest6  (cost=222.63..35489.09 rows=10360 width=121)
	        Recheck Cond: ((id >= 9400066) AND (id <= 9410065))
	        ->  Bitmap Index Scan on sbtest6_pkey  (cost=0.00..220.04 rows=10360 width=0)
	              Index Cond: ((id >= 9400066) AND (id <= 9410065))

table 7 : explain SELECT c FROM sbtest7 WHERE id BETWEEN 5681676 AND 5691675 ORDER BY c
	Sort  (cost=36702.27..36728.55 rows=10510 width=121)
	  Sort Key: c
	  ->  Bitmap Heap Scan on sbtest7  (cost=228.16..36000.23 rows=10510 width=121)
	        Recheck Cond: ((id >= 5681676) AND (id <= 5691675))
	        ->  Bitmap Index Scan on sbtest7_pkey  (cost=0.00..225.54 rows=10510 width=0)
	              Index Cond: ((id >= 5681676) AND (id <= 5691675))

table 8 : explain SELECT c FROM sbtest8 WHERE id BETWEEN 1925960 AND 1935959 ORDER BY c
	Sort  (cost=34699.77..34724.48 rows=9884 width=121)
	  Sort Key: c
	  ->  Bitmap Heap Scan on sbtest8  (cost=213.75..34043.92 rows=9884 width=121)
	        Recheck Cond: ((id >= 1925960) AND (id <= 1935959))
	        ->  Bitmap Index Scan on sbtest8_pkey  (cost=0.00..211.28 rows=9884 width=0)
	              Index Cond: ((id >= 1925960) AND (id <= 1935959))

for: sum_ranges
table 1 : explain SELECT SUM(k) FROM sbtest1 WHERE id BETWEEN 4760983 AND 4770982
	Aggregate  (cost=38424.94..38424.95 rows=1 width=8)
	  ->  Bitmap Heap Scan on sbtest1  (cost=240.35..38396.67 rows=11309 width=4)
	        Recheck Cond: ((id >= 4760983) AND (id <= 4770982))
	        ->  Bitmap Index Scan on sbtest1_pkey  (cost=0.00..237.53 rows=11309 width=0)
	              Index Cond: ((id >= 4760983) AND (id <= 4770982))

table 2 : explain SELECT SUM(k) FROM sbtest2 WHERE id BETWEEN 2983290 AND 2993289
	Aggregate  (cost=38302.01..38302.02 rows=1 width=8)
	  ->  Bitmap Heap Scan on sbtest2  (cost=239.97..38273.83 rows=11272 width=4)
	        Recheck Cond: ((id >= 2983290) AND (id <= 2993289))
	        ->  Bitmap Index Scan on sbtest2_pkey  (cost=0.00..237.16 rows=11272 width=0)
	              Index Cond: ((id >= 2983290) AND (id <= 2993289))

table 3 : explain SELECT SUM(k) FROM sbtest3 WHERE id BETWEEN 8836023 AND 8846022
	Aggregate  (cost=33383.76..33383.77 rows=1 width=8)
	  ->  Bitmap Heap Scan on sbtest3  (cost=207.68..33359.56 rows=9682 width=4)
	        Recheck Cond: ((id >= 8836023) AND (id <= 8846022))
	        ->  Bitmap Index Scan on sbtest3_pkey  (cost=0.00..205.25 rows=9682 width=0)
	              Index Cond: ((id >= 8836023) AND (id <= 8846022))

table 4 : explain SELECT SUM(k) FROM sbtest4 WHERE id BETWEEN 6351550 AND 6361549
	Aggregate  (cost=34259.18..34259.19 rows=1 width=8)
	  ->  Bitmap Heap Scan on sbtest4  (cost=214.55..34234.28 rows=9962 width=4)
	        Recheck Cond: ((id >= 6351550) AND (id <= 6361549))
	        ->  Bitmap Index Scan on sbtest4_pkey  (cost=0.00..212.06 rows=9962 width=0)
	              Index Cond: ((id >= 6351550) AND (id <= 6361549))

table 5 : explain SELECT SUM(k) FROM sbtest5 WHERE id BETWEEN 7403694 AND 7413693
	Aggregate  (cost=31253.59..31253.60 rows=1 width=8)
	  ->  Bitmap Heap Scan on sbtest5  (cost=192.61..31231.11 rows=8993 width=4)
	        Recheck Cond: ((id >= 7403694) AND (id <= 7413693))
	        ->  Bitmap Index Scan on sbtest5_pkey  (cost=0.00..190.37 rows=8993 width=0)
	              Index Cond: ((id >= 7403694) AND (id <= 7413693))

table 6 : explain SELECT SUM(k) FROM sbtest6 WHERE id BETWEEN 1115774 AND 1125773
	Aggregate  (cost=34028.38..34028.39 rows=1 width=8)
	  ->  Bitmap Heap Scan on sbtest6  (cost=213.74..34003.67 rows=9883 width=4)
	        Recheck Cond: ((id >= 1115774) AND (id <= 1125773))
	        ->  Bitmap Index Scan on sbtest6_pkey  (cost=0.00..211.26 rows=9883 width=0)
	              Index Cond: ((id >= 1115774) AND (id <= 1125773))

table 7 : explain SELECT SUM(k) FROM sbtest7 WHERE id BETWEEN 6174163 AND 6184162
	Aggregate  (cost=35372.24..35372.25 rows=1 width=8)
	  ->  Bitmap Heap Scan on sbtest7  (cost=222.01..35346.49 rows=10300 width=4)
	        Recheck Cond: ((id >= 6174163) AND (id <= 6184162))
	        ->  Bitmap Index Scan on sbtest7_pkey  (cost=0.00..219.44 rows=10300 width=0)
	              Index Cond: ((id >= 6174163) AND (id <= 6184162))

table 8 : explain SELECT SUM(k) FROM sbtest8 WHERE id BETWEEN 6183129 AND 6193128
	Aggregate  (cost=36102.37..36102.38 rows=1 width=8)
	  ->  Bitmap Heap Scan on sbtest8  (cost=228.43..36076.03 rows=10536 width=4)
	        Recheck Cond: ((id >= 6183129) AND (id <= 6193128))
	        ->  Bitmap Index Scan on sbtest8_pkey  (cost=0.00..225.80 rows=10536 width=0)
	              Index Cond: ((id >= 6183129) AND (id <= 6193128))

for: sum_ranges
table 1 : explain SELECT SUM(k) FROM sbtest1 WHERE id BETWEEN 9772953 AND 9782952
	Aggregate  (cost=32230.46..32230.47 rows=1 width=8)
	  ->  Bitmap Heap Scan on sbtest1  (cost=199.89..32207.18 rows=9313 width=4)
	        Recheck Cond: ((id >= 9772953) AND (id <= 9782952))
	        ->  Bitmap Index Scan on sbtest1_pkey  (cost=0.00..197.56 rows=9313 width=0)
	              Index Cond: ((id >= 9772953) AND (id <= 9782952))

table 2 : explain SELECT SUM(k) FROM sbtest2 WHERE id BETWEEN 3426555 AND 3436554
	Aggregate  (cost=36124.94..36124.95 rows=1 width=8)
	  ->  Bitmap Heap Scan on sbtest2  (cost=224.72..36098.53 rows=10564 width=4)
	        Recheck Cond: ((id >= 3426555) AND (id <= 3436554))
	        ->  Bitmap Index Scan on sbtest2_pkey  (cost=0.00..222.07 rows=10564 width=0)
	              Index Cond: ((id >= 3426555) AND (id <= 3436554))

table 3 : explain SELECT SUM(k) FROM sbtest3 WHERE id BETWEEN 5686404 AND 5696403
	Aggregate  (cost=34671.17..34671.18 rows=1 width=8)
	  ->  Bitmap Heap Scan on sbtest3  (cost=215.90..34645.94 rows=10094 width=4)
	        Recheck Cond: ((id >= 5686404) AND (id <= 5696403))
	        ->  Bitmap Index Scan on sbtest3_pkey  (cost=0.00..213.38 rows=10094 width=0)
	              Index Cond: ((id >= 5686404) AND (id <= 5696403))

table 4 : explain SELECT SUM(k) FROM sbtest4 WHERE id BETWEEN 1629951 AND 1639950
	Aggregate  (cost=35250.98..35250.99 rows=1 width=8)
	  ->  Bitmap Heap Scan on sbtest4  (cost=221.82..35225.27 rows=10281 width=4)
	        Recheck Cond: ((id >= 1629951) AND (id <= 1639950))
	        ->  Bitmap Index Scan on sbtest4_pkey  (cost=0.00..219.25 rows=10281 width=0)
	              Index Cond: ((id >= 1629951) AND (id <= 1639950))

table 5 : explain SELECT SUM(k) FROM sbtest5 WHERE id BETWEEN 6270822 AND 6280821
	Aggregate  (cost=34416.85..34416.86 rows=1 width=8)
	  ->  Bitmap Heap Scan on sbtest5  (cost=214.90..34391.86 rows=9997 width=4)
	        Recheck Cond: ((id >= 6270822) AND (id <= 6280821))
	        ->  Bitmap Index Scan on sbtest5_pkey  (cost=0.00..212.41 rows=9997 width=0)
	              Index Cond: ((id >= 6270822) AND (id <= 6280821))

table 6 : explain SELECT SUM(k) FROM sbtest6 WHERE id BETWEEN 3336120 AND 3346119
	Aggregate  (cost=34863.82..34863.83 rows=1 width=8)
	  ->  Bitmap Heap Scan on sbtest6  (cost=216.48..34838.44 rows=10151 width=4)
	        Recheck Cond: ((id >= 3336120) AND (id <= 3346119))
	        ->  Bitmap Index Scan on sbtest6_pkey  (cost=0.00..213.94 rows=10151 width=0)
	              Index Cond: ((id >= 3336120) AND (id <= 3346119))

table 7 : explain SELECT SUM(k) FROM sbtest7 WHERE id BETWEEN 2241199 AND 2251198
	Aggregate  (cost=35843.29..35843.30 rows=1 width=8)
	  ->  Bitmap Heap Scan on sbtest7  (cost=223.57..35817.16 rows=10452 width=4)
	        Recheck Cond: ((id >= 2241199) AND (id <= 2251198))
	        ->  Bitmap Index Scan on sbtest7_pkey  (cost=0.00..220.95 rows=10452 width=0)
	              Index Cond: ((id >= 2241199) AND (id <= 2251198))

table 8 : explain SELECT SUM(k) FROM sbtest8 WHERE id BETWEEN 5983165 AND 5993164
	Aggregate  (cost=33221.93..33221.94 rows=1 width=8)
	  ->  Bitmap Heap Scan on sbtest8  (cost=206.98..33197.89 rows=9614 width=4)
	        Recheck Cond: ((id >= 5983165) AND (id <= 5993164))
	        ->  Bitmap Index Scan on sbtest8_pkey  (cost=0.00..204.57 rows=9614 width=0)
	              Index Cond: ((id >= 5983165) AND (id <= 5993164))

for: distinct_ranges
table 1 : explain SELECT DISTINCT c FROM sbtest1 WHERE id BETWEEN 4052277 AND 4062276 ORDER BY c
	Unique  (cost=38908.69..38964.84 rows=11229 width=121)
	  ->  Sort  (cost=38908.69..38936.77 rows=11229 width=121)
	        Sort Key: c
	        ->  Bitmap Heap Scan on sbtest1  (cost=239.53..38153.27 rows=11229 width=121)
	              Recheck Cond: ((id >= 4052277) AND (id <= 4062276))
	              ->  Bitmap Index Scan on sbtest1_pkey  (cost=0.00..236.73 rows=11229 width=0)
	                    Index Cond: ((id >= 4052277) AND (id <= 4062276))

table 2 : explain SELECT DISTINCT c FROM sbtest2 WHERE id BETWEEN 9757862 AND 9767861 ORDER BY c
	Unique  (cost=33737.59..33785.59 rows=9600 width=121)
	  ->  Sort  (cost=33737.59..33761.59 rows=9600 width=121)
	        Sort Key: c
	        ->  Bitmap Heap Scan on sbtest2  (cost=206.84..33102.61 rows=9600 width=121)
	              Recheck Cond: ((id >= 9757862) AND (id <= 9767861))
	              ->  Bitmap Index Scan on sbtest2_pkey  (cost=0.00..204.44 rows=9600 width=0)
	                    Index Cond: ((id >= 9757862) AND (id <= 9767861))

table 3 : explain SELECT DISTINCT c FROM sbtest3 WHERE id BETWEEN 7405738 AND 7415737 ORDER BY c
	Unique  (cost=34748.85..34798.43 rows=9915 width=121)
	  ->  Sort  (cost=34748.85..34773.64 rows=9915 width=121)
	        Sort Key: c
	        ->  Bitmap Heap Scan on sbtest3  (cost=214.06..34090.73 rows=9915 width=121)
	              Recheck Cond: ((id >= 7405738) AND (id <= 7415737))
	              ->  Bitmap Index Scan on sbtest3_pkey  (cost=0.00..211.59 rows=9915 width=0)
	                    Index Cond: ((id >= 7405738) AND (id <= 7415737))

table 4 : explain SELECT DISTINCT c FROM sbtest4 WHERE id BETWEEN 2705552 AND 2715551 ORDER BY c
	Unique  (cost=36832.89..36885.74 rows=10571 width=121)
	  ->  Sort  (cost=36832.89..36859.32 rows=10571 width=121)
	        Sort Key: c
	        ->  Bitmap Heap Scan on sbtest4  (cost=228.79..36126.33 rows=10571 width=121)
	              Recheck Cond: ((id >= 2705552) AND (id <= 2715551))
	              ->  Bitmap Index Scan on sbtest4_pkey  (cost=0.00..226.15 rows=10571 width=0)
	                    Index Cond: ((id >= 2705552) AND (id <= 2715551))

table 5 : explain SELECT DISTINCT c FROM sbtest5 WHERE id BETWEEN 7136706 AND 7146705 ORDER BY c
	Unique  (cost=39642.14..39699.37 rows=11446 width=121)
	  ->  Sort  (cost=39642.14..39670.75 rows=11446 width=121)
	        Sort Key: c
	        ->  Bitmap Heap Scan on sbtest5  (cost=245.76..38870.53 rows=11446 width=121)
	              Recheck Cond: ((id >= 7136706) AND (id <= 7146705))
	              ->  Bitmap Index Scan on sbtest5_pkey  (cost=0.00..242.90 rows=11446 width=0)
	                    Index Cond: ((id >= 7136706) AND (id <= 7146705))

table 6 : explain SELECT DISTINCT c FROM sbtest6 WHERE id BETWEEN 7220965 AND 7230964 ORDER BY c
	Unique  (cost=35284.18..35334.57 rows=10079 width=121)
	  ->  Sort  (cost=35284.18..35309.38 rows=10079 width=121)
	        Sort Key: c
	        ->  Bitmap Heap Scan on sbtest6  (cost=215.74..34613.97 rows=10079 width=121)
	              Recheck Cond: ((id >= 7220965) AND (id <= 7230964))
	              ->  Bitmap Index Scan on sbtest6_pkey  (cost=0.00..213.23 rows=10079 width=0)
	                    Index Cond: ((id >= 7220965) AND (id <= 7230964))

table 7 : explain SELECT DISTINCT c FROM sbtest7 WHERE id BETWEEN 9537273 AND 9547272 ORDER BY c
	Unique  (cost=39582.26..39639.38 rows=11424 width=121)
	  ->  Sort  (cost=39582.26..39610.82 rows=11424 width=121)
	        Sort Key: c
	        ->  Bitmap Heap Scan on sbtest7  (cost=245.53..38812.30 rows=11424 width=121)
	              Recheck Cond: ((id >= 9537273) AND (id <= 9547272))
	              ->  Bitmap Index Scan on sbtest7_pkey  (cost=0.00..242.68 rows=11424 width=0)
	                    Index Cond: ((id >= 9537273) AND (id <= 9547272))

table 8 : explain SELECT DISTINCT c FROM sbtest8 WHERE id BETWEEN 7203302 AND 7213301 ORDER BY c
	Unique  (cost=38424.74..38480.02 rows=11057 width=121)
	  ->  Sort  (cost=38424.74..38452.38 rows=11057 width=121)
	        Sort Key: c
	        ->  Bitmap Heap Scan on sbtest8  (cost=237.77..37682.11 rows=11057 width=121)
	              Recheck Cond: ((id >= 7203302) AND (id <= 7213301))
	              ->  Bitmap Index Scan on sbtest8_pkey  (cost=0.00..235.00 rows=11057 width=0)
	                    Index Cond: ((id >= 7203302) AND (id <= 7213301))

for: sum_ranges
table 1 : explain SELECT SUM(k) FROM sbtest1 WHERE id BETWEEN 9703283 AND 9713282
	Aggregate  (cost=32557.56..32557.57 rows=1 width=8)
	  ->  Bitmap Heap Scan on sbtest1  (cost=200.96..32534.02 rows=9417 width=4)
	        Recheck Cond: ((id >= 9703283) AND (id <= 9713282))
	        ->  Bitmap Index Scan on sbtest1_pkey  (cost=0.00..198.61 rows=9417 width=0)
	              Index Cond: ((id >= 9703283) AND (id <= 9713282))

table 2 : explain SELECT SUM(k) FROM sbtest2 WHERE id BETWEEN 2747748 AND 2757747
	Aggregate  (cost=31083.08..31083.09 rows=1 width=8)
	  ->  Bitmap Heap Scan on sbtest2  (cost=192.20..31060.69 rows=8953 width=4)
	        Recheck Cond: ((id >= 2747748) AND (id <= 2757747))
	        ->  Bitmap Index Scan on sbtest2_pkey  (cost=0.00..189.97 rows=8953 width=0)
	              Index Cond: ((id >= 2747748) AND (id <= 2757747))

table 3 : explain SELECT SUM(k) FROM sbtest3 WHERE id BETWEEN 7174505 AND 7184504
	Aggregate  (cost=34318.00..34318.01 rows=1 width=8)
	  ->  Bitmap Heap Scan on sbtest3  (cost=214.73..34293.05 rows=9980 width=4)
	        Recheck Cond: ((id >= 7174505) AND (id <= 7184504))
	        ->  Bitmap Index Scan on sbtest3_pkey  (cost=0.00..212.24 rows=9980 width=0)
	              Index Cond: ((id >= 7174505) AND (id <= 7184504))

table 4 : explain SELECT SUM(k) FROM sbtest4 WHERE id BETWEEN 6778777 AND 6788776
	Aggregate  (cost=34455.12..34455.13 rows=1 width=8)
	  ->  Bitmap Heap Scan on sbtest4  (cost=215.19..34430.06 rows=10025 width=4)
	        Recheck Cond: ((id >= 6778777) AND (id <= 6788776))
	        ->  Bitmap Index Scan on sbtest4_pkey  (cost=0.00..212.69 rows=10025 width=0)
	              Index Cond: ((id >= 6778777) AND (id <= 6788776))

table 5 : explain SELECT SUM(k) FROM sbtest5 WHERE id BETWEEN 2539405 AND 2549404
	Aggregate  (cost=32181.53..32181.54 rows=1 width=8)
	  ->  Bitmap Heap Scan on sbtest5  (cost=199.62..32158.32 rows=9286 width=4)
	        Recheck Cond: ((id >= 2539405) AND (id <= 2549404))
	        ->  Bitmap Index Scan on sbtest5_pkey  (cost=0.00..197.30 rows=9286 width=0)
	              Index Cond: ((id >= 2539405) AND (id <= 2549404))

table 6 : explain SELECT SUM(k) FROM sbtest6 WHERE id BETWEEN 2083004 AND 2093003
	Aggregate  (cost=34182.81..34182.82 rows=1 width=8)
	  ->  Bitmap Heap Scan on sbtest6  (cost=214.24..34157.98 rows=9932 width=4)
	        Recheck Cond: ((id >= 2083004) AND (id <= 2093003))
	        ->  Bitmap Index Scan on sbtest6_pkey  (cost=0.00..211.75 rows=9932 width=0)
	              Index Cond: ((id >= 2083004) AND (id <= 2093003))

table 7 : explain SELECT SUM(k) FROM sbtest7 WHERE id BETWEEN 4342971 AND 4352970
	Aggregate  (cost=30985.28..30985.29 rows=1 width=8)
	  ->  Bitmap Heap Scan on sbtest7  (cost=191.72..30963.01 rows=8906 width=4)
	        Recheck Cond: ((id >= 4342971) AND (id <= 4352970))
	        ->  Bitmap Index Scan on sbtest7_pkey  (cost=0.00..189.50 rows=8906 width=0)
	              Index Cond: ((id >= 4342971) AND (id <= 4352970))

table 8 : explain SELECT SUM(k) FROM sbtest8 WHERE id BETWEEN 774102 AND 784101
	Aggregate  (cost=33616.95..33616.96 rows=1 width=8)
	  ->  Bitmap Heap Scan on sbtest8  (cost=212.26..33592.61 rows=9739 width=4)
	        Recheck Cond: ((id >= 774102) AND (id <= 784101))
	        ->  Bitmap Index Scan on sbtest8_pkey  (cost=0.00..209.82 rows=9739 width=0)
	              Index Cond: ((id >= 774102) AND (id <= 784101))

for: sum_ranges
table 1 : explain SELECT SUM(k) FROM sbtest1 WHERE id BETWEEN 6250093 AND 6260092
	Aggregate  (cost=34281.44..34281.45 rows=1 width=8)
	  ->  Bitmap Heap Scan on sbtest1  (cost=214.60..34256.53 rows=9967 width=4)
	        Recheck Cond: ((id >= 6250093) AND (id <= 6260092))
	        ->  Bitmap Index Scan on sbtest1_pkey  (cost=0.00..212.11 rows=9967 width=0)
	              Index Cond: ((id >= 6250093) AND (id <= 6260092))

table 2 : explain SELECT SUM(k) FROM sbtest2 WHERE id BETWEEN 1094919 AND 1104918
	Aggregate  (cost=32466.48..32466.49 rows=1 width=8)
	  ->  Bitmap Heap Scan on sbtest2  (cost=200.69..32443.01 rows=9391 width=4)
	        Recheck Cond: ((id >= 1094919) AND (id <= 1104918))
	        ->  Bitmap Index Scan on sbtest2_pkey  (cost=0.00..198.34 rows=9391 width=0)
	              Index Cond: ((id >= 1094919) AND (id <= 1104918))

table 3 : explain SELECT SUM(k) FROM sbtest3 WHERE id BETWEEN 3460992 AND 3470991
	Aggregate  (cost=34963.75..34963.76 rows=1 width=8)
	  ->  Bitmap Heap Scan on sbtest3  (cost=220.85..34938.28 rows=10187 width=4)
	        Recheck Cond: ((id >= 3460992) AND (id <= 3470991))
	        ->  Bitmap Index Scan on sbtest3_pkey  (cost=0.00..218.31 rows=10187 width=0)
	              Index Cond: ((id >= 3460992) AND (id <= 3470991))

table 4 : explain SELECT SUM(k) FROM sbtest4 WHERE id BETWEEN 358321 AND 368320
	Aggregate  (cost=33637.44..33637.45 rows=1 width=8)
	  ->  Bitmap Heap Scan on sbtest4  (cost=208.52..33613.03 rows=9764 width=4)
	        Recheck Cond: ((id >= 358321) AND (id <= 368320))
	        ->  Bitmap Index Scan on sbtest4_pkey  (cost=0.00..206.07 rows=9764 width=0)
	              Index Cond: ((id >= 358321) AND (id <= 368320))

table 5 : explain SELECT SUM(k) FROM sbtest5 WHERE id BETWEEN 2782270 AND 2792269
	Aggregate  (cost=35150.34..35150.35 rows=1 width=8)
	  ->  Bitmap Heap Scan on sbtest5  (cost=221.30..35124.76 rows=10231 width=4)
	        Recheck Cond: ((id >= 2782270) AND (id <= 2792269))
	        ->  Bitmap Index Scan on sbtest5_pkey  (cost=0.00..218.75 rows=10231 width=0)
	              Index Cond: ((id >= 2782270) AND (id <= 2792269))

table 6 : explain SELECT SUM(k) FROM sbtest6 WHERE id BETWEEN 8650610 AND 8660609
	Aggregate  (cost=35085.88..35085.89 rows=1 width=8)
	  ->  Bitmap Heap Scan on sbtest6  (cost=221.21..35060.33 rows=10222 width=4)
	        Recheck Cond: ((id >= 8650610) AND (id <= 8660609))
	        ->  Bitmap Index Scan on sbtest6_pkey  (cost=0.00..218.66 rows=10222 width=0)
	              Index Cond: ((id >= 8650610) AND (id <= 8660609))

table 7 : explain SELECT SUM(k) FROM sbtest7 WHERE id BETWEEN 6319322 AND 6329321
	Aggregate  (cost=36758.08..36758.09 rows=1 width=8)
	  ->  Bitmap Heap Scan on sbtest7  (cost=230.59..36731.21 rows=10747 width=4)
	        Recheck Cond: ((id >= 6319322) AND (id <= 6329321))
	        ->  Bitmap Index Scan on sbtest7_pkey  (cost=0.00..227.91 rows=10747 width=0)
	              Index Cond: ((id >= 6319322) AND (id <= 6329321))

table 8 : explain SELECT SUM(k) FROM sbtest8 WHERE id BETWEEN 1276261 AND 1286260
	Aggregate  (cost=34104.08..34104.09 rows=1 width=8)
	  ->  Bitmap Heap Scan on sbtest8  (cost=213.86..34079.34 rows=9895 width=4)
	        Recheck Cond: ((id >= 1276261) AND (id <= 1286260))
	        ->  Bitmap Index Scan on sbtest8_pkey  (cost=0.00..211.38 rows=9895 width=0)
	              Index Cond: ((id >= 1276261) AND (id <= 1286260))

for: sum_ranges
table 1 : explain SELECT SUM(k) FROM sbtest1 WHERE id BETWEEN 4585408 AND 4595407
	Aggregate  (cost=36459.23..36459.24 rows=1 width=8)
	  ->  Bitmap Heap Scan on sbtest1  (cost=229.78..36432.56 rows=10668 width=4)
	        Recheck Cond: ((id >= 4585408) AND (id <= 4595407))
	        ->  Bitmap Index Scan on sbtest1_pkey  (cost=0.00..227.12 rows=10668 width=0)
	              Index Cond: ((id >= 4585408) AND (id <= 4595407))

table 2 : explain SELECT SUM(k) FROM sbtest2 WHERE id BETWEEN 5538394 AND 5548393
	Aggregate  (cost=32392.02..32392.03 rows=1 width=8)
	  ->  Bitmap Heap Scan on sbtest2  (cost=200.45..32368.61 rows=9367 width=4)
	        Recheck Cond: ((id >= 5538394) AND (id <= 5548393))
	        ->  Bitmap Index Scan on sbtest2_pkey  (cost=0.00..198.11 rows=9367 width=0)
	              Index Cond: ((id >= 5538394) AND (id <= 5548393))

table 3 : explain SELECT SUM(k) FROM sbtest3 WHERE id BETWEEN 9234745 AND 9244744
	Aggregate  (cost=34767.40..34767.41 rows=1 width=8)
	  ->  Bitmap Heap Scan on sbtest3  (cost=216.22..34742.09 rows=10125 width=4)
	        Recheck Cond: ((id >= 9234745) AND (id <= 9244744))
	        ->  Bitmap Index Scan on sbtest3_pkey  (cost=0.00..213.69 rows=10125 width=0)
	              Index Cond: ((id >= 9234745) AND (id <= 9244744))

table 4 : explain SELECT SUM(k) FROM sbtest4 WHERE id BETWEEN 5396003 AND 5406002
	Aggregate  (cost=35529.29..35529.30 rows=1 width=8)
	  ->  Bitmap Heap Scan on sbtest4  (cost=222.74..35503.36 rows=10371 width=4)
	        Recheck Cond: ((id >= 5396003) AND (id <= 5406002))
	        ->  Bitmap Index Scan on sbtest4_pkey  (cost=0.00..220.15 rows=10371 width=0)
	              Index Cond: ((id >= 5396003) AND (id <= 5406002))

table 5 : explain SELECT SUM(k) FROM sbtest5 WHERE id BETWEEN 8739808 AND 8749807
	Aggregate  (cost=32625.99..32626.00 rows=1 width=8)
	  ->  Bitmap Heap Scan on sbtest5  (cost=201.06..32602.42 rows=9427 width=4)
	        Recheck Cond: ((id >= 8739808) AND (id <= 8749807))
	        ->  Bitmap Index Scan on sbtest5_pkey  (cost=0.00..198.70 rows=9427 width=0)
	              Index Cond: ((id >= 8739808) AND (id <= 8749807))

table 6 : explain SELECT SUM(k) FROM sbtest6 WHERE id BETWEEN 2105320 AND 2115319
	Aggregate  (cost=34182.81..34182.82 rows=1 width=8)
	  ->  Bitmap Heap Scan on sbtest6  (cost=214.24..34157.98 rows=9932 width=4)
	        Recheck Cond: ((id >= 2105320) AND (id <= 2115319))
	        ->  Bitmap Index Scan on sbtest6_pkey  (cost=0.00..211.75 rows=9932 width=0)
	              Index Cond: ((id >= 2105320) AND (id <= 2115319))

table 7 : explain SELECT SUM(k) FROM sbtest7 WHERE id BETWEEN 667776 AND 677775
	Aggregate  (cost=32067.29..32067.30 rows=1 width=8)
	  ->  Bitmap Heap Scan on sbtest7  (cost=199.22..32044.18 rows=9247 width=4)
	        Recheck Cond: ((id >= 667776) AND (id <= 677775))
	        ->  Bitmap Index Scan on sbtest7_pkey  (cost=0.00..196.91 rows=9247 width=0)
	              Index Cond: ((id >= 667776) AND (id <= 677775))

table 8 : explain SELECT SUM(k) FROM sbtest8 WHERE id BETWEEN 1845565 AND 1855564
	Aggregate  (cost=36984.22..36984.23 rows=1 width=8)
	  ->  Bitmap Heap Scan on sbtest8  (cost=235.35..36957.17 rows=10821 width=4)
	        Recheck Cond: ((id >= 1845565) AND (id <= 1855564))
	        ->  Bitmap Index Scan on sbtest8_pkey  (cost=0.00..232.65 rows=10821 width=0)
	              Index Cond: ((id >= 1845565) AND (id <= 1855564))

for: order_ranges
table 1 : explain SELECT c FROM sbtest1 WHERE id BETWEEN 4064746 AND 4074745 ORDER BY c
	Sort  (cost=38908.69..38936.77 rows=11229 width=121)
	  Sort Key: c
	  ->  Bitmap Heap Scan on sbtest1  (cost=239.53..38153.27 rows=11229 width=121)
	        Recheck Cond: ((id >= 4064746) AND (id <= 4074745))
	        ->  Bitmap Index Scan on sbtest1_pkey  (cost=0.00..236.73 rows=11229 width=0)
	              Index Cond: ((id >= 4064746) AND (id <= 4074745))

table 2 : explain SELECT c FROM sbtest2 WHERE id BETWEEN 7437388 AND 7447387 ORDER BY c
	Sort  (cost=35393.59..35418.89 rows=10119 width=121)
	  Sort Key: c
	  ->  Bitmap Heap Scan on sbtest2  (cost=216.15..34720.44 rows=10119 width=121)
	        Recheck Cond: ((id >= 7437388) AND (id <= 7447387))
	        ->  Bitmap Index Scan on sbtest2_pkey  (cost=0.00..213.62 rows=10119 width=0)
	              Index Cond: ((id >= 7437388) AND (id <= 7447387))

table 3 : explain SELECT c FROM sbtest3 WHERE id BETWEEN 5484518 AND 5494517 ORDER BY c
	Sort  (cost=33931.26..33955.41 rows=9660 width=121)
	  Sort Key: c
	  ->  Bitmap Heap Scan on sbtest3  (cost=207.45..33291.87 rows=9660 width=121)
	        Recheck Cond: ((id >= 5484518) AND (id <= 5494517))
	        ->  Bitmap Index Scan on sbtest3_pkey  (cost=0.00..205.04 rows=9660 width=0)
	              Index Cond: ((id >= 5484518) AND (id <= 5494517))

table 4 : explain SELECT c FROM sbtest4 WHERE id BETWEEN 4965983 AND 4975982 ORDER BY c
	Sort  (cost=32706.29..32729.49 rows=9280 width=121)
	  Sort Key: c
	  ->  Bitmap Heap Scan on sbtest4  (cost=199.56..32094.74 rows=9280 width=121)
	        Recheck Cond: ((id >= 4965983) AND (id <= 4975982))
	        ->  Bitmap Index Scan on sbtest4_pkey  (cost=0.00..197.24 rows=9280 width=0)
	              Index Cond: ((id >= 4965983) AND (id <= 4975982))

table 5 : explain SELECT c FROM sbtest5 WHERE id BETWEEN 4933924 AND 4943923 ORDER BY c
	Sort  (cost=33121.96..33145.45 rows=9395 width=121)
	  Sort Key: c
	  ->  Bitmap Heap Scan on sbtest5  (cost=200.73..32502.00 rows=9395 width=121)
	        Recheck Cond: ((id >= 4933924) AND (id <= 4943923))
	        ->  Bitmap Index Scan on sbtest5_pkey  (cost=0.00..198.38 rows=9395 width=0)
	              Index Cond: ((id >= 4933924) AND (id <= 4943923))

table 6 : explain SELECT c FROM sbtest6 WHERE id BETWEEN 9733448 AND 9743447 ORDER BY c
	Sort  (cost=35119.87..35144.94 rows=10027 width=121)
	  Sort Key: c
	  ->  Bitmap Heap Scan on sbtest6  (cost=215.21..34453.50 rows=10027 width=121)
	        Recheck Cond: ((id >= 9733448) AND (id <= 9743447))
	        ->  Bitmap Index Scan on sbtest6_pkey  (cost=0.00..212.70 rows=10027 width=0)
	              Index Cond: ((id >= 9733448) AND (id <= 9743447))

table 7 : explain SELECT c FROM sbtest7 WHERE id BETWEEN 7180694 AND 7190693 ORDER BY c
	Sort  (cost=34564.92..34589.52 rows=9840 width=121)
	  Sort Key: c
	  ->  Bitmap Heap Scan on sbtest7  (cost=213.30..33912.31 rows=9840 width=121)
	        Recheck Cond: ((id >= 7180694) AND (id <= 7190693))
	        ->  Bitmap Index Scan on sbtest7_pkey  (cost=0.00..210.84 rows=9840 width=0)
	              Index Cond: ((id >= 7180694) AND (id <= 7190693))

table 8 : explain SELECT c FROM sbtest8 WHERE id BETWEEN 3353015 AND 3363014 ORDER BY c
	Sort  (cost=34264.19..34288.55 rows=9747 width=121)
	  Sort Key: c
	  ->  Bitmap Heap Scan on sbtest8  (cost=212.34..33618.41 rows=9747 width=121)
	        Recheck Cond: ((id >= 3353015) AND (id <= 3363014))
	        ->  Bitmap Index Scan on sbtest8_pkey  (cost=0.00..209.91 rows=9747 width=0)
	              Index Cond: ((id >= 3353015) AND (id <= 3363014))

for: sum_ranges
table 1 : explain SELECT SUM(k) FROM sbtest1 WHERE id BETWEEN 5220924 AND 5230923
	Aggregate  (cost=31535.20..31535.21 rows=1 width=8)
	  ->  Bitmap Heap Scan on sbtest1  (cost=193.65..31512.47 rows=9094 width=4)
	        Recheck Cond: ((id >= 5220924) AND (id <= 5230923))
	        ->  Bitmap Index Scan on sbtest1_pkey  (cost=0.00..191.38 rows=9094 width=0)
	              Index Cond: ((id >= 5220924) AND (id <= 5230923))

table 2 : explain SELECT SUM(k) FROM sbtest2 WHERE id BETWEEN 6477249 AND 6487248
	Aggregate  (cost=31209.98..31209.99 rows=1 width=8)
	  ->  Bitmap Heap Scan on sbtest2  (cost=192.61..31187.50 rows=8993 width=4)
	        Recheck Cond: ((id >= 6477249) AND (id <= 6487248))
	        ->  Bitmap Index Scan on sbtest2_pkey  (cost=0.00..190.37 rows=8993 width=0)
	              Index Cond: ((id >= 6477249) AND (id <= 6487248))

table 3 : explain SELECT SUM(k) FROM sbtest3 WHERE id BETWEEN 6328105 AND 6338104
	Aggregate  (cost=34954.14..34954.15 rows=1 width=8)
	  ->  Bitmap Heap Scan on sbtest3  (cost=220.82..34928.68 rows=10184 width=4)
	        Recheck Cond: ((id >= 6328105) AND (id <= 6338104))
	        ->  Bitmap Index Scan on sbtest3_pkey  (cost=0.00..218.28 rows=10184 width=0)
	              Index Cond: ((id >= 6328105) AND (id <= 6338104))

table 4 : explain SELECT SUM(k) FROM sbtest4 WHERE id BETWEEN 3054822 AND 3064821
	Aggregate  (cost=34384.47..34384.48 rows=1 width=8)
	  ->  Bitmap Heap Scan on sbtest4  (cost=214.96..34359.46 rows=10002 width=4)
	        Recheck Cond: ((id >= 3054822) AND (id <= 3064821))
	        ->  Bitmap Index Scan on sbtest4_pkey  (cost=0.00..212.45 rows=10002 width=0)
	              Index Cond: ((id >= 3054822) AND (id <= 3064821))

table 5 : explain SELECT SUM(k) FROM sbtest5 WHERE id BETWEEN 8848970 AND 8858969
	Aggregate  (cost=35634.44..35634.45 rows=1 width=8)
	  ->  Bitmap Heap Scan on sbtest5  (cost=222.90..35608.48 rows=10387 width=4)
	        Recheck Cond: ((id >= 8848970) AND (id <= 8858969))
	        ->  Bitmap Index Scan on sbtest5_pkey  (cost=0.00..220.31 rows=10387 width=0)
	              Index Cond: ((id >= 8848970) AND (id <= 8858969))

table 6 : explain SELECT SUM(k) FROM sbtest6 WHERE id BETWEEN 9595290 AND 9605289
	Aggregate  (cost=34147.43..34147.44 rows=1 width=8)
	  ->  Bitmap Heap Scan on sbtest6  (cost=214.13..34122.63 rows=9921 width=4)
	        Recheck Cond: ((id >= 9595290) AND (id <= 9605289))
	        ->  Bitmap Index Scan on sbtest6_pkey  (cost=0.00..211.65 rows=9921 width=0)
	              Index Cond: ((id >= 9595290) AND (id <= 9605289))

table 7 : explain SELECT SUM(k) FROM sbtest7 WHERE id BETWEEN 3843679 AND 3853678
	Aggregate  (cost=31138.63..31138.64 rows=1 width=8)
	  ->  Bitmap Heap Scan on sbtest7  (cost=192.21..31116.24 rows=8954 width=4)
	        Recheck Cond: ((id >= 3843679) AND (id <= 3853678))
	        ->  Bitmap Index Scan on sbtest7_pkey  (cost=0.00..189.98 rows=8954 width=0)
	              Index Cond: ((id >= 3843679) AND (id <= 3853678))

table 8 : explain SELECT SUM(k) FROM sbtest8 WHERE id BETWEEN 5627330 AND 5637329
	Aggregate  (cost=33942.87..33942.88 rows=1 width=8)
	  ->  Bitmap Heap Scan on sbtest8  (cost=213.33..33918.26 rows=9843 width=4)
	        Recheck Cond: ((id >= 5627330) AND (id <= 5637329))
	        ->  Bitmap Index Scan on sbtest8_pkey  (cost=0.00..210.87 rows=9843 width=0)
	              Index Cond: ((id >= 5627330) AND (id <= 5637329))

for: distinct_ranges
table 1 : explain SELECT DISTINCT c FROM sbtest1 WHERE id BETWEEN 8181830 AND 8191829 ORDER BY c
	Unique  (cost=32393.32..32439.22 rows=9180 width=121)
	  ->  Sort  (cost=32393.32..32416.27 rows=9180 width=121)
	        Sort Key: c
	        ->  Bitmap Heap Scan on sbtest1  (cost=198.53..31789.08 rows=9180 width=121)
	              Recheck Cond: ((id >= 8181830) AND (id <= 8191829))
	              ->  Bitmap Index Scan on sbtest1_pkey  (cost=0.00..196.24 rows=9180 width=0)
	                    Index Cond: ((id >= 8181830) AND (id <= 8191829))

table 2 : explain SELECT DISTINCT c FROM sbtest2 WHERE id BETWEEN 2403065 AND 2413064 ORDER BY c
	Unique  (cost=31408.71..31453.10 rows=8879 width=121)
	  ->  Sort  (cost=31408.71..31430.91 rows=8879 width=121)
	        Sort Key: c
	        ->  Bitmap Heap Scan on sbtest2  (cost=191.44..30826.42 rows=8879 width=121)
	              Recheck Cond: ((id >= 2403065) AND (id <= 2413064))
	              ->  Bitmap Index Scan on sbtest2_pkey  (cost=0.00..189.23 rows=8879 width=0)
	                    Index Cond: ((id >= 2403065) AND (id <= 2413064))

table 3 : explain SELECT DISTINCT c FROM sbtest3 WHERE id BETWEEN 4884710 AND 4894709 ORDER BY c
	Unique  (cost=35215.49..35265.80 rows=10062 width=121)
	  ->  Sort  (cost=35215.49..35240.65 rows=10062 width=121)
	        Sort Key: c
	        ->  Bitmap Heap Scan on sbtest3  (cost=215.57..34546.54 rows=10062 width=121)
	              Recheck Cond: ((id >= 4884710) AND (id <= 4894709))
	              ->  Bitmap Index Scan on sbtest3_pkey  (cost=0.00..213.06 rows=10062 width=0)
	                    Index Cond: ((id >= 4884710) AND (id <= 4894709))

table 4 : explain SELECT DISTINCT c FROM sbtest4 WHERE id BETWEEN 4801607 AND 4811606 ORDER BY c
	Unique  (cost=32553.73..32599.89 rows=9232 width=121)
	  ->  Sort  (cost=32553.73..32576.81 rows=9232 width=121)
	        Sort Key: c
	        ->  Bitmap Heap Scan on sbtest4  (cost=199.06..31945.69 rows=9232 width=121)
	              Recheck Cond: ((id >= 4801607) AND (id <= 4811606))
	              ->  Bitmap Index Scan on sbtest4_pkey  (cost=0.00..196.75 rows=9232 width=0)
	                    Index Cond: ((id >= 4801607) AND (id <= 4811606))

table 5 : explain SELECT DISTINCT c FROM sbtest5 WHERE id BETWEEN 8156345 AND 8166344 ORDER BY c
	Unique  (cost=35513.14..35563.84 rows=10140 width=121)
	  ->  Sort  (cost=35513.14..35538.49 rows=10140 width=121)
	        Sort Key: c
	        ->  Bitmap Heap Scan on sbtest5  (cost=216.37..34838.43 rows=10140 width=121)
	              Recheck Cond: ((id >= 8156345) AND (id <= 8166344))
	              ->  Bitmap Index Scan on sbtest5_pkey  (cost=0.00..213.84 rows=10140 width=0)
	                    Index Cond: ((id >= 8156345) AND (id <= 8166344))

table 6 : explain SELECT DISTINCT c FROM sbtest6 WHERE id BETWEEN 199914 AND 209913 ORDER BY c
	Unique  (cost=34666.02..34715.45 rows=9885 width=121)
	  ->  Sort  (cost=34666.02..34690.73 rows=9885 width=121)
	        Sort Key: c
	        ->  Bitmap Heap Scan on sbtest6  (cost=213.76..34010.10 rows=9885 width=121)
	              Recheck Cond: ((id >= 199914) AND (id <= 209913))
	              ->  Bitmap Index Scan on sbtest6_pkey  (cost=0.00..211.29 rows=9885 width=0)
	                    Index Cond: ((id >= 199914) AND (id <= 209913))

table 7 : explain SELECT DISTINCT c FROM sbtest7 WHERE id BETWEEN 5101363 AND 5111362 ORDER BY c
	Unique  (cost=34719.97..34769.42 rows=9889 width=121)
	  ->  Sort  (cost=34719.97..34744.70 rows=9889 width=121)
	        Sort Key: c
	        ->  Bitmap Heap Scan on sbtest7  (cost=213.80..34063.76 rows=9889 width=121)
	              Recheck Cond: ((id >= 5101363) AND (id <= 5111362))
	              ->  Bitmap Index Scan on sbtest7_pkey  (cost=0.00..211.32 rows=9889 width=0)
	                    Index Cond: ((id >= 5101363) AND (id <= 5111362))

table 8 : explain SELECT DISTINCT c FROM sbtest8 WHERE id BETWEEN 9384195 AND 9394194 ORDER BY c
	Unique  (cost=35566.15..35616.93 rows=10155 width=121)
	  ->  Sort  (cost=35566.15..35591.54 rows=10155 width=121)
	        Sort Key: c
	        ->  Bitmap Heap Scan on sbtest8  (cost=220.52..34890.34 rows=10155 width=121)
	              Recheck Cond: ((id >= 9384195) AND (id <= 9394194))
	              ->  Bitmap Index Scan on sbtest8_pkey  (cost=0.00..217.99 rows=10155 width=0)
	                    Index Cond: ((id >= 9384195) AND (id <= 9394194))

for: distinct_ranges
table 1 : explain SELECT DISTINCT c FROM sbtest1 WHERE id BETWEEN 2709928 AND 2719927 ORDER BY c
	Unique  (cost=36515.50..36567.84 rows=10469 width=121)
	  ->  Sort  (cost=36515.50..36541.67 rows=10469 width=121)
	        Sort Key: c
	        ->  Bitmap Heap Scan on sbtest1  (cost=223.74..35816.49 rows=10469 width=121)
	              Recheck Cond: ((id >= 2709928) AND (id <= 2719927))
	              ->  Bitmap Index Scan on sbtest1_pkey  (cost=0.00..221.12 rows=10469 width=0)
	                    Index Cond: ((id >= 2709928) AND (id <= 2719927))

table 2 : explain SELECT DISTINCT c FROM sbtest2 WHERE id BETWEEN 1978278 AND 1988277 ORDER BY c
	Unique  (cost=32890.49..32937.18 rows=9337 width=121)
	  ->  Sort  (cost=32890.49..32913.83 rows=9337 width=121)
	        Sort Key: c
	        ->  Bitmap Heap Scan on sbtest2  (cost=200.14..32274.77 rows=9337 width=121)
	              Recheck Cond: ((id >= 1978278) AND (id <= 1988277))
	              ->  Bitmap Index Scan on sbtest2_pkey  (cost=0.00..197.81 rows=9337 width=0)
	                    Index Cond: ((id >= 1978278) AND (id <= 1988277))

table 3 : explain SELECT DISTINCT c FROM sbtest3 WHERE id BETWEEN 2930173 AND 2940172 ORDER BY c
	Unique  (cost=35868.80..35920.14 rows=10267 width=121)
	  ->  Sort  (cost=35868.80..35894.47 rows=10267 width=121)
	        Sort Key: c
	        ->  Bitmap Heap Scan on sbtest3  (cost=221.67..35184.72 rows=10267 width=121)
	              Recheck Cond: ((id >= 2930173) AND (id <= 2940172))
	              ->  Bitmap Index Scan on sbtest3_pkey  (cost=0.00..219.11 rows=10267 width=0)
	                    Index Cond: ((id >= 2930173) AND (id <= 2940172))

table 4 : explain SELECT DISTINCT c FROM sbtest4 WHERE id BETWEEN 5737078 AND 5747077 ORDER BY c
	Unique  (cost=36142.73..36194.50 rows=10354 width=121)
	  ->  Sort  (cost=36142.73..36168.62 rows=10354 width=121)
	        Sort Key: c
	        ->  Bitmap Heap Scan on sbtest4  (cost=222.56..35452.23 rows=10354 width=121)
	              Recheck Cond: ((id >= 5737078) AND (id <= 5747077))
	              ->  Bitmap Index Scan on sbtest4_pkey  (cost=0.00..219.98 rows=10354 width=0)
	                    Index Cond: ((id >= 5737078) AND (id <= 5747077))

table 5 : explain SELECT DISTINCT c FROM sbtest5 WHERE id BETWEEN 1620638 AND 1630637 ORDER BY c
	Unique  (cost=35924.32..35975.66 rows=10268 width=121)
	  ->  Sort  (cost=35924.32..35949.99 rows=10268 width=121)
	        Sort Key: c
	        ->  Bitmap Heap Scan on sbtest5  (cost=221.68..35240.17 rows=10268 width=121)
	              Recheck Cond: ((id >= 1620638) AND (id <= 1630637))
	              ->  Bitmap Index Scan on sbtest5_pkey  (cost=0.00..219.12 rows=10268 width=0)
	                    Index Cond: ((id >= 1620638) AND (id <= 1630637))

table 6 : explain SELECT DISTINCT c FROM sbtest6 WHERE id BETWEEN 8578405 AND 8588404 ORDER BY c
	Unique  (cost=34560.66..34609.92 rows=9852 width=121)
	  ->  Sort  (cost=34560.66..34585.29 rows=9852 width=121)
	        Sort Key: c
	        ->  Bitmap Heap Scan on sbtest6  (cost=213.42..33907.17 rows=9852 width=121)
	              Recheck Cond: ((id >= 8578405) AND (id <= 8588404))
	              ->  Bitmap Index Scan on sbtest6_pkey  (cost=0.00..210.95 rows=9852 width=0)
	                    Index Cond: ((id >= 8578405) AND (id <= 8588404))

table 7 : explain SELECT DISTINCT c FROM sbtest7 WHERE id BETWEEN 5677456 AND 5687455 ORDER BY c
	Unique  (cost=36702.27..36754.82 rows=10510 width=121)
	  ->  Sort  (cost=36702.27..36728.55 rows=10510 width=121)
	        Sort Key: c
	        ->  Bitmap Heap Scan on sbtest7  (cost=228.16..36000.23 rows=10510 width=121)
	              Recheck Cond: ((id >= 5677456) AND (id <= 5687455))
	              ->  Bitmap Index Scan on sbtest7_pkey  (cost=0.00..225.54 rows=10510 width=0)
	                    Index Cond: ((id >= 5677456) AND (id <= 5687455))

table 8 : explain SELECT DISTINCT c FROM sbtest8 WHERE id BETWEEN 3445059 AND 3455058 ORDER BY c
	Unique  (cost=35602.26..35653.09 rows=10166 width=121)
	  ->  Sort  (cost=35602.26..35627.67 rows=10166 width=121)
	        Sort Key: c
	        ->  Bitmap Heap Scan on sbtest8  (cost=220.64..34925.64 rows=10166 width=121)
	              Recheck Cond: ((id >= 3445059) AND (id <= 3455058))
	              ->  Bitmap Index Scan on sbtest8_pkey  (cost=0.00..218.09 rows=10166 width=0)
	                    Index Cond: ((id >= 3445059) AND (id <= 3455058))

for: distinct_ranges
table 1 : explain SELECT DISTINCT c FROM sbtest1 WHERE id BETWEEN 5624689 AND 5634688 ORDER BY c
	Unique  (cost=35443.96..35494.62 rows=10132 width=121)
	  ->  Sort  (cost=35443.96..35469.29 rows=10132 width=121)
	        Sort Key: c
	        ->  Bitmap Heap Scan on sbtest1  (cost=216.29..34769.84 rows=10132 width=121)
	              Recheck Cond: ((id >= 5624689) AND (id <= 5634688))
	              ->  Bitmap Index Scan on sbtest1_pkey  (cost=0.00..213.75 rows=10132 width=0)
	                    Index Cond: ((id >= 5624689) AND (id <= 5634688))

table 2 : explain SELECT DISTINCT c FROM sbtest2 WHERE id BETWEEN 8714154 AND 8724153 ORDER BY c
	Unique  (cost=36245.94..36297.87 rows=10387 width=121)
	  ->  Sort  (cost=36245.94..36271.90 rows=10387 width=121)
	        Sort Key: c
	        ->  Bitmap Heap Scan on sbtest2  (cost=222.90..35552.99 rows=10387 width=121)
	              Recheck Cond: ((id >= 8714154) AND (id <= 8724153))
	              ->  Bitmap Index Scan on sbtest2_pkey  (cost=0.00..220.31 rows=10387 width=0)
	                    Index Cond: ((id >= 8714154) AND (id <= 8724153))

table 3 : explain SELECT DISTINCT c FROM sbtest3 WHERE id BETWEEN 326728 AND 336727 ORDER BY c
	Unique  (cost=33051.62..33098.56 rows=9387 width=121)
	  ->  Sort  (cost=33051.62..33075.09 rows=9387 width=121)
	        Sort Key: c
	        ->  Bitmap Heap Scan on sbtest3  (cost=200.65..32432.25 rows=9387 width=121)
	              Recheck Cond: ((id >= 326728) AND (id <= 336727))
	              ->  Bitmap Index Scan on sbtest3_pkey  (cost=0.00..198.31 rows=9387 width=0)
	                    Index Cond: ((id >= 326728) AND (id <= 336727))

table 4 : explain SELECT DISTINCT c FROM sbtest4 WHERE id BETWEEN 6584362 AND 6594361 ORDER BY c
	Unique  (cost=33484.62..33532.22 rows=9521 width=121)
	  ->  Sort  (cost=33484.62..33508.42 rows=9521 width=121)
	        Sort Key: c
	        ->  Bitmap Heap Scan on sbtest4  (cost=206.03..32855.43 rows=9521 width=121)
	              Recheck Cond: ((id >= 6584362) AND (id <= 6594361))
	              ->  Bitmap Index Scan on sbtest4_pkey  (cost=0.00..203.65 rows=9521 width=0)
	                    Index Cond: ((id >= 6584362) AND (id <= 6594361))

table 5 : explain SELECT DISTINCT c FROM sbtest5 WHERE id BETWEEN 3380866 AND 3390865 ORDER BY c
	Unique  (cost=35648.62..35699.53 rows=10182 width=121)
	  ->  Sort  (cost=35648.62..35674.08 rows=10182 width=121)
	        Sort Key: c
	        ->  Bitmap Heap Scan on sbtest5  (cost=220.80..34970.82 rows=10182 width=121)
	              Recheck Cond: ((id >= 3380866) AND (id <= 3390865))
	              ->  Bitmap Index Scan on sbtest5_pkey  (cost=0.00..218.25 rows=10182 width=0)
	                    Index Cond: ((id >= 3380866) AND (id <= 3390865))

table 6 : explain SELECT DISTINCT c FROM sbtest6 WHERE id BETWEEN 8938465 AND 8948464 ORDER BY c
	Unique  (cost=34114.93..34163.49 rows=9713 width=121)
	  ->  Sort  (cost=34114.93..34139.21 rows=9713 width=121)
	        Sort Key: c
	        ->  Bitmap Heap Scan on sbtest6  (cost=207.99..33471.65 rows=9713 width=121)
	              Recheck Cond: ((id >= 8938465) AND (id <= 8948464))
	              ->  Bitmap Index Scan on sbtest6_pkey  (cost=0.00..205.56 rows=9713 width=0)
	                    Index Cond: ((id >= 8938465) AND (id <= 8948464))

table 7 : explain SELECT DISTINCT c FROM sbtest7 WHERE id BETWEEN 465565 AND 475564 ORDER BY c
	Unique  (cost=33304.41..33351.65 rows=9448 width=121)
	  ->  Sort  (cost=33304.41..33328.03 rows=9448 width=121)
	        Sort Key: c
	        ->  Bitmap Heap Scan on sbtest7  (cost=205.28..32680.57 rows=9448 width=121)
	              Recheck Cond: ((id >= 465565) AND (id <= 475564))
	              ->  Bitmap Index Scan on sbtest7_pkey  (cost=0.00..202.92 rows=9448 width=0)
	                    Index Cond: ((id >= 465565) AND (id <= 475564))

table 8 : explain SELECT DISTINCT c FROM sbtest8 WHERE id BETWEEN 4602902 AND 4612901 ORDER BY c
	Unique  (cost=37767.04..37821.28 rows=10848 width=121)
	  ->  Sort  (cost=37767.04..37794.16 rows=10848 width=121)
	        Sort Key: c
	        ->  Bitmap Heap Scan on sbtest8  (cost=235.63..37039.94 rows=10848 width=121)
	              Recheck Cond: ((id >= 4602902) AND (id <= 4612901))
	              ->  Bitmap Index Scan on sbtest8_pkey  (cost=0.00..232.92 rows=10848 width=0)
	                    Index Cond: ((id >= 4602902) AND (id <= 4612901))

for: sum_ranges
table 1 : explain SELECT SUM(k) FROM sbtest1 WHERE id BETWEEN 219092 AND 229091
	Aggregate  (cost=34374.64..34374.65 rows=1 width=8)
	  ->  Bitmap Heap Scan on sbtest1  (cost=214.90..34349.65 rows=9997 width=4)
	        Recheck Cond: ((id >= 219092) AND (id <= 229091))
	        ->  Bitmap Index Scan on sbtest1_pkey  (cost=0.00..212.41 rows=9997 width=0)
	              Index Cond: ((id >= 219092) AND (id <= 229091))

table 2 : explain SELECT SUM(k) FROM sbtest2 WHERE id BETWEEN 2958433 AND 2968432
	Aggregate  (cost=38093.22..38093.23 rows=1 width=8)
	  ->  Bitmap Heap Scan on sbtest2  (cost=239.28..38065.21 rows=11204 width=4)
	        Recheck Cond: ((id >= 2958433) AND (id <= 2968432))
	        ->  Bitmap Index Scan on sbtest2_pkey  (cost=0.00..236.48 rows=11204 width=0)
	              Index Cond: ((id >= 2958433) AND (id <= 2968432))

table 3 : explain SELECT SUM(k) FROM sbtest3 WHERE id BETWEEN 6025657 AND 6035656
	Aggregate  (cost=34831.54..34831.55 rows=1 width=8)
	  ->  Bitmap Heap Scan on sbtest3  (cost=216.43..34806.18 rows=10146 width=4)
	        Recheck Cond: ((id >= 6025657) AND (id <= 6035656))
	        ->  Bitmap Index Scan on sbtest3_pkey  (cost=0.00..213.90 rows=10146 width=0)
	              Index Cond: ((id >= 6025657) AND (id <= 6035656))

table 4 : explain SELECT SUM(k) FROM sbtest4 WHERE id BETWEEN 6538526 AND 6548525
	Aggregate  (cost=31640.98..31640.99 rows=1 width=8)
	  ->  Bitmap Heap Scan on sbtest4  (cost=198.00..31618.16 rows=9128 width=4)
	        Recheck Cond: ((id >= 6538526) AND (id <= 6548525))
	        ->  Bitmap Index Scan on sbtest4_pkey  (cost=0.00..195.72 rows=9128 width=0)
	              Index Cond: ((id >= 6538526) AND (id <= 6548525))

table 5 : explain SELECT SUM(k) FROM sbtest5 WHERE id BETWEEN 3234766 AND 3244765
	Aggregate  (cost=34571.26..34571.27 rows=1 width=8)
	  ->  Bitmap Heap Scan on sbtest5  (cost=215.41..34546.15 rows=10046 width=4)
	        Recheck Cond: ((id >= 3234766) AND (id <= 3244765))
	        ->  Bitmap Index Scan on sbtest5_pkey  (cost=0.00..212.90 rows=10046 width=0)
	              Index Cond: ((id >= 3234766) AND (id <= 3244765))

table 6 : explain SELECT SUM(k) FROM sbtest6 WHERE id BETWEEN 6150798 AND 6160797
	Aggregate  (cost=36100.68..36100.69 rows=1 width=8)
	  ->  Bitmap Heap Scan on sbtest6  (cost=228.56..36074.31 rows=10549 width=4)
	        Recheck Cond: ((id >= 6150798) AND (id <= 6160797))
	        ->  Bitmap Index Scan on sbtest6_pkey  (cost=0.00..225.93 rows=10549 width=0)
	              Index Cond: ((id >= 6150798) AND (id <= 6160797))

table 7 : explain SELECT SUM(k) FROM sbtest7 WHERE id BETWEEN 2276421 AND 2286420
	Aggregate  (cost=35843.29..35843.30 rows=1 width=8)
	  ->  Bitmap Heap Scan on sbtest7  (cost=223.57..35817.16 rows=10452 width=4)
	        Recheck Cond: ((id >= 2276421) AND (id <= 2286420))
	        ->  Bitmap Index Scan on sbtest7_pkey  (cost=0.00..220.95 rows=10452 width=0)
	              Index Cond: ((id >= 2276421) AND (id <= 2286420))

table 8 : explain SELECT SUM(k) FROM sbtest8 WHERE id BETWEEN 4418006 AND 4428005
	Aggregate  (cost=32171.11..32171.12 rows=1 width=8)
	  ->  Bitmap Heap Scan on sbtest8  (cost=199.57..32147.91 rows=9281 width=4)
	        Recheck Cond: ((id >= 4418006) AND (id <= 4428005))
	        ->  Bitmap Index Scan on sbtest8_pkey  (cost=0.00..197.25 rows=9281 width=0)
	              Index Cond: ((id >= 4418006) AND (id <= 4428005))

for: order_ranges
table 1 : explain SELECT c FROM sbtest1 WHERE id BETWEEN 4708290 AND 4718289 ORDER BY c
	Sort  (cost=37468.96..37495.89 rows=10771 width=121)
	  Sort Key: c
	  ->  Bitmap Heap Scan on sbtest1  (cost=230.84..36747.58 rows=10771 width=121)
	        Recheck Cond: ((id >= 4708290) AND (id <= 4718289))
	        ->  Bitmap Index Scan on sbtest1_pkey  (cost=0.00..228.15 rows=10771 width=0)
	              Index Cond: ((id >= 4708290) AND (id <= 4718289))

table 2 : explain SELECT c FROM sbtest2 WHERE id BETWEEN 8635430 AND 8645429 ORDER BY c
	Sort  (cost=34555.78..34580.42 rows=9856 width=121)
	  Sort Key: c
	  ->  Bitmap Heap Scan on sbtest2  (cost=213.46..33902.00 rows=9856 width=121)
	        Recheck Cond: ((id >= 8635430) AND (id <= 8645429))
	        ->  Bitmap Index Scan on sbtest2_pkey  (cost=0.00..211.00 rows=9856 width=0)
	              Index Cond: ((id >= 8635430) AND (id <= 8645429))

table 3 : explain SELECT c FROM sbtest3 WHERE id BETWEEN 8007376 AND 8017375 ORDER BY c
	Sort  (cost=36856.90..36883.34 rows=10579 width=121)
	  Sort Key: c
	  ->  Bitmap Heap Scan on sbtest3  (cost=228.87..36149.75 rows=10579 width=121)
	        Recheck Cond: ((id >= 8007376) AND (id <= 8017375))
	        ->  Bitmap Index Scan on sbtest3_pkey  (cost=0.00..226.23 rows=10579 width=0)
	              Index Cond: ((id >= 8007376) AND (id <= 8017375))

table 4 : explain SELECT c FROM sbtest4 WHERE id BETWEEN 6821579 AND 6831578 ORDER BY c
	Sort  (cost=36766.94..36793.32 rows=10552 width=121)
	  Sort Key: c
	  ->  Bitmap Heap Scan on sbtest4  (cost=224.59..36061.79 rows=10552 width=121)
	        Recheck Cond: ((id >= 6821579) AND (id <= 6831578))
	        ->  Bitmap Index Scan on sbtest4_pkey  (cost=0.00..221.95 rows=10552 width=0)
	              Index Cond: ((id >= 6821579) AND (id <= 6831578))

table 5 : explain SELECT c FROM sbtest5 WHERE id BETWEEN 2519627 AND 2529626 ORDER BY c
	Sort  (cost=32770.30..32793.52 rows=9286 width=121)
	  Sort Key: c
	  ->  Bitmap Heap Scan on sbtest5  (cost=199.62..32158.32 rows=9286 width=121)
	        Recheck Cond: ((id >= 2519627) AND (id <= 2529626))
	        ->  Bitmap Index Scan on sbtest5_pkey  (cost=0.00..197.30 rows=9286 width=0)
	              Index Cond: ((id >= 2519627) AND (id <= 2529626))

table 6 : explain SELECT c FROM sbtest6 WHERE id BETWEEN 2265233 AND 2275232 ORDER BY c
	Sort  (cost=30171.26..30192.50 rows=8494 width=121)
	  Sort Key: c
	  ->  Bitmap Heap Scan on sbtest6  (cost=183.50..29616.94 rows=8494 width=121)
	        Recheck Cond: ((id >= 2265233) AND (id <= 2275232))
	        ->  Bitmap Index Scan on sbtest6_pkey  (cost=0.00..181.38 rows=8494 width=0)
	              Index Cond: ((id >= 2265233) AND (id <= 2275232))

table 7 : explain SELECT c FROM sbtest7 WHERE id BETWEEN 9422805 AND 9432804 ORDER BY c
	Sort  (cost=35174.53..35199.61 rows=10031 width=121)
	  Sort Key: c
	  ->  Bitmap Heap Scan on sbtest7  (cost=215.25..34507.86 rows=10031 width=121)
	        Recheck Cond: ((id >= 9422805) AND (id <= 9432804))
	        ->  Bitmap Index Scan on sbtest7_pkey  (cost=0.00..212.75 rows=10031 width=0)
	              Index Cond: ((id >= 9422805) AND (id <= 9432804))

table 8 : explain SELECT c FROM sbtest8 WHERE id BETWEEN 3249428 AND 3259427 ORDER BY c
	Sort  (cost=38050.50..38077.84 rows=10938 width=121)
	  Sort Key: c
	  ->  Bitmap Heap Scan on sbtest8  (cost=236.55..37316.72 rows=10938 width=121)
	        Recheck Cond: ((id >= 3249428) AND (id <= 3259427))
	        ->  Bitmap Index Scan on sbtest8_pkey  (cost=0.00..233.81 rows=10938 width=0)
	              Index Cond: ((id >= 3249428) AND (id <= 3259427))

for: order_ranges
table 1 : explain SELECT c FROM sbtest1 WHERE id BETWEEN 8013930 AND 8023929 ORDER BY c
	Sort  (cost=37817.24..37844.44 rows=10882 width=121)
	  Sort Key: c
	  ->  Bitmap Heap Scan on sbtest1  (cost=231.98..37087.62 rows=10882 width=121)
	        Recheck Cond: ((id >= 8013930) AND (id <= 8023929))
	        ->  Bitmap Index Scan on sbtest1_pkey  (cost=0.00..229.25 rows=10882 width=0)
	              Index Cond: ((id >= 8013930) AND (id <= 8023929))

table 2 : explain SELECT c FROM sbtest2 WHERE id BETWEEN 8442668 AND 8452667 ORDER BY c
	Sort  (cost=35531.40..35556.81 rows=10163 width=121)
	  Sort Key: c
	  ->  Bitmap Heap Scan on sbtest2  (cost=216.61..34855.00 rows=10163 width=121)
	        Recheck Cond: ((id >= 8442668) AND (id <= 8452667))
	        ->  Bitmap Index Scan on sbtest2_pkey  (cost=0.00..214.06 rows=10163 width=0)
	              Index Cond: ((id >= 8442668) AND (id <= 8452667))

table 3 : explain SELECT c FROM sbtest3 WHERE id BETWEEN 4221533 AND 4231532 ORDER BY c
	Sort  (cost=33871.93..33896.03 rows=9642 width=121)
	  Sort Key: c
	  ->  Bitmap Heap Scan on sbtest3  (cost=207.27..33233.86 rows=9642 width=121)
	        Recheck Cond: ((id >= 4221533) AND (id <= 4231532))
	        ->  Bitmap Index Scan on sbtest3_pkey  (cost=0.00..204.86 rows=9642 width=0)
	              Index Cond: ((id >= 4221533) AND (id <= 4231532))

table 4 : explain SELECT c FROM sbtest4 WHERE id BETWEEN 774544 AND 784543 ORDER BY c
	Sort  (cost=36717.93..36744.27 rows=10536 width=121)
	  Sort Key: c
	  ->  Bitmap Heap Scan on sbtest4  (cost=224.43..36013.96 rows=10536 width=121)
	        Recheck Cond: ((id >= 774544) AND (id <= 784543))
	        ->  Bitmap Index Scan on sbtest4_pkey  (cost=0.00..221.80 rows=10536 width=0)
	              Index Cond: ((id >= 774544) AND (id <= 784543))

table 5 : explain SELECT c FROM sbtest5 WHERE id BETWEEN 875183 AND 885182 ORDER BY c
	Sort  (cost=37329.16..37355.94 rows=10711 width=121)
	  Sort Key: c
	  ->  Bitmap Heap Scan on sbtest5  (cost=230.22..36612.23 rows=10711 width=121)
	        Recheck Cond: ((id >= 875183) AND (id <= 885182))
	        ->  Bitmap Index Scan on sbtest5_pkey  (cost=0.00..227.55 rows=10711 width=0)
	              Index Cond: ((id >= 875183) AND (id <= 885182))

table 6 : explain SELECT c FROM sbtest6 WHERE id BETWEEN 7614628 AND 7624627 ORDER BY c
	Sort  (cost=37568.50..37595.50 rows=10799 width=121)
	  Sort Key: c
	  ->  Bitmap Heap Scan on sbtest6  (cost=231.12..36845.04 rows=10799 width=121)
	        Recheck Cond: ((id >= 7614628) AND (id <= 7624627))
	        ->  Bitmap Index Scan on sbtest6_pkey  (cost=0.00..228.43 rows=10799 width=0)
	              Index Cond: ((id >= 7614628) AND (id <= 7624627))

table 7 : explain SELECT c FROM sbtest7 WHERE id BETWEEN 1309969 AND 1319968 ORDER BY c
	Sort  (cost=32842.65..32865.92 rows=9306 width=121)
	  Sort Key: c
	  ->  Bitmap Heap Scan on sbtest7  (cost=199.82..32229.20 rows=9306 width=121)
	        Recheck Cond: ((id >= 1309969) AND (id <= 1319968))
	        ->  Bitmap Index Scan on sbtest7_pkey  (cost=0.00..197.50 rows=9306 width=0)
	              Index Cond: ((id >= 1309969) AND (id <= 1319968))

table 8 : explain SELECT c FROM sbtest8 WHERE id BETWEEN 3867073 AND 3877072 ORDER BY c
	Sort  (cost=37146.19..37172.82 rows=10652 width=121)
	  Sort Key: c
	  ->  Bitmap Heap Scan on sbtest8  (cost=229.62..36433.63 rows=10652 width=121)
	        Recheck Cond: ((id >= 3867073) AND (id <= 3877072))
	        ->  Bitmap Index Scan on sbtest8_pkey  (cost=0.00..226.95 rows=10652 width=0)
	              Index Cond: ((id >= 3867073) AND (id <= 3877072))

for: sum_ranges
table 1 : explain SELECT SUM(k) FROM sbtest1 WHERE id BETWEEN 45961 AND 55960
	Aggregate  (cost=34104.60..34104.61 rows=1 width=8)
	  ->  Bitmap Heap Scan on sbtest1  (cost=214.01..34079.82 rows=9910 width=4)
	        Recheck Cond: ((id >= 45961) AND (id <= 55960))
	        ->  Bitmap Index Scan on sbtest1_pkey  (cost=0.00..211.54 rows=9910 width=0)
	              Index Cond: ((id >= 45961) AND (id <= 55960))

table 2 : explain SELECT SUM(k) FROM sbtest2 WHERE id BETWEEN 9037666 AND 9047665
	Aggregate  (cost=33903.31..33903.32 rows=1 width=8)
	  ->  Bitmap Heap Scan on sbtest2  (cost=209.39..33878.69 rows=9849 width=4)
	        Recheck Cond: ((id >= 9037666) AND (id <= 9047665))
	        ->  Bitmap Index Scan on sbtest2_pkey  (cost=0.00..206.93 rows=9849 width=0)
	              Index Cond: ((id >= 9037666) AND (id <= 9047665))

table 3 : explain SELECT SUM(k) FROM sbtest3 WHERE id BETWEEN 4342049 AND 4352048
	Aggregate  (cost=33390.21..33390.22 rows=1 width=8)
	  ->  Bitmap Heap Scan on sbtest3  (cost=207.70..33366.00 rows=9684 width=4)
	        Recheck Cond: ((id >= 4342049) AND (id <= 4352048))
	        ->  Bitmap Index Scan on sbtest3_pkey  (cost=0.00..205.28 rows=9684 width=0)
	              Index Cond: ((id >= 4342049) AND (id <= 4352048))

table 4 : explain SELECT SUM(k) FROM sbtest4 WHERE id BETWEEN 5004711 AND 5014710
	Aggregate  (cost=32623.04..32623.05 rows=1 width=8)
	  ->  Bitmap Heap Scan on sbtest4  (cost=201.20..32599.44 rows=9440 width=4)
	        Recheck Cond: ((id >= 5004711) AND (id <= 5014710))
	        ->  Bitmap Index Scan on sbtest4_pkey  (cost=0.00..198.84 rows=9440 width=0)
	              Index Cond: ((id >= 5004711) AND (id <= 5014710))

table 5 : explain SELECT SUM(k) FROM sbtest5 WHERE id BETWEEN 2502470 AND 2512469
	Aggregate  (cost=32181.53..32181.54 rows=1 width=8)
	  ->  Bitmap Heap Scan on sbtest5  (cost=199.62..32158.32 rows=9286 width=4)
	        Recheck Cond: ((id >= 2502470) AND (id <= 2512469))
	        ->  Bitmap Index Scan on sbtest5_pkey  (cost=0.00..197.30 rows=9286 width=0)
	              Index Cond: ((id >= 2502470) AND (id <= 2512469))

table 6 : explain SELECT SUM(k) FROM sbtest6 WHERE id BETWEEN 7786658 AND 7796657
	Aggregate  (cost=36980.25..36980.26 rows=1 width=8)
	  ->  Bitmap Heap Scan on sbtest6  (cost=231.49..36953.16 rows=10835 width=4)
	        Recheck Cond: ((id >= 7786658) AND (id <= 7796657))
	        ->  Bitmap Index Scan on sbtest6_pkey  (cost=0.00..228.79 rows=10835 width=0)
	              Index Cond: ((id >= 7786658) AND (id <= 7796657))

table 7 : explain SELECT SUM(k) FROM sbtest7 WHERE id BETWEEN 1196436 AND 1206435
	Aggregate  (cost=35583.83..35583.84 rows=1 width=8)
	  ->  Bitmap Heap Scan on sbtest7  (cost=222.71..35557.91 rows=10368 width=4)
	        Recheck Cond: ((id >= 1196436) AND (id <= 1206435))
	        ->  Bitmap Index Scan on sbtest7_pkey  (cost=0.00..220.12 rows=10368 width=0)
	              Index Cond: ((id >= 1196436) AND (id <= 1206435))

table 8 : explain SELECT SUM(k) FROM sbtest8 WHERE id BETWEEN 3764993 AND 3774992
	Aggregate  (cost=34065.41..34065.42 rows=1 width=8)
	  ->  Bitmap Heap Scan on sbtest8  (cost=213.74..34040.70 rows=9883 width=4)
	        Recheck Cond: ((id >= 3764993) AND (id <= 3774992))
	        ->  Bitmap Index Scan on sbtest8_pkey  (cost=0.00..211.26 rows=9883 width=0)
	              Index Cond: ((id >= 3764993) AND (id <= 3774992))

for: sum_ranges
table 1 : explain SELECT SUM(k) FROM sbtest1 WHERE id BETWEEN 8828571 AND 8838570
	Aggregate  (cost=32800.97..32800.98 rows=1 width=8)
	  ->  Bitmap Heap Scan on sbtest1  (cost=205.75..32777.23 rows=9494 width=4)
	        Recheck Cond: ((id >= 8828571) AND (id <= 8838570))
	        ->  Bitmap Index Scan on sbtest1_pkey  (cost=0.00..203.38 rows=9494 width=0)
	              Index Cond: ((id >= 8828571) AND (id <= 8838570))

table 2 : explain SELECT SUM(k) FROM sbtest2 WHERE id BETWEEN 4974395 AND 4984394
	Aggregate  (cost=34395.93..34395.94 rows=1 width=8)
	  ->  Bitmap Heap Scan on sbtest2  (cost=215.00..34370.91 rows=10006 width=4)
	        Recheck Cond: ((id >= 4974395) AND (id <= 4984394))
	        ->  Bitmap Index Scan on sbtest2_pkey  (cost=0.00..212.50 rows=10006 width=0)
	              Index Cond: ((id >= 4974395) AND (id <= 4984394))

table 3 : explain SELECT SUM(k) FROM sbtest3 WHERE id BETWEEN 6668782 AND 6678781
	Aggregate  (cost=33906.42..33906.43 rows=1 width=8)
	  ->  Bitmap Heap Scan on sbtest3  (cost=213.38..33881.80 rows=9848 width=4)
	        Recheck Cond: ((id >= 6668782) AND (id <= 6678781))
	        ->  Bitmap Index Scan on sbtest3_pkey  (cost=0.00..210.92 rows=9848 width=0)
	              Index Cond: ((id >= 6668782) AND (id <= 6678781))

table 4 : explain SELECT SUM(k) FROM sbtest4 WHERE id BETWEEN 1543454 AND 1553453
	Aggregate  (cost=36684.82..36684.83 rows=1 width=8)
	  ->  Bitmap Heap Scan on sbtest4  (cost=230.56..36657.96 rows=10744 width=4)
	        Recheck Cond: ((id >= 1543454) AND (id <= 1553453))
	        ->  Bitmap Index Scan on sbtest4_pkey  (cost=0.00..227.88 rows=10744 width=0)
	              Index Cond: ((id >= 1543454) AND (id <= 1553453))

table 5 : explain SELECT SUM(k) FROM sbtest5 WHERE id BETWEEN 9947728 AND 9957727
	Aggregate  (cost=32162.03..32162.04 rows=1 width=8)
	  ->  Bitmap Heap Scan on sbtest5  (cost=199.54..32138.83 rows=9279 width=4)
	        Recheck Cond: ((id >= 9947728) AND (id <= 9957727))
	        ->  Bitmap Index Scan on sbtest5_pkey  (cost=0.00..197.23 rows=9279 width=0)
	              Index Cond: ((id >= 9947728) AND (id <= 9957727))

table 6 : explain SELECT SUM(k) FROM sbtest6 WHERE id BETWEEN 7438342 AND 7448341
	Aggregate  (cost=35028.17..35028.18 rows=1 width=8)
	  ->  Bitmap Heap Scan on sbtest6  (cost=221.02..35002.66 rows=10203 width=4)
	        Recheck Cond: ((id >= 7438342) AND (id <= 7448341))
	        ->  Bitmap Index Scan on sbtest6_pkey  (cost=0.00..218.47 rows=10203 width=0)
	              Index Cond: ((id >= 7438342) AND (id <= 7448341))

table 7 : explain SELECT SUM(k) FROM sbtest7 WHERE id BETWEEN 5265343 AND 5275342
	Aggregate  (cost=34336.57..34336.58 rows=1 width=8)
	  ->  Bitmap Heap Scan on sbtest7  (cost=214.61..34311.65 rows=9968 width=4)
	        Recheck Cond: ((id >= 5265343) AND (id <= 5275342))
	        ->  Bitmap Index Scan on sbtest7_pkey  (cost=0.00..212.12 rows=9968 width=0)
	              Index Cond: ((id >= 5265343) AND (id <= 5275342))

table 8 : explain SELECT SUM(k) FROM sbtest8 WHERE id BETWEEN 2652263 AND 2662262
	Aggregate  (cost=31126.38..31126.39 rows=1 width=8)
	  ->  Bitmap Heap Scan on sbtest8  (cost=196.18..31104.00 rows=8951 width=4)
	        Recheck Cond: ((id >= 2652263) AND (id <= 2662262))
	        ->  Bitmap Index Scan on sbtest8_pkey  (cost=0.00..193.94 rows=8951 width=0)
	              Index Cond: ((id >= 2652263) AND (id <= 2662262))

for: order_ranges
table 1 : explain SELECT c FROM sbtest1 WHERE id BETWEEN 8512313 AND 8522312 ORDER BY c
	Sort  (cost=36711.61..36737.94 rows=10532 width=121)
	  Sort Key: c
	  ->  Bitmap Heap Scan on sbtest1  (cost=224.39..36007.94 rows=10532 width=121)
	        Recheck Cond: ((id >= 8512313) AND (id <= 8522312))
	        ->  Bitmap Index Scan on sbtest1_pkey  (cost=0.00..221.75 rows=10532 width=0)
	              Index Cond: ((id >= 8512313) AND (id <= 8522312))

table 2 : explain SELECT c FROM sbtest2 WHERE id BETWEEN 8193912 AND 8203911 ORDER BY c
	Sort  (cost=34317.96..34342.42 rows=9782 width=121)
	  Sort Key: c
	  ->  Bitmap Heap Scan on sbtest2  (cost=208.70..33669.61 rows=9782 width=121)
	        Recheck Cond: ((id >= 8193912) AND (id <= 8203911))
	        ->  Bitmap Index Scan on sbtest2_pkey  (cost=0.00..206.25 rows=9782 width=0)
	              Index Cond: ((id >= 8193912) AND (id <= 8203911))

table 3 : explain SELECT c FROM sbtest3 WHERE id BETWEEN 3014002 AND 3024001 ORDER BY c
	Sort  (cost=38130.61..38158.07 rows=10983 width=121)
	  Sort Key: c
	  ->  Bitmap Heap Scan on sbtest3  (cost=237.01..37393.49 rows=10983 width=121)
	        Recheck Cond: ((id >= 3014002) AND (id <= 3024001))
	        ->  Bitmap Index Scan on sbtest3_pkey  (cost=0.00..234.26 rows=10983 width=0)
	              Index Cond: ((id >= 3014002) AND (id <= 3024001))

table 4 : explain SELECT c FROM sbtest4 WHERE id BETWEEN 111710 AND 121709 ORDER BY c
	Sort  (cost=37018.84..37045.41 rows=10630 width=121)
	  Sort Key: c
	  ->  Bitmap Heap Scan on sbtest4  (cost=229.39..36307.91 rows=10630 width=121)
	        Recheck Cond: ((id >= 111710) AND (id <= 121709))
	        ->  Bitmap Index Scan on sbtest4_pkey  (cost=0.00..226.74 rows=10630 width=0)
	              Index Cond: ((id >= 111710) AND (id <= 121709))

table 5 : explain SELECT c FROM sbtest5 WHERE id BETWEEN 5805255 AND 5815254 ORDER BY c
	Sort  (cost=34680.46..34705.16 rows=9879 width=121)
	  Sort Key: c
	  ->  Bitmap Heap Scan on sbtest5  (cost=213.69..34024.98 rows=9879 width=121)
	        Recheck Cond: ((id >= 5805255) AND (id <= 5815254))
	        ->  Bitmap Index Scan on sbtest5_pkey  (cost=0.00..211.23 rows=9879 width=0)
	              Index Cond: ((id >= 5805255) AND (id <= 5815254))

table 6 : explain SELECT c FROM sbtest6 WHERE id BETWEEN 1530104 AND 1540103 ORDER BY c
	Sort  (cost=35054.20..35079.22 rows=10007 width=121)
	  Sort Key: c
	  ->  Bitmap Heap Scan on sbtest6  (cost=215.01..34389.30 rows=10007 width=121)
	        Recheck Cond: ((id >= 1530104) AND (id <= 1540103))
	        ->  Bitmap Index Scan on sbtest6_pkey  (cost=0.00..212.50 rows=10007 width=0)
	              Index Cond: ((id >= 1530104) AND (id <= 1540103))

table 7 : explain SELECT c FROM sbtest7 WHERE id BETWEEN 5975241 AND 5985240 ORDER BY c
	Sort  (cost=35625.85..35651.28 rows=10172 width=121)
	  Sort Key: c
	  ->  Bitmap Heap Scan on sbtest7  (cost=220.70..34948.79 rows=10172 width=121)
	        Recheck Cond: ((id >= 5975241) AND (id <= 5985240))
	        ->  Bitmap Index Scan on sbtest7_pkey  (cost=0.00..218.16 rows=10172 width=0)
	              Index Cond: ((id >= 5975241) AND (id <= 5985240))

table 8 : explain SELECT c FROM sbtest8 WHERE id BETWEEN 5523112 AND 5533111 ORDER BY c
	Sort  (cost=35851.81..35877.42 rows=10244 width=121)
	  Sort Key: c
	  ->  Bitmap Heap Scan on sbtest8  (cost=221.44..35169.43 rows=10244 width=121)
	        Recheck Cond: ((id >= 5523112) AND (id <= 5533111))
	        ->  Bitmap Index Scan on sbtest8_pkey  (cost=0.00..218.88 rows=10244 width=0)
	              Index Cond: ((id >= 5523112) AND (id <= 5533111))

for: order_ranges
table 1 : explain SELECT c FROM sbtest1 WHERE id BETWEEN 4130549 AND 4140548 ORDER BY c
	Sort  (cost=34414.29..34438.82 rows=9810 width=121)
	  Sort Key: c
	  ->  Bitmap Heap Scan on sbtest1  (cost=208.99..33763.89 rows=9810 width=121)
	        Recheck Cond: ((id >= 4130549) AND (id <= 4140548))
	        ->  Bitmap Index Scan on sbtest1_pkey  (cost=0.00..206.54 rows=9810 width=0)
	              Index Cond: ((id >= 4130549) AND (id <= 4140548))

table 2 : explain SELECT c FROM sbtest2 WHERE id BETWEEN 8760732 AND 8770731 ORDER BY c
	Sort  (cost=38196.09..38223.60 rows=11005 width=121)
	  Sort Key: c
	  ->  Bitmap Heap Scan on sbtest2  (cost=237.24..37457.33 rows=11005 width=121)
	        Recheck Cond: ((id >= 8760732) AND (id <= 8770731))
	        ->  Bitmap Index Scan on sbtest2_pkey  (cost=0.00..234.49 rows=11005 width=0)
	              Index Cond: ((id >= 8760732) AND (id <= 8770731))

table 3 : explain SELECT c FROM sbtest3 WHERE id BETWEEN 4287684 AND 4297683 ORDER BY c
	Sort  (cost=34007.15..34031.36 rows=9684 width=121)
	  Sort Key: c
	  ->  Bitmap Heap Scan on sbtest3  (cost=207.70..33366.00 rows=9684 width=121)
	        Recheck Cond: ((id >= 4287684) AND (id <= 4297683))
	        ->  Bitmap Index Scan on sbtest3_pkey  (cost=0.00..205.28 rows=9684 width=0)
	              Index Cond: ((id >= 4287684) AND (id <= 4297683))

table 4 : explain SELECT c FROM sbtest4 WHERE id BETWEEN 2492334 AND 2502333 ORDER BY c
	Sort  (cost=34233.63..34258.01 rows=9755 width=121)
	  Sort Key: c
	  ->  Bitmap Heap Scan on sbtest4  (cost=208.42..33587.26 rows=9755 width=121)
	        Recheck Cond: ((id >= 2492334) AND (id <= 2502333))
	        ->  Bitmap Index Scan on sbtest4_pkey  (cost=0.00..205.99 rows=9755 width=0)
	              Index Cond: ((id >= 2492334) AND (id <= 2502333))

table 5 : explain SELECT c FROM sbtest5 WHERE id BETWEEN 8114549 AND 8124548 ORDER BY c
	Sort  (cost=39091.24..39119.42 rows=11270 width=121)
	  Sort Key: c
	  ->  Bitmap Heap Scan on sbtest5  (cost=243.95..38332.76 rows=11270 width=121)
	        Recheck Cond: ((id >= 8114549) AND (id <= 8124548))
	        ->  Bitmap Index Scan on sbtest5_pkey  (cost=0.00..241.13 rows=11270 width=0)
	              Index Cond: ((id >= 8114549) AND (id <= 8124548))

table 6 : explain SELECT c FROM sbtest6 WHERE id BETWEEN 5867988 AND 5877987 ORDER BY c
	Sort  (cost=35185.63..35210.75 rows=10048 width=121)
	  Sort Key: c
	  ->  Bitmap Heap Scan on sbtest6  (cost=215.43..34517.71 rows=10048 width=121)
	        Recheck Cond: ((id >= 5867988) AND (id <= 5877987))
	        ->  Bitmap Index Scan on sbtest6_pkey  (cost=0.00..212.92 rows=10048 width=0)
	              Index Cond: ((id >= 5867988) AND (id <= 5877987))

table 7 : explain SELECT c FROM sbtest7 WHERE id BETWEEN 5997296 AND 6007295 ORDER BY c
	Sort  (cost=35375.24..35400.47 rows=10094 width=121)
	  Sort Key: c
	  ->  Bitmap Heap Scan on sbtest7  (cost=215.90..34703.92 rows=10094 width=121)
	        Recheck Cond: ((id >= 5997296) AND (id <= 6007295))
	        ->  Bitmap Index Scan on sbtest7_pkey  (cost=0.00..213.38 rows=10094 width=0)
	              Index Cond: ((id >= 5997296) AND (id <= 6007295))

table 8 : explain SELECT c FROM sbtest8 WHERE id BETWEEN 1696327 AND 1706326 ORDER BY c
	Sort  (cost=36252.81..36278.74 rows=10370 width=121)
	  Sort Key: c
	  ->  Bitmap Heap Scan on sbtest8  (cost=226.73..35561.13 rows=10370 width=121)
	        Recheck Cond: ((id >= 1696327) AND (id <= 1706326))
	        ->  Bitmap Index Scan on sbtest8_pkey  (cost=0.00..224.13 rows=10370 width=0)
	              Index Cond: ((id >= 1696327) AND (id <= 1706326))

for: order_ranges
table 1 : explain SELECT c FROM sbtest1 WHERE id BETWEEN 4697998 AND 4707997 ORDER BY c
	Sort  (cost=35956.14..35981.87 rows=10293 width=121)
	  Sort Key: c
	  ->  Bitmap Heap Scan on sbtest1  (cost=221.94..35270.14 rows=10293 width=121)
	        Recheck Cond: ((id >= 4697998) AND (id <= 4707997))
	        ->  Bitmap Index Scan on sbtest1_pkey  (cost=0.00..219.37 rows=10293 width=0)
	              Index Cond: ((id >= 4697998) AND (id <= 4707997))

table 2 : explain SELECT c FROM sbtest2 WHERE id BETWEEN 6688107 AND 6698106 ORDER BY c
	Sort  (cost=33427.11..33450.87 rows=9503 width=121)
	  Sort Key: c
	  ->  Bitmap Heap Scan on sbtest2  (cost=205.84..32799.24 rows=9503 width=121)
	        Recheck Cond: ((id >= 6688107) AND (id <= 6698106))
	        ->  Bitmap Index Scan on sbtest2_pkey  (cost=0.00..203.47 rows=9503 width=0)
	              Index Cond: ((id >= 6688107) AND (id <= 6698106))

table 3 : explain SELECT c FROM sbtest3 WHERE id BETWEEN 9935012 AND 9945011 ORDER BY c
	Sort  (cost=32962.22..32985.62 rows=9359 width=121)
	  Sort Key: c
	  ->  Bitmap Heap Scan on sbtest3  (cost=200.36..32344.90 rows=9359 width=121)
	        Recheck Cond: ((id >= 9935012) AND (id <= 9945011))
	        ->  Bitmap Index Scan on sbtest3_pkey  (cost=0.00..198.03 rows=9359 width=0)
	              Index Cond: ((id >= 9935012) AND (id <= 9945011))

table 4 : explain SELECT c FROM sbtest4 WHERE id BETWEEN 1704575 AND 1714574 ORDER BY c
	Sort  (cost=35697.38..35722.91 rows=10213 width=121)
	  Sort Key: c
	  ->  Bitmap Heap Scan on sbtest4  (cost=221.12..35017.29 rows=10213 width=121)
	        Recheck Cond: ((id >= 1704575) AND (id <= 1714574))
	        ->  Bitmap Index Scan on sbtest4_pkey  (cost=0.00..218.56 rows=10213 width=0)
	              Index Cond: ((id >= 1704575) AND (id <= 1714574))

table 5 : explain SELECT c FROM sbtest5 WHERE id BETWEEN 8526949 AND 8536948 ORDER BY c
	Sort  (cost=32118.79..32141.50 rows=9084 width=121)
	  Sort Key: c
	  ->  Bitmap Heap Scan on sbtest5  (cost=197.55..31521.55 rows=9084 width=121)
	        Recheck Cond: ((id >= 8526949) AND (id <= 8536948))
	        ->  Bitmap Index Scan on sbtest5_pkey  (cost=0.00..195.28 rows=9084 width=0)
	              Index Cond: ((id >= 8526949) AND (id <= 8536948))

table 6 : explain SELECT c FROM sbtest6 WHERE id BETWEEN 8857325 AND 8867324 ORDER BY c
	Sort  (cost=35090.33..35115.37 rows=10018 width=121)
	  Sort Key: c
	  ->  Bitmap Heap Scan on sbtest6  (cost=215.12..34424.61 rows=10018 width=121)
	        Recheck Cond: ((id >= 8857325) AND (id <= 8867324))
	        ->  Bitmap Index Scan on sbtest6_pkey  (cost=0.00..212.62 rows=10018 width=0)
	              Index Cond: ((id >= 8857325) AND (id <= 8867324))

table 7 : explain SELECT c FROM sbtest7 WHERE id BETWEEN 1211244 AND 1221243 ORDER BY c
	Sort  (cost=36249.45..36275.37 rows=10368 width=121)
	  Sort Key: c
	  ->  Bitmap Heap Scan on sbtest7  (cost=222.71..35557.91 rows=10368 width=121)
	        Recheck Cond: ((id >= 1211244) AND (id <= 1221243))
	        ->  Bitmap Index Scan on sbtest7_pkey  (cost=0.00..220.12 rows=10368 width=0)
	              Index Cond: ((id >= 1211244) AND (id <= 1221243))

table 8 : explain SELECT c FROM sbtest8 WHERE id BETWEEN 6792090 AND 6802089 ORDER BY c
	Sort  (cost=31994.69..32017.30 rows=9044 width=121)
	  Sort Key: c
	  ->  Bitmap Heap Scan on sbtest8  (cost=197.14..31400.38 rows=9044 width=121)
	        Recheck Cond: ((id >= 6792090) AND (id <= 6802089))
	        ->  Bitmap Index Scan on sbtest8_pkey  (cost=0.00..194.88 rows=9044 width=0)
	              Index Cond: ((id >= 6792090) AND (id <= 6802089))

for: order_ranges
table 1 : explain SELECT c FROM sbtest1 WHERE id BETWEEN 9653132 AND 9663131 ORDER BY c
	Sort  (cost=34015.43..34039.64 rows=9685 width=121)
	  Sort Key: c
	  ->  Bitmap Heap Scan on sbtest1  (cost=207.71..33374.21 rows=9685 width=121)
	        Recheck Cond: ((id >= 9653132) AND (id <= 9663131))
	        ->  Bitmap Index Scan on sbtest1_pkey  (cost=0.00..205.29 rows=9685 width=0)
	              Index Cond: ((id >= 9653132) AND (id <= 9663131))

table 2 : explain SELECT c FROM sbtest2 WHERE id BETWEEN 9647415 AND 9657414 ORDER BY c
	Sort  (cost=36510.71..36536.89 rows=10471 width=121)
	  Sort Key: c
	  ->  Bitmap Heap Scan on sbtest2  (cost=223.76..35811.56 rows=10471 width=121)
	        Recheck Cond: ((id >= 9647415) AND (id <= 9657414))
	        ->  Bitmap Index Scan on sbtest2_pkey  (cost=0.00..221.15 rows=10471 width=0)
	              Index Cond: ((id >= 9647415) AND (id <= 9657414))

table 3 : explain SELECT c FROM sbtest3 WHERE id BETWEEN 3610307 AND 3620306 ORDER BY c
	Sort  (cost=34003.86..34028.06 rows=9683 width=121)
	  Sort Key: c
	  ->  Bitmap Heap Scan on sbtest3  (cost=207.69..33362.78 rows=9683 width=121)
	        Recheck Cond: ((id >= 3610307) AND (id <= 3620306))
	        ->  Bitmap Index Scan on sbtest3_pkey  (cost=0.00..205.26 rows=9683 width=0)
	              Index Cond: ((id >= 3610307) AND (id <= 3620306))

table 4 : explain SELECT c FROM sbtest4 WHERE id BETWEEN 7543431 AND 7553430 ORDER BY c
	Sort  (cost=34997.74..35022.72 rows=9994 width=121)
	  Sort Key: c
	  ->  Bitmap Heap Scan on sbtest4  (cost=214.87..34333.79 rows=9994 width=121)
	        Recheck Cond: ((id >= 7543431) AND (id <= 7553430))
	        ->  Bitmap Index Scan on sbtest4_pkey  (cost=0.00..212.38 rows=9994 width=0)
	              Index Cond: ((id >= 7543431) AND (id <= 7553430))

table 5 : explain SELECT c FROM sbtest5 WHERE id BETWEEN 4559279 AND 4569278 ORDER BY c
	Sort  (cost=35144.80..35169.86 rows=10024 width=121)
	  Sort Key: c
	  ->  Bitmap Heap Scan on sbtest5  (cost=215.18..34478.64 rows=10024 width=121)
	        Recheck Cond: ((id >= 4559279) AND (id <= 4569278))
	        ->  Bitmap Index Scan on sbtest5_pkey  (cost=0.00..212.68 rows=10024 width=0)
	              Index Cond: ((id >= 4559279) AND (id <= 4569278))

table 6 : explain SELECT c FROM sbtest6 WHERE id BETWEEN 8562187 AND 8572186 ORDER BY c
	Sort  (cost=34560.66..34585.29 rows=9852 width=121)
	  Sort Key: c
	  ->  Bitmap Heap Scan on sbtest6  (cost=213.42..33907.17 rows=9852 width=121)
	        Recheck Cond: ((id >= 8562187) AND (id <= 8572186))
	        ->  Bitmap Index Scan on sbtest6_pkey  (cost=0.00..210.95 rows=9852 width=0)
	              Index Cond: ((id >= 8562187) AND (id <= 8572186))

table 7 : explain SELECT c FROM sbtest7 WHERE id BETWEEN 2636829 AND 2646828 ORDER BY c
	Sort  (cost=34822.16..34846.96 rows=9921 width=121)
	  Sort Key: c
	  ->  Bitmap Heap Scan on sbtest7  (cost=214.13..34163.59 rows=9921 width=121)
	        Recheck Cond: ((id >= 2636829) AND (id <= 2646828))
	        ->  Bitmap Index Scan on sbtest7_pkey  (cost=0.00..211.65 rows=9921 width=0)
	              Index Cond: ((id >= 2636829) AND (id <= 2646828))

table 8 : explain SELECT c FROM sbtest8 WHERE id BETWEEN 1711551 AND 1721550 ORDER BY c
	Sort  (cost=36956.62..36983.10 rows=10592 width=121)
	  Sort Key: c
	  ->  Bitmap Heap Scan on sbtest8  (cost=229.00..36248.51 rows=10592 width=121)
	        Recheck Cond: ((id >= 1711551) AND (id <= 1721550))
	        ->  Bitmap Index Scan on sbtest8_pkey  (cost=0.00..226.36 rows=10592 width=0)
	              Index Cond: ((id >= 1711551) AND (id <= 1721550))

for: distinct_ranges
table 1 : explain SELECT DISTINCT c FROM sbtest1 WHERE id BETWEEN 1211021 AND 1221020 ORDER BY c
	Unique  (cost=36051.00..36102.61 rows=10322 width=121)
	  ->  Sort  (cost=36051.00..36076.80 rows=10322 width=121)
	        Sort Key: c
	        ->  Bitmap Heap Scan on sbtest1  (cost=222.24..35362.86 rows=10322 width=121)
	              Recheck Cond: ((id >= 1211021) AND (id <= 1221020))
	              ->  Bitmap Index Scan on sbtest1_pkey  (cost=0.00..219.66 rows=10322 width=0)
	                    Index Cond: ((id >= 1211021) AND (id <= 1221020))

table 2 : explain SELECT DISTINCT c FROM sbtest2 WHERE id BETWEEN 9690760 AND 9700759 ORDER BY c
	Unique  (cost=34749.88..34799.47 rows=9917 width=121)
	  ->  Sort  (cost=34749.88..34774.67 rows=9917 width=121)
	        Sort Key: c
	        ->  Bitmap Heap Scan on sbtest2  (cost=214.08..34091.61 rows=9917 width=121)
	              Recheck Cond: ((id >= 9690760) AND (id <= 9700759))
	              ->  Bitmap Index Scan on sbtest2_pkey  (cost=0.00..211.61 rows=9917 width=0)
	                    Index Cond: ((id >= 9690760) AND (id <= 9700759))

table 3 : explain SELECT DISTINCT c FROM sbtest3 WHERE id BETWEEN 7259438 AND 7269437 ORDER BY c
	Unique  (cost=34099.49..34148.05 rows=9713 width=121)
	  ->  Sort  (cost=34099.49..34123.77 rows=9713 width=121)
	        Sort Key: c
	        ->  Bitmap Heap Scan on sbtest3  (cost=207.99..33456.21 rows=9713 width=121)
	              Recheck Cond: ((id >= 7259438) AND (id <= 7269437))
	              ->  Bitmap Index Scan on sbtest3_pkey  (cost=0.00..205.56 rows=9713 width=0)
	                    Index Cond: ((id >= 7259438) AND (id <= 7269437))

table 4 : explain SELECT DISTINCT c FROM sbtest4 WHERE id BETWEEN 2833566 AND 2843565 ORDER BY c
	Unique  (cost=34517.58..34566.79 rows=9843 width=121)
	  ->  Sort  (cost=34517.58..34542.19 rows=9843 width=121)
	        Sort Key: c
	        ->  Bitmap Heap Scan on sbtest4  (cost=213.33..33864.75 rows=9843 width=121)
	              Recheck Cond: ((id >= 2833566) AND (id <= 2843565))
	              ->  Bitmap Index Scan on sbtest4_pkey  (cost=0.00..210.87 rows=9843 width=0)
	                    Index Cond: ((id >= 2833566) AND (id <= 2843565))

table 5 : explain SELECT DISTINCT c FROM sbtest5 WHERE id BETWEEN 2605047 AND 2615046 ORDER BY c
	Unique  (cost=37067.95..37121.09 rows=10629 width=121)
	  ->  Sort  (cost=37067.95..37094.52 rows=10629 width=121)
	        Sort Key: c
	        ->  Bitmap Heap Scan on sbtest5  (cost=229.38..36357.10 rows=10629 width=121)
	              Recheck Cond: ((id >= 2605047) AND (id <= 2615046))
	              ->  Bitmap Index Scan on sbtest5_pkey  (cost=0.00..226.73 rows=10629 width=0)
	                    Index Cond: ((id >= 2605047) AND (id <= 2615046))

table 6 : explain SELECT DISTINCT c FROM sbtest6 WHERE id BETWEEN 554570 AND 564569 ORDER BY c
	Unique  (cost=33126.12..33173.15 rows=9406 width=121)
	  ->  Sort  (cost=33126.12..33149.64 rows=9406 width=121)
	        Sort Key: c
	        ->  Bitmap Heap Scan on sbtest6  (cost=200.85..32505.36 rows=9406 width=121)
	              Recheck Cond: ((id >= 554570) AND (id <= 564569))
	              ->  Bitmap Index Scan on sbtest6_pkey  (cost=0.00..198.50 rows=9406 width=0)
	                    Index Cond: ((id >= 554570) AND (id <= 564569))

table 7 : explain SELECT DISTINCT c FROM sbtest7 WHERE id BETWEEN 1410110 AND 1420109 ORDER BY c
	Unique  (cost=33094.83..33141.75 rows=9384 width=121)
	  ->  Sort  (cost=33094.83..33118.29 rows=9384 width=121)
	        Sort Key: c
	        ->  Bitmap Heap Scan on sbtest7  (cost=200.62..32475.67 rows=9384 width=121)
	              Recheck Cond: ((id >= 1410110) AND (id <= 1420109))
	              ->  Bitmap Index Scan on sbtest7_pkey  (cost=0.00..198.28 rows=9384 width=0)
	                    Index Cond: ((id >= 1410110) AND (id <= 1420109))

table 8 : explain SELECT DISTINCT c FROM sbtest8 WHERE id BETWEEN 4388643 AND 4398642 ORDER BY c
	Unique  (cost=32759.53..32805.93 rows=9281 width=121)
	  ->  Sort  (cost=32759.53..32782.73 rows=9281 width=121)
	        Sort Key: c
	        ->  Bitmap Heap Scan on sbtest8  (cost=199.57..32147.91 rows=9281 width=121)
	              Recheck Cond: ((id >= 4388643) AND (id <= 4398642))
	              ->  Bitmap Index Scan on sbtest8_pkey  (cost=0.00..197.25 rows=9281 width=0)
	                    Index Cond: ((id >= 4388643) AND (id <= 4398642))

for: order_ranges
table 1 : explain SELECT c FROM sbtest1 WHERE id BETWEEN 6915660 AND 6925659 ORDER BY c
	Sort  (cost=36146.02..36171.91 rows=10353 width=121)
	  Sort Key: c
	  ->  Bitmap Heap Scan on sbtest1  (cost=222.55..35455.59 rows=10353 width=121)
	        Recheck Cond: ((id >= 6915660) AND (id <= 6925659))
	        ->  Bitmap Index Scan on sbtest1_pkey  (cost=0.00..219.97 rows=10353 width=0)
	              Index Cond: ((id >= 6915660) AND (id <= 6925659))

table 2 : explain SELECT c FROM sbtest2 WHERE id BETWEEN 4045105 AND 4055104 ORDER BY c
	Sort  (cost=36657.73..36684.03 rows=10518 width=121)
	  Sort Key: c
	  ->  Bitmap Heap Scan on sbtest2  (cost=224.24..35955.10 rows=10518 width=121)
	        Recheck Cond: ((id >= 4045105) AND (id <= 4055104))
	        ->  Bitmap Index Scan on sbtest2_pkey  (cost=0.00..221.62 rows=10518 width=0)
	              Index Cond: ((id >= 4045105) AND (id <= 4055104))

table 3 : explain SELECT c FROM sbtest3 WHERE id BETWEEN 4732500 AND 4742499 ORDER BY c
	Sort  (cost=32654.10..32677.26 rows=9263 width=121)
	  Sort Key: c
	  ->  Bitmap Heap Scan on sbtest3  (cost=199.38..32043.80 rows=9263 width=121)
	        Recheck Cond: ((id >= 4732500) AND (id <= 4742499))
	        ->  Bitmap Index Scan on sbtest3_pkey  (cost=0.00..197.06 rows=9263 width=0)
	              Index Cond: ((id >= 4732500) AND (id <= 4742499))

table 4 : explain SELECT c FROM sbtest4 WHERE id BETWEEN 5510397 AND 5520396 ORDER BY c
	Sort  (cost=32795.67..32818.94 rows=9307 width=121)
	  Sort Key: c
	  ->  Bitmap Heap Scan on sbtest4  (cost=199.83..32182.15 rows=9307 width=121)
	        Recheck Cond: ((id >= 5510397) AND (id <= 5520396))
	        ->  Bitmap Index Scan on sbtest4_pkey  (cost=0.00..197.50 rows=9307 width=0)
	              Index Cond: ((id >= 5510397) AND (id <= 5520396))

table 5 : explain SELECT c FROM sbtest5 WHERE id BETWEEN 7502825 AND 7512824 ORDER BY c
	Sort  (cost=35546.06..35571.44 rows=10151 width=121)
	  Sort Key: c
	  ->  Bitmap Heap Scan on sbtest5  (cost=216.48..34870.55 rows=10151 width=121)
	        Recheck Cond: ((id >= 7502825) AND (id <= 7512824))
	        ->  Bitmap Index Scan on sbtest5_pkey  (cost=0.00..213.94 rows=10151 width=0)
	              Index Cond: ((id >= 7502825) AND (id <= 7512824))

table 6 : explain SELECT c FROM sbtest6 WHERE id BETWEEN 2626952 AND 2636951 ORDER BY c
	Sort  (cost=35136.29..35161.37 rows=10032 width=121)
	  Sort Key: c
	  ->  Bitmap Heap Scan on sbtest6  (cost=215.26..34469.55 rows=10032 width=121)
	        Recheck Cond: ((id >= 2626952) AND (id <= 2636951))
	        ->  Bitmap Index Scan on sbtest6_pkey  (cost=0.00..212.75 rows=10032 width=0)
	              Index Cond: ((id >= 2626952) AND (id <= 2636951))

table 7 : explain SELECT c FROM sbtest7 WHERE id BETWEEN 3884016 AND 3894015 ORDER BY c
	Sort  (cost=31704.00..31726.38 rows=8954 width=121)
	  Sort Key: c
	  ->  Bitmap Heap Scan on sbtest7  (cost=192.21..31116.24 rows=8954 width=121)
	        Recheck Cond: ((id >= 3884016) AND (id <= 3894015))
	        ->  Bitmap Index Scan on sbtest7_pkey  (cost=0.00..189.98 rows=8954 width=0)
	              Index Cond: ((id >= 3884016) AND (id <= 3894015))

table 8 : explain SELECT c FROM sbtest8 WHERE id BETWEEN 3352310 AND 3362309 ORDER BY c
	Sort  (cost=34264.19..34288.55 rows=9747 width=121)
	  Sort Key: c
	  ->  Bitmap Heap Scan on sbtest8  (cost=212.34..33618.41 rows=9747 width=121)
	        Recheck Cond: ((id >= 3352310) AND (id <= 3362309))
	        ->  Bitmap Index Scan on sbtest8_pkey  (cost=0.00..209.91 rows=9747 width=0)
	              Index Cond: ((id >= 3352310) AND (id <= 3362309))

for: order_ranges
table 1 : explain SELECT c FROM sbtest1 WHERE id BETWEEN 7813758 AND 7823757 ORDER BY c
	Sort  (cost=34964.46..34989.41 rows=9981 width=121)
	  Sort Key: c
	  ->  Bitmap Heap Scan on sbtest1  (cost=214.74..34301.47 rows=9981 width=121)
	        Recheck Cond: ((id >= 7813758) AND (id <= 7823757))
	        ->  Bitmap Index Scan on sbtest1_pkey  (cost=0.00..212.25 rows=9981 width=0)
	              Index Cond: ((id >= 7813758) AND (id <= 7823757))

table 2 : explain SELECT c FROM sbtest2 WHERE id BETWEEN 7829615 AND 7839614 ORDER BY c
	Sort  (cost=33310.73..33334.40 rows=9468 width=121)
	  Sort Key: c
	  ->  Bitmap Heap Scan on sbtest2  (cost=201.48..32685.42 rows=9468 width=121)
	        Recheck Cond: ((id >= 7829615) AND (id <= 7839614))
	        ->  Bitmap Index Scan on sbtest2_pkey  (cost=0.00..199.12 rows=9468 width=0)
	              Index Cond: ((id >= 7829615) AND (id <= 7839614))

table 3 : explain SELECT c FROM sbtest3 WHERE id BETWEEN 2598832 AND 2608831 ORDER BY c
	Sort  (cost=35264.79..35289.98 rows=10078 width=121)
	  Sort Key: c
	  ->  Bitmap Heap Scan on sbtest3  (cost=215.73..34594.65 rows=10078 width=121)
	        Recheck Cond: ((id >= 2598832) AND (id <= 2608831))
	        ->  Bitmap Index Scan on sbtest3_pkey  (cost=0.00..213.22 rows=10078 width=0)
	              Index Cond: ((id >= 2598832) AND (id <= 2608831))

table 4 : explain SELECT c FROM sbtest4 WHERE id BETWEEN 6378359 AND 6388358 ORDER BY c
	Sort  (cost=36361.82..36387.87 rows=10423 width=121)
	  Sort Key: c
	  ->  Bitmap Heap Scan on sbtest4  (cost=223.27..35666.21 rows=10423 width=121)
	        Recheck Cond: ((id >= 6378359) AND (id <= 6388358))
	        ->  Bitmap Index Scan on sbtest4_pkey  (cost=0.00..220.67 rows=10423 width=0)
	              Index Cond: ((id >= 6378359) AND (id <= 6388358))

table 5 : explain SELECT c FROM sbtest5 WHERE id BETWEEN 4420539 AND 4430538 ORDER BY c
	Sort  (cost=33602.93..33626.78 rows=9543 width=121)
	  Sort Key: c
	  ->  Bitmap Heap Scan on sbtest5  (cost=206.25..32972.12 rows=9543 width=121)
	        Recheck Cond: ((id >= 4420539) AND (id <= 4430538))
	        ->  Bitmap Index Scan on sbtest5_pkey  (cost=0.00..203.87 rows=9543 width=0)
	              Index Cond: ((id >= 4420539) AND (id <= 4430538))

table 6 : explain SELECT c FROM sbtest6 WHERE id BETWEEN 693077 AND 703076 ORDER BY c
	Sort  (cost=33272.42..33296.05 rows=9450 width=121)
	  Sort Key: c
	  ->  Bitmap Heap Scan on sbtest6  (cost=205.30..32648.44 rows=9450 width=121)
	        Recheck Cond: ((id >= 693077) AND (id <= 703076))
	        ->  Bitmap Index Scan on sbtest6_pkey  (cost=0.00..202.94 rows=9450 width=0)
	              Index Cond: ((id >= 693077) AND (id <= 703076))

table 7 : explain SELECT c FROM sbtest7 WHERE id BETWEEN 5735429 AND 5745428 ORDER BY c
	Sort  (cost=36702.27..36728.55 rows=10510 width=121)
	  Sort Key: c
	  ->  Bitmap Heap Scan on sbtest7  (cost=228.16..36000.23 rows=10510 width=121)
	        Recheck Cond: ((id >= 5735429) AND (id <= 5745428))
	        ->  Bitmap Index Scan on sbtest7_pkey  (cost=0.00..225.54 rows=10510 width=0)
	              Index Cond: ((id >= 5735429) AND (id <= 5745428))

table 8 : explain SELECT c FROM sbtest8 WHERE id BETWEEN 1226141 AND 1236140 ORDER BY c
	Sort  (cost=34735.99..34760.73 rows=9895 width=121)
	  Sort Key: c
	  ->  Bitmap Heap Scan on sbtest8  (cost=213.86..34079.34 rows=9895 width=121)
	        Recheck Cond: ((id >= 1226141) AND (id <= 1236140))
	        ->  Bitmap Index Scan on sbtest8_pkey  (cost=0.00..211.38 rows=9895 width=0)
	              Index Cond: ((id >= 1226141) AND (id <= 1236140))

for: sum_ranges
table 1 : explain SELECT SUM(k) FROM sbtest1 WHERE id BETWEEN 82564 AND 92563
	Aggregate  (cost=34104.60..34104.61 rows=1 width=8)
	  ->  Bitmap Heap Scan on sbtest1  (cost=214.01..34079.82 rows=9910 width=4)
	        Recheck Cond: ((id >= 82564) AND (id <= 92563))
	        ->  Bitmap Index Scan on sbtest1_pkey  (cost=0.00..211.54 rows=9910 width=0)
	              Index Cond: ((id >= 82564) AND (id <= 92563))

table 2 : explain SELECT SUM(k) FROM sbtest2 WHERE id BETWEEN 7992034 AND 8002033
	Aggregate  (cost=34498.70..34498.71 rows=1 width=8)
	  ->  Bitmap Heap Scan on sbtest2  (cost=215.34..34473.60 rows=10040 width=4)
	        Recheck Cond: ((id >= 7992034) AND (id <= 8002033))
	        ->  Bitmap Index Scan on sbtest2_pkey  (cost=0.00..212.84 rows=10040 width=0)
	              Index Cond: ((id >= 7992034) AND (id <= 8002033))

table 3 : explain SELECT SUM(k) FROM sbtest3 WHERE id BETWEEN 8500669 AND 8510668
	Aggregate  (cost=33651.30..33651.31 rows=1 width=8)
	  ->  Bitmap Heap Scan on sbtest3  (cost=208.56..33626.88 rows=9768 width=4)
	        Recheck Cond: ((id >= 8500669) AND (id <= 8510668))
	        ->  Bitmap Index Scan on sbtest3_pkey  (cost=0.00..206.12 rows=9768 width=0)
	              Index Cond: ((id >= 8500669) AND (id <= 8510668))

table 4 : explain SELECT SUM(k) FROM sbtest4 WHERE id BETWEEN 4629936 AND 4639935
	Aggregate  (cost=33785.57..33785.58 rows=1 width=8)
	  ->  Bitmap Heap Scan on sbtest4  (cost=209.00..33761.04 rows=9811 width=4)
	        Recheck Cond: ((id >= 4629936) AND (id <= 4639935))
	        ->  Bitmap Index Scan on sbtest4_pkey  (cost=0.00..206.55 rows=9811 width=0)
	              Index Cond: ((id >= 4629936) AND (id <= 4639935))

table 5 : explain SELECT SUM(k) FROM sbtest5 WHERE id BETWEEN 5199161 AND 5209160
	Aggregate  (cost=36188.76..36188.77 rows=1 width=8)
	  ->  Bitmap Heap Scan on sbtest5  (cost=228.73..36162.35 rows=10565 width=4)
	        Recheck Cond: ((id >= 5199161) AND (id <= 5209160))
	        ->  Bitmap Index Scan on sbtest5_pkey  (cost=0.00..226.09 rows=10565 width=0)
	              Index Cond: ((id >= 5199161) AND (id <= 5209160))

table 6 : explain SELECT SUM(k) FROM sbtest6 WHERE id BETWEEN 3136463 AND 3146462
	Aggregate  (cost=34806.08..34806.09 rows=1 width=8)
	  ->  Bitmap Heap Scan on sbtest6  (cost=216.30..34780.75 rows=10133 width=4)
	        Recheck Cond: ((id >= 3136463) AND (id <= 3146462))
	        ->  Bitmap Index Scan on sbtest6_pkey  (cost=0.00..213.76 rows=10133 width=0)
	              Index Cond: ((id >= 3136463) AND (id <= 3146462))

table 7 : explain SELECT SUM(k) FROM sbtest7 WHERE id BETWEEN 1097995 AND 1107994
	Aggregate  (cost=32882.41..32882.42 rows=1 width=8)
	  ->  Bitmap Heap Scan on sbtest7  (cost=205.86..32858.65 rows=9505 width=4)
	        Recheck Cond: ((id >= 1097995) AND (id <= 1107994))
	        ->  Bitmap Index Scan on sbtest7_pkey  (cost=0.00..203.49 rows=9505 width=0)
	              Index Cond: ((id >= 1097995) AND (id <= 1107994))

table 8 : explain SELECT SUM(k) FROM sbtest8 WHERE id BETWEEN 34490 AND 44489
	Aggregate  (cost=34377.87..34377.88 rows=1 width=8)
	  ->  Bitmap Heap Scan on sbtest8  (cost=214.76..34352.91 rows=9983 width=4)
	        Recheck Cond: ((id >= 34490) AND (id <= 44489))
	        ->  Bitmap Index Scan on sbtest8_pkey  (cost=0.00..212.26 rows=9983 width=0)
	              Index Cond: ((id >= 34490) AND (id <= 44489))

for: sum_ranges
table 1 : explain SELECT SUM(k) FROM sbtest1 WHERE id BETWEEN 4810833 AND 4820832
	Aggregate  (cost=37480.89..37480.90 rows=1 width=8)
	  ->  Bitmap Heap Scan on sbtest1  (cost=237.19..37453.39 rows=11000 width=4)
	        Recheck Cond: ((id >= 4810833) AND (id <= 4820832))
	        ->  Bitmap Index Scan on sbtest1_pkey  (cost=0.00..234.44 rows=11000 width=0)
	              Index Cond: ((id >= 4810833) AND (id <= 4820832))

table 2 : explain SELECT SUM(k) FROM sbtest2 WHERE id BETWEEN 5577693 AND 5587692
	Aggregate  (cost=32392.02..32392.03 rows=1 width=8)
	  ->  Bitmap Heap Scan on sbtest2  (cost=200.45..32368.61 rows=9367 width=4)
	        Recheck Cond: ((id >= 5577693) AND (id <= 5587692))
	        ->  Bitmap Index Scan on sbtest2_pkey  (cost=0.00..198.11 rows=9367 width=0)
	              Index Cond: ((id >= 5577693) AND (id <= 5587692))

table 3 : explain SELECT SUM(k) FROM sbtest3 WHERE id BETWEEN 4174003 AND 4184002
	Aggregate  (cost=33257.97..33257.98 rows=1 width=8)
	  ->  Bitmap Heap Scan on sbtest3  (cost=207.27..33233.86 rows=9642 width=4)
	        Recheck Cond: ((id >= 4174003) AND (id <= 4184002))
	        ->  Bitmap Index Scan on sbtest3_pkey  (cost=0.00..204.86 rows=9642 width=0)
	              Index Cond: ((id >= 4174003) AND (id <= 4184002))

table 4 : explain SELECT SUM(k) FROM sbtest4 WHERE id BETWEEN 3800295 AND 3810294
	Aggregate  (cost=35305.37..35305.38 rows=1 width=8)
	  ->  Bitmap Heap Scan on sbtest4  (cost=221.99..35279.62 rows=10298 width=4)
	        Recheck Cond: ((id >= 3800295) AND (id <= 3810294))
	        ->  Bitmap Index Scan on sbtest4_pkey  (cost=0.00..219.42 rows=10298 width=0)
	              Index Cond: ((id >= 3800295) AND (id <= 3810294))

table 5 : explain SELECT SUM(k) FROM sbtest5 WHERE id BETWEEN 6840850 AND 6850849
	Aggregate  (cost=32788.75..32788.76 rows=1 width=8)
	  ->  Bitmap Heap Scan on sbtest5  (cost=205.57..32765.06 rows=9477 width=4)
	        Recheck Cond: ((id >= 6840850) AND (id <= 6850849))
	        ->  Bitmap Index Scan on sbtest5_pkey  (cost=0.00..203.20 rows=9477 width=0)
	              Index Cond: ((id >= 6840850) AND (id <= 6850849))

table 6 : explain SELECT SUM(k) FROM sbtest6 WHERE id BETWEEN 1729450 AND 1739449
	Aggregate  (cost=33731.30..33731.31 rows=1 width=8)
	  ->  Bitmap Heap Scan on sbtest6  (cost=208.77..33706.83 rows=9789 width=4)
	        Recheck Cond: ((id >= 1729450) AND (id <= 1739449))
	        ->  Bitmap Index Scan on sbtest6_pkey  (cost=0.00..206.32 rows=9789 width=0)
	              Index Cond: ((id >= 1729450) AND (id <= 1739449))

table 7 : explain SELECT SUM(k) FROM sbtest7 WHERE id BETWEEN 8338773 AND 8348772
	Aggregate  (cost=35035.23..35035.24 rows=1 width=8)
	  ->  Bitmap Heap Scan on sbtest7  (cost=220.89..35009.75 rows=10191 width=4)
	        Recheck Cond: ((id >= 8338773) AND (id <= 8348772))
	        ->  Bitmap Index Scan on sbtest7_pkey  (cost=0.00..218.34 rows=10191 width=0)
	              Index Cond: ((id >= 8338773) AND (id <= 8348772))

table 8 : explain SELECT SUM(k) FROM sbtest8 WHERE id BETWEEN 4385565 AND 4395564
	Aggregate  (cost=32836.79..32836.80 rows=1 width=8)
	  ->  Bitmap Heap Scan on sbtest8  (cost=205.73..32813.06 rows=9492 width=4)
	        Recheck Cond: ((id >= 4385565) AND (id <= 4395564))
	        ->  Bitmap Index Scan on sbtest8_pkey  (cost=0.00..203.36 rows=9492 width=0)
	              Index Cond: ((id >= 4385565) AND (id <= 4395564))

for: distinct_ranges
table 1 : explain SELECT DISTINCT c FROM sbtest1 WHERE id BETWEEN 6828962 AND 6838961 ORDER BY c
	Unique  (cost=31441.63..31486.06 rows=8886 width=121)
	  ->  Sort  (cost=31441.63..31463.84 rows=8886 width=121)
	        Sort Key: c
	        ->  Bitmap Heap Scan on sbtest1  (cost=191.52..30858.82 rows=8886 width=121)
	              Recheck Cond: ((id >= 6828962) AND (id <= 6838961))
	              ->  Bitmap Index Scan on sbtest1_pkey  (cost=0.00..189.30 rows=8886 width=0)
	                    Index Cond: ((id >= 6828962) AND (id <= 6838961))

table 2 : explain SELECT DISTINCT c FROM sbtest2 WHERE id BETWEEN 9238442 AND 9248441 ORDER BY c
	Unique  (cost=37229.27..37282.76 rows=10698 width=121)
	  ->  Sort  (cost=37229.27..37256.02 rows=10698 width=121)
	        Sort Key: c
	        ->  Bitmap Heap Scan on sbtest2  (cost=230.09..36513.31 rows=10698 width=121)
	              Recheck Cond: ((id >= 9238442) AND (id <= 9248441))
	              ->  Bitmap Index Scan on sbtest2_pkey  (cost=0.00..227.42 rows=10698 width=0)
	                    Index Cond: ((id >= 9238442) AND (id <= 9248441))

table 3 : explain SELECT DISTINCT c FROM sbtest3 WHERE id BETWEEN 1249141 AND 1259140 ORDER BY c
	Unique  (cost=36624.32..36676.85 rows=10506 width=121)
	  ->  Sort  (cost=36624.32..36650.58 rows=10506 width=121)
	        Sort Key: c
	        ->  Bitmap Heap Scan on sbtest3  (cost=224.12..35922.57 rows=10506 width=121)
	              Recheck Cond: ((id >= 1249141) AND (id <= 1259140))
	              ->  Bitmap Index Scan on sbtest3_pkey  (cost=0.00..221.50 rows=10506 width=0)
	                    Index Cond: ((id >= 1249141) AND (id <= 1259140))

table 4 : explain SELECT DISTINCT c FROM sbtest4 WHERE id BETWEEN 9605213 AND 9615212 ORDER BY c
	Unique  (cost=32391.25..32437.16 rows=9182 width=121)
	  ->  Sort  (cost=32391.25..32414.20 rows=9182 width=121)
	        Sort Key: c
	        ->  Bitmap Heap Scan on sbtest4  (cost=198.55..31786.86 rows=9182 width=121)
	              Recheck Cond: ((id >= 9605213) AND (id <= 9615212))
	              ->  Bitmap Index Scan on sbtest4_pkey  (cost=0.00..196.25 rows=9182 width=0)
	                    Index Cond: ((id >= 9605213) AND (id <= 9615212))

table 5 : explain SELECT DISTINCT c FROM sbtest5 WHERE id BETWEEN 4105818 AND 4115817 ORDER BY c
	Unique  (cost=35555.91..35606.68 rows=10154 width=121)
	  ->  Sort  (cost=35555.91..35581.30 rows=10154 width=121)
	        Sort Key: c
	        ->  Bitmap Heap Scan on sbtest5  (cost=216.51..34880.18 rows=10154 width=121)
	              Recheck Cond: ((id >= 4105818) AND (id <= 4115817))
	              ->  Bitmap Index Scan on sbtest5_pkey  (cost=0.00..213.98 rows=10154 width=0)
	                    Index Cond: ((id >= 4105818) AND (id <= 4115817))

table 6 : explain SELECT DISTINCT c FROM sbtest6 WHERE id BETWEEN 4279933 AND 4289932 ORDER BY c
	Unique  (cost=35359.73..35410.25 rows=10103 width=121)
	  ->  Sort  (cost=35359.73..35384.99 rows=10103 width=121)
	        Sort Key: c
	        ->  Bitmap Heap Scan on sbtest6  (cost=215.99..34687.76 rows=10103 width=121)
	              Recheck Cond: ((id >= 4279933) AND (id <= 4289932))
	              ->  Bitmap Index Scan on sbtest6_pkey  (cost=0.00..213.47 rows=10103 width=0)
	                    Index Cond: ((id >= 4279933) AND (id <= 4289932))

table 7 : explain SELECT DISTINCT c FROM sbtest7 WHERE id BETWEEN 2371978 AND 2381977 ORDER BY c
	Unique  (cost=33334.21..33381.49 rows=9457 width=121)
	  ->  Sort  (cost=33334.21..33357.85 rows=9457 width=121)
	        Sort Key: c
	        ->  Bitmap Heap Scan on sbtest7  (cost=205.37..32709.71 rows=9457 width=121)
	              Recheck Cond: ((id >= 2371978) AND (id <= 2381977))
	              ->  Bitmap Index Scan on sbtest7_pkey  (cost=0.00..203.00 rows=9457 width=0)
	                    Index Cond: ((id >= 2371978) AND (id <= 2381977))

table 8 : explain SELECT DISTINCT c FROM sbtest8 WHERE id BETWEEN 9482493 AND 9492492 ORDER BY c
	Unique  (cost=35154.98..35205.11 rows=10025 width=121)
	  ->  Sort  (cost=35154.98..35180.05 rows=10025 width=121)
	        Sort Key: c
	        ->  Bitmap Heap Scan on sbtest8  (cost=219.19..34488.76 rows=10025 width=121)
	              Recheck Cond: ((id >= 9482493) AND (id <= 9492492))
	              ->  Bitmap Index Scan on sbtest8_pkey  (cost=0.00..216.69 rows=10025 width=0)
	                    Index Cond: ((id >= 9482493) AND (id <= 9492492))

for: distinct_ranges
table 1 : explain SELECT DISTINCT c FROM sbtest1 WHERE id BETWEEN 9637019 AND 9647018 ORDER BY c
	Unique  (cost=34015.43..34063.86 rows=9685 width=121)
	  ->  Sort  (cost=34015.43..34039.64 rows=9685 width=121)
	        Sort Key: c
	        ->  Bitmap Heap Scan on sbtest1  (cost=207.71..33374.21 rows=9685 width=121)
	              Recheck Cond: ((id >= 9637019) AND (id <= 9647018))
	              ->  Bitmap Index Scan on sbtest1_pkey  (cost=0.00..205.29 rows=9685 width=0)
	                    Index Cond: ((id >= 9637019) AND (id <= 9647018))

table 2 : explain SELECT DISTINCT c FROM sbtest2 WHERE id BETWEEN 3788954 AND 3798953 ORDER BY c
	Unique  (cost=32575.69..32621.89 rows=9239 width=121)
	  ->  Sort  (cost=32575.69..32598.79 rows=9239 width=121)
	        Sort Key: c
	        ->  Bitmap Heap Scan on sbtest2  (cost=199.13..31967.14 rows=9239 width=121)
	              Recheck Cond: ((id >= 3788954) AND (id <= 3798953))
	              ->  Bitmap Index Scan on sbtest2_pkey  (cost=0.00..196.82 rows=9239 width=0)
	                    Index Cond: ((id >= 3788954) AND (id <= 3798953))

table 3 : explain SELECT DISTINCT c FROM sbtest3 WHERE id BETWEEN 4560645 AND 4570644 ORDER BY c
	Unique  (cost=35274.62..35325.03 rows=10081 width=121)
	  ->  Sort  (cost=35274.62..35299.83 rows=10081 width=121)
	        Sort Key: c
	        ->  Bitmap Heap Scan on sbtest3  (cost=215.77..34604.27 rows=10081 width=121)
	              Recheck Cond: ((id >= 4560645) AND (id <= 4570644))
	              ->  Bitmap Index Scan on sbtest3_pkey  (cost=0.00..213.25 rows=10081 width=0)
	                    Index Cond: ((id >= 4560645) AND (id <= 4570644))

table 4 : explain SELECT DISTINCT c FROM sbtest4 WHERE id BETWEEN 1598251 AND 1608250 ORDER BY c
	Unique  (cost=37377.34..37431.06 rows=10744 width=121)
	  ->  Sort  (cost=37377.34..37404.20 rows=10744 width=121)
	        Sort Key: c
	        ->  Bitmap Heap Scan on sbtest4  (cost=230.56..36657.96 rows=10744 width=121)
	              Recheck Cond: ((id >= 1598251) AND (id <= 1608250))
	              ->  Bitmap Index Scan on sbtest4_pkey  (cost=0.00..227.88 rows=10744 width=0)
	                    Index Cond: ((id >= 1598251) AND (id <= 1608250))

table 5 : explain SELECT DISTINCT c FROM sbtest5 WHERE id BETWEEN 296070 AND 306069 ORDER BY c
	Unique  (cost=34204.62..34253.28 rows=9731 width=121)
	  ->  Sort  (cost=34204.62..34228.95 rows=9731 width=121)
	        Sort Key: c
	        ->  Bitmap Heap Scan on sbtest5  (cost=208.18..33560.02 rows=9731 width=121)
	              Recheck Cond: ((id >= 296070) AND (id <= 306069))
	              ->  Bitmap Index Scan on sbtest5_pkey  (cost=0.00..205.75 rows=9731 width=0)
	                    Index Cond: ((id >= 296070) AND (id <= 306069))

table 6 : explain SELECT DISTINCT c FROM sbtest6 WHERE id BETWEEN 9873423 AND 9883422 ORDER BY c
	Unique  (cost=32937.30..32984.04 rows=9347 width=121)
	  ->  Sort  (cost=32937.30..32960.67 rows=9347 width=121)
	        Sort Key: c
	        ->  Bitmap Heap Scan on sbtest6  (cost=200.24..32320.86 rows=9347 width=121)
	              Recheck Cond: ((id >= 9873423) AND (id <= 9883422))
	              ->  Bitmap Index Scan on sbtest6_pkey  (cost=0.00..197.91 rows=9347 width=0)
	                    Index Cond: ((id >= 9873423) AND (id <= 9883422))

table 7 : explain SELECT DISTINCT c FROM sbtest7 WHERE id BETWEEN 198433 AND 208432 ORDER BY c
	Unique  (cost=35052.74..35102.70 rows=9993 width=121)
	  ->  Sort  (cost=35052.74..35077.72 rows=9993 width=121)
	        Sort Key: c
	        ->  Bitmap Heap Scan on sbtest7  (cost=214.86..34388.87 rows=9993 width=121)
	              Recheck Cond: ((id >= 198433) AND (id <= 208432))
	              ->  Bitmap Index Scan on sbtest7_pkey  (cost=0.00..212.37 rows=9993 width=0)
	                    Index Cond: ((id >= 198433) AND (id <= 208432))

table 8 : explain SELECT DISTINCT c FROM sbtest8 WHERE id BETWEEN 5022432 AND 5032431 ORDER BY c
	Unique  (cost=35405.04..35455.56 rows=10104 width=121)
	  ->  Sort  (cost=35405.04..35430.30 rows=10104 width=121)
	        Sort Key: c
	        ->  Bitmap Heap Scan on sbtest8  (cost=220.00..34732.99 rows=10104 width=121)
	              Recheck Cond: ((id >= 5022432) AND (id <= 5032431))
	              ->  Bitmap Index Scan on sbtest8_pkey  (cost=0.00..217.48 rows=10104 width=0)
	                    Index Cond: ((id >= 5022432) AND (id <= 5032431))

for: order_ranges
table 1 : explain SELECT c FROM sbtest1 WHERE id BETWEEN 9352370 AND 9362369 ORDER BY c
	Sort  (cost=34002.25..34026.45 rows=9681 width=121)
	  Sort Key: c
	  ->  Bitmap Heap Scan on sbtest1  (cost=207.67..33361.32 rows=9681 width=121)
	        Recheck Cond: ((id >= 9352370) AND (id <= 9362369))
	        ->  Bitmap Index Scan on sbtest1_pkey  (cost=0.00..205.25 rows=9681 width=0)
	              Index Cond: ((id >= 9352370) AND (id <= 9362369))

table 2 : explain SELECT c FROM sbtest2 WHERE id BETWEEN 3152017 AND 3162016 ORDER BY c
	Sort  (cost=34858.37..34883.25 rows=9951 width=121)
	  Sort Key: c
	  ->  Bitmap Heap Scan on sbtest2  (cost=214.43..34197.59 rows=9951 width=121)
	        Recheck Cond: ((id >= 3152017) AND (id <= 3162016))
	        ->  Bitmap Index Scan on sbtest2_pkey  (cost=0.00..211.94 rows=9951 width=0)
	              Index Cond: ((id >= 3152017) AND (id <= 3162016))

table 3 : explain SELECT c FROM sbtest3 WHERE id BETWEEN 4765336 AND 4775335 ORDER BY c
	Sort  (cost=32654.10..32677.26 rows=9263 width=121)
	  Sort Key: c
	  ->  Bitmap Heap Scan on sbtest3  (cost=199.38..32043.80 rows=9263 width=121)
	        Recheck Cond: ((id >= 4765336) AND (id <= 4775335))
	        ->  Bitmap Index Scan on sbtest3_pkey  (cost=0.00..197.06 rows=9263 width=0)
	              Index Cond: ((id >= 4765336) AND (id <= 4775335))

table 4 : explain SELECT c FROM sbtest4 WHERE id BETWEEN 905957 AND 915956 ORDER BY c
	Sort  (cost=33811.54..33835.59 rows=9623 width=121)
	  Sort Key: c
	  ->  Bitmap Heap Scan on sbtest4  (cost=207.07..33174.87 rows=9623 width=121)
	        Recheck Cond: ((id >= 905957) AND (id <= 915956))
	        ->  Bitmap Index Scan on sbtest4_pkey  (cost=0.00..204.67 rows=9623 width=0)
	              Index Cond: ((id >= 905957) AND (id <= 915956))

table 5 : explain SELECT c FROM sbtest5 WHERE id BETWEEN 8939666 AND 8949665 ORDER BY c
	Sort  (cost=35898.09..35923.74 rows=10260 width=121)
	  Sort Key: c
	  ->  Bitmap Heap Scan on sbtest5  (cost=221.60..35214.53 rows=10260 width=121)
	        Recheck Cond: ((id >= 8939666) AND (id <= 8949665))
	        ->  Bitmap Index Scan on sbtest5_pkey  (cost=0.00..219.04 rows=10260 width=0)
	              Index Cond: ((id >= 8939666) AND (id <= 8949665))

table 6 : explain SELECT c FROM sbtest6 WHERE id BETWEEN 21496 AND 31495 ORDER BY c
	Sort  (cost=34876.61..34901.49 rows=9951 width=121)
	  Sort Key: c
	  ->  Bitmap Heap Scan on sbtest6  (cost=214.43..34215.84 rows=9951 width=121)
	        Recheck Cond: ((id >= 21496) AND (id <= 31495))
	        ->  Bitmap Index Scan on sbtest6_pkey  (cost=0.00..211.94 rows=9951 width=0)
	              Index Cond: ((id >= 21496) AND (id <= 31495))

table 7 : explain SELECT c FROM sbtest7 WHERE id BETWEEN 8939565 AND 8949564 ORDER BY c
	Sort  (cost=36406.81..36432.86 rows=10418 width=121)
	  Sort Key: c
	  ->  Bitmap Heap Scan on sbtest7  (cost=223.22..35711.58 rows=10418 width=121)
	        Recheck Cond: ((id >= 8939565) AND (id <= 8949564))
	        ->  Bitmap Index Scan on sbtest7_pkey  (cost=0.00..220.62 rows=10418 width=0)
	              Index Cond: ((id >= 8939565) AND (id <= 8949564))

table 8 : explain SELECT c FROM sbtest8 WHERE id BETWEEN 9264658 AND 9274657 ORDER BY c
	Sort  (cost=37646.43..37673.45 rows=10810 width=121)
	  Sort Key: c
	  ->  Bitmap Heap Scan on sbtest8  (cost=235.24..36922.15 rows=10810 width=121)
	        Recheck Cond: ((id >= 9264658) AND (id <= 9274657))
	        ->  Bitmap Index Scan on sbtest8_pkey  (cost=0.00..232.54 rows=10810 width=0)
	              Index Cond: ((id >= 9264658) AND (id <= 9274657))

for: order_ranges
table 1 : explain SELECT c FROM sbtest1 WHERE id BETWEEN 4527291 AND 4537290 ORDER BY c
	Sort  (cost=37146.30..37172.97 rows=10668 width=121)
	  Sort Key: c
	  ->  Bitmap Heap Scan on sbtest1  (cost=229.78..36432.56 rows=10668 width=121)
	        Recheck Cond: ((id >= 4527291) AND (id <= 4537290))
	        ->  Bitmap Index Scan on sbtest1_pkey  (cost=0.00..227.12 rows=10668 width=0)
	              Index Cond: ((id >= 4527291) AND (id <= 4537290))

table 2 : explain SELECT c FROM sbtest2 WHERE id BETWEEN 4641241 AND 4651240 ORDER BY c
	Sort  (cost=37242.29..37269.05 rows=10702 width=121)
	  Sort Key: c
	  ->  Bitmap Heap Scan on sbtest2  (cost=230.13..36526.03 rows=10702 width=121)
	        Recheck Cond: ((id >= 4641241) AND (id <= 4651240))
	        ->  Bitmap Index Scan on sbtest2_pkey  (cost=0.00..227.45 rows=10702 width=0)
	              Index Cond: ((id >= 4641241) AND (id <= 4651240))

table 3 : explain SELECT c FROM sbtest3 WHERE id BETWEEN 7887824 AND 7897823 ORDER BY c
	Sort  (cost=34373.02..34397.52 rows=9799 width=121)
	  Sort Key: c
	  ->  Bitmap Heap Scan on sbtest3  (cost=208.87..33723.42 rows=9799 width=121)
	        Recheck Cond: ((id >= 7887824) AND (id <= 7897823))
	        ->  Bitmap Index Scan on sbtest3_pkey  (cost=0.00..206.43 rows=9799 width=0)
	              Index Cond: ((id >= 7887824) AND (id <= 7897823))

table 4 : explain SELECT c FROM sbtest4 WHERE id BETWEEN 889501 AND 899500 ORDER BY c
	Sort  (cost=37139.54..37166.21 rows=10669 width=121)
	  Sort Key: c
	  ->  Bitmap Heap Scan on sbtest4  (cost=229.79..36425.73 rows=10669 width=121)
	        Recheck Cond: ((id >= 889501) AND (id <= 899500))
	        ->  Bitmap Index Scan on sbtest4_pkey  (cost=0.00..227.12 rows=10669 width=0)
	              Index Cond: ((id >= 889501) AND (id <= 899500))

table 5 : explain SELECT c FROM sbtest5 WHERE id BETWEEN 6235947 AND 6245946 ORDER BY c
	Sort  (cost=35128.36..35153.41 rows=10019 width=121)
	  Sort Key: c
	  ->  Bitmap Heap Scan on sbtest5  (cost=215.13..34462.57 rows=10019 width=121)
	        Recheck Cond: ((id >= 6235947) AND (id <= 6245946))
	        ->  Bitmap Index Scan on sbtest5_pkey  (cost=0.00..212.62 rows=10019 width=0)
	              Index Cond: ((id >= 6235947) AND (id <= 6245946))

table 6 : explain SELECT c FROM sbtest6 WHERE id BETWEEN 4540852 AND 4550851 ORDER BY c
	Sort  (cost=37298.04..37324.82 rows=10713 width=121)
	  Sort Key: c
	  ->  Bitmap Heap Scan on sbtest6  (cost=230.24..36580.96 rows=10713 width=121)
	        Recheck Cond: ((id >= 4540852) AND (id <= 4550851))
	        ->  Bitmap Index Scan on sbtest6_pkey  (cost=0.00..227.56 rows=10713 width=0)
	              Index Cond: ((id >= 4540852) AND (id <= 4550851))

table 7 : explain SELECT c FROM sbtest7 WHERE id BETWEEN 6929522 AND 6939521 ORDER BY c
	Sort  (cost=33536.30..33560.10 rows=9520 width=121)
	  Sort Key: c
	  ->  Bitmap Heap Scan on sbtest7  (cost=206.01..32907.18 rows=9520 width=121)
	        Recheck Cond: ((id >= 6929522) AND (id <= 6939521))
	        ->  Bitmap Index Scan on sbtest7_pkey  (cost=0.00..203.63 rows=9520 width=0)
	              Index Cond: ((id >= 6929522) AND (id <= 6939521))

table 8 : explain SELECT c FROM sbtest8 WHERE id BETWEEN 9542335 AND 9552334 ORDER BY c
	Sort  (cost=34445.76..34470.27 rows=9804 width=121)
	  Sort Key: c
	  ->  Bitmap Heap Scan on sbtest8  (cost=212.93..33795.79 rows=9804 width=121)
	        Recheck Cond: ((id >= 9542335) AND (id <= 9552334))
	        ->  Bitmap Index Scan on sbtest8_pkey  (cost=0.00..210.48 rows=9804 width=0)
	              Index Cond: ((id >= 9542335) AND (id <= 9552334))

for: order_ranges
table 1 : explain SELECT c FROM sbtest1 WHERE id BETWEEN 8538754 AND 8548753 ORDER BY c
	Sort  (cost=36711.61..36737.94 rows=10532 width=121)
	  Sort Key: c
	  ->  Bitmap Heap Scan on sbtest1  (cost=224.39..36007.94 rows=10532 width=121)
	        Recheck Cond: ((id >= 8538754) AND (id <= 8548753))
	        ->  Bitmap Index Scan on sbtest1_pkey  (cost=0.00..221.75 rows=10532 width=0)
	              Index Cond: ((id >= 8538754) AND (id <= 8548753))

table 2 : explain SELECT c FROM sbtest2 WHERE id BETWEEN 7935042 AND 7945041 ORDER BY c
	Sort  (cost=36317.89..36343.92 rows=10410 width=121)
	  Sort Key: c
	  ->  Bitmap Heap Scan on sbtest2  (cost=223.14..35623.25 rows=10410 width=121)
	        Recheck Cond: ((id >= 7935042) AND (id <= 7945041))
	        ->  Bitmap Index Scan on sbtest2_pkey  (cost=0.00..220.54 rows=10410 width=0)
	              Index Cond: ((id >= 7935042) AND (id <= 7945041))

table 3 : explain SELECT c FROM sbtest3 WHERE id BETWEEN 6610029 AND 6620028 ORDER BY c
	Sort  (cost=34535.00..34559.62 rows=9848 width=121)
	  Sort Key: c
	  ->  Bitmap Heap Scan on sbtest3  (cost=213.38..33881.80 rows=9848 width=121)
	        Recheck Cond: ((id >= 6610029) AND (id <= 6620028))
	        ->  Bitmap Index Scan on sbtest3_pkey  (cost=0.00..210.92 rows=9848 width=0)
	              Index Cond: ((id >= 6610029) AND (id <= 6620028))

table 4 : explain SELECT c FROM sbtest4 WHERE id BETWEEN 6876614 AND 6886613 ORDER BY c
	Sort  (cost=37071.05..37097.67 rows=10647 width=121)
	  Sort Key: c
	  ->  Bitmap Heap Scan on sbtest4  (cost=229.57..36358.87 rows=10647 width=121)
	        Recheck Cond: ((id >= 6876614) AND (id <= 6886613))
	        ->  Bitmap Index Scan on sbtest4_pkey  (cost=0.00..226.91 rows=10647 width=0)
	              Index Cond: ((id >= 6876614) AND (id <= 6886613))

table 5 : explain SELECT c FROM sbtest5 WHERE id BETWEEN 8557368 AND 8567367 ORDER BY c
	Sort  (cost=34254.20..34278.57 rows=9747 width=121)
	  Sort Key: c
	  ->  Bitmap Heap Scan on sbtest5  (cost=208.34..33608.43 rows=9747 width=121)
	        Recheck Cond: ((id >= 8557368) AND (id <= 8567367))
	        ->  Bitmap Index Scan on sbtest5_pkey  (cost=0.00..205.91 rows=9747 width=0)
	              Index Cond: ((id >= 8557368) AND (id <= 8567367))

table 6 : explain SELECT c FROM sbtest6 WHERE id BETWEEN 9941691 AND 9951690 ORDER BY c
	Sort  (cost=36464.69..36490.81 rows=10450 width=121)
	  Sort Key: c
	  ->  Bitmap Heap Scan on sbtest6  (cost=223.55..35767.09 rows=10450 width=121)
	        Recheck Cond: ((id >= 9941691) AND (id <= 9951690))
	        ->  Bitmap Index Scan on sbtest6_pkey  (cost=0.00..220.94 rows=10450 width=0)
	              Index Cond: ((id >= 9941691) AND (id <= 9951690))

table 7 : explain SELECT c FROM sbtest7 WHERE id BETWEEN 7502082 AND 7512081 ORDER BY c
	Sort  (cost=35826.22..35851.81 rows=10235 width=121)
	  Sort Key: c
	  ->  Bitmap Heap Scan on sbtest7  (cost=221.34..35144.51 rows=10235 width=121)
	        Recheck Cond: ((id >= 7502082) AND (id <= 7512081))
	        ->  Bitmap Index Scan on sbtest7_pkey  (cost=0.00..218.79 rows=10235 width=0)
	              Index Cond: ((id >= 7502082) AND (id <= 7512081))

table 8 : explain SELECT c FROM sbtest8 WHERE id BETWEEN 4318816 AND 4328815 ORDER BY c
	Sort  (cost=36088.11..36113.91 rows=10319 width=121)
	  Sort Key: c
	  ->  Bitmap Heap Scan on sbtest8  (cost=222.20..35400.20 rows=10319 width=121)
	        Recheck Cond: ((id >= 4318816) AND (id <= 4328815))
	        ->  Bitmap Index Scan on sbtest8_pkey  (cost=0.00..219.62 rows=10319 width=0)
	              Index Cond: ((id >= 4318816) AND (id <= 4328815))

for: order_ranges
table 1 : explain SELECT c FROM sbtest1 WHERE id BETWEEN 5020839 AND 5030838 ORDER BY c
	Sort  (cost=37465.71..37492.64 rows=10770 width=121)
	  Sort Key: c
	  ->  Bitmap Heap Scan on sbtest1  (cost=230.83..36744.40 rows=10770 width=121)
	        Recheck Cond: ((id >= 5020839) AND (id <= 5030838))
	        ->  Bitmap Index Scan on sbtest1_pkey  (cost=0.00..228.13 rows=10770 width=0)
	              Index Cond: ((id >= 5020839) AND (id <= 5030838))

table 2 : explain SELECT c FROM sbtest2 WHERE id BETWEEN 9128512 AND 9138511 ORDER BY c
	Sort  (cost=32253.88..32276.73 rows=9139 width=121)
	  Sort Key: c
	  ->  Bitmap Heap Scan on sbtest2  (cost=198.11..31652.64 rows=9139 width=121)
	        Recheck Cond: ((id >= 9128512) AND (id <= 9138511))
	        ->  Bitmap Index Scan on sbtest2_pkey  (cost=0.00..195.82 rows=9139 width=0)
	              Index Cond: ((id >= 9128512) AND (id <= 9138511))

table 3 : explain SELECT c FROM sbtest3 WHERE id BETWEEN 1534848 AND 1544847 ORDER BY c
	Sort  (cost=37746.24..37773.40 rows=10861 width=121)
	  Sort Key: c
	  ->  Bitmap Heap Scan on sbtest3  (cost=231.76..37018.18 rows=10861 width=121)
	        Recheck Cond: ((id >= 1534848) AND (id <= 1544847))
	        ->  Bitmap Index Scan on sbtest3_pkey  (cost=0.00..229.05 rows=10861 width=0)
	              Index Cond: ((id >= 1534848) AND (id <= 1544847))

table 4 : explain SELECT c FROM sbtest4 WHERE id BETWEEN 1319552 AND 1329551 ORDER BY c
	Sort  (cost=31885.68..31908.25 rows=9026 width=121)
	  Sort Key: c
	  ->  Bitmap Heap Scan on sbtest4  (cost=192.95..31292.68 rows=9026 width=121)
	        Recheck Cond: ((id >= 1319552) AND (id <= 1329551))
	        ->  Bitmap Index Scan on sbtest4_pkey  (cost=0.00..190.69 rows=9026 width=0)
	              Index Cond: ((id >= 1319552) AND (id <= 1329551))

table 5 : explain SELECT c FROM sbtest5 WHERE id BETWEEN 1778652 AND 1788651 ORDER BY c
	Sort  (cost=36710.78..36737.08 rows=10517 width=121)
	  Sort Key: c
	  ->  Bitmap Heap Scan on sbtest5  (cost=224.23..36008.23 rows=10517 width=121)
	        Recheck Cond: ((id >= 1778652) AND (id <= 1788651))
	        ->  Bitmap Index Scan on sbtest5_pkey  (cost=0.00..221.61 rows=10517 width=0)
	              Index Cond: ((id >= 1778652) AND (id <= 1788651))

table 6 : explain SELECT c FROM sbtest6 WHERE id BETWEEN 227314 AND 237313 ORDER BY c
	Sort  (cost=34666.02..34690.73 rows=9885 width=121)
	  Sort Key: c
	  ->  Bitmap Heap Scan on sbtest6  (cost=213.76..34010.10 rows=9885 width=121)
	        Recheck Cond: ((id >= 227314) AND (id <= 237313))
	        ->  Bitmap Index Scan on sbtest6_pkey  (cost=0.00..211.29 rows=9885 width=0)
	              Index Cond: ((id >= 227314) AND (id <= 237313))

table 7 : explain SELECT c FROM sbtest7 WHERE id BETWEEN 7604086 AND 7614085 ORDER BY c
	Sort  (cost=35480.46..35505.78 rows=10127 width=121)
	  Sort Key: c
	  ->  Bitmap Heap Scan on sbtest7  (cost=216.24..34806.71 rows=10127 width=121)
	        Recheck Cond: ((id >= 7604086) AND (id <= 7614085))
	        ->  Bitmap Index Scan on sbtest7_pkey  (cost=0.00..213.70 rows=10127 width=0)
	              Index Cond: ((id >= 7604086) AND (id <= 7614085))

table 8 : explain SELECT c FROM sbtest8 WHERE id BETWEEN 9898597 AND 9908596 ORDER BY c
	Sort  (cost=35112.24..35137.27 rows=10012 width=121)
	  Sort Key: c
	  ->  Bitmap Heap Scan on sbtest8  (cost=219.06..34446.97 rows=10012 width=121)
	        Recheck Cond: ((id >= 9898597) AND (id <= 9908596))
	        ->  Bitmap Index Scan on sbtest8_pkey  (cost=0.00..216.56 rows=10012 width=0)
	              Index Cond: ((id >= 9898597) AND (id <= 9908596))

for: order_ranges
table 1 : explain SELECT c FROM sbtest1 WHERE id BETWEEN 8613465 AND 8623464 ORDER BY c
	Sort  (cost=34526.25..34550.86 rows=9845 width=121)
	  Sort Key: c
	  ->  Bitmap Heap Scan on sbtest1  (cost=209.35..33873.27 rows=9845 width=121)
	        Recheck Cond: ((id >= 8613465) AND (id <= 8623464))
	        ->  Bitmap Index Scan on sbtest1_pkey  (cost=0.00..206.88 rows=9845 width=0)
	              Index Cond: ((id >= 8613465) AND (id <= 8623464))

table 2 : explain SELECT c FROM sbtest2 WHERE id BETWEEN 6503282 AND 6513281 ORDER BY c
	Sort  (cost=31778.09..31800.58 rows=8993 width=121)
	  Sort Key: c
	  ->  Bitmap Heap Scan on sbtest2  (cost=192.61..31187.50 rows=8993 width=121)
	        Recheck Cond: ((id >= 6503282) AND (id <= 6513281))
	        ->  Bitmap Index Scan on sbtest2_pkey  (cost=0.00..190.37 rows=8993 width=0)
	              Index Cond: ((id >= 6503282) AND (id <= 6513281))

table 3 : explain SELECT c FROM sbtest3 WHERE id BETWEEN 2082236 AND 2092235 ORDER BY c
	Sort  (cost=36732.80..36759.14 rows=10539 width=121)
	  Sort Key: c
	  ->  Bitmap Heap Scan on sbtest3  (cost=228.46..36028.61 rows=10539 width=121)
	        Recheck Cond: ((id >= 2082236) AND (id <= 2092235))
	        ->  Bitmap Index Scan on sbtest3_pkey  (cost=0.00..225.82 rows=10539 width=0)
	              Index Cond: ((id >= 2082236) AND (id <= 2092235))

table 4 : explain SELECT c FROM sbtest4 WHERE id BETWEEN 4847537 AND 4857536 ORDER BY c
	Sort  (cost=32553.73..32576.81 rows=9232 width=121)
	  Sort Key: c
	  ->  Bitmap Heap Scan on sbtest4  (cost=199.06..31945.69 rows=9232 width=121)
	        Recheck Cond: ((id >= 4847537) AND (id <= 4857536))
	        ->  Bitmap Index Scan on sbtest4_pkey  (cost=0.00..196.75 rows=9232 width=0)
	              Index Cond: ((id >= 4847537) AND (id <= 4857536))

table 5 : explain SELECT c FROM sbtest5 WHERE id BETWEEN 5671113 AND 5681112 ORDER BY c
	Sort  (cost=32929.57..32952.91 rows=9335 width=121)
	  Sort Key: c
	  ->  Bitmap Heap Scan on sbtest5  (cost=200.12..32314.00 rows=9335 width=121)
	        Recheck Cond: ((id >= 5671113) AND (id <= 5681112))
	        ->  Bitmap Index Scan on sbtest5_pkey  (cost=0.00..197.79 rows=9335 width=0)
	              Index Cond: ((id >= 5671113) AND (id <= 5681112))

table 6 : explain SELECT c FROM sbtest6 WHERE id BETWEEN 8990009 AND 9000008 ORDER BY c
	Sort  (cost=34114.93..34139.21 rows=9713 width=121)
	  Sort Key: c
	  ->  Bitmap Heap Scan on sbtest6  (cost=207.99..33471.65 rows=9713 width=121)
	        Recheck Cond: ((id >= 8990009) AND (id <= 9000008))
	        ->  Bitmap Index Scan on sbtest6_pkey  (cost=0.00..205.56 rows=9713 width=0)
	              Index Cond: ((id >= 8990009) AND (id <= 9000008))

table 7 : explain SELECT c FROM sbtest7 WHERE id BETWEEN 4143610 AND 4153609 ORDER BY c
	Sort  (cost=34035.89..34060.08 rows=9676 width=121)
	  Sort Key: c
	  ->  Bitmap Heap Scan on sbtest7  (cost=207.61..33395.33 rows=9676 width=121)
	        Recheck Cond: ((id >= 4143610) AND (id <= 4153609))
	        ->  Bitmap Index Scan on sbtest7_pkey  (cost=0.00..205.19 rows=9676 width=0)
	              Index Cond: ((id >= 4143610) AND (id <= 4153609))

table 8 : explain SELECT c FROM sbtest8 WHERE id BETWEEN 5509728 AND 5519727 ORDER BY c
	Sort  (cost=35851.81..35877.42 rows=10244 width=121)
	  Sort Key: c
	  ->  Bitmap Heap Scan on sbtest8  (cost=221.44..35169.43 rows=10244 width=121)
	        Recheck Cond: ((id >= 5509728) AND (id <= 5519727))
	        ->  Bitmap Index Scan on sbtest8_pkey  (cost=0.00..218.88 rows=10244 width=0)
	              Index Cond: ((id >= 5509728) AND (id <= 5519727))

for: order_ranges
table 1 : explain SELECT c FROM sbtest1 WHERE id BETWEEN 8008020 AND 8018019 ORDER BY c
	Sort  (cost=37817.24..37844.44 rows=10882 width=121)
	  Sort Key: c
	  ->  Bitmap Heap Scan on sbtest1  (cost=231.98..37087.62 rows=10882 width=121)
	        Recheck Cond: ((id >= 8008020) AND (id <= 8018019))
	        ->  Bitmap Index Scan on sbtest1_pkey  (cost=0.00..229.25 rows=10882 width=0)
	              Index Cond: ((id >= 8008020) AND (id <= 8018019))

table 2 : explain SELECT c FROM sbtest2 WHERE id BETWEEN 206167 AND 216166 ORDER BY c
	Sort  (cost=33430.41..33454.17 rows=9504 width=121)
	  Sort Key: c
	  ->  Bitmap Heap Scan on sbtest2  (cost=205.85..32802.47 rows=9504 width=121)
	        Recheck Cond: ((id >= 206167) AND (id <= 216166))
	        ->  Bitmap Index Scan on sbtest2_pkey  (cost=0.00..203.48 rows=9504 width=0)
	              Index Cond: ((id >= 206167) AND (id <= 216166))

table 3 : explain SELECT c FROM sbtest3 WHERE id BETWEEN 3939437 AND 3949436 ORDER BY c
	Sort  (cost=35826.26..35851.90 rows=10254 width=121)
	  Sort Key: c
	  ->  Bitmap Heap Scan on sbtest3  (cost=221.54..35143.15 rows=10254 width=121)
	        Recheck Cond: ((id >= 3939437) AND (id <= 3949436))
	        ->  Bitmap Index Scan on sbtest3_pkey  (cost=0.00..218.98 rows=10254 width=0)
	              Index Cond: ((id >= 3939437) AND (id <= 3949436))

table 4 : explain SELECT c FROM sbtest4 WHERE id BETWEEN 4871656 AND 4881655 ORDER BY c
	Sort  (cost=32447.60..32470.59 rows=9199 width=121)
	  Sort Key: c
	  ->  Bitmap Heap Scan on sbtest4  (cost=198.72..31841.97 rows=9199 width=121)
	        Recheck Cond: ((id >= 4871656) AND (id <= 4881655))
	        ->  Bitmap Index Scan on sbtest4_pkey  (cost=0.00..196.43 rows=9199 width=0)
	              Index Cond: ((id >= 4871656) AND (id <= 4881655))

table 5 : explain SELECT c FROM sbtest5 WHERE id BETWEEN 3886929 AND 3896928 ORDER BY c
	Sort  (cost=33533.48..33557.28 rows=9522 width=121)
	  Sort Key: c
	  ->  Bitmap Heap Scan on sbtest5  (cost=206.04..32904.22 rows=9522 width=121)
	        Recheck Cond: ((id >= 3886929) AND (id <= 3896928))
	        ->  Bitmap Index Scan on sbtest5_pkey  (cost=0.00..203.66 rows=9522 width=0)
	              Index Cond: ((id >= 3886929) AND (id <= 3896928))

table 6 : explain SELECT c FROM sbtest6 WHERE id BETWEEN 1210107 AND 1220106 ORDER BY c
	Sort  (cost=30729.91..30751.58 rows=8666 width=121)
	  Sort Key: c
	  ->  Bitmap Heap Scan on sbtest6  (cost=185.26..30163.11 rows=8666 width=121)
	        Recheck Cond: ((id >= 1210107) AND (id <= 1220106))
	        ->  Bitmap Index Scan on sbtest6_pkey  (cost=0.00..183.09 rows=8666 width=0)
	              Index Cond: ((id >= 1210107) AND (id <= 1220106))

table 7 : explain SELECT c FROM sbtest7 WHERE id BETWEEN 6476563 AND 6486562 ORDER BY c
	Sort  (cost=33360.79..33384.46 rows=9466 width=121)
	  Sort Key: c
	  ->  Bitmap Heap Scan on sbtest7  (cost=205.46..32735.63 rows=9466 width=121)
	        Recheck Cond: ((id >= 6476563) AND (id <= 6486562))
	        ->  Bitmap Index Scan on sbtest7_pkey  (cost=0.00..203.09 rows=9466 width=0)
	              Index Cond: ((id >= 6476563) AND (id <= 6486562))

table 8 : explain SELECT c FROM sbtest8 WHERE id BETWEEN 922699 AND 932698 ORDER BY c
	Sort  (cost=32959.38..32982.74 rows=9342 width=121)
	  Sort Key: c
	  ->  Bitmap Heap Scan on sbtest8  (cost=204.19..32343.30 rows=9342 width=121)
	        Recheck Cond: ((id >= 922699) AND (id <= 932698))
	        ->  Bitmap Index Scan on sbtest8_pkey  (cost=0.00..201.86 rows=9342 width=0)
	              Index Cond: ((id >= 922699) AND (id <= 932698))

for: order_ranges
table 1 : explain SELECT c FROM sbtest1 WHERE id BETWEEN 2638112 AND 2648111 ORDER BY c
	Sort  (cost=36515.50..36541.67 rows=10469 width=121)
	  Sort Key: c
	  ->  Bitmap Heap Scan on sbtest1  (cost=223.74..35816.49 rows=10469 width=121)
	        Recheck Cond: ((id >= 2638112) AND (id <= 2648111))
	        ->  Bitmap Index Scan on sbtest1_pkey  (cost=0.00..221.12 rows=10469 width=0)
	              Index Cond: ((id >= 2638112) AND (id <= 2648111))

table 2 : explain SELECT c FROM sbtest2 WHERE id BETWEEN 9306961 AND 9316960 ORDER BY c
	Sort  (cost=37463.82..37490.75 rows=10773 width=121)
	  Sort Key: c
	  ->  Bitmap Heap Scan on sbtest2  (cost=230.86..36742.29 rows=10773 width=121)
	        Recheck Cond: ((id >= 9306961) AND (id <= 9316960))
	        ->  Bitmap Index Scan on sbtest2_pkey  (cost=0.00..228.17 rows=10773 width=0)
	              Index Cond: ((id >= 9306961) AND (id <= 9316960))

table 3 : explain SELECT c FROM sbtest3 WHERE id BETWEEN 2104080 AND 2114079 ORDER BY c
	Sort  (cost=34785.09..34809.91 rows=9927 width=121)
	  Sort Key: c
	  ->  Bitmap Heap Scan on sbtest3  (cost=214.19..34126.08 rows=9927 width=121)
	        Recheck Cond: ((id >= 2104080) AND (id <= 2114079))
	        ->  Bitmap Index Scan on sbtest3_pkey  (cost=0.00..211.70 rows=9927 width=0)
	              Index Cond: ((id >= 2104080) AND (id <= 2114079))

table 4 : explain SELECT c FROM sbtest4 WHERE id BETWEEN 2591422 AND 2601421 ORDER BY c
	Sort  (cost=39591.17..39619.80 rows=11450 width=121)
	  Sort Key: c
	  ->  Bitmap Heap Scan on sbtest4  (cost=245.80..38819.27 rows=11450 width=121)
	        Recheck Cond: ((id >= 2591422) AND (id <= 2601421))
	        ->  Bitmap Index Scan on sbtest4_pkey  (cost=0.00..242.94 rows=11450 width=0)
	              Index Cond: ((id >= 2591422) AND (id <= 2601421))

table 5 : explain SELECT c FROM sbtest5 WHERE id BETWEEN 6126862 AND 6136861 ORDER BY c
	Sort  (cost=32836.63..32859.90 rows=9306 width=121)
	  Sort Key: c
	  ->  Bitmap Heap Scan on sbtest5  (cost=199.82..32223.19 rows=9306 width=121)
	        Recheck Cond: ((id >= 6126862) AND (id <= 6136861))
	        ->  Bitmap Index Scan on sbtest5_pkey  (cost=0.00..197.50 rows=9306 width=0)
	              Index Cond: ((id >= 6126862) AND (id <= 6136861))

table 6 : explain SELECT c FROM sbtest6 WHERE id BETWEEN 6960535 AND 6970534 ORDER BY c
	Sort  (cost=34465.13..34489.69 rows=9822 width=121)
	  Sort Key: c
	  ->  Bitmap Heap Scan on sbtest6  (cost=213.11..33813.85 rows=9822 width=121)
	        Recheck Cond: ((id >= 6960535) AND (id <= 6970534))
	        ->  Bitmap Index Scan on sbtest6_pkey  (cost=0.00..210.66 rows=9822 width=0)
	              Index Cond: ((id >= 6960535) AND (id <= 6970534))

table 7 : explain SELECT c FROM sbtest7 WHERE id BETWEEN 5186687 AND 5196686 ORDER BY c
	Sort  (cost=34973.68..34998.60 rows=9968 width=121)
	  Sort Key: c
	  ->  Bitmap Heap Scan on sbtest7  (cost=214.61..34311.65 rows=9968 width=121)
	        Recheck Cond: ((id >= 5186687) AND (id <= 5196686))
	        ->  Bitmap Index Scan on sbtest7_pkey  (cost=0.00..212.12 rows=9968 width=0)
	              Index Cond: ((id >= 5186687) AND (id <= 5196686))

table 8 : explain SELECT c FROM sbtest8 WHERE id BETWEEN 8217182 AND 8227181 ORDER BY c
	Sort  (cost=37437.55..37464.40 rows=10743 width=121)
	  Sort Key: c
	  ->  Bitmap Heap Scan on sbtest8  (cost=234.55..36718.24 rows=10743 width=121)
	        Recheck Cond: ((id >= 8217182) AND (id <= 8227181))
	        ->  Bitmap Index Scan on sbtest8_pkey  (cost=0.00..231.87 rows=10743 width=0)
	              Index Cond: ((id >= 8217182) AND (id <= 8227181))

for: order_ranges
table 1 : explain SELECT c FROM sbtest1 WHERE id BETWEEN 6930479 AND 6940478 ORDER BY c
	Sort  (cost=36146.02..36171.91 rows=10353 width=121)
	  Sort Key: c
	  ->  Bitmap Heap Scan on sbtest1  (cost=222.55..35455.59 rows=10353 width=121)
	        Recheck Cond: ((id >= 6930479) AND (id <= 6940478))
	        ->  Bitmap Index Scan on sbtest1_pkey  (cost=0.00..219.97 rows=10353 width=0)
	              Index Cond: ((id >= 6930479) AND (id <= 6940478))

table 2 : explain SELECT c FROM sbtest2 WHERE id BETWEEN 8704911 AND 8714910 ORDER BY c
	Sort  (cost=34555.78..34580.42 rows=9856 width=121)
	  Sort Key: c
	  ->  Bitmap Heap Scan on sbtest2  (cost=213.46..33902.00 rows=9856 width=121)
	        Recheck Cond: ((id >= 8704911) AND (id <= 8714910))
	        ->  Bitmap Index Scan on sbtest2_pkey  (cost=0.00..211.00 rows=9856 width=0)
	              Index Cond: ((id >= 8704911) AND (id <= 8714910))

table 3 : explain SELECT c FROM sbtest3 WHERE id BETWEEN 9826315 AND 9836314 ORDER BY c
	Sort  (cost=33303.72..33327.38 rows=9464 width=121)
	  Sort Key: c
	  ->  Bitmap Heap Scan on sbtest3  (cost=205.44..32678.70 rows=9464 width=121)
	        Recheck Cond: ((id >= 9826315) AND (id <= 9836314))
	        ->  Bitmap Index Scan on sbtest3_pkey  (cost=0.00..203.07 rows=9464 width=0)
	              Index Cond: ((id >= 9826315) AND (id <= 9836314))

table 4 : explain SELECT c FROM sbtest4 WHERE id BETWEEN 4589661 AND 4599660 ORDER BY c
	Sort  (cost=34411.52..34436.05 rows=9811 width=121)
	  Sort Key: c
	  ->  Bitmap Heap Scan on sbtest4  (cost=209.00..33761.04 rows=9811 width=121)
	        Recheck Cond: ((id >= 4589661) AND (id <= 4599660))
	        ->  Bitmap Index Scan on sbtest4_pkey  (cost=0.00..206.55 rows=9811 width=0)
	              Index Cond: ((id >= 4589661) AND (id <= 4599660))

table 5 : explain SELECT c FROM sbtest5 WHERE id BETWEEN 6292369 AND 6302368 ORDER BY c
	Sort  (cost=33414.19..33437.90 rows=9484 width=121)
	  Sort Key: c
	  ->  Bitmap Heap Scan on sbtest5  (cost=205.65..32787.71 rows=9484 width=121)
	        Recheck Cond: ((id >= 6292369) AND (id <= 6302368))
	        ->  Bitmap Index Scan on sbtest5_pkey  (cost=0.00..203.28 rows=9484 width=0)
	              Index Cond: ((id >= 6292369) AND (id <= 6302368))

table 6 : explain SELECT c FROM sbtest6 WHERE id BETWEEN 967436 AND 977435 ORDER BY c
	Sort  (cost=33023.46..33046.89 rows=9374 width=121)
	  Sort Key: c
	  ->  Bitmap Heap Scan on sbtest6  (cost=200.52..32405.03 rows=9374 width=121)
	        Recheck Cond: ((id >= 967436) AND (id <= 977435))
	        ->  Bitmap Index Scan on sbtest6_pkey  (cost=0.00..198.18 rows=9374 width=0)
	              Index Cond: ((id >= 967436) AND (id <= 977435))

table 7 : explain SELECT c FROM sbtest7 WHERE id BETWEEN 3943913 AND 3953912 ORDER BY c
	Sort  (cost=33211.57..33235.12 rows=9419 width=121)
	  Sort Key: c
	  ->  Bitmap Heap Scan on sbtest7  (cost=204.98..32589.86 rows=9419 width=121)
	        Recheck Cond: ((id >= 3943913) AND (id <= 3953912))
	        ->  Bitmap Index Scan on sbtest7_pkey  (cost=0.00..202.62 rows=9419 width=0)
	              Index Cond: ((id >= 3943913) AND (id <= 3953912))

table 8 : explain SELECT c FROM sbtest8 WHERE id BETWEEN 6023850 AND 6033849 ORDER BY c
	Sort  (cost=37129.87..37156.48 rows=10647 width=121)
	  Sort Key: c
	  ->  Bitmap Heap Scan on sbtest8  (cost=229.57..36417.68 rows=10647 width=121)
	        Recheck Cond: ((id >= 6023850) AND (id <= 6033849))
	        ->  Bitmap Index Scan on sbtest8_pkey  (cost=0.00..226.91 rows=10647 width=0)
	              Index Cond: ((id >= 6023850) AND (id <= 6033849))

for: distinct_ranges
table 1 : explain SELECT DISTINCT c FROM sbtest1 WHERE id BETWEEN 5595351 AND 5605350 ORDER BY c
	Unique  (cost=35519.44..35570.22 rows=10156 width=121)
	  ->  Sort  (cost=35519.44..35544.83 rows=10156 width=121)
	        Sort Key: c
	        ->  Bitmap Heap Scan on sbtest1  (cost=216.53..34843.55 rows=10156 width=121)
	              Recheck Cond: ((id >= 5595351) AND (id <= 5605350))
	              ->  Bitmap Index Scan on sbtest1_pkey  (cost=0.00..214.00 rows=10156 width=0)
	                    Index Cond: ((id >= 5595351) AND (id <= 5605350))

table 2 : explain SELECT DISTINCT c FROM sbtest2 WHERE id BETWEEN 1100360 AND 1110359 ORDER BY c
	Unique  (cost=33519.64..33567.30 rows=9532 width=121)
	  ->  Sort  (cost=33519.64..33543.47 rows=9532 width=121)
	        Sort Key: c
	        ->  Bitmap Heap Scan on sbtest2  (cost=206.14..32889.65 rows=9532 width=121)
	              Recheck Cond: ((id >= 1100360) AND (id <= 1110359))
	              ->  Bitmap Index Scan on sbtest2_pkey  (cost=0.00..203.75 rows=9532 width=0)
	                    Index Cond: ((id >= 1100360) AND (id <= 1110359))

table 3 : explain SELECT DISTINCT c FROM sbtest3 WHERE id BETWEEN 3889773 AND 3899772 ORDER BY c
	Unique  (cost=35826.26..35877.53 rows=10254 width=121)
	  ->  Sort  (cost=35826.26..35851.90 rows=10254 width=121)
	        Sort Key: c
	        ->  Bitmap Heap Scan on sbtest3  (cost=221.54..35143.15 rows=10254 width=121)
	              Recheck Cond: ((id >= 3889773) AND (id <= 3899772))
	              ->  Bitmap Index Scan on sbtest3_pkey  (cost=0.00..218.98 rows=10254 width=0)
	                    Index Cond: ((id >= 3889773) AND (id <= 3899772))

table 4 : explain SELECT DISTINCT c FROM sbtest4 WHERE id BETWEEN 9006863 AND 9016862 ORDER BY c
	Unique  (cost=35227.60..35277.93 rows=10066 width=121)
	  ->  Sort  (cost=35227.60..35252.76 rows=10066 width=121)
	        Sort Key: c
	        ->  Bitmap Heap Scan on sbtest4  (cost=215.61..34558.35 rows=10066 width=121)
	              Recheck Cond: ((id >= 9006863) AND (id <= 9016862))
	              ->  Bitmap Index Scan on sbtest4_pkey  (cost=0.00..213.09 rows=10066 width=0)
	                    Index Cond: ((id >= 9006863) AND (id <= 9016862))

table 5 : explain SELECT DISTINCT c FROM sbtest5 WHERE id BETWEEN 4056079 AND 4066078 ORDER BY c
	Unique  (cost=35417.82..35468.37 rows=10110 width=121)
	  ->  Sort  (cost=35417.82..35443.09 rows=10110 width=121)
	        Sort Key: c
	        ->  Bitmap Heap Scan on sbtest5  (cost=216.06..34745.32 rows=10110 width=121)
	              Recheck Cond: ((id >= 4056079) AND (id <= 4066078))
	              ->  Bitmap Index Scan on sbtest5_pkey  (cost=0.00..213.54 rows=10110 width=0)
	                    Index Cond: ((id >= 4056079) AND (id <= 4066078))

table 6 : explain SELECT DISTINCT c FROM sbtest6 WHERE id BETWEEN 9500701 AND 9510700 ORDER BY c
	Unique  (cost=33979.68..34028.03 rows=9671 width=121)
	  ->  Sort  (cost=33979.68..34003.86 rows=9671 width=121)
	        Sort Key: c
	        ->  Bitmap Heap Scan on sbtest6  (cost=207.56..33339.48 rows=9671 width=121)
	              Recheck Cond: ((id >= 9500701) AND (id <= 9510700))
	              ->  Bitmap Index Scan on sbtest6_pkey  (cost=0.00..205.15 rows=9671 width=0)
	                    Index Cond: ((id >= 9500701) AND (id <= 9510700))

table 7 : explain SELECT DISTINCT c FROM sbtest7 WHERE id BETWEEN 7466417 AND 7476416 ORDER BY c
	Unique  (cost=35826.22..35877.40 rows=10235 width=121)
	  ->  Sort  (cost=35826.22..35851.81 rows=10235 width=121)
	        Sort Key: c
	        ->  Bitmap Heap Scan on sbtest7  (cost=221.34..35144.51 rows=10235 width=121)
	              Recheck Cond: ((id >= 7466417) AND (id <= 7476416))
	              ->  Bitmap Index Scan on sbtest7_pkey  (cost=0.00..218.79 rows=10235 width=0)
	                    Index Cond: ((id >= 7466417) AND (id <= 7476416))

table 8 : explain SELECT DISTINCT c FROM sbtest8 WHERE id BETWEEN 8980421 AND 8990420 ORDER BY c
	Unique  (cost=34191.60..34240.23 rows=9725 width=121)
	  ->  Sort  (cost=34191.60..34215.91 rows=9725 width=121)
	        Sort Key: c
	        ->  Bitmap Heap Scan on sbtest8  (cost=212.12..33547.44 rows=9725 width=121)
	              Recheck Cond: ((id >= 8980421) AND (id <= 8990420))
	              ->  Bitmap Index Scan on sbtest8_pkey  (cost=0.00..209.69 rows=9725 width=0)
	                    Index Cond: ((id >= 8980421) AND (id <= 8990420))

for: distinct_ranges
table 1 : explain SELECT DISTINCT c FROM sbtest1 WHERE id BETWEEN 4608588 AND 4618587 ORDER BY c
	Unique  (cost=36874.78..36927.69 rows=10583 width=121)
	  ->  Sort  (cost=36874.78..36901.24 rows=10583 width=121)
	        Sort Key: c
	        ->  Bitmap Heap Scan on sbtest1  (cost=224.91..36167.33 rows=10583 width=121)
	              Recheck Cond: ((id >= 4608588) AND (id <= 4618587))
	              ->  Bitmap Index Scan on sbtest1_pkey  (cost=0.00..222.26 rows=10583 width=0)
	                    Index Cond: ((id >= 4608588) AND (id <= 4618587))

table 2 : explain SELECT DISTINCT c FROM sbtest2 WHERE id BETWEEN 2408952 AND 2418951 ORDER BY c
	Unique  (cost=31408.71..31453.10 rows=8879 width=121)
	  ->  Sort  (cost=31408.71..31430.91 rows=8879 width=121)
	        Sort Key: c
	        ->  Bitmap Heap Scan on sbtest2  (cost=191.44..30826.42 rows=8879 width=121)
	              Recheck Cond: ((id >= 2408952) AND (id <= 2418951))
	              ->  Bitmap Index Scan on sbtest2_pkey  (cost=0.00..189.23 rows=8879 width=0)
	                    Index Cond: ((id >= 2408952) AND (id <= 2418951))

table 3 : explain SELECT DISTINCT c FROM sbtest3 WHERE id BETWEEN 486864 AND 496863 ORDER BY c
	Unique  (cost=33015.15..33062.02 rows=9375 width=121)
	  ->  Sort  (cost=33015.15..33038.58 rows=9375 width=121)
	        Sort Key: c
	        ->  Bitmap Heap Scan on sbtest3  (cost=200.53..32396.65 rows=9375 width=121)
	              Recheck Cond: ((id >= 486864) AND (id <= 496863))
	              ->  Bitmap Index Scan on sbtest3_pkey  (cost=0.00..198.19 rows=9375 width=0)
	                    Index Cond: ((id >= 486864) AND (id <= 496863))

table 4 : explain SELECT DISTINCT c FROM sbtest4 WHERE id BETWEEN 6163685 AND 6173684 ORDER BY c
	Unique  (cost=33507.73..33555.37 rows=9528 width=121)
	  ->  Sort  (cost=33507.73..33531.55 rows=9528 width=121)
	        Sort Key: c
	        ->  Bitmap Heap Scan on sbtest4  (cost=206.10..32878.02 rows=9528 width=121)
	              Recheck Cond: ((id >= 6163685) AND (id <= 6173684))
	              ->  Bitmap Index Scan on sbtest4_pkey  (cost=0.00..203.72 rows=9528 width=0)
	                    Index Cond: ((id >= 6163685) AND (id <= 6173684))

table 5 : explain SELECT DISTINCT c FROM sbtest5 WHERE id BETWEEN 5062664 AND 5072663 ORDER BY c
	Unique  (cost=36871.73..36924.56 rows=10566 width=121)
	  ->  Sort  (cost=36871.73..36898.14 rows=10566 width=121)
	        Sort Key: c
	        ->  Bitmap Heap Scan on sbtest5  (cost=228.74..36165.54 rows=10566 width=121)
	              Recheck Cond: ((id >= 5062664) AND (id <= 5072663))
	              ->  Bitmap Index Scan on sbtest5_pkey  (cost=0.00..226.09 rows=10566 width=0)
	                    Index Cond: ((id >= 5062664) AND (id <= 5072663))

table 6 : explain SELECT DISTINCT c FROM sbtest6 WHERE id BETWEEN 227549 AND 237548 ORDER BY c
	Unique  (cost=34666.02..34715.45 rows=9885 width=121)
	  ->  Sort  (cost=34666.02..34690.73 rows=9885 width=121)
	        Sort Key: c
	        ->  Bitmap Heap Scan on sbtest6  (cost=213.76..34010.10 rows=9885 width=121)
	              Recheck Cond: ((id >= 227549) AND (id <= 237548))
	              ->  Bitmap Index Scan on sbtest6_pkey  (cost=0.00..211.29 rows=9885 width=0)
	                    Index Cond: ((id >= 227549) AND (id <= 237548))

table 7 : explain SELECT DISTINCT c FROM sbtest7 WHERE id BETWEEN 9339589 AND 9349588 ORDER BY c
	Unique  (cost=35609.44..35660.27 rows=10167 width=121)
	  ->  Sort  (cost=35609.44..35634.86 rows=10167 width=121)
	        Sort Key: c
	        ->  Bitmap Heap Scan on sbtest7  (cost=220.65..34932.74 rows=10167 width=121)
	              Recheck Cond: ((id >= 9339589) AND (id <= 9349588))
	              ->  Bitmap Index Scan on sbtest7_pkey  (cost=0.00..218.11 rows=10167 width=0)
	                    Index Cond: ((id >= 9339589) AND (id <= 9349588))

table 8 : explain SELECT DISTINCT c FROM sbtest8 WHERE id BETWEEN 651350 AND 661349 ORDER BY c
	Unique  (cost=36173.39..36225.12 rows=10346 width=121)
	  ->  Sort  (cost=36173.39..36199.25 rows=10346 width=121)
	        Sort Key: c
	        ->  Bitmap Heap Scan on sbtest8  (cost=222.48..35483.48 rows=10346 width=121)
	              Recheck Cond: ((id >= 651350) AND (id <= 661349))
	              ->  Bitmap Index Scan on sbtest8_pkey  (cost=0.00..219.90 rows=10346 width=0)
	                    Index Cond: ((id >= 651350) AND (id <= 661349))

for: distinct_ranges
table 1 : explain SELECT DISTINCT c FROM sbtest1 WHERE id BETWEEN 3753170 AND 3763169 ORDER BY c
	Unique  (cost=34526.25..34575.47 rows=9845 width=121)
	  ->  Sort  (cost=34526.25..34550.86 rows=9845 width=121)
	        Sort Key: c
	        ->  Bitmap Heap Scan on sbtest1  (cost=209.35..33873.27 rows=9845 width=121)
	              Recheck Cond: ((id >= 3753170) AND (id <= 3763169))
	              ->  Bitmap Index Scan on sbtest1_pkey  (cost=0.00..206.88 rows=9845 width=0)
	                    Index Cond: ((id >= 3753170) AND (id <= 3763169))

table 2 : explain SELECT DISTINCT c FROM sbtest2 WHERE id BETWEEN 6555912 AND 6565911 ORDER BY c
	Unique  (cost=36069.27..36120.93 rows=10331 width=121)
	  ->  Sort  (cost=36069.27..36095.10 rows=10331 width=121)
	        Sort Key: c
	        ->  Bitmap Heap Scan on sbtest2  (cost=222.33..35380.47 rows=10331 width=121)
	              Recheck Cond: ((id >= 6555912) AND (id <= 6565911))
	              ->  Bitmap Index Scan on sbtest2_pkey  (cost=0.00..219.75 rows=10331 width=0)
	                    Index Cond: ((id >= 6555912) AND (id <= 6565911))

table 3 : explain SELECT DISTINCT c FROM sbtest3 WHERE id BETWEEN 2618273 AND 2628272 ORDER BY c
	Unique  (cost=35264.79..35315.18 rows=10078 width=121)
	  ->  Sort  (cost=35264.79..35289.98 rows=10078 width=121)
	        Sort Key: c
	        ->  Bitmap Heap Scan on sbtest3  (cost=215.73..34594.65 rows=10078 width=121)
	              Recheck Cond: ((id >= 2618273) AND (id <= 2628272))
	              ->  Bitmap Index Scan on sbtest3_pkey  (cost=0.00..213.22 rows=10078 width=0)
	                    Index Cond: ((id >= 2618273) AND (id <= 2628272))

table 4 : explain SELECT DISTINCT c FROM sbtest4 WHERE id BETWEEN 1169383 AND 1179382 ORDER BY c
	Unique  (cost=32245.14..32290.82 rows=9136 width=121)
	  ->  Sort  (cost=32245.14..32267.98 rows=9136 width=121)
	        Sort Key: c
	        ->  Bitmap Heap Scan on sbtest4  (cost=198.08..31644.11 rows=9136 width=121)
	              Recheck Cond: ((id >= 1169383) AND (id <= 1179382))
	              ->  Bitmap Index Scan on sbtest4_pkey  (cost=0.00..195.80 rows=9136 width=0)
	                    Index Cond: ((id >= 1169383) AND (id <= 1179382))

table 5 : explain SELECT DISTINCT c FROM sbtest5 WHERE id BETWEEN 1870424 AND 1880423 ORDER BY c
	Unique  (cost=36209.65..36261.44 rows=10358 width=121)
	  ->  Sort  (cost=36209.65..36235.54 rows=10358 width=121)
	        Sort Key: c
	        ->  Bitmap Heap Scan on sbtest5  (cost=222.60..35518.85 rows=10358 width=121)
	              Recheck Cond: ((id >= 1870424) AND (id <= 1880423))
	              ->  Bitmap Index Scan on sbtest5_pkey  (cost=0.00..220.01 rows=10358 width=0)
	                    Index Cond: ((id >= 1870424) AND (id <= 1880423))

table 6 : explain SELECT DISTINCT c FROM sbtest6 WHERE id BETWEEN 8193031 AND 8203030 ORDER BY c
	Unique  (cost=35044.25..35094.27 rows=10003 width=121)
	  ->  Sort  (cost=35044.25..35069.26 rows=10003 width=121)
	        Sort Key: c
	        ->  Bitmap Heap Scan on sbtest6  (cost=214.97..34379.65 rows=10003 width=121)
	              Recheck Cond: ((id >= 8193031) AND (id <= 8203030))
	              ->  Bitmap Index Scan on sbtest6_pkey  (cost=0.00..212.47 rows=10003 width=0)
	                    Index Cond: ((id >= 8193031) AND (id <= 8203030))

table 7 : explain SELECT DISTINCT c FROM sbtest7 WHERE id BETWEEN 1497619 AND 1507618 ORDER BY c
	Unique  (cost=34016.08..34064.43 rows=9670 width=121)
	  ->  Sort  (cost=34016.08..34040.25 rows=9670 width=121)
	        Sort Key: c
	        ->  Bitmap Heap Scan on sbtest7  (cost=207.55..33375.96 rows=9670 width=121)
	              Recheck Cond: ((id >= 1497619) AND (id <= 1507618))
	              ->  Bitmap Index Scan on sbtest7_pkey  (cost=0.00..205.13 rows=9670 width=0)
	                    Index Cond: ((id >= 1497619) AND (id <= 1507618))

table 8 : explain SELECT DISTINCT c FROM sbtest8 WHERE id BETWEEN 4916563 AND 4926562 ORDER BY c
	Unique  (cost=36233.07..36284.88 rows=10363 width=121)
	  ->  Sort  (cost=36233.07..36258.97 rows=10363 width=121)
	        Sort Key: c
	        ->  Bitmap Heap Scan on sbtest8  (cost=226.66..35541.90 rows=10363 width=121)
	              Recheck Cond: ((id >= 4916563) AND (id <= 4926562))
	              ->  Bitmap Index Scan on sbtest8_pkey  (cost=0.00..224.06 rows=10363 width=0)
	                    Index Cond: ((id >= 4916563) AND (id <= 4926562))

for: distinct_ranges
table 1 : explain SELECT DISTINCT c FROM sbtest1 WHERE id BETWEEN 2151541 AND 2161540 ORDER BY c
	Unique  (cost=31724.67..31769.54 rows=8974 width=121)
	  ->  Sort  (cost=31724.67..31747.10 rows=8974 width=121)
	        Sort Key: c
	        ->  Bitmap Heap Scan on sbtest1  (cost=192.42..31135.46 rows=8974 width=121)
	              Recheck Cond: ((id >= 2151541) AND (id <= 2161540))
	              ->  Bitmap Index Scan on sbtest1_pkey  (cost=0.00..190.18 rows=8974 width=0)
	                    Index Cond: ((id >= 2151541) AND (id <= 2161540))

table 2 : explain SELECT DISTINCT c FROM sbtest2 WHERE id BETWEEN 4197969 AND 4207968 ORDER BY c
	Unique  (cost=37186.86..37240.28 rows=10684 width=121)
	  ->  Sort  (cost=37186.86..37213.57 rows=10684 width=121)
	        Sort Key: c
	        ->  Bitmap Heap Scan on sbtest2  (cost=229.95..36471.93 rows=10684 width=121)
	              Recheck Cond: ((id >= 4197969) AND (id <= 4207968))
	              ->  Bitmap Index Scan on sbtest2_pkey  (cost=0.00..227.28 rows=10684 width=0)
	                    Index Cond: ((id >= 4197969) AND (id <= 4207968))

table 3 : explain SELECT DISTINCT c FROM sbtest3 WHERE id BETWEEN 1856773 AND 1866772 ORDER BY c
	Unique  (cost=38279.91..38335.06 rows=11030 width=121)
	  ->  Sort  (cost=38279.91..38307.49 rows=11030 width=121)
	        Sort Key: c
	        ->  Bitmap Heap Scan on sbtest3  (cost=237.49..37539.30 rows=11030 width=121)
	              Recheck Cond: ((id >= 1856773) AND (id <= 1866772))
	              ->  Bitmap Index Scan on sbtest3_pkey  (cost=0.00..234.74 rows=11030 width=0)
	                    Index Cond: ((id >= 1856773) AND (id <= 1866772))

table 4 : explain SELECT DISTINCT c FROM sbtest4 WHERE id BETWEEN 4481559 AND 4491558 ORDER BY c
	Unique  (cost=38178.12..38233.11 rows=10998 width=121)
	  ->  Sort  (cost=38178.12..38205.61 rows=10998 width=121)
	        Sort Key: c
	        ->  Bitmap Heap Scan on sbtest4  (cost=237.16..37439.88 rows=10998 width=121)
	              Recheck Cond: ((id >= 4481559) AND (id <= 4491558))
	              ->  Bitmap Index Scan on sbtest4_pkey  (cost=0.00..234.42 rows=10998 width=0)
	                    Index Cond: ((id >= 4481559) AND (id <= 4491558))

table 5 : explain SELECT DISTINCT c FROM sbtest5 WHERE id BETWEEN 4064802 AND 4074801 ORDER BY c
	Unique  (cost=35555.91..35606.68 rows=10154 width=121)
	  ->  Sort  (cost=35555.91..35581.30 rows=10154 width=121)
	        Sort Key: c
	        ->  Bitmap Heap Scan on sbtest5  (cost=216.51..34880.18 rows=10154 width=121)
	              Recheck Cond: ((id >= 4064802) AND (id <= 4074801))
	              ->  Bitmap Index Scan on sbtest5_pkey  (cost=0.00..213.98 rows=10154 width=0)
	                    Index Cond: ((id >= 4064802) AND (id <= 4074801))

table 6 : explain SELECT DISTINCT c FROM sbtest6 WHERE id BETWEEN 7121954 AND 7131953 ORDER BY c
	Unique  (cost=33943.31..33991.60 rows=9659 width=121)
	  ->  Sort  (cost=33943.31..33967.45 rows=9659 width=121)
	        Sort Key: c
	        ->  Bitmap Heap Scan on sbtest6  (cost=207.44..33303.99 rows=9659 width=121)
	              Recheck Cond: ((id >= 7121954) AND (id <= 7131953))
	              ->  Bitmap Index Scan on sbtest6_pkey  (cost=0.00..205.03 rows=9659 width=0)
	                    Index Cond: ((id >= 7121954) AND (id <= 7131953))

table 7 : explain SELECT DISTINCT c FROM sbtest7 WHERE id BETWEEN 2491772 AND 2501771 ORDER BY c
	Unique  (cost=32171.15..32216.64 rows=9098 width=121)
	  ->  Sort  (cost=32171.15..32193.90 rows=9098 width=121)
	        Sort Key: c
	        ->  Bitmap Heap Scan on sbtest7  (cost=197.69..31572.90 rows=9098 width=121)
	              Recheck Cond: ((id >= 2491772) AND (id <= 2501771))
	              ->  Bitmap Index Scan on sbtest7_pkey  (cost=0.00..195.42 rows=9098 width=0)
	                    Index Cond: ((id >= 2491772) AND (id <= 2501771))

table 8 : explain SELECT DISTINCT c FROM sbtest8 WHERE id BETWEEN 5919581 AND 5929580 ORDER BY c
	Unique  (cost=33833.90..33881.97 rows=9614 width=121)
	  ->  Sort  (cost=33833.90..33857.94 rows=9614 width=121)
	        Sort Key: c
	        ->  Bitmap Heap Scan on sbtest8  (cost=206.98..33197.89 rows=9614 width=121)
	              Recheck Cond: ((id >= 5919581) AND (id <= 5929580))
	              ->  Bitmap Index Scan on sbtest8_pkey  (cost=0.00..204.57 rows=9614 width=0)
	                    Index Cond: ((id >= 5919581) AND (id <= 5929580))

for: distinct_ranges
table 1 : explain SELECT DISTINCT c FROM sbtest1 WHERE id BETWEEN 6568003 AND 6578002 ORDER BY c
	Unique  (cost=36303.00..36355.01 rows=10402 width=121)
	  ->  Sort  (cost=36303.00..36329.01 rows=10402 width=121)
	        Sort Key: c
	        ->  Bitmap Heap Scan on sbtest1  (cost=223.06..35608.95 rows=10402 width=121)
	              Recheck Cond: ((id >= 6568003) AND (id <= 6578002))
	              ->  Bitmap Index Scan on sbtest1_pkey  (cost=0.00..220.45 rows=10402 width=0)
	                    Index Cond: ((id >= 6568003) AND (id <= 6578002))

table 2 : explain SELECT DISTINCT c FROM sbtest2 WHERE id BETWEEN 1823059 AND 1833058 ORDER BY c
	Unique  (cost=32595.67..32641.90 rows=9246 width=121)
	  ->  Sort  (cost=32595.67..32618.78 rows=9246 width=121)
	        Sort Key: c
	        ->  Bitmap Heap Scan on sbtest2  (cost=199.21..31986.61 rows=9246 width=121)
	              Recheck Cond: ((id >= 1823059) AND (id <= 1833058))
	              ->  Bitmap Index Scan on sbtest2_pkey  (cost=0.00..196.90 rows=9246 width=0)
	                    Index Cond: ((id >= 1823059) AND (id <= 1833058))

table 3 : explain SELECT DISTINCT c FROM sbtest3 WHERE id BETWEEN 3726389 AND 3736388 ORDER BY c
	Unique  (cost=35143.23..35193.42 rows=10039 width=121)
	  ->  Sort  (cost=35143.23..35168.33 rows=10039 width=121)
	        Sort Key: c
	        ->  Bitmap Heap Scan on sbtest3  (cost=215.33..34475.97 rows=10039 width=121)
	              Recheck Cond: ((id >= 3726389) AND (id <= 3736388))
	              ->  Bitmap Index Scan on sbtest3_pkey  (cost=0.00..212.82 rows=10039 width=0)
	                    Index Cond: ((id >= 3726389) AND (id <= 3736388))

table 4 : explain SELECT DISTINCT c FROM sbtest4 WHERE id BETWEEN 5641488 AND 5651487 ORDER BY c
	Unique  (cost=34787.38..34837.02 rows=9928 width=121)
	  ->  Sort  (cost=34787.38..34812.20 rows=9928 width=121)
	        Sort Key: c
	        ->  Bitmap Heap Scan on sbtest4  (cost=214.20..34128.30 rows=9928 width=121)
	              Recheck Cond: ((id >= 5641488) AND (id <= 5651487))
	              ->  Bitmap Index Scan on sbtest4_pkey  (cost=0.00..211.72 rows=9928 width=0)
	                    Index Cond: ((id >= 5641488) AND (id <= 5651487))

table 5 : explain SELECT DISTINCT c FROM sbtest5 WHERE id BETWEEN 6489580 AND 6499579 ORDER BY c
	Unique  (cost=35348.84..35399.29 rows=10089 width=121)
	  ->  Sort  (cost=35348.84..35374.06 rows=10089 width=121)
	        Sort Key: c
	        ->  Bitmap Heap Scan on sbtest5  (cost=215.85..34677.90 rows=10089 width=121)
	              Recheck Cond: ((id >= 6489580) AND (id <= 6499579))
	              ->  Bitmap Index Scan on sbtest5_pkey  (cost=0.00..213.32 rows=10089 width=0)
	                    Index Cond: ((id >= 6489580) AND (id <= 6499579))

table 6 : explain SELECT DISTINCT c FROM sbtest6 WHERE id BETWEEN 1811522 AND 1821521 ORDER BY c
	Unique  (cost=37503.43..37557.32 rows=10779 width=121)
	  ->  Sort  (cost=37503.43..37530.37 rows=10779 width=121)
	        Sort Key: c
	        ->  Bitmap Heap Scan on sbtest6  (cost=230.92..36781.45 rows=10779 width=121)
	              Recheck Cond: ((id >= 1811522) AND (id <= 1821521))
	              ->  Bitmap Index Scan on sbtest6_pkey  (cost=0.00..228.23 rows=10779 width=0)
	                    Index Cond: ((id >= 1811522) AND (id <= 1821521))

table 7 : explain SELECT DISTINCT c FROM sbtest7 WHERE id BETWEEN 3722862 AND 3732861 ORDER BY c
	Unique  (cost=32839.33..32885.86 rows=9305 width=121)
	  ->  Sort  (cost=32839.33..32862.60 rows=9305 width=121)
	        Sort Key: c
	        ->  Bitmap Heap Scan on sbtest7  (cost=199.81..32225.96 rows=9305 width=121)
	              Recheck Cond: ((id >= 3722862) AND (id <= 3732861))
	              ->  Bitmap Index Scan on sbtest7_pkey  (cost=0.00..197.49 rows=9305 width=0)
	                    Index Cond: ((id >= 3722862) AND (id <= 3732861))

table 8 : explain SELECT DISTINCT c FROM sbtest8 WHERE id BETWEEN 6767292 AND 6777291 ORDER BY c
	Unique  (cost=31994.69..32039.91 rows=9044 width=121)
	  ->  Sort  (cost=31994.69..32017.30 rows=9044 width=121)
	        Sort Key: c
	        ->  Bitmap Heap Scan on sbtest8  (cost=197.14..31400.38 rows=9044 width=121)
	              Recheck Cond: ((id >= 6767292) AND (id <= 6777291))
	              ->  Bitmap Index Scan on sbtest8_pkey  (cost=0.00..194.88 rows=9044 width=0)
	                    Index Cond: ((id >= 6767292) AND (id <= 6777291))

for: distinct_ranges
table 1 : explain SELECT DISTINCT c FROM sbtest1 WHERE id BETWEEN 4112369 AND 4122368 ORDER BY c
	Unique  (cost=35483.39..35534.11 rows=10145 width=121)
	  ->  Sort  (cost=35483.39..35508.75 rows=10145 width=121)
	        Sort Key: c
	        ->  Bitmap Heap Scan on sbtest1  (cost=216.42..34808.32 rows=10145 width=121)
	              Recheck Cond: ((id >= 4112369) AND (id <= 4122368))
	              ->  Bitmap Index Scan on sbtest1_pkey  (cost=0.00..213.88 rows=10145 width=0)
	                    Index Cond: ((id >= 4112369) AND (id <= 4122368))

table 2 : explain SELECT DISTINCT c FROM sbtest2 WHERE id BETWEEN 8123139 AND 8133138 ORDER BY c
	Unique  (cost=38630.84..38686.56 rows=11144 width=121)
	  ->  Sort  (cost=38630.84..38658.70 rows=11144 width=121)
	        Sort Key: c
	        ->  Bitmap Heap Scan on sbtest2  (cost=238.66..37881.74 rows=11144 width=121)
	              Recheck Cond: ((id >= 8123139) AND (id <= 8133138))
	              ->  Bitmap Index Scan on sbtest2_pkey  (cost=0.00..235.88 rows=11144 width=0)
	                    Index Cond: ((id >= 8123139) AND (id <= 8133138))

table 3 : explain SELECT DISTINCT c FROM sbtest3 WHERE id BETWEEN 6144892 AND 6154891 ORDER BY c
	Unique  (cost=36065.24..36116.88 rows=10329 width=121)
	  ->  Sort  (cost=36065.24..36091.06 rows=10329 width=121)
	        Sort Key: c
	        ->  Bitmap Heap Scan on sbtest3  (cost=222.31..35376.58 rows=10329 width=121)
	              Recheck Cond: ((id >= 6144892) AND (id <= 6154891))
	              ->  Bitmap Index Scan on sbtest3_pkey  (cost=0.00..219.73 rows=10329 width=0)
	                    Index Cond: ((id >= 6144892) AND (id <= 6154891))

table 4 : explain SELECT DISTINCT c FROM sbtest4 WHERE id BETWEEN 4607823 AND 4617822 ORDER BY c
	Unique  (cost=34411.52..34460.58 rows=9811 width=121)
	  ->  Sort  (cost=34411.52..34436.05 rows=9811 width=121)
	        Sort Key: c
	        ->  Bitmap Heap Scan on sbtest4  (cost=209.00..33761.04 rows=9811 width=121)
	              Recheck Cond: ((id >= 4607823) AND (id <= 4617822))
	              ->  Bitmap Index Scan on sbtest4_pkey  (cost=0.00..206.55 rows=9811 width=0)
	                    Index Cond: ((id >= 4607823) AND (id <= 4617822))

table 5 : explain SELECT DISTINCT c FROM sbtest5 WHERE id BETWEEN 7092648 AND 7102647 ORDER BY c
	Unique  (cost=39642.14..39699.37 rows=11446 width=121)
	  ->  Sort  (cost=39642.14..39670.75 rows=11446 width=121)
	        Sort Key: c
	        ->  Bitmap Heap Scan on sbtest5  (cost=245.76..38870.53 rows=11446 width=121)
	              Recheck Cond: ((id >= 7092648) AND (id <= 7102647))
	              ->  Bitmap Index Scan on sbtest5_pkey  (cost=0.00..242.90 rows=11446 width=0)
	                    Index Cond: ((id >= 7092648) AND (id <= 7102647))

table 6 : explain SELECT DISTINCT c FROM sbtest6 WHERE id BETWEEN 3304677 AND 3314676 ORDER BY c
	Unique  (cost=34223.76..34272.49 rows=9747 width=121)
	  ->  Sort  (cost=34223.76..34248.13 rows=9747 width=121)
	        Sort Key: c
	        ->  Bitmap Heap Scan on sbtest6  (cost=208.34..33577.98 rows=9747 width=121)
	              Recheck Cond: ((id >= 3304677) AND (id <= 3314676))
	              ->  Bitmap Index Scan on sbtest6_pkey  (cost=0.00..205.91 rows=9747 width=0)
	                    Index Cond: ((id >= 3304677) AND (id <= 3314676))

table 7 : explain SELECT DISTINCT c FROM sbtest7 WHERE id BETWEEN 5837350 AND 5847349 ORDER BY c
	Unique  (cost=31597.37..31641.98 rows=8922 width=121)
	  ->  Sort  (cost=31597.37..31619.67 rows=8922 width=121)
	        Sort Key: c
	        ->  Bitmap Heap Scan on sbtest7  (cost=191.89..31011.94 rows=8922 width=121)
	              Recheck Cond: ((id >= 5837350) AND (id <= 5847349))
	              ->  Bitmap Index Scan on sbtest7_pkey  (cost=0.00..189.66 rows=8922 width=0)
	                    Index Cond: ((id >= 5837350) AND (id <= 5847349))

table 8 : explain SELECT DISTINCT c FROM sbtest8 WHERE id BETWEEN 8758755 AND 8768754 ORDER BY c
	Unique  (cost=33840.51..33888.59 rows=9616 width=121)
	  ->  Sort  (cost=33840.51..33864.55 rows=9616 width=121)
	        Sort Key: c
	        ->  Bitmap Heap Scan on sbtest8  (cost=207.00..33204.35 rows=9616 width=121)
	              Recheck Cond: ((id >= 8758755) AND (id <= 8768754))
	              ->  Bitmap Index Scan on sbtest8_pkey  (cost=0.00..204.59 rows=9616 width=0)
	                    Index Cond: ((id >= 8758755) AND (id <= 8768754))

for: order_ranges
table 1 : explain SELECT c FROM sbtest1 WHERE id BETWEEN 7400486 AND 7410485 ORDER BY c
	Sort  (cost=34892.21..34917.10 rows=9959 width=121)
	  Sort Key: c
	  ->  Bitmap Heap Scan on sbtest1  (cost=214.51..34230.84 rows=9959 width=121)
	        Recheck Cond: ((id >= 7400486) AND (id <= 7410485))
	        ->  Bitmap Index Scan on sbtest1_pkey  (cost=0.00..212.03 rows=9959 width=0)
	              Index Cond: ((id >= 7400486) AND (id <= 7410485))

table 2 : explain SELECT c FROM sbtest2 WHERE id BETWEEN 4145258 AND 4155257 ORDER BY c
	Sort  (cost=37186.86..37213.57 rows=10684 width=121)
	  Sort Key: c
	  ->  Bitmap Heap Scan on sbtest2  (cost=229.95..36471.93 rows=10684 width=121)
	        Recheck Cond: ((id >= 4145258) AND (id <= 4155257))
	        ->  Bitmap Index Scan on sbtest2_pkey  (cost=0.00..227.28 rows=10684 width=0)
	              Index Cond: ((id >= 4145258) AND (id <= 4155257))

table 3 : explain SELECT c FROM sbtest3 WHERE id BETWEEN 2082123 AND 2092122 ORDER BY c
	Sort  (cost=36755.63..36781.99 rows=10546 width=121)
	  Sort Key: c
	  ->  Bitmap Heap Scan on sbtest3  (cost=228.53..36050.92 rows=10546 width=121)
	        Recheck Cond: ((id >= 2082123) AND (id <= 2092122))
	        ->  Bitmap Index Scan on sbtest3_pkey  (cost=0.00..225.90 rows=10546 width=0)
	              Index Cond: ((id >= 2082123) AND (id <= 2092122))

table 4 : explain SELECT c FROM sbtest4 WHERE id BETWEEN 2023783 AND 2033782 ORDER BY c
	Sort  (cost=34345.62..34370.10 rows=9790 width=121)
	  Sort Key: c
	  ->  Bitmap Heap Scan on sbtest4  (cost=208.78..33696.69 rows=9790 width=121)
	        Recheck Cond: ((id >= 2023783) AND (id <= 2033782))
	        ->  Bitmap Index Scan on sbtest4_pkey  (cost=0.00..206.34 rows=9790 width=0)
	              Index Cond: ((id >= 2023783) AND (id <= 2033782))

table 5 : explain SELECT c FROM sbtest5 WHERE id BETWEEN 3664872 AND 3674871 ORDER BY c
	Sort  (cost=36212.92..36238.82 rows=10359 width=121)
	  Sort Key: c
	  ->  Bitmap Heap Scan on sbtest5  (cost=222.61..35522.05 rows=10359 width=121)
	        Recheck Cond: ((id >= 3664872) AND (id <= 3674871))
	        ->  Bitmap Index Scan on sbtest5_pkey  (cost=0.00..220.03 rows=10359 width=0)
	              Index Cond: ((id >= 3664872) AND (id <= 3674871))

table 6 : explain SELECT c FROM sbtest6 WHERE id BETWEEN 927313 AND 937312 ORDER BY c
	Sort  (cost=33023.46..33046.89 rows=9374 width=121)
	  Sort Key: c
	  ->  Bitmap Heap Scan on sbtest6  (cost=200.52..32405.03 rows=9374 width=121)
	        Recheck Cond: ((id >= 927313) AND (id <= 937312))
	        ->  Bitmap Index Scan on sbtest6_pkey  (cost=0.00..198.18 rows=9374 width=0)
	              Index Cond: ((id >= 927313) AND (id <= 937312))

table 7 : explain SELECT c FROM sbtest7 WHERE id BETWEEN 2422052 AND 2432051 ORDER BY c
	Sort  (cost=33334.21..33357.85 rows=9457 width=121)
	  Sort Key: c
	  ->  Bitmap Heap Scan on sbtest7  (cost=205.37..32709.71 rows=9457 width=121)
	        Recheck Cond: ((id >= 2422052) AND (id <= 2432051))
	        ->  Bitmap Index Scan on sbtest7_pkey  (cost=0.00..203.00 rows=9457 width=0)
	              Index Cond: ((id >= 2422052) AND (id <= 2432051))

table 8 : explain SELECT c FROM sbtest8 WHERE id BETWEEN 3322981 AND 3332980 ORDER BY c
	Sort  (cost=34264.19..34288.55 rows=9747 width=121)
	  Sort Key: c
	  ->  Bitmap Heap Scan on sbtest8  (cost=212.34..33618.41 rows=9747 width=121)
	        Recheck Cond: ((id >= 3322981) AND (id <= 3332980))
	        ->  Bitmap Index Scan on sbtest8_pkey  (cost=0.00..209.91 rows=9747 width=0)
	              Index Cond: ((id >= 3322981) AND (id <= 3332980))

for: distinct_ranges
table 1 : explain SELECT DISTINCT c FROM sbtest1 WHERE id BETWEEN 5936387 AND 5946386 ORDER BY c
	Unique  (cost=37276.75..37330.30 rows=10710 width=121)
	  ->  Sort  (cost=37276.75..37303.53 rows=10710 width=121)
	        Sort Key: c
	        ->  Bitmap Heap Scan on sbtest1  (cost=230.21..36559.90 rows=10710 width=121)
	              Recheck Cond: ((id >= 5936387) AND (id <= 5946386))
	              ->  Bitmap Index Scan on sbtest1_pkey  (cost=0.00..227.54 rows=10710 width=0)
	                    Index Cond: ((id >= 5936387) AND (id <= 5946386))

table 2 : explain SELECT DISTINCT c FROM sbtest2 WHERE id BETWEEN 3187016 AND 3197015 ORDER BY c
	Unique  (cost=34858.37..34908.12 rows=9951 width=121)
	  ->  Sort  (cost=34858.37..34883.25 rows=9951 width=121)
	        Sort Key: c
	        ->  Bitmap Heap Scan on sbtest2  (cost=214.43..34197.59 rows=9951 width=121)
	              Recheck Cond: ((id >= 3187016) AND (id <= 3197015))
	              ->  Bitmap Index Scan on sbtest2_pkey  (cost=0.00..211.94 rows=9951 width=0)
	                    Index Cond: ((id >= 3187016) AND (id <= 3197015))

table 3 : explain SELECT DISTINCT c FROM sbtest3 WHERE id BETWEEN 8049447 AND 8059446 ORDER BY c
	Unique  (cost=37029.71..37082.87 rows=10633 width=121)
	  ->  Sort  (cost=37029.71..37056.29 rows=10633 width=121)
	        Sort Key: c
	        ->  Bitmap Heap Scan on sbtest3  (cost=229.42..36318.56 rows=10633 width=121)
	              Recheck Cond: ((id >= 8049447) AND (id <= 8059446))
	              ->  Bitmap Index Scan on sbtest3_pkey  (cost=0.00..226.76 rows=10633 width=0)
	                    Index Cond: ((id >= 8049447) AND (id <= 8059446))

table 4 : explain SELECT DISTINCT c FROM sbtest4 WHERE id BETWEEN 7536351 AND 7546350 ORDER BY c
	Unique  (cost=34997.74..35047.71 rows=9994 width=121)
	  ->  Sort  (cost=34997.74..35022.72 rows=9994 width=121)
	        Sort Key: c
	        ->  Bitmap Heap Scan on sbtest4  (cost=214.87..34333.79 rows=9994 width=121)
	              Recheck Cond: ((id >= 7536351) AND (id <= 7546350))
	              ->  Bitmap Index Scan on sbtest4_pkey  (cost=0.00..212.38 rows=9994 width=0)
	                    Index Cond: ((id >= 7536351) AND (id <= 7546350))

table 5 : explain SELECT DISTINCT c FROM sbtest5 WHERE id BETWEEN 4124933 AND 4134932 ORDER BY c
	Unique  (cost=35555.91..35606.68 rows=10154 width=121)
	  ->  Sort  (cost=35555.91..35581.30 rows=10154 width=121)
	        Sort Key: c
	        ->  Bitmap Heap Scan on sbtest5  (cost=216.51..34880.18 rows=10154 width=121)
	              Recheck Cond: ((id >= 4124933) AND (id <= 4134932))
	              ->  Bitmap Index Scan on sbtest5_pkey  (cost=0.00..213.98 rows=10154 width=0)
	                    Index Cond: ((id >= 4124933) AND (id <= 4134932))

table 6 : explain SELECT DISTINCT c FROM sbtest6 WHERE id BETWEEN 1824108 AND 1834107 ORDER BY c
	Unique  (cost=37503.43..37557.32 rows=10779 width=121)
	  ->  Sort  (cost=37503.43..37530.37 rows=10779 width=121)
	        Sort Key: c
	        ->  Bitmap Heap Scan on sbtest6  (cost=230.92..36781.45 rows=10779 width=121)
	              Recheck Cond: ((id >= 1824108) AND (id <= 1834107))
	              ->  Bitmap Index Scan on sbtest6_pkey  (cost=0.00..228.23 rows=10779 width=0)
	                    Index Cond: ((id >= 1824108) AND (id <= 1834107))

table 7 : explain SELECT DISTINCT c FROM sbtest7 WHERE id BETWEEN 3191006 AND 3201005 ORDER BY c
	Unique  (cost=32543.65..32589.71 rows=9213 width=121)
	  ->  Sort  (cost=32543.65..32566.68 rows=9213 width=121)
	        Sort Key: c
	        ->  Bitmap Heap Scan on sbtest7  (cost=198.87..31937.00 rows=9213 width=121)
	              Recheck Cond: ((id >= 3191006) AND (id <= 3201005))
	              ->  Bitmap Index Scan on sbtest7_pkey  (cost=0.00..196.56 rows=9213 width=0)
	                    Index Cond: ((id >= 3191006) AND (id <= 3201005))

table 8 : explain SELECT DISTINCT c FROM sbtest8 WHERE id BETWEEN 7643986 AND 7653985 ORDER BY c
	Unique  (cost=36075.01..36126.58 rows=10315 width=121)
	  ->  Sort  (cost=36075.01..36100.80 rows=10315 width=121)
	        Sort Key: c
	        ->  Bitmap Heap Scan on sbtest8  (cost=222.16..35387.39 rows=10315 width=121)
	              Recheck Cond: ((id >= 7643986) AND (id <= 7653985))
	              ->  Bitmap Index Scan on sbtest8_pkey  (cost=0.00..219.59 rows=10315 width=0)
	                    Index Cond: ((id >= 7643986) AND (id <= 7653985))

for: distinct_ranges
table 1 : explain SELECT DISTINCT c FROM sbtest1 WHERE id BETWEEN 4238509 AND 4248508 ORDER BY c
	Unique  (cost=34114.38..34162.96 rows=9716 width=121)
	  ->  Sort  (cost=34114.38..34138.67 rows=9716 width=121)
	        Sort Key: c
	        ->  Bitmap Heap Scan on sbtest1  (cost=208.02..33470.88 rows=9716 width=121)
	              Recheck Cond: ((id >= 4238509) AND (id <= 4248508))
	              ->  Bitmap Index Scan on sbtest1_pkey  (cost=0.00..205.59 rows=9716 width=0)
	                    Index Cond: ((id >= 4238509) AND (id <= 4248508))

table 2 : explain SELECT DISTINCT c FROM sbtest2 WHERE id BETWEEN 6781600 AND 6791599 ORDER BY c
	Unique  (cost=36660.99..36713.59 rows=10519 width=121)
	  ->  Sort  (cost=36660.99..36687.29 rows=10519 width=121)
	        Sort Key: c
	        ->  Bitmap Heap Scan on sbtest2  (cost=224.25..35958.29 rows=10519 width=121)
	              Recheck Cond: ((id >= 6781600) AND (id <= 6791599))
	              ->  Bitmap Index Scan on sbtest2_pkey  (cost=0.00..221.62 rows=10519 width=0)
	                    Index Cond: ((id >= 6781600) AND (id <= 6791599))

table 3 : explain SELECT DISTINCT c FROM sbtest3 WHERE id BETWEEN 1638989 AND 1648988 ORDER BY c
	Unique  (cost=36088.12..36139.80 rows=10336 width=121)
	  ->  Sort  (cost=36088.12..36113.96 rows=10336 width=121)
	        Sort Key: c
	        ->  Bitmap Heap Scan on sbtest3  (cost=222.38..35398.95 rows=10336 width=121)
	              Recheck Cond: ((id >= 1638989) AND (id <= 1648988))
	              ->  Bitmap Index Scan on sbtest3_pkey  (cost=0.00..219.80 rows=10336 width=0)
	                    Index Cond: ((id >= 1638989) AND (id <= 1648988))

table 4 : explain SELECT DISTINCT c FROM sbtest4 WHERE id BETWEEN 7706173 AND 7716172 ORDER BY c
	Unique  (cost=31702.74..31747.58 rows=8969 width=121)
	  ->  Sort  (cost=31702.74..31725.16 rows=8969 width=121)
	        Sort Key: c
	        ->  Bitmap Heap Scan on sbtest4  (cost=192.37..31113.89 rows=8969 width=121)
	              Recheck Cond: ((id >= 7706173) AND (id <= 7716172))
	              ->  Bitmap Index Scan on sbtest4_pkey  (cost=0.00..190.12 rows=8969 width=0)
	                    Index Cond: ((id >= 7706173) AND (id <= 7716172))

table 5 : explain SELECT DISTINCT c FROM sbtest5 WHERE id BETWEEN 7784905 AND 7794904 ORDER BY c
	Unique  (cost=37247.52..37300.95 rows=10685 width=121)
	  ->  Sort  (cost=37247.52..37274.23 rows=10685 width=121)
	        Sort Key: c
	        ->  Bitmap Heap Scan on sbtest5  (cost=229.96..36532.52 rows=10685 width=121)
	              Recheck Cond: ((id >= 7784905) AND (id <= 7794904))
	              ->  Bitmap Index Scan on sbtest5_pkey  (cost=0.00..227.29 rows=10685 width=0)
	                    Index Cond: ((id >= 7784905) AND (id <= 7794904))

table 6 : explain SELECT DISTINCT c FROM sbtest6 WHERE id BETWEEN 239964 AND 249963 ORDER BY c
	Unique  (cost=34666.02..34715.45 rows=9885 width=121)
	  ->  Sort  (cost=34666.02..34690.73 rows=9885 width=121)
	        Sort Key: c
	        ->  Bitmap Heap Scan on sbtest6  (cost=213.76..34010.10 rows=9885 width=121)
	              Recheck Cond: ((id >= 239964) AND (id <= 249963))
	              ->  Bitmap Index Scan on sbtest6_pkey  (cost=0.00..211.29 rows=9885 width=0)
	                    Index Cond: ((id >= 239964) AND (id <= 249963))

table 7 : explain SELECT DISTINCT c FROM sbtest7 WHERE id BETWEEN 9749397 AND 9759396 ORDER BY c
	Unique  (cost=37022.82..37075.87 rows=10611 width=121)
	  ->  Sort  (cost=37022.82..37049.35 rows=10611 width=121)
	        Sort Key: c
	        ->  Bitmap Heap Scan on sbtest7  (cost=229.20..36313.30 rows=10611 width=121)
	              Recheck Cond: ((id >= 9749397) AND (id <= 9759396))
	              ->  Bitmap Index Scan on sbtest7_pkey  (cost=0.00..226.55 rows=10611 width=0)
	                    Index Cond: ((id >= 9749397) AND (id <= 9759396))

table 8 : explain SELECT DISTINCT c FROM sbtest8 WHERE id BETWEEN 8177197 AND 8187196 ORDER BY c
	Unique  (cost=36377.32..36429.36 rows=10409 width=121)
	  ->  Sort  (cost=36377.32..36403.34 rows=10409 width=121)
	        Sort Key: c
	        ->  Bitmap Heap Scan on sbtest8  (cost=227.13..35682.75 rows=10409 width=121)
	              Recheck Cond: ((id >= 8177197) AND (id <= 8187196))
	              ->  Bitmap Index Scan on sbtest8_pkey  (cost=0.00..224.53 rows=10409 width=0)
	                    Index Cond: ((id >= 8177197) AND (id <= 8187196))

for: order_ranges
table 1 : explain SELECT c FROM sbtest1 WHERE id BETWEEN 5676595 AND 5686594 ORDER BY c
	Sort  (cost=35443.96..35469.29 rows=10132 width=121)
	  Sort Key: c
	  ->  Bitmap Heap Scan on sbtest1  (cost=216.29..34769.84 rows=10132 width=121)
	        Recheck Cond: ((id >= 5676595) AND (id <= 5686594))
	        ->  Bitmap Index Scan on sbtest1_pkey  (cost=0.00..213.75 rows=10132 width=0)
	              Index Cond: ((id >= 5676595) AND (id <= 5686594))

table 2 : explain SELECT c FROM sbtest2 WHERE id BETWEEN 975482 AND 985481 ORDER BY c
	Sort  (cost=34845.23..34870.10 rows=9947 width=121)
	  Sort Key: c
	  ->  Bitmap Heap Scan on sbtest2  (cost=214.39..34184.75 rows=9947 width=121)
	        Recheck Cond: ((id >= 975482) AND (id <= 985481))
	        ->  Bitmap Index Scan on sbtest2_pkey  (cost=0.00..211.91 rows=9947 width=0)
	              Index Cond: ((id >= 975482) AND (id <= 985481))

table 3 : explain SELECT c FROM sbtest3 WHERE id BETWEEN 4379696 AND 4389695 ORDER BY c
	Sort  (cost=34485.67..34510.26 rows=9833 width=121)
	  Sort Key: c
	  ->  Bitmap Heap Scan on sbtest3  (cost=213.22..33833.58 rows=9833 width=121)
	        Recheck Cond: ((id >= 4379696) AND (id <= 4389695))
	        ->  Bitmap Index Scan on sbtest3_pkey  (cost=0.00..210.76 rows=9833 width=0)
	              Index Cond: ((id >= 4379696) AND (id <= 4389695))

table 4 : explain SELECT c FROM sbtest4 WHERE id BETWEEN 486077 AND 496076 ORDER BY c
	Sort  (cost=37041.74..37068.33 rows=10638 width=121)
	  Sort Key: c
	  ->  Bitmap Heap Scan on sbtest4  (cost=229.47..36330.22 rows=10638 width=121)
	        Recheck Cond: ((id >= 486077) AND (id <= 496076))
	        ->  Bitmap Index Scan on sbtest4_pkey  (cost=0.00..226.81 rows=10638 width=0)
	              Index Cond: ((id >= 486077) AND (id <= 496076))

table 5 : explain SELECT c FROM sbtest5 WHERE id BETWEEN 6732972 AND 6742971 ORDER BY c
	Sort  (cost=33646.01..33669.90 rows=9557 width=121)
	  Sort Key: c
	  ->  Bitmap Heap Scan on sbtest5  (cost=206.39..33014.18 rows=9557 width=121)
	        Recheck Cond: ((id >= 6732972) AND (id <= 6742971))
	        ->  Bitmap Index Scan on sbtest5_pkey  (cost=0.00..204.00 rows=9557 width=0)
	              Index Cond: ((id >= 6732972) AND (id <= 6742971))

table 6 : explain SELECT c FROM sbtest6 WHERE id BETWEEN 2985638 AND 2995637 ORDER BY c
	Sort  (cost=36036.01..36061.80 rows=10315 width=121)
	  Sort Key: c
	  ->  Bitmap Heap Scan on sbtest6  (cost=222.16..35348.39 rows=10315 width=121)
	        Recheck Cond: ((id >= 2985638) AND (id <= 2995637))
	        ->  Bitmap Index Scan on sbtest6_pkey  (cost=0.00..219.59 rows=10315 width=0)
	              Index Cond: ((id >= 2985638) AND (id <= 2995637))

table 7 : explain SELECT c FROM sbtest7 WHERE id BETWEEN 7973610 AND 7983609 ORDER BY c
	Sort  (cost=38266.44..38293.95 rows=11005 width=121)
	  Sort Key: c
	  ->  Bitmap Heap Scan on sbtest7  (cost=237.24..37527.68 rows=11005 width=121)
	        Recheck Cond: ((id >= 7973610) AND (id <= 7983609))
	        ->  Bitmap Index Scan on sbtest7_pkey  (cost=0.00..234.49 rows=11005 width=0)
	              Index Cond: ((id >= 7973610) AND (id <= 7983609))

table 8 : explain SELECT c FROM sbtest8 WHERE id BETWEEN 6092366 AND 6102365 ORDER BY c
	Sort  (cost=37129.87..37156.48 rows=10647 width=121)
	  Sort Key: c
	  ->  Bitmap Heap Scan on sbtest8  (cost=229.57..36417.68 rows=10647 width=121)
	        Recheck Cond: ((id >= 6092366) AND (id <= 6102365))
	        ->  Bitmap Index Scan on sbtest8_pkey  (cost=0.00..226.91 rows=10647 width=0)
	              Index Cond: ((id >= 6092366) AND (id <= 6102365))

for: order_ranges
table 1 : explain SELECT c FROM sbtest1 WHERE id BETWEEN 6456029 AND 6466028 ORDER BY c
	Sort  (cost=37781.40..37808.57 rows=10870 width=121)
	  Sort Key: c
	  ->  Bitmap Heap Scan on sbtest1  (cost=231.85..37052.67 rows=10870 width=121)
	        Recheck Cond: ((id >= 6456029) AND (id <= 6466028))
	        ->  Bitmap Index Scan on sbtest1_pkey  (cost=0.00..229.13 rows=10870 width=0)
	              Index Cond: ((id >= 6456029) AND (id <= 6466028))

table 2 : explain SELECT c FROM sbtest2 WHERE id BETWEEN 3934249 AND 3944248 ORDER BY c
	Sort  (cost=35869.59..35895.26 rows=10268 width=121)
	  Sort Key: c
	  ->  Bitmap Heap Scan on sbtest2  (cost=221.68..35185.44 rows=10268 width=121)
	        Recheck Cond: ((id >= 3934249) AND (id <= 3944248))
	        ->  Bitmap Index Scan on sbtest2_pkey  (cost=0.00..219.12 rows=10268 width=0)
	              Index Cond: ((id >= 3934249) AND (id <= 3944248))

table 3 : explain SELECT c FROM sbtest3 WHERE id BETWEEN 5926732 AND 5936731 ORDER BY c
	Sort  (cost=34739.00..34763.78 rows=9912 width=121)
	  Sort Key: c
	  ->  Bitmap Heap Scan on sbtest3  (cost=214.03..34081.09 rows=9912 width=121)
	        Recheck Cond: ((id >= 5926732) AND (id <= 5936731))
	        ->  Bitmap Index Scan on sbtest3_pkey  (cost=0.00..211.56 rows=9912 width=0)
	              Index Cond: ((id >= 5926732) AND (id <= 5936731))

table 4 : explain SELECT c FROM sbtest4 WHERE id BETWEEN 9060963 AND 9070962 ORDER BY c
	Sort  (cost=35227.60..35252.76 rows=10066 width=121)
	  Sort Key: c
	  ->  Bitmap Heap Scan on sbtest4  (cost=215.61..34558.35 rows=10066 width=121)
	        Recheck Cond: ((id >= 9060963) AND (id <= 9070962))
	        ->  Bitmap Index Scan on sbtest4_pkey  (cost=0.00..213.09 rows=10066 width=0)
	              Index Cond: ((id >= 9060963) AND (id <= 9070962))

table 5 : explain SELECT c FROM sbtest5 WHERE id BETWEEN 2035661 AND 2045660 ORDER BY c
	Sort  (cost=33374.48..33398.16 rows=9472 width=121)
	  Sort Key: c
	  ->  Bitmap Heap Scan on sbtest5  (cost=205.52..32748.88 rows=9472 width=121)
	        Recheck Cond: ((id >= 2035661) AND (id <= 2045660))
	        ->  Bitmap Index Scan on sbtest5_pkey  (cost=0.00..203.16 rows=9472 width=0)
	              Index Cond: ((id >= 2035661) AND (id <= 2045660))

table 6 : explain SELECT c FROM sbtest6 WHERE id BETWEEN 5809825 AND 5819824 ORDER BY c
	Sort  (cost=35271.05..35296.24 rows=10075 width=121)
	  Sort Key: c
	  ->  Bitmap Heap Scan on sbtest6  (cost=215.70..34601.14 rows=10075 width=121)
	        Recheck Cond: ((id >= 5809825) AND (id <= 5819824))
	        ->  Bitmap Index Scan on sbtest6_pkey  (cost=0.00..213.19 rows=10075 width=0)
	              Index Cond: ((id >= 5809825) AND (id <= 5819824))

table 7 : explain SELECT c FROM sbtest7 WHERE id BETWEEN 4150631 AND 4160630 ORDER BY c
	Sort  (cost=33367.41..33391.08 rows=9468 width=121)
	  Sort Key: c
	  ->  Bitmap Heap Scan on sbtest7  (cost=205.48..32742.11 rows=9468 width=121)
	        Recheck Cond: ((id >= 4150631) AND (id <= 4160630))
	        ->  Bitmap Index Scan on sbtest7_pkey  (cost=0.00..203.12 rows=9468 width=0)
	              Index Cond: ((id >= 4150631) AND (id <= 4160630))

table 8 : explain SELECT c FROM sbtest8 WHERE id BETWEEN 8446942 AND 8456941 ORDER BY c
	Sort  (cost=29715.73..29736.60 rows=8346 width=121)
	  Sort Key: c
	  ->  Bitmap Heap Scan on sbtest8  (cost=181.98..29172.12 rows=8346 width=121)
	        Recheck Cond: ((id >= 8446942) AND (id <= 8456941))
	        ->  Bitmap Index Scan on sbtest8_pkey  (cost=0.00..179.90 rows=8346 width=0)
	              Index Cond: ((id >= 8446942) AND (id <= 8456941))

for: distinct_ranges
table 1 : explain SELECT DISTINCT c FROM sbtest1 WHERE id BETWEEN 4225962 AND 4235961 ORDER BY c
	Unique  (cost=34114.38..34162.96 rows=9716 width=121)
	  ->  Sort  (cost=34114.38..34138.67 rows=9716 width=121)
	        Sort Key: c
	        ->  Bitmap Heap Scan on sbtest1  (cost=208.02..33470.88 rows=9716 width=121)
	              Recheck Cond: ((id >= 4225962) AND (id <= 4235961))
	              ->  Bitmap Index Scan on sbtest1_pkey  (cost=0.00..205.59 rows=9716 width=0)
	                    Index Cond: ((id >= 4225962) AND (id <= 4235961))

table 2 : explain SELECT DISTINCT c FROM sbtest2 WHERE id BETWEEN 7323642 AND 7333641 ORDER BY c
	Unique  (cost=34453.04..34502.16 rows=9825 width=121)
	  ->  Sort  (cost=34453.04..34477.60 rows=9825 width=121)
	        Sort Key: c
	        ->  Bitmap Heap Scan on sbtest2  (cost=209.14..33801.53 rows=9825 width=121)
	              Recheck Cond: ((id >= 7323642) AND (id <= 7333641))
	              ->  Bitmap Index Scan on sbtest2_pkey  (cost=0.00..206.69 rows=9825 width=0)
	                    Index Cond: ((id >= 7323642) AND (id <= 7333641))

table 3 : explain SELECT DISTINCT c FROM sbtest3 WHERE id BETWEEN 245875 AND 255874 ORDER BY c
	Unique  (cost=32239.39..32285.06 rows=9134 width=121)
	  ->  Sort  (cost=32239.39..32262.22 rows=9134 width=121)
	        Sort Key: c
	        ->  Bitmap Heap Scan on sbtest3  (cost=198.06..31638.51 rows=9134 width=121)
	              Recheck Cond: ((id >= 245875) AND (id <= 255874))
	              ->  Bitmap Index Scan on sbtest3_pkey  (cost=0.00..195.78 rows=9134 width=0)
	                    Index Cond: ((id >= 245875) AND (id <= 255874))

table 4 : explain SELECT DISTINCT c FROM sbtest4 WHERE id BETWEEN 1946650 AND 1956649 ORDER BY c
	Unique  (cost=34174.37..34223.05 rows=9737 width=121)
	  ->  Sort  (cost=34174.37..34198.71 rows=9737 width=121)
	        Sort Key: c
	        ->  Bitmap Heap Scan on sbtest4  (cost=208.24..33529.33 rows=9737 width=121)
	              Recheck Cond: ((id >= 1946650) AND (id <= 1956649))
	              ->  Bitmap Index Scan on sbtest4_pkey  (cost=0.00..205.81 rows=9737 width=0)
	                    Index Cond: ((id >= 1946650) AND (id <= 1956649))

table 5 : explain SELECT DISTINCT c FROM sbtest5 WHERE id BETWEEN 7914458 AND 7924457 ORDER BY c
	Unique  (cost=39457.55..39514.49 rows=11387 width=121)
	  ->  Sort  (cost=39457.55..39486.02 rows=11387 width=121)
	        Sort Key: c
	        ->  Bitmap Heap Scan on sbtest5  (cost=245.15..38690.35 rows=11387 width=121)
	              Recheck Cond: ((id >= 7914458) AND (id <= 7924457))
	              ->  Bitmap Index Scan on sbtest5_pkey  (cost=0.00..242.31 rows=11387 width=0)
	                    Index Cond: ((id >= 7914458) AND (id <= 7924457))

table 6 : explain SELECT DISTINCT c FROM sbtest6 WHERE id BETWEEN 2601370 AND 2611369 ORDER BY c
	Unique  (cost=35136.29..35186.45 rows=10032 width=121)
	  ->  Sort  (cost=35136.29..35161.37 rows=10032 width=121)
	        Sort Key: c
	        ->  Bitmap Heap Scan on sbtest6  (cost=215.26..34469.55 rows=10032 width=121)
	              Recheck Cond: ((id >= 2601370) AND (id <= 2611369))
	              ->  Bitmap Index Scan on sbtest6_pkey  (cost=0.00..212.75 rows=10032 width=0)
	                    Index Cond: ((id >= 2601370) AND (id <= 2611369))

table 7 : explain SELECT DISTINCT c FROM sbtest7 WHERE id BETWEEN 6865843 AND 6875842 ORDER BY c
	Unique  (cost=33536.30..33583.90 rows=9520 width=121)
	  ->  Sort  (cost=33536.30..33560.10 rows=9520 width=121)
	        Sort Key: c
	        ->  Bitmap Heap Scan on sbtest7  (cost=206.01..32907.18 rows=9520 width=121)
	              Recheck Cond: ((id >= 6865843) AND (id <= 6875842))
	              ->  Bitmap Index Scan on sbtest7_pkey  (cost=0.00..203.63 rows=9520 width=0)
	                    Index Cond: ((id >= 6865843) AND (id <= 6875842))

table 8 : explain SELECT DISTINCT c FROM sbtest8 WHERE id BETWEEN 7057081 AND 7067080 ORDER BY c
	Unique  (cost=35151.70..35201.82 rows=10024 width=121)
	  ->  Sort  (cost=35151.70..35176.76 rows=10024 width=121)
	        Sort Key: c
	        ->  Bitmap Heap Scan on sbtest8  (cost=219.18..34485.54 rows=10024 width=121)
	              Recheck Cond: ((id >= 7057081) AND (id <= 7067080))
	              ->  Bitmap Index Scan on sbtest8_pkey  (cost=0.00..216.68 rows=10024 width=0)
	                    Index Cond: ((id >= 7057081) AND (id <= 7067080))

for: distinct_ranges
table 1 : explain SELECT DISTINCT c FROM sbtest1 WHERE id BETWEEN 9104325 AND 9114324 ORDER BY c
	Unique  (cost=32070.49..32115.90 rows=9081 width=121)
	  ->  Sort  (cost=32070.49..32093.19 rows=9081 width=121)
	        Sort Key: c
	        ->  Bitmap Heap Scan on sbtest1  (cost=193.52..31473.48 rows=9081 width=121)
	              Recheck Cond: ((id >= 9104325) AND (id <= 9114324))
	              ->  Bitmap Index Scan on sbtest1_pkey  (cost=0.00..191.25 rows=9081 width=0)
	                    Index Cond: ((id >= 9104325) AND (id <= 9114324))

table 2 : explain SELECT DISTINCT c FROM sbtest2 WHERE id BETWEEN 9608861 AND 9618860 ORDER BY c
	Unique  (cost=36510.71..36563.07 rows=10471 width=121)
	  ->  Sort  (cost=36510.71..36536.89 rows=10471 width=121)
	        Sort Key: c
	        ->  Bitmap Heap Scan on sbtest2  (cost=223.76..35811.56 rows=10471 width=121)
	              Recheck Cond: ((id >= 9608861) AND (id <= 9618860))
	              ->  Bitmap Index Scan on sbtest2_pkey  (cost=0.00..221.15 rows=10471 width=0)
	                    Index Cond: ((id >= 9608861) AND (id <= 9618860))

table 3 : explain SELECT DISTINCT c FROM sbtest3 WHERE id BETWEEN 3884705 AND 3894704 ORDER BY c
	Unique  (cost=35826.26..35877.53 rows=10254 width=121)
	  ->  Sort  (cost=35826.26..35851.90 rows=10254 width=121)
	        Sort Key: c
	        ->  Bitmap Heap Scan on sbtest3  (cost=221.54..35143.15 rows=10254 width=121)
	              Recheck Cond: ((id >= 3884705) AND (id <= 3894704))
	              ->  Bitmap Index Scan on sbtest3_pkey  (cost=0.00..218.98 rows=10254 width=0)
	                    Index Cond: ((id >= 3884705) AND (id <= 3894704))

table 4 : explain SELECT DISTINCT c FROM sbtest4 WHERE id BETWEEN 1824884 AND 1834883 ORDER BY c
	Unique  (cost=35463.92..35514.62 rows=10141 width=121)
	  ->  Sort  (cost=35463.92..35489.27 rows=10141 width=121)
	        Sort Key: c
	        ->  Bitmap Heap Scan on sbtest4  (cost=216.38..34789.14 rows=10141 width=121)
	              Recheck Cond: ((id >= 1824884) AND (id <= 1834883))
	              ->  Bitmap Index Scan on sbtest4_pkey  (cost=0.00..213.84 rows=10141 width=0)
	                    Index Cond: ((id >= 1824884) AND (id <= 1834883))

table 5 : explain SELECT DISTINCT c FROM sbtest5 WHERE id BETWEEN 1629650 AND 1639649 ORDER BY c
	Unique  (cost=35924.32..35975.66 rows=10268 width=121)
	  ->  Sort  (cost=35924.32..35949.99 rows=10268 width=121)
	        Sort Key: c
	        ->  Bitmap Heap Scan on sbtest5  (cost=221.68..35240.17 rows=10268 width=121)
	              Recheck Cond: ((id >= 1629650) AND (id <= 1639649))
	              ->  Bitmap Index Scan on sbtest5_pkey  (cost=0.00..219.12 rows=10268 width=0)
	                    Index Cond: ((id >= 1629650) AND (id <= 1639649))

table 6 : explain SELECT DISTINCT c FROM sbtest6 WHERE id BETWEEN 3542106 AND 3552105 ORDER BY c
	Unique  (cost=36709.87..36762.51 rows=10528 width=121)
	  ->  Sort  (cost=36709.87..36736.19 rows=10528 width=121)
	        Sort Key: c
	        ->  Bitmap Heap Scan on sbtest6  (cost=224.35..36006.50 rows=10528 width=121)
	              Recheck Cond: ((id >= 3542106) AND (id <= 3552105))
	              ->  Bitmap Index Scan on sbtest6_pkey  (cost=0.00..221.72 rows=10528 width=0)
	                    Index Cond: ((id >= 3542106) AND (id <= 3552105))

table 7 : explain SELECT DISTINCT c FROM sbtest7 WHERE id BETWEEN 4987954 AND 4997953 ORDER BY c
	Unique  (cost=34121.84..34170.35 rows=9703 width=121)
	  ->  Sort  (cost=34121.84..34146.09 rows=9703 width=121)
	        Sort Key: c
	        ->  Bitmap Heap Scan on sbtest7  (cost=207.89..33479.29 rows=9703 width=121)
	              Recheck Cond: ((id >= 4987954) AND (id <= 4997953))
	              ->  Bitmap Index Scan on sbtest7_pkey  (cost=0.00..205.47 rows=9703 width=0)
	                    Index Cond: ((id >= 4987954) AND (id <= 4997953))

table 8 : explain SELECT DISTINCT c FROM sbtest8 WHERE id BETWEEN 3223612 AND 3233611 ORDER BY c
	Unique  (cost=38050.50..38105.19 rows=10938 width=121)
	  ->  Sort  (cost=38050.50..38077.84 rows=10938 width=121)
	        Sort Key: c
	        ->  Bitmap Heap Scan on sbtest8  (cost=236.55..37316.72 rows=10938 width=121)
	              Recheck Cond: ((id >= 3223612) AND (id <= 3233611))
	              ->  Bitmap Index Scan on sbtest8_pkey  (cost=0.00..233.81 rows=10938 width=0)
	                    Index Cond: ((id >= 3223612) AND (id <= 3233611))

for: distinct_ranges
table 1 : explain SELECT DISTINCT c FROM sbtest1 WHERE id BETWEEN 4652466 AND 4662465 ORDER BY c
	Unique  (cost=35956.14..36007.60 rows=10293 width=121)
	  ->  Sort  (cost=35956.14..35981.87 rows=10293 width=121)
	        Sort Key: c
	        ->  Bitmap Heap Scan on sbtest1  (cost=221.94..35270.14 rows=10293 width=121)
	              Recheck Cond: ((id >= 4652466) AND (id <= 4662465))
	              ->  Bitmap Index Scan on sbtest1_pkey  (cost=0.00..219.37 rows=10293 width=0)
	                    Index Cond: ((id >= 4652466) AND (id <= 4662465))

table 2 : explain SELECT DISTINCT c FROM sbtest2 WHERE id BETWEEN 3288395 AND 3298394 ORDER BY c
	Unique  (cost=35580.53..35631.42 rows=10178 width=121)
	  ->  Sort  (cost=35580.53..35605.97 rows=10178 width=121)
	        Sort Key: c
	        ->  Bitmap Heap Scan on sbtest2  (cost=216.76..34903.02 rows=10178 width=121)
	              Recheck Cond: ((id >= 3288395) AND (id <= 3298394))
	              ->  Bitmap Index Scan on sbtest2_pkey  (cost=0.00..214.22 rows=10178 width=0)
	                    Index Cond: ((id >= 3288395) AND (id <= 3298394))

table 3 : explain SELECT DISTINCT c FROM sbtest3 WHERE id BETWEEN 2226018 AND 2236017 ORDER BY c
	Unique  (cost=34307.11..34356.00 rows=9778 width=121)
	  ->  Sort  (cost=34307.11..34331.55 rows=9778 width=121)
	        Sort Key: c
	        ->  Bitmap Heap Scan on sbtest3  (cost=208.66..33659.05 rows=9778 width=121)
	              Recheck Cond: ((id >= 2226018) AND (id <= 2236017))
	              ->  Bitmap Index Scan on sbtest3_pkey  (cost=0.00..206.22 rows=9778 width=0)
	                    Index Cond: ((id >= 2226018) AND (id <= 2236017))

table 4 : explain SELECT DISTINCT c FROM sbtest4 WHERE id BETWEEN 2240012 AND 2250011 ORDER BY c
	Unique  (cost=34240.21..34288.99 rows=9757 width=121)
	  ->  Sort  (cost=34240.21..34264.60 rows=9757 width=121)
	        Sort Key: c
	        ->  Bitmap Heap Scan on sbtest4  (cost=208.44..33593.70 rows=9757 width=121)
	              Recheck Cond: ((id >= 2240012) AND (id <= 2250011))
	              ->  Bitmap Index Scan on sbtest4_pkey  (cost=0.00..206.00 rows=9757 width=0)
	                    Index Cond: ((id >= 2240012) AND (id <= 2250011))

table 5 : explain SELECT DISTINCT c FROM sbtest5 WHERE id BETWEEN 5377278 AND 5387277 ORDER BY c
	Unique  (cost=32580.97..32627.11 rows=9227 width=121)
	  ->  Sort  (cost=32580.97..32604.04 rows=9227 width=121)
	        Sort Key: c
	        ->  Bitmap Heap Scan on sbtest5  (cost=199.01..31973.30 rows=9227 width=121)
	              Recheck Cond: ((id >= 5377278) AND (id <= 5387277))
	              ->  Bitmap Index Scan on sbtest5_pkey  (cost=0.00..196.70 rows=9227 width=0)
	                    Index Cond: ((id >= 5377278) AND (id <= 5387277))

table 6 : explain SELECT DISTINCT c FROM sbtest6 WHERE id BETWEEN 1888706 AND 1898705 ORDER BY c
	Unique  (cost=38057.42..38112.19 rows=10954 width=121)
	  ->  Sort  (cost=38057.42..38084.80 rows=10954 width=121)
	        Sort Key: c
	        ->  Bitmap Heap Scan on sbtest6  (cost=236.71..37322.45 rows=10954 width=121)
	              Recheck Cond: ((id >= 1888706) AND (id <= 1898705))
	              ->  Bitmap Index Scan on sbtest6_pkey  (cost=0.00..233.98 rows=10954 width=0)
	                    Index Cond: ((id >= 1888706) AND (id <= 1898705))

table 7 : explain SELECT DISTINCT c FROM sbtest7 WHERE id BETWEEN 6546043 AND 6556042 ORDER BY c
	Unique  (cost=33360.79..33408.12 rows=9466 width=121)
	  ->  Sort  (cost=33360.79..33384.46 rows=9466 width=121)
	        Sort Key: c
	        ->  Bitmap Heap Scan on sbtest7  (cost=205.46..32735.63 rows=9466 width=121)
	              Recheck Cond: ((id >= 6546043) AND (id <= 6556042))
	              ->  Bitmap Index Scan on sbtest7_pkey  (cost=0.00..203.09 rows=9466 width=0)
	                    Index Cond: ((id >= 6546043) AND (id <= 6556042))

table 8 : explain SELECT DISTINCT c FROM sbtest8 WHERE id BETWEEN 5174931 AND 5184930 ORDER BY c
	Unique  (cost=35345.81..35396.24 rows=10085 width=121)
	  ->  Sort  (cost=35345.81..35371.02 rows=10085 width=121)
	        Sort Key: c
	        ->  Bitmap Heap Scan on sbtest8  (cost=219.81..34675.16 rows=10085 width=121)
	              Recheck Cond: ((id >= 5174931) AND (id <= 5184930))
	              ->  Bitmap Index Scan on sbtest8_pkey  (cost=0.00..217.29 rows=10085 width=0)
	                    Index Cond: ((id >= 5174931) AND (id <= 5184930))

for: distinct_ranges
table 1 : explain SELECT DISTINCT c FROM sbtest1 WHERE id BETWEEN 8328801 AND 8338800 ORDER BY c
	Unique  (cost=35145.21..35195.40 rows=10038 width=121)
	  ->  Sort  (cost=35145.21..35170.30 rows=10038 width=121)
	        Sort Key: c
	        ->  Bitmap Heap Scan on sbtest1  (cost=215.32..34478.02 rows=10038 width=121)
	              Recheck Cond: ((id >= 8328801) AND (id <= 8338800))
	              ->  Bitmap Index Scan on sbtest1_pkey  (cost=0.00..212.81 rows=10038 width=0)
	                    Index Cond: ((id >= 8328801) AND (id <= 8338800))

table 2 : explain SELECT DISTINCT c FROM sbtest2 WHERE id BETWEEN 618787 AND 628786 ORDER BY c
	Unique  (cost=34601.81..34651.16 rows=9870 width=121)
	  ->  Sort  (cost=34601.81..34626.48 rows=9870 width=121)
	        Sort Key: c
	        ->  Bitmap Heap Scan on sbtest2  (cost=213.60..33946.99 rows=9870 width=121)
	              Recheck Cond: ((id >= 618787) AND (id <= 628786))
	              ->  Bitmap Index Scan on sbtest2_pkey  (cost=0.00..211.13 rows=9870 width=0)
	                    Index Cond: ((id >= 618787) AND (id <= 628786))

table 3 : explain SELECT DISTINCT c FROM sbtest3 WHERE id BETWEEN 6014057 AND 6024056 ORDER BY c
	Unique  (cost=35481.32..35532.05 rows=10146 width=121)
	  ->  Sort  (cost=35481.32..35506.69 rows=10146 width=121)
	        Sort Key: c
	        ->  Bitmap Heap Scan on sbtest3  (cost=216.43..34806.18 rows=10146 width=121)
	              Recheck Cond: ((id >= 6014057) AND (id <= 6024056))
	              ->  Bitmap Index Scan on sbtest3_pkey  (cost=0.00..213.90 rows=10146 width=0)
	                    Index Cond: ((id >= 6014057) AND (id <= 6024056))

table 4 : explain SELECT DISTINCT c FROM sbtest4 WHERE id BETWEEN 1444631 AND 1454630 ORDER BY c
	Unique  (cost=35198.08..35248.37 rows=10057 width=121)
	  ->  Sort  (cost=35198.08..35223.22 rows=10057 width=121)
	        Sort Key: c
	        ->  Bitmap Heap Scan on sbtest4  (cost=215.52..34529.50 rows=10057 width=121)
	              Recheck Cond: ((id >= 1444631) AND (id <= 1454630))
	              ->  Bitmap Index Scan on sbtest4_pkey  (cost=0.00..213.00 rows=10057 width=0)
	                    Index Cond: ((id >= 1444631) AND (id <= 1454630))

table 5 : explain SELECT DISTINCT c FROM sbtest5 WHERE id BETWEEN 2935063 AND 2945062 ORDER BY c
	Unique  (cost=35930.97..35982.33 rows=10271 width=121)
	  ->  Sort  (cost=35930.97..35956.65 rows=10271 width=121)
	        Sort Key: c
	        ->  Bitmap Heap Scan on sbtest5  (cost=221.71..35246.60 rows=10271 width=121)
	              Recheck Cond: ((id >= 2935063) AND (id <= 2945062))
	              ->  Bitmap Index Scan on sbtest5_pkey  (cost=0.00..219.15 rows=10271 width=0)
	                    Index Cond: ((id >= 2935063) AND (id <= 2945062))

table 6 : explain SELECT DISTINCT c FROM sbtest6 WHERE id BETWEEN 4212323 AND 4222322 ORDER BY c
	Unique  (cost=34639.61..34688.99 rows=9876 width=121)
	  ->  Sort  (cost=34639.61..34664.30 rows=9876 width=121)
	        Sort Key: c
	        ->  Bitmap Heap Scan on sbtest6  (cost=213.66..33984.35 rows=9876 width=121)
	              Recheck Cond: ((id >= 4212323) AND (id <= 4222322))
	              ->  Bitmap Index Scan on sbtest6_pkey  (cost=0.00..211.19 rows=9876 width=0)
	                    Index Cond: ((id >= 4212323) AND (id <= 4222322))

table 7 : explain SELECT DISTINCT c FROM sbtest7 WHERE id BETWEEN 2441640 AND 2451639 ORDER BY c
	Unique  (cost=32171.15..32216.64 rows=9098 width=121)
	  ->  Sort  (cost=32171.15..32193.90 rows=9098 width=121)
	        Sort Key: c
	        ->  Bitmap Heap Scan on sbtest7  (cost=197.69..31572.90 rows=9098 width=121)
	              Recheck Cond: ((id >= 2441640) AND (id <= 2451639))
	              ->  Bitmap Index Scan on sbtest7_pkey  (cost=0.00..195.42 rows=9098 width=0)
	                    Index Cond: ((id >= 2441640) AND (id <= 2451639))

table 8 : explain SELECT DISTINCT c FROM sbtest8 WHERE id BETWEEN 4991589 AND 5001588 ORDER BY c
	Unique  (cost=36183.22..36234.96 rows=10349 width=121)
	  ->  Sort  (cost=36183.22..36209.09 rows=10349 width=121)
	        Sort Key: c
	        ->  Bitmap Heap Scan on sbtest8  (cost=222.51..35493.08 rows=10349 width=121)
	              Recheck Cond: ((id >= 4991589) AND (id <= 5001588))
	              ->  Bitmap Index Scan on sbtest8_pkey  (cost=0.00..219.93 rows=10349 width=0)
	                    Index Cond: ((id >= 4991589) AND (id <= 5001588))

for: order_ranges
table 1 : explain SELECT c FROM sbtest1 WHERE id BETWEEN 8739339 AND 8749338 ORDER BY c
	Sort  (cost=35309.43..35334.66 rows=10090 width=121)
	  Sort Key: c
	  ->  Bitmap Heap Scan on sbtest1  (cost=215.86..34638.41 rows=10090 width=121)
	        Recheck Cond: ((id >= 8739339) AND (id <= 8749338))
	        ->  Bitmap Index Scan on sbtest1_pkey  (cost=0.00..213.34 rows=10090 width=0)
	              Index Cond: ((id >= 8739339) AND (id <= 8749338))

table 2 : explain SELECT c FROM sbtest2 WHERE id BETWEEN 5392987 AND 5402986 ORDER BY c
	Sort  (cost=37330.26..37357.08 rows=10730 width=121)
	  Sort Key: c
	  ->  Bitmap Heap Scan on sbtest2  (cost=230.42..36611.92 rows=10730 width=121)
	        Recheck Cond: ((id >= 5392987) AND (id <= 5402986))
	        ->  Bitmap Index Scan on sbtest2_pkey  (cost=0.00..227.74 rows=10730 width=0)
	              Index Cond: ((id >= 5392987) AND (id <= 5402986))

table 3 : explain SELECT c FROM sbtest3 WHERE id BETWEEN 8971126 AND 8981125 ORDER BY c
	Sort  (cost=38970.62..38998.75 rows=11252 width=121)
	  Sort Key: c
	  ->  Bitmap Heap Scan on sbtest3  (cost=239.77..38213.48 rows=11252 width=121)
	        Recheck Cond: ((id >= 8971126) AND (id <= 8981125))
	        ->  Bitmap Index Scan on sbtest3_pkey  (cost=0.00..236.95 rows=11252 width=0)
	              Index Cond: ((id >= 8971126) AND (id <= 8981125))

table 4 : explain SELECT c FROM sbtest4 WHERE id BETWEEN 6544097 AND 6554096 ORDER BY c
	Sort  (cost=32218.60..32241.42 rows=9128 width=121)
	  Sort Key: c
	  ->  Bitmap Heap Scan on sbtest4  (cost=198.00..31618.16 rows=9128 width=121)
	        Recheck Cond: ((id >= 6544097) AND (id <= 6554096))
	        ->  Bitmap Index Scan on sbtest4_pkey  (cost=0.00..195.72 rows=9128 width=0)
	              Index Cond: ((id >= 6544097) AND (id <= 6554096))

table 5 : explain SELECT c FROM sbtest5 WHERE id BETWEEN 5138318 AND 5148317 ORDER BY c
	Sort  (cost=34485.90..34510.44 rows=9818 width=121)
	  Sort Key: c
	  ->  Bitmap Heap Scan on sbtest5  (cost=213.07..33834.90 rows=9818 width=121)
	        Recheck Cond: ((id >= 5138318) AND (id <= 5148317))
	        ->  Bitmap Index Scan on sbtest5_pkey  (cost=0.00..210.62 rows=9818 width=0)
	              Index Cond: ((id >= 5138318) AND (id <= 5148317))

table 6 : explain SELECT c FROM sbtest6 WHERE id BETWEEN 9478346 AND 9488345 ORDER BY c
	Sort  (cost=36618.38..36644.62 rows=10499 width=121)
	  Sort Key: c
	  ->  Bitmap Heap Scan on sbtest6  (cost=224.05..35917.15 rows=10499 width=121)
	        Recheck Cond: ((id >= 9478346) AND (id <= 9488345))
	        ->  Bitmap Index Scan on sbtest6_pkey  (cost=0.00..221.43 rows=10499 width=0)
	              Index Cond: ((id >= 9478346) AND (id <= 9488345))

table 7 : explain SELECT c FROM sbtest7 WHERE id BETWEEN 85404 AND 95403 ORDER BY c
	Sort  (cost=30704.53..30726.15 rows=8648 width=121)
	  Sort Key: c
	  ->  Bitmap Heap Scan on sbtest7  (cost=185.08..30139.03 rows=8648 width=121)
	        Recheck Cond: ((id >= 85404) AND (id <= 95403))
	        ->  Bitmap Index Scan on sbtest7_pkey  (cost=0.00..182.92 rows=8648 width=0)
	              Index Cond: ((id >= 85404) AND (id <= 95403))

table 8 : explain SELECT c FROM sbtest8 WHERE id BETWEEN 8814399 AND 8824398 ORDER BY c
	Sort  (cost=32384.08..32406.99 rows=9165 width=121)
	  Sort Key: c
	  ->  Bitmap Heap Scan on sbtest8  (cost=198.38..31780.94 rows=9165 width=121)
	        Recheck Cond: ((id >= 8814399) AND (id <= 8824398))
	        ->  Bitmap Index Scan on sbtest8_pkey  (cost=0.00..196.09 rows=9165 width=0)
	              Index Cond: ((id >= 8814399) AND (id <= 8824398))

for: distinct_ranges
table 1 : explain SELECT DISTINCT c FROM sbtest1 WHERE id BETWEEN 5118635 AND 5128634 ORDER BY c
	Unique  (cost=33026.51..33073.40 rows=9377 width=121)
	  ->  Sort  (cost=33026.51..33049.96 rows=9377 width=121)
	        Sort Key: c
	        ->  Bitmap Heap Scan on sbtest1  (cost=200.55..32407.87 rows=9377 width=121)
	              Recheck Cond: ((id >= 5118635) AND (id <= 5128634))
	              ->  Bitmap Index Scan on sbtest1_pkey  (cost=0.00..198.20 rows=9377 width=0)
	                    Index Cond: ((id >= 5118635) AND (id <= 5128634))

table 2 : explain SELECT DISTINCT c FROM sbtest2 WHERE id BETWEEN 1227873 AND 1237872 ORDER BY c
	Unique  (cost=34697.21..34746.71 rows=9900 width=121)
	  ->  Sort  (cost=34697.21..34721.96 rows=9900 width=121)
	        Sort Key: c
	        ->  Bitmap Heap Scan on sbtest2  (cost=213.91..34040.19 rows=9900 width=121)
	              Recheck Cond: ((id >= 1227873) AND (id <= 1237872))
	              ->  Bitmap Index Scan on sbtest2_pkey  (cost=0.00..211.44 rows=9900 width=0)
	                    Index Cond: ((id >= 1227873) AND (id <= 1237872))

table 3 : explain SELECT DISTINCT c FROM sbtest3 WHERE id BETWEEN 628078 AND 638077 ORDER BY c
	Unique  (cost=32607.63..32653.87 rows=9248 width=121)
	  ->  Sort  (cost=32607.63..32630.75 rows=9248 width=121)
	        Sort Key: c
	        ->  Bitmap Heap Scan on sbtest3  (cost=199.23..31998.42 rows=9248 width=121)
	              Recheck Cond: ((id >= 628078) AND (id <= 638077))
	              ->  Bitmap Index Scan on sbtest3_pkey  (cost=0.00..196.92 rows=9248 width=0)
	                    Index Cond: ((id >= 628078) AND (id <= 638077))

table 4 : explain SELECT DISTINCT c FROM sbtest4 WHERE id BETWEEN 2600882 AND 2610881 ORDER BY c
	Unique  (cost=35227.60..35277.93 rows=10066 width=121)
	  ->  Sort  (cost=35227.60..35252.76 rows=10066 width=121)
	        Sort Key: c
	        ->  Bitmap Heap Scan on sbtest4  (cost=215.61..34558.35 rows=10066 width=121)
	              Recheck Cond: ((id >= 2600882) AND (id <= 2610881))
	              ->  Bitmap Index Scan on sbtest4_pkey  (cost=0.00..213.09 rows=10066 width=0)
	                    Index Cond: ((id >= 2600882) AND (id <= 2610881))

table 5 : explain SELECT DISTINCT c FROM sbtest5 WHERE id BETWEEN 158400 AND 168399 ORDER BY c
	Unique  (cost=35802.90..35854.05 rows=10230 width=121)
	  ->  Sort  (cost=35802.90..35828.48 rows=10230 width=121)
	        Sort Key: c
	        ->  Bitmap Heap Scan on sbtest5  (cost=221.29..35121.56 rows=10230 width=121)
	              Recheck Cond: ((id >= 158400) AND (id <= 168399))
	              ->  Bitmap Index Scan on sbtest5_pkey  (cost=0.00..218.74 rows=10230 width=0)
	                    Index Cond: ((id >= 158400) AND (id <= 168399))

table 6 : explain SELECT DISTINCT c FROM sbtest6 WHERE id BETWEEN 1162533 AND 1172532 ORDER BY c
	Unique  (cost=30729.91..30773.24 rows=8666 width=121)
	  ->  Sort  (cost=30729.91..30751.58 rows=8666 width=121)
	        Sort Key: c
	        ->  Bitmap Heap Scan on sbtest6  (cost=185.26..30163.11 rows=8666 width=121)
	              Recheck Cond: ((id >= 1162533) AND (id <= 1172532))
	              ->  Bitmap Index Scan on sbtest6_pkey  (cost=0.00..183.09 rows=8666 width=0)
	                    Index Cond: ((id >= 1162533) AND (id <= 1172532))

table 7 : explain SELECT DISTINCT c FROM sbtest7 WHERE id BETWEEN 4281817 AND 4291816 ORDER BY c
	Unique  (cost=31547.27..31591.80 rows=8906 width=121)
	  ->  Sort  (cost=31547.27..31569.54 rows=8906 width=121)
	        Sort Key: c
	        ->  Bitmap Heap Scan on sbtest7  (cost=191.72..30963.01 rows=8906 width=121)
	              Recheck Cond: ((id >= 4281817) AND (id <= 4291816))
	              ->  Bitmap Index Scan on sbtest7_pkey  (cost=0.00..189.50 rows=8906 width=0)
	                    Index Cond: ((id >= 4281817) AND (id <= 4291816))

table 8 : explain SELECT DISTINCT c FROM sbtest8 WHERE id BETWEEN 4229017 AND 4239016 ORDER BY c
	Unique  (cost=33353.98..33401.30 rows=9465 width=121)
	  ->  Sort  (cost=33353.98..33377.64 rows=9465 width=121)
	        Sort Key: c
	        ->  Bitmap Heap Scan on sbtest8  (cost=205.45..32728.89 rows=9465 width=121)
	              Recheck Cond: ((id >= 4229017) AND (id <= 4239016))
	              ->  Bitmap Index Scan on sbtest8_pkey  (cost=0.00..203.09 rows=9465 width=0)
	                    Index Cond: ((id >= 4229017) AND (id <= 4239016))

for: distinct_ranges
table 1 : explain SELECT DISTINCT c FROM sbtest1 WHERE id BETWEEN 2534371 AND 2544370 ORDER BY c
	Unique  (cost=33546.55..33594.24 rows=9538 width=121)
	  ->  Sort  (cost=33546.55..33570.39 rows=9538 width=121)
	        Sort Key: c
	        ->  Bitmap Heap Scan on sbtest1  (cost=206.20..32916.11 rows=9538 width=121)
	              Recheck Cond: ((id >= 2534371) AND (id <= 2544370))
	              ->  Bitmap Index Scan on sbtest1_pkey  (cost=0.00..203.81 rows=9538 width=0)
	                    Index Cond: ((id >= 2534371) AND (id <= 2544370))

table 2 : explain SELECT DISTINCT c FROM sbtest2 WHERE id BETWEEN 8306414 AND 8316413 ORDER BY c
	Unique  (cost=37027.20..37080.37 rows=10634 width=121)
	  ->  Sort  (cost=37027.20..37053.78 rows=10634 width=121)
	        Sort Key: c
	        ->  Bitmap Heap Scan on sbtest2  (cost=229.43..36315.97 rows=10634 width=121)
	              Recheck Cond: ((id >= 8306414) AND (id <= 8316413))
	              ->  Bitmap Index Scan on sbtest2_pkey  (cost=0.00..226.78 rows=10634 width=0)
	                    Index Cond: ((id >= 8306414) AND (id <= 8316413))

table 3 : explain SELECT DISTINCT c FROM sbtest3 WHERE id BETWEEN 8069348 AND 8079347 ORDER BY c
	Unique  (cost=37029.71..37082.87 rows=10633 width=121)
	  ->  Sort  (cost=37029.71..37056.29 rows=10633 width=121)
	        Sort Key: c
	        ->  Bitmap Heap Scan on sbtest3  (cost=229.42..36318.56 rows=10633 width=121)
	              Recheck Cond: ((id >= 8069348) AND (id <= 8079347))
	              ->  Bitmap Index Scan on sbtest3_pkey  (cost=0.00..226.76 rows=10633 width=0)
	                    Index Cond: ((id >= 8069348) AND (id <= 8079347))

table 4 : explain SELECT DISTINCT c FROM sbtest4 WHERE id BETWEEN 6071432 AND 6081431 ORDER BY c
	Unique  (cost=34052.31..34100.80 rows=9698 width=121)
	  ->  Sort  (cost=34052.31..34076.56 rows=9698 width=121)
	        Sort Key: c
	        ->  Bitmap Heap Scan on sbtest4  (cost=207.84..33410.14 rows=9698 width=121)
	              Recheck Cond: ((id >= 6071432) AND (id <= 6081431))
	              ->  Bitmap Index Scan on sbtest4_pkey  (cost=0.00..205.42 rows=9698 width=0)
	                    Index Cond: ((id >= 6071432) AND (id <= 6081431))

table 5 : explain SELECT DISTINCT c FROM sbtest5 WHERE id BETWEEN 1050782 AND 1060781 ORDER BY c
	Unique  (cost=34085.73..34134.20 rows=9694 width=121)
	  ->  Sort  (cost=34085.73..34109.97 rows=9694 width=121)
	        Sort Key: c
	        ->  Bitmap Heap Scan on sbtest5  (cost=207.80..33443.85 rows=9694 width=121)
	              Recheck Cond: ((id >= 1050782) AND (id <= 1060781))
	              ->  Bitmap Index Scan on sbtest5_pkey  (cost=0.00..205.38 rows=9694 width=0)
	                    Index Cond: ((id >= 1050782) AND (id <= 1060781))

table 6 : explain SELECT DISTINCT c FROM sbtest6 WHERE id BETWEEN 4901157 AND 4911156 ORDER BY c
	Unique  (cost=35451.66..35502.32 rows=10132 width=121)
	  ->  Sort  (cost=35451.66..35476.99 rows=10132 width=121)
	        Sort Key: c
	        ->  Bitmap Heap Scan on sbtest6  (cost=216.29..34777.55 rows=10132 width=121)
	              Recheck Cond: ((id >= 4901157) AND (id <= 4911156))
	              ->  Bitmap Index Scan on sbtest6_pkey  (cost=0.00..213.75 rows=10132 width=0)
	                    Index Cond: ((id >= 4901157) AND (id <= 4911156))

table 7 : explain SELECT DISTINCT c FROM sbtest7 WHERE id BETWEEN 7608429 AND 7618428 ORDER BY c
	Unique  (cost=35480.46..35531.09 rows=10127 width=121)
	  ->  Sort  (cost=35480.46..35505.78 rows=10127 width=121)
	        Sort Key: c
	        ->  Bitmap Heap Scan on sbtest7  (cost=216.24..34806.71 rows=10127 width=121)
	              Recheck Cond: ((id >= 7608429) AND (id <= 7618428))
	              ->  Bitmap Index Scan on sbtest7_pkey  (cost=0.00..213.70 rows=10127 width=0)
	                    Index Cond: ((id >= 7608429) AND (id <= 7618428))

table 8 : explain SELECT DISTINCT c FROM sbtest8 WHERE id BETWEEN 497051 AND 507050 ORDER BY c
	Unique  (cost=36528.03..36580.32 rows=10457 width=121)
	  ->  Sort  (cost=36528.03..36554.18 rows=10457 width=121)
	        Sort Key: c
	        ->  Bitmap Heap Scan on sbtest8  (cost=227.62..35829.91 rows=10457 width=121)
	              Recheck Cond: ((id >= 497051) AND (id <= 507050))
	              ->  Bitmap Index Scan on sbtest8_pkey  (cost=0.00..225.00 rows=10457 width=0)
	                    Index Cond: ((id >= 497051) AND (id <= 507050))

for: distinct_ranges
table 1 : explain SELECT DISTINCT c FROM sbtest1 WHERE id BETWEEN 6661483 AND 6671482 ORDER BY c
	Unique  (cost=33198.67..33245.83 rows=9431 width=121)
	  ->  Sort  (cost=33198.67..33222.25 rows=9431 width=121)
	        Sort Key: c
	        ->  Bitmap Heap Scan on sbtest1  (cost=201.10..32576.07 rows=9431 width=121)
	              Recheck Cond: ((id >= 6661483) AND (id <= 6671482))
	              ->  Bitmap Index Scan on sbtest1_pkey  (cost=0.00..198.75 rows=9431 width=0)
	                    Index Cond: ((id >= 6661483) AND (id <= 6671482))

table 2 : explain SELECT DISTINCT c FROM sbtest2 WHERE id BETWEEN 4752841 AND 4762840 ORDER BY c
	Unique  (cost=35482.16..35532.90 rows=10147 width=121)
	  ->  Sort  (cost=35482.16..35507.53 rows=10147 width=121)
	        Sort Key: c
	        ->  Bitmap Heap Scan on sbtest2  (cost=216.44..34806.94 rows=10147 width=121)
	              Recheck Cond: ((id >= 4752841) AND (id <= 4762840))
	              ->  Bitmap Index Scan on sbtest2_pkey  (cost=0.00..213.91 rows=10147 width=0)
	                    Index Cond: ((id >= 4752841) AND (id <= 4762840))

table 3 : explain SELECT DISTINCT c FROM sbtest3 WHERE id BETWEEN 1667062 AND 1677061 ORDER BY c
	Unique  (cost=36088.12..36139.80 rows=10336 width=121)
	  ->  Sort  (cost=36088.12..36113.96 rows=10336 width=121)
	        Sort Key: c
	        ->  Bitmap Heap Scan on sbtest3  (cost=222.38..35398.95 rows=10336 width=121)
	              Recheck Cond: ((id >= 1667062) AND (id <= 1677061))
	              ->  Bitmap Index Scan on sbtest3_pkey  (cost=0.00..219.80 rows=10336 width=0)
	                    Index Cond: ((id >= 1667062) AND (id <= 1677061))

table 4 : explain SELECT DISTINCT c FROM sbtest4 WHERE id BETWEEN 2504504 AND 2514503 ORDER BY c
	Unique  (cost=34362.17..34411.15 rows=9796 width=121)
	  ->  Sort  (cost=34362.17..34386.66 rows=9796 width=121)
	        Sort Key: c
	        ->  Bitmap Heap Scan on sbtest4  (cost=208.84..33712.80 rows=9796 width=121)
	              Recheck Cond: ((id >= 2504504) AND (id <= 2514503))
	              ->  Bitmap Index Scan on sbtest4_pkey  (cost=0.00..206.40 rows=9796 width=0)
	                    Index Cond: ((id >= 2504504) AND (id <= 2514503))

table 5 : explain SELECT DISTINCT c FROM sbtest5 WHERE id BETWEEN 6858525 AND 6868524 ORDER BY c
	Unique  (cost=33391.03..33438.41 rows=9477 width=121)
	  ->  Sort  (cost=33391.03..33414.72 rows=9477 width=121)
	        Sort Key: c
	        ->  Bitmap Heap Scan on sbtest5  (cost=205.57..32765.06 rows=9477 width=121)
	              Recheck Cond: ((id >= 6858525) AND (id <= 6868524))
	              ->  Bitmap Index Scan on sbtest5_pkey  (cost=0.00..203.20 rows=9477 width=0)
	                    Index Cond: ((id >= 6858525) AND (id <= 6868524))

table 6 : explain SELECT DISTINCT c FROM sbtest6 WHERE id BETWEEN 1277896 AND 1287895 ORDER BY c
	Unique  (cost=34151.28..34199.90 rows=9725 width=121)
	  ->  Sort  (cost=34151.28..34175.59 rows=9725 width=121)
	        Sort Key: c
	        ->  Bitmap Heap Scan on sbtest6  (cost=208.12..33507.12 rows=9725 width=121)
	              Recheck Cond: ((id >= 1277896) AND (id <= 1287895))
	              ->  Bitmap Index Scan on sbtest6_pkey  (cost=0.00..205.69 rows=9725 width=0)
	                    Index Cond: ((id >= 1277896) AND (id <= 1287895))

table 7 : explain SELECT DISTINCT c FROM sbtest7 WHERE id BETWEEN 5618428 AND 5628427 ORDER BY c
	Unique  (cost=36921.46..36974.35 rows=10579 width=121)
	  ->  Sort  (cost=36921.46..36947.91 rows=10579 width=121)
	        Sort Key: c
	        ->  Bitmap Heap Scan on sbtest7  (cost=228.87..36214.31 rows=10579 width=121)
	              Recheck Cond: ((id >= 5618428) AND (id <= 5628427))
	              ->  Bitmap Index Scan on sbtest7_pkey  (cost=0.00..226.23 rows=10579 width=0)
	                    Index Cond: ((id >= 5618428) AND (id <= 5628427))

table 8 : explain SELECT DISTINCT c FROM sbtest8 WHERE id BETWEEN 8722901 AND 8732900 ORDER BY c
	Unique  (cost=33840.51..33888.59 rows=9616 width=121)
	  ->  Sort  (cost=33840.51..33864.55 rows=9616 width=121)
	        Sort Key: c
	        ->  Bitmap Heap Scan on sbtest8  (cost=207.00..33204.35 rows=9616 width=121)
	              Recheck Cond: ((id >= 8722901) AND (id <= 8732900))
	              ->  Bitmap Index Scan on sbtest8_pkey  (cost=0.00..204.59 rows=9616 width=0)
	                    Index Cond: ((id >= 8722901) AND (id <= 8732900))

for: distinct_ranges
table 1 : explain SELECT DISTINCT c FROM sbtest1 WHERE id BETWEEN 9502521 AND 9512520 ORDER BY c
	Unique  (cost=32230.69..32276.34 rows=9130 width=121)
	  ->  Sort  (cost=32230.69..32253.51 rows=9130 width=121)
	        Sort Key: c
	        ->  Bitmap Heap Scan on sbtest1  (cost=198.02..31630.10 rows=9130 width=121)
	              Recheck Cond: ((id >= 9502521) AND (id <= 9512520))
	              ->  Bitmap Index Scan on sbtest1_pkey  (cost=0.00..195.74 rows=9130 width=0)
	                    Index Cond: ((id >= 9502521) AND (id <= 9512520))

table 2 : explain SELECT DISTINCT c FROM sbtest2 WHERE id BETWEEN 3649351 AND 3659350 ORDER BY c
	Unique  (cost=34713.64..34763.17 rows=9905 width=121)
	  ->  Sort  (cost=34713.64..34738.40 rows=9905 width=121)
	        Sort Key: c
	        ->  Bitmap Heap Scan on sbtest2  (cost=213.96..34056.25 rows=9905 width=121)
	              Recheck Cond: ((id >= 3649351) AND (id <= 3659350))
	              ->  Bitmap Index Scan on sbtest2_pkey  (cost=0.00..211.49 rows=9905 width=0)
	                    Index Cond: ((id >= 3649351) AND (id <= 3659350))

table 3 : explain SELECT DISTINCT c FROM sbtest3 WHERE id BETWEEN 4522247 AND 4532246 ORDER BY c
	Unique  (cost=35274.62..35325.03 rows=10081 width=121)
	  ->  Sort  (cost=35274.62..35299.83 rows=10081 width=121)
	        Sort Key: c
	        ->  Bitmap Heap Scan on sbtest3  (cost=215.77..34604.27 rows=10081 width=121)
	              Recheck Cond: ((id >= 4522247) AND (id <= 4532246))
	              ->  Bitmap Index Scan on sbtest3_pkey  (cost=0.00..213.25 rows=10081 width=0)
	                    Index Cond: ((id >= 4522247) AND (id <= 4532246))

table 4 : explain SELECT DISTINCT c FROM sbtest4 WHERE id BETWEEN 7150149 AND 7160148 ORDER BY c
	Unique  (cost=34793.95..34843.60 rows=9930 width=121)
	  ->  Sort  (cost=34793.95..34818.78 rows=9930 width=121)
	        Sort Key: c
	        ->  Bitmap Heap Scan on sbtest4  (cost=214.22..34134.72 rows=9930 width=121)
	              Recheck Cond: ((id >= 7150149) AND (id <= 7160148))
	              ->  Bitmap Index Scan on sbtest4_pkey  (cost=0.00..211.74 rows=9930 width=0)
	                    Index Cond: ((id >= 7150149) AND (id <= 7160148))

table 5 : explain SELECT DISTINCT c FROM sbtest5 WHERE id BETWEEN 6864640 AND 6874639 ORDER BY c
	Unique  (cost=33391.03..33438.41 rows=9477 width=121)
	  ->  Sort  (cost=33391.03..33414.72 rows=9477 width=121)
	        Sort Key: c
	        ->  Bitmap Heap Scan on sbtest5  (cost=205.57..32765.06 rows=9477 width=121)
	              Recheck Cond: ((id >= 6864640) AND (id <= 6874639))
	              ->  Bitmap Index Scan on sbtest5_pkey  (cost=0.00..203.20 rows=9477 width=0)
	                    Index Cond: ((id >= 6864640) AND (id <= 6874639))

table 6 : explain SELECT DISTINCT c FROM sbtest6 WHERE id BETWEEN 5746953 AND 5756952 ORDER BY c
	Unique  (cost=35271.05..35321.43 rows=10075 width=121)
	  ->  Sort  (cost=35271.05..35296.24 rows=10075 width=121)
	        Sort Key: c
	        ->  Bitmap Heap Scan on sbtest6  (cost=215.70..34601.14 rows=10075 width=121)
	              Recheck Cond: ((id >= 5746953) AND (id <= 5756952))
	              ->  Bitmap Index Scan on sbtest6_pkey  (cost=0.00..213.19 rows=10075 width=0)
	                    Index Cond: ((id >= 5746953) AND (id <= 5756952))

table 7 : explain SELECT DISTINCT c FROM sbtest7 WHERE id BETWEEN 5083791 AND 5093790 ORDER BY c
	Unique  (cost=34719.97..34769.42 rows=9889 width=121)
	  ->  Sort  (cost=34719.97..34744.70 rows=9889 width=121)
	        Sort Key: c
	        ->  Bitmap Heap Scan on sbtest7  (cost=213.80..34063.76 rows=9889 width=121)
	              Recheck Cond: ((id >= 5083791) AND (id <= 5093790))
	              ->  Bitmap Index Scan on sbtest7_pkey  (cost=0.00..211.32 rows=9889 width=0)
	                    Index Cond: ((id >= 5083791) AND (id <= 5093790))

table 8 : explain SELECT DISTINCT c FROM sbtest8 WHERE id BETWEEN 9064414 AND 9074413 ORDER BY c
	Unique  (cost=35029.21..35079.14 rows=9987 width=121)
	  ->  Sort  (cost=35029.21..35054.17 rows=9987 width=121)
	        Sort Key: c
	        ->  Bitmap Heap Scan on sbtest8  (cost=214.80..34365.78 rows=9987 width=121)
	              Recheck Cond: ((id >= 9064414) AND (id <= 9074413))
	              ->  Bitmap Index Scan on sbtest8_pkey  (cost=0.00..212.31 rows=9987 width=0)
	                    Index Cond: ((id >= 9064414) AND (id <= 9074413))

for: distinct_ranges
table 1 : explain SELECT DISTINCT c FROM sbtest1 WHERE id BETWEEN 2655868 AND 2665867 ORDER BY c
	Unique  (cost=36515.50..36567.84 rows=10469 width=121)
	  ->  Sort  (cost=36515.50..36541.67 rows=10469 width=121)
	        Sort Key: c
	        ->  Bitmap Heap Scan on sbtest1  (cost=223.74..35816.49 rows=10469 width=121)
	              Recheck Cond: ((id >= 2655868) AND (id <= 2665867))
	              ->  Bitmap Index Scan on sbtest1_pkey  (cost=0.00..221.12 rows=10469 width=0)
	                    Index Cond: ((id >= 2655868) AND (id <= 2665867))

table 2 : explain SELECT DISTINCT c FROM sbtest2 WHERE id BETWEEN 1116489 AND 1126488 ORDER BY c
	Unique  (cost=33767.37..33815.42 rows=9610 width=121)
	  ->  Sort  (cost=33767.37..33791.39 rows=9610 width=121)
	        Sort Key: c
	        ->  Bitmap Heap Scan on sbtest2  (cost=206.94..33131.65 rows=9610 width=121)
	              Recheck Cond: ((id >= 1116489) AND (id <= 1126488))
	              ->  Bitmap Index Scan on sbtest2_pkey  (cost=0.00..204.54 rows=9610 width=0)
	                    Index Cond: ((id >= 1116489) AND (id <= 1126488))

table 3 : explain SELECT DISTINCT c FROM sbtest3 WHERE id BETWEEN 5064272 AND 5074271 ORDER BY c
	Unique  (cost=35652.57..35703.57 rows=10199 width=121)
	  ->  Sort  (cost=35652.57..35678.07 rows=10199 width=121)
	        Sort Key: c
	        ->  Bitmap Heap Scan on sbtest3  (cost=220.97..34973.52 rows=10199 width=121)
	              Recheck Cond: ((id >= 5064272) AND (id <= 5074271))
	              ->  Bitmap Index Scan on sbtest3_pkey  (cost=0.00..218.43 rows=10199 width=0)
	                    Index Cond: ((id >= 5064272) AND (id <= 5074271))

table 4 : explain SELECT DISTINCT c FROM sbtest4 WHERE id BETWEEN 6493638 AND 6503637 ORDER BY c
	Unique  (cost=32218.60..32264.24 rows=9128 width=121)
	  ->  Sort  (cost=32218.60..32241.42 rows=9128 width=121)
	        Sort Key: c
	        ->  Bitmap Heap Scan on sbtest4  (cost=198.00..31618.16 rows=9128 width=121)
	              Recheck Cond: ((id >= 6493638) AND (id <= 6503637))
	              ->  Bitmap Index Scan on sbtest4_pkey  (cost=0.00..195.72 rows=9128 width=0)
	                    Index Cond: ((id >= 6493638) AND (id <= 6503637))

table 5 : explain SELECT DISTINCT c FROM sbtest5 WHERE id BETWEEN 7532175 AND 7542174 ORDER BY c
	Unique  (cost=35546.06..35596.82 rows=10151 width=121)
	  ->  Sort  (cost=35546.06..35571.44 rows=10151 width=121)
	        Sort Key: c
	        ->  Bitmap Heap Scan on sbtest5  (cost=216.48..34870.55 rows=10151 width=121)
	              Recheck Cond: ((id >= 7532175) AND (id <= 7542174))
	              ->  Bitmap Index Scan on sbtest5_pkey  (cost=0.00..213.94 rows=10151 width=0)
	                    Index Cond: ((id >= 7532175) AND (id <= 7542174))

table 6 : explain SELECT DISTINCT c FROM sbtest6 WHERE id BETWEEN 4815260 AND 4825259 ORDER BY c
	Unique  (cost=34296.32..34345.17 rows=9770 width=121)
	  ->  Sort  (cost=34296.32..34320.75 rows=9770 width=121)
	        Sort Key: c
	        ->  Bitmap Heap Scan on sbtest6  (cost=208.58..33648.86 rows=9770 width=121)
	              Recheck Cond: ((id >= 4815260) AND (id <= 4825259))
	              ->  Bitmap Index Scan on sbtest6_pkey  (cost=0.00..206.13 rows=9770 width=0)
	                    Index Cond: ((id >= 4815260) AND (id <= 4825259))

table 7 : explain SELECT DISTINCT c FROM sbtest7 WHERE id BETWEEN 5489839 AND 5499838 ORDER BY c
	Unique  (cost=37134.04..37187.27 rows=10647 width=121)
	  ->  Sort  (cost=37134.04..37160.65 rows=10647 width=121)
	        Sort Key: c
	        ->  Bitmap Heap Scan on sbtest7  (cost=229.57..36421.85 rows=10647 width=121)
	              Recheck Cond: ((id >= 5489839) AND (id <= 5499838))
	              ->  Bitmap Index Scan on sbtest7_pkey  (cost=0.00..226.91 rows=10647 width=0)
	                    Index Cond: ((id >= 5489839) AND (id <= 5499838))

table 8 : explain SELECT DISTINCT c FROM sbtest8 WHERE id BETWEEN 7778790 AND 7788789 ORDER BY c
	Unique  (cost=36596.72..36649.11 rows=10478 width=121)
	  ->  Sort  (cost=36596.72..36622.92 rows=10478 width=121)
	        Sort Key: c
	        ->  Bitmap Heap Scan on sbtest8  (cost=227.83..35897.05 rows=10478 width=121)
	              Recheck Cond: ((id >= 7778790) AND (id <= 7788789))
	              ->  Bitmap Index Scan on sbtest8_pkey  (cost=0.00..225.22 rows=10478 width=0)
	                    Index Cond: ((id >= 7778790) AND (id <= 7788789))

for: distinct_ranges
table 1 : explain SELECT DISTINCT c FROM sbtest1 WHERE id BETWEEN 8829873 AND 8839872 ORDER BY c
	Unique  (cost=33404.45..33451.92 rows=9494 width=121)
	  ->  Sort  (cost=33404.45..33428.18 rows=9494 width=121)
	        Sort Key: c
	        ->  Bitmap Heap Scan on sbtest1  (cost=205.75..32777.23 rows=9494 width=121)
	              Recheck Cond: ((id >= 8829873) AND (id <= 8839872))
	              ->  Bitmap Index Scan on sbtest1_pkey  (cost=0.00..203.38 rows=9494 width=0)
	                    Index Cond: ((id >= 8829873) AND (id <= 8839872))

table 2 : explain SELECT DISTINCT c FROM sbtest2 WHERE id BETWEEN 8494887 AND 8504886 ORDER BY c
	Unique  (cost=35531.40..35582.22 rows=10163 width=121)
	  ->  Sort  (cost=35531.40..35556.81 rows=10163 width=121)
	        Sort Key: c
	        ->  Bitmap Heap Scan on sbtest2  (cost=216.61..34855.00 rows=10163 width=121)
	              Recheck Cond: ((id >= 8494887) AND (id <= 8504886))
	              ->  Bitmap Index Scan on sbtest2_pkey  (cost=0.00..214.06 rows=10163 width=0)
	                    Index Cond: ((id >= 8494887) AND (id <= 8504886))

table 3 : explain SELECT DISTINCT c FROM sbtest3 WHERE id BETWEEN 8482623 AND 8492622 ORDER BY c
	Unique  (cost=36480.62..36532.93 rows=10461 width=121)
	  ->  Sort  (cost=36480.62..36506.78 rows=10461 width=121)
	        Sort Key: c
	        ->  Bitmap Heap Scan on sbtest3  (cost=223.66..35782.21 rows=10461 width=121)
	              Recheck Cond: ((id >= 8482623) AND (id <= 8492622))
	              ->  Bitmap Index Scan on sbtest3_pkey  (cost=0.00..221.05 rows=10461 width=0)
	                    Index Cond: ((id >= 8482623) AND (id <= 8492622))

table 4 : explain SELECT DISTINCT c FROM sbtest4 WHERE id BETWEEN 8543973 AND 8553972 ORDER BY c
	Unique  (cost=35526.16..35576.96 rows=10160 width=121)
	  ->  Sort  (cost=35526.16..35551.56 rows=10160 width=121)
	        Sort Key: c
	        ->  Bitmap Heap Scan on sbtest4  (cost=216.58..34849.99 rows=10160 width=121)
	              Recheck Cond: ((id >= 8543973) AND (id <= 8553972))
	              ->  Bitmap Index Scan on sbtest4_pkey  (cost=0.00..214.04 rows=10160 width=0)
	                    Index Cond: ((id >= 8543973) AND (id <= 8553972))

table 5 : explain SELECT DISTINCT c FROM sbtest5 WHERE id BETWEEN 7344718 AND 7354717 ORDER BY c
	Unique  (cost=34316.87..34365.70 rows=9766 width=121)
	  ->  Sort  (cost=34316.87..34341.28 rows=9766 width=121)
	        Sort Key: c
	        ->  Bitmap Heap Scan on sbtest5  (cost=208.54..33669.70 rows=9766 width=121)
	              Recheck Cond: ((id >= 7344718) AND (id <= 7354717))
	              ->  Bitmap Index Scan on sbtest5_pkey  (cost=0.00..206.09 rows=9766 width=0)
	                    Index Cond: ((id >= 7344718) AND (id <= 7354717))

table 6 : explain SELECT DISTINCT c FROM sbtest6 WHERE id BETWEEN 2986035 AND 2996034 ORDER BY c
	Unique  (cost=36036.01..36087.59 rows=10315 width=121)
	  ->  Sort  (cost=36036.01..36061.80 rows=10315 width=121)
	        Sort Key: c
	        ->  Bitmap Heap Scan on sbtest6  (cost=222.16..35348.39 rows=10315 width=121)
	              Recheck Cond: ((id >= 2986035) AND (id <= 2996034))
	              ->  Bitmap Index Scan on sbtest6_pkey  (cost=0.00..219.59 rows=10315 width=0)
	                    Index Cond: ((id >= 2986035) AND (id <= 2996034))

table 7 : explain SELECT DISTINCT c FROM sbtest7 WHERE id BETWEEN 2385045 AND 2395044 ORDER BY c
	Unique  (cost=33334.21..33381.49 rows=9457 width=121)
	  ->  Sort  (cost=33334.21..33357.85 rows=9457 width=121)
	        Sort Key: c
	        ->  Bitmap Heap Scan on sbtest7  (cost=205.37..32709.71 rows=9457 width=121)
	              Recheck Cond: ((id >= 2385045) AND (id <= 2395044))
	              ->  Bitmap Index Scan on sbtest7_pkey  (cost=0.00..203.00 rows=9457 width=0)
	                    Index Cond: ((id >= 2385045) AND (id <= 2395044))

table 8 : explain SELECT DISTINCT c FROM sbtest8 WHERE id BETWEEN 7520184 AND 7530183 ORDER BY c
	Unique  (cost=32038.04..32083.33 rows=9058 width=121)
	  ->  Sort  (cost=32038.04..32060.69 rows=9058 width=121)
	        Sort Key: c
	        ->  Bitmap Heap Scan on sbtest8  (cost=197.28..31442.70 rows=9058 width=121)
	              Recheck Cond: ((id >= 7520184) AND (id <= 7530183))
	              ->  Bitmap Index Scan on sbtest8_pkey  (cost=0.00..195.01 rows=9058 width=0)
	                    Index Cond: ((id >= 7520184) AND (id <= 7530183))

for: distinct_ranges
table 1 : explain SELECT DISTINCT c FROM sbtest1 WHERE id BETWEEN 5268999 AND 5278998 ORDER BY c
	Unique  (cost=32110.43..32155.90 rows=9094 width=121)
	  ->  Sort  (cost=32110.43..32133.16 rows=9094 width=121)
	        Sort Key: c
	        ->  Bitmap Heap Scan on sbtest1  (cost=193.65..31512.47 rows=9094 width=121)
	              Recheck Cond: ((id >= 5268999) AND (id <= 5278998))
	              ->  Bitmap Index Scan on sbtest1_pkey  (cost=0.00..191.38 rows=9094 width=0)
	                    Index Cond: ((id >= 5268999) AND (id <= 5278998))

table 2 : explain SELECT DISTINCT c FROM sbtest2 WHERE id BETWEEN 9884895 AND 9894894 ORDER BY c
	Unique  (cost=36216.53..36268.42 rows=10378 width=121)
	  ->  Sort  (cost=36216.53..36242.48 rows=10378 width=121)
	        Sort Key: c
	        ->  Bitmap Heap Scan on sbtest2  (cost=222.81..35524.26 rows=10378 width=121)
	              Recheck Cond: ((id >= 9884895) AND (id <= 9894894))
	              ->  Bitmap Index Scan on sbtest2_pkey  (cost=0.00..220.22 rows=10378 width=0)
	                    Index Cond: ((id >= 9884895) AND (id <= 9894894))

table 3 : explain SELECT DISTINCT c FROM sbtest3 WHERE id BETWEEN 9476245 AND 9486244 ORDER BY c
	Unique  (cost=36356.35..36408.46 rows=10421 width=121)
	  ->  Sort  (cost=36356.35..36382.41 rows=10421 width=121)
	        Sort Key: c
	        ->  Bitmap Heap Scan on sbtest3  (cost=223.25..35660.90 rows=10421 width=121)
	              Recheck Cond: ((id >= 9476245) AND (id <= 9486244))
	              ->  Bitmap Index Scan on sbtest3_pkey  (cost=0.00..220.65 rows=10421 width=0)
	                    Index Cond: ((id >= 9476245) AND (id <= 9486244))

table 4 : explain SELECT DISTINCT c FROM sbtest4 WHERE id BETWEEN 811769 AND 821768 ORDER BY c
	Unique  (cost=37139.54..37192.89 rows=10669 width=121)
	  ->  Sort  (cost=37139.54..37166.21 rows=10669 width=121)
	        Sort Key: c
	        ->  Bitmap Heap Scan on sbtest4  (cost=229.79..36425.73 rows=10669 width=121)
	              Recheck Cond: ((id >= 811769) AND (id <= 821768))
	              ->  Bitmap Index Scan on sbtest4_pkey  (cost=0.00..227.12 rows=10669 width=0)
	                    Index Cond: ((id >= 811769) AND (id <= 821768))

table 5 : explain SELECT DISTINCT c FROM sbtest5 WHERE id BETWEEN 8224704 AND 8234703 ORDER BY c
	Unique  (cost=35513.14..35563.84 rows=10140 width=121)
	  ->  Sort  (cost=35513.14..35538.49 rows=10140 width=121)
	        Sort Key: c
	        ->  Bitmap Heap Scan on sbtest5  (cost=216.37..34838.43 rows=10140 width=121)
	              Recheck Cond: ((id >= 8224704) AND (id <= 8234703))
	              ->  Bitmap Index Scan on sbtest5_pkey  (cost=0.00..213.84 rows=10140 width=0)
	                    Index Cond: ((id >= 8224704) AND (id <= 8234703))

table 6 : explain SELECT DISTINCT c FROM sbtest6 WHERE id BETWEEN 1467912 AND 1477911 ORDER BY c
	Unique  (cost=35083.76..35133.84 rows=10016 width=121)
	  ->  Sort  (cost=35083.76..35108.80 rows=10016 width=121)
	        Sort Key: c
	        ->  Bitmap Heap Scan on sbtest6  (cost=215.10..34418.19 rows=10016 width=121)
	              Recheck Cond: ((id >= 1467912) AND (id <= 1477911))
	              ->  Bitmap Index Scan on sbtest6_pkey  (cost=0.00..212.59 rows=10016 width=0)
	                    Index Cond: ((id >= 1467912) AND (id <= 1477911))

table 7 : explain SELECT DISTINCT c FROM sbtest7 WHERE id BETWEEN 5466689 AND 5476688 ORDER BY c
	Unique  (cost=36164.18..36215.89 rows=10341 width=121)
	  ->  Sort  (cost=36164.18..36190.03 rows=10341 width=121)
	        Sort Key: c
	        ->  Bitmap Heap Scan on sbtest7  (cost=222.43..35474.64 rows=10341 width=121)
	              Recheck Cond: ((id >= 5466689) AND (id <= 5476688))
	              ->  Bitmap Index Scan on sbtest7_pkey  (cost=0.00..219.84 rows=10341 width=0)
	                    Index Cond: ((id >= 5466689) AND (id <= 5476688))

table 8 : explain SELECT DISTINCT c FROM sbtest8 WHERE id BETWEEN 6080452 AND 6090451 ORDER BY c
	Unique  (cost=37129.87..37183.10 rows=10647 width=121)
	  ->  Sort  (cost=37129.87..37156.48 rows=10647 width=121)
	        Sort Key: c
	        ->  Bitmap Heap Scan on sbtest8  (cost=229.57..36417.68 rows=10647 width=121)
	              Recheck Cond: ((id >= 6080452) AND (id <= 6090451))
	              ->  Bitmap Index Scan on sbtest8_pkey  (cost=0.00..226.91 rows=10647 width=0)
	                    Index Cond: ((id >= 6080452) AND (id <= 6090451))

for: distinct_ranges
table 1 : explain SELECT DISTINCT c FROM sbtest1 WHERE id BETWEEN 9185980 AND 9195979 ORDER BY c
	Unique  (cost=35939.68..35991.11 rows=10287 width=121)
	  ->  Sort  (cost=35939.68..35965.40 rows=10287 width=121)
	        Sort Key: c
	        ->  Bitmap Heap Scan on sbtest1  (cost=221.88..35254.13 rows=10287 width=121)
	              Recheck Cond: ((id >= 9185980) AND (id <= 9195979))
	              ->  Bitmap Index Scan on sbtest1_pkey  (cost=0.00..219.31 rows=10287 width=0)
	                    Index Cond: ((id >= 9185980) AND (id <= 9195979))

table 2 : explain SELECT DISTINCT c FROM sbtest2 WHERE id BETWEEN 7690695 AND 7700694 ORDER BY c
	Unique  (cost=34357.54..34406.52 rows=9795 width=121)
	  ->  Sort  (cost=34357.54..34382.03 rows=9795 width=121)
	        Sort Key: c
	        ->  Bitmap Heap Scan on sbtest2  (cost=208.83..33708.24 rows=9795 width=121)
	              Recheck Cond: ((id >= 7690695) AND (id <= 7700694))
	              ->  Bitmap Index Scan on sbtest2_pkey  (cost=0.00..206.38 rows=9795 width=0)
	                    Index Cond: ((id >= 7690695) AND (id <= 7700694))

table 3 : explain SELECT DISTINCT c FROM sbtest3 WHERE id BETWEEN 4640623 AND 4650622 ORDER BY c
	Unique  (cost=35300.86..35351.30 rows=10089 width=121)
	  ->  Sort  (cost=35300.86..35326.08 rows=10089 width=121)
	        Sort Key: c
	        ->  Bitmap Heap Scan on sbtest3  (cost=215.85..34629.91 rows=10089 width=121)
	              Recheck Cond: ((id >= 4640623) AND (id <= 4650622))
	              ->  Bitmap Index Scan on sbtest3_pkey  (cost=0.00..213.32 rows=10089 width=0)
	                    Index Cond: ((id >= 4640623) AND (id <= 4650622))

table 4 : explain SELECT DISTINCT c FROM sbtest4 WHERE id BETWEEN 2032386 AND 2042385 ORDER BY c
	Unique  (cost=34345.62..34394.57 rows=9790 width=121)
	  ->  Sort  (cost=34345.62..34370.10 rows=9790 width=121)
	        Sort Key: c
	        ->  Bitmap Heap Scan on sbtest4  (cost=208.78..33696.69 rows=9790 width=121)
	              Recheck Cond: ((id >= 2032386) AND (id <= 2042385))
	              ->  Bitmap Index Scan on sbtest4_pkey  (cost=0.00..206.34 rows=9790 width=0)
	                    Index Cond: ((id >= 2032386) AND (id <= 2042385))

table 5 : explain SELECT DISTINCT c FROM sbtest5 WHERE id BETWEEN 3386134 AND 3396133 ORDER BY c
	Unique  (cost=35648.62..35699.53 rows=10182 width=121)
	  ->  Sort  (cost=35648.62..35674.08 rows=10182 width=121)
	        Sort Key: c
	        ->  Bitmap Heap Scan on sbtest5  (cost=220.80..34970.82 rows=10182 width=121)
	              Recheck Cond: ((id >= 3386134) AND (id <= 3396133))
	              ->  Bitmap Index Scan on sbtest5_pkey  (cost=0.00..218.25 rows=10182 width=0)
	                    Index Cond: ((id >= 3386134) AND (id <= 3396133))

table 6 : explain SELECT DISTINCT c FROM sbtest6 WHERE id BETWEEN 2746263 AND 2756262 ORDER BY c
	Unique  (cost=35395.81..35446.38 rows=10114 width=121)
	  ->  Sort  (cost=35395.81..35421.10 rows=10114 width=121)
	        Sort Key: c
	        ->  Bitmap Heap Scan on sbtest6  (cost=216.10..34723.02 rows=10114 width=121)
	              Recheck Cond: ((id >= 2746263) AND (id <= 2756262))
	              ->  Bitmap Index Scan on sbtest6_pkey  (cost=0.00..213.57 rows=10114 width=0)
	                    Index Cond: ((id >= 2746263) AND (id <= 2756262))

table 7 : explain SELECT DISTINCT c FROM sbtest7 WHERE id BETWEEN 6892011 AND 6902010 ORDER BY c
	Unique  (cost=33536.30..33583.90 rows=9520 width=121)
	  ->  Sort  (cost=33536.30..33560.10 rows=9520 width=121)
	        Sort Key: c
	        ->  Bitmap Heap Scan on sbtest7  (cost=206.01..32907.18 rows=9520 width=121)
	              Recheck Cond: ((id >= 6892011) AND (id <= 6902010))
	              ->  Bitmap Index Scan on sbtest7_pkey  (cost=0.00..203.63 rows=9520 width=0)
	                    Index Cond: ((id >= 6892011) AND (id <= 6902010))

table 8 : explain SELECT DISTINCT c FROM sbtest8 WHERE id BETWEEN 3183221 AND 3193220 ORDER BY c
	Unique  (cost=34336.85..34385.70 rows=9770 width=121)
	  ->  Sort  (cost=34336.85..34361.27 rows=9770 width=121)
	        Sort Key: c
	        ->  Bitmap Heap Scan on sbtest8  (cost=212.58..33689.38 rows=9770 width=121)
	              Recheck Cond: ((id >= 3183221) AND (id <= 3193220))
	              ->  Bitmap Index Scan on sbtest8_pkey  (cost=0.00..210.13 rows=9770 width=0)
	                    Index Cond: ((id >= 3183221) AND (id <= 3193220))

Threads started!

Warming up for 5 seconds...

SQL statistics:
    queries performed:
        read:                            3805224
        write:                           0
        other:                           543630
        total:                           4348854
    transactions:                        271835 (431.61 per sec.)
    queries:                             4348854 (6905.00 per sec.)
    ignored errors:                      0      (0.00 per sec.)
    reconnects:                          0      (0.00 per sec.)

Throughput:
    events/s (eps):                      431.6129
    time elapsed:                        630.0865s
    total number of events:              271835

Latency (ms):
         min:                                   52.76
         avg:                                   92.73
         max:                                12815.62
         95th percentile:                       90.78
         sum:                             25206566.37

Threads fairness:
    events (avg/stddev):           6795.8750/22.66
    execution time (avg/stddev):   630.1642/0.11

