LUA_PATH=/home/mdcallag/git/mytools/bench/sysbench.lua/lua/?.lua /home/mdcallag/git/mytools/bench/sysbench.lua/lua/sysbench --db-driver=pgsql --range-size=100 --table-size=10000000 --tables=8 --threads=40 --events=0 --warmup-time=5 --time=630 --pgsql_conn_id=true /home/mdcallag/git/mytools/bench/sysbench.lua/lua/oltp_range_covered.lua run --pgsql-user=root --pgsql-password=pw --pgsql-host=127.0.0.1 --pgsql-db=ib --rand-type=uniform --random-points=100 --skip-trx --on-id=false
48 CPUs
sysbench 1.1.0-9072687 (using bundled LuaJIT 2.1.0-beta3)

Running the test with following options:
Number of threads: 40
Warmup time: 5s
Initializing random number generator from current time


Initializing worker threads...

explain: for range-covered :: explain SELECT k FROM sbtest%d WHERE k BETWEEN 6737931 AND 6738031
explain: for range-covered :: explain SELECT k FROM sbtest%d WHERE k BETWEEN 2160239 AND 2160339
explain: for range-covered :: explain SELECT k FROM sbtest%d WHERE k BETWEEN 6512533 AND 6512633
explain: for range-covered :: explain SELECT k FROM sbtest%d WHERE k BETWEEN 8553112 AND 8553212
explain: for range-covered :: explain SELECT k FROM sbtest%d WHERE k BETWEEN 5974026 AND 5974126
explain: for range-covered :: explain SELECT k FROM sbtest%d WHERE k BETWEEN 5803412 AND 5803512
explain: for range-covered :: explain SELECT k FROM sbtest%d WHERE k BETWEEN 1822051 AND 1822151
for range-covered
table 1 : explain SELECT k FROM sbtest1 WHERE k BETWEEN 2160239 AND 2160339
	Index Only Scan using k_1 on sbtest1  (cost=0.43..10.58 rows=107 width=4)
	  Index Cond: ((k >= 2160239) AND (k <= 2160339))

table 2 : explain SELECT k FROM sbtest2 WHERE k BETWEEN 2160239 AND 2160339
	Index Only Scan using k_2 on sbtest2  (cost=0.43..6.51 rows=104 width=4)
	  Index Cond: ((k >= 2160239) AND (k <= 2160339))

table 3 : explain SELECT k FROM sbtest3 WHERE k BETWEEN 2160239 AND 2160339
	Index Only Scan using k_3 on sbtest3  (cost=0.43..6.51 rows=104 width=4)
	  Index Cond: ((k >= 2160239) AND (k <= 2160339))

table 4 : explain SELECT k FROM sbtest4 WHERE k BETWEEN 2160239 AND 2160339
	Index Only Scan using k_4 on sbtest4  (cost=0.43..6.35 rows=96 width=4)
	  Index Cond: ((k >= 2160239) AND (k <= 2160339))

table 5 : explain SELECT k FROM sbtest5 WHERE k BETWEEN 2160239 AND 2160339
	Index Only Scan using k_5 on sbtest5  (cost=0.43..6.45 rows=101 width=4)
	  Index Cond: ((k >= 2160239) AND (k <= 2160339))

table 6 : explain SELECT k FROM sbtest6 WHERE k BETWEEN 2160239 AND 2160339
	Index Only Scan using k_6 on sbtest6  (cost=0.43..6.42 rows=99 width=4)
	  Index Cond: ((k >= 2160239) AND (k <= 2160339))

table 7 : explain SELECT k FROM sbtest7 WHERE k BETWEEN 2160239 AND 2160339
	Index Only Scan using k_7 on sbtest7  (cost=0.43..6.53 rows=105 width=4)
	  Index Cond: ((k >= 2160239) AND (k <= 2160339))

table 8 : explain SELECT k FROM sbtest8 WHERE k BETWEEN 2160239 AND 2160339
	Index Only Scan using k_8 on sbtest8  (cost=0.43..6.43 rows=100 width=4)
	  Index Cond: ((k >= 2160239) AND (k <= 2160339))

for range-covered
table 1 : explain SELECT k FROM sbtest1 WHERE k BETWEEN 6737931 AND 6738031
	Index Only Scan using k_1 on sbtest1  (cost=0.43..10.62 rows=109 width=4)
	  Index Cond: ((k >= 6737931) AND (k <= 6738031))

table 2 : explain SELECT k FROM sbtest2 WHERE k BETWEEN 6737931 AND 6738031
	Index Only Scan using k_2 on sbtest2  (cost=0.43..6.53 rows=105 width=4)
	  Index Cond: ((k >= 6737931) AND (k <= 6738031))

table 3 : explain SELECT k FROM sbtest3 WHERE k BETWEEN 6737931 AND 6738031
	Index Only Scan using k_3 on sbtest3  (cost=0.43..6.29 rows=93 width=4)
	  Index Cond: ((k >= 6737931) AND (k <= 6738031))

table 4 : explain SELECT k FROM sbtest4 WHERE k BETWEEN 6737931 AND 6738031
	Index Only Scan using k_4 on sbtest4  (cost=0.43..6.33 rows=95 width=4)
	  Index Cond: ((k >= 6737931) AND (k <= 6738031))

table 5 : explain SELECT k FROM sbtest5 WHERE k BETWEEN 6737931 AND 6738031
	Index Only Scan using k_5 on sbtest5  (cost=0.43..6.40 rows=98 width=4)
	  Index Cond: ((k >= 6737931) AND (k <= 6738031))

table 6 : explain SELECT k FROM sbtest6 WHERE k BETWEEN 6737931 AND 6738031
	Index Only Scan using k_6 on sbtest6  (cost=0.43..6.42 rows=99 width=4)
	  Index Cond: ((k >= 6737931) AND (k <= 6738031))

table 7 : explain SELECT k FROM sbtest7 WHERE k BETWEEN 6737931 AND 6738031
	Index Only Scan using k_7 on sbtest7  (cost=0.43..6.66 rows=111 width=4)
	  Index Cond: ((k >= 6737931) AND (k <= 6738031))

table 8 : explain SELECT k FROM sbtest8 WHERE k BETWEEN 6737931 AND 6738031
	Index Only Scan using k_8 on sbtest8  (cost=0.43..6.45 rows=101 width=4)
	  Index Cond: ((k >= 6737931) AND (k <= 6738031))

explain: for range-covered :: explain SELECT k FROM sbtest%d WHERE k BETWEEN 2160239 AND 2160339
explain: for range-covered :: explain SELECT k FROM sbtest%d WHERE k BETWEEN 6737931 AND 6738031
for range-covered
table 1 : explain SELECT k FROM sbtest1 WHERE k BETWEEN 2160239 AND 2160339
	Index Only Scan using k_1 on sbtest1  (cost=0.43..10.58 rows=107 width=4)
	  Index Cond: ((k >= 2160239) AND (k <= 2160339))

table 2 : explain SELECT k FROM sbtest2 WHERE k BETWEEN 2160239 AND 2160339
	Index Only Scan using k_2 on sbtest2  (cost=0.43..6.51 rows=104 width=4)
	  Index Cond: ((k >= 2160239) AND (k <= 2160339))

table 3 : explain SELECT k FROM sbtest3 WHERE k BETWEEN 2160239 AND 2160339
	Index Only Scan using k_3 on sbtest3  (cost=0.43..6.51 rows=104 width=4)
	  Index Cond: ((k >= 2160239) AND (k <= 2160339))

table 4 : explain SELECT k FROM sbtest4 WHERE k BETWEEN 2160239 AND 2160339
	Index Only Scan using k_4 on sbtest4  (cost=0.43..6.35 rows=96 width=4)
	  Index Cond: ((k >= 2160239) AND (k <= 2160339))

table 5 : explain SELECT k FROM sbtest5 WHERE k BETWEEN 2160239 AND 2160339
	Index Only Scan using k_5 on sbtest5  (cost=0.43..6.45 rows=101 width=4)
	  Index Cond: ((k >= 2160239) AND (k <= 2160339))

table 6 : explain SELECT k FROM sbtest6 WHERE k BETWEEN 2160239 AND 2160339
	Index Only Scan using k_6 on sbtest6  (cost=0.43..6.42 rows=99 width=4)
	  Index Cond: ((k >= 2160239) AND (k <= 2160339))

table 7 : explain SELECT k FROM sbtest7 WHERE k BETWEEN 2160239 AND 2160339
	Index Only Scan using k_7 on sbtest7  (cost=0.43..6.53 rows=105 width=4)
	  Index Cond: ((k >= 2160239) AND (k <= 2160339))

table 8 : explain SELECT k FROM sbtest8 WHERE k BETWEEN 2160239 AND 2160339
	Index Only Scan using k_8 on sbtest8  (cost=0.43..6.43 rows=100 width=4)
	  Index Cond: ((k >= 2160239) AND (k <= 2160339))

for range-covered
table 1 : explain SELECT k FROM sbtest1 WHERE k BETWEEN 6737931 AND 6738031
	Index Only Scan using k_1 on sbtest1  (cost=0.43..10.62 rows=109 width=4)
	  Index Cond: ((k >= 6737931) AND (k <= 6738031))

table 2 : explain SELECT k FROM sbtest2 WHERE k BETWEEN 6737931 AND 6738031
	Index Only Scan using k_2 on sbtest2  (cost=0.43..6.53 rows=105 width=4)
	  Index Cond: ((k >= 6737931) AND (k <= 6738031))

table 3 : explain SELECT k FROM sbtest3 WHERE k BETWEEN 6737931 AND 6738031
	Index Only Scan using k_3 on sbtest3  (cost=0.43..6.29 rows=93 width=4)
	  Index Cond: ((k >= 6737931) AND (k <= 6738031))

table 4 : explain SELECT k FROM sbtest4 WHERE k BETWEEN 6737931 AND 6738031
	Index Only Scan using k_4 on sbtest4  (cost=0.43..6.33 rows=95 width=4)
	  Index Cond: ((k >= 6737931) AND (k <= 6738031))

table 5 : explain SELECT k FROM sbtest5 WHERE k BETWEEN 6737931 AND 6738031
	Index Only Scan using k_5 on sbtest5  (cost=0.43..6.40 rows=98 width=4)
	  Index Cond: ((k >= 6737931) AND (k <= 6738031))

table 6 : explain SELECT k FROM sbtest6 WHERE k BETWEEN 6737931 AND 6738031
	Index Only Scan using k_6 on sbtest6  (cost=0.43..6.42 rows=99 width=4)
	  Index Cond: ((k >= 6737931) AND (k <= 6738031))

table 7 : explain SELECT k FROM sbtest7 WHERE k BETWEEN 6737931 AND 6738031
	Index Only Scan using k_7 on sbtest7  (cost=0.43..6.66 rows=111 width=4)
	  Index Cond: ((k >= 6737931) AND (k <= 6738031))

table 8 : explain SELECT k FROM sbtest8 WHERE k BETWEEN 6737931 AND 6738031
	Index Only Scan using k_8 on sbtest8  (cost=0.43..6.45 rows=101 width=4)
	  Index Cond: ((k >= 6737931) AND (k <= 6738031))

explain: for range-covered :: explain SELECT k FROM sbtest%d WHERE k BETWEEN 2160239 AND 2160339
explain: for range-covered :: explain SELECT k FROM sbtest%d WHERE k BETWEEN 6737931 AND 6738031
for range-covered
table 1 : explain SELECT k FROM sbtest1 WHERE k BETWEEN 2160239 AND 2160339
	Index Only Scan using k_1 on sbtest1  (cost=0.43..10.58 rows=107 width=4)
	  Index Cond: ((k >= 2160239) AND (k <= 2160339))

table 2 : explain SELECT k FROM sbtest2 WHERE k BETWEEN 2160239 AND 2160339
	Index Only Scan using k_2 on sbtest2  (cost=0.43..6.51 rows=104 width=4)
	  Index Cond: ((k >= 2160239) AND (k <= 2160339))

table 3 : explain SELECT k FROM sbtest3 WHERE k BETWEEN 2160239 AND 2160339
	Index Only Scan using k_3 on sbtest3  (cost=0.43..6.51 rows=104 width=4)
	  Index Cond: ((k >= 2160239) AND (k <= 2160339))

table 4 : explain SELECT k FROM sbtest4 WHERE k BETWEEN 2160239 AND 2160339
	Index Only Scan using k_4 on sbtest4  (cost=0.43..6.35 rows=96 width=4)
	  Index Cond: ((k >= 2160239) AND (k <= 2160339))

table 5 : explain SELECT k FROM sbtest5 WHERE k BETWEEN 2160239 AND 2160339
	Index Only Scan using k_5 on sbtest5  (cost=0.43..6.45 rows=101 width=4)
	  Index Cond: ((k >= 2160239) AND (k <= 2160339))

table 6 : explain SELECT k FROM sbtest6 WHERE k BETWEEN 2160239 AND 2160339
	Index Only Scan using k_6 on sbtest6  (cost=0.43..6.42 rows=99 width=4)
	  Index Cond: ((k >= 2160239) AND (k <= 2160339))

table 7 : explain SELECT k FROM sbtest7 WHERE k BETWEEN 2160239 AND 2160339
	Index Only Scan using k_7 on sbtest7  (cost=0.43..6.53 rows=105 width=4)
	  Index Cond: ((k >= 2160239) AND (k <= 2160339))

table 8 : explain SELECT k FROM sbtest8 WHERE k BETWEEN 2160239 AND 2160339
	Index Only Scan using k_8 on sbtest8  (cost=0.43..6.43 rows=100 width=4)
	  Index Cond: ((k >= 2160239) AND (k <= 2160339))

explain: for range-covered :: explain SELECT k FROM sbtest%d WHERE k BETWEEN 2160239 AND 2160339
for range-covered
table 1 : explain SELECT k FROM sbtest1 WHERE k BETWEEN 6737931 AND 6738031
	Index Only Scan using k_1 on sbtest1  (cost=0.43..10.62 rows=109 width=4)
	  Index Cond: ((k >= 6737931) AND (k <= 6738031))

table 2 : explain SELECT k FROM sbtest2 WHERE k BETWEEN 6737931 AND 6738031
	Index Only Scan using k_2 on sbtest2  (cost=0.43..6.53 rows=105 width=4)
	  Index Cond: ((k >= 6737931) AND (k <= 6738031))

table 3 : explain SELECT k FROM sbtest3 WHERE k BETWEEN 6737931 AND 6738031
	Index Only Scan using k_3 on sbtest3  (cost=0.43..6.29 rows=93 width=4)
	  Index Cond: ((k >= 6737931) AND (k <= 6738031))

table 4 : explain SELECT k FROM sbtest4 WHERE k BETWEEN 6737931 AND 6738031
	Index Only Scan using k_4 on sbtest4  (cost=0.43..6.33 rows=95 width=4)
	  Index Cond: ((k >= 6737931) AND (k <= 6738031))

table 5 : explain SELECT k FROM sbtest5 WHERE k BETWEEN 6737931 AND 6738031
	Index Only Scan using k_5 on sbtest5  (cost=0.43..6.40 rows=98 width=4)
	  Index Cond: ((k >= 6737931) AND (k <= 6738031))

table 6 : explain SELECT k FROM sbtest6 WHERE k BETWEEN 6737931 AND 6738031
	Index Only Scan using k_6 on sbtest6  (cost=0.43..6.42 rows=99 width=4)
	  Index Cond: ((k >= 6737931) AND (k <= 6738031))

table 7 : explain SELECT k FROM sbtest7 WHERE k BETWEEN 6737931 AND 6738031
	Index Only Scan using k_7 on sbtest7  (cost=0.43..6.66 rows=111 width=4)
	  Index Cond: ((k >= 6737931) AND (k <= 6738031))

table 8 : explain SELECT k FROM sbtest8 WHERE k BETWEEN 6737931 AND 6738031
	Index Only Scan using k_8 on sbtest8  (cost=0.43..6.45 rows=101 width=4)
	  Index Cond: ((k >= 6737931) AND (k <= 6738031))

explain: for range-covered :: explain SELECT k FROM sbtest%d WHERE k BETWEEN 6737931 AND 6738031
for range-covered
table 1 : explain SELECT k FROM sbtest1 WHERE k BETWEEN 2160239 AND 2160339
	Index Only Scan using k_1 on sbtest1  (cost=0.43..10.58 rows=107 width=4)
	  Index Cond: ((k >= 2160239) AND (k <= 2160339))

table 2 : explain SELECT k FROM sbtest2 WHERE k BETWEEN 2160239 AND 2160339
	Index Only Scan using k_2 on sbtest2  (cost=0.43..6.51 rows=104 width=4)
	  Index Cond: ((k >= 2160239) AND (k <= 2160339))

table 3 : explain SELECT k FROM sbtest3 WHERE k BETWEEN 2160239 AND 2160339
	Index Only Scan using k_3 on sbtest3  (cost=0.43..6.51 rows=104 width=4)
	  Index Cond: ((k >= 2160239) AND (k <= 2160339))

table 4 : explain SELECT k FROM sbtest4 WHERE k BETWEEN 2160239 AND 2160339
	Index Only Scan using k_4 on sbtest4  (cost=0.43..6.35 rows=96 width=4)
	  Index Cond: ((k >= 2160239) AND (k <= 2160339))

table 5 : explain SELECT k FROM sbtest5 WHERE k BETWEEN 2160239 AND 2160339
	Index Only Scan using k_5 on sbtest5  (cost=0.43..6.45 rows=101 width=4)
	  Index Cond: ((k >= 2160239) AND (k <= 2160339))

table 6 : explain SELECT k FROM sbtest6 WHERE k BETWEEN 2160239 AND 2160339
	Index Only Scan using k_6 on sbtest6  (cost=0.43..6.42 rows=99 width=4)
	  Index Cond: ((k >= 2160239) AND (k <= 2160339))

table 7 : explain SELECT k FROM sbtest7 WHERE k BETWEEN 2160239 AND 2160339
	Index Only Scan using k_7 on sbtest7  (cost=0.43..6.53 rows=105 width=4)
	  Index Cond: ((k >= 2160239) AND (k <= 2160339))

table 8 : explain SELECT k FROM sbtest8 WHERE k BETWEEN 2160239 AND 2160339
	Index Only Scan using k_8 on sbtest8  (cost=0.43..6.43 rows=100 width=4)
	  Index Cond: ((k >= 2160239) AND (k <= 2160339))

explain: for range-covered :: explain SELECT k FROM sbtest%d WHERE k BETWEEN 2160239 AND 2160339
for range-covered
table 1 : explain SELECT k FROM sbtest1 WHERE k BETWEEN 6737931 AND 6738031
	Index Only Scan using k_1 on sbtest1  (cost=0.43..10.62 rows=109 width=4)
	  Index Cond: ((k >= 6737931) AND (k <= 6738031))

table 2 : explain SELECT k FROM sbtest2 WHERE k BETWEEN 6737931 AND 6738031
	Index Only Scan using k_2 on sbtest2  (cost=0.43..6.53 rows=105 width=4)
	  Index Cond: ((k >= 6737931) AND (k <= 6738031))

table 3 : explain SELECT k FROM sbtest3 WHERE k BETWEEN 6737931 AND 6738031
	Index Only Scan using k_3 on sbtest3  (cost=0.43..6.29 rows=93 width=4)
	  Index Cond: ((k >= 6737931) AND (k <= 6738031))

table 4 : explain SELECT k FROM sbtest4 WHERE k BETWEEN 6737931 AND 6738031
	Index Only Scan using k_4 on sbtest4  (cost=0.43..6.33 rows=95 width=4)
	  Index Cond: ((k >= 6737931) AND (k <= 6738031))

table 5 : explain SELECT k FROM sbtest5 WHERE k BETWEEN 6737931 AND 6738031
	Index Only Scan using k_5 on sbtest5  (cost=0.43..6.40 rows=98 width=4)
	  Index Cond: ((k >= 6737931) AND (k <= 6738031))

table 6 : explain SELECT k FROM sbtest6 WHERE k BETWEEN 6737931 AND 6738031
	Index Only Scan using k_6 on sbtest6  (cost=0.43..6.42 rows=99 width=4)
	  Index Cond: ((k >= 6737931) AND (k <= 6738031))

table 7 : explain SELECT k FROM sbtest7 WHERE k BETWEEN 6737931 AND 6738031
	Index Only Scan using k_7 on sbtest7  (cost=0.43..6.66 rows=111 width=4)
	  Index Cond: ((k >= 6737931) AND (k <= 6738031))

table 8 : explain SELECT k FROM sbtest8 WHERE k BETWEEN 6737931 AND 6738031
	Index Only Scan using k_8 on sbtest8  (cost=0.43..6.45 rows=101 width=4)
	  Index Cond: ((k >= 6737931) AND (k <= 6738031))

explain: for range-covered :: explain SELECT k FROM sbtest%d WHERE k BETWEEN 6737931 AND 6738031
for range-covered
table 1 : explain SELECT k FROM sbtest1 WHERE k BETWEEN 5803412 AND 5803512
	Index Only Scan using k_1 on sbtest1  (cost=0.43..10.58 rows=107 width=4)
	  Index Cond: ((k >= 5803412) AND (k <= 5803512))

table 2 : explain SELECT k FROM sbtest2 WHERE k BETWEEN 5803412 AND 5803512
	Index Only Scan using k_2 on sbtest2  (cost=0.43..6.56 rows=106 width=4)
	  Index Cond: ((k >= 5803412) AND (k <= 5803512))

table 3 : explain SELECT k FROM sbtest3 WHERE k BETWEEN 5803412 AND 5803512
	Index Only Scan using k_3 on sbtest3  (cost=0.43..6.42 rows=99 width=4)
	  Index Cond: ((k >= 5803412) AND (k <= 5803512))

table 4 : explain SELECT k FROM sbtest4 WHERE k BETWEEN 5803412 AND 5803512
	Index Only Scan using k_4 on sbtest4  (cost=0.43..6.59 rows=108 width=4)
	  Index Cond: ((k >= 5803412) AND (k <= 5803512))

table 5 : explain SELECT k FROM sbtest5 WHERE k BETWEEN 5803412 AND 5803512
	Index Only Scan using k_5 on sbtest5  (cost=0.43..6.58 rows=107 width=4)
	  Index Cond: ((k >= 5803412) AND (k <= 5803512))

table 6 : explain SELECT k FROM sbtest6 WHERE k BETWEEN 5803412 AND 5803512
	Index Only Scan using k_6 on sbtest6  (cost=0.43..6.45 rows=101 width=4)
	  Index Cond: ((k >= 5803412) AND (k <= 5803512))

table 7 : explain SELECT k FROM sbtest7 WHERE k BETWEEN 5803412 AND 5803512
	Index Only Scan using k_7 on sbtest7  (cost=0.43..6.66 rows=111 width=4)
	  Index Cond: ((k >= 5803412) AND (k <= 5803512))

table 8 : explain SELECT k FROM sbtest8 WHERE k BETWEEN 5803412 AND 5803512
	Index Only Scan using k_8 on sbtest8  (cost=0.43..6.53 rows=105 width=4)
	  Index Cond: ((k >= 5803412) AND (k <= 5803512))

for range-covered
table 1 : explain SELECT k FROM sbtest1 WHERE k BETWEEN 5974026 AND 5974126
	Index Only Scan using k_1 on sbtest1  (cost=0.43..10.47 rows=102 width=4)
	  Index Cond: ((k >= 5974026) AND (k <= 5974126))

table 2 : explain SELECT k FROM sbtest2 WHERE k BETWEEN 5974026 AND 5974126
	Index Only Scan using k_2 on sbtest2  (cost=0.43..6.56 rows=106 width=4)
	  Index Cond: ((k >= 5974026) AND (k <= 5974126))

table 3 : explain SELECT k FROM sbtest3 WHERE k BETWEEN 5974026 AND 5974126
	Index Only Scan using k_3 on sbtest3  (cost=0.43..6.40 rows=98 width=4)
	  Index Cond: ((k >= 5974026) AND (k <= 5974126))

table 4 : explain SELECT k FROM sbtest4 WHERE k BETWEEN 5974026 AND 5974126
	Index Only Scan using k_4 on sbtest4  (cost=0.43..6.47 rows=102 width=4)
	  Index Cond: ((k >= 5974026) AND (k <= 5974126))

table 5 : explain SELECT k FROM sbtest5 WHERE k BETWEEN 5974026 AND 5974126
	Index Only Scan using k_5 on sbtest5  (cost=0.43..6.53 rows=105 width=4)
	  Index Cond: ((k >= 5974026) AND (k <= 5974126))

table 6 : explain SELECT k FROM sbtest6 WHERE k BETWEEN 5974026 AND 5974126
	Index Only Scan using k_6 on sbtest6  (cost=0.43..6.53 rows=105 width=4)
	  Index Cond: ((k >= 5974026) AND (k <= 5974126))

table 7 : explain SELECT k FROM sbtest7 WHERE k BETWEEN 5974026 AND 5974126
	Index Only Scan using k_7 on sbtest7  (cost=0.43..6.85 rows=121 width=4)
	  Index Cond: ((k >= 5974026) AND (k <= 5974126))

table 8 : explain SELECT k FROM sbtest8 WHERE k BETWEEN 5974026 AND 5974126
	Index Only Scan using k_8 on sbtest8  (cost=0.43..6.56 rows=106 width=4)
	  Index Cond: ((k >= 5974026) AND (k <= 5974126))

explain: for range-covered :: explain SELECT k FROM sbtest%d WHERE k BETWEEN 5803412 AND 5803512
explain: for range-covered :: explain SELECT k FROM sbtest%d WHERE k BETWEEN 5974026 AND 5974126
for range-covered
table 1 : explain SELECT k FROM sbtest1 WHERE k BETWEEN 6737931 AND 6738031
	Index Only Scan using k_1 on sbtest1  (cost=0.43..10.62 rows=109 width=4)
	  Index Cond: ((k >= 6737931) AND (k <= 6738031))

table 2 : explain SELECT k FROM sbtest2 WHERE k BETWEEN 6737931 AND 6738031
	Index Only Scan using k_2 on sbtest2  (cost=0.43..6.53 rows=105 width=4)
	  Index Cond: ((k >= 6737931) AND (k <= 6738031))

table 3 : explain SELECT k FROM sbtest3 WHERE k BETWEEN 6737931 AND 6738031
	Index Only Scan using k_3 on sbtest3  (cost=0.43..6.29 rows=93 width=4)
	  Index Cond: ((k >= 6737931) AND (k <= 6738031))

table 4 : explain SELECT k FROM sbtest4 WHERE k BETWEEN 6737931 AND 6738031
	Index Only Scan using k_4 on sbtest4  (cost=0.43..6.33 rows=95 width=4)
	  Index Cond: ((k >= 6737931) AND (k <= 6738031))

table 5 : explain SELECT k FROM sbtest5 WHERE k BETWEEN 6737931 AND 6738031
	Index Only Scan using k_5 on sbtest5  (cost=0.43..6.40 rows=98 width=4)
	  Index Cond: ((k >= 6737931) AND (k <= 6738031))

table 6 : explain SELECT k FROM sbtest6 WHERE k BETWEEN 6737931 AND 6738031
	Index Only Scan using k_6 on sbtest6  (cost=0.43..6.42 rows=99 width=4)
	  Index Cond: ((k >= 6737931) AND (k <= 6738031))

table 7 : explain SELECT k FROM sbtest7 WHERE k BETWEEN 6737931 AND 6738031
	Index Only Scan using k_7 on sbtest7  (cost=0.43..6.66 rows=111 width=4)
	  Index Cond: ((k >= 6737931) AND (k <= 6738031))

table 8 : explain SELECT k FROM sbtest8 WHERE k BETWEEN 6737931 AND 6738031
	Index Only Scan using k_8 on sbtest8  (cost=0.43..6.45 rows=101 width=4)
	  Index Cond: ((k >= 6737931) AND (k <= 6738031))

explain: for range-covered :: explain SELECT k FROM sbtest%d WHERE k BETWEEN 6737931 AND 6738031
for range-covered
table 1 : explain SELECT k FROM sbtest1 WHERE k BETWEEN 5803412 AND 5803512
	Index Only Scan using k_1 on sbtest1  (cost=0.43..10.58 rows=107 width=4)
	  Index Cond: ((k >= 5803412) AND (k <= 5803512))

table 2 : explain SELECT k FROM sbtest2 WHERE k BETWEEN 5803412 AND 5803512
	Index Only Scan using k_2 on sbtest2  (cost=0.43..6.56 rows=106 width=4)
	  Index Cond: ((k >= 5803412) AND (k <= 5803512))

table 3 : explain SELECT k FROM sbtest3 WHERE k BETWEEN 5803412 AND 5803512
	Index Only Scan using k_3 on sbtest3  (cost=0.43..6.42 rows=99 width=4)
	  Index Cond: ((k >= 5803412) AND (k <= 5803512))

table 4 : explain SELECT k FROM sbtest4 WHERE k BETWEEN 5803412 AND 5803512
	Index Only Scan using k_4 on sbtest4  (cost=0.43..6.59 rows=108 width=4)
	  Index Cond: ((k >= 5803412) AND (k <= 5803512))

table 5 : explain SELECT k FROM sbtest5 WHERE k BETWEEN 5803412 AND 5803512
	Index Only Scan using k_5 on sbtest5  (cost=0.43..6.58 rows=107 width=4)
	  Index Cond: ((k >= 5803412) AND (k <= 5803512))

table 6 : explain SELECT k FROM sbtest6 WHERE k BETWEEN 5803412 AND 5803512
	Index Only Scan using k_6 on sbtest6  (cost=0.43..6.45 rows=101 width=4)
	  Index Cond: ((k >= 5803412) AND (k <= 5803512))

table 7 : explain SELECT k FROM sbtest7 WHERE k BETWEEN 5803412 AND 5803512
	Index Only Scan using k_7 on sbtest7  (cost=0.43..6.66 rows=111 width=4)
	  Index Cond: ((k >= 5803412) AND (k <= 5803512))

table 8 : explain SELECT k FROM sbtest8 WHERE k BETWEEN 5803412 AND 5803512
	Index Only Scan using k_8 on sbtest8  (cost=0.43..6.53 rows=105 width=4)
	  Index Cond: ((k >= 5803412) AND (k <= 5803512))

for range-covered
table 1 : explain SELECT k FROM sbtest1 WHERE k BETWEEN 5974026 AND 5974126
	Index Only Scan using k_1 on sbtest1  (cost=0.43..10.47 rows=102 width=4)
	  Index Cond: ((k >= 5974026) AND (k <= 5974126))

table 2 : explain SELECT k FROM sbtest2 WHERE k BETWEEN 5974026 AND 5974126
	Index Only Scan using k_2 on sbtest2  (cost=0.43..6.56 rows=106 width=4)
	  Index Cond: ((k >= 5974026) AND (k <= 5974126))

table 3 : explain SELECT k FROM sbtest3 WHERE k BETWEEN 5974026 AND 5974126
	Index Only Scan using k_3 on sbtest3  (cost=0.43..6.40 rows=98 width=4)
	  Index Cond: ((k >= 5974026) AND (k <= 5974126))

table 4 : explain SELECT k FROM sbtest4 WHERE k BETWEEN 5974026 AND 5974126
	Index Only Scan using k_4 on sbtest4  (cost=0.43..6.47 rows=102 width=4)
	  Index Cond: ((k >= 5974026) AND (k <= 5974126))

table 5 : explain SELECT k FROM sbtest5 WHERE k BETWEEN 5974026 AND 5974126
	Index Only Scan using k_5 on sbtest5  (cost=0.43..6.53 rows=105 width=4)
	  Index Cond: ((k >= 5974026) AND (k <= 5974126))

table 6 : explain SELECT k FROM sbtest6 WHERE k BETWEEN 5974026 AND 5974126
	Index Only Scan using k_6 on sbtest6  (cost=0.43..6.53 rows=105 width=4)
	  Index Cond: ((k >= 5974026) AND (k <= 5974126))

table 7 : explain SELECT k FROM sbtest7 WHERE k BETWEEN 5974026 AND 5974126
	Index Only Scan using k_7 on sbtest7  (cost=0.43..6.85 rows=121 width=4)
	  Index Cond: ((k >= 5974026) AND (k <= 5974126))

table 8 : explain SELECT k FROM sbtest8 WHERE k BETWEEN 5974026 AND 5974126
	Index Only Scan using k_8 on sbtest8  (cost=0.43..6.56 rows=106 width=4)
	  Index Cond: ((k >= 5974026) AND (k <= 5974126))

explain: for range-covered :: explain SELECT k FROM sbtest%d WHERE k BETWEEN 5803412 AND 5803512
explain: for range-covered :: explain SELECT k FROM sbtest%d WHERE k BETWEEN 5974026 AND 5974126
for range-covered
table 1 : explain SELECT k FROM sbtest1 WHERE k BETWEEN 2160239 AND 2160339
	Index Only Scan using k_1 on sbtest1  (cost=0.43..10.58 rows=107 width=4)
	  Index Cond: ((k >= 2160239) AND (k <= 2160339))

table 2 : explain SELECT k FROM sbtest2 WHERE k BETWEEN 2160239 AND 2160339
	Index Only Scan using k_2 on sbtest2  (cost=0.43..6.51 rows=104 width=4)
	  Index Cond: ((k >= 2160239) AND (k <= 2160339))

table 3 : explain SELECT k FROM sbtest3 WHERE k BETWEEN 2160239 AND 2160339
	Index Only Scan using k_3 on sbtest3  (cost=0.43..6.51 rows=104 width=4)
	  Index Cond: ((k >= 2160239) AND (k <= 2160339))

table 4 : explain SELECT k FROM sbtest4 WHERE k BETWEEN 2160239 AND 2160339
	Index Only Scan using k_4 on sbtest4  (cost=0.43..6.35 rows=96 width=4)
	  Index Cond: ((k >= 2160239) AND (k <= 2160339))

table 5 : explain SELECT k FROM sbtest5 WHERE k BETWEEN 2160239 AND 2160339
	Index Only Scan using k_5 on sbtest5  (cost=0.43..6.45 rows=101 width=4)
	  Index Cond: ((k >= 2160239) AND (k <= 2160339))

table 6 : explain SELECT k FROM sbtest6 WHERE k BETWEEN 2160239 AND 2160339
	Index Only Scan using k_6 on sbtest6  (cost=0.43..6.42 rows=99 width=4)
	  Index Cond: ((k >= 2160239) AND (k <= 2160339))

table 7 : explain SELECT k FROM sbtest7 WHERE k BETWEEN 2160239 AND 2160339
	Index Only Scan using k_7 on sbtest7  (cost=0.43..6.53 rows=105 width=4)
	  Index Cond: ((k >= 2160239) AND (k <= 2160339))

table 8 : explain SELECT k FROM sbtest8 WHERE k BETWEEN 2160239 AND 2160339
	Index Only Scan using k_8 on sbtest8  (cost=0.43..6.43 rows=100 width=4)
	  Index Cond: ((k >= 2160239) AND (k <= 2160339))

for range-covered
table 1 : explain SELECT k FROM sbtest1 WHERE k BETWEEN 6737931 AND 6738031
	Index Only Scan using k_1 on sbtest1  (cost=0.43..10.62 rows=109 width=4)
	  Index Cond: ((k >= 6737931) AND (k <= 6738031))

table 2 : explain SELECT k FROM sbtest2 WHERE k BETWEEN 6737931 AND 6738031
	Index Only Scan using k_2 on sbtest2  (cost=0.43..6.53 rows=105 width=4)
	  Index Cond: ((k >= 6737931) AND (k <= 6738031))

table 3 : explain SELECT k FROM sbtest3 WHERE k BETWEEN 6737931 AND 6738031
	Index Only Scan using k_3 on sbtest3  (cost=0.43..6.29 rows=93 width=4)
	  Index Cond: ((k >= 6737931) AND (k <= 6738031))

table 4 : explain SELECT k FROM sbtest4 WHERE k BETWEEN 6737931 AND 6738031
	Index Only Scan using k_4 on sbtest4  (cost=0.43..6.33 rows=95 width=4)
	  Index Cond: ((k >= 6737931) AND (k <= 6738031))

table 5 : explain SELECT k FROM sbtest5 WHERE k BETWEEN 6737931 AND 6738031
	Index Only Scan using k_5 on sbtest5  (cost=0.43..6.40 rows=98 width=4)
	  Index Cond: ((k >= 6737931) AND (k <= 6738031))

table 6 : explain SELECT k FROM sbtest6 WHERE k BETWEEN 6737931 AND 6738031
	Index Only Scan using k_6 on sbtest6  (cost=0.43..6.42 rows=99 width=4)
	  Index Cond: ((k >= 6737931) AND (k <= 6738031))

table 7 : explain SELECT k FROM sbtest7 WHERE k BETWEEN 6737931 AND 6738031
	Index Only Scan using k_7 on sbtest7  (cost=0.43..6.66 rows=111 width=4)
	  Index Cond: ((k >= 6737931) AND (k <= 6738031))

table 8 : explain SELECT k FROM sbtest8 WHERE k BETWEEN 6737931 AND 6738031
	Index Only Scan using k_8 on sbtest8  (cost=0.43..6.45 rows=101 width=4)
	  Index Cond: ((k >= 6737931) AND (k <= 6738031))

explain: for range-covered :: explain SELECT k FROM sbtest%d WHERE k BETWEEN 2160239 AND 2160339
explain: for range-covered :: explain SELECT k FROM sbtest%d WHERE k BETWEEN 6737931 AND 6738031
for range-covered
table 1 : explain SELECT k FROM sbtest1 WHERE k BETWEEN 5803412 AND 5803512
	Index Only Scan using k_1 on sbtest1  (cost=0.43..10.58 rows=107 width=4)
	  Index Cond: ((k >= 5803412) AND (k <= 5803512))

table 2 : explain SELECT k FROM sbtest2 WHERE k BETWEEN 5803412 AND 5803512
	Index Only Scan using k_2 on sbtest2  (cost=0.43..6.56 rows=106 width=4)
	  Index Cond: ((k >= 5803412) AND (k <= 5803512))

table 3 : explain SELECT k FROM sbtest3 WHERE k BETWEEN 5803412 AND 5803512
	Index Only Scan using k_3 on sbtest3  (cost=0.43..6.42 rows=99 width=4)
	  Index Cond: ((k >= 5803412) AND (k <= 5803512))

table 4 : explain SELECT k FROM sbtest4 WHERE k BETWEEN 5803412 AND 5803512
	Index Only Scan using k_4 on sbtest4  (cost=0.43..6.59 rows=108 width=4)
	  Index Cond: ((k >= 5803412) AND (k <= 5803512))

table 5 : explain SELECT k FROM sbtest5 WHERE k BETWEEN 5803412 AND 5803512
	Index Only Scan using k_5 on sbtest5  (cost=0.43..6.58 rows=107 width=4)
	  Index Cond: ((k >= 5803412) AND (k <= 5803512))

table 6 : explain SELECT k FROM sbtest6 WHERE k BETWEEN 5803412 AND 5803512
	Index Only Scan using k_6 on sbtest6  (cost=0.43..6.45 rows=101 width=4)
	  Index Cond: ((k >= 5803412) AND (k <= 5803512))

table 7 : explain SELECT k FROM sbtest7 WHERE k BETWEEN 5803412 AND 5803512
	Index Only Scan using k_7 on sbtest7  (cost=0.43..6.66 rows=111 width=4)
	  Index Cond: ((k >= 5803412) AND (k <= 5803512))

table 8 : explain SELECT k FROM sbtest8 WHERE k BETWEEN 5803412 AND 5803512
	Index Only Scan using k_8 on sbtest8  (cost=0.43..6.53 rows=105 width=4)
	  Index Cond: ((k >= 5803412) AND (k <= 5803512))

for range-covered
table 1 : explain SELECT k FROM sbtest1 WHERE k BETWEEN 5974026 AND 5974126
	Index Only Scan using k_1 on sbtest1  (cost=0.43..10.47 rows=102 width=4)
	  Index Cond: ((k >= 5974026) AND (k <= 5974126))

table 2 : explain SELECT k FROM sbtest2 WHERE k BETWEEN 5974026 AND 5974126
	Index Only Scan using k_2 on sbtest2  (cost=0.43..6.56 rows=106 width=4)
	  Index Cond: ((k >= 5974026) AND (k <= 5974126))

table 3 : explain SELECT k FROM sbtest3 WHERE k BETWEEN 5974026 AND 5974126
	Index Only Scan using k_3 on sbtest3  (cost=0.43..6.40 rows=98 width=4)
	  Index Cond: ((k >= 5974026) AND (k <= 5974126))

table 4 : explain SELECT k FROM sbtest4 WHERE k BETWEEN 5974026 AND 5974126
	Index Only Scan using k_4 on sbtest4  (cost=0.43..6.47 rows=102 width=4)
	  Index Cond: ((k >= 5974026) AND (k <= 5974126))

table 5 : explain SELECT k FROM sbtest5 WHERE k BETWEEN 5974026 AND 5974126
	Index Only Scan using k_5 on sbtest5  (cost=0.43..6.53 rows=105 width=4)
	  Index Cond: ((k >= 5974026) AND (k <= 5974126))

table 6 : explain SELECT k FROM sbtest6 WHERE k BETWEEN 5974026 AND 5974126
	Index Only Scan using k_6 on sbtest6  (cost=0.43..6.53 rows=105 width=4)
	  Index Cond: ((k >= 5974026) AND (k <= 5974126))

table 7 : explain SELECT k FROM sbtest7 WHERE k BETWEEN 5974026 AND 5974126
	Index Only Scan using k_7 on sbtest7  (cost=0.43..6.85 rows=121 width=4)
	  Index Cond: ((k >= 5974026) AND (k <= 5974126))

table 8 : explain SELECT k FROM sbtest8 WHERE k BETWEEN 5974026 AND 5974126
	Index Only Scan using k_8 on sbtest8  (cost=0.43..6.56 rows=106 width=4)
	  Index Cond: ((k >= 5974026) AND (k <= 5974126))

explain: for range-covered :: explain SELECT k FROM sbtest%d WHERE k BETWEEN 5803412 AND 5803512
explain: for range-covered :: explain SELECT k FROM sbtest%d WHERE k BETWEEN 5974026 AND 5974126
for range-covered
table 1 : explain SELECT k FROM sbtest1 WHERE k BETWEEN 1822051 AND 1822151
	Index Only Scan using k_1 on sbtest1  (cost=0.43..10.47 rows=102 width=4)
	  Index Cond: ((k >= 1822051) AND (k <= 1822151))

table 2 : explain SELECT k FROM sbtest2 WHERE k BETWEEN 1822051 AND 1822151
	Index Only Scan using k_2 on sbtest2  (cost=0.43..6.69 rows=113 width=4)
	  Index Cond: ((k >= 1822051) AND (k <= 1822151))

table 3 : explain SELECT k FROM sbtest3 WHERE k BETWEEN 1822051 AND 1822151
	Index Only Scan using k_3 on sbtest3  (cost=0.43..6.27 rows=92 width=4)
	  Index Cond: ((k >= 1822051) AND (k <= 1822151))

table 4 : explain SELECT k FROM sbtest4 WHERE k BETWEEN 1822051 AND 1822151
	Index Only Scan using k_4 on sbtest4  (cost=0.43..6.45 rows=101 width=4)
	  Index Cond: ((k >= 1822051) AND (k <= 1822151))

table 5 : explain SELECT k FROM sbtest5 WHERE k BETWEEN 1822051 AND 1822151
	Index Only Scan using k_5 on sbtest5  (cost=0.43..6.35 rows=96 width=4)
	  Index Cond: ((k >= 1822051) AND (k <= 1822151))

table 6 : explain SELECT k FROM sbtest6 WHERE k BETWEEN 1822051 AND 1822151
	Index Only Scan using k_6 on sbtest6  (cost=0.43..6.59 rows=108 width=4)
	  Index Cond: ((k >= 1822051) AND (k <= 1822151))

table 7 : explain SELECT k FROM sbtest7 WHERE k BETWEEN 1822051 AND 1822151
	Index Only Scan using k_7 on sbtest7  (cost=0.43..6.42 rows=99 width=4)
	  Index Cond: ((k >= 1822051) AND (k <= 1822151))

table 8 : explain SELECT k FROM sbtest8 WHERE k BETWEEN 1822051 AND 1822151
	Index Only Scan using k_8 on sbtest8  (cost=0.43..6.56 rows=106 width=4)
	  Index Cond: ((k >= 1822051) AND (k <= 1822151))

for range-covered
table 1 : explain SELECT k FROM sbtest1 WHERE k BETWEEN 6737931 AND 6738031
	Index Only Scan using k_1 on sbtest1  (cost=0.43..10.62 rows=109 width=4)
	  Index Cond: ((k >= 6737931) AND (k <= 6738031))

table 2 : explain SELECT k FROM sbtest2 WHERE k BETWEEN 6737931 AND 6738031
	Index Only Scan using k_2 on sbtest2  (cost=0.43..6.53 rows=105 width=4)
	  Index Cond: ((k >= 6737931) AND (k <= 6738031))

table 3 : explain SELECT k FROM sbtest3 WHERE k BETWEEN 6737931 AND 6738031
	Index Only Scan using k_3 on sbtest3  (cost=0.43..6.29 rows=93 width=4)
	  Index Cond: ((k >= 6737931) AND (k <= 6738031))

table 4 : explain SELECT k FROM sbtest4 WHERE k BETWEEN 6737931 AND 6738031
	Index Only Scan using k_4 on sbtest4  (cost=0.43..6.33 rows=95 width=4)
	  Index Cond: ((k >= 6737931) AND (k <= 6738031))

table 5 : explain SELECT k FROM sbtest5 WHERE k BETWEEN 6737931 AND 6738031
	Index Only Scan using k_5 on sbtest5  (cost=0.43..6.40 rows=98 width=4)
	  Index Cond: ((k >= 6737931) AND (k <= 6738031))

table 6 : explain SELECT k FROM sbtest6 WHERE k BETWEEN 6737931 AND 6738031
	Index Only Scan using k_6 on sbtest6  (cost=0.43..6.42 rows=99 width=4)
	  Index Cond: ((k >= 6737931) AND (k <= 6738031))

table 7 : explain SELECT k FROM sbtest7 WHERE k BETWEEN 6737931 AND 6738031
	Index Only Scan using k_7 on sbtest7  (cost=0.43..6.66 rows=111 width=4)
	  Index Cond: ((k >= 6737931) AND (k <= 6738031))

table 8 : explain SELECT k FROM sbtest8 WHERE k BETWEEN 6737931 AND 6738031
	Index Only Scan using k_8 on sbtest8  (cost=0.43..6.45 rows=101 width=4)
	  Index Cond: ((k >= 6737931) AND (k <= 6738031))

explain: for range-covered :: explain SELECT k FROM sbtest%d WHERE k BETWEEN 6737931 AND 6738031
explain: for range-covered :: explain SELECT k FROM sbtest%d WHERE k BETWEEN 1822051 AND 1822151
for range-covered
table 1 : explain SELECT k FROM sbtest1 WHERE k BETWEEN 5803412 AND 5803512
	Index Only Scan using k_1 on sbtest1  (cost=0.43..10.58 rows=107 width=4)
	  Index Cond: ((k >= 5803412) AND (k <= 5803512))

table 2 : explain SELECT k FROM sbtest2 WHERE k BETWEEN 5803412 AND 5803512
	Index Only Scan using k_2 on sbtest2  (cost=0.43..6.56 rows=106 width=4)
	  Index Cond: ((k >= 5803412) AND (k <= 5803512))

table 3 : explain SELECT k FROM sbtest3 WHERE k BETWEEN 5803412 AND 5803512
	Index Only Scan using k_3 on sbtest3  (cost=0.43..6.42 rows=99 width=4)
	  Index Cond: ((k >= 5803412) AND (k <= 5803512))

table 4 : explain SELECT k FROM sbtest4 WHERE k BETWEEN 5803412 AND 5803512
	Index Only Scan using k_4 on sbtest4  (cost=0.43..6.59 rows=108 width=4)
	  Index Cond: ((k >= 5803412) AND (k <= 5803512))

table 5 : explain SELECT k FROM sbtest5 WHERE k BETWEEN 5803412 AND 5803512
	Index Only Scan using k_5 on sbtest5  (cost=0.43..6.58 rows=107 width=4)
	  Index Cond: ((k >= 5803412) AND (k <= 5803512))

table 6 : explain SELECT k FROM sbtest6 WHERE k BETWEEN 5803412 AND 5803512
	Index Only Scan using k_6 on sbtest6  (cost=0.43..6.45 rows=101 width=4)
	  Index Cond: ((k >= 5803412) AND (k <= 5803512))

table 7 : explain SELECT k FROM sbtest7 WHERE k BETWEEN 5803412 AND 5803512
	Index Only Scan using k_7 on sbtest7  (cost=0.43..6.66 rows=111 width=4)
	  Index Cond: ((k >= 5803412) AND (k <= 5803512))

table 8 : explain SELECT k FROM sbtest8 WHERE k BETWEEN 5803412 AND 5803512
	Index Only Scan using k_8 on sbtest8  (cost=0.43..6.53 rows=105 width=4)
	  Index Cond: ((k >= 5803412) AND (k <= 5803512))

for range-covered
table 1 : explain SELECT k FROM sbtest1 WHERE k BETWEEN 5974026 AND 5974126
	Index Only Scan using k_1 on sbtest1  (cost=0.43..10.47 rows=102 width=4)
	  Index Cond: ((k >= 5974026) AND (k <= 5974126))

table 2 : explain SELECT k FROM sbtest2 WHERE k BETWEEN 5974026 AND 5974126
	Index Only Scan using k_2 on sbtest2  (cost=0.43..6.56 rows=106 width=4)
	  Index Cond: ((k >= 5974026) AND (k <= 5974126))

table 3 : explain SELECT k FROM sbtest3 WHERE k BETWEEN 5974026 AND 5974126
	Index Only Scan using k_3 on sbtest3  (cost=0.43..6.40 rows=98 width=4)
	  Index Cond: ((k >= 5974026) AND (k <= 5974126))

table 4 : explain SELECT k FROM sbtest4 WHERE k BETWEEN 5974026 AND 5974126
	Index Only Scan using k_4 on sbtest4  (cost=0.43..6.47 rows=102 width=4)
	  Index Cond: ((k >= 5974026) AND (k <= 5974126))

table 5 : explain SELECT k FROM sbtest5 WHERE k BETWEEN 5974026 AND 5974126
	Index Only Scan using k_5 on sbtest5  (cost=0.43..6.53 rows=105 width=4)
	  Index Cond: ((k >= 5974026) AND (k <= 5974126))

table 6 : explain SELECT k FROM sbtest6 WHERE k BETWEEN 5974026 AND 5974126
	Index Only Scan using k_6 on sbtest6  (cost=0.43..6.53 rows=105 width=4)
	  Index Cond: ((k >= 5974026) AND (k <= 5974126))

table 7 : explain SELECT k FROM sbtest7 WHERE k BETWEEN 5974026 AND 5974126
	Index Only Scan using k_7 on sbtest7  (cost=0.43..6.85 rows=121 width=4)
	  Index Cond: ((k >= 5974026) AND (k <= 5974126))

table 8 : explain SELECT k FROM sbtest8 WHERE k BETWEEN 5974026 AND 5974126
	Index Only Scan using k_8 on sbtest8  (cost=0.43..6.56 rows=106 width=4)
	  Index Cond: ((k >= 5974026) AND (k <= 5974126))

explain: for range-covered :: explain SELECT k FROM sbtest%d WHERE k BETWEEN 5803412 AND 5803512
explain: for range-covered :: explain SELECT k FROM sbtest%d WHERE k BETWEEN 5974026 AND 5974126
for range-covered
table 1 : explain SELECT k FROM sbtest1 WHERE k BETWEEN 2160239 AND 2160339
	Index Only Scan using k_1 on sbtest1  (cost=0.43..10.58 rows=107 width=4)
	  Index Cond: ((k >= 2160239) AND (k <= 2160339))

table 2 : explain SELECT k FROM sbtest2 WHERE k BETWEEN 2160239 AND 2160339
	Index Only Scan using k_2 on sbtest2  (cost=0.43..6.51 rows=104 width=4)
	  Index Cond: ((k >= 2160239) AND (k <= 2160339))

table 3 : explain SELECT k FROM sbtest3 WHERE k BETWEEN 2160239 AND 2160339
	Index Only Scan using k_3 on sbtest3  (cost=0.43..6.51 rows=104 width=4)
	  Index Cond: ((k >= 2160239) AND (k <= 2160339))

table 4 : explain SELECT k FROM sbtest4 WHERE k BETWEEN 2160239 AND 2160339
	Index Only Scan using k_4 on sbtest4  (cost=0.43..6.35 rows=96 width=4)
	  Index Cond: ((k >= 2160239) AND (k <= 2160339))

table 5 : explain SELECT k FROM sbtest5 WHERE k BETWEEN 2160239 AND 2160339
	Index Only Scan using k_5 on sbtest5  (cost=0.43..6.45 rows=101 width=4)
	  Index Cond: ((k >= 2160239) AND (k <= 2160339))

table 6 : explain SELECT k FROM sbtest6 WHERE k BETWEEN 2160239 AND 2160339
	Index Only Scan using k_6 on sbtest6  (cost=0.43..6.42 rows=99 width=4)
	  Index Cond: ((k >= 2160239) AND (k <= 2160339))

table 7 : explain SELECT k FROM sbtest7 WHERE k BETWEEN 2160239 AND 2160339
	Index Only Scan using k_7 on sbtest7  (cost=0.43..6.53 rows=105 width=4)
	  Index Cond: ((k >= 2160239) AND (k <= 2160339))

table 8 : explain SELECT k FROM sbtest8 WHERE k BETWEEN 2160239 AND 2160339
	Index Only Scan using k_8 on sbtest8  (cost=0.43..6.43 rows=100 width=4)
	  Index Cond: ((k >= 2160239) AND (k <= 2160339))

explain: for range-covered :: explain SELECT k FROM sbtest%d WHERE k BETWEEN 2160239 AND 2160339
for range-covered
table 1 : explain SELECT k FROM sbtest1 WHERE k BETWEEN 6737931 AND 6738031
	Index Only Scan using k_1 on sbtest1  (cost=0.43..10.62 rows=109 width=4)
	  Index Cond: ((k >= 6737931) AND (k <= 6738031))

table 2 : explain SELECT k FROM sbtest2 WHERE k BETWEEN 6737931 AND 6738031
	Index Only Scan using k_2 on sbtest2  (cost=0.43..6.53 rows=105 width=4)
	  Index Cond: ((k >= 6737931) AND (k <= 6738031))

table 3 : explain SELECT k FROM sbtest3 WHERE k BETWEEN 6737931 AND 6738031
	Index Only Scan using k_3 on sbtest3  (cost=0.43..6.29 rows=93 width=4)
	  Index Cond: ((k >= 6737931) AND (k <= 6738031))

table 4 : explain SELECT k FROM sbtest4 WHERE k BETWEEN 6737931 AND 6738031
	Index Only Scan using k_4 on sbtest4  (cost=0.43..6.33 rows=95 width=4)
	  Index Cond: ((k >= 6737931) AND (k <= 6738031))

table 5 : explain SELECT k FROM sbtest5 WHERE k BETWEEN 6737931 AND 6738031
	Index Only Scan using k_5 on sbtest5  (cost=0.43..6.40 rows=98 width=4)
	  Index Cond: ((k >= 6737931) AND (k <= 6738031))

table 6 : explain SELECT k FROM sbtest6 WHERE k BETWEEN 6737931 AND 6738031
	Index Only Scan using k_6 on sbtest6  (cost=0.43..6.42 rows=99 width=4)
	  Index Cond: ((k >= 6737931) AND (k <= 6738031))

table 7 : explain SELECT k FROM sbtest7 WHERE k BETWEEN 6737931 AND 6738031
	Index Only Scan using k_7 on sbtest7  (cost=0.43..6.66 rows=111 width=4)
	  Index Cond: ((k >= 6737931) AND (k <= 6738031))

table 8 : explain SELECT k FROM sbtest8 WHERE k BETWEEN 6737931 AND 6738031
	Index Only Scan using k_8 on sbtest8  (cost=0.43..6.45 rows=101 width=4)
	  Index Cond: ((k >= 6737931) AND (k <= 6738031))

for range-covered
table 1 : explain SELECT k FROM sbtest1 WHERE k BETWEEN 5803412 AND 5803512
	Index Only Scan using k_1 on sbtest1  (cost=0.43..10.58 rows=107 width=4)
	  Index Cond: ((k >= 5803412) AND (k <= 5803512))

table 2 : explain SELECT k FROM sbtest2 WHERE k BETWEEN 5803412 AND 5803512
	Index Only Scan using k_2 on sbtest2  (cost=0.43..6.56 rows=106 width=4)
	  Index Cond: ((k >= 5803412) AND (k <= 5803512))

table 3 : explain SELECT k FROM sbtest3 WHERE k BETWEEN 5803412 AND 5803512
	Index Only Scan using k_3 on sbtest3  (cost=0.43..6.42 rows=99 width=4)
	  Index Cond: ((k >= 5803412) AND (k <= 5803512))

table 4 : explain SELECT k FROM sbtest4 WHERE k BETWEEN 5803412 AND 5803512
	Index Only Scan using k_4 on sbtest4  (cost=0.43..6.59 rows=108 width=4)
	  Index Cond: ((k >= 5803412) AND (k <= 5803512))

table 5 : explain SELECT k FROM sbtest5 WHERE k BETWEEN 5803412 AND 5803512
	Index Only Scan using k_5 on sbtest5  (cost=0.43..6.58 rows=107 width=4)
	  Index Cond: ((k >= 5803412) AND (k <= 5803512))

table 6 : explain SELECT k FROM sbtest6 WHERE k BETWEEN 5803412 AND 5803512
	Index Only Scan using k_6 on sbtest6  (cost=0.43..6.45 rows=101 width=4)
	  Index Cond: ((k >= 5803412) AND (k <= 5803512))

table 7 : explain SELECT k FROM sbtest7 WHERE k BETWEEN 5803412 AND 5803512
	Index Only Scan using k_7 on sbtest7  (cost=0.43..6.66 rows=111 width=4)
	  Index Cond: ((k >= 5803412) AND (k <= 5803512))

table 8 : explain SELECT k FROM sbtest8 WHERE k BETWEEN 5803412 AND 5803512
	Index Only Scan using k_8 on sbtest8  (cost=0.43..6.53 rows=105 width=4)
	  Index Cond: ((k >= 5803412) AND (k <= 5803512))

for range-covered
table 1 : explain SELECT k FROM sbtest1 WHERE k BETWEEN 5974026 AND 5974126
	Index Only Scan using k_1 on sbtest1  (cost=0.43..10.47 rows=102 width=4)
	  Index Cond: ((k >= 5974026) AND (k <= 5974126))

table 2 : explain SELECT k FROM sbtest2 WHERE k BETWEEN 5974026 AND 5974126
	Index Only Scan using k_2 on sbtest2  (cost=0.43..6.56 rows=106 width=4)
	  Index Cond: ((k >= 5974026) AND (k <= 5974126))

table 3 : explain SELECT k FROM sbtest3 WHERE k BETWEEN 5974026 AND 5974126
	Index Only Scan using k_3 on sbtest3  (cost=0.43..6.40 rows=98 width=4)
	  Index Cond: ((k >= 5974026) AND (k <= 5974126))

table 4 : explain SELECT k FROM sbtest4 WHERE k BETWEEN 5974026 AND 5974126
	Index Only Scan using k_4 on sbtest4  (cost=0.43..6.47 rows=102 width=4)
	  Index Cond: ((k >= 5974026) AND (k <= 5974126))

table 5 : explain SELECT k FROM sbtest5 WHERE k BETWEEN 5974026 AND 5974126
	Index Only Scan using k_5 on sbtest5  (cost=0.43..6.53 rows=105 width=4)
	  Index Cond: ((k >= 5974026) AND (k <= 5974126))

table 6 : explain SELECT k FROM sbtest6 WHERE k BETWEEN 5974026 AND 5974126
	Index Only Scan using k_6 on sbtest6  (cost=0.43..6.53 rows=105 width=4)
	  Index Cond: ((k >= 5974026) AND (k <= 5974126))

table 7 : explain SELECT k FROM sbtest7 WHERE k BETWEEN 5974026 AND 5974126
	Index Only Scan using k_7 on sbtest7  (cost=0.43..6.85 rows=121 width=4)
	  Index Cond: ((k >= 5974026) AND (k <= 5974126))

table 8 : explain SELECT k FROM sbtest8 WHERE k BETWEEN 5974026 AND 5974126
	Index Only Scan using k_8 on sbtest8  (cost=0.43..6.56 rows=106 width=4)
	  Index Cond: ((k >= 5974026) AND (k <= 5974126))

explain: for range-covered :: explain SELECT k FROM sbtest%d WHERE k BETWEEN 5803412 AND 5803512
explain: for range-covered :: explain SELECT k FROM sbtest%d WHERE k BETWEEN 5974026 AND 5974126
for range-covered
table 1 : explain SELECT k FROM sbtest1 WHERE k BETWEEN 6512533 AND 6512633
	Index Only Scan using k_1 on sbtest1  (cost=0.43..10.62 rows=109 width=4)
	  Index Cond: ((k >= 6512533) AND (k <= 6512633))

table 2 : explain SELECT k FROM sbtest2 WHERE k BETWEEN 6512533 AND 6512633
	Index Only Scan using k_2 on sbtest2  (cost=0.43..6.21 rows=89 width=4)
	  Index Cond: ((k >= 6512533) AND (k <= 6512633))

table 3 : explain SELECT k FROM sbtest3 WHERE k BETWEEN 6512533 AND 6512633
	Index Only Scan using k_3 on sbtest3  (cost=0.43..6.53 rows=105 width=4)
	  Index Cond: ((k >= 6512533) AND (k <= 6512633))

table 4 : explain SELECT k FROM sbtest4 WHERE k BETWEEN 6512533 AND 6512633
	Index Only Scan using k_4 on sbtest4  (cost=0.43..6.75 rows=116 width=4)
	  Index Cond: ((k >= 6512533) AND (k <= 6512633))

table 5 : explain SELECT k FROM sbtest5 WHERE k BETWEEN 6512533 AND 6512633
	Index Only Scan using k_5 on sbtest5  (cost=0.43..6.43 rows=100 width=4)
	  Index Cond: ((k >= 6512533) AND (k <= 6512633))

table 6 : explain SELECT k FROM sbtest6 WHERE k BETWEEN 6512533 AND 6512633
	Index Only Scan using k_6 on sbtest6  (cost=0.43..6.45 rows=101 width=4)
	  Index Cond: ((k >= 6512533) AND (k <= 6512633))

table 7 : explain SELECT k FROM sbtest7 WHERE k BETWEEN 6512533 AND 6512633
	Index Only Scan using k_7 on sbtest7  (cost=0.43..6.72 rows=114 width=4)
	  Index Cond: ((k >= 6512533) AND (k <= 6512633))

table 8 : explain SELECT k FROM sbtest8 WHERE k BETWEEN 6512533 AND 6512633
	Index Only Scan using k_8 on sbtest8  (cost=0.43..6.47 rows=102 width=4)
	  Index Cond: ((k >= 6512533) AND (k <= 6512633))

explain: for range-covered :: explain SELECT k FROM sbtest%d WHERE k BETWEEN 6512533 AND 6512633
for range-covered
table 1 : explain SELECT k FROM sbtest1 WHERE k BETWEEN 1822051 AND 1822151
	Index Only Scan using k_1 on sbtest1  (cost=0.43..10.47 rows=102 width=4)
	  Index Cond: ((k >= 1822051) AND (k <= 1822151))

table 2 : explain SELECT k FROM sbtest2 WHERE k BETWEEN 1822051 AND 1822151
	Index Only Scan using k_2 on sbtest2  (cost=0.43..6.69 rows=113 width=4)
	  Index Cond: ((k >= 1822051) AND (k <= 1822151))

table 3 : explain SELECT k FROM sbtest3 WHERE k BETWEEN 1822051 AND 1822151
	Index Only Scan using k_3 on sbtest3  (cost=0.43..6.27 rows=92 width=4)
	  Index Cond: ((k >= 1822051) AND (k <= 1822151))

table 4 : explain SELECT k FROM sbtest4 WHERE k BETWEEN 1822051 AND 1822151
	Index Only Scan using k_4 on sbtest4  (cost=0.43..6.45 rows=101 width=4)
	  Index Cond: ((k >= 1822051) AND (k <= 1822151))

table 5 : explain SELECT k FROM sbtest5 WHERE k BETWEEN 1822051 AND 1822151
	Index Only Scan using k_5 on sbtest5  (cost=0.43..6.35 rows=96 width=4)
	  Index Cond: ((k >= 1822051) AND (k <= 1822151))

table 6 : explain SELECT k FROM sbtest6 WHERE k BETWEEN 1822051 AND 1822151
	Index Only Scan using k_6 on sbtest6  (cost=0.43..6.59 rows=108 width=4)
	  Index Cond: ((k >= 1822051) AND (k <= 1822151))

table 7 : explain SELECT k FROM sbtest7 WHERE k BETWEEN 1822051 AND 1822151
	Index Only Scan using k_7 on sbtest7  (cost=0.43..6.42 rows=99 width=4)
	  Index Cond: ((k >= 1822051) AND (k <= 1822151))

table 8 : explain SELECT k FROM sbtest8 WHERE k BETWEEN 1822051 AND 1822151
	Index Only Scan using k_8 on sbtest8  (cost=0.43..6.56 rows=106 width=4)
	  Index Cond: ((k >= 1822051) AND (k <= 1822151))

for range-covered
table 1 : explain SELECT k FROM sbtest1 WHERE k BETWEEN 8553112 AND 8553212
	Index Only Scan using k_1 on sbtest1  (cost=0.43..10.51 rows=104 width=4)
	  Index Cond: ((k >= 8553112) AND (k <= 8553212))

table 2 : explain SELECT k FROM sbtest2 WHERE k BETWEEN 8553112 AND 8553212
	Index Only Scan using k_2 on sbtest2  (cost=0.43..6.53 rows=105 width=4)
	  Index Cond: ((k >= 8553112) AND (k <= 8553212))

table 3 : explain SELECT k FROM sbtest3 WHERE k BETWEEN 8553112 AND 8553212
	Index Only Scan using k_3 on sbtest3  (cost=0.43..6.63 rows=110 width=4)
	  Index Cond: ((k >= 8553112) AND (k <= 8553212))

table 4 : explain SELECT k FROM sbtest4 WHERE k BETWEEN 8553112 AND 8553212
	Index Only Scan using k_4 on sbtest4  (cost=0.43..6.58 rows=107 width=4)
	  Index Cond: ((k >= 8553112) AND (k <= 8553212))

table 5 : explain SELECT k FROM sbtest5 WHERE k BETWEEN 8553112 AND 8553212
	Index Only Scan using k_5 on sbtest5  (cost=0.43..6.35 rows=96 width=4)
	  Index Cond: ((k >= 8553112) AND (k <= 8553212))

table 6 : explain SELECT k FROM sbtest6 WHERE k BETWEEN 8553112 AND 8553212
	Index Only Scan using k_6 on sbtest6  (cost=0.43..6.58 rows=107 width=4)
	  Index Cond: ((k >= 8553112) AND (k <= 8553212))

table 7 : explain SELECT k FROM sbtest7 WHERE k BETWEEN 8553112 AND 8553212
	Index Only Scan using k_7 on sbtest7  (cost=0.43..6.37 rows=97 width=4)
	  Index Cond: ((k >= 8553112) AND (k <= 8553212))

table 8 : explain SELECT k FROM sbtest8 WHERE k BETWEEN 8553112 AND 8553212
	Index Only Scan using k_8 on sbtest8  (cost=0.43..6.83 rows=120 width=4)
	  Index Cond: ((k >= 8553112) AND (k <= 8553212))

explain: for range-covered :: explain SELECT k FROM sbtest%d WHERE k BETWEEN 1822051 AND 1822151
for range-covered
table 1 : explain SELECT k FROM sbtest1 WHERE k BETWEEN 5974026 AND 5974126
	Index Only Scan using k_1 on sbtest1  (cost=0.43..10.47 rows=102 width=4)
	  Index Cond: ((k >= 5974026) AND (k <= 5974126))

table 2 : explain SELECT k FROM sbtest2 WHERE k BETWEEN 5974026 AND 5974126
	Index Only Scan using k_2 on sbtest2  (cost=0.43..6.56 rows=106 width=4)
	  Index Cond: ((k >= 5974026) AND (k <= 5974126))

table 3 : explain SELECT k FROM sbtest3 WHERE k BETWEEN 5974026 AND 5974126
	Index Only Scan using k_3 on sbtest3  (cost=0.43..6.40 rows=98 width=4)
	  Index Cond: ((k >= 5974026) AND (k <= 5974126))

table 4 : explain SELECT k FROM sbtest4 WHERE k BETWEEN 5974026 AND 5974126
	Index Only Scan using k_4 on sbtest4  (cost=0.43..6.47 rows=102 width=4)
	  Index Cond: ((k >= 5974026) AND (k <= 5974126))

table 5 : explain SELECT k FROM sbtest5 WHERE k BETWEEN 5974026 AND 5974126
	Index Only Scan using k_5 on sbtest5  (cost=0.43..6.53 rows=105 width=4)
	  Index Cond: ((k >= 5974026) AND (k <= 5974126))

table 6 : explain SELECT k FROM sbtest6 WHERE k BETWEEN 5974026 AND 5974126
	Index Only Scan using k_6 on sbtest6  (cost=0.43..6.53 rows=105 width=4)
	  Index Cond: ((k >= 5974026) AND (k <= 5974126))

table 7 : explain SELECT k FROM sbtest7 WHERE k BETWEEN 5974026 AND 5974126
	Index Only Scan using k_7 on sbtest7  (cost=0.43..6.85 rows=121 width=4)
	  Index Cond: ((k >= 5974026) AND (k <= 5974126))

table 8 : explain SELECT k FROM sbtest8 WHERE k BETWEEN 5974026 AND 5974126
	Index Only Scan using k_8 on sbtest8  (cost=0.43..6.56 rows=106 width=4)
	  Index Cond: ((k >= 5974026) AND (k <= 5974126))

explain: for range-covered :: explain SELECT k FROM sbtest%d WHERE k BETWEEN 8553112 AND 8553212
explain: for range-covered :: explain SELECT k FROM sbtest%d WHERE k BETWEEN 5974026 AND 5974126
for range-covered
table 1 : explain SELECT k FROM sbtest1 WHERE k BETWEEN 2160239 AND 2160339
	Index Only Scan using k_1 on sbtest1  (cost=0.43..10.58 rows=107 width=4)
	  Index Cond: ((k >= 2160239) AND (k <= 2160339))

table 2 : explain SELECT k FROM sbtest2 WHERE k BETWEEN 2160239 AND 2160339
	Index Only Scan using k_2 on sbtest2  (cost=0.43..6.51 rows=104 width=4)
	  Index Cond: ((k >= 2160239) AND (k <= 2160339))

table 3 : explain SELECT k FROM sbtest3 WHERE k BETWEEN 2160239 AND 2160339
	Index Only Scan using k_3 on sbtest3  (cost=0.43..6.51 rows=104 width=4)
	  Index Cond: ((k >= 2160239) AND (k <= 2160339))

table 4 : explain SELECT k FROM sbtest4 WHERE k BETWEEN 2160239 AND 2160339
	Index Only Scan using k_4 on sbtest4  (cost=0.43..6.35 rows=96 width=4)
	  Index Cond: ((k >= 2160239) AND (k <= 2160339))

table 5 : explain SELECT k FROM sbtest5 WHERE k BETWEEN 2160239 AND 2160339
	Index Only Scan using k_5 on sbtest5  (cost=0.43..6.45 rows=101 width=4)
	  Index Cond: ((k >= 2160239) AND (k <= 2160339))

table 6 : explain SELECT k FROM sbtest6 WHERE k BETWEEN 2160239 AND 2160339
	Index Only Scan using k_6 on sbtest6  (cost=0.43..6.42 rows=99 width=4)
	  Index Cond: ((k >= 2160239) AND (k <= 2160339))

table 7 : explain SELECT k FROM sbtest7 WHERE k BETWEEN 2160239 AND 2160339
	Index Only Scan using k_7 on sbtest7  (cost=0.43..6.53 rows=105 width=4)
	  Index Cond: ((k >= 2160239) AND (k <= 2160339))

table 8 : explain SELECT k FROM sbtest8 WHERE k BETWEEN 2160239 AND 2160339
	Index Only Scan using k_8 on sbtest8  (cost=0.43..6.43 rows=100 width=4)
	  Index Cond: ((k >= 2160239) AND (k <= 2160339))

for range-covered
table 1 : explain SELECT k FROM sbtest1 WHERE k BETWEEN 5803412 AND 5803512
	Index Only Scan using k_1 on sbtest1  (cost=0.43..10.58 rows=107 width=4)
	  Index Cond: ((k >= 5803412) AND (k <= 5803512))

table 2 : explain SELECT k FROM sbtest2 WHERE k BETWEEN 5803412 AND 5803512
	Index Only Scan using k_2 on sbtest2  (cost=0.43..6.56 rows=106 width=4)
	  Index Cond: ((k >= 5803412) AND (k <= 5803512))

table 3 : explain SELECT k FROM sbtest3 WHERE k BETWEEN 5803412 AND 5803512
	Index Only Scan using k_3 on sbtest3  (cost=0.43..6.42 rows=99 width=4)
	  Index Cond: ((k >= 5803412) AND (k <= 5803512))

table 4 : explain SELECT k FROM sbtest4 WHERE k BETWEEN 5803412 AND 5803512
	Index Only Scan using k_4 on sbtest4  (cost=0.43..6.59 rows=108 width=4)
	  Index Cond: ((k >= 5803412) AND (k <= 5803512))

table 5 : explain SELECT k FROM sbtest5 WHERE k BETWEEN 5803412 AND 5803512
	Index Only Scan using k_5 on sbtest5  (cost=0.43..6.58 rows=107 width=4)
	  Index Cond: ((k >= 5803412) AND (k <= 5803512))

table 6 : explain SELECT k FROM sbtest6 WHERE k BETWEEN 5803412 AND 5803512
	Index Only Scan using k_6 on sbtest6  (cost=0.43..6.45 rows=101 width=4)
	  Index Cond: ((k >= 5803412) AND (k <= 5803512))

table 7 : explain SELECT k FROM sbtest7 WHERE k BETWEEN 5803412 AND 5803512
	Index Only Scan using k_7 on sbtest7  (cost=0.43..6.66 rows=111 width=4)
	  Index Cond: ((k >= 5803412) AND (k <= 5803512))

table 8 : explain SELECT k FROM sbtest8 WHERE k BETWEEN 5803412 AND 5803512
	Index Only Scan using k_8 on sbtest8  (cost=0.43..6.53 rows=105 width=4)
	  Index Cond: ((k >= 5803412) AND (k <= 5803512))

explain: for range-covered :: explain SELECT k FROM sbtest%d WHERE k BETWEEN 5803412 AND 5803512
explain: for range-covered :: explain SELECT k FROM sbtest%d WHERE k BETWEEN 2160239 AND 2160339
for range-covered
table 1 : explain SELECT k FROM sbtest1 WHERE k BETWEEN 6512533 AND 6512633
	Index Only Scan using k_1 on sbtest1  (cost=0.43..10.62 rows=109 width=4)
	  Index Cond: ((k >= 6512533) AND (k <= 6512633))

table 2 : explain SELECT k FROM sbtest2 WHERE k BETWEEN 6512533 AND 6512633
	Index Only Scan using k_2 on sbtest2  (cost=0.43..6.21 rows=89 width=4)
	  Index Cond: ((k >= 6512533) AND (k <= 6512633))

table 3 : explain SELECT k FROM sbtest3 WHERE k BETWEEN 6512533 AND 6512633
	Index Only Scan using k_3 on sbtest3  (cost=0.43..6.53 rows=105 width=4)
	  Index Cond: ((k >= 6512533) AND (k <= 6512633))

table 4 : explain SELECT k FROM sbtest4 WHERE k BETWEEN 6512533 AND 6512633
	Index Only Scan using k_4 on sbtest4  (cost=0.43..6.75 rows=116 width=4)
	  Index Cond: ((k >= 6512533) AND (k <= 6512633))

table 5 : explain SELECT k FROM sbtest5 WHERE k BETWEEN 6512533 AND 6512633
	Index Only Scan using k_5 on sbtest5  (cost=0.43..6.43 rows=100 width=4)
	  Index Cond: ((k >= 6512533) AND (k <= 6512633))

table 6 : explain SELECT k FROM sbtest6 WHERE k BETWEEN 6512533 AND 6512633
	Index Only Scan using k_6 on sbtest6  (cost=0.43..6.45 rows=101 width=4)
	  Index Cond: ((k >= 6512533) AND (k <= 6512633))

table 7 : explain SELECT k FROM sbtest7 WHERE k BETWEEN 6512533 AND 6512633
	Index Only Scan using k_7 on sbtest7  (cost=0.43..6.72 rows=114 width=4)
	  Index Cond: ((k >= 6512533) AND (k <= 6512633))

table 8 : explain SELECT k FROM sbtest8 WHERE k BETWEEN 6512533 AND 6512633
	Index Only Scan using k_8 on sbtest8  (cost=0.43..6.47 rows=102 width=4)
	  Index Cond: ((k >= 6512533) AND (k <= 6512633))

explain: for range-covered :: explain SELECT k FROM sbtest%d WHERE k BETWEEN 6512533 AND 6512633
for range-covered
table 1 : explain SELECT k FROM sbtest1 WHERE k BETWEEN 5974026 AND 5974126
	Index Only Scan using k_1 on sbtest1  (cost=0.43..10.47 rows=102 width=4)
	  Index Cond: ((k >= 5974026) AND (k <= 5974126))

table 2 : explain SELECT k FROM sbtest2 WHERE k BETWEEN 5974026 AND 5974126
	Index Only Scan using k_2 on sbtest2  (cost=0.43..6.56 rows=106 width=4)
	  Index Cond: ((k >= 5974026) AND (k <= 5974126))

table 3 : explain SELECT k FROM sbtest3 WHERE k BETWEEN 5974026 AND 5974126
	Index Only Scan using k_3 on sbtest3  (cost=0.43..6.40 rows=98 width=4)
	  Index Cond: ((k >= 5974026) AND (k <= 5974126))

table 4 : explain SELECT k FROM sbtest4 WHERE k BETWEEN 5974026 AND 5974126
	Index Only Scan using k_4 on sbtest4  (cost=0.43..6.47 rows=102 width=4)
	  Index Cond: ((k >= 5974026) AND (k <= 5974126))

table 5 : explain SELECT k FROM sbtest5 WHERE k BETWEEN 5974026 AND 5974126
	Index Only Scan using k_5 on sbtest5  (cost=0.43..6.53 rows=105 width=4)
	  Index Cond: ((k >= 5974026) AND (k <= 5974126))

table 6 : explain SELECT k FROM sbtest6 WHERE k BETWEEN 5974026 AND 5974126
	Index Only Scan using k_6 on sbtest6  (cost=0.43..6.53 rows=105 width=4)
	  Index Cond: ((k >= 5974026) AND (k <= 5974126))

table 7 : explain SELECT k FROM sbtest7 WHERE k BETWEEN 5974026 AND 5974126
	Index Only Scan using k_7 on sbtest7  (cost=0.43..6.85 rows=121 width=4)
	  Index Cond: ((k >= 5974026) AND (k <= 5974126))

table 8 : explain SELECT k FROM sbtest8 WHERE k BETWEEN 5974026 AND 5974126
	Index Only Scan using k_8 on sbtest8  (cost=0.43..6.56 rows=106 width=4)
	  Index Cond: ((k >= 5974026) AND (k <= 5974126))

explain: for range-covered :: explain SELECT k FROM sbtest%d WHERE k BETWEEN 5974026 AND 5974126
for range-covered
table 1 : explain SELECT k FROM sbtest1 WHERE k BETWEEN 8553112 AND 8553212
	Index Only Scan using k_1 on sbtest1  (cost=0.43..10.51 rows=104 width=4)
	  Index Cond: ((k >= 8553112) AND (k <= 8553212))

table 2 : explain SELECT k FROM sbtest2 WHERE k BETWEEN 8553112 AND 8553212
	Index Only Scan using k_2 on sbtest2  (cost=0.43..6.53 rows=105 width=4)
	  Index Cond: ((k >= 8553112) AND (k <= 8553212))

table 3 : explain SELECT k FROM sbtest3 WHERE k BETWEEN 8553112 AND 8553212
	Index Only Scan using k_3 on sbtest3  (cost=0.43..6.63 rows=110 width=4)
	  Index Cond: ((k >= 8553112) AND (k <= 8553212))

table 4 : explain SELECT k FROM sbtest4 WHERE k BETWEEN 8553112 AND 8553212
	Index Only Scan using k_4 on sbtest4  (cost=0.43..6.58 rows=107 width=4)
	  Index Cond: ((k >= 8553112) AND (k <= 8553212))

table 5 : explain SELECT k FROM sbtest5 WHERE k BETWEEN 8553112 AND 8553212
	Index Only Scan using k_5 on sbtest5  (cost=0.43..6.35 rows=96 width=4)
	  Index Cond: ((k >= 8553112) AND (k <= 8553212))

table 6 : explain SELECT k FROM sbtest6 WHERE k BETWEEN 8553112 AND 8553212
	Index Only Scan using k_6 on sbtest6  (cost=0.43..6.58 rows=107 width=4)
	  Index Cond: ((k >= 8553112) AND (k <= 8553212))

table 7 : explain SELECT k FROM sbtest7 WHERE k BETWEEN 8553112 AND 8553212
	Index Only Scan using k_7 on sbtest7  (cost=0.43..6.37 rows=97 width=4)
	  Index Cond: ((k >= 8553112) AND (k <= 8553212))

table 8 : explain SELECT k FROM sbtest8 WHERE k BETWEEN 8553112 AND 8553212
	Index Only Scan using k_8 on sbtest8  (cost=0.43..6.83 rows=120 width=4)
	  Index Cond: ((k >= 8553112) AND (k <= 8553212))
for range-covered
table 1 : explain SELECT k FROM sbtest1 WHERE k BETWEEN 5803412 AND 5803512
	Index Only Scan using k_1 on sbtest1  (cost=0.43..10.58 rows=107 width=4)
	  Index Cond: ((k >= 5803412) AND (k <= 5803512))

table 2 : explain SELECT k FROM sbtest2 WHERE k BETWEEN 5803412 AND 5803512
	Index Only Scan using k_2 on sbtest2  (cost=0.43..6.56 rows=106 width=4)
	  Index Cond: ((k >= 5803412) AND (k <= 5803512))

table 3 : explain SELECT k FROM sbtest3 WHERE k BETWEEN 5803412 AND 5803512
	Index Only Scan using k_3 on sbtest3  (cost=0.43..6.42 rows=99 width=4)
	  Index Cond: ((k >= 5803412) AND (k <= 5803512))

table 4 : explain SELECT k FROM sbtest4 WHERE k BETWEEN 5803412 AND 5803512
	Index Only Scan using k_4 on sbtest4  (cost=0.43..6.59 rows=108 width=4)
	  Index Cond: ((k >= 5803412) AND (k <= 5803512))

table 5 : explain SELECT k FROM sbtest5 WHERE k BETWEEN 5803412 AND 5803512
	Index Only Scan using k_5 on sbtest5  (cost=0.43..6.58 rows=107 width=4)
	  Index Cond: ((k >= 5803412) AND (k <= 5803512))

table 6 : explain SELECT k FROM sbtest6 WHERE k BETWEEN 5803412 AND 5803512
	Index Only Scan using k_6 on sbtest6  (cost=0.43..6.45 rows=101 width=4)
	  Index Cond: ((k >= 5803412) AND (k <= 5803512))

table 7 : explain SELECT k FROM sbtest7 WHERE k BETWEEN 5803412 AND 5803512
	Index Only Scan using k_7 on sbtest7  (cost=0.43..6.66 rows=111 width=4)
	  Index Cond: ((k >= 5803412) AND (k <= 5803512))

table 8 : explain SELECT k FROM sbtest8 WHERE k BETWEEN 5803412 AND 5803512
	Index Only Scan using k_8 on sbtest8  (cost=0.43..6.53 rows=105 width=4)
	  Index Cond: ((k >= 5803412) AND (k <= 5803512))

for range-covered
table 1 : explain SELECT k FROM sbtest1 WHERE k BETWEEN 1822051 AND 1822151
	Index Only Scan using k_1 on sbtest1  (cost=0.43..10.47 rows=102 width=4)
	  Index Cond: ((k >= 1822051) AND (k <= 1822151))

table 2 : explain SELECT k FROM sbtest2 WHERE k BETWEEN 1822051 AND 1822151
	Index Only Scan using k_2 on sbtest2  (cost=0.43..6.69 rows=113 width=4)
	  Index Cond: ((k >= 1822051) AND (k <= 1822151))

table 3 : explain SELECT k FROM sbtest3 WHERE k BETWEEN 1822051 AND 1822151
	Index Only Scan using k_3 on sbtest3  (cost=0.43..6.27 rows=92 width=4)
	  Index Cond: ((k >= 1822051) AND (k <= 1822151))

table 4 : explain SELECT k FROM sbtest4 WHERE k BETWEEN 1822051 AND 1822151
	Index Only Scan using k_4 on sbtest4  (cost=0.43..6.45 rows=101 width=4)
	  Index Cond: ((k >= 1822051) AND (k <= 1822151))

table 5 : explain SELECT k FROM sbtest5 WHERE k BETWEEN 1822051 AND 1822151
	Index Only Scan using k_5 on sbtest5  (cost=0.43..6.35 rows=96 width=4)
	  Index Cond: ((k >= 1822051) AND (k <= 1822151))

table 6 : explain SELECT k FROM sbtest6 WHERE k BETWEEN 1822051 AND 1822151
	Index Only Scan using k_6 on sbtest6  (cost=0.43..6.59 rows=108 width=4)
	  Index Cond: ((k >= 1822051) AND (k <= 1822151))

table 7 : explain SELECT k FROM sbtest7 WHERE k BETWEEN 1822051 AND 1822151
	Index Only Scan using k_7 on sbtest7  (cost=0.43..6.42 rows=99 width=4)
	  Index Cond: ((k >= 1822051) AND (k <= 1822151))

table 8 : explain SELECT k FROM sbtest8 WHERE k BETWEEN 1822051 AND 1822151
	Index Only Scan using k_8 on sbtest8  (cost=0.43..6.56 rows=106 width=4)
	  Index Cond: ((k >= 1822051) AND (k <= 1822151))


explain: for range-covered :: explain SELECT k FROM sbtest%d WHERE k BETWEEN 1822051 AND 1822151explain: for range-covered :: explain SELECT k FROM sbtest%d WHERE k BETWEEN 8553112 AND 8553212

for range-covered
table 1 : explain SELECT k FROM sbtest1 WHERE k BETWEEN 6512533 AND 6512633
	Index Only Scan using k_1 on sbtest1  (cost=0.43..10.62 rows=109 width=4)
	  Index Cond: ((k >= 6512533) AND (k <= 6512633))

table 2 : explain SELECT k FROM sbtest2 WHERE k BETWEEN 6512533 AND 6512633
	Index Only Scan using k_2 on sbtest2  (cost=0.43..6.21 rows=89 width=4)
	  Index Cond: ((k >= 6512533) AND (k <= 6512633))

table 3 : explain SELECT k FROM sbtest3 WHERE k BETWEEN 6512533 AND 6512633
	Index Only Scan using k_3 on sbtest3  (cost=0.43..6.53 rows=105 width=4)
	  Index Cond: ((k >= 6512533) AND (k <= 6512633))

table 4 : explain SELECT k FROM sbtest4 WHERE k BETWEEN 6512533 AND 6512633
	Index Only Scan using k_4 on sbtest4  (cost=0.43..6.75 rows=116 width=4)
	  Index Cond: ((k >= 6512533) AND (k <= 6512633))

table 5 : explain SELECT k FROM sbtest5 WHERE k BETWEEN 6512533 AND 6512633
	Index Only Scan using k_5 on sbtest5  (cost=0.43..6.43 rows=100 width=4)
	  Index Cond: ((k >= 6512533) AND (k <= 6512633))

table 6 : explain SELECT k FROM sbtest6 WHERE k BETWEEN 6512533 AND 6512633
	Index Only Scan using k_6 on sbtest6  (cost=0.43..6.45 rows=101 width=4)
	  Index Cond: ((k >= 6512533) AND (k <= 6512633))

table 7 : explain SELECT k FROM sbtest7 WHERE k BETWEEN 6512533 AND 6512633
	Index Only Scan using k_7 on sbtest7  (cost=0.43..6.72 rows=114 width=4)
	  Index Cond: ((k >= 6512533) AND (k <= 6512633))

table 8 : explain SELECT k FROM sbtest8 WHERE k BETWEEN 6512533 AND 6512633
	Index Only Scan using k_8 on sbtest8  (cost=0.43..6.47 rows=102 width=4)
	  Index Cond: ((k >= 6512533) AND (k <= 6512633))

explain: for range-covered :: explain SELECT k FROM sbtest%d WHERE k BETWEEN 6512533 AND 6512633
for range-covered
table 1 : explain SELECT k FROM sbtest1 WHERE k BETWEEN 1822051 AND 1822151
	Index Only Scan using k_1 on sbtest1  (cost=0.43..10.47 rows=102 width=4)
	  Index Cond: ((k >= 1822051) AND (k <= 1822151))

table 2 : explain SELECT k FROM sbtest2 WHERE k BETWEEN 1822051 AND 1822151
	Index Only Scan using k_2 on sbtest2  (cost=0.43..6.69 rows=113 width=4)
	  Index Cond: ((k >= 1822051) AND (k <= 1822151))

table 3 : explain SELECT k FROM sbtest3 WHERE k BETWEEN 1822051 AND 1822151
	Index Only Scan using k_3 on sbtest3  (cost=0.43..6.27 rows=92 width=4)
	  Index Cond: ((k >= 1822051) AND (k <= 1822151))

table 4 : explain SELECT k FROM sbtest4 WHERE k BETWEEN 1822051 AND 1822151
	Index Only Scan using k_4 on sbtest4  (cost=0.43..6.45 rows=101 width=4)
	  Index Cond: ((k >= 1822051) AND (k <= 1822151))

table 5 : explain SELECT k FROM sbtest5 WHERE k BETWEEN 1822051 AND 1822151
	Index Only Scan using k_5 on sbtest5  (cost=0.43..6.35 rows=96 width=4)
	  Index Cond: ((k >= 1822051) AND (k <= 1822151))

table 6 : explain SELECT k FROM sbtest6 WHERE k BETWEEN 1822051 AND 1822151
	Index Only Scan using k_6 on sbtest6  (cost=0.43..6.59 rows=108 width=4)
	  Index Cond: ((k >= 1822051) AND (k <= 1822151))

table 7 : explain SELECT k FROM sbtest7 WHERE k BETWEEN 1822051 AND 1822151
	Index Only Scan using k_7 on sbtest7  (cost=0.43..6.42 rows=99 width=4)
	  Index Cond: ((k >= 1822051) AND (k <= 1822151))

table 8 : explain SELECT k FROM sbtest8 WHERE k BETWEEN 1822051 AND 1822151
	Index Only Scan using k_8 on sbtest8  (cost=0.43..6.56 rows=106 width=4)
	  Index Cond: ((k >= 1822051) AND (k <= 1822151))

for range-covered
table 1 : explain SELECT k FROM sbtest1 WHERE k BETWEEN 8553112 AND 8553212
	Index Only Scan using k_1 on sbtest1  (cost=0.43..10.51 rows=104 width=4)
	  Index Cond: ((k >= 8553112) AND (k <= 8553212))

table 2 : explain SELECT k FROM sbtest2 WHERE k BETWEEN 8553112 AND 8553212
	Index Only Scan using k_2 on sbtest2  (cost=0.43..6.53 rows=105 width=4)
	  Index Cond: ((k >= 8553112) AND (k <= 8553212))

table 3 : explain SELECT k FROM sbtest3 WHERE k BETWEEN 8553112 AND 8553212
	Index Only Scan using k_3 on sbtest3  (cost=0.43..6.63 rows=110 width=4)
	  Index Cond: ((k >= 8553112) AND (k <= 8553212))

table 4 : explain SELECT k FROM sbtest4 WHERE k BETWEEN 8553112 AND 8553212
	Index Only Scan using k_4 on sbtest4  (cost=0.43..6.58 rows=107 width=4)
	  Index Cond: ((k >= 8553112) AND (k <= 8553212))

table 5 : explain SELECT k FROM sbtest5 WHERE k BETWEEN 8553112 AND 8553212
	Index Only Scan using k_5 on sbtest5  (cost=0.43..6.35 rows=96 width=4)
	  Index Cond: ((k >= 8553112) AND (k <= 8553212))

table 6 : explain SELECT k FROM sbtest6 WHERE k BETWEEN 8553112 AND 8553212
	Index Only Scan using k_6 on sbtest6  (cost=0.43..6.58 rows=107 width=4)
	  Index Cond: ((k >= 8553112) AND (k <= 8553212))

table 7 : explain SELECT k FROM sbtest7 WHERE k BETWEEN 8553112 AND 8553212
	Index Only Scan using k_7 on sbtest7  (cost=0.43..6.37 rows=97 width=4)
	  Index Cond: ((k >= 8553112) AND (k <= 8553212))

table 8 : explain SELECT k FROM sbtest8 WHERE k BETWEEN 8553112 AND 8553212
	Index Only Scan using k_8 on sbtest8  (cost=0.43..6.83 rows=120 width=4)
	  Index Cond: ((k >= 8553112) AND (k <= 8553212))

explain: for range-covered :: explain SELECT k FROM sbtest%d WHERE k BETWEEN 1822051 AND 1822151
explain: for range-covered :: explain SELECT k FROM sbtest%d WHERE k BETWEEN 8553112 AND 8553212
explain: for range-covered :: explain SELECT k FROM sbtest%d WHERE k BETWEEN 5803412 AND 5803512
for range-covered
table 1 : explain SELECT k FROM sbtest1 WHERE k BETWEEN 6512533 AND 6512633
	Index Only Scan using k_1 on sbtest1  (cost=0.43..10.62 rows=109 width=4)
	  Index Cond: ((k >= 6512533) AND (k <= 6512633))

table 2 : explain SELECT k FROM sbtest2 WHERE k BETWEEN 6512533 AND 6512633
	Index Only Scan using k_2 on sbtest2  (cost=0.43..6.21 rows=89 width=4)
	  Index Cond: ((k >= 6512533) AND (k <= 6512633))

table 3 : explain SELECT k FROM sbtest3 WHERE k BETWEEN 6512533 AND 6512633
	Index Only Scan using k_3 on sbtest3  (cost=0.43..6.53 rows=105 width=4)
	  Index Cond: ((k >= 6512533) AND (k <= 6512633))

table 4 : explain SELECT k FROM sbtest4 WHERE k BETWEEN 6512533 AND 6512633
	Index Only Scan using k_4 on sbtest4  (cost=0.43..6.75 rows=116 width=4)
	  Index Cond: ((k >= 6512533) AND (k <= 6512633))

table 5 : explain SELECT k FROM sbtest5 WHERE k BETWEEN 6512533 AND 6512633
	Index Only Scan using k_5 on sbtest5  (cost=0.43..6.43 rows=100 width=4)
	  Index Cond: ((k >= 6512533) AND (k <= 6512633))

table 6 : explain SELECT k FROM sbtest6 WHERE k BETWEEN 6512533 AND 6512633
	Index Only Scan using k_6 on sbtest6  (cost=0.43..6.45 rows=101 width=4)
	  Index Cond: ((k >= 6512533) AND (k <= 6512633))

table 7 : explain SELECT k FROM sbtest7 WHERE k BETWEEN 6512533 AND 6512633
	Index Only Scan using k_7 on sbtest7  (cost=0.43..6.72 rows=114 width=4)
	  Index Cond: ((k >= 6512533) AND (k <= 6512633))

table 8 : explain SELECT k FROM sbtest8 WHERE k BETWEEN 6512533 AND 6512633
	Index Only Scan using k_8 on sbtest8  (cost=0.43..6.47 rows=102 width=4)
	  Index Cond: ((k >= 6512533) AND (k <= 6512633))

explain: for range-covered :: explain SELECT k FROM sbtest%d WHERE k BETWEEN 6512533 AND 6512633
for range-covered
table 1 : explain SELECT k FROM sbtest1 WHERE k BETWEEN 8553112 AND 8553212
	Index Only Scan using k_1 on sbtest1  (cost=0.43..10.51 rows=104 width=4)
	  Index Cond: ((k >= 8553112) AND (k <= 8553212))

table 2 : explain SELECT k FROM sbtest2 WHERE k BETWEEN 8553112 AND 8553212
	Index Only Scan using k_2 on sbtest2  (cost=0.43..6.53 rows=105 width=4)
	  Index Cond: ((k >= 8553112) AND (k <= 8553212))

table 3 : explain SELECT k FROM sbtest3 WHERE k BETWEEN 8553112 AND 8553212
	Index Only Scan using k_3 on sbtest3  (cost=0.43..6.63 rows=110 width=4)
	  Index Cond: ((k >= 8553112) AND (k <= 8553212))

table 4 : explain SELECT k FROM sbtest4 WHERE k BETWEEN 8553112 AND 8553212
	Index Only Scan using k_4 on sbtest4  (cost=0.43..6.58 rows=107 width=4)
	  Index Cond: ((k >= 8553112) AND (k <= 8553212))

table 5 : explain SELECT k FROM sbtest5 WHERE k BETWEEN 8553112 AND 8553212
	Index Only Scan using k_5 on sbtest5  (cost=0.43..6.35 rows=96 width=4)
	  Index Cond: ((k >= 8553112) AND (k <= 8553212))

table 6 : explain SELECT k FROM sbtest6 WHERE k BETWEEN 8553112 AND 8553212
	Index Only Scan using k_6 on sbtest6  (cost=0.43..6.58 rows=107 width=4)
	  Index Cond: ((k >= 8553112) AND (k <= 8553212))

table 7 : explain SELECT k FROM sbtest7 WHERE k BETWEEN 8553112 AND 8553212
	Index Only Scan using k_7 on sbtest7  (cost=0.43..6.37 rows=97 width=4)
	  Index Cond: ((k >= 8553112) AND (k <= 8553212))

table 8 : explain SELECT k FROM sbtest8 WHERE k BETWEEN 8553112 AND 8553212
	Index Only Scan using k_8 on sbtest8  (cost=0.43..6.83 rows=120 width=4)
	  Index Cond: ((k >= 8553112) AND (k <= 8553212))

explain: for range-covered :: explain SELECT k FROM sbtest%d WHERE k BETWEEN 8553112 AND 8553212
for range-covered
table 1 : explain SELECT k FROM sbtest1 WHERE k BETWEEN 6512533 AND 6512633
	Index Only Scan using k_1 on sbtest1  (cost=0.43..10.62 rows=109 width=4)
	  Index Cond: ((k >= 6512533) AND (k <= 6512633))

table 2 : explain SELECT k FROM sbtest2 WHERE k BETWEEN 6512533 AND 6512633
	Index Only Scan using k_2 on sbtest2  (cost=0.43..6.21 rows=89 width=4)
	  Index Cond: ((k >= 6512533) AND (k <= 6512633))

table 3 : explain SELECT k FROM sbtest3 WHERE k BETWEEN 6512533 AND 6512633
	Index Only Scan using k_3 on sbtest3  (cost=0.43..6.53 rows=105 width=4)
	  Index Cond: ((k >= 6512533) AND (k <= 6512633))

table 4 : explain SELECT k FROM sbtest4 WHERE k BETWEEN 6512533 AND 6512633
	Index Only Scan using k_4 on sbtest4  (cost=0.43..6.75 rows=116 width=4)
	  Index Cond: ((k >= 6512533) AND (k <= 6512633))

table 5 : explain SELECT k FROM sbtest5 WHERE k BETWEEN 6512533 AND 6512633
	Index Only Scan using k_5 on sbtest5  (cost=0.43..6.43 rows=100 width=4)
	  Index Cond: ((k >= 6512533) AND (k <= 6512633))

table 6 : explain SELECT k FROM sbtest6 WHERE k BETWEEN 6512533 AND 6512633
	Index Only Scan using k_6 on sbtest6  (cost=0.43..6.45 rows=101 width=4)
	  Index Cond: ((k >= 6512533) AND (k <= 6512633))

table 7 : explain SELECT k FROM sbtest7 WHERE k BETWEEN 6512533 AND 6512633
	Index Only Scan using k_7 on sbtest7  (cost=0.43..6.72 rows=114 width=4)
	  Index Cond: ((k >= 6512533) AND (k <= 6512633))

table 8 : explain SELECT k FROM sbtest8 WHERE k BETWEEN 6512533 AND 6512633
	Index Only Scan using k_8 on sbtest8  (cost=0.43..6.47 rows=102 width=4)
	  Index Cond: ((k >= 6512533) AND (k <= 6512633))

explain: for range-covered :: explain SELECT k FROM sbtest%d WHERE k BETWEEN 6512533 AND 6512633
for range-covered
table 1 : explain SELECT k FROM sbtest1 WHERE k BETWEEN 2160239 AND 2160339
	Index Only Scan using k_1 on sbtest1  (cost=0.43..10.58 rows=107 width=4)
	  Index Cond: ((k >= 2160239) AND (k <= 2160339))

table 2 : explain SELECT k FROM sbtest2 WHERE k BETWEEN 2160239 AND 2160339
	Index Only Scan using k_2 on sbtest2  (cost=0.43..6.51 rows=104 width=4)
	  Index Cond: ((k >= 2160239) AND (k <= 2160339))

table 3 : explain SELECT k FROM sbtest3 WHERE k BETWEEN 2160239 AND 2160339
	Index Only Scan using k_3 on sbtest3  (cost=0.43..6.51 rows=104 width=4)
	  Index Cond: ((k >= 2160239) AND (k <= 2160339))

table 4 : explain SELECT k FROM sbtest4 WHERE k BETWEEN 2160239 AND 2160339
	Index Only Scan using k_4 on sbtest4  (cost=0.43..6.35 rows=96 width=4)
	  Index Cond: ((k >= 2160239) AND (k <= 2160339))

table 5 : explain SELECT k FROM sbtest5 WHERE k BETWEEN 2160239 AND 2160339
	Index Only Scan using k_5 on sbtest5  (cost=0.43..6.45 rows=101 width=4)
	  Index Cond: ((k >= 2160239) AND (k <= 2160339))

table 6 : explain SELECT k FROM sbtest6 WHERE k BETWEEN 2160239 AND 2160339
	Index Only Scan using k_6 on sbtest6  (cost=0.43..6.42 rows=99 width=4)
	  Index Cond: ((k >= 2160239) AND (k <= 2160339))

table 7 : explain SELECT k FROM sbtest7 WHERE k BETWEEN 2160239 AND 2160339
	Index Only Scan using k_7 on sbtest7  (cost=0.43..6.53 rows=105 width=4)
	  Index Cond: ((k >= 2160239) AND (k <= 2160339))

table 8 : explain SELECT k FROM sbtest8 WHERE k BETWEEN 2160239 AND 2160339
	Index Only Scan using k_8 on sbtest8  (cost=0.43..6.43 rows=100 width=4)
	  Index Cond: ((k >= 2160239) AND (k <= 2160339))

explain: for range-covered :: explain SELECT k FROM sbtest%d WHERE k BETWEEN 3756908 AND 3757008
for range-covered
table 1 : explain SELECT k FROM sbtest1 WHERE k BETWEEN 6512533 AND 6512633
	Index Only Scan using k_1 on sbtest1  (cost=0.43..10.62 rows=109 width=4)
	  Index Cond: ((k >= 6512533) AND (k <= 6512633))

table 2 : explain SELECT k FROM sbtest2 WHERE k BETWEEN 6512533 AND 6512633
	Index Only Scan using k_2 on sbtest2  (cost=0.43..6.21 rows=89 width=4)
	  Index Cond: ((k >= 6512533) AND (k <= 6512633))

table 3 : explain SELECT k FROM sbtest3 WHERE k BETWEEN 6512533 AND 6512633
	Index Only Scan using k_3 on sbtest3  (cost=0.43..6.53 rows=105 width=4)
	  Index Cond: ((k >= 6512533) AND (k <= 6512633))

table 4 : explain SELECT k FROM sbtest4 WHERE k BETWEEN 6512533 AND 6512633
	Index Only Scan using k_4 on sbtest4  (cost=0.43..6.75 rows=116 width=4)
	  Index Cond: ((k >= 6512533) AND (k <= 6512633))

table 5 : explain SELECT k FROM sbtest5 WHERE k BETWEEN 6512533 AND 6512633
	Index Only Scan using k_5 on sbtest5  (cost=0.43..6.43 rows=100 width=4)
	  Index Cond: ((k >= 6512533) AND (k <= 6512633))

table 6 : explain SELECT k FROM sbtest6 WHERE k BETWEEN 6512533 AND 6512633
	Index Only Scan using k_6 on sbtest6  (cost=0.43..6.45 rows=101 width=4)
	  Index Cond: ((k >= 6512533) AND (k <= 6512633))

table 7 : explain SELECT k FROM sbtest7 WHERE k BETWEEN 6512533 AND 6512633
	Index Only Scan using k_7 on sbtest7  (cost=0.43..6.72 rows=114 width=4)
	  Index Cond: ((k >= 6512533) AND (k <= 6512633))

table 8 : explain SELECT k FROM sbtest8 WHERE k BETWEEN 6512533 AND 6512633
	Index Only Scan using k_8 on sbtest8  (cost=0.43..6.47 rows=102 width=4)
	  Index Cond: ((k >= 6512533) AND (k <= 6512633))

explain: for range-covered :: explain SELECT k FROM sbtest%d WHERE k BETWEEN 6512533 AND 6512633
for range-covered
table 1 : explain SELECT k FROM sbtest1 WHERE k BETWEEN 6512533 AND 6512633
	Index Only Scan using k_1 on sbtest1  (cost=0.43..10.62 rows=109 width=4)
	  Index Cond: ((k >= 6512533) AND (k <= 6512633))

table 2 : explain SELECT k FROM sbtest2 WHERE k BETWEEN 6512533 AND 6512633
	Index Only Scan using k_2 on sbtest2  (cost=0.43..6.21 rows=89 width=4)
	  Index Cond: ((k >= 6512533) AND (k <= 6512633))

table 3 : explain SELECT k FROM sbtest3 WHERE k BETWEEN 6512533 AND 6512633
	Index Only Scan using k_3 on sbtest3  (cost=0.43..6.53 rows=105 width=4)
	  Index Cond: ((k >= 6512533) AND (k <= 6512633))

table 4 : explain SELECT k FROM sbtest4 WHERE k BETWEEN 6512533 AND 6512633
	Index Only Scan using k_4 on sbtest4  (cost=0.43..6.75 rows=116 width=4)
	  Index Cond: ((k >= 6512533) AND (k <= 6512633))

table 5 : explain SELECT k FROM sbtest5 WHERE k BETWEEN 6512533 AND 6512633
	Index Only Scan using k_5 on sbtest5  (cost=0.43..6.43 rows=100 width=4)
	  Index Cond: ((k >= 6512533) AND (k <= 6512633))

table 6 : explain SELECT k FROM sbtest6 WHERE k BETWEEN 6512533 AND 6512633
	Index Only Scan using k_6 on sbtest6  (cost=0.43..6.45 rows=101 width=4)
	  Index Cond: ((k >= 6512533) AND (k <= 6512633))

table 7 : explain SELECT k FROM sbtest7 WHERE k BETWEEN 6512533 AND 6512633
	Index Only Scan using k_7 on sbtest7  (cost=0.43..6.72 rows=114 width=4)
	  Index Cond: ((k >= 6512533) AND (k <= 6512633))

table 8 : explain SELECT k FROM sbtest8 WHERE k BETWEEN 6512533 AND 6512633
	Index Only Scan using k_8 on sbtest8  (cost=0.43..6.47 rows=102 width=4)
	  Index Cond: ((k >= 6512533) AND (k <= 6512633))

explain: for range-covered :: explain SELECT k FROM sbtest%d WHERE k BETWEEN 6512533 AND 6512633
for range-covered
table 1 : explain SELECT k FROM sbtest1 WHERE k BETWEEN 6512533 AND 6512633
	Index Only Scan using k_1 on sbtest1  (cost=0.43..10.62 rows=109 width=4)
	  Index Cond: ((k >= 6512533) AND (k <= 6512633))

table 2 : explain SELECT k FROM sbtest2 WHERE k BETWEEN 6512533 AND 6512633
	Index Only Scan using k_2 on sbtest2  (cost=0.43..6.21 rows=89 width=4)
	  Index Cond: ((k >= 6512533) AND (k <= 6512633))

table 3 : explain SELECT k FROM sbtest3 WHERE k BETWEEN 6512533 AND 6512633
	Index Only Scan using k_3 on sbtest3  (cost=0.43..6.53 rows=105 width=4)
	  Index Cond: ((k >= 6512533) AND (k <= 6512633))

table 4 : explain SELECT k FROM sbtest4 WHERE k BETWEEN 6512533 AND 6512633
	Index Only Scan using k_4 on sbtest4  (cost=0.43..6.75 rows=116 width=4)
	  Index Cond: ((k >= 6512533) AND (k <= 6512633))

table 5 : explain SELECT k FROM sbtest5 WHERE k BETWEEN 6512533 AND 6512633
	Index Only Scan using k_5 on sbtest5  (cost=0.43..6.43 rows=100 width=4)
	  Index Cond: ((k >= 6512533) AND (k <= 6512633))

table 6 : explain SELECT k FROM sbtest6 WHERE k BETWEEN 6512533 AND 6512633
	Index Only Scan using k_6 on sbtest6  (cost=0.43..6.45 rows=101 width=4)
	  Index Cond: ((k >= 6512533) AND (k <= 6512633))

table 7 : explain SELECT k FROM sbtest7 WHERE k BETWEEN 6512533 AND 6512633
	Index Only Scan using k_7 on sbtest7  (cost=0.43..6.72 rows=114 width=4)
	  Index Cond: ((k >= 6512533) AND (k <= 6512633))

table 8 : explain SELECT k FROM sbtest8 WHERE k BETWEEN 6512533 AND 6512633
	Index Only Scan using k_8 on sbtest8  (cost=0.43..6.47 rows=102 width=4)
	  Index Cond: ((k >= 6512533) AND (k <= 6512633))

explain: for range-covered :: explain SELECT k FROM sbtest%d WHERE k BETWEEN 7816034 AND 7816134
for range-covered
table 1 : explain SELECT k FROM sbtest1 WHERE k BETWEEN 5974026 AND 5974126
	Index Only Scan using k_1 on sbtest1  (cost=0.43..10.47 rows=102 width=4)
	  Index Cond: ((k >= 5974026) AND (k <= 5974126))

table 2 : explain SELECT k FROM sbtest2 WHERE k BETWEEN 5974026 AND 5974126
	Index Only Scan using k_2 on sbtest2  (cost=0.43..6.56 rows=106 width=4)
	  Index Cond: ((k >= 5974026) AND (k <= 5974126))

table 3 : explain SELECT k FROM sbtest3 WHERE k BETWEEN 5974026 AND 5974126
	Index Only Scan using k_3 on sbtest3  (cost=0.43..6.40 rows=98 width=4)
	  Index Cond: ((k >= 5974026) AND (k <= 5974126))

table 4 : explain SELECT k FROM sbtest4 WHERE k BETWEEN 5974026 AND 5974126
	Index Only Scan using k_4 on sbtest4  (cost=0.43..6.47 rows=102 width=4)
	  Index Cond: ((k >= 5974026) AND (k <= 5974126))

table 5 : explain SELECT k FROM sbtest5 WHERE k BETWEEN 5974026 AND 5974126
	Index Only Scan using k_5 on sbtest5  (cost=0.43..6.53 rows=105 width=4)
	  Index Cond: ((k >= 5974026) AND (k <= 5974126))

table 6 : explain SELECT k FROM sbtest6 WHERE k BETWEEN 5974026 AND 5974126
	Index Only Scan using k_6 on sbtest6  (cost=0.43..6.53 rows=105 width=4)
	  Index Cond: ((k >= 5974026) AND (k <= 5974126))

table 7 : explain SELECT k FROM sbtest7 WHERE k BETWEEN 5974026 AND 5974126
	Index Only Scan using k_7 on sbtest7  (cost=0.43..6.85 rows=121 width=4)
	  Index Cond: ((k >= 5974026) AND (k <= 5974126))

table 8 : explain SELECT k FROM sbtest8 WHERE k BETWEEN 5974026 AND 5974126
	Index Only Scan using k_8 on sbtest8  (cost=0.43..6.56 rows=106 width=4)
	  Index Cond: ((k >= 5974026) AND (k <= 5974126))

explain: for range-covered :: explain SELECT k FROM sbtest%d WHERE k BETWEEN 3349354 AND 3349454
for range-covered
table 1 : explain SELECT k FROM sbtest1 WHERE k BETWEEN 1822051 AND 1822151
	Index Only Scan using k_1 on sbtest1  (cost=0.43..10.47 rows=102 width=4)
	  Index Cond: ((k >= 1822051) AND (k <= 1822151))

table 2 : explain SELECT k FROM sbtest2 WHERE k BETWEEN 1822051 AND 1822151
	Index Only Scan using k_2 on sbtest2  (cost=0.43..6.69 rows=113 width=4)
	  Index Cond: ((k >= 1822051) AND (k <= 1822151))

table 3 : explain SELECT k FROM sbtest3 WHERE k BETWEEN 1822051 AND 1822151
	Index Only Scan using k_3 on sbtest3  (cost=0.43..6.27 rows=92 width=4)
	  Index Cond: ((k >= 1822051) AND (k <= 1822151))

table 4 : explain SELECT k FROM sbtest4 WHERE k BETWEEN 1822051 AND 1822151
	Index Only Scan using k_4 on sbtest4  (cost=0.43..6.45 rows=101 width=4)
	  Index Cond: ((k >= 1822051) AND (k <= 1822151))

table 5 : explain SELECT k FROM sbtest5 WHERE k BETWEEN 1822051 AND 1822151
	Index Only Scan using k_5 on sbtest5  (cost=0.43..6.35 rows=96 width=4)
	  Index Cond: ((k >= 1822051) AND (k <= 1822151))

table 6 : explain SELECT k FROM sbtest6 WHERE k BETWEEN 1822051 AND 1822151
	Index Only Scan using k_6 on sbtest6  (cost=0.43..6.59 rows=108 width=4)
	  Index Cond: ((k >= 1822051) AND (k <= 1822151))

table 7 : explain SELECT k FROM sbtest7 WHERE k BETWEEN 1822051 AND 1822151
	Index Only Scan using k_7 on sbtest7  (cost=0.43..6.42 rows=99 width=4)
	  Index Cond: ((k >= 1822051) AND (k <= 1822151))

table 8 : explain SELECT k FROM sbtest8 WHERE k BETWEEN 1822051 AND 1822151
	Index Only Scan using k_8 on sbtest8  (cost=0.43..6.56 rows=106 width=4)
	  Index Cond: ((k >= 1822051) AND (k <= 1822151))

explain: for range-covered :: explain SELECT k FROM sbtest%d WHERE k BETWEEN 1822051 AND 1822151
for range-covered
table 1 : explain SELECT k FROM sbtest1 WHERE k BETWEEN 8553112 AND 8553212
	Index Only Scan using k_1 on sbtest1  (cost=0.43..10.51 rows=104 width=4)
	  Index Cond: ((k >= 8553112) AND (k <= 8553212))

table 2 : explain SELECT k FROM sbtest2 WHERE k BETWEEN 8553112 AND 8553212
	Index Only Scan using k_2 on sbtest2  (cost=0.43..6.53 rows=105 width=4)
	  Index Cond: ((k >= 8553112) AND (k <= 8553212))

table 3 : explain SELECT k FROM sbtest3 WHERE k BETWEEN 8553112 AND 8553212
	Index Only Scan using k_3 on sbtest3  (cost=0.43..6.63 rows=110 width=4)
	  Index Cond: ((k >= 8553112) AND (k <= 8553212))

table 4 : explain SELECT k FROM sbtest4 WHERE k BETWEEN 8553112 AND 8553212
	Index Only Scan using k_4 on sbtest4  (cost=0.43..6.58 rows=107 width=4)
	  Index Cond: ((k >= 8553112) AND (k <= 8553212))

table 5 : explain SELECT k FROM sbtest5 WHERE k BETWEEN 8553112 AND 8553212
	Index Only Scan using k_5 on sbtest5  (cost=0.43..6.35 rows=96 width=4)
	  Index Cond: ((k >= 8553112) AND (k <= 8553212))

table 6 : explain SELECT k FROM sbtest6 WHERE k BETWEEN 8553112 AND 8553212
	Index Only Scan using k_6 on sbtest6  (cost=0.43..6.58 rows=107 width=4)
	  Index Cond: ((k >= 8553112) AND (k <= 8553212))

table 7 : explain SELECT k FROM sbtest7 WHERE k BETWEEN 8553112 AND 8553212
	Index Only Scan using k_7 on sbtest7  (cost=0.43..6.37 rows=97 width=4)
	  Index Cond: ((k >= 8553112) AND (k <= 8553212))

table 8 : explain SELECT k FROM sbtest8 WHERE k BETWEEN 8553112 AND 8553212
	Index Only Scan using k_8 on sbtest8  (cost=0.43..6.83 rows=120 width=4)
	  Index Cond: ((k >= 8553112) AND (k <= 8553212))

explain: for range-covered :: explain SELECT k FROM sbtest%d WHERE k BETWEEN 8553112 AND 8553212
for range-covered
table 1 : explain SELECT k FROM sbtest1 WHERE k BETWEEN 1822051 AND 1822151
	Index Only Scan using k_1 on sbtest1  (cost=0.43..10.47 rows=102 width=4)
	  Index Cond: ((k >= 1822051) AND (k <= 1822151))

table 2 : explain SELECT k FROM sbtest2 WHERE k BETWEEN 1822051 AND 1822151
	Index Only Scan using k_2 on sbtest2  (cost=0.43..6.69 rows=113 width=4)
	  Index Cond: ((k >= 1822051) AND (k <= 1822151))

table 3 : explain SELECT k FROM sbtest3 WHERE k BETWEEN 1822051 AND 1822151
	Index Only Scan using k_3 on sbtest3  (cost=0.43..6.27 rows=92 width=4)
	  Index Cond: ((k >= 1822051) AND (k <= 1822151))

table 4 : explain SELECT k FROM sbtest4 WHERE k BETWEEN 1822051 AND 1822151
	Index Only Scan using k_4 on sbtest4  (cost=0.43..6.45 rows=101 width=4)
	  Index Cond: ((k >= 1822051) AND (k <= 1822151))

table 5 : explain SELECT k FROM sbtest5 WHERE k BETWEEN 1822051 AND 1822151
	Index Only Scan using k_5 on sbtest5  (cost=0.43..6.35 rows=96 width=4)
	  Index Cond: ((k >= 1822051) AND (k <= 1822151))

table 6 : explain SELECT k FROM sbtest6 WHERE k BETWEEN 1822051 AND 1822151
	Index Only Scan using k_6 on sbtest6  (cost=0.43..6.59 rows=108 width=4)
	  Index Cond: ((k >= 1822051) AND (k <= 1822151))

table 7 : explain SELECT k FROM sbtest7 WHERE k BETWEEN 1822051 AND 1822151
	Index Only Scan using k_7 on sbtest7  (cost=0.43..6.42 rows=99 width=4)
	  Index Cond: ((k >= 1822051) AND (k <= 1822151))

table 8 : explain SELECT k FROM sbtest8 WHERE k BETWEEN 1822051 AND 1822151
	Index Only Scan using k_8 on sbtest8  (cost=0.43..6.56 rows=106 width=4)
	  Index Cond: ((k >= 1822051) AND (k <= 1822151))

explain: for range-covered :: explain SELECT k FROM sbtest%d WHERE k BETWEEN 1822051 AND 1822151
explain: for range-covered :: explain SELECT k FROM sbtest%d WHERE k BETWEEN 5138642 AND 5138742
for range-covered
table 1 : explain SELECT k FROM sbtest1 WHERE k BETWEEN 8553112 AND 8553212
	Index Only Scan using k_1 on sbtest1  (cost=0.43..10.51 rows=104 width=4)
	  Index Cond: ((k >= 8553112) AND (k <= 8553212))

table 2 : explain SELECT k FROM sbtest2 WHERE k BETWEEN 8553112 AND 8553212
	Index Only Scan using k_2 on sbtest2  (cost=0.43..6.53 rows=105 width=4)
	  Index Cond: ((k >= 8553112) AND (k <= 8553212))

table 3 : explain SELECT k FROM sbtest3 WHERE k BETWEEN 8553112 AND 8553212
	Index Only Scan using k_3 on sbtest3  (cost=0.43..6.63 rows=110 width=4)
	  Index Cond: ((k >= 8553112) AND (k <= 8553212))

table 4 : explain SELECT k FROM sbtest4 WHERE k BETWEEN 8553112 AND 8553212
	Index Only Scan using k_4 on sbtest4  (cost=0.43..6.58 rows=107 width=4)
	  Index Cond: ((k >= 8553112) AND (k <= 8553212))

table 5 : explain SELECT k FROM sbtest5 WHERE k BETWEEN 8553112 AND 8553212
	Index Only Scan using k_5 on sbtest5  (cost=0.43..6.35 rows=96 width=4)
	  Index Cond: ((k >= 8553112) AND (k <= 8553212))

table 6 : explain SELECT k FROM sbtest6 WHERE k BETWEEN 8553112 AND 8553212
	Index Only Scan using k_6 on sbtest6  (cost=0.43..6.58 rows=107 width=4)
	  Index Cond: ((k >= 8553112) AND (k <= 8553212))

table 7 : explain SELECT k FROM sbtest7 WHERE k BETWEEN 8553112 AND 8553212
	Index Only Scan using k_7 on sbtest7  (cost=0.43..6.37 rows=97 width=4)
	  Index Cond: ((k >= 8553112) AND (k <= 8553212))

table 8 : explain SELECT k FROM sbtest8 WHERE k BETWEEN 8553112 AND 8553212
	Index Only Scan using k_8 on sbtest8  (cost=0.43..6.83 rows=120 width=4)
	  Index Cond: ((k >= 8553112) AND (k <= 8553212))

explain: for range-covered :: explain SELECT k FROM sbtest%d WHERE k BETWEEN 8553112 AND 8553212
for range-covered
table 1 : explain SELECT k FROM sbtest1 WHERE k BETWEEN 1822051 AND 1822151
	Index Only Scan using k_1 on sbtest1  (cost=0.43..10.47 rows=102 width=4)
	  Index Cond: ((k >= 1822051) AND (k <= 1822151))

table 2 : explain SELECT k FROM sbtest2 WHERE k BETWEEN 1822051 AND 1822151
	Index Only Scan using k_2 on sbtest2  (cost=0.43..6.69 rows=113 width=4)
	  Index Cond: ((k >= 1822051) AND (k <= 1822151))

table 3 : explain SELECT k FROM sbtest3 WHERE k BETWEEN 1822051 AND 1822151
	Index Only Scan using k_3 on sbtest3  (cost=0.43..6.27 rows=92 width=4)
	  Index Cond: ((k >= 1822051) AND (k <= 1822151))

table 4 : explain SELECT k FROM sbtest4 WHERE k BETWEEN 1822051 AND 1822151
	Index Only Scan using k_4 on sbtest4  (cost=0.43..6.45 rows=101 width=4)
	  Index Cond: ((k >= 1822051) AND (k <= 1822151))

table 5 : explain SELECT k FROM sbtest5 WHERE k BETWEEN 1822051 AND 1822151
	Index Only Scan using k_5 on sbtest5  (cost=0.43..6.35 rows=96 width=4)
	  Index Cond: ((k >= 1822051) AND (k <= 1822151))

table 6 : explain SELECT k FROM sbtest6 WHERE k BETWEEN 1822051 AND 1822151
	Index Only Scan using k_6 on sbtest6  (cost=0.43..6.59 rows=108 width=4)
	  Index Cond: ((k >= 1822051) AND (k <= 1822151))

table 7 : explain SELECT k FROM sbtest7 WHERE k BETWEEN 1822051 AND 1822151
	Index Only Scan using k_7 on sbtest7  (cost=0.43..6.42 rows=99 width=4)
	  Index Cond: ((k >= 1822051) AND (k <= 1822151))

table 8 : explain SELECT k FROM sbtest8 WHERE k BETWEEN 1822051 AND 1822151
	Index Only Scan using k_8 on sbtest8  (cost=0.43..6.56 rows=106 width=4)
	  Index Cond: ((k >= 1822051) AND (k <= 1822151))

explain: for range-covered :: explain SELECT k FROM sbtest%d WHERE k BETWEEN 1822051 AND 1822151
for range-covered
table 1 : explain SELECT k FROM sbtest1 WHERE k BETWEEN 3756908 AND 3757008
	Index Only Scan using k_1 on sbtest1  (cost=0.43..10.62 rows=109 width=4)
	  Index Cond: ((k >= 3756908) AND (k <= 3757008))

table 2 : explain SELECT k FROM sbtest2 WHERE k BETWEEN 3756908 AND 3757008
	Index Only Scan using k_2 on sbtest2  (cost=0.43..6.27 rows=92 width=4)
	  Index Cond: ((k >= 3756908) AND (k <= 3757008))

table 3 : explain SELECT k FROM sbtest3 WHERE k BETWEEN 3756908 AND 3757008
	Index Only Scan using k_3 on sbtest3  (cost=0.43..6.47 rows=102 width=4)
	  Index Cond: ((k >= 3756908) AND (k <= 3757008))

table 4 : explain SELECT k FROM sbtest4 WHERE k BETWEEN 3756908 AND 3757008
	Index Only Scan using k_4 on sbtest4  (cost=0.43..6.47 rows=102 width=4)
	  Index Cond: ((k >= 3756908) AND (k <= 3757008))

table 5 : explain SELECT k FROM sbtest5 WHERE k BETWEEN 3756908 AND 3757008
	Index Only Scan using k_5 on sbtest5  (cost=0.43..6.43 rows=100 width=4)
	  Index Cond: ((k >= 3756908) AND (k <= 3757008))

table 6 : explain SELECT k FROM sbtest6 WHERE k BETWEEN 3756908 AND 3757008
	Index Only Scan using k_6 on sbtest6  (cost=0.43..6.58 rows=107 width=4)
	  Index Cond: ((k >= 3756908) AND (k <= 3757008))

table 7 : explain SELECT k FROM sbtest7 WHERE k BETWEEN 3756908 AND 3757008
	Index Only Scan using k_7 on sbtest7  (cost=0.43..6.59 rows=108 width=4)
	  Index Cond: ((k >= 3756908) AND (k <= 3757008))

table 8 : explain SELECT k FROM sbtest8 WHERE k BETWEEN 3756908 AND 3757008
	Index Only Scan using k_8 on sbtest8  (cost=0.43..6.53 rows=105 width=4)
	  Index Cond: ((k >= 3756908) AND (k <= 3757008))

explain: for range-covered :: explain SELECT k FROM sbtest%d WHERE k BETWEEN 3756908 AND 3757008
for range-covered
table 1 : explain SELECT k FROM sbtest1 WHERE k BETWEEN 5803412 AND 5803512
	Index Only Scan using k_1 on sbtest1  (cost=0.43..10.58 rows=107 width=4)
	  Index Cond: ((k >= 5803412) AND (k <= 5803512))

table 2 : explain SELECT k FROM sbtest2 WHERE k BETWEEN 5803412 AND 5803512
	Index Only Scan using k_2 on sbtest2  (cost=0.43..6.56 rows=106 width=4)
	  Index Cond: ((k >= 5803412) AND (k <= 5803512))

table 3 : explain SELECT k FROM sbtest3 WHERE k BETWEEN 5803412 AND 5803512
	Index Only Scan using k_3 on sbtest3  (cost=0.43..6.42 rows=99 width=4)
	  Index Cond: ((k >= 5803412) AND (k <= 5803512))

table 4 : explain SELECT k FROM sbtest4 WHERE k BETWEEN 5803412 AND 5803512
	Index Only Scan using k_4 on sbtest4  (cost=0.43..6.59 rows=108 width=4)
	  Index Cond: ((k >= 5803412) AND (k <= 5803512))

table 5 : explain SELECT k FROM sbtest5 WHERE k BETWEEN 5803412 AND 5803512
	Index Only Scan using k_5 on sbtest5  (cost=0.43..6.58 rows=107 width=4)
	  Index Cond: ((k >= 5803412) AND (k <= 5803512))

table 6 : explain SELECT k FROM sbtest6 WHERE k BETWEEN 5803412 AND 5803512
	Index Only Scan using k_6 on sbtest6  (cost=0.43..6.45 rows=101 width=4)
	  Index Cond: ((k >= 5803412) AND (k <= 5803512))

table 7 : explain SELECT k FROM sbtest7 WHERE k BETWEEN 5803412 AND 5803512
	Index Only Scan using k_7 on sbtest7  (cost=0.43..6.66 rows=111 width=4)
	  Index Cond: ((k >= 5803412) AND (k <= 5803512))

table 8 : explain SELECT k FROM sbtest8 WHERE k BETWEEN 5803412 AND 5803512
	Index Only Scan using k_8 on sbtest8  (cost=0.43..6.53 rows=105 width=4)
	  Index Cond: ((k >= 5803412) AND (k <= 5803512))

explain: for range-covered :: explain SELECT k FROM sbtest%d WHERE k BETWEEN 7660220 AND 7660320
explain: for range-covered :: explain SELECT k FROM sbtest%d WHERE k BETWEEN 1959484 AND 1959584
for range-covered
table 1 : explain SELECT k FROM sbtest1 WHERE k BETWEEN 3756908 AND 3757008
	Index Only Scan using k_1 on sbtest1  (cost=0.43..10.62 rows=109 width=4)
	  Index Cond: ((k >= 3756908) AND (k <= 3757008))

table 2 : explain SELECT k FROM sbtest2 WHERE k BETWEEN 3756908 AND 3757008
	Index Only Scan using k_2 on sbtest2  (cost=0.43..6.27 rows=92 width=4)
	  Index Cond: ((k >= 3756908) AND (k <= 3757008))

table 3 : explain SELECT k FROM sbtest3 WHERE k BETWEEN 3756908 AND 3757008
	Index Only Scan using k_3 on sbtest3  (cost=0.43..6.47 rows=102 width=4)
	  Index Cond: ((k >= 3756908) AND (k <= 3757008))

table 4 : explain SELECT k FROM sbtest4 WHERE k BETWEEN 3756908 AND 3757008
	Index Only Scan using k_4 on sbtest4  (cost=0.43..6.47 rows=102 width=4)
	  Index Cond: ((k >= 3756908) AND (k <= 3757008))

table 5 : explain SELECT k FROM sbtest5 WHERE k BETWEEN 3756908 AND 3757008
	Index Only Scan using k_5 on sbtest5  (cost=0.43..6.43 rows=100 width=4)
	  Index Cond: ((k >= 3756908) AND (k <= 3757008))

table 6 : explain SELECT k FROM sbtest6 WHERE k BETWEEN 3756908 AND 3757008
	Index Only Scan using k_6 on sbtest6  (cost=0.43..6.58 rows=107 width=4)
	  Index Cond: ((k >= 3756908) AND (k <= 3757008))

table 7 : explain SELECT k FROM sbtest7 WHERE k BETWEEN 3756908 AND 3757008
	Index Only Scan using k_7 on sbtest7  (cost=0.43..6.59 rows=108 width=4)
	  Index Cond: ((k >= 3756908) AND (k <= 3757008))

table 8 : explain SELECT k FROM sbtest8 WHERE k BETWEEN 3756908 AND 3757008
	Index Only Scan using k_8 on sbtest8  (cost=0.43..6.53 rows=105 width=4)
	  Index Cond: ((k >= 3756908) AND (k <= 3757008))

explain: for range-covered :: explain SELECT k FROM sbtest%d WHERE k BETWEEN 3756908 AND 3757008
for range-covered
table 1 : explain SELECT k FROM sbtest1 WHERE k BETWEEN 3756908 AND 3757008
	Index Only Scan using k_1 on sbtest1  (cost=0.43..10.62 rows=109 width=4)
	  Index Cond: ((k >= 3756908) AND (k <= 3757008))

table 2 : explain SELECT k FROM sbtest2 WHERE k BETWEEN 3756908 AND 3757008
	Index Only Scan using k_2 on sbtest2  (cost=0.43..6.27 rows=92 width=4)
	  Index Cond: ((k >= 3756908) AND (k <= 3757008))

table 3 : explain SELECT k FROM sbtest3 WHERE k BETWEEN 3756908 AND 3757008
	Index Only Scan using k_3 on sbtest3  (cost=0.43..6.47 rows=102 width=4)
	  Index Cond: ((k >= 3756908) AND (k <= 3757008))

table 4 : explain SELECT k FROM sbtest4 WHERE k BETWEEN 3756908 AND 3757008
	Index Only Scan using k_4 on sbtest4  (cost=0.43..6.47 rows=102 width=4)
	  Index Cond: ((k >= 3756908) AND (k <= 3757008))

table 5 : explain SELECT k FROM sbtest5 WHERE k BETWEEN 3756908 AND 3757008
	Index Only Scan using k_5 on sbtest5  (cost=0.43..6.43 rows=100 width=4)
	  Index Cond: ((k >= 3756908) AND (k <= 3757008))

table 6 : explain SELECT k FROM sbtest6 WHERE k BETWEEN 3756908 AND 3757008
	Index Only Scan using k_6 on sbtest6  (cost=0.43..6.58 rows=107 width=4)
	  Index Cond: ((k >= 3756908) AND (k <= 3757008))

table 7 : explain SELECT k FROM sbtest7 WHERE k BETWEEN 3756908 AND 3757008
	Index Only Scan using k_7 on sbtest7  (cost=0.43..6.59 rows=108 width=4)
	  Index Cond: ((k >= 3756908) AND (k <= 3757008))

table 8 : explain SELECT k FROM sbtest8 WHERE k BETWEEN 3756908 AND 3757008
	Index Only Scan using k_8 on sbtest8  (cost=0.43..6.53 rows=105 width=4)
	  Index Cond: ((k >= 3756908) AND (k <= 3757008))

explain: for range-covered :: explain SELECT k FROM sbtest%d WHERE k BETWEEN 3756908 AND 3757008
for range-covered
table 1 : explain SELECT k FROM sbtest1 WHERE k BETWEEN 7816034 AND 7816134
	Index Only Scan using k_1 on sbtest1  (cost=0.43..10.60 rows=108 width=4)
	  Index Cond: ((k >= 7816034) AND (k <= 7816134))

table 2 : explain SELECT k FROM sbtest2 WHERE k BETWEEN 7816034 AND 7816134
	Index Only Scan using k_2 on sbtest2  (cost=0.43..6.56 rows=106 width=4)
	  Index Cond: ((k >= 7816034) AND (k <= 7816134))

table 3 : explain SELECT k FROM sbtest3 WHERE k BETWEEN 7816034 AND 7816134
	Index Only Scan using k_3 on sbtest3  (cost=0.43..6.47 rows=102 width=4)
	  Index Cond: ((k >= 7816034) AND (k <= 7816134))

table 4 : explain SELECT k FROM sbtest4 WHERE k BETWEEN 7816034 AND 7816134
	Index Only Scan using k_4 on sbtest4  (cost=0.43..6.59 rows=108 width=4)
	  Index Cond: ((k >= 7816034) AND (k <= 7816134))

table 5 : explain SELECT k FROM sbtest5 WHERE k BETWEEN 7816034 AND 7816134
	Index Only Scan using k_5 on sbtest5  (cost=0.43..6.66 rows=111 width=4)
	  Index Cond: ((k >= 7816034) AND (k <= 7816134))

table 6 : explain SELECT k FROM sbtest6 WHERE k BETWEEN 7816034 AND 7816134
	Index Only Scan using k_6 on sbtest6  (cost=0.43..6.56 rows=106 width=4)
	  Index Cond: ((k >= 7816034) AND (k <= 7816134))

table 7 : explain SELECT k FROM sbtest7 WHERE k BETWEEN 7816034 AND 7816134
	Index Only Scan using k_7 on sbtest7  (cost=0.43..6.29 rows=93 width=4)
	  Index Cond: ((k >= 7816034) AND (k <= 7816134))

table 8 : explain SELECT k FROM sbtest8 WHERE k BETWEEN 7816034 AND 7816134
	Index Only Scan using k_8 on sbtest8  (cost=0.43..6.51 rows=104 width=4)
	  Index Cond: ((k >= 7816034) AND (k <= 7816134))

explain: for range-covered :: explain SELECT k FROM sbtest%d WHERE k BETWEEN 7816034 AND 7816134
for range-covered
table 1 : explain SELECT k FROM sbtest1 WHERE k BETWEEN 3756908 AND 3757008
	Index Only Scan using k_1 on sbtest1  (cost=0.43..10.62 rows=109 width=4)
	  Index Cond: ((k >= 3756908) AND (k <= 3757008))

table 2 : explain SELECT k FROM sbtest2 WHERE k BETWEEN 3756908 AND 3757008
	Index Only Scan using k_2 on sbtest2  (cost=0.43..6.27 rows=92 width=4)
	  Index Cond: ((k >= 3756908) AND (k <= 3757008))

table 3 : explain SELECT k FROM sbtest3 WHERE k BETWEEN 3756908 AND 3757008
	Index Only Scan using k_3 on sbtest3  (cost=0.43..6.47 rows=102 width=4)
	  Index Cond: ((k >= 3756908) AND (k <= 3757008))

table 4 : explain SELECT k FROM sbtest4 WHERE k BETWEEN 3756908 AND 3757008
	Index Only Scan using k_4 on sbtest4  (cost=0.43..6.47 rows=102 width=4)
	  Index Cond: ((k >= 3756908) AND (k <= 3757008))

table 5 : explain SELECT k FROM sbtest5 WHERE k BETWEEN 3756908 AND 3757008
	Index Only Scan using k_5 on sbtest5  (cost=0.43..6.43 rows=100 width=4)
	  Index Cond: ((k >= 3756908) AND (k <= 3757008))

table 6 : explain SELECT k FROM sbtest6 WHERE k BETWEEN 3756908 AND 3757008
	Index Only Scan using k_6 on sbtest6  (cost=0.43..6.58 rows=107 width=4)
	  Index Cond: ((k >= 3756908) AND (k <= 3757008))

table 7 : explain SELECT k FROM sbtest7 WHERE k BETWEEN 3756908 AND 3757008
	Index Only Scan using k_7 on sbtest7  (cost=0.43..6.59 rows=108 width=4)
	  Index Cond: ((k >= 3756908) AND (k <= 3757008))

table 8 : explain SELECT k FROM sbtest8 WHERE k BETWEEN 3756908 AND 3757008
	Index Only Scan using k_8 on sbtest8  (cost=0.43..6.53 rows=105 width=4)
	  Index Cond: ((k >= 3756908) AND (k <= 3757008))

explain: for range-covered :: explain SELECT k FROM sbtest%d WHERE k BETWEEN 3756908 AND 3757008
for range-covered
table 1 : explain SELECT k FROM sbtest1 WHERE k BETWEEN 1822051 AND 1822151
	Index Only Scan using k_1 on sbtest1  (cost=0.43..10.47 rows=102 width=4)
	  Index Cond: ((k >= 1822051) AND (k <= 1822151))

table 2 : explain SELECT k FROM sbtest2 WHERE k BETWEEN 1822051 AND 1822151
	Index Only Scan using k_2 on sbtest2  (cost=0.43..6.69 rows=113 width=4)
	  Index Cond: ((k >= 1822051) AND (k <= 1822151))

table 3 : explain SELECT k FROM sbtest3 WHERE k BETWEEN 1822051 AND 1822151
	Index Only Scan using k_3 on sbtest3  (cost=0.43..6.27 rows=92 width=4)
	  Index Cond: ((k >= 1822051) AND (k <= 1822151))

table 4 : explain SELECT k FROM sbtest4 WHERE k BETWEEN 1822051 AND 1822151
	Index Only Scan using k_4 on sbtest4  (cost=0.43..6.45 rows=101 width=4)
	  Index Cond: ((k >= 1822051) AND (k <= 1822151))

table 5 : explain SELECT k FROM sbtest5 WHERE k BETWEEN 1822051 AND 1822151
	Index Only Scan using k_5 on sbtest5  (cost=0.43..6.35 rows=96 width=4)
	  Index Cond: ((k >= 1822051) AND (k <= 1822151))

table 6 : explain SELECT k FROM sbtest6 WHERE k BETWEEN 1822051 AND 1822151
	Index Only Scan using k_6 on sbtest6  (cost=0.43..6.59 rows=108 width=4)
	  Index Cond: ((k >= 1822051) AND (k <= 1822151))

table 7 : explain SELECT k FROM sbtest7 WHERE k BETWEEN 1822051 AND 1822151
	Index Only Scan using k_7 on sbtest7  (cost=0.43..6.42 rows=99 width=4)
	  Index Cond: ((k >= 1822051) AND (k <= 1822151))

table 8 : explain SELECT k FROM sbtest8 WHERE k BETWEEN 1822051 AND 1822151
	Index Only Scan using k_8 on sbtest8  (cost=0.43..6.56 rows=106 width=4)
	  Index Cond: ((k >= 1822051) AND (k <= 1822151))

for range-covered
table 1 : explain SELECT k FROM sbtest1 WHERE k BETWEEN 7816034 AND 7816134
	Index Only Scan using k_1 on sbtest1  (cost=0.43..10.60 rows=108 width=4)
	  Index Cond: ((k >= 7816034) AND (k <= 7816134))

table 2 : explain SELECT k FROM sbtest2 WHERE k BETWEEN 7816034 AND 7816134
	Index Only Scan using k_2 on sbtest2  (cost=0.43..6.56 rows=106 width=4)
	  Index Cond: ((k >= 7816034) AND (k <= 7816134))

table 3 : explain SELECT k FROM sbtest3 WHERE k BETWEEN 7816034 AND 7816134
	Index Only Scan using k_3 on sbtest3  (cost=0.43..6.47 rows=102 width=4)
	  Index Cond: ((k >= 7816034) AND (k <= 7816134))

table 4 : explain SELECT k FROM sbtest4 WHERE k BETWEEN 7816034 AND 7816134
	Index Only Scan using k_4 on sbtest4  (cost=0.43..6.59 rows=108 width=4)
	  Index Cond: ((k >= 7816034) AND (k <= 7816134))

table 5 : explain SELECT k FROM sbtest5 WHERE k BETWEEN 7816034 AND 7816134
	Index Only Scan using k_5 on sbtest5  (cost=0.43..6.66 rows=111 width=4)
	  Index Cond: ((k >= 7816034) AND (k <= 7816134))

table 6 : explain SELECT k FROM sbtest6 WHERE k BETWEEN 7816034 AND 7816134
	Index Only Scan using k_6 on sbtest6  (cost=0.43..6.56 rows=106 width=4)
	  Index Cond: ((k >= 7816034) AND (k <= 7816134))

table 7 : explain SELECT k FROM sbtest7 WHERE k BETWEEN 7816034 AND 7816134
	Index Only Scan using k_7 on sbtest7  (cost=0.43..6.29 rows=93 width=4)
	  Index Cond: ((k >= 7816034) AND (k <= 7816134))

table 8 : explain SELECT k FROM sbtest8 WHERE k BETWEEN 7816034 AND 7816134
	Index Only Scan using k_8 on sbtest8  (cost=0.43..6.51 rows=104 width=4)
	  Index Cond: ((k >= 7816034) AND (k <= 7816134))

explain: for range-covered :: explain SELECT k FROM sbtest%d WHERE k BETWEEN 7816034 AND 7816134
for range-covered
table 1 : explain SELECT k FROM sbtest1 WHERE k BETWEEN 3349354 AND 3349454
	Index Only Scan using k_1 on sbtest1  (cost=0.43..10.72 rows=114 width=4)
	  Index Cond: ((k >= 3349354) AND (k <= 3349454))

table 2 : explain SELECT k FROM sbtest2 WHERE k BETWEEN 3349354 AND 3349454
	Index Only Scan using k_2 on sbtest2  (cost=0.43..6.75 rows=116 width=4)
	  Index Cond: ((k >= 3349354) AND (k <= 3349454))

table 3 : explain SELECT k FROM sbtest3 WHERE k BETWEEN 3349354 AND 3349454
	Index Only Scan using k_3 on sbtest3  (cost=0.43..6.40 rows=98 width=4)
	  Index Cond: ((k >= 3349354) AND (k <= 3349454))

table 4 : explain SELECT k FROM sbtest4 WHERE k BETWEEN 3349354 AND 3349454
	Index Only Scan using k_4 on sbtest4  (cost=0.43..6.72 rows=114 width=4)
	  Index Cond: ((k >= 3349354) AND (k <= 3349454))

table 5 : explain SELECT k FROM sbtest5 WHERE k BETWEEN 3349354 AND 3349454
	Index Only Scan using k_5 on sbtest5  (cost=0.43..6.66 rows=111 width=4)
	  Index Cond: ((k >= 3349354) AND (k <= 3349454))

table 6 : explain SELECT k FROM sbtest6 WHERE k BETWEEN 3349354 AND 3349454
	Index Only Scan using k_6 on sbtest6  (cost=0.43..6.69 rows=113 width=4)
	  Index Cond: ((k >= 3349354) AND (k <= 3349454))

table 7 : explain SELECT k FROM sbtest7 WHERE k BETWEEN 3349354 AND 3349454
	Index Only Scan using k_7 on sbtest7  (cost=0.43..6.45 rows=101 width=4)
	  Index Cond: ((k >= 3349354) AND (k <= 3349454))

table 8 : explain SELECT k FROM sbtest8 WHERE k BETWEEN 3349354 AND 3349454
	Index Only Scan using k_8 on sbtest8  (cost=0.43..6.66 rows=111 width=4)
	  Index Cond: ((k >= 3349354) AND (k <= 3349454))

for range-covered
table 1 : explain SELECT k FROM sbtest1 WHERE k BETWEEN 1959484 AND 1959584
	Index Only Scan using k_1 on sbtest1  (cost=0.43..10.63 rows=110 width=4)
	  Index Cond: ((k >= 1959484) AND (k <= 1959584))

table 2 : explain SELECT k FROM sbtest2 WHERE k BETWEEN 1959484 AND 1959584
	Index Only Scan using k_2 on sbtest2  (cost=0.43..6.45 rows=101 width=4)
	  Index Cond: ((k >= 1959484) AND (k <= 1959584))

table 3 : explain SELECT k FROM sbtest3 WHERE k BETWEEN 1959484 AND 1959584
	Index Only Scan using k_3 on sbtest3  (cost=0.43..6.27 rows=92 width=4)
	  Index Cond: ((k >= 1959484) AND (k <= 1959584))

table 4 : explain SELECT k FROM sbtest4 WHERE k BETWEEN 1959484 AND 1959584
	Index Only Scan using k_4 on sbtest4  (cost=0.43..6.56 rows=106 width=4)
	  Index Cond: ((k >= 1959484) AND (k <= 1959584))

table 5 : explain SELECT k FROM sbtest5 WHERE k BETWEEN 1959484 AND 1959584
	Index Only Scan using k_5 on sbtest5  (cost=0.43..6.58 rows=107 width=4)
	  Index Cond: ((k >= 1959484) AND (k <= 1959584))

table 6 : explain SELECT k FROM sbtest6 WHERE k BETWEEN 1959484 AND 1959584
	Index Only Scan using k_6 on sbtest6  (cost=0.43..6.40 rows=98 width=4)
	  Index Cond: ((k >= 1959484) AND (k <= 1959584))

table 7 : explain SELECT k FROM sbtest7 WHERE k BETWEEN 1959484 AND 1959584
	Index Only Scan using k_7 on sbtest7  (cost=0.43..6.59 rows=108 width=4)
	  Index Cond: ((k >= 1959484) AND (k <= 1959584))

table 8 : explain SELECT k FROM sbtest8 WHERE k BETWEEN 1959484 AND 1959584
	Index Only Scan using k_8 on sbtest8  (cost=0.43..6.43 rows=100 width=4)
	  Index Cond: ((k >= 1959484) AND (k <= 1959584))

for range-covered
table 1 : explain SELECT k FROM sbtest1 WHERE k BETWEEN 3756908 AND 3757008
	Index Only Scan using k_1 on sbtest1  (cost=0.43..10.62 rows=109 width=4)
	  Index Cond: ((k >= 3756908) AND (k <= 3757008))

table 2 : explain SELECT k FROM sbtest2 WHERE k BETWEEN 3756908 AND 3757008
	Index Only Scan using k_2 on sbtest2  (cost=0.43..6.27 rows=92 width=4)
	  Index Cond: ((k >= 3756908) AND (k <= 3757008))

table 3 : explain SELECT k FROM sbtest3 WHERE k BETWEEN 3756908 AND 3757008
	Index Only Scan using k_3 on sbtest3  (cost=0.43..6.47 rows=102 width=4)
	  Index Cond: ((k >= 3756908) AND (k <= 3757008))

table 4 : explain SELECT k FROM sbtest4 WHERE k BETWEEN 3756908 AND 3757008
	Index Only Scan using k_4 on sbtest4  (cost=0.43..6.47 rows=102 width=4)
	  Index Cond: ((k >= 3756908) AND (k <= 3757008))

table 5 : explain SELECT k FROM sbtest5 WHERE k BETWEEN 3756908 AND 3757008
	Index Only Scan using k_5 on sbtest5  (cost=0.43..6.43 rows=100 width=4)
	  Index Cond: ((k >= 3756908) AND (k <= 3757008))

table 6 : explain SELECT k FROM sbtest6 WHERE k BETWEEN 3756908 AND 3757008
	Index Only Scan using k_6 on sbtest6  (cost=0.43..6.58 rows=107 width=4)
	  Index Cond: ((k >= 3756908) AND (k <= 3757008))

table 7 : explain SELECT k FROM sbtest7 WHERE k BETWEEN 3756908 AND 3757008
	Index Only Scan using k_7 on sbtest7  (cost=0.43..6.59 rows=108 width=4)
	  Index Cond: ((k >= 3756908) AND (k <= 3757008))

table 8 : explain SELECT k FROM sbtest8 WHERE k BETWEEN 3756908 AND 3757008
	Index Only Scan using k_8 on sbtest8  (cost=0.43..6.53 rows=105 width=4)
	  Index Cond: ((k >= 3756908) AND (k <= 3757008))

explain: for range-covered :: explain SELECT k FROM sbtest%d WHERE k BETWEEN 5465414 AND 5465514
explain: for range-covered :: explain SELECT k FROM sbtest%d WHERE k BETWEEN 3349354 AND 3349454
explain: for range-covered :: explain SELECT k FROM sbtest%d WHERE k BETWEEN 1959484 AND 1959584
explain: for range-covered :: explain SELECT k FROM sbtest%d WHERE k BETWEEN 3756908 AND 3757008
explain: for range-covered :: explain SELECT k FROM sbtest%d WHERE k BETWEEN 2114124 AND 2114224
for range-covered
table 1 : explain SELECT k FROM sbtest1 WHERE k BETWEEN 7660220 AND 7660320
	Index Only Scan using k_1 on sbtest1  (cost=0.43..10.33 rows=95 width=4)
	  Index Cond: ((k >= 7660220) AND (k <= 7660320))

table 2 : explain SELECT k FROM sbtest2 WHERE k BETWEEN 7660220 AND 7660320
	Index Only Scan using k_2 on sbtest2  (cost=0.43..6.50 rows=103 width=4)
	  Index Cond: ((k >= 7660220) AND (k <= 7660320))

table 3 : explain SELECT k FROM sbtest3 WHERE k BETWEEN 7660220 AND 7660320
	Index Only Scan using k_3 on sbtest3  (cost=0.43..6.61 rows=109 width=4)
	  Index Cond: ((k >= 7660220) AND (k <= 7660320))

table 4 : explain SELECT k FROM sbtest4 WHERE k BETWEEN 7660220 AND 7660320
	Index Only Scan using k_4 on sbtest4  (cost=0.43..6.63 rows=110 width=4)
	  Index Cond: ((k >= 7660220) AND (k <= 7660320))

table 5 : explain SELECT k FROM sbtest5 WHERE k BETWEEN 7660220 AND 7660320
	Index Only Scan using k_5 on sbtest5  (cost=0.43..6.32 rows=94 width=4)
	  Index Cond: ((k >= 7660220) AND (k <= 7660320))

table 6 : explain SELECT k FROM sbtest6 WHERE k BETWEEN 7660220 AND 7660320
	Index Only Scan using k_6 on sbtest6  (cost=0.43..6.53 rows=105 width=4)
	  Index Cond: ((k >= 7660220) AND (k <= 7660320))

table 7 : explain SELECT k FROM sbtest7 WHERE k BETWEEN 7660220 AND 7660320
	Index Only Scan using k_7 on sbtest7  (cost=0.43..6.29 rows=93 width=4)
	  Index Cond: ((k >= 7660220) AND (k <= 7660320))

table 8 : explain SELECT k FROM sbtest8 WHERE k BETWEEN 7660220 AND 7660320
	Index Only Scan using k_8 on sbtest8  (cost=0.43..6.53 rows=105 width=4)
	  Index Cond: ((k >= 7660220) AND (k <= 7660320))

explain: for range-covered :: explain SELECT k FROM sbtest%d WHERE k BETWEEN 7660220 AND 7660320
for range-covered
table 1 : explain SELECT k FROM sbtest1 WHERE k BETWEEN 1959484 AND 1959584
	Index Only Scan using k_1 on sbtest1  (cost=0.43..10.63 rows=110 width=4)
	  Index Cond: ((k >= 1959484) AND (k <= 1959584))

table 2 : explain SELECT k FROM sbtest2 WHERE k BETWEEN 1959484 AND 1959584
	Index Only Scan using k_2 on sbtest2  (cost=0.43..6.45 rows=101 width=4)
	  Index Cond: ((k >= 1959484) AND (k <= 1959584))

table 3 : explain SELECT k FROM sbtest3 WHERE k BETWEEN 1959484 AND 1959584
	Index Only Scan using k_3 on sbtest3  (cost=0.43..6.27 rows=92 width=4)
	  Index Cond: ((k >= 1959484) AND (k <= 1959584))

table 4 : explain SELECT k FROM sbtest4 WHERE k BETWEEN 1959484 AND 1959584
	Index Only Scan using k_4 on sbtest4  (cost=0.43..6.56 rows=106 width=4)
	  Index Cond: ((k >= 1959484) AND (k <= 1959584))

table 5 : explain SELECT k FROM sbtest5 WHERE k BETWEEN 1959484 AND 1959584
	Index Only Scan using k_5 on sbtest5  (cost=0.43..6.58 rows=107 width=4)
	  Index Cond: ((k >= 1959484) AND (k <= 1959584))

table 6 : explain SELECT k FROM sbtest6 WHERE k BETWEEN 1959484 AND 1959584
	Index Only Scan using k_6 on sbtest6  (cost=0.43..6.40 rows=98 width=4)
	  Index Cond: ((k >= 1959484) AND (k <= 1959584))

table 7 : explain SELECT k FROM sbtest7 WHERE k BETWEEN 1959484 AND 1959584
	Index Only Scan using k_7 on sbtest7  (cost=0.43..6.59 rows=108 width=4)
	  Index Cond: ((k >= 1959484) AND (k <= 1959584))

table 8 : explain SELECT k FROM sbtest8 WHERE k BETWEEN 1959484 AND 1959584
	Index Only Scan using k_8 on sbtest8  (cost=0.43..6.43 rows=100 width=4)
	  Index Cond: ((k >= 1959484) AND (k <= 1959584))

for range-covered
table 1 : explain SELECT k FROM sbtest1 WHERE k BETWEEN 3349354 AND 3349454
	Index Only Scan using k_1 on sbtest1  (cost=0.43..10.72 rows=114 width=4)
	  Index Cond: ((k >= 3349354) AND (k <= 3349454))

table 2 : explain SELECT k FROM sbtest2 WHERE k BETWEEN 3349354 AND 3349454
	Index Only Scan using k_2 on sbtest2  (cost=0.43..6.75 rows=116 width=4)
	  Index Cond: ((k >= 3349354) AND (k <= 3349454))

table 3 : explain SELECT k FROM sbtest3 WHERE k BETWEEN 3349354 AND 3349454
	Index Only Scan using k_3 on sbtest3  (cost=0.43..6.40 rows=98 width=4)
	  Index Cond: ((k >= 3349354) AND (k <= 3349454))

table 4 : explain SELECT k FROM sbtest4 WHERE k BETWEEN 3349354 AND 3349454
	Index Only Scan using k_4 on sbtest4  (cost=0.43..6.72 rows=114 width=4)
	  Index Cond: ((k >= 3349354) AND (k <= 3349454))

table 5 : explain SELECT k FROM sbtest5 WHERE k BETWEEN 3349354 AND 3349454
	Index Only Scan using k_5 on sbtest5  (cost=0.43..6.66 rows=111 width=4)
	  Index Cond: ((k >= 3349354) AND (k <= 3349454))

table 6 : explain SELECT k FROM sbtest6 WHERE k BETWEEN 3349354 AND 3349454
	Index Only Scan using k_6 on sbtest6  (cost=0.43..6.69 rows=113 width=4)
	  Index Cond: ((k >= 3349354) AND (k <= 3349454))

table 7 : explain SELECT k FROM sbtest7 WHERE k BETWEEN 3349354 AND 3349454
	Index Only Scan using k_7 on sbtest7  (cost=0.43..6.45 rows=101 width=4)
	  Index Cond: ((k >= 3349354) AND (k <= 3349454))

table 8 : explain SELECT k FROM sbtest8 WHERE k BETWEEN 3349354 AND 3349454
	Index Only Scan using k_8 on sbtest8  (cost=0.43..6.66 rows=111 width=4)
	  Index Cond: ((k >= 3349354) AND (k <= 3349454))
explain: for range-covered :: explain SELECT k FROM sbtest%d WHERE k BETWEEN 1959484 AND 1959584

explain: for range-covered :: explain SELECT k FROM sbtest%d WHERE k BETWEEN 3349354 AND 3349454
for range-covered
table 1 : explain SELECT k FROM sbtest1 WHERE k BETWEEN 8553112 AND 8553212
	Index Only Scan using k_1 on sbtest1  (cost=0.43..10.51 rows=104 width=4)
	  Index Cond: ((k >= 8553112) AND (k <= 8553212))

table 2 : explain SELECT k FROM sbtest2 WHERE k BETWEEN 8553112 AND 8553212
	Index Only Scan using k_2 on sbtest2  (cost=0.43..6.53 rows=105 width=4)
	  Index Cond: ((k >= 8553112) AND (k <= 8553212))

table 3 : explain SELECT k FROM sbtest3 WHERE k BETWEEN 8553112 AND 8553212
	Index Only Scan using k_3 on sbtest3  (cost=0.43..6.63 rows=110 width=4)
	  Index Cond: ((k >= 8553112) AND (k <= 8553212))

table 4 : explain SELECT k FROM sbtest4 WHERE k BETWEEN 8553112 AND 8553212
	Index Only Scan using k_4 on sbtest4  (cost=0.43..6.58 rows=107 width=4)
	  Index Cond: ((k >= 8553112) AND (k <= 8553212))

table 5 : explain SELECT k FROM sbtest5 WHERE k BETWEEN 8553112 AND 8553212
	Index Only Scan using k_5 on sbtest5  (cost=0.43..6.35 rows=96 width=4)
	  Index Cond: ((k >= 8553112) AND (k <= 8553212))

table 6 : explain SELECT k FROM sbtest6 WHERE k BETWEEN 8553112 AND 8553212
	Index Only Scan using k_6 on sbtest6  (cost=0.43..6.58 rows=107 width=4)
	  Index Cond: ((k >= 8553112) AND (k <= 8553212))

table 7 : explain SELECT k FROM sbtest7 WHERE k BETWEEN 8553112 AND 8553212
	Index Only Scan using k_7 on sbtest7  (cost=0.43..6.37 rows=97 width=4)
	  Index Cond: ((k >= 8553112) AND (k <= 8553212))

table 8 : explain SELECT k FROM sbtest8 WHERE k BETWEEN 8553112 AND 8553212
	Index Only Scan using k_8 on sbtest8  (cost=0.43..6.83 rows=120 width=4)
	  Index Cond: ((k >= 8553112) AND (k <= 8553212))

for range-covered
table 1 : explain SELECT k FROM sbtest1 WHERE k BETWEEN 7660220 AND 7660320
	Index Only Scan using k_1 on sbtest1  (cost=0.43..10.33 rows=95 width=4)
	  Index Cond: ((k >= 7660220) AND (k <= 7660320))

table 2 : explain SELECT k FROM sbtest2 WHERE k BETWEEN 7660220 AND 7660320
	Index Only Scan using k_2 on sbtest2  (cost=0.43..6.50 rows=103 width=4)
	  Index Cond: ((k >= 7660220) AND (k <= 7660320))

table 3 : explain SELECT k FROM sbtest3 WHERE k BETWEEN 7660220 AND 7660320
	Index Only Scan using k_3 on sbtest3  (cost=0.43..6.61 rows=109 width=4)
	  Index Cond: ((k >= 7660220) AND (k <= 7660320))

table 4 : explain SELECT k FROM sbtest4 WHERE k BETWEEN 7660220 AND 7660320
	Index Only Scan using k_4 on sbtest4  (cost=0.43..6.63 rows=110 width=4)
	  Index Cond: ((k >= 7660220) AND (k <= 7660320))

table 5 : explain SELECT k FROM sbtest5 WHERE k BETWEEN 7660220 AND 7660320
	Index Only Scan using k_5 on sbtest5  (cost=0.43..6.32 rows=94 width=4)
	  Index Cond: ((k >= 7660220) AND (k <= 7660320))

table 6 : explain SELECT k FROM sbtest6 WHERE k BETWEEN 7660220 AND 7660320
	Index Only Scan using k_6 on sbtest6  (cost=0.43..6.53 rows=105 width=4)
	  Index Cond: ((k >= 7660220) AND (k <= 7660320))

table 7 : explain SELECT k FROM sbtest7 WHERE k BETWEEN 7660220 AND 7660320
	Index Only Scan using k_7 on sbtest7  (cost=0.43..6.29 rows=93 width=4)
	  Index Cond: ((k >= 7660220) AND (k <= 7660320))

table 8 : explain SELECT k FROM sbtest8 WHERE k BETWEEN 7660220 AND 7660320
	Index Only Scan using k_8 on sbtest8  (cost=0.43..6.53 rows=105 width=4)
	  Index Cond: ((k >= 7660220) AND (k <= 7660320))

explain: for range-covered :: explain SELECT k FROM sbtest%d WHERE k BETWEEN 7660220 AND 7660320
for range-covered
table 1 : explain SELECT k FROM sbtest1 WHERE k BETWEEN 3756908 AND 3757008
	Index Only Scan using k_1 on sbtest1  (cost=0.43..10.62 rows=109 width=4)
	  Index Cond: ((k >= 3756908) AND (k <= 3757008))

table 2 : explain SELECT k FROM sbtest2 WHERE k BETWEEN 3756908 AND 3757008
	Index Only Scan using k_2 on sbtest2  (cost=0.43..6.27 rows=92 width=4)
	  Index Cond: ((k >= 3756908) AND (k <= 3757008))

table 3 : explain SELECT k FROM sbtest3 WHERE k BETWEEN 3756908 AND 3757008
	Index Only Scan using k_3 on sbtest3  (cost=0.43..6.47 rows=102 width=4)
	  Index Cond: ((k >= 3756908) AND (k <= 3757008))

table 4 : explain SELECT k FROM sbtest4 WHERE k BETWEEN 3756908 AND 3757008
	Index Only Scan using k_4 on sbtest4  (cost=0.43..6.47 rows=102 width=4)
	  Index Cond: ((k >= 3756908) AND (k <= 3757008))

table 5 : explain SELECT k FROM sbtest5 WHERE k BETWEEN 3756908 AND 3757008
	Index Only Scan using k_5 on sbtest5  (cost=0.43..6.43 rows=100 width=4)
	  Index Cond: ((k >= 3756908) AND (k <= 3757008))

table 6 : explain SELECT k FROM sbtest6 WHERE k BETWEEN 3756908 AND 3757008
	Index Only Scan using k_6 on sbtest6  (cost=0.43..6.58 rows=107 width=4)
	  Index Cond: ((k >= 3756908) AND (k <= 3757008))

table 7 : explain SELECT k FROM sbtest7 WHERE k BETWEEN 3756908 AND 3757008
	Index Only Scan using k_7 on sbtest7  (cost=0.43..6.59 rows=108 width=4)
	  Index Cond: ((k >= 3756908) AND (k <= 3757008))

table 8 : explain SELECT k FROM sbtest8 WHERE k BETWEEN 3756908 AND 3757008
	Index Only Scan using k_8 on sbtest8  (cost=0.43..6.53 rows=105 width=4)
	  Index Cond: ((k >= 3756908) AND (k <= 3757008))

for range-covered
table 1 : explain SELECT k FROM sbtest1 WHERE k BETWEEN 7816034 AND 7816134
	Index Only Scan using k_1 on sbtest1  (cost=0.43..10.60 rows=108 width=4)
	  Index Cond: ((k >= 7816034) AND (k <= 7816134))

table 2 : explain SELECT k FROM sbtest2 WHERE k BETWEEN 7816034 AND 7816134
	Index Only Scan using k_2 on sbtest2  (cost=0.43..6.56 rows=106 width=4)
	  Index Cond: ((k >= 7816034) AND (k <= 7816134))

table 3 : explain SELECT k FROM sbtest3 WHERE k BETWEEN 7816034 AND 7816134
	Index Only Scan using k_3 on sbtest3  (cost=0.43..6.47 rows=102 width=4)
	  Index Cond: ((k >= 7816034) AND (k <= 7816134))

table 4 : explain SELECT k FROM sbtest4 WHERE k BETWEEN 7816034 AND 7816134
	Index Only Scan using k_4 on sbtest4  (cost=0.43..6.59 rows=108 width=4)
	  Index Cond: ((k >= 7816034) AND (k <= 7816134))

table 5 : explain SELECT k FROM sbtest5 WHERE k BETWEEN 7816034 AND 7816134
	Index Only Scan using k_5 on sbtest5  (cost=0.43..6.66 rows=111 width=4)
	  Index Cond: ((k >= 7816034) AND (k <= 7816134))

table 6 : explain SELECT k FROM sbtest6 WHERE k BETWEEN 7816034 AND 7816134
	Index Only Scan using k_6 on sbtest6  (cost=0.43..6.56 rows=106 width=4)
	  Index Cond: ((k >= 7816034) AND (k <= 7816134))

table 7 : explain SELECT k FROM sbtest7 WHERE k BETWEEN 7816034 AND 7816134
	Index Only Scan using k_7 on sbtest7  (cost=0.43..6.29 rows=93 width=4)
	  Index Cond: ((k >= 7816034) AND (k <= 7816134))

table 8 : explain SELECT k FROM sbtest8 WHERE k BETWEEN 7816034 AND 7816134
	Index Only Scan using k_8 on sbtest8  (cost=0.43..6.51 rows=104 width=4)
	  Index Cond: ((k >= 7816034) AND (k <= 7816134))

explain: for range-covered :: explain SELECT k FROM sbtest%d WHERE k BETWEEN 7816034 AND 7816134
for range-covered
table 1 : explain SELECT k FROM sbtest1 WHERE k BETWEEN 1959484 AND 1959584
	Index Only Scan using k_1 on sbtest1  (cost=0.43..10.63 rows=110 width=4)
	  Index Cond: ((k >= 1959484) AND (k <= 1959584))

table 2 : explain SELECT k FROM sbtest2 WHERE k BETWEEN 1959484 AND 1959584
	Index Only Scan using k_2 on sbtest2  (cost=0.43..6.45 rows=101 width=4)
	  Index Cond: ((k >= 1959484) AND (k <= 1959584))

table 3 : explain SELECT k FROM sbtest3 WHERE k BETWEEN 1959484 AND 1959584
	Index Only Scan using k_3 on sbtest3  (cost=0.43..6.27 rows=92 width=4)
	  Index Cond: ((k >= 1959484) AND (k <= 1959584))

table 4 : explain SELECT k FROM sbtest4 WHERE k BETWEEN 1959484 AND 1959584
	Index Only Scan using k_4 on sbtest4  (cost=0.43..6.56 rows=106 width=4)
	  Index Cond: ((k >= 1959484) AND (k <= 1959584))

table 5 : explain SELECT k FROM sbtest5 WHERE k BETWEEN 1959484 AND 1959584
	Index Only Scan using k_5 on sbtest5  (cost=0.43..6.58 rows=107 width=4)
	  Index Cond: ((k >= 1959484) AND (k <= 1959584))

table 6 : explain SELECT k FROM sbtest6 WHERE k BETWEEN 1959484 AND 1959584
	Index Only Scan using k_6 on sbtest6  (cost=0.43..6.40 rows=98 width=4)
	  Index Cond: ((k >= 1959484) AND (k <= 1959584))

table 7 : explain SELECT k FROM sbtest7 WHERE k BETWEEN 1959484 AND 1959584
	Index Only Scan using k_7 on sbtest7  (cost=0.43..6.59 rows=108 width=4)
	  Index Cond: ((k >= 1959484) AND (k <= 1959584))

table 8 : explain SELECT k FROM sbtest8 WHERE k BETWEEN 1959484 AND 1959584
	Index Only Scan using k_8 on sbtest8  (cost=0.43..6.43 rows=100 width=4)
	  Index Cond: ((k >= 1959484) AND (k <= 1959584))

explain: for range-covered :: explain SELECT k FROM sbtest%d WHERE k BETWEEN 1959484 AND 1959584
explain: for range-covered :: explain SELECT k FROM sbtest%d WHERE k BETWEEN 3756908 AND 3757008
explain: for range-covered :: explain SELECT k FROM sbtest%d WHERE k BETWEEN 8553112 AND 8553212
for range-covered
table 1 : explain SELECT k FROM sbtest1 WHERE k BETWEEN 3349354 AND 3349454
	Index Only Scan using k_1 on sbtest1  (cost=0.43..10.72 rows=114 width=4)
	  Index Cond: ((k >= 3349354) AND (k <= 3349454))

table 2 : explain SELECT k FROM sbtest2 WHERE k BETWEEN 3349354 AND 3349454
	Index Only Scan using k_2 on sbtest2  (cost=0.43..6.75 rows=116 width=4)
	  Index Cond: ((k >= 3349354) AND (k <= 3349454))

table 3 : explain SELECT k FROM sbtest3 WHERE k BETWEEN 3349354 AND 3349454
	Index Only Scan using k_3 on sbtest3  (cost=0.43..6.40 rows=98 width=4)
	  Index Cond: ((k >= 3349354) AND (k <= 3349454))

table 4 : explain SELECT k FROM sbtest4 WHERE k BETWEEN 3349354 AND 3349454
	Index Only Scan using k_4 on sbtest4  (cost=0.43..6.72 rows=114 width=4)
	  Index Cond: ((k >= 3349354) AND (k <= 3349454))

table 5 : explain SELECT k FROM sbtest5 WHERE k BETWEEN 3349354 AND 3349454
	Index Only Scan using k_5 on sbtest5  (cost=0.43..6.66 rows=111 width=4)
	  Index Cond: ((k >= 3349354) AND (k <= 3349454))

table 6 : explain SELECT k FROM sbtest6 WHERE k BETWEEN 3349354 AND 3349454
	Index Only Scan using k_6 on sbtest6  (cost=0.43..6.69 rows=113 width=4)
	  Index Cond: ((k >= 3349354) AND (k <= 3349454))

table 7 : explain SELECT k FROM sbtest7 WHERE k BETWEEN 3349354 AND 3349454
	Index Only Scan using k_7 on sbtest7  (cost=0.43..6.45 rows=101 width=4)
	  Index Cond: ((k >= 3349354) AND (k <= 3349454))

table 8 : explain SELECT k FROM sbtest8 WHERE k BETWEEN 3349354 AND 3349454
	Index Only Scan using k_8 on sbtest8  (cost=0.43..6.66 rows=111 width=4)
	  Index Cond: ((k >= 3349354) AND (k <= 3349454))

for range-covered
table 1 : explain SELECT k FROM sbtest1 WHERE k BETWEEN 7660220 AND 7660320
	Index Only Scan using k_1 on sbtest1  (cost=0.43..10.33 rows=95 width=4)
	  Index Cond: ((k >= 7660220) AND (k <= 7660320))

table 2 : explain SELECT k FROM sbtest2 WHERE k BETWEEN 7660220 AND 7660320
	Index Only Scan using k_2 on sbtest2  (cost=0.43..6.50 rows=103 width=4)
	  Index Cond: ((k >= 7660220) AND (k <= 7660320))

table 3 : explain SELECT k FROM sbtest3 WHERE k BETWEEN 7660220 AND 7660320
	Index Only Scan using k_3 on sbtest3  (cost=0.43..6.61 rows=109 width=4)
	  Index Cond: ((k >= 7660220) AND (k <= 7660320))

table 4 : explain SELECT k FROM sbtest4 WHERE k BETWEEN 7660220 AND 7660320
	Index Only Scan using k_4 on sbtest4  (cost=0.43..6.63 rows=110 width=4)
	  Index Cond: ((k >= 7660220) AND (k <= 7660320))

table 5 : explain SELECT k FROM sbtest5 WHERE k BETWEEN 7660220 AND 7660320
	Index Only Scan using k_5 on sbtest5  (cost=0.43..6.32 rows=94 width=4)
	  Index Cond: ((k >= 7660220) AND (k <= 7660320))

table 6 : explain SELECT k FROM sbtest6 WHERE k BETWEEN 7660220 AND 7660320
	Index Only Scan using k_6 on sbtest6  (cost=0.43..6.53 rows=105 width=4)
	  Index Cond: ((k >= 7660220) AND (k <= 7660320))

table 7 : explain SELECT k FROM sbtest7 WHERE k BETWEEN 7660220 AND 7660320
	Index Only Scan using k_7 on sbtest7  (cost=0.43..6.29 rows=93 width=4)
	  Index Cond: ((k >= 7660220) AND (k <= 7660320))

table 8 : explain SELECT k FROM sbtest8 WHERE k BETWEEN 7660220 AND 7660320
	Index Only Scan using k_8 on sbtest8  (cost=0.43..6.53 rows=105 width=4)
	  Index Cond: ((k >= 7660220) AND (k <= 7660320))

explain: for range-covered :: explain SELECT k FROM sbtest%d WHERE k BETWEEN 3349354 AND 3349454
explain: for range-covered :: explain SELECT k FROM sbtest%d WHERE k BETWEEN 7660220 AND 7660320
for range-covered
table 1 : explain SELECT k FROM sbtest1 WHERE k BETWEEN 8553112 AND 8553212
	Index Only Scan using k_1 on sbtest1  (cost=0.43..10.51 rows=104 width=4)
	  Index Cond: ((k >= 8553112) AND (k <= 8553212))

table 2 : explain SELECT k FROM sbtest2 WHERE k BETWEEN 8553112 AND 8553212
	Index Only Scan using k_2 on sbtest2  (cost=0.43..6.53 rows=105 width=4)
	  Index Cond: ((k >= 8553112) AND (k <= 8553212))

table 3 : explain SELECT k FROM sbtest3 WHERE k BETWEEN 8553112 AND 8553212
	Index Only Scan using k_3 on sbtest3  (cost=0.43..6.63 rows=110 width=4)
	  Index Cond: ((k >= 8553112) AND (k <= 8553212))

table 4 : explain SELECT k FROM sbtest4 WHERE k BETWEEN 8553112 AND 8553212
	Index Only Scan using k_4 on sbtest4  (cost=0.43..6.58 rows=107 width=4)
	  Index Cond: ((k >= 8553112) AND (k <= 8553212))

table 5 : explain SELECT k FROM sbtest5 WHERE k BETWEEN 8553112 AND 8553212
	Index Only Scan using k_5 on sbtest5  (cost=0.43..6.35 rows=96 width=4)
	  Index Cond: ((k >= 8553112) AND (k <= 8553212))

table 6 : explain SELECT k FROM sbtest6 WHERE k BETWEEN 8553112 AND 8553212
	Index Only Scan using k_6 on sbtest6  (cost=0.43..6.58 rows=107 width=4)
	  Index Cond: ((k >= 8553112) AND (k <= 8553212))

table 7 : explain SELECT k FROM sbtest7 WHERE k BETWEEN 8553112 AND 8553212
	Index Only Scan using k_7 on sbtest7  (cost=0.43..6.37 rows=97 width=4)
	  Index Cond: ((k >= 8553112) AND (k <= 8553212))

table 8 : explain SELECT k FROM sbtest8 WHERE k BETWEEN 8553112 AND 8553212
	Index Only Scan using k_8 on sbtest8  (cost=0.43..6.83 rows=120 width=4)
	  Index Cond: ((k >= 8553112) AND (k <= 8553212))

for range-covered
table 1 : explain SELECT k FROM sbtest1 WHERE k BETWEEN 1959484 AND 1959584
	Index Only Scan using k_1 on sbtest1  (cost=0.43..10.63 rows=110 width=4)
	  Index Cond: ((k >= 1959484) AND (k <= 1959584))

table 2 : explain SELECT k FROM sbtest2 WHERE k BETWEEN 1959484 AND 1959584
	Index Only Scan using k_2 on sbtest2  (cost=0.43..6.45 rows=101 width=4)
	  Index Cond: ((k >= 1959484) AND (k <= 1959584))

table 3 : explain SELECT k FROM sbtest3 WHERE k BETWEEN 1959484 AND 1959584
	Index Only Scan using k_3 on sbtest3  (cost=0.43..6.27 rows=92 width=4)
	  Index Cond: ((k >= 1959484) AND (k <= 1959584))

table 4 : explain SELECT k FROM sbtest4 WHERE k BETWEEN 1959484 AND 1959584
	Index Only Scan using k_4 on sbtest4  (cost=0.43..6.56 rows=106 width=4)
	  Index Cond: ((k >= 1959484) AND (k <= 1959584))

table 5 : explain SELECT k FROM sbtest5 WHERE k BETWEEN 1959484 AND 1959584
	Index Only Scan using k_5 on sbtest5  (cost=0.43..6.58 rows=107 width=4)
	  Index Cond: ((k >= 1959484) AND (k <= 1959584))

table 6 : explain SELECT k FROM sbtest6 WHERE k BETWEEN 1959484 AND 1959584
	Index Only Scan using k_6 on sbtest6  (cost=0.43..6.40 rows=98 width=4)
	  Index Cond: ((k >= 1959484) AND (k <= 1959584))

table 7 : explain SELECT k FROM sbtest7 WHERE k BETWEEN 1959484 AND 1959584
	Index Only Scan using k_7 on sbtest7  (cost=0.43..6.59 rows=108 width=4)
	  Index Cond: ((k >= 1959484) AND (k <= 1959584))

table 8 : explain SELECT k FROM sbtest8 WHERE k BETWEEN 1959484 AND 1959584
	Index Only Scan using k_8 on sbtest8  (cost=0.43..6.43 rows=100 width=4)
	  Index Cond: ((k >= 1959484) AND (k <= 1959584))

explain: for range-covered :: explain SELECT k FROM sbtest%d WHERE k BETWEEN 1959484 AND 1959584
for range-covered
table 1 : explain SELECT k FROM sbtest1 WHERE k BETWEEN 3349354 AND 3349454
	Index Only Scan using k_1 on sbtest1  (cost=0.43..10.72 rows=114 width=4)
	  Index Cond: ((k >= 3349354) AND (k <= 3349454))

table 2 : explain SELECT k FROM sbtest2 WHERE k BETWEEN 3349354 AND 3349454
	Index Only Scan using k_2 on sbtest2  (cost=0.43..6.75 rows=116 width=4)
	  Index Cond: ((k >= 3349354) AND (k <= 3349454))

table 3 : explain SELECT k FROM sbtest3 WHERE k BETWEEN 3349354 AND 3349454
	Index Only Scan using k_3 on sbtest3  (cost=0.43..6.40 rows=98 width=4)
	  Index Cond: ((k >= 3349354) AND (k <= 3349454))

table 4 : explain SELECT k FROM sbtest4 WHERE k BETWEEN 3349354 AND 3349454
	Index Only Scan using k_4 on sbtest4  (cost=0.43..6.72 rows=114 width=4)
	  Index Cond: ((k >= 3349354) AND (k <= 3349454))

table 5 : explain SELECT k FROM sbtest5 WHERE k BETWEEN 3349354 AND 3349454
	Index Only Scan using k_5 on sbtest5  (cost=0.43..6.66 rows=111 width=4)
	  Index Cond: ((k >= 3349354) AND (k <= 3349454))

table 6 : explain SELECT k FROM sbtest6 WHERE k BETWEEN 3349354 AND 3349454
	Index Only Scan using k_6 on sbtest6  (cost=0.43..6.69 rows=113 width=4)
	  Index Cond: ((k >= 3349354) AND (k <= 3349454))

table 7 : explain SELECT k FROM sbtest7 WHERE k BETWEEN 3349354 AND 3349454
	Index Only Scan using k_7 on sbtest7  (cost=0.43..6.45 rows=101 width=4)
	  Index Cond: ((k >= 3349354) AND (k <= 3349454))

table 8 : explain SELECT k FROM sbtest8 WHERE k BETWEEN 3349354 AND 3349454
	Index Only Scan using k_8 on sbtest8  (cost=0.43..6.66 rows=111 width=4)
	  Index Cond: ((k >= 3349354) AND (k <= 3349454))

for range-covered
table 1 : explain SELECT k FROM sbtest1 WHERE k BETWEEN 7660220 AND 7660320
	Index Only Scan using k_1 on sbtest1  (cost=0.43..10.33 rows=95 width=4)
	  Index Cond: ((k >= 7660220) AND (k <= 7660320))

table 2 : explain SELECT k FROM sbtest2 WHERE k BETWEEN 7660220 AND 7660320
	Index Only Scan using k_2 on sbtest2  (cost=0.43..6.50 rows=103 width=4)
	  Index Cond: ((k >= 7660220) AND (k <= 7660320))

table 3 : explain SELECT k FROM sbtest3 WHERE k BETWEEN 7660220 AND 7660320
	Index Only Scan using k_3 on sbtest3  (cost=0.43..6.61 rows=109 width=4)
	  Index Cond: ((k >= 7660220) AND (k <= 7660320))

table 4 : explain SELECT k FROM sbtest4 WHERE k BETWEEN 7660220 AND 7660320
	Index Only Scan using k_4 on sbtest4  (cost=0.43..6.63 rows=110 width=4)
	  Index Cond: ((k >= 7660220) AND (k <= 7660320))

table 5 : explain SELECT k FROM sbtest5 WHERE k BETWEEN 7660220 AND 7660320
	Index Only Scan using k_5 on sbtest5  (cost=0.43..6.32 rows=94 width=4)
	  Index Cond: ((k >= 7660220) AND (k <= 7660320))

table 6 : explain SELECT k FROM sbtest6 WHERE k BETWEEN 7660220 AND 7660320
	Index Only Scan using k_6 on sbtest6  (cost=0.43..6.53 rows=105 width=4)
	  Index Cond: ((k >= 7660220) AND (k <= 7660320))

table 7 : explain SELECT k FROM sbtest7 WHERE k BETWEEN 7660220 AND 7660320
	Index Only Scan using k_7 on sbtest7  (cost=0.43..6.29 rows=93 width=4)
	  Index Cond: ((k >= 7660220) AND (k <= 7660320))

table 8 : explain SELECT k FROM sbtest8 WHERE k BETWEEN 7660220 AND 7660320
	Index Only Scan using k_8 on sbtest8  (cost=0.43..6.53 rows=105 width=4)
	  Index Cond: ((k >= 7660220) AND (k <= 7660320))

explain: for range-covered :: explain SELECT k FROM sbtest%d WHERE k BETWEEN 3349354 AND 3349454
explain: for range-covered :: explain SELECT k FROM sbtest%d WHERE k BETWEEN 7660220 AND 7660320
explain: for range-covered :: explain SELECT k FROM sbtest%d WHERE k BETWEEN 1655579 AND 1655679
for range-covered
table 1 : explain SELECT k FROM sbtest1 WHERE k BETWEEN 5138642 AND 5138742
	Index Only Scan using k_1 on sbtest1  (cost=0.43..10.58 rows=107 width=4)
	  Index Cond: ((k >= 5138642) AND (k <= 5138742))

table 2 : explain SELECT k FROM sbtest2 WHERE k BETWEEN 5138642 AND 5138742
	Index Only Scan using k_2 on sbtest2  (cost=0.43..6.42 rows=99 width=4)
	  Index Cond: ((k >= 5138642) AND (k <= 5138742))

table 3 : explain SELECT k FROM sbtest3 WHERE k BETWEEN 5138642 AND 5138742
	Index Only Scan using k_3 on sbtest3  (cost=0.43..6.51 rows=104 width=4)
	  Index Cond: ((k >= 5138642) AND (k <= 5138742))

table 4 : explain SELECT k FROM sbtest4 WHERE k BETWEEN 5138642 AND 5138742
	Index Only Scan using k_4 on sbtest4  (cost=0.43..6.42 rows=99 width=4)
	  Index Cond: ((k >= 5138642) AND (k <= 5138742))

table 5 : explain SELECT k FROM sbtest5 WHERE k BETWEEN 5138642 AND 5138742
	Index Only Scan using k_5 on sbtest5  (cost=0.43..6.42 rows=99 width=4)
	  Index Cond: ((k >= 5138642) AND (k <= 5138742))

table 6 : explain SELECT k FROM sbtest6 WHERE k BETWEEN 5138642 AND 5138742
	Index Only Scan using k_6 on sbtest6  (cost=0.43..6.40 rows=98 width=4)
	  Index Cond: ((k >= 5138642) AND (k <= 5138742))

table 7 : explain SELECT k FROM sbtest7 WHERE k BETWEEN 5138642 AND 5138742
	Index Only Scan using k_7 on sbtest7  (cost=0.43..6.43 rows=100 width=4)
	  Index Cond: ((k >= 5138642) AND (k <= 5138742))

table 8 : explain SELECT k FROM sbtest8 WHERE k BETWEEN 5138642 AND 5138742
	Index Only Scan using k_8 on sbtest8  (cost=0.43..6.43 rows=100 width=4)
	  Index Cond: ((k >= 5138642) AND (k <= 5138742))

for range-covered
table 1 : explain SELECT k FROM sbtest1 WHERE k BETWEEN 3349354 AND 3349454
	Index Only Scan using k_1 on sbtest1  (cost=0.43..10.72 rows=114 width=4)
	  Index Cond: ((k >= 3349354) AND (k <= 3349454))

table 2 : explain SELECT k FROM sbtest2 WHERE k BETWEEN 3349354 AND 3349454
	Index Only Scan using k_2 on sbtest2  (cost=0.43..6.75 rows=116 width=4)
	  Index Cond: ((k >= 3349354) AND (k <= 3349454))

table 3 : explain SELECT k FROM sbtest3 WHERE k BETWEEN 3349354 AND 3349454
	Index Only Scan using k_3 on sbtest3  (cost=0.43..6.40 rows=98 width=4)
	  Index Cond: ((k >= 3349354) AND (k <= 3349454))

table 4 : explain SELECT k FROM sbtest4 WHERE k BETWEEN 3349354 AND 3349454
	Index Only Scan using k_4 on sbtest4  (cost=0.43..6.72 rows=114 width=4)
	  Index Cond: ((k >= 3349354) AND (k <= 3349454))

table 5 : explain SELECT k FROM sbtest5 WHERE k BETWEEN 3349354 AND 3349454
	Index Only Scan using k_5 on sbtest5  (cost=0.43..6.66 rows=111 width=4)
	  Index Cond: ((k >= 3349354) AND (k <= 3349454))

table 6 : explain SELECT k FROM sbtest6 WHERE k BETWEEN 3349354 AND 3349454
	Index Only Scan using k_6 on sbtest6  (cost=0.43..6.69 rows=113 width=4)
	  Index Cond: ((k >= 3349354) AND (k <= 3349454))

table 7 : explain SELECT k FROM sbtest7 WHERE k BETWEEN 3349354 AND 3349454
	Index Only Scan using k_7 on sbtest7  (cost=0.43..6.45 rows=101 width=4)
	  Index Cond: ((k >= 3349354) AND (k <= 3349454))

table 8 : explain SELECT k FROM sbtest8 WHERE k BETWEEN 3349354 AND 3349454
	Index Only Scan using k_8 on sbtest8  (cost=0.43..6.66 rows=111 width=4)
	  Index Cond: ((k >= 3349354) AND (k <= 3349454))

explain: for range-covered :: explain SELECT k FROM sbtest%d WHERE k BETWEEN 3349354 AND 3349454
for range-covered
table 1 : explain SELECT k FROM sbtest1 WHERE k BETWEEN 7660220 AND 7660320
	Index Only Scan using k_1 on sbtest1  (cost=0.43..10.33 rows=95 width=4)
	  Index Cond: ((k >= 7660220) AND (k <= 7660320))

table 2 : explain SELECT k FROM sbtest2 WHERE k BETWEEN 7660220 AND 7660320
	Index Only Scan using k_2 on sbtest2  (cost=0.43..6.50 rows=103 width=4)
	  Index Cond: ((k >= 7660220) AND (k <= 7660320))

table 3 : explain SELECT k FROM sbtest3 WHERE k BETWEEN 7660220 AND 7660320
	Index Only Scan using k_3 on sbtest3  (cost=0.43..6.61 rows=109 width=4)
	  Index Cond: ((k >= 7660220) AND (k <= 7660320))

table 4 : explain SELECT k FROM sbtest4 WHERE k BETWEEN 7660220 AND 7660320
	Index Only Scan using k_4 on sbtest4  (cost=0.43..6.63 rows=110 width=4)
	  Index Cond: ((k >= 7660220) AND (k <= 7660320))

table 5 : explain SELECT k FROM sbtest5 WHERE k BETWEEN 7660220 AND 7660320
	Index Only Scan using k_5 on sbtest5  (cost=0.43..6.32 rows=94 width=4)
	  Index Cond: ((k >= 7660220) AND (k <= 7660320))

table 6 : explain SELECT k FROM sbtest6 WHERE k BETWEEN 7660220 AND 7660320
	Index Only Scan using k_6 on sbtest6  (cost=0.43..6.53 rows=105 width=4)
	  Index Cond: ((k >= 7660220) AND (k <= 7660320))

table 7 : explain SELECT k FROM sbtest7 WHERE k BETWEEN 7660220 AND 7660320
	Index Only Scan using k_7 on sbtest7  (cost=0.43..6.29 rows=93 width=4)
	  Index Cond: ((k >= 7660220) AND (k <= 7660320))

table 8 : explain SELECT k FROM sbtest8 WHERE k BETWEEN 7660220 AND 7660320
	Index Only Scan using k_8 on sbtest8  (cost=0.43..6.53 rows=105 width=4)
	  Index Cond: ((k >= 7660220) AND (k <= 7660320))

explain: for range-covered :: explain SELECT k FROM sbtest%d WHERE k BETWEEN 7660220 AND 7660320
for range-covered
table 1 : explain SELECT k FROM sbtest1 WHERE k BETWEEN 5465414 AND 5465514
	Index Only Scan using k_1 on sbtest1  (cost=0.43..10.44 rows=100 width=4)
	  Index Cond: ((k >= 5465414) AND (k <= 5465514))

table 2 : explain SELECT k FROM sbtest2 WHERE k BETWEEN 5465414 AND 5465514
	Index Only Scan using k_2 on sbtest2  (cost=0.43..6.27 rows=92 width=4)
	  Index Cond: ((k >= 5465414) AND (k <= 5465514))

table 3 : explain SELECT k FROM sbtest3 WHERE k BETWEEN 5465414 AND 5465514
	Index Only Scan using k_3 on sbtest3  (cost=0.43..6.42 rows=99 width=4)
	  Index Cond: ((k >= 5465414) AND (k <= 5465514))

table 4 : explain SELECT k FROM sbtest4 WHERE k BETWEEN 5465414 AND 5465514
	Index Only Scan using k_4 on sbtest4  (cost=0.43..6.47 rows=102 width=4)
	  Index Cond: ((k >= 5465414) AND (k <= 5465514))

table 5 : explain SELECT k FROM sbtest5 WHERE k BETWEEN 5465414 AND 5465514
	Index Only Scan using k_5 on sbtest5  (cost=0.43..6.50 rows=103 width=4)
	  Index Cond: ((k >= 5465414) AND (k <= 5465514))

table 6 : explain SELECT k FROM sbtest6 WHERE k BETWEEN 5465414 AND 5465514
	Index Only Scan using k_6 on sbtest6  (cost=0.43..6.40 rows=98 width=4)
	  Index Cond: ((k >= 5465414) AND (k <= 5465514))

table 7 : explain SELECT k FROM sbtest7 WHERE k BETWEEN 5465414 AND 5465514
	Index Only Scan using k_7 on sbtest7  (cost=0.43..6.37 rows=97 width=4)
	  Index Cond: ((k >= 5465414) AND (k <= 5465514))

table 8 : explain SELECT k FROM sbtest8 WHERE k BETWEEN 5465414 AND 5465514
	Index Only Scan using k_8 on sbtest8  (cost=0.43..6.45 rows=101 width=4)
	  Index Cond: ((k >= 5465414) AND (k <= 5465514))

for range-covered
table 1 : explain SELECT k FROM sbtest1 WHERE k BETWEEN 1959484 AND 1959584
	Index Only Scan using k_1 on sbtest1  (cost=0.43..10.63 rows=110 width=4)
	  Index Cond: ((k >= 1959484) AND (k <= 1959584))

table 2 : explain SELECT k FROM sbtest2 WHERE k BETWEEN 1959484 AND 1959584
	Index Only Scan using k_2 on sbtest2  (cost=0.43..6.45 rows=101 width=4)
	  Index Cond: ((k >= 1959484) AND (k <= 1959584))

table 3 : explain SELECT k FROM sbtest3 WHERE k BETWEEN 1959484 AND 1959584
	Index Only Scan using k_3 on sbtest3  (cost=0.43..6.27 rows=92 width=4)
	  Index Cond: ((k >= 1959484) AND (k <= 1959584))

table 4 : explain SELECT k FROM sbtest4 WHERE k BETWEEN 1959484 AND 1959584
	Index Only Scan using k_4 on sbtest4  (cost=0.43..6.56 rows=106 width=4)
	  Index Cond: ((k >= 1959484) AND (k <= 1959584))

table 5 : explain SELECT k FROM sbtest5 WHERE k BETWEEN 1959484 AND 1959584
	Index Only Scan using k_5 on sbtest5  (cost=0.43..6.58 rows=107 width=4)
	  Index Cond: ((k >= 1959484) AND (k <= 1959584))

table 6 : explain SELECT k FROM sbtest6 WHERE k BETWEEN 1959484 AND 1959584
	Index Only Scan using k_6 on sbtest6  (cost=0.43..6.40 rows=98 width=4)
	  Index Cond: ((k >= 1959484) AND (k <= 1959584))

table 7 : explain SELECT k FROM sbtest7 WHERE k BETWEEN 1959484 AND 1959584
	Index Only Scan using k_7 on sbtest7  (cost=0.43..6.59 rows=108 width=4)
	  Index Cond: ((k >= 1959484) AND (k <= 1959584))

table 8 : explain SELECT k FROM sbtest8 WHERE k BETWEEN 1959484 AND 1959584
	Index Only Scan using k_8 on sbtest8  (cost=0.43..6.43 rows=100 width=4)
	  Index Cond: ((k >= 1959484) AND (k <= 1959584))

explain: for range-covered :: explain SELECT k FROM sbtest%d WHERE k BETWEEN 5465414 AND 5465514
explain: for range-covered :: explain SELECT k FROM sbtest%d WHERE k BETWEEN 1959484 AND 1959584
for range-covered
table 1 : explain SELECT k FROM sbtest1 WHERE k BETWEEN 7816034 AND 7816134
	Index Only Scan using k_1 on sbtest1  (cost=0.43..10.60 rows=108 width=4)
	  Index Cond: ((k >= 7816034) AND (k <= 7816134))

table 2 : explain SELECT k FROM sbtest2 WHERE k BETWEEN 7816034 AND 7816134
	Index Only Scan using k_2 on sbtest2  (cost=0.43..6.56 rows=106 width=4)
	  Index Cond: ((k >= 7816034) AND (k <= 7816134))

table 3 : explain SELECT k FROM sbtest3 WHERE k BETWEEN 7816034 AND 7816134
	Index Only Scan using k_3 on sbtest3  (cost=0.43..6.47 rows=102 width=4)
	  Index Cond: ((k >= 7816034) AND (k <= 7816134))

table 4 : explain SELECT k FROM sbtest4 WHERE k BETWEEN 7816034 AND 7816134
	Index Only Scan using k_4 on sbtest4  (cost=0.43..6.59 rows=108 width=4)
	  Index Cond: ((k >= 7816034) AND (k <= 7816134))

table 5 : explain SELECT k FROM sbtest5 WHERE k BETWEEN 7816034 AND 7816134
	Index Only Scan using k_5 on sbtest5  (cost=0.43..6.66 rows=111 width=4)
	  Index Cond: ((k >= 7816034) AND (k <= 7816134))

table 6 : explain SELECT k FROM sbtest6 WHERE k BETWEEN 7816034 AND 7816134
	Index Only Scan using k_6 on sbtest6  (cost=0.43..6.56 rows=106 width=4)
	  Index Cond: ((k >= 7816034) AND (k <= 7816134))

table 7 : explain SELECT k FROM sbtest7 WHERE k BETWEEN 7816034 AND 7816134
	Index Only Scan using k_7 on sbtest7  (cost=0.43..6.29 rows=93 width=4)
	  Index Cond: ((k >= 7816034) AND (k <= 7816134))

table 8 : explain SELECT k FROM sbtest8 WHERE k BETWEEN 7816034 AND 7816134
	Index Only Scan using k_8 on sbtest8  (cost=0.43..6.51 rows=104 width=4)
	  Index Cond: ((k >= 7816034) AND (k <= 7816134))

explain: for range-covered :: explain SELECT k FROM sbtest%d WHERE k BETWEEN 7816034 AND 7816134
for range-covered
table 1 : explain SELECT k FROM sbtest1 WHERE k BETWEEN 3349354 AND 3349454
	Index Only Scan using k_1 on sbtest1  (cost=0.43..10.72 rows=114 width=4)
	  Index Cond: ((k >= 3349354) AND (k <= 3349454))

table 2 : explain SELECT k FROM sbtest2 WHERE k BETWEEN 3349354 AND 3349454
	Index Only Scan using k_2 on sbtest2  (cost=0.43..6.75 rows=116 width=4)
	  Index Cond: ((k >= 3349354) AND (k <= 3349454))

table 3 : explain SELECT k FROM sbtest3 WHERE k BETWEEN 3349354 AND 3349454
	Index Only Scan using k_3 on sbtest3  (cost=0.43..6.40 rows=98 width=4)
	  Index Cond: ((k >= 3349354) AND (k <= 3349454))

table 4 : explain SELECT k FROM sbtest4 WHERE k BETWEEN 3349354 AND 3349454
	Index Only Scan using k_4 on sbtest4  (cost=0.43..6.72 rows=114 width=4)
	  Index Cond: ((k >= 3349354) AND (k <= 3349454))

table 5 : explain SELECT k FROM sbtest5 WHERE k BETWEEN 3349354 AND 3349454
	Index Only Scan using k_5 on sbtest5  (cost=0.43..6.66 rows=111 width=4)
	  Index Cond: ((k >= 3349354) AND (k <= 3349454))

table 6 : explain SELECT k FROM sbtest6 WHERE k BETWEEN 3349354 AND 3349454
	Index Only Scan using k_6 on sbtest6  (cost=0.43..6.69 rows=113 width=4)
	  Index Cond: ((k >= 3349354) AND (k <= 3349454))

table 7 : explain SELECT k FROM sbtest7 WHERE k BETWEEN 3349354 AND 3349454
	Index Only Scan using k_7 on sbtest7  (cost=0.43..6.45 rows=101 width=4)
	  Index Cond: ((k >= 3349354) AND (k <= 3349454))

table 8 : explain SELECT k FROM sbtest8 WHERE k BETWEEN 3349354 AND 3349454
	Index Only Scan using k_8 on sbtest8  (cost=0.43..6.66 rows=111 width=4)
	  Index Cond: ((k >= 3349354) AND (k <= 3349454))

explain: for range-covered :: explain SELECT k FROM sbtest%d WHERE k BETWEEN 3349354 AND 3349454
for range-covered
table 1 : explain SELECT k FROM sbtest1 WHERE k BETWEEN 7660220 AND 7660320
	Index Only Scan using k_1 on sbtest1  (cost=0.43..10.33 rows=95 width=4)
	  Index Cond: ((k >= 7660220) AND (k <= 7660320))

table 2 : explain SELECT k FROM sbtest2 WHERE k BETWEEN 7660220 AND 7660320
	Index Only Scan using k_2 on sbtest2  (cost=0.43..6.50 rows=103 width=4)
	  Index Cond: ((k >= 7660220) AND (k <= 7660320))

table 3 : explain SELECT k FROM sbtest3 WHERE k BETWEEN 7660220 AND 7660320
	Index Only Scan using k_3 on sbtest3  (cost=0.43..6.61 rows=109 width=4)
	  Index Cond: ((k >= 7660220) AND (k <= 7660320))

table 4 : explain SELECT k FROM sbtest4 WHERE k BETWEEN 7660220 AND 7660320
	Index Only Scan using k_4 on sbtest4  (cost=0.43..6.63 rows=110 width=4)
	  Index Cond: ((k >= 7660220) AND (k <= 7660320))

table 5 : explain SELECT k FROM sbtest5 WHERE k BETWEEN 7660220 AND 7660320
	Index Only Scan using k_5 on sbtest5  (cost=0.43..6.32 rows=94 width=4)
	  Index Cond: ((k >= 7660220) AND (k <= 7660320))

table 6 : explain SELECT k FROM sbtest6 WHERE k BETWEEN 7660220 AND 7660320
	Index Only Scan using k_6 on sbtest6  (cost=0.43..6.53 rows=105 width=4)
	  Index Cond: ((k >= 7660220) AND (k <= 7660320))

table 7 : explain SELECT k FROM sbtest7 WHERE k BETWEEN 7660220 AND 7660320
	Index Only Scan using k_7 on sbtest7  (cost=0.43..6.29 rows=93 width=4)
	  Index Cond: ((k >= 7660220) AND (k <= 7660320))

table 8 : explain SELECT k FROM sbtest8 WHERE k BETWEEN 7660220 AND 7660320
	Index Only Scan using k_8 on sbtest8  (cost=0.43..6.53 rows=105 width=4)
	  Index Cond: ((k >= 7660220) AND (k <= 7660320))

explain: for range-covered :: explain SELECT k FROM sbtest%d WHERE k BETWEEN 7660220 AND 7660320
for range-covered
table 1 : explain SELECT k FROM sbtest1 WHERE k BETWEEN 5465414 AND 5465514
	Index Only Scan using k_1 on sbtest1  (cost=0.43..10.44 rows=100 width=4)
	  Index Cond: ((k >= 5465414) AND (k <= 5465514))

table 2 : explain SELECT k FROM sbtest2 WHERE k BETWEEN 5465414 AND 5465514
	Index Only Scan using k_2 on sbtest2  (cost=0.43..6.27 rows=92 width=4)
	  Index Cond: ((k >= 5465414) AND (k <= 5465514))

table 3 : explain SELECT k FROM sbtest3 WHERE k BETWEEN 5465414 AND 5465514
	Index Only Scan using k_3 on sbtest3  (cost=0.43..6.42 rows=99 width=4)
	  Index Cond: ((k >= 5465414) AND (k <= 5465514))

table 4 : explain SELECT k FROM sbtest4 WHERE k BETWEEN 5465414 AND 5465514
	Index Only Scan using k_4 on sbtest4  (cost=0.43..6.47 rows=102 width=4)
	  Index Cond: ((k >= 5465414) AND (k <= 5465514))

table 5 : explain SELECT k FROM sbtest5 WHERE k BETWEEN 5465414 AND 5465514
	Index Only Scan using k_5 on sbtest5  (cost=0.43..6.50 rows=103 width=4)
	  Index Cond: ((k >= 5465414) AND (k <= 5465514))

table 6 : explain SELECT k FROM sbtest6 WHERE k BETWEEN 5465414 AND 5465514
	Index Only Scan using k_6 on sbtest6  (cost=0.43..6.40 rows=98 width=4)
	  Index Cond: ((k >= 5465414) AND (k <= 5465514))

table 7 : explain SELECT k FROM sbtest7 WHERE k BETWEEN 5465414 AND 5465514
	Index Only Scan using k_7 on sbtest7  (cost=0.43..6.37 rows=97 width=4)
	  Index Cond: ((k >= 5465414) AND (k <= 5465514))

table 8 : explain SELECT k FROM sbtest8 WHERE k BETWEEN 5465414 AND 5465514
	Index Only Scan using k_8 on sbtest8  (cost=0.43..6.45 rows=101 width=4)
	  Index Cond: ((k >= 5465414) AND (k <= 5465514))

explain: for range-covered :: explain SELECT k FROM sbtest%d WHERE k BETWEEN 5465414 AND 5465514
explain: for range-covered :: explain SELECT k FROM sbtest%d WHERE k BETWEEN 5138642 AND 5138742
for range-covered
table 1 : explain SELECT k FROM sbtest1 WHERE k BETWEEN 3349354 AND 3349454
	Index Only Scan using k_1 on sbtest1  (cost=0.43..10.72 rows=114 width=4)
	  Index Cond: ((k >= 3349354) AND (k <= 3349454))

table 2 : explain SELECT k FROM sbtest2 WHERE k BETWEEN 3349354 AND 3349454
	Index Only Scan using k_2 on sbtest2  (cost=0.43..6.75 rows=116 width=4)
	  Index Cond: ((k >= 3349354) AND (k <= 3349454))

table 3 : explain SELECT k FROM sbtest3 WHERE k BETWEEN 3349354 AND 3349454
	Index Only Scan using k_3 on sbtest3  (cost=0.43..6.40 rows=98 width=4)
	  Index Cond: ((k >= 3349354) AND (k <= 3349454))

table 4 : explain SELECT k FROM sbtest4 WHERE k BETWEEN 3349354 AND 3349454
	Index Only Scan using k_4 on sbtest4  (cost=0.43..6.72 rows=114 width=4)
	  Index Cond: ((k >= 3349354) AND (k <= 3349454))

table 5 : explain SELECT k FROM sbtest5 WHERE k BETWEEN 3349354 AND 3349454
	Index Only Scan using k_5 on sbtest5  (cost=0.43..6.66 rows=111 width=4)
	  Index Cond: ((k >= 3349354) AND (k <= 3349454))

table 6 : explain SELECT k FROM sbtest6 WHERE k BETWEEN 3349354 AND 3349454
	Index Only Scan using k_6 on sbtest6  (cost=0.43..6.69 rows=113 width=4)
	  Index Cond: ((k >= 3349354) AND (k <= 3349454))

table 7 : explain SELECT k FROM sbtest7 WHERE k BETWEEN 3349354 AND 3349454
	Index Only Scan using k_7 on sbtest7  (cost=0.43..6.45 rows=101 width=4)
	  Index Cond: ((k >= 3349354) AND (k <= 3349454))

table 8 : explain SELECT k FROM sbtest8 WHERE k BETWEEN 3349354 AND 3349454
	Index Only Scan using k_8 on sbtest8  (cost=0.43..6.66 rows=111 width=4)
	  Index Cond: ((k >= 3349354) AND (k <= 3349454))

explain: for range-covered :: explain SELECT k FROM sbtest%d WHERE k BETWEEN 3349354 AND 3349454
for range-covered
table 1 : explain SELECT k FROM sbtest1 WHERE k BETWEEN 7660220 AND 7660320
	Index Only Scan using k_1 on sbtest1  (cost=0.43..10.33 rows=95 width=4)
	  Index Cond: ((k >= 7660220) AND (k <= 7660320))

table 2 : explain SELECT k FROM sbtest2 WHERE k BETWEEN 7660220 AND 7660320
	Index Only Scan using k_2 on sbtest2  (cost=0.43..6.50 rows=103 width=4)
	  Index Cond: ((k >= 7660220) AND (k <= 7660320))

table 3 : explain SELECT k FROM sbtest3 WHERE k BETWEEN 7660220 AND 7660320
	Index Only Scan using k_3 on sbtest3  (cost=0.43..6.61 rows=109 width=4)
	  Index Cond: ((k >= 7660220) AND (k <= 7660320))

table 4 : explain SELECT k FROM sbtest4 WHERE k BETWEEN 7660220 AND 7660320
	Index Only Scan using k_4 on sbtest4  (cost=0.43..6.63 rows=110 width=4)
	  Index Cond: ((k >= 7660220) AND (k <= 7660320))

table 5 : explain SELECT k FROM sbtest5 WHERE k BETWEEN 7660220 AND 7660320
	Index Only Scan using k_5 on sbtest5  (cost=0.43..6.32 rows=94 width=4)
	  Index Cond: ((k >= 7660220) AND (k <= 7660320))

table 6 : explain SELECT k FROM sbtest6 WHERE k BETWEEN 7660220 AND 7660320
	Index Only Scan using k_6 on sbtest6  (cost=0.43..6.53 rows=105 width=4)
	  Index Cond: ((k >= 7660220) AND (k <= 7660320))

table 7 : explain SELECT k FROM sbtest7 WHERE k BETWEEN 7660220 AND 7660320
	Index Only Scan using k_7 on sbtest7  (cost=0.43..6.29 rows=93 width=4)
	  Index Cond: ((k >= 7660220) AND (k <= 7660320))

table 8 : explain SELECT k FROM sbtest8 WHERE k BETWEEN 7660220 AND 7660320
	Index Only Scan using k_8 on sbtest8  (cost=0.43..6.53 rows=105 width=4)
	  Index Cond: ((k >= 7660220) AND (k <= 7660320))

explain: for range-covered :: explain SELECT k FROM sbtest%d WHERE k BETWEEN 7660220 AND 7660320
for range-covered
table 1 : explain SELECT k FROM sbtest1 WHERE k BETWEEN 3349354 AND 3349454
	Index Only Scan using k_1 on sbtest1  (cost=0.43..10.72 rows=114 width=4)
	  Index Cond: ((k >= 3349354) AND (k <= 3349454))

table 2 : explain SELECT k FROM sbtest2 WHERE k BETWEEN 3349354 AND 3349454
	Index Only Scan using k_2 on sbtest2  (cost=0.43..6.75 rows=116 width=4)
	  Index Cond: ((k >= 3349354) AND (k <= 3349454))

table 3 : explain SELECT k FROM sbtest3 WHERE k BETWEEN 3349354 AND 3349454
	Index Only Scan using k_3 on sbtest3  (cost=0.43..6.40 rows=98 width=4)
	  Index Cond: ((k >= 3349354) AND (k <= 3349454))

table 4 : explain SELECT k FROM sbtest4 WHERE k BETWEEN 3349354 AND 3349454
	Index Only Scan using k_4 on sbtest4  (cost=0.43..6.72 rows=114 width=4)
	  Index Cond: ((k >= 3349354) AND (k <= 3349454))

table 5 : explain SELECT k FROM sbtest5 WHERE k BETWEEN 3349354 AND 3349454
	Index Only Scan using k_5 on sbtest5  (cost=0.43..6.66 rows=111 width=4)
	  Index Cond: ((k >= 3349354) AND (k <= 3349454))

table 6 : explain SELECT k FROM sbtest6 WHERE k BETWEEN 3349354 AND 3349454
	Index Only Scan using k_6 on sbtest6  (cost=0.43..6.69 rows=113 width=4)
	  Index Cond: ((k >= 3349354) AND (k <= 3349454))

table 7 : explain SELECT k FROM sbtest7 WHERE k BETWEEN 3349354 AND 3349454
	Index Only Scan using k_7 on sbtest7  (cost=0.43..6.45 rows=101 width=4)
	  Index Cond: ((k >= 3349354) AND (k <= 3349454))

table 8 : explain SELECT k FROM sbtest8 WHERE k BETWEEN 3349354 AND 3349454
	Index Only Scan using k_8 on sbtest8  (cost=0.43..6.66 rows=111 width=4)
	  Index Cond: ((k >= 3349354) AND (k <= 3349454))

explain: for range-covered :: explain SELECT k FROM sbtest%d WHERE k BETWEEN 4612055 AND 4612155
for range-covered
table 1 : explain SELECT k FROM sbtest1 WHERE k BETWEEN 1959484 AND 1959584
	Index Only Scan using k_1 on sbtest1  (cost=0.43..10.63 rows=110 width=4)
	  Index Cond: ((k >= 1959484) AND (k <= 1959584))

table 2 : explain SELECT k FROM sbtest2 WHERE k BETWEEN 1959484 AND 1959584
	Index Only Scan using k_2 on sbtest2  (cost=0.43..6.45 rows=101 width=4)
	  Index Cond: ((k >= 1959484) AND (k <= 1959584))

table 3 : explain SELECT k FROM sbtest3 WHERE k BETWEEN 1959484 AND 1959584
	Index Only Scan using k_3 on sbtest3  (cost=0.43..6.27 rows=92 width=4)
	  Index Cond: ((k >= 1959484) AND (k <= 1959584))

table 4 : explain SELECT k FROM sbtest4 WHERE k BETWEEN 1959484 AND 1959584
	Index Only Scan using k_4 on sbtest4  (cost=0.43..6.56 rows=106 width=4)
	  Index Cond: ((k >= 1959484) AND (k <= 1959584))

table 5 : explain SELECT k FROM sbtest5 WHERE k BETWEEN 1959484 AND 1959584
	Index Only Scan using k_5 on sbtest5  (cost=0.43..6.58 rows=107 width=4)
	  Index Cond: ((k >= 1959484) AND (k <= 1959584))

table 6 : explain SELECT k FROM sbtest6 WHERE k BETWEEN 1959484 AND 1959584
	Index Only Scan using k_6 on sbtest6  (cost=0.43..6.40 rows=98 width=4)
	  Index Cond: ((k >= 1959484) AND (k <= 1959584))

table 7 : explain SELECT k FROM sbtest7 WHERE k BETWEEN 1959484 AND 1959584
	Index Only Scan using k_7 on sbtest7  (cost=0.43..6.59 rows=108 width=4)
	  Index Cond: ((k >= 1959484) AND (k <= 1959584))

table 8 : explain SELECT k FROM sbtest8 WHERE k BETWEEN 1959484 AND 1959584
	Index Only Scan using k_8 on sbtest8  (cost=0.43..6.43 rows=100 width=4)
	  Index Cond: ((k >= 1959484) AND (k <= 1959584))

for range-covered
table 1 : explain SELECT k FROM sbtest1 WHERE k BETWEEN 3756908 AND 3757008
	Index Only Scan using k_1 on sbtest1  (cost=0.43..10.62 rows=109 width=4)
	  Index Cond: ((k >= 3756908) AND (k <= 3757008))

table 2 : explain SELECT k FROM sbtest2 WHERE k BETWEEN 3756908 AND 3757008
	Index Only Scan using k_2 on sbtest2  (cost=0.43..6.27 rows=92 width=4)
	  Index Cond: ((k >= 3756908) AND (k <= 3757008))

table 3 : explain SELECT k FROM sbtest3 WHERE k BETWEEN 3756908 AND 3757008
	Index Only Scan using k_3 on sbtest3  (cost=0.43..6.47 rows=102 width=4)
	  Index Cond: ((k >= 3756908) AND (k <= 3757008))

table 4 : explain SELECT k FROM sbtest4 WHERE k BETWEEN 3756908 AND 3757008
	Index Only Scan using k_4 on sbtest4  (cost=0.43..6.47 rows=102 width=4)
	  Index Cond: ((k >= 3756908) AND (k <= 3757008))

table 5 : explain SELECT k FROM sbtest5 WHERE k BETWEEN 3756908 AND 3757008
	Index Only Scan using k_5 on sbtest5  (cost=0.43..6.43 rows=100 width=4)
	  Index Cond: ((k >= 3756908) AND (k <= 3757008))

table 6 : explain SELECT k FROM sbtest6 WHERE k BETWEEN 3756908 AND 3757008
	Index Only Scan using k_6 on sbtest6  (cost=0.43..6.58 rows=107 width=4)
	  Index Cond: ((k >= 3756908) AND (k <= 3757008))

table 7 : explain SELECT k FROM sbtest7 WHERE k BETWEEN 3756908 AND 3757008
	Index Only Scan using k_7 on sbtest7  (cost=0.43..6.59 rows=108 width=4)
	  Index Cond: ((k >= 3756908) AND (k <= 3757008))

table 8 : explain SELECT k FROM sbtest8 WHERE k BETWEEN 3756908 AND 3757008
	Index Only Scan using k_8 on sbtest8  (cost=0.43..6.53 rows=105 width=4)
	  Index Cond: ((k >= 3756908) AND (k <= 3757008))

for range-covered
table 1 : explain SELECT k FROM sbtest1 WHERE k BETWEEN 5465414 AND 5465514
	Index Only Scan using k_1 on sbtest1  (cost=0.43..10.44 rows=100 width=4)
	  Index Cond: ((k >= 5465414) AND (k <= 5465514))

table 2 : explain SELECT k FROM sbtest2 WHERE k BETWEEN 5465414 AND 5465514
	Index Only Scan using k_2 on sbtest2  (cost=0.43..6.27 rows=92 width=4)
	  Index Cond: ((k >= 5465414) AND (k <= 5465514))

table 3 : explain SELECT k FROM sbtest3 WHERE k BETWEEN 5465414 AND 5465514
	Index Only Scan using k_3 on sbtest3  (cost=0.43..6.42 rows=99 width=4)
	  Index Cond: ((k >= 5465414) AND (k <= 5465514))

table 4 : explain SELECT k FROM sbtest4 WHERE k BETWEEN 5465414 AND 5465514
	Index Only Scan using k_4 on sbtest4  (cost=0.43..6.47 rows=102 width=4)
	  Index Cond: ((k >= 5465414) AND (k <= 5465514))

table 5 : explain SELECT k FROM sbtest5 WHERE k BETWEEN 5465414 AND 5465514
	Index Only Scan using k_5 on sbtest5  (cost=0.43..6.50 rows=103 width=4)
	  Index Cond: ((k >= 5465414) AND (k <= 5465514))

table 6 : explain SELECT k FROM sbtest6 WHERE k BETWEEN 5465414 AND 5465514
	Index Only Scan using k_6 on sbtest6  (cost=0.43..6.40 rows=98 width=4)
	  Index Cond: ((k >= 5465414) AND (k <= 5465514))

table 7 : explain SELECT k FROM sbtest7 WHERE k BETWEEN 5465414 AND 5465514
	Index Only Scan using k_7 on sbtest7  (cost=0.43..6.37 rows=97 width=4)
	  Index Cond: ((k >= 5465414) AND (k <= 5465514))

table 8 : explain SELECT k FROM sbtest8 WHERE k BETWEEN 5465414 AND 5465514
	Index Only Scan using k_8 on sbtest8  (cost=0.43..6.45 rows=101 width=4)
	  Index Cond: ((k >= 5465414) AND (k <= 5465514))

explain: for range-covered :: explain SELECT k FROM sbtest%d WHERE k BETWEEN 1959484 AND 1959584
explain: for range-covered :: explain SELECT k FROM sbtest%d WHERE k BETWEEN 3756908 AND 3757008
explain: for range-covered :: explain SELECT k FROM sbtest%d WHERE k BETWEEN 5465414 AND 5465514
for range-covered
table 1 : explain SELECT k FROM sbtest1 WHERE k BETWEEN 5138642 AND 5138742
	Index Only Scan using k_1 on sbtest1  (cost=0.43..10.58 rows=107 width=4)
	  Index Cond: ((k >= 5138642) AND (k <= 5138742))

table 2 : explain SELECT k FROM sbtest2 WHERE k BETWEEN 5138642 AND 5138742
	Index Only Scan using k_2 on sbtest2  (cost=0.43..6.42 rows=99 width=4)
	  Index Cond: ((k >= 5138642) AND (k <= 5138742))

table 3 : explain SELECT k FROM sbtest3 WHERE k BETWEEN 5138642 AND 5138742
	Index Only Scan using k_3 on sbtest3  (cost=0.43..6.51 rows=104 width=4)
	  Index Cond: ((k >= 5138642) AND (k <= 5138742))

table 4 : explain SELECT k FROM sbtest4 WHERE k BETWEEN 5138642 AND 5138742
	Index Only Scan using k_4 on sbtest4  (cost=0.43..6.42 rows=99 width=4)
	  Index Cond: ((k >= 5138642) AND (k <= 5138742))

table 5 : explain SELECT k FROM sbtest5 WHERE k BETWEEN 5138642 AND 5138742
	Index Only Scan using k_5 on sbtest5  (cost=0.43..6.42 rows=99 width=4)
	  Index Cond: ((k >= 5138642) AND (k <= 5138742))

table 6 : explain SELECT k FROM sbtest6 WHERE k BETWEEN 5138642 AND 5138742
	Index Only Scan using k_6 on sbtest6  (cost=0.43..6.40 rows=98 width=4)
	  Index Cond: ((k >= 5138642) AND (k <= 5138742))

table 7 : explain SELECT k FROM sbtest7 WHERE k BETWEEN 5138642 AND 5138742
	Index Only Scan using k_7 on sbtest7  (cost=0.43..6.43 rows=100 width=4)
	  Index Cond: ((k >= 5138642) AND (k <= 5138742))

table 8 : explain SELECT k FROM sbtest8 WHERE k BETWEEN 5138642 AND 5138742
	Index Only Scan using k_8 on sbtest8  (cost=0.43..6.43 rows=100 width=4)
	  Index Cond: ((k >= 5138642) AND (k <= 5138742))

explain: for range-covered :: explain SELECT k FROM sbtest%d WHERE k BETWEEN 5138642 AND 5138742
for range-covered
table 1 : explain SELECT k FROM sbtest1 WHERE k BETWEEN 5465414 AND 5465514
	Index Only Scan using k_1 on sbtest1  (cost=0.43..10.44 rows=100 width=4)
	  Index Cond: ((k >= 5465414) AND (k <= 5465514))

table 2 : explain SELECT k FROM sbtest2 WHERE k BETWEEN 5465414 AND 5465514
	Index Only Scan using k_2 on sbtest2  (cost=0.43..6.27 rows=92 width=4)
	  Index Cond: ((k >= 5465414) AND (k <= 5465514))

table 3 : explain SELECT k FROM sbtest3 WHERE k BETWEEN 5465414 AND 5465514
	Index Only Scan using k_3 on sbtest3  (cost=0.43..6.42 rows=99 width=4)
	  Index Cond: ((k >= 5465414) AND (k <= 5465514))

table 4 : explain SELECT k FROM sbtest4 WHERE k BETWEEN 5465414 AND 5465514
	Index Only Scan using k_4 on sbtest4  (cost=0.43..6.47 rows=102 width=4)
	  Index Cond: ((k >= 5465414) AND (k <= 5465514))

table 5 : explain SELECT k FROM sbtest5 WHERE k BETWEEN 5465414 AND 5465514
	Index Only Scan using k_5 on sbtest5  (cost=0.43..6.50 rows=103 width=4)
	  Index Cond: ((k >= 5465414) AND (k <= 5465514))

table 6 : explain SELECT k FROM sbtest6 WHERE k BETWEEN 5465414 AND 5465514
	Index Only Scan using k_6 on sbtest6  (cost=0.43..6.40 rows=98 width=4)
	  Index Cond: ((k >= 5465414) AND (k <= 5465514))

table 7 : explain SELECT k FROM sbtest7 WHERE k BETWEEN 5465414 AND 5465514
	Index Only Scan using k_7 on sbtest7  (cost=0.43..6.37 rows=97 width=4)
	  Index Cond: ((k >= 5465414) AND (k <= 5465514))

table 8 : explain SELECT k FROM sbtest8 WHERE k BETWEEN 5465414 AND 5465514
	Index Only Scan using k_8 on sbtest8  (cost=0.43..6.45 rows=101 width=4)
	  Index Cond: ((k >= 5465414) AND (k <= 5465514))

explain: for range-covered :: explain SELECT k FROM sbtest%d WHERE k BETWEEN 5465414 AND 5465514
for range-covered
table 1 : explain SELECT k FROM sbtest1 WHERE k BETWEEN 7660220 AND 7660320
	Index Only Scan using k_1 on sbtest1  (cost=0.43..10.33 rows=95 width=4)
	  Index Cond: ((k >= 7660220) AND (k <= 7660320))

table 2 : explain SELECT k FROM sbtest2 WHERE k BETWEEN 7660220 AND 7660320
	Index Only Scan using k_2 on sbtest2  (cost=0.43..6.50 rows=103 width=4)
	  Index Cond: ((k >= 7660220) AND (k <= 7660320))

table 3 : explain SELECT k FROM sbtest3 WHERE k BETWEEN 7660220 AND 7660320
	Index Only Scan using k_3 on sbtest3  (cost=0.43..6.61 rows=109 width=4)
	  Index Cond: ((k >= 7660220) AND (k <= 7660320))

table 4 : explain SELECT k FROM sbtest4 WHERE k BETWEEN 7660220 AND 7660320
	Index Only Scan using k_4 on sbtest4  (cost=0.43..6.63 rows=110 width=4)
	  Index Cond: ((k >= 7660220) AND (k <= 7660320))

table 5 : explain SELECT k FROM sbtest5 WHERE k BETWEEN 7660220 AND 7660320
	Index Only Scan using k_5 on sbtest5  (cost=0.43..6.32 rows=94 width=4)
	  Index Cond: ((k >= 7660220) AND (k <= 7660320))

table 6 : explain SELECT k FROM sbtest6 WHERE k BETWEEN 7660220 AND 7660320
	Index Only Scan using k_6 on sbtest6  (cost=0.43..6.53 rows=105 width=4)
	  Index Cond: ((k >= 7660220) AND (k <= 7660320))

table 7 : explain SELECT k FROM sbtest7 WHERE k BETWEEN 7660220 AND 7660320
	Index Only Scan using k_7 on sbtest7  (cost=0.43..6.29 rows=93 width=4)
	  Index Cond: ((k >= 7660220) AND (k <= 7660320))

table 8 : explain SELECT k FROM sbtest8 WHERE k BETWEEN 7660220 AND 7660320
	Index Only Scan using k_8 on sbtest8  (cost=0.43..6.53 rows=105 width=4)
	  Index Cond: ((k >= 7660220) AND (k <= 7660320))

for range-covered
table 1 : explain SELECT k FROM sbtest1 WHERE k BETWEEN 1959484 AND 1959584
	Index Only Scan using k_1 on sbtest1  (cost=0.43..10.63 rows=110 width=4)
	  Index Cond: ((k >= 1959484) AND (k <= 1959584))

table 2 : explain SELECT k FROM sbtest2 WHERE k BETWEEN 1959484 AND 1959584
	Index Only Scan using k_2 on sbtest2  (cost=0.43..6.45 rows=101 width=4)
	  Index Cond: ((k >= 1959484) AND (k <= 1959584))

table 3 : explain SELECT k FROM sbtest3 WHERE k BETWEEN 1959484 AND 1959584
	Index Only Scan using k_3 on sbtest3  (cost=0.43..6.27 rows=92 width=4)
	  Index Cond: ((k >= 1959484) AND (k <= 1959584))

table 4 : explain SELECT k FROM sbtest4 WHERE k BETWEEN 1959484 AND 1959584
	Index Only Scan using k_4 on sbtest4  (cost=0.43..6.56 rows=106 width=4)
	  Index Cond: ((k >= 1959484) AND (k <= 1959584))

table 5 : explain SELECT k FROM sbtest5 WHERE k BETWEEN 1959484 AND 1959584
	Index Only Scan using k_5 on sbtest5  (cost=0.43..6.58 rows=107 width=4)
	  Index Cond: ((k >= 1959484) AND (k <= 1959584))

table 6 : explain SELECT k FROM sbtest6 WHERE k BETWEEN 1959484 AND 1959584
	Index Only Scan using k_6 on sbtest6  (cost=0.43..6.40 rows=98 width=4)
	  Index Cond: ((k >= 1959484) AND (k <= 1959584))

table 7 : explain SELECT k FROM sbtest7 WHERE k BETWEEN 1959484 AND 1959584
	Index Only Scan using k_7 on sbtest7  (cost=0.43..6.59 rows=108 width=4)
	  Index Cond: ((k >= 1959484) AND (k <= 1959584))

table 8 : explain SELECT k FROM sbtest8 WHERE k BETWEEN 1959484 AND 1959584
	Index Only Scan using k_8 on sbtest8  (cost=0.43..6.43 rows=100 width=4)
	  Index Cond: ((k >= 1959484) AND (k <= 1959584))

explain: for range-covered :: explain SELECT k FROM sbtest%d WHERE k BETWEEN 1959484 AND 1959584
for range-covered
table 1 : explain SELECT k FROM sbtest1 WHERE k BETWEEN 2114124 AND 2114224
	Index Only Scan using k_1 on sbtest1  (cost=0.43..10.58 rows=107 width=4)
	  Index Cond: ((k >= 2114124) AND (k <= 2114224))

table 2 : explain SELECT k FROM sbtest2 WHERE k BETWEEN 2114124 AND 2114224
	Index Only Scan using k_2 on sbtest2  (cost=0.43..6.51 rows=104 width=4)
	  Index Cond: ((k >= 2114124) AND (k <= 2114224))

table 3 : explain SELECT k FROM sbtest3 WHERE k BETWEEN 2114124 AND 2114224
	Index Only Scan using k_3 on sbtest3  (cost=0.43..6.50 rows=103 width=4)
	  Index Cond: ((k >= 2114124) AND (k <= 2114224))

table 4 : explain SELECT k FROM sbtest4 WHERE k BETWEEN 2114124 AND 2114224
	Index Only Scan using k_4 on sbtest4  (cost=0.43..6.50 rows=103 width=4)
	  Index Cond: ((k >= 2114124) AND (k <= 2114224))

table 5 : explain SELECT k FROM sbtest5 WHERE k BETWEEN 2114124 AND 2114224
	Index Only Scan using k_5 on sbtest5  (cost=0.43..6.45 rows=101 width=4)
	  Index Cond: ((k >= 2114124) AND (k <= 2114224))

table 6 : explain SELECT k FROM sbtest6 WHERE k BETWEEN 2114124 AND 2114224
	Index Only Scan using k_6 on sbtest6  (cost=0.43..6.42 rows=99 width=4)
	  Index Cond: ((k >= 2114124) AND (k <= 2114224))

table 7 : explain SELECT k FROM sbtest7 WHERE k BETWEEN 2114124 AND 2114224
	Index Only Scan using k_7 on sbtest7  (cost=0.43..6.35 rows=96 width=4)
	  Index Cond: ((k >= 2114124) AND (k <= 2114224))

table 8 : explain SELECT k FROM sbtest8 WHERE k BETWEEN 2114124 AND 2114224
	Index Only Scan using k_8 on sbtest8  (cost=0.43..6.43 rows=100 width=4)
	  Index Cond: ((k >= 2114124) AND (k <= 2114224))

for range-covered
table 1 : explain SELECT k FROM sbtest1 WHERE k BETWEEN 5465414 AND 5465514
	Index Only Scan using k_1 on sbtest1  (cost=0.43..10.44 rows=100 width=4)
	  Index Cond: ((k >= 5465414) AND (k <= 5465514))

table 2 : explain SELECT k FROM sbtest2 WHERE k BETWEEN 5465414 AND 5465514
	Index Only Scan using k_2 on sbtest2  (cost=0.43..6.27 rows=92 width=4)
	  Index Cond: ((k >= 5465414) AND (k <= 5465514))

table 3 : explain SELECT k FROM sbtest3 WHERE k BETWEEN 5465414 AND 5465514
	Index Only Scan using k_3 on sbtest3  (cost=0.43..6.42 rows=99 width=4)
	  Index Cond: ((k >= 5465414) AND (k <= 5465514))

table 4 : explain SELECT k FROM sbtest4 WHERE k BETWEEN 5465414 AND 5465514
	Index Only Scan using k_4 on sbtest4  (cost=0.43..6.47 rows=102 width=4)
	  Index Cond: ((k >= 5465414) AND (k <= 5465514))

table 5 : explain SELECT k FROM sbtest5 WHERE k BETWEEN 5465414 AND 5465514
	Index Only Scan using k_5 on sbtest5  (cost=0.43..6.50 rows=103 width=4)
	  Index Cond: ((k >= 5465414) AND (k <= 5465514))

table 6 : explain SELECT k FROM sbtest6 WHERE k BETWEEN 5465414 AND 5465514
	Index Only Scan using k_6 on sbtest6  (cost=0.43..6.40 rows=98 width=4)
	  Index Cond: ((k >= 5465414) AND (k <= 5465514))

table 7 : explain SELECT k FROM sbtest7 WHERE k BETWEEN 5465414 AND 5465514
	Index Only Scan using k_7 on sbtest7  (cost=0.43..6.37 rows=97 width=4)
	  Index Cond: ((k >= 5465414) AND (k <= 5465514))

table 8 : explain SELECT k FROM sbtest8 WHERE k BETWEEN 5465414 AND 5465514
	Index Only Scan using k_8 on sbtest8  (cost=0.43..6.45 rows=101 width=4)
	  Index Cond: ((k >= 5465414) AND (k <= 5465514))

explain: for range-covered :: explain SELECT k FROM sbtest%d WHERE k BETWEEN 2114124 AND 2114224
explain: for range-covered :: explain SELECT k FROM sbtest%d WHERE k BETWEEN 5465414 AND 5465514
for range-covered
table 1 : explain SELECT k FROM sbtest1 WHERE k BETWEEN 3756908 AND 3757008
	Index Only Scan using k_1 on sbtest1  (cost=0.43..10.62 rows=109 width=4)
	  Index Cond: ((k >= 3756908) AND (k <= 3757008))

table 2 : explain SELECT k FROM sbtest2 WHERE k BETWEEN 3756908 AND 3757008
	Index Only Scan using k_2 on sbtest2  (cost=0.43..6.27 rows=92 width=4)
	  Index Cond: ((k >= 3756908) AND (k <= 3757008))

table 3 : explain SELECT k FROM sbtest3 WHERE k BETWEEN 3756908 AND 3757008
	Index Only Scan using k_3 on sbtest3  (cost=0.43..6.47 rows=102 width=4)
	  Index Cond: ((k >= 3756908) AND (k <= 3757008))

table 4 : explain SELECT k FROM sbtest4 WHERE k BETWEEN 3756908 AND 3757008
	Index Only Scan using k_4 on sbtest4  (cost=0.43..6.47 rows=102 width=4)
	  Index Cond: ((k >= 3756908) AND (k <= 3757008))

table 5 : explain SELECT k FROM sbtest5 WHERE k BETWEEN 3756908 AND 3757008
	Index Only Scan using k_5 on sbtest5  (cost=0.43..6.43 rows=100 width=4)
	  Index Cond: ((k >= 3756908) AND (k <= 3757008))

table 6 : explain SELECT k FROM sbtest6 WHERE k BETWEEN 3756908 AND 3757008
	Index Only Scan using k_6 on sbtest6  (cost=0.43..6.58 rows=107 width=4)
	  Index Cond: ((k >= 3756908) AND (k <= 3757008))

table 7 : explain SELECT k FROM sbtest7 WHERE k BETWEEN 3756908 AND 3757008
	Index Only Scan using k_7 on sbtest7  (cost=0.43..6.59 rows=108 width=4)
	  Index Cond: ((k >= 3756908) AND (k <= 3757008))

table 8 : explain SELECT k FROM sbtest8 WHERE k BETWEEN 3756908 AND 3757008
	Index Only Scan using k_8 on sbtest8  (cost=0.43..6.53 rows=105 width=4)
	  Index Cond: ((k >= 3756908) AND (k <= 3757008))

for range-covered
table 1 : explain SELECT k FROM sbtest1 WHERE k BETWEEN 5138642 AND 5138742
	Index Only Scan using k_1 on sbtest1  (cost=0.43..10.58 rows=107 width=4)
	  Index Cond: ((k >= 5138642) AND (k <= 5138742))

table 2 : explain SELECT k FROM sbtest2 WHERE k BETWEEN 5138642 AND 5138742
	Index Only Scan using k_2 on sbtest2  (cost=0.43..6.42 rows=99 width=4)
	  Index Cond: ((k >= 5138642) AND (k <= 5138742))

table 3 : explain SELECT k FROM sbtest3 WHERE k BETWEEN 5138642 AND 5138742
	Index Only Scan using k_3 on sbtest3  (cost=0.43..6.51 rows=104 width=4)
	  Index Cond: ((k >= 5138642) AND (k <= 5138742))

table 4 : explain SELECT k FROM sbtest4 WHERE k BETWEEN 5138642 AND 5138742
	Index Only Scan using k_4 on sbtest4  (cost=0.43..6.42 rows=99 width=4)
	  Index Cond: ((k >= 5138642) AND (k <= 5138742))

table 5 : explain SELECT k FROM sbtest5 WHERE k BETWEEN 5138642 AND 5138742
	Index Only Scan using k_5 on sbtest5  (cost=0.43..6.42 rows=99 width=4)
	  Index Cond: ((k >= 5138642) AND (k <= 5138742))

table 6 : explain SELECT k FROM sbtest6 WHERE k BETWEEN 5138642 AND 5138742
	Index Only Scan using k_6 on sbtest6  (cost=0.43..6.40 rows=98 width=4)
	  Index Cond: ((k >= 5138642) AND (k <= 5138742))

table 7 : explain SELECT k FROM sbtest7 WHERE k BETWEEN 5138642 AND 5138742
	Index Only Scan using k_7 on sbtest7  (cost=0.43..6.43 rows=100 width=4)
	  Index Cond: ((k >= 5138642) AND (k <= 5138742))

table 8 : explain SELECT k FROM sbtest8 WHERE k BETWEEN 5138642 AND 5138742
	Index Only Scan using k_8 on sbtest8  (cost=0.43..6.43 rows=100 width=4)
	  Index Cond: ((k >= 5138642) AND (k <= 5138742))

explain: for range-covered :: explain SELECT k FROM sbtest%d WHERE k BETWEEN 5138642 AND 5138742
for range-covered
table 1 : explain SELECT k FROM sbtest1 WHERE k BETWEEN 5465414 AND 5465514
	Index Only Scan using k_1 on sbtest1  (cost=0.43..10.44 rows=100 width=4)
	  Index Cond: ((k >= 5465414) AND (k <= 5465514))

table 2 : explain SELECT k FROM sbtest2 WHERE k BETWEEN 5465414 AND 5465514
	Index Only Scan using k_2 on sbtest2  (cost=0.43..6.27 rows=92 width=4)
	  Index Cond: ((k >= 5465414) AND (k <= 5465514))

table 3 : explain SELECT k FROM sbtest3 WHERE k BETWEEN 5465414 AND 5465514
	Index Only Scan using k_3 on sbtest3  (cost=0.43..6.42 rows=99 width=4)
	  Index Cond: ((k >= 5465414) AND (k <= 5465514))

table 4 : explain SELECT k FROM sbtest4 WHERE k BETWEEN 5465414 AND 5465514
	Index Only Scan using k_4 on sbtest4  (cost=0.43..6.47 rows=102 width=4)
	  Index Cond: ((k >= 5465414) AND (k <= 5465514))

table 5 : explain SELECT k FROM sbtest5 WHERE k BETWEEN 5465414 AND 5465514
	Index Only Scan using k_5 on sbtest5  (cost=0.43..6.50 rows=103 width=4)
	  Index Cond: ((k >= 5465414) AND (k <= 5465514))

table 6 : explain SELECT k FROM sbtest6 WHERE k BETWEEN 5465414 AND 5465514
	Index Only Scan using k_6 on sbtest6  (cost=0.43..6.40 rows=98 width=4)
	  Index Cond: ((k >= 5465414) AND (k <= 5465514))

table 7 : explain SELECT k FROM sbtest7 WHERE k BETWEEN 5465414 AND 5465514
	Index Only Scan using k_7 on sbtest7  (cost=0.43..6.37 rows=97 width=4)
	  Index Cond: ((k >= 5465414) AND (k <= 5465514))

table 8 : explain SELECT k FROM sbtest8 WHERE k BETWEEN 5465414 AND 5465514
	Index Only Scan using k_8 on sbtest8  (cost=0.43..6.45 rows=101 width=4)
	  Index Cond: ((k >= 5465414) AND (k <= 5465514))

for range-covered
table 1 : explain SELECT k FROM sbtest1 WHERE k BETWEEN 2114124 AND 2114224
	Index Only Scan using k_1 on sbtest1  (cost=0.43..10.58 rows=107 width=4)
	  Index Cond: ((k >= 2114124) AND (k <= 2114224))

table 2 : explain SELECT k FROM sbtest2 WHERE k BETWEEN 2114124 AND 2114224
	Index Only Scan using k_2 on sbtest2  (cost=0.43..6.51 rows=104 width=4)
	  Index Cond: ((k >= 2114124) AND (k <= 2114224))

table 3 : explain SELECT k FROM sbtest3 WHERE k BETWEEN 2114124 AND 2114224
	Index Only Scan using k_3 on sbtest3  (cost=0.43..6.50 rows=103 width=4)
	  Index Cond: ((k >= 2114124) AND (k <= 2114224))

table 4 : explain SELECT k FROM sbtest4 WHERE k BETWEEN 2114124 AND 2114224
	Index Only Scan using k_4 on sbtest4  (cost=0.43..6.50 rows=103 width=4)
	  Index Cond: ((k >= 2114124) AND (k <= 2114224))

table 5 : explain SELECT k FROM sbtest5 WHERE k BETWEEN 2114124 AND 2114224
	Index Only Scan using k_5 on sbtest5  (cost=0.43..6.45 rows=101 width=4)
	  Index Cond: ((k >= 2114124) AND (k <= 2114224))

table 6 : explain SELECT k FROM sbtest6 WHERE k BETWEEN 2114124 AND 2114224
	Index Only Scan using k_6 on sbtest6  (cost=0.43..6.42 rows=99 width=4)
	  Index Cond: ((k >= 2114124) AND (k <= 2114224))

table 7 : explain SELECT k FROM sbtest7 WHERE k BETWEEN 2114124 AND 2114224
	Index Only Scan using k_7 on sbtest7  (cost=0.43..6.35 rows=96 width=4)
	  Index Cond: ((k >= 2114124) AND (k <= 2114224))

table 8 : explain SELECT k FROM sbtest8 WHERE k BETWEEN 2114124 AND 2114224
	Index Only Scan using k_8 on sbtest8  (cost=0.43..6.43 rows=100 width=4)
	  Index Cond: ((k >= 2114124) AND (k <= 2114224))

explain: for range-covered :: explain SELECT k FROM sbtest%d WHERE k BETWEEN 5465414 AND 5465514
explain: for range-covered :: explain SELECT k FROM sbtest%d WHERE k BETWEEN 2114124 AND 2114224
for range-covered
table 1 : explain SELECT k FROM sbtest1 WHERE k BETWEEN 1959484 AND 1959584
	Index Only Scan using k_1 on sbtest1  (cost=0.43..10.63 rows=110 width=4)
	  Index Cond: ((k >= 1959484) AND (k <= 1959584))

table 2 : explain SELECT k FROM sbtest2 WHERE k BETWEEN 1959484 AND 1959584
	Index Only Scan using k_2 on sbtest2  (cost=0.43..6.45 rows=101 width=4)
	  Index Cond: ((k >= 1959484) AND (k <= 1959584))

table 3 : explain SELECT k FROM sbtest3 WHERE k BETWEEN 1959484 AND 1959584
	Index Only Scan using k_3 on sbtest3  (cost=0.43..6.27 rows=92 width=4)
	  Index Cond: ((k >= 1959484) AND (k <= 1959584))

table 4 : explain SELECT k FROM sbtest4 WHERE k BETWEEN 1959484 AND 1959584
	Index Only Scan using k_4 on sbtest4  (cost=0.43..6.56 rows=106 width=4)
	  Index Cond: ((k >= 1959484) AND (k <= 1959584))

table 5 : explain SELECT k FROM sbtest5 WHERE k BETWEEN 1959484 AND 1959584
	Index Only Scan using k_5 on sbtest5  (cost=0.43..6.58 rows=107 width=4)
	  Index Cond: ((k >= 1959484) AND (k <= 1959584))

table 6 : explain SELECT k FROM sbtest6 WHERE k BETWEEN 1959484 AND 1959584
	Index Only Scan using k_6 on sbtest6  (cost=0.43..6.40 rows=98 width=4)
	  Index Cond: ((k >= 1959484) AND (k <= 1959584))

table 7 : explain SELECT k FROM sbtest7 WHERE k BETWEEN 1959484 AND 1959584
	Index Only Scan using k_7 on sbtest7  (cost=0.43..6.59 rows=108 width=4)
	  Index Cond: ((k >= 1959484) AND (k <= 1959584))

table 8 : explain SELECT k FROM sbtest8 WHERE k BETWEEN 1959484 AND 1959584
	Index Only Scan using k_8 on sbtest8  (cost=0.43..6.43 rows=100 width=4)
	  Index Cond: ((k >= 1959484) AND (k <= 1959584))

for range-covered
table 1 : explain SELECT k FROM sbtest1 WHERE k BETWEEN 5138642 AND 5138742
	Index Only Scan using k_1 on sbtest1  (cost=0.43..10.58 rows=107 width=4)
	  Index Cond: ((k >= 5138642) AND (k <= 5138742))

table 2 : explain SELECT k FROM sbtest2 WHERE k BETWEEN 5138642 AND 5138742
	Index Only Scan using k_2 on sbtest2  (cost=0.43..6.42 rows=99 width=4)
	  Index Cond: ((k >= 5138642) AND (k <= 5138742))

table 3 : explain SELECT k FROM sbtest3 WHERE k BETWEEN 5138642 AND 5138742
	Index Only Scan using k_3 on sbtest3  (cost=0.43..6.51 rows=104 width=4)
	  Index Cond: ((k >= 5138642) AND (k <= 5138742))

table 4 : explain SELECT k FROM sbtest4 WHERE k BETWEEN 5138642 AND 5138742
	Index Only Scan using k_4 on sbtest4  (cost=0.43..6.42 rows=99 width=4)
	  Index Cond: ((k >= 5138642) AND (k <= 5138742))

table 5 : explain SELECT k FROM sbtest5 WHERE k BETWEEN 5138642 AND 5138742
	Index Only Scan using k_5 on sbtest5  (cost=0.43..6.42 rows=99 width=4)
	  Index Cond: ((k >= 5138642) AND (k <= 5138742))

table 6 : explain SELECT k FROM sbtest6 WHERE k BETWEEN 5138642 AND 5138742
	Index Only Scan using k_6 on sbtest6  (cost=0.43..6.40 rows=98 width=4)
	  Index Cond: ((k >= 5138642) AND (k <= 5138742))

table 7 : explain SELECT k FROM sbtest7 WHERE k BETWEEN 5138642 AND 5138742
	Index Only Scan using k_7 on sbtest7  (cost=0.43..6.43 rows=100 width=4)
	  Index Cond: ((k >= 5138642) AND (k <= 5138742))

table 8 : explain SELECT k FROM sbtest8 WHERE k BETWEEN 5138642 AND 5138742
	Index Only Scan using k_8 on sbtest8  (cost=0.43..6.43 rows=100 width=4)
	  Index Cond: ((k >= 5138642) AND (k <= 5138742))

for range-covered
table 1 : explain SELECT k FROM sbtest1 WHERE k BETWEEN 4612055 AND 4612155
	Index Only Scan using k_1 on sbtest1  (cost=0.43..10.68 rows=112 width=4)
	  Index Cond: ((k >= 4612055) AND (k <= 4612155))

table 2 : explain SELECT k FROM sbtest2 WHERE k BETWEEN 4612055 AND 4612155
	Index Only Scan using k_2 on sbtest2  (cost=0.43..6.43 rows=100 width=4)
	  Index Cond: ((k >= 4612055) AND (k <= 4612155))

table 3 : explain SELECT k FROM sbtest3 WHERE k BETWEEN 4612055 AND 4612155
	Index Only Scan using k_3 on sbtest3  (cost=0.43..6.37 rows=97 width=4)
	  Index Cond: ((k >= 4612055) AND (k <= 4612155))

table 4 : explain SELECT k FROM sbtest4 WHERE k BETWEEN 4612055 AND 4612155
	Index Only Scan using k_4 on sbtest4  (cost=0.43..6.50 rows=103 width=4)
	  Index Cond: ((k >= 4612055) AND (k <= 4612155))

table 5 : explain SELECT k FROM sbtest5 WHERE k BETWEEN 4612055 AND 4612155
	Index Only Scan using k_5 on sbtest5  (cost=0.43..6.59 rows=108 width=4)
	  Index Cond: ((k >= 4612055) AND (k <= 4612155))

table 6 : explain SELECT k FROM sbtest6 WHERE k BETWEEN 4612055 AND 4612155
	Index Only Scan using k_6 on sbtest6  (cost=0.43..6.58 rows=107 width=4)
	  Index Cond: ((k >= 4612055) AND (k <= 4612155))

table 7 : explain SELECT k FROM sbtest7 WHERE k BETWEEN 4612055 AND 4612155
	Index Only Scan using k_7 on sbtest7  (cost=0.43..6.40 rows=98 width=4)
	  Index Cond: ((k >= 4612055) AND (k <= 4612155))

table 8 : explain SELECT k FROM sbtest8 WHERE k BETWEEN 4612055 AND 4612155
	Index Only Scan using k_8 on sbtest8  (cost=0.43..6.17 rows=87 width=4)
	  Index Cond: ((k >= 4612055) AND (k <= 4612155))

explain: for range-covered :: explain SELECT k FROM sbtest%d WHERE k BETWEEN 5138642 AND 5138742
explain: for range-covered :: explain SELECT k FROM sbtest%d WHERE k BETWEEN 4612055 AND 4612155
for range-covered
table 1 : explain SELECT k FROM sbtest1 WHERE k BETWEEN 2114124 AND 2114224
	Index Only Scan using k_1 on sbtest1  (cost=0.43..10.58 rows=107 width=4)
	  Index Cond: ((k >= 2114124) AND (k <= 2114224))

table 2 : explain SELECT k FROM sbtest2 WHERE k BETWEEN 2114124 AND 2114224
	Index Only Scan using k_2 on sbtest2  (cost=0.43..6.51 rows=104 width=4)
	  Index Cond: ((k >= 2114124) AND (k <= 2114224))

table 3 : explain SELECT k FROM sbtest3 WHERE k BETWEEN 2114124 AND 2114224
	Index Only Scan using k_3 on sbtest3  (cost=0.43..6.50 rows=103 width=4)
	  Index Cond: ((k >= 2114124) AND (k <= 2114224))

table 4 : explain SELECT k FROM sbtest4 WHERE k BETWEEN 2114124 AND 2114224
	Index Only Scan using k_4 on sbtest4  (cost=0.43..6.50 rows=103 width=4)
	  Index Cond: ((k >= 2114124) AND (k <= 2114224))

table 5 : explain SELECT k FROM sbtest5 WHERE k BETWEEN 2114124 AND 2114224
	Index Only Scan using k_5 on sbtest5  (cost=0.43..6.45 rows=101 width=4)
	  Index Cond: ((k >= 2114124) AND (k <= 2114224))

table 6 : explain SELECT k FROM sbtest6 WHERE k BETWEEN 2114124 AND 2114224
	Index Only Scan using k_6 on sbtest6  (cost=0.43..6.42 rows=99 width=4)
	  Index Cond: ((k >= 2114124) AND (k <= 2114224))

table 7 : explain SELECT k FROM sbtest7 WHERE k BETWEEN 2114124 AND 2114224
	Index Only Scan using k_7 on sbtest7  (cost=0.43..6.35 rows=96 width=4)
	  Index Cond: ((k >= 2114124) AND (k <= 2114224))

table 8 : explain SELECT k FROM sbtest8 WHERE k BETWEEN 2114124 AND 2114224
	Index Only Scan using k_8 on sbtest8  (cost=0.43..6.43 rows=100 width=4)
	  Index Cond: ((k >= 2114124) AND (k <= 2114224))

explain: for range-covered :: explain SELECT k FROM sbtest%d WHERE k BETWEEN 2114124 AND 2114224
for range-covered
table 1 : explain SELECT k FROM sbtest1 WHERE k BETWEEN 5138642 AND 5138742
	Index Only Scan using k_1 on sbtest1  (cost=0.43..10.58 rows=107 width=4)
	  Index Cond: ((k >= 5138642) AND (k <= 5138742))

table 2 : explain SELECT k FROM sbtest2 WHERE k BETWEEN 5138642 AND 5138742
	Index Only Scan using k_2 on sbtest2  (cost=0.43..6.42 rows=99 width=4)
	  Index Cond: ((k >= 5138642) AND (k <= 5138742))

table 3 : explain SELECT k FROM sbtest3 WHERE k BETWEEN 5138642 AND 5138742
	Index Only Scan using k_3 on sbtest3  (cost=0.43..6.51 rows=104 width=4)
	  Index Cond: ((k >= 5138642) AND (k <= 5138742))

table 4 : explain SELECT k FROM sbtest4 WHERE k BETWEEN 5138642 AND 5138742
	Index Only Scan using k_4 on sbtest4  (cost=0.43..6.42 rows=99 width=4)
	  Index Cond: ((k >= 5138642) AND (k <= 5138742))

table 5 : explain SELECT k FROM sbtest5 WHERE k BETWEEN 5138642 AND 5138742
	Index Only Scan using k_5 on sbtest5  (cost=0.43..6.42 rows=99 width=4)
	  Index Cond: ((k >= 5138642) AND (k <= 5138742))

table 6 : explain SELECT k FROM sbtest6 WHERE k BETWEEN 5138642 AND 5138742
	Index Only Scan using k_6 on sbtest6  (cost=0.43..6.40 rows=98 width=4)
	  Index Cond: ((k >= 5138642) AND (k <= 5138742))

table 7 : explain SELECT k FROM sbtest7 WHERE k BETWEEN 5138642 AND 5138742
	Index Only Scan using k_7 on sbtest7  (cost=0.43..6.43 rows=100 width=4)
	  Index Cond: ((k >= 5138642) AND (k <= 5138742))

table 8 : explain SELECT k FROM sbtest8 WHERE k BETWEEN 5138642 AND 5138742
	Index Only Scan using k_8 on sbtest8  (cost=0.43..6.43 rows=100 width=4)
	  Index Cond: ((k >= 5138642) AND (k <= 5138742))

explain: for range-covered :: explain SELECT k FROM sbtest%d WHERE k BETWEEN 5138642 AND 5138742
for range-covered
table 1 : explain SELECT k FROM sbtest1 WHERE k BETWEEN 4612055 AND 4612155
	Index Only Scan using k_1 on sbtest1  (cost=0.43..10.68 rows=112 width=4)
	  Index Cond: ((k >= 4612055) AND (k <= 4612155))

table 2 : explain SELECT k FROM sbtest2 WHERE k BETWEEN 4612055 AND 4612155
	Index Only Scan using k_2 on sbtest2  (cost=0.43..6.43 rows=100 width=4)
	  Index Cond: ((k >= 4612055) AND (k <= 4612155))

table 3 : explain SELECT k FROM sbtest3 WHERE k BETWEEN 4612055 AND 4612155
	Index Only Scan using k_3 on sbtest3  (cost=0.43..6.37 rows=97 width=4)
	  Index Cond: ((k >= 4612055) AND (k <= 4612155))

table 4 : explain SELECT k FROM sbtest4 WHERE k BETWEEN 4612055 AND 4612155
	Index Only Scan using k_4 on sbtest4  (cost=0.43..6.50 rows=103 width=4)
	  Index Cond: ((k >= 4612055) AND (k <= 4612155))

table 5 : explain SELECT k FROM sbtest5 WHERE k BETWEEN 4612055 AND 4612155
	Index Only Scan using k_5 on sbtest5  (cost=0.43..6.59 rows=108 width=4)
	  Index Cond: ((k >= 4612055) AND (k <= 4612155))

table 6 : explain SELECT k FROM sbtest6 WHERE k BETWEEN 4612055 AND 4612155
	Index Only Scan using k_6 on sbtest6  (cost=0.43..6.58 rows=107 width=4)
	  Index Cond: ((k >= 4612055) AND (k <= 4612155))

table 7 : explain SELECT k FROM sbtest7 WHERE k BETWEEN 4612055 AND 4612155
	Index Only Scan using k_7 on sbtest7  (cost=0.43..6.40 rows=98 width=4)
	  Index Cond: ((k >= 4612055) AND (k <= 4612155))

table 8 : explain SELECT k FROM sbtest8 WHERE k BETWEEN 4612055 AND 4612155
	Index Only Scan using k_8 on sbtest8  (cost=0.43..6.17 rows=87 width=4)
	  Index Cond: ((k >= 4612055) AND (k <= 4612155))

explain: for range-covered :: explain SELECT k FROM sbtest%d WHERE k BETWEEN 4612055 AND 4612155
for range-covered
table 1 : explain SELECT k FROM sbtest1 WHERE k BETWEEN 1655579 AND 1655679
	Index Only Scan using k_1 on sbtest1  (cost=0.43..10.46 rows=101 width=4)
	  Index Cond: ((k >= 1655579) AND (k <= 1655679))

table 2 : explain SELECT k FROM sbtest2 WHERE k BETWEEN 1655579 AND 1655679
	Index Only Scan using k_2 on sbtest2  (cost=0.43..6.66 rows=111 width=4)
	  Index Cond: ((k >= 1655579) AND (k <= 1655679))

table 3 : explain SELECT k FROM sbtest3 WHERE k BETWEEN 1655579 AND 1655679
	Index Only Scan using k_3 on sbtest3  (cost=0.43..6.74 rows=115 width=4)
	  Index Cond: ((k >= 1655579) AND (k <= 1655679))

table 4 : explain SELECT k FROM sbtest4 WHERE k BETWEEN 1655579 AND 1655679
	Index Only Scan using k_4 on sbtest4  (cost=0.43..6.33 rows=95 width=4)
	  Index Cond: ((k >= 1655579) AND (k <= 1655679))

table 5 : explain SELECT k FROM sbtest5 WHERE k BETWEEN 1655579 AND 1655679
	Index Only Scan using k_5 on sbtest5  (cost=0.43..6.53 rows=105 width=4)
	  Index Cond: ((k >= 1655579) AND (k <= 1655679))

table 6 : explain SELECT k FROM sbtest6 WHERE k BETWEEN 1655579 AND 1655679
	Index Only Scan using k_6 on sbtest6  (cost=0.43..6.37 rows=97 width=4)
	  Index Cond: ((k >= 1655579) AND (k <= 1655679))

table 7 : explain SELECT k FROM sbtest7 WHERE k BETWEEN 1655579 AND 1655679
	Index Only Scan using k_7 on sbtest7  (cost=0.43..6.45 rows=101 width=4)
	  Index Cond: ((k >= 1655579) AND (k <= 1655679))

table 8 : explain SELECT k FROM sbtest8 WHERE k BETWEEN 1655579 AND 1655679
	Index Only Scan using k_8 on sbtest8  (cost=0.43..6.51 rows=104 width=4)
	  Index Cond: ((k >= 1655579) AND (k <= 1655679))

for range-covered
table 1 : explain SELECT k FROM sbtest1 WHERE k BETWEEN 5465414 AND 5465514
	Index Only Scan using k_1 on sbtest1  (cost=0.43..10.44 rows=100 width=4)
	  Index Cond: ((k >= 5465414) AND (k <= 5465514))

table 2 : explain SELECT k FROM sbtest2 WHERE k BETWEEN 5465414 AND 5465514
	Index Only Scan using k_2 on sbtest2  (cost=0.43..6.27 rows=92 width=4)
	  Index Cond: ((k >= 5465414) AND (k <= 5465514))

table 3 : explain SELECT k FROM sbtest3 WHERE k BETWEEN 5465414 AND 5465514
	Index Only Scan using k_3 on sbtest3  (cost=0.43..6.42 rows=99 width=4)
	  Index Cond: ((k >= 5465414) AND (k <= 5465514))

table 4 : explain SELECT k FROM sbtest4 WHERE k BETWEEN 5465414 AND 5465514
	Index Only Scan using k_4 on sbtest4  (cost=0.43..6.47 rows=102 width=4)
	  Index Cond: ((k >= 5465414) AND (k <= 5465514))

table 5 : explain SELECT k FROM sbtest5 WHERE k BETWEEN 5465414 AND 5465514
	Index Only Scan using k_5 on sbtest5  (cost=0.43..6.50 rows=103 width=4)
	  Index Cond: ((k >= 5465414) AND (k <= 5465514))

table 6 : explain SELECT k FROM sbtest6 WHERE k BETWEEN 5465414 AND 5465514
	Index Only Scan using k_6 on sbtest6  (cost=0.43..6.40 rows=98 width=4)
	  Index Cond: ((k >= 5465414) AND (k <= 5465514))

table 7 : explain SELECT k FROM sbtest7 WHERE k BETWEEN 5465414 AND 5465514
	Index Only Scan using k_7 on sbtest7  (cost=0.43..6.37 rows=97 width=4)
	  Index Cond: ((k >= 5465414) AND (k <= 5465514))

table 8 : explain SELECT k FROM sbtest8 WHERE k BETWEEN 5465414 AND 5465514
	Index Only Scan using k_8 on sbtest8  (cost=0.43..6.45 rows=101 width=4)
	  Index Cond: ((k >= 5465414) AND (k <= 5465514))

explain: for range-covered :: explain SELECT k FROM sbtest%d WHERE k BETWEEN 5465414 AND 5465514
for range-covered
table 1 : explain SELECT k FROM sbtest1 WHERE k BETWEEN 2114124 AND 2114224
	Index Only Scan using k_1 on sbtest1  (cost=0.43..10.58 rows=107 width=4)
	  Index Cond: ((k >= 2114124) AND (k <= 2114224))

table 2 : explain SELECT k FROM sbtest2 WHERE k BETWEEN 2114124 AND 2114224
	Index Only Scan using k_2 on sbtest2  (cost=0.43..6.51 rows=104 width=4)
	  Index Cond: ((k >= 2114124) AND (k <= 2114224))

table 3 : explain SELECT k FROM sbtest3 WHERE k BETWEEN 2114124 AND 2114224
	Index Only Scan using k_3 on sbtest3  (cost=0.43..6.50 rows=103 width=4)
	  Index Cond: ((k >= 2114124) AND (k <= 2114224))

table 4 : explain SELECT k FROM sbtest4 WHERE k BETWEEN 2114124 AND 2114224
	Index Only Scan using k_4 on sbtest4  (cost=0.43..6.50 rows=103 width=4)
	  Index Cond: ((k >= 2114124) AND (k <= 2114224))

table 5 : explain SELECT k FROM sbtest5 WHERE k BETWEEN 2114124 AND 2114224
	Index Only Scan using k_5 on sbtest5  (cost=0.43..6.45 rows=101 width=4)
	  Index Cond: ((k >= 2114124) AND (k <= 2114224))

table 6 : explain SELECT k FROM sbtest6 WHERE k BETWEEN 2114124 AND 2114224
	Index Only Scan using k_6 on sbtest6  (cost=0.43..6.42 rows=99 width=4)
	  Index Cond: ((k >= 2114124) AND (k <= 2114224))

table 7 : explain SELECT k FROM sbtest7 WHERE k BETWEEN 2114124 AND 2114224
	Index Only Scan using k_7 on sbtest7  (cost=0.43..6.35 rows=96 width=4)
	  Index Cond: ((k >= 2114124) AND (k <= 2114224))

table 8 : explain SELECT k FROM sbtest8 WHERE k BETWEEN 2114124 AND 2114224
	Index Only Scan using k_8 on sbtest8  (cost=0.43..6.43 rows=100 width=4)
	  Index Cond: ((k >= 2114124) AND (k <= 2114224))

explain: for range-covered :: explain SELECT k FROM sbtest%d WHERE k BETWEEN 2114124 AND 2114224
for range-covered
table 1 : explain SELECT k FROM sbtest1 WHERE k BETWEEN 5138642 AND 5138742
	Index Only Scan using k_1 on sbtest1  (cost=0.43..10.58 rows=107 width=4)
	  Index Cond: ((k >= 5138642) AND (k <= 5138742))

table 2 : explain SELECT k FROM sbtest2 WHERE k BETWEEN 5138642 AND 5138742
	Index Only Scan using k_2 on sbtest2  (cost=0.43..6.42 rows=99 width=4)
	  Index Cond: ((k >= 5138642) AND (k <= 5138742))

table 3 : explain SELECT k FROM sbtest3 WHERE k BETWEEN 5138642 AND 5138742
	Index Only Scan using k_3 on sbtest3  (cost=0.43..6.51 rows=104 width=4)
	  Index Cond: ((k >= 5138642) AND (k <= 5138742))

table 4 : explain SELECT k FROM sbtest4 WHERE k BETWEEN 5138642 AND 5138742
	Index Only Scan using k_4 on sbtest4  (cost=0.43..6.42 rows=99 width=4)
	  Index Cond: ((k >= 5138642) AND (k <= 5138742))

table 5 : explain SELECT k FROM sbtest5 WHERE k BETWEEN 5138642 AND 5138742
	Index Only Scan using k_5 on sbtest5  (cost=0.43..6.42 rows=99 width=4)
	  Index Cond: ((k >= 5138642) AND (k <= 5138742))

table 6 : explain SELECT k FROM sbtest6 WHERE k BETWEEN 5138642 AND 5138742
	Index Only Scan using k_6 on sbtest6  (cost=0.43..6.40 rows=98 width=4)
	  Index Cond: ((k >= 5138642) AND (k <= 5138742))

table 7 : explain SELECT k FROM sbtest7 WHERE k BETWEEN 5138642 AND 5138742
	Index Only Scan using k_7 on sbtest7  (cost=0.43..6.43 rows=100 width=4)
	  Index Cond: ((k >= 5138642) AND (k <= 5138742))

table 8 : explain SELECT k FROM sbtest8 WHERE k BETWEEN 5138642 AND 5138742
	Index Only Scan using k_8 on sbtest8  (cost=0.43..6.43 rows=100 width=4)
	  Index Cond: ((k >= 5138642) AND (k <= 5138742))

explain: for range-covered :: explain SELECT k FROM sbtest%d WHERE k BETWEEN 5138642 AND 5138742
explain: for range-covered :: explain SELECT k FROM sbtest%d WHERE k BETWEEN 3903663 AND 3903763
for range-covered
table 1 : explain SELECT k FROM sbtest1 WHERE k BETWEEN 4612055 AND 4612155
	Index Only Scan using k_1 on sbtest1  (cost=0.43..10.68 rows=112 width=4)
	  Index Cond: ((k >= 4612055) AND (k <= 4612155))

table 2 : explain SELECT k FROM sbtest2 WHERE k BETWEEN 4612055 AND 4612155
	Index Only Scan using k_2 on sbtest2  (cost=0.43..6.43 rows=100 width=4)
	  Index Cond: ((k >= 4612055) AND (k <= 4612155))

table 3 : explain SELECT k FROM sbtest3 WHERE k BETWEEN 4612055 AND 4612155
	Index Only Scan using k_3 on sbtest3  (cost=0.43..6.37 rows=97 width=4)
	  Index Cond: ((k >= 4612055) AND (k <= 4612155))

table 4 : explain SELECT k FROM sbtest4 WHERE k BETWEEN 4612055 AND 4612155
	Index Only Scan using k_4 on sbtest4  (cost=0.43..6.50 rows=103 width=4)
	  Index Cond: ((k >= 4612055) AND (k <= 4612155))

table 5 : explain SELECT k FROM sbtest5 WHERE k BETWEEN 4612055 AND 4612155
	Index Only Scan using k_5 on sbtest5  (cost=0.43..6.59 rows=108 width=4)
	  Index Cond: ((k >= 4612055) AND (k <= 4612155))

table 6 : explain SELECT k FROM sbtest6 WHERE k BETWEEN 4612055 AND 4612155
	Index Only Scan using k_6 on sbtest6  (cost=0.43..6.58 rows=107 width=4)
	  Index Cond: ((k >= 4612055) AND (k <= 4612155))

table 7 : explain SELECT k FROM sbtest7 WHERE k BETWEEN 4612055 AND 4612155
	Index Only Scan using k_7 on sbtest7  (cost=0.43..6.40 rows=98 width=4)
	  Index Cond: ((k >= 4612055) AND (k <= 4612155))

table 8 : explain SELECT k FROM sbtest8 WHERE k BETWEEN 4612055 AND 4612155
	Index Only Scan using k_8 on sbtest8  (cost=0.43..6.17 rows=87 width=4)
	  Index Cond: ((k >= 4612055) AND (k <= 4612155))

explain: for range-covered :: explain SELECT k FROM sbtest%d WHERE k BETWEEN 4612055 AND 4612155
explain: for range-covered :: explain SELECT k FROM sbtest%d WHERE k BETWEEN 1655579 AND 1655679
explain: for range-covered :: explain SELECT k FROM sbtest%d WHERE k BETWEEN 8952792 AND 8952892
for range-covered
table 1 : explain SELECT k FROM sbtest1 WHERE k BETWEEN 2114124 AND 2114224
	Index Only Scan using k_1 on sbtest1  (cost=0.43..10.58 rows=107 width=4)
	  Index Cond: ((k >= 2114124) AND (k <= 2114224))

table 2 : explain SELECT k FROM sbtest2 WHERE k BETWEEN 2114124 AND 2114224
	Index Only Scan using k_2 on sbtest2  (cost=0.43..6.51 rows=104 width=4)
	  Index Cond: ((k >= 2114124) AND (k <= 2114224))

table 3 : explain SELECT k FROM sbtest3 WHERE k BETWEEN 2114124 AND 2114224
	Index Only Scan using k_3 on sbtest3  (cost=0.43..6.50 rows=103 width=4)
	  Index Cond: ((k >= 2114124) AND (k <= 2114224))

table 4 : explain SELECT k FROM sbtest4 WHERE k BETWEEN 2114124 AND 2114224
	Index Only Scan using k_4 on sbtest4  (cost=0.43..6.50 rows=103 width=4)
	  Index Cond: ((k >= 2114124) AND (k <= 2114224))

table 5 : explain SELECT k FROM sbtest5 WHERE k BETWEEN 2114124 AND 2114224
	Index Only Scan using k_5 on sbtest5  (cost=0.43..6.45 rows=101 width=4)
	  Index Cond: ((k >= 2114124) AND (k <= 2114224))

table 6 : explain SELECT k FROM sbtest6 WHERE k BETWEEN 2114124 AND 2114224
	Index Only Scan using k_6 on sbtest6  (cost=0.43..6.42 rows=99 width=4)
	  Index Cond: ((k >= 2114124) AND (k <= 2114224))

table 7 : explain SELECT k FROM sbtest7 WHERE k BETWEEN 2114124 AND 2114224
	Index Only Scan using k_7 on sbtest7  (cost=0.43..6.35 rows=96 width=4)
	  Index Cond: ((k >= 2114124) AND (k <= 2114224))

table 8 : explain SELECT k FROM sbtest8 WHERE k BETWEEN 2114124 AND 2114224
	Index Only Scan using k_8 on sbtest8  (cost=0.43..6.43 rows=100 width=4)
	  Index Cond: ((k >= 2114124) AND (k <= 2114224))

explain: for range-covered :: explain SELECT k FROM sbtest%d WHERE k BETWEEN 2114124 AND 2114224
for range-covered
table 1 : explain SELECT k FROM sbtest1 WHERE k BETWEEN 5138642 AND 5138742
	Index Only Scan using k_1 on sbtest1  (cost=0.43..10.58 rows=107 width=4)
	  Index Cond: ((k >= 5138642) AND (k <= 5138742))

table 2 : explain SELECT k FROM sbtest2 WHERE k BETWEEN 5138642 AND 5138742
	Index Only Scan using k_2 on sbtest2  (cost=0.43..6.42 rows=99 width=4)
	  Index Cond: ((k >= 5138642) AND (k <= 5138742))

table 3 : explain SELECT k FROM sbtest3 WHERE k BETWEEN 5138642 AND 5138742
	Index Only Scan using k_3 on sbtest3  (cost=0.43..6.51 rows=104 width=4)
	  Index Cond: ((k >= 5138642) AND (k <= 5138742))

table 4 : explain SELECT k FROM sbtest4 WHERE k BETWEEN 5138642 AND 5138742
	Index Only Scan using k_4 on sbtest4  (cost=0.43..6.42 rows=99 width=4)
	  Index Cond: ((k >= 5138642) AND (k <= 5138742))

table 5 : explain SELECT k FROM sbtest5 WHERE k BETWEEN 5138642 AND 5138742
	Index Only Scan using k_5 on sbtest5  (cost=0.43..6.42 rows=99 width=4)
	  Index Cond: ((k >= 5138642) AND (k <= 5138742))

table 6 : explain SELECT k FROM sbtest6 WHERE k BETWEEN 5138642 AND 5138742
	Index Only Scan using k_6 on sbtest6  (cost=0.43..6.40 rows=98 width=4)
	  Index Cond: ((k >= 5138642) AND (k <= 5138742))

table 7 : explain SELECT k FROM sbtest7 WHERE k BETWEEN 5138642 AND 5138742
	Index Only Scan using k_7 on sbtest7  (cost=0.43..6.43 rows=100 width=4)
	  Index Cond: ((k >= 5138642) AND (k <= 5138742))

table 8 : explain SELECT k FROM sbtest8 WHERE k BETWEEN 5138642 AND 5138742
	Index Only Scan using k_8 on sbtest8  (cost=0.43..6.43 rows=100 width=4)
	  Index Cond: ((k >= 5138642) AND (k <= 5138742))

explain: for range-covered :: explain SELECT k FROM sbtest%d WHERE k BETWEEN 5138642 AND 5138742
explain: for range-covered :: explain SELECT k FROM sbtest%d WHERE k BETWEEN 7573597 AND 7573697
for range-covered
table 1 : explain SELECT k FROM sbtest1 WHERE k BETWEEN 4612055 AND 4612155
	Index Only Scan using k_1 on sbtest1  (cost=0.43..10.68 rows=112 width=4)
	  Index Cond: ((k >= 4612055) AND (k <= 4612155))

table 2 : explain SELECT k FROM sbtest2 WHERE k BETWEEN 4612055 AND 4612155
	Index Only Scan using k_2 on sbtest2  (cost=0.43..6.43 rows=100 width=4)
	  Index Cond: ((k >= 4612055) AND (k <= 4612155))

table 3 : explain SELECT k FROM sbtest3 WHERE k BETWEEN 4612055 AND 4612155
	Index Only Scan using k_3 on sbtest3  (cost=0.43..6.37 rows=97 width=4)
	  Index Cond: ((k >= 4612055) AND (k <= 4612155))

table 4 : explain SELECT k FROM sbtest4 WHERE k BETWEEN 4612055 AND 4612155
	Index Only Scan using k_4 on sbtest4  (cost=0.43..6.50 rows=103 width=4)
	  Index Cond: ((k >= 4612055) AND (k <= 4612155))

table 5 : explain SELECT k FROM sbtest5 WHERE k BETWEEN 4612055 AND 4612155
	Index Only Scan using k_5 on sbtest5  (cost=0.43..6.59 rows=108 width=4)
	  Index Cond: ((k >= 4612055) AND (k <= 4612155))

table 6 : explain SELECT k FROM sbtest6 WHERE k BETWEEN 4612055 AND 4612155
	Index Only Scan using k_6 on sbtest6  (cost=0.43..6.58 rows=107 width=4)
	  Index Cond: ((k >= 4612055) AND (k <= 4612155))

table 7 : explain SELECT k FROM sbtest7 WHERE k BETWEEN 4612055 AND 4612155
	Index Only Scan using k_7 on sbtest7  (cost=0.43..6.40 rows=98 width=4)
	  Index Cond: ((k >= 4612055) AND (k <= 4612155))

table 8 : explain SELECT k FROM sbtest8 WHERE k BETWEEN 4612055 AND 4612155
	Index Only Scan using k_8 on sbtest8  (cost=0.43..6.17 rows=87 width=4)
	  Index Cond: ((k >= 4612055) AND (k <= 4612155))

explain: for range-covered :: explain SELECT k FROM sbtest%d WHERE k BETWEEN 4612055 AND 4612155
for range-covered
table 1 : explain SELECT k FROM sbtest1 WHERE k BETWEEN 5465414 AND 5465514
	Index Only Scan using k_1 on sbtest1  (cost=0.43..10.44 rows=100 width=4)
	  Index Cond: ((k >= 5465414) AND (k <= 5465514))

table 2 : explain SELECT k FROM sbtest2 WHERE k BETWEEN 5465414 AND 5465514
	Index Only Scan using k_2 on sbtest2  (cost=0.43..6.27 rows=92 width=4)
	  Index Cond: ((k >= 5465414) AND (k <= 5465514))

table 3 : explain SELECT k FROM sbtest3 WHERE k BETWEEN 5465414 AND 5465514
	Index Only Scan using k_3 on sbtest3  (cost=0.43..6.42 rows=99 width=4)
	  Index Cond: ((k >= 5465414) AND (k <= 5465514))

table 4 : explain SELECT k FROM sbtest4 WHERE k BETWEEN 5465414 AND 5465514
	Index Only Scan using k_4 on sbtest4  (cost=0.43..6.47 rows=102 width=4)
	  Index Cond: ((k >= 5465414) AND (k <= 5465514))

table 5 : explain SELECT k FROM sbtest5 WHERE k BETWEEN 5465414 AND 5465514
	Index Only Scan using k_5 on sbtest5  (cost=0.43..6.50 rows=103 width=4)
	  Index Cond: ((k >= 5465414) AND (k <= 5465514))

table 6 : explain SELECT k FROM sbtest6 WHERE k BETWEEN 5465414 AND 5465514
	Index Only Scan using k_6 on sbtest6  (cost=0.43..6.40 rows=98 width=4)
	  Index Cond: ((k >= 5465414) AND (k <= 5465514))

table 7 : explain SELECT k FROM sbtest7 WHERE k BETWEEN 5465414 AND 5465514
	Index Only Scan using k_7 on sbtest7  (cost=0.43..6.37 rows=97 width=4)
	  Index Cond: ((k >= 5465414) AND (k <= 5465514))

table 8 : explain SELECT k FROM sbtest8 WHERE k BETWEEN 5465414 AND 5465514
	Index Only Scan using k_8 on sbtest8  (cost=0.43..6.45 rows=101 width=4)
	  Index Cond: ((k >= 5465414) AND (k <= 5465514))

for range-covered
table 1 : explain SELECT k FROM sbtest1 WHERE k BETWEEN 2114124 AND 2114224
	Index Only Scan using k_1 on sbtest1  (cost=0.43..10.58 rows=107 width=4)
	  Index Cond: ((k >= 2114124) AND (k <= 2114224))

table 2 : explain SELECT k FROM sbtest2 WHERE k BETWEEN 2114124 AND 2114224
	Index Only Scan using k_2 on sbtest2  (cost=0.43..6.51 rows=104 width=4)
	  Index Cond: ((k >= 2114124) AND (k <= 2114224))

table 3 : explain SELECT k FROM sbtest3 WHERE k BETWEEN 2114124 AND 2114224
	Index Only Scan using k_3 on sbtest3  (cost=0.43..6.50 rows=103 width=4)
	  Index Cond: ((k >= 2114124) AND (k <= 2114224))

table 4 : explain SELECT k FROM sbtest4 WHERE k BETWEEN 2114124 AND 2114224
	Index Only Scan using k_4 on sbtest4  (cost=0.43..6.50 rows=103 width=4)
	  Index Cond: ((k >= 2114124) AND (k <= 2114224))

table 5 : explain SELECT k FROM sbtest5 WHERE k BETWEEN 2114124 AND 2114224
	Index Only Scan using k_5 on sbtest5  (cost=0.43..6.45 rows=101 width=4)
	  Index Cond: ((k >= 2114124) AND (k <= 2114224))

table 6 : explain SELECT k FROM sbtest6 WHERE k BETWEEN 2114124 AND 2114224
	Index Only Scan using k_6 on sbtest6  (cost=0.43..6.42 rows=99 width=4)
	  Index Cond: ((k >= 2114124) AND (k <= 2114224))

table 7 : explain SELECT k FROM sbtest7 WHERE k BETWEEN 2114124 AND 2114224
	Index Only Scan using k_7 on sbtest7  (cost=0.43..6.35 rows=96 width=4)
	  Index Cond: ((k >= 2114124) AND (k <= 2114224))

table 8 : explain SELECT k FROM sbtest8 WHERE k BETWEEN 2114124 AND 2114224
	Index Only Scan using k_8 on sbtest8  (cost=0.43..6.43 rows=100 width=4)
	  Index Cond: ((k >= 2114124) AND (k <= 2114224))

for range-covered
table 1 : explain SELECT k FROM sbtest1 WHERE k BETWEEN 5138642 AND 5138742
	Index Only Scan using k_1 on sbtest1  (cost=0.43..10.58 rows=107 width=4)
	  Index Cond: ((k >= 5138642) AND (k <= 5138742))

table 2 : explain SELECT k FROM sbtest2 WHERE k BETWEEN 5138642 AND 5138742
	Index Only Scan using k_2 on sbtest2  (cost=0.43..6.42 rows=99 width=4)
	  Index Cond: ((k >= 5138642) AND (k <= 5138742))

table 3 : explain SELECT k FROM sbtest3 WHERE k BETWEEN 5138642 AND 5138742
	Index Only Scan using k_3 on sbtest3  (cost=0.43..6.51 rows=104 width=4)
	  Index Cond: ((k >= 5138642) AND (k <= 5138742))

table 4 : explain SELECT k FROM sbtest4 WHERE k BETWEEN 5138642 AND 5138742
	Index Only Scan using k_4 on sbtest4  (cost=0.43..6.42 rows=99 width=4)
	  Index Cond: ((k >= 5138642) AND (k <= 5138742))

table 5 : explain SELECT k FROM sbtest5 WHERE k BETWEEN 5138642 AND 5138742
	Index Only Scan using k_5 on sbtest5  (cost=0.43..6.42 rows=99 width=4)
	  Index Cond: ((k >= 5138642) AND (k <= 5138742))

table 6 : explain SELECT k FROM sbtest6 WHERE k BETWEEN 5138642 AND 5138742
	Index Only Scan using k_6 on sbtest6  (cost=0.43..6.40 rows=98 width=4)
	  Index Cond: ((k >= 5138642) AND (k <= 5138742))

table 7 : explain SELECT k FROM sbtest7 WHERE k BETWEEN 5138642 AND 5138742
	Index Only Scan using k_7 on sbtest7  (cost=0.43..6.43 rows=100 width=4)
	  Index Cond: ((k >= 5138642) AND (k <= 5138742))

table 8 : explain SELECT k FROM sbtest8 WHERE k BETWEEN 5138642 AND 5138742
	Index Only Scan using k_8 on sbtest8  (cost=0.43..6.43 rows=100 width=4)
	  Index Cond: ((k >= 5138642) AND (k <= 5138742))

explain: for range-covered :: explain SELECT k FROM sbtest%d WHERE k BETWEEN 2114124 AND 2114224
explain: for range-covered :: explain SELECT k FROM sbtest%d WHERE k BETWEEN 5575233 AND 5575333
for range-covered
table 1 : explain SELECT k FROM sbtest1 WHERE k BETWEEN 4612055 AND 4612155
	Index Only Scan using k_1 on sbtest1  (cost=0.43..10.68 rows=112 width=4)
	  Index Cond: ((k >= 4612055) AND (k <= 4612155))

table 2 : explain SELECT k FROM sbtest2 WHERE k BETWEEN 4612055 AND 4612155
	Index Only Scan using k_2 on sbtest2  (cost=0.43..6.43 rows=100 width=4)
	  Index Cond: ((k >= 4612055) AND (k <= 4612155))

table 3 : explain SELECT k FROM sbtest3 WHERE k BETWEEN 4612055 AND 4612155
	Index Only Scan using k_3 on sbtest3  (cost=0.43..6.37 rows=97 width=4)
	  Index Cond: ((k >= 4612055) AND (k <= 4612155))

table 4 : explain SELECT k FROM sbtest4 WHERE k BETWEEN 4612055 AND 4612155
	Index Only Scan using k_4 on sbtest4  (cost=0.43..6.50 rows=103 width=4)
	  Index Cond: ((k >= 4612055) AND (k <= 4612155))

table 5 : explain SELECT k FROM sbtest5 WHERE k BETWEEN 4612055 AND 4612155
	Index Only Scan using k_5 on sbtest5  (cost=0.43..6.59 rows=108 width=4)
	  Index Cond: ((k >= 4612055) AND (k <= 4612155))

table 6 : explain SELECT k FROM sbtest6 WHERE k BETWEEN 4612055 AND 4612155
	Index Only Scan using k_6 on sbtest6  (cost=0.43..6.58 rows=107 width=4)
	  Index Cond: ((k >= 4612055) AND (k <= 4612155))

table 7 : explain SELECT k FROM sbtest7 WHERE k BETWEEN 4612055 AND 4612155
	Index Only Scan using k_7 on sbtest7  (cost=0.43..6.40 rows=98 width=4)
	  Index Cond: ((k >= 4612055) AND (k <= 4612155))

table 8 : explain SELECT k FROM sbtest8 WHERE k BETWEEN 4612055 AND 4612155
	Index Only Scan using k_8 on sbtest8  (cost=0.43..6.17 rows=87 width=4)
	  Index Cond: ((k >= 4612055) AND (k <= 4612155))

for range-covered
table 1 : explain SELECT k FROM sbtest1 WHERE k BETWEEN 1655579 AND 1655679
	Index Only Scan using k_1 on sbtest1  (cost=0.43..10.46 rows=101 width=4)
	  Index Cond: ((k >= 1655579) AND (k <= 1655679))

table 2 : explain SELECT k FROM sbtest2 WHERE k BETWEEN 1655579 AND 1655679
	Index Only Scan using k_2 on sbtest2  (cost=0.43..6.66 rows=111 width=4)
	  Index Cond: ((k >= 1655579) AND (k <= 1655679))

table 3 : explain SELECT k FROM sbtest3 WHERE k BETWEEN 1655579 AND 1655679
	Index Only Scan using k_3 on sbtest3  (cost=0.43..6.74 rows=115 width=4)
	  Index Cond: ((k >= 1655579) AND (k <= 1655679))

table 4 : explain SELECT k FROM sbtest4 WHERE k BETWEEN 1655579 AND 1655679
	Index Only Scan using k_4 on sbtest4  (cost=0.43..6.33 rows=95 width=4)
	  Index Cond: ((k >= 1655579) AND (k <= 1655679))

table 5 : explain SELECT k FROM sbtest5 WHERE k BETWEEN 1655579 AND 1655679
	Index Only Scan using k_5 on sbtest5  (cost=0.43..6.53 rows=105 width=4)
	  Index Cond: ((k >= 1655579) AND (k <= 1655679))

table 6 : explain SELECT k FROM sbtest6 WHERE k BETWEEN 1655579 AND 1655679
	Index Only Scan using k_6 on sbtest6  (cost=0.43..6.37 rows=97 width=4)
	  Index Cond: ((k >= 1655579) AND (k <= 1655679))

table 7 : explain SELECT k FROM sbtest7 WHERE k BETWEEN 1655579 AND 1655679
	Index Only Scan using k_7 on sbtest7  (cost=0.43..6.45 rows=101 width=4)
	  Index Cond: ((k >= 1655579) AND (k <= 1655679))

table 8 : explain SELECT k FROM sbtest8 WHERE k BETWEEN 1655579 AND 1655679
	Index Only Scan using k_8 on sbtest8  (cost=0.43..6.51 rows=104 width=4)
	  Index Cond: ((k >= 1655579) AND (k <= 1655679))

explain: for range-covered :: explain SELECT k FROM sbtest%d WHERE k BETWEEN 4612055 AND 4612155
explain: for range-covered :: explain SELECT k FROM sbtest%d WHERE k BETWEEN 1655579 AND 1655679
for range-covered
table 1 : explain SELECT k FROM sbtest1 WHERE k BETWEEN 7816034 AND 7816134
	Index Only Scan using k_1 on sbtest1  (cost=0.43..10.60 rows=108 width=4)
	  Index Cond: ((k >= 7816034) AND (k <= 7816134))

table 2 : explain SELECT k FROM sbtest2 WHERE k BETWEEN 7816034 AND 7816134
	Index Only Scan using k_2 on sbtest2  (cost=0.43..6.56 rows=106 width=4)
	  Index Cond: ((k >= 7816034) AND (k <= 7816134))

table 3 : explain SELECT k FROM sbtest3 WHERE k BETWEEN 7816034 AND 7816134
	Index Only Scan using k_3 on sbtest3  (cost=0.43..6.47 rows=102 width=4)
	  Index Cond: ((k >= 7816034) AND (k <= 7816134))

table 4 : explain SELECT k FROM sbtest4 WHERE k BETWEEN 7816034 AND 7816134
	Index Only Scan using k_4 on sbtest4  (cost=0.43..6.59 rows=108 width=4)
	  Index Cond: ((k >= 7816034) AND (k <= 7816134))

table 5 : explain SELECT k FROM sbtest5 WHERE k BETWEEN 7816034 AND 7816134
	Index Only Scan using k_5 on sbtest5  (cost=0.43..6.66 rows=111 width=4)
	  Index Cond: ((k >= 7816034) AND (k <= 7816134))

table 6 : explain SELECT k FROM sbtest6 WHERE k BETWEEN 7816034 AND 7816134
	Index Only Scan using k_6 on sbtest6  (cost=0.43..6.56 rows=106 width=4)
	  Index Cond: ((k >= 7816034) AND (k <= 7816134))

table 7 : explain SELECT k FROM sbtest7 WHERE k BETWEEN 7816034 AND 7816134
	Index Only Scan using k_7 on sbtest7  (cost=0.43..6.29 rows=93 width=4)
	  Index Cond: ((k >= 7816034) AND (k <= 7816134))

table 8 : explain SELECT k FROM sbtest8 WHERE k BETWEEN 7816034 AND 7816134
	Index Only Scan using k_8 on sbtest8  (cost=0.43..6.51 rows=104 width=4)
	  Index Cond: ((k >= 7816034) AND (k <= 7816134))

for range-covered
table 1 : explain SELECT k FROM sbtest1 WHERE k BETWEEN 2114124 AND 2114224
	Index Only Scan using k_1 on sbtest1  (cost=0.43..10.58 rows=107 width=4)
	  Index Cond: ((k >= 2114124) AND (k <= 2114224))

table 2 : explain SELECT k FROM sbtest2 WHERE k BETWEEN 2114124 AND 2114224
	Index Only Scan using k_2 on sbtest2  (cost=0.43..6.51 rows=104 width=4)
	  Index Cond: ((k >= 2114124) AND (k <= 2114224))

table 3 : explain SELECT k FROM sbtest3 WHERE k BETWEEN 2114124 AND 2114224
	Index Only Scan using k_3 on sbtest3  (cost=0.43..6.50 rows=103 width=4)
	  Index Cond: ((k >= 2114124) AND (k <= 2114224))

table 4 : explain SELECT k FROM sbtest4 WHERE k BETWEEN 2114124 AND 2114224
	Index Only Scan using k_4 on sbtest4  (cost=0.43..6.50 rows=103 width=4)
	  Index Cond: ((k >= 2114124) AND (k <= 2114224))

table 5 : explain SELECT k FROM sbtest5 WHERE k BETWEEN 2114124 AND 2114224
	Index Only Scan using k_5 on sbtest5  (cost=0.43..6.45 rows=101 width=4)
	  Index Cond: ((k >= 2114124) AND (k <= 2114224))

table 6 : explain SELECT k FROM sbtest6 WHERE k BETWEEN 2114124 AND 2114224
	Index Only Scan using k_6 on sbtest6  (cost=0.43..6.42 rows=99 width=4)
	  Index Cond: ((k >= 2114124) AND (k <= 2114224))

table 7 : explain SELECT k FROM sbtest7 WHERE k BETWEEN 2114124 AND 2114224
	Index Only Scan using k_7 on sbtest7  (cost=0.43..6.35 rows=96 width=4)
	  Index Cond: ((k >= 2114124) AND (k <= 2114224))

table 8 : explain SELECT k FROM sbtest8 WHERE k BETWEEN 2114124 AND 2114224
	Index Only Scan using k_8 on sbtest8  (cost=0.43..6.43 rows=100 width=4)
	  Index Cond: ((k >= 2114124) AND (k <= 2114224))

explain: for range-covered :: explain SELECT k FROM sbtest%d WHERE k BETWEEN 2114124 AND 2114224
explain: for range-covered :: explain SELECT k FROM sbtest%d WHERE k BETWEEN 7816034 AND 7816134
for range-covered
table 1 : explain SELECT k FROM sbtest1 WHERE k BETWEEN 1655579 AND 1655679
	Index Only Scan using k_1 on sbtest1  (cost=0.43..10.46 rows=101 width=4)
	  Index Cond: ((k >= 1655579) AND (k <= 1655679))

table 2 : explain SELECT k FROM sbtest2 WHERE k BETWEEN 1655579 AND 1655679
	Index Only Scan using k_2 on sbtest2  (cost=0.43..6.66 rows=111 width=4)
	  Index Cond: ((k >= 1655579) AND (k <= 1655679))

table 3 : explain SELECT k FROM sbtest3 WHERE k BETWEEN 1655579 AND 1655679
	Index Only Scan using k_3 on sbtest3  (cost=0.43..6.74 rows=115 width=4)
	  Index Cond: ((k >= 1655579) AND (k <= 1655679))

table 4 : explain SELECT k FROM sbtest4 WHERE k BETWEEN 1655579 AND 1655679
	Index Only Scan using k_4 on sbtest4  (cost=0.43..6.33 rows=95 width=4)
	  Index Cond: ((k >= 1655579) AND (k <= 1655679))

table 5 : explain SELECT k FROM sbtest5 WHERE k BETWEEN 1655579 AND 1655679
	Index Only Scan using k_5 on sbtest5  (cost=0.43..6.53 rows=105 width=4)
	  Index Cond: ((k >= 1655579) AND (k <= 1655679))

table 6 : explain SELECT k FROM sbtest6 WHERE k BETWEEN 1655579 AND 1655679
	Index Only Scan using k_6 on sbtest6  (cost=0.43..6.37 rows=97 width=4)
	  Index Cond: ((k >= 1655579) AND (k <= 1655679))

table 7 : explain SELECT k FROM sbtest7 WHERE k BETWEEN 1655579 AND 1655679
	Index Only Scan using k_7 on sbtest7  (cost=0.43..6.45 rows=101 width=4)
	  Index Cond: ((k >= 1655579) AND (k <= 1655679))

table 8 : explain SELECT k FROM sbtest8 WHERE k BETWEEN 1655579 AND 1655679
	Index Only Scan using k_8 on sbtest8  (cost=0.43..6.51 rows=104 width=4)
	  Index Cond: ((k >= 1655579) AND (k <= 1655679))

for range-covered
table 1 : explain SELECT k FROM sbtest1 WHERE k BETWEEN 4612055 AND 4612155
	Index Only Scan using k_1 on sbtest1  (cost=0.43..10.68 rows=112 width=4)
	  Index Cond: ((k >= 4612055) AND (k <= 4612155))

table 2 : explain SELECT k FROM sbtest2 WHERE k BETWEEN 4612055 AND 4612155
	Index Only Scan using k_2 on sbtest2  (cost=0.43..6.43 rows=100 width=4)
	  Index Cond: ((k >= 4612055) AND (k <= 4612155))

table 3 : explain SELECT k FROM sbtest3 WHERE k BETWEEN 4612055 AND 4612155
	Index Only Scan using k_3 on sbtest3  (cost=0.43..6.37 rows=97 width=4)
	  Index Cond: ((k >= 4612055) AND (k <= 4612155))

table 4 : explain SELECT k FROM sbtest4 WHERE k BETWEEN 4612055 AND 4612155
	Index Only Scan using k_4 on sbtest4  (cost=0.43..6.50 rows=103 width=4)
	  Index Cond: ((k >= 4612055) AND (k <= 4612155))

table 5 : explain SELECT k FROM sbtest5 WHERE k BETWEEN 4612055 AND 4612155
	Index Only Scan using k_5 on sbtest5  (cost=0.43..6.59 rows=108 width=4)
	  Index Cond: ((k >= 4612055) AND (k <= 4612155))

table 6 : explain SELECT k FROM sbtest6 WHERE k BETWEEN 4612055 AND 4612155
	Index Only Scan using k_6 on sbtest6  (cost=0.43..6.58 rows=107 width=4)
	  Index Cond: ((k >= 4612055) AND (k <= 4612155))

table 7 : explain SELECT k FROM sbtest7 WHERE k BETWEEN 4612055 AND 4612155
	Index Only Scan using k_7 on sbtest7  (cost=0.43..6.40 rows=98 width=4)
	  Index Cond: ((k >= 4612055) AND (k <= 4612155))

table 8 : explain SELECT k FROM sbtest8 WHERE k BETWEEN 4612055 AND 4612155
	Index Only Scan using k_8 on sbtest8  (cost=0.43..6.17 rows=87 width=4)
	  Index Cond: ((k >= 4612055) AND (k <= 4612155))

explain: for range-covered :: explain SELECT k FROM sbtest%d WHERE k BETWEEN 1655579 AND 1655679
explain: for range-covered :: explain SELECT k FROM sbtest%d WHERE k BETWEEN 4612055 AND 4612155
for range-covered
table 1 : explain SELECT k FROM sbtest1 WHERE k BETWEEN 3903663 AND 3903763
	Index Only Scan using k_1 on sbtest1  (cost=0.43..10.60 rows=108 width=4)
	  Index Cond: ((k >= 3903663) AND (k <= 3903763))

table 2 : explain SELECT k FROM sbtest2 WHERE k BETWEEN 3903663 AND 3903763
	Index Only Scan using k_2 on sbtest2  (cost=0.43..6.40 rows=98 width=4)
	  Index Cond: ((k >= 3903663) AND (k <= 3903763))

table 3 : explain SELECT k FROM sbtest3 WHERE k BETWEEN 3903663 AND 3903763
	Index Only Scan using k_3 on sbtest3  (cost=0.43..6.58 rows=107 width=4)
	  Index Cond: ((k >= 3903663) AND (k <= 3903763))

table 4 : explain SELECT k FROM sbtest4 WHERE k BETWEEN 3903663 AND 3903763
	Index Only Scan using k_4 on sbtest4  (cost=0.43..6.35 rows=96 width=4)
	  Index Cond: ((k >= 3903663) AND (k <= 3903763))

table 5 : explain SELECT k FROM sbtest5 WHERE k BETWEEN 3903663 AND 3903763
	Index Only Scan using k_5 on sbtest5  (cost=0.43..6.42 rows=99 width=4)
	  Index Cond: ((k >= 3903663) AND (k <= 3903763))

table 6 : explain SELECT k FROM sbtest6 WHERE k BETWEEN 3903663 AND 3903763
	Index Only Scan using k_6 on sbtest6  (cost=0.43..6.59 rows=108 width=4)
	  Index Cond: ((k >= 3903663) AND (k <= 3903763))

table 7 : explain SELECT k FROM sbtest7 WHERE k BETWEEN 3903663 AND 3903763
	Index Only Scan using k_7 on sbtest7  (cost=0.43..6.27 rows=92 width=4)
	  Index Cond: ((k >= 3903663) AND (k <= 3903763))

table 8 : explain SELECT k FROM sbtest8 WHERE k BETWEEN 3903663 AND 3903763
	Index Only Scan using k_8 on sbtest8  (cost=0.43..6.50 rows=103 width=4)
	  Index Cond: ((k >= 3903663) AND (k <= 3903763))

explain: for range-covered :: explain SELECT k FROM sbtest%d WHERE k BETWEEN 3903663 AND 3903763
for range-covered
table 1 : explain SELECT k FROM sbtest1 WHERE k BETWEEN 8952792 AND 8952892
	Index Only Scan using k_1 on sbtest1  (cost=0.43..10.56 rows=106 width=4)
	  Index Cond: ((k >= 8952792) AND (k <= 8952892))

table 2 : explain SELECT k FROM sbtest2 WHERE k BETWEEN 8952792 AND 8952892
	Index Only Scan using k_2 on sbtest2  (cost=0.43..6.53 rows=105 width=4)
	  Index Cond: ((k >= 8952792) AND (k <= 8952892))

table 3 : explain SELECT k FROM sbtest3 WHERE k BETWEEN 8952792 AND 8952892
	Index Only Scan using k_3 on sbtest3  (cost=0.43..6.40 rows=98 width=4)
	  Index Cond: ((k >= 8952792) AND (k <= 8952892))

table 4 : explain SELECT k FROM sbtest4 WHERE k BETWEEN 8952792 AND 8952892
	Index Only Scan using k_4 on sbtest4  (cost=0.43..6.40 rows=98 width=4)
	  Index Cond: ((k >= 8952792) AND (k <= 8952892))

table 5 : explain SELECT k FROM sbtest5 WHERE k BETWEEN 8952792 AND 8952892
	Index Only Scan using k_5 on sbtest5  (cost=0.43..6.72 rows=114 width=4)
	  Index Cond: ((k >= 8952792) AND (k <= 8952892))

table 6 : explain SELECT k FROM sbtest6 WHERE k BETWEEN 8952792 AND 8952892
	Index Only Scan using k_6 on sbtest6  (cost=0.43..6.29 rows=93 width=4)
	  Index Cond: ((k >= 8952792) AND (k <= 8952892))

table 7 : explain SELECT k FROM sbtest7 WHERE k BETWEEN 8952792 AND 8952892
	Index Only Scan using k_7 on sbtest7  (cost=0.43..6.47 rows=102 width=4)
	  Index Cond: ((k >= 8952792) AND (k <= 8952892))

table 8 : explain SELECT k FROM sbtest8 WHERE k BETWEEN 8952792 AND 8952892
	Index Only Scan using k_8 on sbtest8  (cost=0.43..6.43 rows=100 width=4)
	  Index Cond: ((k >= 8952792) AND (k <= 8952892))

for range-covered
table 1 : explain SELECT k FROM sbtest1 WHERE k BETWEEN 2114124 AND 2114224
	Index Only Scan using k_1 on sbtest1  (cost=0.43..10.58 rows=107 width=4)
	  Index Cond: ((k >= 2114124) AND (k <= 2114224))

table 2 : explain SELECT k FROM sbtest2 WHERE k BETWEEN 2114124 AND 2114224
	Index Only Scan using k_2 on sbtest2  (cost=0.43..6.51 rows=104 width=4)
	  Index Cond: ((k >= 2114124) AND (k <= 2114224))

table 3 : explain SELECT k FROM sbtest3 WHERE k BETWEEN 2114124 AND 2114224
	Index Only Scan using k_3 on sbtest3  (cost=0.43..6.50 rows=103 width=4)
	  Index Cond: ((k >= 2114124) AND (k <= 2114224))

table 4 : explain SELECT k FROM sbtest4 WHERE k BETWEEN 2114124 AND 2114224
	Index Only Scan using k_4 on sbtest4  (cost=0.43..6.50 rows=103 width=4)
	  Index Cond: ((k >= 2114124) AND (k <= 2114224))

table 5 : explain SELECT k FROM sbtest5 WHERE k BETWEEN 2114124 AND 2114224
	Index Only Scan using k_5 on sbtest5  (cost=0.43..6.45 rows=101 width=4)
	  Index Cond: ((k >= 2114124) AND (k <= 2114224))

table 6 : explain SELECT k FROM sbtest6 WHERE k BETWEEN 2114124 AND 2114224
	Index Only Scan using k_6 on sbtest6  (cost=0.43..6.42 rows=99 width=4)
	  Index Cond: ((k >= 2114124) AND (k <= 2114224))

table 7 : explain SELECT k FROM sbtest7 WHERE k BETWEEN 2114124 AND 2114224
	Index Only Scan using k_7 on sbtest7  (cost=0.43..6.35 rows=96 width=4)
	  Index Cond: ((k >= 2114124) AND (k <= 2114224))

table 8 : explain SELECT k FROM sbtest8 WHERE k BETWEEN 2114124 AND 2114224
	Index Only Scan using k_8 on sbtest8  (cost=0.43..6.43 rows=100 width=4)
	  Index Cond: ((k >= 2114124) AND (k <= 2114224))

explain: for range-covered :: explain SELECT k FROM sbtest%d WHERE k BETWEEN 8952792 AND 8952892
for range-covered
table 1 : explain SELECT k FROM sbtest1 WHERE k BETWEEN 1655579 AND 1655679
	Index Only Scan using k_1 on sbtest1  (cost=0.43..10.46 rows=101 width=4)
	  Index Cond: ((k >= 1655579) AND (k <= 1655679))

table 2 : explain SELECT k FROM sbtest2 WHERE k BETWEEN 1655579 AND 1655679
	Index Only Scan using k_2 on sbtest2  (cost=0.43..6.66 rows=111 width=4)
	  Index Cond: ((k >= 1655579) AND (k <= 1655679))

table 3 : explain SELECT k FROM sbtest3 WHERE k BETWEEN 1655579 AND 1655679
	Index Only Scan using k_3 on sbtest3  (cost=0.43..6.74 rows=115 width=4)
	  Index Cond: ((k >= 1655579) AND (k <= 1655679))

table 4 : explain SELECT k FROM sbtest4 WHERE k BETWEEN 1655579 AND 1655679
	Index Only Scan using k_4 on sbtest4  (cost=0.43..6.33 rows=95 width=4)
	  Index Cond: ((k >= 1655579) AND (k <= 1655679))

table 5 : explain SELECT k FROM sbtest5 WHERE k BETWEEN 1655579 AND 1655679
	Index Only Scan using k_5 on sbtest5  (cost=0.43..6.53 rows=105 width=4)
	  Index Cond: ((k >= 1655579) AND (k <= 1655679))

table 6 : explain SELECT k FROM sbtest6 WHERE k BETWEEN 1655579 AND 1655679
	Index Only Scan using k_6 on sbtest6  (cost=0.43..6.37 rows=97 width=4)
	  Index Cond: ((k >= 1655579) AND (k <= 1655679))

table 7 : explain SELECT k FROM sbtest7 WHERE k BETWEEN 1655579 AND 1655679
	Index Only Scan using k_7 on sbtest7  (cost=0.43..6.45 rows=101 width=4)
	  Index Cond: ((k >= 1655579) AND (k <= 1655679))

table 8 : explain SELECT k FROM sbtest8 WHERE k BETWEEN 1655579 AND 1655679
	Index Only Scan using k_8 on sbtest8  (cost=0.43..6.51 rows=104 width=4)
	  Index Cond: ((k >= 1655579) AND (k <= 1655679))

for range-covered
table 1 : explain SELECT k FROM sbtest1 WHERE k BETWEEN 4612055 AND 4612155
	Index Only Scan using k_1 on sbtest1  (cost=0.43..10.68 rows=112 width=4)
	  Index Cond: ((k >= 4612055) AND (k <= 4612155))

table 2 : explain SELECT k FROM sbtest2 WHERE k BETWEEN 4612055 AND 4612155
	Index Only Scan using k_2 on sbtest2  (cost=0.43..6.43 rows=100 width=4)
	  Index Cond: ((k >= 4612055) AND (k <= 4612155))

table 3 : explain SELECT k FROM sbtest3 WHERE k BETWEEN 4612055 AND 4612155
	Index Only Scan using k_3 on sbtest3  (cost=0.43..6.37 rows=97 width=4)
	  Index Cond: ((k >= 4612055) AND (k <= 4612155))

table 4 : explain SELECT k FROM sbtest4 WHERE k BETWEEN 4612055 AND 4612155
	Index Only Scan using k_4 on sbtest4  (cost=0.43..6.50 rows=103 width=4)
	  Index Cond: ((k >= 4612055) AND (k <= 4612155))

table 5 : explain SELECT k FROM sbtest5 WHERE k BETWEEN 4612055 AND 4612155
	Index Only Scan using k_5 on sbtest5  (cost=0.43..6.59 rows=108 width=4)
	  Index Cond: ((k >= 4612055) AND (k <= 4612155))

table 6 : explain SELECT k FROM sbtest6 WHERE k BETWEEN 4612055 AND 4612155
	Index Only Scan using k_6 on sbtest6  (cost=0.43..6.58 rows=107 width=4)
	  Index Cond: ((k >= 4612055) AND (k <= 4612155))

table 7 : explain SELECT k FROM sbtest7 WHERE k BETWEEN 4612055 AND 4612155
	Index Only Scan using k_7 on sbtest7  (cost=0.43..6.40 rows=98 width=4)
	  Index Cond: ((k >= 4612055) AND (k <= 4612155))

table 8 : explain SELECT k FROM sbtest8 WHERE k BETWEEN 4612055 AND 4612155
	Index Only Scan using k_8 on sbtest8  (cost=0.43..6.17 rows=87 width=4)
	  Index Cond: ((k >= 4612055) AND (k <= 4612155))

explain: for range-covered :: explain SELECT k FROM sbtest%d WHERE k BETWEEN 1655579 AND 1655679
explain: for range-covered :: explain SELECT k FROM sbtest%d WHERE k BETWEEN 4612055 AND 4612155
for range-covered
table 1 : explain SELECT k FROM sbtest1 WHERE k BETWEEN 3903663 AND 3903763
	Index Only Scan using k_1 on sbtest1  (cost=0.43..10.60 rows=108 width=4)
	  Index Cond: ((k >= 3903663) AND (k <= 3903763))

table 2 : explain SELECT k FROM sbtest2 WHERE k BETWEEN 3903663 AND 3903763
	Index Only Scan using k_2 on sbtest2  (cost=0.43..6.40 rows=98 width=4)
	  Index Cond: ((k >= 3903663) AND (k <= 3903763))

table 3 : explain SELECT k FROM sbtest3 WHERE k BETWEEN 3903663 AND 3903763
	Index Only Scan using k_3 on sbtest3  (cost=0.43..6.58 rows=107 width=4)
	  Index Cond: ((k >= 3903663) AND (k <= 3903763))

table 4 : explain SELECT k FROM sbtest4 WHERE k BETWEEN 3903663 AND 3903763
	Index Only Scan using k_4 on sbtest4  (cost=0.43..6.35 rows=96 width=4)
	  Index Cond: ((k >= 3903663) AND (k <= 3903763))

table 5 : explain SELECT k FROM sbtest5 WHERE k BETWEEN 3903663 AND 3903763
	Index Only Scan using k_5 on sbtest5  (cost=0.43..6.42 rows=99 width=4)
	  Index Cond: ((k >= 3903663) AND (k <= 3903763))

table 6 : explain SELECT k FROM sbtest6 WHERE k BETWEEN 3903663 AND 3903763
	Index Only Scan using k_6 on sbtest6  (cost=0.43..6.59 rows=108 width=4)
	  Index Cond: ((k >= 3903663) AND (k <= 3903763))

table 7 : explain SELECT k FROM sbtest7 WHERE k BETWEEN 3903663 AND 3903763
	Index Only Scan using k_7 on sbtest7  (cost=0.43..6.27 rows=92 width=4)
	  Index Cond: ((k >= 3903663) AND (k <= 3903763))

table 8 : explain SELECT k FROM sbtest8 WHERE k BETWEEN 3903663 AND 3903763
	Index Only Scan using k_8 on sbtest8  (cost=0.43..6.50 rows=103 width=4)
	  Index Cond: ((k >= 3903663) AND (k <= 3903763))

explain: for range-covered :: explain SELECT k FROM sbtest%d WHERE k BETWEEN 3903663 AND 3903763for range-covered
table 1 : explain SELECT k FROM sbtest1 WHERE k BETWEEN 7816034 AND 7816134
	Index Only Scan using k_1 on sbtest1  (cost=0.43..10.60 rows=108 width=4)
	  Index Cond: ((k >= 7816034) AND (k <= 7816134))

table 2 : explain SELECT k FROM sbtest2 WHERE k BETWEEN 7816034 AND 7816134
	Index Only Scan using k_2 on sbtest2  (cost=0.43..6.56 rows=106 width=4)
	  Index Cond: ((k >= 7816034) AND (k <= 7816134))

table 3 : explain SELECT k FROM sbtest3 WHERE k BETWEEN 7816034 AND 7816134
	Index Only Scan using k_3 on sbtest3  (cost=0.43..6.47 rows=102 width=4)
	  Index Cond: ((k >= 7816034) AND (k <= 7816134))

table 4 : explain SELECT k FROM sbtest4 WHERE k BETWEEN 7816034 AND 7816134
	Index Only Scan using k_4 on sbtest4  (cost=0.43..6.59 rows=108 width=4)
	  Index Cond: ((k >= 7816034) AND (k <= 7816134))

table 5 : explain SELECT k FROM sbtest5 WHERE k BETWEEN 7816034 AND 7816134
	Index Only Scan using k_5 on sbtest5  (cost=0.43..6.66 rows=111 width=4)
	  Index Cond: ((k >= 7816034) AND (k <= 7816134))

table 6 : explain SELECT k FROM sbtest6 WHERE k BETWEEN 7816034 AND 7816134
	Index Only Scan using k_6 on sbtest6  (cost=0.43..6.56 rows=106 width=4)
	  Index Cond: ((k >= 7816034) AND (k <= 7816134))

table 7 : explain SELECT k FROM sbtest7 WHERE k BETWEEN 7816034 AND 7816134
	Index Only Scan using k_7 on sbtest7  (cost=0.43..6.29 rows=93 width=4)
	  Index Cond: ((k >= 7816034) AND (k <= 7816134))

table 8 : explain SELECT k FROM sbtest8 WHERE k BETWEEN 7816034 AND 7816134
	Index Only Scan using k_8 on sbtest8  (cost=0.43..6.51 rows=104 width=4)
	  Index Cond: ((k >= 7816034) AND (k <= 7816134))


for range-covered
table 1 : explain SELECT k FROM sbtest1 WHERE k BETWEEN 8952792 AND 8952892
	Index Only Scan using k_1 on sbtest1  (cost=0.43..10.56 rows=106 width=4)
	  Index Cond: ((k >= 8952792) AND (k <= 8952892))

table 2 : explain SELECT k FROM sbtest2 WHERE k BETWEEN 8952792 AND 8952892
	Index Only Scan using k_2 on sbtest2  (cost=0.43..6.53 rows=105 width=4)
	  Index Cond: ((k >= 8952792) AND (k <= 8952892))

table 3 : explain SELECT k FROM sbtest3 WHERE k BETWEEN 8952792 AND 8952892
	Index Only Scan using k_3 on sbtest3  (cost=0.43..6.40 rows=98 width=4)
	  Index Cond: ((k >= 8952792) AND (k <= 8952892))

table 4 : explain SELECT k FROM sbtest4 WHERE k BETWEEN 8952792 AND 8952892
	Index Only Scan using k_4 on sbtest4  (cost=0.43..6.40 rows=98 width=4)
	  Index Cond: ((k >= 8952792) AND (k <= 8952892))

table 5 : explain SELECT k FROM sbtest5 WHERE k BETWEEN 8952792 AND 8952892
	Index Only Scan using k_5 on sbtest5  (cost=0.43..6.72 rows=114 width=4)
	  Index Cond: ((k >= 8952792) AND (k <= 8952892))

table 6 : explain SELECT k FROM sbtest6 WHERE k BETWEEN 8952792 AND 8952892
	Index Only Scan using k_6 on sbtest6  (cost=0.43..6.29 rows=93 width=4)
	  Index Cond: ((k >= 8952792) AND (k <= 8952892))

table 7 : explain SELECT k FROM sbtest7 WHERE k BETWEEN 8952792 AND 8952892
	Index Only Scan using k_7 on sbtest7  (cost=0.43..6.47 rows=102 width=4)
	  Index Cond: ((k >= 8952792) AND (k <= 8952892))

table 8 : explain SELECT k FROM sbtest8 WHERE k BETWEEN 8952792 AND 8952892
	Index Only Scan using k_8 on sbtest8  (cost=0.43..6.43 rows=100 width=4)
	  Index Cond: ((k >= 8952792) AND (k <= 8952892))

explain: for range-covered :: explain SELECT k FROM sbtest%d WHERE k BETWEEN 7816034 AND 7816134
explain: for range-covered :: explain SELECT k FROM sbtest%d WHERE k BETWEEN 8952792 AND 8952892
for range-covered
table 1 : explain SELECT k FROM sbtest1 WHERE k BETWEEN 1655579 AND 1655679
	Index Only Scan using k_1 on sbtest1  (cost=0.43..10.46 rows=101 width=4)
	  Index Cond: ((k >= 1655579) AND (k <= 1655679))

table 2 : explain SELECT k FROM sbtest2 WHERE k BETWEEN 1655579 AND 1655679
	Index Only Scan using k_2 on sbtest2  (cost=0.43..6.66 rows=111 width=4)
	  Index Cond: ((k >= 1655579) AND (k <= 1655679))

table 3 : explain SELECT k FROM sbtest3 WHERE k BETWEEN 1655579 AND 1655679
	Index Only Scan using k_3 on sbtest3  (cost=0.43..6.74 rows=115 width=4)
	  Index Cond: ((k >= 1655579) AND (k <= 1655679))

table 4 : explain SELECT k FROM sbtest4 WHERE k BETWEEN 1655579 AND 1655679
	Index Only Scan using k_4 on sbtest4  (cost=0.43..6.33 rows=95 width=4)
	  Index Cond: ((k >= 1655579) AND (k <= 1655679))

table 5 : explain SELECT k FROM sbtest5 WHERE k BETWEEN 1655579 AND 1655679
	Index Only Scan using k_5 on sbtest5  (cost=0.43..6.53 rows=105 width=4)
	  Index Cond: ((k >= 1655579) AND (k <= 1655679))

table 6 : explain SELECT k FROM sbtest6 WHERE k BETWEEN 1655579 AND 1655679
	Index Only Scan using k_6 on sbtest6  (cost=0.43..6.37 rows=97 width=4)
	  Index Cond: ((k >= 1655579) AND (k <= 1655679))

table 7 : explain SELECT k FROM sbtest7 WHERE k BETWEEN 1655579 AND 1655679
	Index Only Scan using k_7 on sbtest7  (cost=0.43..6.45 rows=101 width=4)
	  Index Cond: ((k >= 1655579) AND (k <= 1655679))

table 8 : explain SELECT k FROM sbtest8 WHERE k BETWEEN 1655579 AND 1655679
	Index Only Scan using k_8 on sbtest8  (cost=0.43..6.51 rows=104 width=4)
	  Index Cond: ((k >= 1655579) AND (k <= 1655679))

for range-covered
table 1 : explain SELECT k FROM sbtest1 WHERE k BETWEEN 4612055 AND 4612155
	Index Only Scan using k_1 on sbtest1  (cost=0.43..10.68 rows=112 width=4)
	  Index Cond: ((k >= 4612055) AND (k <= 4612155))

table 2 : explain SELECT k FROM sbtest2 WHERE k BETWEEN 4612055 AND 4612155
	Index Only Scan using k_2 on sbtest2  (cost=0.43..6.43 rows=100 width=4)
	  Index Cond: ((k >= 4612055) AND (k <= 4612155))

table 3 : explain SELECT k FROM sbtest3 WHERE k BETWEEN 4612055 AND 4612155
	Index Only Scan using k_3 on sbtest3  (cost=0.43..6.37 rows=97 width=4)
	  Index Cond: ((k >= 4612055) AND (k <= 4612155))

table 4 : explain SELECT k FROM sbtest4 WHERE k BETWEEN 4612055 AND 4612155
	Index Only Scan using k_4 on sbtest4  (cost=0.43..6.50 rows=103 width=4)
	  Index Cond: ((k >= 4612055) AND (k <= 4612155))

table 5 : explain SELECT k FROM sbtest5 WHERE k BETWEEN 4612055 AND 4612155
	Index Only Scan using k_5 on sbtest5  (cost=0.43..6.59 rows=108 width=4)
	  Index Cond: ((k >= 4612055) AND (k <= 4612155))

table 6 : explain SELECT k FROM sbtest6 WHERE k BETWEEN 4612055 AND 4612155
	Index Only Scan using k_6 on sbtest6  (cost=0.43..6.58 rows=107 width=4)
	  Index Cond: ((k >= 4612055) AND (k <= 4612155))

table 7 : explain SELECT k FROM sbtest7 WHERE k BETWEEN 4612055 AND 4612155
	Index Only Scan using k_7 on sbtest7  (cost=0.43..6.40 rows=98 width=4)
	  Index Cond: ((k >= 4612055) AND (k <= 4612155))

table 8 : explain SELECT k FROM sbtest8 WHERE k BETWEEN 4612055 AND 4612155
	Index Only Scan using k_8 on sbtest8  (cost=0.43..6.17 rows=87 width=4)
	  Index Cond: ((k >= 4612055) AND (k <= 4612155))

explain: for range-covered :: explain SELECT k FROM sbtest%d WHERE k BETWEEN 1655579 AND 1655679
explain: for range-covered :: explain SELECT k FROM sbtest%d WHERE k BETWEEN 5370711 AND 5370811
for range-covered
table 1 : explain SELECT k FROM sbtest1 WHERE k BETWEEN 8952792 AND 8952892
	Index Only Scan using k_1 on sbtest1  (cost=0.43..10.56 rows=106 width=4)
	  Index Cond: ((k >= 8952792) AND (k <= 8952892))

table 2 : explain SELECT k FROM sbtest2 WHERE k BETWEEN 8952792 AND 8952892
	Index Only Scan using k_2 on sbtest2  (cost=0.43..6.53 rows=105 width=4)
	  Index Cond: ((k >= 8952792) AND (k <= 8952892))

table 3 : explain SELECT k FROM sbtest3 WHERE k BETWEEN 8952792 AND 8952892
	Index Only Scan using k_3 on sbtest3  (cost=0.43..6.40 rows=98 width=4)
	  Index Cond: ((k >= 8952792) AND (k <= 8952892))

table 4 : explain SELECT k FROM sbtest4 WHERE k BETWEEN 8952792 AND 8952892
	Index Only Scan using k_4 on sbtest4  (cost=0.43..6.40 rows=98 width=4)
	  Index Cond: ((k >= 8952792) AND (k <= 8952892))

table 5 : explain SELECT k FROM sbtest5 WHERE k BETWEEN 8952792 AND 8952892
	Index Only Scan using k_5 on sbtest5  (cost=0.43..6.72 rows=114 width=4)
	  Index Cond: ((k >= 8952792) AND (k <= 8952892))

table 6 : explain SELECT k FROM sbtest6 WHERE k BETWEEN 8952792 AND 8952892
	Index Only Scan using k_6 on sbtest6  (cost=0.43..6.29 rows=93 width=4)
	  Index Cond: ((k >= 8952792) AND (k <= 8952892))

table 7 : explain SELECT k FROM sbtest7 WHERE k BETWEEN 8952792 AND 8952892
	Index Only Scan using k_7 on sbtest7  (cost=0.43..6.47 rows=102 width=4)
	  Index Cond: ((k >= 8952792) AND (k <= 8952892))

table 8 : explain SELECT k FROM sbtest8 WHERE k BETWEEN 8952792 AND 8952892
	Index Only Scan using k_8 on sbtest8  (cost=0.43..6.43 rows=100 width=4)
	  Index Cond: ((k >= 8952792) AND (k <= 8952892))

explain: for range-covered :: explain SELECT k FROM sbtest%d WHERE k BETWEEN 8952792 AND 8952892
for range-covered
table 1 : explain SELECT k FROM sbtest1 WHERE k BETWEEN 1655579 AND 1655679
	Index Only Scan using k_1 on sbtest1  (cost=0.43..10.46 rows=101 width=4)
	  Index Cond: ((k >= 1655579) AND (k <= 1655679))

table 2 : explain SELECT k FROM sbtest2 WHERE k BETWEEN 1655579 AND 1655679
	Index Only Scan using k_2 on sbtest2  (cost=0.43..6.66 rows=111 width=4)
	  Index Cond: ((k >= 1655579) AND (k <= 1655679))

table 3 : explain SELECT k FROM sbtest3 WHERE k BETWEEN 1655579 AND 1655679
	Index Only Scan using k_3 on sbtest3  (cost=0.43..6.74 rows=115 width=4)
	  Index Cond: ((k >= 1655579) AND (k <= 1655679))

table 4 : explain SELECT k FROM sbtest4 WHERE k BETWEEN 1655579 AND 1655679
	Index Only Scan using k_4 on sbtest4  (cost=0.43..6.33 rows=95 width=4)
	  Index Cond: ((k >= 1655579) AND (k <= 1655679))

table 5 : explain SELECT k FROM sbtest5 WHERE k BETWEEN 1655579 AND 1655679
	Index Only Scan using k_5 on sbtest5  (cost=0.43..6.53 rows=105 width=4)
	  Index Cond: ((k >= 1655579) AND (k <= 1655679))

table 6 : explain SELECT k FROM sbtest6 WHERE k BETWEEN 1655579 AND 1655679
	Index Only Scan using k_6 on sbtest6  (cost=0.43..6.37 rows=97 width=4)
	  Index Cond: ((k >= 1655579) AND (k <= 1655679))

table 7 : explain SELECT k FROM sbtest7 WHERE k BETWEEN 1655579 AND 1655679
	Index Only Scan using k_7 on sbtest7  (cost=0.43..6.45 rows=101 width=4)
	  Index Cond: ((k >= 1655579) AND (k <= 1655679))

table 8 : explain SELECT k FROM sbtest8 WHERE k BETWEEN 1655579 AND 1655679
	Index Only Scan using k_8 on sbtest8  (cost=0.43..6.51 rows=104 width=4)
	  Index Cond: ((k >= 1655579) AND (k <= 1655679))

explain: for range-covered :: explain SELECT k FROM sbtest%d WHERE k BETWEEN 1655579 AND 1655679
for range-covered
table 1 : explain SELECT k FROM sbtest1 WHERE k BETWEEN 7816034 AND 7816134
	Index Only Scan using k_1 on sbtest1  (cost=0.43..10.60 rows=108 width=4)
	  Index Cond: ((k >= 7816034) AND (k <= 7816134))

table 2 : explain SELECT k FROM sbtest2 WHERE k BETWEEN 7816034 AND 7816134
	Index Only Scan using k_2 on sbtest2  (cost=0.43..6.56 rows=106 width=4)
	  Index Cond: ((k >= 7816034) AND (k <= 7816134))

table 3 : explain SELECT k FROM sbtest3 WHERE k BETWEEN 7816034 AND 7816134
	Index Only Scan using k_3 on sbtest3  (cost=0.43..6.47 rows=102 width=4)
	  Index Cond: ((k >= 7816034) AND (k <= 7816134))

table 4 : explain SELECT k FROM sbtest4 WHERE k BETWEEN 7816034 AND 7816134
	Index Only Scan using k_4 on sbtest4  (cost=0.43..6.59 rows=108 width=4)
	  Index Cond: ((k >= 7816034) AND (k <= 7816134))

table 5 : explain SELECT k FROM sbtest5 WHERE k BETWEEN 7816034 AND 7816134
	Index Only Scan using k_5 on sbtest5  (cost=0.43..6.66 rows=111 width=4)
	  Index Cond: ((k >= 7816034) AND (k <= 7816134))

table 6 : explain SELECT k FROM sbtest6 WHERE k BETWEEN 7816034 AND 7816134
	Index Only Scan using k_6 on sbtest6  (cost=0.43..6.56 rows=106 width=4)
	  Index Cond: ((k >= 7816034) AND (k <= 7816134))

table 7 : explain SELECT k FROM sbtest7 WHERE k BETWEEN 7816034 AND 7816134
	Index Only Scan using k_7 on sbtest7  (cost=0.43..6.29 rows=93 width=4)
	  Index Cond: ((k >= 7816034) AND (k <= 7816134))

table 8 : explain SELECT k FROM sbtest8 WHERE k BETWEEN 7816034 AND 7816134
	Index Only Scan using k_8 on sbtest8  (cost=0.43..6.51 rows=104 width=4)
	  Index Cond: ((k >= 7816034) AND (k <= 7816134))

explain: for range-covered :: explain SELECT k FROM sbtest%d WHERE k BETWEEN 7816034 AND 7816134
for range-covered
table 1 : explain SELECT k FROM sbtest1 WHERE k BETWEEN 8952792 AND 8952892
	Index Only Scan using k_1 on sbtest1  (cost=0.43..10.56 rows=106 width=4)
	  Index Cond: ((k >= 8952792) AND (k <= 8952892))

table 2 : explain SELECT k FROM sbtest2 WHERE k BETWEEN 8952792 AND 8952892
	Index Only Scan using k_2 on sbtest2  (cost=0.43..6.53 rows=105 width=4)
	  Index Cond: ((k >= 8952792) AND (k <= 8952892))

table 3 : explain SELECT k FROM sbtest3 WHERE k BETWEEN 8952792 AND 8952892
	Index Only Scan using k_3 on sbtest3  (cost=0.43..6.40 rows=98 width=4)
	  Index Cond: ((k >= 8952792) AND (k <= 8952892))

table 4 : explain SELECT k FROM sbtest4 WHERE k BETWEEN 8952792 AND 8952892
	Index Only Scan using k_4 on sbtest4  (cost=0.43..6.40 rows=98 width=4)
	  Index Cond: ((k >= 8952792) AND (k <= 8952892))

table 5 : explain SELECT k FROM sbtest5 WHERE k BETWEEN 8952792 AND 8952892
	Index Only Scan using k_5 on sbtest5  (cost=0.43..6.72 rows=114 width=4)
	  Index Cond: ((k >= 8952792) AND (k <= 8952892))

table 6 : explain SELECT k FROM sbtest6 WHERE k BETWEEN 8952792 AND 8952892
	Index Only Scan using k_6 on sbtest6  (cost=0.43..6.29 rows=93 width=4)
	  Index Cond: ((k >= 8952792) AND (k <= 8952892))

table 7 : explain SELECT k FROM sbtest7 WHERE k BETWEEN 8952792 AND 8952892
	Index Only Scan using k_7 on sbtest7  (cost=0.43..6.47 rows=102 width=4)
	  Index Cond: ((k >= 8952792) AND (k <= 8952892))

table 8 : explain SELECT k FROM sbtest8 WHERE k BETWEEN 8952792 AND 8952892
	Index Only Scan using k_8 on sbtest8  (cost=0.43..6.43 rows=100 width=4)
	  Index Cond: ((k >= 8952792) AND (k <= 8952892))

explain: for range-covered :: explain SELECT k FROM sbtest%d WHERE k BETWEEN 8952792 AND 8952892
for range-covered
table 1 : explain SELECT k FROM sbtest1 WHERE k BETWEEN 1655579 AND 1655679
	Index Only Scan using k_1 on sbtest1  (cost=0.43..10.46 rows=101 width=4)
	  Index Cond: ((k >= 1655579) AND (k <= 1655679))

table 2 : explain SELECT k FROM sbtest2 WHERE k BETWEEN 1655579 AND 1655679
	Index Only Scan using k_2 on sbtest2  (cost=0.43..6.66 rows=111 width=4)
	  Index Cond: ((k >= 1655579) AND (k <= 1655679))

table 3 : explain SELECT k FROM sbtest3 WHERE k BETWEEN 1655579 AND 1655679
	Index Only Scan using k_3 on sbtest3  (cost=0.43..6.74 rows=115 width=4)
	  Index Cond: ((k >= 1655579) AND (k <= 1655679))

table 4 : explain SELECT k FROM sbtest4 WHERE k BETWEEN 1655579 AND 1655679
	Index Only Scan using k_4 on sbtest4  (cost=0.43..6.33 rows=95 width=4)
	  Index Cond: ((k >= 1655579) AND (k <= 1655679))

table 5 : explain SELECT k FROM sbtest5 WHERE k BETWEEN 1655579 AND 1655679
	Index Only Scan using k_5 on sbtest5  (cost=0.43..6.53 rows=105 width=4)
	  Index Cond: ((k >= 1655579) AND (k <= 1655679))

table 6 : explain SELECT k FROM sbtest6 WHERE k BETWEEN 1655579 AND 1655679
	Index Only Scan using k_6 on sbtest6  (cost=0.43..6.37 rows=97 width=4)
	  Index Cond: ((k >= 1655579) AND (k <= 1655679))

table 7 : explain SELECT k FROM sbtest7 WHERE k BETWEEN 1655579 AND 1655679
	Index Only Scan using k_7 on sbtest7  (cost=0.43..6.45 rows=101 width=4)
	  Index Cond: ((k >= 1655579) AND (k <= 1655679))

table 8 : explain SELECT k FROM sbtest8 WHERE k BETWEEN 1655579 AND 1655679
	Index Only Scan using k_8 on sbtest8  (cost=0.43..6.51 rows=104 width=4)
	  Index Cond: ((k >= 1655579) AND (k <= 1655679))

explain: for range-covered :: explain SELECT k FROM sbtest%d WHERE k BETWEEN 1655579 AND 1655679
for range-covered
table 1 : explain SELECT k FROM sbtest1 WHERE k BETWEEN 5575233 AND 5575333
	Index Only Scan using k_1 on sbtest1  (cost=0.43..10.54 rows=105 width=4)
	  Index Cond: ((k >= 5575233) AND (k <= 5575333))

table 2 : explain SELECT k FROM sbtest2 WHERE k BETWEEN 5575233 AND 5575333
	Index Only Scan using k_2 on sbtest2  (cost=0.43..6.45 rows=101 width=4)
	  Index Cond: ((k >= 5575233) AND (k <= 5575333))

table 3 : explain SELECT k FROM sbtest3 WHERE k BETWEEN 5575233 AND 5575333
	Index Only Scan using k_3 on sbtest3  (cost=0.43..6.40 rows=98 width=4)
	  Index Cond: ((k >= 5575233) AND (k <= 5575333))

table 4 : explain SELECT k FROM sbtest4 WHERE k BETWEEN 5575233 AND 5575333
	Index Only Scan using k_4 on sbtest4  (cost=0.43..6.37 rows=97 width=4)
	  Index Cond: ((k >= 5575233) AND (k <= 5575333))

table 5 : explain SELECT k FROM sbtest5 WHERE k BETWEEN 5575233 AND 5575333
	Index Only Scan using k_5 on sbtest5  (cost=0.43..6.47 rows=102 width=4)
	  Index Cond: ((k >= 5575233) AND (k <= 5575333))

table 6 : explain SELECT k FROM sbtest6 WHERE k BETWEEN 5575233 AND 5575333
	Index Only Scan using k_6 on sbtest6  (cost=0.43..6.51 rows=104 width=4)
	  Index Cond: ((k >= 5575233) AND (k <= 5575333))

table 7 : explain SELECT k FROM sbtest7 WHERE k BETWEEN 5575233 AND 5575333
	Index Only Scan using k_7 on sbtest7  (cost=0.43..6.43 rows=100 width=4)
	  Index Cond: ((k >= 5575233) AND (k <= 5575333))

table 8 : explain SELECT k FROM sbtest8 WHERE k BETWEEN 5575233 AND 5575333
	Index Only Scan using k_8 on sbtest8  (cost=0.43..6.69 rows=113 width=4)
	  Index Cond: ((k >= 5575233) AND (k <= 5575333))

explain: for range-covered :: explain SELECT k FROM sbtest%d WHERE k BETWEEN 5575233 AND 5575333
for range-covered
table 1 : explain SELECT k FROM sbtest1 WHERE k BETWEEN 8952792 AND 8952892
	Index Only Scan using k_1 on sbtest1  (cost=0.43..10.56 rows=106 width=4)
	  Index Cond: ((k >= 8952792) AND (k <= 8952892))

table 2 : explain SELECT k FROM sbtest2 WHERE k BETWEEN 8952792 AND 8952892
	Index Only Scan using k_2 on sbtest2  (cost=0.43..6.53 rows=105 width=4)
	  Index Cond: ((k >= 8952792) AND (k <= 8952892))

table 3 : explain SELECT k FROM sbtest3 WHERE k BETWEEN 8952792 AND 8952892
	Index Only Scan using k_3 on sbtest3  (cost=0.43..6.40 rows=98 width=4)
	  Index Cond: ((k >= 8952792) AND (k <= 8952892))

table 4 : explain SELECT k FROM sbtest4 WHERE k BETWEEN 8952792 AND 8952892
	Index Only Scan using k_4 on sbtest4  (cost=0.43..6.40 rows=98 width=4)
	  Index Cond: ((k >= 8952792) AND (k <= 8952892))

table 5 : explain SELECT k FROM sbtest5 WHERE k BETWEEN 8952792 AND 8952892
	Index Only Scan using k_5 on sbtest5  (cost=0.43..6.72 rows=114 width=4)
	  Index Cond: ((k >= 8952792) AND (k <= 8952892))

table 6 : explain SELECT k FROM sbtest6 WHERE k BETWEEN 8952792 AND 8952892
	Index Only Scan using k_6 on sbtest6  (cost=0.43..6.29 rows=93 width=4)
	  Index Cond: ((k >= 8952792) AND (k <= 8952892))

table 7 : explain SELECT k FROM sbtest7 WHERE k BETWEEN 8952792 AND 8952892
	Index Only Scan using k_7 on sbtest7  (cost=0.43..6.47 rows=102 width=4)
	  Index Cond: ((k >= 8952792) AND (k <= 8952892))

table 8 : explain SELECT k FROM sbtest8 WHERE k BETWEEN 8952792 AND 8952892
	Index Only Scan using k_8 on sbtest8  (cost=0.43..6.43 rows=100 width=4)
	  Index Cond: ((k >= 8952792) AND (k <= 8952892))

explain: for range-covered :: explain SELECT k FROM sbtest%d WHERE k BETWEEN 8952792 AND 8952892
explain: for range-covered :: explain SELECT k FROM sbtest%d WHERE k BETWEEN 4891728 AND 4891828
for range-covered
table 1 : explain SELECT k FROM sbtest1 WHERE k BETWEEN 1655579 AND 1655679
	Index Only Scan using k_1 on sbtest1  (cost=0.43..10.46 rows=101 width=4)
	  Index Cond: ((k >= 1655579) AND (k <= 1655679))

table 2 : explain SELECT k FROM sbtest2 WHERE k BETWEEN 1655579 AND 1655679
	Index Only Scan using k_2 on sbtest2  (cost=0.43..6.66 rows=111 width=4)
	  Index Cond: ((k >= 1655579) AND (k <= 1655679))

table 3 : explain SELECT k FROM sbtest3 WHERE k BETWEEN 1655579 AND 1655679
	Index Only Scan using k_3 on sbtest3  (cost=0.43..6.74 rows=115 width=4)
	  Index Cond: ((k >= 1655579) AND (k <= 1655679))

table 4 : explain SELECT k FROM sbtest4 WHERE k BETWEEN 1655579 AND 1655679
	Index Only Scan using k_4 on sbtest4  (cost=0.43..6.33 rows=95 width=4)
	  Index Cond: ((k >= 1655579) AND (k <= 1655679))

table 5 : explain SELECT k FROM sbtest5 WHERE k BETWEEN 1655579 AND 1655679
	Index Only Scan using k_5 on sbtest5  (cost=0.43..6.53 rows=105 width=4)
	  Index Cond: ((k >= 1655579) AND (k <= 1655679))

table 6 : explain SELECT k FROM sbtest6 WHERE k BETWEEN 1655579 AND 1655679
	Index Only Scan using k_6 on sbtest6  (cost=0.43..6.37 rows=97 width=4)
	  Index Cond: ((k >= 1655579) AND (k <= 1655679))

table 7 : explain SELECT k FROM sbtest7 WHERE k BETWEEN 1655579 AND 1655679
	Index Only Scan using k_7 on sbtest7  (cost=0.43..6.45 rows=101 width=4)
	  Index Cond: ((k >= 1655579) AND (k <= 1655679))

table 8 : explain SELECT k FROM sbtest8 WHERE k BETWEEN 1655579 AND 1655679
	Index Only Scan using k_8 on sbtest8  (cost=0.43..6.51 rows=104 width=4)
	  Index Cond: ((k >= 1655579) AND (k <= 1655679))

for range-covered
table 1 : explain SELECT k FROM sbtest1 WHERE k BETWEEN 5575233 AND 5575333
	Index Only Scan using k_1 on sbtest1  (cost=0.43..10.54 rows=105 width=4)
	  Index Cond: ((k >= 5575233) AND (k <= 5575333))

table 2 : explain SELECT k FROM sbtest2 WHERE k BETWEEN 5575233 AND 5575333
	Index Only Scan using k_2 on sbtest2  (cost=0.43..6.45 rows=101 width=4)
	  Index Cond: ((k >= 5575233) AND (k <= 5575333))

table 3 : explain SELECT k FROM sbtest3 WHERE k BETWEEN 5575233 AND 5575333
	Index Only Scan using k_3 on sbtest3  (cost=0.43..6.40 rows=98 width=4)
	  Index Cond: ((k >= 5575233) AND (k <= 5575333))

table 4 : explain SELECT k FROM sbtest4 WHERE k BETWEEN 5575233 AND 5575333
	Index Only Scan using k_4 on sbtest4  (cost=0.43..6.37 rows=97 width=4)
	  Index Cond: ((k >= 5575233) AND (k <= 5575333))

table 5 : explain SELECT k FROM sbtest5 WHERE k BETWEEN 5575233 AND 5575333
	Index Only Scan using k_5 on sbtest5  (cost=0.43..6.47 rows=102 width=4)
	  Index Cond: ((k >= 5575233) AND (k <= 5575333))

table 6 : explain SELECT k FROM sbtest6 WHERE k BETWEEN 5575233 AND 5575333
	Index Only Scan using k_6 on sbtest6  (cost=0.43..6.51 rows=104 width=4)
	  Index Cond: ((k >= 5575233) AND (k <= 5575333))

table 7 : explain SELECT k FROM sbtest7 WHERE k BETWEEN 5575233 AND 5575333
	Index Only Scan using k_7 on sbtest7  (cost=0.43..6.43 rows=100 width=4)
	  Index Cond: ((k >= 5575233) AND (k <= 5575333))

table 8 : explain SELECT k FROM sbtest8 WHERE k BETWEEN 5575233 AND 5575333
	Index Only Scan using k_8 on sbtest8  (cost=0.43..6.69 rows=113 width=4)
	  Index Cond: ((k >= 5575233) AND (k <= 5575333))

for range-covered
table 1 : explain SELECT k FROM sbtest1 WHERE k BETWEEN 8952792 AND 8952892
	Index Only Scan using k_1 on sbtest1  (cost=0.43..10.56 rows=106 width=4)
	  Index Cond: ((k >= 8952792) AND (k <= 8952892))

table 2 : explain SELECT k FROM sbtest2 WHERE k BETWEEN 8952792 AND 8952892
	Index Only Scan using k_2 on sbtest2  (cost=0.43..6.53 rows=105 width=4)
	  Index Cond: ((k >= 8952792) AND (k <= 8952892))

table 3 : explain SELECT k FROM sbtest3 WHERE k BETWEEN 8952792 AND 8952892
	Index Only Scan using k_3 on sbtest3  (cost=0.43..6.40 rows=98 width=4)
	  Index Cond: ((k >= 8952792) AND (k <= 8952892))

table 4 : explain SELECT k FROM sbtest4 WHERE k BETWEEN 8952792 AND 8952892
	Index Only Scan using k_4 on sbtest4  (cost=0.43..6.40 rows=98 width=4)
	  Index Cond: ((k >= 8952792) AND (k <= 8952892))

table 5 : explain SELECT k FROM sbtest5 WHERE k BETWEEN 8952792 AND 8952892
	Index Only Scan using k_5 on sbtest5  (cost=0.43..6.72 rows=114 width=4)
	  Index Cond: ((k >= 8952792) AND (k <= 8952892))

table 6 : explain SELECT k FROM sbtest6 WHERE k BETWEEN 8952792 AND 8952892
	Index Only Scan using k_6 on sbtest6  (cost=0.43..6.29 rows=93 width=4)
	  Index Cond: ((k >= 8952792) AND (k <= 8952892))

table 7 : explain SELECT k FROM sbtest7 WHERE k BETWEEN 8952792 AND 8952892
	Index Only Scan using k_7 on sbtest7  (cost=0.43..6.47 rows=102 width=4)
	  Index Cond: ((k >= 8952792) AND (k <= 8952892))

table 8 : explain SELECT k FROM sbtest8 WHERE k BETWEEN 8952792 AND 8952892
	Index Only Scan using k_8 on sbtest8  (cost=0.43..6.43 rows=100 width=4)
	  Index Cond: ((k >= 8952792) AND (k <= 8952892))

explain: for range-covered :: explain SELECT k FROM sbtest%d WHERE k BETWEEN 5575233 AND 5575333
explain: for range-covered :: explain SELECT k FROM sbtest%d WHERE k BETWEEN 8952792 AND 8952892
for range-covered
table 1 : explain SELECT k FROM sbtest1 WHERE k BETWEEN 5370711 AND 5370811
	Index Only Scan using k_1 on sbtest1  (cost=0.43..10.44 rows=100 width=4)
	  Index Cond: ((k >= 5370711) AND (k <= 5370811))

table 2 : explain SELECT k FROM sbtest2 WHERE k BETWEEN 5370711 AND 5370811
	Index Only Scan using k_2 on sbtest2  (cost=0.43..6.45 rows=101 width=4)
	  Index Cond: ((k >= 5370711) AND (k <= 5370811))

table 3 : explain SELECT k FROM sbtest3 WHERE k BETWEEN 5370711 AND 5370811
	Index Only Scan using k_3 on sbtest3  (cost=0.43..6.53 rows=105 width=4)
	  Index Cond: ((k >= 5370711) AND (k <= 5370811))

table 4 : explain SELECT k FROM sbtest4 WHERE k BETWEEN 5370711 AND 5370811
	Index Only Scan using k_4 on sbtest4  (cost=0.43..6.61 rows=109 width=4)
	  Index Cond: ((k >= 5370711) AND (k <= 5370811))

table 5 : explain SELECT k FROM sbtest5 WHERE k BETWEEN 5370711 AND 5370811
	Index Only Scan using k_5 on sbtest5  (cost=0.43..6.50 rows=103 width=4)
	  Index Cond: ((k >= 5370711) AND (k <= 5370811))

table 6 : explain SELECT k FROM sbtest6 WHERE k BETWEEN 5370711 AND 5370811
	Index Only Scan using k_6 on sbtest6  (cost=0.43..6.40 rows=98 width=4)
	  Index Cond: ((k >= 5370711) AND (k <= 5370811))

table 7 : explain SELECT k FROM sbtest7 WHERE k BETWEEN 5370711 AND 5370811
	Index Only Scan using k_7 on sbtest7  (cost=0.43..6.43 rows=100 width=4)
	  Index Cond: ((k >= 5370711) AND (k <= 5370811))

table 8 : explain SELECT k FROM sbtest8 WHERE k BETWEEN 5370711 AND 5370811
	Index Only Scan using k_8 on sbtest8  (cost=0.43..6.51 rows=104 width=4)
	  Index Cond: ((k >= 5370711) AND (k <= 5370811))

explain: for range-covered :: explain SELECT k FROM sbtest%d WHERE k BETWEEN 5370711 AND 5370811
for range-covered
table 1 : explain SELECT k FROM sbtest1 WHERE k BETWEEN 7573597 AND 7573697
	Index Only Scan using k_1 on sbtest1  (cost=0.43..10.33 rows=95 width=4)
	  Index Cond: ((k >= 7573597) AND (k <= 7573697))

table 2 : explain SELECT k FROM sbtest2 WHERE k BETWEEN 7573597 AND 7573697
	Index Only Scan using k_2 on sbtest2  (cost=0.43..6.67 rows=112 width=4)
	  Index Cond: ((k >= 7573597) AND (k <= 7573697))

table 3 : explain SELECT k FROM sbtest3 WHERE k BETWEEN 7573597 AND 7573697
	Index Only Scan using k_3 on sbtest3  (cost=0.43..6.45 rows=101 width=4)
	  Index Cond: ((k >= 7573597) AND (k <= 7573697))

table 4 : explain SELECT k FROM sbtest4 WHERE k BETWEEN 7573597 AND 7573697
	Index Only Scan using k_4 on sbtest4  (cost=0.43..6.45 rows=101 width=4)
	  Index Cond: ((k >= 7573597) AND (k <= 7573697))

table 5 : explain SELECT k FROM sbtest5 WHERE k BETWEEN 7573597 AND 7573697
	Index Only Scan using k_5 on sbtest5  (cost=0.43..6.47 rows=102 width=4)
	  Index Cond: ((k >= 7573597) AND (k <= 7573697))

table 6 : explain SELECT k FROM sbtest6 WHERE k BETWEEN 7573597 AND 7573697
	Index Only Scan using k_6 on sbtest6  (cost=0.43..6.40 rows=98 width=4)
	  Index Cond: ((k >= 7573597) AND (k <= 7573697))

table 7 : explain SELECT k FROM sbtest7 WHERE k BETWEEN 7573597 AND 7573697
	Index Only Scan using k_7 on sbtest7  (cost=0.43..6.58 rows=107 width=4)
	  Index Cond: ((k >= 7573597) AND (k <= 7573697))

table 8 : explain SELECT k FROM sbtest8 WHERE k BETWEEN 7573597 AND 7573697
	Index Only Scan using k_8 on sbtest8  (cost=0.43..6.45 rows=101 width=4)
	  Index Cond: ((k >= 7573597) AND (k <= 7573697))

for range-covered
table 1 : explain SELECT k FROM sbtest1 WHERE k BETWEEN 5575233 AND 5575333
	Index Only Scan using k_1 on sbtest1  (cost=0.43..10.54 rows=105 width=4)
	  Index Cond: ((k >= 5575233) AND (k <= 5575333))

table 2 : explain SELECT k FROM sbtest2 WHERE k BETWEEN 5575233 AND 5575333
	Index Only Scan using k_2 on sbtest2  (cost=0.43..6.45 rows=101 width=4)
	  Index Cond: ((k >= 5575233) AND (k <= 5575333))

table 3 : explain SELECT k FROM sbtest3 WHERE k BETWEEN 5575233 AND 5575333
	Index Only Scan using k_3 on sbtest3  (cost=0.43..6.40 rows=98 width=4)
	  Index Cond: ((k >= 5575233) AND (k <= 5575333))

table 4 : explain SELECT k FROM sbtest4 WHERE k BETWEEN 5575233 AND 5575333
	Index Only Scan using k_4 on sbtest4  (cost=0.43..6.37 rows=97 width=4)
	  Index Cond: ((k >= 5575233) AND (k <= 5575333))

table 5 : explain SELECT k FROM sbtest5 WHERE k BETWEEN 5575233 AND 5575333
	Index Only Scan using k_5 on sbtest5  (cost=0.43..6.47 rows=102 width=4)
	  Index Cond: ((k >= 5575233) AND (k <= 5575333))

table 6 : explain SELECT k FROM sbtest6 WHERE k BETWEEN 5575233 AND 5575333
	Index Only Scan using k_6 on sbtest6  (cost=0.43..6.51 rows=104 width=4)
	  Index Cond: ((k >= 5575233) AND (k <= 5575333))

table 7 : explain SELECT k FROM sbtest7 WHERE k BETWEEN 5575233 AND 5575333
	Index Only Scan using k_7 on sbtest7  (cost=0.43..6.43 rows=100 width=4)
	  Index Cond: ((k >= 5575233) AND (k <= 5575333))

table 8 : explain SELECT k FROM sbtest8 WHERE k BETWEEN 5575233 AND 5575333
	Index Only Scan using k_8 on sbtest8  (cost=0.43..6.69 rows=113 width=4)
	  Index Cond: ((k >= 5575233) AND (k <= 5575333))

for range-covered
table 1 : explain SELECT k FROM sbtest1 WHERE k BETWEEN 8952792 AND 8952892
	Index Only Scan using k_1 on sbtest1  (cost=0.43..10.56 rows=106 width=4)
	  Index Cond: ((k >= 8952792) AND (k <= 8952892))

table 2 : explain SELECT k FROM sbtest2 WHERE k BETWEEN 8952792 AND 8952892
	Index Only Scan using k_2 on sbtest2  (cost=0.43..6.53 rows=105 width=4)
	  Index Cond: ((k >= 8952792) AND (k <= 8952892))

table 3 : explain SELECT k FROM sbtest3 WHERE k BETWEEN 8952792 AND 8952892
	Index Only Scan using k_3 on sbtest3  (cost=0.43..6.40 rows=98 width=4)
	  Index Cond: ((k >= 8952792) AND (k <= 8952892))

table 4 : explain SELECT k FROM sbtest4 WHERE k BETWEEN 8952792 AND 8952892
	Index Only Scan using k_4 on sbtest4  (cost=0.43..6.40 rows=98 width=4)
	  Index Cond: ((k >= 8952792) AND (k <= 8952892))

table 5 : explain SELECT k FROM sbtest5 WHERE k BETWEEN 8952792 AND 8952892
	Index Only Scan using k_5 on sbtest5  (cost=0.43..6.72 rows=114 width=4)
	  Index Cond: ((k >= 8952792) AND (k <= 8952892))

table 6 : explain SELECT k FROM sbtest6 WHERE k BETWEEN 8952792 AND 8952892
	Index Only Scan using k_6 on sbtest6  (cost=0.43..6.29 rows=93 width=4)
	  Index Cond: ((k >= 8952792) AND (k <= 8952892))

table 7 : explain SELECT k FROM sbtest7 WHERE k BETWEEN 8952792 AND 8952892
	Index Only Scan using k_7 on sbtest7  (cost=0.43..6.47 rows=102 width=4)
	  Index Cond: ((k >= 8952792) AND (k <= 8952892))

table 8 : explain SELECT k FROM sbtest8 WHERE k BETWEEN 8952792 AND 8952892
	Index Only Scan using k_8 on sbtest8  (cost=0.43..6.43 rows=100 width=4)
	  Index Cond: ((k >= 8952792) AND (k <= 8952892))

explain: for range-covered :: explain SELECT k FROM sbtest%d WHERE k BETWEEN 5575233 AND 5575333
explain: for range-covered :: explain SELECT k FROM sbtest%d WHERE k BETWEEN 8952792 AND 8952892
explain: for range-covered :: explain SELECT k FROM sbtest%d WHERE k BETWEEN 3843825 AND 3843925
for range-covered
table 1 : explain SELECT k FROM sbtest1 WHERE k BETWEEN 5370711 AND 5370811
	Index Only Scan using k_1 on sbtest1  (cost=0.43..10.44 rows=100 width=4)
	  Index Cond: ((k >= 5370711) AND (k <= 5370811))

table 2 : explain SELECT k FROM sbtest2 WHERE k BETWEEN 5370711 AND 5370811
	Index Only Scan using k_2 on sbtest2  (cost=0.43..6.45 rows=101 width=4)
	  Index Cond: ((k >= 5370711) AND (k <= 5370811))

table 3 : explain SELECT k FROM sbtest3 WHERE k BETWEEN 5370711 AND 5370811
	Index Only Scan using k_3 on sbtest3  (cost=0.43..6.53 rows=105 width=4)
	  Index Cond: ((k >= 5370711) AND (k <= 5370811))

table 4 : explain SELECT k FROM sbtest4 WHERE k BETWEEN 5370711 AND 5370811
	Index Only Scan using k_4 on sbtest4  (cost=0.43..6.61 rows=109 width=4)
	  Index Cond: ((k >= 5370711) AND (k <= 5370811))

table 5 : explain SELECT k FROM sbtest5 WHERE k BETWEEN 5370711 AND 5370811
	Index Only Scan using k_5 on sbtest5  (cost=0.43..6.50 rows=103 width=4)
	  Index Cond: ((k >= 5370711) AND (k <= 5370811))

table 6 : explain SELECT k FROM sbtest6 WHERE k BETWEEN 5370711 AND 5370811
	Index Only Scan using k_6 on sbtest6  (cost=0.43..6.40 rows=98 width=4)
	  Index Cond: ((k >= 5370711) AND (k <= 5370811))

table 7 : explain SELECT k FROM sbtest7 WHERE k BETWEEN 5370711 AND 5370811
	Index Only Scan using k_7 on sbtest7  (cost=0.43..6.43 rows=100 width=4)
	  Index Cond: ((k >= 5370711) AND (k <= 5370811))

table 8 : explain SELECT k FROM sbtest8 WHERE k BETWEEN 5370711 AND 5370811
	Index Only Scan using k_8 on sbtest8  (cost=0.43..6.51 rows=104 width=4)
	  Index Cond: ((k >= 5370711) AND (k <= 5370811))

explain: for range-covered :: explain SELECT k FROM sbtest%d WHERE k BETWEEN 5370711 AND 5370811
explain: for range-covered :: explain SELECT k FROM sbtest%d WHERE k BETWEEN 7573597 AND 7573697
for range-covered
table 1 : explain SELECT k FROM sbtest1 WHERE k BETWEEN 5575233 AND 5575333
	Index Only Scan using k_1 on sbtest1  (cost=0.43..10.54 rows=105 width=4)
	  Index Cond: ((k >= 5575233) AND (k <= 5575333))

table 2 : explain SELECT k FROM sbtest2 WHERE k BETWEEN 5575233 AND 5575333
	Index Only Scan using k_2 on sbtest2  (cost=0.43..6.45 rows=101 width=4)
	  Index Cond: ((k >= 5575233) AND (k <= 5575333))

table 3 : explain SELECT k FROM sbtest3 WHERE k BETWEEN 5575233 AND 5575333
	Index Only Scan using k_3 on sbtest3  (cost=0.43..6.40 rows=98 width=4)
	  Index Cond: ((k >= 5575233) AND (k <= 5575333))

table 4 : explain SELECT k FROM sbtest4 WHERE k BETWEEN 5575233 AND 5575333
	Index Only Scan using k_4 on sbtest4  (cost=0.43..6.37 rows=97 width=4)
	  Index Cond: ((k >= 5575233) AND (k <= 5575333))

table 5 : explain SELECT k FROM sbtest5 WHERE k BETWEEN 5575233 AND 5575333
	Index Only Scan using k_5 on sbtest5  (cost=0.43..6.47 rows=102 width=4)
	  Index Cond: ((k >= 5575233) AND (k <= 5575333))

table 6 : explain SELECT k FROM sbtest6 WHERE k BETWEEN 5575233 AND 5575333
	Index Only Scan using k_6 on sbtest6  (cost=0.43..6.51 rows=104 width=4)
	  Index Cond: ((k >= 5575233) AND (k <= 5575333))

table 7 : explain SELECT k FROM sbtest7 WHERE k BETWEEN 5575233 AND 5575333
	Index Only Scan using k_7 on sbtest7  (cost=0.43..6.43 rows=100 width=4)
	  Index Cond: ((k >= 5575233) AND (k <= 5575333))

table 8 : explain SELECT k FROM sbtest8 WHERE k BETWEEN 5575233 AND 5575333
	Index Only Scan using k_8 on sbtest8  (cost=0.43..6.69 rows=113 width=4)
	  Index Cond: ((k >= 5575233) AND (k <= 5575333))

for range-covered
table 1 : explain SELECT k FROM sbtest1 WHERE k BETWEEN 8952792 AND 8952892
	Index Only Scan using k_1 on sbtest1  (cost=0.43..10.56 rows=106 width=4)
	  Index Cond: ((k >= 8952792) AND (k <= 8952892))

table 2 : explain SELECT k FROM sbtest2 WHERE k BETWEEN 8952792 AND 8952892
	Index Only Scan using k_2 on sbtest2  (cost=0.43..6.53 rows=105 width=4)
	  Index Cond: ((k >= 8952792) AND (k <= 8952892))

table 3 : explain SELECT k FROM sbtest3 WHERE k BETWEEN 8952792 AND 8952892
	Index Only Scan using k_3 on sbtest3  (cost=0.43..6.40 rows=98 width=4)
	  Index Cond: ((k >= 8952792) AND (k <= 8952892))

table 4 : explain SELECT k FROM sbtest4 WHERE k BETWEEN 8952792 AND 8952892
	Index Only Scan using k_4 on sbtest4  (cost=0.43..6.40 rows=98 width=4)
	  Index Cond: ((k >= 8952792) AND (k <= 8952892))

table 5 : explain SELECT k FROM sbtest5 WHERE k BETWEEN 8952792 AND 8952892
	Index Only Scan using k_5 on sbtest5  (cost=0.43..6.72 rows=114 width=4)
	  Index Cond: ((k >= 8952792) AND (k <= 8952892))

table 6 : explain SELECT k FROM sbtest6 WHERE k BETWEEN 8952792 AND 8952892
	Index Only Scan using k_6 on sbtest6  (cost=0.43..6.29 rows=93 width=4)
	  Index Cond: ((k >= 8952792) AND (k <= 8952892))

table 7 : explain SELECT k FROM sbtest7 WHERE k BETWEEN 8952792 AND 8952892
	Index Only Scan using k_7 on sbtest7  (cost=0.43..6.47 rows=102 width=4)
	  Index Cond: ((k >= 8952792) AND (k <= 8952892))

table 8 : explain SELECT k FROM sbtest8 WHERE k BETWEEN 8952792 AND 8952892
	Index Only Scan using k_8 on sbtest8  (cost=0.43..6.43 rows=100 width=4)
	  Index Cond: ((k >= 8952792) AND (k <= 8952892))

explain: for range-covered :: explain SELECT k FROM sbtest%d WHERE k BETWEEN 5575233 AND 5575333
for range-covered
table 1 : explain SELECT k FROM sbtest1 WHERE k BETWEEN 7816034 AND 7816134
	Index Only Scan using k_1 on sbtest1  (cost=0.43..10.60 rows=108 width=4)
	  Index Cond: ((k >= 7816034) AND (k <= 7816134))

table 2 : explain SELECT k FROM sbtest2 WHERE k BETWEEN 7816034 AND 7816134
	Index Only Scan using k_2 on sbtest2  (cost=0.43..6.56 rows=106 width=4)
	  Index Cond: ((k >= 7816034) AND (k <= 7816134))

table 3 : explain SELECT k FROM sbtest3 WHERE k BETWEEN 7816034 AND 7816134
	Index Only Scan using k_3 on sbtest3  (cost=0.43..6.47 rows=102 width=4)
	  Index Cond: ((k >= 7816034) AND (k <= 7816134))

table 4 : explain SELECT k FROM sbtest4 WHERE k BETWEEN 7816034 AND 7816134
	Index Only Scan using k_4 on sbtest4  (cost=0.43..6.59 rows=108 width=4)
	  Index Cond: ((k >= 7816034) AND (k <= 7816134))

table 5 : explain SELECT k FROM sbtest5 WHERE k BETWEEN 7816034 AND 7816134
	Index Only Scan using k_5 on sbtest5  (cost=0.43..6.66 rows=111 width=4)
	  Index Cond: ((k >= 7816034) AND (k <= 7816134))

table 6 : explain SELECT k FROM sbtest6 WHERE k BETWEEN 7816034 AND 7816134
	Index Only Scan using k_6 on sbtest6  (cost=0.43..6.56 rows=106 width=4)
	  Index Cond: ((k >= 7816034) AND (k <= 7816134))

table 7 : explain SELECT k FROM sbtest7 WHERE k BETWEEN 7816034 AND 7816134
	Index Only Scan using k_7 on sbtest7  (cost=0.43..6.29 rows=93 width=4)
	  Index Cond: ((k >= 7816034) AND (k <= 7816134))

table 8 : explain SELECT k FROM sbtest8 WHERE k BETWEEN 7816034 AND 7816134
	Index Only Scan using k_8 on sbtest8  (cost=0.43..6.51 rows=104 width=4)
	  Index Cond: ((k >= 7816034) AND (k <= 7816134))

explain: for range-covered :: explain SELECT k FROM sbtest%d WHERE k BETWEEN 4970011 AND 4970111
for range-covered
table 1 : explain SELECT k FROM sbtest1 WHERE k BETWEEN 3903663 AND 3903763
	Index Only Scan using k_1 on sbtest1  (cost=0.43..10.60 rows=108 width=4)
	  Index Cond: ((k >= 3903663) AND (k <= 3903763))

table 2 : explain SELECT k FROM sbtest2 WHERE k BETWEEN 3903663 AND 3903763
	Index Only Scan using k_2 on sbtest2  (cost=0.43..6.40 rows=98 width=4)
	  Index Cond: ((k >= 3903663) AND (k <= 3903763))

table 3 : explain SELECT k FROM sbtest3 WHERE k BETWEEN 3903663 AND 3903763
	Index Only Scan using k_3 on sbtest3  (cost=0.43..6.58 rows=107 width=4)
	  Index Cond: ((k >= 3903663) AND (k <= 3903763))

table 4 : explain SELECT k FROM sbtest4 WHERE k BETWEEN 3903663 AND 3903763
	Index Only Scan using k_4 on sbtest4  (cost=0.43..6.35 rows=96 width=4)
	  Index Cond: ((k >= 3903663) AND (k <= 3903763))

table 5 : explain SELECT k FROM sbtest5 WHERE k BETWEEN 3903663 AND 3903763
	Index Only Scan using k_5 on sbtest5  (cost=0.43..6.42 rows=99 width=4)
	  Index Cond: ((k >= 3903663) AND (k <= 3903763))

table 6 : explain SELECT k FROM sbtest6 WHERE k BETWEEN 3903663 AND 3903763
	Index Only Scan using k_6 on sbtest6  (cost=0.43..6.59 rows=108 width=4)
	  Index Cond: ((k >= 3903663) AND (k <= 3903763))

table 7 : explain SELECT k FROM sbtest7 WHERE k BETWEEN 3903663 AND 3903763
	Index Only Scan using k_7 on sbtest7  (cost=0.43..6.27 rows=92 width=4)
	  Index Cond: ((k >= 3903663) AND (k <= 3903763))

table 8 : explain SELECT k FROM sbtest8 WHERE k BETWEEN 3903663 AND 3903763
	Index Only Scan using k_8 on sbtest8  (cost=0.43..6.50 rows=103 width=4)
	  Index Cond: ((k >= 3903663) AND (k <= 3903763))

explain: for range-covered :: explain SELECT k FROM sbtest%d WHERE k BETWEEN 3903663 AND 3903763
for range-covered
table 1 : explain SELECT k FROM sbtest1 WHERE k BETWEEN 5575233 AND 5575333
	Index Only Scan using k_1 on sbtest1  (cost=0.43..10.54 rows=105 width=4)
	  Index Cond: ((k >= 5575233) AND (k <= 5575333))

table 2 : explain SELECT k FROM sbtest2 WHERE k BETWEEN 5575233 AND 5575333
	Index Only Scan using k_2 on sbtest2  (cost=0.43..6.45 rows=101 width=4)
	  Index Cond: ((k >= 5575233) AND (k <= 5575333))

table 3 : explain SELECT k FROM sbtest3 WHERE k BETWEEN 5575233 AND 5575333
	Index Only Scan using k_3 on sbtest3  (cost=0.43..6.40 rows=98 width=4)
	  Index Cond: ((k >= 5575233) AND (k <= 5575333))

table 4 : explain SELECT k FROM sbtest4 WHERE k BETWEEN 5575233 AND 5575333
	Index Only Scan using k_4 on sbtest4  (cost=0.43..6.37 rows=97 width=4)
	  Index Cond: ((k >= 5575233) AND (k <= 5575333))

table 5 : explain SELECT k FROM sbtest5 WHERE k BETWEEN 5575233 AND 5575333
	Index Only Scan using k_5 on sbtest5  (cost=0.43..6.47 rows=102 width=4)
	  Index Cond: ((k >= 5575233) AND (k <= 5575333))

table 6 : explain SELECT k FROM sbtest6 WHERE k BETWEEN 5575233 AND 5575333
	Index Only Scan using k_6 on sbtest6  (cost=0.43..6.51 rows=104 width=4)
	  Index Cond: ((k >= 5575233) AND (k <= 5575333))

table 7 : explain SELECT k FROM sbtest7 WHERE k BETWEEN 5575233 AND 5575333
	Index Only Scan using k_7 on sbtest7  (cost=0.43..6.43 rows=100 width=4)
	  Index Cond: ((k >= 5575233) AND (k <= 5575333))

table 8 : explain SELECT k FROM sbtest8 WHERE k BETWEEN 5575233 AND 5575333
	Index Only Scan using k_8 on sbtest8  (cost=0.43..6.69 rows=113 width=4)
	  Index Cond: ((k >= 5575233) AND (k <= 5575333))

explain: for range-covered :: explain SELECT k FROM sbtest%d WHERE k BETWEEN 5575233 AND 5575333
explain: for range-covered :: explain SELECT k FROM sbtest%d WHERE k BETWEEN 5465223 AND 5465323
explain: for range-covered :: explain SELECT k FROM sbtest%d WHERE k BETWEEN 8950551 AND 8950651
for range-covered
table 1 : explain SELECT k FROM sbtest1 WHERE k BETWEEN 7573597 AND 7573697
	Index Only Scan using k_1 on sbtest1  (cost=0.43..10.33 rows=95 width=4)
	  Index Cond: ((k >= 7573597) AND (k <= 7573697))

table 2 : explain SELECT k FROM sbtest2 WHERE k BETWEEN 7573597 AND 7573697
	Index Only Scan using k_2 on sbtest2  (cost=0.43..6.67 rows=112 width=4)
	  Index Cond: ((k >= 7573597) AND (k <= 7573697))

table 3 : explain SELECT k FROM sbtest3 WHERE k BETWEEN 7573597 AND 7573697
	Index Only Scan using k_3 on sbtest3  (cost=0.43..6.45 rows=101 width=4)
	  Index Cond: ((k >= 7573597) AND (k <= 7573697))

table 4 : explain SELECT k FROM sbtest4 WHERE k BETWEEN 7573597 AND 7573697
	Index Only Scan using k_4 on sbtest4  (cost=0.43..6.45 rows=101 width=4)
	  Index Cond: ((k >= 7573597) AND (k <= 7573697))

table 5 : explain SELECT k FROM sbtest5 WHERE k BETWEEN 7573597 AND 7573697
	Index Only Scan using k_5 on sbtest5  (cost=0.43..6.47 rows=102 width=4)
	  Index Cond: ((k >= 7573597) AND (k <= 7573697))

table 6 : explain SELECT k FROM sbtest6 WHERE k BETWEEN 7573597 AND 7573697
	Index Only Scan using k_6 on sbtest6  (cost=0.43..6.40 rows=98 width=4)
	  Index Cond: ((k >= 7573597) AND (k <= 7573697))

table 7 : explain SELECT k FROM sbtest7 WHERE k BETWEEN 7573597 AND 7573697
	Index Only Scan using k_7 on sbtest7  (cost=0.43..6.58 rows=107 width=4)
	  Index Cond: ((k >= 7573597) AND (k <= 7573697))

table 8 : explain SELECT k FROM sbtest8 WHERE k BETWEEN 7573597 AND 7573697
	Index Only Scan using k_8 on sbtest8  (cost=0.43..6.45 rows=101 width=4)
	  Index Cond: ((k >= 7573597) AND (k <= 7573697))

explain: for range-covered :: explain SELECT k FROM sbtest%d WHERE k BETWEEN 7573597 AND 7573697
for range-covered
table 1 : explain SELECT k FROM sbtest1 WHERE k BETWEEN 3843825 AND 3843925
	Index Only Scan using k_1 on sbtest1  (cost=0.43..10.36 rows=96 width=4)
	  Index Cond: ((k >= 3843825) AND (k <= 3843925))

table 2 : explain SELECT k FROM sbtest2 WHERE k BETWEEN 3843825 AND 3843925
	Index Only Scan using k_2 on sbtest2  (cost=0.43..6.40 rows=98 width=4)
	  Index Cond: ((k >= 3843825) AND (k <= 3843925))

table 3 : explain SELECT k FROM sbtest3 WHERE k BETWEEN 3843825 AND 3843925
	Index Only Scan using k_3 on sbtest3  (cost=0.43..6.58 rows=107 width=4)
	  Index Cond: ((k >= 3843825) AND (k <= 3843925))

table 4 : explain SELECT k FROM sbtest4 WHERE k BETWEEN 3843825 AND 3843925
	Index Only Scan using k_4 on sbtest4  (cost=0.43..6.35 rows=96 width=4)
	  Index Cond: ((k >= 3843825) AND (k <= 3843925))

table 5 : explain SELECT k FROM sbtest5 WHERE k BETWEEN 3843825 AND 3843925
	Index Only Scan using k_5 on sbtest5  (cost=0.43..6.42 rows=99 width=4)
	  Index Cond: ((k >= 3843825) AND (k <= 3843925))

table 6 : explain SELECT k FROM sbtest6 WHERE k BETWEEN 3843825 AND 3843925
	Index Only Scan using k_6 on sbtest6  (cost=0.43..6.56 rows=106 width=4)
	  Index Cond: ((k >= 3843825) AND (k <= 3843925))

table 7 : explain SELECT k FROM sbtest7 WHERE k BETWEEN 3843825 AND 3843925
	Index Only Scan using k_7 on sbtest7  (cost=0.43..6.27 rows=92 width=4)
	  Index Cond: ((k >= 3843825) AND (k <= 3843925))

table 8 : explain SELECT k FROM sbtest8 WHERE k BETWEEN 3843825 AND 3843925
	Index Only Scan using k_8 on sbtest8  (cost=0.43..6.50 rows=103 width=4)
	  Index Cond: ((k >= 3843825) AND (k <= 3843925))

explain: for range-covered :: explain SELECT k FROM sbtest%d WHERE k BETWEEN 3843825 AND 3843925
for range-covered
table 1 : explain SELECT k FROM sbtest1 WHERE k BETWEEN 3903663 AND 3903763
	Index Only Scan using k_1 on sbtest1  (cost=0.43..10.60 rows=108 width=4)
	  Index Cond: ((k >= 3903663) AND (k <= 3903763))

table 2 : explain SELECT k FROM sbtest2 WHERE k BETWEEN 3903663 AND 3903763
	Index Only Scan using k_2 on sbtest2  (cost=0.43..6.40 rows=98 width=4)
	  Index Cond: ((k >= 3903663) AND (k <= 3903763))

table 3 : explain SELECT k FROM sbtest3 WHERE k BETWEEN 3903663 AND 3903763
	Index Only Scan using k_3 on sbtest3  (cost=0.43..6.58 rows=107 width=4)
	  Index Cond: ((k >= 3903663) AND (k <= 3903763))

table 4 : explain SELECT k FROM sbtest4 WHERE k BETWEEN 3903663 AND 3903763
	Index Only Scan using k_4 on sbtest4  (cost=0.43..6.35 rows=96 width=4)
	  Index Cond: ((k >= 3903663) AND (k <= 3903763))

table 5 : explain SELECT k FROM sbtest5 WHERE k BETWEEN 3903663 AND 3903763
	Index Only Scan using k_5 on sbtest5  (cost=0.43..6.42 rows=99 width=4)
	  Index Cond: ((k >= 3903663) AND (k <= 3903763))

table 6 : explain SELECT k FROM sbtest6 WHERE k BETWEEN 3903663 AND 3903763
	Index Only Scan using k_6 on sbtest6  (cost=0.43..6.59 rows=108 width=4)
	  Index Cond: ((k >= 3903663) AND (k <= 3903763))

table 7 : explain SELECT k FROM sbtest7 WHERE k BETWEEN 3903663 AND 3903763
	Index Only Scan using k_7 on sbtest7  (cost=0.43..6.27 rows=92 width=4)
	  Index Cond: ((k >= 3903663) AND (k <= 3903763))

table 8 : explain SELECT k FROM sbtest8 WHERE k BETWEEN 3903663 AND 3903763
	Index Only Scan using k_8 on sbtest8  (cost=0.43..6.50 rows=103 width=4)
	  Index Cond: ((k >= 3903663) AND (k <= 3903763))

explain: for range-covered :: explain SELECT k FROM sbtest%d WHERE k BETWEEN 2766510 AND 2766610
explain: for range-covered :: explain SELECT k FROM sbtest%d WHERE k BETWEEN 3903663 AND 3903763
explain: for range-covered :: explain SELECT k FROM sbtest%d WHERE k BETWEEN 5952371 AND 5952471
explain: for range-covered :: explain SELECT k FROM sbtest%d WHERE k BETWEEN 5109015 AND 5109115
for range-covered
table 1 : explain SELECT k FROM sbtest1 WHERE k BETWEEN 3843825 AND 3843925
	Index Only Scan using k_1 on sbtest1  (cost=0.43..10.36 rows=96 width=4)
	  Index Cond: ((k >= 3843825) AND (k <= 3843925))

table 2 : explain SELECT k FROM sbtest2 WHERE k BETWEEN 3843825 AND 3843925
	Index Only Scan using k_2 on sbtest2  (cost=0.43..6.40 rows=98 width=4)
	  Index Cond: ((k >= 3843825) AND (k <= 3843925))

table 3 : explain SELECT k FROM sbtest3 WHERE k BETWEEN 3843825 AND 3843925
	Index Only Scan using k_3 on sbtest3  (cost=0.43..6.58 rows=107 width=4)
	  Index Cond: ((k >= 3843825) AND (k <= 3843925))

table 4 : explain SELECT k FROM sbtest4 WHERE k BETWEEN 3843825 AND 3843925
	Index Only Scan using k_4 on sbtest4  (cost=0.43..6.35 rows=96 width=4)
	  Index Cond: ((k >= 3843825) AND (k <= 3843925))

table 5 : explain SELECT k FROM sbtest5 WHERE k BETWEEN 3843825 AND 3843925
	Index Only Scan using k_5 on sbtest5  (cost=0.43..6.42 rows=99 width=4)
	  Index Cond: ((k >= 3843825) AND (k <= 3843925))

table 6 : explain SELECT k FROM sbtest6 WHERE k BETWEEN 3843825 AND 3843925
	Index Only Scan using k_6 on sbtest6  (cost=0.43..6.56 rows=106 width=4)
	  Index Cond: ((k >= 3843825) AND (k <= 3843925))

table 7 : explain SELECT k FROM sbtest7 WHERE k BETWEEN 3843825 AND 3843925
	Index Only Scan using k_7 on sbtest7  (cost=0.43..6.27 rows=92 width=4)
	  Index Cond: ((k >= 3843825) AND (k <= 3843925))

table 8 : explain SELECT k FROM sbtest8 WHERE k BETWEEN 3843825 AND 3843925
	Index Only Scan using k_8 on sbtest8  (cost=0.43..6.50 rows=103 width=4)
	  Index Cond: ((k >= 3843825) AND (k <= 3843925))

explain: for range-covered :: explain SELECT k FROM sbtest%d WHERE k BETWEEN 3843825 AND 3843925
explain: for range-covered :: explain SELECT k FROM sbtest%d WHERE k BETWEEN 5064964 AND 5065064
for range-covered
table 1 : explain SELECT k FROM sbtest1 WHERE k BETWEEN 7573597 AND 7573697
	Index Only Scan using k_1 on sbtest1  (cost=0.43..10.33 rows=95 width=4)
	  Index Cond: ((k >= 7573597) AND (k <= 7573697))

table 2 : explain SELECT k FROM sbtest2 WHERE k BETWEEN 7573597 AND 7573697
	Index Only Scan using k_2 on sbtest2  (cost=0.43..6.67 rows=112 width=4)
	  Index Cond: ((k >= 7573597) AND (k <= 7573697))

table 3 : explain SELECT k FROM sbtest3 WHERE k BETWEEN 7573597 AND 7573697
	Index Only Scan using k_3 on sbtest3  (cost=0.43..6.45 rows=101 width=4)
	  Index Cond: ((k >= 7573597) AND (k <= 7573697))

table 4 : explain SELECT k FROM sbtest4 WHERE k BETWEEN 7573597 AND 7573697
	Index Only Scan using k_4 on sbtest4  (cost=0.43..6.45 rows=101 width=4)
	  Index Cond: ((k >= 7573597) AND (k <= 7573697))

table 5 : explain SELECT k FROM sbtest5 WHERE k BETWEEN 7573597 AND 7573697
	Index Only Scan using k_5 on sbtest5  (cost=0.43..6.47 rows=102 width=4)
	  Index Cond: ((k >= 7573597) AND (k <= 7573697))

table 6 : explain SELECT k FROM sbtest6 WHERE k BETWEEN 7573597 AND 7573697
	Index Only Scan using k_6 on sbtest6  (cost=0.43..6.40 rows=98 width=4)
	  Index Cond: ((k >= 7573597) AND (k <= 7573697))

table 7 : explain SELECT k FROM sbtest7 WHERE k BETWEEN 7573597 AND 7573697
	Index Only Scan using k_7 on sbtest7  (cost=0.43..6.58 rows=107 width=4)
	  Index Cond: ((k >= 7573597) AND (k <= 7573697))

table 8 : explain SELECT k FROM sbtest8 WHERE k BETWEEN 7573597 AND 7573697
	Index Only Scan using k_8 on sbtest8  (cost=0.43..6.45 rows=101 width=4)
	  Index Cond: ((k >= 7573597) AND (k <= 7573697))

explain: for range-covered :: explain SELECT k FROM sbtest%d WHERE k BETWEEN 6375591 AND 6375691
explain: for range-covered :: explain SELECT k FROM sbtest%d WHERE k BETWEEN 7573597 AND 7573697
for range-covered
table 1 : explain SELECT k FROM sbtest1 WHERE k BETWEEN 5465223 AND 5465323
	Index Only Scan using k_1 on sbtest1  (cost=0.43..10.44 rows=100 width=4)
	  Index Cond: ((k >= 5465223) AND (k <= 5465323))

table 2 : explain SELECT k FROM sbtest2 WHERE k BETWEEN 5465223 AND 5465323
	Index Only Scan using k_2 on sbtest2  (cost=0.43..6.27 rows=92 width=4)
	  Index Cond: ((k >= 5465223) AND (k <= 5465323))

table 3 : explain SELECT k FROM sbtest3 WHERE k BETWEEN 5465223 AND 5465323
	Index Only Scan using k_3 on sbtest3  (cost=0.43..6.42 rows=99 width=4)
	  Index Cond: ((k >= 5465223) AND (k <= 5465323))

table 4 : explain SELECT k FROM sbtest4 WHERE k BETWEEN 5465223 AND 5465323
	Index Only Scan using k_4 on sbtest4  (cost=0.43..6.47 rows=102 width=4)
	  Index Cond: ((k >= 5465223) AND (k <= 5465323))

table 5 : explain SELECT k FROM sbtest5 WHERE k BETWEEN 5465223 AND 5465323
	Index Only Scan using k_5 on sbtest5  (cost=0.43..6.50 rows=103 width=4)
	  Index Cond: ((k >= 5465223) AND (k <= 5465323))

table 6 : explain SELECT k FROM sbtest6 WHERE k BETWEEN 5465223 AND 5465323
	Index Only Scan using k_6 on sbtest6  (cost=0.43..6.40 rows=98 width=4)
	  Index Cond: ((k >= 5465223) AND (k <= 5465323))

table 7 : explain SELECT k FROM sbtest7 WHERE k BETWEEN 5465223 AND 5465323
	Index Only Scan using k_7 on sbtest7  (cost=0.43..6.37 rows=97 width=4)
	  Index Cond: ((k >= 5465223) AND (k <= 5465323))

table 8 : explain SELECT k FROM sbtest8 WHERE k BETWEEN 5465223 AND 5465323
	Index Only Scan using k_8 on sbtest8  (cost=0.43..6.45 rows=101 width=4)
	  Index Cond: ((k >= 5465223) AND (k <= 5465323))

explain: for range-covered :: explain SELECT k FROM sbtest%d WHERE k BETWEEN 5095286 AND 5095386
for range-covered
table 1 : explain SELECT k FROM sbtest1 WHERE k BETWEEN 3843825 AND 3843925
	Index Only Scan using k_1 on sbtest1  (cost=0.43..10.36 rows=96 width=4)
	  Index Cond: ((k >= 3843825) AND (k <= 3843925))

table 2 : explain SELECT k FROM sbtest2 WHERE k BETWEEN 3843825 AND 3843925
	Index Only Scan using k_2 on sbtest2  (cost=0.43..6.40 rows=98 width=4)
	  Index Cond: ((k >= 3843825) AND (k <= 3843925))

table 3 : explain SELECT k FROM sbtest3 WHERE k BETWEEN 3843825 AND 3843925
	Index Only Scan using k_3 on sbtest3  (cost=0.43..6.58 rows=107 width=4)
	  Index Cond: ((k >= 3843825) AND (k <= 3843925))

table 4 : explain SELECT k FROM sbtest4 WHERE k BETWEEN 3843825 AND 3843925
	Index Only Scan using k_4 on sbtest4  (cost=0.43..6.35 rows=96 width=4)
	  Index Cond: ((k >= 3843825) AND (k <= 3843925))

table 5 : explain SELECT k FROM sbtest5 WHERE k BETWEEN 3843825 AND 3843925
	Index Only Scan using k_5 on sbtest5  (cost=0.43..6.42 rows=99 width=4)
	  Index Cond: ((k >= 3843825) AND (k <= 3843925))

table 6 : explain SELECT k FROM sbtest6 WHERE k BETWEEN 3843825 AND 3843925
	Index Only Scan using k_6 on sbtest6  (cost=0.43..6.56 rows=106 width=4)
	  Index Cond: ((k >= 3843825) AND (k <= 3843925))

table 7 : explain SELECT k FROM sbtest7 WHERE k BETWEEN 3843825 AND 3843925
	Index Only Scan using k_7 on sbtest7  (cost=0.43..6.27 rows=92 width=4)
	  Index Cond: ((k >= 3843825) AND (k <= 3843925))

table 8 : explain SELECT k FROM sbtest8 WHERE k BETWEEN 3843825 AND 3843925
	Index Only Scan using k_8 on sbtest8  (cost=0.43..6.50 rows=103 width=4)
	  Index Cond: ((k >= 3843825) AND (k <= 3843925))

explain: for range-covered :: explain SELECT k FROM sbtest%d WHERE k BETWEEN 5465223 AND 5465323
explain: for range-covered :: explain SELECT k FROM sbtest%d WHERE k BETWEEN 3843825 AND 3843925
for range-covered
table 1 : explain SELECT k FROM sbtest1 WHERE k BETWEEN 3903663 AND 3903763
	Index Only Scan using k_1 on sbtest1  (cost=0.43..10.60 rows=108 width=4)
	  Index Cond: ((k >= 3903663) AND (k <= 3903763))

table 2 : explain SELECT k FROM sbtest2 WHERE k BETWEEN 3903663 AND 3903763
	Index Only Scan using k_2 on sbtest2  (cost=0.43..6.40 rows=98 width=4)
	  Index Cond: ((k >= 3903663) AND (k <= 3903763))

table 3 : explain SELECT k FROM sbtest3 WHERE k BETWEEN 3903663 AND 3903763
	Index Only Scan using k_3 on sbtest3  (cost=0.43..6.58 rows=107 width=4)
	  Index Cond: ((k >= 3903663) AND (k <= 3903763))

table 4 : explain SELECT k FROM sbtest4 WHERE k BETWEEN 3903663 AND 3903763
	Index Only Scan using k_4 on sbtest4  (cost=0.43..6.35 rows=96 width=4)
	  Index Cond: ((k >= 3903663) AND (k <= 3903763))

table 5 : explain SELECT k FROM sbtest5 WHERE k BETWEEN 3903663 AND 3903763
	Index Only Scan using k_5 on sbtest5  (cost=0.43..6.42 rows=99 width=4)
	  Index Cond: ((k >= 3903663) AND (k <= 3903763))

table 6 : explain SELECT k FROM sbtest6 WHERE k BETWEEN 3903663 AND 3903763
	Index Only Scan using k_6 on sbtest6  (cost=0.43..6.59 rows=108 width=4)
	  Index Cond: ((k >= 3903663) AND (k <= 3903763))

table 7 : explain SELECT k FROM sbtest7 WHERE k BETWEEN 3903663 AND 3903763
	Index Only Scan using k_7 on sbtest7  (cost=0.43..6.27 rows=92 width=4)
	  Index Cond: ((k >= 3903663) AND (k <= 3903763))

table 8 : explain SELECT k FROM sbtest8 WHERE k BETWEEN 3903663 AND 3903763
	Index Only Scan using k_8 on sbtest8  (cost=0.43..6.50 rows=103 width=4)
	  Index Cond: ((k >= 3903663) AND (k <= 3903763))

for range-covered
table 1 : explain SELECT k FROM sbtest1 WHERE k BETWEEN 3843825 AND 3843925
	Index Only Scan using k_1 on sbtest1  (cost=0.43..10.36 rows=96 width=4)
	  Index Cond: ((k >= 3843825) AND (k <= 3843925))

table 2 : explain SELECT k FROM sbtest2 WHERE k BETWEEN 3843825 AND 3843925
	Index Only Scan using k_2 on sbtest2  (cost=0.43..6.40 rows=98 width=4)
	  Index Cond: ((k >= 3843825) AND (k <= 3843925))

table 3 : explain SELECT k FROM sbtest3 WHERE k BETWEEN 3843825 AND 3843925
	Index Only Scan using k_3 on sbtest3  (cost=0.43..6.58 rows=107 width=4)
	  Index Cond: ((k >= 3843825) AND (k <= 3843925))

table 4 : explain SELECT k FROM sbtest4 WHERE k BETWEEN 3843825 AND 3843925
	Index Only Scan using k_4 on sbtest4  (cost=0.43..6.35 rows=96 width=4)
	  Index Cond: ((k >= 3843825) AND (k <= 3843925))

table 5 : explain SELECT k FROM sbtest5 WHERE k BETWEEN 3843825 AND 3843925
	Index Only Scan using k_5 on sbtest5  (cost=0.43..6.42 rows=99 width=4)
	  Index Cond: ((k >= 3843825) AND (k <= 3843925))

table 6 : explain SELECT k FROM sbtest6 WHERE k BETWEEN 3843825 AND 3843925
	Index Only Scan using k_6 on sbtest6  (cost=0.43..6.56 rows=106 width=4)
	  Index Cond: ((k >= 3843825) AND (k <= 3843925))

table 7 : explain SELECT k FROM sbtest7 WHERE k BETWEEN 3843825 AND 3843925
	Index Only Scan using k_7 on sbtest7  (cost=0.43..6.27 rows=92 width=4)
	  Index Cond: ((k >= 3843825) AND (k <= 3843925))

table 8 : explain SELECT k FROM sbtest8 WHERE k BETWEEN 3843825 AND 3843925
	Index Only Scan using k_8 on sbtest8  (cost=0.43..6.50 rows=103 width=4)
	  Index Cond: ((k >= 3843825) AND (k <= 3843925))

for range-covered
table 1 : explain SELECT k FROM sbtest1 WHERE k BETWEEN 5465223 AND 5465323
	Index Only Scan using k_1 on sbtest1  (cost=0.43..10.44 rows=100 width=4)
	  Index Cond: ((k >= 5465223) AND (k <= 5465323))

table 2 : explain SELECT k FROM sbtest2 WHERE k BETWEEN 5465223 AND 5465323
	Index Only Scan using k_2 on sbtest2  (cost=0.43..6.27 rows=92 width=4)
	  Index Cond: ((k >= 5465223) AND (k <= 5465323))

table 3 : explain SELECT k FROM sbtest3 WHERE k BETWEEN 5465223 AND 5465323
	Index Only Scan using k_3 on sbtest3  (cost=0.43..6.42 rows=99 width=4)
	  Index Cond: ((k >= 5465223) AND (k <= 5465323))

table 4 : explain SELECT k FROM sbtest4 WHERE k BETWEEN 5465223 AND 5465323
	Index Only Scan using k_4 on sbtest4  (cost=0.43..6.47 rows=102 width=4)
	  Index Cond: ((k >= 5465223) AND (k <= 5465323))

table 5 : explain SELECT k FROM sbtest5 WHERE k BETWEEN 5465223 AND 5465323
	Index Only Scan using k_5 on sbtest5  (cost=0.43..6.50 rows=103 width=4)
	  Index Cond: ((k >= 5465223) AND (k <= 5465323))

table 6 : explain SELECT k FROM sbtest6 WHERE k BETWEEN 5465223 AND 5465323
	Index Only Scan using k_6 on sbtest6  (cost=0.43..6.40 rows=98 width=4)
	  Index Cond: ((k >= 5465223) AND (k <= 5465323))

table 7 : explain SELECT k FROM sbtest7 WHERE k BETWEEN 5465223 AND 5465323
	Index Only Scan using k_7 on sbtest7  (cost=0.43..6.37 rows=97 width=4)
	  Index Cond: ((k >= 5465223) AND (k <= 5465323))

table 8 : explain SELECT k FROM sbtest8 WHERE k BETWEEN 5465223 AND 5465323
	Index Only Scan using k_8 on sbtest8  (cost=0.43..6.45 rows=101 width=4)
	  Index Cond: ((k >= 5465223) AND (k <= 5465323))

explain: for range-covered :: explain SELECT k FROM sbtest%d WHERE k BETWEEN 3843825 AND 3843925
explain: for range-covered :: explain SELECT k FROM sbtest%d WHERE k BETWEEN 3903663 AND 3903763
explain: for range-covered :: explain SELECT k FROM sbtest%d WHERE k BETWEEN 5465223 AND 5465323
for range-covered
table 1 : explain SELECT k FROM sbtest1 WHERE k BETWEEN 2766510 AND 2766610
	Index Only Scan using k_1 on sbtest1  (cost=0.43..10.50 rows=103 width=4)
	  Index Cond: ((k >= 2766510) AND (k <= 2766610))

table 2 : explain SELECT k FROM sbtest2 WHERE k BETWEEN 2766510 AND 2766610
	Index Only Scan using k_2 on sbtest2  (cost=0.43..6.59 rows=108 width=4)
	  Index Cond: ((k >= 2766510) AND (k <= 2766610))

table 3 : explain SELECT k FROM sbtest3 WHERE k BETWEEN 2766510 AND 2766610
	Index Only Scan using k_3 on sbtest3  (cost=0.43..6.40 rows=98 width=4)
	  Index Cond: ((k >= 2766510) AND (k <= 2766610))

table 4 : explain SELECT k FROM sbtest4 WHERE k BETWEEN 2766510 AND 2766610
	Index Only Scan using k_4 on sbtest4  (cost=0.43..6.35 rows=96 width=4)
	  Index Cond: ((k >= 2766510) AND (k <= 2766610))

table 5 : explain SELECT k FROM sbtest5 WHERE k BETWEEN 2766510 AND 2766610
	Index Only Scan using k_5 on sbtest5  (cost=0.43..6.27 rows=92 width=4)
	  Index Cond: ((k >= 2766510) AND (k <= 2766610))

table 6 : explain SELECT k FROM sbtest6 WHERE k BETWEEN 2766510 AND 2766610
	Index Only Scan using k_6 on sbtest6  (cost=0.43..6.50 rows=103 width=4)
	  Index Cond: ((k >= 2766510) AND (k <= 2766610))

table 7 : explain SELECT k FROM sbtest7 WHERE k BETWEEN 2766510 AND 2766610
	Index Only Scan using k_7 on sbtest7  (cost=0.43..6.59 rows=108 width=4)
	  Index Cond: ((k >= 2766510) AND (k <= 2766610))

table 8 : explain SELECT k FROM sbtest8 WHERE k BETWEEN 2766510 AND 2766610
	Index Only Scan using k_8 on sbtest8  (cost=0.43..6.59 rows=108 width=4)
	  Index Cond: ((k >= 2766510) AND (k <= 2766610))

for range-covered
table 1 : explain SELECT k FROM sbtest1 WHERE k BETWEEN 4970011 AND 4970111
	Index Only Scan using k_1 on sbtest1  (cost=0.43..10.38 rows=97 width=4)
	  Index Cond: ((k >= 4970011) AND (k <= 4970111))

table 2 : explain SELECT k FROM sbtest2 WHERE k BETWEEN 4970011 AND 4970111
	Index Only Scan using k_2 on sbtest2  (cost=0.43..6.47 rows=102 width=4)
	  Index Cond: ((k >= 4970011) AND (k <= 4970111))

table 3 : explain SELECT k FROM sbtest3 WHERE k BETWEEN 4970011 AND 4970111
	Index Only Scan using k_3 on sbtest3  (cost=0.43..6.47 rows=102 width=4)
	  Index Cond: ((k >= 4970011) AND (k <= 4970111))

table 4 : explain SELECT k FROM sbtest4 WHERE k BETWEEN 4970011 AND 4970111
	Index Only Scan using k_4 on sbtest4  (cost=0.43..6.47 rows=102 width=4)
	  Index Cond: ((k >= 4970011) AND (k <= 4970111))

table 5 : explain SELECT k FROM sbtest5 WHERE k BETWEEN 4970011 AND 4970111
	Index Only Scan using k_5 on sbtest5  (cost=0.43..6.32 rows=94 width=4)
	  Index Cond: ((k >= 4970011) AND (k <= 4970111))

table 6 : explain SELECT k FROM sbtest6 WHERE k BETWEEN 4970011 AND 4970111
	Index Only Scan using k_6 on sbtest6  (cost=0.43..6.50 rows=103 width=4)
	  Index Cond: ((k >= 4970011) AND (k <= 4970111))

table 7 : explain SELECT k FROM sbtest7 WHERE k BETWEEN 4970011 AND 4970111
	Index Only Scan using k_7 on sbtest7  (cost=0.43..6.59 rows=108 width=4)
	  Index Cond: ((k >= 4970011) AND (k <= 4970111))

table 8 : explain SELECT k FROM sbtest8 WHERE k BETWEEN 4970011 AND 4970111
	Index Only Scan using k_8 on sbtest8  (cost=0.43..6.33 rows=95 width=4)
	  Index Cond: ((k >= 4970011) AND (k <= 4970111))

for range-covered
table 1 : explain SELECT k FROM sbtest1 WHERE k BETWEEN 5109015 AND 5109115
	Index Only Scan using k_1 on sbtest1  (cost=0.43..10.58 rows=107 width=4)
	  Index Cond: ((k >= 5109015) AND (k <= 5109115))

table 2 : explain SELECT k FROM sbtest2 WHERE k BETWEEN 5109015 AND 5109115
	Index Only Scan using k_2 on sbtest2  (cost=0.43..6.42 rows=99 width=4)
	  Index Cond: ((k >= 5109015) AND (k <= 5109115))

table 3 : explain SELECT k FROM sbtest3 WHERE k BETWEEN 5109015 AND 5109115
	Index Only Scan using k_3 on sbtest3  (cost=0.43..6.51 rows=104 width=4)
	  Index Cond: ((k >= 5109015) AND (k <= 5109115))

table 4 : explain SELECT k FROM sbtest4 WHERE k BETWEEN 5109015 AND 5109115
	Index Only Scan using k_4 on sbtest4  (cost=0.43..6.63 rows=110 width=4)
	  Index Cond: ((k >= 5109015) AND (k <= 5109115))

table 5 : explain SELECT k FROM sbtest5 WHERE k BETWEEN 5109015 AND 5109115
	Index Only Scan using k_5 on sbtest5  (cost=0.43..6.35 rows=96 width=4)
	  Index Cond: ((k >= 5109015) AND (k <= 5109115))

table 6 : explain SELECT k FROM sbtest6 WHERE k BETWEEN 5109015 AND 5109115
	Index Only Scan using k_6 on sbtest6  (cost=0.43..6.40 rows=98 width=4)
	  Index Cond: ((k >= 5109015) AND (k <= 5109115))

table 7 : explain SELECT k FROM sbtest7 WHERE k BETWEEN 5109015 AND 5109115
	Index Only Scan using k_7 on sbtest7  (cost=0.43..6.59 rows=108 width=4)
	  Index Cond: ((k >= 5109015) AND (k <= 5109115))

table 8 : explain SELECT k FROM sbtest8 WHERE k BETWEEN 5109015 AND 5109115
	Index Only Scan using k_8 on sbtest8  (cost=0.43..6.43 rows=100 width=4)
	  Index Cond: ((k >= 5109015) AND (k <= 5109115))

explain: for range-covered :: explain SELECT k FROM sbtest%d WHERE k BETWEEN 2766510 AND 2766610
for range-covered
table 1 : explain SELECT k FROM sbtest1 WHERE k BETWEEN 5465223 AND 5465323
	Index Only Scan using k_1 on sbtest1  (cost=0.43..10.44 rows=100 width=4)
	  Index Cond: ((k >= 5465223) AND (k <= 5465323))

table 2 : explain SELECT k FROM sbtest2 WHERE k BETWEEN 5465223 AND 5465323
	Index Only Scan using k_2 on sbtest2  (cost=0.43..6.27 rows=92 width=4)
	  Index Cond: ((k >= 5465223) AND (k <= 5465323))

table 3 : explain SELECT k FROM sbtest3 WHERE k BETWEEN 5465223 AND 5465323
	Index Only Scan using k_3 on sbtest3  (cost=0.43..6.42 rows=99 width=4)
	  Index Cond: ((k >= 5465223) AND (k <= 5465323))

table 4 : explain SELECT k FROM sbtest4 WHERE k BETWEEN 5465223 AND 5465323
	Index Only Scan using k_4 on sbtest4  (cost=0.43..6.47 rows=102 width=4)
	  Index Cond: ((k >= 5465223) AND (k <= 5465323))

table 5 : explain SELECT k FROM sbtest5 WHERE k BETWEEN 5465223 AND 5465323
	Index Only Scan using k_5 on sbtest5  (cost=0.43..6.50 rows=103 width=4)
	  Index Cond: ((k >= 5465223) AND (k <= 5465323))

table 6 : explain SELECT k FROM sbtest6 WHERE k BETWEEN 5465223 AND 5465323
	Index Only Scan using k_6 on sbtest6  (cost=0.43..6.40 rows=98 width=4)
	  Index Cond: ((k >= 5465223) AND (k <= 5465323))

table 7 : explain SELECT k FROM sbtest7 WHERE k BETWEEN 5465223 AND 5465323
	Index Only Scan using k_7 on sbtest7  (cost=0.43..6.37 rows=97 width=4)
	  Index Cond: ((k >= 5465223) AND (k <= 5465323))

table 8 : explain SELECT k FROM sbtest8 WHERE k BETWEEN 5465223 AND 5465323
	Index Only Scan using k_8 on sbtest8  (cost=0.43..6.45 rows=101 width=4)
	  Index Cond: ((k >= 5465223) AND (k <= 5465323))

for range-covered
table 1 : explain SELECT k FROM sbtest1 WHERE k BETWEEN 3843825 AND 3843925
	Index Only Scan using k_1 on sbtest1  (cost=0.43..10.36 rows=96 width=4)
	  Index Cond: ((k >= 3843825) AND (k <= 3843925))

table 2 : explain SELECT k FROM sbtest2 WHERE k BETWEEN 3843825 AND 3843925
	Index Only Scan using k_2 on sbtest2  (cost=0.43..6.40 rows=98 width=4)
	  Index Cond: ((k >= 3843825) AND (k <= 3843925))

table 3 : explain SELECT k FROM sbtest3 WHERE k BETWEEN 3843825 AND 3843925
	Index Only Scan using k_3 on sbtest3  (cost=0.43..6.58 rows=107 width=4)
	  Index Cond: ((k >= 3843825) AND (k <= 3843925))

table 4 : explain SELECT k FROM sbtest4 WHERE k BETWEEN 3843825 AND 3843925
	Index Only Scan using k_4 on sbtest4  (cost=0.43..6.35 rows=96 width=4)
	  Index Cond: ((k >= 3843825) AND (k <= 3843925))

table 5 : explain SELECT k FROM sbtest5 WHERE k BETWEEN 3843825 AND 3843925
	Index Only Scan using k_5 on sbtest5  (cost=0.43..6.42 rows=99 width=4)
	  Index Cond: ((k >= 3843825) AND (k <= 3843925))

table 6 : explain SELECT k FROM sbtest6 WHERE k BETWEEN 3843825 AND 3843925
	Index Only Scan using k_6 on sbtest6  (cost=0.43..6.56 rows=106 width=4)
	  Index Cond: ((k >= 3843825) AND (k <= 3843925))

table 7 : explain SELECT k FROM sbtest7 WHERE k BETWEEN 3843825 AND 3843925
	Index Only Scan using k_7 on sbtest7  (cost=0.43..6.27 rows=92 width=4)
	  Index Cond: ((k >= 3843825) AND (k <= 3843925))

table 8 : explain SELECT k FROM sbtest8 WHERE k BETWEEN 3843825 AND 3843925
	Index Only Scan using k_8 on sbtest8  (cost=0.43..6.50 rows=103 width=4)
	  Index Cond: ((k >= 3843825) AND (k <= 3843925))

explain: for range-covered :: explain SELECT k FROM sbtest%d WHERE k BETWEEN 5109015 AND 5109115
for range-covered
table 1 : explain SELECT k FROM sbtest1 WHERE k BETWEEN 8950551 AND 8950651
	Index Only Scan using k_1 on sbtest1  (cost=0.43..10.56 rows=106 width=4)
	  Index Cond: ((k >= 8950551) AND (k <= 8950651))

table 2 : explain SELECT k FROM sbtest2 WHERE k BETWEEN 8950551 AND 8950651
	Index Only Scan using k_2 on sbtest2  (cost=0.43..6.53 rows=105 width=4)
	  Index Cond: ((k >= 8950551) AND (k <= 8950651))

table 3 : explain SELECT k FROM sbtest3 WHERE k BETWEEN 8950551 AND 8950651
	Index Only Scan using k_3 on sbtest3  (cost=0.43..6.40 rows=98 width=4)
	  Index Cond: ((k >= 8950551) AND (k <= 8950651))

table 4 : explain SELECT k FROM sbtest4 WHERE k BETWEEN 8950551 AND 8950651
	Index Only Scan using k_4 on sbtest4  (cost=0.43..6.40 rows=98 width=4)
	  Index Cond: ((k >= 8950551) AND (k <= 8950651))

table 5 : explain SELECT k FROM sbtest5 WHERE k BETWEEN 8950551 AND 8950651
	Index Only Scan using k_5 on sbtest5  (cost=0.43..6.72 rows=114 width=4)
	  Index Cond: ((k >= 8950551) AND (k <= 8950651))

table 6 : explain SELECT k FROM sbtest6 WHERE k BETWEEN 8950551 AND 8950651
	Index Only Scan using k_6 on sbtest6  (cost=0.43..6.29 rows=93 width=4)
	  Index Cond: ((k >= 8950551) AND (k <= 8950651))

table 7 : explain SELECT k FROM sbtest7 WHERE k BETWEEN 8950551 AND 8950651
	Index Only Scan using k_7 on sbtest7  (cost=0.43..6.47 rows=102 width=4)
	  Index Cond: ((k >= 8950551) AND (k <= 8950651))

table 8 : explain SELECT k FROM sbtest8 WHERE k BETWEEN 8950551 AND 8950651
	Index Only Scan using k_8 on sbtest8  (cost=0.43..6.43 rows=100 width=4)
	  Index Cond: ((k >= 8950551) AND (k <= 8950651))

explain: for range-covered :: explain SELECT k FROM sbtest%d WHERE k BETWEEN 5465223 AND 5465323explain: for range-covered :: explain SELECT k FROM sbtest%d WHERE k BETWEEN 4970011 AND 4970111

for range-covered
table 1 : explain SELECT k FROM sbtest1 WHERE k BETWEEN 5952371 AND 5952471
	Index Only Scan using k_1 on sbtest1  (cost=0.43..10.47 rows=102 width=4)
	  Index Cond: ((k >= 5952371) AND (k <= 5952471))

table 2 : explain SELECT k FROM sbtest2 WHERE k BETWEEN 5952371 AND 5952471
	Index Only Scan using k_2 on sbtest2  (cost=0.43..6.56 rows=106 width=4)
	  Index Cond: ((k >= 5952371) AND (k <= 5952471))

table 3 : explain SELECT k FROM sbtest3 WHERE k BETWEEN 5952371 AND 5952471
	Index Only Scan using k_3 on sbtest3  (cost=0.43..6.40 rows=98 width=4)
	  Index Cond: ((k >= 5952371) AND (k <= 5952471))

table 4 : explain SELECT k FROM sbtest4 WHERE k BETWEEN 5952371 AND 5952471
	Index Only Scan using k_4 on sbtest4  (cost=0.43..6.47 rows=102 width=4)
	  Index Cond: ((k >= 5952371) AND (k <= 5952471))

table 5 : explain SELECT k FROM sbtest5 WHERE k BETWEEN 5952371 AND 5952471
	Index Only Scan using k_5 on sbtest5  (cost=0.43..6.53 rows=105 width=4)
	  Index Cond: ((k >= 5952371) AND (k <= 5952471))

table 6 : explain SELECT k FROM sbtest6 WHERE k BETWEEN 5952371 AND 5952471
	Index Only Scan using k_6 on sbtest6  (cost=0.43..6.40 rows=98 width=4)
	  Index Cond: ((k >= 5952371) AND (k <= 5952471))

table 7 : explain SELECT k FROM sbtest7 WHERE k BETWEEN 5952371 AND 5952471
	Index Only Scan using k_7 on sbtest7  (cost=0.43..6.85 rows=121 width=4)
	  Index Cond: ((k >= 5952371) AND (k <= 5952471))

table 8 : explain SELECT k FROM sbtest8 WHERE k BETWEEN 5952371 AND 5952471
	Index Only Scan using k_8 on sbtest8  (cost=0.43..6.56 rows=106 width=4)
	  Index Cond: ((k >= 5952371) AND (k <= 5952471))

explain: for range-covered :: explain SELECT k FROM sbtest%d WHERE k BETWEEN 3843825 AND 3843925
explain: for range-covered :: explain SELECT k FROM sbtest%d WHERE k BETWEEN 8950551 AND 8950651
explain: for range-covered :: explain SELECT k FROM sbtest%d WHERE k BETWEEN 5952371 AND 5952471
for range-covered
table 1 : explain SELECT k FROM sbtest1 WHERE k BETWEEN 5370711 AND 5370811
	Index Only Scan using k_1 on sbtest1  (cost=0.43..10.44 rows=100 width=4)
	  Index Cond: ((k >= 5370711) AND (k <= 5370811))

table 2 : explain SELECT k FROM sbtest2 WHERE k BETWEEN 5370711 AND 5370811
	Index Only Scan using k_2 on sbtest2  (cost=0.43..6.45 rows=101 width=4)
	  Index Cond: ((k >= 5370711) AND (k <= 5370811))

table 3 : explain SELECT k FROM sbtest3 WHERE k BETWEEN 5370711 AND 5370811
	Index Only Scan using k_3 on sbtest3  (cost=0.43..6.53 rows=105 width=4)
	  Index Cond: ((k >= 5370711) AND (k <= 5370811))

table 4 : explain SELECT k FROM sbtest4 WHERE k BETWEEN 5370711 AND 5370811
	Index Only Scan using k_4 on sbtest4  (cost=0.43..6.61 rows=109 width=4)
	  Index Cond: ((k >= 5370711) AND (k <= 5370811))

table 5 : explain SELECT k FROM sbtest5 WHERE k BETWEEN 5370711 AND 5370811
	Index Only Scan using k_5 on sbtest5  (cost=0.43..6.50 rows=103 width=4)
	  Index Cond: ((k >= 5370711) AND (k <= 5370811))

table 6 : explain SELECT k FROM sbtest6 WHERE k BETWEEN 5370711 AND 5370811
	Index Only Scan using k_6 on sbtest6  (cost=0.43..6.40 rows=98 width=4)
	  Index Cond: ((k >= 5370711) AND (k <= 5370811))

table 7 : explain SELECT k FROM sbtest7 WHERE k BETWEEN 5370711 AND 5370811
	Index Only Scan using k_7 on sbtest7  (cost=0.43..6.43 rows=100 width=4)
	  Index Cond: ((k >= 5370711) AND (k <= 5370811))

table 8 : explain SELECT k FROM sbtest8 WHERE k BETWEEN 5370711 AND 5370811
	Index Only Scan using k_8 on sbtest8  (cost=0.43..6.51 rows=104 width=4)
	  Index Cond: ((k >= 5370711) AND (k <= 5370811))

for range-covered
table 1 : explain SELECT k FROM sbtest1 WHERE k BETWEEN 7573597 AND 7573697
	Index Only Scan using k_1 on sbtest1  (cost=0.43..10.33 rows=95 width=4)
	  Index Cond: ((k >= 7573597) AND (k <= 7573697))

table 2 : explain SELECT k FROM sbtest2 WHERE k BETWEEN 7573597 AND 7573697
	Index Only Scan using k_2 on sbtest2  (cost=0.43..6.67 rows=112 width=4)
	  Index Cond: ((k >= 7573597) AND (k <= 7573697))

table 3 : explain SELECT k FROM sbtest3 WHERE k BETWEEN 7573597 AND 7573697
	Index Only Scan using k_3 on sbtest3  (cost=0.43..6.45 rows=101 width=4)
	  Index Cond: ((k >= 7573597) AND (k <= 7573697))

table 4 : explain SELECT k FROM sbtest4 WHERE k BETWEEN 7573597 AND 7573697
	Index Only Scan using k_4 on sbtest4  (cost=0.43..6.45 rows=101 width=4)
	  Index Cond: ((k >= 7573597) AND (k <= 7573697))

table 5 : explain SELECT k FROM sbtest5 WHERE k BETWEEN 7573597 AND 7573697
	Index Only Scan using k_5 on sbtest5  (cost=0.43..6.47 rows=102 width=4)
	  Index Cond: ((k >= 7573597) AND (k <= 7573697))

table 6 : explain SELECT k FROM sbtest6 WHERE k BETWEEN 7573597 AND 7573697
	Index Only Scan using k_6 on sbtest6  (cost=0.43..6.40 rows=98 width=4)
	  Index Cond: ((k >= 7573597) AND (k <= 7573697))

table 7 : explain SELECT k FROM sbtest7 WHERE k BETWEEN 7573597 AND 7573697
	Index Only Scan using k_7 on sbtest7  (cost=0.43..6.58 rows=107 width=4)
	  Index Cond: ((k >= 7573597) AND (k <= 7573697))

table 8 : explain SELECT k FROM sbtest8 WHERE k BETWEEN 7573597 AND 7573697
	Index Only Scan using k_8 on sbtest8  (cost=0.43..6.45 rows=101 width=4)
	  Index Cond: ((k >= 7573597) AND (k <= 7573697))

explain: for range-covered :: explain SELECT k FROM sbtest%d WHERE k BETWEEN 5370711 AND 5370811
explain: for range-covered :: explain SELECT k FROM sbtest%d WHERE k BETWEEN 7573597 AND 7573697
for range-covered
table 1 : explain SELECT k FROM sbtest1 WHERE k BETWEEN 5465223 AND 5465323
	Index Only Scan using k_1 on sbtest1  (cost=0.43..10.44 rows=100 width=4)
	  Index Cond: ((k >= 5465223) AND (k <= 5465323))

table 2 : explain SELECT k FROM sbtest2 WHERE k BETWEEN 5465223 AND 5465323
	Index Only Scan using k_2 on sbtest2  (cost=0.43..6.27 rows=92 width=4)
	  Index Cond: ((k >= 5465223) AND (k <= 5465323))

table 3 : explain SELECT k FROM sbtest3 WHERE k BETWEEN 5465223 AND 5465323
	Index Only Scan using k_3 on sbtest3  (cost=0.43..6.42 rows=99 width=4)
	  Index Cond: ((k >= 5465223) AND (k <= 5465323))

table 4 : explain SELECT k FROM sbtest4 WHERE k BETWEEN 5465223 AND 5465323
	Index Only Scan using k_4 on sbtest4  (cost=0.43..6.47 rows=102 width=4)
	  Index Cond: ((k >= 5465223) AND (k <= 5465323))

table 5 : explain SELECT k FROM sbtest5 WHERE k BETWEEN 5465223 AND 5465323
	Index Only Scan using k_5 on sbtest5  (cost=0.43..6.50 rows=103 width=4)
	  Index Cond: ((k >= 5465223) AND (k <= 5465323))

table 6 : explain SELECT k FROM sbtest6 WHERE k BETWEEN 5465223 AND 5465323
	Index Only Scan using k_6 on sbtest6  (cost=0.43..6.40 rows=98 width=4)
	  Index Cond: ((k >= 5465223) AND (k <= 5465323))

table 7 : explain SELECT k FROM sbtest7 WHERE k BETWEEN 5465223 AND 5465323
	Index Only Scan using k_7 on sbtest7  (cost=0.43..6.37 rows=97 width=4)
	  Index Cond: ((k >= 5465223) AND (k <= 5465323))

table 8 : explain SELECT k FROM sbtest8 WHERE k BETWEEN 5465223 AND 5465323
	Index Only Scan using k_8 on sbtest8  (cost=0.43..6.45 rows=101 width=4)
	  Index Cond: ((k >= 5465223) AND (k <= 5465323))

explain: for range-covered :: explain SELECT k FROM sbtest%d WHERE k BETWEEN 5465223 AND 5465323
for range-covered
table 1 : explain SELECT k FROM sbtest1 WHERE k BETWEEN 3843825 AND 3843925
	Index Only Scan using k_1 on sbtest1  (cost=0.43..10.36 rows=96 width=4)
	  Index Cond: ((k >= 3843825) AND (k <= 3843925))

table 2 : explain SELECT k FROM sbtest2 WHERE k BETWEEN 3843825 AND 3843925
	Index Only Scan using k_2 on sbtest2  (cost=0.43..6.40 rows=98 width=4)
	  Index Cond: ((k >= 3843825) AND (k <= 3843925))

table 3 : explain SELECT k FROM sbtest3 WHERE k BETWEEN 3843825 AND 3843925
	Index Only Scan using k_3 on sbtest3  (cost=0.43..6.58 rows=107 width=4)
	  Index Cond: ((k >= 3843825) AND (k <= 3843925))

table 4 : explain SELECT k FROM sbtest4 WHERE k BETWEEN 3843825 AND 3843925
	Index Only Scan using k_4 on sbtest4  (cost=0.43..6.35 rows=96 width=4)
	  Index Cond: ((k >= 3843825) AND (k <= 3843925))

table 5 : explain SELECT k FROM sbtest5 WHERE k BETWEEN 3843825 AND 3843925
	Index Only Scan using k_5 on sbtest5  (cost=0.43..6.42 rows=99 width=4)
	  Index Cond: ((k >= 3843825) AND (k <= 3843925))

table 6 : explain SELECT k FROM sbtest6 WHERE k BETWEEN 3843825 AND 3843925
	Index Only Scan using k_6 on sbtest6  (cost=0.43..6.56 rows=106 width=4)
	  Index Cond: ((k >= 3843825) AND (k <= 3843925))

table 7 : explain SELECT k FROM sbtest7 WHERE k BETWEEN 3843825 AND 3843925
	Index Only Scan using k_7 on sbtest7  (cost=0.43..6.27 rows=92 width=4)
	  Index Cond: ((k >= 3843825) AND (k <= 3843925))

table 8 : explain SELECT k FROM sbtest8 WHERE k BETWEEN 3843825 AND 3843925
	Index Only Scan using k_8 on sbtest8  (cost=0.43..6.50 rows=103 width=4)
	  Index Cond: ((k >= 3843825) AND (k <= 3843925))

explain: for range-covered :: explain SELECT k FROM sbtest%d WHERE k BETWEEN 3843825 AND 3843925
for range-covered
table 1 : explain SELECT k FROM sbtest1 WHERE k BETWEEN 5064964 AND 5065064
	Index Only Scan using k_1 on sbtest1  (cost=0.43..10.58 rows=107 width=4)
	  Index Cond: ((k >= 5064964) AND (k <= 5065064))

table 2 : explain SELECT k FROM sbtest2 WHERE k BETWEEN 5064964 AND 5065064
	Index Only Scan using k_2 on sbtest2  (cost=0.43..6.50 rows=103 width=4)
	  Index Cond: ((k >= 5064964) AND (k <= 5065064))

table 3 : explain SELECT k FROM sbtest3 WHERE k BETWEEN 5064964 AND 5065064
	Index Only Scan using k_3 on sbtest3  (cost=0.43..6.51 rows=104 width=4)
	  Index Cond: ((k >= 5064964) AND (k <= 5065064))

table 4 : explain SELECT k FROM sbtest4 WHERE k BETWEEN 5064964 AND 5065064
	Index Only Scan using k_4 on sbtest4  (cost=0.43..6.63 rows=110 width=4)
	  Index Cond: ((k >= 5064964) AND (k <= 5065064))

table 5 : explain SELECT k FROM sbtest5 WHERE k BETWEEN 5064964 AND 5065064
	Index Only Scan using k_5 on sbtest5  (cost=0.43..6.35 rows=96 width=4)
	  Index Cond: ((k >= 5064964) AND (k <= 5065064))

table 6 : explain SELECT k FROM sbtest6 WHERE k BETWEEN 5064964 AND 5065064
	Index Only Scan using k_6 on sbtest6  (cost=0.43..6.50 rows=103 width=4)
	  Index Cond: ((k >= 5064964) AND (k <= 5065064))

table 7 : explain SELECT k FROM sbtest7 WHERE k BETWEEN 5064964 AND 5065064
	Index Only Scan using k_7 on sbtest7  (cost=0.43..6.59 rows=108 width=4)
	  Index Cond: ((k >= 5064964) AND (k <= 5065064))

table 8 : explain SELECT k FROM sbtest8 WHERE k BETWEEN 5064964 AND 5065064
	Index Only Scan using k_8 on sbtest8  (cost=0.43..6.43 rows=100 width=4)
	  Index Cond: ((k >= 5064964) AND (k <= 5065064))

for range-covered
table 1 : explain SELECT k FROM sbtest1 WHERE k BETWEEN 5952371 AND 5952471
	Index Only Scan using k_1 on sbtest1  (cost=0.43..10.47 rows=102 width=4)
	  Index Cond: ((k >= 5952371) AND (k <= 5952471))

table 2 : explain SELECT k FROM sbtest2 WHERE k BETWEEN 5952371 AND 5952471
	Index Only Scan using k_2 on sbtest2  (cost=0.43..6.56 rows=106 width=4)
	  Index Cond: ((k >= 5952371) AND (k <= 5952471))

table 3 : explain SELECT k FROM sbtest3 WHERE k BETWEEN 5952371 AND 5952471
	Index Only Scan using k_3 on sbtest3  (cost=0.43..6.40 rows=98 width=4)
	  Index Cond: ((k >= 5952371) AND (k <= 5952471))

table 4 : explain SELECT k FROM sbtest4 WHERE k BETWEEN 5952371 AND 5952471
	Index Only Scan using k_4 on sbtest4  (cost=0.43..6.47 rows=102 width=4)
	  Index Cond: ((k >= 5952371) AND (k <= 5952471))

table 5 : explain SELECT k FROM sbtest5 WHERE k BETWEEN 5952371 AND 5952471
	Index Only Scan using k_5 on sbtest5  (cost=0.43..6.53 rows=105 width=4)
	  Index Cond: ((k >= 5952371) AND (k <= 5952471))

table 6 : explain SELECT k FROM sbtest6 WHERE k BETWEEN 5952371 AND 5952471
	Index Only Scan using k_6 on sbtest6  (cost=0.43..6.40 rows=98 width=4)
	  Index Cond: ((k >= 5952371) AND (k <= 5952471))

table 7 : explain SELECT k FROM sbtest7 WHERE k BETWEEN 5952371 AND 5952471
	Index Only Scan using k_7 on sbtest7  (cost=0.43..6.85 rows=121 width=4)
	  Index Cond: ((k >= 5952371) AND (k <= 5952471))

table 8 : explain SELECT k FROM sbtest8 WHERE k BETWEEN 5952371 AND 5952471
	Index Only Scan using k_8 on sbtest8  (cost=0.43..6.56 rows=106 width=4)
	  Index Cond: ((k >= 5952371) AND (k <= 5952471))

for range-covered
table 1 : explain SELECT k FROM sbtest1 WHERE k BETWEEN 4970011 AND 4970111
	Index Only Scan using k_1 on sbtest1  (cost=0.43..10.38 rows=97 width=4)
	  Index Cond: ((k >= 4970011) AND (k <= 4970111))

table 2 : explain SELECT k FROM sbtest2 WHERE k BETWEEN 4970011 AND 4970111
	Index Only Scan using k_2 on sbtest2  (cost=0.43..6.47 rows=102 width=4)
	  Index Cond: ((k >= 4970011) AND (k <= 4970111))

table 3 : explain SELECT k FROM sbtest3 WHERE k BETWEEN 4970011 AND 4970111
	Index Only Scan using k_3 on sbtest3  (cost=0.43..6.47 rows=102 width=4)
	  Index Cond: ((k >= 4970011) AND (k <= 4970111))

table 4 : explain SELECT k FROM sbtest4 WHERE k BETWEEN 4970011 AND 4970111
	Index Only Scan using k_4 on sbtest4  (cost=0.43..6.47 rows=102 width=4)
	  Index Cond: ((k >= 4970011) AND (k <= 4970111))

table 5 : explain SELECT k FROM sbtest5 WHERE k BETWEEN 4970011 AND 4970111
	Index Only Scan using k_5 on sbtest5  (cost=0.43..6.32 rows=94 width=4)
	  Index Cond: ((k >= 4970011) AND (k <= 4970111))

table 6 : explain SELECT k FROM sbtest6 WHERE k BETWEEN 4970011 AND 4970111
	Index Only Scan using k_6 on sbtest6  (cost=0.43..6.50 rows=103 width=4)
	  Index Cond: ((k >= 4970011) AND (k <= 4970111))

table 7 : explain SELECT k FROM sbtest7 WHERE k BETWEEN 4970011 AND 4970111
	Index Only Scan using k_7 on sbtest7  (cost=0.43..6.59 rows=108 width=4)
	  Index Cond: ((k >= 4970011) AND (k <= 4970111))

table 8 : explain SELECT k FROM sbtest8 WHERE k BETWEEN 4970011 AND 4970111
	Index Only Scan using k_8 on sbtest8  (cost=0.43..6.33 rows=95 width=4)
	  Index Cond: ((k >= 4970011) AND (k <= 4970111))

for range-covered
table 1 : explain SELECT k FROM sbtest1 WHERE k BETWEEN 5109015 AND 5109115
	Index Only Scan using k_1 on sbtest1  (cost=0.43..10.58 rows=107 width=4)
	  Index Cond: ((k >= 5109015) AND (k <= 5109115))

table 2 : explain SELECT k FROM sbtest2 WHERE k BETWEEN 5109015 AND 5109115
	Index Only Scan using k_2 on sbtest2  (cost=0.43..6.42 rows=99 width=4)
	  Index Cond: ((k >= 5109015) AND (k <= 5109115))

table 3 : explain SELECT k FROM sbtest3 WHERE k BETWEEN 5109015 AND 5109115
	Index Only Scan using k_3 on sbtest3  (cost=0.43..6.51 rows=104 width=4)
	  Index Cond: ((k >= 5109015) AND (k <= 5109115))

table 4 : explain SELECT k FROM sbtest4 WHERE k BETWEEN 5109015 AND 5109115
	Index Only Scan using k_4 on sbtest4  (cost=0.43..6.63 rows=110 width=4)
	  Index Cond: ((k >= 5109015) AND (k <= 5109115))

table 5 : explain SELECT k FROM sbtest5 WHERE k BETWEEN 5109015 AND 5109115
	Index Only Scan using k_5 on sbtest5  (cost=0.43..6.35 rows=96 width=4)
	  Index Cond: ((k >= 5109015) AND (k <= 5109115))

table 6 : explain SELECT k FROM sbtest6 WHERE k BETWEEN 5109015 AND 5109115
	Index Only Scan using k_6 on sbtest6  (cost=0.43..6.40 rows=98 width=4)
	  Index Cond: ((k >= 5109015) AND (k <= 5109115))

table 7 : explain SELECT k FROM sbtest7 WHERE k BETWEEN 5109015 AND 5109115
	Index Only Scan using k_7 on sbtest7  (cost=0.43..6.59 rows=108 width=4)
	  Index Cond: ((k >= 5109015) AND (k <= 5109115))

table 8 : explain SELECT k FROM sbtest8 WHERE k BETWEEN 5109015 AND 5109115
	Index Only Scan using k_8 on sbtest8  (cost=0.43..6.43 rows=100 width=4)
	  Index Cond: ((k >= 5109015) AND (k <= 5109115))

explain: for range-covered :: explain SELECT k FROM sbtest%d WHERE k BETWEEN 5952371 AND 5952471
explain: for range-covered :: explain SELECT k FROM sbtest%d WHERE k BETWEEN 3075887 AND 3075987
explain: for range-covered :: explain SELECT k FROM sbtest%d WHERE k BETWEEN 4970011 AND 4970111explain: for range-covered :: explain SELECT k FROM sbtest%d WHERE k BETWEEN 6926767 AND 6926867explain: for range-covered :: explain SELECT k FROM sbtest%d WHERE k BETWEEN 5109015 AND 5109115


for range-covered
table 1 : explain SELECT k FROM sbtest1 WHERE k BETWEEN 8950551 AND 8950651
	Index Only Scan using k_1 on sbtest1  (cost=0.43..10.56 rows=106 width=4)
	  Index Cond: ((k >= 8950551) AND (k <= 8950651))

table 2 : explain SELECT k FROM sbtest2 WHERE k BETWEEN 8950551 AND 8950651
	Index Only Scan using k_2 on sbtest2  (cost=0.43..6.53 rows=105 width=4)
	  Index Cond: ((k >= 8950551) AND (k <= 8950651))

table 3 : explain SELECT k FROM sbtest3 WHERE k BETWEEN 8950551 AND 8950651
	Index Only Scan using k_3 on sbtest3  (cost=0.43..6.40 rows=98 width=4)
	  Index Cond: ((k >= 8950551) AND (k <= 8950651))

table 4 : explain SELECT k FROM sbtest4 WHERE k BETWEEN 8950551 AND 8950651
	Index Only Scan using k_4 on sbtest4  (cost=0.43..6.40 rows=98 width=4)
	  Index Cond: ((k >= 8950551) AND (k <= 8950651))

table 5 : explain SELECT k FROM sbtest5 WHERE k BETWEEN 8950551 AND 8950651
	Index Only Scan using k_5 on sbtest5  (cost=0.43..6.72 rows=114 width=4)
	  Index Cond: ((k >= 8950551) AND (k <= 8950651))

table 6 : explain SELECT k FROM sbtest6 WHERE k BETWEEN 8950551 AND 8950651
	Index Only Scan using k_6 on sbtest6  (cost=0.43..6.29 rows=93 width=4)
	  Index Cond: ((k >= 8950551) AND (k <= 8950651))

table 7 : explain SELECT k FROM sbtest7 WHERE k BETWEEN 8950551 AND 8950651
	Index Only Scan using k_7 on sbtest7  (cost=0.43..6.47 rows=102 width=4)
	  Index Cond: ((k >= 8950551) AND (k <= 8950651))

table 8 : explain SELECT k FROM sbtest8 WHERE k BETWEEN 8950551 AND 8950651
	Index Only Scan using k_8 on sbtest8  (cost=0.43..6.43 rows=100 width=4)
	  Index Cond: ((k >= 8950551) AND (k <= 8950651))

explain: for range-covered :: explain SELECT k FROM sbtest%d WHERE k BETWEEN 3620856 AND 3620956
explain: for range-covered :: explain SELECT k FROM sbtest%d WHERE k BETWEEN 5064964 AND 5065064
explain: for range-covered :: explain SELECT k FROM sbtest%d WHERE k BETWEEN 8950551 AND 8950651
for range-covered
table 1 : explain SELECT k FROM sbtest1 WHERE k BETWEEN 2766510 AND 2766610
	Index Only Scan using k_1 on sbtest1  (cost=0.43..10.50 rows=103 width=4)
	  Index Cond: ((k >= 2766510) AND (k <= 2766610))

table 2 : explain SELECT k FROM sbtest2 WHERE k BETWEEN 2766510 AND 2766610
	Index Only Scan using k_2 on sbtest2  (cost=0.43..6.59 rows=108 width=4)
	  Index Cond: ((k >= 2766510) AND (k <= 2766610))

table 3 : explain SELECT k FROM sbtest3 WHERE k BETWEEN 2766510 AND 2766610
	Index Only Scan using k_3 on sbtest3  (cost=0.43..6.40 rows=98 width=4)
	  Index Cond: ((k >= 2766510) AND (k <= 2766610))

table 4 : explain SELECT k FROM sbtest4 WHERE k BETWEEN 2766510 AND 2766610
	Index Only Scan using k_4 on sbtest4  (cost=0.43..6.35 rows=96 width=4)
	  Index Cond: ((k >= 2766510) AND (k <= 2766610))

table 5 : explain SELECT k FROM sbtest5 WHERE k BETWEEN 2766510 AND 2766610
	Index Only Scan using k_5 on sbtest5  (cost=0.43..6.27 rows=92 width=4)
	  Index Cond: ((k >= 2766510) AND (k <= 2766610))

table 6 : explain SELECT k FROM sbtest6 WHERE k BETWEEN 2766510 AND 2766610
	Index Only Scan using k_6 on sbtest6  (cost=0.43..6.50 rows=103 width=4)
	  Index Cond: ((k >= 2766510) AND (k <= 2766610))

table 7 : explain SELECT k FROM sbtest7 WHERE k BETWEEN 2766510 AND 2766610
	Index Only Scan using k_7 on sbtest7  (cost=0.43..6.59 rows=108 width=4)
	  Index Cond: ((k >= 2766510) AND (k <= 2766610))

table 8 : explain SELECT k FROM sbtest8 WHERE k BETWEEN 2766510 AND 2766610
	Index Only Scan using k_8 on sbtest8  (cost=0.43..6.59 rows=108 width=4)
	  Index Cond: ((k >= 2766510) AND (k <= 2766610))

for range-covered
table 1 : explain SELECT k FROM sbtest1 WHERE k BETWEEN 6375591 AND 6375691
	Index Only Scan using k_1 on sbtest1  (cost=0.43..10.42 rows=99 width=4)
	  Index Cond: ((k >= 6375591) AND (k <= 6375691))

table 2 : explain SELECT k FROM sbtest2 WHERE k BETWEEN 6375591 AND 6375691
	Index Only Scan using k_2 on sbtest2  (cost=0.43..6.29 rows=93 width=4)
	  Index Cond: ((k >= 6375591) AND (k <= 6375691))

table 3 : explain SELECT k FROM sbtest3 WHERE k BETWEEN 6375591 AND 6375691
	Index Only Scan using k_3 on sbtest3  (cost=0.43..6.42 rows=99 width=4)
	  Index Cond: ((k >= 6375591) AND (k <= 6375691))

table 4 : explain SELECT k FROM sbtest4 WHERE k BETWEEN 6375591 AND 6375691
	Index Only Scan using k_4 on sbtest4  (cost=0.43..6.40 rows=98 width=4)
	  Index Cond: ((k >= 6375591) AND (k <= 6375691))

table 5 : explain SELECT k FROM sbtest5 WHERE k BETWEEN 6375591 AND 6375691
	Index Only Scan using k_5 on sbtest5  (cost=0.43..6.50 rows=103 width=4)
	  Index Cond: ((k >= 6375591) AND (k <= 6375691))

table 6 : explain SELECT k FROM sbtest6 WHERE k BETWEEN 6375591 AND 6375691
	Index Only Scan using k_6 on sbtest6  (cost=0.43..6.37 rows=97 width=4)
	  Index Cond: ((k >= 6375591) AND (k <= 6375691))

table 7 : explain SELECT k FROM sbtest7 WHERE k BETWEEN 6375591 AND 6375691
	Index Only Scan using k_7 on sbtest7  (cost=0.43..6.59 rows=108 width=4)
	  Index Cond: ((k >= 6375591) AND (k <= 6375691))

table 8 : explain SELECT k FROM sbtest8 WHERE k BETWEEN 6375591 AND 6375691
	Index Only Scan using k_8 on sbtest8  (cost=0.43..6.58 rows=107 width=4)
	  Index Cond: ((k >= 6375591) AND (k <= 6375691))

for range-covered
table 1 : explain SELECT k FROM sbtest1 WHERE k BETWEEN 5465223 AND 5465323
	Index Only Scan using k_1 on sbtest1  (cost=0.43..10.44 rows=100 width=4)
	  Index Cond: ((k >= 5465223) AND (k <= 5465323))

table 2 : explain SELECT k FROM sbtest2 WHERE k BETWEEN 5465223 AND 5465323
	Index Only Scan using k_2 on sbtest2  (cost=0.43..6.27 rows=92 width=4)
	  Index Cond: ((k >= 5465223) AND (k <= 5465323))

table 3 : explain SELECT k FROM sbtest3 WHERE k BETWEEN 5465223 AND 5465323
	Index Only Scan using k_3 on sbtest3  (cost=0.43..6.42 rows=99 width=4)
	  Index Cond: ((k >= 5465223) AND (k <= 5465323))

table 4 : explain SELECT k FROM sbtest4 WHERE k BETWEEN 5465223 AND 5465323
	Index Only Scan using k_4 on sbtest4  (cost=0.43..6.47 rows=102 width=4)
	  Index Cond: ((k >= 5465223) AND (k <= 5465323))

table 5 : explain SELECT k FROM sbtest5 WHERE k BETWEEN 5465223 AND 5465323
	Index Only Scan using k_5 on sbtest5  (cost=0.43..6.50 rows=103 width=4)
	  Index Cond: ((k >= 5465223) AND (k <= 5465323))

table 6 : explain SELECT k FROM sbtest6 WHERE k BETWEEN 5465223 AND 5465323
	Index Only Scan using k_6 on sbtest6  (cost=0.43..6.40 rows=98 width=4)
	  Index Cond: ((k >= 5465223) AND (k <= 5465323))

table 7 : explain SELECT k FROM sbtest7 WHERE k BETWEEN 5465223 AND 5465323
	Index Only Scan using k_7 on sbtest7  (cost=0.43..6.37 rows=97 width=4)
	  Index Cond: ((k >= 5465223) AND (k <= 5465323))

table 8 : explain SELECT k FROM sbtest8 WHERE k BETWEEN 5465223 AND 5465323
	Index Only Scan using k_8 on sbtest8  (cost=0.43..6.45 rows=101 width=4)
	  Index Cond: ((k >= 5465223) AND (k <= 5465323))

for range-covered
table 1 : explain SELECT k FROM sbtest1 WHERE k BETWEEN 3843825 AND 3843925
	Index Only Scan using k_1 on sbtest1  (cost=0.43..10.36 rows=96 width=4)
	  Index Cond: ((k >= 3843825) AND (k <= 3843925))

table 2 : explain SELECT k FROM sbtest2 WHERE k BETWEEN 3843825 AND 3843925
	Index Only Scan using k_2 on sbtest2  (cost=0.43..6.40 rows=98 width=4)
	  Index Cond: ((k >= 3843825) AND (k <= 3843925))

table 3 : explain SELECT k FROM sbtest3 WHERE k BETWEEN 3843825 AND 3843925
	Index Only Scan using k_3 on sbtest3  (cost=0.43..6.58 rows=107 width=4)
	  Index Cond: ((k >= 3843825) AND (k <= 3843925))

table 4 : explain SELECT k FROM sbtest4 WHERE k BETWEEN 3843825 AND 3843925
	Index Only Scan using k_4 on sbtest4  (cost=0.43..6.35 rows=96 width=4)
	  Index Cond: ((k >= 3843825) AND (k <= 3843925))

table 5 : explain SELECT k FROM sbtest5 WHERE k BETWEEN 3843825 AND 3843925
	Index Only Scan using k_5 on sbtest5  (cost=0.43..6.42 rows=99 width=4)
	  Index Cond: ((k >= 3843825) AND (k <= 3843925))

table 6 : explain SELECT k FROM sbtest6 WHERE k BETWEEN 3843825 AND 3843925
	Index Only Scan using k_6 on sbtest6  (cost=0.43..6.56 rows=106 width=4)
	  Index Cond: ((k >= 3843825) AND (k <= 3843925))

table 7 : explain SELECT k FROM sbtest7 WHERE k BETWEEN 3843825 AND 3843925
	Index Only Scan using k_7 on sbtest7  (cost=0.43..6.27 rows=92 width=4)
	  Index Cond: ((k >= 3843825) AND (k <= 3843925))

table 8 : explain SELECT k FROM sbtest8 WHERE k BETWEEN 3843825 AND 3843925
	Index Only Scan using k_8 on sbtest8  (cost=0.43..6.50 rows=103 width=4)
	  Index Cond: ((k >= 3843825) AND (k <= 3843925))

explain: for range-covered :: explain SELECT k FROM sbtest%d WHERE k BETWEEN 6375591 AND 6375691
explain: for range-covered :: explain SELECT k FROM sbtest%d WHERE k BETWEEN 5465223 AND 5465323
explain: for range-covered :: explain SELECT k FROM sbtest%d WHERE k BETWEEN 3843825 AND 3843925
explain: for range-covered :: explain SELECT k FROM sbtest%d WHERE k BETWEEN 2766510 AND 2766610
for range-covered
table 1 : explain SELECT k FROM sbtest1 WHERE k BETWEEN 5952371 AND 5952471
	Index Only Scan using k_1 on sbtest1  (cost=0.43..10.47 rows=102 width=4)
	  Index Cond: ((k >= 5952371) AND (k <= 5952471))

table 2 : explain SELECT k FROM sbtest2 WHERE k BETWEEN 5952371 AND 5952471
	Index Only Scan using k_2 on sbtest2  (cost=0.43..6.56 rows=106 width=4)
	  Index Cond: ((k >= 5952371) AND (k <= 5952471))

table 3 : explain SELECT k FROM sbtest3 WHERE k BETWEEN 5952371 AND 5952471
	Index Only Scan using k_3 on sbtest3  (cost=0.43..6.40 rows=98 width=4)
	  Index Cond: ((k >= 5952371) AND (k <= 5952471))

table 4 : explain SELECT k FROM sbtest4 WHERE k BETWEEN 5952371 AND 5952471
	Index Only Scan using k_4 on sbtest4  (cost=0.43..6.47 rows=102 width=4)
	  Index Cond: ((k >= 5952371) AND (k <= 5952471))

table 5 : explain SELECT k FROM sbtest5 WHERE k BETWEEN 5952371 AND 5952471
	Index Only Scan using k_5 on sbtest5  (cost=0.43..6.53 rows=105 width=4)
	  Index Cond: ((k >= 5952371) AND (k <= 5952471))

table 6 : explain SELECT k FROM sbtest6 WHERE k BETWEEN 5952371 AND 5952471
	Index Only Scan using k_6 on sbtest6  (cost=0.43..6.40 rows=98 width=4)
	  Index Cond: ((k >= 5952371) AND (k <= 5952471))

table 7 : explain SELECT k FROM sbtest7 WHERE k BETWEEN 5952371 AND 5952471
	Index Only Scan using k_7 on sbtest7  (cost=0.43..6.85 rows=121 width=4)
	  Index Cond: ((k >= 5952371) AND (k <= 5952471))

table 8 : explain SELECT k FROM sbtest8 WHERE k BETWEEN 5952371 AND 5952471
	Index Only Scan using k_8 on sbtest8  (cost=0.43..6.56 rows=106 width=4)
	  Index Cond: ((k >= 5952371) AND (k <= 5952471))

explain: for range-covered :: explain SELECT k FROM sbtest%d WHERE k BETWEEN 5952371 AND 5952471
for range-covered
table 1 : explain SELECT k FROM sbtest1 WHERE k BETWEEN 5109015 AND 5109115
	Index Only Scan using k_1 on sbtest1  (cost=0.43..10.58 rows=107 width=4)
	  Index Cond: ((k >= 5109015) AND (k <= 5109115))

table 2 : explain SELECT k FROM sbtest2 WHERE k BETWEEN 5109015 AND 5109115
	Index Only Scan using k_2 on sbtest2  (cost=0.43..6.42 rows=99 width=4)
	  Index Cond: ((k >= 5109015) AND (k <= 5109115))

table 3 : explain SELECT k FROM sbtest3 WHERE k BETWEEN 5109015 AND 5109115
	Index Only Scan using k_3 on sbtest3  (cost=0.43..6.51 rows=104 width=4)
	  Index Cond: ((k >= 5109015) AND (k <= 5109115))

table 4 : explain SELECT k FROM sbtest4 WHERE k BETWEEN 5109015 AND 5109115
	Index Only Scan using k_4 on sbtest4  (cost=0.43..6.63 rows=110 width=4)
	  Index Cond: ((k >= 5109015) AND (k <= 5109115))

table 5 : explain SELECT k FROM sbtest5 WHERE k BETWEEN 5109015 AND 5109115
	Index Only Scan using k_5 on sbtest5  (cost=0.43..6.35 rows=96 width=4)
	  Index Cond: ((k >= 5109015) AND (k <= 5109115))

table 6 : explain SELECT k FROM sbtest6 WHERE k BETWEEN 5109015 AND 5109115
	Index Only Scan using k_6 on sbtest6  (cost=0.43..6.40 rows=98 width=4)
	  Index Cond: ((k >= 5109015) AND (k <= 5109115))

table 7 : explain SELECT k FROM sbtest7 WHERE k BETWEEN 5109015 AND 5109115
	Index Only Scan using k_7 on sbtest7  (cost=0.43..6.59 rows=108 width=4)
	  Index Cond: ((k >= 5109015) AND (k <= 5109115))

table 8 : explain SELECT k FROM sbtest8 WHERE k BETWEEN 5109015 AND 5109115
	Index Only Scan using k_8 on sbtest8  (cost=0.43..6.43 rows=100 width=4)
	  Index Cond: ((k >= 5109015) AND (k <= 5109115))

for range-covered
table 1 : explain SELECT k FROM sbtest1 WHERE k BETWEEN 4970011 AND 4970111
	Index Only Scan using k_1 on sbtest1  (cost=0.43..10.38 rows=97 width=4)
	  Index Cond: ((k >= 4970011) AND (k <= 4970111))

table 2 : explain SELECT k FROM sbtest2 WHERE k BETWEEN 4970011 AND 4970111
	Index Only Scan using k_2 on sbtest2  (cost=0.43..6.47 rows=102 width=4)
	  Index Cond: ((k >= 4970011) AND (k <= 4970111))

table 3 : explain SELECT k FROM sbtest3 WHERE k BETWEEN 4970011 AND 4970111
	Index Only Scan using k_3 on sbtest3  (cost=0.43..6.47 rows=102 width=4)
	  Index Cond: ((k >= 4970011) AND (k <= 4970111))

table 4 : explain SELECT k FROM sbtest4 WHERE k BETWEEN 4970011 AND 4970111
	Index Only Scan using k_4 on sbtest4  (cost=0.43..6.47 rows=102 width=4)
	  Index Cond: ((k >= 4970011) AND (k <= 4970111))

table 5 : explain SELECT k FROM sbtest5 WHERE k BETWEEN 4970011 AND 4970111
	Index Only Scan using k_5 on sbtest5  (cost=0.43..6.32 rows=94 width=4)
	  Index Cond: ((k >= 4970011) AND (k <= 4970111))

table 6 : explain SELECT k FROM sbtest6 WHERE k BETWEEN 4970011 AND 4970111
	Index Only Scan using k_6 on sbtest6  (cost=0.43..6.50 rows=103 width=4)
	  Index Cond: ((k >= 4970011) AND (k <= 4970111))

table 7 : explain SELECT k FROM sbtest7 WHERE k BETWEEN 4970011 AND 4970111
	Index Only Scan using k_7 on sbtest7  (cost=0.43..6.59 rows=108 width=4)
	  Index Cond: ((k >= 4970011) AND (k <= 4970111))

table 8 : explain SELECT k FROM sbtest8 WHERE k BETWEEN 4970011 AND 4970111
	Index Only Scan using k_8 on sbtest8  (cost=0.43..6.33 rows=95 width=4)
	  Index Cond: ((k >= 4970011) AND (k <= 4970111))

explain: for range-covered :: explain SELECT k FROM sbtest%d WHERE k BETWEEN 5109015 AND 5109115
explain: for range-covered :: explain SELECT k FROM sbtest%d WHERE k BETWEEN 4970011 AND 4970111
for range-covered
table 1 : explain SELECT k FROM sbtest1 WHERE k BETWEEN 8950551 AND 8950651
	Index Only Scan using k_1 on sbtest1  (cost=0.43..10.56 rows=106 width=4)
	  Index Cond: ((k >= 8950551) AND (k <= 8950651))

table 2 : explain SELECT k FROM sbtest2 WHERE k BETWEEN 8950551 AND 8950651
	Index Only Scan using k_2 on sbtest2  (cost=0.43..6.53 rows=105 width=4)
	  Index Cond: ((k >= 8950551) AND (k <= 8950651))

table 3 : explain SELECT k FROM sbtest3 WHERE k BETWEEN 8950551 AND 8950651
	Index Only Scan using k_3 on sbtest3  (cost=0.43..6.40 rows=98 width=4)
	  Index Cond: ((k >= 8950551) AND (k <= 8950651))

table 4 : explain SELECT k FROM sbtest4 WHERE k BETWEEN 8950551 AND 8950651
	Index Only Scan using k_4 on sbtest4  (cost=0.43..6.40 rows=98 width=4)
	  Index Cond: ((k >= 8950551) AND (k <= 8950651))

table 5 : explain SELECT k FROM sbtest5 WHERE k BETWEEN 8950551 AND 8950651
	Index Only Scan using k_5 on sbtest5  (cost=0.43..6.72 rows=114 width=4)
	  Index Cond: ((k >= 8950551) AND (k <= 8950651))

table 6 : explain SELECT k FROM sbtest6 WHERE k BETWEEN 8950551 AND 8950651
	Index Only Scan using k_6 on sbtest6  (cost=0.43..6.29 rows=93 width=4)
	  Index Cond: ((k >= 8950551) AND (k <= 8950651))

table 7 : explain SELECT k FROM sbtest7 WHERE k BETWEEN 8950551 AND 8950651
	Index Only Scan using k_7 on sbtest7  (cost=0.43..6.47 rows=102 width=4)
	  Index Cond: ((k >= 8950551) AND (k <= 8950651))

table 8 : explain SELECT k FROM sbtest8 WHERE k BETWEEN 8950551 AND 8950651
	Index Only Scan using k_8 on sbtest8  (cost=0.43..6.43 rows=100 width=4)
	  Index Cond: ((k >= 8950551) AND (k <= 8950651))

for range-covered
table 1 : explain SELECT k FROM sbtest1 WHERE k BETWEEN 3903663 AND 3903763
	Index Only Scan using k_1 on sbtest1  (cost=0.43..10.60 rows=108 width=4)
	  Index Cond: ((k >= 3903663) AND (k <= 3903763))

table 2 : explain SELECT k FROM sbtest2 WHERE k BETWEEN 3903663 AND 3903763
	Index Only Scan using k_2 on sbtest2  (cost=0.43..6.40 rows=98 width=4)
	  Index Cond: ((k >= 3903663) AND (k <= 3903763))

table 3 : explain SELECT k FROM sbtest3 WHERE k BETWEEN 3903663 AND 3903763
	Index Only Scan using k_3 on sbtest3  (cost=0.43..6.58 rows=107 width=4)
	  Index Cond: ((k >= 3903663) AND (k <= 3903763))

table 4 : explain SELECT k FROM sbtest4 WHERE k BETWEEN 3903663 AND 3903763
	Index Only Scan using k_4 on sbtest4  (cost=0.43..6.35 rows=96 width=4)
	  Index Cond: ((k >= 3903663) AND (k <= 3903763))

table 5 : explain SELECT k FROM sbtest5 WHERE k BETWEEN 3903663 AND 3903763
	Index Only Scan using k_5 on sbtest5  (cost=0.43..6.42 rows=99 width=4)
	  Index Cond: ((k >= 3903663) AND (k <= 3903763))

table 6 : explain SELECT k FROM sbtest6 WHERE k BETWEEN 3903663 AND 3903763
	Index Only Scan using k_6 on sbtest6  (cost=0.43..6.59 rows=108 width=4)
	  Index Cond: ((k >= 3903663) AND (k <= 3903763))

table 7 : explain SELECT k FROM sbtest7 WHERE k BETWEEN 3903663 AND 3903763
	Index Only Scan using k_7 on sbtest7  (cost=0.43..6.27 rows=92 width=4)
	  Index Cond: ((k >= 3903663) AND (k <= 3903763))

table 8 : explain SELECT k FROM sbtest8 WHERE k BETWEEN 3903663 AND 3903763
	Index Only Scan using k_8 on sbtest8  (cost=0.43..6.50 rows=103 width=4)
	  Index Cond: ((k >= 3903663) AND (k <= 3903763))

for range-covered
table 1 : explain SELECT k FROM sbtest1 WHERE k BETWEEN 5064964 AND 5065064
	Index Only Scan using k_1 on sbtest1  (cost=0.43..10.58 rows=107 width=4)
	  Index Cond: ((k >= 5064964) AND (k <= 5065064))

table 2 : explain SELECT k FROM sbtest2 WHERE k BETWEEN 5064964 AND 5065064
	Index Only Scan using k_2 on sbtest2  (cost=0.43..6.50 rows=103 width=4)
	  Index Cond: ((k >= 5064964) AND (k <= 5065064))

table 3 : explain SELECT k FROM sbtest3 WHERE k BETWEEN 5064964 AND 5065064
	Index Only Scan using k_3 on sbtest3  (cost=0.43..6.51 rows=104 width=4)
	  Index Cond: ((k >= 5064964) AND (k <= 5065064))

table 4 : explain SELECT k FROM sbtest4 WHERE k BETWEEN 5064964 AND 5065064
	Index Only Scan using k_4 on sbtest4  (cost=0.43..6.63 rows=110 width=4)
	  Index Cond: ((k >= 5064964) AND (k <= 5065064))

table 5 : explain SELECT k FROM sbtest5 WHERE k BETWEEN 5064964 AND 5065064
	Index Only Scan using k_5 on sbtest5  (cost=0.43..6.35 rows=96 width=4)
	  Index Cond: ((k >= 5064964) AND (k <= 5065064))

table 6 : explain SELECT k FROM sbtest6 WHERE k BETWEEN 5064964 AND 5065064
	Index Only Scan using k_6 on sbtest6  (cost=0.43..6.50 rows=103 width=4)
	  Index Cond: ((k >= 5064964) AND (k <= 5065064))

table 7 : explain SELECT k FROM sbtest7 WHERE k BETWEEN 5064964 AND 5065064
	Index Only Scan using k_7 on sbtest7  (cost=0.43..6.59 rows=108 width=4)
	  Index Cond: ((k >= 5064964) AND (k <= 5065064))

table 8 : explain SELECT k FROM sbtest8 WHERE k BETWEEN 5064964 AND 5065064
	Index Only Scan using k_8 on sbtest8  (cost=0.43..6.43 rows=100 width=4)
	  Index Cond: ((k >= 5064964) AND (k <= 5065064))

explain: for range-covered :: explain SELECT k FROM sbtest%d WHERE k BETWEEN 8950551 AND 8950651
for range-covered
table 1 : explain SELECT k FROM sbtest1 WHERE k BETWEEN 3843825 AND 3843925
	Index Only Scan using k_1 on sbtest1  (cost=0.43..10.36 rows=96 width=4)
	  Index Cond: ((k >= 3843825) AND (k <= 3843925))

table 2 : explain SELECT k FROM sbtest2 WHERE k BETWEEN 3843825 AND 3843925
	Index Only Scan using k_2 on sbtest2  (cost=0.43..6.40 rows=98 width=4)
	  Index Cond: ((k >= 3843825) AND (k <= 3843925))

table 3 : explain SELECT k FROM sbtest3 WHERE k BETWEEN 3843825 AND 3843925
	Index Only Scan using k_3 on sbtest3  (cost=0.43..6.58 rows=107 width=4)
	  Index Cond: ((k >= 3843825) AND (k <= 3843925))

table 4 : explain SELECT k FROM sbtest4 WHERE k BETWEEN 3843825 AND 3843925
	Index Only Scan using k_4 on sbtest4  (cost=0.43..6.35 rows=96 width=4)
	  Index Cond: ((k >= 3843825) AND (k <= 3843925))

table 5 : explain SELECT k FROM sbtest5 WHERE k BETWEEN 3843825 AND 3843925
	Index Only Scan using k_5 on sbtest5  (cost=0.43..6.42 rows=99 width=4)
	  Index Cond: ((k >= 3843825) AND (k <= 3843925))

table 6 : explain SELECT k FROM sbtest6 WHERE k BETWEEN 3843825 AND 3843925
	Index Only Scan using k_6 on sbtest6  (cost=0.43..6.56 rows=106 width=4)
	  Index Cond: ((k >= 3843825) AND (k <= 3843925))

table 7 : explain SELECT k FROM sbtest7 WHERE k BETWEEN 3843825 AND 3843925
	Index Only Scan using k_7 on sbtest7  (cost=0.43..6.27 rows=92 width=4)
	  Index Cond: ((k >= 3843825) AND (k <= 3843925))

table 8 : explain SELECT k FROM sbtest8 WHERE k BETWEEN 3843825 AND 3843925
	Index Only Scan using k_8 on sbtest8  (cost=0.43..6.50 rows=103 width=4)
	  Index Cond: ((k >= 3843825) AND (k <= 3843925))

for range-covered
table 1 : explain SELECT k FROM sbtest1 WHERE k BETWEEN 5465223 AND 5465323
	Index Only Scan using k_1 on sbtest1  (cost=0.43..10.44 rows=100 width=4)
	  Index Cond: ((k >= 5465223) AND (k <= 5465323))

table 2 : explain SELECT k FROM sbtest2 WHERE k BETWEEN 5465223 AND 5465323
	Index Only Scan using k_2 on sbtest2  (cost=0.43..6.27 rows=92 width=4)
	  Index Cond: ((k >= 5465223) AND (k <= 5465323))

table 3 : explain SELECT k FROM sbtest3 WHERE k BETWEEN 5465223 AND 5465323
	Index Only Scan using k_3 on sbtest3  (cost=0.43..6.42 rows=99 width=4)
	  Index Cond: ((k >= 5465223) AND (k <= 5465323))

table 4 : explain SELECT k FROM sbtest4 WHERE k BETWEEN 5465223 AND 5465323
	Index Only Scan using k_4 on sbtest4  (cost=0.43..6.47 rows=102 width=4)
	  Index Cond: ((k >= 5465223) AND (k <= 5465323))

table 5 : explain SELECT k FROM sbtest5 WHERE k BETWEEN 5465223 AND 5465323
	Index Only Scan using k_5 on sbtest5  (cost=0.43..6.50 rows=103 width=4)
	  Index Cond: ((k >= 5465223) AND (k <= 5465323))

table 6 : explain SELECT k FROM sbtest6 WHERE k BETWEEN 5465223 AND 5465323
	Index Only Scan using k_6 on sbtest6  (cost=0.43..6.40 rows=98 width=4)
	  Index Cond: ((k >= 5465223) AND (k <= 5465323))

table 7 : explain SELECT k FROM sbtest7 WHERE k BETWEEN 5465223 AND 5465323
	Index Only Scan using k_7 on sbtest7  (cost=0.43..6.37 rows=97 width=4)
	  Index Cond: ((k >= 5465223) AND (k <= 5465323))

table 8 : explain SELECT k FROM sbtest8 WHERE k BETWEEN 5465223 AND 5465323
	Index Only Scan using k_8 on sbtest8  (cost=0.43..6.45 rows=101 width=4)
	  Index Cond: ((k >= 5465223) AND (k <= 5465323))
explain: for range-covered :: explain SELECT k FROM sbtest%d WHERE k BETWEEN 3903663 AND 3903763

explain: for range-covered :: explain SELECT k FROM sbtest%d WHERE k BETWEEN 5064964 AND 5065064
explain: for range-covered :: explain SELECT k FROM sbtest%d WHERE k BETWEEN 5465223 AND 5465323
for range-covered
table 1 : explain SELECT k FROM sbtest1 WHERE k BETWEEN 6375591 AND 6375691
	Index Only Scan using k_1 on sbtest1  (cost=0.43..10.42 rows=99 width=4)
	  Index Cond: ((k >= 6375591) AND (k <= 6375691))

table 2 : explain SELECT k FROM sbtest2 WHERE k BETWEEN 6375591 AND 6375691
	Index Only Scan using k_2 on sbtest2  (cost=0.43..6.29 rows=93 width=4)
	  Index Cond: ((k >= 6375591) AND (k <= 6375691))

table 3 : explain SELECT k FROM sbtest3 WHERE k BETWEEN 6375591 AND 6375691
	Index Only Scan using k_3 on sbtest3  (cost=0.43..6.42 rows=99 width=4)
	  Index Cond: ((k >= 6375591) AND (k <= 6375691))

table 4 : explain SELECT k FROM sbtest4 WHERE k BETWEEN 6375591 AND 6375691
	Index Only Scan using k_4 on sbtest4  (cost=0.43..6.40 rows=98 width=4)
	  Index Cond: ((k >= 6375591) AND (k <= 6375691))

table 5 : explain SELECT k FROM sbtest5 WHERE k BETWEEN 6375591 AND 6375691
	Index Only Scan using k_5 on sbtest5  (cost=0.43..6.50 rows=103 width=4)
	  Index Cond: ((k >= 6375591) AND (k <= 6375691))

table 6 : explain SELECT k FROM sbtest6 WHERE k BETWEEN 6375591 AND 6375691
	Index Only Scan using k_6 on sbtest6  (cost=0.43..6.37 rows=97 width=4)
	  Index Cond: ((k >= 6375591) AND (k <= 6375691))

table 7 : explain SELECT k FROM sbtest7 WHERE k BETWEEN 6375591 AND 6375691
	Index Only Scan using k_7 on sbtest7  (cost=0.43..6.59 rows=108 width=4)
	  Index Cond: ((k >= 6375591) AND (k <= 6375691))

table 8 : explain SELECT k FROM sbtest8 WHERE k BETWEEN 6375591 AND 6375691
	Index Only Scan using k_8 on sbtest8  (cost=0.43..6.58 rows=107 width=4)
	  Index Cond: ((k >= 6375591) AND (k <= 6375691))

for range-covered
table 1 : explain SELECT k FROM sbtest1 WHERE k BETWEEN 4891728 AND 4891828
	Index Only Scan using k_1 on sbtest1  (cost=0.43..10.60 rows=108 width=4)
	  Index Cond: ((k >= 4891728) AND (k <= 4891828))

table 2 : explain SELECT k FROM sbtest2 WHERE k BETWEEN 4891728 AND 4891828
	Index Only Scan using k_2 on sbtest2  (cost=0.43..6.40 rows=98 width=4)
	  Index Cond: ((k >= 4891728) AND (k <= 4891828))

table 3 : explain SELECT k FROM sbtest3 WHERE k BETWEEN 4891728 AND 4891828
	Index Only Scan using k_3 on sbtest3  (cost=0.43..6.40 rows=98 width=4)
	  Index Cond: ((k >= 4891728) AND (k <= 4891828))

table 4 : explain SELECT k FROM sbtest4 WHERE k BETWEEN 4891728 AND 4891828
	Index Only Scan using k_4 on sbtest4  (cost=0.43..6.42 rows=99 width=4)
	  Index Cond: ((k >= 4891728) AND (k <= 4891828))

table 5 : explain SELECT k FROM sbtest5 WHERE k BETWEEN 4891728 AND 4891828
	Index Only Scan using k_5 on sbtest5  (cost=0.43..6.58 rows=107 width=4)
	  Index Cond: ((k >= 4891728) AND (k <= 4891828))

table 6 : explain SELECT k FROM sbtest6 WHERE k BETWEEN 4891728 AND 4891828
	Index Only Scan using k_6 on sbtest6  (cost=0.43..6.45 rows=101 width=4)
	  Index Cond: ((k >= 4891728) AND (k <= 4891828))

table 7 : explain SELECT k FROM sbtest7 WHERE k BETWEEN 4891728 AND 4891828
	Index Only Scan using k_7 on sbtest7  (cost=0.43..6.43 rows=100 width=4)
	  Index Cond: ((k >= 4891728) AND (k <= 4891828))

table 8 : explain SELECT k FROM sbtest8 WHERE k BETWEEN 4891728 AND 4891828
	Index Only Scan using k_8 on sbtest8  (cost=0.43..6.42 rows=99 width=4)
	  Index Cond: ((k >= 4891728) AND (k <= 4891828))

explain: for range-covered :: explain SELECT k FROM sbtest%d WHERE k BETWEEN 6375591 AND 6375691
explain: for range-covered :: explain SELECT k FROM sbtest%d WHERE k BETWEEN 4891728 AND 4891828
for range-covered
table 1 : explain SELECT k FROM sbtest1 WHERE k BETWEEN 5109015 AND 5109115
	Index Only Scan using k_1 on sbtest1  (cost=0.43..10.58 rows=107 width=4)
	  Index Cond: ((k >= 5109015) AND (k <= 5109115))

table 2 : explain SELECT k FROM sbtest2 WHERE k BETWEEN 5109015 AND 5109115
	Index Only Scan using k_2 on sbtest2  (cost=0.43..6.42 rows=99 width=4)
	  Index Cond: ((k >= 5109015) AND (k <= 5109115))

table 3 : explain SELECT k FROM sbtest3 WHERE k BETWEEN 5109015 AND 5109115
	Index Only Scan using k_3 on sbtest3  (cost=0.43..6.51 rows=104 width=4)
	  Index Cond: ((k >= 5109015) AND (k <= 5109115))

table 4 : explain SELECT k FROM sbtest4 WHERE k BETWEEN 5109015 AND 5109115
	Index Only Scan using k_4 on sbtest4  (cost=0.43..6.63 rows=110 width=4)
	  Index Cond: ((k >= 5109015) AND (k <= 5109115))

table 5 : explain SELECT k FROM sbtest5 WHERE k BETWEEN 5109015 AND 5109115
	Index Only Scan using k_5 on sbtest5  (cost=0.43..6.35 rows=96 width=4)
	  Index Cond: ((k >= 5109015) AND (k <= 5109115))

table 6 : explain SELECT k FROM sbtest6 WHERE k BETWEEN 5109015 AND 5109115
	Index Only Scan using k_6 on sbtest6  (cost=0.43..6.40 rows=98 width=4)
	  Index Cond: ((k >= 5109015) AND (k <= 5109115))

table 7 : explain SELECT k FROM sbtest7 WHERE k BETWEEN 5109015 AND 5109115
	Index Only Scan using k_7 on sbtest7  (cost=0.43..6.59 rows=108 width=4)
	  Index Cond: ((k >= 5109015) AND (k <= 5109115))

table 8 : explain SELECT k FROM sbtest8 WHERE k BETWEEN 5109015 AND 5109115
	Index Only Scan using k_8 on sbtest8  (cost=0.43..6.43 rows=100 width=4)
	  Index Cond: ((k >= 5109015) AND (k <= 5109115))

explain: for range-covered :: explain SELECT k FROM sbtest%d WHERE k BETWEEN 5109015 AND 5109115
for range-covered
table 1 : explain SELECT k FROM sbtest1 WHERE k BETWEEN 4970011 AND 4970111
	Index Only Scan using k_1 on sbtest1  (cost=0.43..10.38 rows=97 width=4)
	  Index Cond: ((k >= 4970011) AND (k <= 4970111))

table 2 : explain SELECT k FROM sbtest2 WHERE k BETWEEN 4970011 AND 4970111
	Index Only Scan using k_2 on sbtest2  (cost=0.43..6.47 rows=102 width=4)
	  Index Cond: ((k >= 4970011) AND (k <= 4970111))

table 3 : explain SELECT k FROM sbtest3 WHERE k BETWEEN 4970011 AND 4970111
	Index Only Scan using k_3 on sbtest3  (cost=0.43..6.47 rows=102 width=4)
	  Index Cond: ((k >= 4970011) AND (k <= 4970111))

table 4 : explain SELECT k FROM sbtest4 WHERE k BETWEEN 4970011 AND 4970111
	Index Only Scan using k_4 on sbtest4  (cost=0.43..6.47 rows=102 width=4)
	  Index Cond: ((k >= 4970011) AND (k <= 4970111))

table 5 : explain SELECT k FROM sbtest5 WHERE k BETWEEN 4970011 AND 4970111
	Index Only Scan using k_5 on sbtest5  (cost=0.43..6.32 rows=94 width=4)
	  Index Cond: ((k >= 4970011) AND (k <= 4970111))

table 6 : explain SELECT k FROM sbtest6 WHERE k BETWEEN 4970011 AND 4970111
	Index Only Scan using k_6 on sbtest6  (cost=0.43..6.50 rows=103 width=4)
	  Index Cond: ((k >= 4970011) AND (k <= 4970111))

table 7 : explain SELECT k FROM sbtest7 WHERE k BETWEEN 4970011 AND 4970111
	Index Only Scan using k_7 on sbtest7  (cost=0.43..6.59 rows=108 width=4)
	  Index Cond: ((k >= 4970011) AND (k <= 4970111))

table 8 : explain SELECT k FROM sbtest8 WHERE k BETWEEN 4970011 AND 4970111
	Index Only Scan using k_8 on sbtest8  (cost=0.43..6.33 rows=95 width=4)
	  Index Cond: ((k >= 4970011) AND (k <= 4970111))

for range-covered
table 1 : explain SELECT k FROM sbtest1 WHERE k BETWEEN 7573597 AND 7573697
	Index Only Scan using k_1 on sbtest1  (cost=0.43..10.33 rows=95 width=4)
	  Index Cond: ((k >= 7573597) AND (k <= 7573697))

table 2 : explain SELECT k FROM sbtest2 WHERE k BETWEEN 7573597 AND 7573697
	Index Only Scan using k_2 on sbtest2  (cost=0.43..6.67 rows=112 width=4)
	  Index Cond: ((k >= 7573597) AND (k <= 7573697))

table 3 : explain SELECT k FROM sbtest3 WHERE k BETWEEN 7573597 AND 7573697
	Index Only Scan using k_3 on sbtest3  (cost=0.43..6.45 rows=101 width=4)
	  Index Cond: ((k >= 7573597) AND (k <= 7573697))

table 4 : explain SELECT k FROM sbtest4 WHERE k BETWEEN 7573597 AND 7573697
	Index Only Scan using k_4 on sbtest4  (cost=0.43..6.45 rows=101 width=4)
	  Index Cond: ((k >= 7573597) AND (k <= 7573697))

table 5 : explain SELECT k FROM sbtest5 WHERE k BETWEEN 7573597 AND 7573697
	Index Only Scan using k_5 on sbtest5  (cost=0.43..6.47 rows=102 width=4)
	  Index Cond: ((k >= 7573597) AND (k <= 7573697))

table 6 : explain SELECT k FROM sbtest6 WHERE k BETWEEN 7573597 AND 7573697
	Index Only Scan using k_6 on sbtest6  (cost=0.43..6.40 rows=98 width=4)
	  Index Cond: ((k >= 7573597) AND (k <= 7573697))

table 7 : explain SELECT k FROM sbtest7 WHERE k BETWEEN 7573597 AND 7573697
	Index Only Scan using k_7 on sbtest7  (cost=0.43..6.58 rows=107 width=4)
	  Index Cond: ((k >= 7573597) AND (k <= 7573697))

table 8 : explain SELECT k FROM sbtest8 WHERE k BETWEEN 7573597 AND 7573697
	Index Only Scan using k_8 on sbtest8  (cost=0.43..6.45 rows=101 width=4)
	  Index Cond: ((k >= 7573597) AND (k <= 7573697))

explain: for range-covered :: explain SELECT k FROM sbtest%d WHERE k BETWEEN 4970011 AND 4970111
for range-covered
table 1 : explain SELECT k FROM sbtest1 WHERE k BETWEEN 8950551 AND 8950651
	Index Only Scan using k_1 on sbtest1  (cost=0.43..10.56 rows=106 width=4)
	  Index Cond: ((k >= 8950551) AND (k <= 8950651))

table 2 : explain SELECT k FROM sbtest2 WHERE k BETWEEN 8950551 AND 8950651
	Index Only Scan using k_2 on sbtest2  (cost=0.43..6.53 rows=105 width=4)
	  Index Cond: ((k >= 8950551) AND (k <= 8950651))

table 3 : explain SELECT k FROM sbtest3 WHERE k BETWEEN 8950551 AND 8950651
	Index Only Scan using k_3 on sbtest3  (cost=0.43..6.40 rows=98 width=4)
	  Index Cond: ((k >= 8950551) AND (k <= 8950651))

table 4 : explain SELECT k FROM sbtest4 WHERE k BETWEEN 8950551 AND 8950651
	Index Only Scan using k_4 on sbtest4  (cost=0.43..6.40 rows=98 width=4)
	  Index Cond: ((k >= 8950551) AND (k <= 8950651))

table 5 : explain SELECT k FROM sbtest5 WHERE k BETWEEN 8950551 AND 8950651
	Index Only Scan using k_5 on sbtest5  (cost=0.43..6.72 rows=114 width=4)
	  Index Cond: ((k >= 8950551) AND (k <= 8950651))

table 6 : explain SELECT k FROM sbtest6 WHERE k BETWEEN 8950551 AND 8950651
	Index Only Scan using k_6 on sbtest6  (cost=0.43..6.29 rows=93 width=4)
	  Index Cond: ((k >= 8950551) AND (k <= 8950651))

table 7 : explain SELECT k FROM sbtest7 WHERE k BETWEEN 8950551 AND 8950651
	Index Only Scan using k_7 on sbtest7  (cost=0.43..6.47 rows=102 width=4)
	  Index Cond: ((k >= 8950551) AND (k <= 8950651))

table 8 : explain SELECT k FROM sbtest8 WHERE k BETWEEN 8950551 AND 8950651
	Index Only Scan using k_8 on sbtest8  (cost=0.43..6.43 rows=100 width=4)
	  Index Cond: ((k >= 8950551) AND (k <= 8950651))

explain: for range-covered :: explain SELECT k FROM sbtest%d WHERE k BETWEEN 7573597 AND 7573697
explain: for range-covered :: explain SELECT k FROM sbtest%d WHERE k BETWEEN 8950551 AND 8950651
for range-covered
table 1 : explain SELECT k FROM sbtest1 WHERE k BETWEEN 2766510 AND 2766610
	Index Only Scan using k_1 on sbtest1  (cost=0.43..10.50 rows=103 width=4)
	  Index Cond: ((k >= 2766510) AND (k <= 2766610))

table 2 : explain SELECT k FROM sbtest2 WHERE k BETWEEN 2766510 AND 2766610
	Index Only Scan using k_2 on sbtest2  (cost=0.43..6.59 rows=108 width=4)
	  Index Cond: ((k >= 2766510) AND (k <= 2766610))

table 3 : explain SELECT k FROM sbtest3 WHERE k BETWEEN 2766510 AND 2766610
	Index Only Scan using k_3 on sbtest3  (cost=0.43..6.40 rows=98 width=4)
	  Index Cond: ((k >= 2766510) AND (k <= 2766610))

table 4 : explain SELECT k FROM sbtest4 WHERE k BETWEEN 2766510 AND 2766610
	Index Only Scan using k_4 on sbtest4  (cost=0.43..6.35 rows=96 width=4)
	  Index Cond: ((k >= 2766510) AND (k <= 2766610))

table 5 : explain SELECT k FROM sbtest5 WHERE k BETWEEN 2766510 AND 2766610
	Index Only Scan using k_5 on sbtest5  (cost=0.43..6.27 rows=92 width=4)
	  Index Cond: ((k >= 2766510) AND (k <= 2766610))

table 6 : explain SELECT k FROM sbtest6 WHERE k BETWEEN 2766510 AND 2766610
	Index Only Scan using k_6 on sbtest6  (cost=0.43..6.50 rows=103 width=4)
	  Index Cond: ((k >= 2766510) AND (k <= 2766610))

table 7 : explain SELECT k FROM sbtest7 WHERE k BETWEEN 2766510 AND 2766610
	Index Only Scan using k_7 on sbtest7  (cost=0.43..6.59 rows=108 width=4)
	  Index Cond: ((k >= 2766510) AND (k <= 2766610))

table 8 : explain SELECT k FROM sbtest8 WHERE k BETWEEN 2766510 AND 2766610
	Index Only Scan using k_8 on sbtest8  (cost=0.43..6.59 rows=108 width=4)
	  Index Cond: ((k >= 2766510) AND (k <= 2766610))

for range-covered
table 1 : explain SELECT k FROM sbtest1 WHERE k BETWEEN 5064964 AND 5065064
	Index Only Scan using k_1 on sbtest1  (cost=0.43..10.58 rows=107 width=4)
	  Index Cond: ((k >= 5064964) AND (k <= 5065064))

table 2 : explain SELECT k FROM sbtest2 WHERE k BETWEEN 5064964 AND 5065064
	Index Only Scan using k_2 on sbtest2  (cost=0.43..6.50 rows=103 width=4)
	  Index Cond: ((k >= 5064964) AND (k <= 5065064))

table 3 : explain SELECT k FROM sbtest3 WHERE k BETWEEN 5064964 AND 5065064
	Index Only Scan using k_3 on sbtest3  (cost=0.43..6.51 rows=104 width=4)
	  Index Cond: ((k >= 5064964) AND (k <= 5065064))

table 4 : explain SELECT k FROM sbtest4 WHERE k BETWEEN 5064964 AND 5065064
	Index Only Scan using k_4 on sbtest4  (cost=0.43..6.63 rows=110 width=4)
	  Index Cond: ((k >= 5064964) AND (k <= 5065064))

table 5 : explain SELECT k FROM sbtest5 WHERE k BETWEEN 5064964 AND 5065064
	Index Only Scan using k_5 on sbtest5  (cost=0.43..6.35 rows=96 width=4)
	  Index Cond: ((k >= 5064964) AND (k <= 5065064))

table 6 : explain SELECT k FROM sbtest6 WHERE k BETWEEN 5064964 AND 5065064
	Index Only Scan using k_6 on sbtest6  (cost=0.43..6.50 rows=103 width=4)
	  Index Cond: ((k >= 5064964) AND (k <= 5065064))

table 7 : explain SELECT k FROM sbtest7 WHERE k BETWEEN 5064964 AND 5065064
	Index Only Scan using k_7 on sbtest7  (cost=0.43..6.59 rows=108 width=4)
	  Index Cond: ((k >= 5064964) AND (k <= 5065064))

table 8 : explain SELECT k FROM sbtest8 WHERE k BETWEEN 5064964 AND 5065064
	Index Only Scan using k_8 on sbtest8  (cost=0.43..6.43 rows=100 width=4)
	  Index Cond: ((k >= 5064964) AND (k <= 5065064))

for range-covered
table 1 : explain SELECT k FROM sbtest1 WHERE k BETWEEN 5465223 AND 5465323
	Index Only Scan using k_1 on sbtest1  (cost=0.43..10.44 rows=100 width=4)
	  Index Cond: ((k >= 5465223) AND (k <= 5465323))

table 2 : explain SELECT k FROM sbtest2 WHERE k BETWEEN 5465223 AND 5465323
	Index Only Scan using k_2 on sbtest2  (cost=0.43..6.27 rows=92 width=4)
	  Index Cond: ((k >= 5465223) AND (k <= 5465323))

table 3 : explain SELECT k FROM sbtest3 WHERE k BETWEEN 5465223 AND 5465323
	Index Only Scan using k_3 on sbtest3  (cost=0.43..6.42 rows=99 width=4)
	  Index Cond: ((k >= 5465223) AND (k <= 5465323))

table 4 : explain SELECT k FROM sbtest4 WHERE k BETWEEN 5465223 AND 5465323
	Index Only Scan using k_4 on sbtest4  (cost=0.43..6.47 rows=102 width=4)
	  Index Cond: ((k >= 5465223) AND (k <= 5465323))

table 5 : explain SELECT k FROM sbtest5 WHERE k BETWEEN 5465223 AND 5465323
	Index Only Scan using k_5 on sbtest5  (cost=0.43..6.50 rows=103 width=4)
	  Index Cond: ((k >= 5465223) AND (k <= 5465323))

table 6 : explain SELECT k FROM sbtest6 WHERE k BETWEEN 5465223 AND 5465323
	Index Only Scan using k_6 on sbtest6  (cost=0.43..6.40 rows=98 width=4)
	  Index Cond: ((k >= 5465223) AND (k <= 5465323))

table 7 : explain SELECT k FROM sbtest7 WHERE k BETWEEN 5465223 AND 5465323
	Index Only Scan using k_7 on sbtest7  (cost=0.43..6.37 rows=97 width=4)
	  Index Cond: ((k >= 5465223) AND (k <= 5465323))

table 8 : explain SELECT k FROM sbtest8 WHERE k BETWEEN 5465223 AND 5465323
	Index Only Scan using k_8 on sbtest8  (cost=0.43..6.45 rows=101 width=4)
	  Index Cond: ((k >= 5465223) AND (k <= 5465323))

explain: for range-covered :: explain SELECT k FROM sbtest%d WHERE k BETWEEN 5064964 AND 5065064
explain: for range-covered :: explain SELECT k FROM sbtest%d WHERE k BETWEEN 5465223 AND 5465323
explain: for range-covered :: explain SELECT k FROM sbtest%d WHERE k BETWEEN 2766510 AND 2766610
for range-covered
table 1 : explain SELECT k FROM sbtest1 WHERE k BETWEEN 6375591 AND 6375691
	Index Only Scan using k_1 on sbtest1  (cost=0.43..10.42 rows=99 width=4)
	  Index Cond: ((k >= 6375591) AND (k <= 6375691))

table 2 : explain SELECT k FROM sbtest2 WHERE k BETWEEN 6375591 AND 6375691
	Index Only Scan using k_2 on sbtest2  (cost=0.43..6.29 rows=93 width=4)
	  Index Cond: ((k >= 6375591) AND (k <= 6375691))

table 3 : explain SELECT k FROM sbtest3 WHERE k BETWEEN 6375591 AND 6375691
	Index Only Scan using k_3 on sbtest3  (cost=0.43..6.42 rows=99 width=4)
	  Index Cond: ((k >= 6375591) AND (k <= 6375691))

table 4 : explain SELECT k FROM sbtest4 WHERE k BETWEEN 6375591 AND 6375691
	Index Only Scan using k_4 on sbtest4  (cost=0.43..6.40 rows=98 width=4)
	  Index Cond: ((k >= 6375591) AND (k <= 6375691))

table 5 : explain SELECT k FROM sbtest5 WHERE k BETWEEN 6375591 AND 6375691
	Index Only Scan using k_5 on sbtest5  (cost=0.43..6.50 rows=103 width=4)
	  Index Cond: ((k >= 6375591) AND (k <= 6375691))

table 6 : explain SELECT k FROM sbtest6 WHERE k BETWEEN 6375591 AND 6375691
	Index Only Scan using k_6 on sbtest6  (cost=0.43..6.37 rows=97 width=4)
	  Index Cond: ((k >= 6375591) AND (k <= 6375691))

table 7 : explain SELECT k FROM sbtest7 WHERE k BETWEEN 6375591 AND 6375691
	Index Only Scan using k_7 on sbtest7  (cost=0.43..6.59 rows=108 width=4)
	  Index Cond: ((k >= 6375591) AND (k <= 6375691))

table 8 : explain SELECT k FROM sbtest8 WHERE k BETWEEN 6375591 AND 6375691
	Index Only Scan using k_8 on sbtest8  (cost=0.43..6.58 rows=107 width=4)
	  Index Cond: ((k >= 6375591) AND (k <= 6375691))

explain: for range-covered :: explain SELECT k FROM sbtest%d WHERE k BETWEEN 6375591 AND 6375691
for range-covered
table 1 : explain SELECT k FROM sbtest1 WHERE k BETWEEN 3903663 AND 3903763
	Index Only Scan using k_1 on sbtest1  (cost=0.43..10.60 rows=108 width=4)
	  Index Cond: ((k >= 3903663) AND (k <= 3903763))

table 2 : explain SELECT k FROM sbtest2 WHERE k BETWEEN 3903663 AND 3903763
	Index Only Scan using k_2 on sbtest2  (cost=0.43..6.40 rows=98 width=4)
	  Index Cond: ((k >= 3903663) AND (k <= 3903763))

table 3 : explain SELECT k FROM sbtest3 WHERE k BETWEEN 3903663 AND 3903763
	Index Only Scan using k_3 on sbtest3  (cost=0.43..6.58 rows=107 width=4)
	  Index Cond: ((k >= 3903663) AND (k <= 3903763))

table 4 : explain SELECT k FROM sbtest4 WHERE k BETWEEN 3903663 AND 3903763
	Index Only Scan using k_4 on sbtest4  (cost=0.43..6.35 rows=96 width=4)
	  Index Cond: ((k >= 3903663) AND (k <= 3903763))

table 5 : explain SELECT k FROM sbtest5 WHERE k BETWEEN 3903663 AND 3903763
	Index Only Scan using k_5 on sbtest5  (cost=0.43..6.42 rows=99 width=4)
	  Index Cond: ((k >= 3903663) AND (k <= 3903763))

table 6 : explain SELECT k FROM sbtest6 WHERE k BETWEEN 3903663 AND 3903763
	Index Only Scan using k_6 on sbtest6  (cost=0.43..6.59 rows=108 width=4)
	  Index Cond: ((k >= 3903663) AND (k <= 3903763))

table 7 : explain SELECT k FROM sbtest7 WHERE k BETWEEN 3903663 AND 3903763
	Index Only Scan using k_7 on sbtest7  (cost=0.43..6.27 rows=92 width=4)
	  Index Cond: ((k >= 3903663) AND (k <= 3903763))

table 8 : explain SELECT k FROM sbtest8 WHERE k BETWEEN 3903663 AND 3903763
	Index Only Scan using k_8 on sbtest8  (cost=0.43..6.50 rows=103 width=4)
	  Index Cond: ((k >= 3903663) AND (k <= 3903763))

for range-covered
table 1 : explain SELECT k FROM sbtest1 WHERE k BETWEEN 5109015 AND 5109115
	Index Only Scan using k_1 on sbtest1  (cost=0.43..10.58 rows=107 width=4)
	  Index Cond: ((k >= 5109015) AND (k <= 5109115))

table 2 : explain SELECT k FROM sbtest2 WHERE k BETWEEN 5109015 AND 5109115
	Index Only Scan using k_2 on sbtest2  (cost=0.43..6.42 rows=99 width=4)
	  Index Cond: ((k >= 5109015) AND (k <= 5109115))

table 3 : explain SELECT k FROM sbtest3 WHERE k BETWEEN 5109015 AND 5109115
	Index Only Scan using k_3 on sbtest3  (cost=0.43..6.51 rows=104 width=4)
	  Index Cond: ((k >= 5109015) AND (k <= 5109115))

table 4 : explain SELECT k FROM sbtest4 WHERE k BETWEEN 5109015 AND 5109115
	Index Only Scan using k_4 on sbtest4  (cost=0.43..6.63 rows=110 width=4)
	  Index Cond: ((k >= 5109015) AND (k <= 5109115))

table 5 : explain SELECT k FROM sbtest5 WHERE k BETWEEN 5109015 AND 5109115
	Index Only Scan using k_5 on sbtest5  (cost=0.43..6.35 rows=96 width=4)
	  Index Cond: ((k >= 5109015) AND (k <= 5109115))

table 6 : explain SELECT k FROM sbtest6 WHERE k BETWEEN 5109015 AND 5109115
	Index Only Scan using k_6 on sbtest6  (cost=0.43..6.40 rows=98 width=4)
	  Index Cond: ((k >= 5109015) AND (k <= 5109115))

table 7 : explain SELECT k FROM sbtest7 WHERE k BETWEEN 5109015 AND 5109115
	Index Only Scan using k_7 on sbtest7  (cost=0.43..6.59 rows=108 width=4)
	  Index Cond: ((k >= 5109015) AND (k <= 5109115))

table 8 : explain SELECT k FROM sbtest8 WHERE k BETWEEN 5109015 AND 5109115
	Index Only Scan using k_8 on sbtest8  (cost=0.43..6.43 rows=100 width=4)
	  Index Cond: ((k >= 5109015) AND (k <= 5109115))

for range-covered
table 1 : explain SELECT k FROM sbtest1 WHERE k BETWEEN 4970011 AND 4970111
	Index Only Scan using k_1 on sbtest1  (cost=0.43..10.38 rows=97 width=4)
	  Index Cond: ((k >= 4970011) AND (k <= 4970111))

table 2 : explain SELECT k FROM sbtest2 WHERE k BETWEEN 4970011 AND 4970111
	Index Only Scan using k_2 on sbtest2  (cost=0.43..6.47 rows=102 width=4)
	  Index Cond: ((k >= 4970011) AND (k <= 4970111))

table 3 : explain SELECT k FROM sbtest3 WHERE k BETWEEN 4970011 AND 4970111
	Index Only Scan using k_3 on sbtest3  (cost=0.43..6.47 rows=102 width=4)
	  Index Cond: ((k >= 4970011) AND (k <= 4970111))

table 4 : explain SELECT k FROM sbtest4 WHERE k BETWEEN 4970011 AND 4970111
	Index Only Scan using k_4 on sbtest4  (cost=0.43..6.47 rows=102 width=4)
	  Index Cond: ((k >= 4970011) AND (k <= 4970111))

table 5 : explain SELECT k FROM sbtest5 WHERE k BETWEEN 4970011 AND 4970111
	Index Only Scan using k_5 on sbtest5  (cost=0.43..6.32 rows=94 width=4)
	  Index Cond: ((k >= 4970011) AND (k <= 4970111))

table 6 : explain SELECT k FROM sbtest6 WHERE k BETWEEN 4970011 AND 4970111
	Index Only Scan using k_6 on sbtest6  (cost=0.43..6.50 rows=103 width=4)
	  Index Cond: ((k >= 4970011) AND (k <= 4970111))

table 7 : explain SELECT k FROM sbtest7 WHERE k BETWEEN 4970011 AND 4970111
	Index Only Scan using k_7 on sbtest7  (cost=0.43..6.59 rows=108 width=4)
	  Index Cond: ((k >= 4970011) AND (k <= 4970111))

table 8 : explain SELECT k FROM sbtest8 WHERE k BETWEEN 4970011 AND 4970111
	Index Only Scan using k_8 on sbtest8  (cost=0.43..6.33 rows=95 width=4)
	  Index Cond: ((k >= 4970011) AND (k <= 4970111))

explain: for range-covered :: explain SELECT k FROM sbtest%d WHERE k BETWEEN 5109015 AND 5109115
for range-covered
table 1 : explain SELECT k FROM sbtest1 WHERE k BETWEEN 5095286 AND 5095386
	Index Only Scan using k_1 on sbtest1  (cost=0.43..10.58 rows=107 width=4)
	  Index Cond: ((k >= 5095286) AND (k <= 5095386))

table 2 : explain SELECT k FROM sbtest2 WHERE k BETWEEN 5095286 AND 5095386
	Index Only Scan using k_2 on sbtest2  (cost=0.43..6.50 rows=103 width=4)
	  Index Cond: ((k >= 5095286) AND (k <= 5095386))

table 3 : explain SELECT k FROM sbtest3 WHERE k BETWEEN 5095286 AND 5095386
	Index Only Scan using k_3 on sbtest3  (cost=0.43..6.51 rows=104 width=4)
	  Index Cond: ((k >= 5095286) AND (k <= 5095386))

table 4 : explain SELECT k FROM sbtest4 WHERE k BETWEEN 5095286 AND 5095386
	Index Only Scan using k_4 on sbtest4  (cost=0.43..6.63 rows=110 width=4)
	  Index Cond: ((k >= 5095286) AND (k <= 5095386))

table 5 : explain SELECT k FROM sbtest5 WHERE k BETWEEN 5095286 AND 5095386
	Index Only Scan using k_5 on sbtest5  (cost=0.43..6.35 rows=96 width=4)
	  Index Cond: ((k >= 5095286) AND (k <= 5095386))

table 6 : explain SELECT k FROM sbtest6 WHERE k BETWEEN 5095286 AND 5095386
	Index Only Scan using k_6 on sbtest6  (cost=0.43..6.40 rows=98 width=4)
	  Index Cond: ((k >= 5095286) AND (k <= 5095386))

table 7 : explain SELECT k FROM sbtest7 WHERE k BETWEEN 5095286 AND 5095386
	Index Only Scan using k_7 on sbtest7  (cost=0.43..6.59 rows=108 width=4)
	  Index Cond: ((k >= 5095286) AND (k <= 5095386))

table 8 : explain SELECT k FROM sbtest8 WHERE k BETWEEN 5095286 AND 5095386
	Index Only Scan using k_8 on sbtest8  (cost=0.43..6.43 rows=100 width=4)
	  Index Cond: ((k >= 5095286) AND (k <= 5095386))

explain: for range-covered :: explain SELECT k FROM sbtest%d WHERE k BETWEEN 4970011 AND 4970111
for range-covered
table 1 : explain SELECT k FROM sbtest1 WHERE k BETWEEN 8950551 AND 8950651
	Index Only Scan using k_1 on sbtest1  (cost=0.43..10.56 rows=106 width=4)
	  Index Cond: ((k >= 8950551) AND (k <= 8950651))

table 2 : explain SELECT k FROM sbtest2 WHERE k BETWEEN 8950551 AND 8950651
	Index Only Scan using k_2 on sbtest2  (cost=0.43..6.53 rows=105 width=4)
	  Index Cond: ((k >= 8950551) AND (k <= 8950651))

table 3 : explain SELECT k FROM sbtest3 WHERE k BETWEEN 8950551 AND 8950651
	Index Only Scan using k_3 on sbtest3  (cost=0.43..6.40 rows=98 width=4)
	  Index Cond: ((k >= 8950551) AND (k <= 8950651))

table 4 : explain SELECT k FROM sbtest4 WHERE k BETWEEN 8950551 AND 8950651
	Index Only Scan using k_4 on sbtest4  (cost=0.43..6.40 rows=98 width=4)
	  Index Cond: ((k >= 8950551) AND (k <= 8950651))

table 5 : explain SELECT k FROM sbtest5 WHERE k BETWEEN 8950551 AND 8950651
	Index Only Scan using k_5 on sbtest5  (cost=0.43..6.72 rows=114 width=4)
	  Index Cond: ((k >= 8950551) AND (k <= 8950651))

table 6 : explain SELECT k FROM sbtest6 WHERE k BETWEEN 8950551 AND 8950651
	Index Only Scan using k_6 on sbtest6  (cost=0.43..6.29 rows=93 width=4)
	  Index Cond: ((k >= 8950551) AND (k <= 8950651))

table 7 : explain SELECT k FROM sbtest7 WHERE k BETWEEN 8950551 AND 8950651
	Index Only Scan using k_7 on sbtest7  (cost=0.43..6.47 rows=102 width=4)
	  Index Cond: ((k >= 8950551) AND (k <= 8950651))

table 8 : explain SELECT k FROM sbtest8 WHERE k BETWEEN 8950551 AND 8950651
	Index Only Scan using k_8 on sbtest8  (cost=0.43..6.43 rows=100 width=4)
	  Index Cond: ((k >= 8950551) AND (k <= 8950651))

explain: for range-covered :: explain SELECT k FROM sbtest%d WHERE k BETWEEN 5095286 AND 5095386
explain: for range-covered :: explain SELECT k FROM sbtest%d WHERE k BETWEEN 3903663 AND 3903763
for range-covered
table 1 : explain SELECT k FROM sbtest1 WHERE k BETWEEN 5465223 AND 5465323
	Index Only Scan using k_1 on sbtest1  (cost=0.43..10.44 rows=100 width=4)
	  Index Cond: ((k >= 5465223) AND (k <= 5465323))

table 2 : explain SELECT k FROM sbtest2 WHERE k BETWEEN 5465223 AND 5465323
	Index Only Scan using k_2 on sbtest2  (cost=0.43..6.27 rows=92 width=4)
	  Index Cond: ((k >= 5465223) AND (k <= 5465323))

table 3 : explain SELECT k FROM sbtest3 WHERE k BETWEEN 5465223 AND 5465323
	Index Only Scan using k_3 on sbtest3  (cost=0.43..6.42 rows=99 width=4)
	  Index Cond: ((k >= 5465223) AND (k <= 5465323))

table 4 : explain SELECT k FROM sbtest4 WHERE k BETWEEN 5465223 AND 5465323
	Index Only Scan using k_4 on sbtest4  (cost=0.43..6.47 rows=102 width=4)
	  Index Cond: ((k >= 5465223) AND (k <= 5465323))

table 5 : explain SELECT k FROM sbtest5 WHERE k BETWEEN 5465223 AND 5465323
	Index Only Scan using k_5 on sbtest5  (cost=0.43..6.50 rows=103 width=4)
	  Index Cond: ((k >= 5465223) AND (k <= 5465323))

table 6 : explain SELECT k FROM sbtest6 WHERE k BETWEEN 5465223 AND 5465323
	Index Only Scan using k_6 on sbtest6  (cost=0.43..6.40 rows=98 width=4)
	  Index Cond: ((k >= 5465223) AND (k <= 5465323))

table 7 : explain SELECT k FROM sbtest7 WHERE k BETWEEN 5465223 AND 5465323
	Index Only Scan using k_7 on sbtest7  (cost=0.43..6.37 rows=97 width=4)
	  Index Cond: ((k >= 5465223) AND (k <= 5465323))

table 8 : explain SELECT k FROM sbtest8 WHERE k BETWEEN 5465223 AND 5465323
	Index Only Scan using k_8 on sbtest8  (cost=0.43..6.45 rows=101 width=4)
	  Index Cond: ((k >= 5465223) AND (k <= 5465323))

explain: for range-covered :: explain SELECT k FROM sbtest%d WHERE k BETWEEN 8950551 AND 8950651
for range-covered
table 1 : explain SELECT k FROM sbtest1 WHERE k BETWEEN 5064964 AND 5065064
	Index Only Scan using k_1 on sbtest1  (cost=0.43..10.58 rows=107 width=4)
	  Index Cond: ((k >= 5064964) AND (k <= 5065064))

table 2 : explain SELECT k FROM sbtest2 WHERE k BETWEEN 5064964 AND 5065064
	Index Only Scan using k_2 on sbtest2  (cost=0.43..6.50 rows=103 width=4)
	  Index Cond: ((k >= 5064964) AND (k <= 5065064))

table 3 : explain SELECT k FROM sbtest3 WHERE k BETWEEN 5064964 AND 5065064
	Index Only Scan using k_3 on sbtest3  (cost=0.43..6.51 rows=104 width=4)
	  Index Cond: ((k >= 5064964) AND (k <= 5065064))

table 4 : explain SELECT k FROM sbtest4 WHERE k BETWEEN 5064964 AND 5065064
	Index Only Scan using k_4 on sbtest4  (cost=0.43..6.63 rows=110 width=4)
	  Index Cond: ((k >= 5064964) AND (k <= 5065064))

table 5 : explain SELECT k FROM sbtest5 WHERE k BETWEEN 5064964 AND 5065064
	Index Only Scan using k_5 on sbtest5  (cost=0.43..6.35 rows=96 width=4)
	  Index Cond: ((k >= 5064964) AND (k <= 5065064))

table 6 : explain SELECT k FROM sbtest6 WHERE k BETWEEN 5064964 AND 5065064
	Index Only Scan using k_6 on sbtest6  (cost=0.43..6.50 rows=103 width=4)
	  Index Cond: ((k >= 5064964) AND (k <= 5065064))

table 7 : explain SELECT k FROM sbtest7 WHERE k BETWEEN 5064964 AND 5065064
	Index Only Scan using k_7 on sbtest7  (cost=0.43..6.59 rows=108 width=4)
	  Index Cond: ((k >= 5064964) AND (k <= 5065064))

table 8 : explain SELECT k FROM sbtest8 WHERE k BETWEEN 5064964 AND 5065064
	Index Only Scan using k_8 on sbtest8  (cost=0.43..6.43 rows=100 width=4)
	  Index Cond: ((k >= 5064964) AND (k <= 5065064))

explain: for range-covered :: explain SELECT k FROM sbtest%d WHERE k BETWEEN 5064964 AND 5065064
for range-covered
table 1 : explain SELECT k FROM sbtest1 WHERE k BETWEEN 6375591 AND 6375691
	Index Only Scan using k_1 on sbtest1  (cost=0.43..10.42 rows=99 width=4)
	  Index Cond: ((k >= 6375591) AND (k <= 6375691))

table 2 : explain SELECT k FROM sbtest2 WHERE k BETWEEN 6375591 AND 6375691
	Index Only Scan using k_2 on sbtest2  (cost=0.43..6.29 rows=93 width=4)
	  Index Cond: ((k >= 6375591) AND (k <= 6375691))

table 3 : explain SELECT k FROM sbtest3 WHERE k BETWEEN 6375591 AND 6375691
	Index Only Scan using k_3 on sbtest3  (cost=0.43..6.42 rows=99 width=4)
	  Index Cond: ((k >= 6375591) AND (k <= 6375691))

table 4 : explain SELECT k FROM sbtest4 WHERE k BETWEEN 6375591 AND 6375691
	Index Only Scan using k_4 on sbtest4  (cost=0.43..6.40 rows=98 width=4)
	  Index Cond: ((k >= 6375591) AND (k <= 6375691))

table 5 : explain SELECT k FROM sbtest5 WHERE k BETWEEN 6375591 AND 6375691
	Index Only Scan using k_5 on sbtest5  (cost=0.43..6.50 rows=103 width=4)
	  Index Cond: ((k >= 6375591) AND (k <= 6375691))

table 6 : explain SELECT k FROM sbtest6 WHERE k BETWEEN 6375591 AND 6375691
	Index Only Scan using k_6 on sbtest6  (cost=0.43..6.37 rows=97 width=4)
	  Index Cond: ((k >= 6375591) AND (k <= 6375691))

table 7 : explain SELECT k FROM sbtest7 WHERE k BETWEEN 6375591 AND 6375691
	Index Only Scan using k_7 on sbtest7  (cost=0.43..6.59 rows=108 width=4)
	  Index Cond: ((k >= 6375591) AND (k <= 6375691))

table 8 : explain SELECT k FROM sbtest8 WHERE k BETWEEN 6375591 AND 6375691
	Index Only Scan using k_8 on sbtest8  (cost=0.43..6.58 rows=107 width=4)
	  Index Cond: ((k >= 6375591) AND (k <= 6375691))

for range-covered
table 1 : explain SELECT k FROM sbtest1 WHERE k BETWEEN 4891728 AND 4891828
	Index Only Scan using k_1 on sbtest1  (cost=0.43..10.60 rows=108 width=4)
	  Index Cond: ((k >= 4891728) AND (k <= 4891828))

table 2 : explain SELECT k FROM sbtest2 WHERE k BETWEEN 4891728 AND 4891828
	Index Only Scan using k_2 on sbtest2  (cost=0.43..6.40 rows=98 width=4)
	  Index Cond: ((k >= 4891728) AND (k <= 4891828))

table 3 : explain SELECT k FROM sbtest3 WHERE k BETWEEN 4891728 AND 4891828
	Index Only Scan using k_3 on sbtest3  (cost=0.43..6.40 rows=98 width=4)
	  Index Cond: ((k >= 4891728) AND (k <= 4891828))

table 4 : explain SELECT k FROM sbtest4 WHERE k BETWEEN 4891728 AND 4891828
	Index Only Scan using k_4 on sbtest4  (cost=0.43..6.42 rows=99 width=4)
	  Index Cond: ((k >= 4891728) AND (k <= 4891828))

table 5 : explain SELECT k FROM sbtest5 WHERE k BETWEEN 4891728 AND 4891828
	Index Only Scan using k_5 on sbtest5  (cost=0.43..6.58 rows=107 width=4)
	  Index Cond: ((k >= 4891728) AND (k <= 4891828))

table 6 : explain SELECT k FROM sbtest6 WHERE k BETWEEN 4891728 AND 4891828
	Index Only Scan using k_6 on sbtest6  (cost=0.43..6.45 rows=101 width=4)
	  Index Cond: ((k >= 4891728) AND (k <= 4891828))

table 7 : explain SELECT k FROM sbtest7 WHERE k BETWEEN 4891728 AND 4891828
	Index Only Scan using k_7 on sbtest7  (cost=0.43..6.43 rows=100 width=4)
	  Index Cond: ((k >= 4891728) AND (k <= 4891828))

table 8 : explain SELECT k FROM sbtest8 WHERE k BETWEEN 4891728 AND 4891828
	Index Only Scan using k_8 on sbtest8  (cost=0.43..6.42 rows=99 width=4)
	  Index Cond: ((k >= 4891728) AND (k <= 4891828))

for range-covered
table 1 : explain SELECT k FROM sbtest1 WHERE k BETWEEN 5952371 AND 5952471
	Index Only Scan using k_1 on sbtest1  (cost=0.43..10.47 rows=102 width=4)
	  Index Cond: ((k >= 5952371) AND (k <= 5952471))

table 2 : explain SELECT k FROM sbtest2 WHERE k BETWEEN 5952371 AND 5952471
	Index Only Scan using k_2 on sbtest2  (cost=0.43..6.56 rows=106 width=4)
	  Index Cond: ((k >= 5952371) AND (k <= 5952471))

table 3 : explain SELECT k FROM sbtest3 WHERE k BETWEEN 5952371 AND 5952471
	Index Only Scan using k_3 on sbtest3  (cost=0.43..6.40 rows=98 width=4)
	  Index Cond: ((k >= 5952371) AND (k <= 5952471))

table 4 : explain SELECT k FROM sbtest4 WHERE k BETWEEN 5952371 AND 5952471
	Index Only Scan using k_4 on sbtest4  (cost=0.43..6.47 rows=102 width=4)
	  Index Cond: ((k >= 5952371) AND (k <= 5952471))

table 5 : explain SELECT k FROM sbtest5 WHERE k BETWEEN 5952371 AND 5952471
	Index Only Scan using k_5 on sbtest5  (cost=0.43..6.53 rows=105 width=4)
	  Index Cond: ((k >= 5952371) AND (k <= 5952471))

table 6 : explain SELECT k FROM sbtest6 WHERE k BETWEEN 5952371 AND 5952471
	Index Only Scan using k_6 on sbtest6  (cost=0.43..6.40 rows=98 width=4)
	  Index Cond: ((k >= 5952371) AND (k <= 5952471))

table 7 : explain SELECT k FROM sbtest7 WHERE k BETWEEN 5952371 AND 5952471
	Index Only Scan using k_7 on sbtest7  (cost=0.43..6.85 rows=121 width=4)
	  Index Cond: ((k >= 5952371) AND (k <= 5952471))

table 8 : explain SELECT k FROM sbtest8 WHERE k BETWEEN 5952371 AND 5952471
	Index Only Scan using k_8 on sbtest8  (cost=0.43..6.56 rows=106 width=4)
	  Index Cond: ((k >= 5952371) AND (k <= 5952471))

explain: for range-covered :: explain SELECT k FROM sbtest%d WHERE k BETWEEN 6375591 AND 6375691
explain: for range-covered :: explain SELECT k FROM sbtest%d WHERE k BETWEEN 4891728 AND 4891828
explain: for range-covered :: explain SELECT k FROM sbtest%d WHERE k BETWEEN 5952371 AND 5952471
for range-covered
table 1 : explain SELECT k FROM sbtest1 WHERE k BETWEEN 3075887 AND 3075987
	Index Only Scan using k_1 on sbtest1  (cost=0.43..10.46 rows=101 width=4)
	  Index Cond: ((k >= 3075887) AND (k <= 3075987))

table 2 : explain SELECT k FROM sbtest2 WHERE k BETWEEN 3075887 AND 3075987
	Index Only Scan using k_2 on sbtest2  (cost=0.43..6.51 rows=104 width=4)
	  Index Cond: ((k >= 3075887) AND (k <= 3075987))

table 3 : explain SELECT k FROM sbtest3 WHERE k BETWEEN 3075887 AND 3075987
	Index Only Scan using k_3 on sbtest3  (cost=0.43..6.27 rows=92 width=4)
	  Index Cond: ((k >= 3075887) AND (k <= 3075987))

table 4 : explain SELECT k FROM sbtest4 WHERE k BETWEEN 3075887 AND 3075987
	Index Only Scan using k_4 on sbtest4  (cost=0.43..6.37 rows=97 width=4)
	  Index Cond: ((k >= 3075887) AND (k <= 3075987))

table 5 : explain SELECT k FROM sbtest5 WHERE k BETWEEN 3075887 AND 3075987
	Index Only Scan using k_5 on sbtest5  (cost=0.43..6.42 rows=99 width=4)
	  Index Cond: ((k >= 3075887) AND (k <= 3075987))

table 6 : explain SELECT k FROM sbtest6 WHERE k BETWEEN 3075887 AND 3075987
	Index Only Scan using k_6 on sbtest6  (cost=0.43..6.51 rows=104 width=4)
	  Index Cond: ((k >= 3075887) AND (k <= 3075987))

table 7 : explain SELECT k FROM sbtest7 WHERE k BETWEEN 3075887 AND 3075987
	Index Only Scan using k_7 on sbtest7  (cost=0.43..6.40 rows=98 width=4)
	  Index Cond: ((k >= 3075887) AND (k <= 3075987))

table 8 : explain SELECT k FROM sbtest8 WHERE k BETWEEN 3075887 AND 3075987
	Index Only Scan using k_8 on sbtest8  (cost=0.43..6.53 rows=105 width=4)
	  Index Cond: ((k >= 3075887) AND (k <= 3075987))

explain: for range-covered :: explain SELECT k FROM sbtest%d WHERE k BETWEEN 3075887 AND 3075987
explain: for range-covered :: explain SELECT k FROM sbtest%d WHERE k BETWEEN 5420892 AND 5420992
for range-covered
table 1 : explain SELECT k FROM sbtest1 WHERE k BETWEEN 5095286 AND 5095386
	Index Only Scan using k_1 on sbtest1  (cost=0.43..10.58 rows=107 width=4)
	  Index Cond: ((k >= 5095286) AND (k <= 5095386))

table 2 : explain SELECT k FROM sbtest2 WHERE k BETWEEN 5095286 AND 5095386
	Index Only Scan using k_2 on sbtest2  (cost=0.43..6.50 rows=103 width=4)
	  Index Cond: ((k >= 5095286) AND (k <= 5095386))

table 3 : explain SELECT k FROM sbtest3 WHERE k BETWEEN 5095286 AND 5095386
	Index Only Scan using k_3 on sbtest3  (cost=0.43..6.51 rows=104 width=4)
	  Index Cond: ((k >= 5095286) AND (k <= 5095386))

table 4 : explain SELECT k FROM sbtest4 WHERE k BETWEEN 5095286 AND 5095386
	Index Only Scan using k_4 on sbtest4  (cost=0.43..6.63 rows=110 width=4)
	  Index Cond: ((k >= 5095286) AND (k <= 5095386))

table 5 : explain SELECT k FROM sbtest5 WHERE k BETWEEN 5095286 AND 5095386
	Index Only Scan using k_5 on sbtest5  (cost=0.43..6.35 rows=96 width=4)
	  Index Cond: ((k >= 5095286) AND (k <= 5095386))

table 6 : explain SELECT k FROM sbtest6 WHERE k BETWEEN 5095286 AND 5095386
	Index Only Scan using k_6 on sbtest6  (cost=0.43..6.40 rows=98 width=4)
	  Index Cond: ((k >= 5095286) AND (k <= 5095386))

table 7 : explain SELECT k FROM sbtest7 WHERE k BETWEEN 5095286 AND 5095386
	Index Only Scan using k_7 on sbtest7  (cost=0.43..6.59 rows=108 width=4)
	  Index Cond: ((k >= 5095286) AND (k <= 5095386))

table 8 : explain SELECT k FROM sbtest8 WHERE k BETWEEN 5095286 AND 5095386
	Index Only Scan using k_8 on sbtest8  (cost=0.43..6.43 rows=100 width=4)
	  Index Cond: ((k >= 5095286) AND (k <= 5095386))

for range-covered
table 1 : explain SELECT k FROM sbtest1 WHERE k BETWEEN 7573597 AND 7573697
	Index Only Scan using k_1 on sbtest1  (cost=0.43..10.33 rows=95 width=4)
	  Index Cond: ((k >= 7573597) AND (k <= 7573697))

table 2 : explain SELECT k FROM sbtest2 WHERE k BETWEEN 7573597 AND 7573697
	Index Only Scan using k_2 on sbtest2  (cost=0.43..6.67 rows=112 width=4)
	  Index Cond: ((k >= 7573597) AND (k <= 7573697))

table 3 : explain SELECT k FROM sbtest3 WHERE k BETWEEN 7573597 AND 7573697
	Index Only Scan using k_3 on sbtest3  (cost=0.43..6.45 rows=101 width=4)
	  Index Cond: ((k >= 7573597) AND (k <= 7573697))

table 4 : explain SELECT k FROM sbtest4 WHERE k BETWEEN 7573597 AND 7573697
	Index Only Scan using k_4 on sbtest4  (cost=0.43..6.45 rows=101 width=4)
	  Index Cond: ((k >= 7573597) AND (k <= 7573697))

table 5 : explain SELECT k FROM sbtest5 WHERE k BETWEEN 7573597 AND 7573697
	Index Only Scan using k_5 on sbtest5  (cost=0.43..6.47 rows=102 width=4)
	  Index Cond: ((k >= 7573597) AND (k <= 7573697))

table 6 : explain SELECT k FROM sbtest6 WHERE k BETWEEN 7573597 AND 7573697
	Index Only Scan using k_6 on sbtest6  (cost=0.43..6.40 rows=98 width=4)
	  Index Cond: ((k >= 7573597) AND (k <= 7573697))

table 7 : explain SELECT k FROM sbtest7 WHERE k BETWEEN 7573597 AND 7573697
	Index Only Scan using k_7 on sbtest7  (cost=0.43..6.58 rows=107 width=4)
	  Index Cond: ((k >= 7573597) AND (k <= 7573697))

table 8 : explain SELECT k FROM sbtest8 WHERE k BETWEEN 7573597 AND 7573697
	Index Only Scan using k_8 on sbtest8  (cost=0.43..6.45 rows=101 width=4)
	  Index Cond: ((k >= 7573597) AND (k <= 7573697))

explain: for range-covered :: explain SELECT k FROM sbtest%d WHERE k BETWEEN 5095286 AND 5095386
for range-covered
table 1 : explain SELECT k FROM sbtest1 WHERE k BETWEEN 2766510 AND 2766610
	Index Only Scan using k_1 on sbtest1  (cost=0.43..10.50 rows=103 width=4)
	  Index Cond: ((k >= 2766510) AND (k <= 2766610))

table 2 : explain SELECT k FROM sbtest2 WHERE k BETWEEN 2766510 AND 2766610
	Index Only Scan using k_2 on sbtest2  (cost=0.43..6.59 rows=108 width=4)
	  Index Cond: ((k >= 2766510) AND (k <= 2766610))

table 3 : explain SELECT k FROM sbtest3 WHERE k BETWEEN 2766510 AND 2766610
	Index Only Scan using k_3 on sbtest3  (cost=0.43..6.40 rows=98 width=4)
	  Index Cond: ((k >= 2766510) AND (k <= 2766610))

table 4 : explain SELECT k FROM sbtest4 WHERE k BETWEEN 2766510 AND 2766610
	Index Only Scan using k_4 on sbtest4  (cost=0.43..6.35 rows=96 width=4)
	  Index Cond: ((k >= 2766510) AND (k <= 2766610))

table 5 : explain SELECT k FROM sbtest5 WHERE k BETWEEN 2766510 AND 2766610
	Index Only Scan using k_5 on sbtest5  (cost=0.43..6.27 rows=92 width=4)
	  Index Cond: ((k >= 2766510) AND (k <= 2766610))

table 6 : explain SELECT k FROM sbtest6 WHERE k BETWEEN 2766510 AND 2766610
	Index Only Scan using k_6 on sbtest6  (cost=0.43..6.50 rows=103 width=4)
	  Index Cond: ((k >= 2766510) AND (k <= 2766610))

table 7 : explain SELECT k FROM sbtest7 WHERE k BETWEEN 2766510 AND 2766610
	Index Only Scan using k_7 on sbtest7  (cost=0.43..6.59 rows=108 width=4)
	  Index Cond: ((k >= 2766510) AND (k <= 2766610))

table 8 : explain SELECT k FROM sbtest8 WHERE k BETWEEN 2766510 AND 2766610
	Index Only Scan using k_8 on sbtest8  (cost=0.43..6.59 rows=108 width=4)
	  Index Cond: ((k >= 2766510) AND (k <= 2766610))

for range-covered
table 1 : explain SELECT k FROM sbtest1 WHERE k BETWEEN 4970011 AND 4970111
	Index Only Scan using k_1 on sbtest1  (cost=0.43..10.38 rows=97 width=4)
	  Index Cond: ((k >= 4970011) AND (k <= 4970111))

table 2 : explain SELECT k FROM sbtest2 WHERE k BETWEEN 4970011 AND 4970111
	Index Only Scan using k_2 on sbtest2  (cost=0.43..6.47 rows=102 width=4)
	  Index Cond: ((k >= 4970011) AND (k <= 4970111))

table 3 : explain SELECT k FROM sbtest3 WHERE k BETWEEN 4970011 AND 4970111
	Index Only Scan using k_3 on sbtest3  (cost=0.43..6.47 rows=102 width=4)
	  Index Cond: ((k >= 4970011) AND (k <= 4970111))

table 4 : explain SELECT k FROM sbtest4 WHERE k BETWEEN 4970011 AND 4970111
	Index Only Scan using k_4 on sbtest4  (cost=0.43..6.47 rows=102 width=4)
	  Index Cond: ((k >= 4970011) AND (k <= 4970111))

table 5 : explain SELECT k FROM sbtest5 WHERE k BETWEEN 4970011 AND 4970111
	Index Only Scan using k_5 on sbtest5  (cost=0.43..6.32 rows=94 width=4)
	  Index Cond: ((k >= 4970011) AND (k <= 4970111))

table 6 : explain SELECT k FROM sbtest6 WHERE k BETWEEN 4970011 AND 4970111
	Index Only Scan using k_6 on sbtest6  (cost=0.43..6.50 rows=103 width=4)
	  Index Cond: ((k >= 4970011) AND (k <= 4970111))

table 7 : explain SELECT k FROM sbtest7 WHERE k BETWEEN 4970011 AND 4970111
	Index Only Scan using k_7 on sbtest7  (cost=0.43..6.59 rows=108 width=4)
	  Index Cond: ((k >= 4970011) AND (k <= 4970111))

table 8 : explain SELECT k FROM sbtest8 WHERE k BETWEEN 4970011 AND 4970111
	Index Only Scan using k_8 on sbtest8  (cost=0.43..6.33 rows=95 width=4)
	  Index Cond: ((k >= 4970011) AND (k <= 4970111))

for range-covered
table 1 : explain SELECT k FROM sbtest1 WHERE k BETWEEN 8950551 AND 8950651
	Index Only Scan using k_1 on sbtest1  (cost=0.43..10.56 rows=106 width=4)
	  Index Cond: ((k >= 8950551) AND (k <= 8950651))

table 2 : explain SELECT k FROM sbtest2 WHERE k BETWEEN 8950551 AND 8950651
	Index Only Scan using k_2 on sbtest2  (cost=0.43..6.53 rows=105 width=4)
	  Index Cond: ((k >= 8950551) AND (k <= 8950651))

table 3 : explain SELECT k FROM sbtest3 WHERE k BETWEEN 8950551 AND 8950651
	Index Only Scan using k_3 on sbtest3  (cost=0.43..6.40 rows=98 width=4)
	  Index Cond: ((k >= 8950551) AND (k <= 8950651))

table 4 : explain SELECT k FROM sbtest4 WHERE k BETWEEN 8950551 AND 8950651
	Index Only Scan using k_4 on sbtest4  (cost=0.43..6.40 rows=98 width=4)
	  Index Cond: ((k >= 8950551) AND (k <= 8950651))

table 5 : explain SELECT k FROM sbtest5 WHERE k BETWEEN 8950551 AND 8950651
	Index Only Scan using k_5 on sbtest5  (cost=0.43..6.72 rows=114 width=4)
	  Index Cond: ((k >= 8950551) AND (k <= 8950651))

table 6 : explain SELECT k FROM sbtest6 WHERE k BETWEEN 8950551 AND 8950651
	Index Only Scan using k_6 on sbtest6  (cost=0.43..6.29 rows=93 width=4)
	  Index Cond: ((k >= 8950551) AND (k <= 8950651))

table 7 : explain SELECT k FROM sbtest7 WHERE k BETWEEN 8950551 AND 8950651
	Index Only Scan using k_7 on sbtest7  (cost=0.43..6.47 rows=102 width=4)
	  Index Cond: ((k >= 8950551) AND (k <= 8950651))

table 8 : explain SELECT k FROM sbtest8 WHERE k BETWEEN 8950551 AND 8950651
	Index Only Scan using k_8 on sbtest8  (cost=0.43..6.43 rows=100 width=4)
	  Index Cond: ((k >= 8950551) AND (k <= 8950651))

explain: for range-covered :: explain SELECT k FROM sbtest%d WHERE k BETWEEN 4970011 AND 4970111
explain: for range-covered :: explain SELECT k FROM sbtest%d WHERE k BETWEEN 2766510 AND 2766610
explain: for range-covered :: explain SELECT k FROM sbtest%d WHERE k BETWEEN 8950551 AND 8950651
for range-covered
table 1 : explain SELECT k FROM sbtest1 WHERE k BETWEEN 5064964 AND 5065064
	Index Only Scan using k_1 on sbtest1  (cost=0.43..10.58 rows=107 width=4)
	  Index Cond: ((k >= 5064964) AND (k <= 5065064))

table 2 : explain SELECT k FROM sbtest2 WHERE k BETWEEN 5064964 AND 5065064
	Index Only Scan using k_2 on sbtest2  (cost=0.43..6.50 rows=103 width=4)
	  Index Cond: ((k >= 5064964) AND (k <= 5065064))

table 3 : explain SELECT k FROM sbtest3 WHERE k BETWEEN 5064964 AND 5065064
	Index Only Scan using k_3 on sbtest3  (cost=0.43..6.51 rows=104 width=4)
	  Index Cond: ((k >= 5064964) AND (k <= 5065064))

table 4 : explain SELECT k FROM sbtest4 WHERE k BETWEEN 5064964 AND 5065064
	Index Only Scan using k_4 on sbtest4  (cost=0.43..6.63 rows=110 width=4)
	  Index Cond: ((k >= 5064964) AND (k <= 5065064))

table 5 : explain SELECT k FROM sbtest5 WHERE k BETWEEN 5064964 AND 5065064
	Index Only Scan using k_5 on sbtest5  (cost=0.43..6.35 rows=96 width=4)
	  Index Cond: ((k >= 5064964) AND (k <= 5065064))

table 6 : explain SELECT k FROM sbtest6 WHERE k BETWEEN 5064964 AND 5065064
	Index Only Scan using k_6 on sbtest6  (cost=0.43..6.50 rows=103 width=4)
	  Index Cond: ((k >= 5064964) AND (k <= 5065064))

table 7 : explain SELECT k FROM sbtest7 WHERE k BETWEEN 5064964 AND 5065064
	Index Only Scan using k_7 on sbtest7  (cost=0.43..6.59 rows=108 width=4)
	  Index Cond: ((k >= 5064964) AND (k <= 5065064))

table 8 : explain SELECT k FROM sbtest8 WHERE k BETWEEN 5064964 AND 5065064
	Index Only Scan using k_8 on sbtest8  (cost=0.43..6.43 rows=100 width=4)
	  Index Cond: ((k >= 5064964) AND (k <= 5065064))

explain: for range-covered :: explain SELECT k FROM sbtest%d WHERE k BETWEEN 5064964 AND 5065064
for range-covered
table 1 : explain SELECT k FROM sbtest1 WHERE k BETWEEN 6375591 AND 6375691
	Index Only Scan using k_1 on sbtest1  (cost=0.43..10.42 rows=99 width=4)
	  Index Cond: ((k >= 6375591) AND (k <= 6375691))

table 2 : explain SELECT k FROM sbtest2 WHERE k BETWEEN 6375591 AND 6375691
	Index Only Scan using k_2 on sbtest2  (cost=0.43..6.29 rows=93 width=4)
	  Index Cond: ((k >= 6375591) AND (k <= 6375691))

table 3 : explain SELECT k FROM sbtest3 WHERE k BETWEEN 6375591 AND 6375691
	Index Only Scan using k_3 on sbtest3  (cost=0.43..6.42 rows=99 width=4)
	  Index Cond: ((k >= 6375591) AND (k <= 6375691))

table 4 : explain SELECT k FROM sbtest4 WHERE k BETWEEN 6375591 AND 6375691
	Index Only Scan using k_4 on sbtest4  (cost=0.43..6.40 rows=98 width=4)
	  Index Cond: ((k >= 6375591) AND (k <= 6375691))

table 5 : explain SELECT k FROM sbtest5 WHERE k BETWEEN 6375591 AND 6375691
	Index Only Scan using k_5 on sbtest5  (cost=0.43..6.50 rows=103 width=4)
	  Index Cond: ((k >= 6375591) AND (k <= 6375691))

table 6 : explain SELECT k FROM sbtest6 WHERE k BETWEEN 6375591 AND 6375691
	Index Only Scan using k_6 on sbtest6  (cost=0.43..6.37 rows=97 width=4)
	  Index Cond: ((k >= 6375591) AND (k <= 6375691))

table 7 : explain SELECT k FROM sbtest7 WHERE k BETWEEN 6375591 AND 6375691
	Index Only Scan using k_7 on sbtest7  (cost=0.43..6.59 rows=108 width=4)
	  Index Cond: ((k >= 6375591) AND (k <= 6375691))

table 8 : explain SELECT k FROM sbtest8 WHERE k BETWEEN 6375591 AND 6375691
	Index Only Scan using k_8 on sbtest8  (cost=0.43..6.58 rows=107 width=4)
	  Index Cond: ((k >= 6375591) AND (k <= 6375691))

explain: for range-covered :: explain SELECT k FROM sbtest%d WHERE k BETWEEN 7573597 AND 7573697
for range-covered
table 1 : explain SELECT k FROM sbtest1 WHERE k BETWEEN 5109015 AND 5109115
	Index Only Scan using k_1 on sbtest1  (cost=0.43..10.58 rows=107 width=4)
	  Index Cond: ((k >= 5109015) AND (k <= 5109115))

table 2 : explain SELECT k FROM sbtest2 WHERE k BETWEEN 5109015 AND 5109115
	Index Only Scan using k_2 on sbtest2  (cost=0.43..6.42 rows=99 width=4)
	  Index Cond: ((k >= 5109015) AND (k <= 5109115))

table 3 : explain SELECT k FROM sbtest3 WHERE k BETWEEN 5109015 AND 5109115
	Index Only Scan using k_3 on sbtest3  (cost=0.43..6.51 rows=104 width=4)
	  Index Cond: ((k >= 5109015) AND (k <= 5109115))

table 4 : explain SELECT k FROM sbtest4 WHERE k BETWEEN 5109015 AND 5109115
	Index Only Scan using k_4 on sbtest4  (cost=0.43..6.63 rows=110 width=4)
	  Index Cond: ((k >= 5109015) AND (k <= 5109115))

table 5 : explain SELECT k FROM sbtest5 WHERE k BETWEEN 5109015 AND 5109115
	Index Only Scan using k_5 on sbtest5  (cost=0.43..6.35 rows=96 width=4)
	  Index Cond: ((k >= 5109015) AND (k <= 5109115))

table 6 : explain SELECT k FROM sbtest6 WHERE k BETWEEN 5109015 AND 5109115
	Index Only Scan using k_6 on sbtest6  (cost=0.43..6.40 rows=98 width=4)
	  Index Cond: ((k >= 5109015) AND (k <= 5109115))

table 7 : explain SELECT k FROM sbtest7 WHERE k BETWEEN 5109015 AND 5109115
	Index Only Scan using k_7 on sbtest7  (cost=0.43..6.59 rows=108 width=4)
	  Index Cond: ((k >= 5109015) AND (k <= 5109115))

table 8 : explain SELECT k FROM sbtest8 WHERE k BETWEEN 5109015 AND 5109115
	Index Only Scan using k_8 on sbtest8  (cost=0.43..6.43 rows=100 width=4)
	  Index Cond: ((k >= 5109015) AND (k <= 5109115))

explain: for range-covered :: explain SELECT k FROM sbtest%d WHERE k BETWEEN 6375591 AND 6375691
explain: for range-covered :: explain SELECT k FROM sbtest%d WHERE k BETWEEN 5109015 AND 5109115
for range-covered
table 1 : explain SELECT k FROM sbtest1 WHERE k BETWEEN 5952371 AND 5952471
	Index Only Scan using k_1 on sbtest1  (cost=0.43..10.47 rows=102 width=4)
	  Index Cond: ((k >= 5952371) AND (k <= 5952471))

table 2 : explain SELECT k FROM sbtest2 WHERE k BETWEEN 5952371 AND 5952471
	Index Only Scan using k_2 on sbtest2  (cost=0.43..6.56 rows=106 width=4)
	  Index Cond: ((k >= 5952371) AND (k <= 5952471))

table 3 : explain SELECT k FROM sbtest3 WHERE k BETWEEN 5952371 AND 5952471
	Index Only Scan using k_3 on sbtest3  (cost=0.43..6.40 rows=98 width=4)
	  Index Cond: ((k >= 5952371) AND (k <= 5952471))

table 4 : explain SELECT k FROM sbtest4 WHERE k BETWEEN 5952371 AND 5952471
	Index Only Scan using k_4 on sbtest4  (cost=0.43..6.47 rows=102 width=4)
	  Index Cond: ((k >= 5952371) AND (k <= 5952471))

table 5 : explain SELECT k FROM sbtest5 WHERE k BETWEEN 5952371 AND 5952471
	Index Only Scan using k_5 on sbtest5  (cost=0.43..6.53 rows=105 width=4)
	  Index Cond: ((k >= 5952371) AND (k <= 5952471))

table 6 : explain SELECT k FROM sbtest6 WHERE k BETWEEN 5952371 AND 5952471
	Index Only Scan using k_6 on sbtest6  (cost=0.43..6.40 rows=98 width=4)
	  Index Cond: ((k >= 5952371) AND (k <= 5952471))

table 7 : explain SELECT k FROM sbtest7 WHERE k BETWEEN 5952371 AND 5952471
	Index Only Scan using k_7 on sbtest7  (cost=0.43..6.85 rows=121 width=4)
	  Index Cond: ((k >= 5952371) AND (k <= 5952471))

table 8 : explain SELECT k FROM sbtest8 WHERE k BETWEEN 5952371 AND 5952471
	Index Only Scan using k_8 on sbtest8  (cost=0.43..6.56 rows=106 width=4)
	  Index Cond: ((k >= 5952371) AND (k <= 5952471))

explain: for range-covered :: explain SELECT k FROM sbtest%d WHERE k BETWEEN 5952371 AND 5952471
for range-covered
table 1 : explain SELECT k FROM sbtest1 WHERE k BETWEEN 5095286 AND 5095386
	Index Only Scan using k_1 on sbtest1  (cost=0.43..10.58 rows=107 width=4)
	  Index Cond: ((k >= 5095286) AND (k <= 5095386))

table 2 : explain SELECT k FROM sbtest2 WHERE k BETWEEN 5095286 AND 5095386
	Index Only Scan using k_2 on sbtest2  (cost=0.43..6.50 rows=103 width=4)
	  Index Cond: ((k >= 5095286) AND (k <= 5095386))

table 3 : explain SELECT k FROM sbtest3 WHERE k BETWEEN 5095286 AND 5095386
	Index Only Scan using k_3 on sbtest3  (cost=0.43..6.51 rows=104 width=4)
	  Index Cond: ((k >= 5095286) AND (k <= 5095386))

table 4 : explain SELECT k FROM sbtest4 WHERE k BETWEEN 5095286 AND 5095386
	Index Only Scan using k_4 on sbtest4  (cost=0.43..6.63 rows=110 width=4)
	  Index Cond: ((k >= 5095286) AND (k <= 5095386))

table 5 : explain SELECT k FROM sbtest5 WHERE k BETWEEN 5095286 AND 5095386
	Index Only Scan using k_5 on sbtest5  (cost=0.43..6.35 rows=96 width=4)
	  Index Cond: ((k >= 5095286) AND (k <= 5095386))

table 6 : explain SELECT k FROM sbtest6 WHERE k BETWEEN 5095286 AND 5095386
	Index Only Scan using k_6 on sbtest6  (cost=0.43..6.40 rows=98 width=4)
	  Index Cond: ((k >= 5095286) AND (k <= 5095386))

table 7 : explain SELECT k FROM sbtest7 WHERE k BETWEEN 5095286 AND 5095386
	Index Only Scan using k_7 on sbtest7  (cost=0.43..6.59 rows=108 width=4)
	  Index Cond: ((k >= 5095286) AND (k <= 5095386))

table 8 : explain SELECT k FROM sbtest8 WHERE k BETWEEN 5095286 AND 5095386
	Index Only Scan using k_8 on sbtest8  (cost=0.43..6.43 rows=100 width=4)
	  Index Cond: ((k >= 5095286) AND (k <= 5095386))

explain: for range-covered :: explain SELECT k FROM sbtest%d WHERE k BETWEEN 5095286 AND 5095386
for range-covered
table 1 : explain SELECT k FROM sbtest1 WHERE k BETWEEN 3075887 AND 3075987
	Index Only Scan using k_1 on sbtest1  (cost=0.43..10.46 rows=101 width=4)
	  Index Cond: ((k >= 3075887) AND (k <= 3075987))

table 2 : explain SELECT k FROM sbtest2 WHERE k BETWEEN 3075887 AND 3075987
	Index Only Scan using k_2 on sbtest2  (cost=0.43..6.51 rows=104 width=4)
	  Index Cond: ((k >= 3075887) AND (k <= 3075987))

table 3 : explain SELECT k FROM sbtest3 WHERE k BETWEEN 3075887 AND 3075987
	Index Only Scan using k_3 on sbtest3  (cost=0.43..6.27 rows=92 width=4)
	  Index Cond: ((k >= 3075887) AND (k <= 3075987))

table 4 : explain SELECT k FROM sbtest4 WHERE k BETWEEN 3075887 AND 3075987
	Index Only Scan using k_4 on sbtest4  (cost=0.43..6.37 rows=97 width=4)
	  Index Cond: ((k >= 3075887) AND (k <= 3075987))

table 5 : explain SELECT k FROM sbtest5 WHERE k BETWEEN 3075887 AND 3075987
	Index Only Scan using k_5 on sbtest5  (cost=0.43..6.42 rows=99 width=4)
	  Index Cond: ((k >= 3075887) AND (k <= 3075987))

table 6 : explain SELECT k FROM sbtest6 WHERE k BETWEEN 3075887 AND 3075987
	Index Only Scan using k_6 on sbtest6  (cost=0.43..6.51 rows=104 width=4)
	  Index Cond: ((k >= 3075887) AND (k <= 3075987))

table 7 : explain SELECT k FROM sbtest7 WHERE k BETWEEN 3075887 AND 3075987
	Index Only Scan using k_7 on sbtest7  (cost=0.43..6.40 rows=98 width=4)
	  Index Cond: ((k >= 3075887) AND (k <= 3075987))

table 8 : explain SELECT k FROM sbtest8 WHERE k BETWEEN 3075887 AND 3075987
	Index Only Scan using k_8 on sbtest8  (cost=0.43..6.53 rows=105 width=4)
	  Index Cond: ((k >= 3075887) AND (k <= 3075987))

for range-covered
table 1 : explain SELECT k FROM sbtest1 WHERE k BETWEEN 3903663 AND 3903763
	Index Only Scan using k_1 on sbtest1  (cost=0.43..10.60 rows=108 width=4)
	  Index Cond: ((k >= 3903663) AND (k <= 3903763))

table 2 : explain SELECT k FROM sbtest2 WHERE k BETWEEN 3903663 AND 3903763
	Index Only Scan using k_2 on sbtest2  (cost=0.43..6.40 rows=98 width=4)
	  Index Cond: ((k >= 3903663) AND (k <= 3903763))

table 3 : explain SELECT k FROM sbtest3 WHERE k BETWEEN 3903663 AND 3903763
	Index Only Scan using k_3 on sbtest3  (cost=0.43..6.58 rows=107 width=4)
	  Index Cond: ((k >= 3903663) AND (k <= 3903763))

table 4 : explain SELECT k FROM sbtest4 WHERE k BETWEEN 3903663 AND 3903763
	Index Only Scan using k_4 on sbtest4  (cost=0.43..6.35 rows=96 width=4)
	  Index Cond: ((k >= 3903663) AND (k <= 3903763))

table 5 : explain SELECT k FROM sbtest5 WHERE k BETWEEN 3903663 AND 3903763
	Index Only Scan using k_5 on sbtest5  (cost=0.43..6.42 rows=99 width=4)
	  Index Cond: ((k >= 3903663) AND (k <= 3903763))

table 6 : explain SELECT k FROM sbtest6 WHERE k BETWEEN 3903663 AND 3903763
	Index Only Scan using k_6 on sbtest6  (cost=0.43..6.59 rows=108 width=4)
	  Index Cond: ((k >= 3903663) AND (k <= 3903763))

table 7 : explain SELECT k FROM sbtest7 WHERE k BETWEEN 3903663 AND 3903763
	Index Only Scan using k_7 on sbtest7  (cost=0.43..6.27 rows=92 width=4)
	  Index Cond: ((k >= 3903663) AND (k <= 3903763))

table 8 : explain SELECT k FROM sbtest8 WHERE k BETWEEN 3903663 AND 3903763
	Index Only Scan using k_8 on sbtest8  (cost=0.43..6.50 rows=103 width=4)
	  Index Cond: ((k >= 3903663) AND (k <= 3903763))

explain: for range-covered :: explain SELECT k FROM sbtest%d WHERE k BETWEEN 3075887 AND 3075987
for range-covered
table 1 : explain SELECT k FROM sbtest1 WHERE k BETWEEN 4970011 AND 4970111
	Index Only Scan using k_1 on sbtest1  (cost=0.43..10.38 rows=97 width=4)
	  Index Cond: ((k >= 4970011) AND (k <= 4970111))

table 2 : explain SELECT k FROM sbtest2 WHERE k BETWEEN 4970011 AND 4970111
	Index Only Scan using k_2 on sbtest2  (cost=0.43..6.47 rows=102 width=4)
	  Index Cond: ((k >= 4970011) AND (k <= 4970111))

table 3 : explain SELECT k FROM sbtest3 WHERE k BETWEEN 4970011 AND 4970111
	Index Only Scan using k_3 on sbtest3  (cost=0.43..6.47 rows=102 width=4)
	  Index Cond: ((k >= 4970011) AND (k <= 4970111))

table 4 : explain SELECT k FROM sbtest4 WHERE k BETWEEN 4970011 AND 4970111
	Index Only Scan using k_4 on sbtest4  (cost=0.43..6.47 rows=102 width=4)
	  Index Cond: ((k >= 4970011) AND (k <= 4970111))

table 5 : explain SELECT k FROM sbtest5 WHERE k BETWEEN 4970011 AND 4970111
	Index Only Scan using k_5 on sbtest5  (cost=0.43..6.32 rows=94 width=4)
	  Index Cond: ((k >= 4970011) AND (k <= 4970111))

table 6 : explain SELECT k FROM sbtest6 WHERE k BETWEEN 4970011 AND 4970111
	Index Only Scan using k_6 on sbtest6  (cost=0.43..6.50 rows=103 width=4)
	  Index Cond: ((k >= 4970011) AND (k <= 4970111))

table 7 : explain SELECT k FROM sbtest7 WHERE k BETWEEN 4970011 AND 4970111
	Index Only Scan using k_7 on sbtest7  (cost=0.43..6.59 rows=108 width=4)
	  Index Cond: ((k >= 4970011) AND (k <= 4970111))

table 8 : explain SELECT k FROM sbtest8 WHERE k BETWEEN 4970011 AND 4970111
	Index Only Scan using k_8 on sbtest8  (cost=0.43..6.33 rows=95 width=4)
	  Index Cond: ((k >= 4970011) AND (k <= 4970111))

for range-covered
table 1 : explain SELECT k FROM sbtest1 WHERE k BETWEEN 6375591 AND 6375691
	Index Only Scan using k_1 on sbtest1  (cost=0.43..10.42 rows=99 width=4)
	  Index Cond: ((k >= 6375591) AND (k <= 6375691))

table 2 : explain SELECT k FROM sbtest2 WHERE k BETWEEN 6375591 AND 6375691
	Index Only Scan using k_2 on sbtest2  (cost=0.43..6.29 rows=93 width=4)
	  Index Cond: ((k >= 6375591) AND (k <= 6375691))

table 3 : explain SELECT k FROM sbtest3 WHERE k BETWEEN 6375591 AND 6375691
	Index Only Scan using k_3 on sbtest3  (cost=0.43..6.42 rows=99 width=4)
	  Index Cond: ((k >= 6375591) AND (k <= 6375691))

table 4 : explain SELECT k FROM sbtest4 WHERE k BETWEEN 6375591 AND 6375691
	Index Only Scan using k_4 on sbtest4  (cost=0.43..6.40 rows=98 width=4)
	  Index Cond: ((k >= 6375591) AND (k <= 6375691))

table 5 : explain SELECT k FROM sbtest5 WHERE k BETWEEN 6375591 AND 6375691
	Index Only Scan using k_5 on sbtest5  (cost=0.43..6.50 rows=103 width=4)
	  Index Cond: ((k >= 6375591) AND (k <= 6375691))

table 6 : explain SELECT k FROM sbtest6 WHERE k BETWEEN 6375591 AND 6375691
	Index Only Scan using k_6 on sbtest6  (cost=0.43..6.37 rows=97 width=4)
	  Index Cond: ((k >= 6375591) AND (k <= 6375691))

table 7 : explain SELECT k FROM sbtest7 WHERE k BETWEEN 6375591 AND 6375691
	Index Only Scan using k_7 on sbtest7  (cost=0.43..6.59 rows=108 width=4)
	  Index Cond: ((k >= 6375591) AND (k <= 6375691))

table 8 : explain SELECT k FROM sbtest8 WHERE k BETWEEN 6375591 AND 6375691
	Index Only Scan using k_8 on sbtest8  (cost=0.43..6.58 rows=107 width=4)
	  Index Cond: ((k >= 6375591) AND (k <= 6375691))

for range-covered
table 1 : explain SELECT k FROM sbtest1 WHERE k BETWEEN 5064964 AND 5065064
	Index Only Scan using k_1 on sbtest1  (cost=0.43..10.58 rows=107 width=4)
	  Index Cond: ((k >= 5064964) AND (k <= 5065064))

table 2 : explain SELECT k FROM sbtest2 WHERE k BETWEEN 5064964 AND 5065064
	Index Only Scan using k_2 on sbtest2  (cost=0.43..6.50 rows=103 width=4)
	  Index Cond: ((k >= 5064964) AND (k <= 5065064))

table 3 : explain SELECT k FROM sbtest3 WHERE k BETWEEN 5064964 AND 5065064
	Index Only Scan using k_3 on sbtest3  (cost=0.43..6.51 rows=104 width=4)
	  Index Cond: ((k >= 5064964) AND (k <= 5065064))

table 4 : explain SELECT k FROM sbtest4 WHERE k BETWEEN 5064964 AND 5065064
	Index Only Scan using k_4 on sbtest4  (cost=0.43..6.63 rows=110 width=4)
	  Index Cond: ((k >= 5064964) AND (k <= 5065064))

table 5 : explain SELECT k FROM sbtest5 WHERE k BETWEEN 5064964 AND 5065064
	Index Only Scan using k_5 on sbtest5  (cost=0.43..6.35 rows=96 width=4)
	  Index Cond: ((k >= 5064964) AND (k <= 5065064))

table 6 : explain SELECT k FROM sbtest6 WHERE k BETWEEN 5064964 AND 5065064
	Index Only Scan using k_6 on sbtest6  (cost=0.43..6.50 rows=103 width=4)
	  Index Cond: ((k >= 5064964) AND (k <= 5065064))

table 7 : explain SELECT k FROM sbtest7 WHERE k BETWEEN 5064964 AND 5065064
	Index Only Scan using k_7 on sbtest7  (cost=0.43..6.59 rows=108 width=4)
	  Index Cond: ((k >= 5064964) AND (k <= 5065064))

table 8 : explain SELECT k FROM sbtest8 WHERE k BETWEEN 5064964 AND 5065064
	Index Only Scan using k_8 on sbtest8  (cost=0.43..6.43 rows=100 width=4)
	  Index Cond: ((k >= 5064964) AND (k <= 5065064))

explain: for range-covered :: explain SELECT k FROM sbtest%d WHERE k BETWEEN 4970011 AND 4970111
for range-covered
table 1 : explain SELECT k FROM sbtest1 WHERE k BETWEEN 8950551 AND 8950651
	Index Only Scan using k_1 on sbtest1  (cost=0.43..10.56 rows=106 width=4)
	  Index Cond: ((k >= 8950551) AND (k <= 8950651))

table 2 : explain SELECT k FROM sbtest2 WHERE k BETWEEN 8950551 AND 8950651
	Index Only Scan using k_2 on sbtest2  (cost=0.43..6.53 rows=105 width=4)
	  Index Cond: ((k >= 8950551) AND (k <= 8950651))

table 3 : explain SELECT k FROM sbtest3 WHERE k BETWEEN 8950551 AND 8950651
	Index Only Scan using k_3 on sbtest3  (cost=0.43..6.40 rows=98 width=4)
	  Index Cond: ((k >= 8950551) AND (k <= 8950651))

table 4 : explain SELECT k FROM sbtest4 WHERE k BETWEEN 8950551 AND 8950651
	Index Only Scan using k_4 on sbtest4  (cost=0.43..6.40 rows=98 width=4)
	  Index Cond: ((k >= 8950551) AND (k <= 8950651))

table 5 : explain SELECT k FROM sbtest5 WHERE k BETWEEN 8950551 AND 8950651
	Index Only Scan using k_5 on sbtest5  (cost=0.43..6.72 rows=114 width=4)
	  Index Cond: ((k >= 8950551) AND (k <= 8950651))

table 6 : explain SELECT k FROM sbtest6 WHERE k BETWEEN 8950551 AND 8950651
	Index Only Scan using k_6 on sbtest6  (cost=0.43..6.29 rows=93 width=4)
	  Index Cond: ((k >= 8950551) AND (k <= 8950651))

table 7 : explain SELECT k FROM sbtest7 WHERE k BETWEEN 8950551 AND 8950651
	Index Only Scan using k_7 on sbtest7  (cost=0.43..6.47 rows=102 width=4)
	  Index Cond: ((k >= 8950551) AND (k <= 8950651))

table 8 : explain SELECT k FROM sbtest8 WHERE k BETWEEN 8950551 AND 8950651
	Index Only Scan using k_8 on sbtest8  (cost=0.43..6.43 rows=100 width=4)
	  Index Cond: ((k >= 8950551) AND (k <= 8950651))

for range-covered
table 1 : explain SELECT k FROM sbtest1 WHERE k BETWEEN 4891728 AND 4891828
	Index Only Scan using k_1 on sbtest1  (cost=0.43..10.60 rows=108 width=4)
	  Index Cond: ((k >= 4891728) AND (k <= 4891828))

table 2 : explain SELECT k FROM sbtest2 WHERE k BETWEEN 4891728 AND 4891828
	Index Only Scan using k_2 on sbtest2  (cost=0.43..6.40 rows=98 width=4)
	  Index Cond: ((k >= 4891728) AND (k <= 4891828))

table 3 : explain SELECT k FROM sbtest3 WHERE k BETWEEN 4891728 AND 4891828
	Index Only Scan using k_3 on sbtest3  (cost=0.43..6.40 rows=98 width=4)
	  Index Cond: ((k >= 4891728) AND (k <= 4891828))

table 4 : explain SELECT k FROM sbtest4 WHERE k BETWEEN 4891728 AND 4891828
	Index Only Scan using k_4 on sbtest4  (cost=0.43..6.42 rows=99 width=4)
	  Index Cond: ((k >= 4891728) AND (k <= 4891828))

table 5 : explain SELECT k FROM sbtest5 WHERE k BETWEEN 4891728 AND 4891828
	Index Only Scan using k_5 on sbtest5  (cost=0.43..6.58 rows=107 width=4)
	  Index Cond: ((k >= 4891728) AND (k <= 4891828))

table 6 : explain SELECT k FROM sbtest6 WHERE k BETWEEN 4891728 AND 4891828
	Index Only Scan using k_6 on sbtest6  (cost=0.43..6.45 rows=101 width=4)
	  Index Cond: ((k >= 4891728) AND (k <= 4891828))

table 7 : explain SELECT k FROM sbtest7 WHERE k BETWEEN 4891728 AND 4891828
	Index Only Scan using k_7 on sbtest7  (cost=0.43..6.43 rows=100 width=4)
	  Index Cond: ((k >= 4891728) AND (k <= 4891828))

table 8 : explain SELECT k FROM sbtest8 WHERE k BETWEEN 4891728 AND 4891828
	Index Only Scan using k_8 on sbtest8  (cost=0.43..6.42 rows=99 width=4)
	  Index Cond: ((k >= 4891728) AND (k <= 4891828))

explain: for range-covered :: explain SELECT k FROM sbtest%d WHERE k BETWEEN 5064964 AND 5065064
explain: for range-covered :: explain SELECT k FROM sbtest%d WHERE k BETWEEN 6375591 AND 6375691
explain: for range-covered :: explain SELECT k FROM sbtest%d WHERE k BETWEEN 4891728 AND 4891828
explain: for range-covered :: explain SELECT k FROM sbtest%d WHERE k BETWEEN 8950551 AND 8950651
for range-covered
table 1 : explain SELECT k FROM sbtest1 WHERE k BETWEEN 5952371 AND 5952471
	Index Only Scan using k_1 on sbtest1  (cost=0.43..10.47 rows=102 width=4)
	  Index Cond: ((k >= 5952371) AND (k <= 5952471))

table 2 : explain SELECT k FROM sbtest2 WHERE k BETWEEN 5952371 AND 5952471
	Index Only Scan using k_2 on sbtest2  (cost=0.43..6.56 rows=106 width=4)
	  Index Cond: ((k >= 5952371) AND (k <= 5952471))

table 3 : explain SELECT k FROM sbtest3 WHERE k BETWEEN 5952371 AND 5952471
	Index Only Scan using k_3 on sbtest3  (cost=0.43..6.40 rows=98 width=4)
	  Index Cond: ((k >= 5952371) AND (k <= 5952471))

table 4 : explain SELECT k FROM sbtest4 WHERE k BETWEEN 5952371 AND 5952471
	Index Only Scan using k_4 on sbtest4  (cost=0.43..6.47 rows=102 width=4)
	  Index Cond: ((k >= 5952371) AND (k <= 5952471))

table 5 : explain SELECT k FROM sbtest5 WHERE k BETWEEN 5952371 AND 5952471
	Index Only Scan using k_5 on sbtest5  (cost=0.43..6.53 rows=105 width=4)
	  Index Cond: ((k >= 5952371) AND (k <= 5952471))

table 6 : explain SELECT k FROM sbtest6 WHERE k BETWEEN 5952371 AND 5952471
	Index Only Scan using k_6 on sbtest6  (cost=0.43..6.40 rows=98 width=4)
	  Index Cond: ((k >= 5952371) AND (k <= 5952471))

table 7 : explain SELECT k FROM sbtest7 WHERE k BETWEEN 5952371 AND 5952471
	Index Only Scan using k_7 on sbtest7  (cost=0.43..6.85 rows=121 width=4)
	  Index Cond: ((k >= 5952371) AND (k <= 5952471))

table 8 : explain SELECT k FROM sbtest8 WHERE k BETWEEN 5952371 AND 5952471
	Index Only Scan using k_8 on sbtest8  (cost=0.43..6.56 rows=106 width=4)
	  Index Cond: ((k >= 5952371) AND (k <= 5952471))

for range-covered
table 1 : explain SELECT k FROM sbtest1 WHERE k BETWEEN 5095286 AND 5095386
	Index Only Scan using k_1 on sbtest1  (cost=0.43..10.58 rows=107 width=4)
	  Index Cond: ((k >= 5095286) AND (k <= 5095386))

table 2 : explain SELECT k FROM sbtest2 WHERE k BETWEEN 5095286 AND 5095386
	Index Only Scan using k_2 on sbtest2  (cost=0.43..6.50 rows=103 width=4)
	  Index Cond: ((k >= 5095286) AND (k <= 5095386))

table 3 : explain SELECT k FROM sbtest3 WHERE k BETWEEN 5095286 AND 5095386
	Index Only Scan using k_3 on sbtest3  (cost=0.43..6.51 rows=104 width=4)
	  Index Cond: ((k >= 5095286) AND (k <= 5095386))

table 4 : explain SELECT k FROM sbtest4 WHERE k BETWEEN 5095286 AND 5095386
	Index Only Scan using k_4 on sbtest4  (cost=0.43..6.63 rows=110 width=4)
	  Index Cond: ((k >= 5095286) AND (k <= 5095386))

table 5 : explain SELECT k FROM sbtest5 WHERE k BETWEEN 5095286 AND 5095386
	Index Only Scan using k_5 on sbtest5  (cost=0.43..6.35 rows=96 width=4)
	  Index Cond: ((k >= 5095286) AND (k <= 5095386))

table 6 : explain SELECT k FROM sbtest6 WHERE k BETWEEN 5095286 AND 5095386
	Index Only Scan using k_6 on sbtest6  (cost=0.43..6.40 rows=98 width=4)
	  Index Cond: ((k >= 5095286) AND (k <= 5095386))

table 7 : explain SELECT k FROM sbtest7 WHERE k BETWEEN 5095286 AND 5095386
	Index Only Scan using k_7 on sbtest7  (cost=0.43..6.59 rows=108 width=4)
	  Index Cond: ((k >= 5095286) AND (k <= 5095386))

table 8 : explain SELECT k FROM sbtest8 WHERE k BETWEEN 5095286 AND 5095386
	Index Only Scan using k_8 on sbtest8  (cost=0.43..6.43 rows=100 width=4)
	  Index Cond: ((k >= 5095286) AND (k <= 5095386))

explain: for range-covered :: explain SELECT k FROM sbtest%d WHERE k BETWEEN 5952371 AND 5952471
explain: for range-covered :: explain SELECT k FROM sbtest%d WHERE k BETWEEN 5095286 AND 5095386
for range-covered
table 1 : explain SELECT k FROM sbtest1 WHERE k BETWEEN 2766510 AND 2766610
	Index Only Scan using k_1 on sbtest1  (cost=0.43..10.50 rows=103 width=4)
	  Index Cond: ((k >= 2766510) AND (k <= 2766610))

table 2 : explain SELECT k FROM sbtest2 WHERE k BETWEEN 2766510 AND 2766610
	Index Only Scan using k_2 on sbtest2  (cost=0.43..6.59 rows=108 width=4)
	  Index Cond: ((k >= 2766510) AND (k <= 2766610))

table 3 : explain SELECT k FROM sbtest3 WHERE k BETWEEN 2766510 AND 2766610
	Index Only Scan using k_3 on sbtest3  (cost=0.43..6.40 rows=98 width=4)
	  Index Cond: ((k >= 2766510) AND (k <= 2766610))

table 4 : explain SELECT k FROM sbtest4 WHERE k BETWEEN 2766510 AND 2766610
	Index Only Scan using k_4 on sbtest4  (cost=0.43..6.35 rows=96 width=4)
	  Index Cond: ((k >= 2766510) AND (k <= 2766610))

table 5 : explain SELECT k FROM sbtest5 WHERE k BETWEEN 2766510 AND 2766610
	Index Only Scan using k_5 on sbtest5  (cost=0.43..6.27 rows=92 width=4)
	  Index Cond: ((k >= 2766510) AND (k <= 2766610))

table 6 : explain SELECT k FROM sbtest6 WHERE k BETWEEN 2766510 AND 2766610
	Index Only Scan using k_6 on sbtest6  (cost=0.43..6.50 rows=103 width=4)
	  Index Cond: ((k >= 2766510) AND (k <= 2766610))

table 7 : explain SELECT k FROM sbtest7 WHERE k BETWEEN 2766510 AND 2766610
	Index Only Scan using k_7 on sbtest7  (cost=0.43..6.59 rows=108 width=4)
	  Index Cond: ((k >= 2766510) AND (k <= 2766610))

table 8 : explain SELECT k FROM sbtest8 WHERE k BETWEEN 2766510 AND 2766610
	Index Only Scan using k_8 on sbtest8  (cost=0.43..6.59 rows=108 width=4)
	  Index Cond: ((k >= 2766510) AND (k <= 2766610))

for range-covered
table 1 : explain SELECT k FROM sbtest1 WHERE k BETWEEN 7573597 AND 7573697
	Index Only Scan using k_1 on sbtest1  (cost=0.43..10.33 rows=95 width=4)
	  Index Cond: ((k >= 7573597) AND (k <= 7573697))

table 2 : explain SELECT k FROM sbtest2 WHERE k BETWEEN 7573597 AND 7573697
	Index Only Scan using k_2 on sbtest2  (cost=0.43..6.67 rows=112 width=4)
	  Index Cond: ((k >= 7573597) AND (k <= 7573697))

table 3 : explain SELECT k FROM sbtest3 WHERE k BETWEEN 7573597 AND 7573697
	Index Only Scan using k_3 on sbtest3  (cost=0.43..6.45 rows=101 width=4)
	  Index Cond: ((k >= 7573597) AND (k <= 7573697))

table 4 : explain SELECT k FROM sbtest4 WHERE k BETWEEN 7573597 AND 7573697
	Index Only Scan using k_4 on sbtest4  (cost=0.43..6.45 rows=101 width=4)
	  Index Cond: ((k >= 7573597) AND (k <= 7573697))

table 5 : explain SELECT k FROM sbtest5 WHERE k BETWEEN 7573597 AND 7573697
	Index Only Scan using k_5 on sbtest5  (cost=0.43..6.47 rows=102 width=4)
	  Index Cond: ((k >= 7573597) AND (k <= 7573697))

table 6 : explain SELECT k FROM sbtest6 WHERE k BETWEEN 7573597 AND 7573697
	Index Only Scan using k_6 on sbtest6  (cost=0.43..6.40 rows=98 width=4)
	  Index Cond: ((k >= 7573597) AND (k <= 7573697))

table 7 : explain SELECT k FROM sbtest7 WHERE k BETWEEN 7573597 AND 7573697
	Index Only Scan using k_7 on sbtest7  (cost=0.43..6.58 rows=107 width=4)
	  Index Cond: ((k >= 7573597) AND (k <= 7573697))

table 8 : explain SELECT k FROM sbtest8 WHERE k BETWEEN 7573597 AND 7573697
	Index Only Scan using k_8 on sbtest8  (cost=0.43..6.45 rows=101 width=4)
	  Index Cond: ((k >= 7573597) AND (k <= 7573697))

for range-covered
table 1 : explain SELECT k FROM sbtest1 WHERE k BETWEEN 5370711 AND 5370811
	Index Only Scan using k_1 on sbtest1  (cost=0.43..10.44 rows=100 width=4)
	  Index Cond: ((k >= 5370711) AND (k <= 5370811))

table 2 : explain SELECT k FROM sbtest2 WHERE k BETWEEN 5370711 AND 5370811
	Index Only Scan using k_2 on sbtest2  (cost=0.43..6.45 rows=101 width=4)
	  Index Cond: ((k >= 5370711) AND (k <= 5370811))

table 3 : explain SELECT k FROM sbtest3 WHERE k BETWEEN 5370711 AND 5370811
	Index Only Scan using k_3 on sbtest3  (cost=0.43..6.53 rows=105 width=4)
	  Index Cond: ((k >= 5370711) AND (k <= 5370811))

table 4 : explain SELECT k FROM sbtest4 WHERE k BETWEEN 5370711 AND 5370811
	Index Only Scan using k_4 on sbtest4  (cost=0.43..6.61 rows=109 width=4)
	  Index Cond: ((k >= 5370711) AND (k <= 5370811))

table 5 : explain SELECT k FROM sbtest5 WHERE k BETWEEN 5370711 AND 5370811
	Index Only Scan using k_5 on sbtest5  (cost=0.43..6.50 rows=103 width=4)
	  Index Cond: ((k >= 5370711) AND (k <= 5370811))

table 6 : explain SELECT k FROM sbtest6 WHERE k BETWEEN 5370711 AND 5370811
	Index Only Scan using k_6 on sbtest6  (cost=0.43..6.40 rows=98 width=4)
	  Index Cond: ((k >= 5370711) AND (k <= 5370811))

table 7 : explain SELECT k FROM sbtest7 WHERE k BETWEEN 5370711 AND 5370811
	Index Only Scan using k_7 on sbtest7  (cost=0.43..6.43 rows=100 width=4)
	  Index Cond: ((k >= 5370711) AND (k <= 5370811))

table 8 : explain SELECT k FROM sbtest8 WHERE k BETWEEN 5370711 AND 5370811
	Index Only Scan using k_8 on sbtest8  (cost=0.43..6.51 rows=104 width=4)
	  Index Cond: ((k >= 5370711) AND (k <= 5370811))

explain: for range-covered :: explain SELECT k FROM sbtest%d WHERE k BETWEEN 2766510 AND 2766610
explain: for range-covered :: explain SELECT k FROM sbtest%d WHERE k BETWEEN 5370711 AND 5370811
explain: for range-covered :: explain SELECT k FROM sbtest%d WHERE k BETWEEN 7573597 AND 7573697
for range-covered
table 1 : explain SELECT k FROM sbtest1 WHERE k BETWEEN 5109015 AND 5109115
	Index Only Scan using k_1 on sbtest1  (cost=0.43..10.58 rows=107 width=4)
	  Index Cond: ((k >= 5109015) AND (k <= 5109115))

table 2 : explain SELECT k FROM sbtest2 WHERE k BETWEEN 5109015 AND 5109115
	Index Only Scan using k_2 on sbtest2  (cost=0.43..6.42 rows=99 width=4)
	  Index Cond: ((k >= 5109015) AND (k <= 5109115))

table 3 : explain SELECT k FROM sbtest3 WHERE k BETWEEN 5109015 AND 5109115
	Index Only Scan using k_3 on sbtest3  (cost=0.43..6.51 rows=104 width=4)
	  Index Cond: ((k >= 5109015) AND (k <= 5109115))

table 4 : explain SELECT k FROM sbtest4 WHERE k BETWEEN 5109015 AND 5109115
	Index Only Scan using k_4 on sbtest4  (cost=0.43..6.63 rows=110 width=4)
	  Index Cond: ((k >= 5109015) AND (k <= 5109115))

table 5 : explain SELECT k FROM sbtest5 WHERE k BETWEEN 5109015 AND 5109115
	Index Only Scan using k_5 on sbtest5  (cost=0.43..6.35 rows=96 width=4)
	  Index Cond: ((k >= 5109015) AND (k <= 5109115))

table 6 : explain SELECT k FROM sbtest6 WHERE k BETWEEN 5109015 AND 5109115
	Index Only Scan using k_6 on sbtest6  (cost=0.43..6.40 rows=98 width=4)
	  Index Cond: ((k >= 5109015) AND (k <= 5109115))

table 7 : explain SELECT k FROM sbtest7 WHERE k BETWEEN 5109015 AND 5109115
	Index Only Scan using k_7 on sbtest7  (cost=0.43..6.59 rows=108 width=4)
	  Index Cond: ((k >= 5109015) AND (k <= 5109115))

table 8 : explain SELECT k FROM sbtest8 WHERE k BETWEEN 5109015 AND 5109115
	Index Only Scan using k_8 on sbtest8  (cost=0.43..6.43 rows=100 width=4)
	  Index Cond: ((k >= 5109015) AND (k <= 5109115))

for range-covered
table 1 : explain SELECT k FROM sbtest1 WHERE k BETWEEN 3075887 AND 3075987
	Index Only Scan using k_1 on sbtest1  (cost=0.43..10.46 rows=101 width=4)
	  Index Cond: ((k >= 3075887) AND (k <= 3075987))

table 2 : explain SELECT k FROM sbtest2 WHERE k BETWEEN 3075887 AND 3075987
	Index Only Scan using k_2 on sbtest2  (cost=0.43..6.51 rows=104 width=4)
	  Index Cond: ((k >= 3075887) AND (k <= 3075987))

table 3 : explain SELECT k FROM sbtest3 WHERE k BETWEEN 3075887 AND 3075987
	Index Only Scan using k_3 on sbtest3  (cost=0.43..6.27 rows=92 width=4)
	  Index Cond: ((k >= 3075887) AND (k <= 3075987))

table 4 : explain SELECT k FROM sbtest4 WHERE k BETWEEN 3075887 AND 3075987
	Index Only Scan using k_4 on sbtest4  (cost=0.43..6.37 rows=97 width=4)
	  Index Cond: ((k >= 3075887) AND (k <= 3075987))

table 5 : explain SELECT k FROM sbtest5 WHERE k BETWEEN 3075887 AND 3075987
	Index Only Scan using k_5 on sbtest5  (cost=0.43..6.42 rows=99 width=4)
	  Index Cond: ((k >= 3075887) AND (k <= 3075987))

table 6 : explain SELECT k FROM sbtest6 WHERE k BETWEEN 3075887 AND 3075987
	Index Only Scan using k_6 on sbtest6  (cost=0.43..6.51 rows=104 width=4)
	  Index Cond: ((k >= 3075887) AND (k <= 3075987))

table 7 : explain SELECT k FROM sbtest7 WHERE k BETWEEN 3075887 AND 3075987
	Index Only Scan using k_7 on sbtest7  (cost=0.43..6.40 rows=98 width=4)
	  Index Cond: ((k >= 3075887) AND (k <= 3075987))

table 8 : explain SELECT k FROM sbtest8 WHERE k BETWEEN 3075887 AND 3075987
	Index Only Scan using k_8 on sbtest8  (cost=0.43..6.53 rows=105 width=4)
	  Index Cond: ((k >= 3075887) AND (k <= 3075987))

explain: for range-covered :: explain SELECT k FROM sbtest%d WHERE k BETWEEN 3075887 AND 3075987
for range-covered
table 1 : explain SELECT k FROM sbtest1 WHERE k BETWEEN 4970011 AND 4970111
	Index Only Scan using k_1 on sbtest1  (cost=0.43..10.38 rows=97 width=4)
	  Index Cond: ((k >= 4970011) AND (k <= 4970111))

table 2 : explain SELECT k FROM sbtest2 WHERE k BETWEEN 4970011 AND 4970111
	Index Only Scan using k_2 on sbtest2  (cost=0.43..6.47 rows=102 width=4)
	  Index Cond: ((k >= 4970011) AND (k <= 4970111))

table 3 : explain SELECT k FROM sbtest3 WHERE k BETWEEN 4970011 AND 4970111
	Index Only Scan using k_3 on sbtest3  (cost=0.43..6.47 rows=102 width=4)
	  Index Cond: ((k >= 4970011) AND (k <= 4970111))

table 4 : explain SELECT k FROM sbtest4 WHERE k BETWEEN 4970011 AND 4970111
	Index Only Scan using k_4 on sbtest4  (cost=0.43..6.47 rows=102 width=4)
	  Index Cond: ((k >= 4970011) AND (k <= 4970111))

table 5 : explain SELECT k FROM sbtest5 WHERE k BETWEEN 4970011 AND 4970111
	Index Only Scan using k_5 on sbtest5  (cost=0.43..6.32 rows=94 width=4)
	  Index Cond: ((k >= 4970011) AND (k <= 4970111))

table 6 : explain SELECT k FROM sbtest6 WHERE k BETWEEN 4970011 AND 4970111
	Index Only Scan using k_6 on sbtest6  (cost=0.43..6.50 rows=103 width=4)
	  Index Cond: ((k >= 4970011) AND (k <= 4970111))

table 7 : explain SELECT k FROM sbtest7 WHERE k BETWEEN 4970011 AND 4970111
	Index Only Scan using k_7 on sbtest7  (cost=0.43..6.59 rows=108 width=4)
	  Index Cond: ((k >= 4970011) AND (k <= 4970111))

table 8 : explain SELECT k FROM sbtest8 WHERE k BETWEEN 4970011 AND 4970111
	Index Only Scan using k_8 on sbtest8  (cost=0.43..6.33 rows=95 width=4)
	  Index Cond: ((k >= 4970011) AND (k <= 4970111))

explain: for range-covered :: explain SELECT k FROM sbtest%d WHERE k BETWEEN 5109015 AND 5109115
for range-covered
table 1 : explain SELECT k FROM sbtest1 WHERE k BETWEEN 5952371 AND 5952471
	Index Only Scan using k_1 on sbtest1  (cost=0.43..10.47 rows=102 width=4)
	  Index Cond: ((k >= 5952371) AND (k <= 5952471))

table 2 : explain SELECT k FROM sbtest2 WHERE k BETWEEN 5952371 AND 5952471
	Index Only Scan using k_2 on sbtest2  (cost=0.43..6.56 rows=106 width=4)
	  Index Cond: ((k >= 5952371) AND (k <= 5952471))

table 3 : explain SELECT k FROM sbtest3 WHERE k BETWEEN 5952371 AND 5952471
	Index Only Scan using k_3 on sbtest3  (cost=0.43..6.40 rows=98 width=4)
	  Index Cond: ((k >= 5952371) AND (k <= 5952471))

table 4 : explain SELECT k FROM sbtest4 WHERE k BETWEEN 5952371 AND 5952471
	Index Only Scan using k_4 on sbtest4  (cost=0.43..6.47 rows=102 width=4)
	  Index Cond: ((k >= 5952371) AND (k <= 5952471))

table 5 : explain SELECT k FROM sbtest5 WHERE k BETWEEN 5952371 AND 5952471
	Index Only Scan using k_5 on sbtest5  (cost=0.43..6.53 rows=105 width=4)
	  Index Cond: ((k >= 5952371) AND (k <= 5952471))

table 6 : explain SELECT k FROM sbtest6 WHERE k BETWEEN 5952371 AND 5952471
	Index Only Scan using k_6 on sbtest6  (cost=0.43..6.40 rows=98 width=4)
	  Index Cond: ((k >= 5952371) AND (k <= 5952471))

table 7 : explain SELECT k FROM sbtest7 WHERE k BETWEEN 5952371 AND 5952471
	Index Only Scan using k_7 on sbtest7  (cost=0.43..6.85 rows=121 width=4)
	  Index Cond: ((k >= 5952371) AND (k <= 5952471))

table 8 : explain SELECT k FROM sbtest8 WHERE k BETWEEN 5952371 AND 5952471
	Index Only Scan using k_8 on sbtest8  (cost=0.43..6.56 rows=106 width=4)
	  Index Cond: ((k >= 5952371) AND (k <= 5952471))

for range-covered
table 1 : explain SELECT k FROM sbtest1 WHERE k BETWEEN 5064964 AND 5065064
	Index Only Scan using k_1 on sbtest1  (cost=0.43..10.58 rows=107 width=4)
	  Index Cond: ((k >= 5064964) AND (k <= 5065064))

table 2 : explain SELECT k FROM sbtest2 WHERE k BETWEEN 5064964 AND 5065064
	Index Only Scan using k_2 on sbtest2  (cost=0.43..6.50 rows=103 width=4)
	  Index Cond: ((k >= 5064964) AND (k <= 5065064))

table 3 : explain SELECT k FROM sbtest3 WHERE k BETWEEN 5064964 AND 5065064
	Index Only Scan using k_3 on sbtest3  (cost=0.43..6.51 rows=104 width=4)
	  Index Cond: ((k >= 5064964) AND (k <= 5065064))

table 4 : explain SELECT k FROM sbtest4 WHERE k BETWEEN 5064964 AND 5065064
	Index Only Scan using k_4 on sbtest4  (cost=0.43..6.63 rows=110 width=4)
	  Index Cond: ((k >= 5064964) AND (k <= 5065064))

table 5 : explain SELECT k FROM sbtest5 WHERE k BETWEEN 5064964 AND 5065064
	Index Only Scan using k_5 on sbtest5  (cost=0.43..6.35 rows=96 width=4)
	  Index Cond: ((k >= 5064964) AND (k <= 5065064))

table 6 : explain SELECT k FROM sbtest6 WHERE k BETWEEN 5064964 AND 5065064
	Index Only Scan using k_6 on sbtest6  (cost=0.43..6.50 rows=103 width=4)
	  Index Cond: ((k >= 5064964) AND (k <= 5065064))

table 7 : explain SELECT k FROM sbtest7 WHERE k BETWEEN 5064964 AND 5065064
	Index Only Scan using k_7 on sbtest7  (cost=0.43..6.59 rows=108 width=4)
	  Index Cond: ((k >= 5064964) AND (k <= 5065064))

table 8 : explain SELECT k FROM sbtest8 WHERE k BETWEEN 5064964 AND 5065064
	Index Only Scan using k_8 on sbtest8  (cost=0.43..6.43 rows=100 width=4)
	  Index Cond: ((k >= 5064964) AND (k <= 5065064))

for range-covered
table 1 : explain SELECT k FROM sbtest1 WHERE k BETWEEN 5095286 AND 5095386
	Index Only Scan using k_1 on sbtest1  (cost=0.43..10.58 rows=107 width=4)
	  Index Cond: ((k >= 5095286) AND (k <= 5095386))

table 2 : explain SELECT k FROM sbtest2 WHERE k BETWEEN 5095286 AND 5095386
	Index Only Scan using k_2 on sbtest2  (cost=0.43..6.50 rows=103 width=4)
	  Index Cond: ((k >= 5095286) AND (k <= 5095386))

table 3 : explain SELECT k FROM sbtest3 WHERE k BETWEEN 5095286 AND 5095386
	Index Only Scan using k_3 on sbtest3  (cost=0.43..6.51 rows=104 width=4)
	  Index Cond: ((k >= 5095286) AND (k <= 5095386))

table 4 : explain SELECT k FROM sbtest4 WHERE k BETWEEN 5095286 AND 5095386
	Index Only Scan using k_4 on sbtest4  (cost=0.43..6.63 rows=110 width=4)
	  Index Cond: ((k >= 5095286) AND (k <= 5095386))

table 5 : explain SELECT k FROM sbtest5 WHERE k BETWEEN 5095286 AND 5095386
	Index Only Scan using k_5 on sbtest5  (cost=0.43..6.35 rows=96 width=4)
	  Index Cond: ((k >= 5095286) AND (k <= 5095386))

table 6 : explain SELECT k FROM sbtest6 WHERE k BETWEEN 5095286 AND 5095386
	Index Only Scan using k_6 on sbtest6  (cost=0.43..6.40 rows=98 width=4)
	  Index Cond: ((k >= 5095286) AND (k <= 5095386))

table 7 : explain SELECT k FROM sbtest7 WHERE k BETWEEN 5095286 AND 5095386
	Index Only Scan using k_7 on sbtest7  (cost=0.43..6.59 rows=108 width=4)
	  Index Cond: ((k >= 5095286) AND (k <= 5095386))

table 8 : explain SELECT k FROM sbtest8 WHERE k BETWEEN 5095286 AND 5095386
	Index Only Scan using k_8 on sbtest8  (cost=0.43..6.43 rows=100 width=4)
	  Index Cond: ((k >= 5095286) AND (k <= 5095386))

for range-covered
table 1 : explain SELECT k FROM sbtest1 WHERE k BETWEEN 6926767 AND 6926867
	Index Only Scan using k_1 on sbtest1  (cost=0.43..10.54 rows=105 width=4)
	  Index Cond: ((k >= 6926767) AND (k <= 6926867))

table 2 : explain SELECT k FROM sbtest2 WHERE k BETWEEN 6926767 AND 6926867
	Index Only Scan using k_2 on sbtest2  (cost=0.43..6.51 rows=104 width=4)
	  Index Cond: ((k >= 6926767) AND (k <= 6926867))

table 3 : explain SELECT k FROM sbtest3 WHERE k BETWEEN 6926767 AND 6926867
	Index Only Scan using k_3 on sbtest3  (cost=0.43..6.51 rows=104 width=4)
	  Index Cond: ((k >= 6926767) AND (k <= 6926867))

table 4 : explain SELECT k FROM sbtest4 WHERE k BETWEEN 6926767 AND 6926867
	Index Only Scan using k_4 on sbtest4  (cost=0.43..6.33 rows=95 width=4)
	  Index Cond: ((k >= 6926767) AND (k <= 6926867))

table 5 : explain SELECT k FROM sbtest5 WHERE k BETWEEN 6926767 AND 6926867
	Index Only Scan using k_5 on sbtest5  (cost=0.43..6.63 rows=110 width=4)
	  Index Cond: ((k >= 6926767) AND (k <= 6926867))

table 6 : explain SELECT k FROM sbtest6 WHERE k BETWEEN 6926767 AND 6926867
	Index Only Scan using k_6 on sbtest6  (cost=0.43..6.75 rows=116 width=4)
	  Index Cond: ((k >= 6926767) AND (k <= 6926867))

table 7 : explain SELECT k FROM sbtest7 WHERE k BETWEEN 6926767 AND 6926867
	Index Only Scan using k_7 on sbtest7  (cost=0.43..6.35 rows=96 width=4)
	  Index Cond: ((k >= 6926767) AND (k <= 6926867))

table 8 : explain SELECT k FROM sbtest8 WHERE k BETWEEN 6926767 AND 6926867
	Index Only Scan using k_8 on sbtest8  (cost=0.43..6.29 rows=93 width=4)
	  Index Cond: ((k >= 6926767) AND (k <= 6926867))

explain: for range-covered :: explain SELECT k FROM sbtest%d WHERE k BETWEEN 5095286 AND 5095386
for range-covered
table 1 : explain SELECT k FROM sbtest1 WHERE k BETWEEN 5420892 AND 5420992
	Index Only Scan using k_1 on sbtest1  (cost=0.43..10.44 rows=100 width=4)
	  Index Cond: ((k >= 5420892) AND (k <= 5420992))

table 2 : explain SELECT k FROM sbtest2 WHERE k BETWEEN 5420892 AND 5420992
	Index Only Scan using k_2 on sbtest2  (cost=0.43..6.27 rows=92 width=4)
	  Index Cond: ((k >= 5420892) AND (k <= 5420992))

table 3 : explain SELECT k FROM sbtest3 WHERE k BETWEEN 5420892 AND 5420992
	Index Only Scan using k_3 on sbtest3  (cost=0.43..6.53 rows=105 width=4)
	  Index Cond: ((k >= 5420892) AND (k <= 5420992))

table 4 : explain SELECT k FROM sbtest4 WHERE k BETWEEN 5420892 AND 5420992
	Index Only Scan using k_4 on sbtest4  (cost=0.43..6.61 rows=109 width=4)
	  Index Cond: ((k >= 5420892) AND (k <= 5420992))

table 5 : explain SELECT k FROM sbtest5 WHERE k BETWEEN 5420892 AND 5420992
	Index Only Scan using k_5 on sbtest5  (cost=0.43..6.50 rows=103 width=4)
	  Index Cond: ((k >= 5420892) AND (k <= 5420992))

table 6 : explain SELECT k FROM sbtest6 WHERE k BETWEEN 5420892 AND 5420992
	Index Only Scan using k_6 on sbtest6  (cost=0.43..6.40 rows=98 width=4)
	  Index Cond: ((k >= 5420892) AND (k <= 5420992))

table 7 : explain SELECT k FROM sbtest7 WHERE k BETWEEN 5420892 AND 5420992
	Index Only Scan using k_7 on sbtest7  (cost=0.43..6.43 rows=100 width=4)
	  Index Cond: ((k >= 5420892) AND (k <= 5420992))

table 8 : explain SELECT k FROM sbtest8 WHERE k BETWEEN 5420892 AND 5420992
	Index Only Scan using k_8 on sbtest8  (cost=0.43..6.51 rows=104 width=4)
	  Index Cond: ((k >= 5420892) AND (k <= 5420992))

for range-covered
table 1 : explain SELECT k FROM sbtest1 WHERE k BETWEEN 6375591 AND 6375691
	Index Only Scan using k_1 on sbtest1  (cost=0.43..10.42 rows=99 width=4)
	  Index Cond: ((k >= 6375591) AND (k <= 6375691))

table 2 : explain SELECT k FROM sbtest2 WHERE k BETWEEN 6375591 AND 6375691
	Index Only Scan using k_2 on sbtest2  (cost=0.43..6.29 rows=93 width=4)
	  Index Cond: ((k >= 6375591) AND (k <= 6375691))

table 3 : explain SELECT k FROM sbtest3 WHERE k BETWEEN 6375591 AND 6375691
	Index Only Scan using k_3 on sbtest3  (cost=0.43..6.42 rows=99 width=4)
	  Index Cond: ((k >= 6375591) AND (k <= 6375691))

table 4 : explain SELECT k FROM sbtest4 WHERE k BETWEEN 6375591 AND 6375691
	Index Only Scan using k_4 on sbtest4  (cost=0.43..6.40 rows=98 width=4)
	  Index Cond: ((k >= 6375591) AND (k <= 6375691))

table 5 : explain SELECT k FROM sbtest5 WHERE k BETWEEN 6375591 AND 6375691
	Index Only Scan using k_5 on sbtest5  (cost=0.43..6.50 rows=103 width=4)
	  Index Cond: ((k >= 6375591) AND (k <= 6375691))

table 6 : explain SELECT k FROM sbtest6 WHERE k BETWEEN 6375591 AND 6375691
	Index Only Scan using k_6 on sbtest6  (cost=0.43..6.37 rows=97 width=4)
	  Index Cond: ((k >= 6375591) AND (k <= 6375691))

table 7 : explain SELECT k FROM sbtest7 WHERE k BETWEEN 6375591 AND 6375691
	Index Only Scan using k_7 on sbtest7  (cost=0.43..6.59 rows=108 width=4)
	  Index Cond: ((k >= 6375591) AND (k <= 6375691))

table 8 : explain SELECT k FROM sbtest8 WHERE k BETWEEN 6375591 AND 6375691
	Index Only Scan using k_8 on sbtest8  (cost=0.43..6.58 rows=107 width=4)
	  Index Cond: ((k >= 6375591) AND (k <= 6375691))

explain: for range-covered :: explain SELECT k FROM sbtest%d WHERE k BETWEEN 6926767 AND 6926867
explain: for range-covered :: explain SELECT k FROM sbtest%d WHERE k BETWEEN 5064964 AND 5065064
explain: for range-covered :: explain SELECT k FROM sbtest%d WHERE k BETWEEN 5952371 AND 5952471explain: for range-covered :: explain SELECT k FROM sbtest%d WHERE k BETWEEN 5420892 AND 5420992for range-covered
table 1 : explain SELECT k FROM sbtest1 WHERE k BETWEEN 8950551 AND 8950651
	Index Only Scan using k_1 on sbtest1  (cost=0.43..10.56 rows=106 width=4)
	  Index Cond: ((k >= 8950551) AND (k <= 8950651))

table 2 : explain SELECT k FROM sbtest2 WHERE k BETWEEN 8950551 AND 8950651
	Index Only Scan using k_2 on sbtest2  (cost=0.43..6.53 rows=105 width=4)
	  Index Cond: ((k >= 8950551) AND (k <= 8950651))

table 3 : explain SELECT k FROM sbtest3 WHERE k BETWEEN 8950551 AND 8950651
	Index Only Scan using k_3 on sbtest3  (cost=0.43..6.40 rows=98 width=4)
	  Index Cond: ((k >= 8950551) AND (k <= 8950651))

table 4 : explain SELECT k FROM sbtest4 WHERE k BETWEEN 8950551 AND 8950651
	Index Only Scan using k_4 on sbtest4  (cost=0.43..6.40 rows=98 width=4)
	  Index Cond: ((k >= 8950551) AND (k <= 8950651))

table 5 : explain SELECT k FROM sbtest5 WHERE k BETWEEN 8950551 AND 8950651
	Index Only Scan using k_5 on sbtest5  (cost=0.43..6.72 rows=114 width=4)
	  Index Cond: ((k >= 8950551) AND (k <= 8950651))

table 6 : explain SELECT k FROM sbtest6 WHERE k BETWEEN 8950551 AND 8950651
	Index Only Scan using k_6 on sbtest6  (cost=0.43..6.29 rows=93 width=4)
	  Index Cond: ((k >= 8950551) AND (k <= 8950651))

table 7 : explain SELECT k FROM sbtest7 WHERE k BETWEEN 8950551 AND 8950651
	Index Only Scan using k_7 on sbtest7  (cost=0.43..6.47 rows=102 width=4)
	  Index Cond: ((k >= 8950551) AND (k <= 8950651))

table 8 : explain SELECT k FROM sbtest8 WHERE k BETWEEN 8950551 AND 8950651
	Index Only Scan using k_8 on sbtest8  (cost=0.43..6.43 rows=100 width=4)
	  Index Cond: ((k >= 8950551) AND (k <= 8950651))



explain: for range-covered :: explain SELECT k FROM sbtest%d WHERE k BETWEEN 6375591 AND 6375691
for range-covered
table 1 : explain SELECT k FROM sbtest1 WHERE k BETWEEN 2766510 AND 2766610
	Index Only Scan using k_1 on sbtest1  (cost=0.43..10.50 rows=103 width=4)
	  Index Cond: ((k >= 2766510) AND (k <= 2766610))

table 2 : explain SELECT k FROM sbtest2 WHERE k BETWEEN 2766510 AND 2766610
	Index Only Scan using k_2 on sbtest2  (cost=0.43..6.59 rows=108 width=4)
	  Index Cond: ((k >= 2766510) AND (k <= 2766610))

table 3 : explain SELECT k FROM sbtest3 WHERE k BETWEEN 2766510 AND 2766610
	Index Only Scan using k_3 on sbtest3  (cost=0.43..6.40 rows=98 width=4)
	  Index Cond: ((k >= 2766510) AND (k <= 2766610))

table 4 : explain SELECT k FROM sbtest4 WHERE k BETWEEN 2766510 AND 2766610
	Index Only Scan using k_4 on sbtest4  (cost=0.43..6.35 rows=96 width=4)
	  Index Cond: ((k >= 2766510) AND (k <= 2766610))

table 5 : explain SELECT k FROM sbtest5 WHERE k BETWEEN 2766510 AND 2766610
	Index Only Scan using k_5 on sbtest5  (cost=0.43..6.27 rows=92 width=4)
	  Index Cond: ((k >= 2766510) AND (k <= 2766610))

table 6 : explain SELECT k FROM sbtest6 WHERE k BETWEEN 2766510 AND 2766610
	Index Only Scan using k_6 on sbtest6  (cost=0.43..6.50 rows=103 width=4)
	  Index Cond: ((k >= 2766510) AND (k <= 2766610))

table 7 : explain SELECT k FROM sbtest7 WHERE k BETWEEN 2766510 AND 2766610
	Index Only Scan using k_7 on sbtest7  (cost=0.43..6.59 rows=108 width=4)
	  Index Cond: ((k >= 2766510) AND (k <= 2766610))

table 8 : explain SELECT k FROM sbtest8 WHERE k BETWEEN 2766510 AND 2766610
	Index Only Scan using k_8 on sbtest8  (cost=0.43..6.59 rows=108 width=4)
	  Index Cond: ((k >= 2766510) AND (k <= 2766610))

for range-covered
table 1 : explain SELECT k FROM sbtest1 WHERE k BETWEEN 7573597 AND 7573697
	Index Only Scan using k_1 on sbtest1  (cost=0.43..10.33 rows=95 width=4)
	  Index Cond: ((k >= 7573597) AND (k <= 7573697))

table 2 : explain SELECT k FROM sbtest2 WHERE k BETWEEN 7573597 AND 7573697
	Index Only Scan using k_2 on sbtest2  (cost=0.43..6.67 rows=112 width=4)
	  Index Cond: ((k >= 7573597) AND (k <= 7573697))

table 3 : explain SELECT k FROM sbtest3 WHERE k BETWEEN 7573597 AND 7573697
	Index Only Scan using k_3 on sbtest3  (cost=0.43..6.45 rows=101 width=4)
	  Index Cond: ((k >= 7573597) AND (k <= 7573697))

table 4 : explain SELECT k FROM sbtest4 WHERE k BETWEEN 7573597 AND 7573697
	Index Only Scan using k_4 on sbtest4  (cost=0.43..6.45 rows=101 width=4)
	  Index Cond: ((k >= 7573597) AND (k <= 7573697))

table 5 : explain SELECT k FROM sbtest5 WHERE k BETWEEN 7573597 AND 7573697
	Index Only Scan using k_5 on sbtest5  (cost=0.43..6.47 rows=102 width=4)
	  Index Cond: ((k >= 7573597) AND (k <= 7573697))

table 6 : explain SELECT k FROM sbtest6 WHERE k BETWEEN 7573597 AND 7573697
	Index Only Scan using k_6 on sbtest6  (cost=0.43..6.40 rows=98 width=4)
	  Index Cond: ((k >= 7573597) AND (k <= 7573697))

table 7 : explain SELECT k FROM sbtest7 WHERE k BETWEEN 7573597 AND 7573697
	Index Only Scan using k_7 on sbtest7  (cost=0.43..6.58 rows=107 width=4)
	  Index Cond: ((k >= 7573597) AND (k <= 7573697))

table 8 : explain SELECT k FROM sbtest8 WHERE k BETWEEN 7573597 AND 7573697
	Index Only Scan using k_8 on sbtest8  (cost=0.43..6.45 rows=101 width=4)
	  Index Cond: ((k >= 7573597) AND (k <= 7573697))

explain: for range-covered :: explain SELECT k FROM sbtest%d WHERE k BETWEEN 2766510 AND 2766610
for range-covered
table 1 : explain SELECT k FROM sbtest1 WHERE k BETWEEN 5095286 AND 5095386
	Index Only Scan using k_1 on sbtest1  (cost=0.43..10.58 rows=107 width=4)
	  Index Cond: ((k >= 5095286) AND (k <= 5095386))

table 2 : explain SELECT k FROM sbtest2 WHERE k BETWEEN 5095286 AND 5095386
	Index Only Scan using k_2 on sbtest2  (cost=0.43..6.50 rows=103 width=4)
	  Index Cond: ((k >= 5095286) AND (k <= 5095386))

table 3 : explain SELECT k FROM sbtest3 WHERE k BETWEEN 5095286 AND 5095386
	Index Only Scan using k_3 on sbtest3  (cost=0.43..6.51 rows=104 width=4)
	  Index Cond: ((k >= 5095286) AND (k <= 5095386))

table 4 : explain SELECT k FROM sbtest4 WHERE k BETWEEN 5095286 AND 5095386
	Index Only Scan using k_4 on sbtest4  (cost=0.43..6.63 rows=110 width=4)
	  Index Cond: ((k >= 5095286) AND (k <= 5095386))

table 5 : explain SELECT k FROM sbtest5 WHERE k BETWEEN 5095286 AND 5095386
	Index Only Scan using k_5 on sbtest5  (cost=0.43..6.35 rows=96 width=4)
	  Index Cond: ((k >= 5095286) AND (k <= 5095386))

table 6 : explain SELECT k FROM sbtest6 WHERE k BETWEEN 5095286 AND 5095386
	Index Only Scan using k_6 on sbtest6  (cost=0.43..6.40 rows=98 width=4)
	  Index Cond: ((k >= 5095286) AND (k <= 5095386))

table 7 : explain SELECT k FROM sbtest7 WHERE k BETWEEN 5095286 AND 5095386
	Index Only Scan using k_7 on sbtest7  (cost=0.43..6.59 rows=108 width=4)
	  Index Cond: ((k >= 5095286) AND (k <= 5095386))

table 8 : explain SELECT k FROM sbtest8 WHERE k BETWEEN 5095286 AND 5095386
	Index Only Scan using k_8 on sbtest8  (cost=0.43..6.43 rows=100 width=4)
	  Index Cond: ((k >= 5095286) AND (k <= 5095386))

explain: for range-covered :: explain SELECT k FROM sbtest%d WHERE k BETWEEN 5095286 AND 5095386
for range-covered
table 1 : explain SELECT k FROM sbtest1 WHERE k BETWEEN 5109015 AND 5109115
	Index Only Scan using k_1 on sbtest1  (cost=0.43..10.58 rows=107 width=4)
	  Index Cond: ((k >= 5109015) AND (k <= 5109115))

table 2 : explain SELECT k FROM sbtest2 WHERE k BETWEEN 5109015 AND 5109115
	Index Only Scan using k_2 on sbtest2  (cost=0.43..6.42 rows=99 width=4)
	  Index Cond: ((k >= 5109015) AND (k <= 5109115))

table 3 : explain SELECT k FROM sbtest3 WHERE k BETWEEN 5109015 AND 5109115
	Index Only Scan using k_3 on sbtest3  (cost=0.43..6.51 rows=104 width=4)
	  Index Cond: ((k >= 5109015) AND (k <= 5109115))

table 4 : explain SELECT k FROM sbtest4 WHERE k BETWEEN 5109015 AND 5109115
	Index Only Scan using k_4 on sbtest4  (cost=0.43..6.63 rows=110 width=4)
	  Index Cond: ((k >= 5109015) AND (k <= 5109115))

table 5 : explain SELECT k FROM sbtest5 WHERE k BETWEEN 5109015 AND 5109115
	Index Only Scan using k_5 on sbtest5  (cost=0.43..6.35 rows=96 width=4)
	  Index Cond: ((k >= 5109015) AND (k <= 5109115))

table 6 : explain SELECT k FROM sbtest6 WHERE k BETWEEN 5109015 AND 5109115
	Index Only Scan using k_6 on sbtest6  (cost=0.43..6.40 rows=98 width=4)
	  Index Cond: ((k >= 5109015) AND (k <= 5109115))

table 7 : explain SELECT k FROM sbtest7 WHERE k BETWEEN 5109015 AND 5109115
	Index Only Scan using k_7 on sbtest7  (cost=0.43..6.59 rows=108 width=4)
	  Index Cond: ((k >= 5109015) AND (k <= 5109115))

table 8 : explain SELECT k FROM sbtest8 WHERE k BETWEEN 5109015 AND 5109115
	Index Only Scan using k_8 on sbtest8  (cost=0.43..6.43 rows=100 width=4)
	  Index Cond: ((k >= 5109015) AND (k <= 5109115))

for range-covered
table 1 : explain SELECT k FROM sbtest1 WHERE k BETWEEN 5420892 AND 5420992
	Index Only Scan using k_1 on sbtest1  (cost=0.43..10.44 rows=100 width=4)
	  Index Cond: ((k >= 5420892) AND (k <= 5420992))

table 2 : explain SELECT k FROM sbtest2 WHERE k BETWEEN 5420892 AND 5420992
	Index Only Scan using k_2 on sbtest2  (cost=0.43..6.27 rows=92 width=4)
	  Index Cond: ((k >= 5420892) AND (k <= 5420992))

table 3 : explain SELECT k FROM sbtest3 WHERE k BETWEEN 5420892 AND 5420992
	Index Only Scan using k_3 on sbtest3  (cost=0.43..6.53 rows=105 width=4)
	  Index Cond: ((k >= 5420892) AND (k <= 5420992))

table 4 : explain SELECT k FROM sbtest4 WHERE k BETWEEN 5420892 AND 5420992
	Index Only Scan using k_4 on sbtest4  (cost=0.43..6.61 rows=109 width=4)
	  Index Cond: ((k >= 5420892) AND (k <= 5420992))

table 5 : explain SELECT k FROM sbtest5 WHERE k BETWEEN 5420892 AND 5420992
	Index Only Scan using k_5 on sbtest5  (cost=0.43..6.50 rows=103 width=4)
	  Index Cond: ((k >= 5420892) AND (k <= 5420992))

table 6 : explain SELECT k FROM sbtest6 WHERE k BETWEEN 5420892 AND 5420992
	Index Only Scan using k_6 on sbtest6  (cost=0.43..6.40 rows=98 width=4)
	  Index Cond: ((k >= 5420892) AND (k <= 5420992))

table 7 : explain SELECT k FROM sbtest7 WHERE k BETWEEN 5420892 AND 5420992
	Index Only Scan using k_7 on sbtest7  (cost=0.43..6.43 rows=100 width=4)
	  Index Cond: ((k >= 5420892) AND (k <= 5420992))

table 8 : explain SELECT k FROM sbtest8 WHERE k BETWEEN 5420892 AND 5420992
	Index Only Scan using k_8 on sbtest8  (cost=0.43..6.51 rows=104 width=4)
	  Index Cond: ((k >= 5420892) AND (k <= 5420992))

for range-covered
table 1 : explain SELECT k FROM sbtest1 WHERE k BETWEEN 5952371 AND 5952471
	Index Only Scan using k_1 on sbtest1  (cost=0.43..10.47 rows=102 width=4)
	  Index Cond: ((k >= 5952371) AND (k <= 5952471))

table 2 : explain SELECT k FROM sbtest2 WHERE k BETWEEN 5952371 AND 5952471
	Index Only Scan using k_2 on sbtest2  (cost=0.43..6.56 rows=106 width=4)
	  Index Cond: ((k >= 5952371) AND (k <= 5952471))

table 3 : explain SELECT k FROM sbtest3 WHERE k BETWEEN 5952371 AND 5952471
	Index Only Scan using k_3 on sbtest3  (cost=0.43..6.40 rows=98 width=4)
	  Index Cond: ((k >= 5952371) AND (k <= 5952471))

table 4 : explain SELECT k FROM sbtest4 WHERE k BETWEEN 5952371 AND 5952471
	Index Only Scan using k_4 on sbtest4  (cost=0.43..6.47 rows=102 width=4)
	  Index Cond: ((k >= 5952371) AND (k <= 5952471))

table 5 : explain SELECT k FROM sbtest5 WHERE k BETWEEN 5952371 AND 5952471
	Index Only Scan using k_5 on sbtest5  (cost=0.43..6.53 rows=105 width=4)
	  Index Cond: ((k >= 5952371) AND (k <= 5952471))

table 6 : explain SELECT k FROM sbtest6 WHERE k BETWEEN 5952371 AND 5952471
	Index Only Scan using k_6 on sbtest6  (cost=0.43..6.40 rows=98 width=4)
	  Index Cond: ((k >= 5952371) AND (k <= 5952471))

table 7 : explain SELECT k FROM sbtest7 WHERE k BETWEEN 5952371 AND 5952471
	Index Only Scan using k_7 on sbtest7  (cost=0.43..6.85 rows=121 width=4)
	  Index Cond: ((k >= 5952371) AND (k <= 5952471))

table 8 : explain SELECT k FROM sbtest8 WHERE k BETWEEN 5952371 AND 5952471
	Index Only Scan using k_8 on sbtest8  (cost=0.43..6.56 rows=106 width=4)
	  Index Cond: ((k >= 5952371) AND (k <= 5952471))

for range-covered
table 1 : explain SELECT k FROM sbtest1 WHERE k BETWEEN 5064964 AND 5065064
	Index Only Scan using k_1 on sbtest1  (cost=0.43..10.58 rows=107 width=4)
	  Index Cond: ((k >= 5064964) AND (k <= 5065064))

table 2 : explain SELECT k FROM sbtest2 WHERE k BETWEEN 5064964 AND 5065064
	Index Only Scan using k_2 on sbtest2  (cost=0.43..6.50 rows=103 width=4)
	  Index Cond: ((k >= 5064964) AND (k <= 5065064))

table 3 : explain SELECT k FROM sbtest3 WHERE k BETWEEN 5064964 AND 5065064
	Index Only Scan using k_3 on sbtest3  (cost=0.43..6.51 rows=104 width=4)
	  Index Cond: ((k >= 5064964) AND (k <= 5065064))

table 4 : explain SELECT k FROM sbtest4 WHERE k BETWEEN 5064964 AND 5065064
	Index Only Scan using k_4 on sbtest4  (cost=0.43..6.63 rows=110 width=4)
	  Index Cond: ((k >= 5064964) AND (k <= 5065064))

table 5 : explain SELECT k FROM sbtest5 WHERE k BETWEEN 5064964 AND 5065064
	Index Only Scan using k_5 on sbtest5  (cost=0.43..6.35 rows=96 width=4)
	  Index Cond: ((k >= 5064964) AND (k <= 5065064))

table 6 : explain SELECT k FROM sbtest6 WHERE k BETWEEN 5064964 AND 5065064
	Index Only Scan using k_6 on sbtest6  (cost=0.43..6.50 rows=103 width=4)
	  Index Cond: ((k >= 5064964) AND (k <= 5065064))

table 7 : explain SELECT k FROM sbtest7 WHERE k BETWEEN 5064964 AND 5065064
	Index Only Scan using k_7 on sbtest7  (cost=0.43..6.59 rows=108 width=4)
	  Index Cond: ((k >= 5064964) AND (k <= 5065064))

table 8 : explain SELECT k FROM sbtest8 WHERE k BETWEEN 5064964 AND 5065064
	Index Only Scan using k_8 on sbtest8  (cost=0.43..6.43 rows=100 width=4)
	  Index Cond: ((k >= 5064964) AND (k <= 5065064))

explain: for range-covered :: explain SELECT k FROM sbtest%d WHERE k BETWEEN 3609638 AND 3609738
explain: for range-covered :: explain SELECT k FROM sbtest%d WHERE k BETWEEN 5420892 AND 5420992
for range-covered
table 1 : explain SELECT k FROM sbtest1 WHERE k BETWEEN 6375591 AND 6375691
	Index Only Scan using k_1 on sbtest1  (cost=0.43..10.42 rows=99 width=4)
	  Index Cond: ((k >= 6375591) AND (k <= 6375691))

table 2 : explain SELECT k FROM sbtest2 WHERE k BETWEEN 6375591 AND 6375691
	Index Only Scan using k_2 on sbtest2  (cost=0.43..6.29 rows=93 width=4)
	  Index Cond: ((k >= 6375591) AND (k <= 6375691))

table 3 : explain SELECT k FROM sbtest3 WHERE k BETWEEN 6375591 AND 6375691
	Index Only Scan using k_3 on sbtest3  (cost=0.43..6.42 rows=99 width=4)
	  Index Cond: ((k >= 6375591) AND (k <= 6375691))

table 4 : explain SELECT k FROM sbtest4 WHERE k BETWEEN 6375591 AND 6375691
	Index Only Scan using k_4 on sbtest4  (cost=0.43..6.40 rows=98 width=4)
	  Index Cond: ((k >= 6375591) AND (k <= 6375691))

table 5 : explain SELECT k FROM sbtest5 WHERE k BETWEEN 6375591 AND 6375691
	Index Only Scan using k_5 on sbtest5  (cost=0.43..6.50 rows=103 width=4)
	  Index Cond: ((k >= 6375591) AND (k <= 6375691))

table 6 : explain SELECT k FROM sbtest6 WHERE k BETWEEN 6375591 AND 6375691
	Index Only Scan using k_6 on sbtest6  (cost=0.43..6.37 rows=97 width=4)
	  Index Cond: ((k >= 6375591) AND (k <= 6375691))

table 7 : explain SELECT k FROM sbtest7 WHERE k BETWEEN 6375591 AND 6375691
	Index Only Scan using k_7 on sbtest7  (cost=0.43..6.59 rows=108 width=4)
	  Index Cond: ((k >= 6375591) AND (k <= 6375691))

table 8 : explain SELECT k FROM sbtest8 WHERE k BETWEEN 6375591 AND 6375691
	Index Only Scan using k_8 on sbtest8  (cost=0.43..6.58 rows=107 width=4)
	  Index Cond: ((k >= 6375591) AND (k <= 6375691))

for range-covered
table 1 : explain SELECT k FROM sbtest1 WHERE k BETWEEN 3620856 AND 3620956
	Index Only Scan using k_1 on sbtest1  (cost=0.43..10.38 rows=97 width=4)
	  Index Cond: ((k >= 3620856) AND (k <= 3620956))

table 2 : explain SELECT k FROM sbtest2 WHERE k BETWEEN 3620856 AND 3620956
	Index Only Scan using k_2 on sbtest2  (cost=0.43..6.59 rows=108 width=4)
	  Index Cond: ((k >= 3620856) AND (k <= 3620956))

table 3 : explain SELECT k FROM sbtest3 WHERE k BETWEEN 3620856 AND 3620956
	Index Only Scan using k_3 on sbtest3  (cost=0.43..6.37 rows=97 width=4)
	  Index Cond: ((k >= 3620856) AND (k <= 3620956))

table 4 : explain SELECT k FROM sbtest4 WHERE k BETWEEN 3620856 AND 3620956
	Index Only Scan using k_4 on sbtest4  (cost=0.43..6.42 rows=99 width=4)
	  Index Cond: ((k >= 3620856) AND (k <= 3620956))

table 5 : explain SELECT k FROM sbtest5 WHERE k BETWEEN 3620856 AND 3620956
	Index Only Scan using k_5 on sbtest5  (cost=0.43..6.47 rows=102 width=4)
	  Index Cond: ((k >= 3620856) AND (k <= 3620956))

table 6 : explain SELECT k FROM sbtest6 WHERE k BETWEEN 3620856 AND 3620956
	Index Only Scan using k_6 on sbtest6  (cost=0.43..6.42 rows=99 width=4)
	  Index Cond: ((k >= 3620856) AND (k <= 3620956))

table 7 : explain SELECT k FROM sbtest7 WHERE k BETWEEN 3620856 AND 3620956
	Index Only Scan using k_7 on sbtest7  (cost=0.43..6.45 rows=101 width=4)
	  Index Cond: ((k >= 3620856) AND (k <= 3620956))

table 8 : explain SELECT k FROM sbtest8 WHERE k BETWEEN 3620856 AND 3620956
	Index Only Scan using k_8 on sbtest8  (cost=0.43..6.25 rows=91 width=4)
	  Index Cond: ((k >= 3620856) AND (k <= 3620956))

for range-covered
table 1 : explain SELECT k FROM sbtest1 WHERE k BETWEEN 3075887 AND 3075987
	Index Only Scan using k_1 on sbtest1  (cost=0.43..10.46 rows=101 width=4)
	  Index Cond: ((k >= 3075887) AND (k <= 3075987))

table 2 : explain SELECT k FROM sbtest2 WHERE k BETWEEN 3075887 AND 3075987
	Index Only Scan using k_2 on sbtest2  (cost=0.43..6.51 rows=104 width=4)
	  Index Cond: ((k >= 3075887) AND (k <= 3075987))

table 3 : explain SELECT k FROM sbtest3 WHERE k BETWEEN 3075887 AND 3075987
	Index Only Scan using k_3 on sbtest3  (cost=0.43..6.27 rows=92 width=4)
	  Index Cond: ((k >= 3075887) AND (k <= 3075987))

table 4 : explain SELECT k FROM sbtest4 WHERE k BETWEEN 3075887 AND 3075987
	Index Only Scan using k_4 on sbtest4  (cost=0.43..6.37 rows=97 width=4)
	  Index Cond: ((k >= 3075887) AND (k <= 3075987))

table 5 : explain SELECT k FROM sbtest5 WHERE k BETWEEN 3075887 AND 3075987
	Index Only Scan using k_5 on sbtest5  (cost=0.43..6.42 rows=99 width=4)
	  Index Cond: ((k >= 3075887) AND (k <= 3075987))

table 6 : explain SELECT k FROM sbtest6 WHERE k BETWEEN 3075887 AND 3075987
	Index Only Scan using k_6 on sbtest6  (cost=0.43..6.51 rows=104 width=4)
	  Index Cond: ((k >= 3075887) AND (k <= 3075987))

table 7 : explain SELECT k FROM sbtest7 WHERE k BETWEEN 3075887 AND 3075987
	Index Only Scan using k_7 on sbtest7  (cost=0.43..6.40 rows=98 width=4)
	  Index Cond: ((k >= 3075887) AND (k <= 3075987))

table 8 : explain SELECT k FROM sbtest8 WHERE k BETWEEN 3075887 AND 3075987
	Index Only Scan using k_8 on sbtest8  (cost=0.43..6.53 rows=105 width=4)
	  Index Cond: ((k >= 3075887) AND (k <= 3075987))

for range-covered
table 1 : explain SELECT k FROM sbtest1 WHERE k BETWEEN 4891728 AND 4891828
	Index Only Scan using k_1 on sbtest1  (cost=0.43..10.60 rows=108 width=4)
	  Index Cond: ((k >= 4891728) AND (k <= 4891828))

table 2 : explain SELECT k FROM sbtest2 WHERE k BETWEEN 4891728 AND 4891828
	Index Only Scan using k_2 on sbtest2  (cost=0.43..6.40 rows=98 width=4)
	  Index Cond: ((k >= 4891728) AND (k <= 4891828))

table 3 : explain SELECT k FROM sbtest3 WHERE k BETWEEN 4891728 AND 4891828
	Index Only Scan using k_3 on sbtest3  (cost=0.43..6.40 rows=98 width=4)
	  Index Cond: ((k >= 4891728) AND (k <= 4891828))

table 4 : explain SELECT k FROM sbtest4 WHERE k BETWEEN 4891728 AND 4891828
	Index Only Scan using k_4 on sbtest4  (cost=0.43..6.42 rows=99 width=4)
	  Index Cond: ((k >= 4891728) AND (k <= 4891828))

table 5 : explain SELECT k FROM sbtest5 WHERE k BETWEEN 4891728 AND 4891828
	Index Only Scan using k_5 on sbtest5  (cost=0.43..6.58 rows=107 width=4)
	  Index Cond: ((k >= 4891728) AND (k <= 4891828))

table 6 : explain SELECT k FROM sbtest6 WHERE k BETWEEN 4891728 AND 4891828
	Index Only Scan using k_6 on sbtest6  (cost=0.43..6.45 rows=101 width=4)
	  Index Cond: ((k >= 4891728) AND (k <= 4891828))

table 7 : explain SELECT k FROM sbtest7 WHERE k BETWEEN 4891728 AND 4891828
	Index Only Scan using k_7 on sbtest7  (cost=0.43..6.43 rows=100 width=4)
	  Index Cond: ((k >= 4891728) AND (k <= 4891828))

table 8 : explain SELECT k FROM sbtest8 WHERE k BETWEEN 4891728 AND 4891828
	Index Only Scan using k_8 on sbtest8  (cost=0.43..6.42 rows=99 width=4)
	  Index Cond: ((k >= 4891728) AND (k <= 4891828))

for range-covered
table 1 : explain SELECT k FROM sbtest1 WHERE k BETWEEN 5095286 AND 5095386
	Index Only Scan using k_1 on sbtest1  (cost=0.43..10.58 rows=107 width=4)
	  Index Cond: ((k >= 5095286) AND (k <= 5095386))

table 2 : explain SELECT k FROM sbtest2 WHERE k BETWEEN 5095286 AND 5095386
	Index Only Scan using k_2 on sbtest2  (cost=0.43..6.50 rows=103 width=4)
	  Index Cond: ((k >= 5095286) AND (k <= 5095386))

table 3 : explain SELECT k FROM sbtest3 WHERE k BETWEEN 5095286 AND 5095386
	Index Only Scan using k_3 on sbtest3  (cost=0.43..6.51 rows=104 width=4)
	  Index Cond: ((k >= 5095286) AND (k <= 5095386))

table 4 : explain SELECT k FROM sbtest4 WHERE k BETWEEN 5095286 AND 5095386
	Index Only Scan using k_4 on sbtest4  (cost=0.43..6.63 rows=110 width=4)
	  Index Cond: ((k >= 5095286) AND (k <= 5095386))

table 5 : explain SELECT k FROM sbtest5 WHERE k BETWEEN 5095286 AND 5095386
	Index Only Scan using k_5 on sbtest5  (cost=0.43..6.35 rows=96 width=4)
	  Index Cond: ((k >= 5095286) AND (k <= 5095386))

table 6 : explain SELECT k FROM sbtest6 WHERE k BETWEEN 5095286 AND 5095386
	Index Only Scan using k_6 on sbtest6  (cost=0.43..6.40 rows=98 width=4)
	  Index Cond: ((k >= 5095286) AND (k <= 5095386))

table 7 : explain SELECT k FROM sbtest7 WHERE k BETWEEN 5095286 AND 5095386
	Index Only Scan using k_7 on sbtest7  (cost=0.43..6.59 rows=108 width=4)
	  Index Cond: ((k >= 5095286) AND (k <= 5095386))

table 8 : explain SELECT k FROM sbtest8 WHERE k BETWEEN 5095286 AND 5095386
	Index Only Scan using k_8 on sbtest8  (cost=0.43..6.43 rows=100 width=4)
	  Index Cond: ((k >= 5095286) AND (k <= 5095386))

explain: for range-covered :: explain SELECT k FROM sbtest%d WHERE k BETWEEN 3075887 AND 3075987
explain: for range-covered :: explain SELECT k FROM sbtest%d WHERE k BETWEEN 4891728 AND 4891828
explain: for range-covered :: explain SELECT k FROM sbtest%d WHERE k BETWEEN 3620856 AND 3620956
for range-covered
table 1 : explain SELECT k FROM sbtest1 WHERE k BETWEEN 6926767 AND 6926867
	Index Only Scan using k_1 on sbtest1  (cost=0.43..10.54 rows=105 width=4)
	  Index Cond: ((k >= 6926767) AND (k <= 6926867))

table 2 : explain SELECT k FROM sbtest2 WHERE k BETWEEN 6926767 AND 6926867
	Index Only Scan using k_2 on sbtest2  (cost=0.43..6.51 rows=104 width=4)
	  Index Cond: ((k >= 6926767) AND (k <= 6926867))

table 3 : explain SELECT k FROM sbtest3 WHERE k BETWEEN 6926767 AND 6926867
	Index Only Scan using k_3 on sbtest3  (cost=0.43..6.51 rows=104 width=4)
	  Index Cond: ((k >= 6926767) AND (k <= 6926867))

table 4 : explain SELECT k FROM sbtest4 WHERE k BETWEEN 6926767 AND 6926867
	Index Only Scan using k_4 on sbtest4  (cost=0.43..6.33 rows=95 width=4)
	  Index Cond: ((k >= 6926767) AND (k <= 6926867))

table 5 : explain SELECT k FROM sbtest5 WHERE k BETWEEN 6926767 AND 6926867
	Index Only Scan using k_5 on sbtest5  (cost=0.43..6.63 rows=110 width=4)
	  Index Cond: ((k >= 6926767) AND (k <= 6926867))

table 6 : explain SELECT k FROM sbtest6 WHERE k BETWEEN 6926767 AND 6926867
	Index Only Scan using k_6 on sbtest6  (cost=0.43..6.75 rows=116 width=4)
	  Index Cond: ((k >= 6926767) AND (k <= 6926867))

table 7 : explain SELECT k FROM sbtest7 WHERE k BETWEEN 6926767 AND 6926867
	Index Only Scan using k_7 on sbtest7  (cost=0.43..6.35 rows=96 width=4)
	  Index Cond: ((k >= 6926767) AND (k <= 6926867))

table 8 : explain SELECT k FROM sbtest8 WHERE k BETWEEN 6926767 AND 6926867
	Index Only Scan using k_8 on sbtest8  (cost=0.43..6.29 rows=93 width=4)
	  Index Cond: ((k >= 6926767) AND (k <= 6926867))

explain: for range-covered :: explain SELECT k FROM sbtest%d WHERE k BETWEEN 5095286 AND 5095386
explain: for range-covered :: explain SELECT k FROM sbtest%d WHERE k BETWEEN 6926767 AND 6926867
explain: for range-covered :: explain SELECT k FROM sbtest%d WHERE k BETWEEN 4422687 AND 4422787
for range-covered
table 1 : explain SELECT k FROM sbtest1 WHERE k BETWEEN 5420892 AND 5420992
	Index Only Scan using k_1 on sbtest1  (cost=0.43..10.44 rows=100 width=4)
	  Index Cond: ((k >= 5420892) AND (k <= 5420992))

table 2 : explain SELECT k FROM sbtest2 WHERE k BETWEEN 5420892 AND 5420992
	Index Only Scan using k_2 on sbtest2  (cost=0.43..6.27 rows=92 width=4)
	  Index Cond: ((k >= 5420892) AND (k <= 5420992))

table 3 : explain SELECT k FROM sbtest3 WHERE k BETWEEN 5420892 AND 5420992
	Index Only Scan using k_3 on sbtest3  (cost=0.43..6.53 rows=105 width=4)
	  Index Cond: ((k >= 5420892) AND (k <= 5420992))

table 4 : explain SELECT k FROM sbtest4 WHERE k BETWEEN 5420892 AND 5420992
	Index Only Scan using k_4 on sbtest4  (cost=0.43..6.61 rows=109 width=4)
	  Index Cond: ((k >= 5420892) AND (k <= 5420992))

table 5 : explain SELECT k FROM sbtest5 WHERE k BETWEEN 5420892 AND 5420992
	Index Only Scan using k_5 on sbtest5  (cost=0.43..6.50 rows=103 width=4)
	  Index Cond: ((k >= 5420892) AND (k <= 5420992))

table 6 : explain SELECT k FROM sbtest6 WHERE k BETWEEN 5420892 AND 5420992
	Index Only Scan using k_6 on sbtest6  (cost=0.43..6.40 rows=98 width=4)
	  Index Cond: ((k >= 5420892) AND (k <= 5420992))

table 7 : explain SELECT k FROM sbtest7 WHERE k BETWEEN 5420892 AND 5420992
	Index Only Scan using k_7 on sbtest7  (cost=0.43..6.43 rows=100 width=4)
	  Index Cond: ((k >= 5420892) AND (k <= 5420992))

table 8 : explain SELECT k FROM sbtest8 WHERE k BETWEEN 5420892 AND 5420992
	Index Only Scan using k_8 on sbtest8  (cost=0.43..6.51 rows=104 width=4)
	  Index Cond: ((k >= 5420892) AND (k <= 5420992))

explain: for range-covered :: explain SELECT k FROM sbtest%d WHERE k BETWEEN 5420892 AND 5420992
for range-covered
table 1 : explain SELECT k FROM sbtest1 WHERE k BETWEEN 2766510 AND 2766610
	Index Only Scan using k_1 on sbtest1  (cost=0.43..10.50 rows=103 width=4)
	  Index Cond: ((k >= 2766510) AND (k <= 2766610))

table 2 : explain SELECT k FROM sbtest2 WHERE k BETWEEN 2766510 AND 2766610
	Index Only Scan using k_2 on sbtest2  (cost=0.43..6.59 rows=108 width=4)
	  Index Cond: ((k >= 2766510) AND (k <= 2766610))

table 3 : explain SELECT k FROM sbtest3 WHERE k BETWEEN 2766510 AND 2766610
	Index Only Scan using k_3 on sbtest3  (cost=0.43..6.40 rows=98 width=4)
	  Index Cond: ((k >= 2766510) AND (k <= 2766610))

table 4 : explain SELECT k FROM sbtest4 WHERE k BETWEEN 2766510 AND 2766610
	Index Only Scan using k_4 on sbtest4  (cost=0.43..6.35 rows=96 width=4)
	  Index Cond: ((k >= 2766510) AND (k <= 2766610))

table 5 : explain SELECT k FROM sbtest5 WHERE k BETWEEN 2766510 AND 2766610
	Index Only Scan using k_5 on sbtest5  (cost=0.43..6.27 rows=92 width=4)
	  Index Cond: ((k >= 2766510) AND (k <= 2766610))

table 6 : explain SELECT k FROM sbtest6 WHERE k BETWEEN 2766510 AND 2766610
	Index Only Scan using k_6 on sbtest6  (cost=0.43..6.50 rows=103 width=4)
	  Index Cond: ((k >= 2766510) AND (k <= 2766610))

table 7 : explain SELECT k FROM sbtest7 WHERE k BETWEEN 2766510 AND 2766610
	Index Only Scan using k_7 on sbtest7  (cost=0.43..6.59 rows=108 width=4)
	  Index Cond: ((k >= 2766510) AND (k <= 2766610))

table 8 : explain SELECT k FROM sbtest8 WHERE k BETWEEN 2766510 AND 2766610
	Index Only Scan using k_8 on sbtest8  (cost=0.43..6.59 rows=108 width=4)
	  Index Cond: ((k >= 2766510) AND (k <= 2766610))

explain: for range-covered :: explain SELECT k FROM sbtest%d WHERE k BETWEEN 2766510 AND 2766610
for range-covered
table 1 : explain SELECT k FROM sbtest1 WHERE k BETWEEN 3075887 AND 3075987
	Index Only Scan using k_1 on sbtest1  (cost=0.43..10.46 rows=101 width=4)
	  Index Cond: ((k >= 3075887) AND (k <= 3075987))

table 2 : explain SELECT k FROM sbtest2 WHERE k BETWEEN 3075887 AND 3075987
	Index Only Scan using k_2 on sbtest2  (cost=0.43..6.51 rows=104 width=4)
	  Index Cond: ((k >= 3075887) AND (k <= 3075987))

table 3 : explain SELECT k FROM sbtest3 WHERE k BETWEEN 3075887 AND 3075987
	Index Only Scan using k_3 on sbtest3  (cost=0.43..6.27 rows=92 width=4)
	  Index Cond: ((k >= 3075887) AND (k <= 3075987))

table 4 : explain SELECT k FROM sbtest4 WHERE k BETWEEN 3075887 AND 3075987
	Index Only Scan using k_4 on sbtest4  (cost=0.43..6.37 rows=97 width=4)
	  Index Cond: ((k >= 3075887) AND (k <= 3075987))

table 5 : explain SELECT k FROM sbtest5 WHERE k BETWEEN 3075887 AND 3075987
	Index Only Scan using k_5 on sbtest5  (cost=0.43..6.42 rows=99 width=4)
	  Index Cond: ((k >= 3075887) AND (k <= 3075987))

table 6 : explain SELECT k FROM sbtest6 WHERE k BETWEEN 3075887 AND 3075987
	Index Only Scan using k_6 on sbtest6  (cost=0.43..6.51 rows=104 width=4)
	  Index Cond: ((k >= 3075887) AND (k <= 3075987))

table 7 : explain SELECT k FROM sbtest7 WHERE k BETWEEN 3075887 AND 3075987
	Index Only Scan using k_7 on sbtest7  (cost=0.43..6.40 rows=98 width=4)
	  Index Cond: ((k >= 3075887) AND (k <= 3075987))

table 8 : explain SELECT k FROM sbtest8 WHERE k BETWEEN 3075887 AND 3075987
	Index Only Scan using k_8 on sbtest8  (cost=0.43..6.53 rows=105 width=4)
	  Index Cond: ((k >= 3075887) AND (k <= 3075987))

for range-covered
table 1 : explain SELECT k FROM sbtest1 WHERE k BETWEEN 5095286 AND 5095386
	Index Only Scan using k_1 on sbtest1  (cost=0.43..10.58 rows=107 width=4)
	  Index Cond: ((k >= 5095286) AND (k <= 5095386))

table 2 : explain SELECT k FROM sbtest2 WHERE k BETWEEN 5095286 AND 5095386
	Index Only Scan using k_2 on sbtest2  (cost=0.43..6.50 rows=103 width=4)
	  Index Cond: ((k >= 5095286) AND (k <= 5095386))

table 3 : explain SELECT k FROM sbtest3 WHERE k BETWEEN 5095286 AND 5095386
	Index Only Scan using k_3 on sbtest3  (cost=0.43..6.51 rows=104 width=4)
	  Index Cond: ((k >= 5095286) AND (k <= 5095386))

table 4 : explain SELECT k FROM sbtest4 WHERE k BETWEEN 5095286 AND 5095386
	Index Only Scan using k_4 on sbtest4  (cost=0.43..6.63 rows=110 width=4)
	  Index Cond: ((k >= 5095286) AND (k <= 5095386))

table 5 : explain SELECT k FROM sbtest5 WHERE k BETWEEN 5095286 AND 5095386
	Index Only Scan using k_5 on sbtest5  (cost=0.43..6.35 rows=96 width=4)
	  Index Cond: ((k >= 5095286) AND (k <= 5095386))

table 6 : explain SELECT k FROM sbtest6 WHERE k BETWEEN 5095286 AND 5095386
	Index Only Scan using k_6 on sbtest6  (cost=0.43..6.40 rows=98 width=4)
	  Index Cond: ((k >= 5095286) AND (k <= 5095386))

table 7 : explain SELECT k FROM sbtest7 WHERE k BETWEEN 5095286 AND 5095386
	Index Only Scan using k_7 on sbtest7  (cost=0.43..6.59 rows=108 width=4)
	  Index Cond: ((k >= 5095286) AND (k <= 5095386))

table 8 : explain SELECT k FROM sbtest8 WHERE k BETWEEN 5095286 AND 5095386
	Index Only Scan using k_8 on sbtest8  (cost=0.43..6.43 rows=100 width=4)
	  Index Cond: ((k >= 5095286) AND (k <= 5095386))

explain: for range-covered :: explain SELECT k FROM sbtest%d WHERE k BETWEEN 3075887 AND 3075987
for range-covered
table 1 : explain SELECT k FROM sbtest1 WHERE k BETWEEN 4891728 AND 4891828
	Index Only Scan using k_1 on sbtest1  (cost=0.43..10.60 rows=108 width=4)
	  Index Cond: ((k >= 4891728) AND (k <= 4891828))

table 2 : explain SELECT k FROM sbtest2 WHERE k BETWEEN 4891728 AND 4891828
	Index Only Scan using k_2 on sbtest2  (cost=0.43..6.40 rows=98 width=4)
	  Index Cond: ((k >= 4891728) AND (k <= 4891828))

table 3 : explain SELECT k FROM sbtest3 WHERE k BETWEEN 4891728 AND 4891828
	Index Only Scan using k_3 on sbtest3  (cost=0.43..6.40 rows=98 width=4)
	  Index Cond: ((k >= 4891728) AND (k <= 4891828))

table 4 : explain SELECT k FROM sbtest4 WHERE k BETWEEN 4891728 AND 4891828
	Index Only Scan using k_4 on sbtest4  (cost=0.43..6.42 rows=99 width=4)
	  Index Cond: ((k >= 4891728) AND (k <= 4891828))

table 5 : explain SELECT k FROM sbtest5 WHERE k BETWEEN 4891728 AND 4891828
	Index Only Scan using k_5 on sbtest5  (cost=0.43..6.58 rows=107 width=4)
	  Index Cond: ((k >= 4891728) AND (k <= 4891828))

table 6 : explain SELECT k FROM sbtest6 WHERE k BETWEEN 4891728 AND 4891828
	Index Only Scan using k_6 on sbtest6  (cost=0.43..6.45 rows=101 width=4)
	  Index Cond: ((k >= 4891728) AND (k <= 4891828))

table 7 : explain SELECT k FROM sbtest7 WHERE k BETWEEN 4891728 AND 4891828
	Index Only Scan using k_7 on sbtest7  (cost=0.43..6.43 rows=100 width=4)
	  Index Cond: ((k >= 4891728) AND (k <= 4891828))

table 8 : explain SELECT k FROM sbtest8 WHERE k BETWEEN 4891728 AND 4891828
	Index Only Scan using k_8 on sbtest8  (cost=0.43..6.42 rows=99 width=4)
	  Index Cond: ((k >= 4891728) AND (k <= 4891828))

for range-covered
table 1 : explain SELECT k FROM sbtest1 WHERE k BETWEEN 5370711 AND 5370811
	Index Only Scan using k_1 on sbtest1  (cost=0.43..10.44 rows=100 width=4)
	  Index Cond: ((k >= 5370711) AND (k <= 5370811))

table 2 : explain SELECT k FROM sbtest2 WHERE k BETWEEN 5370711 AND 5370811
	Index Only Scan using k_2 on sbtest2  (cost=0.43..6.45 rows=101 width=4)
	  Index Cond: ((k >= 5370711) AND (k <= 5370811))

table 3 : explain SELECT k FROM sbtest3 WHERE k BETWEEN 5370711 AND 5370811
	Index Only Scan using k_3 on sbtest3  (cost=0.43..6.53 rows=105 width=4)
	  Index Cond: ((k >= 5370711) AND (k <= 5370811))

table 4 : explain SELECT k FROM sbtest4 WHERE k BETWEEN 5370711 AND 5370811
	Index Only Scan using k_4 on sbtest4  (cost=0.43..6.61 rows=109 width=4)
	  Index Cond: ((k >= 5370711) AND (k <= 5370811))

table 5 : explain SELECT k FROM sbtest5 WHERE k BETWEEN 5370711 AND 5370811
	Index Only Scan using k_5 on sbtest5  (cost=0.43..6.50 rows=103 width=4)
	  Index Cond: ((k >= 5370711) AND (k <= 5370811))

table 6 : explain SELECT k FROM sbtest6 WHERE k BETWEEN 5370711 AND 5370811
	Index Only Scan using k_6 on sbtest6  (cost=0.43..6.40 rows=98 width=4)
	  Index Cond: ((k >= 5370711) AND (k <= 5370811))

table 7 : explain SELECT k FROM sbtest7 WHERE k BETWEEN 5370711 AND 5370811
	Index Only Scan using k_7 on sbtest7  (cost=0.43..6.43 rows=100 width=4)
	  Index Cond: ((k >= 5370711) AND (k <= 5370811))

table 8 : explain SELECT k FROM sbtest8 WHERE k BETWEEN 5370711 AND 5370811
	Index Only Scan using k_8 on sbtest8  (cost=0.43..6.51 rows=104 width=4)
	  Index Cond: ((k >= 5370711) AND (k <= 5370811))

for range-covered
table 1 : explain SELECT k FROM sbtest1 WHERE k BETWEEN 6926767 AND 6926867
	Index Only Scan using k_1 on sbtest1  (cost=0.43..10.54 rows=105 width=4)
	  Index Cond: ((k >= 6926767) AND (k <= 6926867))

table 2 : explain SELECT k FROM sbtest2 WHERE k BETWEEN 6926767 AND 6926867
	Index Only Scan using k_2 on sbtest2  (cost=0.43..6.51 rows=104 width=4)
	  Index Cond: ((k >= 6926767) AND (k <= 6926867))

table 3 : explain SELECT k FROM sbtest3 WHERE k BETWEEN 6926767 AND 6926867
	Index Only Scan using k_3 on sbtest3  (cost=0.43..6.51 rows=104 width=4)
	  Index Cond: ((k >= 6926767) AND (k <= 6926867))

table 4 : explain SELECT k FROM sbtest4 WHERE k BETWEEN 6926767 AND 6926867
	Index Only Scan using k_4 on sbtest4  (cost=0.43..6.33 rows=95 width=4)
	  Index Cond: ((k >= 6926767) AND (k <= 6926867))

table 5 : explain SELECT k FROM sbtest5 WHERE k BETWEEN 6926767 AND 6926867
	Index Only Scan using k_5 on sbtest5  (cost=0.43..6.63 rows=110 width=4)
	  Index Cond: ((k >= 6926767) AND (k <= 6926867))

table 6 : explain SELECT k FROM sbtest6 WHERE k BETWEEN 6926767 AND 6926867
	Index Only Scan using k_6 on sbtest6  (cost=0.43..6.75 rows=116 width=4)
	  Index Cond: ((k >= 6926767) AND (k <= 6926867))

table 7 : explain SELECT k FROM sbtest7 WHERE k BETWEEN 6926767 AND 6926867
	Index Only Scan using k_7 on sbtest7  (cost=0.43..6.35 rows=96 width=4)
	  Index Cond: ((k >= 6926767) AND (k <= 6926867))

table 8 : explain SELECT k FROM sbtest8 WHERE k BETWEEN 6926767 AND 6926867
	Index Only Scan using k_8 on sbtest8  (cost=0.43..6.29 rows=93 width=4)
	  Index Cond: ((k >= 6926767) AND (k <= 6926867))

explain: for range-covered :: explain SELECT k FROM sbtest%d WHERE k BETWEEN 4891728 AND 4891828
explain: for range-covered :: explain SELECT k FROM sbtest%d WHERE k BETWEEN 5370711 AND 5370811
explain: for range-covered :: explain SELECT k FROM sbtest%d WHERE k BETWEEN 6926767 AND 6926867
for range-covered
table 1 : explain SELECT k FROM sbtest1 WHERE k BETWEEN 5420892 AND 5420992
	Index Only Scan using k_1 on sbtest1  (cost=0.43..10.44 rows=100 width=4)
	  Index Cond: ((k >= 5420892) AND (k <= 5420992))

table 2 : explain SELECT k FROM sbtest2 WHERE k BETWEEN 5420892 AND 5420992
	Index Only Scan using k_2 on sbtest2  (cost=0.43..6.27 rows=92 width=4)
	  Index Cond: ((k >= 5420892) AND (k <= 5420992))

table 3 : explain SELECT k FROM sbtest3 WHERE k BETWEEN 5420892 AND 5420992
	Index Only Scan using k_3 on sbtest3  (cost=0.43..6.53 rows=105 width=4)
	  Index Cond: ((k >= 5420892) AND (k <= 5420992))

table 4 : explain SELECT k FROM sbtest4 WHERE k BETWEEN 5420892 AND 5420992
	Index Only Scan using k_4 on sbtest4  (cost=0.43..6.61 rows=109 width=4)
	  Index Cond: ((k >= 5420892) AND (k <= 5420992))

table 5 : explain SELECT k FROM sbtest5 WHERE k BETWEEN 5420892 AND 5420992
	Index Only Scan using k_5 on sbtest5  (cost=0.43..6.50 rows=103 width=4)
	  Index Cond: ((k >= 5420892) AND (k <= 5420992))

table 6 : explain SELECT k FROM sbtest6 WHERE k BETWEEN 5420892 AND 5420992
	Index Only Scan using k_6 on sbtest6  (cost=0.43..6.40 rows=98 width=4)
	  Index Cond: ((k >= 5420892) AND (k <= 5420992))

table 7 : explain SELECT k FROM sbtest7 WHERE k BETWEEN 5420892 AND 5420992
	Index Only Scan using k_7 on sbtest7  (cost=0.43..6.43 rows=100 width=4)
	  Index Cond: ((k >= 5420892) AND (k <= 5420992))

table 8 : explain SELECT k FROM sbtest8 WHERE k BETWEEN 5420892 AND 5420992
	Index Only Scan using k_8 on sbtest8  (cost=0.43..6.51 rows=104 width=4)
	  Index Cond: ((k >= 5420892) AND (k <= 5420992))

explain: for range-covered :: explain SELECT k FROM sbtest%d WHERE k BETWEEN 5420892 AND 5420992
for range-covered
table 1 : explain SELECT k FROM sbtest1 WHERE k BETWEEN 2766510 AND 2766610
	Index Only Scan using k_1 on sbtest1  (cost=0.43..10.50 rows=103 width=4)
	  Index Cond: ((k >= 2766510) AND (k <= 2766610))

table 2 : explain SELECT k FROM sbtest2 WHERE k BETWEEN 2766510 AND 2766610
	Index Only Scan using k_2 on sbtest2  (cost=0.43..6.59 rows=108 width=4)
	  Index Cond: ((k >= 2766510) AND (k <= 2766610))

table 3 : explain SELECT k FROM sbtest3 WHERE k BETWEEN 2766510 AND 2766610
	Index Only Scan using k_3 on sbtest3  (cost=0.43..6.40 rows=98 width=4)
	  Index Cond: ((k >= 2766510) AND (k <= 2766610))

table 4 : explain SELECT k FROM sbtest4 WHERE k BETWEEN 2766510 AND 2766610
	Index Only Scan using k_4 on sbtest4  (cost=0.43..6.35 rows=96 width=4)
	  Index Cond: ((k >= 2766510) AND (k <= 2766610))

table 5 : explain SELECT k FROM sbtest5 WHERE k BETWEEN 2766510 AND 2766610
	Index Only Scan using k_5 on sbtest5  (cost=0.43..6.27 rows=92 width=4)
	  Index Cond: ((k >= 2766510) AND (k <= 2766610))

table 6 : explain SELECT k FROM sbtest6 WHERE k BETWEEN 2766510 AND 2766610
	Index Only Scan using k_6 on sbtest6  (cost=0.43..6.50 rows=103 width=4)
	  Index Cond: ((k >= 2766510) AND (k <= 2766610))

table 7 : explain SELECT k FROM sbtest7 WHERE k BETWEEN 2766510 AND 2766610
	Index Only Scan using k_7 on sbtest7  (cost=0.43..6.59 rows=108 width=4)
	  Index Cond: ((k >= 2766510) AND (k <= 2766610))

table 8 : explain SELECT k FROM sbtest8 WHERE k BETWEEN 2766510 AND 2766610
	Index Only Scan using k_8 on sbtest8  (cost=0.43..6.59 rows=108 width=4)
	  Index Cond: ((k >= 2766510) AND (k <= 2766610))

for range-covered
table 1 : explain SELECT k FROM sbtest1 WHERE k BETWEEN 3075887 AND 3075987
	Index Only Scan using k_1 on sbtest1  (cost=0.43..10.46 rows=101 width=4)
	  Index Cond: ((k >= 3075887) AND (k <= 3075987))

table 2 : explain SELECT k FROM sbtest2 WHERE k BETWEEN 3075887 AND 3075987
	Index Only Scan using k_2 on sbtest2  (cost=0.43..6.51 rows=104 width=4)
	  Index Cond: ((k >= 3075887) AND (k <= 3075987))

table 3 : explain SELECT k FROM sbtest3 WHERE k BETWEEN 3075887 AND 3075987
	Index Only Scan using k_3 on sbtest3  (cost=0.43..6.27 rows=92 width=4)
	  Index Cond: ((k >= 3075887) AND (k <= 3075987))

table 4 : explain SELECT k FROM sbtest4 WHERE k BETWEEN 3075887 AND 3075987
	Index Only Scan using k_4 on sbtest4  (cost=0.43..6.37 rows=97 width=4)
	  Index Cond: ((k >= 3075887) AND (k <= 3075987))

table 5 : explain SELECT k FROM sbtest5 WHERE k BETWEEN 3075887 AND 3075987
	Index Only Scan using k_5 on sbtest5  (cost=0.43..6.42 rows=99 width=4)
	  Index Cond: ((k >= 3075887) AND (k <= 3075987))

table 6 : explain SELECT k FROM sbtest6 WHERE k BETWEEN 3075887 AND 3075987
	Index Only Scan using k_6 on sbtest6  (cost=0.43..6.51 rows=104 width=4)
	  Index Cond: ((k >= 3075887) AND (k <= 3075987))

table 7 : explain SELECT k FROM sbtest7 WHERE k BETWEEN 3075887 AND 3075987
	Index Only Scan using k_7 on sbtest7  (cost=0.43..6.40 rows=98 width=4)
	  Index Cond: ((k >= 3075887) AND (k <= 3075987))

table 8 : explain SELECT k FROM sbtest8 WHERE k BETWEEN 3075887 AND 3075987
	Index Only Scan using k_8 on sbtest8  (cost=0.43..6.53 rows=105 width=4)
	  Index Cond: ((k >= 3075887) AND (k <= 3075987))

for range-covered
table 1 : explain SELECT k FROM sbtest1 WHERE k BETWEEN 4891728 AND 4891828
	Index Only Scan using k_1 on sbtest1  (cost=0.43..10.60 rows=108 width=4)
	  Index Cond: ((k >= 4891728) AND (k <= 4891828))

table 2 : explain SELECT k FROM sbtest2 WHERE k BETWEEN 4891728 AND 4891828
	Index Only Scan using k_2 on sbtest2  (cost=0.43..6.40 rows=98 width=4)
	  Index Cond: ((k >= 4891728) AND (k <= 4891828))

table 3 : explain SELECT k FROM sbtest3 WHERE k BETWEEN 4891728 AND 4891828
	Index Only Scan using k_3 on sbtest3  (cost=0.43..6.40 rows=98 width=4)
	  Index Cond: ((k >= 4891728) AND (k <= 4891828))

table 4 : explain SELECT k FROM sbtest4 WHERE k BETWEEN 4891728 AND 4891828
	Index Only Scan using k_4 on sbtest4  (cost=0.43..6.42 rows=99 width=4)
	  Index Cond: ((k >= 4891728) AND (k <= 4891828))

table 5 : explain SELECT k FROM sbtest5 WHERE k BETWEEN 4891728 AND 4891828
	Index Only Scan using k_5 on sbtest5  (cost=0.43..6.58 rows=107 width=4)
	  Index Cond: ((k >= 4891728) AND (k <= 4891828))

table 6 : explain SELECT k FROM sbtest6 WHERE k BETWEEN 4891728 AND 4891828
	Index Only Scan using k_6 on sbtest6  (cost=0.43..6.45 rows=101 width=4)
	  Index Cond: ((k >= 4891728) AND (k <= 4891828))

table 7 : explain SELECT k FROM sbtest7 WHERE k BETWEEN 4891728 AND 4891828
	Index Only Scan using k_7 on sbtest7  (cost=0.43..6.43 rows=100 width=4)
	  Index Cond: ((k >= 4891728) AND (k <= 4891828))

table 8 : explain SELECT k FROM sbtest8 WHERE k BETWEEN 4891728 AND 4891828
	Index Only Scan using k_8 on sbtest8  (cost=0.43..6.42 rows=99 width=4)
	  Index Cond: ((k >= 4891728) AND (k <= 4891828))

for range-covered
table 1 : explain SELECT k FROM sbtest1 WHERE k BETWEEN 6926767 AND 6926867
	Index Only Scan using k_1 on sbtest1  (cost=0.43..10.54 rows=105 width=4)
	  Index Cond: ((k >= 6926767) AND (k <= 6926867))

table 2 : explain SELECT k FROM sbtest2 WHERE k BETWEEN 6926767 AND 6926867
	Index Only Scan using k_2 on sbtest2  (cost=0.43..6.51 rows=104 width=4)
	  Index Cond: ((k >= 6926767) AND (k <= 6926867))

table 3 : explain SELECT k FROM sbtest3 WHERE k BETWEEN 6926767 AND 6926867
	Index Only Scan using k_3 on sbtest3  (cost=0.43..6.51 rows=104 width=4)
	  Index Cond: ((k >= 6926767) AND (k <= 6926867))

table 4 : explain SELECT k FROM sbtest4 WHERE k BETWEEN 6926767 AND 6926867
	Index Only Scan using k_4 on sbtest4  (cost=0.43..6.33 rows=95 width=4)
	  Index Cond: ((k >= 6926767) AND (k <= 6926867))

table 5 : explain SELECT k FROM sbtest5 WHERE k BETWEEN 6926767 AND 6926867
	Index Only Scan using k_5 on sbtest5  (cost=0.43..6.63 rows=110 width=4)
	  Index Cond: ((k >= 6926767) AND (k <= 6926867))

table 6 : explain SELECT k FROM sbtest6 WHERE k BETWEEN 6926767 AND 6926867
	Index Only Scan using k_6 on sbtest6  (cost=0.43..6.75 rows=116 width=4)
	  Index Cond: ((k >= 6926767) AND (k <= 6926867))

table 7 : explain SELECT k FROM sbtest7 WHERE k BETWEEN 6926767 AND 6926867
	Index Only Scan using k_7 on sbtest7  (cost=0.43..6.35 rows=96 width=4)
	  Index Cond: ((k >= 6926767) AND (k <= 6926867))

table 8 : explain SELECT k FROM sbtest8 WHERE k BETWEEN 6926767 AND 6926867
	Index Only Scan using k_8 on sbtest8  (cost=0.43..6.29 rows=93 width=4)
	  Index Cond: ((k >= 6926767) AND (k <= 6926867))

explain: for range-covered :: explain SELECT k FROM sbtest%d WHERE k BETWEEN 3075887 AND 3075987
explain: for range-covered :: explain SELECT k FROM sbtest%d WHERE k BETWEEN 4891728 AND 4891828
explain: for range-covered :: explain SELECT k FROM sbtest%d WHERE k BETWEEN 6926767 AND 6926867
for range-covered
table 1 : explain SELECT k FROM sbtest1 WHERE k BETWEEN 5575233 AND 5575333
	Index Only Scan using k_1 on sbtest1  (cost=0.43..10.54 rows=105 width=4)
	  Index Cond: ((k >= 5575233) AND (k <= 5575333))

table 2 : explain SELECT k FROM sbtest2 WHERE k BETWEEN 5575233 AND 5575333
	Index Only Scan using k_2 on sbtest2  (cost=0.43..6.45 rows=101 width=4)
	  Index Cond: ((k >= 5575233) AND (k <= 5575333))

table 3 : explain SELECT k FROM sbtest3 WHERE k BETWEEN 5575233 AND 5575333
	Index Only Scan using k_3 on sbtest3  (cost=0.43..6.40 rows=98 width=4)
	  Index Cond: ((k >= 5575233) AND (k <= 5575333))

table 4 : explain SELECT k FROM sbtest4 WHERE k BETWEEN 5575233 AND 5575333
	Index Only Scan using k_4 on sbtest4  (cost=0.43..6.37 rows=97 width=4)
	  Index Cond: ((k >= 5575233) AND (k <= 5575333))

table 5 : explain SELECT k FROM sbtest5 WHERE k BETWEEN 5575233 AND 5575333
	Index Only Scan using k_5 on sbtest5  (cost=0.43..6.47 rows=102 width=4)
	  Index Cond: ((k >= 5575233) AND (k <= 5575333))

table 6 : explain SELECT k FROM sbtest6 WHERE k BETWEEN 5575233 AND 5575333
	Index Only Scan using k_6 on sbtest6  (cost=0.43..6.51 rows=104 width=4)
	  Index Cond: ((k >= 5575233) AND (k <= 5575333))

table 7 : explain SELECT k FROM sbtest7 WHERE k BETWEEN 5575233 AND 5575333
	Index Only Scan using k_7 on sbtest7  (cost=0.43..6.43 rows=100 width=4)
	  Index Cond: ((k >= 5575233) AND (k <= 5575333))

table 8 : explain SELECT k FROM sbtest8 WHERE k BETWEEN 5575233 AND 5575333
	Index Only Scan using k_8 on sbtest8  (cost=0.43..6.69 rows=113 width=4)
	  Index Cond: ((k >= 5575233) AND (k <= 5575333))

for range-covered
table 1 : explain SELECT k FROM sbtest1 WHERE k BETWEEN 5420892 AND 5420992
	Index Only Scan using k_1 on sbtest1  (cost=0.43..10.44 rows=100 width=4)
	  Index Cond: ((k >= 5420892) AND (k <= 5420992))

table 2 : explain SELECT k FROM sbtest2 WHERE k BETWEEN 5420892 AND 5420992
	Index Only Scan using k_2 on sbtest2  (cost=0.43..6.27 rows=92 width=4)
	  Index Cond: ((k >= 5420892) AND (k <= 5420992))

table 3 : explain SELECT k FROM sbtest3 WHERE k BETWEEN 5420892 AND 5420992
	Index Only Scan using k_3 on sbtest3  (cost=0.43..6.53 rows=105 width=4)
	  Index Cond: ((k >= 5420892) AND (k <= 5420992))

table 4 : explain SELECT k FROM sbtest4 WHERE k BETWEEN 5420892 AND 5420992
	Index Only Scan using k_4 on sbtest4  (cost=0.43..6.61 rows=109 width=4)
	  Index Cond: ((k >= 5420892) AND (k <= 5420992))

table 5 : explain SELECT k FROM sbtest5 WHERE k BETWEEN 5420892 AND 5420992
	Index Only Scan using k_5 on sbtest5  (cost=0.43..6.50 rows=103 width=4)
	  Index Cond: ((k >= 5420892) AND (k <= 5420992))

table 6 : explain SELECT k FROM sbtest6 WHERE k BETWEEN 5420892 AND 5420992
	Index Only Scan using k_6 on sbtest6  (cost=0.43..6.40 rows=98 width=4)
	  Index Cond: ((k >= 5420892) AND (k <= 5420992))

table 7 : explain SELECT k FROM sbtest7 WHERE k BETWEEN 5420892 AND 5420992
	Index Only Scan using k_7 on sbtest7  (cost=0.43..6.43 rows=100 width=4)
	  Index Cond: ((k >= 5420892) AND (k <= 5420992))

table 8 : explain SELECT k FROM sbtest8 WHERE k BETWEEN 5420892 AND 5420992
	Index Only Scan using k_8 on sbtest8  (cost=0.43..6.51 rows=104 width=4)
	  Index Cond: ((k >= 5420892) AND (k <= 5420992))

explain: for range-covered :: explain SELECT k FROM sbtest%d WHERE k BETWEEN 5575233 AND 5575333
explain: for range-covered :: explain SELECT k FROM sbtest%d WHERE k BETWEEN 5420892 AND 5420992
for range-covered
table 1 : explain SELECT k FROM sbtest1 WHERE k BETWEEN 5370711 AND 5370811
	Index Only Scan using k_1 on sbtest1  (cost=0.43..10.44 rows=100 width=4)
	  Index Cond: ((k >= 5370711) AND (k <= 5370811))

table 2 : explain SELECT k FROM sbtest2 WHERE k BETWEEN 5370711 AND 5370811
	Index Only Scan using k_2 on sbtest2  (cost=0.43..6.45 rows=101 width=4)
	  Index Cond: ((k >= 5370711) AND (k <= 5370811))

table 3 : explain SELECT k FROM sbtest3 WHERE k BETWEEN 5370711 AND 5370811
	Index Only Scan using k_3 on sbtest3  (cost=0.43..6.53 rows=105 width=4)
	  Index Cond: ((k >= 5370711) AND (k <= 5370811))

table 4 : explain SELECT k FROM sbtest4 WHERE k BETWEEN 5370711 AND 5370811
	Index Only Scan using k_4 on sbtest4  (cost=0.43..6.61 rows=109 width=4)
	  Index Cond: ((k >= 5370711) AND (k <= 5370811))

table 5 : explain SELECT k FROM sbtest5 WHERE k BETWEEN 5370711 AND 5370811
	Index Only Scan using k_5 on sbtest5  (cost=0.43..6.50 rows=103 width=4)
	  Index Cond: ((k >= 5370711) AND (k <= 5370811))

table 6 : explain SELECT k FROM sbtest6 WHERE k BETWEEN 5370711 AND 5370811
	Index Only Scan using k_6 on sbtest6  (cost=0.43..6.40 rows=98 width=4)
	  Index Cond: ((k >= 5370711) AND (k <= 5370811))

table 7 : explain SELECT k FROM sbtest7 WHERE k BETWEEN 5370711 AND 5370811
	Index Only Scan using k_7 on sbtest7  (cost=0.43..6.43 rows=100 width=4)
	  Index Cond: ((k >= 5370711) AND (k <= 5370811))

table 8 : explain SELECT k FROM sbtest8 WHERE k BETWEEN 5370711 AND 5370811
	Index Only Scan using k_8 on sbtest8  (cost=0.43..6.51 rows=104 width=4)
	  Index Cond: ((k >= 5370711) AND (k <= 5370811))

for range-covered
table 1 : explain SELECT k FROM sbtest1 WHERE k BETWEEN 3609638 AND 3609738
	Index Only Scan using k_1 on sbtest1  (cost=0.43..10.38 rows=97 width=4)
	  Index Cond: ((k >= 3609638) AND (k <= 3609738))

table 2 : explain SELECT k FROM sbtest2 WHERE k BETWEEN 3609638 AND 3609738
	Index Only Scan using k_2 on sbtest2  (cost=0.43..6.59 rows=108 width=4)
	  Index Cond: ((k >= 3609638) AND (k <= 3609738))

table 3 : explain SELECT k FROM sbtest3 WHERE k BETWEEN 3609638 AND 3609738
	Index Only Scan using k_3 on sbtest3  (cost=0.43..6.37 rows=97 width=4)
	  Index Cond: ((k >= 3609638) AND (k <= 3609738))

table 4 : explain SELECT k FROM sbtest4 WHERE k BETWEEN 3609638 AND 3609738
	Index Only Scan using k_4 on sbtest4  (cost=0.43..6.40 rows=98 width=4)
	  Index Cond: ((k >= 3609638) AND (k <= 3609738))

table 5 : explain SELECT k FROM sbtest5 WHERE k BETWEEN 3609638 AND 3609738
	Index Only Scan using k_5 on sbtest5  (cost=0.43..6.67 rows=112 width=4)
	  Index Cond: ((k >= 3609638) AND (k <= 3609738))

table 6 : explain SELECT k FROM sbtest6 WHERE k BETWEEN 3609638 AND 3609738
	Index Only Scan using k_6 on sbtest6  (cost=0.43..6.42 rows=99 width=4)
	  Index Cond: ((k >= 3609638) AND (k <= 3609738))

table 7 : explain SELECT k FROM sbtest7 WHERE k BETWEEN 3609638 AND 3609738
	Index Only Scan using k_7 on sbtest7  (cost=0.43..6.45 rows=101 width=4)
	  Index Cond: ((k >= 3609638) AND (k <= 3609738))

table 8 : explain SELECT k FROM sbtest8 WHERE k BETWEEN 3609638 AND 3609738
	Index Only Scan using k_8 on sbtest8  (cost=0.43..6.25 rows=91 width=4)
	  Index Cond: ((k >= 3609638) AND (k <= 3609738))

explain: for range-covered :: explain SELECT k FROM sbtest%d WHERE k BETWEEN 5370711 AND 5370811
explain: for range-covered :: explain SELECT k FROM sbtest%d WHERE k BETWEEN 3609638 AND 3609738
for range-covered
table 1 : explain SELECT k FROM sbtest1 WHERE k BETWEEN 3075887 AND 3075987
	Index Only Scan using k_1 on sbtest1  (cost=0.43..10.46 rows=101 width=4)
	  Index Cond: ((k >= 3075887) AND (k <= 3075987))

table 2 : explain SELECT k FROM sbtest2 WHERE k BETWEEN 3075887 AND 3075987
	Index Only Scan using k_2 on sbtest2  (cost=0.43..6.51 rows=104 width=4)
	  Index Cond: ((k >= 3075887) AND (k <= 3075987))

table 3 : explain SELECT k FROM sbtest3 WHERE k BETWEEN 3075887 AND 3075987
	Index Only Scan using k_3 on sbtest3  (cost=0.43..6.27 rows=92 width=4)
	  Index Cond: ((k >= 3075887) AND (k <= 3075987))

table 4 : explain SELECT k FROM sbtest4 WHERE k BETWEEN 3075887 AND 3075987
	Index Only Scan using k_4 on sbtest4  (cost=0.43..6.37 rows=97 width=4)
	  Index Cond: ((k >= 3075887) AND (k <= 3075987))

table 5 : explain SELECT k FROM sbtest5 WHERE k BETWEEN 3075887 AND 3075987
	Index Only Scan using k_5 on sbtest5  (cost=0.43..6.42 rows=99 width=4)
	  Index Cond: ((k >= 3075887) AND (k <= 3075987))

table 6 : explain SELECT k FROM sbtest6 WHERE k BETWEEN 3075887 AND 3075987
	Index Only Scan using k_6 on sbtest6  (cost=0.43..6.51 rows=104 width=4)
	  Index Cond: ((k >= 3075887) AND (k <= 3075987))

table 7 : explain SELECT k FROM sbtest7 WHERE k BETWEEN 3075887 AND 3075987
	Index Only Scan using k_7 on sbtest7  (cost=0.43..6.40 rows=98 width=4)
	  Index Cond: ((k >= 3075887) AND (k <= 3075987))

table 8 : explain SELECT k FROM sbtest8 WHERE k BETWEEN 3075887 AND 3075987
	Index Only Scan using k_8 on sbtest8  (cost=0.43..6.53 rows=105 width=4)
	  Index Cond: ((k >= 3075887) AND (k <= 3075987))

for range-covered
table 1 : explain SELECT k FROM sbtest1 WHERE k BETWEEN 4891728 AND 4891828
	Index Only Scan using k_1 on sbtest1  (cost=0.43..10.60 rows=108 width=4)
	  Index Cond: ((k >= 4891728) AND (k <= 4891828))

table 2 : explain SELECT k FROM sbtest2 WHERE k BETWEEN 4891728 AND 4891828
	Index Only Scan using k_2 on sbtest2  (cost=0.43..6.40 rows=98 width=4)
	  Index Cond: ((k >= 4891728) AND (k <= 4891828))

table 3 : explain SELECT k FROM sbtest3 WHERE k BETWEEN 4891728 AND 4891828
	Index Only Scan using k_3 on sbtest3  (cost=0.43..6.40 rows=98 width=4)
	  Index Cond: ((k >= 4891728) AND (k <= 4891828))

table 4 : explain SELECT k FROM sbtest4 WHERE k BETWEEN 4891728 AND 4891828
	Index Only Scan using k_4 on sbtest4  (cost=0.43..6.42 rows=99 width=4)
	  Index Cond: ((k >= 4891728) AND (k <= 4891828))

table 5 : explain SELECT k FROM sbtest5 WHERE k BETWEEN 4891728 AND 4891828
	Index Only Scan using k_5 on sbtest5  (cost=0.43..6.58 rows=107 width=4)
	  Index Cond: ((k >= 4891728) AND (k <= 4891828))

table 6 : explain SELECT k FROM sbtest6 WHERE k BETWEEN 4891728 AND 4891828
	Index Only Scan using k_6 on sbtest6  (cost=0.43..6.45 rows=101 width=4)
	  Index Cond: ((k >= 4891728) AND (k <= 4891828))

table 7 : explain SELECT k FROM sbtest7 WHERE k BETWEEN 4891728 AND 4891828
	Index Only Scan using k_7 on sbtest7  (cost=0.43..6.43 rows=100 width=4)
	  Index Cond: ((k >= 4891728) AND (k <= 4891828))

table 8 : explain SELECT k FROM sbtest8 WHERE k BETWEEN 4891728 AND 4891828
	Index Only Scan using k_8 on sbtest8  (cost=0.43..6.42 rows=99 width=4)
	  Index Cond: ((k >= 4891728) AND (k <= 4891828))

explain: for range-covered :: explain SELECT k FROM sbtest%d WHERE k BETWEEN 3075887 AND 3075987
for range-covered
table 1 : explain SELECT k FROM sbtest1 WHERE k BETWEEN 6926767 AND 6926867
	Index Only Scan using k_1 on sbtest1  (cost=0.43..10.54 rows=105 width=4)
	  Index Cond: ((k >= 6926767) AND (k <= 6926867))

table 2 : explain SELECT k FROM sbtest2 WHERE k BETWEEN 6926767 AND 6926867
	Index Only Scan using k_2 on sbtest2  (cost=0.43..6.51 rows=104 width=4)
	  Index Cond: ((k >= 6926767) AND (k <= 6926867))

table 3 : explain SELECT k FROM sbtest3 WHERE k BETWEEN 6926767 AND 6926867
	Index Only Scan using k_3 on sbtest3  (cost=0.43..6.51 rows=104 width=4)
	  Index Cond: ((k >= 6926767) AND (k <= 6926867))

table 4 : explain SELECT k FROM sbtest4 WHERE k BETWEEN 6926767 AND 6926867
	Index Only Scan using k_4 on sbtest4  (cost=0.43..6.33 rows=95 width=4)
	  Index Cond: ((k >= 6926767) AND (k <= 6926867))

table 5 : explain SELECT k FROM sbtest5 WHERE k BETWEEN 6926767 AND 6926867
	Index Only Scan using k_5 on sbtest5  (cost=0.43..6.63 rows=110 width=4)
	  Index Cond: ((k >= 6926767) AND (k <= 6926867))

table 6 : explain SELECT k FROM sbtest6 WHERE k BETWEEN 6926767 AND 6926867
	Index Only Scan using k_6 on sbtest6  (cost=0.43..6.75 rows=116 width=4)
	  Index Cond: ((k >= 6926767) AND (k <= 6926867))

table 7 : explain SELECT k FROM sbtest7 WHERE k BETWEEN 6926767 AND 6926867
	Index Only Scan using k_7 on sbtest7  (cost=0.43..6.35 rows=96 width=4)
	  Index Cond: ((k >= 6926767) AND (k <= 6926867))

table 8 : explain SELECT k FROM sbtest8 WHERE k BETWEEN 6926767 AND 6926867
	Index Only Scan using k_8 on sbtest8  (cost=0.43..6.29 rows=93 width=4)
	  Index Cond: ((k >= 6926767) AND (k <= 6926867))

explain: for range-covered :: explain SELECT k FROM sbtest%d WHERE k BETWEEN 4891728 AND 4891828
explain: for range-covered :: explain SELECT k FROM sbtest%d WHERE k BETWEEN 6926767 AND 6926867
for range-covered
table 1 : explain SELECT k FROM sbtest1 WHERE k BETWEEN 5575233 AND 5575333
	Index Only Scan using k_1 on sbtest1  (cost=0.43..10.54 rows=105 width=4)
	  Index Cond: ((k >= 5575233) AND (k <= 5575333))

table 2 : explain SELECT k FROM sbtest2 WHERE k BETWEEN 5575233 AND 5575333
	Index Only Scan using k_2 on sbtest2  (cost=0.43..6.45 rows=101 width=4)
	  Index Cond: ((k >= 5575233) AND (k <= 5575333))

table 3 : explain SELECT k FROM sbtest3 WHERE k BETWEEN 5575233 AND 5575333
	Index Only Scan using k_3 on sbtest3  (cost=0.43..6.40 rows=98 width=4)
	  Index Cond: ((k >= 5575233) AND (k <= 5575333))

table 4 : explain SELECT k FROM sbtest4 WHERE k BETWEEN 5575233 AND 5575333
	Index Only Scan using k_4 on sbtest4  (cost=0.43..6.37 rows=97 width=4)
	  Index Cond: ((k >= 5575233) AND (k <= 5575333))

table 5 : explain SELECT k FROM sbtest5 WHERE k BETWEEN 5575233 AND 5575333
	Index Only Scan using k_5 on sbtest5  (cost=0.43..6.47 rows=102 width=4)
	  Index Cond: ((k >= 5575233) AND (k <= 5575333))

table 6 : explain SELECT k FROM sbtest6 WHERE k BETWEEN 5575233 AND 5575333
	Index Only Scan using k_6 on sbtest6  (cost=0.43..6.51 rows=104 width=4)
	  Index Cond: ((k >= 5575233) AND (k <= 5575333))

table 7 : explain SELECT k FROM sbtest7 WHERE k BETWEEN 5575233 AND 5575333
	Index Only Scan using k_7 on sbtest7  (cost=0.43..6.43 rows=100 width=4)
	  Index Cond: ((k >= 5575233) AND (k <= 5575333))

table 8 : explain SELECT k FROM sbtest8 WHERE k BETWEEN 5575233 AND 5575333
	Index Only Scan using k_8 on sbtest8  (cost=0.43..6.69 rows=113 width=4)
	  Index Cond: ((k >= 5575233) AND (k <= 5575333))

for range-covered
table 1 : explain SELECT k FROM sbtest1 WHERE k BETWEEN 5420892 AND 5420992
	Index Only Scan using k_1 on sbtest1  (cost=0.43..10.44 rows=100 width=4)
	  Index Cond: ((k >= 5420892) AND (k <= 5420992))

table 2 : explain SELECT k FROM sbtest2 WHERE k BETWEEN 5420892 AND 5420992
	Index Only Scan using k_2 on sbtest2  (cost=0.43..6.27 rows=92 width=4)
	  Index Cond: ((k >= 5420892) AND (k <= 5420992))

table 3 : explain SELECT k FROM sbtest3 WHERE k BETWEEN 5420892 AND 5420992
	Index Only Scan using k_3 on sbtest3  (cost=0.43..6.53 rows=105 width=4)
	  Index Cond: ((k >= 5420892) AND (k <= 5420992))

table 4 : explain SELECT k FROM sbtest4 WHERE k BETWEEN 5420892 AND 5420992
	Index Only Scan using k_4 on sbtest4  (cost=0.43..6.61 rows=109 width=4)
	  Index Cond: ((k >= 5420892) AND (k <= 5420992))

table 5 : explain SELECT k FROM sbtest5 WHERE k BETWEEN 5420892 AND 5420992
	Index Only Scan using k_5 on sbtest5  (cost=0.43..6.50 rows=103 width=4)
	  Index Cond: ((k >= 5420892) AND (k <= 5420992))

table 6 : explain SELECT k FROM sbtest6 WHERE k BETWEEN 5420892 AND 5420992
	Index Only Scan using k_6 on sbtest6  (cost=0.43..6.40 rows=98 width=4)
	  Index Cond: ((k >= 5420892) AND (k <= 5420992))

table 7 : explain SELECT k FROM sbtest7 WHERE k BETWEEN 5420892 AND 5420992
	Index Only Scan using k_7 on sbtest7  (cost=0.43..6.43 rows=100 width=4)
	  Index Cond: ((k >= 5420892) AND (k <= 5420992))

table 8 : explain SELECT k FROM sbtest8 WHERE k BETWEEN 5420892 AND 5420992
	Index Only Scan using k_8 on sbtest8  (cost=0.43..6.51 rows=104 width=4)
	  Index Cond: ((k >= 5420892) AND (k <= 5420992))
explain: for range-covered :: explain SELECT k FROM sbtest%d WHERE k BETWEEN 5575233 AND 5575333

explain: for range-covered :: explain SELECT k FROM sbtest%d WHERE k BETWEEN 5420892 AND 5420992
for range-covered
table 1 : explain SELECT k FROM sbtest1 WHERE k BETWEEN 4422687 AND 4422787
	Index Only Scan using k_1 on sbtest1  (cost=0.43..10.56 rows=106 width=4)
	  Index Cond: ((k >= 4422687) AND (k <= 4422787))

table 2 : explain SELECT k FROM sbtest2 WHERE k BETWEEN 4422687 AND 4422787
	Index Only Scan using k_2 on sbtest2  (cost=0.43..6.51 rows=104 width=4)
	  Index Cond: ((k >= 4422687) AND (k <= 4422787))

table 3 : explain SELECT k FROM sbtest3 WHERE k BETWEEN 4422687 AND 4422787
	Index Only Scan using k_3 on sbtest3  (cost=0.43..6.37 rows=97 width=4)
	  Index Cond: ((k >= 4422687) AND (k <= 4422787))

table 4 : explain SELECT k FROM sbtest4 WHERE k BETWEEN 4422687 AND 4422787
	Index Only Scan using k_4 on sbtest4  (cost=0.43..6.25 rows=91 width=4)
	  Index Cond: ((k >= 4422687) AND (k <= 4422787))

table 5 : explain SELECT k FROM sbtest5 WHERE k BETWEEN 4422687 AND 4422787
	Index Only Scan using k_5 on sbtest5  (cost=0.43..6.40 rows=98 width=4)
	  Index Cond: ((k >= 4422687) AND (k <= 4422787))

table 6 : explain SELECT k FROM sbtest6 WHERE k BETWEEN 4422687 AND 4422787
	Index Only Scan using k_6 on sbtest6  (cost=0.43..6.32 rows=94 width=4)
	  Index Cond: ((k >= 4422687) AND (k <= 4422787))

table 7 : explain SELECT k FROM sbtest7 WHERE k BETWEEN 4422687 AND 4422787
	Index Only Scan using k_7 on sbtest7  (cost=0.43..6.43 rows=100 width=4)
	  Index Cond: ((k >= 4422687) AND (k <= 4422787))

table 8 : explain SELECT k FROM sbtest8 WHERE k BETWEEN 4422687 AND 4422787
	Index Only Scan using k_8 on sbtest8  (cost=0.43..6.32 rows=94 width=4)
	  Index Cond: ((k >= 4422687) AND (k <= 4422787))

explain: for range-covered :: explain SELECT k FROM sbtest%d WHERE k BETWEEN 5929038 AND 5929138
explain: for range-covered :: explain SELECT k FROM sbtest%d WHERE k BETWEEN 4422687 AND 4422787
for range-covered
table 1 : explain SELECT k FROM sbtest1 WHERE k BETWEEN 5370711 AND 5370811
	Index Only Scan using k_1 on sbtest1  (cost=0.43..10.44 rows=100 width=4)
	  Index Cond: ((k >= 5370711) AND (k <= 5370811))

table 2 : explain SELECT k FROM sbtest2 WHERE k BETWEEN 5370711 AND 5370811
	Index Only Scan using k_2 on sbtest2  (cost=0.43..6.45 rows=101 width=4)
	  Index Cond: ((k >= 5370711) AND (k <= 5370811))

table 3 : explain SELECT k FROM sbtest3 WHERE k BETWEEN 5370711 AND 5370811
	Index Only Scan using k_3 on sbtest3  (cost=0.43..6.53 rows=105 width=4)
	  Index Cond: ((k >= 5370711) AND (k <= 5370811))

table 4 : explain SELECT k FROM sbtest4 WHERE k BETWEEN 5370711 AND 5370811
	Index Only Scan using k_4 on sbtest4  (cost=0.43..6.61 rows=109 width=4)
	  Index Cond: ((k >= 5370711) AND (k <= 5370811))

table 5 : explain SELECT k FROM sbtest5 WHERE k BETWEEN 5370711 AND 5370811
	Index Only Scan using k_5 on sbtest5  (cost=0.43..6.50 rows=103 width=4)
	  Index Cond: ((k >= 5370711) AND (k <= 5370811))

table 6 : explain SELECT k FROM sbtest6 WHERE k BETWEEN 5370711 AND 5370811
	Index Only Scan using k_6 on sbtest6  (cost=0.43..6.40 rows=98 width=4)
	  Index Cond: ((k >= 5370711) AND (k <= 5370811))

table 7 : explain SELECT k FROM sbtest7 WHERE k BETWEEN 5370711 AND 5370811
	Index Only Scan using k_7 on sbtest7  (cost=0.43..6.43 rows=100 width=4)
	  Index Cond: ((k >= 5370711) AND (k <= 5370811))

table 8 : explain SELECT k FROM sbtest8 WHERE k BETWEEN 5370711 AND 5370811
	Index Only Scan using k_8 on sbtest8  (cost=0.43..6.51 rows=104 width=4)
	  Index Cond: ((k >= 5370711) AND (k <= 5370811))

explain: for range-covered :: explain SELECT k FROM sbtest%d WHERE k BETWEEN 5370711 AND 5370811
for range-covered
table 1 : explain SELECT k FROM sbtest1 WHERE k BETWEEN 3609638 AND 3609738
	Index Only Scan using k_1 on sbtest1  (cost=0.43..10.38 rows=97 width=4)
	  Index Cond: ((k >= 3609638) AND (k <= 3609738))

table 2 : explain SELECT k FROM sbtest2 WHERE k BETWEEN 3609638 AND 3609738
	Index Only Scan using k_2 on sbtest2  (cost=0.43..6.59 rows=108 width=4)
	  Index Cond: ((k >= 3609638) AND (k <= 3609738))

table 3 : explain SELECT k FROM sbtest3 WHERE k BETWEEN 3609638 AND 3609738
	Index Only Scan using k_3 on sbtest3  (cost=0.43..6.37 rows=97 width=4)
	  Index Cond: ((k >= 3609638) AND (k <= 3609738))

table 4 : explain SELECT k FROM sbtest4 WHERE k BETWEEN 3609638 AND 3609738
	Index Only Scan using k_4 on sbtest4  (cost=0.43..6.40 rows=98 width=4)
	  Index Cond: ((k >= 3609638) AND (k <= 3609738))

table 5 : explain SELECT k FROM sbtest5 WHERE k BETWEEN 3609638 AND 3609738
	Index Only Scan using k_5 on sbtest5  (cost=0.43..6.67 rows=112 width=4)
	  Index Cond: ((k >= 3609638) AND (k <= 3609738))

table 6 : explain SELECT k FROM sbtest6 WHERE k BETWEEN 3609638 AND 3609738
	Index Only Scan using k_6 on sbtest6  (cost=0.43..6.42 rows=99 width=4)
	  Index Cond: ((k >= 3609638) AND (k <= 3609738))

table 7 : explain SELECT k FROM sbtest7 WHERE k BETWEEN 3609638 AND 3609738
	Index Only Scan using k_7 on sbtest7  (cost=0.43..6.45 rows=101 width=4)
	  Index Cond: ((k >= 3609638) AND (k <= 3609738))

table 8 : explain SELECT k FROM sbtest8 WHERE k BETWEEN 3609638 AND 3609738
	Index Only Scan using k_8 on sbtest8  (cost=0.43..6.25 rows=91 width=4)
	  Index Cond: ((k >= 3609638) AND (k <= 3609738))

explain: for range-covered :: explain SELECT k FROM sbtest%d WHERE k BETWEEN 3609638 AND 3609738
for range-covered
table 1 : explain SELECT k FROM sbtest1 WHERE k BETWEEN 3075887 AND 3075987
	Index Only Scan using k_1 on sbtest1  (cost=0.43..10.46 rows=101 width=4)
	  Index Cond: ((k >= 3075887) AND (k <= 3075987))

table 2 : explain SELECT k FROM sbtest2 WHERE k BETWEEN 3075887 AND 3075987
	Index Only Scan using k_2 on sbtest2  (cost=0.43..6.51 rows=104 width=4)
	  Index Cond: ((k >= 3075887) AND (k <= 3075987))

table 3 : explain SELECT k FROM sbtest3 WHERE k BETWEEN 3075887 AND 3075987
	Index Only Scan using k_3 on sbtest3  (cost=0.43..6.27 rows=92 width=4)
	  Index Cond: ((k >= 3075887) AND (k <= 3075987))

table 4 : explain SELECT k FROM sbtest4 WHERE k BETWEEN 3075887 AND 3075987
	Index Only Scan using k_4 on sbtest4  (cost=0.43..6.37 rows=97 width=4)
	  Index Cond: ((k >= 3075887) AND (k <= 3075987))

table 5 : explain SELECT k FROM sbtest5 WHERE k BETWEEN 3075887 AND 3075987
	Index Only Scan using k_5 on sbtest5  (cost=0.43..6.42 rows=99 width=4)
	  Index Cond: ((k >= 3075887) AND (k <= 3075987))

table 6 : explain SELECT k FROM sbtest6 WHERE k BETWEEN 3075887 AND 3075987
	Index Only Scan using k_6 on sbtest6  (cost=0.43..6.51 rows=104 width=4)
	  Index Cond: ((k >= 3075887) AND (k <= 3075987))

table 7 : explain SELECT k FROM sbtest7 WHERE k BETWEEN 3075887 AND 3075987
	Index Only Scan using k_7 on sbtest7  (cost=0.43..6.40 rows=98 width=4)
	  Index Cond: ((k >= 3075887) AND (k <= 3075987))

table 8 : explain SELECT k FROM sbtest8 WHERE k BETWEEN 3075887 AND 3075987
	Index Only Scan using k_8 on sbtest8  (cost=0.43..6.53 rows=105 width=4)
	  Index Cond: ((k >= 3075887) AND (k <= 3075987))

for range-covered
table 1 : explain SELECT k FROM sbtest1 WHERE k BETWEEN 4891728 AND 4891828
	Index Only Scan using k_1 on sbtest1  (cost=0.43..10.60 rows=108 width=4)
	  Index Cond: ((k >= 4891728) AND (k <= 4891828))

table 2 : explain SELECT k FROM sbtest2 WHERE k BETWEEN 4891728 AND 4891828
	Index Only Scan using k_2 on sbtest2  (cost=0.43..6.40 rows=98 width=4)
	  Index Cond: ((k >= 4891728) AND (k <= 4891828))

table 3 : explain SELECT k FROM sbtest3 WHERE k BETWEEN 4891728 AND 4891828
	Index Only Scan using k_3 on sbtest3  (cost=0.43..6.40 rows=98 width=4)
	  Index Cond: ((k >= 4891728) AND (k <= 4891828))

table 4 : explain SELECT k FROM sbtest4 WHERE k BETWEEN 4891728 AND 4891828
	Index Only Scan using k_4 on sbtest4  (cost=0.43..6.42 rows=99 width=4)
	  Index Cond: ((k >= 4891728) AND (k <= 4891828))

table 5 : explain SELECT k FROM sbtest5 WHERE k BETWEEN 4891728 AND 4891828
	Index Only Scan using k_5 on sbtest5  (cost=0.43..6.58 rows=107 width=4)
	  Index Cond: ((k >= 4891728) AND (k <= 4891828))

table 6 : explain SELECT k FROM sbtest6 WHERE k BETWEEN 4891728 AND 4891828
	Index Only Scan using k_6 on sbtest6  (cost=0.43..6.45 rows=101 width=4)
	  Index Cond: ((k >= 4891728) AND (k <= 4891828))

table 7 : explain SELECT k FROM sbtest7 WHERE k BETWEEN 4891728 AND 4891828
	Index Only Scan using k_7 on sbtest7  (cost=0.43..6.43 rows=100 width=4)
	  Index Cond: ((k >= 4891728) AND (k <= 4891828))

table 8 : explain SELECT k FROM sbtest8 WHERE k BETWEEN 4891728 AND 4891828
	Index Only Scan using k_8 on sbtest8  (cost=0.43..6.42 rows=99 width=4)
	  Index Cond: ((k >= 4891728) AND (k <= 4891828))

for range-covered
table 1 : explain SELECT k FROM sbtest1 WHERE k BETWEEN 6926767 AND 6926867
	Index Only Scan using k_1 on sbtest1  (cost=0.43..10.54 rows=105 width=4)
	  Index Cond: ((k >= 6926767) AND (k <= 6926867))

table 2 : explain SELECT k FROM sbtest2 WHERE k BETWEEN 6926767 AND 6926867
	Index Only Scan using k_2 on sbtest2  (cost=0.43..6.51 rows=104 width=4)
	  Index Cond: ((k >= 6926767) AND (k <= 6926867))

table 3 : explain SELECT k FROM sbtest3 WHERE k BETWEEN 6926767 AND 6926867
	Index Only Scan using k_3 on sbtest3  (cost=0.43..6.51 rows=104 width=4)
	  Index Cond: ((k >= 6926767) AND (k <= 6926867))

table 4 : explain SELECT k FROM sbtest4 WHERE k BETWEEN 6926767 AND 6926867
	Index Only Scan using k_4 on sbtest4  (cost=0.43..6.33 rows=95 width=4)
	  Index Cond: ((k >= 6926767) AND (k <= 6926867))

table 5 : explain SELECT k FROM sbtest5 WHERE k BETWEEN 6926767 AND 6926867
	Index Only Scan using k_5 on sbtest5  (cost=0.43..6.63 rows=110 width=4)
	  Index Cond: ((k >= 6926767) AND (k <= 6926867))

table 6 : explain SELECT k FROM sbtest6 WHERE k BETWEEN 6926767 AND 6926867
	Index Only Scan using k_6 on sbtest6  (cost=0.43..6.75 rows=116 width=4)
	  Index Cond: ((k >= 6926767) AND (k <= 6926867))

table 7 : explain SELECT k FROM sbtest7 WHERE k BETWEEN 6926767 AND 6926867
	Index Only Scan using k_7 on sbtest7  (cost=0.43..6.35 rows=96 width=4)
	  Index Cond: ((k >= 6926767) AND (k <= 6926867))

table 8 : explain SELECT k FROM sbtest8 WHERE k BETWEEN 6926767 AND 6926867
	Index Only Scan using k_8 on sbtest8  (cost=0.43..6.29 rows=93 width=4)
	  Index Cond: ((k >= 6926767) AND (k <= 6926867))

explain: for range-covered :: explain SELECT k FROM sbtest%d WHERE k BETWEEN 6926767 AND 6926867
for range-covered
table 1 : explain SELECT k FROM sbtest1 WHERE k BETWEEN 5575233 AND 5575333
	Index Only Scan using k_1 on sbtest1  (cost=0.43..10.54 rows=105 width=4)
	  Index Cond: ((k >= 5575233) AND (k <= 5575333))

table 2 : explain SELECT k FROM sbtest2 WHERE k BETWEEN 5575233 AND 5575333
	Index Only Scan using k_2 on sbtest2  (cost=0.43..6.45 rows=101 width=4)
	  Index Cond: ((k >= 5575233) AND (k <= 5575333))

table 3 : explain SELECT k FROM sbtest3 WHERE k BETWEEN 5575233 AND 5575333
	Index Only Scan using k_3 on sbtest3  (cost=0.43..6.40 rows=98 width=4)
	  Index Cond: ((k >= 5575233) AND (k <= 5575333))

table 4 : explain SELECT k FROM sbtest4 WHERE k BETWEEN 5575233 AND 5575333
	Index Only Scan using k_4 on sbtest4  (cost=0.43..6.37 rows=97 width=4)
	  Index Cond: ((k >= 5575233) AND (k <= 5575333))

table 5 : explain SELECT k FROM sbtest5 WHERE k BETWEEN 5575233 AND 5575333
	Index Only Scan using k_5 on sbtest5  (cost=0.43..6.47 rows=102 width=4)
	  Index Cond: ((k >= 5575233) AND (k <= 5575333))

table 6 : explain SELECT k FROM sbtest6 WHERE k BETWEEN 5575233 AND 5575333
	Index Only Scan using k_6 on sbtest6  (cost=0.43..6.51 rows=104 width=4)
	  Index Cond: ((k >= 5575233) AND (k <= 5575333))

table 7 : explain SELECT k FROM sbtest7 WHERE k BETWEEN 5575233 AND 5575333
	Index Only Scan using k_7 on sbtest7  (cost=0.43..6.43 rows=100 width=4)
	  Index Cond: ((k >= 5575233) AND (k <= 5575333))

table 8 : explain SELECT k FROM sbtest8 WHERE k BETWEEN 5575233 AND 5575333
	Index Only Scan using k_8 on sbtest8  (cost=0.43..6.69 rows=113 width=4)
	  Index Cond: ((k >= 5575233) AND (k <= 5575333))

for range-covered
table 1 : explain SELECT k FROM sbtest1 WHERE k BETWEEN 5420892 AND 5420992
	Index Only Scan using k_1 on sbtest1  (cost=0.43..10.44 rows=100 width=4)
	  Index Cond: ((k >= 5420892) AND (k <= 5420992))

table 2 : explain SELECT k FROM sbtest2 WHERE k BETWEEN 5420892 AND 5420992
	Index Only Scan using k_2 on sbtest2  (cost=0.43..6.27 rows=92 width=4)
	  Index Cond: ((k >= 5420892) AND (k <= 5420992))

table 3 : explain SELECT k FROM sbtest3 WHERE k BETWEEN 5420892 AND 5420992
	Index Only Scan using k_3 on sbtest3  (cost=0.43..6.53 rows=105 width=4)
	  Index Cond: ((k >= 5420892) AND (k <= 5420992))

table 4 : explain SELECT k FROM sbtest4 WHERE k BETWEEN 5420892 AND 5420992
	Index Only Scan using k_4 on sbtest4  (cost=0.43..6.61 rows=109 width=4)
	  Index Cond: ((k >= 5420892) AND (k <= 5420992))

table 5 : explain SELECT k FROM sbtest5 WHERE k BETWEEN 5420892 AND 5420992
	Index Only Scan using k_5 on sbtest5  (cost=0.43..6.50 rows=103 width=4)
	  Index Cond: ((k >= 5420892) AND (k <= 5420992))

table 6 : explain SELECT k FROM sbtest6 WHERE k BETWEEN 5420892 AND 5420992
	Index Only Scan using k_6 on sbtest6  (cost=0.43..6.40 rows=98 width=4)
	  Index Cond: ((k >= 5420892) AND (k <= 5420992))

table 7 : explain SELECT k FROM sbtest7 WHERE k BETWEEN 5420892 AND 5420992
	Index Only Scan using k_7 on sbtest7  (cost=0.43..6.43 rows=100 width=4)
	  Index Cond: ((k >= 5420892) AND (k <= 5420992))

table 8 : explain SELECT k FROM sbtest8 WHERE k BETWEEN 5420892 AND 5420992
	Index Only Scan using k_8 on sbtest8  (cost=0.43..6.51 rows=104 width=4)
	  Index Cond: ((k >= 5420892) AND (k <= 5420992))

explain: for range-covered :: explain SELECT k FROM sbtest%d WHERE k BETWEEN 5420892 AND 5420992
for range-covered
table 1 : explain SELECT k FROM sbtest1 WHERE k BETWEEN 4422687 AND 4422787
	Index Only Scan using k_1 on sbtest1  (cost=0.43..10.56 rows=106 width=4)
	  Index Cond: ((k >= 4422687) AND (k <= 4422787))

table 2 : explain SELECT k FROM sbtest2 WHERE k BETWEEN 4422687 AND 4422787
	Index Only Scan using k_2 on sbtest2  (cost=0.43..6.51 rows=104 width=4)
	  Index Cond: ((k >= 4422687) AND (k <= 4422787))

table 3 : explain SELECT k FROM sbtest3 WHERE k BETWEEN 4422687 AND 4422787
	Index Only Scan using k_3 on sbtest3  (cost=0.43..6.37 rows=97 width=4)
	  Index Cond: ((k >= 4422687) AND (k <= 4422787))

table 4 : explain SELECT k FROM sbtest4 WHERE k BETWEEN 4422687 AND 4422787
	Index Only Scan using k_4 on sbtest4  (cost=0.43..6.25 rows=91 width=4)
	  Index Cond: ((k >= 4422687) AND (k <= 4422787))

table 5 : explain SELECT k FROM sbtest5 WHERE k BETWEEN 4422687 AND 4422787
	Index Only Scan using k_5 on sbtest5  (cost=0.43..6.40 rows=98 width=4)
	  Index Cond: ((k >= 4422687) AND (k <= 4422787))

table 6 : explain SELECT k FROM sbtest6 WHERE k BETWEEN 4422687 AND 4422787
	Index Only Scan using k_6 on sbtest6  (cost=0.43..6.32 rows=94 width=4)
	  Index Cond: ((k >= 4422687) AND (k <= 4422787))

table 7 : explain SELECT k FROM sbtest7 WHERE k BETWEEN 4422687 AND 4422787
	Index Only Scan using k_7 on sbtest7  (cost=0.43..6.43 rows=100 width=4)
	  Index Cond: ((k >= 4422687) AND (k <= 4422787))

table 8 : explain SELECT k FROM sbtest8 WHERE k BETWEEN 4422687 AND 4422787
	Index Only Scan using k_8 on sbtest8  (cost=0.43..6.32 rows=94 width=4)
	  Index Cond: ((k >= 4422687) AND (k <= 4422787))

for range-covered
table 1 : explain SELECT k FROM sbtest1 WHERE k BETWEEN 5370711 AND 5370811
	Index Only Scan using k_1 on sbtest1  (cost=0.43..10.44 rows=100 width=4)
	  Index Cond: ((k >= 5370711) AND (k <= 5370811))

table 2 : explain SELECT k FROM sbtest2 WHERE k BETWEEN 5370711 AND 5370811
	Index Only Scan using k_2 on sbtest2  (cost=0.43..6.45 rows=101 width=4)
	  Index Cond: ((k >= 5370711) AND (k <= 5370811))

table 3 : explain SELECT k FROM sbtest3 WHERE k BETWEEN 5370711 AND 5370811
	Index Only Scan using k_3 on sbtest3  (cost=0.43..6.53 rows=105 width=4)
	  Index Cond: ((k >= 5370711) AND (k <= 5370811))

table 4 : explain SELECT k FROM sbtest4 WHERE k BETWEEN 5370711 AND 5370811
	Index Only Scan using k_4 on sbtest4  (cost=0.43..6.61 rows=109 width=4)
	  Index Cond: ((k >= 5370711) AND (k <= 5370811))

table 5 : explain SELECT k FROM sbtest5 WHERE k BETWEEN 5370711 AND 5370811
	Index Only Scan using k_5 on sbtest5  (cost=0.43..6.50 rows=103 width=4)
	  Index Cond: ((k >= 5370711) AND (k <= 5370811))

table 6 : explain SELECT k FROM sbtest6 WHERE k BETWEEN 5370711 AND 5370811
	Index Only Scan using k_6 on sbtest6  (cost=0.43..6.40 rows=98 width=4)
	  Index Cond: ((k >= 5370711) AND (k <= 5370811))

table 7 : explain SELECT k FROM sbtest7 WHERE k BETWEEN 5370711 AND 5370811
	Index Only Scan using k_7 on sbtest7  (cost=0.43..6.43 rows=100 width=4)
	  Index Cond: ((k >= 5370711) AND (k <= 5370811))

table 8 : explain SELECT k FROM sbtest8 WHERE k BETWEEN 5370711 AND 5370811
	Index Only Scan using k_8 on sbtest8  (cost=0.43..6.51 rows=104 width=4)
	  Index Cond: ((k >= 5370711) AND (k <= 5370811))

for range-covered
table 1 : explain SELECT k FROM sbtest1 WHERE k BETWEEN 3609638 AND 3609738
	Index Only Scan using k_1 on sbtest1  (cost=0.43..10.38 rows=97 width=4)
	  Index Cond: ((k >= 3609638) AND (k <= 3609738))

table 2 : explain SELECT k FROM sbtest2 WHERE k BETWEEN 3609638 AND 3609738
	Index Only Scan using k_2 on sbtest2  (cost=0.43..6.59 rows=108 width=4)
	  Index Cond: ((k >= 3609638) AND (k <= 3609738))

table 3 : explain SELECT k FROM sbtest3 WHERE k BETWEEN 3609638 AND 3609738
	Index Only Scan using k_3 on sbtest3  (cost=0.43..6.37 rows=97 width=4)
	  Index Cond: ((k >= 3609638) AND (k <= 3609738))

table 4 : explain SELECT k FROM sbtest4 WHERE k BETWEEN 3609638 AND 3609738
	Index Only Scan using k_4 on sbtest4  (cost=0.43..6.40 rows=98 width=4)
	  Index Cond: ((k >= 3609638) AND (k <= 3609738))

table 5 : explain SELECT k FROM sbtest5 WHERE k BETWEEN 3609638 AND 3609738
	Index Only Scan using k_5 on sbtest5  (cost=0.43..6.67 rows=112 width=4)
	  Index Cond: ((k >= 3609638) AND (k <= 3609738))

table 6 : explain SELECT k FROM sbtest6 WHERE k BETWEEN 3609638 AND 3609738
	Index Only Scan using k_6 on sbtest6  (cost=0.43..6.42 rows=99 width=4)
	  Index Cond: ((k >= 3609638) AND (k <= 3609738))

table 7 : explain SELECT k FROM sbtest7 WHERE k BETWEEN 3609638 AND 3609738
	Index Only Scan using k_7 on sbtest7  (cost=0.43..6.45 rows=101 width=4)
	  Index Cond: ((k >= 3609638) AND (k <= 3609738))

table 8 : explain SELECT k FROM sbtest8 WHERE k BETWEEN 3609638 AND 3609738
	Index Only Scan using k_8 on sbtest8  (cost=0.43..6.25 rows=91 width=4)
	  Index Cond: ((k >= 3609638) AND (k <= 3609738))

explain: for range-covered :: explain SELECT k FROM sbtest%d WHERE k BETWEEN 4422687 AND 4422787
explain: for range-covered :: explain SELECT k FROM sbtest%d WHERE k BETWEEN 3609638 AND 3609738
for range-covered
table 1 : explain SELECT k FROM sbtest1 WHERE k BETWEEN 6926767 AND 6926867
	Index Only Scan using k_1 on sbtest1  (cost=0.43..10.54 rows=105 width=4)
	  Index Cond: ((k >= 6926767) AND (k <= 6926867))

table 2 : explain SELECT k FROM sbtest2 WHERE k BETWEEN 6926767 AND 6926867
	Index Only Scan using k_2 on sbtest2  (cost=0.43..6.51 rows=104 width=4)
	  Index Cond: ((k >= 6926767) AND (k <= 6926867))

table 3 : explain SELECT k FROM sbtest3 WHERE k BETWEEN 6926767 AND 6926867
	Index Only Scan using k_3 on sbtest3  (cost=0.43..6.51 rows=104 width=4)
	  Index Cond: ((k >= 6926767) AND (k <= 6926867))

table 4 : explain SELECT k FROM sbtest4 WHERE k BETWEEN 6926767 AND 6926867
	Index Only Scan using k_4 on sbtest4  (cost=0.43..6.33 rows=95 width=4)
	  Index Cond: ((k >= 6926767) AND (k <= 6926867))

table 5 : explain SELECT k FROM sbtest5 WHERE k BETWEEN 6926767 AND 6926867
	Index Only Scan using k_5 on sbtest5  (cost=0.43..6.63 rows=110 width=4)
	  Index Cond: ((k >= 6926767) AND (k <= 6926867))

table 6 : explain SELECT k FROM sbtest6 WHERE k BETWEEN 6926767 AND 6926867
	Index Only Scan using k_6 on sbtest6  (cost=0.43..6.75 rows=116 width=4)
	  Index Cond: ((k >= 6926767) AND (k <= 6926867))

table 7 : explain SELECT k FROM sbtest7 WHERE k BETWEEN 6926767 AND 6926867
	Index Only Scan using k_7 on sbtest7  (cost=0.43..6.35 rows=96 width=4)
	  Index Cond: ((k >= 6926767) AND (k <= 6926867))

table 8 : explain SELECT k FROM sbtest8 WHERE k BETWEEN 6926767 AND 6926867
	Index Only Scan using k_8 on sbtest8  (cost=0.43..6.29 rows=93 width=4)
	  Index Cond: ((k >= 6926767) AND (k <= 6926867))

explain: for range-covered :: explain SELECT k FROM sbtest%d WHERE k BETWEEN 6926767 AND 6926867
for range-covered
table 1 : explain SELECT k FROM sbtest1 WHERE k BETWEEN 5420892 AND 5420992
	Index Only Scan using k_1 on sbtest1  (cost=0.43..10.44 rows=100 width=4)
	  Index Cond: ((k >= 5420892) AND (k <= 5420992))

table 2 : explain SELECT k FROM sbtest2 WHERE k BETWEEN 5420892 AND 5420992
	Index Only Scan using k_2 on sbtest2  (cost=0.43..6.27 rows=92 width=4)
	  Index Cond: ((k >= 5420892) AND (k <= 5420992))

table 3 : explain SELECT k FROM sbtest3 WHERE k BETWEEN 5420892 AND 5420992
	Index Only Scan using k_3 on sbtest3  (cost=0.43..6.53 rows=105 width=4)
	  Index Cond: ((k >= 5420892) AND (k <= 5420992))

table 4 : explain SELECT k FROM sbtest4 WHERE k BETWEEN 5420892 AND 5420992
	Index Only Scan using k_4 on sbtest4  (cost=0.43..6.61 rows=109 width=4)
	  Index Cond: ((k >= 5420892) AND (k <= 5420992))

table 5 : explain SELECT k FROM sbtest5 WHERE k BETWEEN 5420892 AND 5420992
	Index Only Scan using k_5 on sbtest5  (cost=0.43..6.50 rows=103 width=4)
	  Index Cond: ((k >= 5420892) AND (k <= 5420992))

table 6 : explain SELECT k FROM sbtest6 WHERE k BETWEEN 5420892 AND 5420992
	Index Only Scan using k_6 on sbtest6  (cost=0.43..6.40 rows=98 width=4)
	  Index Cond: ((k >= 5420892) AND (k <= 5420992))

table 7 : explain SELECT k FROM sbtest7 WHERE k BETWEEN 5420892 AND 5420992
	Index Only Scan using k_7 on sbtest7  (cost=0.43..6.43 rows=100 width=4)
	  Index Cond: ((k >= 5420892) AND (k <= 5420992))

table 8 : explain SELECT k FROM sbtest8 WHERE k BETWEEN 5420892 AND 5420992
	Index Only Scan using k_8 on sbtest8  (cost=0.43..6.51 rows=104 width=4)
	  Index Cond: ((k >= 5420892) AND (k <= 5420992))

for range-covered
table 1 : explain SELECT k FROM sbtest1 WHERE k BETWEEN 3620856 AND 3620956
	Index Only Scan using k_1 on sbtest1  (cost=0.43..10.38 rows=97 width=4)
	  Index Cond: ((k >= 3620856) AND (k <= 3620956))

table 2 : explain SELECT k FROM sbtest2 WHERE k BETWEEN 3620856 AND 3620956
	Index Only Scan using k_2 on sbtest2  (cost=0.43..6.59 rows=108 width=4)
	  Index Cond: ((k >= 3620856) AND (k <= 3620956))

table 3 : explain SELECT k FROM sbtest3 WHERE k BETWEEN 3620856 AND 3620956
	Index Only Scan using k_3 on sbtest3  (cost=0.43..6.37 rows=97 width=4)
	  Index Cond: ((k >= 3620856) AND (k <= 3620956))

table 4 : explain SELECT k FROM sbtest4 WHERE k BETWEEN 3620856 AND 3620956
	Index Only Scan using k_4 on sbtest4  (cost=0.43..6.42 rows=99 width=4)
	  Index Cond: ((k >= 3620856) AND (k <= 3620956))

table 5 : explain SELECT k FROM sbtest5 WHERE k BETWEEN 3620856 AND 3620956
	Index Only Scan using k_5 on sbtest5  (cost=0.43..6.47 rows=102 width=4)
	  Index Cond: ((k >= 3620856) AND (k <= 3620956))

table 6 : explain SELECT k FROM sbtest6 WHERE k BETWEEN 3620856 AND 3620956
	Index Only Scan using k_6 on sbtest6  (cost=0.43..6.42 rows=99 width=4)
	  Index Cond: ((k >= 3620856) AND (k <= 3620956))

table 7 : explain SELECT k FROM sbtest7 WHERE k BETWEEN 3620856 AND 3620956
	Index Only Scan using k_7 on sbtest7  (cost=0.43..6.45 rows=101 width=4)
	  Index Cond: ((k >= 3620856) AND (k <= 3620956))

table 8 : explain SELECT k FROM sbtest8 WHERE k BETWEEN 3620856 AND 3620956
	Index Only Scan using k_8 on sbtest8  (cost=0.43..6.25 rows=91 width=4)
	  Index Cond: ((k >= 3620856) AND (k <= 3620956))

for range-covered
table 1 : explain SELECT k FROM sbtest1 WHERE k BETWEEN 4422687 AND 4422787
	Index Only Scan using k_1 on sbtest1  (cost=0.43..10.56 rows=106 width=4)
	  Index Cond: ((k >= 4422687) AND (k <= 4422787))

table 2 : explain SELECT k FROM sbtest2 WHERE k BETWEEN 4422687 AND 4422787
	Index Only Scan using k_2 on sbtest2  (cost=0.43..6.51 rows=104 width=4)
	  Index Cond: ((k >= 4422687) AND (k <= 4422787))

table 3 : explain SELECT k FROM sbtest3 WHERE k BETWEEN 4422687 AND 4422787
	Index Only Scan using k_3 on sbtest3  (cost=0.43..6.37 rows=97 width=4)
	  Index Cond: ((k >= 4422687) AND (k <= 4422787))

table 4 : explain SELECT k FROM sbtest4 WHERE k BETWEEN 4422687 AND 4422787
	Index Only Scan using k_4 on sbtest4  (cost=0.43..6.25 rows=91 width=4)
	  Index Cond: ((k >= 4422687) AND (k <= 4422787))

table 5 : explain SELECT k FROM sbtest5 WHERE k BETWEEN 4422687 AND 4422787
	Index Only Scan using k_5 on sbtest5  (cost=0.43..6.40 rows=98 width=4)
	  Index Cond: ((k >= 4422687) AND (k <= 4422787))

table 6 : explain SELECT k FROM sbtest6 WHERE k BETWEEN 4422687 AND 4422787
	Index Only Scan using k_6 on sbtest6  (cost=0.43..6.32 rows=94 width=4)
	  Index Cond: ((k >= 4422687) AND (k <= 4422787))

table 7 : explain SELECT k FROM sbtest7 WHERE k BETWEEN 4422687 AND 4422787
	Index Only Scan using k_7 on sbtest7  (cost=0.43..6.43 rows=100 width=4)
	  Index Cond: ((k >= 4422687) AND (k <= 4422787))

table 8 : explain SELECT k FROM sbtest8 WHERE k BETWEEN 4422687 AND 4422787
	Index Only Scan using k_8 on sbtest8  (cost=0.43..6.32 rows=94 width=4)
	  Index Cond: ((k >= 4422687) AND (k <= 4422787))

for range-covered
table 1 : explain SELECT k FROM sbtest1 WHERE k BETWEEN 6926767 AND 6926867
	Index Only Scan using k_1 on sbtest1  (cost=0.43..10.54 rows=105 width=4)
	  Index Cond: ((k >= 6926767) AND (k <= 6926867))

table 2 : explain SELECT k FROM sbtest2 WHERE k BETWEEN 6926767 AND 6926867
	Index Only Scan using k_2 on sbtest2  (cost=0.43..6.51 rows=104 width=4)
	  Index Cond: ((k >= 6926767) AND (k <= 6926867))

table 3 : explain SELECT k FROM sbtest3 WHERE k BETWEEN 6926767 AND 6926867
	Index Only Scan using k_3 on sbtest3  (cost=0.43..6.51 rows=104 width=4)
	  Index Cond: ((k >= 6926767) AND (k <= 6926867))

table 4 : explain SELECT k FROM sbtest4 WHERE k BETWEEN 6926767 AND 6926867
	Index Only Scan using k_4 on sbtest4  (cost=0.43..6.33 rows=95 width=4)
	  Index Cond: ((k >= 6926767) AND (k <= 6926867))

table 5 : explain SELECT k FROM sbtest5 WHERE k BETWEEN 6926767 AND 6926867
	Index Only Scan using k_5 on sbtest5  (cost=0.43..6.63 rows=110 width=4)
	  Index Cond: ((k >= 6926767) AND (k <= 6926867))

table 6 : explain SELECT k FROM sbtest6 WHERE k BETWEEN 6926767 AND 6926867
	Index Only Scan using k_6 on sbtest6  (cost=0.43..6.75 rows=116 width=4)
	  Index Cond: ((k >= 6926767) AND (k <= 6926867))

table 7 : explain SELECT k FROM sbtest7 WHERE k BETWEEN 6926767 AND 6926867
	Index Only Scan using k_7 on sbtest7  (cost=0.43..6.35 rows=96 width=4)
	  Index Cond: ((k >= 6926767) AND (k <= 6926867))

table 8 : explain SELECT k FROM sbtest8 WHERE k BETWEEN 6926767 AND 6926867
	Index Only Scan using k_8 on sbtest8  (cost=0.43..6.29 rows=93 width=4)
	  Index Cond: ((k >= 6926767) AND (k <= 6926867))

for range-covered
table 1 : explain SELECT k FROM sbtest1 WHERE k BETWEEN 3609638 AND 3609738
	Index Only Scan using k_1 on sbtest1  (cost=0.43..10.38 rows=97 width=4)
	  Index Cond: ((k >= 3609638) AND (k <= 3609738))

table 2 : explain SELECT k FROM sbtest2 WHERE k BETWEEN 3609638 AND 3609738
	Index Only Scan using k_2 on sbtest2  (cost=0.43..6.59 rows=108 width=4)
	  Index Cond: ((k >= 3609638) AND (k <= 3609738))

table 3 : explain SELECT k FROM sbtest3 WHERE k BETWEEN 3609638 AND 3609738
	Index Only Scan using k_3 on sbtest3  (cost=0.43..6.37 rows=97 width=4)
	  Index Cond: ((k >= 3609638) AND (k <= 3609738))

table 4 : explain SELECT k FROM sbtest4 WHERE k BETWEEN 3609638 AND 3609738
	Index Only Scan using k_4 on sbtest4  (cost=0.43..6.40 rows=98 width=4)
	  Index Cond: ((k >= 3609638) AND (k <= 3609738))

table 5 : explain SELECT k FROM sbtest5 WHERE k BETWEEN 3609638 AND 3609738
	Index Only Scan using k_5 on sbtest5  (cost=0.43..6.67 rows=112 width=4)
	  Index Cond: ((k >= 3609638) AND (k <= 3609738))

table 6 : explain SELECT k FROM sbtest6 WHERE k BETWEEN 3609638 AND 3609738
	Index Only Scan using k_6 on sbtest6  (cost=0.43..6.42 rows=99 width=4)
	  Index Cond: ((k >= 3609638) AND (k <= 3609738))

table 7 : explain SELECT k FROM sbtest7 WHERE k BETWEEN 3609638 AND 3609738
	Index Only Scan using k_7 on sbtest7  (cost=0.43..6.45 rows=101 width=4)
	  Index Cond: ((k >= 3609638) AND (k <= 3609738))

table 8 : explain SELECT k FROM sbtest8 WHERE k BETWEEN 3609638 AND 3609738
	Index Only Scan using k_8 on sbtest8  (cost=0.43..6.25 rows=91 width=4)
	  Index Cond: ((k >= 3609638) AND (k <= 3609738))

explain: for range-covered :: explain SELECT k FROM sbtest%d WHERE k BETWEEN 4422687 AND 4422787
explain: for range-covered :: explain SELECT k FROM sbtest%d WHERE k BETWEEN 3609638 AND 3609738
explain: for range-covered :: explain SELECT k FROM sbtest%d WHERE k BETWEEN 3620856 AND 3620956
for range-covered
table 1 : explain SELECT k FROM sbtest1 WHERE k BETWEEN 5929038 AND 5929138
	Index Only Scan using k_1 on sbtest1  (cost=0.43..10.47 rows=102 width=4)
	  Index Cond: ((k >= 5929038) AND (k <= 5929138))

table 2 : explain SELECT k FROM sbtest2 WHERE k BETWEEN 5929038 AND 5929138
	Index Only Scan using k_2 on sbtest2  (cost=0.43..6.56 rows=106 width=4)
	  Index Cond: ((k >= 5929038) AND (k <= 5929138))

table 3 : explain SELECT k FROM sbtest3 WHERE k BETWEEN 5929038 AND 5929138
	Index Only Scan using k_3 on sbtest3  (cost=0.43..6.50 rows=103 width=4)
	  Index Cond: ((k >= 5929038) AND (k <= 5929138))

table 4 : explain SELECT k FROM sbtest4 WHERE k BETWEEN 5929038 AND 5929138
	Index Only Scan using k_4 on sbtest4  (cost=0.43..6.43 rows=100 width=4)
	  Index Cond: ((k >= 5929038) AND (k <= 5929138))

table 5 : explain SELECT k FROM sbtest5 WHERE k BETWEEN 5929038 AND 5929138
	Index Only Scan using k_5 on sbtest5  (cost=0.43..6.53 rows=105 width=4)
	  Index Cond: ((k >= 5929038) AND (k <= 5929138))

table 6 : explain SELECT k FROM sbtest6 WHERE k BETWEEN 5929038 AND 5929138
	Index Only Scan using k_6 on sbtest6  (cost=0.43..6.40 rows=98 width=4)
	  Index Cond: ((k >= 5929038) AND (k <= 5929138))

table 7 : explain SELECT k FROM sbtest7 WHERE k BETWEEN 5929038 AND 5929138
	Index Only Scan using k_7 on sbtest7  (cost=0.43..6.85 rows=121 width=4)
	  Index Cond: ((k >= 5929038) AND (k <= 5929138))

table 8 : explain SELECT k FROM sbtest8 WHERE k BETWEEN 5929038 AND 5929138
	Index Only Scan using k_8 on sbtest8  (cost=0.43..6.56 rows=106 width=4)
	  Index Cond: ((k >= 5929038) AND (k <= 5929138))

for range-covered
table 1 : explain SELECT k FROM sbtest1 WHERE k BETWEEN 4422687 AND 4422787
	Index Only Scan using k_1 on sbtest1  (cost=0.43..10.56 rows=106 width=4)
	  Index Cond: ((k >= 4422687) AND (k <= 4422787))

table 2 : explain SELECT k FROM sbtest2 WHERE k BETWEEN 4422687 AND 4422787
	Index Only Scan using k_2 on sbtest2  (cost=0.43..6.51 rows=104 width=4)
	  Index Cond: ((k >= 4422687) AND (k <= 4422787))

table 3 : explain SELECT k FROM sbtest3 WHERE k BETWEEN 4422687 AND 4422787
	Index Only Scan using k_3 on sbtest3  (cost=0.43..6.37 rows=97 width=4)
	  Index Cond: ((k >= 4422687) AND (k <= 4422787))

table 4 : explain SELECT k FROM sbtest4 WHERE k BETWEEN 4422687 AND 4422787
	Index Only Scan using k_4 on sbtest4  (cost=0.43..6.25 rows=91 width=4)
	  Index Cond: ((k >= 4422687) AND (k <= 4422787))

table 5 : explain SELECT k FROM sbtest5 WHERE k BETWEEN 4422687 AND 4422787
	Index Only Scan using k_5 on sbtest5  (cost=0.43..6.40 rows=98 width=4)
	  Index Cond: ((k >= 4422687) AND (k <= 4422787))

table 6 : explain SELECT k FROM sbtest6 WHERE k BETWEEN 4422687 AND 4422787
	Index Only Scan using k_6 on sbtest6  (cost=0.43..6.32 rows=94 width=4)
	  Index Cond: ((k >= 4422687) AND (k <= 4422787))

table 7 : explain SELECT k FROM sbtest7 WHERE k BETWEEN 4422687 AND 4422787
	Index Only Scan using k_7 on sbtest7  (cost=0.43..6.43 rows=100 width=4)
	  Index Cond: ((k >= 4422687) AND (k <= 4422787))

table 8 : explain SELECT k FROM sbtest8 WHERE k BETWEEN 4422687 AND 4422787
	Index Only Scan using k_8 on sbtest8  (cost=0.43..6.32 rows=94 width=4)
	  Index Cond: ((k >= 4422687) AND (k <= 4422787))

for range-covered
table 1 : explain SELECT k FROM sbtest1 WHERE k BETWEEN 3609638 AND 3609738
	Index Only Scan using k_1 on sbtest1  (cost=0.43..10.38 rows=97 width=4)
	  Index Cond: ((k >= 3609638) AND (k <= 3609738))

table 2 : explain SELECT k FROM sbtest2 WHERE k BETWEEN 3609638 AND 3609738
	Index Only Scan using k_2 on sbtest2  (cost=0.43..6.59 rows=108 width=4)
	  Index Cond: ((k >= 3609638) AND (k <= 3609738))

table 3 : explain SELECT k FROM sbtest3 WHERE k BETWEEN 3609638 AND 3609738
	Index Only Scan using k_3 on sbtest3  (cost=0.43..6.37 rows=97 width=4)
	  Index Cond: ((k >= 3609638) AND (k <= 3609738))

table 4 : explain SELECT k FROM sbtest4 WHERE k BETWEEN 3609638 AND 3609738
	Index Only Scan using k_4 on sbtest4  (cost=0.43..6.40 rows=98 width=4)
	  Index Cond: ((k >= 3609638) AND (k <= 3609738))

table 5 : explain SELECT k FROM sbtest5 WHERE k BETWEEN 3609638 AND 3609738
	Index Only Scan using k_5 on sbtest5  (cost=0.43..6.67 rows=112 width=4)
	  Index Cond: ((k >= 3609638) AND (k <= 3609738))

table 6 : explain SELECT k FROM sbtest6 WHERE k BETWEEN 3609638 AND 3609738
	Index Only Scan using k_6 on sbtest6  (cost=0.43..6.42 rows=99 width=4)
	  Index Cond: ((k >= 3609638) AND (k <= 3609738))

table 7 : explain SELECT k FROM sbtest7 WHERE k BETWEEN 3609638 AND 3609738
	Index Only Scan using k_7 on sbtest7  (cost=0.43..6.45 rows=101 width=4)
	  Index Cond: ((k >= 3609638) AND (k <= 3609738))

table 8 : explain SELECT k FROM sbtest8 WHERE k BETWEEN 3609638 AND 3609738
	Index Only Scan using k_8 on sbtest8  (cost=0.43..6.25 rows=91 width=4)
	  Index Cond: ((k >= 3609638) AND (k <= 3609738))

explain: for range-covered :: explain SELECT k FROM sbtest%d WHERE k BETWEEN 4422687 AND 4422787
explain: for range-covered :: explain SELECT k FROM sbtest%d WHERE k BETWEEN 3609638 AND 3609738
explain: for range-covered :: explain SELECT k FROM sbtest%d WHERE k BETWEEN 5929038 AND 5929138
for range-covered
table 1 : explain SELECT k FROM sbtest1 WHERE k BETWEEN 3620856 AND 3620956
	Index Only Scan using k_1 on sbtest1  (cost=0.43..10.38 rows=97 width=4)
	  Index Cond: ((k >= 3620856) AND (k <= 3620956))

table 2 : explain SELECT k FROM sbtest2 WHERE k BETWEEN 3620856 AND 3620956
	Index Only Scan using k_2 on sbtest2  (cost=0.43..6.59 rows=108 width=4)
	  Index Cond: ((k >= 3620856) AND (k <= 3620956))

table 3 : explain SELECT k FROM sbtest3 WHERE k BETWEEN 3620856 AND 3620956
	Index Only Scan using k_3 on sbtest3  (cost=0.43..6.37 rows=97 width=4)
	  Index Cond: ((k >= 3620856) AND (k <= 3620956))

table 4 : explain SELECT k FROM sbtest4 WHERE k BETWEEN 3620856 AND 3620956
	Index Only Scan using k_4 on sbtest4  (cost=0.43..6.42 rows=99 width=4)
	  Index Cond: ((k >= 3620856) AND (k <= 3620956))

table 5 : explain SELECT k FROM sbtest5 WHERE k BETWEEN 3620856 AND 3620956
	Index Only Scan using k_5 on sbtest5  (cost=0.43..6.47 rows=102 width=4)
	  Index Cond: ((k >= 3620856) AND (k <= 3620956))

table 6 : explain SELECT k FROM sbtest6 WHERE k BETWEEN 3620856 AND 3620956
	Index Only Scan using k_6 on sbtest6  (cost=0.43..6.42 rows=99 width=4)
	  Index Cond: ((k >= 3620856) AND (k <= 3620956))

table 7 : explain SELECT k FROM sbtest7 WHERE k BETWEEN 3620856 AND 3620956
	Index Only Scan using k_7 on sbtest7  (cost=0.43..6.45 rows=101 width=4)
	  Index Cond: ((k >= 3620856) AND (k <= 3620956))

table 8 : explain SELECT k FROM sbtest8 WHERE k BETWEEN 3620856 AND 3620956
	Index Only Scan using k_8 on sbtest8  (cost=0.43..6.25 rows=91 width=4)
	  Index Cond: ((k >= 3620856) AND (k <= 3620956))

explain: for range-covered :: explain SELECT k FROM sbtest%d WHERE k BETWEEN 3620856 AND 3620956
for range-covered
table 1 : explain SELECT k FROM sbtest1 WHERE k BETWEEN 3609638 AND 3609738
	Index Only Scan using k_1 on sbtest1  (cost=0.43..10.38 rows=97 width=4)
	  Index Cond: ((k >= 3609638) AND (k <= 3609738))

table 2 : explain SELECT k FROM sbtest2 WHERE k BETWEEN 3609638 AND 3609738
	Index Only Scan using k_2 on sbtest2  (cost=0.43..6.59 rows=108 width=4)
	  Index Cond: ((k >= 3609638) AND (k <= 3609738))

table 3 : explain SELECT k FROM sbtest3 WHERE k BETWEEN 3609638 AND 3609738
	Index Only Scan using k_3 on sbtest3  (cost=0.43..6.37 rows=97 width=4)
	  Index Cond: ((k >= 3609638) AND (k <= 3609738))

table 4 : explain SELECT k FROM sbtest4 WHERE k BETWEEN 3609638 AND 3609738
	Index Only Scan using k_4 on sbtest4  (cost=0.43..6.40 rows=98 width=4)
	  Index Cond: ((k >= 3609638) AND (k <= 3609738))

table 5 : explain SELECT k FROM sbtest5 WHERE k BETWEEN 3609638 AND 3609738
	Index Only Scan using k_5 on sbtest5  (cost=0.43..6.67 rows=112 width=4)
	  Index Cond: ((k >= 3609638) AND (k <= 3609738))

table 6 : explain SELECT k FROM sbtest6 WHERE k BETWEEN 3609638 AND 3609738
	Index Only Scan using k_6 on sbtest6  (cost=0.43..6.42 rows=99 width=4)
	  Index Cond: ((k >= 3609638) AND (k <= 3609738))

table 7 : explain SELECT k FROM sbtest7 WHERE k BETWEEN 3609638 AND 3609738
	Index Only Scan using k_7 on sbtest7  (cost=0.43..6.45 rows=101 width=4)
	  Index Cond: ((k >= 3609638) AND (k <= 3609738))

table 8 : explain SELECT k FROM sbtest8 WHERE k BETWEEN 3609638 AND 3609738
	Index Only Scan using k_8 on sbtest8  (cost=0.43..6.25 rows=91 width=4)
	  Index Cond: ((k >= 3609638) AND (k <= 3609738))

for range-covered
table 1 : explain SELECT k FROM sbtest1 WHERE k BETWEEN 4422687 AND 4422787
	Index Only Scan using k_1 on sbtest1  (cost=0.43..10.56 rows=106 width=4)
	  Index Cond: ((k >= 4422687) AND (k <= 4422787))

table 2 : explain SELECT k FROM sbtest2 WHERE k BETWEEN 4422687 AND 4422787
	Index Only Scan using k_2 on sbtest2  (cost=0.43..6.51 rows=104 width=4)
	  Index Cond: ((k >= 4422687) AND (k <= 4422787))

table 3 : explain SELECT k FROM sbtest3 WHERE k BETWEEN 4422687 AND 4422787
	Index Only Scan using k_3 on sbtest3  (cost=0.43..6.37 rows=97 width=4)
	  Index Cond: ((k >= 4422687) AND (k <= 4422787))

table 4 : explain SELECT k FROM sbtest4 WHERE k BETWEEN 4422687 AND 4422787
	Index Only Scan using k_4 on sbtest4  (cost=0.43..6.25 rows=91 width=4)
	  Index Cond: ((k >= 4422687) AND (k <= 4422787))

table 5 : explain SELECT k FROM sbtest5 WHERE k BETWEEN 4422687 AND 4422787
	Index Only Scan using k_5 on sbtest5  (cost=0.43..6.40 rows=98 width=4)
	  Index Cond: ((k >= 4422687) AND (k <= 4422787))

table 6 : explain SELECT k FROM sbtest6 WHERE k BETWEEN 4422687 AND 4422787
	Index Only Scan using k_6 on sbtest6  (cost=0.43..6.32 rows=94 width=4)
	  Index Cond: ((k >= 4422687) AND (k <= 4422787))

table 7 : explain SELECT k FROM sbtest7 WHERE k BETWEEN 4422687 AND 4422787
	Index Only Scan using k_7 on sbtest7  (cost=0.43..6.43 rows=100 width=4)
	  Index Cond: ((k >= 4422687) AND (k <= 4422787))

table 8 : explain SELECT k FROM sbtest8 WHERE k BETWEEN 4422687 AND 4422787
	Index Only Scan using k_8 on sbtest8  (cost=0.43..6.32 rows=94 width=4)
	  Index Cond: ((k >= 4422687) AND (k <= 4422787))

explain: for range-covered :: explain SELECT k FROM sbtest%d WHERE k BETWEEN 3609638 AND 3609738
explain: for range-covered :: explain SELECT k FROM sbtest%d WHERE k BETWEEN 4422687 AND 4422787
for range-covered
table 1 : explain SELECT k FROM sbtest1 WHERE k BETWEEN 5929038 AND 5929138
	Index Only Scan using k_1 on sbtest1  (cost=0.43..10.47 rows=102 width=4)
	  Index Cond: ((k >= 5929038) AND (k <= 5929138))

table 2 : explain SELECT k FROM sbtest2 WHERE k BETWEEN 5929038 AND 5929138
	Index Only Scan using k_2 on sbtest2  (cost=0.43..6.56 rows=106 width=4)
	  Index Cond: ((k >= 5929038) AND (k <= 5929138))

table 3 : explain SELECT k FROM sbtest3 WHERE k BETWEEN 5929038 AND 5929138
	Index Only Scan using k_3 on sbtest3  (cost=0.43..6.50 rows=103 width=4)
	  Index Cond: ((k >= 5929038) AND (k <= 5929138))

table 4 : explain SELECT k FROM sbtest4 WHERE k BETWEEN 5929038 AND 5929138
	Index Only Scan using k_4 on sbtest4  (cost=0.43..6.43 rows=100 width=4)
	  Index Cond: ((k >= 5929038) AND (k <= 5929138))

table 5 : explain SELECT k FROM sbtest5 WHERE k BETWEEN 5929038 AND 5929138
	Index Only Scan using k_5 on sbtest5  (cost=0.43..6.53 rows=105 width=4)
	  Index Cond: ((k >= 5929038) AND (k <= 5929138))

table 6 : explain SELECT k FROM sbtest6 WHERE k BETWEEN 5929038 AND 5929138
	Index Only Scan using k_6 on sbtest6  (cost=0.43..6.40 rows=98 width=4)
	  Index Cond: ((k >= 5929038) AND (k <= 5929138))

table 7 : explain SELECT k FROM sbtest7 WHERE k BETWEEN 5929038 AND 5929138
	Index Only Scan using k_7 on sbtest7  (cost=0.43..6.85 rows=121 width=4)
	  Index Cond: ((k >= 5929038) AND (k <= 5929138))

table 8 : explain SELECT k FROM sbtest8 WHERE k BETWEEN 5929038 AND 5929138
	Index Only Scan using k_8 on sbtest8  (cost=0.43..6.56 rows=106 width=4)
	  Index Cond: ((k >= 5929038) AND (k <= 5929138))

explain: for range-covered :: explain SELECT k FROM sbtest%d WHERE k BETWEEN 5929038 AND 5929138
for range-covered
table 1 : explain SELECT k FROM sbtest1 WHERE k BETWEEN 4422687 AND 4422787
	Index Only Scan using k_1 on sbtest1  (cost=0.43..10.56 rows=106 width=4)
	  Index Cond: ((k >= 4422687) AND (k <= 4422787))

table 2 : explain SELECT k FROM sbtest2 WHERE k BETWEEN 4422687 AND 4422787
	Index Only Scan using k_2 on sbtest2  (cost=0.43..6.51 rows=104 width=4)
	  Index Cond: ((k >= 4422687) AND (k <= 4422787))

table 3 : explain SELECT k FROM sbtest3 WHERE k BETWEEN 4422687 AND 4422787
	Index Only Scan using k_3 on sbtest3  (cost=0.43..6.37 rows=97 width=4)
	  Index Cond: ((k >= 4422687) AND (k <= 4422787))

table 4 : explain SELECT k FROM sbtest4 WHERE k BETWEEN 4422687 AND 4422787
	Index Only Scan using k_4 on sbtest4  (cost=0.43..6.25 rows=91 width=4)
	  Index Cond: ((k >= 4422687) AND (k <= 4422787))

table 5 : explain SELECT k FROM sbtest5 WHERE k BETWEEN 4422687 AND 4422787
	Index Only Scan using k_5 on sbtest5  (cost=0.43..6.40 rows=98 width=4)
	  Index Cond: ((k >= 4422687) AND (k <= 4422787))

table 6 : explain SELECT k FROM sbtest6 WHERE k BETWEEN 4422687 AND 4422787
	Index Only Scan using k_6 on sbtest6  (cost=0.43..6.32 rows=94 width=4)
	  Index Cond: ((k >= 4422687) AND (k <= 4422787))

table 7 : explain SELECT k FROM sbtest7 WHERE k BETWEEN 4422687 AND 4422787
	Index Only Scan using k_7 on sbtest7  (cost=0.43..6.43 rows=100 width=4)
	  Index Cond: ((k >= 4422687) AND (k <= 4422787))

table 8 : explain SELECT k FROM sbtest8 WHERE k BETWEEN 4422687 AND 4422787
	Index Only Scan using k_8 on sbtest8  (cost=0.43..6.32 rows=94 width=4)
	  Index Cond: ((k >= 4422687) AND (k <= 4422787))

for range-covered
table 1 : explain SELECT k FROM sbtest1 WHERE k BETWEEN 3609638 AND 3609738
	Index Only Scan using k_1 on sbtest1  (cost=0.43..10.38 rows=97 width=4)
	  Index Cond: ((k >= 3609638) AND (k <= 3609738))

table 2 : explain SELECT k FROM sbtest2 WHERE k BETWEEN 3609638 AND 3609738
	Index Only Scan using k_2 on sbtest2  (cost=0.43..6.59 rows=108 width=4)
	  Index Cond: ((k >= 3609638) AND (k <= 3609738))

table 3 : explain SELECT k FROM sbtest3 WHERE k BETWEEN 3609638 AND 3609738
	Index Only Scan using k_3 on sbtest3  (cost=0.43..6.37 rows=97 width=4)
	  Index Cond: ((k >= 3609638) AND (k <= 3609738))

table 4 : explain SELECT k FROM sbtest4 WHERE k BETWEEN 3609638 AND 3609738
	Index Only Scan using k_4 on sbtest4  (cost=0.43..6.40 rows=98 width=4)
	  Index Cond: ((k >= 3609638) AND (k <= 3609738))

table 5 : explain SELECT k FROM sbtest5 WHERE k BETWEEN 3609638 AND 3609738
	Index Only Scan using k_5 on sbtest5  (cost=0.43..6.67 rows=112 width=4)
	  Index Cond: ((k >= 3609638) AND (k <= 3609738))

table 6 : explain SELECT k FROM sbtest6 WHERE k BETWEEN 3609638 AND 3609738
	Index Only Scan using k_6 on sbtest6  (cost=0.43..6.42 rows=99 width=4)
	  Index Cond: ((k >= 3609638) AND (k <= 3609738))

table 7 : explain SELECT k FROM sbtest7 WHERE k BETWEEN 3609638 AND 3609738
	Index Only Scan using k_7 on sbtest7  (cost=0.43..6.45 rows=101 width=4)
	  Index Cond: ((k >= 3609638) AND (k <= 3609738))

table 8 : explain SELECT k FROM sbtest8 WHERE k BETWEEN 3609638 AND 3609738
	Index Only Scan using k_8 on sbtest8  (cost=0.43..6.25 rows=91 width=4)
	  Index Cond: ((k >= 3609638) AND (k <= 3609738))

explain: for range-covered :: explain SELECT k FROM sbtest%d WHERE k BETWEEN 4422687 AND 4422787
for range-covered
table 1 : explain SELECT k FROM sbtest1 WHERE k BETWEEN 3620856 AND 3620956
	Index Only Scan using k_1 on sbtest1  (cost=0.43..10.38 rows=97 width=4)
	  Index Cond: ((k >= 3620856) AND (k <= 3620956))

table 2 : explain SELECT k FROM sbtest2 WHERE k BETWEEN 3620856 AND 3620956
	Index Only Scan using k_2 on sbtest2  (cost=0.43..6.59 rows=108 width=4)
	  Index Cond: ((k >= 3620856) AND (k <= 3620956))

table 3 : explain SELECT k FROM sbtest3 WHERE k BETWEEN 3620856 AND 3620956
	Index Only Scan using k_3 on sbtest3  (cost=0.43..6.37 rows=97 width=4)
	  Index Cond: ((k >= 3620856) AND (k <= 3620956))

table 4 : explain SELECT k FROM sbtest4 WHERE k BETWEEN 3620856 AND 3620956
	Index Only Scan using k_4 on sbtest4  (cost=0.43..6.42 rows=99 width=4)
	  Index Cond: ((k >= 3620856) AND (k <= 3620956))

table 5 : explain SELECT k FROM sbtest5 WHERE k BETWEEN 3620856 AND 3620956
	Index Only Scan using k_5 on sbtest5  (cost=0.43..6.47 rows=102 width=4)
	  Index Cond: ((k >= 3620856) AND (k <= 3620956))

table 6 : explain SELECT k FROM sbtest6 WHERE k BETWEEN 3620856 AND 3620956
	Index Only Scan using k_6 on sbtest6  (cost=0.43..6.42 rows=99 width=4)
	  Index Cond: ((k >= 3620856) AND (k <= 3620956))

table 7 : explain SELECT k FROM sbtest7 WHERE k BETWEEN 3620856 AND 3620956
	Index Only Scan using k_7 on sbtest7  (cost=0.43..6.45 rows=101 width=4)
	  Index Cond: ((k >= 3620856) AND (k <= 3620956))

table 8 : explain SELECT k FROM sbtest8 WHERE k BETWEEN 3620856 AND 3620956
	Index Only Scan using k_8 on sbtest8  (cost=0.43..6.25 rows=91 width=4)
	  Index Cond: ((k >= 3620856) AND (k <= 3620956))

explain: for range-covered :: explain SELECT k FROM sbtest%d WHERE k BETWEEN 3609638 AND 3609738
explain: for range-covered :: explain SELECT k FROM sbtest%d WHERE k BETWEEN 3620856 AND 3620956
for range-covered
table 1 : explain SELECT k FROM sbtest1 WHERE k BETWEEN 5929038 AND 5929138
	Index Only Scan using k_1 on sbtest1  (cost=0.43..10.47 rows=102 width=4)
	  Index Cond: ((k >= 5929038) AND (k <= 5929138))

table 2 : explain SELECT k FROM sbtest2 WHERE k BETWEEN 5929038 AND 5929138
	Index Only Scan using k_2 on sbtest2  (cost=0.43..6.56 rows=106 width=4)
	  Index Cond: ((k >= 5929038) AND (k <= 5929138))

table 3 : explain SELECT k FROM sbtest3 WHERE k BETWEEN 5929038 AND 5929138
	Index Only Scan using k_3 on sbtest3  (cost=0.43..6.50 rows=103 width=4)
	  Index Cond: ((k >= 5929038) AND (k <= 5929138))

table 4 : explain SELECT k FROM sbtest4 WHERE k BETWEEN 5929038 AND 5929138
	Index Only Scan using k_4 on sbtest4  (cost=0.43..6.43 rows=100 width=4)
	  Index Cond: ((k >= 5929038) AND (k <= 5929138))

table 5 : explain SELECT k FROM sbtest5 WHERE k BETWEEN 5929038 AND 5929138
	Index Only Scan using k_5 on sbtest5  (cost=0.43..6.53 rows=105 width=4)
	  Index Cond: ((k >= 5929038) AND (k <= 5929138))

table 6 : explain SELECT k FROM sbtest6 WHERE k BETWEEN 5929038 AND 5929138
	Index Only Scan using k_6 on sbtest6  (cost=0.43..6.40 rows=98 width=4)
	  Index Cond: ((k >= 5929038) AND (k <= 5929138))

table 7 : explain SELECT k FROM sbtest7 WHERE k BETWEEN 5929038 AND 5929138
	Index Only Scan using k_7 on sbtest7  (cost=0.43..6.85 rows=121 width=4)
	  Index Cond: ((k >= 5929038) AND (k <= 5929138))

table 8 : explain SELECT k FROM sbtest8 WHERE k BETWEEN 5929038 AND 5929138
	Index Only Scan using k_8 on sbtest8  (cost=0.43..6.56 rows=106 width=4)
	  Index Cond: ((k >= 5929038) AND (k <= 5929138))

explain: for range-covered :: explain SELECT k FROM sbtest%d WHERE k BETWEEN 5929038 AND 5929138
for range-covered
table 1 : explain SELECT k FROM sbtest1 WHERE k BETWEEN 4422687 AND 4422787
	Index Only Scan using k_1 on sbtest1  (cost=0.43..10.56 rows=106 width=4)
	  Index Cond: ((k >= 4422687) AND (k <= 4422787))

table 2 : explain SELECT k FROM sbtest2 WHERE k BETWEEN 4422687 AND 4422787
	Index Only Scan using k_2 on sbtest2  (cost=0.43..6.51 rows=104 width=4)
	  Index Cond: ((k >= 4422687) AND (k <= 4422787))

table 3 : explain SELECT k FROM sbtest3 WHERE k BETWEEN 4422687 AND 4422787
	Index Only Scan using k_3 on sbtest3  (cost=0.43..6.37 rows=97 width=4)
	  Index Cond: ((k >= 4422687) AND (k <= 4422787))

table 4 : explain SELECT k FROM sbtest4 WHERE k BETWEEN 4422687 AND 4422787
	Index Only Scan using k_4 on sbtest4  (cost=0.43..6.25 rows=91 width=4)
	  Index Cond: ((k >= 4422687) AND (k <= 4422787))

table 5 : explain SELECT k FROM sbtest5 WHERE k BETWEEN 4422687 AND 4422787
	Index Only Scan using k_5 on sbtest5  (cost=0.43..6.40 rows=98 width=4)
	  Index Cond: ((k >= 4422687) AND (k <= 4422787))

table 6 : explain SELECT k FROM sbtest6 WHERE k BETWEEN 4422687 AND 4422787
	Index Only Scan using k_6 on sbtest6  (cost=0.43..6.32 rows=94 width=4)
	  Index Cond: ((k >= 4422687) AND (k <= 4422787))

table 7 : explain SELECT k FROM sbtest7 WHERE k BETWEEN 4422687 AND 4422787
	Index Only Scan using k_7 on sbtest7  (cost=0.43..6.43 rows=100 width=4)
	  Index Cond: ((k >= 4422687) AND (k <= 4422787))

table 8 : explain SELECT k FROM sbtest8 WHERE k BETWEEN 4422687 AND 4422787
	Index Only Scan using k_8 on sbtest8  (cost=0.43..6.32 rows=94 width=4)
	  Index Cond: ((k >= 4422687) AND (k <= 4422787))

for range-covered
table 1 : explain SELECT k FROM sbtest1 WHERE k BETWEEN 3609638 AND 3609738
	Index Only Scan using k_1 on sbtest1  (cost=0.43..10.38 rows=97 width=4)
	  Index Cond: ((k >= 3609638) AND (k <= 3609738))

table 2 : explain SELECT k FROM sbtest2 WHERE k BETWEEN 3609638 AND 3609738
	Index Only Scan using k_2 on sbtest2  (cost=0.43..6.59 rows=108 width=4)
	  Index Cond: ((k >= 3609638) AND (k <= 3609738))

table 3 : explain SELECT k FROM sbtest3 WHERE k BETWEEN 3609638 AND 3609738
	Index Only Scan using k_3 on sbtest3  (cost=0.43..6.37 rows=97 width=4)
	  Index Cond: ((k >= 3609638) AND (k <= 3609738))

table 4 : explain SELECT k FROM sbtest4 WHERE k BETWEEN 3609638 AND 3609738
	Index Only Scan using k_4 on sbtest4  (cost=0.43..6.40 rows=98 width=4)
	  Index Cond: ((k >= 3609638) AND (k <= 3609738))

table 5 : explain SELECT k FROM sbtest5 WHERE k BETWEEN 3609638 AND 3609738
	Index Only Scan using k_5 on sbtest5  (cost=0.43..6.67 rows=112 width=4)
	  Index Cond: ((k >= 3609638) AND (k <= 3609738))

table 6 : explain SELECT k FROM sbtest6 WHERE k BETWEEN 3609638 AND 3609738
	Index Only Scan using k_6 on sbtest6  (cost=0.43..6.42 rows=99 width=4)
	  Index Cond: ((k >= 3609638) AND (k <= 3609738))

table 7 : explain SELECT k FROM sbtest7 WHERE k BETWEEN 3609638 AND 3609738
	Index Only Scan using k_7 on sbtest7  (cost=0.43..6.45 rows=101 width=4)
	  Index Cond: ((k >= 3609638) AND (k <= 3609738))

table 8 : explain SELECT k FROM sbtest8 WHERE k BETWEEN 3609638 AND 3609738
	Index Only Scan using k_8 on sbtest8  (cost=0.43..6.25 rows=91 width=4)
	  Index Cond: ((k >= 3609638) AND (k <= 3609738))

explain: for range-covered :: explain SELECT k FROM sbtest%d WHERE k BETWEEN 4422687 AND 4422787
for range-covered
table 1 : explain SELECT k FROM sbtest1 WHERE k BETWEEN 3620856 AND 3620956
	Index Only Scan using k_1 on sbtest1  (cost=0.43..10.38 rows=97 width=4)
	  Index Cond: ((k >= 3620856) AND (k <= 3620956))

table 2 : explain SELECT k FROM sbtest2 WHERE k BETWEEN 3620856 AND 3620956
	Index Only Scan using k_2 on sbtest2  (cost=0.43..6.59 rows=108 width=4)
	  Index Cond: ((k >= 3620856) AND (k <= 3620956))

table 3 : explain SELECT k FROM sbtest3 WHERE k BETWEEN 3620856 AND 3620956
	Index Only Scan using k_3 on sbtest3  (cost=0.43..6.37 rows=97 width=4)
	  Index Cond: ((k >= 3620856) AND (k <= 3620956))

table 4 : explain SELECT k FROM sbtest4 WHERE k BETWEEN 3620856 AND 3620956
	Index Only Scan using k_4 on sbtest4  (cost=0.43..6.42 rows=99 width=4)
	  Index Cond: ((k >= 3620856) AND (k <= 3620956))

table 5 : explain SELECT k FROM sbtest5 WHERE k BETWEEN 3620856 AND 3620956
	Index Only Scan using k_5 on sbtest5  (cost=0.43..6.47 rows=102 width=4)
	  Index Cond: ((k >= 3620856) AND (k <= 3620956))

table 6 : explain SELECT k FROM sbtest6 WHERE k BETWEEN 3620856 AND 3620956
	Index Only Scan using k_6 on sbtest6  (cost=0.43..6.42 rows=99 width=4)
	  Index Cond: ((k >= 3620856) AND (k <= 3620956))

table 7 : explain SELECT k FROM sbtest7 WHERE k BETWEEN 3620856 AND 3620956
	Index Only Scan using k_7 on sbtest7  (cost=0.43..6.45 rows=101 width=4)
	  Index Cond: ((k >= 3620856) AND (k <= 3620956))

table 8 : explain SELECT k FROM sbtest8 WHERE k BETWEEN 3620856 AND 3620956
	Index Only Scan using k_8 on sbtest8  (cost=0.43..6.25 rows=91 width=4)
	  Index Cond: ((k >= 3620856) AND (k <= 3620956))

explain: for range-covered :: explain SELECT k FROM sbtest%d WHERE k BETWEEN 3620856 AND 3620956
for range-covered
table 1 : explain SELECT k FROM sbtest1 WHERE k BETWEEN 4422687 AND 4422787
	Index Only Scan using k_1 on sbtest1  (cost=0.43..10.56 rows=106 width=4)
	  Index Cond: ((k >= 4422687) AND (k <= 4422787))

table 2 : explain SELECT k FROM sbtest2 WHERE k BETWEEN 4422687 AND 4422787
	Index Only Scan using k_2 on sbtest2  (cost=0.43..6.51 rows=104 width=4)
	  Index Cond: ((k >= 4422687) AND (k <= 4422787))

table 3 : explain SELECT k FROM sbtest3 WHERE k BETWEEN 4422687 AND 4422787
	Index Only Scan using k_3 on sbtest3  (cost=0.43..6.37 rows=97 width=4)
	  Index Cond: ((k >= 4422687) AND (k <= 4422787))

table 4 : explain SELECT k FROM sbtest4 WHERE k BETWEEN 4422687 AND 4422787
	Index Only Scan using k_4 on sbtest4  (cost=0.43..6.25 rows=91 width=4)
	  Index Cond: ((k >= 4422687) AND (k <= 4422787))

table 5 : explain SELECT k FROM sbtest5 WHERE k BETWEEN 4422687 AND 4422787
	Index Only Scan using k_5 on sbtest5  (cost=0.43..6.40 rows=98 width=4)
	  Index Cond: ((k >= 4422687) AND (k <= 4422787))

table 6 : explain SELECT k FROM sbtest6 WHERE k BETWEEN 4422687 AND 4422787
	Index Only Scan using k_6 on sbtest6  (cost=0.43..6.32 rows=94 width=4)
	  Index Cond: ((k >= 4422687) AND (k <= 4422787))

table 7 : explain SELECT k FROM sbtest7 WHERE k BETWEEN 4422687 AND 4422787
	Index Only Scan using k_7 on sbtest7  (cost=0.43..6.43 rows=100 width=4)
	  Index Cond: ((k >= 4422687) AND (k <= 4422787))

table 8 : explain SELECT k FROM sbtest8 WHERE k BETWEEN 4422687 AND 4422787
	Index Only Scan using k_8 on sbtest8  (cost=0.43..6.32 rows=94 width=4)
	  Index Cond: ((k >= 4422687) AND (k <= 4422787))

for range-covered
table 1 : explain SELECT k FROM sbtest1 WHERE k BETWEEN 5929038 AND 5929138
	Index Only Scan using k_1 on sbtest1  (cost=0.43..10.47 rows=102 width=4)
	  Index Cond: ((k >= 5929038) AND (k <= 5929138))

table 2 : explain SELECT k FROM sbtest2 WHERE k BETWEEN 5929038 AND 5929138
	Index Only Scan using k_2 on sbtest2  (cost=0.43..6.56 rows=106 width=4)
	  Index Cond: ((k >= 5929038) AND (k <= 5929138))

table 3 : explain SELECT k FROM sbtest3 WHERE k BETWEEN 5929038 AND 5929138
	Index Only Scan using k_3 on sbtest3  (cost=0.43..6.50 rows=103 width=4)
	  Index Cond: ((k >= 5929038) AND (k <= 5929138))

table 4 : explain SELECT k FROM sbtest4 WHERE k BETWEEN 5929038 AND 5929138
	Index Only Scan using k_4 on sbtest4  (cost=0.43..6.43 rows=100 width=4)
	  Index Cond: ((k >= 5929038) AND (k <= 5929138))

table 5 : explain SELECT k FROM sbtest5 WHERE k BETWEEN 5929038 AND 5929138
	Index Only Scan using k_5 on sbtest5  (cost=0.43..6.53 rows=105 width=4)
	  Index Cond: ((k >= 5929038) AND (k <= 5929138))

table 6 : explain SELECT k FROM sbtest6 WHERE k BETWEEN 5929038 AND 5929138
	Index Only Scan using k_6 on sbtest6  (cost=0.43..6.40 rows=98 width=4)
	  Index Cond: ((k >= 5929038) AND (k <= 5929138))

table 7 : explain SELECT k FROM sbtest7 WHERE k BETWEEN 5929038 AND 5929138
	Index Only Scan using k_7 on sbtest7  (cost=0.43..6.85 rows=121 width=4)
	  Index Cond: ((k >= 5929038) AND (k <= 5929138))

table 8 : explain SELECT k FROM sbtest8 WHERE k BETWEEN 5929038 AND 5929138
	Index Only Scan using k_8 on sbtest8  (cost=0.43..6.56 rows=106 width=4)
	  Index Cond: ((k >= 5929038) AND (k <= 5929138))

explain: for range-covered :: explain SELECT k FROM sbtest%d WHERE k BETWEEN 5929038 AND 5929138
for range-covered
table 1 : explain SELECT k FROM sbtest1 WHERE k BETWEEN 3620856 AND 3620956
	Index Only Scan using k_1 on sbtest1  (cost=0.43..10.38 rows=97 width=4)
	  Index Cond: ((k >= 3620856) AND (k <= 3620956))

table 2 : explain SELECT k FROM sbtest2 WHERE k BETWEEN 3620856 AND 3620956
	Index Only Scan using k_2 on sbtest2  (cost=0.43..6.59 rows=108 width=4)
	  Index Cond: ((k >= 3620856) AND (k <= 3620956))

table 3 : explain SELECT k FROM sbtest3 WHERE k BETWEEN 3620856 AND 3620956
	Index Only Scan using k_3 on sbtest3  (cost=0.43..6.37 rows=97 width=4)
	  Index Cond: ((k >= 3620856) AND (k <= 3620956))

table 4 : explain SELECT k FROM sbtest4 WHERE k BETWEEN 3620856 AND 3620956
	Index Only Scan using k_4 on sbtest4  (cost=0.43..6.42 rows=99 width=4)
	  Index Cond: ((k >= 3620856) AND (k <= 3620956))

table 5 : explain SELECT k FROM sbtest5 WHERE k BETWEEN 3620856 AND 3620956
	Index Only Scan using k_5 on sbtest5  (cost=0.43..6.47 rows=102 width=4)
	  Index Cond: ((k >= 3620856) AND (k <= 3620956))

table 6 : explain SELECT k FROM sbtest6 WHERE k BETWEEN 3620856 AND 3620956
	Index Only Scan using k_6 on sbtest6  (cost=0.43..6.42 rows=99 width=4)
	  Index Cond: ((k >= 3620856) AND (k <= 3620956))

table 7 : explain SELECT k FROM sbtest7 WHERE k BETWEEN 3620856 AND 3620956
	Index Only Scan using k_7 on sbtest7  (cost=0.43..6.45 rows=101 width=4)
	  Index Cond: ((k >= 3620856) AND (k <= 3620956))

table 8 : explain SELECT k FROM sbtest8 WHERE k BETWEEN 3620856 AND 3620956
	Index Only Scan using k_8 on sbtest8  (cost=0.43..6.25 rows=91 width=4)
	  Index Cond: ((k >= 3620856) AND (k <= 3620956))

explain: for range-covered :: explain SELECT k FROM sbtest%d WHERE k BETWEEN 3620856 AND 3620956
for range-covered
table 1 : explain SELECT k FROM sbtest1 WHERE k BETWEEN 5929038 AND 5929138
	Index Only Scan using k_1 on sbtest1  (cost=0.43..10.47 rows=102 width=4)
	  Index Cond: ((k >= 5929038) AND (k <= 5929138))

table 2 : explain SELECT k FROM sbtest2 WHERE k BETWEEN 5929038 AND 5929138
	Index Only Scan using k_2 on sbtest2  (cost=0.43..6.56 rows=106 width=4)
	  Index Cond: ((k >= 5929038) AND (k <= 5929138))

table 3 : explain SELECT k FROM sbtest3 WHERE k BETWEEN 5929038 AND 5929138
	Index Only Scan using k_3 on sbtest3  (cost=0.43..6.50 rows=103 width=4)
	  Index Cond: ((k >= 5929038) AND (k <= 5929138))

table 4 : explain SELECT k FROM sbtest4 WHERE k BETWEEN 5929038 AND 5929138
	Index Only Scan using k_4 on sbtest4  (cost=0.43..6.43 rows=100 width=4)
	  Index Cond: ((k >= 5929038) AND (k <= 5929138))

table 5 : explain SELECT k FROM sbtest5 WHERE k BETWEEN 5929038 AND 5929138
	Index Only Scan using k_5 on sbtest5  (cost=0.43..6.53 rows=105 width=4)
	  Index Cond: ((k >= 5929038) AND (k <= 5929138))

table 6 : explain SELECT k FROM sbtest6 WHERE k BETWEEN 5929038 AND 5929138
	Index Only Scan using k_6 on sbtest6  (cost=0.43..6.40 rows=98 width=4)
	  Index Cond: ((k >= 5929038) AND (k <= 5929138))

table 7 : explain SELECT k FROM sbtest7 WHERE k BETWEEN 5929038 AND 5929138
	Index Only Scan using k_7 on sbtest7  (cost=0.43..6.85 rows=121 width=4)
	  Index Cond: ((k >= 5929038) AND (k <= 5929138))

table 8 : explain SELECT k FROM sbtest8 WHERE k BETWEEN 5929038 AND 5929138
	Index Only Scan using k_8 on sbtest8  (cost=0.43..6.56 rows=106 width=4)
	  Index Cond: ((k >= 5929038) AND (k <= 5929138))

explain: for range-covered :: explain SELECT k FROM sbtest%d WHERE k BETWEEN 5929038 AND 5929138
for range-covered
table 1 : explain SELECT k FROM sbtest1 WHERE k BETWEEN 3620856 AND 3620956
	Index Only Scan using k_1 on sbtest1  (cost=0.43..10.38 rows=97 width=4)
	  Index Cond: ((k >= 3620856) AND (k <= 3620956))

table 2 : explain SELECT k FROM sbtest2 WHERE k BETWEEN 3620856 AND 3620956
	Index Only Scan using k_2 on sbtest2  (cost=0.43..6.59 rows=108 width=4)
	  Index Cond: ((k >= 3620856) AND (k <= 3620956))

table 3 : explain SELECT k FROM sbtest3 WHERE k BETWEEN 3620856 AND 3620956
	Index Only Scan using k_3 on sbtest3  (cost=0.43..6.37 rows=97 width=4)
	  Index Cond: ((k >= 3620856) AND (k <= 3620956))

table 4 : explain SELECT k FROM sbtest4 WHERE k BETWEEN 3620856 AND 3620956
	Index Only Scan using k_4 on sbtest4  (cost=0.43..6.42 rows=99 width=4)
	  Index Cond: ((k >= 3620856) AND (k <= 3620956))

table 5 : explain SELECT k FROM sbtest5 WHERE k BETWEEN 3620856 AND 3620956
	Index Only Scan using k_5 on sbtest5  (cost=0.43..6.47 rows=102 width=4)
	  Index Cond: ((k >= 3620856) AND (k <= 3620956))

table 6 : explain SELECT k FROM sbtest6 WHERE k BETWEEN 3620856 AND 3620956
	Index Only Scan using k_6 on sbtest6  (cost=0.43..6.42 rows=99 width=4)
	  Index Cond: ((k >= 3620856) AND (k <= 3620956))

table 7 : explain SELECT k FROM sbtest7 WHERE k BETWEEN 3620856 AND 3620956
	Index Only Scan using k_7 on sbtest7  (cost=0.43..6.45 rows=101 width=4)
	  Index Cond: ((k >= 3620856) AND (k <= 3620956))

table 8 : explain SELECT k FROM sbtest8 WHERE k BETWEEN 3620856 AND 3620956
	Index Only Scan using k_8 on sbtest8  (cost=0.43..6.25 rows=91 width=4)
	  Index Cond: ((k >= 3620856) AND (k <= 3620956))

explain: for range-covered :: explain SELECT k FROM sbtest%d WHERE k BETWEEN 3620856 AND 3620956
for range-covered
table 1 : explain SELECT k FROM sbtest1 WHERE k BETWEEN 5929038 AND 5929138
	Index Only Scan using k_1 on sbtest1  (cost=0.43..10.47 rows=102 width=4)
	  Index Cond: ((k >= 5929038) AND (k <= 5929138))

table 2 : explain SELECT k FROM sbtest2 WHERE k BETWEEN 5929038 AND 5929138
	Index Only Scan using k_2 on sbtest2  (cost=0.43..6.56 rows=106 width=4)
	  Index Cond: ((k >= 5929038) AND (k <= 5929138))

table 3 : explain SELECT k FROM sbtest3 WHERE k BETWEEN 5929038 AND 5929138
	Index Only Scan using k_3 on sbtest3  (cost=0.43..6.50 rows=103 width=4)
	  Index Cond: ((k >= 5929038) AND (k <= 5929138))

table 4 : explain SELECT k FROM sbtest4 WHERE k BETWEEN 5929038 AND 5929138
	Index Only Scan using k_4 on sbtest4  (cost=0.43..6.43 rows=100 width=4)
	  Index Cond: ((k >= 5929038) AND (k <= 5929138))

table 5 : explain SELECT k FROM sbtest5 WHERE k BETWEEN 5929038 AND 5929138
	Index Only Scan using k_5 on sbtest5  (cost=0.43..6.53 rows=105 width=4)
	  Index Cond: ((k >= 5929038) AND (k <= 5929138))

table 6 : explain SELECT k FROM sbtest6 WHERE k BETWEEN 5929038 AND 5929138
	Index Only Scan using k_6 on sbtest6  (cost=0.43..6.40 rows=98 width=4)
	  Index Cond: ((k >= 5929038) AND (k <= 5929138))

table 7 : explain SELECT k FROM sbtest7 WHERE k BETWEEN 5929038 AND 5929138
	Index Only Scan using k_7 on sbtest7  (cost=0.43..6.85 rows=121 width=4)
	  Index Cond: ((k >= 5929038) AND (k <= 5929138))

table 8 : explain SELECT k FROM sbtest8 WHERE k BETWEEN 5929038 AND 5929138
	Index Only Scan using k_8 on sbtest8  (cost=0.43..6.56 rows=106 width=4)
	  Index Cond: ((k >= 5929038) AND (k <= 5929138))

explain: for range-covered :: explain SELECT k FROM sbtest%d WHERE k BETWEEN 5929038 AND 5929138
for range-covered
table 1 : explain SELECT k FROM sbtest1 WHERE k BETWEEN 3620856 AND 3620956
	Index Only Scan using k_1 on sbtest1  (cost=0.43..10.38 rows=97 width=4)
	  Index Cond: ((k >= 3620856) AND (k <= 3620956))

table 2 : explain SELECT k FROM sbtest2 WHERE k BETWEEN 3620856 AND 3620956
	Index Only Scan using k_2 on sbtest2  (cost=0.43..6.59 rows=108 width=4)
	  Index Cond: ((k >= 3620856) AND (k <= 3620956))

table 3 : explain SELECT k FROM sbtest3 WHERE k BETWEEN 3620856 AND 3620956
	Index Only Scan using k_3 on sbtest3  (cost=0.43..6.37 rows=97 width=4)
	  Index Cond: ((k >= 3620856) AND (k <= 3620956))

table 4 : explain SELECT k FROM sbtest4 WHERE k BETWEEN 3620856 AND 3620956
	Index Only Scan using k_4 on sbtest4  (cost=0.43..6.42 rows=99 width=4)
	  Index Cond: ((k >= 3620856) AND (k <= 3620956))

table 5 : explain SELECT k FROM sbtest5 WHERE k BETWEEN 3620856 AND 3620956
	Index Only Scan using k_5 on sbtest5  (cost=0.43..6.47 rows=102 width=4)
	  Index Cond: ((k >= 3620856) AND (k <= 3620956))

table 6 : explain SELECT k FROM sbtest6 WHERE k BETWEEN 3620856 AND 3620956
	Index Only Scan using k_6 on sbtest6  (cost=0.43..6.42 rows=99 width=4)
	  Index Cond: ((k >= 3620856) AND (k <= 3620956))

table 7 : explain SELECT k FROM sbtest7 WHERE k BETWEEN 3620856 AND 3620956
	Index Only Scan using k_7 on sbtest7  (cost=0.43..6.45 rows=101 width=4)
	  Index Cond: ((k >= 3620856) AND (k <= 3620956))

table 8 : explain SELECT k FROM sbtest8 WHERE k BETWEEN 3620856 AND 3620956
	Index Only Scan using k_8 on sbtest8  (cost=0.43..6.25 rows=91 width=4)
	  Index Cond: ((k >= 3620856) AND (k <= 3620956))

for range-covered
table 1 : explain SELECT k FROM sbtest1 WHERE k BETWEEN 5929038 AND 5929138
	Index Only Scan using k_1 on sbtest1  (cost=0.43..10.47 rows=102 width=4)
	  Index Cond: ((k >= 5929038) AND (k <= 5929138))

table 2 : explain SELECT k FROM sbtest2 WHERE k BETWEEN 5929038 AND 5929138
	Index Only Scan using k_2 on sbtest2  (cost=0.43..6.56 rows=106 width=4)
	  Index Cond: ((k >= 5929038) AND (k <= 5929138))

table 3 : explain SELECT k FROM sbtest3 WHERE k BETWEEN 5929038 AND 5929138
	Index Only Scan using k_3 on sbtest3  (cost=0.43..6.50 rows=103 width=4)
	  Index Cond: ((k >= 5929038) AND (k <= 5929138))

table 4 : explain SELECT k FROM sbtest4 WHERE k BETWEEN 5929038 AND 5929138
	Index Only Scan using k_4 on sbtest4  (cost=0.43..6.43 rows=100 width=4)
	  Index Cond: ((k >= 5929038) AND (k <= 5929138))

table 5 : explain SELECT k FROM sbtest5 WHERE k BETWEEN 5929038 AND 5929138
	Index Only Scan using k_5 on sbtest5  (cost=0.43..6.53 rows=105 width=4)
	  Index Cond: ((k >= 5929038) AND (k <= 5929138))

table 6 : explain SELECT k FROM sbtest6 WHERE k BETWEEN 5929038 AND 5929138
	Index Only Scan using k_6 on sbtest6  (cost=0.43..6.40 rows=98 width=4)
	  Index Cond: ((k >= 5929038) AND (k <= 5929138))

table 7 : explain SELECT k FROM sbtest7 WHERE k BETWEEN 5929038 AND 5929138
	Index Only Scan using k_7 on sbtest7  (cost=0.43..6.85 rows=121 width=4)
	  Index Cond: ((k >= 5929038) AND (k <= 5929138))

table 8 : explain SELECT k FROM sbtest8 WHERE k BETWEEN 5929038 AND 5929138
	Index Only Scan using k_8 on sbtest8  (cost=0.43..6.56 rows=106 width=4)
	  Index Cond: ((k >= 5929038) AND (k <= 5929138))

explain: for range-covered :: explain SELECT k FROM sbtest%d WHERE k BETWEEN 5929038 AND 5929138
for range-covered
table 1 : explain SELECT k FROM sbtest1 WHERE k BETWEEN 5929038 AND 5929138
	Index Only Scan using k_1 on sbtest1  (cost=0.43..10.47 rows=102 width=4)
	  Index Cond: ((k >= 5929038) AND (k <= 5929138))

table 2 : explain SELECT k FROM sbtest2 WHERE k BETWEEN 5929038 AND 5929138
	Index Only Scan using k_2 on sbtest2  (cost=0.43..6.56 rows=106 width=4)
	  Index Cond: ((k >= 5929038) AND (k <= 5929138))

table 3 : explain SELECT k FROM sbtest3 WHERE k BETWEEN 5929038 AND 5929138
	Index Only Scan using k_3 on sbtest3  (cost=0.43..6.50 rows=103 width=4)
	  Index Cond: ((k >= 5929038) AND (k <= 5929138))

table 4 : explain SELECT k FROM sbtest4 WHERE k BETWEEN 5929038 AND 5929138
	Index Only Scan using k_4 on sbtest4  (cost=0.43..6.43 rows=100 width=4)
	  Index Cond: ((k >= 5929038) AND (k <= 5929138))

table 5 : explain SELECT k FROM sbtest5 WHERE k BETWEEN 5929038 AND 5929138
	Index Only Scan using k_5 on sbtest5  (cost=0.43..6.53 rows=105 width=4)
	  Index Cond: ((k >= 5929038) AND (k <= 5929138))

table 6 : explain SELECT k FROM sbtest6 WHERE k BETWEEN 5929038 AND 5929138
	Index Only Scan using k_6 on sbtest6  (cost=0.43..6.40 rows=98 width=4)
	  Index Cond: ((k >= 5929038) AND (k <= 5929138))

table 7 : explain SELECT k FROM sbtest7 WHERE k BETWEEN 5929038 AND 5929138
	Index Only Scan using k_7 on sbtest7  (cost=0.43..6.85 rows=121 width=4)
	  Index Cond: ((k >= 5929038) AND (k <= 5929138))

table 8 : explain SELECT k FROM sbtest8 WHERE k BETWEEN 5929038 AND 5929138
	Index Only Scan using k_8 on sbtest8  (cost=0.43..6.56 rows=106 width=4)
	  Index Cond: ((k >= 5929038) AND (k <= 5929138))

Threads started!

Warming up for 5 seconds...

SQL statistics:
    queries performed:
        read:                            258503304
        write:                           0
        other:                           0
        total:                           258503304
    transactions:                        258503304 (410318.38 per sec.)
    queries:                             258503304 (410318.38 per sec.)
    ignored errors:                      0      (0.00 per sec.)
    reconnects:                          0      (0.00 per sec.)

Throughput:
    events/s (eps):                      410318.3770
    time elapsed:                        630.0067s
    total number of events:              258503304

Latency (ms):
         min:                                    0.06
         avg:                                    0.10
         max:                                   12.17
         95th percentile:                        0.11
         sum:                             25121275.51

Threads fairness:
    events (avg/stddev):           6462575.8500/33773.65
    execution time (avg/stddev):   628.0319/0.07

