LUA_PATH=/home/mdcallag/git/mytools/bench/sysbench.lua/lua/?.lua /home/mdcallag/git/mytools/bench/sysbench.lua/lua/sysbench --db-driver=pgsql --range-size=1000 --table-size=10000000 --tables=8 --threads=40 --events=0 --warmup-time=5 --time=630 --pgsql_conn_id=true /home/mdcallag/git/mytools/bench/sysbench.lua/lua/oltp_read_only_count.lua run --pgsql-user=root --pgsql-password=pw --pgsql-host=127.0.0.1 --pgsql-db=ib --rand-type=uniform --skip-trx
48 CPUs
sysbench 1.1.0-9072687 (using bundled LuaJIT 2.1.0-beta3)

Running the test with following options:
Number of threads: 40
Warmup time: 5s
Initializing random number generator from current time


Initializing worker threads...

for: count_ranges
table 1 : explain SELECT count(c) FROM sbtest1 WHERE id BETWEEN 9353695 AND 9354694
	Aggregate  (cost=3742.39..3742.40 rows=1 width=8)
	  ->  Bitmap Heap Scan on sbtest1  (cost=22.36..3739.97 rows=968 width=121)
	        Recheck Cond: ((id >= 9353695) AND (id <= 9354694))
	        ->  Bitmap Index Scan on sbtest1_pkey  (cost=0.00..22.11 rows=968 width=0)
	              Index Cond: ((id >= 9353695) AND (id <= 9354694))

table 2 : explain SELECT count(c) FROM sbtest2 WHERE id BETWEEN 3661288 AND 3662287
	Aggregate  (cost=3828.87..3828.88 rows=1 width=8)
	  ->  Bitmap Heap Scan on sbtest2  (cost=22.59..3826.39 rows=991 width=121)
	        Recheck Cond: ((id >= 3661288) AND (id <= 3662287))
	        ->  Bitmap Index Scan on sbtest2_pkey  (cost=0.00..22.34 rows=991 width=0)
	              Index Cond: ((id >= 3661288) AND (id <= 3662287))

table 3 : explain SELECT count(c) FROM sbtest3 WHERE id BETWEEN 8086572 AND 8087571
	Aggregate  (cost=4099.95..4099.96 rows=1 width=8)
	  ->  Bitmap Heap Scan on sbtest3  (cost=23.33..4097.30 rows=1063 width=121)
	        Recheck Cond: ((id >= 8086572) AND (id <= 8087571))
	        ->  Bitmap Index Scan on sbtest3_pkey  (cost=0.00..23.07 rows=1063 width=0)
	              Index Cond: ((id >= 8086572) AND (id <= 8087571))

table 4 : explain SELECT count(c) FROM sbtest4 WHERE id BETWEEN 8975802 AND 8976801
	Aggregate  (cost=4099.92..4099.93 rows=1 width=8)
	  ->  Bitmap Heap Scan on sbtest4  (cost=23.33..4097.26 rows=1063 width=121)
	        Recheck Cond: ((id >= 8975802) AND (id <= 8976801))
	        ->  Bitmap Index Scan on sbtest4_pkey  (cost=0.00..23.07 rows=1063 width=0)
	              Index Cond: ((id >= 8975802) AND (id <= 8976801))

table 5 : explain SELECT count(c) FROM sbtest5 WHERE id BETWEEN 5105910 AND 5106909
	Aggregate  (cost=3796.31..3796.32 rows=1 width=8)
	  ->  Bitmap Heap Scan on sbtest5  (cost=22.50..3793.86 rows=982 width=121)
	        Recheck Cond: ((id >= 5105910) AND (id <= 5106909))
	        ->  Bitmap Index Scan on sbtest5_pkey  (cost=0.00..22.25 rows=982 width=0)
	              Index Cond: ((id >= 5105910) AND (id <= 5106909))

table 6 : explain SELECT count(c) FROM sbtest6 WHERE id BETWEEN 5355649 AND 5356648
	Aggregate  (cost=3712.44..3712.45 rows=1 width=8)
	  ->  Bitmap Heap Scan on sbtest6  (cost=22.27..3710.04 rows=960 width=121)
	        Recheck Cond: ((id >= 5355649) AND (id <= 5356648))
	        ->  Bitmap Index Scan on sbtest6_pkey  (cost=0.00..22.04 rows=960 width=0)
	              Index Cond: ((id >= 5355649) AND (id <= 5356648))

table 7 : explain SELECT count(c) FROM sbtest7 WHERE id BETWEEN 8022287 AND 8023286
	Aggregate  (cost=4244.75..4244.76 rows=1 width=8)
	  ->  Bitmap Heap Scan on sbtest7  (cost=27.71..4242.00 rows=1100 width=121)
	        Recheck Cond: ((id >= 8022287) AND (id <= 8023286))
	        ->  Bitmap Index Scan on sbtest7_pkey  (cost=0.00..27.43 rows=1100 width=0)
	              Index Cond: ((id >= 8022287) AND (id <= 8023286))

table 8 : explain SELECT count(c) FROM sbtest8 WHERE id BETWEEN 4592769 AND 4593768
	Aggregate  (cost=3683.19..3683.20 rows=1 width=8)
	  ->  Bitmap Heap Scan on sbtest8  (cost=22.19..3680.81 rows=952 width=121)
	        Recheck Cond: ((id >= 4592769) AND (id <= 4593768))
	        ->  Bitmap Index Scan on sbtest8_pkey  (cost=0.00..21.95 rows=952 width=0)
	              Index Cond: ((id >= 4592769) AND (id <= 4593768))

for: count_ranges
table 1 : explain SELECT count(c) FROM sbtest1 WHERE id BETWEEN 5770592 AND 5771591
	Aggregate  (cost=4062.53..4062.54 rows=1 width=8)
	  ->  Bitmap Heap Scan on sbtest1  (cost=23.23..4059.90 rows=1053 width=121)
	        Recheck Cond: ((id >= 5770592) AND (id <= 5771591))
	        ->  Bitmap Index Scan on sbtest1_pkey  (cost=0.00..22.96 rows=1053 width=0)
	              Index Cond: ((id >= 5770592) AND (id <= 5771591))

table 2 : explain SELECT count(c) FROM sbtest2 WHERE id BETWEEN 5254745 AND 5255744
	Aggregate  (cost=3926.81..3926.82 rows=1 width=8)
	  ->  Bitmap Heap Scan on sbtest2  (cost=22.86..3924.26 rows=1017 width=121)
	        Recheck Cond: ((id >= 5254745) AND (id <= 5255744))
	        ->  Bitmap Index Scan on sbtest2_pkey  (cost=0.00..22.61 rows=1017 width=0)
	              Index Cond: ((id >= 5254745) AND (id <= 5255744))

table 3 : explain SELECT count(c) FROM sbtest3 WHERE id BETWEEN 7196208 AND 7197207
	Aggregate  (cost=3855.32..3855.33 rows=1 width=8)
	  ->  Bitmap Heap Scan on sbtest3  (cost=22.66..3852.83 rows=998 width=121)
	        Recheck Cond: ((id >= 7196208) AND (id <= 7197207))
	        ->  Bitmap Index Scan on sbtest3_pkey  (cost=0.00..22.41 rows=998 width=0)
	              Index Cond: ((id >= 7196208) AND (id <= 7197207))

table 4 : explain SELECT count(c) FROM sbtest4 WHERE id BETWEEN 111846 AND 112845
	Aggregate  (cost=4099.92..4099.93 rows=1 width=8)
	  ->  Bitmap Heap Scan on sbtest4  (cost=23.33..4097.26 rows=1063 width=121)
	        Recheck Cond: ((id >= 111846) AND (id <= 112845))
	        ->  Bitmap Index Scan on sbtest4_pkey  (cost=0.00..23.07 rows=1063 width=0)
	              Index Cond: ((id >= 111846) AND (id <= 112845))

table 5 : explain SELECT count(c) FROM sbtest5 WHERE id BETWEEN 594574 AND 595573
	Aggregate  (cost=3894.34..3894.35 rows=1 width=8)
	  ->  Bitmap Heap Scan on sbtest5  (cost=22.77..3891.82 rows=1008 width=121)
	        Recheck Cond: ((id >= 594574) AND (id <= 595573))
	        ->  Bitmap Index Scan on sbtest5_pkey  (cost=0.00..22.51 rows=1008 width=0)
	              Index Cond: ((id >= 594574) AND (id <= 595573))

table 6 : explain SELECT count(c) FROM sbtest6 WHERE id BETWEEN 5350720 AND 5351719
	Aggregate  (cost=3712.44..3712.45 rows=1 width=8)
	  ->  Bitmap Heap Scan on sbtest6  (cost=22.27..3710.04 rows=960 width=121)
	        Recheck Cond: ((id >= 5350720) AND (id <= 5351719))
	        ->  Bitmap Index Scan on sbtest6_pkey  (cost=0.00..22.04 rows=960 width=0)
	              Index Cond: ((id >= 5350720) AND (id <= 5351719))

table 7 : explain SELECT count(c) FROM sbtest7 WHERE id BETWEEN 4010610 AND 4011609
	Aggregate  (cost=3924.70..3924.71 rows=1 width=8)
	  ->  Bitmap Heap Scan on sbtest7  (cost=22.85..3922.16 rows=1016 width=121)
	        Recheck Cond: ((id >= 4010610) AND (id <= 4011609))
	        ->  Bitmap Index Scan on sbtest7_pkey  (cost=0.00..22.59 rows=1016 width=0)
	              Index Cond: ((id >= 4010610) AND (id <= 4011609))

table 8 : explain SELECT count(c) FROM sbtest8 WHERE id BETWEEN 3597360 AND 3598359
	Aggregate  (cost=4161.92..4161.93 rows=1 width=8)
	  ->  Bitmap Heap Scan on sbtest8  (cost=27.48..4159.23 rows=1078 width=121)
	        Recheck Cond: ((id >= 3597360) AND (id <= 3598359))
	        ->  Bitmap Index Scan on sbtest8_pkey  (cost=0.00..27.21 rows=1078 width=0)
	              Index Cond: ((id >= 3597360) AND (id <= 3598359))

for: count_ranges
table 1 : explain SELECT count(c) FROM sbtest1 WHERE id BETWEEN 2271644 AND 2272643
	Aggregate  (cost=4197.85..4197.86 rows=1 width=8)
	  ->  Bitmap Heap Scan on sbtest1  (cost=23.60..4195.12 rows=1089 width=121)
	        Recheck Cond: ((id >= 2271644) AND (id <= 2272643))
	        ->  Bitmap Index Scan on sbtest1_pkey  (cost=0.00..23.32 rows=1089 width=0)
	              Index Cond: ((id >= 2271644) AND (id <= 2272643))

table 2 : explain SELECT count(c) FROM sbtest2 WHERE id BETWEEN 3820243 AND 3821242
	Aggregate  (cost=3576.08..3576.09 rows=1 width=8)
	  ->  Bitmap Heap Scan on sbtest2  (cost=21.91..3573.77 rows=924 width=121)
	        Recheck Cond: ((id >= 3820243) AND (id <= 3821242))
	        ->  Bitmap Index Scan on sbtest2_pkey  (cost=0.00..21.68 rows=924 width=0)
	              Index Cond: ((id >= 3820243) AND (id <= 3821242))

table 3 : explain SELECT count(c) FROM sbtest3 WHERE id BETWEEN 8457224 AND 8458223
	Aggregate  (cost=4036.02..4036.03 rows=1 width=8)
	  ->  Bitmap Heap Scan on sbtest3  (cost=23.16..4033.41 rows=1046 width=121)
	        Recheck Cond: ((id >= 8457224) AND (id <= 8458223))
	        ->  Bitmap Index Scan on sbtest3_pkey  (cost=0.00..22.89 rows=1046 width=0)
	              Index Cond: ((id >= 8457224) AND (id <= 8458223))

table 4 : explain SELECT count(c) FROM sbtest4 WHERE id BETWEEN 4633985 AND 4634984
	Aggregate  (cost=3791.22..3791.23 rows=1 width=8)
	  ->  Bitmap Heap Scan on sbtest4  (cost=22.49..3788.77 rows=981 width=121)
	        Recheck Cond: ((id >= 4633985) AND (id <= 4634984))
	        ->  Bitmap Index Scan on sbtest4_pkey  (cost=0.00..22.25 rows=981 width=0)
	              Index Cond: ((id >= 4633985) AND (id <= 4634984))

table 5 : explain SELECT count(c) FROM sbtest5 WHERE id BETWEEN 700603 AND 701602
	Aggregate  (cost=4120.22..4120.23 rows=1 width=8)
	  ->  Bitmap Heap Scan on sbtest5  (cost=23.38..4117.55 rows=1068 width=121)
	        Recheck Cond: ((id >= 700603) AND (id <= 701602))
	        ->  Bitmap Index Scan on sbtest5_pkey  (cost=0.00..23.11 rows=1068 width=0)
	              Index Cond: ((id >= 700603) AND (id <= 701602))

table 6 : explain SELECT count(c) FROM sbtest6 WHERE id BETWEEN 9091411 AND 9092410
	Aggregate  (cost=3931.08..3931.09 rows=1 width=8)
	  ->  Bitmap Heap Scan on sbtest6  (cost=22.87..3928.53 rows=1018 width=121)
	        Recheck Cond: ((id >= 9091411) AND (id <= 9092410))
	        ->  Bitmap Index Scan on sbtest6_pkey  (cost=0.00..22.61 rows=1018 width=0)
	              Index Cond: ((id >= 9091411) AND (id <= 9092410))

table 7 : explain SELECT count(c) FROM sbtest7 WHERE id BETWEEN 3156872 AND 3157871
	Aggregate  (cost=3566.18..3566.19 rows=1 width=8)
	  ->  Bitmap Heap Scan on sbtest7  (cost=21.88..3563.88 rows=921 width=121)
	        Recheck Cond: ((id >= 3156872) AND (id <= 3157871))
	        ->  Bitmap Index Scan on sbtest7_pkey  (cost=0.00..21.64 rows=921 width=0)
	              Index Cond: ((id >= 3156872) AND (id <= 3157871))

table 8 : explain SELECT count(c) FROM sbtest8 WHERE id BETWEEN 7352128 AND 7353127
	Aggregate  (cost=4078.94..4078.95 rows=1 width=8)
	  ->  Bitmap Heap Scan on sbtest8  (cost=23.27..4076.30 rows=1057 width=121)
	        Recheck Cond: ((id >= 7352128) AND (id <= 7353127))
	        ->  Bitmap Index Scan on sbtest8_pkey  (cost=0.00..23.00 rows=1057 width=0)
	              Index Cond: ((id >= 7352128) AND (id <= 7353127))

for: count_ranges
table 1 : explain SELECT count(c) FROM sbtest1 WHERE id BETWEEN 2969402 AND 2970401
	Aggregate  (cost=3847.95..3847.96 rows=1 width=8)
	  ->  Bitmap Heap Scan on sbtest1  (cost=22.64..3845.46 rows=996 width=121)
	        Recheck Cond: ((id >= 2969402) AND (id <= 2970401))
	        ->  Bitmap Index Scan on sbtest1_pkey  (cost=0.00..22.39 rows=996 width=0)
	              Index Cond: ((id >= 2969402) AND (id <= 2970401))

table 2 : explain SELECT count(c) FROM sbtest2 WHERE id BETWEEN 25617 AND 26616
	Aggregate  (cost=3923.04..3923.05 rows=1 width=8)
	  ->  Bitmap Heap Scan on sbtest2  (cost=22.85..3920.50 rows=1016 width=121)
	        Recheck Cond: ((id >= 25617) AND (id <= 26616))
	        ->  Bitmap Index Scan on sbtest2_pkey  (cost=0.00..22.59 rows=1016 width=0)
	              Index Cond: ((id >= 25617) AND (id <= 26616))

table 3 : explain SELECT count(c) FROM sbtest3 WHERE id BETWEEN 6933421 AND 6934420
	Aggregate  (cost=3757.31..3757.32 rows=1 width=8)
	  ->  Bitmap Heap Scan on sbtest3  (cost=22.40..3754.88 rows=972 width=121)
	        Recheck Cond: ((id >= 6933421) AND (id <= 6934420))
	        ->  Bitmap Index Scan on sbtest3_pkey  (cost=0.00..22.15 rows=972 width=0)
	              Index Cond: ((id >= 6933421) AND (id <= 6934420))

table 4 : explain SELECT count(c) FROM sbtest4 WHERE id BETWEEN 6715831 AND 6716830
	Aggregate  (cost=3874.13..3874.14 rows=1 width=8)
	  ->  Bitmap Heap Scan on sbtest4  (cost=22.72..3871.62 rows=1003 width=121)
	        Recheck Cond: ((id >= 6715831) AND (id <= 6716830))
	        ->  Bitmap Index Scan on sbtest4_pkey  (cost=0.00..22.46 rows=1003 width=0)
	              Index Cond: ((id >= 6715831) AND (id <= 6716830))

table 5 : explain SELECT count(c) FROM sbtest5 WHERE id BETWEEN 8434282 AND 8435281
	Aggregate  (cost=3520.62..3520.63 rows=1 width=8)
	  ->  Bitmap Heap Scan on sbtest5  (cost=21.75..3518.35 rows=909 width=121)
	        Recheck Cond: ((id >= 8434282) AND (id <= 8435281))
	        ->  Bitmap Index Scan on sbtest5_pkey  (cost=0.00..21.52 rows=909 width=0)
	              Index Cond: ((id >= 8434282) AND (id <= 8435281))

table 6 : explain SELECT count(c) FROM sbtest6 WHERE id BETWEEN 6819383 AND 6820382
	Aggregate  (cost=3863.27..3863.28 rows=1 width=8)
	  ->  Bitmap Heap Scan on sbtest6  (cost=22.68..3860.77 rows=1000 width=121)
	        Recheck Cond: ((id >= 6819383) AND (id <= 6820382))
	        ->  Bitmap Index Scan on sbtest6_pkey  (cost=0.00..22.43 rows=1000 width=0)
	              Index Cond: ((id >= 6819383) AND (id <= 6820382))

table 7 : explain SELECT count(c) FROM sbtest7 WHERE id BETWEEN 8533122 AND 8534121
	Aggregate  (cost=3951.07..3951.08 rows=1 width=8)
	  ->  Bitmap Heap Scan on sbtest7  (cost=22.92..3948.52 rows=1023 width=121)
	        Recheck Cond: ((id >= 8533122) AND (id <= 8534121))
	        ->  Bitmap Index Scan on sbtest7_pkey  (cost=0.00..22.66 rows=1023 width=0)
	              Index Cond: ((id >= 8533122) AND (id <= 8534121))

table 8 : explain SELECT count(c) FROM sbtest8 WHERE id BETWEEN 2691297 AND 2692296
	Aggregate  (cost=3467.74..3467.75 rows=1 width=8)
	  ->  Bitmap Heap Scan on sbtest8  (cost=21.61..3465.51 rows=895 width=121)
	        Recheck Cond: ((id >= 2691297) AND (id <= 2692296))
	        ->  Bitmap Index Scan on sbtest8_pkey  (cost=0.00..21.39 rows=895 width=0)
	              Index Cond: ((id >= 2691297) AND (id <= 2692296))

for: count_ranges
table 1 : explain SELECT count(c) FROM sbtest1 WHERE id BETWEEN 3591978 AND 3592977
	Aggregate  (cost=3606.51..3606.52 rows=1 width=8)
	  ->  Bitmap Heap Scan on sbtest1  (cost=21.99..3604.18 rows=932 width=121)
	        Recheck Cond: ((id >= 3591978) AND (id <= 3592977))
	        ->  Bitmap Index Scan on sbtest1_pkey  (cost=0.00..21.75 rows=932 width=0)
	              Index Cond: ((id >= 3591978) AND (id <= 3592977))

table 2 : explain SELECT count(c) FROM sbtest2 WHERE id BETWEEN 8550302 AND 8551301
	Aggregate  (cost=4325.48..4325.49 rows=1 width=8)
	  ->  Bitmap Heap Scan on sbtest2  (cost=27.95..4322.67 rows=1123 width=121)
	        Recheck Cond: ((id >= 8550302) AND (id <= 8551301))
	        ->  Bitmap Index Scan on sbtest2_pkey  (cost=0.00..27.66 rows=1123 width=0)
	              Index Cond: ((id >= 8550302) AND (id <= 8551301))

table 3 : explain SELECT count(c) FROM sbtest3 WHERE id BETWEEN 9660031 AND 9661030
	Aggregate  (cost=3926.88..3926.89 rows=1 width=8)
	  ->  Bitmap Heap Scan on sbtest3  (cost=22.86..3924.34 rows=1017 width=121)
	        Recheck Cond: ((id >= 9660031) AND (id <= 9661030))
	        ->  Bitmap Index Scan on sbtest3_pkey  (cost=0.00..22.61 rows=1017 width=0)
	              Index Cond: ((id >= 9660031) AND (id <= 9661030))

table 4 : explain SELECT count(c) FROM sbtest4 WHERE id BETWEEN 6876073 AND 6877072
	Aggregate  (cost=4069.84..4069.85 rows=1 width=8)
	  ->  Bitmap Heap Scan on sbtest4  (cost=23.25..4067.20 rows=1055 width=121)
	        Recheck Cond: ((id >= 6876073) AND (id <= 6877072))
	        ->  Bitmap Index Scan on sbtest4_pkey  (cost=0.00..22.98 rows=1055 width=0)
	              Index Cond: ((id >= 6876073) AND (id <= 6877072))

table 5 : explain SELECT count(c) FROM sbtest5 WHERE id BETWEEN 9173502 AND 9174501
	Aggregate  (cost=3482.80..3482.81 rows=1 width=8)
	  ->  Bitmap Heap Scan on sbtest5  (cost=21.65..3480.55 rows=899 width=121)
	        Recheck Cond: ((id >= 9173502) AND (id <= 9174501))
	        ->  Bitmap Index Scan on sbtest5_pkey  (cost=0.00..21.43 rows=899 width=0)
	              Index Cond: ((id >= 9173502) AND (id <= 9174501))

table 6 : explain SELECT count(c) FROM sbtest6 WHERE id BETWEEN 9610616 AND 9611615
	Aggregate  (cost=4025.18..4025.19 rows=1 width=8)
	  ->  Bitmap Heap Scan on sbtest6  (cost=23.13..4022.57 rows=1043 width=121)
	        Recheck Cond: ((id >= 9610616) AND (id <= 9611615))
	        ->  Bitmap Index Scan on sbtest6_pkey  (cost=0.00..22.86 rows=1043 width=0)
	              Index Cond: ((id >= 9610616) AND (id <= 9611615))

table 7 : explain SELECT count(c) FROM sbtest7 WHERE id BETWEEN 9127333 AND 9128332
	Aggregate  (cost=4041.44..4041.45 rows=1 width=8)
	  ->  Bitmap Heap Scan on sbtest7  (cost=23.17..4038.82 rows=1047 width=121)
	        Recheck Cond: ((id >= 9127333) AND (id <= 9128332))
	        ->  Bitmap Index Scan on sbtest7_pkey  (cost=0.00..22.90 rows=1047 width=0)
	              Index Cond: ((id >= 9127333) AND (id <= 9128332))

table 8 : explain SELECT count(c) FROM sbtest8 WHERE id BETWEEN 6046986 AND 6047985
	Aggregate  (cost=4109.04..4109.05 rows=1 width=8)
	  ->  Bitmap Heap Scan on sbtest8  (cost=23.35..4106.37 rows=1065 width=121)
	        Recheck Cond: ((id >= 6046986) AND (id <= 6047985))
	        ->  Bitmap Index Scan on sbtest8_pkey  (cost=0.00..23.08 rows=1065 width=0)
	              Index Cond: ((id >= 6046986) AND (id <= 6047985))

for: count_ranges
table 1 : explain SELECT count(c) FROM sbtest1 WHERE id BETWEEN 7556716 AND 7557715
	Aggregate  (cost=4070.06..4070.07 rows=1 width=8)
	  ->  Bitmap Heap Scan on sbtest1  (cost=23.25..4067.42 rows=1055 width=121)
	        Recheck Cond: ((id >= 7556716) AND (id <= 7557715))
	        ->  Bitmap Index Scan on sbtest1_pkey  (cost=0.00..22.98 rows=1055 width=0)
	              Index Cond: ((id >= 7556716) AND (id <= 7557715))

table 2 : explain SELECT count(c) FROM sbtest2 WHERE id BETWEEN 5086350 AND 5087349
	Aggregate  (cost=3885.38..3885.39 rows=1 width=8)
	  ->  Bitmap Heap Scan on sbtest2  (cost=22.75..3882.87 rows=1006 width=121)
	        Recheck Cond: ((id >= 5086350) AND (id <= 5087349))
	        ->  Bitmap Index Scan on sbtest2_pkey  (cost=0.00..22.50 rows=1006 width=0)
	              Index Cond: ((id >= 5086350) AND (id <= 5087349))

table 3 : explain SELECT count(c) FROM sbtest3 WHERE id BETWEEN 9949045 AND 9950044
	Aggregate  (cost=3621.47..3621.48 rows=1 width=8)
	  ->  Bitmap Heap Scan on sbtest3  (cost=22.03..3619.13 rows=936 width=121)
	        Recheck Cond: ((id >= 9949045) AND (id <= 9950044))
	        ->  Bitmap Index Scan on sbtest3_pkey  (cost=0.00..21.79 rows=936 width=0)
	              Index Cond: ((id >= 9949045) AND (id <= 9950044))

table 4 : explain SELECT count(c) FROM sbtest4 WHERE id BETWEEN 2540915 AND 2541914
	Aggregate  (cost=4468.02..4468.03 rows=1 width=8)
	  ->  Bitmap Heap Scan on sbtest4  (cost=28.34..4465.11 rows=1161 width=121)
	        Recheck Cond: ((id >= 2540915) AND (id <= 2541914))
	        ->  Bitmap Index Scan on sbtest4_pkey  (cost=0.00..28.04 rows=1161 width=0)
	              Index Cond: ((id >= 2540915) AND (id <= 2541914))

table 5 : explain SELECT count(c) FROM sbtest5 WHERE id BETWEEN 4698159 AND 4699158
	Aggregate  (cost=3830.25..3830.26 rows=1 width=8)
	  ->  Bitmap Heap Scan on sbtest5  (cost=22.59..3827.78 rows=991 width=121)
	        Recheck Cond: ((id >= 4698159) AND (id <= 4699158))
	        ->  Bitmap Index Scan on sbtest5_pkey  (cost=0.00..22.34 rows=991 width=0)
	              Index Cond: ((id >= 4698159) AND (id <= 4699158))

table 6 : explain SELECT count(c) FROM sbtest6 WHERE id BETWEEN 9133563 AND 9134562
	Aggregate  (cost=4580.96..4580.97 rows=1 width=8)
	  ->  Bitmap Heap Scan on sbtest6  (cost=28.64..4577.99 rows=1191 width=121)
	        Recheck Cond: ((id >= 9133563) AND (id <= 9134562))
	        ->  Bitmap Index Scan on sbtest6_pkey  (cost=0.00..28.34 rows=1191 width=0)
	              Index Cond: ((id >= 9133563) AND (id <= 9134562))

table 7 : explain SELECT count(c) FROM sbtest7 WHERE id BETWEEN 4155646 AND 4156645
	Aggregate  (cost=3664.42..3664.43 rows=1 width=8)
	  ->  Bitmap Heap Scan on sbtest7  (cost=22.14..3662.05 rows=947 width=121)
	        Recheck Cond: ((id >= 4155646) AND (id <= 4156645))
	        ->  Bitmap Index Scan on sbtest7_pkey  (cost=0.00..21.90 rows=947 width=0)
	              Index Cond: ((id >= 4155646) AND (id <= 4156645))

table 8 : explain SELECT count(c) FROM sbtest8 WHERE id BETWEEN 8990913 AND 8991912
	Aggregate  (cost=3762.45..3762.46 rows=1 width=8)
	  ->  Bitmap Heap Scan on sbtest8  (cost=22.41..3760.02 rows=973 width=121)
	        Recheck Cond: ((id >= 8990913) AND (id <= 8991912))
	        ->  Bitmap Index Scan on sbtest8_pkey  (cost=0.00..22.16 rows=973 width=0)
	              Index Cond: ((id >= 8990913) AND (id <= 8991912))

for: count_ranges
table 1 : explain SELECT count(c) FROM sbtest1 WHERE id BETWEEN 6797454 AND 6798453
	Aggregate  (cost=3443.99..3444.00 rows=1 width=8)
	  ->  Bitmap Heap Scan on sbtest1  (cost=21.55..3441.77 rows=889 width=121)
	        Recheck Cond: ((id >= 6797454) AND (id <= 6798453))
	        ->  Bitmap Index Scan on sbtest1_pkey  (cost=0.00..21.32 rows=889 width=0)
	              Index Cond: ((id >= 6797454) AND (id <= 6798453))

table 2 : explain SELECT count(c) FROM sbtest2 WHERE id BETWEEN 8747327 AND 8748326
	Aggregate  (cost=4239.15..4239.16 rows=1 width=8)
	  ->  Bitmap Heap Scan on sbtest2  (cost=27.71..4236.40 rows=1100 width=121)
	        Recheck Cond: ((id >= 8747327) AND (id <= 8748326))
	        ->  Bitmap Index Scan on sbtest2_pkey  (cost=0.00..27.43 rows=1100 width=0)
	              Index Cond: ((id >= 8747327) AND (id <= 8748326))

table 3 : explain SELECT count(c) FROM sbtest3 WHERE id BETWEEN 115536 AND 116535
	Aggregate  (cost=3862.86..3862.87 rows=1 width=8)
	  ->  Bitmap Heap Scan on sbtest3  (cost=22.68..3860.36 rows=1000 width=121)
	        Recheck Cond: ((id >= 115536) AND (id <= 116535))
	        ->  Bitmap Index Scan on sbtest3_pkey  (cost=0.00..22.43 rows=1000 width=0)
	              Index Cond: ((id >= 115536) AND (id <= 116535))

table 4 : explain SELECT count(c) FROM sbtest4 WHERE id BETWEEN 6903662 AND 6904661
	Aggregate  (cost=4216.64..4216.65 rows=1 width=8)
	  ->  Bitmap Heap Scan on sbtest4  (cost=27.64..4213.91 rows=1093 width=121)
	        Recheck Cond: ((id >= 6903662) AND (id <= 6904661))
	        ->  Bitmap Index Scan on sbtest4_pkey  (cost=0.00..27.36 rows=1093 width=0)
	              Index Cond: ((id >= 6903662) AND (id <= 6904661))

table 5 : explain SELECT count(c) FROM sbtest5 WHERE id BETWEEN 6020358 AND 6021357
	Aggregate  (cost=3720.85..3720.86 rows=1 width=8)
	  ->  Bitmap Heap Scan on sbtest5  (cost=22.30..3718.45 rows=962 width=121)
	        Recheck Cond: ((id >= 6020358) AND (id <= 6021357))
	        ->  Bitmap Index Scan on sbtest5_pkey  (cost=0.00..22.05 rows=962 width=0)
	              Index Cond: ((id >= 6020358) AND (id <= 6021357))

table 6 : explain SELECT count(c) FROM sbtest6 WHERE id BETWEEN 1915817 AND 1916816
	Aggregate  (cost=4224.66..4224.67 rows=1 width=8)
	  ->  Bitmap Heap Scan on sbtest6  (cost=27.66..4221.93 rows=1095 width=121)
	        Recheck Cond: ((id >= 1915817) AND (id <= 1916816))
	        ->  Bitmap Index Scan on sbtest6_pkey  (cost=0.00..27.39 rows=1095 width=0)
	              Index Cond: ((id >= 1915817) AND (id <= 1916816))

table 7 : explain SELECT count(c) FROM sbtest7 WHERE id BETWEEN 6819036 AND 6820035
	Aggregate  (cost=3834.24..3834.25 rows=1 width=8)
	  ->  Bitmap Heap Scan on sbtest7  (cost=22.60..3831.76 rows=992 width=121)
	        Recheck Cond: ((id >= 6819036) AND (id <= 6820035))
	        ->  Bitmap Index Scan on sbtest7_pkey  (cost=0.00..22.36 rows=992 width=0)
	              Index Cond: ((id >= 6819036) AND (id <= 6820035))

table 8 : explain SELECT count(c) FROM sbtest8 WHERE id BETWEEN 4239395 AND 4240394
	Aggregate  (cost=3664.31..3664.32 rows=1 width=8)
	  ->  Bitmap Heap Scan on sbtest8  (cost=22.14..3661.94 rows=947 width=121)
	        Recheck Cond: ((id >= 4239395) AND (id <= 4240394))
	        ->  Bitmap Index Scan on sbtest8_pkey  (cost=0.00..21.90 rows=947 width=0)
	              Index Cond: ((id >= 4239395) AND (id <= 4240394))

for: count_ranges
table 1 : explain SELECT count(c) FROM sbtest1 WHERE id BETWEEN 1223886 AND 1224885
	Aggregate  (cost=3983.53..3983.54 rows=1 width=8)
	  ->  Bitmap Heap Scan on sbtest1  (cost=23.01..3980.95 rows=1032 width=121)
	        Recheck Cond: ((id >= 1223886) AND (id <= 1224885))
	        ->  Bitmap Index Scan on sbtest1_pkey  (cost=0.00..22.75 rows=1032 width=0)
	              Index Cond: ((id >= 1223886) AND (id <= 1224885))

table 2 : explain SELECT count(c) FROM sbtest2 WHERE id BETWEEN 5643345 AND 5644344
	Aggregate  (cost=3625.17..3625.18 rows=1 width=8)
	  ->  Bitmap Heap Scan on sbtest2  (cost=22.04..3622.83 rows=937 width=121)
	        Recheck Cond: ((id >= 5643345) AND (id <= 5644344))
	        ->  Bitmap Index Scan on sbtest2_pkey  (cost=0.00..21.80 rows=937 width=0)
	              Index Cond: ((id >= 5643345) AND (id <= 5644344))

table 3 : explain SELECT count(c) FROM sbtest3 WHERE id BETWEEN 6333754 AND 6334753
	Aggregate  (cost=3930.65..3930.66 rows=1 width=8)
	  ->  Bitmap Heap Scan on sbtest3  (cost=22.87..3928.11 rows=1018 width=121)
	        Recheck Cond: ((id >= 6333754) AND (id <= 6334753))
	        ->  Bitmap Index Scan on sbtest3_pkey  (cost=0.00..22.61 rows=1018 width=0)
	              Index Cond: ((id >= 6333754) AND (id <= 6334753))

table 4 : explain SELECT count(c) FROM sbtest4 WHERE id BETWEEN 6404368 AND 6405367
	Aggregate  (cost=4178.84..4178.85 rows=1 width=8)
	  ->  Bitmap Heap Scan on sbtest4  (cost=23.55..4176.13 rows=1084 width=121)
	        Recheck Cond: ((id >= 6404368) AND (id <= 6405367))
	        ->  Bitmap Index Scan on sbtest4_pkey  (cost=0.00..23.27 rows=1084 width=0)
	              Index Cond: ((id >= 6404368) AND (id <= 6405367))

table 5 : explain SELECT count(c) FROM sbtest5 WHERE id BETWEEN 4216002 AND 4217001
	Aggregate  (cost=3660.44..3660.45 rows=1 width=8)
	  ->  Bitmap Heap Scan on sbtest5  (cost=22.13..3658.08 rows=946 width=121)
	        Recheck Cond: ((id >= 4216002) AND (id <= 4217001))
	        ->  Bitmap Index Scan on sbtest5_pkey  (cost=0.00..21.89 rows=946 width=0)
	              Index Cond: ((id >= 4216002) AND (id <= 4217001))

table 6 : explain SELECT count(c) FROM sbtest6 WHERE id BETWEEN 2696299 AND 2697298
	Aggregate  (cost=4141.76..4141.77 rows=1 width=8)
	  ->  Bitmap Heap Scan on sbtest6  (cost=23.44..4139.07 rows=1074 width=121)
	        Recheck Cond: ((id >= 2696299) AND (id <= 2697298))
	        ->  Bitmap Index Scan on sbtest6_pkey  (cost=0.00..23.18 rows=1074 width=0)
	              Index Cond: ((id >= 2696299) AND (id <= 2697298))

table 7 : explain SELECT count(c) FROM sbtest7 WHERE id BETWEEN 3001202 AND 3002201
	Aggregate  (cost=4207.17..4207.18 rows=1 width=8)
	  ->  Bitmap Heap Scan on sbtest7  (cost=27.61..4204.45 rows=1090 width=121)
	        Recheck Cond: ((id >= 3001202) AND (id <= 3002201))
	        ->  Bitmap Index Scan on sbtest7_pkey  (cost=0.00..27.33 rows=1090 width=0)
	              Index Cond: ((id >= 3001202) AND (id <= 3002201))

table 8 : explain SELECT count(c) FROM sbtest8 WHERE id BETWEEN 3756322 AND 3757321
	Aggregate  (cost=3819.03..3819.04 rows=1 width=8)
	  ->  Bitmap Heap Scan on sbtest8  (cost=22.56..3816.56 rows=988 width=121)
	        Recheck Cond: ((id >= 3756322) AND (id <= 3757321))
	        ->  Bitmap Index Scan on sbtest8_pkey  (cost=0.00..22.32 rows=988 width=0)
	              Index Cond: ((id >= 3756322) AND (id <= 3757321))

for: count_ranges
table 1 : explain SELECT count(c) FROM sbtest1 WHERE id BETWEEN 8552543 AND 8553542
	Aggregate  (cost=4062.53..4062.54 rows=1 width=8)
	  ->  Bitmap Heap Scan on sbtest1  (cost=23.23..4059.90 rows=1053 width=121)
	        Recheck Cond: ((id >= 8552543) AND (id <= 8553542))
	        ->  Bitmap Index Scan on sbtest1_pkey  (cost=0.00..22.96 rows=1053 width=0)
	              Index Cond: ((id >= 8552543) AND (id <= 8553542))

table 2 : explain SELECT count(c) FROM sbtest2 WHERE id BETWEEN 9220190 AND 9221189
	Aggregate  (cost=4126.18..4126.19 rows=1 width=8)
	  ->  Bitmap Heap Scan on sbtest2  (cost=23.40..4123.50 rows=1070 width=121)
	        Recheck Cond: ((id >= 9220190) AND (id <= 9221189))
	        ->  Bitmap Index Scan on sbtest2_pkey  (cost=0.00..23.14 rows=1070 width=0)
	              Index Cond: ((id >= 9220190) AND (id <= 9221189))

table 3 : explain SELECT count(c) FROM sbtest3 WHERE id BETWEEN 5824962 AND 5825961
	Aggregate  (cost=3964.53..3964.54 rows=1 width=8)
	  ->  Bitmap Heap Scan on sbtest3  (cost=22.96..3961.96 rows=1027 width=121)
	        Recheck Cond: ((id >= 5824962) AND (id <= 5825961))
	        ->  Bitmap Index Scan on sbtest3_pkey  (cost=0.00..22.70 rows=1027 width=0)
	              Index Cond: ((id >= 5824962) AND (id <= 5825961))

table 4 : explain SELECT count(c) FROM sbtest4 WHERE id BETWEEN 8559476 AND 8560475
	Aggregate  (cost=3923.09..3923.10 rows=1 width=8)
	  ->  Bitmap Heap Scan on sbtest4  (cost=22.85..3920.55 rows=1016 width=121)
	        Recheck Cond: ((id >= 8559476) AND (id <= 8560475))
	        ->  Bitmap Index Scan on sbtest4_pkey  (cost=0.00..22.59 rows=1016 width=0)
	              Index Cond: ((id >= 8559476) AND (id <= 8560475))

table 5 : explain SELECT count(c) FROM sbtest5 WHERE id BETWEEN 2765677 AND 2766676
	Aggregate  (cost=3524.40..3524.41 rows=1 width=8)
	  ->  Bitmap Heap Scan on sbtest5  (cost=21.76..3522.12 rows=910 width=121)
	        Recheck Cond: ((id >= 2765677) AND (id <= 2766676))
	        ->  Bitmap Index Scan on sbtest5_pkey  (cost=0.00..21.54 rows=910 width=0)
	              Index Cond: ((id >= 2765677) AND (id <= 2766676))

table 6 : explain SELECT count(c) FROM sbtest6 WHERE id BETWEEN 8086254 AND 8087253
	Aggregate  (cost=3840.66..3840.67 rows=1 width=8)
	  ->  Bitmap Heap Scan on sbtest6  (cost=22.62..3838.17 rows=994 width=121)
	        Recheck Cond: ((id >= 8086254) AND (id <= 8087253))
	        ->  Bitmap Index Scan on sbtest6_pkey  (cost=0.00..22.37 rows=994 width=0)
	              Index Cond: ((id >= 8086254) AND (id <= 8087253))

table 7 : explain SELECT count(c) FROM sbtest7 WHERE id BETWEEN 9419374 AND 9420373
	Aggregate  (cost=3928.47..3928.48 rows=1 width=8)
	  ->  Bitmap Heap Scan on sbtest7  (cost=22.86..3925.93 rows=1017 width=121)
	        Recheck Cond: ((id >= 9419374) AND (id <= 9420373))
	        ->  Bitmap Index Scan on sbtest7_pkey  (cost=0.00..22.61 rows=1017 width=0)
	              Index Cond: ((id >= 9419374) AND (id <= 9420373))

table 8 : explain SELECT count(c) FROM sbtest8 WHERE id BETWEEN 3081011 AND 3082010
	Aggregate  (cost=4312.24..4312.25 rows=1 width=8)
	  ->  Bitmap Heap Scan on sbtest8  (cost=27.90..4309.44 rows=1119 width=121)
	        Recheck Cond: ((id >= 3081011) AND (id <= 3082010))
	        ->  Bitmap Index Scan on sbtest8_pkey  (cost=0.00..27.62 rows=1119 width=0)
	              Index Cond: ((id >= 3081011) AND (id <= 3082010))

for: count_ranges
table 1 : explain SELECT count(c) FROM sbtest1 WHERE id BETWEEN 3731947 AND 3732946
	Aggregate  (cost=3919.53..3919.54 rows=1 width=8)
	  ->  Bitmap Heap Scan on sbtest1  (cost=22.84..3916.99 rows=1015 width=121)
	        Recheck Cond: ((id >= 3731947) AND (id <= 3732946))
	        ->  Bitmap Index Scan on sbtest1_pkey  (cost=0.00..22.58 rows=1015 width=0)
	              Index Cond: ((id >= 3731947) AND (id <= 3732946))

table 2 : explain SELECT count(c) FROM sbtest2 WHERE id BETWEEN 8275502 AND 8276501
	Aggregate  (cost=4099.87..4099.88 rows=1 width=8)
	  ->  Bitmap Heap Scan on sbtest2  (cost=23.33..4097.21 rows=1063 width=121)
	        Recheck Cond: ((id >= 8275502) AND (id <= 8276501))
	        ->  Bitmap Index Scan on sbtest2_pkey  (cost=0.00..23.07 rows=1063 width=0)
	              Index Cond: ((id >= 8275502) AND (id <= 8276501))

table 3 : explain SELECT count(c) FROM sbtest3 WHERE id BETWEEN 3753439 AND 3754438
	Aggregate  (cost=3877.93..3877.94 rows=1 width=8)
	  ->  Bitmap Heap Scan on sbtest3  (cost=22.73..3875.42 rows=1004 width=121)
	        Recheck Cond: ((id >= 3753439) AND (id <= 3754438))
	        ->  Bitmap Index Scan on sbtest3_pkey  (cost=0.00..22.47 rows=1004 width=0)
	              Index Cond: ((id >= 3753439) AND (id <= 3754438))

table 4 : explain SELECT count(c) FROM sbtest4 WHERE id BETWEEN 9471469 AND 9472468
	Aggregate  (cost=3900.49..3900.50 rows=1 width=8)
	  ->  Bitmap Heap Scan on sbtest4  (cost=22.79..3897.97 rows=1010 width=121)
	        Recheck Cond: ((id >= 9471469) AND (id <= 9472468))
	        ->  Bitmap Index Scan on sbtest4_pkey  (cost=0.00..22.54 rows=1010 width=0)
	              Index Cond: ((id >= 9471469) AND (id <= 9472468))

table 5 : explain SELECT count(c) FROM sbtest5 WHERE id BETWEEN 4375495 AND 4376494
	Aggregate  (cost=3690.65..3690.66 rows=1 width=8)
	  ->  Bitmap Heap Scan on sbtest5  (cost=22.21..3688.27 rows=954 width=121)
	        Recheck Cond: ((id >= 4375495) AND (id <= 4376494))
	        ->  Bitmap Index Scan on sbtest5_pkey  (cost=0.00..21.97 rows=954 width=0)
	              Index Cond: ((id >= 4375495) AND (id <= 4376494))

table 6 : explain SELECT count(c) FROM sbtest6 WHERE id BETWEEN 943348 AND 944347
	Aggregate  (cost=3625.62..3625.63 rows=1 width=8)
	  ->  Bitmap Heap Scan on sbtest6  (cost=22.04..3623.28 rows=937 width=121)
	        Recheck Cond: ((id >= 943348) AND (id <= 944347))
	        ->  Bitmap Index Scan on sbtest6_pkey  (cost=0.00..21.80 rows=937 width=0)
	              Index Cond: ((id >= 943348) AND (id <= 944347))

table 7 : explain SELECT count(c) FROM sbtest7 WHERE id BETWEEN 9552950 AND 9553949
	Aggregate  (cost=4398.72..4398.73 rows=1 width=8)
	  ->  Bitmap Heap Scan on sbtest7  (cost=28.14..4395.86 rows=1142 width=121)
	        Recheck Cond: ((id >= 9552950) AND (id <= 9553949))
	        ->  Bitmap Index Scan on sbtest7_pkey  (cost=0.00..27.86 rows=1142 width=0)
	              Index Cond: ((id >= 9552950) AND (id <= 9553949))

table 8 : explain SELECT count(c) FROM sbtest8 WHERE id BETWEEN 6592698 AND 6593697
	Aggregate  (cost=3770.00..3770.01 rows=1 width=8)
	  ->  Bitmap Heap Scan on sbtest8  (cost=22.43..3767.56 rows=975 width=121)
	        Recheck Cond: ((id >= 6592698) AND (id <= 6593697))
	        ->  Bitmap Index Scan on sbtest8_pkey  (cost=0.00..22.18 rows=975 width=0)
	              Index Cond: ((id >= 6592698) AND (id <= 6593697))

for: count_ranges
table 1 : explain SELECT count(c) FROM sbtest1 WHERE id BETWEEN 902903 AND 903902
	Aggregate  (cost=3493.15..3493.16 rows=1 width=8)
	  ->  Bitmap Heap Scan on sbtest1  (cost=21.68..3490.90 rows=902 width=121)
	        Recheck Cond: ((id >= 902903) AND (id <= 903902))
	        ->  Bitmap Index Scan on sbtest1_pkey  (cost=0.00..21.45 rows=902 width=0)
	              Index Cond: ((id >= 902903) AND (id <= 903902))

table 2 : explain SELECT count(c) FROM sbtest2 WHERE id BETWEEN 7581466 AND 7582465
	Aggregate  (cost=3591.19..3591.20 rows=1 width=8)
	  ->  Bitmap Heap Scan on sbtest2  (cost=21.95..3588.87 rows=928 width=121)
	        Recheck Cond: ((id >= 7581466) AND (id <= 7582465))
	        ->  Bitmap Index Scan on sbtest2_pkey  (cost=0.00..21.71 rows=928 width=0)
	              Index Cond: ((id >= 7581466) AND (id <= 7582465))

table 3 : explain SELECT count(c) FROM sbtest3 WHERE id BETWEEN 9541527 AND 9542526
	Aggregate  (cost=4002.16..4002.17 rows=1 width=8)
	  ->  Bitmap Heap Scan on sbtest3  (cost=23.06..3999.57 rows=1037 width=121)
	        Recheck Cond: ((id >= 9541527) AND (id <= 9542526))
	        ->  Bitmap Index Scan on sbtest3_pkey  (cost=0.00..22.80 rows=1037 width=0)
	              Index Cond: ((id >= 9541527) AND (id <= 9542526))

table 4 : explain SELECT count(c) FROM sbtest4 WHERE id BETWEEN 4909836 AND 4910835
	Aggregate  (cost=3561.01..3561.02 rows=1 width=8)
	  ->  Bitmap Heap Scan on sbtest4  (cost=21.87..3558.71 rows=920 width=121)
	        Recheck Cond: ((id >= 4909836) AND (id <= 4910835))
	        ->  Bitmap Index Scan on sbtest4_pkey  (cost=0.00..21.64 rows=920 width=0)
	              Index Cond: ((id >= 4909836) AND (id <= 4910835))

table 5 : explain SELECT count(c) FROM sbtest5 WHERE id BETWEEN 4601359 AND 4602358
	Aggregate  (cost=3785.00..3785.01 rows=1 width=8)
	  ->  Bitmap Heap Scan on sbtest5  (cost=22.47..3782.55 rows=979 width=121)
	        Recheck Cond: ((id >= 4601359) AND (id <= 4602358))
	        ->  Bitmap Index Scan on sbtest5_pkey  (cost=0.00..22.22 rows=979 width=0)
	              Index Cond: ((id >= 4601359) AND (id <= 4602358))

table 6 : explain SELECT count(c) FROM sbtest6 WHERE id BETWEEN 7836833 AND 7837832
	Aggregate  (cost=4344.82..4344.83 rows=1 width=8)
	  ->  Bitmap Heap Scan on sbtest6  (cost=28.00..4342.00 rows=1128 width=121)
	        Recheck Cond: ((id >= 7836833) AND (id <= 7837832))
	        ->  Bitmap Index Scan on sbtest6_pkey  (cost=0.00..27.71 rows=1128 width=0)
	              Index Cond: ((id >= 7836833) AND (id <= 7837832))

table 7 : explain SELECT count(c) FROM sbtest7 WHERE id BETWEEN 2217475 AND 2218474
	Aggregate  (cost=4067.79..4067.80 rows=1 width=8)
	  ->  Bitmap Heap Scan on sbtest7  (cost=23.24..4065.15 rows=1054 width=121)
	        Recheck Cond: ((id >= 2217475) AND (id <= 2218474))
	        ->  Bitmap Index Scan on sbtest7_pkey  (cost=0.00..22.97 rows=1054 width=0)
	              Index Cond: ((id >= 2217475) AND (id <= 2218474))

table 8 : explain SELECT count(c) FROM sbtest8 WHERE id BETWEEN 2389606 AND 2390605
	Aggregate  (cost=3913.27..3913.28 rows=1 width=8)
	  ->  Bitmap Heap Scan on sbtest8  (cost=22.82..3910.74 rows=1013 width=121)
	        Recheck Cond: ((id >= 2389606) AND (id <= 2390605))
	        ->  Bitmap Index Scan on sbtest8_pkey  (cost=0.00..22.57 rows=1013 width=0)
	              Index Cond: ((id >= 2389606) AND (id <= 2390605))

for: count_ranges
table 1 : explain SELECT count(c) FROM sbtest1 WHERE id BETWEEN 1354979 AND 1355978
	Aggregate  (cost=3704.66..3704.67 rows=1 width=8)
	  ->  Bitmap Heap Scan on sbtest1  (cost=22.25..3702.27 rows=958 width=121)
	        Recheck Cond: ((id >= 1354979) AND (id <= 1355978))
	        ->  Bitmap Index Scan on sbtest1_pkey  (cost=0.00..22.01 rows=958 width=0)
	              Index Cond: ((id >= 1354979) AND (id <= 1355978))

table 2 : explain SELECT count(c) FROM sbtest2 WHERE id BETWEEN 8161564 AND 8162563
	Aggregate  (cost=3779.86..3779.87 rows=1 width=8)
	  ->  Bitmap Heap Scan on sbtest2  (cost=22.46..3777.42 rows=978 width=121)
	        Recheck Cond: ((id >= 8161564) AND (id <= 8162563))
	        ->  Bitmap Index Scan on sbtest2_pkey  (cost=0.00..22.21 rows=978 width=0)
	              Index Cond: ((id >= 8161564) AND (id <= 8162563))

table 3 : explain SELECT count(c) FROM sbtest3 WHERE id BETWEEN 508276 AND 509275
	Aggregate  (cost=3629.02..3629.03 rows=1 width=8)
	  ->  Bitmap Heap Scan on sbtest3  (cost=22.05..3626.67 rows=938 width=121)
	        Recheck Cond: ((id >= 508276) AND (id <= 509275))
	        ->  Bitmap Index Scan on sbtest3_pkey  (cost=0.00..21.82 rows=938 width=0)
	              Index Cond: ((id >= 508276) AND (id <= 509275))

table 4 : explain SELECT count(c) FROM sbtest4 WHERE id BETWEEN 4202295 AND 4203294
	Aggregate  (cost=4167.57..4167.58 rows=1 width=8)
	  ->  Bitmap Heap Scan on sbtest4  (cost=23.52..4164.86 rows=1081 width=121)
	        Recheck Cond: ((id >= 4202295) AND (id <= 4203294))
	        ->  Bitmap Index Scan on sbtest4_pkey  (cost=0.00..23.25 rows=1081 width=0)
	              Index Cond: ((id >= 4202295) AND (id <= 4203294))

table 5 : explain SELECT count(c) FROM sbtest5 WHERE id BETWEEN 4250269 AND 4251268
	Aggregate  (cost=3660.44..3660.45 rows=1 width=8)
	  ->  Bitmap Heap Scan on sbtest5  (cost=22.13..3658.08 rows=946 width=121)
	        Recheck Cond: ((id >= 4250269) AND (id <= 4251268))
	        ->  Bitmap Index Scan on sbtest5_pkey  (cost=0.00..21.89 rows=946 width=0)
	              Index Cond: ((id >= 4250269) AND (id <= 4251268))

table 6 : explain SELECT count(c) FROM sbtest6 WHERE id BETWEEN 666895 AND 667894
	Aggregate  (cost=3655.83..3655.84 rows=1 width=8)
	  ->  Bitmap Heap Scan on sbtest6  (cost=22.12..3653.46 rows=945 width=121)
	        Recheck Cond: ((id >= 666895) AND (id <= 667894))
	        ->  Bitmap Index Scan on sbtest6_pkey  (cost=0.00..21.89 rows=945 width=0)
	              Index Cond: ((id >= 666895) AND (id <= 667894))

table 7 : explain SELECT count(c) FROM sbtest7 WHERE id BETWEEN 8391346 AND 8392345
	Aggregate  (cost=3902.09..3902.10 rows=1 width=8)
	  ->  Bitmap Heap Scan on sbtest7  (cost=22.79..3899.57 rows=1010 width=121)
	        Recheck Cond: ((id >= 8391346) AND (id <= 8392345))
	        ->  Bitmap Index Scan on sbtest7_pkey  (cost=0.00..22.54 rows=1010 width=0)
	              Index Cond: ((id >= 8391346) AND (id <= 8392345))

table 8 : explain SELECT count(c) FROM sbtest8 WHERE id BETWEEN 4764372 AND 4765371
	Aggregate  (cost=3683.19..3683.20 rows=1 width=8)
	  ->  Bitmap Heap Scan on sbtest8  (cost=22.19..3680.81 rows=952 width=121)
	        Recheck Cond: ((id >= 4764372) AND (id <= 4765371))
	        ->  Bitmap Index Scan on sbtest8_pkey  (cost=0.00..21.95 rows=952 width=0)
	              Index Cond: ((id >= 4764372) AND (id <= 4765371))

for: count_ranges
table 1 : explain SELECT count(c) FROM sbtest1 WHERE id BETWEEN 2556777 AND 2557776
	Aggregate  (cost=3689.57..3689.58 rows=1 width=8)
	  ->  Bitmap Heap Scan on sbtest1  (cost=22.21..3687.19 rows=954 width=121)
	        Recheck Cond: ((id >= 2556777) AND (id <= 2557776))
	        ->  Bitmap Index Scan on sbtest1_pkey  (cost=0.00..21.97 rows=954 width=0)
	              Index Cond: ((id >= 2556777) AND (id <= 2557776))

table 2 : explain SELECT count(c) FROM sbtest2 WHERE id BETWEEN 8197260 AND 8198259
	Aggregate  (cost=3779.86..3779.87 rows=1 width=8)
	  ->  Bitmap Heap Scan on sbtest2  (cost=22.46..3777.42 rows=978 width=121)
	        Recheck Cond: ((id >= 8197260) AND (id <= 8198259))
	        ->  Bitmap Index Scan on sbtest2_pkey  (cost=0.00..22.21 rows=978 width=0)
	              Index Cond: ((id >= 8197260) AND (id <= 8198259))

table 3 : explain SELECT count(c) FROM sbtest3 WHERE id BETWEEN 9924693 AND 9925692
	Aggregate  (cost=3621.47..3621.48 rows=1 width=8)
	  ->  Bitmap Heap Scan on sbtest3  (cost=22.03..3619.13 rows=936 width=121)
	        Recheck Cond: ((id >= 9924693) AND (id <= 9925692))
	        ->  Bitmap Index Scan on sbtest3_pkey  (cost=0.00..21.79 rows=936 width=0)
	              Index Cond: ((id >= 9924693) AND (id <= 9925692))

table 4 : explain SELECT count(c) FROM sbtest4 WHERE id BETWEEN 7352775 AND 7353774
	Aggregate  (cost=3987.08..3987.09 rows=1 width=8)
	  ->  Bitmap Heap Scan on sbtest4  (cost=23.02..3984.50 rows=1033 width=121)
	        Recheck Cond: ((id >= 7352775) AND (id <= 7353774))
	        ->  Bitmap Index Scan on sbtest4_pkey  (cost=0.00..22.76 rows=1033 width=0)
	              Index Cond: ((id >= 7352775) AND (id <= 7353774))

table 5 : explain SELECT count(c) FROM sbtest5 WHERE id BETWEEN 2904285 AND 2905284
	Aggregate  (cost=3965.92..3965.93 rows=1 width=8)
	  ->  Bitmap Heap Scan on sbtest5  (cost=22.96..3963.35 rows=1027 width=121)
	        Recheck Cond: ((id >= 2904285) AND (id <= 2905284))
	        ->  Bitmap Index Scan on sbtest5_pkey  (cost=0.00..22.70 rows=1027 width=0)
	              Index Cond: ((id >= 2904285) AND (id <= 2905284))

table 6 : explain SELECT count(c) FROM sbtest6 WHERE id BETWEEN 6534398 AND 6535397
	Aggregate  (cost=3976.26..3976.27 rows=1 width=8)
	  ->  Bitmap Heap Scan on sbtest6  (cost=22.99..3973.68 rows=1030 width=121)
	        Recheck Cond: ((id >= 6534398) AND (id <= 6535397))
	        ->  Bitmap Index Scan on sbtest6_pkey  (cost=0.00..22.73 rows=1030 width=0)
	              Index Cond: ((id >= 6534398) AND (id <= 6535397))

table 7 : explain SELECT count(c) FROM sbtest7 WHERE id BETWEEN 1783688 AND 1784687
	Aggregate  (cost=3709.73..3709.74 rows=1 width=8)
	  ->  Bitmap Heap Scan on sbtest7  (cost=22.26..3707.33 rows=959 width=121)
	        Recheck Cond: ((id >= 1783688) AND (id <= 1784687))
	        ->  Bitmap Index Scan on sbtest7_pkey  (cost=0.00..22.02 rows=959 width=0)
	              Index Cond: ((id >= 1783688) AND (id <= 1784687))

table 8 : explain SELECT count(c) FROM sbtest8 WHERE id BETWEEN 2375252 AND 2376251
	Aggregate  (cost=3894.43..3894.44 rows=1 width=8)
	  ->  Bitmap Heap Scan on sbtest8  (cost=22.77..3891.91 rows=1008 width=121)
	        Recheck Cond: ((id >= 2375252) AND (id <= 2376251))
	        ->  Bitmap Index Scan on sbtest8_pkey  (cost=0.00..22.51 rows=1008 width=0)
	              Index Cond: ((id >= 2375252) AND (id <= 2376251))

for: count_ranges
table 1 : explain SELECT count(c) FROM sbtest1 WHERE id BETWEEN 995679 AND 996678
	Aggregate  (cost=3908.23..3908.24 rows=1 width=8)
	  ->  Bitmap Heap Scan on sbtest1  (cost=22.81..3905.70 rows=1012 width=121)
	        Recheck Cond: ((id >= 995679) AND (id <= 996678))
	        ->  Bitmap Index Scan on sbtest1_pkey  (cost=0.00..22.55 rows=1012 width=0)
	              Index Cond: ((id >= 995679) AND (id <= 996678))

table 2 : explain SELECT count(c) FROM sbtest2 WHERE id BETWEEN 2887247 AND 2888246
	Aggregate  (cost=3560.97..3560.98 rows=1 width=8)
	  ->  Bitmap Heap Scan on sbtest2  (cost=21.87..3558.67 rows=920 width=121)
	        Recheck Cond: ((id >= 2887247) AND (id <= 2888246))
	        ->  Bitmap Index Scan on sbtest2_pkey  (cost=0.00..21.64 rows=920 width=0)
	              Index Cond: ((id >= 2887247) AND (id <= 2888246))

table 3 : explain SELECT count(c) FROM sbtest3 WHERE id BETWEEN 5621927 AND 5622926
	Aggregate  (cost=3896.76..3896.77 rows=1 width=8)
	  ->  Bitmap Heap Scan on sbtest3  (cost=22.78..3894.24 rows=1009 width=121)
	        Recheck Cond: ((id >= 5621927) AND (id <= 5622926))
	        ->  Bitmap Index Scan on sbtest3_pkey  (cost=0.00..22.52 rows=1009 width=0)
	              Index Cond: ((id >= 5621927) AND (id <= 5622926))

table 4 : explain SELECT count(c) FROM sbtest4 WHERE id BETWEEN 2516824 AND 2517823
	Aggregate  (cost=4468.02..4468.03 rows=1 width=8)
	  ->  Bitmap Heap Scan on sbtest4  (cost=28.34..4465.11 rows=1161 width=121)
	        Recheck Cond: ((id >= 2516824) AND (id <= 2517823))
	        ->  Bitmap Index Scan on sbtest4_pkey  (cost=0.00..28.04 rows=1161 width=0)
	              Index Cond: ((id >= 2516824) AND (id <= 2517823))

table 5 : explain SELECT count(c) FROM sbtest5 WHERE id BETWEEN 9236714 AND 9237713
	Aggregate  (cost=3482.80..3482.81 rows=1 width=8)
	  ->  Bitmap Heap Scan on sbtest5  (cost=21.65..3480.55 rows=899 width=121)
	        Recheck Cond: ((id >= 9236714) AND (id <= 9237713))
	        ->  Bitmap Index Scan on sbtest5_pkey  (cost=0.00..21.43 rows=899 width=0)
	              Index Cond: ((id >= 9236714) AND (id <= 9237713))

table 6 : explain SELECT count(c) FROM sbtest6 WHERE id BETWEEN 9233663 AND 9234662
	Aggregate  (cost=3938.61..3938.62 rows=1 width=8)
	  ->  Bitmap Heap Scan on sbtest6  (cost=22.89..3936.06 rows=1020 width=121)
	        Recheck Cond: ((id >= 9233663) AND (id <= 9234662))
	        ->  Bitmap Index Scan on sbtest6_pkey  (cost=0.00..22.64 rows=1020 width=0)
	              Index Cond: ((id >= 9233663) AND (id <= 9234662))

table 7 : explain SELECT count(c) FROM sbtest7 WHERE id BETWEEN 7897278 AND 7898277
	Aggregate  (cost=4086.60..4086.61 rows=1 width=8)
	  ->  Bitmap Heap Scan on sbtest7  (cost=23.29..4083.95 rows=1059 width=121)
	        Recheck Cond: ((id >= 7897278) AND (id <= 7898277))
	        ->  Bitmap Index Scan on sbtest7_pkey  (cost=0.00..23.02 rows=1059 width=0)
	              Index Cond: ((id >= 7897278) AND (id <= 7898277))

table 8 : explain SELECT count(c) FROM sbtest8 WHERE id BETWEEN 6175488 AND 6176487
	Aggregate  (cost=4067.65..4067.66 rows=1 width=8)
	  ->  Bitmap Heap Scan on sbtest8  (cost=23.24..4065.02 rows=1054 width=121)
	        Recheck Cond: ((id >= 6175488) AND (id <= 6176487))
	        ->  Bitmap Index Scan on sbtest8_pkey  (cost=0.00..22.97 rows=1054 width=0)
	              Index Cond: ((id >= 6175488) AND (id <= 6176487))

for: count_ranges
table 1 : explain SELECT count(c) FROM sbtest1 WHERE id BETWEEN 7240846 AND 7241845
	Aggregate  (cost=3678.25..3678.26 rows=1 width=8)
	  ->  Bitmap Heap Scan on sbtest1  (cost=22.18..3675.87 rows=951 width=121)
	        Recheck Cond: ((id >= 7240846) AND (id <= 7241845))
	        ->  Bitmap Index Scan on sbtest1_pkey  (cost=0.00..21.94 rows=951 width=0)
	              Index Cond: ((id >= 7240846) AND (id <= 7241845))

table 2 : explain SELECT count(c) FROM sbtest2 WHERE id BETWEEN 2541364 AND 2542363
	Aggregate  (cost=4005.85..4005.86 rows=1 width=8)
	  ->  Bitmap Heap Scan on sbtest2  (cost=23.07..4003.25 rows=1038 width=121)
	        Recheck Cond: ((id >= 2541364) AND (id <= 2542363))
	        ->  Bitmap Index Scan on sbtest2_pkey  (cost=0.00..22.82 rows=1038 width=0)
	              Index Cond: ((id >= 2541364) AND (id <= 2542363))

table 3 : explain SELECT count(c) FROM sbtest3 WHERE id BETWEEN 4039840 AND 4040839
	Aggregate  (cost=3919.35..3919.36 rows=1 width=8)
	  ->  Bitmap Heap Scan on sbtest3  (cost=22.84..3916.82 rows=1015 width=121)
	        Recheck Cond: ((id >= 4039840) AND (id <= 4040839))
	        ->  Bitmap Index Scan on sbtest3_pkey  (cost=0.00..22.58 rows=1015 width=0)
	              Index Cond: ((id >= 4039840) AND (id <= 4040839))

table 4 : explain SELECT count(c) FROM sbtest4 WHERE id BETWEEN 5120063 AND 5121062
	Aggregate  (cost=4114.95..4114.96 rows=1 width=8)
	  ->  Bitmap Heap Scan on sbtest4  (cost=23.37..4112.29 rows=1067 width=121)
	        Recheck Cond: ((id >= 5120063) AND (id <= 5121062))
	        ->  Bitmap Index Scan on sbtest4_pkey  (cost=0.00..23.11 rows=1067 width=0)
	              Index Cond: ((id >= 5120063) AND (id <= 5121062))

table 5 : explain SELECT count(c) FROM sbtest5 WHERE id BETWEEN 6971643 AND 6972642
	Aggregate  (cost=3996.04..3996.05 rows=1 width=8)
	  ->  Bitmap Heap Scan on sbtest5  (cost=23.04..3993.45 rows=1035 width=121)
	        Recheck Cond: ((id >= 6971643) AND (id <= 6972642))
	        ->  Bitmap Index Scan on sbtest5_pkey  (cost=0.00..22.79 rows=1035 width=0)
	              Index Cond: ((id >= 6971643) AND (id <= 6972642))

table 6 : explain SELECT count(c) FROM sbtest6 WHERE id BETWEEN 2526789 AND 2527788
	Aggregate  (cost=3746.40..3746.41 rows=1 width=8)
	  ->  Bitmap Heap Scan on sbtest6  (cost=22.37..3743.97 rows=969 width=121)
	        Recheck Cond: ((id >= 2526789) AND (id <= 2527788))
	        ->  Bitmap Index Scan on sbtest6_pkey  (cost=0.00..22.12 rows=969 width=0)
	              Index Cond: ((id >= 2526789) AND (id <= 2527788))

table 7 : explain SELECT count(c) FROM sbtest7 WHERE id BETWEEN 1146626 AND 1147625
	Aggregate  (cost=4003.80..4003.81 rows=1 width=8)
	  ->  Bitmap Heap Scan on sbtest7  (cost=23.06..4001.21 rows=1037 width=121)
	        Recheck Cond: ((id >= 1146626) AND (id <= 1147625))
	        ->  Bitmap Index Scan on sbtest7_pkey  (cost=0.00..22.80 rows=1037 width=0)
	              Index Cond: ((id >= 1146626) AND (id <= 1147625))

table 8 : explain SELECT count(c) FROM sbtest8 WHERE id BETWEEN 1243549 AND 1244548
	Aggregate  (cost=3826.58..3826.59 rows=1 width=8)
	  ->  Bitmap Heap Scan on sbtest8  (cost=22.58..3824.10 rows=990 width=121)
	        Recheck Cond: ((id >= 1243549) AND (id <= 1244548))
	        ->  Bitmap Index Scan on sbtest8_pkey  (cost=0.00..22.33 rows=990 width=0)
	              Index Cond: ((id >= 1243549) AND (id <= 1244548))

for: count_ranges
table 1 : explain SELECT count(c) FROM sbtest1 WHERE id BETWEEN 560772 AND 561771
	Aggregate  (cost=3493.15..3493.16 rows=1 width=8)
	  ->  Bitmap Heap Scan on sbtest1  (cost=21.68..3490.90 rows=902 width=121)
	        Recheck Cond: ((id >= 560772) AND (id <= 561771))
	        ->  Bitmap Index Scan on sbtest1_pkey  (cost=0.00..21.45 rows=902 width=0)
	              Index Cond: ((id >= 560772) AND (id <= 561771))

table 2 : explain SELECT count(c) FROM sbtest2 WHERE id BETWEEN 3403157 AND 3404156
	Aggregate  (cost=4073.55..4073.56 rows=1 width=8)
	  ->  Bitmap Heap Scan on sbtest2  (cost=23.26..4070.91 rows=1056 width=121)
	        Recheck Cond: ((id >= 3403157) AND (id <= 3404156))
	        ->  Bitmap Index Scan on sbtest2_pkey  (cost=0.00..23.00 rows=1056 width=0)
	              Index Cond: ((id >= 3403157) AND (id <= 3404156))

table 3 : explain SELECT count(c) FROM sbtest3 WHERE id BETWEEN 2578864 AND 2579863
	Aggregate  (cost=4378.08..4378.09 rows=1 width=8)
	  ->  Bitmap Heap Scan on sbtest3  (cost=28.09..4375.24 rows=1137 width=121)
	        Recheck Cond: ((id >= 2578864) AND (id <= 2579863))
	        ->  Bitmap Index Scan on sbtest3_pkey  (cost=0.00..27.80 rows=1137 width=0)
	              Index Cond: ((id >= 2578864) AND (id <= 2579863))

table 4 : explain SELECT count(c) FROM sbtest4 WHERE id BETWEEN 2341805 AND 2342804
	Aggregate  (cost=3681.83..3681.84 rows=1 width=8)
	  ->  Bitmap Heap Scan on sbtest4  (cost=22.19..3679.45 rows=952 width=121)
	        Recheck Cond: ((id >= 2341805) AND (id <= 2342804))
	        ->  Bitmap Index Scan on sbtest4_pkey  (cost=0.00..21.95 rows=952 width=0)
	              Index Cond: ((id >= 2341805) AND (id <= 2342804))

table 5 : explain SELECT count(c) FROM sbtest5 WHERE id BETWEEN 2366400 AND 2367399
	Aggregate  (cost=3543.30..3543.31 rows=1 width=8)
	  ->  Bitmap Heap Scan on sbtest5  (cost=21.81..3541.02 rows=915 width=121)
	        Recheck Cond: ((id >= 2366400) AND (id <= 2367399))
	        ->  Bitmap Index Scan on sbtest5_pkey  (cost=0.00..21.58 rows=915 width=0)
	              Index Cond: ((id >= 2366400) AND (id <= 2367399))

table 6 : explain SELECT count(c) FROM sbtest6 WHERE id BETWEEN 5301562 AND 5302561
	Aggregate  (cost=3889.64..3889.65 rows=1 width=8)
	  ->  Bitmap Heap Scan on sbtest6  (cost=22.76..3887.13 rows=1007 width=121)
	        Recheck Cond: ((id >= 5301562) AND (id <= 5302561))
	        ->  Bitmap Index Scan on sbtest6_pkey  (cost=0.00..22.50 rows=1007 width=0)
	              Index Cond: ((id >= 5301562) AND (id <= 5302561))

table 7 : explain SELECT count(c) FROM sbtest7 WHERE id BETWEEN 9034036 AND 9035035
	Aggregate  (cost=3834.24..3834.25 rows=1 width=8)
	  ->  Bitmap Heap Scan on sbtest7  (cost=22.60..3831.76 rows=992 width=121)
	        Recheck Cond: ((id >= 9034036) AND (id <= 9035035))
	        ->  Bitmap Index Scan on sbtest7_pkey  (cost=0.00..22.36 rows=992 width=0)
	              Index Cond: ((id >= 9034036) AND (id <= 9035035))

table 8 : explain SELECT count(c) FROM sbtest8 WHERE id BETWEEN 8806868 AND 8807867
	Aggregate  (cost=3550.95..3550.96 rows=1 width=8)
	  ->  Bitmap Heap Scan on sbtest8  (cost=21.83..3548.66 rows=917 width=121)
	        Recheck Cond: ((id >= 8806868) AND (id <= 8807867))
	        ->  Bitmap Index Scan on sbtest8_pkey  (cost=0.00..21.61 rows=917 width=0)
	              Index Cond: ((id >= 8806868) AND (id <= 8807867))

for: count_ranges
table 1 : explain SELECT count(c) FROM sbtest1 WHERE id BETWEEN 7200174 AND 7201173
	Aggregate  (cost=3678.25..3678.26 rows=1 width=8)
	  ->  Bitmap Heap Scan on sbtest1  (cost=22.18..3675.87 rows=951 width=121)
	        Recheck Cond: ((id >= 7200174) AND (id <= 7201173))
	        ->  Bitmap Index Scan on sbtest1_pkey  (cost=0.00..21.94 rows=951 width=0)
	              Index Cond: ((id >= 7200174) AND (id <= 7201173))

table 2 : explain SELECT count(c) FROM sbtest2 WHERE id BETWEEN 9162918 AND 9163917
	Aggregate  (cost=3538.30..3538.31 rows=1 width=8)
	  ->  Bitmap Heap Scan on sbtest2  (cost=21.80..3536.01 rows=914 width=121)
	        Recheck Cond: ((id >= 9162918) AND (id <= 9163917))
	        ->  Bitmap Index Scan on sbtest2_pkey  (cost=0.00..21.57 rows=914 width=0)
	              Index Cond: ((id >= 9162918) AND (id <= 9163917))

table 3 : explain SELECT count(c) FROM sbtest3 WHERE id BETWEEN 1730963 AND 1731962
	Aggregate  (cost=3851.55..3851.56 rows=1 width=8)
	  ->  Bitmap Heap Scan on sbtest3  (cost=22.65..3849.06 rows=997 width=121)
	        Recheck Cond: ((id >= 1730963) AND (id <= 1731962))
	        ->  Bitmap Index Scan on sbtest3_pkey  (cost=0.00..22.40 rows=997 width=0)
	              Index Cond: ((id >= 1730963) AND (id <= 1731962))

table 4 : explain SELECT count(c) FROM sbtest4 WHERE id BETWEEN 6203409 AND 6204408
	Aggregate  (cost=3715.79..3715.80 rows=1 width=8)
	  ->  Bitmap Heap Scan on sbtest4  (cost=22.29..3713.39 rows=961 width=121)
	        Recheck Cond: ((id >= 6203409) AND (id <= 6204408))
	        ->  Bitmap Index Scan on sbtest4_pkey  (cost=0.00..22.04 rows=961 width=0)
	              Index Cond: ((id >= 6203409) AND (id <= 6204408))

table 5 : explain SELECT count(c) FROM sbtest5 WHERE id BETWEEN 4921189 AND 4922188
	Aggregate  (cost=3637.78..3637.79 rows=1 width=8)
	  ->  Bitmap Heap Scan on sbtest5  (cost=22.07..3635.43 rows=940 width=121)
	        Recheck Cond: ((id >= 4921189) AND (id <= 4922188))
	        ->  Bitmap Index Scan on sbtest5_pkey  (cost=0.00..21.83 rows=940 width=0)
	              Index Cond: ((id >= 4921189) AND (id <= 4922188))

table 6 : explain SELECT count(c) FROM sbtest6 WHERE id BETWEEN 3749254 AND 3750253
	Aggregate  (cost=4021.42..4021.43 rows=1 width=8)
	  ->  Bitmap Heap Scan on sbtest6  (cost=23.12..4018.81 rows=1042 width=121)
	        Recheck Cond: ((id >= 3749254) AND (id <= 3750253))
	        ->  Bitmap Index Scan on sbtest6_pkey  (cost=0.00..22.86 rows=1042 width=0)
	              Index Cond: ((id >= 3749254) AND (id <= 3750253))

table 7 : explain SELECT count(c) FROM sbtest7 WHERE id BETWEEN 7298984 AND 7299983
	Aggregate  (cost=3490.55..3490.56 rows=1 width=8)
	  ->  Bitmap Heap Scan on sbtest7  (cost=21.67..3488.29 rows=901 width=121)
	        Recheck Cond: ((id >= 7298984) AND (id <= 7299983))
	        ->  Bitmap Index Scan on sbtest7_pkey  (cost=0.00..21.44 rows=901 width=0)
	              Index Cond: ((id >= 7298984) AND (id <= 7299983))

table 8 : explain SELECT count(c) FROM sbtest8 WHERE id BETWEEN 1454236 AND 1455235
	Aggregate  (cost=4158.16..4158.17 rows=1 width=8)
	  ->  Bitmap Heap Scan on sbtest8  (cost=27.47..4155.47 rows=1077 width=121)
	        Recheck Cond: ((id >= 1454236) AND (id <= 1455235))
	        ->  Bitmap Index Scan on sbtest8_pkey  (cost=0.00..27.20 rows=1077 width=0)
	              Index Cond: ((id >= 1454236) AND (id <= 1455235))

for: count_ranges
table 1 : explain SELECT count(c) FROM sbtest1 WHERE id BETWEEN 5020715 AND 5021714
	Aggregate  (cost=4152.76..4152.77 rows=1 width=8)
	  ->  Bitmap Heap Scan on sbtest1  (cost=23.47..4150.07 rows=1077 width=121)
	        Recheck Cond: ((id >= 5020715) AND (id <= 5021714))
	        ->  Bitmap Index Scan on sbtest1_pkey  (cost=0.00..23.20 rows=1077 width=0)
	              Index Cond: ((id >= 5020715) AND (id <= 5021714))

table 2 : explain SELECT count(c) FROM sbtest2 WHERE id BETWEEN 2659441 AND 2660440
	Aggregate  (cost=4039.70..4039.71 rows=1 width=8)
	  ->  Bitmap Heap Scan on sbtest2  (cost=23.17..4037.09 rows=1047 width=121)
	        Recheck Cond: ((id >= 2659441) AND (id <= 2660440))
	        ->  Bitmap Index Scan on sbtest2_pkey  (cost=0.00..22.90 rows=1047 width=0)
	              Index Cond: ((id >= 2659441) AND (id <= 2660440))

table 3 : explain SELECT count(c) FROM sbtest3 WHERE id BETWEEN 6555806 AND 6556805
	Aggregate  (cost=3892.99..3893.00 rows=1 width=8)
	  ->  Bitmap Heap Scan on sbtest3  (cost=22.77..3890.47 rows=1008 width=121)
	        Recheck Cond: ((id >= 6555806) AND (id <= 6556805))
	        ->  Bitmap Index Scan on sbtest3_pkey  (cost=0.00..22.51 rows=1008 width=0)
	              Index Cond: ((id >= 6555806) AND (id <= 6556805))

table 4 : explain SELECT count(c) FROM sbtest4 WHERE id BETWEEN 5847335 AND 5848334
	Aggregate  (cost=3719.57..3719.58 rows=1 width=8)
	  ->  Bitmap Heap Scan on sbtest4  (cost=22.30..3717.16 rows=962 width=121)
	        Recheck Cond: ((id >= 5847335) AND (id <= 5848334))
	        ->  Bitmap Index Scan on sbtest4_pkey  (cost=0.00..22.05 rows=962 width=0)
	              Index Cond: ((id >= 5847335) AND (id <= 5848334))

table 5 : explain SELECT count(c) FROM sbtest5 WHERE id BETWEEN 2287045 AND 2288044
	Aggregate  (cost=4041.21..4041.22 rows=1 width=8)
	  ->  Bitmap Heap Scan on sbtest5  (cost=23.17..4038.59 rows=1047 width=121)
	        Recheck Cond: ((id >= 2287045) AND (id <= 2288044))
	        ->  Bitmap Index Scan on sbtest5_pkey  (cost=0.00..22.90 rows=1047 width=0)
	              Index Cond: ((id >= 2287045) AND (id <= 2288044))

table 6 : explain SELECT count(c) FROM sbtest6 WHERE id BETWEEN 7760965 AND 7761964
	Aggregate  (cost=4175.58..4175.59 rows=1 width=8)
	  ->  Bitmap Heap Scan on sbtest6  (cost=23.54..4172.87 rows=1083 width=121)
	        Recheck Cond: ((id >= 7760965) AND (id <= 7761964))
	        ->  Bitmap Index Scan on sbtest6_pkey  (cost=0.00..23.26 rows=1083 width=0)
	              Index Cond: ((id >= 7760965) AND (id <= 7761964))

table 7 : explain SELECT count(c) FROM sbtest7 WHERE id BETWEEN 5233677 AND 5234676
	Aggregate  (cost=3853.09..3853.10 rows=1 width=8)
	  ->  Bitmap Heap Scan on sbtest7  (cost=22.65..3850.60 rows=997 width=121)
	        Recheck Cond: ((id >= 5233677) AND (id <= 5234676))
	        ->  Bitmap Index Scan on sbtest7_pkey  (cost=0.00..22.40 rows=997 width=0)
	              Index Cond: ((id >= 5233677) AND (id <= 5234676))

table 8 : explain SELECT count(c) FROM sbtest8 WHERE id BETWEEN 526374 AND 527373
	Aggregate  (cost=3883.13..3883.14 rows=1 width=8)
	  ->  Bitmap Heap Scan on sbtest8  (cost=22.74..3880.61 rows=1005 width=121)
	        Recheck Cond: ((id >= 526374) AND (id <= 527373))
	        ->  Bitmap Index Scan on sbtest8_pkey  (cost=0.00..22.48 rows=1005 width=0)
	              Index Cond: ((id >= 526374) AND (id <= 527373))

for: count_ranges
table 1 : explain SELECT count(c) FROM sbtest1 WHERE id BETWEEN 5315309 AND 5316308
	Aggregate  (cost=4006.11..4006.12 rows=1 width=8)
	  ->  Bitmap Heap Scan on sbtest1  (cost=23.07..4003.51 rows=1038 width=121)
	        Recheck Cond: ((id >= 5315309) AND (id <= 5316308))
	        ->  Bitmap Index Scan on sbtest1_pkey  (cost=0.00..22.82 rows=1038 width=0)
	              Index Cond: ((id >= 5315309) AND (id <= 5316308))

table 2 : explain SELECT count(c) FROM sbtest2 WHERE id BETWEEN 6757001 AND 6758000
	Aggregate  (cost=4058.51..4058.52 rows=1 width=8)
	  ->  Bitmap Heap Scan on sbtest2  (cost=23.22..4055.88 rows=1052 width=121)
	        Recheck Cond: ((id >= 6757001) AND (id <= 6758000))
	        ->  Bitmap Index Scan on sbtest2_pkey  (cost=0.00..22.95 rows=1052 width=0)
	              Index Cond: ((id >= 6757001) AND (id <= 6758000))

table 3 : explain SELECT count(c) FROM sbtest3 WHERE id BETWEEN 4672712 AND 4673711
	Aggregate  (cost=3896.76..3896.77 rows=1 width=8)
	  ->  Bitmap Heap Scan on sbtest3  (cost=22.78..3894.24 rows=1009 width=121)
	        Recheck Cond: ((id >= 4672712) AND (id <= 4673711))
	        ->  Bitmap Index Scan on sbtest3_pkey  (cost=0.00..22.52 rows=1009 width=0)
	              Index Cond: ((id >= 4672712) AND (id <= 4673711))

table 4 : explain SELECT count(c) FROM sbtest4 WHERE id BETWEEN 1272028 AND 1273027
	Aggregate  (cost=4280.50..4280.51 rows=1 width=8)
	  ->  Bitmap Heap Scan on sbtest4  (cost=27.82..4277.72 rows=1111 width=121)
	        Recheck Cond: ((id >= 1272028) AND (id <= 1273027))
	        ->  Bitmap Index Scan on sbtest4_pkey  (cost=0.00..27.54 rows=1111 width=0)
	              Index Cond: ((id >= 1272028) AND (id <= 1273027))

table 5 : explain SELECT count(c) FROM sbtest5 WHERE id BETWEEN 5678362 AND 5679361
	Aggregate  (cost=3615.11..3615.12 rows=1 width=8)
	  ->  Bitmap Heap Scan on sbtest5  (cost=22.01..3612.78 rows=934 width=121)
	        Recheck Cond: ((id >= 5678362) AND (id <= 5679361))
	        ->  Bitmap Index Scan on sbtest5_pkey  (cost=0.00..21.77 rows=934 width=0)
	              Index Cond: ((id >= 5678362) AND (id <= 5679361))

table 6 : explain SELECT count(c) FROM sbtest6 WHERE id BETWEEN 2612273 AND 2613272
	Aggregate  (cost=3874.57..3874.58 rows=1 width=8)
	  ->  Bitmap Heap Scan on sbtest6  (cost=22.72..3872.07 rows=1003 width=121)
	        Recheck Cond: ((id >= 2612273) AND (id <= 2613272))
	        ->  Bitmap Index Scan on sbtest6_pkey  (cost=0.00..22.46 rows=1003 width=0)
	              Index Cond: ((id >= 2612273) AND (id <= 2613272))

table 7 : explain SELECT count(c) FROM sbtest7 WHERE id BETWEEN 7280501 AND 7281500
	Aggregate  (cost=3490.55..3490.56 rows=1 width=8)
	  ->  Bitmap Heap Scan on sbtest7  (cost=21.67..3488.29 rows=901 width=121)
	        Recheck Cond: ((id >= 7280501) AND (id <= 7281500))
	        ->  Bitmap Index Scan on sbtest7_pkey  (cost=0.00..21.44 rows=901 width=0)
	              Index Cond: ((id >= 7280501) AND (id <= 7281500))

table 8 : explain SELECT count(c) FROM sbtest8 WHERE id BETWEEN 4349179 AND 4350178
	Aggregate  (cost=3984.84..3984.85 rows=1 width=8)
	  ->  Bitmap Heap Scan on sbtest8  (cost=23.01..3982.26 rows=1032 width=121)
	        Recheck Cond: ((id >= 4349179) AND (id <= 4350178))
	        ->  Bitmap Index Scan on sbtest8_pkey  (cost=0.00..22.75 rows=1032 width=0)
	              Index Cond: ((id >= 4349179) AND (id <= 4350178))

for: count_ranges
table 1 : explain SELECT count(c) FROM sbtest1 WHERE id BETWEEN 7784057 AND 7785056
	Aggregate  (cost=3855.49..3855.50 rows=1 width=8)
	  ->  Bitmap Heap Scan on sbtest1  (cost=22.66..3852.99 rows=998 width=121)
	        Recheck Cond: ((id >= 7784057) AND (id <= 7785056))
	        ->  Bitmap Index Scan on sbtest1_pkey  (cost=0.00..22.41 rows=998 width=0)
	              Index Cond: ((id >= 7784057) AND (id <= 7785056))

table 2 : explain SELECT count(c) FROM sbtest2 WHERE id BETWEEN 8388068 AND 8389067
	Aggregate  (cost=4032.18..4032.19 rows=1 width=8)
	  ->  Bitmap Heap Scan on sbtest2  (cost=23.15..4029.57 rows=1045 width=121)
	        Recheck Cond: ((id >= 8388068) AND (id <= 8389067))
	        ->  Bitmap Index Scan on sbtest2_pkey  (cost=0.00..22.89 rows=1045 width=0)
	              Index Cond: ((id >= 8388068) AND (id <= 8389067))

table 3 : explain SELECT count(c) FROM sbtest3 WHERE id BETWEEN 1538398 AND 1539397
	Aggregate  (cost=4186.39..4186.40 rows=1 width=8)
	  ->  Bitmap Heap Scan on sbtest3  (cost=23.57..4183.67 rows=1086 width=121)
	        Recheck Cond: ((id >= 1538398) AND (id <= 1539397))
	        ->  Bitmap Index Scan on sbtest3_pkey  (cost=0.00..23.29 rows=1086 width=0)
	              Index Cond: ((id >= 1538398) AND (id <= 1539397))

table 4 : explain SELECT count(c) FROM sbtest4 WHERE id BETWEEN 3864981 AND 3865980
	Aggregate  (cost=4035.99..4036.00 rows=1 width=8)
	  ->  Bitmap Heap Scan on sbtest4  (cost=23.16..4033.37 rows=1046 width=121)
	        Recheck Cond: ((id >= 3864981) AND (id <= 3865980))
	        ->  Bitmap Index Scan on sbtest4_pkey  (cost=0.00..22.89 rows=1046 width=0)
	              Index Cond: ((id >= 3864981) AND (id <= 3865980))

table 5 : explain SELECT count(c) FROM sbtest5 WHERE id BETWEEN 2444653 AND 2445652
	Aggregate  (cost=3543.30..3543.31 rows=1 width=8)
	  ->  Bitmap Heap Scan on sbtest5  (cost=21.81..3541.02 rows=915 width=121)
	        Recheck Cond: ((id >= 2444653) AND (id <= 2445652))
	        ->  Bitmap Index Scan on sbtest5_pkey  (cost=0.00..21.58 rows=915 width=0)
	              Index Cond: ((id >= 2444653) AND (id <= 2445652))

table 6 : explain SELECT count(c) FROM sbtest6 WHERE id BETWEEN 254588 AND 255587
	Aggregate  (cost=3821.81..3821.82 rows=1 width=8)
	  ->  Bitmap Heap Scan on sbtest6  (cost=22.57..3819.34 rows=989 width=121)
	        Recheck Cond: ((id >= 254588) AND (id <= 255587))
	        ->  Bitmap Index Scan on sbtest6_pkey  (cost=0.00..22.32 rows=989 width=0)
	              Index Cond: ((id >= 254588) AND (id <= 255587))

table 7 : explain SELECT count(c) FROM sbtest7 WHERE id BETWEEN 1288143 AND 1289142
	Aggregate  (cost=3603.97..3603.98 rows=1 width=8)
	  ->  Bitmap Heap Scan on sbtest7  (cost=21.98..3601.65 rows=931 width=121)
	        Recheck Cond: ((id >= 1288143) AND (id <= 1289142))
	        ->  Bitmap Index Scan on sbtest7_pkey  (cost=0.00..21.75 rows=931 width=0)
	              Index Cond: ((id >= 1288143) AND (id <= 1289142))

table 8 : explain SELECT count(c) FROM sbtest8 WHERE id BETWEEN 1048845 AND 1049844
	Aggregate  (cost=4105.27..4105.28 rows=1 width=8)
	  ->  Bitmap Heap Scan on sbtest8  (cost=23.34..4102.61 rows=1064 width=121)
	        Recheck Cond: ((id >= 1048845) AND (id <= 1049844))
	        ->  Bitmap Index Scan on sbtest8_pkey  (cost=0.00..23.07 rows=1064 width=0)
	              Index Cond: ((id >= 1048845) AND (id <= 1049844))

for: count_ranges
table 1 : explain SELECT count(c) FROM sbtest1 WHERE id BETWEEN 7407642 AND 7408641
	Aggregate  (cost=3847.95..3847.96 rows=1 width=8)
	  ->  Bitmap Heap Scan on sbtest1  (cost=22.64..3845.46 rows=996 width=121)
	        Recheck Cond: ((id >= 7407642) AND (id <= 7408641))
	        ->  Bitmap Index Scan on sbtest1_pkey  (cost=0.00..22.39 rows=996 width=0)
	              Index Cond: ((id >= 7407642) AND (id <= 7408641))

table 2 : explain SELECT count(c) FROM sbtest2 WHERE id BETWEEN 6388034 AND 6389033
	Aggregate  (cost=4096.11..4096.12 rows=1 width=8)
	  ->  Bitmap Heap Scan on sbtest2  (cost=23.32..4093.45 rows=1062 width=121)
	        Recheck Cond: ((id >= 6388034) AND (id <= 6389033))
	        ->  Bitmap Index Scan on sbtest2_pkey  (cost=0.00..23.05 rows=1062 width=0)
	              Index Cond: ((id >= 6388034) AND (id <= 6389033))

table 3 : explain SELECT count(c) FROM sbtest3 WHERE id BETWEEN 1060375 AND 1061374
	Aggregate  (cost=4167.60..4167.61 rows=1 width=8)
	  ->  Bitmap Heap Scan on sbtest3  (cost=23.52..4164.90 rows=1081 width=121)
	        Recheck Cond: ((id >= 1060375) AND (id <= 1061374))
	        ->  Bitmap Index Scan on sbtest3_pkey  (cost=0.00..23.25 rows=1081 width=0)
	              Index Cond: ((id >= 1060375) AND (id <= 1061374))

table 4 : explain SELECT count(c) FROM sbtest4 WHERE id BETWEEN 4017655 AND 4018654
	Aggregate  (cost=3843.98..3843.99 rows=1 width=8)
	  ->  Bitmap Heap Scan on sbtest4  (cost=22.63..3841.50 rows=995 width=121)
	        Recheck Cond: ((id >= 4017655) AND (id <= 4018654))
	        ->  Bitmap Index Scan on sbtest4_pkey  (cost=0.00..22.39 rows=995 width=0)
	              Index Cond: ((id >= 4017655) AND (id <= 4018654))

table 5 : explain SELECT count(c) FROM sbtest5 WHERE id BETWEEN 3079773 AND 3080772
	Aggregate  (cost=3807.63..3807.64 rows=1 width=8)
	  ->  Bitmap Heap Scan on sbtest5  (cost=22.53..3805.17 rows=985 width=121)
	        Recheck Cond: ((id >= 3079773) AND (id <= 3080772))
	        ->  Bitmap Index Scan on sbtest5_pkey  (cost=0.00..22.29 rows=985 width=0)
	              Index Cond: ((id >= 3079773) AND (id <= 3080772))

table 6 : explain SELECT count(c) FROM sbtest6 WHERE id BETWEEN 2225763 AND 2226762
	Aggregate  (cost=3934.84..3934.85 rows=1 width=8)
	  ->  Bitmap Heap Scan on sbtest6  (cost=22.88..3932.29 rows=1019 width=121)
	        Recheck Cond: ((id >= 2225763) AND (id <= 2226762))
	        ->  Bitmap Index Scan on sbtest6_pkey  (cost=0.00..22.62 rows=1019 width=0)
	              Index Cond: ((id >= 2225763) AND (id <= 2226762))

table 7 : explain SELECT count(c) FROM sbtest7 WHERE id BETWEEN 1443664 AND 1444663
	Aggregate  (cost=3630.42..3630.43 rows=1 width=8)
	  ->  Bitmap Heap Scan on sbtest7  (cost=22.05..3628.08 rows=938 width=121)
	        Recheck Cond: ((id >= 1443664) AND (id <= 1444663))
	        ->  Bitmap Index Scan on sbtest7_pkey  (cost=0.00..21.82 rows=938 width=0)
	              Index Cond: ((id >= 1443664) AND (id <= 1444663))

table 8 : explain SELECT count(c) FROM sbtest8 WHERE id BETWEEN 3181640 AND 3182639
	Aggregate  (cost=3777.54..3777.55 rows=1 width=8)
	  ->  Bitmap Heap Scan on sbtest8  (cost=22.45..3775.10 rows=977 width=121)
	        Recheck Cond: ((id >= 3181640) AND (id <= 3182639))
	        ->  Bitmap Index Scan on sbtest8_pkey  (cost=0.00..22.20 rows=977 width=0)
	              Index Cond: ((id >= 3181640) AND (id <= 3182639))

for: count_ranges
table 1 : explain SELECT count(c) FROM sbtest1 WHERE id BETWEEN 3901283 AND 3902282
	Aggregate  (cost=4130.21..4130.22 rows=1 width=8)
	  ->  Bitmap Heap Scan on sbtest1  (cost=23.41..4127.53 rows=1071 width=121)
	        Recheck Cond: ((id >= 3901283) AND (id <= 3902282))
	        ->  Bitmap Index Scan on sbtest1_pkey  (cost=0.00..23.14 rows=1071 width=0)
	              Index Cond: ((id >= 3901283) AND (id <= 3902282))

table 2 : explain SELECT count(c) FROM sbtest2 WHERE id BETWEEN 1585921 AND 1586920
	Aggregate  (cost=4404.24..4404.25 rows=1 width=8)
	  ->  Bitmap Heap Scan on sbtest2  (cost=28.16..4401.38 rows=1144 width=121)
	        Recheck Cond: ((id >= 1585921) AND (id <= 1586920))
	        ->  Bitmap Index Scan on sbtest2_pkey  (cost=0.00..27.87 rows=1144 width=0)
	              Index Cond: ((id >= 1585921) AND (id <= 1586920))

table 3 : explain SELECT count(c) FROM sbtest3 WHERE id BETWEEN 7673373 AND 7674372
	Aggregate  (cost=3606.36..3606.37 rows=1 width=8)
	  ->  Bitmap Heap Scan on sbtest3  (cost=21.99..3604.03 rows=932 width=121)
	        Recheck Cond: ((id >= 7673373) AND (id <= 7674372))
	        ->  Bitmap Index Scan on sbtest3_pkey  (cost=0.00..21.75 rows=932 width=0)
	              Index Cond: ((id >= 7673373) AND (id <= 7674372))

table 4 : explain SELECT count(c) FROM sbtest4 WHERE id BETWEEN 8101581 AND 8102580
	Aggregate  (cost=3281.05..3281.06 rows=1 width=8)
	  ->  Bitmap Heap Scan on sbtest4  (cost=21.11..3278.93 rows=846 width=121)
	        Recheck Cond: ((id >= 8101581) AND (id <= 8102580))
	        ->  Bitmap Index Scan on sbtest4_pkey  (cost=0.00..20.89 rows=846 width=0)
	              Index Cond: ((id >= 8101581) AND (id <= 8102580))

table 5 : explain SELECT count(c) FROM sbtest5 WHERE id BETWEEN 4925213 AND 4926212
	Aggregate  (cost=3637.78..3637.79 rows=1 width=8)
	  ->  Bitmap Heap Scan on sbtest5  (cost=22.07..3635.43 rows=940 width=121)
	        Recheck Cond: ((id >= 4925213) AND (id <= 4926212))
	        ->  Bitmap Index Scan on sbtest5_pkey  (cost=0.00..21.83 rows=940 width=0)
	              Index Cond: ((id >= 4925213) AND (id <= 4926212))

table 6 : explain SELECT count(c) FROM sbtest6 WHERE id BETWEEN 7818581 AND 7819580
	Aggregate  (cost=4175.58..4175.59 rows=1 width=8)
	  ->  Bitmap Heap Scan on sbtest6  (cost=23.54..4172.87 rows=1083 width=121)
	        Recheck Cond: ((id >= 7818581) AND (id <= 7819580))
	        ->  Bitmap Index Scan on sbtest6_pkey  (cost=0.00..23.26 rows=1083 width=0)
	              Index Cond: ((id >= 7818581) AND (id <= 7819580))

table 7 : explain SELECT count(c) FROM sbtest7 WHERE id BETWEEN 167450 AND 168449
	Aggregate  (cost=3860.63..3860.64 rows=1 width=8)
	  ->  Bitmap Heap Scan on sbtest7  (cost=22.67..3858.13 rows=999 width=121)
	        Recheck Cond: ((id >= 167450) AND (id <= 168449))
	        ->  Bitmap Index Scan on sbtest7_pkey  (cost=0.00..22.43 rows=999 width=0)
	              Index Cond: ((id >= 167450) AND (id <= 168449))

table 8 : explain SELECT count(c) FROM sbtest8 WHERE id BETWEEN 3531998 AND 3532997
	Aggregate  (cost=3743.58..3743.59 rows=1 width=8)
	  ->  Bitmap Heap Scan on sbtest8  (cost=22.36..3741.16 rows=968 width=121)
	        Recheck Cond: ((id >= 3531998) AND (id <= 3532997))
	        ->  Bitmap Index Scan on sbtest8_pkey  (cost=0.00..22.11 rows=968 width=0)
	              Index Cond: ((id >= 3531998) AND (id <= 3532997))

for: count_ranges
table 1 : explain SELECT count(c) FROM sbtest1 WHERE id BETWEEN 3961643 AND 3962642
	Aggregate  (cost=3934.59..3934.60 rows=1 width=8)
	  ->  Bitmap Heap Scan on sbtest1  (cost=22.88..3932.04 rows=1019 width=121)
	        Recheck Cond: ((id >= 3961643) AND (id <= 3962642))
	        ->  Bitmap Index Scan on sbtest1_pkey  (cost=0.00..22.62 rows=1019 width=0)
	              Index Cond: ((id >= 3961643) AND (id <= 3962642))

table 2 : explain SELECT count(c) FROM sbtest2 WHERE id BETWEEN 1962854 AND 1963853
	Aggregate  (cost=3613.84..3613.85 rows=1 width=8)
	  ->  Bitmap Heap Scan on sbtest2  (cost=22.01..3611.51 rows=934 width=121)
	        Recheck Cond: ((id >= 1962854) AND (id <= 1963853))
	        ->  Bitmap Index Scan on sbtest2_pkey  (cost=0.00..21.77 rows=934 width=0)
	              Index Cond: ((id >= 1962854) AND (id <= 1963853))

table 3 : explain SELECT count(c) FROM sbtest3 WHERE id BETWEEN 3742841 AND 3743840
	Aggregate  (cost=3877.93..3877.94 rows=1 width=8)
	  ->  Bitmap Heap Scan on sbtest3  (cost=22.73..3875.42 rows=1004 width=121)
	        Recheck Cond: ((id >= 3742841) AND (id <= 3743840))
	        ->  Bitmap Index Scan on sbtest3_pkey  (cost=0.00..22.47 rows=1004 width=0)
	              Index Cond: ((id >= 3742841) AND (id <= 3743840))

table 4 : explain SELECT count(c) FROM sbtest4 WHERE id BETWEEN 8704230 AND 8705229
	Aggregate  (cost=4445.53..4445.54 rows=1 width=8)
	  ->  Bitmap Heap Scan on sbtest4  (cost=28.27..4442.64 rows=1155 width=121)
	        Recheck Cond: ((id >= 8704230) AND (id <= 8705229))
	        ->  Bitmap Index Scan on sbtest4_pkey  (cost=0.00..27.98 rows=1155 width=0)
	              Index Cond: ((id >= 8704230) AND (id <= 8705229))

table 5 : explain SELECT count(c) FROM sbtest5 WHERE id BETWEEN 5213681 AND 5214680
	Aggregate  (cost=4075.08..4075.09 rows=1 width=8)
	  ->  Bitmap Heap Scan on sbtest5  (cost=23.26..4072.44 rows=1056 width=121)
	        Recheck Cond: ((id >= 5213681) AND (id <= 5214680))
	        ->  Bitmap Index Scan on sbtest5_pkey  (cost=0.00..23.00 rows=1056 width=0)
	              Index Cond: ((id >= 5213681) AND (id <= 5214680))

table 6 : explain SELECT count(c) FROM sbtest6 WHERE id BETWEEN 4550570 AND 4551569
	Aggregate  (cost=4130.48..4130.49 rows=1 width=8)
	  ->  Bitmap Heap Scan on sbtest6  (cost=23.41..4127.81 rows=1071 width=121)
	        Recheck Cond: ((id >= 4550570) AND (id <= 4551569))
	        ->  Bitmap Index Scan on sbtest6_pkey  (cost=0.00..23.14 rows=1071 width=0)
	              Index Cond: ((id >= 4550570) AND (id <= 4551569))

table 7 : explain SELECT count(c) FROM sbtest7 WHERE id BETWEEN 1810970 AND 1811969
	Aggregate  (cost=3709.73..3709.74 rows=1 width=8)
	  ->  Bitmap Heap Scan on sbtest7  (cost=22.26..3707.33 rows=959 width=121)
	        Recheck Cond: ((id >= 1810970) AND (id <= 1811969))
	        ->  Bitmap Index Scan on sbtest7_pkey  (cost=0.00..22.02 rows=959 width=0)
	              Index Cond: ((id >= 1810970) AND (id <= 1811969))

table 8 : explain SELECT count(c) FROM sbtest8 WHERE id BETWEEN 6731044 AND 6732043
	Aggregate  (cost=3505.57..3505.58 rows=1 width=8)
	  ->  Bitmap Heap Scan on sbtest8  (cost=21.71..3503.31 rows=905 width=121)
	        Recheck Cond: ((id >= 6731044) AND (id <= 6732043))
	        ->  Bitmap Index Scan on sbtest8_pkey  (cost=0.00..21.48 rows=905 width=0)
	              Index Cond: ((id >= 6731044) AND (id <= 6732043))

for: count_ranges
table 1 : explain SELECT count(c) FROM sbtest1 WHERE id BETWEEN 2535143 AND 2536142
	Aggregate  (cost=3689.57..3689.58 rows=1 width=8)
	  ->  Bitmap Heap Scan on sbtest1  (cost=22.21..3687.19 rows=954 width=121)
	        Recheck Cond: ((id >= 2535143) AND (id <= 2536142))
	        ->  Bitmap Index Scan on sbtest1_pkey  (cost=0.00..21.97 rows=954 width=0)
	              Index Cond: ((id >= 2535143) AND (id <= 2536142))

table 2 : explain SELECT count(c) FROM sbtest2 WHERE id BETWEEN 8995367 AND 8996366
	Aggregate  (cost=4239.15..4239.16 rows=1 width=8)
	  ->  Bitmap Heap Scan on sbtest2  (cost=27.71..4236.40 rows=1100 width=121)
	        Recheck Cond: ((id >= 8995367) AND (id <= 8996366))
	        ->  Bitmap Index Scan on sbtest2_pkey  (cost=0.00..27.43 rows=1100 width=0)
	              Index Cond: ((id >= 8995367) AND (id <= 8996366))

table 3 : explain SELECT count(c) FROM sbtest3 WHERE id BETWEEN 256889 AND 257888
	Aggregate  (cost=3534.58..3534.59 rows=1 width=8)
	  ->  Bitmap Heap Scan on sbtest3  (cost=21.79..3532.30 rows=913 width=121)
	        Recheck Cond: ((id >= 256889) AND (id <= 257888))
	        ->  Bitmap Index Scan on sbtest3_pkey  (cost=0.00..21.57 rows=913 width=0)
	              Index Cond: ((id >= 256889) AND (id <= 257888))

table 4 : explain SELECT count(c) FROM sbtest4 WHERE id BETWEEN 5613397 AND 5614396
	Aggregate  (cost=3836.45..3836.46 rows=1 width=8)
	  ->  Bitmap Heap Scan on sbtest4  (cost=22.61..3833.97 rows=993 width=121)
	        Recheck Cond: ((id >= 5613397) AND (id <= 5614396))
	        ->  Bitmap Index Scan on sbtest4_pkey  (cost=0.00..22.36 rows=993 width=0)
	              Index Cond: ((id >= 5613397) AND (id <= 5614396))

table 5 : explain SELECT count(c) FROM sbtest5 WHERE id BETWEEN 2656961 AND 2657960
	Aggregate  (cost=4101.41..4101.42 rows=1 width=8)
	  ->  Bitmap Heap Scan on sbtest5  (cost=23.33..4098.75 rows=1063 width=121)
	        Recheck Cond: ((id >= 2656961) AND (id <= 2657960))
	        ->  Bitmap Index Scan on sbtest5_pkey  (cost=0.00..23.07 rows=1063 width=0)
	              Index Cond: ((id >= 2656961) AND (id <= 2657960))

table 6 : explain SELECT count(c) FROM sbtest6 WHERE id BETWEEN 5693317 AND 5694316
	Aggregate  (cost=3795.42..3795.43 rows=1 width=8)
	  ->  Bitmap Heap Scan on sbtest6  (cost=22.50..3792.97 rows=982 width=121)
	        Recheck Cond: ((id >= 5693317) AND (id <= 5694316))
	        ->  Bitmap Index Scan on sbtest6_pkey  (cost=0.00..22.25 rows=982 width=0)
	              Index Cond: ((id >= 5693317) AND (id <= 5694316))

table 7 : explain SELECT count(c) FROM sbtest7 WHERE id BETWEEN 2889416 AND 2890415
	Aggregate  (cost=3902.09..3902.10 rows=1 width=8)
	  ->  Bitmap Heap Scan on sbtest7  (cost=22.79..3899.57 rows=1010 width=121)
	        Recheck Cond: ((id >= 2889416) AND (id <= 2890415))
	        ->  Bitmap Index Scan on sbtest7_pkey  (cost=0.00..22.54 rows=1010 width=0)
	              Index Cond: ((id >= 2889416) AND (id <= 2890415))

table 8 : explain SELECT count(c) FROM sbtest8 WHERE id BETWEEN 7757184 AND 7758183
	Aggregate  (cost=4233.34..4233.35 rows=1 width=8)
	  ->  Bitmap Heap Scan on sbtest8  (cost=27.68..4230.59 rows=1097 width=121)
	        Recheck Cond: ((id >= 7757184) AND (id <= 7758183))
	        ->  Bitmap Index Scan on sbtest8_pkey  (cost=0.00..27.40 rows=1097 width=0)
	              Index Cond: ((id >= 7757184) AND (id <= 7758183))

for: count_ranges
table 1 : explain SELECT count(c) FROM sbtest1 WHERE id BETWEEN 5276091 AND 5277090
	Aggregate  (cost=3523.39..3523.40 rows=1 width=8)
	  ->  Bitmap Heap Scan on sbtest1  (cost=21.76..3521.12 rows=910 width=121)
	        Recheck Cond: ((id >= 5276091) AND (id <= 5277090))
	        ->  Bitmap Index Scan on sbtest1_pkey  (cost=0.00..21.54 rows=910 width=0)
	              Index Cond: ((id >= 5276091) AND (id <= 5277090))

table 2 : explain SELECT count(c) FROM sbtest2 WHERE id BETWEEN 3933296 AND 3934295
	Aggregate  (cost=3945.63..3945.64 rows=1 width=8)
	  ->  Bitmap Heap Scan on sbtest2  (cost=22.91..3943.07 rows=1022 width=121)
	        Recheck Cond: ((id >= 3933296) AND (id <= 3934295))
	        ->  Bitmap Index Scan on sbtest2_pkey  (cost=0.00..22.65 rows=1022 width=0)
	              Index Cond: ((id >= 3933296) AND (id <= 3934295))

table 3 : explain SELECT count(c) FROM sbtest3 WHERE id BETWEEN 1069260 AND 1070259
	Aggregate  (cost=4167.60..4167.61 rows=1 width=8)
	  ->  Bitmap Heap Scan on sbtest3  (cost=23.52..4164.90 rows=1081 width=121)
	        Recheck Cond: ((id >= 1069260) AND (id <= 1070259))
	        ->  Bitmap Index Scan on sbtest3_pkey  (cost=0.00..23.25 rows=1081 width=0)
	              Index Cond: ((id >= 1069260) AND (id <= 1070259))

table 4 : explain SELECT count(c) FROM sbtest4 WHERE id BETWEEN 9721591 AND 9722590
	Aggregate  (cost=3885.43..3885.44 rows=1 width=8)
	  ->  Bitmap Heap Scan on sbtest4  (cost=22.75..3882.91 rows=1006 width=121)
	        Recheck Cond: ((id >= 9721591) AND (id <= 9722590))
	        ->  Bitmap Index Scan on sbtest4_pkey  (cost=0.00..22.50 rows=1006 width=0)
	              Index Cond: ((id >= 9721591) AND (id <= 9722590))

table 5 : explain SELECT count(c) FROM sbtest5 WHERE id BETWEEN 8312944 AND 8313943
	Aggregate  (cost=3509.27..3509.28 rows=1 width=8)
	  ->  Bitmap Heap Scan on sbtest5  (cost=21.72..3507.01 rows=906 width=121)
	        Recheck Cond: ((id >= 8312944) AND (id <= 8313943))
	        ->  Bitmap Index Scan on sbtest5_pkey  (cost=0.00..21.50 rows=906 width=0)
	              Index Cond: ((id >= 8312944) AND (id <= 8313943))

table 6 : explain SELECT count(c) FROM sbtest6 WHERE id BETWEEN 6831464 AND 6832463
	Aggregate  (cost=3761.48..3761.49 rows=1 width=8)
	  ->  Bitmap Heap Scan on sbtest6  (cost=22.41..3759.05 rows=973 width=121)
	        Recheck Cond: ((id >= 6831464) AND (id <= 6832463))
	        ->  Bitmap Index Scan on sbtest6_pkey  (cost=0.00..22.16 rows=973 width=0)
	              Index Cond: ((id >= 6831464) AND (id <= 6832463))

table 7 : explain SELECT count(c) FROM sbtest7 WHERE id BETWEEN 146420 AND 147419
	Aggregate  (cost=3860.63..3860.64 rows=1 width=8)
	  ->  Bitmap Heap Scan on sbtest7  (cost=22.67..3858.13 rows=999 width=121)
	        Recheck Cond: ((id >= 146420) AND (id <= 147419))
	        ->  Bitmap Index Scan on sbtest7_pkey  (cost=0.00..22.43 rows=999 width=0)
	              Index Cond: ((id >= 146420) AND (id <= 147419))

table 8 : explain SELECT count(c) FROM sbtest8 WHERE id BETWEEN 3271887 AND 3272886
	Aggregate  (cost=4222.06..4222.07 rows=1 width=8)
	  ->  Bitmap Heap Scan on sbtest8  (cost=27.65..4219.33 rows=1094 width=121)
	        Recheck Cond: ((id >= 3271887) AND (id <= 3272886))
	        ->  Bitmap Index Scan on sbtest8_pkey  (cost=0.00..27.37 rows=1094 width=0)
	              Index Cond: ((id >= 3271887) AND (id <= 3272886))

for: count_ranges
table 1 : explain SELECT count(c) FROM sbtest1 WHERE id BETWEEN 1677853 AND 1678852
	Aggregate  (cost=3776.33..3776.34 rows=1 width=8)
	  ->  Bitmap Heap Scan on sbtest1  (cost=22.45..3773.89 rows=977 width=121)
	        Recheck Cond: ((id >= 1677853) AND (id <= 1678852))
	        ->  Bitmap Index Scan on sbtest1_pkey  (cost=0.00..22.20 rows=977 width=0)
	              Index Cond: ((id >= 1677853) AND (id <= 1678852))

table 2 : explain SELECT count(c) FROM sbtest2 WHERE id BETWEEN 623914 AND 624913
	Aggregate  (cost=3813.79..3813.80 rows=1 width=8)
	  ->  Bitmap Heap Scan on sbtest2  (cost=22.55..3811.32 rows=987 width=121)
	        Recheck Cond: ((id >= 623914) AND (id <= 624913))
	        ->  Bitmap Index Scan on sbtest2_pkey  (cost=0.00..22.30 rows=987 width=0)
	              Index Cond: ((id >= 623914) AND (id <= 624913))

table 3 : explain SELECT count(c) FROM sbtest3 WHERE id BETWEEN 4956036 AND 4957035
	Aggregate  (cost=3972.06..3972.07 rows=1 width=8)
	  ->  Bitmap Heap Scan on sbtest3  (cost=22.98..3969.49 rows=1029 width=121)
	        Recheck Cond: ((id >= 4956036) AND (id <= 4957035))
	        ->  Bitmap Index Scan on sbtest3_pkey  (cost=0.00..22.72 rows=1029 width=0)
	              Index Cond: ((id >= 4956036) AND (id <= 4957035))

table 4 : explain SELECT count(c) FROM sbtest4 WHERE id BETWEEN 5731744 AND 5732743
	Aggregate  (cost=3994.61..3994.62 rows=1 width=8)
	  ->  Bitmap Heap Scan on sbtest4  (cost=23.04..3992.02 rows=1035 width=121)
	        Recheck Cond: ((id >= 5731744) AND (id <= 5732743))
	        ->  Bitmap Index Scan on sbtest4_pkey  (cost=0.00..22.79 rows=1035 width=0)
	              Index Cond: ((id >= 5731744) AND (id <= 5732743))

table 5 : explain SELECT count(c) FROM sbtest5 WHERE id BETWEEN 6859153 AND 6860152
	Aggregate  (cost=3668.00..3668.01 rows=1 width=8)
	  ->  Bitmap Heap Scan on sbtest5  (cost=22.15..3665.63 rows=948 width=121)
	        Recheck Cond: ((id >= 6859153) AND (id <= 6860152))
	        ->  Bitmap Index Scan on sbtest5_pkey  (cost=0.00..21.91 rows=948 width=0)
	              Index Cond: ((id >= 6859153) AND (id <= 6860152))

table 6 : explain SELECT count(c) FROM sbtest6 WHERE id BETWEEN 5099243 AND 5100242
	Aggregate  (cost=3727.53..3727.54 rows=1 width=8)
	  ->  Bitmap Heap Scan on sbtest6  (cost=22.32..3725.12 rows=964 width=121)
	        Recheck Cond: ((id >= 5099243) AND (id <= 5100242))
	        ->  Bitmap Index Scan on sbtest6_pkey  (cost=0.00..22.07 rows=964 width=0)
	              Index Cond: ((id >= 5099243) AND (id <= 5100242))

table 7 : explain SELECT count(c) FROM sbtest7 WHERE id BETWEEN 9141496 AND 9142495
	Aggregate  (cost=4041.44..4041.45 rows=1 width=8)
	  ->  Bitmap Heap Scan on sbtest7  (cost=23.17..4038.82 rows=1047 width=121)
	        Recheck Cond: ((id >= 9141496) AND (id <= 9142495))
	        ->  Bitmap Index Scan on sbtest7_pkey  (cost=0.00..22.90 rows=1047 width=0)
	              Index Cond: ((id >= 9141496) AND (id <= 9142495))

table 8 : explain SELECT count(c) FROM sbtest8 WHERE id BETWEEN 1192281 AND 1193280
	Aggregate  (cost=3660.53..3660.54 rows=1 width=8)
	  ->  Bitmap Heap Scan on sbtest8  (cost=22.13..3658.16 rows=946 width=121)
	        Recheck Cond: ((id >= 1192281) AND (id <= 1193280))
	        ->  Bitmap Index Scan on sbtest8_pkey  (cost=0.00..21.89 rows=946 width=0)
	              Index Cond: ((id >= 1192281) AND (id <= 1193280))

for: count_ranges
table 1 : explain SELECT count(c) FROM sbtest1 WHERE id BETWEEN 8843690 AND 8844689
	Aggregate  (cost=3670.70..3670.71 rows=1 width=8)
	  ->  Bitmap Heap Scan on sbtest1  (cost=22.16..3668.33 rows=949 width=121)
	        Recheck Cond: ((id >= 8843690) AND (id <= 8844689))
	        ->  Bitmap Index Scan on sbtest1_pkey  (cost=0.00..21.93 rows=949 width=0)
	              Index Cond: ((id >= 8843690) AND (id <= 8844689))

table 2 : explain SELECT count(c) FROM sbtest2 WHERE id BETWEEN 4840255 AND 4841254
	Aggregate  (cost=3594.96..3594.97 rows=1 width=8)
	  ->  Bitmap Heap Scan on sbtest2  (cost=21.96..3592.64 rows=929 width=121)
	        Recheck Cond: ((id >= 4840255) AND (id <= 4841254))
	        ->  Bitmap Index Scan on sbtest2_pkey  (cost=0.00..21.72 rows=929 width=0)
	              Index Cond: ((id >= 4840255) AND (id <= 4841254))

table 3 : explain SELECT count(c) FROM sbtest3 WHERE id BETWEEN 8637457 AND 8638456
	Aggregate  (cost=3840.25..3840.26 rows=1 width=8)
	  ->  Bitmap Heap Scan on sbtest3  (cost=22.62..3837.76 rows=994 width=121)
	        Recheck Cond: ((id >= 8637457) AND (id <= 8638456))
	        ->  Bitmap Index Scan on sbtest3_pkey  (cost=0.00..22.37 rows=994 width=0)
	              Index Cond: ((id >= 8637457) AND (id <= 8638456))

table 4 : explain SELECT count(c) FROM sbtest4 WHERE id BETWEEN 4826329 AND 4827328
	Aggregate  (cost=3572.34..3572.35 rows=1 width=8)
	  ->  Bitmap Heap Scan on sbtest4  (cost=21.90..3570.03 rows=923 width=121)
	        Recheck Cond: ((id >= 4826329) AND (id <= 4827328))
	        ->  Bitmap Index Scan on sbtest4_pkey  (cost=0.00..21.66 rows=923 width=0)
	              Index Cond: ((id >= 4826329) AND (id <= 4827328))

table 5 : explain SELECT count(c) FROM sbtest5 WHERE id BETWEEN 2217773 AND 2218772
	Aggregate  (cost=3845.34..3845.35 rows=1 width=8)
	  ->  Bitmap Heap Scan on sbtest5  (cost=22.63..3842.85 rows=995 width=121)
	        Recheck Cond: ((id >= 2217773) AND (id <= 2218772))
	        ->  Bitmap Index Scan on sbtest5_pkey  (cost=0.00..22.39 rows=995 width=0)
	              Index Cond: ((id >= 2217773) AND (id <= 2218772))

table 6 : explain SELECT count(c) FROM sbtest6 WHERE id BETWEEN 6134447 AND 6135446
	Aggregate  (cost=4070.32..4070.33 rows=1 width=8)
	  ->  Bitmap Heap Scan on sbtest6  (cost=23.25..4067.68 rows=1055 width=121)
	        Recheck Cond: ((id >= 6134447) AND (id <= 6135446))
	        ->  Bitmap Index Scan on sbtest6_pkey  (cost=0.00..22.98 rows=1055 width=0)
	              Index Cond: ((id >= 6134447) AND (id <= 6135446))

table 7 : explain SELECT count(c) FROM sbtest7 WHERE id BETWEEN 8456930 AND 8457929
	Aggregate  (cost=3951.07..3951.08 rows=1 width=8)
	  ->  Bitmap Heap Scan on sbtest7  (cost=22.92..3948.52 rows=1023 width=121)
	        Recheck Cond: ((id >= 8456930) AND (id <= 8457929))
	        ->  Bitmap Index Scan on sbtest7_pkey  (cost=0.00..22.66 rows=1023 width=0)
	              Index Cond: ((id >= 8456930) AND (id <= 8457929))

table 8 : explain SELECT count(c) FROM sbtest8 WHERE id BETWEEN 6927975 AND 6928974
	Aggregate  (cost=3913.27..3913.28 rows=1 width=8)
	  ->  Bitmap Heap Scan on sbtest8  (cost=22.82..3910.74 rows=1013 width=121)
	        Recheck Cond: ((id >= 6927975) AND (id <= 6928974))
	        ->  Bitmap Index Scan on sbtest8_pkey  (cost=0.00..22.57 rows=1013 width=0)
	              Index Cond: ((id >= 6927975) AND (id <= 6928974))

for: count_ranges
table 1 : explain SELECT count(c) FROM sbtest1 WHERE id BETWEEN 4261959 AND 4262958
	Aggregate  (cost=3757.48..3757.49 rows=1 width=8)
	  ->  Bitmap Heap Scan on sbtest1  (cost=22.40..3755.05 rows=972 width=121)
	        Recheck Cond: ((id >= 4261959) AND (id <= 4262958))
	        ->  Bitmap Index Scan on sbtest1_pkey  (cost=0.00..22.15 rows=972 width=0)
	              Index Cond: ((id >= 4261959) AND (id <= 4262958))

table 2 : explain SELECT count(c) FROM sbtest2 WHERE id BETWEEN 152443 AND 153442
	Aggregate  (cost=3945.63..3945.64 rows=1 width=8)
	  ->  Bitmap Heap Scan on sbtest2  (cost=22.91..3943.07 rows=1022 width=121)
	        Recheck Cond: ((id >= 152443) AND (id <= 153442))
	        ->  Bitmap Index Scan on sbtest2_pkey  (cost=0.00..22.65 rows=1022 width=0)
	              Index Cond: ((id >= 152443) AND (id <= 153442))

table 3 : explain SELECT count(c) FROM sbtest3 WHERE id BETWEEN 4138116 AND 4139115
	Aggregate  (cost=3900.52..3900.53 rows=1 width=8)
	  ->  Bitmap Heap Scan on sbtest3  (cost=22.79..3898.00 rows=1010 width=121)
	        Recheck Cond: ((id >= 4138116) AND (id <= 4139115))
	        ->  Bitmap Index Scan on sbtest3_pkey  (cost=0.00..22.54 rows=1010 width=0)
	              Index Cond: ((id >= 4138116) AND (id <= 4139115))

table 4 : explain SELECT count(c) FROM sbtest4 WHERE id BETWEEN 9005205 AND 9006204
	Aggregate  (cost=3889.19..3889.20 rows=1 width=8)
	  ->  Bitmap Heap Scan on sbtest4  (cost=22.76..3886.68 rows=1007 width=121)
	        Recheck Cond: ((id >= 9005205) AND (id <= 9006204))
	        ->  Bitmap Index Scan on sbtest4_pkey  (cost=0.00..22.50 rows=1007 width=0)
	              Index Cond: ((id >= 9005205) AND (id <= 9006204))

table 5 : explain SELECT count(c) FROM sbtest5 WHERE id BETWEEN 4372881 AND 4373880
	Aggregate  (cost=3690.65..3690.66 rows=1 width=8)
	  ->  Bitmap Heap Scan on sbtest5  (cost=22.21..3688.27 rows=954 width=121)
	        Recheck Cond: ((id >= 4372881) AND (id <= 4373880))
	        ->  Bitmap Index Scan on sbtest5_pkey  (cost=0.00..21.97 rows=954 width=0)
	              Index Cond: ((id >= 4372881) AND (id <= 4373880))

table 6 : explain SELECT count(c) FROM sbtest6 WHERE id BETWEEN 7023722 AND 7024721
	Aggregate  (cost=3795.42..3795.43 rows=1 width=8)
	  ->  Bitmap Heap Scan on sbtest6  (cost=22.50..3792.97 rows=982 width=121)
	        Recheck Cond: ((id >= 7023722) AND (id <= 7024721))
	        ->  Bitmap Index Scan on sbtest6_pkey  (cost=0.00..22.25 rows=982 width=0)
	              Index Cond: ((id >= 7023722) AND (id <= 7024721))

table 7 : explain SELECT count(c) FROM sbtest7 WHERE id BETWEEN 5369729 AND 5370728
	Aggregate  (cost=3573.74..3573.75 rows=1 width=8)
	  ->  Bitmap Heap Scan on sbtest7  (cost=21.90..3571.43 rows=923 width=121)
	        Recheck Cond: ((id >= 5369729) AND (id <= 5370728))
	        ->  Bitmap Index Scan on sbtest7_pkey  (cost=0.00..21.66 rows=923 width=0)
	              Index Cond: ((id >= 5369729) AND (id <= 5370728))

table 8 : explain SELECT count(c) FROM sbtest8 WHERE id BETWEEN 4405088 AND 4406087
	Aggregate  (cost=3592.53..3592.54 rows=1 width=8)
	  ->  Bitmap Heap Scan on sbtest8  (cost=21.95..3590.21 rows=928 width=121)
	        Recheck Cond: ((id >= 4405088) AND (id <= 4406087))
	        ->  Bitmap Index Scan on sbtest8_pkey  (cost=0.00..21.71 rows=928 width=0)
	              Index Cond: ((id >= 4405088) AND (id <= 4406087))

for: count_ranges
table 1 : explain SELECT count(c) FROM sbtest1 WHERE id BETWEEN 8269849 AND 8270848
	Aggregate  (cost=3878.10..3878.11 rows=1 width=8)
	  ->  Bitmap Heap Scan on sbtest1  (cost=22.73..3875.59 rows=1004 width=121)
	        Recheck Cond: ((id >= 8269849) AND (id <= 8270848))
	        ->  Bitmap Index Scan on sbtest1_pkey  (cost=0.00..22.47 rows=1004 width=0)
	              Index Cond: ((id >= 8269849) AND (id <= 8270848))

table 2 : explain SELECT count(c) FROM sbtest2 WHERE id BETWEEN 2478112 AND 2479111
	Aggregate  (cost=4005.85..4005.86 rows=1 width=8)
	  ->  Bitmap Heap Scan on sbtest2  (cost=23.07..4003.25 rows=1038 width=121)
	        Recheck Cond: ((id >= 2478112) AND (id <= 2479111))
	        ->  Bitmap Index Scan on sbtest2_pkey  (cost=0.00..22.82 rows=1038 width=0)
	              Index Cond: ((id >= 2478112) AND (id <= 2479111))

table 3 : explain SELECT count(c) FROM sbtest3 WHERE id BETWEEN 3069965 AND 3070964
	Aggregate  (cost=4231.73..4231.74 rows=1 width=8)
	  ->  Bitmap Heap Scan on sbtest3  (cost=27.69..4228.98 rows=1098 width=121)
	        Recheck Cond: ((id >= 3069965) AND (id <= 3070964))
	        ->  Bitmap Index Scan on sbtest3_pkey  (cost=0.00..27.41 rows=1098 width=0)
	              Index Cond: ((id >= 3069965) AND (id <= 3070964))

table 4 : explain SELECT count(c) FROM sbtest4 WHERE id BETWEEN 7419662 AND 7420661
	Aggregate  (cost=3519.44..3519.45 rows=1 width=8)
	  ->  Bitmap Heap Scan on sbtest4  (cost=21.75..3517.17 rows=909 width=121)
	        Recheck Cond: ((id >= 7419662) AND (id <= 7420661))
	        ->  Bitmap Index Scan on sbtest4_pkey  (cost=0.00..21.52 rows=909 width=0)
	              Index Cond: ((id >= 7419662) AND (id <= 7420661))

table 5 : explain SELECT count(c) FROM sbtest5 WHERE id BETWEEN 1692645 AND 1693644
	Aggregate  (cost=3928.25..3928.26 rows=1 width=8)
	  ->  Bitmap Heap Scan on sbtest5  (cost=22.86..3925.71 rows=1017 width=121)
	        Recheck Cond: ((id >= 1692645) AND (id <= 1693644))
	        ->  Bitmap Index Scan on sbtest5_pkey  (cost=0.00..22.61 rows=1017 width=0)
	              Index Cond: ((id >= 1692645) AND (id <= 1693644))

table 6 : explain SELECT count(c) FROM sbtest6 WHERE id BETWEEN 2393243 AND 2394242
	Aggregate  (cost=3821.81..3821.82 rows=1 width=8)
	  ->  Bitmap Heap Scan on sbtest6  (cost=22.57..3819.34 rows=989 width=121)
	        Recheck Cond: ((id >= 2393243) AND (id <= 2394242))
	        ->  Bitmap Index Scan on sbtest6_pkey  (cost=0.00..22.32 rows=989 width=0)
	              Index Cond: ((id >= 2393243) AND (id <= 2394242))

table 7 : explain SELECT count(c) FROM sbtest7 WHERE id BETWEEN 3533366 AND 3534365
	Aggregate  (cost=3838.01..3838.02 rows=1 width=8)
	  ->  Bitmap Heap Scan on sbtest7  (cost=22.61..3835.53 rows=993 width=121)
	        Recheck Cond: ((id >= 3533366) AND (id <= 3534365))
	        ->  Bitmap Index Scan on sbtest7_pkey  (cost=0.00..22.36 rows=993 width=0)
	              Index Cond: ((id >= 3533366) AND (id <= 3534365))

table 8 : explain SELECT count(c) FROM sbtest8 WHERE id BETWEEN 6982196 AND 6983195
	Aggregate  (cost=3913.27..3913.28 rows=1 width=8)
	  ->  Bitmap Heap Scan on sbtest8  (cost=22.82..3910.74 rows=1013 width=121)
	        Recheck Cond: ((id >= 6982196) AND (id <= 6983195))
	        ->  Bitmap Index Scan on sbtest8_pkey  (cost=0.00..22.57 rows=1013 width=0)
	              Index Cond: ((id >= 6982196) AND (id <= 6983195))

for: count_ranges
table 1 : explain SELECT count(c) FROM sbtest1 WHERE id BETWEEN 565040 AND 566039
	Aggregate  (cost=3493.15..3493.16 rows=1 width=8)
	  ->  Bitmap Heap Scan on sbtest1  (cost=21.68..3490.90 rows=902 width=121)
	        Recheck Cond: ((id >= 565040) AND (id <= 566039))
	        ->  Bitmap Index Scan on sbtest1_pkey  (cost=0.00..21.45 rows=902 width=0)
	              Index Cond: ((id >= 565040) AND (id <= 566039))

table 2 : explain SELECT count(c) FROM sbtest2 WHERE id BETWEEN 4616782 AND 4617781
	Aggregate  (cost=3670.47..3670.48 rows=1 width=8)
	  ->  Bitmap Heap Scan on sbtest2  (cost=22.16..3668.10 rows=949 width=121)
	        Recheck Cond: ((id >= 4616782) AND (id <= 4617781))
	        ->  Bitmap Index Scan on sbtest2_pkey  (cost=0.00..21.93 rows=949 width=0)
	              Index Cond: ((id >= 4616782) AND (id <= 4617781))

table 3 : explain SELECT count(c) FROM sbtest3 WHERE id BETWEEN 3270506 AND 3271505
	Aggregate  (cost=4024.74..4024.75 rows=1 width=8)
	  ->  Bitmap Heap Scan on sbtest3  (cost=23.13..4022.13 rows=1043 width=121)
	        Recheck Cond: ((id >= 3270506) AND (id <= 3271505))
	        ->  Bitmap Index Scan on sbtest3_pkey  (cost=0.00..22.86 rows=1043 width=0)
	              Index Cond: ((id >= 3270506) AND (id <= 3271505))

table 4 : explain SELECT count(c) FROM sbtest4 WHERE id BETWEEN 7167528 AND 7168527
	Aggregate  (cost=3836.45..3836.46 rows=1 width=8)
	  ->  Bitmap Heap Scan on sbtest4  (cost=22.61..3833.97 rows=993 width=121)
	        Recheck Cond: ((id >= 7167528) AND (id <= 7168527))
	        ->  Bitmap Index Scan on sbtest4_pkey  (cost=0.00..22.36 rows=993 width=0)
	              Index Cond: ((id >= 7167528) AND (id <= 7168527))

table 5 : explain SELECT count(c) FROM sbtest5 WHERE id BETWEEN 1856310 AND 1857309
	Aggregate  (cost=4060.03..4060.04 rows=1 width=8)
	  ->  Bitmap Heap Scan on sbtest5  (cost=23.22..4057.40 rows=1052 width=121)
	        Recheck Cond: ((id >= 1856310) AND (id <= 1857309))
	        ->  Bitmap Index Scan on sbtest5_pkey  (cost=0.00..22.95 rows=1052 width=0)
	              Index Cond: ((id >= 1856310) AND (id <= 1857309))

table 6 : explain SELECT count(c) FROM sbtest6 WHERE id BETWEEN 5928582 AND 5929581
	Aggregate  (cost=3338.22..3338.23 rows=1 width=8)
	  ->  Bitmap Heap Scan on sbtest6  (cost=21.26..3336.06 rows=861 width=121)
	        Recheck Cond: ((id >= 5928582) AND (id <= 5929581))
	        ->  Bitmap Index Scan on sbtest6_pkey  (cost=0.00..21.04 rows=861 width=0)
	              Index Cond: ((id >= 5928582) AND (id <= 5929581))

table 7 : explain SELECT count(c) FROM sbtest7 WHERE id BETWEEN 2940562 AND 2941561
	Aggregate  (cost=3902.09..3902.10 rows=1 width=8)
	  ->  Bitmap Heap Scan on sbtest7  (cost=22.79..3899.57 rows=1010 width=121)
	        Recheck Cond: ((id >= 2940562) AND (id <= 2941561))
	        ->  Bitmap Index Scan on sbtest7_pkey  (cost=0.00..22.54 rows=1010 width=0)
	              Index Cond: ((id >= 2940562) AND (id <= 2941561))

table 8 : explain SELECT count(c) FROM sbtest8 WHERE id BETWEEN 8751092 AND 8752091
	Aggregate  (cost=3720.94..3720.95 rows=1 width=8)
	  ->  Bitmap Heap Scan on sbtest8  (cost=22.30..3718.53 rows=962 width=121)
	        Recheck Cond: ((id >= 8751092) AND (id <= 8752091))
	        ->  Bitmap Index Scan on sbtest8_pkey  (cost=0.00..22.05 rows=962 width=0)
	              Index Cond: ((id >= 8751092) AND (id <= 8752091))

for: count_ranges
table 1 : explain SELECT count(c) FROM sbtest1 WHERE id BETWEEN 2145940 AND 2146939
	Aggregate  (cost=3478.03..3478.04 rows=1 width=8)
	  ->  Bitmap Heap Scan on sbtest1  (cost=21.64..3475.78 rows=898 width=121)
	        Recheck Cond: ((id >= 2145940) AND (id <= 2146939))
	        ->  Bitmap Index Scan on sbtest1_pkey  (cost=0.00..21.41 rows=898 width=0)
	              Index Cond: ((id >= 2145940) AND (id <= 2146939))

table 2 : explain SELECT count(c) FROM sbtest2 WHERE id BETWEEN 4957606 AND 4958605
	Aggregate  (cost=3866.55..3866.56 rows=1 width=8)
	  ->  Bitmap Heap Scan on sbtest2  (cost=22.70..3864.04 rows=1001 width=121)
	        Recheck Cond: ((id >= 4957606) AND (id <= 4958605))
	        ->  Bitmap Index Scan on sbtest2_pkey  (cost=0.00..22.44 rows=1001 width=0)
	              Index Cond: ((id >= 4957606) AND (id <= 4958605))

table 3 : explain SELECT count(c) FROM sbtest3 WHERE id BETWEEN 6935439 AND 6936438
	Aggregate  (cost=3757.31..3757.32 rows=1 width=8)
	  ->  Bitmap Heap Scan on sbtest3  (cost=22.40..3754.88 rows=972 width=121)
	        Recheck Cond: ((id >= 6935439) AND (id <= 6936438))
	        ->  Bitmap Index Scan on sbtest3_pkey  (cost=0.00..22.15 rows=972 width=0)
	              Index Cond: ((id >= 6935439) AND (id <= 6936438))

table 4 : explain SELECT count(c) FROM sbtest4 WHERE id BETWEEN 6330460 AND 6331459
	Aggregate  (cost=3847.75..3847.76 rows=1 width=8)
	  ->  Bitmap Heap Scan on sbtest4  (cost=22.64..3845.26 rows=996 width=121)
	        Recheck Cond: ((id >= 6330460) AND (id <= 6331459))
	        ->  Bitmap Index Scan on sbtest4_pkey  (cost=0.00..22.39 rows=996 width=0)
	              Index Cond: ((id >= 6330460) AND (id <= 6331459))

table 5 : explain SELECT count(c) FROM sbtest5 WHERE id BETWEEN 6606278 AND 6607277
	Aggregate  (cost=4176.61..4176.62 rows=1 width=8)
	  ->  Bitmap Heap Scan on sbtest5  (cost=23.54..4173.91 rows=1083 width=121)
	        Recheck Cond: ((id >= 6606278) AND (id <= 6607277))
	        ->  Bitmap Index Scan on sbtest5_pkey  (cost=0.00..23.26 rows=1083 width=0)
	              Index Cond: ((id >= 6606278) AND (id <= 6607277))

table 6 : explain SELECT count(c) FROM sbtest6 WHERE id BETWEEN 6907961 AND 6908960
	Aggregate  (cost=3746.40..3746.41 rows=1 width=8)
	  ->  Bitmap Heap Scan on sbtest6  (cost=22.37..3743.97 rows=969 width=121)
	        Recheck Cond: ((id >= 6907961) AND (id <= 6908960))
	        ->  Bitmap Index Scan on sbtest6_pkey  (cost=0.00..22.12 rows=969 width=0)
	              Index Cond: ((id >= 6907961) AND (id <= 6908960))

table 7 : explain SELECT count(c) FROM sbtest7 WHERE id BETWEEN 1115656 AND 1116655
	Aggregate  (cost=3679.52..3679.53 rows=1 width=8)
	  ->  Bitmap Heap Scan on sbtest7  (cost=22.18..3677.15 rows=951 width=121)
	        Recheck Cond: ((id >= 1115656) AND (id <= 1116655))
	        ->  Bitmap Index Scan on sbtest7_pkey  (cost=0.00..21.94 rows=951 width=0)
	              Index Cond: ((id >= 1115656) AND (id <= 1116655))

table 8 : explain SELECT count(c) FROM sbtest8 WHERE id BETWEEN 9297050 AND 9298049
	Aggregate  (cost=4173.20..4173.21 rows=1 width=8)
	  ->  Bitmap Heap Scan on sbtest8  (cost=27.52..4170.50 rows=1081 width=121)
	        Recheck Cond: ((id >= 9297050) AND (id <= 9298049))
	        ->  Bitmap Index Scan on sbtest8_pkey  (cost=0.00..27.25 rows=1081 width=0)
	              Index Cond: ((id >= 9297050) AND (id <= 9298049))

for: count_ranges
table 1 : explain SELECT count(c) FROM sbtest1 WHERE id BETWEEN 8821453 AND 8822452
	Aggregate  (cost=3670.70..3670.71 rows=1 width=8)
	  ->  Bitmap Heap Scan on sbtest1  (cost=22.16..3668.33 rows=949 width=121)
	        Recheck Cond: ((id >= 8821453) AND (id <= 8822452))
	        ->  Bitmap Index Scan on sbtest1_pkey  (cost=0.00..21.93 rows=949 width=0)
	              Index Cond: ((id >= 8821453) AND (id <= 8822452))

table 2 : explain SELECT count(c) FROM sbtest2 WHERE id BETWEEN 123215 AND 124214
	Aggregate  (cost=3945.63..3945.64 rows=1 width=8)
	  ->  Bitmap Heap Scan on sbtest2  (cost=22.91..3943.07 rows=1022 width=121)
	        Recheck Cond: ((id >= 123215) AND (id <= 124214))
	        ->  Bitmap Index Scan on sbtest2_pkey  (cost=0.00..22.65 rows=1022 width=0)
	              Index Cond: ((id >= 123215) AND (id <= 124214))

table 3 : explain SELECT count(c) FROM sbtest3 WHERE id BETWEEN 1773367 AND 1774366
	Aggregate  (cost=3851.55..3851.56 rows=1 width=8)
	  ->  Bitmap Heap Scan on sbtest3  (cost=22.65..3849.06 rows=997 width=121)
	        Recheck Cond: ((id >= 1773367) AND (id <= 1774366))
	        ->  Bitmap Index Scan on sbtest3_pkey  (cost=0.00..22.40 rows=997 width=0)
	              Index Cond: ((id >= 1773367) AND (id <= 1774366))

table 4 : explain SELECT count(c) FROM sbtest4 WHERE id BETWEEN 4958305 AND 4959304
	Aggregate  (cost=3561.01..3561.02 rows=1 width=8)
	  ->  Bitmap Heap Scan on sbtest4  (cost=21.87..3558.71 rows=920 width=121)
	        Recheck Cond: ((id >= 4958305) AND (id <= 4959304))
	        ->  Bitmap Index Scan on sbtest4_pkey  (cost=0.00..21.64 rows=920 width=0)
	              Index Cond: ((id >= 4958305) AND (id <= 4959304))

table 5 : explain SELECT count(c) FROM sbtest5 WHERE id BETWEEN 2365303 AND 2366302
	Aggregate  (cost=3543.30..3543.31 rows=1 width=8)
	  ->  Bitmap Heap Scan on sbtest5  (cost=21.81..3541.02 rows=915 width=121)
	        Recheck Cond: ((id >= 2365303) AND (id <= 2366302))
	        ->  Bitmap Index Scan on sbtest5_pkey  (cost=0.00..21.58 rows=915 width=0)
	              Index Cond: ((id >= 2365303) AND (id <= 2366302))

table 6 : explain SELECT count(c) FROM sbtest6 WHERE id BETWEEN 405483 AND 406482
	Aggregate  (cost=4051.51..4051.52 rows=1 width=8)
	  ->  Bitmap Heap Scan on sbtest6  (cost=23.20..4048.89 rows=1050 width=121)
	        Recheck Cond: ((id >= 405483) AND (id <= 406482))
	        ->  Bitmap Index Scan on sbtest6_pkey  (cost=0.00..22.93 rows=1050 width=0)
	              Index Cond: ((id >= 405483) AND (id <= 406482))

table 7 : explain SELECT count(c) FROM sbtest7 WHERE id BETWEEN 5217431 AND 5218430
	Aggregate  (cost=3853.09..3853.10 rows=1 width=8)
	  ->  Bitmap Heap Scan on sbtest7  (cost=22.65..3850.60 rows=997 width=121)
	        Recheck Cond: ((id >= 5217431) AND (id <= 5218430))
	        ->  Bitmap Index Scan on sbtest7_pkey  (cost=0.00..22.40 rows=997 width=0)
	              Index Cond: ((id >= 5217431) AND (id <= 5218430))

table 8 : explain SELECT count(c) FROM sbtest8 WHERE id BETWEEN 8516345 AND 8517344
	Aggregate  (cost=4270.93..4270.94 rows=1 width=8)
	  ->  Bitmap Heap Scan on sbtest8  (cost=27.79..4268.16 rows=1108 width=121)
	        Recheck Cond: ((id >= 8516345) AND (id <= 8517344))
	        ->  Bitmap Index Scan on sbtest8_pkey  (cost=0.00..27.51 rows=1108 width=0)
	              Index Cond: ((id >= 8516345) AND (id <= 8517344))

for: count_ranges
table 1 : explain SELECT count(c) FROM sbtest1 WHERE id BETWEEN 5573368 AND 5574367
	Aggregate  (cost=4002.34..4002.35 rows=1 width=8)
	  ->  Bitmap Heap Scan on sbtest1  (cost=23.06..3999.75 rows=1037 width=121)
	        Recheck Cond: ((id >= 5573368) AND (id <= 5574367))
	        ->  Bitmap Index Scan on sbtest1_pkey  (cost=0.00..22.80 rows=1037 width=0)
	              Index Cond: ((id >= 5573368) AND (id <= 5574367))

table 2 : explain SELECT count(c) FROM sbtest2 WHERE id BETWEEN 1024519 AND 1025518
	Aggregate  (cost=3617.62..3617.63 rows=1 width=8)
	  ->  Bitmap Heap Scan on sbtest2  (cost=22.02..3615.28 rows=935 width=121)
	        Recheck Cond: ((id >= 1024519) AND (id <= 1025518))
	        ->  Bitmap Index Scan on sbtest2_pkey  (cost=0.00..21.79 rows=935 width=0)
	              Index Cond: ((id >= 1024519) AND (id <= 1025518))

table 3 : explain SELECT count(c) FROM sbtest3 WHERE id BETWEEN 1184912 AND 1185911
	Aggregate  (cost=3817.64..3817.65 rows=1 width=8)
	  ->  Bitmap Heap Scan on sbtest3  (cost=22.56..3815.17 rows=988 width=121)
	        Recheck Cond: ((id >= 1184912) AND (id <= 1185911))
	        ->  Bitmap Index Scan on sbtest3_pkey  (cost=0.00..22.32 rows=988 width=0)
	              Index Cond: ((id >= 1184912) AND (id <= 1185911))

table 4 : explain SELECT count(c) FROM sbtest4 WHERE id BETWEEN 1462817 AND 1463816
	Aggregate  (cost=3885.43..3885.44 rows=1 width=8)
	  ->  Bitmap Heap Scan on sbtest4  (cost=22.75..3882.91 rows=1006 width=121)
	        Recheck Cond: ((id >= 1462817) AND (id <= 1463816))
	        ->  Bitmap Index Scan on sbtest4_pkey  (cost=0.00..22.50 rows=1006 width=0)
	              Index Cond: ((id >= 1462817) AND (id <= 1463816))

table 5 : explain SELECT count(c) FROM sbtest5 WHERE id BETWEEN 4119409 AND 4120408
	Aggregate  (cost=3920.71..3920.72 rows=1 width=8)
	  ->  Bitmap Heap Scan on sbtest5  (cost=22.84..3918.18 rows=1015 width=121)
	        Recheck Cond: ((id >= 4119409) AND (id <= 4120408))
	        ->  Bitmap Index Scan on sbtest5_pkey  (cost=0.00..22.58 rows=1015 width=0)
	              Index Cond: ((id >= 4119409) AND (id <= 4120408))

table 6 : explain SELECT count(c) FROM sbtest6 WHERE id BETWEEN 3843281 AND 3844280
	Aggregate  (cost=3889.64..3889.65 rows=1 width=8)
	  ->  Bitmap Heap Scan on sbtest6  (cost=22.76..3887.13 rows=1007 width=121)
	        Recheck Cond: ((id >= 3843281) AND (id <= 3844280))
	        ->  Bitmap Index Scan on sbtest6_pkey  (cost=0.00..22.50 rows=1007 width=0)
	              Index Cond: ((id >= 3843281) AND (id <= 3844280))

table 7 : explain SELECT count(c) FROM sbtest7 WHERE id BETWEEN 817394 AND 818393
	Aggregate  (cost=4109.17..4109.18 rows=1 width=8)
	  ->  Bitmap Heap Scan on sbtest7  (cost=23.35..4106.51 rows=1065 width=121)
	        Recheck Cond: ((id >= 817394) AND (id <= 818393))
	        ->  Bitmap Index Scan on sbtest7_pkey  (cost=0.00..23.08 rows=1065 width=0)
	              Index Cond: ((id >= 817394) AND (id <= 818393))

table 8 : explain SELECT count(c) FROM sbtest8 WHERE id BETWEEN 1305264 AND 1306263
	Aggregate  (cost=3815.26..3815.27 rows=1 width=8)
	  ->  Bitmap Heap Scan on sbtest8  (cost=22.55..3812.80 rows=987 width=121)
	        Recheck Cond: ((id >= 1305264) AND (id <= 1306263))
	        ->  Bitmap Index Scan on sbtest8_pkey  (cost=0.00..22.30 rows=987 width=0)
	              Index Cond: ((id >= 1305264) AND (id <= 1306263))

for: count_ranges
table 1 : explain SELECT count(c) FROM sbtest1 WHERE id BETWEEN 1667293 AND 1668292
	Aggregate  (cost=3776.33..3776.34 rows=1 width=8)
	  ->  Bitmap Heap Scan on sbtest1  (cost=22.45..3773.89 rows=977 width=121)
	        Recheck Cond: ((id >= 1667293) AND (id <= 1668292))
	        ->  Bitmap Index Scan on sbtest1_pkey  (cost=0.00..22.20 rows=977 width=0)
	              Index Cond: ((id >= 1667293) AND (id <= 1668292))

table 2 : explain SELECT count(c) FROM sbtest2 WHERE id BETWEEN 6727003 AND 6728002
	Aggregate  (cost=3674.25..3674.26 rows=1 width=8)
	  ->  Bitmap Heap Scan on sbtest2  (cost=22.17..3671.87 rows=950 width=121)
	        Recheck Cond: ((id >= 6727003) AND (id <= 6728002))
	        ->  Bitmap Index Scan on sbtest2_pkey  (cost=0.00..21.93 rows=950 width=0)
	              Index Cond: ((id >= 6727003) AND (id <= 6728002))

table 3 : explain SELECT count(c) FROM sbtest3 WHERE id BETWEEN 6337130 AND 6338129
	Aggregate  (cost=3930.65..3930.66 rows=1 width=8)
	  ->  Bitmap Heap Scan on sbtest3  (cost=22.87..3928.11 rows=1018 width=121)
	        Recheck Cond: ((id >= 6337130) AND (id <= 6338129))
	        ->  Bitmap Index Scan on sbtest3_pkey  (cost=0.00..22.61 rows=1018 width=0)
	              Index Cond: ((id >= 6337130) AND (id <= 6338129))

table 4 : explain SELECT count(c) FROM sbtest4 WHERE id BETWEEN 5497416 AND 5498415
	Aggregate  (cost=3602.56..3602.57 rows=1 width=8)
	  ->  Bitmap Heap Scan on sbtest4  (cost=21.98..3600.23 rows=931 width=121)
	        Recheck Cond: ((id >= 5497416) AND (id <= 5498415))
	        ->  Bitmap Index Scan on sbtest4_pkey  (cost=0.00..21.75 rows=931 width=0)
	              Index Cond: ((id >= 5497416) AND (id <= 5498415))

table 5 : explain SELECT count(c) FROM sbtest5 WHERE id BETWEEN 3330389 AND 3331388
	Aggregate  (cost=4345.92..4345.93 rows=1 width=8)
	  ->  Bitmap Heap Scan on sbtest5  (cost=28.00..4343.10 rows=1128 width=121)
	        Recheck Cond: ((id >= 3330389) AND (id <= 3331388))
	        ->  Bitmap Index Scan on sbtest5_pkey  (cost=0.00..27.71 rows=1128 width=0)
	              Index Cond: ((id >= 3330389) AND (id <= 3331388))

table 6 : explain SELECT count(c) FROM sbtest6 WHERE id BETWEEN 5780444 AND 5781443
	Aggregate  (cost=3893.41..3893.42 rows=1 width=8)
	  ->  Bitmap Heap Scan on sbtest6  (cost=22.77..3890.89 rows=1008 width=121)
	        Recheck Cond: ((id >= 5780444) AND (id <= 5781443))
	        ->  Bitmap Index Scan on sbtest6_pkey  (cost=0.00..22.51 rows=1008 width=0)
	              Index Cond: ((id >= 5780444) AND (id <= 5781443))

table 7 : explain SELECT count(c) FROM sbtest7 WHERE id BETWEEN 9686629 AND 9687628
	Aggregate  (cost=4372.45..4372.46 rows=1 width=8)
	  ->  Bitmap Heap Scan on sbtest7  (cost=28.07..4369.61 rows=1135 width=121)
	        Recheck Cond: ((id >= 9686629) AND (id <= 9687628))
	        ->  Bitmap Index Scan on sbtest7_pkey  (cost=0.00..27.79 rows=1135 width=0)
	              Index Cond: ((id >= 9686629) AND (id <= 9687628))

table 8 : explain SELECT count(c) FROM sbtest8 WHERE id BETWEEN 7069961 AND 7070960
	Aggregate  (cost=3871.82..3871.83 rows=1 width=8)
	  ->  Bitmap Heap Scan on sbtest8  (cost=22.71..3869.31 rows=1002 width=121)
	        Recheck Cond: ((id >= 7069961) AND (id <= 7070960))
	        ->  Bitmap Index Scan on sbtest8_pkey  (cost=0.00..22.45 rows=1002 width=0)
	              Index Cond: ((id >= 7069961) AND (id <= 7070960))

for: count_ranges
table 1 : explain SELECT count(c) FROM sbtest1 WHERE id BETWEEN 4941878 AND 4942877
	Aggregate  (cost=3776.33..3776.34 rows=1 width=8)
	  ->  Bitmap Heap Scan on sbtest1  (cost=22.45..3773.89 rows=977 width=121)
	        Recheck Cond: ((id >= 4941878) AND (id <= 4942877))
	        ->  Bitmap Index Scan on sbtest1_pkey  (cost=0.00..22.20 rows=977 width=0)
	              Index Cond: ((id >= 4941878) AND (id <= 4942877))

table 2 : explain SELECT count(c) FROM sbtest2 WHERE id BETWEEN 4567101 AND 4568100
	Aggregate  (cost=3670.47..3670.48 rows=1 width=8)
	  ->  Bitmap Heap Scan on sbtest2  (cost=22.16..3668.10 rows=949 width=121)
	        Recheck Cond: ((id >= 4567101) AND (id <= 4568100))
	        ->  Bitmap Index Scan on sbtest2_pkey  (cost=0.00..21.93 rows=949 width=0)
	              Index Cond: ((id >= 4567101) AND (id <= 4568100))

table 3 : explain SELECT count(c) FROM sbtest3 WHERE id BETWEEN 746960 AND 747959
	Aggregate  (cost=3764.86..3764.87 rows=1 width=8)
	  ->  Bitmap Heap Scan on sbtest3  (cost=22.42..3762.42 rows=974 width=121)
	        Recheck Cond: ((id >= 746960) AND (id <= 747959))
	        ->  Bitmap Index Scan on sbtest3_pkey  (cost=0.00..22.18 rows=974 width=0)
	              Index Cond: ((id >= 746960) AND (id <= 747959))

table 4 : explain SELECT count(c) FROM sbtest4 WHERE id BETWEEN 6673210 AND 6674209
	Aggregate  (cost=3689.38..3689.39 rows=1 width=8)
	  ->  Bitmap Heap Scan on sbtest4  (cost=22.21..3687.00 rows=954 width=121)
	        Recheck Cond: ((id >= 6673210) AND (id <= 6674209))
	        ->  Bitmap Index Scan on sbtest4_pkey  (cost=0.00..21.97 rows=954 width=0)
	              Index Cond: ((id >= 6673210) AND (id <= 6674209))

table 5 : explain SELECT count(c) FROM sbtest5 WHERE id BETWEEN 1100806 AND 1101805
	Aggregate  (cost=4240.74..4240.75 rows=1 width=8)
	  ->  Bitmap Heap Scan on sbtest5  (cost=27.70..4237.99 rows=1099 width=121)
	        Recheck Cond: ((id >= 1100806) AND (id <= 1101805))
	        ->  Bitmap Index Scan on sbtest5_pkey  (cost=0.00..27.43 rows=1099 width=0)
	              Index Cond: ((id >= 1100806) AND (id <= 1101805))

table 6 : explain SELECT count(c) FROM sbtest6 WHERE id BETWEEN 7169221 AND 7170220
	Aggregate  (cost=3893.41..3893.42 rows=1 width=8)
	  ->  Bitmap Heap Scan on sbtest6  (cost=22.77..3890.89 rows=1008 width=121)
	        Recheck Cond: ((id >= 7169221) AND (id <= 7170220))
	        ->  Bitmap Index Scan on sbtest6_pkey  (cost=0.00..22.51 rows=1008 width=0)
	              Index Cond: ((id >= 7169221) AND (id <= 7170220))

table 7 : explain SELECT count(c) FROM sbtest7 WHERE id BETWEEN 7027686 AND 7028685
	Aggregate  (cost=3755.02..3755.03 rows=1 width=8)
	  ->  Bitmap Heap Scan on sbtest7  (cost=22.39..3752.60 rows=971 width=121)
	        Recheck Cond: ((id >= 7027686) AND (id <= 7028685))
	        ->  Bitmap Index Scan on sbtest7_pkey  (cost=0.00..22.14 rows=971 width=0)
	              Index Cond: ((id >= 7027686) AND (id <= 7028685))

table 8 : explain SELECT count(c) FROM sbtest8 WHERE id BETWEEN 1611743 AND 1612742
	Aggregate  (cost=3822.81..3822.82 rows=1 width=8)
	  ->  Bitmap Heap Scan on sbtest8  (cost=22.57..3820.33 rows=989 width=121)
	        Recheck Cond: ((id >= 1611743) AND (id <= 1612742))
	        ->  Bitmap Index Scan on sbtest8_pkey  (cost=0.00..22.32 rows=989 width=0)
	              Index Cond: ((id >= 1611743) AND (id <= 1612742))

for: count_ranges
table 1 : explain SELECT count(c) FROM sbtest1 WHERE id BETWEEN 4520253 AND 4521252
	Aggregate  (cost=3689.57..3689.58 rows=1 width=8)
	  ->  Bitmap Heap Scan on sbtest1  (cost=22.21..3687.19 rows=954 width=121)
	        Recheck Cond: ((id >= 4520253) AND (id <= 4521252))
	        ->  Bitmap Index Scan on sbtest1_pkey  (cost=0.00..21.97 rows=954 width=0)
	              Index Cond: ((id >= 4520253) AND (id <= 4521252))

table 2 : explain SELECT count(c) FROM sbtest2 WHERE id BETWEEN 3898326 AND 3899325
	Aggregate  (cost=3945.63..3945.64 rows=1 width=8)
	  ->  Bitmap Heap Scan on sbtest2  (cost=22.91..3943.07 rows=1022 width=121)
	        Recheck Cond: ((id >= 3898326) AND (id <= 3899325))
	        ->  Bitmap Index Scan on sbtest2_pkey  (cost=0.00..22.65 rows=1022 width=0)
	              Index Cond: ((id >= 3898326) AND (id <= 3899325))

table 3 : explain SELECT count(c) FROM sbtest3 WHERE id BETWEEN 1492404 AND 1493403
	Aggregate  (cost=4032.26..4032.27 rows=1 width=8)
	  ->  Bitmap Heap Scan on sbtest3  (cost=23.15..4029.65 rows=1045 width=121)
	        Recheck Cond: ((id >= 1492404) AND (id <= 1493403))
	        ->  Bitmap Index Scan on sbtest3_pkey  (cost=0.00..22.89 rows=1045 width=0)
	              Index Cond: ((id >= 1492404) AND (id <= 1493403))

table 4 : explain SELECT count(c) FROM sbtest4 WHERE id BETWEEN 5740631 AND 5741630
	Aggregate  (cost=3994.61..3994.62 rows=1 width=8)
	  ->  Bitmap Heap Scan on sbtest4  (cost=23.04..3992.02 rows=1035 width=121)
	        Recheck Cond: ((id >= 5740631) AND (id <= 5741630))
	        ->  Bitmap Index Scan on sbtest4_pkey  (cost=0.00..22.79 rows=1035 width=0)
	              Index Cond: ((id >= 5740631) AND (id <= 5741630))

table 5 : explain SELECT count(c) FROM sbtest5 WHERE id BETWEEN 3490554 AND 3491553
	Aggregate  (cost=3849.11..3849.12 rows=1 width=8)
	  ->  Bitmap Heap Scan on sbtest5  (cost=22.64..3846.62 rows=996 width=121)
	        Recheck Cond: ((id >= 3490554) AND (id <= 3491553))
	        ->  Bitmap Index Scan on sbtest5_pkey  (cost=0.00..22.39 rows=996 width=0)
	              Index Cond: ((id >= 3490554) AND (id <= 3491553))

table 6 : explain SELECT count(c) FROM sbtest6 WHERE id BETWEEN 1214315 AND 1215314
	Aggregate  (cost=3360.93..3360.94 rows=1 width=8)
	  ->  Bitmap Heap Scan on sbtest6  (cost=21.32..3358.77 rows=867 width=121)
	        Recheck Cond: ((id >= 1214315) AND (id <= 1215314))
	        ->  Bitmap Index Scan on sbtest6_pkey  (cost=0.00..21.11 rows=867 width=0)
	              Index Cond: ((id >= 1214315) AND (id <= 1215314))

table 7 : explain SELECT count(c) FROM sbtest7 WHERE id BETWEEN 6775011 AND 6776010
	Aggregate  (cost=3834.24..3834.25 rows=1 width=8)
	  ->  Bitmap Heap Scan on sbtest7  (cost=22.60..3831.76 rows=992 width=121)
	        Recheck Cond: ((id >= 6775011) AND (id <= 6776010))
	        ->  Bitmap Index Scan on sbtest7_pkey  (cost=0.00..22.36 rows=992 width=0)
	              Index Cond: ((id >= 6775011) AND (id <= 6776010))

table 8 : explain SELECT count(c) FROM sbtest8 WHERE id BETWEEN 6295350 AND 6296349
	Aggregate  (cost=3671.86..3671.87 rows=1 width=8)
	  ->  Bitmap Heap Scan on sbtest8  (cost=22.16..3669.49 rows=949 width=121)
	        Recheck Cond: ((id >= 6295350) AND (id <= 6296349))
	        ->  Bitmap Index Scan on sbtest8_pkey  (cost=0.00..21.93 rows=949 width=0)
	              Index Cond: ((id >= 6295350) AND (id <= 6296349))

for: count_ranges
table 1 : explain SELECT count(c) FROM sbtest1 WHERE id BETWEEN 337256 AND 338255
	Aggregate  (cost=3765.02..3765.03 rows=1 width=8)
	  ->  Bitmap Heap Scan on sbtest1  (cost=22.42..3762.58 rows=974 width=121)
	        Recheck Cond: ((id >= 337256) AND (id <= 338255))
	        ->  Bitmap Index Scan on sbtest1_pkey  (cost=0.00..22.18 rows=974 width=0)
	              Index Cond: ((id >= 337256) AND (id <= 338255))

table 2 : explain SELECT count(c) FROM sbtest2 WHERE id BETWEEN 9592388 AND 9593387
	Aggregate  (cost=3979.51..3979.52 rows=1 width=8)
	  ->  Bitmap Heap Scan on sbtest2  (cost=23.00..3976.93 rows=1031 width=121)
	        Recheck Cond: ((id >= 9592388) AND (id <= 9593387))
	        ->  Bitmap Index Scan on sbtest2_pkey  (cost=0.00..22.75 rows=1031 width=0)
	              Index Cond: ((id >= 9592388) AND (id <= 9593387))

table 3 : explain SELECT count(c) FROM sbtest3 WHERE id BETWEEN 1693773 AND 1694772
	Aggregate  (cost=3990.88..3990.89 rows=1 width=8)
	  ->  Bitmap Heap Scan on sbtest3  (cost=23.03..3988.29 rows=1034 width=121)
	        Recheck Cond: ((id >= 1693773) AND (id <= 1694772))
	        ->  Bitmap Index Scan on sbtest3_pkey  (cost=0.00..22.77 rows=1034 width=0)
	              Index Cond: ((id >= 1693773) AND (id <= 1694772))

table 4 : explain SELECT count(c) FROM sbtest4 WHERE id BETWEEN 6953976 AND 6954975
	Aggregate  (cost=4216.64..4216.65 rows=1 width=8)
	  ->  Bitmap Heap Scan on sbtest4  (cost=27.64..4213.91 rows=1093 width=121)
	        Recheck Cond: ((id >= 6953976) AND (id <= 6954975))
	        ->  Bitmap Index Scan on sbtest4_pkey  (cost=0.00..27.36 rows=1093 width=0)
	              Index Cond: ((id >= 6953976) AND (id <= 6954975))

table 5 : explain SELECT count(c) FROM sbtest5 WHERE id BETWEEN 1878571 AND 1879570
	Aggregate  (cost=3999.80..3999.81 rows=1 width=8)
	  ->  Bitmap Heap Scan on sbtest5  (cost=23.05..3997.21 rows=1036 width=121)
	        Recheck Cond: ((id >= 1878571) AND (id <= 1879570))
	        ->  Bitmap Index Scan on sbtest5_pkey  (cost=0.00..22.79 rows=1036 width=0)
	              Index Cond: ((id >= 1878571) AND (id <= 1879570))

table 6 : explain SELECT count(c) FROM sbtest6 WHERE id BETWEEN 1967687 AND 1968686
	Aggregate  (cost=3757.71..3757.72 rows=1 width=8)
	  ->  Bitmap Heap Scan on sbtest6  (cost=22.40..3755.28 rows=972 width=121)
	        Recheck Cond: ((id >= 1967687) AND (id <= 1968686))
	        ->  Bitmap Index Scan on sbtest6_pkey  (cost=0.00..22.15 rows=972 width=0)
	              Index Cond: ((id >= 1967687) AND (id <= 1968686))

table 7 : explain SELECT count(c) FROM sbtest7 WHERE id BETWEEN 4544367 AND 4545366
	Aggregate  (cost=3573.74..3573.75 rows=1 width=8)
	  ->  Bitmap Heap Scan on sbtest7  (cost=21.90..3571.43 rows=923 width=121)
	        Recheck Cond: ((id >= 4544367) AND (id <= 4545366))
	        ->  Bitmap Index Scan on sbtest7_pkey  (cost=0.00..21.66 rows=923 width=0)
	              Index Cond: ((id >= 4544367) AND (id <= 4545366))

table 8 : explain SELECT count(c) FROM sbtest8 WHERE id BETWEEN 5370949 AND 5371948
	Aggregate  (cost=3751.13..3751.14 rows=1 width=8)
	  ->  Bitmap Heap Scan on sbtest8  (cost=22.38..3748.71 rows=970 width=121)
	        Recheck Cond: ((id >= 5370949) AND (id <= 5371948))
	        ->  Bitmap Index Scan on sbtest8_pkey  (cost=0.00..22.14 rows=970 width=0)
	              Index Cond: ((id >= 5370949) AND (id <= 5371948))

for: count_ranges
table 1 : explain SELECT count(c) FROM sbtest1 WHERE id BETWEEN 237585 AND 238584
	Aggregate  (cost=3863.03..3863.04 rows=1 width=8)
	  ->  Bitmap Heap Scan on sbtest1  (cost=22.68..3860.53 rows=1000 width=121)
	        Recheck Cond: ((id >= 237585) AND (id <= 238584))
	        ->  Bitmap Index Scan on sbtest1_pkey  (cost=0.00..22.43 rows=1000 width=0)
	              Index Cond: ((id >= 237585) AND (id <= 238584))

table 2 : explain SELECT count(c) FROM sbtest2 WHERE id BETWEEN 3588787 AND 3589786
	Aggregate  (cost=3851.48..3851.49 rows=1 width=8)
	  ->  Bitmap Heap Scan on sbtest2  (cost=22.65..3848.98 rows=997 width=121)
	        Recheck Cond: ((id >= 3588787) AND (id <= 3589786))
	        ->  Bitmap Index Scan on sbtest2_pkey  (cost=0.00..22.40 rows=997 width=0)
	              Index Cond: ((id >= 3588787) AND (id <= 3589786))

table 3 : explain SELECT count(c) FROM sbtest3 WHERE id BETWEEN 5492047 AND 5493046
	Aggregate  (cost=3734.69..3734.70 rows=1 width=8)
	  ->  Bitmap Heap Scan on sbtest3  (cost=22.34..3732.27 rows=966 width=121)
	        Recheck Cond: ((id >= 5492047) AND (id <= 5493046))
	        ->  Bitmap Index Scan on sbtest3_pkey  (cost=0.00..22.09 rows=966 width=0)
	              Index Cond: ((id >= 5492047) AND (id <= 5493046))

table 4 : explain SELECT count(c) FROM sbtest4 WHERE id BETWEEN 3321392 AND 3322391
	Aggregate  (cost=3432.47..3432.48 rows=1 width=8)
	  ->  Bitmap Heap Scan on sbtest4  (cost=21.52..3430.26 rows=886 width=121)
	        Recheck Cond: ((id >= 3321392) AND (id <= 3322391))
	        ->  Bitmap Index Scan on sbtest4_pkey  (cost=0.00..21.29 rows=886 width=0)
	              Index Cond: ((id >= 3321392) AND (id <= 3322391))

table 5 : explain SELECT count(c) FROM sbtest5 WHERE id BETWEEN 8131511 AND 8132510
	Aggregate  (cost=4342.16..4342.17 rows=1 width=8)
	  ->  Bitmap Heap Scan on sbtest5  (cost=27.99..4339.35 rows=1127 width=121)
	        Recheck Cond: ((id >= 8131511) AND (id <= 8132510))
	        ->  Bitmap Index Scan on sbtest5_pkey  (cost=0.00..27.70 rows=1127 width=0)
	              Index Cond: ((id >= 8131511) AND (id <= 8132510))

table 6 : explain SELECT count(c) FROM sbtest6 WHERE id BETWEEN 4109162 AND 4110161
	Aggregate  (cost=3799.19..3799.20 rows=1 width=8)
	  ->  Bitmap Heap Scan on sbtest6  (cost=22.51..3796.74 rows=983 width=121)
	        Recheck Cond: ((id >= 4109162) AND (id <= 4110161))
	        ->  Bitmap Index Scan on sbtest6_pkey  (cost=0.00..22.26 rows=983 width=0)
	              Index Cond: ((id >= 4109162) AND (id <= 4110161))

table 7 : explain SELECT count(c) FROM sbtest7 WHERE id BETWEEN 9906692 AND 9907691
	Aggregate  (cost=3841.78..3841.79 rows=1 width=8)
	  ->  Bitmap Heap Scan on sbtest7  (cost=22.62..3839.30 rows=994 width=121)
	        Recheck Cond: ((id >= 9906692) AND (id <= 9907691))
	        ->  Bitmap Index Scan on sbtest7_pkey  (cost=0.00..22.37 rows=994 width=0)
	              Index Cond: ((id >= 9906692) AND (id <= 9907691))

table 8 : explain SELECT count(c) FROM sbtest8 WHERE id BETWEEN 2219988 AND 2220987
	Aggregate  (cost=4003.67..4003.68 rows=1 width=8)
	  ->  Bitmap Heap Scan on sbtest8  (cost=23.06..4001.08 rows=1037 width=121)
	        Recheck Cond: ((id >= 2219988) AND (id <= 2220987))
	        ->  Bitmap Index Scan on sbtest8_pkey  (cost=0.00..22.80 rows=1037 width=0)
	              Index Cond: ((id >= 2219988) AND (id <= 2220987))

for: count_ranges
table 1 : explain SELECT count(c) FROM sbtest1 WHERE id BETWEEN 8294975 AND 8295974
	Aggregate  (cost=3878.10..3878.11 rows=1 width=8)
	  ->  Bitmap Heap Scan on sbtest1  (cost=22.73..3875.59 rows=1004 width=121)
	        Recheck Cond: ((id >= 8294975) AND (id <= 8295974))
	        ->  Bitmap Index Scan on sbtest1_pkey  (cost=0.00..22.47 rows=1004 width=0)
	              Index Cond: ((id >= 8294975) AND (id <= 8295974))

table 2 : explain SELECT count(c) FROM sbtest2 WHERE id BETWEEN 3833649 AND 3834648
	Aggregate  (cost=3576.08..3576.09 rows=1 width=8)
	  ->  Bitmap Heap Scan on sbtest2  (cost=21.91..3573.77 rows=924 width=121)
	        Recheck Cond: ((id >= 3833649) AND (id <= 3834648))
	        ->  Bitmap Index Scan on sbtest2_pkey  (cost=0.00..21.68 rows=924 width=0)
	              Index Cond: ((id >= 3833649) AND (id <= 3834648))

table 3 : explain SELECT count(c) FROM sbtest3 WHERE id BETWEEN 516393 AND 517392
	Aggregate  (cost=3629.02..3629.03 rows=1 width=8)
	  ->  Bitmap Heap Scan on sbtest3  (cost=22.05..3626.67 rows=938 width=121)
	        Recheck Cond: ((id >= 516393) AND (id <= 517392))
	        ->  Bitmap Index Scan on sbtest3_pkey  (cost=0.00..21.82 rows=938 width=0)
	              Index Cond: ((id >= 516393) AND (id <= 517392))

table 4 : explain SELECT count(c) FROM sbtest4 WHERE id BETWEEN 5240114 AND 5241113
	Aggregate  (cost=3828.91..3828.92 rows=1 width=8)
	  ->  Bitmap Heap Scan on sbtest4  (cost=22.59..3826.43 rows=991 width=121)
	        Recheck Cond: ((id >= 5240114) AND (id <= 5241113))
	        ->  Bitmap Index Scan on sbtest4_pkey  (cost=0.00..22.34 rows=991 width=0)
	              Index Cond: ((id >= 5240114) AND (id <= 5241113))

table 5 : explain SELECT count(c) FROM sbtest5 WHERE id BETWEEN 8234695 AND 8235694
	Aggregate  (cost=3916.95..3916.96 rows=1 width=8)
	  ->  Bitmap Heap Scan on sbtest5  (cost=22.83..3914.41 rows=1014 width=121)
	        Recheck Cond: ((id >= 8234695) AND (id <= 8235694))
	        ->  Bitmap Index Scan on sbtest5_pkey  (cost=0.00..22.57 rows=1014 width=0)
	              Index Cond: ((id >= 8234695) AND (id <= 8235694))

table 6 : explain SELECT count(c) FROM sbtest6 WHERE id BETWEEN 8958133 AND 8959132
	Aggregate  (cost=3753.94..3753.95 rows=1 width=8)
	  ->  Bitmap Heap Scan on sbtest6  (cost=22.39..3751.51 rows=971 width=121)
	        Recheck Cond: ((id >= 8958133) AND (id <= 8959132))
	        ->  Bitmap Index Scan on sbtest6_pkey  (cost=0.00..22.14 rows=971 width=0)
	              Index Cond: ((id >= 8958133) AND (id <= 8959132))

table 7 : explain SELECT count(c) FROM sbtest7 WHERE id BETWEEN 3214206 AND 3215205
	Aggregate  (cost=3566.18..3566.19 rows=1 width=8)
	  ->  Bitmap Heap Scan on sbtest7  (cost=21.88..3563.88 rows=921 width=121)
	        Recheck Cond: ((id >= 3214206) AND (id <= 3215205))
	        ->  Bitmap Index Scan on sbtest7_pkey  (cost=0.00..21.64 rows=921 width=0)
	              Index Cond: ((id >= 3214206) AND (id <= 3215205))

table 8 : explain SELECT count(c) FROM sbtest8 WHERE id BETWEEN 8316286 AND 8317285
	Aggregate  (cost=3819.03..3819.04 rows=1 width=8)
	  ->  Bitmap Heap Scan on sbtest8  (cost=22.56..3816.56 rows=988 width=121)
	        Recheck Cond: ((id >= 8316286) AND (id <= 8317285))
	        ->  Bitmap Index Scan on sbtest8_pkey  (cost=0.00..22.32 rows=988 width=0)
	              Index Cond: ((id >= 8316286) AND (id <= 8317285))

for: count_ranges
table 1 : explain SELECT count(c) FROM sbtest1 WHERE id BETWEEN 2446145 AND 2447144
	Aggregate  (cost=3863.03..3863.04 rows=1 width=8)
	  ->  Bitmap Heap Scan on sbtest1  (cost=22.68..3860.53 rows=1000 width=121)
	        Recheck Cond: ((id >= 2446145) AND (id <= 2447144))
	        ->  Bitmap Index Scan on sbtest1_pkey  (cost=0.00..22.43 rows=1000 width=0)
	              Index Cond: ((id >= 2446145) AND (id <= 2447144))

table 2 : explain SELECT count(c) FROM sbtest2 WHERE id BETWEEN 3407863 AND 3408862
	Aggregate  (cost=4073.55..4073.56 rows=1 width=8)
	  ->  Bitmap Heap Scan on sbtest2  (cost=23.26..4070.91 rows=1056 width=121)
	        Recheck Cond: ((id >= 3407863) AND (id <= 3408862))
	        ->  Bitmap Index Scan on sbtest2_pkey  (cost=0.00..23.00 rows=1056 width=0)
	              Index Cond: ((id >= 3407863) AND (id <= 3408862))

table 3 : explain SELECT count(c) FROM sbtest3 WHERE id BETWEEN 9096450 AND 9097449
	Aggregate  (cost=3934.42..3934.43 rows=1 width=8)
	  ->  Bitmap Heap Scan on sbtest3  (cost=22.88..3931.87 rows=1019 width=121)
	        Recheck Cond: ((id >= 9096450) AND (id <= 9097449))
	        ->  Bitmap Index Scan on sbtest3_pkey  (cost=0.00..22.62 rows=1019 width=0)
	              Index Cond: ((id >= 9096450) AND (id <= 9097449))

table 4 : explain SELECT count(c) FROM sbtest4 WHERE id BETWEEN 7933460 AND 7934459
	Aggregate  (cost=3477.85..3477.86 rows=1 width=8)
	  ->  Bitmap Heap Scan on sbtest4  (cost=21.64..3475.61 rows=898 width=121)
	        Recheck Cond: ((id >= 7933460) AND (id <= 7934459))
	        ->  Bitmap Index Scan on sbtest4_pkey  (cost=0.00..21.41 rows=898 width=0)
	              Index Cond: ((id >= 7933460) AND (id <= 7934459))

table 5 : explain SELECT count(c) FROM sbtest5 WHERE id BETWEEN 3220133 AND 3221132
	Aggregate  (cost=3883.03..3883.04 rows=1 width=8)
	  ->  Bitmap Heap Scan on sbtest5  (cost=22.74..3880.52 rows=1005 width=121)
	        Recheck Cond: ((id >= 3220133) AND (id <= 3221132))
	        ->  Bitmap Index Scan on sbtest5_pkey  (cost=0.00..22.48 rows=1005 width=0)
	              Index Cond: ((id >= 3220133) AND (id <= 3221132))

table 6 : explain SELECT count(c) FROM sbtest6 WHERE id BETWEEN 1839541 AND 1840540
	Aggregate  (cost=4224.66..4224.67 rows=1 width=8)
	  ->  Bitmap Heap Scan on sbtest6  (cost=27.66..4221.93 rows=1095 width=121)
	        Recheck Cond: ((id >= 1839541) AND (id <= 1840540))
	        ->  Bitmap Index Scan on sbtest6_pkey  (cost=0.00..27.39 rows=1095 width=0)
	              Index Cond: ((id >= 1839541) AND (id <= 1840540))

table 7 : explain SELECT count(c) FROM sbtest7 WHERE id BETWEEN 5954071 AND 5955070
	Aggregate  (cost=4112.93..4112.94 rows=1 width=8)
	  ->  Bitmap Heap Scan on sbtest7  (cost=23.36..4110.27 rows=1066 width=121)
	        Recheck Cond: ((id >= 5954071) AND (id <= 5955070))
	        ->  Bitmap Index Scan on sbtest7_pkey  (cost=0.00..23.09 rows=1066 width=0)
	              Index Cond: ((id >= 5954071) AND (id <= 5955070))

table 8 : explain SELECT count(c) FROM sbtest8 WHERE id BETWEEN 3867180 AND 3868179
	Aggregate  (cost=4161.92..4161.93 rows=1 width=8)
	  ->  Bitmap Heap Scan on sbtest8  (cost=27.48..4159.23 rows=1078 width=121)
	        Recheck Cond: ((id >= 3867180) AND (id <= 3868179))
	        ->  Bitmap Index Scan on sbtest8_pkey  (cost=0.00..27.21 rows=1078 width=0)
	              Index Cond: ((id >= 3867180) AND (id <= 3868179))

Threads started!

Warming up for 5 seconds...

SQL statistics:
    queries performed:
        read:                            17905202
        write:                           0
        other:                           0
        total:                           17905202
    transactions:                        17905212 (28425.69 per sec.)
    queries:                             17905202 (28425.67 per sec.)
    ignored errors:                      0      (0.00 per sec.)
    reconnects:                          0      (0.00 per sec.)

Throughput:
    events/s (eps):                      28425.6885
    time elapsed:                        630.0063s
    total number of events:              17905212

Latency (ms):
         min:                                    0.10
         avg:                                    1.39
         max:                                11933.32
         95th percentile:                        1.50
         sum:                             24972661.52

Threads fairness:
    events (avg/stddev):           447629.2250/947.70
    execution time (avg/stddev):   624.3165/4.67

