LUA_PATH=/home/mdcallag/git/mytools/bench/sysbench.lua/lua/?.lua /home/mdcallag/git/mytools/bench/sysbench.lua/lua/sysbench --db-driver=pgsql --range-size=10 --table-size=10000000 --tables=8 --threads=40 --events=0 --warmup-time=5 --time=630 --pgsql_conn_id=true /home/mdcallag/git/mytools/bench/sysbench.lua/lua/oltp_read_only.lua run --pgsql-user=root --pgsql-password=pw --pgsql-host=127.0.0.1 --pgsql-db=ib --rand-type=uniform
48 CPUs
sysbench 1.1.0-9072687 (using bundled LuaJIT 2.1.0-beta3)

Running the test with following options:
Number of threads: 40
Warmup time: 5s
Initializing random number generator from current time


Initializing worker threads...

explain: for point_selects :: explain SELECT c FROM sbtest%u WHERE id=%u
explain: for point_selects :: explain SELECT c FROM sbtest%u WHERE id=%u
explain: for point_selects :: explain SELECT c FROM sbtest%u WHERE id=%u
explain: for point_selects :: explain SELECT c FROM sbtest%u WHERE id=%u
explain: for point_selects :: explain SELECT c FROM sbtest%u WHERE id=%uexplain: for point_selects :: explain SELECT c FROM sbtest%u WHERE id=%u

explain: for point_selects :: explain SELECT c FROM sbtest%u WHERE id=%u
explain: for point_selects :: explain SELECT c FROM sbtest%u WHERE id=%u
explain: for point_selects :: explain SELECT c FROM sbtest%u WHERE id=%u
explain: for point_selects :: explain SELECT c FROM sbtest%u WHERE id=%u
explain: for point_selects :: explain SELECT c FROM sbtest%u WHERE id=%u
explain: for point_selects :: explain SELECT c FROM sbtest%u WHERE id=%u
explain: for point_selects :: explain SELECT c FROM sbtest%u WHERE id=%u
explain: for point_selects :: explain SELECT c FROM sbtest%u WHERE id=%u
explain: for point_selects :: explain SELECT c FROM sbtest%u WHERE id=%u
explain: for point_selects :: explain SELECT c FROM sbtest%u WHERE id=%u
explain: for point_selects :: explain SELECT c FROM sbtest%u WHERE id=%u
explain: for point_selects :: explain SELECT c FROM sbtest%u WHERE id=%u
explain: for point_selects :: explain SELECT c FROM sbtest%u WHERE id=%u
explain: for point_selects :: explain SELECT c FROM sbtest%u WHERE id=%u
explain: for point_selects :: explain SELECT c FROM sbtest%u WHERE id=%u
for point_selects
table 1 : explain SELECT c FROM sbtest1 WHERE id=5659792
	Index Scan using sbtest1_pkey on sbtest1  (cost=0.43..8.45 rows=1 width=121)
	  Index Cond: (id = 5659792)

table 2 : explain SELECT c FROM sbtest2 WHERE id=4154279
	Index Scan using sbtest2_pkey on sbtest2  (cost=0.43..8.45 rows=1 width=121)
	  Index Cond: (id = 4154279)

table 3 : explain SELECT c FROM sbtest3 WHERE id=2336465
	Index Scan using sbtest3_pkey on sbtest3  (cost=0.43..8.45 rows=1 width=121)
	  Index Cond: (id = 2336465)

table 4 : explain SELECT c FROM sbtest4 WHERE id=5220308
	Index Scan using sbtest4_pkey on sbtest4  (cost=0.43..8.45 rows=1 width=121)
	  Index Cond: (id = 5220308)

table 5 : explain SELECT c FROM sbtest5 WHERE id=7807912
	Index Scan using sbtest5_pkey on sbtest5  (cost=0.43..8.45 rows=1 width=121)
	  Index Cond: (id = 7807912)

table 6 : explain SELECT c FROM sbtest6 WHERE id=2503072
	Index Scan using sbtest6_pkey on sbtest6  (cost=0.43..8.45 rows=1 width=121)
	  Index Cond: (id = 2503072)

table 7 : explain SELECT c FROM sbtest7 WHERE id=6004393
	Index Scan using sbtest7_pkey on sbtest7  (cost=0.43..8.45 rows=1 width=121)
	  Index Cond: (id = 6004393)

table 8 : explain SELECT c FROM sbtest8 WHERE id=983527
	Index Scan using sbtest8_pkey on sbtest8  (cost=0.43..8.45 rows=1 width=121)
	  Index Cond: (id = 983527)

for point_selects
table 1 : explain SELECT c FROM sbtest1 WHERE id=1885177
	Index Scan using sbtest1_pkey on sbtest1  (cost=0.43..8.45 rows=1 width=121)
	  Index Cond: (id = 1885177)

table 2 : explain SELECT c FROM sbtest2 WHERE id=5313806
	Index Scan using sbtest2_pkey on sbtest2  (cost=0.43..8.45 rows=1 width=121)
	  Index Cond: (id = 5313806)

table 3 : explain SELECT c FROM sbtest3 WHERE id=234011
	Index Scan using sbtest3_pkey on sbtest3  (cost=0.43..8.45 rows=1 width=121)
	  Index Cond: (id = 234011)

table 4 : explain SELECT c FROM sbtest4 WHERE id=8504534
	Index Scan using sbtest4_pkey on sbtest4  (cost=0.43..8.45 rows=1 width=121)
	  Index Cond: (id = 8504534)

table 5 : explain SELECT c FROM sbtest5 WHERE id=8897582
	Index Scan using sbtest5_pkey on sbtest5  (cost=0.43..8.45 rows=1 width=121)
	  Index Cond: (id = 8897582)

table 6 : explain SELECT c FROM sbtest6 WHERE id=2596940
	Index Scan using sbtest6_pkey on sbtest6  (cost=0.43..8.45 rows=1 width=121)
	  Index Cond: (id = 2596940)

table 7 : explain SELECT c FROM sbtest7 WHERE id=6728588
	Index Scan using sbtest7_pkey on sbtest7  (cost=0.43..8.45 rows=1 width=121)
	  Index Cond: (id = 6728588)

table 8 : explain SELECT c FROM sbtest8 WHERE id=8019629
	Index Scan using sbtest8_pkey on sbtest8  (cost=0.43..8.45 rows=1 width=121)
	  Index Cond: (id = 8019629)

explain: for point_selects :: explain SELECT c FROM sbtest%u WHERE id=%u
explain: for point_selects :: explain SELECT c FROM sbtest%u WHERE id=%u
explain: for point_selects :: explain SELECT c FROM sbtest%u WHERE id=%u
explain: for point_selects :: explain SELECT c FROM sbtest%u WHERE id=%u
explain: for point_selects :: explain SELECT c FROM sbtest%u WHERE id=%u
explain: for point_selects :: explain SELECT c FROM sbtest%u WHERE id=%u
explain: for point_selects :: explain SELECT c FROM sbtest%u WHERE id=%u
explain: for point_selects :: explain SELECT c FROM sbtest%u WHERE id=%u
for point_selects
table 1 : explain SELECT c FROM sbtest1 WHERE id=3406753
	Index Scan using sbtest1_pkey on sbtest1  (cost=0.43..8.45 rows=1 width=121)
	  Index Cond: (id = 3406753)

table 2 : explain SELECT c FROM sbtest2 WHERE id=5643165
	Index Scan using sbtest2_pkey on sbtest2  (cost=0.43..8.45 rows=1 width=121)
	  Index Cond: (id = 5643165)

table 3 : explain SELECT c FROM sbtest3 WHERE id=9498845
	Index Scan using sbtest3_pkey on sbtest3  (cost=0.43..8.45 rows=1 width=121)
	  Index Cond: (id = 9498845)

table 4 : explain SELECT c FROM sbtest4 WHERE id=7313212
	Index Scan using sbtest4_pkey on sbtest4  (cost=0.43..8.45 rows=1 width=121)
	  Index Cond: (id = 7313212)

table 5 : explain SELECT c FROM sbtest5 WHERE id=1419674
	Index Scan using sbtest5_pkey on sbtest5  (cost=0.43..8.45 rows=1 width=121)
	  Index Cond: (id = 1419674)

table 6 : explain SELECT c FROM sbtest6 WHERE id=8436927
	Index Scan using sbtest6_pkey on sbtest6  (cost=0.43..8.45 rows=1 width=121)
	  Index Cond: (id = 8436927)

table 7 : explain SELECT c FROM sbtest7 WHERE id=7991690
	Index Scan using sbtest7_pkey on sbtest7  (cost=0.43..8.45 rows=1 width=121)
	  Index Cond: (id = 7991690)

table 8 : explain SELECT c FROM sbtest8 WHERE id=2573210
	Index Scan using sbtest8_pkey on sbtest8  (cost=0.43..8.45 rows=1 width=121)
	  Index Cond: (id = 2573210)

for point_selects
table 1 : explain SELECT c FROM sbtest1 WHERE id=9381015
	Index Scan using sbtest1_pkey on sbtest1  (cost=0.43..8.45 rows=1 width=121)
	  Index Cond: (id = 9381015)

table 2 : explain SELECT c FROM sbtest2 WHERE id=6215385
	Index Scan using sbtest2_pkey on sbtest2  (cost=0.43..8.45 rows=1 width=121)
	  Index Cond: (id = 6215385)

table 3 : explain SELECT c FROM sbtest3 WHERE id=1080527
	Index Scan using sbtest3_pkey on sbtest3  (cost=0.43..8.45 rows=1 width=121)
	  Index Cond: (id = 1080527)

table 4 : explain SELECT c FROM sbtest4 WHERE id=773275
	Index Scan using sbtest4_pkey on sbtest4  (cost=0.43..8.45 rows=1 width=121)
	  Index Cond: (id = 773275)

table 5 : explain SELECT c FROM sbtest5 WHERE id=9731319
	Index Scan using sbtest5_pkey on sbtest5  (cost=0.43..8.45 rows=1 width=121)
	  Index Cond: (id = 9731319)

table 6 : explain SELECT c FROM sbtest6 WHERE id=7625145
	Index Scan using sbtest6_pkey on sbtest6  (cost=0.43..8.45 rows=1 width=121)
	  Index Cond: (id = 7625145)

table 7 : explain SELECT c FROM sbtest7 WHERE id=4894092
	Index Scan using sbtest7_pkey on sbtest7  (cost=0.43..8.45 rows=1 width=121)
	  Index Cond: (id = 4894092)

table 8 : explain SELECT c FROM sbtest8 WHERE id=3246312
	Index Scan using sbtest8_pkey on sbtest8  (cost=0.43..8.45 rows=1 width=121)
	  Index Cond: (id = 3246312)
for point_selects
table 1 : explain SELECT c FROM sbtest1 WHERE id=5378673
	Index Scan using sbtest1_pkey on sbtest1  (cost=0.43..8.45 rows=1 width=121)
	  Index Cond: (id = 5378673)

table 2 : explain SELECT c FROM sbtest2 WHERE id=9551502
	Index Scan using sbtest2_pkey on sbtest2  (cost=0.43..8.45 rows=1 width=121)
	  Index Cond: (id = 9551502)

table 3 : explain SELECT c FROM sbtest3 WHERE id=9094540
	Index Scan using sbtest3_pkey on sbtest3  (cost=0.43..8.45 rows=1 width=121)
	  Index Cond: (id = 9094540)

table 4 : explain SELECT c FROM sbtest4 WHERE id=8503411
	Index Scan using sbtest4_pkey on sbtest4  (cost=0.43..8.45 rows=1 width=121)
	  Index Cond: (id = 8503411)

table 5 : explain SELECT c FROM sbtest5 WHERE id=5527099
	Index Scan using sbtest5_pkey on sbtest5  (cost=0.43..8.45 rows=1 width=121)
	  Index Cond: (id = 5527099)

table 6 : explain SELECT c FROM sbtest6 WHERE id=8399781
	Index Scan using sbtest6_pkey on sbtest6  (cost=0.43..8.45 rows=1 width=121)
	  Index Cond: (id = 8399781)

table 7 : explain SELECT c FROM sbtest7 WHERE id=3529421
	Index Scan using sbtest7_pkey on sbtest7  (cost=0.43..8.45 rows=1 width=121)
	  Index Cond: (id = 3529421)

table 8 : explain SELECT c FROM sbtest8 WHERE id=778489
	Index Scan using sbtest8_pkey on sbtest8  (cost=0.43..8.45 rows=1 width=121)
	  Index Cond: (id = 778489)

for point_selects
table 1 : explain SELECT c FROM sbtest1 WHERE id=1675814
	Index Scan using sbtest1_pkey on sbtest1  (cost=0.43..8.45 rows=1 width=121)
	  Index Cond: (id = 1675814)

table 2 : explain SELECT c FROM sbtest2 WHERE id=5388699
	Index Scan using sbtest2_pkey on sbtest2  (cost=0.43..8.45 rows=1 width=121)
	  Index Cond: (id = 5388699)

table 3 : explain SELECT c FROM sbtest3 WHERE id=3651993
	Index Scan using sbtest3_pkey on sbtest3  (cost=0.43..8.45 rows=1 width=121)
	  Index Cond: (id = 3651993)

table 4 : explain SELECT c FROM sbtest4 WHERE id=5092148
	Index Scan using sbtest4_pkey on sbtest4  (cost=0.43..8.45 rows=1 width=121)
	  Index Cond: (id = 5092148)

table 5 : explain SELECT c FROM sbtest5 WHERE id=2197607
	Index Scan using sbtest5_pkey on sbtest5  (cost=0.43..8.45 rows=1 width=121)
	  Index Cond: (id = 2197607)

table 6 : explain SELECT c FROM sbtest6 WHERE id=9846334
	Index Scan using sbtest6_pkey on sbtest6  (cost=0.43..8.45 rows=1 width=121)
	  Index Cond: (id = 9846334)

table 7 : explain SELECT c FROM sbtest7 WHERE id=2649125
	Index Scan using sbtest7_pkey on sbtest7  (cost=0.43..8.45 rows=1 width=121)
	  Index Cond: (id = 2649125)

table 8 : explain SELECT c FROM sbtest8 WHERE id=4665781
	Index Scan using sbtest8_pkey on sbtest8  (cost=0.43..8.45 rows=1 width=121)
	  Index Cond: (id = 4665781)

for point_selects
table 1 : explain SELECT c FROM sbtest1 WHERE id=6503844
	Index Scan using sbtest1_pkey on sbtest1  (cost=0.43..8.45 rows=1 width=121)
	  Index Cond: (id = 6503844)

table 2 : explain SELECT c FROM sbtest2 WHERE id=5722142
	Index Scan using sbtest2_pkey on sbtest2  (cost=0.43..8.45 rows=1 width=121)
	  Index Cond: (id = 5722142)

table 3 : explain SELECT c FROM sbtest3 WHERE id=4015994
	Index Scan using sbtest3_pkey on sbtest3  (cost=0.43..8.45 rows=1 width=121)
	  Index Cond: (id = 4015994)

table 4 : explain SELECT c FROM sbtest4 WHERE id=7688855
	Index Scan using sbtest4_pkey on sbtest4  (cost=0.43..8.45 rows=1 width=121)
	  Index Cond: (id = 7688855)

table 5 : explain SELECT c FROM sbtest5 WHERE id=3045534
	Index Scan using sbtest5_pkey on sbtest5  (cost=0.43..8.45 rows=1 width=121)
	  Index Cond: (id = 3045534)

table 6 : explain SELECT c FROM sbtest6 WHERE id=3053974
	Index Scan using sbtest6_pkey on sbtest6  (cost=0.43..8.45 rows=1 width=121)
	  Index Cond: (id = 3053974)

table 7 : explain SELECT c FROM sbtest7 WHERE id=2804579
	Index Scan using sbtest7_pkey on sbtest7  (cost=0.43..8.45 rows=1 width=121)
	  Index Cond: (id = 2804579)

table 8 : explain SELECT c FROM sbtest8 WHERE id=2314985
	Index Scan using sbtest8_pkey on sbtest8  (cost=0.43..8.45 rows=1 width=121)
	  Index Cond: (id = 2314985)


for point_selects
table 1 : explain SELECT c FROM sbtest1 WHERE id=6984309
	Index Scan using sbtest1_pkey on sbtest1  (cost=0.43..8.45 rows=1 width=121)
	  Index Cond: (id = 6984309)

table 2 : explain SELECT c FROM sbtest2 WHERE id=4992720
	Index Scan using sbtest2_pkey on sbtest2  (cost=0.43..8.45 rows=1 width=121)
	  Index Cond: (id = 4992720)

table 3 : explain SELECT c FROM sbtest3 WHERE id=3774895
	Index Scan using sbtest3_pkey on sbtest3  (cost=0.43..8.45 rows=1 width=121)
	  Index Cond: (id = 3774895)

table 4 : explain SELECT c FROM sbtest4 WHERE id=6232678
	Index Scan using sbtest4_pkey on sbtest4  (cost=0.43..8.45 rows=1 width=121)
	  Index Cond: (id = 6232678)

table 5 : explain SELECT c FROM sbtest5 WHERE id=1427374
	Index Scan using sbtest5_pkey on sbtest5  (cost=0.43..8.45 rows=1 width=121)
	  Index Cond: (id = 1427374)

table 6 : explain SELECT c FROM sbtest6 WHERE id=9405564
	Index Scan using sbtest6_pkey on sbtest6  (cost=0.43..8.45 rows=1 width=121)
	  Index Cond: (id = 9405564)

table 7 : explain SELECT c FROM sbtest7 WHERE id=3311408
	Index Scan using sbtest7_pkey on sbtest7  (cost=0.43..8.45 rows=1 width=121)
	  Index Cond: (id = 3311408)

table 8 : explain SELECT c FROM sbtest8 WHERE id=6547705
	Index Scan using sbtest8_pkey on sbtest8  (cost=0.43..8.45 rows=1 width=121)
	  Index Cond: (id = 6547705)

for point_selects
table 1 : explain SELECT c FROM sbtest1 WHERE id=3662037
	Index Scan using sbtest1_pkey on sbtest1  (cost=0.43..8.45 rows=1 width=121)
	  Index Cond: (id = 3662037)

table 2 : explain SELECT c FROM sbtest2 WHERE id=9824376
	Index Scan using sbtest2_pkey on sbtest2  (cost=0.43..8.45 rows=1 width=121)
	  Index Cond: (id = 9824376)

table 3 : explain SELECT c FROM sbtest3 WHERE id=8701264
	Index Scan using sbtest3_pkey on sbtest3  (cost=0.43..8.45 rows=1 width=121)
	  Index Cond: (id = 8701264)

table 4 : explain SELECT c FROM sbtest4 WHERE id=2804684
	Index Scan using sbtest4_pkey on sbtest4  (cost=0.43..8.45 rows=1 width=121)
	  Index Cond: (id = 2804684)

table 5 : explain SELECT c FROM sbtest5 WHERE id=2695599
	Index Scan using sbtest5_pkey on sbtest5  (cost=0.43..8.45 rows=1 width=121)
	  Index Cond: (id = 2695599)

table 6 : explain SELECT c FROM sbtest6 WHERE id=7023664
	Index Scan using sbtest6_pkey on sbtest6  (cost=0.43..8.45 rows=1 width=121)
	  Index Cond: (id = 7023664)

table 7 : explain SELECT c FROM sbtest7 WHERE id=7218837
	Index Scan using sbtest7_pkey on sbtest7  (cost=0.43..8.45 rows=1 width=121)
	  Index Cond: (id = 7218837)

table 8 : explain SELECT c FROM sbtest8 WHERE id=3693170
	Index Scan using sbtest8_pkey on sbtest8  (cost=0.43..8.45 rows=1 width=121)
	  Index Cond: (id = 3693170)

for point_selects
table 1 : explain SELECT c FROM sbtest1 WHERE id=9090231
	Index Scan using sbtest1_pkey on sbtest1  (cost=0.43..8.45 rows=1 width=121)
	  Index Cond: (id = 9090231)

table 2 : explain SELECT c FROM sbtest2 WHERE id=4915142
	Index Scan using sbtest2_pkey on sbtest2  (cost=0.43..8.45 rows=1 width=121)
	  Index Cond: (id = 4915142)

table 3 : explain SELECT c FROM sbtest3 WHERE id=7028790
	Index Scan using sbtest3_pkey on sbtest3  (cost=0.43..8.45 rows=1 width=121)
	  Index Cond: (id = 7028790)

table 4 : explain SELECT c FROM sbtest4 WHERE id=7365683
	Index Scan using sbtest4_pkey on sbtest4  (cost=0.43..8.45 rows=1 width=121)
	  Index Cond: (id = 7365683)

table 5 : explain SELECT c FROM sbtest5 WHERE id=7163703
	Index Scan using sbtest5_pkey on sbtest5  (cost=0.43..8.45 rows=1 width=121)
	  Index Cond: (id = 7163703)

table 6 : explain SELECT c FROM sbtest6 WHERE id=2035951
	Index Scan using sbtest6_pkey on sbtest6  (cost=0.43..8.45 rows=1 width=121)
	  Index Cond: (id = 2035951)

table 7 : explain SELECT c FROM sbtest7 WHERE id=7220546
	Index Scan using sbtest7_pkey on sbtest7  (cost=0.43..8.45 rows=1 width=121)
	  Index Cond: (id = 7220546)

table 8 : explain SELECT c FROM sbtest8 WHERE id=185633
	Index Scan using sbtest8_pkey on sbtest8  (cost=0.43..8.45 rows=1 width=121)
	  Index Cond: (id = 185633)

for point_selects
table 1 : explain SELECT c FROM sbtest1 WHERE id=3963757
	Index Scan using sbtest1_pkey on sbtest1  (cost=0.43..8.45 rows=1 width=121)
	  Index Cond: (id = 3963757)

table 2 : explain SELECT c FROM sbtest2 WHERE id=570698
	Index Scan using sbtest2_pkey on sbtest2  (cost=0.43..8.45 rows=1 width=121)
	  Index Cond: (id = 570698)

table 3 : explain SELECT c FROM sbtest3 WHERE id=4562988
	Index Scan using sbtest3_pkey on sbtest3  (cost=0.43..8.45 rows=1 width=121)
	  Index Cond: (id = 4562988)

table 4 : explain SELECT c FROM sbtest4 WHERE id=7007893
	Index Scan using sbtest4_pkey on sbtest4  (cost=0.43..8.45 rows=1 width=121)
	  Index Cond: (id = 7007893)

table 5 : explain SELECT c FROM sbtest5 WHERE id=9720780
	Index Scan using sbtest5_pkey on sbtest5  (cost=0.43..8.45 rows=1 width=121)
	  Index Cond: (id = 9720780)

table 6 : explain SELECT c FROM sbtest6 WHERE id=362941
	Index Scan using sbtest6_pkey on sbtest6  (cost=0.43..8.45 rows=1 width=121)
	  Index Cond: (id = 362941)

table 7 : explain SELECT c FROM sbtest7 WHERE id=1336574
	Index Scan using sbtest7_pkey on sbtest7  (cost=0.43..8.45 rows=1 width=121)
	  Index Cond: (id = 1336574)

table 8 : explain SELECT c FROM sbtest8 WHERE id=756048
	Index Scan using sbtest8_pkey on sbtest8  (cost=0.43..8.45 rows=1 width=121)
	  Index Cond: (id = 756048)

for point_selects
table 1 : explain SELECT c FROM sbtest1 WHERE id=3727241
	Index Scan using sbtest1_pkey on sbtest1  (cost=0.43..8.45 rows=1 width=121)
	  Index Cond: (id = 3727241)

table 2 : explain SELECT c FROM sbtest2 WHERE id=482273
	Index Scan using sbtest2_pkey on sbtest2  (cost=0.43..8.45 rows=1 width=121)
	  Index Cond: (id = 482273)

table 3 : explain SELECT c FROM sbtest3 WHERE id=5855006
	Index Scan using sbtest3_pkey on sbtest3  (cost=0.43..8.45 rows=1 width=121)
	  Index Cond: (id = 5855006)

table 4 : explain SELECT c FROM sbtest4 WHERE id=9582344
	Index Scan using sbtest4_pkey on sbtest4  (cost=0.43..8.45 rows=1 width=121)
	  Index Cond: (id = 9582344)

table 5 : explain SELECT c FROM sbtest5 WHERE id=1313313
	Index Scan using sbtest5_pkey on sbtest5  (cost=0.43..8.45 rows=1 width=121)
	  Index Cond: (id = 1313313)

table 6 : explain SELECT c FROM sbtest6 WHERE id=4128803
	Index Scan using sbtest6_pkey on sbtest6  (cost=0.43..8.45 rows=1 width=121)
	  Index Cond: (id = 4128803)

table 7 : explain SELECT c FROM sbtest7 WHERE id=5592078
	Index Scan using sbtest7_pkey on sbtest7  (cost=0.43..8.45 rows=1 width=121)
	  Index Cond: (id = 5592078)

table 8 : explain SELECT c FROM sbtest8 WHERE id=5509990
	Index Scan using sbtest8_pkey on sbtest8  (cost=0.43..8.45 rows=1 width=121)
	  Index Cond: (id = 5509990)

for: simple_ranges
table 1 : explain SELECT c FROM sbtest1 WHERE id BETWEEN 83458 AND 83467
	Index Scan using sbtest1_pkey on sbtest1  (cost=0.43..44.07 rows=10 width=121)
	  Index Cond: ((id >= 83458) AND (id <= 83467))

table 2 : explain SELECT c FROM sbtest2 WHERE id BETWEEN 3987087 AND 3987096
	Index Scan using sbtest2_pkey on sbtest2  (cost=0.43..48.01 rows=11 width=121)
	  Index Cond: ((id >= 3987087) AND (id <= 3987096))

table 3 : explain SELECT c FROM sbtest3 WHERE id BETWEEN 3350769 AND 3350778
	Index Scan using sbtest3_pkey on sbtest3  (cost=0.43..44.07 rows=10 width=121)
	  Index Cond: ((id >= 3350769) AND (id <= 3350778))

table 4 : explain SELECT c FROM sbtest4 WHERE id BETWEEN 8400115 AND 8400124
	Index Scan using sbtest4_pkey on sbtest4  (cost=0.43..44.03 rows=10 width=121)
	  Index Cond: ((id >= 8400115) AND (id <= 8400124))

table 5 : explain SELECT c FROM sbtest5 WHERE id BETWEEN 6944851 AND 6944860
	Index Scan using sbtest5_pkey on sbtest5  (cost=0.43..43.90 rows=10 width=121)
	  Index Cond: ((id >= 6944851) AND (id <= 6944860))

table 6 : explain SELECT c FROM sbtest6 WHERE id BETWEEN 104992 AND 105001
	Index Scan using sbtest6_pkey on sbtest6  (cost=0.43..44.00 rows=10 width=121)
	  Index Cond: ((id >= 104992) AND (id <= 105001))

table 7 : explain SELECT c FROM sbtest7 WHERE id BETWEEN 8775151 AND 8775160
	Index Scan using sbtest7_pkey on sbtest7  (cost=0.43..44.08 rows=10 width=121)
	  Index Cond: ((id >= 8775151) AND (id <= 8775160))

table 8 : explain SELECT c FROM sbtest8 WHERE id BETWEEN 7727599 AND 7727608
	Index Scan using sbtest8_pkey on sbtest8  (cost=0.43..47.89 rows=11 width=121)
	  Index Cond: ((id >= 7727599) AND (id <= 7727608))

explain: for point_selects :: explain SELECT c FROM sbtest%u WHERE id=%ufor point_selects
table 1 : explain SELECT c FROM sbtest1 WHERE id=9969480
	Index Scan using sbtest1_pkey on sbtest1  (cost=0.43..8.45 rows=1 width=121)
	  Index Cond: (id = 9969480)

table 2 : explain SELECT c FROM sbtest2 WHERE id=4310680
	Index Scan using sbtest2_pkey on sbtest2  (cost=0.43..8.45 rows=1 width=121)
	  Index Cond: (id = 4310680)

table 3 : explain SELECT c FROM sbtest3 WHERE id=4206414
	Index Scan using sbtest3_pkey on sbtest3  (cost=0.43..8.45 rows=1 width=121)
	  Index Cond: (id = 4206414)

table 4 : explain SELECT c FROM sbtest4 WHERE id=4894102
	Index Scan using sbtest4_pkey on sbtest4  (cost=0.43..8.45 rows=1 width=121)
	  Index Cond: (id = 4894102)

table 5 : explain SELECT c FROM sbtest5 WHERE id=8671709
	Index Scan using sbtest5_pkey on sbtest5  (cost=0.43..8.45 rows=1 width=121)
	  Index Cond: (id = 8671709)

table 6 : explain SELECT c FROM sbtest6 WHERE id=5667144
	Index Scan using sbtest6_pkey on sbtest6  (cost=0.43..8.45 rows=1 width=121)
	  Index Cond: (id = 5667144)

table 7 : explain SELECT c FROM sbtest7 WHERE id=5916640
	Index Scan using sbtest7_pkey on sbtest7  (cost=0.43..8.45 rows=1 width=121)
	  Index Cond: (id = 5916640)

table 8 : explain SELECT c FROM sbtest8 WHERE id=1175536
	Index Scan using sbtest8_pkey on sbtest8  (cost=0.43..8.45 rows=1 width=121)
	  Index Cond: (id = 1175536)

explain: for point_selects :: explain SELECT c FROM sbtest%u WHERE id=%u
for: simple_ranges
table 1 : explain SELECT c FROM sbtest1 WHERE id BETWEEN 8816923 AND 8816932
	Index Scan using sbtest1_pkey on sbtest1  (cost=0.43..44.07 rows=10 width=121)
	  Index Cond: ((id >= 8816923) AND (id <= 8816932))

table 2 : explain SELECT c FROM sbtest2 WHERE id BETWEEN 7499076 AND 7499085
	Index Scan using sbtest2_pkey on sbtest2  (cost=0.43..44.05 rows=10 width=121)
	  Index Cond: ((id >= 7499076) AND (id <= 7499085))

table 3 : explain SELECT c FROM sbtest3 WHERE id BETWEEN 495970 AND 495979
	Index Scan using sbtest3_pkey on sbtest3  (cost=0.43..40.11 rows=9 width=121)
	  Index Cond: ((id >= 495970) AND (id <= 495979))

table 4 : explain SELECT c FROM sbtest4 WHERE id BETWEEN 1662929 AND 1662938
	Index Scan using sbtest4_pkey on sbtest4  (cost=0.43..44.03 rows=10 width=121)
	  Index Cond: ((id >= 1662929) AND (id <= 1662938))

table 5 : explain SELECT c FROM sbtest5 WHERE id BETWEEN 9136351 AND 9136360
	Index Scan using sbtest5_pkey on sbtest5  (cost=0.43..39.96 rows=9 width=121)
	  Index Cond: ((id >= 9136351) AND (id <= 9136360))

table 6 : explain SELECT c FROM sbtest6 WHERE id BETWEEN 834677 AND 834686
	Index Scan using sbtest6_pkey on sbtest6  (cost=0.43..40.05 rows=9 width=121)
	  Index Cond: ((id >= 834677) AND (id <= 834686))

table 7 : explain SELECT c FROM sbtest7 WHERE id BETWEEN 7577091 AND 7577100
	Index Scan using sbtest7_pkey on sbtest7  (cost=0.43..44.08 rows=10 width=121)
	  Index Cond: ((id >= 7577091) AND (id <= 7577100))

table 8 : explain SELECT c FROM sbtest8 WHERE id BETWEEN 3930256 AND 3930265
	Index Scan using sbtest8_pkey on sbtest8  (cost=0.43..40.00 rows=9 width=121)
	  Index Cond: ((id >= 3930256) AND (id <= 3930265))

for point_selects
table 1 : explain SELECT c FROM sbtest1 WHERE id=818334
	Index Scan using sbtest1_pkey on sbtest1  (cost=0.43..8.45 rows=1 width=121)
	  Index Cond: (id = 818334)

table 2 : explain SELECT c FROM sbtest2 WHERE id=924885
	Index Scan using sbtest2_pkey on sbtest2  (cost=0.43..8.45 rows=1 width=121)
	  Index Cond: (id = 924885)

table 3 : explain SELECT c FROM sbtest3 WHERE id=6634012
	Index Scan using sbtest3_pkey on sbtest3  (cost=0.43..8.45 rows=1 width=121)
	  Index Cond: (id = 6634012)

table 4 : explain SELECT c FROM sbtest4 WHERE id=745700
	Index Scan using sbtest4_pkey on sbtest4  (cost=0.43..8.45 rows=1 width=121)
	  Index Cond: (id = 745700)

table 5 : explain SELECT c FROM sbtest5 WHERE id=3066626
	Index Scan using sbtest5_pkey on sbtest5  (cost=0.43..8.45 rows=1 width=121)
	  Index Cond: (id = 3066626)

table 6 : explain SELECT c FROM sbtest6 WHERE id=2510244
	Index Scan using sbtest6_pkey on sbtest6  (cost=0.43..8.45 rows=1 width=121)
	  Index Cond: (id = 2510244)

table 7 : explain SELECT c FROM sbtest7 WHERE id=4146501
	Index Scan using sbtest7_pkey on sbtest7  (cost=0.43..8.45 rows=1 width=121)
	  Index Cond: (id = 4146501)

table 8 : explain SELECT c FROM sbtest8 WHERE id=8003475
	Index Scan using sbtest8_pkey on sbtest8  (cost=0.43..8.45 rows=1 width=121)
	  Index Cond: (id = 8003475)

for point_selects
table 1 : explain SELECT c FROM sbtest1 WHERE id=5884187
	Index Scan using sbtest1_pkey on sbtest1  (cost=0.43..8.45 rows=1 width=121)
	  Index Cond: (id = 5884187)

table 2 : explain SELECT c FROM sbtest2 WHERE id=4662838
	Index Scan using sbtest2_pkey on sbtest2  (cost=0.43..8.45 rows=1 width=121)
	  Index Cond: (id = 4662838)

table 3 : explain SELECT c FROM sbtest3 WHERE id=1269069
	Index Scan using sbtest3_pkey on sbtest3  (cost=0.43..8.45 rows=1 width=121)
	  Index Cond: (id = 1269069)

table 4 : explain SELECT c FROM sbtest4 WHERE id=1917550
	Index Scan using sbtest4_pkey on sbtest4  (cost=0.43..8.45 rows=1 width=121)
	  Index Cond: (id = 1917550)

table 5 : explain SELECT c FROM sbtest5 WHERE id=5601079
	Index Scan using sbtest5_pkey on sbtest5  (cost=0.43..8.45 rows=1 width=121)
	  Index Cond: (id = 5601079)

table 6 : explain SELECT c FROM sbtest6 WHERE id=621001
	Index Scan using sbtest6_pkey on sbtest6  (cost=0.43..8.45 rows=1 width=121)
	  Index Cond: (id = 621001)

table 7 : explain SELECT c FROM sbtest7 WHERE id=5069159
	Index Scan using sbtest7_pkey on sbtest7  (cost=0.43..8.45 rows=1 width=121)
	  Index Cond: (id = 5069159)

table 8 : explain SELECT c FROM sbtest8 WHERE id=2403352
	Index Scan using sbtest8_pkey on sbtest8  (cost=0.43..8.45 rows=1 width=121)
	  Index Cond: (id = 2403352)

for point_selects
table 1 : explain SELECT c FROM sbtest1 WHERE id=1551592
	Index Scan using sbtest1_pkey on sbtest1  (cost=0.43..8.45 rows=1 width=121)
	  Index Cond: (id = 1551592)

table 2 : explain SELECT c FROM sbtest2 WHERE id=9116187
	Index Scan using sbtest2_pkey on sbtest2  (cost=0.43..8.45 rows=1 width=121)
	  Index Cond: (id = 9116187)

table 3 : explain SELECT c FROM sbtest3 WHERE id=2249479
	Index Scan using sbtest3_pkey on sbtest3  (cost=0.43..8.45 rows=1 width=121)
	  Index Cond: (id = 2249479)

table 4 : explain SELECT c FROM sbtest4 WHERE id=3257227
	Index Scan using sbtest4_pkey on sbtest4  (cost=0.43..8.45 rows=1 width=121)
	  Index Cond: (id = 3257227)

table 5 : explain SELECT c FROM sbtest5 WHERE id=8887091
	Index Scan using sbtest5_pkey on sbtest5  (cost=0.43..8.45 rows=1 width=121)
	  Index Cond: (id = 8887091)

table 6 : explain SELECT c FROM sbtest6 WHERE id=9221657
	Index Scan using sbtest6_pkey on sbtest6  (cost=0.43..8.45 rows=1 width=121)
	  Index Cond: (id = 9221657)

table 7 : explain SELECT c FROM sbtest7 WHERE id=2555812
	Index Scan using sbtest7_pkey on sbtest7  (cost=0.43..8.45 rows=1 width=121)
	  Index Cond: (id = 2555812)

table 8 : explain SELECT c FROM sbtest8 WHERE id=2923750
	Index Scan using sbtest8_pkey on sbtest8  (cost=0.43..8.45 rows=1 width=121)
	  Index Cond: (id = 2923750)

explain: for point_selects :: explain SELECT c FROM sbtest%u WHERE id=%u

explain: for point_selects :: explain SELECT c FROM sbtest%u WHERE id=%u
for point_selects
table 1 : explain SELECT c FROM sbtest1 WHERE id=869024
	Index Scan using sbtest1_pkey on sbtest1  (cost=0.43..8.45 rows=1 width=121)
	  Index Cond: (id = 869024)

table 2 : explain SELECT c FROM sbtest2 WHERE id=6407942
	Index Scan using sbtest2_pkey on sbtest2  (cost=0.43..8.45 rows=1 width=121)
	  Index Cond: (id = 6407942)

table 3 : explain SELECT c FROM sbtest3 WHERE id=571975
	Index Scan using sbtest3_pkey on sbtest3  (cost=0.43..8.45 rows=1 width=121)
	  Index Cond: (id = 571975)

table 4 : explain SELECT c FROM sbtest4 WHERE id=7156072
	Index Scan using sbtest4_pkey on sbtest4  (cost=0.43..8.45 rows=1 width=121)
	  Index Cond: (id = 7156072)

table 5 : explain SELECT c FROM sbtest5 WHERE id=1651546
	Index Scan using sbtest5_pkey on sbtest5  (cost=0.43..8.45 rows=1 width=121)
	  Index Cond: (id = 1651546)

table 6 : explain SELECT c FROM sbtest6 WHERE id=2685409
	Index Scan using sbtest6_pkey on sbtest6  (cost=0.43..8.45 rows=1 width=121)
	  Index Cond: (id = 2685409)

table 7 : explain SELECT c FROM sbtest7 WHERE id=1994953
	Index Scan using sbtest7_pkey on sbtest7  (cost=0.43..8.45 rows=1 width=121)
	  Index Cond: (id = 1994953)

table 8 : explain SELECT c FROM sbtest8 WHERE id=5704265
	Index Scan using sbtest8_pkey on sbtest8  (cost=0.43..8.45 rows=1 width=121)
	  Index Cond: (id = 5704265)

explain: for point_selects :: explain SELECT c FROM sbtest%u WHERE id=%u
explain: for point_selects :: explain SELECT c FROM sbtest%u WHERE id=%u
for point_selects
table 1 : explain SELECT c FROM sbtest1 WHERE id=7984914
	Index Scan using sbtest1_pkey on sbtest1  (cost=0.43..8.45 rows=1 width=121)
	  Index Cond: (id = 7984914)

table 2 : explain SELECT c FROM sbtest2 WHERE id=4720517
	Index Scan using sbtest2_pkey on sbtest2  (cost=0.43..8.45 rows=1 width=121)
	  Index Cond: (id = 4720517)

table 3 : explain SELECT c FROM sbtest3 WHERE id=7070515
	Index Scan using sbtest3_pkey on sbtest3  (cost=0.43..8.45 rows=1 width=121)
	  Index Cond: (id = 7070515)

table 4 : explain SELECT c FROM sbtest4 WHERE id=4393169
	Index Scan using sbtest4_pkey on sbtest4  (cost=0.43..8.45 rows=1 width=121)
	  Index Cond: (id = 4393169)

table 5 : explain SELECT c FROM sbtest5 WHERE id=2072335
	Index Scan using sbtest5_pkey on sbtest5  (cost=0.43..8.45 rows=1 width=121)
	  Index Cond: (id = 2072335)

table 6 : explain SELECT c FROM sbtest6 WHERE id=4985359
	Index Scan using sbtest6_pkey on sbtest6  (cost=0.43..8.45 rows=1 width=121)
	  Index Cond: (id = 4985359)

table 7 : explain SELECT c FROM sbtest7 WHERE id=6938401
	Index Scan using sbtest7_pkey on sbtest7  (cost=0.43..8.45 rows=1 width=121)
	  Index Cond: (id = 6938401)

table 8 : explain SELECT c FROM sbtest8 WHERE id=2303905
	Index Scan using sbtest8_pkey on sbtest8  (cost=0.43..8.45 rows=1 width=121)
	  Index Cond: (id = 2303905)

explain: for point_selects :: explain SELECT c FROM sbtest%u WHERE id=%u
for point_selects
table 1 : explain SELECT c FROM sbtest1 WHERE id=6335265
	Index Scan using sbtest1_pkey on sbtest1  (cost=0.43..8.45 rows=1 width=121)
	  Index Cond: (id = 6335265)

table 2 : explain SELECT c FROM sbtest2 WHERE id=5899784
	Index Scan using sbtest2_pkey on sbtest2  (cost=0.43..8.45 rows=1 width=121)
	  Index Cond: (id = 5899784)

table 3 : explain SELECT c FROM sbtest3 WHERE id=8341707
	Index Scan using sbtest3_pkey on sbtest3  (cost=0.43..8.45 rows=1 width=121)
	  Index Cond: (id = 8341707)

table 4 : explain SELECT c FROM sbtest4 WHERE id=6818521
	Index Scan using sbtest4_pkey on sbtest4  (cost=0.43..8.45 rows=1 width=121)
	  Index Cond: (id = 6818521)

table 5 : explain SELECT c FROM sbtest5 WHERE id=920029
	Index Scan using sbtest5_pkey on sbtest5  (cost=0.43..8.45 rows=1 width=121)
	  Index Cond: (id = 920029)

table 6 : explain SELECT c FROM sbtest6 WHERE id=7615373
	Index Scan using sbtest6_pkey on sbtest6  (cost=0.43..8.45 rows=1 width=121)
	  Index Cond: (id = 7615373)

table 7 : explain SELECT c FROM sbtest7 WHERE id=4700341
	Index Scan using sbtest7_pkey on sbtest7  (cost=0.43..8.45 rows=1 width=121)
	  Index Cond: (id = 4700341)

table 8 : explain SELECT c FROM sbtest8 WHERE id=6367356
	Index Scan using sbtest8_pkey on sbtest8  (cost=0.43..8.45 rows=1 width=121)
	  Index Cond: (id = 6367356)

explain: for point_selects :: explain SELECT c FROM sbtest%u WHERE id=%u
explain: for point_selects :: explain SELECT c FROM sbtest%u WHERE id=%u
for point_selects
table 1 : explain SELECT c FROM sbtest1 WHERE id=9685669
	Index Scan using sbtest1_pkey on sbtest1  (cost=0.43..8.45 rows=1 width=121)
	  Index Cond: (id = 9685669)

table 2 : explain SELECT c FROM sbtest2 WHERE id=9161845
	Index Scan using sbtest2_pkey on sbtest2  (cost=0.43..8.45 rows=1 width=121)
	  Index Cond: (id = 9161845)

table 3 : explain SELECT c FROM sbtest3 WHERE id=7343974
	Index Scan using sbtest3_pkey on sbtest3  (cost=0.43..8.45 rows=1 width=121)
	  Index Cond: (id = 7343974)

table 4 : explain SELECT c FROM sbtest4 WHERE id=3509323
	Index Scan using sbtest4_pkey on sbtest4  (cost=0.43..8.45 rows=1 width=121)
	  Index Cond: (id = 3509323)

table 5 : explain SELECT c FROM sbtest5 WHERE id=3242060
	Index Scan using sbtest5_pkey on sbtest5  (cost=0.43..8.45 rows=1 width=121)
	  Index Cond: (id = 3242060)

table 6 : explain SELECT c FROM sbtest6 WHERE id=3041424
	Index Scan using sbtest6_pkey on sbtest6  (cost=0.43..8.45 rows=1 width=121)
	  Index Cond: (id = 3041424)

table 7 : explain SELECT c FROM sbtest7 WHERE id=3104479
	Index Scan using sbtest7_pkey on sbtest7  (cost=0.43..8.45 rows=1 width=121)
	  Index Cond: (id = 3104479)

table 8 : explain SELECT c FROM sbtest8 WHERE id=8049856
	Index Scan using sbtest8_pkey on sbtest8  (cost=0.43..8.45 rows=1 width=121)
	  Index Cond: (id = 8049856)

for: simple_ranges
table 1 : explain SELECT c FROM sbtest1 WHERE id BETWEEN 2072423 AND 2072432
	Index Scan using sbtest1_pkey on sbtest1  (cost=0.43..44.07 rows=10 width=121)
	  Index Cond: ((id >= 2072423) AND (id <= 2072432))

table 2 : explain SELECT c FROM sbtest2 WHERE id BETWEEN 2876515 AND 2876524
	Index Scan using sbtest2_pkey on sbtest2  (cost=0.43..40.10 rows=9 width=121)
	  Index Cond: ((id >= 2876515) AND (id <= 2876524))

table 3 : explain SELECT c FROM sbtest3 WHERE id BETWEEN 6307113 AND 6307122
	Index Scan using sbtest3_pkey on sbtest3  (cost=0.43..44.07 rows=10 width=121)
	  Index Cond: ((id >= 6307113) AND (id <= 6307122))

table 4 : explain SELECT c FROM sbtest4 WHERE id BETWEEN 5090652 AND 5090661
	Index Scan using sbtest4_pkey on sbtest4  (cost=0.43..47.98 rows=11 width=121)
	  Index Cond: ((id >= 5090652) AND (id <= 5090661))

table 5 : explain SELECT c FROM sbtest5 WHERE id BETWEEN 5032304 AND 5032313
	Index Scan using sbtest5_pkey on sbtest5  (cost=0.43..47.84 rows=11 width=121)
	  Index Cond: ((id >= 5032304) AND (id <= 5032313))

table 6 : explain SELECT c FROM sbtest6 WHERE id BETWEEN 3581962 AND 3581971
	Index Scan using sbtest6_pkey on sbtest6  (cost=0.43..44.00 rows=10 width=121)
	  Index Cond: ((id >= 3581962) AND (id <= 3581971))

table 7 : explain SELECT c FROM sbtest7 WHERE id BETWEEN 7549447 AND 7549456
	Index Scan using sbtest7_pkey on sbtest7  (cost=0.43..44.08 rows=10 width=121)
	  Index Cond: ((id >= 7549447) AND (id <= 7549456))

table 8 : explain SELECT c FROM sbtest8 WHERE id BETWEEN 2993880 AND 2993889
	Index Scan using sbtest8_pkey on sbtest8  (cost=0.43..43.94 rows=10 width=121)
	  Index Cond: ((id >= 2993880) AND (id <= 2993889))

for: simple_ranges
table 1 : explain SELECT c FROM sbtest1 WHERE id BETWEEN 4268861 AND 4268870
	Index Scan using sbtest1_pkey on sbtest1  (cost=0.43..44.07 rows=10 width=121)
	  Index Cond: ((id >= 4268861) AND (id <= 4268870))

table 2 : explain SELECT c FROM sbtest2 WHERE id BETWEEN 1811546 AND 1811555
	Index Scan using sbtest2_pkey on sbtest2  (cost=0.43..40.10 rows=9 width=121)
	  Index Cond: ((id >= 1811546) AND (id <= 1811555))

table 3 : explain SELECT c FROM sbtest3 WHERE id BETWEEN 4385916 AND 4385925
	Index Scan using sbtest3_pkey on sbtest3  (cost=0.43..44.07 rows=10 width=121)
	  Index Cond: ((id >= 4385916) AND (id <= 4385925))

table 4 : explain SELECT c FROM sbtest4 WHERE id BETWEEN 9207704 AND 9207713
	Index Scan using sbtest4_pkey on sbtest4  (cost=0.43..40.08 rows=9 width=121)
	  Index Cond: ((id >= 9207704) AND (id <= 9207713))

table 5 : explain SELECT c FROM sbtest5 WHERE id BETWEEN 2170845 AND 2170854
	Index Scan using sbtest5_pkey on sbtest5  (cost=0.43..43.90 rows=10 width=121)
	  Index Cond: ((id >= 2170845) AND (id <= 2170854))

table 6 : explain SELECT c FROM sbtest6 WHERE id BETWEEN 9578542 AND 9578551
	Index Scan using sbtest6_pkey on sbtest6  (cost=0.43..44.00 rows=10 width=121)
	  Index Cond: ((id >= 9578542) AND (id <= 9578551))

table 7 : explain SELECT c FROM sbtest7 WHERE id BETWEEN 6254793 AND 6254802
	Index Scan using sbtest7_pkey on sbtest7  (cost=0.43..44.08 rows=10 width=121)
	  Index Cond: ((id >= 6254793) AND (id <= 6254802))

table 8 : explain SELECT c FROM sbtest8 WHERE id BETWEEN 1273740 AND 1273749
	Index Scan using sbtest8_pkey on sbtest8  (cost=0.43..43.94 rows=10 width=121)
	  Index Cond: ((id >= 1273740) AND (id <= 1273749))
for: simple_ranges
table 1 : explain SELECT c FROM sbtest1 WHERE id BETWEEN 1752886 AND 1752895
	Index Scan using sbtest1_pkey on sbtest1  (cost=0.43..48.03 rows=11 width=121)
	  Index Cond: ((id >= 1752886) AND (id <= 1752895))

table 2 : explain SELECT c FROM sbtest2 WHERE id BETWEEN 2438991 AND 2439000
	Index Scan using sbtest2_pkey on sbtest2  (cost=0.43..40.10 rows=9 width=121)
	  Index Cond: ((id >= 2438991) AND (id <= 2439000))

table 3 : explain SELECT c FROM sbtest3 WHERE id BETWEEN 4225708 AND 4225717
	Index Scan using sbtest3_pkey on sbtest3  (cost=0.43..44.07 rows=10 width=121)
	  Index Cond: ((id >= 4225708) AND (id <= 4225717))

table 4 : explain SELECT c FROM sbtest4 WHERE id BETWEEN 5303690 AND 5303699
	Index Scan using sbtest4_pkey on sbtest4  (cost=0.43..44.03 rows=10 width=121)
	  Index Cond: ((id >= 5303690) AND (id <= 5303699))

table 5 : explain SELECT c FROM sbtest5 WHERE id BETWEEN 3134579 AND 3134588
	Index Scan using sbtest5_pkey on sbtest5  (cost=0.43..43.90 rows=10 width=121)
	  Index Cond: ((id >= 3134579) AND (id <= 3134588))

table 6 : explain SELECT c FROM sbtest6 WHERE id BETWEEN 5833006 AND 5833015
	Index Scan using sbtest6_pkey on sbtest6  (cost=0.43..44.00 rows=10 width=121)
	  Index Cond: ((id >= 5833006) AND (id <= 5833015))

table 7 : explain SELECT c FROM sbtest7 WHERE id BETWEEN 5089551 AND 5089560
	Index Scan using sbtest7_pkey on sbtest7  (cost=0.43..44.08 rows=10 width=121)
	  Index Cond: ((id >= 5089551) AND (id <= 5089560))

table 8 : explain SELECT c FROM sbtest8 WHERE id BETWEEN 8095561 AND 8095570
	Index Scan using sbtest8_pkey on sbtest8  (cost=0.43..43.94 rows=10 width=121)
	  Index Cond: ((id >= 8095561) AND (id <= 8095570))

explain: for point_selects :: explain SELECT c FROM sbtest%u WHERE id=%u
for point_selects
table 1 : explain SELECT c FROM sbtest1 WHERE id=2316919
	Index Scan using sbtest1_pkey on sbtest1  (cost=0.43..8.45 rows=1 width=121)
	  Index Cond: (id = 2316919)

table 2 : explain SELECT c FROM sbtest2 WHERE id=1898341
	Index Scan using sbtest2_pkey on sbtest2  (cost=0.43..8.45 rows=1 width=121)
	  Index Cond: (id = 1898341)

table 3 : explain SELECT c FROM sbtest3 WHERE id=2074609
	Index Scan using sbtest3_pkey on sbtest3  (cost=0.43..8.45 rows=1 width=121)
	  Index Cond: (id = 2074609)

table 4 : explain SELECT c FROM sbtest4 WHERE id=8677306
	Index Scan using sbtest4_pkey on sbtest4  (cost=0.43..8.45 rows=1 width=121)
	  Index Cond: (id = 8677306)

table 5 : explain SELECT c FROM sbtest5 WHERE id=6195508
	Index Scan using sbtest5_pkey on sbtest5  (cost=0.43..8.45 rows=1 width=121)
	  Index Cond: (id = 6195508)

table 6 : explain SELECT c FROM sbtest6 WHERE id=3450522
	Index Scan using sbtest6_pkey on sbtest6  (cost=0.43..8.45 rows=1 width=121)
	  Index Cond: (id = 3450522)

table 7 : explain SELECT c FROM sbtest7 WHERE id=1059893
	Index Scan using sbtest7_pkey on sbtest7  (cost=0.43..8.45 rows=1 width=121)
	  Index Cond: (id = 1059893)

table 8 : explain SELECT c FROM sbtest8 WHERE id=9129993
	Index Scan using sbtest8_pkey on sbtest8  (cost=0.43..8.45 rows=1 width=121)
	  Index Cond: (id = 9129993)


for: simple_ranges
table 1 : explain SELECT c FROM sbtest1 WHERE id BETWEEN 2788113 AND 2788122
	Index Scan using sbtest1_pkey on sbtest1  (cost=0.43..44.07 rows=10 width=121)
	  Index Cond: ((id >= 2788113) AND (id <= 2788122))

table 2 : explain SELECT c FROM sbtest2 WHERE id BETWEEN 9684669 AND 9684678
	Index Scan using sbtest2_pkey on sbtest2  (cost=0.43..44.05 rows=10 width=121)
	  Index Cond: ((id >= 9684669) AND (id <= 9684678))

table 3 : explain SELECT c FROM sbtest3 WHERE id BETWEEN 1647579 AND 1647588
	Index Scan using sbtest3_pkey on sbtest3  (cost=0.43..44.07 rows=10 width=121)
	  Index Cond: ((id >= 1647579) AND (id <= 1647588))

table 4 : explain SELECT c FROM sbtest4 WHERE id BETWEEN 6904780 AND 6904789
	Index Scan using sbtest4_pkey on sbtest4  (cost=0.43..47.98 rows=11 width=121)
	  Index Cond: ((id >= 6904780) AND (id <= 6904789))

table 5 : explain SELECT c FROM sbtest5 WHERE id BETWEEN 259085 AND 259094
	Index Scan using sbtest5_pkey on sbtest5  (cost=0.43..47.84 rows=11 width=121)
	  Index Cond: ((id >= 259085) AND (id <= 259094))

table 6 : explain SELECT c FROM sbtest6 WHERE id BETWEEN 8508760 AND 8508769
	Index Scan using sbtest6_pkey on sbtest6  (cost=0.43..44.00 rows=10 width=121)
	  Index Cond: ((id >= 8508760) AND (id <= 8508769))

table 7 : explain SELECT c FROM sbtest7 WHERE id BETWEEN 849774 AND 849783
	Index Scan using sbtest7_pkey on sbtest7  (cost=0.43..48.04 rows=11 width=121)
	  Index Cond: ((id >= 849774) AND (id <= 849783))

table 8 : explain SELECT c FROM sbtest8 WHERE id BETWEEN 7854021 AND 7854030
	Index Scan using sbtest8_pkey on sbtest8  (cost=0.43..43.94 rows=10 width=121)
	  Index Cond: ((id >= 7854021) AND (id <= 7854030))
for: simple_ranges
table 1 : explain SELECT c FROM sbtest1 WHERE id BETWEEN 6890593 AND 6890602
	Index Scan using sbtest1_pkey on sbtest1  (cost=0.43..44.07 rows=10 width=121)
	  Index Cond: ((id >= 6890593) AND (id <= 6890602))

table 2 : explain SELECT c FROM sbtest2 WHERE id BETWEEN 3876603 AND 3876612
	Index Scan using sbtest2_pkey on sbtest2  (cost=0.43..44.05 rows=10 width=121)
	  Index Cond: ((id >= 3876603) AND (id <= 3876612))

table 3 : explain SELECT c FROM sbtest3 WHERE id BETWEEN 8161766 AND 8161775
	Index Scan using sbtest3_pkey on sbtest3  (cost=0.43..48.03 rows=11 width=121)
	  Index Cond: ((id >= 8161766) AND (id <= 8161775))

table 4 : explain SELECT c FROM sbtest4 WHERE id BETWEEN 6411332 AND 6411341
	Index Scan using sbtest4_pkey on sbtest4  (cost=0.43..47.98 rows=11 width=121)
	  Index Cond: ((id >= 6411332) AND (id <= 6411341))

table 5 : explain SELECT c FROM sbtest5 WHERE id BETWEEN 7261712 AND 7261721
	Index Scan using sbtest5_pkey on sbtest5  (cost=0.43..47.84 rows=11 width=121)
	  Index Cond: ((id >= 7261712) AND (id <= 7261721))

table 6 : explain SELECT c FROM sbtest6 WHERE id BETWEEN 9741422 AND 9741431
	Index Scan using sbtest6_pkey on sbtest6  (cost=0.43..44.00 rows=10 width=121)
	  Index Cond: ((id >= 9741422) AND (id <= 9741431))

table 7 : explain SELECT c FROM sbtest7 WHERE id BETWEEN 8772069 AND 8772078
	Index Scan using sbtest7_pkey on sbtest7  (cost=0.43..44.08 rows=10 width=121)
	  Index Cond: ((id >= 8772069) AND (id <= 8772078))

table 8 : explain SELECT c FROM sbtest8 WHERE id BETWEEN 4612583 AND 4612592
	Index Scan using sbtest8_pkey on sbtest8  (cost=0.43..47.89 rows=11 width=121)
	  Index Cond: ((id >= 4612583) AND (id <= 4612592))
explain: for point_selects :: explain SELECT c FROM sbtest%u WHERE id=%u
for: simple_ranges
table 1 : explain SELECT c FROM sbtest1 WHERE id BETWEEN 3454558 AND 3454567
	Index Scan using sbtest1_pkey on sbtest1  (cost=0.43..44.07 rows=10 width=121)
	  Index Cond: ((id >= 3454558) AND (id <= 3454567))

table 2 : explain SELECT c FROM sbtest2 WHERE id BETWEEN 4808639 AND 4808648
	Index Scan using sbtest2_pkey on sbtest2  (cost=0.43..44.05 rows=10 width=121)
	  Index Cond: ((id >= 4808639) AND (id <= 4808648))

table 3 : explain SELECT c FROM sbtest3 WHERE id BETWEEN 6193205 AND 6193214
	Index Scan using sbtest3_pkey on sbtest3  (cost=0.43..48.03 rows=11 width=121)
	  Index Cond: ((id >= 6193205) AND (id <= 6193214))

table 4 : explain SELECT c FROM sbtest4 WHERE id BETWEEN 6695446 AND 6695455
	Index Scan using sbtest4_pkey on sbtest4  (cost=0.43..44.03 rows=10 width=121)
	  Index Cond: ((id >= 6695446) AND (id <= 6695455))

table 5 : explain SELECT c FROM sbtest5 WHERE id BETWEEN 8811196 AND 8811205
	Index Scan using sbtest5_pkey on sbtest5  (cost=0.43..43.90 rows=10 width=121)
	  Index Cond: ((id >= 8811196) AND (id <= 8811205))

table 6 : explain SELECT c FROM sbtest6 WHERE id BETWEEN 8552744 AND 8552753
	Index Scan using sbtest6_pkey on sbtest6  (cost=0.43..44.00 rows=10 width=121)
	  Index Cond: ((id >= 8552744) AND (id <= 8552753))

table 7 : explain SELECT c FROM sbtest7 WHERE id BETWEEN 7987579 AND 7987588
	Index Scan using sbtest7_pkey on sbtest7  (cost=0.43..48.04 rows=11 width=121)
	  Index Cond: ((id >= 7987579) AND (id <= 7987588))

table 8 : explain SELECT c FROM sbtest8 WHERE id BETWEEN 3715941 AND 3715950
	Index Scan using sbtest8_pkey on sbtest8  (cost=0.43..43.94 rows=10 width=121)
	  Index Cond: ((id >= 3715941) AND (id <= 3715950))

for: simple_ranges
table 1 : explain SELECT c FROM sbtest1 WHERE id BETWEEN 6134870 AND 6134879
	Index Scan using sbtest1_pkey on sbtest1  (cost=0.43..44.07 rows=10 width=121)
	  Index Cond: ((id >= 6134870) AND (id <= 6134879))

table 2 : explain SELECT c FROM sbtest2 WHERE id BETWEEN 4619744 AND 4619753
	Index Scan using sbtest2_pkey on sbtest2  (cost=0.43..44.05 rows=10 width=121)
	  Index Cond: ((id >= 4619744) AND (id <= 4619753))

table 3 : explain SELECT c FROM sbtest3 WHERE id BETWEEN 12390 AND 12399
	Index Scan using sbtest3_pkey on sbtest3  (cost=0.43..44.07 rows=10 width=121)
	  Index Cond: ((id >= 12390) AND (id <= 12399))

table 4 : explain SELECT c FROM sbtest4 WHERE id BETWEEN 5153703 AND 5153712
	Index Scan using sbtest4_pkey on sbtest4  (cost=0.43..47.98 rows=11 width=121)
	  Index Cond: ((id >= 5153703) AND (id <= 5153712))

table 5 : explain SELECT c FROM sbtest5 WHERE id BETWEEN 7041345 AND 7041354
	Index Scan using sbtest5_pkey on sbtest5  (cost=0.43..43.90 rows=10 width=121)
	  Index Cond: ((id >= 7041345) AND (id <= 7041354))

table 6 : explain SELECT c FROM sbtest6 WHERE id BETWEEN 3144115 AND 3144124
	Index Scan using sbtest6_pkey on sbtest6  (cost=0.43..44.00 rows=10 width=121)
	  Index Cond: ((id >= 3144115) AND (id <= 3144124))

table 7 : explain SELECT c FROM sbtest7 WHERE id BETWEEN 9608648 AND 9608657
	Index Scan using sbtest7_pkey on sbtest7  (cost=0.43..48.04 rows=11 width=121)
	  Index Cond: ((id >= 9608648) AND (id <= 9608657))

table 8 : explain SELECT c FROM sbtest8 WHERE id BETWEEN 3956244 AND 3956253
	Index Scan using sbtest8_pkey on sbtest8  (cost=0.43..40.00 rows=9 width=121)
	  Index Cond: ((id >= 3956244) AND (id <= 3956253))

for point_selects
table 1 : explain SELECT c FROM sbtest1 WHERE id=2683333
	Index Scan using sbtest1_pkey on sbtest1  (cost=0.43..8.45 rows=1 width=121)
	  Index Cond: (id = 2683333)

table 2 : explain SELECT c FROM sbtest2 WHERE id=4460904
	Index Scan using sbtest2_pkey on sbtest2  (cost=0.43..8.45 rows=1 width=121)
	  Index Cond: (id = 4460904)

table 3 : explain SELECT c FROM sbtest3 WHERE id=235777
	Index Scan using sbtest3_pkey on sbtest3  (cost=0.43..8.45 rows=1 width=121)
	  Index Cond: (id = 235777)

table 4 : explain SELECT c FROM sbtest4 WHERE id=8932737
	Index Scan using sbtest4_pkey on sbtest4  (cost=0.43..8.45 rows=1 width=121)
	  Index Cond: (id = 8932737)

table 5 : explain SELECT c FROM sbtest5 WHERE id=1645962
	Index Scan using sbtest5_pkey on sbtest5  (cost=0.43..8.45 rows=1 width=121)
	  Index Cond: (id = 1645962)

table 6 : explain SELECT c FROM sbtest6 WHERE id=5862464
	Index Scan using sbtest6_pkey on sbtest6  (cost=0.43..8.45 rows=1 width=121)
	  Index Cond: (id = 5862464)

table 7 : explain SELECT c FROM sbtest7 WHERE id=1190404
	Index Scan using sbtest7_pkey on sbtest7  (cost=0.43..8.45 rows=1 width=121)
	  Index Cond: (id = 1190404)

table 8 : explain SELECT c FROM sbtest8 WHERE id=1234813
	Index Scan using sbtest8_pkey on sbtest8  (cost=0.43..8.45 rows=1 width=121)
	  Index Cond: (id = 1234813)
for point_selects
table 1 : explain SELECT c FROM sbtest1 WHERE id=6803183
	Index Scan using sbtest1_pkey on sbtest1  (cost=0.43..8.45 rows=1 width=121)
	  Index Cond: (id = 6803183)

table 2 : explain SELECT c FROM sbtest2 WHERE id=8719798
	Index Scan using sbtest2_pkey on sbtest2  (cost=0.43..8.45 rows=1 width=121)
	  Index Cond: (id = 8719798)

table 3 : explain SELECT c FROM sbtest3 WHERE id=3635059
	Index Scan using sbtest3_pkey on sbtest3  (cost=0.43..8.45 rows=1 width=121)
	  Index Cond: (id = 3635059)

table 4 : explain SELECT c FROM sbtest4 WHERE id=7141964
	Index Scan using sbtest4_pkey on sbtest4  (cost=0.43..8.45 rows=1 width=121)
	  Index Cond: (id = 7141964)

table 5 : explain SELECT c FROM sbtest5 WHERE id=3098237
	Index Scan using sbtest5_pkey on sbtest5  (cost=0.43..8.45 rows=1 width=121)
	  Index Cond: (id = 3098237)

table 6 : explain SELECT c FROM sbtest6 WHERE id=6812247
	Index Scan using sbtest6_pkey on sbtest6  (cost=0.43..8.45 rows=1 width=121)
	  Index Cond: (id = 6812247)

table 7 : explain SELECT c FROM sbtest7 WHERE id=4247532
	Index Scan using sbtest7_pkey on sbtest7  (cost=0.43..8.45 rows=1 width=121)
	  Index Cond: (id = 4247532)

table 8 : explain SELECT c FROM sbtest8 WHERE id=5461921
	Index Scan using sbtest8_pkey on sbtest8  (cost=0.43..8.45 rows=1 width=121)
	  Index Cond: (id = 5461921)


for: simple_ranges
table 1 : explain SELECT c FROM sbtest1 WHERE id BETWEEN 8224784 AND 8224793
	Index Scan using sbtest1_pkey on sbtest1  (cost=0.43..40.11 rows=9 width=121)
	  Index Cond: ((id >= 8224784) AND (id <= 8224793))

table 2 : explain SELECT c FROM sbtest2 WHERE id BETWEEN 8888218 AND 8888227
	Index Scan using sbtest2_pkey on sbtest2  (cost=0.43..44.05 rows=10 width=121)
	  Index Cond: ((id >= 8888218) AND (id <= 8888227))

table 3 : explain SELECT c FROM sbtest3 WHERE id BETWEEN 3188243 AND 3188252
	Index Scan using sbtest3_pkey on sbtest3  (cost=0.43..44.07 rows=10 width=121)
	  Index Cond: ((id >= 3188243) AND (id <= 3188252))

table 4 : explain SELECT c FROM sbtest4 WHERE id BETWEEN 640214 AND 640223
	Index Scan using sbtest4_pkey on sbtest4  (cost=0.43..40.08 rows=9 width=121)
	  Index Cond: ((id >= 640214) AND (id <= 640223))

table 5 : explain SELECT c FROM sbtest5 WHERE id BETWEEN 1971976 AND 1971985
	Index Scan using sbtest5_pkey on sbtest5  (cost=0.43..43.90 rows=10 width=121)
	  Index Cond: ((id >= 1971976) AND (id <= 1971985))

table 6 : explain SELECT c FROM sbtest6 WHERE id BETWEEN 4172690 AND 4172699
	Index Scan using sbtest6_pkey on sbtest6  (cost=0.43..44.00 rows=10 width=121)
	  Index Cond: ((id >= 4172690) AND (id <= 4172699))

table 7 : explain SELECT c FROM sbtest7 WHERE id BETWEEN 2965225 AND 2965234
	Index Scan using sbtest7_pkey on sbtest7  (cost=0.43..48.04 rows=11 width=121)
	  Index Cond: ((id >= 2965225) AND (id <= 2965234))

table 8 : explain SELECT c FROM sbtest8 WHERE id BETWEEN 6038727 AND 6038736
	Index Scan using sbtest8_pkey on sbtest8  (cost=0.43..47.89 rows=11 width=121)
	  Index Cond: ((id >= 6038727) AND (id <= 6038736))

for: simple_ranges
table 1 : explain SELECT c FROM sbtest1 WHERE id BETWEEN 6236069 AND 6236078
	Index Scan using sbtest1_pkey on sbtest1  (cost=0.43..44.07 rows=10 width=121)
	  Index Cond: ((id >= 6236069) AND (id <= 6236078))

table 2 : explain SELECT c FROM sbtest2 WHERE id BETWEEN 2934538 AND 2934547
	Index Scan using sbtest2_pkey on sbtest2  (cost=0.43..40.10 rows=9 width=121)
	  Index Cond: ((id >= 2934538) AND (id <= 2934547))

table 3 : explain SELECT c FROM sbtest3 WHERE id BETWEEN 4597877 AND 4597886
	Index Scan using sbtest3_pkey on sbtest3  (cost=0.43..44.07 rows=10 width=121)
	  Index Cond: ((id >= 4597877) AND (id <= 4597886))

table 4 : explain SELECT c FROM sbtest4 WHERE id BETWEEN 443666 AND 443675
	Index Scan using sbtest4_pkey on sbtest4  (cost=0.43..47.98 rows=11 width=121)
	  Index Cond: ((id >= 443666) AND (id <= 443675))

table 5 : explain SELECT c FROM sbtest5 WHERE id BETWEEN 3249468 AND 3249477
	Index Scan using sbtest5_pkey on sbtest5  (cost=0.43..43.90 rows=10 width=121)
	  Index Cond: ((id >= 3249468) AND (id <= 3249477))

table 6 : explain SELECT c FROM sbtest6 WHERE id BETWEEN 1022945 AND 1022954
	Index Scan using sbtest6_pkey on sbtest6  (cost=0.43..40.05 rows=9 width=121)
	  Index Cond: ((id >= 1022945) AND (id <= 1022954))

table 7 : explain SELECT c FROM sbtest7 WHERE id BETWEEN 5441235 AND 5441244
	Index Scan using sbtest7_pkey on sbtest7  (cost=0.43..44.08 rows=10 width=121)
	  Index Cond: ((id >= 5441235) AND (id <= 5441244))

table 8 : explain SELECT c FROM sbtest8 WHERE id BETWEEN 6269107 AND 6269116
	Index Scan using sbtest8_pkey on sbtest8  (cost=0.43..47.89 rows=11 width=121)
	  Index Cond: ((id >= 6269107) AND (id <= 6269116))

for point_selects
table 1 : explain SELECT c FROM sbtest1 WHERE id=8449433
	Index Scan using sbtest1_pkey on sbtest1  (cost=0.43..8.45 rows=1 width=121)
	  Index Cond: (id = 8449433)

table 2 : explain SELECT c FROM sbtest2 WHERE id=7019100
	Index Scan using sbtest2_pkey on sbtest2  (cost=0.43..8.45 rows=1 width=121)
	  Index Cond: (id = 7019100)

table 3 : explain SELECT c FROM sbtest3 WHERE id=6932248
	Index Scan using sbtest3_pkey on sbtest3  (cost=0.43..8.45 rows=1 width=121)
	  Index Cond: (id = 6932248)

table 4 : explain SELECT c FROM sbtest4 WHERE id=897539
	Index Scan using sbtest4_pkey on sbtest4  (cost=0.43..8.45 rows=1 width=121)
	  Index Cond: (id = 897539)

table 5 : explain SELECT c FROM sbtest5 WHERE id=1901986
	Index Scan using sbtest5_pkey on sbtest5  (cost=0.43..8.45 rows=1 width=121)
	  Index Cond: (id = 1901986)

table 6 : explain SELECT c FROM sbtest6 WHERE id=85169
	Index Scan using sbtest6_pkey on sbtest6  (cost=0.43..8.45 rows=1 width=121)
	  Index Cond: (id = 85169)

table 7 : explain SELECT c FROM sbtest7 WHERE id=1660353
	Index Scan using sbtest7_pkey on sbtest7  (cost=0.43..8.45 rows=1 width=121)
	  Index Cond: (id = 1660353)

table 8 : explain SELECT c FROM sbtest8 WHERE id=393442
	Index Scan using sbtest8_pkey on sbtest8  (cost=0.43..8.45 rows=1 width=121)
	  Index Cond: (id = 393442)

for: simple_ranges
table 1 : explain SELECT c FROM sbtest1 WHERE id BETWEEN 4014202 AND 4014211
	Index Scan using sbtest1_pkey on sbtest1  (cost=0.43..44.07 rows=10 width=121)
	  Index Cond: ((id >= 4014202) AND (id <= 4014211))

table 2 : explain SELECT c FROM sbtest2 WHERE id BETWEEN 6181475 AND 6181484
	Index Scan using sbtest2_pkey on sbtest2  (cost=0.43..48.01 rows=11 width=121)
	  Index Cond: ((id >= 6181475) AND (id <= 6181484))

table 3 : explain SELECT c FROM sbtest3 WHERE id BETWEEN 2112394 AND 2112403
	Index Scan using sbtest3_pkey on sbtest3  (cost=0.43..44.07 rows=10 width=121)
	  Index Cond: ((id >= 2112394) AND (id <= 2112403))

table 4 : explain SELECT c FROM sbtest4 WHERE id BETWEEN 8147869 AND 8147878
	Index Scan using sbtest4_pkey on sbtest4  (cost=0.43..44.03 rows=10 width=121)
	  Index Cond: ((id >= 8147869) AND (id <= 8147878))

table 5 : explain SELECT c FROM sbtest5 WHERE id BETWEEN 8355775 AND 8355784
	Index Scan using sbtest5_pkey on sbtest5  (cost=0.43..51.78 rows=12 width=121)
	  Index Cond: ((id >= 8355775) AND (id <= 8355784))

table 6 : explain SELECT c FROM sbtest6 WHERE id BETWEEN 8192433 AND 8192442
	Index Scan using sbtest6_pkey on sbtest6  (cost=0.43..44.00 rows=10 width=121)
	  Index Cond: ((id >= 8192433) AND (id <= 8192442))

table 7 : explain SELECT c FROM sbtest7 WHERE id BETWEEN 4971230 AND 4971239
	Index Scan using sbtest7_pkey on sbtest7  (cost=0.43..44.08 rows=10 width=121)
	  Index Cond: ((id >= 4971230) AND (id <= 4971239))

table 8 : explain SELECT c FROM sbtest8 WHERE id BETWEEN 1958821 AND 1958830
	Index Scan using sbtest8_pkey on sbtest8  (cost=0.43..43.94 rows=10 width=121)
	  Index Cond: ((id >= 1958821) AND (id <= 1958830))

for: simple_ranges
table 1 : explain SELECT c FROM sbtest1 WHERE id BETWEEN 7829839 AND 7829848
	Index Scan using sbtest1_pkey on sbtest1  (cost=0.43..44.07 rows=10 width=121)
	  Index Cond: ((id >= 7829839) AND (id <= 7829848))

table 2 : explain SELECT c FROM sbtest2 WHERE id BETWEEN 3634017 AND 3634026
	Index Scan using sbtest2_pkey on sbtest2  (cost=0.43..44.05 rows=10 width=121)
	  Index Cond: ((id >= 3634017) AND (id <= 3634026))

table 3 : explain SELECT c FROM sbtest3 WHERE id BETWEEN 110657 AND 110666
	Index Scan using sbtest3_pkey on sbtest3  (cost=0.43..44.07 rows=10 width=121)
	  Index Cond: ((id >= 110657) AND (id <= 110666))

table 4 : explain SELECT c FROM sbtest4 WHERE id BETWEEN 3633107 AND 3633116
	Index Scan using sbtest4_pkey on sbtest4  (cost=0.43..44.03 rows=10 width=121)
	  Index Cond: ((id >= 3633107) AND (id <= 3633116))

table 5 : explain SELECT c FROM sbtest5 WHERE id BETWEEN 7646519 AND 7646528
	Index Scan using sbtest5_pkey on sbtest5  (cost=0.43..43.90 rows=10 width=121)
	  Index Cond: ((id >= 7646519) AND (id <= 7646528))

table 6 : explain SELECT c FROM sbtest6 WHERE id BETWEEN 2391252 AND 2391261
	Index Scan using sbtest6_pkey on sbtest6  (cost=0.43..44.00 rows=10 width=121)
	  Index Cond: ((id >= 2391252) AND (id <= 2391261))

table 7 : explain SELECT c FROM sbtest7 WHERE id BETWEEN 3014347 AND 3014356
	Index Scan using sbtest7_pkey on sbtest7  (cost=0.43..48.04 rows=11 width=121)
	  Index Cond: ((id >= 3014347) AND (id <= 3014356))

table 8 : explain SELECT c FROM sbtest8 WHERE id BETWEEN 2711368 AND 2711377
	Index Scan using sbtest8_pkey on sbtest8  (cost=0.43..43.94 rows=10 width=121)
	  Index Cond: ((id >= 2711368) AND (id <= 2711377))
for: simple_ranges
table 1 : explain SELECT c FROM sbtest1 WHERE id BETWEEN 8755793 AND 8755802
	Index Scan using sbtest1_pkey on sbtest1  (cost=0.43..44.07 rows=10 width=121)
	  Index Cond: ((id >= 8755793) AND (id <= 8755802))

table 2 : explain SELECT c FROM sbtest2 WHERE id BETWEEN 8922311 AND 8922320
	Index Scan using sbtest2_pkey on sbtest2  (cost=0.43..48.01 rows=11 width=121)
	  Index Cond: ((id >= 8922311) AND (id <= 8922320))

table 3 : explain SELECT c FROM sbtest3 WHERE id BETWEEN 8474928 AND 8474937
	Index Scan using sbtest3_pkey on sbtest3  (cost=0.43..44.07 rows=10 width=121)
	  Index Cond: ((id >= 8474928) AND (id <= 8474937))

table 4 : explain SELECT c FROM sbtest4 WHERE id BETWEEN 213907 AND 213916
	Index Scan using sbtest4_pkey on sbtest4  (cost=0.43..44.03 rows=10 width=121)
	  Index Cond: ((id >= 213907) AND (id <= 213916))

table 5 : explain SELECT c FROM sbtest5 WHERE id BETWEEN 3152302 AND 3152311
	Index Scan using sbtest5_pkey on sbtest5  (cost=0.43..43.90 rows=10 width=121)
	  Index Cond: ((id >= 3152302) AND (id <= 3152311))

table 6 : explain SELECT c FROM sbtest6 WHERE id BETWEEN 2594216 AND 2594225
	Index Scan using sbtest6_pkey on sbtest6  (cost=0.43..44.00 rows=10 width=121)
	  Index Cond: ((id >= 2594216) AND (id <= 2594225))

table 7 : explain SELECT c FROM sbtest7 WHERE id BETWEEN 48464 AND 48473
	Index Scan using sbtest7_pkey on sbtest7  (cost=0.43..40.12 rows=9 width=121)
	  Index Cond: ((id >= 48464) AND (id <= 48473))

table 8 : explain SELECT c FROM sbtest8 WHERE id BETWEEN 6959689 AND 6959698
	Index Scan using sbtest8_pkey on sbtest8  (cost=0.43..43.94 rows=10 width=121)
	  Index Cond: ((id >= 6959689) AND (id <= 6959698))

for: simple_ranges
table 1 : explain SELECT c FROM sbtest1 WHERE id BETWEEN 6433564 AND 6433573
	Index Scan using sbtest1_pkey on sbtest1  (cost=0.43..48.03 rows=11 width=121)
	  Index Cond: ((id >= 6433564) AND (id <= 6433573))

table 2 : explain SELECT c FROM sbtest2 WHERE id BETWEEN 2993624 AND 2993633
	Index Scan using sbtest2_pkey on sbtest2  (cost=0.43..48.01 rows=11 width=121)
	  Index Cond: ((id >= 2993624) AND (id <= 2993633))

table 3 : explain SELECT c FROM sbtest3 WHERE id BETWEEN 8394747 AND 8394756
	Index Scan using sbtest3_pkey on sbtest3  (cost=0.43..44.07 rows=10 width=121)
	  Index Cond: ((id >= 8394747) AND (id <= 8394756))

table 4 : explain SELECT c FROM sbtest4 WHERE id BETWEEN 6486890 AND 6486899
	Index Scan using sbtest4_pkey on sbtest4  (cost=0.43..40.08 rows=9 width=121)
	  Index Cond: ((id >= 6486890) AND (id <= 6486899))

table 5 : explain SELECT c FROM sbtest5 WHERE id BETWEEN 8256299 AND 8256308
	Index Scan using sbtest5_pkey on sbtest5  (cost=0.43..39.96 rows=9 width=121)
	  Index Cond: ((id >= 8256299) AND (id <= 8256308))

table 6 : explain SELECT c FROM sbtest6 WHERE id BETWEEN 6172000 AND 6172009
	Index Scan using sbtest6_pkey on sbtest6  (cost=0.43..44.00 rows=10 width=121)
	  Index Cond: ((id >= 6172000) AND (id <= 6172009))

table 7 : explain SELECT c FROM sbtest7 WHERE id BETWEEN 2353900 AND 2353909
	Index Scan using sbtest7_pkey on sbtest7  (cost=0.43..44.08 rows=10 width=121)
	  Index Cond: ((id >= 2353900) AND (id <= 2353909))

table 8 : explain SELECT c FROM sbtest8 WHERE id BETWEEN 5732572 AND 5732581
	Index Scan using sbtest8_pkey on sbtest8  (cost=0.43..43.94 rows=10 width=121)
	  Index Cond: ((id >= 5732572) AND (id <= 5732581))

for: simple_ranges
table 1 : explain SELECT c FROM sbtest1 WHERE id BETWEEN 7464149 AND 7464158
	Index Scan using sbtest1_pkey on sbtest1  (cost=0.43..44.07 rows=10 width=121)
	  Index Cond: ((id >= 7464149) AND (id <= 7464158))

table 2 : explain SELECT c FROM sbtest2 WHERE id BETWEEN 2075899 AND 2075908
	Index Scan using sbtest2_pkey on sbtest2  (cost=0.43..44.05 rows=10 width=121)
	  Index Cond: ((id >= 2075899) AND (id <= 2075908))

table 3 : explain SELECT c FROM sbtest3 WHERE id BETWEEN 9695998 AND 9696007
	Index Scan using sbtest3_pkey on sbtest3  (cost=0.43..44.07 rows=10 width=121)
	  Index Cond: ((id >= 9695998) AND (id <= 9696007))

table 4 : explain SELECT c FROM sbtest4 WHERE id BETWEEN 6261706 AND 6261715
	Index Scan using sbtest4_pkey on sbtest4  (cost=0.43..44.03 rows=10 width=121)
	  Index Cond: ((id >= 6261706) AND (id <= 6261715))

table 5 : explain SELECT c FROM sbtest5 WHERE id BETWEEN 5110171 AND 5110180
	Index Scan using sbtest5_pkey on sbtest5  (cost=0.43..43.90 rows=10 width=121)
	  Index Cond: ((id >= 5110171) AND (id <= 5110180))

table 6 : explain SELECT c FROM sbtest6 WHERE id BETWEEN 9522094 AND 9522103
	Index Scan using sbtest6_pkey on sbtest6  (cost=0.43..44.00 rows=10 width=121)
	  Index Cond: ((id >= 9522094) AND (id <= 9522103))

table 7 : explain SELECT c FROM sbtest7 WHERE id BETWEEN 8749159 AND 8749168
	Index Scan using sbtest7_pkey on sbtest7  (cost=0.43..44.08 rows=10 width=121)
	  Index Cond: ((id >= 8749159) AND (id <= 8749168))

table 8 : explain SELECT c FROM sbtest8 WHERE id BETWEEN 7809049 AND 7809058
	Index Scan using sbtest8_pkey on sbtest8  (cost=0.43..43.94 rows=10 width=121)
	  Index Cond: ((id >= 7809049) AND (id <= 7809058))

for: simple_ranges
table 1 : explain SELECT c FROM sbtest1 WHERE id BETWEEN 4910974 AND 4910983
	Index Scan using sbtest1_pkey on sbtest1  (cost=0.43..44.07 rows=10 width=121)
	  Index Cond: ((id >= 4910974) AND (id <= 4910983))

table 2 : explain SELECT c FROM sbtest2 WHERE id BETWEEN 1946828 AND 1946837
	Index Scan using sbtest2_pkey on sbtest2  (cost=0.43..40.10 rows=9 width=121)
	  Index Cond: ((id >= 1946828) AND (id <= 1946837))

table 3 : explain SELECT c FROM sbtest3 WHERE id BETWEEN 340373 AND 340382
	Index Scan using sbtest3_pkey on sbtest3  (cost=0.43..40.11 rows=9 width=121)
	  Index Cond: ((id >= 340373) AND (id <= 340382))

table 4 : explain SELECT c FROM sbtest4 WHERE id BETWEEN 2107335 AND 2107344
	Index Scan using sbtest4_pkey on sbtest4  (cost=0.43..44.03 rows=10 width=121)
	  Index Cond: ((id >= 2107335) AND (id <= 2107344))

table 5 : explain SELECT c FROM sbtest5 WHERE id BETWEEN 7242733 AND 7242742
	Index Scan using sbtest5_pkey on sbtest5  (cost=0.43..47.84 rows=11 width=121)
	  Index Cond: ((id >= 7242733) AND (id <= 7242742))

table 6 : explain SELECT c FROM sbtest6 WHERE id BETWEEN 7978448 AND 7978457
	Index Scan using sbtest6_pkey on sbtest6  (cost=0.43..44.00 rows=10 width=121)
	  Index Cond: ((id >= 7978448) AND (id <= 7978457))

table 7 : explain SELECT c FROM sbtest7 WHERE id BETWEEN 7128677 AND 7128686
	Index Scan using sbtest7_pkey on sbtest7  (cost=0.43..44.08 rows=10 width=121)
	  Index Cond: ((id >= 7128677) AND (id <= 7128686))

table 8 : explain SELECT c FROM sbtest8 WHERE id BETWEEN 9768122 AND 9768131
	Index Scan using sbtest8_pkey on sbtest8  (cost=0.43..43.94 rows=10 width=121)
	  Index Cond: ((id >= 9768122) AND (id <= 9768131))



for: sum_ranges
table 1 : explain SELECT SUM(k) FROM sbtest1 WHERE id BETWEEN 9587566 AND 9587575
	Aggregate  (cost=40.14..40.15 rows=1 width=8)
	  ->  Index Scan using sbtest1_pkey on sbtest1  (cost=0.43..40.11 rows=9 width=4)
	        Index Cond: ((id >= 9587566) AND (id <= 9587575))

table 2 : explain SELECT SUM(k) FROM sbtest2 WHERE id BETWEEN 2573648 AND 2573657
	Aggregate  (cost=44.08..44.09 rows=1 width=8)
	  ->  Index Scan using sbtest2_pkey on sbtest2  (cost=0.43..44.05 rows=10 width=4)
	        Index Cond: ((id >= 2573648) AND (id <= 2573657))

table 3 : explain SELECT SUM(k) FROM sbtest3 WHERE id BETWEEN 3957428 AND 3957437
	Aggregate  (cost=44.10..44.11 rows=1 width=8)
	  ->  Index Scan using sbtest3_pkey on sbtest3  (cost=0.43..44.07 rows=10 width=4)
	        Index Cond: ((id >= 3957428) AND (id <= 3957437))

table 4 : explain SELECT SUM(k) FROM sbtest4 WHERE id BETWEEN 5594194 AND 5594203
	Aggregate  (cost=44.06..44.07 rows=1 width=8)
	  ->  Index Scan using sbtest4_pkey on sbtest4  (cost=0.43..44.03 rows=10 width=4)
	        Index Cond: ((id >= 5594194) AND (id <= 5594203))

table 5 : explain SELECT SUM(k) FROM sbtest5 WHERE id BETWEEN 1087151 AND 1087160
	Aggregate  (cost=47.87..47.88 rows=1 width=8)
	  ->  Index Scan using sbtest5_pkey on sbtest5  (cost=0.43..47.84 rows=11 width=4)
	        Index Cond: ((id >= 1087151) AND (id <= 1087160))

table 6 : explain SELECT SUM(k) FROM sbtest6 WHERE id BETWEEN 821874 AND 821883
	Aggregate  (cost=40.08..40.09 rows=1 width=8)
	  ->  Index Scan using sbtest6_pkey on sbtest6  (cost=0.43..40.05 rows=9 width=4)
	        Index Cond: ((id >= 821874) AND (id <= 821883))

table 7 : explain SELECT SUM(k) FROM sbtest7 WHERE id BETWEEN 2617798 AND 2617807
	Aggregate  (cost=44.11..44.12 rows=1 width=8)
	  ->  Index Scan using sbtest7_pkey on sbtest7  (cost=0.43..44.08 rows=10 width=4)
	        Index Cond: ((id >= 2617798) AND (id <= 2617807))

table 8 : explain SELECT SUM(k) FROM sbtest8 WHERE id BETWEEN 236525 AND 236534
	Aggregate  (cost=47.91..47.92 rows=1 width=8)
	  ->  Index Scan using sbtest8_pkey on sbtest8  (cost=0.43..47.89 rows=11 width=4)
	        Index Cond: ((id >= 236525) AND (id <= 236534))

for point_selects
table 1 : explain SELECT c FROM sbtest1 WHERE id=3731144
	Index Scan using sbtest1_pkey on sbtest1  (cost=0.43..8.45 rows=1 width=121)
	  Index Cond: (id = 3731144)

table 2 : explain SELECT c FROM sbtest2 WHERE id=5395389
	Index Scan using sbtest2_pkey on sbtest2  (cost=0.43..8.45 rows=1 width=121)
	  Index Cond: (id = 5395389)

table 3 : explain SELECT c FROM sbtest3 WHERE id=4878138
	Index Scan using sbtest3_pkey on sbtest3  (cost=0.43..8.45 rows=1 width=121)
	  Index Cond: (id = 4878138)

table 4 : explain SELECT c FROM sbtest4 WHERE id=7372234
	Index Scan using sbtest4_pkey on sbtest4  (cost=0.43..8.45 rows=1 width=121)
	  Index Cond: (id = 7372234)

table 5 : explain SELECT c FROM sbtest5 WHERE id=3563292
	Index Scan using sbtest5_pkey on sbtest5  (cost=0.43..8.45 rows=1 width=121)
	  Index Cond: (id = 3563292)

table 6 : explain SELECT c FROM sbtest6 WHERE id=8388750
	Index Scan using sbtest6_pkey on sbtest6  (cost=0.43..8.45 rows=1 width=121)
	  Index Cond: (id = 8388750)

table 7 : explain SELECT c FROM sbtest7 WHERE id=6388368
	Index Scan using sbtest7_pkey on sbtest7  (cost=0.43..8.45 rows=1 width=121)
	  Index Cond: (id = 6388368)

table 8 : explain SELECT c FROM sbtest8 WHERE id=108901
	Index Scan using sbtest8_pkey on sbtest8  (cost=0.43..8.45 rows=1 width=121)
	  Index Cond: (id = 108901)


for point_selects
table 1 : explain SELECT c FROM sbtest1 WHERE id=3563832
	Index Scan using sbtest1_pkey on sbtest1  (cost=0.43..8.45 rows=1 width=121)
	  Index Cond: (id = 3563832)

table 2 : explain SELECT c FROM sbtest2 WHERE id=4220269
	Index Scan using sbtest2_pkey on sbtest2  (cost=0.43..8.45 rows=1 width=121)
	  Index Cond: (id = 4220269)

table 3 : explain SELECT c FROM sbtest3 WHERE id=5613993
	Index Scan using sbtest3_pkey on sbtest3  (cost=0.43..8.45 rows=1 width=121)
	  Index Cond: (id = 5613993)

table 4 : explain SELECT c FROM sbtest4 WHERE id=762628
	Index Scan using sbtest4_pkey on sbtest4  (cost=0.43..8.45 rows=1 width=121)
	  Index Cond: (id = 762628)

table 5 : explain SELECT c FROM sbtest5 WHERE id=2040587
	Index Scan using sbtest5_pkey on sbtest5  (cost=0.43..8.45 rows=1 width=121)
	  Index Cond: (id = 2040587)

table 6 : explain SELECT c FROM sbtest6 WHERE id=3961806
	Index Scan using sbtest6_pkey on sbtest6  (cost=0.43..8.45 rows=1 width=121)
	  Index Cond: (id = 3961806)

table 7 : explain SELECT c FROM sbtest7 WHERE id=8488540
	Index Scan using sbtest7_pkey on sbtest7  (cost=0.43..8.45 rows=1 width=121)
	  Index Cond: (id = 8488540)

table 8 : explain SELECT c FROM sbtest8 WHERE id=1668591
	Index Scan using sbtest8_pkey on sbtest8  (cost=0.43..8.45 rows=1 width=121)
	  Index Cond: (id = 1668591)

for point_selects
table 1 : explain SELECT c FROM sbtest1 WHERE id=4339702
	Index Scan using sbtest1_pkey on sbtest1  (cost=0.43..8.45 rows=1 width=121)
	  Index Cond: (id = 4339702)

table 2 : explain SELECT c FROM sbtest2 WHERE id=449126
	Index Scan using sbtest2_pkey on sbtest2  (cost=0.43..8.45 rows=1 width=121)
	  Index Cond: (id = 449126)

table 3 : explain SELECT c FROM sbtest3 WHERE id=5302048
	Index Scan using sbtest3_pkey on sbtest3  (cost=0.43..8.45 rows=1 width=121)
	  Index Cond: (id = 5302048)

table 4 : explain SELECT c FROM sbtest4 WHERE id=8586215
	Index Scan using sbtest4_pkey on sbtest4  (cost=0.43..8.45 rows=1 width=121)
	  Index Cond: (id = 8586215)

table 5 : explain SELECT c FROM sbtest5 WHERE id=7034374
	Index Scan using sbtest5_pkey on sbtest5  (cost=0.43..8.45 rows=1 width=121)
	  Index Cond: (id = 7034374)

table 6 : explain SELECT c FROM sbtest6 WHERE id=1115300
	Index Scan using sbtest6_pkey on sbtest6  (cost=0.43..8.45 rows=1 width=121)
	  Index Cond: (id = 1115300)

table 7 : explain SELECT c FROM sbtest7 WHERE id=7013797
	Index Scan using sbtest7_pkey on sbtest7  (cost=0.43..8.45 rows=1 width=121)
	  Index Cond: (id = 7013797)

table 8 : explain SELECT c FROM sbtest8 WHERE id=3557908
	Index Scan using sbtest8_pkey on sbtest8  (cost=0.43..8.45 rows=1 width=121)
	  Index Cond: (id = 3557908)

for point_selects
table 1 : explain SELECT c FROM sbtest1 WHERE id=5489506
	Index Scan using sbtest1_pkey on sbtest1  (cost=0.43..8.45 rows=1 width=121)
	  Index Cond: (id = 5489506)

table 2 : explain SELECT c FROM sbtest2 WHERE id=8150975
	Index Scan using sbtest2_pkey on sbtest2  (cost=0.43..8.45 rows=1 width=121)
	  Index Cond: (id = 8150975)

table 3 : explain SELECT c FROM sbtest3 WHERE id=1458745
	Index Scan using sbtest3_pkey on sbtest3  (cost=0.43..8.45 rows=1 width=121)
	  Index Cond: (id = 1458745)

table 4 : explain SELECT c FROM sbtest4 WHERE id=1794714
	Index Scan using sbtest4_pkey on sbtest4  (cost=0.43..8.45 rows=1 width=121)
	  Index Cond: (id = 1794714)

table 5 : explain SELECT c FROM sbtest5 WHERE id=3049290
	Index Scan using sbtest5_pkey on sbtest5  (cost=0.43..8.45 rows=1 width=121)
	  Index Cond: (id = 3049290)

table 6 : explain SELECT c FROM sbtest6 WHERE id=4407062
	Index Scan using sbtest6_pkey on sbtest6  (cost=0.43..8.45 rows=1 width=121)
	  Index Cond: (id = 4407062)

table 7 : explain SELECT c FROM sbtest7 WHERE id=4549213
	Index Scan using sbtest7_pkey on sbtest7  (cost=0.43..8.45 rows=1 width=121)
	  Index Cond: (id = 4549213)

table 8 : explain SELECT c FROM sbtest8 WHERE id=3759915
	Index Scan using sbtest8_pkey on sbtest8  (cost=0.43..8.45 rows=1 width=121)
	  Index Cond: (id = 3759915)

for: simple_ranges
table 1 : explain SELECT c FROM sbtest1 WHERE id BETWEEN 5592147 AND 5592156
	Index Scan using sbtest1_pkey on sbtest1  (cost=0.43..44.07 rows=10 width=121)
	  Index Cond: ((id >= 5592147) AND (id <= 5592156))

table 2 : explain SELECT c FROM sbtest2 WHERE id BETWEEN 3705715 AND 3705724
	Index Scan using sbtest2_pkey on sbtest2  (cost=0.43..44.05 rows=10 width=121)
	  Index Cond: ((id >= 3705715) AND (id <= 3705724))

table 3 : explain SELECT c FROM sbtest3 WHERE id BETWEEN 7585993 AND 7586002
	Index Scan using sbtest3_pkey on sbtest3  (cost=0.43..44.07 rows=10 width=121)
	  Index Cond: ((id >= 7585993) AND (id <= 7586002))

table 4 : explain SELECT c FROM sbtest4 WHERE id BETWEEN 7889521 AND 7889530
	Index Scan using sbtest4_pkey on sbtest4  (cost=0.43..44.03 rows=10 width=121)
	  Index Cond: ((id >= 7889521) AND (id <= 7889530))

table 5 : explain SELECT c FROM sbtest5 WHERE id BETWEEN 9268290 AND 9268299
	Index Scan using sbtest5_pkey on sbtest5  (cost=0.43..39.96 rows=9 width=121)
	  Index Cond: ((id >= 9268290) AND (id <= 9268299))

table 6 : explain SELECT c FROM sbtest6 WHERE id BETWEEN 4418836 AND 4418845
	Index Scan using sbtest6_pkey on sbtest6  (cost=0.43..40.05 rows=9 width=121)
	  Index Cond: ((id >= 4418836) AND (id <= 4418845))

table 7 : explain SELECT c FROM sbtest7 WHERE id BETWEEN 1168056 AND 1168065
	Index Scan using sbtest7_pkey on sbtest7  (cost=0.43..44.08 rows=10 width=121)
	  Index Cond: ((id >= 1168056) AND (id <= 1168065))

table 8 : explain SELECT c FROM sbtest8 WHERE id BETWEEN 8693697 AND 8693706
	Index Scan using sbtest8_pkey on sbtest8  (cost=0.43..43.94 rows=10 width=121)
	  Index Cond: ((id >= 8693697) AND (id <= 8693706))

for point_selects
table 1 : explain SELECT c FROM sbtest1 WHERE id=6088137
	Index Scan using sbtest1_pkey on sbtest1  (cost=0.43..8.45 rows=1 width=121)
	  Index Cond: (id = 6088137)

table 2 : explain SELECT c FROM sbtest2 WHERE id=3657688
	Index Scan using sbtest2_pkey on sbtest2  (cost=0.43..8.45 rows=1 width=121)
	  Index Cond: (id = 3657688)

table 3 : explain SELECT c FROM sbtest3 WHERE id=2889638
	Index Scan using sbtest3_pkey on sbtest3  (cost=0.43..8.45 rows=1 width=121)
	  Index Cond: (id = 2889638)

table 4 : explain SELECT c FROM sbtest4 WHERE id=1647655
	Index Scan using sbtest4_pkey on sbtest4  (cost=0.43..8.45 rows=1 width=121)
	  Index Cond: (id = 1647655)

table 5 : explain SELECT c FROM sbtest5 WHERE id=9695828
	Index Scan using sbtest5_pkey on sbtest5  (cost=0.43..8.45 rows=1 width=121)
	  Index Cond: (id = 9695828)

table 6 : explain SELECT c FROM sbtest6 WHERE id=2895838
	Index Scan using sbtest6_pkey on sbtest6  (cost=0.43..8.45 rows=1 width=121)
	  Index Cond: (id = 2895838)

table 7 : explain SELECT c FROM sbtest7 WHERE id=6031193
	Index Scan using sbtest7_pkey on sbtest7  (cost=0.43..8.45 rows=1 width=121)
	  Index Cond: (id = 6031193)

table 8 : explain SELECT c FROM sbtest8 WHERE id=9180063
	Index Scan using sbtest8_pkey on sbtest8  (cost=0.43..8.45 rows=1 width=121)
	  Index Cond: (id = 9180063)

for: sum_ranges
table 1 : explain SELECT SUM(k) FROM sbtest1 WHERE id BETWEEN 5148253 AND 5148262
	Aggregate  (cost=40.14..40.15 rows=1 width=8)
	  ->  Index Scan using sbtest1_pkey on sbtest1  (cost=0.43..40.11 rows=9 width=4)
	        Index Cond: ((id >= 5148253) AND (id <= 5148262))

table 2 : explain SELECT SUM(k) FROM sbtest2 WHERE id BETWEEN 4256239 AND 4256248
	Aggregate  (cost=44.08..44.09 rows=1 width=8)
	  ->  Index Scan using sbtest2_pkey on sbtest2  (cost=0.43..44.05 rows=10 width=4)
	        Index Cond: ((id >= 4256239) AND (id <= 4256248))

table 3 : explain SELECT SUM(k) FROM sbtest3 WHERE id BETWEEN 9469627 AND 9469636
	Aggregate  (cost=44.10..44.11 rows=1 width=8)
	  ->  Index Scan using sbtest3_pkey on sbtest3  (cost=0.43..44.07 rows=10 width=4)
	        Index Cond: ((id >= 9469627) AND (id <= 9469636))

table 4 : explain SELECT SUM(k) FROM sbtest4 WHERE id BETWEEN 6467018 AND 6467027
	Aggregate  (cost=48.01..48.02 rows=1 width=8)
	  ->  Index Scan using sbtest4_pkey on sbtest4  (cost=0.43..47.98 rows=11 width=4)
	        Index Cond: ((id >= 6467018) AND (id <= 6467027))

table 5 : explain SELECT SUM(k) FROM sbtest5 WHERE id BETWEEN 6754756 AND 6754765
	Aggregate  (cost=43.92..43.93 rows=1 width=8)
	  ->  Index Scan using sbtest5_pkey on sbtest5  (cost=0.43..43.90 rows=10 width=4)
	        Index Cond: ((id >= 6754756) AND (id <= 6754765))

table 6 : explain SELECT SUM(k) FROM sbtest6 WHERE id BETWEEN 5761759 AND 5761768
	Aggregate  (cost=44.03..44.04 rows=1 width=8)
	  ->  Index Scan using sbtest6_pkey on sbtest6  (cost=0.43..44.00 rows=10 width=4)
	        Index Cond: ((id >= 5761759) AND (id <= 5761768))

table 7 : explain SELECT SUM(k) FROM sbtest7 WHERE id BETWEEN 2499606 AND 2499615
	Aggregate  (cost=40.14..40.15 rows=1 width=8)
	  ->  Index Scan using sbtest7_pkey on sbtest7  (cost=0.43..40.12 rows=9 width=4)
	        Index Cond: ((id >= 2499606) AND (id <= 2499615))

table 8 : explain SELECT SUM(k) FROM sbtest8 WHERE id BETWEEN 2819700 AND 2819709
	Aggregate  (cost=43.97..43.98 rows=1 width=8)
	  ->  Index Scan using sbtest8_pkey on sbtest8  (cost=0.43..43.94 rows=10 width=4)
	        Index Cond: ((id >= 2819700) AND (id <= 2819709))

for: simple_ranges
table 1 : explain SELECT c FROM sbtest1 WHERE id BETWEEN 2892650 AND 2892659
	Index Scan using sbtest1_pkey on sbtest1  (cost=0.43..48.03 rows=11 width=121)
	  Index Cond: ((id >= 2892650) AND (id <= 2892659))

table 2 : explain SELECT c FROM sbtest2 WHERE id BETWEEN 2965454 AND 2965463
	Index Scan using sbtest2_pkey on sbtest2  (cost=0.43..48.01 rows=11 width=121)
	  Index Cond: ((id >= 2965454) AND (id <= 2965463))

table 3 : explain SELECT c FROM sbtest3 WHERE id BETWEEN 451681 AND 451690
	Index Scan using sbtest3_pkey on sbtest3  (cost=0.43..40.11 rows=9 width=121)
	  Index Cond: ((id >= 451681) AND (id <= 451690))

table 4 : explain SELECT c FROM sbtest4 WHERE id BETWEEN 9190795 AND 9190804
	Index Scan using sbtest4_pkey on sbtest4  (cost=0.43..44.03 rows=10 width=121)
	  Index Cond: ((id >= 9190795) AND (id <= 9190804))

table 5 : explain SELECT c FROM sbtest5 WHERE id BETWEEN 7556115 AND 7556124
	Index Scan using sbtest5_pkey on sbtest5  (cost=0.43..43.90 rows=10 width=121)
	  Index Cond: ((id >= 7556115) AND (id <= 7556124))

table 6 : explain SELECT c FROM sbtest6 WHERE id BETWEEN 6555335 AND 6555344
	Index Scan using sbtest6_pkey on sbtest6  (cost=0.43..47.95 rows=11 width=121)
	  Index Cond: ((id >= 6555335) AND (id <= 6555344))

table 7 : explain SELECT c FROM sbtest7 WHERE id BETWEEN 403071 AND 403080
	Index Scan using sbtest7_pkey on sbtest7  (cost=0.43..44.08 rows=10 width=121)
	  Index Cond: ((id >= 403071) AND (id <= 403080))

table 8 : explain SELECT c FROM sbtest8 WHERE id BETWEEN 2068254 AND 2068263
	Index Scan using sbtest8_pkey on sbtest8  (cost=0.43..43.94 rows=10 width=121)
	  Index Cond: ((id >= 2068254) AND (id <= 2068263))

for: simple_ranges
table 1 : explain SELECT c FROM sbtest1 WHERE id BETWEEN 9446549 AND 9446558
	Index Scan using sbtest1_pkey on sbtest1  (cost=0.43..40.11 rows=9 width=121)
	  Index Cond: ((id >= 9446549) AND (id <= 9446558))

table 2 : explain SELECT c FROM sbtest2 WHERE id BETWEEN 5257583 AND 5257592
	Index Scan using sbtest2_pkey on sbtest2  (cost=0.43..44.05 rows=10 width=121)
	  Index Cond: ((id >= 5257583) AND (id <= 5257592))

table 3 : explain SELECT c FROM sbtest3 WHERE id BETWEEN 6233485 AND 6233494
	Index Scan using sbtest3_pkey on sbtest3  (cost=0.43..48.03 rows=11 width=121)
	  Index Cond: ((id >= 6233485) AND (id <= 6233494))

table 4 : explain SELECT c FROM sbtest4 WHERE id BETWEEN 4429671 AND 4429680
	Index Scan using sbtest4_pkey on sbtest4  (cost=0.43..47.98 rows=11 width=121)
	  Index Cond: ((id >= 4429671) AND (id <= 4429680))

table 5 : explain SELECT c FROM sbtest5 WHERE id BETWEEN 4897970 AND 4897979
	Index Scan using sbtest5_pkey on sbtest5  (cost=0.43..39.96 rows=9 width=121)
	  Index Cond: ((id >= 4897970) AND (id <= 4897979))

table 6 : explain SELECT c FROM sbtest6 WHERE id BETWEEN 1658779 AND 1658788
	Index Scan using sbtest6_pkey on sbtest6  (cost=0.43..44.00 rows=10 width=121)
	  Index Cond: ((id >= 1658779) AND (id <= 1658788))

table 7 : explain SELECT c FROM sbtest7 WHERE id BETWEEN 996544 AND 996553
	Index Scan using sbtest7_pkey on sbtest7  (cost=0.43..36.16 rows=8 width=121)
	  Index Cond: ((id >= 996544) AND (id <= 996553))

table 8 : explain SELECT c FROM sbtest8 WHERE id BETWEEN 3462210 AND 3462219
	Index Scan using sbtest8_pkey on sbtest8  (cost=0.43..43.94 rows=10 width=121)
	  Index Cond: ((id >= 3462210) AND (id <= 3462219))

for: simple_ranges
table 1 : explain SELECT c FROM sbtest1 WHERE id BETWEEN 3376857 AND 3376866
	Index Scan using sbtest1_pkey on sbtest1  (cost=0.43..44.07 rows=10 width=121)
	  Index Cond: ((id >= 3376857) AND (id <= 3376866))

table 2 : explain SELECT c FROM sbtest2 WHERE id BETWEEN 402402 AND 402411
	Index Scan using sbtest2_pkey on sbtest2  (cost=0.43..40.10 rows=9 width=121)
	  Index Cond: ((id >= 402402) AND (id <= 402411))

table 3 : explain SELECT c FROM sbtest3 WHERE id BETWEEN 8797102 AND 8797111
	Index Scan using sbtest3_pkey on sbtest3  (cost=0.43..44.07 rows=10 width=121)
	  Index Cond: ((id >= 8797102) AND (id <= 8797111))

table 4 : explain SELECT c FROM sbtest4 WHERE id BETWEEN 6881218 AND 6881227
	Index Scan using sbtest4_pkey on sbtest4  (cost=0.43..44.03 rows=10 width=121)
	  Index Cond: ((id >= 6881218) AND (id <= 6881227))

table 5 : explain SELECT c FROM sbtest5 WHERE id BETWEEN 3589291 AND 3589300
	Index Scan using sbtest5_pkey on sbtest5  (cost=0.43..43.90 rows=10 width=121)
	  Index Cond: ((id >= 3589291) AND (id <= 3589300))

table 6 : explain SELECT c FROM sbtest6 WHERE id BETWEEN 8066049 AND 8066058
	Index Scan using sbtest6_pkey on sbtest6  (cost=0.43..44.00 rows=10 width=121)
	  Index Cond: ((id >= 8066049) AND (id <= 8066058))

table 7 : explain SELECT c FROM sbtest7 WHERE id BETWEEN 9885429 AND 9885438
	Index Scan using sbtest7_pkey on sbtest7  (cost=0.43..40.12 rows=9 width=121)
	  Index Cond: ((id >= 9885429) AND (id <= 9885438))

table 8 : explain SELECT c FROM sbtest8 WHERE id BETWEEN 7304844 AND 7304853
	Index Scan using sbtest8_pkey on sbtest8  (cost=0.43..47.89 rows=11 width=121)
	  Index Cond: ((id >= 7304844) AND (id <= 7304853))

for point_selects
table 1 : explain SELECT c FROM sbtest1 WHERE id=6102313
	Index Scan using sbtest1_pkey on sbtest1  (cost=0.43..8.45 rows=1 width=121)
	  Index Cond: (id = 6102313)

table 2 : explain SELECT c FROM sbtest2 WHERE id=1953636
	Index Scan using sbtest2_pkey on sbtest2  (cost=0.43..8.45 rows=1 width=121)
	  Index Cond: (id = 1953636)

table 3 : explain SELECT c FROM sbtest3 WHERE id=2647865
	Index Scan using sbtest3_pkey on sbtest3  (cost=0.43..8.45 rows=1 width=121)
	  Index Cond: (id = 2647865)

table 4 : explain SELECT c FROM sbtest4 WHERE id=4216665
	Index Scan using sbtest4_pkey on sbtest4  (cost=0.43..8.45 rows=1 width=121)
	  Index Cond: (id = 4216665)

table 5 : explain SELECT c FROM sbtest5 WHERE id=9282433
	Index Scan using sbtest5_pkey on sbtest5  (cost=0.43..8.45 rows=1 width=121)
	  Index Cond: (id = 9282433)

table 6 : explain SELECT c FROM sbtest6 WHERE id=351681
	Index Scan using sbtest6_pkey on sbtest6  (cost=0.43..8.45 rows=1 width=121)
	  Index Cond: (id = 351681)

table 7 : explain SELECT c FROM sbtest7 WHERE id=1624923
	Index Scan using sbtest7_pkey on sbtest7  (cost=0.43..8.45 rows=1 width=121)
	  Index Cond: (id = 1624923)

table 8 : explain SELECT c FROM sbtest8 WHERE id=42399
	Index Scan using sbtest8_pkey on sbtest8  (cost=0.43..8.45 rows=1 width=121)
	  Index Cond: (id = 42399)

for point_selects
table 1 : explain SELECT c FROM sbtest1 WHERE id=5904221
	Index Scan using sbtest1_pkey on sbtest1  (cost=0.43..8.45 rows=1 width=121)
	  Index Cond: (id = 5904221)

table 2 : explain SELECT c FROM sbtest2 WHERE id=5309872
	Index Scan using sbtest2_pkey on sbtest2  (cost=0.43..8.45 rows=1 width=121)
	  Index Cond: (id = 5309872)

table 3 : explain SELECT c FROM sbtest3 WHERE id=8136276
	Index Scan using sbtest3_pkey on sbtest3  (cost=0.43..8.45 rows=1 width=121)
	  Index Cond: (id = 8136276)

table 4 : explain SELECT c FROM sbtest4 WHERE id=4627986
	Index Scan using sbtest4_pkey on sbtest4  (cost=0.43..8.45 rows=1 width=121)
	  Index Cond: (id = 4627986)

table 5 : explain SELECT c FROM sbtest5 WHERE id=2822649
	Index Scan using sbtest5_pkey on sbtest5  (cost=0.43..8.45 rows=1 width=121)
	  Index Cond: (id = 2822649)

table 6 : explain SELECT c FROM sbtest6 WHERE id=2391982
	Index Scan using sbtest6_pkey on sbtest6  (cost=0.43..8.45 rows=1 width=121)
	  Index Cond: (id = 2391982)

table 7 : explain SELECT c FROM sbtest7 WHERE id=3647780
	Index Scan using sbtest7_pkey on sbtest7  (cost=0.43..8.45 rows=1 width=121)
	  Index Cond: (id = 3647780)

table 8 : explain SELECT c FROM sbtest8 WHERE id=2090215
	Index Scan using sbtest8_pkey on sbtest8  (cost=0.43..8.45 rows=1 width=121)
	  Index Cond: (id = 2090215)

for point_selects
table 1 : explain SELECT c FROM sbtest1 WHERE id=8154376
	Index Scan using sbtest1_pkey on sbtest1  (cost=0.43..8.45 rows=1 width=121)
	  Index Cond: (id = 8154376)

table 2 : explain SELECT c FROM sbtest2 WHERE id=4724432
	Index Scan using sbtest2_pkey on sbtest2  (cost=0.43..8.45 rows=1 width=121)
	  Index Cond: (id = 4724432)

table 3 : explain SELECT c FROM sbtest3 WHERE id=2738389
	Index Scan using sbtest3_pkey on sbtest3  (cost=0.43..8.45 rows=1 width=121)
	  Index Cond: (id = 2738389)

table 4 : explain SELECT c FROM sbtest4 WHERE id=6737997
	Index Scan using sbtest4_pkey on sbtest4  (cost=0.43..8.45 rows=1 width=121)
	  Index Cond: (id = 6737997)

table 5 : explain SELECT c FROM sbtest5 WHERE id=6624278
	Index Scan using sbtest5_pkey on sbtest5  (cost=0.43..8.45 rows=1 width=121)
	  Index Cond: (id = 6624278)

table 6 : explain SELECT c FROM sbtest6 WHERE id=9836392
	Index Scan using sbtest6_pkey on sbtest6  (cost=0.43..8.45 rows=1 width=121)
	  Index Cond: (id = 9836392)

table 7 : explain SELECT c FROM sbtest7 WHERE id=6796514
	Index Scan using sbtest7_pkey on sbtest7  (cost=0.43..8.45 rows=1 width=121)
	  Index Cond: (id = 6796514)

table 8 : explain SELECT c FROM sbtest8 WHERE id=6452189
	Index Scan using sbtest8_pkey on sbtest8  (cost=0.43..8.45 rows=1 width=121)
	  Index Cond: (id = 6452189)

for point_selects
table 1 : explain SELECT c FROM sbtest1 WHERE id=9611554
	Index Scan using sbtest1_pkey on sbtest1  (cost=0.43..8.45 rows=1 width=121)
	  Index Cond: (id = 9611554)

table 2 : explain SELECT c FROM sbtest2 WHERE id=1076016
	Index Scan using sbtest2_pkey on sbtest2  (cost=0.43..8.45 rows=1 width=121)
	  Index Cond: (id = 1076016)

table 3 : explain SELECT c FROM sbtest3 WHERE id=4924155
	Index Scan using sbtest3_pkey on sbtest3  (cost=0.43..8.45 rows=1 width=121)
	  Index Cond: (id = 4924155)

table 4 : explain SELECT c FROM sbtest4 WHERE id=9942077
	Index Scan using sbtest4_pkey on sbtest4  (cost=0.43..8.45 rows=1 width=121)
	  Index Cond: (id = 9942077)

table 5 : explain SELECT c FROM sbtest5 WHERE id=944967
	Index Scan using sbtest5_pkey on sbtest5  (cost=0.43..8.45 rows=1 width=121)
	  Index Cond: (id = 944967)

table 6 : explain SELECT c FROM sbtest6 WHERE id=2401280
	Index Scan using sbtest6_pkey on sbtest6  (cost=0.43..8.45 rows=1 width=121)
	  Index Cond: (id = 2401280)

table 7 : explain SELECT c FROM sbtest7 WHERE id=4544791
	Index Scan using sbtest7_pkey on sbtest7  (cost=0.43..8.45 rows=1 width=121)
	  Index Cond: (id = 4544791)

table 8 : explain SELECT c FROM sbtest8 WHERE id=1072205
	Index Scan using sbtest8_pkey on sbtest8  (cost=0.43..8.45 rows=1 width=121)
	  Index Cond: (id = 1072205)

for: sum_ranges
table 1 : explain SELECT SUM(k) FROM sbtest1 WHERE id BETWEEN 977103 AND 977112
	Aggregate  (cost=44.10..44.11 rows=1 width=8)
	  ->  Index Scan using sbtest1_pkey on sbtest1  (cost=0.43..44.07 rows=10 width=4)
	        Index Cond: ((id >= 977103) AND (id <= 977112))

table 2 : explain SELECT SUM(k) FROM sbtest2 WHERE id BETWEEN 985044 AND 985053
	Aggregate  (cost=44.08..44.09 rows=1 width=8)
	  ->  Index Scan using sbtest2_pkey on sbtest2  (cost=0.43..44.05 rows=10 width=4)
	        Index Cond: ((id >= 985044) AND (id <= 985053))

table 3 : explain SELECT SUM(k) FROM sbtest3 WHERE id BETWEEN 1815774 AND 1815783
	Aggregate  (cost=48.06..48.07 rows=1 width=8)
	  ->  Index Scan using sbtest3_pkey on sbtest3  (cost=0.43..48.03 rows=11 width=4)
	        Index Cond: ((id >= 1815774) AND (id <= 1815783))

table 4 : explain SELECT SUM(k) FROM sbtest4 WHERE id BETWEEN 8561249 AND 8561258
	Aggregate  (cost=44.06..44.07 rows=1 width=8)
	  ->  Index Scan using sbtest4_pkey on sbtest4  (cost=0.43..44.03 rows=10 width=4)
	        Index Cond: ((id >= 8561249) AND (id <= 8561258))

table 5 : explain SELECT SUM(k) FROM sbtest5 WHERE id BETWEEN 1356880 AND 1356889
	Aggregate  (cost=39.98..39.99 rows=1 width=8)
	  ->  Index Scan using sbtest5_pkey on sbtest5  (cost=0.43..39.96 rows=9 width=4)
	        Index Cond: ((id >= 1356880) AND (id <= 1356889))

table 6 : explain SELECT SUM(k) FROM sbtest6 WHERE id BETWEEN 7825916 AND 7825925
	Aggregate  (cost=47.98..47.99 rows=1 width=8)
	  ->  Index Scan using sbtest6_pkey on sbtest6  (cost=0.43..47.95 rows=11 width=4)
	        Index Cond: ((id >= 7825916) AND (id <= 7825925))

table 7 : explain SELECT SUM(k) FROM sbtest7 WHERE id BETWEEN 3203961 AND 3203970
	Aggregate  (cost=40.14..40.15 rows=1 width=8)
	  ->  Index Scan using sbtest7_pkey on sbtest7  (cost=0.43..40.12 rows=9 width=4)
	        Index Cond: ((id >= 3203961) AND (id <= 3203970))

table 8 : explain SELECT SUM(k) FROM sbtest8 WHERE id BETWEEN 9316134 AND 9316143
	Aggregate  (cost=43.97..43.98 rows=1 width=8)
	  ->  Index Scan using sbtest8_pkey on sbtest8  (cost=0.43..43.94 rows=10 width=4)
	        Index Cond: ((id >= 9316134) AND (id <= 9316143))

for: simple_ranges
table 1 : explain SELECT c FROM sbtest1 WHERE id BETWEEN 2798663 AND 2798672
	Index Scan using sbtest1_pkey on sbtest1  (cost=0.43..44.07 rows=10 width=121)
	  Index Cond: ((id >= 2798663) AND (id <= 2798672))

table 2 : explain SELECT c FROM sbtest2 WHERE id BETWEEN 691126 AND 691135
	Index Scan using sbtest2_pkey on sbtest2  (cost=0.43..44.05 rows=10 width=121)
	  Index Cond: ((id >= 691126) AND (id <= 691135))

table 3 : explain SELECT c FROM sbtest3 WHERE id BETWEEN 9473346 AND 9473355
	Index Scan using sbtest3_pkey on sbtest3  (cost=0.43..44.07 rows=10 width=121)
	  Index Cond: ((id >= 9473346) AND (id <= 9473355))

table 4 : explain SELECT c FROM sbtest4 WHERE id BETWEEN 1045378 AND 1045387
	Index Scan using sbtest4_pkey on sbtest4  (cost=0.43..44.03 rows=10 width=121)
	  Index Cond: ((id >= 1045378) AND (id <= 1045387))

table 5 : explain SELECT c FROM sbtest5 WHERE id BETWEEN 7490591 AND 7490600
	Index Scan using sbtest5_pkey on sbtest5  (cost=0.43..43.90 rows=10 width=121)
	  Index Cond: ((id >= 7490591) AND (id <= 7490600))

table 6 : explain SELECT c FROM sbtest6 WHERE id BETWEEN 438372 AND 438381
	Index Scan using sbtest6_pkey on sbtest6  (cost=0.43..44.00 rows=10 width=121)
	  Index Cond: ((id >= 438372) AND (id <= 438381))

table 7 : explain SELECT c FROM sbtest7 WHERE id BETWEEN 6674945 AND 6674954
	Index Scan using sbtest7_pkey on sbtest7  (cost=0.43..48.04 rows=11 width=121)
	  Index Cond: ((id >= 6674945) AND (id <= 6674954))

table 8 : explain SELECT c FROM sbtest8 WHERE id BETWEEN 7246423 AND 7246432
	Index Scan using sbtest8_pkey on sbtest8  (cost=0.43..51.83 rows=12 width=121)
	  Index Cond: ((id >= 7246423) AND (id <= 7246432))

for: sum_ranges
table 1 : explain SELECT SUM(k) FROM sbtest1 WHERE id BETWEEN 6183158 AND 6183167
	Aggregate  (cost=44.10..44.11 rows=1 width=8)
	  ->  Index Scan using sbtest1_pkey on sbtest1  (cost=0.43..44.07 rows=10 width=4)
	        Index Cond: ((id >= 6183158) AND (id <= 6183167))

table 2 : explain SELECT SUM(k) FROM sbtest2 WHERE id BETWEEN 3884947 AND 3884956
	Aggregate  (cost=44.08..44.09 rows=1 width=8)
	  ->  Index Scan using sbtest2_pkey on sbtest2  (cost=0.43..44.05 rows=10 width=4)
	        Index Cond: ((id >= 3884947) AND (id <= 3884956))

table 3 : explain SELECT SUM(k) FROM sbtest3 WHERE id BETWEEN 8947111 AND 8947120
	Aggregate  (cost=48.06..48.07 rows=1 width=8)
	  ->  Index Scan using sbtest3_pkey on sbtest3  (cost=0.43..48.03 rows=11 width=4)
	        Index Cond: ((id >= 8947111) AND (id <= 8947120))

table 4 : explain SELECT SUM(k) FROM sbtest4 WHERE id BETWEEN 7175325 AND 7175334
	Aggregate  (cost=44.06..44.07 rows=1 width=8)
	  ->  Index Scan using sbtest4_pkey on sbtest4  (cost=0.43..44.03 rows=10 width=4)
	        Index Cond: ((id >= 7175325) AND (id <= 7175334))

table 5 : explain SELECT SUM(k) FROM sbtest5 WHERE id BETWEEN 7817153 AND 7817162
	Aggregate  (cost=47.87..47.88 rows=1 width=8)
	  ->  Index Scan using sbtest5_pkey on sbtest5  (cost=0.43..47.84 rows=11 width=4)
	        Index Cond: ((id >= 7817153) AND (id <= 7817162))

table 6 : explain SELECT SUM(k) FROM sbtest6 WHERE id BETWEEN 8930031 AND 8930040
	Aggregate  (cost=44.03..44.04 rows=1 width=8)
	  ->  Index Scan using sbtest6_pkey on sbtest6  (cost=0.43..44.00 rows=10 width=4)
	        Index Cond: ((id >= 8930031) AND (id <= 8930040))

table 7 : explain SELECT SUM(k) FROM sbtest7 WHERE id BETWEEN 963029 AND 963038
	Aggregate  (cost=36.18..36.19 rows=1 width=8)
	  ->  Index Scan using sbtest7_pkey on sbtest7  (cost=0.43..36.16 rows=8 width=4)
	        Index Cond: ((id >= 963029) AND (id <= 963038))

table 8 : explain SELECT SUM(k) FROM sbtest8 WHERE id BETWEEN 9912804 AND 9912813
	Aggregate  (cost=43.97..43.98 rows=1 width=8)
	  ->  Index Scan using sbtest8_pkey on sbtest8  (cost=0.43..43.94 rows=10 width=4)
	        Index Cond: ((id >= 9912804) AND (id <= 9912813))

for: simple_ranges
table 1 : explain SELECT c FROM sbtest1 WHERE id BETWEEN 1603887 AND 1603896
	Index Scan using sbtest1_pkey on sbtest1  (cost=0.43..44.07 rows=10 width=121)
	  Index Cond: ((id >= 1603887) AND (id <= 1603896))

table 2 : explain SELECT c FROM sbtest2 WHERE id BETWEEN 1721668 AND 1721677
	Index Scan using sbtest2_pkey on sbtest2  (cost=0.43..48.01 rows=11 width=121)
	  Index Cond: ((id >= 1721668) AND (id <= 1721677))

table 3 : explain SELECT c FROM sbtest3 WHERE id BETWEEN 7564373 AND 7564382
	Index Scan using sbtest3_pkey on sbtest3  (cost=0.43..44.07 rows=10 width=121)
	  Index Cond: ((id >= 7564373) AND (id <= 7564382))

table 4 : explain SELECT c FROM sbtest4 WHERE id BETWEEN 8584360 AND 8584369
	Index Scan using sbtest4_pkey on sbtest4  (cost=0.43..44.03 rows=10 width=121)
	  Index Cond: ((id >= 8584360) AND (id <= 8584369))

table 5 : explain SELECT c FROM sbtest5 WHERE id BETWEEN 9203748 AND 9203757
	Index Scan using sbtest5_pkey on sbtest5  (cost=0.43..39.96 rows=9 width=121)
	  Index Cond: ((id >= 9203748) AND (id <= 9203757))

table 6 : explain SELECT c FROM sbtest6 WHERE id BETWEEN 3531612 AND 3531621
	Index Scan using sbtest6_pkey on sbtest6  (cost=0.43..44.00 rows=10 width=121)
	  Index Cond: ((id >= 3531612) AND (id <= 3531621))

table 7 : explain SELECT c FROM sbtest7 WHERE id BETWEEN 596884 AND 596893
	Index Scan using sbtest7_pkey on sbtest7  (cost=0.43..44.08 rows=10 width=121)
	  Index Cond: ((id >= 596884) AND (id <= 596893))

table 8 : explain SELECT c FROM sbtest8 WHERE id BETWEEN 2991376 AND 2991385
	Index Scan using sbtest8_pkey on sbtest8  (cost=0.43..43.94 rows=10 width=121)
	  Index Cond: ((id >= 2991376) AND (id <= 2991385))

for: sum_ranges
table 1 : explain SELECT SUM(k) FROM sbtest1 WHERE id BETWEEN 8997370 AND 8997379
	Aggregate  (cost=44.10..44.11 rows=1 width=8)
	  ->  Index Scan using sbtest1_pkey on sbtest1  (cost=0.43..44.07 rows=10 width=4)
	        Index Cond: ((id >= 8997370) AND (id <= 8997379))

table 2 : explain SELECT SUM(k) FROM sbtest2 WHERE id BETWEEN 4349474 AND 4349483
	Aggregate  (cost=44.08..44.09 rows=1 width=8)
	  ->  Index Scan using sbtest2_pkey on sbtest2  (cost=0.43..44.05 rows=10 width=4)
	        Index Cond: ((id >= 4349474) AND (id <= 4349483))

table 3 : explain SELECT SUM(k) FROM sbtest3 WHERE id BETWEEN 4950372 AND 4950381
	Aggregate  (cost=44.10..44.11 rows=1 width=8)
	  ->  Index Scan using sbtest3_pkey on sbtest3  (cost=0.43..44.07 rows=10 width=4)
	        Index Cond: ((id >= 4950372) AND (id <= 4950381))

table 4 : explain SELECT SUM(k) FROM sbtest4 WHERE id BETWEEN 1548762 AND 1548771
	Aggregate  (cost=48.01..48.02 rows=1 width=8)
	  ->  Index Scan using sbtest4_pkey on sbtest4  (cost=0.43..47.98 rows=11 width=4)
	        Index Cond: ((id >= 1548762) AND (id <= 1548771))

table 5 : explain SELECT SUM(k) FROM sbtest5 WHERE id BETWEEN 7378494 AND 7378503
	Aggregate  (cost=39.98..39.99 rows=1 width=8)
	  ->  Index Scan using sbtest5_pkey on sbtest5  (cost=0.43..39.96 rows=9 width=4)
	        Index Cond: ((id >= 7378494) AND (id <= 7378503))

table 6 : explain SELECT SUM(k) FROM sbtest6 WHERE id BETWEEN 6870005 AND 6870014
	Aggregate  (cost=44.03..44.04 rows=1 width=8)
	  ->  Index Scan using sbtest6_pkey on sbtest6  (cost=0.43..44.00 rows=10 width=4)
	        Index Cond: ((id >= 6870005) AND (id <= 6870014))

table 7 : explain SELECT SUM(k) FROM sbtest7 WHERE id BETWEEN 1231788 AND 1231797
	Aggregate  (cost=44.11..44.12 rows=1 width=8)
	  ->  Index Scan using sbtest7_pkey on sbtest7  (cost=0.43..44.08 rows=10 width=4)
	        Index Cond: ((id >= 1231788) AND (id <= 1231797))

table 8 : explain SELECT SUM(k) FROM sbtest8 WHERE id BETWEEN 878865 AND 878874
	Aggregate  (cost=47.91..47.92 rows=1 width=8)
	  ->  Index Scan using sbtest8_pkey on sbtest8  (cost=0.43..47.89 rows=11 width=4)
	        Index Cond: ((id >= 878865) AND (id <= 878874))

for: simple_ranges
table 1 : explain SELECT c FROM sbtest1 WHERE id BETWEEN 7264722 AND 7264731
	Index Scan using sbtest1_pkey on sbtest1  (cost=0.43..44.07 rows=10 width=121)
	  Index Cond: ((id >= 7264722) AND (id <= 7264731))

table 2 : explain SELECT c FROM sbtest2 WHERE id BETWEEN 3352674 AND 3352683
	Index Scan using sbtest2_pkey on sbtest2  (cost=0.43..48.01 rows=11 width=121)
	  Index Cond: ((id >= 3352674) AND (id <= 3352683))

table 3 : explain SELECT c FROM sbtest3 WHERE id BETWEEN 4676639 AND 4676648
	Index Scan using sbtest3_pkey on sbtest3  (cost=0.43..44.07 rows=10 width=121)
	  Index Cond: ((id >= 4676639) AND (id <= 4676648))

table 4 : explain SELECT c FROM sbtest4 WHERE id BETWEEN 5432848 AND 5432857
	Index Scan using sbtest4_pkey on sbtest4  (cost=0.43..44.03 rows=10 width=121)
	  Index Cond: ((id >= 5432848) AND (id <= 5432857))

table 5 : explain SELECT c FROM sbtest5 WHERE id BETWEEN 1895408 AND 1895417
	Index Scan using sbtest5_pkey on sbtest5  (cost=0.43..43.90 rows=10 width=121)
	  Index Cond: ((id >= 1895408) AND (id <= 1895417))

table 6 : explain SELECT c FROM sbtest6 WHERE id BETWEEN 3363357 AND 3363366
	Index Scan using sbtest6_pkey on sbtest6  (cost=0.43..44.00 rows=10 width=121)
	  Index Cond: ((id >= 3363357) AND (id <= 3363366))

table 7 : explain SELECT c FROM sbtest7 WHERE id BETWEEN 7434884 AND 7434893
	Index Scan using sbtest7_pkey on sbtest7  (cost=0.43..48.04 rows=11 width=121)
	  Index Cond: ((id >= 7434884) AND (id <= 7434893))

table 8 : explain SELECT c FROM sbtest8 WHERE id BETWEEN 9345585 AND 9345594
	Index Scan using sbtest8_pkey on sbtest8  (cost=0.43..43.94 rows=10 width=121)
	  Index Cond: ((id >= 9345585) AND (id <= 9345594))

for: simple_ranges
table 1 : explain SELECT c FROM sbtest1 WHERE id BETWEEN 3032258 AND 3032267
	Index Scan using sbtest1_pkey on sbtest1  (cost=0.43..44.07 rows=10 width=121)
	  Index Cond: ((id >= 3032258) AND (id <= 3032267))

table 2 : explain SELECT c FROM sbtest2 WHERE id BETWEEN 1198289 AND 1198298
	Index Scan using sbtest2_pkey on sbtest2  (cost=0.43..44.05 rows=10 width=121)
	  Index Cond: ((id >= 1198289) AND (id <= 1198298))

table 3 : explain SELECT c FROM sbtest3 WHERE id BETWEEN 3592384 AND 3592393
	Index Scan using sbtest3_pkey on sbtest3  (cost=0.43..44.07 rows=10 width=121)
	  Index Cond: ((id >= 3592384) AND (id <= 3592393))

table 4 : explain SELECT c FROM sbtest4 WHERE id BETWEEN 7241760 AND 7241769
	Index Scan using sbtest4_pkey on sbtest4  (cost=0.43..44.03 rows=10 width=121)
	  Index Cond: ((id >= 7241760) AND (id <= 7241769))

table 5 : explain SELECT c FROM sbtest5 WHERE id BETWEEN 6149723 AND 6149732
	Index Scan using sbtest5_pkey on sbtest5  (cost=0.43..39.96 rows=9 width=121)
	  Index Cond: ((id >= 6149723) AND (id <= 6149732))

table 6 : explain SELECT c FROM sbtest6 WHERE id BETWEEN 5692524 AND 5692533
	Index Scan using sbtest6_pkey on sbtest6  (cost=0.43..44.00 rows=10 width=121)
	  Index Cond: ((id >= 5692524) AND (id <= 5692533))

table 7 : explain SELECT c FROM sbtest7 WHERE id BETWEEN 8884772 AND 8884781
	Index Scan using sbtest7_pkey on sbtest7  (cost=0.43..44.08 rows=10 width=121)
	  Index Cond: ((id >= 8884772) AND (id <= 8884781))

table 8 : explain SELECT c FROM sbtest8 WHERE id BETWEEN 1956440 AND 1956449
	Index Scan using sbtest8_pkey on sbtest8  (cost=0.43..43.94 rows=10 width=121)
	  Index Cond: ((id >= 1956440) AND (id <= 1956449))

for point_selects
table 1 : explain SELECT c FROM sbtest1 WHERE id=9662160
	Index Scan using sbtest1_pkey on sbtest1  (cost=0.43..8.45 rows=1 width=121)
	  Index Cond: (id = 9662160)

table 2 : explain SELECT c FROM sbtest2 WHERE id=6307774
	Index Scan using sbtest2_pkey on sbtest2  (cost=0.43..8.45 rows=1 width=121)
	  Index Cond: (id = 6307774)

table 3 : explain SELECT c FROM sbtest3 WHERE id=8398854
	Index Scan using sbtest3_pkey on sbtest3  (cost=0.43..8.45 rows=1 width=121)
	  Index Cond: (id = 8398854)

table 4 : explain SELECT c FROM sbtest4 WHERE id=5788694
	Index Scan using sbtest4_pkey on sbtest4  (cost=0.43..8.45 rows=1 width=121)
	  Index Cond: (id = 5788694)

table 5 : explain SELECT c FROM sbtest5 WHERE id=3499942
	Index Scan using sbtest5_pkey on sbtest5  (cost=0.43..8.45 rows=1 width=121)
	  Index Cond: (id = 3499942)

table 6 : explain SELECT c FROM sbtest6 WHERE id=5178914
	Index Scan using sbtest6_pkey on sbtest6  (cost=0.43..8.45 rows=1 width=121)
	  Index Cond: (id = 5178914)

table 7 : explain SELECT c FROM sbtest7 WHERE id=9033630
	Index Scan using sbtest7_pkey on sbtest7  (cost=0.43..8.45 rows=1 width=121)
	  Index Cond: (id = 9033630)

table 8 : explain SELECT c FROM sbtest8 WHERE id=8436211
	Index Scan using sbtest8_pkey on sbtest8  (cost=0.43..8.45 rows=1 width=121)
	  Index Cond: (id = 8436211)

for: sum_ranges
table 1 : explain SELECT SUM(k) FROM sbtest1 WHERE id BETWEEN 3627006 AND 3627015
	Aggregate  (cost=40.14..40.15 rows=1 width=8)
	  ->  Index Scan using sbtest1_pkey on sbtest1  (cost=0.43..40.11 rows=9 width=4)
	        Index Cond: ((id >= 3627006) AND (id <= 3627015))

table 2 : explain SELECT SUM(k) FROM sbtest2 WHERE id BETWEEN 9315765 AND 9315774
	Aggregate  (cost=48.04..48.05 rows=1 width=8)
	  ->  Index Scan using sbtest2_pkey on sbtest2  (cost=0.43..48.01 rows=11 width=4)
	        Index Cond: ((id >= 9315765) AND (id <= 9315774))

table 3 : explain SELECT SUM(k) FROM sbtest3 WHERE id BETWEEN 2817869 AND 2817878
	Aggregate  (cost=40.14..40.15 rows=1 width=8)
	  ->  Index Scan using sbtest3_pkey on sbtest3  (cost=0.43..40.11 rows=9 width=4)
	        Index Cond: ((id >= 2817869) AND (id <= 2817878))

table 4 : explain SELECT SUM(k) FROM sbtest4 WHERE id BETWEEN 2806325 AND 2806334
	Aggregate  (cost=44.06..44.07 rows=1 width=8)
	  ->  Index Scan using sbtest4_pkey on sbtest4  (cost=0.43..44.03 rows=10 width=4)
	        Index Cond: ((id >= 2806325) AND (id <= 2806334))

table 5 : explain SELECT SUM(k) FROM sbtest5 WHERE id BETWEEN 8431589 AND 8431598
	Aggregate  (cost=39.98..39.99 rows=1 width=8)
	  ->  Index Scan using sbtest5_pkey on sbtest5  (cost=0.43..39.96 rows=9 width=4)
	        Index Cond: ((id >= 8431589) AND (id <= 8431598))

table 6 : explain SELECT SUM(k) FROM sbtest6 WHERE id BETWEEN 120680 AND 120689
	Aggregate  (cost=44.03..44.04 rows=1 width=8)
	  ->  Index Scan using sbtest6_pkey on sbtest6  (cost=0.43..44.00 rows=10 width=4)
	        Index Cond: ((id >= 120680) AND (id <= 120689))

table 7 : explain SELECT SUM(k) FROM sbtest7 WHERE id BETWEEN 561302 AND 561311
	Aggregate  (cost=44.11..44.12 rows=1 width=8)
	  ->  Index Scan using sbtest7_pkey on sbtest7  (cost=0.43..44.08 rows=10 width=4)
	        Index Cond: ((id >= 561302) AND (id <= 561311))

table 8 : explain SELECT SUM(k) FROM sbtest8 WHERE id BETWEEN 3249795 AND 3249804
	Aggregate  (cost=47.91..47.92 rows=1 width=8)
	  ->  Index Scan using sbtest8_pkey on sbtest8  (cost=0.43..47.89 rows=11 width=4)
	        Index Cond: ((id >= 3249795) AND (id <= 3249804))

for: sum_ranges
table 1 : explain SELECT SUM(k) FROM sbtest1 WHERE id BETWEEN 9764478 AND 9764487
	Aggregate  (cost=40.14..40.15 rows=1 width=8)
	  ->  Index Scan using sbtest1_pkey on sbtest1  (cost=0.43..40.11 rows=9 width=4)
	        Index Cond: ((id >= 9764478) AND (id <= 9764487))

table 2 : explain SELECT SUM(k) FROM sbtest2 WHERE id BETWEEN 8428417 AND 8428426
	Aggregate  (cost=44.08..44.09 rows=1 width=8)
	  ->  Index Scan using sbtest2_pkey on sbtest2  (cost=0.43..44.05 rows=10 width=4)
	        Index Cond: ((id >= 8428417) AND (id <= 8428426))

table 3 : explain SELECT SUM(k) FROM sbtest3 WHERE id BETWEEN 8915551 AND 8915560
	Aggregate  (cost=48.06..48.07 rows=1 width=8)
	  ->  Index Scan using sbtest3_pkey on sbtest3  (cost=0.43..48.03 rows=11 width=4)
	        Index Cond: ((id >= 8915551) AND (id <= 8915560))

table 4 : explain SELECT SUM(k) FROM sbtest4 WHERE id BETWEEN 8815952 AND 8815961
	Aggregate  (cost=44.06..44.07 rows=1 width=8)
	  ->  Index Scan using sbtest4_pkey on sbtest4  (cost=0.43..44.03 rows=10 width=4)
	        Index Cond: ((id >= 8815952) AND (id <= 8815961))

table 5 : explain SELECT SUM(k) FROM sbtest5 WHERE id BETWEEN 9771355 AND 9771364
	Aggregate  (cost=43.92..43.93 rows=1 width=8)
	  ->  Index Scan using sbtest5_pkey on sbtest5  (cost=0.43..43.90 rows=10 width=4)
	        Index Cond: ((id >= 9771355) AND (id <= 9771364))

table 6 : explain SELECT SUM(k) FROM sbtest6 WHERE id BETWEEN 4585089 AND 4585098
	Aggregate  (cost=47.98..47.99 rows=1 width=8)
	  ->  Index Scan using sbtest6_pkey on sbtest6  (cost=0.43..47.95 rows=11 width=4)
	        Index Cond: ((id >= 4585089) AND (id <= 4585098))

table 7 : explain SELECT SUM(k) FROM sbtest7 WHERE id BETWEEN 5284702 AND 5284711
	Aggregate  (cost=40.14..40.15 rows=1 width=8)
	  ->  Index Scan using sbtest7_pkey on sbtest7  (cost=0.43..40.12 rows=9 width=4)
	        Index Cond: ((id >= 5284702) AND (id <= 5284711))

table 8 : explain SELECT SUM(k) FROM sbtest8 WHERE id BETWEEN 4628167 AND 4628176
	Aggregate  (cost=47.91..47.92 rows=1 width=8)
	  ->  Index Scan using sbtest8_pkey on sbtest8  (cost=0.43..47.89 rows=11 width=4)
	        Index Cond: ((id >= 4628167) AND (id <= 4628176))
for: simple_ranges
table 1 : explain SELECT c FROM sbtest1 WHERE id BETWEEN 1143719 AND 1143728
	Index Scan using sbtest1_pkey on sbtest1  (cost=0.43..44.07 rows=10 width=121)
	  Index Cond: ((id >= 1143719) AND (id <= 1143728))

table 2 : explain SELECT c FROM sbtest2 WHERE id BETWEEN 7172083 AND 7172092
	Index Scan using sbtest2_pkey on sbtest2  (cost=0.43..44.05 rows=10 width=121)
	  Index Cond: ((id >= 7172083) AND (id <= 7172092))

table 3 : explain SELECT c FROM sbtest3 WHERE id BETWEEN 2628064 AND 2628073
	Index Scan using sbtest3_pkey on sbtest3  (cost=0.43..44.07 rows=10 width=121)
	  Index Cond: ((id >= 2628064) AND (id <= 2628073))

table 4 : explain SELECT c FROM sbtest4 WHERE id BETWEEN 2776085 AND 2776094
	Index Scan using sbtest4_pkey on sbtest4  (cost=0.43..47.98 rows=11 width=121)
	  Index Cond: ((id >= 2776085) AND (id <= 2776094))

table 5 : explain SELECT c FROM sbtest5 WHERE id BETWEEN 387714 AND 387723
	Index Scan using sbtest5_pkey on sbtest5  (cost=0.43..43.90 rows=10 width=121)
	  Index Cond: ((id >= 387714) AND (id <= 387723))

table 6 : explain SELECT c FROM sbtest6 WHERE id BETWEEN 3950474 AND 3950483
	Index Scan using sbtest6_pkey on sbtest6  (cost=0.43..44.00 rows=10 width=121)
	  Index Cond: ((id >= 3950474) AND (id <= 3950483))

table 7 : explain SELECT c FROM sbtest7 WHERE id BETWEEN 8309298 AND 8309307
	Index Scan using sbtest7_pkey on sbtest7  (cost=0.43..44.08 rows=10 width=121)
	  Index Cond: ((id >= 8309298) AND (id <= 8309307))

table 8 : explain SELECT c FROM sbtest8 WHERE id BETWEEN 5007180 AND 5007189
	Index Scan using sbtest8_pkey on sbtest8  (cost=0.43..43.94 rows=10 width=121)
	  Index Cond: ((id >= 5007180) AND (id <= 5007189))
for: simple_ranges
table 1 : explain SELECT c FROM sbtest1 WHERE id BETWEEN 5741462 AND 5741471
	Index Scan using sbtest1_pkey on sbtest1  (cost=0.43..44.07 rows=10 width=121)
	  Index Cond: ((id >= 5741462) AND (id <= 5741471))

table 2 : explain SELECT c FROM sbtest2 WHERE id BETWEEN 3336669 AND 3336678
	Index Scan using sbtest2_pkey on sbtest2  (cost=0.43..44.05 rows=10 width=121)
	  Index Cond: ((id >= 3336669) AND (id <= 3336678))

table 3 : explain SELECT c FROM sbtest3 WHERE id BETWEEN 9365982 AND 9365991
	Index Scan using sbtest3_pkey on sbtest3  (cost=0.43..44.07 rows=10 width=121)
	  Index Cond: ((id >= 9365982) AND (id <= 9365991))

table 4 : explain SELECT c FROM sbtest4 WHERE id BETWEEN 2681265 AND 2681274
	Index Scan using sbtest4_pkey on sbtest4  (cost=0.43..44.03 rows=10 width=121)
	  Index Cond: ((id >= 2681265) AND (id <= 2681274))

table 5 : explain SELECT c FROM sbtest5 WHERE id BETWEEN 8742035 AND 8742044
	Index Scan using sbtest5_pkey on sbtest5  (cost=0.43..39.96 rows=9 width=121)
	  Index Cond: ((id >= 8742035) AND (id <= 8742044))

table 6 : explain SELECT c FROM sbtest6 WHERE id BETWEEN 4206576 AND 4206585
	Index Scan using sbtest6_pkey on sbtest6  (cost=0.43..44.00 rows=10 width=121)
	  Index Cond: ((id >= 4206576) AND (id <= 4206585))

table 7 : explain SELECT c FROM sbtest7 WHERE id BETWEEN 9150950 AND 9150959
	Index Scan using sbtest7_pkey on sbtest7  (cost=0.43..44.08 rows=10 width=121)
	  Index Cond: ((id >= 9150950) AND (id <= 9150959))

table 8 : explain SELECT c FROM sbtest8 WHERE id BETWEEN 310295 AND 310304
	Index Scan using sbtest8_pkey on sbtest8  (cost=0.43..40.00 rows=9 width=121)
	  Index Cond: ((id >= 310295) AND (id <= 310304))
for point_selects
table 1 : explain SELECT c FROM sbtest1 WHERE id=6634813
	Index Scan using sbtest1_pkey on sbtest1  (cost=0.43..8.45 rows=1 width=121)
	  Index Cond: (id = 6634813)

table 2 : explain SELECT c FROM sbtest2 WHERE id=2854923
	Index Scan using sbtest2_pkey on sbtest2  (cost=0.43..8.45 rows=1 width=121)
	  Index Cond: (id = 2854923)

table 3 : explain SELECT c FROM sbtest3 WHERE id=2201312
	Index Scan using sbtest3_pkey on sbtest3  (cost=0.43..8.45 rows=1 width=121)
	  Index Cond: (id = 2201312)

table 4 : explain SELECT c FROM sbtest4 WHERE id=3582430
	Index Scan using sbtest4_pkey on sbtest4  (cost=0.43..8.45 rows=1 width=121)
	  Index Cond: (id = 3582430)

table 5 : explain SELECT c FROM sbtest5 WHERE id=7296908
	Index Scan using sbtest5_pkey on sbtest5  (cost=0.43..8.45 rows=1 width=121)
	  Index Cond: (id = 7296908)

table 6 : explain SELECT c FROM sbtest6 WHERE id=5057659
	Index Scan using sbtest6_pkey on sbtest6  (cost=0.43..8.45 rows=1 width=121)
	  Index Cond: (id = 5057659)

table 7 : explain SELECT c FROM sbtest7 WHERE id=4456878
	Index Scan using sbtest7_pkey on sbtest7  (cost=0.43..8.45 rows=1 width=121)
	  Index Cond: (id = 4456878)

table 8 : explain SELECT c FROM sbtest8 WHERE id=2574747
	Index Scan using sbtest8_pkey on sbtest8  (cost=0.43..8.45 rows=1 width=121)
	  Index Cond: (id = 2574747)

for: sum_ranges
table 1 : explain SELECT SUM(k) FROM sbtest1 WHERE id BETWEEN 9172443 AND 9172452
	Aggregate  (cost=40.14..40.15 rows=1 width=8)
	  ->  Index Scan using sbtest1_pkey on sbtest1  (cost=0.43..40.11 rows=9 width=4)
	        Index Cond: ((id >= 9172443) AND (id <= 9172452))

table 2 : explain SELECT SUM(k) FROM sbtest2 WHERE id BETWEEN 9667302 AND 9667311
	Aggregate  (cost=44.08..44.09 rows=1 width=8)
	  ->  Index Scan using sbtest2_pkey on sbtest2  (cost=0.43..44.05 rows=10 width=4)
	        Index Cond: ((id >= 9667302) AND (id <= 9667311))

table 3 : explain SELECT SUM(k) FROM sbtest3 WHERE id BETWEEN 7932030 AND 7932039
	Aggregate  (cost=44.10..44.11 rows=1 width=8)
	  ->  Index Scan using sbtest3_pkey on sbtest3  (cost=0.43..44.07 rows=10 width=4)
	        Index Cond: ((id >= 7932030) AND (id <= 7932039))

table 4 : explain SELECT SUM(k) FROM sbtest4 WHERE id BETWEEN 9669993 AND 9670002
	Aggregate  (cost=40.10..40.11 rows=1 width=8)
	  ->  Index Scan using sbtest4_pkey on sbtest4  (cost=0.43..40.08 rows=9 width=4)
	        Index Cond: ((id >= 9669993) AND (id <= 9670002))

table 5 : explain SELECT SUM(k) FROM sbtest5 WHERE id BETWEEN 2667543 AND 2667552
	Aggregate  (cost=39.98..39.99 rows=1 width=8)
	  ->  Index Scan using sbtest5_pkey on sbtest5  (cost=0.43..39.96 rows=9 width=4)
	        Index Cond: ((id >= 2667543) AND (id <= 2667552))

table 6 : explain SELECT SUM(k) FROM sbtest6 WHERE id BETWEEN 7906437 AND 7906446
	Aggregate  (cost=47.98..47.99 rows=1 width=8)
	  ->  Index Scan using sbtest6_pkey on sbtest6  (cost=0.43..47.95 rows=11 width=4)
	        Index Cond: ((id >= 7906437) AND (id <= 7906446))

table 7 : explain SELECT SUM(k) FROM sbtest7 WHERE id BETWEEN 7928572 AND 7928581
	Aggregate  (cost=48.07..48.08 rows=1 width=8)
	  ->  Index Scan using sbtest7_pkey on sbtest7  (cost=0.43..48.04 rows=11 width=4)
	        Index Cond: ((id >= 7928572) AND (id <= 7928581))

table 8 : explain SELECT SUM(k) FROM sbtest8 WHERE id BETWEEN 2397499 AND 2397508
	Aggregate  (cost=43.97..43.98 rows=1 width=8)
	  ->  Index Scan using sbtest8_pkey on sbtest8  (cost=0.43..43.94 rows=10 width=4)
	        Index Cond: ((id >= 2397499) AND (id <= 2397508))

for: simple_ranges
table 1 : explain SELECT c FROM sbtest1 WHERE id BETWEEN 7024286 AND 7024295
	Index Scan using sbtest1_pkey on sbtest1  (cost=0.43..44.07 rows=10 width=121)
	  Index Cond: ((id >= 7024286) AND (id <= 7024295))

table 2 : explain SELECT c FROM sbtest2 WHERE id BETWEEN 488147 AND 488156
	Index Scan using sbtest2_pkey on sbtest2  (cost=0.43..40.10 rows=9 width=121)
	  Index Cond: ((id >= 488147) AND (id <= 488156))

table 3 : explain SELECT c FROM sbtest3 WHERE id BETWEEN 1976585 AND 1976594
	Index Scan using sbtest3_pkey on sbtest3  (cost=0.43..44.07 rows=10 width=121)
	  Index Cond: ((id >= 1976585) AND (id <= 1976594))

table 4 : explain SELECT c FROM sbtest4 WHERE id BETWEEN 7750606 AND 7750615
	Index Scan using sbtest4_pkey on sbtest4  (cost=0.43..40.08 rows=9 width=121)
	  Index Cond: ((id >= 7750606) AND (id <= 7750615))

table 5 : explain SELECT c FROM sbtest5 WHERE id BETWEEN 5068452 AND 5068461
	Index Scan using sbtest5_pkey on sbtest5  (cost=0.43..47.84 rows=11 width=121)
	  Index Cond: ((id >= 5068452) AND (id <= 5068461))

table 6 : explain SELECT c FROM sbtest6 WHERE id BETWEEN 1827646 AND 1827655
	Index Scan using sbtest6_pkey on sbtest6  (cost=0.43..47.95 rows=11 width=121)
	  Index Cond: ((id >= 1827646) AND (id <= 1827655))

table 7 : explain SELECT c FROM sbtest7 WHERE id BETWEEN 2410442 AND 2410451
	Index Scan using sbtest7_pkey on sbtest7  (cost=0.43..44.08 rows=10 width=121)
	  Index Cond: ((id >= 2410442) AND (id <= 2410451))

table 8 : explain SELECT c FROM sbtest8 WHERE id BETWEEN 865543 AND 865552
	Index Scan using sbtest8_pkey on sbtest8  (cost=0.43..47.89 rows=11 width=121)
	  Index Cond: ((id >= 865543) AND (id <= 865552))

for: simple_ranges
table 1 : explain SELECT c FROM sbtest1 WHERE id BETWEEN 5029028 AND 5029037
	Index Scan using sbtest1_pkey on sbtest1  (cost=0.43..48.03 rows=11 width=121)
	  Index Cond: ((id >= 5029028) AND (id <= 5029037))

table 2 : explain SELECT c FROM sbtest2 WHERE id BETWEEN 4416574 AND 4416583
	Index Scan using sbtest2_pkey on sbtest2  (cost=0.43..44.05 rows=10 width=121)
	  Index Cond: ((id >= 4416574) AND (id <= 4416583))

table 3 : explain SELECT c FROM sbtest3 WHERE id BETWEEN 2863465 AND 2863474
	Index Scan using sbtest3_pkey on sbtest3  (cost=0.43..40.11 rows=9 width=121)
	  Index Cond: ((id >= 2863465) AND (id <= 2863474))

table 4 : explain SELECT c FROM sbtest4 WHERE id BETWEEN 1481928 AND 1481937
	Index Scan using sbtest4_pkey on sbtest4  (cost=0.43..44.03 rows=10 width=121)
	  Index Cond: ((id >= 1481928) AND (id <= 1481937))

table 5 : explain SELECT c FROM sbtest5 WHERE id BETWEEN 6435984 AND 6435993
	Index Scan using sbtest5_pkey on sbtest5  (cost=0.43..47.84 rows=11 width=121)
	  Index Cond: ((id >= 6435984) AND (id <= 6435993))

table 6 : explain SELECT c FROM sbtest6 WHERE id BETWEEN 5573013 AND 5573022
	Index Scan using sbtest6_pkey on sbtest6  (cost=0.43..44.00 rows=10 width=121)
	  Index Cond: ((id >= 5573013) AND (id <= 5573022))

table 7 : explain SELECT c FROM sbtest7 WHERE id BETWEEN 3141422 AND 3141431
	Index Scan using sbtest7_pkey on sbtest7  (cost=0.43..40.12 rows=9 width=121)
	  Index Cond: ((id >= 3141422) AND (id <= 3141431))

table 8 : explain SELECT c FROM sbtest8 WHERE id BETWEEN 9840319 AND 9840328
	Index Scan using sbtest8_pkey on sbtest8  (cost=0.43..43.94 rows=10 width=121)
	  Index Cond: ((id >= 9840319) AND (id <= 9840328))


for point_selects
table 1 : explain SELECT c FROM sbtest1 WHERE id=614344
	Index Scan using sbtest1_pkey on sbtest1  (cost=0.43..8.45 rows=1 width=121)
	  Index Cond: (id = 614344)

table 2 : explain SELECT c FROM sbtest2 WHERE id=6131296
	Index Scan using sbtest2_pkey on sbtest2  (cost=0.43..8.45 rows=1 width=121)
	  Index Cond: (id = 6131296)

table 3 : explain SELECT c FROM sbtest3 WHERE id=1370093
	Index Scan using sbtest3_pkey on sbtest3  (cost=0.43..8.45 rows=1 width=121)
	  Index Cond: (id = 1370093)

table 4 : explain SELECT c FROM sbtest4 WHERE id=5768866
	Index Scan using sbtest4_pkey on sbtest4  (cost=0.43..8.45 rows=1 width=121)
	  Index Cond: (id = 5768866)

table 5 : explain SELECT c FROM sbtest5 WHERE id=2446745
	Index Scan using sbtest5_pkey on sbtest5  (cost=0.43..8.45 rows=1 width=121)
	  Index Cond: (id = 2446745)

table 6 : explain SELECT c FROM sbtest6 WHERE id=679316
	Index Scan using sbtest6_pkey on sbtest6  (cost=0.43..8.45 rows=1 width=121)
	  Index Cond: (id = 679316)

table 7 : explain SELECT c FROM sbtest7 WHERE id=9389368
	Index Scan using sbtest7_pkey on sbtest7  (cost=0.43..8.45 rows=1 width=121)
	  Index Cond: (id = 9389368)

table 8 : explain SELECT c FROM sbtest8 WHERE id=2039109
	Index Scan using sbtest8_pkey on sbtest8  (cost=0.43..8.45 rows=1 width=121)
	  Index Cond: (id = 2039109)


for: sum_ranges
table 1 : explain SELECT SUM(k) FROM sbtest1 WHERE id BETWEEN 9836016 AND 9836025
	Aggregate  (cost=52.01..52.02 rows=1 width=8)
	  ->  Index Scan using sbtest1_pkey on sbtest1  (cost=0.43..51.98 rows=12 width=4)
	        Index Cond: ((id >= 9836016) AND (id <= 9836025))

table 2 : explain SELECT SUM(k) FROM sbtest2 WHERE id BETWEEN 8832393 AND 8832402
	Aggregate  (cost=44.08..44.09 rows=1 width=8)
	  ->  Index Scan using sbtest2_pkey on sbtest2  (cost=0.43..44.05 rows=10 width=4)
	        Index Cond: ((id >= 8832393) AND (id <= 8832402))

table 3 : explain SELECT SUM(k) FROM sbtest3 WHERE id BETWEEN 8343850 AND 8343859
	Aggregate  (cost=44.10..44.11 rows=1 width=8)
	  ->  Index Scan using sbtest3_pkey on sbtest3  (cost=0.43..44.07 rows=10 width=4)
	        Index Cond: ((id >= 8343850) AND (id <= 8343859))

table 4 : explain SELECT SUM(k) FROM sbtest4 WHERE id BETWEEN 733264 AND 733273
	Aggregate  (cost=44.06..44.07 rows=1 width=8)
	  ->  Index Scan using sbtest4_pkey on sbtest4  (cost=0.43..44.03 rows=10 width=4)
	        Index Cond: ((id >= 733264) AND (id <= 733273))

table 5 : explain SELECT SUM(k) FROM sbtest5 WHERE id BETWEEN 842972 AND 842981
	Aggregate  (cost=47.87..47.88 rows=1 width=8)
	  ->  Index Scan using sbtest5_pkey on sbtest5  (cost=0.43..47.84 rows=11 width=4)
	        Index Cond: ((id >= 842972) AND (id <= 842981))

table 6 : explain SELECT SUM(k) FROM sbtest6 WHERE id BETWEEN 1131326 AND 1131335
	Aggregate  (cost=40.08..40.09 rows=1 width=8)
	  ->  Index Scan using sbtest6_pkey on sbtest6  (cost=0.43..40.05 rows=9 width=4)
	        Index Cond: ((id >= 1131326) AND (id <= 1131335))

table 7 : explain SELECT SUM(k) FROM sbtest7 WHERE id BETWEEN 6957200 AND 6957209
	Aggregate  (cost=44.11..44.12 rows=1 width=8)
	  ->  Index Scan using sbtest7_pkey on sbtest7  (cost=0.43..44.08 rows=10 width=4)
	        Index Cond: ((id >= 6957200) AND (id <= 6957209))

table 8 : explain SELECT SUM(k) FROM sbtest8 WHERE id BETWEEN 1127818 AND 1127827
	Aggregate  (cost=43.97..43.98 rows=1 width=8)
	  ->  Index Scan using sbtest8_pkey on sbtest8  (cost=0.43..43.94 rows=10 width=4)
	        Index Cond: ((id >= 1127818) AND (id <= 1127827))

for: sum_ranges
table 1 : explain SELECT SUM(k) FROM sbtest1 WHERE id BETWEEN 2553695 AND 2553704
	Aggregate  (cost=44.10..44.11 rows=1 width=8)
	  ->  Index Scan using sbtest1_pkey on sbtest1  (cost=0.43..44.07 rows=10 width=4)
	        Index Cond: ((id >= 2553695) AND (id <= 2553704))

table 2 : explain SELECT SUM(k) FROM sbtest2 WHERE id BETWEEN 8513699 AND 8513708
	Aggregate  (cost=44.08..44.09 rows=1 width=8)
	  ->  Index Scan using sbtest2_pkey on sbtest2  (cost=0.43..44.05 rows=10 width=4)
	        Index Cond: ((id >= 8513699) AND (id <= 8513708))

table 3 : explain SELECT SUM(k) FROM sbtest3 WHERE id BETWEEN 6141671 AND 6141680
	Aggregate  (cost=44.10..44.11 rows=1 width=8)
	  ->  Index Scan using sbtest3_pkey on sbtest3  (cost=0.43..44.07 rows=10 width=4)
	        Index Cond: ((id >= 6141671) AND (id <= 6141680))

table 4 : explain SELECT SUM(k) FROM sbtest4 WHERE id BETWEEN 625150 AND 625159
	Aggregate  (cost=40.10..40.11 rows=1 width=8)
	  ->  Index Scan using sbtest4_pkey on sbtest4  (cost=0.43..40.08 rows=9 width=4)
	        Index Cond: ((id >= 625150) AND (id <= 625159))

table 5 : explain SELECT SUM(k) FROM sbtest5 WHERE id BETWEEN 9970189 AND 9970198
	Aggregate  (cost=39.98..39.99 rows=1 width=8)
	  ->  Index Scan using sbtest5_pkey on sbtest5  (cost=0.43..39.96 rows=9 width=4)
	        Index Cond: ((id >= 9970189) AND (id <= 9970198))

table 6 : explain SELECT SUM(k) FROM sbtest6 WHERE id BETWEEN 6245454 AND 6245463
	Aggregate  (cost=44.03..44.04 rows=1 width=8)
	  ->  Index Scan using sbtest6_pkey on sbtest6  (cost=0.43..44.00 rows=10 width=4)
	        Index Cond: ((id >= 6245454) AND (id <= 6245463))

table 7 : explain SELECT SUM(k) FROM sbtest7 WHERE id BETWEEN 9113582 AND 9113591
	Aggregate  (cost=44.11..44.12 rows=1 width=8)
	  ->  Index Scan using sbtest7_pkey on sbtest7  (cost=0.43..44.08 rows=10 width=4)
	        Index Cond: ((id >= 9113582) AND (id <= 9113591))

table 8 : explain SELECT SUM(k) FROM sbtest8 WHERE id BETWEEN 7808919 AND 7808928
	Aggregate  (cost=43.97..43.98 rows=1 width=8)
	  ->  Index Scan using sbtest8_pkey on sbtest8  (cost=0.43..43.94 rows=10 width=4)
	        Index Cond: ((id >= 7808919) AND (id <= 7808928))

for: sum_ranges
table 1 : explain SELECT SUM(k) FROM sbtest1 WHERE id BETWEEN 3586215 AND 3586224
	Aggregate  (cost=40.14..40.15 rows=1 width=8)
	  ->  Index Scan using sbtest1_pkey on sbtest1  (cost=0.43..40.11 rows=9 width=4)
	        Index Cond: ((id >= 3586215) AND (id <= 3586224))

table 2 : explain SELECT SUM(k) FROM sbtest2 WHERE id BETWEEN 7215933 AND 7215942
	Aggregate  (cost=44.08..44.09 rows=1 width=8)
	  ->  Index Scan using sbtest2_pkey on sbtest2  (cost=0.43..44.05 rows=10 width=4)
	        Index Cond: ((id >= 7215933) AND (id <= 7215942))

table 3 : explain SELECT SUM(k) FROM sbtest3 WHERE id BETWEEN 2831752 AND 2831761
	Aggregate  (cost=40.14..40.15 rows=1 width=8)
	  ->  Index Scan using sbtest3_pkey on sbtest3  (cost=0.43..40.11 rows=9 width=4)
	        Index Cond: ((id >= 2831752) AND (id <= 2831761))

table 4 : explain SELECT SUM(k) FROM sbtest4 WHERE id BETWEEN 5233154 AND 5233163
	Aggregate  (cost=44.06..44.07 rows=1 width=8)
	  ->  Index Scan using sbtest4_pkey on sbtest4  (cost=0.43..44.03 rows=10 width=4)
	        Index Cond: ((id >= 5233154) AND (id <= 5233163))

table 5 : explain SELECT SUM(k) FROM sbtest5 WHERE id BETWEEN 8043840 AND 8043849
	Aggregate  (cost=43.92..43.93 rows=1 width=8)
	  ->  Index Scan using sbtest5_pkey on sbtest5  (cost=0.43..43.90 rows=10 width=4)
	        Index Cond: ((id >= 8043840) AND (id <= 8043849))

table 6 : explain SELECT SUM(k) FROM sbtest6 WHERE id BETWEEN 9487694 AND 9487703
	Aggregate  (cost=44.03..44.04 rows=1 width=8)
	  ->  Index Scan using sbtest6_pkey on sbtest6  (cost=0.43..44.00 rows=10 width=4)
	        Index Cond: ((id >= 9487694) AND (id <= 9487703))

table 7 : explain SELECT SUM(k) FROM sbtest7 WHERE id BETWEEN 595647 AND 595656
	Aggregate  (cost=44.11..44.12 rows=1 width=8)
	  ->  Index Scan using sbtest7_pkey on sbtest7  (cost=0.43..44.08 rows=10 width=4)
	        Index Cond: ((id >= 595647) AND (id <= 595656))

table 8 : explain SELECT SUM(k) FROM sbtest8 WHERE id BETWEEN 1150372 AND 1150381
	Aggregate  (cost=43.97..43.98 rows=1 width=8)
	  ->  Index Scan using sbtest8_pkey on sbtest8  (cost=0.43..43.94 rows=10 width=4)
	        Index Cond: ((id >= 1150372) AND (id <= 1150381))

for: sum_ranges
table 1 : explain SELECT SUM(k) FROM sbtest1 WHERE id BETWEEN 6529686 AND 6529695
	Aggregate  (cost=48.05..48.06 rows=1 width=8)
	  ->  Index Scan using sbtest1_pkey on sbtest1  (cost=0.43..48.03 rows=11 width=4)
	        Index Cond: ((id >= 6529686) AND (id <= 6529695))

table 2 : explain SELECT SUM(k) FROM sbtest2 WHERE id BETWEEN 102275 AND 102284
	Aggregate  (cost=44.08..44.09 rows=1 width=8)
	  ->  Index Scan using sbtest2_pkey on sbtest2  (cost=0.43..44.05 rows=10 width=4)
	        Index Cond: ((id >= 102275) AND (id <= 102284))

table 3 : explain SELECT SUM(k) FROM sbtest3 WHERE id BETWEEN 8826568 AND 8826577
	Aggregate  (cost=44.10..44.11 rows=1 width=8)
	  ->  Index Scan using sbtest3_pkey on sbtest3  (cost=0.43..44.07 rows=10 width=4)
	        Index Cond: ((id >= 8826568) AND (id <= 8826577))

table 4 : explain SELECT SUM(k) FROM sbtest4 WHERE id BETWEEN 914865 AND 914874
	Aggregate  (cost=44.06..44.07 rows=1 width=8)
	  ->  Index Scan using sbtest4_pkey on sbtest4  (cost=0.43..44.03 rows=10 width=4)
	        Index Cond: ((id >= 914865) AND (id <= 914874))

table 5 : explain SELECT SUM(k) FROM sbtest5 WHERE id BETWEEN 3464825 AND 3464834
	Aggregate  (cost=43.92..43.93 rows=1 width=8)
	  ->  Index Scan using sbtest5_pkey on sbtest5  (cost=0.43..43.90 rows=10 width=4)
	        Index Cond: ((id >= 3464825) AND (id <= 3464834))

table 6 : explain SELECT SUM(k) FROM sbtest6 WHERE id BETWEEN 8504440 AND 8504449
	Aggregate  (cost=44.03..44.04 rows=1 width=8)
	  ->  Index Scan using sbtest6_pkey on sbtest6  (cost=0.43..44.00 rows=10 width=4)
	        Index Cond: ((id >= 8504440) AND (id <= 8504449))

table 7 : explain SELECT SUM(k) FROM sbtest7 WHERE id BETWEEN 2451416 AND 2451425
	Aggregate  (cost=40.14..40.15 rows=1 width=8)
	  ->  Index Scan using sbtest7_pkey on sbtest7  (cost=0.43..40.12 rows=9 width=4)
	        Index Cond: ((id >= 2451416) AND (id <= 2451425))

table 8 : explain SELECT SUM(k) FROM sbtest8 WHERE id BETWEEN 9090550 AND 9090559
	Aggregate  (cost=43.97..43.98 rows=1 width=8)
	  ->  Index Scan using sbtest8_pkey on sbtest8  (cost=0.43..43.94 rows=10 width=4)
	        Index Cond: ((id >= 9090550) AND (id <= 9090559))

for: sum_ranges
table 1 : explain SELECT SUM(k) FROM sbtest1 WHERE id BETWEEN 1822534 AND 1822543
	Aggregate  (cost=48.05..48.06 rows=1 width=8)
	  ->  Index Scan using sbtest1_pkey on sbtest1  (cost=0.43..48.03 rows=11 width=4)
	        Index Cond: ((id >= 1822534) AND (id <= 1822543))

table 2 : explain SELECT SUM(k) FROM sbtest2 WHERE id BETWEEN 7788770 AND 7788779
	Aggregate  (cost=44.08..44.09 rows=1 width=8)
	  ->  Index Scan using sbtest2_pkey on sbtest2  (cost=0.43..44.05 rows=10 width=4)
	        Index Cond: ((id >= 7788770) AND (id <= 7788779))

table 3 : explain SELECT SUM(k) FROM sbtest3 WHERE id BETWEEN 9534203 AND 9534212
	Aggregate  (cost=44.10..44.11 rows=1 width=8)
	  ->  Index Scan using sbtest3_pkey on sbtest3  (cost=0.43..44.07 rows=10 width=4)
	        Index Cond: ((id >= 9534203) AND (id <= 9534212))

table 4 : explain SELECT SUM(k) FROM sbtest4 WHERE id BETWEEN 3953965 AND 3953974
	Aggregate  (cost=48.01..48.02 rows=1 width=8)
	  ->  Index Scan using sbtest4_pkey on sbtest4  (cost=0.43..47.98 rows=11 width=4)
	        Index Cond: ((id >= 3953965) AND (id <= 3953974))

table 5 : explain SELECT SUM(k) FROM sbtest5 WHERE id BETWEEN 1101377 AND 1101386
	Aggregate  (cost=47.87..47.88 rows=1 width=8)
	  ->  Index Scan using sbtest5_pkey on sbtest5  (cost=0.43..47.84 rows=11 width=4)
	        Index Cond: ((id >= 1101377) AND (id <= 1101386))

table 6 : explain SELECT SUM(k) FROM sbtest6 WHERE id BETWEEN 7970866 AND 7970875
	Aggregate  (cost=44.03..44.04 rows=1 width=8)
	  ->  Index Scan using sbtest6_pkey on sbtest6  (cost=0.43..44.00 rows=10 width=4)
	        Index Cond: ((id >= 7970866) AND (id <= 7970875))

table 7 : explain SELECT SUM(k) FROM sbtest7 WHERE id BETWEEN 1829050 AND 1829059
	Aggregate  (cost=44.11..44.12 rows=1 width=8)
	  ->  Index Scan using sbtest7_pkey on sbtest7  (cost=0.43..44.08 rows=10 width=4)
	        Index Cond: ((id >= 1829050) AND (id <= 1829059))

table 8 : explain SELECT SUM(k) FROM sbtest8 WHERE id BETWEEN 9549572 AND 9549581
	Aggregate  (cost=43.97..43.98 rows=1 width=8)
	  ->  Index Scan using sbtest8_pkey on sbtest8  (cost=0.43..43.94 rows=10 width=4)
	        Index Cond: ((id >= 9549572) AND (id <= 9549581))

for: sum_ranges
table 1 : explain SELECT SUM(k) FROM sbtest1 WHERE id BETWEEN 285158 AND 285167
	Aggregate  (cost=44.10..44.11 rows=1 width=8)
	  ->  Index Scan using sbtest1_pkey on sbtest1  (cost=0.43..44.07 rows=10 width=4)
	        Index Cond: ((id >= 285158) AND (id <= 285167))

table 2 : explain SELECT SUM(k) FROM sbtest2 WHERE id BETWEEN 3221189 AND 3221198
	Aggregate  (cost=44.08..44.09 rows=1 width=8)
	  ->  Index Scan using sbtest2_pkey on sbtest2  (cost=0.43..44.05 rows=10 width=4)
	        Index Cond: ((id >= 3221189) AND (id <= 3221198))

table 3 : explain SELECT SUM(k) FROM sbtest3 WHERE id BETWEEN 9314925 AND 9314934
	Aggregate  (cost=44.10..44.11 rows=1 width=8)
	  ->  Index Scan using sbtest3_pkey on sbtest3  (cost=0.43..44.07 rows=10 width=4)
	        Index Cond: ((id >= 9314925) AND (id <= 9314934))

table 4 : explain SELECT SUM(k) FROM sbtest4 WHERE id BETWEEN 25328 AND 25337
	Aggregate  (cost=40.10..40.11 rows=1 width=8)
	  ->  Index Scan using sbtest4_pkey on sbtest4  (cost=0.43..40.08 rows=9 width=4)
	        Index Cond: ((id >= 25328) AND (id <= 25337))

table 5 : explain SELECT SUM(k) FROM sbtest5 WHERE id BETWEEN 1974842 AND 1974851
	Aggregate  (cost=43.92..43.93 rows=1 width=8)
	  ->  Index Scan using sbtest5_pkey on sbtest5  (cost=0.43..43.90 rows=10 width=4)
	        Index Cond: ((id >= 1974842) AND (id <= 1974851))

table 6 : explain SELECT SUM(k) FROM sbtest6 WHERE id BETWEEN 2349996 AND 2350005
	Aggregate  (cost=44.03..44.04 rows=1 width=8)
	  ->  Index Scan using sbtest6_pkey on sbtest6  (cost=0.43..44.00 rows=10 width=4)
	        Index Cond: ((id >= 2349996) AND (id <= 2350005))

table 7 : explain SELECT SUM(k) FROM sbtest7 WHERE id BETWEEN 4854225 AND 4854234
	Aggregate  (cost=40.14..40.15 rows=1 width=8)
	  ->  Index Scan using sbtest7_pkey on sbtest7  (cost=0.43..40.12 rows=9 width=4)
	        Index Cond: ((id >= 4854225) AND (id <= 4854234))

table 8 : explain SELECT SUM(k) FROM sbtest8 WHERE id BETWEEN 3490009 AND 3490018
	Aggregate  (cost=43.97..43.98 rows=1 width=8)
	  ->  Index Scan using sbtest8_pkey on sbtest8  (cost=0.43..43.94 rows=10 width=4)
	        Index Cond: ((id >= 3490009) AND (id <= 3490018))

for: order_ranges
table 1 : explain SELECT c FROM sbtest1 WHERE id BETWEEN 4255332 AND 4255341 ORDER BY c
	Sort  (cost=44.24..44.26 rows=10 width=121)
	  Sort Key: c
	  ->  Index Scan using sbtest1_pkey on sbtest1  (cost=0.43..44.07 rows=10 width=121)
	        Index Cond: ((id >= 4255332) AND (id <= 4255341))

table 2 : explain SELECT c FROM sbtest2 WHERE id BETWEEN 9387608 AND 9387617 ORDER BY c
	Sort  (cost=48.20..48.23 rows=11 width=121)
	  Sort Key: c
	  ->  Index Scan using sbtest2_pkey on sbtest2  (cost=0.43..48.01 rows=11 width=121)
	        Index Cond: ((id >= 9387608) AND (id <= 9387617))

table 3 : explain SELECT c FROM sbtest3 WHERE id BETWEEN 570836 AND 570845 ORDER BY c
	Sort  (cost=44.24..44.26 rows=10 width=121)
	  Sort Key: c
	  ->  Index Scan using sbtest3_pkey on sbtest3  (cost=0.43..44.07 rows=10 width=121)
	        Index Cond: ((id >= 570836) AND (id <= 570845))

table 4 : explain SELECT c FROM sbtest4 WHERE id BETWEEN 6421190 AND 6421199 ORDER BY c
	Sort  (cost=48.17..48.20 rows=11 width=121)
	  Sort Key: c
	  ->  Index Scan using sbtest4_pkey on sbtest4  (cost=0.43..47.98 rows=11 width=121)
	        Index Cond: ((id >= 6421190) AND (id <= 6421199))

table 5 : explain SELECT c FROM sbtest5 WHERE id BETWEEN 9611261 AND 9611270 ORDER BY c
	Sort  (cost=40.10..40.13 rows=9 width=121)
	  Sort Key: c
	  ->  Index Scan using sbtest5_pkey on sbtest5  (cost=0.43..39.96 rows=9 width=121)
	        Index Cond: ((id >= 9611261) AND (id <= 9611270))

table 6 : explain SELECT c FROM sbtest6 WHERE id BETWEEN 7842396 AND 7842405 ORDER BY c
	Sort  (cost=48.14..48.17 rows=11 width=121)
	  Sort Key: c
	  ->  Index Scan using sbtest6_pkey on sbtest6  (cost=0.43..47.95 rows=11 width=121)
	        Index Cond: ((id >= 7842396) AND (id <= 7842405))

table 7 : explain SELECT c FROM sbtest7 WHERE id BETWEEN 5585158 AND 5585167 ORDER BY c
	Sort  (cost=48.23..48.26 rows=11 width=121)
	  Sort Key: c
	  ->  Index Scan using sbtest7_pkey on sbtest7  (cost=0.43..48.04 rows=11 width=121)
	        Index Cond: ((id >= 5585158) AND (id <= 5585167))

table 8 : explain SELECT c FROM sbtest8 WHERE id BETWEEN 1984947 AND 1984956 ORDER BY c
	Sort  (cost=44.11..44.13 rows=10 width=121)
	  Sort Key: c
	  ->  Index Scan using sbtest8_pkey on sbtest8  (cost=0.43..43.94 rows=10 width=121)
	        Index Cond: ((id >= 1984947) AND (id <= 1984956))


for point_selects
table 1 : explain SELECT c FROM sbtest1 WHERE id=9617055
	Index Scan using sbtest1_pkey on sbtest1  (cost=0.43..8.45 rows=1 width=121)
	  Index Cond: (id = 9617055)

table 2 : explain SELECT c FROM sbtest2 WHERE id=7996870
	Index Scan using sbtest2_pkey on sbtest2  (cost=0.43..8.45 rows=1 width=121)
	  Index Cond: (id = 7996870)

table 3 : explain SELECT c FROM sbtest3 WHERE id=8073146
	Index Scan using sbtest3_pkey on sbtest3  (cost=0.43..8.45 rows=1 width=121)
	  Index Cond: (id = 8073146)

table 4 : explain SELECT c FROM sbtest4 WHERE id=3754632
	Index Scan using sbtest4_pkey on sbtest4  (cost=0.43..8.45 rows=1 width=121)
	  Index Cond: (id = 3754632)

table 5 : explain SELECT c FROM sbtest5 WHERE id=3357585
	Index Scan using sbtest5_pkey on sbtest5  (cost=0.43..8.45 rows=1 width=121)
	  Index Cond: (id = 3357585)

table 6 : explain SELECT c FROM sbtest6 WHERE id=5385442
	Index Scan using sbtest6_pkey on sbtest6  (cost=0.43..8.45 rows=1 width=121)
	  Index Cond: (id = 5385442)

table 7 : explain SELECT c FROM sbtest7 WHERE id=1292147
	Index Scan using sbtest7_pkey on sbtest7  (cost=0.43..8.45 rows=1 width=121)
	  Index Cond: (id = 1292147)

table 8 : explain SELECT c FROM sbtest8 WHERE id=9173619
	Index Scan using sbtest8_pkey on sbtest8  (cost=0.43..8.45 rows=1 width=121)
	  Index Cond: (id = 9173619)

for point_selects
table 1 : explain SELECT c FROM sbtest1 WHERE id=5470189
	Index Scan using sbtest1_pkey on sbtest1  (cost=0.43..8.45 rows=1 width=121)
	  Index Cond: (id = 5470189)

table 2 : explain SELECT c FROM sbtest2 WHERE id=5888379
	Index Scan using sbtest2_pkey on sbtest2  (cost=0.43..8.45 rows=1 width=121)
	  Index Cond: (id = 5888379)

table 3 : explain SELECT c FROM sbtest3 WHERE id=356453
	Index Scan using sbtest3_pkey on sbtest3  (cost=0.43..8.45 rows=1 width=121)
	  Index Cond: (id = 356453)

table 4 : explain SELECT c FROM sbtest4 WHERE id=2920387
	Index Scan using sbtest4_pkey on sbtest4  (cost=0.43..8.45 rows=1 width=121)
	  Index Cond: (id = 2920387)

table 5 : explain SELECT c FROM sbtest5 WHERE id=3382002
	Index Scan using sbtest5_pkey on sbtest5  (cost=0.43..8.45 rows=1 width=121)
	  Index Cond: (id = 3382002)

table 6 : explain SELECT c FROM sbtest6 WHERE id=4133249
	Index Scan using sbtest6_pkey on sbtest6  (cost=0.43..8.45 rows=1 width=121)
	  Index Cond: (id = 4133249)

table 7 : explain SELECT c FROM sbtest7 WHERE id=6635164
	Index Scan using sbtest7_pkey on sbtest7  (cost=0.43..8.45 rows=1 width=121)
	  Index Cond: (id = 6635164)

table 8 : explain SELECT c FROM sbtest8 WHERE id=8923406
	Index Scan using sbtest8_pkey on sbtest8  (cost=0.43..8.45 rows=1 width=121)
	  Index Cond: (id = 8923406)

for: sum_ranges
table 1 : explain SELECT SUM(k) FROM sbtest1 WHERE id BETWEEN 2980010 AND 2980019
	Aggregate  (cost=44.10..44.11 rows=1 width=8)
	  ->  Index Scan using sbtest1_pkey on sbtest1  (cost=0.43..44.07 rows=10 width=4)
	        Index Cond: ((id >= 2980010) AND (id <= 2980019))

table 2 : explain SELECT SUM(k) FROM sbtest2 WHERE id BETWEEN 9438003 AND 9438012
	Aggregate  (cost=44.08..44.09 rows=1 width=8)
	  ->  Index Scan using sbtest2_pkey on sbtest2  (cost=0.43..44.05 rows=10 width=4)
	        Index Cond: ((id >= 9438003) AND (id <= 9438012))

table 3 : explain SELECT SUM(k) FROM sbtest3 WHERE id BETWEEN 2984562 AND 2984571
	Aggregate  (cost=44.10..44.11 rows=1 width=8)
	  ->  Index Scan using sbtest3_pkey on sbtest3  (cost=0.43..44.07 rows=10 width=4)
	        Index Cond: ((id >= 2984562) AND (id <= 2984571))

table 4 : explain SELECT SUM(k) FROM sbtest4 WHERE id BETWEEN 521362 AND 521371
	Aggregate  (cost=40.10..40.11 rows=1 width=8)
	  ->  Index Scan using sbtest4_pkey on sbtest4  (cost=0.43..40.08 rows=9 width=4)
	        Index Cond: ((id >= 521362) AND (id <= 521371))

table 5 : explain SELECT SUM(k) FROM sbtest5 WHERE id BETWEEN 2101972 AND 2101981
	Aggregate  (cost=47.87..47.88 rows=1 width=8)
	  ->  Index Scan using sbtest5_pkey on sbtest5  (cost=0.43..47.84 rows=11 width=4)
	        Index Cond: ((id >= 2101972) AND (id <= 2101981))

table 6 : explain SELECT SUM(k) FROM sbtest6 WHERE id BETWEEN 1501082 AND 1501091
	Aggregate  (cost=44.03..44.04 rows=1 width=8)
	  ->  Index Scan using sbtest6_pkey on sbtest6  (cost=0.43..44.00 rows=10 width=4)
	        Index Cond: ((id >= 1501082) AND (id <= 1501091))

table 7 : explain SELECT SUM(k) FROM sbtest7 WHERE id BETWEEN 598794 AND 598803
	Aggregate  (cost=44.11..44.12 rows=1 width=8)
	  ->  Index Scan using sbtest7_pkey on sbtest7  (cost=0.43..44.08 rows=10 width=4)
	        Index Cond: ((id >= 598794) AND (id <= 598803))

table 8 : explain SELECT SUM(k) FROM sbtest8 WHERE id BETWEEN 7458334 AND 7458343
	Aggregate  (cost=43.97..43.98 rows=1 width=8)
	  ->  Index Scan using sbtest8_pkey on sbtest8  (cost=0.43..43.94 rows=10 width=4)
	        Index Cond: ((id >= 7458334) AND (id <= 7458343))

for point_selects
table 1 : explain SELECT c FROM sbtest1 WHERE id=2044964
	Index Scan using sbtest1_pkey on sbtest1  (cost=0.43..8.45 rows=1 width=121)
	  Index Cond: (id = 2044964)

table 2 : explain SELECT c FROM sbtest2 WHERE id=1625385
	Index Scan using sbtest2_pkey on sbtest2  (cost=0.43..8.45 rows=1 width=121)
	  Index Cond: (id = 1625385)

table 3 : explain SELECT c FROM sbtest3 WHERE id=7088142
	Index Scan using sbtest3_pkey on sbtest3  (cost=0.43..8.45 rows=1 width=121)
	  Index Cond: (id = 7088142)

table 4 : explain SELECT c FROM sbtest4 WHERE id=7285382
	Index Scan using sbtest4_pkey on sbtest4  (cost=0.43..8.45 rows=1 width=121)
	  Index Cond: (id = 7285382)

table 5 : explain SELECT c FROM sbtest5 WHERE id=8970990
	Index Scan using sbtest5_pkey on sbtest5  (cost=0.43..8.45 rows=1 width=121)
	  Index Cond: (id = 8970990)

table 6 : explain SELECT c FROM sbtest6 WHERE id=3005859
	Index Scan using sbtest6_pkey on sbtest6  (cost=0.43..8.45 rows=1 width=121)
	  Index Cond: (id = 3005859)

table 7 : explain SELECT c FROM sbtest7 WHERE id=1435322
	Index Scan using sbtest7_pkey on sbtest7  (cost=0.43..8.45 rows=1 width=121)
	  Index Cond: (id = 1435322)

table 8 : explain SELECT c FROM sbtest8 WHERE id=4892914
	Index Scan using sbtest8_pkey on sbtest8  (cost=0.43..8.45 rows=1 width=121)
	  Index Cond: (id = 4892914)

for: order_ranges
table 1 : explain SELECT c FROM sbtest1 WHERE id BETWEEN 8740059 AND 8740068 ORDER BY c
	Sort  (cost=44.24..44.26 rows=10 width=121)
	  Sort Key: c
	  ->  Index Scan using sbtest1_pkey on sbtest1  (cost=0.43..44.07 rows=10 width=121)
	        Index Cond: ((id >= 8740059) AND (id <= 8740068))

table 2 : explain SELECT c FROM sbtest2 WHERE id BETWEEN 8156129 AND 8156138 ORDER BY c
	Sort  (cost=44.22..44.25 rows=10 width=121)
	  Sort Key: c
	  ->  Index Scan using sbtest2_pkey on sbtest2  (cost=0.43..44.05 rows=10 width=121)
	        Index Cond: ((id >= 8156129) AND (id <= 8156138))

table 3 : explain SELECT c FROM sbtest3 WHERE id BETWEEN 3671790 AND 3671799 ORDER BY c
	Sort  (cost=44.24..44.26 rows=10 width=121)
	  Sort Key: c
	  ->  Index Scan using sbtest3_pkey on sbtest3  (cost=0.43..44.07 rows=10 width=121)
	        Index Cond: ((id >= 3671790) AND (id <= 3671799))

table 4 : explain SELECT c FROM sbtest4 WHERE id BETWEEN 1443309 AND 1443318 ORDER BY c
	Sort  (cost=44.20..44.22 rows=10 width=121)
	  Sort Key: c
	  ->  Index Scan using sbtest4_pkey on sbtest4  (cost=0.43..44.03 rows=10 width=121)
	        Index Cond: ((id >= 1443309) AND (id <= 1443318))

table 5 : explain SELECT c FROM sbtest5 WHERE id BETWEEN 8488340 AND 8488349 ORDER BY c
	Sort  (cost=40.10..40.13 rows=9 width=121)
	  Sort Key: c
	  ->  Index Scan using sbtest5_pkey on sbtest5  (cost=0.43..39.96 rows=9 width=121)
	        Index Cond: ((id >= 8488340) AND (id <= 8488349))

table 6 : explain SELECT c FROM sbtest6 WHERE id BETWEEN 3505955 AND 3505964 ORDER BY c
	Sort  (cost=44.17..44.19 rows=10 width=121)
	  Sort Key: c
	  ->  Index Scan using sbtest6_pkey on sbtest6  (cost=0.43..44.00 rows=10 width=121)
	        Index Cond: ((id >= 3505955) AND (id <= 3505964))

table 7 : explain SELECT c FROM sbtest7 WHERE id BETWEEN 3736116 AND 3736125 ORDER BY c
	Sort  (cost=40.26..40.29 rows=9 width=121)
	  Sort Key: c
	  ->  Index Scan using sbtest7_pkey on sbtest7  (cost=0.43..40.12 rows=9 width=121)
	        Index Cond: ((id >= 3736116) AND (id <= 3736125))

table 8 : explain SELECT c FROM sbtest8 WHERE id BETWEEN 6668432 AND 6668441 ORDER BY c
	Sort  (cost=44.11..44.13 rows=10 width=121)
	  Sort Key: c
	  ->  Index Scan using sbtest8_pkey on sbtest8  (cost=0.43..43.94 rows=10 width=121)
	        Index Cond: ((id >= 6668432) AND (id <= 6668441))

for point_selects
table 1 : explain SELECT c FROM sbtest1 WHERE id=1942906
	Index Scan using sbtest1_pkey on sbtest1  (cost=0.43..8.45 rows=1 width=121)
	  Index Cond: (id = 1942906)

table 2 : explain SELECT c FROM sbtest2 WHERE id=591566
	Index Scan using sbtest2_pkey on sbtest2  (cost=0.43..8.45 rows=1 width=121)
	  Index Cond: (id = 591566)

table 3 : explain SELECT c FROM sbtest3 WHERE id=2403313
	Index Scan using sbtest3_pkey on sbtest3  (cost=0.43..8.45 rows=1 width=121)
	  Index Cond: (id = 2403313)

table 4 : explain SELECT c FROM sbtest4 WHERE id=7354045
	Index Scan using sbtest4_pkey on sbtest4  (cost=0.43..8.45 rows=1 width=121)
	  Index Cond: (id = 7354045)

table 5 : explain SELECT c FROM sbtest5 WHERE id=7848449
	Index Scan using sbtest5_pkey on sbtest5  (cost=0.43..8.45 rows=1 width=121)
	  Index Cond: (id = 7848449)

table 6 : explain SELECT c FROM sbtest6 WHERE id=3793516
	Index Scan using sbtest6_pkey on sbtest6  (cost=0.43..8.45 rows=1 width=121)
	  Index Cond: (id = 3793516)

table 7 : explain SELECT c FROM sbtest7 WHERE id=148500
	Index Scan using sbtest7_pkey on sbtest7  (cost=0.43..8.45 rows=1 width=121)
	  Index Cond: (id = 148500)

table 8 : explain SELECT c FROM sbtest8 WHERE id=6768445
	Index Scan using sbtest8_pkey on sbtest8  (cost=0.43..8.45 rows=1 width=121)
	  Index Cond: (id = 6768445)

for: simple_ranges
table 1 : explain SELECT c FROM sbtest1 WHERE id BETWEEN 4727244 AND 4727253
	Index Scan using sbtest1_pkey on sbtest1  (cost=0.43..48.03 rows=11 width=121)
	  Index Cond: ((id >= 4727244) AND (id <= 4727253))

table 2 : explain SELECT c FROM sbtest2 WHERE id BETWEEN 8688894 AND 8688903
	Index Scan using sbtest2_pkey on sbtest2  (cost=0.43..44.05 rows=10 width=121)
	  Index Cond: ((id >= 8688894) AND (id <= 8688903))

table 3 : explain SELECT c FROM sbtest3 WHERE id BETWEEN 9388074 AND 9388083
	Index Scan using sbtest3_pkey on sbtest3  (cost=0.43..44.07 rows=10 width=121)
	  Index Cond: ((id >= 9388074) AND (id <= 9388083))

table 4 : explain SELECT c FROM sbtest4 WHERE id BETWEEN 964100 AND 964109
	Index Scan using sbtest4_pkey on sbtest4  (cost=0.43..44.03 rows=10 width=121)
	  Index Cond: ((id >= 964100) AND (id <= 964109))

table 5 : explain SELECT c FROM sbtest5 WHERE id BETWEEN 4648583 AND 4648592
	Index Scan using sbtest5_pkey on sbtest5  (cost=0.43..43.90 rows=10 width=121)
	  Index Cond: ((id >= 4648583) AND (id <= 4648592))

table 6 : explain SELECT c FROM sbtest6 WHERE id BETWEEN 2812764 AND 2812773
	Index Scan using sbtest6_pkey on sbtest6  (cost=0.43..44.00 rows=10 width=121)
	  Index Cond: ((id >= 2812764) AND (id <= 2812773))

table 7 : explain SELECT c FROM sbtest7 WHERE id BETWEEN 4375113 AND 4375122
	Index Scan using sbtest7_pkey on sbtest7  (cost=0.43..44.08 rows=10 width=121)
	  Index Cond: ((id >= 4375113) AND (id <= 4375122))

table 8 : explain SELECT c FROM sbtest8 WHERE id BETWEEN 2930018 AND 2930027
	Index Scan using sbtest8_pkey on sbtest8  (cost=0.43..43.94 rows=10 width=121)
	  Index Cond: ((id >= 2930018) AND (id <= 2930027))

for: sum_ranges
table 1 : explain SELECT SUM(k) FROM sbtest1 WHERE id BETWEEN 5840686 AND 5840695
	Aggregate  (cost=48.05..48.06 rows=1 width=8)
	  ->  Index Scan using sbtest1_pkey on sbtest1  (cost=0.43..48.03 rows=11 width=4)
	        Index Cond: ((id >= 5840686) AND (id <= 5840695))

table 2 : explain SELECT SUM(k) FROM sbtest2 WHERE id BETWEEN 791295 AND 791304
	Aggregate  (cost=48.04..48.05 rows=1 width=8)
	  ->  Index Scan using sbtest2_pkey on sbtest2  (cost=0.43..48.01 rows=11 width=4)
	        Index Cond: ((id >= 791295) AND (id <= 791304))

table 3 : explain SELECT SUM(k) FROM sbtest3 WHERE id BETWEEN 551894 AND 551903
	Aggregate  (cost=44.10..44.11 rows=1 width=8)
	  ->  Index Scan using sbtest3_pkey on sbtest3  (cost=0.43..44.07 rows=10 width=4)
	        Index Cond: ((id >= 551894) AND (id <= 551903))

table 4 : explain SELECT SUM(k) FROM sbtest4 WHERE id BETWEEN 7037498 AND 7037507
	Aggregate  (cost=44.06..44.07 rows=1 width=8)
	  ->  Index Scan using sbtest4_pkey on sbtest4  (cost=0.43..44.03 rows=10 width=4)
	        Index Cond: ((id >= 7037498) AND (id <= 7037507))

table 5 : explain SELECT SUM(k) FROM sbtest5 WHERE id BETWEEN 6845335 AND 6845344
	Aggregate  (cost=43.92..43.93 rows=1 width=8)
	  ->  Index Scan using sbtest5_pkey on sbtest5  (cost=0.43..43.90 rows=10 width=4)
	        Index Cond: ((id >= 6845335) AND (id <= 6845344))

table 6 : explain SELECT SUM(k) FROM sbtest6 WHERE id BETWEEN 6350536 AND 6350545
	Aggregate  (cost=44.03..44.04 rows=1 width=8)
	  ->  Index Scan using sbtest6_pkey on sbtest6  (cost=0.43..44.00 rows=10 width=4)
	        Index Cond: ((id >= 6350536) AND (id <= 6350545))

table 7 : explain SELECT SUM(k) FROM sbtest7 WHERE id BETWEEN 6857202 AND 6857211
	Aggregate  (cost=44.11..44.12 rows=1 width=8)
	  ->  Index Scan using sbtest7_pkey on sbtest7  (cost=0.43..44.08 rows=10 width=4)
	        Index Cond: ((id >= 6857202) AND (id <= 6857211))

table 8 : explain SELECT SUM(k) FROM sbtest8 WHERE id BETWEEN 2801916 AND 2801925
	Aggregate  (cost=43.97..43.98 rows=1 width=8)
	  ->  Index Scan using sbtest8_pkey on sbtest8  (cost=0.43..43.94 rows=10 width=4)
	        Index Cond: ((id >= 2801916) AND (id <= 2801925))
for: sum_ranges
table 1 : explain SELECT SUM(k) FROM sbtest1 WHERE id BETWEEN 4233750 AND 4233759
	Aggregate  (cost=44.10..44.11 rows=1 width=8)
	  ->  Index Scan using sbtest1_pkey on sbtest1  (cost=0.43..44.07 rows=10 width=4)
	        Index Cond: ((id >= 4233750) AND (id <= 4233759))

table 2 : explain SELECT SUM(k) FROM sbtest2 WHERE id BETWEEN 9042399 AND 9042408
	Aggregate  (cost=44.08..44.09 rows=1 width=8)
	  ->  Index Scan using sbtest2_pkey on sbtest2  (cost=0.43..44.05 rows=10 width=4)
	        Index Cond: ((id >= 9042399) AND (id <= 9042408))

table 3 : explain SELECT SUM(k) FROM sbtest3 WHERE id BETWEEN 1090163 AND 1090172
	Aggregate  (cost=48.06..48.07 rows=1 width=8)
	  ->  Index Scan using sbtest3_pkey on sbtest3  (cost=0.43..48.03 rows=11 width=4)
	        Index Cond: ((id >= 1090163) AND (id <= 1090172))

table 4 : explain SELECT SUM(k) FROM sbtest4 WHERE id BETWEEN 5393892 AND 5393901
	Aggregate  (cost=44.06..44.07 rows=1 width=8)
	  ->  Index Scan using sbtest4_pkey on sbtest4  (cost=0.43..44.03 rows=10 width=4)
	        Index Cond: ((id >= 5393892) AND (id <= 5393901))

table 5 : explain SELECT SUM(k) FROM sbtest5 WHERE id BETWEEN 8615017 AND 8615026
	Aggregate  (cost=43.92..43.93 rows=1 width=8)
	  ->  Index Scan using sbtest5_pkey on sbtest5  (cost=0.43..43.90 rows=10 width=4)
	        Index Cond: ((id >= 8615017) AND (id <= 8615026))

table 6 : explain SELECT SUM(k) FROM sbtest6 WHERE id BETWEEN 2713603 AND 2713612
	Aggregate  (cost=47.98..47.99 rows=1 width=8)
	  ->  Index Scan using sbtest6_pkey on sbtest6  (cost=0.43..47.95 rows=11 width=4)
	        Index Cond: ((id >= 2713603) AND (id <= 2713612))

table 7 : explain SELECT SUM(k) FROM sbtest7 WHERE id BETWEEN 4410428 AND 4410437
	Aggregate  (cost=44.11..44.12 rows=1 width=8)
	  ->  Index Scan using sbtest7_pkey on sbtest7  (cost=0.43..44.08 rows=10 width=4)
	        Index Cond: ((id >= 4410428) AND (id <= 4410437))

table 8 : explain SELECT SUM(k) FROM sbtest8 WHERE id BETWEEN 5407285 AND 5407294
	Aggregate  (cost=43.97..43.98 rows=1 width=8)
	  ->  Index Scan using sbtest8_pkey on sbtest8  (cost=0.43..43.94 rows=10 width=4)
	        Index Cond: ((id >= 5407285) AND (id <= 5407294))
for: sum_ranges
table 1 : explain SELECT SUM(k) FROM sbtest1 WHERE id BETWEEN 9695338 AND 9695347
	Aggregate  (cost=44.10..44.11 rows=1 width=8)
	  ->  Index Scan using sbtest1_pkey on sbtest1  (cost=0.43..44.07 rows=10 width=4)
	        Index Cond: ((id >= 9695338) AND (id <= 9695347))

table 2 : explain SELECT SUM(k) FROM sbtest2 WHERE id BETWEEN 1465262 AND 1465271
	Aggregate  (cost=40.12..40.13 rows=1 width=8)
	  ->  Index Scan using sbtest2_pkey on sbtest2  (cost=0.43..40.10 rows=9 width=4)
	        Index Cond: ((id >= 1465262) AND (id <= 1465271))

table 3 : explain SELECT SUM(k) FROM sbtest3 WHERE id BETWEEN 5062656 AND 5062665
	Aggregate  (cost=44.10..44.11 rows=1 width=8)
	  ->  Index Scan using sbtest3_pkey on sbtest3  (cost=0.43..44.07 rows=10 width=4)
	        Index Cond: ((id >= 5062656) AND (id <= 5062665))

table 4 : explain SELECT SUM(k) FROM sbtest4 WHERE id BETWEEN 9798123 AND 9798132
	Aggregate  (cost=44.06..44.07 rows=1 width=8)
	  ->  Index Scan using sbtest4_pkey on sbtest4  (cost=0.43..44.03 rows=10 width=4)
	        Index Cond: ((id >= 9798123) AND (id <= 9798132))

table 5 : explain SELECT SUM(k) FROM sbtest5 WHERE id BETWEEN 1893336 AND 1893345
	Aggregate  (cost=43.92..43.93 rows=1 width=8)
	  ->  Index Scan using sbtest5_pkey on sbtest5  (cost=0.43..43.90 rows=10 width=4)
	        Index Cond: ((id >= 1893336) AND (id <= 1893345))

table 6 : explain SELECT SUM(k) FROM sbtest6 WHERE id BETWEEN 8297579 AND 8297588
	Aggregate  (cost=44.03..44.04 rows=1 width=8)
	  ->  Index Scan using sbtest6_pkey on sbtest6  (cost=0.43..44.00 rows=10 width=4)
	        Index Cond: ((id >= 8297579) AND (id <= 8297588))

table 7 : explain SELECT SUM(k) FROM sbtest7 WHERE id BETWEEN 3454965 AND 3454974
	Aggregate  (cost=44.11..44.12 rows=1 width=8)
	  ->  Index Scan using sbtest7_pkey on sbtest7  (cost=0.43..44.08 rows=10 width=4)
	        Index Cond: ((id >= 3454965) AND (id <= 3454974))

table 8 : explain SELECT SUM(k) FROM sbtest8 WHERE id BETWEEN 3782945 AND 3782954
	Aggregate  (cost=43.97..43.98 rows=1 width=8)
	  ->  Index Scan using sbtest8_pkey on sbtest8  (cost=0.43..43.94 rows=10 width=4)
	        Index Cond: ((id >= 3782945) AND (id <= 3782954))

for: simple_ranges
table 1 : explain SELECT c FROM sbtest1 WHERE id BETWEEN 88405 AND 88414
	Index Scan using sbtest1_pkey on sbtest1  (cost=0.43..44.07 rows=10 width=121)
	  Index Cond: ((id >= 88405) AND (id <= 88414))

table 2 : explain SELECT c FROM sbtest2 WHERE id BETWEEN 2764981 AND 2764990
	Index Scan using sbtest2_pkey on sbtest2  (cost=0.43..40.10 rows=9 width=121)
	  Index Cond: ((id >= 2764981) AND (id <= 2764990))

table 3 : explain SELECT c FROM sbtest3 WHERE id BETWEEN 3510555 AND 3510564
	Index Scan using sbtest3_pkey on sbtest3  (cost=0.43..48.03 rows=11 width=121)
	  Index Cond: ((id >= 3510555) AND (id <= 3510564))

table 4 : explain SELECT c FROM sbtest4 WHERE id BETWEEN 5288265 AND 5288274
	Index Scan using sbtest4_pkey on sbtest4  (cost=0.43..44.03 rows=10 width=121)
	  Index Cond: ((id >= 5288265) AND (id <= 5288274))

table 5 : explain SELECT c FROM sbtest5 WHERE id BETWEEN 9129888 AND 9129897
	Index Scan using sbtest5_pkey on sbtest5  (cost=0.43..39.96 rows=9 width=121)
	  Index Cond: ((id >= 9129888) AND (id <= 9129897))

table 6 : explain SELECT c FROM sbtest6 WHERE id BETWEEN 9644168 AND 9644177
	Index Scan using sbtest6_pkey on sbtest6  (cost=0.43..44.00 rows=10 width=121)
	  Index Cond: ((id >= 9644168) AND (id <= 9644177))

table 7 : explain SELECT c FROM sbtest7 WHERE id BETWEEN 598623 AND 598632
	Index Scan using sbtest7_pkey on sbtest7  (cost=0.43..44.08 rows=10 width=121)
	  Index Cond: ((id >= 598623) AND (id <= 598632))

table 8 : explain SELECT c FROM sbtest8 WHERE id BETWEEN 4797266 AND 4797275
	Index Scan using sbtest8_pkey on sbtest8  (cost=0.43..43.94 rows=10 width=121)
	  Index Cond: ((id >= 4797266) AND (id <= 4797275))

for: simple_ranges
table 1 : explain SELECT c FROM sbtest1 WHERE id BETWEEN 7758347 AND 7758356
	Index Scan using sbtest1_pkey on sbtest1  (cost=0.43..44.07 rows=10 width=121)
	  Index Cond: ((id >= 7758347) AND (id <= 7758356))

table 2 : explain SELECT c FROM sbtest2 WHERE id BETWEEN 9791791 AND 9791800
	Index Scan using sbtest2_pkey on sbtest2  (cost=0.43..44.05 rows=10 width=121)
	  Index Cond: ((id >= 9791791) AND (id <= 9791800))

table 3 : explain SELECT c FROM sbtest3 WHERE id BETWEEN 8103130 AND 8103139
	Index Scan using sbtest3_pkey on sbtest3  (cost=0.43..48.03 rows=11 width=121)
	  Index Cond: ((id >= 8103130) AND (id <= 8103139))

table 4 : explain SELECT c FROM sbtest4 WHERE id BETWEEN 3358002 AND 3358011
	Index Scan using sbtest4_pkey on sbtest4  (cost=0.43..40.08 rows=9 width=121)
	  Index Cond: ((id >= 3358002) AND (id <= 3358011))

table 5 : explain SELECT c FROM sbtest5 WHERE id BETWEEN 7335874 AND 7335883
	Index Scan using sbtest5_pkey on sbtest5  (cost=0.43..47.84 rows=11 width=121)
	  Index Cond: ((id >= 7335874) AND (id <= 7335883))

table 6 : explain SELECT c FROM sbtest6 WHERE id BETWEEN 2692389 AND 2692398
	Index Scan using sbtest6_pkey on sbtest6  (cost=0.43..47.95 rows=11 width=121)
	  Index Cond: ((id >= 2692389) AND (id <= 2692398))

table 7 : explain SELECT c FROM sbtest7 WHERE id BETWEEN 5502699 AND 5502708
	Index Scan using sbtest7_pkey on sbtest7  (cost=0.43..48.04 rows=11 width=121)
	  Index Cond: ((id >= 5502699) AND (id <= 5502708))

table 8 : explain SELECT c FROM sbtest8 WHERE id BETWEEN 6827541 AND 6827550
	Index Scan using sbtest8_pkey on sbtest8  (cost=0.43..40.00 rows=9 width=121)
	  Index Cond: ((id >= 6827541) AND (id <= 6827550))


for: simple_ranges
table 1 : explain SELECT c FROM sbtest1 WHERE id BETWEEN 3249205 AND 3249214
	Index Scan using sbtest1_pkey on sbtest1  (cost=0.43..44.07 rows=10 width=121)
	  Index Cond: ((id >= 3249205) AND (id <= 3249214))

table 2 : explain SELECT c FROM sbtest2 WHERE id BETWEEN 9031354 AND 9031363
	Index Scan using sbtest2_pkey on sbtest2  (cost=0.43..44.05 rows=10 width=121)
	  Index Cond: ((id >= 9031354) AND (id <= 9031363))

table 3 : explain SELECT c FROM sbtest3 WHERE id BETWEEN 4407593 AND 4407602
	Index Scan using sbtest3_pkey on sbtest3  (cost=0.43..44.07 rows=10 width=121)
	  Index Cond: ((id >= 4407593) AND (id <= 4407602))

table 4 : explain SELECT c FROM sbtest4 WHERE id BETWEEN 3376868 AND 3376877
	Index Scan using sbtest4_pkey on sbtest4  (cost=0.43..40.08 rows=9 width=121)
	  Index Cond: ((id >= 3376868) AND (id <= 3376877))

table 5 : explain SELECT c FROM sbtest5 WHERE id BETWEEN 2191909 AND 2191918
	Index Scan using sbtest5_pkey on sbtest5  (cost=0.43..43.90 rows=10 width=121)
	  Index Cond: ((id >= 2191909) AND (id <= 2191918))

table 6 : explain SELECT c FROM sbtest6 WHERE id BETWEEN 3833 AND 3842
	Index Scan using sbtest6_pkey on sbtest6  (cost=0.43..44.00 rows=10 width=121)
	  Index Cond: ((id >= 3833) AND (id <= 3842))

table 7 : explain SELECT c FROM sbtest7 WHERE id BETWEEN 4897156 AND 4897165
	Index Scan using sbtest7_pkey on sbtest7  (cost=0.43..44.08 rows=10 width=121)
	  Index Cond: ((id >= 4897156) AND (id <= 4897165))

table 8 : explain SELECT c FROM sbtest8 WHERE id BETWEEN 3549026 AND 3549035
	Index Scan using sbtest8_pkey on sbtest8  (cost=0.43..43.94 rows=10 width=121)
	  Index Cond: ((id >= 3549026) AND (id <= 3549035))


for: sum_ranges
table 1 : explain SELECT SUM(k) FROM sbtest1 WHERE id BETWEEN 7942932 AND 7942941
	Aggregate  (cost=48.05..48.06 rows=1 width=8)
	  ->  Index Scan using sbtest1_pkey on sbtest1  (cost=0.43..48.03 rows=11 width=4)
	        Index Cond: ((id >= 7942932) AND (id <= 7942941))

table 2 : explain SELECT SUM(k) FROM sbtest2 WHERE id BETWEEN 4519317 AND 4519326
	Aggregate  (cost=44.08..44.09 rows=1 width=8)
	  ->  Index Scan using sbtest2_pkey on sbtest2  (cost=0.43..44.05 rows=10 width=4)
	        Index Cond: ((id >= 4519317) AND (id <= 4519326))

table 3 : explain SELECT SUM(k) FROM sbtest3 WHERE id BETWEEN 7789059 AND 7789068
	Aggregate  (cost=40.14..40.15 rows=1 width=8)
	  ->  Index Scan using sbtest3_pkey on sbtest3  (cost=0.43..40.11 rows=9 width=4)
	        Index Cond: ((id >= 7789059) AND (id <= 7789068))

table 4 : explain SELECT SUM(k) FROM sbtest4 WHERE id BETWEEN 7429856 AND 7429865
	Aggregate  (cost=40.10..40.11 rows=1 width=8)
	  ->  Index Scan using sbtest4_pkey on sbtest4  (cost=0.43..40.08 rows=9 width=4)
	        Index Cond: ((id >= 7429856) AND (id <= 7429865))

table 5 : explain SELECT SUM(k) FROM sbtest5 WHERE id BETWEEN 447690 AND 447699
	Aggregate  (cost=43.92..43.93 rows=1 width=8)
	  ->  Index Scan using sbtest5_pkey on sbtest5  (cost=0.43..43.90 rows=10 width=4)
	        Index Cond: ((id >= 447690) AND (id <= 447699))

table 6 : explain SELECT SUM(k) FROM sbtest6 WHERE id BETWEEN 535371 AND 535380
	Aggregate  (cost=40.08..40.09 rows=1 width=8)
	  ->  Index Scan using sbtest6_pkey on sbtest6  (cost=0.43..40.05 rows=9 width=4)
	        Index Cond: ((id >= 535371) AND (id <= 535380))

table 7 : explain SELECT SUM(k) FROM sbtest7 WHERE id BETWEEN 383049 AND 383058
	Aggregate  (cost=44.11..44.12 rows=1 width=8)
	  ->  Index Scan using sbtest7_pkey on sbtest7  (cost=0.43..44.08 rows=10 width=4)
	        Index Cond: ((id >= 383049) AND (id <= 383058))

table 8 : explain SELECT SUM(k) FROM sbtest8 WHERE id BETWEEN 3275874 AND 3275883
	Aggregate  (cost=47.91..47.92 rows=1 width=8)
	  ->  Index Scan using sbtest8_pkey on sbtest8  (cost=0.43..47.89 rows=11 width=4)
	        Index Cond: ((id >= 3275874) AND (id <= 3275883))

for: sum_ranges
table 1 : explain SELECT SUM(k) FROM sbtest1 WHERE id BETWEEN 8744229 AND 8744238
	Aggregate  (cost=44.10..44.11 rows=1 width=8)
	  ->  Index Scan using sbtest1_pkey on sbtest1  (cost=0.43..44.07 rows=10 width=4)
	        Index Cond: ((id >= 8744229) AND (id <= 8744238))

table 2 : explain SELECT SUM(k) FROM sbtest2 WHERE id BETWEEN 1317944 AND 1317953
	Aggregate  (cost=44.08..44.09 rows=1 width=8)
	  ->  Index Scan using sbtest2_pkey on sbtest2  (cost=0.43..44.05 rows=10 width=4)
	        Index Cond: ((id >= 1317944) AND (id <= 1317953))

table 3 : explain SELECT SUM(k) FROM sbtest3 WHERE id BETWEEN 3442456 AND 3442465
	Aggregate  (cost=44.10..44.11 rows=1 width=8)
	  ->  Index Scan using sbtest3_pkey on sbtest3  (cost=0.43..44.07 rows=10 width=4)
	        Index Cond: ((id >= 3442456) AND (id <= 3442465))

table 4 : explain SELECT SUM(k) FROM sbtest4 WHERE id BETWEEN 2531770 AND 2531779
	Aggregate  (cost=48.01..48.02 rows=1 width=8)
	  ->  Index Scan using sbtest4_pkey on sbtest4  (cost=0.43..47.98 rows=11 width=4)
	        Index Cond: ((id >= 2531770) AND (id <= 2531779))

table 5 : explain SELECT SUM(k) FROM sbtest5 WHERE id BETWEEN 2736499 AND 2736508
	Aggregate  (cost=39.98..39.99 rows=1 width=8)
	  ->  Index Scan using sbtest5_pkey on sbtest5  (cost=0.43..39.96 rows=9 width=4)
	        Index Cond: ((id >= 2736499) AND (id <= 2736508))

table 6 : explain SELECT SUM(k) FROM sbtest6 WHERE id BETWEEN 9139059 AND 9139068
	Aggregate  (cost=51.93..51.94 rows=1 width=8)
	  ->  Index Scan using sbtest6_pkey on sbtest6  (cost=0.43..51.90 rows=12 width=4)
	        Index Cond: ((id >= 9139059) AND (id <= 9139068))

table 7 : explain SELECT SUM(k) FROM sbtest7 WHERE id BETWEEN 9539940 AND 9539949
	Aggregate  (cost=48.07..48.08 rows=1 width=8)
	  ->  Index Scan using sbtest7_pkey on sbtest7  (cost=0.43..48.04 rows=11 width=4)
	        Index Cond: ((id >= 9539940) AND (id <= 9539949))

table 8 : explain SELECT SUM(k) FROM sbtest8 WHERE id BETWEEN 5621961 AND 5621970
	Aggregate  (cost=43.97..43.98 rows=1 width=8)
	  ->  Index Scan using sbtest8_pkey on sbtest8  (cost=0.43..43.94 rows=10 width=4)
	        Index Cond: ((id >= 5621961) AND (id <= 5621970))

for: sum_ranges
table 1 : explain SELECT SUM(k) FROM sbtest1 WHERE id BETWEEN 2841011 AND 2841020
	Aggregate  (cost=48.05..48.06 rows=1 width=8)
	  ->  Index Scan using sbtest1_pkey on sbtest1  (cost=0.43..48.03 rows=11 width=4)
	        Index Cond: ((id >= 2841011) AND (id <= 2841020))

table 2 : explain SELECT SUM(k) FROM sbtest2 WHERE id BETWEEN 3016375 AND 3016384
	Aggregate  (cost=48.04..48.05 rows=1 width=8)
	  ->  Index Scan using sbtest2_pkey on sbtest2  (cost=0.43..48.01 rows=11 width=4)
	        Index Cond: ((id >= 3016375) AND (id <= 3016384))

table 3 : explain SELECT SUM(k) FROM sbtest3 WHERE id BETWEEN 7253190 AND 7253199
	Aggregate  (cost=44.10..44.11 rows=1 width=8)
	  ->  Index Scan using sbtest3_pkey on sbtest3  (cost=0.43..44.07 rows=10 width=4)
	        Index Cond: ((id >= 7253190) AND (id <= 7253199))

table 4 : explain SELECT SUM(k) FROM sbtest4 WHERE id BETWEEN 4500124 AND 4500133
	Aggregate  (cost=48.01..48.02 rows=1 width=8)
	  ->  Index Scan using sbtest4_pkey on sbtest4  (cost=0.43..47.98 rows=11 width=4)
	        Index Cond: ((id >= 4500124) AND (id <= 4500133))

table 5 : explain SELECT SUM(k) FROM sbtest5 WHERE id BETWEEN 7470154 AND 7470163
	Aggregate  (cost=43.92..43.93 rows=1 width=8)
	  ->  Index Scan using sbtest5_pkey on sbtest5  (cost=0.43..43.90 rows=10 width=4)
	        Index Cond: ((id >= 7470154) AND (id <= 7470163))

table 6 : explain SELECT SUM(k) FROM sbtest6 WHERE id BETWEEN 9004426 AND 9004435
	Aggregate  (cost=44.03..44.04 rows=1 width=8)
	  ->  Index Scan using sbtest6_pkey on sbtest6  (cost=0.43..44.00 rows=10 width=4)
	        Index Cond: ((id >= 9004426) AND (id <= 9004435))

table 7 : explain SELECT SUM(k) FROM sbtest7 WHERE id BETWEEN 5086955 AND 5086964
	Aggregate  (cost=44.11..44.12 rows=1 width=8)
	  ->  Index Scan using sbtest7_pkey on sbtest7  (cost=0.43..44.08 rows=10 width=4)
	        Index Cond: ((id >= 5086955) AND (id <= 5086964))

table 8 : explain SELECT SUM(k) FROM sbtest8 WHERE id BETWEEN 9504907 AND 9504916
	Aggregate  (cost=43.97..43.98 rows=1 width=8)
	  ->  Index Scan using sbtest8_pkey on sbtest8  (cost=0.43..43.94 rows=10 width=4)
	        Index Cond: ((id >= 9504907) AND (id <= 9504916))

for: order_ranges
table 1 : explain SELECT c FROM sbtest1 WHERE id BETWEEN 5577278 AND 5577287 ORDER BY c
	Sort  (cost=44.24..44.26 rows=10 width=121)
	  Sort Key: c
	  ->  Index Scan using sbtest1_pkey on sbtest1  (cost=0.43..44.07 rows=10 width=121)
	        Index Cond: ((id >= 5577278) AND (id <= 5577287))

table 2 : explain SELECT c FROM sbtest2 WHERE id BETWEEN 3907958 AND 3907967 ORDER BY c
	Sort  (cost=44.22..44.25 rows=10 width=121)
	  Sort Key: c
	  ->  Index Scan using sbtest2_pkey on sbtest2  (cost=0.43..44.05 rows=10 width=121)
	        Index Cond: ((id >= 3907958) AND (id <= 3907967))

table 3 : explain SELECT c FROM sbtest3 WHERE id BETWEEN 5364321 AND 5364330 ORDER BY c
	Sort  (cost=44.24..44.26 rows=10 width=121)
	  Sort Key: c
	  ->  Index Scan using sbtest3_pkey on sbtest3  (cost=0.43..44.07 rows=10 width=121)
	        Index Cond: ((id >= 5364321) AND (id <= 5364330))

table 4 : explain SELECT c FROM sbtest4 WHERE id BETWEEN 323497 AND 323506 ORDER BY c
	Sort  (cost=44.20..44.22 rows=10 width=121)
	  Sort Key: c
	  ->  Index Scan using sbtest4_pkey on sbtest4  (cost=0.43..44.03 rows=10 width=121)
	        Index Cond: ((id >= 323497) AND (id <= 323506))

table 5 : explain SELECT c FROM sbtest5 WHERE id BETWEEN 1654073 AND 1654082 ORDER BY c
	Sort  (cost=44.07..44.09 rows=10 width=121)
	  Sort Key: c
	  ->  Index Scan using sbtest5_pkey on sbtest5  (cost=0.43..43.90 rows=10 width=121)
	        Index Cond: ((id >= 1654073) AND (id <= 1654082))

table 6 : explain SELECT c FROM sbtest6 WHERE id BETWEEN 560545 AND 560554 ORDER BY c
	Sort  (cost=40.20..40.22 rows=9 width=121)
	  Sort Key: c
	  ->  Index Scan using sbtest6_pkey on sbtest6  (cost=0.43..40.05 rows=9 width=121)
	        Index Cond: ((id >= 560545) AND (id <= 560554))

table 7 : explain SELECT c FROM sbtest7 WHERE id BETWEEN 7320220 AND 7320229 ORDER BY c
	Sort  (cost=40.26..40.29 rows=9 width=121)
	  Sort Key: c
	  ->  Index Scan using sbtest7_pkey on sbtest7  (cost=0.43..40.12 rows=9 width=121)
	        Index Cond: ((id >= 7320220) AND (id <= 7320229))

table 8 : explain SELECT c FROM sbtest8 WHERE id BETWEEN 6977110 AND 6977119 ORDER BY c
	Sort  (cost=44.11..44.13 rows=10 width=121)
	  Sort Key: c
	  ->  Index Scan using sbtest8_pkey on sbtest8  (cost=0.43..43.94 rows=10 width=121)
	        Index Cond: ((id >= 6977110) AND (id <= 6977119))

for: sum_ranges
table 1 : explain SELECT SUM(k) FROM sbtest1 WHERE id BETWEEN 4724909 AND 4724918
	Aggregate  (cost=48.05..48.06 rows=1 width=8)
	  ->  Index Scan using sbtest1_pkey on sbtest1  (cost=0.43..48.03 rows=11 width=4)
	        Index Cond: ((id >= 4724909) AND (id <= 4724918))

table 2 : explain SELECT SUM(k) FROM sbtest2 WHERE id BETWEEN 4492105 AND 4492114
	Aggregate  (cost=44.08..44.09 rows=1 width=8)
	  ->  Index Scan using sbtest2_pkey on sbtest2  (cost=0.43..44.05 rows=10 width=4)
	        Index Cond: ((id >= 4492105) AND (id <= 4492114))

table 3 : explain SELECT SUM(k) FROM sbtest3 WHERE id BETWEEN 4461386 AND 4461395
	Aggregate  (cost=44.10..44.11 rows=1 width=8)
	  ->  Index Scan using sbtest3_pkey on sbtest3  (cost=0.43..44.07 rows=10 width=4)
	        Index Cond: ((id >= 4461386) AND (id <= 4461395))

table 4 : explain SELECT SUM(k) FROM sbtest4 WHERE id BETWEEN 3707016 AND 3707025
	Aggregate  (cost=44.06..44.07 rows=1 width=8)
	  ->  Index Scan using sbtest4_pkey on sbtest4  (cost=0.43..44.03 rows=10 width=4)
	        Index Cond: ((id >= 3707016) AND (id <= 3707025))

table 5 : explain SELECT SUM(k) FROM sbtest5 WHERE id BETWEEN 563638 AND 563647
	Aggregate  (cost=39.98..39.99 rows=1 width=8)
	  ->  Index Scan using sbtest5_pkey on sbtest5  (cost=0.43..39.96 rows=9 width=4)
	        Index Cond: ((id >= 563638) AND (id <= 563647))

table 6 : explain SELECT SUM(k) FROM sbtest6 WHERE id BETWEEN 5541431 AND 5541440
	Aggregate  (cost=44.03..44.04 rows=1 width=8)
	  ->  Index Scan using sbtest6_pkey on sbtest6  (cost=0.43..44.00 rows=10 width=4)
	        Index Cond: ((id >= 5541431) AND (id <= 5541440))

table 7 : explain SELECT SUM(k) FROM sbtest7 WHERE id BETWEEN 6271077 AND 6271086
	Aggregate  (cost=44.11..44.12 rows=1 width=8)
	  ->  Index Scan using sbtest7_pkey on sbtest7  (cost=0.43..44.08 rows=10 width=4)
	        Index Cond: ((id >= 6271077) AND (id <= 6271086))

table 8 : explain SELECT SUM(k) FROM sbtest8 WHERE id BETWEEN 1221172 AND 1221181
	Aggregate  (cost=43.97..43.98 rows=1 width=8)
	  ->  Index Scan using sbtest8_pkey on sbtest8  (cost=0.43..43.94 rows=10 width=4)
	        Index Cond: ((id >= 1221172) AND (id <= 1221181))

for: simple_ranges
table 1 : explain SELECT c FROM sbtest1 WHERE id BETWEEN 4096533 AND 4096542
	Index Scan using sbtest1_pkey on sbtest1  (cost=0.43..48.03 rows=11 width=121)
	  Index Cond: ((id >= 4096533) AND (id <= 4096542))

table 2 : explain SELECT c FROM sbtest2 WHERE id BETWEEN 5479562 AND 5479571
	Index Scan using sbtest2_pkey on sbtest2  (cost=0.43..40.10 rows=9 width=121)
	  Index Cond: ((id >= 5479562) AND (id <= 5479571))

table 3 : explain SELECT c FROM sbtest3 WHERE id BETWEEN 4655281 AND 4655290
	Index Scan using sbtest3_pkey on sbtest3  (cost=0.43..44.07 rows=10 width=121)
	  Index Cond: ((id >= 4655281) AND (id <= 4655290))

table 4 : explain SELECT c FROM sbtest4 WHERE id BETWEEN 2884831 AND 2884840
	Index Scan using sbtest4_pkey on sbtest4  (cost=0.43..44.03 rows=10 width=121)
	  Index Cond: ((id >= 2884831) AND (id <= 2884840))

table 5 : explain SELECT c FROM sbtest5 WHERE id BETWEEN 72409 AND 72418
	Index Scan using sbtest5_pkey on sbtest5  (cost=0.43..47.84 rows=11 width=121)
	  Index Cond: ((id >= 72409) AND (id <= 72418))

table 6 : explain SELECT c FROM sbtest6 WHERE id BETWEEN 6764799 AND 6764808
	Index Scan using sbtest6_pkey on sbtest6  (cost=0.43..44.00 rows=10 width=121)
	  Index Cond: ((id >= 6764799) AND (id <= 6764808))

table 7 : explain SELECT c FROM sbtest7 WHERE id BETWEEN 9176512 AND 9176521
	Index Scan using sbtest7_pkey on sbtest7  (cost=0.43..44.08 rows=10 width=121)
	  Index Cond: ((id >= 9176512) AND (id <= 9176521))

table 8 : explain SELECT c FROM sbtest8 WHERE id BETWEEN 6214440 AND 6214449
	Index Scan using sbtest8_pkey on sbtest8  (cost=0.43..47.89 rows=11 width=121)
	  Index Cond: ((id >= 6214440) AND (id <= 6214449))

for: sum_ranges
table 1 : explain SELECT SUM(k) FROM sbtest1 WHERE id BETWEEN 5470934 AND 5470943
	Aggregate  (cost=44.10..44.11 rows=1 width=8)
	  ->  Index Scan using sbtest1_pkey on sbtest1  (cost=0.43..44.07 rows=10 width=4)
	        Index Cond: ((id >= 5470934) AND (id <= 5470943))

table 2 : explain SELECT SUM(k) FROM sbtest2 WHERE id BETWEEN 7466952 AND 7466961
	Aggregate  (cost=44.08..44.09 rows=1 width=8)
	  ->  Index Scan using sbtest2_pkey on sbtest2  (cost=0.43..44.05 rows=10 width=4)
	        Index Cond: ((id >= 7466952) AND (id <= 7466961))

table 3 : explain SELECT SUM(k) FROM sbtest3 WHERE id BETWEEN 3697574 AND 3697583
	Aggregate  (cost=44.10..44.11 rows=1 width=8)
	  ->  Index Scan using sbtest3_pkey on sbtest3  (cost=0.43..44.07 rows=10 width=4)
	        Index Cond: ((id >= 3697574) AND (id <= 3697583))

table 4 : explain SELECT SUM(k) FROM sbtest4 WHERE id BETWEEN 473919 AND 473928
	Aggregate  (cost=48.01..48.02 rows=1 width=8)
	  ->  Index Scan using sbtest4_pkey on sbtest4  (cost=0.43..47.98 rows=11 width=4)
	        Index Cond: ((id >= 473919) AND (id <= 473928))

table 5 : explain SELECT SUM(k) FROM sbtest5 WHERE id BETWEEN 3641551 AND 3641560
	Aggregate  (cost=43.92..43.93 rows=1 width=8)
	  ->  Index Scan using sbtest5_pkey on sbtest5  (cost=0.43..43.90 rows=10 width=4)
	        Index Cond: ((id >= 3641551) AND (id <= 3641560))

table 6 : explain SELECT SUM(k) FROM sbtest6 WHERE id BETWEEN 5801429 AND 5801438
	Aggregate  (cost=44.03..44.04 rows=1 width=8)
	  ->  Index Scan using sbtest6_pkey on sbtest6  (cost=0.43..44.00 rows=10 width=4)
	        Index Cond: ((id >= 5801429) AND (id <= 5801438))

table 7 : explain SELECT SUM(k) FROM sbtest7 WHERE id BETWEEN 7866964 AND 7866973
	Aggregate  (cost=48.07..48.08 rows=1 width=8)
	  ->  Index Scan using sbtest7_pkey on sbtest7  (cost=0.43..48.04 rows=11 width=4)
	        Index Cond: ((id >= 7866964) AND (id <= 7866973))

table 8 : explain SELECT SUM(k) FROM sbtest8 WHERE id BETWEEN 1241158 AND 1241167
	Aggregate  (cost=43.97..43.98 rows=1 width=8)
	  ->  Index Scan using sbtest8_pkey on sbtest8  (cost=0.43..43.94 rows=10 width=4)
	        Index Cond: ((id >= 1241158) AND (id <= 1241167))

for: sum_ranges
table 1 : explain SELECT SUM(k) FROM sbtest1 WHERE id BETWEEN 2942831 AND 2942840
	Aggregate  (cost=44.10..44.11 rows=1 width=8)
	  ->  Index Scan using sbtest1_pkey on sbtest1  (cost=0.43..44.07 rows=10 width=4)
	        Index Cond: ((id >= 2942831) AND (id <= 2942840))

table 2 : explain SELECT SUM(k) FROM sbtest2 WHERE id BETWEEN 6481939 AND 6481948
	Aggregate  (cost=40.12..40.13 rows=1 width=8)
	  ->  Index Scan using sbtest2_pkey on sbtest2  (cost=0.43..40.10 rows=9 width=4)
	        Index Cond: ((id >= 6481939) AND (id <= 6481948))

table 3 : explain SELECT SUM(k) FROM sbtest3 WHERE id BETWEEN 3079331 AND 3079340
	Aggregate  (cost=48.06..48.07 rows=1 width=8)
	  ->  Index Scan using sbtest3_pkey on sbtest3  (cost=0.43..48.03 rows=11 width=4)
	        Index Cond: ((id >= 3079331) AND (id <= 3079340))

table 4 : explain SELECT SUM(k) FROM sbtest4 WHERE id BETWEEN 9424856 AND 9424865
	Aggregate  (cost=44.06..44.07 rows=1 width=8)
	  ->  Index Scan using sbtest4_pkey on sbtest4  (cost=0.43..44.03 rows=10 width=4)
	        Index Cond: ((id >= 9424856) AND (id <= 9424865))

table 5 : explain SELECT SUM(k) FROM sbtest5 WHERE id BETWEEN 3646975 AND 3646984
	Aggregate  (cost=43.92..43.93 rows=1 width=8)
	  ->  Index Scan using sbtest5_pkey on sbtest5  (cost=0.43..43.90 rows=10 width=4)
	        Index Cond: ((id >= 3646975) AND (id <= 3646984))

table 6 : explain SELECT SUM(k) FROM sbtest6 WHERE id BETWEEN 4331047 AND 4331056
	Aggregate  (cost=44.03..44.04 rows=1 width=8)
	  ->  Index Scan using sbtest6_pkey on sbtest6  (cost=0.43..44.00 rows=10 width=4)
	        Index Cond: ((id >= 4331047) AND (id <= 4331056))

table 7 : explain SELECT SUM(k) FROM sbtest7 WHERE id BETWEEN 7611766 AND 7611775
	Aggregate  (cost=44.11..44.12 rows=1 width=8)
	  ->  Index Scan using sbtest7_pkey on sbtest7  (cost=0.43..44.08 rows=10 width=4)
	        Index Cond: ((id >= 7611766) AND (id <= 7611775))

table 8 : explain SELECT SUM(k) FROM sbtest8 WHERE id BETWEEN 5536006 AND 5536015
	Aggregate  (cost=43.97..43.98 rows=1 width=8)
	  ->  Index Scan using sbtest8_pkey on sbtest8  (cost=0.43..43.94 rows=10 width=4)
	        Index Cond: ((id >= 5536006) AND (id <= 5536015))

for: simple_ranges
table 1 : explain SELECT c FROM sbtest1 WHERE id BETWEEN 6596904 AND 6596913
	Index Scan using sbtest1_pkey on sbtest1  (cost=0.43..44.07 rows=10 width=121)
	  Index Cond: ((id >= 6596904) AND (id <= 6596913))

table 2 : explain SELECT c FROM sbtest2 WHERE id BETWEEN 5983772 AND 5983781
	Index Scan using sbtest2_pkey on sbtest2  (cost=0.43..44.05 rows=10 width=121)
	  Index Cond: ((id >= 5983772) AND (id <= 5983781))

table 3 : explain SELECT c FROM sbtest3 WHERE id BETWEEN 5785538 AND 5785547
	Index Scan using sbtest3_pkey on sbtest3  (cost=0.43..44.07 rows=10 width=121)
	  Index Cond: ((id >= 5785538) AND (id <= 5785547))

table 4 : explain SELECT c FROM sbtest4 WHERE id BETWEEN 194582 AND 194591
	Index Scan using sbtest4_pkey on sbtest4  (cost=0.43..47.98 rows=11 width=121)
	  Index Cond: ((id >= 194582) AND (id <= 194591))

table 5 : explain SELECT c FROM sbtest5 WHERE id BETWEEN 1963133 AND 1963142
	Index Scan using sbtest5_pkey on sbtest5  (cost=0.43..43.90 rows=10 width=121)
	  Index Cond: ((id >= 1963133) AND (id <= 1963142))

table 6 : explain SELECT c FROM sbtest6 WHERE id BETWEEN 2564634 AND 2564643
	Index Scan using sbtest6_pkey on sbtest6  (cost=0.43..44.00 rows=10 width=121)
	  Index Cond: ((id >= 2564634) AND (id <= 2564643))

table 7 : explain SELECT c FROM sbtest7 WHERE id BETWEEN 9175033 AND 9175042
	Index Scan using sbtest7_pkey on sbtest7  (cost=0.43..44.08 rows=10 width=121)
	  Index Cond: ((id >= 9175033) AND (id <= 9175042))

table 8 : explain SELECT c FROM sbtest8 WHERE id BETWEEN 3781203 AND 3781212
	Index Scan using sbtest8_pkey on sbtest8  (cost=0.43..43.94 rows=10 width=121)
	  Index Cond: ((id >= 3781203) AND (id <= 3781212))

for: order_ranges
table 1 : explain SELECT c FROM sbtest1 WHERE id BETWEEN 5482775 AND 5482784 ORDER BY c
	Sort  (cost=44.24..44.26 rows=10 width=121)
	  Sort Key: c
	  ->  Index Scan using sbtest1_pkey on sbtest1  (cost=0.43..44.07 rows=10 width=121)
	        Index Cond: ((id >= 5482775) AND (id <= 5482784))

table 2 : explain SELECT c FROM sbtest2 WHERE id BETWEEN 3995835 AND 3995844 ORDER BY c
	Sort  (cost=48.20..48.23 rows=11 width=121)
	  Sort Key: c
	  ->  Index Scan using sbtest2_pkey on sbtest2  (cost=0.43..48.01 rows=11 width=121)
	        Index Cond: ((id >= 3995835) AND (id <= 3995844))

table 3 : explain SELECT c FROM sbtest3 WHERE id BETWEEN 9576273 AND 9576282 ORDER BY c
	Sort  (cost=44.24..44.26 rows=10 width=121)
	  Sort Key: c
	  ->  Index Scan using sbtest3_pkey on sbtest3  (cost=0.43..44.07 rows=10 width=121)
	        Index Cond: ((id >= 9576273) AND (id <= 9576282))

table 4 : explain SELECT c FROM sbtest4 WHERE id BETWEEN 5827901 AND 5827910 ORDER BY c
	Sort  (cost=44.20..44.22 rows=10 width=121)
	  Sort Key: c
	  ->  Index Scan using sbtest4_pkey on sbtest4  (cost=0.43..44.03 rows=10 width=121)
	        Index Cond: ((id >= 5827901) AND (id <= 5827910))

table 5 : explain SELECT c FROM sbtest5 WHERE id BETWEEN 2766250 AND 2766259 ORDER BY c
	Sort  (cost=40.10..40.13 rows=9 width=121)
	  Sort Key: c
	  ->  Index Scan using sbtest5_pkey on sbtest5  (cost=0.43..39.96 rows=9 width=121)
	        Index Cond: ((id >= 2766250) AND (id <= 2766259))

table 6 : explain SELECT c FROM sbtest6 WHERE id BETWEEN 7930859 AND 7930868 ORDER BY c
	Sort  (cost=44.17..44.19 rows=10 width=121)
	  Sort Key: c
	  ->  Index Scan using sbtest6_pkey on sbtest6  (cost=0.43..44.00 rows=10 width=121)
	        Index Cond: ((id >= 7930859) AND (id <= 7930868))

table 7 : explain SELECT c FROM sbtest7 WHERE id BETWEEN 9987393 AND 9987402 ORDER BY c
	Sort  (cost=44.25..44.27 rows=10 width=121)
	  Sort Key: c
	  ->  Index Scan using sbtest7_pkey on sbtest7  (cost=0.43..44.08 rows=10 width=121)
	        Index Cond: ((id >= 9987393) AND (id <= 9987402))

table 8 : explain SELECT c FROM sbtest8 WHERE id BETWEEN 6893163 AND 6893172 ORDER BY c
	Sort  (cost=40.14..40.17 rows=9 width=121)
	  Sort Key: c
	  ->  Index Scan using sbtest8_pkey on sbtest8  (cost=0.43..40.00 rows=9 width=121)
	        Index Cond: ((id >= 6893163) AND (id <= 6893172))

for: simple_ranges
table 1 : explain SELECT c FROM sbtest1 WHERE id BETWEEN 136120 AND 136129
	Index Scan using sbtest1_pkey on sbtest1  (cost=0.43..44.07 rows=10 width=121)
	  Index Cond: ((id >= 136120) AND (id <= 136129))

table 2 : explain SELECT c FROM sbtest2 WHERE id BETWEEN 7979073 AND 7979082
	Index Scan using sbtest2_pkey on sbtest2  (cost=0.43..44.05 rows=10 width=121)
	  Index Cond: ((id >= 7979073) AND (id <= 7979082))

table 3 : explain SELECT c FROM sbtest3 WHERE id BETWEEN 2714379 AND 2714388
	Index Scan using sbtest3_pkey on sbtest3  (cost=0.43..44.07 rows=10 width=121)
	  Index Cond: ((id >= 2714379) AND (id <= 2714388))

table 4 : explain SELECT c FROM sbtest4 WHERE id BETWEEN 4863690 AND 4863699
	Index Scan using sbtest4_pkey on sbtest4  (cost=0.43..40.08 rows=9 width=121)
	  Index Cond: ((id >= 4863690) AND (id <= 4863699))

table 5 : explain SELECT c FROM sbtest5 WHERE id BETWEEN 8293828 AND 8293837
	Index Scan using sbtest5_pkey on sbtest5  (cost=0.43..39.96 rows=9 width=121)
	  Index Cond: ((id >= 8293828) AND (id <= 8293837))

table 6 : explain SELECT c FROM sbtest6 WHERE id BETWEEN 988882 AND 988891
	Index Scan using sbtest6_pkey on sbtest6  (cost=0.43..40.05 rows=9 width=121)
	  Index Cond: ((id >= 988882) AND (id <= 988891))

table 7 : explain SELECT c FROM sbtest7 WHERE id BETWEEN 3902290 AND 3902299
	Index Scan using sbtest7_pkey on sbtest7  (cost=0.43..40.12 rows=9 width=121)
	  Index Cond: ((id >= 3902290) AND (id <= 3902299))

table 8 : explain SELECT c FROM sbtest8 WHERE id BETWEEN 9223753 AND 9223762
	Index Scan using sbtest8_pkey on sbtest8  (cost=0.43..47.89 rows=11 width=121)
	  Index Cond: ((id >= 9223753) AND (id <= 9223762))
for: sum_ranges
table 1 : explain SELECT SUM(k) FROM sbtest1 WHERE id BETWEEN 9645071 AND 9645080
	Aggregate  (cost=44.10..44.11 rows=1 width=8)
	  ->  Index Scan using sbtest1_pkey on sbtest1  (cost=0.43..44.07 rows=10 width=4)
	        Index Cond: ((id >= 9645071) AND (id <= 9645080))

table 2 : explain SELECT SUM(k) FROM sbtest2 WHERE id BETWEEN 1360150 AND 1360159
	Aggregate  (cost=44.08..44.09 rows=1 width=8)
	  ->  Index Scan using sbtest2_pkey on sbtest2  (cost=0.43..44.05 rows=10 width=4)
	        Index Cond: ((id >= 1360150) AND (id <= 1360159))

table 3 : explain SELECT SUM(k) FROM sbtest3 WHERE id BETWEEN 6357254 AND 6357263
	Aggregate  (cost=44.10..44.11 rows=1 width=8)
	  ->  Index Scan using sbtest3_pkey on sbtest3  (cost=0.43..44.07 rows=10 width=4)
	        Index Cond: ((id >= 6357254) AND (id <= 6357263))

table 4 : explain SELECT SUM(k) FROM sbtest4 WHERE id BETWEEN 2721803 AND 2721812
	Aggregate  (cost=48.01..48.02 rows=1 width=8)
	  ->  Index Scan using sbtest4_pkey on sbtest4  (cost=0.43..47.98 rows=11 width=4)
	        Index Cond: ((id >= 2721803) AND (id <= 2721812))

table 5 : explain SELECT SUM(k) FROM sbtest5 WHERE id BETWEEN 424093 AND 424102
	Aggregate  (cost=43.92..43.93 rows=1 width=8)
	  ->  Index Scan using sbtest5_pkey on sbtest5  (cost=0.43..43.90 rows=10 width=4)
	        Index Cond: ((id >= 424093) AND (id <= 424102))

table 6 : explain SELECT SUM(k) FROM sbtest6 WHERE id BETWEEN 1623179 AND 1623188
	Aggregate  (cost=44.03..44.04 rows=1 width=8)
	  ->  Index Scan using sbtest6_pkey on sbtest6  (cost=0.43..44.00 rows=10 width=4)
	        Index Cond: ((id >= 1623179) AND (id <= 1623188))

table 7 : explain SELECT SUM(k) FROM sbtest7 WHERE id BETWEEN 5139627 AND 5139636
	Aggregate  (cost=44.11..44.12 rows=1 width=8)
	  ->  Index Scan using sbtest7_pkey on sbtest7  (cost=0.43..44.08 rows=10 width=4)
	        Index Cond: ((id >= 5139627) AND (id <= 5139636))

table 8 : explain SELECT SUM(k) FROM sbtest8 WHERE id BETWEEN 4187592 AND 4187601
	Aggregate  (cost=43.97..43.98 rows=1 width=8)
	  ->  Index Scan using sbtest8_pkey on sbtest8  (cost=0.43..43.94 rows=10 width=4)
	        Index Cond: ((id >= 4187592) AND (id <= 4187601))

for: order_ranges
table 1 : explain SELECT c FROM sbtest1 WHERE id BETWEEN 2980215 AND 2980224 ORDER BY c
	Sort  (cost=44.24..44.26 rows=10 width=121)
	  Sort Key: c
	  ->  Index Scan using sbtest1_pkey on sbtest1  (cost=0.43..44.07 rows=10 width=121)
	        Index Cond: ((id >= 2980215) AND (id <= 2980224))

table 2 : explain SELECT c FROM sbtest2 WHERE id BETWEEN 5810971 AND 5810980 ORDER BY c
	Sort  (cost=44.22..44.25 rows=10 width=121)
	  Sort Key: c
	  ->  Index Scan using sbtest2_pkey on sbtest2  (cost=0.43..44.05 rows=10 width=121)
	        Index Cond: ((id >= 5810971) AND (id <= 5810980))

table 3 : explain SELECT c FROM sbtest3 WHERE id BETWEEN 6492853 AND 6492862 ORDER BY c
	Sort  (cost=44.24..44.26 rows=10 width=121)
	  Sort Key: c
	  ->  Index Scan using sbtest3_pkey on sbtest3  (cost=0.43..44.07 rows=10 width=121)
	        Index Cond: ((id >= 6492853) AND (id <= 6492862))

table 4 : explain SELECT c FROM sbtest4 WHERE id BETWEEN 3269403 AND 3269412 ORDER BY c
	Sort  (cost=44.20..44.22 rows=10 width=121)
	  Sort Key: c
	  ->  Index Scan using sbtest4_pkey on sbtest4  (cost=0.43..44.03 rows=10 width=121)
	        Index Cond: ((id >= 3269403) AND (id <= 3269412))

table 5 : explain SELECT c FROM sbtest5 WHERE id BETWEEN 6746006 AND 6746015 ORDER BY c
	Sort  (cost=44.07..44.09 rows=10 width=121)
	  Sort Key: c
	  ->  Index Scan using sbtest5_pkey on sbtest5  (cost=0.43..43.90 rows=10 width=121)
	        Index Cond: ((id >= 6746006) AND (id <= 6746015))

table 6 : explain SELECT c FROM sbtest6 WHERE id BETWEEN 7806598 AND 7806607 ORDER BY c
	Sort  (cost=48.14..48.17 rows=11 width=121)
	  Sort Key: c
	  ->  Index Scan using sbtest6_pkey on sbtest6  (cost=0.43..47.95 rows=11 width=121)
	        Index Cond: ((id >= 7806598) AND (id <= 7806607))

table 7 : explain SELECT c FROM sbtest7 WHERE id BETWEEN 4801087 AND 4801096 ORDER BY c
	Sort  (cost=40.26..40.29 rows=9 width=121)
	  Sort Key: c
	  ->  Index Scan using sbtest7_pkey on sbtest7  (cost=0.43..40.12 rows=9 width=121)
	        Index Cond: ((id >= 4801087) AND (id <= 4801096))

table 8 : explain SELECT c FROM sbtest8 WHERE id BETWEEN 81657 AND 81666 ORDER BY c
	Sort  (cost=44.11..44.13 rows=10 width=121)
	  Sort Key: c
	  ->  Index Scan using sbtest8_pkey on sbtest8  (cost=0.43..43.94 rows=10 width=121)
	        Index Cond: ((id >= 81657) AND (id <= 81666))


for: order_ranges
table 1 : explain SELECT c FROM sbtest1 WHERE id BETWEEN 597529 AND 597538 ORDER BY c
	Sort  (cost=40.26..40.28 rows=9 width=121)
	  Sort Key: c
	  ->  Index Scan using sbtest1_pkey on sbtest1  (cost=0.43..40.11 rows=9 width=121)
	        Index Cond: ((id >= 597529) AND (id <= 597538))

table 2 : explain SELECT c FROM sbtest2 WHERE id BETWEEN 8599753 AND 8599762 ORDER BY c
	Sort  (cost=48.20..48.23 rows=11 width=121)
	  Sort Key: c
	  ->  Index Scan using sbtest2_pkey on sbtest2  (cost=0.43..48.01 rows=11 width=121)
	        Index Cond: ((id >= 8599753) AND (id <= 8599762))

table 3 : explain SELECT c FROM sbtest3 WHERE id BETWEEN 5034365 AND 5034374 ORDER BY c
	Sort  (cost=44.24..44.26 rows=10 width=121)
	  Sort Key: c
	  ->  Index Scan using sbtest3_pkey on sbtest3  (cost=0.43..44.07 rows=10 width=121)
	        Index Cond: ((id >= 5034365) AND (id <= 5034374))

table 4 : explain SELECT c FROM sbtest4 WHERE id BETWEEN 9154260 AND 9154269 ORDER BY c
	Sort  (cost=44.20..44.22 rows=10 width=121)
	  Sort Key: c
	  ->  Index Scan using sbtest4_pkey on sbtest4  (cost=0.43..44.03 rows=10 width=121)
	        Index Cond: ((id >= 9154260) AND (id <= 9154269))

table 5 : explain SELECT c FROM sbtest5 WHERE id BETWEEN 4048198 AND 4048207 ORDER BY c
	Sort  (cost=44.07..44.09 rows=10 width=121)
	  Sort Key: c
	  ->  Index Scan using sbtest5_pkey on sbtest5  (cost=0.43..43.90 rows=10 width=121)
	        Index Cond: ((id >= 4048198) AND (id <= 4048207))

table 6 : explain SELECT c FROM sbtest6 WHERE id BETWEEN 2125108 AND 2125117 ORDER BY c
	Sort  (cost=44.17..44.19 rows=10 width=121)
	  Sort Key: c
	  ->  Index Scan using sbtest6_pkey on sbtest6  (cost=0.43..44.00 rows=10 width=121)
	        Index Cond: ((id >= 2125108) AND (id <= 2125117))

table 7 : explain SELECT c FROM sbtest7 WHERE id BETWEEN 8796561 AND 8796570 ORDER BY c
	Sort  (cost=44.25..44.27 rows=10 width=121)
	  Sort Key: c
	  ->  Index Scan using sbtest7_pkey on sbtest7  (cost=0.43..44.08 rows=10 width=121)
	        Index Cond: ((id >= 8796561) AND (id <= 8796570))

table 8 : explain SELECT c FROM sbtest8 WHERE id BETWEEN 6311906 AND 6311915 ORDER BY c
	Sort  (cost=44.11..44.13 rows=10 width=121)
	  Sort Key: c
	  ->  Index Scan using sbtest8_pkey on sbtest8  (cost=0.43..43.94 rows=10 width=121)
	        Index Cond: ((id >= 6311906) AND (id <= 6311915))

for: sum_ranges
table 1 : explain SELECT SUM(k) FROM sbtest1 WHERE id BETWEEN 7568967 AND 7568976
	Aggregate  (cost=44.10..44.11 rows=1 width=8)
	  ->  Index Scan using sbtest1_pkey on sbtest1  (cost=0.43..44.07 rows=10 width=4)
	        Index Cond: ((id >= 7568967) AND (id <= 7568976))

table 2 : explain SELECT SUM(k) FROM sbtest2 WHERE id BETWEEN 3772044 AND 3772053
	Aggregate  (cost=40.12..40.13 rows=1 width=8)
	  ->  Index Scan using sbtest2_pkey on sbtest2  (cost=0.43..40.10 rows=9 width=4)
	        Index Cond: ((id >= 3772044) AND (id <= 3772053))

table 3 : explain SELECT SUM(k) FROM sbtest3 WHERE id BETWEEN 1521520 AND 1521529
	Aggregate  (cost=48.06..48.07 rows=1 width=8)
	  ->  Index Scan using sbtest3_pkey on sbtest3  (cost=0.43..48.03 rows=11 width=4)
	        Index Cond: ((id >= 1521520) AND (id <= 1521529))

table 4 : explain SELECT SUM(k) FROM sbtest4 WHERE id BETWEEN 7276823 AND 7276832
	Aggregate  (cost=44.06..44.07 rows=1 width=8)
	  ->  Index Scan using sbtest4_pkey on sbtest4  (cost=0.43..44.03 rows=10 width=4)
	        Index Cond: ((id >= 7276823) AND (id <= 7276832))

table 5 : explain SELECT SUM(k) FROM sbtest5 WHERE id BETWEEN 484115 AND 484124
	Aggregate  (cost=43.92..43.93 rows=1 width=8)
	  ->  Index Scan using sbtest5_pkey on sbtest5  (cost=0.43..43.90 rows=10 width=4)
	        Index Cond: ((id >= 484115) AND (id <= 484124))

table 6 : explain SELECT SUM(k) FROM sbtest6 WHERE id BETWEEN 2653033 AND 2653042
	Aggregate  (cost=47.98..47.99 rows=1 width=8)
	  ->  Index Scan using sbtest6_pkey on sbtest6  (cost=0.43..47.95 rows=11 width=4)
	        Index Cond: ((id >= 2653033) AND (id <= 2653042))

table 7 : explain SELECT SUM(k) FROM sbtest7 WHERE id BETWEEN 2821121 AND 2821130
	Aggregate  (cost=44.11..44.12 rows=1 width=8)
	  ->  Index Scan using sbtest7_pkey on sbtest7  (cost=0.43..44.08 rows=10 width=4)
	        Index Cond: ((id >= 2821121) AND (id <= 2821130))

table 8 : explain SELECT SUM(k) FROM sbtest8 WHERE id BETWEEN 1810305 AND 1810314
	Aggregate  (cost=47.91..47.92 rows=1 width=8)
	  ->  Index Scan using sbtest8_pkey on sbtest8  (cost=0.43..47.89 rows=11 width=4)
	        Index Cond: ((id >= 1810305) AND (id <= 1810314))

for: order_ranges
table 1 : explain SELECT c FROM sbtest1 WHERE id BETWEEN 7778103 AND 7778112 ORDER BY c
	Sort  (cost=44.24..44.26 rows=10 width=121)
	  Sort Key: c
	  ->  Index Scan using sbtest1_pkey on sbtest1  (cost=0.43..44.07 rows=10 width=121)
	        Index Cond: ((id >= 7778103) AND (id <= 7778112))

table 2 : explain SELECT c FROM sbtest2 WHERE id BETWEEN 1331483 AND 1331492 ORDER BY c
	Sort  (cost=44.22..44.25 rows=10 width=121)
	  Sort Key: c
	  ->  Index Scan using sbtest2_pkey on sbtest2  (cost=0.43..44.05 rows=10 width=121)
	        Index Cond: ((id >= 1331483) AND (id <= 1331492))

table 3 : explain SELECT c FROM sbtest3 WHERE id BETWEEN 8731223 AND 8731232 ORDER BY c
	Sort  (cost=44.24..44.26 rows=10 width=121)
	  Sort Key: c
	  ->  Index Scan using sbtest3_pkey on sbtest3  (cost=0.43..44.07 rows=10 width=121)
	        Index Cond: ((id >= 8731223) AND (id <= 8731232))

table 4 : explain SELECT c FROM sbtest4 WHERE id BETWEEN 6601240 AND 6601249 ORDER BY c
	Sort  (cost=44.20..44.22 rows=10 width=121)
	  Sort Key: c
	  ->  Index Scan using sbtest4_pkey on sbtest4  (cost=0.43..44.03 rows=10 width=121)
	        Index Cond: ((id >= 6601240) AND (id <= 6601249))

table 5 : explain SELECT c FROM sbtest5 WHERE id BETWEEN 955762 AND 955771 ORDER BY c
	Sort  (cost=48.03..48.06 rows=11 width=121)
	  Sort Key: c
	  ->  Index Scan using sbtest5_pkey on sbtest5  (cost=0.43..47.84 rows=11 width=121)
	        Index Cond: ((id >= 955762) AND (id <= 955771))

table 6 : explain SELECT c FROM sbtest6 WHERE id BETWEEN 7791726 AND 7791735 ORDER BY c
	Sort  (cost=48.14..48.17 rows=11 width=121)
	  Sort Key: c
	  ->  Index Scan using sbtest6_pkey on sbtest6  (cost=0.43..47.95 rows=11 width=121)
	        Index Cond: ((id >= 7791726) AND (id <= 7791735))

table 7 : explain SELECT c FROM sbtest7 WHERE id BETWEEN 7478242 AND 7478251 ORDER BY c
	Sort  (cost=44.25..44.27 rows=10 width=121)
	  Sort Key: c
	  ->  Index Scan using sbtest7_pkey on sbtest7  (cost=0.43..44.08 rows=10 width=121)
	        Index Cond: ((id >= 7478242) AND (id <= 7478251))

table 8 : explain SELECT c FROM sbtest8 WHERE id BETWEEN 1224129 AND 1224138 ORDER BY c
	Sort  (cost=44.11..44.13 rows=10 width=121)
	  Sort Key: c
	  ->  Index Scan using sbtest8_pkey on sbtest8  (cost=0.43..43.94 rows=10 width=121)
	        Index Cond: ((id >= 1224129) AND (id <= 1224138))

for: order_ranges
table 1 : explain SELECT c FROM sbtest1 WHERE id BETWEEN 8769382 AND 8769391 ORDER BY c
	Sort  (cost=44.24..44.26 rows=10 width=121)
	  Sort Key: c
	  ->  Index Scan using sbtest1_pkey on sbtest1  (cost=0.43..44.07 rows=10 width=121)
	        Index Cond: ((id >= 8769382) AND (id <= 8769391))

table 2 : explain SELECT c FROM sbtest2 WHERE id BETWEEN 2763934 AND 2763943 ORDER BY c
	Sort  (cost=40.24..40.26 rows=9 width=121)
	  Sort Key: c
	  ->  Index Scan using sbtest2_pkey on sbtest2  (cost=0.43..40.10 rows=9 width=121)
	        Index Cond: ((id >= 2763934) AND (id <= 2763943))

table 3 : explain SELECT c FROM sbtest3 WHERE id BETWEEN 576826 AND 576835 ORDER BY c
	Sort  (cost=44.24..44.26 rows=10 width=121)
	  Sort Key: c
	  ->  Index Scan using sbtest3_pkey on sbtest3  (cost=0.43..44.07 rows=10 width=121)
	        Index Cond: ((id >= 576826) AND (id <= 576835))

table 4 : explain SELECT c FROM sbtest4 WHERE id BETWEEN 4410133 AND 4410142 ORDER BY c
	Sort  (cost=48.17..48.20 rows=11 width=121)
	  Sort Key: c
	  ->  Index Scan using sbtest4_pkey on sbtest4  (cost=0.43..47.98 rows=11 width=121)
	        Index Cond: ((id >= 4410133) AND (id <= 4410142))

table 5 : explain SELECT c FROM sbtest5 WHERE id BETWEEN 7422262 AND 7422271 ORDER BY c
	Sort  (cost=40.10..40.13 rows=9 width=121)
	  Sort Key: c
	  ->  Index Scan using sbtest5_pkey on sbtest5  (cost=0.43..39.96 rows=9 width=121)
	        Index Cond: ((id >= 7422262) AND (id <= 7422271))

table 6 : explain SELECT c FROM sbtest6 WHERE id BETWEEN 2911140 AND 2911149 ORDER BY c
	Sort  (cost=48.14..48.17 rows=11 width=121)
	  Sort Key: c
	  ->  Index Scan using sbtest6_pkey on sbtest6  (cost=0.43..47.95 rows=11 width=121)
	        Index Cond: ((id >= 2911140) AND (id <= 2911149))

table 7 : explain SELECT c FROM sbtest7 WHERE id BETWEEN 9731127 AND 9731136 ORDER BY c
	Sort  (cost=48.23..48.26 rows=11 width=121)
	  Sort Key: c
	  ->  Index Scan using sbtest7_pkey on sbtest7  (cost=0.43..48.04 rows=11 width=121)
	        Index Cond: ((id >= 9731127) AND (id <= 9731136))

table 8 : explain SELECT c FROM sbtest8 WHERE id BETWEEN 6613282 AND 6613291 ORDER BY c
	Sort  (cost=44.11..44.13 rows=10 width=121)
	  Sort Key: c
	  ->  Index Scan using sbtest8_pkey on sbtest8  (cost=0.43..43.94 rows=10 width=121)
	        Index Cond: ((id >= 6613282) AND (id <= 6613291))

for: simple_ranges
table 1 : explain SELECT c FROM sbtest1 WHERE id BETWEEN 4293668 AND 4293677
	Index Scan using sbtest1_pkey on sbtest1  (cost=0.43..44.07 rows=10 width=121)
	  Index Cond: ((id >= 4293668) AND (id <= 4293677))

table 2 : explain SELECT c FROM sbtest2 WHERE id BETWEEN 1245469 AND 1245478
	Index Scan using sbtest2_pkey on sbtest2  (cost=0.43..44.05 rows=10 width=121)
	  Index Cond: ((id >= 1245469) AND (id <= 1245478))

table 3 : explain SELECT c FROM sbtest3 WHERE id BETWEEN 7264093 AND 7264102
	Index Scan using sbtest3_pkey on sbtest3  (cost=0.43..44.07 rows=10 width=121)
	  Index Cond: ((id >= 7264093) AND (id <= 7264102))

table 4 : explain SELECT c FROM sbtest4 WHERE id BETWEEN 4040419 AND 4040428
	Index Scan using sbtest4_pkey on sbtest4  (cost=0.43..44.03 rows=10 width=121)
	  Index Cond: ((id >= 4040419) AND (id <= 4040428))

table 5 : explain SELECT c FROM sbtest5 WHERE id BETWEEN 5229768 AND 5229777
	Index Scan using sbtest5_pkey on sbtest5  (cost=0.43..47.84 rows=11 width=121)
	  Index Cond: ((id >= 5229768) AND (id <= 5229777))

table 6 : explain SELECT c FROM sbtest6 WHERE id BETWEEN 2329869 AND 2329878
	Index Scan using sbtest6_pkey on sbtest6  (cost=0.43..40.05 rows=9 width=121)
	  Index Cond: ((id >= 2329869) AND (id <= 2329878))

table 7 : explain SELECT c FROM sbtest7 WHERE id BETWEEN 7064506 AND 7064515
	Index Scan using sbtest7_pkey on sbtest7  (cost=0.43..44.08 rows=10 width=121)
	  Index Cond: ((id >= 7064506) AND (id <= 7064515))

table 8 : explain SELECT c FROM sbtest8 WHERE id BETWEEN 1517465 AND 1517474
	Index Scan using sbtest8_pkey on sbtest8  (cost=0.43..43.94 rows=10 width=121)
	  Index Cond: ((id >= 1517465) AND (id <= 1517474))

for: sum_ranges
table 1 : explain SELECT SUM(k) FROM sbtest1 WHERE id BETWEEN 6456655 AND 6456664
	Aggregate  (cost=48.05..48.06 rows=1 width=8)
	  ->  Index Scan using sbtest1_pkey on sbtest1  (cost=0.43..48.03 rows=11 width=4)
	        Index Cond: ((id >= 6456655) AND (id <= 6456664))

table 2 : explain SELECT SUM(k) FROM sbtest2 WHERE id BETWEEN 4686085 AND 4686094
	Aggregate  (cost=48.04..48.05 rows=1 width=8)
	  ->  Index Scan using sbtest2_pkey on sbtest2  (cost=0.43..48.01 rows=11 width=4)
	        Index Cond: ((id >= 4686085) AND (id <= 4686094))

table 3 : explain SELECT SUM(k) FROM sbtest3 WHERE id BETWEEN 9312903 AND 9312912
	Aggregate  (cost=44.10..44.11 rows=1 width=8)
	  ->  Index Scan using sbtest3_pkey on sbtest3  (cost=0.43..44.07 rows=10 width=4)
	        Index Cond: ((id >= 9312903) AND (id <= 9312912))

table 4 : explain SELECT SUM(k) FROM sbtest4 WHERE id BETWEEN 7891818 AND 7891827
	Aggregate  (cost=44.06..44.07 rows=1 width=8)
	  ->  Index Scan using sbtest4_pkey on sbtest4  (cost=0.43..44.03 rows=10 width=4)
	        Index Cond: ((id >= 7891818) AND (id <= 7891827))

table 5 : explain SELECT SUM(k) FROM sbtest5 WHERE id BETWEEN 5927431 AND 5927440
	Aggregate  (cost=47.87..47.88 rows=1 width=8)
	  ->  Index Scan using sbtest5_pkey on sbtest5  (cost=0.43..47.84 rows=11 width=4)
	        Index Cond: ((id >= 5927431) AND (id <= 5927440))

table 6 : explain SELECT SUM(k) FROM sbtest6 WHERE id BETWEEN 546077 AND 546086
	Aggregate  (cost=40.08..40.09 rows=1 width=8)
	  ->  Index Scan using sbtest6_pkey on sbtest6  (cost=0.43..40.05 rows=9 width=4)
	        Index Cond: ((id >= 546077) AND (id <= 546086))

table 7 : explain SELECT SUM(k) FROM sbtest7 WHERE id BETWEEN 7259899 AND 7259908
	Aggregate  (cost=44.11..44.12 rows=1 width=8)
	  ->  Index Scan using sbtest7_pkey on sbtest7  (cost=0.43..44.08 rows=10 width=4)
	        Index Cond: ((id >= 7259899) AND (id <= 7259908))

table 8 : explain SELECT SUM(k) FROM sbtest8 WHERE id BETWEEN 8650464 AND 8650473
	Aggregate  (cost=43.97..43.98 rows=1 width=8)
	  ->  Index Scan using sbtest8_pkey on sbtest8  (cost=0.43..43.94 rows=10 width=4)
	        Index Cond: ((id >= 8650464) AND (id <= 8650473))

for: simple_ranges
table 1 : explain SELECT c FROM sbtest1 WHERE id BETWEEN 1432439 AND 1432448
	Index Scan using sbtest1_pkey on sbtest1  (cost=0.43..44.07 rows=10 width=121)
	  Index Cond: ((id >= 1432439) AND (id <= 1432448))

table 2 : explain SELECT c FROM sbtest2 WHERE id BETWEEN 1010726 AND 1010735
	Index Scan using sbtest2_pkey on sbtest2  (cost=0.43..40.10 rows=9 width=121)
	  Index Cond: ((id >= 1010726) AND (id <= 1010735))

table 3 : explain SELECT c FROM sbtest3 WHERE id BETWEEN 6846807 AND 6846816
	Index Scan using sbtest3_pkey on sbtest3  (cost=0.43..44.07 rows=10 width=121)
	  Index Cond: ((id >= 6846807) AND (id <= 6846816))

table 4 : explain SELECT c FROM sbtest4 WHERE id BETWEEN 7279670 AND 7279679
	Index Scan using sbtest4_pkey on sbtest4  (cost=0.43..44.03 rows=10 width=121)
	  Index Cond: ((id >= 7279670) AND (id <= 7279679))

table 5 : explain SELECT c FROM sbtest5 WHERE id BETWEEN 6813447 AND 6813456
	Index Scan using sbtest5_pkey on sbtest5  (cost=0.43..43.90 rows=10 width=121)
	  Index Cond: ((id >= 6813447) AND (id <= 6813456))

table 6 : explain SELECT c FROM sbtest6 WHERE id BETWEEN 6474924 AND 6474933
	Index Scan using sbtest6_pkey on sbtest6  (cost=0.43..44.00 rows=10 width=121)
	  Index Cond: ((id >= 6474924) AND (id <= 6474933))

table 7 : explain SELECT c FROM sbtest7 WHERE id BETWEEN 2361876 AND 2361885
	Index Scan using sbtest7_pkey on sbtest7  (cost=0.43..44.08 rows=10 width=121)
	  Index Cond: ((id >= 2361876) AND (id <= 2361885))

table 8 : explain SELECT c FROM sbtest8 WHERE id BETWEEN 8558475 AND 8558484
	Index Scan using sbtest8_pkey on sbtest8  (cost=0.43..47.89 rows=11 width=121)
	  Index Cond: ((id >= 8558475) AND (id <= 8558484))

for: order_ranges
table 1 : explain SELECT c FROM sbtest1 WHERE id BETWEEN 7869066 AND 7869075 ORDER BY c
	Sort  (cost=48.22..48.25 rows=11 width=121)
	  Sort Key: c
	  ->  Index Scan using sbtest1_pkey on sbtest1  (cost=0.43..48.03 rows=11 width=121)
	        Index Cond: ((id >= 7869066) AND (id <= 7869075))

table 2 : explain SELECT c FROM sbtest2 WHERE id BETWEEN 2135033 AND 2135042 ORDER BY c
	Sort  (cost=40.24..40.26 rows=9 width=121)
	  Sort Key: c
	  ->  Index Scan using sbtest2_pkey on sbtest2  (cost=0.43..40.10 rows=9 width=121)
	        Index Cond: ((id >= 2135033) AND (id <= 2135042))

table 3 : explain SELECT c FROM sbtest3 WHERE id BETWEEN 8784400 AND 8784409 ORDER BY c
	Sort  (cost=44.24..44.26 rows=10 width=121)
	  Sort Key: c
	  ->  Index Scan using sbtest3_pkey on sbtest3  (cost=0.43..44.07 rows=10 width=121)
	        Index Cond: ((id >= 8784400) AND (id <= 8784409))

table 4 : explain SELECT c FROM sbtest4 WHERE id BETWEEN 9056817 AND 9056826 ORDER BY c
	Sort  (cost=44.20..44.22 rows=10 width=121)
	  Sort Key: c
	  ->  Index Scan using sbtest4_pkey on sbtest4  (cost=0.43..44.03 rows=10 width=121)
	        Index Cond: ((id >= 9056817) AND (id <= 9056826))

table 5 : explain SELECT c FROM sbtest5 WHERE id BETWEEN 5502458 AND 5502467 ORDER BY c
	Sort  (cost=44.07..44.09 rows=10 width=121)
	  Sort Key: c
	  ->  Index Scan using sbtest5_pkey on sbtest5  (cost=0.43..43.90 rows=10 width=121)
	        Index Cond: ((id >= 5502458) AND (id <= 5502467))

table 6 : explain SELECT c FROM sbtest6 WHERE id BETWEEN 5292102 AND 5292111 ORDER BY c
	Sort  (cost=44.17..44.19 rows=10 width=121)
	  Sort Key: c
	  ->  Index Scan using sbtest6_pkey on sbtest6  (cost=0.43..44.00 rows=10 width=121)
	        Index Cond: ((id >= 5292102) AND (id <= 5292111))

table 7 : explain SELECT c FROM sbtest7 WHERE id BETWEEN 7733522 AND 7733531 ORDER BY c
	Sort  (cost=44.25..44.27 rows=10 width=121)
	  Sort Key: c
	  ->  Index Scan using sbtest7_pkey on sbtest7  (cost=0.43..44.08 rows=10 width=121)
	        Index Cond: ((id >= 7733522) AND (id <= 7733531))

table 8 : explain SELECT c FROM sbtest8 WHERE id BETWEEN 5583142 AND 5583151 ORDER BY c
	Sort  (cost=44.11..44.13 rows=10 width=121)
	  Sort Key: c
	  ->  Index Scan using sbtest8_pkey on sbtest8  (cost=0.43..43.94 rows=10 width=121)
	        Index Cond: ((id >= 5583142) AND (id <= 5583151))

for: order_ranges
table 1 : explain SELECT c FROM sbtest1 WHERE id BETWEEN 3154229 AND 3154238 ORDER BY c
	Sort  (cost=44.24..44.26 rows=10 width=121)
	  Sort Key: c
	  ->  Index Scan using sbtest1_pkey on sbtest1  (cost=0.43..44.07 rows=10 width=121)
	        Index Cond: ((id >= 3154229) AND (id <= 3154238))

table 2 : explain SELECT c FROM sbtest2 WHERE id BETWEEN 3777227 AND 3777236 ORDER BY c
	Sort  (cost=40.24..40.26 rows=9 width=121)
	  Sort Key: c
	  ->  Index Scan using sbtest2_pkey on sbtest2  (cost=0.43..40.10 rows=9 width=121)
	        Index Cond: ((id >= 3777227) AND (id <= 3777236))

table 3 : explain SELECT c FROM sbtest3 WHERE id BETWEEN 1032546 AND 1032555 ORDER BY c
	Sort  (cost=44.24..44.26 rows=10 width=121)
	  Sort Key: c
	  ->  Index Scan using sbtest3_pkey on sbtest3  (cost=0.43..44.07 rows=10 width=121)
	        Index Cond: ((id >= 1032546) AND (id <= 1032555))

table 4 : explain SELECT c FROM sbtest4 WHERE id BETWEEN 7488061 AND 7488070 ORDER BY c
	Sort  (cost=44.20..44.22 rows=10 width=121)
	  Sort Key: c
	  ->  Index Scan using sbtest4_pkey on sbtest4  (cost=0.43..44.03 rows=10 width=121)
	        Index Cond: ((id >= 7488061) AND (id <= 7488070))

table 5 : explain SELECT c FROM sbtest5 WHERE id BETWEEN 1584256 AND 1584265 ORDER BY c
	Sort  (cost=44.07..44.09 rows=10 width=121)
	  Sort Key: c
	  ->  Index Scan using sbtest5_pkey on sbtest5  (cost=0.43..43.90 rows=10 width=121)
	        Index Cond: ((id >= 1584256) AND (id <= 1584265))

table 6 : explain SELECT c FROM sbtest6 WHERE id BETWEEN 1416362 AND 1416371 ORDER BY c
	Sort  (cost=44.17..44.19 rows=10 width=121)
	  Sort Key: c
	  ->  Index Scan using sbtest6_pkey on sbtest6  (cost=0.43..44.00 rows=10 width=121)
	        Index Cond: ((id >= 1416362) AND (id <= 1416371))

table 7 : explain SELECT c FROM sbtest7 WHERE id BETWEEN 5016487 AND 5016496 ORDER BY c
	Sort  (cost=44.25..44.27 rows=10 width=121)
	  Sort Key: c
	  ->  Index Scan using sbtest7_pkey on sbtest7  (cost=0.43..44.08 rows=10 width=121)
	        Index Cond: ((id >= 5016487) AND (id <= 5016496))

table 8 : explain SELECT c FROM sbtest8 WHERE id BETWEEN 3497849 AND 3497858 ORDER BY c
	Sort  (cost=44.11..44.13 rows=10 width=121)
	  Sort Key: c
	  ->  Index Scan using sbtest8_pkey on sbtest8  (cost=0.43..43.94 rows=10 width=121)
	        Index Cond: ((id >= 3497849) AND (id <= 3497858))

for: order_ranges
table 1 : explain SELECT c FROM sbtest1 WHERE id BETWEEN 6553642 AND 6553651 ORDER BY c
	Sort  (cost=48.22..48.25 rows=11 width=121)
	  Sort Key: c
	  ->  Index Scan using sbtest1_pkey on sbtest1  (cost=0.43..48.03 rows=11 width=121)
	        Index Cond: ((id >= 6553642) AND (id <= 6553651))

table 2 : explain SELECT c FROM sbtest2 WHERE id BETWEEN 510683 AND 510692 ORDER BY c
	Sort  (cost=44.22..44.25 rows=10 width=121)
	  Sort Key: c
	  ->  Index Scan using sbtest2_pkey on sbtest2  (cost=0.43..44.05 rows=10 width=121)
	        Index Cond: ((id >= 510683) AND (id <= 510692))

table 3 : explain SELECT c FROM sbtest3 WHERE id BETWEEN 943362 AND 943371 ORDER BY c
	Sort  (cost=44.24..44.26 rows=10 width=121)
	  Sort Key: c
	  ->  Index Scan using sbtest3_pkey on sbtest3  (cost=0.43..44.07 rows=10 width=121)
	        Index Cond: ((id >= 943362) AND (id <= 943371))

table 4 : explain SELECT c FROM sbtest4 WHERE id BETWEEN 5575359 AND 5575368 ORDER BY c
	Sort  (cost=40.22..40.24 rows=9 width=121)
	  Sort Key: c
	  ->  Index Scan using sbtest4_pkey on sbtest4  (cost=0.43..40.08 rows=9 width=121)
	        Index Cond: ((id >= 5575359) AND (id <= 5575368))

table 5 : explain SELECT c FROM sbtest5 WHERE id BETWEEN 3550247 AND 3550256 ORDER BY c
	Sort  (cost=44.07..44.09 rows=10 width=121)
	  Sort Key: c
	  ->  Index Scan using sbtest5_pkey on sbtest5  (cost=0.43..43.90 rows=10 width=121)
	        Index Cond: ((id >= 3550247) AND (id <= 3550256))

table 6 : explain SELECT c FROM sbtest6 WHERE id BETWEEN 7139095 AND 7139104 ORDER BY c
	Sort  (cost=44.17..44.19 rows=10 width=121)
	  Sort Key: c
	  ->  Index Scan using sbtest6_pkey on sbtest6  (cost=0.43..44.00 rows=10 width=121)
	        Index Cond: ((id >= 7139095) AND (id <= 7139104))

table 7 : explain SELECT c FROM sbtest7 WHERE id BETWEEN 444253 AND 444262 ORDER BY c
	Sort  (cost=44.25..44.27 rows=10 width=121)
	  Sort Key: c
	  ->  Index Scan using sbtest7_pkey on sbtest7  (cost=0.43..44.08 rows=10 width=121)
	        Index Cond: ((id >= 444253) AND (id <= 444262))

table 8 : explain SELECT c FROM sbtest8 WHERE id BETWEEN 9451456 AND 9451465 ORDER BY c
	Sort  (cost=44.11..44.13 rows=10 width=121)
	  Sort Key: c
	  ->  Index Scan using sbtest8_pkey on sbtest8  (cost=0.43..43.94 rows=10 width=121)
	        Index Cond: ((id >= 9451456) AND (id <= 9451465))

for: simple_ranges
table 1 : explain SELECT c FROM sbtest1 WHERE id BETWEEN 331177 AND 331186
	Index Scan using sbtest1_pkey on sbtest1  (cost=0.43..44.07 rows=10 width=121)
	  Index Cond: ((id >= 331177) AND (id <= 331186))

table 2 : explain SELECT c FROM sbtest2 WHERE id BETWEEN 6565574 AND 6565583
	Index Scan using sbtest2_pkey on sbtest2  (cost=0.43..44.05 rows=10 width=121)
	  Index Cond: ((id >= 6565574) AND (id <= 6565583))

table 3 : explain SELECT c FROM sbtest3 WHERE id BETWEEN 7948805 AND 7948814
	Index Scan using sbtest3_pkey on sbtest3  (cost=0.43..44.07 rows=10 width=121)
	  Index Cond: ((id >= 7948805) AND (id <= 7948814))

table 4 : explain SELECT c FROM sbtest4 WHERE id BETWEEN 7016784 AND 7016793
	Index Scan using sbtest4_pkey on sbtest4  (cost=0.43..44.03 rows=10 width=121)
	  Index Cond: ((id >= 7016784) AND (id <= 7016793))

table 5 : explain SELECT c FROM sbtest5 WHERE id BETWEEN 7129088 AND 7129097
	Index Scan using sbtest5_pkey on sbtest5  (cost=0.43..47.84 rows=11 width=121)
	  Index Cond: ((id >= 7129088) AND (id <= 7129097))

table 6 : explain SELECT c FROM sbtest6 WHERE id BETWEEN 1872213 AND 1872222
	Index Scan using sbtest6_pkey on sbtest6  (cost=0.43..47.95 rows=11 width=121)
	  Index Cond: ((id >= 1872213) AND (id <= 1872222))

table 7 : explain SELECT c FROM sbtest7 WHERE id BETWEEN 8390506 AND 8390515
	Index Scan using sbtest7_pkey on sbtest7  (cost=0.43..44.08 rows=10 width=121)
	  Index Cond: ((id >= 8390506) AND (id <= 8390515))

table 8 : explain SELECT c FROM sbtest8 WHERE id BETWEEN 2113063 AND 2113072
	Index Scan using sbtest8_pkey on sbtest8  (cost=0.43..40.00 rows=9 width=121)
	  Index Cond: ((id >= 2113063) AND (id <= 2113072))

for: simple_ranges
table 1 : explain SELECT c FROM sbtest1 WHERE id BETWEEN 6735817 AND 6735826
	Index Scan using sbtest1_pkey on sbtest1  (cost=0.43..40.11 rows=9 width=121)
	  Index Cond: ((id >= 6735817) AND (id <= 6735826))

table 2 : explain SELECT c FROM sbtest2 WHERE id BETWEEN 9967625 AND 9967634
	Index Scan using sbtest2_pkey on sbtest2  (cost=0.43..40.10 rows=9 width=121)
	  Index Cond: ((id >= 9967625) AND (id <= 9967634))

table 3 : explain SELECT c FROM sbtest3 WHERE id BETWEEN 6051951 AND 6051960
	Index Scan using sbtest3_pkey on sbtest3  (cost=0.43..44.07 rows=10 width=121)
	  Index Cond: ((id >= 6051951) AND (id <= 6051960))

table 4 : explain SELECT c FROM sbtest4 WHERE id BETWEEN 8622121 AND 8622130
	Index Scan using sbtest4_pkey on sbtest4  (cost=0.43..47.98 rows=11 width=121)
	  Index Cond: ((id >= 8622121) AND (id <= 8622130))

table 5 : explain SELECT c FROM sbtest5 WHERE id BETWEEN 6773960 AND 6773969
	Index Scan using sbtest5_pkey on sbtest5  (cost=0.43..43.90 rows=10 width=121)
	  Index Cond: ((id >= 6773960) AND (id <= 6773969))

table 6 : explain SELECT c FROM sbtest6 WHERE id BETWEEN 1666715 AND 1666724
	Index Scan using sbtest6_pkey on sbtest6  (cost=0.43..44.00 rows=10 width=121)
	  Index Cond: ((id >= 1666715) AND (id <= 1666724))

table 7 : explain SELECT c FROM sbtest7 WHERE id BETWEEN 2415515 AND 2415524
	Index Scan using sbtest7_pkey on sbtest7  (cost=0.43..44.08 rows=10 width=121)
	  Index Cond: ((id >= 2415515) AND (id <= 2415524))

table 8 : explain SELECT c FROM sbtest8 WHERE id BETWEEN 7060195 AND 7060204
	Index Scan using sbtest8_pkey on sbtest8  (cost=0.43..43.94 rows=10 width=121)
	  Index Cond: ((id >= 7060195) AND (id <= 7060204))

for: order_ranges
table 1 : explain SELECT c FROM sbtest1 WHERE id BETWEEN 7376757 AND 7376766 ORDER BY c
	Sort  (cost=44.24..44.26 rows=10 width=121)
	  Sort Key: c
	  ->  Index Scan using sbtest1_pkey on sbtest1  (cost=0.43..44.07 rows=10 width=121)
	        Index Cond: ((id >= 7376757) AND (id <= 7376766))

table 2 : explain SELECT c FROM sbtest2 WHERE id BETWEEN 819228 AND 819237 ORDER BY c
	Sort  (cost=44.22..44.25 rows=10 width=121)
	  Sort Key: c
	  ->  Index Scan using sbtest2_pkey on sbtest2  (cost=0.43..44.05 rows=10 width=121)
	        Index Cond: ((id >= 819228) AND (id <= 819237))

table 3 : explain SELECT c FROM sbtest3 WHERE id BETWEEN 8746860 AND 8746869 ORDER BY c
	Sort  (cost=44.24..44.26 rows=10 width=121)
	  Sort Key: c
	  ->  Index Scan using sbtest3_pkey on sbtest3  (cost=0.43..44.07 rows=10 width=121)
	        Index Cond: ((id >= 8746860) AND (id <= 8746869))

table 4 : explain SELECT c FROM sbtest4 WHERE id BETWEEN 7448916 AND 7448925 ORDER BY c
	Sort  (cost=40.22..40.24 rows=9 width=121)
	  Sort Key: c
	  ->  Index Scan using sbtest4_pkey on sbtest4  (cost=0.43..40.08 rows=9 width=121)
	        Index Cond: ((id >= 7448916) AND (id <= 7448925))

table 5 : explain SELECT c FROM sbtest5 WHERE id BETWEEN 8084535 AND 8084544 ORDER BY c
	Sort  (cost=48.03..48.06 rows=11 width=121)
	  Sort Key: c
	  ->  Index Scan using sbtest5_pkey on sbtest5  (cost=0.43..47.84 rows=11 width=121)
	        Index Cond: ((id >= 8084535) AND (id <= 8084544))

table 6 : explain SELECT c FROM sbtest6 WHERE id BETWEEN 5893951 AND 5893960 ORDER BY c
	Sort  (cost=44.17..44.19 rows=10 width=121)
	  Sort Key: c
	  ->  Index Scan using sbtest6_pkey on sbtest6  (cost=0.43..44.00 rows=10 width=121)
	        Index Cond: ((id >= 5893951) AND (id <= 5893960))

table 7 : explain SELECT c FROM sbtest7 WHERE id BETWEEN 4752979 AND 4752988 ORDER BY c
	Sort  (cost=44.25..44.27 rows=10 width=121)
	  Sort Key: c
	  ->  Index Scan using sbtest7_pkey on sbtest7  (cost=0.43..44.08 rows=10 width=121)
	        Index Cond: ((id >= 4752979) AND (id <= 4752988))

table 8 : explain SELECT c FROM sbtest8 WHERE id BETWEEN 40973 AND 40982 ORDER BY c
	Sort  (cost=44.11..44.13 rows=10 width=121)
	  Sort Key: c
	  ->  Index Scan using sbtest8_pkey on sbtest8  (cost=0.43..43.94 rows=10 width=121)
	        Index Cond: ((id >= 40973) AND (id <= 40982))

for: sum_ranges
table 1 : explain SELECT SUM(k) FROM sbtest1 WHERE id BETWEEN 7467044 AND 7467053
	Aggregate  (cost=44.10..44.11 rows=1 width=8)
	  ->  Index Scan using sbtest1_pkey on sbtest1  (cost=0.43..44.07 rows=10 width=4)
	        Index Cond: ((id >= 7467044) AND (id <= 7467053))

table 2 : explain SELECT SUM(k) FROM sbtest2 WHERE id BETWEEN 422385 AND 422394
	Aggregate  (cost=40.12..40.13 rows=1 width=8)
	  ->  Index Scan using sbtest2_pkey on sbtest2  (cost=0.43..40.10 rows=9 width=4)
	        Index Cond: ((id >= 422385) AND (id <= 422394))

table 3 : explain SELECT SUM(k) FROM sbtest3 WHERE id BETWEEN 3400545 AND 3400554
	Aggregate  (cost=44.10..44.11 rows=1 width=8)
	  ->  Index Scan using sbtest3_pkey on sbtest3  (cost=0.43..44.07 rows=10 width=4)
	        Index Cond: ((id >= 3400545) AND (id <= 3400554))

table 4 : explain SELECT SUM(k) FROM sbtest4 WHERE id BETWEEN 4088922 AND 4088931
	Aggregate  (cost=44.06..44.07 rows=1 width=8)
	  ->  Index Scan using sbtest4_pkey on sbtest4  (cost=0.43..44.03 rows=10 width=4)
	        Index Cond: ((id >= 4088922) AND (id <= 4088931))

table 5 : explain SELECT SUM(k) FROM sbtest5 WHERE id BETWEEN 116785 AND 116794
	Aggregate  (cost=43.92..43.93 rows=1 width=8)
	  ->  Index Scan using sbtest5_pkey on sbtest5  (cost=0.43..43.90 rows=10 width=4)
	        Index Cond: ((id >= 116785) AND (id <= 116794))

table 6 : explain SELECT SUM(k) FROM sbtest6 WHERE id BETWEEN 2489487 AND 2489496
	Aggregate  (cost=44.03..44.04 rows=1 width=8)
	  ->  Index Scan using sbtest6_pkey on sbtest6  (cost=0.43..44.00 rows=10 width=4)
	        Index Cond: ((id >= 2489487) AND (id <= 2489496))

table 7 : explain SELECT SUM(k) FROM sbtest7 WHERE id BETWEEN 3919478 AND 3919487
	Aggregate  (cost=40.14..40.15 rows=1 width=8)
	  ->  Index Scan using sbtest7_pkey on sbtest7  (cost=0.43..40.12 rows=9 width=4)
	        Index Cond: ((id >= 3919478) AND (id <= 3919487))

table 8 : explain SELECT SUM(k) FROM sbtest8 WHERE id BETWEEN 3757510 AND 3757519
	Aggregate  (cost=43.97..43.98 rows=1 width=8)
	  ->  Index Scan using sbtest8_pkey on sbtest8  (cost=0.43..43.94 rows=10 width=4)
	        Index Cond: ((id >= 3757510) AND (id <= 3757519))

for: sum_ranges
table 1 : explain SELECT SUM(k) FROM sbtest1 WHERE id BETWEEN 6346525 AND 6346534
	Aggregate  (cost=44.10..44.11 rows=1 width=8)
	  ->  Index Scan using sbtest1_pkey on sbtest1  (cost=0.43..44.07 rows=10 width=4)
	        Index Cond: ((id >= 6346525) AND (id <= 6346534))

table 2 : explain SELECT SUM(k) FROM sbtest2 WHERE id BETWEEN 4506417 AND 4506426
	Aggregate  (cost=44.08..44.09 rows=1 width=8)
	  ->  Index Scan using sbtest2_pkey on sbtest2  (cost=0.43..44.05 rows=10 width=4)
	        Index Cond: ((id >= 4506417) AND (id <= 4506426))

table 3 : explain SELECT SUM(k) FROM sbtest3 WHERE id BETWEEN 4880661 AND 4880670
	Aggregate  (cost=44.10..44.11 rows=1 width=8)
	  ->  Index Scan using sbtest3_pkey on sbtest3  (cost=0.43..44.07 rows=10 width=4)
	        Index Cond: ((id >= 4880661) AND (id <= 4880670))

table 4 : explain SELECT SUM(k) FROM sbtest4 WHERE id BETWEEN 6613482 AND 6613491
	Aggregate  (cost=44.06..44.07 rows=1 width=8)
	  ->  Index Scan using sbtest4_pkey on sbtest4  (cost=0.43..44.03 rows=10 width=4)
	        Index Cond: ((id >= 6613482) AND (id <= 6613491))

table 5 : explain SELECT SUM(k) FROM sbtest5 WHERE id BETWEEN 4006560 AND 4006569
	Aggregate  (cost=43.92..43.93 rows=1 width=8)
	  ->  Index Scan using sbtest5_pkey on sbtest5  (cost=0.43..43.90 rows=10 width=4)
	        Index Cond: ((id >= 4006560) AND (id <= 4006569))

table 6 : explain SELECT SUM(k) FROM sbtest6 WHERE id BETWEEN 2624527 AND 2624536
	Aggregate  (cost=44.03..44.04 rows=1 width=8)
	  ->  Index Scan using sbtest6_pkey on sbtest6  (cost=0.43..44.00 rows=10 width=4)
	        Index Cond: ((id >= 2624527) AND (id <= 2624536))

table 7 : explain SELECT SUM(k) FROM sbtest7 WHERE id BETWEEN 2006226 AND 2006235
	Aggregate  (cost=44.11..44.12 rows=1 width=8)
	  ->  Index Scan using sbtest7_pkey on sbtest7  (cost=0.43..44.08 rows=10 width=4)
	        Index Cond: ((id >= 2006226) AND (id <= 2006235))

table 8 : explain SELECT SUM(k) FROM sbtest8 WHERE id BETWEEN 2935586 AND 2935595
	Aggregate  (cost=43.97..43.98 rows=1 width=8)
	  ->  Index Scan using sbtest8_pkey on sbtest8  (cost=0.43..43.94 rows=10 width=4)
	        Index Cond: ((id >= 2935586) AND (id <= 2935595))

for: order_ranges
table 1 : explain SELECT c FROM sbtest1 WHERE id BETWEEN 1050905 AND 1050914 ORDER BY c
	Sort  (cost=40.26..40.28 rows=9 width=121)
	  Sort Key: c
	  ->  Index Scan using sbtest1_pkey on sbtest1  (cost=0.43..40.11 rows=9 width=121)
	        Index Cond: ((id >= 1050905) AND (id <= 1050914))

table 2 : explain SELECT c FROM sbtest2 WHERE id BETWEEN 5480537 AND 5480546 ORDER BY c
	Sort  (cost=40.24..40.26 rows=9 width=121)
	  Sort Key: c
	  ->  Index Scan using sbtest2_pkey on sbtest2  (cost=0.43..40.10 rows=9 width=121)
	        Index Cond: ((id >= 5480537) AND (id <= 5480546))

table 3 : explain SELECT c FROM sbtest3 WHERE id BETWEEN 7281922 AND 7281931 ORDER BY c
	Sort  (cost=44.24..44.26 rows=10 width=121)
	  Sort Key: c
	  ->  Index Scan using sbtest3_pkey on sbtest3  (cost=0.43..44.07 rows=10 width=121)
	        Index Cond: ((id >= 7281922) AND (id <= 7281931))

table 4 : explain SELECT c FROM sbtest4 WHERE id BETWEEN 1119933 AND 1119942 ORDER BY c
	Sort  (cost=40.22..40.24 rows=9 width=121)
	  Sort Key: c
	  ->  Index Scan using sbtest4_pkey on sbtest4  (cost=0.43..40.08 rows=9 width=121)
	        Index Cond: ((id >= 1119933) AND (id <= 1119942))

table 5 : explain SELECT c FROM sbtest5 WHERE id BETWEEN 2046878 AND 2046887 ORDER BY c
	Sort  (cost=44.07..44.09 rows=10 width=121)
	  Sort Key: c
	  ->  Index Scan using sbtest5_pkey on sbtest5  (cost=0.43..43.90 rows=10 width=121)
	        Index Cond: ((id >= 2046878) AND (id <= 2046887))

table 6 : explain SELECT c FROM sbtest6 WHERE id BETWEEN 9528078 AND 9528087 ORDER BY c
	Sort  (cost=44.17..44.19 rows=10 width=121)
	  Sort Key: c
	  ->  Index Scan using sbtest6_pkey on sbtest6  (cost=0.43..44.00 rows=10 width=121)
	        Index Cond: ((id >= 9528078) AND (id <= 9528087))

table 7 : explain SELECT c FROM sbtest7 WHERE id BETWEEN 8826625 AND 8826634 ORDER BY c
	Sort  (cost=44.25..44.27 rows=10 width=121)
	  Sort Key: c
	  ->  Index Scan using sbtest7_pkey on sbtest7  (cost=0.43..44.08 rows=10 width=121)
	        Index Cond: ((id >= 8826625) AND (id <= 8826634))

table 8 : explain SELECT c FROM sbtest8 WHERE id BETWEEN 5445840 AND 5445849 ORDER BY c
	Sort  (cost=44.11..44.13 rows=10 width=121)
	  Sort Key: c
	  ->  Index Scan using sbtest8_pkey on sbtest8  (cost=0.43..43.94 rows=10 width=121)
	        Index Cond: ((id >= 5445840) AND (id <= 5445849))

for: order_ranges
table 1 : explain SELECT c FROM sbtest1 WHERE id BETWEEN 9852926 AND 9852935 ORDER BY c
	Sort  (cost=52.20..52.23 rows=12 width=121)
	  Sort Key: c
	  ->  Index Scan using sbtest1_pkey on sbtest1  (cost=0.43..51.98 rows=12 width=121)
	        Index Cond: ((id >= 9852926) AND (id <= 9852935))

table 2 : explain SELECT c FROM sbtest2 WHERE id BETWEEN 5194602 AND 5194611 ORDER BY c
	Sort  (cost=44.22..44.25 rows=10 width=121)
	  Sort Key: c
	  ->  Index Scan using sbtest2_pkey on sbtest2  (cost=0.43..44.05 rows=10 width=121)
	        Index Cond: ((id >= 5194602) AND (id <= 5194611))

table 3 : explain SELECT c FROM sbtest3 WHERE id BETWEEN 5341573 AND 5341582 ORDER BY c
	Sort  (cost=44.24..44.26 rows=10 width=121)
	  Sort Key: c
	  ->  Index Scan using sbtest3_pkey on sbtest3  (cost=0.43..44.07 rows=10 width=121)
	        Index Cond: ((id >= 5341573) AND (id <= 5341582))

table 4 : explain SELECT c FROM sbtest4 WHERE id BETWEEN 5837715 AND 5837724 ORDER BY c
	Sort  (cost=44.20..44.22 rows=10 width=121)
	  Sort Key: c
	  ->  Index Scan using sbtest4_pkey on sbtest4  (cost=0.43..44.03 rows=10 width=121)
	        Index Cond: ((id >= 5837715) AND (id <= 5837724))

table 5 : explain SELECT c FROM sbtest5 WHERE id BETWEEN 3381449 AND 3381458 ORDER BY c
	Sort  (cost=44.07..44.09 rows=10 width=121)
	  Sort Key: c
	  ->  Index Scan using sbtest5_pkey on sbtest5  (cost=0.43..43.90 rows=10 width=121)
	        Index Cond: ((id >= 3381449) AND (id <= 3381458))

table 6 : explain SELECT c FROM sbtest6 WHERE id BETWEEN 8836457 AND 8836466 ORDER BY c
	Sort  (cost=44.17..44.19 rows=10 width=121)
	  Sort Key: c
	  ->  Index Scan using sbtest6_pkey on sbtest6  (cost=0.43..44.00 rows=10 width=121)
	        Index Cond: ((id >= 8836457) AND (id <= 8836466))

table 7 : explain SELECT c FROM sbtest7 WHERE id BETWEEN 5148990 AND 5148999 ORDER BY c
	Sort  (cost=44.25..44.27 rows=10 width=121)
	  Sort Key: c
	  ->  Index Scan using sbtest7_pkey on sbtest7  (cost=0.43..44.08 rows=10 width=121)
	        Index Cond: ((id >= 5148990) AND (id <= 5148999))

table 8 : explain SELECT c FROM sbtest8 WHERE id BETWEEN 568388 AND 568397 ORDER BY c
	Sort  (cost=44.11..44.13 rows=10 width=121)
	  Sort Key: c
	  ->  Index Scan using sbtest8_pkey on sbtest8  (cost=0.43..43.94 rows=10 width=121)
	        Index Cond: ((id >= 568388) AND (id <= 568397))

for: sum_ranges
table 1 : explain SELECT SUM(k) FROM sbtest1 WHERE id BETWEEN 1425280 AND 1425289
	Aggregate  (cost=44.10..44.11 rows=1 width=8)
	  ->  Index Scan using sbtest1_pkey on sbtest1  (cost=0.43..44.07 rows=10 width=4)
	        Index Cond: ((id >= 1425280) AND (id <= 1425289))

table 2 : explain SELECT SUM(k) FROM sbtest2 WHERE id BETWEEN 4328128 AND 4328137
	Aggregate  (cost=44.08..44.09 rows=1 width=8)
	  ->  Index Scan using sbtest2_pkey on sbtest2  (cost=0.43..44.05 rows=10 width=4)
	        Index Cond: ((id >= 4328128) AND (id <= 4328137))

table 3 : explain SELECT SUM(k) FROM sbtest3 WHERE id BETWEEN 123151 AND 123160
	Aggregate  (cost=44.10..44.11 rows=1 width=8)
	  ->  Index Scan using sbtest3_pkey on sbtest3  (cost=0.43..44.07 rows=10 width=4)
	        Index Cond: ((id >= 123151) AND (id <= 123160))

table 4 : explain SELECT SUM(k) FROM sbtest4 WHERE id BETWEEN 2781644 AND 2781653
	Aggregate  (cost=48.01..48.02 rows=1 width=8)
	  ->  Index Scan using sbtest4_pkey on sbtest4  (cost=0.43..47.98 rows=11 width=4)
	        Index Cond: ((id >= 2781644) AND (id <= 2781653))

table 5 : explain SELECT SUM(k) FROM sbtest5 WHERE id BETWEEN 7297691 AND 7297700
	Aggregate  (cost=47.87..47.88 rows=1 width=8)
	  ->  Index Scan using sbtest5_pkey on sbtest5  (cost=0.43..47.84 rows=11 width=4)
	        Index Cond: ((id >= 7297691) AND (id <= 7297700))

table 6 : explain SELECT SUM(k) FROM sbtest6 WHERE id BETWEEN 5439219 AND 5439228
	Aggregate  (cost=44.03..44.04 rows=1 width=8)
	  ->  Index Scan using sbtest6_pkey on sbtest6  (cost=0.43..44.00 rows=10 width=4)
	        Index Cond: ((id >= 5439219) AND (id <= 5439228))

table 7 : explain SELECT SUM(k) FROM sbtest7 WHERE id BETWEEN 6615383 AND 6615392
	Aggregate  (cost=44.11..44.12 rows=1 width=8)
	  ->  Index Scan using sbtest7_pkey on sbtest7  (cost=0.43..44.08 rows=10 width=4)
	        Index Cond: ((id >= 6615383) AND (id <= 6615392))

table 8 : explain SELECT SUM(k) FROM sbtest8 WHERE id BETWEEN 6443797 AND 6443806
	Aggregate  (cost=43.97..43.98 rows=1 width=8)
	  ->  Index Scan using sbtest8_pkey on sbtest8  (cost=0.43..43.94 rows=10 width=4)
	        Index Cond: ((id >= 6443797) AND (id <= 6443806))

for: sum_ranges
table 1 : explain SELECT SUM(k) FROM sbtest1 WHERE id BETWEEN 2206574 AND 2206583
	Aggregate  (cost=40.14..40.15 rows=1 width=8)
	  ->  Index Scan using sbtest1_pkey on sbtest1  (cost=0.43..40.11 rows=9 width=4)
	        Index Cond: ((id >= 2206574) AND (id <= 2206583))

table 2 : explain SELECT SUM(k) FROM sbtest2 WHERE id BETWEEN 8638153 AND 8638162
	Aggregate  (cost=44.08..44.09 rows=1 width=8)
	  ->  Index Scan using sbtest2_pkey on sbtest2  (cost=0.43..44.05 rows=10 width=4)
	        Index Cond: ((id >= 8638153) AND (id <= 8638162))

table 3 : explain SELECT SUM(k) FROM sbtest3 WHERE id BETWEEN 6488417 AND 6488426
	Aggregate  (cost=44.10..44.11 rows=1 width=8)
	  ->  Index Scan using sbtest3_pkey on sbtest3  (cost=0.43..44.07 rows=10 width=4)
	        Index Cond: ((id >= 6488417) AND (id <= 6488426))

table 4 : explain SELECT SUM(k) FROM sbtest4 WHERE id BETWEEN 4223369 AND 4223378
	Aggregate  (cost=48.01..48.02 rows=1 width=8)
	  ->  Index Scan using sbtest4_pkey on sbtest4  (cost=0.43..47.98 rows=11 width=4)
	        Index Cond: ((id >= 4223369) AND (id <= 4223378))

table 5 : explain SELECT SUM(k) FROM sbtest5 WHERE id BETWEEN 2877091 AND 2877100
	Aggregate  (cost=43.92..43.93 rows=1 width=8)
	  ->  Index Scan using sbtest5_pkey on sbtest5  (cost=0.43..43.90 rows=10 width=4)
	        Index Cond: ((id >= 2877091) AND (id <= 2877100))

table 6 : explain SELECT SUM(k) FROM sbtest6 WHERE id BETWEEN 5189132 AND 5189141
	Aggregate  (cost=44.03..44.04 rows=1 width=8)
	  ->  Index Scan using sbtest6_pkey on sbtest6  (cost=0.43..44.00 rows=10 width=4)
	        Index Cond: ((id >= 5189132) AND (id <= 5189141))

table 7 : explain SELECT SUM(k) FROM sbtest7 WHERE id BETWEEN 3896339 AND 3896348
	Aggregate  (cost=40.14..40.15 rows=1 width=8)
	  ->  Index Scan using sbtest7_pkey on sbtest7  (cost=0.43..40.12 rows=9 width=4)
	        Index Cond: ((id >= 3896339) AND (id <= 3896348))

table 8 : explain SELECT SUM(k) FROM sbtest8 WHERE id BETWEEN 7115255 AND 7115264
	Aggregate  (cost=43.97..43.98 rows=1 width=8)
	  ->  Index Scan using sbtest8_pkey on sbtest8  (cost=0.43..43.94 rows=10 width=4)
	        Index Cond: ((id >= 7115255) AND (id <= 7115264))

for: sum_ranges
table 1 : explain SELECT SUM(k) FROM sbtest1 WHERE id BETWEEN 3617029 AND 3617038
	Aggregate  (cost=40.14..40.15 rows=1 width=8)
	  ->  Index Scan using sbtest1_pkey on sbtest1  (cost=0.43..40.11 rows=9 width=4)
	        Index Cond: ((id >= 3617029) AND (id <= 3617038))

table 2 : explain SELECT SUM(k) FROM sbtest2 WHERE id BETWEEN 3798 AND 3807
	Aggregate  (cost=44.08..44.09 rows=1 width=8)
	  ->  Index Scan using sbtest2_pkey on sbtest2  (cost=0.43..44.05 rows=10 width=4)
	        Index Cond: ((id >= 3798) AND (id <= 3807))

table 3 : explain SELECT SUM(k) FROM sbtest3 WHERE id BETWEEN 3647427 AND 3647436
	Aggregate  (cost=44.10..44.11 rows=1 width=8)
	  ->  Index Scan using sbtest3_pkey on sbtest3  (cost=0.43..44.07 rows=10 width=4)
	        Index Cond: ((id >= 3647427) AND (id <= 3647436))

table 4 : explain SELECT SUM(k) FROM sbtest4 WHERE id BETWEEN 8154322 AND 8154331
	Aggregate  (cost=44.06..44.07 rows=1 width=8)
	  ->  Index Scan using sbtest4_pkey on sbtest4  (cost=0.43..44.03 rows=10 width=4)
	        Index Cond: ((id >= 8154322) AND (id <= 8154331))

table 5 : explain SELECT SUM(k) FROM sbtest5 WHERE id BETWEEN 2839683 AND 2839692
	Aggregate  (cost=43.92..43.93 rows=1 width=8)
	  ->  Index Scan using sbtest5_pkey on sbtest5  (cost=0.43..43.90 rows=10 width=4)
	        Index Cond: ((id >= 2839683) AND (id <= 2839692))

table 6 : explain SELECT SUM(k) FROM sbtest6 WHERE id BETWEEN 4270898 AND 4270907
	Aggregate  (cost=44.03..44.04 rows=1 width=8)
	  ->  Index Scan using sbtest6_pkey on sbtest6  (cost=0.43..44.00 rows=10 width=4)
	        Index Cond: ((id >= 4270898) AND (id <= 4270907))

table 7 : explain SELECT SUM(k) FROM sbtest7 WHERE id BETWEEN 2765355 AND 2765364
	Aggregate  (cost=44.11..44.12 rows=1 width=8)
	  ->  Index Scan using sbtest7_pkey on sbtest7  (cost=0.43..44.08 rows=10 width=4)
	        Index Cond: ((id >= 2765355) AND (id <= 2765364))

table 8 : explain SELECT SUM(k) FROM sbtest8 WHERE id BETWEEN 4444012 AND 4444021
	Aggregate  (cost=40.02..40.03 rows=1 width=8)
	  ->  Index Scan using sbtest8_pkey on sbtest8  (cost=0.43..40.00 rows=9 width=4)
	        Index Cond: ((id >= 4444012) AND (id <= 4444021))

for: order_ranges
table 1 : explain SELECT c FROM sbtest1 WHERE id BETWEEN 3175000 AND 3175009 ORDER BY c
	Sort  (cost=44.24..44.26 rows=10 width=121)
	  Sort Key: c
	  ->  Index Scan using sbtest1_pkey on sbtest1  (cost=0.43..44.07 rows=10 width=121)
	        Index Cond: ((id >= 3175000) AND (id <= 3175009))

table 2 : explain SELECT c FROM sbtest2 WHERE id BETWEEN 9357403 AND 9357412 ORDER BY c
	Sort  (cost=48.20..48.23 rows=11 width=121)
	  Sort Key: c
	  ->  Index Scan using sbtest2_pkey on sbtest2  (cost=0.43..48.01 rows=11 width=121)
	        Index Cond: ((id >= 9357403) AND (id <= 9357412))

table 3 : explain SELECT c FROM sbtest3 WHERE id BETWEEN 1530978 AND 1530987 ORDER BY c
	Sort  (cost=48.22..48.25 rows=11 width=121)
	  Sort Key: c
	  ->  Index Scan using sbtest3_pkey on sbtest3  (cost=0.43..48.03 rows=11 width=121)
	        Index Cond: ((id >= 1530978) AND (id <= 1530987))

table 4 : explain SELECT c FROM sbtest4 WHERE id BETWEEN 1468072 AND 1468081 ORDER BY c
	Sort  (cost=44.20..44.22 rows=10 width=121)
	  Sort Key: c
	  ->  Index Scan using sbtest4_pkey on sbtest4  (cost=0.43..44.03 rows=10 width=121)
	        Index Cond: ((id >= 1468072) AND (id <= 1468081))

table 5 : explain SELECT c FROM sbtest5 WHERE id BETWEEN 4818216 AND 4818225 ORDER BY c
	Sort  (cost=40.10..40.13 rows=9 width=121)
	  Sort Key: c
	  ->  Index Scan using sbtest5_pkey on sbtest5  (cost=0.43..39.96 rows=9 width=121)
	        Index Cond: ((id >= 4818216) AND (id <= 4818225))

table 6 : explain SELECT c FROM sbtest6 WHERE id BETWEEN 567620 AND 567629 ORDER BY c
	Sort  (cost=40.20..40.22 rows=9 width=121)
	  Sort Key: c
	  ->  Index Scan using sbtest6_pkey on sbtest6  (cost=0.43..40.05 rows=9 width=121)
	        Index Cond: ((id >= 567620) AND (id <= 567629))

table 7 : explain SELECT c FROM sbtest7 WHERE id BETWEEN 1981687 AND 1981696 ORDER BY c
	Sort  (cost=44.25..44.27 rows=10 width=121)
	  Sort Key: c
	  ->  Index Scan using sbtest7_pkey on sbtest7  (cost=0.43..44.08 rows=10 width=121)
	        Index Cond: ((id >= 1981687) AND (id <= 1981696))

table 8 : explain SELECT c FROM sbtest8 WHERE id BETWEEN 3280908 AND 3280917 ORDER BY c
	Sort  (cost=48.08..48.10 rows=11 width=121)
	  Sort Key: c
	  ->  Index Scan using sbtest8_pkey on sbtest8  (cost=0.43..47.89 rows=11 width=121)
	        Index Cond: ((id >= 3280908) AND (id <= 3280917))

for: order_ranges
table 1 : explain SELECT c FROM sbtest1 WHERE id BETWEEN 8641606 AND 8641615 ORDER BY c
	Sort  (cost=44.24..44.26 rows=10 width=121)
	  Sort Key: c
	  ->  Index Scan using sbtest1_pkey on sbtest1  (cost=0.43..44.07 rows=10 width=121)
	        Index Cond: ((id >= 8641606) AND (id <= 8641615))

table 2 : explain SELECT c FROM sbtest2 WHERE id BETWEEN 6929883 AND 6929892 ORDER BY c
	Sort  (cost=44.22..44.25 rows=10 width=121)
	  Sort Key: c
	  ->  Index Scan using sbtest2_pkey on sbtest2  (cost=0.43..44.05 rows=10 width=121)
	        Index Cond: ((id >= 6929883) AND (id <= 6929892))

table 3 : explain SELECT c FROM sbtest3 WHERE id BETWEEN 7943378 AND 7943387 ORDER BY c
	Sort  (cost=44.24..44.26 rows=10 width=121)
	  Sort Key: c
	  ->  Index Scan using sbtest3_pkey on sbtest3  (cost=0.43..44.07 rows=10 width=121)
	        Index Cond: ((id >= 7943378) AND (id <= 7943387))

table 4 : explain SELECT c FROM sbtest4 WHERE id BETWEEN 8574877 AND 8574886 ORDER BY c
	Sort  (cost=44.20..44.22 rows=10 width=121)
	  Sort Key: c
	  ->  Index Scan using sbtest4_pkey on sbtest4  (cost=0.43..44.03 rows=10 width=121)
	        Index Cond: ((id >= 8574877) AND (id <= 8574886))

table 5 : explain SELECT c FROM sbtest5 WHERE id BETWEEN 4002264 AND 4002273 ORDER BY c
	Sort  (cost=44.07..44.09 rows=10 width=121)
	  Sort Key: c
	  ->  Index Scan using sbtest5_pkey on sbtest5  (cost=0.43..43.90 rows=10 width=121)
	        Index Cond: ((id >= 4002264) AND (id <= 4002273))

table 6 : explain SELECT c FROM sbtest6 WHERE id BETWEEN 8043580 AND 8043589 ORDER BY c
	Sort  (cost=44.17..44.19 rows=10 width=121)
	  Sort Key: c
	  ->  Index Scan using sbtest6_pkey on sbtest6  (cost=0.43..44.00 rows=10 width=121)
	        Index Cond: ((id >= 8043580) AND (id <= 8043589))

table 7 : explain SELECT c FROM sbtest7 WHERE id BETWEEN 3229228 AND 3229237 ORDER BY c
	Sort  (cost=40.26..40.29 rows=9 width=121)
	  Sort Key: c
	  ->  Index Scan using sbtest7_pkey on sbtest7  (cost=0.43..40.12 rows=9 width=121)
	        Index Cond: ((id >= 3229228) AND (id <= 3229237))

table 8 : explain SELECT c FROM sbtest8 WHERE id BETWEEN 6619485 AND 6619494 ORDER BY c
	Sort  (cost=44.11..44.13 rows=10 width=121)
	  Sort Key: c
	  ->  Index Scan using sbtest8_pkey on sbtest8  (cost=0.43..43.94 rows=10 width=121)
	        Index Cond: ((id >= 6619485) AND (id <= 6619494))

for: distinct_ranges
table 1 : explain SELECT DISTINCT c FROM sbtest1 WHERE id BETWEEN 5794318 AND 5794327 ORDER BY c
	Unique  (cost=48.22..48.27 rows=11 width=121)
	  ->  Sort  (cost=48.22..48.25 rows=11 width=121)
	        Sort Key: c
	        ->  Index Scan using sbtest1_pkey on sbtest1  (cost=0.43..48.03 rows=11 width=121)
	              Index Cond: ((id >= 5794318) AND (id <= 5794327))

table 2 : explain SELECT DISTINCT c FROM sbtest2 WHERE id BETWEEN 3497488 AND 3497497 ORDER BY c
	Unique  (cost=48.20..48.26 rows=11 width=121)
	  ->  Sort  (cost=48.20..48.23 rows=11 width=121)
	        Sort Key: c
	        ->  Index Scan using sbtest2_pkey on sbtest2  (cost=0.43..48.01 rows=11 width=121)
	              Index Cond: ((id >= 3497488) AND (id <= 3497497))

table 3 : explain SELECT DISTINCT c FROM sbtest3 WHERE id BETWEEN 275438 AND 275447 ORDER BY c
	Unique  (cost=40.26..40.30 rows=9 width=121)
	  ->  Sort  (cost=40.26..40.28 rows=9 width=121)
	        Sort Key: c
	        ->  Index Scan using sbtest3_pkey on sbtest3  (cost=0.43..40.11 rows=9 width=121)
	              Index Cond: ((id >= 275438) AND (id <= 275447))

table 4 : explain SELECT DISTINCT c FROM sbtest4 WHERE id BETWEEN 7286210 AND 7286219 ORDER BY c
	Unique  (cost=44.20..44.25 rows=10 width=121)
	  ->  Sort  (cost=44.20..44.22 rows=10 width=121)
	        Sort Key: c
	        ->  Index Scan using sbtest4_pkey on sbtest4  (cost=0.43..44.03 rows=10 width=121)
	              Index Cond: ((id >= 7286210) AND (id <= 7286219))

table 5 : explain SELECT DISTINCT c FROM sbtest5 WHERE id BETWEEN 9962237 AND 9962246 ORDER BY c
	Unique  (cost=40.10..40.15 rows=9 width=121)
	  ->  Sort  (cost=40.10..40.13 rows=9 width=121)
	        Sort Key: c
	        ->  Index Scan using sbtest5_pkey on sbtest5  (cost=0.43..39.96 rows=9 width=121)
	              Index Cond: ((id >= 9962237) AND (id <= 9962246))

table 6 : explain SELECT DISTINCT c FROM sbtest6 WHERE id BETWEEN 7033339 AND 7033348 ORDER BY c
	Unique  (cost=44.17..44.22 rows=10 width=121)
	  ->  Sort  (cost=44.17..44.19 rows=10 width=121)
	        Sort Key: c
	        ->  Index Scan using sbtest6_pkey on sbtest6  (cost=0.43..44.00 rows=10 width=121)
	              Index Cond: ((id >= 7033339) AND (id <= 7033348))

table 7 : explain SELECT DISTINCT c FROM sbtest7 WHERE id BETWEEN 9618015 AND 9618024 ORDER BY c
	Unique  (cost=48.23..48.28 rows=11 width=121)
	  ->  Sort  (cost=48.23..48.26 rows=11 width=121)
	        Sort Key: c
	        ->  Index Scan using sbtest7_pkey on sbtest7  (cost=0.43..48.04 rows=11 width=121)
	              Index Cond: ((id >= 9618015) AND (id <= 9618024))

table 8 : explain SELECT DISTINCT c FROM sbtest8 WHERE id BETWEEN 9529182 AND 9529191 ORDER BY c
	Unique  (cost=44.11..44.16 rows=10 width=121)
	  ->  Sort  (cost=44.11..44.13 rows=10 width=121)
	        Sort Key: c
	        ->  Index Scan using sbtest8_pkey on sbtest8  (cost=0.43..43.94 rows=10 width=121)
	              Index Cond: ((id >= 9529182) AND (id <= 9529191))

for: order_ranges
table 1 : explain SELECT c FROM sbtest1 WHERE id BETWEEN 822209 AND 822218 ORDER BY c
	Sort  (cost=40.26..40.28 rows=9 width=121)
	  Sort Key: c
	  ->  Index Scan using sbtest1_pkey on sbtest1  (cost=0.43..40.11 rows=9 width=121)
	        Index Cond: ((id >= 822209) AND (id <= 822218))

table 2 : explain SELECT c FROM sbtest2 WHERE id BETWEEN 1225022 AND 1225031 ORDER BY c
	Sort  (cost=44.22..44.25 rows=10 width=121)
	  Sort Key: c
	  ->  Index Scan using sbtest2_pkey on sbtest2  (cost=0.43..44.05 rows=10 width=121)
	        Index Cond: ((id >= 1225022) AND (id <= 1225031))

table 3 : explain SELECT c FROM sbtest3 WHERE id BETWEEN 1215935 AND 1215944 ORDER BY c
	Sort  (cost=44.24..44.26 rows=10 width=121)
	  Sort Key: c
	  ->  Index Scan using sbtest3_pkey on sbtest3  (cost=0.43..44.07 rows=10 width=121)
	        Index Cond: ((id >= 1215935) AND (id <= 1215944))

table 4 : explain SELECT c FROM sbtest4 WHERE id BETWEEN 4723952 AND 4723961 ORDER BY c
	Sort  (cost=44.20..44.22 rows=10 width=121)
	  Sort Key: c
	  ->  Index Scan using sbtest4_pkey on sbtest4  (cost=0.43..44.03 rows=10 width=121)
	        Index Cond: ((id >= 4723952) AND (id <= 4723961))

table 5 : explain SELECT c FROM sbtest5 WHERE id BETWEEN 3520383 AND 3520392 ORDER BY c
	Sort  (cost=44.07..44.09 rows=10 width=121)
	  Sort Key: c
	  ->  Index Scan using sbtest5_pkey on sbtest5  (cost=0.43..43.90 rows=10 width=121)
	        Index Cond: ((id >= 3520383) AND (id <= 3520392))

table 6 : explain SELECT c FROM sbtest6 WHERE id BETWEEN 3248079 AND 3248088 ORDER BY c
	Sort  (cost=44.17..44.19 rows=10 width=121)
	  Sort Key: c
	  ->  Index Scan using sbtest6_pkey on sbtest6  (cost=0.43..44.00 rows=10 width=121)
	        Index Cond: ((id >= 3248079) AND (id <= 3248088))

table 7 : explain SELECT c FROM sbtest7 WHERE id BETWEEN 2377579 AND 2377588 ORDER BY c
	Sort  (cost=44.25..44.27 rows=10 width=121)
	  Sort Key: c
	  ->  Index Scan using sbtest7_pkey on sbtest7  (cost=0.43..44.08 rows=10 width=121)
	        Index Cond: ((id >= 2377579) AND (id <= 2377588))

table 8 : explain SELECT c FROM sbtest8 WHERE id BETWEEN 2250267 AND 2250276 ORDER BY c
	Sort  (cost=44.11..44.13 rows=10 width=121)
	  Sort Key: c
	  ->  Index Scan using sbtest8_pkey on sbtest8  (cost=0.43..43.94 rows=10 width=121)
	        Index Cond: ((id >= 2250267) AND (id <= 2250276))

for: sum_ranges
table 1 : explain SELECT SUM(k) FROM sbtest1 WHERE id BETWEEN 226190 AND 226199
	Aggregate  (cost=44.10..44.11 rows=1 width=8)
	  ->  Index Scan using sbtest1_pkey on sbtest1  (cost=0.43..44.07 rows=10 width=4)
	        Index Cond: ((id >= 226190) AND (id <= 226199))

table 2 : explain SELECT SUM(k) FROM sbtest2 WHERE id BETWEEN 3973278 AND 3973287
	Aggregate  (cost=48.04..48.05 rows=1 width=8)
	  ->  Index Scan using sbtest2_pkey on sbtest2  (cost=0.43..48.01 rows=11 width=4)
	        Index Cond: ((id >= 3973278) AND (id <= 3973287))

table 3 : explain SELECT SUM(k) FROM sbtest3 WHERE id BETWEEN 1923335 AND 1923344
	Aggregate  (cost=44.10..44.11 rows=1 width=8)
	  ->  Index Scan using sbtest3_pkey on sbtest3  (cost=0.43..44.07 rows=10 width=4)
	        Index Cond: ((id >= 1923335) AND (id <= 1923344))

table 4 : explain SELECT SUM(k) FROM sbtest4 WHERE id BETWEEN 542824 AND 542833
	Aggregate  (cost=40.10..40.11 rows=1 width=8)
	  ->  Index Scan using sbtest4_pkey on sbtest4  (cost=0.43..40.08 rows=9 width=4)
	        Index Cond: ((id >= 542824) AND (id <= 542833))

table 5 : explain SELECT SUM(k) FROM sbtest5 WHERE id BETWEEN 8643496 AND 8643505
	Aggregate  (cost=39.98..39.99 rows=1 width=8)
	  ->  Index Scan using sbtest5_pkey on sbtest5  (cost=0.43..39.96 rows=9 width=4)
	        Index Cond: ((id >= 8643496) AND (id <= 8643505))

table 6 : explain SELECT SUM(k) FROM sbtest6 WHERE id BETWEEN 3657418 AND 3657427
	Aggregate  (cost=44.03..44.04 rows=1 width=8)
	  ->  Index Scan using sbtest6_pkey on sbtest6  (cost=0.43..44.00 rows=10 width=4)
	        Index Cond: ((id >= 3657418) AND (id <= 3657427))

table 7 : explain SELECT SUM(k) FROM sbtest7 WHERE id BETWEEN 7652353 AND 7652362
	Aggregate  (cost=44.11..44.12 rows=1 width=8)
	  ->  Index Scan using sbtest7_pkey on sbtest7  (cost=0.43..44.08 rows=10 width=4)
	        Index Cond: ((id >= 7652353) AND (id <= 7652362))

table 8 : explain SELECT SUM(k) FROM sbtest8 WHERE id BETWEEN 1355932 AND 1355941
	Aggregate  (cost=43.97..43.98 rows=1 width=8)
	  ->  Index Scan using sbtest8_pkey on sbtest8  (cost=0.43..43.94 rows=10 width=4)
	        Index Cond: ((id >= 1355932) AND (id <= 1355941))

for: sum_ranges
table 1 : explain SELECT SUM(k) FROM sbtest1 WHERE id BETWEEN 4325963 AND 4325972
	Aggregate  (cost=44.10..44.11 rows=1 width=8)
	  ->  Index Scan using sbtest1_pkey on sbtest1  (cost=0.43..44.07 rows=10 width=4)
	        Index Cond: ((id >= 4325963) AND (id <= 4325972))

table 2 : explain SELECT SUM(k) FROM sbtest2 WHERE id BETWEEN 4716816 AND 4716825
	Aggregate  (cost=48.04..48.05 rows=1 width=8)
	  ->  Index Scan using sbtest2_pkey on sbtest2  (cost=0.43..48.01 rows=11 width=4)
	        Index Cond: ((id >= 4716816) AND (id <= 4716825))

table 3 : explain SELECT SUM(k) FROM sbtest3 WHERE id BETWEEN 2760732 AND 2760741
	Aggregate  (cost=44.10..44.11 rows=1 width=8)
	  ->  Index Scan using sbtest3_pkey on sbtest3  (cost=0.43..44.07 rows=10 width=4)
	        Index Cond: ((id >= 2760732) AND (id <= 2760741))

table 4 : explain SELECT SUM(k) FROM sbtest4 WHERE id BETWEEN 3386497 AND 3386506
	Aggregate  (cost=40.10..40.11 rows=1 width=8)
	  ->  Index Scan using sbtest4_pkey on sbtest4  (cost=0.43..40.08 rows=9 width=4)
	        Index Cond: ((id >= 3386497) AND (id <= 3386506))

table 5 : explain SELECT SUM(k) FROM sbtest5 WHERE id BETWEEN 9825424 AND 9825433
	Aggregate  (cost=39.98..39.99 rows=1 width=8)
	  ->  Index Scan using sbtest5_pkey on sbtest5  (cost=0.43..39.96 rows=9 width=4)
	        Index Cond: ((id >= 9825424) AND (id <= 9825433))

table 6 : explain SELECT SUM(k) FROM sbtest6 WHERE id BETWEEN 4765699 AND 4765708
	Aggregate  (cost=40.08..40.09 rows=1 width=8)
	  ->  Index Scan using sbtest6_pkey on sbtest6  (cost=0.43..40.05 rows=9 width=4)
	        Index Cond: ((id >= 4765699) AND (id <= 4765708))

table 7 : explain SELECT SUM(k) FROM sbtest7 WHERE id BETWEEN 4578179 AND 4578188
	Aggregate  (cost=40.14..40.15 rows=1 width=8)
	  ->  Index Scan using sbtest7_pkey on sbtest7  (cost=0.43..40.12 rows=9 width=4)
	        Index Cond: ((id >= 4578179) AND (id <= 4578188))

table 8 : explain SELECT SUM(k) FROM sbtest8 WHERE id BETWEEN 9296881 AND 9296890
	Aggregate  (cost=47.91..47.92 rows=1 width=8)
	  ->  Index Scan using sbtest8_pkey on sbtest8  (cost=0.43..47.89 rows=11 width=4)
	        Index Cond: ((id >= 9296881) AND (id <= 9296890))

for: order_ranges
table 1 : explain SELECT c FROM sbtest1 WHERE id BETWEEN 3078830 AND 3078839 ORDER BY c
	Sort  (cost=44.24..44.26 rows=10 width=121)
	  Sort Key: c
	  ->  Index Scan using sbtest1_pkey on sbtest1  (cost=0.43..44.07 rows=10 width=121)
	        Index Cond: ((id >= 3078830) AND (id <= 3078839))

table 2 : explain SELECT c FROM sbtest2 WHERE id BETWEEN 8789729 AND 8789738 ORDER BY c
	Sort  (cost=48.20..48.23 rows=11 width=121)
	  Sort Key: c
	  ->  Index Scan using sbtest2_pkey on sbtest2  (cost=0.43..48.01 rows=11 width=121)
	        Index Cond: ((id >= 8789729) AND (id <= 8789738))

table 3 : explain SELECT c FROM sbtest3 WHERE id BETWEEN 7064045 AND 7064054 ORDER BY c
	Sort  (cost=44.24..44.26 rows=10 width=121)
	  Sort Key: c
	  ->  Index Scan using sbtest3_pkey on sbtest3  (cost=0.43..44.07 rows=10 width=121)
	        Index Cond: ((id >= 7064045) AND (id <= 7064054))

table 4 : explain SELECT c FROM sbtest4 WHERE id BETWEEN 8929639 AND 8929648 ORDER BY c
	Sort  (cost=48.17..48.20 rows=11 width=121)
	  Sort Key: c
	  ->  Index Scan using sbtest4_pkey on sbtest4  (cost=0.43..47.98 rows=11 width=121)
	        Index Cond: ((id >= 8929639) AND (id <= 8929648))

table 5 : explain SELECT c FROM sbtest5 WHERE id BETWEEN 8268451 AND 8268460 ORDER BY c
	Sort  (cost=40.10..40.13 rows=9 width=121)
	  Sort Key: c
	  ->  Index Scan using sbtest5_pkey on sbtest5  (cost=0.43..39.96 rows=9 width=121)
	        Index Cond: ((id >= 8268451) AND (id <= 8268460))

table 6 : explain SELECT c FROM sbtest6 WHERE id BETWEEN 4477364 AND 4477373 ORDER BY c
	Sort  (cost=40.20..40.22 rows=9 width=121)
	  Sort Key: c
	  ->  Index Scan using sbtest6_pkey on sbtest6  (cost=0.43..40.05 rows=9 width=121)
	        Index Cond: ((id >= 4477364) AND (id <= 4477373))

table 7 : explain SELECT c FROM sbtest7 WHERE id BETWEEN 141058 AND 141067 ORDER BY c
	Sort  (cost=44.25..44.27 rows=10 width=121)
	  Sort Key: c
	  ->  Index Scan using sbtest7_pkey on sbtest7  (cost=0.43..44.08 rows=10 width=121)
	        Index Cond: ((id >= 141058) AND (id <= 141067))

table 8 : explain SELECT c FROM sbtest8 WHERE id BETWEEN 2384568 AND 2384577 ORDER BY c
	Sort  (cost=44.11..44.13 rows=10 width=121)
	  Sort Key: c
	  ->  Index Scan using sbtest8_pkey on sbtest8  (cost=0.43..43.94 rows=10 width=121)
	        Index Cond: ((id >= 2384568) AND (id <= 2384577))

for: distinct_ranges
table 1 : explain SELECT DISTINCT c FROM sbtest1 WHERE id BETWEEN 8595922 AND 8595931 ORDER BY c
	Unique  (cost=44.24..44.29 rows=10 width=121)
	  ->  Sort  (cost=44.24..44.26 rows=10 width=121)
	        Sort Key: c
	        ->  Index Scan using sbtest1_pkey on sbtest1  (cost=0.43..44.07 rows=10 width=121)
	              Index Cond: ((id >= 8595922) AND (id <= 8595931))

table 2 : explain SELECT DISTINCT c FROM sbtest2 WHERE id BETWEEN 4552613 AND 4552622 ORDER BY c
	Unique  (cost=44.22..44.27 rows=10 width=121)
	  ->  Sort  (cost=44.22..44.25 rows=10 width=121)
	        Sort Key: c
	        ->  Index Scan using sbtest2_pkey on sbtest2  (cost=0.43..44.05 rows=10 width=121)
	              Index Cond: ((id >= 4552613) AND (id <= 4552622))

table 3 : explain SELECT DISTINCT c FROM sbtest3 WHERE id BETWEEN 7448237 AND 7448246 ORDER BY c
	Unique  (cost=44.24..44.29 rows=10 width=121)
	  ->  Sort  (cost=44.24..44.26 rows=10 width=121)
	        Sort Key: c
	        ->  Index Scan using sbtest3_pkey on sbtest3  (cost=0.43..44.07 rows=10 width=121)
	              Index Cond: ((id >= 7448237) AND (id <= 7448246))

table 4 : explain SELECT DISTINCT c FROM sbtest4 WHERE id BETWEEN 5311944 AND 5311953 ORDER BY c
	Unique  (cost=44.20..44.25 rows=10 width=121)
	  ->  Sort  (cost=44.20..44.22 rows=10 width=121)
	        Sort Key: c
	        ->  Index Scan using sbtest4_pkey on sbtest4  (cost=0.43..44.03 rows=10 width=121)
	              Index Cond: ((id >= 5311944) AND (id <= 5311953))

table 5 : explain SELECT DISTINCT c FROM sbtest5 WHERE id BETWEEN 9275492 AND 9275501 ORDER BY c
	Unique  (cost=44.07..44.12 rows=10 width=121)
	  ->  Sort  (cost=44.07..44.09 rows=10 width=121)
	        Sort Key: c
	        ->  Index Scan using sbtest5_pkey on sbtest5  (cost=0.43..43.90 rows=10 width=121)
	              Index Cond: ((id >= 9275492) AND (id <= 9275501))

table 6 : explain SELECT DISTINCT c FROM sbtest6 WHERE id BETWEEN 4219014 AND 4219023 ORDER BY c
	Unique  (cost=44.17..44.22 rows=10 width=121)
	  ->  Sort  (cost=44.17..44.19 rows=10 width=121)
	        Sort Key: c
	        ->  Index Scan using sbtest6_pkey on sbtest6  (cost=0.43..44.00 rows=10 width=121)
	              Index Cond: ((id >= 4219014) AND (id <= 4219023))

table 7 : explain SELECT DISTINCT c FROM sbtest7 WHERE id BETWEEN 9228065 AND 9228074 ORDER BY c
	Unique  (cost=44.25..44.30 rows=10 width=121)
	  ->  Sort  (cost=44.25..44.27 rows=10 width=121)
	        Sort Key: c
	        ->  Index Scan using sbtest7_pkey on sbtest7  (cost=0.43..44.08 rows=10 width=121)
	              Index Cond: ((id >= 9228065) AND (id <= 9228074))

table 8 : explain SELECT DISTINCT c FROM sbtest8 WHERE id BETWEEN 2453936 AND 2453945 ORDER BY c
	Unique  (cost=44.11..44.16 rows=10 width=121)
	  ->  Sort  (cost=44.11..44.13 rows=10 width=121)
	        Sort Key: c
	        ->  Index Scan using sbtest8_pkey on sbtest8  (cost=0.43..43.94 rows=10 width=121)
	              Index Cond: ((id >= 2453936) AND (id <= 2453945))

for: order_ranges
table 1 : explain SELECT c FROM sbtest1 WHERE id BETWEEN 8788065 AND 8788074 ORDER BY c
	Sort  (cost=44.24..44.26 rows=10 width=121)
	  Sort Key: c
	  ->  Index Scan using sbtest1_pkey on sbtest1  (cost=0.43..44.07 rows=10 width=121)
	        Index Cond: ((id >= 8788065) AND (id <= 8788074))

table 2 : explain SELECT c FROM sbtest2 WHERE id BETWEEN 8341229 AND 8341238 ORDER BY c
	Sort  (cost=44.22..44.25 rows=10 width=121)
	  Sort Key: c
	  ->  Index Scan using sbtest2_pkey on sbtest2  (cost=0.43..44.05 rows=10 width=121)
	        Index Cond: ((id >= 8341229) AND (id <= 8341238))

table 3 : explain SELECT c FROM sbtest3 WHERE id BETWEEN 7918995 AND 7919004 ORDER BY c
	Sort  (cost=44.24..44.26 rows=10 width=121)
	  Sort Key: c
	  ->  Index Scan using sbtest3_pkey on sbtest3  (cost=0.43..44.07 rows=10 width=121)
	        Index Cond: ((id >= 7918995) AND (id <= 7919004))

table 4 : explain SELECT c FROM sbtest4 WHERE id BETWEEN 5754023 AND 5754032 ORDER BY c
	Sort  (cost=44.20..44.22 rows=10 width=121)
	  Sort Key: c
	  ->  Index Scan using sbtest4_pkey on sbtest4  (cost=0.43..44.03 rows=10 width=121)
	        Index Cond: ((id >= 5754023) AND (id <= 5754032))

table 5 : explain SELECT c FROM sbtest5 WHERE id BETWEEN 5975633 AND 5975642 ORDER BY c
	Sort  (cost=44.07..44.09 rows=10 width=121)
	  Sort Key: c
	  ->  Index Scan using sbtest5_pkey on sbtest5  (cost=0.43..43.90 rows=10 width=121)
	        Index Cond: ((id >= 5975633) AND (id <= 5975642))

table 6 : explain SELECT c FROM sbtest6 WHERE id BETWEEN 1050194 AND 1050203 ORDER BY c
	Sort  (cost=44.17..44.19 rows=10 width=121)
	  Sort Key: c
	  ->  Index Scan using sbtest6_pkey on sbtest6  (cost=0.43..44.00 rows=10 width=121)
	        Index Cond: ((id >= 1050194) AND (id <= 1050203))

table 7 : explain SELECT c FROM sbtest7 WHERE id BETWEEN 3998280 AND 3998289 ORDER BY c
	Sort  (cost=44.25..44.27 rows=10 width=121)
	  Sort Key: c
	  ->  Index Scan using sbtest7_pkey on sbtest7  (cost=0.43..44.08 rows=10 width=121)
	        Index Cond: ((id >= 3998280) AND (id <= 3998289))

table 8 : explain SELECT c FROM sbtest8 WHERE id BETWEEN 4894734 AND 4894743 ORDER BY c
	Sort  (cost=40.14..40.17 rows=9 width=121)
	  Sort Key: c
	  ->  Index Scan using sbtest8_pkey on sbtest8  (cost=0.43..40.00 rows=9 width=121)
	        Index Cond: ((id >= 4894734) AND (id <= 4894743))

for: order_ranges
table 1 : explain SELECT c FROM sbtest1 WHERE id BETWEEN 7748954 AND 7748963 ORDER BY c
	Sort  (cost=44.24..44.26 rows=10 width=121)
	  Sort Key: c
	  ->  Index Scan using sbtest1_pkey on sbtest1  (cost=0.43..44.07 rows=10 width=121)
	        Index Cond: ((id >= 7748954) AND (id <= 7748963))

table 2 : explain SELECT c FROM sbtest2 WHERE id BETWEEN 6090218 AND 6090227 ORDER BY c
	Sort  (cost=44.22..44.25 rows=10 width=121)
	  Sort Key: c
	  ->  Index Scan using sbtest2_pkey on sbtest2  (cost=0.43..44.05 rows=10 width=121)
	        Index Cond: ((id >= 6090218) AND (id <= 6090227))

table 3 : explain SELECT c FROM sbtest3 WHERE id BETWEEN 699053 AND 699062 ORDER BY c
	Sort  (cost=40.26..40.28 rows=9 width=121)
	  Sort Key: c
	  ->  Index Scan using sbtest3_pkey on sbtest3  (cost=0.43..40.11 rows=9 width=121)
	        Index Cond: ((id >= 699053) AND (id <= 699062))

table 4 : explain SELECT c FROM sbtest4 WHERE id BETWEEN 5421935 AND 5421944 ORDER BY c
	Sort  (cost=44.20..44.22 rows=10 width=121)
	  Sort Key: c
	  ->  Index Scan using sbtest4_pkey on sbtest4  (cost=0.43..44.03 rows=10 width=121)
	        Index Cond: ((id >= 5421935) AND (id <= 5421944))

table 5 : explain SELECT c FROM sbtest5 WHERE id BETWEEN 7864854 AND 7864863 ORDER BY c
	Sort  (cost=48.03..48.06 rows=11 width=121)
	  Sort Key: c
	  ->  Index Scan using sbtest5_pkey on sbtest5  (cost=0.43..47.84 rows=11 width=121)
	        Index Cond: ((id >= 7864854) AND (id <= 7864863))

table 6 : explain SELECT c FROM sbtest6 WHERE id BETWEEN 5338382 AND 5338391 ORDER BY c
	Sort  (cost=44.17..44.19 rows=10 width=121)
	  Sort Key: c
	  ->  Index Scan using sbtest6_pkey on sbtest6  (cost=0.43..44.00 rows=10 width=121)
	        Index Cond: ((id >= 5338382) AND (id <= 5338391))

table 7 : explain SELECT c FROM sbtest7 WHERE id BETWEEN 3007627 AND 3007636 ORDER BY c
	Sort  (cost=48.23..48.26 rows=11 width=121)
	  Sort Key: c
	  ->  Index Scan using sbtest7_pkey on sbtest7  (cost=0.43..48.04 rows=11 width=121)
	        Index Cond: ((id >= 3007627) AND (id <= 3007636))

table 8 : explain SELECT c FROM sbtest8 WHERE id BETWEEN 3436863 AND 3436872 ORDER BY c
	Sort  (cost=44.11..44.13 rows=10 width=121)
	  Sort Key: c
	  ->  Index Scan using sbtest8_pkey on sbtest8  (cost=0.43..43.94 rows=10 width=121)
	        Index Cond: ((id >= 3436863) AND (id <= 3436872))

for: order_ranges
table 1 : explain SELECT c FROM sbtest1 WHERE id BETWEEN 3888462 AND 3888471 ORDER BY c
	Sort  (cost=48.22..48.25 rows=11 width=121)
	  Sort Key: c
	  ->  Index Scan using sbtest1_pkey on sbtest1  (cost=0.43..48.03 rows=11 width=121)
	        Index Cond: ((id >= 3888462) AND (id <= 3888471))

table 2 : explain SELECT c FROM sbtest2 WHERE id BETWEEN 712370 AND 712379 ORDER BY c
	Sort  (cost=48.20..48.23 rows=11 width=121)
	  Sort Key: c
	  ->  Index Scan using sbtest2_pkey on sbtest2  (cost=0.43..48.01 rows=11 width=121)
	        Index Cond: ((id >= 712370) AND (id <= 712379))

table 3 : explain SELECT c FROM sbtest3 WHERE id BETWEEN 3134834 AND 3134843 ORDER BY c
	Sort  (cost=44.24..44.26 rows=10 width=121)
	  Sort Key: c
	  ->  Index Scan using sbtest3_pkey on sbtest3  (cost=0.43..44.07 rows=10 width=121)
	        Index Cond: ((id >= 3134834) AND (id <= 3134843))

table 4 : explain SELECT c FROM sbtest4 WHERE id BETWEEN 5108628 AND 5108637 ORDER BY c
	Sort  (cost=48.17..48.20 rows=11 width=121)
	  Sort Key: c
	  ->  Index Scan using sbtest4_pkey on sbtest4  (cost=0.43..47.98 rows=11 width=121)
	        Index Cond: ((id >= 5108628) AND (id <= 5108637))

table 5 : explain SELECT c FROM sbtest5 WHERE id BETWEEN 1540207 AND 1540216 ORDER BY c
	Sort  (cost=48.03..48.06 rows=11 width=121)
	  Sort Key: c
	  ->  Index Scan using sbtest5_pkey on sbtest5  (cost=0.43..47.84 rows=11 width=121)
	        Index Cond: ((id >= 1540207) AND (id <= 1540216))

table 6 : explain SELECT c FROM sbtest6 WHERE id BETWEEN 1790428 AND 1790437 ORDER BY c
	Sort  (cost=48.14..48.17 rows=11 width=121)
	  Sort Key: c
	  ->  Index Scan using sbtest6_pkey on sbtest6  (cost=0.43..47.95 rows=11 width=121)
	        Index Cond: ((id >= 1790428) AND (id <= 1790437))

table 7 : explain SELECT c FROM sbtest7 WHERE id BETWEEN 9355812 AND 9355821 ORDER BY c
	Sort  (cost=44.25..44.27 rows=10 width=121)
	  Sort Key: c
	  ->  Index Scan using sbtest7_pkey on sbtest7  (cost=0.43..44.08 rows=10 width=121)
	        Index Cond: ((id >= 9355812) AND (id <= 9355821))

table 8 : explain SELECT c FROM sbtest8 WHERE id BETWEEN 6269374 AND 6269383 ORDER BY c
	Sort  (cost=48.08..48.10 rows=11 width=121)
	  Sort Key: c
	  ->  Index Scan using sbtest8_pkey on sbtest8  (cost=0.43..47.89 rows=11 width=121)
	        Index Cond: ((id >= 6269374) AND (id <= 6269383))

for: sum_ranges
table 1 : explain SELECT SUM(k) FROM sbtest1 WHERE id BETWEEN 22193 AND 22202
	Aggregate  (cost=44.10..44.11 rows=1 width=8)
	  ->  Index Scan using sbtest1_pkey on sbtest1  (cost=0.43..44.07 rows=10 width=4)
	        Index Cond: ((id >= 22193) AND (id <= 22202))

table 2 : explain SELECT SUM(k) FROM sbtest2 WHERE id BETWEEN 7054056 AND 7054065
	Aggregate  (cost=44.08..44.09 rows=1 width=8)
	  ->  Index Scan using sbtest2_pkey on sbtest2  (cost=0.43..44.05 rows=10 width=4)
	        Index Cond: ((id >= 7054056) AND (id <= 7054065))

table 3 : explain SELECT SUM(k) FROM sbtest3 WHERE id BETWEEN 323509 AND 323518
	Aggregate  (cost=40.14..40.15 rows=1 width=8)
	  ->  Index Scan using sbtest3_pkey on sbtest3  (cost=0.43..40.11 rows=9 width=4)
	        Index Cond: ((id >= 323509) AND (id <= 323518))

table 4 : explain SELECT SUM(k) FROM sbtest4 WHERE id BETWEEN 9109820 AND 9109829
	Aggregate  (cost=44.06..44.07 rows=1 width=8)
	  ->  Index Scan using sbtest4_pkey on sbtest4  (cost=0.43..44.03 rows=10 width=4)
	        Index Cond: ((id >= 9109820) AND (id <= 9109829))

table 5 : explain SELECT SUM(k) FROM sbtest5 WHERE id BETWEEN 602368 AND 602377
	Aggregate  (cost=43.92..43.93 rows=1 width=8)
	  ->  Index Scan using sbtest5_pkey on sbtest5  (cost=0.43..43.90 rows=10 width=4)
	        Index Cond: ((id >= 602368) AND (id <= 602377))

table 6 : explain SELECT SUM(k) FROM sbtest6 WHERE id BETWEEN 2649310 AND 2649319
	Aggregate  (cost=44.03..44.04 rows=1 width=8)
	  ->  Index Scan using sbtest6_pkey on sbtest6  (cost=0.43..44.00 rows=10 width=4)
	        Index Cond: ((id >= 2649310) AND (id <= 2649319))

table 7 : explain SELECT SUM(k) FROM sbtest7 WHERE id BETWEEN 6034912 AND 6034921
	Aggregate  (cost=44.11..44.12 rows=1 width=8)
	  ->  Index Scan using sbtest7_pkey on sbtest7  (cost=0.43..44.08 rows=10 width=4)
	        Index Cond: ((id >= 6034912) AND (id <= 6034921))

table 8 : explain SELECT SUM(k) FROM sbtest8 WHERE id BETWEEN 3911828 AND 3911837
	Aggregate  (cost=40.02..40.03 rows=1 width=8)
	  ->  Index Scan using sbtest8_pkey on sbtest8  (cost=0.43..40.00 rows=9 width=4)
	        Index Cond: ((id >= 3911828) AND (id <= 3911837))

for: sum_ranges
table 1 : explain SELECT SUM(k) FROM sbtest1 WHERE id BETWEEN 3440805 AND 3440814
	Aggregate  (cost=44.10..44.11 rows=1 width=8)
	  ->  Index Scan using sbtest1_pkey on sbtest1  (cost=0.43..44.07 rows=10 width=4)
	        Index Cond: ((id >= 3440805) AND (id <= 3440814))

table 2 : explain SELECT SUM(k) FROM sbtest2 WHERE id BETWEEN 8053224 AND 8053233
	Aggregate  (cost=48.04..48.05 rows=1 width=8)
	  ->  Index Scan using sbtest2_pkey on sbtest2  (cost=0.43..48.01 rows=11 width=4)
	        Index Cond: ((id >= 8053224) AND (id <= 8053233))

table 3 : explain SELECT SUM(k) FROM sbtest3 WHERE id BETWEEN 353913 AND 353922
	Aggregate  (cost=40.14..40.15 rows=1 width=8)
	  ->  Index Scan using sbtest3_pkey on sbtest3  (cost=0.43..40.11 rows=9 width=4)
	        Index Cond: ((id >= 353913) AND (id <= 353922))

table 4 : explain SELECT SUM(k) FROM sbtest4 WHERE id BETWEEN 8705638 AND 8705647
	Aggregate  (cost=48.01..48.02 rows=1 width=8)
	  ->  Index Scan using sbtest4_pkey on sbtest4  (cost=0.43..47.98 rows=11 width=4)
	        Index Cond: ((id >= 8705638) AND (id <= 8705647))

table 5 : explain SELECT SUM(k) FROM sbtest5 WHERE id BETWEEN 6602258 AND 6602267
	Aggregate  (cost=47.87..47.88 rows=1 width=8)
	  ->  Index Scan using sbtest5_pkey on sbtest5  (cost=0.43..47.84 rows=11 width=4)
	        Index Cond: ((id >= 6602258) AND (id <= 6602267))

table 6 : explain SELECT SUM(k) FROM sbtest6 WHERE id BETWEEN 858222 AND 858231
	Aggregate  (cost=40.08..40.09 rows=1 width=8)
	  ->  Index Scan using sbtest6_pkey on sbtest6  (cost=0.43..40.05 rows=9 width=4)
	        Index Cond: ((id >= 858222) AND (id <= 858231))

table 7 : explain SELECT SUM(k) FROM sbtest7 WHERE id BETWEEN 7629826 AND 7629835
	Aggregate  (cost=44.11..44.12 rows=1 width=8)
	  ->  Index Scan using sbtest7_pkey on sbtest7  (cost=0.43..44.08 rows=10 width=4)
	        Index Cond: ((id >= 7629826) AND (id <= 7629835))

table 8 : explain SELECT SUM(k) FROM sbtest8 WHERE id BETWEEN 5648429 AND 5648438
	Aggregate  (cost=43.97..43.98 rows=1 width=8)
	  ->  Index Scan using sbtest8_pkey on sbtest8  (cost=0.43..43.94 rows=10 width=4)
	        Index Cond: ((id >= 5648429) AND (id <= 5648438))

for: distinct_ranges
table 1 : explain SELECT DISTINCT c FROM sbtest1 WHERE id BETWEEN 2191709 AND 2191718 ORDER BY c
	Unique  (cost=40.26..40.30 rows=9 width=121)
	  ->  Sort  (cost=40.26..40.28 rows=9 width=121)
	        Sort Key: c
	        ->  Index Scan using sbtest1_pkey on sbtest1  (cost=0.43..40.11 rows=9 width=121)
	              Index Cond: ((id >= 2191709) AND (id <= 2191718))

table 2 : explain SELECT DISTINCT c FROM sbtest2 WHERE id BETWEEN 3211221 AND 3211230 ORDER BY c
	Unique  (cost=44.22..44.27 rows=10 width=121)
	  ->  Sort  (cost=44.22..44.25 rows=10 width=121)
	        Sort Key: c
	        ->  Index Scan using sbtest2_pkey on sbtest2  (cost=0.43..44.05 rows=10 width=121)
	              Index Cond: ((id >= 3211221) AND (id <= 3211230))

table 3 : explain SELECT DISTINCT c FROM sbtest3 WHERE id BETWEEN 7583677 AND 7583686 ORDER BY c
	Unique  (cost=44.24..44.29 rows=10 width=121)
	  ->  Sort  (cost=44.24..44.26 rows=10 width=121)
	        Sort Key: c
	        ->  Index Scan using sbtest3_pkey on sbtest3  (cost=0.43..44.07 rows=10 width=121)
	              Index Cond: ((id >= 7583677) AND (id <= 7583686))

table 4 : explain SELECT DISTINCT c FROM sbtest4 WHERE id BETWEEN 8957467 AND 8957476 ORDER BY c
	Unique  (cost=48.17..48.23 rows=11 width=121)
	  ->  Sort  (cost=48.17..48.20 rows=11 width=121)
	        Sort Key: c
	        ->  Index Scan using sbtest4_pkey on sbtest4  (cost=0.43..47.98 rows=11 width=121)
	              Index Cond: ((id >= 8957467) AND (id <= 8957476))

table 5 : explain SELECT DISTINCT c FROM sbtest5 WHERE id BETWEEN 2033970 AND 2033979 ORDER BY c
	Unique  (cost=44.07..44.12 rows=10 width=121)
	  ->  Sort  (cost=44.07..44.09 rows=10 width=121)
	        Sort Key: c
	        ->  Index Scan using sbtest5_pkey on sbtest5  (cost=0.43..43.90 rows=10 width=121)
	              Index Cond: ((id >= 2033970) AND (id <= 2033979))

table 6 : explain SELECT DISTINCT c FROM sbtest6 WHERE id BETWEEN 131908 AND 131917 ORDER BY c
	Unique  (cost=44.17..44.22 rows=10 width=121)
	  ->  Sort  (cost=44.17..44.19 rows=10 width=121)
	        Sort Key: c
	        ->  Index Scan using sbtest6_pkey on sbtest6  (cost=0.43..44.00 rows=10 width=121)
	              Index Cond: ((id >= 131908) AND (id <= 131917))

table 7 : explain SELECT DISTINCT c FROM sbtest7 WHERE id BETWEEN 1455205 AND 1455214 ORDER BY c
	Unique  (cost=44.25..44.30 rows=10 width=121)
	  ->  Sort  (cost=44.25..44.27 rows=10 width=121)
	        Sort Key: c
	        ->  Index Scan using sbtest7_pkey on sbtest7  (cost=0.43..44.08 rows=10 width=121)
	              Index Cond: ((id >= 1455205) AND (id <= 1455214))

table 8 : explain SELECT DISTINCT c FROM sbtest8 WHERE id BETWEEN 9278176 AND 9278185 ORDER BY c
	Unique  (cost=48.08..48.13 rows=11 width=121)
	  ->  Sort  (cost=48.08..48.10 rows=11 width=121)
	        Sort Key: c
	        ->  Index Scan using sbtest8_pkey on sbtest8  (cost=0.43..47.89 rows=11 width=121)
	              Index Cond: ((id >= 9278176) AND (id <= 9278185))

for: order_ranges
table 1 : explain SELECT c FROM sbtest1 WHERE id BETWEEN 8325977 AND 8325986 ORDER BY c
	Sort  (cost=44.24..44.26 rows=10 width=121)
	  Sort Key: c
	  ->  Index Scan using sbtest1_pkey on sbtest1  (cost=0.43..44.07 rows=10 width=121)
	        Index Cond: ((id >= 8325977) AND (id <= 8325986))

table 2 : explain SELECT c FROM sbtest2 WHERE id BETWEEN 5859928 AND 5859937 ORDER BY c
	Sort  (cost=44.22..44.25 rows=10 width=121)
	  Sort Key: c
	  ->  Index Scan using sbtest2_pkey on sbtest2  (cost=0.43..44.05 rows=10 width=121)
	        Index Cond: ((id >= 5859928) AND (id <= 5859937))

table 3 : explain SELECT c FROM sbtest3 WHERE id BETWEEN 9287605 AND 9287614 ORDER BY c
	Sort  (cost=44.24..44.26 rows=10 width=121)
	  Sort Key: c
	  ->  Index Scan using sbtest3_pkey on sbtest3  (cost=0.43..44.07 rows=10 width=121)
	        Index Cond: ((id >= 9287605) AND (id <= 9287614))

table 4 : explain SELECT c FROM sbtest4 WHERE id BETWEEN 2374540 AND 2374549 ORDER BY c
	Sort  (cost=44.20..44.22 rows=10 width=121)
	  Sort Key: c
	  ->  Index Scan using sbtest4_pkey on sbtest4  (cost=0.43..44.03 rows=10 width=121)
	        Index Cond: ((id >= 2374540) AND (id <= 2374549))

table 5 : explain SELECT c FROM sbtest5 WHERE id BETWEEN 1283343 AND 1283352 ORDER BY c
	Sort  (cost=40.10..40.13 rows=9 width=121)
	  Sort Key: c
	  ->  Index Scan using sbtest5_pkey on sbtest5  (cost=0.43..39.96 rows=9 width=121)
	        Index Cond: ((id >= 1283343) AND (id <= 1283352))

table 6 : explain SELECT c FROM sbtest6 WHERE id BETWEEN 8219442 AND 8219451 ORDER BY c
	Sort  (cost=44.17..44.19 rows=10 width=121)
	  Sort Key: c
	  ->  Index Scan using sbtest6_pkey on sbtest6  (cost=0.43..44.00 rows=10 width=121)
	        Index Cond: ((id >= 8219442) AND (id <= 8219451))

table 7 : explain SELECT c FROM sbtest7 WHERE id BETWEEN 7017173 AND 7017182 ORDER BY c
	Sort  (cost=44.25..44.27 rows=10 width=121)
	  Sort Key: c
	  ->  Index Scan using sbtest7_pkey on sbtest7  (cost=0.43..44.08 rows=10 width=121)
	        Index Cond: ((id >= 7017173) AND (id <= 7017182))

table 8 : explain SELECT c FROM sbtest8 WHERE id BETWEEN 1665137 AND 1665146 ORDER BY c
	Sort  (cost=44.11..44.13 rows=10 width=121)
	  Sort Key: c
	  ->  Index Scan using sbtest8_pkey on sbtest8  (cost=0.43..43.94 rows=10 width=121)
	        Index Cond: ((id >= 1665137) AND (id <= 1665146))

for: order_ranges
table 1 : explain SELECT c FROM sbtest1 WHERE id BETWEEN 789540 AND 789549 ORDER BY c
	Sort  (cost=44.24..44.26 rows=10 width=121)
	  Sort Key: c
	  ->  Index Scan using sbtest1_pkey on sbtest1  (cost=0.43..44.07 rows=10 width=121)
	        Index Cond: ((id >= 789540) AND (id <= 789549))

table 2 : explain SELECT c FROM sbtest2 WHERE id BETWEEN 2421579 AND 2421588 ORDER BY c
	Sort  (cost=40.24..40.26 rows=9 width=121)
	  Sort Key: c
	  ->  Index Scan using sbtest2_pkey on sbtest2  (cost=0.43..40.10 rows=9 width=121)
	        Index Cond: ((id >= 2421579) AND (id <= 2421588))

table 3 : explain SELECT c FROM sbtest3 WHERE id BETWEEN 5514103 AND 5514112 ORDER BY c
	Sort  (cost=44.24..44.26 rows=10 width=121)
	  Sort Key: c
	  ->  Index Scan using sbtest3_pkey on sbtest3  (cost=0.43..44.07 rows=10 width=121)
	        Index Cond: ((id >= 5514103) AND (id <= 5514112))

table 4 : explain SELECT c FROM sbtest4 WHERE id BETWEEN 1533347 AND 1533356 ORDER BY c
	Sort  (cost=48.17..48.20 rows=11 width=121)
	  Sort Key: c
	  ->  Index Scan using sbtest4_pkey on sbtest4  (cost=0.43..47.98 rows=11 width=121)
	        Index Cond: ((id >= 1533347) AND (id <= 1533356))

table 5 : explain SELECT c FROM sbtest5 WHERE id BETWEEN 4193026 AND 4193035 ORDER BY c
	Sort  (cost=44.07..44.09 rows=10 width=121)
	  Sort Key: c
	  ->  Index Scan using sbtest5_pkey on sbtest5  (cost=0.43..43.90 rows=10 width=121)
	        Index Cond: ((id >= 4193026) AND (id <= 4193035))

table 6 : explain SELECT c FROM sbtest6 WHERE id BETWEEN 7560397 AND 7560406 ORDER BY c
	Sort  (cost=48.14..48.17 rows=11 width=121)
	  Sort Key: c
	  ->  Index Scan using sbtest6_pkey on sbtest6  (cost=0.43..47.95 rows=11 width=121)
	        Index Cond: ((id >= 7560397) AND (id <= 7560406))

table 7 : explain SELECT c FROM sbtest7 WHERE id BETWEEN 2695074 AND 2695083 ORDER BY c
	Sort  (cost=44.25..44.27 rows=10 width=121)
	  Sort Key: c
	  ->  Index Scan using sbtest7_pkey on sbtest7  (cost=0.43..44.08 rows=10 width=121)
	        Index Cond: ((id >= 2695074) AND (id <= 2695083))

table 8 : explain SELECT c FROM sbtest8 WHERE id BETWEEN 7398150 AND 7398159 ORDER BY c
	Sort  (cost=44.11..44.13 rows=10 width=121)
	  Sort Key: c
	  ->  Index Scan using sbtest8_pkey on sbtest8  (cost=0.43..43.94 rows=10 width=121)
	        Index Cond: ((id >= 7398150) AND (id <= 7398159))

for: order_ranges
table 1 : explain SELECT c FROM sbtest1 WHERE id BETWEEN 4564749 AND 4564758 ORDER BY c
	Sort  (cost=48.22..48.25 rows=11 width=121)
	  Sort Key: c
	  ->  Index Scan using sbtest1_pkey on sbtest1  (cost=0.43..48.03 rows=11 width=121)
	        Index Cond: ((id >= 4564749) AND (id <= 4564758))

table 2 : explain SELECT c FROM sbtest2 WHERE id BETWEEN 6222175 AND 6222184 ORDER BY c
	Sort  (cost=48.20..48.23 rows=11 width=121)
	  Sort Key: c
	  ->  Index Scan using sbtest2_pkey on sbtest2  (cost=0.43..48.01 rows=11 width=121)
	        Index Cond: ((id >= 6222175) AND (id <= 6222184))

table 3 : explain SELECT c FROM sbtest3 WHERE id BETWEEN 3840578 AND 3840587 ORDER BY c
	Sort  (cost=44.24..44.26 rows=10 width=121)
	  Sort Key: c
	  ->  Index Scan using sbtest3_pkey on sbtest3  (cost=0.43..44.07 rows=10 width=121)
	        Index Cond: ((id >= 3840578) AND (id <= 3840587))

table 4 : explain SELECT c FROM sbtest4 WHERE id BETWEEN 5241236 AND 5241245 ORDER BY c
	Sort  (cost=44.20..44.22 rows=10 width=121)
	  Sort Key: c
	  ->  Index Scan using sbtest4_pkey on sbtest4  (cost=0.43..44.03 rows=10 width=121)
	        Index Cond: ((id >= 5241236) AND (id <= 5241245))

table 5 : explain SELECT c FROM sbtest5 WHERE id BETWEEN 5826689 AND 5826698 ORDER BY c
	Sort  (cost=44.07..44.09 rows=10 width=121)
	  Sort Key: c
	  ->  Index Scan using sbtest5_pkey on sbtest5  (cost=0.43..43.90 rows=10 width=121)
	        Index Cond: ((id >= 5826689) AND (id <= 5826698))

table 6 : explain SELECT c FROM sbtest6 WHERE id BETWEEN 3369973 AND 3369982 ORDER BY c
	Sort  (cost=44.17..44.19 rows=10 width=121)
	  Sort Key: c
	  ->  Index Scan using sbtest6_pkey on sbtest6  (cost=0.43..44.00 rows=10 width=121)
	        Index Cond: ((id >= 3369973) AND (id <= 3369982))

table 7 : explain SELECT c FROM sbtest7 WHERE id BETWEEN 8135651 AND 8135660 ORDER BY c
	Sort  (cost=44.25..44.27 rows=10 width=121)
	  Sort Key: c
	  ->  Index Scan using sbtest7_pkey on sbtest7  (cost=0.43..44.08 rows=10 width=121)
	        Index Cond: ((id >= 8135651) AND (id <= 8135660))

table 8 : explain SELECT c FROM sbtest8 WHERE id BETWEEN 2271020 AND 2271029 ORDER BY c
	Sort  (cost=44.11..44.13 rows=10 width=121)
	  Sort Key: c
	  ->  Index Scan using sbtest8_pkey on sbtest8  (cost=0.43..43.94 rows=10 width=121)
	        Index Cond: ((id >= 2271020) AND (id <= 2271029))

for: sum_ranges
table 1 : explain SELECT SUM(k) FROM sbtest1 WHERE id BETWEEN 5942673 AND 5942682
	Aggregate  (cost=48.05..48.06 rows=1 width=8)
	  ->  Index Scan using sbtest1_pkey on sbtest1  (cost=0.43..48.03 rows=11 width=4)
	        Index Cond: ((id >= 5942673) AND (id <= 5942682))

table 2 : explain SELECT SUM(k) FROM sbtest2 WHERE id BETWEEN 5392095 AND 5392104
	Aggregate  (cost=48.04..48.05 rows=1 width=8)
	  ->  Index Scan using sbtest2_pkey on sbtest2  (cost=0.43..48.01 rows=11 width=4)
	        Index Cond: ((id >= 5392095) AND (id <= 5392104))

table 3 : explain SELECT SUM(k) FROM sbtest3 WHERE id BETWEEN 4766000 AND 4766009
	Aggregate  (cost=40.14..40.15 rows=1 width=8)
	  ->  Index Scan using sbtest3_pkey on sbtest3  (cost=0.43..40.11 rows=9 width=4)
	        Index Cond: ((id >= 4766000) AND (id <= 4766009))

table 4 : explain SELECT SUM(k) FROM sbtest4 WHERE id BETWEEN 7929365 AND 7929374
	Aggregate  (cost=40.10..40.11 rows=1 width=8)
	  ->  Index Scan using sbtest4_pkey on sbtest4  (cost=0.43..40.08 rows=9 width=4)
	        Index Cond: ((id >= 7929365) AND (id <= 7929374))

table 5 : explain SELECT SUM(k) FROM sbtest5 WHERE id BETWEEN 6583460 AND 6583469
	Aggregate  (cost=47.87..47.88 rows=1 width=8)
	  ->  Index Scan using sbtest5_pkey on sbtest5  (cost=0.43..47.84 rows=11 width=4)
	        Index Cond: ((id >= 6583460) AND (id <= 6583469))

table 6 : explain SELECT SUM(k) FROM sbtest6 WHERE id BETWEEN 1210574 AND 1210583
	Aggregate  (cost=40.08..40.09 rows=1 width=8)
	  ->  Index Scan using sbtest6_pkey on sbtest6  (cost=0.43..40.05 rows=9 width=4)
	        Index Cond: ((id >= 1210574) AND (id <= 1210583))

table 7 : explain SELECT SUM(k) FROM sbtest7 WHERE id BETWEEN 9975208 AND 9975217
	Aggregate  (cost=44.11..44.12 rows=1 width=8)
	  ->  Index Scan using sbtest7_pkey on sbtest7  (cost=0.43..44.08 rows=10 width=4)
	        Index Cond: ((id >= 9975208) AND (id <= 9975217))

table 8 : explain SELECT SUM(k) FROM sbtest8 WHERE id BETWEEN 2012842 AND 2012851
	Aggregate  (cost=43.97..43.98 rows=1 width=8)
	  ->  Index Scan using sbtest8_pkey on sbtest8  (cost=0.43..43.94 rows=10 width=4)
	        Index Cond: ((id >= 2012842) AND (id <= 2012851))

for: distinct_ranges
table 1 : explain SELECT DISTINCT c FROM sbtest1 WHERE id BETWEEN 5165794 AND 5165803 ORDER BY c
	Unique  (cost=40.26..40.30 rows=9 width=121)
	  ->  Sort  (cost=40.26..40.28 rows=9 width=121)
	        Sort Key: c
	        ->  Index Scan using sbtest1_pkey on sbtest1  (cost=0.43..40.11 rows=9 width=121)
	              Index Cond: ((id >= 5165794) AND (id <= 5165803))

table 2 : explain SELECT DISTINCT c FROM sbtest2 WHERE id BETWEEN 9164210 AND 9164219 ORDER BY c
	Unique  (cost=40.24..40.29 rows=9 width=121)
	  ->  Sort  (cost=40.24..40.26 rows=9 width=121)
	        Sort Key: c
	        ->  Index Scan using sbtest2_pkey on sbtest2  (cost=0.43..40.10 rows=9 width=121)
	              Index Cond: ((id >= 9164210) AND (id <= 9164219))

table 3 : explain SELECT DISTINCT c FROM sbtest3 WHERE id BETWEEN 5666612 AND 5666621 ORDER BY c
	Unique  (cost=44.24..44.29 rows=10 width=121)
	  ->  Sort  (cost=44.24..44.26 rows=10 width=121)
	        Sort Key: c
	        ->  Index Scan using sbtest3_pkey on sbtest3  (cost=0.43..44.07 rows=10 width=121)
	              Index Cond: ((id >= 5666612) AND (id <= 5666621))

table 4 : explain SELECT DISTINCT c FROM sbtest4 WHERE id BETWEEN 2148010 AND 2148019 ORDER BY c
	Unique  (cost=44.20..44.25 rows=10 width=121)
	  ->  Sort  (cost=44.20..44.22 rows=10 width=121)
	        Sort Key: c
	        ->  Index Scan using sbtest4_pkey on sbtest4  (cost=0.43..44.03 rows=10 width=121)
	              Index Cond: ((id >= 2148010) AND (id <= 2148019))

table 5 : explain SELECT DISTINCT c FROM sbtest5 WHERE id BETWEEN 2810578 AND 2810587 ORDER BY c
	Unique  (cost=44.07..44.12 rows=10 width=121)
	  ->  Sort  (cost=44.07..44.09 rows=10 width=121)
	        Sort Key: c
	        ->  Index Scan using sbtest5_pkey on sbtest5  (cost=0.43..43.90 rows=10 width=121)
	              Index Cond: ((id >= 2810578) AND (id <= 2810587))

table 6 : explain SELECT DISTINCT c FROM sbtest6 WHERE id BETWEEN 7234990 AND 7234999 ORDER BY c
	Unique  (cost=44.17..44.22 rows=10 width=121)
	  ->  Sort  (cost=44.17..44.19 rows=10 width=121)
	        Sort Key: c
	        ->  Index Scan using sbtest6_pkey on sbtest6  (cost=0.43..44.00 rows=10 width=121)
	              Index Cond: ((id >= 7234990) AND (id <= 7234999))

table 7 : explain SELECT DISTINCT c FROM sbtest7 WHERE id BETWEEN 6606661 AND 6606670 ORDER BY c
	Unique  (cost=44.25..44.30 rows=10 width=121)
	  ->  Sort  (cost=44.25..44.27 rows=10 width=121)
	        Sort Key: c
	        ->  Index Scan using sbtest7_pkey on sbtest7  (cost=0.43..44.08 rows=10 width=121)
	              Index Cond: ((id >= 6606661) AND (id <= 6606670))

table 8 : explain SELECT DISTINCT c FROM sbtest8 WHERE id BETWEEN 8473939 AND 8473948 ORDER BY c
	Unique  (cost=40.14..40.19 rows=9 width=121)
	  ->  Sort  (cost=40.14..40.17 rows=9 width=121)
	        Sort Key: c
	        ->  Index Scan using sbtest8_pkey on sbtest8  (cost=0.43..40.00 rows=9 width=121)
	              Index Cond: ((id >= 8473939) AND (id <= 8473948))

for: sum_ranges
table 1 : explain SELECT SUM(k) FROM sbtest1 WHERE id BETWEEN 8946974 AND 8946983
	Aggregate  (cost=44.10..44.11 rows=1 width=8)
	  ->  Index Scan using sbtest1_pkey on sbtest1  (cost=0.43..44.07 rows=10 width=4)
	        Index Cond: ((id >= 8946974) AND (id <= 8946983))

table 2 : explain SELECT SUM(k) FROM sbtest2 WHERE id BETWEEN 8428692 AND 8428701
	Aggregate  (cost=44.08..44.09 rows=1 width=8)
	  ->  Index Scan using sbtest2_pkey on sbtest2  (cost=0.43..44.05 rows=10 width=4)
	        Index Cond: ((id >= 8428692) AND (id <= 8428701))

table 3 : explain SELECT SUM(k) FROM sbtest3 WHERE id BETWEEN 7866695 AND 7866704
	Aggregate  (cost=44.10..44.11 rows=1 width=8)
	  ->  Index Scan using sbtest3_pkey on sbtest3  (cost=0.43..44.07 rows=10 width=4)
	        Index Cond: ((id >= 7866695) AND (id <= 7866704))

table 4 : explain SELECT SUM(k) FROM sbtest4 WHERE id BETWEEN 203106 AND 203115
	Aggregate  (cost=44.06..44.07 rows=1 width=8)
	  ->  Index Scan using sbtest4_pkey on sbtest4  (cost=0.43..44.03 rows=10 width=4)
	        Index Cond: ((id >= 203106) AND (id <= 203115))

table 5 : explain SELECT SUM(k) FROM sbtest5 WHERE id BETWEEN 6976073 AND 6976082
	Aggregate  (cost=43.92..43.93 rows=1 width=8)
	  ->  Index Scan using sbtest5_pkey on sbtest5  (cost=0.43..43.90 rows=10 width=4)
	        Index Cond: ((id >= 6976073) AND (id <= 6976082))

table 6 : explain SELECT SUM(k) FROM sbtest6 WHERE id BETWEEN 7177730 AND 7177739
	Aggregate  (cost=44.03..44.04 rows=1 width=8)
	  ->  Index Scan using sbtest6_pkey on sbtest6  (cost=0.43..44.00 rows=10 width=4)
	        Index Cond: ((id >= 7177730) AND (id <= 7177739))

table 7 : explain SELECT SUM(k) FROM sbtest7 WHERE id BETWEEN 4109076 AND 4109085
	Aggregate  (cost=44.11..44.12 rows=1 width=8)
	  ->  Index Scan using sbtest7_pkey on sbtest7  (cost=0.43..44.08 rows=10 width=4)
	        Index Cond: ((id >= 4109076) AND (id <= 4109085))

table 8 : explain SELECT SUM(k) FROM sbtest8 WHERE id BETWEEN 3797448 AND 3797457
	Aggregate  (cost=47.91..47.92 rows=1 width=8)
	  ->  Index Scan using sbtest8_pkey on sbtest8  (cost=0.43..47.89 rows=11 width=4)
	        Index Cond: ((id >= 3797448) AND (id <= 3797457))

for: distinct_ranges
table 1 : explain SELECT DISTINCT c FROM sbtest1 WHERE id BETWEEN 5823773 AND 5823782 ORDER BY c
	Unique  (cost=48.22..48.27 rows=11 width=121)
	  ->  Sort  (cost=48.22..48.25 rows=11 width=121)
	        Sort Key: c
	        ->  Index Scan using sbtest1_pkey on sbtest1  (cost=0.43..48.03 rows=11 width=121)
	              Index Cond: ((id >= 5823773) AND (id <= 5823782))

table 2 : explain SELECT DISTINCT c FROM sbtest2 WHERE id BETWEEN 3954340 AND 3954349 ORDER BY c
	Unique  (cost=48.20..48.26 rows=11 width=121)
	  ->  Sort  (cost=48.20..48.23 rows=11 width=121)
	        Sort Key: c
	        ->  Index Scan using sbtest2_pkey on sbtest2  (cost=0.43..48.01 rows=11 width=121)
	              Index Cond: ((id >= 3954340) AND (id <= 3954349))

table 3 : explain SELECT DISTINCT c FROM sbtest3 WHERE id BETWEEN 9400764 AND 9400773 ORDER BY c
	Unique  (cost=44.24..44.29 rows=10 width=121)
	  ->  Sort  (cost=44.24..44.26 rows=10 width=121)
	        Sort Key: c
	        ->  Index Scan using sbtest3_pkey on sbtest3  (cost=0.43..44.07 rows=10 width=121)
	              Index Cond: ((id >= 9400764) AND (id <= 9400773))

table 4 : explain SELECT DISTINCT c FROM sbtest4 WHERE id BETWEEN 8976441 AND 8976450 ORDER BY c
	Unique  (cost=48.17..48.23 rows=11 width=121)
	  ->  Sort  (cost=48.17..48.20 rows=11 width=121)
	        Sort Key: c
	        ->  Index Scan using sbtest4_pkey on sbtest4  (cost=0.43..47.98 rows=11 width=121)
	              Index Cond: ((id >= 8976441) AND (id <= 8976450))

table 5 : explain SELECT DISTINCT c FROM sbtest5 WHERE id BETWEEN 1306182 AND 1306191 ORDER BY c
	Unique  (cost=40.10..40.15 rows=9 width=121)
	  ->  Sort  (cost=40.10..40.13 rows=9 width=121)
	        Sort Key: c
	        ->  Index Scan using sbtest5_pkey on sbtest5  (cost=0.43..39.96 rows=9 width=121)
	              Index Cond: ((id >= 1306182) AND (id <= 1306191))

table 6 : explain SELECT DISTINCT c FROM sbtest6 WHERE id BETWEEN 4633605 AND 4633614 ORDER BY c
	Unique  (cost=48.14..48.20 rows=11 width=121)
	  ->  Sort  (cost=48.14..48.17 rows=11 width=121)
	        Sort Key: c
	        ->  Index Scan using sbtest6_pkey on sbtest6  (cost=0.43..47.95 rows=11 width=121)
	              Index Cond: ((id >= 4633605) AND (id <= 4633614))

table 7 : explain SELECT DISTINCT c FROM sbtest7 WHERE id BETWEEN 1218066 AND 1218075 ORDER BY c
	Unique  (cost=44.25..44.30 rows=10 width=121)
	  ->  Sort  (cost=44.25..44.27 rows=10 width=121)
	        Sort Key: c
	        ->  Index Scan using sbtest7_pkey on sbtest7  (cost=0.43..44.08 rows=10 width=121)
	              Index Cond: ((id >= 1218066) AND (id <= 1218075))

table 8 : explain SELECT DISTINCT c FROM sbtest8 WHERE id BETWEEN 3206108 AND 3206117 ORDER BY c
	Unique  (cost=48.08..48.13 rows=11 width=121)
	  ->  Sort  (cost=48.08..48.10 rows=11 width=121)
	        Sort Key: c
	        ->  Index Scan using sbtest8_pkey on sbtest8  (cost=0.43..47.89 rows=11 width=121)
	              Index Cond: ((id >= 3206108) AND (id <= 3206117))

for: order_ranges
table 1 : explain SELECT c FROM sbtest1 WHERE id BETWEEN 4112213 AND 4112222 ORDER BY c
	Sort  (cost=48.22..48.25 rows=11 width=121)
	  Sort Key: c
	  ->  Index Scan using sbtest1_pkey on sbtest1  (cost=0.43..48.03 rows=11 width=121)
	        Index Cond: ((id >= 4112213) AND (id <= 4112222))

table 2 : explain SELECT c FROM sbtest2 WHERE id BETWEEN 6341972 AND 6341981 ORDER BY c
	Sort  (cost=48.20..48.23 rows=11 width=121)
	  Sort Key: c
	  ->  Index Scan using sbtest2_pkey on sbtest2  (cost=0.43..48.01 rows=11 width=121)
	        Index Cond: ((id >= 6341972) AND (id <= 6341981))

table 3 : explain SELECT c FROM sbtest3 WHERE id BETWEEN 9864365 AND 9864374 ORDER BY c
	Sort  (cost=44.24..44.26 rows=10 width=121)
	  Sort Key: c
	  ->  Index Scan using sbtest3_pkey on sbtest3  (cost=0.43..44.07 rows=10 width=121)
	        Index Cond: ((id >= 9864365) AND (id <= 9864374))

table 4 : explain SELECT c FROM sbtest4 WHERE id BETWEEN 5035363 AND 5035372 ORDER BY c
	Sort  (cost=40.22..40.24 rows=9 width=121)
	  Sort Key: c
	  ->  Index Scan using sbtest4_pkey on sbtest4  (cost=0.43..40.08 rows=9 width=121)
	        Index Cond: ((id >= 5035363) AND (id <= 5035372))

table 5 : explain SELECT c FROM sbtest5 WHERE id BETWEEN 497152 AND 497161 ORDER BY c
	Sort  (cost=40.10..40.13 rows=9 width=121)
	  Sort Key: c
	  ->  Index Scan using sbtest5_pkey on sbtest5  (cost=0.43..39.96 rows=9 width=121)
	        Index Cond: ((id >= 497152) AND (id <= 497161))

table 6 : explain SELECT c FROM sbtest6 WHERE id BETWEEN 6791947 AND 6791956 ORDER BY c
	Sort  (cost=44.17..44.19 rows=10 width=121)
	  Sort Key: c
	  ->  Index Scan using sbtest6_pkey on sbtest6  (cost=0.43..44.00 rows=10 width=121)
	        Index Cond: ((id >= 6791947) AND (id <= 6791956))

table 7 : explain SELECT c FROM sbtest7 WHERE id BETWEEN 6957123 AND 6957132 ORDER BY c
	Sort  (cost=44.25..44.27 rows=10 width=121)
	  Sort Key: c
	  ->  Index Scan using sbtest7_pkey on sbtest7  (cost=0.43..44.08 rows=10 width=121)
	        Index Cond: ((id >= 6957123) AND (id <= 6957132))

table 8 : explain SELECT c FROM sbtest8 WHERE id BETWEEN 3896586 AND 3896595 ORDER BY c
	Sort  (cost=40.14..40.17 rows=9 width=121)
	  Sort Key: c
	  ->  Index Scan using sbtest8_pkey on sbtest8  (cost=0.43..40.00 rows=9 width=121)
	        Index Cond: ((id >= 3896586) AND (id <= 3896595))

for: sum_ranges
table 1 : explain SELECT SUM(k) FROM sbtest1 WHERE id BETWEEN 6608472 AND 6608481
	Aggregate  (cost=44.10..44.11 rows=1 width=8)
	  ->  Index Scan using sbtest1_pkey on sbtest1  (cost=0.43..44.07 rows=10 width=4)
	        Index Cond: ((id >= 6608472) AND (id <= 6608481))

table 2 : explain SELECT SUM(k) FROM sbtest2 WHERE id BETWEEN 4209790 AND 4209799
	Aggregate  (cost=48.04..48.05 rows=1 width=8)
	  ->  Index Scan using sbtest2_pkey on sbtest2  (cost=0.43..48.01 rows=11 width=4)
	        Index Cond: ((id >= 4209790) AND (id <= 4209799))

table 3 : explain SELECT SUM(k) FROM sbtest3 WHERE id BETWEEN 8327493 AND 8327502
	Aggregate  (cost=44.10..44.11 rows=1 width=8)
	  ->  Index Scan using sbtest3_pkey on sbtest3  (cost=0.43..44.07 rows=10 width=4)
	        Index Cond: ((id >= 8327493) AND (id <= 8327502))

table 4 : explain SELECT SUM(k) FROM sbtest4 WHERE id BETWEEN 2026062 AND 2026071
	Aggregate  (cost=44.06..44.07 rows=1 width=8)
	  ->  Index Scan using sbtest4_pkey on sbtest4  (cost=0.43..44.03 rows=10 width=4)
	        Index Cond: ((id >= 2026062) AND (id <= 2026071))

table 5 : explain SELECT SUM(k) FROM sbtest5 WHERE id BETWEEN 596907 AND 596916
	Aggregate  (cost=43.92..43.93 rows=1 width=8)
	  ->  Index Scan using sbtest5_pkey on sbtest5  (cost=0.43..43.90 rows=10 width=4)
	        Index Cond: ((id >= 596907) AND (id <= 596916))

table 6 : explain SELECT SUM(k) FROM sbtest6 WHERE id BETWEEN 7355352 AND 7355361
	Aggregate  (cost=44.03..44.04 rows=1 width=8)
	  ->  Index Scan using sbtest6_pkey on sbtest6  (cost=0.43..44.00 rows=10 width=4)
	        Index Cond: ((id >= 7355352) AND (id <= 7355361))

table 7 : explain SELECT SUM(k) FROM sbtest7 WHERE id BETWEEN 4894319 AND 4894328
	Aggregate  (cost=44.11..44.12 rows=1 width=8)
	  ->  Index Scan using sbtest7_pkey on sbtest7  (cost=0.43..44.08 rows=10 width=4)
	        Index Cond: ((id >= 4894319) AND (id <= 4894328))

table 8 : explain SELECT SUM(k) FROM sbtest8 WHERE id BETWEEN 9656073 AND 9656082
	Aggregate  (cost=43.97..43.98 rows=1 width=8)
	  ->  Index Scan using sbtest8_pkey on sbtest8  (cost=0.43..43.94 rows=10 width=4)
	        Index Cond: ((id >= 9656073) AND (id <= 9656082))

for: distinct_ranges
table 1 : explain SELECT DISTINCT c FROM sbtest1 WHERE id BETWEEN 2531290 AND 2531299 ORDER BY c
	Unique  (cost=44.24..44.29 rows=10 width=121)
	  ->  Sort  (cost=44.24..44.26 rows=10 width=121)
	        Sort Key: c
	        ->  Index Scan using sbtest1_pkey on sbtest1  (cost=0.43..44.07 rows=10 width=121)
	              Index Cond: ((id >= 2531290) AND (id <= 2531299))

table 2 : explain SELECT DISTINCT c FROM sbtest2 WHERE id BETWEEN 3063371 AND 3063380 ORDER BY c
	Unique  (cost=44.22..44.27 rows=10 width=121)
	  ->  Sort  (cost=44.22..44.25 rows=10 width=121)
	        Sort Key: c
	        ->  Index Scan using sbtest2_pkey on sbtest2  (cost=0.43..44.05 rows=10 width=121)
	              Index Cond: ((id >= 3063371) AND (id <= 3063380))

table 3 : explain SELECT DISTINCT c FROM sbtest3 WHERE id BETWEEN 4060066 AND 4060075 ORDER BY c
	Unique  (cost=44.24..44.29 rows=10 width=121)
	  ->  Sort  (cost=44.24..44.26 rows=10 width=121)
	        Sort Key: c
	        ->  Index Scan using sbtest3_pkey on sbtest3  (cost=0.43..44.07 rows=10 width=121)
	              Index Cond: ((id >= 4060066) AND (id <= 4060075))

table 4 : explain SELECT DISTINCT c FROM sbtest4 WHERE id BETWEEN 1921861 AND 1921870 ORDER BY c
	Unique  (cost=44.20..44.25 rows=10 width=121)
	  ->  Sort  (cost=44.20..44.22 rows=10 width=121)
	        Sort Key: c
	        ->  Index Scan using sbtest4_pkey on sbtest4  (cost=0.43..44.03 rows=10 width=121)
	              Index Cond: ((id >= 1921861) AND (id <= 1921870))

table 5 : explain SELECT DISTINCT c FROM sbtest5 WHERE id BETWEEN 4699960 AND 4699969 ORDER BY c
	Unique  (cost=44.07..44.12 rows=10 width=121)
	  ->  Sort  (cost=44.07..44.09 rows=10 width=121)
	        Sort Key: c
	        ->  Index Scan using sbtest5_pkey on sbtest5  (cost=0.43..43.90 rows=10 width=121)
	              Index Cond: ((id >= 4699960) AND (id <= 4699969))

table 6 : explain SELECT DISTINCT c FROM sbtest6 WHERE id BETWEEN 4089484 AND 4089493 ORDER BY c
	Unique  (cost=44.17..44.22 rows=10 width=121)
	  ->  Sort  (cost=44.17..44.19 rows=10 width=121)
	        Sort Key: c
	        ->  Index Scan using sbtest6_pkey on sbtest6  (cost=0.43..44.00 rows=10 width=121)
	              Index Cond: ((id >= 4089484) AND (id <= 4089493))

table 7 : explain SELECT DISTINCT c FROM sbtest7 WHERE id BETWEEN 6078716 AND 6078725 ORDER BY c
	Unique  (cost=44.25..44.30 rows=10 width=121)
	  ->  Sort  (cost=44.25..44.27 rows=10 width=121)
	        Sort Key: c
	        ->  Index Scan using sbtest7_pkey on sbtest7  (cost=0.43..44.08 rows=10 width=121)
	              Index Cond: ((id >= 6078716) AND (id <= 6078725))

table 8 : explain SELECT DISTINCT c FROM sbtest8 WHERE id BETWEEN 4088697 AND 4088706 ORDER BY c
	Unique  (cost=44.11..44.16 rows=10 width=121)
	  ->  Sort  (cost=44.11..44.13 rows=10 width=121)
	        Sort Key: c
	        ->  Index Scan using sbtest8_pkey on sbtest8  (cost=0.43..43.94 rows=10 width=121)
	              Index Cond: ((id >= 4088697) AND (id <= 4088706))

for: order_ranges
table 1 : explain SELECT c FROM sbtest1 WHERE id BETWEEN 7144619 AND 7144628 ORDER BY c
	Sort  (cost=44.24..44.26 rows=10 width=121)
	  Sort Key: c
	  ->  Index Scan using sbtest1_pkey on sbtest1  (cost=0.43..44.07 rows=10 width=121)
	        Index Cond: ((id >= 7144619) AND (id <= 7144628))

table 2 : explain SELECT c FROM sbtest2 WHERE id BETWEEN 5127132 AND 5127141 ORDER BY c
	Sort  (cost=44.22..44.25 rows=10 width=121)
	  Sort Key: c
	  ->  Index Scan using sbtest2_pkey on sbtest2  (cost=0.43..44.05 rows=10 width=121)
	        Index Cond: ((id >= 5127132) AND (id <= 5127141))

table 3 : explain SELECT c FROM sbtest3 WHERE id BETWEEN 3204608 AND 3204617 ORDER BY c
	Sort  (cost=44.24..44.26 rows=10 width=121)
	  Sort Key: c
	  ->  Index Scan using sbtest3_pkey on sbtest3  (cost=0.43..44.07 rows=10 width=121)
	        Index Cond: ((id >= 3204608) AND (id <= 3204617))

table 4 : explain SELECT c FROM sbtest4 WHERE id BETWEEN 2899061 AND 2899070 ORDER BY c
	Sort  (cost=48.17..48.20 rows=11 width=121)
	  Sort Key: c
	  ->  Index Scan using sbtest4_pkey on sbtest4  (cost=0.43..47.98 rows=11 width=121)
	        Index Cond: ((id >= 2899061) AND (id <= 2899070))

table 5 : explain SELECT c FROM sbtest5 WHERE id BETWEEN 5503163 AND 5503172 ORDER BY c
	Sort  (cost=44.07..44.09 rows=10 width=121)
	  Sort Key: c
	  ->  Index Scan using sbtest5_pkey on sbtest5  (cost=0.43..43.90 rows=10 width=121)
	        Index Cond: ((id >= 5503163) AND (id <= 5503172))

table 6 : explain SELECT c FROM sbtest6 WHERE id BETWEEN 3660591 AND 3660600 ORDER BY c
	Sort  (cost=44.17..44.19 rows=10 width=121)
	  Sort Key: c
	  ->  Index Scan using sbtest6_pkey on sbtest6  (cost=0.43..44.00 rows=10 width=121)
	        Index Cond: ((id >= 3660591) AND (id <= 3660600))

table 7 : explain SELECT c FROM sbtest7 WHERE id BETWEEN 3556892 AND 3556901 ORDER BY c
	Sort  (cost=44.25..44.27 rows=10 width=121)
	  Sort Key: c
	  ->  Index Scan using sbtest7_pkey on sbtest7  (cost=0.43..44.08 rows=10 width=121)
	        Index Cond: ((id >= 3556892) AND (id <= 3556901))

table 8 : explain SELECT c FROM sbtest8 WHERE id BETWEEN 7794853 AND 7794862 ORDER BY c
	Sort  (cost=44.11..44.13 rows=10 width=121)
	  Sort Key: c
	  ->  Index Scan using sbtest8_pkey on sbtest8  (cost=0.43..43.94 rows=10 width=121)
	        Index Cond: ((id >= 7794853) AND (id <= 7794862))

for: distinct_ranges
table 1 : explain SELECT DISTINCT c FROM sbtest1 WHERE id BETWEEN 3671992 AND 3672001 ORDER BY c
	Unique  (cost=48.22..48.27 rows=11 width=121)
	  ->  Sort  (cost=48.22..48.25 rows=11 width=121)
	        Sort Key: c
	        ->  Index Scan using sbtest1_pkey on sbtest1  (cost=0.43..48.03 rows=11 width=121)
	              Index Cond: ((id >= 3671992) AND (id <= 3672001))

table 2 : explain SELECT DISTINCT c FROM sbtest2 WHERE id BETWEEN 3199308 AND 3199317 ORDER BY c
	Unique  (cost=44.22..44.27 rows=10 width=121)
	  ->  Sort  (cost=44.22..44.25 rows=10 width=121)
	        Sort Key: c
	        ->  Index Scan using sbtest2_pkey on sbtest2  (cost=0.43..44.05 rows=10 width=121)
	              Index Cond: ((id >= 3199308) AND (id <= 3199317))

table 3 : explain SELECT DISTINCT c FROM sbtest3 WHERE id BETWEEN 7391518 AND 7391527 ORDER BY c
	Unique  (cost=48.22..48.27 rows=11 width=121)
	  ->  Sort  (cost=48.22..48.25 rows=11 width=121)
	        Sort Key: c
	        ->  Index Scan using sbtest3_pkey on sbtest3  (cost=0.43..48.03 rows=11 width=121)
	              Index Cond: ((id >= 7391518) AND (id <= 7391527))

table 4 : explain SELECT DISTINCT c FROM sbtest4 WHERE id BETWEEN 6145018 AND 6145027 ORDER BY c
	Unique  (cost=44.20..44.25 rows=10 width=121)
	  ->  Sort  (cost=44.20..44.22 rows=10 width=121)
	        Sort Key: c
	        ->  Index Scan using sbtest4_pkey on sbtest4  (cost=0.43..44.03 rows=10 width=121)
	              Index Cond: ((id >= 6145018) AND (id <= 6145027))

table 5 : explain SELECT DISTINCT c FROM sbtest5 WHERE id BETWEEN 408659 AND 408668 ORDER BY c
	Unique  (cost=44.07..44.12 rows=10 width=121)
	  ->  Sort  (cost=44.07..44.09 rows=10 width=121)
	        Sort Key: c
	        ->  Index Scan using sbtest5_pkey on sbtest5  (cost=0.43..43.90 rows=10 width=121)
	              Index Cond: ((id >= 408659) AND (id <= 408668))

table 6 : explain SELECT DISTINCT c FROM sbtest6 WHERE id BETWEEN 8354666 AND 8354675 ORDER BY c
	Unique  (cost=48.14..48.20 rows=11 width=121)
	  ->  Sort  (cost=48.14..48.17 rows=11 width=121)
	        Sort Key: c
	        ->  Index Scan using sbtest6_pkey on sbtest6  (cost=0.43..47.95 rows=11 width=121)
	              Index Cond: ((id >= 8354666) AND (id <= 8354675))

table 7 : explain SELECT DISTINCT c FROM sbtest7 WHERE id BETWEEN 7091038 AND 7091047 ORDER BY c
	Unique  (cost=44.25..44.30 rows=10 width=121)
	  ->  Sort  (cost=44.25..44.27 rows=10 width=121)
	        Sort Key: c
	        ->  Index Scan using sbtest7_pkey on sbtest7  (cost=0.43..44.08 rows=10 width=121)
	              Index Cond: ((id >= 7091038) AND (id <= 7091047))

table 8 : explain SELECT DISTINCT c FROM sbtest8 WHERE id BETWEEN 9885816 AND 9885825 ORDER BY c
	Unique  (cost=44.11..44.16 rows=10 width=121)
	  ->  Sort  (cost=44.11..44.13 rows=10 width=121)
	        Sort Key: c
	        ->  Index Scan using sbtest8_pkey on sbtest8  (cost=0.43..43.94 rows=10 width=121)
	              Index Cond: ((id >= 9885816) AND (id <= 9885825))

for: sum_ranges
table 1 : explain SELECT SUM(k) FROM sbtest1 WHERE id BETWEEN 9860412 AND 9860421
	Aggregate  (cost=52.01..52.02 rows=1 width=8)
	  ->  Index Scan using sbtest1_pkey on sbtest1  (cost=0.43..51.98 rows=12 width=4)
	        Index Cond: ((id >= 9860412) AND (id <= 9860421))

table 2 : explain SELECT SUM(k) FROM sbtest2 WHERE id BETWEEN 6044063 AND 6044072
	Aggregate  (cost=44.08..44.09 rows=1 width=8)
	  ->  Index Scan using sbtest2_pkey on sbtest2  (cost=0.43..44.05 rows=10 width=4)
	        Index Cond: ((id >= 6044063) AND (id <= 6044072))

table 3 : explain SELECT SUM(k) FROM sbtest3 WHERE id BETWEEN 3457526 AND 3457535
	Aggregate  (cost=44.10..44.11 rows=1 width=8)
	  ->  Index Scan using sbtest3_pkey on sbtest3  (cost=0.43..44.07 rows=10 width=4)
	        Index Cond: ((id >= 3457526) AND (id <= 3457535))

table 4 : explain SELECT SUM(k) FROM sbtest4 WHERE id BETWEEN 1787256 AND 1787265
	Aggregate  (cost=44.06..44.07 rows=1 width=8)
	  ->  Index Scan using sbtest4_pkey on sbtest4  (cost=0.43..44.03 rows=10 width=4)
	        Index Cond: ((id >= 1787256) AND (id <= 1787265))

table 5 : explain SELECT SUM(k) FROM sbtest5 WHERE id BETWEEN 829595 AND 829604
	Aggregate  (cost=47.87..47.88 rows=1 width=8)
	  ->  Index Scan using sbtest5_pkey on sbtest5  (cost=0.43..47.84 rows=11 width=4)
	        Index Cond: ((id >= 829595) AND (id <= 829604))

table 6 : explain SELECT SUM(k) FROM sbtest6 WHERE id BETWEEN 1474475 AND 1474484
	Aggregate  (cost=44.03..44.04 rows=1 width=8)
	  ->  Index Scan using sbtest6_pkey on sbtest6  (cost=0.43..44.00 rows=10 width=4)
	        Index Cond: ((id >= 1474475) AND (id <= 1474484))

table 7 : explain SELECT SUM(k) FROM sbtest7 WHERE id BETWEEN 8973077 AND 8973086
	Aggregate  (cost=44.11..44.12 rows=1 width=8)
	  ->  Index Scan using sbtest7_pkey on sbtest7  (cost=0.43..44.08 rows=10 width=4)
	        Index Cond: ((id >= 8973077) AND (id <= 8973086))

table 8 : explain SELECT SUM(k) FROM sbtest8 WHERE id BETWEEN 142023 AND 142032
	Aggregate  (cost=40.02..40.03 rows=1 width=8)
	  ->  Index Scan using sbtest8_pkey on sbtest8  (cost=0.43..40.00 rows=9 width=4)
	        Index Cond: ((id >= 142023) AND (id <= 142032))

for: order_ranges
table 1 : explain SELECT c FROM sbtest1 WHERE id BETWEEN 5913147 AND 5913156 ORDER BY c
	Sort  (cost=48.22..48.25 rows=11 width=121)
	  Sort Key: c
	  ->  Index Scan using sbtest1_pkey on sbtest1  (cost=0.43..48.03 rows=11 width=121)
	        Index Cond: ((id >= 5913147) AND (id <= 5913156))

table 2 : explain SELECT c FROM sbtest2 WHERE id BETWEEN 8231750 AND 8231759 ORDER BY c
	Sort  (cost=44.22..44.25 rows=10 width=121)
	  Sort Key: c
	  ->  Index Scan using sbtest2_pkey on sbtest2  (cost=0.43..44.05 rows=10 width=121)
	        Index Cond: ((id >= 8231750) AND (id <= 8231759))

table 3 : explain SELECT c FROM sbtest3 WHERE id BETWEEN 2174952 AND 2174961 ORDER BY c
	Sort  (cost=44.24..44.26 rows=10 width=121)
	  Sort Key: c
	  ->  Index Scan using sbtest3_pkey on sbtest3  (cost=0.43..44.07 rows=10 width=121)
	        Index Cond: ((id >= 2174952) AND (id <= 2174961))

table 4 : explain SELECT c FROM sbtest4 WHERE id BETWEEN 3225838 AND 3225847 ORDER BY c
	Sort  (cost=44.20..44.22 rows=10 width=121)
	  Sort Key: c
	  ->  Index Scan using sbtest4_pkey on sbtest4  (cost=0.43..44.03 rows=10 width=121)
	        Index Cond: ((id >= 3225838) AND (id <= 3225847))

table 5 : explain SELECT c FROM sbtest5 WHERE id BETWEEN 3098993 AND 3099002 ORDER BY c
	Sort  (cost=44.07..44.09 rows=10 width=121)
	  Sort Key: c
	  ->  Index Scan using sbtest5_pkey on sbtest5  (cost=0.43..43.90 rows=10 width=121)
	        Index Cond: ((id >= 3098993) AND (id <= 3099002))

table 6 : explain SELECT c FROM sbtest6 WHERE id BETWEEN 2650879 AND 2650888 ORDER BY c
	Sort  (cost=44.17..44.19 rows=10 width=121)
	  Sort Key: c
	  ->  Index Scan using sbtest6_pkey on sbtest6  (cost=0.43..44.00 rows=10 width=121)
	        Index Cond: ((id >= 2650879) AND (id <= 2650888))

table 7 : explain SELECT c FROM sbtest7 WHERE id BETWEEN 8627933 AND 8627942 ORDER BY c
	Sort  (cost=48.23..48.26 rows=11 width=121)
	  Sort Key: c
	  ->  Index Scan using sbtest7_pkey on sbtest7  (cost=0.43..48.04 rows=11 width=121)
	        Index Cond: ((id >= 8627933) AND (id <= 8627942))

table 8 : explain SELECT c FROM sbtest8 WHERE id BETWEEN 3159246 AND 3159255 ORDER BY c
	Sort  (cost=44.11..44.13 rows=10 width=121)
	  Sort Key: c
	  ->  Index Scan using sbtest8_pkey on sbtest8  (cost=0.43..43.94 rows=10 width=121)
	        Index Cond: ((id >= 3159246) AND (id <= 3159255))

for: order_ranges
table 1 : explain SELECT c FROM sbtest1 WHERE id BETWEEN 6152444 AND 6152453 ORDER BY c
	Sort  (cost=44.24..44.26 rows=10 width=121)
	  Sort Key: c
	  ->  Index Scan using sbtest1_pkey on sbtest1  (cost=0.43..44.07 rows=10 width=121)
	        Index Cond: ((id >= 6152444) AND (id <= 6152453))

table 2 : explain SELECT c FROM sbtest2 WHERE id BETWEEN 6069841 AND 6069850 ORDER BY c
	Sort  (cost=44.22..44.25 rows=10 width=121)
	  Sort Key: c
	  ->  Index Scan using sbtest2_pkey on sbtest2  (cost=0.43..44.05 rows=10 width=121)
	        Index Cond: ((id >= 6069841) AND (id <= 6069850))

table 3 : explain SELECT c FROM sbtest3 WHERE id BETWEEN 3359363 AND 3359372 ORDER BY c
	Sort  (cost=44.24..44.26 rows=10 width=121)
	  Sort Key: c
	  ->  Index Scan using sbtest3_pkey on sbtest3  (cost=0.43..44.07 rows=10 width=121)
	        Index Cond: ((id >= 3359363) AND (id <= 3359372))

table 4 : explain SELECT c FROM sbtest4 WHERE id BETWEEN 1174930 AND 1174939 ORDER BY c
	Sort  (cost=40.22..40.24 rows=9 width=121)
	  Sort Key: c
	  ->  Index Scan using sbtest4_pkey on sbtest4  (cost=0.43..40.08 rows=9 width=121)
	        Index Cond: ((id >= 1174930) AND (id <= 1174939))

table 5 : explain SELECT c FROM sbtest5 WHERE id BETWEEN 9183382 AND 9183391 ORDER BY c
	Sort  (cost=40.10..40.13 rows=9 width=121)
	  Sort Key: c
	  ->  Index Scan using sbtest5_pkey on sbtest5  (cost=0.43..39.96 rows=9 width=121)
	        Index Cond: ((id >= 9183382) AND (id <= 9183391))

table 6 : explain SELECT c FROM sbtest6 WHERE id BETWEEN 3560795 AND 3560804 ORDER BY c
	Sort  (cost=44.17..44.19 rows=10 width=121)
	  Sort Key: c
	  ->  Index Scan using sbtest6_pkey on sbtest6  (cost=0.43..44.00 rows=10 width=121)
	        Index Cond: ((id >= 3560795) AND (id <= 3560804))

table 7 : explain SELECT c FROM sbtest7 WHERE id BETWEEN 7805216 AND 7805225 ORDER BY c
	Sort  (cost=44.25..44.27 rows=10 width=121)
	  Sort Key: c
	  ->  Index Scan using sbtest7_pkey on sbtest7  (cost=0.43..44.08 rows=10 width=121)
	        Index Cond: ((id >= 7805216) AND (id <= 7805225))

table 8 : explain SELECT c FROM sbtest8 WHERE id BETWEEN 5294083 AND 5294092 ORDER BY c
	Sort  (cost=44.11..44.13 rows=10 width=121)
	  Sort Key: c
	  ->  Index Scan using sbtest8_pkey on sbtest8  (cost=0.43..43.94 rows=10 width=121)
	        Index Cond: ((id >= 5294083) AND (id <= 5294092))

for: order_ranges
table 1 : explain SELECT c FROM sbtest1 WHERE id BETWEEN 6090552 AND 6090561 ORDER BY c
	Sort  (cost=44.24..44.26 rows=10 width=121)
	  Sort Key: c
	  ->  Index Scan using sbtest1_pkey on sbtest1  (cost=0.43..44.07 rows=10 width=121)
	        Index Cond: ((id >= 6090552) AND (id <= 6090561))

table 2 : explain SELECT c FROM sbtest2 WHERE id BETWEEN 5060632 AND 5060641 ORDER BY c
	Sort  (cost=44.22..44.25 rows=10 width=121)
	  Sort Key: c
	  ->  Index Scan using sbtest2_pkey on sbtest2  (cost=0.43..44.05 rows=10 width=121)
	        Index Cond: ((id >= 5060632) AND (id <= 5060641))

table 3 : explain SELECT c FROM sbtest3 WHERE id BETWEEN 4736596 AND 4736605 ORDER BY c
	Sort  (cost=40.26..40.28 rows=9 width=121)
	  Sort Key: c
	  ->  Index Scan using sbtest3_pkey on sbtest3  (cost=0.43..40.11 rows=9 width=121)
	        Index Cond: ((id >= 4736596) AND (id <= 4736605))

table 4 : explain SELECT c FROM sbtest4 WHERE id BETWEEN 3917296 AND 3917305 ORDER BY c
	Sort  (cost=48.17..48.20 rows=11 width=121)
	  Sort Key: c
	  ->  Index Scan using sbtest4_pkey on sbtest4  (cost=0.43..47.98 rows=11 width=121)
	        Index Cond: ((id >= 3917296) AND (id <= 3917305))

table 5 : explain SELECT c FROM sbtest5 WHERE id BETWEEN 340965 AND 340974 ORDER BY c
	Sort  (cost=44.07..44.09 rows=10 width=121)
	  Sort Key: c
	  ->  Index Scan using sbtest5_pkey on sbtest5  (cost=0.43..43.90 rows=10 width=121)
	        Index Cond: ((id >= 340965) AND (id <= 340974))

table 6 : explain SELECT c FROM sbtest6 WHERE id BETWEEN 1282474 AND 1282483 ORDER BY c
	Sort  (cost=44.17..44.19 rows=10 width=121)
	  Sort Key: c
	  ->  Index Scan using sbtest6_pkey on sbtest6  (cost=0.43..44.00 rows=10 width=121)
	        Index Cond: ((id >= 1282474) AND (id <= 1282483))

table 7 : explain SELECT c FROM sbtest7 WHERE id BETWEEN 8344477 AND 8344486 ORDER BY c
	Sort  (cost=44.25..44.27 rows=10 width=121)
	  Sort Key: c
	  ->  Index Scan using sbtest7_pkey on sbtest7  (cost=0.43..44.08 rows=10 width=121)
	        Index Cond: ((id >= 8344477) AND (id <= 8344486))

table 8 : explain SELECT c FROM sbtest8 WHERE id BETWEEN 4213415 AND 4213424 ORDER BY c
	Sort  (cost=44.11..44.13 rows=10 width=121)
	  Sort Key: c
	  ->  Index Scan using sbtest8_pkey on sbtest8  (cost=0.43..43.94 rows=10 width=121)
	        Index Cond: ((id >= 4213415) AND (id <= 4213424))

for: order_ranges
table 1 : explain SELECT c FROM sbtest1 WHERE id BETWEEN 5754634 AND 5754643 ORDER BY c
	Sort  (cost=44.24..44.26 rows=10 width=121)
	  Sort Key: c
	  ->  Index Scan using sbtest1_pkey on sbtest1  (cost=0.43..44.07 rows=10 width=121)
	        Index Cond: ((id >= 5754634) AND (id <= 5754643))

table 2 : explain SELECT c FROM sbtest2 WHERE id BETWEEN 5553838 AND 5553847 ORDER BY c
	Sort  (cost=40.24..40.26 rows=9 width=121)
	  Sort Key: c
	  ->  Index Scan using sbtest2_pkey on sbtest2  (cost=0.43..40.10 rows=9 width=121)
	        Index Cond: ((id >= 5553838) AND (id <= 5553847))

table 3 : explain SELECT c FROM sbtest3 WHERE id BETWEEN 7908670 AND 7908679 ORDER BY c
	Sort  (cost=44.24..44.26 rows=10 width=121)
	  Sort Key: c
	  ->  Index Scan using sbtest3_pkey on sbtest3  (cost=0.43..44.07 rows=10 width=121)
	        Index Cond: ((id >= 7908670) AND (id <= 7908679))

table 4 : explain SELECT c FROM sbtest4 WHERE id BETWEEN 5347083 AND 5347092 ORDER BY c
	Sort  (cost=44.20..44.22 rows=10 width=121)
	  Sort Key: c
	  ->  Index Scan using sbtest4_pkey on sbtest4  (cost=0.43..44.03 rows=10 width=121)
	        Index Cond: ((id >= 5347083) AND (id <= 5347092))

table 5 : explain SELECT c FROM sbtest5 WHERE id BETWEEN 2596332 AND 2596341 ORDER BY c
	Sort  (cost=48.03..48.06 rows=11 width=121)
	  Sort Key: c
	  ->  Index Scan using sbtest5_pkey on sbtest5  (cost=0.43..47.84 rows=11 width=121)
	        Index Cond: ((id >= 2596332) AND (id <= 2596341))

table 6 : explain SELECT c FROM sbtest6 WHERE id BETWEEN 6920551 AND 6920560 ORDER BY c
	Sort  (cost=44.17..44.19 rows=10 width=121)
	  Sort Key: c
	  ->  Index Scan using sbtest6_pkey on sbtest6  (cost=0.43..44.00 rows=10 width=121)
	        Index Cond: ((id >= 6920551) AND (id <= 6920560))

table 7 : explain SELECT c FROM sbtest7 WHERE id BETWEEN 5559269 AND 5559278 ORDER BY c
	Sort  (cost=48.23..48.26 rows=11 width=121)
	  Sort Key: c
	  ->  Index Scan using sbtest7_pkey on sbtest7  (cost=0.43..48.04 rows=11 width=121)
	        Index Cond: ((id >= 5559269) AND (id <= 5559278))

table 8 : explain SELECT c FROM sbtest8 WHERE id BETWEEN 483812 AND 483821 ORDER BY c
	Sort  (cost=44.11..44.13 rows=10 width=121)
	  Sort Key: c
	  ->  Index Scan using sbtest8_pkey on sbtest8  (cost=0.43..43.94 rows=10 width=121)
	        Index Cond: ((id >= 483812) AND (id <= 483821))

for: distinct_ranges
table 1 : explain SELECT DISTINCT c FROM sbtest1 WHERE id BETWEEN 729847 AND 729856 ORDER BY c
	Unique  (cost=44.24..44.29 rows=10 width=121)
	  ->  Sort  (cost=44.24..44.26 rows=10 width=121)
	        Sort Key: c
	        ->  Index Scan using sbtest1_pkey on sbtest1  (cost=0.43..44.07 rows=10 width=121)
	              Index Cond: ((id >= 729847) AND (id <= 729856))

table 2 : explain SELECT DISTINCT c FROM sbtest2 WHERE id BETWEEN 5527424 AND 5527433 ORDER BY c
	Unique  (cost=40.24..40.29 rows=9 width=121)
	  ->  Sort  (cost=40.24..40.26 rows=9 width=121)
	        Sort Key: c
	        ->  Index Scan using sbtest2_pkey on sbtest2  (cost=0.43..40.10 rows=9 width=121)
	              Index Cond: ((id >= 5527424) AND (id <= 5527433))

table 3 : explain SELECT DISTINCT c FROM sbtest3 WHERE id BETWEEN 1931671 AND 1931680 ORDER BY c
	Unique  (cost=44.24..44.29 rows=10 width=121)
	  ->  Sort  (cost=44.24..44.26 rows=10 width=121)
	        Sort Key: c
	        ->  Index Scan using sbtest3_pkey on sbtest3  (cost=0.43..44.07 rows=10 width=121)
	              Index Cond: ((id >= 1931671) AND (id <= 1931680))

table 4 : explain SELECT DISTINCT c FROM sbtest4 WHERE id BETWEEN 9056044 AND 9056053 ORDER BY c
	Unique  (cost=44.20..44.25 rows=10 width=121)
	  ->  Sort  (cost=44.20..44.22 rows=10 width=121)
	        Sort Key: c
	        ->  Index Scan using sbtest4_pkey on sbtest4  (cost=0.43..44.03 rows=10 width=121)
	              Index Cond: ((id >= 9056044) AND (id <= 9056053))

table 5 : explain SELECT DISTINCT c FROM sbtest5 WHERE id BETWEEN 6285182 AND 6285191 ORDER BY c
	Unique  (cost=44.07..44.12 rows=10 width=121)
	  ->  Sort  (cost=44.07..44.09 rows=10 width=121)
	        Sort Key: c
	        ->  Index Scan using sbtest5_pkey on sbtest5  (cost=0.43..43.90 rows=10 width=121)
	              Index Cond: ((id >= 6285182) AND (id <= 6285191))

table 6 : explain SELECT DISTINCT c FROM sbtest6 WHERE id BETWEEN 8676726 AND 8676735 ORDER BY c
	Unique  (cost=44.17..44.22 rows=10 width=121)
	  ->  Sort  (cost=44.17..44.19 rows=10 width=121)
	        Sort Key: c
	        ->  Index Scan using sbtest6_pkey on sbtest6  (cost=0.43..44.00 rows=10 width=121)
	              Index Cond: ((id >= 8676726) AND (id <= 8676735))

table 7 : explain SELECT DISTINCT c FROM sbtest7 WHERE id BETWEEN 5965885 AND 5965894 ORDER BY c
	Unique  (cost=48.23..48.28 rows=11 width=121)
	  ->  Sort  (cost=48.23..48.26 rows=11 width=121)
	        Sort Key: c
	        ->  Index Scan using sbtest7_pkey on sbtest7  (cost=0.43..48.04 rows=11 width=121)
	              Index Cond: ((id >= 5965885) AND (id <= 5965894))

table 8 : explain SELECT DISTINCT c FROM sbtest8 WHERE id BETWEEN 43956 AND 43965 ORDER BY c
	Unique  (cost=44.11..44.16 rows=10 width=121)
	  ->  Sort  (cost=44.11..44.13 rows=10 width=121)
	        Sort Key: c
	        ->  Index Scan using sbtest8_pkey on sbtest8  (cost=0.43..43.94 rows=10 width=121)
	              Index Cond: ((id >= 43956) AND (id <= 43965))

for: order_ranges
table 1 : explain SELECT c FROM sbtest1 WHERE id BETWEEN 4366356 AND 4366365 ORDER BY c
	Sort  (cost=44.24..44.26 rows=10 width=121)
	  Sort Key: c
	  ->  Index Scan using sbtest1_pkey on sbtest1  (cost=0.43..44.07 rows=10 width=121)
	        Index Cond: ((id >= 4366356) AND (id <= 4366365))

table 2 : explain SELECT c FROM sbtest2 WHERE id BETWEEN 5771097 AND 5771106 ORDER BY c
	Sort  (cost=44.22..44.25 rows=10 width=121)
	  Sort Key: c
	  ->  Index Scan using sbtest2_pkey on sbtest2  (cost=0.43..44.05 rows=10 width=121)
	        Index Cond: ((id >= 5771097) AND (id <= 5771106))

table 3 : explain SELECT c FROM sbtest3 WHERE id BETWEEN 919675 AND 919684 ORDER BY c
	Sort  (cost=44.24..44.26 rows=10 width=121)
	  Sort Key: c
	  ->  Index Scan using sbtest3_pkey on sbtest3  (cost=0.43..44.07 rows=10 width=121)
	        Index Cond: ((id >= 919675) AND (id <= 919684))

table 4 : explain SELECT c FROM sbtest4 WHERE id BETWEEN 7340303 AND 7340312 ORDER BY c
	Sort  (cost=44.20..44.22 rows=10 width=121)
	  Sort Key: c
	  ->  Index Scan using sbtest4_pkey on sbtest4  (cost=0.43..44.03 rows=10 width=121)
	        Index Cond: ((id >= 7340303) AND (id <= 7340312))

table 5 : explain SELECT c FROM sbtest5 WHERE id BETWEEN 3403118 AND 3403127 ORDER BY c
	Sort  (cost=44.07..44.09 rows=10 width=121)
	  Sort Key: c
	  ->  Index Scan using sbtest5_pkey on sbtest5  (cost=0.43..43.90 rows=10 width=121)
	        Index Cond: ((id >= 3403118) AND (id <= 3403127))

table 6 : explain SELECT c FROM sbtest6 WHERE id BETWEEN 9583754 AND 9583763 ORDER BY c
	Sort  (cost=44.17..44.19 rows=10 width=121)
	  Sort Key: c
	  ->  Index Scan using sbtest6_pkey on sbtest6  (cost=0.43..44.00 rows=10 width=121)
	        Index Cond: ((id >= 9583754) AND (id <= 9583763))

table 7 : explain SELECT c FROM sbtest7 WHERE id BETWEEN 1341354 AND 1341363 ORDER BY c
	Sort  (cost=40.26..40.29 rows=9 width=121)
	  Sort Key: c
	  ->  Index Scan using sbtest7_pkey on sbtest7  (cost=0.43..40.12 rows=9 width=121)
	        Index Cond: ((id >= 1341354) AND (id <= 1341363))

table 8 : explain SELECT c FROM sbtest8 WHERE id BETWEEN 6865734 AND 6865743 ORDER BY c
	Sort  (cost=40.14..40.17 rows=9 width=121)
	  Sort Key: c
	  ->  Index Scan using sbtest8_pkey on sbtest8  (cost=0.43..40.00 rows=9 width=121)
	        Index Cond: ((id >= 6865734) AND (id <= 6865743))

for: distinct_ranges
table 1 : explain SELECT DISTINCT c FROM sbtest1 WHERE id BETWEEN 8181020 AND 8181029 ORDER BY c
	Unique  (cost=40.26..40.30 rows=9 width=121)
	  ->  Sort  (cost=40.26..40.28 rows=9 width=121)
	        Sort Key: c
	        ->  Index Scan using sbtest1_pkey on sbtest1  (cost=0.43..40.11 rows=9 width=121)
	              Index Cond: ((id >= 8181020) AND (id <= 8181029))

table 2 : explain SELECT DISTINCT c FROM sbtest2 WHERE id BETWEEN 7473230 AND 7473239 ORDER BY c
	Unique  (cost=44.22..44.27 rows=10 width=121)
	  ->  Sort  (cost=44.22..44.25 rows=10 width=121)
	        Sort Key: c
	        ->  Index Scan using sbtest2_pkey on sbtest2  (cost=0.43..44.05 rows=10 width=121)
	              Index Cond: ((id >= 7473230) AND (id <= 7473239))

table 3 : explain SELECT DISTINCT c FROM sbtest3 WHERE id BETWEEN 2676350 AND 2676359 ORDER BY c
	Unique  (cost=44.24..44.29 rows=10 width=121)
	  ->  Sort  (cost=44.24..44.26 rows=10 width=121)
	        Sort Key: c
	        ->  Index Scan using sbtest3_pkey on sbtest3  (cost=0.43..44.07 rows=10 width=121)
	              Index Cond: ((id >= 2676350) AND (id <= 2676359))

table 4 : explain SELECT DISTINCT c FROM sbtest4 WHERE id BETWEEN 6271227 AND 6271236 ORDER BY c
	Unique  (cost=44.20..44.25 rows=10 width=121)
	  ->  Sort  (cost=44.20..44.22 rows=10 width=121)
	        Sort Key: c
	        ->  Index Scan using sbtest4_pkey on sbtest4  (cost=0.43..44.03 rows=10 width=121)
	              Index Cond: ((id >= 6271227) AND (id <= 6271236))

table 5 : explain SELECT DISTINCT c FROM sbtest5 WHERE id BETWEEN 9572775 AND 9572784 ORDER BY c
	Unique  (cost=48.03..48.08 rows=11 width=121)
	  ->  Sort  (cost=48.03..48.06 rows=11 width=121)
	        Sort Key: c
	        ->  Index Scan using sbtest5_pkey on sbtest5  (cost=0.43..47.84 rows=11 width=121)
	              Index Cond: ((id >= 9572775) AND (id <= 9572784))

table 6 : explain SELECT DISTINCT c FROM sbtest6 WHERE id BETWEEN 2630141 AND 2630150 ORDER BY c
	Unique  (cost=44.17..44.22 rows=10 width=121)
	  ->  Sort  (cost=44.17..44.19 rows=10 width=121)
	        Sort Key: c
	        ->  Index Scan using sbtest6_pkey on sbtest6  (cost=0.43..44.00 rows=10 width=121)
	              Index Cond: ((id >= 2630141) AND (id <= 2630150))

table 7 : explain SELECT DISTINCT c FROM sbtest7 WHERE id BETWEEN 432605 AND 432614 ORDER BY c
	Unique  (cost=44.25..44.30 rows=10 width=121)
	  ->  Sort  (cost=44.25..44.27 rows=10 width=121)
	        Sort Key: c
	        ->  Index Scan using sbtest7_pkey on sbtest7  (cost=0.43..44.08 rows=10 width=121)
	              Index Cond: ((id >= 432605) AND (id <= 432614))

table 8 : explain SELECT DISTINCT c FROM sbtest8 WHERE id BETWEEN 2909841 AND 2909850 ORDER BY c
	Unique  (cost=44.11..44.16 rows=10 width=121)
	  ->  Sort  (cost=44.11..44.13 rows=10 width=121)
	        Sort Key: c
	        ->  Index Scan using sbtest8_pkey on sbtest8  (cost=0.43..43.94 rows=10 width=121)
	              Index Cond: ((id >= 2909841) AND (id <= 2909850))

for: distinct_ranges
table 1 : explain SELECT DISTINCT c FROM sbtest1 WHERE id BETWEEN 1046489 AND 1046498 ORDER BY c
	Unique  (cost=40.26..40.30 rows=9 width=121)
	  ->  Sort  (cost=40.26..40.28 rows=9 width=121)
	        Sort Key: c
	        ->  Index Scan using sbtest1_pkey on sbtest1  (cost=0.43..40.11 rows=9 width=121)
	              Index Cond: ((id >= 1046489) AND (id <= 1046498))

table 2 : explain SELECT DISTINCT c FROM sbtest2 WHERE id BETWEEN 1892580 AND 1892589 ORDER BY c
	Unique  (cost=40.24..40.29 rows=9 width=121)
	  ->  Sort  (cost=40.24..40.26 rows=9 width=121)
	        Sort Key: c
	        ->  Index Scan using sbtest2_pkey on sbtest2  (cost=0.43..40.10 rows=9 width=121)
	              Index Cond: ((id >= 1892580) AND (id <= 1892589))

table 3 : explain SELECT DISTINCT c FROM sbtest3 WHERE id BETWEEN 6999658 AND 6999667 ORDER BY c
	Unique  (cost=44.24..44.29 rows=10 width=121)
	  ->  Sort  (cost=44.24..44.26 rows=10 width=121)
	        Sort Key: c
	        ->  Index Scan using sbtest3_pkey on sbtest3  (cost=0.43..44.07 rows=10 width=121)
	              Index Cond: ((id >= 6999658) AND (id <= 6999667))

table 4 : explain SELECT DISTINCT c FROM sbtest4 WHERE id BETWEEN 8094918 AND 8094927 ORDER BY c
	Unique  (cost=40.22..40.27 rows=9 width=121)
	  ->  Sort  (cost=40.22..40.24 rows=9 width=121)
	        Sort Key: c
	        ->  Index Scan using sbtest4_pkey on sbtest4  (cost=0.43..40.08 rows=9 width=121)
	              Index Cond: ((id >= 8094918) AND (id <= 8094927))

table 5 : explain SELECT DISTINCT c FROM sbtest5 WHERE id BETWEEN 3582909 AND 3582918 ORDER BY c
	Unique  (cost=44.07..44.12 rows=10 width=121)
	  ->  Sort  (cost=44.07..44.09 rows=10 width=121)
	        Sort Key: c
	        ->  Index Scan using sbtest5_pkey on sbtest5  (cost=0.43..43.90 rows=10 width=121)
	              Index Cond: ((id >= 3582909) AND (id <= 3582918))

table 6 : explain SELECT DISTINCT c FROM sbtest6 WHERE id BETWEEN 8311527 AND 8311536 ORDER BY c
	Unique  (cost=44.17..44.22 rows=10 width=121)
	  ->  Sort  (cost=44.17..44.19 rows=10 width=121)
	        Sort Key: c
	        ->  Index Scan using sbtest6_pkey on sbtest6  (cost=0.43..44.00 rows=10 width=121)
	              Index Cond: ((id >= 8311527) AND (id <= 8311536))

table 7 : explain SELECT DISTINCT c FROM sbtest7 WHERE id BETWEEN 4363090 AND 4363099 ORDER BY c
	Unique  (cost=40.26..40.31 rows=9 width=121)
	  ->  Sort  (cost=40.26..40.29 rows=9 width=121)
	        Sort Key: c
	        ->  Index Scan using sbtest7_pkey on sbtest7  (cost=0.43..40.12 rows=9 width=121)
	              Index Cond: ((id >= 4363090) AND (id <= 4363099))

table 8 : explain SELECT DISTINCT c FROM sbtest8 WHERE id BETWEEN 3306530 AND 3306539 ORDER BY c
	Unique  (cost=44.11..44.16 rows=10 width=121)
	  ->  Sort  (cost=44.11..44.13 rows=10 width=121)
	        Sort Key: c
	        ->  Index Scan using sbtest8_pkey on sbtest8  (cost=0.43..43.94 rows=10 width=121)
	              Index Cond: ((id >= 3306530) AND (id <= 3306539))

for: order_ranges
table 1 : explain SELECT c FROM sbtest1 WHERE id BETWEEN 1282826 AND 1282835 ORDER BY c
	Sort  (cost=44.24..44.26 rows=10 width=121)
	  Sort Key: c
	  ->  Index Scan using sbtest1_pkey on sbtest1  (cost=0.43..44.07 rows=10 width=121)
	        Index Cond: ((id >= 1282826) AND (id <= 1282835))

table 2 : explain SELECT c FROM sbtest2 WHERE id BETWEEN 6113006 AND 6113015 ORDER BY c
	Sort  (cost=44.22..44.25 rows=10 width=121)
	  Sort Key: c
	  ->  Index Scan using sbtest2_pkey on sbtest2  (cost=0.43..44.05 rows=10 width=121)
	        Index Cond: ((id >= 6113006) AND (id <= 6113015))

table 3 : explain SELECT c FROM sbtest3 WHERE id BETWEEN 8478672 AND 8478681 ORDER BY c
	Sort  (cost=44.24..44.26 rows=10 width=121)
	  Sort Key: c
	  ->  Index Scan using sbtest3_pkey on sbtest3  (cost=0.43..44.07 rows=10 width=121)
	        Index Cond: ((id >= 8478672) AND (id <= 8478681))

table 4 : explain SELECT c FROM sbtest4 WHERE id BETWEEN 6332683 AND 6332692 ORDER BY c
	Sort  (cost=44.20..44.22 rows=10 width=121)
	  Sort Key: c
	  ->  Index Scan using sbtest4_pkey on sbtest4  (cost=0.43..44.03 rows=10 width=121)
	        Index Cond: ((id >= 6332683) AND (id <= 6332692))

table 5 : explain SELECT c FROM sbtest5 WHERE id BETWEEN 5755030 AND 5755039 ORDER BY c
	Sort  (cost=48.03..48.06 rows=11 width=121)
	  Sort Key: c
	  ->  Index Scan using sbtest5_pkey on sbtest5  (cost=0.43..47.84 rows=11 width=121)
	        Index Cond: ((id >= 5755030) AND (id <= 5755039))

table 6 : explain SELECT c FROM sbtest6 WHERE id BETWEEN 79499 AND 79508 ORDER BY c
	Sort  (cost=44.17..44.19 rows=10 width=121)
	  Sort Key: c
	  ->  Index Scan using sbtest6_pkey on sbtest6  (cost=0.43..44.00 rows=10 width=121)
	        Index Cond: ((id >= 79499) AND (id <= 79508))

table 7 : explain SELECT c FROM sbtest7 WHERE id BETWEEN 6381906 AND 6381915 ORDER BY c
	Sort  (cost=48.23..48.26 rows=11 width=121)
	  Sort Key: c
	  ->  Index Scan using sbtest7_pkey on sbtest7  (cost=0.43..48.04 rows=11 width=121)
	        Index Cond: ((id >= 6381906) AND (id <= 6381915))

table 8 : explain SELECT c FROM sbtest8 WHERE id BETWEEN 1083543 AND 1083552 ORDER BY c
	Sort  (cost=48.08..48.10 rows=11 width=121)
	  Sort Key: c
	  ->  Index Scan using sbtest8_pkey on sbtest8  (cost=0.43..47.89 rows=11 width=121)
	        Index Cond: ((id >= 1083543) AND (id <= 1083552))

for: order_ranges
table 1 : explain SELECT c FROM sbtest1 WHERE id BETWEEN 507418 AND 507427 ORDER BY c
	Sort  (cost=40.26..40.28 rows=9 width=121)
	  Sort Key: c
	  ->  Index Scan using sbtest1_pkey on sbtest1  (cost=0.43..40.11 rows=9 width=121)
	        Index Cond: ((id >= 507418) AND (id <= 507427))

table 2 : explain SELECT c FROM sbtest2 WHERE id BETWEEN 8592486 AND 8592495 ORDER BY c
	Sort  (cost=48.20..48.23 rows=11 width=121)
	  Sort Key: c
	  ->  Index Scan using sbtest2_pkey on sbtest2  (cost=0.43..48.01 rows=11 width=121)
	        Index Cond: ((id >= 8592486) AND (id <= 8592495))

table 3 : explain SELECT c FROM sbtest3 WHERE id BETWEEN 3721998 AND 3722007 ORDER BY c
	Sort  (cost=44.24..44.26 rows=10 width=121)
	  Sort Key: c
	  ->  Index Scan using sbtest3_pkey on sbtest3  (cost=0.43..44.07 rows=10 width=121)
	        Index Cond: ((id >= 3721998) AND (id <= 3722007))

table 4 : explain SELECT c FROM sbtest4 WHERE id BETWEEN 8772493 AND 8772502 ORDER BY c
	Sort  (cost=44.20..44.22 rows=10 width=121)
	  Sort Key: c
	  ->  Index Scan using sbtest4_pkey on sbtest4  (cost=0.43..44.03 rows=10 width=121)
	        Index Cond: ((id >= 8772493) AND (id <= 8772502))

table 5 : explain SELECT c FROM sbtest5 WHERE id BETWEEN 2091260 AND 2091269 ORDER BY c
	Sort  (cost=48.03..48.06 rows=11 width=121)
	  Sort Key: c
	  ->  Index Scan using sbtest5_pkey on sbtest5  (cost=0.43..47.84 rows=11 width=121)
	        Index Cond: ((id >= 2091260) AND (id <= 2091269))

table 6 : explain SELECT c FROM sbtest6 WHERE id BETWEEN 2426867 AND 2426876 ORDER BY c
	Sort  (cost=44.17..44.19 rows=10 width=121)
	  Sort Key: c
	  ->  Index Scan using sbtest6_pkey on sbtest6  (cost=0.43..44.00 rows=10 width=121)
	        Index Cond: ((id >= 2426867) AND (id <= 2426876))

table 7 : explain SELECT c FROM sbtest7 WHERE id BETWEEN 8698878 AND 8698887 ORDER BY c
	Sort  (cost=44.25..44.27 rows=10 width=121)
	  Sort Key: c
	  ->  Index Scan using sbtest7_pkey on sbtest7  (cost=0.43..44.08 rows=10 width=121)
	        Index Cond: ((id >= 8698878) AND (id <= 8698887))

table 8 : explain SELECT c FROM sbtest8 WHERE id BETWEEN 7164479 AND 7164488 ORDER BY c
	Sort  (cost=44.11..44.13 rows=10 width=121)
	  Sort Key: c
	  ->  Index Scan using sbtest8_pkey on sbtest8  (cost=0.43..43.94 rows=10 width=121)
	        Index Cond: ((id >= 7164479) AND (id <= 7164488))

for: order_ranges
table 1 : explain SELECT c FROM sbtest1 WHERE id BETWEEN 4286053 AND 4286062 ORDER BY c
	Sort  (cost=44.24..44.26 rows=10 width=121)
	  Sort Key: c
	  ->  Index Scan using sbtest1_pkey on sbtest1  (cost=0.43..44.07 rows=10 width=121)
	        Index Cond: ((id >= 4286053) AND (id <= 4286062))

table 2 : explain SELECT c FROM sbtest2 WHERE id BETWEEN 7240010 AND 7240019 ORDER BY c
	Sort  (cost=48.20..48.23 rows=11 width=121)
	  Sort Key: c
	  ->  Index Scan using sbtest2_pkey on sbtest2  (cost=0.43..48.01 rows=11 width=121)
	        Index Cond: ((id >= 7240010) AND (id <= 7240019))

table 3 : explain SELECT c FROM sbtest3 WHERE id BETWEEN 9311162 AND 9311171 ORDER BY c
	Sort  (cost=44.24..44.26 rows=10 width=121)
	  Sort Key: c
	  ->  Index Scan using sbtest3_pkey on sbtest3  (cost=0.43..44.07 rows=10 width=121)
	        Index Cond: ((id >= 9311162) AND (id <= 9311171))

table 4 : explain SELECT c FROM sbtest4 WHERE id BETWEEN 9253704 AND 9253713 ORDER BY c
	Sort  (cost=40.22..40.24 rows=9 width=121)
	  Sort Key: c
	  ->  Index Scan using sbtest4_pkey on sbtest4  (cost=0.43..40.08 rows=9 width=121)
	        Index Cond: ((id >= 9253704) AND (id <= 9253713))

table 5 : explain SELECT c FROM sbtest5 WHERE id BETWEEN 384032 AND 384041 ORDER BY c
	Sort  (cost=44.07..44.09 rows=10 width=121)
	  Sort Key: c
	  ->  Index Scan using sbtest5_pkey on sbtest5  (cost=0.43..43.90 rows=10 width=121)
	        Index Cond: ((id >= 384032) AND (id <= 384041))

table 6 : explain SELECT c FROM sbtest6 WHERE id BETWEEN 6852444 AND 6852453 ORDER BY c
	Sort  (cost=44.17..44.19 rows=10 width=121)
	  Sort Key: c
	  ->  Index Scan using sbtest6_pkey on sbtest6  (cost=0.43..44.00 rows=10 width=121)
	        Index Cond: ((id >= 6852444) AND (id <= 6852453))

table 7 : explain SELECT c FROM sbtest7 WHERE id BETWEEN 6378462 AND 6378471 ORDER BY c
	Sort  (cost=48.23..48.26 rows=11 width=121)
	  Sort Key: c
	  ->  Index Scan using sbtest7_pkey on sbtest7  (cost=0.43..48.04 rows=11 width=121)
	        Index Cond: ((id >= 6378462) AND (id <= 6378471))

table 8 : explain SELECT c FROM sbtest8 WHERE id BETWEEN 1617800 AND 1617809 ORDER BY c
	Sort  (cost=44.11..44.13 rows=10 width=121)
	  Sort Key: c
	  ->  Index Scan using sbtest8_pkey on sbtest8  (cost=0.43..43.94 rows=10 width=121)
	        Index Cond: ((id >= 1617800) AND (id <= 1617809))

for: distinct_ranges
table 1 : explain SELECT DISTINCT c FROM sbtest1 WHERE id BETWEEN 8219954 AND 8219963 ORDER BY c
	Unique  (cost=40.26..40.30 rows=9 width=121)
	  ->  Sort  (cost=40.26..40.28 rows=9 width=121)
	        Sort Key: c
	        ->  Index Scan using sbtest1_pkey on sbtest1  (cost=0.43..40.11 rows=9 width=121)
	              Index Cond: ((id >= 8219954) AND (id <= 8219963))

table 2 : explain SELECT DISTINCT c FROM sbtest2 WHERE id BETWEEN 7845449 AND 7845458 ORDER BY c
	Unique  (cost=44.22..44.27 rows=10 width=121)
	  ->  Sort  (cost=44.22..44.25 rows=10 width=121)
	        Sort Key: c
	        ->  Index Scan using sbtest2_pkey on sbtest2  (cost=0.43..44.05 rows=10 width=121)
	              Index Cond: ((id >= 7845449) AND (id <= 7845458))

table 3 : explain SELECT DISTINCT c FROM sbtest3 WHERE id BETWEEN 1889639 AND 1889648 ORDER BY c
	Unique  (cost=48.22..48.27 rows=11 width=121)
	  ->  Sort  (cost=48.22..48.25 rows=11 width=121)
	        Sort Key: c
	        ->  Index Scan using sbtest3_pkey on sbtest3  (cost=0.43..48.03 rows=11 width=121)
	              Index Cond: ((id >= 1889639) AND (id <= 1889648))

table 4 : explain SELECT DISTINCT c FROM sbtest4 WHERE id BETWEEN 4701926 AND 4701935 ORDER BY c
	Unique  (cost=44.20..44.25 rows=10 width=121)
	  ->  Sort  (cost=44.20..44.22 rows=10 width=121)
	        Sort Key: c
	        ->  Index Scan using sbtest4_pkey on sbtest4  (cost=0.43..44.03 rows=10 width=121)
	              Index Cond: ((id >= 4701926) AND (id <= 4701935))

table 5 : explain SELECT DISTINCT c FROM sbtest5 WHERE id BETWEEN 2299278 AND 2299287 ORDER BY c
	Unique  (cost=44.07..44.12 rows=10 width=121)
	  ->  Sort  (cost=44.07..44.09 rows=10 width=121)
	        Sort Key: c
	        ->  Index Scan using sbtest5_pkey on sbtest5  (cost=0.43..43.90 rows=10 width=121)
	              Index Cond: ((id >= 2299278) AND (id <= 2299287))

table 6 : explain SELECT DISTINCT c FROM sbtest6 WHERE id BETWEEN 1306199 AND 1306208 ORDER BY c
	Unique  (cost=44.17..44.22 rows=10 width=121)
	  ->  Sort  (cost=44.17..44.19 rows=10 width=121)
	        Sort Key: c
	        ->  Index Scan using sbtest6_pkey on sbtest6  (cost=0.43..44.00 rows=10 width=121)
	              Index Cond: ((id >= 1306199) AND (id <= 1306208))

table 7 : explain SELECT DISTINCT c FROM sbtest7 WHERE id BETWEEN 6683778 AND 6683787 ORDER BY c
	Unique  (cost=48.23..48.28 rows=11 width=121)
	  ->  Sort  (cost=48.23..48.26 rows=11 width=121)
	        Sort Key: c
	        ->  Index Scan using sbtest7_pkey on sbtest7  (cost=0.43..48.04 rows=11 width=121)
	              Index Cond: ((id >= 6683778) AND (id <= 6683787))

table 8 : explain SELECT DISTINCT c FROM sbtest8 WHERE id BETWEEN 4325593 AND 4325602 ORDER BY c
	Unique  (cost=44.11..44.16 rows=10 width=121)
	  ->  Sort  (cost=44.11..44.13 rows=10 width=121)
	        Sort Key: c
	        ->  Index Scan using sbtest8_pkey on sbtest8  (cost=0.43..43.94 rows=10 width=121)
	              Index Cond: ((id >= 4325593) AND (id <= 4325602))

for: distinct_ranges
table 1 : explain SELECT DISTINCT c FROM sbtest1 WHERE id BETWEEN 1262571 AND 1262580 ORDER BY c
	Unique  (cost=44.24..44.29 rows=10 width=121)
	  ->  Sort  (cost=44.24..44.26 rows=10 width=121)
	        Sort Key: c
	        ->  Index Scan using sbtest1_pkey on sbtest1  (cost=0.43..44.07 rows=10 width=121)
	              Index Cond: ((id >= 1262571) AND (id <= 1262580))

table 2 : explain SELECT DISTINCT c FROM sbtest2 WHERE id BETWEEN 1135849 AND 1135858 ORDER BY c
	Unique  (cost=44.22..44.27 rows=10 width=121)
	  ->  Sort  (cost=44.22..44.25 rows=10 width=121)
	        Sort Key: c
	        ->  Index Scan using sbtest2_pkey on sbtest2  (cost=0.43..44.05 rows=10 width=121)
	              Index Cond: ((id >= 1135849) AND (id <= 1135858))

table 3 : explain SELECT DISTINCT c FROM sbtest3 WHERE id BETWEEN 4992954 AND 4992963 ORDER BY c
	Unique  (cost=44.24..44.29 rows=10 width=121)
	  ->  Sort  (cost=44.24..44.26 rows=10 width=121)
	        Sort Key: c
	        ->  Index Scan using sbtest3_pkey on sbtest3  (cost=0.43..44.07 rows=10 width=121)
	              Index Cond: ((id >= 4992954) AND (id <= 4992963))

table 4 : explain SELECT DISTINCT c FROM sbtest4 WHERE id BETWEEN 1026255 AND 1026264 ORDER BY c
	Unique  (cost=44.20..44.25 rows=10 width=121)
	  ->  Sort  (cost=44.20..44.22 rows=10 width=121)
	        Sort Key: c
	        ->  Index Scan using sbtest4_pkey on sbtest4  (cost=0.43..44.03 rows=10 width=121)
	              Index Cond: ((id >= 1026255) AND (id <= 1026264))

table 5 : explain SELECT DISTINCT c FROM sbtest5 WHERE id BETWEEN 6146771 AND 6146780 ORDER BY c
	Unique  (cost=40.10..40.15 rows=9 width=121)
	  ->  Sort  (cost=40.10..40.13 rows=9 width=121)
	        Sort Key: c
	        ->  Index Scan using sbtest5_pkey on sbtest5  (cost=0.43..39.96 rows=9 width=121)
	              Index Cond: ((id >= 6146771) AND (id <= 6146780))

table 6 : explain SELECT DISTINCT c FROM sbtest6 WHERE id BETWEEN 7681893 AND 7681902 ORDER BY c
	Unique  (cost=44.17..44.22 rows=10 width=121)
	  ->  Sort  (cost=44.17..44.19 rows=10 width=121)
	        Sort Key: c
	        ->  Index Scan using sbtest6_pkey on sbtest6  (cost=0.43..44.00 rows=10 width=121)
	              Index Cond: ((id >= 7681893) AND (id <= 7681902))

table 7 : explain SELECT DISTINCT c FROM sbtest7 WHERE id BETWEEN 2517 AND 2526 ORDER BY c
	Unique  (cost=40.26..40.31 rows=9 width=121)
	  ->  Sort  (cost=40.26..40.29 rows=9 width=121)
	        Sort Key: c
	        ->  Index Scan using sbtest7_pkey on sbtest7  (cost=0.43..40.12 rows=9 width=121)
	              Index Cond: ((id >= 2517) AND (id <= 2526))

table 8 : explain SELECT DISTINCT c FROM sbtest8 WHERE id BETWEEN 8223910 AND 8223919 ORDER BY c
	Unique  (cost=48.08..48.13 rows=11 width=121)
	  ->  Sort  (cost=48.08..48.10 rows=11 width=121)
	        Sort Key: c
	        ->  Index Scan using sbtest8_pkey on sbtest8  (cost=0.43..47.89 rows=11 width=121)
	              Index Cond: ((id >= 8223910) AND (id <= 8223919))

for: distinct_ranges
table 1 : explain SELECT DISTINCT c FROM sbtest1 WHERE id BETWEEN 3741007 AND 3741016 ORDER BY c
	Unique  (cost=44.24..44.29 rows=10 width=121)
	  ->  Sort  (cost=44.24..44.26 rows=10 width=121)
	        Sort Key: c
	        ->  Index Scan using sbtest1_pkey on sbtest1  (cost=0.43..44.07 rows=10 width=121)
	              Index Cond: ((id >= 3741007) AND (id <= 3741016))

table 2 : explain SELECT DISTINCT c FROM sbtest2 WHERE id BETWEEN 6821412 AND 6821421 ORDER BY c
	Unique  (cost=44.22..44.27 rows=10 width=121)
	  ->  Sort  (cost=44.22..44.25 rows=10 width=121)
	        Sort Key: c
	        ->  Index Scan using sbtest2_pkey on sbtest2  (cost=0.43..44.05 rows=10 width=121)
	              Index Cond: ((id >= 6821412) AND (id <= 6821421))

table 3 : explain SELECT DISTINCT c FROM sbtest3 WHERE id BETWEEN 5224046 AND 5224055 ORDER BY c
	Unique  (cost=44.24..44.29 rows=10 width=121)
	  ->  Sort  (cost=44.24..44.26 rows=10 width=121)
	        Sort Key: c
	        ->  Index Scan using sbtest3_pkey on sbtest3  (cost=0.43..44.07 rows=10 width=121)
	              Index Cond: ((id >= 5224046) AND (id <= 5224055))

table 4 : explain SELECT DISTINCT c FROM sbtest4 WHERE id BETWEEN 8838107 AND 8838116 ORDER BY c
	Unique  (cost=44.20..44.25 rows=10 width=121)
	  ->  Sort  (cost=44.20..44.22 rows=10 width=121)
	        Sort Key: c
	        ->  Index Scan using sbtest4_pkey on sbtest4  (cost=0.43..44.03 rows=10 width=121)
	              Index Cond: ((id >= 8838107) AND (id <= 8838116))

table 5 : explain SELECT DISTINCT c FROM sbtest5 WHERE id BETWEEN 2611790 AND 2611799 ORDER BY c
	Unique  (cost=48.03..48.08 rows=11 width=121)
	  ->  Sort  (cost=48.03..48.06 rows=11 width=121)
	        Sort Key: c
	        ->  Index Scan using sbtest5_pkey on sbtest5  (cost=0.43..47.84 rows=11 width=121)
	              Index Cond: ((id >= 2611790) AND (id <= 2611799))

table 6 : explain SELECT DISTINCT c FROM sbtest6 WHERE id BETWEEN 9678744 AND 9678753 ORDER BY c
	Unique  (cost=44.17..44.22 rows=10 width=121)
	  ->  Sort  (cost=44.17..44.19 rows=10 width=121)
	        Sort Key: c
	        ->  Index Scan using sbtest6_pkey on sbtest6  (cost=0.43..44.00 rows=10 width=121)
	              Index Cond: ((id >= 9678744) AND (id <= 9678753))

table 7 : explain SELECT DISTINCT c FROM sbtest7 WHERE id BETWEEN 9153164 AND 9153173 ORDER BY c
	Unique  (cost=44.25..44.30 rows=10 width=121)
	  ->  Sort  (cost=44.25..44.27 rows=10 width=121)
	        Sort Key: c
	        ->  Index Scan using sbtest7_pkey on sbtest7  (cost=0.43..44.08 rows=10 width=121)
	              Index Cond: ((id >= 9153164) AND (id <= 9153173))

table 8 : explain SELECT DISTINCT c FROM sbtest8 WHERE id BETWEEN 8829264 AND 8829273 ORDER BY c
	Unique  (cost=40.14..40.19 rows=9 width=121)
	  ->  Sort  (cost=40.14..40.17 rows=9 width=121)
	        Sort Key: c
	        ->  Index Scan using sbtest8_pkey on sbtest8  (cost=0.43..40.00 rows=9 width=121)
	              Index Cond: ((id >= 8829264) AND (id <= 8829273))

for: distinct_ranges
table 1 : explain SELECT DISTINCT c FROM sbtest1 WHERE id BETWEEN 6292097 AND 6292106 ORDER BY c
	Unique  (cost=44.24..44.29 rows=10 width=121)
	  ->  Sort  (cost=44.24..44.26 rows=10 width=121)
	        Sort Key: c
	        ->  Index Scan using sbtest1_pkey on sbtest1  (cost=0.43..44.07 rows=10 width=121)
	              Index Cond: ((id >= 6292097) AND (id <= 6292106))

table 2 : explain SELECT DISTINCT c FROM sbtest2 WHERE id BETWEEN 6053743 AND 6053752 ORDER BY c
	Unique  (cost=44.22..44.27 rows=10 width=121)
	  ->  Sort  (cost=44.22..44.25 rows=10 width=121)
	        Sort Key: c
	        ->  Index Scan using sbtest2_pkey on sbtest2  (cost=0.43..44.05 rows=10 width=121)
	              Index Cond: ((id >= 6053743) AND (id <= 6053752))

table 3 : explain SELECT DISTINCT c FROM sbtest3 WHERE id BETWEEN 4882995 AND 4883004 ORDER BY c
	Unique  (cost=44.24..44.29 rows=10 width=121)
	  ->  Sort  (cost=44.24..44.26 rows=10 width=121)
	        Sort Key: c
	        ->  Index Scan using sbtest3_pkey on sbtest3  (cost=0.43..44.07 rows=10 width=121)
	              Index Cond: ((id >= 4882995) AND (id <= 4883004))

table 4 : explain SELECT DISTINCT c FROM sbtest4 WHERE id BETWEEN 1407423 AND 1407432 ORDER BY c
	Unique  (cost=40.22..40.27 rows=9 width=121)
	  ->  Sort  (cost=40.22..40.24 rows=9 width=121)
	        Sort Key: c
	        ->  Index Scan using sbtest4_pkey on sbtest4  (cost=0.43..40.08 rows=9 width=121)
	              Index Cond: ((id >= 1407423) AND (id <= 1407432))

table 5 : explain SELECT DISTINCT c FROM sbtest5 WHERE id BETWEEN 2417131 AND 2417140 ORDER BY c
	Unique  (cost=40.10..40.15 rows=9 width=121)
	  ->  Sort  (cost=40.10..40.13 rows=9 width=121)
	        Sort Key: c
	        ->  Index Scan using sbtest5_pkey on sbtest5  (cost=0.43..39.96 rows=9 width=121)
	              Index Cond: ((id >= 2417131) AND (id <= 2417140))

table 6 : explain SELECT DISTINCT c FROM sbtest6 WHERE id BETWEEN 3287767 AND 3287776 ORDER BY c
	Unique  (cost=44.17..44.22 rows=10 width=121)
	  ->  Sort  (cost=44.17..44.19 rows=10 width=121)
	        Sort Key: c
	        ->  Index Scan using sbtest6_pkey on sbtest6  (cost=0.43..44.00 rows=10 width=121)
	              Index Cond: ((id >= 3287767) AND (id <= 3287776))

table 7 : explain SELECT DISTINCT c FROM sbtest7 WHERE id BETWEEN 6005903 AND 6005912 ORDER BY c
	Unique  (cost=44.25..44.30 rows=10 width=121)
	  ->  Sort  (cost=44.25..44.27 rows=10 width=121)
	        Sort Key: c
	        ->  Index Scan using sbtest7_pkey on sbtest7  (cost=0.43..44.08 rows=10 width=121)
	              Index Cond: ((id >= 6005903) AND (id <= 6005912))

table 8 : explain SELECT DISTINCT c FROM sbtest8 WHERE id BETWEEN 3624403 AND 3624412 ORDER BY c
	Unique  (cost=48.08..48.13 rows=11 width=121)
	  ->  Sort  (cost=48.08..48.10 rows=11 width=121)
	        Sort Key: c
	        ->  Index Scan using sbtest8_pkey on sbtest8  (cost=0.43..47.89 rows=11 width=121)
	              Index Cond: ((id >= 3624403) AND (id <= 3624412))

for: distinct_ranges
table 1 : explain SELECT DISTINCT c FROM sbtest1 WHERE id BETWEEN 515789 AND 515798 ORDER BY c
	Unique  (cost=40.26..40.30 rows=9 width=121)
	  ->  Sort  (cost=40.26..40.28 rows=9 width=121)
	        Sort Key: c
	        ->  Index Scan using sbtest1_pkey on sbtest1  (cost=0.43..40.11 rows=9 width=121)
	              Index Cond: ((id >= 515789) AND (id <= 515798))

table 2 : explain SELECT DISTINCT c FROM sbtest2 WHERE id BETWEEN 3707166 AND 3707175 ORDER BY c
	Unique  (cost=44.22..44.27 rows=10 width=121)
	  ->  Sort  (cost=44.22..44.25 rows=10 width=121)
	        Sort Key: c
	        ->  Index Scan using sbtest2_pkey on sbtest2  (cost=0.43..44.05 rows=10 width=121)
	              Index Cond: ((id >= 3707166) AND (id <= 3707175))

table 3 : explain SELECT DISTINCT c FROM sbtest3 WHERE id BETWEEN 8590281 AND 8590290 ORDER BY c
	Unique  (cost=44.24..44.29 rows=10 width=121)
	  ->  Sort  (cost=44.24..44.26 rows=10 width=121)
	        Sort Key: c
	        ->  Index Scan using sbtest3_pkey on sbtest3  (cost=0.43..44.07 rows=10 width=121)
	              Index Cond: ((id >= 8590281) AND (id <= 8590290))

table 4 : explain SELECT DISTINCT c FROM sbtest4 WHERE id BETWEEN 1023582 AND 1023591 ORDER BY c
	Unique  (cost=44.20..44.25 rows=10 width=121)
	  ->  Sort  (cost=44.20..44.22 rows=10 width=121)
	        Sort Key: c
	        ->  Index Scan using sbtest4_pkey on sbtest4  (cost=0.43..44.03 rows=10 width=121)
	              Index Cond: ((id >= 1023582) AND (id <= 1023591))

table 5 : explain SELECT DISTINCT c FROM sbtest5 WHERE id BETWEEN 8048387 AND 8048396 ORDER BY c
	Unique  (cost=44.07..44.12 rows=10 width=121)
	  ->  Sort  (cost=44.07..44.09 rows=10 width=121)
	        Sort Key: c
	        ->  Index Scan using sbtest5_pkey on sbtest5  (cost=0.43..43.90 rows=10 width=121)
	              Index Cond: ((id >= 8048387) AND (id <= 8048396))

table 6 : explain SELECT DISTINCT c FROM sbtest6 WHERE id BETWEEN 9300717 AND 9300726 ORDER BY c
	Unique  (cost=44.17..44.22 rows=10 width=121)
	  ->  Sort  (cost=44.17..44.19 rows=10 width=121)
	        Sort Key: c
	        ->  Index Scan using sbtest6_pkey on sbtest6  (cost=0.43..44.00 rows=10 width=121)
	              Index Cond: ((id >= 9300717) AND (id <= 9300726))

table 7 : explain SELECT DISTINCT c FROM sbtest7 WHERE id BETWEEN 8323172 AND 8323181 ORDER BY c
	Unique  (cost=44.25..44.30 rows=10 width=121)
	  ->  Sort  (cost=44.25..44.27 rows=10 width=121)
	        Sort Key: c
	        ->  Index Scan using sbtest7_pkey on sbtest7  (cost=0.43..44.08 rows=10 width=121)
	              Index Cond: ((id >= 8323172) AND (id <= 8323181))

table 8 : explain SELECT DISTINCT c FROM sbtest8 WHERE id BETWEEN 4043392 AND 4043401 ORDER BY c
	Unique  (cost=44.11..44.16 rows=10 width=121)
	  ->  Sort  (cost=44.11..44.13 rows=10 width=121)
	        Sort Key: c
	        ->  Index Scan using sbtest8_pkey on sbtest8  (cost=0.43..43.94 rows=10 width=121)
	              Index Cond: ((id >= 4043392) AND (id <= 4043401))

for: distinct_ranges
table 1 : explain SELECT DISTINCT c FROM sbtest1 WHERE id BETWEEN 6598606 AND 6598615 ORDER BY c
	Unique  (cost=44.24..44.29 rows=10 width=121)
	  ->  Sort  (cost=44.24..44.26 rows=10 width=121)
	        Sort Key: c
	        ->  Index Scan using sbtest1_pkey on sbtest1  (cost=0.43..44.07 rows=10 width=121)
	              Index Cond: ((id >= 6598606) AND (id <= 6598615))

table 2 : explain SELECT DISTINCT c FROM sbtest2 WHERE id BETWEEN 5536688 AND 5536697 ORDER BY c
	Unique  (cost=40.24..40.29 rows=9 width=121)
	  ->  Sort  (cost=40.24..40.26 rows=9 width=121)
	        Sort Key: c
	        ->  Index Scan using sbtest2_pkey on sbtest2  (cost=0.43..40.10 rows=9 width=121)
	              Index Cond: ((id >= 5536688) AND (id <= 5536697))

table 3 : explain SELECT DISTINCT c FROM sbtest3 WHERE id BETWEEN 3077515 AND 3077524 ORDER BY c
	Unique  (cost=48.22..48.27 rows=11 width=121)
	  ->  Sort  (cost=48.22..48.25 rows=11 width=121)
	        Sort Key: c
	        ->  Index Scan using sbtest3_pkey on sbtest3  (cost=0.43..48.03 rows=11 width=121)
	              Index Cond: ((id >= 3077515) AND (id <= 3077524))

table 4 : explain SELECT DISTINCT c FROM sbtest4 WHERE id BETWEEN 3250646 AND 3250655 ORDER BY c
	Unique  (cost=44.20..44.25 rows=10 width=121)
	  ->  Sort  (cost=44.20..44.22 rows=10 width=121)
	        Sort Key: c
	        ->  Index Scan using sbtest4_pkey on sbtest4  (cost=0.43..44.03 rows=10 width=121)
	              Index Cond: ((id >= 3250646) AND (id <= 3250655))

table 5 : explain SELECT DISTINCT c FROM sbtest5 WHERE id BETWEEN 6517023 AND 6517032 ORDER BY c
	Unique  (cost=44.07..44.12 rows=10 width=121)
	  ->  Sort  (cost=44.07..44.09 rows=10 width=121)
	        Sort Key: c
	        ->  Index Scan using sbtest5_pkey on sbtest5  (cost=0.43..43.90 rows=10 width=121)
	              Index Cond: ((id >= 6517023) AND (id <= 6517032))

table 6 : explain SELECT DISTINCT c FROM sbtest6 WHERE id BETWEEN 4148355 AND 4148364 ORDER BY c
	Unique  (cost=44.17..44.22 rows=10 width=121)
	  ->  Sort  (cost=44.17..44.19 rows=10 width=121)
	        Sort Key: c
	        ->  Index Scan using sbtest6_pkey on sbtest6  (cost=0.43..44.00 rows=10 width=121)
	              Index Cond: ((id >= 4148355) AND (id <= 4148364))

table 7 : explain SELECT DISTINCT c FROM sbtest7 WHERE id BETWEEN 8405663 AND 8405672 ORDER BY c
	Unique  (cost=44.25..44.30 rows=10 width=121)
	  ->  Sort  (cost=44.25..44.27 rows=10 width=121)
	        Sort Key: c
	        ->  Index Scan using sbtest7_pkey on sbtest7  (cost=0.43..44.08 rows=10 width=121)
	              Index Cond: ((id >= 8405663) AND (id <= 8405672))

table 8 : explain SELECT DISTINCT c FROM sbtest8 WHERE id BETWEEN 2245499 AND 2245508 ORDER BY c
	Unique  (cost=44.11..44.16 rows=10 width=121)
	  ->  Sort  (cost=44.11..44.13 rows=10 width=121)
	        Sort Key: c
	        ->  Index Scan using sbtest8_pkey on sbtest8  (cost=0.43..43.94 rows=10 width=121)
	              Index Cond: ((id >= 2245499) AND (id <= 2245508))

for: distinct_ranges
table 1 : explain SELECT DISTINCT c FROM sbtest1 WHERE id BETWEEN 4064071 AND 4064080 ORDER BY c
	Unique  (cost=48.22..48.27 rows=11 width=121)
	  ->  Sort  (cost=48.22..48.25 rows=11 width=121)
	        Sort Key: c
	        ->  Index Scan using sbtest1_pkey on sbtest1  (cost=0.43..48.03 rows=11 width=121)
	              Index Cond: ((id >= 4064071) AND (id <= 4064080))

table 2 : explain SELECT DISTINCT c FROM sbtest2 WHERE id BETWEEN 5976277 AND 5976286 ORDER BY c
	Unique  (cost=44.22..44.27 rows=10 width=121)
	  ->  Sort  (cost=44.22..44.25 rows=10 width=121)
	        Sort Key: c
	        ->  Index Scan using sbtest2_pkey on sbtest2  (cost=0.43..44.05 rows=10 width=121)
	              Index Cond: ((id >= 5976277) AND (id <= 5976286))

table 3 : explain SELECT DISTINCT c FROM sbtest3 WHERE id BETWEEN 613123 AND 613132 ORDER BY c
	Unique  (cost=44.24..44.29 rows=10 width=121)
	  ->  Sort  (cost=44.24..44.26 rows=10 width=121)
	        Sort Key: c
	        ->  Index Scan using sbtest3_pkey on sbtest3  (cost=0.43..44.07 rows=10 width=121)
	              Index Cond: ((id >= 613123) AND (id <= 613132))

table 4 : explain SELECT DISTINCT c FROM sbtest4 WHERE id BETWEEN 9656873 AND 9656882 ORDER BY c
	Unique  (cost=40.22..40.27 rows=9 width=121)
	  ->  Sort  (cost=40.22..40.24 rows=9 width=121)
	        Sort Key: c
	        ->  Index Scan using sbtest4_pkey on sbtest4  (cost=0.43..40.08 rows=9 width=121)
	              Index Cond: ((id >= 9656873) AND (id <= 9656882))

table 5 : explain SELECT DISTINCT c FROM sbtest5 WHERE id BETWEEN 2590851 AND 2590860 ORDER BY c
	Unique  (cost=48.03..48.08 rows=11 width=121)
	  ->  Sort  (cost=48.03..48.06 rows=11 width=121)
	        Sort Key: c
	        ->  Index Scan using sbtest5_pkey on sbtest5  (cost=0.43..47.84 rows=11 width=121)
	              Index Cond: ((id >= 2590851) AND (id <= 2590860))

table 6 : explain SELECT DISTINCT c FROM sbtest6 WHERE id BETWEEN 9999301 AND 9999310 ORDER BY c
	Unique  (cost=44.17..44.22 rows=10 width=121)
	  ->  Sort  (cost=44.17..44.19 rows=10 width=121)
	        Sort Key: c
	        ->  Index Scan using sbtest6_pkey on sbtest6  (cost=0.43..44.00 rows=10 width=121)
	              Index Cond: ((id >= 9999301) AND (id <= 9999310))

table 7 : explain SELECT DISTINCT c FROM sbtest7 WHERE id BETWEEN 2544369 AND 2544378 ORDER BY c
	Unique  (cost=40.26..40.31 rows=9 width=121)
	  ->  Sort  (cost=40.26..40.29 rows=9 width=121)
	        Sort Key: c
	        ->  Index Scan using sbtest7_pkey on sbtest7  (cost=0.43..40.12 rows=9 width=121)
	              Index Cond: ((id >= 2544369) AND (id <= 2544378))

table 8 : explain SELECT DISTINCT c FROM sbtest8 WHERE id BETWEEN 3076626 AND 3076635 ORDER BY c
	Unique  (cost=48.08..48.13 rows=11 width=121)
	  ->  Sort  (cost=48.08..48.10 rows=11 width=121)
	        Sort Key: c
	        ->  Index Scan using sbtest8_pkey on sbtest8  (cost=0.43..47.89 rows=11 width=121)
	              Index Cond: ((id >= 3076626) AND (id <= 3076635))

for: order_ranges
table 1 : explain SELECT c FROM sbtest1 WHERE id BETWEEN 8020290 AND 8020299 ORDER BY c
	Sort  (cost=48.22..48.25 rows=11 width=121)
	  Sort Key: c
	  ->  Index Scan using sbtest1_pkey on sbtest1  (cost=0.43..48.03 rows=11 width=121)
	        Index Cond: ((id >= 8020290) AND (id <= 8020299))

table 2 : explain SELECT c FROM sbtest2 WHERE id BETWEEN 4342520 AND 4342529 ORDER BY c
	Sort  (cost=44.22..44.25 rows=10 width=121)
	  Sort Key: c
	  ->  Index Scan using sbtest2_pkey on sbtest2  (cost=0.43..44.05 rows=10 width=121)
	        Index Cond: ((id >= 4342520) AND (id <= 4342529))

table 3 : explain SELECT c FROM sbtest3 WHERE id BETWEEN 9245775 AND 9245784 ORDER BY c
	Sort  (cost=44.24..44.26 rows=10 width=121)
	  Sort Key: c
	  ->  Index Scan using sbtest3_pkey on sbtest3  (cost=0.43..44.07 rows=10 width=121)
	        Index Cond: ((id >= 9245775) AND (id <= 9245784))

table 4 : explain SELECT c FROM sbtest4 WHERE id BETWEEN 8946385 AND 8946394 ORDER BY c
	Sort  (cost=48.17..48.20 rows=11 width=121)
	  Sort Key: c
	  ->  Index Scan using sbtest4_pkey on sbtest4  (cost=0.43..47.98 rows=11 width=121)
	        Index Cond: ((id >= 8946385) AND (id <= 8946394))

table 5 : explain SELECT c FROM sbtest5 WHERE id BETWEEN 1070254 AND 1070263 ORDER BY c
	Sort  (cost=48.03..48.06 rows=11 width=121)
	  Sort Key: c
	  ->  Index Scan using sbtest5_pkey on sbtest5  (cost=0.43..47.84 rows=11 width=121)
	        Index Cond: ((id >= 1070254) AND (id <= 1070263))

table 6 : explain SELECT c FROM sbtest6 WHERE id BETWEEN 9918156 AND 9918165 ORDER BY c
	Sort  (cost=44.17..44.19 rows=10 width=121)
	  Sort Key: c
	  ->  Index Scan using sbtest6_pkey on sbtest6  (cost=0.43..44.00 rows=10 width=121)
	        Index Cond: ((id >= 9918156) AND (id <= 9918165))

table 7 : explain SELECT c FROM sbtest7 WHERE id BETWEEN 9184076 AND 9184085 ORDER BY c
	Sort  (cost=44.25..44.27 rows=10 width=121)
	  Sort Key: c
	  ->  Index Scan using sbtest7_pkey on sbtest7  (cost=0.43..44.08 rows=10 width=121)
	        Index Cond: ((id >= 9184076) AND (id <= 9184085))

table 8 : explain SELECT c FROM sbtest8 WHERE id BETWEEN 5591769 AND 5591778 ORDER BY c
	Sort  (cost=44.11..44.13 rows=10 width=121)
	  Sort Key: c
	  ->  Index Scan using sbtest8_pkey on sbtest8  (cost=0.43..43.94 rows=10 width=121)
	        Index Cond: ((id >= 5591769) AND (id <= 5591778))

for: order_ranges
table 1 : explain SELECT c FROM sbtest1 WHERE id BETWEEN 834697 AND 834706 ORDER BY c
	Sort  (cost=40.26..40.28 rows=9 width=121)
	  Sort Key: c
	  ->  Index Scan using sbtest1_pkey on sbtest1  (cost=0.43..40.11 rows=9 width=121)
	        Index Cond: ((id >= 834697) AND (id <= 834706))

table 2 : explain SELECT c FROM sbtest2 WHERE id BETWEEN 3037747 AND 3037756 ORDER BY c
	Sort  (cost=48.20..48.23 rows=11 width=121)
	  Sort Key: c
	  ->  Index Scan using sbtest2_pkey on sbtest2  (cost=0.43..48.01 rows=11 width=121)
	        Index Cond: ((id >= 3037747) AND (id <= 3037756))

table 3 : explain SELECT c FROM sbtest3 WHERE id BETWEEN 4993256 AND 4993265 ORDER BY c
	Sort  (cost=44.24..44.26 rows=10 width=121)
	  Sort Key: c
	  ->  Index Scan using sbtest3_pkey on sbtest3  (cost=0.43..44.07 rows=10 width=121)
	        Index Cond: ((id >= 4993256) AND (id <= 4993265))

table 4 : explain SELECT c FROM sbtest4 WHERE id BETWEEN 8729816 AND 8729825 ORDER BY c
	Sort  (cost=44.20..44.22 rows=10 width=121)
	  Sort Key: c
	  ->  Index Scan using sbtest4_pkey on sbtest4  (cost=0.43..44.03 rows=10 width=121)
	        Index Cond: ((id >= 8729816) AND (id <= 8729825))

table 5 : explain SELECT c FROM sbtest5 WHERE id BETWEEN 309629 AND 309638 ORDER BY c
	Sort  (cost=44.07..44.09 rows=10 width=121)
	  Sort Key: c
	  ->  Index Scan using sbtest5_pkey on sbtest5  (cost=0.43..43.90 rows=10 width=121)
	        Index Cond: ((id >= 309629) AND (id <= 309638))

table 6 : explain SELECT c FROM sbtest6 WHERE id BETWEEN 2311959 AND 2311968 ORDER BY c
	Sort  (cost=40.20..40.22 rows=9 width=121)
	  Sort Key: c
	  ->  Index Scan using sbtest6_pkey on sbtest6  (cost=0.43..40.05 rows=9 width=121)
	        Index Cond: ((id >= 2311959) AND (id <= 2311968))

table 7 : explain SELECT c FROM sbtest7 WHERE id BETWEEN 8551664 AND 8551673 ORDER BY c
	Sort  (cost=48.23..48.26 rows=11 width=121)
	  Sort Key: c
	  ->  Index Scan using sbtest7_pkey on sbtest7  (cost=0.43..48.04 rows=11 width=121)
	        Index Cond: ((id >= 8551664) AND (id <= 8551673))

table 8 : explain SELECT c FROM sbtest8 WHERE id BETWEEN 2332906 AND 2332915 ORDER BY c
	Sort  (cost=44.11..44.13 rows=10 width=121)
	  Sort Key: c
	  ->  Index Scan using sbtest8_pkey on sbtest8  (cost=0.43..43.94 rows=10 width=121)
	        Index Cond: ((id >= 2332906) AND (id <= 2332915))

for: distinct_ranges
table 1 : explain SELECT DISTINCT c FROM sbtest1 WHERE id BETWEEN 6806025 AND 6806034 ORDER BY c
	Unique  (cost=40.26..40.30 rows=9 width=121)
	  ->  Sort  (cost=40.26..40.28 rows=9 width=121)
	        Sort Key: c
	        ->  Index Scan using sbtest1_pkey on sbtest1  (cost=0.43..40.11 rows=9 width=121)
	              Index Cond: ((id >= 6806025) AND (id <= 6806034))

table 2 : explain SELECT DISTINCT c FROM sbtest2 WHERE id BETWEEN 194175 AND 194184 ORDER BY c
	Unique  (cost=44.22..44.27 rows=10 width=121)
	  ->  Sort  (cost=44.22..44.25 rows=10 width=121)
	        Sort Key: c
	        ->  Index Scan using sbtest2_pkey on sbtest2  (cost=0.43..44.05 rows=10 width=121)
	              Index Cond: ((id >= 194175) AND (id <= 194184))

table 3 : explain SELECT DISTINCT c FROM sbtest3 WHERE id BETWEEN 1145702 AND 1145711 ORDER BY c
	Unique  (cost=44.24..44.29 rows=10 width=121)
	  ->  Sort  (cost=44.24..44.26 rows=10 width=121)
	        Sort Key: c
	        ->  Index Scan using sbtest3_pkey on sbtest3  (cost=0.43..44.07 rows=10 width=121)
	              Index Cond: ((id >= 1145702) AND (id <= 1145711))

table 4 : explain SELECT DISTINCT c FROM sbtest4 WHERE id BETWEEN 5995900 AND 5995909 ORDER BY c
	Unique  (cost=44.20..44.25 rows=10 width=121)
	  ->  Sort  (cost=44.20..44.22 rows=10 width=121)
	        Sort Key: c
	        ->  Index Scan using sbtest4_pkey on sbtest4  (cost=0.43..44.03 rows=10 width=121)
	              Index Cond: ((id >= 5995900) AND (id <= 5995909))

table 5 : explain SELECT DISTINCT c FROM sbtest5 WHERE id BETWEEN 494677 AND 494686 ORDER BY c
	Unique  (cost=40.10..40.15 rows=9 width=121)
	  ->  Sort  (cost=40.10..40.13 rows=9 width=121)
	        Sort Key: c
	        ->  Index Scan using sbtest5_pkey on sbtest5  (cost=0.43..39.96 rows=9 width=121)
	              Index Cond: ((id >= 494677) AND (id <= 494686))

table 6 : explain SELECT DISTINCT c FROM sbtest6 WHERE id BETWEEN 6927691 AND 6927700 ORDER BY c
	Unique  (cost=44.17..44.22 rows=10 width=121)
	  ->  Sort  (cost=44.17..44.19 rows=10 width=121)
	        Sort Key: c
	        ->  Index Scan using sbtest6_pkey on sbtest6  (cost=0.43..44.00 rows=10 width=121)
	              Index Cond: ((id >= 6927691) AND (id <= 6927700))

table 7 : explain SELECT DISTINCT c FROM sbtest7 WHERE id BETWEEN 5084393 AND 5084402 ORDER BY c
	Unique  (cost=44.25..44.30 rows=10 width=121)
	  ->  Sort  (cost=44.25..44.27 rows=10 width=121)
	        Sort Key: c
	        ->  Index Scan using sbtest7_pkey on sbtest7  (cost=0.43..44.08 rows=10 width=121)
	              Index Cond: ((id >= 5084393) AND (id <= 5084402))

table 8 : explain SELECT DISTINCT c FROM sbtest8 WHERE id BETWEEN 4346533 AND 4346542 ORDER BY c
	Unique  (cost=44.11..44.16 rows=10 width=121)
	  ->  Sort  (cost=44.11..44.13 rows=10 width=121)
	        Sort Key: c
	        ->  Index Scan using sbtest8_pkey on sbtest8  (cost=0.43..43.94 rows=10 width=121)
	              Index Cond: ((id >= 4346533) AND (id <= 4346542))

for: distinct_ranges
table 1 : explain SELECT DISTINCT c FROM sbtest1 WHERE id BETWEEN 6916096 AND 6916105 ORDER BY c
	Unique  (cost=44.24..44.29 rows=10 width=121)
	  ->  Sort  (cost=44.24..44.26 rows=10 width=121)
	        Sort Key: c
	        ->  Index Scan using sbtest1_pkey on sbtest1  (cost=0.43..44.07 rows=10 width=121)
	              Index Cond: ((id >= 6916096) AND (id <= 6916105))

table 2 : explain SELECT DISTINCT c FROM sbtest2 WHERE id BETWEEN 4545793 AND 4545802 ORDER BY c
	Unique  (cost=44.22..44.27 rows=10 width=121)
	  ->  Sort  (cost=44.22..44.25 rows=10 width=121)
	        Sort Key: c
	        ->  Index Scan using sbtest2_pkey on sbtest2  (cost=0.43..44.05 rows=10 width=121)
	              Index Cond: ((id >= 4545793) AND (id <= 4545802))

table 3 : explain SELECT DISTINCT c FROM sbtest3 WHERE id BETWEEN 1220636 AND 1220645 ORDER BY c
	Unique  (cost=44.24..44.29 rows=10 width=121)
	  ->  Sort  (cost=44.24..44.26 rows=10 width=121)
	        Sort Key: c
	        ->  Index Scan using sbtest3_pkey on sbtest3  (cost=0.43..44.07 rows=10 width=121)
	              Index Cond: ((id >= 1220636) AND (id <= 1220645))

table 4 : explain SELECT DISTINCT c FROM sbtest4 WHERE id BETWEEN 411299 AND 411308 ORDER BY c
	Unique  (cost=48.17..48.23 rows=11 width=121)
	  ->  Sort  (cost=48.17..48.20 rows=11 width=121)
	        Sort Key: c
	        ->  Index Scan using sbtest4_pkey on sbtest4  (cost=0.43..47.98 rows=11 width=121)
	              Index Cond: ((id >= 411299) AND (id <= 411308))

table 5 : explain SELECT DISTINCT c FROM sbtest5 WHERE id BETWEEN 9880927 AND 9880936 ORDER BY c
	Unique  (cost=40.10..40.15 rows=9 width=121)
	  ->  Sort  (cost=40.10..40.13 rows=9 width=121)
	        Sort Key: c
	        ->  Index Scan using sbtest5_pkey on sbtest5  (cost=0.43..39.96 rows=9 width=121)
	              Index Cond: ((id >= 9880927) AND (id <= 9880936))

table 6 : explain SELECT DISTINCT c FROM sbtest6 WHERE id BETWEEN 6510188 AND 6510197 ORDER BY c
	Unique  (cost=44.17..44.22 rows=10 width=121)
	  ->  Sort  (cost=44.17..44.19 rows=10 width=121)
	        Sort Key: c
	        ->  Index Scan using sbtest6_pkey on sbtest6  (cost=0.43..44.00 rows=10 width=121)
	              Index Cond: ((id >= 6510188) AND (id <= 6510197))

table 7 : explain SELECT DISTINCT c FROM sbtest7 WHERE id BETWEEN 575898 AND 575907 ORDER BY c
	Unique  (cost=44.25..44.30 rows=10 width=121)
	  ->  Sort  (cost=44.25..44.27 rows=10 width=121)
	        Sort Key: c
	        ->  Index Scan using sbtest7_pkey on sbtest7  (cost=0.43..44.08 rows=10 width=121)
	              Index Cond: ((id >= 575898) AND (id <= 575907))

table 8 : explain SELECT DISTINCT c FROM sbtest8 WHERE id BETWEEN 4888628 AND 4888637 ORDER BY c
	Unique  (cost=40.14..40.19 rows=9 width=121)
	  ->  Sort  (cost=40.14..40.17 rows=9 width=121)
	        Sort Key: c
	        ->  Index Scan using sbtest8_pkey on sbtest8  (cost=0.43..40.00 rows=9 width=121)
	              Index Cond: ((id >= 4888628) AND (id <= 4888637))

for: distinct_ranges
table 1 : explain SELECT DISTINCT c FROM sbtest1 WHERE id BETWEEN 7609615 AND 7609624 ORDER BY c
	Unique  (cost=44.24..44.29 rows=10 width=121)
	  ->  Sort  (cost=44.24..44.26 rows=10 width=121)
	        Sort Key: c
	        ->  Index Scan using sbtest1_pkey on sbtest1  (cost=0.43..44.07 rows=10 width=121)
	              Index Cond: ((id >= 7609615) AND (id <= 7609624))

table 2 : explain SELECT DISTINCT c FROM sbtest2 WHERE id BETWEEN 4510904 AND 4510913 ORDER BY c
	Unique  (cost=44.22..44.27 rows=10 width=121)
	  ->  Sort  (cost=44.22..44.25 rows=10 width=121)
	        Sort Key: c
	        ->  Index Scan using sbtest2_pkey on sbtest2  (cost=0.43..44.05 rows=10 width=121)
	              Index Cond: ((id >= 4510904) AND (id <= 4510913))

table 3 : explain SELECT DISTINCT c FROM sbtest3 WHERE id BETWEEN 4593077 AND 4593086 ORDER BY c
	Unique  (cost=44.24..44.29 rows=10 width=121)
	  ->  Sort  (cost=44.24..44.26 rows=10 width=121)
	        Sort Key: c
	        ->  Index Scan using sbtest3_pkey on sbtest3  (cost=0.43..44.07 rows=10 width=121)
	              Index Cond: ((id >= 4593077) AND (id <= 4593086))

table 4 : explain SELECT DISTINCT c FROM sbtest4 WHERE id BETWEEN 5707740 AND 5707749 ORDER BY c
	Unique  (cost=44.20..44.25 rows=10 width=121)
	  ->  Sort  (cost=44.20..44.22 rows=10 width=121)
	        Sort Key: c
	        ->  Index Scan using sbtest4_pkey on sbtest4  (cost=0.43..44.03 rows=10 width=121)
	              Index Cond: ((id >= 5707740) AND (id <= 5707749))

table 5 : explain SELECT DISTINCT c FROM sbtest5 WHERE id BETWEEN 4410792 AND 4410801 ORDER BY c
	Unique  (cost=44.07..44.12 rows=10 width=121)
	  ->  Sort  (cost=44.07..44.09 rows=10 width=121)
	        Sort Key: c
	        ->  Index Scan using sbtest5_pkey on sbtest5  (cost=0.43..43.90 rows=10 width=121)
	              Index Cond: ((id >= 4410792) AND (id <= 4410801))

table 6 : explain SELECT DISTINCT c FROM sbtest6 WHERE id BETWEEN 1605232 AND 1605241 ORDER BY c
	Unique  (cost=44.17..44.22 rows=10 width=121)
	  ->  Sort  (cost=44.17..44.19 rows=10 width=121)
	        Sort Key: c
	        ->  Index Scan using sbtest6_pkey on sbtest6  (cost=0.43..44.00 rows=10 width=121)
	              Index Cond: ((id >= 1605232) AND (id <= 1605241))

table 7 : explain SELECT DISTINCT c FROM sbtest7 WHERE id BETWEEN 4101461 AND 4101470 ORDER BY c
	Unique  (cost=44.25..44.30 rows=10 width=121)
	  ->  Sort  (cost=44.25..44.27 rows=10 width=121)
	        Sort Key: c
	        ->  Index Scan using sbtest7_pkey on sbtest7  (cost=0.43..44.08 rows=10 width=121)
	              Index Cond: ((id >= 4101461) AND (id <= 4101470))

table 8 : explain SELECT DISTINCT c FROM sbtest8 WHERE id BETWEEN 9098066 AND 9098075 ORDER BY c
	Unique  (cost=44.11..44.16 rows=10 width=121)
	  ->  Sort  (cost=44.11..44.13 rows=10 width=121)
	        Sort Key: c
	        ->  Index Scan using sbtest8_pkey on sbtest8  (cost=0.43..43.94 rows=10 width=121)
	              Index Cond: ((id >= 9098066) AND (id <= 9098075))

for: order_ranges
table 1 : explain SELECT c FROM sbtest1 WHERE id BETWEEN 2879274 AND 2879283 ORDER BY c
	Sort  (cost=48.22..48.25 rows=11 width=121)
	  Sort Key: c
	  ->  Index Scan using sbtest1_pkey on sbtest1  (cost=0.43..48.03 rows=11 width=121)
	        Index Cond: ((id >= 2879274) AND (id <= 2879283))

table 2 : explain SELECT c FROM sbtest2 WHERE id BETWEEN 9458825 AND 9458834 ORDER BY c
	Sort  (cost=44.22..44.25 rows=10 width=121)
	  Sort Key: c
	  ->  Index Scan using sbtest2_pkey on sbtest2  (cost=0.43..44.05 rows=10 width=121)
	        Index Cond: ((id >= 9458825) AND (id <= 9458834))

table 3 : explain SELECT c FROM sbtest3 WHERE id BETWEEN 2188003 AND 2188012 ORDER BY c
	Sort  (cost=44.24..44.26 rows=10 width=121)
	  Sort Key: c
	  ->  Index Scan using sbtest3_pkey on sbtest3  (cost=0.43..44.07 rows=10 width=121)
	        Index Cond: ((id >= 2188003) AND (id <= 2188012))

table 4 : explain SELECT c FROM sbtest4 WHERE id BETWEEN 4308470 AND 4308479 ORDER BY c
	Sort  (cost=44.20..44.22 rows=10 width=121)
	  Sort Key: c
	  ->  Index Scan using sbtest4_pkey on sbtest4  (cost=0.43..44.03 rows=10 width=121)
	        Index Cond: ((id >= 4308470) AND (id <= 4308479))

table 5 : explain SELECT c FROM sbtest5 WHERE id BETWEEN 7134924 AND 7134933 ORDER BY c
	Sort  (cost=48.03..48.06 rows=11 width=121)
	  Sort Key: c
	  ->  Index Scan using sbtest5_pkey on sbtest5  (cost=0.43..47.84 rows=11 width=121)
	        Index Cond: ((id >= 7134924) AND (id <= 7134933))

table 6 : explain SELECT c FROM sbtest6 WHERE id BETWEEN 4789795 AND 4789804 ORDER BY c
	Sort  (cost=40.20..40.22 rows=9 width=121)
	  Sort Key: c
	  ->  Index Scan using sbtest6_pkey on sbtest6  (cost=0.43..40.05 rows=9 width=121)
	        Index Cond: ((id >= 4789795) AND (id <= 4789804))

table 7 : explain SELECT c FROM sbtest7 WHERE id BETWEEN 5413026 AND 5413035 ORDER BY c
	Sort  (cost=44.25..44.27 rows=10 width=121)
	  Sort Key: c
	  ->  Index Scan using sbtest7_pkey on sbtest7  (cost=0.43..44.08 rows=10 width=121)
	        Index Cond: ((id >= 5413026) AND (id <= 5413035))

table 8 : explain SELECT c FROM sbtest8 WHERE id BETWEEN 4093043 AND 4093052 ORDER BY c
	Sort  (cost=44.11..44.13 rows=10 width=121)
	  Sort Key: c
	  ->  Index Scan using sbtest8_pkey on sbtest8  (cost=0.43..43.94 rows=10 width=121)
	        Index Cond: ((id >= 4093043) AND (id <= 4093052))
for: distinct_ranges
table 1 : explain SELECT DISTINCT c FROM sbtest1 WHERE id BETWEEN 1330252 AND 1330261 ORDER BY c
	Unique  (cost=44.24..44.29 rows=10 width=121)
	  ->  Sort  (cost=44.24..44.26 rows=10 width=121)
	        Sort Key: c
	        ->  Index Scan using sbtest1_pkey on sbtest1  (cost=0.43..44.07 rows=10 width=121)
	              Index Cond: ((id >= 1330252) AND (id <= 1330261))

table 2 : explain SELECT DISTINCT c FROM sbtest2 WHERE id BETWEEN 3034921 AND 3034930 ORDER BY c
	Unique  (cost=48.20..48.26 rows=11 width=121)
	  ->  Sort  (cost=48.20..48.23 rows=11 width=121)
	        Sort Key: c
	        ->  Index Scan using sbtest2_pkey on sbtest2  (cost=0.43..48.01 rows=11 width=121)
	              Index Cond: ((id >= 3034921) AND (id <= 3034930))

table 3 : explain SELECT DISTINCT c FROM sbtest3 WHERE id BETWEEN 4275709 AND 4275718 ORDER BY c
	Unique  (cost=44.24..44.29 rows=10 width=121)
	  ->  Sort  (cost=44.24..44.26 rows=10 width=121)
	        Sort Key: c
	        ->  Index Scan using sbtest3_pkey on sbtest3  (cost=0.43..44.07 rows=10 width=121)
	              Index Cond: ((id >= 4275709) AND (id <= 4275718))

table 4 : explain SELECT DISTINCT c FROM sbtest4 WHERE id BETWEEN 7254926 AND 7254935 ORDER BY c
	Unique  (cost=44.20..44.25 rows=10 width=121)
	  ->  Sort  (cost=44.20..44.22 rows=10 width=121)
	        Sort Key: c
	        ->  Index Scan using sbtest4_pkey on sbtest4  (cost=0.43..44.03 rows=10 width=121)
	              Index Cond: ((id >= 7254926) AND (id <= 7254935))

table 5 : explain SELECT DISTINCT c FROM sbtest5 WHERE id BETWEEN 7815344 AND 7815353 ORDER BY c
	Unique  (cost=48.03..48.08 rows=11 width=121)
	  ->  Sort  (cost=48.03..48.06 rows=11 width=121)
	        Sort Key: c
	        ->  Index Scan using sbtest5_pkey on sbtest5  (cost=0.43..47.84 rows=11 width=121)
	              Index Cond: ((id >= 7815344) AND (id <= 7815353))

table 6 : explain SELECT DISTINCT c FROM sbtest6 WHERE id BETWEEN 9953565 AND 9953574 ORDER BY c
	Unique  (cost=44.17..44.22 rows=10 width=121)
	  ->  Sort  (cost=44.17..44.19 rows=10 width=121)
	        Sort Key: c
	        ->  Index Scan using sbtest6_pkey on sbtest6  (cost=0.43..44.00 rows=10 width=121)
	              Index Cond: ((id >= 9953565) AND (id <= 9953574))

table 7 : explain SELECT DISTINCT c FROM sbtest7 WHERE id BETWEEN 5172594 AND 5172603 ORDER BY c
	Unique  (cost=44.25..44.30 rows=10 width=121)
	  ->  Sort  (cost=44.25..44.27 rows=10 width=121)
	        Sort Key: c
	        ->  Index Scan using sbtest7_pkey on sbtest7  (cost=0.43..44.08 rows=10 width=121)
	              Index Cond: ((id >= 5172594) AND (id <= 5172603))

table 8 : explain SELECT DISTINCT c FROM sbtest8 WHERE id BETWEEN 2203805 AND 2203814 ORDER BY c
	Unique  (cost=44.11..44.16 rows=10 width=121)
	  ->  Sort  (cost=44.11..44.13 rows=10 width=121)
	        Sort Key: c
	        ->  Index Scan using sbtest8_pkey on sbtest8  (cost=0.43..43.94 rows=10 width=121)
	              Index Cond: ((id >= 2203805) AND (id <= 2203814))


for: order_ranges
table 1 : explain SELECT c FROM sbtest1 WHERE id BETWEEN 4884301 AND 4884310 ORDER BY c
	Sort  (cost=48.22..48.25 rows=11 width=121)
	  Sort Key: c
	  ->  Index Scan using sbtest1_pkey on sbtest1  (cost=0.43..48.03 rows=11 width=121)
	        Index Cond: ((id >= 4884301) AND (id <= 4884310))

table 2 : explain SELECT c FROM sbtest2 WHERE id BETWEEN 7776092 AND 7776101 ORDER BY c
	Sort  (cost=44.22..44.25 rows=10 width=121)
	  Sort Key: c
	  ->  Index Scan using sbtest2_pkey on sbtest2  (cost=0.43..44.05 rows=10 width=121)
	        Index Cond: ((id >= 7776092) AND (id <= 7776101))

table 3 : explain SELECT c FROM sbtest3 WHERE id BETWEEN 6094628 AND 6094637 ORDER BY c
	Sort  (cost=44.24..44.26 rows=10 width=121)
	  Sort Key: c
	  ->  Index Scan using sbtest3_pkey on sbtest3  (cost=0.43..44.07 rows=10 width=121)
	        Index Cond: ((id >= 6094628) AND (id <= 6094637))

table 4 : explain SELECT c FROM sbtest4 WHERE id BETWEEN 2313423 AND 2313432 ORDER BY c
	Sort  (cost=44.20..44.22 rows=10 width=121)
	  Sort Key: c
	  ->  Index Scan using sbtest4_pkey on sbtest4  (cost=0.43..44.03 rows=10 width=121)
	        Index Cond: ((id >= 2313423) AND (id <= 2313432))

table 5 : explain SELECT c FROM sbtest5 WHERE id BETWEEN 7303172 AND 7303181 ORDER BY c
	Sort  (cost=48.03..48.06 rows=11 width=121)
	  Sort Key: c
	  ->  Index Scan using sbtest5_pkey on sbtest5  (cost=0.43..47.84 rows=11 width=121)
	        Index Cond: ((id >= 7303172) AND (id <= 7303181))

table 6 : explain SELECT c FROM sbtest6 WHERE id BETWEEN 7417083 AND 7417092 ORDER BY c
	Sort  (cost=44.17..44.19 rows=10 width=121)
	  Sort Key: c
	  ->  Index Scan using sbtest6_pkey on sbtest6  (cost=0.43..44.00 rows=10 width=121)
	        Index Cond: ((id >= 7417083) AND (id <= 7417092))

table 7 : explain SELECT c FROM sbtest7 WHERE id BETWEEN 6585774 AND 6585783 ORDER BY c
	Sort  (cost=44.25..44.27 rows=10 width=121)
	  Sort Key: c
	  ->  Index Scan using sbtest7_pkey on sbtest7  (cost=0.43..44.08 rows=10 width=121)
	        Index Cond: ((id >= 6585774) AND (id <= 6585783))

table 8 : explain SELECT c FROM sbtest8 WHERE id BETWEEN 6633955 AND 6633964 ORDER BY c
	Sort  (cost=44.11..44.13 rows=10 width=121)
	  Sort Key: c
	  ->  Index Scan using sbtest8_pkey on sbtest8  (cost=0.43..43.94 rows=10 width=121)
	        Index Cond: ((id >= 6633955) AND (id <= 6633964))

for: distinct_ranges
table 1 : explain SELECT DISTINCT c FROM sbtest1 WHERE id BETWEEN 7056 AND 7065 ORDER BY c
	Unique  (cost=44.24..44.29 rows=10 width=121)
	  ->  Sort  (cost=44.24..44.26 rows=10 width=121)
	        Sort Key: c
	        ->  Index Scan using sbtest1_pkey on sbtest1  (cost=0.43..44.07 rows=10 width=121)
	              Index Cond: ((id >= 7056) AND (id <= 7065))

table 2 : explain SELECT DISTINCT c FROM sbtest2 WHERE id BETWEEN 3084310 AND 3084319 ORDER BY c
	Unique  (cost=44.22..44.27 rows=10 width=121)
	  ->  Sort  (cost=44.22..44.25 rows=10 width=121)
	        Sort Key: c
	        ->  Index Scan using sbtest2_pkey on sbtest2  (cost=0.43..44.05 rows=10 width=121)
	              Index Cond: ((id >= 3084310) AND (id <= 3084319))

table 3 : explain SELECT DISTINCT c FROM sbtest3 WHERE id BETWEEN 9900101 AND 9900110 ORDER BY c
	Unique  (cost=40.26..40.30 rows=9 width=121)
	  ->  Sort  (cost=40.26..40.28 rows=9 width=121)
	        Sort Key: c
	        ->  Index Scan using sbtest3_pkey on sbtest3  (cost=0.43..40.11 rows=9 width=121)
	              Index Cond: ((id >= 9900101) AND (id <= 9900110))

table 4 : explain SELECT DISTINCT c FROM sbtest4 WHERE id BETWEEN 9946576 AND 9946585 ORDER BY c
	Unique  (cost=44.20..44.25 rows=10 width=121)
	  ->  Sort  (cost=44.20..44.22 rows=10 width=121)
	        Sort Key: c
	        ->  Index Scan using sbtest4_pkey on sbtest4  (cost=0.43..44.03 rows=10 width=121)
	              Index Cond: ((id >= 9946576) AND (id <= 9946585))

table 5 : explain SELECT DISTINCT c FROM sbtest5 WHERE id BETWEEN 2749646 AND 2749655 ORDER BY c
	Unique  (cost=40.10..40.15 rows=9 width=121)
	  ->  Sort  (cost=40.10..40.13 rows=9 width=121)
	        Sort Key: c
	        ->  Index Scan using sbtest5_pkey on sbtest5  (cost=0.43..39.96 rows=9 width=121)
	              Index Cond: ((id >= 2749646) AND (id <= 2749655))

table 6 : explain SELECT DISTINCT c FROM sbtest6 WHERE id BETWEEN 413089 AND 413098 ORDER BY c
	Unique  (cost=44.17..44.22 rows=10 width=121)
	  ->  Sort  (cost=44.17..44.19 rows=10 width=121)
	        Sort Key: c
	        ->  Index Scan using sbtest6_pkey on sbtest6  (cost=0.43..44.00 rows=10 width=121)
	              Index Cond: ((id >= 413089) AND (id <= 413098))

table 7 : explain SELECT DISTINCT c FROM sbtest7 WHERE id BETWEEN 684281 AND 684290 ORDER BY c
	Unique  (cost=40.26..40.31 rows=9 width=121)
	  ->  Sort  (cost=40.26..40.29 rows=9 width=121)
	        Sort Key: c
	        ->  Index Scan using sbtest7_pkey on sbtest7  (cost=0.43..40.12 rows=9 width=121)
	              Index Cond: ((id >= 684281) AND (id <= 684290))

table 8 : explain SELECT DISTINCT c FROM sbtest8 WHERE id BETWEEN 8797165 AND 8797174 ORDER BY c
	Unique  (cost=40.14..40.19 rows=9 width=121)
	  ->  Sort  (cost=40.14..40.17 rows=9 width=121)
	        Sort Key: c
	        ->  Index Scan using sbtest8_pkey on sbtest8  (cost=0.43..40.00 rows=9 width=121)
	              Index Cond: ((id >= 8797165) AND (id <= 8797174))

for: distinct_ranges
table 1 : explain SELECT DISTINCT c FROM sbtest1 WHERE id BETWEEN 5008511 AND 5008520 ORDER BY c
	Unique  (cost=48.22..48.27 rows=11 width=121)
	  ->  Sort  (cost=48.22..48.25 rows=11 width=121)
	        Sort Key: c
	        ->  Index Scan using sbtest1_pkey on sbtest1  (cost=0.43..48.03 rows=11 width=121)
	              Index Cond: ((id >= 5008511) AND (id <= 5008520))

table 2 : explain SELECT DISTINCT c FROM sbtest2 WHERE id BETWEEN 4340110 AND 4340119 ORDER BY c
	Unique  (cost=44.22..44.27 rows=10 width=121)
	  ->  Sort  (cost=44.22..44.25 rows=10 width=121)
	        Sort Key: c
	        ->  Index Scan using sbtest2_pkey on sbtest2  (cost=0.43..44.05 rows=10 width=121)
	              Index Cond: ((id >= 4340110) AND (id <= 4340119))

table 3 : explain SELECT DISTINCT c FROM sbtest3 WHERE id BETWEEN 7842942 AND 7842951 ORDER BY c
	Unique  (cost=44.24..44.29 rows=10 width=121)
	  ->  Sort  (cost=44.24..44.26 rows=10 width=121)
	        Sort Key: c
	        ->  Index Scan using sbtest3_pkey on sbtest3  (cost=0.43..44.07 rows=10 width=121)
	              Index Cond: ((id >= 7842942) AND (id <= 7842951))

table 4 : explain SELECT DISTINCT c FROM sbtest4 WHERE id BETWEEN 4477844 AND 4477853 ORDER BY c
	Unique  (cost=48.17..48.23 rows=11 width=121)
	  ->  Sort  (cost=48.17..48.20 rows=11 width=121)
	        Sort Key: c
	        ->  Index Scan using sbtest4_pkey on sbtest4  (cost=0.43..47.98 rows=11 width=121)
	              Index Cond: ((id >= 4477844) AND (id <= 4477853))

table 5 : explain SELECT DISTINCT c FROM sbtest5 WHERE id BETWEEN 953483 AND 953492 ORDER BY c
	Unique  (cost=48.03..48.08 rows=11 width=121)
	  ->  Sort  (cost=48.03..48.06 rows=11 width=121)
	        Sort Key: c
	        ->  Index Scan using sbtest5_pkey on sbtest5  (cost=0.43..47.84 rows=11 width=121)
	              Index Cond: ((id >= 953483) AND (id <= 953492))

table 6 : explain SELECT DISTINCT c FROM sbtest6 WHERE id BETWEEN 7295131 AND 7295140 ORDER BY c
	Unique  (cost=44.17..44.22 rows=10 width=121)
	  ->  Sort  (cost=44.17..44.19 rows=10 width=121)
	        Sort Key: c
	        ->  Index Scan using sbtest6_pkey on sbtest6  (cost=0.43..44.00 rows=10 width=121)
	              Index Cond: ((id >= 7295131) AND (id <= 7295140))

table 7 : explain SELECT DISTINCT c FROM sbtest7 WHERE id BETWEEN 7275040 AND 7275049 ORDER BY c
	Unique  (cost=40.26..40.31 rows=9 width=121)
	  ->  Sort  (cost=40.26..40.29 rows=9 width=121)
	        Sort Key: c
	        ->  Index Scan using sbtest7_pkey on sbtest7  (cost=0.43..40.12 rows=9 width=121)
	              Index Cond: ((id >= 7275040) AND (id <= 7275049))

table 8 : explain SELECT DISTINCT c FROM sbtest8 WHERE id BETWEEN 502248 AND 502257 ORDER BY c
	Unique  (cost=44.11..44.16 rows=10 width=121)
	  ->  Sort  (cost=44.11..44.13 rows=10 width=121)
	        Sort Key: c
	        ->  Index Scan using sbtest8_pkey on sbtest8  (cost=0.43..43.94 rows=10 width=121)
	              Index Cond: ((id >= 502248) AND (id <= 502257))

for: distinct_ranges
table 1 : explain SELECT DISTINCT c FROM sbtest1 WHERE id BETWEEN 8984681 AND 8984690 ORDER BY c
	Unique  (cost=44.24..44.29 rows=10 width=121)
	  ->  Sort  (cost=44.24..44.26 rows=10 width=121)
	        Sort Key: c
	        ->  Index Scan using sbtest1_pkey on sbtest1  (cost=0.43..44.07 rows=10 width=121)
	              Index Cond: ((id >= 8984681) AND (id <= 8984690))

table 2 : explain SELECT DISTINCT c FROM sbtest2 WHERE id BETWEEN 1531162 AND 1531171 ORDER BY c
	Unique  (cost=48.20..48.26 rows=11 width=121)
	  ->  Sort  (cost=48.20..48.23 rows=11 width=121)
	        Sort Key: c
	        ->  Index Scan using sbtest2_pkey on sbtest2  (cost=0.43..48.01 rows=11 width=121)
	              Index Cond: ((id >= 1531162) AND (id <= 1531171))

table 3 : explain SELECT DISTINCT c FROM sbtest3 WHERE id BETWEEN 7244272 AND 7244281 ORDER BY c
	Unique  (cost=44.24..44.29 rows=10 width=121)
	  ->  Sort  (cost=44.24..44.26 rows=10 width=121)
	        Sort Key: c
	        ->  Index Scan using sbtest3_pkey on sbtest3  (cost=0.43..44.07 rows=10 width=121)
	              Index Cond: ((id >= 7244272) AND (id <= 7244281))

table 4 : explain SELECT DISTINCT c FROM sbtest4 WHERE id BETWEEN 1754677 AND 1754686 ORDER BY c
	Unique  (cost=44.20..44.25 rows=10 width=121)
	  ->  Sort  (cost=44.20..44.22 rows=10 width=121)
	        Sort Key: c
	        ->  Index Scan using sbtest4_pkey on sbtest4  (cost=0.43..44.03 rows=10 width=121)
	              Index Cond: ((id >= 1754677) AND (id <= 1754686))

table 5 : explain SELECT DISTINCT c FROM sbtest5 WHERE id BETWEEN 8691624 AND 8691633 ORDER BY c
	Unique  (cost=40.10..40.15 rows=9 width=121)
	  ->  Sort  (cost=40.10..40.13 rows=9 width=121)
	        Sort Key: c
	        ->  Index Scan using sbtest5_pkey on sbtest5  (cost=0.43..39.96 rows=9 width=121)
	              Index Cond: ((id >= 8691624) AND (id <= 8691633))

table 6 : explain SELECT DISTINCT c FROM sbtest6 WHERE id BETWEEN 9784228 AND 9784237 ORDER BY c
	Unique  (cost=44.17..44.22 rows=10 width=121)
	  ->  Sort  (cost=44.17..44.19 rows=10 width=121)
	        Sort Key: c
	        ->  Index Scan using sbtest6_pkey on sbtest6  (cost=0.43..44.00 rows=10 width=121)
	              Index Cond: ((id >= 9784228) AND (id <= 9784237))

table 7 : explain SELECT DISTINCT c FROM sbtest7 WHERE id BETWEEN 6396588 AND 6396597 ORDER BY c
	Unique  (cost=48.23..48.28 rows=11 width=121)
	  ->  Sort  (cost=48.23..48.26 rows=11 width=121)
	        Sort Key: c
	        ->  Index Scan using sbtest7_pkey on sbtest7  (cost=0.43..48.04 rows=11 width=121)
	              Index Cond: ((id >= 6396588) AND (id <= 6396597))

table 8 : explain SELECT DISTINCT c FROM sbtest8 WHERE id BETWEEN 8985177 AND 8985186 ORDER BY c
	Unique  (cost=44.11..44.16 rows=10 width=121)
	  ->  Sort  (cost=44.11..44.13 rows=10 width=121)
	        Sort Key: c
	        ->  Index Scan using sbtest8_pkey on sbtest8  (cost=0.43..43.94 rows=10 width=121)
	              Index Cond: ((id >= 8985177) AND (id <= 8985186))

for: distinct_ranges
table 1 : explain SELECT DISTINCT c FROM sbtest1 WHERE id BETWEEN 1015208 AND 1015217 ORDER BY c
	Unique  (cost=44.24..44.29 rows=10 width=121)
	  ->  Sort  (cost=44.24..44.26 rows=10 width=121)
	        Sort Key: c
	        ->  Index Scan using sbtest1_pkey on sbtest1  (cost=0.43..44.07 rows=10 width=121)
	              Index Cond: ((id >= 1015208) AND (id <= 1015217))

table 2 : explain SELECT DISTINCT c FROM sbtest2 WHERE id BETWEEN 9198775 AND 9198784 ORDER BY c
	Unique  (cost=40.24..40.29 rows=9 width=121)
	  ->  Sort  (cost=40.24..40.26 rows=9 width=121)
	        Sort Key: c
	        ->  Index Scan using sbtest2_pkey on sbtest2  (cost=0.43..40.10 rows=9 width=121)
	              Index Cond: ((id >= 9198775) AND (id <= 9198784))

table 3 : explain SELECT DISTINCT c FROM sbtest3 WHERE id BETWEEN 6433254 AND 6433263 ORDER BY c
	Unique  (cost=44.24..44.29 rows=10 width=121)
	  ->  Sort  (cost=44.24..44.26 rows=10 width=121)
	        Sort Key: c
	        ->  Index Scan using sbtest3_pkey on sbtest3  (cost=0.43..44.07 rows=10 width=121)
	              Index Cond: ((id >= 6433254) AND (id <= 6433263))

table 4 : explain SELECT DISTINCT c FROM sbtest4 WHERE id BETWEEN 8642821 AND 8642830 ORDER BY c
	Unique  (cost=48.17..48.23 rows=11 width=121)
	  ->  Sort  (cost=48.17..48.20 rows=11 width=121)
	        Sort Key: c
	        ->  Index Scan using sbtest4_pkey on sbtest4  (cost=0.43..47.98 rows=11 width=121)
	              Index Cond: ((id >= 8642821) AND (id <= 8642830))

table 5 : explain SELECT DISTINCT c FROM sbtest5 WHERE id BETWEEN 8884663 AND 8884672 ORDER BY c
	Unique  (cost=44.07..44.12 rows=10 width=121)
	  ->  Sort  (cost=44.07..44.09 rows=10 width=121)
	        Sort Key: c
	        ->  Index Scan using sbtest5_pkey on sbtest5  (cost=0.43..43.90 rows=10 width=121)
	              Index Cond: ((id >= 8884663) AND (id <= 8884672))

table 6 : explain SELECT DISTINCT c FROM sbtest6 WHERE id BETWEEN 2483389 AND 2483398 ORDER BY c
	Unique  (cost=44.17..44.22 rows=10 width=121)
	  ->  Sort  (cost=44.17..44.19 rows=10 width=121)
	        Sort Key: c
	        ->  Index Scan using sbtest6_pkey on sbtest6  (cost=0.43..44.00 rows=10 width=121)
	              Index Cond: ((id >= 2483389) AND (id <= 2483398))

table 7 : explain SELECT DISTINCT c FROM sbtest7 WHERE id BETWEEN 428061 AND 428070 ORDER BY c
	Unique  (cost=44.25..44.30 rows=10 width=121)
	  ->  Sort  (cost=44.25..44.27 rows=10 width=121)
	        Sort Key: c
	        ->  Index Scan using sbtest7_pkey on sbtest7  (cost=0.43..44.08 rows=10 width=121)
	              Index Cond: ((id >= 428061) AND (id <= 428070))

table 8 : explain SELECT DISTINCT c FROM sbtest8 WHERE id BETWEEN 5751210 AND 5751219 ORDER BY c
	Unique  (cost=44.11..44.16 rows=10 width=121)
	  ->  Sort  (cost=44.11..44.13 rows=10 width=121)
	        Sort Key: c
	        ->  Index Scan using sbtest8_pkey on sbtest8  (cost=0.43..43.94 rows=10 width=121)
	              Index Cond: ((id >= 5751210) AND (id <= 5751219))
for: order_ranges
table 1 : explain SELECT c FROM sbtest1 WHERE id BETWEEN 717197 AND 717206 ORDER BY c
	Sort  (cost=44.24..44.26 rows=10 width=121)
	  Sort Key: c
	  ->  Index Scan using sbtest1_pkey on sbtest1  (cost=0.43..44.07 rows=10 width=121)
	        Index Cond: ((id >= 717197) AND (id <= 717206))

table 2 : explain SELECT c FROM sbtest2 WHERE id BETWEEN 1963843 AND 1963852 ORDER BY c
	Sort  (cost=40.24..40.26 rows=9 width=121)
	  Sort Key: c
	  ->  Index Scan using sbtest2_pkey on sbtest2  (cost=0.43..40.10 rows=9 width=121)
	        Index Cond: ((id >= 1963843) AND (id <= 1963852))

table 3 : explain SELECT c FROM sbtest3 WHERE id BETWEEN 8135615 AND 8135624 ORDER BY c
	Sort  (cost=48.22..48.25 rows=11 width=121)
	  Sort Key: c
	  ->  Index Scan using sbtest3_pkey on sbtest3  (cost=0.43..48.03 rows=11 width=121)
	        Index Cond: ((id >= 8135615) AND (id <= 8135624))

table 4 : explain SELECT c FROM sbtest4 WHERE id BETWEEN 71433 AND 71442 ORDER BY c
	Sort  (cost=40.22..40.24 rows=9 width=121)
	  Sort Key: c
	  ->  Index Scan using sbtest4_pkey on sbtest4  (cost=0.43..40.08 rows=9 width=121)
	        Index Cond: ((id >= 71433) AND (id <= 71442))

table 5 : explain SELECT c FROM sbtest5 WHERE id BETWEEN 6757916 AND 6757925 ORDER BY c
	Sort  (cost=44.07..44.09 rows=10 width=121)
	  Sort Key: c
	  ->  Index Scan using sbtest5_pkey on sbtest5  (cost=0.43..43.90 rows=10 width=121)
	        Index Cond: ((id >= 6757916) AND (id <= 6757925))

table 6 : explain SELECT c FROM sbtest6 WHERE id BETWEEN 1656066 AND 1656075 ORDER BY c
	Sort  (cost=44.17..44.19 rows=10 width=121)
	  Sort Key: c
	  ->  Index Scan using sbtest6_pkey on sbtest6  (cost=0.43..44.00 rows=10 width=121)
	        Index Cond: ((id >= 1656066) AND (id <= 1656075))

table 7 : explain SELECT c FROM sbtest7 WHERE id BETWEEN 4721477 AND 4721486 ORDER BY c
	Sort  (cost=44.25..44.27 rows=10 width=121)
	  Sort Key: c
	  ->  Index Scan using sbtest7_pkey on sbtest7  (cost=0.43..44.08 rows=10 width=121)
	        Index Cond: ((id >= 4721477) AND (id <= 4721486))

table 8 : explain SELECT c FROM sbtest8 WHERE id BETWEEN 282028 AND 282037 ORDER BY c
	Sort  (cost=48.08..48.10 rows=11 width=121)
	  Sort Key: c
	  ->  Index Scan using sbtest8_pkey on sbtest8  (cost=0.43..47.89 rows=11 width=121)
	        Index Cond: ((id >= 282028) AND (id <= 282037))


for: distinct_ranges
table 1 : explain SELECT DISTINCT c FROM sbtest1 WHERE id BETWEEN 3164265 AND 3164274 ORDER BY c
	Unique  (cost=44.24..44.29 rows=10 width=121)
	  ->  Sort  (cost=44.24..44.26 rows=10 width=121)
	        Sort Key: c
	        ->  Index Scan using sbtest1_pkey on sbtest1  (cost=0.43..44.07 rows=10 width=121)
	              Index Cond: ((id >= 3164265) AND (id <= 3164274))

table 2 : explain SELECT DISTINCT c FROM sbtest2 WHERE id BETWEEN 1665737 AND 1665746 ORDER BY c
	Unique  (cost=44.22..44.27 rows=10 width=121)
	  ->  Sort  (cost=44.22..44.25 rows=10 width=121)
	        Sort Key: c
	        ->  Index Scan using sbtest2_pkey on sbtest2  (cost=0.43..44.05 rows=10 width=121)
	              Index Cond: ((id >= 1665737) AND (id <= 1665746))

table 3 : explain SELECT DISTINCT c FROM sbtest3 WHERE id BETWEEN 7588413 AND 7588422 ORDER BY c
	Unique  (cost=44.24..44.29 rows=10 width=121)
	  ->  Sort  (cost=44.24..44.26 rows=10 width=121)
	        Sort Key: c
	        ->  Index Scan using sbtest3_pkey on sbtest3  (cost=0.43..44.07 rows=10 width=121)
	              Index Cond: ((id >= 7588413) AND (id <= 7588422))

table 4 : explain SELECT DISTINCT c FROM sbtest4 WHERE id BETWEEN 1329749 AND 1329758 ORDER BY c
	Unique  (cost=40.22..40.27 rows=9 width=121)
	  ->  Sort  (cost=40.22..40.24 rows=9 width=121)
	        Sort Key: c
	        ->  Index Scan using sbtest4_pkey on sbtest4  (cost=0.43..40.08 rows=9 width=121)
	              Index Cond: ((id >= 1329749) AND (id <= 1329758))

table 5 : explain SELECT DISTINCT c FROM sbtest5 WHERE id BETWEEN 1748528 AND 1748537 ORDER BY c
	Unique  (cost=44.07..44.12 rows=10 width=121)
	  ->  Sort  (cost=44.07..44.09 rows=10 width=121)
	        Sort Key: c
	        ->  Index Scan using sbtest5_pkey on sbtest5  (cost=0.43..43.90 rows=10 width=121)
	              Index Cond: ((id >= 1748528) AND (id <= 1748537))

table 6 : explain SELECT DISTINCT c FROM sbtest6 WHERE id BETWEEN 2488995 AND 2489004 ORDER BY c
	Unique  (cost=44.17..44.22 rows=10 width=121)
	  ->  Sort  (cost=44.17..44.19 rows=10 width=121)
	        Sort Key: c
	        ->  Index Scan using sbtest6_pkey on sbtest6  (cost=0.43..44.00 rows=10 width=121)
	              Index Cond: ((id >= 2488995) AND (id <= 2489004))

table 7 : explain SELECT DISTINCT c FROM sbtest7 WHERE id BETWEEN 9291486 AND 9291495 ORDER BY c
	Unique  (cost=44.25..44.30 rows=10 width=121)
	  ->  Sort  (cost=44.25..44.27 rows=10 width=121)
	        Sort Key: c
	        ->  Index Scan using sbtest7_pkey on sbtest7  (cost=0.43..44.08 rows=10 width=121)
	              Index Cond: ((id >= 9291486) AND (id <= 9291495))

table 8 : explain SELECT DISTINCT c FROM sbtest8 WHERE id BETWEEN 471986 AND 471995 ORDER BY c
	Unique  (cost=44.11..44.16 rows=10 width=121)
	  ->  Sort  (cost=44.11..44.13 rows=10 width=121)
	        Sort Key: c
	        ->  Index Scan using sbtest8_pkey on sbtest8  (cost=0.43..43.94 rows=10 width=121)
	              Index Cond: ((id >= 471986) AND (id <= 471995))

for: distinct_ranges
table 1 : explain SELECT DISTINCT c FROM sbtest1 WHERE id BETWEEN 8598388 AND 8598397 ORDER BY c
	Unique  (cost=44.24..44.29 rows=10 width=121)
	  ->  Sort  (cost=44.24..44.26 rows=10 width=121)
	        Sort Key: c
	        ->  Index Scan using sbtest1_pkey on sbtest1  (cost=0.43..44.07 rows=10 width=121)
	              Index Cond: ((id >= 8598388) AND (id <= 8598397))

table 2 : explain SELECT DISTINCT c FROM sbtest2 WHERE id BETWEEN 6988654 AND 6988663 ORDER BY c
	Unique  (cost=44.22..44.27 rows=10 width=121)
	  ->  Sort  (cost=44.22..44.25 rows=10 width=121)
	        Sort Key: c
	        ->  Index Scan using sbtest2_pkey on sbtest2  (cost=0.43..44.05 rows=10 width=121)
	              Index Cond: ((id >= 6988654) AND (id <= 6988663))

table 3 : explain SELECT DISTINCT c FROM sbtest3 WHERE id BETWEEN 4357515 AND 4357524 ORDER BY c
	Unique  (cost=44.24..44.29 rows=10 width=121)
	  ->  Sort  (cost=44.24..44.26 rows=10 width=121)
	        Sort Key: c
	        ->  Index Scan using sbtest3_pkey on sbtest3  (cost=0.43..44.07 rows=10 width=121)
	              Index Cond: ((id >= 4357515) AND (id <= 4357524))

table 4 : explain SELECT DISTINCT c FROM sbtest4 WHERE id BETWEEN 1432327 AND 1432336 ORDER BY c
	Unique  (cost=44.20..44.25 rows=10 width=121)
	  ->  Sort  (cost=44.20..44.22 rows=10 width=121)
	        Sort Key: c
	        ->  Index Scan using sbtest4_pkey on sbtest4  (cost=0.43..44.03 rows=10 width=121)
	              Index Cond: ((id >= 1432327) AND (id <= 1432336))

table 5 : explain SELECT DISTINCT c FROM sbtest5 WHERE id BETWEEN 130438 AND 130447 ORDER BY c
	Unique  (cost=44.07..44.12 rows=10 width=121)
	  ->  Sort  (cost=44.07..44.09 rows=10 width=121)
	        Sort Key: c
	        ->  Index Scan using sbtest5_pkey on sbtest5  (cost=0.43..43.90 rows=10 width=121)
	              Index Cond: ((id >= 130438) AND (id <= 130447))

table 6 : explain SELECT DISTINCT c FROM sbtest6 WHERE id BETWEEN 9759469 AND 9759478 ORDER BY c
	Unique  (cost=44.17..44.22 rows=10 width=121)
	  ->  Sort  (cost=44.17..44.19 rows=10 width=121)
	        Sort Key: c
	        ->  Index Scan using sbtest6_pkey on sbtest6  (cost=0.43..44.00 rows=10 width=121)
	              Index Cond: ((id >= 9759469) AND (id <= 9759478))

table 7 : explain SELECT DISTINCT c FROM sbtest7 WHERE id BETWEEN 1303116 AND 1303125 ORDER BY c
	Unique  (cost=40.26..40.31 rows=9 width=121)
	  ->  Sort  (cost=40.26..40.29 rows=9 width=121)
	        Sort Key: c
	        ->  Index Scan using sbtest7_pkey on sbtest7  (cost=0.43..40.12 rows=9 width=121)
	              Index Cond: ((id >= 1303116) AND (id <= 1303125))

table 8 : explain SELECT DISTINCT c FROM sbtest8 WHERE id BETWEEN 9081061 AND 9081070 ORDER BY c
	Unique  (cost=44.11..44.16 rows=10 width=121)
	  ->  Sort  (cost=44.11..44.13 rows=10 width=121)
	        Sort Key: c
	        ->  Index Scan using sbtest8_pkey on sbtest8  (cost=0.43..43.94 rows=10 width=121)
	              Index Cond: ((id >= 9081061) AND (id <= 9081070))

for: distinct_ranges
table 1 : explain SELECT DISTINCT c FROM sbtest1 WHERE id BETWEEN 5716490 AND 5716499 ORDER BY c
	Unique  (cost=44.24..44.29 rows=10 width=121)
	  ->  Sort  (cost=44.24..44.26 rows=10 width=121)
	        Sort Key: c
	        ->  Index Scan using sbtest1_pkey on sbtest1  (cost=0.43..44.07 rows=10 width=121)
	              Index Cond: ((id >= 5716490) AND (id <= 5716499))

table 2 : explain SELECT DISTINCT c FROM sbtest2 WHERE id BETWEEN 9962134 AND 9962143 ORDER BY c
	Unique  (cost=40.24..40.29 rows=9 width=121)
	  ->  Sort  (cost=40.24..40.26 rows=9 width=121)
	        Sort Key: c
	        ->  Index Scan using sbtest2_pkey on sbtest2  (cost=0.43..40.10 rows=9 width=121)
	              Index Cond: ((id >= 9962134) AND (id <= 9962143))

table 3 : explain SELECT DISTINCT c FROM sbtest3 WHERE id BETWEEN 39113 AND 39122 ORDER BY c
	Unique  (cost=44.24..44.29 rows=10 width=121)
	  ->  Sort  (cost=44.24..44.26 rows=10 width=121)
	        Sort Key: c
	        ->  Index Scan using sbtest3_pkey on sbtest3  (cost=0.43..44.07 rows=10 width=121)
	              Index Cond: ((id >= 39113) AND (id <= 39122))

table 4 : explain SELECT DISTINCT c FROM sbtest4 WHERE id BETWEEN 6750307 AND 6750316 ORDER BY c
	Unique  (cost=44.20..44.25 rows=10 width=121)
	  ->  Sort  (cost=44.20..44.22 rows=10 width=121)
	        Sort Key: c
	        ->  Index Scan using sbtest4_pkey on sbtest4  (cost=0.43..44.03 rows=10 width=121)
	              Index Cond: ((id >= 6750307) AND (id <= 6750316))

table 5 : explain SELECT DISTINCT c FROM sbtest5 WHERE id BETWEEN 3832600 AND 3832609 ORDER BY c
	Unique  (cost=44.07..44.12 rows=10 width=121)
	  ->  Sort  (cost=44.07..44.09 rows=10 width=121)
	        Sort Key: c
	        ->  Index Scan using sbtest5_pkey on sbtest5  (cost=0.43..43.90 rows=10 width=121)
	              Index Cond: ((id >= 3832600) AND (id <= 3832609))

table 6 : explain SELECT DISTINCT c FROM sbtest6 WHERE id BETWEEN 4780814 AND 4780823 ORDER BY c
	Unique  (cost=40.20..40.24 rows=9 width=121)
	  ->  Sort  (cost=40.20..40.22 rows=9 width=121)
	        Sort Key: c
	        ->  Index Scan using sbtest6_pkey on sbtest6  (cost=0.43..40.05 rows=9 width=121)
	              Index Cond: ((id >= 4780814) AND (id <= 4780823))

table 7 : explain SELECT DISTINCT c FROM sbtest7 WHERE id BETWEEN 1095855 AND 1095864 ORDER BY c
	Unique  (cost=44.25..44.30 rows=10 width=121)
	  ->  Sort  (cost=44.25..44.27 rows=10 width=121)
	        Sort Key: c
	        ->  Index Scan using sbtest7_pkey on sbtest7  (cost=0.43..44.08 rows=10 width=121)
	              Index Cond: ((id >= 1095855) AND (id <= 1095864))

table 8 : explain SELECT DISTINCT c FROM sbtest8 WHERE id BETWEEN 8106046 AND 8106055 ORDER BY c
	Unique  (cost=44.11..44.16 rows=10 width=121)
	  ->  Sort  (cost=44.11..44.13 rows=10 width=121)
	        Sort Key: c
	        ->  Index Scan using sbtest8_pkey on sbtest8  (cost=0.43..43.94 rows=10 width=121)
	              Index Cond: ((id >= 8106046) AND (id <= 8106055))

for: distinct_ranges
table 1 : explain SELECT DISTINCT c FROM sbtest1 WHERE id BETWEEN 8769226 AND 8769235 ORDER BY c
	Unique  (cost=44.24..44.29 rows=10 width=121)
	  ->  Sort  (cost=44.24..44.26 rows=10 width=121)
	        Sort Key: c
	        ->  Index Scan using sbtest1_pkey on sbtest1  (cost=0.43..44.07 rows=10 width=121)
	              Index Cond: ((id >= 8769226) AND (id <= 8769235))

table 2 : explain SELECT DISTINCT c FROM sbtest2 WHERE id BETWEEN 2828011 AND 2828020 ORDER BY c
	Unique  (cost=40.24..40.29 rows=9 width=121)
	  ->  Sort  (cost=40.24..40.26 rows=9 width=121)
	        Sort Key: c
	        ->  Index Scan using sbtest2_pkey on sbtest2  (cost=0.43..40.10 rows=9 width=121)
	              Index Cond: ((id >= 2828011) AND (id <= 2828020))

table 3 : explain SELECT DISTINCT c FROM sbtest3 WHERE id BETWEEN 4633952 AND 4633961 ORDER BY c
	Unique  (cost=44.24..44.29 rows=10 width=121)
	  ->  Sort  (cost=44.24..44.26 rows=10 width=121)
	        Sort Key: c
	        ->  Index Scan using sbtest3_pkey on sbtest3  (cost=0.43..44.07 rows=10 width=121)
	              Index Cond: ((id >= 4633952) AND (id <= 4633961))

table 4 : explain SELECT DISTINCT c FROM sbtest4 WHERE id BETWEEN 6464707 AND 6464716 ORDER BY c
	Unique  (cost=48.17..48.23 rows=11 width=121)
	  ->  Sort  (cost=48.17..48.20 rows=11 width=121)
	        Sort Key: c
	        ->  Index Scan using sbtest4_pkey on sbtest4  (cost=0.43..47.98 rows=11 width=121)
	              Index Cond: ((id >= 6464707) AND (id <= 6464716))

table 5 : explain SELECT DISTINCT c FROM sbtest5 WHERE id BETWEEN 2359764 AND 2359773 ORDER BY c
	Unique  (cost=40.10..40.15 rows=9 width=121)
	  ->  Sort  (cost=40.10..40.13 rows=9 width=121)
	        Sort Key: c
	        ->  Index Scan using sbtest5_pkey on sbtest5  (cost=0.43..39.96 rows=9 width=121)
	              Index Cond: ((id >= 2359764) AND (id <= 2359773))

table 6 : explain SELECT DISTINCT c FROM sbtest6 WHERE id BETWEEN 5361513 AND 5361522 ORDER BY c
	Unique  (cost=44.17..44.22 rows=10 width=121)
	  ->  Sort  (cost=44.17..44.19 rows=10 width=121)
	        Sort Key: c
	        ->  Index Scan using sbtest6_pkey on sbtest6  (cost=0.43..44.00 rows=10 width=121)
	              Index Cond: ((id >= 5361513) AND (id <= 5361522))

table 7 : explain SELECT DISTINCT c FROM sbtest7 WHERE id BETWEEN 9585661 AND 9585670 ORDER BY c
	Unique  (cost=48.23..48.28 rows=11 width=121)
	  ->  Sort  (cost=48.23..48.26 rows=11 width=121)
	        Sort Key: c
	        ->  Index Scan using sbtest7_pkey on sbtest7  (cost=0.43..48.04 rows=11 width=121)
	              Index Cond: ((id >= 9585661) AND (id <= 9585670))

table 8 : explain SELECT DISTINCT c FROM sbtest8 WHERE id BETWEEN 7277304 AND 7277313 ORDER BY c
	Unique  (cost=52.05..52.11 rows=12 width=121)
	  ->  Sort  (cost=52.05..52.08 rows=12 width=121)
	        Sort Key: c
	        ->  Index Scan using sbtest8_pkey on sbtest8  (cost=0.43..51.83 rows=12 width=121)
	              Index Cond: ((id >= 7277304) AND (id <= 7277313))

for: distinct_ranges
table 1 : explain SELECT DISTINCT c FROM sbtest1 WHERE id BETWEEN 9059276 AND 9059285 ORDER BY c
	Unique  (cost=44.24..44.29 rows=10 width=121)
	  ->  Sort  (cost=44.24..44.26 rows=10 width=121)
	        Sort Key: c
	        ->  Index Scan using sbtest1_pkey on sbtest1  (cost=0.43..44.07 rows=10 width=121)
	              Index Cond: ((id >= 9059276) AND (id <= 9059285))

table 2 : explain SELECT DISTINCT c FROM sbtest2 WHERE id BETWEEN 6216499 AND 6216508 ORDER BY c
	Unique  (cost=48.20..48.26 rows=11 width=121)
	  ->  Sort  (cost=48.20..48.23 rows=11 width=121)
	        Sort Key: c
	        ->  Index Scan using sbtest2_pkey on sbtest2  (cost=0.43..48.01 rows=11 width=121)
	              Index Cond: ((id >= 6216499) AND (id <= 6216508))

table 3 : explain SELECT DISTINCT c FROM sbtest3 WHERE id BETWEEN 5683992 AND 5684001 ORDER BY c
	Unique  (cost=44.24..44.29 rows=10 width=121)
	  ->  Sort  (cost=44.24..44.26 rows=10 width=121)
	        Sort Key: c
	        ->  Index Scan using sbtest3_pkey on sbtest3  (cost=0.43..44.07 rows=10 width=121)
	              Index Cond: ((id >= 5683992) AND (id <= 5684001))

table 4 : explain SELECT DISTINCT c FROM sbtest4 WHERE id BETWEEN 4478597 AND 4478606 ORDER BY c
	Unique  (cost=48.17..48.23 rows=11 width=121)
	  ->  Sort  (cost=48.17..48.20 rows=11 width=121)
	        Sort Key: c
	        ->  Index Scan using sbtest4_pkey on sbtest4  (cost=0.43..47.98 rows=11 width=121)
	              Index Cond: ((id >= 4478597) AND (id <= 4478606))

table 5 : explain SELECT DISTINCT c FROM sbtest5 WHERE id BETWEEN 4041027 AND 4041036 ORDER BY c
	Unique  (cost=44.07..44.12 rows=10 width=121)
	  ->  Sort  (cost=44.07..44.09 rows=10 width=121)
	        Sort Key: c
	        ->  Index Scan using sbtest5_pkey on sbtest5  (cost=0.43..43.90 rows=10 width=121)
	              Index Cond: ((id >= 4041027) AND (id <= 4041036))

table 6 : explain SELECT DISTINCT c FROM sbtest6 WHERE id BETWEEN 1884002 AND 1884011 ORDER BY c
	Unique  (cost=48.14..48.20 rows=11 width=121)
	  ->  Sort  (cost=48.14..48.17 rows=11 width=121)
	        Sort Key: c
	        ->  Index Scan using sbtest6_pkey on sbtest6  (cost=0.43..47.95 rows=11 width=121)
	              Index Cond: ((id >= 1884002) AND (id <= 1884011))

table 7 : explain SELECT DISTINCT c FROM sbtest7 WHERE id BETWEEN 5412906 AND 5412915 ORDER BY c
	Unique  (cost=44.25..44.30 rows=10 width=121)
	  ->  Sort  (cost=44.25..44.27 rows=10 width=121)
	        Sort Key: c
	        ->  Index Scan using sbtest7_pkey on sbtest7  (cost=0.43..44.08 rows=10 width=121)
	              Index Cond: ((id >= 5412906) AND (id <= 5412915))

table 8 : explain SELECT DISTINCT c FROM sbtest8 WHERE id BETWEEN 2767839 AND 2767848 ORDER BY c
	Unique  (cost=44.11..44.16 rows=10 width=121)
	  ->  Sort  (cost=44.11..44.13 rows=10 width=121)
	        Sort Key: c
	        ->  Index Scan using sbtest8_pkey on sbtest8  (cost=0.43..43.94 rows=10 width=121)
	              Index Cond: ((id >= 2767839) AND (id <= 2767848))

for: distinct_ranges
table 1 : explain SELECT DISTINCT c FROM sbtest1 WHERE id BETWEEN 997572 AND 997581 ORDER BY c
	Unique  (cost=44.24..44.29 rows=10 width=121)
	  ->  Sort  (cost=44.24..44.26 rows=10 width=121)
	        Sort Key: c
	        ->  Index Scan using sbtest1_pkey on sbtest1  (cost=0.43..44.07 rows=10 width=121)
	              Index Cond: ((id >= 997572) AND (id <= 997581))

table 2 : explain SELECT DISTINCT c FROM sbtest2 WHERE id BETWEEN 9989371 AND 9989380 ORDER BY c
	Unique  (cost=40.24..40.29 rows=9 width=121)
	  ->  Sort  (cost=40.24..40.26 rows=9 width=121)
	        Sort Key: c
	        ->  Index Scan using sbtest2_pkey on sbtest2  (cost=0.43..40.10 rows=9 width=121)
	              Index Cond: ((id >= 9989371) AND (id <= 9989380))

table 3 : explain SELECT DISTINCT c FROM sbtest3 WHERE id BETWEEN 4155502 AND 4155511 ORDER BY c
	Unique  (cost=44.24..44.29 rows=10 width=121)
	  ->  Sort  (cost=44.24..44.26 rows=10 width=121)
	        Sort Key: c
	        ->  Index Scan using sbtest3_pkey on sbtest3  (cost=0.43..44.07 rows=10 width=121)
	              Index Cond: ((id >= 4155502) AND (id <= 4155511))

table 4 : explain SELECT DISTINCT c FROM sbtest4 WHERE id BETWEEN 9602657 AND 9602666 ORDER BY c
	Unique  (cost=40.22..40.27 rows=9 width=121)
	  ->  Sort  (cost=40.22..40.24 rows=9 width=121)
	        Sort Key: c
	        ->  Index Scan using sbtest4_pkey on sbtest4  (cost=0.43..40.08 rows=9 width=121)
	              Index Cond: ((id >= 9602657) AND (id <= 9602666))

table 5 : explain SELECT DISTINCT c FROM sbtest5 WHERE id BETWEEN 2104529 AND 2104538 ORDER BY c
	Unique  (cost=48.03..48.08 rows=11 width=121)
	  ->  Sort  (cost=48.03..48.06 rows=11 width=121)
	        Sort Key: c
	        ->  Index Scan using sbtest5_pkey on sbtest5  (cost=0.43..47.84 rows=11 width=121)
	              Index Cond: ((id >= 2104529) AND (id <= 2104538))

table 6 : explain SELECT DISTINCT c FROM sbtest6 WHERE id BETWEEN 6943162 AND 6943171 ORDER BY c
	Unique  (cost=44.17..44.22 rows=10 width=121)
	  ->  Sort  (cost=44.17..44.19 rows=10 width=121)
	        Sort Key: c
	        ->  Index Scan using sbtest6_pkey on sbtest6  (cost=0.43..44.00 rows=10 width=121)
	              Index Cond: ((id >= 6943162) AND (id <= 6943171))

table 7 : explain SELECT DISTINCT c FROM sbtest7 WHERE id BETWEEN 269168 AND 269177 ORDER BY c
	Unique  (cost=44.25..44.30 rows=10 width=121)
	  ->  Sort  (cost=44.25..44.27 rows=10 width=121)
	        Sort Key: c
	        ->  Index Scan using sbtest7_pkey on sbtest7  (cost=0.43..44.08 rows=10 width=121)
	              Index Cond: ((id >= 269168) AND (id <= 269177))

table 8 : explain SELECT DISTINCT c FROM sbtest8 WHERE id BETWEEN 5192128 AND 5192137 ORDER BY c
	Unique  (cost=44.11..44.16 rows=10 width=121)
	  ->  Sort  (cost=44.11..44.13 rows=10 width=121)
	        Sort Key: c
	        ->  Index Scan using sbtest8_pkey on sbtest8  (cost=0.43..43.94 rows=10 width=121)
	              Index Cond: ((id >= 5192128) AND (id <= 5192137))

for: order_ranges
table 1 : explain SELECT c FROM sbtest1 WHERE id BETWEEN 7711228 AND 7711237 ORDER BY c
	Sort  (cost=44.24..44.26 rows=10 width=121)
	  Sort Key: c
	  ->  Index Scan using sbtest1_pkey on sbtest1  (cost=0.43..44.07 rows=10 width=121)
	        Index Cond: ((id >= 7711228) AND (id <= 7711237))

table 2 : explain SELECT c FROM sbtest2 WHERE id BETWEEN 6434550 AND 6434559 ORDER BY c
	Sort  (cost=40.24..40.26 rows=9 width=121)
	  Sort Key: c
	  ->  Index Scan using sbtest2_pkey on sbtest2  (cost=0.43..40.10 rows=9 width=121)
	        Index Cond: ((id >= 6434550) AND (id <= 6434559))

table 3 : explain SELECT c FROM sbtest3 WHERE id BETWEEN 4405016 AND 4405025 ORDER BY c
	Sort  (cost=44.24..44.26 rows=10 width=121)
	  Sort Key: c
	  ->  Index Scan using sbtest3_pkey on sbtest3  (cost=0.43..44.07 rows=10 width=121)
	        Index Cond: ((id >= 4405016) AND (id <= 4405025))

table 4 : explain SELECT c FROM sbtest4 WHERE id BETWEEN 709703 AND 709712 ORDER BY c
	Sort  (cost=40.22..40.24 rows=9 width=121)
	  Sort Key: c
	  ->  Index Scan using sbtest4_pkey on sbtest4  (cost=0.43..40.08 rows=9 width=121)
	        Index Cond: ((id >= 709703) AND (id <= 709712))

table 5 : explain SELECT c FROM sbtest5 WHERE id BETWEEN 2235559 AND 2235568 ORDER BY c
	Sort  (cost=44.07..44.09 rows=10 width=121)
	  Sort Key: c
	  ->  Index Scan using sbtest5_pkey on sbtest5  (cost=0.43..43.90 rows=10 width=121)
	        Index Cond: ((id >= 2235559) AND (id <= 2235568))

table 6 : explain SELECT c FROM sbtest6 WHERE id BETWEEN 749984 AND 749993 ORDER BY c
	Sort  (cost=40.20..40.22 rows=9 width=121)
	  Sort Key: c
	  ->  Index Scan using sbtest6_pkey on sbtest6  (cost=0.43..40.05 rows=9 width=121)
	        Index Cond: ((id >= 749984) AND (id <= 749993))

table 7 : explain SELECT c FROM sbtest7 WHERE id BETWEEN 2486313 AND 2486322 ORDER BY c
	Sort  (cost=40.26..40.29 rows=9 width=121)
	  Sort Key: c
	  ->  Index Scan using sbtest7_pkey on sbtest7  (cost=0.43..40.12 rows=9 width=121)
	        Index Cond: ((id >= 2486313) AND (id <= 2486322))

table 8 : explain SELECT c FROM sbtest8 WHERE id BETWEEN 55785 AND 55794 ORDER BY c
	Sort  (cost=44.11..44.13 rows=10 width=121)
	  Sort Key: c
	  ->  Index Scan using sbtest8_pkey on sbtest8  (cost=0.43..43.94 rows=10 width=121)
	        Index Cond: ((id >= 55785) AND (id <= 55794))

for: distinct_ranges
table 1 : explain SELECT DISTINCT c FROM sbtest1 WHERE id BETWEEN 2666129 AND 2666138 ORDER BY c
	Unique  (cost=44.24..44.29 rows=10 width=121)
	  ->  Sort  (cost=44.24..44.26 rows=10 width=121)
	        Sort Key: c
	        ->  Index Scan using sbtest1_pkey on sbtest1  (cost=0.43..44.07 rows=10 width=121)
	              Index Cond: ((id >= 2666129) AND (id <= 2666138))

table 2 : explain SELECT DISTINCT c FROM sbtest2 WHERE id BETWEEN 6260251 AND 6260260 ORDER BY c
	Unique  (cost=44.22..44.27 rows=10 width=121)
	  ->  Sort  (cost=44.22..44.25 rows=10 width=121)
	        Sort Key: c
	        ->  Index Scan using sbtest2_pkey on sbtest2  (cost=0.43..44.05 rows=10 width=121)
	              Index Cond: ((id >= 6260251) AND (id <= 6260260))

table 3 : explain SELECT DISTINCT c FROM sbtest3 WHERE id BETWEEN 2470746 AND 2470755 ORDER BY c
	Unique  (cost=48.22..48.27 rows=11 width=121)
	  ->  Sort  (cost=48.22..48.25 rows=11 width=121)
	        Sort Key: c
	        ->  Index Scan using sbtest3_pkey on sbtest3  (cost=0.43..48.03 rows=11 width=121)
	              Index Cond: ((id >= 2470746) AND (id <= 2470755))

table 4 : explain SELECT DISTINCT c FROM sbtest4 WHERE id BETWEEN 1621865 AND 1621874 ORDER BY c
	Unique  (cost=44.20..44.25 rows=10 width=121)
	  ->  Sort  (cost=44.20..44.22 rows=10 width=121)
	        Sort Key: c
	        ->  Index Scan using sbtest4_pkey on sbtest4  (cost=0.43..44.03 rows=10 width=121)
	              Index Cond: ((id >= 1621865) AND (id <= 1621874))

table 5 : explain SELECT DISTINCT c FROM sbtest5 WHERE id BETWEEN 8034036 AND 8034045 ORDER BY c
	Unique  (cost=44.07..44.12 rows=10 width=121)
	  ->  Sort  (cost=44.07..44.09 rows=10 width=121)
	        Sort Key: c
	        ->  Index Scan using sbtest5_pkey on sbtest5  (cost=0.43..43.90 rows=10 width=121)
	              Index Cond: ((id >= 8034036) AND (id <= 8034045))

table 6 : explain SELECT DISTINCT c FROM sbtest6 WHERE id BETWEEN 5354492 AND 5354501 ORDER BY c
	Unique  (cost=44.17..44.22 rows=10 width=121)
	  ->  Sort  (cost=44.17..44.19 rows=10 width=121)
	        Sort Key: c
	        ->  Index Scan using sbtest6_pkey on sbtest6  (cost=0.43..44.00 rows=10 width=121)
	              Index Cond: ((id >= 5354492) AND (id <= 5354501))

table 7 : explain SELECT DISTINCT c FROM sbtest7 WHERE id BETWEEN 7212183 AND 7212192 ORDER BY c
	Unique  (cost=44.25..44.30 rows=10 width=121)
	  ->  Sort  (cost=44.25..44.27 rows=10 width=121)
	        Sort Key: c
	        ->  Index Scan using sbtest7_pkey on sbtest7  (cost=0.43..44.08 rows=10 width=121)
	              Index Cond: ((id >= 7212183) AND (id <= 7212192))

table 8 : explain SELECT DISTINCT c FROM sbtest8 WHERE id BETWEEN 392066 AND 392075 ORDER BY c
	Unique  (cost=40.14..40.19 rows=9 width=121)
	  ->  Sort  (cost=40.14..40.17 rows=9 width=121)
	        Sort Key: c
	        ->  Index Scan using sbtest8_pkey on sbtest8  (cost=0.43..40.00 rows=9 width=121)
	              Index Cond: ((id >= 392066) AND (id <= 392075))

for: distinct_ranges
table 1 : explain SELECT DISTINCT c FROM sbtest1 WHERE id BETWEEN 8917675 AND 8917684 ORDER BY c
	Unique  (cost=44.24..44.29 rows=10 width=121)
	  ->  Sort  (cost=44.24..44.26 rows=10 width=121)
	        Sort Key: c
	        ->  Index Scan using sbtest1_pkey on sbtest1  (cost=0.43..44.07 rows=10 width=121)
	              Index Cond: ((id >= 8917675) AND (id <= 8917684))

table 2 : explain SELECT DISTINCT c FROM sbtest2 WHERE id BETWEEN 6524441 AND 6524450 ORDER BY c
	Unique  (cost=40.24..40.29 rows=9 width=121)
	  ->  Sort  (cost=40.24..40.26 rows=9 width=121)
	        Sort Key: c
	        ->  Index Scan using sbtest2_pkey on sbtest2  (cost=0.43..40.10 rows=9 width=121)
	              Index Cond: ((id >= 6524441) AND (id <= 6524450))

table 3 : explain SELECT DISTINCT c FROM sbtest3 WHERE id BETWEEN 4382053 AND 4382062 ORDER BY c
	Unique  (cost=44.24..44.29 rows=10 width=121)
	  ->  Sort  (cost=44.24..44.26 rows=10 width=121)
	        Sort Key: c
	        ->  Index Scan using sbtest3_pkey on sbtest3  (cost=0.43..44.07 rows=10 width=121)
	              Index Cond: ((id >= 4382053) AND (id <= 4382062))

table 4 : explain SELECT DISTINCT c FROM sbtest4 WHERE id BETWEEN 9771260 AND 9771269 ORDER BY c
	Unique  (cost=44.20..44.25 rows=10 width=121)
	  ->  Sort  (cost=44.20..44.22 rows=10 width=121)
	        Sort Key: c
	        ->  Index Scan using sbtest4_pkey on sbtest4  (cost=0.43..44.03 rows=10 width=121)
	              Index Cond: ((id >= 9771260) AND (id <= 9771269))

table 5 : explain SELECT DISTINCT c FROM sbtest5 WHERE id BETWEEN 4497097 AND 4497106 ORDER BY c
	Unique  (cost=44.07..44.12 rows=10 width=121)
	  ->  Sort  (cost=44.07..44.09 rows=10 width=121)
	        Sort Key: c
	        ->  Index Scan using sbtest5_pkey on sbtest5  (cost=0.43..43.90 rows=10 width=121)
	              Index Cond: ((id >= 4497097) AND (id <= 4497106))

table 6 : explain SELECT DISTINCT c FROM sbtest6 WHERE id BETWEEN 2382352 AND 2382361 ORDER BY c
	Unique  (cost=44.17..44.22 rows=10 width=121)
	  ->  Sort  (cost=44.17..44.19 rows=10 width=121)
	        Sort Key: c
	        ->  Index Scan using sbtest6_pkey on sbtest6  (cost=0.43..44.00 rows=10 width=121)
	              Index Cond: ((id >= 2382352) AND (id <= 2382361))

table 7 : explain SELECT DISTINCT c FROM sbtest7 WHERE id BETWEEN 3393574 AND 3393583 ORDER BY c
	Unique  (cost=48.23..48.28 rows=11 width=121)
	  ->  Sort  (cost=48.23..48.26 rows=11 width=121)
	        Sort Key: c
	        ->  Index Scan using sbtest7_pkey on sbtest7  (cost=0.43..48.04 rows=11 width=121)
	              Index Cond: ((id >= 3393574) AND (id <= 3393583))

table 8 : explain SELECT DISTINCT c FROM sbtest8 WHERE id BETWEEN 4507134 AND 4507143 ORDER BY c
	Unique  (cost=44.11..44.16 rows=10 width=121)
	  ->  Sort  (cost=44.11..44.13 rows=10 width=121)
	        Sort Key: c
	        ->  Index Scan using sbtest8_pkey on sbtest8  (cost=0.43..43.94 rows=10 width=121)
	              Index Cond: ((id >= 4507134) AND (id <= 4507143))

for: distinct_ranges
table 1 : explain SELECT DISTINCT c FROM sbtest1 WHERE id BETWEEN 441903 AND 441912 ORDER BY c
	Unique  (cost=44.24..44.29 rows=10 width=121)
	  ->  Sort  (cost=44.24..44.26 rows=10 width=121)
	        Sort Key: c
	        ->  Index Scan using sbtest1_pkey on sbtest1  (cost=0.43..44.07 rows=10 width=121)
	              Index Cond: ((id >= 441903) AND (id <= 441912))

table 2 : explain SELECT DISTINCT c FROM sbtest2 WHERE id BETWEEN 6353260 AND 6353269 ORDER BY c
	Unique  (cost=48.20..48.26 rows=11 width=121)
	  ->  Sort  (cost=48.20..48.23 rows=11 width=121)
	        Sort Key: c
	        ->  Index Scan using sbtest2_pkey on sbtest2  (cost=0.43..48.01 rows=11 width=121)
	              Index Cond: ((id >= 6353260) AND (id <= 6353269))

table 3 : explain SELECT DISTINCT c FROM sbtest3 WHERE id BETWEEN 3865129 AND 3865138 ORDER BY c
	Unique  (cost=44.24..44.29 rows=10 width=121)
	  ->  Sort  (cost=44.24..44.26 rows=10 width=121)
	        Sort Key: c
	        ->  Index Scan using sbtest3_pkey on sbtest3  (cost=0.43..44.07 rows=10 width=121)
	              Index Cond: ((id >= 3865129) AND (id <= 3865138))

table 4 : explain SELECT DISTINCT c FROM sbtest4 WHERE id BETWEEN 8638756 AND 8638765 ORDER BY c
	Unique  (cost=48.17..48.23 rows=11 width=121)
	  ->  Sort  (cost=48.17..48.20 rows=11 width=121)
	        Sort Key: c
	        ->  Index Scan using sbtest4_pkey on sbtest4  (cost=0.43..47.98 rows=11 width=121)
	              Index Cond: ((id >= 8638756) AND (id <= 8638765))

table 5 : explain SELECT DISTINCT c FROM sbtest5 WHERE id BETWEEN 7407984 AND 7407993 ORDER BY c
	Unique  (cost=40.10..40.15 rows=9 width=121)
	  ->  Sort  (cost=40.10..40.13 rows=9 width=121)
	        Sort Key: c
	        ->  Index Scan using sbtest5_pkey on sbtest5  (cost=0.43..39.96 rows=9 width=121)
	              Index Cond: ((id >= 7407984) AND (id <= 7407993))

table 6 : explain SELECT DISTINCT c FROM sbtest6 WHERE id BETWEEN 2922480 AND 2922489 ORDER BY c
	Unique  (cost=48.14..48.20 rows=11 width=121)
	  ->  Sort  (cost=48.14..48.17 rows=11 width=121)
	        Sort Key: c
	        ->  Index Scan using sbtest6_pkey on sbtest6  (cost=0.43..47.95 rows=11 width=121)
	              Index Cond: ((id >= 2922480) AND (id <= 2922489))

table 7 : explain SELECT DISTINCT c FROM sbtest7 WHERE id BETWEEN 4630917 AND 4630926 ORDER BY c
	Unique  (cost=40.26..40.31 rows=9 width=121)
	  ->  Sort  (cost=40.26..40.29 rows=9 width=121)
	        Sort Key: c
	        ->  Index Scan using sbtest7_pkey on sbtest7  (cost=0.43..40.12 rows=9 width=121)
	              Index Cond: ((id >= 4630917) AND (id <= 4630926))

table 8 : explain SELECT DISTINCT c FROM sbtest8 WHERE id BETWEEN 345267 AND 345276 ORDER BY c
	Unique  (cost=40.14..40.19 rows=9 width=121)
	  ->  Sort  (cost=40.14..40.17 rows=9 width=121)
	        Sort Key: c
	        ->  Index Scan using sbtest8_pkey on sbtest8  (cost=0.43..40.00 rows=9 width=121)
	              Index Cond: ((id >= 345267) AND (id <= 345276))

for: distinct_ranges
table 1 : explain SELECT DISTINCT c FROM sbtest1 WHERE id BETWEEN 363346 AND 363355 ORDER BY c
	Unique  (cost=44.24..44.29 rows=10 width=121)
	  ->  Sort  (cost=44.24..44.26 rows=10 width=121)
	        Sort Key: c
	        ->  Index Scan using sbtest1_pkey on sbtest1  (cost=0.43..44.07 rows=10 width=121)
	              Index Cond: ((id >= 363346) AND (id <= 363355))

table 2 : explain SELECT DISTINCT c FROM sbtest2 WHERE id BETWEEN 6653523 AND 6653532 ORDER BY c
	Unique  (cost=44.22..44.27 rows=10 width=121)
	  ->  Sort  (cost=44.22..44.25 rows=10 width=121)
	        Sort Key: c
	        ->  Index Scan using sbtest2_pkey on sbtest2  (cost=0.43..44.05 rows=10 width=121)
	              Index Cond: ((id >= 6653523) AND (id <= 6653532))

table 3 : explain SELECT DISTINCT c FROM sbtest3 WHERE id BETWEEN 6830840 AND 6830849 ORDER BY c
	Unique  (cost=44.24..44.29 rows=10 width=121)
	  ->  Sort  (cost=44.24..44.26 rows=10 width=121)
	        Sort Key: c
	        ->  Index Scan using sbtest3_pkey on sbtest3  (cost=0.43..44.07 rows=10 width=121)
	              Index Cond: ((id >= 6830840) AND (id <= 6830849))

table 4 : explain SELECT DISTINCT c FROM sbtest4 WHERE id BETWEEN 4873232 AND 4873241 ORDER BY c
	Unique  (cost=40.22..40.27 rows=9 width=121)
	  ->  Sort  (cost=40.22..40.24 rows=9 width=121)
	        Sort Key: c
	        ->  Index Scan using sbtest4_pkey on sbtest4  (cost=0.43..40.08 rows=9 width=121)
	              Index Cond: ((id >= 4873232) AND (id <= 4873241))

table 5 : explain SELECT DISTINCT c FROM sbtest5 WHERE id BETWEEN 3077096 AND 3077105 ORDER BY c
	Unique  (cost=44.07..44.12 rows=10 width=121)
	  ->  Sort  (cost=44.07..44.09 rows=10 width=121)
	        Sort Key: c
	        ->  Index Scan using sbtest5_pkey on sbtest5  (cost=0.43..43.90 rows=10 width=121)
	              Index Cond: ((id >= 3077096) AND (id <= 3077105))

table 6 : explain SELECT DISTINCT c FROM sbtest6 WHERE id BETWEEN 6966038 AND 6966047 ORDER BY c
	Unique  (cost=44.17..44.22 rows=10 width=121)
	  ->  Sort  (cost=44.17..44.19 rows=10 width=121)
	        Sort Key: c
	        ->  Index Scan using sbtest6_pkey on sbtest6  (cost=0.43..44.00 rows=10 width=121)
	              Index Cond: ((id >= 6966038) AND (id <= 6966047))

table 7 : explain SELECT DISTINCT c FROM sbtest7 WHERE id BETWEEN 3524616 AND 3524625 ORDER BY c
	Unique  (cost=44.25..44.30 rows=10 width=121)
	  ->  Sort  (cost=44.25..44.27 rows=10 width=121)
	        Sort Key: c
	        ->  Index Scan using sbtest7_pkey on sbtest7  (cost=0.43..44.08 rows=10 width=121)
	              Index Cond: ((id >= 3524616) AND (id <= 3524625))

table 8 : explain SELECT DISTINCT c FROM sbtest8 WHERE id BETWEEN 5522325 AND 5522334 ORDER BY c
	Unique  (cost=44.11..44.16 rows=10 width=121)
	  ->  Sort  (cost=44.11..44.13 rows=10 width=121)
	        Sort Key: c
	        ->  Index Scan using sbtest8_pkey on sbtest8  (cost=0.43..43.94 rows=10 width=121)
	              Index Cond: ((id >= 5522325) AND (id <= 5522334))

for: distinct_ranges
table 1 : explain SELECT DISTINCT c FROM sbtest1 WHERE id BETWEEN 8331464 AND 8331473 ORDER BY c
	Unique  (cost=44.24..44.29 rows=10 width=121)
	  ->  Sort  (cost=44.24..44.26 rows=10 width=121)
	        Sort Key: c
	        ->  Index Scan using sbtest1_pkey on sbtest1  (cost=0.43..44.07 rows=10 width=121)
	              Index Cond: ((id >= 8331464) AND (id <= 8331473))

table 2 : explain SELECT DISTINCT c FROM sbtest2 WHERE id BETWEEN 4117685 AND 4117694 ORDER BY c
	Unique  (cost=44.22..44.27 rows=10 width=121)
	  ->  Sort  (cost=44.22..44.25 rows=10 width=121)
	        Sort Key: c
	        ->  Index Scan using sbtest2_pkey on sbtest2  (cost=0.43..44.05 rows=10 width=121)
	              Index Cond: ((id >= 4117685) AND (id <= 4117694))

table 3 : explain SELECT DISTINCT c FROM sbtest3 WHERE id BETWEEN 3250529 AND 3250538 ORDER BY c
	Unique  (cost=44.24..44.29 rows=10 width=121)
	  ->  Sort  (cost=44.24..44.26 rows=10 width=121)
	        Sort Key: c
	        ->  Index Scan using sbtest3_pkey on sbtest3  (cost=0.43..44.07 rows=10 width=121)
	              Index Cond: ((id >= 3250529) AND (id <= 3250538))

table 4 : explain SELECT DISTINCT c FROM sbtest4 WHERE id BETWEEN 2982873 AND 2982882 ORDER BY c
	Unique  (cost=48.17..48.23 rows=11 width=121)
	  ->  Sort  (cost=48.17..48.20 rows=11 width=121)
	        Sort Key: c
	        ->  Index Scan using sbtest4_pkey on sbtest4  (cost=0.43..47.98 rows=11 width=121)
	              Index Cond: ((id >= 2982873) AND (id <= 2982882))

table 5 : explain SELECT DISTINCT c FROM sbtest5 WHERE id BETWEEN 8434266 AND 8434275 ORDER BY c
	Unique  (cost=40.10..40.15 rows=9 width=121)
	  ->  Sort  (cost=40.10..40.13 rows=9 width=121)
	        Sort Key: c
	        ->  Index Scan using sbtest5_pkey on sbtest5  (cost=0.43..39.96 rows=9 width=121)
	              Index Cond: ((id >= 8434266) AND (id <= 8434275))

table 6 : explain SELECT DISTINCT c FROM sbtest6 WHERE id BETWEEN 6304069 AND 6304078 ORDER BY c
	Unique  (cost=44.17..44.22 rows=10 width=121)
	  ->  Sort  (cost=44.17..44.19 rows=10 width=121)
	        Sort Key: c
	        ->  Index Scan using sbtest6_pkey on sbtest6  (cost=0.43..44.00 rows=10 width=121)
	              Index Cond: ((id >= 6304069) AND (id <= 6304078))

table 7 : explain SELECT DISTINCT c FROM sbtest7 WHERE id BETWEEN 8496456 AND 8496465 ORDER BY c
	Unique  (cost=44.25..44.30 rows=10 width=121)
	  ->  Sort  (cost=44.25..44.27 rows=10 width=121)
	        Sort Key: c
	        ->  Index Scan using sbtest7_pkey on sbtest7  (cost=0.43..44.08 rows=10 width=121)
	              Index Cond: ((id >= 8496456) AND (id <= 8496465))

table 8 : explain SELECT DISTINCT c FROM sbtest8 WHERE id BETWEEN 6082075 AND 6082084 ORDER BY c
	Unique  (cost=48.08..48.13 rows=11 width=121)
	  ->  Sort  (cost=48.08..48.10 rows=11 width=121)
	        Sort Key: c
	        ->  Index Scan using sbtest8_pkey on sbtest8  (cost=0.43..47.89 rows=11 width=121)
	              Index Cond: ((id >= 6082075) AND (id <= 6082084))

for: distinct_ranges
table 1 : explain SELECT DISTINCT c FROM sbtest1 WHERE id BETWEEN 9827225 AND 9827234 ORDER BY c
	Unique  (cost=52.20..52.26 rows=12 width=121)
	  ->  Sort  (cost=52.20..52.23 rows=12 width=121)
	        Sort Key: c
	        ->  Index Scan using sbtest1_pkey on sbtest1  (cost=0.43..51.98 rows=12 width=121)
	              Index Cond: ((id >= 9827225) AND (id <= 9827234))

table 2 : explain SELECT DISTINCT c FROM sbtest2 WHERE id BETWEEN 9532938 AND 9532947 ORDER BY c
	Unique  (cost=44.22..44.27 rows=10 width=121)
	  ->  Sort  (cost=44.22..44.25 rows=10 width=121)
	        Sort Key: c
	        ->  Index Scan using sbtest2_pkey on sbtest2  (cost=0.43..44.05 rows=10 width=121)
	              Index Cond: ((id >= 9532938) AND (id <= 9532947))

table 3 : explain SELECT DISTINCT c FROM sbtest3 WHERE id BETWEEN 40601 AND 40610 ORDER BY c
	Unique  (cost=44.24..44.29 rows=10 width=121)
	  ->  Sort  (cost=44.24..44.26 rows=10 width=121)
	        Sort Key: c
	        ->  Index Scan using sbtest3_pkey on sbtest3  (cost=0.43..44.07 rows=10 width=121)
	              Index Cond: ((id >= 40601) AND (id <= 40610))

table 4 : explain SELECT DISTINCT c FROM sbtest4 WHERE id BETWEEN 3370388 AND 3370397 ORDER BY c
	Unique  (cost=40.22..40.27 rows=9 width=121)
	  ->  Sort  (cost=40.22..40.24 rows=9 width=121)
	        Sort Key: c
	        ->  Index Scan using sbtest4_pkey on sbtest4  (cost=0.43..40.08 rows=9 width=121)
	              Index Cond: ((id >= 3370388) AND (id <= 3370397))

table 5 : explain SELECT DISTINCT c FROM sbtest5 WHERE id BETWEEN 8711689 AND 8711698 ORDER BY c
	Unique  (cost=40.10..40.15 rows=9 width=121)
	  ->  Sort  (cost=40.10..40.13 rows=9 width=121)
	        Sort Key: c
	        ->  Index Scan using sbtest5_pkey on sbtest5  (cost=0.43..39.96 rows=9 width=121)
	              Index Cond: ((id >= 8711689) AND (id <= 8711698))

table 6 : explain SELECT DISTINCT c FROM sbtest6 WHERE id BETWEEN 2824252 AND 2824261 ORDER BY c
	Unique  (cost=44.17..44.22 rows=10 width=121)
	  ->  Sort  (cost=44.17..44.19 rows=10 width=121)
	        Sort Key: c
	        ->  Index Scan using sbtest6_pkey on sbtest6  (cost=0.43..44.00 rows=10 width=121)
	              Index Cond: ((id >= 2824252) AND (id <= 2824261))

table 7 : explain SELECT DISTINCT c FROM sbtest7 WHERE id BETWEEN 2925869 AND 2925878 ORDER BY c
	Unique  (cost=44.25..44.30 rows=10 width=121)
	  ->  Sort  (cost=44.25..44.27 rows=10 width=121)
	        Sort Key: c
	        ->  Index Scan using sbtest7_pkey on sbtest7  (cost=0.43..44.08 rows=10 width=121)
	              Index Cond: ((id >= 2925869) AND (id <= 2925878))

table 8 : explain SELECT DISTINCT c FROM sbtest8 WHERE id BETWEEN 5822197 AND 5822206 ORDER BY c
	Unique  (cost=44.11..44.16 rows=10 width=121)
	  ->  Sort  (cost=44.11..44.13 rows=10 width=121)
	        Sort Key: c
	        ->  Index Scan using sbtest8_pkey on sbtest8  (cost=0.43..43.94 rows=10 width=121)
	              Index Cond: ((id >= 5822197) AND (id <= 5822206))

for: distinct_ranges
table 1 : explain SELECT DISTINCT c FROM sbtest1 WHERE id BETWEEN 3498659 AND 3498668 ORDER BY c
	Unique  (cost=44.24..44.29 rows=10 width=121)
	  ->  Sort  (cost=44.24..44.26 rows=10 width=121)
	        Sort Key: c
	        ->  Index Scan using sbtest1_pkey on sbtest1  (cost=0.43..44.07 rows=10 width=121)
	              Index Cond: ((id >= 3498659) AND (id <= 3498668))

table 2 : explain SELECT DISTINCT c FROM sbtest2 WHERE id BETWEEN 8699030 AND 8699039 ORDER BY c
	Unique  (cost=44.22..44.27 rows=10 width=121)
	  ->  Sort  (cost=44.22..44.25 rows=10 width=121)
	        Sort Key: c
	        ->  Index Scan using sbtest2_pkey on sbtest2  (cost=0.43..44.05 rows=10 width=121)
	              Index Cond: ((id >= 8699030) AND (id <= 8699039))

table 3 : explain SELECT DISTINCT c FROM sbtest3 WHERE id BETWEEN 6607292 AND 6607301 ORDER BY c
	Unique  (cost=44.24..44.29 rows=10 width=121)
	  ->  Sort  (cost=44.24..44.26 rows=10 width=121)
	        Sort Key: c
	        ->  Index Scan using sbtest3_pkey on sbtest3  (cost=0.43..44.07 rows=10 width=121)
	              Index Cond: ((id >= 6607292) AND (id <= 6607301))

table 4 : explain SELECT DISTINCT c FROM sbtest4 WHERE id BETWEEN 9011244 AND 9011253 ORDER BY c
	Unique  (cost=44.20..44.25 rows=10 width=121)
	  ->  Sort  (cost=44.20..44.22 rows=10 width=121)
	        Sort Key: c
	        ->  Index Scan using sbtest4_pkey on sbtest4  (cost=0.43..44.03 rows=10 width=121)
	              Index Cond: ((id >= 9011244) AND (id <= 9011253))

table 5 : explain SELECT DISTINCT c FROM sbtest5 WHERE id BETWEEN 4561526 AND 4561535 ORDER BY c
	Unique  (cost=44.07..44.12 rows=10 width=121)
	  ->  Sort  (cost=44.07..44.09 rows=10 width=121)
	        Sort Key: c
	        ->  Index Scan using sbtest5_pkey on sbtest5  (cost=0.43..43.90 rows=10 width=121)
	              Index Cond: ((id >= 4561526) AND (id <= 4561535))

table 6 : explain SELECT DISTINCT c FROM sbtest6 WHERE id BETWEEN 3643205 AND 3643214 ORDER BY c
	Unique  (cost=44.17..44.22 rows=10 width=121)
	  ->  Sort  (cost=44.17..44.19 rows=10 width=121)
	        Sort Key: c
	        ->  Index Scan using sbtest6_pkey on sbtest6  (cost=0.43..44.00 rows=10 width=121)
	              Index Cond: ((id >= 3643205) AND (id <= 3643214))

table 7 : explain SELECT DISTINCT c FROM sbtest7 WHERE id BETWEEN 9402659 AND 9402668 ORDER BY c
	Unique  (cost=44.25..44.30 rows=10 width=121)
	  ->  Sort  (cost=44.25..44.27 rows=10 width=121)
	        Sort Key: c
	        ->  Index Scan using sbtest7_pkey on sbtest7  (cost=0.43..44.08 rows=10 width=121)
	              Index Cond: ((id >= 9402659) AND (id <= 9402668))

table 8 : explain SELECT DISTINCT c FROM sbtest8 WHERE id BETWEEN 5001842 AND 5001851 ORDER BY c
	Unique  (cost=44.11..44.16 rows=10 width=121)
	  ->  Sort  (cost=44.11..44.13 rows=10 width=121)
	        Sort Key: c
	        ->  Index Scan using sbtest8_pkey on sbtest8  (cost=0.43..43.94 rows=10 width=121)
	              Index Cond: ((id >= 5001842) AND (id <= 5001851))

for: distinct_ranges
table 1 : explain SELECT DISTINCT c FROM sbtest1 WHERE id BETWEEN 5119015 AND 5119024 ORDER BY c
	Unique  (cost=40.26..40.30 rows=9 width=121)
	  ->  Sort  (cost=40.26..40.28 rows=9 width=121)
	        Sort Key: c
	        ->  Index Scan using sbtest1_pkey on sbtest1  (cost=0.43..40.11 rows=9 width=121)
	              Index Cond: ((id >= 5119015) AND (id <= 5119024))

table 2 : explain SELECT DISTINCT c FROM sbtest2 WHERE id BETWEEN 4543163 AND 4543172 ORDER BY c
	Unique  (cost=44.22..44.27 rows=10 width=121)
	  ->  Sort  (cost=44.22..44.25 rows=10 width=121)
	        Sort Key: c
	        ->  Index Scan using sbtest2_pkey on sbtest2  (cost=0.43..44.05 rows=10 width=121)
	              Index Cond: ((id >= 4543163) AND (id <= 4543172))

table 3 : explain SELECT DISTINCT c FROM sbtest3 WHERE id BETWEEN 9045560 AND 9045569 ORDER BY c
	Unique  (cost=44.24..44.29 rows=10 width=121)
	  ->  Sort  (cost=44.24..44.26 rows=10 width=121)
	        Sort Key: c
	        ->  Index Scan using sbtest3_pkey on sbtest3  (cost=0.43..44.07 rows=10 width=121)
	              Index Cond: ((id >= 9045560) AND (id <= 9045569))

table 4 : explain SELECT DISTINCT c FROM sbtest4 WHERE id BETWEEN 3252134 AND 3252143 ORDER BY c
	Unique  (cost=44.20..44.25 rows=10 width=121)
	  ->  Sort  (cost=44.20..44.22 rows=10 width=121)
	        Sort Key: c
	        ->  Index Scan using sbtest4_pkey on sbtest4  (cost=0.43..44.03 rows=10 width=121)
	              Index Cond: ((id >= 3252134) AND (id <= 3252143))

table 5 : explain SELECT DISTINCT c FROM sbtest5 WHERE id BETWEEN 9457637 AND 9457646 ORDER BY c
	Unique  (cost=40.10..40.15 rows=9 width=121)
	  ->  Sort  (cost=40.10..40.13 rows=9 width=121)
	        Sort Key: c
	        ->  Index Scan using sbtest5_pkey on sbtest5  (cost=0.43..39.96 rows=9 width=121)
	              Index Cond: ((id >= 9457637) AND (id <= 9457646))

table 6 : explain SELECT DISTINCT c FROM sbtest6 WHERE id BETWEEN 5696217 AND 5696226 ORDER BY c
	Unique  (cost=44.17..44.22 rows=10 width=121)
	  ->  Sort  (cost=44.17..44.19 rows=10 width=121)
	        Sort Key: c
	        ->  Index Scan using sbtest6_pkey on sbtest6  (cost=0.43..44.00 rows=10 width=121)
	              Index Cond: ((id >= 5696217) AND (id <= 5696226))

table 7 : explain SELECT DISTINCT c FROM sbtest7 WHERE id BETWEEN 8383144 AND 8383153 ORDER BY c
	Unique  (cost=44.25..44.30 rows=10 width=121)
	  ->  Sort  (cost=44.25..44.27 rows=10 width=121)
	        Sort Key: c
	        ->  Index Scan using sbtest7_pkey on sbtest7  (cost=0.43..44.08 rows=10 width=121)
	              Index Cond: ((id >= 8383144) AND (id <= 8383153))

table 8 : explain SELECT DISTINCT c FROM sbtest8 WHERE id BETWEEN 3600875 AND 3600884 ORDER BY c
	Unique  (cost=48.08..48.13 rows=11 width=121)
	  ->  Sort  (cost=48.08..48.10 rows=11 width=121)
	        Sort Key: c
	        ->  Index Scan using sbtest8_pkey on sbtest8  (cost=0.43..47.89 rows=11 width=121)
	              Index Cond: ((id >= 3600875) AND (id <= 3600884))

for: distinct_ranges
table 1 : explain SELECT DISTINCT c FROM sbtest1 WHERE id BETWEEN 862708 AND 862717 ORDER BY c
	Unique  (cost=40.26..40.30 rows=9 width=121)
	  ->  Sort  (cost=40.26..40.28 rows=9 width=121)
	        Sort Key: c
	        ->  Index Scan using sbtest1_pkey on sbtest1  (cost=0.43..40.11 rows=9 width=121)
	              Index Cond: ((id >= 862708) AND (id <= 862717))

table 2 : explain SELECT DISTINCT c FROM sbtest2 WHERE id BETWEEN 7061536 AND 7061545 ORDER BY c
	Unique  (cost=44.22..44.27 rows=10 width=121)
	  ->  Sort  (cost=44.22..44.25 rows=10 width=121)
	        Sort Key: c
	        ->  Index Scan using sbtest2_pkey on sbtest2  (cost=0.43..44.05 rows=10 width=121)
	              Index Cond: ((id >= 7061536) AND (id <= 7061545))

table 3 : explain SELECT DISTINCT c FROM sbtest3 WHERE id BETWEEN 9305015 AND 9305024 ORDER BY c
	Unique  (cost=44.24..44.29 rows=10 width=121)
	  ->  Sort  (cost=44.24..44.26 rows=10 width=121)
	        Sort Key: c
	        ->  Index Scan using sbtest3_pkey on sbtest3  (cost=0.43..44.07 rows=10 width=121)
	              Index Cond: ((id >= 9305015) AND (id <= 9305024))

table 4 : explain SELECT DISTINCT c FROM sbtest4 WHERE id BETWEEN 4625040 AND 4625049 ORDER BY c
	Unique  (cost=44.20..44.25 rows=10 width=121)
	  ->  Sort  (cost=44.20..44.22 rows=10 width=121)
	        Sort Key: c
	        ->  Index Scan using sbtest4_pkey on sbtest4  (cost=0.43..44.03 rows=10 width=121)
	              Index Cond: ((id >= 4625040) AND (id <= 4625049))

table 5 : explain SELECT DISTINCT c FROM sbtest5 WHERE id BETWEEN 730564 AND 730573 ORDER BY c
	Unique  (cost=48.03..48.08 rows=11 width=121)
	  ->  Sort  (cost=48.03..48.06 rows=11 width=121)
	        Sort Key: c
	        ->  Index Scan using sbtest5_pkey on sbtest5  (cost=0.43..47.84 rows=11 width=121)
	              Index Cond: ((id >= 730564) AND (id <= 730573))

table 6 : explain SELECT DISTINCT c FROM sbtest6 WHERE id BETWEEN 8628194 AND 8628203 ORDER BY c
	Unique  (cost=44.17..44.22 rows=10 width=121)
	  ->  Sort  (cost=44.17..44.19 rows=10 width=121)
	        Sort Key: c
	        ->  Index Scan using sbtest6_pkey on sbtest6  (cost=0.43..44.00 rows=10 width=121)
	              Index Cond: ((id >= 8628194) AND (id <= 8628203))

table 7 : explain SELECT DISTINCT c FROM sbtest7 WHERE id BETWEEN 1419555 AND 1419564 ORDER BY c
	Unique  (cost=40.26..40.31 rows=9 width=121)
	  ->  Sort  (cost=40.26..40.29 rows=9 width=121)
	        Sort Key: c
	        ->  Index Scan using sbtest7_pkey on sbtest7  (cost=0.43..40.12 rows=9 width=121)
	              Index Cond: ((id >= 1419555) AND (id <= 1419564))

table 8 : explain SELECT DISTINCT c FROM sbtest8 WHERE id BETWEEN 8275105 AND 8275114 ORDER BY c
	Unique  (cost=44.11..44.16 rows=10 width=121)
	  ->  Sort  (cost=44.11..44.13 rows=10 width=121)
	        Sort Key: c
	        ->  Index Scan using sbtest8_pkey on sbtest8  (cost=0.43..43.94 rows=10 width=121)
	              Index Cond: ((id >= 8275105) AND (id <= 8275114))

Threads started!

Warming up for 5 seconds...

SQL statistics:
    queries performed:
        read:                            473694753
        write:                           0
        other:                           67670689
        total:                           541365442
    transactions:                        33835364 (53706.22 per sec.)
    queries:                             541365442 (859298.99 per sec.)
    ignored errors:                      0      (0.00 per sec.)
    reconnects:                          0      (0.00 per sec.)

Throughput:
    events/s (eps):                      53706.2245
    time elapsed:                        630.0083s
    total number of events:              33835364

Latency (ms):
         min:                                    0.65
         avg:                                    0.74
         max:                                  344.60
         95th percentile:                        0.81
         sum:                             25169419.14

Threads fairness:
    events (avg/stddev):           845883.1250/5237.54
    execution time (avg/stddev):   629.2355/0.01

