LUA_PATH=/home/mdcallag/git/mytools/bench/sysbench.lua/lua/?.lua /home/mdcallag/git/mytools/bench/sysbench.lua/lua/sysbench --db-driver=pgsql --range-size=10 --table-size=10000000 --tables=8 --threads=40 --events=0 --warmup-time=5 --time=930 --pgsql_conn_id=true /home/mdcallag/git/mytools/bench/sysbench.lua/lua/oltp_read_write.lua run --pgsql-user=root --pgsql-password=pw --pgsql-host=127.0.0.1 --pgsql-db=ib --rand-type=uniform
48 CPUs
sysbench 1.1.0-9072687 (using bundled LuaJIT 2.1.0-beta3)

Running the test with following options:
Number of threads: 40
Warmup time: 5s
Initializing random number generator from current time


Initializing worker threads...

explain: for point_selects :: explain SELECT c FROM sbtest%u WHERE id=%u
explain: for point_selects :: explain SELECT c FROM sbtest%u WHERE id=%u
explain: for point_selects :: explain SELECT c FROM sbtest%u WHERE id=%u
explain: for point_selects :: explain SELECT c FROM sbtest%u WHERE id=%u
for point_selects
table 1 : explain SELECT c FROM sbtest1 WHERE id=2625711
	Index Scan using sbtest1_pkey on sbtest1  (cost=0.43..8.45 rows=1 width=121)
	  Index Cond: (id = 2625711)

table 2 : explain SELECT c FROM sbtest2 WHERE id=5308470
	Index Scan using sbtest2_pkey on sbtest2  (cost=0.43..8.45 rows=1 width=121)
	  Index Cond: (id = 5308470)

table 3 : explain SELECT c FROM sbtest3 WHERE id=2927627
	Index Scan using sbtest3_pkey on sbtest3  (cost=0.43..8.45 rows=1 width=121)
	  Index Cond: (id = 2927627)

table 4 : explain SELECT c FROM sbtest4 WHERE id=7480630
	Index Scan using sbtest4_pkey on sbtest4  (cost=0.43..8.45 rows=1 width=121)
	  Index Cond: (id = 7480630)

table 5 : explain SELECT c FROM sbtest5 WHERE id=9590785
	Index Scan using sbtest5_pkey on sbtest5  (cost=0.43..8.45 rows=1 width=121)
	  Index Cond: (id = 9590785)

table 6 : explain SELECT c FROM sbtest6 WHERE id=962597
	Index Scan using sbtest6_pkey on sbtest6  (cost=0.43..8.45 rows=1 width=121)
	  Index Cond: (id = 962597)

table 7 : explain SELECT c FROM sbtest7 WHERE id=9231822
	Index Scan using sbtest7_pkey on sbtest7  (cost=0.43..8.45 rows=1 width=121)
	  Index Cond: (id = 9231822)

table 8 : explain SELECT c FROM sbtest8 WHERE id=3590648
	Index Scan using sbtest8_pkey on sbtest8  (cost=0.43..8.45 rows=1 width=121)
	  Index Cond: (id = 3590648)

explain: for point_selects :: explain SELECT c FROM sbtest%u WHERE id=%u
explain: for point_selects :: explain SELECT c FROM sbtest%u WHERE id=%u
for point_selects
table 1 : explain SELECT c FROM sbtest1 WHERE id=4928478
	Index Scan using sbtest1_pkey on sbtest1  (cost=0.43..8.45 rows=1 width=121)
	  Index Cond: (id = 4928478)

table 2 : explain SELECT c FROM sbtest2 WHERE id=3262744
	Index Scan using sbtest2_pkey on sbtest2  (cost=0.43..8.45 rows=1 width=121)
	  Index Cond: (id = 3262744)

table 3 : explain SELECT c FROM sbtest3 WHERE id=2415448
	Index Scan using sbtest3_pkey on sbtest3  (cost=0.43..8.45 rows=1 width=121)
	  Index Cond: (id = 2415448)

table 4 : explain SELECT c FROM sbtest4 WHERE id=8244
	Index Scan using sbtest4_pkey on sbtest4  (cost=0.43..8.45 rows=1 width=121)
	  Index Cond: (id = 8244)

table 5 : explain SELECT c FROM sbtest5 WHERE id=492703
	Index Scan using sbtest5_pkey on sbtest5  (cost=0.43..8.45 rows=1 width=121)
	  Index Cond: (id = 492703)

table 6 : explain SELECT c FROM sbtest6 WHERE id=3148484
	Index Scan using sbtest6_pkey on sbtest6  (cost=0.43..8.45 rows=1 width=121)
	  Index Cond: (id = 3148484)

table 7 : explain SELECT c FROM sbtest7 WHERE id=8800504
	Index Scan using sbtest7_pkey on sbtest7  (cost=0.43..8.45 rows=1 width=121)
	  Index Cond: (id = 8800504)

table 8 : explain SELECT c FROM sbtest8 WHERE id=127157
	Index Scan using sbtest8_pkey on sbtest8  (cost=0.43..8.45 rows=1 width=121)
	  Index Cond: (id = 127157)

for: simple_ranges
table 1 : explain SELECT c FROM sbtest1 WHERE id BETWEEN 5868058 AND 5868067
	Index Scan using sbtest1_pkey on sbtest1  (cost=0.43..40.47 rows=10 width=121)
	  Index Cond: ((id >= 5868058) AND (id <= 5868067))

table 2 : explain SELECT c FROM sbtest2 WHERE id BETWEEN 8413807 AND 8413816
	Index Scan using sbtest2_pkey on sbtest2  (cost=0.43..40.60 rows=10 width=121)
	  Index Cond: ((id >= 8413807) AND (id <= 8413816))

table 3 : explain SELECT c FROM sbtest3 WHERE id BETWEEN 1633364 AND 1633373
	Index Scan using sbtest3_pkey on sbtest3  (cost=0.43..40.87 rows=10 width=121)
	  Index Cond: ((id >= 1633364) AND (id <= 1633373))

table 4 : explain SELECT c FROM sbtest4 WHERE id BETWEEN 2066379 AND 2066388
	Index Scan using sbtest4_pkey on sbtest4  (cost=0.43..40.73 rows=10 width=121)
	  Index Cond: ((id >= 2066379) AND (id <= 2066388))

table 5 : explain SELECT c FROM sbtest5 WHERE id BETWEEN 2032779 AND 2032788
	Index Scan using sbtest5_pkey on sbtest5  (cost=0.43..43.84 rows=11 width=121)
	  Index Cond: ((id >= 2032779) AND (id <= 2032788))

table 6 : explain SELECT c FROM sbtest6 WHERE id BETWEEN 6972244 AND 6972253
	Index Scan using sbtest6_pkey on sbtest6  (cost=0.43..44.44 rows=11 width=121)
	  Index Cond: ((id >= 6972244) AND (id <= 6972253))

table 7 : explain SELECT c FROM sbtest7 WHERE id BETWEEN 9871625 AND 9871634
	Index Scan using sbtest7_pkey on sbtest7  (cost=0.43..43.98 rows=11 width=121)
	  Index Cond: ((id >= 9871625) AND (id <= 9871634))

table 8 : explain SELECT c FROM sbtest8 WHERE id BETWEEN 6439576 AND 6439585
	Index Scan using sbtest8_pkey on sbtest8  (cost=0.43..36.70 rows=9 width=121)
	  Index Cond: ((id >= 6439576) AND (id <= 6439585))

for: simple_ranges
table 1 : explain SELECT c FROM sbtest1 WHERE id BETWEEN 6693423 AND 6693432
	Index Scan using sbtest1_pkey on sbtest1  (cost=0.43..40.47 rows=10 width=121)
	  Index Cond: ((id >= 6693423) AND (id <= 6693432))

table 2 : explain SELECT c FROM sbtest2 WHERE id BETWEEN 516897 AND 516906
	Index Scan using sbtest2_pkey on sbtest2  (cost=0.43..37.03 rows=9 width=121)
	  Index Cond: ((id >= 516897) AND (id <= 516906))

table 3 : explain SELECT c FROM sbtest3 WHERE id BETWEEN 2166903 AND 2166912
	Index Scan using sbtest3_pkey on sbtest3  (cost=0.43..44.47 rows=11 width=121)
	  Index Cond: ((id >= 2166903) AND (id <= 2166912))

table 4 : explain SELECT c FROM sbtest4 WHERE id BETWEEN 9692268 AND 9692277
	Index Scan using sbtest4_pkey on sbtest4  (cost=0.43..40.73 rows=10 width=121)
	  Index Cond: ((id >= 9692268) AND (id <= 9692277))

table 5 : explain SELECT c FROM sbtest5 WHERE id BETWEEN 7693724 AND 7693733
	Index Scan using sbtest5_pkey on sbtest5  (cost=0.43..40.30 rows=10 width=121)
	  Index Cond: ((id >= 7693724) AND (id <= 7693733))

table 6 : explain SELECT c FROM sbtest6 WHERE id BETWEEN 6418529 AND 6418538
	Index Scan using sbtest6_pkey on sbtest6  (cost=0.43..40.84 rows=10 width=121)
	  Index Cond: ((id >= 6418529) AND (id <= 6418538))

table 7 : explain SELECT c FROM sbtest7 WHERE id BETWEEN 3284443 AND 3284452
	Index Scan using sbtest7_pkey on sbtest7  (cost=0.43..36.88 rows=9 width=121)
	  Index Cond: ((id >= 3284443) AND (id <= 3284452))

table 8 : explain SELECT c FROM sbtest8 WHERE id BETWEEN 5760917 AND 5760926
	Index Scan using sbtest8_pkey on sbtest8  (cost=0.43..40.23 rows=10 width=121)
	  Index Cond: ((id >= 5760917) AND (id <= 5760926))

for point_selects
table 1 : explain SELECT c FROM sbtest1 WHERE id=513121
	Index Scan using sbtest1_pkey on sbtest1  (cost=0.43..8.45 rows=1 width=121)
	  Index Cond: (id = 513121)

table 2 : explain SELECT c FROM sbtest2 WHERE id=8779999
	Index Scan using sbtest2_pkey on sbtest2  (cost=0.43..8.45 rows=1 width=121)
	  Index Cond: (id = 8779999)

table 3 : explain SELECT c FROM sbtest3 WHERE id=4199536
	Index Scan using sbtest3_pkey on sbtest3  (cost=0.43..8.45 rows=1 width=121)
	  Index Cond: (id = 4199536)

table 4 : explain SELECT c FROM sbtest4 WHERE id=9518642
	Index Scan using sbtest4_pkey on sbtest4  (cost=0.43..8.45 rows=1 width=121)
	  Index Cond: (id = 9518642)

table 5 : explain SELECT c FROM sbtest5 WHERE id=5891450
	Index Scan using sbtest5_pkey on sbtest5  (cost=0.43..8.45 rows=1 width=121)
	  Index Cond: (id = 5891450)

table 6 : explain SELECT c FROM sbtest6 WHERE id=8902022
	Index Scan using sbtest6_pkey on sbtest6  (cost=0.43..8.45 rows=1 width=121)
	  Index Cond: (id = 8902022)

table 7 : explain SELECT c FROM sbtest7 WHERE id=9095042
	Index Scan using sbtest7_pkey on sbtest7  (cost=0.43..8.45 rows=1 width=121)
	  Index Cond: (id = 9095042)

table 8 : explain SELECT c FROM sbtest8 WHERE id=6307003
	Index Scan using sbtest8_pkey on sbtest8  (cost=0.43..8.45 rows=1 width=121)
	  Index Cond: (id = 6307003)

for point_selects
table 1 : explain SELECT c FROM sbtest1 WHERE id=4247713
	Index Scan using sbtest1_pkey on sbtest1  (cost=0.43..8.45 rows=1 width=121)
	  Index Cond: (id = 4247713)

table 2 : explain SELECT c FROM sbtest2 WHERE id=3891593
	Index Scan using sbtest2_pkey on sbtest2  (cost=0.43..8.45 rows=1 width=121)
	  Index Cond: (id = 3891593)

table 3 : explain SELECT c FROM sbtest3 WHERE id=3479839
	Index Scan using sbtest3_pkey on sbtest3  (cost=0.43..8.45 rows=1 width=121)
	  Index Cond: (id = 3479839)

table 4 : explain SELECT c FROM sbtest4 WHERE id=7922696
	Index Scan using sbtest4_pkey on sbtest4  (cost=0.43..8.45 rows=1 width=121)
	  Index Cond: (id = 7922696)

table 5 : explain SELECT c FROM sbtest5 WHERE id=6127110
	Index Scan using sbtest5_pkey on sbtest5  (cost=0.43..8.45 rows=1 width=121)
	  Index Cond: (id = 6127110)

table 6 : explain SELECT c FROM sbtest6 WHERE id=2060982
	Index Scan using sbtest6_pkey on sbtest6  (cost=0.43..8.45 rows=1 width=121)
	  Index Cond: (id = 2060982)

table 7 : explain SELECT c FROM sbtest7 WHERE id=1133493
	Index Scan using sbtest7_pkey on sbtest7  (cost=0.43..8.45 rows=1 width=121)
	  Index Cond: (id = 1133493)

table 8 : explain SELECT c FROM sbtest8 WHERE id=9300126
	Index Scan using sbtest8_pkey on sbtest8  (cost=0.43..8.45 rows=1 width=121)
	  Index Cond: (id = 9300126)

explain: for point_selects :: explain SELECT c FROM sbtest%u WHERE id=%u
for: sum_ranges
table 1 : explain SELECT SUM(k) FROM sbtest1 WHERE id BETWEEN 5817499 AND 5817508
	Aggregate  (cost=40.50..40.51 rows=1 width=8)
	  ->  Index Scan using sbtest1_pkey on sbtest1  (cost=0.43..40.47 rows=10 width=4)
	        Index Cond: ((id >= 5817499) AND (id <= 5817508))

table 2 : explain SELECT SUM(k) FROM sbtest2 WHERE id BETWEEN 1208258 AND 1208267
	Aggregate  (cost=40.62..40.63 rows=1 width=8)
	  ->  Index Scan using sbtest2_pkey on sbtest2  (cost=0.43..40.60 rows=10 width=4)
	        Index Cond: ((id >= 1208258) AND (id <= 1208267))

table 3 : explain SELECT SUM(k) FROM sbtest3 WHERE id BETWEEN 5693535 AND 5693544
	Aggregate  (cost=40.89..40.90 rows=1 width=8)
	  ->  Index Scan using sbtest3_pkey on sbtest3  (cost=0.43..40.87 rows=10 width=4)
	        Index Cond: ((id >= 5693535) AND (id <= 5693544))

table 4 : explain SELECT SUM(k) FROM sbtest4 WHERE id BETWEEN 719784 AND 719793
	Aggregate  (cost=44.35..44.36 rows=1 width=8)
	  ->  Index Scan using sbtest4_pkey on sbtest4  (cost=0.43..44.32 rows=11 width=4)
	        Index Cond: ((id >= 719784) AND (id <= 719793))

table 5 : explain SELECT SUM(k) FROM sbtest5 WHERE id BETWEEN 653329 AND 653338
	Aggregate  (cost=40.32..40.33 rows=1 width=8)
	  ->  Index Scan using sbtest5_pkey on sbtest5  (cost=0.43..40.30 rows=10 width=4)
	        Index Cond: ((id >= 653329) AND (id <= 653338))

table 6 : explain SELECT SUM(k) FROM sbtest6 WHERE id BETWEEN 2159339 AND 2159348
	Aggregate  (cost=40.87..40.88 rows=1 width=8)
	  ->  Index Scan using sbtest6_pkey on sbtest6  (cost=0.43..40.84 rows=10 width=4)
	        Index Cond: ((id >= 2159339) AND (id <= 2159348))

table 7 : explain SELECT SUM(k) FROM sbtest7 WHERE id BETWEEN 9002903 AND 9002912
	Aggregate  (cost=44.01..44.02 rows=1 width=8)
	  ->  Index Scan using sbtest7_pkey on sbtest7  (cost=0.43..43.98 rows=11 width=4)
	        Index Cond: ((id >= 9002903) AND (id <= 9002912))

table 8 : explain SELECT SUM(k) FROM sbtest8 WHERE id BETWEEN 6082686 AND 6082695
	Aggregate  (cost=40.26..40.27 rows=1 width=8)
	  ->  Index Scan using sbtest8_pkey on sbtest8  (cost=0.43..40.23 rows=10 width=4)
	        Index Cond: ((id >= 6082686) AND (id <= 6082695))

for point_selects
table 1 : explain SELECT c FROM sbtest1 WHERE id=5647391
	Index Scan using sbtest1_pkey on sbtest1  (cost=0.43..8.45 rows=1 width=121)
	  Index Cond: (id = 5647391)

table 2 : explain SELECT c FROM sbtest2 WHERE id=5712220
	Index Scan using sbtest2_pkey on sbtest2  (cost=0.43..8.45 rows=1 width=121)
	  Index Cond: (id = 5712220)

table 3 : explain SELECT c FROM sbtest3 WHERE id=8673681
	Index Scan using sbtest3_pkey on sbtest3  (cost=0.43..8.45 rows=1 width=121)
	  Index Cond: (id = 8673681)

table 4 : explain SELECT c FROM sbtest4 WHERE id=1916042
	Index Scan using sbtest4_pkey on sbtest4  (cost=0.43..8.45 rows=1 width=121)
	  Index Cond: (id = 1916042)

table 5 : explain SELECT c FROM sbtest5 WHERE id=1647804
	Index Scan using sbtest5_pkey on sbtest5  (cost=0.43..8.45 rows=1 width=121)
	  Index Cond: (id = 1647804)

table 6 : explain SELECT c FROM sbtest6 WHERE id=6899108
	Index Scan using sbtest6_pkey on sbtest6  (cost=0.43..8.45 rows=1 width=121)
	  Index Cond: (id = 6899108)

table 7 : explain SELECT c FROM sbtest7 WHERE id=5601003
	Index Scan using sbtest7_pkey on sbtest7  (cost=0.43..8.45 rows=1 width=121)
	  Index Cond: (id = 5601003)

table 8 : explain SELECT c FROM sbtest8 WHERE id=8280127
	Index Scan using sbtest8_pkey on sbtest8  (cost=0.43..8.45 rows=1 width=121)
	  Index Cond: (id = 8280127)

for: simple_ranges
table 1 : explain SELECT c FROM sbtest1 WHERE id BETWEEN 6516872 AND 6516881
	Index Scan using sbtest1_pkey on sbtest1  (cost=0.43..40.47 rows=10 width=121)
	  Index Cond: ((id >= 6516872) AND (id <= 6516881))

table 2 : explain SELECT c FROM sbtest2 WHERE id BETWEEN 7795112 AND 7795121
	Index Scan using sbtest2_pkey on sbtest2  (cost=0.43..40.60 rows=10 width=121)
	  Index Cond: ((id >= 7795112) AND (id <= 7795121))

table 3 : explain SELECT c FROM sbtest3 WHERE id BETWEEN 6290038 AND 6290047
	Index Scan using sbtest3_pkey on sbtest3  (cost=0.43..40.87 rows=10 width=121)
	  Index Cond: ((id >= 6290038) AND (id <= 6290047))

table 4 : explain SELECT c FROM sbtest4 WHERE id BETWEEN 4641893 AND 4641902
	Index Scan using sbtest4_pkey on sbtest4  (cost=0.43..37.15 rows=9 width=121)
	  Index Cond: ((id >= 4641893) AND (id <= 4641902))

table 5 : explain SELECT c FROM sbtest5 WHERE id BETWEEN 2244485 AND 2244494
	Index Scan using sbtest5_pkey on sbtest5  (cost=0.43..36.76 rows=9 width=121)
	  Index Cond: ((id >= 2244485) AND (id <= 2244494))

table 6 : explain SELECT c FROM sbtest6 WHERE id BETWEEN 450673 AND 450682
	Index Scan using sbtest6_pkey on sbtest6  (cost=0.43..40.84 rows=10 width=121)
	  Index Cond: ((id >= 450673) AND (id <= 450682))

table 7 : explain SELECT c FROM sbtest7 WHERE id BETWEEN 2579451 AND 2579460
	Index Scan using sbtest7_pkey on sbtest7  (cost=0.43..40.43 rows=10 width=121)
	  Index Cond: ((id >= 2579451) AND (id <= 2579460))

table 8 : explain SELECT c FROM sbtest8 WHERE id BETWEEN 5563695 AND 5563704
	Index Scan using sbtest8_pkey on sbtest8  (cost=0.43..43.76 rows=11 width=121)
	  Index Cond: ((id >= 5563695) AND (id <= 5563704))

for point_selects
table 1 : explain SELECT c FROM sbtest1 WHERE id=6388205
	Index Scan using sbtest1_pkey on sbtest1  (cost=0.43..8.45 rows=1 width=121)
	  Index Cond: (id = 6388205)

table 2 : explain SELECT c FROM sbtest2 WHERE id=9670502
	Index Scan using sbtest2_pkey on sbtest2  (cost=0.43..8.45 rows=1 width=121)
	  Index Cond: (id = 9670502)

table 3 : explain SELECT c FROM sbtest3 WHERE id=3076637
	Index Scan using sbtest3_pkey on sbtest3  (cost=0.43..8.45 rows=1 width=121)
	  Index Cond: (id = 3076637)

table 4 : explain SELECT c FROM sbtest4 WHERE id=7166279
	Index Scan using sbtest4_pkey on sbtest4  (cost=0.43..8.45 rows=1 width=121)
	  Index Cond: (id = 7166279)

table 5 : explain SELECT c FROM sbtest5 WHERE id=3842203
	Index Scan using sbtest5_pkey on sbtest5  (cost=0.43..8.45 rows=1 width=121)
	  Index Cond: (id = 3842203)

table 6 : explain SELECT c FROM sbtest6 WHERE id=4764237
	Index Scan using sbtest6_pkey on sbtest6  (cost=0.43..8.45 rows=1 width=121)
	  Index Cond: (id = 4764237)

table 7 : explain SELECT c FROM sbtest7 WHERE id=8689291
	Index Scan using sbtest7_pkey on sbtest7  (cost=0.43..8.45 rows=1 width=121)
	  Index Cond: (id = 8689291)

table 8 : explain SELECT c FROM sbtest8 WHERE id=6740582
	Index Scan using sbtest8_pkey on sbtest8  (cost=0.43..8.45 rows=1 width=121)
	  Index Cond: (id = 6740582)

for: simple_ranges
table 1 : explain SELECT c FROM sbtest1 WHERE id BETWEEN 191181 AND 191190
	Index Scan using sbtest1_pkey on sbtest1  (cost=0.43..36.92 rows=9 width=121)
	  Index Cond: ((id >= 191181) AND (id <= 191190))

table 2 : explain SELECT c FROM sbtest2 WHERE id BETWEEN 7078113 AND 7078122
	Index Scan using sbtest2_pkey on sbtest2  (cost=0.43..40.60 rows=10 width=121)
	  Index Cond: ((id >= 7078113) AND (id <= 7078122))

table 3 : explain SELECT c FROM sbtest3 WHERE id BETWEEN 3670498 AND 3670507
	Index Scan using sbtest3_pkey on sbtest3  (cost=0.43..40.87 rows=10 width=121)
	  Index Cond: ((id >= 3670498) AND (id <= 3670507))

table 4 : explain SELECT c FROM sbtest4 WHERE id BETWEEN 7462051 AND 7462060
	Index Scan using sbtest4_pkey on sbtest4  (cost=0.43..37.15 rows=9 width=121)
	  Index Cond: ((id >= 7462051) AND (id <= 7462060))

table 5 : explain SELECT c FROM sbtest5 WHERE id BETWEEN 6008262 AND 6008271
	Index Scan using sbtest5_pkey on sbtest5  (cost=0.43..40.30 rows=10 width=121)
	  Index Cond: ((id >= 6008262) AND (id <= 6008271))

table 6 : explain SELECT c FROM sbtest6 WHERE id BETWEEN 2609697 AND 2609706
	Index Scan using sbtest6_pkey on sbtest6  (cost=0.43..40.84 rows=10 width=121)
	  Index Cond: ((id >= 2609697) AND (id <= 2609706))

table 7 : explain SELECT c FROM sbtest7 WHERE id BETWEEN 2402270 AND 2402279
	Index Scan using sbtest7_pkey on sbtest7  (cost=0.43..43.98 rows=11 width=121)
	  Index Cond: ((id >= 2402270) AND (id <= 2402279))

table 8 : explain SELECT c FROM sbtest8 WHERE id BETWEEN 441753 AND 441762
	Index Scan using sbtest8_pkey on sbtest8  (cost=0.43..43.76 rows=11 width=121)
	  Index Cond: ((id >= 441753) AND (id <= 441762))

for: sum_ranges
table 1 : explain SELECT SUM(k) FROM sbtest1 WHERE id BETWEEN 7184896 AND 7184905
	Aggregate  (cost=40.50..40.51 rows=1 width=8)
	  ->  Index Scan using sbtest1_pkey on sbtest1  (cost=0.43..40.47 rows=10 width=4)
	        Index Cond: ((id >= 7184896) AND (id <= 7184905))

table 2 : explain SELECT SUM(k) FROM sbtest2 WHERE id BETWEEN 4881959 AND 4881968
	Aggregate  (cost=37.05..37.06 rows=1 width=8)
	  ->  Index Scan using sbtest2_pkey on sbtest2  (cost=0.43..37.03 rows=9 width=4)
	        Index Cond: ((id >= 4881959) AND (id <= 4881968))

table 3 : explain SELECT SUM(k) FROM sbtest3 WHERE id BETWEEN 2481017 AND 2481026
	Aggregate  (cost=37.29..37.30 rows=1 width=8)
	  ->  Index Scan using sbtest3_pkey on sbtest3  (cost=0.43..37.27 rows=9 width=4)
	        Index Cond: ((id >= 2481017) AND (id <= 2481026))

table 4 : explain SELECT SUM(k) FROM sbtest4 WHERE id BETWEEN 2306706 AND 2306715
	Aggregate  (cost=44.35..44.36 rows=1 width=8)
	  ->  Index Scan using sbtest4_pkey on sbtest4  (cost=0.43..44.32 rows=11 width=4)
	        Index Cond: ((id >= 2306706) AND (id <= 2306715))

table 5 : explain SELECT SUM(k) FROM sbtest5 WHERE id BETWEEN 7743148 AND 7743157
	Aggregate  (cost=36.78..36.79 rows=1 width=8)
	  ->  Index Scan using sbtest5_pkey on sbtest5  (cost=0.43..36.76 rows=9 width=4)
	        Index Cond: ((id >= 7743148) AND (id <= 7743157))

table 6 : explain SELECT SUM(k) FROM sbtest6 WHERE id BETWEEN 8628699 AND 8628708
	Aggregate  (cost=37.27..37.28 rows=1 width=8)
	  ->  Index Scan using sbtest6_pkey on sbtest6  (cost=0.43..37.25 rows=9 width=4)
	        Index Cond: ((id >= 8628699) AND (id <= 8628708))

table 7 : explain SELECT SUM(k) FROM sbtest7 WHERE id BETWEEN 4661495 AND 4661504
	Aggregate  (cost=40.45..40.46 rows=1 width=8)
	  ->  Index Scan using sbtest7_pkey on sbtest7  (cost=0.43..40.43 rows=10 width=4)
	        Index Cond: ((id >= 4661495) AND (id <= 4661504))

table 8 : explain SELECT SUM(k) FROM sbtest8 WHERE id BETWEEN 7053107 AND 7053116
	Aggregate  (cost=40.26..40.27 rows=1 width=8)
	  ->  Index Scan using sbtest8_pkey on sbtest8  (cost=0.43..40.23 rows=10 width=4)
	        Index Cond: ((id >= 7053107) AND (id <= 7053116))

for: simple_ranges
table 1 : explain SELECT c FROM sbtest1 WHERE id BETWEEN 9365844 AND 9365853
	Index Scan using sbtest1_pkey on sbtest1  (cost=0.43..44.03 rows=11 width=121)
	  Index Cond: ((id >= 9365844) AND (id <= 9365853))

table 2 : explain SELECT c FROM sbtest2 WHERE id BETWEEN 1695882 AND 1695891
	Index Scan using sbtest2_pkey on sbtest2  (cost=0.43..40.60 rows=10 width=121)
	  Index Cond: ((id >= 1695882) AND (id <= 1695891))

table 3 : explain SELECT c FROM sbtest3 WHERE id BETWEEN 1872425 AND 1872434
	Index Scan using sbtest3_pkey on sbtest3  (cost=0.43..40.87 rows=10 width=121)
	  Index Cond: ((id >= 1872425) AND (id <= 1872434))

table 4 : explain SELECT c FROM sbtest4 WHERE id BETWEEN 573473 AND 573482
	Index Scan using sbtest4_pkey on sbtest4  (cost=0.43..44.32 rows=11 width=121)
	  Index Cond: ((id >= 573473) AND (id <= 573482))

table 5 : explain SELECT c FROM sbtest5 WHERE id BETWEEN 262133 AND 262142
	Index Scan using sbtest5_pkey on sbtest5  (cost=0.43..43.84 rows=11 width=121)
	  Index Cond: ((id >= 262133) AND (id <= 262142))

table 6 : explain SELECT c FROM sbtest6 WHERE id BETWEEN 9507431 AND 9507440
	Index Scan using sbtest6_pkey on sbtest6  (cost=0.43..40.84 rows=10 width=121)
	  Index Cond: ((id >= 9507431) AND (id <= 9507440))

table 7 : explain SELECT c FROM sbtest7 WHERE id BETWEEN 5810310 AND 5810319
	Index Scan using sbtest7_pkey on sbtest7  (cost=0.43..40.43 rows=10 width=121)
	  Index Cond: ((id >= 5810310) AND (id <= 5810319))

table 8 : explain SELECT c FROM sbtest8 WHERE id BETWEEN 8853829 AND 8853838
	Index Scan using sbtest8_pkey on sbtest8  (cost=0.43..36.70 rows=9 width=121)
	  Index Cond: ((id >= 8853829) AND (id <= 8853838))

for point_selects
table 1 : explain SELECT c FROM sbtest1 WHERE id=1607306
	Index Scan using sbtest1_pkey on sbtest1  (cost=0.43..8.45 rows=1 width=121)
	  Index Cond: (id = 1607306)

table 2 : explain SELECT c FROM sbtest2 WHERE id=6678234
	Index Scan using sbtest2_pkey on sbtest2  (cost=0.43..8.45 rows=1 width=121)
	  Index Cond: (id = 6678234)

table 3 : explain SELECT c FROM sbtest3 WHERE id=9465726
	Index Scan using sbtest3_pkey on sbtest3  (cost=0.43..8.45 rows=1 width=121)
	  Index Cond: (id = 9465726)

table 4 : explain SELECT c FROM sbtest4 WHERE id=5960078
	Index Scan using sbtest4_pkey on sbtest4  (cost=0.43..8.45 rows=1 width=121)
	  Index Cond: (id = 5960078)

table 5 : explain SELECT c FROM sbtest5 WHERE id=2498170
	Index Scan using sbtest5_pkey on sbtest5  (cost=0.43..8.45 rows=1 width=121)
	  Index Cond: (id = 2498170)

table 6 : explain SELECT c FROM sbtest6 WHERE id=3828199
	Index Scan using sbtest6_pkey on sbtest6  (cost=0.43..8.45 rows=1 width=121)
	  Index Cond: (id = 3828199)

table 7 : explain SELECT c FROM sbtest7 WHERE id=160132
	Index Scan using sbtest7_pkey on sbtest7  (cost=0.43..8.45 rows=1 width=121)
	  Index Cond: (id = 160132)

table 8 : explain SELECT c FROM sbtest8 WHERE id=6249220
	Index Scan using sbtest8_pkey on sbtest8  (cost=0.43..8.45 rows=1 width=121)
	  Index Cond: (id = 6249220)

for: order_ranges
table 1 : explain SELECT c FROM sbtest1 WHERE id BETWEEN 4584954 AND 4584963 ORDER BY c
	Sort  (cost=40.64..40.66 rows=10 width=121)
	  Sort Key: c
	  ->  Index Scan using sbtest1_pkey on sbtest1  (cost=0.43..40.47 rows=10 width=121)
	        Index Cond: ((id >= 4584954) AND (id <= 4584963))

table 2 : explain SELECT c FROM sbtest2 WHERE id BETWEEN 7077907 AND 7077916 ORDER BY c
	Sort  (cost=40.76..40.79 rows=10 width=121)
	  Sort Key: c
	  ->  Index Scan using sbtest2_pkey on sbtest2  (cost=0.43..40.60 rows=10 width=121)
	        Index Cond: ((id >= 7077907) AND (id <= 7077916))

table 3 : explain SELECT c FROM sbtest3 WHERE id BETWEEN 3719136 AND 3719145 ORDER BY c
	Sort  (cost=41.03..41.06 rows=10 width=121)
	  Sort Key: c
	  ->  Index Scan using sbtest3_pkey on sbtest3  (cost=0.43..40.87 rows=10 width=121)
	        Index Cond: ((id >= 3719136) AND (id <= 3719145))

table 4 : explain SELECT c FROM sbtest4 WHERE id BETWEEN 2877632 AND 2877641 ORDER BY c
	Sort  (cost=44.51..44.54 rows=11 width=121)
	  Sort Key: c
	  ->  Index Scan using sbtest4_pkey on sbtest4  (cost=0.43..44.32 rows=11 width=121)
	        Index Cond: ((id >= 2877632) AND (id <= 2877641))

table 5 : explain SELECT c FROM sbtest5 WHERE id BETWEEN 2681403 AND 2681412 ORDER BY c
	Sort  (cost=40.46..40.49 rows=10 width=121)
	  Sort Key: c
	  ->  Index Scan using sbtest5_pkey on sbtest5  (cost=0.43..40.30 rows=10 width=121)
	        Index Cond: ((id >= 2681403) AND (id <= 2681412))

table 6 : explain SELECT c FROM sbtest6 WHERE id BETWEEN 1323341 AND 1323350 ORDER BY c
	Sort  (cost=44.63..44.66 rows=11 width=121)
	  Sort Key: c
	  ->  Index Scan using sbtest6_pkey on sbtest6  (cost=0.43..44.44 rows=11 width=121)
	        Index Cond: ((id >= 1323341) AND (id <= 1323350))

table 7 : explain SELECT c FROM sbtest7 WHERE id BETWEEN 2260644 AND 2260653 ORDER BY c
	Sort  (cost=37.02..37.04 rows=9 width=121)
	  Sort Key: c
	  ->  Index Scan using sbtest7_pkey on sbtest7  (cost=0.43..36.88 rows=9 width=121)
	        Index Cond: ((id >= 2260644) AND (id <= 2260653))

table 8 : explain SELECT c FROM sbtest8 WHERE id BETWEEN 1334700 AND 1334709 ORDER BY c
	Sort  (cost=36.85..36.87 rows=9 width=121)
	  Sort Key: c
	  ->  Index Scan using sbtest8_pkey on sbtest8  (cost=0.43..36.70 rows=9 width=121)
	        Index Cond: ((id >= 1334700) AND (id <= 1334709))

explain: for point_selects :: explain SELECT c FROM sbtest%u WHERE id=%u
for: sum_ranges
table 1 : explain SELECT SUM(k) FROM sbtest1 WHERE id BETWEEN 8520480 AND 8520489
	Aggregate  (cost=44.06..44.07 rows=1 width=8)
	  ->  Index Scan using sbtest1_pkey on sbtest1  (cost=0.43..44.03 rows=11 width=4)
	        Index Cond: ((id >= 8520480) AND (id <= 8520489))

table 2 : explain SELECT SUM(k) FROM sbtest2 WHERE id BETWEEN 4318860 AND 4318869
	Aggregate  (cost=40.62..40.63 rows=1 width=8)
	  ->  Index Scan using sbtest2_pkey on sbtest2  (cost=0.43..40.60 rows=10 width=4)
	        Index Cond: ((id >= 4318860) AND (id <= 4318869))

table 3 : explain SELECT SUM(k) FROM sbtest3 WHERE id BETWEEN 8499690 AND 8499699
	Aggregate  (cost=40.89..40.90 rows=1 width=8)
	  ->  Index Scan using sbtest3_pkey on sbtest3  (cost=0.43..40.87 rows=10 width=4)
	        Index Cond: ((id >= 8499690) AND (id <= 8499699))

table 4 : explain SELECT SUM(k) FROM sbtest4 WHERE id BETWEEN 540919 AND 540928
	Aggregate  (cost=44.35..44.36 rows=1 width=8)
	  ->  Index Scan using sbtest4_pkey on sbtest4  (cost=0.43..44.32 rows=11 width=4)
	        Index Cond: ((id >= 540919) AND (id <= 540928))

table 5 : explain SELECT SUM(k) FROM sbtest5 WHERE id BETWEEN 5176043 AND 5176052
	Aggregate  (cost=40.32..40.33 rows=1 width=8)
	  ->  Index Scan using sbtest5_pkey on sbtest5  (cost=0.43..40.30 rows=10 width=4)
	        Index Cond: ((id >= 5176043) AND (id <= 5176052))

table 6 : explain SELECT SUM(k) FROM sbtest6 WHERE id BETWEEN 5535267 AND 5535276
	Aggregate  (cost=40.87..40.88 rows=1 width=8)
	  ->  Index Scan using sbtest6_pkey on sbtest6  (cost=0.43..40.84 rows=10 width=4)
	        Index Cond: ((id >= 5535267) AND (id <= 5535276))

table 7 : explain SELECT SUM(k) FROM sbtest7 WHERE id BETWEEN 5224840 AND 5224849
	Aggregate  (cost=40.45..40.46 rows=1 width=8)
	  ->  Index Scan using sbtest7_pkey on sbtest7  (cost=0.43..40.43 rows=10 width=4)
	        Index Cond: ((id >= 5224840) AND (id <= 5224849))

table 8 : explain SELECT SUM(k) FROM sbtest8 WHERE id BETWEEN 4944877 AND 4944886
	Aggregate  (cost=36.73..36.74 rows=1 width=8)
	  ->  Index Scan using sbtest8_pkey on sbtest8  (cost=0.43..36.70 rows=9 width=4)
	        Index Cond: ((id >= 4944877) AND (id <= 4944886))

explain: for point_selects :: explain SELECT c FROM sbtest%u WHERE id=%u
explain: for point_selects :: explain SELECT c FROM sbtest%u WHERE id=%u
explain: for point_selects :: explain SELECT c FROM sbtest%u WHERE id=%u
for: simple_ranges
table 1 : explain SELECT c FROM sbtest1 WHERE id BETWEEN 2268354 AND 2268363
	Index Scan using sbtest1_pkey on sbtest1  (cost=0.43..40.47 rows=10 width=121)
	  Index Cond: ((id >= 2268354) AND (id <= 2268363))

table 2 : explain SELECT c FROM sbtest2 WHERE id BETWEEN 2946977 AND 2946986
	Index Scan using sbtest2_pkey on sbtest2  (cost=0.43..40.60 rows=10 width=121)
	  Index Cond: ((id >= 2946977) AND (id <= 2946986))

table 3 : explain SELECT c FROM sbtest3 WHERE id BETWEEN 7027208 AND 7027217
	Index Scan using sbtest3_pkey on sbtest3  (cost=0.43..37.27 rows=9 width=121)
	  Index Cond: ((id >= 7027208) AND (id <= 7027217))

table 4 : explain SELECT c FROM sbtest4 WHERE id BETWEEN 4379307 AND 4379316
	Index Scan using sbtest4_pkey on sbtest4  (cost=0.43..40.73 rows=10 width=121)
	  Index Cond: ((id >= 4379307) AND (id <= 4379316))

table 5 : explain SELECT c FROM sbtest5 WHERE id BETWEEN 7373819 AND 7373828
	Index Scan using sbtest5_pkey on sbtest5  (cost=0.43..40.30 rows=10 width=121)
	  Index Cond: ((id >= 7373819) AND (id <= 7373828))

table 6 : explain SELECT c FROM sbtest6 WHERE id BETWEEN 7115000 AND 7115009
	Index Scan using sbtest6_pkey on sbtest6  (cost=0.43..40.84 rows=10 width=121)
	  Index Cond: ((id >= 7115000) AND (id <= 7115009))

table 7 : explain SELECT c FROM sbtest7 WHERE id BETWEEN 3698377 AND 3698386
	Index Scan using sbtest7_pkey on sbtest7  (cost=0.43..40.43 rows=10 width=121)
	  Index Cond: ((id >= 3698377) AND (id <= 3698386))

table 8 : explain SELECT c FROM sbtest8 WHERE id BETWEEN 3208933 AND 3208942
	Index Scan using sbtest8_pkey on sbtest8  (cost=0.43..40.23 rows=10 width=121)
	  Index Cond: ((id >= 3208933) AND (id <= 3208942))

for: sum_ranges
table 1 : explain SELECT SUM(k) FROM sbtest1 WHERE id BETWEEN 2726620 AND 2726629
	Aggregate  (cost=40.50..40.51 rows=1 width=8)
	  ->  Index Scan using sbtest1_pkey on sbtest1  (cost=0.43..40.47 rows=10 width=4)
	        Index Cond: ((id >= 2726620) AND (id <= 2726629))

table 2 : explain SELECT SUM(k) FROM sbtest2 WHERE id BETWEEN 1683722 AND 1683731
	Aggregate  (cost=40.62..40.63 rows=1 width=8)
	  ->  Index Scan using sbtest2_pkey on sbtest2  (cost=0.43..40.60 rows=10 width=4)
	        Index Cond: ((id >= 1683722) AND (id <= 1683731))

table 3 : explain SELECT SUM(k) FROM sbtest3 WHERE id BETWEEN 4580449 AND 4580458
	Aggregate  (cost=37.29..37.30 rows=1 width=8)
	  ->  Index Scan using sbtest3_pkey on sbtest3  (cost=0.43..37.27 rows=9 width=4)
	        Index Cond: ((id >= 4580449) AND (id <= 4580458))

table 4 : explain SELECT SUM(k) FROM sbtest4 WHERE id BETWEEN 6186606 AND 6186615
	Aggregate  (cost=40.76..40.77 rows=1 width=8)
	  ->  Index Scan using sbtest4_pkey on sbtest4  (cost=0.43..40.73 rows=10 width=4)
	        Index Cond: ((id >= 6186606) AND (id <= 6186615))

table 5 : explain SELECT SUM(k) FROM sbtest5 WHERE id BETWEEN 7783852 AND 7783861
	Aggregate  (cost=36.78..36.79 rows=1 width=8)
	  ->  Index Scan using sbtest5_pkey on sbtest5  (cost=0.43..36.76 rows=9 width=4)
	        Index Cond: ((id >= 7783852) AND (id <= 7783861))

table 6 : explain SELECT SUM(k) FROM sbtest6 WHERE id BETWEEN 56015 AND 56024
	Aggregate  (cost=40.87..40.88 rows=1 width=8)
	  ->  Index Scan using sbtest6_pkey on sbtest6  (cost=0.43..40.84 rows=10 width=4)
	        Index Cond: ((id >= 56015) AND (id <= 56024))

table 7 : explain SELECT SUM(k) FROM sbtest7 WHERE id BETWEEN 1388172 AND 1388181
	Aggregate  (cost=44.01..44.02 rows=1 width=8)
	  ->  Index Scan using sbtest7_pkey on sbtest7  (cost=0.43..43.98 rows=11 width=4)
	        Index Cond: ((id >= 1388172) AND (id <= 1388181))

table 8 : explain SELECT SUM(k) FROM sbtest8 WHERE id BETWEEN 4110442 AND 4110451
	Aggregate  (cost=40.26..40.27 rows=1 width=8)
	  ->  Index Scan using sbtest8_pkey on sbtest8  (cost=0.43..40.23 rows=10 width=4)
	        Index Cond: ((id >= 4110442) AND (id <= 4110451))

for: sum_ranges
table 1 : explain SELECT SUM(k) FROM sbtest1 WHERE id BETWEEN 7642882 AND 7642891
	Aggregate  (cost=40.50..40.51 rows=1 width=8)
	  ->  Index Scan using sbtest1_pkey on sbtest1  (cost=0.43..40.47 rows=10 width=4)
	        Index Cond: ((id >= 7642882) AND (id <= 7642891))

table 2 : explain SELECT SUM(k) FROM sbtest2 WHERE id BETWEEN 2977107 AND 2977116
	Aggregate  (cost=40.62..40.63 rows=1 width=8)
	  ->  Index Scan using sbtest2_pkey on sbtest2  (cost=0.43..40.60 rows=10 width=4)
	        Index Cond: ((id >= 2977107) AND (id <= 2977116))

table 3 : explain SELECT SUM(k) FROM sbtest3 WHERE id BETWEEN 2236066 AND 2236075
	Aggregate  (cost=44.50..44.51 rows=1 width=8)
	  ->  Index Scan using sbtest3_pkey on sbtest3  (cost=0.43..44.47 rows=11 width=4)
	        Index Cond: ((id >= 2236066) AND (id <= 2236075))

table 4 : explain SELECT SUM(k) FROM sbtest4 WHERE id BETWEEN 7640314 AND 7640323
	Aggregate  (cost=40.76..40.77 rows=1 width=8)
	  ->  Index Scan using sbtest4_pkey on sbtest4  (cost=0.43..40.73 rows=10 width=4)
	        Index Cond: ((id >= 7640314) AND (id <= 7640323))

table 5 : explain SELECT SUM(k) FROM sbtest5 WHERE id BETWEEN 2926200 AND 2926209
	Aggregate  (cost=40.32..40.33 rows=1 width=8)
	  ->  Index Scan using sbtest5_pkey on sbtest5  (cost=0.43..40.30 rows=10 width=4)
	        Index Cond: ((id >= 2926200) AND (id <= 2926209))

table 6 : explain SELECT SUM(k) FROM sbtest6 WHERE id BETWEEN 5724788 AND 5724797
	Aggregate  (cost=37.27..37.28 rows=1 width=8)
	  ->  Index Scan using sbtest6_pkey on sbtest6  (cost=0.43..37.25 rows=9 width=4)
	        Index Cond: ((id >= 5724788) AND (id <= 5724797))

table 7 : explain SELECT SUM(k) FROM sbtest7 WHERE id BETWEEN 8935664 AND 8935673
	Aggregate  (cost=44.01..44.02 rows=1 width=8)
	  ->  Index Scan using sbtest7_pkey on sbtest7  (cost=0.43..43.98 rows=11 width=4)
	        Index Cond: ((id >= 8935664) AND (id <= 8935673))

table 8 : explain SELECT SUM(k) FROM sbtest8 WHERE id BETWEEN 3278493 AND 3278502
	Aggregate  (cost=36.73..36.74 rows=1 width=8)
	  ->  Index Scan using sbtest8_pkey on sbtest8  (cost=0.43..36.70 rows=9 width=4)
	        Index Cond: ((id >= 3278493) AND (id <= 3278502))

explain: for point_selects :: explain SELECT c FROM sbtest%u WHERE id=%u
for: simple_ranges
table 1 : explain SELECT c FROM sbtest1 WHERE id BETWEEN 6079160 AND 6079169
	Index Scan using sbtest1_pkey on sbtest1  (cost=0.43..40.47 rows=10 width=121)
	  Index Cond: ((id >= 6079160) AND (id <= 6079169))

table 2 : explain SELECT c FROM sbtest2 WHERE id BETWEEN 168271 AND 168280
	Index Scan using sbtest2_pkey on sbtest2  (cost=0.43..37.03 rows=9 width=121)
	  Index Cond: ((id >= 168271) AND (id <= 168280))

table 3 : explain SELECT c FROM sbtest3 WHERE id BETWEEN 4801299 AND 4801308
	Index Scan using sbtest3_pkey on sbtest3  (cost=0.43..37.27 rows=9 width=121)
	  Index Cond: ((id >= 4801299) AND (id <= 4801308))

table 4 : explain SELECT c FROM sbtest4 WHERE id BETWEEN 4188208 AND 4188217
	Index Scan using sbtest4_pkey on sbtest4  (cost=0.43..44.32 rows=11 width=121)
	  Index Cond: ((id >= 4188208) AND (id <= 4188217))

table 5 : explain SELECT c FROM sbtest5 WHERE id BETWEEN 943057 AND 943066
	Index Scan using sbtest5_pkey on sbtest5  (cost=0.43..40.30 rows=10 width=121)
	  Index Cond: ((id >= 943057) AND (id <= 943066))

table 6 : explain SELECT c FROM sbtest6 WHERE id BETWEEN 2323586 AND 2323595
	Index Scan using sbtest6_pkey on sbtest6  (cost=0.43..40.84 rows=10 width=121)
	  Index Cond: ((id >= 2323586) AND (id <= 2323595))

table 7 : explain SELECT c FROM sbtest7 WHERE id BETWEEN 9817418 AND 9817427
	Index Scan using sbtest7_pkey on sbtest7  (cost=0.43..43.98 rows=11 width=121)
	  Index Cond: ((id >= 9817418) AND (id <= 9817427))

table 8 : explain SELECT c FROM sbtest8 WHERE id BETWEEN 4795472 AND 4795481
	Index Scan using sbtest8_pkey on sbtest8  (cost=0.43..40.23 rows=10 width=121)
	  Index Cond: ((id >= 4795472) AND (id <= 4795481))

for: order_ranges
table 1 : explain SELECT c FROM sbtest1 WHERE id BETWEEN 5006229 AND 5006238 ORDER BY c
	Sort  (cost=40.64..40.66 rows=10 width=121)
	  Sort Key: c
	  ->  Index Scan using sbtest1_pkey on sbtest1  (cost=0.43..40.47 rows=10 width=121)
	        Index Cond: ((id >= 5006229) AND (id <= 5006238))

table 2 : explain SELECT c FROM sbtest2 WHERE id BETWEEN 2864772 AND 2864781 ORDER BY c
	Sort  (cost=44.36..44.39 rows=11 width=121)
	  Sort Key: c
	  ->  Index Scan using sbtest2_pkey on sbtest2  (cost=0.43..44.17 rows=11 width=121)
	        Index Cond: ((id >= 2864772) AND (id <= 2864781))

table 3 : explain SELECT c FROM sbtest3 WHERE id BETWEEN 1455887 AND 1455896 ORDER BY c
	Sort  (cost=41.03..41.06 rows=10 width=121)
	  Sort Key: c
	  ->  Index Scan using sbtest3_pkey on sbtest3  (cost=0.43..40.87 rows=10 width=121)
	        Index Cond: ((id >= 1455887) AND (id <= 1455896))

table 4 : explain SELECT c FROM sbtest4 WHERE id BETWEEN 8874193 AND 8874202 ORDER BY c
	Sort  (cost=40.90..40.93 rows=10 width=121)
	  Sort Key: c
	  ->  Index Scan using sbtest4_pkey on sbtest4  (cost=0.43..40.73 rows=10 width=121)
	        Index Cond: ((id >= 8874193) AND (id <= 8874202))

table 5 : explain SELECT c FROM sbtest5 WHERE id BETWEEN 4716430 AND 4716439 ORDER BY c
	Sort  (cost=40.46..40.49 rows=10 width=121)
	  Sort Key: c
	  ->  Index Scan using sbtest5_pkey on sbtest5  (cost=0.43..40.30 rows=10 width=121)
	        Index Cond: ((id >= 4716430) AND (id <= 4716439))

table 6 : explain SELECT c FROM sbtest6 WHERE id BETWEEN 5036939 AND 5036948 ORDER BY c
	Sort  (cost=48.26..48.29 rows=12 width=121)
	  Sort Key: c
	  ->  Index Scan using sbtest6_pkey on sbtest6  (cost=0.43..48.04 rows=12 width=121)
	        Index Cond: ((id >= 5036939) AND (id <= 5036948))

table 7 : explain SELECT c FROM sbtest7 WHERE id BETWEEN 4679215 AND 4679224 ORDER BY c
	Sort  (cost=40.59..40.62 rows=10 width=121)
	  Sort Key: c
	  ->  Index Scan using sbtest7_pkey on sbtest7  (cost=0.43..40.43 rows=10 width=121)
	        Index Cond: ((id >= 4679215) AND (id <= 4679224))

table 8 : explain SELECT c FROM sbtest8 WHERE id BETWEEN 7545770 AND 7545779 ORDER BY c
	Sort  (cost=40.40..40.42 rows=10 width=121)
	  Sort Key: c
	  ->  Index Scan using sbtest8_pkey on sbtest8  (cost=0.43..40.23 rows=10 width=121)
	        Index Cond: ((id >= 7545770) AND (id <= 7545779))

for: order_ranges
table 1 : explain SELECT c FROM sbtest1 WHERE id BETWEEN 6048566 AND 6048575 ORDER BY c
	Sort  (cost=40.64..40.66 rows=10 width=121)
	  Sort Key: c
	  ->  Index Scan using sbtest1_pkey on sbtest1  (cost=0.43..40.47 rows=10 width=121)
	        Index Cond: ((id >= 6048566) AND (id <= 6048575))

table 2 : explain SELECT c FROM sbtest2 WHERE id BETWEEN 9168094 AND 9168103 ORDER BY c
	Sort  (cost=44.36..44.39 rows=11 width=121)
	  Sort Key: c
	  ->  Index Scan using sbtest2_pkey on sbtest2  (cost=0.43..44.17 rows=11 width=121)
	        Index Cond: ((id >= 9168094) AND (id <= 9168103))

table 3 : explain SELECT c FROM sbtest3 WHERE id BETWEEN 7787608 AND 7787617 ORDER BY c
	Sort  (cost=41.03..41.06 rows=10 width=121)
	  Sort Key: c
	  ->  Index Scan using sbtest3_pkey on sbtest3  (cost=0.43..40.87 rows=10 width=121)
	        Index Cond: ((id >= 7787608) AND (id <= 7787617))

table 4 : explain SELECT c FROM sbtest4 WHERE id BETWEEN 1558656 AND 1558665 ORDER BY c
	Sort  (cost=40.90..40.93 rows=10 width=121)
	  Sort Key: c
	  ->  Index Scan using sbtest4_pkey on sbtest4  (cost=0.43..40.73 rows=10 width=121)
	        Index Cond: ((id >= 1558656) AND (id <= 1558665))

table 5 : explain SELECT c FROM sbtest5 WHERE id BETWEEN 8898524 AND 8898533 ORDER BY c
	Sort  (cost=40.46..40.49 rows=10 width=121)
	  Sort Key: c
	  ->  Index Scan using sbtest5_pkey on sbtest5  (cost=0.43..40.30 rows=10 width=121)
	        Index Cond: ((id >= 8898524) AND (id <= 8898533))

table 6 : explain SELECT c FROM sbtest6 WHERE id BETWEEN 1152901 AND 1152910 ORDER BY c
	Sort  (cost=41.01..41.04 rows=10 width=121)
	  Sort Key: c
	  ->  Index Scan using sbtest6_pkey on sbtest6  (cost=0.43..40.84 rows=10 width=121)
	        Index Cond: ((id >= 1152901) AND (id <= 1152910))

table 7 : explain SELECT c FROM sbtest7 WHERE id BETWEEN 5308215 AND 5308224 ORDER BY c
	Sort  (cost=40.59..40.62 rows=10 width=121)
	  Sort Key: c
	  ->  Index Scan using sbtest7_pkey on sbtest7  (cost=0.43..40.43 rows=10 width=121)
	        Index Cond: ((id >= 5308215) AND (id <= 5308224))

table 8 : explain SELECT c FROM sbtest8 WHERE id BETWEEN 4679276 AND 4679285 ORDER BY c
	Sort  (cost=40.40..40.42 rows=10 width=121)
	  Sort Key: c
	  ->  Index Scan using sbtest8_pkey on sbtest8  (cost=0.43..40.23 rows=10 width=121)
	        Index Cond: ((id >= 4679276) AND (id <= 4679285))

for point_selects
table 1 : explain SELECT c FROM sbtest1 WHERE id=145311
	Index Scan using sbtest1_pkey on sbtest1  (cost=0.43..8.45 rows=1 width=121)
	  Index Cond: (id = 145311)

table 2 : explain SELECT c FROM sbtest2 WHERE id=724550
	Index Scan using sbtest2_pkey on sbtest2  (cost=0.43..8.45 rows=1 width=121)
	  Index Cond: (id = 724550)

table 3 : explain SELECT c FROM sbtest3 WHERE id=4871624
	Index Scan using sbtest3_pkey on sbtest3  (cost=0.43..8.45 rows=1 width=121)
	  Index Cond: (id = 4871624)

table 4 : explain SELECT c FROM sbtest4 WHERE id=3527537
	Index Scan using sbtest4_pkey on sbtest4  (cost=0.43..8.45 rows=1 width=121)
	  Index Cond: (id = 3527537)

table 5 : explain SELECT c FROM sbtest5 WHERE id=4264232
	Index Scan using sbtest5_pkey on sbtest5  (cost=0.43..8.45 rows=1 width=121)
	  Index Cond: (id = 4264232)

table 6 : explain SELECT c FROM sbtest6 WHERE id=6699384
	Index Scan using sbtest6_pkey on sbtest6  (cost=0.43..8.45 rows=1 width=121)
	  Index Cond: (id = 6699384)

table 7 : explain SELECT c FROM sbtest7 WHERE id=4431930
	Index Scan using sbtest7_pkey on sbtest7  (cost=0.43..8.45 rows=1 width=121)
	  Index Cond: (id = 4431930)

table 8 : explain SELECT c FROM sbtest8 WHERE id=442735
	Index Scan using sbtest8_pkey on sbtest8  (cost=0.43..8.45 rows=1 width=121)
	  Index Cond: (id = 442735)

explain: for point_selects :: explain SELECT c FROM sbtest%u WHERE id=%u
explain: for point_selects :: explain SELECT c FROM sbtest%u WHERE id=%u
for: simple_ranges
table 1 : explain SELECT c FROM sbtest1 WHERE id BETWEEN 5150615 AND 5150624
	Index Scan using sbtest1_pkey on sbtest1  (cost=0.43..40.47 rows=10 width=121)
	  Index Cond: ((id >= 5150615) AND (id <= 5150624))

table 2 : explain SELECT c FROM sbtest2 WHERE id BETWEEN 3260311 AND 3260320
	Index Scan using sbtest2_pkey on sbtest2  (cost=0.43..40.60 rows=10 width=121)
	  Index Cond: ((id >= 3260311) AND (id <= 3260320))

table 3 : explain SELECT c FROM sbtest3 WHERE id BETWEEN 4797873 AND 4797882
	Index Scan using sbtest3_pkey on sbtest3  (cost=0.43..37.27 rows=9 width=121)
	  Index Cond: ((id >= 4797873) AND (id <= 4797882))

table 4 : explain SELECT c FROM sbtest4 WHERE id BETWEEN 8122581 AND 8122590
	Index Scan using sbtest4_pkey on sbtest4  (cost=0.43..40.73 rows=10 width=121)
	  Index Cond: ((id >= 8122581) AND (id <= 8122590))

table 5 : explain SELECT c FROM sbtest5 WHERE id BETWEEN 6516289 AND 6516298
	Index Scan using sbtest5_pkey on sbtest5  (cost=0.43..36.76 rows=9 width=121)
	  Index Cond: ((id >= 6516289) AND (id <= 6516298))

table 6 : explain SELECT c FROM sbtest6 WHERE id BETWEEN 1279722 AND 1279731
	Index Scan using sbtest6_pkey on sbtest6  (cost=0.43..40.84 rows=10 width=121)
	  Index Cond: ((id >= 1279722) AND (id <= 1279731))

table 7 : explain SELECT c FROM sbtest7 WHERE id BETWEEN 393847 AND 393856
	Index Scan using sbtest7_pkey on sbtest7  (cost=0.43..36.88 rows=9 width=121)
	  Index Cond: ((id >= 393847) AND (id <= 393856))

table 8 : explain SELECT c FROM sbtest8 WHERE id BETWEEN 9919141 AND 9919150
	Index Scan using sbtest8_pkey on sbtest8  (cost=0.43..40.23 rows=10 width=121)
	  Index Cond: ((id >= 9919141) AND (id <= 9919150))

for: distinct_ranges
table 1 : explain SELECT DISTINCT c FROM sbtest1 WHERE id BETWEEN 6055606 AND 6055615 ORDER BY c
	Unique  (cost=40.64..40.69 rows=10 width=121)
	  ->  Sort  (cost=40.64..40.66 rows=10 width=121)
	        Sort Key: c
	        ->  Index Scan using sbtest1_pkey on sbtest1  (cost=0.43..40.47 rows=10 width=121)
	              Index Cond: ((id >= 6055606) AND (id <= 6055615))

table 2 : explain SELECT DISTINCT c FROM sbtest2 WHERE id BETWEEN 7872880 AND 7872889 ORDER BY c
	Unique  (cost=40.76..40.81 rows=10 width=121)
	  ->  Sort  (cost=40.76..40.79 rows=10 width=121)
	        Sort Key: c
	        ->  Index Scan using sbtest2_pkey on sbtest2  (cost=0.43..40.60 rows=10 width=121)
	              Index Cond: ((id >= 7872880) AND (id <= 7872889))

table 3 : explain SELECT DISTINCT c FROM sbtest3 WHERE id BETWEEN 367238 AND 367247 ORDER BY c
	Unique  (cost=41.03..41.08 rows=10 width=121)
	  ->  Sort  (cost=41.03..41.06 rows=10 width=121)
	        Sort Key: c
	        ->  Index Scan using sbtest3_pkey on sbtest3  (cost=0.43..40.87 rows=10 width=121)
	              Index Cond: ((id >= 367238) AND (id <= 367247))

table 4 : explain SELECT DISTINCT c FROM sbtest4 WHERE id BETWEEN 66865 AND 66874 ORDER BY c
	Unique  (cost=40.90..40.95 rows=10 width=121)
	  ->  Sort  (cost=40.90..40.93 rows=10 width=121)
	        Sort Key: c
	        ->  Index Scan using sbtest4_pkey on sbtest4  (cost=0.43..40.73 rows=10 width=121)
	              Index Cond: ((id >= 66865) AND (id <= 66874))

table 5 : explain SELECT DISTINCT c FROM sbtest5 WHERE id BETWEEN 8338790 AND 8338799 ORDER BY c
	Unique  (cost=44.03..44.08 rows=11 width=121)
	  ->  Sort  (cost=44.03..44.05 rows=11 width=121)
	        Sort Key: c
	        ->  Index Scan using sbtest5_pkey on sbtest5  (cost=0.43..43.84 rows=11 width=121)
	              Index Cond: ((id >= 8338790) AND (id <= 8338799))

table 6 : explain SELECT DISTINCT c FROM sbtest6 WHERE id BETWEEN 814538 AND 814547 ORDER BY c
	Unique  (cost=41.01..41.06 rows=10 width=121)
	  ->  Sort  (cost=41.01..41.04 rows=10 width=121)
	        Sort Key: c
	        ->  Index Scan using sbtest6_pkey on sbtest6  (cost=0.43..40.84 rows=10 width=121)
	              Index Cond: ((id >= 814538) AND (id <= 814547))

table 7 : explain SELECT DISTINCT c FROM sbtest7 WHERE id BETWEEN 5641573 AND 5641582 ORDER BY c
	Unique  (cost=44.17..44.23 rows=11 width=121)
	  ->  Sort  (cost=44.17..44.20 rows=11 width=121)
	        Sort Key: c
	        ->  Index Scan using sbtest7_pkey on sbtest7  (cost=0.43..43.98 rows=11 width=121)
	              Index Cond: ((id >= 5641573) AND (id <= 5641582))

table 8 : explain SELECT DISTINCT c FROM sbtest8 WHERE id BETWEEN 6265519 AND 6265528 ORDER BY c
	Unique  (cost=40.40..40.45 rows=10 width=121)
	  ->  Sort  (cost=40.40..40.42 rows=10 width=121)
	        Sort Key: c
	        ->  Index Scan using sbtest8_pkey on sbtest8  (cost=0.43..40.23 rows=10 width=121)
	              Index Cond: ((id >= 6265519) AND (id <= 6265528))

for point_selects
table 1 : explain SELECT c FROM sbtest1 WHERE id=4613655
	Index Scan using sbtest1_pkey on sbtest1  (cost=0.43..8.45 rows=1 width=121)
	  Index Cond: (id = 4613655)

table 2 : explain SELECT c FROM sbtest2 WHERE id=907044
	Index Scan using sbtest2_pkey on sbtest2  (cost=0.43..8.45 rows=1 width=121)
	  Index Cond: (id = 907044)

table 3 : explain SELECT c FROM sbtest3 WHERE id=1897715
	Index Scan using sbtest3_pkey on sbtest3  (cost=0.43..8.45 rows=1 width=121)
	  Index Cond: (id = 1897715)

table 4 : explain SELECT c FROM sbtest4 WHERE id=8827833
	Index Scan using sbtest4_pkey on sbtest4  (cost=0.43..8.45 rows=1 width=121)
	  Index Cond: (id = 8827833)

table 5 : explain SELECT c FROM sbtest5 WHERE id=5408728
	Index Scan using sbtest5_pkey on sbtest5  (cost=0.43..8.45 rows=1 width=121)
	  Index Cond: (id = 5408728)

table 6 : explain SELECT c FROM sbtest6 WHERE id=2911542
	Index Scan using sbtest6_pkey on sbtest6  (cost=0.43..8.45 rows=1 width=121)
	  Index Cond: (id = 2911542)

table 7 : explain SELECT c FROM sbtest7 WHERE id=4067004
	Index Scan using sbtest7_pkey on sbtest7  (cost=0.43..8.45 rows=1 width=121)
	  Index Cond: (id = 4067004)

table 8 : explain SELECT c FROM sbtest8 WHERE id=266479
	Index Scan using sbtest8_pkey on sbtest8  (cost=0.43..8.45 rows=1 width=121)
	  Index Cond: (id = 266479)

explain: for index_updates :: explain UPDATE sbtest%u SET k=k+1 WHERE id=%u
explain: for point_selects :: explain SELECT c FROM sbtest%u WHERE id=%u
for: sum_ranges
table 1 : explain SELECT SUM(k) FROM sbtest1 WHERE id BETWEEN 1887173 AND 1887182
	Aggregate  (cost=40.50..40.51 rows=1 width=8)
	  ->  Index Scan using sbtest1_pkey on sbtest1  (cost=0.43..40.47 rows=10 width=4)
	        Index Cond: ((id >= 1887173) AND (id <= 1887182))

table 2 : explain SELECT SUM(k) FROM sbtest2 WHERE id BETWEEN 9855678 AND 9855687
	Aggregate  (cost=44.20..44.21 rows=1 width=8)
	  ->  Index Scan using sbtest2_pkey on sbtest2  (cost=0.43..44.17 rows=11 width=4)
	        Index Cond: ((id >= 9855678) AND (id <= 9855687))

table 3 : explain SELECT SUM(k) FROM sbtest3 WHERE id BETWEEN 6383095 AND 6383104
	Aggregate  (cost=44.50..44.51 rows=1 width=8)
	  ->  Index Scan using sbtest3_pkey on sbtest3  (cost=0.43..44.47 rows=11 width=4)
	        Index Cond: ((id >= 6383095) AND (id <= 6383104))

table 4 : explain SELECT SUM(k) FROM sbtest4 WHERE id BETWEEN 2986690 AND 2986699
	Aggregate  (cost=37.17..37.18 rows=1 width=8)
	  ->  Index Scan using sbtest4_pkey on sbtest4  (cost=0.43..37.15 rows=9 width=4)
	        Index Cond: ((id >= 2986690) AND (id <= 2986699))

table 5 : explain SELECT SUM(k) FROM sbtest5 WHERE id BETWEEN 3955168 AND 3955177
	Aggregate  (cost=40.32..40.33 rows=1 width=8)
	  ->  Index Scan using sbtest5_pkey on sbtest5  (cost=0.43..40.30 rows=10 width=4)
	        Index Cond: ((id >= 3955168) AND (id <= 3955177))

table 6 : explain SELECT SUM(k) FROM sbtest6 WHERE id BETWEEN 9865593 AND 9865602
	Aggregate  (cost=37.27..37.28 rows=1 width=8)
	  ->  Index Scan using sbtest6_pkey on sbtest6  (cost=0.43..37.25 rows=9 width=4)
	        Index Cond: ((id >= 9865593) AND (id <= 9865602))

table 7 : explain SELECT SUM(k) FROM sbtest7 WHERE id BETWEEN 2219052 AND 2219061
	Aggregate  (cost=36.90..36.91 rows=1 width=8)
	  ->  Index Scan using sbtest7_pkey on sbtest7  (cost=0.43..36.88 rows=9 width=4)
	        Index Cond: ((id >= 2219052) AND (id <= 2219061))

table 8 : explain SELECT SUM(k) FROM sbtest8 WHERE id BETWEEN 137232 AND 137241
	Aggregate  (cost=40.26..40.27 rows=1 width=8)
	  ->  Index Scan using sbtest8_pkey on sbtest8  (cost=0.43..40.23 rows=10 width=4)
	        Index Cond: ((id >= 137232) AND (id <= 137241))

explain: for point_selects :: explain SELECT c FROM sbtest%u WHERE id=%u
for index_updates
table 1 : explain UPDATE sbtest1 SET k=k+1 WHERE id=8580211
	Update on sbtest1  (cost=0.43..8.46 rows=0 width=0)
	  ->  Index Scan using sbtest1_pkey on sbtest1  (cost=0.43..8.46 rows=1 width=10)
	        Index Cond: (id = 8580211)

table 2 : explain UPDATE sbtest2 SET k=k+1 WHERE id=2866150
	Update on sbtest2  (cost=0.43..8.46 rows=0 width=0)
	  ->  Index Scan using sbtest2_pkey on sbtest2  (cost=0.43..8.46 rows=1 width=10)
	        Index Cond: (id = 2866150)

table 3 : explain UPDATE sbtest3 SET k=k+1 WHERE id=7106187
	Update on sbtest3  (cost=0.43..8.46 rows=0 width=0)
	  ->  Index Scan using sbtest3_pkey on sbtest3  (cost=0.43..8.46 rows=1 width=10)
	        Index Cond: (id = 7106187)

table 4 : explain UPDATE sbtest4 SET k=k+1 WHERE id=6507199
	Update on sbtest4  (cost=0.43..8.46 rows=0 width=0)
	  ->  Index Scan using sbtest4_pkey on sbtest4  (cost=0.43..8.46 rows=1 width=10)
	        Index Cond: (id = 6507199)

table 5 : explain UPDATE sbtest5 SET k=k+1 WHERE id=4933
	Update on sbtest5  (cost=0.43..8.46 rows=0 width=0)
	  ->  Index Scan using sbtest5_pkey on sbtest5  (cost=0.43..8.46 rows=1 width=10)
	        Index Cond: (id = 4933)

table 6 : explain UPDATE sbtest6 SET k=k+1 WHERE id=9936690
	Update on sbtest6  (cost=0.43..8.46 rows=0 width=0)
	  ->  Index Scan using sbtest6_pkey on sbtest6  (cost=0.43..8.46 rows=1 width=10)
	        Index Cond: (id = 9936690)

table 7 : explain UPDATE sbtest7 SET k=k+1 WHERE id=9695781
	Update on sbtest7  (cost=0.43..8.46 rows=0 width=0)
	  ->  Index Scan using sbtest7_pkey on sbtest7  (cost=0.43..8.46 rows=1 width=10)
	        Index Cond: (id = 9695781)

table 8 : explain UPDATE sbtest8 SET k=k+1 WHERE id=8563375
	Update on sbtest8  (cost=0.43..8.46 rows=0 width=0)
	  ->  Index Scan using sbtest8_pkey on sbtest8  (cost=0.43..8.46 rows=1 width=10)
	        Index Cond: (id = 8563375)

for: sum_ranges
table 1 : explain SELECT SUM(k) FROM sbtest1 WHERE id BETWEEN 2784121 AND 2784130
	Aggregate  (cost=44.06..44.07 rows=1 width=8)
	  ->  Index Scan using sbtest1_pkey on sbtest1  (cost=0.43..44.03 rows=11 width=4)
	        Index Cond: ((id >= 2784121) AND (id <= 2784130))

table 2 : explain SELECT SUM(k) FROM sbtest2 WHERE id BETWEEN 387285 AND 387294
	Aggregate  (cost=37.05..37.06 rows=1 width=8)
	  ->  Index Scan using sbtest2_pkey on sbtest2  (cost=0.43..37.03 rows=9 width=4)
	        Index Cond: ((id >= 387285) AND (id <= 387294))

table 3 : explain SELECT SUM(k) FROM sbtest3 WHERE id BETWEEN 8621658 AND 8621667
	Aggregate  (cost=44.50..44.51 rows=1 width=8)
	  ->  Index Scan using sbtest3_pkey on sbtest3  (cost=0.43..44.47 rows=11 width=4)
	        Index Cond: ((id >= 8621658) AND (id <= 8621667))

table 4 : explain SELECT SUM(k) FROM sbtest4 WHERE id BETWEEN 8783806 AND 8783815
	Aggregate  (cost=44.35..44.36 rows=1 width=8)
	  ->  Index Scan using sbtest4_pkey on sbtest4  (cost=0.43..44.32 rows=11 width=4)
	        Index Cond: ((id >= 8783806) AND (id <= 8783815))

table 5 : explain SELECT SUM(k) FROM sbtest5 WHERE id BETWEEN 1015537 AND 1015546
	Aggregate  (cost=40.32..40.33 rows=1 width=8)
	  ->  Index Scan using sbtest5_pkey on sbtest5  (cost=0.43..40.30 rows=10 width=4)
	        Index Cond: ((id >= 1015537) AND (id <= 1015546))

table 6 : explain SELECT SUM(k) FROM sbtest6 WHERE id BETWEEN 1254411 AND 1254420
	Aggregate  (cost=40.87..40.88 rows=1 width=8)
	  ->  Index Scan using sbtest6_pkey on sbtest6  (cost=0.43..40.84 rows=10 width=4)
	        Index Cond: ((id >= 1254411) AND (id <= 1254420))

table 7 : explain SELECT SUM(k) FROM sbtest7 WHERE id BETWEEN 1228930 AND 1228939
	Aggregate  (cost=40.45..40.46 rows=1 width=8)
	  ->  Index Scan using sbtest7_pkey on sbtest7  (cost=0.43..40.43 rows=10 width=4)
	        Index Cond: ((id >= 1228930) AND (id <= 1228939))

table 8 : explain SELECT SUM(k) FROM sbtest8 WHERE id BETWEEN 5315373 AND 5315382
	Aggregate  (cost=36.73..36.74 rows=1 width=8)
	  ->  Index Scan using sbtest8_pkey on sbtest8  (cost=0.43..36.70 rows=9 width=4)
	        Index Cond: ((id >= 5315373) AND (id <= 5315382))
explain: for non_index_updates :: explain UPDATE sbtest%u SET c='foobar' WHERE id=%u

for non_index_updates
table 1 : explain UPDATE sbtest1 SET c='foobar' WHERE id=9586122
	Update on sbtest1  (cost=0.43..8.45 rows=0 width=0)
	  ->  Index Scan using sbtest1_pkey on sbtest1  (cost=0.43..8.45 rows=1 width=490)
	        Index Cond: (id = 9586122)

table 2 : explain UPDATE sbtest2 SET c='foobar' WHERE id=8003856
	Update on sbtest2  (cost=0.43..8.45 rows=0 width=0)
	  ->  Index Scan using sbtest2_pkey on sbtest2  (cost=0.43..8.45 rows=1 width=490)
	        Index Cond: (id = 8003856)

table 3 : explain UPDATE sbtest3 SET c='foobar' WHERE id=6204021
	Update on sbtest3  (cost=0.43..8.45 rows=0 width=0)
	  ->  Index Scan using sbtest3_pkey on sbtest3  (cost=0.43..8.45 rows=1 width=490)
	        Index Cond: (id = 6204021)

table 4 : explain UPDATE sbtest4 SET c='foobar' WHERE id=3254351
	Update on sbtest4  (cost=0.43..8.45 rows=0 width=0)
	  ->  Index Scan using sbtest4_pkey on sbtest4  (cost=0.43..8.45 rows=1 width=490)
	        Index Cond: (id = 3254351)

table 5 : explain UPDATE sbtest5 SET c='foobar' WHERE id=1289304
	Update on sbtest5  (cost=0.43..8.45 rows=0 width=0)
	  ->  Index Scan using sbtest5_pkey on sbtest5  (cost=0.43..8.45 rows=1 width=490)
	        Index Cond: (id = 1289304)

table 6 : explain UPDATE sbtest6 SET c='foobar' WHERE id=320692
	Update on sbtest6  (cost=0.43..8.45 rows=0 width=0)
	  ->  Index Scan using sbtest6_pkey on sbtest6  (cost=0.43..8.45 rows=1 width=490)
	        Index Cond: (id = 320692)

table 7 : explain UPDATE sbtest7 SET c='foobar' WHERE id=6999540
	Update on sbtest7  (cost=0.43..8.45 rows=0 width=0)
	  ->  Index Scan using sbtest7_pkey on sbtest7  (cost=0.43..8.45 rows=1 width=490)
	        Index Cond: (id = 6999540)

table 8 : explain UPDATE sbtest8 SET c='foobar' WHERE id=3159427
	Update on sbtest8  (cost=0.43..8.45 rows=0 width=0)
	  ->  Index Scan using sbtest8_pkey on sbtest8  (cost=0.43..8.45 rows=1 width=490)
	        Index Cond: (id = 3159427)

for: sum_ranges
table 1 : explain SELECT SUM(k) FROM sbtest1 WHERE id BETWEEN 6286035 AND 6286044
	Aggregate  (cost=44.06..44.07 rows=1 width=8)
	  ->  Index Scan using sbtest1_pkey on sbtest1  (cost=0.43..44.03 rows=11 width=4)
	        Index Cond: ((id >= 6286035) AND (id <= 6286044))

table 2 : explain SELECT SUM(k) FROM sbtest2 WHERE id BETWEEN 7060645 AND 7060654
	Aggregate  (cost=40.62..40.63 rows=1 width=8)
	  ->  Index Scan using sbtest2_pkey on sbtest2  (cost=0.43..40.60 rows=10 width=4)
	        Index Cond: ((id >= 7060645) AND (id <= 7060654))

table 3 : explain SELECT SUM(k) FROM sbtest3 WHERE id BETWEEN 3511350 AND 3511359
	Aggregate  (cost=44.50..44.51 rows=1 width=8)
	  ->  Index Scan using sbtest3_pkey on sbtest3  (cost=0.43..44.47 rows=11 width=4)
	        Index Cond: ((id >= 3511350) AND (id <= 3511359))

table 4 : explain SELECT SUM(k) FROM sbtest4 WHERE id BETWEEN 9615962 AND 9615971
	Aggregate  (cost=40.76..40.77 rows=1 width=8)
	  ->  Index Scan using sbtest4_pkey on sbtest4  (cost=0.43..40.73 rows=10 width=4)
	        Index Cond: ((id >= 9615962) AND (id <= 9615971))

table 5 : explain SELECT SUM(k) FROM sbtest5 WHERE id BETWEEN 5160035 AND 5160044
	Aggregate  (cost=40.32..40.33 rows=1 width=8)
	  ->  Index Scan using sbtest5_pkey on sbtest5  (cost=0.43..40.30 rows=10 width=4)
	        Index Cond: ((id >= 5160035) AND (id <= 5160044))

table 6 : explain SELECT SUM(k) FROM sbtest6 WHERE id BETWEEN 3980570 AND 3980579
	Aggregate  (cost=40.87..40.88 rows=1 width=8)
	  ->  Index Scan using sbtest6_pkey on sbtest6  (cost=0.43..40.84 rows=10 width=4)
	        Index Cond: ((id >= 3980570) AND (id <= 3980579))

table 7 : explain SELECT SUM(k) FROM sbtest7 WHERE id BETWEEN 1216996 AND 1217005
	Aggregate  (cost=40.45..40.46 rows=1 width=8)
	  ->  Index Scan using sbtest7_pkey on sbtest7  (cost=0.43..40.43 rows=10 width=4)
	        Index Cond: ((id >= 1216996) AND (id <= 1217005))

table 8 : explain SELECT SUM(k) FROM sbtest8 WHERE id BETWEEN 7718387 AND 7718396
	Aggregate  (cost=40.26..40.27 rows=1 width=8)
	  ->  Index Scan using sbtest8_pkey on sbtest8  (cost=0.43..40.23 rows=10 width=4)
	        Index Cond: ((id >= 7718387) AND (id <= 7718396))

explain: for deletes :: explain DELETE FROM sbtest%u WHERE id=%u
for point_selects
table 1 : explain SELECT c FROM sbtest1 WHERE id=7997166
	Index Scan using sbtest1_pkey on sbtest1  (cost=0.43..8.45 rows=1 width=121)
	  Index Cond: (id = 7997166)

table 2 : explain SELECT c FROM sbtest2 WHERE id=4771726
	Index Scan using sbtest2_pkey on sbtest2  (cost=0.43..8.45 rows=1 width=121)
	  Index Cond: (id = 4771726)

table 3 : explain SELECT c FROM sbtest3 WHERE id=6248415
	Index Scan using sbtest3_pkey on sbtest3  (cost=0.43..8.45 rows=1 width=121)
	  Index Cond: (id = 6248415)

table 4 : explain SELECT c FROM sbtest4 WHERE id=2003894
	Index Scan using sbtest4_pkey on sbtest4  (cost=0.43..8.45 rows=1 width=121)
	  Index Cond: (id = 2003894)

table 5 : explain SELECT c FROM sbtest5 WHERE id=9931826
	Index Scan using sbtest5_pkey on sbtest5  (cost=0.43..8.45 rows=1 width=121)
	  Index Cond: (id = 9931826)

table 6 : explain SELECT c FROM sbtest6 WHERE id=6386950
	Index Scan using sbtest6_pkey on sbtest6  (cost=0.43..8.45 rows=1 width=121)
	  Index Cond: (id = 6386950)

table 7 : explain SELECT c FROM sbtest7 WHERE id=9934703
	Index Scan using sbtest7_pkey on sbtest7  (cost=0.43..8.45 rows=1 width=121)
	  Index Cond: (id = 9934703)

table 8 : explain SELECT c FROM sbtest8 WHERE id=4085024
	Index Scan using sbtest8_pkey on sbtest8  (cost=0.43..8.45 rows=1 width=121)
	  Index Cond: (id = 4085024)

for deletes
table 1 : explain DELETE FROM sbtest1 WHERE id=2775895
	Delete on sbtest1  (cost=0.43..8.45 rows=0 width=0)
	  ->  Index Scan using sbtest1_pkey on sbtest1  (cost=0.43..8.45 rows=1 width=6)
	        Index Cond: (id = 2775895)

table 2 : explain DELETE FROM sbtest2 WHERE id=9640504
	Delete on sbtest2  (cost=0.43..8.45 rows=0 width=0)
	  ->  Index Scan using sbtest2_pkey on sbtest2  (cost=0.43..8.45 rows=1 width=6)
	        Index Cond: (id = 9640504)

table 3 : explain DELETE FROM sbtest3 WHERE id=4090545
	Delete on sbtest3  (cost=0.43..8.45 rows=0 width=0)
	  ->  Index Scan using sbtest3_pkey on sbtest3  (cost=0.43..8.45 rows=1 width=6)
	        Index Cond: (id = 4090545)

table 4 : explain DELETE FROM sbtest4 WHERE id=3108639
	Delete on sbtest4  (cost=0.43..8.45 rows=0 width=0)
	  ->  Index Scan using sbtest4_pkey on sbtest4  (cost=0.43..8.45 rows=1 width=6)
	        Index Cond: (id = 3108639)

table 5 : explain DELETE FROM sbtest5 WHERE id=2863456
	Delete on sbtest5  (cost=0.43..8.45 rows=0 width=0)
	  ->  Index Scan using sbtest5_pkey on sbtest5  (cost=0.43..8.45 rows=1 width=6)
	        Index Cond: (id = 2863456)

table 6 : explain DELETE FROM sbtest6 WHERE id=2146279
	Delete on sbtest6  (cost=0.43..8.45 rows=0 width=0)
	  ->  Index Scan using sbtest6_pkey on sbtest6  (cost=0.43..8.45 rows=1 width=6)
	        Index Cond: (id = 2146279)

table 7 : explain DELETE FROM sbtest7 WHERE id=3232442
	Delete on sbtest7  (cost=0.43..8.45 rows=0 width=0)
	  ->  Index Scan using sbtest7_pkey on sbtest7  (cost=0.43..8.45 rows=1 width=6)
	        Index Cond: (id = 3232442)

table 8 : explain DELETE FROM sbtest8 WHERE id=7229580
	Delete on sbtest8  (cost=0.43..8.45 rows=0 width=0)
	  ->  Index Scan using sbtest8_pkey on sbtest8  (cost=0.43..8.45 rows=1 width=6)
	        Index Cond: (id = 7229580)

for: simple_ranges
table 1 : explain SELECT c FROM sbtest1 WHERE id BETWEEN 6759665 AND 6759674
	Index Scan using sbtest1_pkey on sbtest1  (cost=0.43..40.47 rows=10 width=121)
	  Index Cond: ((id >= 6759665) AND (id <= 6759674))

table 2 : explain SELECT c FROM sbtest2 WHERE id BETWEEN 7661332 AND 7661341
	Index Scan using sbtest2_pkey on sbtest2  (cost=0.43..40.60 rows=10 width=121)
	  Index Cond: ((id >= 7661332) AND (id <= 7661341))

table 3 : explain SELECT c FROM sbtest3 WHERE id BETWEEN 8954006 AND 8954015
	Index Scan using sbtest3_pkey on sbtest3  (cost=0.43..40.87 rows=10 width=121)
	  Index Cond: ((id >= 8954006) AND (id <= 8954015))

table 4 : explain SELECT c FROM sbtest4 WHERE id BETWEEN 1335198 AND 1335207
	Index Scan using sbtest4_pkey on sbtest4  (cost=0.43..44.32 rows=11 width=121)
	  Index Cond: ((id >= 1335198) AND (id <= 1335207))

table 5 : explain SELECT c FROM sbtest5 WHERE id BETWEEN 4184213 AND 4184222
	Index Scan using sbtest5_pkey on sbtest5  (cost=0.43..40.30 rows=10 width=121)
	  Index Cond: ((id >= 4184213) AND (id <= 4184222))

table 6 : explain SELECT c FROM sbtest6 WHERE id BETWEEN 572163 AND 572172
	Index Scan using sbtest6_pkey on sbtest6  (cost=0.43..37.25 rows=9 width=121)
	  Index Cond: ((id >= 572163) AND (id <= 572172))

table 7 : explain SELECT c FROM sbtest7 WHERE id BETWEEN 5163837 AND 5163846
	Index Scan using sbtest7_pkey on sbtest7  (cost=0.43..40.43 rows=10 width=121)
	  Index Cond: ((id >= 5163837) AND (id <= 5163846))

table 8 : explain SELECT c FROM sbtest8 WHERE id BETWEEN 6614194 AND 6614203
	Index Scan using sbtest8_pkey on sbtest8  (cost=0.43..40.23 rows=10 width=121)
	  Index Cond: ((id >= 6614194) AND (id <= 6614203))

for: order_ranges
table 1 : explain SELECT c FROM sbtest1 WHERE id BETWEEN 2939770 AND 2939779 ORDER BY c
	Sort  (cost=37.06..37.08 rows=9 width=121)
	  Sort Key: c
	  ->  Index Scan using sbtest1_pkey on sbtest1  (cost=0.43..36.92 rows=9 width=121)
	        Index Cond: ((id >= 2939770) AND (id <= 2939779))

table 2 : explain SELECT c FROM sbtest2 WHERE id BETWEEN 3116979 AND 3116988 ORDER BY c
	Sort  (cost=40.76..40.79 rows=10 width=121)
	  Sort Key: c
	  ->  Index Scan using sbtest2_pkey on sbtest2  (cost=0.43..40.60 rows=10 width=121)
	        Index Cond: ((id >= 3116979) AND (id <= 3116988))

table 3 : explain SELECT c FROM sbtest3 WHERE id BETWEEN 5570990 AND 5570999 ORDER BY c
	Sort  (cost=41.03..41.06 rows=10 width=121)
	  Sort Key: c
	  ->  Index Scan using sbtest3_pkey on sbtest3  (cost=0.43..40.87 rows=10 width=121)
	        Index Cond: ((id >= 5570990) AND (id <= 5570999))

table 4 : explain SELECT c FROM sbtest4 WHERE id BETWEEN 6400416 AND 6400425 ORDER BY c
	Sort  (cost=40.90..40.93 rows=10 width=121)
	  Sort Key: c
	  ->  Index Scan using sbtest4_pkey on sbtest4  (cost=0.43..40.73 rows=10 width=121)
	        Index Cond: ((id >= 6400416) AND (id <= 6400425))

table 5 : explain SELECT c FROM sbtest5 WHERE id BETWEEN 9195180 AND 9195189 ORDER BY c
	Sort  (cost=40.46..40.49 rows=10 width=121)
	  Sort Key: c
	  ->  Index Scan using sbtest5_pkey on sbtest5  (cost=0.43..40.30 rows=10 width=121)
	        Index Cond: ((id >= 9195180) AND (id <= 9195189))

table 6 : explain SELECT c FROM sbtest6 WHERE id BETWEEN 4688389 AND 4688398 ORDER BY c
	Sort  (cost=44.63..44.66 rows=11 width=121)
	  Sort Key: c
	  ->  Index Scan using sbtest6_pkey on sbtest6  (cost=0.43..44.44 rows=11 width=121)
	        Index Cond: ((id >= 4688389) AND (id <= 4688398))

table 7 : explain SELECT c FROM sbtest7 WHERE id BETWEEN 536388 AND 536397 ORDER BY c
	Sort  (cost=40.59..40.62 rows=10 width=121)
	  Sort Key: c
	  ->  Index Scan using sbtest7_pkey on sbtest7  (cost=0.43..40.43 rows=10 width=121)
	        Index Cond: ((id >= 536388) AND (id <= 536397))

table 8 : explain SELECT c FROM sbtest8 WHERE id BETWEEN 37813 AND 37822 ORDER BY c
	Sort  (cost=43.95..43.98 rows=11 width=121)
	  Sort Key: c
	  ->  Index Scan using sbtest8_pkey on sbtest8  (cost=0.43..43.76 rows=11 width=121)
	        Index Cond: ((id >= 37813) AND (id <= 37822))

for point_selects
table 1 : explain SELECT c FROM sbtest1 WHERE id=8410864
	Index Scan using sbtest1_pkey on sbtest1  (cost=0.43..8.45 rows=1 width=121)
	  Index Cond: (id = 8410864)

table 2 : explain SELECT c FROM sbtest2 WHERE id=5248794
	Index Scan using sbtest2_pkey on sbtest2  (cost=0.43..8.45 rows=1 width=121)
	  Index Cond: (id = 5248794)

table 3 : explain SELECT c FROM sbtest3 WHERE id=4521750
	Index Scan using sbtest3_pkey on sbtest3  (cost=0.43..8.45 rows=1 width=121)
	  Index Cond: (id = 4521750)

table 4 : explain SELECT c FROM sbtest4 WHERE id=6568447
	Index Scan using sbtest4_pkey on sbtest4  (cost=0.43..8.45 rows=1 width=121)
	  Index Cond: (id = 6568447)

table 5 : explain SELECT c FROM sbtest5 WHERE id=470452
	Index Scan using sbtest5_pkey on sbtest5  (cost=0.43..8.45 rows=1 width=121)
	  Index Cond: (id = 470452)

table 6 : explain SELECT c FROM sbtest6 WHERE id=4996277
	Index Scan using sbtest6_pkey on sbtest6  (cost=0.43..8.45 rows=1 width=121)
	  Index Cond: (id = 4996277)

table 7 : explain SELECT c FROM sbtest7 WHERE id=818999
	Index Scan using sbtest7_pkey on sbtest7  (cost=0.43..8.45 rows=1 width=121)
	  Index Cond: (id = 818999)

table 8 : explain SELECT c FROM sbtest8 WHERE id=5873529
	Index Scan using sbtest8_pkey on sbtest8  (cost=0.43..8.45 rows=1 width=121)
	  Index Cond: (id = 5873529)

for: simple_ranges
table 1 : explain SELECT c FROM sbtest1 WHERE id BETWEEN 8354835 AND 8354844
	Index Scan using sbtest1_pkey on sbtest1  (cost=0.43..40.47 rows=10 width=121)
	  Index Cond: ((id >= 8354835) AND (id <= 8354844))

table 2 : explain SELECT c FROM sbtest2 WHERE id BETWEEN 3318792 AND 3318801
	Index Scan using sbtest2_pkey on sbtest2  (cost=0.43..40.60 rows=10 width=121)
	  Index Cond: ((id >= 3318792) AND (id <= 3318801))

table 3 : explain SELECT c FROM sbtest3 WHERE id BETWEEN 5781589 AND 5781598
	Index Scan using sbtest3_pkey on sbtest3  (cost=0.43..40.87 rows=10 width=121)
	  Index Cond: ((id >= 5781589) AND (id <= 5781598))

table 4 : explain SELECT c FROM sbtest4 WHERE id BETWEEN 6296117 AND 6296126
	Index Scan using sbtest4_pkey on sbtest4  (cost=0.43..37.15 rows=9 width=121)
	  Index Cond: ((id >= 6296117) AND (id <= 6296126))

table 5 : explain SELECT c FROM sbtest5 WHERE id BETWEEN 3846755 AND 3846764
	Index Scan using sbtest5_pkey on sbtest5  (cost=0.43..40.30 rows=10 width=121)
	  Index Cond: ((id >= 3846755) AND (id <= 3846764))

table 6 : explain SELECT c FROM sbtest6 WHERE id BETWEEN 8008688 AND 8008697
	Index Scan using sbtest6_pkey on sbtest6  (cost=0.43..40.84 rows=10 width=121)
	  Index Cond: ((id >= 8008688) AND (id <= 8008697))

table 7 : explain SELECT c FROM sbtest7 WHERE id BETWEEN 3454103 AND 3454112
	Index Scan using sbtest7_pkey on sbtest7  (cost=0.43..43.98 rows=11 width=121)
	  Index Cond: ((id >= 3454103) AND (id <= 3454112))

table 8 : explain SELECT c FROM sbtest8 WHERE id BETWEEN 3836116 AND 3836125
	Index Scan using sbtest8_pkey on sbtest8  (cost=0.43..40.23 rows=10 width=121)
	  Index Cond: ((id >= 3836116) AND (id <= 3836125))

for: order_ranges
table 1 : explain SELECT c FROM sbtest1 WHERE id BETWEEN 4359433 AND 4359442 ORDER BY c
	Sort  (cost=40.64..40.66 rows=10 width=121)
	  Sort Key: c
	  ->  Index Scan using sbtest1_pkey on sbtest1  (cost=0.43..40.47 rows=10 width=121)
	        Index Cond: ((id >= 4359433) AND (id <= 4359442))

table 2 : explain SELECT c FROM sbtest2 WHERE id BETWEEN 3428769 AND 3428778 ORDER BY c
	Sort  (cost=40.76..40.79 rows=10 width=121)
	  Sort Key: c
	  ->  Index Scan using sbtest2_pkey on sbtest2  (cost=0.43..40.60 rows=10 width=121)
	        Index Cond: ((id >= 3428769) AND (id <= 3428778))

table 3 : explain SELECT c FROM sbtest3 WHERE id BETWEEN 4862150 AND 4862159 ORDER BY c
	Sort  (cost=37.41..37.43 rows=9 width=121)
	  Sort Key: c
	  ->  Index Scan using sbtest3_pkey on sbtest3  (cost=0.43..37.27 rows=9 width=121)
	        Index Cond: ((id >= 4862150) AND (id <= 4862159))

table 4 : explain SELECT c FROM sbtest4 WHERE id BETWEEN 966223 AND 966232 ORDER BY c
	Sort  (cost=44.51..44.54 rows=11 width=121)
	  Sort Key: c
	  ->  Index Scan using sbtest4_pkey on sbtest4  (cost=0.43..44.32 rows=11 width=121)
	        Index Cond: ((id >= 966223) AND (id <= 966232))

table 5 : explain SELECT c FROM sbtest5 WHERE id BETWEEN 2582432 AND 2582441 ORDER BY c
	Sort  (cost=40.46..40.49 rows=10 width=121)
	  Sort Key: c
	  ->  Index Scan using sbtest5_pkey on sbtest5  (cost=0.43..40.30 rows=10 width=121)
	        Index Cond: ((id >= 2582432) AND (id <= 2582441))

table 6 : explain SELECT c FROM sbtest6 WHERE id BETWEEN 7104258 AND 7104267 ORDER BY c
	Sort  (cost=41.01..41.04 rows=10 width=121)
	  Sort Key: c
	  ->  Index Scan using sbtest6_pkey on sbtest6  (cost=0.43..40.84 rows=10 width=121)
	        Index Cond: ((id >= 7104258) AND (id <= 7104267))

table 7 : explain SELECT c FROM sbtest7 WHERE id BETWEEN 8220179 AND 8220188 ORDER BY c
	Sort  (cost=37.02..37.04 rows=9 width=121)
	  Sort Key: c
	  ->  Index Scan using sbtest7_pkey on sbtest7  (cost=0.43..36.88 rows=9 width=121)
	        Index Cond: ((id >= 8220179) AND (id <= 8220188))

table 8 : explain SELECT c FROM sbtest8 WHERE id BETWEEN 4980653 AND 4980662 ORDER BY c
	Sort  (cost=36.85..36.87 rows=9 width=121)
	  Sort Key: c
	  ->  Index Scan using sbtest8_pkey on sbtest8  (cost=0.43..36.70 rows=9 width=121)
	        Index Cond: ((id >= 4980653) AND (id <= 4980662))

for: sum_ranges
table 1 : explain SELECT SUM(k) FROM sbtest1 WHERE id BETWEEN 7029706 AND 7029715
	Aggregate  (cost=40.50..40.51 rows=1 width=8)
	  ->  Index Scan using sbtest1_pkey on sbtest1  (cost=0.43..40.47 rows=10 width=4)
	        Index Cond: ((id >= 7029706) AND (id <= 7029715))

table 2 : explain SELECT SUM(k) FROM sbtest2 WHERE id BETWEEN 4788616 AND 4788625
	Aggregate  (cost=37.05..37.06 rows=1 width=8)
	  ->  Index Scan using sbtest2_pkey on sbtest2  (cost=0.43..37.03 rows=9 width=4)
	        Index Cond: ((id >= 4788616) AND (id <= 4788625))

table 3 : explain SELECT SUM(k) FROM sbtest3 WHERE id BETWEEN 4212763 AND 4212772
	Aggregate  (cost=40.89..40.90 rows=1 width=8)
	  ->  Index Scan using sbtest3_pkey on sbtest3  (cost=0.43..40.87 rows=10 width=4)
	        Index Cond: ((id >= 4212763) AND (id <= 4212772))

table 4 : explain SELECT SUM(k) FROM sbtest4 WHERE id BETWEEN 47857 AND 47866
	Aggregate  (cost=40.76..40.77 rows=1 width=8)
	  ->  Index Scan using sbtest4_pkey on sbtest4  (cost=0.43..40.73 rows=10 width=4)
	        Index Cond: ((id >= 47857) AND (id <= 47866))

table 5 : explain SELECT SUM(k) FROM sbtest5 WHERE id BETWEEN 3032103 AND 3032112
	Aggregate  (cost=36.78..36.79 rows=1 width=8)
	  ->  Index Scan using sbtest5_pkey on sbtest5  (cost=0.43..36.76 rows=9 width=4)
	        Index Cond: ((id >= 3032103) AND (id <= 3032112))

table 6 : explain SELECT SUM(k) FROM sbtest6 WHERE id BETWEEN 2457219 AND 2457228
	Aggregate  (cost=40.87..40.88 rows=1 width=8)
	  ->  Index Scan using sbtest6_pkey on sbtest6  (cost=0.43..40.84 rows=10 width=4)
	        Index Cond: ((id >= 2457219) AND (id <= 2457228))

table 7 : explain SELECT SUM(k) FROM sbtest7 WHERE id BETWEEN 2007747 AND 2007756
	Aggregate  (cost=36.90..36.91 rows=1 width=8)
	  ->  Index Scan using sbtest7_pkey on sbtest7  (cost=0.43..36.88 rows=9 width=4)
	        Index Cond: ((id >= 2007747) AND (id <= 2007756))

table 8 : explain SELECT SUM(k) FROM sbtest8 WHERE id BETWEEN 4047118 AND 4047127
	Aggregate  (cost=43.79..43.80 rows=1 width=8)
	  ->  Index Scan using sbtest8_pkey on sbtest8  (cost=0.43..43.76 rows=11 width=4)
	        Index Cond: ((id >= 4047118) AND (id <= 4047127))

for: simple_ranges
table 1 : explain SELECT c FROM sbtest1 WHERE id BETWEEN 8127459 AND 8127468
	Index Scan using sbtest1_pkey on sbtest1  (cost=0.43..44.03 rows=11 width=121)
	  Index Cond: ((id >= 8127459) AND (id <= 8127468))

table 2 : explain SELECT c FROM sbtest2 WHERE id BETWEEN 5642108 AND 5642117
	Index Scan using sbtest2_pkey on sbtest2  (cost=0.43..33.45 rows=8 width=121)
	  Index Cond: ((id >= 5642108) AND (id <= 5642117))

table 3 : explain SELECT c FROM sbtest3 WHERE id BETWEEN 8162810 AND 8162819
	Index Scan using sbtest3_pkey on sbtest3  (cost=0.43..40.87 rows=10 width=121)
	  Index Cond: ((id >= 8162810) AND (id <= 8162819))

table 4 : explain SELECT c FROM sbtest4 WHERE id BETWEEN 375174 AND 375183
	Index Scan using sbtest4_pkey on sbtest4  (cost=0.43..40.73 rows=10 width=121)
	  Index Cond: ((id >= 375174) AND (id <= 375183))

table 5 : explain SELECT c FROM sbtest5 WHERE id BETWEEN 9482433 AND 9482442
	Index Scan using sbtest5_pkey on sbtest5  (cost=0.43..40.30 rows=10 width=121)
	  Index Cond: ((id >= 9482433) AND (id <= 9482442))

table 6 : explain SELECT c FROM sbtest6 WHERE id BETWEEN 5163274 AND 5163283
	Index Scan using sbtest6_pkey on sbtest6  (cost=0.43..40.84 rows=10 width=121)
	  Index Cond: ((id >= 5163274) AND (id <= 5163283))

table 7 : explain SELECT c FROM sbtest7 WHERE id BETWEEN 1815100 AND 1815109
	Index Scan using sbtest7_pkey on sbtest7  (cost=0.43..40.43 rows=10 width=121)
	  Index Cond: ((id >= 1815100) AND (id <= 1815109))

table 8 : explain SELECT c FROM sbtest8 WHERE id BETWEEN 9824710 AND 9824719
	Index Scan using sbtest8_pkey on sbtest8  (cost=0.43..43.76 rows=11 width=121)
	  Index Cond: ((id >= 9824710) AND (id <= 9824719))

for: order_ranges
table 1 : explain SELECT c FROM sbtest1 WHERE id BETWEEN 8121020 AND 8121029 ORDER BY c
	Sort  (cost=44.22..44.25 rows=11 width=121)
	  Sort Key: c
	  ->  Index Scan using sbtest1_pkey on sbtest1  (cost=0.43..44.03 rows=11 width=121)
	        Index Cond: ((id >= 8121020) AND (id <= 8121029))

table 2 : explain SELECT c FROM sbtest2 WHERE id BETWEEN 9135018 AND 9135027 ORDER BY c
	Sort  (cost=44.36..44.39 rows=11 width=121)
	  Sort Key: c
	  ->  Index Scan using sbtest2_pkey on sbtest2  (cost=0.43..44.17 rows=11 width=121)
	        Index Cond: ((id >= 9135018) AND (id <= 9135027))

table 3 : explain SELECT c FROM sbtest3 WHERE id BETWEEN 3499987 AND 3499996 ORDER BY c
	Sort  (cost=44.66..44.69 rows=11 width=121)
	  Sort Key: c
	  ->  Index Scan using sbtest3_pkey on sbtest3  (cost=0.43..44.47 rows=11 width=121)
	        Index Cond: ((id >= 3499987) AND (id <= 3499996))

table 4 : explain SELECT c FROM sbtest4 WHERE id BETWEEN 9756568 AND 9756577 ORDER BY c
	Sort  (cost=40.90..40.93 rows=10 width=121)
	  Sort Key: c
	  ->  Index Scan using sbtest4_pkey on sbtest4  (cost=0.43..40.73 rows=10 width=121)
	        Index Cond: ((id >= 9756568) AND (id <= 9756577))

table 5 : explain SELECT c FROM sbtest5 WHERE id BETWEEN 7097167 AND 7097176 ORDER BY c
	Sort  (cost=44.03..44.05 rows=11 width=121)
	  Sort Key: c
	  ->  Index Scan using sbtest5_pkey on sbtest5  (cost=0.43..43.84 rows=11 width=121)
	        Index Cond: ((id >= 7097167) AND (id <= 7097176))

table 6 : explain SELECT c FROM sbtest6 WHERE id BETWEEN 9618247 AND 9618256 ORDER BY c
	Sort  (cost=41.01..41.04 rows=10 width=121)
	  Sort Key: c
	  ->  Index Scan using sbtest6_pkey on sbtest6  (cost=0.43..40.84 rows=10 width=121)
	        Index Cond: ((id >= 9618247) AND (id <= 9618256))

table 7 : explain SELECT c FROM sbtest7 WHERE id BETWEEN 6901355 AND 6901364 ORDER BY c
	Sort  (cost=37.02..37.04 rows=9 width=121)
	  Sort Key: c
	  ->  Index Scan using sbtest7_pkey on sbtest7  (cost=0.43..36.88 rows=9 width=121)
	        Index Cond: ((id >= 6901355) AND (id <= 6901364))

table 8 : explain SELECT c FROM sbtest8 WHERE id BETWEEN 7061000 AND 7061009 ORDER BY c
	Sort  (cost=40.40..40.42 rows=10 width=121)
	  Sort Key: c
	  ->  Index Scan using sbtest8_pkey on sbtest8  (cost=0.43..40.23 rows=10 width=121)
	        Index Cond: ((id >= 7061000) AND (id <= 7061009))

for point_selects
table 1 : explain SELECT c FROM sbtest1 WHERE id=4811050
	Index Scan using sbtest1_pkey on sbtest1  (cost=0.43..8.45 rows=1 width=121)
	  Index Cond: (id = 4811050)

table 2 : explain SELECT c FROM sbtest2 WHERE id=938105
	Index Scan using sbtest2_pkey on sbtest2  (cost=0.43..8.45 rows=1 width=121)
	  Index Cond: (id = 938105)

table 3 : explain SELECT c FROM sbtest3 WHERE id=5464808
	Index Scan using sbtest3_pkey on sbtest3  (cost=0.43..8.45 rows=1 width=121)
	  Index Cond: (id = 5464808)

table 4 : explain SELECT c FROM sbtest4 WHERE id=2130341
	Index Scan using sbtest4_pkey on sbtest4  (cost=0.43..8.45 rows=1 width=121)
	  Index Cond: (id = 2130341)

table 5 : explain SELECT c FROM sbtest5 WHERE id=2021373
	Index Scan using sbtest5_pkey on sbtest5  (cost=0.43..8.45 rows=1 width=121)
	  Index Cond: (id = 2021373)

table 6 : explain SELECT c FROM sbtest6 WHERE id=2196184
	Index Scan using sbtest6_pkey on sbtest6  (cost=0.43..8.45 rows=1 width=121)
	  Index Cond: (id = 2196184)

table 7 : explain SELECT c FROM sbtest7 WHERE id=8011650
	Index Scan using sbtest7_pkey on sbtest7  (cost=0.43..8.45 rows=1 width=121)
	  Index Cond: (id = 8011650)

table 8 : explain SELECT c FROM sbtest8 WHERE id=9763790
	Index Scan using sbtest8_pkey on sbtest8  (cost=0.43..8.45 rows=1 width=121)
	  Index Cond: (id = 9763790)

for: distinct_ranges
table 1 : explain SELECT DISTINCT c FROM sbtest1 WHERE id BETWEEN 1005147 AND 1005156 ORDER BY c
	Unique  (cost=40.64..40.69 rows=10 width=121)
	  ->  Sort  (cost=40.64..40.66 rows=10 width=121)
	        Sort Key: c
	        ->  Index Scan using sbtest1_pkey on sbtest1  (cost=0.43..40.47 rows=10 width=121)
	              Index Cond: ((id >= 1005147) AND (id <= 1005156))

table 2 : explain SELECT DISTINCT c FROM sbtest2 WHERE id BETWEEN 1916065 AND 1916074 ORDER BY c
	Unique  (cost=40.76..40.81 rows=10 width=121)
	  ->  Sort  (cost=40.76..40.79 rows=10 width=121)
	        Sort Key: c
	        ->  Index Scan using sbtest2_pkey on sbtest2  (cost=0.43..40.60 rows=10 width=121)
	              Index Cond: ((id >= 1916065) AND (id <= 1916074))

table 3 : explain SELECT DISTINCT c FROM sbtest3 WHERE id BETWEEN 8895449 AND 8895458 ORDER BY c
	Unique  (cost=41.03..41.08 rows=10 width=121)
	  ->  Sort  (cost=41.03..41.06 rows=10 width=121)
	        Sort Key: c
	        ->  Index Scan using sbtest3_pkey on sbtest3  (cost=0.43..40.87 rows=10 width=121)
	              Index Cond: ((id >= 8895449) AND (id <= 8895458))

table 4 : explain SELECT DISTINCT c FROM sbtest4 WHERE id BETWEEN 5924023 AND 5924032 ORDER BY c
	Unique  (cost=37.29..37.34 rows=9 width=121)
	  ->  Sort  (cost=37.29..37.31 rows=9 width=121)
	        Sort Key: c
	        ->  Index Scan using sbtest4_pkey on sbtest4  (cost=0.43..37.15 rows=9 width=121)
	              Index Cond: ((id >= 5924023) AND (id <= 5924032))

table 5 : explain SELECT DISTINCT c FROM sbtest5 WHERE id BETWEEN 7906844 AND 7906853 ORDER BY c
	Unique  (cost=40.46..40.51 rows=10 width=121)
	  ->  Sort  (cost=40.46..40.49 rows=10 width=121)
	        Sort Key: c
	        ->  Index Scan using sbtest5_pkey on sbtest5  (cost=0.43..40.30 rows=10 width=121)
	              Index Cond: ((id >= 7906844) AND (id <= 7906853))

table 6 : explain SELECT DISTINCT c FROM sbtest6 WHERE id BETWEEN 185451 AND 185460 ORDER BY c
	Unique  (cost=41.01..41.06 rows=10 width=121)
	  ->  Sort  (cost=41.01..41.04 rows=10 width=121)
	        Sort Key: c
	        ->  Index Scan using sbtest6_pkey on sbtest6  (cost=0.43..40.84 rows=10 width=121)
	              Index Cond: ((id >= 185451) AND (id <= 185460))

table 7 : explain SELECT DISTINCT c FROM sbtest7 WHERE id BETWEEN 9129234 AND 9129243 ORDER BY c
	Unique  (cost=37.02..37.06 rows=9 width=121)
	  ->  Sort  (cost=37.02..37.04 rows=9 width=121)
	        Sort Key: c
	        ->  Index Scan using sbtest7_pkey on sbtest7  (cost=0.43..36.88 rows=9 width=121)
	              Index Cond: ((id >= 9129234) AND (id <= 9129243))

table 8 : explain SELECT DISTINCT c FROM sbtest8 WHERE id BETWEEN 6820233 AND 6820242 ORDER BY c
	Unique  (cost=40.40..40.45 rows=10 width=121)
	  ->  Sort  (cost=40.40..40.42 rows=10 width=121)
	        Sort Key: c
	        ->  Index Scan using sbtest8_pkey on sbtest8  (cost=0.43..40.23 rows=10 width=121)
	              Index Cond: ((id >= 6820233) AND (id <= 6820242))

explain: for inserts :: explain INSERT INTO sbtest%u (id, k, c, pad) VALUES (%u, 13, 'foobar', 'foobar')
explain: for point_selects :: explain SELECT c FROM sbtest%u WHERE id=%u
for point_selects
table 1 : explain SELECT c FROM sbtest1 WHERE id=9281744
	Index Scan using sbtest1_pkey on sbtest1  (cost=0.43..8.45 rows=1 width=121)
	  Index Cond: (id = 9281744)

table 2 : explain SELECT c FROM sbtest2 WHERE id=5576135
	Index Scan using sbtest2_pkey on sbtest2  (cost=0.43..8.45 rows=1 width=121)
	  Index Cond: (id = 5576135)

table 3 : explain SELECT c FROM sbtest3 WHERE id=7399106
	Index Scan using sbtest3_pkey on sbtest3  (cost=0.43..8.45 rows=1 width=121)
	  Index Cond: (id = 7399106)

table 4 : explain SELECT c FROM sbtest4 WHERE id=283505
	Index Scan using sbtest4_pkey on sbtest4  (cost=0.43..8.45 rows=1 width=121)
	  Index Cond: (id = 283505)

table 5 : explain SELECT c FROM sbtest5 WHERE id=9154730
	Index Scan using sbtest5_pkey on sbtest5  (cost=0.43..8.45 rows=1 width=121)
	  Index Cond: (id = 9154730)

table 6 : explain SELECT c FROM sbtest6 WHERE id=2670083
	Index Scan using sbtest6_pkey on sbtest6  (cost=0.43..8.45 rows=1 width=121)
	  Index Cond: (id = 2670083)

table 7 : explain SELECT c FROM sbtest7 WHERE id=4328791
	Index Scan using sbtest7_pkey on sbtest7  (cost=0.43..8.45 rows=1 width=121)
	  Index Cond: (id = 4328791)

table 8 : explain SELECT c FROM sbtest8 WHERE id=1126928
	Index Scan using sbtest8_pkey on sbtest8  (cost=0.43..8.45 rows=1 width=121)
	  Index Cond: (id = 1126928)

for: order_ranges
table 1 : explain SELECT c FROM sbtest1 WHERE id BETWEEN 3129334 AND 3129343 ORDER BY c
	Sort  (cost=44.22..44.25 rows=11 width=121)
	  Sort Key: c
	  ->  Index Scan using sbtest1_pkey on sbtest1  (cost=0.43..44.03 rows=11 width=121)
	        Index Cond: ((id >= 3129334) AND (id <= 3129343))

table 2 : explain SELECT c FROM sbtest2 WHERE id BETWEEN 8828702 AND 8828711 ORDER BY c
	Sort  (cost=44.36..44.39 rows=11 width=121)
	  Sort Key: c
	  ->  Index Scan using sbtest2_pkey on sbtest2  (cost=0.43..44.17 rows=11 width=121)
	        Index Cond: ((id >= 8828702) AND (id <= 8828711))

table 3 : explain SELECT c FROM sbtest3 WHERE id BETWEEN 6701414 AND 6701423 ORDER BY c
	Sort  (cost=41.03..41.06 rows=10 width=121)
	  Sort Key: c
	  ->  Index Scan using sbtest3_pkey on sbtest3  (cost=0.43..40.87 rows=10 width=121)
	        Index Cond: ((id >= 6701414) AND (id <= 6701423))

table 4 : explain SELECT c FROM sbtest4 WHERE id BETWEEN 3757254 AND 3757263 ORDER BY c
	Sort  (cost=40.90..40.93 rows=10 width=121)
	  Sort Key: c
	  ->  Index Scan using sbtest4_pkey on sbtest4  (cost=0.43..40.73 rows=10 width=121)
	        Index Cond: ((id >= 3757254) AND (id <= 3757263))

table 5 : explain SELECT c FROM sbtest5 WHERE id BETWEEN 7037048 AND 7037057 ORDER BY c
	Sort  (cost=44.03..44.05 rows=11 width=121)
	  Sort Key: c
	  ->  Index Scan using sbtest5_pkey on sbtest5  (cost=0.43..43.84 rows=11 width=121)
	        Index Cond: ((id >= 7037048) AND (id <= 7037057))

table 6 : explain SELECT c FROM sbtest6 WHERE id BETWEEN 1703865 AND 1703874 ORDER BY c
	Sort  (cost=37.39..37.41 rows=9 width=121)
	  Sort Key: c
	  ->  Index Scan using sbtest6_pkey on sbtest6  (cost=0.43..37.25 rows=9 width=121)
	        Index Cond: ((id >= 1703865) AND (id <= 1703874))

table 7 : explain SELECT c FROM sbtest7 WHERE id BETWEEN 662806 AND 662815 ORDER BY c
	Sort  (cost=40.59..40.62 rows=10 width=121)
	  Sort Key: c
	  ->  Index Scan using sbtest7_pkey on sbtest7  (cost=0.43..40.43 rows=10 width=121)
	        Index Cond: ((id >= 662806) AND (id <= 662815))

table 8 : explain SELECT c FROM sbtest8 WHERE id BETWEEN 7851361 AND 7851370 ORDER BY c
	Sort  (cost=40.40..40.42 rows=10 width=121)
	  Sort Key: c
	  ->  Index Scan using sbtest8_pkey on sbtest8  (cost=0.43..40.23 rows=10 width=121)
	        Index Cond: ((id >= 7851361) AND (id <= 7851370))

for inserts
table 1 : explain INSERT INTO sbtest1 (id, k, c, pad) VALUES (461017, 13, 'foobar', 'foobar')
	Insert on sbtest1  (cost=0.00..0.01 rows=0 width=0)
	  ->  Result  (cost=0.00..0.01 rows=1 width=736)

table 2 : explain INSERT INTO sbtest2 (id, k, c, pad) VALUES (5484238, 13, 'foobar', 'foobar')
	Insert on sbtest2  (cost=0.00..0.01 rows=0 width=0)
	  ->  Result  (cost=0.00..0.01 rows=1 width=736)

table 3 : explain INSERT INTO sbtest3 (id, k, c, pad) VALUES (6916678, 13, 'foobar', 'foobar')
	Insert on sbtest3  (cost=0.00..0.01 rows=0 width=0)
	  ->  Result  (cost=0.00..0.01 rows=1 width=736)

table 4 : explain INSERT INTO sbtest4 (id, k, c, pad) VALUES (7699380, 13, 'foobar', 'foobar')
	Insert on sbtest4  (cost=0.00..0.01 rows=0 width=0)
	  ->  Result  (cost=0.00..0.01 rows=1 width=736)

table 5 : explain INSERT INTO sbtest5 (id, k, c, pad) VALUES (7127152, 13, 'foobar', 'foobar')
	Insert on sbtest5  (cost=0.00..0.01 rows=0 width=0)
	  ->  Result  (cost=0.00..0.01 rows=1 width=736)

table 6 : explain INSERT INTO sbtest6 (id, k, c, pad) VALUES (6940644, 13, 'foobar', 'foobar')
	Insert on sbtest6  (cost=0.00..0.01 rows=0 width=0)
	  ->  Result  (cost=0.00..0.01 rows=1 width=736)

table 7 : explain INSERT INTO sbtest7 (id, k, c, pad) VALUES (2636609, 13, 'foobar', 'foobar')
	Insert on sbtest7  (cost=0.00..0.01 rows=0 width=0)
	  ->  Result  (cost=0.00..0.01 rows=1 width=736)

table 8 : explain INSERT INTO sbtest8 (id, k, c, pad) VALUES (556725, 13, 'foobar', 'foobar')
	Insert on sbtest8  (cost=0.00..0.01 rows=0 width=0)
	  ->  Result  (cost=0.00..0.01 rows=1 width=736)

explain: for point_selects :: explain SELECT c FROM sbtest%u WHERE id=%u
for point_selects
table 1 : explain SELECT c FROM sbtest1 WHERE id=4534538
	Index Scan using sbtest1_pkey on sbtest1  (cost=0.43..8.45 rows=1 width=121)
	  Index Cond: (id = 4534538)

table 2 : explain SELECT c FROM sbtest2 WHERE id=2399112
	Index Scan using sbtest2_pkey on sbtest2  (cost=0.43..8.45 rows=1 width=121)
	  Index Cond: (id = 2399112)

table 3 : explain SELECT c FROM sbtest3 WHERE id=7216324
	Index Scan using sbtest3_pkey on sbtest3  (cost=0.43..8.45 rows=1 width=121)
	  Index Cond: (id = 7216324)

table 4 : explain SELECT c FROM sbtest4 WHERE id=9657126
	Index Scan using sbtest4_pkey on sbtest4  (cost=0.43..8.45 rows=1 width=121)
	  Index Cond: (id = 9657126)

table 5 : explain SELECT c FROM sbtest5 WHERE id=8889870
	Index Scan using sbtest5_pkey on sbtest5  (cost=0.43..8.45 rows=1 width=121)
	  Index Cond: (id = 8889870)

table 6 : explain SELECT c FROM sbtest6 WHERE id=6048615
	Index Scan using sbtest6_pkey on sbtest6  (cost=0.43..8.45 rows=1 width=121)
	  Index Cond: (id = 6048615)

table 7 : explain SELECT c FROM sbtest7 WHERE id=8210315
	Index Scan using sbtest7_pkey on sbtest7  (cost=0.43..8.45 rows=1 width=121)
	  Index Cond: (id = 8210315)

table 8 : explain SELECT c FROM sbtest8 WHERE id=833306
	Index Scan using sbtest8_pkey on sbtest8  (cost=0.43..8.45 rows=1 width=121)
	  Index Cond: (id = 833306)

explain: for point_selects :: explain SELECT c FROM sbtest%u WHERE id=%u
for: distinct_ranges
table 1 : explain SELECT DISTINCT c FROM sbtest1 WHERE id BETWEEN 1383884 AND 1383893 ORDER BY c
	Unique  (cost=40.64..40.69 rows=10 width=121)
	  ->  Sort  (cost=40.64..40.66 rows=10 width=121)
	        Sort Key: c
	        ->  Index Scan using sbtest1_pkey on sbtest1  (cost=0.43..40.47 rows=10 width=121)
	              Index Cond: ((id >= 1383884) AND (id <= 1383893))

table 2 : explain SELECT DISTINCT c FROM sbtest2 WHERE id BETWEEN 6260713 AND 6260722 ORDER BY c
	Unique  (cost=37.17..37.21 rows=9 width=121)
	  ->  Sort  (cost=37.17..37.19 rows=9 width=121)
	        Sort Key: c
	        ->  Index Scan using sbtest2_pkey on sbtest2  (cost=0.43..37.03 rows=9 width=121)
	              Index Cond: ((id >= 6260713) AND (id <= 6260722))

table 3 : explain SELECT DISTINCT c FROM sbtest3 WHERE id BETWEEN 693223 AND 693232 ORDER BY c
	Unique  (cost=41.03..41.08 rows=10 width=121)
	  ->  Sort  (cost=41.03..41.06 rows=10 width=121)
	        Sort Key: c
	        ->  Index Scan using sbtest3_pkey on sbtest3  (cost=0.43..40.87 rows=10 width=121)
	              Index Cond: ((id >= 693223) AND (id <= 693232))

table 4 : explain SELECT DISTINCT c FROM sbtest4 WHERE id BETWEEN 656723 AND 656732 ORDER BY c
	Unique  (cost=44.51..44.57 rows=11 width=121)
	  ->  Sort  (cost=44.51..44.54 rows=11 width=121)
	        Sort Key: c
	        ->  Index Scan using sbtest4_pkey on sbtest4  (cost=0.43..44.32 rows=11 width=121)
	              Index Cond: ((id >= 656723) AND (id <= 656732))

table 5 : explain SELECT DISTINCT c FROM sbtest5 WHERE id BETWEEN 8463277 AND 8463286 ORDER BY c
	Unique  (cost=40.46..40.51 rows=10 width=121)
	  ->  Sort  (cost=40.46..40.49 rows=10 width=121)
	        Sort Key: c
	        ->  Index Scan using sbtest5_pkey on sbtest5  (cost=0.43..40.30 rows=10 width=121)
	              Index Cond: ((id >= 8463277) AND (id <= 8463286))

table 6 : explain SELECT DISTINCT c FROM sbtest6 WHERE id BETWEEN 7395382 AND 7395391 ORDER BY c
	Unique  (cost=37.39..37.43 rows=9 width=121)
	  ->  Sort  (cost=37.39..37.41 rows=9 width=121)
	        Sort Key: c
	        ->  Index Scan using sbtest6_pkey on sbtest6  (cost=0.43..37.25 rows=9 width=121)
	              Index Cond: ((id >= 7395382) AND (id <= 7395391))

table 7 : explain SELECT DISTINCT c FROM sbtest7 WHERE id BETWEEN 4272548 AND 4272557 ORDER BY c
	Unique  (cost=40.59..40.64 rows=10 width=121)
	  ->  Sort  (cost=40.59..40.62 rows=10 width=121)
	        Sort Key: c
	        ->  Index Scan using sbtest7_pkey on sbtest7  (cost=0.43..40.43 rows=10 width=121)
	              Index Cond: ((id >= 4272548) AND (id <= 4272557))

table 8 : explain SELECT DISTINCT c FROM sbtest8 WHERE id BETWEEN 2787924 AND 2787933 ORDER BY c
	Unique  (cost=40.40..40.45 rows=10 width=121)
	  ->  Sort  (cost=40.40..40.42 rows=10 width=121)
	        Sort Key: c
	        ->  Index Scan using sbtest8_pkey on sbtest8  (cost=0.43..40.23 rows=10 width=121)
	              Index Cond: ((id >= 2787924) AND (id <= 2787933))

for: simple_ranges
table 1 : explain SELECT c FROM sbtest1 WHERE id BETWEEN 1114343 AND 1114352
	Index Scan using sbtest1_pkey on sbtest1  (cost=0.43..40.47 rows=10 width=121)
	  Index Cond: ((id >= 1114343) AND (id <= 1114352))

table 2 : explain SELECT c FROM sbtest2 WHERE id BETWEEN 1733979 AND 1733988
	Index Scan using sbtest2_pkey on sbtest2  (cost=0.43..40.60 rows=10 width=121)
	  Index Cond: ((id >= 1733979) AND (id <= 1733988))

table 3 : explain SELECT c FROM sbtest3 WHERE id BETWEEN 9829874 AND 9829883
	Index Scan using sbtest3_pkey on sbtest3  (cost=0.43..40.87 rows=10 width=121)
	  Index Cond: ((id >= 9829874) AND (id <= 9829883))

table 4 : explain SELECT c FROM sbtest4 WHERE id BETWEEN 5763539 AND 5763548
	Index Scan using sbtest4_pkey on sbtest4  (cost=0.43..44.32 rows=11 width=121)
	  Index Cond: ((id >= 5763539) AND (id <= 5763548))

table 5 : explain SELECT c FROM sbtest5 WHERE id BETWEEN 4220296 AND 4220305
	Index Scan using sbtest5_pkey on sbtest5  (cost=0.43..40.30 rows=10 width=121)
	  Index Cond: ((id >= 4220296) AND (id <= 4220305))

table 6 : explain SELECT c FROM sbtest6 WHERE id BETWEEN 8195572 AND 8195581
	Index Scan using sbtest6_pkey on sbtest6  (cost=0.43..40.84 rows=10 width=121)
	  Index Cond: ((id >= 8195572) AND (id <= 8195581))

table 7 : explain SELECT c FROM sbtest7 WHERE id BETWEEN 5417880 AND 5417889
	Index Scan using sbtest7_pkey on sbtest7  (cost=0.43..36.88 rows=9 width=121)
	  Index Cond: ((id >= 5417880) AND (id <= 5417889))

table 8 : explain SELECT c FROM sbtest8 WHERE id BETWEEN 8064531 AND 8064540
	Index Scan using sbtest8_pkey on sbtest8  (cost=0.43..40.23 rows=10 width=121)
	  Index Cond: ((id >= 8064531) AND (id <= 8064540))

for: distinct_ranges
table 1 : explain SELECT DISTINCT c FROM sbtest1 WHERE id BETWEEN 6812777 AND 6812786 ORDER BY c
	Unique  (cost=40.64..40.69 rows=10 width=121)
	  ->  Sort  (cost=40.64..40.66 rows=10 width=121)
	        Sort Key: c
	        ->  Index Scan using sbtest1_pkey on sbtest1  (cost=0.43..40.47 rows=10 width=121)
	              Index Cond: ((id >= 6812777) AND (id <= 6812786))

table 2 : explain SELECT DISTINCT c FROM sbtest2 WHERE id BETWEEN 4727659 AND 4727668 ORDER BY c
	Unique  (cost=40.76..40.81 rows=10 width=121)
	  ->  Sort  (cost=40.76..40.79 rows=10 width=121)
	        Sort Key: c
	        ->  Index Scan using sbtest2_pkey on sbtest2  (cost=0.43..40.60 rows=10 width=121)
	              Index Cond: ((id >= 4727659) AND (id <= 4727668))

table 3 : explain SELECT DISTINCT c FROM sbtest3 WHERE id BETWEEN 4644073 AND 4644082 ORDER BY c
	Unique  (cost=44.66..44.71 rows=11 width=121)
	  ->  Sort  (cost=44.66..44.69 rows=11 width=121)
	        Sort Key: c
	        ->  Index Scan using sbtest3_pkey on sbtest3  (cost=0.43..44.47 rows=11 width=121)
	              Index Cond: ((id >= 4644073) AND (id <= 4644082))

table 4 : explain SELECT DISTINCT c FROM sbtest4 WHERE id BETWEEN 6284618 AND 6284627 ORDER BY c
	Unique  (cost=37.29..37.34 rows=9 width=121)
	  ->  Sort  (cost=37.29..37.31 rows=9 width=121)
	        Sort Key: c
	        ->  Index Scan using sbtest4_pkey on sbtest4  (cost=0.43..37.15 rows=9 width=121)
	              Index Cond: ((id >= 6284618) AND (id <= 6284627))

table 5 : explain SELECT DISTINCT c FROM sbtest5 WHERE id BETWEEN 3548769 AND 3548778 ORDER BY c
	Unique  (cost=40.46..40.51 rows=10 width=121)
	  ->  Sort  (cost=40.46..40.49 rows=10 width=121)
	        Sort Key: c
	        ->  Index Scan using sbtest5_pkey on sbtest5  (cost=0.43..40.30 rows=10 width=121)
	              Index Cond: ((id >= 3548769) AND (id <= 3548778))

table 6 : explain SELECT DISTINCT c FROM sbtest6 WHERE id BETWEEN 9844034 AND 9844043 ORDER BY c
	Unique  (cost=37.39..37.43 rows=9 width=121)
	  ->  Sort  (cost=37.39..37.41 rows=9 width=121)
	        Sort Key: c
	        ->  Index Scan using sbtest6_pkey on sbtest6  (cost=0.43..37.25 rows=9 width=121)
	              Index Cond: ((id >= 9844034) AND (id <= 9844043))

table 7 : explain SELECT DISTINCT c FROM sbtest7 WHERE id BETWEEN 6434777 AND 6434786 ORDER BY c
	Unique  (cost=40.59..40.64 rows=10 width=121)
	  ->  Sort  (cost=40.59..40.62 rows=10 width=121)
	        Sort Key: c
	        ->  Index Scan using sbtest7_pkey on sbtest7  (cost=0.43..40.43 rows=10 width=121)
	              Index Cond: ((id >= 6434777) AND (id <= 6434786))

table 8 : explain SELECT DISTINCT c FROM sbtest8 WHERE id BETWEEN 9793599 AND 9793608 ORDER BY c
	Unique  (cost=43.95..44.01 rows=11 width=121)
	  ->  Sort  (cost=43.95..43.98 rows=11 width=121)
	        Sort Key: c
	        ->  Index Scan using sbtest8_pkey on sbtest8  (cost=0.43..43.76 rows=11 width=121)
	              Index Cond: ((id >= 9793599) AND (id <= 9793608))

explain: for index_updates :: explain UPDATE sbtest%u SET k=k+1 WHERE id=%u
explain: for index_updates :: explain UPDATE sbtest%u SET k=k+1 WHERE id=%u
for: distinct_ranges
table 1 : explain SELECT DISTINCT c FROM sbtest1 WHERE id BETWEEN 7014643 AND 7014652 ORDER BY c
	Unique  (cost=40.64..40.69 rows=10 width=121)
	  ->  Sort  (cost=40.64..40.66 rows=10 width=121)
	        Sort Key: c
	        ->  Index Scan using sbtest1_pkey on sbtest1  (cost=0.43..40.47 rows=10 width=121)
	              Index Cond: ((id >= 7014643) AND (id <= 7014652))

table 2 : explain SELECT DISTINCT c FROM sbtest2 WHERE id BETWEEN 7741427 AND 7741436 ORDER BY c
	Unique  (cost=40.76..40.81 rows=10 width=121)
	  ->  Sort  (cost=40.76..40.79 rows=10 width=121)
	        Sort Key: c
	        ->  Index Scan using sbtest2_pkey on sbtest2  (cost=0.43..40.60 rows=10 width=121)
	              Index Cond: ((id >= 7741427) AND (id <= 7741436))

table 3 : explain SELECT DISTINCT c FROM sbtest3 WHERE id BETWEEN 8434410 AND 8434419 ORDER BY c
	Unique  (cost=41.03..41.08 rows=10 width=121)
	  ->  Sort  (cost=41.03..41.06 rows=10 width=121)
	        Sort Key: c
	        ->  Index Scan using sbtest3_pkey on sbtest3  (cost=0.43..40.87 rows=10 width=121)
	              Index Cond: ((id >= 8434410) AND (id <= 8434419))

table 4 : explain SELECT DISTINCT c FROM sbtest4 WHERE id BETWEEN 5732001 AND 5732010 ORDER BY c
	Unique  (cost=44.51..44.57 rows=11 width=121)
	  ->  Sort  (cost=44.51..44.54 rows=11 width=121)
	        Sort Key: c
	        ->  Index Scan using sbtest4_pkey on sbtest4  (cost=0.43..44.32 rows=11 width=121)
	              Index Cond: ((id >= 5732001) AND (id <= 5732010))

table 5 : explain SELECT DISTINCT c FROM sbtest5 WHERE id BETWEEN 9368483 AND 9368492 ORDER BY c
	Unique  (cost=44.03..44.08 rows=11 width=121)
	  ->  Sort  (cost=44.03..44.05 rows=11 width=121)
	        Sort Key: c
	        ->  Index Scan using sbtest5_pkey on sbtest5  (cost=0.43..43.84 rows=11 width=121)
	              Index Cond: ((id >= 9368483) AND (id <= 9368492))

table 6 : explain SELECT DISTINCT c FROM sbtest6 WHERE id BETWEEN 3467267 AND 3467276 ORDER BY c
	Unique  (cost=41.01..41.06 rows=10 width=121)
	  ->  Sort  (cost=41.01..41.04 rows=10 width=121)
	        Sort Key: c
	        ->  Index Scan using sbtest6_pkey on sbtest6  (cost=0.43..40.84 rows=10 width=121)
	              Index Cond: ((id >= 3467267) AND (id <= 3467276))

table 7 : explain SELECT DISTINCT c FROM sbtest7 WHERE id BETWEEN 9307077 AND 9307086 ORDER BY c
	Unique  (cost=40.59..40.64 rows=10 width=121)
	  ->  Sort  (cost=40.59..40.62 rows=10 width=121)
	        Sort Key: c
	        ->  Index Scan using sbtest7_pkey on sbtest7  (cost=0.43..40.43 rows=10 width=121)
	              Index Cond: ((id >= 9307077) AND (id <= 9307086))

table 8 : explain SELECT DISTINCT c FROM sbtest8 WHERE id BETWEEN 3214986 AND 3214995 ORDER BY c
	Unique  (cost=40.40..40.45 rows=10 width=121)
	  ->  Sort  (cost=40.40..40.42 rows=10 width=121)
	        Sort Key: c
	        ->  Index Scan using sbtest8_pkey on sbtest8  (cost=0.43..40.23 rows=10 width=121)
	              Index Cond: ((id >= 3214986) AND (id <= 3214995))

for: distinct_ranges
table 1 : explain SELECT DISTINCT c FROM sbtest1 WHERE id BETWEEN 8601506 AND 8601515 ORDER BY c
	Unique  (cost=37.06..37.10 rows=9 width=121)
	  ->  Sort  (cost=37.06..37.08 rows=9 width=121)
	        Sort Key: c
	        ->  Index Scan using sbtest1_pkey on sbtest1  (cost=0.43..36.92 rows=9 width=121)
	              Index Cond: ((id >= 8601506) AND (id <= 8601515))

table 2 : explain SELECT DISTINCT c FROM sbtest2 WHERE id BETWEEN 6782189 AND 6782198 ORDER BY c
	Unique  (cost=40.76..40.81 rows=10 width=121)
	  ->  Sort  (cost=40.76..40.79 rows=10 width=121)
	        Sort Key: c
	        ->  Index Scan using sbtest2_pkey on sbtest2  (cost=0.43..40.60 rows=10 width=121)
	              Index Cond: ((id >= 6782189) AND (id <= 6782198))

table 3 : explain SELECT DISTINCT c FROM sbtest3 WHERE id BETWEEN 2539209 AND 2539218 ORDER BY c
	Unique  (cost=37.41..37.45 rows=9 width=121)
	  ->  Sort  (cost=37.41..37.43 rows=9 width=121)
	        Sort Key: c
	        ->  Index Scan using sbtest3_pkey on sbtest3  (cost=0.43..37.27 rows=9 width=121)
	              Index Cond: ((id >= 2539209) AND (id <= 2539218))

table 4 : explain SELECT DISTINCT c FROM sbtest4 WHERE id BETWEEN 1376230 AND 1376239 ORDER BY c
	Unique  (cost=40.90..40.95 rows=10 width=121)
	  ->  Sort  (cost=40.90..40.93 rows=10 width=121)
	        Sort Key: c
	        ->  Index Scan using sbtest4_pkey on sbtest4  (cost=0.43..40.73 rows=10 width=121)
	              Index Cond: ((id >= 1376230) AND (id <= 1376239))

table 5 : explain SELECT DISTINCT c FROM sbtest5 WHERE id BETWEEN 6256395 AND 6256404 ORDER BY c
	Unique  (cost=40.46..40.51 rows=10 width=121)
	  ->  Sort  (cost=40.46..40.49 rows=10 width=121)
	        Sort Key: c
	        ->  Index Scan using sbtest5_pkey on sbtest5  (cost=0.43..40.30 rows=10 width=121)
	              Index Cond: ((id >= 6256395) AND (id <= 6256404))

table 6 : explain SELECT DISTINCT c FROM sbtest6 WHERE id BETWEEN 3167814 AND 3167823 ORDER BY c
	Unique  (cost=44.63..44.69 rows=11 width=121)
	  ->  Sort  (cost=44.63..44.66 rows=11 width=121)
	        Sort Key: c
	        ->  Index Scan using sbtest6_pkey on sbtest6  (cost=0.43..44.44 rows=11 width=121)
	              Index Cond: ((id >= 3167814) AND (id <= 3167823))

table 7 : explain SELECT DISTINCT c FROM sbtest7 WHERE id BETWEEN 3462274 AND 3462283 ORDER BY c
	Unique  (cost=44.17..44.23 rows=11 width=121)
	  ->  Sort  (cost=44.17..44.20 rows=11 width=121)
	        Sort Key: c
	        ->  Index Scan using sbtest7_pkey on sbtest7  (cost=0.43..43.98 rows=11 width=121)
	              Index Cond: ((id >= 3462274) AND (id <= 3462283))

table 8 : explain SELECT DISTINCT c FROM sbtest8 WHERE id BETWEEN 8231847 AND 8231856 ORDER BY c
	Unique  (cost=40.40..40.45 rows=10 width=121)
	  ->  Sort  (cost=40.40..40.42 rows=10 width=121)
	        Sort Key: c
	        ->  Index Scan using sbtest8_pkey on sbtest8  (cost=0.43..40.23 rows=10 width=121)
	              Index Cond: ((id >= 8231847) AND (id <= 8231856))

explain: for index_updates :: explain UPDATE sbtest%u SET k=k+1 WHERE id=%u
for index_updates
table 1 : explain UPDATE sbtest1 SET k=k+1 WHERE id=8539549
	Update on sbtest1  (cost=0.43..8.46 rows=0 width=0)
	  ->  Index Scan using sbtest1_pkey on sbtest1  (cost=0.43..8.46 rows=1 width=10)
	        Index Cond: (id = 8539549)

table 2 : explain UPDATE sbtest2 SET k=k+1 WHERE id=5740256
	Update on sbtest2  (cost=0.43..8.46 rows=0 width=0)
	  ->  Index Scan using sbtest2_pkey on sbtest2  (cost=0.43..8.46 rows=1 width=10)
	        Index Cond: (id = 5740256)

table 3 : explain UPDATE sbtest3 SET k=k+1 WHERE id=5191028
	Update on sbtest3  (cost=0.43..8.46 rows=0 width=0)
	  ->  Index Scan using sbtest3_pkey on sbtest3  (cost=0.43..8.46 rows=1 width=10)
	        Index Cond: (id = 5191028)

table 4 : explain UPDATE sbtest4 SET k=k+1 WHERE id=2165930
	Update on sbtest4  (cost=0.43..8.46 rows=0 width=0)
	  ->  Index Scan using sbtest4_pkey on sbtest4  (cost=0.43..8.46 rows=1 width=10)
	        Index Cond: (id = 2165930)

table 5 : explain UPDATE sbtest5 SET k=k+1 WHERE id=8065520
	Update on sbtest5  (cost=0.43..8.46 rows=0 width=0)
	  ->  Index Scan using sbtest5_pkey on sbtest5  (cost=0.43..8.46 rows=1 width=10)
	        Index Cond: (id = 8065520)

table 6 : explain UPDATE sbtest6 SET k=k+1 WHERE id=925170
	Update on sbtest6  (cost=0.43..8.46 rows=0 width=0)
	  ->  Index Scan using sbtest6_pkey on sbtest6  (cost=0.43..8.46 rows=1 width=10)
	        Index Cond: (id = 925170)

table 7 : explain UPDATE sbtest7 SET k=k+1 WHERE id=693022
	Update on sbtest7  (cost=0.43..8.46 rows=0 width=0)
	  ->  Index Scan using sbtest7_pkey on sbtest7  (cost=0.43..8.46 rows=1 width=10)
	        Index Cond: (id = 693022)

table 8 : explain UPDATE sbtest8 SET k=k+1 WHERE id=4890881
	Update on sbtest8  (cost=0.43..8.46 rows=0 width=0)
	  ->  Index Scan using sbtest8_pkey on sbtest8  (cost=0.43..8.46 rows=1 width=10)
	        Index Cond: (id = 4890881)

for: distinct_ranges
table 1 : explain SELECT DISTINCT c FROM sbtest1 WHERE id BETWEEN 4851851 AND 4851860 ORDER BY c
	Unique  (cost=37.06..37.10 rows=9 width=121)
	  ->  Sort  (cost=37.06..37.08 rows=9 width=121)
	        Sort Key: c
	        ->  Index Scan using sbtest1_pkey on sbtest1  (cost=0.43..36.92 rows=9 width=121)
	              Index Cond: ((id >= 4851851) AND (id <= 4851860))

table 2 : explain SELECT DISTINCT c FROM sbtest2 WHERE id BETWEEN 8184855 AND 8184864 ORDER BY c
	Unique  (cost=44.36..44.41 rows=11 width=121)
	  ->  Sort  (cost=44.36..44.39 rows=11 width=121)
	        Sort Key: c
	        ->  Index Scan using sbtest2_pkey on sbtest2  (cost=0.43..44.17 rows=11 width=121)
	              Index Cond: ((id >= 8184855) AND (id <= 8184864))

table 3 : explain SELECT DISTINCT c FROM sbtest3 WHERE id BETWEEN 487733 AND 487742 ORDER BY c
	Unique  (cost=37.41..37.45 rows=9 width=121)
	  ->  Sort  (cost=37.41..37.43 rows=9 width=121)
	        Sort Key: c
	        ->  Index Scan using sbtest3_pkey on sbtest3  (cost=0.43..37.27 rows=9 width=121)
	              Index Cond: ((id >= 487733) AND (id <= 487742))

table 4 : explain SELECT DISTINCT c FROM sbtest4 WHERE id BETWEEN 6030146 AND 6030155 ORDER BY c
	Unique  (cost=37.29..37.34 rows=9 width=121)
	  ->  Sort  (cost=37.29..37.31 rows=9 width=121)
	        Sort Key: c
	        ->  Index Scan using sbtest4_pkey on sbtest4  (cost=0.43..37.15 rows=9 width=121)
	              Index Cond: ((id >= 6030146) AND (id <= 6030155))

table 5 : explain SELECT DISTINCT c FROM sbtest5 WHERE id BETWEEN 5339561 AND 5339570 ORDER BY c
	Unique  (cost=44.03..44.08 rows=11 width=121)
	  ->  Sort  (cost=44.03..44.05 rows=11 width=121)
	        Sort Key: c
	        ->  Index Scan using sbtest5_pkey on sbtest5  (cost=0.43..43.84 rows=11 width=121)
	              Index Cond: ((id >= 5339561) AND (id <= 5339570))

table 6 : explain SELECT DISTINCT c FROM sbtest6 WHERE id BETWEEN 1964058 AND 1964067 ORDER BY c
	Unique  (cost=44.63..44.69 rows=11 width=121)
	  ->  Sort  (cost=44.63..44.66 rows=11 width=121)
	        Sort Key: c
	        ->  Index Scan using sbtest6_pkey on sbtest6  (cost=0.43..44.44 rows=11 width=121)
	              Index Cond: ((id >= 1964058) AND (id <= 1964067))

table 7 : explain SELECT DISTINCT c FROM sbtest7 WHERE id BETWEEN 3194560 AND 3194569 ORDER BY c
	Unique  (cost=37.02..37.06 rows=9 width=121)
	  ->  Sort  (cost=37.02..37.04 rows=9 width=121)
	        Sort Key: c
	        ->  Index Scan using sbtest7_pkey on sbtest7  (cost=0.43..36.88 rows=9 width=121)
	              Index Cond: ((id >= 3194560) AND (id <= 3194569))

table 8 : explain SELECT DISTINCT c FROM sbtest8 WHERE id BETWEEN 7952912 AND 7952921 ORDER BY c
	Unique  (cost=43.95..44.01 rows=11 width=121)
	  ->  Sort  (cost=43.95..43.98 rows=11 width=121)
	        Sort Key: c
	        ->  Index Scan using sbtest8_pkey on sbtest8  (cost=0.43..43.76 rows=11 width=121)
	              Index Cond: ((id >= 7952912) AND (id <= 7952921))

explain: for index_updates :: explain UPDATE sbtest%u SET k=k+1 WHERE id=%u
for: sum_ranges
table 1 : explain SELECT SUM(k) FROM sbtest1 WHERE id BETWEEN 7053950 AND 7053959
	Aggregate  (cost=40.50..40.51 rows=1 width=8)
	  ->  Index Scan using sbtest1_pkey on sbtest1  (cost=0.43..40.47 rows=10 width=4)
	        Index Cond: ((id >= 7053950) AND (id <= 7053959))

table 2 : explain SELECT SUM(k) FROM sbtest2 WHERE id BETWEEN 5980148 AND 5980157
	Aggregate  (cost=40.62..40.63 rows=1 width=8)
	  ->  Index Scan using sbtest2_pkey on sbtest2  (cost=0.43..40.60 rows=10 width=4)
	        Index Cond: ((id >= 5980148) AND (id <= 5980157))

table 3 : explain SELECT SUM(k) FROM sbtest3 WHERE id BETWEEN 8507592 AND 8507601
	Aggregate  (cost=40.89..40.90 rows=1 width=8)
	  ->  Index Scan using sbtest3_pkey on sbtest3  (cost=0.43..40.87 rows=10 width=4)
	        Index Cond: ((id >= 8507592) AND (id <= 8507601))

table 4 : explain SELECT SUM(k) FROM sbtest4 WHERE id BETWEEN 7155173 AND 7155182
	Aggregate  (cost=40.76..40.77 rows=1 width=8)
	  ->  Index Scan using sbtest4_pkey on sbtest4  (cost=0.43..40.73 rows=10 width=4)
	        Index Cond: ((id >= 7155173) AND (id <= 7155182))

table 5 : explain SELECT SUM(k) FROM sbtest5 WHERE id BETWEEN 7637047 AND 7637056
	Aggregate  (cost=40.32..40.33 rows=1 width=8)
	  ->  Index Scan using sbtest5_pkey on sbtest5  (cost=0.43..40.30 rows=10 width=4)
	        Index Cond: ((id >= 7637047) AND (id <= 7637056))

table 6 : explain SELECT SUM(k) FROM sbtest6 WHERE id BETWEEN 5964973 AND 5964982
	Aggregate  (cost=40.87..40.88 rows=1 width=8)
	  ->  Index Scan using sbtest6_pkey on sbtest6  (cost=0.43..40.84 rows=10 width=4)
	        Index Cond: ((id >= 5964973) AND (id <= 5964982))

table 7 : explain SELECT SUM(k) FROM sbtest7 WHERE id BETWEEN 1517823 AND 1517832
	Aggregate  (cost=40.45..40.46 rows=1 width=8)
	  ->  Index Scan using sbtest7_pkey on sbtest7  (cost=0.43..40.43 rows=10 width=4)
	        Index Cond: ((id >= 1517823) AND (id <= 1517832))

table 8 : explain SELECT SUM(k) FROM sbtest8 WHERE id BETWEEN 5019244 AND 5019253
	Aggregate  (cost=36.73..36.74 rows=1 width=8)
	  ->  Index Scan using sbtest8_pkey on sbtest8  (cost=0.43..36.70 rows=9 width=4)
	        Index Cond: ((id >= 5019244) AND (id <= 5019253))

for: order_ranges
table 1 : explain SELECT c FROM sbtest1 WHERE id BETWEEN 1054498 AND 1054507 ORDER BY c
	Sort  (cost=40.64..40.66 rows=10 width=121)
	  Sort Key: c
	  ->  Index Scan using sbtest1_pkey on sbtest1  (cost=0.43..40.47 rows=10 width=121)
	        Index Cond: ((id >= 1054498) AND (id <= 1054507))

table 2 : explain SELECT c FROM sbtest2 WHERE id BETWEEN 9223024 AND 9223033 ORDER BY c
	Sort  (cost=44.36..44.39 rows=11 width=121)
	  Sort Key: c
	  ->  Index Scan using sbtest2_pkey on sbtest2  (cost=0.43..44.17 rows=11 width=121)
	        Index Cond: ((id >= 9223024) AND (id <= 9223033))

table 3 : explain SELECT c FROM sbtest3 WHERE id BETWEEN 6298690 AND 6298699 ORDER BY c
	Sort  (cost=41.03..41.06 rows=10 width=121)
	  Sort Key: c
	  ->  Index Scan using sbtest3_pkey on sbtest3  (cost=0.43..40.87 rows=10 width=121)
	        Index Cond: ((id >= 6298690) AND (id <= 6298699))

table 4 : explain SELECT c FROM sbtest4 WHERE id BETWEEN 8448374 AND 8448383 ORDER BY c
	Sort  (cost=40.90..40.93 rows=10 width=121)
	  Sort Key: c
	  ->  Index Scan using sbtest4_pkey on sbtest4  (cost=0.43..40.73 rows=10 width=121)
	        Index Cond: ((id >= 8448374) AND (id <= 8448383))

table 5 : explain SELECT c FROM sbtest5 WHERE id BETWEEN 5045181 AND 5045190 ORDER BY c
	Sort  (cost=44.03..44.05 rows=11 width=121)
	  Sort Key: c
	  ->  Index Scan using sbtest5_pkey on sbtest5  (cost=0.43..43.84 rows=11 width=121)
	        Index Cond: ((id >= 5045181) AND (id <= 5045190))

table 6 : explain SELECT c FROM sbtest6 WHERE id BETWEEN 276162 AND 276171 ORDER BY c
	Sort  (cost=41.01..41.04 rows=10 width=121)
	  Sort Key: c
	  ->  Index Scan using sbtest6_pkey on sbtest6  (cost=0.43..40.84 rows=10 width=121)
	        Index Cond: ((id >= 276162) AND (id <= 276171))

table 7 : explain SELECT c FROM sbtest7 WHERE id BETWEEN 9874943 AND 9874952 ORDER BY c
	Sort  (cost=44.17..44.20 rows=11 width=121)
	  Sort Key: c
	  ->  Index Scan using sbtest7_pkey on sbtest7  (cost=0.43..43.98 rows=11 width=121)
	        Index Cond: ((id >= 9874943) AND (id <= 9874952))

table 8 : explain SELECT c FROM sbtest8 WHERE id BETWEEN 9778226 AND 9778235 ORDER BY c
	Sort  (cost=43.95..43.98 rows=11 width=121)
	  Sort Key: c
	  ->  Index Scan using sbtest8_pkey on sbtest8  (cost=0.43..43.76 rows=11 width=121)
	        Index Cond: ((id >= 9778226) AND (id <= 9778235))

explain: for non_index_updates :: explain UPDATE sbtest%u SET c='foobar' WHERE id=%u
for index_updates
table 1 : explain UPDATE sbtest1 SET k=k+1 WHERE id=7777527
	Update on sbtest1  (cost=0.43..8.46 rows=0 width=0)
	  ->  Index Scan using sbtest1_pkey on sbtest1  (cost=0.43..8.46 rows=1 width=10)
	        Index Cond: (id = 7777527)

table 2 : explain UPDATE sbtest2 SET k=k+1 WHERE id=9659095
	Update on sbtest2  (cost=0.43..8.46 rows=0 width=0)
	  ->  Index Scan using sbtest2_pkey on sbtest2  (cost=0.43..8.46 rows=1 width=10)
	        Index Cond: (id = 9659095)

table 3 : explain UPDATE sbtest3 SET k=k+1 WHERE id=7749952
	Update on sbtest3  (cost=0.43..8.46 rows=0 width=0)
	  ->  Index Scan using sbtest3_pkey on sbtest3  (cost=0.43..8.46 rows=1 width=10)
	        Index Cond: (id = 7749952)

table 4 : explain UPDATE sbtest4 SET k=k+1 WHERE id=8203642
	Update on sbtest4  (cost=0.43..8.46 rows=0 width=0)
	  ->  Index Scan using sbtest4_pkey on sbtest4  (cost=0.43..8.46 rows=1 width=10)
	        Index Cond: (id = 8203642)

table 5 : explain UPDATE sbtest5 SET k=k+1 WHERE id=7339129
	Update on sbtest5  (cost=0.43..8.46 rows=0 width=0)
	  ->  Index Scan using sbtest5_pkey on sbtest5  (cost=0.43..8.46 rows=1 width=10)
	        Index Cond: (id = 7339129)

table 6 : explain UPDATE sbtest6 SET k=k+1 WHERE id=7309241
	Update on sbtest6  (cost=0.43..8.46 rows=0 width=0)
	  ->  Index Scan using sbtest6_pkey on sbtest6  (cost=0.43..8.46 rows=1 width=10)
	        Index Cond: (id = 7309241)

table 7 : explain UPDATE sbtest7 SET k=k+1 WHERE id=1746422
	Update on sbtest7  (cost=0.43..8.46 rows=0 width=0)
	  ->  Index Scan using sbtest7_pkey on sbtest7  (cost=0.43..8.46 rows=1 width=10)
	        Index Cond: (id = 1746422)

table 8 : explain UPDATE sbtest8 SET k=k+1 WHERE id=4500043
	Update on sbtest8  (cost=0.43..8.46 rows=0 width=0)
	  ->  Index Scan using sbtest8_pkey on sbtest8  (cost=0.43..8.46 rows=1 width=10)
	        Index Cond: (id = 4500043)

for: simple_ranges
table 1 : explain SELECT c FROM sbtest1 WHERE id BETWEEN 8140210 AND 8140219
	Index Scan using sbtest1_pkey on sbtest1  (cost=0.43..44.03 rows=11 width=121)
	  Index Cond: ((id >= 8140210) AND (id <= 8140219))

table 2 : explain SELECT c FROM sbtest2 WHERE id BETWEEN 8279720 AND 8279729
	Index Scan using sbtest2_pkey on sbtest2  (cost=0.43..37.03 rows=9 width=121)
	  Index Cond: ((id >= 8279720) AND (id <= 8279729))

table 3 : explain SELECT c FROM sbtest3 WHERE id BETWEEN 7422171 AND 7422180
	Index Scan using sbtest3_pkey on sbtest3  (cost=0.43..40.87 rows=10 width=121)
	  Index Cond: ((id >= 7422171) AND (id <= 7422180))

table 4 : explain SELECT c FROM sbtest4 WHERE id BETWEEN 5611492 AND 5611501
	Index Scan using sbtest4_pkey on sbtest4  (cost=0.43..40.73 rows=10 width=121)
	  Index Cond: ((id >= 5611492) AND (id <= 5611501))

table 5 : explain SELECT c FROM sbtest5 WHERE id BETWEEN 3395674 AND 3395683
	Index Scan using sbtest5_pkey on sbtest5  (cost=0.43..36.76 rows=9 width=121)
	  Index Cond: ((id >= 3395674) AND (id <= 3395683))

table 6 : explain SELECT c FROM sbtest6 WHERE id BETWEEN 7038119 AND 7038128
	Index Scan using sbtest6_pkey on sbtest6  (cost=0.43..44.44 rows=11 width=121)
	  Index Cond: ((id >= 7038119) AND (id <= 7038128))

table 7 : explain SELECT c FROM sbtest7 WHERE id BETWEEN 1109200 AND 1109209
	Index Scan using sbtest7_pkey on sbtest7  (cost=0.43..43.98 rows=11 width=121)
	  Index Cond: ((id >= 1109200) AND (id <= 1109209))

table 8 : explain SELECT c FROM sbtest8 WHERE id BETWEEN 7193317 AND 7193326
	Index Scan using sbtest8_pkey on sbtest8  (cost=0.43..40.23 rows=10 width=121)
	  Index Cond: ((id >= 7193317) AND (id <= 7193326))

explain: for non_index_updates :: explain UPDATE sbtest%u SET c='foobar' WHERE id=%u
for non_index_updates
table 1 : explain UPDATE sbtest1 SET c='foobar' WHERE id=9235776
	Update on sbtest1  (cost=0.43..8.45 rows=0 width=0)
	  ->  Index Scan using sbtest1_pkey on sbtest1  (cost=0.43..8.45 rows=1 width=490)
	        Index Cond: (id = 9235776)

table 2 : explain UPDATE sbtest2 SET c='foobar' WHERE id=6120210
	Update on sbtest2  (cost=0.43..8.45 rows=0 width=0)
	  ->  Index Scan using sbtest2_pkey on sbtest2  (cost=0.43..8.45 rows=1 width=490)
	        Index Cond: (id = 6120210)

table 3 : explain UPDATE sbtest3 SET c='foobar' WHERE id=632945
	Update on sbtest3  (cost=0.43..8.45 rows=0 width=0)
	  ->  Index Scan using sbtest3_pkey on sbtest3  (cost=0.43..8.45 rows=1 width=490)
	        Index Cond: (id = 632945)

table 4 : explain UPDATE sbtest4 SET c='foobar' WHERE id=592252
	Update on sbtest4  (cost=0.43..8.45 rows=0 width=0)
	  ->  Index Scan using sbtest4_pkey on sbtest4  (cost=0.43..8.45 rows=1 width=490)
	        Index Cond: (id = 592252)

table 5 : explain UPDATE sbtest5 SET c='foobar' WHERE id=1958474
	Update on sbtest5  (cost=0.43..8.45 rows=0 width=0)
	  ->  Index Scan using sbtest5_pkey on sbtest5  (cost=0.43..8.45 rows=1 width=490)
	        Index Cond: (id = 1958474)

table 6 : explain UPDATE sbtest6 SET c='foobar' WHERE id=3927804
	Update on sbtest6  (cost=0.43..8.45 rows=0 width=0)
	  ->  Index Scan using sbtest6_pkey on sbtest6  (cost=0.43..8.45 rows=1 width=490)
	        Index Cond: (id = 3927804)

table 7 : explain UPDATE sbtest7 SET c='foobar' WHERE id=6992105
	Update on sbtest7  (cost=0.43..8.45 rows=0 width=0)
	  ->  Index Scan using sbtest7_pkey on sbtest7  (cost=0.43..8.45 rows=1 width=490)
	        Index Cond: (id = 6992105)

table 8 : explain UPDATE sbtest8 SET c='foobar' WHERE id=5353183
	Update on sbtest8  (cost=0.43..8.45 rows=0 width=0)
	  ->  Index Scan using sbtest8_pkey on sbtest8  (cost=0.43..8.45 rows=1 width=490)
	        Index Cond: (id = 5353183)

for index_updates
table 1 : explain UPDATE sbtest1 SET k=k+1 WHERE id=9068468
	Update on sbtest1  (cost=0.43..8.46 rows=0 width=0)
	  ->  Index Scan using sbtest1_pkey on sbtest1  (cost=0.43..8.46 rows=1 width=10)
	        Index Cond: (id = 9068468)

table 2 : explain UPDATE sbtest2 SET k=k+1 WHERE id=3237784
	Update on sbtest2  (cost=0.43..8.46 rows=0 width=0)
	  ->  Index Scan using sbtest2_pkey on sbtest2  (cost=0.43..8.46 rows=1 width=10)
	        Index Cond: (id = 3237784)

table 3 : explain UPDATE sbtest3 SET k=k+1 WHERE id=6876399
	Update on sbtest3  (cost=0.43..8.46 rows=0 width=0)
	  ->  Index Scan using sbtest3_pkey on sbtest3  (cost=0.43..8.46 rows=1 width=10)
	        Index Cond: (id = 6876399)

table 4 : explain UPDATE sbtest4 SET k=k+1 WHERE id=9878183
	Update on sbtest4  (cost=0.43..8.46 rows=0 width=0)
	  ->  Index Scan using sbtest4_pkey on sbtest4  (cost=0.43..8.46 rows=1 width=10)
	        Index Cond: (id = 9878183)

table 5 : explain UPDATE sbtest5 SET k=k+1 WHERE id=8374336
	Update on sbtest5  (cost=0.43..8.46 rows=0 width=0)
	  ->  Index Scan using sbtest5_pkey on sbtest5  (cost=0.43..8.46 rows=1 width=10)
	        Index Cond: (id = 8374336)

table 6 : explain UPDATE sbtest6 SET k=k+1 WHERE id=3535954
	Update on sbtest6  (cost=0.43..8.46 rows=0 width=0)
	  ->  Index Scan using sbtest6_pkey on sbtest6  (cost=0.43..8.46 rows=1 width=10)
	        Index Cond: (id = 3535954)

table 7 : explain UPDATE sbtest7 SET k=k+1 WHERE id=374979
	Update on sbtest7  (cost=0.43..8.46 rows=0 width=0)
	  ->  Index Scan using sbtest7_pkey on sbtest7  (cost=0.43..8.46 rows=1 width=10)
	        Index Cond: (id = 374979)

table 8 : explain UPDATE sbtest8 SET k=k+1 WHERE id=9522948
	Update on sbtest8  (cost=0.43..8.46 rows=0 width=0)
	  ->  Index Scan using sbtest8_pkey on sbtest8  (cost=0.43..8.46 rows=1 width=10)
	        Index Cond: (id = 9522948)

for: sum_ranges
table 1 : explain SELECT SUM(k) FROM sbtest1 WHERE id BETWEEN 905791 AND 905800
	Aggregate  (cost=40.50..40.51 rows=1 width=8)
	  ->  Index Scan using sbtest1_pkey on sbtest1  (cost=0.43..40.47 rows=10 width=4)
	        Index Cond: ((id >= 905791) AND (id <= 905800))

table 2 : explain SELECT SUM(k) FROM sbtest2 WHERE id BETWEEN 54419 AND 54428
	Aggregate  (cost=40.62..40.63 rows=1 width=8)
	  ->  Index Scan using sbtest2_pkey on sbtest2  (cost=0.43..40.60 rows=10 width=4)
	        Index Cond: ((id >= 54419) AND (id <= 54428))

table 3 : explain SELECT SUM(k) FROM sbtest3 WHERE id BETWEEN 4757577 AND 4757586
	Aggregate  (cost=37.29..37.30 rows=1 width=8)
	  ->  Index Scan using sbtest3_pkey on sbtest3  (cost=0.43..37.27 rows=9 width=4)
	        Index Cond: ((id >= 4757577) AND (id <= 4757586))

table 4 : explain SELECT SUM(k) FROM sbtest4 WHERE id BETWEEN 9351934 AND 9351943
	Aggregate  (cost=44.35..44.36 rows=1 width=8)
	  ->  Index Scan using sbtest4_pkey on sbtest4  (cost=0.43..44.32 rows=11 width=4)
	        Index Cond: ((id >= 9351934) AND (id <= 9351943))

table 5 : explain SELECT SUM(k) FROM sbtest5 WHERE id BETWEEN 3982806 AND 3982815
	Aggregate  (cost=40.32..40.33 rows=1 width=8)
	  ->  Index Scan using sbtest5_pkey on sbtest5  (cost=0.43..40.30 rows=10 width=4)
	        Index Cond: ((id >= 3982806) AND (id <= 3982815))

table 6 : explain SELECT SUM(k) FROM sbtest6 WHERE id BETWEEN 1894969 AND 1894978
	Aggregate  (cost=44.47..44.48 rows=1 width=8)
	  ->  Index Scan using sbtest6_pkey on sbtest6  (cost=0.43..44.44 rows=11 width=4)
	        Index Cond: ((id >= 1894969) AND (id <= 1894978))

table 7 : explain SELECT SUM(k) FROM sbtest7 WHERE id BETWEEN 3801602 AND 3801611
	Aggregate  (cost=40.45..40.46 rows=1 width=8)
	  ->  Index Scan using sbtest7_pkey on sbtest7  (cost=0.43..40.43 rows=10 width=4)
	        Index Cond: ((id >= 3801602) AND (id <= 3801611))

table 8 : explain SELECT SUM(k) FROM sbtest8 WHERE id BETWEEN 3109440 AND 3109449
	Aggregate  (cost=36.73..36.74 rows=1 width=8)
	  ->  Index Scan using sbtest8_pkey on sbtest8  (cost=0.43..36.70 rows=9 width=4)
	        Index Cond: ((id >= 3109440) AND (id <= 3109449))

explain: for deletes :: explain DELETE FROM sbtest%u WHERE id=%u
for: sum_ranges
table 1 : explain SELECT SUM(k) FROM sbtest1 WHERE id BETWEEN 2254903 AND 2254912
	Aggregate  (cost=40.50..40.51 rows=1 width=8)
	  ->  Index Scan using sbtest1_pkey on sbtest1  (cost=0.43..40.47 rows=10 width=4)
	        Index Cond: ((id >= 2254903) AND (id <= 2254912))

table 2 : explain SELECT SUM(k) FROM sbtest2 WHERE id BETWEEN 2550566 AND 2550575
	Aggregate  (cost=40.62..40.63 rows=1 width=8)
	  ->  Index Scan using sbtest2_pkey on sbtest2  (cost=0.43..40.60 rows=10 width=4)
	        Index Cond: ((id >= 2550566) AND (id <= 2550575))

table 3 : explain SELECT SUM(k) FROM sbtest3 WHERE id BETWEEN 5416203 AND 5416212
	Aggregate  (cost=44.50..44.51 rows=1 width=8)
	  ->  Index Scan using sbtest3_pkey on sbtest3  (cost=0.43..44.47 rows=11 width=4)
	        Index Cond: ((id >= 5416203) AND (id <= 5416212))

table 4 : explain SELECT SUM(k) FROM sbtest4 WHERE id BETWEEN 502807 AND 502816
	Aggregate  (cost=40.76..40.77 rows=1 width=8)
	  ->  Index Scan using sbtest4_pkey on sbtest4  (cost=0.43..40.73 rows=10 width=4)
	        Index Cond: ((id >= 502807) AND (id <= 502816))

table 5 : explain SELECT SUM(k) FROM sbtest5 WHERE id BETWEEN 9400621 AND 9400630
	Aggregate  (cost=40.32..40.33 rows=1 width=8)
	  ->  Index Scan using sbtest5_pkey on sbtest5  (cost=0.43..40.30 rows=10 width=4)
	        Index Cond: ((id >= 9400621) AND (id <= 9400630))

table 6 : explain SELECT SUM(k) FROM sbtest6 WHERE id BETWEEN 8438453 AND 8438462
	Aggregate  (cost=37.27..37.28 rows=1 width=8)
	  ->  Index Scan using sbtest6_pkey on sbtest6  (cost=0.43..37.25 rows=9 width=4)
	        Index Cond: ((id >= 8438453) AND (id <= 8438462))

table 7 : explain SELECT SUM(k) FROM sbtest7 WHERE id BETWEEN 9053005 AND 9053014
	Aggregate  (cost=44.01..44.02 rows=1 width=8)
	  ->  Index Scan using sbtest7_pkey on sbtest7  (cost=0.43..43.98 rows=11 width=4)
	        Index Cond: ((id >= 9053005) AND (id <= 9053014))

table 8 : explain SELECT SUM(k) FROM sbtest8 WHERE id BETWEEN 1027314 AND 1027323
	Aggregate  (cost=40.26..40.27 rows=1 width=8)
	  ->  Index Scan using sbtest8_pkey on sbtest8  (cost=0.43..40.23 rows=10 width=4)
	        Index Cond: ((id >= 1027314) AND (id <= 1027323))

explain: for index_updates :: explain UPDATE sbtest%u SET k=k+1 WHERE id=%u
for: order_ranges
table 1 : explain SELECT c FROM sbtest1 WHERE id BETWEEN 9164754 AND 9164763 ORDER BY c
	Sort  (cost=40.64..40.66 rows=10 width=121)
	  Sort Key: c
	  ->  Index Scan using sbtest1_pkey on sbtest1  (cost=0.43..40.47 rows=10 width=121)
	        Index Cond: ((id >= 9164754) AND (id <= 9164763))

table 2 : explain SELECT c FROM sbtest2 WHERE id BETWEEN 1548406 AND 1548415 ORDER BY c
	Sort  (cost=40.76..40.79 rows=10 width=121)
	  Sort Key: c
	  ->  Index Scan using sbtest2_pkey on sbtest2  (cost=0.43..40.60 rows=10 width=121)
	        Index Cond: ((id >= 1548406) AND (id <= 1548415))

table 3 : explain SELECT c FROM sbtest3 WHERE id BETWEEN 929421 AND 929430 ORDER BY c
	Sort  (cost=41.03..41.06 rows=10 width=121)
	  Sort Key: c
	  ->  Index Scan using sbtest3_pkey on sbtest3  (cost=0.43..40.87 rows=10 width=121)
	        Index Cond: ((id >= 929421) AND (id <= 929430))

table 4 : explain SELECT c FROM sbtest4 WHERE id BETWEEN 7217268 AND 7217277 ORDER BY c
	Sort  (cost=44.51..44.54 rows=11 width=121)
	  Sort Key: c
	  ->  Index Scan using sbtest4_pkey on sbtest4  (cost=0.43..44.32 rows=11 width=121)
	        Index Cond: ((id >= 7217268) AND (id <= 7217277))

table 5 : explain SELECT c FROM sbtest5 WHERE id BETWEEN 8934428 AND 8934437 ORDER BY c
	Sort  (cost=40.46..40.49 rows=10 width=121)
	  Sort Key: c
	  ->  Index Scan using sbtest5_pkey on sbtest5  (cost=0.43..40.30 rows=10 width=121)
	        Index Cond: ((id >= 8934428) AND (id <= 8934437))

table 6 : explain SELECT c FROM sbtest6 WHERE id BETWEEN 8649076 AND 8649085 ORDER BY c
	Sort  (cost=37.39..37.41 rows=9 width=121)
	  Sort Key: c
	  ->  Index Scan using sbtest6_pkey on sbtest6  (cost=0.43..37.25 rows=9 width=121)
	        Index Cond: ((id >= 8649076) AND (id <= 8649085))

table 7 : explain SELECT c FROM sbtest7 WHERE id BETWEEN 9704047 AND 9704056 ORDER BY c
	Sort  (cost=37.02..37.04 rows=9 width=121)
	  Sort Key: c
	  ->  Index Scan using sbtest7_pkey on sbtest7  (cost=0.43..36.88 rows=9 width=121)
	        Index Cond: ((id >= 9704047) AND (id <= 9704056))

table 8 : explain SELECT c FROM sbtest8 WHERE id BETWEEN 880274 AND 880283 ORDER BY c
	Sort  (cost=40.40..40.42 rows=10 width=121)
	  Sort Key: c
	  ->  Index Scan using sbtest8_pkey on sbtest8  (cost=0.43..40.23 rows=10 width=121)
	        Index Cond: ((id >= 880274) AND (id <= 880283))

explain: for index_updates :: explain UPDATE sbtest%u SET k=k+1 WHERE id=%u
explain: for non_index_updates :: explain UPDATE sbtest%u SET c='foobar' WHERE id=%u
for deletes
table 1 : explain DELETE FROM sbtest1 WHERE id=7811743
	Delete on sbtest1  (cost=0.43..8.45 rows=0 width=0)
	  ->  Index Scan using sbtest1_pkey on sbtest1  (cost=0.43..8.45 rows=1 width=6)
	        Index Cond: (id = 7811743)

table 2 : explain DELETE FROM sbtest2 WHERE id=2674572
	Delete on sbtest2  (cost=0.43..8.45 rows=0 width=0)
	  ->  Index Scan using sbtest2_pkey on sbtest2  (cost=0.43..8.45 rows=1 width=6)
	        Index Cond: (id = 2674572)

table 3 : explain DELETE FROM sbtest3 WHERE id=9863527
	Delete on sbtest3  (cost=0.43..8.45 rows=0 width=0)
	  ->  Index Scan using sbtest3_pkey on sbtest3  (cost=0.43..8.45 rows=1 width=6)
	        Index Cond: (id = 9863527)

table 4 : explain DELETE FROM sbtest4 WHERE id=8738556
	Delete on sbtest4  (cost=0.43..8.45 rows=0 width=0)
	  ->  Index Scan using sbtest4_pkey on sbtest4  (cost=0.43..8.45 rows=1 width=6)
	        Index Cond: (id = 8738556)

table 5 : explain DELETE FROM sbtest5 WHERE id=6399265
	Delete on sbtest5  (cost=0.43..8.45 rows=0 width=0)
	  ->  Index Scan using sbtest5_pkey on sbtest5  (cost=0.43..8.45 rows=1 width=6)
	        Index Cond: (id = 6399265)

table 6 : explain DELETE FROM sbtest6 WHERE id=5214438
	Delete on sbtest6  (cost=0.43..8.45 rows=0 width=0)
	  ->  Index Scan using sbtest6_pkey on sbtest6  (cost=0.43..8.45 rows=1 width=6)
	        Index Cond: (id = 5214438)

table 7 : explain DELETE FROM sbtest7 WHERE id=9073664
	Delete on sbtest7  (cost=0.43..8.45 rows=0 width=0)
	  ->  Index Scan using sbtest7_pkey on sbtest7  (cost=0.43..8.45 rows=1 width=6)
	        Index Cond: (id = 9073664)

table 8 : explain DELETE FROM sbtest8 WHERE id=3471712
	Delete on sbtest8  (cost=0.43..8.45 rows=0 width=0)
	  ->  Index Scan using sbtest8_pkey on sbtest8  (cost=0.43..8.45 rows=1 width=6)
	        Index Cond: (id = 3471712)

for non_index_updates
table 1 : explain UPDATE sbtest1 SET c='foobar' WHERE id=7417996
	Update on sbtest1  (cost=0.43..8.45 rows=0 width=0)
	  ->  Index Scan using sbtest1_pkey on sbtest1  (cost=0.43..8.45 rows=1 width=490)
	        Index Cond: (id = 7417996)

table 2 : explain UPDATE sbtest2 SET c='foobar' WHERE id=6562327
	Update on sbtest2  (cost=0.43..8.45 rows=0 width=0)
	  ->  Index Scan using sbtest2_pkey on sbtest2  (cost=0.43..8.45 rows=1 width=490)
	        Index Cond: (id = 6562327)

table 3 : explain UPDATE sbtest3 SET c='foobar' WHERE id=9546109
	Update on sbtest3  (cost=0.43..8.45 rows=0 width=0)
	  ->  Index Scan using sbtest3_pkey on sbtest3  (cost=0.43..8.45 rows=1 width=490)
	        Index Cond: (id = 9546109)

table 4 : explain UPDATE sbtest4 SET c='foobar' WHERE id=9811745
	Update on sbtest4  (cost=0.43..8.45 rows=0 width=0)
	  ->  Index Scan using sbtest4_pkey on sbtest4  (cost=0.43..8.45 rows=1 width=490)
	        Index Cond: (id = 9811745)

table 5 : explain UPDATE sbtest5 SET c='foobar' WHERE id=260304
	Update on sbtest5  (cost=0.43..8.45 rows=0 width=0)
	  ->  Index Scan using sbtest5_pkey on sbtest5  (cost=0.43..8.45 rows=1 width=490)
	        Index Cond: (id = 260304)

table 6 : explain UPDATE sbtest6 SET c='foobar' WHERE id=4665860
	Update on sbtest6  (cost=0.43..8.45 rows=0 width=0)
	  ->  Index Scan using sbtest6_pkey on sbtest6  (cost=0.43..8.45 rows=1 width=490)
	        Index Cond: (id = 4665860)

table 7 : explain UPDATE sbtest7 SET c='foobar' WHERE id=1268247
	Update on sbtest7  (cost=0.43..8.45 rows=0 width=0)
	  ->  Index Scan using sbtest7_pkey on sbtest7  (cost=0.43..8.45 rows=1 width=490)
	        Index Cond: (id = 1268247)

table 8 : explain UPDATE sbtest8 SET c='foobar' WHERE id=4722108
	Update on sbtest8  (cost=0.43..8.45 rows=0 width=0)
	  ->  Index Scan using sbtest8_pkey on sbtest8  (cost=0.43..8.45 rows=1 width=490)
	        Index Cond: (id = 4722108)

explain: for inserts :: explain INSERT INTO sbtest%u (id, k, c, pad) VALUES (%u, 13, 'foobar', 'foobar')
for: sum_ranges
table 1 : explain SELECT SUM(k) FROM sbtest1 WHERE id BETWEEN 3562677 AND 3562686
	Aggregate  (cost=44.06..44.07 rows=1 width=8)
	  ->  Index Scan using sbtest1_pkey on sbtest1  (cost=0.43..44.03 rows=11 width=4)
	        Index Cond: ((id >= 3562677) AND (id <= 3562686))

table 2 : explain SELECT SUM(k) FROM sbtest2 WHERE id BETWEEN 8906346 AND 8906355
	Aggregate  (cost=40.62..40.63 rows=1 width=8)
	  ->  Index Scan using sbtest2_pkey on sbtest2  (cost=0.43..40.60 rows=10 width=4)
	        Index Cond: ((id >= 8906346) AND (id <= 8906355))

table 3 : explain SELECT SUM(k) FROM sbtest3 WHERE id BETWEEN 5547214 AND 5547223
	Aggregate  (cost=40.89..40.90 rows=1 width=8)
	  ->  Index Scan using sbtest3_pkey on sbtest3  (cost=0.43..40.87 rows=10 width=4)
	        Index Cond: ((id >= 5547214) AND (id <= 5547223))

table 4 : explain SELECT SUM(k) FROM sbtest4 WHERE id BETWEEN 3629600 AND 3629609
	Aggregate  (cost=40.76..40.77 rows=1 width=8)
	  ->  Index Scan using sbtest4_pkey on sbtest4  (cost=0.43..40.73 rows=10 width=4)
	        Index Cond: ((id >= 3629600) AND (id <= 3629609))

table 5 : explain SELECT SUM(k) FROM sbtest5 WHERE id BETWEEN 1711914 AND 1711923
	Aggregate  (cost=40.32..40.33 rows=1 width=8)
	  ->  Index Scan using sbtest5_pkey on sbtest5  (cost=0.43..40.30 rows=10 width=4)
	        Index Cond: ((id >= 1711914) AND (id <= 1711923))

table 6 : explain SELECT SUM(k) FROM sbtest6 WHERE id BETWEEN 3993160 AND 3993169
	Aggregate  (cost=40.87..40.88 rows=1 width=8)
	  ->  Index Scan using sbtest6_pkey on sbtest6  (cost=0.43..40.84 rows=10 width=4)
	        Index Cond: ((id >= 3993160) AND (id <= 3993169))

table 7 : explain SELECT SUM(k) FROM sbtest7 WHERE id BETWEEN 4677113 AND 4677122
	Aggregate  (cost=40.45..40.46 rows=1 width=8)
	  ->  Index Scan using sbtest7_pkey on sbtest7  (cost=0.43..40.43 rows=10 width=4)
	        Index Cond: ((id >= 4677113) AND (id <= 4677122))

table 8 : explain SELECT SUM(k) FROM sbtest8 WHERE id BETWEEN 771916 AND 771925
	Aggregate  (cost=43.79..43.80 rows=1 width=8)
	  ->  Index Scan using sbtest8_pkey on sbtest8  (cost=0.43..43.76 rows=11 width=4)
	        Index Cond: ((id >= 771916) AND (id <= 771925))

explain: for deletes :: explain DELETE FROM sbtest%u WHERE id=%u
for: distinct_ranges
table 1 : explain SELECT DISTINCT c FROM sbtest1 WHERE id BETWEEN 9847205 AND 9847214 ORDER BY c
	Unique  (cost=37.06..37.10 rows=9 width=121)
	  ->  Sort  (cost=37.06..37.08 rows=9 width=121)
	        Sort Key: c
	        ->  Index Scan using sbtest1_pkey on sbtest1  (cost=0.43..36.92 rows=9 width=121)
	              Index Cond: ((id >= 9847205) AND (id <= 9847214))

table 2 : explain SELECT DISTINCT c FROM sbtest2 WHERE id BETWEEN 1253730 AND 1253739 ORDER BY c
	Unique  (cost=40.76..40.81 rows=10 width=121)
	  ->  Sort  (cost=40.76..40.79 rows=10 width=121)
	        Sort Key: c
	        ->  Index Scan using sbtest2_pkey on sbtest2  (cost=0.43..40.60 rows=10 width=121)
	              Index Cond: ((id >= 1253730) AND (id <= 1253739))

table 3 : explain SELECT DISTINCT c FROM sbtest3 WHERE id BETWEEN 3720829 AND 3720838 ORDER BY c
	Unique  (cost=41.03..41.08 rows=10 width=121)
	  ->  Sort  (cost=41.03..41.06 rows=10 width=121)
	        Sort Key: c
	        ->  Index Scan using sbtest3_pkey on sbtest3  (cost=0.43..40.87 rows=10 width=121)
	              Index Cond: ((id >= 3720829) AND (id <= 3720838))

table 4 : explain SELECT DISTINCT c FROM sbtest4 WHERE id BETWEEN 9954988 AND 9954997 ORDER BY c
	Unique  (cost=44.51..44.57 rows=11 width=121)
	  ->  Sort  (cost=44.51..44.54 rows=11 width=121)
	        Sort Key: c
	        ->  Index Scan using sbtest4_pkey on sbtest4  (cost=0.43..44.32 rows=11 width=121)
	              Index Cond: ((id >= 9954988) AND (id <= 9954997))

table 5 : explain SELECT DISTINCT c FROM sbtest5 WHERE id BETWEEN 1336689 AND 1336698 ORDER BY c
	Unique  (cost=44.03..44.08 rows=11 width=121)
	  ->  Sort  (cost=44.03..44.05 rows=11 width=121)
	        Sort Key: c
	        ->  Index Scan using sbtest5_pkey on sbtest5  (cost=0.43..43.84 rows=11 width=121)
	              Index Cond: ((id >= 1336689) AND (id <= 1336698))

table 6 : explain SELECT DISTINCT c FROM sbtest6 WHERE id BETWEEN 5041428 AND 5041437 ORDER BY c
	Unique  (cost=48.26..48.32 rows=12 width=121)
	  ->  Sort  (cost=48.26..48.29 rows=12 width=121)
	        Sort Key: c
	        ->  Index Scan using sbtest6_pkey on sbtest6  (cost=0.43..48.04 rows=12 width=121)
	              Index Cond: ((id >= 5041428) AND (id <= 5041437))

table 7 : explain SELECT DISTINCT c FROM sbtest7 WHERE id BETWEEN 7512202 AND 7512211 ORDER BY c
	Unique  (cost=40.59..40.64 rows=10 width=121)
	  ->  Sort  (cost=40.59..40.62 rows=10 width=121)
	        Sort Key: c
	        ->  Index Scan using sbtest7_pkey on sbtest7  (cost=0.43..40.43 rows=10 width=121)
	              Index Cond: ((id >= 7512202) AND (id <= 7512211))

table 8 : explain SELECT DISTINCT c FROM sbtest8 WHERE id BETWEEN 765715 AND 765724 ORDER BY c
	Unique  (cost=43.95..44.01 rows=11 width=121)
	  ->  Sort  (cost=43.95..43.98 rows=11 width=121)
	        Sort Key: c
	        ->  Index Scan using sbtest8_pkey on sbtest8  (cost=0.43..43.76 rows=11 width=121)
	              Index Cond: ((id >= 765715) AND (id <= 765724))

for index_updates
table 1 : explain UPDATE sbtest1 SET k=k+1 WHERE id=6316761
	Update on sbtest1  (cost=0.43..8.46 rows=0 width=0)
	  ->  Index Scan using sbtest1_pkey on sbtest1  (cost=0.43..8.46 rows=1 width=10)
	        Index Cond: (id = 6316761)

table 2 : explain UPDATE sbtest2 SET k=k+1 WHERE id=3454097
	Update on sbtest2  (cost=0.43..8.46 rows=0 width=0)
	  ->  Index Scan using sbtest2_pkey on sbtest2  (cost=0.43..8.46 rows=1 width=10)
	        Index Cond: (id = 3454097)

table 3 : explain UPDATE sbtest3 SET k=k+1 WHERE id=1685252
	Update on sbtest3  (cost=0.43..8.46 rows=0 width=0)
	  ->  Index Scan using sbtest3_pkey on sbtest3  (cost=0.43..8.46 rows=1 width=10)
	        Index Cond: (id = 1685252)

table 4 : explain UPDATE sbtest4 SET k=k+1 WHERE id=5629418
	Update on sbtest4  (cost=0.43..8.46 rows=0 width=0)
	  ->  Index Scan using sbtest4_pkey on sbtest4  (cost=0.43..8.46 rows=1 width=10)
	        Index Cond: (id = 5629418)

table 5 : explain UPDATE sbtest5 SET k=k+1 WHERE id=542443
	Update on sbtest5  (cost=0.43..8.46 rows=0 width=0)
	  ->  Index Scan using sbtest5_pkey on sbtest5  (cost=0.43..8.46 rows=1 width=10)
	        Index Cond: (id = 542443)

table 6 : explain UPDATE sbtest6 SET k=k+1 WHERE id=4496404
	Update on sbtest6  (cost=0.43..8.46 rows=0 width=0)
	  ->  Index Scan using sbtest6_pkey on sbtest6  (cost=0.43..8.46 rows=1 width=10)
	        Index Cond: (id = 4496404)

table 7 : explain UPDATE sbtest7 SET k=k+1 WHERE id=1956531
	Update on sbtest7  (cost=0.43..8.46 rows=0 width=0)
	  ->  Index Scan using sbtest7_pkey on sbtest7  (cost=0.43..8.46 rows=1 width=10)
	        Index Cond: (id = 1956531)

table 8 : explain UPDATE sbtest8 SET k=k+1 WHERE id=3160091
	Update on sbtest8  (cost=0.43..8.46 rows=0 width=0)
	  ->  Index Scan using sbtest8_pkey on sbtest8  (cost=0.43..8.46 rows=1 width=10)
	        Index Cond: (id = 3160091)

for non_index_updates
table 1 : explain UPDATE sbtest1 SET c='foobar' WHERE id=8272288
	Update on sbtest1  (cost=0.43..8.45 rows=0 width=0)
	  ->  Index Scan using sbtest1_pkey on sbtest1  (cost=0.43..8.45 rows=1 width=490)
	        Index Cond: (id = 8272288)

table 2 : explain UPDATE sbtest2 SET c='foobar' WHERE id=4030201
	Update on sbtest2  (cost=0.43..8.45 rows=0 width=0)
	  ->  Index Scan using sbtest2_pkey on sbtest2  (cost=0.43..8.45 rows=1 width=490)
	        Index Cond: (id = 4030201)

table 3 : explain UPDATE sbtest3 SET c='foobar' WHERE id=2076048
	Update on sbtest3  (cost=0.43..8.45 rows=0 width=0)
	  ->  Index Scan using sbtest3_pkey on sbtest3  (cost=0.43..8.45 rows=1 width=490)
	        Index Cond: (id = 2076048)

table 4 : explain UPDATE sbtest4 SET c='foobar' WHERE id=8759317
	Update on sbtest4  (cost=0.43..8.45 rows=0 width=0)
	  ->  Index Scan using sbtest4_pkey on sbtest4  (cost=0.43..8.45 rows=1 width=490)
	        Index Cond: (id = 8759317)

table 5 : explain UPDATE sbtest5 SET c='foobar' WHERE id=7628245
	Update on sbtest5  (cost=0.43..8.45 rows=0 width=0)
	  ->  Index Scan using sbtest5_pkey on sbtest5  (cost=0.43..8.45 rows=1 width=490)
	        Index Cond: (id = 7628245)

table 6 : explain UPDATE sbtest6 SET c='foobar' WHERE id=8255313
	Update on sbtest6  (cost=0.43..8.45 rows=0 width=0)
	  ->  Index Scan using sbtest6_pkey on sbtest6  (cost=0.43..8.45 rows=1 width=490)
	        Index Cond: (id = 8255313)

table 7 : explain UPDATE sbtest7 SET c='foobar' WHERE id=2740945
	Update on sbtest7  (cost=0.43..8.45 rows=0 width=0)
	  ->  Index Scan using sbtest7_pkey on sbtest7  (cost=0.43..8.45 rows=1 width=490)
	        Index Cond: (id = 2740945)

table 8 : explain UPDATE sbtest8 SET c='foobar' WHERE id=5143031
	Update on sbtest8  (cost=0.43..8.45 rows=0 width=0)
	  ->  Index Scan using sbtest8_pkey on sbtest8  (cost=0.43..8.45 rows=1 width=490)
	        Index Cond: (id = 5143031)

for: order_ranges
table 1 : explain SELECT c FROM sbtest1 WHERE id BETWEEN 4456713 AND 4456722 ORDER BY c
	Sort  (cost=40.64..40.66 rows=10 width=121)
	  Sort Key: c
	  ->  Index Scan using sbtest1_pkey on sbtest1  (cost=0.43..40.47 rows=10 width=121)
	        Index Cond: ((id >= 4456713) AND (id <= 4456722))

table 2 : explain SELECT c FROM sbtest2 WHERE id BETWEEN 7426875 AND 7426884 ORDER BY c
	Sort  (cost=40.76..40.79 rows=10 width=121)
	  Sort Key: c
	  ->  Index Scan using sbtest2_pkey on sbtest2  (cost=0.43..40.60 rows=10 width=121)
	        Index Cond: ((id >= 7426875) AND (id <= 7426884))

table 3 : explain SELECT c FROM sbtest3 WHERE id BETWEEN 5539557 AND 5539566 ORDER BY c
	Sort  (cost=41.03..41.06 rows=10 width=121)
	  Sort Key: c
	  ->  Index Scan using sbtest3_pkey on sbtest3  (cost=0.43..40.87 rows=10 width=121)
	        Index Cond: ((id >= 5539557) AND (id <= 5539566))

table 4 : explain SELECT c FROM sbtest4 WHERE id BETWEEN 1185090 AND 1185099 ORDER BY c
	Sort  (cost=40.90..40.93 rows=10 width=121)
	  Sort Key: c
	  ->  Index Scan using sbtest4_pkey on sbtest4  (cost=0.43..40.73 rows=10 width=121)
	        Index Cond: ((id >= 1185090) AND (id <= 1185099))

table 5 : explain SELECT c FROM sbtest5 WHERE id BETWEEN 7359614 AND 7359623 ORDER BY c
	Sort  (cost=40.46..40.49 rows=10 width=121)
	  Sort Key: c
	  ->  Index Scan using sbtest5_pkey on sbtest5  (cost=0.43..40.30 rows=10 width=121)
	        Index Cond: ((id >= 7359614) AND (id <= 7359623))

table 6 : explain SELECT c FROM sbtest6 WHERE id BETWEEN 4706548 AND 4706557 ORDER BY c
	Sort  (cost=44.63..44.66 rows=11 width=121)
	  Sort Key: c
	  ->  Index Scan using sbtest6_pkey on sbtest6  (cost=0.43..44.44 rows=11 width=121)
	        Index Cond: ((id >= 4706548) AND (id <= 4706557))

table 7 : explain SELECT c FROM sbtest7 WHERE id BETWEEN 3615305 AND 3615314 ORDER BY c
	Sort  (cost=44.17..44.20 rows=11 width=121)
	  Sort Key: c
	  ->  Index Scan using sbtest7_pkey on sbtest7  (cost=0.43..43.98 rows=11 width=121)
	        Index Cond: ((id >= 3615305) AND (id <= 3615314))

table 8 : explain SELECT c FROM sbtest8 WHERE id BETWEEN 5388681 AND 5388690 ORDER BY c
	Sort  (cost=43.95..43.98 rows=11 width=121)
	  Sort Key: c
	  ->  Index Scan using sbtest8_pkey on sbtest8  (cost=0.43..43.76 rows=11 width=121)
	        Index Cond: ((id >= 5388681) AND (id <= 5388690))

explain: for index_updates :: explain UPDATE sbtest%u SET k=k+1 WHERE id=%u
for: distinct_ranges
table 1 : explain SELECT DISTINCT c FROM sbtest1 WHERE id BETWEEN 3878451 AND 3878460 ORDER BY c
	Unique  (cost=40.64..40.69 rows=10 width=121)
	  ->  Sort  (cost=40.64..40.66 rows=10 width=121)
	        Sort Key: c
	        ->  Index Scan using sbtest1_pkey on sbtest1  (cost=0.43..40.47 rows=10 width=121)
	              Index Cond: ((id >= 3878451) AND (id <= 3878460))

table 2 : explain SELECT DISTINCT c FROM sbtest2 WHERE id BETWEEN 607565 AND 607574 ORDER BY c
	Unique  (cost=37.17..37.21 rows=9 width=121)
	  ->  Sort  (cost=37.17..37.19 rows=9 width=121)
	        Sort Key: c
	        ->  Index Scan using sbtest2_pkey on sbtest2  (cost=0.43..37.03 rows=9 width=121)
	              Index Cond: ((id >= 607565) AND (id <= 607574))

table 3 : explain SELECT DISTINCT c FROM sbtest3 WHERE id BETWEEN 5083416 AND 5083425 ORDER BY c
	Unique  (cost=37.41..37.45 rows=9 width=121)
	  ->  Sort  (cost=37.41..37.43 rows=9 width=121)
	        Sort Key: c
	        ->  Index Scan using sbtest3_pkey on sbtest3  (cost=0.43..37.27 rows=9 width=121)
	              Index Cond: ((id >= 5083416) AND (id <= 5083425))

table 4 : explain SELECT DISTINCT c FROM sbtest4 WHERE id BETWEEN 2662324 AND 2662333 ORDER BY c
	Unique  (cost=40.90..40.95 rows=10 width=121)
	  ->  Sort  (cost=40.90..40.93 rows=10 width=121)
	        Sort Key: c
	        ->  Index Scan using sbtest4_pkey on sbtest4  (cost=0.43..40.73 rows=10 width=121)
	              Index Cond: ((id >= 2662324) AND (id <= 2662333))

table 5 : explain SELECT DISTINCT c FROM sbtest5 WHERE id BETWEEN 1274421 AND 1274430 ORDER BY c
	Unique  (cost=44.03..44.08 rows=11 width=121)
	  ->  Sort  (cost=44.03..44.05 rows=11 width=121)
	        Sort Key: c
	        ->  Index Scan using sbtest5_pkey on sbtest5  (cost=0.43..43.84 rows=11 width=121)
	              Index Cond: ((id >= 1274421) AND (id <= 1274430))

table 6 : explain SELECT DISTINCT c FROM sbtest6 WHERE id BETWEEN 1771052 AND 1771061 ORDER BY c
	Unique  (cost=41.01..41.06 rows=10 width=121)
	  ->  Sort  (cost=41.01..41.04 rows=10 width=121)
	        Sort Key: c
	        ->  Index Scan using sbtest6_pkey on sbtest6  (cost=0.43..40.84 rows=10 width=121)
	              Index Cond: ((id >= 1771052) AND (id <= 1771061))

table 7 : explain SELECT DISTINCT c FROM sbtest7 WHERE id BETWEEN 4356514 AND 4356523 ORDER BY c
	Unique  (cost=40.59..40.64 rows=10 width=121)
	  ->  Sort  (cost=40.59..40.62 rows=10 width=121)
	        Sort Key: c
	        ->  Index Scan using sbtest7_pkey on sbtest7  (cost=0.43..40.43 rows=10 width=121)
	              Index Cond: ((id >= 4356514) AND (id <= 4356523))

table 8 : explain SELECT DISTINCT c FROM sbtest8 WHERE id BETWEEN 2537780 AND 2537789 ORDER BY c
	Unique  (cost=40.40..40.45 rows=10 width=121)
	  ->  Sort  (cost=40.40..40.42 rows=10 width=121)
	        Sort Key: c
	        ->  Index Scan using sbtest8_pkey on sbtest8  (cost=0.43..40.23 rows=10 width=121)
	              Index Cond: ((id >= 2537780) AND (id <= 2537789))

for point_selects
table 1 : explain SELECT c FROM sbtest1 WHERE id=7021948
	Index Scan using sbtest1_pkey on sbtest1  (cost=0.43..8.45 rows=1 width=121)
	  Index Cond: (id = 7021948)

table 2 : explain SELECT c FROM sbtest2 WHERE id=3921812
	Index Scan using sbtest2_pkey on sbtest2  (cost=0.43..8.45 rows=1 width=121)
	  Index Cond: (id = 3921812)

table 3 : explain SELECT c FROM sbtest3 WHERE id=8411519
	Index Scan using sbtest3_pkey on sbtest3  (cost=0.43..8.45 rows=1 width=121)
	  Index Cond: (id = 8411519)

table 4 : explain SELECT c FROM sbtest4 WHERE id=6078230
	Index Scan using sbtest4_pkey on sbtest4  (cost=0.43..8.45 rows=1 width=121)
	  Index Cond: (id = 6078230)

table 5 : explain SELECT c FROM sbtest5 WHERE id=5426814
	Index Scan using sbtest5_pkey on sbtest5  (cost=0.43..8.45 rows=1 width=121)
	  Index Cond: (id = 5426814)

table 6 : explain SELECT c FROM sbtest6 WHERE id=5147412
	Index Scan using sbtest6_pkey on sbtest6  (cost=0.43..8.45 rows=1 width=121)
	  Index Cond: (id = 5147412)

table 7 : explain SELECT c FROM sbtest7 WHERE id=469013
	Index Scan using sbtest7_pkey on sbtest7  (cost=0.43..8.45 rows=1 width=121)
	  Index Cond: (id = 469013)

table 8 : explain SELECT c FROM sbtest8 WHERE id=4914226
	Index Scan using sbtest8_pkey on sbtest8  (cost=0.43..8.45 rows=1 width=121)
	  Index Cond: (id = 4914226)

explain: for deletes :: explain DELETE FROM sbtest%u WHERE id=%u
for inserts
table 1 : explain INSERT INTO sbtest1 (id, k, c, pad) VALUES (8100397, 13, 'foobar', 'foobar')
	Insert on sbtest1  (cost=0.00..0.01 rows=0 width=0)
	  ->  Result  (cost=0.00..0.01 rows=1 width=736)

table 2 : explain INSERT INTO sbtest2 (id, k, c, pad) VALUES (617595, 13, 'foobar', 'foobar')
	Insert on sbtest2  (cost=0.00..0.01 rows=0 width=0)
	  ->  Result  (cost=0.00..0.01 rows=1 width=736)

table 3 : explain INSERT INTO sbtest3 (id, k, c, pad) VALUES (222297, 13, 'foobar', 'foobar')
	Insert on sbtest3  (cost=0.00..0.01 rows=0 width=0)
	  ->  Result  (cost=0.00..0.01 rows=1 width=736)

table 4 : explain INSERT INTO sbtest4 (id, k, c, pad) VALUES (5810870, 13, 'foobar', 'foobar')
	Insert on sbtest4  (cost=0.00..0.01 rows=0 width=0)
	  ->  Result  (cost=0.00..0.01 rows=1 width=736)

table 5 : explain INSERT INTO sbtest5 (id, k, c, pad) VALUES (3371549, 13, 'foobar', 'foobar')
	Insert on sbtest5  (cost=0.00..0.01 rows=0 width=0)
	  ->  Result  (cost=0.00..0.01 rows=1 width=736)

table 6 : explain INSERT INTO sbtest6 (id, k, c, pad) VALUES (1093434, 13, 'foobar', 'foobar')
	Insert on sbtest6  (cost=0.00..0.01 rows=0 width=0)
	  ->  Result  (cost=0.00..0.01 rows=1 width=736)

table 7 : explain INSERT INTO sbtest7 (id, k, c, pad) VALUES (7772190, 13, 'foobar', 'foobar')
	Insert on sbtest7  (cost=0.00..0.01 rows=0 width=0)
	  ->  Result  (cost=0.00..0.01 rows=1 width=736)

table 8 : explain INSERT INTO sbtest8 (id, k, c, pad) VALUES (3368952, 13, 'foobar', 'foobar')
	Insert on sbtest8  (cost=0.00..0.01 rows=0 width=0)
	  ->  Result  (cost=0.00..0.01 rows=1 width=736)

for point_selects
table 1 : explain SELECT c FROM sbtest1 WHERE id=5642292
	Index Scan using sbtest1_pkey on sbtest1  (cost=0.43..8.45 rows=1 width=121)
	  Index Cond: (id = 5642292)

table 2 : explain SELECT c FROM sbtest2 WHERE id=901865
	Index Scan using sbtest2_pkey on sbtest2  (cost=0.43..8.45 rows=1 width=121)
	  Index Cond: (id = 901865)

table 3 : explain SELECT c FROM sbtest3 WHERE id=8558022
	Index Scan using sbtest3_pkey on sbtest3  (cost=0.43..8.45 rows=1 width=121)
	  Index Cond: (id = 8558022)

table 4 : explain SELECT c FROM sbtest4 WHERE id=8728596
	Index Scan using sbtest4_pkey on sbtest4  (cost=0.43..8.45 rows=1 width=121)
	  Index Cond: (id = 8728596)

table 5 : explain SELECT c FROM sbtest5 WHERE id=4014446
	Index Scan using sbtest5_pkey on sbtest5  (cost=0.43..8.45 rows=1 width=121)
	  Index Cond: (id = 4014446)

table 6 : explain SELECT c FROM sbtest6 WHERE id=5844553
	Index Scan using sbtest6_pkey on sbtest6  (cost=0.43..8.45 rows=1 width=121)
	  Index Cond: (id = 5844553)

table 7 : explain SELECT c FROM sbtest7 WHERE id=2981740
	Index Scan using sbtest7_pkey on sbtest7  (cost=0.43..8.45 rows=1 width=121)
	  Index Cond: (id = 2981740)

table 8 : explain SELECT c FROM sbtest8 WHERE id=4578557
	Index Scan using sbtest8_pkey on sbtest8  (cost=0.43..8.45 rows=1 width=121)
	  Index Cond: (id = 4578557)

for index_updates
table 1 : explain UPDATE sbtest1 SET k=k+1 WHERE id=5420548
	Update on sbtest1  (cost=0.43..8.46 rows=0 width=0)
	  ->  Index Scan using sbtest1_pkey on sbtest1  (cost=0.43..8.46 rows=1 width=10)
	        Index Cond: (id = 5420548)

table 2 : explain UPDATE sbtest2 SET k=k+1 WHERE id=7423157
	Update on sbtest2  (cost=0.43..8.46 rows=0 width=0)
	  ->  Index Scan using sbtest2_pkey on sbtest2  (cost=0.43..8.46 rows=1 width=10)
	        Index Cond: (id = 7423157)

table 3 : explain UPDATE sbtest3 SET k=k+1 WHERE id=9264849
	Update on sbtest3  (cost=0.43..8.46 rows=0 width=0)
	  ->  Index Scan using sbtest3_pkey on sbtest3  (cost=0.43..8.46 rows=1 width=10)
	        Index Cond: (id = 9264849)

table 4 : explain UPDATE sbtest4 SET k=k+1 WHERE id=1530837
	Update on sbtest4  (cost=0.43..8.46 rows=0 width=0)
	  ->  Index Scan using sbtest4_pkey on sbtest4  (cost=0.43..8.46 rows=1 width=10)
	        Index Cond: (id = 1530837)

table 5 : explain UPDATE sbtest5 SET k=k+1 WHERE id=2626237
	Update on sbtest5  (cost=0.43..8.46 rows=0 width=0)
	  ->  Index Scan using sbtest5_pkey on sbtest5  (cost=0.43..8.46 rows=1 width=10)
	        Index Cond: (id = 2626237)

table 6 : explain UPDATE sbtest6 SET k=k+1 WHERE id=5914754
	Update on sbtest6  (cost=0.43..8.46 rows=0 width=0)
	  ->  Index Scan using sbtest6_pkey on sbtest6  (cost=0.43..8.46 rows=1 width=10)
	        Index Cond: (id = 5914754)

table 7 : explain UPDATE sbtest7 SET k=k+1 WHERE id=5604198
	Update on sbtest7  (cost=0.43..8.46 rows=0 width=0)
	  ->  Index Scan using sbtest7_pkey on sbtest7  (cost=0.43..8.46 rows=1 width=10)
	        Index Cond: (id = 5604198)

table 8 : explain UPDATE sbtest8 SET k=k+1 WHERE id=3912991
	Update on sbtest8  (cost=0.43..8.46 rows=0 width=0)
	  ->  Index Scan using sbtest8_pkey on sbtest8  (cost=0.43..8.46 rows=1 width=10)
	        Index Cond: (id = 3912991)

for index_updates
table 1 : explain UPDATE sbtest1 SET k=k+1 WHERE id=1490139
	Update on sbtest1  (cost=0.43..8.46 rows=0 width=0)
	  ->  Index Scan using sbtest1_pkey on sbtest1  (cost=0.43..8.46 rows=1 width=10)
	        Index Cond: (id = 1490139)

table 2 : explain UPDATE sbtest2 SET k=k+1 WHERE id=9189943
	Update on sbtest2  (cost=0.43..8.46 rows=0 width=0)
	  ->  Index Scan using sbtest2_pkey on sbtest2  (cost=0.43..8.46 rows=1 width=10)
	        Index Cond: (id = 9189943)

table 3 : explain UPDATE sbtest3 SET k=k+1 WHERE id=2936953
	Update on sbtest3  (cost=0.43..8.46 rows=0 width=0)
	  ->  Index Scan using sbtest3_pkey on sbtest3  (cost=0.43..8.46 rows=1 width=10)
	        Index Cond: (id = 2936953)

table 4 : explain UPDATE sbtest4 SET k=k+1 WHERE id=7832326
	Update on sbtest4  (cost=0.43..8.46 rows=0 width=0)
	  ->  Index Scan using sbtest4_pkey on sbtest4  (cost=0.43..8.46 rows=1 width=10)
	        Index Cond: (id = 7832326)

table 5 : explain UPDATE sbtest5 SET k=k+1 WHERE id=8713152
	Update on sbtest5  (cost=0.43..8.46 rows=0 width=0)
	  ->  Index Scan using sbtest5_pkey on sbtest5  (cost=0.43..8.46 rows=1 width=10)
	        Index Cond: (id = 8713152)

table 6 : explain UPDATE sbtest6 SET k=k+1 WHERE id=3153470
	Update on sbtest6  (cost=0.43..8.46 rows=0 width=0)
	  ->  Index Scan using sbtest6_pkey on sbtest6  (cost=0.43..8.46 rows=1 width=10)
	        Index Cond: (id = 3153470)

table 7 : explain UPDATE sbtest7 SET k=k+1 WHERE id=8435860
	Update on sbtest7  (cost=0.43..8.46 rows=0 width=0)
	  ->  Index Scan using sbtest7_pkey on sbtest7  (cost=0.43..8.46 rows=1 width=10)
	        Index Cond: (id = 8435860)

table 8 : explain UPDATE sbtest8 SET k=k+1 WHERE id=9475692
	Update on sbtest8  (cost=0.43..8.46 rows=0 width=0)
	  ->  Index Scan using sbtest8_pkey on sbtest8  (cost=0.43..8.46 rows=1 width=10)
	        Index Cond: (id = 9475692)

for deletes
table 1 : explain DELETE FROM sbtest1 WHERE id=9238856
	Delete on sbtest1  (cost=0.43..8.45 rows=0 width=0)
	  ->  Index Scan using sbtest1_pkey on sbtest1  (cost=0.43..8.45 rows=1 width=6)
	        Index Cond: (id = 9238856)

table 2 : explain DELETE FROM sbtest2 WHERE id=185813
	Delete on sbtest2  (cost=0.43..8.45 rows=0 width=0)
	  ->  Index Scan using sbtest2_pkey on sbtest2  (cost=0.43..8.45 rows=1 width=6)
	        Index Cond: (id = 185813)

table 3 : explain DELETE FROM sbtest3 WHERE id=2852478
	Delete on sbtest3  (cost=0.43..8.45 rows=0 width=0)
	  ->  Index Scan using sbtest3_pkey on sbtest3  (cost=0.43..8.45 rows=1 width=6)
	        Index Cond: (id = 2852478)

table 4 : explain DELETE FROM sbtest4 WHERE id=3913621
	Delete on sbtest4  (cost=0.43..8.45 rows=0 width=0)
	  ->  Index Scan using sbtest4_pkey on sbtest4  (cost=0.43..8.45 rows=1 width=6)
	        Index Cond: (id = 3913621)

table 5 : explain DELETE FROM sbtest5 WHERE id=8576110
	Delete on sbtest5  (cost=0.43..8.45 rows=0 width=0)
	  ->  Index Scan using sbtest5_pkey on sbtest5  (cost=0.43..8.45 rows=1 width=6)
	        Index Cond: (id = 8576110)

table 6 : explain DELETE FROM sbtest6 WHERE id=2909188
	Delete on sbtest6  (cost=0.43..8.45 rows=0 width=0)
	  ->  Index Scan using sbtest6_pkey on sbtest6  (cost=0.43..8.45 rows=1 width=6)
	        Index Cond: (id = 2909188)

table 7 : explain DELETE FROM sbtest7 WHERE id=2677294
	Delete on sbtest7  (cost=0.43..8.45 rows=0 width=0)
	  ->  Index Scan using sbtest7_pkey on sbtest7  (cost=0.43..8.45 rows=1 width=6)
	        Index Cond: (id = 2677294)

table 8 : explain DELETE FROM sbtest8 WHERE id=803629
	Delete on sbtest8  (cost=0.43..8.45 rows=0 width=0)
	  ->  Index Scan using sbtest8_pkey on sbtest8  (cost=0.43..8.45 rows=1 width=6)
	        Index Cond: (id = 803629)

explain: for index_updates :: explain UPDATE sbtest%u SET k=k+1 WHERE id=%u
for: order_ranges
table 1 : explain SELECT c FROM sbtest1 WHERE id BETWEEN 5986602 AND 5986611 ORDER BY c
	Sort  (cost=40.64..40.66 rows=10 width=121)
	  Sort Key: c
	  ->  Index Scan using sbtest1_pkey on sbtest1  (cost=0.43..40.47 rows=10 width=121)
	        Index Cond: ((id >= 5986602) AND (id <= 5986611))

table 2 : explain SELECT c FROM sbtest2 WHERE id BETWEEN 9462915 AND 9462924 ORDER BY c
	Sort  (cost=40.76..40.79 rows=10 width=121)
	  Sort Key: c
	  ->  Index Scan using sbtest2_pkey on sbtest2  (cost=0.43..40.60 rows=10 width=121)
	        Index Cond: ((id >= 9462915) AND (id <= 9462924))

table 3 : explain SELECT c FROM sbtest3 WHERE id BETWEEN 7516130 AND 7516139 ORDER BY c
	Sort  (cost=41.03..41.06 rows=10 width=121)
	  Sort Key: c
	  ->  Index Scan using sbtest3_pkey on sbtest3  (cost=0.43..40.87 rows=10 width=121)
	        Index Cond: ((id >= 7516130) AND (id <= 7516139))

table 4 : explain SELECT c FROM sbtest4 WHERE id BETWEEN 3342529 AND 3342538 ORDER BY c
	Sort  (cost=40.90..40.93 rows=10 width=121)
	  Sort Key: c
	  ->  Index Scan using sbtest4_pkey on sbtest4  (cost=0.43..40.73 rows=10 width=121)
	        Index Cond: ((id >= 3342529) AND (id <= 3342538))

table 5 : explain SELECT c FROM sbtest5 WHERE id BETWEEN 1158858 AND 1158867 ORDER BY c
	Sort  (cost=40.46..40.49 rows=10 width=121)
	  Sort Key: c
	  ->  Index Scan using sbtest5_pkey on sbtest5  (cost=0.43..40.30 rows=10 width=121)
	        Index Cond: ((id >= 1158858) AND (id <= 1158867))

table 6 : explain SELECT c FROM sbtest6 WHERE id BETWEEN 3581464 AND 3581473 ORDER BY c
	Sort  (cost=37.39..37.41 rows=9 width=121)
	  Sort Key: c
	  ->  Index Scan using sbtest6_pkey on sbtest6  (cost=0.43..37.25 rows=9 width=121)
	        Index Cond: ((id >= 3581464) AND (id <= 3581473))

table 7 : explain SELECT c FROM sbtest7 WHERE id BETWEEN 7351769 AND 7351778 ORDER BY c
	Sort  (cost=40.59..40.62 rows=10 width=121)
	  Sort Key: c
	  ->  Index Scan using sbtest7_pkey on sbtest7  (cost=0.43..40.43 rows=10 width=121)
	        Index Cond: ((id >= 7351769) AND (id <= 7351778))

table 8 : explain SELECT c FROM sbtest8 WHERE id BETWEEN 6821666 AND 6821675 ORDER BY c
	Sort  (cost=40.40..40.42 rows=10 width=121)
	  Sort Key: c
	  ->  Index Scan using sbtest8_pkey on sbtest8  (cost=0.43..40.23 rows=10 width=121)
	        Index Cond: ((id >= 6821666) AND (id <= 6821675))

for index_updates
table 1 : explain UPDATE sbtest1 SET k=k+1 WHERE id=9499421
	Update on sbtest1  (cost=0.43..8.46 rows=0 width=0)
	  ->  Index Scan using sbtest1_pkey on sbtest1  (cost=0.43..8.46 rows=1 width=10)
	        Index Cond: (id = 9499421)

table 2 : explain UPDATE sbtest2 SET k=k+1 WHERE id=2527317
	Update on sbtest2  (cost=0.43..8.46 rows=0 width=0)
	  ->  Index Scan using sbtest2_pkey on sbtest2  (cost=0.43..8.46 rows=1 width=10)
	        Index Cond: (id = 2527317)

table 3 : explain UPDATE sbtest3 SET k=k+1 WHERE id=6514301
	Update on sbtest3  (cost=0.43..8.46 rows=0 width=0)
	  ->  Index Scan using sbtest3_pkey on sbtest3  (cost=0.43..8.46 rows=1 width=10)
	        Index Cond: (id = 6514301)

table 4 : explain UPDATE sbtest4 SET k=k+1 WHERE id=250554
	Update on sbtest4  (cost=0.43..8.46 rows=0 width=0)
	  ->  Index Scan using sbtest4_pkey on sbtest4  (cost=0.43..8.46 rows=1 width=10)
	        Index Cond: (id = 250554)

table 5 : explain UPDATE sbtest5 SET k=k+1 WHERE id=606246
	Update on sbtest5  (cost=0.43..8.46 rows=0 width=0)
	  ->  Index Scan using sbtest5_pkey on sbtest5  (cost=0.43..8.46 rows=1 width=10)
	        Index Cond: (id = 606246)

table 6 : explain UPDATE sbtest6 SET k=k+1 WHERE id=2280696
	Update on sbtest6  (cost=0.43..8.46 rows=0 width=0)
	  ->  Index Scan using sbtest6_pkey on sbtest6  (cost=0.43..8.46 rows=1 width=10)
	        Index Cond: (id = 2280696)

table 7 : explain UPDATE sbtest7 SET k=k+1 WHERE id=6721411
	Update on sbtest7  (cost=0.43..8.46 rows=0 width=0)
	  ->  Index Scan using sbtest7_pkey on sbtest7  (cost=0.43..8.46 rows=1 width=10)
	        Index Cond: (id = 6721411)

table 8 : explain UPDATE sbtest8 SET k=k+1 WHERE id=9189730
	Update on sbtest8  (cost=0.43..8.46 rows=0 width=0)
	  ->  Index Scan using sbtest8_pkey on sbtest8  (cost=0.43..8.46 rows=1 width=10)
	        Index Cond: (id = 9189730)

for deletes
table 1 : explain DELETE FROM sbtest1 WHERE id=4531594
	Delete on sbtest1  (cost=0.43..8.45 rows=0 width=0)
	  ->  Index Scan using sbtest1_pkey on sbtest1  (cost=0.43..8.45 rows=1 width=6)
	        Index Cond: (id = 4531594)

table 2 : explain DELETE FROM sbtest2 WHERE id=4218768
	Delete on sbtest2  (cost=0.43..8.45 rows=0 width=0)
	  ->  Index Scan using sbtest2_pkey on sbtest2  (cost=0.43..8.45 rows=1 width=6)
	        Index Cond: (id = 4218768)

table 3 : explain DELETE FROM sbtest3 WHERE id=3273177
	Delete on sbtest3  (cost=0.43..8.45 rows=0 width=0)
	  ->  Index Scan using sbtest3_pkey on sbtest3  (cost=0.43..8.45 rows=1 width=6)
	        Index Cond: (id = 3273177)

table 4 : explain DELETE FROM sbtest4 WHERE id=8720432
	Delete on sbtest4  (cost=0.43..8.45 rows=0 width=0)
	  ->  Index Scan using sbtest4_pkey on sbtest4  (cost=0.43..8.45 rows=1 width=6)
	        Index Cond: (id = 8720432)

table 5 : explain DELETE FROM sbtest5 WHERE id=3924123
	Delete on sbtest5  (cost=0.43..8.45 rows=0 width=0)
	  ->  Index Scan using sbtest5_pkey on sbtest5  (cost=0.43..8.45 rows=1 width=6)
	        Index Cond: (id = 3924123)

table 6 : explain DELETE FROM sbtest6 WHERE id=6620738
	Delete on sbtest6  (cost=0.43..8.45 rows=0 width=0)
	  ->  Index Scan using sbtest6_pkey on sbtest6  (cost=0.43..8.45 rows=1 width=6)
	        Index Cond: (id = 6620738)

table 7 : explain DELETE FROM sbtest7 WHERE id=462059
	Delete on sbtest7  (cost=0.43..8.45 rows=0 width=0)
	  ->  Index Scan using sbtest7_pkey on sbtest7  (cost=0.43..8.45 rows=1 width=6)
	        Index Cond: (id = 462059)

table 8 : explain DELETE FROM sbtest8 WHERE id=3106018
	Delete on sbtest8  (cost=0.43..8.45 rows=0 width=0)
	  ->  Index Scan using sbtest8_pkey on sbtest8  (cost=0.43..8.45 rows=1 width=6)
	        Index Cond: (id = 3106018)

explain: for non_index_updates :: explain UPDATE sbtest%u SET c='foobar' WHERE id=%u
explain: for non_index_updates :: explain UPDATE sbtest%u SET c='foobar' WHERE id=%u
for: distinct_ranges
table 1 : explain SELECT DISTINCT c FROM sbtest1 WHERE id BETWEEN 8813040 AND 8813049 ORDER BY c
	Unique  (cost=40.64..40.69 rows=10 width=121)
	  ->  Sort  (cost=40.64..40.66 rows=10 width=121)
	        Sort Key: c
	        ->  Index Scan using sbtest1_pkey on sbtest1  (cost=0.43..40.47 rows=10 width=121)
	              Index Cond: ((id >= 8813040) AND (id <= 8813049))

table 2 : explain SELECT DISTINCT c FROM sbtest2 WHERE id BETWEEN 6072272 AND 6072281 ORDER BY c
	Unique  (cost=44.36..44.41 rows=11 width=121)
	  ->  Sort  (cost=44.36..44.39 rows=11 width=121)
	        Sort Key: c
	        ->  Index Scan using sbtest2_pkey on sbtest2  (cost=0.43..44.17 rows=11 width=121)
	              Index Cond: ((id >= 6072272) AND (id <= 6072281))

table 3 : explain SELECT DISTINCT c FROM sbtest3 WHERE id BETWEEN 8816938 AND 8816947 ORDER BY c
	Unique  (cost=48.28..48.34 rows=12 width=121)
	  ->  Sort  (cost=48.28..48.31 rows=12 width=121)
	        Sort Key: c
	        ->  Index Scan using sbtest3_pkey on sbtest3  (cost=0.43..48.07 rows=12 width=121)
	              Index Cond: ((id >= 8816938) AND (id <= 8816947))

table 4 : explain SELECT DISTINCT c FROM sbtest4 WHERE id BETWEEN 6031906 AND 6031915 ORDER BY c
	Unique  (cost=37.29..37.34 rows=9 width=121)
	  ->  Sort  (cost=37.29..37.31 rows=9 width=121)
	        Sort Key: c
	        ->  Index Scan using sbtest4_pkey on sbtest4  (cost=0.43..37.15 rows=9 width=121)
	              Index Cond: ((id >= 6031906) AND (id <= 6031915))

table 5 : explain SELECT DISTINCT c FROM sbtest5 WHERE id BETWEEN 7150780 AND 7150789 ORDER BY c
	Unique  (cost=40.46..40.51 rows=10 width=121)
	  ->  Sort  (cost=40.46..40.49 rows=10 width=121)
	        Sort Key: c
	        ->  Index Scan using sbtest5_pkey on sbtest5  (cost=0.43..40.30 rows=10 width=121)
	              Index Cond: ((id >= 7150780) AND (id <= 7150789))

table 6 : explain SELECT DISTINCT c FROM sbtest6 WHERE id BETWEEN 4559303 AND 4559312 ORDER BY c
	Unique  (cost=37.39..37.43 rows=9 width=121)
	  ->  Sort  (cost=37.39..37.41 rows=9 width=121)
	        Sort Key: c
	        ->  Index Scan using sbtest6_pkey on sbtest6  (cost=0.43..37.25 rows=9 width=121)
	              Index Cond: ((id >= 4559303) AND (id <= 4559312))

table 7 : explain SELECT DISTINCT c FROM sbtest7 WHERE id BETWEEN 5550622 AND 5550631 ORDER BY c
	Unique  (cost=40.59..40.64 rows=10 width=121)
	  ->  Sort  (cost=40.59..40.62 rows=10 width=121)
	        Sort Key: c
	        ->  Index Scan using sbtest7_pkey on sbtest7  (cost=0.43..40.43 rows=10 width=121)
	              Index Cond: ((id >= 5550622) AND (id <= 5550631))

table 8 : explain SELECT DISTINCT c FROM sbtest8 WHERE id BETWEEN 5909891 AND 5909900 ORDER BY c
	Unique  (cost=36.85..36.89 rows=9 width=121)
	  ->  Sort  (cost=36.85..36.87 rows=9 width=121)
	        Sort Key: c
	        ->  Index Scan using sbtest8_pkey on sbtest8  (cost=0.43..36.70 rows=9 width=121)
	              Index Cond: ((id >= 5909891) AND (id <= 5909900))

explain: for inserts :: explain INSERT INTO sbtest%u (id, k, c, pad) VALUES (%u, 13, 'foobar', 'foobar')
explain: for index_updates :: explain UPDATE sbtest%u SET k=k+1 WHERE id=%u
for non_index_updates
table 1 : explain UPDATE sbtest1 SET c='foobar' WHERE id=4799707
	Update on sbtest1  (cost=0.43..8.45 rows=0 width=0)
	  ->  Index Scan using sbtest1_pkey on sbtest1  (cost=0.43..8.45 rows=1 width=490)
	        Index Cond: (id = 4799707)

table 2 : explain UPDATE sbtest2 SET c='foobar' WHERE id=1317320
	Update on sbtest2  (cost=0.43..8.45 rows=0 width=0)
	  ->  Index Scan using sbtest2_pkey on sbtest2  (cost=0.43..8.45 rows=1 width=490)
	        Index Cond: (id = 1317320)

table 3 : explain UPDATE sbtest3 SET c='foobar' WHERE id=4089750
	Update on sbtest3  (cost=0.43..8.45 rows=0 width=0)
	  ->  Index Scan using sbtest3_pkey on sbtest3  (cost=0.43..8.45 rows=1 width=490)
	        Index Cond: (id = 4089750)

table 4 : explain UPDATE sbtest4 SET c='foobar' WHERE id=9876264
	Update on sbtest4  (cost=0.43..8.45 rows=0 width=0)
	  ->  Index Scan using sbtest4_pkey on sbtest4  (cost=0.43..8.45 rows=1 width=490)
	        Index Cond: (id = 9876264)

table 5 : explain UPDATE sbtest5 SET c='foobar' WHERE id=9642696
	Update on sbtest5  (cost=0.43..8.45 rows=0 width=0)
	  ->  Index Scan using sbtest5_pkey on sbtest5  (cost=0.43..8.45 rows=1 width=490)
	        Index Cond: (id = 9642696)

table 6 : explain UPDATE sbtest6 SET c='foobar' WHERE id=5636553
	Update on sbtest6  (cost=0.43..8.45 rows=0 width=0)
	  ->  Index Scan using sbtest6_pkey on sbtest6  (cost=0.43..8.45 rows=1 width=490)
	        Index Cond: (id = 5636553)

table 7 : explain UPDATE sbtest7 SET c='foobar' WHERE id=2736638
	Update on sbtest7  (cost=0.43..8.45 rows=0 width=0)
	  ->  Index Scan using sbtest7_pkey on sbtest7  (cost=0.43..8.45 rows=1 width=490)
	        Index Cond: (id = 2736638)

table 8 : explain UPDATE sbtest8 SET c='foobar' WHERE id=4563039
	Update on sbtest8  (cost=0.43..8.45 rows=0 width=0)
	  ->  Index Scan using sbtest8_pkey on sbtest8  (cost=0.43..8.45 rows=1 width=490)
	        Index Cond: (id = 4563039)

for inserts
table 1 : explain INSERT INTO sbtest1 (id, k, c, pad) VALUES (2408919, 13, 'foobar', 'foobar')
	Insert on sbtest1  (cost=0.00..0.01 rows=0 width=0)
	  ->  Result  (cost=0.00..0.01 rows=1 width=736)

table 2 : explain INSERT INTO sbtest2 (id, k, c, pad) VALUES (3918745, 13, 'foobar', 'foobar')
	Insert on sbtest2  (cost=0.00..0.01 rows=0 width=0)
	  ->  Result  (cost=0.00..0.01 rows=1 width=736)

table 3 : explain INSERT INTO sbtest3 (id, k, c, pad) VALUES (1667237, 13, 'foobar', 'foobar')
	Insert on sbtest3  (cost=0.00..0.01 rows=0 width=0)
	  ->  Result  (cost=0.00..0.01 rows=1 width=736)

table 4 : explain INSERT INTO sbtest4 (id, k, c, pad) VALUES (7770241, 13, 'foobar', 'foobar')
	Insert on sbtest4  (cost=0.00..0.01 rows=0 width=0)
	  ->  Result  (cost=0.00..0.01 rows=1 width=736)

table 5 : explain INSERT INTO sbtest5 (id, k, c, pad) VALUES (403889, 13, 'foobar', 'foobar')
	Insert on sbtest5  (cost=0.00..0.01 rows=0 width=0)
	  ->  Result  (cost=0.00..0.01 rows=1 width=736)

table 6 : explain INSERT INTO sbtest6 (id, k, c, pad) VALUES (5242766, 13, 'foobar', 'foobar')
	Insert on sbtest6  (cost=0.00..0.01 rows=0 width=0)
	  ->  Result  (cost=0.00..0.01 rows=1 width=736)

table 7 : explain INSERT INTO sbtest7 (id, k, c, pad) VALUES (3780631, 13, 'foobar', 'foobar')
	Insert on sbtest7  (cost=0.00..0.01 rows=0 width=0)
	  ->  Result  (cost=0.00..0.01 rows=1 width=736)

table 8 : explain INSERT INTO sbtest8 (id, k, c, pad) VALUES (651604, 13, 'foobar', 'foobar')
	Insert on sbtest8  (cost=0.00..0.01 rows=0 width=0)
	  ->  Result  (cost=0.00..0.01 rows=1 width=736)

explain: for non_index_updates :: explain UPDATE sbtest%u SET c='foobar' WHERE id=%u
for: order_ranges
table 1 : explain SELECT c FROM sbtest1 WHERE id BETWEEN 9665759 AND 9665768 ORDER BY c
	Sort  (cost=37.06..37.08 rows=9 width=121)
	  Sort Key: c
	  ->  Index Scan using sbtest1_pkey on sbtest1  (cost=0.43..36.92 rows=9 width=121)
	        Index Cond: ((id >= 9665759) AND (id <= 9665768))

table 2 : explain SELECT c FROM sbtest2 WHERE id BETWEEN 3501362 AND 3501371 ORDER BY c
	Sort  (cost=40.76..40.79 rows=10 width=121)
	  Sort Key: c
	  ->  Index Scan using sbtest2_pkey on sbtest2  (cost=0.43..40.60 rows=10 width=121)
	        Index Cond: ((id >= 3501362) AND (id <= 3501371))

table 3 : explain SELECT c FROM sbtest3 WHERE id BETWEEN 3608519 AND 3608528 ORDER BY c
	Sort  (cost=41.03..41.06 rows=10 width=121)
	  Sort Key: c
	  ->  Index Scan using sbtest3_pkey on sbtest3  (cost=0.43..40.87 rows=10 width=121)
	        Index Cond: ((id >= 3608519) AND (id <= 3608528))

table 4 : explain SELECT c FROM sbtest4 WHERE id BETWEEN 3113229 AND 3113238 ORDER BY c
	Sort  (cost=40.90..40.93 rows=10 width=121)
	  Sort Key: c
	  ->  Index Scan using sbtest4_pkey on sbtest4  (cost=0.43..40.73 rows=10 width=121)
	        Index Cond: ((id >= 3113229) AND (id <= 3113238))

table 5 : explain SELECT c FROM sbtest5 WHERE id BETWEEN 2735297 AND 2735306 ORDER BY c
	Sort  (cost=44.03..44.05 rows=11 width=121)
	  Sort Key: c
	  ->  Index Scan using sbtest5_pkey on sbtest5  (cost=0.43..43.84 rows=11 width=121)
	        Index Cond: ((id >= 2735297) AND (id <= 2735306))

table 6 : explain SELECT c FROM sbtest6 WHERE id BETWEEN 6957086 AND 6957095 ORDER BY c
	Sort  (cost=44.63..44.66 rows=11 width=121)
	  Sort Key: c
	  ->  Index Scan using sbtest6_pkey on sbtest6  (cost=0.43..44.44 rows=11 width=121)
	        Index Cond: ((id >= 6957086) AND (id <= 6957095))

table 7 : explain SELECT c FROM sbtest7 WHERE id BETWEEN 6319650 AND 6319659 ORDER BY c
	Sort  (cost=40.59..40.62 rows=10 width=121)
	  Sort Key: c
	  ->  Index Scan using sbtest7_pkey on sbtest7  (cost=0.43..40.43 rows=10 width=121)
	        Index Cond: ((id >= 6319650) AND (id <= 6319659))

table 8 : explain SELECT c FROM sbtest8 WHERE id BETWEEN 629634 AND 629643 ORDER BY c
	Sort  (cost=40.40..40.42 rows=10 width=121)
	  Sort Key: c
	  ->  Index Scan using sbtest8_pkey on sbtest8  (cost=0.43..40.23 rows=10 width=121)
	        Index Cond: ((id >= 629634) AND (id <= 629643))

for point_selects
table 1 : explain SELECT c FROM sbtest1 WHERE id=4266984
	Index Scan using sbtest1_pkey on sbtest1  (cost=0.43..8.45 rows=1 width=121)
	  Index Cond: (id = 4266984)

table 2 : explain SELECT c FROM sbtest2 WHERE id=7680431
	Index Scan using sbtest2_pkey on sbtest2  (cost=0.43..8.45 rows=1 width=121)
	  Index Cond: (id = 7680431)

table 3 : explain SELECT c FROM sbtest3 WHERE id=6142898
	Index Scan using sbtest3_pkey on sbtest3  (cost=0.43..8.45 rows=1 width=121)
	  Index Cond: (id = 6142898)

table 4 : explain SELECT c FROM sbtest4 WHERE id=1694465
	Index Scan using sbtest4_pkey on sbtest4  (cost=0.43..8.45 rows=1 width=121)
	  Index Cond: (id = 1694465)

table 5 : explain SELECT c FROM sbtest5 WHERE id=3096403
	Index Scan using sbtest5_pkey on sbtest5  (cost=0.43..8.45 rows=1 width=121)
	  Index Cond: (id = 3096403)

table 6 : explain SELECT c FROM sbtest6 WHERE id=1770912
	Index Scan using sbtest6_pkey on sbtest6  (cost=0.43..8.45 rows=1 width=121)
	  Index Cond: (id = 1770912)

table 7 : explain SELECT c FROM sbtest7 WHERE id=4220977
	Index Scan using sbtest7_pkey on sbtest7  (cost=0.43..8.45 rows=1 width=121)
	  Index Cond: (id = 4220977)

table 8 : explain SELECT c FROM sbtest8 WHERE id=4063677
	Index Scan using sbtest8_pkey on sbtest8  (cost=0.43..8.45 rows=1 width=121)
	  Index Cond: (id = 4063677)

explain: for deletes :: explain DELETE FROM sbtest%u WHERE id=%u
for: simple_ranges
table 1 : explain SELECT c FROM sbtest1 WHERE id BETWEEN 8288381 AND 8288390
	Index Scan using sbtest1_pkey on sbtest1  (cost=0.43..36.92 rows=9 width=121)
	  Index Cond: ((id >= 8288381) AND (id <= 8288390))

table 2 : explain SELECT c FROM sbtest2 WHERE id BETWEEN 4439118 AND 4439127
	Index Scan using sbtest2_pkey on sbtest2  (cost=0.43..44.17 rows=11 width=121)
	  Index Cond: ((id >= 4439118) AND (id <= 4439127))

table 3 : explain SELECT c FROM sbtest3 WHERE id BETWEEN 5530312 AND 5530321
	Index Scan using sbtest3_pkey on sbtest3  (cost=0.43..40.87 rows=10 width=121)
	  Index Cond: ((id >= 5530312) AND (id <= 5530321))

table 4 : explain SELECT c FROM sbtest4 WHERE id BETWEEN 9108746 AND 9108755
	Index Scan using sbtest4_pkey on sbtest4  (cost=0.43..40.73 rows=10 width=121)
	  Index Cond: ((id >= 9108746) AND (id <= 9108755))

table 5 : explain SELECT c FROM sbtest5 WHERE id BETWEEN 7716688 AND 7716697
	Index Scan using sbtest5_pkey on sbtest5  (cost=0.43..40.30 rows=10 width=121)
	  Index Cond: ((id >= 7716688) AND (id <= 7716697))

table 6 : explain SELECT c FROM sbtest6 WHERE id BETWEEN 3922924 AND 3922933
	Index Scan using sbtest6_pkey on sbtest6  (cost=0.43..44.44 rows=11 width=121)
	  Index Cond: ((id >= 3922924) AND (id <= 3922933))

table 7 : explain SELECT c FROM sbtest7 WHERE id BETWEEN 4941897 AND 4941906
	Index Scan using sbtest7_pkey on sbtest7  (cost=0.43..36.88 rows=9 width=121)
	  Index Cond: ((id >= 4941897) AND (id <= 4941906))

table 8 : explain SELECT c FROM sbtest8 WHERE id BETWEEN 4770774 AND 4770783
	Index Scan using sbtest8_pkey on sbtest8  (cost=0.43..40.23 rows=10 width=121)
	  Index Cond: ((id >= 4770774) AND (id <= 4770783))

for index_updates
table 1 : explain UPDATE sbtest1 SET k=k+1 WHERE id=8686576
	Update on sbtest1  (cost=0.43..8.46 rows=0 width=0)
	  ->  Index Scan using sbtest1_pkey on sbtest1  (cost=0.43..8.46 rows=1 width=10)
	        Index Cond: (id = 8686576)

table 2 : explain UPDATE sbtest2 SET k=k+1 WHERE id=7221343
	Update on sbtest2  (cost=0.43..8.46 rows=0 width=0)
	  ->  Index Scan using sbtest2_pkey on sbtest2  (cost=0.43..8.46 rows=1 width=10)
	        Index Cond: (id = 7221343)

table 3 : explain UPDATE sbtest3 SET k=k+1 WHERE id=7485585
	Update on sbtest3  (cost=0.43..8.46 rows=0 width=0)
	  ->  Index Scan using sbtest3_pkey on sbtest3  (cost=0.43..8.46 rows=1 width=10)
	        Index Cond: (id = 7485585)

table 4 : explain UPDATE sbtest4 SET k=k+1 WHERE id=4676557
	Update on sbtest4  (cost=0.43..8.46 rows=0 width=0)
	  ->  Index Scan using sbtest4_pkey on sbtest4  (cost=0.43..8.46 rows=1 width=10)
	        Index Cond: (id = 4676557)

table 5 : explain UPDATE sbtest5 SET k=k+1 WHERE id=1798776
	Update on sbtest5  (cost=0.43..8.46 rows=0 width=0)
	  ->  Index Scan using sbtest5_pkey on sbtest5  (cost=0.43..8.46 rows=1 width=10)
	        Index Cond: (id = 1798776)

table 6 : explain UPDATE sbtest6 SET k=k+1 WHERE id=8693495
	Update on sbtest6  (cost=0.43..8.46 rows=0 width=0)
	  ->  Index Scan using sbtest6_pkey on sbtest6  (cost=0.43..8.46 rows=1 width=10)
	        Index Cond: (id = 8693495)

table 7 : explain UPDATE sbtest7 SET k=k+1 WHERE id=5502302
	Update on sbtest7  (cost=0.43..8.46 rows=0 width=0)
	  ->  Index Scan using sbtest7_pkey on sbtest7  (cost=0.43..8.46 rows=1 width=10)
	        Index Cond: (id = 5502302)

table 8 : explain UPDATE sbtest8 SET k=k+1 WHERE id=6396197
	Update on sbtest8  (cost=0.43..8.46 rows=0 width=0)
	  ->  Index Scan using sbtest8_pkey on sbtest8  (cost=0.43..8.46 rows=1 width=10)
	        Index Cond: (id = 6396197)

explain: for non_index_updates :: explain UPDATE sbtest%u SET c='foobar' WHERE id=%u
for deletes
table 1 : explain DELETE FROM sbtest1 WHERE id=5033618
	Delete on sbtest1  (cost=0.43..8.45 rows=0 width=0)
	  ->  Index Scan using sbtest1_pkey on sbtest1  (cost=0.43..8.45 rows=1 width=6)
	        Index Cond: (id = 5033618)

table 2 : explain DELETE FROM sbtest2 WHERE id=4870630
	Delete on sbtest2  (cost=0.43..8.45 rows=0 width=0)
	  ->  Index Scan using sbtest2_pkey on sbtest2  (cost=0.43..8.45 rows=1 width=6)
	        Index Cond: (id = 4870630)

table 3 : explain DELETE FROM sbtest3 WHERE id=3646151
	Delete on sbtest3  (cost=0.43..8.45 rows=0 width=0)
	  ->  Index Scan using sbtest3_pkey on sbtest3  (cost=0.43..8.45 rows=1 width=6)
	        Index Cond: (id = 3646151)

table 4 : explain DELETE FROM sbtest4 WHERE id=510294
	Delete on sbtest4  (cost=0.43..8.45 rows=0 width=0)
	  ->  Index Scan using sbtest4_pkey on sbtest4  (cost=0.43..8.45 rows=1 width=6)
	        Index Cond: (id = 510294)

table 5 : explain DELETE FROM sbtest5 WHERE id=7862772
	Delete on sbtest5  (cost=0.43..8.45 rows=0 width=0)
	  ->  Index Scan using sbtest5_pkey on sbtest5  (cost=0.43..8.45 rows=1 width=6)
	        Index Cond: (id = 7862772)

table 6 : explain DELETE FROM sbtest6 WHERE id=8010554
	Delete on sbtest6  (cost=0.43..8.45 rows=0 width=0)
	  ->  Index Scan using sbtest6_pkey on sbtest6  (cost=0.43..8.45 rows=1 width=6)
	        Index Cond: (id = 8010554)

table 7 : explain DELETE FROM sbtest7 WHERE id=2339432
	Delete on sbtest7  (cost=0.43..8.45 rows=0 width=0)
	  ->  Index Scan using sbtest7_pkey on sbtest7  (cost=0.43..8.45 rows=1 width=6)
	        Index Cond: (id = 2339432)

table 8 : explain DELETE FROM sbtest8 WHERE id=9735605
	Delete on sbtest8  (cost=0.43..8.45 rows=0 width=0)
	  ->  Index Scan using sbtest8_pkey on sbtest8  (cost=0.43..8.45 rows=1 width=6)
	        Index Cond: (id = 9735605)

for point_selects
table 1 : explain SELECT c FROM sbtest1 WHERE id=8782760
	Index Scan using sbtest1_pkey on sbtest1  (cost=0.43..8.45 rows=1 width=121)
	  Index Cond: (id = 8782760)

table 2 : explain SELECT c FROM sbtest2 WHERE id=5357631
	Index Scan using sbtest2_pkey on sbtest2  (cost=0.43..8.45 rows=1 width=121)
	  Index Cond: (id = 5357631)

table 3 : explain SELECT c FROM sbtest3 WHERE id=9153406
	Index Scan using sbtest3_pkey on sbtest3  (cost=0.43..8.45 rows=1 width=121)
	  Index Cond: (id = 9153406)

table 4 : explain SELECT c FROM sbtest4 WHERE id=2318991
	Index Scan using sbtest4_pkey on sbtest4  (cost=0.43..8.45 rows=1 width=121)
	  Index Cond: (id = 2318991)

table 5 : explain SELECT c FROM sbtest5 WHERE id=6656445
	Index Scan using sbtest5_pkey on sbtest5  (cost=0.43..8.45 rows=1 width=121)
	  Index Cond: (id = 6656445)

table 6 : explain SELECT c FROM sbtest6 WHERE id=1367632
	Index Scan using sbtest6_pkey on sbtest6  (cost=0.43..8.45 rows=1 width=121)
	  Index Cond: (id = 1367632)

table 7 : explain SELECT c FROM sbtest7 WHERE id=3394875
	Index Scan using sbtest7_pkey on sbtest7  (cost=0.43..8.45 rows=1 width=121)
	  Index Cond: (id = 3394875)

table 8 : explain SELECT c FROM sbtest8 WHERE id=9146392
	Index Scan using sbtest8_pkey on sbtest8  (cost=0.43..8.45 rows=1 width=121)
	  Index Cond: (id = 9146392)

explain: for inserts :: explain INSERT INTO sbtest%u (id, k, c, pad) VALUES (%u, 13, 'foobar', 'foobar')
explain: for non_index_updates :: explain UPDATE sbtest%u SET c='foobar' WHERE id=%u
for: simple_ranges
table 1 : explain SELECT c FROM sbtest1 WHERE id BETWEEN 4989101 AND 4989110
	Index Scan using sbtest1_pkey on sbtest1  (cost=0.43..40.47 rows=10 width=121)
	  Index Cond: ((id >= 4989101) AND (id <= 4989110))

table 2 : explain SELECT c FROM sbtest2 WHERE id BETWEEN 3030211 AND 3030220
	Index Scan using sbtest2_pkey on sbtest2  (cost=0.43..40.60 rows=10 width=121)
	  Index Cond: ((id >= 3030211) AND (id <= 3030220))

table 3 : explain SELECT c FROM sbtest3 WHERE id BETWEEN 3988130 AND 3988139
	Index Scan using sbtest3_pkey on sbtest3  (cost=0.43..40.87 rows=10 width=121)
	  Index Cond: ((id >= 3988130) AND (id <= 3988139))

table 4 : explain SELECT c FROM sbtest4 WHERE id BETWEEN 6991268 AND 6991277
	Index Scan using sbtest4_pkey on sbtest4  (cost=0.43..40.73 rows=10 width=121)
	  Index Cond: ((id >= 6991268) AND (id <= 6991277))

table 5 : explain SELECT c FROM sbtest5 WHERE id BETWEEN 2186652 AND 2186661
	Index Scan using sbtest5_pkey on sbtest5  (cost=0.43..36.76 rows=9 width=121)
	  Index Cond: ((id >= 2186652) AND (id <= 2186661))

table 6 : explain SELECT c FROM sbtest6 WHERE id BETWEEN 8148433 AND 8148442
	Index Scan using sbtest6_pkey on sbtest6  (cost=0.43..44.44 rows=11 width=121)
	  Index Cond: ((id >= 8148433) AND (id <= 8148442))

table 7 : explain SELECT c FROM sbtest7 WHERE id BETWEEN 9847148 AND 9847157
	Index Scan using sbtest7_pkey on sbtest7  (cost=0.43..43.98 rows=11 width=121)
	  Index Cond: ((id >= 9847148) AND (id <= 9847157))

table 8 : explain SELECT c FROM sbtest8 WHERE id BETWEEN 6902565 AND 6902574
	Index Scan using sbtest8_pkey on sbtest8  (cost=0.43..40.23 rows=10 width=121)
	  Index Cond: ((id >= 6902565) AND (id <= 6902574))

for index_updates
table 1 : explain UPDATE sbtest1 SET k=k+1 WHERE id=8057660
	Update on sbtest1  (cost=0.43..8.46 rows=0 width=0)
	  ->  Index Scan using sbtest1_pkey on sbtest1  (cost=0.43..8.46 rows=1 width=10)
	        Index Cond: (id = 8057660)

table 2 : explain UPDATE sbtest2 SET k=k+1 WHERE id=2167053
	Update on sbtest2  (cost=0.43..8.46 rows=0 width=0)
	  ->  Index Scan using sbtest2_pkey on sbtest2  (cost=0.43..8.46 rows=1 width=10)
	        Index Cond: (id = 2167053)

table 3 : explain UPDATE sbtest3 SET k=k+1 WHERE id=4267166
	Update on sbtest3  (cost=0.43..8.46 rows=0 width=0)
	  ->  Index Scan using sbtest3_pkey on sbtest3  (cost=0.43..8.46 rows=1 width=10)
	        Index Cond: (id = 4267166)

table 4 : explain UPDATE sbtest4 SET k=k+1 WHERE id=2591321
	Update on sbtest4  (cost=0.43..8.46 rows=0 width=0)
	  ->  Index Scan using sbtest4_pkey on sbtest4  (cost=0.43..8.46 rows=1 width=10)
	        Index Cond: (id = 2591321)

table 5 : explain UPDATE sbtest5 SET k=k+1 WHERE id=3096243
	Update on sbtest5  (cost=0.43..8.46 rows=0 width=0)
	  ->  Index Scan using sbtest5_pkey on sbtest5  (cost=0.43..8.46 rows=1 width=10)
	        Index Cond: (id = 3096243)

table 6 : explain UPDATE sbtest6 SET k=k+1 WHERE id=6518439
	Update on sbtest6  (cost=0.43..8.46 rows=0 width=0)
	  ->  Index Scan using sbtest6_pkey on sbtest6  (cost=0.43..8.46 rows=1 width=10)
	        Index Cond: (id = 6518439)

table 7 : explain UPDATE sbtest7 SET k=k+1 WHERE id=3947293
	Update on sbtest7  (cost=0.43..8.46 rows=0 width=0)
	  ->  Index Scan using sbtest7_pkey on sbtest7  (cost=0.43..8.46 rows=1 width=10)
	        Index Cond: (id = 3947293)

table 8 : explain UPDATE sbtest8 SET k=k+1 WHERE id=1753252
	Update on sbtest8  (cost=0.43..8.46 rows=0 width=0)
	  ->  Index Scan using sbtest8_pkey on sbtest8  (cost=0.43..8.46 rows=1 width=10)
	        Index Cond: (id = 1753252)

explain: for inserts :: explain INSERT INTO sbtest%u (id, k, c, pad) VALUES (%u, 13, 'foobar', 'foobar')
for non_index_updates
table 1 : explain UPDATE sbtest1 SET c='foobar' WHERE id=799518
	Update on sbtest1  (cost=0.43..8.45 rows=0 width=0)
	  ->  Index Scan using sbtest1_pkey on sbtest1  (cost=0.43..8.45 rows=1 width=490)
	        Index Cond: (id = 799518)

table 2 : explain UPDATE sbtest2 SET c='foobar' WHERE id=2568705
	Update on sbtest2  (cost=0.43..8.45 rows=0 width=0)
	  ->  Index Scan using sbtest2_pkey on sbtest2  (cost=0.43..8.45 rows=1 width=490)
	        Index Cond: (id = 2568705)

table 3 : explain UPDATE sbtest3 SET c='foobar' WHERE id=4280814
	Update on sbtest3  (cost=0.43..8.45 rows=0 width=0)
	  ->  Index Scan using sbtest3_pkey on sbtest3  (cost=0.43..8.45 rows=1 width=490)
	        Index Cond: (id = 4280814)

table 4 : explain UPDATE sbtest4 SET c='foobar' WHERE id=6877860
	Update on sbtest4  (cost=0.43..8.45 rows=0 width=0)
	  ->  Index Scan using sbtest4_pkey on sbtest4  (cost=0.43..8.45 rows=1 width=490)
	        Index Cond: (id = 6877860)

table 5 : explain UPDATE sbtest5 SET c='foobar' WHERE id=4561496
	Update on sbtest5  (cost=0.43..8.45 rows=0 width=0)
	  ->  Index Scan using sbtest5_pkey on sbtest5  (cost=0.43..8.45 rows=1 width=490)
	        Index Cond: (id = 4561496)

table 6 : explain UPDATE sbtest6 SET c='foobar' WHERE id=2945928
	Update on sbtest6  (cost=0.43..8.45 rows=0 width=0)
	  ->  Index Scan using sbtest6_pkey on sbtest6  (cost=0.43..8.45 rows=1 width=490)
	        Index Cond: (id = 2945928)

table 7 : explain UPDATE sbtest7 SET c='foobar' WHERE id=4414120
	Update on sbtest7  (cost=0.43..8.45 rows=0 width=0)
	  ->  Index Scan using sbtest7_pkey on sbtest7  (cost=0.43..8.45 rows=1 width=490)
	        Index Cond: (id = 4414120)

table 8 : explain UPDATE sbtest8 SET c='foobar' WHERE id=8311948
	Update on sbtest8  (cost=0.43..8.45 rows=0 width=0)
	  ->  Index Scan using sbtest8_pkey on sbtest8  (cost=0.43..8.45 rows=1 width=490)
	        Index Cond: (id = 8311948)

for non_index_updates
table 1 : explain UPDATE sbtest1 SET c='foobar' WHERE id=1838581
	Update on sbtest1  (cost=0.43..8.45 rows=0 width=0)
	  ->  Index Scan using sbtest1_pkey on sbtest1  (cost=0.43..8.45 rows=1 width=490)
	        Index Cond: (id = 1838581)

table 2 : explain UPDATE sbtest2 SET c='foobar' WHERE id=5516860
	Update on sbtest2  (cost=0.43..8.45 rows=0 width=0)
	  ->  Index Scan using sbtest2_pkey on sbtest2  (cost=0.43..8.45 rows=1 width=490)
	        Index Cond: (id = 5516860)

table 3 : explain UPDATE sbtest3 SET c='foobar' WHERE id=4620883
	Update on sbtest3  (cost=0.43..8.45 rows=0 width=0)
	  ->  Index Scan using sbtest3_pkey on sbtest3  (cost=0.43..8.45 rows=1 width=490)
	        Index Cond: (id = 4620883)

table 4 : explain UPDATE sbtest4 SET c='foobar' WHERE id=7039308
	Update on sbtest4  (cost=0.43..8.45 rows=0 width=0)
	  ->  Index Scan using sbtest4_pkey on sbtest4  (cost=0.43..8.45 rows=1 width=490)
	        Index Cond: (id = 7039308)

table 5 : explain UPDATE sbtest5 SET c='foobar' WHERE id=9670244
	Update on sbtest5  (cost=0.43..8.45 rows=0 width=0)
	  ->  Index Scan using sbtest5_pkey on sbtest5  (cost=0.43..8.45 rows=1 width=490)
	        Index Cond: (id = 9670244)

table 6 : explain UPDATE sbtest6 SET c='foobar' WHERE id=2327070
	Update on sbtest6  (cost=0.43..8.45 rows=0 width=0)
	  ->  Index Scan using sbtest6_pkey on sbtest6  (cost=0.43..8.45 rows=1 width=490)
	        Index Cond: (id = 2327070)

table 7 : explain UPDATE sbtest7 SET c='foobar' WHERE id=4079275
	Update on sbtest7  (cost=0.43..8.45 rows=0 width=0)
	  ->  Index Scan using sbtest7_pkey on sbtest7  (cost=0.43..8.45 rows=1 width=490)
	        Index Cond: (id = 4079275)

table 8 : explain UPDATE sbtest8 SET c='foobar' WHERE id=6057647
	Update on sbtest8  (cost=0.43..8.45 rows=0 width=0)
	  ->  Index Scan using sbtest8_pkey on sbtest8  (cost=0.43..8.45 rows=1 width=490)
	        Index Cond: (id = 6057647)

for inserts
table 1 : explain INSERT INTO sbtest1 (id, k, c, pad) VALUES (1069600, 13, 'foobar', 'foobar')
	Insert on sbtest1  (cost=0.00..0.01 rows=0 width=0)
	  ->  Result  (cost=0.00..0.01 rows=1 width=736)

table 2 : explain INSERT INTO sbtest2 (id, k, c, pad) VALUES (1776615, 13, 'foobar', 'foobar')
	Insert on sbtest2  (cost=0.00..0.01 rows=0 width=0)
	  ->  Result  (cost=0.00..0.01 rows=1 width=736)

table 3 : explain INSERT INTO sbtest3 (id, k, c, pad) VALUES (8058993, 13, 'foobar', 'foobar')
	Insert on sbtest3  (cost=0.00..0.01 rows=0 width=0)
	  ->  Result  (cost=0.00..0.01 rows=1 width=736)

table 4 : explain INSERT INTO sbtest4 (id, k, c, pad) VALUES (2522415, 13, 'foobar', 'foobar')
	Insert on sbtest4  (cost=0.00..0.01 rows=0 width=0)
	  ->  Result  (cost=0.00..0.01 rows=1 width=736)

table 5 : explain INSERT INTO sbtest5 (id, k, c, pad) VALUES (3121601, 13, 'foobar', 'foobar')
	Insert on sbtest5  (cost=0.00..0.01 rows=0 width=0)
	  ->  Result  (cost=0.00..0.01 rows=1 width=736)

table 6 : explain INSERT INTO sbtest6 (id, k, c, pad) VALUES (4796636, 13, 'foobar', 'foobar')
	Insert on sbtest6  (cost=0.00..0.01 rows=0 width=0)
	  ->  Result  (cost=0.00..0.01 rows=1 width=736)

table 7 : explain INSERT INTO sbtest7 (id, k, c, pad) VALUES (8718920, 13, 'foobar', 'foobar')
	Insert on sbtest7  (cost=0.00..0.01 rows=0 width=0)
	  ->  Result  (cost=0.00..0.01 rows=1 width=736)

table 8 : explain INSERT INTO sbtest8 (id, k, c, pad) VALUES (2070843, 13, 'foobar', 'foobar')
	Insert on sbtest8  (cost=0.00..0.01 rows=0 width=0)
	  ->  Result  (cost=0.00..0.01 rows=1 width=736)

explain: for deletes :: explain DELETE FROM sbtest%u WHERE id=%u
for: sum_ranges
table 1 : explain SELECT SUM(k) FROM sbtest1 WHERE id BETWEEN 6149348 AND 6149357
	Aggregate  (cost=40.50..40.51 rows=1 width=8)
	  ->  Index Scan using sbtest1_pkey on sbtest1  (cost=0.43..40.47 rows=10 width=4)
	        Index Cond: ((id >= 6149348) AND (id <= 6149357))

table 2 : explain SELECT SUM(k) FROM sbtest2 WHERE id BETWEEN 9870323 AND 9870332
	Aggregate  (cost=44.20..44.21 rows=1 width=8)
	  ->  Index Scan using sbtest2_pkey on sbtest2  (cost=0.43..44.17 rows=11 width=4)
	        Index Cond: ((id >= 9870323) AND (id <= 9870332))

table 3 : explain SELECT SUM(k) FROM sbtest3 WHERE id BETWEEN 1749606 AND 1749615
	Aggregate  (cost=44.50..44.51 rows=1 width=8)
	  ->  Index Scan using sbtest3_pkey on sbtest3  (cost=0.43..44.47 rows=11 width=4)
	        Index Cond: ((id >= 1749606) AND (id <= 1749615))

table 4 : explain SELECT SUM(k) FROM sbtest4 WHERE id BETWEEN 9140572 AND 9140581
	Aggregate  (cost=40.76..40.77 rows=1 width=8)
	  ->  Index Scan using sbtest4_pkey on sbtest4  (cost=0.43..40.73 rows=10 width=4)
	        Index Cond: ((id >= 9140572) AND (id <= 9140581))

table 5 : explain SELECT SUM(k) FROM sbtest5 WHERE id BETWEEN 9562261 AND 9562270
	Aggregate  (cost=40.32..40.33 rows=1 width=8)
	  ->  Index Scan using sbtest5_pkey on sbtest5  (cost=0.43..40.30 rows=10 width=4)
	        Index Cond: ((id >= 9562261) AND (id <= 9562270))

table 6 : explain SELECT SUM(k) FROM sbtest6 WHERE id BETWEEN 566058 AND 566067
	Aggregate  (cost=37.27..37.28 rows=1 width=8)
	  ->  Index Scan using sbtest6_pkey on sbtest6  (cost=0.43..37.25 rows=9 width=4)
	        Index Cond: ((id >= 566058) AND (id <= 566067))

table 7 : explain SELECT SUM(k) FROM sbtest7 WHERE id BETWEEN 6167381 AND 6167390
	Aggregate  (cost=44.01..44.02 rows=1 width=8)
	  ->  Index Scan using sbtest7_pkey on sbtest7  (cost=0.43..43.98 rows=11 width=4)
	        Index Cond: ((id >= 6167381) AND (id <= 6167390))

table 8 : explain SELECT SUM(k) FROM sbtest8 WHERE id BETWEEN 992410 AND 992419
	Aggregate  (cost=40.26..40.27 rows=1 width=8)
	  ->  Index Scan using sbtest8_pkey on sbtest8  (cost=0.43..40.23 rows=10 width=4)
	        Index Cond: ((id >= 992410) AND (id <= 992419))

for: simple_ranges
table 1 : explain SELECT c FROM sbtest1 WHERE id BETWEEN 7263501 AND 7263510
	Index Scan using sbtest1_pkey on sbtest1  (cost=0.43..40.47 rows=10 width=121)
	  Index Cond: ((id >= 7263501) AND (id <= 7263510))

table 2 : explain SELECT c FROM sbtest2 WHERE id BETWEEN 7333926 AND 7333935
	Index Scan using sbtest2_pkey on sbtest2  (cost=0.43..40.60 rows=10 width=121)
	  Index Cond: ((id >= 7333926) AND (id <= 7333935))

table 3 : explain SELECT c FROM sbtest3 WHERE id BETWEEN 9757055 AND 9757064
	Index Scan using sbtest3_pkey on sbtest3  (cost=0.43..37.27 rows=9 width=121)
	  Index Cond: ((id >= 9757055) AND (id <= 9757064))

table 4 : explain SELECT c FROM sbtest4 WHERE id BETWEEN 2699916 AND 2699925
	Index Scan using sbtest4_pkey on sbtest4  (cost=0.43..40.73 rows=10 width=121)
	  Index Cond: ((id >= 2699916) AND (id <= 2699925))

table 5 : explain SELECT c FROM sbtest5 WHERE id BETWEEN 549272 AND 549281
	Index Scan using sbtest5_pkey on sbtest5  (cost=0.43..43.84 rows=11 width=121)
	  Index Cond: ((id >= 549272) AND (id <= 549281))

table 6 : explain SELECT c FROM sbtest6 WHERE id BETWEEN 5388022 AND 5388031
	Index Scan using sbtest6_pkey on sbtest6  (cost=0.43..40.84 rows=10 width=121)
	  Index Cond: ((id >= 5388022) AND (id <= 5388031))

table 7 : explain SELECT c FROM sbtest7 WHERE id BETWEEN 6472259 AND 6472268
	Index Scan using sbtest7_pkey on sbtest7  (cost=0.43..40.43 rows=10 width=121)
	  Index Cond: ((id >= 6472259) AND (id <= 6472268))

table 8 : explain SELECT c FROM sbtest8 WHERE id BETWEEN 5518882 AND 5518891
	Index Scan using sbtest8_pkey on sbtest8  (cost=0.43..40.23 rows=10 width=121)
	  Index Cond: ((id >= 5518882) AND (id <= 5518891))

for non_index_updates
table 1 : explain UPDATE sbtest1 SET c='foobar' WHERE id=7095801
	Update on sbtest1  (cost=0.43..8.45 rows=0 width=0)
	  ->  Index Scan using sbtest1_pkey on sbtest1  (cost=0.43..8.45 rows=1 width=490)
	        Index Cond: (id = 7095801)

table 2 : explain UPDATE sbtest2 SET c='foobar' WHERE id=9525486
	Update on sbtest2  (cost=0.43..8.45 rows=0 width=0)
	  ->  Index Scan using sbtest2_pkey on sbtest2  (cost=0.43..8.45 rows=1 width=490)
	        Index Cond: (id = 9525486)

table 3 : explain UPDATE sbtest3 SET c='foobar' WHERE id=5765493
	Update on sbtest3  (cost=0.43..8.45 rows=0 width=0)
	  ->  Index Scan using sbtest3_pkey on sbtest3  (cost=0.43..8.45 rows=1 width=490)
	        Index Cond: (id = 5765493)

table 4 : explain UPDATE sbtest4 SET c='foobar' WHERE id=5832545
	Update on sbtest4  (cost=0.43..8.45 rows=0 width=0)
	  ->  Index Scan using sbtest4_pkey on sbtest4  (cost=0.43..8.45 rows=1 width=490)
	        Index Cond: (id = 5832545)

table 5 : explain UPDATE sbtest5 SET c='foobar' WHERE id=9067545
	Update on sbtest5  (cost=0.43..8.45 rows=0 width=0)
	  ->  Index Scan using sbtest5_pkey on sbtest5  (cost=0.43..8.45 rows=1 width=490)
	        Index Cond: (id = 9067545)

table 6 : explain UPDATE sbtest6 SET c='foobar' WHERE id=4061575
	Update on sbtest6  (cost=0.43..8.45 rows=0 width=0)
	  ->  Index Scan using sbtest6_pkey on sbtest6  (cost=0.43..8.45 rows=1 width=490)
	        Index Cond: (id = 4061575)

table 7 : explain UPDATE sbtest7 SET c='foobar' WHERE id=2709269
	Update on sbtest7  (cost=0.43..8.45 rows=0 width=0)
	  ->  Index Scan using sbtest7_pkey on sbtest7  (cost=0.43..8.45 rows=1 width=490)
	        Index Cond: (id = 2709269)

table 8 : explain UPDATE sbtest8 SET c='foobar' WHERE id=5826208
	Update on sbtest8  (cost=0.43..8.45 rows=0 width=0)
	  ->  Index Scan using sbtest8_pkey on sbtest8  (cost=0.43..8.45 rows=1 width=490)
	        Index Cond: (id = 5826208)
for inserts
table 1 : explain INSERT INTO sbtest1 (id, k, c, pad) VALUES (2119579, 13, 'foobar', 'foobar')
	Insert on sbtest1  (cost=0.00..0.01 rows=0 width=0)
	  ->  Result  (cost=0.00..0.01 rows=1 width=736)

table 2 : explain INSERT INTO sbtest2 (id, k, c, pad) VALUES (88132, 13, 'foobar', 'foobar')
	Insert on sbtest2  (cost=0.00..0.01 rows=0 width=0)
	  ->  Result  (cost=0.00..0.01 rows=1 width=736)

table 3 : explain INSERT INTO sbtest3 (id, k, c, pad) VALUES (6785849, 13, 'foobar', 'foobar')
	Insert on sbtest3  (cost=0.00..0.01 rows=0 width=0)
	  ->  Result  (cost=0.00..0.01 rows=1 width=736)

table 4 : explain INSERT INTO sbtest4 (id, k, c, pad) VALUES (8989741, 13, 'foobar', 'foobar')
	Insert on sbtest4  (cost=0.00..0.01 rows=0 width=0)
	  ->  Result  (cost=0.00..0.01 rows=1 width=736)

table 5 : explain INSERT INTO sbtest5 (id, k, c, pad) VALUES (2292064, 13, 'foobar', 'foobar')
	Insert on sbtest5  (cost=0.00..0.01 rows=0 width=0)
	  ->  Result  (cost=0.00..0.01 rows=1 width=736)

table 6 : explain INSERT INTO sbtest6 (id, k, c, pad) VALUES (9796506, 13, 'foobar', 'foobar')
	Insert on sbtest6  (cost=0.00..0.01 rows=0 width=0)
	  ->  Result  (cost=0.00..0.01 rows=1 width=736)

table 7 : explain INSERT INTO sbtest7 (id, k, c, pad) VALUES (7074876, 13, 'foobar', 'foobar')
	Insert on sbtest7  (cost=0.00..0.01 rows=0 width=0)
	  ->  Result  (cost=0.00..0.01 rows=1 width=736)

table 8 : explain INSERT INTO sbtest8 (id, k, c, pad) VALUES (2635911, 13, 'foobar', 'foobar')
	Insert on sbtest8  (cost=0.00..0.01 rows=0 width=0)
	  ->  Result  (cost=0.00..0.01 rows=1 width=736)


for point_selects
table 1 : explain SELECT c FROM sbtest1 WHERE id=5557026
	Index Scan using sbtest1_pkey on sbtest1  (cost=0.43..8.45 rows=1 width=121)
	  Index Cond: (id = 5557026)

table 2 : explain SELECT c FROM sbtest2 WHERE id=8916907
	Index Scan using sbtest2_pkey on sbtest2  (cost=0.43..8.45 rows=1 width=121)
	  Index Cond: (id = 8916907)

table 3 : explain SELECT c FROM sbtest3 WHERE id=8473752
	Index Scan using sbtest3_pkey on sbtest3  (cost=0.43..8.45 rows=1 width=121)
	  Index Cond: (id = 8473752)

table 4 : explain SELECT c FROM sbtest4 WHERE id=8165278
	Index Scan using sbtest4_pkey on sbtest4  (cost=0.43..8.45 rows=1 width=121)
	  Index Cond: (id = 8165278)

table 5 : explain SELECT c FROM sbtest5 WHERE id=1529703
	Index Scan using sbtest5_pkey on sbtest5  (cost=0.43..8.45 rows=1 width=121)
	  Index Cond: (id = 1529703)

table 6 : explain SELECT c FROM sbtest6 WHERE id=7362470
	Index Scan using sbtest6_pkey on sbtest6  (cost=0.43..8.45 rows=1 width=121)
	  Index Cond: (id = 7362470)

table 7 : explain SELECT c FROM sbtest7 WHERE id=3377150
	Index Scan using sbtest7_pkey on sbtest7  (cost=0.43..8.45 rows=1 width=121)
	  Index Cond: (id = 3377150)

table 8 : explain SELECT c FROM sbtest8 WHERE id=7368628
	Index Scan using sbtest8_pkey on sbtest8  (cost=0.43..8.45 rows=1 width=121)
	  Index Cond: (id = 7368628)

for: simple_ranges
table 1 : explain SELECT c FROM sbtest1 WHERE id BETWEEN 7773321 AND 7773330
	Index Scan using sbtest1_pkey on sbtest1  (cost=0.43..36.92 rows=9 width=121)
	  Index Cond: ((id >= 7773321) AND (id <= 7773330))

table 2 : explain SELECT c FROM sbtest2 WHERE id BETWEEN 994758 AND 994767
	Index Scan using sbtest2_pkey on sbtest2  (cost=0.43..37.03 rows=9 width=121)
	  Index Cond: ((id >= 994758) AND (id <= 994767))

table 3 : explain SELECT c FROM sbtest3 WHERE id BETWEEN 8823487 AND 8823496
	Index Scan using sbtest3_pkey on sbtest3  (cost=0.43..48.07 rows=12 width=121)
	  Index Cond: ((id >= 8823487) AND (id <= 8823496))

table 4 : explain SELECT c FROM sbtest4 WHERE id BETWEEN 7000945 AND 7000954
	Index Scan using sbtest4_pkey on sbtest4  (cost=0.43..40.73 rows=10 width=121)
	  Index Cond: ((id >= 7000945) AND (id <= 7000954))

table 5 : explain SELECT c FROM sbtest5 WHERE id BETWEEN 406673 AND 406682
	Index Scan using sbtest5_pkey on sbtest5  (cost=0.43..36.76 rows=9 width=121)
	  Index Cond: ((id >= 406673) AND (id <= 406682))

table 6 : explain SELECT c FROM sbtest6 WHERE id BETWEEN 4264764 AND 4264773
	Index Scan using sbtest6_pkey on sbtest6  (cost=0.43..40.84 rows=10 width=121)
	  Index Cond: ((id >= 4264764) AND (id <= 4264773))

table 7 : explain SELECT c FROM sbtest7 WHERE id BETWEEN 8261208 AND 8261217
	Index Scan using sbtest7_pkey on sbtest7  (cost=0.43..36.88 rows=9 width=121)
	  Index Cond: ((id >= 8261208) AND (id <= 8261217))

table 8 : explain SELECT c FROM sbtest8 WHERE id BETWEEN 2744221 AND 2744230
	Index Scan using sbtest8_pkey on sbtest8  (cost=0.43..40.23 rows=10 width=121)
	  Index Cond: ((id >= 2744221) AND (id <= 2744230))

explain: for non_index_updates :: explain UPDATE sbtest%u SET c='foobar' WHERE id=%u
explain: for deletes :: explain DELETE FROM sbtest%u WHERE id=%u
for deletes
table 1 : explain DELETE FROM sbtest1 WHERE id=2936891
	Delete on sbtest1  (cost=0.43..8.45 rows=0 width=0)
	  ->  Index Scan using sbtest1_pkey on sbtest1  (cost=0.43..8.45 rows=1 width=6)
	        Index Cond: (id = 2936891)

table 2 : explain DELETE FROM sbtest2 WHERE id=5543478
	Delete on sbtest2  (cost=0.43..8.45 rows=0 width=0)
	  ->  Index Scan using sbtest2_pkey on sbtest2  (cost=0.43..8.45 rows=1 width=6)
	        Index Cond: (id = 5543478)

table 3 : explain DELETE FROM sbtest3 WHERE id=9711182
	Delete on sbtest3  (cost=0.43..8.45 rows=0 width=0)
	  ->  Index Scan using sbtest3_pkey on sbtest3  (cost=0.43..8.45 rows=1 width=6)
	        Index Cond: (id = 9711182)

table 4 : explain DELETE FROM sbtest4 WHERE id=9289152
	Delete on sbtest4  (cost=0.43..8.45 rows=0 width=0)
	  ->  Index Scan using sbtest4_pkey on sbtest4  (cost=0.43..8.45 rows=1 width=6)
	        Index Cond: (id = 9289152)

table 5 : explain DELETE FROM sbtest5 WHERE id=7805344
	Delete on sbtest5  (cost=0.43..8.45 rows=0 width=0)
	  ->  Index Scan using sbtest5_pkey on sbtest5  (cost=0.43..8.45 rows=1 width=6)
	        Index Cond: (id = 7805344)

table 6 : explain DELETE FROM sbtest6 WHERE id=1128829
	Delete on sbtest6  (cost=0.43..8.45 rows=0 width=0)
	  ->  Index Scan using sbtest6_pkey on sbtest6  (cost=0.43..8.45 rows=1 width=6)
	        Index Cond: (id = 1128829)

table 7 : explain DELETE FROM sbtest7 WHERE id=3208620
	Delete on sbtest7  (cost=0.43..8.45 rows=0 width=0)
	  ->  Index Scan using sbtest7_pkey on sbtest7  (cost=0.43..8.45 rows=1 width=6)
	        Index Cond: (id = 3208620)

table 8 : explain DELETE FROM sbtest8 WHERE id=6279863
	Delete on sbtest8  (cost=0.43..8.45 rows=0 width=0)
	  ->  Index Scan using sbtest8_pkey on sbtest8  (cost=0.43..8.45 rows=1 width=6)
	        Index Cond: (id = 6279863)

for: distinct_ranges
table 1 : explain SELECT DISTINCT c FROM sbtest1 WHERE id BETWEEN 4286060 AND 4286069 ORDER BY c
	Unique  (cost=44.22..44.28 rows=11 width=121)
	  ->  Sort  (cost=44.22..44.25 rows=11 width=121)
	        Sort Key: c
	        ->  Index Scan using sbtest1_pkey on sbtest1  (cost=0.43..44.03 rows=11 width=121)
	              Index Cond: ((id >= 4286060) AND (id <= 4286069))

table 2 : explain SELECT DISTINCT c FROM sbtest2 WHERE id BETWEEN 9556105 AND 9556114 ORDER BY c
	Unique  (cost=44.36..44.41 rows=11 width=121)
	  ->  Sort  (cost=44.36..44.39 rows=11 width=121)
	        Sort Key: c
	        ->  Index Scan using sbtest2_pkey on sbtest2  (cost=0.43..44.17 rows=11 width=121)
	              Index Cond: ((id >= 9556105) AND (id <= 9556114))

table 3 : explain SELECT DISTINCT c FROM sbtest3 WHERE id BETWEEN 4808580 AND 4808589 ORDER BY c
	Unique  (cost=37.41..37.45 rows=9 width=121)
	  ->  Sort  (cost=37.41..37.43 rows=9 width=121)
	        Sort Key: c
	        ->  Index Scan using sbtest3_pkey on sbtest3  (cost=0.43..37.27 rows=9 width=121)
	              Index Cond: ((id >= 4808580) AND (id <= 4808589))

table 4 : explain SELECT DISTINCT c FROM sbtest4 WHERE id BETWEEN 8292995 AND 8293004 ORDER BY c
	Unique  (cost=40.90..40.95 rows=10 width=121)
	  ->  Sort  (cost=40.90..40.93 rows=10 width=121)
	        Sort Key: c
	        ->  Index Scan using sbtest4_pkey on sbtest4  (cost=0.43..40.73 rows=10 width=121)
	              Index Cond: ((id >= 8292995) AND (id <= 8293004))

table 5 : explain SELECT DISTINCT c FROM sbtest5 WHERE id BETWEEN 5515732 AND 5515741 ORDER BY c
	Unique  (cost=36.90..36.95 rows=9 width=121)
	  ->  Sort  (cost=36.90..36.93 rows=9 width=121)
	        Sort Key: c
	        ->  Index Scan using sbtest5_pkey on sbtest5  (cost=0.43..36.76 rows=9 width=121)
	              Index Cond: ((id >= 5515732) AND (id <= 5515741))

table 6 : explain SELECT DISTINCT c FROM sbtest6 WHERE id BETWEEN 2727800 AND 2727809 ORDER BY c
	Unique  (cost=41.01..41.06 rows=10 width=121)
	  ->  Sort  (cost=41.01..41.04 rows=10 width=121)
	        Sort Key: c
	        ->  Index Scan using sbtest6_pkey on sbtest6  (cost=0.43..40.84 rows=10 width=121)
	              Index Cond: ((id >= 2727800) AND (id <= 2727809))

table 7 : explain SELECT DISTINCT c FROM sbtest7 WHERE id BETWEEN 5427673 AND 5427682 ORDER BY c
	Unique  (cost=37.02..37.06 rows=9 width=121)
	  ->  Sort  (cost=37.02..37.04 rows=9 width=121)
	        Sort Key: c
	        ->  Index Scan using sbtest7_pkey on sbtest7  (cost=0.43..36.88 rows=9 width=121)
	              Index Cond: ((id >= 5427673) AND (id <= 5427682))

table 8 : explain SELECT DISTINCT c FROM sbtest8 WHERE id BETWEEN 3117182 AND 3117191 ORDER BY c
	Unique  (cost=36.85..36.89 rows=9 width=121)
	  ->  Sort  (cost=36.85..36.87 rows=9 width=121)
	        Sort Key: c
	        ->  Index Scan using sbtest8_pkey on sbtest8  (cost=0.43..36.70 rows=9 width=121)
	              Index Cond: ((id >= 3117182) AND (id <= 3117191))

for non_index_updates
table 1 : explain UPDATE sbtest1 SET c='foobar' WHERE id=5396132
	Update on sbtest1  (cost=0.43..8.45 rows=0 width=0)
	  ->  Index Scan using sbtest1_pkey on sbtest1  (cost=0.43..8.45 rows=1 width=490)
	        Index Cond: (id = 5396132)

table 2 : explain UPDATE sbtest2 SET c='foobar' WHERE id=4536535
	Update on sbtest2  (cost=0.43..8.45 rows=0 width=0)
	  ->  Index Scan using sbtest2_pkey on sbtest2  (cost=0.43..8.45 rows=1 width=490)
	        Index Cond: (id = 4536535)

table 3 : explain UPDATE sbtest3 SET c='foobar' WHERE id=7442434
	Update on sbtest3  (cost=0.43..8.45 rows=0 width=0)
	  ->  Index Scan using sbtest3_pkey on sbtest3  (cost=0.43..8.45 rows=1 width=490)
	        Index Cond: (id = 7442434)

table 4 : explain UPDATE sbtest4 SET c='foobar' WHERE id=1392166
	Update on sbtest4  (cost=0.43..8.45 rows=0 width=0)
	  ->  Index Scan using sbtest4_pkey on sbtest4  (cost=0.43..8.45 rows=1 width=490)
	        Index Cond: (id = 1392166)

table 5 : explain UPDATE sbtest5 SET c='foobar' WHERE id=4911010
	Update on sbtest5  (cost=0.43..8.45 rows=0 width=0)
	  ->  Index Scan using sbtest5_pkey on sbtest5  (cost=0.43..8.45 rows=1 width=490)
	        Index Cond: (id = 4911010)

table 6 : explain UPDATE sbtest6 SET c='foobar' WHERE id=8785473
	Update on sbtest6  (cost=0.43..8.45 rows=0 width=0)
	  ->  Index Scan using sbtest6_pkey on sbtest6  (cost=0.43..8.45 rows=1 width=490)
	        Index Cond: (id = 8785473)

table 7 : explain UPDATE sbtest7 SET c='foobar' WHERE id=6286757
	Update on sbtest7  (cost=0.43..8.45 rows=0 width=0)
	  ->  Index Scan using sbtest7_pkey on sbtest7  (cost=0.43..8.45 rows=1 width=490)
	        Index Cond: (id = 6286757)

table 8 : explain UPDATE sbtest8 SET c='foobar' WHERE id=2047814
	Update on sbtest8  (cost=0.43..8.45 rows=0 width=0)
	  ->  Index Scan using sbtest8_pkey on sbtest8  (cost=0.43..8.45 rows=1 width=490)
	        Index Cond: (id = 2047814)

explain: for deletes :: explain DELETE FROM sbtest%u WHERE id=%u
explain: for inserts :: explain INSERT INTO sbtest%u (id, k, c, pad) VALUES (%u, 13, 'foobar', 'foobar')
explain: for index_updates :: explain UPDATE sbtest%u SET k=k+1 WHERE id=%u
for: distinct_ranges
table 1 : explain SELECT DISTINCT c FROM sbtest1 WHERE id BETWEEN 7758587 AND 7758596 ORDER BY c
	Unique  (cost=37.06..37.10 rows=9 width=121)
	  ->  Sort  (cost=37.06..37.08 rows=9 width=121)
	        Sort Key: c
	        ->  Index Scan using sbtest1_pkey on sbtest1  (cost=0.43..36.92 rows=9 width=121)
	              Index Cond: ((id >= 7758587) AND (id <= 7758596))

table 2 : explain SELECT DISTINCT c FROM sbtest2 WHERE id BETWEEN 1306155 AND 1306164 ORDER BY c
	Unique  (cost=40.76..40.81 rows=10 width=121)
	  ->  Sort  (cost=40.76..40.79 rows=10 width=121)
	        Sort Key: c
	        ->  Index Scan using sbtest2_pkey on sbtest2  (cost=0.43..40.60 rows=10 width=121)
	              Index Cond: ((id >= 1306155) AND (id <= 1306164))

table 3 : explain SELECT DISTINCT c FROM sbtest3 WHERE id BETWEEN 708006 AND 708015 ORDER BY c
	Unique  (cost=41.03..41.08 rows=10 width=121)
	  ->  Sort  (cost=41.03..41.06 rows=10 width=121)
	        Sort Key: c
	        ->  Index Scan using sbtest3_pkey on sbtest3  (cost=0.43..40.87 rows=10 width=121)
	              Index Cond: ((id >= 708006) AND (id <= 708015))

table 4 : explain SELECT DISTINCT c FROM sbtest4 WHERE id BETWEEN 9851344 AND 9851353 ORDER BY c
	Unique  (cost=37.29..37.34 rows=9 width=121)
	  ->  Sort  (cost=37.29..37.31 rows=9 width=121)
	        Sort Key: c
	        ->  Index Scan using sbtest4_pkey on sbtest4  (cost=0.43..37.15 rows=9 width=121)
	              Index Cond: ((id >= 9851344) AND (id <= 9851353))

table 5 : explain SELECT DISTINCT c FROM sbtest5 WHERE id BETWEEN 1125399 AND 1125408 ORDER BY c
	Unique  (cost=40.46..40.51 rows=10 width=121)
	  ->  Sort  (cost=40.46..40.49 rows=10 width=121)
	        Sort Key: c
	        ->  Index Scan using sbtest5_pkey on sbtest5  (cost=0.43..40.30 rows=10 width=121)
	              Index Cond: ((id >= 1125399) AND (id <= 1125408))

table 6 : explain SELECT DISTINCT c FROM sbtest6 WHERE id BETWEEN 5394129 AND 5394138 ORDER BY c
	Unique  (cost=41.01..41.06 rows=10 width=121)
	  ->  Sort  (cost=41.01..41.04 rows=10 width=121)
	        Sort Key: c
	        ->  Index Scan using sbtest6_pkey on sbtest6  (cost=0.43..40.84 rows=10 width=121)
	              Index Cond: ((id >= 5394129) AND (id <= 5394138))

table 7 : explain SELECT DISTINCT c FROM sbtest7 WHERE id BETWEEN 8714018 AND 8714027 ORDER BY c
	Unique  (cost=40.59..40.64 rows=10 width=121)
	  ->  Sort  (cost=40.59..40.62 rows=10 width=121)
	        Sort Key: c
	        ->  Index Scan using sbtest7_pkey on sbtest7  (cost=0.43..40.43 rows=10 width=121)
	              Index Cond: ((id >= 8714018) AND (id <= 8714027))

table 8 : explain SELECT DISTINCT c FROM sbtest8 WHERE id BETWEEN 9414702 AND 9414711 ORDER BY c
	Unique  (cost=40.40..40.45 rows=10 width=121)
	  ->  Sort  (cost=40.40..40.42 rows=10 width=121)
	        Sort Key: c
	        ->  Index Scan using sbtest8_pkey on sbtest8  (cost=0.43..40.23 rows=10 width=121)
	              Index Cond: ((id >= 9414702) AND (id <= 9414711))

for: order_ranges
table 1 : explain SELECT c FROM sbtest1 WHERE id BETWEEN 6556864 AND 6556873 ORDER BY c
	Sort  (cost=40.64..40.66 rows=10 width=121)
	  Sort Key: c
	  ->  Index Scan using sbtest1_pkey on sbtest1  (cost=0.43..40.47 rows=10 width=121)
	        Index Cond: ((id >= 6556864) AND (id <= 6556873))

table 2 : explain SELECT c FROM sbtest2 WHERE id BETWEEN 6524154 AND 6524163 ORDER BY c
	Sort  (cost=40.76..40.79 rows=10 width=121)
	  Sort Key: c
	  ->  Index Scan using sbtest2_pkey on sbtest2  (cost=0.43..40.60 rows=10 width=121)
	        Index Cond: ((id >= 6524154) AND (id <= 6524163))

table 3 : explain SELECT c FROM sbtest3 WHERE id BETWEEN 7681593 AND 7681602 ORDER BY c
	Sort  (cost=48.28..48.31 rows=12 width=121)
	  Sort Key: c
	  ->  Index Scan using sbtest3_pkey on sbtest3  (cost=0.43..48.07 rows=12 width=121)
	        Index Cond: ((id >= 7681593) AND (id <= 7681602))

table 4 : explain SELECT c FROM sbtest4 WHERE id BETWEEN 3234636 AND 3234645 ORDER BY c
	Sort  (cost=40.90..40.93 rows=10 width=121)
	  Sort Key: c
	  ->  Index Scan using sbtest4_pkey on sbtest4  (cost=0.43..40.73 rows=10 width=121)
	        Index Cond: ((id >= 3234636) AND (id <= 3234645))

table 5 : explain SELECT c FROM sbtest5 WHERE id BETWEEN 8713696 AND 8713705 ORDER BY c
	Sort  (cost=40.46..40.49 rows=10 width=121)
	  Sort Key: c
	  ->  Index Scan using sbtest5_pkey on sbtest5  (cost=0.43..40.30 rows=10 width=121)
	        Index Cond: ((id >= 8713696) AND (id <= 8713705))

table 6 : explain SELECT c FROM sbtest6 WHERE id BETWEEN 8566457 AND 8566466 ORDER BY c
	Sort  (cost=37.39..37.41 rows=9 width=121)
	  Sort Key: c
	  ->  Index Scan using sbtest6_pkey on sbtest6  (cost=0.43..37.25 rows=9 width=121)
	        Index Cond: ((id >= 8566457) AND (id <= 8566466))

table 7 : explain SELECT c FROM sbtest7 WHERE id BETWEEN 973613 AND 973622 ORDER BY c
	Sort  (cost=40.59..40.62 rows=10 width=121)
	  Sort Key: c
	  ->  Index Scan using sbtest7_pkey on sbtest7  (cost=0.43..40.43 rows=10 width=121)
	        Index Cond: ((id >= 973613) AND (id <= 973622))

table 8 : explain SELECT c FROM sbtest8 WHERE id BETWEEN 2357272 AND 2357281 ORDER BY c
	Sort  (cost=43.95..43.98 rows=11 width=121)
	  Sort Key: c
	  ->  Index Scan using sbtest8_pkey on sbtest8  (cost=0.43..43.76 rows=11 width=121)
	        Index Cond: ((id >= 2357272) AND (id <= 2357281))

explain: for deletes :: explain DELETE FROM sbtest%u WHERE id=%u
for inserts
table 1 : explain INSERT INTO sbtest1 (id, k, c, pad) VALUES (2177042, 13, 'foobar', 'foobar')
	Insert on sbtest1  (cost=0.00..0.01 rows=0 width=0)
	  ->  Result  (cost=0.00..0.01 rows=1 width=736)

table 2 : explain INSERT INTO sbtest2 (id, k, c, pad) VALUES (8682270, 13, 'foobar', 'foobar')
	Insert on sbtest2  (cost=0.00..0.01 rows=0 width=0)
	  ->  Result  (cost=0.00..0.01 rows=1 width=736)

table 3 : explain INSERT INTO sbtest3 (id, k, c, pad) VALUES (8786480, 13, 'foobar', 'foobar')
	Insert on sbtest3  (cost=0.00..0.01 rows=0 width=0)
	  ->  Result  (cost=0.00..0.01 rows=1 width=736)

table 4 : explain INSERT INTO sbtest4 (id, k, c, pad) VALUES (2928841, 13, 'foobar', 'foobar')
	Insert on sbtest4  (cost=0.00..0.01 rows=0 width=0)
	  ->  Result  (cost=0.00..0.01 rows=1 width=736)

table 5 : explain INSERT INTO sbtest5 (id, k, c, pad) VALUES (1572831, 13, 'foobar', 'foobar')
	Insert on sbtest5  (cost=0.00..0.01 rows=0 width=0)
	  ->  Result  (cost=0.00..0.01 rows=1 width=736)

table 6 : explain INSERT INTO sbtest6 (id, k, c, pad) VALUES (656006, 13, 'foobar', 'foobar')
	Insert on sbtest6  (cost=0.00..0.01 rows=0 width=0)
	  ->  Result  (cost=0.00..0.01 rows=1 width=736)

table 7 : explain INSERT INTO sbtest7 (id, k, c, pad) VALUES (6625396, 13, 'foobar', 'foobar')
	Insert on sbtest7  (cost=0.00..0.01 rows=0 width=0)
	  ->  Result  (cost=0.00..0.01 rows=1 width=736)

table 8 : explain INSERT INTO sbtest8 (id, k, c, pad) VALUES (5783072, 13, 'foobar', 'foobar')
	Insert on sbtest8  (cost=0.00..0.01 rows=0 width=0)
	  ->  Result  (cost=0.00..0.01 rows=1 width=736)

for: simple_ranges
table 1 : explain SELECT c FROM sbtest1 WHERE id BETWEEN 7250412 AND 7250421
	Index Scan using sbtest1_pkey on sbtest1  (cost=0.43..40.47 rows=10 width=121)
	  Index Cond: ((id >= 7250412) AND (id <= 7250421))

table 2 : explain SELECT c FROM sbtest2 WHERE id BETWEEN 4585526 AND 4585535
	Index Scan using sbtest2_pkey on sbtest2  (cost=0.43..40.60 rows=10 width=121)
	  Index Cond: ((id >= 4585526) AND (id <= 4585535))

table 3 : explain SELECT c FROM sbtest3 WHERE id BETWEEN 1104652 AND 1104661
	Index Scan using sbtest3_pkey on sbtest3  (cost=0.43..40.87 rows=10 width=121)
	  Index Cond: ((id >= 1104652) AND (id <= 1104661))

table 4 : explain SELECT c FROM sbtest4 WHERE id BETWEEN 1917575 AND 1917584
	Index Scan using sbtest4_pkey on sbtest4  (cost=0.43..40.73 rows=10 width=121)
	  Index Cond: ((id >= 1917575) AND (id <= 1917584))

table 5 : explain SELECT c FROM sbtest5 WHERE id BETWEEN 8688996 AND 8689005
	Index Scan using sbtest5_pkey on sbtest5  (cost=0.43..43.84 rows=11 width=121)
	  Index Cond: ((id >= 8688996) AND (id <= 8689005))

table 6 : explain SELECT c FROM sbtest6 WHERE id BETWEEN 3124179 AND 3124188
	Index Scan using sbtest6_pkey on sbtest6  (cost=0.43..44.44 rows=11 width=121)
	  Index Cond: ((id >= 3124179) AND (id <= 3124188))

table 7 : explain SELECT c FROM sbtest7 WHERE id BETWEEN 5476497 AND 5476506
	Index Scan using sbtest7_pkey on sbtest7  (cost=0.43..36.88 rows=9 width=121)
	  Index Cond: ((id >= 5476497) AND (id <= 5476506))

table 8 : explain SELECT c FROM sbtest8 WHERE id BETWEEN 3779107 AND 3779116
	Index Scan using sbtest8_pkey on sbtest8  (cost=0.43..36.70 rows=9 width=121)
	  Index Cond: ((id >= 3779107) AND (id <= 3779116))

for: sum_ranges
table 1 : explain SELECT SUM(k) FROM sbtest1 WHERE id BETWEEN 3263778 AND 3263787
	Aggregate  (cost=40.50..40.51 rows=1 width=8)
	  ->  Index Scan using sbtest1_pkey on sbtest1  (cost=0.43..40.47 rows=10 width=4)
	        Index Cond: ((id >= 3263778) AND (id <= 3263787))

table 2 : explain SELECT SUM(k) FROM sbtest2 WHERE id BETWEEN 6931407 AND 6931416
	Aggregate  (cost=44.20..44.21 rows=1 width=8)
	  ->  Index Scan using sbtest2_pkey on sbtest2  (cost=0.43..44.17 rows=11 width=4)
	        Index Cond: ((id >= 6931407) AND (id <= 6931416))

table 3 : explain SELECT SUM(k) FROM sbtest3 WHERE id BETWEEN 597627 AND 597636
	Aggregate  (cost=37.29..37.30 rows=1 width=8)
	  ->  Index Scan using sbtest3_pkey on sbtest3  (cost=0.43..37.27 rows=9 width=4)
	        Index Cond: ((id >= 597627) AND (id <= 597636))

table 4 : explain SELECT SUM(k) FROM sbtest4 WHERE id BETWEEN 7569557 AND 7569566
	Aggregate  (cost=40.76..40.77 rows=1 width=8)
	  ->  Index Scan using sbtest4_pkey on sbtest4  (cost=0.43..40.73 rows=10 width=4)
	        Index Cond: ((id >= 7569557) AND (id <= 7569566))

table 5 : explain SELECT SUM(k) FROM sbtest5 WHERE id BETWEEN 2882333 AND 2882342
	Aggregate  (cost=40.32..40.33 rows=1 width=8)
	  ->  Index Scan using sbtest5_pkey on sbtest5  (cost=0.43..40.30 rows=10 width=4)
	        Index Cond: ((id >= 2882333) AND (id <= 2882342))

table 6 : explain SELECT SUM(k) FROM sbtest6 WHERE id BETWEEN 8694241 AND 8694250
	Aggregate  (cost=40.87..40.88 rows=1 width=8)
	  ->  Index Scan using sbtest6_pkey on sbtest6  (cost=0.43..40.84 rows=10 width=4)
	        Index Cond: ((id >= 8694241) AND (id <= 8694250))

table 7 : explain SELECT SUM(k) FROM sbtest7 WHERE id BETWEEN 3064236 AND 3064245
	Aggregate  (cost=44.01..44.02 rows=1 width=8)
	  ->  Index Scan using sbtest7_pkey on sbtest7  (cost=0.43..43.98 rows=11 width=4)
	        Index Cond: ((id >= 3064236) AND (id <= 3064245))

table 8 : explain SELECT SUM(k) FROM sbtest8 WHERE id BETWEEN 1160432 AND 1160441
	Aggregate  (cost=40.26..40.27 rows=1 width=8)
	  ->  Index Scan using sbtest8_pkey on sbtest8  (cost=0.43..40.23 rows=10 width=4)
	        Index Cond: ((id >= 1160432) AND (id <= 1160441))

explain: for index_updates :: explain UPDATE sbtest%u SET k=k+1 WHERE id=%u
for deletes
table 1 : explain DELETE FROM sbtest1 WHERE id=7548570
	Delete on sbtest1  (cost=0.43..8.45 rows=0 width=0)
	  ->  Index Scan using sbtest1_pkey on sbtest1  (cost=0.43..8.45 rows=1 width=6)
	        Index Cond: (id = 7548570)

table 2 : explain DELETE FROM sbtest2 WHERE id=7804570
	Delete on sbtest2  (cost=0.43..8.45 rows=0 width=0)
	  ->  Index Scan using sbtest2_pkey on sbtest2  (cost=0.43..8.45 rows=1 width=6)
	        Index Cond: (id = 7804570)

table 3 : explain DELETE FROM sbtest3 WHERE id=9192788
	Delete on sbtest3  (cost=0.43..8.45 rows=0 width=0)
	  ->  Index Scan using sbtest3_pkey on sbtest3  (cost=0.43..8.45 rows=1 width=6)
	        Index Cond: (id = 9192788)

table 4 : explain DELETE FROM sbtest4 WHERE id=9332839
	Delete on sbtest4  (cost=0.43..8.45 rows=0 width=0)
	  ->  Index Scan using sbtest4_pkey on sbtest4  (cost=0.43..8.45 rows=1 width=6)
	        Index Cond: (id = 9332839)

table 5 : explain DELETE FROM sbtest5 WHERE id=6878903
	Delete on sbtest5  (cost=0.43..8.45 rows=0 width=0)
	  ->  Index Scan using sbtest5_pkey on sbtest5  (cost=0.43..8.45 rows=1 width=6)
	        Index Cond: (id = 6878903)

table 6 : explain DELETE FROM sbtest6 WHERE id=5193232
	Delete on sbtest6  (cost=0.43..8.45 rows=0 width=0)
	  ->  Index Scan using sbtest6_pkey on sbtest6  (cost=0.43..8.45 rows=1 width=6)
	        Index Cond: (id = 5193232)

table 7 : explain DELETE FROM sbtest7 WHERE id=9346703
	Delete on sbtest7  (cost=0.43..8.45 rows=0 width=0)
	  ->  Index Scan using sbtest7_pkey on sbtest7  (cost=0.43..8.45 rows=1 width=6)
	        Index Cond: (id = 9346703)

table 8 : explain DELETE FROM sbtest8 WHERE id=592941
	Delete on sbtest8  (cost=0.43..8.45 rows=0 width=0)
	  ->  Index Scan using sbtest8_pkey on sbtest8  (cost=0.43..8.45 rows=1 width=6)
	        Index Cond: (id = 592941)

for: order_ranges
table 1 : explain SELECT c FROM sbtest1 WHERE id BETWEEN 837662 AND 837671 ORDER BY c
	Sort  (cost=44.22..44.25 rows=11 width=121)
	  Sort Key: c
	  ->  Index Scan using sbtest1_pkey on sbtest1  (cost=0.43..44.03 rows=11 width=121)
	        Index Cond: ((id >= 837662) AND (id <= 837671))

table 2 : explain SELECT c FROM sbtest2 WHERE id BETWEEN 9081278 AND 9081287 ORDER BY c
	Sort  (cost=44.36..44.39 rows=11 width=121)
	  Sort Key: c
	  ->  Index Scan using sbtest2_pkey on sbtest2  (cost=0.43..44.17 rows=11 width=121)
	        Index Cond: ((id >= 9081278) AND (id <= 9081287))

table 3 : explain SELECT c FROM sbtest3 WHERE id BETWEEN 8072406 AND 8072415 ORDER BY c
	Sort  (cost=37.41..37.43 rows=9 width=121)
	  Sort Key: c
	  ->  Index Scan using sbtest3_pkey on sbtest3  (cost=0.43..37.27 rows=9 width=121)
	        Index Cond: ((id >= 8072406) AND (id <= 8072415))

table 4 : explain SELECT c FROM sbtest4 WHERE id BETWEEN 5362952 AND 5362961 ORDER BY c
	Sort  (cost=37.29..37.31 rows=9 width=121)
	  Sort Key: c
	  ->  Index Scan using sbtest4_pkey on sbtest4  (cost=0.43..37.15 rows=9 width=121)
	        Index Cond: ((id >= 5362952) AND (id <= 5362961))

table 5 : explain SELECT c FROM sbtest5 WHERE id BETWEEN 509551 AND 509560 ORDER BY c
	Sort  (cost=44.03..44.05 rows=11 width=121)
	  Sort Key: c
	  ->  Index Scan using sbtest5_pkey on sbtest5  (cost=0.43..43.84 rows=11 width=121)
	        Index Cond: ((id >= 509551) AND (id <= 509560))

table 6 : explain SELECT c FROM sbtest6 WHERE id BETWEEN 5101020 AND 5101029 ORDER BY c
	Sort  (cost=44.63..44.66 rows=11 width=121)
	  Sort Key: c
	  ->  Index Scan using sbtest6_pkey on sbtest6  (cost=0.43..44.44 rows=11 width=121)
	        Index Cond: ((id >= 5101020) AND (id <= 5101029))

table 7 : explain SELECT c FROM sbtest7 WHERE id BETWEEN 8492690 AND 8492699 ORDER BY c
	Sort  (cost=44.17..44.20 rows=11 width=121)
	  Sort Key: c
	  ->  Index Scan using sbtest7_pkey on sbtest7  (cost=0.43..43.98 rows=11 width=121)
	        Index Cond: ((id >= 8492690) AND (id <= 8492699))

table 8 : explain SELECT c FROM sbtest8 WHERE id BETWEEN 2294517 AND 2294526 ORDER BY c
	Sort  (cost=43.95..43.98 rows=11 width=121)
	  Sort Key: c
	  ->  Index Scan using sbtest8_pkey on sbtest8  (cost=0.43..43.76 rows=11 width=121)
	        Index Cond: ((id >= 2294517) AND (id <= 2294526))

for non_index_updates
table 1 : explain UPDATE sbtest1 SET c='foobar' WHERE id=9183042
	Update on sbtest1  (cost=0.43..8.45 rows=0 width=0)
	  ->  Index Scan using sbtest1_pkey on sbtest1  (cost=0.43..8.45 rows=1 width=490)
	        Index Cond: (id = 9183042)

table 2 : explain UPDATE sbtest2 SET c='foobar' WHERE id=2244883
	Update on sbtest2  (cost=0.43..8.45 rows=0 width=0)
	  ->  Index Scan using sbtest2_pkey on sbtest2  (cost=0.43..8.45 rows=1 width=490)
	        Index Cond: (id = 2244883)

table 3 : explain UPDATE sbtest3 SET c='foobar' WHERE id=790563
	Update on sbtest3  (cost=0.43..8.45 rows=0 width=0)
	  ->  Index Scan using sbtest3_pkey on sbtest3  (cost=0.43..8.45 rows=1 width=490)
	        Index Cond: (id = 790563)

table 4 : explain UPDATE sbtest4 SET c='foobar' WHERE id=4847206
	Update on sbtest4  (cost=0.43..8.45 rows=0 width=0)
	  ->  Index Scan using sbtest4_pkey on sbtest4  (cost=0.43..8.45 rows=1 width=490)
	        Index Cond: (id = 4847206)

table 5 : explain UPDATE sbtest5 SET c='foobar' WHERE id=4503555
	Update on sbtest5  (cost=0.43..8.45 rows=0 width=0)
	  ->  Index Scan using sbtest5_pkey on sbtest5  (cost=0.43..8.45 rows=1 width=490)
	        Index Cond: (id = 4503555)

table 6 : explain UPDATE sbtest6 SET c='foobar' WHERE id=9259057
	Update on sbtest6  (cost=0.43..8.45 rows=0 width=0)
	  ->  Index Scan using sbtest6_pkey on sbtest6  (cost=0.43..8.45 rows=1 width=490)
	        Index Cond: (id = 9259057)

table 7 : explain UPDATE sbtest7 SET c='foobar' WHERE id=519249
	Update on sbtest7  (cost=0.43..8.45 rows=0 width=0)
	  ->  Index Scan using sbtest7_pkey on sbtest7  (cost=0.43..8.45 rows=1 width=490)
	        Index Cond: (id = 519249)

table 8 : explain UPDATE sbtest8 SET c='foobar' WHERE id=3601131
	Update on sbtest8  (cost=0.43..8.45 rows=0 width=0)
	  ->  Index Scan using sbtest8_pkey on sbtest8  (cost=0.43..8.45 rows=1 width=490)
	        Index Cond: (id = 3601131)

for index_updates
table 1 : explain UPDATE sbtest1 SET k=k+1 WHERE id=4656311
	Update on sbtest1  (cost=0.43..8.46 rows=0 width=0)
	  ->  Index Scan using sbtest1_pkey on sbtest1  (cost=0.43..8.46 rows=1 width=10)
	        Index Cond: (id = 4656311)

table 2 : explain UPDATE sbtest2 SET k=k+1 WHERE id=6196874
	Update on sbtest2  (cost=0.43..8.46 rows=0 width=0)
	  ->  Index Scan using sbtest2_pkey on sbtest2  (cost=0.43..8.46 rows=1 width=10)
	        Index Cond: (id = 6196874)

table 3 : explain UPDATE sbtest3 SET k=k+1 WHERE id=7320462
	Update on sbtest3  (cost=0.43..8.46 rows=0 width=0)
	  ->  Index Scan using sbtest3_pkey on sbtest3  (cost=0.43..8.46 rows=1 width=10)
	        Index Cond: (id = 7320462)

table 4 : explain UPDATE sbtest4 SET k=k+1 WHERE id=1972200
	Update on sbtest4  (cost=0.43..8.46 rows=0 width=0)
	  ->  Index Scan using sbtest4_pkey on sbtest4  (cost=0.43..8.46 rows=1 width=10)
	        Index Cond: (id = 1972200)

table 5 : explain UPDATE sbtest5 SET k=k+1 WHERE id=7659276
	Update on sbtest5  (cost=0.43..8.46 rows=0 width=0)
	  ->  Index Scan using sbtest5_pkey on sbtest5  (cost=0.43..8.46 rows=1 width=10)
	        Index Cond: (id = 7659276)

table 6 : explain UPDATE sbtest6 SET k=k+1 WHERE id=8586972
	Update on sbtest6  (cost=0.43..8.46 rows=0 width=0)
	  ->  Index Scan using sbtest6_pkey on sbtest6  (cost=0.43..8.46 rows=1 width=10)
	        Index Cond: (id = 8586972)

table 7 : explain UPDATE sbtest7 SET k=k+1 WHERE id=614338
	Update on sbtest7  (cost=0.43..8.46 rows=0 width=0)
	  ->  Index Scan using sbtest7_pkey on sbtest7  (cost=0.43..8.46 rows=1 width=10)
	        Index Cond: (id = 614338)

table 8 : explain UPDATE sbtest8 SET k=k+1 WHERE id=7264917
	Update on sbtest8  (cost=0.43..8.46 rows=0 width=0)
	  ->  Index Scan using sbtest8_pkey on sbtest8  (cost=0.43..8.46 rows=1 width=10)
	        Index Cond: (id = 7264917)

for: distinct_ranges
table 1 : explain SELECT DISTINCT c FROM sbtest1 WHERE id BETWEEN 6507970 AND 6507979 ORDER BY c
	Unique  (cost=40.64..40.69 rows=10 width=121)
	  ->  Sort  (cost=40.64..40.66 rows=10 width=121)
	        Sort Key: c
	        ->  Index Scan using sbtest1_pkey on sbtest1  (cost=0.43..40.47 rows=10 width=121)
	              Index Cond: ((id >= 6507970) AND (id <= 6507979))

table 2 : explain SELECT DISTINCT c FROM sbtest2 WHERE id BETWEEN 3856022 AND 3856031 ORDER BY c
	Unique  (cost=40.76..40.81 rows=10 width=121)
	  ->  Sort  (cost=40.76..40.79 rows=10 width=121)
	        Sort Key: c
	        ->  Index Scan using sbtest2_pkey on sbtest2  (cost=0.43..40.60 rows=10 width=121)
	              Index Cond: ((id >= 3856022) AND (id <= 3856031))

table 3 : explain SELECT DISTINCT c FROM sbtest3 WHERE id BETWEEN 357184 AND 357193 ORDER BY c
	Unique  (cost=41.03..41.08 rows=10 width=121)
	  ->  Sort  (cost=41.03..41.06 rows=10 width=121)
	        Sort Key: c
	        ->  Index Scan using sbtest3_pkey on sbtest3  (cost=0.43..40.87 rows=10 width=121)
	              Index Cond: ((id >= 357184) AND (id <= 357193))

table 4 : explain SELECT DISTINCT c FROM sbtest4 WHERE id BETWEEN 6606986 AND 6606995 ORDER BY c
	Unique  (cost=44.51..44.57 rows=11 width=121)
	  ->  Sort  (cost=44.51..44.54 rows=11 width=121)
	        Sort Key: c
	        ->  Index Scan using sbtest4_pkey on sbtest4  (cost=0.43..44.32 rows=11 width=121)
	              Index Cond: ((id >= 6606986) AND (id <= 6606995))

table 5 : explain SELECT DISTINCT c FROM sbtest5 WHERE id BETWEEN 8926997 AND 8927006 ORDER BY c
	Unique  (cost=40.46..40.51 rows=10 width=121)
	  ->  Sort  (cost=40.46..40.49 rows=10 width=121)
	        Sort Key: c
	        ->  Index Scan using sbtest5_pkey on sbtest5  (cost=0.43..40.30 rows=10 width=121)
	              Index Cond: ((id >= 8926997) AND (id <= 8927006))

table 6 : explain SELECT DISTINCT c FROM sbtest6 WHERE id BETWEEN 3060236 AND 3060245 ORDER BY c
	Unique  (cost=41.01..41.06 rows=10 width=121)
	  ->  Sort  (cost=41.01..41.04 rows=10 width=121)
	        Sort Key: c
	        ->  Index Scan using sbtest6_pkey on sbtest6  (cost=0.43..40.84 rows=10 width=121)
	              Index Cond: ((id >= 3060236) AND (id <= 3060245))

table 7 : explain SELECT DISTINCT c FROM sbtest7 WHERE id BETWEEN 3631297 AND 3631306 ORDER BY c
	Unique  (cost=44.17..44.23 rows=11 width=121)
	  ->  Sort  (cost=44.17..44.20 rows=11 width=121)
	        Sort Key: c
	        ->  Index Scan using sbtest7_pkey on sbtest7  (cost=0.43..43.98 rows=11 width=121)
	              Index Cond: ((id >= 3631297) AND (id <= 3631306))

table 8 : explain SELECT DISTINCT c FROM sbtest8 WHERE id BETWEEN 9959496 AND 9959505 ORDER BY c
	Unique  (cost=40.40..40.45 rows=10 width=121)
	  ->  Sort  (cost=40.40..40.42 rows=10 width=121)
	        Sort Key: c
	        ->  Index Scan using sbtest8_pkey on sbtest8  (cost=0.43..40.23 rows=10 width=121)
	              Index Cond: ((id >= 9959496) AND (id <= 9959505))

for deletes
table 1 : explain DELETE FROM sbtest1 WHERE id=6203438
	Delete on sbtest1  (cost=0.43..8.45 rows=0 width=0)
	  ->  Index Scan using sbtest1_pkey on sbtest1  (cost=0.43..8.45 rows=1 width=6)
	        Index Cond: (id = 6203438)

table 2 : explain DELETE FROM sbtest2 WHERE id=2748577
	Delete on sbtest2  (cost=0.43..8.45 rows=0 width=0)
	  ->  Index Scan using sbtest2_pkey on sbtest2  (cost=0.43..8.45 rows=1 width=6)
	        Index Cond: (id = 2748577)

table 3 : explain DELETE FROM sbtest3 WHERE id=3922446
	Delete on sbtest3  (cost=0.43..8.45 rows=0 width=0)
	  ->  Index Scan using sbtest3_pkey on sbtest3  (cost=0.43..8.45 rows=1 width=6)
	        Index Cond: (id = 3922446)

table 4 : explain DELETE FROM sbtest4 WHERE id=7310167
	Delete on sbtest4  (cost=0.43..8.45 rows=0 width=0)
	  ->  Index Scan using sbtest4_pkey on sbtest4  (cost=0.43..8.45 rows=1 width=6)
	        Index Cond: (id = 7310167)

table 5 : explain DELETE FROM sbtest5 WHERE id=6119430
	Delete on sbtest5  (cost=0.43..8.45 rows=0 width=0)
	  ->  Index Scan using sbtest5_pkey on sbtest5  (cost=0.43..8.45 rows=1 width=6)
	        Index Cond: (id = 6119430)

table 6 : explain DELETE FROM sbtest6 WHERE id=4347314
	Delete on sbtest6  (cost=0.43..8.45 rows=0 width=0)
	  ->  Index Scan using sbtest6_pkey on sbtest6  (cost=0.43..8.45 rows=1 width=6)
	        Index Cond: (id = 4347314)

table 7 : explain DELETE FROM sbtest7 WHERE id=3184388
	Delete on sbtest7  (cost=0.43..8.45 rows=0 width=0)
	  ->  Index Scan using sbtest7_pkey on sbtest7  (cost=0.43..8.45 rows=1 width=6)
	        Index Cond: (id = 3184388)

table 8 : explain DELETE FROM sbtest8 WHERE id=3878991
	Delete on sbtest8  (cost=0.43..8.45 rows=0 width=0)
	  ->  Index Scan using sbtest8_pkey on sbtest8  (cost=0.43..8.45 rows=1 width=6)
	        Index Cond: (id = 3878991)

for: simple_ranges
table 1 : explain SELECT c FROM sbtest1 WHERE id BETWEEN 5907308 AND 5907317
	Index Scan using sbtest1_pkey on sbtest1  (cost=0.43..40.47 rows=10 width=121)
	  Index Cond: ((id >= 5907308) AND (id <= 5907317))

table 2 : explain SELECT c FROM sbtest2 WHERE id BETWEEN 8220661 AND 8220670
	Index Scan using sbtest2_pkey on sbtest2  (cost=0.43..44.17 rows=11 width=121)
	  Index Cond: ((id >= 8220661) AND (id <= 8220670))

table 3 : explain SELECT c FROM sbtest3 WHERE id BETWEEN 150083 AND 150092
	Index Scan using sbtest3_pkey on sbtest3  (cost=0.43..40.87 rows=10 width=121)
	  Index Cond: ((id >= 150083) AND (id <= 150092))

table 4 : explain SELECT c FROM sbtest4 WHERE id BETWEEN 7299498 AND 7299507
	Index Scan using sbtest4_pkey on sbtest4  (cost=0.43..40.73 rows=10 width=121)
	  Index Cond: ((id >= 7299498) AND (id <= 7299507))

table 5 : explain SELECT c FROM sbtest5 WHERE id BETWEEN 4444818 AND 4444827
	Index Scan using sbtest5_pkey on sbtest5  (cost=0.43..43.84 rows=11 width=121)
	  Index Cond: ((id >= 4444818) AND (id <= 4444827))

table 6 : explain SELECT c FROM sbtest6 WHERE id BETWEEN 3570457 AND 3570466
	Index Scan using sbtest6_pkey on sbtest6  (cost=0.43..40.84 rows=10 width=121)
	  Index Cond: ((id >= 3570457) AND (id <= 3570466))

table 7 : explain SELECT c FROM sbtest7 WHERE id BETWEEN 5205364 AND 5205373
	Index Scan using sbtest7_pkey on sbtest7  (cost=0.43..40.43 rows=10 width=121)
	  Index Cond: ((id >= 5205364) AND (id <= 5205373))

table 8 : explain SELECT c FROM sbtest8 WHERE id BETWEEN 8772435 AND 8772444
	Index Scan using sbtest8_pkey on sbtest8  (cost=0.43..40.23 rows=10 width=121)
	  Index Cond: ((id >= 8772435) AND (id <= 8772444))

explain: for point_selects :: explain SELECT c FROM sbtest%u WHERE id=%u
explain: for index_updates :: explain UPDATE sbtest%u SET k=k+1 WHERE id=%u
for: sum_ranges
table 1 : explain SELECT SUM(k) FROM sbtest1 WHERE id BETWEEN 2630187 AND 2630196
	Aggregate  (cost=40.50..40.51 rows=1 width=8)
	  ->  Index Scan using sbtest1_pkey on sbtest1  (cost=0.43..40.47 rows=10 width=4)
	        Index Cond: ((id >= 2630187) AND (id <= 2630196))

table 2 : explain SELECT SUM(k) FROM sbtest2 WHERE id BETWEEN 8516672 AND 8516681
	Aggregate  (cost=40.62..40.63 rows=1 width=8)
	  ->  Index Scan using sbtest2_pkey on sbtest2  (cost=0.43..40.60 rows=10 width=4)
	        Index Cond: ((id >= 8516672) AND (id <= 8516681))

table 3 : explain SELECT SUM(k) FROM sbtest3 WHERE id BETWEEN 852826 AND 852835
	Aggregate  (cost=44.50..44.51 rows=1 width=8)
	  ->  Index Scan using sbtest3_pkey on sbtest3  (cost=0.43..44.47 rows=11 width=4)
	        Index Cond: ((id >= 852826) AND (id <= 852835))

table 4 : explain SELECT SUM(k) FROM sbtest4 WHERE id BETWEEN 6692551 AND 6692560
	Aggregate  (cost=40.76..40.77 rows=1 width=8)
	  ->  Index Scan using sbtest4_pkey on sbtest4  (cost=0.43..40.73 rows=10 width=4)
	        Index Cond: ((id >= 6692551) AND (id <= 6692560))

table 5 : explain SELECT SUM(k) FROM sbtest5 WHERE id BETWEEN 658963 AND 658972
	Aggregate  (cost=40.32..40.33 rows=1 width=8)
	  ->  Index Scan using sbtest5_pkey on sbtest5  (cost=0.43..40.30 rows=10 width=4)
	        Index Cond: ((id >= 658963) AND (id <= 658972))

table 6 : explain SELECT SUM(k) FROM sbtest6 WHERE id BETWEEN 719127 AND 719136
	Aggregate  (cost=37.27..37.28 rows=1 width=8)
	  ->  Index Scan using sbtest6_pkey on sbtest6  (cost=0.43..37.25 rows=9 width=4)
	        Index Cond: ((id >= 719127) AND (id <= 719136))

table 7 : explain SELECT SUM(k) FROM sbtest7 WHERE id BETWEEN 1584317 AND 1584326
	Aggregate  (cost=40.45..40.46 rows=1 width=8)
	  ->  Index Scan using sbtest7_pkey on sbtest7  (cost=0.43..40.43 rows=10 width=4)
	        Index Cond: ((id >= 1584317) AND (id <= 1584326))

table 8 : explain SELECT SUM(k) FROM sbtest8 WHERE id BETWEEN 3953205 AND 3953214
	Aggregate  (cost=40.26..40.27 rows=1 width=8)
	  ->  Index Scan using sbtest8_pkey on sbtest8  (cost=0.43..40.23 rows=10 width=4)
	        Index Cond: ((id >= 3953205) AND (id <= 3953214))

for index_updates
table 1 : explain UPDATE sbtest1 SET k=k+1 WHERE id=6065448
	Update on sbtest1  (cost=0.43..8.46 rows=0 width=0)
	  ->  Index Scan using sbtest1_pkey on sbtest1  (cost=0.43..8.46 rows=1 width=10)
	        Index Cond: (id = 6065448)

table 2 : explain UPDATE sbtest2 SET k=k+1 WHERE id=819638
	Update on sbtest2  (cost=0.43..8.46 rows=0 width=0)
	  ->  Index Scan using sbtest2_pkey on sbtest2  (cost=0.43..8.46 rows=1 width=10)
	        Index Cond: (id = 819638)

table 3 : explain UPDATE sbtest3 SET k=k+1 WHERE id=4503576
	Update on sbtest3  (cost=0.43..8.46 rows=0 width=0)
	  ->  Index Scan using sbtest3_pkey on sbtest3  (cost=0.43..8.46 rows=1 width=10)
	        Index Cond: (id = 4503576)

table 4 : explain UPDATE sbtest4 SET k=k+1 WHERE id=4245619
	Update on sbtest4  (cost=0.43..8.46 rows=0 width=0)
	  ->  Index Scan using sbtest4_pkey on sbtest4  (cost=0.43..8.46 rows=1 width=10)
	        Index Cond: (id = 4245619)

table 5 : explain UPDATE sbtest5 SET k=k+1 WHERE id=206127
	Update on sbtest5  (cost=0.43..8.46 rows=0 width=0)
	  ->  Index Scan using sbtest5_pkey on sbtest5  (cost=0.43..8.46 rows=1 width=10)
	        Index Cond: (id = 206127)

table 6 : explain UPDATE sbtest6 SET k=k+1 WHERE id=2729371
	Update on sbtest6  (cost=0.43..8.46 rows=0 width=0)
	  ->  Index Scan using sbtest6_pkey on sbtest6  (cost=0.43..8.46 rows=1 width=10)
	        Index Cond: (id = 2729371)

table 7 : explain UPDATE sbtest7 SET k=k+1 WHERE id=3735555
	Update on sbtest7  (cost=0.43..8.46 rows=0 width=0)
	  ->  Index Scan using sbtest7_pkey on sbtest7  (cost=0.43..8.46 rows=1 width=10)
	        Index Cond: (id = 3735555)

table 8 : explain UPDATE sbtest8 SET k=k+1 WHERE id=1628115
	Update on sbtest8  (cost=0.43..8.46 rows=0 width=0)
	  ->  Index Scan using sbtest8_pkey on sbtest8  (cost=0.43..8.46 rows=1 width=10)
	        Index Cond: (id = 1628115)

explain: for deletes :: explain DELETE FROM sbtest%u WHERE id=%u
explain: for non_index_updates :: explain UPDATE sbtest%u SET c='foobar' WHERE id=%u
for deletes
table 1 : explain DELETE FROM sbtest1 WHERE id=9056806
	Delete on sbtest1  (cost=0.43..8.45 rows=0 width=0)
	  ->  Index Scan using sbtest1_pkey on sbtest1  (cost=0.43..8.45 rows=1 width=6)
	        Index Cond: (id = 9056806)

table 2 : explain DELETE FROM sbtest2 WHERE id=6467819
	Delete on sbtest2  (cost=0.43..8.45 rows=0 width=0)
	  ->  Index Scan using sbtest2_pkey on sbtest2  (cost=0.43..8.45 rows=1 width=6)
	        Index Cond: (id = 6467819)

table 3 : explain DELETE FROM sbtest3 WHERE id=8932814
	Delete on sbtest3  (cost=0.43..8.45 rows=0 width=0)
	  ->  Index Scan using sbtest3_pkey on sbtest3  (cost=0.43..8.45 rows=1 width=6)
	        Index Cond: (id = 8932814)

table 4 : explain DELETE FROM sbtest4 WHERE id=7959
	Delete on sbtest4  (cost=0.43..8.45 rows=0 width=0)
	  ->  Index Scan using sbtest4_pkey on sbtest4  (cost=0.43..8.45 rows=1 width=6)
	        Index Cond: (id = 7959)

table 5 : explain DELETE FROM sbtest5 WHERE id=1419696
	Delete on sbtest5  (cost=0.43..8.45 rows=0 width=0)
	  ->  Index Scan using sbtest5_pkey on sbtest5  (cost=0.43..8.45 rows=1 width=6)
	        Index Cond: (id = 1419696)

table 6 : explain DELETE FROM sbtest6 WHERE id=1179870
	Delete on sbtest6  (cost=0.43..8.45 rows=0 width=0)
	  ->  Index Scan using sbtest6_pkey on sbtest6  (cost=0.43..8.45 rows=1 width=6)
	        Index Cond: (id = 1179870)

table 7 : explain DELETE FROM sbtest7 WHERE id=3163724
	Delete on sbtest7  (cost=0.43..8.45 rows=0 width=0)
	  ->  Index Scan using sbtest7_pkey on sbtest7  (cost=0.43..8.45 rows=1 width=6)
	        Index Cond: (id = 3163724)

table 8 : explain DELETE FROM sbtest8 WHERE id=3979794
	Delete on sbtest8  (cost=0.43..8.45 rows=0 width=0)
	  ->  Index Scan using sbtest8_pkey on sbtest8  (cost=0.43..8.45 rows=1 width=6)
	        Index Cond: (id = 3979794)

explain: for point_selects :: explain SELECT c FROM sbtest%u WHERE id=%u
explain: for inserts :: explain INSERT INTO sbtest%u (id, k, c, pad) VALUES (%u, 13, 'foobar', 'foobar')
for index_updates
table 1 : explain UPDATE sbtest1 SET k=k+1 WHERE id=8004509
	Update on sbtest1  (cost=0.43..8.46 rows=0 width=0)
	  ->  Index Scan using sbtest1_pkey on sbtest1  (cost=0.43..8.46 rows=1 width=10)
	        Index Cond: (id = 8004509)

table 2 : explain UPDATE sbtest2 SET k=k+1 WHERE id=2819004
	Update on sbtest2  (cost=0.43..8.46 rows=0 width=0)
	  ->  Index Scan using sbtest2_pkey on sbtest2  (cost=0.43..8.46 rows=1 width=10)
	        Index Cond: (id = 2819004)

table 3 : explain UPDATE sbtest3 SET k=k+1 WHERE id=1768933
	Update on sbtest3  (cost=0.43..8.46 rows=0 width=0)
	  ->  Index Scan using sbtest3_pkey on sbtest3  (cost=0.43..8.46 rows=1 width=10)
	        Index Cond: (id = 1768933)

table 4 : explain UPDATE sbtest4 SET k=k+1 WHERE id=1093472
	Update on sbtest4  (cost=0.43..8.46 rows=0 width=0)
	  ->  Index Scan using sbtest4_pkey on sbtest4  (cost=0.43..8.46 rows=1 width=10)
	        Index Cond: (id = 1093472)

table 5 : explain UPDATE sbtest5 SET k=k+1 WHERE id=4581274
	Update on sbtest5  (cost=0.43..8.46 rows=0 width=0)
	  ->  Index Scan using sbtest5_pkey on sbtest5  (cost=0.43..8.46 rows=1 width=10)
	        Index Cond: (id = 4581274)

table 6 : explain UPDATE sbtest6 SET k=k+1 WHERE id=9114340
	Update on sbtest6  (cost=0.43..8.46 rows=0 width=0)
	  ->  Index Scan using sbtest6_pkey on sbtest6  (cost=0.43..8.46 rows=1 width=10)
	        Index Cond: (id = 9114340)

table 7 : explain UPDATE sbtest7 SET k=k+1 WHERE id=2378898
	Update on sbtest7  (cost=0.43..8.46 rows=0 width=0)
	  ->  Index Scan using sbtest7_pkey on sbtest7  (cost=0.43..8.46 rows=1 width=10)
	        Index Cond: (id = 2378898)

table 8 : explain UPDATE sbtest8 SET k=k+1 WHERE id=7068765
	Update on sbtest8  (cost=0.43..8.46 rows=0 width=0)
	  ->  Index Scan using sbtest8_pkey on sbtest8  (cost=0.43..8.46 rows=1 width=10)
	        Index Cond: (id = 7068765)

for: distinct_ranges
table 1 : explain SELECT DISTINCT c FROM sbtest1 WHERE id BETWEEN 3154816 AND 3154825 ORDER BY c
	Unique  (cost=44.22..44.28 rows=11 width=121)
	  ->  Sort  (cost=44.22..44.25 rows=11 width=121)
	        Sort Key: c
	        ->  Index Scan using sbtest1_pkey on sbtest1  (cost=0.43..44.03 rows=11 width=121)
	              Index Cond: ((id >= 3154816) AND (id <= 3154825))

table 2 : explain SELECT DISTINCT c FROM sbtest2 WHERE id BETWEEN 9124560 AND 9124569 ORDER BY c
	Unique  (cost=44.36..44.41 rows=11 width=121)
	  ->  Sort  (cost=44.36..44.39 rows=11 width=121)
	        Sort Key: c
	        ->  Index Scan using sbtest2_pkey on sbtest2  (cost=0.43..44.17 rows=11 width=121)
	              Index Cond: ((id >= 9124560) AND (id <= 9124569))

table 3 : explain SELECT DISTINCT c FROM sbtest3 WHERE id BETWEEN 406115 AND 406124 ORDER BY c
	Unique  (cost=37.41..37.45 rows=9 width=121)
	  ->  Sort  (cost=37.41..37.43 rows=9 width=121)
	        Sort Key: c
	        ->  Index Scan using sbtest3_pkey on sbtest3  (cost=0.43..37.27 rows=9 width=121)
	              Index Cond: ((id >= 406115) AND (id <= 406124))

table 4 : explain SELECT DISTINCT c FROM sbtest4 WHERE id BETWEEN 9684474 AND 9684483 ORDER BY c
	Unique  (cost=40.90..40.95 rows=10 width=121)
	  ->  Sort  (cost=40.90..40.93 rows=10 width=121)
	        Sort Key: c
	        ->  Index Scan using sbtest4_pkey on sbtest4  (cost=0.43..40.73 rows=10 width=121)
	              Index Cond: ((id >= 9684474) AND (id <= 9684483))

table 5 : explain SELECT DISTINCT c FROM sbtest5 WHERE id BETWEEN 9185492 AND 9185501 ORDER BY c
	Unique  (cost=40.46..40.51 rows=10 width=121)
	  ->  Sort  (cost=40.46..40.49 rows=10 width=121)
	        Sort Key: c
	        ->  Index Scan using sbtest5_pkey on sbtest5  (cost=0.43..40.30 rows=10 width=121)
	              Index Cond: ((id >= 9185492) AND (id <= 9185501))

table 6 : explain SELECT DISTINCT c FROM sbtest6 WHERE id BETWEEN 9736191 AND 9736200 ORDER BY c
	Unique  (cost=37.39..37.43 rows=9 width=121)
	  ->  Sort  (cost=37.39..37.41 rows=9 width=121)
	        Sort Key: c
	        ->  Index Scan using sbtest6_pkey on sbtest6  (cost=0.43..37.25 rows=9 width=121)
	              Index Cond: ((id >= 9736191) AND (id <= 9736200))

table 7 : explain SELECT DISTINCT c FROM sbtest7 WHERE id BETWEEN 6091813 AND 6091822 ORDER BY c
	Unique  (cost=44.17..44.23 rows=11 width=121)
	  ->  Sort  (cost=44.17..44.20 rows=11 width=121)
	        Sort Key: c
	        ->  Index Scan using sbtest7_pkey on sbtest7  (cost=0.43..43.98 rows=11 width=121)
	              Index Cond: ((id >= 6091813) AND (id <= 6091822))

table 8 : explain SELECT DISTINCT c FROM sbtest8 WHERE id BETWEEN 1059614 AND 1059623 ORDER BY c
	Unique  (cost=40.40..40.45 rows=10 width=121)
	  ->  Sort  (cost=40.40..40.42 rows=10 width=121)
	        Sort Key: c
	        ->  Index Scan using sbtest8_pkey on sbtest8  (cost=0.43..40.23 rows=10 width=121)
	              Index Cond: ((id >= 1059614) AND (id <= 1059623))

explain: for non_index_updates :: explain UPDATE sbtest%u SET c='foobar' WHERE id=%u
explain: for non_index_updates :: explain UPDATE sbtest%u SET c='foobar' WHERE id=%u
explain: for point_selects :: explain SELECT c FROM sbtest%u WHERE id=%u
for: order_ranges
table 1 : explain SELECT c FROM sbtest1 WHERE id BETWEEN 2120230 AND 2120239 ORDER BY c
	Sort  (cost=40.64..40.66 rows=10 width=121)
	  Sort Key: c
	  ->  Index Scan using sbtest1_pkey on sbtest1  (cost=0.43..40.47 rows=10 width=121)
	        Index Cond: ((id >= 2120230) AND (id <= 2120239))

table 2 : explain SELECT c FROM sbtest2 WHERE id BETWEEN 9143749 AND 9143758 ORDER BY c
	Sort  (cost=44.36..44.39 rows=11 width=121)
	  Sort Key: c
	  ->  Index Scan using sbtest2_pkey on sbtest2  (cost=0.43..44.17 rows=11 width=121)
	        Index Cond: ((id >= 9143749) AND (id <= 9143758))

table 3 : explain SELECT c FROM sbtest3 WHERE id BETWEEN 6468033 AND 6468042 ORDER BY c
	Sort  (cost=41.03..41.06 rows=10 width=121)
	  Sort Key: c
	  ->  Index Scan using sbtest3_pkey on sbtest3  (cost=0.43..40.87 rows=10 width=121)
	        Index Cond: ((id >= 6468033) AND (id <= 6468042))

table 4 : explain SELECT c FROM sbtest4 WHERE id BETWEEN 2472082 AND 2472091 ORDER BY c
	Sort  (cost=40.90..40.93 rows=10 width=121)
	  Sort Key: c
	  ->  Index Scan using sbtest4_pkey on sbtest4  (cost=0.43..40.73 rows=10 width=121)
	        Index Cond: ((id >= 2472082) AND (id <= 2472091))

table 5 : explain SELECT c FROM sbtest5 WHERE id BETWEEN 6937661 AND 6937670 ORDER BY c
	Sort  (cost=40.46..40.49 rows=10 width=121)
	  Sort Key: c
	  ->  Index Scan using sbtest5_pkey on sbtest5  (cost=0.43..40.30 rows=10 width=121)
	        Index Cond: ((id >= 6937661) AND (id <= 6937670))

table 6 : explain SELECT c FROM sbtest6 WHERE id BETWEEN 9170761 AND 9170770 ORDER BY c
	Sort  (cost=41.01..41.04 rows=10 width=121)
	  Sort Key: c
	  ->  Index Scan using sbtest6_pkey on sbtest6  (cost=0.43..40.84 rows=10 width=121)
	        Index Cond: ((id >= 9170761) AND (id <= 9170770))

table 7 : explain SELECT c FROM sbtest7 WHERE id BETWEEN 1324846 AND 1324855 ORDER BY c
	Sort  (cost=37.02..37.04 rows=9 width=121)
	  Sort Key: c
	  ->  Index Scan using sbtest7_pkey on sbtest7  (cost=0.43..36.88 rows=9 width=121)
	        Index Cond: ((id >= 1324846) AND (id <= 1324855))

table 8 : explain SELECT c FROM sbtest8 WHERE id BETWEEN 2428471 AND 2428480 ORDER BY c
	Sort  (cost=43.95..43.98 rows=11 width=121)
	  Sort Key: c
	  ->  Index Scan using sbtest8_pkey on sbtest8  (cost=0.43..43.76 rows=11 width=121)
	        Index Cond: ((id >= 2428471) AND (id <= 2428480))

for: sum_ranges
table 1 : explain SELECT SUM(k) FROM sbtest1 WHERE id BETWEEN 7940946 AND 7940955
	Aggregate  (cost=40.50..40.51 rows=1 width=8)
	  ->  Index Scan using sbtest1_pkey on sbtest1  (cost=0.43..40.47 rows=10 width=4)
	        Index Cond: ((id >= 7940946) AND (id <= 7940955))

table 2 : explain SELECT SUM(k) FROM sbtest2 WHERE id BETWEEN 3873729 AND 3873738
	Aggregate  (cost=40.62..40.63 rows=1 width=8)
	  ->  Index Scan using sbtest2_pkey on sbtest2  (cost=0.43..40.60 rows=10 width=4)
	        Index Cond: ((id >= 3873729) AND (id <= 3873738))

table 3 : explain SELECT SUM(k) FROM sbtest3 WHERE id BETWEEN 4019131 AND 4019140
	Aggregate  (cost=40.89..40.90 rows=1 width=8)
	  ->  Index Scan using sbtest3_pkey on sbtest3  (cost=0.43..40.87 rows=10 width=4)
	        Index Cond: ((id >= 4019131) AND (id <= 4019140))

table 4 : explain SELECT SUM(k) FROM sbtest4 WHERE id BETWEEN 8712243 AND 8712252
	Aggregate  (cost=40.76..40.77 rows=1 width=8)
	  ->  Index Scan using sbtest4_pkey on sbtest4  (cost=0.43..40.73 rows=10 width=4)
	        Index Cond: ((id >= 8712243) AND (id <= 8712252))

table 5 : explain SELECT SUM(k) FROM sbtest5 WHERE id BETWEEN 747809 AND 747818
	Aggregate  (cost=40.32..40.33 rows=1 width=8)
	  ->  Index Scan using sbtest5_pkey on sbtest5  (cost=0.43..40.30 rows=10 width=4)
	        Index Cond: ((id >= 747809) AND (id <= 747818))

table 6 : explain SELECT SUM(k) FROM sbtest6 WHERE id BETWEEN 4461501 AND 4461510
	Aggregate  (cost=44.47..44.48 rows=1 width=8)
	  ->  Index Scan using sbtest6_pkey on sbtest6  (cost=0.43..44.44 rows=11 width=4)
	        Index Cond: ((id >= 4461501) AND (id <= 4461510))

table 7 : explain SELECT SUM(k) FROM sbtest7 WHERE id BETWEEN 9753452 AND 9753461
	Aggregate  (cost=44.01..44.02 rows=1 width=8)
	  ->  Index Scan using sbtest7_pkey on sbtest7  (cost=0.43..43.98 rows=11 width=4)
	        Index Cond: ((id >= 9753452) AND (id <= 9753461))

table 8 : explain SELECT SUM(k) FROM sbtest8 WHERE id BETWEEN 9581997 AND 9582006
	Aggregate  (cost=36.73..36.74 rows=1 width=8)
	  ->  Index Scan using sbtest8_pkey on sbtest8  (cost=0.43..36.70 rows=9 width=4)
	        Index Cond: ((id >= 9581997) AND (id <= 9582006))

for: order_ranges
table 1 : explain SELECT c FROM sbtest1 WHERE id BETWEEN 3017156 AND 3017165 ORDER BY c
	Sort  (cost=37.06..37.08 rows=9 width=121)
	  Sort Key: c
	  ->  Index Scan using sbtest1_pkey on sbtest1  (cost=0.43..36.92 rows=9 width=121)
	        Index Cond: ((id >= 3017156) AND (id <= 3017165))

table 2 : explain SELECT c FROM sbtest2 WHERE id BETWEEN 1633886 AND 1633895 ORDER BY c
	Sort  (cost=40.76..40.79 rows=10 width=121)
	  Sort Key: c
	  ->  Index Scan using sbtest2_pkey on sbtest2  (cost=0.43..40.60 rows=10 width=121)
	        Index Cond: ((id >= 1633886) AND (id <= 1633895))

table 3 : explain SELECT c FROM sbtest3 WHERE id BETWEEN 2003906 AND 2003915 ORDER BY c
	Sort  (cost=41.03..41.06 rows=10 width=121)
	  Sort Key: c
	  ->  Index Scan using sbtest3_pkey on sbtest3  (cost=0.43..40.87 rows=10 width=121)
	        Index Cond: ((id >= 2003906) AND (id <= 2003915))

table 4 : explain SELECT c FROM sbtest4 WHERE id BETWEEN 4445996 AND 4446005 ORDER BY c
	Sort  (cost=40.90..40.93 rows=10 width=121)
	  Sort Key: c
	  ->  Index Scan using sbtest4_pkey on sbtest4  (cost=0.43..40.73 rows=10 width=121)
	        Index Cond: ((id >= 4445996) AND (id <= 4446005))

table 5 : explain SELECT c FROM sbtest5 WHERE id BETWEEN 9372711 AND 9372720 ORDER BY c
	Sort  (cost=44.03..44.05 rows=11 width=121)
	  Sort Key: c
	  ->  Index Scan using sbtest5_pkey on sbtest5  (cost=0.43..43.84 rows=11 width=121)
	        Index Cond: ((id >= 9372711) AND (id <= 9372720))

table 6 : explain SELECT c FROM sbtest6 WHERE id BETWEEN 6636591 AND 6636600 ORDER BY c
	Sort  (cost=41.01..41.04 rows=10 width=121)
	  Sort Key: c
	  ->  Index Scan using sbtest6_pkey on sbtest6  (cost=0.43..40.84 rows=10 width=121)
	        Index Cond: ((id >= 6636591) AND (id <= 6636600))

table 7 : explain SELECT c FROM sbtest7 WHERE id BETWEEN 299298 AND 299307 ORDER BY c
	Sort  (cost=37.02..37.04 rows=9 width=121)
	  Sort Key: c
	  ->  Index Scan using sbtest7_pkey on sbtest7  (cost=0.43..36.88 rows=9 width=121)
	        Index Cond: ((id >= 299298) AND (id <= 299307))

table 8 : explain SELECT c FROM sbtest8 WHERE id BETWEEN 6609898 AND 6609907 ORDER BY c
	Sort  (cost=40.40..40.42 rows=10 width=121)
	  Sort Key: c
	  ->  Index Scan using sbtest8_pkey on sbtest8  (cost=0.43..40.23 rows=10 width=121)
	        Index Cond: ((id >= 6609898) AND (id <= 6609907))

explain: for inserts :: explain INSERT INTO sbtest%u (id, k, c, pad) VALUES (%u, 13, 'foobar', 'foobar')
for non_index_updates
table 1 : explain UPDATE sbtest1 SET c='foobar' WHERE id=8792250
	Update on sbtest1  (cost=0.43..8.45 rows=0 width=0)
	  ->  Index Scan using sbtest1_pkey on sbtest1  (cost=0.43..8.45 rows=1 width=490)
	        Index Cond: (id = 8792250)

table 2 : explain UPDATE sbtest2 SET c='foobar' WHERE id=1634289
	Update on sbtest2  (cost=0.43..8.45 rows=0 width=0)
	  ->  Index Scan using sbtest2_pkey on sbtest2  (cost=0.43..8.45 rows=1 width=490)
	        Index Cond: (id = 1634289)

table 3 : explain UPDATE sbtest3 SET c='foobar' WHERE id=2972080
	Update on sbtest3  (cost=0.43..8.45 rows=0 width=0)
	  ->  Index Scan using sbtest3_pkey on sbtest3  (cost=0.43..8.45 rows=1 width=490)
	        Index Cond: (id = 2972080)

table 4 : explain UPDATE sbtest4 SET c='foobar' WHERE id=3505868
	Update on sbtest4  (cost=0.43..8.45 rows=0 width=0)
	  ->  Index Scan using sbtest4_pkey on sbtest4  (cost=0.43..8.45 rows=1 width=490)
	        Index Cond: (id = 3505868)

table 5 : explain UPDATE sbtest5 SET c='foobar' WHERE id=7731593
	Update on sbtest5  (cost=0.43..8.45 rows=0 width=0)
	  ->  Index Scan using sbtest5_pkey on sbtest5  (cost=0.43..8.45 rows=1 width=490)
	        Index Cond: (id = 7731593)

table 6 : explain UPDATE sbtest6 SET c='foobar' WHERE id=1899609
	Update on sbtest6  (cost=0.43..8.45 rows=0 width=0)
	  ->  Index Scan using sbtest6_pkey on sbtest6  (cost=0.43..8.45 rows=1 width=490)
	        Index Cond: (id = 1899609)

table 7 : explain UPDATE sbtest7 SET c='foobar' WHERE id=9309535
	Update on sbtest7  (cost=0.43..8.45 rows=0 width=0)
	  ->  Index Scan using sbtest7_pkey on sbtest7  (cost=0.43..8.45 rows=1 width=490)
	        Index Cond: (id = 9309535)

table 8 : explain UPDATE sbtest8 SET c='foobar' WHERE id=3424546
	Update on sbtest8  (cost=0.43..8.45 rows=0 width=0)
	  ->  Index Scan using sbtest8_pkey on sbtest8  (cost=0.43..8.45 rows=1 width=490)
	        Index Cond: (id = 3424546)

for non_index_updates
table 1 : explain UPDATE sbtest1 SET c='foobar' WHERE id=9351680
	Update on sbtest1  (cost=0.43..8.45 rows=0 width=0)
	  ->  Index Scan using sbtest1_pkey on sbtest1  (cost=0.43..8.45 rows=1 width=490)
	        Index Cond: (id = 9351680)

table 2 : explain UPDATE sbtest2 SET c='foobar' WHERE id=692911
	Update on sbtest2  (cost=0.43..8.45 rows=0 width=0)
	  ->  Index Scan using sbtest2_pkey on sbtest2  (cost=0.43..8.45 rows=1 width=490)
	        Index Cond: (id = 692911)

table 3 : explain UPDATE sbtest3 SET c='foobar' WHERE id=6509002
	Update on sbtest3  (cost=0.43..8.45 rows=0 width=0)
	  ->  Index Scan using sbtest3_pkey on sbtest3  (cost=0.43..8.45 rows=1 width=490)
	        Index Cond: (id = 6509002)

table 4 : explain UPDATE sbtest4 SET c='foobar' WHERE id=6783421
	Update on sbtest4  (cost=0.43..8.45 rows=0 width=0)
	  ->  Index Scan using sbtest4_pkey on sbtest4  (cost=0.43..8.45 rows=1 width=490)
	        Index Cond: (id = 6783421)

table 5 : explain UPDATE sbtest5 SET c='foobar' WHERE id=8124191
	Update on sbtest5  (cost=0.43..8.45 rows=0 width=0)
	  ->  Index Scan using sbtest5_pkey on sbtest5  (cost=0.43..8.45 rows=1 width=490)
	        Index Cond: (id = 8124191)

table 6 : explain UPDATE sbtest6 SET c='foobar' WHERE id=318155
	Update on sbtest6  (cost=0.43..8.45 rows=0 width=0)
	  ->  Index Scan using sbtest6_pkey on sbtest6  (cost=0.43..8.45 rows=1 width=490)
	        Index Cond: (id = 318155)

table 7 : explain UPDATE sbtest7 SET c='foobar' WHERE id=7768307
	Update on sbtest7  (cost=0.43..8.45 rows=0 width=0)
	  ->  Index Scan using sbtest7_pkey on sbtest7  (cost=0.43..8.45 rows=1 width=490)
	        Index Cond: (id = 7768307)

table 8 : explain UPDATE sbtest8 SET c='foobar' WHERE id=5326966
	Update on sbtest8  (cost=0.43..8.45 rows=0 width=0)
	  ->  Index Scan using sbtest8_pkey on sbtest8  (cost=0.43..8.45 rows=1 width=490)
	        Index Cond: (id = 5326966)

for deletes
table 1 : explain DELETE FROM sbtest1 WHERE id=2133477
	Delete on sbtest1  (cost=0.43..8.45 rows=0 width=0)
	  ->  Index Scan using sbtest1_pkey on sbtest1  (cost=0.43..8.45 rows=1 width=6)
	        Index Cond: (id = 2133477)

table 2 : explain DELETE FROM sbtest2 WHERE id=9233816
	Delete on sbtest2  (cost=0.43..8.45 rows=0 width=0)
	  ->  Index Scan using sbtest2_pkey on sbtest2  (cost=0.43..8.45 rows=1 width=6)
	        Index Cond: (id = 9233816)

table 3 : explain DELETE FROM sbtest3 WHERE id=9044577
	Delete on sbtest3  (cost=0.43..8.45 rows=0 width=0)
	  ->  Index Scan using sbtest3_pkey on sbtest3  (cost=0.43..8.45 rows=1 width=6)
	        Index Cond: (id = 9044577)

table 4 : explain DELETE FROM sbtest4 WHERE id=6707513
	Delete on sbtest4  (cost=0.43..8.45 rows=0 width=0)
	  ->  Index Scan using sbtest4_pkey on sbtest4  (cost=0.43..8.45 rows=1 width=6)
	        Index Cond: (id = 6707513)

table 5 : explain DELETE FROM sbtest5 WHERE id=6378947
	Delete on sbtest5  (cost=0.43..8.45 rows=0 width=0)
	  ->  Index Scan using sbtest5_pkey on sbtest5  (cost=0.43..8.45 rows=1 width=6)
	        Index Cond: (id = 6378947)

table 6 : explain DELETE FROM sbtest6 WHERE id=7267551
	Delete on sbtest6  (cost=0.43..8.45 rows=0 width=0)
	  ->  Index Scan using sbtest6_pkey on sbtest6  (cost=0.43..8.45 rows=1 width=6)
	        Index Cond: (id = 7267551)

table 7 : explain DELETE FROM sbtest7 WHERE id=3995870
	Delete on sbtest7  (cost=0.43..8.45 rows=0 width=0)
	  ->  Index Scan using sbtest7_pkey on sbtest7  (cost=0.43..8.45 rows=1 width=6)
	        Index Cond: (id = 3995870)

table 8 : explain DELETE FROM sbtest8 WHERE id=3825453
	Delete on sbtest8  (cost=0.43..8.45 rows=0 width=0)
	  ->  Index Scan using sbtest8_pkey on sbtest8  (cost=0.43..8.45 rows=1 width=6)
	        Index Cond: (id = 3825453)

explain: for deletes :: explain DELETE FROM sbtest%u WHERE id=%u
for point_selects
table 1 : explain SELECT c FROM sbtest1 WHERE id=7742232
	Index Scan using sbtest1_pkey on sbtest1  (cost=0.43..8.45 rows=1 width=121)
	  Index Cond: (id = 7742232)

table 2 : explain SELECT c FROM sbtest2 WHERE id=4808152
	Index Scan using sbtest2_pkey on sbtest2  (cost=0.43..8.45 rows=1 width=121)
	  Index Cond: (id = 4808152)

table 3 : explain SELECT c FROM sbtest3 WHERE id=6108416
	Index Scan using sbtest3_pkey on sbtest3  (cost=0.43..8.45 rows=1 width=121)
	  Index Cond: (id = 6108416)

table 4 : explain SELECT c FROM sbtest4 WHERE id=1008238
	Index Scan using sbtest4_pkey on sbtest4  (cost=0.43..8.45 rows=1 width=121)
	  Index Cond: (id = 1008238)

table 5 : explain SELECT c FROM sbtest5 WHERE id=1420242
	Index Scan using sbtest5_pkey on sbtest5  (cost=0.43..8.45 rows=1 width=121)
	  Index Cond: (id = 1420242)

table 6 : explain SELECT c FROM sbtest6 WHERE id=5075137
	Index Scan using sbtest6_pkey on sbtest6  (cost=0.43..8.45 rows=1 width=121)
	  Index Cond: (id = 5075137)

table 7 : explain SELECT c FROM sbtest7 WHERE id=6604849
	Index Scan using sbtest7_pkey on sbtest7  (cost=0.43..8.45 rows=1 width=121)
	  Index Cond: (id = 6604849)

table 8 : explain SELECT c FROM sbtest8 WHERE id=6668568
	Index Scan using sbtest8_pkey on sbtest8  (cost=0.43..8.45 rows=1 width=121)
	  Index Cond: (id = 6668568)

explain: for inserts :: explain INSERT INTO sbtest%u (id, k, c, pad) VALUES (%u, 13, 'foobar', 'foobar')
for non_index_updates
table 1 : explain UPDATE sbtest1 SET c='foobar' WHERE id=8260992
	Update on sbtest1  (cost=0.43..8.45 rows=0 width=0)
	  ->  Index Scan using sbtest1_pkey on sbtest1  (cost=0.43..8.45 rows=1 width=490)
	        Index Cond: (id = 8260992)

table 2 : explain UPDATE sbtest2 SET c='foobar' WHERE id=918157
	Update on sbtest2  (cost=0.43..8.45 rows=0 width=0)
	  ->  Index Scan using sbtest2_pkey on sbtest2  (cost=0.43..8.45 rows=1 width=490)
	        Index Cond: (id = 918157)

table 3 : explain UPDATE sbtest3 SET c='foobar' WHERE id=4195573
	Update on sbtest3  (cost=0.43..8.45 rows=0 width=0)
	  ->  Index Scan using sbtest3_pkey on sbtest3  (cost=0.43..8.45 rows=1 width=490)
	        Index Cond: (id = 4195573)

table 4 : explain UPDATE sbtest4 SET c='foobar' WHERE id=6883346
	Update on sbtest4  (cost=0.43..8.45 rows=0 width=0)
	  ->  Index Scan using sbtest4_pkey on sbtest4  (cost=0.43..8.45 rows=1 width=490)
	        Index Cond: (id = 6883346)

table 5 : explain UPDATE sbtest5 SET c='foobar' WHERE id=183226
	Update on sbtest5  (cost=0.43..8.45 rows=0 width=0)
	  ->  Index Scan using sbtest5_pkey on sbtest5  (cost=0.43..8.45 rows=1 width=490)
	        Index Cond: (id = 183226)

table 6 : explain UPDATE sbtest6 SET c='foobar' WHERE id=653713
	Update on sbtest6  (cost=0.43..8.45 rows=0 width=0)
	  ->  Index Scan using sbtest6_pkey on sbtest6  (cost=0.43..8.45 rows=1 width=490)
	        Index Cond: (id = 653713)

table 7 : explain UPDATE sbtest7 SET c='foobar' WHERE id=4143187
	Update on sbtest7  (cost=0.43..8.45 rows=0 width=0)
	  ->  Index Scan using sbtest7_pkey on sbtest7  (cost=0.43..8.45 rows=1 width=490)
	        Index Cond: (id = 4143187)

table 8 : explain UPDATE sbtest8 SET c='foobar' WHERE id=833213
	Update on sbtest8  (cost=0.43..8.45 rows=0 width=0)
	  ->  Index Scan using sbtest8_pkey on sbtest8  (cost=0.43..8.45 rows=1 width=490)
	        Index Cond: (id = 833213)

explain: for deletes :: explain DELETE FROM sbtest%u WHERE id=%u
for: sum_ranges
table 1 : explain SELECT SUM(k) FROM sbtest1 WHERE id BETWEEN 3558688 AND 3558697
	Aggregate  (cost=44.06..44.07 rows=1 width=8)
	  ->  Index Scan using sbtest1_pkey on sbtest1  (cost=0.43..44.03 rows=11 width=4)
	        Index Cond: ((id >= 3558688) AND (id <= 3558697))

table 2 : explain SELECT SUM(k) FROM sbtest2 WHERE id BETWEEN 8891511 AND 8891520
	Aggregate  (cost=40.62..40.63 rows=1 width=8)
	  ->  Index Scan using sbtest2_pkey on sbtest2  (cost=0.43..40.60 rows=10 width=4)
	        Index Cond: ((id >= 8891511) AND (id <= 8891520))

table 3 : explain SELECT SUM(k) FROM sbtest3 WHERE id BETWEEN 4801641 AND 4801650
	Aggregate  (cost=37.29..37.30 rows=1 width=8)
	  ->  Index Scan using sbtest3_pkey on sbtest3  (cost=0.43..37.27 rows=9 width=4)
	        Index Cond: ((id >= 4801641) AND (id <= 4801650))

table 4 : explain SELECT SUM(k) FROM sbtest4 WHERE id BETWEEN 7426556 AND 7426565
	Aggregate  (cost=37.17..37.18 rows=1 width=8)
	  ->  Index Scan using sbtest4_pkey on sbtest4  (cost=0.43..37.15 rows=9 width=4)
	        Index Cond: ((id >= 7426556) AND (id <= 7426565))

table 5 : explain SELECT SUM(k) FROM sbtest5 WHERE id BETWEEN 9700414 AND 9700423
	Aggregate  (cost=36.78..36.79 rows=1 width=8)
	  ->  Index Scan using sbtest5_pkey on sbtest5  (cost=0.43..36.76 rows=9 width=4)
	        Index Cond: ((id >= 9700414) AND (id <= 9700423))

table 6 : explain SELECT SUM(k) FROM sbtest6 WHERE id BETWEEN 1383535 AND 1383544
	Aggregate  (cost=44.47..44.48 rows=1 width=8)
	  ->  Index Scan using sbtest6_pkey on sbtest6  (cost=0.43..44.44 rows=11 width=4)
	        Index Cond: ((id >= 1383535) AND (id <= 1383544))

table 7 : explain SELECT SUM(k) FROM sbtest7 WHERE id BETWEEN 6598551 AND 6598560
	Aggregate  (cost=40.45..40.46 rows=1 width=8)
	  ->  Index Scan using sbtest7_pkey on sbtest7  (cost=0.43..40.43 rows=10 width=4)
	        Index Cond: ((id >= 6598551) AND (id <= 6598560))

table 8 : explain SELECT SUM(k) FROM sbtest8 WHERE id BETWEEN 7001242 AND 7001251
	Aggregate  (cost=43.79..43.80 rows=1 width=8)
	  ->  Index Scan using sbtest8_pkey on sbtest8  (cost=0.43..43.76 rows=11 width=4)
	        Index Cond: ((id >= 7001242) AND (id <= 7001251))

for deletes
table 1 : explain DELETE FROM sbtest1 WHERE id=4230681
	Delete on sbtest1  (cost=0.43..8.45 rows=0 width=0)
	  ->  Index Scan using sbtest1_pkey on sbtest1  (cost=0.43..8.45 rows=1 width=6)
	        Index Cond: (id = 4230681)

table 2 : explain DELETE FROM sbtest2 WHERE id=5544934
	Delete on sbtest2  (cost=0.43..8.45 rows=0 width=0)
	  ->  Index Scan using sbtest2_pkey on sbtest2  (cost=0.43..8.45 rows=1 width=6)
	        Index Cond: (id = 5544934)

table 3 : explain DELETE FROM sbtest3 WHERE id=2995443
	Delete on sbtest3  (cost=0.43..8.45 rows=0 width=0)
	  ->  Index Scan using sbtest3_pkey on sbtest3  (cost=0.43..8.45 rows=1 width=6)
	        Index Cond: (id = 2995443)

table 4 : explain DELETE FROM sbtest4 WHERE id=7908721
	Delete on sbtest4  (cost=0.43..8.45 rows=0 width=0)
	  ->  Index Scan using sbtest4_pkey on sbtest4  (cost=0.43..8.45 rows=1 width=6)
	        Index Cond: (id = 7908721)

table 5 : explain DELETE FROM sbtest5 WHERE id=3123996
	Delete on sbtest5  (cost=0.43..8.45 rows=0 width=0)
	  ->  Index Scan using sbtest5_pkey on sbtest5  (cost=0.43..8.45 rows=1 width=6)
	        Index Cond: (id = 3123996)

table 6 : explain DELETE FROM sbtest6 WHERE id=7338468
	Delete on sbtest6  (cost=0.43..8.45 rows=0 width=0)
	  ->  Index Scan using sbtest6_pkey on sbtest6  (cost=0.43..8.45 rows=1 width=6)
	        Index Cond: (id = 7338468)

table 7 : explain DELETE FROM sbtest7 WHERE id=6531815
	Delete on sbtest7  (cost=0.43..8.45 rows=0 width=0)
	  ->  Index Scan using sbtest7_pkey on sbtest7  (cost=0.43..8.45 rows=1 width=6)
	        Index Cond: (id = 6531815)

table 8 : explain DELETE FROM sbtest8 WHERE id=5476232
	Delete on sbtest8  (cost=0.43..8.45 rows=0 width=0)
	  ->  Index Scan using sbtest8_pkey on sbtest8  (cost=0.43..8.45 rows=1 width=6)
	        Index Cond: (id = 5476232)

for inserts
table 1 : explain INSERT INTO sbtest1 (id, k, c, pad) VALUES (6498002, 13, 'foobar', 'foobar')
	Insert on sbtest1  (cost=0.00..0.01 rows=0 width=0)
	  ->  Result  (cost=0.00..0.01 rows=1 width=736)

table 2 : explain INSERT INTO sbtest2 (id, k, c, pad) VALUES (165616, 13, 'foobar', 'foobar')
	Insert on sbtest2  (cost=0.00..0.01 rows=0 width=0)
	  ->  Result  (cost=0.00..0.01 rows=1 width=736)

table 3 : explain INSERT INTO sbtest3 (id, k, c, pad) VALUES (2393338, 13, 'foobar', 'foobar')
	Insert on sbtest3  (cost=0.00..0.01 rows=0 width=0)
	  ->  Result  (cost=0.00..0.01 rows=1 width=736)

table 4 : explain INSERT INTO sbtest4 (id, k, c, pad) VALUES (889220, 13, 'foobar', 'foobar')
	Insert on sbtest4  (cost=0.00..0.01 rows=0 width=0)
	  ->  Result  (cost=0.00..0.01 rows=1 width=736)

table 5 : explain INSERT INTO sbtest5 (id, k, c, pad) VALUES (7829666, 13, 'foobar', 'foobar')
	Insert on sbtest5  (cost=0.00..0.01 rows=0 width=0)
	  ->  Result  (cost=0.00..0.01 rows=1 width=736)

table 6 : explain INSERT INTO sbtest6 (id, k, c, pad) VALUES (252541, 13, 'foobar', 'foobar')
	Insert on sbtest6  (cost=0.00..0.01 rows=0 width=0)
	  ->  Result  (cost=0.00..0.01 rows=1 width=736)

table 7 : explain INSERT INTO sbtest7 (id, k, c, pad) VALUES (8231178, 13, 'foobar', 'foobar')
	Insert on sbtest7  (cost=0.00..0.01 rows=0 width=0)
	  ->  Result  (cost=0.00..0.01 rows=1 width=736)

table 8 : explain INSERT INTO sbtest8 (id, k, c, pad) VALUES (1276794, 13, 'foobar', 'foobar')
	Insert on sbtest8  (cost=0.00..0.01 rows=0 width=0)
	  ->  Result  (cost=0.00..0.01 rows=1 width=736)

for: sum_ranges
table 1 : explain SELECT SUM(k) FROM sbtest1 WHERE id BETWEEN 4215657 AND 4215666
	Aggregate  (cost=44.06..44.07 rows=1 width=8)
	  ->  Index Scan using sbtest1_pkey on sbtest1  (cost=0.43..44.03 rows=11 width=4)
	        Index Cond: ((id >= 4215657) AND (id <= 4215666))

table 2 : explain SELECT SUM(k) FROM sbtest2 WHERE id BETWEEN 9207115 AND 9207124
	Aggregate  (cost=44.20..44.21 rows=1 width=8)
	  ->  Index Scan using sbtest2_pkey on sbtest2  (cost=0.43..44.17 rows=11 width=4)
	        Index Cond: ((id >= 9207115) AND (id <= 9207124))

table 3 : explain SELECT SUM(k) FROM sbtest3 WHERE id BETWEEN 8700296 AND 8700305
	Aggregate  (cost=40.89..40.90 rows=1 width=8)
	  ->  Index Scan using sbtest3_pkey on sbtest3  (cost=0.43..40.87 rows=10 width=4)
	        Index Cond: ((id >= 8700296) AND (id <= 8700305))

table 4 : explain SELECT SUM(k) FROM sbtest4 WHERE id BETWEEN 3783143 AND 3783152
	Aggregate  (cost=40.76..40.77 rows=1 width=8)
	  ->  Index Scan using sbtest4_pkey on sbtest4  (cost=0.43..40.73 rows=10 width=4)
	        Index Cond: ((id >= 3783143) AND (id <= 3783152))

table 5 : explain SELECT SUM(k) FROM sbtest5 WHERE id BETWEEN 3703282 AND 3703291
	Aggregate  (cost=40.32..40.33 rows=1 width=8)
	  ->  Index Scan using sbtest5_pkey on sbtest5  (cost=0.43..40.30 rows=10 width=4)
	        Index Cond: ((id >= 3703282) AND (id <= 3703291))

table 6 : explain SELECT SUM(k) FROM sbtest6 WHERE id BETWEEN 4879981 AND 4879990
	Aggregate  (cost=40.87..40.88 rows=1 width=8)
	  ->  Index Scan using sbtest6_pkey on sbtest6  (cost=0.43..40.84 rows=10 width=4)
	        Index Cond: ((id >= 4879981) AND (id <= 4879990))

table 7 : explain SELECT SUM(k) FROM sbtest7 WHERE id BETWEEN 1560948 AND 1560957
	Aggregate  (cost=40.45..40.46 rows=1 width=8)
	  ->  Index Scan using sbtest7_pkey on sbtest7  (cost=0.43..40.43 rows=10 width=4)
	        Index Cond: ((id >= 1560948) AND (id <= 1560957))

table 8 : explain SELECT SUM(k) FROM sbtest8 WHERE id BETWEEN 7139715 AND 7139724
	Aggregate  (cost=40.26..40.27 rows=1 width=8)
	  ->  Index Scan using sbtest8_pkey on sbtest8  (cost=0.43..40.23 rows=10 width=4)
	        Index Cond: ((id >= 7139715) AND (id <= 7139724))

explain: for deletes :: explain DELETE FROM sbtest%u WHERE id=%u
for point_selects
table 1 : explain SELECT c FROM sbtest1 WHERE id=579410
	Index Scan using sbtest1_pkey on sbtest1  (cost=0.43..8.45 rows=1 width=121)
	  Index Cond: (id = 579410)

table 2 : explain SELECT c FROM sbtest2 WHERE id=1955087
	Index Scan using sbtest2_pkey on sbtest2  (cost=0.43..8.45 rows=1 width=121)
	  Index Cond: (id = 1955087)

table 3 : explain SELECT c FROM sbtest3 WHERE id=9975803
	Index Scan using sbtest3_pkey on sbtest3  (cost=0.43..8.45 rows=1 width=121)
	  Index Cond: (id = 9975803)

table 4 : explain SELECT c FROM sbtest4 WHERE id=6317635
	Index Scan using sbtest4_pkey on sbtest4  (cost=0.43..8.45 rows=1 width=121)
	  Index Cond: (id = 6317635)

table 5 : explain SELECT c FROM sbtest5 WHERE id=9037465
	Index Scan using sbtest5_pkey on sbtest5  (cost=0.43..8.45 rows=1 width=121)
	  Index Cond: (id = 9037465)

table 6 : explain SELECT c FROM sbtest6 WHERE id=8001409
	Index Scan using sbtest6_pkey on sbtest6  (cost=0.43..8.45 rows=1 width=121)
	  Index Cond: (id = 8001409)

table 7 : explain SELECT c FROM sbtest7 WHERE id=5464863
	Index Scan using sbtest7_pkey on sbtest7  (cost=0.43..8.45 rows=1 width=121)
	  Index Cond: (id = 5464863)

table 8 : explain SELECT c FROM sbtest8 WHERE id=3460856
	Index Scan using sbtest8_pkey on sbtest8  (cost=0.43..8.45 rows=1 width=121)
	  Index Cond: (id = 3460856)

explain: for inserts :: explain INSERT INTO sbtest%u (id, k, c, pad) VALUES (%u, 13, 'foobar', 'foobar')
for: simple_ranges
table 1 : explain SELECT c FROM sbtest1 WHERE id BETWEEN 5126602 AND 5126611
	Index Scan using sbtest1_pkey on sbtest1  (cost=0.43..40.47 rows=10 width=121)
	  Index Cond: ((id >= 5126602) AND (id <= 5126611))

table 2 : explain SELECT c FROM sbtest2 WHERE id BETWEEN 3323395 AND 3323404
	Index Scan using sbtest2_pkey on sbtest2  (cost=0.43..40.60 rows=10 width=121)
	  Index Cond: ((id >= 3323395) AND (id <= 3323404))

table 3 : explain SELECT c FROM sbtest3 WHERE id BETWEEN 2215880 AND 2215889
	Index Scan using sbtest3_pkey on sbtest3  (cost=0.43..44.47 rows=11 width=121)
	  Index Cond: ((id >= 2215880) AND (id <= 2215889))

table 4 : explain SELECT c FROM sbtest4 WHERE id BETWEEN 5888079 AND 5888088
	Index Scan using sbtest4_pkey on sbtest4  (cost=0.43..37.15 rows=9 width=121)
	  Index Cond: ((id >= 5888079) AND (id <= 5888088))

table 5 : explain SELECT c FROM sbtest5 WHERE id BETWEEN 4001020 AND 4001029
	Index Scan using sbtest5_pkey on sbtest5  (cost=0.43..36.76 rows=9 width=121)
	  Index Cond: ((id >= 4001020) AND (id <= 4001029))

table 6 : explain SELECT c FROM sbtest6 WHERE id BETWEEN 2812755 AND 2812764
	Index Scan using sbtest6_pkey on sbtest6  (cost=0.43..37.25 rows=9 width=121)
	  Index Cond: ((id >= 2812755) AND (id <= 2812764))

table 7 : explain SELECT c FROM sbtest7 WHERE id BETWEEN 1448830 AND 1448839
	Index Scan using sbtest7_pkey on sbtest7  (cost=0.43..43.98 rows=11 width=121)
	  Index Cond: ((id >= 1448830) AND (id <= 1448839))

table 8 : explain SELECT c FROM sbtest8 WHERE id BETWEEN 1748197 AND 1748206
	Index Scan using sbtest8_pkey on sbtest8  (cost=0.43..43.76 rows=11 width=121)
	  Index Cond: ((id >= 1748197) AND (id <= 1748206))

for: distinct_ranges
table 1 : explain SELECT DISTINCT c FROM sbtest1 WHERE id BETWEEN 255514 AND 255523 ORDER BY c
	Unique  (cost=40.64..40.69 rows=10 width=121)
	  ->  Sort  (cost=40.64..40.66 rows=10 width=121)
	        Sort Key: c
	        ->  Index Scan using sbtest1_pkey on sbtest1  (cost=0.43..40.47 rows=10 width=121)
	              Index Cond: ((id >= 255514) AND (id <= 255523))

table 2 : explain SELECT DISTINCT c FROM sbtest2 WHERE id BETWEEN 7584083 AND 7584092 ORDER BY c
	Unique  (cost=40.76..40.81 rows=10 width=121)
	  ->  Sort  (cost=40.76..40.79 rows=10 width=121)
	        Sort Key: c
	        ->  Index Scan using sbtest2_pkey on sbtest2  (cost=0.43..40.60 rows=10 width=121)
	              Index Cond: ((id >= 7584083) AND (id <= 7584092))

table 3 : explain SELECT DISTINCT c FROM sbtest3 WHERE id BETWEEN 295629 AND 295638 ORDER BY c
	Unique  (cost=41.03..41.08 rows=10 width=121)
	  ->  Sort  (cost=41.03..41.06 rows=10 width=121)
	        Sort Key: c
	        ->  Index Scan using sbtest3_pkey on sbtest3  (cost=0.43..40.87 rows=10 width=121)
	              Index Cond: ((id >= 295629) AND (id <= 295638))

table 4 : explain SELECT DISTINCT c FROM sbtest4 WHERE id BETWEEN 4395401 AND 4395410 ORDER BY c
	Unique  (cost=40.90..40.95 rows=10 width=121)
	  ->  Sort  (cost=40.90..40.93 rows=10 width=121)
	        Sort Key: c
	        ->  Index Scan using sbtest4_pkey on sbtest4  (cost=0.43..40.73 rows=10 width=121)
	              Index Cond: ((id >= 4395401) AND (id <= 4395410))

table 5 : explain SELECT DISTINCT c FROM sbtest5 WHERE id BETWEEN 657988 AND 657997 ORDER BY c
	Unique  (cost=40.46..40.51 rows=10 width=121)
	  ->  Sort  (cost=40.46..40.49 rows=10 width=121)
	        Sort Key: c
	        ->  Index Scan using sbtest5_pkey on sbtest5  (cost=0.43..40.30 rows=10 width=121)
	              Index Cond: ((id >= 657988) AND (id <= 657997))

table 6 : explain SELECT DISTINCT c FROM sbtest6 WHERE id BETWEEN 7876625 AND 7876634 ORDER BY c
	Unique  (cost=33.77..33.81 rows=8 width=121)
	  ->  Sort  (cost=33.77..33.79 rows=8 width=121)
	        Sort Key: c
	        ->  Index Scan using sbtest6_pkey on sbtest6  (cost=0.43..33.65 rows=8 width=121)
	              Index Cond: ((id >= 7876625) AND (id <= 7876634))

table 7 : explain SELECT DISTINCT c FROM sbtest7 WHERE id BETWEEN 1432181 AND 1432190 ORDER BY c
	Unique  (cost=44.17..44.23 rows=11 width=121)
	  ->  Sort  (cost=44.17..44.20 rows=11 width=121)
	        Sort Key: c
	        ->  Index Scan using sbtest7_pkey on sbtest7  (cost=0.43..43.98 rows=11 width=121)
	              Index Cond: ((id >= 1432181) AND (id <= 1432190))

table 8 : explain SELECT DISTINCT c FROM sbtest8 WHERE id BETWEEN 9392653 AND 9392662 ORDER BY c
	Unique  (cost=40.40..40.45 rows=10 width=121)
	  ->  Sort  (cost=40.40..40.42 rows=10 width=121)
	        Sort Key: c
	        ->  Index Scan using sbtest8_pkey on sbtest8  (cost=0.43..40.23 rows=10 width=121)
	              Index Cond: ((id >= 9392653) AND (id <= 9392662))

for inserts
table 1 : explain INSERT INTO sbtest1 (id, k, c, pad) VALUES (7655247, 13, 'foobar', 'foobar')
	Insert on sbtest1  (cost=0.00..0.01 rows=0 width=0)
	  ->  Result  (cost=0.00..0.01 rows=1 width=736)

table 2 : explain INSERT INTO sbtest2 (id, k, c, pad) VALUES (4786069, 13, 'foobar', 'foobar')
	Insert on sbtest2  (cost=0.00..0.01 rows=0 width=0)
	  ->  Result  (cost=0.00..0.01 rows=1 width=736)

table 3 : explain INSERT INTO sbtest3 (id, k, c, pad) VALUES (6136152, 13, 'foobar', 'foobar')
	Insert on sbtest3  (cost=0.00..0.01 rows=0 width=0)
	  ->  Result  (cost=0.00..0.01 rows=1 width=736)

table 4 : explain INSERT INTO sbtest4 (id, k, c, pad) VALUES (4712424, 13, 'foobar', 'foobar')
	Insert on sbtest4  (cost=0.00..0.01 rows=0 width=0)
	  ->  Result  (cost=0.00..0.01 rows=1 width=736)

table 5 : explain INSERT INTO sbtest5 (id, k, c, pad) VALUES (5995618, 13, 'foobar', 'foobar')
	Insert on sbtest5  (cost=0.00..0.01 rows=0 width=0)
	  ->  Result  (cost=0.00..0.01 rows=1 width=736)

table 6 : explain INSERT INTO sbtest6 (id, k, c, pad) VALUES (3077431, 13, 'foobar', 'foobar')
	Insert on sbtest6  (cost=0.00..0.01 rows=0 width=0)
	  ->  Result  (cost=0.00..0.01 rows=1 width=736)

table 7 : explain INSERT INTO sbtest7 (id, k, c, pad) VALUES (298039, 13, 'foobar', 'foobar')
	Insert on sbtest7  (cost=0.00..0.01 rows=0 width=0)
	  ->  Result  (cost=0.00..0.01 rows=1 width=736)

table 8 : explain INSERT INTO sbtest8 (id, k, c, pad) VALUES (1096791, 13, 'foobar', 'foobar')
	Insert on sbtest8  (cost=0.00..0.01 rows=0 width=0)
	  ->  Result  (cost=0.00..0.01 rows=1 width=736)

for deletes
table 1 : explain DELETE FROM sbtest1 WHERE id=242715
	Delete on sbtest1  (cost=0.43..8.45 rows=0 width=0)
	  ->  Index Scan using sbtest1_pkey on sbtest1  (cost=0.43..8.45 rows=1 width=6)
	        Index Cond: (id = 242715)

table 2 : explain DELETE FROM sbtest2 WHERE id=4221818
	Delete on sbtest2  (cost=0.43..8.45 rows=0 width=0)
	  ->  Index Scan using sbtest2_pkey on sbtest2  (cost=0.43..8.45 rows=1 width=6)
	        Index Cond: (id = 4221818)

table 3 : explain DELETE FROM sbtest3 WHERE id=6592859
	Delete on sbtest3  (cost=0.43..8.45 rows=0 width=0)
	  ->  Index Scan using sbtest3_pkey on sbtest3  (cost=0.43..8.45 rows=1 width=6)
	        Index Cond: (id = 6592859)

table 4 : explain DELETE FROM sbtest4 WHERE id=4517575
	Delete on sbtest4  (cost=0.43..8.45 rows=0 width=0)
	  ->  Index Scan using sbtest4_pkey on sbtest4  (cost=0.43..8.45 rows=1 width=6)
	        Index Cond: (id = 4517575)

table 5 : explain DELETE FROM sbtest5 WHERE id=6851912
	Delete on sbtest5  (cost=0.43..8.45 rows=0 width=0)
	  ->  Index Scan using sbtest5_pkey on sbtest5  (cost=0.43..8.45 rows=1 width=6)
	        Index Cond: (id = 6851912)

table 6 : explain DELETE FROM sbtest6 WHERE id=3402675
	Delete on sbtest6  (cost=0.43..8.45 rows=0 width=0)
	  ->  Index Scan using sbtest6_pkey on sbtest6  (cost=0.43..8.45 rows=1 width=6)
	        Index Cond: (id = 3402675)

table 7 : explain DELETE FROM sbtest7 WHERE id=3727424
	Delete on sbtest7  (cost=0.43..8.45 rows=0 width=0)
	  ->  Index Scan using sbtest7_pkey on sbtest7  (cost=0.43..8.45 rows=1 width=6)
	        Index Cond: (id = 3727424)

table 8 : explain DELETE FROM sbtest8 WHERE id=21564
	Delete on sbtest8  (cost=0.43..8.45 rows=0 width=0)
	  ->  Index Scan using sbtest8_pkey on sbtest8  (cost=0.43..8.45 rows=1 width=6)
	        Index Cond: (id = 21564)

for inserts
table 1 : explain INSERT INTO sbtest1 (id, k, c, pad) VALUES (7611378, 13, 'foobar', 'foobar')
	Insert on sbtest1  (cost=0.00..0.01 rows=0 width=0)
	  ->  Result  (cost=0.00..0.01 rows=1 width=736)

table 2 : explain INSERT INTO sbtest2 (id, k, c, pad) VALUES (4397361, 13, 'foobar', 'foobar')
	Insert on sbtest2  (cost=0.00..0.01 rows=0 width=0)
	  ->  Result  (cost=0.00..0.01 rows=1 width=736)

table 3 : explain INSERT INTO sbtest3 (id, k, c, pad) VALUES (1255478, 13, 'foobar', 'foobar')
	Insert on sbtest3  (cost=0.00..0.01 rows=0 width=0)
	  ->  Result  (cost=0.00..0.01 rows=1 width=736)

table 4 : explain INSERT INTO sbtest4 (id, k, c, pad) VALUES (9760646, 13, 'foobar', 'foobar')
	Insert on sbtest4  (cost=0.00..0.01 rows=0 width=0)
	  ->  Result  (cost=0.00..0.01 rows=1 width=736)

table 5 : explain INSERT INTO sbtest5 (id, k, c, pad) VALUES (8013116, 13, 'foobar', 'foobar')
	Insert on sbtest5  (cost=0.00..0.01 rows=0 width=0)
	  ->  Result  (cost=0.00..0.01 rows=1 width=736)

table 6 : explain INSERT INTO sbtest6 (id, k, c, pad) VALUES (3587677, 13, 'foobar', 'foobar')
	Insert on sbtest6  (cost=0.00..0.01 rows=0 width=0)
	  ->  Result  (cost=0.00..0.01 rows=1 width=736)

table 7 : explain INSERT INTO sbtest7 (id, k, c, pad) VALUES (6981604, 13, 'foobar', 'foobar')
	Insert on sbtest7  (cost=0.00..0.01 rows=0 width=0)
	  ->  Result  (cost=0.00..0.01 rows=1 width=736)

table 8 : explain INSERT INTO sbtest8 (id, k, c, pad) VALUES (8223693, 13, 'foobar', 'foobar')
	Insert on sbtest8  (cost=0.00..0.01 rows=0 width=0)
	  ->  Result  (cost=0.00..0.01 rows=1 width=736)

for inserts
table 1 : explain INSERT INTO sbtest1 (id, k, c, pad) VALUES (1624211, 13, 'foobar', 'foobar')
	Insert on sbtest1  (cost=0.00..0.01 rows=0 width=0)
	  ->  Result  (cost=0.00..0.01 rows=1 width=736)

table 2 : explain INSERT INTO sbtest2 (id, k, c, pad) VALUES (328821, 13, 'foobar', 'foobar')
	Insert on sbtest2  (cost=0.00..0.01 rows=0 width=0)
	  ->  Result  (cost=0.00..0.01 rows=1 width=736)

table 3 : explain INSERT INTO sbtest3 (id, k, c, pad) VALUES (5292787, 13, 'foobar', 'foobar')
	Insert on sbtest3  (cost=0.00..0.01 rows=0 width=0)
	  ->  Result  (cost=0.00..0.01 rows=1 width=736)

table 4 : explain INSERT INTO sbtest4 (id, k, c, pad) VALUES (9739205, 13, 'foobar', 'foobar')
	Insert on sbtest4  (cost=0.00..0.01 rows=0 width=0)
	  ->  Result  (cost=0.00..0.01 rows=1 width=736)

table 5 : explain INSERT INTO sbtest5 (id, k, c, pad) VALUES (1380192, 13, 'foobar', 'foobar')
	Insert on sbtest5  (cost=0.00..0.01 rows=0 width=0)
	  ->  Result  (cost=0.00..0.01 rows=1 width=736)

table 6 : explain INSERT INTO sbtest6 (id, k, c, pad) VALUES (1946975, 13, 'foobar', 'foobar')
	Insert on sbtest6  (cost=0.00..0.01 rows=0 width=0)
	  ->  Result  (cost=0.00..0.01 rows=1 width=736)

table 7 : explain INSERT INTO sbtest7 (id, k, c, pad) VALUES (7400985, 13, 'foobar', 'foobar')
	Insert on sbtest7  (cost=0.00..0.01 rows=0 width=0)
	  ->  Result  (cost=0.00..0.01 rows=1 width=736)

table 8 : explain INSERT INTO sbtest8 (id, k, c, pad) VALUES (1700366, 13, 'foobar', 'foobar')
	Insert on sbtest8  (cost=0.00..0.01 rows=0 width=0)
	  ->  Result  (cost=0.00..0.01 rows=1 width=736)

explain: for index_updates :: explain UPDATE sbtest%u SET k=k+1 WHERE id=%u
for deletes
table 1 : explain DELETE FROM sbtest1 WHERE id=6437654
	Delete on sbtest1  (cost=0.43..8.45 rows=0 width=0)
	  ->  Index Scan using sbtest1_pkey on sbtest1  (cost=0.43..8.45 rows=1 width=6)
	        Index Cond: (id = 6437654)

table 2 : explain DELETE FROM sbtest2 WHERE id=9528093
	Delete on sbtest2  (cost=0.43..8.45 rows=0 width=0)
	  ->  Index Scan using sbtest2_pkey on sbtest2  (cost=0.43..8.45 rows=1 width=6)
	        Index Cond: (id = 9528093)

table 3 : explain DELETE FROM sbtest3 WHERE id=6843627
	Delete on sbtest3  (cost=0.43..8.45 rows=0 width=0)
	  ->  Index Scan using sbtest3_pkey on sbtest3  (cost=0.43..8.45 rows=1 width=6)
	        Index Cond: (id = 6843627)

table 4 : explain DELETE FROM sbtest4 WHERE id=5908059
	Delete on sbtest4  (cost=0.43..8.45 rows=0 width=0)
	  ->  Index Scan using sbtest4_pkey on sbtest4  (cost=0.43..8.45 rows=1 width=6)
	        Index Cond: (id = 5908059)

table 5 : explain DELETE FROM sbtest5 WHERE id=4846208
	Delete on sbtest5  (cost=0.43..8.45 rows=0 width=0)
	  ->  Index Scan using sbtest5_pkey on sbtest5  (cost=0.43..8.45 rows=1 width=6)
	        Index Cond: (id = 4846208)

table 6 : explain DELETE FROM sbtest6 WHERE id=3334438
	Delete on sbtest6  (cost=0.43..8.45 rows=0 width=0)
	  ->  Index Scan using sbtest6_pkey on sbtest6  (cost=0.43..8.45 rows=1 width=6)
	        Index Cond: (id = 3334438)

table 7 : explain DELETE FROM sbtest7 WHERE id=9804740
	Delete on sbtest7  (cost=0.43..8.45 rows=0 width=0)
	  ->  Index Scan using sbtest7_pkey on sbtest7  (cost=0.43..8.45 rows=1 width=6)
	        Index Cond: (id = 9804740)

table 8 : explain DELETE FROM sbtest8 WHERE id=2957028
	Delete on sbtest8  (cost=0.43..8.45 rows=0 width=0)
	  ->  Index Scan using sbtest8_pkey on sbtest8  (cost=0.43..8.45 rows=1 width=6)
	        Index Cond: (id = 2957028)

for: distinct_ranges
table 1 : explain SELECT DISTINCT c FROM sbtest1 WHERE id BETWEEN 1474519 AND 1474528 ORDER BY c
	Unique  (cost=40.64..40.69 rows=10 width=121)
	  ->  Sort  (cost=40.64..40.66 rows=10 width=121)
	        Sort Key: c
	        ->  Index Scan using sbtest1_pkey on sbtest1  (cost=0.43..40.47 rows=10 width=121)
	              Index Cond: ((id >= 1474519) AND (id <= 1474528))

table 2 : explain SELECT DISTINCT c FROM sbtest2 WHERE id BETWEEN 6496566 AND 6496575 ORDER BY c
	Unique  (cost=40.76..40.81 rows=10 width=121)
	  ->  Sort  (cost=40.76..40.79 rows=10 width=121)
	        Sort Key: c
	        ->  Index Scan using sbtest2_pkey on sbtest2  (cost=0.43..40.60 rows=10 width=121)
	              Index Cond: ((id >= 6496566) AND (id <= 6496575))

table 3 : explain SELECT DISTINCT c FROM sbtest3 WHERE id BETWEEN 7501138 AND 7501147 ORDER BY c
	Unique  (cost=41.03..41.08 rows=10 width=121)
	  ->  Sort  (cost=41.03..41.06 rows=10 width=121)
	        Sort Key: c
	        ->  Index Scan using sbtest3_pkey on sbtest3  (cost=0.43..40.87 rows=10 width=121)
	              Index Cond: ((id >= 7501138) AND (id <= 7501147))

table 4 : explain SELECT DISTINCT c FROM sbtest4 WHERE id BETWEEN 4311775 AND 4311784 ORDER BY c
	Unique  (cost=37.29..37.34 rows=9 width=121)
	  ->  Sort  (cost=37.29..37.31 rows=9 width=121)
	        Sort Key: c
	        ->  Index Scan using sbtest4_pkey on sbtest4  (cost=0.43..37.15 rows=9 width=121)
	              Index Cond: ((id >= 4311775) AND (id <= 4311784))

table 5 : explain SELECT DISTINCT c FROM sbtest5 WHERE id BETWEEN 8093105 AND 8093114 ORDER BY c
	Unique  (cost=40.46..40.51 rows=10 width=121)
	  ->  Sort  (cost=40.46..40.49 rows=10 width=121)
	        Sort Key: c
	        ->  Index Scan using sbtest5_pkey on sbtest5  (cost=0.43..40.30 rows=10 width=121)
	              Index Cond: ((id >= 8093105) AND (id <= 8093114))

table 6 : explain SELECT DISTINCT c FROM sbtest6 WHERE id BETWEEN 4235829 AND 4235838 ORDER BY c
	Unique  (cost=41.01..41.06 rows=10 width=121)
	  ->  Sort  (cost=41.01..41.04 rows=10 width=121)
	        Sort Key: c
	        ->  Index Scan using sbtest6_pkey on sbtest6  (cost=0.43..40.84 rows=10 width=121)
	              Index Cond: ((id >= 4235829) AND (id <= 4235838))

table 7 : explain SELECT DISTINCT c FROM sbtest7 WHERE id BETWEEN 748994 AND 749003 ORDER BY c
	Unique  (cost=40.59..40.64 rows=10 width=121)
	  ->  Sort  (cost=40.59..40.62 rows=10 width=121)
	        Sort Key: c
	        ->  Index Scan using sbtest7_pkey on sbtest7  (cost=0.43..40.43 rows=10 width=121)
	              Index Cond: ((id >= 748994) AND (id <= 749003))

table 8 : explain SELECT DISTINCT c FROM sbtest8 WHERE id BETWEEN 8467790 AND 8467799 ORDER BY c
	Unique  (cost=43.95..44.01 rows=11 width=121)
	  ->  Sort  (cost=43.95..43.98 rows=11 width=121)
	        Sort Key: c
	        ->  Index Scan using sbtest8_pkey on sbtest8  (cost=0.43..43.76 rows=11 width=121)
	              Index Cond: ((id >= 8467790) AND (id <= 8467799))

for: simple_ranges
table 1 : explain SELECT c FROM sbtest1 WHERE id BETWEEN 5283513 AND 5283522
	Index Scan using sbtest1_pkey on sbtest1  (cost=0.43..36.92 rows=9 width=121)
	  Index Cond: ((id >= 5283513) AND (id <= 5283522))

table 2 : explain SELECT c FROM sbtest2 WHERE id BETWEEN 7850765 AND 7850774
	Index Scan using sbtest2_pkey on sbtest2  (cost=0.43..40.60 rows=10 width=121)
	  Index Cond: ((id >= 7850765) AND (id <= 7850774))

table 3 : explain SELECT c FROM sbtest3 WHERE id BETWEEN 5178623 AND 5178632
	Index Scan using sbtest3_pkey on sbtest3  (cost=0.43..40.87 rows=10 width=121)
	  Index Cond: ((id >= 5178623) AND (id <= 5178632))

table 4 : explain SELECT c FROM sbtest4 WHERE id BETWEEN 2359441 AND 2359450
	Index Scan using sbtest4_pkey on sbtest4  (cost=0.43..37.15 rows=9 width=121)
	  Index Cond: ((id >= 2359441) AND (id <= 2359450))

table 5 : explain SELECT c FROM sbtest5 WHERE id BETWEEN 8559465 AND 8559474
	Index Scan using sbtest5_pkey on sbtest5  (cost=0.43..40.30 rows=10 width=121)
	  Index Cond: ((id >= 8559465) AND (id <= 8559474))

table 6 : explain SELECT c FROM sbtest6 WHERE id BETWEEN 2557843 AND 2557852
	Index Scan using sbtest6_pkey on sbtest6  (cost=0.43..40.84 rows=10 width=121)
	  Index Cond: ((id >= 2557843) AND (id <= 2557852))

table 7 : explain SELECT c FROM sbtest7 WHERE id BETWEEN 1060930 AND 1060939
	Index Scan using sbtest7_pkey on sbtest7  (cost=0.43..40.43 rows=10 width=121)
	  Index Cond: ((id >= 1060930) AND (id <= 1060939))

table 8 : explain SELECT c FROM sbtest8 WHERE id BETWEEN 5599832 AND 5599841
	Index Scan using sbtest8_pkey on sbtest8  (cost=0.43..43.76 rows=11 width=121)
	  Index Cond: ((id >= 5599832) AND (id <= 5599841))

explain: for index_updates :: explain UPDATE sbtest%u SET k=k+1 WHERE id=%u
explain: for inserts :: explain INSERT INTO sbtest%u (id, k, c, pad) VALUES (%u, 13, 'foobar', 'foobar')
explain: for inserts :: explain INSERT INTO sbtest%u (id, k, c, pad) VALUES (%u, 13, 'foobar', 'foobar')
explain: for inserts :: explain INSERT INTO sbtest%u (id, k, c, pad) VALUES (%u, 13, 'foobar', 'foobar')
for: order_ranges
table 1 : explain SELECT c FROM sbtest1 WHERE id BETWEEN 6171114 AND 6171123 ORDER BY c
	Sort  (cost=40.64..40.66 rows=10 width=121)
	  Sort Key: c
	  ->  Index Scan using sbtest1_pkey on sbtest1  (cost=0.43..40.47 rows=10 width=121)
	        Index Cond: ((id >= 6171114) AND (id <= 6171123))

table 2 : explain SELECT c FROM sbtest2 WHERE id BETWEEN 4351312 AND 4351321 ORDER BY c
	Sort  (cost=40.76..40.79 rows=10 width=121)
	  Sort Key: c
	  ->  Index Scan using sbtest2_pkey on sbtest2  (cost=0.43..40.60 rows=10 width=121)
	        Index Cond: ((id >= 4351312) AND (id <= 4351321))

table 3 : explain SELECT c FROM sbtest3 WHERE id BETWEEN 7721687 AND 7721696 ORDER BY c
	Sort  (cost=44.66..44.69 rows=11 width=121)
	  Sort Key: c
	  ->  Index Scan using sbtest3_pkey on sbtest3  (cost=0.43..44.47 rows=11 width=121)
	        Index Cond: ((id >= 7721687) AND (id <= 7721696))

table 4 : explain SELECT c FROM sbtest4 WHERE id BETWEEN 7686673 AND 7686682 ORDER BY c
	Sort  (cost=37.29..37.31 rows=9 width=121)
	  Sort Key: c
	  ->  Index Scan using sbtest4_pkey on sbtest4  (cost=0.43..37.15 rows=9 width=121)
	        Index Cond: ((id >= 7686673) AND (id <= 7686682))

table 5 : explain SELECT c FROM sbtest5 WHERE id BETWEEN 50539 AND 50548 ORDER BY c
	Sort  (cost=36.90..36.93 rows=9 width=121)
	  Sort Key: c
	  ->  Index Scan using sbtest5_pkey on sbtest5  (cost=0.43..36.76 rows=9 width=121)
	        Index Cond: ((id >= 50539) AND (id <= 50548))

table 6 : explain SELECT c FROM sbtest6 WHERE id BETWEEN 5343599 AND 5343608 ORDER BY c
	Sort  (cost=41.01..41.04 rows=10 width=121)
	  Sort Key: c
	  ->  Index Scan using sbtest6_pkey on sbtest6  (cost=0.43..40.84 rows=10 width=121)
	        Index Cond: ((id >= 5343599) AND (id <= 5343608))

table 7 : explain SELECT c FROM sbtest7 WHERE id BETWEEN 4548279 AND 4548288 ORDER BY c
	Sort  (cost=37.02..37.04 rows=9 width=121)
	  Sort Key: c
	  ->  Index Scan using sbtest7_pkey on sbtest7  (cost=0.43..36.88 rows=9 width=121)
	        Index Cond: ((id >= 4548279) AND (id <= 4548288))

table 8 : explain SELECT c FROM sbtest8 WHERE id BETWEEN 7443882 AND 7443891 ORDER BY c
	Sort  (cost=40.40..40.42 rows=10 width=121)
	  Sort Key: c
	  ->  Index Scan using sbtest8_pkey on sbtest8  (cost=0.43..40.23 rows=10 width=121)
	        Index Cond: ((id >= 7443882) AND (id <= 7443891))

explain: for index_updates :: explain UPDATE sbtest%u SET k=k+1 WHERE id=%u
for inserts
table 1 : explain INSERT INTO sbtest1 (id, k, c, pad) VALUES (7479429, 13, 'foobar', 'foobar')
	Insert on sbtest1  (cost=0.00..0.01 rows=0 width=0)
	  ->  Result  (cost=0.00..0.01 rows=1 width=736)

table 2 : explain INSERT INTO sbtest2 (id, k, c, pad) VALUES (4659602, 13, 'foobar', 'foobar')
	Insert on sbtest2  (cost=0.00..0.01 rows=0 width=0)
	  ->  Result  (cost=0.00..0.01 rows=1 width=736)

table 3 : explain INSERT INTO sbtest3 (id, k, c, pad) VALUES (3530266, 13, 'foobar', 'foobar')
	Insert on sbtest3  (cost=0.00..0.01 rows=0 width=0)
	  ->  Result  (cost=0.00..0.01 rows=1 width=736)

table 4 : explain INSERT INTO sbtest4 (id, k, c, pad) VALUES (5687063, 13, 'foobar', 'foobar')
	Insert on sbtest4  (cost=0.00..0.01 rows=0 width=0)
	  ->  Result  (cost=0.00..0.01 rows=1 width=736)

table 5 : explain INSERT INTO sbtest5 (id, k, c, pad) VALUES (3776075, 13, 'foobar', 'foobar')
	Insert on sbtest5  (cost=0.00..0.01 rows=0 width=0)
	  ->  Result  (cost=0.00..0.01 rows=1 width=736)

table 6 : explain INSERT INTO sbtest6 (id, k, c, pad) VALUES (5510413, 13, 'foobar', 'foobar')
	Insert on sbtest6  (cost=0.00..0.01 rows=0 width=0)
	  ->  Result  (cost=0.00..0.01 rows=1 width=736)

table 7 : explain INSERT INTO sbtest7 (id, k, c, pad) VALUES (6901654, 13, 'foobar', 'foobar')
	Insert on sbtest7  (cost=0.00..0.01 rows=0 width=0)
	  ->  Result  (cost=0.00..0.01 rows=1 width=736)

table 8 : explain INSERT INTO sbtest8 (id, k, c, pad) VALUES (3372834, 13, 'foobar', 'foobar')
	Insert on sbtest8  (cost=0.00..0.01 rows=0 width=0)
	  ->  Result  (cost=0.00..0.01 rows=1 width=736)

for index_updates
table 1 : explain UPDATE sbtest1 SET k=k+1 WHERE id=1033790
	Update on sbtest1  (cost=0.43..8.46 rows=0 width=0)
	  ->  Index Scan using sbtest1_pkey on sbtest1  (cost=0.43..8.46 rows=1 width=10)
	        Index Cond: (id = 1033790)

table 2 : explain UPDATE sbtest2 SET k=k+1 WHERE id=5668802
	Update on sbtest2  (cost=0.43..8.46 rows=0 width=0)
	  ->  Index Scan using sbtest2_pkey on sbtest2  (cost=0.43..8.46 rows=1 width=10)
	        Index Cond: (id = 5668802)

table 3 : explain UPDATE sbtest3 SET k=k+1 WHERE id=382063
	Update on sbtest3  (cost=0.43..8.46 rows=0 width=0)
	  ->  Index Scan using sbtest3_pkey on sbtest3  (cost=0.43..8.46 rows=1 width=10)
	        Index Cond: (id = 382063)

table 4 : explain UPDATE sbtest4 SET k=k+1 WHERE id=7447283
	Update on sbtest4  (cost=0.43..8.46 rows=0 width=0)
	  ->  Index Scan using sbtest4_pkey on sbtest4  (cost=0.43..8.46 rows=1 width=10)
	        Index Cond: (id = 7447283)

table 5 : explain UPDATE sbtest5 SET k=k+1 WHERE id=5030393
	Update on sbtest5  (cost=0.43..8.46 rows=0 width=0)
	  ->  Index Scan using sbtest5_pkey on sbtest5  (cost=0.43..8.46 rows=1 width=10)
	        Index Cond: (id = 5030393)

table 6 : explain UPDATE sbtest6 SET k=k+1 WHERE id=5135400
	Update on sbtest6  (cost=0.43..8.46 rows=0 width=0)
	  ->  Index Scan using sbtest6_pkey on sbtest6  (cost=0.43..8.46 rows=1 width=10)
	        Index Cond: (id = 5135400)

table 7 : explain UPDATE sbtest7 SET k=k+1 WHERE id=9027187
	Update on sbtest7  (cost=0.43..8.46 rows=0 width=0)
	  ->  Index Scan using sbtest7_pkey on sbtest7  (cost=0.43..8.46 rows=1 width=10)
	        Index Cond: (id = 9027187)

table 8 : explain UPDATE sbtest8 SET k=k+1 WHERE id=4322608
	Update on sbtest8  (cost=0.43..8.46 rows=0 width=0)
	  ->  Index Scan using sbtest8_pkey on sbtest8  (cost=0.43..8.46 rows=1 width=10)
	        Index Cond: (id = 4322608)

for: order_ranges
table 1 : explain SELECT c FROM sbtest1 WHERE id BETWEEN 5710777 AND 5710786 ORDER BY c
	Sort  (cost=40.64..40.66 rows=10 width=121)
	  Sort Key: c
	  ->  Index Scan using sbtest1_pkey on sbtest1  (cost=0.43..40.47 rows=10 width=121)
	        Index Cond: ((id >= 5710777) AND (id <= 5710786))

table 2 : explain SELECT c FROM sbtest2 WHERE id BETWEEN 1084749 AND 1084758 ORDER BY c
	Sort  (cost=40.76..40.79 rows=10 width=121)
	  Sort Key: c
	  ->  Index Scan using sbtest2_pkey on sbtest2  (cost=0.43..40.60 rows=10 width=121)
	        Index Cond: ((id >= 1084749) AND (id <= 1084758))

table 3 : explain SELECT c FROM sbtest3 WHERE id BETWEEN 1208554 AND 1208563 ORDER BY c
	Sort  (cost=41.03..41.06 rows=10 width=121)
	  Sort Key: c
	  ->  Index Scan using sbtest3_pkey on sbtest3  (cost=0.43..40.87 rows=10 width=121)
	        Index Cond: ((id >= 1208554) AND (id <= 1208563))

table 4 : explain SELECT c FROM sbtest4 WHERE id BETWEEN 2947121 AND 2947130 ORDER BY c
	Sort  (cost=44.51..44.54 rows=11 width=121)
	  Sort Key: c
	  ->  Index Scan using sbtest4_pkey on sbtest4  (cost=0.43..44.32 rows=11 width=121)
	        Index Cond: ((id >= 2947121) AND (id <= 2947130))

table 5 : explain SELECT c FROM sbtest5 WHERE id BETWEEN 6691615 AND 6691624 ORDER BY c
	Sort  (cost=36.90..36.93 rows=9 width=121)
	  Sort Key: c
	  ->  Index Scan using sbtest5_pkey on sbtest5  (cost=0.43..36.76 rows=9 width=121)
	        Index Cond: ((id >= 6691615) AND (id <= 6691624))

table 6 : explain SELECT c FROM sbtest6 WHERE id BETWEEN 5165571 AND 5165580 ORDER BY c
	Sort  (cost=41.01..41.04 rows=10 width=121)
	  Sort Key: c
	  ->  Index Scan using sbtest6_pkey on sbtest6  (cost=0.43..40.84 rows=10 width=121)
	        Index Cond: ((id >= 5165571) AND (id <= 5165580))

table 7 : explain SELECT c FROM sbtest7 WHERE id BETWEEN 3094460 AND 3094469 ORDER BY c
	Sort  (cost=40.59..40.62 rows=10 width=121)
	  Sort Key: c
	  ->  Index Scan using sbtest7_pkey on sbtest7  (cost=0.43..40.43 rows=10 width=121)
	        Index Cond: ((id >= 3094460) AND (id <= 3094469))

table 8 : explain SELECT c FROM sbtest8 WHERE id BETWEEN 7911956 AND 7911965 ORDER BY c
	Sort  (cost=40.40..40.42 rows=10 width=121)
	  Sort Key: c
	  ->  Index Scan using sbtest8_pkey on sbtest8  (cost=0.43..40.23 rows=10 width=121)
	        Index Cond: ((id >= 7911956) AND (id <= 7911965))

for: sum_ranges
table 1 : explain SELECT SUM(k) FROM sbtest1 WHERE id BETWEEN 3624161 AND 3624170
	Aggregate  (cost=40.50..40.51 rows=1 width=8)
	  ->  Index Scan using sbtest1_pkey on sbtest1  (cost=0.43..40.47 rows=10 width=4)
	        Index Cond: ((id >= 3624161) AND (id <= 3624170))

table 2 : explain SELECT SUM(k) FROM sbtest2 WHERE id BETWEEN 9357087 AND 9357096
	Aggregate  (cost=40.62..40.63 rows=1 width=8)
	  ->  Index Scan using sbtest2_pkey on sbtest2  (cost=0.43..40.60 rows=10 width=4)
	        Index Cond: ((id >= 9357087) AND (id <= 9357096))

table 3 : explain SELECT SUM(k) FROM sbtest3 WHERE id BETWEEN 7154194 AND 7154203
	Aggregate  (cost=37.29..37.30 rows=1 width=8)
	  ->  Index Scan using sbtest3_pkey on sbtest3  (cost=0.43..37.27 rows=9 width=4)
	        Index Cond: ((id >= 7154194) AND (id <= 7154203))

table 4 : explain SELECT SUM(k) FROM sbtest4 WHERE id BETWEEN 5618884 AND 5618893
	Aggregate  (cost=40.76..40.77 rows=1 width=8)
	  ->  Index Scan using sbtest4_pkey on sbtest4  (cost=0.43..40.73 rows=10 width=4)
	        Index Cond: ((id >= 5618884) AND (id <= 5618893))

table 5 : explain SELECT SUM(k) FROM sbtest5 WHERE id BETWEEN 9153723 AND 9153732
	Aggregate  (cost=40.32..40.33 rows=1 width=8)
	  ->  Index Scan using sbtest5_pkey on sbtest5  (cost=0.43..40.30 rows=10 width=4)
	        Index Cond: ((id >= 9153723) AND (id <= 9153732))

table 6 : explain SELECT SUM(k) FROM sbtest6 WHERE id BETWEEN 9740509 AND 9740518
	Aggregate  (cost=37.27..37.28 rows=1 width=8)
	  ->  Index Scan using sbtest6_pkey on sbtest6  (cost=0.43..37.25 rows=9 width=4)
	        Index Cond: ((id >= 9740509) AND (id <= 9740518))

table 7 : explain SELECT SUM(k) FROM sbtest7 WHERE id BETWEEN 1555075 AND 1555084
	Aggregate  (cost=40.45..40.46 rows=1 width=8)
	  ->  Index Scan using sbtest7_pkey on sbtest7  (cost=0.43..40.43 rows=10 width=4)
	        Index Cond: ((id >= 1555075) AND (id <= 1555084))

table 8 : explain SELECT SUM(k) FROM sbtest8 WHERE id BETWEEN 4745758 AND 4745767
	Aggregate  (cost=40.26..40.27 rows=1 width=8)
	  ->  Index Scan using sbtest8_pkey on sbtest8  (cost=0.43..40.23 rows=10 width=4)
	        Index Cond: ((id >= 4745758) AND (id <= 4745767))

explain: for non_index_updates :: explain UPDATE sbtest%u SET c='foobar' WHERE id=%u
for inserts
table 1 : explain INSERT INTO sbtest1 (id, k, c, pad) VALUES (5040490, 13, 'foobar', 'foobar')
	Insert on sbtest1  (cost=0.00..0.01 rows=0 width=0)
	  ->  Result  (cost=0.00..0.01 rows=1 width=736)

table 2 : explain INSERT INTO sbtest2 (id, k, c, pad) VALUES (8871457, 13, 'foobar', 'foobar')
	Insert on sbtest2  (cost=0.00..0.01 rows=0 width=0)
	  ->  Result  (cost=0.00..0.01 rows=1 width=736)

table 3 : explain INSERT INTO sbtest3 (id, k, c, pad) VALUES (309021, 13, 'foobar', 'foobar')
	Insert on sbtest3  (cost=0.00..0.01 rows=0 width=0)
	  ->  Result  (cost=0.00..0.01 rows=1 width=736)

table 4 : explain INSERT INTO sbtest4 (id, k, c, pad) VALUES (7928094, 13, 'foobar', 'foobar')
	Insert on sbtest4  (cost=0.00..0.01 rows=0 width=0)
	  ->  Result  (cost=0.00..0.01 rows=1 width=736)

table 5 : explain INSERT INTO sbtest5 (id, k, c, pad) VALUES (3890166, 13, 'foobar', 'foobar')
	Insert on sbtest5  (cost=0.00..0.01 rows=0 width=0)
	  ->  Result  (cost=0.00..0.01 rows=1 width=736)

table 6 : explain INSERT INTO sbtest6 (id, k, c, pad) VALUES (1527569, 13, 'foobar', 'foobar')
	Insert on sbtest6  (cost=0.00..0.01 rows=0 width=0)
	  ->  Result  (cost=0.00..0.01 rows=1 width=736)

table 7 : explain INSERT INTO sbtest7 (id, k, c, pad) VALUES (2766160, 13, 'foobar', 'foobar')
	Insert on sbtest7  (cost=0.00..0.01 rows=0 width=0)
	  ->  Result  (cost=0.00..0.01 rows=1 width=736)

table 8 : explain INSERT INTO sbtest8 (id, k, c, pad) VALUES (4543644, 13, 'foobar', 'foobar')
	Insert on sbtest8  (cost=0.00..0.01 rows=0 width=0)
	  ->  Result  (cost=0.00..0.01 rows=1 width=736)

for point_selects
table 1 : explain SELECT c FROM sbtest1 WHERE id=2133230
	Index Scan using sbtest1_pkey on sbtest1  (cost=0.43..8.45 rows=1 width=121)
	  Index Cond: (id = 2133230)

table 2 : explain SELECT c FROM sbtest2 WHERE id=651419
	Index Scan using sbtest2_pkey on sbtest2  (cost=0.43..8.45 rows=1 width=121)
	  Index Cond: (id = 651419)

table 3 : explain SELECT c FROM sbtest3 WHERE id=6418905
	Index Scan using sbtest3_pkey on sbtest3  (cost=0.43..8.45 rows=1 width=121)
	  Index Cond: (id = 6418905)

table 4 : explain SELECT c FROM sbtest4 WHERE id=3973786
	Index Scan using sbtest4_pkey on sbtest4  (cost=0.43..8.45 rows=1 width=121)
	  Index Cond: (id = 3973786)

table 5 : explain SELECT c FROM sbtest5 WHERE id=4875792
	Index Scan using sbtest5_pkey on sbtest5  (cost=0.43..8.45 rows=1 width=121)
	  Index Cond: (id = 4875792)

table 6 : explain SELECT c FROM sbtest6 WHERE id=1531160
	Index Scan using sbtest6_pkey on sbtest6  (cost=0.43..8.45 rows=1 width=121)
	  Index Cond: (id = 1531160)

table 7 : explain SELECT c FROM sbtest7 WHERE id=4472241
	Index Scan using sbtest7_pkey on sbtest7  (cost=0.43..8.45 rows=1 width=121)
	  Index Cond: (id = 4472241)

table 8 : explain SELECT c FROM sbtest8 WHERE id=444200
	Index Scan using sbtest8_pkey on sbtest8  (cost=0.43..8.45 rows=1 width=121)
	  Index Cond: (id = 444200)

for: order_ranges
table 1 : explain SELECT c FROM sbtest1 WHERE id BETWEEN 9245521 AND 9245530 ORDER BY c
	Sort  (cost=37.06..37.08 rows=9 width=121)
	  Sort Key: c
	  ->  Index Scan using sbtest1_pkey on sbtest1  (cost=0.43..36.92 rows=9 width=121)
	        Index Cond: ((id >= 9245521) AND (id <= 9245530))

table 2 : explain SELECT c FROM sbtest2 WHERE id BETWEEN 6526312 AND 6526321 ORDER BY c
	Sort  (cost=40.76..40.79 rows=10 width=121)
	  Sort Key: c
	  ->  Index Scan using sbtest2_pkey on sbtest2  (cost=0.43..40.60 rows=10 width=121)
	        Index Cond: ((id >= 6526312) AND (id <= 6526321))

table 3 : explain SELECT c FROM sbtest3 WHERE id BETWEEN 9806949 AND 9806958 ORDER BY c
	Sort  (cost=41.03..41.06 rows=10 width=121)
	  Sort Key: c
	  ->  Index Scan using sbtest3_pkey on sbtest3  (cost=0.43..40.87 rows=10 width=121)
	        Index Cond: ((id >= 9806949) AND (id <= 9806958))

table 4 : explain SELECT c FROM sbtest4 WHERE id BETWEEN 4641105 AND 4641114 ORDER BY c
	Sort  (cost=37.29..37.31 rows=9 width=121)
	  Sort Key: c
	  ->  Index Scan using sbtest4_pkey on sbtest4  (cost=0.43..37.15 rows=9 width=121)
	        Index Cond: ((id >= 4641105) AND (id <= 4641114))

table 5 : explain SELECT c FROM sbtest5 WHERE id BETWEEN 8237065 AND 8237074 ORDER BY c
	Sort  (cost=44.03..44.05 rows=11 width=121)
	  Sort Key: c
	  ->  Index Scan using sbtest5_pkey on sbtest5  (cost=0.43..43.84 rows=11 width=121)
	        Index Cond: ((id >= 8237065) AND (id <= 8237074))

table 6 : explain SELECT c FROM sbtest6 WHERE id BETWEEN 8914061 AND 8914070 ORDER BY c
	Sort  (cost=37.39..37.41 rows=9 width=121)
	  Sort Key: c
	  ->  Index Scan using sbtest6_pkey on sbtest6  (cost=0.43..37.25 rows=9 width=121)
	        Index Cond: ((id >= 8914061) AND (id <= 8914070))

table 7 : explain SELECT c FROM sbtest7 WHERE id BETWEEN 2668960 AND 2668969 ORDER BY c
	Sort  (cost=37.02..37.04 rows=9 width=121)
	  Sort Key: c
	  ->  Index Scan using sbtest7_pkey on sbtest7  (cost=0.43..36.88 rows=9 width=121)
	        Index Cond: ((id >= 2668960) AND (id <= 2668969))

table 8 : explain SELECT c FROM sbtest8 WHERE id BETWEEN 6871127 AND 6871136 ORDER BY c
	Sort  (cost=40.40..40.42 rows=10 width=121)
	  Sort Key: c
	  ->  Index Scan using sbtest8_pkey on sbtest8  (cost=0.43..40.23 rows=10 width=121)
	        Index Cond: ((id >= 6871127) AND (id <= 6871136))

for inserts
table 1 : explain INSERT INTO sbtest1 (id, k, c, pad) VALUES (2869009, 13, 'foobar', 'foobar')
	Insert on sbtest1  (cost=0.00..0.01 rows=0 width=0)
	  ->  Result  (cost=0.00..0.01 rows=1 width=736)

table 2 : explain INSERT INTO sbtest2 (id, k, c, pad) VALUES (3062767, 13, 'foobar', 'foobar')
	Insert on sbtest2  (cost=0.00..0.01 rows=0 width=0)
	  ->  Result  (cost=0.00..0.01 rows=1 width=736)

table 3 : explain INSERT INTO sbtest3 (id, k, c, pad) VALUES (8005641, 13, 'foobar', 'foobar')
	Insert on sbtest3  (cost=0.00..0.01 rows=0 width=0)
	  ->  Result  (cost=0.00..0.01 rows=1 width=736)

table 4 : explain INSERT INTO sbtest4 (id, k, c, pad) VALUES (1147580, 13, 'foobar', 'foobar')
	Insert on sbtest4  (cost=0.00..0.01 rows=0 width=0)
	  ->  Result  (cost=0.00..0.01 rows=1 width=736)

table 5 : explain INSERT INTO sbtest5 (id, k, c, pad) VALUES (6228562, 13, 'foobar', 'foobar')
	Insert on sbtest5  (cost=0.00..0.01 rows=0 width=0)
	  ->  Result  (cost=0.00..0.01 rows=1 width=736)

table 6 : explain INSERT INTO sbtest6 (id, k, c, pad) VALUES (184388, 13, 'foobar', 'foobar')
	Insert on sbtest6  (cost=0.00..0.01 rows=0 width=0)
	  ->  Result  (cost=0.00..0.01 rows=1 width=736)

table 7 : explain INSERT INTO sbtest7 (id, k, c, pad) VALUES (2333498, 13, 'foobar', 'foobar')
	Insert on sbtest7  (cost=0.00..0.01 rows=0 width=0)
	  ->  Result  (cost=0.00..0.01 rows=1 width=736)

table 8 : explain INSERT INTO sbtest8 (id, k, c, pad) VALUES (1105543, 13, 'foobar', 'foobar')
	Insert on sbtest8  (cost=0.00..0.01 rows=0 width=0)
	  ->  Result  (cost=0.00..0.01 rows=1 width=736)

explain: for point_selects :: explain SELECT c FROM sbtest%u WHERE id=%u
for index_updates
table 1 : explain UPDATE sbtest1 SET k=k+1 WHERE id=1478442
	Update on sbtest1  (cost=0.43..8.46 rows=0 width=0)
	  ->  Index Scan using sbtest1_pkey on sbtest1  (cost=0.43..8.46 rows=1 width=10)
	        Index Cond: (id = 1478442)

table 2 : explain UPDATE sbtest2 SET k=k+1 WHERE id=9378331
	Update on sbtest2  (cost=0.43..8.46 rows=0 width=0)
	  ->  Index Scan using sbtest2_pkey on sbtest2  (cost=0.43..8.46 rows=1 width=10)
	        Index Cond: (id = 9378331)

table 3 : explain UPDATE sbtest3 SET k=k+1 WHERE id=9416589
	Update on sbtest3  (cost=0.43..8.46 rows=0 width=0)
	  ->  Index Scan using sbtest3_pkey on sbtest3  (cost=0.43..8.46 rows=1 width=10)
	        Index Cond: (id = 9416589)

table 4 : explain UPDATE sbtest4 SET k=k+1 WHERE id=8299126
	Update on sbtest4  (cost=0.43..8.46 rows=0 width=0)
	  ->  Index Scan using sbtest4_pkey on sbtest4  (cost=0.43..8.46 rows=1 width=10)
	        Index Cond: (id = 8299126)

table 5 : explain UPDATE sbtest5 SET k=k+1 WHERE id=5650425
	Update on sbtest5  (cost=0.43..8.46 rows=0 width=0)
	  ->  Index Scan using sbtest5_pkey on sbtest5  (cost=0.43..8.46 rows=1 width=10)
	        Index Cond: (id = 5650425)

table 6 : explain UPDATE sbtest6 SET k=k+1 WHERE id=2139506
	Update on sbtest6  (cost=0.43..8.46 rows=0 width=0)
	  ->  Index Scan using sbtest6_pkey on sbtest6  (cost=0.43..8.46 rows=1 width=10)
	        Index Cond: (id = 2139506)

table 7 : explain UPDATE sbtest7 SET k=k+1 WHERE id=4326791
	Update on sbtest7  (cost=0.43..8.46 rows=0 width=0)
	  ->  Index Scan using sbtest7_pkey on sbtest7  (cost=0.43..8.46 rows=1 width=10)
	        Index Cond: (id = 4326791)

table 8 : explain UPDATE sbtest8 SET k=k+1 WHERE id=3917519
	Update on sbtest8  (cost=0.43..8.46 rows=0 width=0)
	  ->  Index Scan using sbtest8_pkey on sbtest8  (cost=0.43..8.46 rows=1 width=10)
	        Index Cond: (id = 3917519)

for non_index_updates
table 1 : explain UPDATE sbtest1 SET c='foobar' WHERE id=6138226
	Update on sbtest1  (cost=0.43..8.45 rows=0 width=0)
	  ->  Index Scan using sbtest1_pkey on sbtest1  (cost=0.43..8.45 rows=1 width=490)
	        Index Cond: (id = 6138226)

table 2 : explain UPDATE sbtest2 SET c='foobar' WHERE id=1412448
	Update on sbtest2  (cost=0.43..8.45 rows=0 width=0)
	  ->  Index Scan using sbtest2_pkey on sbtest2  (cost=0.43..8.45 rows=1 width=490)
	        Index Cond: (id = 1412448)

table 3 : explain UPDATE sbtest3 SET c='foobar' WHERE id=7736735
	Update on sbtest3  (cost=0.43..8.45 rows=0 width=0)
	  ->  Index Scan using sbtest3_pkey on sbtest3  (cost=0.43..8.45 rows=1 width=490)
	        Index Cond: (id = 7736735)

table 4 : explain UPDATE sbtest4 SET c='foobar' WHERE id=2445804
	Update on sbtest4  (cost=0.43..8.45 rows=0 width=0)
	  ->  Index Scan using sbtest4_pkey on sbtest4  (cost=0.43..8.45 rows=1 width=490)
	        Index Cond: (id = 2445804)

table 5 : explain UPDATE sbtest5 SET c='foobar' WHERE id=9118926
	Update on sbtest5  (cost=0.43..8.45 rows=0 width=0)
	  ->  Index Scan using sbtest5_pkey on sbtest5  (cost=0.43..8.45 rows=1 width=490)
	        Index Cond: (id = 9118926)

table 6 : explain UPDATE sbtest6 SET c='foobar' WHERE id=1315515
	Update on sbtest6  (cost=0.43..8.45 rows=0 width=0)
	  ->  Index Scan using sbtest6_pkey on sbtest6  (cost=0.43..8.45 rows=1 width=490)
	        Index Cond: (id = 1315515)

table 7 : explain UPDATE sbtest7 SET c='foobar' WHERE id=5073870
	Update on sbtest7  (cost=0.43..8.45 rows=0 width=0)
	  ->  Index Scan using sbtest7_pkey on sbtest7  (cost=0.43..8.45 rows=1 width=490)
	        Index Cond: (id = 5073870)

table 8 : explain UPDATE sbtest8 SET c='foobar' WHERE id=382788
	Update on sbtest8  (cost=0.43..8.45 rows=0 width=0)
	  ->  Index Scan using sbtest8_pkey on sbtest8  (cost=0.43..8.45 rows=1 width=490)
	        Index Cond: (id = 382788)

explain: for point_selects :: explain SELECT c FROM sbtest%u WHERE id=%u
explain: for point_selects :: explain SELECT c FROM sbtest%u WHERE id=%u
explain: for deletes :: explain DELETE FROM sbtest%u WHERE id=%u
explain: for point_selects :: explain SELECT c FROM sbtest%u WHERE id=%u
explain: for non_index_updates :: explain UPDATE sbtest%u SET c='foobar' WHERE id=%u
for: order_ranges
table 1 : explain SELECT c FROM sbtest1 WHERE id BETWEEN 7556969 AND 7556978 ORDER BY c
	Sort  (cost=40.64..40.66 rows=10 width=121)
	  Sort Key: c
	  ->  Index Scan using sbtest1_pkey on sbtest1  (cost=0.43..40.47 rows=10 width=121)
	        Index Cond: ((id >= 7556969) AND (id <= 7556978))

table 2 : explain SELECT c FROM sbtest2 WHERE id BETWEEN 2958310 AND 2958319 ORDER BY c
	Sort  (cost=40.76..40.79 rows=10 width=121)
	  Sort Key: c
	  ->  Index Scan using sbtest2_pkey on sbtest2  (cost=0.43..40.60 rows=10 width=121)
	        Index Cond: ((id >= 2958310) AND (id <= 2958319))

table 3 : explain SELECT c FROM sbtest3 WHERE id BETWEEN 2604197 AND 2604206 ORDER BY c
	Sort  (cost=41.03..41.06 rows=10 width=121)
	  Sort Key: c
	  ->  Index Scan using sbtest3_pkey on sbtest3  (cost=0.43..40.87 rows=10 width=121)
	        Index Cond: ((id >= 2604197) AND (id <= 2604206))

table 4 : explain SELECT c FROM sbtest4 WHERE id BETWEEN 621808 AND 621817 ORDER BY c
	Sort  (cost=44.51..44.54 rows=11 width=121)
	  Sort Key: c
	  ->  Index Scan using sbtest4_pkey on sbtest4  (cost=0.43..44.32 rows=11 width=121)
	        Index Cond: ((id >= 621808) AND (id <= 621817))

table 5 : explain SELECT c FROM sbtest5 WHERE id BETWEEN 6196394 AND 6196403 ORDER BY c
	Sort  (cost=40.46..40.49 rows=10 width=121)
	  Sort Key: c
	  ->  Index Scan using sbtest5_pkey on sbtest5  (cost=0.43..40.30 rows=10 width=121)
	        Index Cond: ((id >= 6196394) AND (id <= 6196403))

table 6 : explain SELECT c FROM sbtest6 WHERE id BETWEEN 7544572 AND 7544581 ORDER BY c
	Sort  (cost=37.39..37.41 rows=9 width=121)
	  Sort Key: c
	  ->  Index Scan using sbtest6_pkey on sbtest6  (cost=0.43..37.25 rows=9 width=121)
	        Index Cond: ((id >= 7544572) AND (id <= 7544581))

table 7 : explain SELECT c FROM sbtest7 WHERE id BETWEEN 5024830 AND 5024839 ORDER BY c
	Sort  (cost=40.59..40.62 rows=10 width=121)
	  Sort Key: c
	  ->  Index Scan using sbtest7_pkey on sbtest7  (cost=0.43..40.43 rows=10 width=121)
	        Index Cond: ((id >= 5024830) AND (id <= 5024839))

table 8 : explain SELECT c FROM sbtest8 WHERE id BETWEEN 5818818 AND 5818827 ORDER BY c
	Sort  (cost=40.40..40.42 rows=10 width=121)
	  Sort Key: c
	  ->  Index Scan using sbtest8_pkey on sbtest8  (cost=0.43..40.23 rows=10 width=121)
	        Index Cond: ((id >= 5818818) AND (id <= 5818827))

explain: for point_selects :: explain SELECT c FROM sbtest%u WHERE id=%u
for index_updates
table 1 : explain UPDATE sbtest1 SET k=k+1 WHERE id=8875217
	Update on sbtest1  (cost=0.43..8.46 rows=0 width=0)
	  ->  Index Scan using sbtest1_pkey on sbtest1  (cost=0.43..8.46 rows=1 width=10)
	        Index Cond: (id = 8875217)

table 2 : explain UPDATE sbtest2 SET k=k+1 WHERE id=2513126
	Update on sbtest2  (cost=0.43..8.46 rows=0 width=0)
	  ->  Index Scan using sbtest2_pkey on sbtest2  (cost=0.43..8.46 rows=1 width=10)
	        Index Cond: (id = 2513126)

table 3 : explain UPDATE sbtest3 SET k=k+1 WHERE id=7913547
	Update on sbtest3  (cost=0.43..8.46 rows=0 width=0)
	  ->  Index Scan using sbtest3_pkey on sbtest3  (cost=0.43..8.46 rows=1 width=10)
	        Index Cond: (id = 7913547)

table 4 : explain UPDATE sbtest4 SET k=k+1 WHERE id=6158695
	Update on sbtest4  (cost=0.43..8.46 rows=0 width=0)
	  ->  Index Scan using sbtest4_pkey on sbtest4  (cost=0.43..8.46 rows=1 width=10)
	        Index Cond: (id = 6158695)

table 5 : explain UPDATE sbtest5 SET k=k+1 WHERE id=2382434
	Update on sbtest5  (cost=0.43..8.46 rows=0 width=0)
	  ->  Index Scan using sbtest5_pkey on sbtest5  (cost=0.43..8.46 rows=1 width=10)
	        Index Cond: (id = 2382434)

table 6 : explain UPDATE sbtest6 SET k=k+1 WHERE id=3577051
	Update on sbtest6  (cost=0.43..8.46 rows=0 width=0)
	  ->  Index Scan using sbtest6_pkey on sbtest6  (cost=0.43..8.46 rows=1 width=10)
	        Index Cond: (id = 3577051)

table 7 : explain UPDATE sbtest7 SET k=k+1 WHERE id=9469963
	Update on sbtest7  (cost=0.43..8.46 rows=0 width=0)
	  ->  Index Scan using sbtest7_pkey on sbtest7  (cost=0.43..8.46 rows=1 width=10)
	        Index Cond: (id = 9469963)

table 8 : explain UPDATE sbtest8 SET k=k+1 WHERE id=626824
	Update on sbtest8  (cost=0.43..8.46 rows=0 width=0)
	  ->  Index Scan using sbtest8_pkey on sbtest8  (cost=0.43..8.46 rows=1 width=10)
	        Index Cond: (id = 626824)

for deletes
table 1 : explain DELETE FROM sbtest1 WHERE id=1043752
	Delete on sbtest1  (cost=0.43..8.45 rows=0 width=0)
	  ->  Index Scan using sbtest1_pkey on sbtest1  (cost=0.43..8.45 rows=1 width=6)
	        Index Cond: (id = 1043752)

table 2 : explain DELETE FROM sbtest2 WHERE id=6807590
	Delete on sbtest2  (cost=0.43..8.45 rows=0 width=0)
	  ->  Index Scan using sbtest2_pkey on sbtest2  (cost=0.43..8.45 rows=1 width=6)
	        Index Cond: (id = 6807590)

table 3 : explain DELETE FROM sbtest3 WHERE id=5954800
	Delete on sbtest3  (cost=0.43..8.45 rows=0 width=0)
	  ->  Index Scan using sbtest3_pkey on sbtest3  (cost=0.43..8.45 rows=1 width=6)
	        Index Cond: (id = 5954800)

table 4 : explain DELETE FROM sbtest4 WHERE id=3324619
	Delete on sbtest4  (cost=0.43..8.45 rows=0 width=0)
	  ->  Index Scan using sbtest4_pkey on sbtest4  (cost=0.43..8.45 rows=1 width=6)
	        Index Cond: (id = 3324619)

table 5 : explain DELETE FROM sbtest5 WHERE id=3300797
	Delete on sbtest5  (cost=0.43..8.45 rows=0 width=0)
	  ->  Index Scan using sbtest5_pkey on sbtest5  (cost=0.43..8.45 rows=1 width=6)
	        Index Cond: (id = 3300797)

table 6 : explain DELETE FROM sbtest6 WHERE id=9320779
	Delete on sbtest6  (cost=0.43..8.45 rows=0 width=0)
	  ->  Index Scan using sbtest6_pkey on sbtest6  (cost=0.43..8.45 rows=1 width=6)
	        Index Cond: (id = 9320779)

table 7 : explain DELETE FROM sbtest7 WHERE id=8226329
	Delete on sbtest7  (cost=0.43..8.45 rows=0 width=0)
	  ->  Index Scan using sbtest7_pkey on sbtest7  (cost=0.43..8.45 rows=1 width=6)
	        Index Cond: (id = 8226329)

table 8 : explain DELETE FROM sbtest8 WHERE id=27922
	Delete on sbtest8  (cost=0.43..8.45 rows=0 width=0)
	  ->  Index Scan using sbtest8_pkey on sbtest8  (cost=0.43..8.45 rows=1 width=6)
	        Index Cond: (id = 27922)

explain: for non_index_updates :: explain UPDATE sbtest%u SET c='foobar' WHERE id=%u
for non_index_updates
table 1 : explain UPDATE sbtest1 SET c='foobar' WHERE id=3881500
	Update on sbtest1  (cost=0.43..8.45 rows=0 width=0)
	  ->  Index Scan using sbtest1_pkey on sbtest1  (cost=0.43..8.45 rows=1 width=490)
	        Index Cond: (id = 3881500)

table 2 : explain UPDATE sbtest2 SET c='foobar' WHERE id=9765946
	Update on sbtest2  (cost=0.43..8.45 rows=0 width=0)
	  ->  Index Scan using sbtest2_pkey on sbtest2  (cost=0.43..8.45 rows=1 width=490)
	        Index Cond: (id = 9765946)

table 3 : explain UPDATE sbtest3 SET c='foobar' WHERE id=3106838
	Update on sbtest3  (cost=0.43..8.45 rows=0 width=0)
	  ->  Index Scan using sbtest3_pkey on sbtest3  (cost=0.43..8.45 rows=1 width=490)
	        Index Cond: (id = 3106838)

table 4 : explain UPDATE sbtest4 SET c='foobar' WHERE id=8512952
	Update on sbtest4  (cost=0.43..8.45 rows=0 width=0)
	  ->  Index Scan using sbtest4_pkey on sbtest4  (cost=0.43..8.45 rows=1 width=490)
	        Index Cond: (id = 8512952)

table 5 : explain UPDATE sbtest5 SET c='foobar' WHERE id=3148013
	Update on sbtest5  (cost=0.43..8.45 rows=0 width=0)
	  ->  Index Scan using sbtest5_pkey on sbtest5  (cost=0.43..8.45 rows=1 width=490)
	        Index Cond: (id = 3148013)

table 6 : explain UPDATE sbtest6 SET c='foobar' WHERE id=8678881
	Update on sbtest6  (cost=0.43..8.45 rows=0 width=0)
	  ->  Index Scan using sbtest6_pkey on sbtest6  (cost=0.43..8.45 rows=1 width=490)
	        Index Cond: (id = 8678881)

table 7 : explain UPDATE sbtest7 SET c='foobar' WHERE id=3057100
	Update on sbtest7  (cost=0.43..8.45 rows=0 width=0)
	  ->  Index Scan using sbtest7_pkey on sbtest7  (cost=0.43..8.45 rows=1 width=490)
	        Index Cond: (id = 3057100)

table 8 : explain UPDATE sbtest8 SET c='foobar' WHERE id=4089188
	Update on sbtest8  (cost=0.43..8.45 rows=0 width=0)
	  ->  Index Scan using sbtest8_pkey on sbtest8  (cost=0.43..8.45 rows=1 width=490)
	        Index Cond: (id = 4089188)

explain: for point_selects :: explain SELECT c FROM sbtest%u WHERE id=%u
for: distinct_ranges
table 1 : explain SELECT DISTINCT c FROM sbtest1 WHERE id BETWEEN 7283937 AND 7283946 ORDER BY c
	Unique  (cost=40.64..40.69 rows=10 width=121)
	  ->  Sort  (cost=40.64..40.66 rows=10 width=121)
	        Sort Key: c
	        ->  Index Scan using sbtest1_pkey on sbtest1  (cost=0.43..40.47 rows=10 width=121)
	              Index Cond: ((id >= 7283937) AND (id <= 7283946))

table 2 : explain SELECT DISTINCT c FROM sbtest2 WHERE id BETWEEN 1955695 AND 1955704 ORDER BY c
	Unique  (cost=40.76..40.81 rows=10 width=121)
	  ->  Sort  (cost=40.76..40.79 rows=10 width=121)
	        Sort Key: c
	        ->  Index Scan using sbtest2_pkey on sbtest2  (cost=0.43..40.60 rows=10 width=121)
	              Index Cond: ((id >= 1955695) AND (id <= 1955704))

table 3 : explain SELECT DISTINCT c FROM sbtest3 WHERE id BETWEEN 4704142 AND 4704151 ORDER BY c
	Unique  (cost=37.41..37.45 rows=9 width=121)
	  ->  Sort  (cost=37.41..37.43 rows=9 width=121)
	        Sort Key: c
	        ->  Index Scan using sbtest3_pkey on sbtest3  (cost=0.43..37.27 rows=9 width=121)
	              Index Cond: ((id >= 4704142) AND (id <= 4704151))

table 4 : explain SELECT DISTINCT c FROM sbtest4 WHERE id BETWEEN 8201108 AND 8201117 ORDER BY c
	Unique  (cost=40.90..40.95 rows=10 width=121)
	  ->  Sort  (cost=40.90..40.93 rows=10 width=121)
	        Sort Key: c
	        ->  Index Scan using sbtest4_pkey on sbtest4  (cost=0.43..40.73 rows=10 width=121)
	              Index Cond: ((id >= 8201108) AND (id <= 8201117))

table 5 : explain SELECT DISTINCT c FROM sbtest5 WHERE id BETWEEN 4861810 AND 4861819 ORDER BY c
	Unique  (cost=40.46..40.51 rows=10 width=121)
	  ->  Sort  (cost=40.46..40.49 rows=10 width=121)
	        Sort Key: c
	        ->  Index Scan using sbtest5_pkey on sbtest5  (cost=0.43..40.30 rows=10 width=121)
	              Index Cond: ((id >= 4861810) AND (id <= 4861819))

table 6 : explain SELECT DISTINCT c FROM sbtest6 WHERE id BETWEEN 7738035 AND 7738044 ORDER BY c
	Unique  (cost=41.01..41.06 rows=10 width=121)
	  ->  Sort  (cost=41.01..41.04 rows=10 width=121)
	        Sort Key: c
	        ->  Index Scan using sbtest6_pkey on sbtest6  (cost=0.43..40.84 rows=10 width=121)
	              Index Cond: ((id >= 7738035) AND (id <= 7738044))

table 7 : explain SELECT DISTINCT c FROM sbtest7 WHERE id BETWEEN 7855554 AND 7855563 ORDER BY c
	Unique  (cost=40.59..40.64 rows=10 width=121)
	  ->  Sort  (cost=40.59..40.62 rows=10 width=121)
	        Sort Key: c
	        ->  Index Scan using sbtest7_pkey on sbtest7  (cost=0.43..40.43 rows=10 width=121)
	              Index Cond: ((id >= 7855554) AND (id <= 7855563))

table 8 : explain SELECT DISTINCT c FROM sbtest8 WHERE id BETWEEN 134885 AND 134894 ORDER BY c
	Unique  (cost=40.40..40.45 rows=10 width=121)
	  ->  Sort  (cost=40.40..40.42 rows=10 width=121)
	        Sort Key: c
	        ->  Index Scan using sbtest8_pkey on sbtest8  (cost=0.43..40.23 rows=10 width=121)
	              Index Cond: ((id >= 134885) AND (id <= 134894))

for: distinct_ranges
table 1 : explain SELECT DISTINCT c FROM sbtest1 WHERE id BETWEEN 6861753 AND 6861762 ORDER BY c
	Unique  (cost=40.64..40.69 rows=10 width=121)
	  ->  Sort  (cost=40.64..40.66 rows=10 width=121)
	        Sort Key: c
	        ->  Index Scan using sbtest1_pkey on sbtest1  (cost=0.43..40.47 rows=10 width=121)
	              Index Cond: ((id >= 6861753) AND (id <= 6861762))

table 2 : explain SELECT DISTINCT c FROM sbtest2 WHERE id BETWEEN 9588516 AND 9588525 ORDER BY c
	Unique  (cost=44.36..44.41 rows=11 width=121)
	  ->  Sort  (cost=44.36..44.39 rows=11 width=121)
	        Sort Key: c
	        ->  Index Scan using sbtest2_pkey on sbtest2  (cost=0.43..44.17 rows=11 width=121)
	              Index Cond: ((id >= 9588516) AND (id <= 9588525))

table 3 : explain SELECT DISTINCT c FROM sbtest3 WHERE id BETWEEN 1989196 AND 1989205 ORDER BY c
	Unique  (cost=41.03..41.08 rows=10 width=121)
	  ->  Sort  (cost=41.03..41.06 rows=10 width=121)
	        Sort Key: c
	        ->  Index Scan using sbtest3_pkey on sbtest3  (cost=0.43..40.87 rows=10 width=121)
	              Index Cond: ((id >= 1989196) AND (id <= 1989205))

table 4 : explain SELECT DISTINCT c FROM sbtest4 WHERE id BETWEEN 102933 AND 102942 ORDER BY c
	Unique  (cost=40.90..40.95 rows=10 width=121)
	  ->  Sort  (cost=40.90..40.93 rows=10 width=121)
	        Sort Key: c
	        ->  Index Scan using sbtest4_pkey on sbtest4  (cost=0.43..40.73 rows=10 width=121)
	              Index Cond: ((id >= 102933) AND (id <= 102942))

table 5 : explain SELECT DISTINCT c FROM sbtest5 WHERE id BETWEEN 3256058 AND 3256067 ORDER BY c
	Unique  (cost=36.90..36.95 rows=9 width=121)
	  ->  Sort  (cost=36.90..36.93 rows=9 width=121)
	        Sort Key: c
	        ->  Index Scan using sbtest5_pkey on sbtest5  (cost=0.43..36.76 rows=9 width=121)
	              Index Cond: ((id >= 3256058) AND (id <= 3256067))

table 6 : explain SELECT DISTINCT c FROM sbtest6 WHERE id BETWEEN 9796290 AND 9796299 ORDER BY c
	Unique  (cost=37.39..37.43 rows=9 width=121)
	  ->  Sort  (cost=37.39..37.41 rows=9 width=121)
	        Sort Key: c
	        ->  Index Scan using sbtest6_pkey on sbtest6  (cost=0.43..37.25 rows=9 width=121)
	              Index Cond: ((id >= 9796290) AND (id <= 9796299))

table 7 : explain SELECT DISTINCT c FROM sbtest7 WHERE id BETWEEN 4539588 AND 4539597 ORDER BY c
	Unique  (cost=37.02..37.06 rows=9 width=121)
	  ->  Sort  (cost=37.02..37.04 rows=9 width=121)
	        Sort Key: c
	        ->  Index Scan using sbtest7_pkey on sbtest7  (cost=0.43..36.88 rows=9 width=121)
	              Index Cond: ((id >= 4539588) AND (id <= 4539597))

table 8 : explain SELECT DISTINCT c FROM sbtest8 WHERE id BETWEEN 7351428 AND 7351437 ORDER BY c
	Unique  (cost=40.40..40.45 rows=10 width=121)
	  ->  Sort  (cost=40.40..40.42 rows=10 width=121)
	        Sort Key: c
	        ->  Index Scan using sbtest8_pkey on sbtest8  (cost=0.43..40.23 rows=10 width=121)
	              Index Cond: ((id >= 7351428) AND (id <= 7351437))

explain: for point_selects :: explain SELECT c FROM sbtest%u WHERE id=%u
explain: for point_selects :: explain SELECT c FROM sbtest%u WHERE id=%u
explain: for deletes :: explain DELETE FROM sbtest%u WHERE id=%u
explain: for inserts :: explain INSERT INTO sbtest%u (id, k, c, pad) VALUES (%u, 13, 'foobar', 'foobar')
explain: for index_updates :: explain UPDATE sbtest%u SET k=k+1 WHERE id=%u
for non_index_updates
table 1 : explain UPDATE sbtest1 SET c='foobar' WHERE id=174897
	Update on sbtest1  (cost=0.43..8.45 rows=0 width=0)
	  ->  Index Scan using sbtest1_pkey on sbtest1  (cost=0.43..8.45 rows=1 width=490)
	        Index Cond: (id = 174897)

table 2 : explain UPDATE sbtest2 SET c='foobar' WHERE id=1561863
	Update on sbtest2  (cost=0.43..8.45 rows=0 width=0)
	  ->  Index Scan using sbtest2_pkey on sbtest2  (cost=0.43..8.45 rows=1 width=490)
	        Index Cond: (id = 1561863)

table 3 : explain UPDATE sbtest3 SET c='foobar' WHERE id=1365792
	Update on sbtest3  (cost=0.43..8.45 rows=0 width=0)
	  ->  Index Scan using sbtest3_pkey on sbtest3  (cost=0.43..8.45 rows=1 width=490)
	        Index Cond: (id = 1365792)

table 4 : explain UPDATE sbtest4 SET c='foobar' WHERE id=4867112
	Update on sbtest4  (cost=0.43..8.45 rows=0 width=0)
	  ->  Index Scan using sbtest4_pkey on sbtest4  (cost=0.43..8.45 rows=1 width=490)
	        Index Cond: (id = 4867112)

table 5 : explain UPDATE sbtest5 SET c='foobar' WHERE id=5287385
	Update on sbtest5  (cost=0.43..8.45 rows=0 width=0)
	  ->  Index Scan using sbtest5_pkey on sbtest5  (cost=0.43..8.45 rows=1 width=490)
	        Index Cond: (id = 5287385)

table 6 : explain UPDATE sbtest6 SET c='foobar' WHERE id=7912089
	Update on sbtest6  (cost=0.43..8.45 rows=0 width=0)
	  ->  Index Scan using sbtest6_pkey on sbtest6  (cost=0.43..8.45 rows=1 width=490)
	        Index Cond: (id = 7912089)

table 7 : explain UPDATE sbtest7 SET c='foobar' WHERE id=1039768
	Update on sbtest7  (cost=0.43..8.45 rows=0 width=0)
	  ->  Index Scan using sbtest7_pkey on sbtest7  (cost=0.43..8.45 rows=1 width=490)
	        Index Cond: (id = 1039768)

table 8 : explain UPDATE sbtest8 SET c='foobar' WHERE id=8536012
	Update on sbtest8  (cost=0.43..8.45 rows=0 width=0)
	  ->  Index Scan using sbtest8_pkey on sbtest8  (cost=0.43..8.45 rows=1 width=490)
	        Index Cond: (id = 8536012)

for: distinct_ranges
table 1 : explain SELECT DISTINCT c FROM sbtest1 WHERE id BETWEEN 294593 AND 294602 ORDER BY c
	Unique  (cost=40.64..40.69 rows=10 width=121)
	  ->  Sort  (cost=40.64..40.66 rows=10 width=121)
	        Sort Key: c
	        ->  Index Scan using sbtest1_pkey on sbtest1  (cost=0.43..40.47 rows=10 width=121)
	              Index Cond: ((id >= 294593) AND (id <= 294602))

table 2 : explain SELECT DISTINCT c FROM sbtest2 WHERE id BETWEEN 702328 AND 702337 ORDER BY c
	Unique  (cost=37.17..37.21 rows=9 width=121)
	  ->  Sort  (cost=37.17..37.19 rows=9 width=121)
	        Sort Key: c
	        ->  Index Scan using sbtest2_pkey on sbtest2  (cost=0.43..37.03 rows=9 width=121)
	              Index Cond: ((id >= 702328) AND (id <= 702337))

table 3 : explain SELECT DISTINCT c FROM sbtest3 WHERE id BETWEEN 1353431 AND 1353440 ORDER BY c
	Unique  (cost=41.03..41.08 rows=10 width=121)
	  ->  Sort  (cost=41.03..41.06 rows=10 width=121)
	        Sort Key: c
	        ->  Index Scan using sbtest3_pkey on sbtest3  (cost=0.43..40.87 rows=10 width=121)
	              Index Cond: ((id >= 1353431) AND (id <= 1353440))

table 4 : explain SELECT DISTINCT c FROM sbtest4 WHERE id BETWEEN 2536734 AND 2536743 ORDER BY c
	Unique  (cost=40.90..40.95 rows=10 width=121)
	  ->  Sort  (cost=40.90..40.93 rows=10 width=121)
	        Sort Key: c
	        ->  Index Scan using sbtest4_pkey on sbtest4  (cost=0.43..40.73 rows=10 width=121)
	              Index Cond: ((id >= 2536734) AND (id <= 2536743))

table 5 : explain SELECT DISTINCT c FROM sbtest5 WHERE id BETWEEN 1391418 AND 1391427 ORDER BY c
	Unique  (cost=36.90..36.95 rows=9 width=121)
	  ->  Sort  (cost=36.90..36.93 rows=9 width=121)
	        Sort Key: c
	        ->  Index Scan using sbtest5_pkey on sbtest5  (cost=0.43..36.76 rows=9 width=121)
	              Index Cond: ((id >= 1391418) AND (id <= 1391427))

table 6 : explain SELECT DISTINCT c FROM sbtest6 WHERE id BETWEEN 2648588 AND 2648597 ORDER BY c
	Unique  (cost=41.01..41.06 rows=10 width=121)
	  ->  Sort  (cost=41.01..41.04 rows=10 width=121)
	        Sort Key: c
	        ->  Index Scan using sbtest6_pkey on sbtest6  (cost=0.43..40.84 rows=10 width=121)
	              Index Cond: ((id >= 2648588) AND (id <= 2648597))

table 7 : explain SELECT DISTINCT c FROM sbtest7 WHERE id BETWEEN 8541621 AND 8541630 ORDER BY c
	Unique  (cost=40.59..40.64 rows=10 width=121)
	  ->  Sort  (cost=40.59..40.62 rows=10 width=121)
	        Sort Key: c
	        ->  Index Scan using sbtest7_pkey on sbtest7  (cost=0.43..40.43 rows=10 width=121)
	              Index Cond: ((id >= 8541621) AND (id <= 8541630))

table 8 : explain SELECT DISTINCT c FROM sbtest8 WHERE id BETWEEN 6453270 AND 6453279 ORDER BY c
	Unique  (cost=36.85..36.89 rows=9 width=121)
	  ->  Sort  (cost=36.85..36.87 rows=9 width=121)
	        Sort Key: c
	        ->  Index Scan using sbtest8_pkey on sbtest8  (cost=0.43..36.70 rows=9 width=121)
	              Index Cond: ((id >= 6453270) AND (id <= 6453279))
for inserts
table 1 : explain INSERT INTO sbtest1 (id, k, c, pad) VALUES (6620982, 13, 'foobar', 'foobar')
	Insert on sbtest1  (cost=0.00..0.01 rows=0 width=0)
	  ->  Result  (cost=0.00..0.01 rows=1 width=736)

table 2 : explain INSERT INTO sbtest2 (id, k, c, pad) VALUES (9688773, 13, 'foobar', 'foobar')
	Insert on sbtest2  (cost=0.00..0.01 rows=0 width=0)
	  ->  Result  (cost=0.00..0.01 rows=1 width=736)

table 3 : explain INSERT INTO sbtest3 (id, k, c, pad) VALUES (7341411, 13, 'foobar', 'foobar')
	Insert on sbtest3  (cost=0.00..0.01 rows=0 width=0)
	  ->  Result  (cost=0.00..0.01 rows=1 width=736)

table 4 : explain INSERT INTO sbtest4 (id, k, c, pad) VALUES (8547650, 13, 'foobar', 'foobar')
	Insert on sbtest4  (cost=0.00..0.01 rows=0 width=0)
	  ->  Result  (cost=0.00..0.01 rows=1 width=736)

table 5 : explain INSERT INTO sbtest5 (id, k, c, pad) VALUES (4307274, 13, 'foobar', 'foobar')
	Insert on sbtest5  (cost=0.00..0.01 rows=0 width=0)
	  ->  Result  (cost=0.00..0.01 rows=1 width=736)

table 6 : explain INSERT INTO sbtest6 (id, k, c, pad) VALUES (1376942, 13, 'foobar', 'foobar')
	Insert on sbtest6  (cost=0.00..0.01 rows=0 width=0)
	  ->  Result  (cost=0.00..0.01 rows=1 width=736)

table 7 : explain INSERT INTO sbtest7 (id, k, c, pad) VALUES (4228894, 13, 'foobar', 'foobar')
	Insert on sbtest7  (cost=0.00..0.01 rows=0 width=0)
	  ->  Result  (cost=0.00..0.01 rows=1 width=736)

table 8 : explain INSERT INTO sbtest8 (id, k, c, pad) VALUES (8931377, 13, 'foobar', 'foobar')
	Insert on sbtest8  (cost=0.00..0.01 rows=0 width=0)
	  ->  Result  (cost=0.00..0.01 rows=1 width=736)


for: distinct_ranges
table 1 : explain SELECT DISTINCT c FROM sbtest1 WHERE id BETWEEN 9237559 AND 9237568 ORDER BY c
	Unique  (cost=37.06..37.10 rows=9 width=121)
	  ->  Sort  (cost=37.06..37.08 rows=9 width=121)
	        Sort Key: c
	        ->  Index Scan using sbtest1_pkey on sbtest1  (cost=0.43..36.92 rows=9 width=121)
	              Index Cond: ((id >= 9237559) AND (id <= 9237568))

table 2 : explain SELECT DISTINCT c FROM sbtest2 WHERE id BETWEEN 364729 AND 364738 ORDER BY c
	Unique  (cost=37.17..37.21 rows=9 width=121)
	  ->  Sort  (cost=37.17..37.19 rows=9 width=121)
	        Sort Key: c
	        ->  Index Scan using sbtest2_pkey on sbtest2  (cost=0.43..37.03 rows=9 width=121)
	              Index Cond: ((id >= 364729) AND (id <= 364738))

table 3 : explain SELECT DISTINCT c FROM sbtest3 WHERE id BETWEEN 9465601 AND 9465610 ORDER BY c
	Unique  (cost=44.66..44.71 rows=11 width=121)
	  ->  Sort  (cost=44.66..44.69 rows=11 width=121)
	        Sort Key: c
	        ->  Index Scan using sbtest3_pkey on sbtest3  (cost=0.43..44.47 rows=11 width=121)
	              Index Cond: ((id >= 9465601) AND (id <= 9465610))

table 4 : explain SELECT DISTINCT c FROM sbtest4 WHERE id BETWEEN 1338255 AND 1338264 ORDER BY c
	Unique  (cost=44.51..44.57 rows=11 width=121)
	  ->  Sort  (cost=44.51..44.54 rows=11 width=121)
	        Sort Key: c
	        ->  Index Scan using sbtest4_pkey on sbtest4  (cost=0.43..44.32 rows=11 width=121)
	              Index Cond: ((id >= 1338255) AND (id <= 1338264))

table 5 : explain SELECT DISTINCT c FROM sbtest5 WHERE id BETWEEN 7894594 AND 7894603 ORDER BY c
	Unique  (cost=40.46..40.51 rows=10 width=121)
	  ->  Sort  (cost=40.46..40.49 rows=10 width=121)
	        Sort Key: c
	        ->  Index Scan using sbtest5_pkey on sbtest5  (cost=0.43..40.30 rows=10 width=121)
	              Index Cond: ((id >= 7894594) AND (id <= 7894603))

table 6 : explain SELECT DISTINCT c FROM sbtest6 WHERE id BETWEEN 8056522 AND 8056531 ORDER BY c
	Unique  (cost=41.01..41.06 rows=10 width=121)
	  ->  Sort  (cost=41.01..41.04 rows=10 width=121)
	        Sort Key: c
	        ->  Index Scan using sbtest6_pkey on sbtest6  (cost=0.43..40.84 rows=10 width=121)
	              Index Cond: ((id >= 8056522) AND (id <= 8056531))

table 7 : explain SELECT DISTINCT c FROM sbtest7 WHERE id BETWEEN 7836185 AND 7836194 ORDER BY c
	Unique  (cost=40.59..40.64 rows=10 width=121)
	  ->  Sort  (cost=40.59..40.62 rows=10 width=121)
	        Sort Key: c
	        ->  Index Scan using sbtest7_pkey on sbtest7  (cost=0.43..40.43 rows=10 width=121)
	              Index Cond: ((id >= 7836185) AND (id <= 7836194))

table 8 : explain SELECT DISTINCT c FROM sbtest8 WHERE id BETWEEN 6458135 AND 6458144 ORDER BY c
	Unique  (cost=36.85..36.89 rows=9 width=121)
	  ->  Sort  (cost=36.85..36.87 rows=9 width=121)
	        Sort Key: c
	        ->  Index Scan using sbtest8_pkey on sbtest8  (cost=0.43..36.70 rows=9 width=121)
	              Index Cond: ((id >= 6458135) AND (id <= 6458144))

for deletes
table 1 : explain DELETE FROM sbtest1 WHERE id=4301472
	Delete on sbtest1  (cost=0.43..8.45 rows=0 width=0)
	  ->  Index Scan using sbtest1_pkey on sbtest1  (cost=0.43..8.45 rows=1 width=6)
	        Index Cond: (id = 4301472)

table 2 : explain DELETE FROM sbtest2 WHERE id=4945173
	Delete on sbtest2  (cost=0.43..8.45 rows=0 width=0)
	  ->  Index Scan using sbtest2_pkey on sbtest2  (cost=0.43..8.45 rows=1 width=6)
	        Index Cond: (id = 4945173)

table 3 : explain DELETE FROM sbtest3 WHERE id=6319013
	Delete on sbtest3  (cost=0.43..8.45 rows=0 width=0)
	  ->  Index Scan using sbtest3_pkey on sbtest3  (cost=0.43..8.45 rows=1 width=6)
	        Index Cond: (id = 6319013)

table 4 : explain DELETE FROM sbtest4 WHERE id=3285029
	Delete on sbtest4  (cost=0.43..8.45 rows=0 width=0)
	  ->  Index Scan using sbtest4_pkey on sbtest4  (cost=0.43..8.45 rows=1 width=6)
	        Index Cond: (id = 3285029)

table 5 : explain DELETE FROM sbtest5 WHERE id=4532032
	Delete on sbtest5  (cost=0.43..8.45 rows=0 width=0)
	  ->  Index Scan using sbtest5_pkey on sbtest5  (cost=0.43..8.45 rows=1 width=6)
	        Index Cond: (id = 4532032)

table 6 : explain DELETE FROM sbtest6 WHERE id=4256902
	Delete on sbtest6  (cost=0.43..8.45 rows=0 width=0)
	  ->  Index Scan using sbtest6_pkey on sbtest6  (cost=0.43..8.45 rows=1 width=6)
	        Index Cond: (id = 4256902)

table 7 : explain DELETE FROM sbtest7 WHERE id=6056515
	Delete on sbtest7  (cost=0.43..8.45 rows=0 width=0)
	  ->  Index Scan using sbtest7_pkey on sbtest7  (cost=0.43..8.45 rows=1 width=6)
	        Index Cond: (id = 6056515)

table 8 : explain DELETE FROM sbtest8 WHERE id=8517228
	Delete on sbtest8  (cost=0.43..8.45 rows=0 width=0)
	  ->  Index Scan using sbtest8_pkey on sbtest8  (cost=0.43..8.45 rows=1 width=6)
	        Index Cond: (id = 8517228)

explain: for deletes :: explain DELETE FROM sbtest%u WHERE id=%u
for point_selects
table 1 : explain SELECT c FROM sbtest1 WHERE id=1717952
	Index Scan using sbtest1_pkey on sbtest1  (cost=0.43..8.45 rows=1 width=121)
	  Index Cond: (id = 1717952)

table 2 : explain SELECT c FROM sbtest2 WHERE id=5058883
	Index Scan using sbtest2_pkey on sbtest2  (cost=0.43..8.45 rows=1 width=121)
	  Index Cond: (id = 5058883)

table 3 : explain SELECT c FROM sbtest3 WHERE id=2662830
	Index Scan using sbtest3_pkey on sbtest3  (cost=0.43..8.45 rows=1 width=121)
	  Index Cond: (id = 2662830)

table 4 : explain SELECT c FROM sbtest4 WHERE id=15045
	Index Scan using sbtest4_pkey on sbtest4  (cost=0.43..8.45 rows=1 width=121)
	  Index Cond: (id = 15045)

table 5 : explain SELECT c FROM sbtest5 WHERE id=6781241
	Index Scan using sbtest5_pkey on sbtest5  (cost=0.43..8.45 rows=1 width=121)
	  Index Cond: (id = 6781241)

table 6 : explain SELECT c FROM sbtest6 WHERE id=5079949
	Index Scan using sbtest6_pkey on sbtest6  (cost=0.43..8.45 rows=1 width=121)
	  Index Cond: (id = 5079949)

table 7 : explain SELECT c FROM sbtest7 WHERE id=7705047
	Index Scan using sbtest7_pkey on sbtest7  (cost=0.43..8.45 rows=1 width=121)
	  Index Cond: (id = 7705047)

table 8 : explain SELECT c FROM sbtest8 WHERE id=6348281
	Index Scan using sbtest8_pkey on sbtest8  (cost=0.43..8.45 rows=1 width=121)
	  Index Cond: (id = 6348281)

explain: for index_updates :: explain UPDATE sbtest%u SET k=k+1 WHERE id=%u
explain: for index_updates :: explain UPDATE sbtest%u SET k=k+1 WHERE id=%u
for index_updates
table 1 : explain UPDATE sbtest1 SET k=k+1 WHERE id=1848948
	Update on sbtest1  (cost=0.43..8.46 rows=0 width=0)
	  ->  Index Scan using sbtest1_pkey on sbtest1  (cost=0.43..8.46 rows=1 width=10)
	        Index Cond: (id = 1848948)

table 2 : explain UPDATE sbtest2 SET k=k+1 WHERE id=5270487
	Update on sbtest2  (cost=0.43..8.46 rows=0 width=0)
	  ->  Index Scan using sbtest2_pkey on sbtest2  (cost=0.43..8.46 rows=1 width=10)
	        Index Cond: (id = 5270487)

table 3 : explain UPDATE sbtest3 SET k=k+1 WHERE id=5401946
	Update on sbtest3  (cost=0.43..8.46 rows=0 width=0)
	  ->  Index Scan using sbtest3_pkey on sbtest3  (cost=0.43..8.46 rows=1 width=10)
	        Index Cond: (id = 5401946)

table 4 : explain UPDATE sbtest4 SET k=k+1 WHERE id=8653176
	Update on sbtest4  (cost=0.43..8.46 rows=0 width=0)
	  ->  Index Scan using sbtest4_pkey on sbtest4  (cost=0.43..8.46 rows=1 width=10)
	        Index Cond: (id = 8653176)

table 5 : explain UPDATE sbtest5 SET k=k+1 WHERE id=4790715
	Update on sbtest5  (cost=0.43..8.46 rows=0 width=0)
	  ->  Index Scan using sbtest5_pkey on sbtest5  (cost=0.43..8.46 rows=1 width=10)
	        Index Cond: (id = 4790715)

table 6 : explain UPDATE sbtest6 SET k=k+1 WHERE id=6755746
	Update on sbtest6  (cost=0.43..8.46 rows=0 width=0)
	  ->  Index Scan using sbtest6_pkey on sbtest6  (cost=0.43..8.46 rows=1 width=10)
	        Index Cond: (id = 6755746)

table 7 : explain UPDATE sbtest7 SET k=k+1 WHERE id=8703338
	Update on sbtest7  (cost=0.43..8.46 rows=0 width=0)
	  ->  Index Scan using sbtest7_pkey on sbtest7  (cost=0.43..8.46 rows=1 width=10)
	        Index Cond: (id = 8703338)

table 8 : explain UPDATE sbtest8 SET k=k+1 WHERE id=8029694
	Update on sbtest8  (cost=0.43..8.46 rows=0 width=0)
	  ->  Index Scan using sbtest8_pkey on sbtest8  (cost=0.43..8.46 rows=1 width=10)
	        Index Cond: (id = 8029694)

for deletes
table 1 : explain DELETE FROM sbtest1 WHERE id=6776215
	Delete on sbtest1  (cost=0.43..8.45 rows=0 width=0)
	  ->  Index Scan using sbtest1_pkey on sbtest1  (cost=0.43..8.45 rows=1 width=6)
	        Index Cond: (id = 6776215)

table 2 : explain DELETE FROM sbtest2 WHERE id=6847300
	Delete on sbtest2  (cost=0.43..8.45 rows=0 width=0)
	  ->  Index Scan using sbtest2_pkey on sbtest2  (cost=0.43..8.45 rows=1 width=6)
	        Index Cond: (id = 6847300)

table 3 : explain DELETE FROM sbtest3 WHERE id=6300936
	Delete on sbtest3  (cost=0.43..8.45 rows=0 width=0)
	  ->  Index Scan using sbtest3_pkey on sbtest3  (cost=0.43..8.45 rows=1 width=6)
	        Index Cond: (id = 6300936)

table 4 : explain DELETE FROM sbtest4 WHERE id=3962020
	Delete on sbtest4  (cost=0.43..8.45 rows=0 width=0)
	  ->  Index Scan using sbtest4_pkey on sbtest4  (cost=0.43..8.45 rows=1 width=6)
	        Index Cond: (id = 3962020)

table 5 : explain DELETE FROM sbtest5 WHERE id=8694936
	Delete on sbtest5  (cost=0.43..8.45 rows=0 width=0)
	  ->  Index Scan using sbtest5_pkey on sbtest5  (cost=0.43..8.45 rows=1 width=6)
	        Index Cond: (id = 8694936)

table 6 : explain DELETE FROM sbtest6 WHERE id=1423139
	Delete on sbtest6  (cost=0.43..8.45 rows=0 width=0)
	  ->  Index Scan using sbtest6_pkey on sbtest6  (cost=0.43..8.45 rows=1 width=6)
	        Index Cond: (id = 1423139)

table 7 : explain DELETE FROM sbtest7 WHERE id=5028799
	Delete on sbtest7  (cost=0.43..8.45 rows=0 width=0)
	  ->  Index Scan using sbtest7_pkey on sbtest7  (cost=0.43..8.45 rows=1 width=6)
	        Index Cond: (id = 5028799)

table 8 : explain DELETE FROM sbtest8 WHERE id=6504290
	Delete on sbtest8  (cost=0.43..8.45 rows=0 width=0)
	  ->  Index Scan using sbtest8_pkey on sbtest8  (cost=0.43..8.45 rows=1 width=6)
	        Index Cond: (id = 6504290)

explain: for point_selects :: explain SELECT c FROM sbtest%u WHERE id=%u
explain: for inserts :: explain INSERT INTO sbtest%u (id, k, c, pad) VALUES (%u, 13, 'foobar', 'foobar')
explain: for index_updates :: explain UPDATE sbtest%u SET k=k+1 WHERE id=%u
for point_selects
table 1 : explain SELECT c FROM sbtest1 WHERE id=9002669
	Index Scan using sbtest1_pkey on sbtest1  (cost=0.43..8.45 rows=1 width=121)
	  Index Cond: (id = 9002669)

table 2 : explain SELECT c FROM sbtest2 WHERE id=7519557
	Index Scan using sbtest2_pkey on sbtest2  (cost=0.43..8.45 rows=1 width=121)
	  Index Cond: (id = 7519557)

table 3 : explain SELECT c FROM sbtest3 WHERE id=2565110
	Index Scan using sbtest3_pkey on sbtest3  (cost=0.43..8.45 rows=1 width=121)
	  Index Cond: (id = 2565110)

table 4 : explain SELECT c FROM sbtest4 WHERE id=6032181
	Index Scan using sbtest4_pkey on sbtest4  (cost=0.43..8.45 rows=1 width=121)
	  Index Cond: (id = 6032181)

table 5 : explain SELECT c FROM sbtest5 WHERE id=9458885
	Index Scan using sbtest5_pkey on sbtest5  (cost=0.43..8.45 rows=1 width=121)
	  Index Cond: (id = 9458885)

table 6 : explain SELECT c FROM sbtest6 WHERE id=3518323
	Index Scan using sbtest6_pkey on sbtest6  (cost=0.43..8.45 rows=1 width=121)
	  Index Cond: (id = 3518323)

table 7 : explain SELECT c FROM sbtest7 WHERE id=8067583
	Index Scan using sbtest7_pkey on sbtest7  (cost=0.43..8.45 rows=1 width=121)
	  Index Cond: (id = 8067583)

table 8 : explain SELECT c FROM sbtest8 WHERE id=6889356
	Index Scan using sbtest8_pkey on sbtest8  (cost=0.43..8.45 rows=1 width=121)
	  Index Cond: (id = 6889356)

for point_selects
table 1 : explain SELECT c FROM sbtest1 WHERE id=5602000
	Index Scan using sbtest1_pkey on sbtest1  (cost=0.43..8.45 rows=1 width=121)
	  Index Cond: (id = 5602000)

table 2 : explain SELECT c FROM sbtest2 WHERE id=7198761
	Index Scan using sbtest2_pkey on sbtest2  (cost=0.43..8.45 rows=1 width=121)
	  Index Cond: (id = 7198761)

table 3 : explain SELECT c FROM sbtest3 WHERE id=8172814
	Index Scan using sbtest3_pkey on sbtest3  (cost=0.43..8.45 rows=1 width=121)
	  Index Cond: (id = 8172814)

table 4 : explain SELECT c FROM sbtest4 WHERE id=6284962
	Index Scan using sbtest4_pkey on sbtest4  (cost=0.43..8.45 rows=1 width=121)
	  Index Cond: (id = 6284962)

table 5 : explain SELECT c FROM sbtest5 WHERE id=689243
	Index Scan using sbtest5_pkey on sbtest5  (cost=0.43..8.45 rows=1 width=121)
	  Index Cond: (id = 689243)

table 6 : explain SELECT c FROM sbtest6 WHERE id=7086851
	Index Scan using sbtest6_pkey on sbtest6  (cost=0.43..8.45 rows=1 width=121)
	  Index Cond: (id = 7086851)

table 7 : explain SELECT c FROM sbtest7 WHERE id=2560229
	Index Scan using sbtest7_pkey on sbtest7  (cost=0.43..8.45 rows=1 width=121)
	  Index Cond: (id = 2560229)

table 8 : explain SELECT c FROM sbtest8 WHERE id=5292172
	Index Scan using sbtest8_pkey on sbtest8  (cost=0.43..8.45 rows=1 width=121)
	  Index Cond: (id = 5292172)

for point_selects
table 1 : explain SELECT c FROM sbtest1 WHERE id=9682064
	Index Scan using sbtest1_pkey on sbtest1  (cost=0.43..8.45 rows=1 width=121)
	  Index Cond: (id = 9682064)

table 2 : explain SELECT c FROM sbtest2 WHERE id=2062426
	Index Scan using sbtest2_pkey on sbtest2  (cost=0.43..8.45 rows=1 width=121)
	  Index Cond: (id = 2062426)

table 3 : explain SELECT c FROM sbtest3 WHERE id=9494509
	Index Scan using sbtest3_pkey on sbtest3  (cost=0.43..8.45 rows=1 width=121)
	  Index Cond: (id = 9494509)

table 4 : explain SELECT c FROM sbtest4 WHERE id=3655273
	Index Scan using sbtest4_pkey on sbtest4  (cost=0.43..8.45 rows=1 width=121)
	  Index Cond: (id = 3655273)

table 5 : explain SELECT c FROM sbtest5 WHERE id=6689809
	Index Scan using sbtest5_pkey on sbtest5  (cost=0.43..8.45 rows=1 width=121)
	  Index Cond: (id = 6689809)

table 6 : explain SELECT c FROM sbtest6 WHERE id=2635576
	Index Scan using sbtest6_pkey on sbtest6  (cost=0.43..8.45 rows=1 width=121)
	  Index Cond: (id = 2635576)

table 7 : explain SELECT c FROM sbtest7 WHERE id=5922884
	Index Scan using sbtest7_pkey on sbtest7  (cost=0.43..8.45 rows=1 width=121)
	  Index Cond: (id = 5922884)

table 8 : explain SELECT c FROM sbtest8 WHERE id=1771030
	Index Scan using sbtest8_pkey on sbtest8  (cost=0.43..8.45 rows=1 width=121)
	  Index Cond: (id = 1771030)

explain: for point_selects :: explain SELECT c FROM sbtest%u WHERE id=%u
explain: for non_index_updates :: explain UPDATE sbtest%u SET c='foobar' WHERE id=%u
for point_selects
table 1 : explain SELECT c FROM sbtest1 WHERE id=2783385
	Index Scan using sbtest1_pkey on sbtest1  (cost=0.43..8.45 rows=1 width=121)
	  Index Cond: (id = 2783385)

table 2 : explain SELECT c FROM sbtest2 WHERE id=9870973
	Index Scan using sbtest2_pkey on sbtest2  (cost=0.43..8.45 rows=1 width=121)
	  Index Cond: (id = 9870973)

table 3 : explain SELECT c FROM sbtest3 WHERE id=6635674
	Index Scan using sbtest3_pkey on sbtest3  (cost=0.43..8.45 rows=1 width=121)
	  Index Cond: (id = 6635674)

table 4 : explain SELECT c FROM sbtest4 WHERE id=4589478
	Index Scan using sbtest4_pkey on sbtest4  (cost=0.43..8.45 rows=1 width=121)
	  Index Cond: (id = 4589478)

table 5 : explain SELECT c FROM sbtest5 WHERE id=3624673
	Index Scan using sbtest5_pkey on sbtest5  (cost=0.43..8.45 rows=1 width=121)
	  Index Cond: (id = 3624673)

table 6 : explain SELECT c FROM sbtest6 WHERE id=2837121
	Index Scan using sbtest6_pkey on sbtest6  (cost=0.43..8.45 rows=1 width=121)
	  Index Cond: (id = 2837121)

table 7 : explain SELECT c FROM sbtest7 WHERE id=2120825
	Index Scan using sbtest7_pkey on sbtest7  (cost=0.43..8.45 rows=1 width=121)
	  Index Cond: (id = 2120825)

table 8 : explain SELECT c FROM sbtest8 WHERE id=8685484
	Index Scan using sbtest8_pkey on sbtest8  (cost=0.43..8.45 rows=1 width=121)
	  Index Cond: (id = 8685484)

for index_updates
table 1 : explain UPDATE sbtest1 SET k=k+1 WHERE id=7467428
	Update on sbtest1  (cost=0.43..8.46 rows=0 width=0)
	  ->  Index Scan using sbtest1_pkey on sbtest1  (cost=0.43..8.46 rows=1 width=10)
	        Index Cond: (id = 7467428)

table 2 : explain UPDATE sbtest2 SET k=k+1 WHERE id=5279309
	Update on sbtest2  (cost=0.43..8.46 rows=0 width=0)
	  ->  Index Scan using sbtest2_pkey on sbtest2  (cost=0.43..8.46 rows=1 width=10)
	        Index Cond: (id = 5279309)

table 3 : explain UPDATE sbtest3 SET k=k+1 WHERE id=1502385
	Update on sbtest3  (cost=0.43..8.46 rows=0 width=0)
	  ->  Index Scan using sbtest3_pkey on sbtest3  (cost=0.43..8.46 rows=1 width=10)
	        Index Cond: (id = 1502385)

table 4 : explain UPDATE sbtest4 SET k=k+1 WHERE id=1858446
	Update on sbtest4  (cost=0.43..8.46 rows=0 width=0)
	  ->  Index Scan using sbtest4_pkey on sbtest4  (cost=0.43..8.46 rows=1 width=10)
	        Index Cond: (id = 1858446)

table 5 : explain UPDATE sbtest5 SET k=k+1 WHERE id=807045
	Update on sbtest5  (cost=0.43..8.46 rows=0 width=0)
	  ->  Index Scan using sbtest5_pkey on sbtest5  (cost=0.43..8.46 rows=1 width=10)
	        Index Cond: (id = 807045)

table 6 : explain UPDATE sbtest6 SET k=k+1 WHERE id=6188158
	Update on sbtest6  (cost=0.43..8.46 rows=0 width=0)
	  ->  Index Scan using sbtest6_pkey on sbtest6  (cost=0.43..8.46 rows=1 width=10)
	        Index Cond: (id = 6188158)

table 7 : explain UPDATE sbtest7 SET k=k+1 WHERE id=1840198
	Update on sbtest7  (cost=0.43..8.46 rows=0 width=0)
	  ->  Index Scan using sbtest7_pkey on sbtest7  (cost=0.43..8.46 rows=1 width=10)
	        Index Cond: (id = 1840198)

table 8 : explain UPDATE sbtest8 SET k=k+1 WHERE id=2710803
	Update on sbtest8  (cost=0.43..8.46 rows=0 width=0)
	  ->  Index Scan using sbtest8_pkey on sbtest8  (cost=0.43..8.46 rows=1 width=10)
	        Index Cond: (id = 2710803)

for inserts
table 1 : explain INSERT INTO sbtest1 (id, k, c, pad) VALUES (3070610, 13, 'foobar', 'foobar')
	Insert on sbtest1  (cost=0.00..0.01 rows=0 width=0)
	  ->  Result  (cost=0.00..0.01 rows=1 width=736)

table 2 : explain INSERT INTO sbtest2 (id, k, c, pad) VALUES (4539231, 13, 'foobar', 'foobar')
	Insert on sbtest2  (cost=0.00..0.01 rows=0 width=0)
	  ->  Result  (cost=0.00..0.01 rows=1 width=736)

table 3 : explain INSERT INTO sbtest3 (id, k, c, pad) VALUES (2881872, 13, 'foobar', 'foobar')
	Insert on sbtest3  (cost=0.00..0.01 rows=0 width=0)
	  ->  Result  (cost=0.00..0.01 rows=1 width=736)

table 4 : explain INSERT INTO sbtest4 (id, k, c, pad) VALUES (860189, 13, 'foobar', 'foobar')
	Insert on sbtest4  (cost=0.00..0.01 rows=0 width=0)
	  ->  Result  (cost=0.00..0.01 rows=1 width=736)

table 5 : explain INSERT INTO sbtest5 (id, k, c, pad) VALUES (1418368, 13, 'foobar', 'foobar')
	Insert on sbtest5  (cost=0.00..0.01 rows=0 width=0)
	  ->  Result  (cost=0.00..0.01 rows=1 width=736)

table 6 : explain INSERT INTO sbtest6 (id, k, c, pad) VALUES (3951044, 13, 'foobar', 'foobar')
	Insert on sbtest6  (cost=0.00..0.01 rows=0 width=0)
	  ->  Result  (cost=0.00..0.01 rows=1 width=736)

table 7 : explain INSERT INTO sbtest7 (id, k, c, pad) VALUES (9184534, 13, 'foobar', 'foobar')
	Insert on sbtest7  (cost=0.00..0.01 rows=0 width=0)
	  ->  Result  (cost=0.00..0.01 rows=1 width=736)

table 8 : explain INSERT INTO sbtest8 (id, k, c, pad) VALUES (5380027, 13, 'foobar', 'foobar')
	Insert on sbtest8  (cost=0.00..0.01 rows=0 width=0)
	  ->  Result  (cost=0.00..0.01 rows=1 width=736)

explain: for inserts :: explain INSERT INTO sbtest%u (id, k, c, pad) VALUES (%u, 13, 'foobar', 'foobar')
for: simple_ranges
table 1 : explain SELECT c FROM sbtest1 WHERE id BETWEEN 1141125 AND 1141134
	Index Scan using sbtest1_pkey on sbtest1  (cost=0.43..40.47 rows=10 width=121)
	  Index Cond: ((id >= 1141125) AND (id <= 1141134))

table 2 : explain SELECT c FROM sbtest2 WHERE id BETWEEN 5357507 AND 5357516
	Index Scan using sbtest2_pkey on sbtest2  (cost=0.43..40.60 rows=10 width=121)
	  Index Cond: ((id >= 5357507) AND (id <= 5357516))

table 3 : explain SELECT c FROM sbtest3 WHERE id BETWEEN 9087081 AND 9087090
	Index Scan using sbtest3_pkey on sbtest3  (cost=0.43..40.87 rows=10 width=121)
	  Index Cond: ((id >= 9087081) AND (id <= 9087090))

table 4 : explain SELECT c FROM sbtest4 WHERE id BETWEEN 2200703 AND 2200712
	Index Scan using sbtest4_pkey on sbtest4  (cost=0.43..40.73 rows=10 width=121)
	  Index Cond: ((id >= 2200703) AND (id <= 2200712))

table 5 : explain SELECT c FROM sbtest5 WHERE id BETWEEN 1838831 AND 1838840
	Index Scan using sbtest5_pkey on sbtest5  (cost=0.43..40.30 rows=10 width=121)
	  Index Cond: ((id >= 1838831) AND (id <= 1838840))

table 6 : explain SELECT c FROM sbtest6 WHERE id BETWEEN 7594699 AND 7594708
	Index Scan using sbtest6_pkey on sbtest6  (cost=0.43..40.84 rows=10 width=121)
	  Index Cond: ((id >= 7594699) AND (id <= 7594708))

table 7 : explain SELECT c FROM sbtest7 WHERE id BETWEEN 5513615 AND 5513624
	Index Scan using sbtest7_pkey on sbtest7  (cost=0.43..40.43 rows=10 width=121)
	  Index Cond: ((id >= 5513615) AND (id <= 5513624))

table 8 : explain SELECT c FROM sbtest8 WHERE id BETWEEN 9671733 AND 9671742
	Index Scan using sbtest8_pkey on sbtest8  (cost=0.43..40.23 rows=10 width=121)
	  Index Cond: ((id >= 9671733) AND (id <= 9671742))

for point_selects
table 1 : explain SELECT c FROM sbtest1 WHERE id=3322039
	Index Scan using sbtest1_pkey on sbtest1  (cost=0.43..8.45 rows=1 width=121)
	  Index Cond: (id = 3322039)

table 2 : explain SELECT c FROM sbtest2 WHERE id=7370283
	Index Scan using sbtest2_pkey on sbtest2  (cost=0.43..8.45 rows=1 width=121)
	  Index Cond: (id = 7370283)

table 3 : explain SELECT c FROM sbtest3 WHERE id=8441116
	Index Scan using sbtest3_pkey on sbtest3  (cost=0.43..8.45 rows=1 width=121)
	  Index Cond: (id = 8441116)

table 4 : explain SELECT c FROM sbtest4 WHERE id=6599147
	Index Scan using sbtest4_pkey on sbtest4  (cost=0.43..8.45 rows=1 width=121)
	  Index Cond: (id = 6599147)

table 5 : explain SELECT c FROM sbtest5 WHERE id=5021222
	Index Scan using sbtest5_pkey on sbtest5  (cost=0.43..8.45 rows=1 width=121)
	  Index Cond: (id = 5021222)

table 6 : explain SELECT c FROM sbtest6 WHERE id=8128114
	Index Scan using sbtest6_pkey on sbtest6  (cost=0.43..8.45 rows=1 width=121)
	  Index Cond: (id = 8128114)

table 7 : explain SELECT c FROM sbtest7 WHERE id=9671745
	Index Scan using sbtest7_pkey on sbtest7  (cost=0.43..8.45 rows=1 width=121)
	  Index Cond: (id = 9671745)

table 8 : explain SELECT c FROM sbtest8 WHERE id=7615949
	Index Scan using sbtest8_pkey on sbtest8  (cost=0.43..8.45 rows=1 width=121)
	  Index Cond: (id = 7615949)

for non_index_updates
table 1 : explain UPDATE sbtest1 SET c='foobar' WHERE id=8841767
	Update on sbtest1  (cost=0.43..8.45 rows=0 width=0)
	  ->  Index Scan using sbtest1_pkey on sbtest1  (cost=0.43..8.45 rows=1 width=490)
	        Index Cond: (id = 8841767)

table 2 : explain UPDATE sbtest2 SET c='foobar' WHERE id=3789404
	Update on sbtest2  (cost=0.43..8.45 rows=0 width=0)
	  ->  Index Scan using sbtest2_pkey on sbtest2  (cost=0.43..8.45 rows=1 width=490)
	        Index Cond: (id = 3789404)

table 3 : explain UPDATE sbtest3 SET c='foobar' WHERE id=6990154
	Update on sbtest3  (cost=0.43..8.45 rows=0 width=0)
	  ->  Index Scan using sbtest3_pkey on sbtest3  (cost=0.43..8.45 rows=1 width=490)
	        Index Cond: (id = 6990154)

table 4 : explain UPDATE sbtest4 SET c='foobar' WHERE id=7631188
	Update on sbtest4  (cost=0.43..8.45 rows=0 width=0)
	  ->  Index Scan using sbtest4_pkey on sbtest4  (cost=0.43..8.45 rows=1 width=490)
	        Index Cond: (id = 7631188)

table 5 : explain UPDATE sbtest5 SET c='foobar' WHERE id=1258132
	Update on sbtest5  (cost=0.43..8.45 rows=0 width=0)
	  ->  Index Scan using sbtest5_pkey on sbtest5  (cost=0.43..8.45 rows=1 width=490)
	        Index Cond: (id = 1258132)

table 6 : explain UPDATE sbtest6 SET c='foobar' WHERE id=3171112
	Update on sbtest6  (cost=0.43..8.45 rows=0 width=0)
	  ->  Index Scan using sbtest6_pkey on sbtest6  (cost=0.43..8.45 rows=1 width=490)
	        Index Cond: (id = 3171112)

table 7 : explain UPDATE sbtest7 SET c='foobar' WHERE id=5150484
	Update on sbtest7  (cost=0.43..8.45 rows=0 width=0)
	  ->  Index Scan using sbtest7_pkey on sbtest7  (cost=0.43..8.45 rows=1 width=490)
	        Index Cond: (id = 5150484)

table 8 : explain UPDATE sbtest8 SET c='foobar' WHERE id=9085265
	Update on sbtest8  (cost=0.43..8.45 rows=0 width=0)
	  ->  Index Scan using sbtest8_pkey on sbtest8  (cost=0.43..8.45 rows=1 width=490)
	        Index Cond: (id = 9085265)

explain: for non_index_updates :: explain UPDATE sbtest%u SET c='foobar' WHERE id=%u
for inserts
table 1 : explain INSERT INTO sbtest1 (id, k, c, pad) VALUES (2756440, 13, 'foobar', 'foobar')
	Insert on sbtest1  (cost=0.00..0.01 rows=0 width=0)
	  ->  Result  (cost=0.00..0.01 rows=1 width=736)

table 2 : explain INSERT INTO sbtest2 (id, k, c, pad) VALUES (4674384, 13, 'foobar', 'foobar')
	Insert on sbtest2  (cost=0.00..0.01 rows=0 width=0)
	  ->  Result  (cost=0.00..0.01 rows=1 width=736)

table 3 : explain INSERT INTO sbtest3 (id, k, c, pad) VALUES (561802, 13, 'foobar', 'foobar')
	Insert on sbtest3  (cost=0.00..0.01 rows=0 width=0)
	  ->  Result  (cost=0.00..0.01 rows=1 width=736)

table 4 : explain INSERT INTO sbtest4 (id, k, c, pad) VALUES (8187190, 13, 'foobar', 'foobar')
	Insert on sbtest4  (cost=0.00..0.01 rows=0 width=0)
	  ->  Result  (cost=0.00..0.01 rows=1 width=736)

table 5 : explain INSERT INTO sbtest5 (id, k, c, pad) VALUES (7100470, 13, 'foobar', 'foobar')
	Insert on sbtest5  (cost=0.00..0.01 rows=0 width=0)
	  ->  Result  (cost=0.00..0.01 rows=1 width=736)

table 6 : explain INSERT INTO sbtest6 (id, k, c, pad) VALUES (8963924, 13, 'foobar', 'foobar')
	Insert on sbtest6  (cost=0.00..0.01 rows=0 width=0)
	  ->  Result  (cost=0.00..0.01 rows=1 width=736)

table 7 : explain INSERT INTO sbtest7 (id, k, c, pad) VALUES (8041400, 13, 'foobar', 'foobar')
	Insert on sbtest7  (cost=0.00..0.01 rows=0 width=0)
	  ->  Result  (cost=0.00..0.01 rows=1 width=736)

table 8 : explain INSERT INTO sbtest8 (id, k, c, pad) VALUES (8954833, 13, 'foobar', 'foobar')
	Insert on sbtest8  (cost=0.00..0.01 rows=0 width=0)
	  ->  Result  (cost=0.00..0.01 rows=1 width=736)

for index_updates
table 1 : explain UPDATE sbtest1 SET k=k+1 WHERE id=4346169
	Update on sbtest1  (cost=0.43..8.46 rows=0 width=0)
	  ->  Index Scan using sbtest1_pkey on sbtest1  (cost=0.43..8.46 rows=1 width=10)
	        Index Cond: (id = 4346169)

table 2 : explain UPDATE sbtest2 SET k=k+1 WHERE id=8719648
	Update on sbtest2  (cost=0.43..8.46 rows=0 width=0)
	  ->  Index Scan using sbtest2_pkey on sbtest2  (cost=0.43..8.46 rows=1 width=10)
	        Index Cond: (id = 8719648)

table 3 : explain UPDATE sbtest3 SET k=k+1 WHERE id=7418324
	Update on sbtest3  (cost=0.43..8.46 rows=0 width=0)
	  ->  Index Scan using sbtest3_pkey on sbtest3  (cost=0.43..8.46 rows=1 width=10)
	        Index Cond: (id = 7418324)

table 4 : explain UPDATE sbtest4 SET k=k+1 WHERE id=1095183
	Update on sbtest4  (cost=0.43..8.46 rows=0 width=0)
	  ->  Index Scan using sbtest4_pkey on sbtest4  (cost=0.43..8.46 rows=1 width=10)
	        Index Cond: (id = 1095183)

table 5 : explain UPDATE sbtest5 SET k=k+1 WHERE id=4258787
	Update on sbtest5  (cost=0.43..8.46 rows=0 width=0)
	  ->  Index Scan using sbtest5_pkey on sbtest5  (cost=0.43..8.46 rows=1 width=10)
	        Index Cond: (id = 4258787)

table 6 : explain UPDATE sbtest6 SET k=k+1 WHERE id=4955945
	Update on sbtest6  (cost=0.43..8.46 rows=0 width=0)
	  ->  Index Scan using sbtest6_pkey on sbtest6  (cost=0.43..8.46 rows=1 width=10)
	        Index Cond: (id = 4955945)

table 7 : explain UPDATE sbtest7 SET k=k+1 WHERE id=3413255
	Update on sbtest7  (cost=0.43..8.46 rows=0 width=0)
	  ->  Index Scan using sbtest7_pkey on sbtest7  (cost=0.43..8.46 rows=1 width=10)
	        Index Cond: (id = 3413255)

table 8 : explain UPDATE sbtest8 SET k=k+1 WHERE id=6776572
	Update on sbtest8  (cost=0.43..8.46 rows=0 width=0)
	  ->  Index Scan using sbtest8_pkey on sbtest8  (cost=0.43..8.46 rows=1 width=10)
	        Index Cond: (id = 6776572)

for point_selects
table 1 : explain SELECT c FROM sbtest1 WHERE id=228695
	Index Scan using sbtest1_pkey on sbtest1  (cost=0.43..8.45 rows=1 width=121)
	  Index Cond: (id = 228695)

table 2 : explain SELECT c FROM sbtest2 WHERE id=1739350
	Index Scan using sbtest2_pkey on sbtest2  (cost=0.43..8.45 rows=1 width=121)
	  Index Cond: (id = 1739350)

table 3 : explain SELECT c FROM sbtest3 WHERE id=2859553
	Index Scan using sbtest3_pkey on sbtest3  (cost=0.43..8.45 rows=1 width=121)
	  Index Cond: (id = 2859553)

table 4 : explain SELECT c FROM sbtest4 WHERE id=5017725
	Index Scan using sbtest4_pkey on sbtest4  (cost=0.43..8.45 rows=1 width=121)
	  Index Cond: (id = 5017725)

table 5 : explain SELECT c FROM sbtest5 WHERE id=5557503
	Index Scan using sbtest5_pkey on sbtest5  (cost=0.43..8.45 rows=1 width=121)
	  Index Cond: (id = 5557503)

table 6 : explain SELECT c FROM sbtest6 WHERE id=2655984
	Index Scan using sbtest6_pkey on sbtest6  (cost=0.43..8.45 rows=1 width=121)
	  Index Cond: (id = 2655984)

table 7 : explain SELECT c FROM sbtest7 WHERE id=7971682
	Index Scan using sbtest7_pkey on sbtest7  (cost=0.43..8.45 rows=1 width=121)
	  Index Cond: (id = 7971682)

table 8 : explain SELECT c FROM sbtest8 WHERE id=6162042
	Index Scan using sbtest8_pkey on sbtest8  (cost=0.43..8.45 rows=1 width=121)
	  Index Cond: (id = 6162042)

explain: for deletes :: explain DELETE FROM sbtest%u WHERE id=%u
for point_selects
table 1 : explain SELECT c FROM sbtest1 WHERE id=9505189
	Index Scan using sbtest1_pkey on sbtest1  (cost=0.43..8.45 rows=1 width=121)
	  Index Cond: (id = 9505189)

table 2 : explain SELECT c FROM sbtest2 WHERE id=9380436
	Index Scan using sbtest2_pkey on sbtest2  (cost=0.43..8.45 rows=1 width=121)
	  Index Cond: (id = 9380436)

table 3 : explain SELECT c FROM sbtest3 WHERE id=7248261
	Index Scan using sbtest3_pkey on sbtest3  (cost=0.43..8.45 rows=1 width=121)
	  Index Cond: (id = 7248261)

table 4 : explain SELECT c FROM sbtest4 WHERE id=3458082
	Index Scan using sbtest4_pkey on sbtest4  (cost=0.43..8.45 rows=1 width=121)
	  Index Cond: (id = 3458082)

table 5 : explain SELECT c FROM sbtest5 WHERE id=9557090
	Index Scan using sbtest5_pkey on sbtest5  (cost=0.43..8.45 rows=1 width=121)
	  Index Cond: (id = 9557090)

table 6 : explain SELECT c FROM sbtest6 WHERE id=1942712
	Index Scan using sbtest6_pkey on sbtest6  (cost=0.43..8.45 rows=1 width=121)
	  Index Cond: (id = 1942712)

table 7 : explain SELECT c FROM sbtest7 WHERE id=6744804
	Index Scan using sbtest7_pkey on sbtest7  (cost=0.43..8.45 rows=1 width=121)
	  Index Cond: (id = 6744804)

table 8 : explain SELECT c FROM sbtest8 WHERE id=1773099
	Index Scan using sbtest8_pkey on sbtest8  (cost=0.43..8.45 rows=1 width=121)
	  Index Cond: (id = 1773099)

for: simple_ranges
table 1 : explain SELECT c FROM sbtest1 WHERE id BETWEEN 8454747 AND 8454756
	Index Scan using sbtest1_pkey on sbtest1  (cost=0.43..40.47 rows=10 width=121)
	  Index Cond: ((id >= 8454747) AND (id <= 8454756))

table 2 : explain SELECT c FROM sbtest2 WHERE id BETWEEN 1529360 AND 1529369
	Index Scan using sbtest2_pkey on sbtest2  (cost=0.43..40.60 rows=10 width=121)
	  Index Cond: ((id >= 1529360) AND (id <= 1529369))

table 3 : explain SELECT c FROM sbtest3 WHERE id BETWEEN 5163647 AND 5163656
	Index Scan using sbtest3_pkey on sbtest3  (cost=0.43..40.87 rows=10 width=121)
	  Index Cond: ((id >= 5163647) AND (id <= 5163656))

table 4 : explain SELECT c FROM sbtest4 WHERE id BETWEEN 7366467 AND 7366476
	Index Scan using sbtest4_pkey on sbtest4  (cost=0.43..37.15 rows=9 width=121)
	  Index Cond: ((id >= 7366467) AND (id <= 7366476))

table 5 : explain SELECT c FROM sbtest5 WHERE id BETWEEN 7742091 AND 7742100
	Index Scan using sbtest5_pkey on sbtest5  (cost=0.43..36.76 rows=9 width=121)
	  Index Cond: ((id >= 7742091) AND (id <= 7742100))

table 6 : explain SELECT c FROM sbtest6 WHERE id BETWEEN 6295055 AND 6295064
	Index Scan using sbtest6_pkey on sbtest6  (cost=0.43..40.84 rows=10 width=121)
	  Index Cond: ((id >= 6295055) AND (id <= 6295064))

table 7 : explain SELECT c FROM sbtest7 WHERE id BETWEEN 8788532 AND 8788541
	Index Scan using sbtest7_pkey on sbtest7  (cost=0.43..40.43 rows=10 width=121)
	  Index Cond: ((id >= 8788532) AND (id <= 8788541))

table 8 : explain SELECT c FROM sbtest8 WHERE id BETWEEN 5682699 AND 5682708
	Index Scan using sbtest8_pkey on sbtest8  (cost=0.43..43.76 rows=11 width=121)
	  Index Cond: ((id >= 5682699) AND (id <= 5682708))

for: simple_ranges
table 1 : explain SELECT c FROM sbtest1 WHERE id BETWEEN 3339490 AND 3339499
	Index Scan using sbtest1_pkey on sbtest1  (cost=0.43..40.47 rows=10 width=121)
	  Index Cond: ((id >= 3339490) AND (id <= 3339499))

table 2 : explain SELECT c FROM sbtest2 WHERE id BETWEEN 6366286 AND 6366295
	Index Scan using sbtest2_pkey on sbtest2  (cost=0.43..37.03 rows=9 width=121)
	  Index Cond: ((id >= 6366286) AND (id <= 6366295))

table 3 : explain SELECT c FROM sbtest3 WHERE id BETWEEN 2336415 AND 2336424
	Index Scan using sbtest3_pkey on sbtest3  (cost=0.43..40.87 rows=10 width=121)
	  Index Cond: ((id >= 2336415) AND (id <= 2336424))

table 4 : explain SELECT c FROM sbtest4 WHERE id BETWEEN 8323305 AND 8323314
	Index Scan using sbtest4_pkey on sbtest4  (cost=0.43..37.15 rows=9 width=121)
	  Index Cond: ((id >= 8323305) AND (id <= 8323314))

table 5 : explain SELECT c FROM sbtest5 WHERE id BETWEEN 2732178 AND 2732187
	Index Scan using sbtest5_pkey on sbtest5  (cost=0.43..43.84 rows=11 width=121)
	  Index Cond: ((id >= 2732178) AND (id <= 2732187))

table 6 : explain SELECT c FROM sbtest6 WHERE id BETWEEN 6174765 AND 6174774
	Index Scan using sbtest6_pkey on sbtest6  (cost=0.43..44.44 rows=11 width=121)
	  Index Cond: ((id >= 6174765) AND (id <= 6174774))

table 7 : explain SELECT c FROM sbtest7 WHERE id BETWEEN 5048984 AND 5048993
	Index Scan using sbtest7_pkey on sbtest7  (cost=0.43..40.43 rows=10 width=121)
	  Index Cond: ((id >= 5048984) AND (id <= 5048993))

table 8 : explain SELECT c FROM sbtest8 WHERE id BETWEEN 9875012 AND 9875021
	Index Scan using sbtest8_pkey on sbtest8  (cost=0.43..43.76 rows=11 width=121)
	  Index Cond: ((id >= 9875012) AND (id <= 9875021))

for: simple_ranges
table 1 : explain SELECT c FROM sbtest1 WHERE id BETWEEN 5195452 AND 5195461
	Index Scan using sbtest1_pkey on sbtest1  (cost=0.43..40.47 rows=10 width=121)
	  Index Cond: ((id >= 5195452) AND (id <= 5195461))

table 2 : explain SELECT c FROM sbtest2 WHERE id BETWEEN 8012554 AND 8012563
	Index Scan using sbtest2_pkey on sbtest2  (cost=0.43..40.60 rows=10 width=121)
	  Index Cond: ((id >= 8012554) AND (id <= 8012563))

table 3 : explain SELECT c FROM sbtest3 WHERE id BETWEEN 2718500 AND 2718509
	Index Scan using sbtest3_pkey on sbtest3  (cost=0.43..40.87 rows=10 width=121)
	  Index Cond: ((id >= 2718500) AND (id <= 2718509))

table 4 : explain SELECT c FROM sbtest4 WHERE id BETWEEN 1717670 AND 1717679
	Index Scan using sbtest4_pkey on sbtest4  (cost=0.43..40.73 rows=10 width=121)
	  Index Cond: ((id >= 1717670) AND (id <= 1717679))

table 5 : explain SELECT c FROM sbtest5 WHERE id BETWEEN 8087029 AND 8087038
	Index Scan using sbtest5_pkey on sbtest5  (cost=0.43..40.30 rows=10 width=121)
	  Index Cond: ((id >= 8087029) AND (id <= 8087038))

table 6 : explain SELECT c FROM sbtest6 WHERE id BETWEEN 7180669 AND 7180678
	Index Scan using sbtest6_pkey on sbtest6  (cost=0.43..44.44 rows=11 width=121)
	  Index Cond: ((id >= 7180669) AND (id <= 7180678))

table 7 : explain SELECT c FROM sbtest7 WHERE id BETWEEN 4069813 AND 4069822
	Index Scan using sbtest7_pkey on sbtest7  (cost=0.43..43.98 rows=11 width=121)
	  Index Cond: ((id >= 4069813) AND (id <= 4069822))

table 8 : explain SELECT c FROM sbtest8 WHERE id BETWEEN 1034618 AND 1034627
	Index Scan using sbtest8_pkey on sbtest8  (cost=0.43..40.23 rows=10 width=121)
	  Index Cond: ((id >= 1034618) AND (id <= 1034627))

for: simple_ranges
table 1 : explain SELECT c FROM sbtest1 WHERE id BETWEEN 75782 AND 75791
	Index Scan using sbtest1_pkey on sbtest1  (cost=0.43..44.03 rows=11 width=121)
	  Index Cond: ((id >= 75782) AND (id <= 75791))

table 2 : explain SELECT c FROM sbtest2 WHERE id BETWEEN 2075437 AND 2075446
	Index Scan using sbtest2_pkey on sbtest2  (cost=0.43..44.17 rows=11 width=121)
	  Index Cond: ((id >= 2075437) AND (id <= 2075446))

table 3 : explain SELECT c FROM sbtest3 WHERE id BETWEEN 281835 AND 281844
	Index Scan using sbtest3_pkey on sbtest3  (cost=0.43..40.87 rows=10 width=121)
	  Index Cond: ((id >= 281835) AND (id <= 281844))

table 4 : explain SELECT c FROM sbtest4 WHERE id BETWEEN 9003773 AND 9003782
	Index Scan using sbtest4_pkey on sbtest4  (cost=0.43..44.32 rows=11 width=121)
	  Index Cond: ((id >= 9003773) AND (id <= 9003782))

table 5 : explain SELECT c FROM sbtest5 WHERE id BETWEEN 5454846 AND 5454855
	Index Scan using sbtest5_pkey on sbtest5  (cost=0.43..40.30 rows=10 width=121)
	  Index Cond: ((id >= 5454846) AND (id <= 5454855))

table 6 : explain SELECT c FROM sbtest6 WHERE id BETWEEN 7008443 AND 7008452
	Index Scan using sbtest6_pkey on sbtest6  (cost=0.43..44.44 rows=11 width=121)
	  Index Cond: ((id >= 7008443) AND (id <= 7008452))

table 7 : explain SELECT c FROM sbtest7 WHERE id BETWEEN 468405 AND 468414
	Index Scan using sbtest7_pkey on sbtest7  (cost=0.43..43.98 rows=11 width=121)
	  Index Cond: ((id >= 468405) AND (id <= 468414))

table 8 : explain SELECT c FROM sbtest8 WHERE id BETWEEN 4988651 AND 4988660
	Index Scan using sbtest8_pkey on sbtest8  (cost=0.43..36.70 rows=9 width=121)
	  Index Cond: ((id >= 4988651) AND (id <= 4988660))

for index_updates
table 1 : explain UPDATE sbtest1 SET k=k+1 WHERE id=4370919
	Update on sbtest1  (cost=0.43..8.46 rows=0 width=0)
	  ->  Index Scan using sbtest1_pkey on sbtest1  (cost=0.43..8.46 rows=1 width=10)
	        Index Cond: (id = 4370919)

table 2 : explain UPDATE sbtest2 SET k=k+1 WHERE id=6421038
	Update on sbtest2  (cost=0.43..8.46 rows=0 width=0)
	  ->  Index Scan using sbtest2_pkey on sbtest2  (cost=0.43..8.46 rows=1 width=10)
	        Index Cond: (id = 6421038)

table 3 : explain UPDATE sbtest3 SET k=k+1 WHERE id=2092450
	Update on sbtest3  (cost=0.43..8.46 rows=0 width=0)
	  ->  Index Scan using sbtest3_pkey on sbtest3  (cost=0.43..8.46 rows=1 width=10)
	        Index Cond: (id = 2092450)

table 4 : explain UPDATE sbtest4 SET k=k+1 WHERE id=7996379
	Update on sbtest4  (cost=0.43..8.46 rows=0 width=0)
	  ->  Index Scan using sbtest4_pkey on sbtest4  (cost=0.43..8.46 rows=1 width=10)
	        Index Cond: (id = 7996379)

table 5 : explain UPDATE sbtest5 SET k=k+1 WHERE id=9283498
	Update on sbtest5  (cost=0.43..8.46 rows=0 width=0)
	  ->  Index Scan using sbtest5_pkey on sbtest5  (cost=0.43..8.46 rows=1 width=10)
	        Index Cond: (id = 9283498)

table 6 : explain UPDATE sbtest6 SET k=k+1 WHERE id=5917897
	Update on sbtest6  (cost=0.43..8.46 rows=0 width=0)
	  ->  Index Scan using sbtest6_pkey on sbtest6  (cost=0.43..8.46 rows=1 width=10)
	        Index Cond: (id = 5917897)

table 7 : explain UPDATE sbtest7 SET k=k+1 WHERE id=926629
	Update on sbtest7  (cost=0.43..8.46 rows=0 width=0)
	  ->  Index Scan using sbtest7_pkey on sbtest7  (cost=0.43..8.46 rows=1 width=10)
	        Index Cond: (id = 926629)

table 8 : explain UPDATE sbtest8 SET k=k+1 WHERE id=2537156
	Update on sbtest8  (cost=0.43..8.46 rows=0 width=0)
	  ->  Index Scan using sbtest8_pkey on sbtest8  (cost=0.43..8.46 rows=1 width=10)
	        Index Cond: (id = 2537156)

for non_index_updates
table 1 : explain UPDATE sbtest1 SET c='foobar' WHERE id=5695518
	Update on sbtest1  (cost=0.43..8.45 rows=0 width=0)
	  ->  Index Scan using sbtest1_pkey on sbtest1  (cost=0.43..8.45 rows=1 width=490)
	        Index Cond: (id = 5695518)

table 2 : explain UPDATE sbtest2 SET c='foobar' WHERE id=177754
	Update on sbtest2  (cost=0.43..8.45 rows=0 width=0)
	  ->  Index Scan using sbtest2_pkey on sbtest2  (cost=0.43..8.45 rows=1 width=490)
	        Index Cond: (id = 177754)

table 3 : explain UPDATE sbtest3 SET c='foobar' WHERE id=2456530
	Update on sbtest3  (cost=0.43..8.45 rows=0 width=0)
	  ->  Index Scan using sbtest3_pkey on sbtest3  (cost=0.43..8.45 rows=1 width=490)
	        Index Cond: (id = 2456530)

table 4 : explain UPDATE sbtest4 SET c='foobar' WHERE id=724625
	Update on sbtest4  (cost=0.43..8.45 rows=0 width=0)
	  ->  Index Scan using sbtest4_pkey on sbtest4  (cost=0.43..8.45 rows=1 width=490)
	        Index Cond: (id = 724625)

table 5 : explain UPDATE sbtest5 SET c='foobar' WHERE id=9015679
	Update on sbtest5  (cost=0.43..8.45 rows=0 width=0)
	  ->  Index Scan using sbtest5_pkey on sbtest5  (cost=0.43..8.45 rows=1 width=490)
	        Index Cond: (id = 9015679)

table 6 : explain UPDATE sbtest6 SET c='foobar' WHERE id=3838239
	Update on sbtest6  (cost=0.43..8.45 rows=0 width=0)
	  ->  Index Scan using sbtest6_pkey on sbtest6  (cost=0.43..8.45 rows=1 width=490)
	        Index Cond: (id = 3838239)

table 7 : explain UPDATE sbtest7 SET c='foobar' WHERE id=6882175
	Update on sbtest7  (cost=0.43..8.45 rows=0 width=0)
	  ->  Index Scan using sbtest7_pkey on sbtest7  (cost=0.43..8.45 rows=1 width=490)
	        Index Cond: (id = 6882175)

table 8 : explain UPDATE sbtest8 SET c='foobar' WHERE id=3312450
	Update on sbtest8  (cost=0.43..8.45 rows=0 width=0)
	  ->  Index Scan using sbtest8_pkey on sbtest8  (cost=0.43..8.45 rows=1 width=490)
	        Index Cond: (id = 3312450)

for deletes
table 1 : explain DELETE FROM sbtest1 WHERE id=4391261
	Delete on sbtest1  (cost=0.43..8.45 rows=0 width=0)
	  ->  Index Scan using sbtest1_pkey on sbtest1  (cost=0.43..8.45 rows=1 width=6)
	        Index Cond: (id = 4391261)

table 2 : explain DELETE FROM sbtest2 WHERE id=9765322
	Delete on sbtest2  (cost=0.43..8.45 rows=0 width=0)
	  ->  Index Scan using sbtest2_pkey on sbtest2  (cost=0.43..8.45 rows=1 width=6)
	        Index Cond: (id = 9765322)

table 3 : explain DELETE FROM sbtest3 WHERE id=7092312
	Delete on sbtest3  (cost=0.43..8.45 rows=0 width=0)
	  ->  Index Scan using sbtest3_pkey on sbtest3  (cost=0.43..8.45 rows=1 width=6)
	        Index Cond: (id = 7092312)

table 4 : explain DELETE FROM sbtest4 WHERE id=9842901
	Delete on sbtest4  (cost=0.43..8.45 rows=0 width=0)
	  ->  Index Scan using sbtest4_pkey on sbtest4  (cost=0.43..8.45 rows=1 width=6)
	        Index Cond: (id = 9842901)

table 5 : explain DELETE FROM sbtest5 WHERE id=5280086
	Delete on sbtest5  (cost=0.43..8.45 rows=0 width=0)
	  ->  Index Scan using sbtest5_pkey on sbtest5  (cost=0.43..8.45 rows=1 width=6)
	        Index Cond: (id = 5280086)

table 6 : explain DELETE FROM sbtest6 WHERE id=6664320
	Delete on sbtest6  (cost=0.43..8.45 rows=0 width=0)
	  ->  Index Scan using sbtest6_pkey on sbtest6  (cost=0.43..8.45 rows=1 width=6)
	        Index Cond: (id = 6664320)

table 7 : explain DELETE FROM sbtest7 WHERE id=9618942
	Delete on sbtest7  (cost=0.43..8.45 rows=0 width=0)
	  ->  Index Scan using sbtest7_pkey on sbtest7  (cost=0.43..8.45 rows=1 width=6)
	        Index Cond: (id = 9618942)

table 8 : explain DELETE FROM sbtest8 WHERE id=6762905
	Delete on sbtest8  (cost=0.43..8.45 rows=0 width=0)
	  ->  Index Scan using sbtest8_pkey on sbtest8  (cost=0.43..8.45 rows=1 width=6)
	        Index Cond: (id = 6762905)

for: simple_ranges
table 1 : explain SELECT c FROM sbtest1 WHERE id BETWEEN 5848295 AND 5848304
	Index Scan using sbtest1_pkey on sbtest1  (cost=0.43..40.47 rows=10 width=121)
	  Index Cond: ((id >= 5848295) AND (id <= 5848304))

table 2 : explain SELECT c FROM sbtest2 WHERE id BETWEEN 3228158 AND 3228167
	Index Scan using sbtest2_pkey on sbtest2  (cost=0.43..40.60 rows=10 width=121)
	  Index Cond: ((id >= 3228158) AND (id <= 3228167))

table 3 : explain SELECT c FROM sbtest3 WHERE id BETWEEN 6878572 AND 6878581
	Index Scan using sbtest3_pkey on sbtest3  (cost=0.43..37.27 rows=9 width=121)
	  Index Cond: ((id >= 6878572) AND (id <= 6878581))

table 4 : explain SELECT c FROM sbtest4 WHERE id BETWEEN 8102749 AND 8102758
	Index Scan using sbtest4_pkey on sbtest4  (cost=0.43..40.73 rows=10 width=121)
	  Index Cond: ((id >= 8102749) AND (id <= 8102758))

table 5 : explain SELECT c FROM sbtest5 WHERE id BETWEEN 3951720 AND 3951729
	Index Scan using sbtest5_pkey on sbtest5  (cost=0.43..40.30 rows=10 width=121)
	  Index Cond: ((id >= 3951720) AND (id <= 3951729))

table 6 : explain SELECT c FROM sbtest6 WHERE id BETWEEN 5810109 AND 5810118
	Index Scan using sbtest6_pkey on sbtest6  (cost=0.43..44.44 rows=11 width=121)
	  Index Cond: ((id >= 5810109) AND (id <= 5810118))

table 7 : explain SELECT c FROM sbtest7 WHERE id BETWEEN 6845129 AND 6845138
	Index Scan using sbtest7_pkey on sbtest7  (cost=0.43..36.88 rows=9 width=121)
	  Index Cond: ((id >= 6845129) AND (id <= 6845138))

table 8 : explain SELECT c FROM sbtest8 WHERE id BETWEEN 4972982 AND 4972991
	Index Scan using sbtest8_pkey on sbtest8  (cost=0.43..36.70 rows=9 width=121)
	  Index Cond: ((id >= 4972982) AND (id <= 4972991))

explain: for deletes :: explain DELETE FROM sbtest%u WHERE id=%u
for: simple_ranges
table 1 : explain SELECT c FROM sbtest1 WHERE id BETWEEN 7869732 AND 7869741
	Index Scan using sbtest1_pkey on sbtest1  (cost=0.43..36.92 rows=9 width=121)
	  Index Cond: ((id >= 7869732) AND (id <= 7869741))

table 2 : explain SELECT c FROM sbtest2 WHERE id BETWEEN 3791562 AND 3791571
	Index Scan using sbtest2_pkey on sbtest2  (cost=0.43..44.17 rows=11 width=121)
	  Index Cond: ((id >= 3791562) AND (id <= 3791571))

table 3 : explain SELECT c FROM sbtest3 WHERE id BETWEEN 9143996 AND 9144005
	Index Scan using sbtest3_pkey on sbtest3  (cost=0.43..40.87 rows=10 width=121)
	  Index Cond: ((id >= 9143996) AND (id <= 9144005))

table 4 : explain SELECT c FROM sbtest4 WHERE id BETWEEN 3346166 AND 3346175
	Index Scan using sbtest4_pkey on sbtest4  (cost=0.43..40.73 rows=10 width=121)
	  Index Cond: ((id >= 3346166) AND (id <= 3346175))

table 5 : explain SELECT c FROM sbtest5 WHERE id BETWEEN 9489957 AND 9489966
	Index Scan using sbtest5_pkey on sbtest5  (cost=0.43..40.30 rows=10 width=121)
	  Index Cond: ((id >= 9489957) AND (id <= 9489966))

table 6 : explain SELECT c FROM sbtest6 WHERE id BETWEEN 9702648 AND 9702657
	Index Scan using sbtest6_pkey on sbtest6  (cost=0.43..37.25 rows=9 width=121)
	  Index Cond: ((id >= 9702648) AND (id <= 9702657))

table 7 : explain SELECT c FROM sbtest7 WHERE id BETWEEN 8575620 AND 8575629
	Index Scan using sbtest7_pkey on sbtest7  (cost=0.43..40.43 rows=10 width=121)
	  Index Cond: ((id >= 8575620) AND (id <= 8575629))

table 8 : explain SELECT c FROM sbtest8 WHERE id BETWEEN 3933658 AND 3933667
	Index Scan using sbtest8_pkey on sbtest8  (cost=0.43..40.23 rows=10 width=121)
	  Index Cond: ((id >= 3933658) AND (id <= 3933667))

explain: for non_index_updates :: explain UPDATE sbtest%u SET c='foobar' WHERE id=%u
for: sum_ranges
table 1 : explain SELECT SUM(k) FROM sbtest1 WHERE id BETWEEN 5162339 AND 5162348
	Aggregate  (cost=40.50..40.51 rows=1 width=8)
	  ->  Index Scan using sbtest1_pkey on sbtest1  (cost=0.43..40.47 rows=10 width=4)
	        Index Cond: ((id >= 5162339) AND (id <= 5162348))

table 2 : explain SELECT SUM(k) FROM sbtest2 WHERE id BETWEEN 7514640 AND 7514649
	Aggregate  (cost=40.62..40.63 rows=1 width=8)
	  ->  Index Scan using sbtest2_pkey on sbtest2  (cost=0.43..40.60 rows=10 width=4)
	        Index Cond: ((id >= 7514640) AND (id <= 7514649))

table 3 : explain SELECT SUM(k) FROM sbtest3 WHERE id BETWEEN 5504081 AND 5504090
	Aggregate  (cost=40.89..40.90 rows=1 width=8)
	  ->  Index Scan using sbtest3_pkey on sbtest3  (cost=0.43..40.87 rows=10 width=4)
	        Index Cond: ((id >= 5504081) AND (id <= 5504090))

table 4 : explain SELECT SUM(k) FROM sbtest4 WHERE id BETWEEN 2315225 AND 2315234
	Aggregate  (cost=44.35..44.36 rows=1 width=8)
	  ->  Index Scan using sbtest4_pkey on sbtest4  (cost=0.43..44.32 rows=11 width=4)
	        Index Cond: ((id >= 2315225) AND (id <= 2315234))

table 5 : explain SELECT SUM(k) FROM sbtest5 WHERE id BETWEEN 1574563 AND 1574572
	Aggregate  (cost=40.32..40.33 rows=1 width=8)
	  ->  Index Scan using sbtest5_pkey on sbtest5  (cost=0.43..40.30 rows=10 width=4)
	        Index Cond: ((id >= 1574563) AND (id <= 1574572))

table 6 : explain SELECT SUM(k) FROM sbtest6 WHERE id BETWEEN 3073350 AND 3073359
	Aggregate  (cost=40.87..40.88 rows=1 width=8)
	  ->  Index Scan using sbtest6_pkey on sbtest6  (cost=0.43..40.84 rows=10 width=4)
	        Index Cond: ((id >= 3073350) AND (id <= 3073359))

table 7 : explain SELECT SUM(k) FROM sbtest7 WHERE id BETWEEN 9580197 AND 9580206
	Aggregate  (cost=44.01..44.02 rows=1 width=8)
	  ->  Index Scan using sbtest7_pkey on sbtest7  (cost=0.43..43.98 rows=11 width=4)
	        Index Cond: ((id >= 9580197) AND (id <= 9580206))

table 8 : explain SELECT SUM(k) FROM sbtest8 WHERE id BETWEEN 2522130 AND 2522139
	Aggregate  (cost=40.26..40.27 rows=1 width=8)
	  ->  Index Scan using sbtest8_pkey on sbtest8  (cost=0.43..40.23 rows=10 width=4)
	        Index Cond: ((id >= 2522130) AND (id <= 2522139))

for: simple_ranges
table 1 : explain SELECT c FROM sbtest1 WHERE id BETWEEN 9668354 AND 9668363
	Index Scan using sbtest1_pkey on sbtest1  (cost=0.43..36.92 rows=9 width=121)
	  Index Cond: ((id >= 9668354) AND (id <= 9668363))

table 2 : explain SELECT c FROM sbtest2 WHERE id BETWEEN 313907 AND 313916
	Index Scan using sbtest2_pkey on sbtest2  (cost=0.43..37.03 rows=9 width=121)
	  Index Cond: ((id >= 313907) AND (id <= 313916))

table 3 : explain SELECT c FROM sbtest3 WHERE id BETWEEN 5695150 AND 5695159
	Index Scan using sbtest3_pkey on sbtest3  (cost=0.43..40.87 rows=10 width=121)
	  Index Cond: ((id >= 5695150) AND (id <= 5695159))

table 4 : explain SELECT c FROM sbtest4 WHERE id BETWEEN 5302300 AND 5302309
	Index Scan using sbtest4_pkey on sbtest4  (cost=0.43..40.73 rows=10 width=121)
	  Index Cond: ((id >= 5302300) AND (id <= 5302309))

table 5 : explain SELECT c FROM sbtest5 WHERE id BETWEEN 642424 AND 642433
	Index Scan using sbtest5_pkey on sbtest5  (cost=0.43..40.30 rows=10 width=121)
	  Index Cond: ((id >= 642424) AND (id <= 642433))

table 6 : explain SELECT c FROM sbtest6 WHERE id BETWEEN 2026500 AND 2026509
	Index Scan using sbtest6_pkey on sbtest6  (cost=0.43..40.84 rows=10 width=121)
	  Index Cond: ((id >= 2026500) AND (id <= 2026509))

table 7 : explain SELECT c FROM sbtest7 WHERE id BETWEEN 2280385 AND 2280394
	Index Scan using sbtest7_pkey on sbtest7  (cost=0.43..36.88 rows=9 width=121)
	  Index Cond: ((id >= 2280385) AND (id <= 2280394))

table 8 : explain SELECT c FROM sbtest8 WHERE id BETWEEN 832093 AND 832102
	Index Scan using sbtest8_pkey on sbtest8  (cost=0.43..40.23 rows=10 width=121)
	  Index Cond: ((id >= 832093) AND (id <= 832102))

explain: for inserts :: explain INSERT INTO sbtest%u (id, k, c, pad) VALUES (%u, 13, 'foobar', 'foobar')
for point_selects
table 1 : explain SELECT c FROM sbtest1 WHERE id=193119
	Index Scan using sbtest1_pkey on sbtest1  (cost=0.43..8.45 rows=1 width=121)
	  Index Cond: (id = 193119)

table 2 : explain SELECT c FROM sbtest2 WHERE id=6491500
	Index Scan using sbtest2_pkey on sbtest2  (cost=0.43..8.45 rows=1 width=121)
	  Index Cond: (id = 6491500)

table 3 : explain SELECT c FROM sbtest3 WHERE id=8683543
	Index Scan using sbtest3_pkey on sbtest3  (cost=0.43..8.45 rows=1 width=121)
	  Index Cond: (id = 8683543)

table 4 : explain SELECT c FROM sbtest4 WHERE id=4766135
	Index Scan using sbtest4_pkey on sbtest4  (cost=0.43..8.45 rows=1 width=121)
	  Index Cond: (id = 4766135)

table 5 : explain SELECT c FROM sbtest5 WHERE id=9902837
	Index Scan using sbtest5_pkey on sbtest5  (cost=0.43..8.45 rows=1 width=121)
	  Index Cond: (id = 9902837)

table 6 : explain SELECT c FROM sbtest6 WHERE id=5143881
	Index Scan using sbtest6_pkey on sbtest6  (cost=0.43..8.45 rows=1 width=121)
	  Index Cond: (id = 5143881)

table 7 : explain SELECT c FROM sbtest7 WHERE id=4521400
	Index Scan using sbtest7_pkey on sbtest7  (cost=0.43..8.45 rows=1 width=121)
	  Index Cond: (id = 4521400)

table 8 : explain SELECT c FROM sbtest8 WHERE id=8032466
	Index Scan using sbtest8_pkey on sbtest8  (cost=0.43..8.45 rows=1 width=121)
	  Index Cond: (id = 8032466)

explain: for non_index_updates :: explain UPDATE sbtest%u SET c='foobar' WHERE id=%u
for: simple_ranges
table 1 : explain SELECT c FROM sbtest1 WHERE id BETWEEN 6403195 AND 6403204
	Index Scan using sbtest1_pkey on sbtest1  (cost=0.43..40.47 rows=10 width=121)
	  Index Cond: ((id >= 6403195) AND (id <= 6403204))

table 2 : explain SELECT c FROM sbtest2 WHERE id BETWEEN 3455239 AND 3455248
	Index Scan using sbtest2_pkey on sbtest2  (cost=0.43..40.60 rows=10 width=121)
	  Index Cond: ((id >= 3455239) AND (id <= 3455248))

table 3 : explain SELECT c FROM sbtest3 WHERE id BETWEEN 2075399 AND 2075408
	Index Scan using sbtest3_pkey on sbtest3  (cost=0.43..40.87 rows=10 width=121)
	  Index Cond: ((id >= 2075399) AND (id <= 2075408))

table 4 : explain SELECT c FROM sbtest4 WHERE id BETWEEN 8591370 AND 8591379
	Index Scan using sbtest4_pkey on sbtest4  (cost=0.43..40.73 rows=10 width=121)
	  Index Cond: ((id >= 8591370) AND (id <= 8591379))

table 5 : explain SELECT c FROM sbtest5 WHERE id BETWEEN 2461523 AND 2461532
	Index Scan using sbtest5_pkey on sbtest5  (cost=0.43..43.84 rows=11 width=121)
	  Index Cond: ((id >= 2461523) AND (id <= 2461532))

table 6 : explain SELECT c FROM sbtest6 WHERE id BETWEEN 137451 AND 137460
	Index Scan using sbtest6_pkey on sbtest6  (cost=0.43..40.84 rows=10 width=121)
	  Index Cond: ((id >= 137451) AND (id <= 137460))

table 7 : explain SELECT c FROM sbtest7 WHERE id BETWEEN 2361144 AND 2361153
	Index Scan using sbtest7_pkey on sbtest7  (cost=0.43..40.43 rows=10 width=121)
	  Index Cond: ((id >= 2361144) AND (id <= 2361153))

table 8 : explain SELECT c FROM sbtest8 WHERE id BETWEEN 2509925 AND 2509934
	Index Scan using sbtest8_pkey on sbtest8  (cost=0.43..40.23 rows=10 width=121)
	  Index Cond: ((id >= 2509925) AND (id <= 2509934))

for deletes
table 1 : explain DELETE FROM sbtest1 WHERE id=8699903
	Delete on sbtest1  (cost=0.43..8.45 rows=0 width=0)
	  ->  Index Scan using sbtest1_pkey on sbtest1  (cost=0.43..8.45 rows=1 width=6)
	        Index Cond: (id = 8699903)

table 2 : explain DELETE FROM sbtest2 WHERE id=7710162
	Delete on sbtest2  (cost=0.43..8.45 rows=0 width=0)
	  ->  Index Scan using sbtest2_pkey on sbtest2  (cost=0.43..8.45 rows=1 width=6)
	        Index Cond: (id = 7710162)

table 3 : explain DELETE FROM sbtest3 WHERE id=2005688
	Delete on sbtest3  (cost=0.43..8.45 rows=0 width=0)
	  ->  Index Scan using sbtest3_pkey on sbtest3  (cost=0.43..8.45 rows=1 width=6)
	        Index Cond: (id = 2005688)

table 4 : explain DELETE FROM sbtest4 WHERE id=3389010
	Delete on sbtest4  (cost=0.43..8.45 rows=0 width=0)
	  ->  Index Scan using sbtest4_pkey on sbtest4  (cost=0.43..8.45 rows=1 width=6)
	        Index Cond: (id = 3389010)

table 5 : explain DELETE FROM sbtest5 WHERE id=2134509
	Delete on sbtest5  (cost=0.43..8.45 rows=0 width=0)
	  ->  Index Scan using sbtest5_pkey on sbtest5  (cost=0.43..8.45 rows=1 width=6)
	        Index Cond: (id = 2134509)

table 6 : explain DELETE FROM sbtest6 WHERE id=3187522
	Delete on sbtest6  (cost=0.43..8.45 rows=0 width=0)
	  ->  Index Scan using sbtest6_pkey on sbtest6  (cost=0.43..8.45 rows=1 width=6)
	        Index Cond: (id = 3187522)

table 7 : explain DELETE FROM sbtest7 WHERE id=3540179
	Delete on sbtest7  (cost=0.43..8.45 rows=0 width=0)
	  ->  Index Scan using sbtest7_pkey on sbtest7  (cost=0.43..8.45 rows=1 width=6)
	        Index Cond: (id = 3540179)

table 8 : explain DELETE FROM sbtest8 WHERE id=6441581
	Delete on sbtest8  (cost=0.43..8.45 rows=0 width=0)
	  ->  Index Scan using sbtest8_pkey on sbtest8  (cost=0.43..8.45 rows=1 width=6)
	        Index Cond: (id = 6441581)

for point_selects
table 1 : explain SELECT c FROM sbtest1 WHERE id=9093153
	Index Scan using sbtest1_pkey on sbtest1  (cost=0.43..8.45 rows=1 width=121)
	  Index Cond: (id = 9093153)

table 2 : explain SELECT c FROM sbtest2 WHERE id=8555600
	Index Scan using sbtest2_pkey on sbtest2  (cost=0.43..8.45 rows=1 width=121)
	  Index Cond: (id = 8555600)

table 3 : explain SELECT c FROM sbtest3 WHERE id=5577325
	Index Scan using sbtest3_pkey on sbtest3  (cost=0.43..8.45 rows=1 width=121)
	  Index Cond: (id = 5577325)

table 4 : explain SELECT c FROM sbtest4 WHERE id=7286433
	Index Scan using sbtest4_pkey on sbtest4  (cost=0.43..8.45 rows=1 width=121)
	  Index Cond: (id = 7286433)

table 5 : explain SELECT c FROM sbtest5 WHERE id=6848514
	Index Scan using sbtest5_pkey on sbtest5  (cost=0.43..8.45 rows=1 width=121)
	  Index Cond: (id = 6848514)

table 6 : explain SELECT c FROM sbtest6 WHERE id=6515247
	Index Scan using sbtest6_pkey on sbtest6  (cost=0.43..8.45 rows=1 width=121)
	  Index Cond: (id = 6515247)

table 7 : explain SELECT c FROM sbtest7 WHERE id=1500159
	Index Scan using sbtest7_pkey on sbtest7  (cost=0.43..8.45 rows=1 width=121)
	  Index Cond: (id = 1500159)

table 8 : explain SELECT c FROM sbtest8 WHERE id=6256630
	Index Scan using sbtest8_pkey on sbtest8  (cost=0.43..8.45 rows=1 width=121)
	  Index Cond: (id = 6256630)

for: sum_ranges
table 1 : explain SELECT SUM(k) FROM sbtest1 WHERE id BETWEEN 261481 AND 261490
	Aggregate  (cost=40.50..40.51 rows=1 width=8)
	  ->  Index Scan using sbtest1_pkey on sbtest1  (cost=0.43..40.47 rows=10 width=4)
	        Index Cond: ((id >= 261481) AND (id <= 261490))

table 2 : explain SELECT SUM(k) FROM sbtest2 WHERE id BETWEEN 4848948 AND 4848957
	Aggregate  (cost=37.05..37.06 rows=1 width=8)
	  ->  Index Scan using sbtest2_pkey on sbtest2  (cost=0.43..37.03 rows=9 width=4)
	        Index Cond: ((id >= 4848948) AND (id <= 4848957))

table 3 : explain SELECT SUM(k) FROM sbtest3 WHERE id BETWEEN 2564956 AND 2564965
	Aggregate  (cost=37.29..37.30 rows=1 width=8)
	  ->  Index Scan using sbtest3_pkey on sbtest3  (cost=0.43..37.27 rows=9 width=4)
	        Index Cond: ((id >= 2564956) AND (id <= 2564965))

table 4 : explain SELECT SUM(k) FROM sbtest4 WHERE id BETWEEN 1237492 AND 1237501
	Aggregate  (cost=40.76..40.77 rows=1 width=8)
	  ->  Index Scan using sbtest4_pkey on sbtest4  (cost=0.43..40.73 rows=10 width=4)
	        Index Cond: ((id >= 1237492) AND (id <= 1237501))

table 5 : explain SELECT SUM(k) FROM sbtest5 WHERE id BETWEEN 763245 AND 763254
	Aggregate  (cost=40.32..40.33 rows=1 width=8)
	  ->  Index Scan using sbtest5_pkey on sbtest5  (cost=0.43..40.30 rows=10 width=4)
	        Index Cond: ((id >= 763245) AND (id <= 763254))

table 6 : explain SELECT SUM(k) FROM sbtest6 WHERE id BETWEEN 2489540 AND 2489549
	Aggregate  (cost=40.87..40.88 rows=1 width=8)
	  ->  Index Scan using sbtest6_pkey on sbtest6  (cost=0.43..40.84 rows=10 width=4)
	        Index Cond: ((id >= 2489540) AND (id <= 2489549))

table 7 : explain SELECT SUM(k) FROM sbtest7 WHERE id BETWEEN 3912602 AND 3912611
	Aggregate  (cost=40.45..40.46 rows=1 width=8)
	  ->  Index Scan using sbtest7_pkey on sbtest7  (cost=0.43..40.43 rows=10 width=4)
	        Index Cond: ((id >= 3912602) AND (id <= 3912611))

table 8 : explain SELECT SUM(k) FROM sbtest8 WHERE id BETWEEN 8370348 AND 8370357
	Aggregate  (cost=40.26..40.27 rows=1 width=8)
	  ->  Index Scan using sbtest8_pkey on sbtest8  (cost=0.43..40.23 rows=10 width=4)
	        Index Cond: ((id >= 8370348) AND (id <= 8370357))

for inserts
table 1 : explain INSERT INTO sbtest1 (id, k, c, pad) VALUES (8543831, 13, 'foobar', 'foobar')
	Insert on sbtest1  (cost=0.00..0.01 rows=0 width=0)
	  ->  Result  (cost=0.00..0.01 rows=1 width=736)

table 2 : explain INSERT INTO sbtest2 (id, k, c, pad) VALUES (9990145, 13, 'foobar', 'foobar')
	Insert on sbtest2  (cost=0.00..0.01 rows=0 width=0)
	  ->  Result  (cost=0.00..0.01 rows=1 width=736)

table 3 : explain INSERT INTO sbtest3 (id, k, c, pad) VALUES (6483092, 13, 'foobar', 'foobar')
	Insert on sbtest3  (cost=0.00..0.01 rows=0 width=0)
	  ->  Result  (cost=0.00..0.01 rows=1 width=736)

table 4 : explain INSERT INTO sbtest4 (id, k, c, pad) VALUES (4655647, 13, 'foobar', 'foobar')
	Insert on sbtest4  (cost=0.00..0.01 rows=0 width=0)
	  ->  Result  (cost=0.00..0.01 rows=1 width=736)

table 5 : explain INSERT INTO sbtest5 (id, k, c, pad) VALUES (6869391, 13, 'foobar', 'foobar')
	Insert on sbtest5  (cost=0.00..0.01 rows=0 width=0)
	  ->  Result  (cost=0.00..0.01 rows=1 width=736)

table 6 : explain INSERT INTO sbtest6 (id, k, c, pad) VALUES (4821054, 13, 'foobar', 'foobar')
	Insert on sbtest6  (cost=0.00..0.01 rows=0 width=0)
	  ->  Result  (cost=0.00..0.01 rows=1 width=736)

table 7 : explain INSERT INTO sbtest7 (id, k, c, pad) VALUES (3107913, 13, 'foobar', 'foobar')
	Insert on sbtest7  (cost=0.00..0.01 rows=0 width=0)
	  ->  Result  (cost=0.00..0.01 rows=1 width=736)

table 8 : explain INSERT INTO sbtest8 (id, k, c, pad) VALUES (480419, 13, 'foobar', 'foobar')
	Insert on sbtest8  (cost=0.00..0.01 rows=0 width=0)
	  ->  Result  (cost=0.00..0.01 rows=1 width=736)

for: sum_ranges
table 1 : explain SELECT SUM(k) FROM sbtest1 WHERE id BETWEEN 2596568 AND 2596577
	Aggregate  (cost=40.50..40.51 rows=1 width=8)
	  ->  Index Scan using sbtest1_pkey on sbtest1  (cost=0.43..40.47 rows=10 width=4)
	        Index Cond: ((id >= 2596568) AND (id <= 2596577))

table 2 : explain SELECT SUM(k) FROM sbtest2 WHERE id BETWEEN 4612012 AND 4612021
	Aggregate  (cost=40.62..40.63 rows=1 width=8)
	  ->  Index Scan using sbtest2_pkey on sbtest2  (cost=0.43..40.60 rows=10 width=4)
	        Index Cond: ((id >= 4612012) AND (id <= 4612021))

table 3 : explain SELECT SUM(k) FROM sbtest3 WHERE id BETWEEN 5926713 AND 5926722
	Aggregate  (cost=40.89..40.90 rows=1 width=8)
	  ->  Index Scan using sbtest3_pkey on sbtest3  (cost=0.43..40.87 rows=10 width=4)
	        Index Cond: ((id >= 5926713) AND (id <= 5926722))

table 4 : explain SELECT SUM(k) FROM sbtest4 WHERE id BETWEEN 6661576 AND 6661585
	Aggregate  (cost=44.35..44.36 rows=1 width=8)
	  ->  Index Scan using sbtest4_pkey on sbtest4  (cost=0.43..44.32 rows=11 width=4)
	        Index Cond: ((id >= 6661576) AND (id <= 6661585))

table 5 : explain SELECT SUM(k) FROM sbtest5 WHERE id BETWEEN 2739699 AND 2739708
	Aggregate  (cost=43.86..43.87 rows=1 width=8)
	  ->  Index Scan using sbtest5_pkey on sbtest5  (cost=0.43..43.84 rows=11 width=4)
	        Index Cond: ((id >= 2739699) AND (id <= 2739708))

table 6 : explain SELECT SUM(k) FROM sbtest6 WHERE id BETWEEN 8515781 AND 8515790
	Aggregate  (cost=44.47..44.48 rows=1 width=8)
	  ->  Index Scan using sbtest6_pkey on sbtest6  (cost=0.43..44.44 rows=11 width=4)
	        Index Cond: ((id >= 8515781) AND (id <= 8515790))

table 7 : explain SELECT SUM(k) FROM sbtest7 WHERE id BETWEEN 9262208 AND 9262217
	Aggregate  (cost=40.45..40.46 rows=1 width=8)
	  ->  Index Scan using sbtest7_pkey on sbtest7  (cost=0.43..40.43 rows=10 width=4)
	        Index Cond: ((id >= 9262208) AND (id <= 9262217))

table 8 : explain SELECT SUM(k) FROM sbtest8 WHERE id BETWEEN 1205518 AND 1205527
	Aggregate  (cost=40.26..40.27 rows=1 width=8)
	  ->  Index Scan using sbtest8_pkey on sbtest8  (cost=0.43..40.23 rows=10 width=4)
	        Index Cond: ((id >= 1205518) AND (id <= 1205527))

for: sum_ranges
table 1 : explain SELECT SUM(k) FROM sbtest1 WHERE id BETWEEN 5488679 AND 5488688
	Aggregate  (cost=40.50..40.51 rows=1 width=8)
	  ->  Index Scan using sbtest1_pkey on sbtest1  (cost=0.43..40.47 rows=10 width=4)
	        Index Cond: ((id >= 5488679) AND (id <= 5488688))

table 2 : explain SELECT SUM(k) FROM sbtest2 WHERE id BETWEEN 8137169 AND 8137178
	Aggregate  (cost=40.62..40.63 rows=1 width=8)
	  ->  Index Scan using sbtest2_pkey on sbtest2  (cost=0.43..40.60 rows=10 width=4)
	        Index Cond: ((id >= 8137169) AND (id <= 8137178))

table 3 : explain SELECT SUM(k) FROM sbtest3 WHERE id BETWEEN 5600162 AND 5600171
	Aggregate  (cost=44.50..44.51 rows=1 width=8)
	  ->  Index Scan using sbtest3_pkey on sbtest3  (cost=0.43..44.47 rows=11 width=4)
	        Index Cond: ((id >= 5600162) AND (id <= 5600171))

table 4 : explain SELECT SUM(k) FROM sbtest4 WHERE id BETWEEN 4750087 AND 4750096
	Aggregate  (cost=40.76..40.77 rows=1 width=8)
	  ->  Index Scan using sbtest4_pkey on sbtest4  (cost=0.43..40.73 rows=10 width=4)
	        Index Cond: ((id >= 4750087) AND (id <= 4750096))

table 5 : explain SELECT SUM(k) FROM sbtest5 WHERE id BETWEEN 1226540 AND 1226549
	Aggregate  (cost=43.86..43.87 rows=1 width=8)
	  ->  Index Scan using sbtest5_pkey on sbtest5  (cost=0.43..43.84 rows=11 width=4)
	        Index Cond: ((id >= 1226540) AND (id <= 1226549))

table 6 : explain SELECT SUM(k) FROM sbtest6 WHERE id BETWEEN 6656029 AND 6656038
	Aggregate  (cost=37.27..37.28 rows=1 width=8)
	  ->  Index Scan using sbtest6_pkey on sbtest6  (cost=0.43..37.25 rows=9 width=4)
	        Index Cond: ((id >= 6656029) AND (id <= 6656038))

table 7 : explain SELECT SUM(k) FROM sbtest7 WHERE id BETWEEN 9207419 AND 9207428
	Aggregate  (cost=36.90..36.91 rows=1 width=8)
	  ->  Index Scan using sbtest7_pkey on sbtest7  (cost=0.43..36.88 rows=9 width=4)
	        Index Cond: ((id >= 9207419) AND (id <= 9207428))

table 8 : explain SELECT SUM(k) FROM sbtest8 WHERE id BETWEEN 2926704 AND 2926713
	Aggregate  (cost=40.26..40.27 rows=1 width=8)
	  ->  Index Scan using sbtest8_pkey on sbtest8  (cost=0.43..40.23 rows=10 width=4)
	        Index Cond: ((id >= 2926704) AND (id <= 2926713))

explain: for inserts :: explain INSERT INTO sbtest%u (id, k, c, pad) VALUES (%u, 13, 'foobar', 'foobar')
for non_index_updates
table 1 : explain UPDATE sbtest1 SET c='foobar' WHERE id=7350459
	Update on sbtest1  (cost=0.43..8.45 rows=0 width=0)
	  ->  Index Scan using sbtest1_pkey on sbtest1  (cost=0.43..8.45 rows=1 width=490)
	        Index Cond: (id = 7350459)

table 2 : explain UPDATE sbtest2 SET c='foobar' WHERE id=9904280
	Update on sbtest2  (cost=0.43..8.45 rows=0 width=0)
	  ->  Index Scan using sbtest2_pkey on sbtest2  (cost=0.43..8.45 rows=1 width=490)
	        Index Cond: (id = 9904280)

table 3 : explain UPDATE sbtest3 SET c='foobar' WHERE id=5105776
	Update on sbtest3  (cost=0.43..8.45 rows=0 width=0)
	  ->  Index Scan using sbtest3_pkey on sbtest3  (cost=0.43..8.45 rows=1 width=490)
	        Index Cond: (id = 5105776)

table 4 : explain UPDATE sbtest4 SET c='foobar' WHERE id=6560931
	Update on sbtest4  (cost=0.43..8.45 rows=0 width=0)
	  ->  Index Scan using sbtest4_pkey on sbtest4  (cost=0.43..8.45 rows=1 width=490)
	        Index Cond: (id = 6560931)

table 5 : explain UPDATE sbtest5 SET c='foobar' WHERE id=4972987
	Update on sbtest5  (cost=0.43..8.45 rows=0 width=0)
	  ->  Index Scan using sbtest5_pkey on sbtest5  (cost=0.43..8.45 rows=1 width=490)
	        Index Cond: (id = 4972987)

table 6 : explain UPDATE sbtest6 SET c='foobar' WHERE id=922576
	Update on sbtest6  (cost=0.43..8.45 rows=0 width=0)
	  ->  Index Scan using sbtest6_pkey on sbtest6  (cost=0.43..8.45 rows=1 width=490)
	        Index Cond: (id = 922576)

table 7 : explain UPDATE sbtest7 SET c='foobar' WHERE id=4544618
	Update on sbtest7  (cost=0.43..8.45 rows=0 width=0)
	  ->  Index Scan using sbtest7_pkey on sbtest7  (cost=0.43..8.45 rows=1 width=490)
	        Index Cond: (id = 4544618)

table 8 : explain UPDATE sbtest8 SET c='foobar' WHERE id=5777404
	Update on sbtest8  (cost=0.43..8.45 rows=0 width=0)
	  ->  Index Scan using sbtest8_pkey on sbtest8  (cost=0.43..8.45 rows=1 width=490)
	        Index Cond: (id = 5777404)

for: simple_ranges
table 1 : explain SELECT c FROM sbtest1 WHERE id BETWEEN 9743904 AND 9743913
	Index Scan using sbtest1_pkey on sbtest1  (cost=0.43..40.47 rows=10 width=121)
	  Index Cond: ((id >= 9743904) AND (id <= 9743913))

table 2 : explain SELECT c FROM sbtest2 WHERE id BETWEEN 310453 AND 310462
	Index Scan using sbtest2_pkey on sbtest2  (cost=0.43..37.03 rows=9 width=121)
	  Index Cond: ((id >= 310453) AND (id <= 310462))

table 3 : explain SELECT c FROM sbtest3 WHERE id BETWEEN 8881936 AND 8881945
	Index Scan using sbtest3_pkey on sbtest3  (cost=0.43..40.87 rows=10 width=121)
	  Index Cond: ((id >= 8881936) AND (id <= 8881945))

table 4 : explain SELECT c FROM sbtest4 WHERE id BETWEEN 1072866 AND 1072875
	Index Scan using sbtest4_pkey on sbtest4  (cost=0.43..37.15 rows=9 width=121)
	  Index Cond: ((id >= 1072866) AND (id <= 1072875))

table 5 : explain SELECT c FROM sbtest5 WHERE id BETWEEN 8577002 AND 8577011
	Index Scan using sbtest5_pkey on sbtest5  (cost=0.43..40.30 rows=10 width=121)
	  Index Cond: ((id >= 8577002) AND (id <= 8577011))

table 6 : explain SELECT c FROM sbtest6 WHERE id BETWEEN 4812649 AND 4812658
	Index Scan using sbtest6_pkey on sbtest6  (cost=0.43..40.84 rows=10 width=121)
	  Index Cond: ((id >= 4812649) AND (id <= 4812658))

table 7 : explain SELECT c FROM sbtest7 WHERE id BETWEEN 2560419 AND 2560428
	Index Scan using sbtest7_pkey on sbtest7  (cost=0.43..40.43 rows=10 width=121)
	  Index Cond: ((id >= 2560419) AND (id <= 2560428))

table 8 : explain SELECT c FROM sbtest8 WHERE id BETWEEN 7308861 AND 7308870
	Index Scan using sbtest8_pkey on sbtest8  (cost=0.43..40.23 rows=10 width=121)
	  Index Cond: ((id >= 7308861) AND (id <= 7308870))

for: order_ranges
table 1 : explain SELECT c FROM sbtest1 WHERE id BETWEEN 1906796 AND 1906805 ORDER BY c
	Sort  (cost=40.64..40.66 rows=10 width=121)
	  Sort Key: c
	  ->  Index Scan using sbtest1_pkey on sbtest1  (cost=0.43..40.47 rows=10 width=121)
	        Index Cond: ((id >= 1906796) AND (id <= 1906805))

table 2 : explain SELECT c FROM sbtest2 WHERE id BETWEEN 5768532 AND 5768541 ORDER BY c
	Sort  (cost=37.17..37.19 rows=9 width=121)
	  Sort Key: c
	  ->  Index Scan using sbtest2_pkey on sbtest2  (cost=0.43..37.03 rows=9 width=121)
	        Index Cond: ((id >= 5768532) AND (id <= 5768541))

table 3 : explain SELECT c FROM sbtest3 WHERE id BETWEEN 5300434 AND 5300443 ORDER BY c
	Sort  (cost=44.66..44.69 rows=11 width=121)
	  Sort Key: c
	  ->  Index Scan using sbtest3_pkey on sbtest3  (cost=0.43..44.47 rows=11 width=121)
	        Index Cond: ((id >= 5300434) AND (id <= 5300443))

table 4 : explain SELECT c FROM sbtest4 WHERE id BETWEEN 3008571 AND 3008580 ORDER BY c
	Sort  (cost=37.29..37.31 rows=9 width=121)
	  Sort Key: c
	  ->  Index Scan using sbtest4_pkey on sbtest4  (cost=0.43..37.15 rows=9 width=121)
	        Index Cond: ((id >= 3008571) AND (id <= 3008580))

table 5 : explain SELECT c FROM sbtest5 WHERE id BETWEEN 2975767 AND 2975776 ORDER BY c
	Sort  (cost=36.90..36.93 rows=9 width=121)
	  Sort Key: c
	  ->  Index Scan using sbtest5_pkey on sbtest5  (cost=0.43..36.76 rows=9 width=121)
	        Index Cond: ((id >= 2975767) AND (id <= 2975776))

table 6 : explain SELECT c FROM sbtest6 WHERE id BETWEEN 1694320 AND 1694329 ORDER BY c
	Sort  (cost=37.39..37.41 rows=9 width=121)
	  Sort Key: c
	  ->  Index Scan using sbtest6_pkey on sbtest6  (cost=0.43..37.25 rows=9 width=121)
	        Index Cond: ((id >= 1694320) AND (id <= 1694329))

table 7 : explain SELECT c FROM sbtest7 WHERE id BETWEEN 7331930 AND 7331939 ORDER BY c
	Sort  (cost=40.59..40.62 rows=10 width=121)
	  Sort Key: c
	  ->  Index Scan using sbtest7_pkey on sbtest7  (cost=0.43..40.43 rows=10 width=121)
	        Index Cond: ((id >= 7331930) AND (id <= 7331939))

table 8 : explain SELECT c FROM sbtest8 WHERE id BETWEEN 4012519 AND 4012528 ORDER BY c
	Sort  (cost=43.95..43.98 rows=11 width=121)
	  Sort Key: c
	  ->  Index Scan using sbtest8_pkey on sbtest8  (cost=0.43..43.76 rows=11 width=121)
	        Index Cond: ((id >= 4012519) AND (id <= 4012528))

for inserts
table 1 : explain INSERT INTO sbtest1 (id, k, c, pad) VALUES (1989866, 13, 'foobar', 'foobar')
	Insert on sbtest1  (cost=0.00..0.01 rows=0 width=0)
	  ->  Result  (cost=0.00..0.01 rows=1 width=736)

table 2 : explain INSERT INTO sbtest2 (id, k, c, pad) VALUES (8011799, 13, 'foobar', 'foobar')
	Insert on sbtest2  (cost=0.00..0.01 rows=0 width=0)
	  ->  Result  (cost=0.00..0.01 rows=1 width=736)

table 3 : explain INSERT INTO sbtest3 (id, k, c, pad) VALUES (2019618, 13, 'foobar', 'foobar')
	Insert on sbtest3  (cost=0.00..0.01 rows=0 width=0)
	  ->  Result  (cost=0.00..0.01 rows=1 width=736)

table 4 : explain INSERT INTO sbtest4 (id, k, c, pad) VALUES (4045514, 13, 'foobar', 'foobar')
	Insert on sbtest4  (cost=0.00..0.01 rows=0 width=0)
	  ->  Result  (cost=0.00..0.01 rows=1 width=736)

table 5 : explain INSERT INTO sbtest5 (id, k, c, pad) VALUES (18969, 13, 'foobar', 'foobar')
	Insert on sbtest5  (cost=0.00..0.01 rows=0 width=0)
	  ->  Result  (cost=0.00..0.01 rows=1 width=736)

table 6 : explain INSERT INTO sbtest6 (id, k, c, pad) VALUES (993959, 13, 'foobar', 'foobar')
	Insert on sbtest6  (cost=0.00..0.01 rows=0 width=0)
	  ->  Result  (cost=0.00..0.01 rows=1 width=736)

table 7 : explain INSERT INTO sbtest7 (id, k, c, pad) VALUES (6140962, 13, 'foobar', 'foobar')
	Insert on sbtest7  (cost=0.00..0.01 rows=0 width=0)
	  ->  Result  (cost=0.00..0.01 rows=1 width=736)

table 8 : explain INSERT INTO sbtest8 (id, k, c, pad) VALUES (6846230, 13, 'foobar', 'foobar')
	Insert on sbtest8  (cost=0.00..0.01 rows=0 width=0)
	  ->  Result  (cost=0.00..0.01 rows=1 width=736)

for non_index_updates
table 1 : explain UPDATE sbtest1 SET c='foobar' WHERE id=6503347
	Update on sbtest1  (cost=0.43..8.45 rows=0 width=0)
	  ->  Index Scan using sbtest1_pkey on sbtest1  (cost=0.43..8.45 rows=1 width=490)
	        Index Cond: (id = 6503347)

table 2 : explain UPDATE sbtest2 SET c='foobar' WHERE id=4588268
	Update on sbtest2  (cost=0.43..8.45 rows=0 width=0)
	  ->  Index Scan using sbtest2_pkey on sbtest2  (cost=0.43..8.45 rows=1 width=490)
	        Index Cond: (id = 4588268)

table 3 : explain UPDATE sbtest3 SET c='foobar' WHERE id=9551576
	Update on sbtest3  (cost=0.43..8.45 rows=0 width=0)
	  ->  Index Scan using sbtest3_pkey on sbtest3  (cost=0.43..8.45 rows=1 width=490)
	        Index Cond: (id = 9551576)

table 4 : explain UPDATE sbtest4 SET c='foobar' WHERE id=8986216
	Update on sbtest4  (cost=0.43..8.45 rows=0 width=0)
	  ->  Index Scan using sbtest4_pkey on sbtest4  (cost=0.43..8.45 rows=1 width=490)
	        Index Cond: (id = 8986216)

table 5 : explain UPDATE sbtest5 SET c='foobar' WHERE id=32361
	Update on sbtest5  (cost=0.43..8.45 rows=0 width=0)
	  ->  Index Scan using sbtest5_pkey on sbtest5  (cost=0.43..8.45 rows=1 width=490)
	        Index Cond: (id = 32361)

table 6 : explain UPDATE sbtest6 SET c='foobar' WHERE id=4648251
	Update on sbtest6  (cost=0.43..8.45 rows=0 width=0)
	  ->  Index Scan using sbtest6_pkey on sbtest6  (cost=0.43..8.45 rows=1 width=490)
	        Index Cond: (id = 4648251)

table 7 : explain UPDATE sbtest7 SET c='foobar' WHERE id=4022143
	Update on sbtest7  (cost=0.43..8.45 rows=0 width=0)
	  ->  Index Scan using sbtest7_pkey on sbtest7  (cost=0.43..8.45 rows=1 width=490)
	        Index Cond: (id = 4022143)

table 8 : explain UPDATE sbtest8 SET c='foobar' WHERE id=6591679
	Update on sbtest8  (cost=0.43..8.45 rows=0 width=0)
	  ->  Index Scan using sbtest8_pkey on sbtest8  (cost=0.43..8.45 rows=1 width=490)
	        Index Cond: (id = 6591679)

for: simple_ranges
table 1 : explain SELECT c FROM sbtest1 WHERE id BETWEEN 9657092 AND 9657101
	Index Scan using sbtest1_pkey on sbtest1  (cost=0.43..36.92 rows=9 width=121)
	  Index Cond: ((id >= 9657092) AND (id <= 9657101))

table 2 : explain SELECT c FROM sbtest2 WHERE id BETWEEN 2708468 AND 2708477
	Index Scan using sbtest2_pkey on sbtest2  (cost=0.43..40.60 rows=10 width=121)
	  Index Cond: ((id >= 2708468) AND (id <= 2708477))

table 3 : explain SELECT c FROM sbtest3 WHERE id BETWEEN 2761186 AND 2761195
	Index Scan using sbtest3_pkey on sbtest3  (cost=0.43..40.87 rows=10 width=121)
	  Index Cond: ((id >= 2761186) AND (id <= 2761195))

table 4 : explain SELECT c FROM sbtest4 WHERE id BETWEEN 4299723 AND 4299732
	Index Scan using sbtest4_pkey on sbtest4  (cost=0.43..37.15 rows=9 width=121)
	  Index Cond: ((id >= 4299723) AND (id <= 4299732))

table 5 : explain SELECT c FROM sbtest5 WHERE id BETWEEN 1178752 AND 1178761
	Index Scan using sbtest5_pkey on sbtest5  (cost=0.43..40.30 rows=10 width=121)
	  Index Cond: ((id >= 1178752) AND (id <= 1178761))

table 6 : explain SELECT c FROM sbtest6 WHERE id BETWEEN 4001731 AND 4001740
	Index Scan using sbtest6_pkey on sbtest6  (cost=0.43..40.84 rows=10 width=121)
	  Index Cond: ((id >= 4001731) AND (id <= 4001740))

table 7 : explain SELECT c FROM sbtest7 WHERE id BETWEEN 8569256 AND 8569265
	Index Scan using sbtest7_pkey on sbtest7  (cost=0.43..40.43 rows=10 width=121)
	  Index Cond: ((id >= 8569256) AND (id <= 8569265))

table 8 : explain SELECT c FROM sbtest8 WHERE id BETWEEN 9021430 AND 9021439
	Index Scan using sbtest8_pkey on sbtest8  (cost=0.43..43.76 rows=11 width=121)
	  Index Cond: ((id >= 9021430) AND (id <= 9021439))

for: sum_ranges
table 1 : explain SELECT SUM(k) FROM sbtest1 WHERE id BETWEEN 5101060 AND 5101069
	Aggregate  (cost=40.50..40.51 rows=1 width=8)
	  ->  Index Scan using sbtest1_pkey on sbtest1  (cost=0.43..40.47 rows=10 width=4)
	        Index Cond: ((id >= 5101060) AND (id <= 5101069))

table 2 : explain SELECT SUM(k) FROM sbtest2 WHERE id BETWEEN 3994515 AND 3994524
	Aggregate  (cost=40.62..40.63 rows=1 width=8)
	  ->  Index Scan using sbtest2_pkey on sbtest2  (cost=0.43..40.60 rows=10 width=4)
	        Index Cond: ((id >= 3994515) AND (id <= 3994524))

table 3 : explain SELECT SUM(k) FROM sbtest3 WHERE id BETWEEN 8000312 AND 8000321
	Aggregate  (cost=37.29..37.30 rows=1 width=8)
	  ->  Index Scan using sbtest3_pkey on sbtest3  (cost=0.43..37.27 rows=9 width=4)
	        Index Cond: ((id >= 8000312) AND (id <= 8000321))

table 4 : explain SELECT SUM(k) FROM sbtest4 WHERE id BETWEEN 615211 AND 615220
	Aggregate  (cost=44.35..44.36 rows=1 width=8)
	  ->  Index Scan using sbtest4_pkey on sbtest4  (cost=0.43..44.32 rows=11 width=4)
	        Index Cond: ((id >= 615211) AND (id <= 615220))

table 5 : explain SELECT SUM(k) FROM sbtest5 WHERE id BETWEEN 1856932 AND 1856941
	Aggregate  (cost=40.32..40.33 rows=1 width=8)
	  ->  Index Scan using sbtest5_pkey on sbtest5  (cost=0.43..40.30 rows=10 width=4)
	        Index Cond: ((id >= 1856932) AND (id <= 1856941))

table 6 : explain SELECT SUM(k) FROM sbtest6 WHERE id BETWEEN 8841969 AND 8841978
	Aggregate  (cost=40.87..40.88 rows=1 width=8)
	  ->  Index Scan using sbtest6_pkey on sbtest6  (cost=0.43..40.84 rows=10 width=4)
	        Index Cond: ((id >= 8841969) AND (id <= 8841978))

table 7 : explain SELECT SUM(k) FROM sbtest7 WHERE id BETWEEN 7799676 AND 7799685
	Aggregate  (cost=40.45..40.46 rows=1 width=8)
	  ->  Index Scan using sbtest7_pkey on sbtest7  (cost=0.43..40.43 rows=10 width=4)
	        Index Cond: ((id >= 7799676) AND (id <= 7799685))

table 8 : explain SELECT SUM(k) FROM sbtest8 WHERE id BETWEEN 3886603 AND 3886612
	Aggregate  (cost=40.26..40.27 rows=1 width=8)
	  ->  Index Scan using sbtest8_pkey on sbtest8  (cost=0.43..40.23 rows=10 width=4)
	        Index Cond: ((id >= 3886603) AND (id <= 3886612))

for: sum_ranges
table 1 : explain SELECT SUM(k) FROM sbtest1 WHERE id BETWEEN 8927176 AND 8927185
	Aggregate  (cost=40.50..40.51 rows=1 width=8)
	  ->  Index Scan using sbtest1_pkey on sbtest1  (cost=0.43..40.47 rows=10 width=4)
	        Index Cond: ((id >= 8927176) AND (id <= 8927185))

table 2 : explain SELECT SUM(k) FROM sbtest2 WHERE id BETWEEN 6008503 AND 6008512
	Aggregate  (cost=40.62..40.63 rows=1 width=8)
	  ->  Index Scan using sbtest2_pkey on sbtest2  (cost=0.43..40.60 rows=10 width=4)
	        Index Cond: ((id >= 6008503) AND (id <= 6008512))

table 3 : explain SELECT SUM(k) FROM sbtest3 WHERE id BETWEEN 9116108 AND 9116117
	Aggregate  (cost=40.89..40.90 rows=1 width=8)
	  ->  Index Scan using sbtest3_pkey on sbtest3  (cost=0.43..40.87 rows=10 width=4)
	        Index Cond: ((id >= 9116108) AND (id <= 9116117))

table 4 : explain SELECT SUM(k) FROM sbtest4 WHERE id BETWEEN 3942727 AND 3942736
	Aggregate  (cost=40.76..40.77 rows=1 width=8)
	  ->  Index Scan using sbtest4_pkey on sbtest4  (cost=0.43..40.73 rows=10 width=4)
	        Index Cond: ((id >= 3942727) AND (id <= 3942736))

table 5 : explain SELECT SUM(k) FROM sbtest5 WHERE id BETWEEN 5525128 AND 5525137
	Aggregate  (cost=36.78..36.79 rows=1 width=8)
	  ->  Index Scan using sbtest5_pkey on sbtest5  (cost=0.43..36.76 rows=9 width=4)
	        Index Cond: ((id >= 5525128) AND (id <= 5525137))

table 6 : explain SELECT SUM(k) FROM sbtest6 WHERE id BETWEEN 712461 AND 712470
	Aggregate  (cost=37.27..37.28 rows=1 width=8)
	  ->  Index Scan using sbtest6_pkey on sbtest6  (cost=0.43..37.25 rows=9 width=4)
	        Index Cond: ((id >= 712461) AND (id <= 712470))

table 7 : explain SELECT SUM(k) FROM sbtest7 WHERE id BETWEEN 7919875 AND 7919884
	Aggregate  (cost=40.45..40.46 rows=1 width=8)
	  ->  Index Scan using sbtest7_pkey on sbtest7  (cost=0.43..40.43 rows=10 width=4)
	        Index Cond: ((id >= 7919875) AND (id <= 7919884))

table 8 : explain SELECT SUM(k) FROM sbtest8 WHERE id BETWEEN 2738322 AND 2738331
	Aggregate  (cost=40.26..40.27 rows=1 width=8)
	  ->  Index Scan using sbtest8_pkey on sbtest8  (cost=0.43..40.23 rows=10 width=4)
	        Index Cond: ((id >= 2738322) AND (id <= 2738331))

for: sum_ranges
table 1 : explain SELECT SUM(k) FROM sbtest1 WHERE id BETWEEN 7496051 AND 7496060
	Aggregate  (cost=40.50..40.51 rows=1 width=8)
	  ->  Index Scan using sbtest1_pkey on sbtest1  (cost=0.43..40.47 rows=10 width=4)
	        Index Cond: ((id >= 7496051) AND (id <= 7496060))

table 2 : explain SELECT SUM(k) FROM sbtest2 WHERE id BETWEEN 8739134 AND 8739143
	Aggregate  (cost=40.62..40.63 rows=1 width=8)
	  ->  Index Scan using sbtest2_pkey on sbtest2  (cost=0.43..40.60 rows=10 width=4)
	        Index Cond: ((id >= 8739134) AND (id <= 8739143))

table 3 : explain SELECT SUM(k) FROM sbtest3 WHERE id BETWEEN 7134966 AND 7134975
	Aggregate  (cost=37.29..37.30 rows=1 width=8)
	  ->  Index Scan using sbtest3_pkey on sbtest3  (cost=0.43..37.27 rows=9 width=4)
	        Index Cond: ((id >= 7134966) AND (id <= 7134975))

table 4 : explain SELECT SUM(k) FROM sbtest4 WHERE id BETWEEN 3976709 AND 3976718
	Aggregate  (cost=44.35..44.36 rows=1 width=8)
	  ->  Index Scan using sbtest4_pkey on sbtest4  (cost=0.43..44.32 rows=11 width=4)
	        Index Cond: ((id >= 3976709) AND (id <= 3976718))

table 5 : explain SELECT SUM(k) FROM sbtest5 WHERE id BETWEEN 4659032 AND 4659041
	Aggregate  (cost=40.32..40.33 rows=1 width=8)
	  ->  Index Scan using sbtest5_pkey on sbtest5  (cost=0.43..40.30 rows=10 width=4)
	        Index Cond: ((id >= 4659032) AND (id <= 4659041))

table 6 : explain SELECT SUM(k) FROM sbtest6 WHERE id BETWEEN 257109 AND 257118
	Aggregate  (cost=40.87..40.88 rows=1 width=8)
	  ->  Index Scan using sbtest6_pkey on sbtest6  (cost=0.43..40.84 rows=10 width=4)
	        Index Cond: ((id >= 257109) AND (id <= 257118))

table 7 : explain SELECT SUM(k) FROM sbtest7 WHERE id BETWEEN 2393604 AND 2393613
	Aggregate  (cost=40.45..40.46 rows=1 width=8)
	  ->  Index Scan using sbtest7_pkey on sbtest7  (cost=0.43..40.43 rows=10 width=4)
	        Index Cond: ((id >= 2393604) AND (id <= 2393613))

table 8 : explain SELECT SUM(k) FROM sbtest8 WHERE id BETWEEN 2469304 AND 2469313
	Aggregate  (cost=40.26..40.27 rows=1 width=8)
	  ->  Index Scan using sbtest8_pkey on sbtest8  (cost=0.43..40.23 rows=10 width=4)
	        Index Cond: ((id >= 2469304) AND (id <= 2469313))

for: sum_ranges
table 1 : explain SELECT SUM(k) FROM sbtest1 WHERE id BETWEEN 9741348 AND 9741357
	Aggregate  (cost=40.50..40.51 rows=1 width=8)
	  ->  Index Scan using sbtest1_pkey on sbtest1  (cost=0.43..40.47 rows=10 width=4)
	        Index Cond: ((id >= 9741348) AND (id <= 9741357))

table 2 : explain SELECT SUM(k) FROM sbtest2 WHERE id BETWEEN 8581561 AND 8581570
	Aggregate  (cost=40.62..40.63 rows=1 width=8)
	  ->  Index Scan using sbtest2_pkey on sbtest2  (cost=0.43..40.60 rows=10 width=4)
	        Index Cond: ((id >= 8581561) AND (id <= 8581570))

table 3 : explain SELECT SUM(k) FROM sbtest3 WHERE id BETWEEN 1827086 AND 1827095
	Aggregate  (cost=40.89..40.90 rows=1 width=8)
	  ->  Index Scan using sbtest3_pkey on sbtest3  (cost=0.43..40.87 rows=10 width=4)
	        Index Cond: ((id >= 1827086) AND (id <= 1827095))

table 4 : explain SELECT SUM(k) FROM sbtest4 WHERE id BETWEEN 9263633 AND 9263642
	Aggregate  (cost=40.76..40.77 rows=1 width=8)
	  ->  Index Scan using sbtest4_pkey on sbtest4  (cost=0.43..40.73 rows=10 width=4)
	        Index Cond: ((id >= 9263633) AND (id <= 9263642))

table 5 : explain SELECT SUM(k) FROM sbtest5 WHERE id BETWEEN 7915824 AND 7915833
	Aggregate  (cost=40.32..40.33 rows=1 width=8)
	  ->  Index Scan using sbtest5_pkey on sbtest5  (cost=0.43..40.30 rows=10 width=4)
	        Index Cond: ((id >= 7915824) AND (id <= 7915833))

table 6 : explain SELECT SUM(k) FROM sbtest6 WHERE id BETWEEN 3144128 AND 3144137
	Aggregate  (cost=44.47..44.48 rows=1 width=8)
	  ->  Index Scan using sbtest6_pkey on sbtest6  (cost=0.43..44.44 rows=11 width=4)
	        Index Cond: ((id >= 3144128) AND (id <= 3144137))

table 7 : explain SELECT SUM(k) FROM sbtest7 WHERE id BETWEEN 89866 AND 89875
	Aggregate  (cost=36.90..36.91 rows=1 width=8)
	  ->  Index Scan using sbtest7_pkey on sbtest7  (cost=0.43..36.88 rows=9 width=4)
	        Index Cond: ((id >= 89866) AND (id <= 89875))

table 8 : explain SELECT SUM(k) FROM sbtest8 WHERE id BETWEEN 3192150 AND 3192159
	Aggregate  (cost=40.26..40.27 rows=1 width=8)
	  ->  Index Scan using sbtest8_pkey on sbtest8  (cost=0.43..40.23 rows=10 width=4)
	        Index Cond: ((id >= 3192150) AND (id <= 3192159))

explain: for point_selects :: explain SELECT c FROM sbtest%u WHERE id=%u
explain: for deletes :: explain DELETE FROM sbtest%u WHERE id=%u
for: order_ranges
table 1 : explain SELECT c FROM sbtest1 WHERE id BETWEEN 7999096 AND 7999105 ORDER BY c
	Sort  (cost=40.64..40.66 rows=10 width=121)
	  Sort Key: c
	  ->  Index Scan using sbtest1_pkey on sbtest1  (cost=0.43..40.47 rows=10 width=121)
	        Index Cond: ((id >= 7999096) AND (id <= 7999105))

table 2 : explain SELECT c FROM sbtest2 WHERE id BETWEEN 995851 AND 995860 ORDER BY c
	Sort  (cost=37.17..37.19 rows=9 width=121)
	  Sort Key: c
	  ->  Index Scan using sbtest2_pkey on sbtest2  (cost=0.43..37.03 rows=9 width=121)
	        Index Cond: ((id >= 995851) AND (id <= 995860))

table 3 : explain SELECT c FROM sbtest3 WHERE id BETWEEN 723834 AND 723843 ORDER BY c
	Sort  (cost=41.03..41.06 rows=10 width=121)
	  Sort Key: c
	  ->  Index Scan using sbtest3_pkey on sbtest3  (cost=0.43..40.87 rows=10 width=121)
	        Index Cond: ((id >= 723834) AND (id <= 723843))

table 4 : explain SELECT c FROM sbtest4 WHERE id BETWEEN 535415 AND 535424 ORDER BY c
	Sort  (cost=44.51..44.54 rows=11 width=121)
	  Sort Key: c
	  ->  Index Scan using sbtest4_pkey on sbtest4  (cost=0.43..44.32 rows=11 width=121)
	        Index Cond: ((id >= 535415) AND (id <= 535424))

table 5 : explain SELECT c FROM sbtest5 WHERE id BETWEEN 7602968 AND 7602977 ORDER BY c
	Sort  (cost=40.46..40.49 rows=10 width=121)
	  Sort Key: c
	  ->  Index Scan using sbtest5_pkey on sbtest5  (cost=0.43..40.30 rows=10 width=121)
	        Index Cond: ((id >= 7602968) AND (id <= 7602977))

table 6 : explain SELECT c FROM sbtest6 WHERE id BETWEEN 2915553 AND 2915562 ORDER BY c
	Sort  (cost=41.01..41.04 rows=10 width=121)
	  Sort Key: c
	  ->  Index Scan using sbtest6_pkey on sbtest6  (cost=0.43..40.84 rows=10 width=121)
	        Index Cond: ((id >= 2915553) AND (id <= 2915562))

table 7 : explain SELECT c FROM sbtest7 WHERE id BETWEEN 896486 AND 896495 ORDER BY c
	Sort  (cost=40.59..40.62 rows=10 width=121)
	  Sort Key: c
	  ->  Index Scan using sbtest7_pkey on sbtest7  (cost=0.43..40.43 rows=10 width=121)
	        Index Cond: ((id >= 896486) AND (id <= 896495))

table 8 : explain SELECT c FROM sbtest8 WHERE id BETWEEN 836940 AND 836949 ORDER BY c
	Sort  (cost=40.40..40.42 rows=10 width=121)
	  Sort Key: c
	  ->  Index Scan using sbtest8_pkey on sbtest8  (cost=0.43..40.23 rows=10 width=121)
	        Index Cond: ((id >= 836940) AND (id <= 836949))

for: order_ranges
table 1 : explain SELECT c FROM sbtest1 WHERE id BETWEEN 5762518 AND 5762527 ORDER BY c
	Sort  (cost=40.64..40.66 rows=10 width=121)
	  Sort Key: c
	  ->  Index Scan using sbtest1_pkey on sbtest1  (cost=0.43..40.47 rows=10 width=121)
	        Index Cond: ((id >= 5762518) AND (id <= 5762527))

table 2 : explain SELECT c FROM sbtest2 WHERE id BETWEEN 7002626 AND 7002635 ORDER BY c
	Sort  (cost=40.76..40.79 rows=10 width=121)
	  Sort Key: c
	  ->  Index Scan using sbtest2_pkey on sbtest2  (cost=0.43..40.60 rows=10 width=121)
	        Index Cond: ((id >= 7002626) AND (id <= 7002635))

table 3 : explain SELECT c FROM sbtest3 WHERE id BETWEEN 7017438 AND 7017447 ORDER BY c
	Sort  (cost=37.41..37.43 rows=9 width=121)
	  Sort Key: c
	  ->  Index Scan using sbtest3_pkey on sbtest3  (cost=0.43..37.27 rows=9 width=121)
	        Index Cond: ((id >= 7017438) AND (id <= 7017447))

table 4 : explain SELECT c FROM sbtest4 WHERE id BETWEEN 87894 AND 87903 ORDER BY c
	Sort  (cost=40.90..40.93 rows=10 width=121)
	  Sort Key: c
	  ->  Index Scan using sbtest4_pkey on sbtest4  (cost=0.43..40.73 rows=10 width=121)
	        Index Cond: ((id >= 87894) AND (id <= 87903))

table 5 : explain SELECT c FROM sbtest5 WHERE id BETWEEN 401738 AND 401747 ORDER BY c
	Sort  (cost=36.90..36.93 rows=9 width=121)
	  Sort Key: c
	  ->  Index Scan using sbtest5_pkey on sbtest5  (cost=0.43..36.76 rows=9 width=121)
	        Index Cond: ((id >= 401738) AND (id <= 401747))

table 6 : explain SELECT c FROM sbtest6 WHERE id BETWEEN 1243748 AND 1243757 ORDER BY c
	Sort  (cost=41.01..41.04 rows=10 width=121)
	  Sort Key: c
	  ->  Index Scan using sbtest6_pkey on sbtest6  (cost=0.43..40.84 rows=10 width=121)
	        Index Cond: ((id >= 1243748) AND (id <= 1243757))

table 7 : explain SELECT c FROM sbtest7 WHERE id BETWEEN 5993066 AND 5993075 ORDER BY c
	Sort  (cost=44.17..44.20 rows=11 width=121)
	  Sort Key: c
	  ->  Index Scan using sbtest7_pkey on sbtest7  (cost=0.43..43.98 rows=11 width=121)
	        Index Cond: ((id >= 5993066) AND (id <= 5993075))

table 8 : explain SELECT c FROM sbtest8 WHERE id BETWEEN 8301700 AND 8301709 ORDER BY c
	Sort  (cost=40.40..40.42 rows=10 width=121)
	  Sort Key: c
	  ->  Index Scan using sbtest8_pkey on sbtest8  (cost=0.43..40.23 rows=10 width=121)
	        Index Cond: ((id >= 8301700) AND (id <= 8301709))

explain: for deletes :: explain DELETE FROM sbtest%u WHERE id=%u
for: order_ranges
table 1 : explain SELECT c FROM sbtest1 WHERE id BETWEEN 4548836 AND 4548845 ORDER BY c
	Sort  (cost=40.64..40.66 rows=10 width=121)
	  Sort Key: c
	  ->  Index Scan using sbtest1_pkey on sbtest1  (cost=0.43..40.47 rows=10 width=121)
	        Index Cond: ((id >= 4548836) AND (id <= 4548845))

table 2 : explain SELECT c FROM sbtest2 WHERE id BETWEEN 3909911 AND 3909920 ORDER BY c
	Sort  (cost=40.76..40.79 rows=10 width=121)
	  Sort Key: c
	  ->  Index Scan using sbtest2_pkey on sbtest2  (cost=0.43..40.60 rows=10 width=121)
	        Index Cond: ((id >= 3909911) AND (id <= 3909920))

table 3 : explain SELECT c FROM sbtest3 WHERE id BETWEEN 4002377 AND 4002386 ORDER BY c
	Sort  (cost=41.03..41.06 rows=10 width=121)
	  Sort Key: c
	  ->  Index Scan using sbtest3_pkey on sbtest3  (cost=0.43..40.87 rows=10 width=121)
	        Index Cond: ((id >= 4002377) AND (id <= 4002386))

table 4 : explain SELECT c FROM sbtest4 WHERE id BETWEEN 6893265 AND 6893274 ORDER BY c
	Sort  (cost=40.90..40.93 rows=10 width=121)
	  Sort Key: c
	  ->  Index Scan using sbtest4_pkey on sbtest4  (cost=0.43..40.73 rows=10 width=121)
	        Index Cond: ((id >= 6893265) AND (id <= 6893274))

table 5 : explain SELECT c FROM sbtest5 WHERE id BETWEEN 111112 AND 111121 ORDER BY c
	Sort  (cost=40.46..40.49 rows=10 width=121)
	  Sort Key: c
	  ->  Index Scan using sbtest5_pkey on sbtest5  (cost=0.43..40.30 rows=10 width=121)
	        Index Cond: ((id >= 111112) AND (id <= 111121))

table 6 : explain SELECT c FROM sbtest6 WHERE id BETWEEN 3710749 AND 3710758 ORDER BY c
	Sort  (cost=41.01..41.04 rows=10 width=121)
	  Sort Key: c
	  ->  Index Scan using sbtest6_pkey on sbtest6  (cost=0.43..40.84 rows=10 width=121)
	        Index Cond: ((id >= 3710749) AND (id <= 3710758))

table 7 : explain SELECT c FROM sbtest7 WHERE id BETWEEN 8206290 AND 8206299 ORDER BY c
	Sort  (cost=40.59..40.62 rows=10 width=121)
	  Sort Key: c
	  ->  Index Scan using sbtest7_pkey on sbtest7  (cost=0.43..40.43 rows=10 width=121)
	        Index Cond: ((id >= 8206290) AND (id <= 8206299))

table 8 : explain SELECT c FROM sbtest8 WHERE id BETWEEN 4475151 AND 4475160 ORDER BY c
	Sort  (cost=40.40..40.42 rows=10 width=121)
	  Sort Key: c
	  ->  Index Scan using sbtest8_pkey on sbtest8  (cost=0.43..40.23 rows=10 width=121)
	        Index Cond: ((id >= 4475151) AND (id <= 4475160))

for: sum_ranges
table 1 : explain SELECT SUM(k) FROM sbtest1 WHERE id BETWEEN 4627513 AND 4627522
	Aggregate  (cost=36.94..36.95 rows=1 width=8)
	  ->  Index Scan using sbtest1_pkey on sbtest1  (cost=0.43..36.92 rows=9 width=4)
	        Index Cond: ((id >= 4627513) AND (id <= 4627522))

table 2 : explain SELECT SUM(k) FROM sbtest2 WHERE id BETWEEN 1898367 AND 1898376
	Aggregate  (cost=40.62..40.63 rows=1 width=8)
	  ->  Index Scan using sbtest2_pkey on sbtest2  (cost=0.43..40.60 rows=10 width=4)
	        Index Cond: ((id >= 1898367) AND (id <= 1898376))

table 3 : explain SELECT SUM(k) FROM sbtest3 WHERE id BETWEEN 8523568 AND 8523577
	Aggregate  (cost=40.89..40.90 rows=1 width=8)
	  ->  Index Scan using sbtest3_pkey on sbtest3  (cost=0.43..40.87 rows=10 width=4)
	        Index Cond: ((id >= 8523568) AND (id <= 8523577))

table 4 : explain SELECT SUM(k) FROM sbtest4 WHERE id BETWEEN 3466364 AND 3466373
	Aggregate  (cost=40.76..40.77 rows=1 width=8)
	  ->  Index Scan using sbtest4_pkey on sbtest4  (cost=0.43..40.73 rows=10 width=4)
	        Index Cond: ((id >= 3466364) AND (id <= 3466373))

table 5 : explain SELECT SUM(k) FROM sbtest5 WHERE id BETWEEN 7052149 AND 7052158
	Aggregate  (cost=43.86..43.87 rows=1 width=8)
	  ->  Index Scan using sbtest5_pkey on sbtest5  (cost=0.43..43.84 rows=11 width=4)
	        Index Cond: ((id >= 7052149) AND (id <= 7052158))

table 6 : explain SELECT SUM(k) FROM sbtest6 WHERE id BETWEEN 176677 AND 176686
	Aggregate  (cost=40.87..40.88 rows=1 width=8)
	  ->  Index Scan using sbtest6_pkey on sbtest6  (cost=0.43..40.84 rows=10 width=4)
	        Index Cond: ((id >= 176677) AND (id <= 176686))

table 7 : explain SELECT SUM(k) FROM sbtest7 WHERE id BETWEEN 8754067 AND 8754076
	Aggregate  (cost=40.45..40.46 rows=1 width=8)
	  ->  Index Scan using sbtest7_pkey on sbtest7  (cost=0.43..40.43 rows=10 width=4)
	        Index Cond: ((id >= 8754067) AND (id <= 8754076))

table 8 : explain SELECT SUM(k) FROM sbtest8 WHERE id BETWEEN 8444415 AND 8444424
	Aggregate  (cost=43.79..43.80 rows=1 width=8)
	  ->  Index Scan using sbtest8_pkey on sbtest8  (cost=0.43..43.76 rows=11 width=4)
	        Index Cond: ((id >= 8444415) AND (id <= 8444424))

for: distinct_ranges
table 1 : explain SELECT DISTINCT c FROM sbtest1 WHERE id BETWEEN 4472521 AND 4472530 ORDER BY c
	Unique  (cost=40.64..40.69 rows=10 width=121)
	  ->  Sort  (cost=40.64..40.66 rows=10 width=121)
	        Sort Key: c
	        ->  Index Scan using sbtest1_pkey on sbtest1  (cost=0.43..40.47 rows=10 width=121)
	              Index Cond: ((id >= 4472521) AND (id <= 4472530))

table 2 : explain SELECT DISTINCT c FROM sbtest2 WHERE id BETWEEN 4508860 AND 4508869 ORDER BY c
	Unique  (cost=44.36..44.41 rows=11 width=121)
	  ->  Sort  (cost=44.36..44.39 rows=11 width=121)
	        Sort Key: c
	        ->  Index Scan using sbtest2_pkey on sbtest2  (cost=0.43..44.17 rows=11 width=121)
	              Index Cond: ((id >= 4508860) AND (id <= 4508869))

table 3 : explain SELECT DISTINCT c FROM sbtest3 WHERE id BETWEEN 7950667 AND 7950676 ORDER BY c
	Unique  (cost=41.03..41.08 rows=10 width=121)
	  ->  Sort  (cost=41.03..41.06 rows=10 width=121)
	        Sort Key: c
	        ->  Index Scan using sbtest3_pkey on sbtest3  (cost=0.43..40.87 rows=10 width=121)
	              Index Cond: ((id >= 7950667) AND (id <= 7950676))

table 4 : explain SELECT DISTINCT c FROM sbtest4 WHERE id BETWEEN 7430107 AND 7430116 ORDER BY c
	Unique  (cost=37.29..37.34 rows=9 width=121)
	  ->  Sort  (cost=37.29..37.31 rows=9 width=121)
	        Sort Key: c
	        ->  Index Scan using sbtest4_pkey on sbtest4  (cost=0.43..37.15 rows=9 width=121)
	              Index Cond: ((id >= 7430107) AND (id <= 7430116))

table 5 : explain SELECT DISTINCT c FROM sbtest5 WHERE id BETWEEN 1043976 AND 1043985 ORDER BY c
	Unique  (cost=40.46..40.51 rows=10 width=121)
	  ->  Sort  (cost=40.46..40.49 rows=10 width=121)
	        Sort Key: c
	        ->  Index Scan using sbtest5_pkey on sbtest5  (cost=0.43..40.30 rows=10 width=121)
	              Index Cond: ((id >= 1043976) AND (id <= 1043985))

table 6 : explain SELECT DISTINCT c FROM sbtest6 WHERE id BETWEEN 3697504 AND 3697513 ORDER BY c
	Unique  (cost=41.01..41.06 rows=10 width=121)
	  ->  Sort  (cost=41.01..41.04 rows=10 width=121)
	        Sort Key: c
	        ->  Index Scan using sbtest6_pkey on sbtest6  (cost=0.43..40.84 rows=10 width=121)
	              Index Cond: ((id >= 3697504) AND (id <= 3697513))

table 7 : explain SELECT DISTINCT c FROM sbtest7 WHERE id BETWEEN 2209179 AND 2209188 ORDER BY c
	Unique  (cost=37.02..37.06 rows=9 width=121)
	  ->  Sort  (cost=37.02..37.04 rows=9 width=121)
	        Sort Key: c
	        ->  Index Scan using sbtest7_pkey on sbtest7  (cost=0.43..36.88 rows=9 width=121)
	              Index Cond: ((id >= 2209179) AND (id <= 2209188))

table 8 : explain SELECT DISTINCT c FROM sbtest8 WHERE id BETWEEN 5901467 AND 5901476 ORDER BY c
	Unique  (cost=36.85..36.89 rows=9 width=121)
	  ->  Sort  (cost=36.85..36.87 rows=9 width=121)
	        Sort Key: c
	        ->  Index Scan using sbtest8_pkey on sbtest8  (cost=0.43..36.70 rows=9 width=121)
	              Index Cond: ((id >= 5901467) AND (id <= 5901476))

for: order_ranges
table 1 : explain SELECT c FROM sbtest1 WHERE id BETWEEN 4195196 AND 4195205 ORDER BY c
	Sort  (cost=44.22..44.25 rows=11 width=121)
	  Sort Key: c
	  ->  Index Scan using sbtest1_pkey on sbtest1  (cost=0.43..44.03 rows=11 width=121)
	        Index Cond: ((id >= 4195196) AND (id <= 4195205))

table 2 : explain SELECT c FROM sbtest2 WHERE id BETWEEN 1324002 AND 1324011 ORDER BY c
	Sort  (cost=40.76..40.79 rows=10 width=121)
	  Sort Key: c
	  ->  Index Scan using sbtest2_pkey on sbtest2  (cost=0.43..40.60 rows=10 width=121)
	        Index Cond: ((id >= 1324002) AND (id <= 1324011))

table 3 : explain SELECT c FROM sbtest3 WHERE id BETWEEN 4562203 AND 4562212 ORDER BY c
	Sort  (cost=37.41..37.43 rows=9 width=121)
	  Sort Key: c
	  ->  Index Scan using sbtest3_pkey on sbtest3  (cost=0.43..37.27 rows=9 width=121)
	        Index Cond: ((id >= 4562203) AND (id <= 4562212))

table 4 : explain SELECT c FROM sbtest4 WHERE id BETWEEN 6476042 AND 6476051 ORDER BY c
	Sort  (cost=44.51..44.54 rows=11 width=121)
	  Sort Key: c
	  ->  Index Scan using sbtest4_pkey on sbtest4  (cost=0.43..44.32 rows=11 width=121)
	        Index Cond: ((id >= 6476042) AND (id <= 6476051))

table 5 : explain SELECT c FROM sbtest5 WHERE id BETWEEN 5235144 AND 5235153 ORDER BY c
	Sort  (cost=36.90..36.93 rows=9 width=121)
	  Sort Key: c
	  ->  Index Scan using sbtest5_pkey on sbtest5  (cost=0.43..36.76 rows=9 width=121)
	        Index Cond: ((id >= 5235144) AND (id <= 5235153))

table 6 : explain SELECT c FROM sbtest6 WHERE id BETWEEN 8307665 AND 8307674 ORDER BY c
	Sort  (cost=41.01..41.04 rows=10 width=121)
	  Sort Key: c
	  ->  Index Scan using sbtest6_pkey on sbtest6  (cost=0.43..40.84 rows=10 width=121)
	        Index Cond: ((id >= 8307665) AND (id <= 8307674))

table 7 : explain SELECT c FROM sbtest7 WHERE id BETWEEN 2667740 AND 2667749 ORDER BY c
	Sort  (cost=37.02..37.04 rows=9 width=121)
	  Sort Key: c
	  ->  Index Scan using sbtest7_pkey on sbtest7  (cost=0.43..36.88 rows=9 width=121)
	        Index Cond: ((id >= 2667740) AND (id <= 2667749))

table 8 : explain SELECT c FROM sbtest8 WHERE id BETWEEN 5894146 AND 5894155 ORDER BY c
	Sort  (cost=36.85..36.87 rows=9 width=121)
	  Sort Key: c
	  ->  Index Scan using sbtest8_pkey on sbtest8  (cost=0.43..36.70 rows=9 width=121)
	        Index Cond: ((id >= 5894146) AND (id <= 5894155))

for: sum_ranges
table 1 : explain SELECT SUM(k) FROM sbtest1 WHERE id BETWEEN 2071041 AND 2071050
	Aggregate  (cost=40.50..40.51 rows=1 width=8)
	  ->  Index Scan using sbtest1_pkey on sbtest1  (cost=0.43..40.47 rows=10 width=4)
	        Index Cond: ((id >= 2071041) AND (id <= 2071050))

table 2 : explain SELECT SUM(k) FROM sbtest2 WHERE id BETWEEN 477654 AND 477663
	Aggregate  (cost=40.62..40.63 rows=1 width=8)
	  ->  Index Scan using sbtest2_pkey on sbtest2  (cost=0.43..40.60 rows=10 width=4)
	        Index Cond: ((id >= 477654) AND (id <= 477663))

table 3 : explain SELECT SUM(k) FROM sbtest3 WHERE id BETWEEN 7224900 AND 7224909
	Aggregate  (cost=40.89..40.90 rows=1 width=8)
	  ->  Index Scan using sbtest3_pkey on sbtest3  (cost=0.43..40.87 rows=10 width=4)
	        Index Cond: ((id >= 7224900) AND (id <= 7224909))

table 4 : explain SELECT SUM(k) FROM sbtest4 WHERE id BETWEEN 4331601 AND 4331610
	Aggregate  (cost=37.17..37.18 rows=1 width=8)
	  ->  Index Scan using sbtest4_pkey on sbtest4  (cost=0.43..37.15 rows=9 width=4)
	        Index Cond: ((id >= 4331601) AND (id <= 4331610))

table 5 : explain SELECT SUM(k) FROM sbtest5 WHERE id BETWEEN 6208571 AND 6208580
	Aggregate  (cost=40.32..40.33 rows=1 width=8)
	  ->  Index Scan using sbtest5_pkey on sbtest5  (cost=0.43..40.30 rows=10 width=4)
	        Index Cond: ((id >= 6208571) AND (id <= 6208580))

table 6 : explain SELECT SUM(k) FROM sbtest6 WHERE id BETWEEN 278403 AND 278412
	Aggregate  (cost=40.87..40.88 rows=1 width=8)
	  ->  Index Scan using sbtest6_pkey on sbtest6  (cost=0.43..40.84 rows=10 width=4)
	        Index Cond: ((id >= 278403) AND (id <= 278412))

table 7 : explain SELECT SUM(k) FROM sbtest7 WHERE id BETWEEN 1079537 AND 1079546
	Aggregate  (cost=40.45..40.46 rows=1 width=8)
	  ->  Index Scan using sbtest7_pkey on sbtest7  (cost=0.43..40.43 rows=10 width=4)
	        Index Cond: ((id >= 1079537) AND (id <= 1079546))

table 8 : explain SELECT SUM(k) FROM sbtest8 WHERE id BETWEEN 1993781 AND 1993790
	Aggregate  (cost=40.26..40.27 rows=1 width=8)
	  ->  Index Scan using sbtest8_pkey on sbtest8  (cost=0.43..40.23 rows=10 width=4)
	        Index Cond: ((id >= 1993781) AND (id <= 1993790))

for: order_ranges
table 1 : explain SELECT c FROM sbtest1 WHERE id BETWEEN 9048502 AND 9048511 ORDER BY c
	Sort  (cost=40.64..40.66 rows=10 width=121)
	  Sort Key: c
	  ->  Index Scan using sbtest1_pkey on sbtest1  (cost=0.43..40.47 rows=10 width=121)
	        Index Cond: ((id >= 9048502) AND (id <= 9048511))

table 2 : explain SELECT c FROM sbtest2 WHERE id BETWEEN 5568403 AND 5568412 ORDER BY c
	Sort  (cost=40.76..40.79 rows=10 width=121)
	  Sort Key: c
	  ->  Index Scan using sbtest2_pkey on sbtest2  (cost=0.43..40.60 rows=10 width=121)
	        Index Cond: ((id >= 5568403) AND (id <= 5568412))

table 3 : explain SELECT c FROM sbtest3 WHERE id BETWEEN 7261498 AND 7261507 ORDER BY c
	Sort  (cost=41.03..41.06 rows=10 width=121)
	  Sort Key: c
	  ->  Index Scan using sbtest3_pkey on sbtest3  (cost=0.43..40.87 rows=10 width=121)
	        Index Cond: ((id >= 7261498) AND (id <= 7261507))

table 4 : explain SELECT c FROM sbtest4 WHERE id BETWEEN 189654 AND 189663 ORDER BY c
	Sort  (cost=40.90..40.93 rows=10 width=121)
	  Sort Key: c
	  ->  Index Scan using sbtest4_pkey on sbtest4  (cost=0.43..40.73 rows=10 width=121)
	        Index Cond: ((id >= 189654) AND (id <= 189663))

table 5 : explain SELECT c FROM sbtest5 WHERE id BETWEEN 2020776 AND 2020785 ORDER BY c
	Sort  (cost=44.03..44.05 rows=11 width=121)
	  Sort Key: c
	  ->  Index Scan using sbtest5_pkey on sbtest5  (cost=0.43..43.84 rows=11 width=121)
	        Index Cond: ((id >= 2020776) AND (id <= 2020785))

table 6 : explain SELECT c FROM sbtest6 WHERE id BETWEEN 3953935 AND 3953944 ORDER BY c
	Sort  (cost=44.63..44.66 rows=11 width=121)
	  Sort Key: c
	  ->  Index Scan using sbtest6_pkey on sbtest6  (cost=0.43..44.44 rows=11 width=121)
	        Index Cond: ((id >= 3953935) AND (id <= 3953944))

table 7 : explain SELECT c FROM sbtest7 WHERE id BETWEEN 204593 AND 204602 ORDER BY c
	Sort  (cost=40.59..40.62 rows=10 width=121)
	  Sort Key: c
	  ->  Index Scan using sbtest7_pkey on sbtest7  (cost=0.43..40.43 rows=10 width=121)
	        Index Cond: ((id >= 204593) AND (id <= 204602))

table 8 : explain SELECT c FROM sbtest8 WHERE id BETWEEN 9048226 AND 9048235 ORDER BY c
	Sort  (cost=43.95..43.98 rows=11 width=121)
	  Sort Key: c
	  ->  Index Scan using sbtest8_pkey on sbtest8  (cost=0.43..43.76 rows=11 width=121)
	        Index Cond: ((id >= 9048226) AND (id <= 9048235))

for deletes
table 1 : explain DELETE FROM sbtest1 WHERE id=441746
	Delete on sbtest1  (cost=0.43..8.45 rows=0 width=0)
	  ->  Index Scan using sbtest1_pkey on sbtest1  (cost=0.43..8.45 rows=1 width=6)
	        Index Cond: (id = 441746)

table 2 : explain DELETE FROM sbtest2 WHERE id=200274
	Delete on sbtest2  (cost=0.43..8.45 rows=0 width=0)
	  ->  Index Scan using sbtest2_pkey on sbtest2  (cost=0.43..8.45 rows=1 width=6)
	        Index Cond: (id = 200274)

table 3 : explain DELETE FROM sbtest3 WHERE id=1777043
	Delete on sbtest3  (cost=0.43..8.45 rows=0 width=0)
	  ->  Index Scan using sbtest3_pkey on sbtest3  (cost=0.43..8.45 rows=1 width=6)
	        Index Cond: (id = 1777043)

table 4 : explain DELETE FROM sbtest4 WHERE id=2719102
	Delete on sbtest4  (cost=0.43..8.45 rows=0 width=0)
	  ->  Index Scan using sbtest4_pkey on sbtest4  (cost=0.43..8.45 rows=1 width=6)
	        Index Cond: (id = 2719102)

table 5 : explain DELETE FROM sbtest5 WHERE id=7068317
	Delete on sbtest5  (cost=0.43..8.45 rows=0 width=0)
	  ->  Index Scan using sbtest5_pkey on sbtest5  (cost=0.43..8.45 rows=1 width=6)
	        Index Cond: (id = 7068317)

table 6 : explain DELETE FROM sbtest6 WHERE id=4857808
	Delete on sbtest6  (cost=0.43..8.45 rows=0 width=0)
	  ->  Index Scan using sbtest6_pkey on sbtest6  (cost=0.43..8.45 rows=1 width=6)
	        Index Cond: (id = 4857808)

table 7 : explain DELETE FROM sbtest7 WHERE id=592645
	Delete on sbtest7  (cost=0.43..8.45 rows=0 width=0)
	  ->  Index Scan using sbtest7_pkey on sbtest7  (cost=0.43..8.45 rows=1 width=6)
	        Index Cond: (id = 592645)

table 8 : explain DELETE FROM sbtest8 WHERE id=7431014
	Delete on sbtest8  (cost=0.43..8.45 rows=0 width=0)
	  ->  Index Scan using sbtest8_pkey on sbtest8  (cost=0.43..8.45 rows=1 width=6)
	        Index Cond: (id = 7431014)

explain: for index_updates :: explain UPDATE sbtest%u SET k=k+1 WHERE id=%u
for: order_ranges
table 1 : explain SELECT c FROM sbtest1 WHERE id BETWEEN 5328512 AND 5328521 ORDER BY c
	Sort  (cost=40.64..40.66 rows=10 width=121)
	  Sort Key: c
	  ->  Index Scan using sbtest1_pkey on sbtest1  (cost=0.43..40.47 rows=10 width=121)
	        Index Cond: ((id >= 5328512) AND (id <= 5328521))

table 2 : explain SELECT c FROM sbtest2 WHERE id BETWEEN 4353596 AND 4353605 ORDER BY c
	Sort  (cost=40.76..40.79 rows=10 width=121)
	  Sort Key: c
	  ->  Index Scan using sbtest2_pkey on sbtest2  (cost=0.43..40.60 rows=10 width=121)
	        Index Cond: ((id >= 4353596) AND (id <= 4353605))

table 3 : explain SELECT c FROM sbtest3 WHERE id BETWEEN 9412619 AND 9412628 ORDER BY c
	Sort  (cost=44.66..44.69 rows=11 width=121)
	  Sort Key: c
	  ->  Index Scan using sbtest3_pkey on sbtest3  (cost=0.43..44.47 rows=11 width=121)
	        Index Cond: ((id >= 9412619) AND (id <= 9412628))

table 4 : explain SELECT c FROM sbtest4 WHERE id BETWEEN 2168219 AND 2168228 ORDER BY c
	Sort  (cost=40.90..40.93 rows=10 width=121)
	  Sort Key: c
	  ->  Index Scan using sbtest4_pkey on sbtest4  (cost=0.43..40.73 rows=10 width=121)
	        Index Cond: ((id >= 2168219) AND (id <= 2168228))

table 5 : explain SELECT c FROM sbtest5 WHERE id BETWEEN 8908926 AND 8908935 ORDER BY c
	Sort  (cost=40.46..40.49 rows=10 width=121)
	  Sort Key: c
	  ->  Index Scan using sbtest5_pkey on sbtest5  (cost=0.43..40.30 rows=10 width=121)
	        Index Cond: ((id >= 8908926) AND (id <= 8908935))

table 6 : explain SELECT c FROM sbtest6 WHERE id BETWEEN 7506190 AND 7506199 ORDER BY c
	Sort  (cost=37.39..37.41 rows=9 width=121)
	  Sort Key: c
	  ->  Index Scan using sbtest6_pkey on sbtest6  (cost=0.43..37.25 rows=9 width=121)
	        Index Cond: ((id >= 7506190) AND (id <= 7506199))

table 7 : explain SELECT c FROM sbtest7 WHERE id BETWEEN 8119039 AND 8119048 ORDER BY c
	Sort  (cost=40.59..40.62 rows=10 width=121)
	  Sort Key: c
	  ->  Index Scan using sbtest7_pkey on sbtest7  (cost=0.43..40.43 rows=10 width=121)
	        Index Cond: ((id >= 8119039) AND (id <= 8119048))

table 8 : explain SELECT c FROM sbtest8 WHERE id BETWEEN 3354824 AND 3354833 ORDER BY c
	Sort  (cost=36.85..36.87 rows=9 width=121)
	  Sort Key: c
	  ->  Index Scan using sbtest8_pkey on sbtest8  (cost=0.43..36.70 rows=9 width=121)
	        Index Cond: ((id >= 3354824) AND (id <= 3354833))

for: order_ranges
table 1 : explain SELECT c FROM sbtest1 WHERE id BETWEEN 7374130 AND 7374139 ORDER BY c
	Sort  (cost=44.22..44.25 rows=11 width=121)
	  Sort Key: c
	  ->  Index Scan using sbtest1_pkey on sbtest1  (cost=0.43..44.03 rows=11 width=121)
	        Index Cond: ((id >= 7374130) AND (id <= 7374139))

table 2 : explain SELECT c FROM sbtest2 WHERE id BETWEEN 9818057 AND 9818066 ORDER BY c
	Sort  (cost=44.36..44.39 rows=11 width=121)
	  Sort Key: c
	  ->  Index Scan using sbtest2_pkey on sbtest2  (cost=0.43..44.17 rows=11 width=121)
	        Index Cond: ((id >= 9818057) AND (id <= 9818066))

table 3 : explain SELECT c FROM sbtest3 WHERE id BETWEEN 3944040 AND 3944049 ORDER BY c
	Sort  (cost=41.03..41.06 rows=10 width=121)
	  Sort Key: c
	  ->  Index Scan using sbtest3_pkey on sbtest3  (cost=0.43..40.87 rows=10 width=121)
	        Index Cond: ((id >= 3944040) AND (id <= 3944049))

table 4 : explain SELECT c FROM sbtest4 WHERE id BETWEEN 970707 AND 970716 ORDER BY c
	Sort  (cost=37.29..37.31 rows=9 width=121)
	  Sort Key: c
	  ->  Index Scan using sbtest4_pkey on sbtest4  (cost=0.43..37.15 rows=9 width=121)
	        Index Cond: ((id >= 970707) AND (id <= 970716))

table 5 : explain SELECT c FROM sbtest5 WHERE id BETWEEN 1892762 AND 1892771 ORDER BY c
	Sort  (cost=40.46..40.49 rows=10 width=121)
	  Sort Key: c
	  ->  Index Scan using sbtest5_pkey on sbtest5  (cost=0.43..40.30 rows=10 width=121)
	        Index Cond: ((id >= 1892762) AND (id <= 1892771))

table 6 : explain SELECT c FROM sbtest6 WHERE id BETWEEN 9912939 AND 9912948 ORDER BY c
	Sort  (cost=41.01..41.04 rows=10 width=121)
	  Sort Key: c
	  ->  Index Scan using sbtest6_pkey on sbtest6  (cost=0.43..40.84 rows=10 width=121)
	        Index Cond: ((id >= 9912939) AND (id <= 9912948))

table 7 : explain SELECT c FROM sbtest7 WHERE id BETWEEN 1512264 AND 1512273 ORDER BY c
	Sort  (cost=40.59..40.62 rows=10 width=121)
	  Sort Key: c
	  ->  Index Scan using sbtest7_pkey on sbtest7  (cost=0.43..40.43 rows=10 width=121)
	        Index Cond: ((id >= 1512264) AND (id <= 1512273))

table 8 : explain SELECT c FROM sbtest8 WHERE id BETWEEN 3385106 AND 3385115 ORDER BY c
	Sort  (cost=36.85..36.87 rows=9 width=121)
	  Sort Key: c
	  ->  Index Scan using sbtest8_pkey on sbtest8  (cost=0.43..36.70 rows=9 width=121)
	        Index Cond: ((id >= 3385106) AND (id <= 3385115))

for deletes
table 1 : explain DELETE FROM sbtest1 WHERE id=3346545
	Delete on sbtest1  (cost=0.43..8.45 rows=0 width=0)
	  ->  Index Scan using sbtest1_pkey on sbtest1  (cost=0.43..8.45 rows=1 width=6)
	        Index Cond: (id = 3346545)

table 2 : explain DELETE FROM sbtest2 WHERE id=9831093
	Delete on sbtest2  (cost=0.43..8.45 rows=0 width=0)
	  ->  Index Scan using sbtest2_pkey on sbtest2  (cost=0.43..8.45 rows=1 width=6)
	        Index Cond: (id = 9831093)

table 3 : explain DELETE FROM sbtest3 WHERE id=1532843
	Delete on sbtest3  (cost=0.43..8.45 rows=0 width=0)
	  ->  Index Scan using sbtest3_pkey on sbtest3  (cost=0.43..8.45 rows=1 width=6)
	        Index Cond: (id = 1532843)

table 4 : explain DELETE FROM sbtest4 WHERE id=2708482
	Delete on sbtest4  (cost=0.43..8.45 rows=0 width=0)
	  ->  Index Scan using sbtest4_pkey on sbtest4  (cost=0.43..8.45 rows=1 width=6)
	        Index Cond: (id = 2708482)

table 5 : explain DELETE FROM sbtest5 WHERE id=2564497
	Delete on sbtest5  (cost=0.43..8.45 rows=0 width=0)
	  ->  Index Scan using sbtest5_pkey on sbtest5  (cost=0.43..8.45 rows=1 width=6)
	        Index Cond: (id = 2564497)

table 6 : explain DELETE FROM sbtest6 WHERE id=6125506
	Delete on sbtest6  (cost=0.43..8.45 rows=0 width=0)
	  ->  Index Scan using sbtest6_pkey on sbtest6  (cost=0.43..8.45 rows=1 width=6)
	        Index Cond: (id = 6125506)

table 7 : explain DELETE FROM sbtest7 WHERE id=8656211
	Delete on sbtest7  (cost=0.43..8.45 rows=0 width=0)
	  ->  Index Scan using sbtest7_pkey on sbtest7  (cost=0.43..8.45 rows=1 width=6)
	        Index Cond: (id = 8656211)

table 8 : explain DELETE FROM sbtest8 WHERE id=3180771
	Delete on sbtest8  (cost=0.43..8.45 rows=0 width=0)
	  ->  Index Scan using sbtest8_pkey on sbtest8  (cost=0.43..8.45 rows=1 width=6)
	        Index Cond: (id = 3180771)

for: distinct_ranges
table 1 : explain SELECT DISTINCT c FROM sbtest1 WHERE id BETWEEN 3429023 AND 3429032 ORDER BY c
	Unique  (cost=40.64..40.69 rows=10 width=121)
	  ->  Sort  (cost=40.64..40.66 rows=10 width=121)
	        Sort Key: c
	        ->  Index Scan using sbtest1_pkey on sbtest1  (cost=0.43..40.47 rows=10 width=121)
	              Index Cond: ((id >= 3429023) AND (id <= 3429032))

table 2 : explain SELECT DISTINCT c FROM sbtest2 WHERE id BETWEEN 3161866 AND 3161875 ORDER BY c
	Unique  (cost=40.76..40.81 rows=10 width=121)
	  ->  Sort  (cost=40.76..40.79 rows=10 width=121)
	        Sort Key: c
	        ->  Index Scan using sbtest2_pkey on sbtest2  (cost=0.43..40.60 rows=10 width=121)
	              Index Cond: ((id >= 3161866) AND (id <= 3161875))

table 3 : explain SELECT DISTINCT c FROM sbtest3 WHERE id BETWEEN 8509666 AND 8509675 ORDER BY c
	Unique  (cost=41.03..41.08 rows=10 width=121)
	  ->  Sort  (cost=41.03..41.06 rows=10 width=121)
	        Sort Key: c
	        ->  Index Scan using sbtest3_pkey on sbtest3  (cost=0.43..40.87 rows=10 width=121)
	              Index Cond: ((id >= 8509666) AND (id <= 8509675))

table 4 : explain SELECT DISTINCT c FROM sbtest4 WHERE id BETWEEN 5114671 AND 5114680 ORDER BY c
	Unique  (cost=40.90..40.95 rows=10 width=121)
	  ->  Sort  (cost=40.90..40.93 rows=10 width=121)
	        Sort Key: c
	        ->  Index Scan using sbtest4_pkey on sbtest4  (cost=0.43..40.73 rows=10 width=121)
	              Index Cond: ((id >= 5114671) AND (id <= 5114680))

table 5 : explain SELECT DISTINCT c FROM sbtest5 WHERE id BETWEEN 2940359 AND 2940368 ORDER BY c
	Unique  (cost=40.46..40.51 rows=10 width=121)
	  ->  Sort  (cost=40.46..40.49 rows=10 width=121)
	        Sort Key: c
	        ->  Index Scan using sbtest5_pkey on sbtest5  (cost=0.43..40.30 rows=10 width=121)
	              Index Cond: ((id >= 2940359) AND (id <= 2940368))

table 6 : explain SELECT DISTINCT c FROM sbtest6 WHERE id BETWEEN 405547 AND 405556 ORDER BY c
	Unique  (cost=41.01..41.06 rows=10 width=121)
	  ->  Sort  (cost=41.01..41.04 rows=10 width=121)
	        Sort Key: c
	        ->  Index Scan using sbtest6_pkey on sbtest6  (cost=0.43..40.84 rows=10 width=121)
	              Index Cond: ((id >= 405547) AND (id <= 405556))

table 7 : explain SELECT DISTINCT c FROM sbtest7 WHERE id BETWEEN 2155862 AND 2155871 ORDER BY c
	Unique  (cost=44.17..44.23 rows=11 width=121)
	  ->  Sort  (cost=44.17..44.20 rows=11 width=121)
	        Sort Key: c
	        ->  Index Scan using sbtest7_pkey on sbtest7  (cost=0.43..43.98 rows=11 width=121)
	              Index Cond: ((id >= 2155862) AND (id <= 2155871))

table 8 : explain SELECT DISTINCT c FROM sbtest8 WHERE id BETWEEN 4805345 AND 4805354 ORDER BY c
	Unique  (cost=36.85..36.89 rows=9 width=121)
	  ->  Sort  (cost=36.85..36.87 rows=9 width=121)
	        Sort Key: c
	        ->  Index Scan using sbtest8_pkey on sbtest8  (cost=0.43..36.70 rows=9 width=121)
	              Index Cond: ((id >= 4805345) AND (id <= 4805354))

for: distinct_ranges
table 1 : explain SELECT DISTINCT c FROM sbtest1 WHERE id BETWEEN 8955152 AND 8955161 ORDER BY c
	Unique  (cost=40.64..40.69 rows=10 width=121)
	  ->  Sort  (cost=40.64..40.66 rows=10 width=121)
	        Sort Key: c
	        ->  Index Scan using sbtest1_pkey on sbtest1  (cost=0.43..40.47 rows=10 width=121)
	              Index Cond: ((id >= 8955152) AND (id <= 8955161))

table 2 : explain SELECT DISTINCT c FROM sbtest2 WHERE id BETWEEN 1610946 AND 1610955 ORDER BY c
	Unique  (cost=40.76..40.81 rows=10 width=121)
	  ->  Sort  (cost=40.76..40.79 rows=10 width=121)
	        Sort Key: c
	        ->  Index Scan using sbtest2_pkey on sbtest2  (cost=0.43..40.60 rows=10 width=121)
	              Index Cond: ((id >= 1610946) AND (id <= 1610955))

table 3 : explain SELECT DISTINCT c FROM sbtest3 WHERE id BETWEEN 5460178 AND 5460187 ORDER BY c
	Unique  (cost=44.66..44.71 rows=11 width=121)
	  ->  Sort  (cost=44.66..44.69 rows=11 width=121)
	        Sort Key: c
	        ->  Index Scan using sbtest3_pkey on sbtest3  (cost=0.43..44.47 rows=11 width=121)
	              Index Cond: ((id >= 5460178) AND (id <= 5460187))

table 4 : explain SELECT DISTINCT c FROM sbtest4 WHERE id BETWEEN 3506368 AND 3506377 ORDER BY c
	Unique  (cost=40.90..40.95 rows=10 width=121)
	  ->  Sort  (cost=40.90..40.93 rows=10 width=121)
	        Sort Key: c
	        ->  Index Scan using sbtest4_pkey on sbtest4  (cost=0.43..40.73 rows=10 width=121)
	              Index Cond: ((id >= 3506368) AND (id <= 3506377))

table 5 : explain SELECT DISTINCT c FROM sbtest5 WHERE id BETWEEN 4561754 AND 4561763 ORDER BY c
	Unique  (cost=40.46..40.51 rows=10 width=121)
	  ->  Sort  (cost=40.46..40.49 rows=10 width=121)
	        Sort Key: c
	        ->  Index Scan using sbtest5_pkey on sbtest5  (cost=0.43..40.30 rows=10 width=121)
	              Index Cond: ((id >= 4561754) AND (id <= 4561763))

table 6 : explain SELECT DISTINCT c FROM sbtest6 WHERE id BETWEEN 4978245 AND 4978254 ORDER BY c
	Unique  (cost=48.26..48.32 rows=12 width=121)
	  ->  Sort  (cost=48.26..48.29 rows=12 width=121)
	        Sort Key: c
	        ->  Index Scan using sbtest6_pkey on sbtest6  (cost=0.43..48.04 rows=12 width=121)
	              Index Cond: ((id >= 4978245) AND (id <= 4978254))

table 7 : explain SELECT DISTINCT c FROM sbtest7 WHERE id BETWEEN 9016305 AND 9016314 ORDER BY c
	Unique  (cost=44.17..44.23 rows=11 width=121)
	  ->  Sort  (cost=44.17..44.20 rows=11 width=121)
	        Sort Key: c
	        ->  Index Scan using sbtest7_pkey on sbtest7  (cost=0.43..43.98 rows=11 width=121)
	              Index Cond: ((id >= 9016305) AND (id <= 9016314))

table 8 : explain SELECT DISTINCT c FROM sbtest8 WHERE id BETWEEN 4823131 AND 4823140 ORDER BY c
	Unique  (cost=36.85..36.89 rows=9 width=121)
	  ->  Sort  (cost=36.85..36.87 rows=9 width=121)
	        Sort Key: c
	        ->  Index Scan using sbtest8_pkey on sbtest8  (cost=0.43..36.70 rows=9 width=121)
	              Index Cond: ((id >= 4823131) AND (id <= 4823140))

explain: for point_selects :: explain SELECT c FROM sbtest%u WHERE id=%u
for: distinct_ranges
table 1 : explain SELECT DISTINCT c FROM sbtest1 WHERE id BETWEEN 4973417 AND 4973426 ORDER BY c
	Unique  (cost=40.64..40.69 rows=10 width=121)
	  ->  Sort  (cost=40.64..40.66 rows=10 width=121)
	        Sort Key: c
	        ->  Index Scan using sbtest1_pkey on sbtest1  (cost=0.43..40.47 rows=10 width=121)
	              Index Cond: ((id >= 4973417) AND (id <= 4973426))

table 2 : explain SELECT DISTINCT c FROM sbtest2 WHERE id BETWEEN 9415352 AND 9415361 ORDER BY c
	Unique  (cost=40.76..40.81 rows=10 width=121)
	  ->  Sort  (cost=40.76..40.79 rows=10 width=121)
	        Sort Key: c
	        ->  Index Scan using sbtest2_pkey on sbtest2  (cost=0.43..40.60 rows=10 width=121)
	              Index Cond: ((id >= 9415352) AND (id <= 9415361))

table 3 : explain SELECT DISTINCT c FROM sbtest3 WHERE id BETWEEN 2927721 AND 2927730 ORDER BY c
	Unique  (cost=41.03..41.08 rows=10 width=121)
	  ->  Sort  (cost=41.03..41.06 rows=10 width=121)
	        Sort Key: c
	        ->  Index Scan using sbtest3_pkey on sbtest3  (cost=0.43..40.87 rows=10 width=121)
	              Index Cond: ((id >= 2927721) AND (id <= 2927730))

table 4 : explain SELECT DISTINCT c FROM sbtest4 WHERE id BETWEEN 506789 AND 506798 ORDER BY c
	Unique  (cost=40.90..40.95 rows=10 width=121)
	  ->  Sort  (cost=40.90..40.93 rows=10 width=121)
	        Sort Key: c
	        ->  Index Scan using sbtest4_pkey on sbtest4  (cost=0.43..40.73 rows=10 width=121)
	              Index Cond: ((id >= 506789) AND (id <= 506798))

table 5 : explain SELECT DISTINCT c FROM sbtest5 WHERE id BETWEEN 9502993 AND 9503002 ORDER BY c
	Unique  (cost=40.46..40.51 rows=10 width=121)
	  ->  Sort  (cost=40.46..40.49 rows=10 width=121)
	        Sort Key: c
	        ->  Index Scan using sbtest5_pkey on sbtest5  (cost=0.43..40.30 rows=10 width=121)
	              Index Cond: ((id >= 9502993) AND (id <= 9503002))

table 6 : explain SELECT DISTINCT c FROM sbtest6 WHERE id BETWEEN 1234615 AND 1234624 ORDER BY c
	Unique  (cost=41.01..41.06 rows=10 width=121)
	  ->  Sort  (cost=41.01..41.04 rows=10 width=121)
	        Sort Key: c
	        ->  Index Scan using sbtest6_pkey on sbtest6  (cost=0.43..40.84 rows=10 width=121)
	              Index Cond: ((id >= 1234615) AND (id <= 1234624))

table 7 : explain SELECT DISTINCT c FROM sbtest7 WHERE id BETWEEN 9438089 AND 9438098 ORDER BY c
	Unique  (cost=40.59..40.64 rows=10 width=121)
	  ->  Sort  (cost=40.59..40.62 rows=10 width=121)
	        Sort Key: c
	        ->  Index Scan using sbtest7_pkey on sbtest7  (cost=0.43..40.43 rows=10 width=121)
	              Index Cond: ((id >= 9438089) AND (id <= 9438098))

table 8 : explain SELECT DISTINCT c FROM sbtest8 WHERE id BETWEEN 386393 AND 386402 ORDER BY c
	Unique  (cost=40.40..40.45 rows=10 width=121)
	  ->  Sort  (cost=40.40..40.42 rows=10 width=121)
	        Sort Key: c
	        ->  Index Scan using sbtest8_pkey on sbtest8  (cost=0.43..40.23 rows=10 width=121)
	              Index Cond: ((id >= 386393) AND (id <= 386402))

explain: for index_updates :: explain UPDATE sbtest%u SET k=k+1 WHERE id=%u
explain: for index_updates :: explain UPDATE sbtest%u SET k=k+1 WHERE id=%u
for index_updates
table 1 : explain UPDATE sbtest1 SET k=k+1 WHERE id=7514824
	Update on sbtest1  (cost=0.43..8.46 rows=0 width=0)
	  ->  Index Scan using sbtest1_pkey on sbtest1  (cost=0.43..8.46 rows=1 width=10)
	        Index Cond: (id = 7514824)

table 2 : explain UPDATE sbtest2 SET k=k+1 WHERE id=9715507
	Update on sbtest2  (cost=0.43..8.46 rows=0 width=0)
	  ->  Index Scan using sbtest2_pkey on sbtest2  (cost=0.43..8.46 rows=1 width=10)
	        Index Cond: (id = 9715507)

table 3 : explain UPDATE sbtest3 SET k=k+1 WHERE id=5853434
	Update on sbtest3  (cost=0.43..8.46 rows=0 width=0)
	  ->  Index Scan using sbtest3_pkey on sbtest3  (cost=0.43..8.46 rows=1 width=10)
	        Index Cond: (id = 5853434)

table 4 : explain UPDATE sbtest4 SET k=k+1 WHERE id=8642903
	Update on sbtest4  (cost=0.43..8.46 rows=0 width=0)
	  ->  Index Scan using sbtest4_pkey on sbtest4  (cost=0.43..8.46 rows=1 width=10)
	        Index Cond: (id = 8642903)

table 5 : explain UPDATE sbtest5 SET k=k+1 WHERE id=9377768
	Update on sbtest5  (cost=0.43..8.46 rows=0 width=0)
	  ->  Index Scan using sbtest5_pkey on sbtest5  (cost=0.43..8.46 rows=1 width=10)
	        Index Cond: (id = 9377768)

table 6 : explain UPDATE sbtest6 SET k=k+1 WHERE id=6319266
	Update on sbtest6  (cost=0.43..8.46 rows=0 width=0)
	  ->  Index Scan using sbtest6_pkey on sbtest6  (cost=0.43..8.46 rows=1 width=10)
	        Index Cond: (id = 6319266)

table 7 : explain UPDATE sbtest7 SET k=k+1 WHERE id=8186790
	Update on sbtest7  (cost=0.43..8.46 rows=0 width=0)
	  ->  Index Scan using sbtest7_pkey on sbtest7  (cost=0.43..8.46 rows=1 width=10)
	        Index Cond: (id = 8186790)

table 8 : explain UPDATE sbtest8 SET k=k+1 WHERE id=898403
	Update on sbtest8  (cost=0.43..8.46 rows=0 width=0)
	  ->  Index Scan using sbtest8_pkey on sbtest8  (cost=0.43..8.46 rows=1 width=10)
	        Index Cond: (id = 898403)

for: order_ranges
table 1 : explain SELECT c FROM sbtest1 WHERE id BETWEEN 2645891 AND 2645900 ORDER BY c
	Sort  (cost=40.64..40.66 rows=10 width=121)
	  Sort Key: c
	  ->  Index Scan using sbtest1_pkey on sbtest1  (cost=0.43..40.47 rows=10 width=121)
	        Index Cond: ((id >= 2645891) AND (id <= 2645900))

table 2 : explain SELECT c FROM sbtest2 WHERE id BETWEEN 269251 AND 269260 ORDER BY c
	Sort  (cost=44.36..44.39 rows=11 width=121)
	  Sort Key: c
	  ->  Index Scan using sbtest2_pkey on sbtest2  (cost=0.43..44.17 rows=11 width=121)
	        Index Cond: ((id >= 269251) AND (id <= 269260))

table 3 : explain SELECT c FROM sbtest3 WHERE id BETWEEN 3756511 AND 3756520 ORDER BY c
	Sort  (cost=41.03..41.06 rows=10 width=121)
	  Sort Key: c
	  ->  Index Scan using sbtest3_pkey on sbtest3  (cost=0.43..40.87 rows=10 width=121)
	        Index Cond: ((id >= 3756511) AND (id <= 3756520))

table 4 : explain SELECT c FROM sbtest4 WHERE id BETWEEN 1331455 AND 1331464 ORDER BY c
	Sort  (cost=44.51..44.54 rows=11 width=121)
	  Sort Key: c
	  ->  Index Scan using sbtest4_pkey on sbtest4  (cost=0.43..44.32 rows=11 width=121)
	        Index Cond: ((id >= 1331455) AND (id <= 1331464))

table 5 : explain SELECT c FROM sbtest5 WHERE id BETWEEN 3627236 AND 3627245 ORDER BY c
	Sort  (cost=44.03..44.05 rows=11 width=121)
	  Sort Key: c
	  ->  Index Scan using sbtest5_pkey on sbtest5  (cost=0.43..43.84 rows=11 width=121)
	        Index Cond: ((id >= 3627236) AND (id <= 3627245))

table 6 : explain SELECT c FROM sbtest6 WHERE id BETWEEN 3115198 AND 3115207 ORDER BY c
	Sort  (cost=44.63..44.66 rows=11 width=121)
	  Sort Key: c
	  ->  Index Scan using sbtest6_pkey on sbtest6  (cost=0.43..44.44 rows=11 width=121)
	        Index Cond: ((id >= 3115198) AND (id <= 3115207))

table 7 : explain SELECT c FROM sbtest7 WHERE id BETWEEN 5931213 AND 5931222 ORDER BY c
	Sort  (cost=37.02..37.04 rows=9 width=121)
	  Sort Key: c
	  ->  Index Scan using sbtest7_pkey on sbtest7  (cost=0.43..36.88 rows=9 width=121)
	        Index Cond: ((id >= 5931213) AND (id <= 5931222))

table 8 : explain SELECT c FROM sbtest8 WHERE id BETWEEN 9073620 AND 9073629 ORDER BY c
	Sort  (cost=43.95..43.98 rows=11 width=121)
	  Sort Key: c
	  ->  Index Scan using sbtest8_pkey on sbtest8  (cost=0.43..43.76 rows=11 width=121)
	        Index Cond: ((id >= 9073620) AND (id <= 9073629))

explain: for index_updates :: explain UPDATE sbtest%u SET k=k+1 WHERE id=%u
explain: for inserts :: explain INSERT INTO sbtest%u (id, k, c, pad) VALUES (%u, 13, 'foobar', 'foobar')
for point_selects
table 1 : explain SELECT c FROM sbtest1 WHERE id=5132950
	Index Scan using sbtest1_pkey on sbtest1  (cost=0.43..8.45 rows=1 width=121)
	  Index Cond: (id = 5132950)

table 2 : explain SELECT c FROM sbtest2 WHERE id=1089480
	Index Scan using sbtest2_pkey on sbtest2  (cost=0.43..8.45 rows=1 width=121)
	  Index Cond: (id = 1089480)

table 3 : explain SELECT c FROM sbtest3 WHERE id=5352153
	Index Scan using sbtest3_pkey on sbtest3  (cost=0.43..8.45 rows=1 width=121)
	  Index Cond: (id = 5352153)

table 4 : explain SELECT c FROM sbtest4 WHERE id=2150700
	Index Scan using sbtest4_pkey on sbtest4  (cost=0.43..8.45 rows=1 width=121)
	  Index Cond: (id = 2150700)

table 5 : explain SELECT c FROM sbtest5 WHERE id=8663354
	Index Scan using sbtest5_pkey on sbtest5  (cost=0.43..8.45 rows=1 width=121)
	  Index Cond: (id = 8663354)

table 6 : explain SELECT c FROM sbtest6 WHERE id=7915210
	Index Scan using sbtest6_pkey on sbtest6  (cost=0.43..8.45 rows=1 width=121)
	  Index Cond: (id = 7915210)

table 7 : explain SELECT c FROM sbtest7 WHERE id=2663833
	Index Scan using sbtest7_pkey on sbtest7  (cost=0.43..8.45 rows=1 width=121)
	  Index Cond: (id = 2663833)

table 8 : explain SELECT c FROM sbtest8 WHERE id=1013494
	Index Scan using sbtest8_pkey on sbtest8  (cost=0.43..8.45 rows=1 width=121)
	  Index Cond: (id = 1013494)

for: order_ranges
table 1 : explain SELECT c FROM sbtest1 WHERE id BETWEEN 7956990 AND 7956999 ORDER BY c
	Sort  (cost=40.64..40.66 rows=10 width=121)
	  Sort Key: c
	  ->  Index Scan using sbtest1_pkey on sbtest1  (cost=0.43..40.47 rows=10 width=121)
	        Index Cond: ((id >= 7956990) AND (id <= 7956999))

table 2 : explain SELECT c FROM sbtest2 WHERE id BETWEEN 8568691 AND 8568700 ORDER BY c
	Sort  (cost=40.76..40.79 rows=10 width=121)
	  Sort Key: c
	  ->  Index Scan using sbtest2_pkey on sbtest2  (cost=0.43..40.60 rows=10 width=121)
	        Index Cond: ((id >= 8568691) AND (id <= 8568700))

table 3 : explain SELECT c FROM sbtest3 WHERE id BETWEEN 9023731 AND 9023740 ORDER BY c
	Sort  (cost=37.41..37.43 rows=9 width=121)
	  Sort Key: c
	  ->  Index Scan using sbtest3_pkey on sbtest3  (cost=0.43..37.27 rows=9 width=121)
	        Index Cond: ((id >= 9023731) AND (id <= 9023740))

table 4 : explain SELECT c FROM sbtest4 WHERE id BETWEEN 5482499 AND 5482508 ORDER BY c
	Sort  (cost=37.29..37.31 rows=9 width=121)
	  Sort Key: c
	  ->  Index Scan using sbtest4_pkey on sbtest4  (cost=0.43..37.15 rows=9 width=121)
	        Index Cond: ((id >= 5482499) AND (id <= 5482508))

table 5 : explain SELECT c FROM sbtest5 WHERE id BETWEEN 1125776 AND 1125785 ORDER BY c
	Sort  (cost=40.46..40.49 rows=10 width=121)
	  Sort Key: c
	  ->  Index Scan using sbtest5_pkey on sbtest5  (cost=0.43..40.30 rows=10 width=121)
	        Index Cond: ((id >= 1125776) AND (id <= 1125785))

table 6 : explain SELECT c FROM sbtest6 WHERE id BETWEEN 1935844 AND 1935853 ORDER BY c
	Sort  (cost=44.63..44.66 rows=11 width=121)
	  Sort Key: c
	  ->  Index Scan using sbtest6_pkey on sbtest6  (cost=0.43..44.44 rows=11 width=121)
	        Index Cond: ((id >= 1935844) AND (id <= 1935853))

table 7 : explain SELECT c FROM sbtest7 WHERE id BETWEEN 295056 AND 295065 ORDER BY c
	Sort  (cost=37.02..37.04 rows=9 width=121)
	  Sort Key: c
	  ->  Index Scan using sbtest7_pkey on sbtest7  (cost=0.43..36.88 rows=9 width=121)
	        Index Cond: ((id >= 295056) AND (id <= 295065))

table 8 : explain SELECT c FROM sbtest8 WHERE id BETWEEN 6411143 AND 6411152 ORDER BY c
	Sort  (cost=36.85..36.87 rows=9 width=121)
	  Sort Key: c
	  ->  Index Scan using sbtest8_pkey on sbtest8  (cost=0.43..36.70 rows=9 width=121)
	        Index Cond: ((id >= 6411143) AND (id <= 6411152))

explain: for non_index_updates :: explain UPDATE sbtest%u SET c='foobar' WHERE id=%u
for: distinct_ranges
table 1 : explain SELECT DISTINCT c FROM sbtest1 WHERE id BETWEEN 6303543 AND 6303552 ORDER BY c
	Unique  (cost=40.64..40.69 rows=10 width=121)
	  ->  Sort  (cost=40.64..40.66 rows=10 width=121)
	        Sort Key: c
	        ->  Index Scan using sbtest1_pkey on sbtest1  (cost=0.43..40.47 rows=10 width=121)
	              Index Cond: ((id >= 6303543) AND (id <= 6303552))

table 2 : explain SELECT DISTINCT c FROM sbtest2 WHERE id BETWEEN 9612386 AND 9612395 ORDER BY c
	Unique  (cost=44.36..44.41 rows=11 width=121)
	  ->  Sort  (cost=44.36..44.39 rows=11 width=121)
	        Sort Key: c
	        ->  Index Scan using sbtest2_pkey on sbtest2  (cost=0.43..44.17 rows=11 width=121)
	              Index Cond: ((id >= 9612386) AND (id <= 9612395))

table 3 : explain SELECT DISTINCT c FROM sbtest3 WHERE id BETWEEN 2677905 AND 2677914 ORDER BY c
	Unique  (cost=41.03..41.08 rows=10 width=121)
	  ->  Sort  (cost=41.03..41.06 rows=10 width=121)
	        Sort Key: c
	        ->  Index Scan using sbtest3_pkey on sbtest3  (cost=0.43..40.87 rows=10 width=121)
	              Index Cond: ((id >= 2677905) AND (id <= 2677914))

table 4 : explain SELECT DISTINCT c FROM sbtest4 WHERE id BETWEEN 912181 AND 912190 ORDER BY c
	Unique  (cost=44.51..44.57 rows=11 width=121)
	  ->  Sort  (cost=44.51..44.54 rows=11 width=121)
	        Sort Key: c
	        ->  Index Scan using sbtest4_pkey on sbtest4  (cost=0.43..44.32 rows=11 width=121)
	              Index Cond: ((id >= 912181) AND (id <= 912190))

table 5 : explain SELECT DISTINCT c FROM sbtest5 WHERE id BETWEEN 9404804 AND 9404813 ORDER BY c
	Unique  (cost=40.46..40.51 rows=10 width=121)
	  ->  Sort  (cost=40.46..40.49 rows=10 width=121)
	        Sort Key: c
	        ->  Index Scan using sbtest5_pkey on sbtest5  (cost=0.43..40.30 rows=10 width=121)
	              Index Cond: ((id >= 9404804) AND (id <= 9404813))

table 6 : explain SELECT DISTINCT c FROM sbtest6 WHERE id BETWEEN 1415781 AND 1415790 ORDER BY c
	Unique  (cost=41.01..41.06 rows=10 width=121)
	  ->  Sort  (cost=41.01..41.04 rows=10 width=121)
	        Sort Key: c
	        ->  Index Scan using sbtest6_pkey on sbtest6  (cost=0.43..40.84 rows=10 width=121)
	              Index Cond: ((id >= 1415781) AND (id <= 1415790))

table 7 : explain SELECT DISTINCT c FROM sbtest7 WHERE id BETWEEN 1546618 AND 1546627 ORDER BY c
	Unique  (cost=40.59..40.64 rows=10 width=121)
	  ->  Sort  (cost=40.59..40.62 rows=10 width=121)
	        Sort Key: c
	        ->  Index Scan using sbtest7_pkey on sbtest7  (cost=0.43..40.43 rows=10 width=121)
	              Index Cond: ((id >= 1546618) AND (id <= 1546627))

table 8 : explain SELECT DISTINCT c FROM sbtest8 WHERE id BETWEEN 6149889 AND 6149898 ORDER BY c
	Unique  (cost=40.40..40.45 rows=10 width=121)
	  ->  Sort  (cost=40.40..40.42 rows=10 width=121)
	        Sort Key: c
	        ->  Index Scan using sbtest8_pkey on sbtest8  (cost=0.43..40.23 rows=10 width=121)
	              Index Cond: ((id >= 6149889) AND (id <= 6149898))

for: distinct_ranges
table 1 : explain SELECT DISTINCT c FROM sbtest1 WHERE id BETWEEN 3548928 AND 3548937 ORDER BY c
	Unique  (cost=44.22..44.28 rows=11 width=121)
	  ->  Sort  (cost=44.22..44.25 rows=11 width=121)
	        Sort Key: c
	        ->  Index Scan using sbtest1_pkey on sbtest1  (cost=0.43..44.03 rows=11 width=121)
	              Index Cond: ((id >= 3548928) AND (id <= 3548937))

table 2 : explain SELECT DISTINCT c FROM sbtest2 WHERE id BETWEEN 774841 AND 774850 ORDER BY c
	Unique  (cost=44.36..44.41 rows=11 width=121)
	  ->  Sort  (cost=44.36..44.39 rows=11 width=121)
	        Sort Key: c
	        ->  Index Scan using sbtest2_pkey on sbtest2  (cost=0.43..44.17 rows=11 width=121)
	              Index Cond: ((id >= 774841) AND (id <= 774850))

table 3 : explain SELECT DISTINCT c FROM sbtest3 WHERE id BETWEEN 1751949 AND 1751958 ORDER BY c
	Unique  (cost=44.66..44.71 rows=11 width=121)
	  ->  Sort  (cost=44.66..44.69 rows=11 width=121)
	        Sort Key: c
	        ->  Index Scan using sbtest3_pkey on sbtest3  (cost=0.43..44.47 rows=11 width=121)
	              Index Cond: ((id >= 1751949) AND (id <= 1751958))

table 4 : explain SELECT DISTINCT c FROM sbtest4 WHERE id BETWEEN 4328571 AND 4328580 ORDER BY c
	Unique  (cost=37.29..37.34 rows=9 width=121)
	  ->  Sort  (cost=37.29..37.31 rows=9 width=121)
	        Sort Key: c
	        ->  Index Scan using sbtest4_pkey on sbtest4  (cost=0.43..37.15 rows=9 width=121)
	              Index Cond: ((id >= 4328571) AND (id <= 4328580))

table 5 : explain SELECT DISTINCT c FROM sbtest5 WHERE id BETWEEN 2837434 AND 2837443 ORDER BY c
	Unique  (cost=40.46..40.51 rows=10 width=121)
	  ->  Sort  (cost=40.46..40.49 rows=10 width=121)
	        Sort Key: c
	        ->  Index Scan using sbtest5_pkey on sbtest5  (cost=0.43..40.30 rows=10 width=121)
	              Index Cond: ((id >= 2837434) AND (id <= 2837443))

table 6 : explain SELECT DISTINCT c FROM sbtest6 WHERE id BETWEEN 6758359 AND 6758368 ORDER BY c
	Unique  (cost=41.01..41.06 rows=10 width=121)
	  ->  Sort  (cost=41.01..41.04 rows=10 width=121)
	        Sort Key: c
	        ->  Index Scan using sbtest6_pkey on sbtest6  (cost=0.43..40.84 rows=10 width=121)
	              Index Cond: ((id >= 6758359) AND (id <= 6758368))

table 7 : explain SELECT DISTINCT c FROM sbtest7 WHERE id BETWEEN 944501 AND 944510 ORDER BY c
	Unique  (cost=40.59..40.64 rows=10 width=121)
	  ->  Sort  (cost=40.59..40.62 rows=10 width=121)
	        Sort Key: c
	        ->  Index Scan using sbtest7_pkey on sbtest7  (cost=0.43..40.43 rows=10 width=121)
	              Index Cond: ((id >= 944501) AND (id <= 944510))

table 8 : explain SELECT DISTINCT c FROM sbtest8 WHERE id BETWEEN 2815055 AND 2815064 ORDER BY c
	Unique  (cost=40.40..40.45 rows=10 width=121)
	  ->  Sort  (cost=40.40..40.42 rows=10 width=121)
	        Sort Key: c
	        ->  Index Scan using sbtest8_pkey on sbtest8  (cost=0.43..40.23 rows=10 width=121)
	              Index Cond: ((id >= 2815055) AND (id <= 2815064))

for index_updates
table 1 : explain UPDATE sbtest1 SET k=k+1 WHERE id=3106236
	Update on sbtest1  (cost=0.43..8.46 rows=0 width=0)
	  ->  Index Scan using sbtest1_pkey on sbtest1  (cost=0.43..8.46 rows=1 width=10)
	        Index Cond: (id = 3106236)

table 2 : explain UPDATE sbtest2 SET k=k+1 WHERE id=5508361
	Update on sbtest2  (cost=0.43..8.46 rows=0 width=0)
	  ->  Index Scan using sbtest2_pkey on sbtest2  (cost=0.43..8.46 rows=1 width=10)
	        Index Cond: (id = 5508361)

table 3 : explain UPDATE sbtest3 SET k=k+1 WHERE id=2609533
	Update on sbtest3  (cost=0.43..8.46 rows=0 width=0)
	  ->  Index Scan using sbtest3_pkey on sbtest3  (cost=0.43..8.46 rows=1 width=10)
	        Index Cond: (id = 2609533)

table 4 : explain UPDATE sbtest4 SET k=k+1 WHERE id=6376465
	Update on sbtest4  (cost=0.43..8.46 rows=0 width=0)
	  ->  Index Scan using sbtest4_pkey on sbtest4  (cost=0.43..8.46 rows=1 width=10)
	        Index Cond: (id = 6376465)

table 5 : explain UPDATE sbtest5 SET k=k+1 WHERE id=1644969
	Update on sbtest5  (cost=0.43..8.46 rows=0 width=0)
	  ->  Index Scan using sbtest5_pkey on sbtest5  (cost=0.43..8.46 rows=1 width=10)
	        Index Cond: (id = 1644969)

table 6 : explain UPDATE sbtest6 SET k=k+1 WHERE id=4213832
	Update on sbtest6  (cost=0.43..8.46 rows=0 width=0)
	  ->  Index Scan using sbtest6_pkey on sbtest6  (cost=0.43..8.46 rows=1 width=10)
	        Index Cond: (id = 4213832)

table 7 : explain UPDATE sbtest7 SET k=k+1 WHERE id=3197664
	Update on sbtest7  (cost=0.43..8.46 rows=0 width=0)
	  ->  Index Scan using sbtest7_pkey on sbtest7  (cost=0.43..8.46 rows=1 width=10)
	        Index Cond: (id = 3197664)

table 8 : explain UPDATE sbtest8 SET k=k+1 WHERE id=2011887
	Update on sbtest8  (cost=0.43..8.46 rows=0 width=0)
	  ->  Index Scan using sbtest8_pkey on sbtest8  (cost=0.43..8.46 rows=1 width=10)
	        Index Cond: (id = 2011887)

for index_updates
table 1 : explain UPDATE sbtest1 SET k=k+1 WHERE id=3600686
	Update on sbtest1  (cost=0.43..8.46 rows=0 width=0)
	  ->  Index Scan using sbtest1_pkey on sbtest1  (cost=0.43..8.46 rows=1 width=10)
	        Index Cond: (id = 3600686)

table 2 : explain UPDATE sbtest2 SET k=k+1 WHERE id=9841639
	Update on sbtest2  (cost=0.43..8.46 rows=0 width=0)
	  ->  Index Scan using sbtest2_pkey on sbtest2  (cost=0.43..8.46 rows=1 width=10)
	        Index Cond: (id = 9841639)

table 3 : explain UPDATE sbtest3 SET k=k+1 WHERE id=3509563
	Update on sbtest3  (cost=0.43..8.46 rows=0 width=0)
	  ->  Index Scan using sbtest3_pkey on sbtest3  (cost=0.43..8.46 rows=1 width=10)
	        Index Cond: (id = 3509563)

table 4 : explain UPDATE sbtest4 SET k=k+1 WHERE id=2453924
	Update on sbtest4  (cost=0.43..8.46 rows=0 width=0)
	  ->  Index Scan using sbtest4_pkey on sbtest4  (cost=0.43..8.46 rows=1 width=10)
	        Index Cond: (id = 2453924)

table 5 : explain UPDATE sbtest5 SET k=k+1 WHERE id=1595140
	Update on sbtest5  (cost=0.43..8.46 rows=0 width=0)
	  ->  Index Scan using sbtest5_pkey on sbtest5  (cost=0.43..8.46 rows=1 width=10)
	        Index Cond: (id = 1595140)

table 6 : explain UPDATE sbtest6 SET k=k+1 WHERE id=5958767
	Update on sbtest6  (cost=0.43..8.46 rows=0 width=0)
	  ->  Index Scan using sbtest6_pkey on sbtest6  (cost=0.43..8.46 rows=1 width=10)
	        Index Cond: (id = 5958767)

table 7 : explain UPDATE sbtest7 SET k=k+1 WHERE id=8226657
	Update on sbtest7  (cost=0.43..8.46 rows=0 width=0)
	  ->  Index Scan using sbtest7_pkey on sbtest7  (cost=0.43..8.46 rows=1 width=10)
	        Index Cond: (id = 8226657)

table 8 : explain UPDATE sbtest8 SET k=k+1 WHERE id=1073507
	Update on sbtest8  (cost=0.43..8.46 rows=0 width=0)
	  ->  Index Scan using sbtest8_pkey on sbtest8  (cost=0.43..8.46 rows=1 width=10)
	        Index Cond: (id = 1073507)

explain: for inserts :: explain INSERT INTO sbtest%u (id, k, c, pad) VALUES (%u, 13, 'foobar', 'foobar')
for: distinct_ranges
table 1 : explain SELECT DISTINCT c FROM sbtest1 WHERE id BETWEEN 2006106 AND 2006115 ORDER BY c
	Unique  (cost=40.64..40.69 rows=10 width=121)
	  ->  Sort  (cost=40.64..40.66 rows=10 width=121)
	        Sort Key: c
	        ->  Index Scan using sbtest1_pkey on sbtest1  (cost=0.43..40.47 rows=10 width=121)
	              Index Cond: ((id >= 2006106) AND (id <= 2006115))

table 2 : explain SELECT DISTINCT c FROM sbtest2 WHERE id BETWEEN 2474239 AND 2474248 ORDER BY c
	Unique  (cost=40.76..40.81 rows=10 width=121)
	  ->  Sort  (cost=40.76..40.79 rows=10 width=121)
	        Sort Key: c
	        ->  Index Scan using sbtest2_pkey on sbtest2  (cost=0.43..40.60 rows=10 width=121)
	              Index Cond: ((id >= 2474239) AND (id <= 2474248))

table 3 : explain SELECT DISTINCT c FROM sbtest3 WHERE id BETWEEN 3421646 AND 3421655 ORDER BY c
	Unique  (cost=44.66..44.71 rows=11 width=121)
	  ->  Sort  (cost=44.66..44.69 rows=11 width=121)
	        Sort Key: c
	        ->  Index Scan using sbtest3_pkey on sbtest3  (cost=0.43..44.47 rows=11 width=121)
	              Index Cond: ((id >= 3421646) AND (id <= 3421655))

table 4 : explain SELECT DISTINCT c FROM sbtest4 WHERE id BETWEEN 1548412 AND 1548421 ORDER BY c
	Unique  (cost=40.90..40.95 rows=10 width=121)
	  ->  Sort  (cost=40.90..40.93 rows=10 width=121)
	        Sort Key: c
	        ->  Index Scan using sbtest4_pkey on sbtest4  (cost=0.43..40.73 rows=10 width=121)
	              Index Cond: ((id >= 1548412) AND (id <= 1548421))

table 5 : explain SELECT DISTINCT c FROM sbtest5 WHERE id BETWEEN 3296005 AND 3296014 ORDER BY c
	Unique  (cost=36.90..36.95 rows=9 width=121)
	  ->  Sort  (cost=36.90..36.93 rows=9 width=121)
	        Sort Key: c
	        ->  Index Scan using sbtest5_pkey on sbtest5  (cost=0.43..36.76 rows=9 width=121)
	              Index Cond: ((id >= 3296005) AND (id <= 3296014))

table 6 : explain SELECT DISTINCT c FROM sbtest6 WHERE id BETWEEN 422761 AND 422770 ORDER BY c
	Unique  (cost=41.01..41.06 rows=10 width=121)
	  ->  Sort  (cost=41.01..41.04 rows=10 width=121)
	        Sort Key: c
	        ->  Index Scan using sbtest6_pkey on sbtest6  (cost=0.43..40.84 rows=10 width=121)
	              Index Cond: ((id >= 422761) AND (id <= 422770))

table 7 : explain SELECT DISTINCT c FROM sbtest7 WHERE id BETWEEN 431139 AND 431148 ORDER BY c
	Unique  (cost=44.17..44.23 rows=11 width=121)
	  ->  Sort  (cost=44.17..44.20 rows=11 width=121)
	        Sort Key: c
	        ->  Index Scan using sbtest7_pkey on sbtest7  (cost=0.43..43.98 rows=11 width=121)
	              Index Cond: ((id >= 431139) AND (id <= 431148))

table 8 : explain SELECT DISTINCT c FROM sbtest8 WHERE id BETWEEN 2675150 AND 2675159 ORDER BY c
	Unique  (cost=40.40..40.45 rows=10 width=121)
	  ->  Sort  (cost=40.40..40.42 rows=10 width=121)
	        Sort Key: c
	        ->  Index Scan using sbtest8_pkey on sbtest8  (cost=0.43..40.23 rows=10 width=121)
	              Index Cond: ((id >= 2675150) AND (id <= 2675159))

for: distinct_ranges
table 1 : explain SELECT DISTINCT c FROM sbtest1 WHERE id BETWEEN 3085935 AND 3085944 ORDER BY c
	Unique  (cost=40.64..40.69 rows=10 width=121)
	  ->  Sort  (cost=40.64..40.66 rows=10 width=121)
	        Sort Key: c
	        ->  Index Scan using sbtest1_pkey on sbtest1  (cost=0.43..40.47 rows=10 width=121)
	              Index Cond: ((id >= 3085935) AND (id <= 3085944))

table 2 : explain SELECT DISTINCT c FROM sbtest2 WHERE id BETWEEN 1226152 AND 1226161 ORDER BY c
	Unique  (cost=40.76..40.81 rows=10 width=121)
	  ->  Sort  (cost=40.76..40.79 rows=10 width=121)
	        Sort Key: c
	        ->  Index Scan using sbtest2_pkey on sbtest2  (cost=0.43..40.60 rows=10 width=121)
	              Index Cond: ((id >= 1226152) AND (id <= 1226161))

table 3 : explain SELECT DISTINCT c FROM sbtest3 WHERE id BETWEEN 8900689 AND 8900698 ORDER BY c
	Unique  (cost=41.03..41.08 rows=10 width=121)
	  ->  Sort  (cost=41.03..41.06 rows=10 width=121)
	        Sort Key: c
	        ->  Index Scan using sbtest3_pkey on sbtest3  (cost=0.43..40.87 rows=10 width=121)
	              Index Cond: ((id >= 8900689) AND (id <= 8900698))

table 4 : explain SELECT DISTINCT c FROM sbtest4 WHERE id BETWEEN 8875096 AND 8875105 ORDER BY c
	Unique  (cost=40.90..40.95 rows=10 width=121)
	  ->  Sort  (cost=40.90..40.93 rows=10 width=121)
	        Sort Key: c
	        ->  Index Scan using sbtest4_pkey on sbtest4  (cost=0.43..40.73 rows=10 width=121)
	              Index Cond: ((id >= 8875096) AND (id <= 8875105))

table 5 : explain SELECT DISTINCT c FROM sbtest5 WHERE id BETWEEN 1130158 AND 1130167 ORDER BY c
	Unique  (cost=40.46..40.51 rows=10 width=121)
	  ->  Sort  (cost=40.46..40.49 rows=10 width=121)
	        Sort Key: c
	        ->  Index Scan using sbtest5_pkey on sbtest5  (cost=0.43..40.30 rows=10 width=121)
	              Index Cond: ((id >= 1130158) AND (id <= 1130167))

table 6 : explain SELECT DISTINCT c FROM sbtest6 WHERE id BETWEEN 2875717 AND 2875726 ORDER BY c
	Unique  (cost=37.39..37.43 rows=9 width=121)
	  ->  Sort  (cost=37.39..37.41 rows=9 width=121)
	        Sort Key: c
	        ->  Index Scan using sbtest6_pkey on sbtest6  (cost=0.43..37.25 rows=9 width=121)
	              Index Cond: ((id >= 2875717) AND (id <= 2875726))

table 7 : explain SELECT DISTINCT c FROM sbtest7 WHERE id BETWEEN 9468412 AND 9468421 ORDER BY c
	Unique  (cost=40.59..40.64 rows=10 width=121)
	  ->  Sort  (cost=40.59..40.62 rows=10 width=121)
	        Sort Key: c
	        ->  Index Scan using sbtest7_pkey on sbtest7  (cost=0.43..40.43 rows=10 width=121)
	              Index Cond: ((id >= 9468412) AND (id <= 9468421))

table 8 : explain SELECT DISTINCT c FROM sbtest8 WHERE id BETWEEN 4793514 AND 4793523 ORDER BY c
	Unique  (cost=40.40..40.45 rows=10 width=121)
	  ->  Sort  (cost=40.40..40.42 rows=10 width=121)
	        Sort Key: c
	        ->  Index Scan using sbtest8_pkey on sbtest8  (cost=0.43..40.23 rows=10 width=121)
	              Index Cond: ((id >= 4793514) AND (id <= 4793523))

for index_updates
table 1 : explain UPDATE sbtest1 SET k=k+1 WHERE id=582270
	Update on sbtest1  (cost=0.43..8.46 rows=0 width=0)
	  ->  Index Scan using sbtest1_pkey on sbtest1  (cost=0.43..8.46 rows=1 width=10)
	        Index Cond: (id = 582270)

table 2 : explain UPDATE sbtest2 SET k=k+1 WHERE id=2466857
	Update on sbtest2  (cost=0.43..8.46 rows=0 width=0)
	  ->  Index Scan using sbtest2_pkey on sbtest2  (cost=0.43..8.46 rows=1 width=10)
	        Index Cond: (id = 2466857)

table 3 : explain UPDATE sbtest3 SET k=k+1 WHERE id=5469752
	Update on sbtest3  (cost=0.43..8.46 rows=0 width=0)
	  ->  Index Scan using sbtest3_pkey on sbtest3  (cost=0.43..8.46 rows=1 width=10)
	        Index Cond: (id = 5469752)

table 4 : explain UPDATE sbtest4 SET k=k+1 WHERE id=5228301
	Update on sbtest4  (cost=0.43..8.46 rows=0 width=0)
	  ->  Index Scan using sbtest4_pkey on sbtest4  (cost=0.43..8.46 rows=1 width=10)
	        Index Cond: (id = 5228301)

table 5 : explain UPDATE sbtest5 SET k=k+1 WHERE id=5601301
	Update on sbtest5  (cost=0.43..8.46 rows=0 width=0)
	  ->  Index Scan using sbtest5_pkey on sbtest5  (cost=0.43..8.46 rows=1 width=10)
	        Index Cond: (id = 5601301)

table 6 : explain UPDATE sbtest6 SET k=k+1 WHERE id=615966
	Update on sbtest6  (cost=0.43..8.46 rows=0 width=0)
	  ->  Index Scan using sbtest6_pkey on sbtest6  (cost=0.43..8.46 rows=1 width=10)
	        Index Cond: (id = 615966)

table 7 : explain UPDATE sbtest7 SET k=k+1 WHERE id=6427278
	Update on sbtest7  (cost=0.43..8.46 rows=0 width=0)
	  ->  Index Scan using sbtest7_pkey on sbtest7  (cost=0.43..8.46 rows=1 width=10)
	        Index Cond: (id = 6427278)

table 8 : explain UPDATE sbtest8 SET k=k+1 WHERE id=1660515
	Update on sbtest8  (cost=0.43..8.46 rows=0 width=0)
	  ->  Index Scan using sbtest8_pkey on sbtest8  (cost=0.43..8.46 rows=1 width=10)
	        Index Cond: (id = 1660515)

explain: for index_updates :: explain UPDATE sbtest%u SET k=k+1 WHERE id=%u
explain: for index_updates :: explain UPDATE sbtest%u SET k=k+1 WHERE id=%u
explain: for index_updates :: explain UPDATE sbtest%u SET k=k+1 WHERE id=%u
explain: for non_index_updates :: explain UPDATE sbtest%u SET c='foobar' WHERE id=%u
explain: for non_index_updates :: explain UPDATE sbtest%u SET c='foobar' WHERE id=%u
explain: for index_updates :: explain UPDATE sbtest%u SET k=k+1 WHERE id=%u
for non_index_updates
table 1 : explain UPDATE sbtest1 SET c='foobar' WHERE id=9744131
	Update on sbtest1  (cost=0.43..8.45 rows=0 width=0)
	  ->  Index Scan using sbtest1_pkey on sbtest1  (cost=0.43..8.45 rows=1 width=490)
	        Index Cond: (id = 9744131)

table 2 : explain UPDATE sbtest2 SET c='foobar' WHERE id=3946192
	Update on sbtest2  (cost=0.43..8.45 rows=0 width=0)
	  ->  Index Scan using sbtest2_pkey on sbtest2  (cost=0.43..8.45 rows=1 width=490)
	        Index Cond: (id = 3946192)

table 3 : explain UPDATE sbtest3 SET c='foobar' WHERE id=2050258
	Update on sbtest3  (cost=0.43..8.45 rows=0 width=0)
	  ->  Index Scan using sbtest3_pkey on sbtest3  (cost=0.43..8.45 rows=1 width=490)
	        Index Cond: (id = 2050258)

table 4 : explain UPDATE sbtest4 SET c='foobar' WHERE id=9834706
	Update on sbtest4  (cost=0.43..8.45 rows=0 width=0)
	  ->  Index Scan using sbtest4_pkey on sbtest4  (cost=0.43..8.45 rows=1 width=490)
	        Index Cond: (id = 9834706)

table 5 : explain UPDATE sbtest5 SET c='foobar' WHERE id=5942061
	Update on sbtest5  (cost=0.43..8.45 rows=0 width=0)
	  ->  Index Scan using sbtest5_pkey on sbtest5  (cost=0.43..8.45 rows=1 width=490)
	        Index Cond: (id = 5942061)

table 6 : explain UPDATE sbtest6 SET c='foobar' WHERE id=2185151
	Update on sbtest6  (cost=0.43..8.45 rows=0 width=0)
	  ->  Index Scan using sbtest6_pkey on sbtest6  (cost=0.43..8.45 rows=1 width=490)
	        Index Cond: (id = 2185151)

table 7 : explain UPDATE sbtest7 SET c='foobar' WHERE id=2788740
	Update on sbtest7  (cost=0.43..8.45 rows=0 width=0)
	  ->  Index Scan using sbtest7_pkey on sbtest7  (cost=0.43..8.45 rows=1 width=490)
	        Index Cond: (id = 2788740)

table 8 : explain UPDATE sbtest8 SET c='foobar' WHERE id=5003494
	Update on sbtest8  (cost=0.43..8.45 rows=0 width=0)
	  ->  Index Scan using sbtest8_pkey on sbtest8  (cost=0.43..8.45 rows=1 width=490)
	        Index Cond: (id = 5003494)

explain: for non_index_updates :: explain UPDATE sbtest%u SET c='foobar' WHERE id=%u
for inserts
table 1 : explain INSERT INTO sbtest1 (id, k, c, pad) VALUES (706622, 13, 'foobar', 'foobar')
	Insert on sbtest1  (cost=0.00..0.01 rows=0 width=0)
	  ->  Result  (cost=0.00..0.01 rows=1 width=736)

table 2 : explain INSERT INTO sbtest2 (id, k, c, pad) VALUES (9563414, 13, 'foobar', 'foobar')
	Insert on sbtest2  (cost=0.00..0.01 rows=0 width=0)
	  ->  Result  (cost=0.00..0.01 rows=1 width=736)

table 3 : explain INSERT INTO sbtest3 (id, k, c, pad) VALUES (9144587, 13, 'foobar', 'foobar')
	Insert on sbtest3  (cost=0.00..0.01 rows=0 width=0)
	  ->  Result  (cost=0.00..0.01 rows=1 width=736)

table 4 : explain INSERT INTO sbtest4 (id, k, c, pad) VALUES (7072578, 13, 'foobar', 'foobar')
	Insert on sbtest4  (cost=0.00..0.01 rows=0 width=0)
	  ->  Result  (cost=0.00..0.01 rows=1 width=736)

table 5 : explain INSERT INTO sbtest5 (id, k, c, pad) VALUES (845093, 13, 'foobar', 'foobar')
	Insert on sbtest5  (cost=0.00..0.01 rows=0 width=0)
	  ->  Result  (cost=0.00..0.01 rows=1 width=736)

table 6 : explain INSERT INTO sbtest6 (id, k, c, pad) VALUES (4493804, 13, 'foobar', 'foobar')
	Insert on sbtest6  (cost=0.00..0.01 rows=0 width=0)
	  ->  Result  (cost=0.00..0.01 rows=1 width=736)

table 7 : explain INSERT INTO sbtest7 (id, k, c, pad) VALUES (5509885, 13, 'foobar', 'foobar')
	Insert on sbtest7  (cost=0.00..0.01 rows=0 width=0)
	  ->  Result  (cost=0.00..0.01 rows=1 width=736)

table 8 : explain INSERT INTO sbtest8 (id, k, c, pad) VALUES (6605082, 13, 'foobar', 'foobar')
	Insert on sbtest8  (cost=0.00..0.01 rows=0 width=0)
	  ->  Result  (cost=0.00..0.01 rows=1 width=736)

explain: for deletes :: explain DELETE FROM sbtest%u WHERE id=%u
for: distinct_ranges
table 1 : explain SELECT DISTINCT c FROM sbtest1 WHERE id BETWEEN 8065739 AND 8065748 ORDER BY c
	Unique  (cost=44.22..44.28 rows=11 width=121)
	  ->  Sort  (cost=44.22..44.25 rows=11 width=121)
	        Sort Key: c
	        ->  Index Scan using sbtest1_pkey on sbtest1  (cost=0.43..44.03 rows=11 width=121)
	              Index Cond: ((id >= 8065739) AND (id <= 8065748))

table 2 : explain SELECT DISTINCT c FROM sbtest2 WHERE id BETWEEN 7685280 AND 7685289 ORDER BY c
	Unique  (cost=40.76..40.81 rows=10 width=121)
	  ->  Sort  (cost=40.76..40.79 rows=10 width=121)
	        Sort Key: c
	        ->  Index Scan using sbtest2_pkey on sbtest2  (cost=0.43..40.60 rows=10 width=121)
	              Index Cond: ((id >= 7685280) AND (id <= 7685289))

table 3 : explain SELECT DISTINCT c FROM sbtest3 WHERE id BETWEEN 7754553 AND 7754562 ORDER BY c
	Unique  (cost=44.66..44.71 rows=11 width=121)
	  ->  Sort  (cost=44.66..44.69 rows=11 width=121)
	        Sort Key: c
	        ->  Index Scan using sbtest3_pkey on sbtest3  (cost=0.43..44.47 rows=11 width=121)
	              Index Cond: ((id >= 7754553) AND (id <= 7754562))

table 4 : explain SELECT DISTINCT c FROM sbtest4 WHERE id BETWEEN 707661 AND 707670 ORDER BY c
	Unique  (cost=44.51..44.57 rows=11 width=121)
	  ->  Sort  (cost=44.51..44.54 rows=11 width=121)
	        Sort Key: c
	        ->  Index Scan using sbtest4_pkey on sbtest4  (cost=0.43..44.32 rows=11 width=121)
	              Index Cond: ((id >= 707661) AND (id <= 707670))

table 5 : explain SELECT DISTINCT c FROM sbtest5 WHERE id BETWEEN 1756633 AND 1756642 ORDER BY c
	Unique  (cost=40.46..40.51 rows=10 width=121)
	  ->  Sort  (cost=40.46..40.49 rows=10 width=121)
	        Sort Key: c
	        ->  Index Scan using sbtest5_pkey on sbtest5  (cost=0.43..40.30 rows=10 width=121)
	              Index Cond: ((id >= 1756633) AND (id <= 1756642))

table 6 : explain SELECT DISTINCT c FROM sbtest6 WHERE id BETWEEN 2700609 AND 2700618 ORDER BY c
	Unique  (cost=41.01..41.06 rows=10 width=121)
	  ->  Sort  (cost=41.01..41.04 rows=10 width=121)
	        Sort Key: c
	        ->  Index Scan using sbtest6_pkey on sbtest6  (cost=0.43..40.84 rows=10 width=121)
	              Index Cond: ((id >= 2700609) AND (id <= 2700618))

table 7 : explain SELECT DISTINCT c FROM sbtest7 WHERE id BETWEEN 2955361 AND 2955370 ORDER BY c
	Unique  (cost=40.59..40.64 rows=10 width=121)
	  ->  Sort  (cost=40.59..40.62 rows=10 width=121)
	        Sort Key: c
	        ->  Index Scan using sbtest7_pkey on sbtest7  (cost=0.43..40.43 rows=10 width=121)
	              Index Cond: ((id >= 2955361) AND (id <= 2955370))

table 8 : explain SELECT DISTINCT c FROM sbtest8 WHERE id BETWEEN 6800940 AND 6800949 ORDER BY c
	Unique  (cost=40.40..40.45 rows=10 width=121)
	  ->  Sort  (cost=40.40..40.42 rows=10 width=121)
	        Sort Key: c
	        ->  Index Scan using sbtest8_pkey on sbtest8  (cost=0.43..40.23 rows=10 width=121)
	              Index Cond: ((id >= 6800940) AND (id <= 6800949))

for: simple_ranges
table 1 : explain SELECT c FROM sbtest1 WHERE id BETWEEN 9620636 AND 9620645
	Index Scan using sbtest1_pkey on sbtest1  (cost=0.43..36.92 rows=9 width=121)
	  Index Cond: ((id >= 9620636) AND (id <= 9620645))

table 2 : explain SELECT c FROM sbtest2 WHERE id BETWEEN 4347182 AND 4347191
	Index Scan using sbtest2_pkey on sbtest2  (cost=0.43..40.60 rows=10 width=121)
	  Index Cond: ((id >= 4347182) AND (id <= 4347191))

table 3 : explain SELECT c FROM sbtest3 WHERE id BETWEEN 1471902 AND 1471911
	Index Scan using sbtest3_pkey on sbtest3  (cost=0.43..40.87 rows=10 width=121)
	  Index Cond: ((id >= 1471902) AND (id <= 1471911))

table 4 : explain SELECT c FROM sbtest4 WHERE id BETWEEN 368380 AND 368389
	Index Scan using sbtest4_pkey on sbtest4  (cost=0.43..40.73 rows=10 width=121)
	  Index Cond: ((id >= 368380) AND (id <= 368389))

table 5 : explain SELECT c FROM sbtest5 WHERE id BETWEEN 9909532 AND 9909541
	Index Scan using sbtest5_pkey on sbtest5  (cost=0.43..40.30 rows=10 width=121)
	  Index Cond: ((id >= 9909532) AND (id <= 9909541))

table 6 : explain SELECT c FROM sbtest6 WHERE id BETWEEN 1079043 AND 1079052
	Index Scan using sbtest6_pkey on sbtest6  (cost=0.43..40.84 rows=10 width=121)
	  Index Cond: ((id >= 1079043) AND (id <= 1079052))

table 7 : explain SELECT c FROM sbtest7 WHERE id BETWEEN 2422985 AND 2422994
	Index Scan using sbtest7_pkey on sbtest7  (cost=0.43..43.98 rows=11 width=121)
	  Index Cond: ((id >= 2422985) AND (id <= 2422994))

table 8 : explain SELECT c FROM sbtest8 WHERE id BETWEEN 3068564 AND 3068573
	Index Scan using sbtest8_pkey on sbtest8  (cost=0.43..40.23 rows=10 width=121)
	  Index Cond: ((id >= 3068564) AND (id <= 3068573))

for index_updates
table 1 : explain UPDATE sbtest1 SET k=k+1 WHERE id=2598084
	Update on sbtest1  (cost=0.43..8.46 rows=0 width=0)
	  ->  Index Scan using sbtest1_pkey on sbtest1  (cost=0.43..8.46 rows=1 width=10)
	        Index Cond: (id = 2598084)

table 2 : explain UPDATE sbtest2 SET k=k+1 WHERE id=9965165
	Update on sbtest2  (cost=0.43..8.46 rows=0 width=0)
	  ->  Index Scan using sbtest2_pkey on sbtest2  (cost=0.43..8.46 rows=1 width=10)
	        Index Cond: (id = 9965165)

table 3 : explain UPDATE sbtest3 SET k=k+1 WHERE id=9174756
	Update on sbtest3  (cost=0.43..8.46 rows=0 width=0)
	  ->  Index Scan using sbtest3_pkey on sbtest3  (cost=0.43..8.46 rows=1 width=10)
	        Index Cond: (id = 9174756)

table 4 : explain UPDATE sbtest4 SET k=k+1 WHERE id=3357043
	Update on sbtest4  (cost=0.43..8.46 rows=0 width=0)
	  ->  Index Scan using sbtest4_pkey on sbtest4  (cost=0.43..8.46 rows=1 width=10)
	        Index Cond: (id = 3357043)

table 5 : explain UPDATE sbtest5 SET k=k+1 WHERE id=3542714
	Update on sbtest5  (cost=0.43..8.46 rows=0 width=0)
	  ->  Index Scan using sbtest5_pkey on sbtest5  (cost=0.43..8.46 rows=1 width=10)
	        Index Cond: (id = 3542714)

table 6 : explain UPDATE sbtest6 SET k=k+1 WHERE id=3720222
	Update on sbtest6  (cost=0.43..8.46 rows=0 width=0)
	  ->  Index Scan using sbtest6_pkey on sbtest6  (cost=0.43..8.46 rows=1 width=10)
	        Index Cond: (id = 3720222)

table 7 : explain UPDATE sbtest7 SET k=k+1 WHERE id=2107375
	Update on sbtest7  (cost=0.43..8.46 rows=0 width=0)
	  ->  Index Scan using sbtest7_pkey on sbtest7  (cost=0.43..8.46 rows=1 width=10)
	        Index Cond: (id = 2107375)

table 8 : explain UPDATE sbtest8 SET k=k+1 WHERE id=6082214
	Update on sbtest8  (cost=0.43..8.46 rows=0 width=0)
	  ->  Index Scan using sbtest8_pkey on sbtest8  (cost=0.43..8.46 rows=1 width=10)
	        Index Cond: (id = 6082214)

for index_updates
table 1 : explain UPDATE sbtest1 SET k=k+1 WHERE id=8672380
	Update on sbtest1  (cost=0.43..8.46 rows=0 width=0)
	  ->  Index Scan using sbtest1_pkey on sbtest1  (cost=0.43..8.46 rows=1 width=10)
	        Index Cond: (id = 8672380)

table 2 : explain UPDATE sbtest2 SET k=k+1 WHERE id=3215743
	Update on sbtest2  (cost=0.43..8.46 rows=0 width=0)
	  ->  Index Scan using sbtest2_pkey on sbtest2  (cost=0.43..8.46 rows=1 width=10)
	        Index Cond: (id = 3215743)

table 3 : explain UPDATE sbtest3 SET k=k+1 WHERE id=8386556
	Update on sbtest3  (cost=0.43..8.46 rows=0 width=0)
	  ->  Index Scan using sbtest3_pkey on sbtest3  (cost=0.43..8.46 rows=1 width=10)
	        Index Cond: (id = 8386556)

table 4 : explain UPDATE sbtest4 SET k=k+1 WHERE id=6238579
	Update on sbtest4  (cost=0.43..8.46 rows=0 width=0)
	  ->  Index Scan using sbtest4_pkey on sbtest4  (cost=0.43..8.46 rows=1 width=10)
	        Index Cond: (id = 6238579)

table 5 : explain UPDATE sbtest5 SET k=k+1 WHERE id=2018220
	Update on sbtest5  (cost=0.43..8.46 rows=0 width=0)
	  ->  Index Scan using sbtest5_pkey on sbtest5  (cost=0.43..8.46 rows=1 width=10)
	        Index Cond: (id = 2018220)

table 6 : explain UPDATE sbtest6 SET k=k+1 WHERE id=3571843
	Update on sbtest6  (cost=0.43..8.46 rows=0 width=0)
	  ->  Index Scan using sbtest6_pkey on sbtest6  (cost=0.43..8.46 rows=1 width=10)
	        Index Cond: (id = 3571843)

table 7 : explain UPDATE sbtest7 SET k=k+1 WHERE id=8341491
	Update on sbtest7  (cost=0.43..8.46 rows=0 width=0)
	  ->  Index Scan using sbtest7_pkey on sbtest7  (cost=0.43..8.46 rows=1 width=10)
	        Index Cond: (id = 8341491)

table 8 : explain UPDATE sbtest8 SET k=k+1 WHERE id=8951110
	Update on sbtest8  (cost=0.43..8.46 rows=0 width=0)
	  ->  Index Scan using sbtest8_pkey on sbtest8  (cost=0.43..8.46 rows=1 width=10)
	        Index Cond: (id = 8951110)

for non_index_updates
table 1 : explain UPDATE sbtest1 SET c='foobar' WHERE id=6692922
	Update on sbtest1  (cost=0.43..8.45 rows=0 width=0)
	  ->  Index Scan using sbtest1_pkey on sbtest1  (cost=0.43..8.45 rows=1 width=490)
	        Index Cond: (id = 6692922)

table 2 : explain UPDATE sbtest2 SET c='foobar' WHERE id=5379841
	Update on sbtest2  (cost=0.43..8.45 rows=0 width=0)
	  ->  Index Scan using sbtest2_pkey on sbtest2  (cost=0.43..8.45 rows=1 width=490)
	        Index Cond: (id = 5379841)

table 3 : explain UPDATE sbtest3 SET c='foobar' WHERE id=226776
	Update on sbtest3  (cost=0.43..8.45 rows=0 width=0)
	  ->  Index Scan using sbtest3_pkey on sbtest3  (cost=0.43..8.45 rows=1 width=490)
	        Index Cond: (id = 226776)

table 4 : explain UPDATE sbtest4 SET c='foobar' WHERE id=3914295
	Update on sbtest4  (cost=0.43..8.45 rows=0 width=0)
	  ->  Index Scan using sbtest4_pkey on sbtest4  (cost=0.43..8.45 rows=1 width=490)
	        Index Cond: (id = 3914295)

table 5 : explain UPDATE sbtest5 SET c='foobar' WHERE id=6786816
	Update on sbtest5  (cost=0.43..8.45 rows=0 width=0)
	  ->  Index Scan using sbtest5_pkey on sbtest5  (cost=0.43..8.45 rows=1 width=490)
	        Index Cond: (id = 6786816)

table 6 : explain UPDATE sbtest6 SET c='foobar' WHERE id=5892576
	Update on sbtest6  (cost=0.43..8.45 rows=0 width=0)
	  ->  Index Scan using sbtest6_pkey on sbtest6  (cost=0.43..8.45 rows=1 width=490)
	        Index Cond: (id = 5892576)

table 7 : explain UPDATE sbtest7 SET c='foobar' WHERE id=8093249
	Update on sbtest7  (cost=0.43..8.45 rows=0 width=0)
	  ->  Index Scan using sbtest7_pkey on sbtest7  (cost=0.43..8.45 rows=1 width=490)
	        Index Cond: (id = 8093249)

table 8 : explain UPDATE sbtest8 SET c='foobar' WHERE id=9574007
	Update on sbtest8  (cost=0.43..8.45 rows=0 width=0)
	  ->  Index Scan using sbtest8_pkey on sbtest8  (cost=0.43..8.45 rows=1 width=490)
	        Index Cond: (id = 9574007)

for index_updates
table 1 : explain UPDATE sbtest1 SET k=k+1 WHERE id=8787427
	Update on sbtest1  (cost=0.43..8.46 rows=0 width=0)
	  ->  Index Scan using sbtest1_pkey on sbtest1  (cost=0.43..8.46 rows=1 width=10)
	        Index Cond: (id = 8787427)

table 2 : explain UPDATE sbtest2 SET k=k+1 WHERE id=76819
	Update on sbtest2  (cost=0.43..8.46 rows=0 width=0)
	  ->  Index Scan using sbtest2_pkey on sbtest2  (cost=0.43..8.46 rows=1 width=10)
	        Index Cond: (id = 76819)

table 3 : explain UPDATE sbtest3 SET k=k+1 WHERE id=893920
	Update on sbtest3  (cost=0.43..8.46 rows=0 width=0)
	  ->  Index Scan using sbtest3_pkey on sbtest3  (cost=0.43..8.46 rows=1 width=10)
	        Index Cond: (id = 893920)

table 4 : explain UPDATE sbtest4 SET k=k+1 WHERE id=2068457
	Update on sbtest4  (cost=0.43..8.46 rows=0 width=0)
	  ->  Index Scan using sbtest4_pkey on sbtest4  (cost=0.43..8.46 rows=1 width=10)
	        Index Cond: (id = 2068457)

table 5 : explain UPDATE sbtest5 SET k=k+1 WHERE id=4997807
	Update on sbtest5  (cost=0.43..8.46 rows=0 width=0)
	  ->  Index Scan using sbtest5_pkey on sbtest5  (cost=0.43..8.46 rows=1 width=10)
	        Index Cond: (id = 4997807)

table 6 : explain UPDATE sbtest6 SET k=k+1 WHERE id=9904370
	Update on sbtest6  (cost=0.43..8.46 rows=0 width=0)
	  ->  Index Scan using sbtest6_pkey on sbtest6  (cost=0.43..8.46 rows=1 width=10)
	        Index Cond: (id = 9904370)

table 7 : explain UPDATE sbtest7 SET k=k+1 WHERE id=9088973
	Update on sbtest7  (cost=0.43..8.46 rows=0 width=0)
	  ->  Index Scan using sbtest7_pkey on sbtest7  (cost=0.43..8.46 rows=1 width=10)
	        Index Cond: (id = 9088973)

table 8 : explain UPDATE sbtest8 SET k=k+1 WHERE id=4250272
	Update on sbtest8  (cost=0.43..8.46 rows=0 width=0)
	  ->  Index Scan using sbtest8_pkey on sbtest8  (cost=0.43..8.46 rows=1 width=10)
	        Index Cond: (id = 4250272)

for inserts
table 1 : explain INSERT INTO sbtest1 (id, k, c, pad) VALUES (7095844, 13, 'foobar', 'foobar')
	Insert on sbtest1  (cost=0.00..0.01 rows=0 width=0)
	  ->  Result  (cost=0.00..0.01 rows=1 width=736)

table 2 : explain INSERT INTO sbtest2 (id, k, c, pad) VALUES (9356856, 13, 'foobar', 'foobar')
	Insert on sbtest2  (cost=0.00..0.01 rows=0 width=0)
	  ->  Result  (cost=0.00..0.01 rows=1 width=736)

table 3 : explain INSERT INTO sbtest3 (id, k, c, pad) VALUES (4379999, 13, 'foobar', 'foobar')
	Insert on sbtest3  (cost=0.00..0.01 rows=0 width=0)
	  ->  Result  (cost=0.00..0.01 rows=1 width=736)

table 4 : explain INSERT INTO sbtest4 (id, k, c, pad) VALUES (9635044, 13, 'foobar', 'foobar')
	Insert on sbtest4  (cost=0.00..0.01 rows=0 width=0)
	  ->  Result  (cost=0.00..0.01 rows=1 width=736)

table 5 : explain INSERT INTO sbtest5 (id, k, c, pad) VALUES (2981183, 13, 'foobar', 'foobar')
	Insert on sbtest5  (cost=0.00..0.01 rows=0 width=0)
	  ->  Result  (cost=0.00..0.01 rows=1 width=736)

table 6 : explain INSERT INTO sbtest6 (id, k, c, pad) VALUES (4269351, 13, 'foobar', 'foobar')
	Insert on sbtest6  (cost=0.00..0.01 rows=0 width=0)
	  ->  Result  (cost=0.00..0.01 rows=1 width=736)

table 7 : explain INSERT INTO sbtest7 (id, k, c, pad) VALUES (4925933, 13, 'foobar', 'foobar')
	Insert on sbtest7  (cost=0.00..0.01 rows=0 width=0)
	  ->  Result  (cost=0.00..0.01 rows=1 width=736)

table 8 : explain INSERT INTO sbtest8 (id, k, c, pad) VALUES (1976932, 13, 'foobar', 'foobar')
	Insert on sbtest8  (cost=0.00..0.01 rows=0 width=0)
	  ->  Result  (cost=0.00..0.01 rows=1 width=736)

for non_index_updates
table 1 : explain UPDATE sbtest1 SET c='foobar' WHERE id=7022591
	Update on sbtest1  (cost=0.43..8.45 rows=0 width=0)
	  ->  Index Scan using sbtest1_pkey on sbtest1  (cost=0.43..8.45 rows=1 width=490)
	        Index Cond: (id = 7022591)

table 2 : explain UPDATE sbtest2 SET c='foobar' WHERE id=1479991
	Update on sbtest2  (cost=0.43..8.45 rows=0 width=0)
	  ->  Index Scan using sbtest2_pkey on sbtest2  (cost=0.43..8.45 rows=1 width=490)
	        Index Cond: (id = 1479991)

table 3 : explain UPDATE sbtest3 SET c='foobar' WHERE id=8050424
	Update on sbtest3  (cost=0.43..8.45 rows=0 width=0)
	  ->  Index Scan using sbtest3_pkey on sbtest3  (cost=0.43..8.45 rows=1 width=490)
	        Index Cond: (id = 8050424)

table 4 : explain UPDATE sbtest4 SET c='foobar' WHERE id=8594691
	Update on sbtest4  (cost=0.43..8.45 rows=0 width=0)
	  ->  Index Scan using sbtest4_pkey on sbtest4  (cost=0.43..8.45 rows=1 width=490)
	        Index Cond: (id = 8594691)

table 5 : explain UPDATE sbtest5 SET c='foobar' WHERE id=138225
	Update on sbtest5  (cost=0.43..8.45 rows=0 width=0)
	  ->  Index Scan using sbtest5_pkey on sbtest5  (cost=0.43..8.45 rows=1 width=490)
	        Index Cond: (id = 138225)

table 6 : explain UPDATE sbtest6 SET c='foobar' WHERE id=9765980
	Update on sbtest6  (cost=0.43..8.45 rows=0 width=0)
	  ->  Index Scan using sbtest6_pkey on sbtest6  (cost=0.43..8.45 rows=1 width=490)
	        Index Cond: (id = 9765980)

table 7 : explain UPDATE sbtest7 SET c='foobar' WHERE id=1667696
	Update on sbtest7  (cost=0.43..8.45 rows=0 width=0)
	  ->  Index Scan using sbtest7_pkey on sbtest7  (cost=0.43..8.45 rows=1 width=490)
	        Index Cond: (id = 1667696)

table 8 : explain UPDATE sbtest8 SET c='foobar' WHERE id=8657809
	Update on sbtest8  (cost=0.43..8.45 rows=0 width=0)
	  ->  Index Scan using sbtest8_pkey on sbtest8  (cost=0.43..8.45 rows=1 width=490)
	        Index Cond: (id = 8657809)

for point_selects
table 1 : explain SELECT c FROM sbtest1 WHERE id=811536
	Index Scan using sbtest1_pkey on sbtest1  (cost=0.43..8.45 rows=1 width=121)
	  Index Cond: (id = 811536)

table 2 : explain SELECT c FROM sbtest2 WHERE id=980449
	Index Scan using sbtest2_pkey on sbtest2  (cost=0.43..8.45 rows=1 width=121)
	  Index Cond: (id = 980449)

table 3 : explain SELECT c FROM sbtest3 WHERE id=2381747
	Index Scan using sbtest3_pkey on sbtest3  (cost=0.43..8.45 rows=1 width=121)
	  Index Cond: (id = 2381747)

table 4 : explain SELECT c FROM sbtest4 WHERE id=4496113
	Index Scan using sbtest4_pkey on sbtest4  (cost=0.43..8.45 rows=1 width=121)
	  Index Cond: (id = 4496113)

table 5 : explain SELECT c FROM sbtest5 WHERE id=8446603
	Index Scan using sbtest5_pkey on sbtest5  (cost=0.43..8.45 rows=1 width=121)
	  Index Cond: (id = 8446603)

table 6 : explain SELECT c FROM sbtest6 WHERE id=1232738
	Index Scan using sbtest6_pkey on sbtest6  (cost=0.43..8.45 rows=1 width=121)
	  Index Cond: (id = 1232738)

table 7 : explain SELECT c FROM sbtest7 WHERE id=1656847
	Index Scan using sbtest7_pkey on sbtest7  (cost=0.43..8.45 rows=1 width=121)
	  Index Cond: (id = 1656847)

table 8 : explain SELECT c FROM sbtest8 WHERE id=340574
	Index Scan using sbtest8_pkey on sbtest8  (cost=0.43..8.45 rows=1 width=121)
	  Index Cond: (id = 340574)

for: distinct_ranges
table 1 : explain SELECT DISTINCT c FROM sbtest1 WHERE id BETWEEN 3673744 AND 3673753 ORDER BY c
	Unique  (cost=40.64..40.69 rows=10 width=121)
	  ->  Sort  (cost=40.64..40.66 rows=10 width=121)
	        Sort Key: c
	        ->  Index Scan using sbtest1_pkey on sbtest1  (cost=0.43..40.47 rows=10 width=121)
	              Index Cond: ((id >= 3673744) AND (id <= 3673753))

table 2 : explain SELECT DISTINCT c FROM sbtest2 WHERE id BETWEEN 7020018 AND 7020027 ORDER BY c
	Unique  (cost=40.76..40.81 rows=10 width=121)
	  ->  Sort  (cost=40.76..40.79 rows=10 width=121)
	        Sort Key: c
	        ->  Index Scan using sbtest2_pkey on sbtest2  (cost=0.43..40.60 rows=10 width=121)
	              Index Cond: ((id >= 7020018) AND (id <= 7020027))

table 3 : explain SELECT DISTINCT c FROM sbtest3 WHERE id BETWEEN 4424428 AND 4424437 ORDER BY c
	Unique  (cost=41.03..41.08 rows=10 width=121)
	  ->  Sort  (cost=41.03..41.06 rows=10 width=121)
	        Sort Key: c
	        ->  Index Scan using sbtest3_pkey on sbtest3  (cost=0.43..40.87 rows=10 width=121)
	              Index Cond: ((id >= 4424428) AND (id <= 4424437))

table 4 : explain SELECT DISTINCT c FROM sbtest4 WHERE id BETWEEN 7470588 AND 7470597 ORDER BY c
	Unique  (cost=40.90..40.95 rows=10 width=121)
	  ->  Sort  (cost=40.90..40.93 rows=10 width=121)
	        Sort Key: c
	        ->  Index Scan using sbtest4_pkey on sbtest4  (cost=0.43..40.73 rows=10 width=121)
	              Index Cond: ((id >= 7470588) AND (id <= 7470597))

table 5 : explain SELECT DISTINCT c FROM sbtest5 WHERE id BETWEEN 2283239 AND 2283248 ORDER BY c
	Unique  (cost=36.90..36.95 rows=9 width=121)
	  ->  Sort  (cost=36.90..36.93 rows=9 width=121)
	        Sort Key: c
	        ->  Index Scan using sbtest5_pkey on sbtest5  (cost=0.43..36.76 rows=9 width=121)
	              Index Cond: ((id >= 2283239) AND (id <= 2283248))

table 6 : explain SELECT DISTINCT c FROM sbtest6 WHERE id BETWEEN 1922526 AND 1922535 ORDER BY c
	Unique  (cost=44.63..44.69 rows=11 width=121)
	  ->  Sort  (cost=44.63..44.66 rows=11 width=121)
	        Sort Key: c
	        ->  Index Scan using sbtest6_pkey on sbtest6  (cost=0.43..44.44 rows=11 width=121)
	              Index Cond: ((id >= 1922526) AND (id <= 1922535))

table 7 : explain SELECT DISTINCT c FROM sbtest7 WHERE id BETWEEN 3470465 AND 3470474 ORDER BY c
	Unique  (cost=44.17..44.23 rows=11 width=121)
	  ->  Sort  (cost=44.17..44.20 rows=11 width=121)
	        Sort Key: c
	        ->  Index Scan using sbtest7_pkey on sbtest7  (cost=0.43..43.98 rows=11 width=121)
	              Index Cond: ((id >= 3470465) AND (id <= 3470474))

table 8 : explain SELECT DISTINCT c FROM sbtest8 WHERE id BETWEEN 6066334 AND 6066343 ORDER BY c
	Unique  (cost=40.40..40.45 rows=10 width=121)
	  ->  Sort  (cost=40.40..40.42 rows=10 width=121)
	        Sort Key: c
	        ->  Index Scan using sbtest8_pkey on sbtest8  (cost=0.43..40.23 rows=10 width=121)
	              Index Cond: ((id >= 6066334) AND (id <= 6066343))

for index_updates
table 1 : explain UPDATE sbtest1 SET k=k+1 WHERE id=1894493
	Update on sbtest1  (cost=0.43..8.46 rows=0 width=0)
	  ->  Index Scan using sbtest1_pkey on sbtest1  (cost=0.43..8.46 rows=1 width=10)
	        Index Cond: (id = 1894493)

table 2 : explain UPDATE sbtest2 SET k=k+1 WHERE id=4336987
	Update on sbtest2  (cost=0.43..8.46 rows=0 width=0)
	  ->  Index Scan using sbtest2_pkey on sbtest2  (cost=0.43..8.46 rows=1 width=10)
	        Index Cond: (id = 4336987)

table 3 : explain UPDATE sbtest3 SET k=k+1 WHERE id=8018942
	Update on sbtest3  (cost=0.43..8.46 rows=0 width=0)
	  ->  Index Scan using sbtest3_pkey on sbtest3  (cost=0.43..8.46 rows=1 width=10)
	        Index Cond: (id = 8018942)

table 4 : explain UPDATE sbtest4 SET k=k+1 WHERE id=7038525
	Update on sbtest4  (cost=0.43..8.46 rows=0 width=0)
	  ->  Index Scan using sbtest4_pkey on sbtest4  (cost=0.43..8.46 rows=1 width=10)
	        Index Cond: (id = 7038525)

table 5 : explain UPDATE sbtest5 SET k=k+1 WHERE id=5747347
	Update on sbtest5  (cost=0.43..8.46 rows=0 width=0)
	  ->  Index Scan using sbtest5_pkey on sbtest5  (cost=0.43..8.46 rows=1 width=10)
	        Index Cond: (id = 5747347)

table 6 : explain UPDATE sbtest6 SET k=k+1 WHERE id=3066369
	Update on sbtest6  (cost=0.43..8.46 rows=0 width=0)
	  ->  Index Scan using sbtest6_pkey on sbtest6  (cost=0.43..8.46 rows=1 width=10)
	        Index Cond: (id = 3066369)

table 7 : explain UPDATE sbtest7 SET k=k+1 WHERE id=9801
	Update on sbtest7  (cost=0.43..8.46 rows=0 width=0)
	  ->  Index Scan using sbtest7_pkey on sbtest7  (cost=0.43..8.46 rows=1 width=10)
	        Index Cond: (id = 9801)

table 8 : explain UPDATE sbtest8 SET k=k+1 WHERE id=1381185
	Update on sbtest8  (cost=0.43..8.46 rows=0 width=0)
	  ->  Index Scan using sbtest8_pkey on sbtest8  (cost=0.43..8.46 rows=1 width=10)
	        Index Cond: (id = 1381185)

explain: for index_updates :: explain UPDATE sbtest%u SET k=k+1 WHERE id=%u
for non_index_updates
table 1 : explain UPDATE sbtest1 SET c='foobar' WHERE id=2646421
	Update on sbtest1  (cost=0.43..8.45 rows=0 width=0)
	  ->  Index Scan using sbtest1_pkey on sbtest1  (cost=0.43..8.45 rows=1 width=490)
	        Index Cond: (id = 2646421)

table 2 : explain UPDATE sbtest2 SET c='foobar' WHERE id=8167144
	Update on sbtest2  (cost=0.43..8.45 rows=0 width=0)
	  ->  Index Scan using sbtest2_pkey on sbtest2  (cost=0.43..8.45 rows=1 width=490)
	        Index Cond: (id = 8167144)

table 3 : explain UPDATE sbtest3 SET c='foobar' WHERE id=3979501
	Update on sbtest3  (cost=0.43..8.45 rows=0 width=0)
	  ->  Index Scan using sbtest3_pkey on sbtest3  (cost=0.43..8.45 rows=1 width=490)
	        Index Cond: (id = 3979501)

table 4 : explain UPDATE sbtest4 SET c='foobar' WHERE id=9959632
	Update on sbtest4  (cost=0.43..8.45 rows=0 width=0)
	  ->  Index Scan using sbtest4_pkey on sbtest4  (cost=0.43..8.45 rows=1 width=490)
	        Index Cond: (id = 9959632)

table 5 : explain UPDATE sbtest5 SET c='foobar' WHERE id=5044440
	Update on sbtest5  (cost=0.43..8.45 rows=0 width=0)
	  ->  Index Scan using sbtest5_pkey on sbtest5  (cost=0.43..8.45 rows=1 width=490)
	        Index Cond: (id = 5044440)

table 6 : explain UPDATE sbtest6 SET c='foobar' WHERE id=2528959
	Update on sbtest6  (cost=0.43..8.45 rows=0 width=0)
	  ->  Index Scan using sbtest6_pkey on sbtest6  (cost=0.43..8.45 rows=1 width=490)
	        Index Cond: (id = 2528959)

table 7 : explain UPDATE sbtest7 SET c='foobar' WHERE id=7175263
	Update on sbtest7  (cost=0.43..8.45 rows=0 width=0)
	  ->  Index Scan using sbtest7_pkey on sbtest7  (cost=0.43..8.45 rows=1 width=490)
	        Index Cond: (id = 7175263)

table 8 : explain UPDATE sbtest8 SET c='foobar' WHERE id=9905758
	Update on sbtest8  (cost=0.43..8.45 rows=0 width=0)
	  ->  Index Scan using sbtest8_pkey on sbtest8  (cost=0.43..8.45 rows=1 width=490)
	        Index Cond: (id = 9905758)

for deletes
table 1 : explain DELETE FROM sbtest1 WHERE id=2309854
	Delete on sbtest1  (cost=0.43..8.45 rows=0 width=0)
	  ->  Index Scan using sbtest1_pkey on sbtest1  (cost=0.43..8.45 rows=1 width=6)
	        Index Cond: (id = 2309854)

table 2 : explain DELETE FROM sbtest2 WHERE id=4343174
	Delete on sbtest2  (cost=0.43..8.45 rows=0 width=0)
	  ->  Index Scan using sbtest2_pkey on sbtest2  (cost=0.43..8.45 rows=1 width=6)
	        Index Cond: (id = 4343174)

table 3 : explain DELETE FROM sbtest3 WHERE id=510518
	Delete on sbtest3  (cost=0.43..8.45 rows=0 width=0)
	  ->  Index Scan using sbtest3_pkey on sbtest3  (cost=0.43..8.45 rows=1 width=6)
	        Index Cond: (id = 510518)

table 4 : explain DELETE FROM sbtest4 WHERE id=3762333
	Delete on sbtest4  (cost=0.43..8.45 rows=0 width=0)
	  ->  Index Scan using sbtest4_pkey on sbtest4  (cost=0.43..8.45 rows=1 width=6)
	        Index Cond: (id = 3762333)

table 5 : explain DELETE FROM sbtest5 WHERE id=2119379
	Delete on sbtest5  (cost=0.43..8.45 rows=0 width=0)
	  ->  Index Scan using sbtest5_pkey on sbtest5  (cost=0.43..8.45 rows=1 width=6)
	        Index Cond: (id = 2119379)

table 6 : explain DELETE FROM sbtest6 WHERE id=418070
	Delete on sbtest6  (cost=0.43..8.45 rows=0 width=0)
	  ->  Index Scan using sbtest6_pkey on sbtest6  (cost=0.43..8.45 rows=1 width=6)
	        Index Cond: (id = 418070)

table 7 : explain DELETE FROM sbtest7 WHERE id=667977
	Delete on sbtest7  (cost=0.43..8.45 rows=0 width=0)
	  ->  Index Scan using sbtest7_pkey on sbtest7  (cost=0.43..8.45 rows=1 width=6)
	        Index Cond: (id = 667977)

table 8 : explain DELETE FROM sbtest8 WHERE id=2608096
	Delete on sbtest8  (cost=0.43..8.45 rows=0 width=0)
	  ->  Index Scan using sbtest8_pkey on sbtest8  (cost=0.43..8.45 rows=1 width=6)
	        Index Cond: (id = 2608096)

explain: for deletes :: explain DELETE FROM sbtest%u WHERE id=%u
explain: for deletes :: explain DELETE FROM sbtest%u WHERE id=%u
explain: for non_index_updates :: explain UPDATE sbtest%u SET c='foobar' WHERE id=%u
explain: for non_index_updates :: explain UPDATE sbtest%u SET c='foobar' WHERE id=%u
explain: for non_index_updates :: explain UPDATE sbtest%u SET c='foobar' WHERE id=%u
explain: for index_updates :: explain UPDATE sbtest%u SET k=k+1 WHERE id=%u
explain: for deletes :: explain DELETE FROM sbtest%u WHERE id=%u
explain: for non_index_updates :: explain UPDATE sbtest%u SET c='foobar' WHERE id=%u
explain: for inserts :: explain INSERT INTO sbtest%u (id, k, c, pad) VALUES (%u, 13, 'foobar', 'foobar')
for deletes
table 1 : explain DELETE FROM sbtest1 WHERE id=7463798
	Delete on sbtest1  (cost=0.43..8.45 rows=0 width=0)
	  ->  Index Scan using sbtest1_pkey on sbtest1  (cost=0.43..8.45 rows=1 width=6)
	        Index Cond: (id = 7463798)

table 2 : explain DELETE FROM sbtest2 WHERE id=2758525
	Delete on sbtest2  (cost=0.43..8.45 rows=0 width=0)
	  ->  Index Scan using sbtest2_pkey on sbtest2  (cost=0.43..8.45 rows=1 width=6)
	        Index Cond: (id = 2758525)

table 3 : explain DELETE FROM sbtest3 WHERE id=7410668
	Delete on sbtest3  (cost=0.43..8.45 rows=0 width=0)
	  ->  Index Scan using sbtest3_pkey on sbtest3  (cost=0.43..8.45 rows=1 width=6)
	        Index Cond: (id = 7410668)

table 4 : explain DELETE FROM sbtest4 WHERE id=5525604
	Delete on sbtest4  (cost=0.43..8.45 rows=0 width=0)
	  ->  Index Scan using sbtest4_pkey on sbtest4  (cost=0.43..8.45 rows=1 width=6)
	        Index Cond: (id = 5525604)

table 5 : explain DELETE FROM sbtest5 WHERE id=7459748
	Delete on sbtest5  (cost=0.43..8.45 rows=0 width=0)
	  ->  Index Scan using sbtest5_pkey on sbtest5  (cost=0.43..8.45 rows=1 width=6)
	        Index Cond: (id = 7459748)

table 6 : explain DELETE FROM sbtest6 WHERE id=9012924
	Delete on sbtest6  (cost=0.43..8.45 rows=0 width=0)
	  ->  Index Scan using sbtest6_pkey on sbtest6  (cost=0.43..8.45 rows=1 width=6)
	        Index Cond: (id = 9012924)

table 7 : explain DELETE FROM sbtest7 WHERE id=7410234
	Delete on sbtest7  (cost=0.43..8.45 rows=0 width=0)
	  ->  Index Scan using sbtest7_pkey on sbtest7  (cost=0.43..8.45 rows=1 width=6)
	        Index Cond: (id = 7410234)

table 8 : explain DELETE FROM sbtest8 WHERE id=9952284
	Delete on sbtest8  (cost=0.43..8.45 rows=0 width=0)
	  ->  Index Scan using sbtest8_pkey on sbtest8  (cost=0.43..8.45 rows=1 width=6)
	        Index Cond: (id = 9952284)

for index_updates
table 1 : explain UPDATE sbtest1 SET k=k+1 WHERE id=8106854
	Update on sbtest1  (cost=0.43..8.46 rows=0 width=0)
	  ->  Index Scan using sbtest1_pkey on sbtest1  (cost=0.43..8.46 rows=1 width=10)
	        Index Cond: (id = 8106854)

table 2 : explain UPDATE sbtest2 SET k=k+1 WHERE id=2806229
	Update on sbtest2  (cost=0.43..8.46 rows=0 width=0)
	  ->  Index Scan using sbtest2_pkey on sbtest2  (cost=0.43..8.46 rows=1 width=10)
	        Index Cond: (id = 2806229)

table 3 : explain UPDATE sbtest3 SET k=k+1 WHERE id=7116164
	Update on sbtest3  (cost=0.43..8.46 rows=0 width=0)
	  ->  Index Scan using sbtest3_pkey on sbtest3  (cost=0.43..8.46 rows=1 width=10)
	        Index Cond: (id = 7116164)

table 4 : explain UPDATE sbtest4 SET k=k+1 WHERE id=348684
	Update on sbtest4  (cost=0.43..8.46 rows=0 width=0)
	  ->  Index Scan using sbtest4_pkey on sbtest4  (cost=0.43..8.46 rows=1 width=10)
	        Index Cond: (id = 348684)

table 5 : explain UPDATE sbtest5 SET k=k+1 WHERE id=5088279
	Update on sbtest5  (cost=0.43..8.46 rows=0 width=0)
	  ->  Index Scan using sbtest5_pkey on sbtest5  (cost=0.43..8.46 rows=1 width=10)
	        Index Cond: (id = 5088279)

table 6 : explain UPDATE sbtest6 SET k=k+1 WHERE id=8803800
	Update on sbtest6  (cost=0.43..8.46 rows=0 width=0)
	  ->  Index Scan using sbtest6_pkey on sbtest6  (cost=0.43..8.46 rows=1 width=10)
	        Index Cond: (id = 8803800)

table 7 : explain UPDATE sbtest7 SET k=k+1 WHERE id=87121
	Update on sbtest7  (cost=0.43..8.46 rows=0 width=0)
	  ->  Index Scan using sbtest7_pkey on sbtest7  (cost=0.43..8.46 rows=1 width=10)
	        Index Cond: (id = 87121)

table 8 : explain UPDATE sbtest8 SET k=k+1 WHERE id=6720859
	Update on sbtest8  (cost=0.43..8.46 rows=0 width=0)
	  ->  Index Scan using sbtest8_pkey on sbtest8  (cost=0.43..8.46 rows=1 width=10)
	        Index Cond: (id = 6720859)

for deletes
table 1 : explain DELETE FROM sbtest1 WHERE id=1452378
	Delete on sbtest1  (cost=0.43..8.45 rows=0 width=0)
	  ->  Index Scan using sbtest1_pkey on sbtest1  (cost=0.43..8.45 rows=1 width=6)
	        Index Cond: (id = 1452378)

table 2 : explain DELETE FROM sbtest2 WHERE id=5682378
	Delete on sbtest2  (cost=0.43..8.45 rows=0 width=0)
	  ->  Index Scan using sbtest2_pkey on sbtest2  (cost=0.43..8.45 rows=1 width=6)
	        Index Cond: (id = 5682378)

table 3 : explain DELETE FROM sbtest3 WHERE id=5064992
	Delete on sbtest3  (cost=0.43..8.45 rows=0 width=0)
	  ->  Index Scan using sbtest3_pkey on sbtest3  (cost=0.43..8.45 rows=1 width=6)
	        Index Cond: (id = 5064992)

table 4 : explain DELETE FROM sbtest4 WHERE id=2149146
	Delete on sbtest4  (cost=0.43..8.45 rows=0 width=0)
	  ->  Index Scan using sbtest4_pkey on sbtest4  (cost=0.43..8.45 rows=1 width=6)
	        Index Cond: (id = 2149146)

table 5 : explain DELETE FROM sbtest5 WHERE id=4439132
	Delete on sbtest5  (cost=0.43..8.45 rows=0 width=0)
	  ->  Index Scan using sbtest5_pkey on sbtest5  (cost=0.43..8.45 rows=1 width=6)
	        Index Cond: (id = 4439132)

table 6 : explain DELETE FROM sbtest6 WHERE id=9868790
	Delete on sbtest6  (cost=0.43..8.45 rows=0 width=0)
	  ->  Index Scan using sbtest6_pkey on sbtest6  (cost=0.43..8.45 rows=1 width=6)
	        Index Cond: (id = 9868790)

table 7 : explain DELETE FROM sbtest7 WHERE id=2082474
	Delete on sbtest7  (cost=0.43..8.45 rows=0 width=0)
	  ->  Index Scan using sbtest7_pkey on sbtest7  (cost=0.43..8.45 rows=1 width=6)
	        Index Cond: (id = 2082474)

table 8 : explain DELETE FROM sbtest8 WHERE id=4623569
	Delete on sbtest8  (cost=0.43..8.45 rows=0 width=0)
	  ->  Index Scan using sbtest8_pkey on sbtest8  (cost=0.43..8.45 rows=1 width=6)
	        Index Cond: (id = 4623569)

for non_index_updates
table 1 : explain UPDATE sbtest1 SET c='foobar' WHERE id=6613648
	Update on sbtest1  (cost=0.43..8.45 rows=0 width=0)
	  ->  Index Scan using sbtest1_pkey on sbtest1  (cost=0.43..8.45 rows=1 width=490)
	        Index Cond: (id = 6613648)

table 2 : explain UPDATE sbtest2 SET c='foobar' WHERE id=96919
	Update on sbtest2  (cost=0.43..8.45 rows=0 width=0)
	  ->  Index Scan using sbtest2_pkey on sbtest2  (cost=0.43..8.45 rows=1 width=490)
	        Index Cond: (id = 96919)

table 3 : explain UPDATE sbtest3 SET c='foobar' WHERE id=8845985
	Update on sbtest3  (cost=0.43..8.45 rows=0 width=0)
	  ->  Index Scan using sbtest3_pkey on sbtest3  (cost=0.43..8.45 rows=1 width=490)
	        Index Cond: (id = 8845985)

table 4 : explain UPDATE sbtest4 SET c='foobar' WHERE id=7151798
	Update on sbtest4  (cost=0.43..8.45 rows=0 width=0)
	  ->  Index Scan using sbtest4_pkey on sbtest4  (cost=0.43..8.45 rows=1 width=490)
	        Index Cond: (id = 7151798)

table 5 : explain UPDATE sbtest5 SET c='foobar' WHERE id=2192624
	Update on sbtest5  (cost=0.43..8.45 rows=0 width=0)
	  ->  Index Scan using sbtest5_pkey on sbtest5  (cost=0.43..8.45 rows=1 width=490)
	        Index Cond: (id = 2192624)

table 6 : explain UPDATE sbtest6 SET c='foobar' WHERE id=2014601
	Update on sbtest6  (cost=0.43..8.45 rows=0 width=0)
	  ->  Index Scan using sbtest6_pkey on sbtest6  (cost=0.43..8.45 rows=1 width=490)
	        Index Cond: (id = 2014601)

table 7 : explain UPDATE sbtest7 SET c='foobar' WHERE id=9543195
	Update on sbtest7  (cost=0.43..8.45 rows=0 width=0)
	  ->  Index Scan using sbtest7_pkey on sbtest7  (cost=0.43..8.45 rows=1 width=490)
	        Index Cond: (id = 9543195)

table 8 : explain UPDATE sbtest8 SET c='foobar' WHERE id=7812057
	Update on sbtest8  (cost=0.43..8.45 rows=0 width=0)
	  ->  Index Scan using sbtest8_pkey on sbtest8  (cost=0.43..8.45 rows=1 width=490)
	        Index Cond: (id = 7812057)

for non_index_updates
table 1 : explain UPDATE sbtest1 SET c='foobar' WHERE id=6488126
	Update on sbtest1  (cost=0.43..8.45 rows=0 width=0)
	  ->  Index Scan using sbtest1_pkey on sbtest1  (cost=0.43..8.45 rows=1 width=490)
	        Index Cond: (id = 6488126)

table 2 : explain UPDATE sbtest2 SET c='foobar' WHERE id=8573524
	Update on sbtest2  (cost=0.43..8.45 rows=0 width=0)
	  ->  Index Scan using sbtest2_pkey on sbtest2  (cost=0.43..8.45 rows=1 width=490)
	        Index Cond: (id = 8573524)

table 3 : explain UPDATE sbtest3 SET c='foobar' WHERE id=1692738
	Update on sbtest3  (cost=0.43..8.45 rows=0 width=0)
	  ->  Index Scan using sbtest3_pkey on sbtest3  (cost=0.43..8.45 rows=1 width=490)
	        Index Cond: (id = 1692738)

table 4 : explain UPDATE sbtest4 SET c='foobar' WHERE id=6508419
	Update on sbtest4  (cost=0.43..8.45 rows=0 width=0)
	  ->  Index Scan using sbtest4_pkey on sbtest4  (cost=0.43..8.45 rows=1 width=490)
	        Index Cond: (id = 6508419)

table 5 : explain UPDATE sbtest5 SET c='foobar' WHERE id=6183897
	Update on sbtest5  (cost=0.43..8.45 rows=0 width=0)
	  ->  Index Scan using sbtest5_pkey on sbtest5  (cost=0.43..8.45 rows=1 width=490)
	        Index Cond: (id = 6183897)

table 6 : explain UPDATE sbtest6 SET c='foobar' WHERE id=5355226
	Update on sbtest6  (cost=0.43..8.45 rows=0 width=0)
	  ->  Index Scan using sbtest6_pkey on sbtest6  (cost=0.43..8.45 rows=1 width=490)
	        Index Cond: (id = 5355226)

table 7 : explain UPDATE sbtest7 SET c='foobar' WHERE id=5369982
	Update on sbtest7  (cost=0.43..8.45 rows=0 width=0)
	  ->  Index Scan using sbtest7_pkey on sbtest7  (cost=0.43..8.45 rows=1 width=490)
	        Index Cond: (id = 5369982)

table 8 : explain UPDATE sbtest8 SET c='foobar' WHERE id=4478901
	Update on sbtest8  (cost=0.43..8.45 rows=0 width=0)
	  ->  Index Scan using sbtest8_pkey on sbtest8  (cost=0.43..8.45 rows=1 width=490)
	        Index Cond: (id = 4478901)

for non_index_updates
table 1 : explain UPDATE sbtest1 SET c='foobar' WHERE id=6612921
	Update on sbtest1  (cost=0.43..8.45 rows=0 width=0)
	  ->  Index Scan using sbtest1_pkey on sbtest1  (cost=0.43..8.45 rows=1 width=490)
	        Index Cond: (id = 6612921)

table 2 : explain UPDATE sbtest2 SET c='foobar' WHERE id=3824793
	Update on sbtest2  (cost=0.43..8.45 rows=0 width=0)
	  ->  Index Scan using sbtest2_pkey on sbtest2  (cost=0.43..8.45 rows=1 width=490)
	        Index Cond: (id = 3824793)

table 3 : explain UPDATE sbtest3 SET c='foobar' WHERE id=1188845
	Update on sbtest3  (cost=0.43..8.45 rows=0 width=0)
	  ->  Index Scan using sbtest3_pkey on sbtest3  (cost=0.43..8.45 rows=1 width=490)
	        Index Cond: (id = 1188845)

table 4 : explain UPDATE sbtest4 SET c='foobar' WHERE id=2711631
	Update on sbtest4  (cost=0.43..8.45 rows=0 width=0)
	  ->  Index Scan using sbtest4_pkey on sbtest4  (cost=0.43..8.45 rows=1 width=490)
	        Index Cond: (id = 2711631)

table 5 : explain UPDATE sbtest5 SET c='foobar' WHERE id=2108168
	Update on sbtest5  (cost=0.43..8.45 rows=0 width=0)
	  ->  Index Scan using sbtest5_pkey on sbtest5  (cost=0.43..8.45 rows=1 width=490)
	        Index Cond: (id = 2108168)

table 6 : explain UPDATE sbtest6 SET c='foobar' WHERE id=2625979
	Update on sbtest6  (cost=0.43..8.45 rows=0 width=0)
	  ->  Index Scan using sbtest6_pkey on sbtest6  (cost=0.43..8.45 rows=1 width=490)
	        Index Cond: (id = 2625979)

table 7 : explain UPDATE sbtest7 SET c='foobar' WHERE id=8278726
	Update on sbtest7  (cost=0.43..8.45 rows=0 width=0)
	  ->  Index Scan using sbtest7_pkey on sbtest7  (cost=0.43..8.45 rows=1 width=490)
	        Index Cond: (id = 8278726)

table 8 : explain UPDATE sbtest8 SET c='foobar' WHERE id=878987
	Update on sbtest8  (cost=0.43..8.45 rows=0 width=0)
	  ->  Index Scan using sbtest8_pkey on sbtest8  (cost=0.43..8.45 rows=1 width=490)
	        Index Cond: (id = 878987)

for index_updates
table 1 : explain UPDATE sbtest1 SET k=k+1 WHERE id=5372892
	Update on sbtest1  (cost=0.43..8.46 rows=0 width=0)
	  ->  Index Scan using sbtest1_pkey on sbtest1  (cost=0.43..8.46 rows=1 width=10)
	        Index Cond: (id = 5372892)

table 2 : explain UPDATE sbtest2 SET k=k+1 WHERE id=2323586
	Update on sbtest2  (cost=0.43..8.46 rows=0 width=0)
	  ->  Index Scan using sbtest2_pkey on sbtest2  (cost=0.43..8.46 rows=1 width=10)
	        Index Cond: (id = 2323586)

table 3 : explain UPDATE sbtest3 SET k=k+1 WHERE id=3427545
	Update on sbtest3  (cost=0.43..8.46 rows=0 width=0)
	  ->  Index Scan using sbtest3_pkey on sbtest3  (cost=0.43..8.46 rows=1 width=10)
	        Index Cond: (id = 3427545)

table 4 : explain UPDATE sbtest4 SET k=k+1 WHERE id=3788362
	Update on sbtest4  (cost=0.43..8.46 rows=0 width=0)
	  ->  Index Scan using sbtest4_pkey on sbtest4  (cost=0.43..8.46 rows=1 width=10)
	        Index Cond: (id = 3788362)

table 5 : explain UPDATE sbtest5 SET k=k+1 WHERE id=3803987
	Update on sbtest5  (cost=0.43..8.46 rows=0 width=0)
	  ->  Index Scan using sbtest5_pkey on sbtest5  (cost=0.43..8.46 rows=1 width=10)
	        Index Cond: (id = 3803987)

table 6 : explain UPDATE sbtest6 SET k=k+1 WHERE id=6384476
	Update on sbtest6  (cost=0.43..8.46 rows=0 width=0)
	  ->  Index Scan using sbtest6_pkey on sbtest6  (cost=0.43..8.46 rows=1 width=10)
	        Index Cond: (id = 6384476)

table 7 : explain UPDATE sbtest7 SET k=k+1 WHERE id=6101925
	Update on sbtest7  (cost=0.43..8.46 rows=0 width=0)
	  ->  Index Scan using sbtest7_pkey on sbtest7  (cost=0.43..8.46 rows=1 width=10)
	        Index Cond: (id = 6101925)

table 8 : explain UPDATE sbtest8 SET k=k+1 WHERE id=5473887
	Update on sbtest8  (cost=0.43..8.46 rows=0 width=0)
	  ->  Index Scan using sbtest8_pkey on sbtest8  (cost=0.43..8.46 rows=1 width=10)
	        Index Cond: (id = 5473887)

for: simple_ranges
table 1 : explain SELECT c FROM sbtest1 WHERE id BETWEEN 2243811 AND 2243820
	Index Scan using sbtest1_pkey on sbtest1  (cost=0.43..40.47 rows=10 width=121)
	  Index Cond: ((id >= 2243811) AND (id <= 2243820))

table 2 : explain SELECT c FROM sbtest2 WHERE id BETWEEN 2584930 AND 2584939
	Index Scan using sbtest2_pkey on sbtest2  (cost=0.43..40.60 rows=10 width=121)
	  Index Cond: ((id >= 2584930) AND (id <= 2584939))

table 3 : explain SELECT c FROM sbtest3 WHERE id BETWEEN 7381221 AND 7381230
	Index Scan using sbtest3_pkey on sbtest3  (cost=0.43..40.87 rows=10 width=121)
	  Index Cond: ((id >= 7381221) AND (id <= 7381230))

table 4 : explain SELECT c FROM sbtest4 WHERE id BETWEEN 1552560 AND 1552569
	Index Scan using sbtest4_pkey on sbtest4  (cost=0.43..40.73 rows=10 width=121)
	  Index Cond: ((id >= 1552560) AND (id <= 1552569))

table 5 : explain SELECT c FROM sbtest5 WHERE id BETWEEN 5055068 AND 5055077
	Index Scan using sbtest5_pkey on sbtest5  (cost=0.43..43.84 rows=11 width=121)
	  Index Cond: ((id >= 5055068) AND (id <= 5055077))

table 6 : explain SELECT c FROM sbtest6 WHERE id BETWEEN 2439116 AND 2439125
	Index Scan using sbtest6_pkey on sbtest6  (cost=0.43..40.84 rows=10 width=121)
	  Index Cond: ((id >= 2439116) AND (id <= 2439125))

table 7 : explain SELECT c FROM sbtest7 WHERE id BETWEEN 7908870 AND 7908879
	Index Scan using sbtest7_pkey on sbtest7  (cost=0.43..40.43 rows=10 width=121)
	  Index Cond: ((id >= 7908870) AND (id <= 7908879))

table 8 : explain SELECT c FROM sbtest8 WHERE id BETWEEN 1658830 AND 1658839
	Index Scan using sbtest8_pkey on sbtest8  (cost=0.43..43.76 rows=11 width=121)
	  Index Cond: ((id >= 1658830) AND (id <= 1658839))

explain: for non_index_updates :: explain UPDATE sbtest%u SET c='foobar' WHERE id=%u
for inserts
table 1 : explain INSERT INTO sbtest1 (id, k, c, pad) VALUES (5418964, 13, 'foobar', 'foobar')
	Insert on sbtest1  (cost=0.00..0.01 rows=0 width=0)
	  ->  Result  (cost=0.00..0.01 rows=1 width=736)

table 2 : explain INSERT INTO sbtest2 (id, k, c, pad) VALUES (726531, 13, 'foobar', 'foobar')
	Insert on sbtest2  (cost=0.00..0.01 rows=0 width=0)
	  ->  Result  (cost=0.00..0.01 rows=1 width=736)

table 3 : explain INSERT INTO sbtest3 (id, k, c, pad) VALUES (6821019, 13, 'foobar', 'foobar')
	Insert on sbtest3  (cost=0.00..0.01 rows=0 width=0)
	  ->  Result  (cost=0.00..0.01 rows=1 width=736)

table 4 : explain INSERT INTO sbtest4 (id, k, c, pad) VALUES (6686996, 13, 'foobar', 'foobar')
	Insert on sbtest4  (cost=0.00..0.01 rows=0 width=0)
	  ->  Result  (cost=0.00..0.01 rows=1 width=736)

table 5 : explain INSERT INTO sbtest5 (id, k, c, pad) VALUES (9014407, 13, 'foobar', 'foobar')
	Insert on sbtest5  (cost=0.00..0.01 rows=0 width=0)
	  ->  Result  (cost=0.00..0.01 rows=1 width=736)

table 6 : explain INSERT INTO sbtest6 (id, k, c, pad) VALUES (8852505, 13, 'foobar', 'foobar')
	Insert on sbtest6  (cost=0.00..0.01 rows=0 width=0)
	  ->  Result  (cost=0.00..0.01 rows=1 width=736)

table 7 : explain INSERT INTO sbtest7 (id, k, c, pad) VALUES (4805194, 13, 'foobar', 'foobar')
	Insert on sbtest7  (cost=0.00..0.01 rows=0 width=0)
	  ->  Result  (cost=0.00..0.01 rows=1 width=736)

table 8 : explain INSERT INTO sbtest8 (id, k, c, pad) VALUES (6396557, 13, 'foobar', 'foobar')
	Insert on sbtest8  (cost=0.00..0.01 rows=0 width=0)
	  ->  Result  (cost=0.00..0.01 rows=1 width=736)

explain: for inserts :: explain INSERT INTO sbtest%u (id, k, c, pad) VALUES (%u, 13, 'foobar', 'foobar')
explain: for deletes :: explain DELETE FROM sbtest%u WHERE id=%u
explain: for deletes :: explain DELETE FROM sbtest%u WHERE id=%uexplain: for deletes :: explain DELETE FROM sbtest%u WHERE id=%ufor: sum_ranges
table 1 : explain SELECT SUM(k) FROM sbtest1 WHERE id BETWEEN 1412633 AND 1412642
	Aggregate  (cost=40.50..40.51 rows=1 width=8)
	  ->  Index Scan using sbtest1_pkey on sbtest1  (cost=0.43..40.47 rows=10 width=4)
	        Index Cond: ((id >= 1412633) AND (id <= 1412642))

table 2 : explain SELECT SUM(k) FROM sbtest2 WHERE id BETWEEN 7275892 AND 7275901
	Aggregate  (cost=40.62..40.63 rows=1 width=8)
	  ->  Index Scan using sbtest2_pkey on sbtest2  (cost=0.43..40.60 rows=10 width=4)
	        Index Cond: ((id >= 7275892) AND (id <= 7275901))

table 3 : explain SELECT SUM(k) FROM sbtest3 WHERE id BETWEEN 7714267 AND 7714276
	Aggregate  (cost=44.50..44.51 rows=1 width=8)
	  ->  Index Scan using sbtest3_pkey on sbtest3  (cost=0.43..44.47 rows=11 width=4)
	        Index Cond: ((id >= 7714267) AND (id <= 7714276))

table 4 : explain SELECT SUM(k) FROM sbtest4 WHERE id BETWEEN 4079613 AND 4079622
	Aggregate  (cost=40.76..40.77 rows=1 width=8)
	  ->  Index Scan using sbtest4_pkey on sbtest4  (cost=0.43..40.73 rows=10 width=4)
	        Index Cond: ((id >= 4079613) AND (id <= 4079622))

table 5 : explain SELECT SUM(k) FROM sbtest5 WHERE id BETWEEN 6760477 AND 6760486
	Aggregate  (cost=43.86..43.87 rows=1 width=8)
	  ->  Index Scan using sbtest5_pkey on sbtest5  (cost=0.43..43.84 rows=11 width=4)
	        Index Cond: ((id >= 6760477) AND (id <= 6760486))

table 6 : explain SELECT SUM(k) FROM sbtest6 WHERE id BETWEEN 8278032 AND 8278041
	Aggregate  (cost=40.87..40.88 rows=1 width=8)
	  ->  Index Scan using sbtest6_pkey on sbtest6  (cost=0.43..40.84 rows=10 width=4)
	        Index Cond: ((id >= 8278032) AND (id <= 8278041))

table 7 : explain SELECT SUM(k) FROM sbtest7 WHERE id BETWEEN 3628972 AND 3628981
	Aggregate  (cost=44.01..44.02 rows=1 width=8)
	  ->  Index Scan using sbtest7_pkey on sbtest7  (cost=0.43..43.98 rows=11 width=4)
	        Index Cond: ((id >= 3628972) AND (id <= 3628981))

table 8 : explain SELECT SUM(k) FROM sbtest8 WHERE id BETWEEN 4117858 AND 4117867
	Aggregate  (cost=40.26..40.27 rows=1 width=8)
	  ->  Index Scan using sbtest8_pkey on sbtest8  (cost=0.43..40.23 rows=10 width=4)
	        Index Cond: ((id >= 4117858) AND (id <= 4117867))



for: sum_ranges
table 1 : explain SELECT SUM(k) FROM sbtest1 WHERE id BETWEEN 7228266 AND 7228275
	Aggregate  (cost=40.50..40.51 rows=1 width=8)
	  ->  Index Scan using sbtest1_pkey on sbtest1  (cost=0.43..40.47 rows=10 width=4)
	        Index Cond: ((id >= 7228266) AND (id <= 7228275))

table 2 : explain SELECT SUM(k) FROM sbtest2 WHERE id BETWEEN 6067492 AND 6067501
	Aggregate  (cost=44.20..44.21 rows=1 width=8)
	  ->  Index Scan using sbtest2_pkey on sbtest2  (cost=0.43..44.17 rows=11 width=4)
	        Index Cond: ((id >= 6067492) AND (id <= 6067501))

table 3 : explain SELECT SUM(k) FROM sbtest3 WHERE id BETWEEN 9106271 AND 9106280
	Aggregate  (cost=40.89..40.90 rows=1 width=8)
	  ->  Index Scan using sbtest3_pkey on sbtest3  (cost=0.43..40.87 rows=10 width=4)
	        Index Cond: ((id >= 9106271) AND (id <= 9106280))

table 4 : explain SELECT SUM(k) FROM sbtest4 WHERE id BETWEEN 4928275 AND 4928284
	Aggregate  (cost=40.76..40.77 rows=1 width=8)
	  ->  Index Scan using sbtest4_pkey on sbtest4  (cost=0.43..40.73 rows=10 width=4)
	        Index Cond: ((id >= 4928275) AND (id <= 4928284))

table 5 : explain SELECT SUM(k) FROM sbtest5 WHERE id BETWEEN 6347307 AND 6347316
	Aggregate  (cost=40.32..40.33 rows=1 width=8)
	  ->  Index Scan using sbtest5_pkey on sbtest5  (cost=0.43..40.30 rows=10 width=4)
	        Index Cond: ((id >= 6347307) AND (id <= 6347316))

table 6 : explain SELECT SUM(k) FROM sbtest6 WHERE id BETWEEN 9218288 AND 9218297
	Aggregate  (cost=40.87..40.88 rows=1 width=8)
	  ->  Index Scan using sbtest6_pkey on sbtest6  (cost=0.43..40.84 rows=10 width=4)
	        Index Cond: ((id >= 9218288) AND (id <= 9218297))

table 7 : explain SELECT SUM(k) FROM sbtest7 WHERE id BETWEEN 9205443 AND 9205452
	Aggregate  (cost=36.90..36.91 rows=1 width=8)
	  ->  Index Scan using sbtest7_pkey on sbtest7  (cost=0.43..36.88 rows=9 width=4)
	        Index Cond: ((id >= 9205443) AND (id <= 9205452))

table 8 : explain SELECT SUM(k) FROM sbtest8 WHERE id BETWEEN 2453231 AND 2453240
	Aggregate  (cost=43.79..43.80 rows=1 width=8)
	  ->  Index Scan using sbtest8_pkey on sbtest8  (cost=0.43..43.76 rows=11 width=4)
	        Index Cond: ((id >= 2453231) AND (id <= 2453240))

explain: for inserts :: explain INSERT INTO sbtest%u (id, k, c, pad) VALUES (%u, 13, 'foobar', 'foobar')
explain: for non_index_updates :: explain UPDATE sbtest%u SET c='foobar' WHERE id=%u
for non_index_updates
table 1 : explain UPDATE sbtest1 SET c='foobar' WHERE id=497850
	Update on sbtest1  (cost=0.43..8.45 rows=0 width=0)
	  ->  Index Scan using sbtest1_pkey on sbtest1  (cost=0.43..8.45 rows=1 width=490)
	        Index Cond: (id = 497850)

table 2 : explain UPDATE sbtest2 SET c='foobar' WHERE id=7271850
	Update on sbtest2  (cost=0.43..8.45 rows=0 width=0)
	  ->  Index Scan using sbtest2_pkey on sbtest2  (cost=0.43..8.45 rows=1 width=490)
	        Index Cond: (id = 7271850)

table 3 : explain UPDATE sbtest3 SET c='foobar' WHERE id=8632082
	Update on sbtest3  (cost=0.43..8.45 rows=0 width=0)
	  ->  Index Scan using sbtest3_pkey on sbtest3  (cost=0.43..8.45 rows=1 width=490)
	        Index Cond: (id = 8632082)

table 4 : explain UPDATE sbtest4 SET c='foobar' WHERE id=7399715
	Update on sbtest4  (cost=0.43..8.45 rows=0 width=0)
	  ->  Index Scan using sbtest4_pkey on sbtest4  (cost=0.43..8.45 rows=1 width=490)
	        Index Cond: (id = 7399715)

table 5 : explain UPDATE sbtest5 SET c='foobar' WHERE id=8792895
	Update on sbtest5  (cost=0.43..8.45 rows=0 width=0)
	  ->  Index Scan using sbtest5_pkey on sbtest5  (cost=0.43..8.45 rows=1 width=490)
	        Index Cond: (id = 8792895)

table 6 : explain UPDATE sbtest6 SET c='foobar' WHERE id=5434481
	Update on sbtest6  (cost=0.43..8.45 rows=0 width=0)
	  ->  Index Scan using sbtest6_pkey on sbtest6  (cost=0.43..8.45 rows=1 width=490)
	        Index Cond: (id = 5434481)

table 7 : explain UPDATE sbtest7 SET c='foobar' WHERE id=7912498
	Update on sbtest7  (cost=0.43..8.45 rows=0 width=0)
	  ->  Index Scan using sbtest7_pkey on sbtest7  (cost=0.43..8.45 rows=1 width=490)
	        Index Cond: (id = 7912498)

table 8 : explain UPDATE sbtest8 SET c='foobar' WHERE id=5478921
	Update on sbtest8  (cost=0.43..8.45 rows=0 width=0)
	  ->  Index Scan using sbtest8_pkey on sbtest8  (cost=0.43..8.45 rows=1 width=490)
	        Index Cond: (id = 5478921)
for deletes
table 1 : explain DELETE FROM sbtest1 WHERE id=9975869
	Delete on sbtest1  (cost=0.43..8.45 rows=0 width=0)
	  ->  Index Scan using sbtest1_pkey on sbtest1  (cost=0.43..8.45 rows=1 width=6)
	        Index Cond: (id = 9975869)

table 2 : explain DELETE FROM sbtest2 WHERE id=3552439
	Delete on sbtest2  (cost=0.43..8.45 rows=0 width=0)
	  ->  Index Scan using sbtest2_pkey on sbtest2  (cost=0.43..8.45 rows=1 width=6)
	        Index Cond: (id = 3552439)

table 3 : explain DELETE FROM sbtest3 WHERE id=3338160
	Delete on sbtest3  (cost=0.43..8.45 rows=0 width=0)
	  ->  Index Scan using sbtest3_pkey on sbtest3  (cost=0.43..8.45 rows=1 width=6)
	        Index Cond: (id = 3338160)

table 4 : explain DELETE FROM sbtest4 WHERE id=5688217
	Delete on sbtest4  (cost=0.43..8.45 rows=0 width=0)
	  ->  Index Scan using sbtest4_pkey on sbtest4  (cost=0.43..8.45 rows=1 width=6)
	        Index Cond: (id = 5688217)

table 5 : explain DELETE FROM sbtest5 WHERE id=171983
	Delete on sbtest5  (cost=0.43..8.45 rows=0 width=0)
	  ->  Index Scan using sbtest5_pkey on sbtest5  (cost=0.43..8.45 rows=1 width=6)
	        Index Cond: (id = 171983)

table 6 : explain DELETE FROM sbtest6 WHERE id=2622292
	Delete on sbtest6  (cost=0.43..8.45 rows=0 width=0)
	  ->  Index Scan using sbtest6_pkey on sbtest6  (cost=0.43..8.45 rows=1 width=6)
	        Index Cond: (id = 2622292)

table 7 : explain DELETE FROM sbtest7 WHERE id=8513526
	Delete on sbtest7  (cost=0.43..8.45 rows=0 width=0)
	  ->  Index Scan using sbtest7_pkey on sbtest7  (cost=0.43..8.45 rows=1 width=6)
	        Index Cond: (id = 8513526)

table 8 : explain DELETE FROM sbtest8 WHERE id=2311184
	Delete on sbtest8  (cost=0.43..8.45 rows=0 width=0)
	  ->  Index Scan using sbtest8_pkey on sbtest8  (cost=0.43..8.45 rows=1 width=6)
	        Index Cond: (id = 2311184)
for non_index_updates
table 1 : explain UPDATE sbtest1 SET c='foobar' WHERE id=378478
	Update on sbtest1  (cost=0.43..8.45 rows=0 width=0)
	  ->  Index Scan using sbtest1_pkey on sbtest1  (cost=0.43..8.45 rows=1 width=490)
	        Index Cond: (id = 378478)

table 2 : explain UPDATE sbtest2 SET c='foobar' WHERE id=7584251
	Update on sbtest2  (cost=0.43..8.45 rows=0 width=0)
	  ->  Index Scan using sbtest2_pkey on sbtest2  (cost=0.43..8.45 rows=1 width=490)
	        Index Cond: (id = 7584251)

table 3 : explain UPDATE sbtest3 SET c='foobar' WHERE id=724890
	Update on sbtest3  (cost=0.43..8.45 rows=0 width=0)
	  ->  Index Scan using sbtest3_pkey on sbtest3  (cost=0.43..8.45 rows=1 width=490)
	        Index Cond: (id = 724890)

table 4 : explain UPDATE sbtest4 SET c='foobar' WHERE id=953904
	Update on sbtest4  (cost=0.43..8.45 rows=0 width=0)
	  ->  Index Scan using sbtest4_pkey on sbtest4  (cost=0.43..8.45 rows=1 width=490)
	        Index Cond: (id = 953904)

table 5 : explain UPDATE sbtest5 SET c='foobar' WHERE id=2194393
	Update on sbtest5  (cost=0.43..8.45 rows=0 width=0)
	  ->  Index Scan using sbtest5_pkey on sbtest5  (cost=0.43..8.45 rows=1 width=490)
	        Index Cond: (id = 2194393)

table 6 : explain UPDATE sbtest6 SET c='foobar' WHERE id=3051163
	Update on sbtest6  (cost=0.43..8.45 rows=0 width=0)
	  ->  Index Scan using sbtest6_pkey on sbtest6  (cost=0.43..8.45 rows=1 width=490)
	        Index Cond: (id = 3051163)

table 7 : explain UPDATE sbtest7 SET c='foobar' WHERE id=1585273
	Update on sbtest7  (cost=0.43..8.45 rows=0 width=0)
	  ->  Index Scan using sbtest7_pkey on sbtest7  (cost=0.43..8.45 rows=1 width=490)
	        Index Cond: (id = 1585273)

table 8 : explain UPDATE sbtest8 SET c='foobar' WHERE id=6043355
	Update on sbtest8  (cost=0.43..8.45 rows=0 width=0)
	  ->  Index Scan using sbtest8_pkey on sbtest8  (cost=0.43..8.45 rows=1 width=490)
	        Index Cond: (id = 6043355)


for deletes
table 1 : explain DELETE FROM sbtest1 WHERE id=8718648
	Delete on sbtest1  (cost=0.43..8.45 rows=0 width=0)
	  ->  Index Scan using sbtest1_pkey on sbtest1  (cost=0.43..8.45 rows=1 width=6)
	        Index Cond: (id = 8718648)

table 2 : explain DELETE FROM sbtest2 WHERE id=9279773
	Delete on sbtest2  (cost=0.43..8.45 rows=0 width=0)
	  ->  Index Scan using sbtest2_pkey on sbtest2  (cost=0.43..8.45 rows=1 width=6)
	        Index Cond: (id = 9279773)

table 3 : explain DELETE FROM sbtest3 WHERE id=6277783
	Delete on sbtest3  (cost=0.43..8.45 rows=0 width=0)
	  ->  Index Scan using sbtest3_pkey on sbtest3  (cost=0.43..8.45 rows=1 width=6)
	        Index Cond: (id = 6277783)

table 4 : explain DELETE FROM sbtest4 WHERE id=7458185
	Delete on sbtest4  (cost=0.43..8.45 rows=0 width=0)
	  ->  Index Scan using sbtest4_pkey on sbtest4  (cost=0.43..8.45 rows=1 width=6)
	        Index Cond: (id = 7458185)

table 5 : explain DELETE FROM sbtest5 WHERE id=290112
	Delete on sbtest5  (cost=0.43..8.45 rows=0 width=0)
	  ->  Index Scan using sbtest5_pkey on sbtest5  (cost=0.43..8.45 rows=1 width=6)
	        Index Cond: (id = 290112)

table 6 : explain DELETE FROM sbtest6 WHERE id=9197841
	Delete on sbtest6  (cost=0.43..8.45 rows=0 width=0)
	  ->  Index Scan using sbtest6_pkey on sbtest6  (cost=0.43..8.45 rows=1 width=6)
	        Index Cond: (id = 9197841)

table 7 : explain DELETE FROM sbtest7 WHERE id=1455999
	Delete on sbtest7  (cost=0.43..8.45 rows=0 width=0)
	  ->  Index Scan using sbtest7_pkey on sbtest7  (cost=0.43..8.45 rows=1 width=6)
	        Index Cond: (id = 1455999)

table 8 : explain DELETE FROM sbtest8 WHERE id=4928432
	Delete on sbtest8  (cost=0.43..8.45 rows=0 width=0)
	  ->  Index Scan using sbtest8_pkey on sbtest8  (cost=0.43..8.45 rows=1 width=6)
	        Index Cond: (id = 4928432)


for inserts
table 1 : explain INSERT INTO sbtest1 (id, k, c, pad) VALUES (9986351, 13, 'foobar', 'foobar')
	Insert on sbtest1  (cost=0.00..0.01 rows=0 width=0)
	  ->  Result  (cost=0.00..0.01 rows=1 width=736)

table 2 : explain INSERT INTO sbtest2 (id, k, c, pad) VALUES (6799930, 13, 'foobar', 'foobar')
	Insert on sbtest2  (cost=0.00..0.01 rows=0 width=0)
	  ->  Result  (cost=0.00..0.01 rows=1 width=736)

table 3 : explain INSERT INTO sbtest3 (id, k, c, pad) VALUES (1258682, 13, 'foobar', 'foobar')
	Insert on sbtest3  (cost=0.00..0.01 rows=0 width=0)
	  ->  Result  (cost=0.00..0.01 rows=1 width=736)

table 4 : explain INSERT INTO sbtest4 (id, k, c, pad) VALUES (5252004, 13, 'foobar', 'foobar')
	Insert on sbtest4  (cost=0.00..0.01 rows=0 width=0)
	  ->  Result  (cost=0.00..0.01 rows=1 width=736)

table 5 : explain INSERT INTO sbtest5 (id, k, c, pad) VALUES (2444299, 13, 'foobar', 'foobar')
	Insert on sbtest5  (cost=0.00..0.01 rows=0 width=0)
	  ->  Result  (cost=0.00..0.01 rows=1 width=736)

table 6 : explain INSERT INTO sbtest6 (id, k, c, pad) VALUES (5826839, 13, 'foobar', 'foobar')
	Insert on sbtest6  (cost=0.00..0.01 rows=0 width=0)
	  ->  Result  (cost=0.00..0.01 rows=1 width=736)

table 7 : explain INSERT INTO sbtest7 (id, k, c, pad) VALUES (8163516, 13, 'foobar', 'foobar')
	Insert on sbtest7  (cost=0.00..0.01 rows=0 width=0)
	  ->  Result  (cost=0.00..0.01 rows=1 width=736)

table 8 : explain INSERT INTO sbtest8 (id, k, c, pad) VALUES (9113443, 13, 'foobar', 'foobar')
	Insert on sbtest8  (cost=0.00..0.01 rows=0 width=0)
	  ->  Result  (cost=0.00..0.01 rows=1 width=736)

for deletes
table 1 : explain DELETE FROM sbtest1 WHERE id=440068
	Delete on sbtest1  (cost=0.43..8.45 rows=0 width=0)
	  ->  Index Scan using sbtest1_pkey on sbtest1  (cost=0.43..8.45 rows=1 width=6)
	        Index Cond: (id = 440068)

table 2 : explain DELETE FROM sbtest2 WHERE id=7810126
	Delete on sbtest2  (cost=0.43..8.45 rows=0 width=0)
	  ->  Index Scan using sbtest2_pkey on sbtest2  (cost=0.43..8.45 rows=1 width=6)
	        Index Cond: (id = 7810126)

table 3 : explain DELETE FROM sbtest3 WHERE id=5440576
	Delete on sbtest3  (cost=0.43..8.45 rows=0 width=0)
	  ->  Index Scan using sbtest3_pkey on sbtest3  (cost=0.43..8.45 rows=1 width=6)
	        Index Cond: (id = 5440576)

table 4 : explain DELETE FROM sbtest4 WHERE id=9021356
	Delete on sbtest4  (cost=0.43..8.45 rows=0 width=0)
	  ->  Index Scan using sbtest4_pkey on sbtest4  (cost=0.43..8.45 rows=1 width=6)
	        Index Cond: (id = 9021356)

table 5 : explain DELETE FROM sbtest5 WHERE id=5812067
	Delete on sbtest5  (cost=0.43..8.45 rows=0 width=0)
	  ->  Index Scan using sbtest5_pkey on sbtest5  (cost=0.43..8.45 rows=1 width=6)
	        Index Cond: (id = 5812067)

table 6 : explain DELETE FROM sbtest6 WHERE id=1011446
	Delete on sbtest6  (cost=0.43..8.45 rows=0 width=0)
	  ->  Index Scan using sbtest6_pkey on sbtest6  (cost=0.43..8.45 rows=1 width=6)
	        Index Cond: (id = 1011446)

table 7 : explain DELETE FROM sbtest7 WHERE id=2146872
	Delete on sbtest7  (cost=0.43..8.45 rows=0 width=0)
	  ->  Index Scan using sbtest7_pkey on sbtest7  (cost=0.43..8.45 rows=1 width=6)
	        Index Cond: (id = 2146872)

table 8 : explain DELETE FROM sbtest8 WHERE id=4488257
	Delete on sbtest8  (cost=0.43..8.45 rows=0 width=0)
	  ->  Index Scan using sbtest8_pkey on sbtest8  (cost=0.43..8.45 rows=1 width=6)
	        Index Cond: (id = 4488257)

for non_index_updates
table 1 : explain UPDATE sbtest1 SET c='foobar' WHERE id=9109768
	Update on sbtest1  (cost=0.43..8.45 rows=0 width=0)
	  ->  Index Scan using sbtest1_pkey on sbtest1  (cost=0.43..8.45 rows=1 width=490)
	        Index Cond: (id = 9109768)

table 2 : explain UPDATE sbtest2 SET c='foobar' WHERE id=4616423
	Update on sbtest2  (cost=0.43..8.45 rows=0 width=0)
	  ->  Index Scan using sbtest2_pkey on sbtest2  (cost=0.43..8.45 rows=1 width=490)
	        Index Cond: (id = 4616423)

table 3 : explain UPDATE sbtest3 SET c='foobar' WHERE id=5605502
	Update on sbtest3  (cost=0.43..8.45 rows=0 width=0)
	  ->  Index Scan using sbtest3_pkey on sbtest3  (cost=0.43..8.45 rows=1 width=490)
	        Index Cond: (id = 5605502)

table 4 : explain UPDATE sbtest4 SET c='foobar' WHERE id=2691571
	Update on sbtest4  (cost=0.43..8.45 rows=0 width=0)
	  ->  Index Scan using sbtest4_pkey on sbtest4  (cost=0.43..8.45 rows=1 width=490)
	        Index Cond: (id = 2691571)

table 5 : explain UPDATE sbtest5 SET c='foobar' WHERE id=9622110
	Update on sbtest5  (cost=0.43..8.45 rows=0 width=0)
	  ->  Index Scan using sbtest5_pkey on sbtest5  (cost=0.43..8.45 rows=1 width=490)
	        Index Cond: (id = 9622110)

table 6 : explain UPDATE sbtest6 SET c='foobar' WHERE id=6559490
	Update on sbtest6  (cost=0.43..8.45 rows=0 width=0)
	  ->  Index Scan using sbtest6_pkey on sbtest6  (cost=0.43..8.45 rows=1 width=490)
	        Index Cond: (id = 6559490)

table 7 : explain UPDATE sbtest7 SET c='foobar' WHERE id=3031315
	Update on sbtest7  (cost=0.43..8.45 rows=0 width=0)
	  ->  Index Scan using sbtest7_pkey on sbtest7  (cost=0.43..8.45 rows=1 width=490)
	        Index Cond: (id = 3031315)

table 8 : explain UPDATE sbtest8 SET c='foobar' WHERE id=6174240
	Update on sbtest8  (cost=0.43..8.45 rows=0 width=0)
	  ->  Index Scan using sbtest8_pkey on sbtest8  (cost=0.43..8.45 rows=1 width=490)
	        Index Cond: (id = 6174240)

explain: for point_selects :: explain SELECT c FROM sbtest%u WHERE id=%u
explain: for point_selects :: explain SELECT c FROM sbtest%u WHERE id=%u
explain: for deletes :: explain DELETE FROM sbtest%u WHERE id=%u
explain: for deletes :: explain DELETE FROM sbtest%u WHERE id=%u
explain: for point_selects :: explain SELECT c FROM sbtest%u WHERE id=%u
explain: for point_selects :: explain SELECT c FROM sbtest%u WHERE id=%u
for: sum_ranges
table 1 : explain SELECT SUM(k) FROM sbtest1 WHERE id BETWEEN 2205495 AND 2205504
	Aggregate  (cost=36.94..36.95 rows=1 width=8)
	  ->  Index Scan using sbtest1_pkey on sbtest1  (cost=0.43..36.92 rows=9 width=4)
	        Index Cond: ((id >= 2205495) AND (id <= 2205504))

table 2 : explain SELECT SUM(k) FROM sbtest2 WHERE id BETWEEN 3202946 AND 3202955
	Aggregate  (cost=40.62..40.63 rows=1 width=8)
	  ->  Index Scan using sbtest2_pkey on sbtest2  (cost=0.43..40.60 rows=10 width=4)
	        Index Cond: ((id >= 3202946) AND (id <= 3202955))

table 3 : explain SELECT SUM(k) FROM sbtest3 WHERE id BETWEEN 6300496 AND 6300505
	Aggregate  (cost=40.89..40.90 rows=1 width=8)
	  ->  Index Scan using sbtest3_pkey on sbtest3  (cost=0.43..40.87 rows=10 width=4)
	        Index Cond: ((id >= 6300496) AND (id <= 6300505))

table 4 : explain SELECT SUM(k) FROM sbtest4 WHERE id BETWEEN 1464739 AND 1464748
	Aggregate  (cost=40.76..40.77 rows=1 width=8)
	  ->  Index Scan using sbtest4_pkey on sbtest4  (cost=0.43..40.73 rows=10 width=4)
	        Index Cond: ((id >= 1464739) AND (id <= 1464748))

table 5 : explain SELECT SUM(k) FROM sbtest5 WHERE id BETWEEN 236784 AND 236793
	Aggregate  (cost=43.86..43.87 rows=1 width=8)
	  ->  Index Scan using sbtest5_pkey on sbtest5  (cost=0.43..43.84 rows=11 width=4)
	        Index Cond: ((id >= 236784) AND (id <= 236793))

table 6 : explain SELECT SUM(k) FROM sbtest6 WHERE id BETWEEN 1955582 AND 1955591
	Aggregate  (cost=44.47..44.48 rows=1 width=8)
	  ->  Index Scan using sbtest6_pkey on sbtest6  (cost=0.43..44.44 rows=11 width=4)
	        Index Cond: ((id >= 1955582) AND (id <= 1955591))

table 7 : explain SELECT SUM(k) FROM sbtest7 WHERE id BETWEEN 7159949 AND 7159958
	Aggregate  (cost=36.90..36.91 rows=1 width=8)
	  ->  Index Scan using sbtest7_pkey on sbtest7  (cost=0.43..36.88 rows=9 width=4)
	        Index Cond: ((id >= 7159949) AND (id <= 7159958))

table 8 : explain SELECT SUM(k) FROM sbtest8 WHERE id BETWEEN 2791163 AND 2791172
	Aggregate  (cost=40.26..40.27 rows=1 width=8)
	  ->  Index Scan using sbtest8_pkey on sbtest8  (cost=0.43..40.23 rows=10 width=4)
	        Index Cond: ((id >= 2791163) AND (id <= 2791172))

explain: for deletes :: explain DELETE FROM sbtest%u WHERE id=%u
explain: for inserts :: explain INSERT INTO sbtest%u (id, k, c, pad) VALUES (%u, 13, 'foobar', 'foobar')
explain: for inserts :: explain INSERT INTO sbtest%u (id, k, c, pad) VALUES (%u, 13, 'foobar', 'foobar')
for: order_ranges
table 1 : explain SELECT c FROM sbtest1 WHERE id BETWEEN 1821399 AND 1821408 ORDER BY c
	Sort  (cost=40.64..40.66 rows=10 width=121)
	  Sort Key: c
	  ->  Index Scan using sbtest1_pkey on sbtest1  (cost=0.43..40.47 rows=10 width=121)
	        Index Cond: ((id >= 1821399) AND (id <= 1821408))

table 2 : explain SELECT c FROM sbtest2 WHERE id BETWEEN 1167920 AND 1167929 ORDER BY c
	Sort  (cost=40.76..40.79 rows=10 width=121)
	  Sort Key: c
	  ->  Index Scan using sbtest2_pkey on sbtest2  (cost=0.43..40.60 rows=10 width=121)
	        Index Cond: ((id >= 1167920) AND (id <= 1167929))

table 3 : explain SELECT c FROM sbtest3 WHERE id BETWEEN 3445866 AND 3445875 ORDER BY c
	Sort  (cost=44.66..44.69 rows=11 width=121)
	  Sort Key: c
	  ->  Index Scan using sbtest3_pkey on sbtest3  (cost=0.43..44.47 rows=11 width=121)
	        Index Cond: ((id >= 3445866) AND (id <= 3445875))

table 4 : explain SELECT c FROM sbtest4 WHERE id BETWEEN 7554967 AND 7554976 ORDER BY c
	Sort  (cost=40.90..40.93 rows=10 width=121)
	  Sort Key: c
	  ->  Index Scan using sbtest4_pkey on sbtest4  (cost=0.43..40.73 rows=10 width=121)
	        Index Cond: ((id >= 7554967) AND (id <= 7554976))

table 5 : explain SELECT c FROM sbtest5 WHERE id BETWEEN 3822783 AND 3822792 ORDER BY c
	Sort  (cost=40.46..40.49 rows=10 width=121)
	  Sort Key: c
	  ->  Index Scan using sbtest5_pkey on sbtest5  (cost=0.43..40.30 rows=10 width=121)
	        Index Cond: ((id >= 3822783) AND (id <= 3822792))

table 6 : explain SELECT c FROM sbtest6 WHERE id BETWEEN 2926596 AND 2926605 ORDER BY c
	Sort  (cost=41.01..41.04 rows=10 width=121)
	  Sort Key: c
	  ->  Index Scan using sbtest6_pkey on sbtest6  (cost=0.43..40.84 rows=10 width=121)
	        Index Cond: ((id >= 2926596) AND (id <= 2926605))

table 7 : explain SELECT c FROM sbtest7 WHERE id BETWEEN 8047664 AND 8047673 ORDER BY c
	Sort  (cost=37.02..37.04 rows=9 width=121)
	  Sort Key: c
	  ->  Index Scan using sbtest7_pkey on sbtest7  (cost=0.43..36.88 rows=9 width=121)
	        Index Cond: ((id >= 8047664) AND (id <= 8047673))

table 8 : explain SELECT c FROM sbtest8 WHERE id BETWEEN 7121202 AND 7121211 ORDER BY c
	Sort  (cost=40.40..40.42 rows=10 width=121)
	  Sort Key: c
	  ->  Index Scan using sbtest8_pkey on sbtest8  (cost=0.43..40.23 rows=10 width=121)
	        Index Cond: ((id >= 7121202) AND (id <= 7121211))

for deletes
table 1 : explain DELETE FROM sbtest1 WHERE id=5919197
	Delete on sbtest1  (cost=0.43..8.45 rows=0 width=0)
	  ->  Index Scan using sbtest1_pkey on sbtest1  (cost=0.43..8.45 rows=1 width=6)
	        Index Cond: (id = 5919197)

table 2 : explain DELETE FROM sbtest2 WHERE id=4594378
	Delete on sbtest2  (cost=0.43..8.45 rows=0 width=0)
	  ->  Index Scan using sbtest2_pkey on sbtest2  (cost=0.43..8.45 rows=1 width=6)
	        Index Cond: (id = 4594378)

table 3 : explain DELETE FROM sbtest3 WHERE id=7126073
	Delete on sbtest3  (cost=0.43..8.45 rows=0 width=0)
	  ->  Index Scan using sbtest3_pkey on sbtest3  (cost=0.43..8.45 rows=1 width=6)
	        Index Cond: (id = 7126073)

table 4 : explain DELETE FROM sbtest4 WHERE id=9273362
	Delete on sbtest4  (cost=0.43..8.45 rows=0 width=0)
	  ->  Index Scan using sbtest4_pkey on sbtest4  (cost=0.43..8.45 rows=1 width=6)
	        Index Cond: (id = 9273362)

table 5 : explain DELETE FROM sbtest5 WHERE id=3406864
	Delete on sbtest5  (cost=0.43..8.45 rows=0 width=0)
	  ->  Index Scan using sbtest5_pkey on sbtest5  (cost=0.43..8.45 rows=1 width=6)
	        Index Cond: (id = 3406864)

table 6 : explain DELETE FROM sbtest6 WHERE id=661763
	Delete on sbtest6  (cost=0.43..8.45 rows=0 width=0)
	  ->  Index Scan using sbtest6_pkey on sbtest6  (cost=0.43..8.45 rows=1 width=6)
	        Index Cond: (id = 661763)

table 7 : explain DELETE FROM sbtest7 WHERE id=1011676
	Delete on sbtest7  (cost=0.43..8.45 rows=0 width=0)
	  ->  Index Scan using sbtest7_pkey on sbtest7  (cost=0.43..8.45 rows=1 width=6)
	        Index Cond: (id = 1011676)

table 8 : explain DELETE FROM sbtest8 WHERE id=7949409
	Delete on sbtest8  (cost=0.43..8.45 rows=0 width=0)
	  ->  Index Scan using sbtest8_pkey on sbtest8  (cost=0.43..8.45 rows=1 width=6)
	        Index Cond: (id = 7949409)

for inserts
table 1 : explain INSERT INTO sbtest1 (id, k, c, pad) VALUES (519399, 13, 'foobar', 'foobar')
	Insert on sbtest1  (cost=0.00..0.01 rows=0 width=0)
	  ->  Result  (cost=0.00..0.01 rows=1 width=736)

table 2 : explain INSERT INTO sbtest2 (id, k, c, pad) VALUES (8468424, 13, 'foobar', 'foobar')
	Insert on sbtest2  (cost=0.00..0.01 rows=0 width=0)
	  ->  Result  (cost=0.00..0.01 rows=1 width=736)

table 3 : explain INSERT INTO sbtest3 (id, k, c, pad) VALUES (2586734, 13, 'foobar', 'foobar')
	Insert on sbtest3  (cost=0.00..0.01 rows=0 width=0)
	  ->  Result  (cost=0.00..0.01 rows=1 width=736)

table 4 : explain INSERT INTO sbtest4 (id, k, c, pad) VALUES (7583285, 13, 'foobar', 'foobar')
	Insert on sbtest4  (cost=0.00..0.01 rows=0 width=0)
	  ->  Result  (cost=0.00..0.01 rows=1 width=736)

table 5 : explain INSERT INTO sbtest5 (id, k, c, pad) VALUES (9189186, 13, 'foobar', 'foobar')
	Insert on sbtest5  (cost=0.00..0.01 rows=0 width=0)
	  ->  Result  (cost=0.00..0.01 rows=1 width=736)

table 6 : explain INSERT INTO sbtest6 (id, k, c, pad) VALUES (168884, 13, 'foobar', 'foobar')
	Insert on sbtest6  (cost=0.00..0.01 rows=0 width=0)
	  ->  Result  (cost=0.00..0.01 rows=1 width=736)

table 7 : explain INSERT INTO sbtest7 (id, k, c, pad) VALUES (321419, 13, 'foobar', 'foobar')
	Insert on sbtest7  (cost=0.00..0.01 rows=0 width=0)
	  ->  Result  (cost=0.00..0.01 rows=1 width=736)

table 8 : explain INSERT INTO sbtest8 (id, k, c, pad) VALUES (9992345, 13, 'foobar', 'foobar')
	Insert on sbtest8  (cost=0.00..0.01 rows=0 width=0)
	  ->  Result  (cost=0.00..0.01 rows=1 width=736)

for deletes
table 1 : explain DELETE FROM sbtest1 WHERE id=8600393
	Delete on sbtest1  (cost=0.43..8.45 rows=0 width=0)
	  ->  Index Scan using sbtest1_pkey on sbtest1  (cost=0.43..8.45 rows=1 width=6)
	        Index Cond: (id = 8600393)

table 2 : explain DELETE FROM sbtest2 WHERE id=5403395
	Delete on sbtest2  (cost=0.43..8.45 rows=0 width=0)
	  ->  Index Scan using sbtest2_pkey on sbtest2  (cost=0.43..8.45 rows=1 width=6)
	        Index Cond: (id = 5403395)

table 3 : explain DELETE FROM sbtest3 WHERE id=1352823
	Delete on sbtest3  (cost=0.43..8.45 rows=0 width=0)
	  ->  Index Scan using sbtest3_pkey on sbtest3  (cost=0.43..8.45 rows=1 width=6)
	        Index Cond: (id = 1352823)

table 4 : explain DELETE FROM sbtest4 WHERE id=629689
	Delete on sbtest4  (cost=0.43..8.45 rows=0 width=0)
	  ->  Index Scan using sbtest4_pkey on sbtest4  (cost=0.43..8.45 rows=1 width=6)
	        Index Cond: (id = 629689)

table 5 : explain DELETE FROM sbtest5 WHERE id=4633645
	Delete on sbtest5  (cost=0.43..8.45 rows=0 width=0)
	  ->  Index Scan using sbtest5_pkey on sbtest5  (cost=0.43..8.45 rows=1 width=6)
	        Index Cond: (id = 4633645)

table 6 : explain DELETE FROM sbtest6 WHERE id=5487156
	Delete on sbtest6  (cost=0.43..8.45 rows=0 width=0)
	  ->  Index Scan using sbtest6_pkey on sbtest6  (cost=0.43..8.45 rows=1 width=6)
	        Index Cond: (id = 5487156)

table 7 : explain DELETE FROM sbtest7 WHERE id=256011
	Delete on sbtest7  (cost=0.43..8.45 rows=0 width=0)
	  ->  Index Scan using sbtest7_pkey on sbtest7  (cost=0.43..8.45 rows=1 width=6)
	        Index Cond: (id = 256011)

table 8 : explain DELETE FROM sbtest8 WHERE id=7047060
	Delete on sbtest8  (cost=0.43..8.45 rows=0 width=0)
	  ->  Index Scan using sbtest8_pkey on sbtest8  (cost=0.43..8.45 rows=1 width=6)
	        Index Cond: (id = 7047060)

for deletes
table 1 : explain DELETE FROM sbtest1 WHERE id=8236860
	Delete on sbtest1  (cost=0.43..8.45 rows=0 width=0)
	  ->  Index Scan using sbtest1_pkey on sbtest1  (cost=0.43..8.45 rows=1 width=6)
	        Index Cond: (id = 8236860)

table 2 : explain DELETE FROM sbtest2 WHERE id=6654104
	Delete on sbtest2  (cost=0.43..8.45 rows=0 width=0)
	  ->  Index Scan using sbtest2_pkey on sbtest2  (cost=0.43..8.45 rows=1 width=6)
	        Index Cond: (id = 6654104)

table 3 : explain DELETE FROM sbtest3 WHERE id=7501831
	Delete on sbtest3  (cost=0.43..8.45 rows=0 width=0)
	  ->  Index Scan using sbtest3_pkey on sbtest3  (cost=0.43..8.45 rows=1 width=6)
	        Index Cond: (id = 7501831)

table 4 : explain DELETE FROM sbtest4 WHERE id=6631728
	Delete on sbtest4  (cost=0.43..8.45 rows=0 width=0)
	  ->  Index Scan using sbtest4_pkey on sbtest4  (cost=0.43..8.45 rows=1 width=6)
	        Index Cond: (id = 6631728)

table 5 : explain DELETE FROM sbtest5 WHERE id=1004162
	Delete on sbtest5  (cost=0.43..8.45 rows=0 width=0)
	  ->  Index Scan using sbtest5_pkey on sbtest5  (cost=0.43..8.45 rows=1 width=6)
	        Index Cond: (id = 1004162)

table 6 : explain DELETE FROM sbtest6 WHERE id=5656524
	Delete on sbtest6  (cost=0.43..8.45 rows=0 width=0)
	  ->  Index Scan using sbtest6_pkey on sbtest6  (cost=0.43..8.45 rows=1 width=6)
	        Index Cond: (id = 5656524)

table 7 : explain DELETE FROM sbtest7 WHERE id=3952869
	Delete on sbtest7  (cost=0.43..8.45 rows=0 width=0)
	  ->  Index Scan using sbtest7_pkey on sbtest7  (cost=0.43..8.45 rows=1 width=6)
	        Index Cond: (id = 3952869)

table 8 : explain DELETE FROM sbtest8 WHERE id=726205
	Delete on sbtest8  (cost=0.43..8.45 rows=0 width=0)
	  ->  Index Scan using sbtest8_pkey on sbtest8  (cost=0.43..8.45 rows=1 width=6)
	        Index Cond: (id = 726205)

for deletes
table 1 : explain DELETE FROM sbtest1 WHERE id=4951614
	Delete on sbtest1  (cost=0.43..8.45 rows=0 width=0)
	  ->  Index Scan using sbtest1_pkey on sbtest1  (cost=0.43..8.45 rows=1 width=6)
	        Index Cond: (id = 4951614)

table 2 : explain DELETE FROM sbtest2 WHERE id=7077237
	Delete on sbtest2  (cost=0.43..8.45 rows=0 width=0)
	  ->  Index Scan using sbtest2_pkey on sbtest2  (cost=0.43..8.45 rows=1 width=6)
	        Index Cond: (id = 7077237)

table 3 : explain DELETE FROM sbtest3 WHERE id=4246666
	Delete on sbtest3  (cost=0.43..8.45 rows=0 width=0)
	  ->  Index Scan using sbtest3_pkey on sbtest3  (cost=0.43..8.45 rows=1 width=6)
	        Index Cond: (id = 4246666)

table 4 : explain DELETE FROM sbtest4 WHERE id=9685885
	Delete on sbtest4  (cost=0.43..8.45 rows=0 width=0)
	  ->  Index Scan using sbtest4_pkey on sbtest4  (cost=0.43..8.45 rows=1 width=6)
	        Index Cond: (id = 9685885)

table 5 : explain DELETE FROM sbtest5 WHERE id=7413005
	Delete on sbtest5  (cost=0.43..8.45 rows=0 width=0)
	  ->  Index Scan using sbtest5_pkey on sbtest5  (cost=0.43..8.45 rows=1 width=6)
	        Index Cond: (id = 7413005)

table 6 : explain DELETE FROM sbtest6 WHERE id=9457744
	Delete on sbtest6  (cost=0.43..8.45 rows=0 width=0)
	  ->  Index Scan using sbtest6_pkey on sbtest6  (cost=0.43..8.45 rows=1 width=6)
	        Index Cond: (id = 9457744)

table 7 : explain DELETE FROM sbtest7 WHERE id=6489337
	Delete on sbtest7  (cost=0.43..8.45 rows=0 width=0)
	  ->  Index Scan using sbtest7_pkey on sbtest7  (cost=0.43..8.45 rows=1 width=6)
	        Index Cond: (id = 6489337)

table 8 : explain DELETE FROM sbtest8 WHERE id=3368821
	Delete on sbtest8  (cost=0.43..8.45 rows=0 width=0)
	  ->  Index Scan using sbtest8_pkey on sbtest8  (cost=0.43..8.45 rows=1 width=6)
	        Index Cond: (id = 3368821)

for: sum_ranges
table 1 : explain SELECT SUM(k) FROM sbtest1 WHERE id BETWEEN 4930002 AND 4930011
	Aggregate  (cost=40.50..40.51 rows=1 width=8)
	  ->  Index Scan using sbtest1_pkey on sbtest1  (cost=0.43..40.47 rows=10 width=4)
	        Index Cond: ((id >= 4930002) AND (id <= 4930011))

table 2 : explain SELECT SUM(k) FROM sbtest2 WHERE id BETWEEN 5741922 AND 5741931
	Aggregate  (cost=33.47..33.48 rows=1 width=8)
	  ->  Index Scan using sbtest2_pkey on sbtest2  (cost=0.43..33.45 rows=8 width=4)
	        Index Cond: ((id >= 5741922) AND (id <= 5741931))

table 3 : explain SELECT SUM(k) FROM sbtest3 WHERE id BETWEEN 5545658 AND 5545667
	Aggregate  (cost=40.89..40.90 rows=1 width=8)
	  ->  Index Scan using sbtest3_pkey on sbtest3  (cost=0.43..40.87 rows=10 width=4)
	        Index Cond: ((id >= 5545658) AND (id <= 5545667))

table 4 : explain SELECT SUM(k) FROM sbtest4 WHERE id BETWEEN 9480223 AND 9480232
	Aggregate  (cost=37.17..37.18 rows=1 width=8)
	  ->  Index Scan using sbtest4_pkey on sbtest4  (cost=0.43..37.15 rows=9 width=4)
	        Index Cond: ((id >= 9480223) AND (id <= 9480232))

table 5 : explain SELECT SUM(k) FROM sbtest5 WHERE id BETWEEN 5872064 AND 5872073
	Aggregate  (cost=40.32..40.33 rows=1 width=8)
	  ->  Index Scan using sbtest5_pkey on sbtest5  (cost=0.43..40.30 rows=10 width=4)
	        Index Cond: ((id >= 5872064) AND (id <= 5872073))

table 6 : explain SELECT SUM(k) FROM sbtest6 WHERE id BETWEEN 5813685 AND 5813694
	Aggregate  (cost=44.47..44.48 rows=1 width=8)
	  ->  Index Scan using sbtest6_pkey on sbtest6  (cost=0.43..44.44 rows=11 width=4)
	        Index Cond: ((id >= 5813685) AND (id <= 5813694))

table 7 : explain SELECT SUM(k) FROM sbtest7 WHERE id BETWEEN 7632354 AND 7632363
	Aggregate  (cost=40.45..40.46 rows=1 width=8)
	  ->  Index Scan using sbtest7_pkey on sbtest7  (cost=0.43..40.43 rows=10 width=4)
	        Index Cond: ((id >= 7632354) AND (id <= 7632363))

table 8 : explain SELECT SUM(k) FROM sbtest8 WHERE id BETWEEN 7406566 AND 7406575
	Aggregate  (cost=40.26..40.27 rows=1 width=8)
	  ->  Index Scan using sbtest8_pkey on sbtest8  (cost=0.43..40.23 rows=10 width=4)
	        Index Cond: ((id >= 7406566) AND (id <= 7406575))

explain: for inserts :: explain INSERT INTO sbtest%u (id, k, c, pad) VALUES (%u, 13, 'foobar', 'foobar')
for: order_ranges
table 1 : explain SELECT c FROM sbtest1 WHERE id BETWEEN 1031995 AND 1032004 ORDER BY c
	Sort  (cost=40.64..40.66 rows=10 width=121)
	  Sort Key: c
	  ->  Index Scan using sbtest1_pkey on sbtest1  (cost=0.43..40.47 rows=10 width=121)
	        Index Cond: ((id >= 1031995) AND (id <= 1032004))

table 2 : explain SELECT c FROM sbtest2 WHERE id BETWEEN 9337948 AND 9337957 ORDER BY c
	Sort  (cost=40.76..40.79 rows=10 width=121)
	  Sort Key: c
	  ->  Index Scan using sbtest2_pkey on sbtest2  (cost=0.43..40.60 rows=10 width=121)
	        Index Cond: ((id >= 9337948) AND (id <= 9337957))

table 3 : explain SELECT c FROM sbtest3 WHERE id BETWEEN 2103077 AND 2103086 ORDER BY c
	Sort  (cost=44.66..44.69 rows=11 width=121)
	  Sort Key: c
	  ->  Index Scan using sbtest3_pkey on sbtest3  (cost=0.43..44.47 rows=11 width=121)
	        Index Cond: ((id >= 2103077) AND (id <= 2103086))

table 4 : explain SELECT c FROM sbtest4 WHERE id BETWEEN 442533 AND 442542 ORDER BY c
	Sort  (cost=40.90..40.93 rows=10 width=121)
	  Sort Key: c
	  ->  Index Scan using sbtest4_pkey on sbtest4  (cost=0.43..40.73 rows=10 width=121)
	        Index Cond: ((id >= 442533) AND (id <= 442542))

table 5 : explain SELECT c FROM sbtest5 WHERE id BETWEEN 2200856 AND 2200865 ORDER BY c
	Sort  (cost=36.90..36.93 rows=9 width=121)
	  Sort Key: c
	  ->  Index Scan using sbtest5_pkey on sbtest5  (cost=0.43..36.76 rows=9 width=121)
	        Index Cond: ((id >= 2200856) AND (id <= 2200865))

table 6 : explain SELECT c FROM sbtest6 WHERE id BETWEEN 4238793 AND 4238802 ORDER BY c
	Sort  (cost=41.01..41.04 rows=10 width=121)
	  Sort Key: c
	  ->  Index Scan using sbtest6_pkey on sbtest6  (cost=0.43..40.84 rows=10 width=121)
	        Index Cond: ((id >= 4238793) AND (id <= 4238802))

table 7 : explain SELECT c FROM sbtest7 WHERE id BETWEEN 200376 AND 200385 ORDER BY c
	Sort  (cost=40.59..40.62 rows=10 width=121)
	  Sort Key: c
	  ->  Index Scan using sbtest7_pkey on sbtest7  (cost=0.43..40.43 rows=10 width=121)
	        Index Cond: ((id >= 200376) AND (id <= 200385))

table 8 : explain SELECT c FROM sbtest8 WHERE id BETWEEN 5369226 AND 5369235 ORDER BY c
	Sort  (cost=43.95..43.98 rows=11 width=121)
	  Sort Key: c
	  ->  Index Scan using sbtest8_pkey on sbtest8  (cost=0.43..43.76 rows=11 width=121)
	        Index Cond: ((id >= 5369226) AND (id <= 5369235))

for: distinct_ranges
table 1 : explain SELECT DISTINCT c FROM sbtest1 WHERE id BETWEEN 7613344 AND 7613353 ORDER BY c
	Unique  (cost=40.64..40.69 rows=10 width=121)
	  ->  Sort  (cost=40.64..40.66 rows=10 width=121)
	        Sort Key: c
	        ->  Index Scan using sbtest1_pkey on sbtest1  (cost=0.43..40.47 rows=10 width=121)
	              Index Cond: ((id >= 7613344) AND (id <= 7613353))

table 2 : explain SELECT DISTINCT c FROM sbtest2 WHERE id BETWEEN 2515490 AND 2515499 ORDER BY c
	Unique  (cost=40.76..40.81 rows=10 width=121)
	  ->  Sort  (cost=40.76..40.79 rows=10 width=121)
	        Sort Key: c
	        ->  Index Scan using sbtest2_pkey on sbtest2  (cost=0.43..40.60 rows=10 width=121)
	              Index Cond: ((id >= 2515490) AND (id <= 2515499))

table 3 : explain SELECT DISTINCT c FROM sbtest3 WHERE id BETWEEN 8682786 AND 8682795 ORDER BY c
	Unique  (cost=44.66..44.71 rows=11 width=121)
	  ->  Sort  (cost=44.66..44.69 rows=11 width=121)
	        Sort Key: c
	        ->  Index Scan using sbtest3_pkey on sbtest3  (cost=0.43..44.47 rows=11 width=121)
	              Index Cond: ((id >= 8682786) AND (id <= 8682795))

table 4 : explain SELECT DISTINCT c FROM sbtest4 WHERE id BETWEEN 9800765 AND 9800774 ORDER BY c
	Unique  (cost=40.90..40.95 rows=10 width=121)
	  ->  Sort  (cost=40.90..40.93 rows=10 width=121)
	        Sort Key: c
	        ->  Index Scan using sbtest4_pkey on sbtest4  (cost=0.43..40.73 rows=10 width=121)
	              Index Cond: ((id >= 9800765) AND (id <= 9800774))

table 5 : explain SELECT DISTINCT c FROM sbtest5 WHERE id BETWEEN 5093225 AND 5093234 ORDER BY c
	Unique  (cost=40.46..40.51 rows=10 width=121)
	  ->  Sort  (cost=40.46..40.49 rows=10 width=121)
	        Sort Key: c
	        ->  Index Scan using sbtest5_pkey on sbtest5  (cost=0.43..40.30 rows=10 width=121)
	              Index Cond: ((id >= 5093225) AND (id <= 5093234))

table 6 : explain SELECT DISTINCT c FROM sbtest6 WHERE id BETWEEN 1408396 AND 1408405 ORDER BY c
	Unique  (cost=41.01..41.06 rows=10 width=121)
	  ->  Sort  (cost=41.01..41.04 rows=10 width=121)
	        Sort Key: c
	        ->  Index Scan using sbtest6_pkey on sbtest6  (cost=0.43..40.84 rows=10 width=121)
	              Index Cond: ((id >= 1408396) AND (id <= 1408405))

table 7 : explain SELECT DISTINCT c FROM sbtest7 WHERE id BETWEEN 7750241 AND 7750250 ORDER BY c
	Unique  (cost=40.59..40.64 rows=10 width=121)
	  ->  Sort  (cost=40.59..40.62 rows=10 width=121)
	        Sort Key: c
	        ->  Index Scan using sbtest7_pkey on sbtest7  (cost=0.43..40.43 rows=10 width=121)
	              Index Cond: ((id >= 7750241) AND (id <= 7750250))

table 8 : explain SELECT DISTINCT c FROM sbtest8 WHERE id BETWEEN 2250159 AND 2250168 ORDER BY c
	Unique  (cost=36.85..36.89 rows=9 width=121)
	  ->  Sort  (cost=36.85..36.87 rows=9 width=121)
	        Sort Key: c
	        ->  Index Scan using sbtest8_pkey on sbtest8  (cost=0.43..36.70 rows=9 width=121)
	              Index Cond: ((id >= 2250159) AND (id <= 2250168))

for inserts
table 1 : explain INSERT INTO sbtest1 (id, k, c, pad) VALUES (6884858, 13, 'foobar', 'foobar')
	Insert on sbtest1  (cost=0.00..0.01 rows=0 width=0)
	  ->  Result  (cost=0.00..0.01 rows=1 width=736)

table 2 : explain INSERT INTO sbtest2 (id, k, c, pad) VALUES (1395407, 13, 'foobar', 'foobar')
	Insert on sbtest2  (cost=0.00..0.01 rows=0 width=0)
	  ->  Result  (cost=0.00..0.01 rows=1 width=736)

table 3 : explain INSERT INTO sbtest3 (id, k, c, pad) VALUES (8635280, 13, 'foobar', 'foobar')
	Insert on sbtest3  (cost=0.00..0.01 rows=0 width=0)
	  ->  Result  (cost=0.00..0.01 rows=1 width=736)

table 4 : explain INSERT INTO sbtest4 (id, k, c, pad) VALUES (2627941, 13, 'foobar', 'foobar')
	Insert on sbtest4  (cost=0.00..0.01 rows=0 width=0)
	  ->  Result  (cost=0.00..0.01 rows=1 width=736)

table 5 : explain INSERT INTO sbtest5 (id, k, c, pad) VALUES (3153337, 13, 'foobar', 'foobar')
	Insert on sbtest5  (cost=0.00..0.01 rows=0 width=0)
	  ->  Result  (cost=0.00..0.01 rows=1 width=736)

table 6 : explain INSERT INTO sbtest6 (id, k, c, pad) VALUES (558670, 13, 'foobar', 'foobar')
	Insert on sbtest6  (cost=0.00..0.01 rows=0 width=0)
	  ->  Result  (cost=0.00..0.01 rows=1 width=736)

table 7 : explain INSERT INTO sbtest7 (id, k, c, pad) VALUES (6486834, 13, 'foobar', 'foobar')
	Insert on sbtest7  (cost=0.00..0.01 rows=0 width=0)
	  ->  Result  (cost=0.00..0.01 rows=1 width=736)

table 8 : explain INSERT INTO sbtest8 (id, k, c, pad) VALUES (8938333, 13, 'foobar', 'foobar')
	Insert on sbtest8  (cost=0.00..0.01 rows=0 width=0)
	  ->  Result  (cost=0.00..0.01 rows=1 width=736)

explain: for point_selects :: explain SELECT c FROM sbtest%u WHERE id=%u
explain: for point_selects :: explain SELECT c FROM sbtest%u WHERE id=%u
explain: for inserts :: explain INSERT INTO sbtest%u (id, k, c, pad) VALUES (%u, 13, 'foobar', 'foobar')
explain: for index_updates :: explain UPDATE sbtest%u SET k=k+1 WHERE id=%u
for: order_ranges
table 1 : explain SELECT c FROM sbtest1 WHERE id BETWEEN 3163272 AND 3163281 ORDER BY c
	Sort  (cost=44.22..44.25 rows=11 width=121)
	  Sort Key: c
	  ->  Index Scan using sbtest1_pkey on sbtest1  (cost=0.43..44.03 rows=11 width=121)
	        Index Cond: ((id >= 3163272) AND (id <= 3163281))

table 2 : explain SELECT c FROM sbtest2 WHERE id BETWEEN 4763208 AND 4763217 ORDER BY c
	Sort  (cost=40.76..40.79 rows=10 width=121)
	  Sort Key: c
	  ->  Index Scan using sbtest2_pkey on sbtest2  (cost=0.43..40.60 rows=10 width=121)
	        Index Cond: ((id >= 4763208) AND (id <= 4763217))

table 3 : explain SELECT c FROM sbtest3 WHERE id BETWEEN 3477005 AND 3477014 ORDER BY c
	Sort  (cost=44.66..44.69 rows=11 width=121)
	  Sort Key: c
	  ->  Index Scan using sbtest3_pkey on sbtest3  (cost=0.43..44.47 rows=11 width=121)
	        Index Cond: ((id >= 3477005) AND (id <= 3477014))

table 4 : explain SELECT c FROM sbtest4 WHERE id BETWEEN 3218626 AND 3218635 ORDER BY c
	Sort  (cost=40.90..40.93 rows=10 width=121)
	  Sort Key: c
	  ->  Index Scan using sbtest4_pkey on sbtest4  (cost=0.43..40.73 rows=10 width=121)
	        Index Cond: ((id >= 3218626) AND (id <= 3218635))

table 5 : explain SELECT c FROM sbtest5 WHERE id BETWEEN 2445619 AND 2445628 ORDER BY c
	Sort  (cost=44.03..44.05 rows=11 width=121)
	  Sort Key: c
	  ->  Index Scan using sbtest5_pkey on sbtest5  (cost=0.43..43.84 rows=11 width=121)
	        Index Cond: ((id >= 2445619) AND (id <= 2445628))

table 6 : explain SELECT c FROM sbtest6 WHERE id BETWEEN 4278292 AND 4278301 ORDER BY c
	Sort  (cost=41.01..41.04 rows=10 width=121)
	  Sort Key: c
	  ->  Index Scan using sbtest6_pkey on sbtest6  (cost=0.43..40.84 rows=10 width=121)
	        Index Cond: ((id >= 4278292) AND (id <= 4278301))

table 7 : explain SELECT c FROM sbtest7 WHERE id BETWEEN 2813238 AND 2813247 ORDER BY c
	Sort  (cost=40.59..40.62 rows=10 width=121)
	  Sort Key: c
	  ->  Index Scan using sbtest7_pkey on sbtest7  (cost=0.43..40.43 rows=10 width=121)
	        Index Cond: ((id >= 2813238) AND (id <= 2813247))

table 8 : explain SELECT c FROM sbtest8 WHERE id BETWEEN 2725980 AND 2725989 ORDER BY c
	Sort  (cost=40.40..40.42 rows=10 width=121)
	  Sort Key: c
	  ->  Index Scan using sbtest8_pkey on sbtest8  (cost=0.43..40.23 rows=10 width=121)
	        Index Cond: ((id >= 2725980) AND (id <= 2725989))

explain: for inserts :: explain INSERT INTO sbtest%u (id, k, c, pad) VALUES (%u, 13, 'foobar', 'foobar')
for point_selects
table 1 : explain SELECT c FROM sbtest1 WHERE id=5408069
	Index Scan using sbtest1_pkey on sbtest1  (cost=0.43..8.45 rows=1 width=121)
	  Index Cond: (id = 5408069)

table 2 : explain SELECT c FROM sbtest2 WHERE id=284180
	Index Scan using sbtest2_pkey on sbtest2  (cost=0.43..8.45 rows=1 width=121)
	  Index Cond: (id = 284180)

table 3 : explain SELECT c FROM sbtest3 WHERE id=9976184
	Index Scan using sbtest3_pkey on sbtest3  (cost=0.43..8.45 rows=1 width=121)
	  Index Cond: (id = 9976184)

table 4 : explain SELECT c FROM sbtest4 WHERE id=8724727
	Index Scan using sbtest4_pkey on sbtest4  (cost=0.43..8.45 rows=1 width=121)
	  Index Cond: (id = 8724727)

table 5 : explain SELECT c FROM sbtest5 WHERE id=7802597
	Index Scan using sbtest5_pkey on sbtest5  (cost=0.43..8.45 rows=1 width=121)
	  Index Cond: (id = 7802597)

table 6 : explain SELECT c FROM sbtest6 WHERE id=2802438
	Index Scan using sbtest6_pkey on sbtest6  (cost=0.43..8.45 rows=1 width=121)
	  Index Cond: (id = 2802438)

table 7 : explain SELECT c FROM sbtest7 WHERE id=8602353
	Index Scan using sbtest7_pkey on sbtest7  (cost=0.43..8.45 rows=1 width=121)
	  Index Cond: (id = 8602353)

table 8 : explain SELECT c FROM sbtest8 WHERE id=7034901
	Index Scan using sbtest8_pkey on sbtest8  (cost=0.43..8.45 rows=1 width=121)
	  Index Cond: (id = 7034901)

for point_selects
table 1 : explain SELECT c FROM sbtest1 WHERE id=390784
	Index Scan using sbtest1_pkey on sbtest1  (cost=0.43..8.45 rows=1 width=121)
	  Index Cond: (id = 390784)

table 2 : explain SELECT c FROM sbtest2 WHERE id=957677
	Index Scan using sbtest2_pkey on sbtest2  (cost=0.43..8.45 rows=1 width=121)
	  Index Cond: (id = 957677)

table 3 : explain SELECT c FROM sbtest3 WHERE id=4971746
	Index Scan using sbtest3_pkey on sbtest3  (cost=0.43..8.45 rows=1 width=121)
	  Index Cond: (id = 4971746)

table 4 : explain SELECT c FROM sbtest4 WHERE id=1389970
	Index Scan using sbtest4_pkey on sbtest4  (cost=0.43..8.45 rows=1 width=121)
	  Index Cond: (id = 1389970)

table 5 : explain SELECT c FROM sbtest5 WHERE id=2559390
	Index Scan using sbtest5_pkey on sbtest5  (cost=0.43..8.45 rows=1 width=121)
	  Index Cond: (id = 2559390)

table 6 : explain SELECT c FROM sbtest6 WHERE id=5006077
	Index Scan using sbtest6_pkey on sbtest6  (cost=0.43..8.45 rows=1 width=121)
	  Index Cond: (id = 5006077)

table 7 : explain SELECT c FROM sbtest7 WHERE id=8798800
	Index Scan using sbtest7_pkey on sbtest7  (cost=0.43..8.45 rows=1 width=121)
	  Index Cond: (id = 8798800)

table 8 : explain SELECT c FROM sbtest8 WHERE id=4831105
	Index Scan using sbtest8_pkey on sbtest8  (cost=0.43..8.45 rows=1 width=121)
	  Index Cond: (id = 4831105)
for point_selects
table 1 : explain SELECT c FROM sbtest1 WHERE id=6623193
	Index Scan using sbtest1_pkey on sbtest1  (cost=0.43..8.45 rows=1 width=121)
	  Index Cond: (id = 6623193)

table 2 : explain SELECT c FROM sbtest2 WHERE id=9578855
	Index Scan using sbtest2_pkey on sbtest2  (cost=0.43..8.45 rows=1 width=121)
	  Index Cond: (id = 9578855)

table 3 : explain SELECT c FROM sbtest3 WHERE id=6097320
	Index Scan using sbtest3_pkey on sbtest3  (cost=0.43..8.45 rows=1 width=121)
	  Index Cond: (id = 6097320)

table 4 : explain SELECT c FROM sbtest4 WHERE id=7414844
	Index Scan using sbtest4_pkey on sbtest4  (cost=0.43..8.45 rows=1 width=121)
	  Index Cond: (id = 7414844)

table 5 : explain SELECT c FROM sbtest5 WHERE id=133536
	Index Scan using sbtest5_pkey on sbtest5  (cost=0.43..8.45 rows=1 width=121)
	  Index Cond: (id = 133536)

table 6 : explain SELECT c FROM sbtest6 WHERE id=7786615
	Index Scan using sbtest6_pkey on sbtest6  (cost=0.43..8.45 rows=1 width=121)
	  Index Cond: (id = 7786615)

table 7 : explain SELECT c FROM sbtest7 WHERE id=6685240
	Index Scan using sbtest7_pkey on sbtest7  (cost=0.43..8.45 rows=1 width=121)
	  Index Cond: (id = 6685240)

table 8 : explain SELECT c FROM sbtest8 WHERE id=1043990
	Index Scan using sbtest8_pkey on sbtest8  (cost=0.43..8.45 rows=1 width=121)
	  Index Cond: (id = 1043990)


for point_selects
table 1 : explain SELECT c FROM sbtest1 WHERE id=7068963
	Index Scan using sbtest1_pkey on sbtest1  (cost=0.43..8.45 rows=1 width=121)
	  Index Cond: (id = 7068963)

table 2 : explain SELECT c FROM sbtest2 WHERE id=247617
	Index Scan using sbtest2_pkey on sbtest2  (cost=0.43..8.45 rows=1 width=121)
	  Index Cond: (id = 247617)

table 3 : explain SELECT c FROM sbtest3 WHERE id=3971956
	Index Scan using sbtest3_pkey on sbtest3  (cost=0.43..8.45 rows=1 width=121)
	  Index Cond: (id = 3971956)

table 4 : explain SELECT c FROM sbtest4 WHERE id=9514652
	Index Scan using sbtest4_pkey on sbtest4  (cost=0.43..8.45 rows=1 width=121)
	  Index Cond: (id = 9514652)

table 5 : explain SELECT c FROM sbtest5 WHERE id=6894813
	Index Scan using sbtest5_pkey on sbtest5  (cost=0.43..8.45 rows=1 width=121)
	  Index Cond: (id = 6894813)

table 6 : explain SELECT c FROM sbtest6 WHERE id=4169970
	Index Scan using sbtest6_pkey on sbtest6  (cost=0.43..8.45 rows=1 width=121)
	  Index Cond: (id = 4169970)

table 7 : explain SELECT c FROM sbtest7 WHERE id=5455247
	Index Scan using sbtest7_pkey on sbtest7  (cost=0.43..8.45 rows=1 width=121)
	  Index Cond: (id = 5455247)

table 8 : explain SELECT c FROM sbtest8 WHERE id=6260653
	Index Scan using sbtest8_pkey on sbtest8  (cost=0.43..8.45 rows=1 width=121)
	  Index Cond: (id = 6260653)

for inserts
table 1 : explain INSERT INTO sbtest1 (id, k, c, pad) VALUES (5507654, 13, 'foobar', 'foobar')
	Insert on sbtest1  (cost=0.00..0.01 rows=0 width=0)
	  ->  Result  (cost=0.00..0.01 rows=1 width=736)

table 2 : explain INSERT INTO sbtest2 (id, k, c, pad) VALUES (1036111, 13, 'foobar', 'foobar')
	Insert on sbtest2  (cost=0.00..0.01 rows=0 width=0)
	  ->  Result  (cost=0.00..0.01 rows=1 width=736)

table 3 : explain INSERT INTO sbtest3 (id, k, c, pad) VALUES (4968978, 13, 'foobar', 'foobar')
	Insert on sbtest3  (cost=0.00..0.01 rows=0 width=0)
	  ->  Result  (cost=0.00..0.01 rows=1 width=736)

table 4 : explain INSERT INTO sbtest4 (id, k, c, pad) VALUES (1872102, 13, 'foobar', 'foobar')
	Insert on sbtest4  (cost=0.00..0.01 rows=0 width=0)
	  ->  Result  (cost=0.00..0.01 rows=1 width=736)

table 5 : explain INSERT INTO sbtest5 (id, k, c, pad) VALUES (1395274, 13, 'foobar', 'foobar')
	Insert on sbtest5  (cost=0.00..0.01 rows=0 width=0)
	  ->  Result  (cost=0.00..0.01 rows=1 width=736)

table 6 : explain INSERT INTO sbtest6 (id, k, c, pad) VALUES (5530674, 13, 'foobar', 'foobar')
	Insert on sbtest6  (cost=0.00..0.01 rows=0 width=0)
	  ->  Result  (cost=0.00..0.01 rows=1 width=736)

table 7 : explain INSERT INTO sbtest7 (id, k, c, pad) VALUES (661163, 13, 'foobar', 'foobar')
	Insert on sbtest7  (cost=0.00..0.01 rows=0 width=0)
	  ->  Result  (cost=0.00..0.01 rows=1 width=736)

table 8 : explain INSERT INTO sbtest8 (id, k, c, pad) VALUES (7888972, 13, 'foobar', 'foobar')
	Insert on sbtest8  (cost=0.00..0.01 rows=0 width=0)
	  ->  Result  (cost=0.00..0.01 rows=1 width=736)

for index_updates
table 1 : explain UPDATE sbtest1 SET k=k+1 WHERE id=3198088
	Update on sbtest1  (cost=0.43..8.46 rows=0 width=0)
	  ->  Index Scan using sbtest1_pkey on sbtest1  (cost=0.43..8.46 rows=1 width=10)
	        Index Cond: (id = 3198088)

table 2 : explain UPDATE sbtest2 SET k=k+1 WHERE id=296267
	Update on sbtest2  (cost=0.43..8.46 rows=0 width=0)
	  ->  Index Scan using sbtest2_pkey on sbtest2  (cost=0.43..8.46 rows=1 width=10)
	        Index Cond: (id = 296267)

table 3 : explain UPDATE sbtest3 SET k=k+1 WHERE id=266237
	Update on sbtest3  (cost=0.43..8.46 rows=0 width=0)
	  ->  Index Scan using sbtest3_pkey on sbtest3  (cost=0.43..8.46 rows=1 width=10)
	        Index Cond: (id = 266237)

table 4 : explain UPDATE sbtest4 SET k=k+1 WHERE id=1199449
	Update on sbtest4  (cost=0.43..8.46 rows=0 width=0)
	  ->  Index Scan using sbtest4_pkey on sbtest4  (cost=0.43..8.46 rows=1 width=10)
	        Index Cond: (id = 1199449)

table 5 : explain UPDATE sbtest5 SET k=k+1 WHERE id=1145376
	Update on sbtest5  (cost=0.43..8.46 rows=0 width=0)
	  ->  Index Scan using sbtest5_pkey on sbtest5  (cost=0.43..8.46 rows=1 width=10)
	        Index Cond: (id = 1145376)

table 6 : explain UPDATE sbtest6 SET k=k+1 WHERE id=5654765
	Update on sbtest6  (cost=0.43..8.46 rows=0 width=0)
	  ->  Index Scan using sbtest6_pkey on sbtest6  (cost=0.43..8.46 rows=1 width=10)
	        Index Cond: (id = 5654765)

table 7 : explain UPDATE sbtest7 SET k=k+1 WHERE id=4171776
	Update on sbtest7  (cost=0.43..8.46 rows=0 width=0)
	  ->  Index Scan using sbtest7_pkey on sbtest7  (cost=0.43..8.46 rows=1 width=10)
	        Index Cond: (id = 4171776)

table 8 : explain UPDATE sbtest8 SET k=k+1 WHERE id=1663160
	Update on sbtest8  (cost=0.43..8.46 rows=0 width=0)
	  ->  Index Scan using sbtest8_pkey on sbtest8  (cost=0.43..8.46 rows=1 width=10)
	        Index Cond: (id = 1663160)

for inserts
table 1 : explain INSERT INTO sbtest1 (id, k, c, pad) VALUES (4390538, 13, 'foobar', 'foobar')
	Insert on sbtest1  (cost=0.00..0.01 rows=0 width=0)
	  ->  Result  (cost=0.00..0.01 rows=1 width=736)

table 2 : explain INSERT INTO sbtest2 (id, k, c, pad) VALUES (334760, 13, 'foobar', 'foobar')
	Insert on sbtest2  (cost=0.00..0.01 rows=0 width=0)
	  ->  Result  (cost=0.00..0.01 rows=1 width=736)

table 3 : explain INSERT INTO sbtest3 (id, k, c, pad) VALUES (6581351, 13, 'foobar', 'foobar')
	Insert on sbtest3  (cost=0.00..0.01 rows=0 width=0)
	  ->  Result  (cost=0.00..0.01 rows=1 width=736)

table 4 : explain INSERT INTO sbtest4 (id, k, c, pad) VALUES (5855976, 13, 'foobar', 'foobar')
	Insert on sbtest4  (cost=0.00..0.01 rows=0 width=0)
	  ->  Result  (cost=0.00..0.01 rows=1 width=736)

table 5 : explain INSERT INTO sbtest5 (id, k, c, pad) VALUES (7837989, 13, 'foobar', 'foobar')
	Insert on sbtest5  (cost=0.00..0.01 rows=0 width=0)
	  ->  Result  (cost=0.00..0.01 rows=1 width=736)

table 6 : explain INSERT INTO sbtest6 (id, k, c, pad) VALUES (3983274, 13, 'foobar', 'foobar')
	Insert on sbtest6  (cost=0.00..0.01 rows=0 width=0)
	  ->  Result  (cost=0.00..0.01 rows=1 width=736)

table 7 : explain INSERT INTO sbtest7 (id, k, c, pad) VALUES (2423549, 13, 'foobar', 'foobar')
	Insert on sbtest7  (cost=0.00..0.01 rows=0 width=0)
	  ->  Result  (cost=0.00..0.01 rows=1 width=736)

table 8 : explain INSERT INTO sbtest8 (id, k, c, pad) VALUES (8128858, 13, 'foobar', 'foobar')
	Insert on sbtest8  (cost=0.00..0.01 rows=0 width=0)
	  ->  Result  (cost=0.00..0.01 rows=1 width=736)

for: distinct_ranges
table 1 : explain SELECT DISTINCT c FROM sbtest1 WHERE id BETWEEN 3105891 AND 3105900 ORDER BY c
	Unique  (cost=40.64..40.69 rows=10 width=121)
	  ->  Sort  (cost=40.64..40.66 rows=10 width=121)
	        Sort Key: c
	        ->  Index Scan using sbtest1_pkey on sbtest1  (cost=0.43..40.47 rows=10 width=121)
	              Index Cond: ((id >= 3105891) AND (id <= 3105900))

table 2 : explain SELECT DISTINCT c FROM sbtest2 WHERE id BETWEEN 1039355 AND 1039364 ORDER BY c
	Unique  (cost=40.76..40.81 rows=10 width=121)
	  ->  Sort  (cost=40.76..40.79 rows=10 width=121)
	        Sort Key: c
	        ->  Index Scan using sbtest2_pkey on sbtest2  (cost=0.43..40.60 rows=10 width=121)
	              Index Cond: ((id >= 1039355) AND (id <= 1039364))

table 3 : explain SELECT DISTINCT c FROM sbtest3 WHERE id BETWEEN 6491234 AND 6491243 ORDER BY c
	Unique  (cost=41.03..41.08 rows=10 width=121)
	  ->  Sort  (cost=41.03..41.06 rows=10 width=121)
	        Sort Key: c
	        ->  Index Scan using sbtest3_pkey on sbtest3  (cost=0.43..40.87 rows=10 width=121)
	              Index Cond: ((id >= 6491234) AND (id <= 6491243))

table 4 : explain SELECT DISTINCT c FROM sbtest4 WHERE id BETWEEN 3596026 AND 3596035 ORDER BY c
	Unique  (cost=40.90..40.95 rows=10 width=121)
	  ->  Sort  (cost=40.90..40.93 rows=10 width=121)
	        Sort Key: c
	        ->  Index Scan using sbtest4_pkey on sbtest4  (cost=0.43..40.73 rows=10 width=121)
	              Index Cond: ((id >= 3596026) AND (id <= 3596035))

table 5 : explain SELECT DISTINCT c FROM sbtest5 WHERE id BETWEEN 1362536 AND 1362545 ORDER BY c
	Unique  (cost=44.03..44.08 rows=11 width=121)
	  ->  Sort  (cost=44.03..44.05 rows=11 width=121)
	        Sort Key: c
	        ->  Index Scan using sbtest5_pkey on sbtest5  (cost=0.43..43.84 rows=11 width=121)
	              Index Cond: ((id >= 1362536) AND (id <= 1362545))

table 6 : explain SELECT DISTINCT c FROM sbtest6 WHERE id BETWEEN 7753673 AND 7753682 ORDER BY c
	Unique  (cost=41.01..41.06 rows=10 width=121)
	  ->  Sort  (cost=41.01..41.04 rows=10 width=121)
	        Sort Key: c
	        ->  Index Scan using sbtest6_pkey on sbtest6  (cost=0.43..40.84 rows=10 width=121)
	              Index Cond: ((id >= 7753673) AND (id <= 7753682))

table 7 : explain SELECT DISTINCT c FROM sbtest7 WHERE id BETWEEN 8073021 AND 8073030 ORDER BY c
	Unique  (cost=37.02..37.06 rows=9 width=121)
	  ->  Sort  (cost=37.02..37.04 rows=9 width=121)
	        Sort Key: c
	        ->  Index Scan using sbtest7_pkey on sbtest7  (cost=0.43..36.88 rows=9 width=121)
	              Index Cond: ((id >= 8073021) AND (id <= 8073030))

table 8 : explain SELECT DISTINCT c FROM sbtest8 WHERE id BETWEEN 9792837 AND 9792846 ORDER BY c
	Unique  (cost=43.95..44.01 rows=11 width=121)
	  ->  Sort  (cost=43.95..43.98 rows=11 width=121)
	        Sort Key: c
	        ->  Index Scan using sbtest8_pkey on sbtest8  (cost=0.43..43.76 rows=11 width=121)
	              Index Cond: ((id >= 9792837) AND (id <= 9792846))

for: order_ranges
table 1 : explain SELECT c FROM sbtest1 WHERE id BETWEEN 2116334 AND 2116343 ORDER BY c
	Sort  (cost=40.64..40.66 rows=10 width=121)
	  Sort Key: c
	  ->  Index Scan using sbtest1_pkey on sbtest1  (cost=0.43..40.47 rows=10 width=121)
	        Index Cond: ((id >= 2116334) AND (id <= 2116343))

table 2 : explain SELECT c FROM sbtest2 WHERE id BETWEEN 6452005 AND 6452014 ORDER BY c
	Sort  (cost=37.17..37.19 rows=9 width=121)
	  Sort Key: c
	  ->  Index Scan using sbtest2_pkey on sbtest2  (cost=0.43..37.03 rows=9 width=121)
	        Index Cond: ((id >= 6452005) AND (id <= 6452014))

table 3 : explain SELECT c FROM sbtest3 WHERE id BETWEEN 8880064 AND 8880073 ORDER BY c
	Sort  (cost=41.03..41.06 rows=10 width=121)
	  Sort Key: c
	  ->  Index Scan using sbtest3_pkey on sbtest3  (cost=0.43..40.87 rows=10 width=121)
	        Index Cond: ((id >= 8880064) AND (id <= 8880073))

table 4 : explain SELECT c FROM sbtest4 WHERE id BETWEEN 8402228 AND 8402237 ORDER BY c
	Sort  (cost=37.29..37.31 rows=9 width=121)
	  Sort Key: c
	  ->  Index Scan using sbtest4_pkey on sbtest4  (cost=0.43..37.15 rows=9 width=121)
	        Index Cond: ((id >= 8402228) AND (id <= 8402237))

table 5 : explain SELECT c FROM sbtest5 WHERE id BETWEEN 8903759 AND 8903768 ORDER BY c
	Sort  (cost=40.46..40.49 rows=10 width=121)
	  Sort Key: c
	  ->  Index Scan using sbtest5_pkey on sbtest5  (cost=0.43..40.30 rows=10 width=121)
	        Index Cond: ((id >= 8903759) AND (id <= 8903768))

table 6 : explain SELECT c FROM sbtest6 WHERE id BETWEEN 4318444 AND 4318453 ORDER BY c
	Sort  (cost=44.63..44.66 rows=11 width=121)
	  Sort Key: c
	  ->  Index Scan using sbtest6_pkey on sbtest6  (cost=0.43..44.44 rows=11 width=121)
	        Index Cond: ((id >= 4318444) AND (id <= 4318453))

table 7 : explain SELECT c FROM sbtest7 WHERE id BETWEEN 3923988 AND 3923997 ORDER BY c
	Sort  (cost=40.59..40.62 rows=10 width=121)
	  Sort Key: c
	  ->  Index Scan using sbtest7_pkey on sbtest7  (cost=0.43..40.43 rows=10 width=121)
	        Index Cond: ((id >= 3923988) AND (id <= 3923997))

table 8 : explain SELECT c FROM sbtest8 WHERE id BETWEEN 6524137 AND 6524146 ORDER BY c
	Sort  (cost=36.85..36.87 rows=9 width=121)
	  Sort Key: c
	  ->  Index Scan using sbtest8_pkey on sbtest8  (cost=0.43..36.70 rows=9 width=121)
	        Index Cond: ((id >= 6524137) AND (id <= 6524146))

explain: for non_index_updates :: explain UPDATE sbtest%u SET c='foobar' WHERE id=%u
explain: for index_updates :: explain UPDATE sbtest%u SET k=k+1 WHERE id=%u
for: simple_ranges
table 1 : explain SELECT c FROM sbtest1 WHERE id BETWEEN 4488362 AND 4488371
	Index Scan using sbtest1_pkey on sbtest1  (cost=0.43..40.47 rows=10 width=121)
	  Index Cond: ((id >= 4488362) AND (id <= 4488371))

table 2 : explain SELECT c FROM sbtest2 WHERE id BETWEEN 1973118 AND 1973127
	Index Scan using sbtest2_pkey on sbtest2  (cost=0.43..40.60 rows=10 width=121)
	  Index Cond: ((id >= 1973118) AND (id <= 1973127))

table 3 : explain SELECT c FROM sbtest3 WHERE id BETWEEN 2381557 AND 2381566
	Index Scan using sbtest3_pkey on sbtest3  (cost=0.43..37.27 rows=9 width=121)
	  Index Cond: ((id >= 2381557) AND (id <= 2381566))

table 4 : explain SELECT c FROM sbtest4 WHERE id BETWEEN 1174183 AND 1174192
	Index Scan using sbtest4_pkey on sbtest4  (cost=0.43..40.73 rows=10 width=121)
	  Index Cond: ((id >= 1174183) AND (id <= 1174192))

table 5 : explain SELECT c FROM sbtest5 WHERE id BETWEEN 4944476 AND 4944485
	Index Scan using sbtest5_pkey on sbtest5  (cost=0.43..43.84 rows=11 width=121)
	  Index Cond: ((id >= 4944476) AND (id <= 4944485))

table 6 : explain SELECT c FROM sbtest6 WHERE id BETWEEN 5702409 AND 5702418
	Index Scan using sbtest6_pkey on sbtest6  (cost=0.43..37.25 rows=9 width=121)
	  Index Cond: ((id >= 5702409) AND (id <= 5702418))

table 7 : explain SELECT c FROM sbtest7 WHERE id BETWEEN 1676879 AND 1676888
	Index Scan using sbtest7_pkey on sbtest7  (cost=0.43..40.43 rows=10 width=121)
	  Index Cond: ((id >= 1676879) AND (id <= 1676888))

table 8 : explain SELECT c FROM sbtest8 WHERE id BETWEEN 7945546 AND 7945555
	Index Scan using sbtest8_pkey on sbtest8  (cost=0.43..43.76 rows=11 width=121)
	  Index Cond: ((id >= 7945546) AND (id <= 7945555))

for: simple_ranges
table 1 : explain SELECT c FROM sbtest1 WHERE id BETWEEN 5155609 AND 5155618
	Index Scan using sbtest1_pkey on sbtest1  (cost=0.43..40.47 rows=10 width=121)
	  Index Cond: ((id >= 5155609) AND (id <= 5155618))

table 2 : explain SELECT c FROM sbtest2 WHERE id BETWEEN 5023096 AND 5023105
	Index Scan using sbtest2_pkey on sbtest2  (cost=0.43..37.03 rows=9 width=121)
	  Index Cond: ((id >= 5023096) AND (id <= 5023105))

table 3 : explain SELECT c FROM sbtest3 WHERE id BETWEEN 4649258 AND 4649267
	Index Scan using sbtest3_pkey on sbtest3  (cost=0.43..44.47 rows=11 width=121)
	  Index Cond: ((id >= 4649258) AND (id <= 4649267))

table 4 : explain SELECT c FROM sbtest4 WHERE id BETWEEN 2493229 AND 2493238
	Index Scan using sbtest4_pkey on sbtest4  (cost=0.43..40.73 rows=10 width=121)
	  Index Cond: ((id >= 2493229) AND (id <= 2493238))

table 5 : explain SELECT c FROM sbtest5 WHERE id BETWEEN 1495142 AND 1495151
	Index Scan using sbtest5_pkey on sbtest5  (cost=0.43..40.30 rows=10 width=121)
	  Index Cond: ((id >= 1495142) AND (id <= 1495151))

table 6 : explain SELECT c FROM sbtest6 WHERE id BETWEEN 8093150 AND 8093159
	Index Scan using sbtest6_pkey on sbtest6  (cost=0.43..44.44 rows=11 width=121)
	  Index Cond: ((id >= 8093150) AND (id <= 8093159))

table 7 : explain SELECT c FROM sbtest7 WHERE id BETWEEN 715956 AND 715965
	Index Scan using sbtest7_pkey on sbtest7  (cost=0.43..40.43 rows=10 width=121)
	  Index Cond: ((id >= 715956) AND (id <= 715965))

table 8 : explain SELECT c FROM sbtest8 WHERE id BETWEEN 8873557 AND 8873566
	Index Scan using sbtest8_pkey on sbtest8  (cost=0.43..36.70 rows=9 width=121)
	  Index Cond: ((id >= 8873557) AND (id <= 8873566))

for: simple_ranges
table 1 : explain SELECT c FROM sbtest1 WHERE id BETWEEN 2857429 AND 2857438
	Index Scan using sbtest1_pkey on sbtest1  (cost=0.43..40.47 rows=10 width=121)
	  Index Cond: ((id >= 2857429) AND (id <= 2857438))

table 2 : explain SELECT c FROM sbtest2 WHERE id BETWEEN 9896745 AND 9896754
	Index Scan using sbtest2_pkey on sbtest2  (cost=0.43..44.17 rows=11 width=121)
	  Index Cond: ((id >= 9896745) AND (id <= 9896754))

table 3 : explain SELECT c FROM sbtest3 WHERE id BETWEEN 5642138 AND 5642147
	Index Scan using sbtest3_pkey on sbtest3  (cost=0.43..44.47 rows=11 width=121)
	  Index Cond: ((id >= 5642138) AND (id <= 5642147))

table 4 : explain SELECT c FROM sbtest4 WHERE id BETWEEN 2336631 AND 2336640
	Index Scan using sbtest4_pkey on sbtest4  (cost=0.43..44.32 rows=11 width=121)
	  Index Cond: ((id >= 2336631) AND (id <= 2336640))

table 5 : explain SELECT c FROM sbtest5 WHERE id BETWEEN 8824566 AND 8824575
	Index Scan using sbtest5_pkey on sbtest5  (cost=0.43..40.30 rows=10 width=121)
	  Index Cond: ((id >= 8824566) AND (id <= 8824575))

table 6 : explain SELECT c FROM sbtest6 WHERE id BETWEEN 7506310 AND 7506319
	Index Scan using sbtest6_pkey on sbtest6  (cost=0.43..37.25 rows=9 width=121)
	  Index Cond: ((id >= 7506310) AND (id <= 7506319))

table 7 : explain SELECT c FROM sbtest7 WHERE id BETWEEN 5969964 AND 5969973
	Index Scan using sbtest7_pkey on sbtest7  (cost=0.43..36.88 rows=9 width=121)
	  Index Cond: ((id >= 5969964) AND (id <= 5969973))

table 8 : explain SELECT c FROM sbtest8 WHERE id BETWEEN 4268520 AND 4268529
	Index Scan using sbtest8_pkey on sbtest8  (cost=0.43..36.70 rows=9 width=121)
	  Index Cond: ((id >= 4268520) AND (id <= 4268529))

for: simple_ranges
table 1 : explain SELECT c FROM sbtest1 WHERE id BETWEEN 8808499 AND 8808508
	Index Scan using sbtest1_pkey on sbtest1  (cost=0.43..40.47 rows=10 width=121)
	  Index Cond: ((id >= 8808499) AND (id <= 8808508))

table 2 : explain SELECT c FROM sbtest2 WHERE id BETWEEN 3490032 AND 3490041
	Index Scan using sbtest2_pkey on sbtest2  (cost=0.43..40.60 rows=10 width=121)
	  Index Cond: ((id >= 3490032) AND (id <= 3490041))

table 3 : explain SELECT c FROM sbtest3 WHERE id BETWEEN 8369395 AND 8369404
	Index Scan using sbtest3_pkey on sbtest3  (cost=0.43..44.47 rows=11 width=121)
	  Index Cond: ((id >= 8369395) AND (id <= 8369404))

table 4 : explain SELECT c FROM sbtest4 WHERE id BETWEEN 3887410 AND 3887419
	Index Scan using sbtest4_pkey on sbtest4  (cost=0.43..40.73 rows=10 width=121)
	  Index Cond: ((id >= 3887410) AND (id <= 3887419))

table 5 : explain SELECT c FROM sbtest5 WHERE id BETWEEN 2549878 AND 2549887
	Index Scan using sbtest5_pkey on sbtest5  (cost=0.43..47.37 rows=12 width=121)
	  Index Cond: ((id >= 2549878) AND (id <= 2549887))

table 6 : explain SELECT c FROM sbtest6 WHERE id BETWEEN 9508910 AND 9508919
	Index Scan using sbtest6_pkey on sbtest6  (cost=0.43..40.84 rows=10 width=121)
	  Index Cond: ((id >= 9508910) AND (id <= 9508919))

table 7 : explain SELECT c FROM sbtest7 WHERE id BETWEEN 7766093 AND 7766102
	Index Scan using sbtest7_pkey on sbtest7  (cost=0.43..40.43 rows=10 width=121)
	  Index Cond: ((id >= 7766093) AND (id <= 7766102))

table 8 : explain SELECT c FROM sbtest8 WHERE id BETWEEN 7572 AND 7581
	Index Scan using sbtest8_pkey on sbtest8  (cost=0.43..43.76 rows=11 width=121)
	  Index Cond: ((id >= 7572) AND (id <= 7581))

for: distinct_ranges
table 1 : explain SELECT DISTINCT c FROM sbtest1 WHERE id BETWEEN 5433145 AND 5433154 ORDER BY c
	Unique  (cost=40.64..40.69 rows=10 width=121)
	  ->  Sort  (cost=40.64..40.66 rows=10 width=121)
	        Sort Key: c
	        ->  Index Scan using sbtest1_pkey on sbtest1  (cost=0.43..40.47 rows=10 width=121)
	              Index Cond: ((id >= 5433145) AND (id <= 5433154))

table 2 : explain SELECT DISTINCT c FROM sbtest2 WHERE id BETWEEN 9732112 AND 9732121 ORDER BY c
	Unique  (cost=44.36..44.41 rows=11 width=121)
	  ->  Sort  (cost=44.36..44.39 rows=11 width=121)
	        Sort Key: c
	        ->  Index Scan using sbtest2_pkey on sbtest2  (cost=0.43..44.17 rows=11 width=121)
	              Index Cond: ((id >= 9732112) AND (id <= 9732121))

table 3 : explain SELECT DISTINCT c FROM sbtest3 WHERE id BETWEEN 6073562 AND 6073571 ORDER BY c
	Unique  (cost=44.66..44.71 rows=11 width=121)
	  ->  Sort  (cost=44.66..44.69 rows=11 width=121)
	        Sort Key: c
	        ->  Index Scan using sbtest3_pkey on sbtest3  (cost=0.43..44.47 rows=11 width=121)
	              Index Cond: ((id >= 6073562) AND (id <= 6073571))

table 4 : explain SELECT DISTINCT c FROM sbtest4 WHERE id BETWEEN 7961613 AND 7961622 ORDER BY c
	Unique  (cost=40.90..40.95 rows=10 width=121)
	  ->  Sort  (cost=40.90..40.93 rows=10 width=121)
	        Sort Key: c
	        ->  Index Scan using sbtest4_pkey on sbtest4  (cost=0.43..40.73 rows=10 width=121)
	              Index Cond: ((id >= 7961613) AND (id <= 7961622))

table 5 : explain SELECT DISTINCT c FROM sbtest5 WHERE id BETWEEN 1730617 AND 1730626 ORDER BY c
	Unique  (cost=40.46..40.51 rows=10 width=121)
	  ->  Sort  (cost=40.46..40.49 rows=10 width=121)
	        Sort Key: c
	        ->  Index Scan using sbtest5_pkey on sbtest5  (cost=0.43..40.30 rows=10 width=121)
	              Index Cond: ((id >= 1730617) AND (id <= 1730626))

table 6 : explain SELECT DISTINCT c FROM sbtest6 WHERE id BETWEEN 2277976 AND 2277985 ORDER BY c
	Unique  (cost=41.01..41.06 rows=10 width=121)
	  ->  Sort  (cost=41.01..41.04 rows=10 width=121)
	        Sort Key: c
	        ->  Index Scan using sbtest6_pkey on sbtest6  (cost=0.43..40.84 rows=10 width=121)
	              Index Cond: ((id >= 2277976) AND (id <= 2277985))

table 7 : explain SELECT DISTINCT c FROM sbtest7 WHERE id BETWEEN 2246928 AND 2246937 ORDER BY c
	Unique  (cost=37.02..37.06 rows=9 width=121)
	  ->  Sort  (cost=37.02..37.04 rows=9 width=121)
	        Sort Key: c
	        ->  Index Scan using sbtest7_pkey on sbtest7  (cost=0.43..36.88 rows=9 width=121)
	              Index Cond: ((id >= 2246928) AND (id <= 2246937))

table 8 : explain SELECT DISTINCT c FROM sbtest8 WHERE id BETWEEN 753448 AND 753457 ORDER BY c
	Unique  (cost=43.95..44.01 rows=11 width=121)
	  ->  Sort  (cost=43.95..43.98 rows=11 width=121)
	        Sort Key: c
	        ->  Index Scan using sbtest8_pkey on sbtest8  (cost=0.43..43.76 rows=11 width=121)
	              Index Cond: ((id >= 753448) AND (id <= 753457))

for non_index_updates
table 1 : explain UPDATE sbtest1 SET c='foobar' WHERE id=8071242
	Update on sbtest1  (cost=0.43..8.45 rows=0 width=0)
	  ->  Index Scan using sbtest1_pkey on sbtest1  (cost=0.43..8.45 rows=1 width=490)
	        Index Cond: (id = 8071242)

table 2 : explain UPDATE sbtest2 SET c='foobar' WHERE id=3507263
	Update on sbtest2  (cost=0.43..8.45 rows=0 width=0)
	  ->  Index Scan using sbtest2_pkey on sbtest2  (cost=0.43..8.45 rows=1 width=490)
	        Index Cond: (id = 3507263)

table 3 : explain UPDATE sbtest3 SET c='foobar' WHERE id=6180262
	Update on sbtest3  (cost=0.43..8.45 rows=0 width=0)
	  ->  Index Scan using sbtest3_pkey on sbtest3  (cost=0.43..8.45 rows=1 width=490)
	        Index Cond: (id = 6180262)

table 4 : explain UPDATE sbtest4 SET c='foobar' WHERE id=817413
	Update on sbtest4  (cost=0.43..8.45 rows=0 width=0)
	  ->  Index Scan using sbtest4_pkey on sbtest4  (cost=0.43..8.45 rows=1 width=490)
	        Index Cond: (id = 817413)

table 5 : explain UPDATE sbtest5 SET c='foobar' WHERE id=918528
	Update on sbtest5  (cost=0.43..8.45 rows=0 width=0)
	  ->  Index Scan using sbtest5_pkey on sbtest5  (cost=0.43..8.45 rows=1 width=490)
	        Index Cond: (id = 918528)

table 6 : explain UPDATE sbtest6 SET c='foobar' WHERE id=3661243
	Update on sbtest6  (cost=0.43..8.45 rows=0 width=0)
	  ->  Index Scan using sbtest6_pkey on sbtest6  (cost=0.43..8.45 rows=1 width=490)
	        Index Cond: (id = 3661243)

table 7 : explain UPDATE sbtest7 SET c='foobar' WHERE id=9731778
	Update on sbtest7  (cost=0.43..8.45 rows=0 width=0)
	  ->  Index Scan using sbtest7_pkey on sbtest7  (cost=0.43..8.45 rows=1 width=490)
	        Index Cond: (id = 9731778)

table 8 : explain UPDATE sbtest8 SET c='foobar' WHERE id=4671900
	Update on sbtest8  (cost=0.43..8.45 rows=0 width=0)
	  ->  Index Scan using sbtest8_pkey on sbtest8  (cost=0.43..8.45 rows=1 width=490)
	        Index Cond: (id = 4671900)

for index_updates
table 1 : explain UPDATE sbtest1 SET k=k+1 WHERE id=3775920
	Update on sbtest1  (cost=0.43..8.46 rows=0 width=0)
	  ->  Index Scan using sbtest1_pkey on sbtest1  (cost=0.43..8.46 rows=1 width=10)
	        Index Cond: (id = 3775920)

table 2 : explain UPDATE sbtest2 SET k=k+1 WHERE id=1877564
	Update on sbtest2  (cost=0.43..8.46 rows=0 width=0)
	  ->  Index Scan using sbtest2_pkey on sbtest2  (cost=0.43..8.46 rows=1 width=10)
	        Index Cond: (id = 1877564)

table 3 : explain UPDATE sbtest3 SET k=k+1 WHERE id=9970845
	Update on sbtest3  (cost=0.43..8.46 rows=0 width=0)
	  ->  Index Scan using sbtest3_pkey on sbtest3  (cost=0.43..8.46 rows=1 width=10)
	        Index Cond: (id = 9970845)

table 4 : explain UPDATE sbtest4 SET k=k+1 WHERE id=1434518
	Update on sbtest4  (cost=0.43..8.46 rows=0 width=0)
	  ->  Index Scan using sbtest4_pkey on sbtest4  (cost=0.43..8.46 rows=1 width=10)
	        Index Cond: (id = 1434518)

table 5 : explain UPDATE sbtest5 SET k=k+1 WHERE id=4237596
	Update on sbtest5  (cost=0.43..8.46 rows=0 width=0)
	  ->  Index Scan using sbtest5_pkey on sbtest5  (cost=0.43..8.46 rows=1 width=10)
	        Index Cond: (id = 4237596)

table 6 : explain UPDATE sbtest6 SET k=k+1 WHERE id=9189400
	Update on sbtest6  (cost=0.43..8.46 rows=0 width=0)
	  ->  Index Scan using sbtest6_pkey on sbtest6  (cost=0.43..8.46 rows=1 width=10)
	        Index Cond: (id = 9189400)

table 7 : explain UPDATE sbtest7 SET k=k+1 WHERE id=1531735
	Update on sbtest7  (cost=0.43..8.46 rows=0 width=0)
	  ->  Index Scan using sbtest7_pkey on sbtest7  (cost=0.43..8.46 rows=1 width=10)
	        Index Cond: (id = 1531735)

table 8 : explain UPDATE sbtest8 SET k=k+1 WHERE id=1958939
	Update on sbtest8  (cost=0.43..8.46 rows=0 width=0)
	  ->  Index Scan using sbtest8_pkey on sbtest8  (cost=0.43..8.46 rows=1 width=10)
	        Index Cond: (id = 1958939)

explain: for deletes :: explain DELETE FROM sbtest%u WHERE id=%u
explain: for index_updates :: explain UPDATE sbtest%u SET k=k+1 WHERE id=%u
explain: for non_index_updates :: explain UPDATE sbtest%u SET c='foobar' WHERE id=%u
explain: for inserts :: explain INSERT INTO sbtest%u (id, k, c, pad) VALUES (%u, 13, 'foobar', 'foobar')
for deletes
table 1 : explain DELETE FROM sbtest1 WHERE id=9879351
	Delete on sbtest1  (cost=0.43..8.45 rows=0 width=0)
	  ->  Index Scan using sbtest1_pkey on sbtest1  (cost=0.43..8.45 rows=1 width=6)
	        Index Cond: (id = 9879351)

table 2 : explain DELETE FROM sbtest2 WHERE id=8651956
	Delete on sbtest2  (cost=0.43..8.45 rows=0 width=0)
	  ->  Index Scan using sbtest2_pkey on sbtest2  (cost=0.43..8.45 rows=1 width=6)
	        Index Cond: (id = 8651956)

table 3 : explain DELETE FROM sbtest3 WHERE id=7789181
	Delete on sbtest3  (cost=0.43..8.45 rows=0 width=0)
	  ->  Index Scan using sbtest3_pkey on sbtest3  (cost=0.43..8.45 rows=1 width=6)
	        Index Cond: (id = 7789181)

table 4 : explain DELETE FROM sbtest4 WHERE id=2236332
	Delete on sbtest4  (cost=0.43..8.45 rows=0 width=0)
	  ->  Index Scan using sbtest4_pkey on sbtest4  (cost=0.43..8.45 rows=1 width=6)
	        Index Cond: (id = 2236332)

table 5 : explain DELETE FROM sbtest5 WHERE id=6307834
	Delete on sbtest5  (cost=0.43..8.45 rows=0 width=0)
	  ->  Index Scan using sbtest5_pkey on sbtest5  (cost=0.43..8.45 rows=1 width=6)
	        Index Cond: (id = 6307834)

table 6 : explain DELETE FROM sbtest6 WHERE id=5632438
	Delete on sbtest6  (cost=0.43..8.45 rows=0 width=0)
	  ->  Index Scan using sbtest6_pkey on sbtest6  (cost=0.43..8.45 rows=1 width=6)
	        Index Cond: (id = 5632438)

table 7 : explain DELETE FROM sbtest7 WHERE id=9992096
	Delete on sbtest7  (cost=0.43..8.45 rows=0 width=0)
	  ->  Index Scan using sbtest7_pkey on sbtest7  (cost=0.43..8.45 rows=1 width=6)
	        Index Cond: (id = 9992096)

table 8 : explain DELETE FROM sbtest8 WHERE id=380988
	Delete on sbtest8  (cost=0.43..8.45 rows=0 width=0)
	  ->  Index Scan using sbtest8_pkey on sbtest8  (cost=0.43..8.45 rows=1 width=6)
	        Index Cond: (id = 380988)

for: distinct_ranges
table 1 : explain SELECT DISTINCT c FROM sbtest1 WHERE id BETWEEN 6365676 AND 6365685 ORDER BY c
	Unique  (cost=40.64..40.69 rows=10 width=121)
	  ->  Sort  (cost=40.64..40.66 rows=10 width=121)
	        Sort Key: c
	        ->  Index Scan using sbtest1_pkey on sbtest1  (cost=0.43..40.47 rows=10 width=121)
	              Index Cond: ((id >= 6365676) AND (id <= 6365685))

table 2 : explain SELECT DISTINCT c FROM sbtest2 WHERE id BETWEEN 9865135 AND 9865144 ORDER BY c
	Unique  (cost=44.36..44.41 rows=11 width=121)
	  ->  Sort  (cost=44.36..44.39 rows=11 width=121)
	        Sort Key: c
	        ->  Index Scan using sbtest2_pkey on sbtest2  (cost=0.43..44.17 rows=11 width=121)
	              Index Cond: ((id >= 9865135) AND (id <= 9865144))

table 3 : explain SELECT DISTINCT c FROM sbtest3 WHERE id BETWEEN 3209339 AND 3209348 ORDER BY c
	Unique  (cost=41.03..41.08 rows=10 width=121)
	  ->  Sort  (cost=41.03..41.06 rows=10 width=121)
	        Sort Key: c
	        ->  Index Scan using sbtest3_pkey on sbtest3  (cost=0.43..40.87 rows=10 width=121)
	              Index Cond: ((id >= 3209339) AND (id <= 3209348))

table 4 : explain SELECT DISTINCT c FROM sbtest4 WHERE id BETWEEN 8660982 AND 8660991 ORDER BY c
	Unique  (cost=40.90..40.95 rows=10 width=121)
	  ->  Sort  (cost=40.90..40.93 rows=10 width=121)
	        Sort Key: c
	        ->  Index Scan using sbtest4_pkey on sbtest4  (cost=0.43..40.73 rows=10 width=121)
	              Index Cond: ((id >= 8660982) AND (id <= 8660991))

table 5 : explain SELECT DISTINCT c FROM sbtest5 WHERE id BETWEEN 2950039 AND 2950048 ORDER BY c
	Unique  (cost=40.46..40.51 rows=10 width=121)
	  ->  Sort  (cost=40.46..40.49 rows=10 width=121)
	        Sort Key: c
	        ->  Index Scan using sbtest5_pkey on sbtest5  (cost=0.43..40.30 rows=10 width=121)
	              Index Cond: ((id >= 2950039) AND (id <= 2950048))

table 6 : explain SELECT DISTINCT c FROM sbtest6 WHERE id BETWEEN 2426490 AND 2426499 ORDER BY c
	Unique  (cost=41.01..41.06 rows=10 width=121)
	  ->  Sort  (cost=41.01..41.04 rows=10 width=121)
	        Sort Key: c
	        ->  Index Scan using sbtest6_pkey on sbtest6  (cost=0.43..40.84 rows=10 width=121)
	              Index Cond: ((id >= 2426490) AND (id <= 2426499))

table 7 : explain SELECT DISTINCT c FROM sbtest7 WHERE id BETWEEN 6554214 AND 6554223 ORDER BY c
	Unique  (cost=40.59..40.64 rows=10 width=121)
	  ->  Sort  (cost=40.59..40.62 rows=10 width=121)
	        Sort Key: c
	        ->  Index Scan using sbtest7_pkey on sbtest7  (cost=0.43..40.43 rows=10 width=121)
	              Index Cond: ((id >= 6554214) AND (id <= 6554223))

table 8 : explain SELECT DISTINCT c FROM sbtest8 WHERE id BETWEEN 1721580 AND 1721589 ORDER BY c
	Unique  (cost=43.95..44.01 rows=11 width=121)
	  ->  Sort  (cost=43.95..43.98 rows=11 width=121)
	        Sort Key: c
	        ->  Index Scan using sbtest8_pkey on sbtest8  (cost=0.43..43.76 rows=11 width=121)
	              Index Cond: ((id >= 1721580) AND (id <= 1721589))

for inserts
table 1 : explain INSERT INTO sbtest1 (id, k, c, pad) VALUES (3561971, 13, 'foobar', 'foobar')
	Insert on sbtest1  (cost=0.00..0.01 rows=0 width=0)
	  ->  Result  (cost=0.00..0.01 rows=1 width=736)

table 2 : explain INSERT INTO sbtest2 (id, k, c, pad) VALUES (6898875, 13, 'foobar', 'foobar')
	Insert on sbtest2  (cost=0.00..0.01 rows=0 width=0)
	  ->  Result  (cost=0.00..0.01 rows=1 width=736)

table 3 : explain INSERT INTO sbtest3 (id, k, c, pad) VALUES (5987419, 13, 'foobar', 'foobar')
	Insert on sbtest3  (cost=0.00..0.01 rows=0 width=0)
	  ->  Result  (cost=0.00..0.01 rows=1 width=736)

table 4 : explain INSERT INTO sbtest4 (id, k, c, pad) VALUES (6207624, 13, 'foobar', 'foobar')
	Insert on sbtest4  (cost=0.00..0.01 rows=0 width=0)
	  ->  Result  (cost=0.00..0.01 rows=1 width=736)

table 5 : explain INSERT INTO sbtest5 (id, k, c, pad) VALUES (4844709, 13, 'foobar', 'foobar')
	Insert on sbtest5  (cost=0.00..0.01 rows=0 width=0)
	  ->  Result  (cost=0.00..0.01 rows=1 width=736)

table 6 : explain INSERT INTO sbtest6 (id, k, c, pad) VALUES (2047673, 13, 'foobar', 'foobar')
	Insert on sbtest6  (cost=0.00..0.01 rows=0 width=0)
	  ->  Result  (cost=0.00..0.01 rows=1 width=736)

table 7 : explain INSERT INTO sbtest7 (id, k, c, pad) VALUES (6597086, 13, 'foobar', 'foobar')
	Insert on sbtest7  (cost=0.00..0.01 rows=0 width=0)
	  ->  Result  (cost=0.00..0.01 rows=1 width=736)

table 8 : explain INSERT INTO sbtest8 (id, k, c, pad) VALUES (3496991, 13, 'foobar', 'foobar')
	Insert on sbtest8  (cost=0.00..0.01 rows=0 width=0)
	  ->  Result  (cost=0.00..0.01 rows=1 width=736)

for: sum_ranges
table 1 : explain SELECT SUM(k) FROM sbtest1 WHERE id BETWEEN 4626077 AND 4626086
	Aggregate  (cost=36.94..36.95 rows=1 width=8)
	  ->  Index Scan using sbtest1_pkey on sbtest1  (cost=0.43..36.92 rows=9 width=4)
	        Index Cond: ((id >= 4626077) AND (id <= 4626086))

table 2 : explain SELECT SUM(k) FROM sbtest2 WHERE id BETWEEN 3565589 AND 3565598
	Aggregate  (cost=40.62..40.63 rows=1 width=8)
	  ->  Index Scan using sbtest2_pkey on sbtest2  (cost=0.43..40.60 rows=10 width=4)
	        Index Cond: ((id >= 3565589) AND (id <= 3565598))

table 3 : explain SELECT SUM(k) FROM sbtest3 WHERE id BETWEEN 633613 AND 633622
	Aggregate  (cost=40.89..40.90 rows=1 width=8)
	  ->  Index Scan using sbtest3_pkey on sbtest3  (cost=0.43..40.87 rows=10 width=4)
	        Index Cond: ((id >= 633613) AND (id <= 633622))

table 4 : explain SELECT SUM(k) FROM sbtest4 WHERE id BETWEEN 2493764 AND 2493773
	Aggregate  (cost=40.76..40.77 rows=1 width=8)
	  ->  Index Scan using sbtest4_pkey on sbtest4  (cost=0.43..40.73 rows=10 width=4)
	        Index Cond: ((id >= 2493764) AND (id <= 2493773))

table 5 : explain SELECT SUM(k) FROM sbtest5 WHERE id BETWEEN 4744574 AND 4744583
	Aggregate  (cost=40.32..40.33 rows=1 width=8)
	  ->  Index Scan using sbtest5_pkey on sbtest5  (cost=0.43..40.30 rows=10 width=4)
	        Index Cond: ((id >= 4744574) AND (id <= 4744583))

table 6 : explain SELECT SUM(k) FROM sbtest6 WHERE id BETWEEN 6545880 AND 6545889
	Aggregate  (cost=40.87..40.88 rows=1 width=8)
	  ->  Index Scan using sbtest6_pkey on sbtest6  (cost=0.43..40.84 rows=10 width=4)
	        Index Cond: ((id >= 6545880) AND (id <= 6545889))

table 7 : explain SELECT SUM(k) FROM sbtest7 WHERE id BETWEEN 3699805 AND 3699814
	Aggregate  (cost=40.45..40.46 rows=1 width=8)
	  ->  Index Scan using sbtest7_pkey on sbtest7  (cost=0.43..40.43 rows=10 width=4)
	        Index Cond: ((id >= 3699805) AND (id <= 3699814))

table 8 : explain SELECT SUM(k) FROM sbtest8 WHERE id BETWEEN 4779424 AND 4779433
	Aggregate  (cost=40.26..40.27 rows=1 width=8)
	  ->  Index Scan using sbtest8_pkey on sbtest8  (cost=0.43..40.23 rows=10 width=4)
	        Index Cond: ((id >= 4779424) AND (id <= 4779433))

for: sum_ranges
table 1 : explain SELECT SUM(k) FROM sbtest1 WHERE id BETWEEN 7978138 AND 7978147
	Aggregate  (cost=40.50..40.51 rows=1 width=8)
	  ->  Index Scan using sbtest1_pkey on sbtest1  (cost=0.43..40.47 rows=10 width=4)
	        Index Cond: ((id >= 7978138) AND (id <= 7978147))

table 2 : explain SELECT SUM(k) FROM sbtest2 WHERE id BETWEEN 9232063 AND 9232072
	Aggregate  (cost=40.62..40.63 rows=1 width=8)
	  ->  Index Scan using sbtest2_pkey on sbtest2  (cost=0.43..40.60 rows=10 width=4)
	        Index Cond: ((id >= 9232063) AND (id <= 9232072))

table 3 : explain SELECT SUM(k) FROM sbtest3 WHERE id BETWEEN 8345903 AND 8345912
	Aggregate  (cost=44.50..44.51 rows=1 width=8)
	  ->  Index Scan using sbtest3_pkey on sbtest3  (cost=0.43..44.47 rows=11 width=4)
	        Index Cond: ((id >= 8345903) AND (id <= 8345912))

table 4 : explain SELECT SUM(k) FROM sbtest4 WHERE id BETWEEN 7081192 AND 7081201
	Aggregate  (cost=40.76..40.77 rows=1 width=8)
	  ->  Index Scan using sbtest4_pkey on sbtest4  (cost=0.43..40.73 rows=10 width=4)
	        Index Cond: ((id >= 7081192) AND (id <= 7081201))

table 5 : explain SELECT SUM(k) FROM sbtest5 WHERE id BETWEEN 1578366 AND 1578375
	Aggregate  (cost=40.32..40.33 rows=1 width=8)
	  ->  Index Scan using sbtest5_pkey on sbtest5  (cost=0.43..40.30 rows=10 width=4)
	        Index Cond: ((id >= 1578366) AND (id <= 1578375))

table 6 : explain SELECT SUM(k) FROM sbtest6 WHERE id BETWEEN 5289728 AND 5289737
	Aggregate  (cost=40.87..40.88 rows=1 width=8)
	  ->  Index Scan using sbtest6_pkey on sbtest6  (cost=0.43..40.84 rows=10 width=4)
	        Index Cond: ((id >= 5289728) AND (id <= 5289737))

table 7 : explain SELECT SUM(k) FROM sbtest7 WHERE id BETWEEN 8033841 AND 8033850
	Aggregate  (cost=36.90..36.91 rows=1 width=8)
	  ->  Index Scan using sbtest7_pkey on sbtest7  (cost=0.43..36.88 rows=9 width=4)
	        Index Cond: ((id >= 8033841) AND (id <= 8033850))

table 8 : explain SELECT SUM(k) FROM sbtest8 WHERE id BETWEEN 7518315 AND 7518324
	Aggregate  (cost=40.26..40.27 rows=1 width=8)
	  ->  Index Scan using sbtest8_pkey on sbtest8  (cost=0.43..40.23 rows=10 width=4)
	        Index Cond: ((id >= 7518315) AND (id <= 7518324))

for index_updates
table 1 : explain UPDATE sbtest1 SET k=k+1 WHERE id=7125388
	Update on sbtest1  (cost=0.43..8.46 rows=0 width=0)
	  ->  Index Scan using sbtest1_pkey on sbtest1  (cost=0.43..8.46 rows=1 width=10)
	        Index Cond: (id = 7125388)

table 2 : explain UPDATE sbtest2 SET k=k+1 WHERE id=4759219
	Update on sbtest2  (cost=0.43..8.46 rows=0 width=0)
	  ->  Index Scan using sbtest2_pkey on sbtest2  (cost=0.43..8.46 rows=1 width=10)
	        Index Cond: (id = 4759219)

table 3 : explain UPDATE sbtest3 SET k=k+1 WHERE id=1070561
	Update on sbtest3  (cost=0.43..8.46 rows=0 width=0)
	  ->  Index Scan using sbtest3_pkey on sbtest3  (cost=0.43..8.46 rows=1 width=10)
	        Index Cond: (id = 1070561)

table 4 : explain UPDATE sbtest4 SET k=k+1 WHERE id=3047230
	Update on sbtest4  (cost=0.43..8.46 rows=0 width=0)
	  ->  Index Scan using sbtest4_pkey on sbtest4  (cost=0.43..8.46 rows=1 width=10)
	        Index Cond: (id = 3047230)

table 5 : explain UPDATE sbtest5 SET k=k+1 WHERE id=8936955
	Update on sbtest5  (cost=0.43..8.46 rows=0 width=0)
	  ->  Index Scan using sbtest5_pkey on sbtest5  (cost=0.43..8.46 rows=1 width=10)
	        Index Cond: (id = 8936955)

table 6 : explain UPDATE sbtest6 SET k=k+1 WHERE id=9817656
	Update on sbtest6  (cost=0.43..8.46 rows=0 width=0)
	  ->  Index Scan using sbtest6_pkey on sbtest6  (cost=0.43..8.46 rows=1 width=10)
	        Index Cond: (id = 9817656)

table 7 : explain UPDATE sbtest7 SET k=k+1 WHERE id=3968747
	Update on sbtest7  (cost=0.43..8.46 rows=0 width=0)
	  ->  Index Scan using sbtest7_pkey on sbtest7  (cost=0.43..8.46 rows=1 width=10)
	        Index Cond: (id = 3968747)

table 8 : explain UPDATE sbtest8 SET k=k+1 WHERE id=265046
	Update on sbtest8  (cost=0.43..8.46 rows=0 width=0)
	  ->  Index Scan using sbtest8_pkey on sbtest8  (cost=0.43..8.46 rows=1 width=10)
	        Index Cond: (id = 265046)

for inserts
table 1 : explain INSERT INTO sbtest1 (id, k, c, pad) VALUES (6974408, 13, 'foobar', 'foobar')
	Insert on sbtest1  (cost=0.00..0.01 rows=0 width=0)
	  ->  Result  (cost=0.00..0.01 rows=1 width=736)

table 2 : explain INSERT INTO sbtest2 (id, k, c, pad) VALUES (5823038, 13, 'foobar', 'foobar')
	Insert on sbtest2  (cost=0.00..0.01 rows=0 width=0)
	  ->  Result  (cost=0.00..0.01 rows=1 width=736)

table 3 : explain INSERT INTO sbtest3 (id, k, c, pad) VALUES (6284215, 13, 'foobar', 'foobar')
	Insert on sbtest3  (cost=0.00..0.01 rows=0 width=0)
	  ->  Result  (cost=0.00..0.01 rows=1 width=736)

table 4 : explain INSERT INTO sbtest4 (id, k, c, pad) VALUES (3702984, 13, 'foobar', 'foobar')
	Insert on sbtest4  (cost=0.00..0.01 rows=0 width=0)
	  ->  Result  (cost=0.00..0.01 rows=1 width=736)

table 5 : explain INSERT INTO sbtest5 (id, k, c, pad) VALUES (7190284, 13, 'foobar', 'foobar')
	Insert on sbtest5  (cost=0.00..0.01 rows=0 width=0)
	  ->  Result  (cost=0.00..0.01 rows=1 width=736)

table 6 : explain INSERT INTO sbtest6 (id, k, c, pad) VALUES (7734397, 13, 'foobar', 'foobar')
	Insert on sbtest6  (cost=0.00..0.01 rows=0 width=0)
	  ->  Result  (cost=0.00..0.01 rows=1 width=736)

table 7 : explain INSERT INTO sbtest7 (id, k, c, pad) VALUES (9497250, 13, 'foobar', 'foobar')
	Insert on sbtest7  (cost=0.00..0.01 rows=0 width=0)
	  ->  Result  (cost=0.00..0.01 rows=1 width=736)

table 8 : explain INSERT INTO sbtest8 (id, k, c, pad) VALUES (5450792, 13, 'foobar', 'foobar')
	Insert on sbtest8  (cost=0.00..0.01 rows=0 width=0)
	  ->  Result  (cost=0.00..0.01 rows=1 width=736)

for non_index_updates
table 1 : explain UPDATE sbtest1 SET c='foobar' WHERE id=8607711
	Update on sbtest1  (cost=0.43..8.45 rows=0 width=0)
	  ->  Index Scan using sbtest1_pkey on sbtest1  (cost=0.43..8.45 rows=1 width=490)
	        Index Cond: (id = 8607711)

table 2 : explain UPDATE sbtest2 SET c='foobar' WHERE id=6421383
	Update on sbtest2  (cost=0.43..8.45 rows=0 width=0)
	  ->  Index Scan using sbtest2_pkey on sbtest2  (cost=0.43..8.45 rows=1 width=490)
	        Index Cond: (id = 6421383)

table 3 : explain UPDATE sbtest3 SET c='foobar' WHERE id=2913771
	Update on sbtest3  (cost=0.43..8.45 rows=0 width=0)
	  ->  Index Scan using sbtest3_pkey on sbtest3  (cost=0.43..8.45 rows=1 width=490)
	        Index Cond: (id = 2913771)

table 4 : explain UPDATE sbtest4 SET c='foobar' WHERE id=956302
	Update on sbtest4  (cost=0.43..8.45 rows=0 width=0)
	  ->  Index Scan using sbtest4_pkey on sbtest4  (cost=0.43..8.45 rows=1 width=490)
	        Index Cond: (id = 956302)

table 5 : explain UPDATE sbtest5 SET c='foobar' WHERE id=6897544
	Update on sbtest5  (cost=0.43..8.45 rows=0 width=0)
	  ->  Index Scan using sbtest5_pkey on sbtest5  (cost=0.43..8.45 rows=1 width=490)
	        Index Cond: (id = 6897544)

table 6 : explain UPDATE sbtest6 SET c='foobar' WHERE id=4476395
	Update on sbtest6  (cost=0.43..8.45 rows=0 width=0)
	  ->  Index Scan using sbtest6_pkey on sbtest6  (cost=0.43..8.45 rows=1 width=490)
	        Index Cond: (id = 4476395)

table 7 : explain UPDATE sbtest7 SET c='foobar' WHERE id=2203379
	Update on sbtest7  (cost=0.43..8.45 rows=0 width=0)
	  ->  Index Scan using sbtest7_pkey on sbtest7  (cost=0.43..8.45 rows=1 width=490)
	        Index Cond: (id = 2203379)

table 8 : explain UPDATE sbtest8 SET c='foobar' WHERE id=3752974
	Update on sbtest8  (cost=0.43..8.45 rows=0 width=0)
	  ->  Index Scan using sbtest8_pkey on sbtest8  (cost=0.43..8.45 rows=1 width=490)
	        Index Cond: (id = 3752974)

for: sum_ranges
table 1 : explain SELECT SUM(k) FROM sbtest1 WHERE id BETWEEN 505784 AND 505793
	Aggregate  (cost=40.50..40.51 rows=1 width=8)
	  ->  Index Scan using sbtest1_pkey on sbtest1  (cost=0.43..40.47 rows=10 width=4)
	        Index Cond: ((id >= 505784) AND (id <= 505793))

table 2 : explain SELECT SUM(k) FROM sbtest2 WHERE id BETWEEN 8961749 AND 8961758
	Aggregate  (cost=44.20..44.21 rows=1 width=8)
	  ->  Index Scan using sbtest2_pkey on sbtest2  (cost=0.43..44.17 rows=11 width=4)
	        Index Cond: ((id >= 8961749) AND (id <= 8961758))

table 3 : explain SELECT SUM(k) FROM sbtest3 WHERE id BETWEEN 5667573 AND 5667582
	Aggregate  (cost=44.50..44.51 rows=1 width=8)
	  ->  Index Scan using sbtest3_pkey on sbtest3  (cost=0.43..44.47 rows=11 width=4)
	        Index Cond: ((id >= 5667573) AND (id <= 5667582))

table 4 : explain SELECT SUM(k) FROM sbtest4 WHERE id BETWEEN 7919817 AND 7919826
	Aggregate  (cost=40.76..40.77 rows=1 width=8)
	  ->  Index Scan using sbtest4_pkey on sbtest4  (cost=0.43..40.73 rows=10 width=4)
	        Index Cond: ((id >= 7919817) AND (id <= 7919826))

table 5 : explain SELECT SUM(k) FROM sbtest5 WHERE id BETWEEN 1122429 AND 1122438
	Aggregate  (cost=40.32..40.33 rows=1 width=8)
	  ->  Index Scan using sbtest5_pkey on sbtest5  (cost=0.43..40.30 rows=10 width=4)
	        Index Cond: ((id >= 1122429) AND (id <= 1122438))

table 6 : explain SELECT SUM(k) FROM sbtest6 WHERE id BETWEEN 7439206 AND 7439215
	Aggregate  (cost=37.27..37.28 rows=1 width=8)
	  ->  Index Scan using sbtest6_pkey on sbtest6  (cost=0.43..37.25 rows=9 width=4)
	        Index Cond: ((id >= 7439206) AND (id <= 7439215))

table 7 : explain SELECT SUM(k) FROM sbtest7 WHERE id BETWEEN 2501424 AND 2501433
	Aggregate  (cost=40.45..40.46 rows=1 width=8)
	  ->  Index Scan using sbtest7_pkey on sbtest7  (cost=0.43..40.43 rows=10 width=4)
	        Index Cond: ((id >= 2501424) AND (id <= 2501433))

table 8 : explain SELECT SUM(k) FROM sbtest8 WHERE id BETWEEN 248670 AND 248679
	Aggregate  (cost=40.26..40.27 rows=1 width=8)
	  ->  Index Scan using sbtest8_pkey on sbtest8  (cost=0.43..40.23 rows=10 width=4)
	        Index Cond: ((id >= 248670) AND (id <= 248679))

for: sum_ranges
table 1 : explain SELECT SUM(k) FROM sbtest1 WHERE id BETWEEN 6690718 AND 6690727
	Aggregate  (cost=40.50..40.51 rows=1 width=8)
	  ->  Index Scan using sbtest1_pkey on sbtest1  (cost=0.43..40.47 rows=10 width=4)
	        Index Cond: ((id >= 6690718) AND (id <= 6690727))

table 2 : explain SELECT SUM(k) FROM sbtest2 WHERE id BETWEEN 6003411 AND 6003420
	Aggregate  (cost=40.62..40.63 rows=1 width=8)
	  ->  Index Scan using sbtest2_pkey on sbtest2  (cost=0.43..40.60 rows=10 width=4)
	        Index Cond: ((id >= 6003411) AND (id <= 6003420))

table 3 : explain SELECT SUM(k) FROM sbtest3 WHERE id BETWEEN 1161677 AND 1161686
	Aggregate  (cost=40.89..40.90 rows=1 width=8)
	  ->  Index Scan using sbtest3_pkey on sbtest3  (cost=0.43..40.87 rows=10 width=4)
	        Index Cond: ((id >= 1161677) AND (id <= 1161686))

table 4 : explain SELECT SUM(k) FROM sbtest4 WHERE id BETWEEN 1970003 AND 1970012
	Aggregate  (cost=44.35..44.36 rows=1 width=8)
	  ->  Index Scan using sbtest4_pkey on sbtest4  (cost=0.43..44.32 rows=11 width=4)
	        Index Cond: ((id >= 1970003) AND (id <= 1970012))

table 5 : explain SELECT SUM(k) FROM sbtest5 WHERE id BETWEEN 1120470 AND 1120479
	Aggregate  (cost=40.32..40.33 rows=1 width=8)
	  ->  Index Scan using sbtest5_pkey on sbtest5  (cost=0.43..40.30 rows=10 width=4)
	        Index Cond: ((id >= 1120470) AND (id <= 1120479))

table 6 : explain SELECT SUM(k) FROM sbtest6 WHERE id BETWEEN 2201764 AND 2201773
	Aggregate  (cost=40.87..40.88 rows=1 width=8)
	  ->  Index Scan using sbtest6_pkey on sbtest6  (cost=0.43..40.84 rows=10 width=4)
	        Index Cond: ((id >= 2201764) AND (id <= 2201773))

table 7 : explain SELECT SUM(k) FROM sbtest7 WHERE id BETWEEN 6488399 AND 6488408
	Aggregate  (cost=40.45..40.46 rows=1 width=8)
	  ->  Index Scan using sbtest7_pkey on sbtest7  (cost=0.43..40.43 rows=10 width=4)
	        Index Cond: ((id >= 6488399) AND (id <= 6488408))

table 8 : explain SELECT SUM(k) FROM sbtest8 WHERE id BETWEEN 4500892 AND 4500901
	Aggregate  (cost=36.73..36.74 rows=1 width=8)
	  ->  Index Scan using sbtest8_pkey on sbtest8  (cost=0.43..36.70 rows=9 width=4)
	        Index Cond: ((id >= 4500892) AND (id <= 4500901))

for inserts
table 1 : explain INSERT INTO sbtest1 (id, k, c, pad) VALUES (21268, 13, 'foobar', 'foobar')
	Insert on sbtest1  (cost=0.00..0.01 rows=0 width=0)
	  ->  Result  (cost=0.00..0.01 rows=1 width=736)

table 2 : explain INSERT INTO sbtest2 (id, k, c, pad) VALUES (8217279, 13, 'foobar', 'foobar')
	Insert on sbtest2  (cost=0.00..0.01 rows=0 width=0)
	  ->  Result  (cost=0.00..0.01 rows=1 width=736)

table 3 : explain INSERT INTO sbtest3 (id, k, c, pad) VALUES (1556072, 13, 'foobar', 'foobar')
	Insert on sbtest3  (cost=0.00..0.01 rows=0 width=0)
	  ->  Result  (cost=0.00..0.01 rows=1 width=736)

table 4 : explain INSERT INTO sbtest4 (id, k, c, pad) VALUES (645604, 13, 'foobar', 'foobar')
	Insert on sbtest4  (cost=0.00..0.01 rows=0 width=0)
	  ->  Result  (cost=0.00..0.01 rows=1 width=736)

table 5 : explain INSERT INTO sbtest5 (id, k, c, pad) VALUES (9906575, 13, 'foobar', 'foobar')
	Insert on sbtest5  (cost=0.00..0.01 rows=0 width=0)
	  ->  Result  (cost=0.00..0.01 rows=1 width=736)

table 6 : explain INSERT INTO sbtest6 (id, k, c, pad) VALUES (9176055, 13, 'foobar', 'foobar')
	Insert on sbtest6  (cost=0.00..0.01 rows=0 width=0)
	  ->  Result  (cost=0.00..0.01 rows=1 width=736)

table 7 : explain INSERT INTO sbtest7 (id, k, c, pad) VALUES (9698926, 13, 'foobar', 'foobar')
	Insert on sbtest7  (cost=0.00..0.01 rows=0 width=0)
	  ->  Result  (cost=0.00..0.01 rows=1 width=736)

table 8 : explain INSERT INTO sbtest8 (id, k, c, pad) VALUES (4503777, 13, 'foobar', 'foobar')
	Insert on sbtest8  (cost=0.00..0.01 rows=0 width=0)
	  ->  Result  (cost=0.00..0.01 rows=1 width=736)

explain: for non_index_updates :: explain UPDATE sbtest%u SET c='foobar' WHERE id=%u
explain: for deletes :: explain DELETE FROM sbtest%u WHERE id=%u
explain: for inserts :: explain INSERT INTO sbtest%u (id, k, c, pad) VALUES (%u, 13, 'foobar', 'foobar')
explain: for index_updates :: explain UPDATE sbtest%u SET k=k+1 WHERE id=%u
for inserts
table 1 : explain INSERT INTO sbtest1 (id, k, c, pad) VALUES (9796633, 13, 'foobar', 'foobar')
	Insert on sbtest1  (cost=0.00..0.01 rows=0 width=0)
	  ->  Result  (cost=0.00..0.01 rows=1 width=736)

table 2 : explain INSERT INTO sbtest2 (id, k, c, pad) VALUES (6354422, 13, 'foobar', 'foobar')
	Insert on sbtest2  (cost=0.00..0.01 rows=0 width=0)
	  ->  Result  (cost=0.00..0.01 rows=1 width=736)

table 3 : explain INSERT INTO sbtest3 (id, k, c, pad) VALUES (9866434, 13, 'foobar', 'foobar')
	Insert on sbtest3  (cost=0.00..0.01 rows=0 width=0)
	  ->  Result  (cost=0.00..0.01 rows=1 width=736)

table 4 : explain INSERT INTO sbtest4 (id, k, c, pad) VALUES (6661330, 13, 'foobar', 'foobar')
	Insert on sbtest4  (cost=0.00..0.01 rows=0 width=0)
	  ->  Result  (cost=0.00..0.01 rows=1 width=736)

table 5 : explain INSERT INTO sbtest5 (id, k, c, pad) VALUES (1479926, 13, 'foobar', 'foobar')
	Insert on sbtest5  (cost=0.00..0.01 rows=0 width=0)
	  ->  Result  (cost=0.00..0.01 rows=1 width=736)

table 6 : explain INSERT INTO sbtest6 (id, k, c, pad) VALUES (4147337, 13, 'foobar', 'foobar')
	Insert on sbtest6  (cost=0.00..0.01 rows=0 width=0)
	  ->  Result  (cost=0.00..0.01 rows=1 width=736)

table 7 : explain INSERT INTO sbtest7 (id, k, c, pad) VALUES (1580223, 13, 'foobar', 'foobar')
	Insert on sbtest7  (cost=0.00..0.01 rows=0 width=0)
	  ->  Result  (cost=0.00..0.01 rows=1 width=736)

table 8 : explain INSERT INTO sbtest8 (id, k, c, pad) VALUES (2860513, 13, 'foobar', 'foobar')
	Insert on sbtest8  (cost=0.00..0.01 rows=0 width=0)
	  ->  Result  (cost=0.00..0.01 rows=1 width=736)

for deletes
table 1 : explain DELETE FROM sbtest1 WHERE id=6007471
	Delete on sbtest1  (cost=0.43..8.45 rows=0 width=0)
	  ->  Index Scan using sbtest1_pkey on sbtest1  (cost=0.43..8.45 rows=1 width=6)
	        Index Cond: (id = 6007471)

table 2 : explain DELETE FROM sbtest2 WHERE id=2847140
	Delete on sbtest2  (cost=0.43..8.45 rows=0 width=0)
	  ->  Index Scan using sbtest2_pkey on sbtest2  (cost=0.43..8.45 rows=1 width=6)
	        Index Cond: (id = 2847140)

table 3 : explain DELETE FROM sbtest3 WHERE id=3520163
	Delete on sbtest3  (cost=0.43..8.45 rows=0 width=0)
	  ->  Index Scan using sbtest3_pkey on sbtest3  (cost=0.43..8.45 rows=1 width=6)
	        Index Cond: (id = 3520163)

table 4 : explain DELETE FROM sbtest4 WHERE id=8244886
	Delete on sbtest4  (cost=0.43..8.45 rows=0 width=0)
	  ->  Index Scan using sbtest4_pkey on sbtest4  (cost=0.43..8.45 rows=1 width=6)
	        Index Cond: (id = 8244886)

table 5 : explain DELETE FROM sbtest5 WHERE id=456595
	Delete on sbtest5  (cost=0.43..8.45 rows=0 width=0)
	  ->  Index Scan using sbtest5_pkey on sbtest5  (cost=0.43..8.45 rows=1 width=6)
	        Index Cond: (id = 456595)

table 6 : explain DELETE FROM sbtest6 WHERE id=95595
	Delete on sbtest6  (cost=0.43..8.45 rows=0 width=0)
	  ->  Index Scan using sbtest6_pkey on sbtest6  (cost=0.43..8.45 rows=1 width=6)
	        Index Cond: (id = 95595)

table 7 : explain DELETE FROM sbtest7 WHERE id=7172757
	Delete on sbtest7  (cost=0.43..8.45 rows=0 width=0)
	  ->  Index Scan using sbtest7_pkey on sbtest7  (cost=0.43..8.45 rows=1 width=6)
	        Index Cond: (id = 7172757)

table 8 : explain DELETE FROM sbtest8 WHERE id=7779912
	Delete on sbtest8  (cost=0.43..8.45 rows=0 width=0)
	  ->  Index Scan using sbtest8_pkey on sbtest8  (cost=0.43..8.45 rows=1 width=6)
	        Index Cond: (id = 7779912)

for non_index_updates
table 1 : explain UPDATE sbtest1 SET c='foobar' WHERE id=7493323
	Update on sbtest1  (cost=0.43..8.45 rows=0 width=0)
	  ->  Index Scan using sbtest1_pkey on sbtest1  (cost=0.43..8.45 rows=1 width=490)
	        Index Cond: (id = 7493323)

table 2 : explain UPDATE sbtest2 SET c='foobar' WHERE id=1412895
	Update on sbtest2  (cost=0.43..8.45 rows=0 width=0)
	  ->  Index Scan using sbtest2_pkey on sbtest2  (cost=0.43..8.45 rows=1 width=490)
	        Index Cond: (id = 1412895)

table 3 : explain UPDATE sbtest3 SET c='foobar' WHERE id=2412664
	Update on sbtest3  (cost=0.43..8.45 rows=0 width=0)
	  ->  Index Scan using sbtest3_pkey on sbtest3  (cost=0.43..8.45 rows=1 width=490)
	        Index Cond: (id = 2412664)

table 4 : explain UPDATE sbtest4 SET c='foobar' WHERE id=5926834
	Update on sbtest4  (cost=0.43..8.45 rows=0 width=0)
	  ->  Index Scan using sbtest4_pkey on sbtest4  (cost=0.43..8.45 rows=1 width=490)
	        Index Cond: (id = 5926834)

table 5 : explain UPDATE sbtest5 SET c='foobar' WHERE id=1764365
	Update on sbtest5  (cost=0.43..8.45 rows=0 width=0)
	  ->  Index Scan using sbtest5_pkey on sbtest5  (cost=0.43..8.45 rows=1 width=490)
	        Index Cond: (id = 1764365)

table 6 : explain UPDATE sbtest6 SET c='foobar' WHERE id=1005010
	Update on sbtest6  (cost=0.43..8.45 rows=0 width=0)
	  ->  Index Scan using sbtest6_pkey on sbtest6  (cost=0.43..8.45 rows=1 width=490)
	        Index Cond: (id = 1005010)

table 7 : explain UPDATE sbtest7 SET c='foobar' WHERE id=5511877
	Update on sbtest7  (cost=0.43..8.45 rows=0 width=0)
	  ->  Index Scan using sbtest7_pkey on sbtest7  (cost=0.43..8.45 rows=1 width=490)
	        Index Cond: (id = 5511877)

table 8 : explain UPDATE sbtest8 SET c='foobar' WHERE id=1433843
	Update on sbtest8  (cost=0.43..8.45 rows=0 width=0)
	  ->  Index Scan using sbtest8_pkey on sbtest8  (cost=0.43..8.45 rows=1 width=490)
	        Index Cond: (id = 1433843)

for point_selects
table 1 : explain SELECT c FROM sbtest1 WHERE id=7675642
	Index Scan using sbtest1_pkey on sbtest1  (cost=0.43..8.45 rows=1 width=121)
	  Index Cond: (id = 7675642)

table 2 : explain SELECT c FROM sbtest2 WHERE id=8003484
	Index Scan using sbtest2_pkey on sbtest2  (cost=0.43..8.45 rows=1 width=121)
	  Index Cond: (id = 8003484)

table 3 : explain SELECT c FROM sbtest3 WHERE id=5120300
	Index Scan using sbtest3_pkey on sbtest3  (cost=0.43..8.45 rows=1 width=121)
	  Index Cond: (id = 5120300)

table 4 : explain SELECT c FROM sbtest4 WHERE id=7824719
	Index Scan using sbtest4_pkey on sbtest4  (cost=0.43..8.45 rows=1 width=121)
	  Index Cond: (id = 7824719)

table 5 : explain SELECT c FROM sbtest5 WHERE id=7165833
	Index Scan using sbtest5_pkey on sbtest5  (cost=0.43..8.45 rows=1 width=121)
	  Index Cond: (id = 7165833)

table 6 : explain SELECT c FROM sbtest6 WHERE id=6455637
	Index Scan using sbtest6_pkey on sbtest6  (cost=0.43..8.45 rows=1 width=121)
	  Index Cond: (id = 6455637)

table 7 : explain SELECT c FROM sbtest7 WHERE id=8369209
	Index Scan using sbtest7_pkey on sbtest7  (cost=0.43..8.45 rows=1 width=121)
	  Index Cond: (id = 8369209)

table 8 : explain SELECT c FROM sbtest8 WHERE id=8582698
	Index Scan using sbtest8_pkey on sbtest8  (cost=0.43..8.45 rows=1 width=121)
	  Index Cond: (id = 8582698)

for index_updates
table 1 : explain UPDATE sbtest1 SET k=k+1 WHERE id=5251429
	Update on sbtest1  (cost=0.43..8.46 rows=0 width=0)
	  ->  Index Scan using sbtest1_pkey on sbtest1  (cost=0.43..8.46 rows=1 width=10)
	        Index Cond: (id = 5251429)

table 2 : explain UPDATE sbtest2 SET k=k+1 WHERE id=1827426
	Update on sbtest2  (cost=0.43..8.46 rows=0 width=0)
	  ->  Index Scan using sbtest2_pkey on sbtest2  (cost=0.43..8.46 rows=1 width=10)
	        Index Cond: (id = 1827426)

table 3 : explain UPDATE sbtest3 SET k=k+1 WHERE id=3062269
	Update on sbtest3  (cost=0.43..8.46 rows=0 width=0)
	  ->  Index Scan using sbtest3_pkey on sbtest3  (cost=0.43..8.46 rows=1 width=10)
	        Index Cond: (id = 3062269)

table 4 : explain UPDATE sbtest4 SET k=k+1 WHERE id=4750833
	Update on sbtest4  (cost=0.43..8.46 rows=0 width=0)
	  ->  Index Scan using sbtest4_pkey on sbtest4  (cost=0.43..8.46 rows=1 width=10)
	        Index Cond: (id = 4750833)

table 5 : explain UPDATE sbtest5 SET k=k+1 WHERE id=3148109
	Update on sbtest5  (cost=0.43..8.46 rows=0 width=0)
	  ->  Index Scan using sbtest5_pkey on sbtest5  (cost=0.43..8.46 rows=1 width=10)
	        Index Cond: (id = 3148109)

table 6 : explain UPDATE sbtest6 SET k=k+1 WHERE id=7610361
	Update on sbtest6  (cost=0.43..8.46 rows=0 width=0)
	  ->  Index Scan using sbtest6_pkey on sbtest6  (cost=0.43..8.46 rows=1 width=10)
	        Index Cond: (id = 7610361)

table 7 : explain UPDATE sbtest7 SET k=k+1 WHERE id=1380421
	Update on sbtest7  (cost=0.43..8.46 rows=0 width=0)
	  ->  Index Scan using sbtest7_pkey on sbtest7  (cost=0.43..8.46 rows=1 width=10)
	        Index Cond: (id = 1380421)

table 8 : explain UPDATE sbtest8 SET k=k+1 WHERE id=2091750
	Update on sbtest8  (cost=0.43..8.46 rows=0 width=0)
	  ->  Index Scan using sbtest8_pkey on sbtest8  (cost=0.43..8.46 rows=1 width=10)
	        Index Cond: (id = 2091750)

for: order_ranges
table 1 : explain SELECT c FROM sbtest1 WHERE id BETWEEN 5638387 AND 5638396 ORDER BY c
	Sort  (cost=44.22..44.25 rows=11 width=121)
	  Sort Key: c
	  ->  Index Scan using sbtest1_pkey on sbtest1  (cost=0.43..44.03 rows=11 width=121)
	        Index Cond: ((id >= 5638387) AND (id <= 5638396))

table 2 : explain SELECT c FROM sbtest2 WHERE id BETWEEN 6633209 AND 6633218 ORDER BY c
	Sort  (cost=40.76..40.79 rows=10 width=121)
	  Sort Key: c
	  ->  Index Scan using sbtest2_pkey on sbtest2  (cost=0.43..40.60 rows=10 width=121)
	        Index Cond: ((id >= 6633209) AND (id <= 6633218))

table 3 : explain SELECT c FROM sbtest3 WHERE id BETWEEN 2969240 AND 2969249 ORDER BY c
	Sort  (cost=41.03..41.06 rows=10 width=121)
	  Sort Key: c
	  ->  Index Scan using sbtest3_pkey on sbtest3  (cost=0.43..40.87 rows=10 width=121)
	        Index Cond: ((id >= 2969240) AND (id <= 2969249))

table 4 : explain SELECT c FROM sbtest4 WHERE id BETWEEN 7841314 AND 7841323 ORDER BY c
	Sort  (cost=37.29..37.31 rows=9 width=121)
	  Sort Key: c
	  ->  Index Scan using sbtest4_pkey on sbtest4  (cost=0.43..37.15 rows=9 width=121)
	        Index Cond: ((id >= 7841314) AND (id <= 7841323))

table 5 : explain SELECT c FROM sbtest5 WHERE id BETWEEN 4705052 AND 4705061 ORDER BY c
	Sort  (cost=40.46..40.49 rows=10 width=121)
	  Sort Key: c
	  ->  Index Scan using sbtest5_pkey on sbtest5  (cost=0.43..40.30 rows=10 width=121)
	        Index Cond: ((id >= 4705052) AND (id <= 4705061))

table 6 : explain SELECT c FROM sbtest6 WHERE id BETWEEN 9958820 AND 9958829 ORDER BY c
	Sort  (cost=41.01..41.04 rows=10 width=121)
	  Sort Key: c
	  ->  Index Scan using sbtest6_pkey on sbtest6  (cost=0.43..40.84 rows=10 width=121)
	        Index Cond: ((id >= 9958820) AND (id <= 9958829))

table 7 : explain SELECT c FROM sbtest7 WHERE id BETWEEN 9342612 AND 9342621 ORDER BY c
	Sort  (cost=37.02..37.04 rows=9 width=121)
	  Sort Key: c
	  ->  Index Scan using sbtest7_pkey on sbtest7  (cost=0.43..36.88 rows=9 width=121)
	        Index Cond: ((id >= 9342612) AND (id <= 9342621))

table 8 : explain SELECT c FROM sbtest8 WHERE id BETWEEN 3877988 AND 3877997 ORDER BY c
	Sort  (cost=40.40..40.42 rows=10 width=121)
	  Sort Key: c
	  ->  Index Scan using sbtest8_pkey on sbtest8  (cost=0.43..40.23 rows=10 width=121)
	        Index Cond: ((id >= 3877988) AND (id <= 3877997))

for: order_ranges
table 1 : explain SELECT c FROM sbtest1 WHERE id BETWEEN 7146446 AND 7146455 ORDER BY c
	Sort  (cost=40.64..40.66 rows=10 width=121)
	  Sort Key: c
	  ->  Index Scan using sbtest1_pkey on sbtest1  (cost=0.43..40.47 rows=10 width=121)
	        Index Cond: ((id >= 7146446) AND (id <= 7146455))

table 2 : explain SELECT c FROM sbtest2 WHERE id BETWEEN 5743327 AND 5743336 ORDER BY c
	Sort  (cost=33.57..33.59 rows=8 width=121)
	  Sort Key: c
	  ->  Index Scan using sbtest2_pkey on sbtest2  (cost=0.43..33.45 rows=8 width=121)
	        Index Cond: ((id >= 5743327) AND (id <= 5743336))

table 3 : explain SELECT c FROM sbtest3 WHERE id BETWEEN 2781607 AND 2781616 ORDER BY c
	Sort  (cost=41.03..41.06 rows=10 width=121)
	  Sort Key: c
	  ->  Index Scan using sbtest3_pkey on sbtest3  (cost=0.43..40.87 rows=10 width=121)
	        Index Cond: ((id >= 2781607) AND (id <= 2781616))

table 4 : explain SELECT c FROM sbtest4 WHERE id BETWEEN 1294355 AND 1294364 ORDER BY c
	Sort  (cost=44.51..44.54 rows=11 width=121)
	  Sort Key: c
	  ->  Index Scan using sbtest4_pkey on sbtest4  (cost=0.43..44.32 rows=11 width=121)
	        Index Cond: ((id >= 1294355) AND (id <= 1294364))

table 5 : explain SELECT c FROM sbtest5 WHERE id BETWEEN 6444364 AND 6444373 ORDER BY c
	Sort  (cost=36.90..36.93 rows=9 width=121)
	  Sort Key: c
	  ->  Index Scan using sbtest5_pkey on sbtest5  (cost=0.43..36.76 rows=9 width=121)
	        Index Cond: ((id >= 6444364) AND (id <= 6444373))

table 6 : explain SELECT c FROM sbtest6 WHERE id BETWEEN 1080598 AND 1080607 ORDER BY c
	Sort  (cost=41.01..41.04 rows=10 width=121)
	  Sort Key: c
	  ->  Index Scan using sbtest6_pkey on sbtest6  (cost=0.43..40.84 rows=10 width=121)
	        Index Cond: ((id >= 1080598) AND (id <= 1080607))

table 7 : explain SELECT c FROM sbtest7 WHERE id BETWEEN 1262759 AND 1262768 ORDER BY c
	Sort  (cost=40.59..40.62 rows=10 width=121)
	  Sort Key: c
	  ->  Index Scan using sbtest7_pkey on sbtest7  (cost=0.43..40.43 rows=10 width=121)
	        Index Cond: ((id >= 1262759) AND (id <= 1262768))

table 8 : explain SELECT c FROM sbtest8 WHERE id BETWEEN 1590792 AND 1590801 ORDER BY c
	Sort  (cost=43.95..43.98 rows=11 width=121)
	  Sort Key: c
	  ->  Index Scan using sbtest8_pkey on sbtest8  (cost=0.43..43.76 rows=11 width=121)
	        Index Cond: ((id >= 1590792) AND (id <= 1590801))

explain: for deletes :: explain DELETE FROM sbtest%u WHERE id=%u
for point_selects
table 1 : explain SELECT c FROM sbtest1 WHERE id=834588
	Index Scan using sbtest1_pkey on sbtest1  (cost=0.43..8.45 rows=1 width=121)
	  Index Cond: (id = 834588)

table 2 : explain SELECT c FROM sbtest2 WHERE id=7185772
	Index Scan using sbtest2_pkey on sbtest2  (cost=0.43..8.45 rows=1 width=121)
	  Index Cond: (id = 7185772)

table 3 : explain SELECT c FROM sbtest3 WHERE id=3999359
	Index Scan using sbtest3_pkey on sbtest3  (cost=0.43..8.45 rows=1 width=121)
	  Index Cond: (id = 3999359)

table 4 : explain SELECT c FROM sbtest4 WHERE id=4403673
	Index Scan using sbtest4_pkey on sbtest4  (cost=0.43..8.45 rows=1 width=121)
	  Index Cond: (id = 4403673)

table 5 : explain SELECT c FROM sbtest5 WHERE id=6949733
	Index Scan using sbtest5_pkey on sbtest5  (cost=0.43..8.45 rows=1 width=121)
	  Index Cond: (id = 6949733)

table 6 : explain SELECT c FROM sbtest6 WHERE id=6965526
	Index Scan using sbtest6_pkey on sbtest6  (cost=0.43..8.45 rows=1 width=121)
	  Index Cond: (id = 6965526)

table 7 : explain SELECT c FROM sbtest7 WHERE id=378049
	Index Scan using sbtest7_pkey on sbtest7  (cost=0.43..8.45 rows=1 width=121)
	  Index Cond: (id = 378049)

table 8 : explain SELECT c FROM sbtest8 WHERE id=8250489
	Index Scan using sbtest8_pkey on sbtest8  (cost=0.43..8.45 rows=1 width=121)
	  Index Cond: (id = 8250489)

explain: for inserts :: explain INSERT INTO sbtest%u (id, k, c, pad) VALUES (%u, 13, 'foobar', 'foobar')
explain: for non_index_updates :: explain UPDATE sbtest%u SET c='foobar' WHERE id=%u
for: order_ranges
table 1 : explain SELECT c FROM sbtest1 WHERE id BETWEEN 3324891 AND 3324900 ORDER BY c
	Sort  (cost=40.64..40.66 rows=10 width=121)
	  Sort Key: c
	  ->  Index Scan using sbtest1_pkey on sbtest1  (cost=0.43..40.47 rows=10 width=121)
	        Index Cond: ((id >= 3324891) AND (id <= 3324900))

table 2 : explain SELECT c FROM sbtest2 WHERE id BETWEEN 6307265 AND 6307274 ORDER BY c
	Sort  (cost=37.17..37.19 rows=9 width=121)
	  Sort Key: c
	  ->  Index Scan using sbtest2_pkey on sbtest2  (cost=0.43..37.03 rows=9 width=121)
	        Index Cond: ((id >= 6307265) AND (id <= 6307274))

table 3 : explain SELECT c FROM sbtest3 WHERE id BETWEEN 2436062 AND 2436071 ORDER BY c
	Sort  (cost=37.41..37.43 rows=9 width=121)
	  Sort Key: c
	  ->  Index Scan using sbtest3_pkey on sbtest3  (cost=0.43..37.27 rows=9 width=121)
	        Index Cond: ((id >= 2436062) AND (id <= 2436071))

table 4 : explain SELECT c FROM sbtest4 WHERE id BETWEEN 6242148 AND 6242157 ORDER BY c
	Sort  (cost=37.29..37.31 rows=9 width=121)
	  Sort Key: c
	  ->  Index Scan using sbtest4_pkey on sbtest4  (cost=0.43..37.15 rows=9 width=121)
	        Index Cond: ((id >= 6242148) AND (id <= 6242157))

table 5 : explain SELECT c FROM sbtest5 WHERE id BETWEEN 6654927 AND 6654936 ORDER BY c
	Sort  (cost=36.90..36.93 rows=9 width=121)
	  Sort Key: c
	  ->  Index Scan using sbtest5_pkey on sbtest5  (cost=0.43..36.76 rows=9 width=121)
	        Index Cond: ((id >= 6654927) AND (id <= 6654936))

table 6 : explain SELECT c FROM sbtest6 WHERE id BETWEEN 5642195 AND 5642204 ORDER BY c
	Sort  (cost=37.39..37.41 rows=9 width=121)
	  Sort Key: c
	  ->  Index Scan using sbtest6_pkey on sbtest6  (cost=0.43..37.25 rows=9 width=121)
	        Index Cond: ((id >= 5642195) AND (id <= 5642204))

table 7 : explain SELECT c FROM sbtest7 WHERE id BETWEEN 881465 AND 881474 ORDER BY c
	Sort  (cost=40.59..40.62 rows=10 width=121)
	  Sort Key: c
	  ->  Index Scan using sbtest7_pkey on sbtest7  (cost=0.43..40.43 rows=10 width=121)
	        Index Cond: ((id >= 881465) AND (id <= 881474))

table 8 : explain SELECT c FROM sbtest8 WHERE id BETWEEN 3882674 AND 3882683 ORDER BY c
	Sort  (cost=40.40..40.42 rows=10 width=121)
	  Sort Key: c
	  ->  Index Scan using sbtest8_pkey on sbtest8  (cost=0.43..40.23 rows=10 width=121)
	        Index Cond: ((id >= 3882674) AND (id <= 3882683))
for: order_ranges
table 1 : explain SELECT c FROM sbtest1 WHERE id BETWEEN 1161929 AND 1161938 ORDER BY c
	Sort  (cost=40.64..40.66 rows=10 width=121)
	  Sort Key: c
	  ->  Index Scan using sbtest1_pkey on sbtest1  (cost=0.43..40.47 rows=10 width=121)
	        Index Cond: ((id >= 1161929) AND (id <= 1161938))

table 2 : explain SELECT c FROM sbtest2 WHERE id BETWEEN 7649406 AND 7649415 ORDER BY c
	Sort  (cost=40.76..40.79 rows=10 width=121)
	  Sort Key: c
	  ->  Index Scan using sbtest2_pkey on sbtest2  (cost=0.43..40.60 rows=10 width=121)
	        Index Cond: ((id >= 7649406) AND (id <= 7649415))

table 3 : explain SELECT c FROM sbtest3 WHERE id BETWEEN 3932154 AND 3932163 ORDER BY c
	Sort  (cost=41.03..41.06 rows=10 width=121)
	  Sort Key: c
	  ->  Index Scan using sbtest3_pkey on sbtest3  (cost=0.43..40.87 rows=10 width=121)
	        Index Cond: ((id >= 3932154) AND (id <= 3932163))

table 4 : explain SELECT c FROM sbtest4 WHERE id BETWEEN 7331359 AND 7331368 ORDER BY c
	Sort  (cost=40.90..40.93 rows=10 width=121)
	  Sort Key: c
	  ->  Index Scan using sbtest4_pkey on sbtest4  (cost=0.43..40.73 rows=10 width=121)
	        Index Cond: ((id >= 7331359) AND (id <= 7331368))

table 5 : explain SELECT c FROM sbtest5 WHERE id BETWEEN 708510 AND 708519 ORDER BY c
	Sort  (cost=40.46..40.49 rows=10 width=121)
	  Sort Key: c
	  ->  Index Scan using sbtest5_pkey on sbtest5  (cost=0.43..40.30 rows=10 width=121)
	        Index Cond: ((id >= 708510) AND (id <= 708519))

table 6 : explain SELECT c FROM sbtest6 WHERE id BETWEEN 762776 AND 762785 ORDER BY c
	Sort  (cost=37.39..37.41 rows=9 width=121)
	  Sort Key: c
	  ->  Index Scan using sbtest6_pkey on sbtest6  (cost=0.43..37.25 rows=9 width=121)
	        Index Cond: ((id >= 762776) AND (id <= 762785))

table 7 : explain SELECT c FROM sbtest7 WHERE id BETWEEN 1599134 AND 1599143 ORDER BY c
	Sort  (cost=40.59..40.62 rows=10 width=121)
	  Sort Key: c
	  ->  Index Scan using sbtest7_pkey on sbtest7  (cost=0.43..40.43 rows=10 width=121)
	        Index Cond: ((id >= 1599134) AND (id <= 1599143))

table 8 : explain SELECT c FROM sbtest8 WHERE id BETWEEN 5622092 AND 5622101 ORDER BY c
	Sort  (cost=43.95..43.98 rows=11 width=121)
	  Sort Key: c
	  ->  Index Scan using sbtest8_pkey on sbtest8  (cost=0.43..43.76 rows=11 width=121)
	        Index Cond: ((id >= 5622092) AND (id <= 5622101))


for deletes
table 1 : explain DELETE FROM sbtest1 WHERE id=9823428
	Delete on sbtest1  (cost=0.43..8.45 rows=0 width=0)
	  ->  Index Scan using sbtest1_pkey on sbtest1  (cost=0.43..8.45 rows=1 width=6)
	        Index Cond: (id = 9823428)

table 2 : explain DELETE FROM sbtest2 WHERE id=1443173
	Delete on sbtest2  (cost=0.43..8.45 rows=0 width=0)
	  ->  Index Scan using sbtest2_pkey on sbtest2  (cost=0.43..8.45 rows=1 width=6)
	        Index Cond: (id = 1443173)

table 3 : explain DELETE FROM sbtest3 WHERE id=4013656
	Delete on sbtest3  (cost=0.43..8.45 rows=0 width=0)
	  ->  Index Scan using sbtest3_pkey on sbtest3  (cost=0.43..8.45 rows=1 width=6)
	        Index Cond: (id = 4013656)

table 4 : explain DELETE FROM sbtest4 WHERE id=5066495
	Delete on sbtest4  (cost=0.43..8.45 rows=0 width=0)
	  ->  Index Scan using sbtest4_pkey on sbtest4  (cost=0.43..8.45 rows=1 width=6)
	        Index Cond: (id = 5066495)

table 5 : explain DELETE FROM sbtest5 WHERE id=6225551
	Delete on sbtest5  (cost=0.43..8.45 rows=0 width=0)
	  ->  Index Scan using sbtest5_pkey on sbtest5  (cost=0.43..8.45 rows=1 width=6)
	        Index Cond: (id = 6225551)

table 6 : explain DELETE FROM sbtest6 WHERE id=1759861
	Delete on sbtest6  (cost=0.43..8.45 rows=0 width=0)
	  ->  Index Scan using sbtest6_pkey on sbtest6  (cost=0.43..8.45 rows=1 width=6)
	        Index Cond: (id = 1759861)

table 7 : explain DELETE FROM sbtest7 WHERE id=9800679
	Delete on sbtest7  (cost=0.43..8.45 rows=0 width=0)
	  ->  Index Scan using sbtest7_pkey on sbtest7  (cost=0.43..8.45 rows=1 width=6)
	        Index Cond: (id = 9800679)

table 8 : explain DELETE FROM sbtest8 WHERE id=8725932
	Delete on sbtest8  (cost=0.43..8.45 rows=0 width=0)
	  ->  Index Scan using sbtest8_pkey on sbtest8  (cost=0.43..8.45 rows=1 width=6)
	        Index Cond: (id = 8725932)

for inserts
table 1 : explain INSERT INTO sbtest1 (id, k, c, pad) VALUES (5122029, 13, 'foobar', 'foobar')
	Insert on sbtest1  (cost=0.00..0.01 rows=0 width=0)
	  ->  Result  (cost=0.00..0.01 rows=1 width=736)

table 2 : explain INSERT INTO sbtest2 (id, k, c, pad) VALUES (6126123, 13, 'foobar', 'foobar')
	Insert on sbtest2  (cost=0.00..0.01 rows=0 width=0)
	  ->  Result  (cost=0.00..0.01 rows=1 width=736)

table 3 : explain INSERT INTO sbtest3 (id, k, c, pad) VALUES (9144137, 13, 'foobar', 'foobar')
	Insert on sbtest3  (cost=0.00..0.01 rows=0 width=0)
	  ->  Result  (cost=0.00..0.01 rows=1 width=736)

table 4 : explain INSERT INTO sbtest4 (id, k, c, pad) VALUES (921363, 13, 'foobar', 'foobar')
	Insert on sbtest4  (cost=0.00..0.01 rows=0 width=0)
	  ->  Result  (cost=0.00..0.01 rows=1 width=736)

table 5 : explain INSERT INTO sbtest5 (id, k, c, pad) VALUES (6214560, 13, 'foobar', 'foobar')
	Insert on sbtest5  (cost=0.00..0.01 rows=0 width=0)
	  ->  Result  (cost=0.00..0.01 rows=1 width=736)

table 6 : explain INSERT INTO sbtest6 (id, k, c, pad) VALUES (4813320, 13, 'foobar', 'foobar')
	Insert on sbtest6  (cost=0.00..0.01 rows=0 width=0)
	  ->  Result  (cost=0.00..0.01 rows=1 width=736)

table 7 : explain INSERT INTO sbtest7 (id, k, c, pad) VALUES (3339360, 13, 'foobar', 'foobar')
	Insert on sbtest7  (cost=0.00..0.01 rows=0 width=0)
	  ->  Result  (cost=0.00..0.01 rows=1 width=736)

table 8 : explain INSERT INTO sbtest8 (id, k, c, pad) VALUES (7769200, 13, 'foobar', 'foobar')
	Insert on sbtest8  (cost=0.00..0.01 rows=0 width=0)
	  ->  Result  (cost=0.00..0.01 rows=1 width=736)

for non_index_updates
table 1 : explain UPDATE sbtest1 SET c='foobar' WHERE id=3326918
	Update on sbtest1  (cost=0.43..8.45 rows=0 width=0)
	  ->  Index Scan using sbtest1_pkey on sbtest1  (cost=0.43..8.45 rows=1 width=490)
	        Index Cond: (id = 3326918)

table 2 : explain UPDATE sbtest2 SET c='foobar' WHERE id=5806440
	Update on sbtest2  (cost=0.43..8.45 rows=0 width=0)
	  ->  Index Scan using sbtest2_pkey on sbtest2  (cost=0.43..8.45 rows=1 width=490)
	        Index Cond: (id = 5806440)

table 3 : explain UPDATE sbtest3 SET c='foobar' WHERE id=4917575
	Update on sbtest3  (cost=0.43..8.45 rows=0 width=0)
	  ->  Index Scan using sbtest3_pkey on sbtest3  (cost=0.43..8.45 rows=1 width=490)
	        Index Cond: (id = 4917575)

table 4 : explain UPDATE sbtest4 SET c='foobar' WHERE id=1196040
	Update on sbtest4  (cost=0.43..8.45 rows=0 width=0)
	  ->  Index Scan using sbtest4_pkey on sbtest4  (cost=0.43..8.45 rows=1 width=490)
	        Index Cond: (id = 1196040)

table 5 : explain UPDATE sbtest5 SET c='foobar' WHERE id=3922475
	Update on sbtest5  (cost=0.43..8.45 rows=0 width=0)
	  ->  Index Scan using sbtest5_pkey on sbtest5  (cost=0.43..8.45 rows=1 width=490)
	        Index Cond: (id = 3922475)

table 6 : explain UPDATE sbtest6 SET c='foobar' WHERE id=306365
	Update on sbtest6  (cost=0.43..8.45 rows=0 width=0)
	  ->  Index Scan using sbtest6_pkey on sbtest6  (cost=0.43..8.45 rows=1 width=490)
	        Index Cond: (id = 306365)

table 7 : explain UPDATE sbtest7 SET c='foobar' WHERE id=8368685
	Update on sbtest7  (cost=0.43..8.45 rows=0 width=0)
	  ->  Index Scan using sbtest7_pkey on sbtest7  (cost=0.43..8.45 rows=1 width=490)
	        Index Cond: (id = 8368685)

table 8 : explain UPDATE sbtest8 SET c='foobar' WHERE id=1957868
	Update on sbtest8  (cost=0.43..8.45 rows=0 width=0)
	  ->  Index Scan using sbtest8_pkey on sbtest8  (cost=0.43..8.45 rows=1 width=490)
	        Index Cond: (id = 1957868)

for: distinct_ranges
table 1 : explain SELECT DISTINCT c FROM sbtest1 WHERE id BETWEEN 6879297 AND 6879306 ORDER BY c
	Unique  (cost=40.64..40.69 rows=10 width=121)
	  ->  Sort  (cost=40.64..40.66 rows=10 width=121)
	        Sort Key: c
	        ->  Index Scan using sbtest1_pkey on sbtest1  (cost=0.43..40.47 rows=10 width=121)
	              Index Cond: ((id >= 6879297) AND (id <= 6879306))

table 2 : explain SELECT DISTINCT c FROM sbtest2 WHERE id BETWEEN 8243383 AND 8243392 ORDER BY c
	Unique  (cost=44.36..44.41 rows=11 width=121)
	  ->  Sort  (cost=44.36..44.39 rows=11 width=121)
	        Sort Key: c
	        ->  Index Scan using sbtest2_pkey on sbtest2  (cost=0.43..44.17 rows=11 width=121)
	              Index Cond: ((id >= 8243383) AND (id <= 8243392))

table 3 : explain SELECT DISTINCT c FROM sbtest3 WHERE id BETWEEN 2937645 AND 2937654 ORDER BY c
	Unique  (cost=41.03..41.08 rows=10 width=121)
	  ->  Sort  (cost=41.03..41.06 rows=10 width=121)
	        Sort Key: c
	        ->  Index Scan using sbtest3_pkey on sbtest3  (cost=0.43..40.87 rows=10 width=121)
	              Index Cond: ((id >= 2937645) AND (id <= 2937654))

table 4 : explain SELECT DISTINCT c FROM sbtest4 WHERE id BETWEEN 2275466 AND 2275475 ORDER BY c
	Unique  (cost=44.51..44.57 rows=11 width=121)
	  ->  Sort  (cost=44.51..44.54 rows=11 width=121)
	        Sort Key: c
	        ->  Index Scan using sbtest4_pkey on sbtest4  (cost=0.43..44.32 rows=11 width=121)
	              Index Cond: ((id >= 2275466) AND (id <= 2275475))

table 5 : explain SELECT DISTINCT c FROM sbtest5 WHERE id BETWEEN 1924797 AND 1924806 ORDER BY c
	Unique  (cost=40.46..40.51 rows=10 width=121)
	  ->  Sort  (cost=40.46..40.49 rows=10 width=121)
	        Sort Key: c
	        ->  Index Scan using sbtest5_pkey on sbtest5  (cost=0.43..40.30 rows=10 width=121)
	              Index Cond: ((id >= 1924797) AND (id <= 1924806))

table 6 : explain SELECT DISTINCT c FROM sbtest6 WHERE id BETWEEN 6503620 AND 6503629 ORDER BY c
	Unique  (cost=41.01..41.06 rows=10 width=121)
	  ->  Sort  (cost=41.01..41.04 rows=10 width=121)
	        Sort Key: c
	        ->  Index Scan using sbtest6_pkey on sbtest6  (cost=0.43..40.84 rows=10 width=121)
	              Index Cond: ((id >= 6503620) AND (id <= 6503629))

table 7 : explain SELECT DISTINCT c FROM sbtest7 WHERE id BETWEEN 4892986 AND 4892995 ORDER BY c
	Unique  (cost=37.02..37.06 rows=9 width=121)
	  ->  Sort  (cost=37.02..37.04 rows=9 width=121)
	        Sort Key: c
	        ->  Index Scan using sbtest7_pkey on sbtest7  (cost=0.43..36.88 rows=9 width=121)
	              Index Cond: ((id >= 4892986) AND (id <= 4892995))

table 8 : explain SELECT DISTINCT c FROM sbtest8 WHERE id BETWEEN 1963034 AND 1963043 ORDER BY c
	Unique  (cost=40.40..40.45 rows=10 width=121)
	  ->  Sort  (cost=40.40..40.42 rows=10 width=121)
	        Sort Key: c
	        ->  Index Scan using sbtest8_pkey on sbtest8  (cost=0.43..40.23 rows=10 width=121)
	              Index Cond: ((id >= 1963034) AND (id <= 1963043))

explain: for deletes :: explain DELETE FROM sbtest%u WHERE id=%u
explain: for inserts :: explain INSERT INTO sbtest%u (id, k, c, pad) VALUES (%u, 13, 'foobar', 'foobar')
explain: for index_updates :: explain UPDATE sbtest%u SET k=k+1 WHERE id=%u
for: distinct_ranges
table 1 : explain SELECT DISTINCT c FROM sbtest1 WHERE id BETWEEN 6420470 AND 6420479 ORDER BY c
	Unique  (cost=40.64..40.69 rows=10 width=121)
	  ->  Sort  (cost=40.64..40.66 rows=10 width=121)
	        Sort Key: c
	        ->  Index Scan using sbtest1_pkey on sbtest1  (cost=0.43..40.47 rows=10 width=121)
	              Index Cond: ((id >= 6420470) AND (id <= 6420479))

table 2 : explain SELECT DISTINCT c FROM sbtest2 WHERE id BETWEEN 1972445 AND 1972454 ORDER BY c
	Unique  (cost=40.76..40.81 rows=10 width=121)
	  ->  Sort  (cost=40.76..40.79 rows=10 width=121)
	        Sort Key: c
	        ->  Index Scan using sbtest2_pkey on sbtest2  (cost=0.43..40.60 rows=10 width=121)
	              Index Cond: ((id >= 1972445) AND (id <= 1972454))

table 3 : explain SELECT DISTINCT c FROM sbtest3 WHERE id BETWEEN 1359177 AND 1359186 ORDER BY c
	Unique  (cost=41.03..41.08 rows=10 width=121)
	  ->  Sort  (cost=41.03..41.06 rows=10 width=121)
	        Sort Key: c
	        ->  Index Scan using sbtest3_pkey on sbtest3  (cost=0.43..40.87 rows=10 width=121)
	              Index Cond: ((id >= 1359177) AND (id <= 1359186))

table 4 : explain SELECT DISTINCT c FROM sbtest4 WHERE id BETWEEN 8992658 AND 8992667 ORDER BY c
	Unique  (cost=44.51..44.57 rows=11 width=121)
	  ->  Sort  (cost=44.51..44.54 rows=11 width=121)
	        Sort Key: c
	        ->  Index Scan using sbtest4_pkey on sbtest4  (cost=0.43..44.32 rows=11 width=121)
	              Index Cond: ((id >= 8992658) AND (id <= 8992667))

table 5 : explain SELECT DISTINCT c FROM sbtest5 WHERE id BETWEEN 7461219 AND 7461228 ORDER BY c
	Unique  (cost=40.46..40.51 rows=10 width=121)
	  ->  Sort  (cost=40.46..40.49 rows=10 width=121)
	        Sort Key: c
	        ->  Index Scan using sbtest5_pkey on sbtest5  (cost=0.43..40.30 rows=10 width=121)
	              Index Cond: ((id >= 7461219) AND (id <= 7461228))

table 6 : explain SELECT DISTINCT c FROM sbtest6 WHERE id BETWEEN 1892050 AND 1892059 ORDER BY c
	Unique  (cost=44.63..44.69 rows=11 width=121)
	  ->  Sort  (cost=44.63..44.66 rows=11 width=121)
	        Sort Key: c
	        ->  Index Scan using sbtest6_pkey on sbtest6  (cost=0.43..44.44 rows=11 width=121)
	              Index Cond: ((id >= 1892050) AND (id <= 1892059))

table 7 : explain SELECT DISTINCT c FROM sbtest7 WHERE id BETWEEN 7539813 AND 7539822 ORDER BY c
	Unique  (cost=40.59..40.64 rows=10 width=121)
	  ->  Sort  (cost=40.59..40.62 rows=10 width=121)
	        Sort Key: c
	        ->  Index Scan using sbtest7_pkey on sbtest7  (cost=0.43..40.43 rows=10 width=121)
	              Index Cond: ((id >= 7539813) AND (id <= 7539822))

table 8 : explain SELECT DISTINCT c FROM sbtest8 WHERE id BETWEEN 6705125 AND 6705134 ORDER BY c
	Unique  (cost=40.40..40.45 rows=10 width=121)
	  ->  Sort  (cost=40.40..40.42 rows=10 width=121)
	        Sort Key: c
	        ->  Index Scan using sbtest8_pkey on sbtest8  (cost=0.43..40.23 rows=10 width=121)
	              Index Cond: ((id >= 6705125) AND (id <= 6705134))

for: distinct_ranges
table 1 : explain SELECT DISTINCT c FROM sbtest1 WHERE id BETWEEN 6920812 AND 6920821 ORDER BY c
	Unique  (cost=40.64..40.69 rows=10 width=121)
	  ->  Sort  (cost=40.64..40.66 rows=10 width=121)
	        Sort Key: c
	        ->  Index Scan using sbtest1_pkey on sbtest1  (cost=0.43..40.47 rows=10 width=121)
	              Index Cond: ((id >= 6920812) AND (id <= 6920821))

table 2 : explain SELECT DISTINCT c FROM sbtest2 WHERE id BETWEEN 8873767 AND 8873776 ORDER BY c
	Unique  (cost=40.76..40.81 rows=10 width=121)
	  ->  Sort  (cost=40.76..40.79 rows=10 width=121)
	        Sort Key: c
	        ->  Index Scan using sbtest2_pkey on sbtest2  (cost=0.43..40.60 rows=10 width=121)
	              Index Cond: ((id >= 8873767) AND (id <= 8873776))

table 3 : explain SELECT DISTINCT c FROM sbtest3 WHERE id BETWEEN 896637 AND 896646 ORDER BY c
	Unique  (cost=44.66..44.71 rows=11 width=121)
	  ->  Sort  (cost=44.66..44.69 rows=11 width=121)
	        Sort Key: c
	        ->  Index Scan using sbtest3_pkey on sbtest3  (cost=0.43..44.47 rows=11 width=121)
	              Index Cond: ((id >= 896637) AND (id <= 896646))

table 4 : explain SELECT DISTINCT c FROM sbtest4 WHERE id BETWEEN 2106202 AND 2106211 ORDER BY c
	Unique  (cost=40.90..40.95 rows=10 width=121)
	  ->  Sort  (cost=40.90..40.93 rows=10 width=121)
	        Sort Key: c
	        ->  Index Scan using sbtest4_pkey on sbtest4  (cost=0.43..40.73 rows=10 width=121)
	              Index Cond: ((id >= 2106202) AND (id <= 2106211))

table 5 : explain SELECT DISTINCT c FROM sbtest5 WHERE id BETWEEN 7490369 AND 7490378 ORDER BY c
	Unique  (cost=40.46..40.51 rows=10 width=121)
	  ->  Sort  (cost=40.46..40.49 rows=10 width=121)
	        Sort Key: c
	        ->  Index Scan using sbtest5_pkey on sbtest5  (cost=0.43..40.30 rows=10 width=121)
	              Index Cond: ((id >= 7490369) AND (id <= 7490378))

table 6 : explain SELECT DISTINCT c FROM sbtest6 WHERE id BETWEEN 5361636 AND 5361645 ORDER BY c
	Unique  (cost=41.01..41.06 rows=10 width=121)
	  ->  Sort  (cost=41.01..41.04 rows=10 width=121)
	        Sort Key: c
	        ->  Index Scan using sbtest6_pkey on sbtest6  (cost=0.43..40.84 rows=10 width=121)
	              Index Cond: ((id >= 5361636) AND (id <= 5361645))

table 7 : explain SELECT DISTINCT c FROM sbtest7 WHERE id BETWEEN 1426519 AND 1426528 ORDER BY c
	Unique  (cost=44.17..44.23 rows=11 width=121)
	  ->  Sort  (cost=44.17..44.20 rows=11 width=121)
	        Sort Key: c
	        ->  Index Scan using sbtest7_pkey on sbtest7  (cost=0.43..43.98 rows=11 width=121)
	              Index Cond: ((id >= 1426519) AND (id <= 1426528))

table 8 : explain SELECT DISTINCT c FROM sbtest8 WHERE id BETWEEN 2897376 AND 2897385 ORDER BY c
	Unique  (cost=40.40..40.45 rows=10 width=121)
	  ->  Sort  (cost=40.40..40.42 rows=10 width=121)
	        Sort Key: c
	        ->  Index Scan using sbtest8_pkey on sbtest8  (cost=0.43..40.23 rows=10 width=121)
	              Index Cond: ((id >= 2897376) AND (id <= 2897385))

for deletes
table 1 : explain DELETE FROM sbtest1 WHERE id=4221610
	Delete on sbtest1  (cost=0.43..8.45 rows=0 width=0)
	  ->  Index Scan using sbtest1_pkey on sbtest1  (cost=0.43..8.45 rows=1 width=6)
	        Index Cond: (id = 4221610)

table 2 : explain DELETE FROM sbtest2 WHERE id=9043008
	Delete on sbtest2  (cost=0.43..8.45 rows=0 width=0)
	  ->  Index Scan using sbtest2_pkey on sbtest2  (cost=0.43..8.45 rows=1 width=6)
	        Index Cond: (id = 9043008)

table 3 : explain DELETE FROM sbtest3 WHERE id=2575445
	Delete on sbtest3  (cost=0.43..8.45 rows=0 width=0)
	  ->  Index Scan using sbtest3_pkey on sbtest3  (cost=0.43..8.45 rows=1 width=6)
	        Index Cond: (id = 2575445)

table 4 : explain DELETE FROM sbtest4 WHERE id=8639997
	Delete on sbtest4  (cost=0.43..8.45 rows=0 width=0)
	  ->  Index Scan using sbtest4_pkey on sbtest4  (cost=0.43..8.45 rows=1 width=6)
	        Index Cond: (id = 8639997)

table 5 : explain DELETE FROM sbtest5 WHERE id=4271665
	Delete on sbtest5  (cost=0.43..8.45 rows=0 width=0)
	  ->  Index Scan using sbtest5_pkey on sbtest5  (cost=0.43..8.45 rows=1 width=6)
	        Index Cond: (id = 4271665)

table 6 : explain DELETE FROM sbtest6 WHERE id=404157
	Delete on sbtest6  (cost=0.43..8.45 rows=0 width=0)
	  ->  Index Scan using sbtest6_pkey on sbtest6  (cost=0.43..8.45 rows=1 width=6)
	        Index Cond: (id = 404157)

table 7 : explain DELETE FROM sbtest7 WHERE id=4647724
	Delete on sbtest7  (cost=0.43..8.45 rows=0 width=0)
	  ->  Index Scan using sbtest7_pkey on sbtest7  (cost=0.43..8.45 rows=1 width=6)
	        Index Cond: (id = 4647724)

table 8 : explain DELETE FROM sbtest8 WHERE id=8705942
	Delete on sbtest8  (cost=0.43..8.45 rows=0 width=0)
	  ->  Index Scan using sbtest8_pkey on sbtest8  (cost=0.43..8.45 rows=1 width=6)
	        Index Cond: (id = 8705942)

for: distinct_ranges
table 1 : explain SELECT DISTINCT c FROM sbtest1 WHERE id BETWEEN 391000 AND 391009 ORDER BY c
	Unique  (cost=40.64..40.69 rows=10 width=121)
	  ->  Sort  (cost=40.64..40.66 rows=10 width=121)
	        Sort Key: c
	        ->  Index Scan using sbtest1_pkey on sbtest1  (cost=0.43..40.47 rows=10 width=121)
	              Index Cond: ((id >= 391000) AND (id <= 391009))

table 2 : explain SELECT DISTINCT c FROM sbtest2 WHERE id BETWEEN 7143108 AND 7143117 ORDER BY c
	Unique  (cost=40.76..40.81 rows=10 width=121)
	  ->  Sort  (cost=40.76..40.79 rows=10 width=121)
	        Sort Key: c
	        ->  Index Scan using sbtest2_pkey on sbtest2  (cost=0.43..40.60 rows=10 width=121)
	              Index Cond: ((id >= 7143108) AND (id <= 7143117))

table 3 : explain SELECT DISTINCT c FROM sbtest3 WHERE id BETWEEN 1380151 AND 1380160 ORDER BY c
	Unique  (cost=41.03..41.08 rows=10 width=121)
	  ->  Sort  (cost=41.03..41.06 rows=10 width=121)
	        Sort Key: c
	        ->  Index Scan using sbtest3_pkey on sbtest3  (cost=0.43..40.87 rows=10 width=121)
	              Index Cond: ((id >= 1380151) AND (id <= 1380160))

table 4 : explain SELECT DISTINCT c FROM sbtest4 WHERE id BETWEEN 5493851 AND 5493860 ORDER BY c
	Unique  (cost=37.29..37.34 rows=9 width=121)
	  ->  Sort  (cost=37.29..37.31 rows=9 width=121)
	        Sort Key: c
	        ->  Index Scan using sbtest4_pkey on sbtest4  (cost=0.43..37.15 rows=9 width=121)
	              Index Cond: ((id >= 5493851) AND (id <= 5493860))

table 5 : explain SELECT DISTINCT c FROM sbtest5 WHERE id BETWEEN 700885 AND 700894 ORDER BY c
	Unique  (cost=40.46..40.51 rows=10 width=121)
	  ->  Sort  (cost=40.46..40.49 rows=10 width=121)
	        Sort Key: c
	        ->  Index Scan using sbtest5_pkey on sbtest5  (cost=0.43..40.30 rows=10 width=121)
	              Index Cond: ((id >= 700885) AND (id <= 700894))

table 6 : explain SELECT DISTINCT c FROM sbtest6 WHERE id BETWEEN 4573488 AND 4573497 ORDER BY c
	Unique  (cost=37.39..37.43 rows=9 width=121)
	  ->  Sort  (cost=37.39..37.41 rows=9 width=121)
	        Sort Key: c
	        ->  Index Scan using sbtest6_pkey on sbtest6  (cost=0.43..37.25 rows=9 width=121)
	              Index Cond: ((id >= 4573488) AND (id <= 4573497))

table 7 : explain SELECT DISTINCT c FROM sbtest7 WHERE id BETWEEN 1225571 AND 1225580 ORDER BY c
	Unique  (cost=40.59..40.64 rows=10 width=121)
	  ->  Sort  (cost=40.59..40.62 rows=10 width=121)
	        Sort Key: c
	        ->  Index Scan using sbtest7_pkey on sbtest7  (cost=0.43..40.43 rows=10 width=121)
	              Index Cond: ((id >= 1225571) AND (id <= 1225580))

table 8 : explain SELECT DISTINCT c FROM sbtest8 WHERE id BETWEEN 5570850 AND 5570859 ORDER BY c
	Unique  (cost=43.95..44.01 rows=11 width=121)
	  ->  Sort  (cost=43.95..43.98 rows=11 width=121)
	        Sort Key: c
	        ->  Index Scan using sbtest8_pkey on sbtest8  (cost=0.43..43.76 rows=11 width=121)
	              Index Cond: ((id >= 5570850) AND (id <= 5570859))

for inserts
table 1 : explain INSERT INTO sbtest1 (id, k, c, pad) VALUES (839352, 13, 'foobar', 'foobar')
	Insert on sbtest1  (cost=0.00..0.01 rows=0 width=0)
	  ->  Result  (cost=0.00..0.01 rows=1 width=736)

table 2 : explain INSERT INTO sbtest2 (id, k, c, pad) VALUES (1064919, 13, 'foobar', 'foobar')
	Insert on sbtest2  (cost=0.00..0.01 rows=0 width=0)
	  ->  Result  (cost=0.00..0.01 rows=1 width=736)

table 3 : explain INSERT INTO sbtest3 (id, k, c, pad) VALUES (4712621, 13, 'foobar', 'foobar')
	Insert on sbtest3  (cost=0.00..0.01 rows=0 width=0)
	  ->  Result  (cost=0.00..0.01 rows=1 width=736)

table 4 : explain INSERT INTO sbtest4 (id, k, c, pad) VALUES (2964939, 13, 'foobar', 'foobar')
	Insert on sbtest4  (cost=0.00..0.01 rows=0 width=0)
	  ->  Result  (cost=0.00..0.01 rows=1 width=736)

table 5 : explain INSERT INTO sbtest5 (id, k, c, pad) VALUES (959092, 13, 'foobar', 'foobar')
	Insert on sbtest5  (cost=0.00..0.01 rows=0 width=0)
	  ->  Result  (cost=0.00..0.01 rows=1 width=736)

table 6 : explain INSERT INTO sbtest6 (id, k, c, pad) VALUES (1202791, 13, 'foobar', 'foobar')
	Insert on sbtest6  (cost=0.00..0.01 rows=0 width=0)
	  ->  Result  (cost=0.00..0.01 rows=1 width=736)

table 7 : explain INSERT INTO sbtest7 (id, k, c, pad) VALUES (6145044, 13, 'foobar', 'foobar')
	Insert on sbtest7  (cost=0.00..0.01 rows=0 width=0)
	  ->  Result  (cost=0.00..0.01 rows=1 width=736)

table 8 : explain INSERT INTO sbtest8 (id, k, c, pad) VALUES (5781357, 13, 'foobar', 'foobar')
	Insert on sbtest8  (cost=0.00..0.01 rows=0 width=0)
	  ->  Result  (cost=0.00..0.01 rows=1 width=736)

for: simple_ranges
table 1 : explain SELECT c FROM sbtest1 WHERE id BETWEEN 5114847 AND 5114856
	Index Scan using sbtest1_pkey on sbtest1  (cost=0.43..40.47 rows=10 width=121)
	  Index Cond: ((id >= 5114847) AND (id <= 5114856))

table 2 : explain SELECT c FROM sbtest2 WHERE id BETWEEN 310458 AND 310467
	Index Scan using sbtest2_pkey on sbtest2  (cost=0.43..37.03 rows=9 width=121)
	  Index Cond: ((id >= 310458) AND (id <= 310467))

table 3 : explain SELECT c FROM sbtest3 WHERE id BETWEEN 4973743 AND 4973752
	Index Scan using sbtest3_pkey on sbtest3  (cost=0.43..40.87 rows=10 width=121)
	  Index Cond: ((id >= 4973743) AND (id <= 4973752))

table 4 : explain SELECT c FROM sbtest4 WHERE id BETWEEN 3988474 AND 3988483
	Index Scan using sbtest4_pkey on sbtest4  (cost=0.43..44.32 rows=11 width=121)
	  Index Cond: ((id >= 3988474) AND (id <= 3988483))

table 5 : explain SELECT c FROM sbtest5 WHERE id BETWEEN 8421372 AND 8421381
	Index Scan using sbtest5_pkey on sbtest5  (cost=0.43..40.30 rows=10 width=121)
	  Index Cond: ((id >= 8421372) AND (id <= 8421381))

table 6 : explain SELECT c FROM sbtest6 WHERE id BETWEEN 3177499 AND 3177508
	Index Scan using sbtest6_pkey on sbtest6  (cost=0.43..44.44 rows=11 width=121)
	  Index Cond: ((id >= 3177499) AND (id <= 3177508))

table 7 : explain SELECT c FROM sbtest7 WHERE id BETWEEN 8434325 AND 8434334
	Index Scan using sbtest7_pkey on sbtest7  (cost=0.43..43.98 rows=11 width=121)
	  Index Cond: ((id >= 8434325) AND (id <= 8434334))

table 8 : explain SELECT c FROM sbtest8 WHERE id BETWEEN 2086858 AND 2086867
	Index Scan using sbtest8_pkey on sbtest8  (cost=0.43..40.23 rows=10 width=121)
	  Index Cond: ((id >= 2086858) AND (id <= 2086867))

for: simple_ranges
table 1 : explain SELECT c FROM sbtest1 WHERE id BETWEEN 2351243 AND 2351252
	Index Scan using sbtest1_pkey on sbtest1  (cost=0.43..40.47 rows=10 width=121)
	  Index Cond: ((id >= 2351243) AND (id <= 2351252))

table 2 : explain SELECT c FROM sbtest2 WHERE id BETWEEN 2672377 AND 2672386
	Index Scan using sbtest2_pkey on sbtest2  (cost=0.43..40.60 rows=10 width=121)
	  Index Cond: ((id >= 2672377) AND (id <= 2672386))

table 3 : explain SELECT c FROM sbtest3 WHERE id BETWEEN 6804933 AND 6804942
	Index Scan using sbtest3_pkey on sbtest3  (cost=0.43..37.27 rows=9 width=121)
	  Index Cond: ((id >= 6804933) AND (id <= 6804942))

table 4 : explain SELECT c FROM sbtest4 WHERE id BETWEEN 7960529 AND 7960538
	Index Scan using sbtest4_pkey on sbtest4  (cost=0.43..40.73 rows=10 width=121)
	  Index Cond: ((id >= 7960529) AND (id <= 7960538))

table 5 : explain SELECT c FROM sbtest5 WHERE id BETWEEN 1937506 AND 1937515
	Index Scan using sbtest5_pkey on sbtest5  (cost=0.43..40.30 rows=10 width=121)
	  Index Cond: ((id >= 1937506) AND (id <= 1937515))

table 6 : explain SELECT c FROM sbtest6 WHERE id BETWEEN 7296196 AND 7296205
	Index Scan using sbtest6_pkey on sbtest6  (cost=0.43..40.84 rows=10 width=121)
	  Index Cond: ((id >= 7296196) AND (id <= 7296205))

table 7 : explain SELECT c FROM sbtest7 WHERE id BETWEEN 7755055 AND 7755064
	Index Scan using sbtest7_pkey on sbtest7  (cost=0.43..40.43 rows=10 width=121)
	  Index Cond: ((id >= 7755055) AND (id <= 7755064))

table 8 : explain SELECT c FROM sbtest8 WHERE id BETWEEN 152173 AND 152182
	Index Scan using sbtest8_pkey on sbtest8  (cost=0.43..40.23 rows=10 width=121)
	  Index Cond: ((id >= 152173) AND (id <= 152182))

explain: for index_updates :: explain UPDATE sbtest%u SET k=k+1 WHERE id=%u
explain: for index_updates :: explain UPDATE sbtest%u SET k=k+1 WHERE id=%u
explain: for index_updates :: explain UPDATE sbtest%u SET k=k+1 WHERE id=%u
for index_updates
table 1 : explain UPDATE sbtest1 SET k=k+1 WHERE id=8873287
	Update on sbtest1  (cost=0.43..8.46 rows=0 width=0)
	  ->  Index Scan using sbtest1_pkey on sbtest1  (cost=0.43..8.46 rows=1 width=10)
	        Index Cond: (id = 8873287)

table 2 : explain UPDATE sbtest2 SET k=k+1 WHERE id=5035542
	Update on sbtest2  (cost=0.43..8.46 rows=0 width=0)
	  ->  Index Scan using sbtest2_pkey on sbtest2  (cost=0.43..8.46 rows=1 width=10)
	        Index Cond: (id = 5035542)

table 3 : explain UPDATE sbtest3 SET k=k+1 WHERE id=6089989
	Update on sbtest3  (cost=0.43..8.46 rows=0 width=0)
	  ->  Index Scan using sbtest3_pkey on sbtest3  (cost=0.43..8.46 rows=1 width=10)
	        Index Cond: (id = 6089989)

table 4 : explain UPDATE sbtest4 SET k=k+1 WHERE id=9702073
	Update on sbtest4  (cost=0.43..8.46 rows=0 width=0)
	  ->  Index Scan using sbtest4_pkey on sbtest4  (cost=0.43..8.46 rows=1 width=10)
	        Index Cond: (id = 9702073)

table 5 : explain UPDATE sbtest5 SET k=k+1 WHERE id=3343212
	Update on sbtest5  (cost=0.43..8.46 rows=0 width=0)
	  ->  Index Scan using sbtest5_pkey on sbtest5  (cost=0.43..8.46 rows=1 width=10)
	        Index Cond: (id = 3343212)

table 6 : explain UPDATE sbtest6 SET k=k+1 WHERE id=3253144
	Update on sbtest6  (cost=0.43..8.46 rows=0 width=0)
	  ->  Index Scan using sbtest6_pkey on sbtest6  (cost=0.43..8.46 rows=1 width=10)
	        Index Cond: (id = 3253144)

table 7 : explain UPDATE sbtest7 SET k=k+1 WHERE id=7130085
	Update on sbtest7  (cost=0.43..8.46 rows=0 width=0)
	  ->  Index Scan using sbtest7_pkey on sbtest7  (cost=0.43..8.46 rows=1 width=10)
	        Index Cond: (id = 7130085)

table 8 : explain UPDATE sbtest8 SET k=k+1 WHERE id=3377375
	Update on sbtest8  (cost=0.43..8.46 rows=0 width=0)
	  ->  Index Scan using sbtest8_pkey on sbtest8  (cost=0.43..8.46 rows=1 width=10)
	        Index Cond: (id = 3377375)

explain: for inserts :: explain INSERT INTO sbtest%u (id, k, c, pad) VALUES (%u, 13, 'foobar', 'foobar')
explain: for non_index_updates :: explain UPDATE sbtest%u SET c='foobar' WHERE id=%u
for index_updates
table 1 : explain UPDATE sbtest1 SET k=k+1 WHERE id=6572254
	Update on sbtest1  (cost=0.43..8.46 rows=0 width=0)
	  ->  Index Scan using sbtest1_pkey on sbtest1  (cost=0.43..8.46 rows=1 width=10)
	        Index Cond: (id = 6572254)

table 2 : explain UPDATE sbtest2 SET k=k+1 WHERE id=9446990
	Update on sbtest2  (cost=0.43..8.46 rows=0 width=0)
	  ->  Index Scan using sbtest2_pkey on sbtest2  (cost=0.43..8.46 rows=1 width=10)
	        Index Cond: (id = 9446990)

table 3 : explain UPDATE sbtest3 SET k=k+1 WHERE id=3776008
	Update on sbtest3  (cost=0.43..8.46 rows=0 width=0)
	  ->  Index Scan using sbtest3_pkey on sbtest3  (cost=0.43..8.46 rows=1 width=10)
	        Index Cond: (id = 3776008)

table 4 : explain UPDATE sbtest4 SET k=k+1 WHERE id=6406723
	Update on sbtest4  (cost=0.43..8.46 rows=0 width=0)
	  ->  Index Scan using sbtest4_pkey on sbtest4  (cost=0.43..8.46 rows=1 width=10)
	        Index Cond: (id = 6406723)

table 5 : explain UPDATE sbtest5 SET k=k+1 WHERE id=8482324
	Update on sbtest5  (cost=0.43..8.46 rows=0 width=0)
	  ->  Index Scan using sbtest5_pkey on sbtest5  (cost=0.43..8.46 rows=1 width=10)
	        Index Cond: (id = 8482324)

table 6 : explain UPDATE sbtest6 SET k=k+1 WHERE id=5183397
	Update on sbtest6  (cost=0.43..8.46 rows=0 width=0)
	  ->  Index Scan using sbtest6_pkey on sbtest6  (cost=0.43..8.46 rows=1 width=10)
	        Index Cond: (id = 5183397)

table 7 : explain UPDATE sbtest7 SET k=k+1 WHERE id=3498547
	Update on sbtest7  (cost=0.43..8.46 rows=0 width=0)
	  ->  Index Scan using sbtest7_pkey on sbtest7  (cost=0.43..8.46 rows=1 width=10)
	        Index Cond: (id = 3498547)

table 8 : explain UPDATE sbtest8 SET k=k+1 WHERE id=7460511
	Update on sbtest8  (cost=0.43..8.46 rows=0 width=0)
	  ->  Index Scan using sbtest8_pkey on sbtest8  (cost=0.43..8.46 rows=1 width=10)
	        Index Cond: (id = 7460511)

for inserts
table 1 : explain INSERT INTO sbtest1 (id, k, c, pad) VALUES (1552858, 13, 'foobar', 'foobar')
	Insert on sbtest1  (cost=0.00..0.01 rows=0 width=0)
	  ->  Result  (cost=0.00..0.01 rows=1 width=736)

table 2 : explain INSERT INTO sbtest2 (id, k, c, pad) VALUES (5910442, 13, 'foobar', 'foobar')
	Insert on sbtest2  (cost=0.00..0.01 rows=0 width=0)
	  ->  Result  (cost=0.00..0.01 rows=1 width=736)

table 3 : explain INSERT INTO sbtest3 (id, k, c, pad) VALUES (871822, 13, 'foobar', 'foobar')
	Insert on sbtest3  (cost=0.00..0.01 rows=0 width=0)
	  ->  Result  (cost=0.00..0.01 rows=1 width=736)

table 4 : explain INSERT INTO sbtest4 (id, k, c, pad) VALUES (4526119, 13, 'foobar', 'foobar')
	Insert on sbtest4  (cost=0.00..0.01 rows=0 width=0)
	  ->  Result  (cost=0.00..0.01 rows=1 width=736)

table 5 : explain INSERT INTO sbtest5 (id, k, c, pad) VALUES (865561, 13, 'foobar', 'foobar')
	Insert on sbtest5  (cost=0.00..0.01 rows=0 width=0)
	  ->  Result  (cost=0.00..0.01 rows=1 width=736)

table 6 : explain INSERT INTO sbtest6 (id, k, c, pad) VALUES (7461649, 13, 'foobar', 'foobar')
	Insert on sbtest6  (cost=0.00..0.01 rows=0 width=0)
	  ->  Result  (cost=0.00..0.01 rows=1 width=736)

table 7 : explain INSERT INTO sbtest7 (id, k, c, pad) VALUES (6509122, 13, 'foobar', 'foobar')
	Insert on sbtest7  (cost=0.00..0.01 rows=0 width=0)
	  ->  Result  (cost=0.00..0.01 rows=1 width=736)

table 8 : explain INSERT INTO sbtest8 (id, k, c, pad) VALUES (9720169, 13, 'foobar', 'foobar')
	Insert on sbtest8  (cost=0.00..0.01 rows=0 width=0)
	  ->  Result  (cost=0.00..0.01 rows=1 width=736)

for index_updates
table 1 : explain UPDATE sbtest1 SET k=k+1 WHERE id=430750
	Update on sbtest1  (cost=0.43..8.46 rows=0 width=0)
	  ->  Index Scan using sbtest1_pkey on sbtest1  (cost=0.43..8.46 rows=1 width=10)
	        Index Cond: (id = 430750)

table 2 : explain UPDATE sbtest2 SET k=k+1 WHERE id=1673914
	Update on sbtest2  (cost=0.43..8.46 rows=0 width=0)
	  ->  Index Scan using sbtest2_pkey on sbtest2  (cost=0.43..8.46 rows=1 width=10)
	        Index Cond: (id = 1673914)

table 3 : explain UPDATE sbtest3 SET k=k+1 WHERE id=1929872
	Update on sbtest3  (cost=0.43..8.46 rows=0 width=0)
	  ->  Index Scan using sbtest3_pkey on sbtest3  (cost=0.43..8.46 rows=1 width=10)
	        Index Cond: (id = 1929872)

table 4 : explain UPDATE sbtest4 SET k=k+1 WHERE id=1343077
	Update on sbtest4  (cost=0.43..8.46 rows=0 width=0)
	  ->  Index Scan using sbtest4_pkey on sbtest4  (cost=0.43..8.46 rows=1 width=10)
	        Index Cond: (id = 1343077)

table 5 : explain UPDATE sbtest5 SET k=k+1 WHERE id=4087614
	Update on sbtest5  (cost=0.43..8.46 rows=0 width=0)
	  ->  Index Scan using sbtest5_pkey on sbtest5  (cost=0.43..8.46 rows=1 width=10)
	        Index Cond: (id = 4087614)

table 6 : explain UPDATE sbtest6 SET k=k+1 WHERE id=677743
	Update on sbtest6  (cost=0.43..8.46 rows=0 width=0)
	  ->  Index Scan using sbtest6_pkey on sbtest6  (cost=0.43..8.46 rows=1 width=10)
	        Index Cond: (id = 677743)

table 7 : explain UPDATE sbtest7 SET k=k+1 WHERE id=3798505
	Update on sbtest7  (cost=0.43..8.46 rows=0 width=0)
	  ->  Index Scan using sbtest7_pkey on sbtest7  (cost=0.43..8.46 rows=1 width=10)
	        Index Cond: (id = 3798505)

table 8 : explain UPDATE sbtest8 SET k=k+1 WHERE id=2977582
	Update on sbtest8  (cost=0.43..8.46 rows=0 width=0)
	  ->  Index Scan using sbtest8_pkey on sbtest8  (cost=0.43..8.46 rows=1 width=10)
	        Index Cond: (id = 2977582)

for index_updates
table 1 : explain UPDATE sbtest1 SET k=k+1 WHERE id=9824461
	Update on sbtest1  (cost=0.43..8.46 rows=0 width=0)
	  ->  Index Scan using sbtest1_pkey on sbtest1  (cost=0.43..8.46 rows=1 width=10)
	        Index Cond: (id = 9824461)

table 2 : explain UPDATE sbtest2 SET k=k+1 WHERE id=320386
	Update on sbtest2  (cost=0.43..8.46 rows=0 width=0)
	  ->  Index Scan using sbtest2_pkey on sbtest2  (cost=0.43..8.46 rows=1 width=10)
	        Index Cond: (id = 320386)

table 3 : explain UPDATE sbtest3 SET k=k+1 WHERE id=6006686
	Update on sbtest3  (cost=0.43..8.46 rows=0 width=0)
	  ->  Index Scan using sbtest3_pkey on sbtest3  (cost=0.43..8.46 rows=1 width=10)
	        Index Cond: (id = 6006686)

table 4 : explain UPDATE sbtest4 SET k=k+1 WHERE id=9220015
	Update on sbtest4  (cost=0.43..8.46 rows=0 width=0)
	  ->  Index Scan using sbtest4_pkey on sbtest4  (cost=0.43..8.46 rows=1 width=10)
	        Index Cond: (id = 9220015)

table 5 : explain UPDATE sbtest5 SET k=k+1 WHERE id=9013907
	Update on sbtest5  (cost=0.43..8.46 rows=0 width=0)
	  ->  Index Scan using sbtest5_pkey on sbtest5  (cost=0.43..8.46 rows=1 width=10)
	        Index Cond: (id = 9013907)

table 6 : explain UPDATE sbtest6 SET k=k+1 WHERE id=7302229
	Update on sbtest6  (cost=0.43..8.46 rows=0 width=0)
	  ->  Index Scan using sbtest6_pkey on sbtest6  (cost=0.43..8.46 rows=1 width=10)
	        Index Cond: (id = 7302229)

table 7 : explain UPDATE sbtest7 SET k=k+1 WHERE id=4703992
	Update on sbtest7  (cost=0.43..8.46 rows=0 width=0)
	  ->  Index Scan using sbtest7_pkey on sbtest7  (cost=0.43..8.46 rows=1 width=10)
	        Index Cond: (id = 4703992)

table 8 : explain UPDATE sbtest8 SET k=k+1 WHERE id=4539489
	Update on sbtest8  (cost=0.43..8.46 rows=0 width=0)
	  ->  Index Scan using sbtest8_pkey on sbtest8  (cost=0.43..8.46 rows=1 width=10)
	        Index Cond: (id = 4539489)

explain: for non_index_updates :: explain UPDATE sbtest%u SET c='foobar' WHERE id=%u
explain: for non_index_updates :: explain UPDATE sbtest%u SET c='foobar' WHERE id=%u
for non_index_updates
table 1 : explain UPDATE sbtest1 SET c='foobar' WHERE id=327029
	Update on sbtest1  (cost=0.43..8.45 rows=0 width=0)
	  ->  Index Scan using sbtest1_pkey on sbtest1  (cost=0.43..8.45 rows=1 width=490)
	        Index Cond: (id = 327029)

table 2 : explain UPDATE sbtest2 SET c='foobar' WHERE id=2579434
	Update on sbtest2  (cost=0.43..8.45 rows=0 width=0)
	  ->  Index Scan using sbtest2_pkey on sbtest2  (cost=0.43..8.45 rows=1 width=490)
	        Index Cond: (id = 2579434)

table 3 : explain UPDATE sbtest3 SET c='foobar' WHERE id=5619551
	Update on sbtest3  (cost=0.43..8.45 rows=0 width=0)
	  ->  Index Scan using sbtest3_pkey on sbtest3  (cost=0.43..8.45 rows=1 width=490)
	        Index Cond: (id = 5619551)

table 4 : explain UPDATE sbtest4 SET c='foobar' WHERE id=7080778
	Update on sbtest4  (cost=0.43..8.45 rows=0 width=0)
	  ->  Index Scan using sbtest4_pkey on sbtest4  (cost=0.43..8.45 rows=1 width=490)
	        Index Cond: (id = 7080778)

table 5 : explain UPDATE sbtest5 SET c='foobar' WHERE id=8305992
	Update on sbtest5  (cost=0.43..8.45 rows=0 width=0)
	  ->  Index Scan using sbtest5_pkey on sbtest5  (cost=0.43..8.45 rows=1 width=490)
	        Index Cond: (id = 8305992)

table 6 : explain UPDATE sbtest6 SET c='foobar' WHERE id=9766628
	Update on sbtest6  (cost=0.43..8.45 rows=0 width=0)
	  ->  Index Scan using sbtest6_pkey on sbtest6  (cost=0.43..8.45 rows=1 width=490)
	        Index Cond: (id = 9766628)

table 7 : explain UPDATE sbtest7 SET c='foobar' WHERE id=4261892
	Update on sbtest7  (cost=0.43..8.45 rows=0 width=0)
	  ->  Index Scan using sbtest7_pkey on sbtest7  (cost=0.43..8.45 rows=1 width=490)
	        Index Cond: (id = 4261892)

table 8 : explain UPDATE sbtest8 SET c='foobar' WHERE id=6097361
	Update on sbtest8  (cost=0.43..8.45 rows=0 width=0)
	  ->  Index Scan using sbtest8_pkey on sbtest8  (cost=0.43..8.45 rows=1 width=490)
	        Index Cond: (id = 6097361)

explain: for non_index_updates :: explain UPDATE sbtest%u SET c='foobar' WHERE id=%u
explain: for deletes :: explain DELETE FROM sbtest%u WHERE id=%u
for non_index_updates
table 1 : explain UPDATE sbtest1 SET c='foobar' WHERE id=6302855
	Update on sbtest1  (cost=0.43..8.45 rows=0 width=0)
	  ->  Index Scan using sbtest1_pkey on sbtest1  (cost=0.43..8.45 rows=1 width=490)
	        Index Cond: (id = 6302855)

table 2 : explain UPDATE sbtest2 SET c='foobar' WHERE id=4643787
	Update on sbtest2  (cost=0.43..8.45 rows=0 width=0)
	  ->  Index Scan using sbtest2_pkey on sbtest2  (cost=0.43..8.45 rows=1 width=490)
	        Index Cond: (id = 4643787)

table 3 : explain UPDATE sbtest3 SET c='foobar' WHERE id=8272042
	Update on sbtest3  (cost=0.43..8.45 rows=0 width=0)
	  ->  Index Scan using sbtest3_pkey on sbtest3  (cost=0.43..8.45 rows=1 width=490)
	        Index Cond: (id = 8272042)

table 4 : explain UPDATE sbtest4 SET c='foobar' WHERE id=2285635
	Update on sbtest4  (cost=0.43..8.45 rows=0 width=0)
	  ->  Index Scan using sbtest4_pkey on sbtest4  (cost=0.43..8.45 rows=1 width=490)
	        Index Cond: (id = 2285635)

table 5 : explain UPDATE sbtest5 SET c='foobar' WHERE id=5025470
	Update on sbtest5  (cost=0.43..8.45 rows=0 width=0)
	  ->  Index Scan using sbtest5_pkey on sbtest5  (cost=0.43..8.45 rows=1 width=490)
	        Index Cond: (id = 5025470)

table 6 : explain UPDATE sbtest6 SET c='foobar' WHERE id=3492698
	Update on sbtest6  (cost=0.43..8.45 rows=0 width=0)
	  ->  Index Scan using sbtest6_pkey on sbtest6  (cost=0.43..8.45 rows=1 width=490)
	        Index Cond: (id = 3492698)

table 7 : explain UPDATE sbtest7 SET c='foobar' WHERE id=4932092
	Update on sbtest7  (cost=0.43..8.45 rows=0 width=0)
	  ->  Index Scan using sbtest7_pkey on sbtest7  (cost=0.43..8.45 rows=1 width=490)
	        Index Cond: (id = 4932092)

table 8 : explain UPDATE sbtest8 SET c='foobar' WHERE id=1673853
	Update on sbtest8  (cost=0.43..8.45 rows=0 width=0)
	  ->  Index Scan using sbtest8_pkey on sbtest8  (cost=0.43..8.45 rows=1 width=490)
	        Index Cond: (id = 1673853)

for non_index_updates
table 1 : explain UPDATE sbtest1 SET c='foobar' WHERE id=8381281
	Update on sbtest1  (cost=0.43..8.45 rows=0 width=0)
	  ->  Index Scan using sbtest1_pkey on sbtest1  (cost=0.43..8.45 rows=1 width=490)
	        Index Cond: (id = 8381281)

table 2 : explain UPDATE sbtest2 SET c='foobar' WHERE id=4803578
	Update on sbtest2  (cost=0.43..8.45 rows=0 width=0)
	  ->  Index Scan using sbtest2_pkey on sbtest2  (cost=0.43..8.45 rows=1 width=490)
	        Index Cond: (id = 4803578)

table 3 : explain UPDATE sbtest3 SET c='foobar' WHERE id=5621080
	Update on sbtest3  (cost=0.43..8.45 rows=0 width=0)
	  ->  Index Scan using sbtest3_pkey on sbtest3  (cost=0.43..8.45 rows=1 width=490)
	        Index Cond: (id = 5621080)

table 4 : explain UPDATE sbtest4 SET c='foobar' WHERE id=8622661
	Update on sbtest4  (cost=0.43..8.45 rows=0 width=0)
	  ->  Index Scan using sbtest4_pkey on sbtest4  (cost=0.43..8.45 rows=1 width=490)
	        Index Cond: (id = 8622661)

table 5 : explain UPDATE sbtest5 SET c='foobar' WHERE id=7318388
	Update on sbtest5  (cost=0.43..8.45 rows=0 width=0)
	  ->  Index Scan using sbtest5_pkey on sbtest5  (cost=0.43..8.45 rows=1 width=490)
	        Index Cond: (id = 7318388)

table 6 : explain UPDATE sbtest6 SET c='foobar' WHERE id=7089995
	Update on sbtest6  (cost=0.43..8.45 rows=0 width=0)
	  ->  Index Scan using sbtest6_pkey on sbtest6  (cost=0.43..8.45 rows=1 width=490)
	        Index Cond: (id = 7089995)

table 7 : explain UPDATE sbtest7 SET c='foobar' WHERE id=5057047
	Update on sbtest7  (cost=0.43..8.45 rows=0 width=0)
	  ->  Index Scan using sbtest7_pkey on sbtest7  (cost=0.43..8.45 rows=1 width=490)
	        Index Cond: (id = 5057047)

table 8 : explain UPDATE sbtest8 SET c='foobar' WHERE id=2514850
	Update on sbtest8  (cost=0.43..8.45 rows=0 width=0)
	  ->  Index Scan using sbtest8_pkey on sbtest8  (cost=0.43..8.45 rows=1 width=490)
	        Index Cond: (id = 2514850)

for non_index_updates
table 1 : explain UPDATE sbtest1 SET c='foobar' WHERE id=4194538
	Update on sbtest1  (cost=0.43..8.45 rows=0 width=0)
	  ->  Index Scan using sbtest1_pkey on sbtest1  (cost=0.43..8.45 rows=1 width=490)
	        Index Cond: (id = 4194538)

table 2 : explain UPDATE sbtest2 SET c='foobar' WHERE id=3186296
	Update on sbtest2  (cost=0.43..8.45 rows=0 width=0)
	  ->  Index Scan using sbtest2_pkey on sbtest2  (cost=0.43..8.45 rows=1 width=490)
	        Index Cond: (id = 3186296)

table 3 : explain UPDATE sbtest3 SET c='foobar' WHERE id=4880986
	Update on sbtest3  (cost=0.43..8.45 rows=0 width=0)
	  ->  Index Scan using sbtest3_pkey on sbtest3  (cost=0.43..8.45 rows=1 width=490)
	        Index Cond: (id = 4880986)

table 4 : explain UPDATE sbtest4 SET c='foobar' WHERE id=5488343
	Update on sbtest4  (cost=0.43..8.45 rows=0 width=0)
	  ->  Index Scan using sbtest4_pkey on sbtest4  (cost=0.43..8.45 rows=1 width=490)
	        Index Cond: (id = 5488343)

table 5 : explain UPDATE sbtest5 SET c='foobar' WHERE id=3260320
	Update on sbtest5  (cost=0.43..8.45 rows=0 width=0)
	  ->  Index Scan using sbtest5_pkey on sbtest5  (cost=0.43..8.45 rows=1 width=490)
	        Index Cond: (id = 3260320)

table 6 : explain UPDATE sbtest6 SET c='foobar' WHERE id=1979688
	Update on sbtest6  (cost=0.43..8.45 rows=0 width=0)
	  ->  Index Scan using sbtest6_pkey on sbtest6  (cost=0.43..8.45 rows=1 width=490)
	        Index Cond: (id = 1979688)

table 7 : explain UPDATE sbtest7 SET c='foobar' WHERE id=1329158
	Update on sbtest7  (cost=0.43..8.45 rows=0 width=0)
	  ->  Index Scan using sbtest7_pkey on sbtest7  (cost=0.43..8.45 rows=1 width=490)
	        Index Cond: (id = 1329158)

table 8 : explain UPDATE sbtest8 SET c='foobar' WHERE id=739262
	Update on sbtest8  (cost=0.43..8.45 rows=0 width=0)
	  ->  Index Scan using sbtest8_pkey on sbtest8  (cost=0.43..8.45 rows=1 width=490)
	        Index Cond: (id = 739262)

for deletes
table 1 : explain DELETE FROM sbtest1 WHERE id=7714758
	Delete on sbtest1  (cost=0.43..8.45 rows=0 width=0)
	  ->  Index Scan using sbtest1_pkey on sbtest1  (cost=0.43..8.45 rows=1 width=6)
	        Index Cond: (id = 7714758)

table 2 : explain DELETE FROM sbtest2 WHERE id=7592983
	Delete on sbtest2  (cost=0.43..8.45 rows=0 width=0)
	  ->  Index Scan using sbtest2_pkey on sbtest2  (cost=0.43..8.45 rows=1 width=6)
	        Index Cond: (id = 7592983)

table 3 : explain DELETE FROM sbtest3 WHERE id=2523245
	Delete on sbtest3  (cost=0.43..8.45 rows=0 width=0)
	  ->  Index Scan using sbtest3_pkey on sbtest3  (cost=0.43..8.45 rows=1 width=6)
	        Index Cond: (id = 2523245)

table 4 : explain DELETE FROM sbtest4 WHERE id=1573572
	Delete on sbtest4  (cost=0.43..8.45 rows=0 width=0)
	  ->  Index Scan using sbtest4_pkey on sbtest4  (cost=0.43..8.45 rows=1 width=6)
	        Index Cond: (id = 1573572)

table 5 : explain DELETE FROM sbtest5 WHERE id=7429402
	Delete on sbtest5  (cost=0.43..8.45 rows=0 width=0)
	  ->  Index Scan using sbtest5_pkey on sbtest5  (cost=0.43..8.45 rows=1 width=6)
	        Index Cond: (id = 7429402)

table 6 : explain DELETE FROM sbtest6 WHERE id=8960459
	Delete on sbtest6  (cost=0.43..8.45 rows=0 width=0)
	  ->  Index Scan using sbtest6_pkey on sbtest6  (cost=0.43..8.45 rows=1 width=6)
	        Index Cond: (id = 8960459)

table 7 : explain DELETE FROM sbtest7 WHERE id=4437956
	Delete on sbtest7  (cost=0.43..8.45 rows=0 width=0)
	  ->  Index Scan using sbtest7_pkey on sbtest7  (cost=0.43..8.45 rows=1 width=6)
	        Index Cond: (id = 4437956)

table 8 : explain DELETE FROM sbtest8 WHERE id=2171560
	Delete on sbtest8  (cost=0.43..8.45 rows=0 width=0)
	  ->  Index Scan using sbtest8_pkey on sbtest8  (cost=0.43..8.45 rows=1 width=6)
	        Index Cond: (id = 2171560)

explain: for deletes :: explain DELETE FROM sbtest%u WHERE id=%u
explain: for deletes :: explain DELETE FROM sbtest%u WHERE id=%u
explain: for deletes :: explain DELETE FROM sbtest%u WHERE id=%u
for: sum_ranges
table 1 : explain SELECT SUM(k) FROM sbtest1 WHERE id BETWEEN 4186316 AND 4186325
	Aggregate  (cost=44.06..44.07 rows=1 width=8)
	  ->  Index Scan using sbtest1_pkey on sbtest1  (cost=0.43..44.03 rows=11 width=4)
	        Index Cond: ((id >= 4186316) AND (id <= 4186325))

table 2 : explain SELECT SUM(k) FROM sbtest2 WHERE id BETWEEN 1308230 AND 1308239
	Aggregate  (cost=40.62..40.63 rows=1 width=8)
	  ->  Index Scan using sbtest2_pkey on sbtest2  (cost=0.43..40.60 rows=10 width=4)
	        Index Cond: ((id >= 1308230) AND (id <= 1308239))

table 3 : explain SELECT SUM(k) FROM sbtest3 WHERE id BETWEEN 5827007 AND 5827016
	Aggregate  (cost=44.50..44.51 rows=1 width=8)
	  ->  Index Scan using sbtest3_pkey on sbtest3  (cost=0.43..44.47 rows=11 width=4)
	        Index Cond: ((id >= 5827007) AND (id <= 5827016))

table 4 : explain SELECT SUM(k) FROM sbtest4 WHERE id BETWEEN 5334459 AND 5334468
	Aggregate  (cost=40.76..40.77 rows=1 width=8)
	  ->  Index Scan using sbtest4_pkey on sbtest4  (cost=0.43..40.73 rows=10 width=4)
	        Index Cond: ((id >= 5334459) AND (id <= 5334468))

table 5 : explain SELECT SUM(k) FROM sbtest5 WHERE id BETWEEN 5775749 AND 5775758
	Aggregate  (cost=40.32..40.33 rows=1 width=8)
	  ->  Index Scan using sbtest5_pkey on sbtest5  (cost=0.43..40.30 rows=10 width=4)
	        Index Cond: ((id >= 5775749) AND (id <= 5775758))

table 6 : explain SELECT SUM(k) FROM sbtest6 WHERE id BETWEEN 2620896 AND 2620905
	Aggregate  (cost=40.87..40.88 rows=1 width=8)
	  ->  Index Scan using sbtest6_pkey on sbtest6  (cost=0.43..40.84 rows=10 width=4)
	        Index Cond: ((id >= 2620896) AND (id <= 2620905))

table 7 : explain SELECT SUM(k) FROM sbtest7 WHERE id BETWEEN 8648752 AND 8648761
	Aggregate  (cost=40.45..40.46 rows=1 width=8)
	  ->  Index Scan using sbtest7_pkey on sbtest7  (cost=0.43..40.43 rows=10 width=4)
	        Index Cond: ((id >= 8648752) AND (id <= 8648761))

table 8 : explain SELECT SUM(k) FROM sbtest8 WHERE id BETWEEN 2516302 AND 2516311
	Aggregate  (cost=40.26..40.27 rows=1 width=8)
	  ->  Index Scan using sbtest8_pkey on sbtest8  (cost=0.43..40.23 rows=10 width=4)
	        Index Cond: ((id >= 2516302) AND (id <= 2516311))

for: sum_ranges
table 1 : explain SELECT SUM(k) FROM sbtest1 WHERE id BETWEEN 9612894 AND 9612903
	Aggregate  (cost=36.94..36.95 rows=1 width=8)
	  ->  Index Scan using sbtest1_pkey on sbtest1  (cost=0.43..36.92 rows=9 width=4)
	        Index Cond: ((id >= 9612894) AND (id <= 9612903))

table 2 : explain SELECT SUM(k) FROM sbtest2 WHERE id BETWEEN 511862 AND 511871
	Aggregate  (cost=37.05..37.06 rows=1 width=8)
	  ->  Index Scan using sbtest2_pkey on sbtest2  (cost=0.43..37.03 rows=9 width=4)
	        Index Cond: ((id >= 511862) AND (id <= 511871))

table 3 : explain SELECT SUM(k) FROM sbtest3 WHERE id BETWEEN 1023300 AND 1023309
	Aggregate  (cost=40.89..40.90 rows=1 width=8)
	  ->  Index Scan using sbtest3_pkey on sbtest3  (cost=0.43..40.87 rows=10 width=4)
	        Index Cond: ((id >= 1023300) AND (id <= 1023309))

table 4 : explain SELECT SUM(k) FROM sbtest4 WHERE id BETWEEN 5428014 AND 5428023
	Aggregate  (cost=37.17..37.18 rows=1 width=8)
	  ->  Index Scan using sbtest4_pkey on sbtest4  (cost=0.43..37.15 rows=9 width=4)
	        Index Cond: ((id >= 5428014) AND (id <= 5428023))

table 5 : explain SELECT SUM(k) FROM sbtest5 WHERE id BETWEEN 5639349 AND 5639358
	Aggregate  (cost=40.32..40.33 rows=1 width=8)
	  ->  Index Scan using sbtest5_pkey on sbtest5  (cost=0.43..40.30 rows=10 width=4)
	        Index Cond: ((id >= 5639349) AND (id <= 5639358))

table 6 : explain SELECT SUM(k) FROM sbtest6 WHERE id BETWEEN 4543731 AND 4543740
	Aggregate  (cost=44.47..44.48 rows=1 width=8)
	  ->  Index Scan using sbtest6_pkey on sbtest6  (cost=0.43..44.44 rows=11 width=4)
	        Index Cond: ((id >= 4543731) AND (id <= 4543740))

table 7 : explain SELECT SUM(k) FROM sbtest7 WHERE id BETWEEN 796715 AND 796724
	Aggregate  (cost=40.45..40.46 rows=1 width=8)
	  ->  Index Scan using sbtest7_pkey on sbtest7  (cost=0.43..40.43 rows=10 width=4)
	        Index Cond: ((id >= 796715) AND (id <= 796724))

table 8 : explain SELECT SUM(k) FROM sbtest8 WHERE id BETWEEN 1474893 AND 1474902
	Aggregate  (cost=40.26..40.27 rows=1 width=8)
	  ->  Index Scan using sbtest8_pkey on sbtest8  (cost=0.43..40.23 rows=10 width=4)
	        Index Cond: ((id >= 1474893) AND (id <= 1474902))

for deletes
table 1 : explain DELETE FROM sbtest1 WHERE id=8249149
	Delete on sbtest1  (cost=0.43..8.45 rows=0 width=0)
	  ->  Index Scan using sbtest1_pkey on sbtest1  (cost=0.43..8.45 rows=1 width=6)
	        Index Cond: (id = 8249149)

table 2 : explain DELETE FROM sbtest2 WHERE id=4757446
	Delete on sbtest2  (cost=0.43..8.45 rows=0 width=0)
	  ->  Index Scan using sbtest2_pkey on sbtest2  (cost=0.43..8.45 rows=1 width=6)
	        Index Cond: (id = 4757446)

table 3 : explain DELETE FROM sbtest3 WHERE id=3717467
	Delete on sbtest3  (cost=0.43..8.45 rows=0 width=0)
	  ->  Index Scan using sbtest3_pkey on sbtest3  (cost=0.43..8.45 rows=1 width=6)
	        Index Cond: (id = 3717467)

table 4 : explain DELETE FROM sbtest4 WHERE id=8819739
	Delete on sbtest4  (cost=0.43..8.45 rows=0 width=0)
	  ->  Index Scan using sbtest4_pkey on sbtest4  (cost=0.43..8.45 rows=1 width=6)
	        Index Cond: (id = 8819739)

table 5 : explain DELETE FROM sbtest5 WHERE id=9186306
	Delete on sbtest5  (cost=0.43..8.45 rows=0 width=0)
	  ->  Index Scan using sbtest5_pkey on sbtest5  (cost=0.43..8.45 rows=1 width=6)
	        Index Cond: (id = 9186306)

table 6 : explain DELETE FROM sbtest6 WHERE id=9141748
	Delete on sbtest6  (cost=0.43..8.45 rows=0 width=0)
	  ->  Index Scan using sbtest6_pkey on sbtest6  (cost=0.43..8.45 rows=1 width=6)
	        Index Cond: (id = 9141748)

table 7 : explain DELETE FROM sbtest7 WHERE id=8907808
	Delete on sbtest7  (cost=0.43..8.45 rows=0 width=0)
	  ->  Index Scan using sbtest7_pkey on sbtest7  (cost=0.43..8.45 rows=1 width=6)
	        Index Cond: (id = 8907808)

table 8 : explain DELETE FROM sbtest8 WHERE id=123529
	Delete on sbtest8  (cost=0.43..8.45 rows=0 width=0)
	  ->  Index Scan using sbtest8_pkey on sbtest8  (cost=0.43..8.45 rows=1 width=6)
	        Index Cond: (id = 123529)

for deletes
table 1 : explain DELETE FROM sbtest1 WHERE id=7793514
	Delete on sbtest1  (cost=0.43..8.45 rows=0 width=0)
	  ->  Index Scan using sbtest1_pkey on sbtest1  (cost=0.43..8.45 rows=1 width=6)
	        Index Cond: (id = 7793514)

table 2 : explain DELETE FROM sbtest2 WHERE id=357320
	Delete on sbtest2  (cost=0.43..8.45 rows=0 width=0)
	  ->  Index Scan using sbtest2_pkey on sbtest2  (cost=0.43..8.45 rows=1 width=6)
	        Index Cond: (id = 357320)

table 3 : explain DELETE FROM sbtest3 WHERE id=8472963
	Delete on sbtest3  (cost=0.43..8.45 rows=0 width=0)
	  ->  Index Scan using sbtest3_pkey on sbtest3  (cost=0.43..8.45 rows=1 width=6)
	        Index Cond: (id = 8472963)

table 4 : explain DELETE FROM sbtest4 WHERE id=5304618
	Delete on sbtest4  (cost=0.43..8.45 rows=0 width=0)
	  ->  Index Scan using sbtest4_pkey on sbtest4  (cost=0.43..8.45 rows=1 width=6)
	        Index Cond: (id = 5304618)

table 5 : explain DELETE FROM sbtest5 WHERE id=6648917
	Delete on sbtest5  (cost=0.43..8.45 rows=0 width=0)
	  ->  Index Scan using sbtest5_pkey on sbtest5  (cost=0.43..8.45 rows=1 width=6)
	        Index Cond: (id = 6648917)

table 6 : explain DELETE FROM sbtest6 WHERE id=9450133
	Delete on sbtest6  (cost=0.43..8.45 rows=0 width=0)
	  ->  Index Scan using sbtest6_pkey on sbtest6  (cost=0.43..8.45 rows=1 width=6)
	        Index Cond: (id = 9450133)

table 7 : explain DELETE FROM sbtest7 WHERE id=2838065
	Delete on sbtest7  (cost=0.43..8.45 rows=0 width=0)
	  ->  Index Scan using sbtest7_pkey on sbtest7  (cost=0.43..8.45 rows=1 width=6)
	        Index Cond: (id = 2838065)

table 8 : explain DELETE FROM sbtest8 WHERE id=6065713
	Delete on sbtest8  (cost=0.43..8.45 rows=0 width=0)
	  ->  Index Scan using sbtest8_pkey on sbtest8  (cost=0.43..8.45 rows=1 width=6)
	        Index Cond: (id = 6065713)

for deletes
table 1 : explain DELETE FROM sbtest1 WHERE id=9952487
	Delete on sbtest1  (cost=0.43..8.45 rows=0 width=0)
	  ->  Index Scan using sbtest1_pkey on sbtest1  (cost=0.43..8.45 rows=1 width=6)
	        Index Cond: (id = 9952487)

table 2 : explain DELETE FROM sbtest2 WHERE id=7348667
	Delete on sbtest2  (cost=0.43..8.45 rows=0 width=0)
	  ->  Index Scan using sbtest2_pkey on sbtest2  (cost=0.43..8.45 rows=1 width=6)
	        Index Cond: (id = 7348667)

table 3 : explain DELETE FROM sbtest3 WHERE id=4828126
	Delete on sbtest3  (cost=0.43..8.45 rows=0 width=0)
	  ->  Index Scan using sbtest3_pkey on sbtest3  (cost=0.43..8.45 rows=1 width=6)
	        Index Cond: (id = 4828126)

table 4 : explain DELETE FROM sbtest4 WHERE id=2200456
	Delete on sbtest4  (cost=0.43..8.45 rows=0 width=0)
	  ->  Index Scan using sbtest4_pkey on sbtest4  (cost=0.43..8.45 rows=1 width=6)
	        Index Cond: (id = 2200456)

table 5 : explain DELETE FROM sbtest5 WHERE id=8003674
	Delete on sbtest5  (cost=0.43..8.45 rows=0 width=0)
	  ->  Index Scan using sbtest5_pkey on sbtest5  (cost=0.43..8.45 rows=1 width=6)
	        Index Cond: (id = 8003674)

table 6 : explain DELETE FROM sbtest6 WHERE id=9706110
	Delete on sbtest6  (cost=0.43..8.45 rows=0 width=0)
	  ->  Index Scan using sbtest6_pkey on sbtest6  (cost=0.43..8.45 rows=1 width=6)
	        Index Cond: (id = 9706110)

table 7 : explain DELETE FROM sbtest7 WHERE id=683752
	Delete on sbtest7  (cost=0.43..8.45 rows=0 width=0)
	  ->  Index Scan using sbtest7_pkey on sbtest7  (cost=0.43..8.45 rows=1 width=6)
	        Index Cond: (id = 683752)

table 8 : explain DELETE FROM sbtest8 WHERE id=4665553
	Delete on sbtest8  (cost=0.43..8.45 rows=0 width=0)
	  ->  Index Scan using sbtest8_pkey on sbtest8  (cost=0.43..8.45 rows=1 width=6)
	        Index Cond: (id = 4665553)
explain: for inserts :: explain INSERT INTO sbtest%u (id, k, c, pad) VALUES (%u, 13, 'foobar', 'foobar')

explain: for inserts :: explain INSERT INTO sbtest%u (id, k, c, pad) VALUES (%u, 13, 'foobar', 'foobar')
for inserts
table 1 : explain INSERT INTO sbtest1 (id, k, c, pad) VALUES (106205, 13, 'foobar', 'foobar')
	Insert on sbtest1  (cost=0.00..0.01 rows=0 width=0)
	  ->  Result  (cost=0.00..0.01 rows=1 width=736)

table 2 : explain INSERT INTO sbtest2 (id, k, c, pad) VALUES (5919109, 13, 'foobar', 'foobar')
	Insert on sbtest2  (cost=0.00..0.01 rows=0 width=0)
	  ->  Result  (cost=0.00..0.01 rows=1 width=736)

table 3 : explain INSERT INTO sbtest3 (id, k, c, pad) VALUES (9459679, 13, 'foobar', 'foobar')
	Insert on sbtest3  (cost=0.00..0.01 rows=0 width=0)
	  ->  Result  (cost=0.00..0.01 rows=1 width=736)

table 4 : explain INSERT INTO sbtest4 (id, k, c, pad) VALUES (2357703, 13, 'foobar', 'foobar')
	Insert on sbtest4  (cost=0.00..0.01 rows=0 width=0)
	  ->  Result  (cost=0.00..0.01 rows=1 width=736)

table 5 : explain INSERT INTO sbtest5 (id, k, c, pad) VALUES (2772522, 13, 'foobar', 'foobar')
	Insert on sbtest5  (cost=0.00..0.01 rows=0 width=0)
	  ->  Result  (cost=0.00..0.01 rows=1 width=736)

table 6 : explain INSERT INTO sbtest6 (id, k, c, pad) VALUES (8616746, 13, 'foobar', 'foobar')
	Insert on sbtest6  (cost=0.00..0.01 rows=0 width=0)
	  ->  Result  (cost=0.00..0.01 rows=1 width=736)

table 7 : explain INSERT INTO sbtest7 (id, k, c, pad) VALUES (6100274, 13, 'foobar', 'foobar')
	Insert on sbtest7  (cost=0.00..0.01 rows=0 width=0)
	  ->  Result  (cost=0.00..0.01 rows=1 width=736)

table 8 : explain INSERT INTO sbtest8 (id, k, c, pad) VALUES (565273, 13, 'foobar', 'foobar')
	Insert on sbtest8  (cost=0.00..0.01 rows=0 width=0)
	  ->  Result  (cost=0.00..0.01 rows=1 width=736)

explain: for inserts :: explain INSERT INTO sbtest%u (id, k, c, pad) VALUES (%u, 13, 'foobar', 'foobar')
explain: for inserts :: explain INSERT INTO sbtest%u (id, k, c, pad) VALUES (%u, 13, 'foobar', 'foobar')
for inserts
table 1 : explain INSERT INTO sbtest1 (id, k, c, pad) VALUES (1186349, 13, 'foobar', 'foobar')
	Insert on sbtest1  (cost=0.00..0.01 rows=0 width=0)
	  ->  Result  (cost=0.00..0.01 rows=1 width=736)

table 2 : explain INSERT INTO sbtest2 (id, k, c, pad) VALUES (3618304, 13, 'foobar', 'foobar')
	Insert on sbtest2  (cost=0.00..0.01 rows=0 width=0)
	  ->  Result  (cost=0.00..0.01 rows=1 width=736)

table 3 : explain INSERT INTO sbtest3 (id, k, c, pad) VALUES (7629930, 13, 'foobar', 'foobar')
	Insert on sbtest3  (cost=0.00..0.01 rows=0 width=0)
	  ->  Result  (cost=0.00..0.01 rows=1 width=736)

table 4 : explain INSERT INTO sbtest4 (id, k, c, pad) VALUES (5058375, 13, 'foobar', 'foobar')
	Insert on sbtest4  (cost=0.00..0.01 rows=0 width=0)
	  ->  Result  (cost=0.00..0.01 rows=1 width=736)

table 5 : explain INSERT INTO sbtest5 (id, k, c, pad) VALUES (4599141, 13, 'foobar', 'foobar')
	Insert on sbtest5  (cost=0.00..0.01 rows=0 width=0)
	  ->  Result  (cost=0.00..0.01 rows=1 width=736)

table 6 : explain INSERT INTO sbtest6 (id, k, c, pad) VALUES (8127116, 13, 'foobar', 'foobar')
	Insert on sbtest6  (cost=0.00..0.01 rows=0 width=0)
	  ->  Result  (cost=0.00..0.01 rows=1 width=736)

table 7 : explain INSERT INTO sbtest7 (id, k, c, pad) VALUES (1481782, 13, 'foobar', 'foobar')
	Insert on sbtest7  (cost=0.00..0.01 rows=0 width=0)
	  ->  Result  (cost=0.00..0.01 rows=1 width=736)

table 8 : explain INSERT INTO sbtest8 (id, k, c, pad) VALUES (8034852, 13, 'foobar', 'foobar')
	Insert on sbtest8  (cost=0.00..0.01 rows=0 width=0)
	  ->  Result  (cost=0.00..0.01 rows=1 width=736)

for: order_ranges
table 1 : explain SELECT c FROM sbtest1 WHERE id BETWEEN 4729851 AND 4729860 ORDER BY c
	Sort  (cost=40.64..40.66 rows=10 width=121)
	  Sort Key: c
	  ->  Index Scan using sbtest1_pkey on sbtest1  (cost=0.43..40.47 rows=10 width=121)
	        Index Cond: ((id >= 4729851) AND (id <= 4729860))

table 2 : explain SELECT c FROM sbtest2 WHERE id BETWEEN 8358362 AND 8358371 ORDER BY c
	Sort  (cost=37.17..37.19 rows=9 width=121)
	  Sort Key: c
	  ->  Index Scan using sbtest2_pkey on sbtest2  (cost=0.43..37.03 rows=9 width=121)
	        Index Cond: ((id >= 8358362) AND (id <= 8358371))

table 3 : explain SELECT c FROM sbtest3 WHERE id BETWEEN 7770926 AND 7770935 ORDER BY c
	Sort  (cost=44.66..44.69 rows=11 width=121)
	  Sort Key: c
	  ->  Index Scan using sbtest3_pkey on sbtest3  (cost=0.43..44.47 rows=11 width=121)
	        Index Cond: ((id >= 7770926) AND (id <= 7770935))

table 4 : explain SELECT c FROM sbtest4 WHERE id BETWEEN 4945955 AND 4945964 ORDER BY c
	Sort  (cost=40.90..40.93 rows=10 width=121)
	  Sort Key: c
	  ->  Index Scan using sbtest4_pkey on sbtest4  (cost=0.43..40.73 rows=10 width=121)
	        Index Cond: ((id >= 4945955) AND (id <= 4945964))

table 5 : explain SELECT c FROM sbtest5 WHERE id BETWEEN 6145673 AND 6145682 ORDER BY c
	Sort  (cost=40.46..40.49 rows=10 width=121)
	  Sort Key: c
	  ->  Index Scan using sbtest5_pkey on sbtest5  (cost=0.43..40.30 rows=10 width=121)
	        Index Cond: ((id >= 6145673) AND (id <= 6145682))

table 6 : explain SELECT c FROM sbtest6 WHERE id BETWEEN 5193080 AND 5193089 ORDER BY c
	Sort  (cost=41.01..41.04 rows=10 width=121)
	  Sort Key: c
	  ->  Index Scan using sbtest6_pkey on sbtest6  (cost=0.43..40.84 rows=10 width=121)
	        Index Cond: ((id >= 5193080) AND (id <= 5193089))

table 7 : explain SELECT c FROM sbtest7 WHERE id BETWEEN 3992012 AND 3992021 ORDER BY c
	Sort  (cost=44.17..44.20 rows=11 width=121)
	  Sort Key: c
	  ->  Index Scan using sbtest7_pkey on sbtest7  (cost=0.43..43.98 rows=11 width=121)
	        Index Cond: ((id >= 3992012) AND (id <= 3992021))

table 8 : explain SELECT c FROM sbtest8 WHERE id BETWEEN 547478 AND 547487 ORDER BY c
	Sort  (cost=43.95..43.98 rows=11 width=121)
	  Sort Key: c
	  ->  Index Scan using sbtest8_pkey on sbtest8  (cost=0.43..43.76 rows=11 width=121)
	        Index Cond: ((id >= 547478) AND (id <= 547487))

for: order_ranges
table 1 : explain SELECT c FROM sbtest1 WHERE id BETWEEN 1633323 AND 1633332 ORDER BY c
	Sort  (cost=37.06..37.08 rows=9 width=121)
	  Sort Key: c
	  ->  Index Scan using sbtest1_pkey on sbtest1  (cost=0.43..36.92 rows=9 width=121)
	        Index Cond: ((id >= 1633323) AND (id <= 1633332))

table 2 : explain SELECT c FROM sbtest2 WHERE id BETWEEN 8191940 AND 8191949 ORDER BY c
	Sort  (cost=44.36..44.39 rows=11 width=121)
	  Sort Key: c
	  ->  Index Scan using sbtest2_pkey on sbtest2  (cost=0.43..44.17 rows=11 width=121)
	        Index Cond: ((id >= 8191940) AND (id <= 8191949))

table 3 : explain SELECT c FROM sbtest3 WHERE id BETWEEN 5524609 AND 5524618 ORDER BY c
	Sort  (cost=41.03..41.06 rows=10 width=121)
	  Sort Key: c
	  ->  Index Scan using sbtest3_pkey on sbtest3  (cost=0.43..40.87 rows=10 width=121)
	        Index Cond: ((id >= 5524609) AND (id <= 5524618))

table 4 : explain SELECT c FROM sbtest4 WHERE id BETWEEN 4731533 AND 4731542 ORDER BY c
	Sort  (cost=40.90..40.93 rows=10 width=121)
	  Sort Key: c
	  ->  Index Scan using sbtest4_pkey on sbtest4  (cost=0.43..40.73 rows=10 width=121)
	        Index Cond: ((id >= 4731533) AND (id <= 4731542))

table 5 : explain SELECT c FROM sbtest5 WHERE id BETWEEN 8203024 AND 8203033 ORDER BY c
	Sort  (cost=44.03..44.05 rows=11 width=121)
	  Sort Key: c
	  ->  Index Scan using sbtest5_pkey on sbtest5  (cost=0.43..43.84 rows=11 width=121)
	        Index Cond: ((id >= 8203024) AND (id <= 8203033))

table 6 : explain SELECT c FROM sbtest6 WHERE id BETWEEN 6570457 AND 6570466 ORDER BY c
	Sort  (cost=41.01..41.04 rows=10 width=121)
	  Sort Key: c
	  ->  Index Scan using sbtest6_pkey on sbtest6  (cost=0.43..40.84 rows=10 width=121)
	        Index Cond: ((id >= 6570457) AND (id <= 6570466))

table 7 : explain SELECT c FROM sbtest7 WHERE id BETWEEN 6593388 AND 6593397 ORDER BY c
	Sort  (cost=40.59..40.62 rows=10 width=121)
	  Sort Key: c
	  ->  Index Scan using sbtest7_pkey on sbtest7  (cost=0.43..40.43 rows=10 width=121)
	        Index Cond: ((id >= 6593388) AND (id <= 6593397))

table 8 : explain SELECT c FROM sbtest8 WHERE id BETWEEN 4257719 AND 4257728 ORDER BY c
	Sort  (cost=36.85..36.87 rows=9 width=121)
	  Sort Key: c
	  ->  Index Scan using sbtest8_pkey on sbtest8  (cost=0.43..36.70 rows=9 width=121)
	        Index Cond: ((id >= 4257719) AND (id <= 4257728))

for inserts
table 1 : explain INSERT INTO sbtest1 (id, k, c, pad) VALUES (8838609, 13, 'foobar', 'foobar')
	Insert on sbtest1  (cost=0.00..0.01 rows=0 width=0)
	  ->  Result  (cost=0.00..0.01 rows=1 width=736)

table 2 : explain INSERT INTO sbtest2 (id, k, c, pad) VALUES (1214333, 13, 'foobar', 'foobar')
	Insert on sbtest2  (cost=0.00..0.01 rows=0 width=0)
	  ->  Result  (cost=0.00..0.01 rows=1 width=736)

table 3 : explain INSERT INTO sbtest3 (id, k, c, pad) VALUES (6837053, 13, 'foobar', 'foobar')
	Insert on sbtest3  (cost=0.00..0.01 rows=0 width=0)
	  ->  Result  (cost=0.00..0.01 rows=1 width=736)

table 4 : explain INSERT INTO sbtest4 (id, k, c, pad) VALUES (1118200, 13, 'foobar', 'foobar')
	Insert on sbtest4  (cost=0.00..0.01 rows=0 width=0)
	  ->  Result  (cost=0.00..0.01 rows=1 width=736)

table 5 : explain INSERT INTO sbtest5 (id, k, c, pad) VALUES (658234, 13, 'foobar', 'foobar')
	Insert on sbtest5  (cost=0.00..0.01 rows=0 width=0)
	  ->  Result  (cost=0.00..0.01 rows=1 width=736)

table 6 : explain INSERT INTO sbtest6 (id, k, c, pad) VALUES (4602365, 13, 'foobar', 'foobar')
	Insert on sbtest6  (cost=0.00..0.01 rows=0 width=0)
	  ->  Result  (cost=0.00..0.01 rows=1 width=736)

table 7 : explain INSERT INTO sbtest7 (id, k, c, pad) VALUES (8121127, 13, 'foobar', 'foobar')
	Insert on sbtest7  (cost=0.00..0.01 rows=0 width=0)
	  ->  Result  (cost=0.00..0.01 rows=1 width=736)

table 8 : explain INSERT INTO sbtest8 (id, k, c, pad) VALUES (2454979, 13, 'foobar', 'foobar')
	Insert on sbtest8  (cost=0.00..0.01 rows=0 width=0)
	  ->  Result  (cost=0.00..0.01 rows=1 width=736)

explain: for inserts :: explain INSERT INTO sbtest%u (id, k, c, pad) VALUES (%u, 13, 'foobar', 'foobar')
for inserts
table 1 : explain INSERT INTO sbtest1 (id, k, c, pad) VALUES (4890210, 13, 'foobar', 'foobar')
	Insert on sbtest1  (cost=0.00..0.01 rows=0 width=0)
	  ->  Result  (cost=0.00..0.01 rows=1 width=736)

table 2 : explain INSERT INTO sbtest2 (id, k, c, pad) VALUES (8009351, 13, 'foobar', 'foobar')
	Insert on sbtest2  (cost=0.00..0.01 rows=0 width=0)
	  ->  Result  (cost=0.00..0.01 rows=1 width=736)

table 3 : explain INSERT INTO sbtest3 (id, k, c, pad) VALUES (2303011, 13, 'foobar', 'foobar')
	Insert on sbtest3  (cost=0.00..0.01 rows=0 width=0)
	  ->  Result  (cost=0.00..0.01 rows=1 width=736)

table 4 : explain INSERT INTO sbtest4 (id, k, c, pad) VALUES (3152779, 13, 'foobar', 'foobar')
	Insert on sbtest4  (cost=0.00..0.01 rows=0 width=0)
	  ->  Result  (cost=0.00..0.01 rows=1 width=736)

table 5 : explain INSERT INTO sbtest5 (id, k, c, pad) VALUES (3609210, 13, 'foobar', 'foobar')
	Insert on sbtest5  (cost=0.00..0.01 rows=0 width=0)
	  ->  Result  (cost=0.00..0.01 rows=1 width=736)

table 6 : explain INSERT INTO sbtest6 (id, k, c, pad) VALUES (7685672, 13, 'foobar', 'foobar')
	Insert on sbtest6  (cost=0.00..0.01 rows=0 width=0)
	  ->  Result  (cost=0.00..0.01 rows=1 width=736)

table 7 : explain INSERT INTO sbtest7 (id, k, c, pad) VALUES (3415591, 13, 'foobar', 'foobar')
	Insert on sbtest7  (cost=0.00..0.01 rows=0 width=0)
	  ->  Result  (cost=0.00..0.01 rows=1 width=736)

table 8 : explain INSERT INTO sbtest8 (id, k, c, pad) VALUES (1361584, 13, 'foobar', 'foobar')
	Insert on sbtest8  (cost=0.00..0.01 rows=0 width=0)
	  ->  Result  (cost=0.00..0.01 rows=1 width=736)

for: distinct_ranges
table 1 : explain SELECT DISTINCT c FROM sbtest1 WHERE id BETWEEN 26218 AND 26227 ORDER BY c
	Unique  (cost=44.22..44.28 rows=11 width=121)
	  ->  Sort  (cost=44.22..44.25 rows=11 width=121)
	        Sort Key: c
	        ->  Index Scan using sbtest1_pkey on sbtest1  (cost=0.43..44.03 rows=11 width=121)
	              Index Cond: ((id >= 26218) AND (id <= 26227))

table 2 : explain SELECT DISTINCT c FROM sbtest2 WHERE id BETWEEN 1174037 AND 1174046 ORDER BY c
	Unique  (cost=40.76..40.81 rows=10 width=121)
	  ->  Sort  (cost=40.76..40.79 rows=10 width=121)
	        Sort Key: c
	        ->  Index Scan using sbtest2_pkey on sbtest2  (cost=0.43..40.60 rows=10 width=121)
	              Index Cond: ((id >= 1174037) AND (id <= 1174046))

table 3 : explain SELECT DISTINCT c FROM sbtest3 WHERE id BETWEEN 2608469 AND 2608478 ORDER BY c
	Unique  (cost=41.03..41.08 rows=10 width=121)
	  ->  Sort  (cost=41.03..41.06 rows=10 width=121)
	        Sort Key: c
	        ->  Index Scan using sbtest3_pkey on sbtest3  (cost=0.43..40.87 rows=10 width=121)
	              Index Cond: ((id >= 2608469) AND (id <= 2608478))

table 4 : explain SELECT DISTINCT c FROM sbtest4 WHERE id BETWEEN 3143788 AND 3143797 ORDER BY c
	Unique  (cost=40.90..40.95 rows=10 width=121)
	  ->  Sort  (cost=40.90..40.93 rows=10 width=121)
	        Sort Key: c
	        ->  Index Scan using sbtest4_pkey on sbtest4  (cost=0.43..40.73 rows=10 width=121)
	              Index Cond: ((id >= 3143788) AND (id <= 3143797))

table 5 : explain SELECT DISTINCT c FROM sbtest5 WHERE id BETWEEN 8208139 AND 8208148 ORDER BY c
	Unique  (cost=44.03..44.08 rows=11 width=121)
	  ->  Sort  (cost=44.03..44.05 rows=11 width=121)
	        Sort Key: c
	        ->  Index Scan using sbtest5_pkey on sbtest5  (cost=0.43..43.84 rows=11 width=121)
	              Index Cond: ((id >= 8208139) AND (id <= 8208148))

table 6 : explain SELECT DISTINCT c FROM sbtest6 WHERE id BETWEEN 4091155 AND 4091164 ORDER BY c
	Unique  (cost=41.01..41.06 rows=10 width=121)
	  ->  Sort  (cost=41.01..41.04 rows=10 width=121)
	        Sort Key: c
	        ->  Index Scan using sbtest6_pkey on sbtest6  (cost=0.43..40.84 rows=10 width=121)
	              Index Cond: ((id >= 4091155) AND (id <= 4091164))

table 7 : explain SELECT DISTINCT c FROM sbtest7 WHERE id BETWEEN 7925048 AND 7925057 ORDER BY c
	Unique  (cost=40.59..40.64 rows=10 width=121)
	  ->  Sort  (cost=40.59..40.62 rows=10 width=121)
	        Sort Key: c
	        ->  Index Scan using sbtest7_pkey on sbtest7  (cost=0.43..40.43 rows=10 width=121)
	              Index Cond: ((id >= 7925048) AND (id <= 7925057))

table 8 : explain SELECT DISTINCT c FROM sbtest8 WHERE id BETWEEN 4907685 AND 4907694 ORDER BY c
	Unique  (cost=36.85..36.89 rows=9 width=121)
	  ->  Sort  (cost=36.85..36.87 rows=9 width=121)
	        Sort Key: c
	        ->  Index Scan using sbtest8_pkey on sbtest8  (cost=0.43..36.70 rows=9 width=121)
	              Index Cond: ((id >= 4907685) AND (id <= 4907694))

for: distinct_ranges
table 1 : explain SELECT DISTINCT c FROM sbtest1 WHERE id BETWEEN 3212285 AND 3212294 ORDER BY c
	Unique  (cost=44.22..44.28 rows=11 width=121)
	  ->  Sort  (cost=44.22..44.25 rows=11 width=121)
	        Sort Key: c
	        ->  Index Scan using sbtest1_pkey on sbtest1  (cost=0.43..44.03 rows=11 width=121)
	              Index Cond: ((id >= 3212285) AND (id <= 3212294))

table 2 : explain SELECT DISTINCT c FROM sbtest2 WHERE id BETWEEN 7866344 AND 7866353 ORDER BY c
	Unique  (cost=40.76..40.81 rows=10 width=121)
	  ->  Sort  (cost=40.76..40.79 rows=10 width=121)
	        Sort Key: c
	        ->  Index Scan using sbtest2_pkey on sbtest2  (cost=0.43..40.60 rows=10 width=121)
	              Index Cond: ((id >= 7866344) AND (id <= 7866353))

table 3 : explain SELECT DISTINCT c FROM sbtest3 WHERE id BETWEEN 2468254 AND 2468263 ORDER BY c
	Unique  (cost=37.41..37.45 rows=9 width=121)
	  ->  Sort  (cost=37.41..37.43 rows=9 width=121)
	        Sort Key: c
	        ->  Index Scan using sbtest3_pkey on sbtest3  (cost=0.43..37.27 rows=9 width=121)
	              Index Cond: ((id >= 2468254) AND (id <= 2468263))

table 4 : explain SELECT DISTINCT c FROM sbtest4 WHERE id BETWEEN 6874075 AND 6874084 ORDER BY c
	Unique  (cost=40.90..40.95 rows=10 width=121)
	  ->  Sort  (cost=40.90..40.93 rows=10 width=121)
	        Sort Key: c
	        ->  Index Scan using sbtest4_pkey on sbtest4  (cost=0.43..40.73 rows=10 width=121)
	              Index Cond: ((id >= 6874075) AND (id <= 6874084))

table 5 : explain SELECT DISTINCT c FROM sbtest5 WHERE id BETWEEN 6534487 AND 6534496 ORDER BY c
	Unique  (cost=40.46..40.51 rows=10 width=121)
	  ->  Sort  (cost=40.46..40.49 rows=10 width=121)
	        Sort Key: c
	        ->  Index Scan using sbtest5_pkey on sbtest5  (cost=0.43..40.30 rows=10 width=121)
	              Index Cond: ((id >= 6534487) AND (id <= 6534496))

table 6 : explain SELECT DISTINCT c FROM sbtest6 WHERE id BETWEEN 4714651 AND 4714660 ORDER BY c
	Unique  (cost=44.63..44.69 rows=11 width=121)
	  ->  Sort  (cost=44.63..44.66 rows=11 width=121)
	        Sort Key: c
	        ->  Index Scan using sbtest6_pkey on sbtest6  (cost=0.43..44.44 rows=11 width=121)
	              Index Cond: ((id >= 4714651) AND (id <= 4714660))

table 7 : explain SELECT DISTINCT c FROM sbtest7 WHERE id BETWEEN 9453352 AND 9453361 ORDER BY c
	Unique  (cost=40.59..40.64 rows=10 width=121)
	  ->  Sort  (cost=40.59..40.62 rows=10 width=121)
	        Sort Key: c
	        ->  Index Scan using sbtest7_pkey on sbtest7  (cost=0.43..40.43 rows=10 width=121)
	              Index Cond: ((id >= 9453352) AND (id <= 9453361))

table 8 : explain SELECT DISTINCT c FROM sbtest8 WHERE id BETWEEN 8056049 AND 8056058 ORDER BY c
	Unique  (cost=40.40..40.45 rows=10 width=121)
	  ->  Sort  (cost=40.40..40.42 rows=10 width=121)
	        Sort Key: c
	        ->  Index Scan using sbtest8_pkey on sbtest8  (cost=0.43..40.23 rows=10 width=121)
	              Index Cond: ((id >= 8056049) AND (id <= 8056058))

explain: for index_updates :: explain UPDATE sbtest%u SET k=k+1 WHERE id=%u
explain: for index_updates :: explain UPDATE sbtest%u SET k=k+1 WHERE id=%u
for index_updates
table 1 : explain UPDATE sbtest1 SET k=k+1 WHERE id=1430604
	Update on sbtest1  (cost=0.43..8.46 rows=0 width=0)
	  ->  Index Scan using sbtest1_pkey on sbtest1  (cost=0.43..8.46 rows=1 width=10)
	        Index Cond: (id = 1430604)

table 2 : explain UPDATE sbtest2 SET k=k+1 WHERE id=5060315
	Update on sbtest2  (cost=0.43..8.46 rows=0 width=0)
	  ->  Index Scan using sbtest2_pkey on sbtest2  (cost=0.43..8.46 rows=1 width=10)
	        Index Cond: (id = 5060315)

table 3 : explain UPDATE sbtest3 SET k=k+1 WHERE id=9090874
	Update on sbtest3  (cost=0.43..8.46 rows=0 width=0)
	  ->  Index Scan using sbtest3_pkey on sbtest3  (cost=0.43..8.46 rows=1 width=10)
	        Index Cond: (id = 9090874)

table 4 : explain UPDATE sbtest4 SET k=k+1 WHERE id=1673231
	Update on sbtest4  (cost=0.43..8.46 rows=0 width=0)
	  ->  Index Scan using sbtest4_pkey on sbtest4  (cost=0.43..8.46 rows=1 width=10)
	        Index Cond: (id = 1673231)

table 5 : explain UPDATE sbtest5 SET k=k+1 WHERE id=1185918
	Update on sbtest5  (cost=0.43..8.46 rows=0 width=0)
	  ->  Index Scan using sbtest5_pkey on sbtest5  (cost=0.43..8.46 rows=1 width=10)
	        Index Cond: (id = 1185918)

table 6 : explain UPDATE sbtest6 SET k=k+1 WHERE id=8022956
	Update on sbtest6  (cost=0.43..8.46 rows=0 width=0)
	  ->  Index Scan using sbtest6_pkey on sbtest6  (cost=0.43..8.46 rows=1 width=10)
	        Index Cond: (id = 8022956)

table 7 : explain UPDATE sbtest7 SET k=k+1 WHERE id=3850288
	Update on sbtest7  (cost=0.43..8.46 rows=0 width=0)
	  ->  Index Scan using sbtest7_pkey on sbtest7  (cost=0.43..8.46 rows=1 width=10)
	        Index Cond: (id = 3850288)

table 8 : explain UPDATE sbtest8 SET k=k+1 WHERE id=6883255
	Update on sbtest8  (cost=0.43..8.46 rows=0 width=0)
	  ->  Index Scan using sbtest8_pkey on sbtest8  (cost=0.43..8.46 rows=1 width=10)
	        Index Cond: (id = 6883255)

for inserts
table 1 : explain INSERT INTO sbtest1 (id, k, c, pad) VALUES (3923272, 13, 'foobar', 'foobar')
	Insert on sbtest1  (cost=0.00..0.01 rows=0 width=0)
	  ->  Result  (cost=0.00..0.01 rows=1 width=736)

table 2 : explain INSERT INTO sbtest2 (id, k, c, pad) VALUES (9486662, 13, 'foobar', 'foobar')
	Insert on sbtest2  (cost=0.00..0.01 rows=0 width=0)
	  ->  Result  (cost=0.00..0.01 rows=1 width=736)

table 3 : explain INSERT INTO sbtest3 (id, k, c, pad) VALUES (7452032, 13, 'foobar', 'foobar')
	Insert on sbtest3  (cost=0.00..0.01 rows=0 width=0)
	  ->  Result  (cost=0.00..0.01 rows=1 width=736)

table 4 : explain INSERT INTO sbtest4 (id, k, c, pad) VALUES (4166270, 13, 'foobar', 'foobar')
	Insert on sbtest4  (cost=0.00..0.01 rows=0 width=0)
	  ->  Result  (cost=0.00..0.01 rows=1 width=736)

table 5 : explain INSERT INTO sbtest5 (id, k, c, pad) VALUES (9999010, 13, 'foobar', 'foobar')
	Insert on sbtest5  (cost=0.00..0.01 rows=0 width=0)
	  ->  Result  (cost=0.00..0.01 rows=1 width=736)

table 6 : explain INSERT INTO sbtest6 (id, k, c, pad) VALUES (8250632, 13, 'foobar', 'foobar')
	Insert on sbtest6  (cost=0.00..0.01 rows=0 width=0)
	  ->  Result  (cost=0.00..0.01 rows=1 width=736)

table 7 : explain INSERT INTO sbtest7 (id, k, c, pad) VALUES (8530581, 13, 'foobar', 'foobar')
	Insert on sbtest7  (cost=0.00..0.01 rows=0 width=0)
	  ->  Result  (cost=0.00..0.01 rows=1 width=736)

table 8 : explain INSERT INTO sbtest8 (id, k, c, pad) VALUES (1070772, 13, 'foobar', 'foobar')
	Insert on sbtest8  (cost=0.00..0.01 rows=0 width=0)
	  ->  Result  (cost=0.00..0.01 rows=1 width=736)

for index_updates
table 1 : explain UPDATE sbtest1 SET k=k+1 WHERE id=2353133
	Update on sbtest1  (cost=0.43..8.46 rows=0 width=0)
	  ->  Index Scan using sbtest1_pkey on sbtest1  (cost=0.43..8.46 rows=1 width=10)
	        Index Cond: (id = 2353133)

table 2 : explain UPDATE sbtest2 SET k=k+1 WHERE id=545990
	Update on sbtest2  (cost=0.43..8.46 rows=0 width=0)
	  ->  Index Scan using sbtest2_pkey on sbtest2  (cost=0.43..8.46 rows=1 width=10)
	        Index Cond: (id = 545990)

table 3 : explain UPDATE sbtest3 SET k=k+1 WHERE id=751149
	Update on sbtest3  (cost=0.43..8.46 rows=0 width=0)
	  ->  Index Scan using sbtest3_pkey on sbtest3  (cost=0.43..8.46 rows=1 width=10)
	        Index Cond: (id = 751149)

table 4 : explain UPDATE sbtest4 SET k=k+1 WHERE id=9336486
	Update on sbtest4  (cost=0.43..8.46 rows=0 width=0)
	  ->  Index Scan using sbtest4_pkey on sbtest4  (cost=0.43..8.46 rows=1 width=10)
	        Index Cond: (id = 9336486)

table 5 : explain UPDATE sbtest5 SET k=k+1 WHERE id=2439024
	Update on sbtest5  (cost=0.43..8.46 rows=0 width=0)
	  ->  Index Scan using sbtest5_pkey on sbtest5  (cost=0.43..8.46 rows=1 width=10)
	        Index Cond: (id = 2439024)

table 6 : explain UPDATE sbtest6 SET k=k+1 WHERE id=4222957
	Update on sbtest6  (cost=0.43..8.46 rows=0 width=0)
	  ->  Index Scan using sbtest6_pkey on sbtest6  (cost=0.43..8.46 rows=1 width=10)
	        Index Cond: (id = 4222957)

table 7 : explain UPDATE sbtest7 SET k=k+1 WHERE id=1038014
	Update on sbtest7  (cost=0.43..8.46 rows=0 width=0)
	  ->  Index Scan using sbtest7_pkey on sbtest7  (cost=0.43..8.46 rows=1 width=10)
	        Index Cond: (id = 1038014)

table 8 : explain UPDATE sbtest8 SET k=k+1 WHERE id=6167561
	Update on sbtest8  (cost=0.43..8.46 rows=0 width=0)
	  ->  Index Scan using sbtest8_pkey on sbtest8  (cost=0.43..8.46 rows=1 width=10)
	        Index Cond: (id = 6167561)

explain: for non_index_updates :: explain UPDATE sbtest%u SET c='foobar' WHERE id=%u
explain: for non_index_updates :: explain UPDATE sbtest%u SET c='foobar' WHERE id=%u
for non_index_updates
table 1 : explain UPDATE sbtest1 SET c='foobar' WHERE id=2068940
	Update on sbtest1  (cost=0.43..8.45 rows=0 width=0)
	  ->  Index Scan using sbtest1_pkey on sbtest1  (cost=0.43..8.45 rows=1 width=490)
	        Index Cond: (id = 2068940)

table 2 : explain UPDATE sbtest2 SET c='foobar' WHERE id=2681084
	Update on sbtest2  (cost=0.43..8.45 rows=0 width=0)
	  ->  Index Scan using sbtest2_pkey on sbtest2  (cost=0.43..8.45 rows=1 width=490)
	        Index Cond: (id = 2681084)

table 3 : explain UPDATE sbtest3 SET c='foobar' WHERE id=5615999
	Update on sbtest3  (cost=0.43..8.45 rows=0 width=0)
	  ->  Index Scan using sbtest3_pkey on sbtest3  (cost=0.43..8.45 rows=1 width=490)
	        Index Cond: (id = 5615999)

table 4 : explain UPDATE sbtest4 SET c='foobar' WHERE id=2246173
	Update on sbtest4  (cost=0.43..8.45 rows=0 width=0)
	  ->  Index Scan using sbtest4_pkey on sbtest4  (cost=0.43..8.45 rows=1 width=490)
	        Index Cond: (id = 2246173)

table 5 : explain UPDATE sbtest5 SET c='foobar' WHERE id=2447552
	Update on sbtest5  (cost=0.43..8.45 rows=0 width=0)
	  ->  Index Scan using sbtest5_pkey on sbtest5  (cost=0.43..8.45 rows=1 width=490)
	        Index Cond: (id = 2447552)

table 6 : explain UPDATE sbtest6 SET c='foobar' WHERE id=1951730
	Update on sbtest6  (cost=0.43..8.45 rows=0 width=0)
	  ->  Index Scan using sbtest6_pkey on sbtest6  (cost=0.43..8.45 rows=1 width=490)
	        Index Cond: (id = 1951730)

table 7 : explain UPDATE sbtest7 SET c='foobar' WHERE id=5637442
	Update on sbtest7  (cost=0.43..8.45 rows=0 width=0)
	  ->  Index Scan using sbtest7_pkey on sbtest7  (cost=0.43..8.45 rows=1 width=490)
	        Index Cond: (id = 5637442)

table 8 : explain UPDATE sbtest8 SET c='foobar' WHERE id=8217443
	Update on sbtest8  (cost=0.43..8.45 rows=0 width=0)
	  ->  Index Scan using sbtest8_pkey on sbtest8  (cost=0.43..8.45 rows=1 width=490)
	        Index Cond: (id = 8217443)

for non_index_updates
table 1 : explain UPDATE sbtest1 SET c='foobar' WHERE id=7716423
	Update on sbtest1  (cost=0.43..8.45 rows=0 width=0)
	  ->  Index Scan using sbtest1_pkey on sbtest1  (cost=0.43..8.45 rows=1 width=490)
	        Index Cond: (id = 7716423)

table 2 : explain UPDATE sbtest2 SET c='foobar' WHERE id=4022054
	Update on sbtest2  (cost=0.43..8.45 rows=0 width=0)
	  ->  Index Scan using sbtest2_pkey on sbtest2  (cost=0.43..8.45 rows=1 width=490)
	        Index Cond: (id = 4022054)

table 3 : explain UPDATE sbtest3 SET c='foobar' WHERE id=3538252
	Update on sbtest3  (cost=0.43..8.45 rows=0 width=0)
	  ->  Index Scan using sbtest3_pkey on sbtest3  (cost=0.43..8.45 rows=1 width=490)
	        Index Cond: (id = 3538252)

table 4 : explain UPDATE sbtest4 SET c='foobar' WHERE id=5568349
	Update on sbtest4  (cost=0.43..8.45 rows=0 width=0)
	  ->  Index Scan using sbtest4_pkey on sbtest4  (cost=0.43..8.45 rows=1 width=490)
	        Index Cond: (id = 5568349)

table 5 : explain UPDATE sbtest5 SET c='foobar' WHERE id=1072746
	Update on sbtest5  (cost=0.43..8.45 rows=0 width=0)
	  ->  Index Scan using sbtest5_pkey on sbtest5  (cost=0.43..8.45 rows=1 width=490)
	        Index Cond: (id = 1072746)

table 6 : explain UPDATE sbtest6 SET c='foobar' WHERE id=936705
	Update on sbtest6  (cost=0.43..8.45 rows=0 width=0)
	  ->  Index Scan using sbtest6_pkey on sbtest6  (cost=0.43..8.45 rows=1 width=490)
	        Index Cond: (id = 936705)

table 7 : explain UPDATE sbtest7 SET c='foobar' WHERE id=9060592
	Update on sbtest7  (cost=0.43..8.45 rows=0 width=0)
	  ->  Index Scan using sbtest7_pkey on sbtest7  (cost=0.43..8.45 rows=1 width=490)
	        Index Cond: (id = 9060592)

table 8 : explain UPDATE sbtest8 SET c='foobar' WHERE id=6593396
	Update on sbtest8  (cost=0.43..8.45 rows=0 width=0)
	  ->  Index Scan using sbtest8_pkey on sbtest8  (cost=0.43..8.45 rows=1 width=490)
	        Index Cond: (id = 6593396)

explain: for deletes :: explain DELETE FROM sbtest%u WHERE id=%u
for deletes
table 1 : explain DELETE FROM sbtest1 WHERE id=1690161
	Delete on sbtest1  (cost=0.43..8.45 rows=0 width=0)
	  ->  Index Scan using sbtest1_pkey on sbtest1  (cost=0.43..8.45 rows=1 width=6)
	        Index Cond: (id = 1690161)

table 2 : explain DELETE FROM sbtest2 WHERE id=7349996
	Delete on sbtest2  (cost=0.43..8.45 rows=0 width=0)
	  ->  Index Scan using sbtest2_pkey on sbtest2  (cost=0.43..8.45 rows=1 width=6)
	        Index Cond: (id = 7349996)

table 3 : explain DELETE FROM sbtest3 WHERE id=6610876
	Delete on sbtest3  (cost=0.43..8.45 rows=0 width=0)
	  ->  Index Scan using sbtest3_pkey on sbtest3  (cost=0.43..8.45 rows=1 width=6)
	        Index Cond: (id = 6610876)

table 4 : explain DELETE FROM sbtest4 WHERE id=8265270
	Delete on sbtest4  (cost=0.43..8.45 rows=0 width=0)
	  ->  Index Scan using sbtest4_pkey on sbtest4  (cost=0.43..8.45 rows=1 width=6)
	        Index Cond: (id = 8265270)

table 5 : explain DELETE FROM sbtest5 WHERE id=450797
	Delete on sbtest5  (cost=0.43..8.45 rows=0 width=0)
	  ->  Index Scan using sbtest5_pkey on sbtest5  (cost=0.43..8.45 rows=1 width=6)
	        Index Cond: (id = 450797)

table 6 : explain DELETE FROM sbtest6 WHERE id=7343544
	Delete on sbtest6  (cost=0.43..8.45 rows=0 width=0)
	  ->  Index Scan using sbtest6_pkey on sbtest6  (cost=0.43..8.45 rows=1 width=6)
	        Index Cond: (id = 7343544)

table 7 : explain DELETE FROM sbtest7 WHERE id=2341836
	Delete on sbtest7  (cost=0.43..8.45 rows=0 width=0)
	  ->  Index Scan using sbtest7_pkey on sbtest7  (cost=0.43..8.45 rows=1 width=6)
	        Index Cond: (id = 2341836)

table 8 : explain DELETE FROM sbtest8 WHERE id=3197490
	Delete on sbtest8  (cost=0.43..8.45 rows=0 width=0)
	  ->  Index Scan using sbtest8_pkey on sbtest8  (cost=0.43..8.45 rows=1 width=6)
	        Index Cond: (id = 3197490)

explain: for deletes :: explain DELETE FROM sbtest%u WHERE id=%u
explain: for inserts :: explain INSERT INTO sbtest%u (id, k, c, pad) VALUES (%u, 13, 'foobar', 'foobar')
for deletes
table 1 : explain DELETE FROM sbtest1 WHERE id=4694268
	Delete on sbtest1  (cost=0.43..8.45 rows=0 width=0)
	  ->  Index Scan using sbtest1_pkey on sbtest1  (cost=0.43..8.45 rows=1 width=6)
	        Index Cond: (id = 4694268)

table 2 : explain DELETE FROM sbtest2 WHERE id=8086792
	Delete on sbtest2  (cost=0.43..8.45 rows=0 width=0)
	  ->  Index Scan using sbtest2_pkey on sbtest2  (cost=0.43..8.45 rows=1 width=6)
	        Index Cond: (id = 8086792)

table 3 : explain DELETE FROM sbtest3 WHERE id=2331150
	Delete on sbtest3  (cost=0.43..8.45 rows=0 width=0)
	  ->  Index Scan using sbtest3_pkey on sbtest3  (cost=0.43..8.45 rows=1 width=6)
	        Index Cond: (id = 2331150)

table 4 : explain DELETE FROM sbtest4 WHERE id=9774473
	Delete on sbtest4  (cost=0.43..8.45 rows=0 width=0)
	  ->  Index Scan using sbtest4_pkey on sbtest4  (cost=0.43..8.45 rows=1 width=6)
	        Index Cond: (id = 9774473)

table 5 : explain DELETE FROM sbtest5 WHERE id=5030652
	Delete on sbtest5  (cost=0.43..8.45 rows=0 width=0)
	  ->  Index Scan using sbtest5_pkey on sbtest5  (cost=0.43..8.45 rows=1 width=6)
	        Index Cond: (id = 5030652)

table 6 : explain DELETE FROM sbtest6 WHERE id=7858138
	Delete on sbtest6  (cost=0.43..8.45 rows=0 width=0)
	  ->  Index Scan using sbtest6_pkey on sbtest6  (cost=0.43..8.45 rows=1 width=6)
	        Index Cond: (id = 7858138)

table 7 : explain DELETE FROM sbtest7 WHERE id=3408103
	Delete on sbtest7  (cost=0.43..8.45 rows=0 width=0)
	  ->  Index Scan using sbtest7_pkey on sbtest7  (cost=0.43..8.45 rows=1 width=6)
	        Index Cond: (id = 3408103)

table 8 : explain DELETE FROM sbtest8 WHERE id=9843731
	Delete on sbtest8  (cost=0.43..8.45 rows=0 width=0)
	  ->  Index Scan using sbtest8_pkey on sbtest8  (cost=0.43..8.45 rows=1 width=6)
	        Index Cond: (id = 9843731)

for inserts
table 1 : explain INSERT INTO sbtest1 (id, k, c, pad) VALUES (5065402, 13, 'foobar', 'foobar')
	Insert on sbtest1  (cost=0.00..0.01 rows=0 width=0)
	  ->  Result  (cost=0.00..0.01 rows=1 width=736)

table 2 : explain INSERT INTO sbtest2 (id, k, c, pad) VALUES (5105085, 13, 'foobar', 'foobar')
	Insert on sbtest2  (cost=0.00..0.01 rows=0 width=0)
	  ->  Result  (cost=0.00..0.01 rows=1 width=736)

table 3 : explain INSERT INTO sbtest3 (id, k, c, pad) VALUES (9890959, 13, 'foobar', 'foobar')
	Insert on sbtest3  (cost=0.00..0.01 rows=0 width=0)
	  ->  Result  (cost=0.00..0.01 rows=1 width=736)

table 4 : explain INSERT INTO sbtest4 (id, k, c, pad) VALUES (5308793, 13, 'foobar', 'foobar')
	Insert on sbtest4  (cost=0.00..0.01 rows=0 width=0)
	  ->  Result  (cost=0.00..0.01 rows=1 width=736)

table 5 : explain INSERT INTO sbtest5 (id, k, c, pad) VALUES (6156340, 13, 'foobar', 'foobar')
	Insert on sbtest5  (cost=0.00..0.01 rows=0 width=0)
	  ->  Result  (cost=0.00..0.01 rows=1 width=736)

table 6 : explain INSERT INTO sbtest6 (id, k, c, pad) VALUES (2736503, 13, 'foobar', 'foobar')
	Insert on sbtest6  (cost=0.00..0.01 rows=0 width=0)
	  ->  Result  (cost=0.00..0.01 rows=1 width=736)

table 7 : explain INSERT INTO sbtest7 (id, k, c, pad) VALUES (8303191, 13, 'foobar', 'foobar')
	Insert on sbtest7  (cost=0.00..0.01 rows=0 width=0)
	  ->  Result  (cost=0.00..0.01 rows=1 width=736)

table 8 : explain INSERT INTO sbtest8 (id, k, c, pad) VALUES (8616337, 13, 'foobar', 'foobar')
	Insert on sbtest8  (cost=0.00..0.01 rows=0 width=0)
	  ->  Result  (cost=0.00..0.01 rows=1 width=736)

explain: for inserts :: explain INSERT INTO sbtest%u (id, k, c, pad) VALUES (%u, 13, 'foobar', 'foobar')
for inserts
table 1 : explain INSERT INTO sbtest1 (id, k, c, pad) VALUES (6820082, 13, 'foobar', 'foobar')
	Insert on sbtest1  (cost=0.00..0.01 rows=0 width=0)
	  ->  Result  (cost=0.00..0.01 rows=1 width=736)

table 2 : explain INSERT INTO sbtest2 (id, k, c, pad) VALUES (4897055, 13, 'foobar', 'foobar')
	Insert on sbtest2  (cost=0.00..0.01 rows=0 width=0)
	  ->  Result  (cost=0.00..0.01 rows=1 width=736)

table 3 : explain INSERT INTO sbtest3 (id, k, c, pad) VALUES (1309631, 13, 'foobar', 'foobar')
	Insert on sbtest3  (cost=0.00..0.01 rows=0 width=0)
	  ->  Result  (cost=0.00..0.01 rows=1 width=736)

table 4 : explain INSERT INTO sbtest4 (id, k, c, pad) VALUES (5212443, 13, 'foobar', 'foobar')
	Insert on sbtest4  (cost=0.00..0.01 rows=0 width=0)
	  ->  Result  (cost=0.00..0.01 rows=1 width=736)

table 5 : explain INSERT INTO sbtest5 (id, k, c, pad) VALUES (5348036, 13, 'foobar', 'foobar')
	Insert on sbtest5  (cost=0.00..0.01 rows=0 width=0)
	  ->  Result  (cost=0.00..0.01 rows=1 width=736)

table 6 : explain INSERT INTO sbtest6 (id, k, c, pad) VALUES (8764823, 13, 'foobar', 'foobar')
	Insert on sbtest6  (cost=0.00..0.01 rows=0 width=0)
	  ->  Result  (cost=0.00..0.01 rows=1 width=736)

table 7 : explain INSERT INTO sbtest7 (id, k, c, pad) VALUES (9848452, 13, 'foobar', 'foobar')
	Insert on sbtest7  (cost=0.00..0.01 rows=0 width=0)
	  ->  Result  (cost=0.00..0.01 rows=1 width=736)

table 8 : explain INSERT INTO sbtest8 (id, k, c, pad) VALUES (6005626, 13, 'foobar', 'foobar')
	Insert on sbtest8  (cost=0.00..0.01 rows=0 width=0)
	  ->  Result  (cost=0.00..0.01 rows=1 width=736)

Threads started!

Warming up for 5 seconds...

SQL statistics:
    queries performed:
        read:                            481819613
        write:                           137662834
        other:                           68831390
        total:                           688313837
    transactions:                        34415713 (37005.63 per sec.)
    queries:                             688313837 (740112.16 per sec.)
    ignored errors:                      0      (0.00 per sec.)
    reconnects:                          0      (0.00 per sec.)

Throughput:
    events/s (eps):                      37005.6309
    time elapsed:                        930.0130s
    total number of events:              34415713

Latency (ms):
         min:                                    0.87
         avg:                                    1.08
         max:                                   40.59
         95th percentile:                        1.37
         sum:                             37165119.35

Threads fairness:
    events (avg/stddev):           860392.4750/8470.42
    execution time (avg/stddev):   929.1280/0.01

