LUA_PATH=/home/mdcallag/git/mytools/bench/sysbench.lua/lua/?.lua /home/mdcallag/git/mytools/bench/sysbench.lua/lua/sysbench --db-driver=pgsql --range-size=100 --table-size=10000000 --tables=8 --threads=40 --events=0 --warmup-time=5 --time=630 --pgsql_conn_id=true /home/mdcallag/git/mytools/bench/sysbench.lua/lua/oltp_range_covered.lua run --pgsql-user=root --pgsql-password=pw --pgsql-host=127.0.0.1 --pgsql-db=ib --rand-type=uniform --random-points=100 --skip-trx --on-id=false --covered=false
48 CPUs
sysbench 1.1.0-9072687 (using bundled LuaJIT 2.1.0-beta3)

Running the test with following options:
Number of threads: 40
Warmup time: 5s
Initializing random number generator from current time


Initializing worker threads...

explain: for range-notcovered :: explain SELECT k, c FROM sbtest%d WHERE k BETWEEN 5766881 AND 5766981
explain: for range-notcovered :: explain SELECT k, c FROM sbtest%d WHERE k BETWEEN 910543 AND 910643
for range-notcovered
table 1 : explain SELECT k, c FROM sbtest1 WHERE k BETWEEN 910543 AND 910643
	Bitmap Heap Scan on sbtest1  (cost=5.51..420.88 rows=105 width=125)
	  Recheck Cond: ((k >= 910543) AND (k <= 910643))
	  ->  Bitmap Index Scan on k_1  (cost=0.00..5.48 rows=105 width=0)
	        Index Cond: ((k >= 910543) AND (k <= 910643))

table 2 : explain SELECT k, c FROM sbtest2 WHERE k BETWEEN 910543 AND 910643
	Bitmap Heap Scan on sbtest2  (cost=5.44..393.31 rows=98 width=125)
	  Recheck Cond: ((k >= 910543) AND (k <= 910643))
	  ->  Bitmap Index Scan on k_2  (cost=0.00..5.42 rows=98 width=0)
	        Index Cond: ((k >= 910543) AND (k <= 910643))

table 3 : explain SELECT k, c FROM sbtest3 WHERE k BETWEEN 910543 AND 910643
	Bitmap Heap Scan on sbtest3  (cost=5.47..405.13 rows=101 width=125)
	  Recheck Cond: ((k >= 910543) AND (k <= 910643))
	  ->  Bitmap Index Scan on k_3  (cost=0.00..5.44 rows=101 width=0)
	        Index Cond: ((k >= 910543) AND (k <= 910643))

table 4 : explain SELECT k, c FROM sbtest4 WHERE k BETWEEN 910543 AND 910643
	Bitmap Heap Scan on sbtest4  (cost=5.56..440.56 rows=110 width=125)
	  Recheck Cond: ((k >= 910543) AND (k <= 910643))
	  ->  Bitmap Index Scan on k_4  (cost=0.00..5.53 rows=110 width=0)
	        Index Cond: ((k >= 910543) AND (k <= 910643))

table 5 : explain SELECT k, c FROM sbtest5 WHERE k BETWEEN 910543 AND 910643
	Bitmap Heap Scan on sbtest5  (cost=5.48..409.07 rows=102 width=125)
	  Recheck Cond: ((k >= 910543) AND (k <= 910643))
	  ->  Bitmap Index Scan on k_5  (cost=0.00..5.45 rows=102 width=0)
	        Index Cond: ((k >= 910543) AND (k <= 910643))

table 6 : explain SELECT k, c FROM sbtest6 WHERE k BETWEEN 910543 AND 910643
	Bitmap Heap Scan on sbtest6  (cost=5.41..381.49 rows=95 width=125)
	  Recheck Cond: ((k >= 910543) AND (k <= 910643))
	  ->  Bitmap Index Scan on k_6  (cost=0.00..5.38 rows=95 width=0)
	        Index Cond: ((k >= 910543) AND (k <= 910643))

table 7 : explain SELECT k, c FROM sbtest7 WHERE k BETWEEN 910543 AND 910643
	Bitmap Heap Scan on sbtest7  (cost=5.48..409.07 rows=102 width=125)
	  Recheck Cond: ((k >= 910543) AND (k <= 910643))
	  ->  Bitmap Index Scan on k_7  (cost=0.00..5.45 rows=102 width=0)
	        Index Cond: ((k >= 910543) AND (k <= 910643))

table 8 : explain SELECT k, c FROM sbtest8 WHERE k BETWEEN 910543 AND 910643
	Bitmap Heap Scan on sbtest8  (cost=5.49..413.00 rows=103 width=125)
	  Recheck Cond: ((k >= 910543) AND (k <= 910643))
	  ->  Bitmap Index Scan on k_8  (cost=0.00..5.46 rows=103 width=0)
	        Index Cond: ((k >= 910543) AND (k <= 910643))

explain: for range-notcovered :: explain SELECT k, c FROM sbtest%d WHERE k BETWEEN 910543 AND 910643
for range-notcovered
table 1 : explain SELECT k, c FROM sbtest1 WHERE k BETWEEN 5766881 AND 5766981
	Bitmap Heap Scan on sbtest1  (cost=5.52..424.81 rows=106 width=125)
	  Recheck Cond: ((k >= 5766881) AND (k <= 5766981))
	  ->  Bitmap Index Scan on k_1  (cost=0.00..5.50 rows=106 width=0)
	        Index Cond: ((k >= 5766881) AND (k <= 5766981))

table 2 : explain SELECT k, c FROM sbtest2 WHERE k BETWEEN 5766881 AND 5766981
	Bitmap Heap Scan on sbtest2  (cost=5.45..397.25 rows=99 width=125)
	  Recheck Cond: ((k >= 5766881) AND (k <= 5766981))
	  ->  Bitmap Index Scan on k_2  (cost=0.00..5.42 rows=99 width=0)
	        Index Cond: ((k >= 5766881) AND (k <= 5766981))

table 3 : explain SELECT k, c FROM sbtest3 WHERE k BETWEEN 5766881 AND 5766981
	Bitmap Heap Scan on sbtest3  (cost=5.42..385.43 rows=96 width=125)
	  Recheck Cond: ((k >= 5766881) AND (k <= 5766981))
	  ->  Bitmap Index Scan on k_3  (cost=0.00..5.39 rows=96 width=0)
	        Index Cond: ((k >= 5766881) AND (k <= 5766981))

table 4 : explain SELECT k, c FROM sbtest4 WHERE k BETWEEN 5766881 AND 5766981
	Bitmap Heap Scan on sbtest4  (cost=5.41..381.49 rows=95 width=125)
	  Recheck Cond: ((k >= 5766881) AND (k <= 5766981))
	  ->  Bitmap Index Scan on k_4  (cost=0.00..5.38 rows=95 width=0)
	        Index Cond: ((k >= 5766881) AND (k <= 5766981))

table 5 : explain SELECT k, c FROM sbtest5 WHERE k BETWEEN 5766881 AND 5766981
	Bitmap Heap Scan on sbtest5  (cost=5.42..385.43 rows=96 width=125)
	  Recheck Cond: ((k >= 5766881) AND (k <= 5766981))
	  ->  Bitmap Index Scan on k_5  (cost=0.00..5.39 rows=96 width=0)
	        Index Cond: ((k >= 5766881) AND (k <= 5766981))

table 6 : explain SELECT k, c FROM sbtest6 WHERE k BETWEEN 5766881 AND 5766981
	Bitmap Heap Scan on sbtest6  (cost=5.44..393.31 rows=98 width=125)
	  Recheck Cond: ((k >= 5766881) AND (k <= 5766981))
	  ->  Bitmap Index Scan on k_6  (cost=0.00..5.42 rows=98 width=0)
	        Index Cond: ((k >= 5766881) AND (k <= 5766981))

table 7 : explain SELECT k, c FROM sbtest7 WHERE k BETWEEN 5766881 AND 5766981
	Bitmap Heap Scan on sbtest7  (cost=5.48..409.07 rows=102 width=125)
	  Recheck Cond: ((k >= 5766881) AND (k <= 5766981))
	  ->  Bitmap Index Scan on k_7  (cost=0.00..5.45 rows=102 width=0)
	        Index Cond: ((k >= 5766881) AND (k <= 5766981))

table 8 : explain SELECT k, c FROM sbtest8 WHERE k BETWEEN 5766881 AND 5766981
	Bitmap Heap Scan on sbtest8  (cost=5.45..397.25 rows=99 width=125)
	  Recheck Cond: ((k >= 5766881) AND (k <= 5766981))
	  ->  Bitmap Index Scan on k_8  (cost=0.00..5.42 rows=99 width=0)
	        Index Cond: ((k >= 5766881) AND (k <= 5766981))

explain: for range-notcovered :: explain SELECT k, c FROM sbtest%d WHERE k BETWEEN 5766881 AND 5766981
for range-notcovered
table 1 : explain SELECT k, c FROM sbtest1 WHERE k BETWEEN 910543 AND 910643
	Bitmap Heap Scan on sbtest1  (cost=5.51..420.88 rows=105 width=125)
	  Recheck Cond: ((k >= 910543) AND (k <= 910643))
	  ->  Bitmap Index Scan on k_1  (cost=0.00..5.48 rows=105 width=0)
	        Index Cond: ((k >= 910543) AND (k <= 910643))

table 2 : explain SELECT k, c FROM sbtest2 WHERE k BETWEEN 910543 AND 910643
	Bitmap Heap Scan on sbtest2  (cost=5.44..393.31 rows=98 width=125)
	  Recheck Cond: ((k >= 910543) AND (k <= 910643))
	  ->  Bitmap Index Scan on k_2  (cost=0.00..5.42 rows=98 width=0)
	        Index Cond: ((k >= 910543) AND (k <= 910643))

table 3 : explain SELECT k, c FROM sbtest3 WHERE k BETWEEN 910543 AND 910643
	Bitmap Heap Scan on sbtest3  (cost=5.47..405.13 rows=101 width=125)
	  Recheck Cond: ((k >= 910543) AND (k <= 910643))
	  ->  Bitmap Index Scan on k_3  (cost=0.00..5.44 rows=101 width=0)
	        Index Cond: ((k >= 910543) AND (k <= 910643))

table 4 : explain SELECT k, c FROM sbtest4 WHERE k BETWEEN 910543 AND 910643
	Bitmap Heap Scan on sbtest4  (cost=5.56..440.56 rows=110 width=125)
	  Recheck Cond: ((k >= 910543) AND (k <= 910643))
	  ->  Bitmap Index Scan on k_4  (cost=0.00..5.53 rows=110 width=0)
	        Index Cond: ((k >= 910543) AND (k <= 910643))

table 5 : explain SELECT k, c FROM sbtest5 WHERE k BETWEEN 910543 AND 910643
	Bitmap Heap Scan on sbtest5  (cost=5.48..409.07 rows=102 width=125)
	  Recheck Cond: ((k >= 910543) AND (k <= 910643))
	  ->  Bitmap Index Scan on k_5  (cost=0.00..5.45 rows=102 width=0)
	        Index Cond: ((k >= 910543) AND (k <= 910643))

table 6 : explain SELECT k, c FROM sbtest6 WHERE k BETWEEN 910543 AND 910643
	Bitmap Heap Scan on sbtest6  (cost=5.41..381.49 rows=95 width=125)
	  Recheck Cond: ((k >= 910543) AND (k <= 910643))
	  ->  Bitmap Index Scan on k_6  (cost=0.00..5.38 rows=95 width=0)
	        Index Cond: ((k >= 910543) AND (k <= 910643))

table 7 : explain SELECT k, c FROM sbtest7 WHERE k BETWEEN 910543 AND 910643
	Bitmap Heap Scan on sbtest7  (cost=5.48..409.07 rows=102 width=125)
	  Recheck Cond: ((k >= 910543) AND (k <= 910643))
	  ->  Bitmap Index Scan on k_7  (cost=0.00..5.45 rows=102 width=0)
	        Index Cond: ((k >= 910543) AND (k <= 910643))

table 8 : explain SELECT k, c FROM sbtest8 WHERE k BETWEEN 910543 AND 910643
	Bitmap Heap Scan on sbtest8  (cost=5.49..413.00 rows=103 width=125)
	  Recheck Cond: ((k >= 910543) AND (k <= 910643))
	  ->  Bitmap Index Scan on k_8  (cost=0.00..5.46 rows=103 width=0)
	        Index Cond: ((k >= 910543) AND (k <= 910643))

explain: for range-notcovered :: explain SELECT k, c FROM sbtest%d WHERE k BETWEEN 910543 AND 910643
explain: for range-notcovered :: explain SELECT k, c FROM sbtest%d WHERE k BETWEEN 2035383 AND 2035483
for range-notcovered
table 1 : explain SELECT k, c FROM sbtest1 WHERE k BETWEEN 910543 AND 910643
	Bitmap Heap Scan on sbtest1  (cost=5.51..420.88 rows=105 width=125)
	  Recheck Cond: ((k >= 910543) AND (k <= 910643))
	  ->  Bitmap Index Scan on k_1  (cost=0.00..5.48 rows=105 width=0)
	        Index Cond: ((k >= 910543) AND (k <= 910643))

table 2 : explain SELECT k, c FROM sbtest2 WHERE k BETWEEN 910543 AND 910643
	Bitmap Heap Scan on sbtest2  (cost=5.44..393.31 rows=98 width=125)
	  Recheck Cond: ((k >= 910543) AND (k <= 910643))
	  ->  Bitmap Index Scan on k_2  (cost=0.00..5.42 rows=98 width=0)
	        Index Cond: ((k >= 910543) AND (k <= 910643))

table 3 : explain SELECT k, c FROM sbtest3 WHERE k BETWEEN 910543 AND 910643
	Bitmap Heap Scan on sbtest3  (cost=5.47..405.13 rows=101 width=125)
	  Recheck Cond: ((k >= 910543) AND (k <= 910643))
	  ->  Bitmap Index Scan on k_3  (cost=0.00..5.44 rows=101 width=0)
	        Index Cond: ((k >= 910543) AND (k <= 910643))

table 4 : explain SELECT k, c FROM sbtest4 WHERE k BETWEEN 910543 AND 910643
	Bitmap Heap Scan on sbtest4  (cost=5.56..440.56 rows=110 width=125)
	  Recheck Cond: ((k >= 910543) AND (k <= 910643))
	  ->  Bitmap Index Scan on k_4  (cost=0.00..5.53 rows=110 width=0)
	        Index Cond: ((k >= 910543) AND (k <= 910643))

table 5 : explain SELECT k, c FROM sbtest5 WHERE k BETWEEN 910543 AND 910643
	Bitmap Heap Scan on sbtest5  (cost=5.48..409.07 rows=102 width=125)
	  Recheck Cond: ((k >= 910543) AND (k <= 910643))
	  ->  Bitmap Index Scan on k_5  (cost=0.00..5.45 rows=102 width=0)
	        Index Cond: ((k >= 910543) AND (k <= 910643))

table 6 : explain SELECT k, c FROM sbtest6 WHERE k BETWEEN 910543 AND 910643
	Bitmap Heap Scan on sbtest6  (cost=5.41..381.49 rows=95 width=125)
	  Recheck Cond: ((k >= 910543) AND (k <= 910643))
	  ->  Bitmap Index Scan on k_6  (cost=0.00..5.38 rows=95 width=0)
	        Index Cond: ((k >= 910543) AND (k <= 910643))

table 7 : explain SELECT k, c FROM sbtest7 WHERE k BETWEEN 910543 AND 910643
	Bitmap Heap Scan on sbtest7  (cost=5.48..409.07 rows=102 width=125)
	  Recheck Cond: ((k >= 910543) AND (k <= 910643))
	  ->  Bitmap Index Scan on k_7  (cost=0.00..5.45 rows=102 width=0)
	        Index Cond: ((k >= 910543) AND (k <= 910643))

table 8 : explain SELECT k, c FROM sbtest8 WHERE k BETWEEN 910543 AND 910643
	Bitmap Heap Scan on sbtest8  (cost=5.49..413.00 rows=103 width=125)
	  Recheck Cond: ((k >= 910543) AND (k <= 910643))
	  ->  Bitmap Index Scan on k_8  (cost=0.00..5.46 rows=103 width=0)
	        Index Cond: ((k >= 910543) AND (k <= 910643))

explain: for range-notcovered :: explain SELECT k, c FROM sbtest%d WHERE k BETWEEN 910543 AND 910643
for range-notcovered
table 1 : explain SELECT k, c FROM sbtest1 WHERE k BETWEEN 910543 AND 910643
	Bitmap Heap Scan on sbtest1  (cost=5.51..420.88 rows=105 width=125)
	  Recheck Cond: ((k >= 910543) AND (k <= 910643))
	  ->  Bitmap Index Scan on k_1  (cost=0.00..5.48 rows=105 width=0)
	        Index Cond: ((k >= 910543) AND (k <= 910643))

table 2 : explain SELECT k, c FROM sbtest2 WHERE k BETWEEN 910543 AND 910643
	Bitmap Heap Scan on sbtest2  (cost=5.44..393.31 rows=98 width=125)
	  Recheck Cond: ((k >= 910543) AND (k <= 910643))
	  ->  Bitmap Index Scan on k_2  (cost=0.00..5.42 rows=98 width=0)
	        Index Cond: ((k >= 910543) AND (k <= 910643))

table 3 : explain SELECT k, c FROM sbtest3 WHERE k BETWEEN 910543 AND 910643
	Bitmap Heap Scan on sbtest3  (cost=5.47..405.13 rows=101 width=125)
	  Recheck Cond: ((k >= 910543) AND (k <= 910643))
	  ->  Bitmap Index Scan on k_3  (cost=0.00..5.44 rows=101 width=0)
	        Index Cond: ((k >= 910543) AND (k <= 910643))

table 4 : explain SELECT k, c FROM sbtest4 WHERE k BETWEEN 910543 AND 910643
	Bitmap Heap Scan on sbtest4  (cost=5.56..440.56 rows=110 width=125)
	  Recheck Cond: ((k >= 910543) AND (k <= 910643))
	  ->  Bitmap Index Scan on k_4  (cost=0.00..5.53 rows=110 width=0)
	        Index Cond: ((k >= 910543) AND (k <= 910643))

table 5 : explain SELECT k, c FROM sbtest5 WHERE k BETWEEN 910543 AND 910643
	Bitmap Heap Scan on sbtest5  (cost=5.48..409.07 rows=102 width=125)
	  Recheck Cond: ((k >= 910543) AND (k <= 910643))
	  ->  Bitmap Index Scan on k_5  (cost=0.00..5.45 rows=102 width=0)
	        Index Cond: ((k >= 910543) AND (k <= 910643))

table 6 : explain SELECT k, c FROM sbtest6 WHERE k BETWEEN 910543 AND 910643
	Bitmap Heap Scan on sbtest6  (cost=5.41..381.49 rows=95 width=125)
	  Recheck Cond: ((k >= 910543) AND (k <= 910643))
	  ->  Bitmap Index Scan on k_6  (cost=0.00..5.38 rows=95 width=0)
	        Index Cond: ((k >= 910543) AND (k <= 910643))

table 7 : explain SELECT k, c FROM sbtest7 WHERE k BETWEEN 910543 AND 910643
	Bitmap Heap Scan on sbtest7  (cost=5.48..409.07 rows=102 width=125)
	  Recheck Cond: ((k >= 910543) AND (k <= 910643))
	  ->  Bitmap Index Scan on k_7  (cost=0.00..5.45 rows=102 width=0)
	        Index Cond: ((k >= 910543) AND (k <= 910643))

table 8 : explain SELECT k, c FROM sbtest8 WHERE k BETWEEN 910543 AND 910643
	Bitmap Heap Scan on sbtest8  (cost=5.49..413.00 rows=103 width=125)
	  Recheck Cond: ((k >= 910543) AND (k <= 910643))
	  ->  Bitmap Index Scan on k_8  (cost=0.00..5.46 rows=103 width=0)
	        Index Cond: ((k >= 910543) AND (k <= 910643))

explain: for range-notcovered :: explain SELECT k, c FROM sbtest%d WHERE k BETWEEN 910543 AND 910643
for range-notcovered
table 1 : explain SELECT k, c FROM sbtest1 WHERE k BETWEEN 910543 AND 910643
	Bitmap Heap Scan on sbtest1  (cost=5.51..420.88 rows=105 width=125)
	  Recheck Cond: ((k >= 910543) AND (k <= 910643))
	  ->  Bitmap Index Scan on k_1  (cost=0.00..5.48 rows=105 width=0)
	        Index Cond: ((k >= 910543) AND (k <= 910643))

table 2 : explain SELECT k, c FROM sbtest2 WHERE k BETWEEN 910543 AND 910643
	Bitmap Heap Scan on sbtest2  (cost=5.44..393.31 rows=98 width=125)
	  Recheck Cond: ((k >= 910543) AND (k <= 910643))
	  ->  Bitmap Index Scan on k_2  (cost=0.00..5.42 rows=98 width=0)
	        Index Cond: ((k >= 910543) AND (k <= 910643))

table 3 : explain SELECT k, c FROM sbtest3 WHERE k BETWEEN 910543 AND 910643
	Bitmap Heap Scan on sbtest3  (cost=5.47..405.13 rows=101 width=125)
	  Recheck Cond: ((k >= 910543) AND (k <= 910643))
	  ->  Bitmap Index Scan on k_3  (cost=0.00..5.44 rows=101 width=0)
	        Index Cond: ((k >= 910543) AND (k <= 910643))

table 4 : explain SELECT k, c FROM sbtest4 WHERE k BETWEEN 910543 AND 910643
	Bitmap Heap Scan on sbtest4  (cost=5.56..440.56 rows=110 width=125)
	  Recheck Cond: ((k >= 910543) AND (k <= 910643))
	  ->  Bitmap Index Scan on k_4  (cost=0.00..5.53 rows=110 width=0)
	        Index Cond: ((k >= 910543) AND (k <= 910643))

table 5 : explain SELECT k, c FROM sbtest5 WHERE k BETWEEN 910543 AND 910643
	Bitmap Heap Scan on sbtest5  (cost=5.48..409.07 rows=102 width=125)
	  Recheck Cond: ((k >= 910543) AND (k <= 910643))
	  ->  Bitmap Index Scan on k_5  (cost=0.00..5.45 rows=102 width=0)
	        Index Cond: ((k >= 910543) AND (k <= 910643))

table 6 : explain SELECT k, c FROM sbtest6 WHERE k BETWEEN 910543 AND 910643
	Bitmap Heap Scan on sbtest6  (cost=5.41..381.49 rows=95 width=125)
	  Recheck Cond: ((k >= 910543) AND (k <= 910643))
	  ->  Bitmap Index Scan on k_6  (cost=0.00..5.38 rows=95 width=0)
	        Index Cond: ((k >= 910543) AND (k <= 910643))

table 7 : explain SELECT k, c FROM sbtest7 WHERE k BETWEEN 910543 AND 910643
	Bitmap Heap Scan on sbtest7  (cost=5.48..409.07 rows=102 width=125)
	  Recheck Cond: ((k >= 910543) AND (k <= 910643))
	  ->  Bitmap Index Scan on k_7  (cost=0.00..5.45 rows=102 width=0)
	        Index Cond: ((k >= 910543) AND (k <= 910643))

table 8 : explain SELECT k, c FROM sbtest8 WHERE k BETWEEN 910543 AND 910643
	Bitmap Heap Scan on sbtest8  (cost=5.49..413.00 rows=103 width=125)
	  Recheck Cond: ((k >= 910543) AND (k <= 910643))
	  ->  Bitmap Index Scan on k_8  (cost=0.00..5.46 rows=103 width=0)
	        Index Cond: ((k >= 910543) AND (k <= 910643))

explain: for range-notcovered :: explain SELECT k, c FROM sbtest%d WHERE k BETWEEN 910543 AND 910643
for range-notcovered
table 1 : explain SELECT k, c FROM sbtest1 WHERE k BETWEEN 910543 AND 910643
	Bitmap Heap Scan on sbtest1  (cost=5.51..420.88 rows=105 width=125)
	  Recheck Cond: ((k >= 910543) AND (k <= 910643))
	  ->  Bitmap Index Scan on k_1  (cost=0.00..5.48 rows=105 width=0)
	        Index Cond: ((k >= 910543) AND (k <= 910643))

table 2 : explain SELECT k, c FROM sbtest2 WHERE k BETWEEN 910543 AND 910643
	Bitmap Heap Scan on sbtest2  (cost=5.44..393.31 rows=98 width=125)
	  Recheck Cond: ((k >= 910543) AND (k <= 910643))
	  ->  Bitmap Index Scan on k_2  (cost=0.00..5.42 rows=98 width=0)
	        Index Cond: ((k >= 910543) AND (k <= 910643))

table 3 : explain SELECT k, c FROM sbtest3 WHERE k BETWEEN 910543 AND 910643
	Bitmap Heap Scan on sbtest3  (cost=5.47..405.13 rows=101 width=125)
	  Recheck Cond: ((k >= 910543) AND (k <= 910643))
	  ->  Bitmap Index Scan on k_3  (cost=0.00..5.44 rows=101 width=0)
	        Index Cond: ((k >= 910543) AND (k <= 910643))

table 4 : explain SELECT k, c FROM sbtest4 WHERE k BETWEEN 910543 AND 910643
	Bitmap Heap Scan on sbtest4  (cost=5.56..440.56 rows=110 width=125)
	  Recheck Cond: ((k >= 910543) AND (k <= 910643))
	  ->  Bitmap Index Scan on k_4  (cost=0.00..5.53 rows=110 width=0)
	        Index Cond: ((k >= 910543) AND (k <= 910643))

table 5 : explain SELECT k, c FROM sbtest5 WHERE k BETWEEN 910543 AND 910643
	Bitmap Heap Scan on sbtest5  (cost=5.48..409.07 rows=102 width=125)
	  Recheck Cond: ((k >= 910543) AND (k <= 910643))
	  ->  Bitmap Index Scan on k_5  (cost=0.00..5.45 rows=102 width=0)
	        Index Cond: ((k >= 910543) AND (k <= 910643))

table 6 : explain SELECT k, c FROM sbtest6 WHERE k BETWEEN 910543 AND 910643
	Bitmap Heap Scan on sbtest6  (cost=5.41..381.49 rows=95 width=125)
	  Recheck Cond: ((k >= 910543) AND (k <= 910643))
	  ->  Bitmap Index Scan on k_6  (cost=0.00..5.38 rows=95 width=0)
	        Index Cond: ((k >= 910543) AND (k <= 910643))

table 7 : explain SELECT k, c FROM sbtest7 WHERE k BETWEEN 910543 AND 910643
	Bitmap Heap Scan on sbtest7  (cost=5.48..409.07 rows=102 width=125)
	  Recheck Cond: ((k >= 910543) AND (k <= 910643))
	  ->  Bitmap Index Scan on k_7  (cost=0.00..5.45 rows=102 width=0)
	        Index Cond: ((k >= 910543) AND (k <= 910643))

table 8 : explain SELECT k, c FROM sbtest8 WHERE k BETWEEN 910543 AND 910643
	Bitmap Heap Scan on sbtest8  (cost=5.49..413.00 rows=103 width=125)
	  Recheck Cond: ((k >= 910543) AND (k <= 910643))
	  ->  Bitmap Index Scan on k_8  (cost=0.00..5.46 rows=103 width=0)
	        Index Cond: ((k >= 910543) AND (k <= 910643))

explain: for range-notcovered :: explain SELECT k, c FROM sbtest%d WHERE k BETWEEN 523301 AND 523401
explain: for range-notcovered :: explain SELECT k, c FROM sbtest%d WHERE k BETWEEN 910543 AND 910643
for range-notcovered
table 1 : explain SELECT k, c FROM sbtest1 WHERE k BETWEEN 5766881 AND 5766981
	Bitmap Heap Scan on sbtest1  (cost=5.52..424.81 rows=106 width=125)
	  Recheck Cond: ((k >= 5766881) AND (k <= 5766981))
	  ->  Bitmap Index Scan on k_1  (cost=0.00..5.50 rows=106 width=0)
	        Index Cond: ((k >= 5766881) AND (k <= 5766981))

table 2 : explain SELECT k, c FROM sbtest2 WHERE k BETWEEN 5766881 AND 5766981
	Bitmap Heap Scan on sbtest2  (cost=5.45..397.25 rows=99 width=125)
	  Recheck Cond: ((k >= 5766881) AND (k <= 5766981))
	  ->  Bitmap Index Scan on k_2  (cost=0.00..5.42 rows=99 width=0)
	        Index Cond: ((k >= 5766881) AND (k <= 5766981))

table 3 : explain SELECT k, c FROM sbtest3 WHERE k BETWEEN 5766881 AND 5766981
	Bitmap Heap Scan on sbtest3  (cost=5.42..385.43 rows=96 width=125)
	  Recheck Cond: ((k >= 5766881) AND (k <= 5766981))
	  ->  Bitmap Index Scan on k_3  (cost=0.00..5.39 rows=96 width=0)
	        Index Cond: ((k >= 5766881) AND (k <= 5766981))

table 4 : explain SELECT k, c FROM sbtest4 WHERE k BETWEEN 5766881 AND 5766981
	Bitmap Heap Scan on sbtest4  (cost=5.41..381.49 rows=95 width=125)
	  Recheck Cond: ((k >= 5766881) AND (k <= 5766981))
	  ->  Bitmap Index Scan on k_4  (cost=0.00..5.38 rows=95 width=0)
	        Index Cond: ((k >= 5766881) AND (k <= 5766981))

table 5 : explain SELECT k, c FROM sbtest5 WHERE k BETWEEN 5766881 AND 5766981
	Bitmap Heap Scan on sbtest5  (cost=5.42..385.43 rows=96 width=125)
	  Recheck Cond: ((k >= 5766881) AND (k <= 5766981))
	  ->  Bitmap Index Scan on k_5  (cost=0.00..5.39 rows=96 width=0)
	        Index Cond: ((k >= 5766881) AND (k <= 5766981))

table 6 : explain SELECT k, c FROM sbtest6 WHERE k BETWEEN 5766881 AND 5766981
	Bitmap Heap Scan on sbtest6  (cost=5.44..393.31 rows=98 width=125)
	  Recheck Cond: ((k >= 5766881) AND (k <= 5766981))
	  ->  Bitmap Index Scan on k_6  (cost=0.00..5.42 rows=98 width=0)
	        Index Cond: ((k >= 5766881) AND (k <= 5766981))

table 7 : explain SELECT k, c FROM sbtest7 WHERE k BETWEEN 5766881 AND 5766981
	Bitmap Heap Scan on sbtest7  (cost=5.48..409.07 rows=102 width=125)
	  Recheck Cond: ((k >= 5766881) AND (k <= 5766981))
	  ->  Bitmap Index Scan on k_7  (cost=0.00..5.45 rows=102 width=0)
	        Index Cond: ((k >= 5766881) AND (k <= 5766981))

table 8 : explain SELECT k, c FROM sbtest8 WHERE k BETWEEN 5766881 AND 5766981
	Bitmap Heap Scan on sbtest8  (cost=5.45..397.25 rows=99 width=125)
	  Recheck Cond: ((k >= 5766881) AND (k <= 5766981))
	  ->  Bitmap Index Scan on k_8  (cost=0.00..5.42 rows=99 width=0)
	        Index Cond: ((k >= 5766881) AND (k <= 5766981))

explain: for range-notcovered :: explain SELECT k, c FROM sbtest%d WHERE k BETWEEN 5766881 AND 5766981
explain: for range-notcovered :: explain SELECT k, c FROM sbtest%d WHERE k BETWEEN 2944005 AND 2944105
explain: for range-notcovered :: explain SELECT k, c FROM sbtest%d WHERE k BETWEEN 8712035 AND 8712135
for range-notcovered
table 1 : explain SELECT k, c FROM sbtest1 WHERE k BETWEEN 5766881 AND 5766981
	Bitmap Heap Scan on sbtest1  (cost=5.52..424.81 rows=106 width=125)
	  Recheck Cond: ((k >= 5766881) AND (k <= 5766981))
	  ->  Bitmap Index Scan on k_1  (cost=0.00..5.50 rows=106 width=0)
	        Index Cond: ((k >= 5766881) AND (k <= 5766981))

table 2 : explain SELECT k, c FROM sbtest2 WHERE k BETWEEN 5766881 AND 5766981
	Bitmap Heap Scan on sbtest2  (cost=5.45..397.25 rows=99 width=125)
	  Recheck Cond: ((k >= 5766881) AND (k <= 5766981))
	  ->  Bitmap Index Scan on k_2  (cost=0.00..5.42 rows=99 width=0)
	        Index Cond: ((k >= 5766881) AND (k <= 5766981))

table 3 : explain SELECT k, c FROM sbtest3 WHERE k BETWEEN 5766881 AND 5766981
	Bitmap Heap Scan on sbtest3  (cost=5.42..385.43 rows=96 width=125)
	  Recheck Cond: ((k >= 5766881) AND (k <= 5766981))
	  ->  Bitmap Index Scan on k_3  (cost=0.00..5.39 rows=96 width=0)
	        Index Cond: ((k >= 5766881) AND (k <= 5766981))

table 4 : explain SELECT k, c FROM sbtest4 WHERE k BETWEEN 5766881 AND 5766981
	Bitmap Heap Scan on sbtest4  (cost=5.41..381.49 rows=95 width=125)
	  Recheck Cond: ((k >= 5766881) AND (k <= 5766981))
	  ->  Bitmap Index Scan on k_4  (cost=0.00..5.38 rows=95 width=0)
	        Index Cond: ((k >= 5766881) AND (k <= 5766981))

table 5 : explain SELECT k, c FROM sbtest5 WHERE k BETWEEN 5766881 AND 5766981
	Bitmap Heap Scan on sbtest5  (cost=5.42..385.43 rows=96 width=125)
	  Recheck Cond: ((k >= 5766881) AND (k <= 5766981))
	  ->  Bitmap Index Scan on k_5  (cost=0.00..5.39 rows=96 width=0)
	        Index Cond: ((k >= 5766881) AND (k <= 5766981))

table 6 : explain SELECT k, c FROM sbtest6 WHERE k BETWEEN 5766881 AND 5766981
	Bitmap Heap Scan on sbtest6  (cost=5.44..393.31 rows=98 width=125)
	  Recheck Cond: ((k >= 5766881) AND (k <= 5766981))
	  ->  Bitmap Index Scan on k_6  (cost=0.00..5.42 rows=98 width=0)
	        Index Cond: ((k >= 5766881) AND (k <= 5766981))

table 7 : explain SELECT k, c FROM sbtest7 WHERE k BETWEEN 5766881 AND 5766981
	Bitmap Heap Scan on sbtest7  (cost=5.48..409.07 rows=102 width=125)
	  Recheck Cond: ((k >= 5766881) AND (k <= 5766981))
	  ->  Bitmap Index Scan on k_7  (cost=0.00..5.45 rows=102 width=0)
	        Index Cond: ((k >= 5766881) AND (k <= 5766981))

table 8 : explain SELECT k, c FROM sbtest8 WHERE k BETWEEN 5766881 AND 5766981
	Bitmap Heap Scan on sbtest8  (cost=5.45..397.25 rows=99 width=125)
	  Recheck Cond: ((k >= 5766881) AND (k <= 5766981))
	  ->  Bitmap Index Scan on k_8  (cost=0.00..5.42 rows=99 width=0)
	        Index Cond: ((k >= 5766881) AND (k <= 5766981))

explain: for range-notcovered :: explain SELECT k, c FROM sbtest%d WHERE k BETWEEN 5766881 AND 5766981
for range-notcovered
table 1 : explain SELECT k, c FROM sbtest1 WHERE k BETWEEN 910543 AND 910643
	Bitmap Heap Scan on sbtest1  (cost=5.51..420.88 rows=105 width=125)
	  Recheck Cond: ((k >= 910543) AND (k <= 910643))
	  ->  Bitmap Index Scan on k_1  (cost=0.00..5.48 rows=105 width=0)
	        Index Cond: ((k >= 910543) AND (k <= 910643))

table 2 : explain SELECT k, c FROM sbtest2 WHERE k BETWEEN 910543 AND 910643
	Bitmap Heap Scan on sbtest2  (cost=5.44..393.31 rows=98 width=125)
	  Recheck Cond: ((k >= 910543) AND (k <= 910643))
	  ->  Bitmap Index Scan on k_2  (cost=0.00..5.42 rows=98 width=0)
	        Index Cond: ((k >= 910543) AND (k <= 910643))

table 3 : explain SELECT k, c FROM sbtest3 WHERE k BETWEEN 910543 AND 910643
	Bitmap Heap Scan on sbtest3  (cost=5.47..405.13 rows=101 width=125)
	  Recheck Cond: ((k >= 910543) AND (k <= 910643))
	  ->  Bitmap Index Scan on k_3  (cost=0.00..5.44 rows=101 width=0)
	        Index Cond: ((k >= 910543) AND (k <= 910643))

table 4 : explain SELECT k, c FROM sbtest4 WHERE k BETWEEN 910543 AND 910643
	Bitmap Heap Scan on sbtest4  (cost=5.56..440.56 rows=110 width=125)
	  Recheck Cond: ((k >= 910543) AND (k <= 910643))
	  ->  Bitmap Index Scan on k_4  (cost=0.00..5.53 rows=110 width=0)
	        Index Cond: ((k >= 910543) AND (k <= 910643))

table 5 : explain SELECT k, c FROM sbtest5 WHERE k BETWEEN 910543 AND 910643
	Bitmap Heap Scan on sbtest5  (cost=5.48..409.07 rows=102 width=125)
	  Recheck Cond: ((k >= 910543) AND (k <= 910643))
	  ->  Bitmap Index Scan on k_5  (cost=0.00..5.45 rows=102 width=0)
	        Index Cond: ((k >= 910543) AND (k <= 910643))

table 6 : explain SELECT k, c FROM sbtest6 WHERE k BETWEEN 910543 AND 910643
	Bitmap Heap Scan on sbtest6  (cost=5.41..381.49 rows=95 width=125)
	  Recheck Cond: ((k >= 910543) AND (k <= 910643))
	  ->  Bitmap Index Scan on k_6  (cost=0.00..5.38 rows=95 width=0)
	        Index Cond: ((k >= 910543) AND (k <= 910643))

table 7 : explain SELECT k, c FROM sbtest7 WHERE k BETWEEN 910543 AND 910643
	Bitmap Heap Scan on sbtest7  (cost=5.48..409.07 rows=102 width=125)
	  Recheck Cond: ((k >= 910543) AND (k <= 910643))
	  ->  Bitmap Index Scan on k_7  (cost=0.00..5.45 rows=102 width=0)
	        Index Cond: ((k >= 910543) AND (k <= 910643))

table 8 : explain SELECT k, c FROM sbtest8 WHERE k BETWEEN 910543 AND 910643
	Bitmap Heap Scan on sbtest8  (cost=5.49..413.00 rows=103 width=125)
	  Recheck Cond: ((k >= 910543) AND (k <= 910643))
	  ->  Bitmap Index Scan on k_8  (cost=0.00..5.46 rows=103 width=0)
	        Index Cond: ((k >= 910543) AND (k <= 910643))

explain: for range-notcovered :: explain SELECT k, c FROM sbtest%d WHERE k BETWEEN 910543 AND 910643
for range-notcovered
table 1 : explain SELECT k, c FROM sbtest1 WHERE k BETWEEN 910543 AND 910643
	Bitmap Heap Scan on sbtest1  (cost=5.51..420.88 rows=105 width=125)
	  Recheck Cond: ((k >= 910543) AND (k <= 910643))
	  ->  Bitmap Index Scan on k_1  (cost=0.00..5.48 rows=105 width=0)
	        Index Cond: ((k >= 910543) AND (k <= 910643))

table 2 : explain SELECT k, c FROM sbtest2 WHERE k BETWEEN 910543 AND 910643
	Bitmap Heap Scan on sbtest2  (cost=5.44..393.31 rows=98 width=125)
	  Recheck Cond: ((k >= 910543) AND (k <= 910643))
	  ->  Bitmap Index Scan on k_2  (cost=0.00..5.42 rows=98 width=0)
	        Index Cond: ((k >= 910543) AND (k <= 910643))

table 3 : explain SELECT k, c FROM sbtest3 WHERE k BETWEEN 910543 AND 910643
	Bitmap Heap Scan on sbtest3  (cost=5.47..405.13 rows=101 width=125)
	  Recheck Cond: ((k >= 910543) AND (k <= 910643))
	  ->  Bitmap Index Scan on k_3  (cost=0.00..5.44 rows=101 width=0)
	        Index Cond: ((k >= 910543) AND (k <= 910643))

table 4 : explain SELECT k, c FROM sbtest4 WHERE k BETWEEN 910543 AND 910643
	Bitmap Heap Scan on sbtest4  (cost=5.56..440.56 rows=110 width=125)
	  Recheck Cond: ((k >= 910543) AND (k <= 910643))
	  ->  Bitmap Index Scan on k_4  (cost=0.00..5.53 rows=110 width=0)
	        Index Cond: ((k >= 910543) AND (k <= 910643))

table 5 : explain SELECT k, c FROM sbtest5 WHERE k BETWEEN 910543 AND 910643
	Bitmap Heap Scan on sbtest5  (cost=5.48..409.07 rows=102 width=125)
	  Recheck Cond: ((k >= 910543) AND (k <= 910643))
	  ->  Bitmap Index Scan on k_5  (cost=0.00..5.45 rows=102 width=0)
	        Index Cond: ((k >= 910543) AND (k <= 910643))

table 6 : explain SELECT k, c FROM sbtest6 WHERE k BETWEEN 910543 AND 910643
	Bitmap Heap Scan on sbtest6  (cost=5.41..381.49 rows=95 width=125)
	  Recheck Cond: ((k >= 910543) AND (k <= 910643))
	  ->  Bitmap Index Scan on k_6  (cost=0.00..5.38 rows=95 width=0)
	        Index Cond: ((k >= 910543) AND (k <= 910643))

table 7 : explain SELECT k, c FROM sbtest7 WHERE k BETWEEN 910543 AND 910643
	Bitmap Heap Scan on sbtest7  (cost=5.48..409.07 rows=102 width=125)
	  Recheck Cond: ((k >= 910543) AND (k <= 910643))
	  ->  Bitmap Index Scan on k_7  (cost=0.00..5.45 rows=102 width=0)
	        Index Cond: ((k >= 910543) AND (k <= 910643))

table 8 : explain SELECT k, c FROM sbtest8 WHERE k BETWEEN 910543 AND 910643
	Bitmap Heap Scan on sbtest8  (cost=5.49..413.00 rows=103 width=125)
	  Recheck Cond: ((k >= 910543) AND (k <= 910643))
	  ->  Bitmap Index Scan on k_8  (cost=0.00..5.46 rows=103 width=0)
	        Index Cond: ((k >= 910543) AND (k <= 910643))

explain: for range-notcovered :: explain SELECT k, c FROM sbtest%d WHERE k BETWEEN 874898 AND 874998
for range-notcovered
table 1 : explain SELECT k, c FROM sbtest1 WHERE k BETWEEN 5766881 AND 5766981
	Bitmap Heap Scan on sbtest1  (cost=5.52..424.81 rows=106 width=125)
	  Recheck Cond: ((k >= 5766881) AND (k <= 5766981))
	  ->  Bitmap Index Scan on k_1  (cost=0.00..5.50 rows=106 width=0)
	        Index Cond: ((k >= 5766881) AND (k <= 5766981))

table 2 : explain SELECT k, c FROM sbtest2 WHERE k BETWEEN 5766881 AND 5766981
	Bitmap Heap Scan on sbtest2  (cost=5.45..397.25 rows=99 width=125)
	  Recheck Cond: ((k >= 5766881) AND (k <= 5766981))
	  ->  Bitmap Index Scan on k_2  (cost=0.00..5.42 rows=99 width=0)
	        Index Cond: ((k >= 5766881) AND (k <= 5766981))

table 3 : explain SELECT k, c FROM sbtest3 WHERE k BETWEEN 5766881 AND 5766981
	Bitmap Heap Scan on sbtest3  (cost=5.42..385.43 rows=96 width=125)
	  Recheck Cond: ((k >= 5766881) AND (k <= 5766981))
	  ->  Bitmap Index Scan on k_3  (cost=0.00..5.39 rows=96 width=0)
	        Index Cond: ((k >= 5766881) AND (k <= 5766981))

table 4 : explain SELECT k, c FROM sbtest4 WHERE k BETWEEN 5766881 AND 5766981
	Bitmap Heap Scan on sbtest4  (cost=5.41..381.49 rows=95 width=125)
	  Recheck Cond: ((k >= 5766881) AND (k <= 5766981))
	  ->  Bitmap Index Scan on k_4  (cost=0.00..5.38 rows=95 width=0)
	        Index Cond: ((k >= 5766881) AND (k <= 5766981))

table 5 : explain SELECT k, c FROM sbtest5 WHERE k BETWEEN 5766881 AND 5766981
	Bitmap Heap Scan on sbtest5  (cost=5.42..385.43 rows=96 width=125)
	  Recheck Cond: ((k >= 5766881) AND (k <= 5766981))
	  ->  Bitmap Index Scan on k_5  (cost=0.00..5.39 rows=96 width=0)
	        Index Cond: ((k >= 5766881) AND (k <= 5766981))

table 6 : explain SELECT k, c FROM sbtest6 WHERE k BETWEEN 5766881 AND 5766981
	Bitmap Heap Scan on sbtest6  (cost=5.44..393.31 rows=98 width=125)
	  Recheck Cond: ((k >= 5766881) AND (k <= 5766981))
	  ->  Bitmap Index Scan on k_6  (cost=0.00..5.42 rows=98 width=0)
	        Index Cond: ((k >= 5766881) AND (k <= 5766981))

table 7 : explain SELECT k, c FROM sbtest7 WHERE k BETWEEN 5766881 AND 5766981
	Bitmap Heap Scan on sbtest7  (cost=5.48..409.07 rows=102 width=125)
	  Recheck Cond: ((k >= 5766881) AND (k <= 5766981))
	  ->  Bitmap Index Scan on k_7  (cost=0.00..5.45 rows=102 width=0)
	        Index Cond: ((k >= 5766881) AND (k <= 5766981))

table 8 : explain SELECT k, c FROM sbtest8 WHERE k BETWEEN 5766881 AND 5766981
	Bitmap Heap Scan on sbtest8  (cost=5.45..397.25 rows=99 width=125)
	  Recheck Cond: ((k >= 5766881) AND (k <= 5766981))
	  ->  Bitmap Index Scan on k_8  (cost=0.00..5.42 rows=99 width=0)
	        Index Cond: ((k >= 5766881) AND (k <= 5766981))

explain: for range-notcovered :: explain SELECT k, c FROM sbtest%d WHERE k BETWEEN 5766881 AND 5766981
for range-notcovered
table 1 : explain SELECT k, c FROM sbtest1 WHERE k BETWEEN 5766881 AND 5766981
	Bitmap Heap Scan on sbtest1  (cost=5.52..424.81 rows=106 width=125)
	  Recheck Cond: ((k >= 5766881) AND (k <= 5766981))
	  ->  Bitmap Index Scan on k_1  (cost=0.00..5.50 rows=106 width=0)
	        Index Cond: ((k >= 5766881) AND (k <= 5766981))

table 2 : explain SELECT k, c FROM sbtest2 WHERE k BETWEEN 5766881 AND 5766981
	Bitmap Heap Scan on sbtest2  (cost=5.45..397.25 rows=99 width=125)
	  Recheck Cond: ((k >= 5766881) AND (k <= 5766981))
	  ->  Bitmap Index Scan on k_2  (cost=0.00..5.42 rows=99 width=0)
	        Index Cond: ((k >= 5766881) AND (k <= 5766981))

table 3 : explain SELECT k, c FROM sbtest3 WHERE k BETWEEN 5766881 AND 5766981
	Bitmap Heap Scan on sbtest3  (cost=5.42..385.43 rows=96 width=125)
	  Recheck Cond: ((k >= 5766881) AND (k <= 5766981))
	  ->  Bitmap Index Scan on k_3  (cost=0.00..5.39 rows=96 width=0)
	        Index Cond: ((k >= 5766881) AND (k <= 5766981))

table 4 : explain SELECT k, c FROM sbtest4 WHERE k BETWEEN 5766881 AND 5766981
	Bitmap Heap Scan on sbtest4  (cost=5.41..381.49 rows=95 width=125)
	  Recheck Cond: ((k >= 5766881) AND (k <= 5766981))
	  ->  Bitmap Index Scan on k_4  (cost=0.00..5.38 rows=95 width=0)
	        Index Cond: ((k >= 5766881) AND (k <= 5766981))

table 5 : explain SELECT k, c FROM sbtest5 WHERE k BETWEEN 5766881 AND 5766981
	Bitmap Heap Scan on sbtest5  (cost=5.42..385.43 rows=96 width=125)
	  Recheck Cond: ((k >= 5766881) AND (k <= 5766981))
	  ->  Bitmap Index Scan on k_5  (cost=0.00..5.39 rows=96 width=0)
	        Index Cond: ((k >= 5766881) AND (k <= 5766981))

table 6 : explain SELECT k, c FROM sbtest6 WHERE k BETWEEN 5766881 AND 5766981
	Bitmap Heap Scan on sbtest6  (cost=5.44..393.31 rows=98 width=125)
	  Recheck Cond: ((k >= 5766881) AND (k <= 5766981))
	  ->  Bitmap Index Scan on k_6  (cost=0.00..5.42 rows=98 width=0)
	        Index Cond: ((k >= 5766881) AND (k <= 5766981))

table 7 : explain SELECT k, c FROM sbtest7 WHERE k BETWEEN 5766881 AND 5766981
	Bitmap Heap Scan on sbtest7  (cost=5.48..409.07 rows=102 width=125)
	  Recheck Cond: ((k >= 5766881) AND (k <= 5766981))
	  ->  Bitmap Index Scan on k_7  (cost=0.00..5.45 rows=102 width=0)
	        Index Cond: ((k >= 5766881) AND (k <= 5766981))

table 8 : explain SELECT k, c FROM sbtest8 WHERE k BETWEEN 5766881 AND 5766981
	Bitmap Heap Scan on sbtest8  (cost=5.45..397.25 rows=99 width=125)
	  Recheck Cond: ((k >= 5766881) AND (k <= 5766981))
	  ->  Bitmap Index Scan on k_8  (cost=0.00..5.42 rows=99 width=0)
	        Index Cond: ((k >= 5766881) AND (k <= 5766981))

explain: for range-notcovered :: explain SELECT k, c FROM sbtest%d WHERE k BETWEEN 5766881 AND 5766981
for range-notcovered
table 1 : explain SELECT k, c FROM sbtest1 WHERE k BETWEEN 2035383 AND 2035483
	Bitmap Heap Scan on sbtest1  (cost=5.46..401.19 rows=100 width=125)
	  Recheck Cond: ((k >= 2035383) AND (k <= 2035483))
	  ->  Bitmap Index Scan on k_1  (cost=0.00..5.43 rows=100 width=0)
	        Index Cond: ((k >= 2035383) AND (k <= 2035483))

table 2 : explain SELECT k, c FROM sbtest2 WHERE k BETWEEN 2035383 AND 2035483
	Bitmap Heap Scan on sbtest2  (cost=5.46..401.19 rows=100 width=125)
	  Recheck Cond: ((k >= 2035383) AND (k <= 2035483))
	  ->  Bitmap Index Scan on k_2  (cost=0.00..5.43 rows=100 width=0)
	        Index Cond: ((k >= 2035383) AND (k <= 2035483))

table 3 : explain SELECT k, c FROM sbtest3 WHERE k BETWEEN 2035383 AND 2035483
	Bitmap Heap Scan on sbtest3  (cost=5.45..397.25 rows=99 width=125)
	  Recheck Cond: ((k >= 2035383) AND (k <= 2035483))
	  ->  Bitmap Index Scan on k_3  (cost=0.00..5.42 rows=99 width=0)
	        Index Cond: ((k >= 2035383) AND (k <= 2035483))

table 4 : explain SELECT k, c FROM sbtest4 WHERE k BETWEEN 2035383 AND 2035483
	Bitmap Heap Scan on sbtest4  (cost=5.55..436.62 rows=109 width=125)
	  Recheck Cond: ((k >= 2035383) AND (k <= 2035483))
	  ->  Bitmap Index Scan on k_4  (cost=0.00..5.52 rows=109 width=0)
	        Index Cond: ((k >= 2035383) AND (k <= 2035483))

table 5 : explain SELECT k, c FROM sbtest5 WHERE k BETWEEN 2035383 AND 2035483
	Bitmap Heap Scan on sbtest5  (cost=5.48..409.07 rows=102 width=125)
	  Recheck Cond: ((k >= 2035383) AND (k <= 2035483))
	  ->  Bitmap Index Scan on k_5  (cost=0.00..5.45 rows=102 width=0)
	        Index Cond: ((k >= 2035383) AND (k <= 2035483))

table 6 : explain SELECT k, c FROM sbtest6 WHERE k BETWEEN 2035383 AND 2035483
	Bitmap Heap Scan on sbtest6  (cost=5.46..401.19 rows=100 width=125)
	  Recheck Cond: ((k >= 2035383) AND (k <= 2035483))
	  ->  Bitmap Index Scan on k_6  (cost=0.00..5.43 rows=100 width=0)
	        Index Cond: ((k >= 2035383) AND (k <= 2035483))

table 7 : explain SELECT k, c FROM sbtest7 WHERE k BETWEEN 2035383 AND 2035483
	Bitmap Heap Scan on sbtest7  (cost=5.49..413.00 rows=103 width=125)
	  Recheck Cond: ((k >= 2035383) AND (k <= 2035483))
	  ->  Bitmap Index Scan on k_7  (cost=0.00..5.46 rows=103 width=0)
	        Index Cond: ((k >= 2035383) AND (k <= 2035483))

table 8 : explain SELECT k, c FROM sbtest8 WHERE k BETWEEN 2035383 AND 2035483
	Bitmap Heap Scan on sbtest8  (cost=5.48..409.07 rows=102 width=125)
	  Recheck Cond: ((k >= 2035383) AND (k <= 2035483))
	  ->  Bitmap Index Scan on k_8  (cost=0.00..5.45 rows=102 width=0)
	        Index Cond: ((k >= 2035383) AND (k <= 2035483))

explain: for range-notcovered :: explain SELECT k, c FROM sbtest%d WHERE k BETWEEN 2035383 AND 2035483
for range-notcovered
table 1 : explain SELECT k, c FROM sbtest1 WHERE k BETWEEN 5766881 AND 5766981
	Bitmap Heap Scan on sbtest1  (cost=5.52..424.81 rows=106 width=125)
	  Recheck Cond: ((k >= 5766881) AND (k <= 5766981))
	  ->  Bitmap Index Scan on k_1  (cost=0.00..5.50 rows=106 width=0)
	        Index Cond: ((k >= 5766881) AND (k <= 5766981))

table 2 : explain SELECT k, c FROM sbtest2 WHERE k BETWEEN 5766881 AND 5766981
	Bitmap Heap Scan on sbtest2  (cost=5.45..397.25 rows=99 width=125)
	  Recheck Cond: ((k >= 5766881) AND (k <= 5766981))
	  ->  Bitmap Index Scan on k_2  (cost=0.00..5.42 rows=99 width=0)
	        Index Cond: ((k >= 5766881) AND (k <= 5766981))

table 3 : explain SELECT k, c FROM sbtest3 WHERE k BETWEEN 5766881 AND 5766981
	Bitmap Heap Scan on sbtest3  (cost=5.42..385.43 rows=96 width=125)
	  Recheck Cond: ((k >= 5766881) AND (k <= 5766981))
	  ->  Bitmap Index Scan on k_3  (cost=0.00..5.39 rows=96 width=0)
	        Index Cond: ((k >= 5766881) AND (k <= 5766981))

table 4 : explain SELECT k, c FROM sbtest4 WHERE k BETWEEN 5766881 AND 5766981
	Bitmap Heap Scan on sbtest4  (cost=5.41..381.49 rows=95 width=125)
	  Recheck Cond: ((k >= 5766881) AND (k <= 5766981))
	  ->  Bitmap Index Scan on k_4  (cost=0.00..5.38 rows=95 width=0)
	        Index Cond: ((k >= 5766881) AND (k <= 5766981))

table 5 : explain SELECT k, c FROM sbtest5 WHERE k BETWEEN 5766881 AND 5766981
	Bitmap Heap Scan on sbtest5  (cost=5.42..385.43 rows=96 width=125)
	  Recheck Cond: ((k >= 5766881) AND (k <= 5766981))
	  ->  Bitmap Index Scan on k_5  (cost=0.00..5.39 rows=96 width=0)
	        Index Cond: ((k >= 5766881) AND (k <= 5766981))

table 6 : explain SELECT k, c FROM sbtest6 WHERE k BETWEEN 5766881 AND 5766981
	Bitmap Heap Scan on sbtest6  (cost=5.44..393.31 rows=98 width=125)
	  Recheck Cond: ((k >= 5766881) AND (k <= 5766981))
	  ->  Bitmap Index Scan on k_6  (cost=0.00..5.42 rows=98 width=0)
	        Index Cond: ((k >= 5766881) AND (k <= 5766981))

table 7 : explain SELECT k, c FROM sbtest7 WHERE k BETWEEN 5766881 AND 5766981
	Bitmap Heap Scan on sbtest7  (cost=5.48..409.07 rows=102 width=125)
	  Recheck Cond: ((k >= 5766881) AND (k <= 5766981))
	  ->  Bitmap Index Scan on k_7  (cost=0.00..5.45 rows=102 width=0)
	        Index Cond: ((k >= 5766881) AND (k <= 5766981))

table 8 : explain SELECT k, c FROM sbtest8 WHERE k BETWEEN 5766881 AND 5766981
	Bitmap Heap Scan on sbtest8  (cost=5.45..397.25 rows=99 width=125)
	  Recheck Cond: ((k >= 5766881) AND (k <= 5766981))
	  ->  Bitmap Index Scan on k_8  (cost=0.00..5.42 rows=99 width=0)
	        Index Cond: ((k >= 5766881) AND (k <= 5766981))

for range-notcovered
table 1 : explain SELECT k, c FROM sbtest1 WHERE k BETWEEN 523301 AND 523401
	Bitmap Heap Scan on sbtest1  (cost=5.52..424.81 rows=106 width=125)
	  Recheck Cond: ((k >= 523301) AND (k <= 523401))
	  ->  Bitmap Index Scan on k_1  (cost=0.00..5.50 rows=106 width=0)
	        Index Cond: ((k >= 523301) AND (k <= 523401))

table 2 : explain SELECT k, c FROM sbtest2 WHERE k BETWEEN 523301 AND 523401
	Bitmap Heap Scan on sbtest2  (cost=5.47..405.13 rows=101 width=125)
	  Recheck Cond: ((k >= 523301) AND (k <= 523401))
	  ->  Bitmap Index Scan on k_2  (cost=0.00..5.44 rows=101 width=0)
	        Index Cond: ((k >= 523301) AND (k <= 523401))

table 3 : explain SELECT k, c FROM sbtest3 WHERE k BETWEEN 523301 AND 523401
	Bitmap Heap Scan on sbtest3  (cost=5.54..432.69 rows=108 width=125)
	  Recheck Cond: ((k >= 523301) AND (k <= 523401))
	  ->  Bitmap Index Scan on k_3  (cost=0.00..5.51 rows=108 width=0)
	        Index Cond: ((k >= 523301) AND (k <= 523401))

table 4 : explain SELECT k, c FROM sbtest4 WHERE k BETWEEN 523301 AND 523401
	Bitmap Heap Scan on sbtest4  (cost=5.50..416.94 rows=104 width=125)
	  Recheck Cond: ((k >= 523301) AND (k <= 523401))
	  ->  Bitmap Index Scan on k_4  (cost=0.00..5.47 rows=104 width=0)
	        Index Cond: ((k >= 523301) AND (k <= 523401))

table 5 : explain SELECT k, c FROM sbtest5 WHERE k BETWEEN 523301 AND 523401
	Bitmap Heap Scan on sbtest5  (cost=5.43..389.37 rows=97 width=125)
	  Recheck Cond: ((k >= 523301) AND (k <= 523401))
	  ->  Bitmap Index Scan on k_5  (cost=0.00..5.40 rows=97 width=0)
	        Index Cond: ((k >= 523301) AND (k <= 523401))

table 6 : explain SELECT k, c FROM sbtest6 WHERE k BETWEEN 523301 AND 523401
	Bitmap Heap Scan on sbtest6  (cost=5.40..377.55 rows=94 width=125)
	  Recheck Cond: ((k >= 523301) AND (k <= 523401))
	  ->  Bitmap Index Scan on k_6  (cost=0.00..5.38 rows=94 width=0)
	        Index Cond: ((k >= 523301) AND (k <= 523401))

table 7 : explain SELECT k, c FROM sbtest7 WHERE k BETWEEN 523301 AND 523401
	Bitmap Heap Scan on sbtest7  (cost=5.40..377.55 rows=94 width=125)
	  Recheck Cond: ((k >= 523301) AND (k <= 523401))
	  ->  Bitmap Index Scan on k_7  (cost=0.00..5.38 rows=94 width=0)
	        Index Cond: ((k >= 523301) AND (k <= 523401))

table 8 : explain SELECT k, c FROM sbtest8 WHERE k BETWEEN 523301 AND 523401
	Bitmap Heap Scan on sbtest8  (cost=5.50..416.94 rows=104 width=125)
	  Recheck Cond: ((k >= 523301) AND (k <= 523401))
	  ->  Bitmap Index Scan on k_8  (cost=0.00..5.47 rows=104 width=0)
	        Index Cond: ((k >= 523301) AND (k <= 523401))

for range-notcovered
table 1 : explain SELECT k, c FROM sbtest1 WHERE k BETWEEN 2035383 AND 2035483
	Bitmap Heap Scan on sbtest1  (cost=5.46..401.19 rows=100 width=125)
	  Recheck Cond: ((k >= 2035383) AND (k <= 2035483))
	  ->  Bitmap Index Scan on k_1  (cost=0.00..5.43 rows=100 width=0)
	        Index Cond: ((k >= 2035383) AND (k <= 2035483))

table 2 : explain SELECT k, c FROM sbtest2 WHERE k BETWEEN 2035383 AND 2035483
	Bitmap Heap Scan on sbtest2  (cost=5.46..401.19 rows=100 width=125)
	  Recheck Cond: ((k >= 2035383) AND (k <= 2035483))
	  ->  Bitmap Index Scan on k_2  (cost=0.00..5.43 rows=100 width=0)
	        Index Cond: ((k >= 2035383) AND (k <= 2035483))

table 3 : explain SELECT k, c FROM sbtest3 WHERE k BETWEEN 2035383 AND 2035483
	Bitmap Heap Scan on sbtest3  (cost=5.45..397.25 rows=99 width=125)
	  Recheck Cond: ((k >= 2035383) AND (k <= 2035483))
	  ->  Bitmap Index Scan on k_3  (cost=0.00..5.42 rows=99 width=0)
	        Index Cond: ((k >= 2035383) AND (k <= 2035483))

table 4 : explain SELECT k, c FROM sbtest4 WHERE k BETWEEN 2035383 AND 2035483
	Bitmap Heap Scan on sbtest4  (cost=5.55..436.62 rows=109 width=125)
	  Recheck Cond: ((k >= 2035383) AND (k <= 2035483))
	  ->  Bitmap Index Scan on k_4  (cost=0.00..5.52 rows=109 width=0)
	        Index Cond: ((k >= 2035383) AND (k <= 2035483))

table 5 : explain SELECT k, c FROM sbtest5 WHERE k BETWEEN 2035383 AND 2035483
	Bitmap Heap Scan on sbtest5  (cost=5.48..409.07 rows=102 width=125)
	  Recheck Cond: ((k >= 2035383) AND (k <= 2035483))
	  ->  Bitmap Index Scan on k_5  (cost=0.00..5.45 rows=102 width=0)
	        Index Cond: ((k >= 2035383) AND (k <= 2035483))

table 6 : explain SELECT k, c FROM sbtest6 WHERE k BETWEEN 2035383 AND 2035483
	Bitmap Heap Scan on sbtest6  (cost=5.46..401.19 rows=100 width=125)
	  Recheck Cond: ((k >= 2035383) AND (k <= 2035483))
	  ->  Bitmap Index Scan on k_6  (cost=0.00..5.43 rows=100 width=0)
	        Index Cond: ((k >= 2035383) AND (k <= 2035483))

table 7 : explain SELECT k, c FROM sbtest7 WHERE k BETWEEN 2035383 AND 2035483
	Bitmap Heap Scan on sbtest7  (cost=5.49..413.00 rows=103 width=125)
	  Recheck Cond: ((k >= 2035383) AND (k <= 2035483))
	  ->  Bitmap Index Scan on k_7  (cost=0.00..5.46 rows=103 width=0)
	        Index Cond: ((k >= 2035383) AND (k <= 2035483))

table 8 : explain SELECT k, c FROM sbtest8 WHERE k BETWEEN 2035383 AND 2035483
	Bitmap Heap Scan on sbtest8  (cost=5.48..409.07 rows=102 width=125)
	  Recheck Cond: ((k >= 2035383) AND (k <= 2035483))
	  ->  Bitmap Index Scan on k_8  (cost=0.00..5.45 rows=102 width=0)
	        Index Cond: ((k >= 2035383) AND (k <= 2035483))

explain: for range-notcovered :: explain SELECT k, c FROM sbtest%d WHERE k BETWEEN 523301 AND 523401
explain: for range-notcovered :: explain SELECT k, c FROM sbtest%d WHERE k BETWEEN 2035383 AND 2035483
for range-notcovered
table 1 : explain SELECT k, c FROM sbtest1 WHERE k BETWEEN 2944005 AND 2944105
	Bitmap Heap Scan on sbtest1  (cost=5.47..405.13 rows=101 width=125)
	  Recheck Cond: ((k >= 2944005) AND (k <= 2944105))
	  ->  Bitmap Index Scan on k_1  (cost=0.00..5.44 rows=101 width=0)
	        Index Cond: ((k >= 2944005) AND (k <= 2944105))

table 2 : explain SELECT k, c FROM sbtest2 WHERE k BETWEEN 2944005 AND 2944105
	Bitmap Heap Scan on sbtest2  (cost=5.49..413.00 rows=103 width=125)
	  Recheck Cond: ((k >= 2944005) AND (k <= 2944105))
	  ->  Bitmap Index Scan on k_2  (cost=0.00..5.46 rows=103 width=0)
	        Index Cond: ((k >= 2944005) AND (k <= 2944105))

table 3 : explain SELECT k, c FROM sbtest3 WHERE k BETWEEN 2944005 AND 2944105
	Bitmap Heap Scan on sbtest3  (cost=5.55..436.62 rows=109 width=125)
	  Recheck Cond: ((k >= 2944005) AND (k <= 2944105))
	  ->  Bitmap Index Scan on k_3  (cost=0.00..5.52 rows=109 width=0)
	        Index Cond: ((k >= 2944005) AND (k <= 2944105))

table 4 : explain SELECT k, c FROM sbtest4 WHERE k BETWEEN 2944005 AND 2944105
	Bitmap Heap Scan on sbtest4  (cost=5.60..456.29 rows=114 width=125)
	  Recheck Cond: ((k >= 2944005) AND (k <= 2944105))
	  ->  Bitmap Index Scan on k_4  (cost=0.00..5.58 rows=114 width=0)
	        Index Cond: ((k >= 2944005) AND (k <= 2944105))

table 5 : explain SELECT k, c FROM sbtest5 WHERE k BETWEEN 2944005 AND 2944105
	Bitmap Heap Scan on sbtest5  (cost=5.44..393.31 rows=98 width=125)
	  Recheck Cond: ((k >= 2944005) AND (k <= 2944105))
	  ->  Bitmap Index Scan on k_5  (cost=0.00..5.42 rows=98 width=0)
	        Index Cond: ((k >= 2944005) AND (k <= 2944105))

table 6 : explain SELECT k, c FROM sbtest6 WHERE k BETWEEN 2944005 AND 2944105
	Bitmap Heap Scan on sbtest6  (cost=5.52..424.81 rows=106 width=125)
	  Recheck Cond: ((k >= 2944005) AND (k <= 2944105))
	  ->  Bitmap Index Scan on k_6  (cost=0.00..5.50 rows=106 width=0)
	        Index Cond: ((k >= 2944005) AND (k <= 2944105))

table 7 : explain SELECT k, c FROM sbtest7 WHERE k BETWEEN 2944005 AND 2944105
	Bitmap Heap Scan on sbtest7  (cost=5.50..416.94 rows=104 width=125)
	  Recheck Cond: ((k >= 2944005) AND (k <= 2944105))
	  ->  Bitmap Index Scan on k_7  (cost=0.00..5.47 rows=104 width=0)
	        Index Cond: ((k >= 2944005) AND (k <= 2944105))

table 8 : explain SELECT k, c FROM sbtest8 WHERE k BETWEEN 2944005 AND 2944105
	Bitmap Heap Scan on sbtest8  (cost=5.54..432.69 rows=108 width=125)
	  Recheck Cond: ((k >= 2944005) AND (k <= 2944105))
	  ->  Bitmap Index Scan on k_8  (cost=0.00..5.51 rows=108 width=0)
	        Index Cond: ((k >= 2944005) AND (k <= 2944105))

explain: for range-notcovered :: explain SELECT k, c FROM sbtest%d WHERE k BETWEEN 2944005 AND 2944105
for range-notcovered
table 1 : explain SELECT k, c FROM sbtest1 WHERE k BETWEEN 523301 AND 523401
	Bitmap Heap Scan on sbtest1  (cost=5.52..424.81 rows=106 width=125)
	  Recheck Cond: ((k >= 523301) AND (k <= 523401))
	  ->  Bitmap Index Scan on k_1  (cost=0.00..5.50 rows=106 width=0)
	        Index Cond: ((k >= 523301) AND (k <= 523401))

table 2 : explain SELECT k, c FROM sbtest2 WHERE k BETWEEN 523301 AND 523401
	Bitmap Heap Scan on sbtest2  (cost=5.47..405.13 rows=101 width=125)
	  Recheck Cond: ((k >= 523301) AND (k <= 523401))
	  ->  Bitmap Index Scan on k_2  (cost=0.00..5.44 rows=101 width=0)
	        Index Cond: ((k >= 523301) AND (k <= 523401))

table 3 : explain SELECT k, c FROM sbtest3 WHERE k BETWEEN 523301 AND 523401
	Bitmap Heap Scan on sbtest3  (cost=5.54..432.69 rows=108 width=125)
	  Recheck Cond: ((k >= 523301) AND (k <= 523401))
	  ->  Bitmap Index Scan on k_3  (cost=0.00..5.51 rows=108 width=0)
	        Index Cond: ((k >= 523301) AND (k <= 523401))

table 4 : explain SELECT k, c FROM sbtest4 WHERE k BETWEEN 523301 AND 523401
	Bitmap Heap Scan on sbtest4  (cost=5.50..416.94 rows=104 width=125)
	  Recheck Cond: ((k >= 523301) AND (k <= 523401))
	  ->  Bitmap Index Scan on k_4  (cost=0.00..5.47 rows=104 width=0)
	        Index Cond: ((k >= 523301) AND (k <= 523401))

table 5 : explain SELECT k, c FROM sbtest5 WHERE k BETWEEN 523301 AND 523401
	Bitmap Heap Scan on sbtest5  (cost=5.43..389.37 rows=97 width=125)
	  Recheck Cond: ((k >= 523301) AND (k <= 523401))
	  ->  Bitmap Index Scan on k_5  (cost=0.00..5.40 rows=97 width=0)
	        Index Cond: ((k >= 523301) AND (k <= 523401))

table 6 : explain SELECT k, c FROM sbtest6 WHERE k BETWEEN 523301 AND 523401
	Bitmap Heap Scan on sbtest6  (cost=5.40..377.55 rows=94 width=125)
	  Recheck Cond: ((k >= 523301) AND (k <= 523401))
	  ->  Bitmap Index Scan on k_6  (cost=0.00..5.38 rows=94 width=0)
	        Index Cond: ((k >= 523301) AND (k <= 523401))

table 7 : explain SELECT k, c FROM sbtest7 WHERE k BETWEEN 523301 AND 523401
	Bitmap Heap Scan on sbtest7  (cost=5.40..377.55 rows=94 width=125)
	  Recheck Cond: ((k >= 523301) AND (k <= 523401))
	  ->  Bitmap Index Scan on k_7  (cost=0.00..5.38 rows=94 width=0)
	        Index Cond: ((k >= 523301) AND (k <= 523401))

table 8 : explain SELECT k, c FROM sbtest8 WHERE k BETWEEN 523301 AND 523401
	Bitmap Heap Scan on sbtest8  (cost=5.50..416.94 rows=104 width=125)
	  Recheck Cond: ((k >= 523301) AND (k <= 523401))
	  ->  Bitmap Index Scan on k_8  (cost=0.00..5.47 rows=104 width=0)
	        Index Cond: ((k >= 523301) AND (k <= 523401))

for range-notcovered
table 1 : explain SELECT k, c FROM sbtest1 WHERE k BETWEEN 2035383 AND 2035483
	Bitmap Heap Scan on sbtest1  (cost=5.46..401.19 rows=100 width=125)
	  Recheck Cond: ((k >= 2035383) AND (k <= 2035483))
	  ->  Bitmap Index Scan on k_1  (cost=0.00..5.43 rows=100 width=0)
	        Index Cond: ((k >= 2035383) AND (k <= 2035483))

table 2 : explain SELECT k, c FROM sbtest2 WHERE k BETWEEN 2035383 AND 2035483
	Bitmap Heap Scan on sbtest2  (cost=5.46..401.19 rows=100 width=125)
	  Recheck Cond: ((k >= 2035383) AND (k <= 2035483))
	  ->  Bitmap Index Scan on k_2  (cost=0.00..5.43 rows=100 width=0)
	        Index Cond: ((k >= 2035383) AND (k <= 2035483))

table 3 : explain SELECT k, c FROM sbtest3 WHERE k BETWEEN 2035383 AND 2035483
	Bitmap Heap Scan on sbtest3  (cost=5.45..397.25 rows=99 width=125)
	  Recheck Cond: ((k >= 2035383) AND (k <= 2035483))
	  ->  Bitmap Index Scan on k_3  (cost=0.00..5.42 rows=99 width=0)
	        Index Cond: ((k >= 2035383) AND (k <= 2035483))

table 4 : explain SELECT k, c FROM sbtest4 WHERE k BETWEEN 2035383 AND 2035483
	Bitmap Heap Scan on sbtest4  (cost=5.55..436.62 rows=109 width=125)
	  Recheck Cond: ((k >= 2035383) AND (k <= 2035483))
	  ->  Bitmap Index Scan on k_4  (cost=0.00..5.52 rows=109 width=0)
	        Index Cond: ((k >= 2035383) AND (k <= 2035483))

table 5 : explain SELECT k, c FROM sbtest5 WHERE k BETWEEN 2035383 AND 2035483
	Bitmap Heap Scan on sbtest5  (cost=5.48..409.07 rows=102 width=125)
	  Recheck Cond: ((k >= 2035383) AND (k <= 2035483))
	  ->  Bitmap Index Scan on k_5  (cost=0.00..5.45 rows=102 width=0)
	        Index Cond: ((k >= 2035383) AND (k <= 2035483))

table 6 : explain SELECT k, c FROM sbtest6 WHERE k BETWEEN 2035383 AND 2035483
	Bitmap Heap Scan on sbtest6  (cost=5.46..401.19 rows=100 width=125)
	  Recheck Cond: ((k >= 2035383) AND (k <= 2035483))
	  ->  Bitmap Index Scan on k_6  (cost=0.00..5.43 rows=100 width=0)
	        Index Cond: ((k >= 2035383) AND (k <= 2035483))

table 7 : explain SELECT k, c FROM sbtest7 WHERE k BETWEEN 2035383 AND 2035483
	Bitmap Heap Scan on sbtest7  (cost=5.49..413.00 rows=103 width=125)
	  Recheck Cond: ((k >= 2035383) AND (k <= 2035483))
	  ->  Bitmap Index Scan on k_7  (cost=0.00..5.46 rows=103 width=0)
	        Index Cond: ((k >= 2035383) AND (k <= 2035483))

table 8 : explain SELECT k, c FROM sbtest8 WHERE k BETWEEN 2035383 AND 2035483
	Bitmap Heap Scan on sbtest8  (cost=5.48..409.07 rows=102 width=125)
	  Recheck Cond: ((k >= 2035383) AND (k <= 2035483))
	  ->  Bitmap Index Scan on k_8  (cost=0.00..5.45 rows=102 width=0)
	        Index Cond: ((k >= 2035383) AND (k <= 2035483))

explain: for range-notcovered :: explain SELECT k, c FROM sbtest%d WHERE k BETWEEN 523301 AND 523401
explain: for range-notcovered :: explain SELECT k, c FROM sbtest%d WHERE k BETWEEN 2035383 AND 2035483
for range-notcovered
table 1 : explain SELECT k, c FROM sbtest1 WHERE k BETWEEN 8712035 AND 8712135
	Bitmap Heap Scan on sbtest1  (cost=5.46..401.19 rows=100 width=125)
	  Recheck Cond: ((k >= 8712035) AND (k <= 8712135))
	  ->  Bitmap Index Scan on k_1  (cost=0.00..5.43 rows=100 width=0)
	        Index Cond: ((k >= 8712035) AND (k <= 8712135))

table 2 : explain SELECT k, c FROM sbtest2 WHERE k BETWEEN 8712035 AND 8712135
	Bitmap Heap Scan on sbtest2  (cost=5.55..436.62 rows=109 width=125)
	  Recheck Cond: ((k >= 8712035) AND (k <= 8712135))
	  ->  Bitmap Index Scan on k_2  (cost=0.00..5.52 rows=109 width=0)
	        Index Cond: ((k >= 8712035) AND (k <= 8712135))

table 3 : explain SELECT k, c FROM sbtest3 WHERE k BETWEEN 8712035 AND 8712135
	Bitmap Heap Scan on sbtest3  (cost=5.44..393.31 rows=98 width=125)
	  Recheck Cond: ((k >= 8712035) AND (k <= 8712135))
	  ->  Bitmap Index Scan on k_3  (cost=0.00..5.42 rows=98 width=0)
	        Index Cond: ((k >= 8712035) AND (k <= 8712135))

table 4 : explain SELECT k, c FROM sbtest4 WHERE k BETWEEN 8712035 AND 8712135
	Bitmap Heap Scan on sbtest4  (cost=5.42..385.43 rows=96 width=125)
	  Recheck Cond: ((k >= 8712035) AND (k <= 8712135))
	  ->  Bitmap Index Scan on k_4  (cost=0.00..5.39 rows=96 width=0)
	        Index Cond: ((k >= 8712035) AND (k <= 8712135))

table 5 : explain SELECT k, c FROM sbtest5 WHERE k BETWEEN 8712035 AND 8712135
	Bitmap Heap Scan on sbtest5  (cost=5.57..444.49 rows=111 width=125)
	  Recheck Cond: ((k >= 8712035) AND (k <= 8712135))
	  ->  Bitmap Index Scan on k_5  (cost=0.00..5.54 rows=111 width=0)
	        Index Cond: ((k >= 8712035) AND (k <= 8712135))

table 6 : explain SELECT k, c FROM sbtest6 WHERE k BETWEEN 8712035 AND 8712135
	Bitmap Heap Scan on sbtest6  (cost=5.31..342.06 rows=85 width=125)
	  Recheck Cond: ((k >= 8712035) AND (k <= 8712135))
	  ->  Bitmap Index Scan on k_6  (cost=0.00..5.28 rows=85 width=0)
	        Index Cond: ((k >= 8712035) AND (k <= 8712135))

table 7 : explain SELECT k, c FROM sbtest7 WHERE k BETWEEN 8712035 AND 8712135
	Bitmap Heap Scan on sbtest7  (cost=5.54..432.69 rows=108 width=125)
	  Recheck Cond: ((k >= 8712035) AND (k <= 8712135))
	  ->  Bitmap Index Scan on k_7  (cost=0.00..5.51 rows=108 width=0)
	        Index Cond: ((k >= 8712035) AND (k <= 8712135))

table 8 : explain SELECT k, c FROM sbtest8 WHERE k BETWEEN 8712035 AND 8712135
	Bitmap Heap Scan on sbtest8  (cost=5.60..456.29 rows=114 width=125)
	  Recheck Cond: ((k >= 8712035) AND (k <= 8712135))
	  ->  Bitmap Index Scan on k_8  (cost=0.00..5.58 rows=114 width=0)
	        Index Cond: ((k >= 8712035) AND (k <= 8712135))

explain: for range-notcovered :: explain SELECT k, c FROM sbtest%d WHERE k BETWEEN 8712035 AND 8712135
for range-notcovered
table 1 : explain SELECT k, c FROM sbtest1 WHERE k BETWEEN 2944005 AND 2944105
	Bitmap Heap Scan on sbtest1  (cost=5.47..405.13 rows=101 width=125)
	  Recheck Cond: ((k >= 2944005) AND (k <= 2944105))
	  ->  Bitmap Index Scan on k_1  (cost=0.00..5.44 rows=101 width=0)
	        Index Cond: ((k >= 2944005) AND (k <= 2944105))

table 2 : explain SELECT k, c FROM sbtest2 WHERE k BETWEEN 2944005 AND 2944105
	Bitmap Heap Scan on sbtest2  (cost=5.49..413.00 rows=103 width=125)
	  Recheck Cond: ((k >= 2944005) AND (k <= 2944105))
	  ->  Bitmap Index Scan on k_2  (cost=0.00..5.46 rows=103 width=0)
	        Index Cond: ((k >= 2944005) AND (k <= 2944105))

table 3 : explain SELECT k, c FROM sbtest3 WHERE k BETWEEN 2944005 AND 2944105
	Bitmap Heap Scan on sbtest3  (cost=5.55..436.62 rows=109 width=125)
	  Recheck Cond: ((k >= 2944005) AND (k <= 2944105))
	  ->  Bitmap Index Scan on k_3  (cost=0.00..5.52 rows=109 width=0)
	        Index Cond: ((k >= 2944005) AND (k <= 2944105))

table 4 : explain SELECT k, c FROM sbtest4 WHERE k BETWEEN 2944005 AND 2944105
	Bitmap Heap Scan on sbtest4  (cost=5.60..456.29 rows=114 width=125)
	  Recheck Cond: ((k >= 2944005) AND (k <= 2944105))
	  ->  Bitmap Index Scan on k_4  (cost=0.00..5.58 rows=114 width=0)
	        Index Cond: ((k >= 2944005) AND (k <= 2944105))

table 5 : explain SELECT k, c FROM sbtest5 WHERE k BETWEEN 2944005 AND 2944105
	Bitmap Heap Scan on sbtest5  (cost=5.44..393.31 rows=98 width=125)
	  Recheck Cond: ((k >= 2944005) AND (k <= 2944105))
	  ->  Bitmap Index Scan on k_5  (cost=0.00..5.42 rows=98 width=0)
	        Index Cond: ((k >= 2944005) AND (k <= 2944105))

table 6 : explain SELECT k, c FROM sbtest6 WHERE k BETWEEN 2944005 AND 2944105
	Bitmap Heap Scan on sbtest6  (cost=5.52..424.81 rows=106 width=125)
	  Recheck Cond: ((k >= 2944005) AND (k <= 2944105))
	  ->  Bitmap Index Scan on k_6  (cost=0.00..5.50 rows=106 width=0)
	        Index Cond: ((k >= 2944005) AND (k <= 2944105))

table 7 : explain SELECT k, c FROM sbtest7 WHERE k BETWEEN 2944005 AND 2944105
	Bitmap Heap Scan on sbtest7  (cost=5.50..416.94 rows=104 width=125)
	  Recheck Cond: ((k >= 2944005) AND (k <= 2944105))
	  ->  Bitmap Index Scan on k_7  (cost=0.00..5.47 rows=104 width=0)
	        Index Cond: ((k >= 2944005) AND (k <= 2944105))

table 8 : explain SELECT k, c FROM sbtest8 WHERE k BETWEEN 2944005 AND 2944105
	Bitmap Heap Scan on sbtest8  (cost=5.54..432.69 rows=108 width=125)
	  Recheck Cond: ((k >= 2944005) AND (k <= 2944105))
	  ->  Bitmap Index Scan on k_8  (cost=0.00..5.51 rows=108 width=0)
	        Index Cond: ((k >= 2944005) AND (k <= 2944105))

explain: for range-notcovered :: explain SELECT k, c FROM sbtest%d WHERE k BETWEEN 2944005 AND 2944105
for range-notcovered
table 1 : explain SELECT k, c FROM sbtest1 WHERE k BETWEEN 523301 AND 523401
	Bitmap Heap Scan on sbtest1  (cost=5.52..424.81 rows=106 width=125)
	  Recheck Cond: ((k >= 523301) AND (k <= 523401))
	  ->  Bitmap Index Scan on k_1  (cost=0.00..5.50 rows=106 width=0)
	        Index Cond: ((k >= 523301) AND (k <= 523401))

table 2 : explain SELECT k, c FROM sbtest2 WHERE k BETWEEN 523301 AND 523401
	Bitmap Heap Scan on sbtest2  (cost=5.47..405.13 rows=101 width=125)
	  Recheck Cond: ((k >= 523301) AND (k <= 523401))
	  ->  Bitmap Index Scan on k_2  (cost=0.00..5.44 rows=101 width=0)
	        Index Cond: ((k >= 523301) AND (k <= 523401))

table 3 : explain SELECT k, c FROM sbtest3 WHERE k BETWEEN 523301 AND 523401
	Bitmap Heap Scan on sbtest3  (cost=5.54..432.69 rows=108 width=125)
	  Recheck Cond: ((k >= 523301) AND (k <= 523401))
	  ->  Bitmap Index Scan on k_3  (cost=0.00..5.51 rows=108 width=0)
	        Index Cond: ((k >= 523301) AND (k <= 523401))

table 4 : explain SELECT k, c FROM sbtest4 WHERE k BETWEEN 523301 AND 523401
	Bitmap Heap Scan on sbtest4  (cost=5.50..416.94 rows=104 width=125)
	  Recheck Cond: ((k >= 523301) AND (k <= 523401))
	  ->  Bitmap Index Scan on k_4  (cost=0.00..5.47 rows=104 width=0)
	        Index Cond: ((k >= 523301) AND (k <= 523401))

table 5 : explain SELECT k, c FROM sbtest5 WHERE k BETWEEN 523301 AND 523401
	Bitmap Heap Scan on sbtest5  (cost=5.43..389.37 rows=97 width=125)
	  Recheck Cond: ((k >= 523301) AND (k <= 523401))
	  ->  Bitmap Index Scan on k_5  (cost=0.00..5.40 rows=97 width=0)
	        Index Cond: ((k >= 523301) AND (k <= 523401))

table 6 : explain SELECT k, c FROM sbtest6 WHERE k BETWEEN 523301 AND 523401
	Bitmap Heap Scan on sbtest6  (cost=5.40..377.55 rows=94 width=125)
	  Recheck Cond: ((k >= 523301) AND (k <= 523401))
	  ->  Bitmap Index Scan on k_6  (cost=0.00..5.38 rows=94 width=0)
	        Index Cond: ((k >= 523301) AND (k <= 523401))

table 7 : explain SELECT k, c FROM sbtest7 WHERE k BETWEEN 523301 AND 523401
	Bitmap Heap Scan on sbtest7  (cost=5.40..377.55 rows=94 width=125)
	  Recheck Cond: ((k >= 523301) AND (k <= 523401))
	  ->  Bitmap Index Scan on k_7  (cost=0.00..5.38 rows=94 width=0)
	        Index Cond: ((k >= 523301) AND (k <= 523401))

table 8 : explain SELECT k, c FROM sbtest8 WHERE k BETWEEN 523301 AND 523401
	Bitmap Heap Scan on sbtest8  (cost=5.50..416.94 rows=104 width=125)
	  Recheck Cond: ((k >= 523301) AND (k <= 523401))
	  ->  Bitmap Index Scan on k_8  (cost=0.00..5.47 rows=104 width=0)
	        Index Cond: ((k >= 523301) AND (k <= 523401))

for range-notcovered
table 1 : explain SELECT k, c FROM sbtest1 WHERE k BETWEEN 2035383 AND 2035483
	Bitmap Heap Scan on sbtest1  (cost=5.46..401.19 rows=100 width=125)
	  Recheck Cond: ((k >= 2035383) AND (k <= 2035483))
	  ->  Bitmap Index Scan on k_1  (cost=0.00..5.43 rows=100 width=0)
	        Index Cond: ((k >= 2035383) AND (k <= 2035483))

table 2 : explain SELECT k, c FROM sbtest2 WHERE k BETWEEN 2035383 AND 2035483
	Bitmap Heap Scan on sbtest2  (cost=5.46..401.19 rows=100 width=125)
	  Recheck Cond: ((k >= 2035383) AND (k <= 2035483))
	  ->  Bitmap Index Scan on k_2  (cost=0.00..5.43 rows=100 width=0)
	        Index Cond: ((k >= 2035383) AND (k <= 2035483))

table 3 : explain SELECT k, c FROM sbtest3 WHERE k BETWEEN 2035383 AND 2035483
	Bitmap Heap Scan on sbtest3  (cost=5.45..397.25 rows=99 width=125)
	  Recheck Cond: ((k >= 2035383) AND (k <= 2035483))
	  ->  Bitmap Index Scan on k_3  (cost=0.00..5.42 rows=99 width=0)
	        Index Cond: ((k >= 2035383) AND (k <= 2035483))

table 4 : explain SELECT k, c FROM sbtest4 WHERE k BETWEEN 2035383 AND 2035483
	Bitmap Heap Scan on sbtest4  (cost=5.55..436.62 rows=109 width=125)
	  Recheck Cond: ((k >= 2035383) AND (k <= 2035483))
	  ->  Bitmap Index Scan on k_4  (cost=0.00..5.52 rows=109 width=0)
	        Index Cond: ((k >= 2035383) AND (k <= 2035483))

table 5 : explain SELECT k, c FROM sbtest5 WHERE k BETWEEN 2035383 AND 2035483
	Bitmap Heap Scan on sbtest5  (cost=5.48..409.07 rows=102 width=125)
	  Recheck Cond: ((k >= 2035383) AND (k <= 2035483))
	  ->  Bitmap Index Scan on k_5  (cost=0.00..5.45 rows=102 width=0)
	        Index Cond: ((k >= 2035383) AND (k <= 2035483))

table 6 : explain SELECT k, c FROM sbtest6 WHERE k BETWEEN 2035383 AND 2035483
	Bitmap Heap Scan on sbtest6  (cost=5.46..401.19 rows=100 width=125)
	  Recheck Cond: ((k >= 2035383) AND (k <= 2035483))
	  ->  Bitmap Index Scan on k_6  (cost=0.00..5.43 rows=100 width=0)
	        Index Cond: ((k >= 2035383) AND (k <= 2035483))

table 7 : explain SELECT k, c FROM sbtest7 WHERE k BETWEEN 2035383 AND 2035483
	Bitmap Heap Scan on sbtest7  (cost=5.49..413.00 rows=103 width=125)
	  Recheck Cond: ((k >= 2035383) AND (k <= 2035483))
	  ->  Bitmap Index Scan on k_7  (cost=0.00..5.46 rows=103 width=0)
	        Index Cond: ((k >= 2035383) AND (k <= 2035483))

table 8 : explain SELECT k, c FROM sbtest8 WHERE k BETWEEN 2035383 AND 2035483
	Bitmap Heap Scan on sbtest8  (cost=5.48..409.07 rows=102 width=125)
	  Recheck Cond: ((k >= 2035383) AND (k <= 2035483))
	  ->  Bitmap Index Scan on k_8  (cost=0.00..5.45 rows=102 width=0)
	        Index Cond: ((k >= 2035383) AND (k <= 2035483))

explain: for range-notcovered :: explain SELECT k, c FROM sbtest%d WHERE k BETWEEN 523301 AND 523401
explain: for range-notcovered :: explain SELECT k, c FROM sbtest%d WHERE k BETWEEN 2035383 AND 2035483
explain: for range-notcovered :: explain SELECT k, c FROM sbtest%d WHERE k BETWEEN 4757182 AND 4757282
for range-notcovered
table 1 : explain SELECT k, c FROM sbtest1 WHERE k BETWEEN 874898 AND 874998
	Bitmap Heap Scan on sbtest1  (cost=5.49..413.00 rows=103 width=125)
	  Recheck Cond: ((k >= 874898) AND (k <= 874998))
	  ->  Bitmap Index Scan on k_1  (cost=0.00..5.46 rows=103 width=0)
	        Index Cond: ((k >= 874898) AND (k <= 874998))

table 2 : explain SELECT k, c FROM sbtest2 WHERE k BETWEEN 874898 AND 874998
	Bitmap Heap Scan on sbtest2  (cost=5.44..393.31 rows=98 width=125)
	  Recheck Cond: ((k >= 874898) AND (k <= 874998))
	  ->  Bitmap Index Scan on k_2  (cost=0.00..5.42 rows=98 width=0)
	        Index Cond: ((k >= 874898) AND (k <= 874998))

table 3 : explain SELECT k, c FROM sbtest3 WHERE k BETWEEN 874898 AND 874998
	Bitmap Heap Scan on sbtest3  (cost=5.52..424.81 rows=106 width=125)
	  Recheck Cond: ((k >= 874898) AND (k <= 874998))
	  ->  Bitmap Index Scan on k_3  (cost=0.00..5.50 rows=106 width=0)
	        Index Cond: ((k >= 874898) AND (k <= 874998))

table 4 : explain SELECT k, c FROM sbtest4 WHERE k BETWEEN 874898 AND 874998
	Bitmap Heap Scan on sbtest4  (cost=5.50..416.94 rows=104 width=125)
	  Recheck Cond: ((k >= 874898) AND (k <= 874998))
	  ->  Bitmap Index Scan on k_4  (cost=0.00..5.47 rows=104 width=0)
	        Index Cond: ((k >= 874898) AND (k <= 874998))

table 5 : explain SELECT k, c FROM sbtest5 WHERE k BETWEEN 874898 AND 874998
	Bitmap Heap Scan on sbtest5  (cost=5.49..413.00 rows=103 width=125)
	  Recheck Cond: ((k >= 874898) AND (k <= 874998))
	  ->  Bitmap Index Scan on k_5  (cost=0.00..5.46 rows=103 width=0)
	        Index Cond: ((k >= 874898) AND (k <= 874998))

table 6 : explain SELECT k, c FROM sbtest6 WHERE k BETWEEN 874898 AND 874998
	Bitmap Heap Scan on sbtest6  (cost=5.42..385.43 rows=96 width=125)
	  Recheck Cond: ((k >= 874898) AND (k <= 874998))
	  ->  Bitmap Index Scan on k_6  (cost=0.00..5.39 rows=96 width=0)
	        Index Cond: ((k >= 874898) AND (k <= 874998))

table 7 : explain SELECT k, c FROM sbtest7 WHERE k BETWEEN 874898 AND 874998
	Bitmap Heap Scan on sbtest7  (cost=5.48..409.07 rows=102 width=125)
	  Recheck Cond: ((k >= 874898) AND (k <= 874998))
	  ->  Bitmap Index Scan on k_7  (cost=0.00..5.45 rows=102 width=0)
	        Index Cond: ((k >= 874898) AND (k <= 874998))

table 8 : explain SELECT k, c FROM sbtest8 WHERE k BETWEEN 874898 AND 874998
	Bitmap Heap Scan on sbtest8  (cost=5.48..409.07 rows=102 width=125)
	  Recheck Cond: ((k >= 874898) AND (k <= 874998))
	  ->  Bitmap Index Scan on k_8  (cost=0.00..5.45 rows=102 width=0)
	        Index Cond: ((k >= 874898) AND (k <= 874998))

for range-notcovered
table 1 : explain SELECT k, c FROM sbtest1 WHERE k BETWEEN 8712035 AND 8712135
	Bitmap Heap Scan on sbtest1  (cost=5.46..401.19 rows=100 width=125)
	  Recheck Cond: ((k >= 8712035) AND (k <= 8712135))
	  ->  Bitmap Index Scan on k_1  (cost=0.00..5.43 rows=100 width=0)
	        Index Cond: ((k >= 8712035) AND (k <= 8712135))

table 2 : explain SELECT k, c FROM sbtest2 WHERE k BETWEEN 8712035 AND 8712135
	Bitmap Heap Scan on sbtest2  (cost=5.55..436.62 rows=109 width=125)
	  Recheck Cond: ((k >= 8712035) AND (k <= 8712135))
	  ->  Bitmap Index Scan on k_2  (cost=0.00..5.52 rows=109 width=0)
	        Index Cond: ((k >= 8712035) AND (k <= 8712135))

table 3 : explain SELECT k, c FROM sbtest3 WHERE k BETWEEN 8712035 AND 8712135
	Bitmap Heap Scan on sbtest3  (cost=5.44..393.31 rows=98 width=125)
	  Recheck Cond: ((k >= 8712035) AND (k <= 8712135))
	  ->  Bitmap Index Scan on k_3  (cost=0.00..5.42 rows=98 width=0)
	        Index Cond: ((k >= 8712035) AND (k <= 8712135))

table 4 : explain SELECT k, c FROM sbtest4 WHERE k BETWEEN 8712035 AND 8712135
	Bitmap Heap Scan on sbtest4  (cost=5.42..385.43 rows=96 width=125)
	  Recheck Cond: ((k >= 8712035) AND (k <= 8712135))
	  ->  Bitmap Index Scan on k_4  (cost=0.00..5.39 rows=96 width=0)
	        Index Cond: ((k >= 8712035) AND (k <= 8712135))

table 5 : explain SELECT k, c FROM sbtest5 WHERE k BETWEEN 8712035 AND 8712135
	Bitmap Heap Scan on sbtest5  (cost=5.57..444.49 rows=111 width=125)
	  Recheck Cond: ((k >= 8712035) AND (k <= 8712135))
	  ->  Bitmap Index Scan on k_5  (cost=0.00..5.54 rows=111 width=0)
	        Index Cond: ((k >= 8712035) AND (k <= 8712135))

table 6 : explain SELECT k, c FROM sbtest6 WHERE k BETWEEN 8712035 AND 8712135
	Bitmap Heap Scan on sbtest6  (cost=5.31..342.06 rows=85 width=125)
	  Recheck Cond: ((k >= 8712035) AND (k <= 8712135))
	  ->  Bitmap Index Scan on k_6  (cost=0.00..5.28 rows=85 width=0)
	        Index Cond: ((k >= 8712035) AND (k <= 8712135))

table 7 : explain SELECT k, c FROM sbtest7 WHERE k BETWEEN 8712035 AND 8712135
	Bitmap Heap Scan on sbtest7  (cost=5.54..432.69 rows=108 width=125)
	  Recheck Cond: ((k >= 8712035) AND (k <= 8712135))
	  ->  Bitmap Index Scan on k_7  (cost=0.00..5.51 rows=108 width=0)
	        Index Cond: ((k >= 8712035) AND (k <= 8712135))

table 8 : explain SELECT k, c FROM sbtest8 WHERE k BETWEEN 8712035 AND 8712135
	Bitmap Heap Scan on sbtest8  (cost=5.60..456.29 rows=114 width=125)
	  Recheck Cond: ((k >= 8712035) AND (k <= 8712135))
	  ->  Bitmap Index Scan on k_8  (cost=0.00..5.58 rows=114 width=0)
	        Index Cond: ((k >= 8712035) AND (k <= 8712135))

explain: for range-notcovered :: explain SELECT k, c FROM sbtest%d WHERE k BETWEEN 874898 AND 874998
explain: for range-notcovered :: explain SELECT k, c FROM sbtest%d WHERE k BETWEEN 8712035 AND 8712135
for range-notcovered
table 1 : explain SELECT k, c FROM sbtest1 WHERE k BETWEEN 2944005 AND 2944105
	Bitmap Heap Scan on sbtest1  (cost=5.47..405.13 rows=101 width=125)
	  Recheck Cond: ((k >= 2944005) AND (k <= 2944105))
	  ->  Bitmap Index Scan on k_1  (cost=0.00..5.44 rows=101 width=0)
	        Index Cond: ((k >= 2944005) AND (k <= 2944105))

table 2 : explain SELECT k, c FROM sbtest2 WHERE k BETWEEN 2944005 AND 2944105
	Bitmap Heap Scan on sbtest2  (cost=5.49..413.00 rows=103 width=125)
	  Recheck Cond: ((k >= 2944005) AND (k <= 2944105))
	  ->  Bitmap Index Scan on k_2  (cost=0.00..5.46 rows=103 width=0)
	        Index Cond: ((k >= 2944005) AND (k <= 2944105))

table 3 : explain SELECT k, c FROM sbtest3 WHERE k BETWEEN 2944005 AND 2944105
	Bitmap Heap Scan on sbtest3  (cost=5.55..436.62 rows=109 width=125)
	  Recheck Cond: ((k >= 2944005) AND (k <= 2944105))
	  ->  Bitmap Index Scan on k_3  (cost=0.00..5.52 rows=109 width=0)
	        Index Cond: ((k >= 2944005) AND (k <= 2944105))

table 4 : explain SELECT k, c FROM sbtest4 WHERE k BETWEEN 2944005 AND 2944105
	Bitmap Heap Scan on sbtest4  (cost=5.60..456.29 rows=114 width=125)
	  Recheck Cond: ((k >= 2944005) AND (k <= 2944105))
	  ->  Bitmap Index Scan on k_4  (cost=0.00..5.58 rows=114 width=0)
	        Index Cond: ((k >= 2944005) AND (k <= 2944105))

table 5 : explain SELECT k, c FROM sbtest5 WHERE k BETWEEN 2944005 AND 2944105
	Bitmap Heap Scan on sbtest5  (cost=5.44..393.31 rows=98 width=125)
	  Recheck Cond: ((k >= 2944005) AND (k <= 2944105))
	  ->  Bitmap Index Scan on k_5  (cost=0.00..5.42 rows=98 width=0)
	        Index Cond: ((k >= 2944005) AND (k <= 2944105))

table 6 : explain SELECT k, c FROM sbtest6 WHERE k BETWEEN 2944005 AND 2944105
	Bitmap Heap Scan on sbtest6  (cost=5.52..424.81 rows=106 width=125)
	  Recheck Cond: ((k >= 2944005) AND (k <= 2944105))
	  ->  Bitmap Index Scan on k_6  (cost=0.00..5.50 rows=106 width=0)
	        Index Cond: ((k >= 2944005) AND (k <= 2944105))

table 7 : explain SELECT k, c FROM sbtest7 WHERE k BETWEEN 2944005 AND 2944105
	Bitmap Heap Scan on sbtest7  (cost=5.50..416.94 rows=104 width=125)
	  Recheck Cond: ((k >= 2944005) AND (k <= 2944105))
	  ->  Bitmap Index Scan on k_7  (cost=0.00..5.47 rows=104 width=0)
	        Index Cond: ((k >= 2944005) AND (k <= 2944105))

table 8 : explain SELECT k, c FROM sbtest8 WHERE k BETWEEN 2944005 AND 2944105
	Bitmap Heap Scan on sbtest8  (cost=5.54..432.69 rows=108 width=125)
	  Recheck Cond: ((k >= 2944005) AND (k <= 2944105))
	  ->  Bitmap Index Scan on k_8  (cost=0.00..5.51 rows=108 width=0)
	        Index Cond: ((k >= 2944005) AND (k <= 2944105))

explain: for range-notcovered :: explain SELECT k, c FROM sbtest%d WHERE k BETWEEN 2944005 AND 2944105
for range-notcovered
table 1 : explain SELECT k, c FROM sbtest1 WHERE k BETWEEN 2035383 AND 2035483
	Bitmap Heap Scan on sbtest1  (cost=5.46..401.19 rows=100 width=125)
	  Recheck Cond: ((k >= 2035383) AND (k <= 2035483))
	  ->  Bitmap Index Scan on k_1  (cost=0.00..5.43 rows=100 width=0)
	        Index Cond: ((k >= 2035383) AND (k <= 2035483))

table 2 : explain SELECT k, c FROM sbtest2 WHERE k BETWEEN 2035383 AND 2035483
	Bitmap Heap Scan on sbtest2  (cost=5.46..401.19 rows=100 width=125)
	  Recheck Cond: ((k >= 2035383) AND (k <= 2035483))
	  ->  Bitmap Index Scan on k_2  (cost=0.00..5.43 rows=100 width=0)
	        Index Cond: ((k >= 2035383) AND (k <= 2035483))

table 3 : explain SELECT k, c FROM sbtest3 WHERE k BETWEEN 2035383 AND 2035483
	Bitmap Heap Scan on sbtest3  (cost=5.45..397.25 rows=99 width=125)
	  Recheck Cond: ((k >= 2035383) AND (k <= 2035483))
	  ->  Bitmap Index Scan on k_3  (cost=0.00..5.42 rows=99 width=0)
	        Index Cond: ((k >= 2035383) AND (k <= 2035483))

table 4 : explain SELECT k, c FROM sbtest4 WHERE k BETWEEN 2035383 AND 2035483
	Bitmap Heap Scan on sbtest4  (cost=5.55..436.62 rows=109 width=125)
	  Recheck Cond: ((k >= 2035383) AND (k <= 2035483))
	  ->  Bitmap Index Scan on k_4  (cost=0.00..5.52 rows=109 width=0)
	        Index Cond: ((k >= 2035383) AND (k <= 2035483))

table 5 : explain SELECT k, c FROM sbtest5 WHERE k BETWEEN 2035383 AND 2035483
	Bitmap Heap Scan on sbtest5  (cost=5.48..409.07 rows=102 width=125)
	  Recheck Cond: ((k >= 2035383) AND (k <= 2035483))
	  ->  Bitmap Index Scan on k_5  (cost=0.00..5.45 rows=102 width=0)
	        Index Cond: ((k >= 2035383) AND (k <= 2035483))

table 6 : explain SELECT k, c FROM sbtest6 WHERE k BETWEEN 2035383 AND 2035483
	Bitmap Heap Scan on sbtest6  (cost=5.46..401.19 rows=100 width=125)
	  Recheck Cond: ((k >= 2035383) AND (k <= 2035483))
	  ->  Bitmap Index Scan on k_6  (cost=0.00..5.43 rows=100 width=0)
	        Index Cond: ((k >= 2035383) AND (k <= 2035483))

table 7 : explain SELECT k, c FROM sbtest7 WHERE k BETWEEN 2035383 AND 2035483
	Bitmap Heap Scan on sbtest7  (cost=5.49..413.00 rows=103 width=125)
	  Recheck Cond: ((k >= 2035383) AND (k <= 2035483))
	  ->  Bitmap Index Scan on k_7  (cost=0.00..5.46 rows=103 width=0)
	        Index Cond: ((k >= 2035383) AND (k <= 2035483))

table 8 : explain SELECT k, c FROM sbtest8 WHERE k BETWEEN 2035383 AND 2035483
	Bitmap Heap Scan on sbtest8  (cost=5.48..409.07 rows=102 width=125)
	  Recheck Cond: ((k >= 2035383) AND (k <= 2035483))
	  ->  Bitmap Index Scan on k_8  (cost=0.00..5.45 rows=102 width=0)
	        Index Cond: ((k >= 2035383) AND (k <= 2035483))

explain: for range-notcovered :: explain SELECT k, c FROM sbtest%d WHERE k BETWEEN 2035383 AND 2035483
for range-notcovered
table 1 : explain SELECT k, c FROM sbtest1 WHERE k BETWEEN 523301 AND 523401
	Bitmap Heap Scan on sbtest1  (cost=5.52..424.81 rows=106 width=125)
	  Recheck Cond: ((k >= 523301) AND (k <= 523401))
	  ->  Bitmap Index Scan on k_1  (cost=0.00..5.50 rows=106 width=0)
	        Index Cond: ((k >= 523301) AND (k <= 523401))

table 2 : explain SELECT k, c FROM sbtest2 WHERE k BETWEEN 523301 AND 523401
	Bitmap Heap Scan on sbtest2  (cost=5.47..405.13 rows=101 width=125)
	  Recheck Cond: ((k >= 523301) AND (k <= 523401))
	  ->  Bitmap Index Scan on k_2  (cost=0.00..5.44 rows=101 width=0)
	        Index Cond: ((k >= 523301) AND (k <= 523401))

table 3 : explain SELECT k, c FROM sbtest3 WHERE k BETWEEN 523301 AND 523401
	Bitmap Heap Scan on sbtest3  (cost=5.54..432.69 rows=108 width=125)
	  Recheck Cond: ((k >= 523301) AND (k <= 523401))
	  ->  Bitmap Index Scan on k_3  (cost=0.00..5.51 rows=108 width=0)
	        Index Cond: ((k >= 523301) AND (k <= 523401))

table 4 : explain SELECT k, c FROM sbtest4 WHERE k BETWEEN 523301 AND 523401
	Bitmap Heap Scan on sbtest4  (cost=5.50..416.94 rows=104 width=125)
	  Recheck Cond: ((k >= 523301) AND (k <= 523401))
	  ->  Bitmap Index Scan on k_4  (cost=0.00..5.47 rows=104 width=0)
	        Index Cond: ((k >= 523301) AND (k <= 523401))

table 5 : explain SELECT k, c FROM sbtest5 WHERE k BETWEEN 523301 AND 523401
	Bitmap Heap Scan on sbtest5  (cost=5.43..389.37 rows=97 width=125)
	  Recheck Cond: ((k >= 523301) AND (k <= 523401))
	  ->  Bitmap Index Scan on k_5  (cost=0.00..5.40 rows=97 width=0)
	        Index Cond: ((k >= 523301) AND (k <= 523401))

table 6 : explain SELECT k, c FROM sbtest6 WHERE k BETWEEN 523301 AND 523401
	Bitmap Heap Scan on sbtest6  (cost=5.40..377.55 rows=94 width=125)
	  Recheck Cond: ((k >= 523301) AND (k <= 523401))
	  ->  Bitmap Index Scan on k_6  (cost=0.00..5.38 rows=94 width=0)
	        Index Cond: ((k >= 523301) AND (k <= 523401))

table 7 : explain SELECT k, c FROM sbtest7 WHERE k BETWEEN 523301 AND 523401
	Bitmap Heap Scan on sbtest7  (cost=5.40..377.55 rows=94 width=125)
	  Recheck Cond: ((k >= 523301) AND (k <= 523401))
	  ->  Bitmap Index Scan on k_7  (cost=0.00..5.38 rows=94 width=0)
	        Index Cond: ((k >= 523301) AND (k <= 523401))

table 8 : explain SELECT k, c FROM sbtest8 WHERE k BETWEEN 523301 AND 523401
	Bitmap Heap Scan on sbtest8  (cost=5.50..416.94 rows=104 width=125)
	  Recheck Cond: ((k >= 523301) AND (k <= 523401))
	  ->  Bitmap Index Scan on k_8  (cost=0.00..5.47 rows=104 width=0)
	        Index Cond: ((k >= 523301) AND (k <= 523401))

explain: for range-notcovered :: explain SELECT k, c FROM sbtest%d WHERE k BETWEEN 523301 AND 523401
for range-notcovered
table 1 : explain SELECT k, c FROM sbtest1 WHERE k BETWEEN 874898 AND 874998
	Bitmap Heap Scan on sbtest1  (cost=5.49..413.00 rows=103 width=125)
	  Recheck Cond: ((k >= 874898) AND (k <= 874998))
	  ->  Bitmap Index Scan on k_1  (cost=0.00..5.46 rows=103 width=0)
	        Index Cond: ((k >= 874898) AND (k <= 874998))

table 2 : explain SELECT k, c FROM sbtest2 WHERE k BETWEEN 874898 AND 874998
	Bitmap Heap Scan on sbtest2  (cost=5.44..393.31 rows=98 width=125)
	  Recheck Cond: ((k >= 874898) AND (k <= 874998))
	  ->  Bitmap Index Scan on k_2  (cost=0.00..5.42 rows=98 width=0)
	        Index Cond: ((k >= 874898) AND (k <= 874998))

table 3 : explain SELECT k, c FROM sbtest3 WHERE k BETWEEN 874898 AND 874998
	Bitmap Heap Scan on sbtest3  (cost=5.52..424.81 rows=106 width=125)
	  Recheck Cond: ((k >= 874898) AND (k <= 874998))
	  ->  Bitmap Index Scan on k_3  (cost=0.00..5.50 rows=106 width=0)
	        Index Cond: ((k >= 874898) AND (k <= 874998))

table 4 : explain SELECT k, c FROM sbtest4 WHERE k BETWEEN 874898 AND 874998
	Bitmap Heap Scan on sbtest4  (cost=5.50..416.94 rows=104 width=125)
	  Recheck Cond: ((k >= 874898) AND (k <= 874998))
	  ->  Bitmap Index Scan on k_4  (cost=0.00..5.47 rows=104 width=0)
	        Index Cond: ((k >= 874898) AND (k <= 874998))

table 5 : explain SELECT k, c FROM sbtest5 WHERE k BETWEEN 874898 AND 874998
	Bitmap Heap Scan on sbtest5  (cost=5.49..413.00 rows=103 width=125)
	  Recheck Cond: ((k >= 874898) AND (k <= 874998))
	  ->  Bitmap Index Scan on k_5  (cost=0.00..5.46 rows=103 width=0)
	        Index Cond: ((k >= 874898) AND (k <= 874998))

table 6 : explain SELECT k, c FROM sbtest6 WHERE k BETWEEN 874898 AND 874998
	Bitmap Heap Scan on sbtest6  (cost=5.42..385.43 rows=96 width=125)
	  Recheck Cond: ((k >= 874898) AND (k <= 874998))
	  ->  Bitmap Index Scan on k_6  (cost=0.00..5.39 rows=96 width=0)
	        Index Cond: ((k >= 874898) AND (k <= 874998))

table 7 : explain SELECT k, c FROM sbtest7 WHERE k BETWEEN 874898 AND 874998
	Bitmap Heap Scan on sbtest7  (cost=5.48..409.07 rows=102 width=125)
	  Recheck Cond: ((k >= 874898) AND (k <= 874998))
	  ->  Bitmap Index Scan on k_7  (cost=0.00..5.45 rows=102 width=0)
	        Index Cond: ((k >= 874898) AND (k <= 874998))

table 8 : explain SELECT k, c FROM sbtest8 WHERE k BETWEEN 874898 AND 874998
	Bitmap Heap Scan on sbtest8  (cost=5.48..409.07 rows=102 width=125)
	  Recheck Cond: ((k >= 874898) AND (k <= 874998))
	  ->  Bitmap Index Scan on k_8  (cost=0.00..5.45 rows=102 width=0)
	        Index Cond: ((k >= 874898) AND (k <= 874998))

for range-notcovered
table 1 : explain SELECT k, c FROM sbtest1 WHERE k BETWEEN 8712035 AND 8712135
	Bitmap Heap Scan on sbtest1  (cost=5.46..401.19 rows=100 width=125)
	  Recheck Cond: ((k >= 8712035) AND (k <= 8712135))
	  ->  Bitmap Index Scan on k_1  (cost=0.00..5.43 rows=100 width=0)
	        Index Cond: ((k >= 8712035) AND (k <= 8712135))

table 2 : explain SELECT k, c FROM sbtest2 WHERE k BETWEEN 8712035 AND 8712135
	Bitmap Heap Scan on sbtest2  (cost=5.55..436.62 rows=109 width=125)
	  Recheck Cond: ((k >= 8712035) AND (k <= 8712135))
	  ->  Bitmap Index Scan on k_2  (cost=0.00..5.52 rows=109 width=0)
	        Index Cond: ((k >= 8712035) AND (k <= 8712135))

table 3 : explain SELECT k, c FROM sbtest3 WHERE k BETWEEN 8712035 AND 8712135
	Bitmap Heap Scan on sbtest3  (cost=5.44..393.31 rows=98 width=125)
	  Recheck Cond: ((k >= 8712035) AND (k <= 8712135))
	  ->  Bitmap Index Scan on k_3  (cost=0.00..5.42 rows=98 width=0)
	        Index Cond: ((k >= 8712035) AND (k <= 8712135))

table 4 : explain SELECT k, c FROM sbtest4 WHERE k BETWEEN 8712035 AND 8712135
	Bitmap Heap Scan on sbtest4  (cost=5.42..385.43 rows=96 width=125)
	  Recheck Cond: ((k >= 8712035) AND (k <= 8712135))
	  ->  Bitmap Index Scan on k_4  (cost=0.00..5.39 rows=96 width=0)
	        Index Cond: ((k >= 8712035) AND (k <= 8712135))

table 5 : explain SELECT k, c FROM sbtest5 WHERE k BETWEEN 8712035 AND 8712135
	Bitmap Heap Scan on sbtest5  (cost=5.57..444.49 rows=111 width=125)
	  Recheck Cond: ((k >= 8712035) AND (k <= 8712135))
	  ->  Bitmap Index Scan on k_5  (cost=0.00..5.54 rows=111 width=0)
	        Index Cond: ((k >= 8712035) AND (k <= 8712135))

table 6 : explain SELECT k, c FROM sbtest6 WHERE k BETWEEN 8712035 AND 8712135
	Bitmap Heap Scan on sbtest6  (cost=5.31..342.06 rows=85 width=125)
	  Recheck Cond: ((k >= 8712035) AND (k <= 8712135))
	  ->  Bitmap Index Scan on k_6  (cost=0.00..5.28 rows=85 width=0)
	        Index Cond: ((k >= 8712035) AND (k <= 8712135))

table 7 : explain SELECT k, c FROM sbtest7 WHERE k BETWEEN 8712035 AND 8712135
	Bitmap Heap Scan on sbtest7  (cost=5.54..432.69 rows=108 width=125)
	  Recheck Cond: ((k >= 8712035) AND (k <= 8712135))
	  ->  Bitmap Index Scan on k_7  (cost=0.00..5.51 rows=108 width=0)
	        Index Cond: ((k >= 8712035) AND (k <= 8712135))

table 8 : explain SELECT k, c FROM sbtest8 WHERE k BETWEEN 8712035 AND 8712135
	Bitmap Heap Scan on sbtest8  (cost=5.60..456.29 rows=114 width=125)
	  Recheck Cond: ((k >= 8712035) AND (k <= 8712135))
	  ->  Bitmap Index Scan on k_8  (cost=0.00..5.58 rows=114 width=0)
	        Index Cond: ((k >= 8712035) AND (k <= 8712135))

explain: for range-notcovered :: explain SELECT k, c FROM sbtest%d WHERE k BETWEEN 874898 AND 874998
explain: for range-notcovered :: explain SELECT k, c FROM sbtest%d WHERE k BETWEEN 8712035 AND 8712135
for range-notcovered
table 1 : explain SELECT k, c FROM sbtest1 WHERE k BETWEEN 2944005 AND 2944105
	Bitmap Heap Scan on sbtest1  (cost=5.47..405.13 rows=101 width=125)
	  Recheck Cond: ((k >= 2944005) AND (k <= 2944105))
	  ->  Bitmap Index Scan on k_1  (cost=0.00..5.44 rows=101 width=0)
	        Index Cond: ((k >= 2944005) AND (k <= 2944105))

table 2 : explain SELECT k, c FROM sbtest2 WHERE k BETWEEN 2944005 AND 2944105
	Bitmap Heap Scan on sbtest2  (cost=5.49..413.00 rows=103 width=125)
	  Recheck Cond: ((k >= 2944005) AND (k <= 2944105))
	  ->  Bitmap Index Scan on k_2  (cost=0.00..5.46 rows=103 width=0)
	        Index Cond: ((k >= 2944005) AND (k <= 2944105))

table 3 : explain SELECT k, c FROM sbtest3 WHERE k BETWEEN 2944005 AND 2944105
	Bitmap Heap Scan on sbtest3  (cost=5.55..436.62 rows=109 width=125)
	  Recheck Cond: ((k >= 2944005) AND (k <= 2944105))
	  ->  Bitmap Index Scan on k_3  (cost=0.00..5.52 rows=109 width=0)
	        Index Cond: ((k >= 2944005) AND (k <= 2944105))

table 4 : explain SELECT k, c FROM sbtest4 WHERE k BETWEEN 2944005 AND 2944105
	Bitmap Heap Scan on sbtest4  (cost=5.60..456.29 rows=114 width=125)
	  Recheck Cond: ((k >= 2944005) AND (k <= 2944105))
	  ->  Bitmap Index Scan on k_4  (cost=0.00..5.58 rows=114 width=0)
	        Index Cond: ((k >= 2944005) AND (k <= 2944105))

table 5 : explain SELECT k, c FROM sbtest5 WHERE k BETWEEN 2944005 AND 2944105
	Bitmap Heap Scan on sbtest5  (cost=5.44..393.31 rows=98 width=125)
	  Recheck Cond: ((k >= 2944005) AND (k <= 2944105))
	  ->  Bitmap Index Scan on k_5  (cost=0.00..5.42 rows=98 width=0)
	        Index Cond: ((k >= 2944005) AND (k <= 2944105))

table 6 : explain SELECT k, c FROM sbtest6 WHERE k BETWEEN 2944005 AND 2944105
	Bitmap Heap Scan on sbtest6  (cost=5.52..424.81 rows=106 width=125)
	  Recheck Cond: ((k >= 2944005) AND (k <= 2944105))
	  ->  Bitmap Index Scan on k_6  (cost=0.00..5.50 rows=106 width=0)
	        Index Cond: ((k >= 2944005) AND (k <= 2944105))

table 7 : explain SELECT k, c FROM sbtest7 WHERE k BETWEEN 2944005 AND 2944105
	Bitmap Heap Scan on sbtest7  (cost=5.50..416.94 rows=104 width=125)
	  Recheck Cond: ((k >= 2944005) AND (k <= 2944105))
	  ->  Bitmap Index Scan on k_7  (cost=0.00..5.47 rows=104 width=0)
	        Index Cond: ((k >= 2944005) AND (k <= 2944105))

table 8 : explain SELECT k, c FROM sbtest8 WHERE k BETWEEN 2944005 AND 2944105
	Bitmap Heap Scan on sbtest8  (cost=5.54..432.69 rows=108 width=125)
	  Recheck Cond: ((k >= 2944005) AND (k <= 2944105))
	  ->  Bitmap Index Scan on k_8  (cost=0.00..5.51 rows=108 width=0)
	        Index Cond: ((k >= 2944005) AND (k <= 2944105))

for range-notcovered
table 1 : explain SELECT k, c FROM sbtest1 WHERE k BETWEEN 2035383 AND 2035483
	Bitmap Heap Scan on sbtest1  (cost=5.46..401.19 rows=100 width=125)
	  Recheck Cond: ((k >= 2035383) AND (k <= 2035483))
	  ->  Bitmap Index Scan on k_1  (cost=0.00..5.43 rows=100 width=0)
	        Index Cond: ((k >= 2035383) AND (k <= 2035483))

table 2 : explain SELECT k, c FROM sbtest2 WHERE k BETWEEN 2035383 AND 2035483
	Bitmap Heap Scan on sbtest2  (cost=5.46..401.19 rows=100 width=125)
	  Recheck Cond: ((k >= 2035383) AND (k <= 2035483))
	  ->  Bitmap Index Scan on k_2  (cost=0.00..5.43 rows=100 width=0)
	        Index Cond: ((k >= 2035383) AND (k <= 2035483))

table 3 : explain SELECT k, c FROM sbtest3 WHERE k BETWEEN 2035383 AND 2035483
	Bitmap Heap Scan on sbtest3  (cost=5.45..397.25 rows=99 width=125)
	  Recheck Cond: ((k >= 2035383) AND (k <= 2035483))
	  ->  Bitmap Index Scan on k_3  (cost=0.00..5.42 rows=99 width=0)
	        Index Cond: ((k >= 2035383) AND (k <= 2035483))

table 4 : explain SELECT k, c FROM sbtest4 WHERE k BETWEEN 2035383 AND 2035483
	Bitmap Heap Scan on sbtest4  (cost=5.55..436.62 rows=109 width=125)
	  Recheck Cond: ((k >= 2035383) AND (k <= 2035483))
	  ->  Bitmap Index Scan on k_4  (cost=0.00..5.52 rows=109 width=0)
	        Index Cond: ((k >= 2035383) AND (k <= 2035483))

table 5 : explain SELECT k, c FROM sbtest5 WHERE k BETWEEN 2035383 AND 2035483
	Bitmap Heap Scan on sbtest5  (cost=5.48..409.07 rows=102 width=125)
	  Recheck Cond: ((k >= 2035383) AND (k <= 2035483))
	  ->  Bitmap Index Scan on k_5  (cost=0.00..5.45 rows=102 width=0)
	        Index Cond: ((k >= 2035383) AND (k <= 2035483))

table 6 : explain SELECT k, c FROM sbtest6 WHERE k BETWEEN 2035383 AND 2035483
	Bitmap Heap Scan on sbtest6  (cost=5.46..401.19 rows=100 width=125)
	  Recheck Cond: ((k >= 2035383) AND (k <= 2035483))
	  ->  Bitmap Index Scan on k_6  (cost=0.00..5.43 rows=100 width=0)
	        Index Cond: ((k >= 2035383) AND (k <= 2035483))

table 7 : explain SELECT k, c FROM sbtest7 WHERE k BETWEEN 2035383 AND 2035483
	Bitmap Heap Scan on sbtest7  (cost=5.49..413.00 rows=103 width=125)
	  Recheck Cond: ((k >= 2035383) AND (k <= 2035483))
	  ->  Bitmap Index Scan on k_7  (cost=0.00..5.46 rows=103 width=0)
	        Index Cond: ((k >= 2035383) AND (k <= 2035483))

table 8 : explain SELECT k, c FROM sbtest8 WHERE k BETWEEN 2035383 AND 2035483
	Bitmap Heap Scan on sbtest8  (cost=5.48..409.07 rows=102 width=125)
	  Recheck Cond: ((k >= 2035383) AND (k <= 2035483))
	  ->  Bitmap Index Scan on k_8  (cost=0.00..5.45 rows=102 width=0)
	        Index Cond: ((k >= 2035383) AND (k <= 2035483))

explain: for range-notcovered :: explain SELECT k, c FROM sbtest%d WHERE k BETWEEN 2944005 AND 2944105
explain: for range-notcovered :: explain SELECT k, c FROM sbtest%d WHERE k BETWEEN 2035383 AND 2035483
for range-notcovered
table 1 : explain SELECT k, c FROM sbtest1 WHERE k BETWEEN 523301 AND 523401
	Bitmap Heap Scan on sbtest1  (cost=5.52..424.81 rows=106 width=125)
	  Recheck Cond: ((k >= 523301) AND (k <= 523401))
	  ->  Bitmap Index Scan on k_1  (cost=0.00..5.50 rows=106 width=0)
	        Index Cond: ((k >= 523301) AND (k <= 523401))

table 2 : explain SELECT k, c FROM sbtest2 WHERE k BETWEEN 523301 AND 523401
	Bitmap Heap Scan on sbtest2  (cost=5.47..405.13 rows=101 width=125)
	  Recheck Cond: ((k >= 523301) AND (k <= 523401))
	  ->  Bitmap Index Scan on k_2  (cost=0.00..5.44 rows=101 width=0)
	        Index Cond: ((k >= 523301) AND (k <= 523401))

table 3 : explain SELECT k, c FROM sbtest3 WHERE k BETWEEN 523301 AND 523401
	Bitmap Heap Scan on sbtest3  (cost=5.54..432.69 rows=108 width=125)
	  Recheck Cond: ((k >= 523301) AND (k <= 523401))
	  ->  Bitmap Index Scan on k_3  (cost=0.00..5.51 rows=108 width=0)
	        Index Cond: ((k >= 523301) AND (k <= 523401))

table 4 : explain SELECT k, c FROM sbtest4 WHERE k BETWEEN 523301 AND 523401
	Bitmap Heap Scan on sbtest4  (cost=5.50..416.94 rows=104 width=125)
	  Recheck Cond: ((k >= 523301) AND (k <= 523401))
	  ->  Bitmap Index Scan on k_4  (cost=0.00..5.47 rows=104 width=0)
	        Index Cond: ((k >= 523301) AND (k <= 523401))

table 5 : explain SELECT k, c FROM sbtest5 WHERE k BETWEEN 523301 AND 523401
	Bitmap Heap Scan on sbtest5  (cost=5.43..389.37 rows=97 width=125)
	  Recheck Cond: ((k >= 523301) AND (k <= 523401))
	  ->  Bitmap Index Scan on k_5  (cost=0.00..5.40 rows=97 width=0)
	        Index Cond: ((k >= 523301) AND (k <= 523401))

table 6 : explain SELECT k, c FROM sbtest6 WHERE k BETWEEN 523301 AND 523401
	Bitmap Heap Scan on sbtest6  (cost=5.40..377.55 rows=94 width=125)
	  Recheck Cond: ((k >= 523301) AND (k <= 523401))
	  ->  Bitmap Index Scan on k_6  (cost=0.00..5.38 rows=94 width=0)
	        Index Cond: ((k >= 523301) AND (k <= 523401))

table 7 : explain SELECT k, c FROM sbtest7 WHERE k BETWEEN 523301 AND 523401
	Bitmap Heap Scan on sbtest7  (cost=5.40..377.55 rows=94 width=125)
	  Recheck Cond: ((k >= 523301) AND (k <= 523401))
	  ->  Bitmap Index Scan on k_7  (cost=0.00..5.38 rows=94 width=0)
	        Index Cond: ((k >= 523301) AND (k <= 523401))

table 8 : explain SELECT k, c FROM sbtest8 WHERE k BETWEEN 523301 AND 523401
	Bitmap Heap Scan on sbtest8  (cost=5.50..416.94 rows=104 width=125)
	  Recheck Cond: ((k >= 523301) AND (k <= 523401))
	  ->  Bitmap Index Scan on k_8  (cost=0.00..5.47 rows=104 width=0)
	        Index Cond: ((k >= 523301) AND (k <= 523401))

explain: for range-notcovered :: explain SELECT k, c FROM sbtest%d WHERE k BETWEEN 523301 AND 523401
for range-notcovered
table 1 : explain SELECT k, c FROM sbtest1 WHERE k BETWEEN 874898 AND 874998
	Bitmap Heap Scan on sbtest1  (cost=5.49..413.00 rows=103 width=125)
	  Recheck Cond: ((k >= 874898) AND (k <= 874998))
	  ->  Bitmap Index Scan on k_1  (cost=0.00..5.46 rows=103 width=0)
	        Index Cond: ((k >= 874898) AND (k <= 874998))

table 2 : explain SELECT k, c FROM sbtest2 WHERE k BETWEEN 874898 AND 874998
	Bitmap Heap Scan on sbtest2  (cost=5.44..393.31 rows=98 width=125)
	  Recheck Cond: ((k >= 874898) AND (k <= 874998))
	  ->  Bitmap Index Scan on k_2  (cost=0.00..5.42 rows=98 width=0)
	        Index Cond: ((k >= 874898) AND (k <= 874998))

table 3 : explain SELECT k, c FROM sbtest3 WHERE k BETWEEN 874898 AND 874998
	Bitmap Heap Scan on sbtest3  (cost=5.52..424.81 rows=106 width=125)
	  Recheck Cond: ((k >= 874898) AND (k <= 874998))
	  ->  Bitmap Index Scan on k_3  (cost=0.00..5.50 rows=106 width=0)
	        Index Cond: ((k >= 874898) AND (k <= 874998))

table 4 : explain SELECT k, c FROM sbtest4 WHERE k BETWEEN 874898 AND 874998
	Bitmap Heap Scan on sbtest4  (cost=5.50..416.94 rows=104 width=125)
	  Recheck Cond: ((k >= 874898) AND (k <= 874998))
	  ->  Bitmap Index Scan on k_4  (cost=0.00..5.47 rows=104 width=0)
	        Index Cond: ((k >= 874898) AND (k <= 874998))

table 5 : explain SELECT k, c FROM sbtest5 WHERE k BETWEEN 874898 AND 874998
	Bitmap Heap Scan on sbtest5  (cost=5.49..413.00 rows=103 width=125)
	  Recheck Cond: ((k >= 874898) AND (k <= 874998))
	  ->  Bitmap Index Scan on k_5  (cost=0.00..5.46 rows=103 width=0)
	        Index Cond: ((k >= 874898) AND (k <= 874998))

table 6 : explain SELECT k, c FROM sbtest6 WHERE k BETWEEN 874898 AND 874998
	Bitmap Heap Scan on sbtest6  (cost=5.42..385.43 rows=96 width=125)
	  Recheck Cond: ((k >= 874898) AND (k <= 874998))
	  ->  Bitmap Index Scan on k_6  (cost=0.00..5.39 rows=96 width=0)
	        Index Cond: ((k >= 874898) AND (k <= 874998))

table 7 : explain SELECT k, c FROM sbtest7 WHERE k BETWEEN 874898 AND 874998
	Bitmap Heap Scan on sbtest7  (cost=5.48..409.07 rows=102 width=125)
	  Recheck Cond: ((k >= 874898) AND (k <= 874998))
	  ->  Bitmap Index Scan on k_7  (cost=0.00..5.45 rows=102 width=0)
	        Index Cond: ((k >= 874898) AND (k <= 874998))

table 8 : explain SELECT k, c FROM sbtest8 WHERE k BETWEEN 874898 AND 874998
	Bitmap Heap Scan on sbtest8  (cost=5.48..409.07 rows=102 width=125)
	  Recheck Cond: ((k >= 874898) AND (k <= 874998))
	  ->  Bitmap Index Scan on k_8  (cost=0.00..5.45 rows=102 width=0)
	        Index Cond: ((k >= 874898) AND (k <= 874998))

explain: for range-notcovered :: explain SELECT k, c FROM sbtest%d WHERE k BETWEEN 874898 AND 874998
for range-notcovered
table 1 : explain SELECT k, c FROM sbtest1 WHERE k BETWEEN 2944005 AND 2944105
	Bitmap Heap Scan on sbtest1  (cost=5.47..405.13 rows=101 width=125)
	  Recheck Cond: ((k >= 2944005) AND (k <= 2944105))
	  ->  Bitmap Index Scan on k_1  (cost=0.00..5.44 rows=101 width=0)
	        Index Cond: ((k >= 2944005) AND (k <= 2944105))

table 2 : explain SELECT k, c FROM sbtest2 WHERE k BETWEEN 2944005 AND 2944105
	Bitmap Heap Scan on sbtest2  (cost=5.49..413.00 rows=103 width=125)
	  Recheck Cond: ((k >= 2944005) AND (k <= 2944105))
	  ->  Bitmap Index Scan on k_2  (cost=0.00..5.46 rows=103 width=0)
	        Index Cond: ((k >= 2944005) AND (k <= 2944105))

table 3 : explain SELECT k, c FROM sbtest3 WHERE k BETWEEN 2944005 AND 2944105
	Bitmap Heap Scan on sbtest3  (cost=5.55..436.62 rows=109 width=125)
	  Recheck Cond: ((k >= 2944005) AND (k <= 2944105))
	  ->  Bitmap Index Scan on k_3  (cost=0.00..5.52 rows=109 width=0)
	        Index Cond: ((k >= 2944005) AND (k <= 2944105))

table 4 : explain SELECT k, c FROM sbtest4 WHERE k BETWEEN 2944005 AND 2944105
	Bitmap Heap Scan on sbtest4  (cost=5.60..456.29 rows=114 width=125)
	  Recheck Cond: ((k >= 2944005) AND (k <= 2944105))
	  ->  Bitmap Index Scan on k_4  (cost=0.00..5.58 rows=114 width=0)
	        Index Cond: ((k >= 2944005) AND (k <= 2944105))

table 5 : explain SELECT k, c FROM sbtest5 WHERE k BETWEEN 2944005 AND 2944105
	Bitmap Heap Scan on sbtest5  (cost=5.44..393.31 rows=98 width=125)
	  Recheck Cond: ((k >= 2944005) AND (k <= 2944105))
	  ->  Bitmap Index Scan on k_5  (cost=0.00..5.42 rows=98 width=0)
	        Index Cond: ((k >= 2944005) AND (k <= 2944105))

table 6 : explain SELECT k, c FROM sbtest6 WHERE k BETWEEN 2944005 AND 2944105
	Bitmap Heap Scan on sbtest6  (cost=5.52..424.81 rows=106 width=125)
	  Recheck Cond: ((k >= 2944005) AND (k <= 2944105))
	  ->  Bitmap Index Scan on k_6  (cost=0.00..5.50 rows=106 width=0)
	        Index Cond: ((k >= 2944005) AND (k <= 2944105))

table 7 : explain SELECT k, c FROM sbtest7 WHERE k BETWEEN 2944005 AND 2944105
	Bitmap Heap Scan on sbtest7  (cost=5.50..416.94 rows=104 width=125)
	  Recheck Cond: ((k >= 2944005) AND (k <= 2944105))
	  ->  Bitmap Index Scan on k_7  (cost=0.00..5.47 rows=104 width=0)
	        Index Cond: ((k >= 2944005) AND (k <= 2944105))

table 8 : explain SELECT k, c FROM sbtest8 WHERE k BETWEEN 2944005 AND 2944105
	Bitmap Heap Scan on sbtest8  (cost=5.54..432.69 rows=108 width=125)
	  Recheck Cond: ((k >= 2944005) AND (k <= 2944105))
	  ->  Bitmap Index Scan on k_8  (cost=0.00..5.51 rows=108 width=0)
	        Index Cond: ((k >= 2944005) AND (k <= 2944105))

for range-notcovered
table 1 : explain SELECT k, c FROM sbtest1 WHERE k BETWEEN 2035383 AND 2035483
	Bitmap Heap Scan on sbtest1  (cost=5.46..401.19 rows=100 width=125)
	  Recheck Cond: ((k >= 2035383) AND (k <= 2035483))
	  ->  Bitmap Index Scan on k_1  (cost=0.00..5.43 rows=100 width=0)
	        Index Cond: ((k >= 2035383) AND (k <= 2035483))

table 2 : explain SELECT k, c FROM sbtest2 WHERE k BETWEEN 2035383 AND 2035483
	Bitmap Heap Scan on sbtest2  (cost=5.46..401.19 rows=100 width=125)
	  Recheck Cond: ((k >= 2035383) AND (k <= 2035483))
	  ->  Bitmap Index Scan on k_2  (cost=0.00..5.43 rows=100 width=0)
	        Index Cond: ((k >= 2035383) AND (k <= 2035483))

table 3 : explain SELECT k, c FROM sbtest3 WHERE k BETWEEN 2035383 AND 2035483
	Bitmap Heap Scan on sbtest3  (cost=5.45..397.25 rows=99 width=125)
	  Recheck Cond: ((k >= 2035383) AND (k <= 2035483))
	  ->  Bitmap Index Scan on k_3  (cost=0.00..5.42 rows=99 width=0)
	        Index Cond: ((k >= 2035383) AND (k <= 2035483))

table 4 : explain SELECT k, c FROM sbtest4 WHERE k BETWEEN 2035383 AND 2035483
	Bitmap Heap Scan on sbtest4  (cost=5.55..436.62 rows=109 width=125)
	  Recheck Cond: ((k >= 2035383) AND (k <= 2035483))
	  ->  Bitmap Index Scan on k_4  (cost=0.00..5.52 rows=109 width=0)
	        Index Cond: ((k >= 2035383) AND (k <= 2035483))

table 5 : explain SELECT k, c FROM sbtest5 WHERE k BETWEEN 2035383 AND 2035483
	Bitmap Heap Scan on sbtest5  (cost=5.48..409.07 rows=102 width=125)
	  Recheck Cond: ((k >= 2035383) AND (k <= 2035483))
	  ->  Bitmap Index Scan on k_5  (cost=0.00..5.45 rows=102 width=0)
	        Index Cond: ((k >= 2035383) AND (k <= 2035483))

table 6 : explain SELECT k, c FROM sbtest6 WHERE k BETWEEN 2035383 AND 2035483
	Bitmap Heap Scan on sbtest6  (cost=5.46..401.19 rows=100 width=125)
	  Recheck Cond: ((k >= 2035383) AND (k <= 2035483))
	  ->  Bitmap Index Scan on k_6  (cost=0.00..5.43 rows=100 width=0)
	        Index Cond: ((k >= 2035383) AND (k <= 2035483))

table 7 : explain SELECT k, c FROM sbtest7 WHERE k BETWEEN 2035383 AND 2035483
	Bitmap Heap Scan on sbtest7  (cost=5.49..413.00 rows=103 width=125)
	  Recheck Cond: ((k >= 2035383) AND (k <= 2035483))
	  ->  Bitmap Index Scan on k_7  (cost=0.00..5.46 rows=103 width=0)
	        Index Cond: ((k >= 2035383) AND (k <= 2035483))

table 8 : explain SELECT k, c FROM sbtest8 WHERE k BETWEEN 2035383 AND 2035483
	Bitmap Heap Scan on sbtest8  (cost=5.48..409.07 rows=102 width=125)
	  Recheck Cond: ((k >= 2035383) AND (k <= 2035483))
	  ->  Bitmap Index Scan on k_8  (cost=0.00..5.45 rows=102 width=0)
	        Index Cond: ((k >= 2035383) AND (k <= 2035483))

explain: for range-notcovered :: explain SELECT k, c FROM sbtest%d WHERE k BETWEEN 2944005 AND 2944105
explain: for range-notcovered :: explain SELECT k, c FROM sbtest%d WHERE k BETWEEN 2035383 AND 2035483
for range-notcovered
table 1 : explain SELECT k, c FROM sbtest1 WHERE k BETWEEN 523301 AND 523401
	Bitmap Heap Scan on sbtest1  (cost=5.52..424.81 rows=106 width=125)
	  Recheck Cond: ((k >= 523301) AND (k <= 523401))
	  ->  Bitmap Index Scan on k_1  (cost=0.00..5.50 rows=106 width=0)
	        Index Cond: ((k >= 523301) AND (k <= 523401))

table 2 : explain SELECT k, c FROM sbtest2 WHERE k BETWEEN 523301 AND 523401
	Bitmap Heap Scan on sbtest2  (cost=5.47..405.13 rows=101 width=125)
	  Recheck Cond: ((k >= 523301) AND (k <= 523401))
	  ->  Bitmap Index Scan on k_2  (cost=0.00..5.44 rows=101 width=0)
	        Index Cond: ((k >= 523301) AND (k <= 523401))

table 3 : explain SELECT k, c FROM sbtest3 WHERE k BETWEEN 523301 AND 523401
	Bitmap Heap Scan on sbtest3  (cost=5.54..432.69 rows=108 width=125)
	  Recheck Cond: ((k >= 523301) AND (k <= 523401))
	  ->  Bitmap Index Scan on k_3  (cost=0.00..5.51 rows=108 width=0)
	        Index Cond: ((k >= 523301) AND (k <= 523401))

table 4 : explain SELECT k, c FROM sbtest4 WHERE k BETWEEN 523301 AND 523401
	Bitmap Heap Scan on sbtest4  (cost=5.50..416.94 rows=104 width=125)
	  Recheck Cond: ((k >= 523301) AND (k <= 523401))
	  ->  Bitmap Index Scan on k_4  (cost=0.00..5.47 rows=104 width=0)
	        Index Cond: ((k >= 523301) AND (k <= 523401))

table 5 : explain SELECT k, c FROM sbtest5 WHERE k BETWEEN 523301 AND 523401
	Bitmap Heap Scan on sbtest5  (cost=5.43..389.37 rows=97 width=125)
	  Recheck Cond: ((k >= 523301) AND (k <= 523401))
	  ->  Bitmap Index Scan on k_5  (cost=0.00..5.40 rows=97 width=0)
	        Index Cond: ((k >= 523301) AND (k <= 523401))

table 6 : explain SELECT k, c FROM sbtest6 WHERE k BETWEEN 523301 AND 523401
	Bitmap Heap Scan on sbtest6  (cost=5.40..377.55 rows=94 width=125)
	  Recheck Cond: ((k >= 523301) AND (k <= 523401))
	  ->  Bitmap Index Scan on k_6  (cost=0.00..5.38 rows=94 width=0)
	        Index Cond: ((k >= 523301) AND (k <= 523401))

table 7 : explain SELECT k, c FROM sbtest7 WHERE k BETWEEN 523301 AND 523401
	Bitmap Heap Scan on sbtest7  (cost=5.40..377.55 rows=94 width=125)
	  Recheck Cond: ((k >= 523301) AND (k <= 523401))
	  ->  Bitmap Index Scan on k_7  (cost=0.00..5.38 rows=94 width=0)
	        Index Cond: ((k >= 523301) AND (k <= 523401))

table 8 : explain SELECT k, c FROM sbtest8 WHERE k BETWEEN 523301 AND 523401
	Bitmap Heap Scan on sbtest8  (cost=5.50..416.94 rows=104 width=125)
	  Recheck Cond: ((k >= 523301) AND (k <= 523401))
	  ->  Bitmap Index Scan on k_8  (cost=0.00..5.47 rows=104 width=0)
	        Index Cond: ((k >= 523301) AND (k <= 523401))

explain: for range-notcovered :: explain SELECT k, c FROM sbtest%d WHERE k BETWEEN 523301 AND 523401
for range-notcovered
table 1 : explain SELECT k, c FROM sbtest1 WHERE k BETWEEN 874898 AND 874998
	Bitmap Heap Scan on sbtest1  (cost=5.49..413.00 rows=103 width=125)
	  Recheck Cond: ((k >= 874898) AND (k <= 874998))
	  ->  Bitmap Index Scan on k_1  (cost=0.00..5.46 rows=103 width=0)
	        Index Cond: ((k >= 874898) AND (k <= 874998))

table 2 : explain SELECT k, c FROM sbtest2 WHERE k BETWEEN 874898 AND 874998
	Bitmap Heap Scan on sbtest2  (cost=5.44..393.31 rows=98 width=125)
	  Recheck Cond: ((k >= 874898) AND (k <= 874998))
	  ->  Bitmap Index Scan on k_2  (cost=0.00..5.42 rows=98 width=0)
	        Index Cond: ((k >= 874898) AND (k <= 874998))

table 3 : explain SELECT k, c FROM sbtest3 WHERE k BETWEEN 874898 AND 874998
	Bitmap Heap Scan on sbtest3  (cost=5.52..424.81 rows=106 width=125)
	  Recheck Cond: ((k >= 874898) AND (k <= 874998))
	  ->  Bitmap Index Scan on k_3  (cost=0.00..5.50 rows=106 width=0)
	        Index Cond: ((k >= 874898) AND (k <= 874998))

table 4 : explain SELECT k, c FROM sbtest4 WHERE k BETWEEN 874898 AND 874998
	Bitmap Heap Scan on sbtest4  (cost=5.50..416.94 rows=104 width=125)
	  Recheck Cond: ((k >= 874898) AND (k <= 874998))
	  ->  Bitmap Index Scan on k_4  (cost=0.00..5.47 rows=104 width=0)
	        Index Cond: ((k >= 874898) AND (k <= 874998))

table 5 : explain SELECT k, c FROM sbtest5 WHERE k BETWEEN 874898 AND 874998
	Bitmap Heap Scan on sbtest5  (cost=5.49..413.00 rows=103 width=125)
	  Recheck Cond: ((k >= 874898) AND (k <= 874998))
	  ->  Bitmap Index Scan on k_5  (cost=0.00..5.46 rows=103 width=0)
	        Index Cond: ((k >= 874898) AND (k <= 874998))

table 6 : explain SELECT k, c FROM sbtest6 WHERE k BETWEEN 874898 AND 874998
	Bitmap Heap Scan on sbtest6  (cost=5.42..385.43 rows=96 width=125)
	  Recheck Cond: ((k >= 874898) AND (k <= 874998))
	  ->  Bitmap Index Scan on k_6  (cost=0.00..5.39 rows=96 width=0)
	        Index Cond: ((k >= 874898) AND (k <= 874998))

table 7 : explain SELECT k, c FROM sbtest7 WHERE k BETWEEN 874898 AND 874998
	Bitmap Heap Scan on sbtest7  (cost=5.48..409.07 rows=102 width=125)
	  Recheck Cond: ((k >= 874898) AND (k <= 874998))
	  ->  Bitmap Index Scan on k_7  (cost=0.00..5.45 rows=102 width=0)
	        Index Cond: ((k >= 874898) AND (k <= 874998))

table 8 : explain SELECT k, c FROM sbtest8 WHERE k BETWEEN 874898 AND 874998
	Bitmap Heap Scan on sbtest8  (cost=5.48..409.07 rows=102 width=125)
	  Recheck Cond: ((k >= 874898) AND (k <= 874998))
	  ->  Bitmap Index Scan on k_8  (cost=0.00..5.45 rows=102 width=0)
	        Index Cond: ((k >= 874898) AND (k <= 874998))

explain: for range-notcovered :: explain SELECT k, c FROM sbtest%d WHERE k BETWEEN 874898 AND 874998
for range-notcovered
table 1 : explain SELECT k, c FROM sbtest1 WHERE k BETWEEN 2035383 AND 2035483
	Bitmap Heap Scan on sbtest1  (cost=5.46..401.19 rows=100 width=125)
	  Recheck Cond: ((k >= 2035383) AND (k <= 2035483))
	  ->  Bitmap Index Scan on k_1  (cost=0.00..5.43 rows=100 width=0)
	        Index Cond: ((k >= 2035383) AND (k <= 2035483))

table 2 : explain SELECT k, c FROM sbtest2 WHERE k BETWEEN 2035383 AND 2035483
	Bitmap Heap Scan on sbtest2  (cost=5.46..401.19 rows=100 width=125)
	  Recheck Cond: ((k >= 2035383) AND (k <= 2035483))
	  ->  Bitmap Index Scan on k_2  (cost=0.00..5.43 rows=100 width=0)
	        Index Cond: ((k >= 2035383) AND (k <= 2035483))

table 3 : explain SELECT k, c FROM sbtest3 WHERE k BETWEEN 2035383 AND 2035483
	Bitmap Heap Scan on sbtest3  (cost=5.45..397.25 rows=99 width=125)
	  Recheck Cond: ((k >= 2035383) AND (k <= 2035483))
	  ->  Bitmap Index Scan on k_3  (cost=0.00..5.42 rows=99 width=0)
	        Index Cond: ((k >= 2035383) AND (k <= 2035483))

table 4 : explain SELECT k, c FROM sbtest4 WHERE k BETWEEN 2035383 AND 2035483
	Bitmap Heap Scan on sbtest4  (cost=5.55..436.62 rows=109 width=125)
	  Recheck Cond: ((k >= 2035383) AND (k <= 2035483))
	  ->  Bitmap Index Scan on k_4  (cost=0.00..5.52 rows=109 width=0)
	        Index Cond: ((k >= 2035383) AND (k <= 2035483))

table 5 : explain SELECT k, c FROM sbtest5 WHERE k BETWEEN 2035383 AND 2035483
	Bitmap Heap Scan on sbtest5  (cost=5.48..409.07 rows=102 width=125)
	  Recheck Cond: ((k >= 2035383) AND (k <= 2035483))
	  ->  Bitmap Index Scan on k_5  (cost=0.00..5.45 rows=102 width=0)
	        Index Cond: ((k >= 2035383) AND (k <= 2035483))

table 6 : explain SELECT k, c FROM sbtest6 WHERE k BETWEEN 2035383 AND 2035483
	Bitmap Heap Scan on sbtest6  (cost=5.46..401.19 rows=100 width=125)
	  Recheck Cond: ((k >= 2035383) AND (k <= 2035483))
	  ->  Bitmap Index Scan on k_6  (cost=0.00..5.43 rows=100 width=0)
	        Index Cond: ((k >= 2035383) AND (k <= 2035483))

table 7 : explain SELECT k, c FROM sbtest7 WHERE k BETWEEN 2035383 AND 2035483
	Bitmap Heap Scan on sbtest7  (cost=5.49..413.00 rows=103 width=125)
	  Recheck Cond: ((k >= 2035383) AND (k <= 2035483))
	  ->  Bitmap Index Scan on k_7  (cost=0.00..5.46 rows=103 width=0)
	        Index Cond: ((k >= 2035383) AND (k <= 2035483))

table 8 : explain SELECT k, c FROM sbtest8 WHERE k BETWEEN 2035383 AND 2035483
	Bitmap Heap Scan on sbtest8  (cost=5.48..409.07 rows=102 width=125)
	  Recheck Cond: ((k >= 2035383) AND (k <= 2035483))
	  ->  Bitmap Index Scan on k_8  (cost=0.00..5.45 rows=102 width=0)
	        Index Cond: ((k >= 2035383) AND (k <= 2035483))

for range-notcovered
table 1 : explain SELECT k, c FROM sbtest1 WHERE k BETWEEN 2944005 AND 2944105
	Bitmap Heap Scan on sbtest1  (cost=5.47..405.13 rows=101 width=125)
	  Recheck Cond: ((k >= 2944005) AND (k <= 2944105))
	  ->  Bitmap Index Scan on k_1  (cost=0.00..5.44 rows=101 width=0)
	        Index Cond: ((k >= 2944005) AND (k <= 2944105))

table 2 : explain SELECT k, c FROM sbtest2 WHERE k BETWEEN 2944005 AND 2944105
	Bitmap Heap Scan on sbtest2  (cost=5.49..413.00 rows=103 width=125)
	  Recheck Cond: ((k >= 2944005) AND (k <= 2944105))
	  ->  Bitmap Index Scan on k_2  (cost=0.00..5.46 rows=103 width=0)
	        Index Cond: ((k >= 2944005) AND (k <= 2944105))

table 3 : explain SELECT k, c FROM sbtest3 WHERE k BETWEEN 2944005 AND 2944105
	Bitmap Heap Scan on sbtest3  (cost=5.55..436.62 rows=109 width=125)
	  Recheck Cond: ((k >= 2944005) AND (k <= 2944105))
	  ->  Bitmap Index Scan on k_3  (cost=0.00..5.52 rows=109 width=0)
	        Index Cond: ((k >= 2944005) AND (k <= 2944105))

table 4 : explain SELECT k, c FROM sbtest4 WHERE k BETWEEN 2944005 AND 2944105
	Bitmap Heap Scan on sbtest4  (cost=5.60..456.29 rows=114 width=125)
	  Recheck Cond: ((k >= 2944005) AND (k <= 2944105))
	  ->  Bitmap Index Scan on k_4  (cost=0.00..5.58 rows=114 width=0)
	        Index Cond: ((k >= 2944005) AND (k <= 2944105))

table 5 : explain SELECT k, c FROM sbtest5 WHERE k BETWEEN 2944005 AND 2944105
	Bitmap Heap Scan on sbtest5  (cost=5.44..393.31 rows=98 width=125)
	  Recheck Cond: ((k >= 2944005) AND (k <= 2944105))
	  ->  Bitmap Index Scan on k_5  (cost=0.00..5.42 rows=98 width=0)
	        Index Cond: ((k >= 2944005) AND (k <= 2944105))

table 6 : explain SELECT k, c FROM sbtest6 WHERE k BETWEEN 2944005 AND 2944105
	Bitmap Heap Scan on sbtest6  (cost=5.52..424.81 rows=106 width=125)
	  Recheck Cond: ((k >= 2944005) AND (k <= 2944105))
	  ->  Bitmap Index Scan on k_6  (cost=0.00..5.50 rows=106 width=0)
	        Index Cond: ((k >= 2944005) AND (k <= 2944105))

table 7 : explain SELECT k, c FROM sbtest7 WHERE k BETWEEN 2944005 AND 2944105
	Bitmap Heap Scan on sbtest7  (cost=5.50..416.94 rows=104 width=125)
	  Recheck Cond: ((k >= 2944005) AND (k <= 2944105))
	  ->  Bitmap Index Scan on k_7  (cost=0.00..5.47 rows=104 width=0)
	        Index Cond: ((k >= 2944005) AND (k <= 2944105))

table 8 : explain SELECT k, c FROM sbtest8 WHERE k BETWEEN 2944005 AND 2944105
	Bitmap Heap Scan on sbtest8  (cost=5.54..432.69 rows=108 width=125)
	  Recheck Cond: ((k >= 2944005) AND (k <= 2944105))
	  ->  Bitmap Index Scan on k_8  (cost=0.00..5.51 rows=108 width=0)
	        Index Cond: ((k >= 2944005) AND (k <= 2944105))

explain: for range-notcovered :: explain SELECT k, c FROM sbtest%d WHERE k BETWEEN 2944005 AND 2944105
for range-notcovered
table 1 : explain SELECT k, c FROM sbtest1 WHERE k BETWEEN 523301 AND 523401
	Bitmap Heap Scan on sbtest1  (cost=5.52..424.81 rows=106 width=125)
	  Recheck Cond: ((k >= 523301) AND (k <= 523401))
	  ->  Bitmap Index Scan on k_1  (cost=0.00..5.50 rows=106 width=0)
	        Index Cond: ((k >= 523301) AND (k <= 523401))

table 2 : explain SELECT k, c FROM sbtest2 WHERE k BETWEEN 523301 AND 523401
	Bitmap Heap Scan on sbtest2  (cost=5.47..405.13 rows=101 width=125)
	  Recheck Cond: ((k >= 523301) AND (k <= 523401))
	  ->  Bitmap Index Scan on k_2  (cost=0.00..5.44 rows=101 width=0)
	        Index Cond: ((k >= 523301) AND (k <= 523401))

table 3 : explain SELECT k, c FROM sbtest3 WHERE k BETWEEN 523301 AND 523401
	Bitmap Heap Scan on sbtest3  (cost=5.54..432.69 rows=108 width=125)
	  Recheck Cond: ((k >= 523301) AND (k <= 523401))
	  ->  Bitmap Index Scan on k_3  (cost=0.00..5.51 rows=108 width=0)
	        Index Cond: ((k >= 523301) AND (k <= 523401))

table 4 : explain SELECT k, c FROM sbtest4 WHERE k BETWEEN 523301 AND 523401
	Bitmap Heap Scan on sbtest4  (cost=5.50..416.94 rows=104 width=125)
	  Recheck Cond: ((k >= 523301) AND (k <= 523401))
	  ->  Bitmap Index Scan on k_4  (cost=0.00..5.47 rows=104 width=0)
	        Index Cond: ((k >= 523301) AND (k <= 523401))

table 5 : explain SELECT k, c FROM sbtest5 WHERE k BETWEEN 523301 AND 523401
	Bitmap Heap Scan on sbtest5  (cost=5.43..389.37 rows=97 width=125)
	  Recheck Cond: ((k >= 523301) AND (k <= 523401))
	  ->  Bitmap Index Scan on k_5  (cost=0.00..5.40 rows=97 width=0)
	        Index Cond: ((k >= 523301) AND (k <= 523401))

table 6 : explain SELECT k, c FROM sbtest6 WHERE k BETWEEN 523301 AND 523401
	Bitmap Heap Scan on sbtest6  (cost=5.40..377.55 rows=94 width=125)
	  Recheck Cond: ((k >= 523301) AND (k <= 523401))
	  ->  Bitmap Index Scan on k_6  (cost=0.00..5.38 rows=94 width=0)
	        Index Cond: ((k >= 523301) AND (k <= 523401))

table 7 : explain SELECT k, c FROM sbtest7 WHERE k BETWEEN 523301 AND 523401
	Bitmap Heap Scan on sbtest7  (cost=5.40..377.55 rows=94 width=125)
	  Recheck Cond: ((k >= 523301) AND (k <= 523401))
	  ->  Bitmap Index Scan on k_7  (cost=0.00..5.38 rows=94 width=0)
	        Index Cond: ((k >= 523301) AND (k <= 523401))

table 8 : explain SELECT k, c FROM sbtest8 WHERE k BETWEEN 523301 AND 523401
	Bitmap Heap Scan on sbtest8  (cost=5.50..416.94 rows=104 width=125)
	  Recheck Cond: ((k >= 523301) AND (k <= 523401))
	  ->  Bitmap Index Scan on k_8  (cost=0.00..5.47 rows=104 width=0)
	        Index Cond: ((k >= 523301) AND (k <= 523401))

explain: for range-notcovered :: explain SELECT k, c FROM sbtest%d WHERE k BETWEEN 523301 AND 523401
for range-notcovered
table 1 : explain SELECT k, c FROM sbtest1 WHERE k BETWEEN 874898 AND 874998
	Bitmap Heap Scan on sbtest1  (cost=5.49..413.00 rows=103 width=125)
	  Recheck Cond: ((k >= 874898) AND (k <= 874998))
	  ->  Bitmap Index Scan on k_1  (cost=0.00..5.46 rows=103 width=0)
	        Index Cond: ((k >= 874898) AND (k <= 874998))

table 2 : explain SELECT k, c FROM sbtest2 WHERE k BETWEEN 874898 AND 874998
	Bitmap Heap Scan on sbtest2  (cost=5.44..393.31 rows=98 width=125)
	  Recheck Cond: ((k >= 874898) AND (k <= 874998))
	  ->  Bitmap Index Scan on k_2  (cost=0.00..5.42 rows=98 width=0)
	        Index Cond: ((k >= 874898) AND (k <= 874998))

table 3 : explain SELECT k, c FROM sbtest3 WHERE k BETWEEN 874898 AND 874998
	Bitmap Heap Scan on sbtest3  (cost=5.52..424.81 rows=106 width=125)
	  Recheck Cond: ((k >= 874898) AND (k <= 874998))
	  ->  Bitmap Index Scan on k_3  (cost=0.00..5.50 rows=106 width=0)
	        Index Cond: ((k >= 874898) AND (k <= 874998))

table 4 : explain SELECT k, c FROM sbtest4 WHERE k BETWEEN 874898 AND 874998
	Bitmap Heap Scan on sbtest4  (cost=5.50..416.94 rows=104 width=125)
	  Recheck Cond: ((k >= 874898) AND (k <= 874998))
	  ->  Bitmap Index Scan on k_4  (cost=0.00..5.47 rows=104 width=0)
	        Index Cond: ((k >= 874898) AND (k <= 874998))

table 5 : explain SELECT k, c FROM sbtest5 WHERE k BETWEEN 874898 AND 874998
	Bitmap Heap Scan on sbtest5  (cost=5.49..413.00 rows=103 width=125)
	  Recheck Cond: ((k >= 874898) AND (k <= 874998))
	  ->  Bitmap Index Scan on k_5  (cost=0.00..5.46 rows=103 width=0)
	        Index Cond: ((k >= 874898) AND (k <= 874998))

table 6 : explain SELECT k, c FROM sbtest6 WHERE k BETWEEN 874898 AND 874998
	Bitmap Heap Scan on sbtest6  (cost=5.42..385.43 rows=96 width=125)
	  Recheck Cond: ((k >= 874898) AND (k <= 874998))
	  ->  Bitmap Index Scan on k_6  (cost=0.00..5.39 rows=96 width=0)
	        Index Cond: ((k >= 874898) AND (k <= 874998))

table 7 : explain SELECT k, c FROM sbtest7 WHERE k BETWEEN 874898 AND 874998
	Bitmap Heap Scan on sbtest7  (cost=5.48..409.07 rows=102 width=125)
	  Recheck Cond: ((k >= 874898) AND (k <= 874998))
	  ->  Bitmap Index Scan on k_7  (cost=0.00..5.45 rows=102 width=0)
	        Index Cond: ((k >= 874898) AND (k <= 874998))

table 8 : explain SELECT k, c FROM sbtest8 WHERE k BETWEEN 874898 AND 874998
	Bitmap Heap Scan on sbtest8  (cost=5.48..409.07 rows=102 width=125)
	  Recheck Cond: ((k >= 874898) AND (k <= 874998))
	  ->  Bitmap Index Scan on k_8  (cost=0.00..5.45 rows=102 width=0)
	        Index Cond: ((k >= 874898) AND (k <= 874998))

explain: for range-notcovered :: explain SELECT k, c FROM sbtest%d WHERE k BETWEEN 874898 AND 874998
for range-notcovered
table 1 : explain SELECT k, c FROM sbtest1 WHERE k BETWEEN 2944005 AND 2944105
	Bitmap Heap Scan on sbtest1  (cost=5.47..405.13 rows=101 width=125)
	  Recheck Cond: ((k >= 2944005) AND (k <= 2944105))
	  ->  Bitmap Index Scan on k_1  (cost=0.00..5.44 rows=101 width=0)
	        Index Cond: ((k >= 2944005) AND (k <= 2944105))

table 2 : explain SELECT k, c FROM sbtest2 WHERE k BETWEEN 2944005 AND 2944105
	Bitmap Heap Scan on sbtest2  (cost=5.49..413.00 rows=103 width=125)
	  Recheck Cond: ((k >= 2944005) AND (k <= 2944105))
	  ->  Bitmap Index Scan on k_2  (cost=0.00..5.46 rows=103 width=0)
	        Index Cond: ((k >= 2944005) AND (k <= 2944105))

table 3 : explain SELECT k, c FROM sbtest3 WHERE k BETWEEN 2944005 AND 2944105
	Bitmap Heap Scan on sbtest3  (cost=5.55..436.62 rows=109 width=125)
	  Recheck Cond: ((k >= 2944005) AND (k <= 2944105))
	  ->  Bitmap Index Scan on k_3  (cost=0.00..5.52 rows=109 width=0)
	        Index Cond: ((k >= 2944005) AND (k <= 2944105))

table 4 : explain SELECT k, c FROM sbtest4 WHERE k BETWEEN 2944005 AND 2944105
	Bitmap Heap Scan on sbtest4  (cost=5.60..456.29 rows=114 width=125)
	  Recheck Cond: ((k >= 2944005) AND (k <= 2944105))
	  ->  Bitmap Index Scan on k_4  (cost=0.00..5.58 rows=114 width=0)
	        Index Cond: ((k >= 2944005) AND (k <= 2944105))

table 5 : explain SELECT k, c FROM sbtest5 WHERE k BETWEEN 2944005 AND 2944105
	Bitmap Heap Scan on sbtest5  (cost=5.44..393.31 rows=98 width=125)
	  Recheck Cond: ((k >= 2944005) AND (k <= 2944105))
	  ->  Bitmap Index Scan on k_5  (cost=0.00..5.42 rows=98 width=0)
	        Index Cond: ((k >= 2944005) AND (k <= 2944105))

table 6 : explain SELECT k, c FROM sbtest6 WHERE k BETWEEN 2944005 AND 2944105
	Bitmap Heap Scan on sbtest6  (cost=5.52..424.81 rows=106 width=125)
	  Recheck Cond: ((k >= 2944005) AND (k <= 2944105))
	  ->  Bitmap Index Scan on k_6  (cost=0.00..5.50 rows=106 width=0)
	        Index Cond: ((k >= 2944005) AND (k <= 2944105))

table 7 : explain SELECT k, c FROM sbtest7 WHERE k BETWEEN 2944005 AND 2944105
	Bitmap Heap Scan on sbtest7  (cost=5.50..416.94 rows=104 width=125)
	  Recheck Cond: ((k >= 2944005) AND (k <= 2944105))
	  ->  Bitmap Index Scan on k_7  (cost=0.00..5.47 rows=104 width=0)
	        Index Cond: ((k >= 2944005) AND (k <= 2944105))

table 8 : explain SELECT k, c FROM sbtest8 WHERE k BETWEEN 2944005 AND 2944105
	Bitmap Heap Scan on sbtest8  (cost=5.54..432.69 rows=108 width=125)
	  Recheck Cond: ((k >= 2944005) AND (k <= 2944105))
	  ->  Bitmap Index Scan on k_8  (cost=0.00..5.51 rows=108 width=0)
	        Index Cond: ((k >= 2944005) AND (k <= 2944105))

explain: for range-notcovered :: explain SELECT k, c FROM sbtest%d WHERE k BETWEEN 2944005 AND 2944105
for range-notcovered
table 1 : explain SELECT k, c FROM sbtest1 WHERE k BETWEEN 523301 AND 523401
	Bitmap Heap Scan on sbtest1  (cost=5.52..424.81 rows=106 width=125)
	  Recheck Cond: ((k >= 523301) AND (k <= 523401))
	  ->  Bitmap Index Scan on k_1  (cost=0.00..5.50 rows=106 width=0)
	        Index Cond: ((k >= 523301) AND (k <= 523401))

table 2 : explain SELECT k, c FROM sbtest2 WHERE k BETWEEN 523301 AND 523401
	Bitmap Heap Scan on sbtest2  (cost=5.47..405.13 rows=101 width=125)
	  Recheck Cond: ((k >= 523301) AND (k <= 523401))
	  ->  Bitmap Index Scan on k_2  (cost=0.00..5.44 rows=101 width=0)
	        Index Cond: ((k >= 523301) AND (k <= 523401))

table 3 : explain SELECT k, c FROM sbtest3 WHERE k BETWEEN 523301 AND 523401
	Bitmap Heap Scan on sbtest3  (cost=5.54..432.69 rows=108 width=125)
	  Recheck Cond: ((k >= 523301) AND (k <= 523401))
	  ->  Bitmap Index Scan on k_3  (cost=0.00..5.51 rows=108 width=0)
	        Index Cond: ((k >= 523301) AND (k <= 523401))

table 4 : explain SELECT k, c FROM sbtest4 WHERE k BETWEEN 523301 AND 523401
	Bitmap Heap Scan on sbtest4  (cost=5.50..416.94 rows=104 width=125)
	  Recheck Cond: ((k >= 523301) AND (k <= 523401))
	  ->  Bitmap Index Scan on k_4  (cost=0.00..5.47 rows=104 width=0)
	        Index Cond: ((k >= 523301) AND (k <= 523401))

table 5 : explain SELECT k, c FROM sbtest5 WHERE k BETWEEN 523301 AND 523401
	Bitmap Heap Scan on sbtest5  (cost=5.43..389.37 rows=97 width=125)
	  Recheck Cond: ((k >= 523301) AND (k <= 523401))
	  ->  Bitmap Index Scan on k_5  (cost=0.00..5.40 rows=97 width=0)
	        Index Cond: ((k >= 523301) AND (k <= 523401))

table 6 : explain SELECT k, c FROM sbtest6 WHERE k BETWEEN 523301 AND 523401
	Bitmap Heap Scan on sbtest6  (cost=5.40..377.55 rows=94 width=125)
	  Recheck Cond: ((k >= 523301) AND (k <= 523401))
	  ->  Bitmap Index Scan on k_6  (cost=0.00..5.38 rows=94 width=0)
	        Index Cond: ((k >= 523301) AND (k <= 523401))

table 7 : explain SELECT k, c FROM sbtest7 WHERE k BETWEEN 523301 AND 523401
	Bitmap Heap Scan on sbtest7  (cost=5.40..377.55 rows=94 width=125)
	  Recheck Cond: ((k >= 523301) AND (k <= 523401))
	  ->  Bitmap Index Scan on k_7  (cost=0.00..5.38 rows=94 width=0)
	        Index Cond: ((k >= 523301) AND (k <= 523401))

table 8 : explain SELECT k, c FROM sbtest8 WHERE k BETWEEN 523301 AND 523401
	Bitmap Heap Scan on sbtest8  (cost=5.50..416.94 rows=104 width=125)
	  Recheck Cond: ((k >= 523301) AND (k <= 523401))
	  ->  Bitmap Index Scan on k_8  (cost=0.00..5.47 rows=104 width=0)
	        Index Cond: ((k >= 523301) AND (k <= 523401))

for range-notcovered
table 1 : explain SELECT k, c FROM sbtest1 WHERE k BETWEEN 8712035 AND 8712135
	Bitmap Heap Scan on sbtest1  (cost=5.46..401.19 rows=100 width=125)
	  Recheck Cond: ((k >= 8712035) AND (k <= 8712135))
	  ->  Bitmap Index Scan on k_1  (cost=0.00..5.43 rows=100 width=0)
	        Index Cond: ((k >= 8712035) AND (k <= 8712135))

table 2 : explain SELECT k, c FROM sbtest2 WHERE k BETWEEN 8712035 AND 8712135
	Bitmap Heap Scan on sbtest2  (cost=5.55..436.62 rows=109 width=125)
	  Recheck Cond: ((k >= 8712035) AND (k <= 8712135))
	  ->  Bitmap Index Scan on k_2  (cost=0.00..5.52 rows=109 width=0)
	        Index Cond: ((k >= 8712035) AND (k <= 8712135))

table 3 : explain SELECT k, c FROM sbtest3 WHERE k BETWEEN 8712035 AND 8712135
	Bitmap Heap Scan on sbtest3  (cost=5.44..393.31 rows=98 width=125)
	  Recheck Cond: ((k >= 8712035) AND (k <= 8712135))
	  ->  Bitmap Index Scan on k_3  (cost=0.00..5.42 rows=98 width=0)
	        Index Cond: ((k >= 8712035) AND (k <= 8712135))

table 4 : explain SELECT k, c FROM sbtest4 WHERE k BETWEEN 8712035 AND 8712135
	Bitmap Heap Scan on sbtest4  (cost=5.42..385.43 rows=96 width=125)
	  Recheck Cond: ((k >= 8712035) AND (k <= 8712135))
	  ->  Bitmap Index Scan on k_4  (cost=0.00..5.39 rows=96 width=0)
	        Index Cond: ((k >= 8712035) AND (k <= 8712135))

table 5 : explain SELECT k, c FROM sbtest5 WHERE k BETWEEN 8712035 AND 8712135
	Bitmap Heap Scan on sbtest5  (cost=5.57..444.49 rows=111 width=125)
	  Recheck Cond: ((k >= 8712035) AND (k <= 8712135))
	  ->  Bitmap Index Scan on k_5  (cost=0.00..5.54 rows=111 width=0)
	        Index Cond: ((k >= 8712035) AND (k <= 8712135))

table 6 : explain SELECT k, c FROM sbtest6 WHERE k BETWEEN 8712035 AND 8712135
	Bitmap Heap Scan on sbtest6  (cost=5.31..342.06 rows=85 width=125)
	  Recheck Cond: ((k >= 8712035) AND (k <= 8712135))
	  ->  Bitmap Index Scan on k_6  (cost=0.00..5.28 rows=85 width=0)
	        Index Cond: ((k >= 8712035) AND (k <= 8712135))

table 7 : explain SELECT k, c FROM sbtest7 WHERE k BETWEEN 8712035 AND 8712135
	Bitmap Heap Scan on sbtest7  (cost=5.54..432.69 rows=108 width=125)
	  Recheck Cond: ((k >= 8712035) AND (k <= 8712135))
	  ->  Bitmap Index Scan on k_7  (cost=0.00..5.51 rows=108 width=0)
	        Index Cond: ((k >= 8712035) AND (k <= 8712135))

table 8 : explain SELECT k, c FROM sbtest8 WHERE k BETWEEN 8712035 AND 8712135
	Bitmap Heap Scan on sbtest8  (cost=5.60..456.29 rows=114 width=125)
	  Recheck Cond: ((k >= 8712035) AND (k <= 8712135))
	  ->  Bitmap Index Scan on k_8  (cost=0.00..5.58 rows=114 width=0)
	        Index Cond: ((k >= 8712035) AND (k <= 8712135))

explain: for range-notcovered :: explain SELECT k, c FROM sbtest%d WHERE k BETWEEN 8712035 AND 8712135
explain: for range-notcovered :: explain SELECT k, c FROM sbtest%d WHERE k BETWEEN 5766881 AND 5766981
for range-notcovered
table 1 : explain SELECT k, c FROM sbtest1 WHERE k BETWEEN 874898 AND 874998
	Bitmap Heap Scan on sbtest1  (cost=5.49..413.00 rows=103 width=125)
	  Recheck Cond: ((k >= 874898) AND (k <= 874998))
	  ->  Bitmap Index Scan on k_1  (cost=0.00..5.46 rows=103 width=0)
	        Index Cond: ((k >= 874898) AND (k <= 874998))

table 2 : explain SELECT k, c FROM sbtest2 WHERE k BETWEEN 874898 AND 874998
	Bitmap Heap Scan on sbtest2  (cost=5.44..393.31 rows=98 width=125)
	  Recheck Cond: ((k >= 874898) AND (k <= 874998))
	  ->  Bitmap Index Scan on k_2  (cost=0.00..5.42 rows=98 width=0)
	        Index Cond: ((k >= 874898) AND (k <= 874998))

table 3 : explain SELECT k, c FROM sbtest3 WHERE k BETWEEN 874898 AND 874998
	Bitmap Heap Scan on sbtest3  (cost=5.52..424.81 rows=106 width=125)
	  Recheck Cond: ((k >= 874898) AND (k <= 874998))
	  ->  Bitmap Index Scan on k_3  (cost=0.00..5.50 rows=106 width=0)
	        Index Cond: ((k >= 874898) AND (k <= 874998))

table 4 : explain SELECT k, c FROM sbtest4 WHERE k BETWEEN 874898 AND 874998
	Bitmap Heap Scan on sbtest4  (cost=5.50..416.94 rows=104 width=125)
	  Recheck Cond: ((k >= 874898) AND (k <= 874998))
	  ->  Bitmap Index Scan on k_4  (cost=0.00..5.47 rows=104 width=0)
	        Index Cond: ((k >= 874898) AND (k <= 874998))

table 5 : explain SELECT k, c FROM sbtest5 WHERE k BETWEEN 874898 AND 874998
	Bitmap Heap Scan on sbtest5  (cost=5.49..413.00 rows=103 width=125)
	  Recheck Cond: ((k >= 874898) AND (k <= 874998))
	  ->  Bitmap Index Scan on k_5  (cost=0.00..5.46 rows=103 width=0)
	        Index Cond: ((k >= 874898) AND (k <= 874998))

table 6 : explain SELECT k, c FROM sbtest6 WHERE k BETWEEN 874898 AND 874998
	Bitmap Heap Scan on sbtest6  (cost=5.42..385.43 rows=96 width=125)
	  Recheck Cond: ((k >= 874898) AND (k <= 874998))
	  ->  Bitmap Index Scan on k_6  (cost=0.00..5.39 rows=96 width=0)
	        Index Cond: ((k >= 874898) AND (k <= 874998))

table 7 : explain SELECT k, c FROM sbtest7 WHERE k BETWEEN 874898 AND 874998
	Bitmap Heap Scan on sbtest7  (cost=5.48..409.07 rows=102 width=125)
	  Recheck Cond: ((k >= 874898) AND (k <= 874998))
	  ->  Bitmap Index Scan on k_7  (cost=0.00..5.45 rows=102 width=0)
	        Index Cond: ((k >= 874898) AND (k <= 874998))

table 8 : explain SELECT k, c FROM sbtest8 WHERE k BETWEEN 874898 AND 874998
	Bitmap Heap Scan on sbtest8  (cost=5.48..409.07 rows=102 width=125)
	  Recheck Cond: ((k >= 874898) AND (k <= 874998))
	  ->  Bitmap Index Scan on k_8  (cost=0.00..5.45 rows=102 width=0)
	        Index Cond: ((k >= 874898) AND (k <= 874998))

explain: for range-notcovered :: explain SELECT k, c FROM sbtest%d WHERE k BETWEEN 874898 AND 874998
for range-notcovered
table 1 : explain SELECT k, c FROM sbtest1 WHERE k BETWEEN 5766881 AND 5766981
	Bitmap Heap Scan on sbtest1  (cost=5.52..424.81 rows=106 width=125)
	  Recheck Cond: ((k >= 5766881) AND (k <= 5766981))
	  ->  Bitmap Index Scan on k_1  (cost=0.00..5.50 rows=106 width=0)
	        Index Cond: ((k >= 5766881) AND (k <= 5766981))

table 2 : explain SELECT k, c FROM sbtest2 WHERE k BETWEEN 5766881 AND 5766981
	Bitmap Heap Scan on sbtest2  (cost=5.45..397.25 rows=99 width=125)
	  Recheck Cond: ((k >= 5766881) AND (k <= 5766981))
	  ->  Bitmap Index Scan on k_2  (cost=0.00..5.42 rows=99 width=0)
	        Index Cond: ((k >= 5766881) AND (k <= 5766981))

table 3 : explain SELECT k, c FROM sbtest3 WHERE k BETWEEN 5766881 AND 5766981
	Bitmap Heap Scan on sbtest3  (cost=5.42..385.43 rows=96 width=125)
	  Recheck Cond: ((k >= 5766881) AND (k <= 5766981))
	  ->  Bitmap Index Scan on k_3  (cost=0.00..5.39 rows=96 width=0)
	        Index Cond: ((k >= 5766881) AND (k <= 5766981))

table 4 : explain SELECT k, c FROM sbtest4 WHERE k BETWEEN 5766881 AND 5766981
	Bitmap Heap Scan on sbtest4  (cost=5.41..381.49 rows=95 width=125)
	  Recheck Cond: ((k >= 5766881) AND (k <= 5766981))
	  ->  Bitmap Index Scan on k_4  (cost=0.00..5.38 rows=95 width=0)
	        Index Cond: ((k >= 5766881) AND (k <= 5766981))

table 5 : explain SELECT k, c FROM sbtest5 WHERE k BETWEEN 5766881 AND 5766981
	Bitmap Heap Scan on sbtest5  (cost=5.42..385.43 rows=96 width=125)
	  Recheck Cond: ((k >= 5766881) AND (k <= 5766981))
	  ->  Bitmap Index Scan on k_5  (cost=0.00..5.39 rows=96 width=0)
	        Index Cond: ((k >= 5766881) AND (k <= 5766981))

table 6 : explain SELECT k, c FROM sbtest6 WHERE k BETWEEN 5766881 AND 5766981
	Bitmap Heap Scan on sbtest6  (cost=5.44..393.31 rows=98 width=125)
	  Recheck Cond: ((k >= 5766881) AND (k <= 5766981))
	  ->  Bitmap Index Scan on k_6  (cost=0.00..5.42 rows=98 width=0)
	        Index Cond: ((k >= 5766881) AND (k <= 5766981))

table 7 : explain SELECT k, c FROM sbtest7 WHERE k BETWEEN 5766881 AND 5766981
	Bitmap Heap Scan on sbtest7  (cost=5.48..409.07 rows=102 width=125)
	  Recheck Cond: ((k >= 5766881) AND (k <= 5766981))
	  ->  Bitmap Index Scan on k_7  (cost=0.00..5.45 rows=102 width=0)
	        Index Cond: ((k >= 5766881) AND (k <= 5766981))

table 8 : explain SELECT k, c FROM sbtest8 WHERE k BETWEEN 5766881 AND 5766981
	Bitmap Heap Scan on sbtest8  (cost=5.45..397.25 rows=99 width=125)
	  Recheck Cond: ((k >= 5766881) AND (k <= 5766981))
	  ->  Bitmap Index Scan on k_8  (cost=0.00..5.42 rows=99 width=0)
	        Index Cond: ((k >= 5766881) AND (k <= 5766981))

for range-notcovered
table 1 : explain SELECT k, c FROM sbtest1 WHERE k BETWEEN 8712035 AND 8712135
	Bitmap Heap Scan on sbtest1  (cost=5.46..401.19 rows=100 width=125)
	  Recheck Cond: ((k >= 8712035) AND (k <= 8712135))
	  ->  Bitmap Index Scan on k_1  (cost=0.00..5.43 rows=100 width=0)
	        Index Cond: ((k >= 8712035) AND (k <= 8712135))

table 2 : explain SELECT k, c FROM sbtest2 WHERE k BETWEEN 8712035 AND 8712135
	Bitmap Heap Scan on sbtest2  (cost=5.55..436.62 rows=109 width=125)
	  Recheck Cond: ((k >= 8712035) AND (k <= 8712135))
	  ->  Bitmap Index Scan on k_2  (cost=0.00..5.52 rows=109 width=0)
	        Index Cond: ((k >= 8712035) AND (k <= 8712135))

table 3 : explain SELECT k, c FROM sbtest3 WHERE k BETWEEN 8712035 AND 8712135
	Bitmap Heap Scan on sbtest3  (cost=5.44..393.31 rows=98 width=125)
	  Recheck Cond: ((k >= 8712035) AND (k <= 8712135))
	  ->  Bitmap Index Scan on k_3  (cost=0.00..5.42 rows=98 width=0)
	        Index Cond: ((k >= 8712035) AND (k <= 8712135))

table 4 : explain SELECT k, c FROM sbtest4 WHERE k BETWEEN 8712035 AND 8712135
	Bitmap Heap Scan on sbtest4  (cost=5.42..385.43 rows=96 width=125)
	  Recheck Cond: ((k >= 8712035) AND (k <= 8712135))
	  ->  Bitmap Index Scan on k_4  (cost=0.00..5.39 rows=96 width=0)
	        Index Cond: ((k >= 8712035) AND (k <= 8712135))

table 5 : explain SELECT k, c FROM sbtest5 WHERE k BETWEEN 8712035 AND 8712135
	Bitmap Heap Scan on sbtest5  (cost=5.57..444.49 rows=111 width=125)
	  Recheck Cond: ((k >= 8712035) AND (k <= 8712135))
	  ->  Bitmap Index Scan on k_5  (cost=0.00..5.54 rows=111 width=0)
	        Index Cond: ((k >= 8712035) AND (k <= 8712135))

table 6 : explain SELECT k, c FROM sbtest6 WHERE k BETWEEN 8712035 AND 8712135
	Bitmap Heap Scan on sbtest6  (cost=5.31..342.06 rows=85 width=125)
	  Recheck Cond: ((k >= 8712035) AND (k <= 8712135))
	  ->  Bitmap Index Scan on k_6  (cost=0.00..5.28 rows=85 width=0)
	        Index Cond: ((k >= 8712035) AND (k <= 8712135))

table 7 : explain SELECT k, c FROM sbtest7 WHERE k BETWEEN 8712035 AND 8712135
	Bitmap Heap Scan on sbtest7  (cost=5.54..432.69 rows=108 width=125)
	  Recheck Cond: ((k >= 8712035) AND (k <= 8712135))
	  ->  Bitmap Index Scan on k_7  (cost=0.00..5.51 rows=108 width=0)
	        Index Cond: ((k >= 8712035) AND (k <= 8712135))

table 8 : explain SELECT k, c FROM sbtest8 WHERE k BETWEEN 8712035 AND 8712135
	Bitmap Heap Scan on sbtest8  (cost=5.60..456.29 rows=114 width=125)
	  Recheck Cond: ((k >= 8712035) AND (k <= 8712135))
	  ->  Bitmap Index Scan on k_8  (cost=0.00..5.58 rows=114 width=0)
	        Index Cond: ((k >= 8712035) AND (k <= 8712135))

explain: for range-notcovered :: explain SELECT k, c FROM sbtest%d WHERE k BETWEEN 5766881 AND 5766981
explain: for range-notcovered :: explain SELECT k, c FROM sbtest%d WHERE k BETWEEN 8712035 AND 8712135
for range-notcovered
table 1 : explain SELECT k, c FROM sbtest1 WHERE k BETWEEN 2944005 AND 2944105
	Bitmap Heap Scan on sbtest1  (cost=5.47..405.13 rows=101 width=125)
	  Recheck Cond: ((k >= 2944005) AND (k <= 2944105))
	  ->  Bitmap Index Scan on k_1  (cost=0.00..5.44 rows=101 width=0)
	        Index Cond: ((k >= 2944005) AND (k <= 2944105))

table 2 : explain SELECT k, c FROM sbtest2 WHERE k BETWEEN 2944005 AND 2944105
	Bitmap Heap Scan on sbtest2  (cost=5.49..413.00 rows=103 width=125)
	  Recheck Cond: ((k >= 2944005) AND (k <= 2944105))
	  ->  Bitmap Index Scan on k_2  (cost=0.00..5.46 rows=103 width=0)
	        Index Cond: ((k >= 2944005) AND (k <= 2944105))

table 3 : explain SELECT k, c FROM sbtest3 WHERE k BETWEEN 2944005 AND 2944105
	Bitmap Heap Scan on sbtest3  (cost=5.55..436.62 rows=109 width=125)
	  Recheck Cond: ((k >= 2944005) AND (k <= 2944105))
	  ->  Bitmap Index Scan on k_3  (cost=0.00..5.52 rows=109 width=0)
	        Index Cond: ((k >= 2944005) AND (k <= 2944105))

table 4 : explain SELECT k, c FROM sbtest4 WHERE k BETWEEN 2944005 AND 2944105
	Bitmap Heap Scan on sbtest4  (cost=5.60..456.29 rows=114 width=125)
	  Recheck Cond: ((k >= 2944005) AND (k <= 2944105))
	  ->  Bitmap Index Scan on k_4  (cost=0.00..5.58 rows=114 width=0)
	        Index Cond: ((k >= 2944005) AND (k <= 2944105))

table 5 : explain SELECT k, c FROM sbtest5 WHERE k BETWEEN 2944005 AND 2944105
	Bitmap Heap Scan on sbtest5  (cost=5.44..393.31 rows=98 width=125)
	  Recheck Cond: ((k >= 2944005) AND (k <= 2944105))
	  ->  Bitmap Index Scan on k_5  (cost=0.00..5.42 rows=98 width=0)
	        Index Cond: ((k >= 2944005) AND (k <= 2944105))

table 6 : explain SELECT k, c FROM sbtest6 WHERE k BETWEEN 2944005 AND 2944105
	Bitmap Heap Scan on sbtest6  (cost=5.52..424.81 rows=106 width=125)
	  Recheck Cond: ((k >= 2944005) AND (k <= 2944105))
	  ->  Bitmap Index Scan on k_6  (cost=0.00..5.50 rows=106 width=0)
	        Index Cond: ((k >= 2944005) AND (k <= 2944105))

table 7 : explain SELECT k, c FROM sbtest7 WHERE k BETWEEN 2944005 AND 2944105
	Bitmap Heap Scan on sbtest7  (cost=5.50..416.94 rows=104 width=125)
	  Recheck Cond: ((k >= 2944005) AND (k <= 2944105))
	  ->  Bitmap Index Scan on k_7  (cost=0.00..5.47 rows=104 width=0)
	        Index Cond: ((k >= 2944005) AND (k <= 2944105))

table 8 : explain SELECT k, c FROM sbtest8 WHERE k BETWEEN 2944005 AND 2944105
	Bitmap Heap Scan on sbtest8  (cost=5.54..432.69 rows=108 width=125)
	  Recheck Cond: ((k >= 2944005) AND (k <= 2944105))
	  ->  Bitmap Index Scan on k_8  (cost=0.00..5.51 rows=108 width=0)
	        Index Cond: ((k >= 2944005) AND (k <= 2944105))

explain: for range-notcovered :: explain SELECT k, c FROM sbtest%d WHERE k BETWEEN 5497434 AND 5497534
for range-notcovered
table 1 : explain SELECT k, c FROM sbtest1 WHERE k BETWEEN 4757182 AND 4757282
	Bitmap Heap Scan on sbtest1  (cost=5.43..389.37 rows=97 width=125)
	  Recheck Cond: ((k >= 4757182) AND (k <= 4757282))
	  ->  Bitmap Index Scan on k_1  (cost=0.00..5.40 rows=97 width=0)
	        Index Cond: ((k >= 4757182) AND (k <= 4757282))

table 2 : explain SELECT k, c FROM sbtest2 WHERE k BETWEEN 4757182 AND 4757282
	Bitmap Heap Scan on sbtest2  (cost=5.38..369.67 rows=92 width=125)
	  Recheck Cond: ((k >= 4757182) AND (k <= 4757282))
	  ->  Bitmap Index Scan on k_2  (cost=0.00..5.35 rows=92 width=0)
	        Index Cond: ((k >= 4757182) AND (k <= 4757282))

table 3 : explain SELECT k, c FROM sbtest3 WHERE k BETWEEN 4757182 AND 4757282
	Bitmap Heap Scan on sbtest3  (cost=5.42..385.43 rows=96 width=125)
	  Recheck Cond: ((k >= 4757182) AND (k <= 4757282))
	  ->  Bitmap Index Scan on k_3  (cost=0.00..5.39 rows=96 width=0)
	        Index Cond: ((k >= 4757182) AND (k <= 4757282))

table 4 : explain SELECT k, c FROM sbtest4 WHERE k BETWEEN 4757182 AND 4757282
	Bitmap Heap Scan on sbtest4  (cost=5.54..432.69 rows=108 width=125)
	  Recheck Cond: ((k >= 4757182) AND (k <= 4757282))
	  ->  Bitmap Index Scan on k_4  (cost=0.00..5.51 rows=108 width=0)
	        Index Cond: ((k >= 4757182) AND (k <= 4757282))

table 5 : explain SELECT k, c FROM sbtest5 WHERE k BETWEEN 4757182 AND 4757282
	Bitmap Heap Scan on sbtest5  (cost=5.48..409.07 rows=102 width=125)
	  Recheck Cond: ((k >= 4757182) AND (k <= 4757282))
	  ->  Bitmap Index Scan on k_5  (cost=0.00..5.45 rows=102 width=0)
	        Index Cond: ((k >= 4757182) AND (k <= 4757282))

table 6 : explain SELECT k, c FROM sbtest6 WHERE k BETWEEN 4757182 AND 4757282
	Bitmap Heap Scan on sbtest6  (cost=5.54..432.69 rows=108 width=125)
	  Recheck Cond: ((k >= 4757182) AND (k <= 4757282))
	  ->  Bitmap Index Scan on k_6  (cost=0.00..5.51 rows=108 width=0)
	        Index Cond: ((k >= 4757182) AND (k <= 4757282))

table 7 : explain SELECT k, c FROM sbtest7 WHERE k BETWEEN 4757182 AND 4757282
	Bitmap Heap Scan on sbtest7  (cost=5.53..428.75 rows=107 width=125)
	  Recheck Cond: ((k >= 4757182) AND (k <= 4757282))
	  ->  Bitmap Index Scan on k_7  (cost=0.00..5.50 rows=107 width=0)
	        Index Cond: ((k >= 4757182) AND (k <= 4757282))

table 8 : explain SELECT k, c FROM sbtest8 WHERE k BETWEEN 4757182 AND 4757282
	Bitmap Heap Scan on sbtest8  (cost=5.44..393.31 rows=98 width=125)
	  Recheck Cond: ((k >= 4757182) AND (k <= 4757282))
	  ->  Bitmap Index Scan on k_8  (cost=0.00..5.42 rows=98 width=0)
	        Index Cond: ((k >= 4757182) AND (k <= 4757282))

explain: for range-notcovered :: explain SELECT k, c FROM sbtest%d WHERE k BETWEEN 4757182 AND 4757282
for range-notcovered
table 1 : explain SELECT k, c FROM sbtest1 WHERE k BETWEEN 8712035 AND 8712135
	Bitmap Heap Scan on sbtest1  (cost=5.46..401.19 rows=100 width=125)
	  Recheck Cond: ((k >= 8712035) AND (k <= 8712135))
	  ->  Bitmap Index Scan on k_1  (cost=0.00..5.43 rows=100 width=0)
	        Index Cond: ((k >= 8712035) AND (k <= 8712135))

table 2 : explain SELECT k, c FROM sbtest2 WHERE k BETWEEN 8712035 AND 8712135
	Bitmap Heap Scan on sbtest2  (cost=5.55..436.62 rows=109 width=125)
	  Recheck Cond: ((k >= 8712035) AND (k <= 8712135))
	  ->  Bitmap Index Scan on k_2  (cost=0.00..5.52 rows=109 width=0)
	        Index Cond: ((k >= 8712035) AND (k <= 8712135))

table 3 : explain SELECT k, c FROM sbtest3 WHERE k BETWEEN 8712035 AND 8712135
	Bitmap Heap Scan on sbtest3  (cost=5.44..393.31 rows=98 width=125)
	  Recheck Cond: ((k >= 8712035) AND (k <= 8712135))
	  ->  Bitmap Index Scan on k_3  (cost=0.00..5.42 rows=98 width=0)
	        Index Cond: ((k >= 8712035) AND (k <= 8712135))

table 4 : explain SELECT k, c FROM sbtest4 WHERE k BETWEEN 8712035 AND 8712135
	Bitmap Heap Scan on sbtest4  (cost=5.42..385.43 rows=96 width=125)
	  Recheck Cond: ((k >= 8712035) AND (k <= 8712135))
	  ->  Bitmap Index Scan on k_4  (cost=0.00..5.39 rows=96 width=0)
	        Index Cond: ((k >= 8712035) AND (k <= 8712135))

table 5 : explain SELECT k, c FROM sbtest5 WHERE k BETWEEN 8712035 AND 8712135
	Bitmap Heap Scan on sbtest5  (cost=5.57..444.49 rows=111 width=125)
	  Recheck Cond: ((k >= 8712035) AND (k <= 8712135))
	  ->  Bitmap Index Scan on k_5  (cost=0.00..5.54 rows=111 width=0)
	        Index Cond: ((k >= 8712035) AND (k <= 8712135))

table 6 : explain SELECT k, c FROM sbtest6 WHERE k BETWEEN 8712035 AND 8712135
	Bitmap Heap Scan on sbtest6  (cost=5.31..342.06 rows=85 width=125)
	  Recheck Cond: ((k >= 8712035) AND (k <= 8712135))
	  ->  Bitmap Index Scan on k_6  (cost=0.00..5.28 rows=85 width=0)
	        Index Cond: ((k >= 8712035) AND (k <= 8712135))

table 7 : explain SELECT k, c FROM sbtest7 WHERE k BETWEEN 8712035 AND 8712135
	Bitmap Heap Scan on sbtest7  (cost=5.54..432.69 rows=108 width=125)
	  Recheck Cond: ((k >= 8712035) AND (k <= 8712135))
	  ->  Bitmap Index Scan on k_7  (cost=0.00..5.51 rows=108 width=0)
	        Index Cond: ((k >= 8712035) AND (k <= 8712135))

table 8 : explain SELECT k, c FROM sbtest8 WHERE k BETWEEN 8712035 AND 8712135
	Bitmap Heap Scan on sbtest8  (cost=5.60..456.29 rows=114 width=125)
	  Recheck Cond: ((k >= 8712035) AND (k <= 8712135))
	  ->  Bitmap Index Scan on k_8  (cost=0.00..5.58 rows=114 width=0)
	        Index Cond: ((k >= 8712035) AND (k <= 8712135))

for range-notcovered
table 1 : explain SELECT k, c FROM sbtest1 WHERE k BETWEEN 5766881 AND 5766981
	Bitmap Heap Scan on sbtest1  (cost=5.52..424.81 rows=106 width=125)
	  Recheck Cond: ((k >= 5766881) AND (k <= 5766981))
	  ->  Bitmap Index Scan on k_1  (cost=0.00..5.50 rows=106 width=0)
	        Index Cond: ((k >= 5766881) AND (k <= 5766981))

table 2 : explain SELECT k, c FROM sbtest2 WHERE k BETWEEN 5766881 AND 5766981
	Bitmap Heap Scan on sbtest2  (cost=5.45..397.25 rows=99 width=125)
	  Recheck Cond: ((k >= 5766881) AND (k <= 5766981))
	  ->  Bitmap Index Scan on k_2  (cost=0.00..5.42 rows=99 width=0)
	        Index Cond: ((k >= 5766881) AND (k <= 5766981))

table 3 : explain SELECT k, c FROM sbtest3 WHERE k BETWEEN 5766881 AND 5766981
	Bitmap Heap Scan on sbtest3  (cost=5.42..385.43 rows=96 width=125)
	  Recheck Cond: ((k >= 5766881) AND (k <= 5766981))
	  ->  Bitmap Index Scan on k_3  (cost=0.00..5.39 rows=96 width=0)
	        Index Cond: ((k >= 5766881) AND (k <= 5766981))

table 4 : explain SELECT k, c FROM sbtest4 WHERE k BETWEEN 5766881 AND 5766981
	Bitmap Heap Scan on sbtest4  (cost=5.41..381.49 rows=95 width=125)
	  Recheck Cond: ((k >= 5766881) AND (k <= 5766981))
	  ->  Bitmap Index Scan on k_4  (cost=0.00..5.38 rows=95 width=0)
	        Index Cond: ((k >= 5766881) AND (k <= 5766981))

table 5 : explain SELECT k, c FROM sbtest5 WHERE k BETWEEN 5766881 AND 5766981
	Bitmap Heap Scan on sbtest5  (cost=5.42..385.43 rows=96 width=125)
	  Recheck Cond: ((k >= 5766881) AND (k <= 5766981))
	  ->  Bitmap Index Scan on k_5  (cost=0.00..5.39 rows=96 width=0)
	        Index Cond: ((k >= 5766881) AND (k <= 5766981))

table 6 : explain SELECT k, c FROM sbtest6 WHERE k BETWEEN 5766881 AND 5766981
	Bitmap Heap Scan on sbtest6  (cost=5.44..393.31 rows=98 width=125)
	  Recheck Cond: ((k >= 5766881) AND (k <= 5766981))
	  ->  Bitmap Index Scan on k_6  (cost=0.00..5.42 rows=98 width=0)
	        Index Cond: ((k >= 5766881) AND (k <= 5766981))

table 7 : explain SELECT k, c FROM sbtest7 WHERE k BETWEEN 5766881 AND 5766981
	Bitmap Heap Scan on sbtest7  (cost=5.48..409.07 rows=102 width=125)
	  Recheck Cond: ((k >= 5766881) AND (k <= 5766981))
	  ->  Bitmap Index Scan on k_7  (cost=0.00..5.45 rows=102 width=0)
	        Index Cond: ((k >= 5766881) AND (k <= 5766981))

table 8 : explain SELECT k, c FROM sbtest8 WHERE k BETWEEN 5766881 AND 5766981
	Bitmap Heap Scan on sbtest8  (cost=5.45..397.25 rows=99 width=125)
	  Recheck Cond: ((k >= 5766881) AND (k <= 5766981))
	  ->  Bitmap Index Scan on k_8  (cost=0.00..5.42 rows=99 width=0)
	        Index Cond: ((k >= 5766881) AND (k <= 5766981))

explain: for range-notcovered :: explain SELECT k, c FROM sbtest%d WHERE k BETWEEN 8712035 AND 8712135
for range-notcovered
table 1 : explain SELECT k, c FROM sbtest1 WHERE k BETWEEN 8712035 AND 8712135
	Bitmap Heap Scan on sbtest1  (cost=5.46..401.19 rows=100 width=125)
	  Recheck Cond: ((k >= 8712035) AND (k <= 8712135))
	  ->  Bitmap Index Scan on k_1  (cost=0.00..5.43 rows=100 width=0)
	        Index Cond: ((k >= 8712035) AND (k <= 8712135))

table 2 : explain SELECT k, c FROM sbtest2 WHERE k BETWEEN 8712035 AND 8712135
	Bitmap Heap Scan on sbtest2  (cost=5.55..436.62 rows=109 width=125)
	  Recheck Cond: ((k >= 8712035) AND (k <= 8712135))
	  ->  Bitmap Index Scan on k_2  (cost=0.00..5.52 rows=109 width=0)
	        Index Cond: ((k >= 8712035) AND (k <= 8712135))

table 3 : explain SELECT k, c FROM sbtest3 WHERE k BETWEEN 8712035 AND 8712135
	Bitmap Heap Scan on sbtest3  (cost=5.44..393.31 rows=98 width=125)
	  Recheck Cond: ((k >= 8712035) AND (k <= 8712135))
	  ->  Bitmap Index Scan on k_3  (cost=0.00..5.42 rows=98 width=0)
	        Index Cond: ((k >= 8712035) AND (k <= 8712135))

table 4 : explain SELECT k, c FROM sbtest4 WHERE k BETWEEN 8712035 AND 8712135
	Bitmap Heap Scan on sbtest4  (cost=5.42..385.43 rows=96 width=125)
	  Recheck Cond: ((k >= 8712035) AND (k <= 8712135))
	  ->  Bitmap Index Scan on k_4  (cost=0.00..5.39 rows=96 width=0)
	        Index Cond: ((k >= 8712035) AND (k <= 8712135))

table 5 : explain SELECT k, c FROM sbtest5 WHERE k BETWEEN 8712035 AND 8712135
	Bitmap Heap Scan on sbtest5  (cost=5.57..444.49 rows=111 width=125)
	  Recheck Cond: ((k >= 8712035) AND (k <= 8712135))
	  ->  Bitmap Index Scan on k_5  (cost=0.00..5.54 rows=111 width=0)
	        Index Cond: ((k >= 8712035) AND (k <= 8712135))

table 6 : explain SELECT k, c FROM sbtest6 WHERE k BETWEEN 8712035 AND 8712135
	Bitmap Heap Scan on sbtest6  (cost=5.31..342.06 rows=85 width=125)
	  Recheck Cond: ((k >= 8712035) AND (k <= 8712135))
	  ->  Bitmap Index Scan on k_6  (cost=0.00..5.28 rows=85 width=0)
	        Index Cond: ((k >= 8712035) AND (k <= 8712135))

table 7 : explain SELECT k, c FROM sbtest7 WHERE k BETWEEN 8712035 AND 8712135
	Bitmap Heap Scan on sbtest7  (cost=5.54..432.69 rows=108 width=125)
	  Recheck Cond: ((k >= 8712035) AND (k <= 8712135))
	  ->  Bitmap Index Scan on k_7  (cost=0.00..5.51 rows=108 width=0)
	        Index Cond: ((k >= 8712035) AND (k <= 8712135))

table 8 : explain SELECT k, c FROM sbtest8 WHERE k BETWEEN 8712035 AND 8712135
	Bitmap Heap Scan on sbtest8  (cost=5.60..456.29 rows=114 width=125)
	  Recheck Cond: ((k >= 8712035) AND (k <= 8712135))
	  ->  Bitmap Index Scan on k_8  (cost=0.00..5.58 rows=114 width=0)
	        Index Cond: ((k >= 8712035) AND (k <= 8712135))

explain: for range-notcovered :: explain SELECT k, c FROM sbtest%d WHERE k BETWEEN 8712035 AND 8712135
for range-notcovered
table 1 : explain SELECT k, c FROM sbtest1 WHERE k BETWEEN 4757182 AND 4757282
	Bitmap Heap Scan on sbtest1  (cost=5.43..389.37 rows=97 width=125)
	  Recheck Cond: ((k >= 4757182) AND (k <= 4757282))
	  ->  Bitmap Index Scan on k_1  (cost=0.00..5.40 rows=97 width=0)
	        Index Cond: ((k >= 4757182) AND (k <= 4757282))

table 2 : explain SELECT k, c FROM sbtest2 WHERE k BETWEEN 4757182 AND 4757282
	Bitmap Heap Scan on sbtest2  (cost=5.38..369.67 rows=92 width=125)
	  Recheck Cond: ((k >= 4757182) AND (k <= 4757282))
	  ->  Bitmap Index Scan on k_2  (cost=0.00..5.35 rows=92 width=0)
	        Index Cond: ((k >= 4757182) AND (k <= 4757282))

table 3 : explain SELECT k, c FROM sbtest3 WHERE k BETWEEN 4757182 AND 4757282
	Bitmap Heap Scan on sbtest3  (cost=5.42..385.43 rows=96 width=125)
	  Recheck Cond: ((k >= 4757182) AND (k <= 4757282))
	  ->  Bitmap Index Scan on k_3  (cost=0.00..5.39 rows=96 width=0)
	        Index Cond: ((k >= 4757182) AND (k <= 4757282))

table 4 : explain SELECT k, c FROM sbtest4 WHERE k BETWEEN 4757182 AND 4757282
	Bitmap Heap Scan on sbtest4  (cost=5.54..432.69 rows=108 width=125)
	  Recheck Cond: ((k >= 4757182) AND (k <= 4757282))
	  ->  Bitmap Index Scan on k_4  (cost=0.00..5.51 rows=108 width=0)
	        Index Cond: ((k >= 4757182) AND (k <= 4757282))

table 5 : explain SELECT k, c FROM sbtest5 WHERE k BETWEEN 4757182 AND 4757282
	Bitmap Heap Scan on sbtest5  (cost=5.48..409.07 rows=102 width=125)
	  Recheck Cond: ((k >= 4757182) AND (k <= 4757282))
	  ->  Bitmap Index Scan on k_5  (cost=0.00..5.45 rows=102 width=0)
	        Index Cond: ((k >= 4757182) AND (k <= 4757282))

table 6 : explain SELECT k, c FROM sbtest6 WHERE k BETWEEN 4757182 AND 4757282
	Bitmap Heap Scan on sbtest6  (cost=5.54..432.69 rows=108 width=125)
	  Recheck Cond: ((k >= 4757182) AND (k <= 4757282))
	  ->  Bitmap Index Scan on k_6  (cost=0.00..5.51 rows=108 width=0)
	        Index Cond: ((k >= 4757182) AND (k <= 4757282))

table 7 : explain SELECT k, c FROM sbtest7 WHERE k BETWEEN 4757182 AND 4757282
	Bitmap Heap Scan on sbtest7  (cost=5.53..428.75 rows=107 width=125)
	  Recheck Cond: ((k >= 4757182) AND (k <= 4757282))
	  ->  Bitmap Index Scan on k_7  (cost=0.00..5.50 rows=107 width=0)
	        Index Cond: ((k >= 4757182) AND (k <= 4757282))

table 8 : explain SELECT k, c FROM sbtest8 WHERE k BETWEEN 4757182 AND 4757282
	Bitmap Heap Scan on sbtest8  (cost=5.44..393.31 rows=98 width=125)
	  Recheck Cond: ((k >= 4757182) AND (k <= 4757282))
	  ->  Bitmap Index Scan on k_8  (cost=0.00..5.42 rows=98 width=0)
	        Index Cond: ((k >= 4757182) AND (k <= 4757282))

explain: for range-notcovered :: explain SELECT k, c FROM sbtest%d WHERE k BETWEEN 4757182 AND 4757282
explain: for range-notcovered :: explain SELECT k, c FROM sbtest%d WHERE k BETWEEN 5154252 AND 5154352
explain: for range-notcovered :: explain SELECT k, c FROM sbtest%d WHERE k BETWEEN 2653773 AND 2653873
for range-notcovered
table 1 : explain SELECT k, c FROM sbtest1 WHERE k BETWEEN 874898 AND 874998
	Bitmap Heap Scan on sbtest1  (cost=5.49..413.00 rows=103 width=125)
	  Recheck Cond: ((k >= 874898) AND (k <= 874998))
	  ->  Bitmap Index Scan on k_1  (cost=0.00..5.46 rows=103 width=0)
	        Index Cond: ((k >= 874898) AND (k <= 874998))

table 2 : explain SELECT k, c FROM sbtest2 WHERE k BETWEEN 874898 AND 874998
	Bitmap Heap Scan on sbtest2  (cost=5.44..393.31 rows=98 width=125)
	  Recheck Cond: ((k >= 874898) AND (k <= 874998))
	  ->  Bitmap Index Scan on k_2  (cost=0.00..5.42 rows=98 width=0)
	        Index Cond: ((k >= 874898) AND (k <= 874998))

table 3 : explain SELECT k, c FROM sbtest3 WHERE k BETWEEN 874898 AND 874998
	Bitmap Heap Scan on sbtest3  (cost=5.52..424.81 rows=106 width=125)
	  Recheck Cond: ((k >= 874898) AND (k <= 874998))
	  ->  Bitmap Index Scan on k_3  (cost=0.00..5.50 rows=106 width=0)
	        Index Cond: ((k >= 874898) AND (k <= 874998))

table 4 : explain SELECT k, c FROM sbtest4 WHERE k BETWEEN 874898 AND 874998
	Bitmap Heap Scan on sbtest4  (cost=5.50..416.94 rows=104 width=125)
	  Recheck Cond: ((k >= 874898) AND (k <= 874998))
	  ->  Bitmap Index Scan on k_4  (cost=0.00..5.47 rows=104 width=0)
	        Index Cond: ((k >= 874898) AND (k <= 874998))

table 5 : explain SELECT k, c FROM sbtest5 WHERE k BETWEEN 874898 AND 874998
	Bitmap Heap Scan on sbtest5  (cost=5.49..413.00 rows=103 width=125)
	  Recheck Cond: ((k >= 874898) AND (k <= 874998))
	  ->  Bitmap Index Scan on k_5  (cost=0.00..5.46 rows=103 width=0)
	        Index Cond: ((k >= 874898) AND (k <= 874998))

table 6 : explain SELECT k, c FROM sbtest6 WHERE k BETWEEN 874898 AND 874998
	Bitmap Heap Scan on sbtest6  (cost=5.42..385.43 rows=96 width=125)
	  Recheck Cond: ((k >= 874898) AND (k <= 874998))
	  ->  Bitmap Index Scan on k_6  (cost=0.00..5.39 rows=96 width=0)
	        Index Cond: ((k >= 874898) AND (k <= 874998))

table 7 : explain SELECT k, c FROM sbtest7 WHERE k BETWEEN 874898 AND 874998
	Bitmap Heap Scan on sbtest7  (cost=5.48..409.07 rows=102 width=125)
	  Recheck Cond: ((k >= 874898) AND (k <= 874998))
	  ->  Bitmap Index Scan on k_7  (cost=0.00..5.45 rows=102 width=0)
	        Index Cond: ((k >= 874898) AND (k <= 874998))

table 8 : explain SELECT k, c FROM sbtest8 WHERE k BETWEEN 874898 AND 874998
	Bitmap Heap Scan on sbtest8  (cost=5.48..409.07 rows=102 width=125)
	  Recheck Cond: ((k >= 874898) AND (k <= 874998))
	  ->  Bitmap Index Scan on k_8  (cost=0.00..5.45 rows=102 width=0)
	        Index Cond: ((k >= 874898) AND (k <= 874998))

explain: for range-notcovered :: explain SELECT k, c FROM sbtest%d WHERE k BETWEEN 8566067 AND 8566167
explain: for range-notcovered :: explain SELECT k, c FROM sbtest%d WHERE k BETWEEN 8090773 AND 8090873
explain: for range-notcovered :: explain SELECT k, c FROM sbtest%d WHERE k BETWEEN 874898 AND 874998
explain: for range-notcovered :: explain SELECT k, c FROM sbtest%d WHERE k BETWEEN 1448981 AND 1449081
for range-notcovered
table 1 : explain SELECT k, c FROM sbtest1 WHERE k BETWEEN 8712035 AND 8712135
	Bitmap Heap Scan on sbtest1  (cost=5.46..401.19 rows=100 width=125)
	  Recheck Cond: ((k >= 8712035) AND (k <= 8712135))
	  ->  Bitmap Index Scan on k_1  (cost=0.00..5.43 rows=100 width=0)
	        Index Cond: ((k >= 8712035) AND (k <= 8712135))

table 2 : explain SELECT k, c FROM sbtest2 WHERE k BETWEEN 8712035 AND 8712135
	Bitmap Heap Scan on sbtest2  (cost=5.55..436.62 rows=109 width=125)
	  Recheck Cond: ((k >= 8712035) AND (k <= 8712135))
	  ->  Bitmap Index Scan on k_2  (cost=0.00..5.52 rows=109 width=0)
	        Index Cond: ((k >= 8712035) AND (k <= 8712135))

table 3 : explain SELECT k, c FROM sbtest3 WHERE k BETWEEN 8712035 AND 8712135
	Bitmap Heap Scan on sbtest3  (cost=5.44..393.31 rows=98 width=125)
	  Recheck Cond: ((k >= 8712035) AND (k <= 8712135))
	  ->  Bitmap Index Scan on k_3  (cost=0.00..5.42 rows=98 width=0)
	        Index Cond: ((k >= 8712035) AND (k <= 8712135))

table 4 : explain SELECT k, c FROM sbtest4 WHERE k BETWEEN 8712035 AND 8712135
	Bitmap Heap Scan on sbtest4  (cost=5.42..385.43 rows=96 width=125)
	  Recheck Cond: ((k >= 8712035) AND (k <= 8712135))
	  ->  Bitmap Index Scan on k_4  (cost=0.00..5.39 rows=96 width=0)
	        Index Cond: ((k >= 8712035) AND (k <= 8712135))

table 5 : explain SELECT k, c FROM sbtest5 WHERE k BETWEEN 8712035 AND 8712135
	Bitmap Heap Scan on sbtest5  (cost=5.57..444.49 rows=111 width=125)
	  Recheck Cond: ((k >= 8712035) AND (k <= 8712135))
	  ->  Bitmap Index Scan on k_5  (cost=0.00..5.54 rows=111 width=0)
	        Index Cond: ((k >= 8712035) AND (k <= 8712135))

table 6 : explain SELECT k, c FROM sbtest6 WHERE k BETWEEN 8712035 AND 8712135
	Bitmap Heap Scan on sbtest6  (cost=5.31..342.06 rows=85 width=125)
	  Recheck Cond: ((k >= 8712035) AND (k <= 8712135))
	  ->  Bitmap Index Scan on k_6  (cost=0.00..5.28 rows=85 width=0)
	        Index Cond: ((k >= 8712035) AND (k <= 8712135))

table 7 : explain SELECT k, c FROM sbtest7 WHERE k BETWEEN 8712035 AND 8712135
	Bitmap Heap Scan on sbtest7  (cost=5.54..432.69 rows=108 width=125)
	  Recheck Cond: ((k >= 8712035) AND (k <= 8712135))
	  ->  Bitmap Index Scan on k_7  (cost=0.00..5.51 rows=108 width=0)
	        Index Cond: ((k >= 8712035) AND (k <= 8712135))

table 8 : explain SELECT k, c FROM sbtest8 WHERE k BETWEEN 8712035 AND 8712135
	Bitmap Heap Scan on sbtest8  (cost=5.60..456.29 rows=114 width=125)
	  Recheck Cond: ((k >= 8712035) AND (k <= 8712135))
	  ->  Bitmap Index Scan on k_8  (cost=0.00..5.58 rows=114 width=0)
	        Index Cond: ((k >= 8712035) AND (k <= 8712135))

explain: for range-notcovered :: explain SELECT k, c FROM sbtest%d WHERE k BETWEEN 7075396 AND 7075496
for range-notcovered
table 1 : explain SELECT k, c FROM sbtest1 WHERE k BETWEEN 5497434 AND 5497534
	Bitmap Heap Scan on sbtest1  (cost=5.41..381.49 rows=95 width=125)
	  Recheck Cond: ((k >= 5497434) AND (k <= 5497534))
	  ->  Bitmap Index Scan on k_1  (cost=0.00..5.38 rows=95 width=0)
	        Index Cond: ((k >= 5497434) AND (k <= 5497534))

table 2 : explain SELECT k, c FROM sbtest2 WHERE k BETWEEN 5497434 AND 5497534
	Bitmap Heap Scan on sbtest2  (cost=5.53..428.75 rows=107 width=125)
	  Recheck Cond: ((k >= 5497434) AND (k <= 5497534))
	  ->  Bitmap Index Scan on k_2  (cost=0.00..5.50 rows=107 width=0)
	        Index Cond: ((k >= 5497434) AND (k <= 5497534))

table 3 : explain SELECT k, c FROM sbtest3 WHERE k BETWEEN 5497434 AND 5497534
	Bitmap Heap Scan on sbtest3  (cost=5.47..405.13 rows=101 width=125)
	  Recheck Cond: ((k >= 5497434) AND (k <= 5497534))
	  ->  Bitmap Index Scan on k_3  (cost=0.00..5.44 rows=101 width=0)
	        Index Cond: ((k >= 5497434) AND (k <= 5497534))

table 4 : explain SELECT k, c FROM sbtest4 WHERE k BETWEEN 5497434 AND 5497534
	Bitmap Heap Scan on sbtest4  (cost=5.51..420.88 rows=105 width=125)
	  Recheck Cond: ((k >= 5497434) AND (k <= 5497534))
	  ->  Bitmap Index Scan on k_4  (cost=0.00..5.48 rows=105 width=0)
	        Index Cond: ((k >= 5497434) AND (k <= 5497534))

table 5 : explain SELECT k, c FROM sbtest5 WHERE k BETWEEN 5497434 AND 5497534
	Bitmap Heap Scan on sbtest5  (cost=5.50..416.94 rows=104 width=125)
	  Recheck Cond: ((k >= 5497434) AND (k <= 5497534))
	  ->  Bitmap Index Scan on k_5  (cost=0.00..5.47 rows=104 width=0)
	        Index Cond: ((k >= 5497434) AND (k <= 5497534))

table 6 : explain SELECT k, c FROM sbtest6 WHERE k BETWEEN 5497434 AND 5497534
	Bitmap Heap Scan on sbtest6  (cost=5.39..373.61 rows=93 width=125)
	  Recheck Cond: ((k >= 5497434) AND (k <= 5497534))
	  ->  Bitmap Index Scan on k_6  (cost=0.00..5.36 rows=93 width=0)
	        Index Cond: ((k >= 5497434) AND (k <= 5497534))

table 7 : explain SELECT k, c FROM sbtest7 WHERE k BETWEEN 5497434 AND 5497534
	Bitmap Heap Scan on sbtest7  (cost=5.40..377.55 rows=94 width=125)
	  Recheck Cond: ((k >= 5497434) AND (k <= 5497534))
	  ->  Bitmap Index Scan on k_7  (cost=0.00..5.38 rows=94 width=0)
	        Index Cond: ((k >= 5497434) AND (k <= 5497534))

table 8 : explain SELECT k, c FROM sbtest8 WHERE k BETWEEN 5497434 AND 5497534
	Bitmap Heap Scan on sbtest8  (cost=5.49..413.00 rows=103 width=125)
	  Recheck Cond: ((k >= 5497434) AND (k <= 5497534))
	  ->  Bitmap Index Scan on k_8  (cost=0.00..5.46 rows=103 width=0)
	        Index Cond: ((k >= 5497434) AND (k <= 5497534))

explain: for range-notcovered :: explain SELECT k, c FROM sbtest%d WHERE k BETWEEN 5497434 AND 5497534
explain: for range-notcovered :: explain SELECT k, c FROM sbtest%d WHERE k BETWEEN 1365224 AND 1365324
for range-notcovered
table 1 : explain SELECT k, c FROM sbtest1 WHERE k BETWEEN 874898 AND 874998
	Bitmap Heap Scan on sbtest1  (cost=5.49..413.00 rows=103 width=125)
	  Recheck Cond: ((k >= 874898) AND (k <= 874998))
	  ->  Bitmap Index Scan on k_1  (cost=0.00..5.46 rows=103 width=0)
	        Index Cond: ((k >= 874898) AND (k <= 874998))

table 2 : explain SELECT k, c FROM sbtest2 WHERE k BETWEEN 874898 AND 874998
	Bitmap Heap Scan on sbtest2  (cost=5.44..393.31 rows=98 width=125)
	  Recheck Cond: ((k >= 874898) AND (k <= 874998))
	  ->  Bitmap Index Scan on k_2  (cost=0.00..5.42 rows=98 width=0)
	        Index Cond: ((k >= 874898) AND (k <= 874998))

table 3 : explain SELECT k, c FROM sbtest3 WHERE k BETWEEN 874898 AND 874998
	Bitmap Heap Scan on sbtest3  (cost=5.52..424.81 rows=106 width=125)
	  Recheck Cond: ((k >= 874898) AND (k <= 874998))
	  ->  Bitmap Index Scan on k_3  (cost=0.00..5.50 rows=106 width=0)
	        Index Cond: ((k >= 874898) AND (k <= 874998))

table 4 : explain SELECT k, c FROM sbtest4 WHERE k BETWEEN 874898 AND 874998
	Bitmap Heap Scan on sbtest4  (cost=5.50..416.94 rows=104 width=125)
	  Recheck Cond: ((k >= 874898) AND (k <= 874998))
	  ->  Bitmap Index Scan on k_4  (cost=0.00..5.47 rows=104 width=0)
	        Index Cond: ((k >= 874898) AND (k <= 874998))

table 5 : explain SELECT k, c FROM sbtest5 WHERE k BETWEEN 874898 AND 874998
	Bitmap Heap Scan on sbtest5  (cost=5.49..413.00 rows=103 width=125)
	  Recheck Cond: ((k >= 874898) AND (k <= 874998))
	  ->  Bitmap Index Scan on k_5  (cost=0.00..5.46 rows=103 width=0)
	        Index Cond: ((k >= 874898) AND (k <= 874998))

table 6 : explain SELECT k, c FROM sbtest6 WHERE k BETWEEN 874898 AND 874998
	Bitmap Heap Scan on sbtest6  (cost=5.42..385.43 rows=96 width=125)
	  Recheck Cond: ((k >= 874898) AND (k <= 874998))
	  ->  Bitmap Index Scan on k_6  (cost=0.00..5.39 rows=96 width=0)
	        Index Cond: ((k >= 874898) AND (k <= 874998))

table 7 : explain SELECT k, c FROM sbtest7 WHERE k BETWEEN 874898 AND 874998
	Bitmap Heap Scan on sbtest7  (cost=5.48..409.07 rows=102 width=125)
	  Recheck Cond: ((k >= 874898) AND (k <= 874998))
	  ->  Bitmap Index Scan on k_7  (cost=0.00..5.45 rows=102 width=0)
	        Index Cond: ((k >= 874898) AND (k <= 874998))

table 8 : explain SELECT k, c FROM sbtest8 WHERE k BETWEEN 874898 AND 874998
	Bitmap Heap Scan on sbtest8  (cost=5.48..409.07 rows=102 width=125)
	  Recheck Cond: ((k >= 874898) AND (k <= 874998))
	  ->  Bitmap Index Scan on k_8  (cost=0.00..5.45 rows=102 width=0)
	        Index Cond: ((k >= 874898) AND (k <= 874998))

for range-notcovered
table 1 : explain SELECT k, c FROM sbtest1 WHERE k BETWEEN 5497434 AND 5497534
	Bitmap Heap Scan on sbtest1  (cost=5.41..381.49 rows=95 width=125)
	  Recheck Cond: ((k >= 5497434) AND (k <= 5497534))
	  ->  Bitmap Index Scan on k_1  (cost=0.00..5.38 rows=95 width=0)
	        Index Cond: ((k >= 5497434) AND (k <= 5497534))

table 2 : explain SELECT k, c FROM sbtest2 WHERE k BETWEEN 5497434 AND 5497534
	Bitmap Heap Scan on sbtest2  (cost=5.53..428.75 rows=107 width=125)
	  Recheck Cond: ((k >= 5497434) AND (k <= 5497534))
	  ->  Bitmap Index Scan on k_2  (cost=0.00..5.50 rows=107 width=0)
	        Index Cond: ((k >= 5497434) AND (k <= 5497534))

table 3 : explain SELECT k, c FROM sbtest3 WHERE k BETWEEN 5497434 AND 5497534
	Bitmap Heap Scan on sbtest3  (cost=5.47..405.13 rows=101 width=125)
	  Recheck Cond: ((k >= 5497434) AND (k <= 5497534))
	  ->  Bitmap Index Scan on k_3  (cost=0.00..5.44 rows=101 width=0)
	        Index Cond: ((k >= 5497434) AND (k <= 5497534))

table 4 : explain SELECT k, c FROM sbtest4 WHERE k BETWEEN 5497434 AND 5497534
	Bitmap Heap Scan on sbtest4  (cost=5.51..420.88 rows=105 width=125)
	  Recheck Cond: ((k >= 5497434) AND (k <= 5497534))
	  ->  Bitmap Index Scan on k_4  (cost=0.00..5.48 rows=105 width=0)
	        Index Cond: ((k >= 5497434) AND (k <= 5497534))

table 5 : explain SELECT k, c FROM sbtest5 WHERE k BETWEEN 5497434 AND 5497534
	Bitmap Heap Scan on sbtest5  (cost=5.50..416.94 rows=104 width=125)
	  Recheck Cond: ((k >= 5497434) AND (k <= 5497534))
	  ->  Bitmap Index Scan on k_5  (cost=0.00..5.47 rows=104 width=0)
	        Index Cond: ((k >= 5497434) AND (k <= 5497534))

table 6 : explain SELECT k, c FROM sbtest6 WHERE k BETWEEN 5497434 AND 5497534
	Bitmap Heap Scan on sbtest6  (cost=5.39..373.61 rows=93 width=125)
	  Recheck Cond: ((k >= 5497434) AND (k <= 5497534))
	  ->  Bitmap Index Scan on k_6  (cost=0.00..5.36 rows=93 width=0)
	        Index Cond: ((k >= 5497434) AND (k <= 5497534))

table 7 : explain SELECT k, c FROM sbtest7 WHERE k BETWEEN 5497434 AND 5497534
	Bitmap Heap Scan on sbtest7  (cost=5.40..377.55 rows=94 width=125)
	  Recheck Cond: ((k >= 5497434) AND (k <= 5497534))
	  ->  Bitmap Index Scan on k_7  (cost=0.00..5.38 rows=94 width=0)
	        Index Cond: ((k >= 5497434) AND (k <= 5497534))

table 8 : explain SELECT k, c FROM sbtest8 WHERE k BETWEEN 5497434 AND 5497534
	Bitmap Heap Scan on sbtest8  (cost=5.49..413.00 rows=103 width=125)
	  Recheck Cond: ((k >= 5497434) AND (k <= 5497534))
	  ->  Bitmap Index Scan on k_8  (cost=0.00..5.46 rows=103 width=0)
	        Index Cond: ((k >= 5497434) AND (k <= 5497534))

explain: for range-notcovered :: explain SELECT k, c FROM sbtest%d WHERE k BETWEEN 5497434 AND 5497534
for range-notcovered
table 1 : explain SELECT k, c FROM sbtest1 WHERE k BETWEEN 8566067 AND 8566167
	Bitmap Heap Scan on sbtest1  (cost=5.50..416.94 rows=104 width=125)
	  Recheck Cond: ((k >= 8566067) AND (k <= 8566167))
	  ->  Bitmap Index Scan on k_1  (cost=0.00..5.47 rows=104 width=0)
	        Index Cond: ((k >= 8566067) AND (k <= 8566167))

table 2 : explain SELECT k, c FROM sbtest2 WHERE k BETWEEN 8566067 AND 8566167
	Bitmap Heap Scan on sbtest2  (cost=5.49..413.00 rows=103 width=125)
	  Recheck Cond: ((k >= 8566067) AND (k <= 8566167))
	  ->  Bitmap Index Scan on k_2  (cost=0.00..5.46 rows=103 width=0)
	        Index Cond: ((k >= 8566067) AND (k <= 8566167))

table 3 : explain SELECT k, c FROM sbtest3 WHERE k BETWEEN 8566067 AND 8566167
	Bitmap Heap Scan on sbtest3  (cost=5.51..420.88 rows=105 width=125)
	  Recheck Cond: ((k >= 8566067) AND (k <= 8566167))
	  ->  Bitmap Index Scan on k_3  (cost=0.00..5.48 rows=105 width=0)
	        Index Cond: ((k >= 8566067) AND (k <= 8566167))

table 4 : explain SELECT k, c FROM sbtest4 WHERE k BETWEEN 8566067 AND 8566167
	Bitmap Heap Scan on sbtest4  (cost=5.39..373.61 rows=93 width=125)
	  Recheck Cond: ((k >= 8566067) AND (k <= 8566167))
	  ->  Bitmap Index Scan on k_4  (cost=0.00..5.36 rows=93 width=0)
	        Index Cond: ((k >= 8566067) AND (k <= 8566167))

table 5 : explain SELECT k, c FROM sbtest5 WHERE k BETWEEN 8566067 AND 8566167
	Bitmap Heap Scan on sbtest5  (cost=5.53..428.75 rows=107 width=125)
	  Recheck Cond: ((k >= 8566067) AND (k <= 8566167))
	  ->  Bitmap Index Scan on k_5  (cost=0.00..5.50 rows=107 width=0)
	        Index Cond: ((k >= 8566067) AND (k <= 8566167))

table 6 : explain SELECT k, c FROM sbtest6 WHERE k BETWEEN 8566067 AND 8566167
	Bitmap Heap Scan on sbtest6  (cost=5.46..401.19 rows=100 width=125)
	  Recheck Cond: ((k >= 8566067) AND (k <= 8566167))
	  ->  Bitmap Index Scan on k_6  (cost=0.00..5.43 rows=100 width=0)
	        Index Cond: ((k >= 8566067) AND (k <= 8566167))

table 7 : explain SELECT k, c FROM sbtest7 WHERE k BETWEEN 8566067 AND 8566167
	Bitmap Heap Scan on sbtest7  (cost=5.53..428.75 rows=107 width=125)
	  Recheck Cond: ((k >= 8566067) AND (k <= 8566167))
	  ->  Bitmap Index Scan on k_7  (cost=0.00..5.50 rows=107 width=0)
	        Index Cond: ((k >= 8566067) AND (k <= 8566167))

table 8 : explain SELECT k, c FROM sbtest8 WHERE k BETWEEN 8566067 AND 8566167
	Bitmap Heap Scan on sbtest8  (cost=5.41..381.49 rows=95 width=125)
	  Recheck Cond: ((k >= 8566067) AND (k <= 8566167))
	  ->  Bitmap Index Scan on k_8  (cost=0.00..5.38 rows=95 width=0)
	        Index Cond: ((k >= 8566067) AND (k <= 8566167))

for range-notcovered
table 1 : explain SELECT k, c FROM sbtest1 WHERE k BETWEEN 5497434 AND 5497534
	Bitmap Heap Scan on sbtest1  (cost=5.41..381.49 rows=95 width=125)
	  Recheck Cond: ((k >= 5497434) AND (k <= 5497534))
	  ->  Bitmap Index Scan on k_1  (cost=0.00..5.38 rows=95 width=0)
	        Index Cond: ((k >= 5497434) AND (k <= 5497534))

table 2 : explain SELECT k, c FROM sbtest2 WHERE k BETWEEN 5497434 AND 5497534
	Bitmap Heap Scan on sbtest2  (cost=5.53..428.75 rows=107 width=125)
	  Recheck Cond: ((k >= 5497434) AND (k <= 5497534))
	  ->  Bitmap Index Scan on k_2  (cost=0.00..5.50 rows=107 width=0)
	        Index Cond: ((k >= 5497434) AND (k <= 5497534))

table 3 : explain SELECT k, c FROM sbtest3 WHERE k BETWEEN 5497434 AND 5497534
	Bitmap Heap Scan on sbtest3  (cost=5.47..405.13 rows=101 width=125)
	  Recheck Cond: ((k >= 5497434) AND (k <= 5497534))
	  ->  Bitmap Index Scan on k_3  (cost=0.00..5.44 rows=101 width=0)
	        Index Cond: ((k >= 5497434) AND (k <= 5497534))

table 4 : explain SELECT k, c FROM sbtest4 WHERE k BETWEEN 5497434 AND 5497534
	Bitmap Heap Scan on sbtest4  (cost=5.51..420.88 rows=105 width=125)
	  Recheck Cond: ((k >= 5497434) AND (k <= 5497534))
	  ->  Bitmap Index Scan on k_4  (cost=0.00..5.48 rows=105 width=0)
	        Index Cond: ((k >= 5497434) AND (k <= 5497534))

table 5 : explain SELECT k, c FROM sbtest5 WHERE k BETWEEN 5497434 AND 5497534
	Bitmap Heap Scan on sbtest5  (cost=5.50..416.94 rows=104 width=125)
	  Recheck Cond: ((k >= 5497434) AND (k <= 5497534))
	  ->  Bitmap Index Scan on k_5  (cost=0.00..5.47 rows=104 width=0)
	        Index Cond: ((k >= 5497434) AND (k <= 5497534))

table 6 : explain SELECT k, c FROM sbtest6 WHERE k BETWEEN 5497434 AND 5497534
	Bitmap Heap Scan on sbtest6  (cost=5.39..373.61 rows=93 width=125)
	  Recheck Cond: ((k >= 5497434) AND (k <= 5497534))
	  ->  Bitmap Index Scan on k_6  (cost=0.00..5.36 rows=93 width=0)
	        Index Cond: ((k >= 5497434) AND (k <= 5497534))

table 7 : explain SELECT k, c FROM sbtest7 WHERE k BETWEEN 5497434 AND 5497534
	Bitmap Heap Scan on sbtest7  (cost=5.40..377.55 rows=94 width=125)
	  Recheck Cond: ((k >= 5497434) AND (k <= 5497534))
	  ->  Bitmap Index Scan on k_7  (cost=0.00..5.38 rows=94 width=0)
	        Index Cond: ((k >= 5497434) AND (k <= 5497534))

table 8 : explain SELECT k, c FROM sbtest8 WHERE k BETWEEN 5497434 AND 5497534
	Bitmap Heap Scan on sbtest8  (cost=5.49..413.00 rows=103 width=125)
	  Recheck Cond: ((k >= 5497434) AND (k <= 5497534))
	  ->  Bitmap Index Scan on k_8  (cost=0.00..5.46 rows=103 width=0)
	        Index Cond: ((k >= 5497434) AND (k <= 5497534))

explain: for range-notcovered :: explain SELECT k, c FROM sbtest%d WHERE k BETWEEN 8566067 AND 8566167
explain: for range-notcovered :: explain SELECT k, c FROM sbtest%d WHERE k BETWEEN 5497434 AND 5497534
for range-notcovered
table 1 : explain SELECT k, c FROM sbtest1 WHERE k BETWEEN 8090773 AND 8090873
	Bitmap Heap Scan on sbtest1  (cost=5.44..393.31 rows=98 width=125)
	  Recheck Cond: ((k >= 8090773) AND (k <= 8090873))
	  ->  Bitmap Index Scan on k_1  (cost=0.00..5.42 rows=98 width=0)
	        Index Cond: ((k >= 8090773) AND (k <= 8090873))

table 2 : explain SELECT k, c FROM sbtest2 WHERE k BETWEEN 8090773 AND 8090873
	Bitmap Heap Scan on sbtest2  (cost=5.52..424.81 rows=106 width=125)
	  Recheck Cond: ((k >= 8090773) AND (k <= 8090873))
	  ->  Bitmap Index Scan on k_2  (cost=0.00..5.50 rows=106 width=0)
	        Index Cond: ((k >= 8090773) AND (k <= 8090873))

table 3 : explain SELECT k, c FROM sbtest3 WHERE k BETWEEN 8090773 AND 8090873
	Bitmap Heap Scan on sbtest3  (cost=5.54..432.69 rows=108 width=125)
	  Recheck Cond: ((k >= 8090773) AND (k <= 8090873))
	  ->  Bitmap Index Scan on k_3  (cost=0.00..5.51 rows=108 width=0)
	        Index Cond: ((k >= 8090773) AND (k <= 8090873))

table 4 : explain SELECT k, c FROM sbtest4 WHERE k BETWEEN 8090773 AND 8090873
	Bitmap Heap Scan on sbtest4  (cost=5.50..416.94 rows=104 width=125)
	  Recheck Cond: ((k >= 8090773) AND (k <= 8090873))
	  ->  Bitmap Index Scan on k_4  (cost=0.00..5.47 rows=104 width=0)
	        Index Cond: ((k >= 8090773) AND (k <= 8090873))

table 5 : explain SELECT k, c FROM sbtest5 WHERE k BETWEEN 8090773 AND 8090873
	Bitmap Heap Scan on sbtest5  (cost=5.47..405.13 rows=101 width=125)
	  Recheck Cond: ((k >= 8090773) AND (k <= 8090873))
	  ->  Bitmap Index Scan on k_5  (cost=0.00..5.44 rows=101 width=0)
	        Index Cond: ((k >= 8090773) AND (k <= 8090873))

table 6 : explain SELECT k, c FROM sbtest6 WHERE k BETWEEN 8090773 AND 8090873
	Bitmap Heap Scan on sbtest6  (cost=5.53..428.75 rows=107 width=125)
	  Recheck Cond: ((k >= 8090773) AND (k <= 8090873))
	  ->  Bitmap Index Scan on k_6  (cost=0.00..5.50 rows=107 width=0)
	        Index Cond: ((k >= 8090773) AND (k <= 8090873))

table 7 : explain SELECT k, c FROM sbtest7 WHERE k BETWEEN 8090773 AND 8090873
	Bitmap Heap Scan on sbtest7  (cost=5.45..397.25 rows=99 width=125)
	  Recheck Cond: ((k >= 8090773) AND (k <= 8090873))
	  ->  Bitmap Index Scan on k_7  (cost=0.00..5.42 rows=99 width=0)
	        Index Cond: ((k >= 8090773) AND (k <= 8090873))

table 8 : explain SELECT k, c FROM sbtest8 WHERE k BETWEEN 8090773 AND 8090873
	Bitmap Heap Scan on sbtest8  (cost=5.50..416.94 rows=104 width=125)
	  Recheck Cond: ((k >= 8090773) AND (k <= 8090873))
	  ->  Bitmap Index Scan on k_8  (cost=0.00..5.47 rows=104 width=0)
	        Index Cond: ((k >= 8090773) AND (k <= 8090873))

explain: for range-notcovered :: explain SELECT k, c FROM sbtest%d WHERE k BETWEEN 8090773 AND 8090873
for range-notcovered
table 1 : explain SELECT k, c FROM sbtest1 WHERE k BETWEEN 5497434 AND 5497534
	Bitmap Heap Scan on sbtest1  (cost=5.41..381.49 rows=95 width=125)
	  Recheck Cond: ((k >= 5497434) AND (k <= 5497534))
	  ->  Bitmap Index Scan on k_1  (cost=0.00..5.38 rows=95 width=0)
	        Index Cond: ((k >= 5497434) AND (k <= 5497534))

table 2 : explain SELECT k, c FROM sbtest2 WHERE k BETWEEN 5497434 AND 5497534
	Bitmap Heap Scan on sbtest2  (cost=5.53..428.75 rows=107 width=125)
	  Recheck Cond: ((k >= 5497434) AND (k <= 5497534))
	  ->  Bitmap Index Scan on k_2  (cost=0.00..5.50 rows=107 width=0)
	        Index Cond: ((k >= 5497434) AND (k <= 5497534))

table 3 : explain SELECT k, c FROM sbtest3 WHERE k BETWEEN 5497434 AND 5497534
	Bitmap Heap Scan on sbtest3  (cost=5.47..405.13 rows=101 width=125)
	  Recheck Cond: ((k >= 5497434) AND (k <= 5497534))
	  ->  Bitmap Index Scan on k_3  (cost=0.00..5.44 rows=101 width=0)
	        Index Cond: ((k >= 5497434) AND (k <= 5497534))

table 4 : explain SELECT k, c FROM sbtest4 WHERE k BETWEEN 5497434 AND 5497534
	Bitmap Heap Scan on sbtest4  (cost=5.51..420.88 rows=105 width=125)
	  Recheck Cond: ((k >= 5497434) AND (k <= 5497534))
	  ->  Bitmap Index Scan on k_4  (cost=0.00..5.48 rows=105 width=0)
	        Index Cond: ((k >= 5497434) AND (k <= 5497534))

table 5 : explain SELECT k, c FROM sbtest5 WHERE k BETWEEN 5497434 AND 5497534
	Bitmap Heap Scan on sbtest5  (cost=5.50..416.94 rows=104 width=125)
	  Recheck Cond: ((k >= 5497434) AND (k <= 5497534))
	  ->  Bitmap Index Scan on k_5  (cost=0.00..5.47 rows=104 width=0)
	        Index Cond: ((k >= 5497434) AND (k <= 5497534))

table 6 : explain SELECT k, c FROM sbtest6 WHERE k BETWEEN 5497434 AND 5497534
	Bitmap Heap Scan on sbtest6  (cost=5.39..373.61 rows=93 width=125)
	  Recheck Cond: ((k >= 5497434) AND (k <= 5497534))
	  ->  Bitmap Index Scan on k_6  (cost=0.00..5.36 rows=93 width=0)
	        Index Cond: ((k >= 5497434) AND (k <= 5497534))

table 7 : explain SELECT k, c FROM sbtest7 WHERE k BETWEEN 5497434 AND 5497534
	Bitmap Heap Scan on sbtest7  (cost=5.40..377.55 rows=94 width=125)
	  Recheck Cond: ((k >= 5497434) AND (k <= 5497534))
	  ->  Bitmap Index Scan on k_7  (cost=0.00..5.38 rows=94 width=0)
	        Index Cond: ((k >= 5497434) AND (k <= 5497534))

table 8 : explain SELECT k, c FROM sbtest8 WHERE k BETWEEN 5497434 AND 5497534
	Bitmap Heap Scan on sbtest8  (cost=5.49..413.00 rows=103 width=125)
	  Recheck Cond: ((k >= 5497434) AND (k <= 5497534))
	  ->  Bitmap Index Scan on k_8  (cost=0.00..5.46 rows=103 width=0)
	        Index Cond: ((k >= 5497434) AND (k <= 5497534))

explain: for range-notcovered :: explain SELECT k, c FROM sbtest%d WHERE k BETWEEN 5497434 AND 5497534
for range-notcovered
table 1 : explain SELECT k, c FROM sbtest1 WHERE k BETWEEN 7075396 AND 7075496
	Bitmap Heap Scan on sbtest1  (cost=5.51..420.88 rows=105 width=125)
	  Recheck Cond: ((k >= 7075396) AND (k <= 7075496))
	  ->  Bitmap Index Scan on k_1  (cost=0.00..5.48 rows=105 width=0)
	        Index Cond: ((k >= 7075396) AND (k <= 7075496))

table 2 : explain SELECT k, c FROM sbtest2 WHERE k BETWEEN 7075396 AND 7075496
	Bitmap Heap Scan on sbtest2  (cost=5.57..444.49 rows=111 width=125)
	  Recheck Cond: ((k >= 7075396) AND (k <= 7075496))
	  ->  Bitmap Index Scan on k_2  (cost=0.00..5.54 rows=111 width=0)
	        Index Cond: ((k >= 7075396) AND (k <= 7075496))

table 3 : explain SELECT k, c FROM sbtest3 WHERE k BETWEEN 7075396 AND 7075496
	Bitmap Heap Scan on sbtest3  (cost=5.48..409.07 rows=102 width=125)
	  Recheck Cond: ((k >= 7075396) AND (k <= 7075496))
	  ->  Bitmap Index Scan on k_3  (cost=0.00..5.45 rows=102 width=0)
	        Index Cond: ((k >= 7075396) AND (k <= 7075496))

table 4 : explain SELECT k, c FROM sbtest4 WHERE k BETWEEN 7075396 AND 7075496
	Bitmap Heap Scan on sbtest4  (cost=5.47..405.13 rows=101 width=125)
	  Recheck Cond: ((k >= 7075396) AND (k <= 7075496))
	  ->  Bitmap Index Scan on k_4  (cost=0.00..5.44 rows=101 width=0)
	        Index Cond: ((k >= 7075396) AND (k <= 7075496))

table 5 : explain SELECT k, c FROM sbtest5 WHERE k BETWEEN 7075396 AND 7075496
	Bitmap Heap Scan on sbtest5  (cost=5.48..409.07 rows=102 width=125)
	  Recheck Cond: ((k >= 7075396) AND (k <= 7075496))
	  ->  Bitmap Index Scan on k_5  (cost=0.00..5.45 rows=102 width=0)
	        Index Cond: ((k >= 7075396) AND (k <= 7075496))

table 6 : explain SELECT k, c FROM sbtest6 WHERE k BETWEEN 7075396 AND 7075496
	Bitmap Heap Scan on sbtest6  (cost=5.55..436.62 rows=109 width=125)
	  Recheck Cond: ((k >= 7075396) AND (k <= 7075496))
	  ->  Bitmap Index Scan on k_6  (cost=0.00..5.52 rows=109 width=0)
	        Index Cond: ((k >= 7075396) AND (k <= 7075496))

table 7 : explain SELECT k, c FROM sbtest7 WHERE k BETWEEN 7075396 AND 7075496
	Bitmap Heap Scan on sbtest7  (cost=5.49..413.00 rows=103 width=125)
	  Recheck Cond: ((k >= 7075396) AND (k <= 7075496))
	  ->  Bitmap Index Scan on k_7  (cost=0.00..5.46 rows=103 width=0)
	        Index Cond: ((k >= 7075396) AND (k <= 7075496))

table 8 : explain SELECT k, c FROM sbtest8 WHERE k BETWEEN 7075396 AND 7075496
	Bitmap Heap Scan on sbtest8  (cost=5.50..416.94 rows=104 width=125)
	  Recheck Cond: ((k >= 7075396) AND (k <= 7075496))
	  ->  Bitmap Index Scan on k_8  (cost=0.00..5.47 rows=104 width=0)
	        Index Cond: ((k >= 7075396) AND (k <= 7075496))

explain: for range-notcovered :: explain SELECT k, c FROM sbtest%d WHERE k BETWEEN 7075396 AND 7075496
for range-notcovered
table 1 : explain SELECT k, c FROM sbtest1 WHERE k BETWEEN 8090773 AND 8090873
	Bitmap Heap Scan on sbtest1  (cost=5.44..393.31 rows=98 width=125)
	  Recheck Cond: ((k >= 8090773) AND (k <= 8090873))
	  ->  Bitmap Index Scan on k_1  (cost=0.00..5.42 rows=98 width=0)
	        Index Cond: ((k >= 8090773) AND (k <= 8090873))

table 2 : explain SELECT k, c FROM sbtest2 WHERE k BETWEEN 8090773 AND 8090873
	Bitmap Heap Scan on sbtest2  (cost=5.52..424.81 rows=106 width=125)
	  Recheck Cond: ((k >= 8090773) AND (k <= 8090873))
	  ->  Bitmap Index Scan on k_2  (cost=0.00..5.50 rows=106 width=0)
	        Index Cond: ((k >= 8090773) AND (k <= 8090873))

table 3 : explain SELECT k, c FROM sbtest3 WHERE k BETWEEN 8090773 AND 8090873
	Bitmap Heap Scan on sbtest3  (cost=5.54..432.69 rows=108 width=125)
	  Recheck Cond: ((k >= 8090773) AND (k <= 8090873))
	  ->  Bitmap Index Scan on k_3  (cost=0.00..5.51 rows=108 width=0)
	        Index Cond: ((k >= 8090773) AND (k <= 8090873))

table 4 : explain SELECT k, c FROM sbtest4 WHERE k BETWEEN 8090773 AND 8090873
	Bitmap Heap Scan on sbtest4  (cost=5.50..416.94 rows=104 width=125)
	  Recheck Cond: ((k >= 8090773) AND (k <= 8090873))
	  ->  Bitmap Index Scan on k_4  (cost=0.00..5.47 rows=104 width=0)
	        Index Cond: ((k >= 8090773) AND (k <= 8090873))

table 5 : explain SELECT k, c FROM sbtest5 WHERE k BETWEEN 8090773 AND 8090873
	Bitmap Heap Scan on sbtest5  (cost=5.47..405.13 rows=101 width=125)
	  Recheck Cond: ((k >= 8090773) AND (k <= 8090873))
	  ->  Bitmap Index Scan on k_5  (cost=0.00..5.44 rows=101 width=0)
	        Index Cond: ((k >= 8090773) AND (k <= 8090873))

table 6 : explain SELECT k, c FROM sbtest6 WHERE k BETWEEN 8090773 AND 8090873
	Bitmap Heap Scan on sbtest6  (cost=5.53..428.75 rows=107 width=125)
	  Recheck Cond: ((k >= 8090773) AND (k <= 8090873))
	  ->  Bitmap Index Scan on k_6  (cost=0.00..5.50 rows=107 width=0)
	        Index Cond: ((k >= 8090773) AND (k <= 8090873))

table 7 : explain SELECT k, c FROM sbtest7 WHERE k BETWEEN 8090773 AND 8090873
	Bitmap Heap Scan on sbtest7  (cost=5.45..397.25 rows=99 width=125)
	  Recheck Cond: ((k >= 8090773) AND (k <= 8090873))
	  ->  Bitmap Index Scan on k_7  (cost=0.00..5.42 rows=99 width=0)
	        Index Cond: ((k >= 8090773) AND (k <= 8090873))

table 8 : explain SELECT k, c FROM sbtest8 WHERE k BETWEEN 8090773 AND 8090873
	Bitmap Heap Scan on sbtest8  (cost=5.50..416.94 rows=104 width=125)
	  Recheck Cond: ((k >= 8090773) AND (k <= 8090873))
	  ->  Bitmap Index Scan on k_8  (cost=0.00..5.47 rows=104 width=0)
	        Index Cond: ((k >= 8090773) AND (k <= 8090873))

for range-notcovered
table 1 : explain SELECT k, c FROM sbtest1 WHERE k BETWEEN 2653773 AND 2653873
	Bitmap Heap Scan on sbtest1  (cost=5.52..424.81 rows=106 width=125)
	  Recheck Cond: ((k >= 2653773) AND (k <= 2653873))
	  ->  Bitmap Index Scan on k_1  (cost=0.00..5.50 rows=106 width=0)
	        Index Cond: ((k >= 2653773) AND (k <= 2653873))

table 2 : explain SELECT k, c FROM sbtest2 WHERE k BETWEEN 2653773 AND 2653873
	Bitmap Heap Scan on sbtest2  (cost=5.36..361.78 rows=90 width=125)
	  Recheck Cond: ((k >= 2653773) AND (k <= 2653873))
	  ->  Bitmap Index Scan on k_2  (cost=0.00..5.33 rows=90 width=0)
	        Index Cond: ((k >= 2653773) AND (k <= 2653873))

table 3 : explain SELECT k, c FROM sbtest3 WHERE k BETWEEN 2653773 AND 2653873
	Bitmap Heap Scan on sbtest3  (cost=5.54..432.69 rows=108 width=125)
	  Recheck Cond: ((k >= 2653773) AND (k <= 2653873))
	  ->  Bitmap Index Scan on k_3  (cost=0.00..5.51 rows=108 width=0)
	        Index Cond: ((k >= 2653773) AND (k <= 2653873))

table 4 : explain SELECT k, c FROM sbtest4 WHERE k BETWEEN 2653773 AND 2653873
	Bitmap Heap Scan on sbtest4  (cost=5.58..448.42 rows=112 width=125)
	  Recheck Cond: ((k >= 2653773) AND (k <= 2653873))
	  ->  Bitmap Index Scan on k_4  (cost=0.00..5.55 rows=112 width=0)
	        Index Cond: ((k >= 2653773) AND (k <= 2653873))

table 5 : explain SELECT k, c FROM sbtest5 WHERE k BETWEEN 2653773 AND 2653873
	Bitmap Heap Scan on sbtest5  (cost=5.41..381.49 rows=95 width=125)
	  Recheck Cond: ((k >= 2653773) AND (k <= 2653873))
	  ->  Bitmap Index Scan on k_5  (cost=0.00..5.38 rows=95 width=0)
	        Index Cond: ((k >= 2653773) AND (k <= 2653873))

table 6 : explain SELECT k, c FROM sbtest6 WHERE k BETWEEN 2653773 AND 2653873
	Bitmap Heap Scan on sbtest6  (cost=5.55..436.62 rows=109 width=125)
	  Recheck Cond: ((k >= 2653773) AND (k <= 2653873))
	  ->  Bitmap Index Scan on k_6  (cost=0.00..5.52 rows=109 width=0)
	        Index Cond: ((k >= 2653773) AND (k <= 2653873))

table 7 : explain SELECT k, c FROM sbtest7 WHERE k BETWEEN 2653773 AND 2653873
	Bitmap Heap Scan on sbtest7  (cost=5.61..460.22 rows=115 width=125)
	  Recheck Cond: ((k >= 2653773) AND (k <= 2653873))
	  ->  Bitmap Index Scan on k_7  (cost=0.00..5.58 rows=115 width=0)
	        Index Cond: ((k >= 2653773) AND (k <= 2653873))

table 8 : explain SELECT k, c FROM sbtest8 WHERE k BETWEEN 2653773 AND 2653873
	Bitmap Heap Scan on sbtest8  (cost=5.56..440.56 rows=110 width=125)
	  Recheck Cond: ((k >= 2653773) AND (k <= 2653873))
	  ->  Bitmap Index Scan on k_8  (cost=0.00..5.53 rows=110 width=0)
	        Index Cond: ((k >= 2653773) AND (k <= 2653873))

explain: for range-notcovered :: explain SELECT k, c FROM sbtest%d WHERE k BETWEEN 8090773 AND 8090873
for range-notcovered
table 1 : explain SELECT k, c FROM sbtest1 WHERE k BETWEEN 8566067 AND 8566167
	Bitmap Heap Scan on sbtest1  (cost=5.50..416.94 rows=104 width=125)
	  Recheck Cond: ((k >= 8566067) AND (k <= 8566167))
	  ->  Bitmap Index Scan on k_1  (cost=0.00..5.47 rows=104 width=0)
	        Index Cond: ((k >= 8566067) AND (k <= 8566167))

table 2 : explain SELECT k, c FROM sbtest2 WHERE k BETWEEN 8566067 AND 8566167
	Bitmap Heap Scan on sbtest2  (cost=5.49..413.00 rows=103 width=125)
	  Recheck Cond: ((k >= 8566067) AND (k <= 8566167))
	  ->  Bitmap Index Scan on k_2  (cost=0.00..5.46 rows=103 width=0)
	        Index Cond: ((k >= 8566067) AND (k <= 8566167))

table 3 : explain SELECT k, c FROM sbtest3 WHERE k BETWEEN 8566067 AND 8566167
	Bitmap Heap Scan on sbtest3  (cost=5.51..420.88 rows=105 width=125)
	  Recheck Cond: ((k >= 8566067) AND (k <= 8566167))
	  ->  Bitmap Index Scan on k_3  (cost=0.00..5.48 rows=105 width=0)
	        Index Cond: ((k >= 8566067) AND (k <= 8566167))

table 4 : explain SELECT k, c FROM sbtest4 WHERE k BETWEEN 8566067 AND 8566167
	Bitmap Heap Scan on sbtest4  (cost=5.39..373.61 rows=93 width=125)
	  Recheck Cond: ((k >= 8566067) AND (k <= 8566167))
	  ->  Bitmap Index Scan on k_4  (cost=0.00..5.36 rows=93 width=0)
	        Index Cond: ((k >= 8566067) AND (k <= 8566167))

table 5 : explain SELECT k, c FROM sbtest5 WHERE k BETWEEN 8566067 AND 8566167
	Bitmap Heap Scan on sbtest5  (cost=5.53..428.75 rows=107 width=125)
	  Recheck Cond: ((k >= 8566067) AND (k <= 8566167))
	  ->  Bitmap Index Scan on k_5  (cost=0.00..5.50 rows=107 width=0)
	        Index Cond: ((k >= 8566067) AND (k <= 8566167))

table 6 : explain SELECT k, c FROM sbtest6 WHERE k BETWEEN 8566067 AND 8566167
	Bitmap Heap Scan on sbtest6  (cost=5.46..401.19 rows=100 width=125)
	  Recheck Cond: ((k >= 8566067) AND (k <= 8566167))
	  ->  Bitmap Index Scan on k_6  (cost=0.00..5.43 rows=100 width=0)
	        Index Cond: ((k >= 8566067) AND (k <= 8566167))

table 7 : explain SELECT k, c FROM sbtest7 WHERE k BETWEEN 8566067 AND 8566167
	Bitmap Heap Scan on sbtest7  (cost=5.53..428.75 rows=107 width=125)
	  Recheck Cond: ((k >= 8566067) AND (k <= 8566167))
	  ->  Bitmap Index Scan on k_7  (cost=0.00..5.50 rows=107 width=0)
	        Index Cond: ((k >= 8566067) AND (k <= 8566167))

table 8 : explain SELECT k, c FROM sbtest8 WHERE k BETWEEN 8566067 AND 8566167
	Bitmap Heap Scan on sbtest8  (cost=5.41..381.49 rows=95 width=125)
	  Recheck Cond: ((k >= 8566067) AND (k <= 8566167))
	  ->  Bitmap Index Scan on k_8  (cost=0.00..5.38 rows=95 width=0)
	        Index Cond: ((k >= 8566067) AND (k <= 8566167))

explain: for range-notcovered :: explain SELECT k, c FROM sbtest%d WHERE k BETWEEN 8566067 AND 8566167
for range-notcovered
table 1 : explain SELECT k, c FROM sbtest1 WHERE k BETWEEN 5497434 AND 5497534
	Bitmap Heap Scan on sbtest1  (cost=5.41..381.49 rows=95 width=125)
	  Recheck Cond: ((k >= 5497434) AND (k <= 5497534))
	  ->  Bitmap Index Scan on k_1  (cost=0.00..5.38 rows=95 width=0)
	        Index Cond: ((k >= 5497434) AND (k <= 5497534))

table 2 : explain SELECT k, c FROM sbtest2 WHERE k BETWEEN 5497434 AND 5497534
	Bitmap Heap Scan on sbtest2  (cost=5.53..428.75 rows=107 width=125)
	  Recheck Cond: ((k >= 5497434) AND (k <= 5497534))
	  ->  Bitmap Index Scan on k_2  (cost=0.00..5.50 rows=107 width=0)
	        Index Cond: ((k >= 5497434) AND (k <= 5497534))

table 3 : explain SELECT k, c FROM sbtest3 WHERE k BETWEEN 5497434 AND 5497534
	Bitmap Heap Scan on sbtest3  (cost=5.47..405.13 rows=101 width=125)
	  Recheck Cond: ((k >= 5497434) AND (k <= 5497534))
	  ->  Bitmap Index Scan on k_3  (cost=0.00..5.44 rows=101 width=0)
	        Index Cond: ((k >= 5497434) AND (k <= 5497534))

table 4 : explain SELECT k, c FROM sbtest4 WHERE k BETWEEN 5497434 AND 5497534
	Bitmap Heap Scan on sbtest4  (cost=5.51..420.88 rows=105 width=125)
	  Recheck Cond: ((k >= 5497434) AND (k <= 5497534))
	  ->  Bitmap Index Scan on k_4  (cost=0.00..5.48 rows=105 width=0)
	        Index Cond: ((k >= 5497434) AND (k <= 5497534))

table 5 : explain SELECT k, c FROM sbtest5 WHERE k BETWEEN 5497434 AND 5497534
	Bitmap Heap Scan on sbtest5  (cost=5.50..416.94 rows=104 width=125)
	  Recheck Cond: ((k >= 5497434) AND (k <= 5497534))
	  ->  Bitmap Index Scan on k_5  (cost=0.00..5.47 rows=104 width=0)
	        Index Cond: ((k >= 5497434) AND (k <= 5497534))

table 6 : explain SELECT k, c FROM sbtest6 WHERE k BETWEEN 5497434 AND 5497534
	Bitmap Heap Scan on sbtest6  (cost=5.39..373.61 rows=93 width=125)
	  Recheck Cond: ((k >= 5497434) AND (k <= 5497534))
	  ->  Bitmap Index Scan on k_6  (cost=0.00..5.36 rows=93 width=0)
	        Index Cond: ((k >= 5497434) AND (k <= 5497534))

table 7 : explain SELECT k, c FROM sbtest7 WHERE k BETWEEN 5497434 AND 5497534
	Bitmap Heap Scan on sbtest7  (cost=5.40..377.55 rows=94 width=125)
	  Recheck Cond: ((k >= 5497434) AND (k <= 5497534))
	  ->  Bitmap Index Scan on k_7  (cost=0.00..5.38 rows=94 width=0)
	        Index Cond: ((k >= 5497434) AND (k <= 5497534))

table 8 : explain SELECT k, c FROM sbtest8 WHERE k BETWEEN 5497434 AND 5497534
	Bitmap Heap Scan on sbtest8  (cost=5.49..413.00 rows=103 width=125)
	  Recheck Cond: ((k >= 5497434) AND (k <= 5497534))
	  ->  Bitmap Index Scan on k_8  (cost=0.00..5.46 rows=103 width=0)
	        Index Cond: ((k >= 5497434) AND (k <= 5497534))

explain: for range-notcovered :: explain SELECT k, c FROM sbtest%d WHERE k BETWEEN 5497434 AND 5497534
for range-notcovered
table 1 : explain SELECT k, c FROM sbtest1 WHERE k BETWEEN 4757182 AND 4757282
	Bitmap Heap Scan on sbtest1  (cost=5.43..389.37 rows=97 width=125)
	  Recheck Cond: ((k >= 4757182) AND (k <= 4757282))
	  ->  Bitmap Index Scan on k_1  (cost=0.00..5.40 rows=97 width=0)
	        Index Cond: ((k >= 4757182) AND (k <= 4757282))

table 2 : explain SELECT k, c FROM sbtest2 WHERE k BETWEEN 4757182 AND 4757282
	Bitmap Heap Scan on sbtest2  (cost=5.38..369.67 rows=92 width=125)
	  Recheck Cond: ((k >= 4757182) AND (k <= 4757282))
	  ->  Bitmap Index Scan on k_2  (cost=0.00..5.35 rows=92 width=0)
	        Index Cond: ((k >= 4757182) AND (k <= 4757282))

table 3 : explain SELECT k, c FROM sbtest3 WHERE k BETWEEN 4757182 AND 4757282
	Bitmap Heap Scan on sbtest3  (cost=5.42..385.43 rows=96 width=125)
	  Recheck Cond: ((k >= 4757182) AND (k <= 4757282))
	  ->  Bitmap Index Scan on k_3  (cost=0.00..5.39 rows=96 width=0)
	        Index Cond: ((k >= 4757182) AND (k <= 4757282))

table 4 : explain SELECT k, c FROM sbtest4 WHERE k BETWEEN 4757182 AND 4757282
	Bitmap Heap Scan on sbtest4  (cost=5.54..432.69 rows=108 width=125)
	  Recheck Cond: ((k >= 4757182) AND (k <= 4757282))
	  ->  Bitmap Index Scan on k_4  (cost=0.00..5.51 rows=108 width=0)
	        Index Cond: ((k >= 4757182) AND (k <= 4757282))

table 5 : explain SELECT k, c FROM sbtest5 WHERE k BETWEEN 4757182 AND 4757282
	Bitmap Heap Scan on sbtest5  (cost=5.48..409.07 rows=102 width=125)
	  Recheck Cond: ((k >= 4757182) AND (k <= 4757282))
	  ->  Bitmap Index Scan on k_5  (cost=0.00..5.45 rows=102 width=0)
	        Index Cond: ((k >= 4757182) AND (k <= 4757282))

table 6 : explain SELECT k, c FROM sbtest6 WHERE k BETWEEN 4757182 AND 4757282
	Bitmap Heap Scan on sbtest6  (cost=5.54..432.69 rows=108 width=125)
	  Recheck Cond: ((k >= 4757182) AND (k <= 4757282))
	  ->  Bitmap Index Scan on k_6  (cost=0.00..5.51 rows=108 width=0)
	        Index Cond: ((k >= 4757182) AND (k <= 4757282))

table 7 : explain SELECT k, c FROM sbtest7 WHERE k BETWEEN 4757182 AND 4757282
	Bitmap Heap Scan on sbtest7  (cost=5.53..428.75 rows=107 width=125)
	  Recheck Cond: ((k >= 4757182) AND (k <= 4757282))
	  ->  Bitmap Index Scan on k_7  (cost=0.00..5.50 rows=107 width=0)
	        Index Cond: ((k >= 4757182) AND (k <= 4757282))

table 8 : explain SELECT k, c FROM sbtest8 WHERE k BETWEEN 4757182 AND 4757282
	Bitmap Heap Scan on sbtest8  (cost=5.44..393.31 rows=98 width=125)
	  Recheck Cond: ((k >= 4757182) AND (k <= 4757282))
	  ->  Bitmap Index Scan on k_8  (cost=0.00..5.42 rows=98 width=0)
	        Index Cond: ((k >= 4757182) AND (k <= 4757282))

explain: for range-notcovered :: explain SELECT k, c FROM sbtest%d WHERE k BETWEEN 2653773 AND 2653873
for range-notcovered
table 1 : explain SELECT k, c FROM sbtest1 WHERE k BETWEEN 7075396 AND 7075496
	Bitmap Heap Scan on sbtest1  (cost=5.51..420.88 rows=105 width=125)
	  Recheck Cond: ((k >= 7075396) AND (k <= 7075496))
	  ->  Bitmap Index Scan on k_1  (cost=0.00..5.48 rows=105 width=0)
	        Index Cond: ((k >= 7075396) AND (k <= 7075496))

table 2 : explain SELECT k, c FROM sbtest2 WHERE k BETWEEN 7075396 AND 7075496
	Bitmap Heap Scan on sbtest2  (cost=5.57..444.49 rows=111 width=125)
	  Recheck Cond: ((k >= 7075396) AND (k <= 7075496))
	  ->  Bitmap Index Scan on k_2  (cost=0.00..5.54 rows=111 width=0)
	        Index Cond: ((k >= 7075396) AND (k <= 7075496))

table 3 : explain SELECT k, c FROM sbtest3 WHERE k BETWEEN 7075396 AND 7075496
	Bitmap Heap Scan on sbtest3  (cost=5.48..409.07 rows=102 width=125)
	  Recheck Cond: ((k >= 7075396) AND (k <= 7075496))
	  ->  Bitmap Index Scan on k_3  (cost=0.00..5.45 rows=102 width=0)
	        Index Cond: ((k >= 7075396) AND (k <= 7075496))

table 4 : explain SELECT k, c FROM sbtest4 WHERE k BETWEEN 7075396 AND 7075496
	Bitmap Heap Scan on sbtest4  (cost=5.47..405.13 rows=101 width=125)
	  Recheck Cond: ((k >= 7075396) AND (k <= 7075496))
	  ->  Bitmap Index Scan on k_4  (cost=0.00..5.44 rows=101 width=0)
	        Index Cond: ((k >= 7075396) AND (k <= 7075496))

table 5 : explain SELECT k, c FROM sbtest5 WHERE k BETWEEN 7075396 AND 7075496
	Bitmap Heap Scan on sbtest5  (cost=5.48..409.07 rows=102 width=125)
	  Recheck Cond: ((k >= 7075396) AND (k <= 7075496))
	  ->  Bitmap Index Scan on k_5  (cost=0.00..5.45 rows=102 width=0)
	        Index Cond: ((k >= 7075396) AND (k <= 7075496))

table 6 : explain SELECT k, c FROM sbtest6 WHERE k BETWEEN 7075396 AND 7075496
	Bitmap Heap Scan on sbtest6  (cost=5.55..436.62 rows=109 width=125)
	  Recheck Cond: ((k >= 7075396) AND (k <= 7075496))
	  ->  Bitmap Index Scan on k_6  (cost=0.00..5.52 rows=109 width=0)
	        Index Cond: ((k >= 7075396) AND (k <= 7075496))

table 7 : explain SELECT k, c FROM sbtest7 WHERE k BETWEEN 7075396 AND 7075496
	Bitmap Heap Scan on sbtest7  (cost=5.49..413.00 rows=103 width=125)
	  Recheck Cond: ((k >= 7075396) AND (k <= 7075496))
	  ->  Bitmap Index Scan on k_7  (cost=0.00..5.46 rows=103 width=0)
	        Index Cond: ((k >= 7075396) AND (k <= 7075496))

table 8 : explain SELECT k, c FROM sbtest8 WHERE k BETWEEN 7075396 AND 7075496
	Bitmap Heap Scan on sbtest8  (cost=5.50..416.94 rows=104 width=125)
	  Recheck Cond: ((k >= 7075396) AND (k <= 7075496))
	  ->  Bitmap Index Scan on k_8  (cost=0.00..5.47 rows=104 width=0)
	        Index Cond: ((k >= 7075396) AND (k <= 7075496))

explain: for range-notcovered :: explain SELECT k, c FROM sbtest%d WHERE k BETWEEN 7075396 AND 7075496
for range-notcovered
table 1 : explain SELECT k, c FROM sbtest1 WHERE k BETWEEN 1365224 AND 1365324
	Bitmap Heap Scan on sbtest1  (cost=5.51..420.88 rows=105 width=125)
	  Recheck Cond: ((k >= 1365224) AND (k <= 1365324))
	  ->  Bitmap Index Scan on k_1  (cost=0.00..5.48 rows=105 width=0)
	        Index Cond: ((k >= 1365224) AND (k <= 1365324))

table 2 : explain SELECT k, c FROM sbtest2 WHERE k BETWEEN 1365224 AND 1365324
	Bitmap Heap Scan on sbtest2  (cost=5.55..436.62 rows=109 width=125)
	  Recheck Cond: ((k >= 1365224) AND (k <= 1365324))
	  ->  Bitmap Index Scan on k_2  (cost=0.00..5.52 rows=109 width=0)
	        Index Cond: ((k >= 1365224) AND (k <= 1365324))

table 3 : explain SELECT k, c FROM sbtest3 WHERE k BETWEEN 1365224 AND 1365324
	Bitmap Heap Scan on sbtest3  (cost=5.46..401.19 rows=100 width=125)
	  Recheck Cond: ((k >= 1365224) AND (k <= 1365324))
	  ->  Bitmap Index Scan on k_3  (cost=0.00..5.43 rows=100 width=0)
	        Index Cond: ((k >= 1365224) AND (k <= 1365324))

table 4 : explain SELECT k, c FROM sbtest4 WHERE k BETWEEN 1365224 AND 1365324
	Bitmap Heap Scan on sbtest4  (cost=5.42..385.43 rows=96 width=125)
	  Recheck Cond: ((k >= 1365224) AND (k <= 1365324))
	  ->  Bitmap Index Scan on k_4  (cost=0.00..5.39 rows=96 width=0)
	        Index Cond: ((k >= 1365224) AND (k <= 1365324))

table 5 : explain SELECT k, c FROM sbtest5 WHERE k BETWEEN 1365224 AND 1365324
	Bitmap Heap Scan on sbtest5  (cost=5.50..416.94 rows=104 width=125)
	  Recheck Cond: ((k >= 1365224) AND (k <= 1365324))
	  ->  Bitmap Index Scan on k_5  (cost=0.00..5.47 rows=104 width=0)
	        Index Cond: ((k >= 1365224) AND (k <= 1365324))

table 6 : explain SELECT k, c FROM sbtest6 WHERE k BETWEEN 1365224 AND 1365324
	Bitmap Heap Scan on sbtest6  (cost=5.45..397.25 rows=99 width=125)
	  Recheck Cond: ((k >= 1365224) AND (k <= 1365324))
	  ->  Bitmap Index Scan on k_6  (cost=0.00..5.42 rows=99 width=0)
	        Index Cond: ((k >= 1365224) AND (k <= 1365324))

table 7 : explain SELECT k, c FROM sbtest7 WHERE k BETWEEN 1365224 AND 1365324
	Bitmap Heap Scan on sbtest7  (cost=5.49..413.00 rows=103 width=125)
	  Recheck Cond: ((k >= 1365224) AND (k <= 1365324))
	  ->  Bitmap Index Scan on k_7  (cost=0.00..5.46 rows=103 width=0)
	        Index Cond: ((k >= 1365224) AND (k <= 1365324))

table 8 : explain SELECT k, c FROM sbtest8 WHERE k BETWEEN 1365224 AND 1365324
	Bitmap Heap Scan on sbtest8  (cost=5.52..424.81 rows=106 width=125)
	  Recheck Cond: ((k >= 1365224) AND (k <= 1365324))
	  ->  Bitmap Index Scan on k_8  (cost=0.00..5.50 rows=106 width=0)
	        Index Cond: ((k >= 1365224) AND (k <= 1365324))

for range-notcovered
table 1 : explain SELECT k, c FROM sbtest1 WHERE k BETWEEN 8090773 AND 8090873
	Bitmap Heap Scan on sbtest1  (cost=5.44..393.31 rows=98 width=125)
	  Recheck Cond: ((k >= 8090773) AND (k <= 8090873))
	  ->  Bitmap Index Scan on k_1  (cost=0.00..5.42 rows=98 width=0)
	        Index Cond: ((k >= 8090773) AND (k <= 8090873))

table 2 : explain SELECT k, c FROM sbtest2 WHERE k BETWEEN 8090773 AND 8090873
	Bitmap Heap Scan on sbtest2  (cost=5.52..424.81 rows=106 width=125)
	  Recheck Cond: ((k >= 8090773) AND (k <= 8090873))
	  ->  Bitmap Index Scan on k_2  (cost=0.00..5.50 rows=106 width=0)
	        Index Cond: ((k >= 8090773) AND (k <= 8090873))

table 3 : explain SELECT k, c FROM sbtest3 WHERE k BETWEEN 8090773 AND 8090873
	Bitmap Heap Scan on sbtest3  (cost=5.54..432.69 rows=108 width=125)
	  Recheck Cond: ((k >= 8090773) AND (k <= 8090873))
	  ->  Bitmap Index Scan on k_3  (cost=0.00..5.51 rows=108 width=0)
	        Index Cond: ((k >= 8090773) AND (k <= 8090873))

table 4 : explain SELECT k, c FROM sbtest4 WHERE k BETWEEN 8090773 AND 8090873
	Bitmap Heap Scan on sbtest4  (cost=5.50..416.94 rows=104 width=125)
	  Recheck Cond: ((k >= 8090773) AND (k <= 8090873))
	  ->  Bitmap Index Scan on k_4  (cost=0.00..5.47 rows=104 width=0)
	        Index Cond: ((k >= 8090773) AND (k <= 8090873))

table 5 : explain SELECT k, c FROM sbtest5 WHERE k BETWEEN 8090773 AND 8090873
	Bitmap Heap Scan on sbtest5  (cost=5.47..405.13 rows=101 width=125)
	  Recheck Cond: ((k >= 8090773) AND (k <= 8090873))
	  ->  Bitmap Index Scan on k_5  (cost=0.00..5.44 rows=101 width=0)
	        Index Cond: ((k >= 8090773) AND (k <= 8090873))

table 6 : explain SELECT k, c FROM sbtest6 WHERE k BETWEEN 8090773 AND 8090873
	Bitmap Heap Scan on sbtest6  (cost=5.53..428.75 rows=107 width=125)
	  Recheck Cond: ((k >= 8090773) AND (k <= 8090873))
	  ->  Bitmap Index Scan on k_6  (cost=0.00..5.50 rows=107 width=0)
	        Index Cond: ((k >= 8090773) AND (k <= 8090873))

table 7 : explain SELECT k, c FROM sbtest7 WHERE k BETWEEN 8090773 AND 8090873
	Bitmap Heap Scan on sbtest7  (cost=5.45..397.25 rows=99 width=125)
	  Recheck Cond: ((k >= 8090773) AND (k <= 8090873))
	  ->  Bitmap Index Scan on k_7  (cost=0.00..5.42 rows=99 width=0)
	        Index Cond: ((k >= 8090773) AND (k <= 8090873))

table 8 : explain SELECT k, c FROM sbtest8 WHERE k BETWEEN 8090773 AND 8090873
	Bitmap Heap Scan on sbtest8  (cost=5.50..416.94 rows=104 width=125)
	  Recheck Cond: ((k >= 8090773) AND (k <= 8090873))
	  ->  Bitmap Index Scan on k_8  (cost=0.00..5.47 rows=104 width=0)
	        Index Cond: ((k >= 8090773) AND (k <= 8090873))

explain: for range-notcovered :: explain SELECT k, c FROM sbtest%d WHERE k BETWEEN 1365224 AND 1365324
explain: for range-notcovered :: explain SELECT k, c FROM sbtest%d WHERE k BETWEEN 8090773 AND 8090873
explain: for range-notcovered :: explain SELECT k, c FROM sbtest%d WHERE k BETWEEN 4757182 AND 4757282
for range-notcovered
table 1 : explain SELECT k, c FROM sbtest1 WHERE k BETWEEN 5497434 AND 5497534
	Bitmap Heap Scan on sbtest1  (cost=5.41..381.49 rows=95 width=125)
	  Recheck Cond: ((k >= 5497434) AND (k <= 5497534))
	  ->  Bitmap Index Scan on k_1  (cost=0.00..5.38 rows=95 width=0)
	        Index Cond: ((k >= 5497434) AND (k <= 5497534))

table 2 : explain SELECT k, c FROM sbtest2 WHERE k BETWEEN 5497434 AND 5497534
	Bitmap Heap Scan on sbtest2  (cost=5.53..428.75 rows=107 width=125)
	  Recheck Cond: ((k >= 5497434) AND (k <= 5497534))
	  ->  Bitmap Index Scan on k_2  (cost=0.00..5.50 rows=107 width=0)
	        Index Cond: ((k >= 5497434) AND (k <= 5497534))

table 3 : explain SELECT k, c FROM sbtest3 WHERE k BETWEEN 5497434 AND 5497534
	Bitmap Heap Scan on sbtest3  (cost=5.47..405.13 rows=101 width=125)
	  Recheck Cond: ((k >= 5497434) AND (k <= 5497534))
	  ->  Bitmap Index Scan on k_3  (cost=0.00..5.44 rows=101 width=0)
	        Index Cond: ((k >= 5497434) AND (k <= 5497534))

table 4 : explain SELECT k, c FROM sbtest4 WHERE k BETWEEN 5497434 AND 5497534
	Bitmap Heap Scan on sbtest4  (cost=5.51..420.88 rows=105 width=125)
	  Recheck Cond: ((k >= 5497434) AND (k <= 5497534))
	  ->  Bitmap Index Scan on k_4  (cost=0.00..5.48 rows=105 width=0)
	        Index Cond: ((k >= 5497434) AND (k <= 5497534))

table 5 : explain SELECT k, c FROM sbtest5 WHERE k BETWEEN 5497434 AND 5497534
	Bitmap Heap Scan on sbtest5  (cost=5.50..416.94 rows=104 width=125)
	  Recheck Cond: ((k >= 5497434) AND (k <= 5497534))
	  ->  Bitmap Index Scan on k_5  (cost=0.00..5.47 rows=104 width=0)
	        Index Cond: ((k >= 5497434) AND (k <= 5497534))

table 6 : explain SELECT k, c FROM sbtest6 WHERE k BETWEEN 5497434 AND 5497534
	Bitmap Heap Scan on sbtest6  (cost=5.39..373.61 rows=93 width=125)
	  Recheck Cond: ((k >= 5497434) AND (k <= 5497534))
	  ->  Bitmap Index Scan on k_6  (cost=0.00..5.36 rows=93 width=0)
	        Index Cond: ((k >= 5497434) AND (k <= 5497534))

table 7 : explain SELECT k, c FROM sbtest7 WHERE k BETWEEN 5497434 AND 5497534
	Bitmap Heap Scan on sbtest7  (cost=5.40..377.55 rows=94 width=125)
	  Recheck Cond: ((k >= 5497434) AND (k <= 5497534))
	  ->  Bitmap Index Scan on k_7  (cost=0.00..5.38 rows=94 width=0)
	        Index Cond: ((k >= 5497434) AND (k <= 5497534))

table 8 : explain SELECT k, c FROM sbtest8 WHERE k BETWEEN 5497434 AND 5497534
	Bitmap Heap Scan on sbtest8  (cost=5.49..413.00 rows=103 width=125)
	  Recheck Cond: ((k >= 5497434) AND (k <= 5497534))
	  ->  Bitmap Index Scan on k_8  (cost=0.00..5.46 rows=103 width=0)
	        Index Cond: ((k >= 5497434) AND (k <= 5497534))

explain: for range-notcovered :: explain SELECT k, c FROM sbtest%d WHERE k BETWEEN 3921648 AND 3921748
explain: for range-notcovered :: explain SELECT k, c FROM sbtest%d WHERE k BETWEEN 5497434 AND 5497534
for range-notcovered
table 1 : explain SELECT k, c FROM sbtest1 WHERE k BETWEEN 7075396 AND 7075496
	Bitmap Heap Scan on sbtest1  (cost=5.51..420.88 rows=105 width=125)
	  Recheck Cond: ((k >= 7075396) AND (k <= 7075496))
	  ->  Bitmap Index Scan on k_1  (cost=0.00..5.48 rows=105 width=0)
	        Index Cond: ((k >= 7075396) AND (k <= 7075496))

table 2 : explain SELECT k, c FROM sbtest2 WHERE k BETWEEN 7075396 AND 7075496
	Bitmap Heap Scan on sbtest2  (cost=5.57..444.49 rows=111 width=125)
	  Recheck Cond: ((k >= 7075396) AND (k <= 7075496))
	  ->  Bitmap Index Scan on k_2  (cost=0.00..5.54 rows=111 width=0)
	        Index Cond: ((k >= 7075396) AND (k <= 7075496))

table 3 : explain SELECT k, c FROM sbtest3 WHERE k BETWEEN 7075396 AND 7075496
	Bitmap Heap Scan on sbtest3  (cost=5.48..409.07 rows=102 width=125)
	  Recheck Cond: ((k >= 7075396) AND (k <= 7075496))
	  ->  Bitmap Index Scan on k_3  (cost=0.00..5.45 rows=102 width=0)
	        Index Cond: ((k >= 7075396) AND (k <= 7075496))

table 4 : explain SELECT k, c FROM sbtest4 WHERE k BETWEEN 7075396 AND 7075496
	Bitmap Heap Scan on sbtest4  (cost=5.47..405.13 rows=101 width=125)
	  Recheck Cond: ((k >= 7075396) AND (k <= 7075496))
	  ->  Bitmap Index Scan on k_4  (cost=0.00..5.44 rows=101 width=0)
	        Index Cond: ((k >= 7075396) AND (k <= 7075496))

table 5 : explain SELECT k, c FROM sbtest5 WHERE k BETWEEN 7075396 AND 7075496
	Bitmap Heap Scan on sbtest5  (cost=5.48..409.07 rows=102 width=125)
	  Recheck Cond: ((k >= 7075396) AND (k <= 7075496))
	  ->  Bitmap Index Scan on k_5  (cost=0.00..5.45 rows=102 width=0)
	        Index Cond: ((k >= 7075396) AND (k <= 7075496))

table 6 : explain SELECT k, c FROM sbtest6 WHERE k BETWEEN 7075396 AND 7075496
	Bitmap Heap Scan on sbtest6  (cost=5.55..436.62 rows=109 width=125)
	  Recheck Cond: ((k >= 7075396) AND (k <= 7075496))
	  ->  Bitmap Index Scan on k_6  (cost=0.00..5.52 rows=109 width=0)
	        Index Cond: ((k >= 7075396) AND (k <= 7075496))

table 7 : explain SELECT k, c FROM sbtest7 WHERE k BETWEEN 7075396 AND 7075496
	Bitmap Heap Scan on sbtest7  (cost=5.49..413.00 rows=103 width=125)
	  Recheck Cond: ((k >= 7075396) AND (k <= 7075496))
	  ->  Bitmap Index Scan on k_7  (cost=0.00..5.46 rows=103 width=0)
	        Index Cond: ((k >= 7075396) AND (k <= 7075496))

table 8 : explain SELECT k, c FROM sbtest8 WHERE k BETWEEN 7075396 AND 7075496
	Bitmap Heap Scan on sbtest8  (cost=5.50..416.94 rows=104 width=125)
	  Recheck Cond: ((k >= 7075396) AND (k <= 7075496))
	  ->  Bitmap Index Scan on k_8  (cost=0.00..5.47 rows=104 width=0)
	        Index Cond: ((k >= 7075396) AND (k <= 7075496))

explain: for range-notcovered :: explain SELECT k, c FROM sbtest%d WHERE k BETWEEN 7075396 AND 7075496
explain: for range-notcovered :: explain SELECT k, c FROM sbtest%d WHERE k BETWEEN 8420771 AND 8420871
for range-notcovered
table 1 : explain SELECT k, c FROM sbtest1 WHERE k BETWEEN 8090773 AND 8090873
	Bitmap Heap Scan on sbtest1  (cost=5.44..393.31 rows=98 width=125)
	  Recheck Cond: ((k >= 8090773) AND (k <= 8090873))
	  ->  Bitmap Index Scan on k_1  (cost=0.00..5.42 rows=98 width=0)
	        Index Cond: ((k >= 8090773) AND (k <= 8090873))

table 2 : explain SELECT k, c FROM sbtest2 WHERE k BETWEEN 8090773 AND 8090873
	Bitmap Heap Scan on sbtest2  (cost=5.52..424.81 rows=106 width=125)
	  Recheck Cond: ((k >= 8090773) AND (k <= 8090873))
	  ->  Bitmap Index Scan on k_2  (cost=0.00..5.50 rows=106 width=0)
	        Index Cond: ((k >= 8090773) AND (k <= 8090873))

table 3 : explain SELECT k, c FROM sbtest3 WHERE k BETWEEN 8090773 AND 8090873
	Bitmap Heap Scan on sbtest3  (cost=5.54..432.69 rows=108 width=125)
	  Recheck Cond: ((k >= 8090773) AND (k <= 8090873))
	  ->  Bitmap Index Scan on k_3  (cost=0.00..5.51 rows=108 width=0)
	        Index Cond: ((k >= 8090773) AND (k <= 8090873))

table 4 : explain SELECT k, c FROM sbtest4 WHERE k BETWEEN 8090773 AND 8090873
	Bitmap Heap Scan on sbtest4  (cost=5.50..416.94 rows=104 width=125)
	  Recheck Cond: ((k >= 8090773) AND (k <= 8090873))
	  ->  Bitmap Index Scan on k_4  (cost=0.00..5.47 rows=104 width=0)
	        Index Cond: ((k >= 8090773) AND (k <= 8090873))

table 5 : explain SELECT k, c FROM sbtest5 WHERE k BETWEEN 8090773 AND 8090873
	Bitmap Heap Scan on sbtest5  (cost=5.47..405.13 rows=101 width=125)
	  Recheck Cond: ((k >= 8090773) AND (k <= 8090873))
	  ->  Bitmap Index Scan on k_5  (cost=0.00..5.44 rows=101 width=0)
	        Index Cond: ((k >= 8090773) AND (k <= 8090873))

table 6 : explain SELECT k, c FROM sbtest6 WHERE k BETWEEN 8090773 AND 8090873
	Bitmap Heap Scan on sbtest6  (cost=5.53..428.75 rows=107 width=125)
	  Recheck Cond: ((k >= 8090773) AND (k <= 8090873))
	  ->  Bitmap Index Scan on k_6  (cost=0.00..5.50 rows=107 width=0)
	        Index Cond: ((k >= 8090773) AND (k <= 8090873))

table 7 : explain SELECT k, c FROM sbtest7 WHERE k BETWEEN 8090773 AND 8090873
	Bitmap Heap Scan on sbtest7  (cost=5.45..397.25 rows=99 width=125)
	  Recheck Cond: ((k >= 8090773) AND (k <= 8090873))
	  ->  Bitmap Index Scan on k_7  (cost=0.00..5.42 rows=99 width=0)
	        Index Cond: ((k >= 8090773) AND (k <= 8090873))

table 8 : explain SELECT k, c FROM sbtest8 WHERE k BETWEEN 8090773 AND 8090873
	Bitmap Heap Scan on sbtest8  (cost=5.50..416.94 rows=104 width=125)
	  Recheck Cond: ((k >= 8090773) AND (k <= 8090873))
	  ->  Bitmap Index Scan on k_8  (cost=0.00..5.47 rows=104 width=0)
	        Index Cond: ((k >= 8090773) AND (k <= 8090873))

explain: for range-notcovered :: explain SELECT k, c FROM sbtest%d WHERE k BETWEEN 8090773 AND 8090873
for range-notcovered
table 1 : explain SELECT k, c FROM sbtest1 WHERE k BETWEEN 5497434 AND 5497534
	Bitmap Heap Scan on sbtest1  (cost=5.41..381.49 rows=95 width=125)
	  Recheck Cond: ((k >= 5497434) AND (k <= 5497534))
	  ->  Bitmap Index Scan on k_1  (cost=0.00..5.38 rows=95 width=0)
	        Index Cond: ((k >= 5497434) AND (k <= 5497534))

table 2 : explain SELECT k, c FROM sbtest2 WHERE k BETWEEN 5497434 AND 5497534
	Bitmap Heap Scan on sbtest2  (cost=5.53..428.75 rows=107 width=125)
	  Recheck Cond: ((k >= 5497434) AND (k <= 5497534))
	  ->  Bitmap Index Scan on k_2  (cost=0.00..5.50 rows=107 width=0)
	        Index Cond: ((k >= 5497434) AND (k <= 5497534))

table 3 : explain SELECT k, c FROM sbtest3 WHERE k BETWEEN 5497434 AND 5497534
	Bitmap Heap Scan on sbtest3  (cost=5.47..405.13 rows=101 width=125)
	  Recheck Cond: ((k >= 5497434) AND (k <= 5497534))
	  ->  Bitmap Index Scan on k_3  (cost=0.00..5.44 rows=101 width=0)
	        Index Cond: ((k >= 5497434) AND (k <= 5497534))

table 4 : explain SELECT k, c FROM sbtest4 WHERE k BETWEEN 5497434 AND 5497534
	Bitmap Heap Scan on sbtest4  (cost=5.51..420.88 rows=105 width=125)
	  Recheck Cond: ((k >= 5497434) AND (k <= 5497534))
	  ->  Bitmap Index Scan on k_4  (cost=0.00..5.48 rows=105 width=0)
	        Index Cond: ((k >= 5497434) AND (k <= 5497534))

table 5 : explain SELECT k, c FROM sbtest5 WHERE k BETWEEN 5497434 AND 5497534
	Bitmap Heap Scan on sbtest5  (cost=5.50..416.94 rows=104 width=125)
	  Recheck Cond: ((k >= 5497434) AND (k <= 5497534))
	  ->  Bitmap Index Scan on k_5  (cost=0.00..5.47 rows=104 width=0)
	        Index Cond: ((k >= 5497434) AND (k <= 5497534))

table 6 : explain SELECT k, c FROM sbtest6 WHERE k BETWEEN 5497434 AND 5497534
	Bitmap Heap Scan on sbtest6  (cost=5.39..373.61 rows=93 width=125)
	  Recheck Cond: ((k >= 5497434) AND (k <= 5497534))
	  ->  Bitmap Index Scan on k_6  (cost=0.00..5.36 rows=93 width=0)
	        Index Cond: ((k >= 5497434) AND (k <= 5497534))

table 7 : explain SELECT k, c FROM sbtest7 WHERE k BETWEEN 5497434 AND 5497534
	Bitmap Heap Scan on sbtest7  (cost=5.40..377.55 rows=94 width=125)
	  Recheck Cond: ((k >= 5497434) AND (k <= 5497534))
	  ->  Bitmap Index Scan on k_7  (cost=0.00..5.38 rows=94 width=0)
	        Index Cond: ((k >= 5497434) AND (k <= 5497534))

table 8 : explain SELECT k, c FROM sbtest8 WHERE k BETWEEN 5497434 AND 5497534
	Bitmap Heap Scan on sbtest8  (cost=5.49..413.00 rows=103 width=125)
	  Recheck Cond: ((k >= 5497434) AND (k <= 5497534))
	  ->  Bitmap Index Scan on k_8  (cost=0.00..5.46 rows=103 width=0)
	        Index Cond: ((k >= 5497434) AND (k <= 5497534))

for range-notcovered
table 1 : explain SELECT k, c FROM sbtest1 WHERE k BETWEEN 2653773 AND 2653873
	Bitmap Heap Scan on sbtest1  (cost=5.52..424.81 rows=106 width=125)
	  Recheck Cond: ((k >= 2653773) AND (k <= 2653873))
	  ->  Bitmap Index Scan on k_1  (cost=0.00..5.50 rows=106 width=0)
	        Index Cond: ((k >= 2653773) AND (k <= 2653873))

table 2 : explain SELECT k, c FROM sbtest2 WHERE k BETWEEN 2653773 AND 2653873
	Bitmap Heap Scan on sbtest2  (cost=5.36..361.78 rows=90 width=125)
	  Recheck Cond: ((k >= 2653773) AND (k <= 2653873))
	  ->  Bitmap Index Scan on k_2  (cost=0.00..5.33 rows=90 width=0)
	        Index Cond: ((k >= 2653773) AND (k <= 2653873))

table 3 : explain SELECT k, c FROM sbtest3 WHERE k BETWEEN 2653773 AND 2653873
	Bitmap Heap Scan on sbtest3  (cost=5.54..432.69 rows=108 width=125)
	  Recheck Cond: ((k >= 2653773) AND (k <= 2653873))
	  ->  Bitmap Index Scan on k_3  (cost=0.00..5.51 rows=108 width=0)
	        Index Cond: ((k >= 2653773) AND (k <= 2653873))

table 4 : explain SELECT k, c FROM sbtest4 WHERE k BETWEEN 2653773 AND 2653873
	Bitmap Heap Scan on sbtest4  (cost=5.58..448.42 rows=112 width=125)
	  Recheck Cond: ((k >= 2653773) AND (k <= 2653873))
	  ->  Bitmap Index Scan on k_4  (cost=0.00..5.55 rows=112 width=0)
	        Index Cond: ((k >= 2653773) AND (k <= 2653873))

table 5 : explain SELECT k, c FROM sbtest5 WHERE k BETWEEN 2653773 AND 2653873
	Bitmap Heap Scan on sbtest5  (cost=5.41..381.49 rows=95 width=125)
	  Recheck Cond: ((k >= 2653773) AND (k <= 2653873))
	  ->  Bitmap Index Scan on k_5  (cost=0.00..5.38 rows=95 width=0)
	        Index Cond: ((k >= 2653773) AND (k <= 2653873))

table 6 : explain SELECT k, c FROM sbtest6 WHERE k BETWEEN 2653773 AND 2653873
	Bitmap Heap Scan on sbtest6  (cost=5.55..436.62 rows=109 width=125)
	  Recheck Cond: ((k >= 2653773) AND (k <= 2653873))
	  ->  Bitmap Index Scan on k_6  (cost=0.00..5.52 rows=109 width=0)
	        Index Cond: ((k >= 2653773) AND (k <= 2653873))

table 7 : explain SELECT k, c FROM sbtest7 WHERE k BETWEEN 2653773 AND 2653873
	Bitmap Heap Scan on sbtest7  (cost=5.61..460.22 rows=115 width=125)
	  Recheck Cond: ((k >= 2653773) AND (k <= 2653873))
	  ->  Bitmap Index Scan on k_7  (cost=0.00..5.58 rows=115 width=0)
	        Index Cond: ((k >= 2653773) AND (k <= 2653873))

table 8 : explain SELECT k, c FROM sbtest8 WHERE k BETWEEN 2653773 AND 2653873
	Bitmap Heap Scan on sbtest8  (cost=5.56..440.56 rows=110 width=125)
	  Recheck Cond: ((k >= 2653773) AND (k <= 2653873))
	  ->  Bitmap Index Scan on k_8  (cost=0.00..5.53 rows=110 width=0)
	        Index Cond: ((k >= 2653773) AND (k <= 2653873))

explain: for range-notcovered :: explain SELECT k, c FROM sbtest%d WHERE k BETWEEN 5497434 AND 5497534
explain: for range-notcovered :: explain SELECT k, c FROM sbtest%d WHERE k BETWEEN 2653773 AND 2653873
for range-notcovered
table 1 : explain SELECT k, c FROM sbtest1 WHERE k BETWEEN 7075396 AND 7075496
	Bitmap Heap Scan on sbtest1  (cost=5.51..420.88 rows=105 width=125)
	  Recheck Cond: ((k >= 7075396) AND (k <= 7075496))
	  ->  Bitmap Index Scan on k_1  (cost=0.00..5.48 rows=105 width=0)
	        Index Cond: ((k >= 7075396) AND (k <= 7075496))

table 2 : explain SELECT k, c FROM sbtest2 WHERE k BETWEEN 7075396 AND 7075496
	Bitmap Heap Scan on sbtest2  (cost=5.57..444.49 rows=111 width=125)
	  Recheck Cond: ((k >= 7075396) AND (k <= 7075496))
	  ->  Bitmap Index Scan on k_2  (cost=0.00..5.54 rows=111 width=0)
	        Index Cond: ((k >= 7075396) AND (k <= 7075496))

table 3 : explain SELECT k, c FROM sbtest3 WHERE k BETWEEN 7075396 AND 7075496
	Bitmap Heap Scan on sbtest3  (cost=5.48..409.07 rows=102 width=125)
	  Recheck Cond: ((k >= 7075396) AND (k <= 7075496))
	  ->  Bitmap Index Scan on k_3  (cost=0.00..5.45 rows=102 width=0)
	        Index Cond: ((k >= 7075396) AND (k <= 7075496))

table 4 : explain SELECT k, c FROM sbtest4 WHERE k BETWEEN 7075396 AND 7075496
	Bitmap Heap Scan on sbtest4  (cost=5.47..405.13 rows=101 width=125)
	  Recheck Cond: ((k >= 7075396) AND (k <= 7075496))
	  ->  Bitmap Index Scan on k_4  (cost=0.00..5.44 rows=101 width=0)
	        Index Cond: ((k >= 7075396) AND (k <= 7075496))

table 5 : explain SELECT k, c FROM sbtest5 WHERE k BETWEEN 7075396 AND 7075496
	Bitmap Heap Scan on sbtest5  (cost=5.48..409.07 rows=102 width=125)
	  Recheck Cond: ((k >= 7075396) AND (k <= 7075496))
	  ->  Bitmap Index Scan on k_5  (cost=0.00..5.45 rows=102 width=0)
	        Index Cond: ((k >= 7075396) AND (k <= 7075496))

table 6 : explain SELECT k, c FROM sbtest6 WHERE k BETWEEN 7075396 AND 7075496
	Bitmap Heap Scan on sbtest6  (cost=5.55..436.62 rows=109 width=125)
	  Recheck Cond: ((k >= 7075396) AND (k <= 7075496))
	  ->  Bitmap Index Scan on k_6  (cost=0.00..5.52 rows=109 width=0)
	        Index Cond: ((k >= 7075396) AND (k <= 7075496))

table 7 : explain SELECT k, c FROM sbtest7 WHERE k BETWEEN 7075396 AND 7075496
	Bitmap Heap Scan on sbtest7  (cost=5.49..413.00 rows=103 width=125)
	  Recheck Cond: ((k >= 7075396) AND (k <= 7075496))
	  ->  Bitmap Index Scan on k_7  (cost=0.00..5.46 rows=103 width=0)
	        Index Cond: ((k >= 7075396) AND (k <= 7075496))

table 8 : explain SELECT k, c FROM sbtest8 WHERE k BETWEEN 7075396 AND 7075496
	Bitmap Heap Scan on sbtest8  (cost=5.50..416.94 rows=104 width=125)
	  Recheck Cond: ((k >= 7075396) AND (k <= 7075496))
	  ->  Bitmap Index Scan on k_8  (cost=0.00..5.47 rows=104 width=0)
	        Index Cond: ((k >= 7075396) AND (k <= 7075496))

for range-notcovered
table 1 : explain SELECT k, c FROM sbtest1 WHERE k BETWEEN 4757182 AND 4757282
	Bitmap Heap Scan on sbtest1  (cost=5.43..389.37 rows=97 width=125)
	  Recheck Cond: ((k >= 4757182) AND (k <= 4757282))
	  ->  Bitmap Index Scan on k_1  (cost=0.00..5.40 rows=97 width=0)
	        Index Cond: ((k >= 4757182) AND (k <= 4757282))

table 2 : explain SELECT k, c FROM sbtest2 WHERE k BETWEEN 4757182 AND 4757282
	Bitmap Heap Scan on sbtest2  (cost=5.38..369.67 rows=92 width=125)
	  Recheck Cond: ((k >= 4757182) AND (k <= 4757282))
	  ->  Bitmap Index Scan on k_2  (cost=0.00..5.35 rows=92 width=0)
	        Index Cond: ((k >= 4757182) AND (k <= 4757282))

table 3 : explain SELECT k, c FROM sbtest3 WHERE k BETWEEN 4757182 AND 4757282
	Bitmap Heap Scan on sbtest3  (cost=5.42..385.43 rows=96 width=125)
	  Recheck Cond: ((k >= 4757182) AND (k <= 4757282))
	  ->  Bitmap Index Scan on k_3  (cost=0.00..5.39 rows=96 width=0)
	        Index Cond: ((k >= 4757182) AND (k <= 4757282))

table 4 : explain SELECT k, c FROM sbtest4 WHERE k BETWEEN 4757182 AND 4757282
	Bitmap Heap Scan on sbtest4  (cost=5.54..432.69 rows=108 width=125)
	  Recheck Cond: ((k >= 4757182) AND (k <= 4757282))
	  ->  Bitmap Index Scan on k_4  (cost=0.00..5.51 rows=108 width=0)
	        Index Cond: ((k >= 4757182) AND (k <= 4757282))

table 5 : explain SELECT k, c FROM sbtest5 WHERE k BETWEEN 4757182 AND 4757282
	Bitmap Heap Scan on sbtest5  (cost=5.48..409.07 rows=102 width=125)
	  Recheck Cond: ((k >= 4757182) AND (k <= 4757282))
	  ->  Bitmap Index Scan on k_5  (cost=0.00..5.45 rows=102 width=0)
	        Index Cond: ((k >= 4757182) AND (k <= 4757282))

table 6 : explain SELECT k, c FROM sbtest6 WHERE k BETWEEN 4757182 AND 4757282
	Bitmap Heap Scan on sbtest6  (cost=5.54..432.69 rows=108 width=125)
	  Recheck Cond: ((k >= 4757182) AND (k <= 4757282))
	  ->  Bitmap Index Scan on k_6  (cost=0.00..5.51 rows=108 width=0)
	        Index Cond: ((k >= 4757182) AND (k <= 4757282))

table 7 : explain SELECT k, c FROM sbtest7 WHERE k BETWEEN 4757182 AND 4757282
	Bitmap Heap Scan on sbtest7  (cost=5.53..428.75 rows=107 width=125)
	  Recheck Cond: ((k >= 4757182) AND (k <= 4757282))
	  ->  Bitmap Index Scan on k_7  (cost=0.00..5.50 rows=107 width=0)
	        Index Cond: ((k >= 4757182) AND (k <= 4757282))

table 8 : explain SELECT k, c FROM sbtest8 WHERE k BETWEEN 4757182 AND 4757282
	Bitmap Heap Scan on sbtest8  (cost=5.44..393.31 rows=98 width=125)
	  Recheck Cond: ((k >= 4757182) AND (k <= 4757282))
	  ->  Bitmap Index Scan on k_8  (cost=0.00..5.42 rows=98 width=0)
	        Index Cond: ((k >= 4757182) AND (k <= 4757282))

explain: for range-notcovered :: explain SELECT k, c FROM sbtest%d WHERE k BETWEEN 7075396 AND 7075496
explain: for range-notcovered :: explain SELECT k, c FROM sbtest%d WHERE k BETWEEN 4757182 AND 4757282
for range-notcovered
table 1 : explain SELECT k, c FROM sbtest1 WHERE k BETWEEN 8090773 AND 8090873
	Bitmap Heap Scan on sbtest1  (cost=5.44..393.31 rows=98 width=125)
	  Recheck Cond: ((k >= 8090773) AND (k <= 8090873))
	  ->  Bitmap Index Scan on k_1  (cost=0.00..5.42 rows=98 width=0)
	        Index Cond: ((k >= 8090773) AND (k <= 8090873))

table 2 : explain SELECT k, c FROM sbtest2 WHERE k BETWEEN 8090773 AND 8090873
	Bitmap Heap Scan on sbtest2  (cost=5.52..424.81 rows=106 width=125)
	  Recheck Cond: ((k >= 8090773) AND (k <= 8090873))
	  ->  Bitmap Index Scan on k_2  (cost=0.00..5.50 rows=106 width=0)
	        Index Cond: ((k >= 8090773) AND (k <= 8090873))

table 3 : explain SELECT k, c FROM sbtest3 WHERE k BETWEEN 8090773 AND 8090873
	Bitmap Heap Scan on sbtest3  (cost=5.54..432.69 rows=108 width=125)
	  Recheck Cond: ((k >= 8090773) AND (k <= 8090873))
	  ->  Bitmap Index Scan on k_3  (cost=0.00..5.51 rows=108 width=0)
	        Index Cond: ((k >= 8090773) AND (k <= 8090873))

table 4 : explain SELECT k, c FROM sbtest4 WHERE k BETWEEN 8090773 AND 8090873
	Bitmap Heap Scan on sbtest4  (cost=5.50..416.94 rows=104 width=125)
	  Recheck Cond: ((k >= 8090773) AND (k <= 8090873))
	  ->  Bitmap Index Scan on k_4  (cost=0.00..5.47 rows=104 width=0)
	        Index Cond: ((k >= 8090773) AND (k <= 8090873))

table 5 : explain SELECT k, c FROM sbtest5 WHERE k BETWEEN 8090773 AND 8090873
	Bitmap Heap Scan on sbtest5  (cost=5.47..405.13 rows=101 width=125)
	  Recheck Cond: ((k >= 8090773) AND (k <= 8090873))
	  ->  Bitmap Index Scan on k_5  (cost=0.00..5.44 rows=101 width=0)
	        Index Cond: ((k >= 8090773) AND (k <= 8090873))

table 6 : explain SELECT k, c FROM sbtest6 WHERE k BETWEEN 8090773 AND 8090873
	Bitmap Heap Scan on sbtest6  (cost=5.53..428.75 rows=107 width=125)
	  Recheck Cond: ((k >= 8090773) AND (k <= 8090873))
	  ->  Bitmap Index Scan on k_6  (cost=0.00..5.50 rows=107 width=0)
	        Index Cond: ((k >= 8090773) AND (k <= 8090873))

table 7 : explain SELECT k, c FROM sbtest7 WHERE k BETWEEN 8090773 AND 8090873
	Bitmap Heap Scan on sbtest7  (cost=5.45..397.25 rows=99 width=125)
	  Recheck Cond: ((k >= 8090773) AND (k <= 8090873))
	  ->  Bitmap Index Scan on k_7  (cost=0.00..5.42 rows=99 width=0)
	        Index Cond: ((k >= 8090773) AND (k <= 8090873))

table 8 : explain SELECT k, c FROM sbtest8 WHERE k BETWEEN 8090773 AND 8090873
	Bitmap Heap Scan on sbtest8  (cost=5.50..416.94 rows=104 width=125)
	  Recheck Cond: ((k >= 8090773) AND (k <= 8090873))
	  ->  Bitmap Index Scan on k_8  (cost=0.00..5.47 rows=104 width=0)
	        Index Cond: ((k >= 8090773) AND (k <= 8090873))

explain: for range-notcovered :: explain SELECT k, c FROM sbtest%d WHERE k BETWEEN 8090773 AND 8090873
for range-notcovered
table 1 : explain SELECT k, c FROM sbtest1 WHERE k BETWEEN 5154252 AND 5154352
	Bitmap Heap Scan on sbtest1  (cost=5.37..365.72 rows=91 width=125)
	  Recheck Cond: ((k >= 5154252) AND (k <= 5154352))
	  ->  Bitmap Index Scan on k_1  (cost=0.00..5.34 rows=91 width=0)
	        Index Cond: ((k >= 5154252) AND (k <= 5154352))

table 2 : explain SELECT k, c FROM sbtest2 WHERE k BETWEEN 5154252 AND 5154352
	Bitmap Heap Scan on sbtest2  (cost=5.51..420.88 rows=105 width=125)
	  Recheck Cond: ((k >= 5154252) AND (k <= 5154352))
	  ->  Bitmap Index Scan on k_2  (cost=0.00..5.48 rows=105 width=0)
	        Index Cond: ((k >= 5154252) AND (k <= 5154352))

table 3 : explain SELECT k, c FROM sbtest3 WHERE k BETWEEN 5154252 AND 5154352
	Bitmap Heap Scan on sbtest3  (cost=5.55..436.62 rows=109 width=125)
	  Recheck Cond: ((k >= 5154252) AND (k <= 5154352))
	  ->  Bitmap Index Scan on k_3  (cost=0.00..5.52 rows=109 width=0)
	        Index Cond: ((k >= 5154252) AND (k <= 5154352))

table 4 : explain SELECT k, c FROM sbtest4 WHERE k BETWEEN 5154252 AND 5154352
	Bitmap Heap Scan on sbtest4  (cost=5.46..401.19 rows=100 width=125)
	  Recheck Cond: ((k >= 5154252) AND (k <= 5154352))
	  ->  Bitmap Index Scan on k_4  (cost=0.00..5.43 rows=100 width=0)
	        Index Cond: ((k >= 5154252) AND (k <= 5154352))

table 5 : explain SELECT k, c FROM sbtest5 WHERE k BETWEEN 5154252 AND 5154352
	Bitmap Heap Scan on sbtest5  (cost=5.56..440.56 rows=110 width=125)
	  Recheck Cond: ((k >= 5154252) AND (k <= 5154352))
	  ->  Bitmap Index Scan on k_5  (cost=0.00..5.53 rows=110 width=0)
	        Index Cond: ((k >= 5154252) AND (k <= 5154352))

table 6 : explain SELECT k, c FROM sbtest6 WHERE k BETWEEN 5154252 AND 5154352
	Bitmap Heap Scan on sbtest6  (cost=5.58..448.42 rows=112 width=125)
	  Recheck Cond: ((k >= 5154252) AND (k <= 5154352))
	  ->  Bitmap Index Scan on k_6  (cost=0.00..5.55 rows=112 width=0)
	        Index Cond: ((k >= 5154252) AND (k <= 5154352))

table 7 : explain SELECT k, c FROM sbtest7 WHERE k BETWEEN 5154252 AND 5154352
	Bitmap Heap Scan on sbtest7  (cost=5.52..424.81 rows=106 width=125)
	  Recheck Cond: ((k >= 5154252) AND (k <= 5154352))
	  ->  Bitmap Index Scan on k_7  (cost=0.00..5.50 rows=106 width=0)
	        Index Cond: ((k >= 5154252) AND (k <= 5154352))

table 8 : explain SELECT k, c FROM sbtest8 WHERE k BETWEEN 5154252 AND 5154352
	Bitmap Heap Scan on sbtest8  (cost=5.48..409.07 rows=102 width=125)
	  Recheck Cond: ((k >= 5154252) AND (k <= 5154352))
	  ->  Bitmap Index Scan on k_8  (cost=0.00..5.45 rows=102 width=0)
	        Index Cond: ((k >= 5154252) AND (k <= 5154352))

for range-notcovered
table 1 : explain SELECT k, c FROM sbtest1 WHERE k BETWEEN 1448981 AND 1449081
	Bitmap Heap Scan on sbtest1  (cost=5.40..377.55 rows=94 width=125)
	  Recheck Cond: ((k >= 1448981) AND (k <= 1449081))
	  ->  Bitmap Index Scan on k_1  (cost=0.00..5.38 rows=94 width=0)
	        Index Cond: ((k >= 1448981) AND (k <= 1449081))

table 2 : explain SELECT k, c FROM sbtest2 WHERE k BETWEEN 1448981 AND 1449081
	Bitmap Heap Scan on sbtest2  (cost=5.55..436.62 rows=109 width=125)
	  Recheck Cond: ((k >= 1448981) AND (k <= 1449081))
	  ->  Bitmap Index Scan on k_2  (cost=0.00..5.52 rows=109 width=0)
	        Index Cond: ((k >= 1448981) AND (k <= 1449081))

table 3 : explain SELECT k, c FROM sbtest3 WHERE k BETWEEN 1448981 AND 1449081
	Bitmap Heap Scan on sbtest3  (cost=5.46..401.19 rows=100 width=125)
	  Recheck Cond: ((k >= 1448981) AND (k <= 1449081))
	  ->  Bitmap Index Scan on k_3  (cost=0.00..5.43 rows=100 width=0)
	        Index Cond: ((k >= 1448981) AND (k <= 1449081))

table 4 : explain SELECT k, c FROM sbtest4 WHERE k BETWEEN 1448981 AND 1449081
	Bitmap Heap Scan on sbtest4  (cost=5.56..440.56 rows=110 width=125)
	  Recheck Cond: ((k >= 1448981) AND (k <= 1449081))
	  ->  Bitmap Index Scan on k_4  (cost=0.00..5.53 rows=110 width=0)
	        Index Cond: ((k >= 1448981) AND (k <= 1449081))

table 5 : explain SELECT k, c FROM sbtest5 WHERE k BETWEEN 1448981 AND 1449081
	Bitmap Heap Scan on sbtest5  (cost=5.54..432.69 rows=108 width=125)
	  Recheck Cond: ((k >= 1448981) AND (k <= 1449081))
	  ->  Bitmap Index Scan on k_5  (cost=0.00..5.51 rows=108 width=0)
	        Index Cond: ((k >= 1448981) AND (k <= 1449081))

table 6 : explain SELECT k, c FROM sbtest6 WHERE k BETWEEN 1448981 AND 1449081
	Bitmap Heap Scan on sbtest6  (cost=5.48..409.07 rows=102 width=125)
	  Recheck Cond: ((k >= 1448981) AND (k <= 1449081))
	  ->  Bitmap Index Scan on k_6  (cost=0.00..5.45 rows=102 width=0)
	        Index Cond: ((k >= 1448981) AND (k <= 1449081))

table 7 : explain SELECT k, c FROM sbtest7 WHERE k BETWEEN 1448981 AND 1449081
	Bitmap Heap Scan on sbtest7  (cost=5.51..420.88 rows=105 width=125)
	  Recheck Cond: ((k >= 1448981) AND (k <= 1449081))
	  ->  Bitmap Index Scan on k_7  (cost=0.00..5.48 rows=105 width=0)
	        Index Cond: ((k >= 1448981) AND (k <= 1449081))

table 8 : explain SELECT k, c FROM sbtest8 WHERE k BETWEEN 1448981 AND 1449081
	Bitmap Heap Scan on sbtest8  (cost=5.51..420.88 rows=105 width=125)
	  Recheck Cond: ((k >= 1448981) AND (k <= 1449081))
	  ->  Bitmap Index Scan on k_8  (cost=0.00..5.48 rows=105 width=0)
	        Index Cond: ((k >= 1448981) AND (k <= 1449081))

for range-notcovered
table 1 : explain SELECT k, c FROM sbtest1 WHERE k BETWEEN 5497434 AND 5497534
	Bitmap Heap Scan on sbtest1  (cost=5.41..381.49 rows=95 width=125)
	  Recheck Cond: ((k >= 5497434) AND (k <= 5497534))
	  ->  Bitmap Index Scan on k_1  (cost=0.00..5.38 rows=95 width=0)
	        Index Cond: ((k >= 5497434) AND (k <= 5497534))

table 2 : explain SELECT k, c FROM sbtest2 WHERE k BETWEEN 5497434 AND 5497534
	Bitmap Heap Scan on sbtest2  (cost=5.53..428.75 rows=107 width=125)
	  Recheck Cond: ((k >= 5497434) AND (k <= 5497534))
	  ->  Bitmap Index Scan on k_2  (cost=0.00..5.50 rows=107 width=0)
	        Index Cond: ((k >= 5497434) AND (k <= 5497534))

table 3 : explain SELECT k, c FROM sbtest3 WHERE k BETWEEN 5497434 AND 5497534
	Bitmap Heap Scan on sbtest3  (cost=5.47..405.13 rows=101 width=125)
	  Recheck Cond: ((k >= 5497434) AND (k <= 5497534))
	  ->  Bitmap Index Scan on k_3  (cost=0.00..5.44 rows=101 width=0)
	        Index Cond: ((k >= 5497434) AND (k <= 5497534))

table 4 : explain SELECT k, c FROM sbtest4 WHERE k BETWEEN 5497434 AND 5497534
	Bitmap Heap Scan on sbtest4  (cost=5.51..420.88 rows=105 width=125)
	  Recheck Cond: ((k >= 5497434) AND (k <= 5497534))
	  ->  Bitmap Index Scan on k_4  (cost=0.00..5.48 rows=105 width=0)
	        Index Cond: ((k >= 5497434) AND (k <= 5497534))

table 5 : explain SELECT k, c FROM sbtest5 WHERE k BETWEEN 5497434 AND 5497534
	Bitmap Heap Scan on sbtest5  (cost=5.50..416.94 rows=104 width=125)
	  Recheck Cond: ((k >= 5497434) AND (k <= 5497534))
	  ->  Bitmap Index Scan on k_5  (cost=0.00..5.47 rows=104 width=0)
	        Index Cond: ((k >= 5497434) AND (k <= 5497534))

table 6 : explain SELECT k, c FROM sbtest6 WHERE k BETWEEN 5497434 AND 5497534
	Bitmap Heap Scan on sbtest6  (cost=5.39..373.61 rows=93 width=125)
	  Recheck Cond: ((k >= 5497434) AND (k <= 5497534))
	  ->  Bitmap Index Scan on k_6  (cost=0.00..5.36 rows=93 width=0)
	        Index Cond: ((k >= 5497434) AND (k <= 5497534))

table 7 : explain SELECT k, c FROM sbtest7 WHERE k BETWEEN 5497434 AND 5497534
	Bitmap Heap Scan on sbtest7  (cost=5.40..377.55 rows=94 width=125)
	  Recheck Cond: ((k >= 5497434) AND (k <= 5497534))
	  ->  Bitmap Index Scan on k_7  (cost=0.00..5.38 rows=94 width=0)
	        Index Cond: ((k >= 5497434) AND (k <= 5497534))

table 8 : explain SELECT k, c FROM sbtest8 WHERE k BETWEEN 5497434 AND 5497534
	Bitmap Heap Scan on sbtest8  (cost=5.49..413.00 rows=103 width=125)
	  Recheck Cond: ((k >= 5497434) AND (k <= 5497534))
	  ->  Bitmap Index Scan on k_8  (cost=0.00..5.46 rows=103 width=0)
	        Index Cond: ((k >= 5497434) AND (k <= 5497534))

explain: for range-notcovered :: explain SELECT k, c FROM sbtest%d WHERE k BETWEEN 1448981 AND 1449081
for range-notcovered
table 1 : explain SELECT k, c FROM sbtest1 WHERE k BETWEEN 1365224 AND 1365324
	Bitmap Heap Scan on sbtest1  (cost=5.51..420.88 rows=105 width=125)
	  Recheck Cond: ((k >= 1365224) AND (k <= 1365324))
	  ->  Bitmap Index Scan on k_1  (cost=0.00..5.48 rows=105 width=0)
	        Index Cond: ((k >= 1365224) AND (k <= 1365324))

table 2 : explain SELECT k, c FROM sbtest2 WHERE k BETWEEN 1365224 AND 1365324
	Bitmap Heap Scan on sbtest2  (cost=5.55..436.62 rows=109 width=125)
	  Recheck Cond: ((k >= 1365224) AND (k <= 1365324))
	  ->  Bitmap Index Scan on k_2  (cost=0.00..5.52 rows=109 width=0)
	        Index Cond: ((k >= 1365224) AND (k <= 1365324))

table 3 : explain SELECT k, c FROM sbtest3 WHERE k BETWEEN 1365224 AND 1365324
	Bitmap Heap Scan on sbtest3  (cost=5.46..401.19 rows=100 width=125)
	  Recheck Cond: ((k >= 1365224) AND (k <= 1365324))
	  ->  Bitmap Index Scan on k_3  (cost=0.00..5.43 rows=100 width=0)
	        Index Cond: ((k >= 1365224) AND (k <= 1365324))

table 4 : explain SELECT k, c FROM sbtest4 WHERE k BETWEEN 1365224 AND 1365324
	Bitmap Heap Scan on sbtest4  (cost=5.42..385.43 rows=96 width=125)
	  Recheck Cond: ((k >= 1365224) AND (k <= 1365324))
	  ->  Bitmap Index Scan on k_4  (cost=0.00..5.39 rows=96 width=0)
	        Index Cond: ((k >= 1365224) AND (k <= 1365324))

table 5 : explain SELECT k, c FROM sbtest5 WHERE k BETWEEN 1365224 AND 1365324
	Bitmap Heap Scan on sbtest5  (cost=5.50..416.94 rows=104 width=125)
	  Recheck Cond: ((k >= 1365224) AND (k <= 1365324))
	  ->  Bitmap Index Scan on k_5  (cost=0.00..5.47 rows=104 width=0)
	        Index Cond: ((k >= 1365224) AND (k <= 1365324))

table 6 : explain SELECT k, c FROM sbtest6 WHERE k BETWEEN 1365224 AND 1365324
	Bitmap Heap Scan on sbtest6  (cost=5.45..397.25 rows=99 width=125)
	  Recheck Cond: ((k >= 1365224) AND (k <= 1365324))
	  ->  Bitmap Index Scan on k_6  (cost=0.00..5.42 rows=99 width=0)
	        Index Cond: ((k >= 1365224) AND (k <= 1365324))

table 7 : explain SELECT k, c FROM sbtest7 WHERE k BETWEEN 1365224 AND 1365324
	Bitmap Heap Scan on sbtest7  (cost=5.49..413.00 rows=103 width=125)
	  Recheck Cond: ((k >= 1365224) AND (k <= 1365324))
	  ->  Bitmap Index Scan on k_7  (cost=0.00..5.46 rows=103 width=0)
	        Index Cond: ((k >= 1365224) AND (k <= 1365324))

table 8 : explain SELECT k, c FROM sbtest8 WHERE k BETWEEN 1365224 AND 1365324
	Bitmap Heap Scan on sbtest8  (cost=5.52..424.81 rows=106 width=125)
	  Recheck Cond: ((k >= 1365224) AND (k <= 1365324))
	  ->  Bitmap Index Scan on k_8  (cost=0.00..5.50 rows=106 width=0)
	        Index Cond: ((k >= 1365224) AND (k <= 1365324))

for range-notcovered
table 1 : explain SELECT k, c FROM sbtest1 WHERE k BETWEEN 7075396 AND 7075496
	Bitmap Heap Scan on sbtest1  (cost=5.51..420.88 rows=105 width=125)
	  Recheck Cond: ((k >= 7075396) AND (k <= 7075496))
	  ->  Bitmap Index Scan on k_1  (cost=0.00..5.48 rows=105 width=0)
	        Index Cond: ((k >= 7075396) AND (k <= 7075496))

table 2 : explain SELECT k, c FROM sbtest2 WHERE k BETWEEN 7075396 AND 7075496
	Bitmap Heap Scan on sbtest2  (cost=5.57..444.49 rows=111 width=125)
	  Recheck Cond: ((k >= 7075396) AND (k <= 7075496))
	  ->  Bitmap Index Scan on k_2  (cost=0.00..5.54 rows=111 width=0)
	        Index Cond: ((k >= 7075396) AND (k <= 7075496))

table 3 : explain SELECT k, c FROM sbtest3 WHERE k BETWEEN 7075396 AND 7075496
	Bitmap Heap Scan on sbtest3  (cost=5.48..409.07 rows=102 width=125)
	  Recheck Cond: ((k >= 7075396) AND (k <= 7075496))
	  ->  Bitmap Index Scan on k_3  (cost=0.00..5.45 rows=102 width=0)
	        Index Cond: ((k >= 7075396) AND (k <= 7075496))

table 4 : explain SELECT k, c FROM sbtest4 WHERE k BETWEEN 7075396 AND 7075496
	Bitmap Heap Scan on sbtest4  (cost=5.47..405.13 rows=101 width=125)
	  Recheck Cond: ((k >= 7075396) AND (k <= 7075496))
	  ->  Bitmap Index Scan on k_4  (cost=0.00..5.44 rows=101 width=0)
	        Index Cond: ((k >= 7075396) AND (k <= 7075496))

table 5 : explain SELECT k, c FROM sbtest5 WHERE k BETWEEN 7075396 AND 7075496
	Bitmap Heap Scan on sbtest5  (cost=5.48..409.07 rows=102 width=125)
	  Recheck Cond: ((k >= 7075396) AND (k <= 7075496))
	  ->  Bitmap Index Scan on k_5  (cost=0.00..5.45 rows=102 width=0)
	        Index Cond: ((k >= 7075396) AND (k <= 7075496))

table 6 : explain SELECT k, c FROM sbtest6 WHERE k BETWEEN 7075396 AND 7075496
	Bitmap Heap Scan on sbtest6  (cost=5.55..436.62 rows=109 width=125)
	  Recheck Cond: ((k >= 7075396) AND (k <= 7075496))
	  ->  Bitmap Index Scan on k_6  (cost=0.00..5.52 rows=109 width=0)
	        Index Cond: ((k >= 7075396) AND (k <= 7075496))

table 7 : explain SELECT k, c FROM sbtest7 WHERE k BETWEEN 7075396 AND 7075496
	Bitmap Heap Scan on sbtest7  (cost=5.49..413.00 rows=103 width=125)
	  Recheck Cond: ((k >= 7075396) AND (k <= 7075496))
	  ->  Bitmap Index Scan on k_7  (cost=0.00..5.46 rows=103 width=0)
	        Index Cond: ((k >= 7075396) AND (k <= 7075496))

table 8 : explain SELECT k, c FROM sbtest8 WHERE k BETWEEN 7075396 AND 7075496
	Bitmap Heap Scan on sbtest8  (cost=5.50..416.94 rows=104 width=125)
	  Recheck Cond: ((k >= 7075396) AND (k <= 7075496))
	  ->  Bitmap Index Scan on k_8  (cost=0.00..5.47 rows=104 width=0)
	        Index Cond: ((k >= 7075396) AND (k <= 7075496))

explain: for range-notcovered :: explain SELECT k, c FROM sbtest%d WHERE k BETWEEN 5154252 AND 5154352
explain: for range-notcovered :: explain SELECT k, c FROM sbtest%d WHERE k BETWEEN 1365224 AND 1365324
explain: for range-notcovered :: explain SELECT k, c FROM sbtest%d WHERE k BETWEEN 7075396 AND 7075496
for range-notcovered
table 1 : explain SELECT k, c FROM sbtest1 WHERE k BETWEEN 8090773 AND 8090873
	Bitmap Heap Scan on sbtest1  (cost=5.44..393.31 rows=98 width=125)
	  Recheck Cond: ((k >= 8090773) AND (k <= 8090873))
	  ->  Bitmap Index Scan on k_1  (cost=0.00..5.42 rows=98 width=0)
	        Index Cond: ((k >= 8090773) AND (k <= 8090873))

table 2 : explain SELECT k, c FROM sbtest2 WHERE k BETWEEN 8090773 AND 8090873
	Bitmap Heap Scan on sbtest2  (cost=5.52..424.81 rows=106 width=125)
	  Recheck Cond: ((k >= 8090773) AND (k <= 8090873))
	  ->  Bitmap Index Scan on k_2  (cost=0.00..5.50 rows=106 width=0)
	        Index Cond: ((k >= 8090773) AND (k <= 8090873))

table 3 : explain SELECT k, c FROM sbtest3 WHERE k BETWEEN 8090773 AND 8090873
	Bitmap Heap Scan on sbtest3  (cost=5.54..432.69 rows=108 width=125)
	  Recheck Cond: ((k >= 8090773) AND (k <= 8090873))
	  ->  Bitmap Index Scan on k_3  (cost=0.00..5.51 rows=108 width=0)
	        Index Cond: ((k >= 8090773) AND (k <= 8090873))

table 4 : explain SELECT k, c FROM sbtest4 WHERE k BETWEEN 8090773 AND 8090873
	Bitmap Heap Scan on sbtest4  (cost=5.50..416.94 rows=104 width=125)
	  Recheck Cond: ((k >= 8090773) AND (k <= 8090873))
	  ->  Bitmap Index Scan on k_4  (cost=0.00..5.47 rows=104 width=0)
	        Index Cond: ((k >= 8090773) AND (k <= 8090873))

table 5 : explain SELECT k, c FROM sbtest5 WHERE k BETWEEN 8090773 AND 8090873
	Bitmap Heap Scan on sbtest5  (cost=5.47..405.13 rows=101 width=125)
	  Recheck Cond: ((k >= 8090773) AND (k <= 8090873))
	  ->  Bitmap Index Scan on k_5  (cost=0.00..5.44 rows=101 width=0)
	        Index Cond: ((k >= 8090773) AND (k <= 8090873))

table 6 : explain SELECT k, c FROM sbtest6 WHERE k BETWEEN 8090773 AND 8090873
	Bitmap Heap Scan on sbtest6  (cost=5.53..428.75 rows=107 width=125)
	  Recheck Cond: ((k >= 8090773) AND (k <= 8090873))
	  ->  Bitmap Index Scan on k_6  (cost=0.00..5.50 rows=107 width=0)
	        Index Cond: ((k >= 8090773) AND (k <= 8090873))

table 7 : explain SELECT k, c FROM sbtest7 WHERE k BETWEEN 8090773 AND 8090873
	Bitmap Heap Scan on sbtest7  (cost=5.45..397.25 rows=99 width=125)
	  Recheck Cond: ((k >= 8090773) AND (k <= 8090873))
	  ->  Bitmap Index Scan on k_7  (cost=0.00..5.42 rows=99 width=0)
	        Index Cond: ((k >= 8090773) AND (k <= 8090873))

table 8 : explain SELECT k, c FROM sbtest8 WHERE k BETWEEN 8090773 AND 8090873
	Bitmap Heap Scan on sbtest8  (cost=5.50..416.94 rows=104 width=125)
	  Recheck Cond: ((k >= 8090773) AND (k <= 8090873))
	  ->  Bitmap Index Scan on k_8  (cost=0.00..5.47 rows=104 width=0)
	        Index Cond: ((k >= 8090773) AND (k <= 8090873))

for range-notcovered
table 1 : explain SELECT k, c FROM sbtest1 WHERE k BETWEEN 8566067 AND 8566167
	Bitmap Heap Scan on sbtest1  (cost=5.50..416.94 rows=104 width=125)
	  Recheck Cond: ((k >= 8566067) AND (k <= 8566167))
	  ->  Bitmap Index Scan on k_1  (cost=0.00..5.47 rows=104 width=0)
	        Index Cond: ((k >= 8566067) AND (k <= 8566167))

table 2 : explain SELECT k, c FROM sbtest2 WHERE k BETWEEN 8566067 AND 8566167
	Bitmap Heap Scan on sbtest2  (cost=5.49..413.00 rows=103 width=125)
	  Recheck Cond: ((k >= 8566067) AND (k <= 8566167))
	  ->  Bitmap Index Scan on k_2  (cost=0.00..5.46 rows=103 width=0)
	        Index Cond: ((k >= 8566067) AND (k <= 8566167))

table 3 : explain SELECT k, c FROM sbtest3 WHERE k BETWEEN 8566067 AND 8566167
	Bitmap Heap Scan on sbtest3  (cost=5.51..420.88 rows=105 width=125)
	  Recheck Cond: ((k >= 8566067) AND (k <= 8566167))
	  ->  Bitmap Index Scan on k_3  (cost=0.00..5.48 rows=105 width=0)
	        Index Cond: ((k >= 8566067) AND (k <= 8566167))

table 4 : explain SELECT k, c FROM sbtest4 WHERE k BETWEEN 8566067 AND 8566167
	Bitmap Heap Scan on sbtest4  (cost=5.39..373.61 rows=93 width=125)
	  Recheck Cond: ((k >= 8566067) AND (k <= 8566167))
	  ->  Bitmap Index Scan on k_4  (cost=0.00..5.36 rows=93 width=0)
	        Index Cond: ((k >= 8566067) AND (k <= 8566167))

table 5 : explain SELECT k, c FROM sbtest5 WHERE k BETWEEN 8566067 AND 8566167
	Bitmap Heap Scan on sbtest5  (cost=5.53..428.75 rows=107 width=125)
	  Recheck Cond: ((k >= 8566067) AND (k <= 8566167))
	  ->  Bitmap Index Scan on k_5  (cost=0.00..5.50 rows=107 width=0)
	        Index Cond: ((k >= 8566067) AND (k <= 8566167))

table 6 : explain SELECT k, c FROM sbtest6 WHERE k BETWEEN 8566067 AND 8566167
	Bitmap Heap Scan on sbtest6  (cost=5.46..401.19 rows=100 width=125)
	  Recheck Cond: ((k >= 8566067) AND (k <= 8566167))
	  ->  Bitmap Index Scan on k_6  (cost=0.00..5.43 rows=100 width=0)
	        Index Cond: ((k >= 8566067) AND (k <= 8566167))

table 7 : explain SELECT k, c FROM sbtest7 WHERE k BETWEEN 8566067 AND 8566167
	Bitmap Heap Scan on sbtest7  (cost=5.53..428.75 rows=107 width=125)
	  Recheck Cond: ((k >= 8566067) AND (k <= 8566167))
	  ->  Bitmap Index Scan on k_7  (cost=0.00..5.50 rows=107 width=0)
	        Index Cond: ((k >= 8566067) AND (k <= 8566167))

table 8 : explain SELECT k, c FROM sbtest8 WHERE k BETWEEN 8566067 AND 8566167
	Bitmap Heap Scan on sbtest8  (cost=5.41..381.49 rows=95 width=125)
	  Recheck Cond: ((k >= 8566067) AND (k <= 8566167))
	  ->  Bitmap Index Scan on k_8  (cost=0.00..5.38 rows=95 width=0)
	        Index Cond: ((k >= 8566067) AND (k <= 8566167))

for range-notcovered
table 1 : explain SELECT k, c FROM sbtest1 WHERE k BETWEEN 2653773 AND 2653873
	Bitmap Heap Scan on sbtest1  (cost=5.52..424.81 rows=106 width=125)
	  Recheck Cond: ((k >= 2653773) AND (k <= 2653873))
	  ->  Bitmap Index Scan on k_1  (cost=0.00..5.50 rows=106 width=0)
	        Index Cond: ((k >= 2653773) AND (k <= 2653873))

table 2 : explain SELECT k, c FROM sbtest2 WHERE k BETWEEN 2653773 AND 2653873
	Bitmap Heap Scan on sbtest2  (cost=5.36..361.78 rows=90 width=125)
	  Recheck Cond: ((k >= 2653773) AND (k <= 2653873))
	  ->  Bitmap Index Scan on k_2  (cost=0.00..5.33 rows=90 width=0)
	        Index Cond: ((k >= 2653773) AND (k <= 2653873))

table 3 : explain SELECT k, c FROM sbtest3 WHERE k BETWEEN 2653773 AND 2653873
	Bitmap Heap Scan on sbtest3  (cost=5.54..432.69 rows=108 width=125)
	  Recheck Cond: ((k >= 2653773) AND (k <= 2653873))
	  ->  Bitmap Index Scan on k_3  (cost=0.00..5.51 rows=108 width=0)
	        Index Cond: ((k >= 2653773) AND (k <= 2653873))

table 4 : explain SELECT k, c FROM sbtest4 WHERE k BETWEEN 2653773 AND 2653873
	Bitmap Heap Scan on sbtest4  (cost=5.58..448.42 rows=112 width=125)
	  Recheck Cond: ((k >= 2653773) AND (k <= 2653873))
	  ->  Bitmap Index Scan on k_4  (cost=0.00..5.55 rows=112 width=0)
	        Index Cond: ((k >= 2653773) AND (k <= 2653873))

table 5 : explain SELECT k, c FROM sbtest5 WHERE k BETWEEN 2653773 AND 2653873
	Bitmap Heap Scan on sbtest5  (cost=5.41..381.49 rows=95 width=125)
	  Recheck Cond: ((k >= 2653773) AND (k <= 2653873))
	  ->  Bitmap Index Scan on k_5  (cost=0.00..5.38 rows=95 width=0)
	        Index Cond: ((k >= 2653773) AND (k <= 2653873))

table 6 : explain SELECT k, c FROM sbtest6 WHERE k BETWEEN 2653773 AND 2653873
	Bitmap Heap Scan on sbtest6  (cost=5.55..436.62 rows=109 width=125)
	  Recheck Cond: ((k >= 2653773) AND (k <= 2653873))
	  ->  Bitmap Index Scan on k_6  (cost=0.00..5.52 rows=109 width=0)
	        Index Cond: ((k >= 2653773) AND (k <= 2653873))

table 7 : explain SELECT k, c FROM sbtest7 WHERE k BETWEEN 2653773 AND 2653873
	Bitmap Heap Scan on sbtest7  (cost=5.61..460.22 rows=115 width=125)
	  Recheck Cond: ((k >= 2653773) AND (k <= 2653873))
	  ->  Bitmap Index Scan on k_7  (cost=0.00..5.58 rows=115 width=0)
	        Index Cond: ((k >= 2653773) AND (k <= 2653873))

table 8 : explain SELECT k, c FROM sbtest8 WHERE k BETWEEN 2653773 AND 2653873
	Bitmap Heap Scan on sbtest8  (cost=5.56..440.56 rows=110 width=125)
	  Recheck Cond: ((k >= 2653773) AND (k <= 2653873))
	  ->  Bitmap Index Scan on k_8  (cost=0.00..5.53 rows=110 width=0)
	        Index Cond: ((k >= 2653773) AND (k <= 2653873))

explain: for range-notcovered :: explain SELECT k, c FROM sbtest%d WHERE k BETWEEN 8090773 AND 8090873
explain: for range-notcovered :: explain SELECT k, c FROM sbtest%d WHERE k BETWEEN 8566067 AND 8566167
explain: for range-notcovered :: explain SELECT k, c FROM sbtest%d WHERE k BETWEEN 2653773 AND 2653873for range-notcovered
table 1 : explain SELECT k, c FROM sbtest1 WHERE k BETWEEN 1448981 AND 1449081
	Bitmap Heap Scan on sbtest1  (cost=5.40..377.55 rows=94 width=125)
	  Recheck Cond: ((k >= 1448981) AND (k <= 1449081))
	  ->  Bitmap Index Scan on k_1  (cost=0.00..5.38 rows=94 width=0)
	        Index Cond: ((k >= 1448981) AND (k <= 1449081))

table 2 : explain SELECT k, c FROM sbtest2 WHERE k BETWEEN 1448981 AND 1449081
	Bitmap Heap Scan on sbtest2  (cost=5.55..436.62 rows=109 width=125)
	  Recheck Cond: ((k >= 1448981) AND (k <= 1449081))
	  ->  Bitmap Index Scan on k_2  (cost=0.00..5.52 rows=109 width=0)
	        Index Cond: ((k >= 1448981) AND (k <= 1449081))

table 3 : explain SELECT k, c FROM sbtest3 WHERE k BETWEEN 1448981 AND 1449081
	Bitmap Heap Scan on sbtest3  (cost=5.46..401.19 rows=100 width=125)
	  Recheck Cond: ((k >= 1448981) AND (k <= 1449081))
	  ->  Bitmap Index Scan on k_3  (cost=0.00..5.43 rows=100 width=0)
	        Index Cond: ((k >= 1448981) AND (k <= 1449081))

table 4 : explain SELECT k, c FROM sbtest4 WHERE k BETWEEN 1448981 AND 1449081
	Bitmap Heap Scan on sbtest4  (cost=5.56..440.56 rows=110 width=125)
	  Recheck Cond: ((k >= 1448981) AND (k <= 1449081))
	  ->  Bitmap Index Scan on k_4  (cost=0.00..5.53 rows=110 width=0)
	        Index Cond: ((k >= 1448981) AND (k <= 1449081))

table 5 : explain SELECT k, c FROM sbtest5 WHERE k BETWEEN 1448981 AND 1449081
	Bitmap Heap Scan on sbtest5  (cost=5.54..432.69 rows=108 width=125)
	  Recheck Cond: ((k >= 1448981) AND (k <= 1449081))
	  ->  Bitmap Index Scan on k_5  (cost=0.00..5.51 rows=108 width=0)
	        Index Cond: ((k >= 1448981) AND (k <= 1449081))

table 6 : explain SELECT k, c FROM sbtest6 WHERE k BETWEEN 1448981 AND 1449081
	Bitmap Heap Scan on sbtest6  (cost=5.48..409.07 rows=102 width=125)
	  Recheck Cond: ((k >= 1448981) AND (k <= 1449081))
	  ->  Bitmap Index Scan on k_6  (cost=0.00..5.45 rows=102 width=0)
	        Index Cond: ((k >= 1448981) AND (k <= 1449081))

table 7 : explain SELECT k, c FROM sbtest7 WHERE k BETWEEN 1448981 AND 1449081
	Bitmap Heap Scan on sbtest7  (cost=5.51..420.88 rows=105 width=125)
	  Recheck Cond: ((k >= 1448981) AND (k <= 1449081))
	  ->  Bitmap Index Scan on k_7  (cost=0.00..5.48 rows=105 width=0)
	        Index Cond: ((k >= 1448981) AND (k <= 1449081))

table 8 : explain SELECT k, c FROM sbtest8 WHERE k BETWEEN 1448981 AND 1449081
	Bitmap Heap Scan on sbtest8  (cost=5.51..420.88 rows=105 width=125)
	  Recheck Cond: ((k >= 1448981) AND (k <= 1449081))
	  ->  Bitmap Index Scan on k_8  (cost=0.00..5.48 rows=105 width=0)
	        Index Cond: ((k >= 1448981) AND (k <= 1449081))


explain: for range-notcovered :: explain SELECT k, c FROM sbtest%d WHERE k BETWEEN 1448981 AND 1449081
for range-notcovered
table 1 : explain SELECT k, c FROM sbtest1 WHERE k BETWEEN 7075396 AND 7075496
	Bitmap Heap Scan on sbtest1  (cost=5.51..420.88 rows=105 width=125)
	  Recheck Cond: ((k >= 7075396) AND (k <= 7075496))
	  ->  Bitmap Index Scan on k_1  (cost=0.00..5.48 rows=105 width=0)
	        Index Cond: ((k >= 7075396) AND (k <= 7075496))

table 2 : explain SELECT k, c FROM sbtest2 WHERE k BETWEEN 7075396 AND 7075496
	Bitmap Heap Scan on sbtest2  (cost=5.57..444.49 rows=111 width=125)
	  Recheck Cond: ((k >= 7075396) AND (k <= 7075496))
	  ->  Bitmap Index Scan on k_2  (cost=0.00..5.54 rows=111 width=0)
	        Index Cond: ((k >= 7075396) AND (k <= 7075496))

table 3 : explain SELECT k, c FROM sbtest3 WHERE k BETWEEN 7075396 AND 7075496
	Bitmap Heap Scan on sbtest3  (cost=5.48..409.07 rows=102 width=125)
	  Recheck Cond: ((k >= 7075396) AND (k <= 7075496))
	  ->  Bitmap Index Scan on k_3  (cost=0.00..5.45 rows=102 width=0)
	        Index Cond: ((k >= 7075396) AND (k <= 7075496))

table 4 : explain SELECT k, c FROM sbtest4 WHERE k BETWEEN 7075396 AND 7075496
	Bitmap Heap Scan on sbtest4  (cost=5.47..405.13 rows=101 width=125)
	  Recheck Cond: ((k >= 7075396) AND (k <= 7075496))
	  ->  Bitmap Index Scan on k_4  (cost=0.00..5.44 rows=101 width=0)
	        Index Cond: ((k >= 7075396) AND (k <= 7075496))

table 5 : explain SELECT k, c FROM sbtest5 WHERE k BETWEEN 7075396 AND 7075496
	Bitmap Heap Scan on sbtest5  (cost=5.48..409.07 rows=102 width=125)
	  Recheck Cond: ((k >= 7075396) AND (k <= 7075496))
	  ->  Bitmap Index Scan on k_5  (cost=0.00..5.45 rows=102 width=0)
	        Index Cond: ((k >= 7075396) AND (k <= 7075496))

table 6 : explain SELECT k, c FROM sbtest6 WHERE k BETWEEN 7075396 AND 7075496
	Bitmap Heap Scan on sbtest6  (cost=5.55..436.62 rows=109 width=125)
	  Recheck Cond: ((k >= 7075396) AND (k <= 7075496))
	  ->  Bitmap Index Scan on k_6  (cost=0.00..5.52 rows=109 width=0)
	        Index Cond: ((k >= 7075396) AND (k <= 7075496))

table 7 : explain SELECT k, c FROM sbtest7 WHERE k BETWEEN 7075396 AND 7075496
	Bitmap Heap Scan on sbtest7  (cost=5.49..413.00 rows=103 width=125)
	  Recheck Cond: ((k >= 7075396) AND (k <= 7075496))
	  ->  Bitmap Index Scan on k_7  (cost=0.00..5.46 rows=103 width=0)
	        Index Cond: ((k >= 7075396) AND (k <= 7075496))

table 8 : explain SELECT k, c FROM sbtest8 WHERE k BETWEEN 7075396 AND 7075496
	Bitmap Heap Scan on sbtest8  (cost=5.50..416.94 rows=104 width=125)
	  Recheck Cond: ((k >= 7075396) AND (k <= 7075496))
	  ->  Bitmap Index Scan on k_8  (cost=0.00..5.47 rows=104 width=0)
	        Index Cond: ((k >= 7075396) AND (k <= 7075496))

for range-notcovered
table 1 : explain SELECT k, c FROM sbtest1 WHERE k BETWEEN 4757182 AND 4757282
	Bitmap Heap Scan on sbtest1  (cost=5.43..389.37 rows=97 width=125)
	  Recheck Cond: ((k >= 4757182) AND (k <= 4757282))
	  ->  Bitmap Index Scan on k_1  (cost=0.00..5.40 rows=97 width=0)
	        Index Cond: ((k >= 4757182) AND (k <= 4757282))

table 2 : explain SELECT k, c FROM sbtest2 WHERE k BETWEEN 4757182 AND 4757282
	Bitmap Heap Scan on sbtest2  (cost=5.38..369.67 rows=92 width=125)
	  Recheck Cond: ((k >= 4757182) AND (k <= 4757282))
	  ->  Bitmap Index Scan on k_2  (cost=0.00..5.35 rows=92 width=0)
	        Index Cond: ((k >= 4757182) AND (k <= 4757282))

table 3 : explain SELECT k, c FROM sbtest3 WHERE k BETWEEN 4757182 AND 4757282
	Bitmap Heap Scan on sbtest3  (cost=5.42..385.43 rows=96 width=125)
	  Recheck Cond: ((k >= 4757182) AND (k <= 4757282))
	  ->  Bitmap Index Scan on k_3  (cost=0.00..5.39 rows=96 width=0)
	        Index Cond: ((k >= 4757182) AND (k <= 4757282))

table 4 : explain SELECT k, c FROM sbtest4 WHERE k BETWEEN 4757182 AND 4757282
	Bitmap Heap Scan on sbtest4  (cost=5.54..432.69 rows=108 width=125)
	  Recheck Cond: ((k >= 4757182) AND (k <= 4757282))
	  ->  Bitmap Index Scan on k_4  (cost=0.00..5.51 rows=108 width=0)
	        Index Cond: ((k >= 4757182) AND (k <= 4757282))

table 5 : explain SELECT k, c FROM sbtest5 WHERE k BETWEEN 4757182 AND 4757282
	Bitmap Heap Scan on sbtest5  (cost=5.48..409.07 rows=102 width=125)
	  Recheck Cond: ((k >= 4757182) AND (k <= 4757282))
	  ->  Bitmap Index Scan on k_5  (cost=0.00..5.45 rows=102 width=0)
	        Index Cond: ((k >= 4757182) AND (k <= 4757282))

table 6 : explain SELECT k, c FROM sbtest6 WHERE k BETWEEN 4757182 AND 4757282
	Bitmap Heap Scan on sbtest6  (cost=5.54..432.69 rows=108 width=125)
	  Recheck Cond: ((k >= 4757182) AND (k <= 4757282))
	  ->  Bitmap Index Scan on k_6  (cost=0.00..5.51 rows=108 width=0)
	        Index Cond: ((k >= 4757182) AND (k <= 4757282))

table 7 : explain SELECT k, c FROM sbtest7 WHERE k BETWEEN 4757182 AND 4757282
	Bitmap Heap Scan on sbtest7  (cost=5.53..428.75 rows=107 width=125)
	  Recheck Cond: ((k >= 4757182) AND (k <= 4757282))
	  ->  Bitmap Index Scan on k_7  (cost=0.00..5.50 rows=107 width=0)
	        Index Cond: ((k >= 4757182) AND (k <= 4757282))

table 8 : explain SELECT k, c FROM sbtest8 WHERE k BETWEEN 4757182 AND 4757282
	Bitmap Heap Scan on sbtest8  (cost=5.44..393.31 rows=98 width=125)
	  Recheck Cond: ((k >= 4757182) AND (k <= 4757282))
	  ->  Bitmap Index Scan on k_8  (cost=0.00..5.42 rows=98 width=0)
	        Index Cond: ((k >= 4757182) AND (k <= 4757282))

explain: for range-notcovered :: explain SELECT k, c FROM sbtest%d WHERE k BETWEEN 7075396 AND 7075496
explain: for range-notcovered :: explain SELECT k, c FROM sbtest%d WHERE k BETWEEN 4757182 AND 4757282
for range-notcovered
table 1 : explain SELECT k, c FROM sbtest1 WHERE k BETWEEN 8090773 AND 8090873
	Bitmap Heap Scan on sbtest1  (cost=5.44..393.31 rows=98 width=125)
	  Recheck Cond: ((k >= 8090773) AND (k <= 8090873))
	  ->  Bitmap Index Scan on k_1  (cost=0.00..5.42 rows=98 width=0)
	        Index Cond: ((k >= 8090773) AND (k <= 8090873))

table 2 : explain SELECT k, c FROM sbtest2 WHERE k BETWEEN 8090773 AND 8090873
	Bitmap Heap Scan on sbtest2  (cost=5.52..424.81 rows=106 width=125)
	  Recheck Cond: ((k >= 8090773) AND (k <= 8090873))
	  ->  Bitmap Index Scan on k_2  (cost=0.00..5.50 rows=106 width=0)
	        Index Cond: ((k >= 8090773) AND (k <= 8090873))

table 3 : explain SELECT k, c FROM sbtest3 WHERE k BETWEEN 8090773 AND 8090873
	Bitmap Heap Scan on sbtest3  (cost=5.54..432.69 rows=108 width=125)
	  Recheck Cond: ((k >= 8090773) AND (k <= 8090873))
	  ->  Bitmap Index Scan on k_3  (cost=0.00..5.51 rows=108 width=0)
	        Index Cond: ((k >= 8090773) AND (k <= 8090873))

table 4 : explain SELECT k, c FROM sbtest4 WHERE k BETWEEN 8090773 AND 8090873
	Bitmap Heap Scan on sbtest4  (cost=5.50..416.94 rows=104 width=125)
	  Recheck Cond: ((k >= 8090773) AND (k <= 8090873))
	  ->  Bitmap Index Scan on k_4  (cost=0.00..5.47 rows=104 width=0)
	        Index Cond: ((k >= 8090773) AND (k <= 8090873))

table 5 : explain SELECT k, c FROM sbtest5 WHERE k BETWEEN 8090773 AND 8090873
	Bitmap Heap Scan on sbtest5  (cost=5.47..405.13 rows=101 width=125)
	  Recheck Cond: ((k >= 8090773) AND (k <= 8090873))
	  ->  Bitmap Index Scan on k_5  (cost=0.00..5.44 rows=101 width=0)
	        Index Cond: ((k >= 8090773) AND (k <= 8090873))

table 6 : explain SELECT k, c FROM sbtest6 WHERE k BETWEEN 8090773 AND 8090873
	Bitmap Heap Scan on sbtest6  (cost=5.53..428.75 rows=107 width=125)
	  Recheck Cond: ((k >= 8090773) AND (k <= 8090873))
	  ->  Bitmap Index Scan on k_6  (cost=0.00..5.50 rows=107 width=0)
	        Index Cond: ((k >= 8090773) AND (k <= 8090873))

table 7 : explain SELECT k, c FROM sbtest7 WHERE k BETWEEN 8090773 AND 8090873
	Bitmap Heap Scan on sbtest7  (cost=5.45..397.25 rows=99 width=125)
	  Recheck Cond: ((k >= 8090773) AND (k <= 8090873))
	  ->  Bitmap Index Scan on k_7  (cost=0.00..5.42 rows=99 width=0)
	        Index Cond: ((k >= 8090773) AND (k <= 8090873))

table 8 : explain SELECT k, c FROM sbtest8 WHERE k BETWEEN 8090773 AND 8090873
	Bitmap Heap Scan on sbtest8  (cost=5.50..416.94 rows=104 width=125)
	  Recheck Cond: ((k >= 8090773) AND (k <= 8090873))
	  ->  Bitmap Index Scan on k_8  (cost=0.00..5.47 rows=104 width=0)
	        Index Cond: ((k >= 8090773) AND (k <= 8090873))

explain: for range-notcovered :: explain SELECT k, c FROM sbtest%d WHERE k BETWEEN 8090773 AND 8090873
for range-notcovered
table 1 : explain SELECT k, c FROM sbtest1 WHERE k BETWEEN 8566067 AND 8566167
	Bitmap Heap Scan on sbtest1  (cost=5.50..416.94 rows=104 width=125)
	  Recheck Cond: ((k >= 8566067) AND (k <= 8566167))
	  ->  Bitmap Index Scan on k_1  (cost=0.00..5.47 rows=104 width=0)
	        Index Cond: ((k >= 8566067) AND (k <= 8566167))

table 2 : explain SELECT k, c FROM sbtest2 WHERE k BETWEEN 8566067 AND 8566167
	Bitmap Heap Scan on sbtest2  (cost=5.49..413.00 rows=103 width=125)
	  Recheck Cond: ((k >= 8566067) AND (k <= 8566167))
	  ->  Bitmap Index Scan on k_2  (cost=0.00..5.46 rows=103 width=0)
	        Index Cond: ((k >= 8566067) AND (k <= 8566167))

table 3 : explain SELECT k, c FROM sbtest3 WHERE k BETWEEN 8566067 AND 8566167
	Bitmap Heap Scan on sbtest3  (cost=5.51..420.88 rows=105 width=125)
	  Recheck Cond: ((k >= 8566067) AND (k <= 8566167))
	  ->  Bitmap Index Scan on k_3  (cost=0.00..5.48 rows=105 width=0)
	        Index Cond: ((k >= 8566067) AND (k <= 8566167))

table 4 : explain SELECT k, c FROM sbtest4 WHERE k BETWEEN 8566067 AND 8566167
	Bitmap Heap Scan on sbtest4  (cost=5.39..373.61 rows=93 width=125)
	  Recheck Cond: ((k >= 8566067) AND (k <= 8566167))
	  ->  Bitmap Index Scan on k_4  (cost=0.00..5.36 rows=93 width=0)
	        Index Cond: ((k >= 8566067) AND (k <= 8566167))

table 5 : explain SELECT k, c FROM sbtest5 WHERE k BETWEEN 8566067 AND 8566167
	Bitmap Heap Scan on sbtest5  (cost=5.53..428.75 rows=107 width=125)
	  Recheck Cond: ((k >= 8566067) AND (k <= 8566167))
	  ->  Bitmap Index Scan on k_5  (cost=0.00..5.50 rows=107 width=0)
	        Index Cond: ((k >= 8566067) AND (k <= 8566167))

table 6 : explain SELECT k, c FROM sbtest6 WHERE k BETWEEN 8566067 AND 8566167
	Bitmap Heap Scan on sbtest6  (cost=5.46..401.19 rows=100 width=125)
	  Recheck Cond: ((k >= 8566067) AND (k <= 8566167))
	  ->  Bitmap Index Scan on k_6  (cost=0.00..5.43 rows=100 width=0)
	        Index Cond: ((k >= 8566067) AND (k <= 8566167))

table 7 : explain SELECT k, c FROM sbtest7 WHERE k BETWEEN 8566067 AND 8566167
	Bitmap Heap Scan on sbtest7  (cost=5.53..428.75 rows=107 width=125)
	  Recheck Cond: ((k >= 8566067) AND (k <= 8566167))
	  ->  Bitmap Index Scan on k_7  (cost=0.00..5.50 rows=107 width=0)
	        Index Cond: ((k >= 8566067) AND (k <= 8566167))

table 8 : explain SELECT k, c FROM sbtest8 WHERE k BETWEEN 8566067 AND 8566167
	Bitmap Heap Scan on sbtest8  (cost=5.41..381.49 rows=95 width=125)
	  Recheck Cond: ((k >= 8566067) AND (k <= 8566167))
	  ->  Bitmap Index Scan on k_8  (cost=0.00..5.38 rows=95 width=0)
	        Index Cond: ((k >= 8566067) AND (k <= 8566167))

explain: for range-notcovered :: explain SELECT k, c FROM sbtest%d WHERE k BETWEEN 8566067 AND 8566167
for range-notcovered
table 1 : explain SELECT k, c FROM sbtest1 WHERE k BETWEEN 3921648 AND 3921748
	Bitmap Heap Scan on sbtest1  (cost=5.54..432.69 rows=108 width=125)
	  Recheck Cond: ((k >= 3921648) AND (k <= 3921748))
	  ->  Bitmap Index Scan on k_1  (cost=0.00..5.51 rows=108 width=0)
	        Index Cond: ((k >= 3921648) AND (k <= 3921748))

table 2 : explain SELECT k, c FROM sbtest2 WHERE k BETWEEN 3921648 AND 3921748
	Bitmap Heap Scan on sbtest2  (cost=5.52..424.81 rows=106 width=125)
	  Recheck Cond: ((k >= 3921648) AND (k <= 3921748))
	  ->  Bitmap Index Scan on k_2  (cost=0.00..5.50 rows=106 width=0)
	        Index Cond: ((k >= 3921648) AND (k <= 3921748))

table 3 : explain SELECT k, c FROM sbtest3 WHERE k BETWEEN 3921648 AND 3921748
	Bitmap Heap Scan on sbtest3  (cost=5.54..432.69 rows=108 width=125)
	  Recheck Cond: ((k >= 3921648) AND (k <= 3921748))
	  ->  Bitmap Index Scan on k_3  (cost=0.00..5.51 rows=108 width=0)
	        Index Cond: ((k >= 3921648) AND (k <= 3921748))

table 4 : explain SELECT k, c FROM sbtest4 WHERE k BETWEEN 3921648 AND 3921748
	Bitmap Heap Scan on sbtest4  (cost=5.48..409.07 rows=102 width=125)
	  Recheck Cond: ((k >= 3921648) AND (k <= 3921748))
	  ->  Bitmap Index Scan on k_4  (cost=0.00..5.45 rows=102 width=0)
	        Index Cond: ((k >= 3921648) AND (k <= 3921748))

table 5 : explain SELECT k, c FROM sbtest5 WHERE k BETWEEN 3921648 AND 3921748
	Bitmap Heap Scan on sbtest5  (cost=5.50..416.94 rows=104 width=125)
	  Recheck Cond: ((k >= 3921648) AND (k <= 3921748))
	  ->  Bitmap Index Scan on k_5  (cost=0.00..5.47 rows=104 width=0)
	        Index Cond: ((k >= 3921648) AND (k <= 3921748))

table 6 : explain SELECT k, c FROM sbtest6 WHERE k BETWEEN 3921648 AND 3921748
	Bitmap Heap Scan on sbtest6  (cost=5.53..428.75 rows=107 width=125)
	  Recheck Cond: ((k >= 3921648) AND (k <= 3921748))
	  ->  Bitmap Index Scan on k_6  (cost=0.00..5.50 rows=107 width=0)
	        Index Cond: ((k >= 3921648) AND (k <= 3921748))

table 7 : explain SELECT k, c FROM sbtest7 WHERE k BETWEEN 3921648 AND 3921748
	Bitmap Heap Scan on sbtest7  (cost=5.54..432.69 rows=108 width=125)
	  Recheck Cond: ((k >= 3921648) AND (k <= 3921748))
	  ->  Bitmap Index Scan on k_7  (cost=0.00..5.51 rows=108 width=0)
	        Index Cond: ((k >= 3921648) AND (k <= 3921748))

table 8 : explain SELECT k, c FROM sbtest8 WHERE k BETWEEN 3921648 AND 3921748
	Bitmap Heap Scan on sbtest8  (cost=5.48..409.07 rows=102 width=125)
	  Recheck Cond: ((k >= 3921648) AND (k <= 3921748))
	  ->  Bitmap Index Scan on k_8  (cost=0.00..5.45 rows=102 width=0)
	        Index Cond: ((k >= 3921648) AND (k <= 3921748))

for range-notcovered
table 1 : explain SELECT k, c FROM sbtest1 WHERE k BETWEEN 1448981 AND 1449081
	Bitmap Heap Scan on sbtest1  (cost=5.40..377.55 rows=94 width=125)
	  Recheck Cond: ((k >= 1448981) AND (k <= 1449081))
	  ->  Bitmap Index Scan on k_1  (cost=0.00..5.38 rows=94 width=0)
	        Index Cond: ((k >= 1448981) AND (k <= 1449081))

table 2 : explain SELECT k, c FROM sbtest2 WHERE k BETWEEN 1448981 AND 1449081
	Bitmap Heap Scan on sbtest2  (cost=5.55..436.62 rows=109 width=125)
	  Recheck Cond: ((k >= 1448981) AND (k <= 1449081))
	  ->  Bitmap Index Scan on k_2  (cost=0.00..5.52 rows=109 width=0)
	        Index Cond: ((k >= 1448981) AND (k <= 1449081))

table 3 : explain SELECT k, c FROM sbtest3 WHERE k BETWEEN 1448981 AND 1449081
	Bitmap Heap Scan on sbtest3  (cost=5.46..401.19 rows=100 width=125)
	  Recheck Cond: ((k >= 1448981) AND (k <= 1449081))
	  ->  Bitmap Index Scan on k_3  (cost=0.00..5.43 rows=100 width=0)
	        Index Cond: ((k >= 1448981) AND (k <= 1449081))

table 4 : explain SELECT k, c FROM sbtest4 WHERE k BETWEEN 1448981 AND 1449081
	Bitmap Heap Scan on sbtest4  (cost=5.56..440.56 rows=110 width=125)
	  Recheck Cond: ((k >= 1448981) AND (k <= 1449081))
	  ->  Bitmap Index Scan on k_4  (cost=0.00..5.53 rows=110 width=0)
	        Index Cond: ((k >= 1448981) AND (k <= 1449081))

table 5 : explain SELECT k, c FROM sbtest5 WHERE k BETWEEN 1448981 AND 1449081
	Bitmap Heap Scan on sbtest5  (cost=5.54..432.69 rows=108 width=125)
	  Recheck Cond: ((k >= 1448981) AND (k <= 1449081))
	  ->  Bitmap Index Scan on k_5  (cost=0.00..5.51 rows=108 width=0)
	        Index Cond: ((k >= 1448981) AND (k <= 1449081))

table 6 : explain SELECT k, c FROM sbtest6 WHERE k BETWEEN 1448981 AND 1449081
	Bitmap Heap Scan on sbtest6  (cost=5.48..409.07 rows=102 width=125)
	  Recheck Cond: ((k >= 1448981) AND (k <= 1449081))
	  ->  Bitmap Index Scan on k_6  (cost=0.00..5.45 rows=102 width=0)
	        Index Cond: ((k >= 1448981) AND (k <= 1449081))

table 7 : explain SELECT k, c FROM sbtest7 WHERE k BETWEEN 1448981 AND 1449081
	Bitmap Heap Scan on sbtest7  (cost=5.51..420.88 rows=105 width=125)
	  Recheck Cond: ((k >= 1448981) AND (k <= 1449081))
	  ->  Bitmap Index Scan on k_7  (cost=0.00..5.48 rows=105 width=0)
	        Index Cond: ((k >= 1448981) AND (k <= 1449081))

table 8 : explain SELECT k, c FROM sbtest8 WHERE k BETWEEN 1448981 AND 1449081
	Bitmap Heap Scan on sbtest8  (cost=5.51..420.88 rows=105 width=125)
	  Recheck Cond: ((k >= 1448981) AND (k <= 1449081))
	  ->  Bitmap Index Scan on k_8  (cost=0.00..5.48 rows=105 width=0)
	        Index Cond: ((k >= 1448981) AND (k <= 1449081))

explain: for range-notcovered :: explain SELECT k, c FROM sbtest%d WHERE k BETWEEN 3921648 AND 3921748
explain: for range-notcovered :: explain SELECT k, c FROM sbtest%d WHERE k BETWEEN 1448981 AND 1449081
for range-notcovered
table 1 : explain SELECT k, c FROM sbtest1 WHERE k BETWEEN 7075396 AND 7075496
	Bitmap Heap Scan on sbtest1  (cost=5.51..420.88 rows=105 width=125)
	  Recheck Cond: ((k >= 7075396) AND (k <= 7075496))
	  ->  Bitmap Index Scan on k_1  (cost=0.00..5.48 rows=105 width=0)
	        Index Cond: ((k >= 7075396) AND (k <= 7075496))

table 2 : explain SELECT k, c FROM sbtest2 WHERE k BETWEEN 7075396 AND 7075496
	Bitmap Heap Scan on sbtest2  (cost=5.57..444.49 rows=111 width=125)
	  Recheck Cond: ((k >= 7075396) AND (k <= 7075496))
	  ->  Bitmap Index Scan on k_2  (cost=0.00..5.54 rows=111 width=0)
	        Index Cond: ((k >= 7075396) AND (k <= 7075496))

table 3 : explain SELECT k, c FROM sbtest3 WHERE k BETWEEN 7075396 AND 7075496
	Bitmap Heap Scan on sbtest3  (cost=5.48..409.07 rows=102 width=125)
	  Recheck Cond: ((k >= 7075396) AND (k <= 7075496))
	  ->  Bitmap Index Scan on k_3  (cost=0.00..5.45 rows=102 width=0)
	        Index Cond: ((k >= 7075396) AND (k <= 7075496))

table 4 : explain SELECT k, c FROM sbtest4 WHERE k BETWEEN 7075396 AND 7075496
	Bitmap Heap Scan on sbtest4  (cost=5.47..405.13 rows=101 width=125)
	  Recheck Cond: ((k >= 7075396) AND (k <= 7075496))
	  ->  Bitmap Index Scan on k_4  (cost=0.00..5.44 rows=101 width=0)
	        Index Cond: ((k >= 7075396) AND (k <= 7075496))

table 5 : explain SELECT k, c FROM sbtest5 WHERE k BETWEEN 7075396 AND 7075496
	Bitmap Heap Scan on sbtest5  (cost=5.48..409.07 rows=102 width=125)
	  Recheck Cond: ((k >= 7075396) AND (k <= 7075496))
	  ->  Bitmap Index Scan on k_5  (cost=0.00..5.45 rows=102 width=0)
	        Index Cond: ((k >= 7075396) AND (k <= 7075496))

table 6 : explain SELECT k, c FROM sbtest6 WHERE k BETWEEN 7075396 AND 7075496
	Bitmap Heap Scan on sbtest6  (cost=5.55..436.62 rows=109 width=125)
	  Recheck Cond: ((k >= 7075396) AND (k <= 7075496))
	  ->  Bitmap Index Scan on k_6  (cost=0.00..5.52 rows=109 width=0)
	        Index Cond: ((k >= 7075396) AND (k <= 7075496))

table 7 : explain SELECT k, c FROM sbtest7 WHERE k BETWEEN 7075396 AND 7075496
	Bitmap Heap Scan on sbtest7  (cost=5.49..413.00 rows=103 width=125)
	  Recheck Cond: ((k >= 7075396) AND (k <= 7075496))
	  ->  Bitmap Index Scan on k_7  (cost=0.00..5.46 rows=103 width=0)
	        Index Cond: ((k >= 7075396) AND (k <= 7075496))

table 8 : explain SELECT k, c FROM sbtest8 WHERE k BETWEEN 7075396 AND 7075496
	Bitmap Heap Scan on sbtest8  (cost=5.50..416.94 rows=104 width=125)
	  Recheck Cond: ((k >= 7075396) AND (k <= 7075496))
	  ->  Bitmap Index Scan on k_8  (cost=0.00..5.47 rows=104 width=0)
	        Index Cond: ((k >= 7075396) AND (k <= 7075496))

for range-notcovered
table 1 : explain SELECT k, c FROM sbtest1 WHERE k BETWEEN 1365224 AND 1365324
	Bitmap Heap Scan on sbtest1  (cost=5.51..420.88 rows=105 width=125)
	  Recheck Cond: ((k >= 1365224) AND (k <= 1365324))
	  ->  Bitmap Index Scan on k_1  (cost=0.00..5.48 rows=105 width=0)
	        Index Cond: ((k >= 1365224) AND (k <= 1365324))

table 2 : explain SELECT k, c FROM sbtest2 WHERE k BETWEEN 1365224 AND 1365324
	Bitmap Heap Scan on sbtest2  (cost=5.55..436.62 rows=109 width=125)
	  Recheck Cond: ((k >= 1365224) AND (k <= 1365324))
	  ->  Bitmap Index Scan on k_2  (cost=0.00..5.52 rows=109 width=0)
	        Index Cond: ((k >= 1365224) AND (k <= 1365324))

table 3 : explain SELECT k, c FROM sbtest3 WHERE k BETWEEN 1365224 AND 1365324
	Bitmap Heap Scan on sbtest3  (cost=5.46..401.19 rows=100 width=125)
	  Recheck Cond: ((k >= 1365224) AND (k <= 1365324))
	  ->  Bitmap Index Scan on k_3  (cost=0.00..5.43 rows=100 width=0)
	        Index Cond: ((k >= 1365224) AND (k <= 1365324))

table 4 : explain SELECT k, c FROM sbtest4 WHERE k BETWEEN 1365224 AND 1365324
	Bitmap Heap Scan on sbtest4  (cost=5.42..385.43 rows=96 width=125)
	  Recheck Cond: ((k >= 1365224) AND (k <= 1365324))
	  ->  Bitmap Index Scan on k_4  (cost=0.00..5.39 rows=96 width=0)
	        Index Cond: ((k >= 1365224) AND (k <= 1365324))

table 5 : explain SELECT k, c FROM sbtest5 WHERE k BETWEEN 1365224 AND 1365324
	Bitmap Heap Scan on sbtest5  (cost=5.50..416.94 rows=104 width=125)
	  Recheck Cond: ((k >= 1365224) AND (k <= 1365324))
	  ->  Bitmap Index Scan on k_5  (cost=0.00..5.47 rows=104 width=0)
	        Index Cond: ((k >= 1365224) AND (k <= 1365324))

table 6 : explain SELECT k, c FROM sbtest6 WHERE k BETWEEN 1365224 AND 1365324
	Bitmap Heap Scan on sbtest6  (cost=5.45..397.25 rows=99 width=125)
	  Recheck Cond: ((k >= 1365224) AND (k <= 1365324))
	  ->  Bitmap Index Scan on k_6  (cost=0.00..5.42 rows=99 width=0)
	        Index Cond: ((k >= 1365224) AND (k <= 1365324))

table 7 : explain SELECT k, c FROM sbtest7 WHERE k BETWEEN 1365224 AND 1365324
	Bitmap Heap Scan on sbtest7  (cost=5.49..413.00 rows=103 width=125)
	  Recheck Cond: ((k >= 1365224) AND (k <= 1365324))
	  ->  Bitmap Index Scan on k_7  (cost=0.00..5.46 rows=103 width=0)
	        Index Cond: ((k >= 1365224) AND (k <= 1365324))

table 8 : explain SELECT k, c FROM sbtest8 WHERE k BETWEEN 1365224 AND 1365324
	Bitmap Heap Scan on sbtest8  (cost=5.52..424.81 rows=106 width=125)
	  Recheck Cond: ((k >= 1365224) AND (k <= 1365324))
	  ->  Bitmap Index Scan on k_8  (cost=0.00..5.50 rows=106 width=0)
	        Index Cond: ((k >= 1365224) AND (k <= 1365324))

for range-notcovered
table 1 : explain SELECT k, c FROM sbtest1 WHERE k BETWEEN 8420771 AND 8420871
	Bitmap Heap Scan on sbtest1  (cost=5.46..401.19 rows=100 width=125)
	  Recheck Cond: ((k >= 8420771) AND (k <= 8420871))
	  ->  Bitmap Index Scan on k_1  (cost=0.00..5.43 rows=100 width=0)
	        Index Cond: ((k >= 8420771) AND (k <= 8420871))

table 2 : explain SELECT k, c FROM sbtest2 WHERE k BETWEEN 8420771 AND 8420871
	Bitmap Heap Scan on sbtest2  (cost=5.49..413.00 rows=103 width=125)
	  Recheck Cond: ((k >= 8420771) AND (k <= 8420871))
	  ->  Bitmap Index Scan on k_2  (cost=0.00..5.46 rows=103 width=0)
	        Index Cond: ((k >= 8420771) AND (k <= 8420871))

table 3 : explain SELECT k, c FROM sbtest3 WHERE k BETWEEN 8420771 AND 8420871
	Bitmap Heap Scan on sbtest3  (cost=5.55..436.62 rows=109 width=125)
	  Recheck Cond: ((k >= 8420771) AND (k <= 8420871))
	  ->  Bitmap Index Scan on k_3  (cost=0.00..5.52 rows=109 width=0)
	        Index Cond: ((k >= 8420771) AND (k <= 8420871))

table 4 : explain SELECT k, c FROM sbtest4 WHERE k BETWEEN 8420771 AND 8420871
	Bitmap Heap Scan on sbtest4  (cost=5.47..405.13 rows=101 width=125)
	  Recheck Cond: ((k >= 8420771) AND (k <= 8420871))
	  ->  Bitmap Index Scan on k_4  (cost=0.00..5.44 rows=101 width=0)
	        Index Cond: ((k >= 8420771) AND (k <= 8420871))

table 5 : explain SELECT k, c FROM sbtest5 WHERE k BETWEEN 8420771 AND 8420871
	Bitmap Heap Scan on sbtest5  (cost=5.44..393.31 rows=98 width=125)
	  Recheck Cond: ((k >= 8420771) AND (k <= 8420871))
	  ->  Bitmap Index Scan on k_5  (cost=0.00..5.42 rows=98 width=0)
	        Index Cond: ((k >= 8420771) AND (k <= 8420871))

table 6 : explain SELECT k, c FROM sbtest6 WHERE k BETWEEN 8420771 AND 8420871
	Bitmap Heap Scan on sbtest6  (cost=5.43..389.37 rows=97 width=125)
	  Recheck Cond: ((k >= 8420771) AND (k <= 8420871))
	  ->  Bitmap Index Scan on k_6  (cost=0.00..5.40 rows=97 width=0)
	        Index Cond: ((k >= 8420771) AND (k <= 8420871))

table 7 : explain SELECT k, c FROM sbtest7 WHERE k BETWEEN 8420771 AND 8420871
	Bitmap Heap Scan on sbtest7  (cost=5.49..413.00 rows=103 width=125)
	  Recheck Cond: ((k >= 8420771) AND (k <= 8420871))
	  ->  Bitmap Index Scan on k_7  (cost=0.00..5.46 rows=103 width=0)
	        Index Cond: ((k >= 8420771) AND (k <= 8420871))

table 8 : explain SELECT k, c FROM sbtest8 WHERE k BETWEEN 8420771 AND 8420871
	Bitmap Heap Scan on sbtest8  (cost=5.41..381.49 rows=95 width=125)
	  Recheck Cond: ((k >= 8420771) AND (k <= 8420871))
	  ->  Bitmap Index Scan on k_8  (cost=0.00..5.38 rows=95 width=0)
	        Index Cond: ((k >= 8420771) AND (k <= 8420871))

explain: for range-notcovered :: explain SELECT k, c FROM sbtest%d WHERE k BETWEEN 7075396 AND 7075496
explain: for range-notcovered :: explain SELECT k, c FROM sbtest%d WHERE k BETWEEN 8420771 AND 8420871
for range-notcovered
table 1 : explain SELECT k, c FROM sbtest1 WHERE k BETWEEN 5154252 AND 5154352
	Bitmap Heap Scan on sbtest1  (cost=5.37..365.72 rows=91 width=125)
	  Recheck Cond: ((k >= 5154252) AND (k <= 5154352))
	  ->  Bitmap Index Scan on k_1  (cost=0.00..5.34 rows=91 width=0)
	        Index Cond: ((k >= 5154252) AND (k <= 5154352))

table 2 : explain SELECT k, c FROM sbtest2 WHERE k BETWEEN 5154252 AND 5154352
	Bitmap Heap Scan on sbtest2  (cost=5.51..420.88 rows=105 width=125)
	  Recheck Cond: ((k >= 5154252) AND (k <= 5154352))
	  ->  Bitmap Index Scan on k_2  (cost=0.00..5.48 rows=105 width=0)
	        Index Cond: ((k >= 5154252) AND (k <= 5154352))

table 3 : explain SELECT k, c FROM sbtest3 WHERE k BETWEEN 5154252 AND 5154352
	Bitmap Heap Scan on sbtest3  (cost=5.55..436.62 rows=109 width=125)
	  Recheck Cond: ((k >= 5154252) AND (k <= 5154352))
	  ->  Bitmap Index Scan on k_3  (cost=0.00..5.52 rows=109 width=0)
	        Index Cond: ((k >= 5154252) AND (k <= 5154352))

table 4 : explain SELECT k, c FROM sbtest4 WHERE k BETWEEN 5154252 AND 5154352
	Bitmap Heap Scan on sbtest4  (cost=5.46..401.19 rows=100 width=125)
	  Recheck Cond: ((k >= 5154252) AND (k <= 5154352))
	  ->  Bitmap Index Scan on k_4  (cost=0.00..5.43 rows=100 width=0)
	        Index Cond: ((k >= 5154252) AND (k <= 5154352))

table 5 : explain SELECT k, c FROM sbtest5 WHERE k BETWEEN 5154252 AND 5154352
	Bitmap Heap Scan on sbtest5  (cost=5.56..440.56 rows=110 width=125)
	  Recheck Cond: ((k >= 5154252) AND (k <= 5154352))
	  ->  Bitmap Index Scan on k_5  (cost=0.00..5.53 rows=110 width=0)
	        Index Cond: ((k >= 5154252) AND (k <= 5154352))

table 6 : explain SELECT k, c FROM sbtest6 WHERE k BETWEEN 5154252 AND 5154352
	Bitmap Heap Scan on sbtest6  (cost=5.58..448.42 rows=112 width=125)
	  Recheck Cond: ((k >= 5154252) AND (k <= 5154352))
	  ->  Bitmap Index Scan on k_6  (cost=0.00..5.55 rows=112 width=0)
	        Index Cond: ((k >= 5154252) AND (k <= 5154352))

table 7 : explain SELECT k, c FROM sbtest7 WHERE k BETWEEN 5154252 AND 5154352
	Bitmap Heap Scan on sbtest7  (cost=5.52..424.81 rows=106 width=125)
	  Recheck Cond: ((k >= 5154252) AND (k <= 5154352))
	  ->  Bitmap Index Scan on k_7  (cost=0.00..5.50 rows=106 width=0)
	        Index Cond: ((k >= 5154252) AND (k <= 5154352))

table 8 : explain SELECT k, c FROM sbtest8 WHERE k BETWEEN 5154252 AND 5154352
	Bitmap Heap Scan on sbtest8  (cost=5.48..409.07 rows=102 width=125)
	  Recheck Cond: ((k >= 5154252) AND (k <= 5154352))
	  ->  Bitmap Index Scan on k_8  (cost=0.00..5.45 rows=102 width=0)
	        Index Cond: ((k >= 5154252) AND (k <= 5154352))

explain: for range-notcovered :: explain SELECT k, c FROM sbtest%d WHERE k BETWEEN 1365224 AND 1365324
for range-notcovered
table 1 : explain SELECT k, c FROM sbtest1 WHERE k BETWEEN 8090773 AND 8090873
	Bitmap Heap Scan on sbtest1  (cost=5.44..393.31 rows=98 width=125)
	  Recheck Cond: ((k >= 8090773) AND (k <= 8090873))
	  ->  Bitmap Index Scan on k_1  (cost=0.00..5.42 rows=98 width=0)
	        Index Cond: ((k >= 8090773) AND (k <= 8090873))

table 2 : explain SELECT k, c FROM sbtest2 WHERE k BETWEEN 8090773 AND 8090873
	Bitmap Heap Scan on sbtest2  (cost=5.52..424.81 rows=106 width=125)
	  Recheck Cond: ((k >= 8090773) AND (k <= 8090873))
	  ->  Bitmap Index Scan on k_2  (cost=0.00..5.50 rows=106 width=0)
	        Index Cond: ((k >= 8090773) AND (k <= 8090873))

table 3 : explain SELECT k, c FROM sbtest3 WHERE k BETWEEN 8090773 AND 8090873
	Bitmap Heap Scan on sbtest3  (cost=5.54..432.69 rows=108 width=125)
	  Recheck Cond: ((k >= 8090773) AND (k <= 8090873))
	  ->  Bitmap Index Scan on k_3  (cost=0.00..5.51 rows=108 width=0)
	        Index Cond: ((k >= 8090773) AND (k <= 8090873))

table 4 : explain SELECT k, c FROM sbtest4 WHERE k BETWEEN 8090773 AND 8090873
	Bitmap Heap Scan on sbtest4  (cost=5.50..416.94 rows=104 width=125)
	  Recheck Cond: ((k >= 8090773) AND (k <= 8090873))
	  ->  Bitmap Index Scan on k_4  (cost=0.00..5.47 rows=104 width=0)
	        Index Cond: ((k >= 8090773) AND (k <= 8090873))

table 5 : explain SELECT k, c FROM sbtest5 WHERE k BETWEEN 8090773 AND 8090873
	Bitmap Heap Scan on sbtest5  (cost=5.47..405.13 rows=101 width=125)
	  Recheck Cond: ((k >= 8090773) AND (k <= 8090873))
	  ->  Bitmap Index Scan on k_5  (cost=0.00..5.44 rows=101 width=0)
	        Index Cond: ((k >= 8090773) AND (k <= 8090873))

table 6 : explain SELECT k, c FROM sbtest6 WHERE k BETWEEN 8090773 AND 8090873
	Bitmap Heap Scan on sbtest6  (cost=5.53..428.75 rows=107 width=125)
	  Recheck Cond: ((k >= 8090773) AND (k <= 8090873))
	  ->  Bitmap Index Scan on k_6  (cost=0.00..5.50 rows=107 width=0)
	        Index Cond: ((k >= 8090773) AND (k <= 8090873))

table 7 : explain SELECT k, c FROM sbtest7 WHERE k BETWEEN 8090773 AND 8090873
	Bitmap Heap Scan on sbtest7  (cost=5.45..397.25 rows=99 width=125)
	  Recheck Cond: ((k >= 8090773) AND (k <= 8090873))
	  ->  Bitmap Index Scan on k_7  (cost=0.00..5.42 rows=99 width=0)
	        Index Cond: ((k >= 8090773) AND (k <= 8090873))

table 8 : explain SELECT k, c FROM sbtest8 WHERE k BETWEEN 8090773 AND 8090873
	Bitmap Heap Scan on sbtest8  (cost=5.50..416.94 rows=104 width=125)
	  Recheck Cond: ((k >= 8090773) AND (k <= 8090873))
	  ->  Bitmap Index Scan on k_8  (cost=0.00..5.47 rows=104 width=0)
	        Index Cond: ((k >= 8090773) AND (k <= 8090873))

explain: for range-notcovered :: explain SELECT k, c FROM sbtest%d WHERE k BETWEEN 5154252 AND 5154352
for range-notcovered
table 1 : explain SELECT k, c FROM sbtest1 WHERE k BETWEEN 8566067 AND 8566167
	Bitmap Heap Scan on sbtest1  (cost=5.50..416.94 rows=104 width=125)
	  Recheck Cond: ((k >= 8566067) AND (k <= 8566167))
	  ->  Bitmap Index Scan on k_1  (cost=0.00..5.47 rows=104 width=0)
	        Index Cond: ((k >= 8566067) AND (k <= 8566167))

table 2 : explain SELECT k, c FROM sbtest2 WHERE k BETWEEN 8566067 AND 8566167
	Bitmap Heap Scan on sbtest2  (cost=5.49..413.00 rows=103 width=125)
	  Recheck Cond: ((k >= 8566067) AND (k <= 8566167))
	  ->  Bitmap Index Scan on k_2  (cost=0.00..5.46 rows=103 width=0)
	        Index Cond: ((k >= 8566067) AND (k <= 8566167))

table 3 : explain SELECT k, c FROM sbtest3 WHERE k BETWEEN 8566067 AND 8566167
	Bitmap Heap Scan on sbtest3  (cost=5.51..420.88 rows=105 width=125)
	  Recheck Cond: ((k >= 8566067) AND (k <= 8566167))
	  ->  Bitmap Index Scan on k_3  (cost=0.00..5.48 rows=105 width=0)
	        Index Cond: ((k >= 8566067) AND (k <= 8566167))

table 4 : explain SELECT k, c FROM sbtest4 WHERE k BETWEEN 8566067 AND 8566167
	Bitmap Heap Scan on sbtest4  (cost=5.39..373.61 rows=93 width=125)
	  Recheck Cond: ((k >= 8566067) AND (k <= 8566167))
	  ->  Bitmap Index Scan on k_4  (cost=0.00..5.36 rows=93 width=0)
	        Index Cond: ((k >= 8566067) AND (k <= 8566167))

table 5 : explain SELECT k, c FROM sbtest5 WHERE k BETWEEN 8566067 AND 8566167
	Bitmap Heap Scan on sbtest5  (cost=5.53..428.75 rows=107 width=125)
	  Recheck Cond: ((k >= 8566067) AND (k <= 8566167))
	  ->  Bitmap Index Scan on k_5  (cost=0.00..5.50 rows=107 width=0)
	        Index Cond: ((k >= 8566067) AND (k <= 8566167))

table 6 : explain SELECT k, c FROM sbtest6 WHERE k BETWEEN 8566067 AND 8566167
	Bitmap Heap Scan on sbtest6  (cost=5.46..401.19 rows=100 width=125)
	  Recheck Cond: ((k >= 8566067) AND (k <= 8566167))
	  ->  Bitmap Index Scan on k_6  (cost=0.00..5.43 rows=100 width=0)
	        Index Cond: ((k >= 8566067) AND (k <= 8566167))

table 7 : explain SELECT k, c FROM sbtest7 WHERE k BETWEEN 8566067 AND 8566167
	Bitmap Heap Scan on sbtest7  (cost=5.53..428.75 rows=107 width=125)
	  Recheck Cond: ((k >= 8566067) AND (k <= 8566167))
	  ->  Bitmap Index Scan on k_7  (cost=0.00..5.50 rows=107 width=0)
	        Index Cond: ((k >= 8566067) AND (k <= 8566167))

table 8 : explain SELECT k, c FROM sbtest8 WHERE k BETWEEN 8566067 AND 8566167
	Bitmap Heap Scan on sbtest8  (cost=5.41..381.49 rows=95 width=125)
	  Recheck Cond: ((k >= 8566067) AND (k <= 8566167))
	  ->  Bitmap Index Scan on k_8  (cost=0.00..5.38 rows=95 width=0)
	        Index Cond: ((k >= 8566067) AND (k <= 8566167))

explain: for range-notcovered :: explain SELECT k, c FROM sbtest%d WHERE k BETWEEN 8566067 AND 8566167
for range-notcovered
table 1 : explain SELECT k, c FROM sbtest1 WHERE k BETWEEN 2653773 AND 2653873
	Bitmap Heap Scan on sbtest1  (cost=5.52..424.81 rows=106 width=125)
	  Recheck Cond: ((k >= 2653773) AND (k <= 2653873))
	  ->  Bitmap Index Scan on k_1  (cost=0.00..5.50 rows=106 width=0)
	        Index Cond: ((k >= 2653773) AND (k <= 2653873))

table 2 : explain SELECT k, c FROM sbtest2 WHERE k BETWEEN 2653773 AND 2653873
	Bitmap Heap Scan on sbtest2  (cost=5.36..361.78 rows=90 width=125)
	  Recheck Cond: ((k >= 2653773) AND (k <= 2653873))
	  ->  Bitmap Index Scan on k_2  (cost=0.00..5.33 rows=90 width=0)
	        Index Cond: ((k >= 2653773) AND (k <= 2653873))

table 3 : explain SELECT k, c FROM sbtest3 WHERE k BETWEEN 2653773 AND 2653873
	Bitmap Heap Scan on sbtest3  (cost=5.54..432.69 rows=108 width=125)
	  Recheck Cond: ((k >= 2653773) AND (k <= 2653873))
	  ->  Bitmap Index Scan on k_3  (cost=0.00..5.51 rows=108 width=0)
	        Index Cond: ((k >= 2653773) AND (k <= 2653873))

table 4 : explain SELECT k, c FROM sbtest4 WHERE k BETWEEN 2653773 AND 2653873
	Bitmap Heap Scan on sbtest4  (cost=5.58..448.42 rows=112 width=125)
	  Recheck Cond: ((k >= 2653773) AND (k <= 2653873))
	  ->  Bitmap Index Scan on k_4  (cost=0.00..5.55 rows=112 width=0)
	        Index Cond: ((k >= 2653773) AND (k <= 2653873))

table 5 : explain SELECT k, c FROM sbtest5 WHERE k BETWEEN 2653773 AND 2653873
	Bitmap Heap Scan on sbtest5  (cost=5.41..381.49 rows=95 width=125)
	  Recheck Cond: ((k >= 2653773) AND (k <= 2653873))
	  ->  Bitmap Index Scan on k_5  (cost=0.00..5.38 rows=95 width=0)
	        Index Cond: ((k >= 2653773) AND (k <= 2653873))

table 6 : explain SELECT k, c FROM sbtest6 WHERE k BETWEEN 2653773 AND 2653873
	Bitmap Heap Scan on sbtest6  (cost=5.55..436.62 rows=109 width=125)
	  Recheck Cond: ((k >= 2653773) AND (k <= 2653873))
	  ->  Bitmap Index Scan on k_6  (cost=0.00..5.52 rows=109 width=0)
	        Index Cond: ((k >= 2653773) AND (k <= 2653873))

table 7 : explain SELECT k, c FROM sbtest7 WHERE k BETWEEN 2653773 AND 2653873
	Bitmap Heap Scan on sbtest7  (cost=5.61..460.22 rows=115 width=125)
	  Recheck Cond: ((k >= 2653773) AND (k <= 2653873))
	  ->  Bitmap Index Scan on k_7  (cost=0.00..5.58 rows=115 width=0)
	        Index Cond: ((k >= 2653773) AND (k <= 2653873))

table 8 : explain SELECT k, c FROM sbtest8 WHERE k BETWEEN 2653773 AND 2653873
	Bitmap Heap Scan on sbtest8  (cost=5.56..440.56 rows=110 width=125)
	  Recheck Cond: ((k >= 2653773) AND (k <= 2653873))
	  ->  Bitmap Index Scan on k_8  (cost=0.00..5.53 rows=110 width=0)
	        Index Cond: ((k >= 2653773) AND (k <= 2653873))

explain: for range-notcovered :: explain SELECT k, c FROM sbtest%d WHERE k BETWEEN 2155419 AND 2155519
for range-notcovered
table 1 : explain SELECT k, c FROM sbtest1 WHERE k BETWEEN 3921648 AND 3921748
	Bitmap Heap Scan on sbtest1  (cost=5.54..432.69 rows=108 width=125)
	  Recheck Cond: ((k >= 3921648) AND (k <= 3921748))
	  ->  Bitmap Index Scan on k_1  (cost=0.00..5.51 rows=108 width=0)
	        Index Cond: ((k >= 3921648) AND (k <= 3921748))

table 2 : explain SELECT k, c FROM sbtest2 WHERE k BETWEEN 3921648 AND 3921748
	Bitmap Heap Scan on sbtest2  (cost=5.52..424.81 rows=106 width=125)
	  Recheck Cond: ((k >= 3921648) AND (k <= 3921748))
	  ->  Bitmap Index Scan on k_2  (cost=0.00..5.50 rows=106 width=0)
	        Index Cond: ((k >= 3921648) AND (k <= 3921748))

table 3 : explain SELECT k, c FROM sbtest3 WHERE k BETWEEN 3921648 AND 3921748
	Bitmap Heap Scan on sbtest3  (cost=5.54..432.69 rows=108 width=125)
	  Recheck Cond: ((k >= 3921648) AND (k <= 3921748))
	  ->  Bitmap Index Scan on k_3  (cost=0.00..5.51 rows=108 width=0)
	        Index Cond: ((k >= 3921648) AND (k <= 3921748))

table 4 : explain SELECT k, c FROM sbtest4 WHERE k BETWEEN 3921648 AND 3921748
	Bitmap Heap Scan on sbtest4  (cost=5.48..409.07 rows=102 width=125)
	  Recheck Cond: ((k >= 3921648) AND (k <= 3921748))
	  ->  Bitmap Index Scan on k_4  (cost=0.00..5.45 rows=102 width=0)
	        Index Cond: ((k >= 3921648) AND (k <= 3921748))

table 5 : explain SELECT k, c FROM sbtest5 WHERE k BETWEEN 3921648 AND 3921748
	Bitmap Heap Scan on sbtest5  (cost=5.50..416.94 rows=104 width=125)
	  Recheck Cond: ((k >= 3921648) AND (k <= 3921748))
	  ->  Bitmap Index Scan on k_5  (cost=0.00..5.47 rows=104 width=0)
	        Index Cond: ((k >= 3921648) AND (k <= 3921748))

table 6 : explain SELECT k, c FROM sbtest6 WHERE k BETWEEN 3921648 AND 3921748
	Bitmap Heap Scan on sbtest6  (cost=5.53..428.75 rows=107 width=125)
	  Recheck Cond: ((k >= 3921648) AND (k <= 3921748))
	  ->  Bitmap Index Scan on k_6  (cost=0.00..5.50 rows=107 width=0)
	        Index Cond: ((k >= 3921648) AND (k <= 3921748))

table 7 : explain SELECT k, c FROM sbtest7 WHERE k BETWEEN 3921648 AND 3921748
	Bitmap Heap Scan on sbtest7  (cost=5.54..432.69 rows=108 width=125)
	  Recheck Cond: ((k >= 3921648) AND (k <= 3921748))
	  ->  Bitmap Index Scan on k_7  (cost=0.00..5.51 rows=108 width=0)
	        Index Cond: ((k >= 3921648) AND (k <= 3921748))

table 8 : explain SELECT k, c FROM sbtest8 WHERE k BETWEEN 3921648 AND 3921748
	Bitmap Heap Scan on sbtest8  (cost=5.48..409.07 rows=102 width=125)
	  Recheck Cond: ((k >= 3921648) AND (k <= 3921748))
	  ->  Bitmap Index Scan on k_8  (cost=0.00..5.45 rows=102 width=0)
	        Index Cond: ((k >= 3921648) AND (k <= 3921748))

explain: for range-notcovered :: explain SELECT k, c FROM sbtest%d WHERE k BETWEEN 1687821 AND 1687921
explain: for range-notcovered :: explain SELECT k, c FROM sbtest%d WHERE k BETWEEN 2653773 AND 2653873
for range-notcovered
table 1 : explain SELECT k, c FROM sbtest1 WHERE k BETWEEN 1448981 AND 1449081
	Bitmap Heap Scan on sbtest1  (cost=5.40..377.55 rows=94 width=125)
	  Recheck Cond: ((k >= 1448981) AND (k <= 1449081))
	  ->  Bitmap Index Scan on k_1  (cost=0.00..5.38 rows=94 width=0)
	        Index Cond: ((k >= 1448981) AND (k <= 1449081))

table 2 : explain SELECT k, c FROM sbtest2 WHERE k BETWEEN 1448981 AND 1449081
	Bitmap Heap Scan on sbtest2  (cost=5.55..436.62 rows=109 width=125)
	  Recheck Cond: ((k >= 1448981) AND (k <= 1449081))
	  ->  Bitmap Index Scan on k_2  (cost=0.00..5.52 rows=109 width=0)
	        Index Cond: ((k >= 1448981) AND (k <= 1449081))

table 3 : explain SELECT k, c FROM sbtest3 WHERE k BETWEEN 1448981 AND 1449081
	Bitmap Heap Scan on sbtest3  (cost=5.46..401.19 rows=100 width=125)
	  Recheck Cond: ((k >= 1448981) AND (k <= 1449081))
	  ->  Bitmap Index Scan on k_3  (cost=0.00..5.43 rows=100 width=0)
	        Index Cond: ((k >= 1448981) AND (k <= 1449081))

table 4 : explain SELECT k, c FROM sbtest4 WHERE k BETWEEN 1448981 AND 1449081
	Bitmap Heap Scan on sbtest4  (cost=5.56..440.56 rows=110 width=125)
	  Recheck Cond: ((k >= 1448981) AND (k <= 1449081))
	  ->  Bitmap Index Scan on k_4  (cost=0.00..5.53 rows=110 width=0)
	        Index Cond: ((k >= 1448981) AND (k <= 1449081))

table 5 : explain SELECT k, c FROM sbtest5 WHERE k BETWEEN 1448981 AND 1449081
	Bitmap Heap Scan on sbtest5  (cost=5.54..432.69 rows=108 width=125)
	  Recheck Cond: ((k >= 1448981) AND (k <= 1449081))
	  ->  Bitmap Index Scan on k_5  (cost=0.00..5.51 rows=108 width=0)
	        Index Cond: ((k >= 1448981) AND (k <= 1449081))

table 6 : explain SELECT k, c FROM sbtest6 WHERE k BETWEEN 1448981 AND 1449081
	Bitmap Heap Scan on sbtest6  (cost=5.48..409.07 rows=102 width=125)
	  Recheck Cond: ((k >= 1448981) AND (k <= 1449081))
	  ->  Bitmap Index Scan on k_6  (cost=0.00..5.45 rows=102 width=0)
	        Index Cond: ((k >= 1448981) AND (k <= 1449081))

table 7 : explain SELECT k, c FROM sbtest7 WHERE k BETWEEN 1448981 AND 1449081
	Bitmap Heap Scan on sbtest7  (cost=5.51..420.88 rows=105 width=125)
	  Recheck Cond: ((k >= 1448981) AND (k <= 1449081))
	  ->  Bitmap Index Scan on k_7  (cost=0.00..5.48 rows=105 width=0)
	        Index Cond: ((k >= 1448981) AND (k <= 1449081))

table 8 : explain SELECT k, c FROM sbtest8 WHERE k BETWEEN 1448981 AND 1449081
	Bitmap Heap Scan on sbtest8  (cost=5.51..420.88 rows=105 width=125)
	  Recheck Cond: ((k >= 1448981) AND (k <= 1449081))
	  ->  Bitmap Index Scan on k_8  (cost=0.00..5.48 rows=105 width=0)
	        Index Cond: ((k >= 1448981) AND (k <= 1449081))

explain: for range-notcovered :: explain SELECT k, c FROM sbtest%d WHERE k BETWEEN 3921648 AND 3921748
explain: for range-notcovered :: explain SELECT k, c FROM sbtest%d WHERE k BETWEEN 1448981 AND 1449081
for range-notcovered
table 1 : explain SELECT k, c FROM sbtest1 WHERE k BETWEEN 4757182 AND 4757282
	Bitmap Heap Scan on sbtest1  (cost=5.43..389.37 rows=97 width=125)
	  Recheck Cond: ((k >= 4757182) AND (k <= 4757282))
	  ->  Bitmap Index Scan on k_1  (cost=0.00..5.40 rows=97 width=0)
	        Index Cond: ((k >= 4757182) AND (k <= 4757282))

table 2 : explain SELECT k, c FROM sbtest2 WHERE k BETWEEN 4757182 AND 4757282
	Bitmap Heap Scan on sbtest2  (cost=5.38..369.67 rows=92 width=125)
	  Recheck Cond: ((k >= 4757182) AND (k <= 4757282))
	  ->  Bitmap Index Scan on k_2  (cost=0.00..5.35 rows=92 width=0)
	        Index Cond: ((k >= 4757182) AND (k <= 4757282))

table 3 : explain SELECT k, c FROM sbtest3 WHERE k BETWEEN 4757182 AND 4757282
	Bitmap Heap Scan on sbtest3  (cost=5.42..385.43 rows=96 width=125)
	  Recheck Cond: ((k >= 4757182) AND (k <= 4757282))
	  ->  Bitmap Index Scan on k_3  (cost=0.00..5.39 rows=96 width=0)
	        Index Cond: ((k >= 4757182) AND (k <= 4757282))

table 4 : explain SELECT k, c FROM sbtest4 WHERE k BETWEEN 4757182 AND 4757282
	Bitmap Heap Scan on sbtest4  (cost=5.54..432.69 rows=108 width=125)
	  Recheck Cond: ((k >= 4757182) AND (k <= 4757282))
	  ->  Bitmap Index Scan on k_4  (cost=0.00..5.51 rows=108 width=0)
	        Index Cond: ((k >= 4757182) AND (k <= 4757282))

table 5 : explain SELECT k, c FROM sbtest5 WHERE k BETWEEN 4757182 AND 4757282
	Bitmap Heap Scan on sbtest5  (cost=5.48..409.07 rows=102 width=125)
	  Recheck Cond: ((k >= 4757182) AND (k <= 4757282))
	  ->  Bitmap Index Scan on k_5  (cost=0.00..5.45 rows=102 width=0)
	        Index Cond: ((k >= 4757182) AND (k <= 4757282))

table 6 : explain SELECT k, c FROM sbtest6 WHERE k BETWEEN 4757182 AND 4757282
	Bitmap Heap Scan on sbtest6  (cost=5.54..432.69 rows=108 width=125)
	  Recheck Cond: ((k >= 4757182) AND (k <= 4757282))
	  ->  Bitmap Index Scan on k_6  (cost=0.00..5.51 rows=108 width=0)
	        Index Cond: ((k >= 4757182) AND (k <= 4757282))

table 7 : explain SELECT k, c FROM sbtest7 WHERE k BETWEEN 4757182 AND 4757282
	Bitmap Heap Scan on sbtest7  (cost=5.53..428.75 rows=107 width=125)
	  Recheck Cond: ((k >= 4757182) AND (k <= 4757282))
	  ->  Bitmap Index Scan on k_7  (cost=0.00..5.50 rows=107 width=0)
	        Index Cond: ((k >= 4757182) AND (k <= 4757282))

table 8 : explain SELECT k, c FROM sbtest8 WHERE k BETWEEN 4757182 AND 4757282
	Bitmap Heap Scan on sbtest8  (cost=5.44..393.31 rows=98 width=125)
	  Recheck Cond: ((k >= 4757182) AND (k <= 4757282))
	  ->  Bitmap Index Scan on k_8  (cost=0.00..5.42 rows=98 width=0)
	        Index Cond: ((k >= 4757182) AND (k <= 4757282))

explain: for range-notcovered :: explain SELECT k, c FROM sbtest%d WHERE k BETWEEN 4757182 AND 4757282
for range-notcovered
table 1 : explain SELECT k, c FROM sbtest1 WHERE k BETWEEN 8566067 AND 8566167
	Bitmap Heap Scan on sbtest1  (cost=5.50..416.94 rows=104 width=125)
	  Recheck Cond: ((k >= 8566067) AND (k <= 8566167))
	  ->  Bitmap Index Scan on k_1  (cost=0.00..5.47 rows=104 width=0)
	        Index Cond: ((k >= 8566067) AND (k <= 8566167))

table 2 : explain SELECT k, c FROM sbtest2 WHERE k BETWEEN 8566067 AND 8566167
	Bitmap Heap Scan on sbtest2  (cost=5.49..413.00 rows=103 width=125)
	  Recheck Cond: ((k >= 8566067) AND (k <= 8566167))
	  ->  Bitmap Index Scan on k_2  (cost=0.00..5.46 rows=103 width=0)
	        Index Cond: ((k >= 8566067) AND (k <= 8566167))

table 3 : explain SELECT k, c FROM sbtest3 WHERE k BETWEEN 8566067 AND 8566167
	Bitmap Heap Scan on sbtest3  (cost=5.51..420.88 rows=105 width=125)
	  Recheck Cond: ((k >= 8566067) AND (k <= 8566167))
	  ->  Bitmap Index Scan on k_3  (cost=0.00..5.48 rows=105 width=0)
	        Index Cond: ((k >= 8566067) AND (k <= 8566167))

table 4 : explain SELECT k, c FROM sbtest4 WHERE k BETWEEN 8566067 AND 8566167
	Bitmap Heap Scan on sbtest4  (cost=5.39..373.61 rows=93 width=125)
	  Recheck Cond: ((k >= 8566067) AND (k <= 8566167))
	  ->  Bitmap Index Scan on k_4  (cost=0.00..5.36 rows=93 width=0)
	        Index Cond: ((k >= 8566067) AND (k <= 8566167))

table 5 : explain SELECT k, c FROM sbtest5 WHERE k BETWEEN 8566067 AND 8566167
	Bitmap Heap Scan on sbtest5  (cost=5.53..428.75 rows=107 width=125)
	  Recheck Cond: ((k >= 8566067) AND (k <= 8566167))
	  ->  Bitmap Index Scan on k_5  (cost=0.00..5.50 rows=107 width=0)
	        Index Cond: ((k >= 8566067) AND (k <= 8566167))

table 6 : explain SELECT k, c FROM sbtest6 WHERE k BETWEEN 8566067 AND 8566167
	Bitmap Heap Scan on sbtest6  (cost=5.46..401.19 rows=100 width=125)
	  Recheck Cond: ((k >= 8566067) AND (k <= 8566167))
	  ->  Bitmap Index Scan on k_6  (cost=0.00..5.43 rows=100 width=0)
	        Index Cond: ((k >= 8566067) AND (k <= 8566167))

table 7 : explain SELECT k, c FROM sbtest7 WHERE k BETWEEN 8566067 AND 8566167
	Bitmap Heap Scan on sbtest7  (cost=5.53..428.75 rows=107 width=125)
	  Recheck Cond: ((k >= 8566067) AND (k <= 8566167))
	  ->  Bitmap Index Scan on k_7  (cost=0.00..5.50 rows=107 width=0)
	        Index Cond: ((k >= 8566067) AND (k <= 8566167))

table 8 : explain SELECT k, c FROM sbtest8 WHERE k BETWEEN 8566067 AND 8566167
	Bitmap Heap Scan on sbtest8  (cost=5.41..381.49 rows=95 width=125)
	  Recheck Cond: ((k >= 8566067) AND (k <= 8566167))
	  ->  Bitmap Index Scan on k_8  (cost=0.00..5.38 rows=95 width=0)
	        Index Cond: ((k >= 8566067) AND (k <= 8566167))

explain: for range-notcovered :: explain SELECT k, c FROM sbtest%d WHERE k BETWEEN 8566067 AND 8566167
for range-notcovered
table 1 : explain SELECT k, c FROM sbtest1 WHERE k BETWEEN 1448981 AND 1449081
	Bitmap Heap Scan on sbtest1  (cost=5.40..377.55 rows=94 width=125)
	  Recheck Cond: ((k >= 1448981) AND (k <= 1449081))
	  ->  Bitmap Index Scan on k_1  (cost=0.00..5.38 rows=94 width=0)
	        Index Cond: ((k >= 1448981) AND (k <= 1449081))

table 2 : explain SELECT k, c FROM sbtest2 WHERE k BETWEEN 1448981 AND 1449081
	Bitmap Heap Scan on sbtest2  (cost=5.55..436.62 rows=109 width=125)
	  Recheck Cond: ((k >= 1448981) AND (k <= 1449081))
	  ->  Bitmap Index Scan on k_2  (cost=0.00..5.52 rows=109 width=0)
	        Index Cond: ((k >= 1448981) AND (k <= 1449081))

table 3 : explain SELECT k, c FROM sbtest3 WHERE k BETWEEN 1448981 AND 1449081
	Bitmap Heap Scan on sbtest3  (cost=5.46..401.19 rows=100 width=125)
	  Recheck Cond: ((k >= 1448981) AND (k <= 1449081))
	  ->  Bitmap Index Scan on k_3  (cost=0.00..5.43 rows=100 width=0)
	        Index Cond: ((k >= 1448981) AND (k <= 1449081))

table 4 : explain SELECT k, c FROM sbtest4 WHERE k BETWEEN 1448981 AND 1449081
	Bitmap Heap Scan on sbtest4  (cost=5.56..440.56 rows=110 width=125)
	  Recheck Cond: ((k >= 1448981) AND (k <= 1449081))
	  ->  Bitmap Index Scan on k_4  (cost=0.00..5.53 rows=110 width=0)
	        Index Cond: ((k >= 1448981) AND (k <= 1449081))

table 5 : explain SELECT k, c FROM sbtest5 WHERE k BETWEEN 1448981 AND 1449081
	Bitmap Heap Scan on sbtest5  (cost=5.54..432.69 rows=108 width=125)
	  Recheck Cond: ((k >= 1448981) AND (k <= 1449081))
	  ->  Bitmap Index Scan on k_5  (cost=0.00..5.51 rows=108 width=0)
	        Index Cond: ((k >= 1448981) AND (k <= 1449081))

table 6 : explain SELECT k, c FROM sbtest6 WHERE k BETWEEN 1448981 AND 1449081
	Bitmap Heap Scan on sbtest6  (cost=5.48..409.07 rows=102 width=125)
	  Recheck Cond: ((k >= 1448981) AND (k <= 1449081))
	  ->  Bitmap Index Scan on k_6  (cost=0.00..5.45 rows=102 width=0)
	        Index Cond: ((k >= 1448981) AND (k <= 1449081))

table 7 : explain SELECT k, c FROM sbtest7 WHERE k BETWEEN 1448981 AND 1449081
	Bitmap Heap Scan on sbtest7  (cost=5.51..420.88 rows=105 width=125)
	  Recheck Cond: ((k >= 1448981) AND (k <= 1449081))
	  ->  Bitmap Index Scan on k_7  (cost=0.00..5.48 rows=105 width=0)
	        Index Cond: ((k >= 1448981) AND (k <= 1449081))

table 8 : explain SELECT k, c FROM sbtest8 WHERE k BETWEEN 1448981 AND 1449081
	Bitmap Heap Scan on sbtest8  (cost=5.51..420.88 rows=105 width=125)
	  Recheck Cond: ((k >= 1448981) AND (k <= 1449081))
	  ->  Bitmap Index Scan on k_8  (cost=0.00..5.48 rows=105 width=0)
	        Index Cond: ((k >= 1448981) AND (k <= 1449081))

for range-notcovered
table 1 : explain SELECT k, c FROM sbtest1 WHERE k BETWEEN 3921648 AND 3921748
	Bitmap Heap Scan on sbtest1  (cost=5.54..432.69 rows=108 width=125)
	  Recheck Cond: ((k >= 3921648) AND (k <= 3921748))
	  ->  Bitmap Index Scan on k_1  (cost=0.00..5.51 rows=108 width=0)
	        Index Cond: ((k >= 3921648) AND (k <= 3921748))

table 2 : explain SELECT k, c FROM sbtest2 WHERE k BETWEEN 3921648 AND 3921748
	Bitmap Heap Scan on sbtest2  (cost=5.52..424.81 rows=106 width=125)
	  Recheck Cond: ((k >= 3921648) AND (k <= 3921748))
	  ->  Bitmap Index Scan on k_2  (cost=0.00..5.50 rows=106 width=0)
	        Index Cond: ((k >= 3921648) AND (k <= 3921748))

table 3 : explain SELECT k, c FROM sbtest3 WHERE k BETWEEN 3921648 AND 3921748
	Bitmap Heap Scan on sbtest3  (cost=5.54..432.69 rows=108 width=125)
	  Recheck Cond: ((k >= 3921648) AND (k <= 3921748))
	  ->  Bitmap Index Scan on k_3  (cost=0.00..5.51 rows=108 width=0)
	        Index Cond: ((k >= 3921648) AND (k <= 3921748))

table 4 : explain SELECT k, c FROM sbtest4 WHERE k BETWEEN 3921648 AND 3921748
	Bitmap Heap Scan on sbtest4  (cost=5.48..409.07 rows=102 width=125)
	  Recheck Cond: ((k >= 3921648) AND (k <= 3921748))
	  ->  Bitmap Index Scan on k_4  (cost=0.00..5.45 rows=102 width=0)
	        Index Cond: ((k >= 3921648) AND (k <= 3921748))

table 5 : explain SELECT k, c FROM sbtest5 WHERE k BETWEEN 3921648 AND 3921748
	Bitmap Heap Scan on sbtest5  (cost=5.50..416.94 rows=104 width=125)
	  Recheck Cond: ((k >= 3921648) AND (k <= 3921748))
	  ->  Bitmap Index Scan on k_5  (cost=0.00..5.47 rows=104 width=0)
	        Index Cond: ((k >= 3921648) AND (k <= 3921748))

table 6 : explain SELECT k, c FROM sbtest6 WHERE k BETWEEN 3921648 AND 3921748
	Bitmap Heap Scan on sbtest6  (cost=5.53..428.75 rows=107 width=125)
	  Recheck Cond: ((k >= 3921648) AND (k <= 3921748))
	  ->  Bitmap Index Scan on k_6  (cost=0.00..5.50 rows=107 width=0)
	        Index Cond: ((k >= 3921648) AND (k <= 3921748))

table 7 : explain SELECT k, c FROM sbtest7 WHERE k BETWEEN 3921648 AND 3921748
	Bitmap Heap Scan on sbtest7  (cost=5.54..432.69 rows=108 width=125)
	  Recheck Cond: ((k >= 3921648) AND (k <= 3921748))
	  ->  Bitmap Index Scan on k_7  (cost=0.00..5.51 rows=108 width=0)
	        Index Cond: ((k >= 3921648) AND (k <= 3921748))

table 8 : explain SELECT k, c FROM sbtest8 WHERE k BETWEEN 3921648 AND 3921748
	Bitmap Heap Scan on sbtest8  (cost=5.48..409.07 rows=102 width=125)
	  Recheck Cond: ((k >= 3921648) AND (k <= 3921748))
	  ->  Bitmap Index Scan on k_8  (cost=0.00..5.45 rows=102 width=0)
	        Index Cond: ((k >= 3921648) AND (k <= 3921748))

explain: for range-notcovered :: explain SELECT k, c FROM sbtest%d WHERE k BETWEEN 1448981 AND 1449081
explain: for range-notcovered :: explain SELECT k, c FROM sbtest%d WHERE k BETWEEN 3921648 AND 3921748
for range-notcovered
table 1 : explain SELECT k, c FROM sbtest1 WHERE k BETWEEN 1365224 AND 1365324
	Bitmap Heap Scan on sbtest1  (cost=5.51..420.88 rows=105 width=125)
	  Recheck Cond: ((k >= 1365224) AND (k <= 1365324))
	  ->  Bitmap Index Scan on k_1  (cost=0.00..5.48 rows=105 width=0)
	        Index Cond: ((k >= 1365224) AND (k <= 1365324))

table 2 : explain SELECT k, c FROM sbtest2 WHERE k BETWEEN 1365224 AND 1365324
	Bitmap Heap Scan on sbtest2  (cost=5.55..436.62 rows=109 width=125)
	  Recheck Cond: ((k >= 1365224) AND (k <= 1365324))
	  ->  Bitmap Index Scan on k_2  (cost=0.00..5.52 rows=109 width=0)
	        Index Cond: ((k >= 1365224) AND (k <= 1365324))

table 3 : explain SELECT k, c FROM sbtest3 WHERE k BETWEEN 1365224 AND 1365324
	Bitmap Heap Scan on sbtest3  (cost=5.46..401.19 rows=100 width=125)
	  Recheck Cond: ((k >= 1365224) AND (k <= 1365324))
	  ->  Bitmap Index Scan on k_3  (cost=0.00..5.43 rows=100 width=0)
	        Index Cond: ((k >= 1365224) AND (k <= 1365324))

table 4 : explain SELECT k, c FROM sbtest4 WHERE k BETWEEN 1365224 AND 1365324
	Bitmap Heap Scan on sbtest4  (cost=5.42..385.43 rows=96 width=125)
	  Recheck Cond: ((k >= 1365224) AND (k <= 1365324))
	  ->  Bitmap Index Scan on k_4  (cost=0.00..5.39 rows=96 width=0)
	        Index Cond: ((k >= 1365224) AND (k <= 1365324))

table 5 : explain SELECT k, c FROM sbtest5 WHERE k BETWEEN 1365224 AND 1365324
	Bitmap Heap Scan on sbtest5  (cost=5.50..416.94 rows=104 width=125)
	  Recheck Cond: ((k >= 1365224) AND (k <= 1365324))
	  ->  Bitmap Index Scan on k_5  (cost=0.00..5.47 rows=104 width=0)
	        Index Cond: ((k >= 1365224) AND (k <= 1365324))

table 6 : explain SELECT k, c FROM sbtest6 WHERE k BETWEEN 1365224 AND 1365324
	Bitmap Heap Scan on sbtest6  (cost=5.45..397.25 rows=99 width=125)
	  Recheck Cond: ((k >= 1365224) AND (k <= 1365324))
	  ->  Bitmap Index Scan on k_6  (cost=0.00..5.42 rows=99 width=0)
	        Index Cond: ((k >= 1365224) AND (k <= 1365324))

table 7 : explain SELECT k, c FROM sbtest7 WHERE k BETWEEN 1365224 AND 1365324
	Bitmap Heap Scan on sbtest7  (cost=5.49..413.00 rows=103 width=125)
	  Recheck Cond: ((k >= 1365224) AND (k <= 1365324))
	  ->  Bitmap Index Scan on k_7  (cost=0.00..5.46 rows=103 width=0)
	        Index Cond: ((k >= 1365224) AND (k <= 1365324))

table 8 : explain SELECT k, c FROM sbtest8 WHERE k BETWEEN 1365224 AND 1365324
	Bitmap Heap Scan on sbtest8  (cost=5.52..424.81 rows=106 width=125)
	  Recheck Cond: ((k >= 1365224) AND (k <= 1365324))
	  ->  Bitmap Index Scan on k_8  (cost=0.00..5.50 rows=106 width=0)
	        Index Cond: ((k >= 1365224) AND (k <= 1365324))
for range-notcovered
table 1 : explain SELECT k, c FROM sbtest1 WHERE k BETWEEN 8420771 AND 8420871
	Bitmap Heap Scan on sbtest1  (cost=5.46..401.19 rows=100 width=125)
	  Recheck Cond: ((k >= 8420771) AND (k <= 8420871))
	  ->  Bitmap Index Scan on k_1  (cost=0.00..5.43 rows=100 width=0)
	        Index Cond: ((k >= 8420771) AND (k <= 8420871))

table 2 : explain SELECT k, c FROM sbtest2 WHERE k BETWEEN 8420771 AND 8420871
	Bitmap Heap Scan on sbtest2  (cost=5.49..413.00 rows=103 width=125)
	  Recheck Cond: ((k >= 8420771) AND (k <= 8420871))
	  ->  Bitmap Index Scan on k_2  (cost=0.00..5.46 rows=103 width=0)
	        Index Cond: ((k >= 8420771) AND (k <= 8420871))

table 3 : explain SELECT k, c FROM sbtest3 WHERE k BETWEEN 8420771 AND 8420871
	Bitmap Heap Scan on sbtest3  (cost=5.55..436.62 rows=109 width=125)
	  Recheck Cond: ((k >= 8420771) AND (k <= 8420871))
	  ->  Bitmap Index Scan on k_3  (cost=0.00..5.52 rows=109 width=0)
	        Index Cond: ((k >= 8420771) AND (k <= 8420871))

table 4 : explain SELECT k, c FROM sbtest4 WHERE k BETWEEN 8420771 AND 8420871
	Bitmap Heap Scan on sbtest4  (cost=5.47..405.13 rows=101 width=125)
	  Recheck Cond: ((k >= 8420771) AND (k <= 8420871))
	  ->  Bitmap Index Scan on k_4  (cost=0.00..5.44 rows=101 width=0)
	        Index Cond: ((k >= 8420771) AND (k <= 8420871))

table 5 : explain SELECT k, c FROM sbtest5 WHERE k BETWEEN 8420771 AND 8420871
	Bitmap Heap Scan on sbtest5  (cost=5.44..393.31 rows=98 width=125)
	  Recheck Cond: ((k >= 8420771) AND (k <= 8420871))
	  ->  Bitmap Index Scan on k_5  (cost=0.00..5.42 rows=98 width=0)
	        Index Cond: ((k >= 8420771) AND (k <= 8420871))

table 6 : explain SELECT k, c FROM sbtest6 WHERE k BETWEEN 8420771 AND 8420871
	Bitmap Heap Scan on sbtest6  (cost=5.43..389.37 rows=97 width=125)
	  Recheck Cond: ((k >= 8420771) AND (k <= 8420871))
	  ->  Bitmap Index Scan on k_6  (cost=0.00..5.40 rows=97 width=0)
	        Index Cond: ((k >= 8420771) AND (k <= 8420871))

table 7 : explain SELECT k, c FROM sbtest7 WHERE k BETWEEN 8420771 AND 8420871
	Bitmap Heap Scan on sbtest7  (cost=5.49..413.00 rows=103 width=125)
	  Recheck Cond: ((k >= 8420771) AND (k <= 8420871))
	  ->  Bitmap Index Scan on k_7  (cost=0.00..5.46 rows=103 width=0)
	        Index Cond: ((k >= 8420771) AND (k <= 8420871))

table 8 : explain SELECT k, c FROM sbtest8 WHERE k BETWEEN 8420771 AND 8420871
	Bitmap Heap Scan on sbtest8  (cost=5.41..381.49 rows=95 width=125)
	  Recheck Cond: ((k >= 8420771) AND (k <= 8420871))
	  ->  Bitmap Index Scan on k_8  (cost=0.00..5.38 rows=95 width=0)
	        Index Cond: ((k >= 8420771) AND (k <= 8420871))


for range-notcovered
table 1 : explain SELECT k, c FROM sbtest1 WHERE k BETWEEN 5154252 AND 5154352
	Bitmap Heap Scan on sbtest1  (cost=5.37..365.72 rows=91 width=125)
	  Recheck Cond: ((k >= 5154252) AND (k <= 5154352))
	  ->  Bitmap Index Scan on k_1  (cost=0.00..5.34 rows=91 width=0)
	        Index Cond: ((k >= 5154252) AND (k <= 5154352))

table 2 : explain SELECT k, c FROM sbtest2 WHERE k BETWEEN 5154252 AND 5154352
	Bitmap Heap Scan on sbtest2  (cost=5.51..420.88 rows=105 width=125)
	  Recheck Cond: ((k >= 5154252) AND (k <= 5154352))
	  ->  Bitmap Index Scan on k_2  (cost=0.00..5.48 rows=105 width=0)
	        Index Cond: ((k >= 5154252) AND (k <= 5154352))

table 3 : explain SELECT k, c FROM sbtest3 WHERE k BETWEEN 5154252 AND 5154352
	Bitmap Heap Scan on sbtest3  (cost=5.55..436.62 rows=109 width=125)
	  Recheck Cond: ((k >= 5154252) AND (k <= 5154352))
	  ->  Bitmap Index Scan on k_3  (cost=0.00..5.52 rows=109 width=0)
	        Index Cond: ((k >= 5154252) AND (k <= 5154352))

table 4 : explain SELECT k, c FROM sbtest4 WHERE k BETWEEN 5154252 AND 5154352
	Bitmap Heap Scan on sbtest4  (cost=5.46..401.19 rows=100 width=125)
	  Recheck Cond: ((k >= 5154252) AND (k <= 5154352))
	  ->  Bitmap Index Scan on k_4  (cost=0.00..5.43 rows=100 width=0)
	        Index Cond: ((k >= 5154252) AND (k <= 5154352))

table 5 : explain SELECT k, c FROM sbtest5 WHERE k BETWEEN 5154252 AND 5154352
	Bitmap Heap Scan on sbtest5  (cost=5.56..440.56 rows=110 width=125)
	  Recheck Cond: ((k >= 5154252) AND (k <= 5154352))
	  ->  Bitmap Index Scan on k_5  (cost=0.00..5.53 rows=110 width=0)
	        Index Cond: ((k >= 5154252) AND (k <= 5154352))

table 6 : explain SELECT k, c FROM sbtest6 WHERE k BETWEEN 5154252 AND 5154352
	Bitmap Heap Scan on sbtest6  (cost=5.58..448.42 rows=112 width=125)
	  Recheck Cond: ((k >= 5154252) AND (k <= 5154352))
	  ->  Bitmap Index Scan on k_6  (cost=0.00..5.55 rows=112 width=0)
	        Index Cond: ((k >= 5154252) AND (k <= 5154352))

table 7 : explain SELECT k, c FROM sbtest7 WHERE k BETWEEN 5154252 AND 5154352
	Bitmap Heap Scan on sbtest7  (cost=5.52..424.81 rows=106 width=125)
	  Recheck Cond: ((k >= 5154252) AND (k <= 5154352))
	  ->  Bitmap Index Scan on k_7  (cost=0.00..5.50 rows=106 width=0)
	        Index Cond: ((k >= 5154252) AND (k <= 5154352))

table 8 : explain SELECT k, c FROM sbtest8 WHERE k BETWEEN 5154252 AND 5154352
	Bitmap Heap Scan on sbtest8  (cost=5.48..409.07 rows=102 width=125)
	  Recheck Cond: ((k >= 5154252) AND (k <= 5154352))
	  ->  Bitmap Index Scan on k_8  (cost=0.00..5.45 rows=102 width=0)
	        Index Cond: ((k >= 5154252) AND (k <= 5154352))

for range-notcovered
table 1 : explain SELECT k, c FROM sbtest1 WHERE k BETWEEN 7075396 AND 7075496
	Bitmap Heap Scan on sbtest1  (cost=5.51..420.88 rows=105 width=125)
	  Recheck Cond: ((k >= 7075396) AND (k <= 7075496))
	  ->  Bitmap Index Scan on k_1  (cost=0.00..5.48 rows=105 width=0)
	        Index Cond: ((k >= 7075396) AND (k <= 7075496))

table 2 : explain SELECT k, c FROM sbtest2 WHERE k BETWEEN 7075396 AND 7075496
	Bitmap Heap Scan on sbtest2  (cost=5.57..444.49 rows=111 width=125)
	  Recheck Cond: ((k >= 7075396) AND (k <= 7075496))
	  ->  Bitmap Index Scan on k_2  (cost=0.00..5.54 rows=111 width=0)
	        Index Cond: ((k >= 7075396) AND (k <= 7075496))

table 3 : explain SELECT k, c FROM sbtest3 WHERE k BETWEEN 7075396 AND 7075496
	Bitmap Heap Scan on sbtest3  (cost=5.48..409.07 rows=102 width=125)
	  Recheck Cond: ((k >= 7075396) AND (k <= 7075496))
	  ->  Bitmap Index Scan on k_3  (cost=0.00..5.45 rows=102 width=0)
	        Index Cond: ((k >= 7075396) AND (k <= 7075496))

table 4 : explain SELECT k, c FROM sbtest4 WHERE k BETWEEN 7075396 AND 7075496
	Bitmap Heap Scan on sbtest4  (cost=5.47..405.13 rows=101 width=125)
	  Recheck Cond: ((k >= 7075396) AND (k <= 7075496))
	  ->  Bitmap Index Scan on k_4  (cost=0.00..5.44 rows=101 width=0)
	        Index Cond: ((k >= 7075396) AND (k <= 7075496))

table 5 : explain SELECT k, c FROM sbtest5 WHERE k BETWEEN 7075396 AND 7075496
	Bitmap Heap Scan on sbtest5  (cost=5.48..409.07 rows=102 width=125)
	  Recheck Cond: ((k >= 7075396) AND (k <= 7075496))
	  ->  Bitmap Index Scan on k_5  (cost=0.00..5.45 rows=102 width=0)
	        Index Cond: ((k >= 7075396) AND (k <= 7075496))

table 6 : explain SELECT k, c FROM sbtest6 WHERE k BETWEEN 7075396 AND 7075496
	Bitmap Heap Scan on sbtest6  (cost=5.55..436.62 rows=109 width=125)
	  Recheck Cond: ((k >= 7075396) AND (k <= 7075496))
	  ->  Bitmap Index Scan on k_6  (cost=0.00..5.52 rows=109 width=0)
	        Index Cond: ((k >= 7075396) AND (k <= 7075496))

table 7 : explain SELECT k, c FROM sbtest7 WHERE k BETWEEN 7075396 AND 7075496
	Bitmap Heap Scan on sbtest7  (cost=5.49..413.00 rows=103 width=125)
	  Recheck Cond: ((k >= 7075396) AND (k <= 7075496))
	  ->  Bitmap Index Scan on k_7  (cost=0.00..5.46 rows=103 width=0)
	        Index Cond: ((k >= 7075396) AND (k <= 7075496))

table 8 : explain SELECT k, c FROM sbtest8 WHERE k BETWEEN 7075396 AND 7075496
	Bitmap Heap Scan on sbtest8  (cost=5.50..416.94 rows=104 width=125)
	  Recheck Cond: ((k >= 7075396) AND (k <= 7075496))
	  ->  Bitmap Index Scan on k_8  (cost=0.00..5.47 rows=104 width=0)
	        Index Cond: ((k >= 7075396) AND (k <= 7075496))

explain: for range-notcovered :: explain SELECT k, c FROM sbtest%d WHERE k BETWEEN 1365224 AND 1365324
explain: for range-notcovered :: explain SELECT k, c FROM sbtest%d WHERE k BETWEEN 8420771 AND 8420871
explain: for range-notcovered :: explain SELECT k, c FROM sbtest%d WHERE k BETWEEN 5154252 AND 5154352
for range-notcovered
table 1 : explain SELECT k, c FROM sbtest1 WHERE k BETWEEN 2653773 AND 2653873
	Bitmap Heap Scan on sbtest1  (cost=5.52..424.81 rows=106 width=125)
	  Recheck Cond: ((k >= 2653773) AND (k <= 2653873))
	  ->  Bitmap Index Scan on k_1  (cost=0.00..5.50 rows=106 width=0)
	        Index Cond: ((k >= 2653773) AND (k <= 2653873))

table 2 : explain SELECT k, c FROM sbtest2 WHERE k BETWEEN 2653773 AND 2653873
	Bitmap Heap Scan on sbtest2  (cost=5.36..361.78 rows=90 width=125)
	  Recheck Cond: ((k >= 2653773) AND (k <= 2653873))
	  ->  Bitmap Index Scan on k_2  (cost=0.00..5.33 rows=90 width=0)
	        Index Cond: ((k >= 2653773) AND (k <= 2653873))

table 3 : explain SELECT k, c FROM sbtest3 WHERE k BETWEEN 2653773 AND 2653873
	Bitmap Heap Scan on sbtest3  (cost=5.54..432.69 rows=108 width=125)
	  Recheck Cond: ((k >= 2653773) AND (k <= 2653873))
	  ->  Bitmap Index Scan on k_3  (cost=0.00..5.51 rows=108 width=0)
	        Index Cond: ((k >= 2653773) AND (k <= 2653873))

table 4 : explain SELECT k, c FROM sbtest4 WHERE k BETWEEN 2653773 AND 2653873
	Bitmap Heap Scan on sbtest4  (cost=5.58..448.42 rows=112 width=125)
	  Recheck Cond: ((k >= 2653773) AND (k <= 2653873))
	  ->  Bitmap Index Scan on k_4  (cost=0.00..5.55 rows=112 width=0)
	        Index Cond: ((k >= 2653773) AND (k <= 2653873))

table 5 : explain SELECT k, c FROM sbtest5 WHERE k BETWEEN 2653773 AND 2653873
	Bitmap Heap Scan on sbtest5  (cost=5.41..381.49 rows=95 width=125)
	  Recheck Cond: ((k >= 2653773) AND (k <= 2653873))
	  ->  Bitmap Index Scan on k_5  (cost=0.00..5.38 rows=95 width=0)
	        Index Cond: ((k >= 2653773) AND (k <= 2653873))

table 6 : explain SELECT k, c FROM sbtest6 WHERE k BETWEEN 2653773 AND 2653873
	Bitmap Heap Scan on sbtest6  (cost=5.55..436.62 rows=109 width=125)
	  Recheck Cond: ((k >= 2653773) AND (k <= 2653873))
	  ->  Bitmap Index Scan on k_6  (cost=0.00..5.52 rows=109 width=0)
	        Index Cond: ((k >= 2653773) AND (k <= 2653873))

table 7 : explain SELECT k, c FROM sbtest7 WHERE k BETWEEN 2653773 AND 2653873
	Bitmap Heap Scan on sbtest7  (cost=5.61..460.22 rows=115 width=125)
	  Recheck Cond: ((k >= 2653773) AND (k <= 2653873))
	  ->  Bitmap Index Scan on k_7  (cost=0.00..5.58 rows=115 width=0)
	        Index Cond: ((k >= 2653773) AND (k <= 2653873))

table 8 : explain SELECT k, c FROM sbtest8 WHERE k BETWEEN 2653773 AND 2653873
	Bitmap Heap Scan on sbtest8  (cost=5.56..440.56 rows=110 width=125)
	  Recheck Cond: ((k >= 2653773) AND (k <= 2653873))
	  ->  Bitmap Index Scan on k_8  (cost=0.00..5.53 rows=110 width=0)
	        Index Cond: ((k >= 2653773) AND (k <= 2653873))

for range-notcovered
table 1 : explain SELECT k, c FROM sbtest1 WHERE k BETWEEN 8566067 AND 8566167
	Bitmap Heap Scan on sbtest1  (cost=5.50..416.94 rows=104 width=125)
	  Recheck Cond: ((k >= 8566067) AND (k <= 8566167))
	  ->  Bitmap Index Scan on k_1  (cost=0.00..5.47 rows=104 width=0)
	        Index Cond: ((k >= 8566067) AND (k <= 8566167))

table 2 : explain SELECT k, c FROM sbtest2 WHERE k BETWEEN 8566067 AND 8566167
	Bitmap Heap Scan on sbtest2  (cost=5.49..413.00 rows=103 width=125)
	  Recheck Cond: ((k >= 8566067) AND (k <= 8566167))
	  ->  Bitmap Index Scan on k_2  (cost=0.00..5.46 rows=103 width=0)
	        Index Cond: ((k >= 8566067) AND (k <= 8566167))

table 3 : explain SELECT k, c FROM sbtest3 WHERE k BETWEEN 8566067 AND 8566167
	Bitmap Heap Scan on sbtest3  (cost=5.51..420.88 rows=105 width=125)
	  Recheck Cond: ((k >= 8566067) AND (k <= 8566167))
	  ->  Bitmap Index Scan on k_3  (cost=0.00..5.48 rows=105 width=0)
	        Index Cond: ((k >= 8566067) AND (k <= 8566167))

table 4 : explain SELECT k, c FROM sbtest4 WHERE k BETWEEN 8566067 AND 8566167
	Bitmap Heap Scan on sbtest4  (cost=5.39..373.61 rows=93 width=125)
	  Recheck Cond: ((k >= 8566067) AND (k <= 8566167))
	  ->  Bitmap Index Scan on k_4  (cost=0.00..5.36 rows=93 width=0)
	        Index Cond: ((k >= 8566067) AND (k <= 8566167))

table 5 : explain SELECT k, c FROM sbtest5 WHERE k BETWEEN 8566067 AND 8566167
	Bitmap Heap Scan on sbtest5  (cost=5.53..428.75 rows=107 width=125)
	  Recheck Cond: ((k >= 8566067) AND (k <= 8566167))
	  ->  Bitmap Index Scan on k_5  (cost=0.00..5.50 rows=107 width=0)
	        Index Cond: ((k >= 8566067) AND (k <= 8566167))

table 6 : explain SELECT k, c FROM sbtest6 WHERE k BETWEEN 8566067 AND 8566167
	Bitmap Heap Scan on sbtest6  (cost=5.46..401.19 rows=100 width=125)
	  Recheck Cond: ((k >= 8566067) AND (k <= 8566167))
	  ->  Bitmap Index Scan on k_6  (cost=0.00..5.43 rows=100 width=0)
	        Index Cond: ((k >= 8566067) AND (k <= 8566167))

table 7 : explain SELECT k, c FROM sbtest7 WHERE k BETWEEN 8566067 AND 8566167
	Bitmap Heap Scan on sbtest7  (cost=5.53..428.75 rows=107 width=125)
	  Recheck Cond: ((k >= 8566067) AND (k <= 8566167))
	  ->  Bitmap Index Scan on k_7  (cost=0.00..5.50 rows=107 width=0)
	        Index Cond: ((k >= 8566067) AND (k <= 8566167))

table 8 : explain SELECT k, c FROM sbtest8 WHERE k BETWEEN 8566067 AND 8566167
	Bitmap Heap Scan on sbtest8  (cost=5.41..381.49 rows=95 width=125)
	  Recheck Cond: ((k >= 8566067) AND (k <= 8566167))
	  ->  Bitmap Index Scan on k_8  (cost=0.00..5.38 rows=95 width=0)
	        Index Cond: ((k >= 8566067) AND (k <= 8566167))

for range-notcovered
table 1 : explain SELECT k, c FROM sbtest1 WHERE k BETWEEN 1448981 AND 1449081
	Bitmap Heap Scan on sbtest1  (cost=5.40..377.55 rows=94 width=125)
	  Recheck Cond: ((k >= 1448981) AND (k <= 1449081))
	  ->  Bitmap Index Scan on k_1  (cost=0.00..5.38 rows=94 width=0)
	        Index Cond: ((k >= 1448981) AND (k <= 1449081))

table 2 : explain SELECT k, c FROM sbtest2 WHERE k BETWEEN 1448981 AND 1449081
	Bitmap Heap Scan on sbtest2  (cost=5.55..436.62 rows=109 width=125)
	  Recheck Cond: ((k >= 1448981) AND (k <= 1449081))
	  ->  Bitmap Index Scan on k_2  (cost=0.00..5.52 rows=109 width=0)
	        Index Cond: ((k >= 1448981) AND (k <= 1449081))

table 3 : explain SELECT k, c FROM sbtest3 WHERE k BETWEEN 1448981 AND 1449081
	Bitmap Heap Scan on sbtest3  (cost=5.46..401.19 rows=100 width=125)
	  Recheck Cond: ((k >= 1448981) AND (k <= 1449081))
	  ->  Bitmap Index Scan on k_3  (cost=0.00..5.43 rows=100 width=0)
	        Index Cond: ((k >= 1448981) AND (k <= 1449081))

table 4 : explain SELECT k, c FROM sbtest4 WHERE k BETWEEN 1448981 AND 1449081
	Bitmap Heap Scan on sbtest4  (cost=5.56..440.56 rows=110 width=125)
	  Recheck Cond: ((k >= 1448981) AND (k <= 1449081))
	  ->  Bitmap Index Scan on k_4  (cost=0.00..5.53 rows=110 width=0)
	        Index Cond: ((k >= 1448981) AND (k <= 1449081))

table 5 : explain SELECT k, c FROM sbtest5 WHERE k BETWEEN 1448981 AND 1449081
	Bitmap Heap Scan on sbtest5  (cost=5.54..432.69 rows=108 width=125)
	  Recheck Cond: ((k >= 1448981) AND (k <= 1449081))
	  ->  Bitmap Index Scan on k_5  (cost=0.00..5.51 rows=108 width=0)
	        Index Cond: ((k >= 1448981) AND (k <= 1449081))

table 6 : explain SELECT k, c FROM sbtest6 WHERE k BETWEEN 1448981 AND 1449081
	Bitmap Heap Scan on sbtest6  (cost=5.48..409.07 rows=102 width=125)
	  Recheck Cond: ((k >= 1448981) AND (k <= 1449081))
	  ->  Bitmap Index Scan on k_6  (cost=0.00..5.45 rows=102 width=0)
	        Index Cond: ((k >= 1448981) AND (k <= 1449081))

table 7 : explain SELECT k, c FROM sbtest7 WHERE k BETWEEN 1448981 AND 1449081
	Bitmap Heap Scan on sbtest7  (cost=5.51..420.88 rows=105 width=125)
	  Recheck Cond: ((k >= 1448981) AND (k <= 1449081))
	  ->  Bitmap Index Scan on k_7  (cost=0.00..5.48 rows=105 width=0)
	        Index Cond: ((k >= 1448981) AND (k <= 1449081))

table 8 : explain SELECT k, c FROM sbtest8 WHERE k BETWEEN 1448981 AND 1449081
	Bitmap Heap Scan on sbtest8  (cost=5.51..420.88 rows=105 width=125)
	  Recheck Cond: ((k >= 1448981) AND (k <= 1449081))
	  ->  Bitmap Index Scan on k_8  (cost=0.00..5.48 rows=105 width=0)
	        Index Cond: ((k >= 1448981) AND (k <= 1449081))

explain: for range-notcovered :: explain SELECT k, c FROM sbtest%d WHERE k BETWEEN 8566067 AND 8566167
explain: for range-notcovered :: explain SELECT k, c FROM sbtest%d WHERE k BETWEEN 2653773 AND 2653873
explain: for range-notcovered :: explain SELECT k, c FROM sbtest%d WHERE k BETWEEN 1448981 AND 1449081
for range-notcovered
table 1 : explain SELECT k, c FROM sbtest1 WHERE k BETWEEN 3921648 AND 3921748
	Bitmap Heap Scan on sbtest1  (cost=5.54..432.69 rows=108 width=125)
	  Recheck Cond: ((k >= 3921648) AND (k <= 3921748))
	  ->  Bitmap Index Scan on k_1  (cost=0.00..5.51 rows=108 width=0)
	        Index Cond: ((k >= 3921648) AND (k <= 3921748))

table 2 : explain SELECT k, c FROM sbtest2 WHERE k BETWEEN 3921648 AND 3921748
	Bitmap Heap Scan on sbtest2  (cost=5.52..424.81 rows=106 width=125)
	  Recheck Cond: ((k >= 3921648) AND (k <= 3921748))
	  ->  Bitmap Index Scan on k_2  (cost=0.00..5.50 rows=106 width=0)
	        Index Cond: ((k >= 3921648) AND (k <= 3921748))

table 3 : explain SELECT k, c FROM sbtest3 WHERE k BETWEEN 3921648 AND 3921748
	Bitmap Heap Scan on sbtest3  (cost=5.54..432.69 rows=108 width=125)
	  Recheck Cond: ((k >= 3921648) AND (k <= 3921748))
	  ->  Bitmap Index Scan on k_3  (cost=0.00..5.51 rows=108 width=0)
	        Index Cond: ((k >= 3921648) AND (k <= 3921748))

table 4 : explain SELECT k, c FROM sbtest4 WHERE k BETWEEN 3921648 AND 3921748
	Bitmap Heap Scan on sbtest4  (cost=5.48..409.07 rows=102 width=125)
	  Recheck Cond: ((k >= 3921648) AND (k <= 3921748))
	  ->  Bitmap Index Scan on k_4  (cost=0.00..5.45 rows=102 width=0)
	        Index Cond: ((k >= 3921648) AND (k <= 3921748))

table 5 : explain SELECT k, c FROM sbtest5 WHERE k BETWEEN 3921648 AND 3921748
	Bitmap Heap Scan on sbtest5  (cost=5.50..416.94 rows=104 width=125)
	  Recheck Cond: ((k >= 3921648) AND (k <= 3921748))
	  ->  Bitmap Index Scan on k_5  (cost=0.00..5.47 rows=104 width=0)
	        Index Cond: ((k >= 3921648) AND (k <= 3921748))

table 6 : explain SELECT k, c FROM sbtest6 WHERE k BETWEEN 3921648 AND 3921748
	Bitmap Heap Scan on sbtest6  (cost=5.53..428.75 rows=107 width=125)
	  Recheck Cond: ((k >= 3921648) AND (k <= 3921748))
	  ->  Bitmap Index Scan on k_6  (cost=0.00..5.50 rows=107 width=0)
	        Index Cond: ((k >= 3921648) AND (k <= 3921748))

table 7 : explain SELECT k, c FROM sbtest7 WHERE k BETWEEN 3921648 AND 3921748
	Bitmap Heap Scan on sbtest7  (cost=5.54..432.69 rows=108 width=125)
	  Recheck Cond: ((k >= 3921648) AND (k <= 3921748))
	  ->  Bitmap Index Scan on k_7  (cost=0.00..5.51 rows=108 width=0)
	        Index Cond: ((k >= 3921648) AND (k <= 3921748))

table 8 : explain SELECT k, c FROM sbtest8 WHERE k BETWEEN 3921648 AND 3921748
	Bitmap Heap Scan on sbtest8  (cost=5.48..409.07 rows=102 width=125)
	  Recheck Cond: ((k >= 3921648) AND (k <= 3921748))
	  ->  Bitmap Index Scan on k_8  (cost=0.00..5.45 rows=102 width=0)
	        Index Cond: ((k >= 3921648) AND (k <= 3921748))

explain: for range-notcovered :: explain SELECT k, c FROM sbtest%d WHERE k BETWEEN 3921648 AND 3921748
for range-notcovered
table 1 : explain SELECT k, c FROM sbtest1 WHERE k BETWEEN 4757182 AND 4757282
	Bitmap Heap Scan on sbtest1  (cost=5.43..389.37 rows=97 width=125)
	  Recheck Cond: ((k >= 4757182) AND (k <= 4757282))
	  ->  Bitmap Index Scan on k_1  (cost=0.00..5.40 rows=97 width=0)
	        Index Cond: ((k >= 4757182) AND (k <= 4757282))

table 2 : explain SELECT k, c FROM sbtest2 WHERE k BETWEEN 4757182 AND 4757282
	Bitmap Heap Scan on sbtest2  (cost=5.38..369.67 rows=92 width=125)
	  Recheck Cond: ((k >= 4757182) AND (k <= 4757282))
	  ->  Bitmap Index Scan on k_2  (cost=0.00..5.35 rows=92 width=0)
	        Index Cond: ((k >= 4757182) AND (k <= 4757282))

table 3 : explain SELECT k, c FROM sbtest3 WHERE k BETWEEN 4757182 AND 4757282
	Bitmap Heap Scan on sbtest3  (cost=5.42..385.43 rows=96 width=125)
	  Recheck Cond: ((k >= 4757182) AND (k <= 4757282))
	  ->  Bitmap Index Scan on k_3  (cost=0.00..5.39 rows=96 width=0)
	        Index Cond: ((k >= 4757182) AND (k <= 4757282))

table 4 : explain SELECT k, c FROM sbtest4 WHERE k BETWEEN 4757182 AND 4757282
	Bitmap Heap Scan on sbtest4  (cost=5.54..432.69 rows=108 width=125)
	  Recheck Cond: ((k >= 4757182) AND (k <= 4757282))
	  ->  Bitmap Index Scan on k_4  (cost=0.00..5.51 rows=108 width=0)
	        Index Cond: ((k >= 4757182) AND (k <= 4757282))

table 5 : explain SELECT k, c FROM sbtest5 WHERE k BETWEEN 4757182 AND 4757282
	Bitmap Heap Scan on sbtest5  (cost=5.48..409.07 rows=102 width=125)
	  Recheck Cond: ((k >= 4757182) AND (k <= 4757282))
	  ->  Bitmap Index Scan on k_5  (cost=0.00..5.45 rows=102 width=0)
	        Index Cond: ((k >= 4757182) AND (k <= 4757282))

table 6 : explain SELECT k, c FROM sbtest6 WHERE k BETWEEN 4757182 AND 4757282
	Bitmap Heap Scan on sbtest6  (cost=5.54..432.69 rows=108 width=125)
	  Recheck Cond: ((k >= 4757182) AND (k <= 4757282))
	  ->  Bitmap Index Scan on k_6  (cost=0.00..5.51 rows=108 width=0)
	        Index Cond: ((k >= 4757182) AND (k <= 4757282))

table 7 : explain SELECT k, c FROM sbtest7 WHERE k BETWEEN 4757182 AND 4757282
	Bitmap Heap Scan on sbtest7  (cost=5.53..428.75 rows=107 width=125)
	  Recheck Cond: ((k >= 4757182) AND (k <= 4757282))
	  ->  Bitmap Index Scan on k_7  (cost=0.00..5.50 rows=107 width=0)
	        Index Cond: ((k >= 4757182) AND (k <= 4757282))

table 8 : explain SELECT k, c FROM sbtest8 WHERE k BETWEEN 4757182 AND 4757282
	Bitmap Heap Scan on sbtest8  (cost=5.44..393.31 rows=98 width=125)
	  Recheck Cond: ((k >= 4757182) AND (k <= 4757282))
	  ->  Bitmap Index Scan on k_8  (cost=0.00..5.42 rows=98 width=0)
	        Index Cond: ((k >= 4757182) AND (k <= 4757282))

explain: for range-notcovered :: explain SELECT k, c FROM sbtest%d WHERE k BETWEEN 4757182 AND 4757282
for range-notcovered
table 1 : explain SELECT k, c FROM sbtest1 WHERE k BETWEEN 8420771 AND 8420871
	Bitmap Heap Scan on sbtest1  (cost=5.46..401.19 rows=100 width=125)
	  Recheck Cond: ((k >= 8420771) AND (k <= 8420871))
	  ->  Bitmap Index Scan on k_1  (cost=0.00..5.43 rows=100 width=0)
	        Index Cond: ((k >= 8420771) AND (k <= 8420871))

table 2 : explain SELECT k, c FROM sbtest2 WHERE k BETWEEN 8420771 AND 8420871
	Bitmap Heap Scan on sbtest2  (cost=5.49..413.00 rows=103 width=125)
	  Recheck Cond: ((k >= 8420771) AND (k <= 8420871))
	  ->  Bitmap Index Scan on k_2  (cost=0.00..5.46 rows=103 width=0)
	        Index Cond: ((k >= 8420771) AND (k <= 8420871))

table 3 : explain SELECT k, c FROM sbtest3 WHERE k BETWEEN 8420771 AND 8420871
	Bitmap Heap Scan on sbtest3  (cost=5.55..436.62 rows=109 width=125)
	  Recheck Cond: ((k >= 8420771) AND (k <= 8420871))
	  ->  Bitmap Index Scan on k_3  (cost=0.00..5.52 rows=109 width=0)
	        Index Cond: ((k >= 8420771) AND (k <= 8420871))

table 4 : explain SELECT k, c FROM sbtest4 WHERE k BETWEEN 8420771 AND 8420871
	Bitmap Heap Scan on sbtest4  (cost=5.47..405.13 rows=101 width=125)
	  Recheck Cond: ((k >= 8420771) AND (k <= 8420871))
	  ->  Bitmap Index Scan on k_4  (cost=0.00..5.44 rows=101 width=0)
	        Index Cond: ((k >= 8420771) AND (k <= 8420871))

table 5 : explain SELECT k, c FROM sbtest5 WHERE k BETWEEN 8420771 AND 8420871
	Bitmap Heap Scan on sbtest5  (cost=5.44..393.31 rows=98 width=125)
	  Recheck Cond: ((k >= 8420771) AND (k <= 8420871))
	  ->  Bitmap Index Scan on k_5  (cost=0.00..5.42 rows=98 width=0)
	        Index Cond: ((k >= 8420771) AND (k <= 8420871))

table 6 : explain SELECT k, c FROM sbtest6 WHERE k BETWEEN 8420771 AND 8420871
	Bitmap Heap Scan on sbtest6  (cost=5.43..389.37 rows=97 width=125)
	  Recheck Cond: ((k >= 8420771) AND (k <= 8420871))
	  ->  Bitmap Index Scan on k_6  (cost=0.00..5.40 rows=97 width=0)
	        Index Cond: ((k >= 8420771) AND (k <= 8420871))

table 7 : explain SELECT k, c FROM sbtest7 WHERE k BETWEEN 8420771 AND 8420871
	Bitmap Heap Scan on sbtest7  (cost=5.49..413.00 rows=103 width=125)
	  Recheck Cond: ((k >= 8420771) AND (k <= 8420871))
	  ->  Bitmap Index Scan on k_7  (cost=0.00..5.46 rows=103 width=0)
	        Index Cond: ((k >= 8420771) AND (k <= 8420871))

table 8 : explain SELECT k, c FROM sbtest8 WHERE k BETWEEN 8420771 AND 8420871
	Bitmap Heap Scan on sbtest8  (cost=5.41..381.49 rows=95 width=125)
	  Recheck Cond: ((k >= 8420771) AND (k <= 8420871))
	  ->  Bitmap Index Scan on k_8  (cost=0.00..5.38 rows=95 width=0)
	        Index Cond: ((k >= 8420771) AND (k <= 8420871))

for range-notcovered
table 1 : explain SELECT k, c FROM sbtest1 WHERE k BETWEEN 1448981 AND 1449081
	Bitmap Heap Scan on sbtest1  (cost=5.40..377.55 rows=94 width=125)
	  Recheck Cond: ((k >= 1448981) AND (k <= 1449081))
	  ->  Bitmap Index Scan on k_1  (cost=0.00..5.38 rows=94 width=0)
	        Index Cond: ((k >= 1448981) AND (k <= 1449081))

table 2 : explain SELECT k, c FROM sbtest2 WHERE k BETWEEN 1448981 AND 1449081
	Bitmap Heap Scan on sbtest2  (cost=5.55..436.62 rows=109 width=125)
	  Recheck Cond: ((k >= 1448981) AND (k <= 1449081))
	  ->  Bitmap Index Scan on k_2  (cost=0.00..5.52 rows=109 width=0)
	        Index Cond: ((k >= 1448981) AND (k <= 1449081))

table 3 : explain SELECT k, c FROM sbtest3 WHERE k BETWEEN 1448981 AND 1449081
	Bitmap Heap Scan on sbtest3  (cost=5.46..401.19 rows=100 width=125)
	  Recheck Cond: ((k >= 1448981) AND (k <= 1449081))
	  ->  Bitmap Index Scan on k_3  (cost=0.00..5.43 rows=100 width=0)
	        Index Cond: ((k >= 1448981) AND (k <= 1449081))

table 4 : explain SELECT k, c FROM sbtest4 WHERE k BETWEEN 1448981 AND 1449081
	Bitmap Heap Scan on sbtest4  (cost=5.56..440.56 rows=110 width=125)
	  Recheck Cond: ((k >= 1448981) AND (k <= 1449081))
	  ->  Bitmap Index Scan on k_4  (cost=0.00..5.53 rows=110 width=0)
	        Index Cond: ((k >= 1448981) AND (k <= 1449081))

table 5 : explain SELECT k, c FROM sbtest5 WHERE k BETWEEN 1448981 AND 1449081
	Bitmap Heap Scan on sbtest5  (cost=5.54..432.69 rows=108 width=125)
	  Recheck Cond: ((k >= 1448981) AND (k <= 1449081))
	  ->  Bitmap Index Scan on k_5  (cost=0.00..5.51 rows=108 width=0)
	        Index Cond: ((k >= 1448981) AND (k <= 1449081))

table 6 : explain SELECT k, c FROM sbtest6 WHERE k BETWEEN 1448981 AND 1449081
	Bitmap Heap Scan on sbtest6  (cost=5.48..409.07 rows=102 width=125)
	  Recheck Cond: ((k >= 1448981) AND (k <= 1449081))
	  ->  Bitmap Index Scan on k_6  (cost=0.00..5.45 rows=102 width=0)
	        Index Cond: ((k >= 1448981) AND (k <= 1449081))

table 7 : explain SELECT k, c FROM sbtest7 WHERE k BETWEEN 1448981 AND 1449081
	Bitmap Heap Scan on sbtest7  (cost=5.51..420.88 rows=105 width=125)
	  Recheck Cond: ((k >= 1448981) AND (k <= 1449081))
	  ->  Bitmap Index Scan on k_7  (cost=0.00..5.48 rows=105 width=0)
	        Index Cond: ((k >= 1448981) AND (k <= 1449081))

table 8 : explain SELECT k, c FROM sbtest8 WHERE k BETWEEN 1448981 AND 1449081
	Bitmap Heap Scan on sbtest8  (cost=5.51..420.88 rows=105 width=125)
	  Recheck Cond: ((k >= 1448981) AND (k <= 1449081))
	  ->  Bitmap Index Scan on k_8  (cost=0.00..5.48 rows=105 width=0)
	        Index Cond: ((k >= 1448981) AND (k <= 1449081))

for range-notcovered
table 1 : explain SELECT k, c FROM sbtest1 WHERE k BETWEEN 8566067 AND 8566167
	Bitmap Heap Scan on sbtest1  (cost=5.50..416.94 rows=104 width=125)
	  Recheck Cond: ((k >= 8566067) AND (k <= 8566167))
	  ->  Bitmap Index Scan on k_1  (cost=0.00..5.47 rows=104 width=0)
	        Index Cond: ((k >= 8566067) AND (k <= 8566167))

table 2 : explain SELECT k, c FROM sbtest2 WHERE k BETWEEN 8566067 AND 8566167
	Bitmap Heap Scan on sbtest2  (cost=5.49..413.00 rows=103 width=125)
	  Recheck Cond: ((k >= 8566067) AND (k <= 8566167))
	  ->  Bitmap Index Scan on k_2  (cost=0.00..5.46 rows=103 width=0)
	        Index Cond: ((k >= 8566067) AND (k <= 8566167))

table 3 : explain SELECT k, c FROM sbtest3 WHERE k BETWEEN 8566067 AND 8566167
	Bitmap Heap Scan on sbtest3  (cost=5.51..420.88 rows=105 width=125)
	  Recheck Cond: ((k >= 8566067) AND (k <= 8566167))
	  ->  Bitmap Index Scan on k_3  (cost=0.00..5.48 rows=105 width=0)
	        Index Cond: ((k >= 8566067) AND (k <= 8566167))

table 4 : explain SELECT k, c FROM sbtest4 WHERE k BETWEEN 8566067 AND 8566167
	Bitmap Heap Scan on sbtest4  (cost=5.39..373.61 rows=93 width=125)
	  Recheck Cond: ((k >= 8566067) AND (k <= 8566167))
	  ->  Bitmap Index Scan on k_4  (cost=0.00..5.36 rows=93 width=0)
	        Index Cond: ((k >= 8566067) AND (k <= 8566167))

table 5 : explain SELECT k, c FROM sbtest5 WHERE k BETWEEN 8566067 AND 8566167
	Bitmap Heap Scan on sbtest5  (cost=5.53..428.75 rows=107 width=125)
	  Recheck Cond: ((k >= 8566067) AND (k <= 8566167))
	  ->  Bitmap Index Scan on k_5  (cost=0.00..5.50 rows=107 width=0)
	        Index Cond: ((k >= 8566067) AND (k <= 8566167))

table 6 : explain SELECT k, c FROM sbtest6 WHERE k BETWEEN 8566067 AND 8566167
	Bitmap Heap Scan on sbtest6  (cost=5.46..401.19 rows=100 width=125)
	  Recheck Cond: ((k >= 8566067) AND (k <= 8566167))
	  ->  Bitmap Index Scan on k_6  (cost=0.00..5.43 rows=100 width=0)
	        Index Cond: ((k >= 8566067) AND (k <= 8566167))

table 7 : explain SELECT k, c FROM sbtest7 WHERE k BETWEEN 8566067 AND 8566167
	Bitmap Heap Scan on sbtest7  (cost=5.53..428.75 rows=107 width=125)
	  Recheck Cond: ((k >= 8566067) AND (k <= 8566167))
	  ->  Bitmap Index Scan on k_7  (cost=0.00..5.50 rows=107 width=0)
	        Index Cond: ((k >= 8566067) AND (k <= 8566167))

table 8 : explain SELECT k, c FROM sbtest8 WHERE k BETWEEN 8566067 AND 8566167
	Bitmap Heap Scan on sbtest8  (cost=5.41..381.49 rows=95 width=125)
	  Recheck Cond: ((k >= 8566067) AND (k <= 8566167))
	  ->  Bitmap Index Scan on k_8  (cost=0.00..5.38 rows=95 width=0)
	        Index Cond: ((k >= 8566067) AND (k <= 8566167))

explain: for range-notcovered :: explain SELECT k, c FROM sbtest%d WHERE k BETWEEN 8420771 AND 8420871
for range-notcovered
table 1 : explain SELECT k, c FROM sbtest1 WHERE k BETWEEN 3921648 AND 3921748
	Bitmap Heap Scan on sbtest1  (cost=5.54..432.69 rows=108 width=125)
	  Recheck Cond: ((k >= 3921648) AND (k <= 3921748))
	  ->  Bitmap Index Scan on k_1  (cost=0.00..5.51 rows=108 width=0)
	        Index Cond: ((k >= 3921648) AND (k <= 3921748))

table 2 : explain SELECT k, c FROM sbtest2 WHERE k BETWEEN 3921648 AND 3921748
	Bitmap Heap Scan on sbtest2  (cost=5.52..424.81 rows=106 width=125)
	  Recheck Cond: ((k >= 3921648) AND (k <= 3921748))
	  ->  Bitmap Index Scan on k_2  (cost=0.00..5.50 rows=106 width=0)
	        Index Cond: ((k >= 3921648) AND (k <= 3921748))

table 3 : explain SELECT k, c FROM sbtest3 WHERE k BETWEEN 3921648 AND 3921748
	Bitmap Heap Scan on sbtest3  (cost=5.54..432.69 rows=108 width=125)
	  Recheck Cond: ((k >= 3921648) AND (k <= 3921748))
	  ->  Bitmap Index Scan on k_3  (cost=0.00..5.51 rows=108 width=0)
	        Index Cond: ((k >= 3921648) AND (k <= 3921748))

table 4 : explain SELECT k, c FROM sbtest4 WHERE k BETWEEN 3921648 AND 3921748
	Bitmap Heap Scan on sbtest4  (cost=5.48..409.07 rows=102 width=125)
	  Recheck Cond: ((k >= 3921648) AND (k <= 3921748))
	  ->  Bitmap Index Scan on k_4  (cost=0.00..5.45 rows=102 width=0)
	        Index Cond: ((k >= 3921648) AND (k <= 3921748))

table 5 : explain SELECT k, c FROM sbtest5 WHERE k BETWEEN 3921648 AND 3921748
	Bitmap Heap Scan on sbtest5  (cost=5.50..416.94 rows=104 width=125)
	  Recheck Cond: ((k >= 3921648) AND (k <= 3921748))
	  ->  Bitmap Index Scan on k_5  (cost=0.00..5.47 rows=104 width=0)
	        Index Cond: ((k >= 3921648) AND (k <= 3921748))

table 6 : explain SELECT k, c FROM sbtest6 WHERE k BETWEEN 3921648 AND 3921748
	Bitmap Heap Scan on sbtest6  (cost=5.53..428.75 rows=107 width=125)
	  Recheck Cond: ((k >= 3921648) AND (k <= 3921748))
	  ->  Bitmap Index Scan on k_6  (cost=0.00..5.50 rows=107 width=0)
	        Index Cond: ((k >= 3921648) AND (k <= 3921748))

table 7 : explain SELECT k, c FROM sbtest7 WHERE k BETWEEN 3921648 AND 3921748
	Bitmap Heap Scan on sbtest7  (cost=5.54..432.69 rows=108 width=125)
	  Recheck Cond: ((k >= 3921648) AND (k <= 3921748))
	  ->  Bitmap Index Scan on k_7  (cost=0.00..5.51 rows=108 width=0)
	        Index Cond: ((k >= 3921648) AND (k <= 3921748))

table 8 : explain SELECT k, c FROM sbtest8 WHERE k BETWEEN 3921648 AND 3921748
	Bitmap Heap Scan on sbtest8  (cost=5.48..409.07 rows=102 width=125)
	  Recheck Cond: ((k >= 3921648) AND (k <= 3921748))
	  ->  Bitmap Index Scan on k_8  (cost=0.00..5.45 rows=102 width=0)
	        Index Cond: ((k >= 3921648) AND (k <= 3921748))

explain: for range-notcovered :: explain SELECT k, c FROM sbtest%d WHERE k BETWEEN 1448981 AND 1449081
explain: for range-notcovered :: explain SELECT k, c FROM sbtest%d WHERE k BETWEEN 3921648 AND 3921748
for range-notcovered
table 1 : explain SELECT k, c FROM sbtest1 WHERE k BETWEEN 1365224 AND 1365324
	Bitmap Heap Scan on sbtest1  (cost=5.51..420.88 rows=105 width=125)
	  Recheck Cond: ((k >= 1365224) AND (k <= 1365324))
	  ->  Bitmap Index Scan on k_1  (cost=0.00..5.48 rows=105 width=0)
	        Index Cond: ((k >= 1365224) AND (k <= 1365324))

table 2 : explain SELECT k, c FROM sbtest2 WHERE k BETWEEN 1365224 AND 1365324
	Bitmap Heap Scan on sbtest2  (cost=5.55..436.62 rows=109 width=125)
	  Recheck Cond: ((k >= 1365224) AND (k <= 1365324))
	  ->  Bitmap Index Scan on k_2  (cost=0.00..5.52 rows=109 width=0)
	        Index Cond: ((k >= 1365224) AND (k <= 1365324))

table 3 : explain SELECT k, c FROM sbtest3 WHERE k BETWEEN 1365224 AND 1365324
	Bitmap Heap Scan on sbtest3  (cost=5.46..401.19 rows=100 width=125)
	  Recheck Cond: ((k >= 1365224) AND (k <= 1365324))
	  ->  Bitmap Index Scan on k_3  (cost=0.00..5.43 rows=100 width=0)
	        Index Cond: ((k >= 1365224) AND (k <= 1365324))

table 4 : explain SELECT k, c FROM sbtest4 WHERE k BETWEEN 1365224 AND 1365324
	Bitmap Heap Scan on sbtest4  (cost=5.42..385.43 rows=96 width=125)
	  Recheck Cond: ((k >= 1365224) AND (k <= 1365324))
	  ->  Bitmap Index Scan on k_4  (cost=0.00..5.39 rows=96 width=0)
	        Index Cond: ((k >= 1365224) AND (k <= 1365324))

table 5 : explain SELECT k, c FROM sbtest5 WHERE k BETWEEN 1365224 AND 1365324
	Bitmap Heap Scan on sbtest5  (cost=5.50..416.94 rows=104 width=125)
	  Recheck Cond: ((k >= 1365224) AND (k <= 1365324))
	  ->  Bitmap Index Scan on k_5  (cost=0.00..5.47 rows=104 width=0)
	        Index Cond: ((k >= 1365224) AND (k <= 1365324))

table 6 : explain SELECT k, c FROM sbtest6 WHERE k BETWEEN 1365224 AND 1365324
	Bitmap Heap Scan on sbtest6  (cost=5.45..397.25 rows=99 width=125)
	  Recheck Cond: ((k >= 1365224) AND (k <= 1365324))
	  ->  Bitmap Index Scan on k_6  (cost=0.00..5.42 rows=99 width=0)
	        Index Cond: ((k >= 1365224) AND (k <= 1365324))

table 7 : explain SELECT k, c FROM sbtest7 WHERE k BETWEEN 1365224 AND 1365324
	Bitmap Heap Scan on sbtest7  (cost=5.49..413.00 rows=103 width=125)
	  Recheck Cond: ((k >= 1365224) AND (k <= 1365324))
	  ->  Bitmap Index Scan on k_7  (cost=0.00..5.46 rows=103 width=0)
	        Index Cond: ((k >= 1365224) AND (k <= 1365324))

table 8 : explain SELECT k, c FROM sbtest8 WHERE k BETWEEN 1365224 AND 1365324
	Bitmap Heap Scan on sbtest8  (cost=5.52..424.81 rows=106 width=125)
	  Recheck Cond: ((k >= 1365224) AND (k <= 1365324))
	  ->  Bitmap Index Scan on k_8  (cost=0.00..5.50 rows=106 width=0)
	        Index Cond: ((k >= 1365224) AND (k <= 1365324))

explain: for range-notcovered :: explain SELECT k, c FROM sbtest%d WHERE k BETWEEN 1365224 AND 1365324
for range-notcovered
table 1 : explain SELECT k, c FROM sbtest1 WHERE k BETWEEN 5154252 AND 5154352
	Bitmap Heap Scan on sbtest1  (cost=5.37..365.72 rows=91 width=125)
	  Recheck Cond: ((k >= 5154252) AND (k <= 5154352))
	  ->  Bitmap Index Scan on k_1  (cost=0.00..5.34 rows=91 width=0)
	        Index Cond: ((k >= 5154252) AND (k <= 5154352))

table 2 : explain SELECT k, c FROM sbtest2 WHERE k BETWEEN 5154252 AND 5154352
	Bitmap Heap Scan on sbtest2  (cost=5.51..420.88 rows=105 width=125)
	  Recheck Cond: ((k >= 5154252) AND (k <= 5154352))
	  ->  Bitmap Index Scan on k_2  (cost=0.00..5.48 rows=105 width=0)
	        Index Cond: ((k >= 5154252) AND (k <= 5154352))

table 3 : explain SELECT k, c FROM sbtest3 WHERE k BETWEEN 5154252 AND 5154352
	Bitmap Heap Scan on sbtest3  (cost=5.55..436.62 rows=109 width=125)
	  Recheck Cond: ((k >= 5154252) AND (k <= 5154352))
	  ->  Bitmap Index Scan on k_3  (cost=0.00..5.52 rows=109 width=0)
	        Index Cond: ((k >= 5154252) AND (k <= 5154352))

table 4 : explain SELECT k, c FROM sbtest4 WHERE k BETWEEN 5154252 AND 5154352
	Bitmap Heap Scan on sbtest4  (cost=5.46..401.19 rows=100 width=125)
	  Recheck Cond: ((k >= 5154252) AND (k <= 5154352))
	  ->  Bitmap Index Scan on k_4  (cost=0.00..5.43 rows=100 width=0)
	        Index Cond: ((k >= 5154252) AND (k <= 5154352))

table 5 : explain SELECT k, c FROM sbtest5 WHERE k BETWEEN 5154252 AND 5154352
	Bitmap Heap Scan on sbtest5  (cost=5.56..440.56 rows=110 width=125)
	  Recheck Cond: ((k >= 5154252) AND (k <= 5154352))
	  ->  Bitmap Index Scan on k_5  (cost=0.00..5.53 rows=110 width=0)
	        Index Cond: ((k >= 5154252) AND (k <= 5154352))

table 6 : explain SELECT k, c FROM sbtest6 WHERE k BETWEEN 5154252 AND 5154352
	Bitmap Heap Scan on sbtest6  (cost=5.58..448.42 rows=112 width=125)
	  Recheck Cond: ((k >= 5154252) AND (k <= 5154352))
	  ->  Bitmap Index Scan on k_6  (cost=0.00..5.55 rows=112 width=0)
	        Index Cond: ((k >= 5154252) AND (k <= 5154352))

table 7 : explain SELECT k, c FROM sbtest7 WHERE k BETWEEN 5154252 AND 5154352
	Bitmap Heap Scan on sbtest7  (cost=5.52..424.81 rows=106 width=125)
	  Recheck Cond: ((k >= 5154252) AND (k <= 5154352))
	  ->  Bitmap Index Scan on k_7  (cost=0.00..5.50 rows=106 width=0)
	        Index Cond: ((k >= 5154252) AND (k <= 5154352))

table 8 : explain SELECT k, c FROM sbtest8 WHERE k BETWEEN 5154252 AND 5154352
	Bitmap Heap Scan on sbtest8  (cost=5.48..409.07 rows=102 width=125)
	  Recheck Cond: ((k >= 5154252) AND (k <= 5154352))
	  ->  Bitmap Index Scan on k_8  (cost=0.00..5.45 rows=102 width=0)
	        Index Cond: ((k >= 5154252) AND (k <= 5154352))

for range-notcovered
table 1 : explain SELECT k, c FROM sbtest1 WHERE k BETWEEN 2155419 AND 2155519
	Bitmap Heap Scan on sbtest1  (cost=5.51..420.88 rows=105 width=125)
	  Recheck Cond: ((k >= 2155419) AND (k <= 2155519))
	  ->  Bitmap Index Scan on k_1  (cost=0.00..5.48 rows=105 width=0)
	        Index Cond: ((k >= 2155419) AND (k <= 2155519))

table 2 : explain SELECT k, c FROM sbtest2 WHERE k BETWEEN 2155419 AND 2155519
	Bitmap Heap Scan on sbtest2  (cost=5.46..401.19 rows=100 width=125)
	  Recheck Cond: ((k >= 2155419) AND (k <= 2155519))
	  ->  Bitmap Index Scan on k_2  (cost=0.00..5.43 rows=100 width=0)
	        Index Cond: ((k >= 2155419) AND (k <= 2155519))

table 3 : explain SELECT k, c FROM sbtest3 WHERE k BETWEEN 2155419 AND 2155519
	Bitmap Heap Scan on sbtest3  (cost=5.56..440.56 rows=110 width=125)
	  Recheck Cond: ((k >= 2155419) AND (k <= 2155519))
	  ->  Bitmap Index Scan on k_3  (cost=0.00..5.53 rows=110 width=0)
	        Index Cond: ((k >= 2155419) AND (k <= 2155519))

table 4 : explain SELECT k, c FROM sbtest4 WHERE k BETWEEN 2155419 AND 2155519
	Bitmap Heap Scan on sbtest4  (cost=5.45..397.25 rows=99 width=125)
	  Recheck Cond: ((k >= 2155419) AND (k <= 2155519))
	  ->  Bitmap Index Scan on k_4  (cost=0.00..5.42 rows=99 width=0)
	        Index Cond: ((k >= 2155419) AND (k <= 2155519))

table 5 : explain SELECT k, c FROM sbtest5 WHERE k BETWEEN 2155419 AND 2155519
	Bitmap Heap Scan on sbtest5  (cost=5.50..416.94 rows=104 width=125)
	  Recheck Cond: ((k >= 2155419) AND (k <= 2155519))
	  ->  Bitmap Index Scan on k_5  (cost=0.00..5.47 rows=104 width=0)
	        Index Cond: ((k >= 2155419) AND (k <= 2155519))

table 6 : explain SELECT k, c FROM sbtest6 WHERE k BETWEEN 2155419 AND 2155519
	Bitmap Heap Scan on sbtest6  (cost=5.42..385.43 rows=96 width=125)
	  Recheck Cond: ((k >= 2155419) AND (k <= 2155519))
	  ->  Bitmap Index Scan on k_6  (cost=0.00..5.39 rows=96 width=0)
	        Index Cond: ((k >= 2155419) AND (k <= 2155519))

table 7 : explain SELECT k, c FROM sbtest7 WHERE k BETWEEN 2155419 AND 2155519
	Bitmap Heap Scan on sbtest7  (cost=5.46..401.19 rows=100 width=125)
	  Recheck Cond: ((k >= 2155419) AND (k <= 2155519))
	  ->  Bitmap Index Scan on k_7  (cost=0.00..5.43 rows=100 width=0)
	        Index Cond: ((k >= 2155419) AND (k <= 2155519))

table 8 : explain SELECT k, c FROM sbtest8 WHERE k BETWEEN 2155419 AND 2155519
	Bitmap Heap Scan on sbtest8  (cost=5.42..385.43 rows=96 width=125)
	  Recheck Cond: ((k >= 2155419) AND (k <= 2155519))
	  ->  Bitmap Index Scan on k_8  (cost=0.00..5.39 rows=96 width=0)
	        Index Cond: ((k >= 2155419) AND (k <= 2155519))
explain: for range-notcovered :: explain SELECT k, c FROM sbtest%d WHERE k BETWEEN 5154252 AND 5154352

explain: for range-notcovered :: explain SELECT k, c FROM sbtest%d WHERE k BETWEEN 2155419 AND 2155519
for range-notcovered
table 1 : explain SELECT k, c FROM sbtest1 WHERE k BETWEEN 2653773 AND 2653873
	Bitmap Heap Scan on sbtest1  (cost=5.52..424.81 rows=106 width=125)
	  Recheck Cond: ((k >= 2653773) AND (k <= 2653873))
	  ->  Bitmap Index Scan on k_1  (cost=0.00..5.50 rows=106 width=0)
	        Index Cond: ((k >= 2653773) AND (k <= 2653873))

table 2 : explain SELECT k, c FROM sbtest2 WHERE k BETWEEN 2653773 AND 2653873
	Bitmap Heap Scan on sbtest2  (cost=5.36..361.78 rows=90 width=125)
	  Recheck Cond: ((k >= 2653773) AND (k <= 2653873))
	  ->  Bitmap Index Scan on k_2  (cost=0.00..5.33 rows=90 width=0)
	        Index Cond: ((k >= 2653773) AND (k <= 2653873))

table 3 : explain SELECT k, c FROM sbtest3 WHERE k BETWEEN 2653773 AND 2653873
	Bitmap Heap Scan on sbtest3  (cost=5.54..432.69 rows=108 width=125)
	  Recheck Cond: ((k >= 2653773) AND (k <= 2653873))
	  ->  Bitmap Index Scan on k_3  (cost=0.00..5.51 rows=108 width=0)
	        Index Cond: ((k >= 2653773) AND (k <= 2653873))

table 4 : explain SELECT k, c FROM sbtest4 WHERE k BETWEEN 2653773 AND 2653873
	Bitmap Heap Scan on sbtest4  (cost=5.58..448.42 rows=112 width=125)
	  Recheck Cond: ((k >= 2653773) AND (k <= 2653873))
	  ->  Bitmap Index Scan on k_4  (cost=0.00..5.55 rows=112 width=0)
	        Index Cond: ((k >= 2653773) AND (k <= 2653873))

table 5 : explain SELECT k, c FROM sbtest5 WHERE k BETWEEN 2653773 AND 2653873
	Bitmap Heap Scan on sbtest5  (cost=5.41..381.49 rows=95 width=125)
	  Recheck Cond: ((k >= 2653773) AND (k <= 2653873))
	  ->  Bitmap Index Scan on k_5  (cost=0.00..5.38 rows=95 width=0)
	        Index Cond: ((k >= 2653773) AND (k <= 2653873))

table 6 : explain SELECT k, c FROM sbtest6 WHERE k BETWEEN 2653773 AND 2653873
	Bitmap Heap Scan on sbtest6  (cost=5.55..436.62 rows=109 width=125)
	  Recheck Cond: ((k >= 2653773) AND (k <= 2653873))
	  ->  Bitmap Index Scan on k_6  (cost=0.00..5.52 rows=109 width=0)
	        Index Cond: ((k >= 2653773) AND (k <= 2653873))

table 7 : explain SELECT k, c FROM sbtest7 WHERE k BETWEEN 2653773 AND 2653873
	Bitmap Heap Scan on sbtest7  (cost=5.61..460.22 rows=115 width=125)
	  Recheck Cond: ((k >= 2653773) AND (k <= 2653873))
	  ->  Bitmap Index Scan on k_7  (cost=0.00..5.58 rows=115 width=0)
	        Index Cond: ((k >= 2653773) AND (k <= 2653873))

table 8 : explain SELECT k, c FROM sbtest8 WHERE k BETWEEN 2653773 AND 2653873
	Bitmap Heap Scan on sbtest8  (cost=5.56..440.56 rows=110 width=125)
	  Recheck Cond: ((k >= 2653773) AND (k <= 2653873))
	  ->  Bitmap Index Scan on k_8  (cost=0.00..5.53 rows=110 width=0)
	        Index Cond: ((k >= 2653773) AND (k <= 2653873))

for range-notcovered
table 1 : explain SELECT k, c FROM sbtest1 WHERE k BETWEEN 1448981 AND 1449081
	Bitmap Heap Scan on sbtest1  (cost=5.40..377.55 rows=94 width=125)
	  Recheck Cond: ((k >= 1448981) AND (k <= 1449081))
	  ->  Bitmap Index Scan on k_1  (cost=0.00..5.38 rows=94 width=0)
	        Index Cond: ((k >= 1448981) AND (k <= 1449081))

table 2 : explain SELECT k, c FROM sbtest2 WHERE k BETWEEN 1448981 AND 1449081
	Bitmap Heap Scan on sbtest2  (cost=5.55..436.62 rows=109 width=125)
	  Recheck Cond: ((k >= 1448981) AND (k <= 1449081))
	  ->  Bitmap Index Scan on k_2  (cost=0.00..5.52 rows=109 width=0)
	        Index Cond: ((k >= 1448981) AND (k <= 1449081))

table 3 : explain SELECT k, c FROM sbtest3 WHERE k BETWEEN 1448981 AND 1449081
	Bitmap Heap Scan on sbtest3  (cost=5.46..401.19 rows=100 width=125)
	  Recheck Cond: ((k >= 1448981) AND (k <= 1449081))
	  ->  Bitmap Index Scan on k_3  (cost=0.00..5.43 rows=100 width=0)
	        Index Cond: ((k >= 1448981) AND (k <= 1449081))

table 4 : explain SELECT k, c FROM sbtest4 WHERE k BETWEEN 1448981 AND 1449081
	Bitmap Heap Scan on sbtest4  (cost=5.56..440.56 rows=110 width=125)
	  Recheck Cond: ((k >= 1448981) AND (k <= 1449081))
	  ->  Bitmap Index Scan on k_4  (cost=0.00..5.53 rows=110 width=0)
	        Index Cond: ((k >= 1448981) AND (k <= 1449081))

table 5 : explain SELECT k, c FROM sbtest5 WHERE k BETWEEN 1448981 AND 1449081
	Bitmap Heap Scan on sbtest5  (cost=5.54..432.69 rows=108 width=125)
	  Recheck Cond: ((k >= 1448981) AND (k <= 1449081))
	  ->  Bitmap Index Scan on k_5  (cost=0.00..5.51 rows=108 width=0)
	        Index Cond: ((k >= 1448981) AND (k <= 1449081))

table 6 : explain SELECT k, c FROM sbtest6 WHERE k BETWEEN 1448981 AND 1449081
	Bitmap Heap Scan on sbtest6  (cost=5.48..409.07 rows=102 width=125)
	  Recheck Cond: ((k >= 1448981) AND (k <= 1449081))
	  ->  Bitmap Index Scan on k_6  (cost=0.00..5.45 rows=102 width=0)
	        Index Cond: ((k >= 1448981) AND (k <= 1449081))

table 7 : explain SELECT k, c FROM sbtest7 WHERE k BETWEEN 1448981 AND 1449081
	Bitmap Heap Scan on sbtest7  (cost=5.51..420.88 rows=105 width=125)
	  Recheck Cond: ((k >= 1448981) AND (k <= 1449081))
	  ->  Bitmap Index Scan on k_7  (cost=0.00..5.48 rows=105 width=0)
	        Index Cond: ((k >= 1448981) AND (k <= 1449081))

table 8 : explain SELECT k, c FROM sbtest8 WHERE k BETWEEN 1448981 AND 1449081
	Bitmap Heap Scan on sbtest8  (cost=5.51..420.88 rows=105 width=125)
	  Recheck Cond: ((k >= 1448981) AND (k <= 1449081))
	  ->  Bitmap Index Scan on k_8  (cost=0.00..5.48 rows=105 width=0)
	        Index Cond: ((k >= 1448981) AND (k <= 1449081))

for range-notcovered
table 1 : explain SELECT k, c FROM sbtest1 WHERE k BETWEEN 8420771 AND 8420871
	Bitmap Heap Scan on sbtest1  (cost=5.46..401.19 rows=100 width=125)
	  Recheck Cond: ((k >= 8420771) AND (k <= 8420871))
	  ->  Bitmap Index Scan on k_1  (cost=0.00..5.43 rows=100 width=0)
	        Index Cond: ((k >= 8420771) AND (k <= 8420871))

table 2 : explain SELECT k, c FROM sbtest2 WHERE k BETWEEN 8420771 AND 8420871
	Bitmap Heap Scan on sbtest2  (cost=5.49..413.00 rows=103 width=125)
	  Recheck Cond: ((k >= 8420771) AND (k <= 8420871))
	  ->  Bitmap Index Scan on k_2  (cost=0.00..5.46 rows=103 width=0)
	        Index Cond: ((k >= 8420771) AND (k <= 8420871))

table 3 : explain SELECT k, c FROM sbtest3 WHERE k BETWEEN 8420771 AND 8420871
	Bitmap Heap Scan on sbtest3  (cost=5.55..436.62 rows=109 width=125)
	  Recheck Cond: ((k >= 8420771) AND (k <= 8420871))
	  ->  Bitmap Index Scan on k_3  (cost=0.00..5.52 rows=109 width=0)
	        Index Cond: ((k >= 8420771) AND (k <= 8420871))

table 4 : explain SELECT k, c FROM sbtest4 WHERE k BETWEEN 8420771 AND 8420871
	Bitmap Heap Scan on sbtest4  (cost=5.47..405.13 rows=101 width=125)
	  Recheck Cond: ((k >= 8420771) AND (k <= 8420871))
	  ->  Bitmap Index Scan on k_4  (cost=0.00..5.44 rows=101 width=0)
	        Index Cond: ((k >= 8420771) AND (k <= 8420871))

table 5 : explain SELECT k, c FROM sbtest5 WHERE k BETWEEN 8420771 AND 8420871
	Bitmap Heap Scan on sbtest5  (cost=5.44..393.31 rows=98 width=125)
	  Recheck Cond: ((k >= 8420771) AND (k <= 8420871))
	  ->  Bitmap Index Scan on k_5  (cost=0.00..5.42 rows=98 width=0)
	        Index Cond: ((k >= 8420771) AND (k <= 8420871))

table 6 : explain SELECT k, c FROM sbtest6 WHERE k BETWEEN 8420771 AND 8420871
	Bitmap Heap Scan on sbtest6  (cost=5.43..389.37 rows=97 width=125)
	  Recheck Cond: ((k >= 8420771) AND (k <= 8420871))
	  ->  Bitmap Index Scan on k_6  (cost=0.00..5.40 rows=97 width=0)
	        Index Cond: ((k >= 8420771) AND (k <= 8420871))

table 7 : explain SELECT k, c FROM sbtest7 WHERE k BETWEEN 8420771 AND 8420871
	Bitmap Heap Scan on sbtest7  (cost=5.49..413.00 rows=103 width=125)
	  Recheck Cond: ((k >= 8420771) AND (k <= 8420871))
	  ->  Bitmap Index Scan on k_7  (cost=0.00..5.46 rows=103 width=0)
	        Index Cond: ((k >= 8420771) AND (k <= 8420871))

table 8 : explain SELECT k, c FROM sbtest8 WHERE k BETWEEN 8420771 AND 8420871
	Bitmap Heap Scan on sbtest8  (cost=5.41..381.49 rows=95 width=125)
	  Recheck Cond: ((k >= 8420771) AND (k <= 8420871))
	  ->  Bitmap Index Scan on k_8  (cost=0.00..5.38 rows=95 width=0)
	        Index Cond: ((k >= 8420771) AND (k <= 8420871))

for range-notcovered
table 1 : explain SELECT k, c FROM sbtest1 WHERE k BETWEEN 3921648 AND 3921748
	Bitmap Heap Scan on sbtest1  (cost=5.54..432.69 rows=108 width=125)
	  Recheck Cond: ((k >= 3921648) AND (k <= 3921748))
	  ->  Bitmap Index Scan on k_1  (cost=0.00..5.51 rows=108 width=0)
	        Index Cond: ((k >= 3921648) AND (k <= 3921748))

table 2 : explain SELECT k, c FROM sbtest2 WHERE k BETWEEN 3921648 AND 3921748
	Bitmap Heap Scan on sbtest2  (cost=5.52..424.81 rows=106 width=125)
	  Recheck Cond: ((k >= 3921648) AND (k <= 3921748))
	  ->  Bitmap Index Scan on k_2  (cost=0.00..5.50 rows=106 width=0)
	        Index Cond: ((k >= 3921648) AND (k <= 3921748))

table 3 : explain SELECT k, c FROM sbtest3 WHERE k BETWEEN 3921648 AND 3921748
	Bitmap Heap Scan on sbtest3  (cost=5.54..432.69 rows=108 width=125)
	  Recheck Cond: ((k >= 3921648) AND (k <= 3921748))
	  ->  Bitmap Index Scan on k_3  (cost=0.00..5.51 rows=108 width=0)
	        Index Cond: ((k >= 3921648) AND (k <= 3921748))

table 4 : explain SELECT k, c FROM sbtest4 WHERE k BETWEEN 3921648 AND 3921748
	Bitmap Heap Scan on sbtest4  (cost=5.48..409.07 rows=102 width=125)
	  Recheck Cond: ((k >= 3921648) AND (k <= 3921748))
	  ->  Bitmap Index Scan on k_4  (cost=0.00..5.45 rows=102 width=0)
	        Index Cond: ((k >= 3921648) AND (k <= 3921748))

table 5 : explain SELECT k, c FROM sbtest5 WHERE k BETWEEN 3921648 AND 3921748
	Bitmap Heap Scan on sbtest5  (cost=5.50..416.94 rows=104 width=125)
	  Recheck Cond: ((k >= 3921648) AND (k <= 3921748))
	  ->  Bitmap Index Scan on k_5  (cost=0.00..5.47 rows=104 width=0)
	        Index Cond: ((k >= 3921648) AND (k <= 3921748))

table 6 : explain SELECT k, c FROM sbtest6 WHERE k BETWEEN 3921648 AND 3921748
	Bitmap Heap Scan on sbtest6  (cost=5.53..428.75 rows=107 width=125)
	  Recheck Cond: ((k >= 3921648) AND (k <= 3921748))
	  ->  Bitmap Index Scan on k_6  (cost=0.00..5.50 rows=107 width=0)
	        Index Cond: ((k >= 3921648) AND (k <= 3921748))

table 7 : explain SELECT k, c FROM sbtest7 WHERE k BETWEEN 3921648 AND 3921748
	Bitmap Heap Scan on sbtest7  (cost=5.54..432.69 rows=108 width=125)
	  Recheck Cond: ((k >= 3921648) AND (k <= 3921748))
	  ->  Bitmap Index Scan on k_7  (cost=0.00..5.51 rows=108 width=0)
	        Index Cond: ((k >= 3921648) AND (k <= 3921748))

table 8 : explain SELECT k, c FROM sbtest8 WHERE k BETWEEN 3921648 AND 3921748
	Bitmap Heap Scan on sbtest8  (cost=5.48..409.07 rows=102 width=125)
	  Recheck Cond: ((k >= 3921648) AND (k <= 3921748))
	  ->  Bitmap Index Scan on k_8  (cost=0.00..5.45 rows=102 width=0)
	        Index Cond: ((k >= 3921648) AND (k <= 3921748))

explain: for range-notcovered :: explain SELECT k, c FROM sbtest%d WHERE k BETWEEN 8420771 AND 8420871
explain: for range-notcovered :: explain SELECT k, c FROM sbtest%d WHERE k BETWEEN 3921648 AND 3921748
explain: for range-notcovered :: explain SELECT k, c FROM sbtest%d WHERE k BETWEEN 2653773 AND 2653873
for range-notcovered
table 1 : explain SELECT k, c FROM sbtest1 WHERE k BETWEEN 4757182 AND 4757282
	Bitmap Heap Scan on sbtest1  (cost=5.43..389.37 rows=97 width=125)
	  Recheck Cond: ((k >= 4757182) AND (k <= 4757282))
	  ->  Bitmap Index Scan on k_1  (cost=0.00..5.40 rows=97 width=0)
	        Index Cond: ((k >= 4757182) AND (k <= 4757282))

table 2 : explain SELECT k, c FROM sbtest2 WHERE k BETWEEN 4757182 AND 4757282
	Bitmap Heap Scan on sbtest2  (cost=5.38..369.67 rows=92 width=125)
	  Recheck Cond: ((k >= 4757182) AND (k <= 4757282))
	  ->  Bitmap Index Scan on k_2  (cost=0.00..5.35 rows=92 width=0)
	        Index Cond: ((k >= 4757182) AND (k <= 4757282))

table 3 : explain SELECT k, c FROM sbtest3 WHERE k BETWEEN 4757182 AND 4757282
	Bitmap Heap Scan on sbtest3  (cost=5.42..385.43 rows=96 width=125)
	  Recheck Cond: ((k >= 4757182) AND (k <= 4757282))
	  ->  Bitmap Index Scan on k_3  (cost=0.00..5.39 rows=96 width=0)
	        Index Cond: ((k >= 4757182) AND (k <= 4757282))

table 4 : explain SELECT k, c FROM sbtest4 WHERE k BETWEEN 4757182 AND 4757282
	Bitmap Heap Scan on sbtest4  (cost=5.54..432.69 rows=108 width=125)
	  Recheck Cond: ((k >= 4757182) AND (k <= 4757282))
	  ->  Bitmap Index Scan on k_4  (cost=0.00..5.51 rows=108 width=0)
	        Index Cond: ((k >= 4757182) AND (k <= 4757282))

table 5 : explain SELECT k, c FROM sbtest5 WHERE k BETWEEN 4757182 AND 4757282
	Bitmap Heap Scan on sbtest5  (cost=5.48..409.07 rows=102 width=125)
	  Recheck Cond: ((k >= 4757182) AND (k <= 4757282))
	  ->  Bitmap Index Scan on k_5  (cost=0.00..5.45 rows=102 width=0)
	        Index Cond: ((k >= 4757182) AND (k <= 4757282))

table 6 : explain SELECT k, c FROM sbtest6 WHERE k BETWEEN 4757182 AND 4757282
	Bitmap Heap Scan on sbtest6  (cost=5.54..432.69 rows=108 width=125)
	  Recheck Cond: ((k >= 4757182) AND (k <= 4757282))
	  ->  Bitmap Index Scan on k_6  (cost=0.00..5.51 rows=108 width=0)
	        Index Cond: ((k >= 4757182) AND (k <= 4757282))

table 7 : explain SELECT k, c FROM sbtest7 WHERE k BETWEEN 4757182 AND 4757282
	Bitmap Heap Scan on sbtest7  (cost=5.53..428.75 rows=107 width=125)
	  Recheck Cond: ((k >= 4757182) AND (k <= 4757282))
	  ->  Bitmap Index Scan on k_7  (cost=0.00..5.50 rows=107 width=0)
	        Index Cond: ((k >= 4757182) AND (k <= 4757282))

table 8 : explain SELECT k, c FROM sbtest8 WHERE k BETWEEN 4757182 AND 4757282
	Bitmap Heap Scan on sbtest8  (cost=5.44..393.31 rows=98 width=125)
	  Recheck Cond: ((k >= 4757182) AND (k <= 4757282))
	  ->  Bitmap Index Scan on k_8  (cost=0.00..5.42 rows=98 width=0)
	        Index Cond: ((k >= 4757182) AND (k <= 4757282))

explain: for range-notcovered :: explain SELECT k, c FROM sbtest%d WHERE k BETWEEN 5679499 AND 5679599
for range-notcovered
table 1 : explain SELECT k, c FROM sbtest1 WHERE k BETWEEN 2155419 AND 2155519
	Bitmap Heap Scan on sbtest1  (cost=5.51..420.88 rows=105 width=125)
	  Recheck Cond: ((k >= 2155419) AND (k <= 2155519))
	  ->  Bitmap Index Scan on k_1  (cost=0.00..5.48 rows=105 width=0)
	        Index Cond: ((k >= 2155419) AND (k <= 2155519))

table 2 : explain SELECT k, c FROM sbtest2 WHERE k BETWEEN 2155419 AND 2155519
	Bitmap Heap Scan on sbtest2  (cost=5.46..401.19 rows=100 width=125)
	  Recheck Cond: ((k >= 2155419) AND (k <= 2155519))
	  ->  Bitmap Index Scan on k_2  (cost=0.00..5.43 rows=100 width=0)
	        Index Cond: ((k >= 2155419) AND (k <= 2155519))

table 3 : explain SELECT k, c FROM sbtest3 WHERE k BETWEEN 2155419 AND 2155519
	Bitmap Heap Scan on sbtest3  (cost=5.56..440.56 rows=110 width=125)
	  Recheck Cond: ((k >= 2155419) AND (k <= 2155519))
	  ->  Bitmap Index Scan on k_3  (cost=0.00..5.53 rows=110 width=0)
	        Index Cond: ((k >= 2155419) AND (k <= 2155519))

table 4 : explain SELECT k, c FROM sbtest4 WHERE k BETWEEN 2155419 AND 2155519
	Bitmap Heap Scan on sbtest4  (cost=5.45..397.25 rows=99 width=125)
	  Recheck Cond: ((k >= 2155419) AND (k <= 2155519))
	  ->  Bitmap Index Scan on k_4  (cost=0.00..5.42 rows=99 width=0)
	        Index Cond: ((k >= 2155419) AND (k <= 2155519))

table 5 : explain SELECT k, c FROM sbtest5 WHERE k BETWEEN 2155419 AND 2155519
	Bitmap Heap Scan on sbtest5  (cost=5.50..416.94 rows=104 width=125)
	  Recheck Cond: ((k >= 2155419) AND (k <= 2155519))
	  ->  Bitmap Index Scan on k_5  (cost=0.00..5.47 rows=104 width=0)
	        Index Cond: ((k >= 2155419) AND (k <= 2155519))

table 6 : explain SELECT k, c FROM sbtest6 WHERE k BETWEEN 2155419 AND 2155519
	Bitmap Heap Scan on sbtest6  (cost=5.42..385.43 rows=96 width=125)
	  Recheck Cond: ((k >= 2155419) AND (k <= 2155519))
	  ->  Bitmap Index Scan on k_6  (cost=0.00..5.39 rows=96 width=0)
	        Index Cond: ((k >= 2155419) AND (k <= 2155519))

table 7 : explain SELECT k, c FROM sbtest7 WHERE k BETWEEN 2155419 AND 2155519
	Bitmap Heap Scan on sbtest7  (cost=5.46..401.19 rows=100 width=125)
	  Recheck Cond: ((k >= 2155419) AND (k <= 2155519))
	  ->  Bitmap Index Scan on k_7  (cost=0.00..5.43 rows=100 width=0)
	        Index Cond: ((k >= 2155419) AND (k <= 2155519))

table 8 : explain SELECT k, c FROM sbtest8 WHERE k BETWEEN 2155419 AND 2155519
	Bitmap Heap Scan on sbtest8  (cost=5.42..385.43 rows=96 width=125)
	  Recheck Cond: ((k >= 2155419) AND (k <= 2155519))
	  ->  Bitmap Index Scan on k_8  (cost=0.00..5.39 rows=96 width=0)
	        Index Cond: ((k >= 2155419) AND (k <= 2155519))

explain: for range-notcovered :: explain SELECT k, c FROM sbtest%d WHERE k BETWEEN 2155419 AND 2155519
for range-notcovered
table 1 : explain SELECT k, c FROM sbtest1 WHERE k BETWEEN 8420771 AND 8420871
	Bitmap Heap Scan on sbtest1  (cost=5.46..401.19 rows=100 width=125)
	  Recheck Cond: ((k >= 8420771) AND (k <= 8420871))
	  ->  Bitmap Index Scan on k_1  (cost=0.00..5.43 rows=100 width=0)
	        Index Cond: ((k >= 8420771) AND (k <= 8420871))

table 2 : explain SELECT k, c FROM sbtest2 WHERE k BETWEEN 8420771 AND 8420871
	Bitmap Heap Scan on sbtest2  (cost=5.49..413.00 rows=103 width=125)
	  Recheck Cond: ((k >= 8420771) AND (k <= 8420871))
	  ->  Bitmap Index Scan on k_2  (cost=0.00..5.46 rows=103 width=0)
	        Index Cond: ((k >= 8420771) AND (k <= 8420871))

table 3 : explain SELECT k, c FROM sbtest3 WHERE k BETWEEN 8420771 AND 8420871
	Bitmap Heap Scan on sbtest3  (cost=5.55..436.62 rows=109 width=125)
	  Recheck Cond: ((k >= 8420771) AND (k <= 8420871))
	  ->  Bitmap Index Scan on k_3  (cost=0.00..5.52 rows=109 width=0)
	        Index Cond: ((k >= 8420771) AND (k <= 8420871))

table 4 : explain SELECT k, c FROM sbtest4 WHERE k BETWEEN 8420771 AND 8420871
	Bitmap Heap Scan on sbtest4  (cost=5.47..405.13 rows=101 width=125)
	  Recheck Cond: ((k >= 8420771) AND (k <= 8420871))
	  ->  Bitmap Index Scan on k_4  (cost=0.00..5.44 rows=101 width=0)
	        Index Cond: ((k >= 8420771) AND (k <= 8420871))

table 5 : explain SELECT k, c FROM sbtest5 WHERE k BETWEEN 8420771 AND 8420871
	Bitmap Heap Scan on sbtest5  (cost=5.44..393.31 rows=98 width=125)
	  Recheck Cond: ((k >= 8420771) AND (k <= 8420871))
	  ->  Bitmap Index Scan on k_5  (cost=0.00..5.42 rows=98 width=0)
	        Index Cond: ((k >= 8420771) AND (k <= 8420871))

table 6 : explain SELECT k, c FROM sbtest6 WHERE k BETWEEN 8420771 AND 8420871
	Bitmap Heap Scan on sbtest6  (cost=5.43..389.37 rows=97 width=125)
	  Recheck Cond: ((k >= 8420771) AND (k <= 8420871))
	  ->  Bitmap Index Scan on k_6  (cost=0.00..5.40 rows=97 width=0)
	        Index Cond: ((k >= 8420771) AND (k <= 8420871))

table 7 : explain SELECT k, c FROM sbtest7 WHERE k BETWEEN 8420771 AND 8420871
	Bitmap Heap Scan on sbtest7  (cost=5.49..413.00 rows=103 width=125)
	  Recheck Cond: ((k >= 8420771) AND (k <= 8420871))
	  ->  Bitmap Index Scan on k_7  (cost=0.00..5.46 rows=103 width=0)
	        Index Cond: ((k >= 8420771) AND (k <= 8420871))

table 8 : explain SELECT k, c FROM sbtest8 WHERE k BETWEEN 8420771 AND 8420871
	Bitmap Heap Scan on sbtest8  (cost=5.41..381.49 rows=95 width=125)
	  Recheck Cond: ((k >= 8420771) AND (k <= 8420871))
	  ->  Bitmap Index Scan on k_8  (cost=0.00..5.38 rows=95 width=0)
	        Index Cond: ((k >= 8420771) AND (k <= 8420871))

for range-notcovered
table 1 : explain SELECT k, c FROM sbtest1 WHERE k BETWEEN 3921648 AND 3921748
	Bitmap Heap Scan on sbtest1  (cost=5.54..432.69 rows=108 width=125)
	  Recheck Cond: ((k >= 3921648) AND (k <= 3921748))
	  ->  Bitmap Index Scan on k_1  (cost=0.00..5.51 rows=108 width=0)
	        Index Cond: ((k >= 3921648) AND (k <= 3921748))

table 2 : explain SELECT k, c FROM sbtest2 WHERE k BETWEEN 3921648 AND 3921748
	Bitmap Heap Scan on sbtest2  (cost=5.52..424.81 rows=106 width=125)
	  Recheck Cond: ((k >= 3921648) AND (k <= 3921748))
	  ->  Bitmap Index Scan on k_2  (cost=0.00..5.50 rows=106 width=0)
	        Index Cond: ((k >= 3921648) AND (k <= 3921748))

table 3 : explain SELECT k, c FROM sbtest3 WHERE k BETWEEN 3921648 AND 3921748
	Bitmap Heap Scan on sbtest3  (cost=5.54..432.69 rows=108 width=125)
	  Recheck Cond: ((k >= 3921648) AND (k <= 3921748))
	  ->  Bitmap Index Scan on k_3  (cost=0.00..5.51 rows=108 width=0)
	        Index Cond: ((k >= 3921648) AND (k <= 3921748))

table 4 : explain SELECT k, c FROM sbtest4 WHERE k BETWEEN 3921648 AND 3921748
	Bitmap Heap Scan on sbtest4  (cost=5.48..409.07 rows=102 width=125)
	  Recheck Cond: ((k >= 3921648) AND (k <= 3921748))
	  ->  Bitmap Index Scan on k_4  (cost=0.00..5.45 rows=102 width=0)
	        Index Cond: ((k >= 3921648) AND (k <= 3921748))

table 5 : explain SELECT k, c FROM sbtest5 WHERE k BETWEEN 3921648 AND 3921748
	Bitmap Heap Scan on sbtest5  (cost=5.50..416.94 rows=104 width=125)
	  Recheck Cond: ((k >= 3921648) AND (k <= 3921748))
	  ->  Bitmap Index Scan on k_5  (cost=0.00..5.47 rows=104 width=0)
	        Index Cond: ((k >= 3921648) AND (k <= 3921748))

table 6 : explain SELECT k, c FROM sbtest6 WHERE k BETWEEN 3921648 AND 3921748
	Bitmap Heap Scan on sbtest6  (cost=5.53..428.75 rows=107 width=125)
	  Recheck Cond: ((k >= 3921648) AND (k <= 3921748))
	  ->  Bitmap Index Scan on k_6  (cost=0.00..5.50 rows=107 width=0)
	        Index Cond: ((k >= 3921648) AND (k <= 3921748))

table 7 : explain SELECT k, c FROM sbtest7 WHERE k BETWEEN 3921648 AND 3921748
	Bitmap Heap Scan on sbtest7  (cost=5.54..432.69 rows=108 width=125)
	  Recheck Cond: ((k >= 3921648) AND (k <= 3921748))
	  ->  Bitmap Index Scan on k_7  (cost=0.00..5.51 rows=108 width=0)
	        Index Cond: ((k >= 3921648) AND (k <= 3921748))

table 8 : explain SELECT k, c FROM sbtest8 WHERE k BETWEEN 3921648 AND 3921748
	Bitmap Heap Scan on sbtest8  (cost=5.48..409.07 rows=102 width=125)
	  Recheck Cond: ((k >= 3921648) AND (k <= 3921748))
	  ->  Bitmap Index Scan on k_8  (cost=0.00..5.45 rows=102 width=0)
	        Index Cond: ((k >= 3921648) AND (k <= 3921748))

explain: for range-notcovered :: explain SELECT k, c FROM sbtest%d WHERE k BETWEEN 8420771 AND 8420871
explain: for range-notcovered :: explain SELECT k, c FROM sbtest%d WHERE k BETWEEN 3921648 AND 3921748
explain: for range-notcovered :: explain SELECT k, c FROM sbtest%d WHERE k BETWEEN 8593269 AND 8593369
for range-notcovered
table 1 : explain SELECT k, c FROM sbtest1 WHERE k BETWEEN 1687821 AND 1687921
	Bitmap Heap Scan on sbtest1  (cost=5.46..401.19 rows=100 width=125)
	  Recheck Cond: ((k >= 1687821) AND (k <= 1687921))
	  ->  Bitmap Index Scan on k_1  (cost=0.00..5.43 rows=100 width=0)
	        Index Cond: ((k >= 1687821) AND (k <= 1687921))

table 2 : explain SELECT k, c FROM sbtest2 WHERE k BETWEEN 1687821 AND 1687921
	Bitmap Heap Scan on sbtest2  (cost=5.43..389.37 rows=97 width=125)
	  Recheck Cond: ((k >= 1687821) AND (k <= 1687921))
	  ->  Bitmap Index Scan on k_2  (cost=0.00..5.40 rows=97 width=0)
	        Index Cond: ((k >= 1687821) AND (k <= 1687921))

table 3 : explain SELECT k, c FROM sbtest3 WHERE k BETWEEN 1687821 AND 1687921
	Bitmap Heap Scan on sbtest3  (cost=5.52..424.81 rows=106 width=125)
	  Recheck Cond: ((k >= 1687821) AND (k <= 1687921))
	  ->  Bitmap Index Scan on k_3  (cost=0.00..5.50 rows=106 width=0)
	        Index Cond: ((k >= 1687821) AND (k <= 1687921))

table 4 : explain SELECT k, c FROM sbtest4 WHERE k BETWEEN 1687821 AND 1687921
	Bitmap Heap Scan on sbtest4  (cost=5.44..393.31 rows=98 width=125)
	  Recheck Cond: ((k >= 1687821) AND (k <= 1687921))
	  ->  Bitmap Index Scan on k_4  (cost=0.00..5.42 rows=98 width=0)
	        Index Cond: ((k >= 1687821) AND (k <= 1687921))

table 5 : explain SELECT k, c FROM sbtest5 WHERE k BETWEEN 1687821 AND 1687921
	Bitmap Heap Scan on sbtest5  (cost=5.49..413.00 rows=103 width=125)
	  Recheck Cond: ((k >= 1687821) AND (k <= 1687921))
	  ->  Bitmap Index Scan on k_5  (cost=0.00..5.46 rows=103 width=0)
	        Index Cond: ((k >= 1687821) AND (k <= 1687921))

table 6 : explain SELECT k, c FROM sbtest6 WHERE k BETWEEN 1687821 AND 1687921
	Bitmap Heap Scan on sbtest6  (cost=5.56..440.56 rows=110 width=125)
	  Recheck Cond: ((k >= 1687821) AND (k <= 1687921))
	  ->  Bitmap Index Scan on k_6  (cost=0.00..5.53 rows=110 width=0)
	        Index Cond: ((k >= 1687821) AND (k <= 1687921))

table 7 : explain SELECT k, c FROM sbtest7 WHERE k BETWEEN 1687821 AND 1687921
	Bitmap Heap Scan on sbtest7  (cost=5.44..393.31 rows=98 width=125)
	  Recheck Cond: ((k >= 1687821) AND (k <= 1687921))
	  ->  Bitmap Index Scan on k_7  (cost=0.00..5.42 rows=98 width=0)
	        Index Cond: ((k >= 1687821) AND (k <= 1687921))

table 8 : explain SELECT k, c FROM sbtest8 WHERE k BETWEEN 1687821 AND 1687921
	Bitmap Heap Scan on sbtest8  (cost=5.44..393.31 rows=98 width=125)
	  Recheck Cond: ((k >= 1687821) AND (k <= 1687921))
	  ->  Bitmap Index Scan on k_8  (cost=0.00..5.42 rows=98 width=0)
	        Index Cond: ((k >= 1687821) AND (k <= 1687921))

explain: for range-notcovered :: explain SELECT k, c FROM sbtest%d WHERE k BETWEEN 1687821 AND 1687921
for range-notcovered
table 1 : explain SELECT k, c FROM sbtest1 WHERE k BETWEEN 5154252 AND 5154352
	Bitmap Heap Scan on sbtest1  (cost=5.37..365.72 rows=91 width=125)
	  Recheck Cond: ((k >= 5154252) AND (k <= 5154352))
	  ->  Bitmap Index Scan on k_1  (cost=0.00..5.34 rows=91 width=0)
	        Index Cond: ((k >= 5154252) AND (k <= 5154352))

table 2 : explain SELECT k, c FROM sbtest2 WHERE k BETWEEN 5154252 AND 5154352
	Bitmap Heap Scan on sbtest2  (cost=5.51..420.88 rows=105 width=125)
	  Recheck Cond: ((k >= 5154252) AND (k <= 5154352))
	  ->  Bitmap Index Scan on k_2  (cost=0.00..5.48 rows=105 width=0)
	        Index Cond: ((k >= 5154252) AND (k <= 5154352))

table 3 : explain SELECT k, c FROM sbtest3 WHERE k BETWEEN 5154252 AND 5154352
	Bitmap Heap Scan on sbtest3  (cost=5.55..436.62 rows=109 width=125)
	  Recheck Cond: ((k >= 5154252) AND (k <= 5154352))
	  ->  Bitmap Index Scan on k_3  (cost=0.00..5.52 rows=109 width=0)
	        Index Cond: ((k >= 5154252) AND (k <= 5154352))

table 4 : explain SELECT k, c FROM sbtest4 WHERE k BETWEEN 5154252 AND 5154352
	Bitmap Heap Scan on sbtest4  (cost=5.46..401.19 rows=100 width=125)
	  Recheck Cond: ((k >= 5154252) AND (k <= 5154352))
	  ->  Bitmap Index Scan on k_4  (cost=0.00..5.43 rows=100 width=0)
	        Index Cond: ((k >= 5154252) AND (k <= 5154352))

table 5 : explain SELECT k, c FROM sbtest5 WHERE k BETWEEN 5154252 AND 5154352
	Bitmap Heap Scan on sbtest5  (cost=5.56..440.56 rows=110 width=125)
	  Recheck Cond: ((k >= 5154252) AND (k <= 5154352))
	  ->  Bitmap Index Scan on k_5  (cost=0.00..5.53 rows=110 width=0)
	        Index Cond: ((k >= 5154252) AND (k <= 5154352))

table 6 : explain SELECT k, c FROM sbtest6 WHERE k BETWEEN 5154252 AND 5154352
	Bitmap Heap Scan on sbtest6  (cost=5.58..448.42 rows=112 width=125)
	  Recheck Cond: ((k >= 5154252) AND (k <= 5154352))
	  ->  Bitmap Index Scan on k_6  (cost=0.00..5.55 rows=112 width=0)
	        Index Cond: ((k >= 5154252) AND (k <= 5154352))

table 7 : explain SELECT k, c FROM sbtest7 WHERE k BETWEEN 5154252 AND 5154352
	Bitmap Heap Scan on sbtest7  (cost=5.52..424.81 rows=106 width=125)
	  Recheck Cond: ((k >= 5154252) AND (k <= 5154352))
	  ->  Bitmap Index Scan on k_7  (cost=0.00..5.50 rows=106 width=0)
	        Index Cond: ((k >= 5154252) AND (k <= 5154352))

table 8 : explain SELECT k, c FROM sbtest8 WHERE k BETWEEN 5154252 AND 5154352
	Bitmap Heap Scan on sbtest8  (cost=5.48..409.07 rows=102 width=125)
	  Recheck Cond: ((k >= 5154252) AND (k <= 5154352))
	  ->  Bitmap Index Scan on k_8  (cost=0.00..5.45 rows=102 width=0)
	        Index Cond: ((k >= 5154252) AND (k <= 5154352))

for range-notcovered
table 1 : explain SELECT k, c FROM sbtest1 WHERE k BETWEEN 1365224 AND 1365324
	Bitmap Heap Scan on sbtest1  (cost=5.51..420.88 rows=105 width=125)
	  Recheck Cond: ((k >= 1365224) AND (k <= 1365324))
	  ->  Bitmap Index Scan on k_1  (cost=0.00..5.48 rows=105 width=0)
	        Index Cond: ((k >= 1365224) AND (k <= 1365324))

table 2 : explain SELECT k, c FROM sbtest2 WHERE k BETWEEN 1365224 AND 1365324
	Bitmap Heap Scan on sbtest2  (cost=5.55..436.62 rows=109 width=125)
	  Recheck Cond: ((k >= 1365224) AND (k <= 1365324))
	  ->  Bitmap Index Scan on k_2  (cost=0.00..5.52 rows=109 width=0)
	        Index Cond: ((k >= 1365224) AND (k <= 1365324))

table 3 : explain SELECT k, c FROM sbtest3 WHERE k BETWEEN 1365224 AND 1365324
	Bitmap Heap Scan on sbtest3  (cost=5.46..401.19 rows=100 width=125)
	  Recheck Cond: ((k >= 1365224) AND (k <= 1365324))
	  ->  Bitmap Index Scan on k_3  (cost=0.00..5.43 rows=100 width=0)
	        Index Cond: ((k >= 1365224) AND (k <= 1365324))

table 4 : explain SELECT k, c FROM sbtest4 WHERE k BETWEEN 1365224 AND 1365324
	Bitmap Heap Scan on sbtest4  (cost=5.42..385.43 rows=96 width=125)
	  Recheck Cond: ((k >= 1365224) AND (k <= 1365324))
	  ->  Bitmap Index Scan on k_4  (cost=0.00..5.39 rows=96 width=0)
	        Index Cond: ((k >= 1365224) AND (k <= 1365324))

table 5 : explain SELECT k, c FROM sbtest5 WHERE k BETWEEN 1365224 AND 1365324
	Bitmap Heap Scan on sbtest5  (cost=5.50..416.94 rows=104 width=125)
	  Recheck Cond: ((k >= 1365224) AND (k <= 1365324))
	  ->  Bitmap Index Scan on k_5  (cost=0.00..5.47 rows=104 width=0)
	        Index Cond: ((k >= 1365224) AND (k <= 1365324))

table 6 : explain SELECT k, c FROM sbtest6 WHERE k BETWEEN 1365224 AND 1365324
	Bitmap Heap Scan on sbtest6  (cost=5.45..397.25 rows=99 width=125)
	  Recheck Cond: ((k >= 1365224) AND (k <= 1365324))
	  ->  Bitmap Index Scan on k_6  (cost=0.00..5.42 rows=99 width=0)
	        Index Cond: ((k >= 1365224) AND (k <= 1365324))

table 7 : explain SELECT k, c FROM sbtest7 WHERE k BETWEEN 1365224 AND 1365324
	Bitmap Heap Scan on sbtest7  (cost=5.49..413.00 rows=103 width=125)
	  Recheck Cond: ((k >= 1365224) AND (k <= 1365324))
	  ->  Bitmap Index Scan on k_7  (cost=0.00..5.46 rows=103 width=0)
	        Index Cond: ((k >= 1365224) AND (k <= 1365324))

table 8 : explain SELECT k, c FROM sbtest8 WHERE k BETWEEN 1365224 AND 1365324
	Bitmap Heap Scan on sbtest8  (cost=5.52..424.81 rows=106 width=125)
	  Recheck Cond: ((k >= 1365224) AND (k <= 1365324))
	  ->  Bitmap Index Scan on k_8  (cost=0.00..5.50 rows=106 width=0)
	        Index Cond: ((k >= 1365224) AND (k <= 1365324))

explain: for range-notcovered :: explain SELECT k, c FROM sbtest%d WHERE k BETWEEN 1365224 AND 1365324
explain: for range-notcovered :: explain SELECT k, c FROM sbtest%d WHERE k BETWEEN 5154252 AND 5154352
for range-notcovered
table 1 : explain SELECT k, c FROM sbtest1 WHERE k BETWEEN 2155419 AND 2155519
	Bitmap Heap Scan on sbtest1  (cost=5.51..420.88 rows=105 width=125)
	  Recheck Cond: ((k >= 2155419) AND (k <= 2155519))
	  ->  Bitmap Index Scan on k_1  (cost=0.00..5.48 rows=105 width=0)
	        Index Cond: ((k >= 2155419) AND (k <= 2155519))

table 2 : explain SELECT k, c FROM sbtest2 WHERE k BETWEEN 2155419 AND 2155519
	Bitmap Heap Scan on sbtest2  (cost=5.46..401.19 rows=100 width=125)
	  Recheck Cond: ((k >= 2155419) AND (k <= 2155519))
	  ->  Bitmap Index Scan on k_2  (cost=0.00..5.43 rows=100 width=0)
	        Index Cond: ((k >= 2155419) AND (k <= 2155519))

table 3 : explain SELECT k, c FROM sbtest3 WHERE k BETWEEN 2155419 AND 2155519
	Bitmap Heap Scan on sbtest3  (cost=5.56..440.56 rows=110 width=125)
	  Recheck Cond: ((k >= 2155419) AND (k <= 2155519))
	  ->  Bitmap Index Scan on k_3  (cost=0.00..5.53 rows=110 width=0)
	        Index Cond: ((k >= 2155419) AND (k <= 2155519))

table 4 : explain SELECT k, c FROM sbtest4 WHERE k BETWEEN 2155419 AND 2155519
	Bitmap Heap Scan on sbtest4  (cost=5.45..397.25 rows=99 width=125)
	  Recheck Cond: ((k >= 2155419) AND (k <= 2155519))
	  ->  Bitmap Index Scan on k_4  (cost=0.00..5.42 rows=99 width=0)
	        Index Cond: ((k >= 2155419) AND (k <= 2155519))

table 5 : explain SELECT k, c FROM sbtest5 WHERE k BETWEEN 2155419 AND 2155519
	Bitmap Heap Scan on sbtest5  (cost=5.50..416.94 rows=104 width=125)
	  Recheck Cond: ((k >= 2155419) AND (k <= 2155519))
	  ->  Bitmap Index Scan on k_5  (cost=0.00..5.47 rows=104 width=0)
	        Index Cond: ((k >= 2155419) AND (k <= 2155519))

table 6 : explain SELECT k, c FROM sbtest6 WHERE k BETWEEN 2155419 AND 2155519
	Bitmap Heap Scan on sbtest6  (cost=5.42..385.43 rows=96 width=125)
	  Recheck Cond: ((k >= 2155419) AND (k <= 2155519))
	  ->  Bitmap Index Scan on k_6  (cost=0.00..5.39 rows=96 width=0)
	        Index Cond: ((k >= 2155419) AND (k <= 2155519))

table 7 : explain SELECT k, c FROM sbtest7 WHERE k BETWEEN 2155419 AND 2155519
	Bitmap Heap Scan on sbtest7  (cost=5.46..401.19 rows=100 width=125)
	  Recheck Cond: ((k >= 2155419) AND (k <= 2155519))
	  ->  Bitmap Index Scan on k_7  (cost=0.00..5.43 rows=100 width=0)
	        Index Cond: ((k >= 2155419) AND (k <= 2155519))

table 8 : explain SELECT k, c FROM sbtest8 WHERE k BETWEEN 2155419 AND 2155519
	Bitmap Heap Scan on sbtest8  (cost=5.42..385.43 rows=96 width=125)
	  Recheck Cond: ((k >= 2155419) AND (k <= 2155519))
	  ->  Bitmap Index Scan on k_8  (cost=0.00..5.39 rows=96 width=0)
	        Index Cond: ((k >= 2155419) AND (k <= 2155519))

for range-notcovered
table 1 : explain SELECT k, c FROM sbtest1 WHERE k BETWEEN 2653773 AND 2653873
	Bitmap Heap Scan on sbtest1  (cost=5.52..424.81 rows=106 width=125)
	  Recheck Cond: ((k >= 2653773) AND (k <= 2653873))
	  ->  Bitmap Index Scan on k_1  (cost=0.00..5.50 rows=106 width=0)
	        Index Cond: ((k >= 2653773) AND (k <= 2653873))

table 2 : explain SELECT k, c FROM sbtest2 WHERE k BETWEEN 2653773 AND 2653873
	Bitmap Heap Scan on sbtest2  (cost=5.36..361.78 rows=90 width=125)
	  Recheck Cond: ((k >= 2653773) AND (k <= 2653873))
	  ->  Bitmap Index Scan on k_2  (cost=0.00..5.33 rows=90 width=0)
	        Index Cond: ((k >= 2653773) AND (k <= 2653873))

table 3 : explain SELECT k, c FROM sbtest3 WHERE k BETWEEN 2653773 AND 2653873
	Bitmap Heap Scan on sbtest3  (cost=5.54..432.69 rows=108 width=125)
	  Recheck Cond: ((k >= 2653773) AND (k <= 2653873))
	  ->  Bitmap Index Scan on k_3  (cost=0.00..5.51 rows=108 width=0)
	        Index Cond: ((k >= 2653773) AND (k <= 2653873))

table 4 : explain SELECT k, c FROM sbtest4 WHERE k BETWEEN 2653773 AND 2653873
	Bitmap Heap Scan on sbtest4  (cost=5.58..448.42 rows=112 width=125)
	  Recheck Cond: ((k >= 2653773) AND (k <= 2653873))
	  ->  Bitmap Index Scan on k_4  (cost=0.00..5.55 rows=112 width=0)
	        Index Cond: ((k >= 2653773) AND (k <= 2653873))

table 5 : explain SELECT k, c FROM sbtest5 WHERE k BETWEEN 2653773 AND 2653873
	Bitmap Heap Scan on sbtest5  (cost=5.41..381.49 rows=95 width=125)
	  Recheck Cond: ((k >= 2653773) AND (k <= 2653873))
	  ->  Bitmap Index Scan on k_5  (cost=0.00..5.38 rows=95 width=0)
	        Index Cond: ((k >= 2653773) AND (k <= 2653873))

table 6 : explain SELECT k, c FROM sbtest6 WHERE k BETWEEN 2653773 AND 2653873
	Bitmap Heap Scan on sbtest6  (cost=5.55..436.62 rows=109 width=125)
	  Recheck Cond: ((k >= 2653773) AND (k <= 2653873))
	  ->  Bitmap Index Scan on k_6  (cost=0.00..5.52 rows=109 width=0)
	        Index Cond: ((k >= 2653773) AND (k <= 2653873))

table 7 : explain SELECT k, c FROM sbtest7 WHERE k BETWEEN 2653773 AND 2653873
	Bitmap Heap Scan on sbtest7  (cost=5.61..460.22 rows=115 width=125)
	  Recheck Cond: ((k >= 2653773) AND (k <= 2653873))
	  ->  Bitmap Index Scan on k_7  (cost=0.00..5.58 rows=115 width=0)
	        Index Cond: ((k >= 2653773) AND (k <= 2653873))

table 8 : explain SELECT k, c FROM sbtest8 WHERE k BETWEEN 2653773 AND 2653873
	Bitmap Heap Scan on sbtest8  (cost=5.56..440.56 rows=110 width=125)
	  Recheck Cond: ((k >= 2653773) AND (k <= 2653873))
	  ->  Bitmap Index Scan on k_8  (cost=0.00..5.53 rows=110 width=0)
	        Index Cond: ((k >= 2653773) AND (k <= 2653873))

explain: for range-notcovered :: explain SELECT k, c FROM sbtest%d WHERE k BETWEEN 2155419 AND 2155519
for range-notcovered
table 1 : explain SELECT k, c FROM sbtest1 WHERE k BETWEEN 8420771 AND 8420871
	Bitmap Heap Scan on sbtest1  (cost=5.46..401.19 rows=100 width=125)
	  Recheck Cond: ((k >= 8420771) AND (k <= 8420871))
	  ->  Bitmap Index Scan on k_1  (cost=0.00..5.43 rows=100 width=0)
	        Index Cond: ((k >= 8420771) AND (k <= 8420871))

table 2 : explain SELECT k, c FROM sbtest2 WHERE k BETWEEN 8420771 AND 8420871
	Bitmap Heap Scan on sbtest2  (cost=5.49..413.00 rows=103 width=125)
	  Recheck Cond: ((k >= 8420771) AND (k <= 8420871))
	  ->  Bitmap Index Scan on k_2  (cost=0.00..5.46 rows=103 width=0)
	        Index Cond: ((k >= 8420771) AND (k <= 8420871))

table 3 : explain SELECT k, c FROM sbtest3 WHERE k BETWEEN 8420771 AND 8420871
	Bitmap Heap Scan on sbtest3  (cost=5.55..436.62 rows=109 width=125)
	  Recheck Cond: ((k >= 8420771) AND (k <= 8420871))
	  ->  Bitmap Index Scan on k_3  (cost=0.00..5.52 rows=109 width=0)
	        Index Cond: ((k >= 8420771) AND (k <= 8420871))

table 4 : explain SELECT k, c FROM sbtest4 WHERE k BETWEEN 8420771 AND 8420871
	Bitmap Heap Scan on sbtest4  (cost=5.47..405.13 rows=101 width=125)
	  Recheck Cond: ((k >= 8420771) AND (k <= 8420871))
	  ->  Bitmap Index Scan on k_4  (cost=0.00..5.44 rows=101 width=0)
	        Index Cond: ((k >= 8420771) AND (k <= 8420871))

table 5 : explain SELECT k, c FROM sbtest5 WHERE k BETWEEN 8420771 AND 8420871
	Bitmap Heap Scan on sbtest5  (cost=5.44..393.31 rows=98 width=125)
	  Recheck Cond: ((k >= 8420771) AND (k <= 8420871))
	  ->  Bitmap Index Scan on k_5  (cost=0.00..5.42 rows=98 width=0)
	        Index Cond: ((k >= 8420771) AND (k <= 8420871))

table 6 : explain SELECT k, c FROM sbtest6 WHERE k BETWEEN 8420771 AND 8420871
	Bitmap Heap Scan on sbtest6  (cost=5.43..389.37 rows=97 width=125)
	  Recheck Cond: ((k >= 8420771) AND (k <= 8420871))
	  ->  Bitmap Index Scan on k_6  (cost=0.00..5.40 rows=97 width=0)
	        Index Cond: ((k >= 8420771) AND (k <= 8420871))

table 7 : explain SELECT k, c FROM sbtest7 WHERE k BETWEEN 8420771 AND 8420871
	Bitmap Heap Scan on sbtest7  (cost=5.49..413.00 rows=103 width=125)
	  Recheck Cond: ((k >= 8420771) AND (k <= 8420871))
	  ->  Bitmap Index Scan on k_7  (cost=0.00..5.46 rows=103 width=0)
	        Index Cond: ((k >= 8420771) AND (k <= 8420871))

table 8 : explain SELECT k, c FROM sbtest8 WHERE k BETWEEN 8420771 AND 8420871
	Bitmap Heap Scan on sbtest8  (cost=5.41..381.49 rows=95 width=125)
	  Recheck Cond: ((k >= 8420771) AND (k <= 8420871))
	  ->  Bitmap Index Scan on k_8  (cost=0.00..5.38 rows=95 width=0)
	        Index Cond: ((k >= 8420771) AND (k <= 8420871))

for range-notcovered
table 1 : explain SELECT k, c FROM sbtest1 WHERE k BETWEEN 3921648 AND 3921748
	Bitmap Heap Scan on sbtest1  (cost=5.54..432.69 rows=108 width=125)
	  Recheck Cond: ((k >= 3921648) AND (k <= 3921748))
	  ->  Bitmap Index Scan on k_1  (cost=0.00..5.51 rows=108 width=0)
	        Index Cond: ((k >= 3921648) AND (k <= 3921748))

table 2 : explain SELECT k, c FROM sbtest2 WHERE k BETWEEN 3921648 AND 3921748
	Bitmap Heap Scan on sbtest2  (cost=5.52..424.81 rows=106 width=125)
	  Recheck Cond: ((k >= 3921648) AND (k <= 3921748))
	  ->  Bitmap Index Scan on k_2  (cost=0.00..5.50 rows=106 width=0)
	        Index Cond: ((k >= 3921648) AND (k <= 3921748))

table 3 : explain SELECT k, c FROM sbtest3 WHERE k BETWEEN 3921648 AND 3921748
	Bitmap Heap Scan on sbtest3  (cost=5.54..432.69 rows=108 width=125)
	  Recheck Cond: ((k >= 3921648) AND (k <= 3921748))
	  ->  Bitmap Index Scan on k_3  (cost=0.00..5.51 rows=108 width=0)
	        Index Cond: ((k >= 3921648) AND (k <= 3921748))

table 4 : explain SELECT k, c FROM sbtest4 WHERE k BETWEEN 3921648 AND 3921748
	Bitmap Heap Scan on sbtest4  (cost=5.48..409.07 rows=102 width=125)
	  Recheck Cond: ((k >= 3921648) AND (k <= 3921748))
	  ->  Bitmap Index Scan on k_4  (cost=0.00..5.45 rows=102 width=0)
	        Index Cond: ((k >= 3921648) AND (k <= 3921748))

table 5 : explain SELECT k, c FROM sbtest5 WHERE k BETWEEN 3921648 AND 3921748
	Bitmap Heap Scan on sbtest5  (cost=5.50..416.94 rows=104 width=125)
	  Recheck Cond: ((k >= 3921648) AND (k <= 3921748))
	  ->  Bitmap Index Scan on k_5  (cost=0.00..5.47 rows=104 width=0)
	        Index Cond: ((k >= 3921648) AND (k <= 3921748))

table 6 : explain SELECT k, c FROM sbtest6 WHERE k BETWEEN 3921648 AND 3921748
	Bitmap Heap Scan on sbtest6  (cost=5.53..428.75 rows=107 width=125)
	  Recheck Cond: ((k >= 3921648) AND (k <= 3921748))
	  ->  Bitmap Index Scan on k_6  (cost=0.00..5.50 rows=107 width=0)
	        Index Cond: ((k >= 3921648) AND (k <= 3921748))

table 7 : explain SELECT k, c FROM sbtest7 WHERE k BETWEEN 3921648 AND 3921748
	Bitmap Heap Scan on sbtest7  (cost=5.54..432.69 rows=108 width=125)
	  Recheck Cond: ((k >= 3921648) AND (k <= 3921748))
	  ->  Bitmap Index Scan on k_7  (cost=0.00..5.51 rows=108 width=0)
	        Index Cond: ((k >= 3921648) AND (k <= 3921748))

table 8 : explain SELECT k, c FROM sbtest8 WHERE k BETWEEN 3921648 AND 3921748
	Bitmap Heap Scan on sbtest8  (cost=5.48..409.07 rows=102 width=125)
	  Recheck Cond: ((k >= 3921648) AND (k <= 3921748))
	  ->  Bitmap Index Scan on k_8  (cost=0.00..5.45 rows=102 width=0)
	        Index Cond: ((k >= 3921648) AND (k <= 3921748))

explain: for range-notcovered :: explain SELECT k, c FROM sbtest%d WHERE k BETWEEN 2653773 AND 2653873
explain: for range-notcovered :: explain SELECT k, c FROM sbtest%d WHERE k BETWEEN 8420771 AND 8420871
for range-notcovered
table 1 : explain SELECT k, c FROM sbtest1 WHERE k BETWEEN 1687821 AND 1687921
	Bitmap Heap Scan on sbtest1  (cost=5.46..401.19 rows=100 width=125)
	  Recheck Cond: ((k >= 1687821) AND (k <= 1687921))
	  ->  Bitmap Index Scan on k_1  (cost=0.00..5.43 rows=100 width=0)
	        Index Cond: ((k >= 1687821) AND (k <= 1687921))

table 2 : explain SELECT k, c FROM sbtest2 WHERE k BETWEEN 1687821 AND 1687921
	Bitmap Heap Scan on sbtest2  (cost=5.43..389.37 rows=97 width=125)
	  Recheck Cond: ((k >= 1687821) AND (k <= 1687921))
	  ->  Bitmap Index Scan on k_2  (cost=0.00..5.40 rows=97 width=0)
	        Index Cond: ((k >= 1687821) AND (k <= 1687921))

table 3 : explain SELECT k, c FROM sbtest3 WHERE k BETWEEN 1687821 AND 1687921
	Bitmap Heap Scan on sbtest3  (cost=5.52..424.81 rows=106 width=125)
	  Recheck Cond: ((k >= 1687821) AND (k <= 1687921))
	  ->  Bitmap Index Scan on k_3  (cost=0.00..5.50 rows=106 width=0)
	        Index Cond: ((k >= 1687821) AND (k <= 1687921))

table 4 : explain SELECT k, c FROM sbtest4 WHERE k BETWEEN 1687821 AND 1687921
	Bitmap Heap Scan on sbtest4  (cost=5.44..393.31 rows=98 width=125)
	  Recheck Cond: ((k >= 1687821) AND (k <= 1687921))
	  ->  Bitmap Index Scan on k_4  (cost=0.00..5.42 rows=98 width=0)
	        Index Cond: ((k >= 1687821) AND (k <= 1687921))

table 5 : explain SELECT k, c FROM sbtest5 WHERE k BETWEEN 1687821 AND 1687921
	Bitmap Heap Scan on sbtest5  (cost=5.49..413.00 rows=103 width=125)
	  Recheck Cond: ((k >= 1687821) AND (k <= 1687921))
	  ->  Bitmap Index Scan on k_5  (cost=0.00..5.46 rows=103 width=0)
	        Index Cond: ((k >= 1687821) AND (k <= 1687921))

table 6 : explain SELECT k, c FROM sbtest6 WHERE k BETWEEN 1687821 AND 1687921
	Bitmap Heap Scan on sbtest6  (cost=5.56..440.56 rows=110 width=125)
	  Recheck Cond: ((k >= 1687821) AND (k <= 1687921))
	  ->  Bitmap Index Scan on k_6  (cost=0.00..5.53 rows=110 width=0)
	        Index Cond: ((k >= 1687821) AND (k <= 1687921))

table 7 : explain SELECT k, c FROM sbtest7 WHERE k BETWEEN 1687821 AND 1687921
	Bitmap Heap Scan on sbtest7  (cost=5.44..393.31 rows=98 width=125)
	  Recheck Cond: ((k >= 1687821) AND (k <= 1687921))
	  ->  Bitmap Index Scan on k_7  (cost=0.00..5.42 rows=98 width=0)
	        Index Cond: ((k >= 1687821) AND (k <= 1687921))

table 8 : explain SELECT k, c FROM sbtest8 WHERE k BETWEEN 1687821 AND 1687921
	Bitmap Heap Scan on sbtest8  (cost=5.44..393.31 rows=98 width=125)
	  Recheck Cond: ((k >= 1687821) AND (k <= 1687921))
	  ->  Bitmap Index Scan on k_8  (cost=0.00..5.42 rows=98 width=0)
	        Index Cond: ((k >= 1687821) AND (k <= 1687921))

explain: for range-notcovered :: explain SELECT k, c FROM sbtest%d WHERE k BETWEEN 1687821 AND 1687921
for range-notcovered
table 1 : explain SELECT k, c FROM sbtest1 WHERE k BETWEEN 1365224 AND 1365324
	Bitmap Heap Scan on sbtest1  (cost=5.51..420.88 rows=105 width=125)
	  Recheck Cond: ((k >= 1365224) AND (k <= 1365324))
	  ->  Bitmap Index Scan on k_1  (cost=0.00..5.48 rows=105 width=0)
	        Index Cond: ((k >= 1365224) AND (k <= 1365324))

table 2 : explain SELECT k, c FROM sbtest2 WHERE k BETWEEN 1365224 AND 1365324
	Bitmap Heap Scan on sbtest2  (cost=5.55..436.62 rows=109 width=125)
	  Recheck Cond: ((k >= 1365224) AND (k <= 1365324))
	  ->  Bitmap Index Scan on k_2  (cost=0.00..5.52 rows=109 width=0)
	        Index Cond: ((k >= 1365224) AND (k <= 1365324))

table 3 : explain SELECT k, c FROM sbtest3 WHERE k BETWEEN 1365224 AND 1365324
	Bitmap Heap Scan on sbtest3  (cost=5.46..401.19 rows=100 width=125)
	  Recheck Cond: ((k >= 1365224) AND (k <= 1365324))
	  ->  Bitmap Index Scan on k_3  (cost=0.00..5.43 rows=100 width=0)
	        Index Cond: ((k >= 1365224) AND (k <= 1365324))

table 4 : explain SELECT k, c FROM sbtest4 WHERE k BETWEEN 1365224 AND 1365324
	Bitmap Heap Scan on sbtest4  (cost=5.42..385.43 rows=96 width=125)
	  Recheck Cond: ((k >= 1365224) AND (k <= 1365324))
	  ->  Bitmap Index Scan on k_4  (cost=0.00..5.39 rows=96 width=0)
	        Index Cond: ((k >= 1365224) AND (k <= 1365324))

table 5 : explain SELECT k, c FROM sbtest5 WHERE k BETWEEN 1365224 AND 1365324
	Bitmap Heap Scan on sbtest5  (cost=5.50..416.94 rows=104 width=125)
	  Recheck Cond: ((k >= 1365224) AND (k <= 1365324))
	  ->  Bitmap Index Scan on k_5  (cost=0.00..5.47 rows=104 width=0)
	        Index Cond: ((k >= 1365224) AND (k <= 1365324))

table 6 : explain SELECT k, c FROM sbtest6 WHERE k BETWEEN 1365224 AND 1365324
	Bitmap Heap Scan on sbtest6  (cost=5.45..397.25 rows=99 width=125)
	  Recheck Cond: ((k >= 1365224) AND (k <= 1365324))
	  ->  Bitmap Index Scan on k_6  (cost=0.00..5.42 rows=99 width=0)
	        Index Cond: ((k >= 1365224) AND (k <= 1365324))

table 7 : explain SELECT k, c FROM sbtest7 WHERE k BETWEEN 1365224 AND 1365324
	Bitmap Heap Scan on sbtest7  (cost=5.49..413.00 rows=103 width=125)
	  Recheck Cond: ((k >= 1365224) AND (k <= 1365324))
	  ->  Bitmap Index Scan on k_7  (cost=0.00..5.46 rows=103 width=0)
	        Index Cond: ((k >= 1365224) AND (k <= 1365324))

table 8 : explain SELECT k, c FROM sbtest8 WHERE k BETWEEN 1365224 AND 1365324
	Bitmap Heap Scan on sbtest8  (cost=5.52..424.81 rows=106 width=125)
	  Recheck Cond: ((k >= 1365224) AND (k <= 1365324))
	  ->  Bitmap Index Scan on k_8  (cost=0.00..5.50 rows=106 width=0)
	        Index Cond: ((k >= 1365224) AND (k <= 1365324))

explain: for range-notcovered :: explain SELECT k, c FROM sbtest%d WHERE k BETWEEN 1365224 AND 1365324
for range-notcovered
table 1 : explain SELECT k, c FROM sbtest1 WHERE k BETWEEN 2155419 AND 2155519
	Bitmap Heap Scan on sbtest1  (cost=5.51..420.88 rows=105 width=125)
	  Recheck Cond: ((k >= 2155419) AND (k <= 2155519))
	  ->  Bitmap Index Scan on k_1  (cost=0.00..5.48 rows=105 width=0)
	        Index Cond: ((k >= 2155419) AND (k <= 2155519))

table 2 : explain SELECT k, c FROM sbtest2 WHERE k BETWEEN 2155419 AND 2155519
	Bitmap Heap Scan on sbtest2  (cost=5.46..401.19 rows=100 width=125)
	  Recheck Cond: ((k >= 2155419) AND (k <= 2155519))
	  ->  Bitmap Index Scan on k_2  (cost=0.00..5.43 rows=100 width=0)
	        Index Cond: ((k >= 2155419) AND (k <= 2155519))

table 3 : explain SELECT k, c FROM sbtest3 WHERE k BETWEEN 2155419 AND 2155519
	Bitmap Heap Scan on sbtest3  (cost=5.56..440.56 rows=110 width=125)
	  Recheck Cond: ((k >= 2155419) AND (k <= 2155519))
	  ->  Bitmap Index Scan on k_3  (cost=0.00..5.53 rows=110 width=0)
	        Index Cond: ((k >= 2155419) AND (k <= 2155519))

table 4 : explain SELECT k, c FROM sbtest4 WHERE k BETWEEN 2155419 AND 2155519
	Bitmap Heap Scan on sbtest4  (cost=5.45..397.25 rows=99 width=125)
	  Recheck Cond: ((k >= 2155419) AND (k <= 2155519))
	  ->  Bitmap Index Scan on k_4  (cost=0.00..5.42 rows=99 width=0)
	        Index Cond: ((k >= 2155419) AND (k <= 2155519))

table 5 : explain SELECT k, c FROM sbtest5 WHERE k BETWEEN 2155419 AND 2155519
	Bitmap Heap Scan on sbtest5  (cost=5.50..416.94 rows=104 width=125)
	  Recheck Cond: ((k >= 2155419) AND (k <= 2155519))
	  ->  Bitmap Index Scan on k_5  (cost=0.00..5.47 rows=104 width=0)
	        Index Cond: ((k >= 2155419) AND (k <= 2155519))

table 6 : explain SELECT k, c FROM sbtest6 WHERE k BETWEEN 2155419 AND 2155519
	Bitmap Heap Scan on sbtest6  (cost=5.42..385.43 rows=96 width=125)
	  Recheck Cond: ((k >= 2155419) AND (k <= 2155519))
	  ->  Bitmap Index Scan on k_6  (cost=0.00..5.39 rows=96 width=0)
	        Index Cond: ((k >= 2155419) AND (k <= 2155519))

table 7 : explain SELECT k, c FROM sbtest7 WHERE k BETWEEN 2155419 AND 2155519
	Bitmap Heap Scan on sbtest7  (cost=5.46..401.19 rows=100 width=125)
	  Recheck Cond: ((k >= 2155419) AND (k <= 2155519))
	  ->  Bitmap Index Scan on k_7  (cost=0.00..5.43 rows=100 width=0)
	        Index Cond: ((k >= 2155419) AND (k <= 2155519))

table 8 : explain SELECT k, c FROM sbtest8 WHERE k BETWEEN 2155419 AND 2155519
	Bitmap Heap Scan on sbtest8  (cost=5.42..385.43 rows=96 width=125)
	  Recheck Cond: ((k >= 2155419) AND (k <= 2155519))
	  ->  Bitmap Index Scan on k_8  (cost=0.00..5.39 rows=96 width=0)
	        Index Cond: ((k >= 2155419) AND (k <= 2155519))

explain: for range-notcovered :: explain SELECT k, c FROM sbtest%d WHERE k BETWEEN 2155419 AND 2155519
for range-notcovered
table 1 : explain SELECT k, c FROM sbtest1 WHERE k BETWEEN 1687821 AND 1687921
	Bitmap Heap Scan on sbtest1  (cost=5.46..401.19 rows=100 width=125)
	  Recheck Cond: ((k >= 1687821) AND (k <= 1687921))
	  ->  Bitmap Index Scan on k_1  (cost=0.00..5.43 rows=100 width=0)
	        Index Cond: ((k >= 1687821) AND (k <= 1687921))

table 2 : explain SELECT k, c FROM sbtest2 WHERE k BETWEEN 1687821 AND 1687921
	Bitmap Heap Scan on sbtest2  (cost=5.43..389.37 rows=97 width=125)
	  Recheck Cond: ((k >= 1687821) AND (k <= 1687921))
	  ->  Bitmap Index Scan on k_2  (cost=0.00..5.40 rows=97 width=0)
	        Index Cond: ((k >= 1687821) AND (k <= 1687921))

table 3 : explain SELECT k, c FROM sbtest3 WHERE k BETWEEN 1687821 AND 1687921
	Bitmap Heap Scan on sbtest3  (cost=5.52..424.81 rows=106 width=125)
	  Recheck Cond: ((k >= 1687821) AND (k <= 1687921))
	  ->  Bitmap Index Scan on k_3  (cost=0.00..5.50 rows=106 width=0)
	        Index Cond: ((k >= 1687821) AND (k <= 1687921))

table 4 : explain SELECT k, c FROM sbtest4 WHERE k BETWEEN 1687821 AND 1687921
	Bitmap Heap Scan on sbtest4  (cost=5.44..393.31 rows=98 width=125)
	  Recheck Cond: ((k >= 1687821) AND (k <= 1687921))
	  ->  Bitmap Index Scan on k_4  (cost=0.00..5.42 rows=98 width=0)
	        Index Cond: ((k >= 1687821) AND (k <= 1687921))

table 5 : explain SELECT k, c FROM sbtest5 WHERE k BETWEEN 1687821 AND 1687921
	Bitmap Heap Scan on sbtest5  (cost=5.49..413.00 rows=103 width=125)
	  Recheck Cond: ((k >= 1687821) AND (k <= 1687921))
	  ->  Bitmap Index Scan on k_5  (cost=0.00..5.46 rows=103 width=0)
	        Index Cond: ((k >= 1687821) AND (k <= 1687921))

table 6 : explain SELECT k, c FROM sbtest6 WHERE k BETWEEN 1687821 AND 1687921
	Bitmap Heap Scan on sbtest6  (cost=5.56..440.56 rows=110 width=125)
	  Recheck Cond: ((k >= 1687821) AND (k <= 1687921))
	  ->  Bitmap Index Scan on k_6  (cost=0.00..5.53 rows=110 width=0)
	        Index Cond: ((k >= 1687821) AND (k <= 1687921))

table 7 : explain SELECT k, c FROM sbtest7 WHERE k BETWEEN 1687821 AND 1687921
	Bitmap Heap Scan on sbtest7  (cost=5.44..393.31 rows=98 width=125)
	  Recheck Cond: ((k >= 1687821) AND (k <= 1687921))
	  ->  Bitmap Index Scan on k_7  (cost=0.00..5.42 rows=98 width=0)
	        Index Cond: ((k >= 1687821) AND (k <= 1687921))

table 8 : explain SELECT k, c FROM sbtest8 WHERE k BETWEEN 1687821 AND 1687921
	Bitmap Heap Scan on sbtest8  (cost=5.44..393.31 rows=98 width=125)
	  Recheck Cond: ((k >= 1687821) AND (k <= 1687921))
	  ->  Bitmap Index Scan on k_8  (cost=0.00..5.42 rows=98 width=0)
	        Index Cond: ((k >= 1687821) AND (k <= 1687921))

for range-notcovered
table 1 : explain SELECT k, c FROM sbtest1 WHERE k BETWEEN 8420771 AND 8420871
	Bitmap Heap Scan on sbtest1  (cost=5.46..401.19 rows=100 width=125)
	  Recheck Cond: ((k >= 8420771) AND (k <= 8420871))
	  ->  Bitmap Index Scan on k_1  (cost=0.00..5.43 rows=100 width=0)
	        Index Cond: ((k >= 8420771) AND (k <= 8420871))

table 2 : explain SELECT k, c FROM sbtest2 WHERE k BETWEEN 8420771 AND 8420871
	Bitmap Heap Scan on sbtest2  (cost=5.49..413.00 rows=103 width=125)
	  Recheck Cond: ((k >= 8420771) AND (k <= 8420871))
	  ->  Bitmap Index Scan on k_2  (cost=0.00..5.46 rows=103 width=0)
	        Index Cond: ((k >= 8420771) AND (k <= 8420871))

table 3 : explain SELECT k, c FROM sbtest3 WHERE k BETWEEN 8420771 AND 8420871
	Bitmap Heap Scan on sbtest3  (cost=5.55..436.62 rows=109 width=125)
	  Recheck Cond: ((k >= 8420771) AND (k <= 8420871))
	  ->  Bitmap Index Scan on k_3  (cost=0.00..5.52 rows=109 width=0)
	        Index Cond: ((k >= 8420771) AND (k <= 8420871))

table 4 : explain SELECT k, c FROM sbtest4 WHERE k BETWEEN 8420771 AND 8420871
	Bitmap Heap Scan on sbtest4  (cost=5.47..405.13 rows=101 width=125)
	  Recheck Cond: ((k >= 8420771) AND (k <= 8420871))
	  ->  Bitmap Index Scan on k_4  (cost=0.00..5.44 rows=101 width=0)
	        Index Cond: ((k >= 8420771) AND (k <= 8420871))

table 5 : explain SELECT k, c FROM sbtest5 WHERE k BETWEEN 8420771 AND 8420871
	Bitmap Heap Scan on sbtest5  (cost=5.44..393.31 rows=98 width=125)
	  Recheck Cond: ((k >= 8420771) AND (k <= 8420871))
	  ->  Bitmap Index Scan on k_5  (cost=0.00..5.42 rows=98 width=0)
	        Index Cond: ((k >= 8420771) AND (k <= 8420871))

table 6 : explain SELECT k, c FROM sbtest6 WHERE k BETWEEN 8420771 AND 8420871
	Bitmap Heap Scan on sbtest6  (cost=5.43..389.37 rows=97 width=125)
	  Recheck Cond: ((k >= 8420771) AND (k <= 8420871))
	  ->  Bitmap Index Scan on k_6  (cost=0.00..5.40 rows=97 width=0)
	        Index Cond: ((k >= 8420771) AND (k <= 8420871))

table 7 : explain SELECT k, c FROM sbtest7 WHERE k BETWEEN 8420771 AND 8420871
	Bitmap Heap Scan on sbtest7  (cost=5.49..413.00 rows=103 width=125)
	  Recheck Cond: ((k >= 8420771) AND (k <= 8420871))
	  ->  Bitmap Index Scan on k_7  (cost=0.00..5.46 rows=103 width=0)
	        Index Cond: ((k >= 8420771) AND (k <= 8420871))

table 8 : explain SELECT k, c FROM sbtest8 WHERE k BETWEEN 8420771 AND 8420871
	Bitmap Heap Scan on sbtest8  (cost=5.41..381.49 rows=95 width=125)
	  Recheck Cond: ((k >= 8420771) AND (k <= 8420871))
	  ->  Bitmap Index Scan on k_8  (cost=0.00..5.38 rows=95 width=0)
	        Index Cond: ((k >= 8420771) AND (k <= 8420871))

for range-notcovered
table 1 : explain SELECT k, c FROM sbtest1 WHERE k BETWEEN 1365224 AND 1365324
	Bitmap Heap Scan on sbtest1  (cost=5.51..420.88 rows=105 width=125)
	  Recheck Cond: ((k >= 1365224) AND (k <= 1365324))
	  ->  Bitmap Index Scan on k_1  (cost=0.00..5.48 rows=105 width=0)
	        Index Cond: ((k >= 1365224) AND (k <= 1365324))

table 2 : explain SELECT k, c FROM sbtest2 WHERE k BETWEEN 1365224 AND 1365324
	Bitmap Heap Scan on sbtest2  (cost=5.55..436.62 rows=109 width=125)
	  Recheck Cond: ((k >= 1365224) AND (k <= 1365324))
	  ->  Bitmap Index Scan on k_2  (cost=0.00..5.52 rows=109 width=0)
	        Index Cond: ((k >= 1365224) AND (k <= 1365324))

table 3 : explain SELECT k, c FROM sbtest3 WHERE k BETWEEN 1365224 AND 1365324
	Bitmap Heap Scan on sbtest3  (cost=5.46..401.19 rows=100 width=125)
	  Recheck Cond: ((k >= 1365224) AND (k <= 1365324))
	  ->  Bitmap Index Scan on k_3  (cost=0.00..5.43 rows=100 width=0)
	        Index Cond: ((k >= 1365224) AND (k <= 1365324))

table 4 : explain SELECT k, c FROM sbtest4 WHERE k BETWEEN 1365224 AND 1365324
	Bitmap Heap Scan on sbtest4  (cost=5.42..385.43 rows=96 width=125)
	  Recheck Cond: ((k >= 1365224) AND (k <= 1365324))
	  ->  Bitmap Index Scan on k_4  (cost=0.00..5.39 rows=96 width=0)
	        Index Cond: ((k >= 1365224) AND (k <= 1365324))

table 5 : explain SELECT k, c FROM sbtest5 WHERE k BETWEEN 1365224 AND 1365324
	Bitmap Heap Scan on sbtest5  (cost=5.50..416.94 rows=104 width=125)
	  Recheck Cond: ((k >= 1365224) AND (k <= 1365324))
	  ->  Bitmap Index Scan on k_5  (cost=0.00..5.47 rows=104 width=0)
	        Index Cond: ((k >= 1365224) AND (k <= 1365324))

table 6 : explain SELECT k, c FROM sbtest6 WHERE k BETWEEN 1365224 AND 1365324
	Bitmap Heap Scan on sbtest6  (cost=5.45..397.25 rows=99 width=125)
	  Recheck Cond: ((k >= 1365224) AND (k <= 1365324))
	  ->  Bitmap Index Scan on k_6  (cost=0.00..5.42 rows=99 width=0)
	        Index Cond: ((k >= 1365224) AND (k <= 1365324))

table 7 : explain SELECT k, c FROM sbtest7 WHERE k BETWEEN 1365224 AND 1365324
	Bitmap Heap Scan on sbtest7  (cost=5.49..413.00 rows=103 width=125)
	  Recheck Cond: ((k >= 1365224) AND (k <= 1365324))
	  ->  Bitmap Index Scan on k_7  (cost=0.00..5.46 rows=103 width=0)
	        Index Cond: ((k >= 1365224) AND (k <= 1365324))

table 8 : explain SELECT k, c FROM sbtest8 WHERE k BETWEEN 1365224 AND 1365324
	Bitmap Heap Scan on sbtest8  (cost=5.52..424.81 rows=106 width=125)
	  Recheck Cond: ((k >= 1365224) AND (k <= 1365324))
	  ->  Bitmap Index Scan on k_8  (cost=0.00..5.50 rows=106 width=0)
	        Index Cond: ((k >= 1365224) AND (k <= 1365324))

for range-notcovered
table 1 : explain SELECT k, c FROM sbtest1 WHERE k BETWEEN 5154252 AND 5154352
	Bitmap Heap Scan on sbtest1  (cost=5.37..365.72 rows=91 width=125)
	  Recheck Cond: ((k >= 5154252) AND (k <= 5154352))
	  ->  Bitmap Index Scan on k_1  (cost=0.00..5.34 rows=91 width=0)
	        Index Cond: ((k >= 5154252) AND (k <= 5154352))

table 2 : explain SELECT k, c FROM sbtest2 WHERE k BETWEEN 5154252 AND 5154352
	Bitmap Heap Scan on sbtest2  (cost=5.51..420.88 rows=105 width=125)
	  Recheck Cond: ((k >= 5154252) AND (k <= 5154352))
	  ->  Bitmap Index Scan on k_2  (cost=0.00..5.48 rows=105 width=0)
	        Index Cond: ((k >= 5154252) AND (k <= 5154352))

table 3 : explain SELECT k, c FROM sbtest3 WHERE k BETWEEN 5154252 AND 5154352
	Bitmap Heap Scan on sbtest3  (cost=5.55..436.62 rows=109 width=125)
	  Recheck Cond: ((k >= 5154252) AND (k <= 5154352))
	  ->  Bitmap Index Scan on k_3  (cost=0.00..5.52 rows=109 width=0)
	        Index Cond: ((k >= 5154252) AND (k <= 5154352))

table 4 : explain SELECT k, c FROM sbtest4 WHERE k BETWEEN 5154252 AND 5154352
	Bitmap Heap Scan on sbtest4  (cost=5.46..401.19 rows=100 width=125)
	  Recheck Cond: ((k >= 5154252) AND (k <= 5154352))
	  ->  Bitmap Index Scan on k_4  (cost=0.00..5.43 rows=100 width=0)
	        Index Cond: ((k >= 5154252) AND (k <= 5154352))

table 5 : explain SELECT k, c FROM sbtest5 WHERE k BETWEEN 5154252 AND 5154352
	Bitmap Heap Scan on sbtest5  (cost=5.56..440.56 rows=110 width=125)
	  Recheck Cond: ((k >= 5154252) AND (k <= 5154352))
	  ->  Bitmap Index Scan on k_5  (cost=0.00..5.53 rows=110 width=0)
	        Index Cond: ((k >= 5154252) AND (k <= 5154352))

table 6 : explain SELECT k, c FROM sbtest6 WHERE k BETWEEN 5154252 AND 5154352
	Bitmap Heap Scan on sbtest6  (cost=5.58..448.42 rows=112 width=125)
	  Recheck Cond: ((k >= 5154252) AND (k <= 5154352))
	  ->  Bitmap Index Scan on k_6  (cost=0.00..5.55 rows=112 width=0)
	        Index Cond: ((k >= 5154252) AND (k <= 5154352))

table 7 : explain SELECT k, c FROM sbtest7 WHERE k BETWEEN 5154252 AND 5154352
	Bitmap Heap Scan on sbtest7  (cost=5.52..424.81 rows=106 width=125)
	  Recheck Cond: ((k >= 5154252) AND (k <= 5154352))
	  ->  Bitmap Index Scan on k_7  (cost=0.00..5.50 rows=106 width=0)
	        Index Cond: ((k >= 5154252) AND (k <= 5154352))

table 8 : explain SELECT k, c FROM sbtest8 WHERE k BETWEEN 5154252 AND 5154352
	Bitmap Heap Scan on sbtest8  (cost=5.48..409.07 rows=102 width=125)
	  Recheck Cond: ((k >= 5154252) AND (k <= 5154352))
	  ->  Bitmap Index Scan on k_8  (cost=0.00..5.45 rows=102 width=0)
	        Index Cond: ((k >= 5154252) AND (k <= 5154352))
explain: for range-notcovered :: explain SELECT k, c FROM sbtest%d WHERE k BETWEEN 1687821 AND 1687921

explain: for range-notcovered :: explain SELECT k, c FROM sbtest%d WHERE k BETWEEN 8420771 AND 8420871
explain: for range-notcovered :: explain SELECT k, c FROM sbtest%d WHERE k BETWEEN 5154252 AND 5154352
for range-notcovered
table 1 : explain SELECT k, c FROM sbtest1 WHERE k BETWEEN 2155419 AND 2155519
	Bitmap Heap Scan on sbtest1  (cost=5.51..420.88 rows=105 width=125)
	  Recheck Cond: ((k >= 2155419) AND (k <= 2155519))
	  ->  Bitmap Index Scan on k_1  (cost=0.00..5.48 rows=105 width=0)
	        Index Cond: ((k >= 2155419) AND (k <= 2155519))

table 2 : explain SELECT k, c FROM sbtest2 WHERE k BETWEEN 2155419 AND 2155519
	Bitmap Heap Scan on sbtest2  (cost=5.46..401.19 rows=100 width=125)
	  Recheck Cond: ((k >= 2155419) AND (k <= 2155519))
	  ->  Bitmap Index Scan on k_2  (cost=0.00..5.43 rows=100 width=0)
	        Index Cond: ((k >= 2155419) AND (k <= 2155519))

table 3 : explain SELECT k, c FROM sbtest3 WHERE k BETWEEN 2155419 AND 2155519
	Bitmap Heap Scan on sbtest3  (cost=5.56..440.56 rows=110 width=125)
	  Recheck Cond: ((k >= 2155419) AND (k <= 2155519))
	  ->  Bitmap Index Scan on k_3  (cost=0.00..5.53 rows=110 width=0)
	        Index Cond: ((k >= 2155419) AND (k <= 2155519))

table 4 : explain SELECT k, c FROM sbtest4 WHERE k BETWEEN 2155419 AND 2155519
	Bitmap Heap Scan on sbtest4  (cost=5.45..397.25 rows=99 width=125)
	  Recheck Cond: ((k >= 2155419) AND (k <= 2155519))
	  ->  Bitmap Index Scan on k_4  (cost=0.00..5.42 rows=99 width=0)
	        Index Cond: ((k >= 2155419) AND (k <= 2155519))

table 5 : explain SELECT k, c FROM sbtest5 WHERE k BETWEEN 2155419 AND 2155519
	Bitmap Heap Scan on sbtest5  (cost=5.50..416.94 rows=104 width=125)
	  Recheck Cond: ((k >= 2155419) AND (k <= 2155519))
	  ->  Bitmap Index Scan on k_5  (cost=0.00..5.47 rows=104 width=0)
	        Index Cond: ((k >= 2155419) AND (k <= 2155519))

table 6 : explain SELECT k, c FROM sbtest6 WHERE k BETWEEN 2155419 AND 2155519
	Bitmap Heap Scan on sbtest6  (cost=5.42..385.43 rows=96 width=125)
	  Recheck Cond: ((k >= 2155419) AND (k <= 2155519))
	  ->  Bitmap Index Scan on k_6  (cost=0.00..5.39 rows=96 width=0)
	        Index Cond: ((k >= 2155419) AND (k <= 2155519))

table 7 : explain SELECT k, c FROM sbtest7 WHERE k BETWEEN 2155419 AND 2155519
	Bitmap Heap Scan on sbtest7  (cost=5.46..401.19 rows=100 width=125)
	  Recheck Cond: ((k >= 2155419) AND (k <= 2155519))
	  ->  Bitmap Index Scan on k_7  (cost=0.00..5.43 rows=100 width=0)
	        Index Cond: ((k >= 2155419) AND (k <= 2155519))

table 8 : explain SELECT k, c FROM sbtest8 WHERE k BETWEEN 2155419 AND 2155519
	Bitmap Heap Scan on sbtest8  (cost=5.42..385.43 rows=96 width=125)
	  Recheck Cond: ((k >= 2155419) AND (k <= 2155519))
	  ->  Bitmap Index Scan on k_8  (cost=0.00..5.39 rows=96 width=0)
	        Index Cond: ((k >= 2155419) AND (k <= 2155519))

explain: for range-notcovered :: explain SELECT k, c FROM sbtest%d WHERE k BETWEEN 2155419 AND 2155519
for range-notcovered
table 1 : explain SELECT k, c FROM sbtest1 WHERE k BETWEEN 2653773 AND 2653873
	Bitmap Heap Scan on sbtest1  (cost=5.52..424.81 rows=106 width=125)
	  Recheck Cond: ((k >= 2653773) AND (k <= 2653873))
	  ->  Bitmap Index Scan on k_1  (cost=0.00..5.50 rows=106 width=0)
	        Index Cond: ((k >= 2653773) AND (k <= 2653873))

table 2 : explain SELECT k, c FROM sbtest2 WHERE k BETWEEN 2653773 AND 2653873
	Bitmap Heap Scan on sbtest2  (cost=5.36..361.78 rows=90 width=125)
	  Recheck Cond: ((k >= 2653773) AND (k <= 2653873))
	  ->  Bitmap Index Scan on k_2  (cost=0.00..5.33 rows=90 width=0)
	        Index Cond: ((k >= 2653773) AND (k <= 2653873))

table 3 : explain SELECT k, c FROM sbtest3 WHERE k BETWEEN 2653773 AND 2653873
	Bitmap Heap Scan on sbtest3  (cost=5.54..432.69 rows=108 width=125)
	  Recheck Cond: ((k >= 2653773) AND (k <= 2653873))
	  ->  Bitmap Index Scan on k_3  (cost=0.00..5.51 rows=108 width=0)
	        Index Cond: ((k >= 2653773) AND (k <= 2653873))

table 4 : explain SELECT k, c FROM sbtest4 WHERE k BETWEEN 2653773 AND 2653873
	Bitmap Heap Scan on sbtest4  (cost=5.58..448.42 rows=112 width=125)
	  Recheck Cond: ((k >= 2653773) AND (k <= 2653873))
	  ->  Bitmap Index Scan on k_4  (cost=0.00..5.55 rows=112 width=0)
	        Index Cond: ((k >= 2653773) AND (k <= 2653873))

table 5 : explain SELECT k, c FROM sbtest5 WHERE k BETWEEN 2653773 AND 2653873
	Bitmap Heap Scan on sbtest5  (cost=5.41..381.49 rows=95 width=125)
	  Recheck Cond: ((k >= 2653773) AND (k <= 2653873))
	  ->  Bitmap Index Scan on k_5  (cost=0.00..5.38 rows=95 width=0)
	        Index Cond: ((k >= 2653773) AND (k <= 2653873))

table 6 : explain SELECT k, c FROM sbtest6 WHERE k BETWEEN 2653773 AND 2653873
	Bitmap Heap Scan on sbtest6  (cost=5.55..436.62 rows=109 width=125)
	  Recheck Cond: ((k >= 2653773) AND (k <= 2653873))
	  ->  Bitmap Index Scan on k_6  (cost=0.00..5.52 rows=109 width=0)
	        Index Cond: ((k >= 2653773) AND (k <= 2653873))

table 7 : explain SELECT k, c FROM sbtest7 WHERE k BETWEEN 2653773 AND 2653873
	Bitmap Heap Scan on sbtest7  (cost=5.61..460.22 rows=115 width=125)
	  Recheck Cond: ((k >= 2653773) AND (k <= 2653873))
	  ->  Bitmap Index Scan on k_7  (cost=0.00..5.58 rows=115 width=0)
	        Index Cond: ((k >= 2653773) AND (k <= 2653873))

table 8 : explain SELECT k, c FROM sbtest8 WHERE k BETWEEN 2653773 AND 2653873
	Bitmap Heap Scan on sbtest8  (cost=5.56..440.56 rows=110 width=125)
	  Recheck Cond: ((k >= 2653773) AND (k <= 2653873))
	  ->  Bitmap Index Scan on k_8  (cost=0.00..5.53 rows=110 width=0)
	        Index Cond: ((k >= 2653773) AND (k <= 2653873))

for range-notcovered
table 1 : explain SELECT k, c FROM sbtest1 WHERE k BETWEEN 1687821 AND 1687921
	Bitmap Heap Scan on sbtest1  (cost=5.46..401.19 rows=100 width=125)
	  Recheck Cond: ((k >= 1687821) AND (k <= 1687921))
	  ->  Bitmap Index Scan on k_1  (cost=0.00..5.43 rows=100 width=0)
	        Index Cond: ((k >= 1687821) AND (k <= 1687921))

table 2 : explain SELECT k, c FROM sbtest2 WHERE k BETWEEN 1687821 AND 1687921
	Bitmap Heap Scan on sbtest2  (cost=5.43..389.37 rows=97 width=125)
	  Recheck Cond: ((k >= 1687821) AND (k <= 1687921))
	  ->  Bitmap Index Scan on k_2  (cost=0.00..5.40 rows=97 width=0)
	        Index Cond: ((k >= 1687821) AND (k <= 1687921))

table 3 : explain SELECT k, c FROM sbtest3 WHERE k BETWEEN 1687821 AND 1687921
	Bitmap Heap Scan on sbtest3  (cost=5.52..424.81 rows=106 width=125)
	  Recheck Cond: ((k >= 1687821) AND (k <= 1687921))
	  ->  Bitmap Index Scan on k_3  (cost=0.00..5.50 rows=106 width=0)
	        Index Cond: ((k >= 1687821) AND (k <= 1687921))

table 4 : explain SELECT k, c FROM sbtest4 WHERE k BETWEEN 1687821 AND 1687921
	Bitmap Heap Scan on sbtest4  (cost=5.44..393.31 rows=98 width=125)
	  Recheck Cond: ((k >= 1687821) AND (k <= 1687921))
	  ->  Bitmap Index Scan on k_4  (cost=0.00..5.42 rows=98 width=0)
	        Index Cond: ((k >= 1687821) AND (k <= 1687921))

table 5 : explain SELECT k, c FROM sbtest5 WHERE k BETWEEN 1687821 AND 1687921
	Bitmap Heap Scan on sbtest5  (cost=5.49..413.00 rows=103 width=125)
	  Recheck Cond: ((k >= 1687821) AND (k <= 1687921))
	  ->  Bitmap Index Scan on k_5  (cost=0.00..5.46 rows=103 width=0)
	        Index Cond: ((k >= 1687821) AND (k <= 1687921))

table 6 : explain SELECT k, c FROM sbtest6 WHERE k BETWEEN 1687821 AND 1687921
	Bitmap Heap Scan on sbtest6  (cost=5.56..440.56 rows=110 width=125)
	  Recheck Cond: ((k >= 1687821) AND (k <= 1687921))
	  ->  Bitmap Index Scan on k_6  (cost=0.00..5.53 rows=110 width=0)
	        Index Cond: ((k >= 1687821) AND (k <= 1687921))

table 7 : explain SELECT k, c FROM sbtest7 WHERE k BETWEEN 1687821 AND 1687921
	Bitmap Heap Scan on sbtest7  (cost=5.44..393.31 rows=98 width=125)
	  Recheck Cond: ((k >= 1687821) AND (k <= 1687921))
	  ->  Bitmap Index Scan on k_7  (cost=0.00..5.42 rows=98 width=0)
	        Index Cond: ((k >= 1687821) AND (k <= 1687921))

table 8 : explain SELECT k, c FROM sbtest8 WHERE k BETWEEN 1687821 AND 1687921
	Bitmap Heap Scan on sbtest8  (cost=5.44..393.31 rows=98 width=125)
	  Recheck Cond: ((k >= 1687821) AND (k <= 1687921))
	  ->  Bitmap Index Scan on k_8  (cost=0.00..5.42 rows=98 width=0)
	        Index Cond: ((k >= 1687821) AND (k <= 1687921))

for range-notcovered
table 1 : explain SELECT k, c FROM sbtest1 WHERE k BETWEEN 5679499 AND 5679599
	Bitmap Heap Scan on sbtest1  (cost=5.42..385.43 rows=96 width=125)
	  Recheck Cond: ((k >= 5679499) AND (k <= 5679599))
	  ->  Bitmap Index Scan on k_1  (cost=0.00..5.39 rows=96 width=0)
	        Index Cond: ((k >= 5679499) AND (k <= 5679599))

table 2 : explain SELECT k, c FROM sbtest2 WHERE k BETWEEN 5679499 AND 5679599
	Bitmap Heap Scan on sbtest2  (cost=5.53..428.75 rows=107 width=125)
	  Recheck Cond: ((k >= 5679499) AND (k <= 5679599))
	  ->  Bitmap Index Scan on k_2  (cost=0.00..5.50 rows=107 width=0)
	        Index Cond: ((k >= 5679499) AND (k <= 5679599))

table 3 : explain SELECT k, c FROM sbtest3 WHERE k BETWEEN 5679499 AND 5679599
	Bitmap Heap Scan on sbtest3  (cost=5.42..385.43 rows=96 width=125)
	  Recheck Cond: ((k >= 5679499) AND (k <= 5679599))
	  ->  Bitmap Index Scan on k_3  (cost=0.00..5.39 rows=96 width=0)
	        Index Cond: ((k >= 5679499) AND (k <= 5679599))

table 4 : explain SELECT k, c FROM sbtest4 WHERE k BETWEEN 5679499 AND 5679599
	Bitmap Heap Scan on sbtest4  (cost=5.43..389.37 rows=97 width=125)
	  Recheck Cond: ((k >= 5679499) AND (k <= 5679599))
	  ->  Bitmap Index Scan on k_4  (cost=0.00..5.40 rows=97 width=0)
	        Index Cond: ((k >= 5679499) AND (k <= 5679599))

table 5 : explain SELECT k, c FROM sbtest5 WHERE k BETWEEN 5679499 AND 5679599
	Bitmap Heap Scan on sbtest5  (cost=5.50..416.94 rows=104 width=125)
	  Recheck Cond: ((k >= 5679499) AND (k <= 5679599))
	  ->  Bitmap Index Scan on k_5  (cost=0.00..5.47 rows=104 width=0)
	        Index Cond: ((k >= 5679499) AND (k <= 5679599))

table 6 : explain SELECT k, c FROM sbtest6 WHERE k BETWEEN 5679499 AND 5679599
	Bitmap Heap Scan on sbtest6  (cost=5.47..405.13 rows=101 width=125)
	  Recheck Cond: ((k >= 5679499) AND (k <= 5679599))
	  ->  Bitmap Index Scan on k_6  (cost=0.00..5.44 rows=101 width=0)
	        Index Cond: ((k >= 5679499) AND (k <= 5679599))

table 7 : explain SELECT k, c FROM sbtest7 WHERE k BETWEEN 5679499 AND 5679599
	Bitmap Heap Scan on sbtest7  (cost=5.45..397.25 rows=99 width=125)
	  Recheck Cond: ((k >= 5679499) AND (k <= 5679599))
	  ->  Bitmap Index Scan on k_7  (cost=0.00..5.42 rows=99 width=0)
	        Index Cond: ((k >= 5679499) AND (k <= 5679599))

table 8 : explain SELECT k, c FROM sbtest8 WHERE k BETWEEN 5679499 AND 5679599
	Bitmap Heap Scan on sbtest8  (cost=5.52..424.81 rows=106 width=125)
	  Recheck Cond: ((k >= 5679499) AND (k <= 5679599))
	  ->  Bitmap Index Scan on k_8  (cost=0.00..5.50 rows=106 width=0)
	        Index Cond: ((k >= 5679499) AND (k <= 5679599))

explain: for range-notcovered :: explain SELECT k, c FROM sbtest%d WHERE k BETWEEN 1687821 AND 1687921
explain: for range-notcovered :: explain SELECT k, c FROM sbtest%d WHERE k BETWEEN 5679499 AND 5679599
for range-notcovered
table 1 : explain SELECT k, c FROM sbtest1 WHERE k BETWEEN 2155419 AND 2155519
	Bitmap Heap Scan on sbtest1  (cost=5.51..420.88 rows=105 width=125)
	  Recheck Cond: ((k >= 2155419) AND (k <= 2155519))
	  ->  Bitmap Index Scan on k_1  (cost=0.00..5.48 rows=105 width=0)
	        Index Cond: ((k >= 2155419) AND (k <= 2155519))

table 2 : explain SELECT k, c FROM sbtest2 WHERE k BETWEEN 2155419 AND 2155519
	Bitmap Heap Scan on sbtest2  (cost=5.46..401.19 rows=100 width=125)
	  Recheck Cond: ((k >= 2155419) AND (k <= 2155519))
	  ->  Bitmap Index Scan on k_2  (cost=0.00..5.43 rows=100 width=0)
	        Index Cond: ((k >= 2155419) AND (k <= 2155519))

table 3 : explain SELECT k, c FROM sbtest3 WHERE k BETWEEN 2155419 AND 2155519
	Bitmap Heap Scan on sbtest3  (cost=5.56..440.56 rows=110 width=125)
	  Recheck Cond: ((k >= 2155419) AND (k <= 2155519))
	  ->  Bitmap Index Scan on k_3  (cost=0.00..5.53 rows=110 width=0)
	        Index Cond: ((k >= 2155419) AND (k <= 2155519))

table 4 : explain SELECT k, c FROM sbtest4 WHERE k BETWEEN 2155419 AND 2155519
	Bitmap Heap Scan on sbtest4  (cost=5.45..397.25 rows=99 width=125)
	  Recheck Cond: ((k >= 2155419) AND (k <= 2155519))
	  ->  Bitmap Index Scan on k_4  (cost=0.00..5.42 rows=99 width=0)
	        Index Cond: ((k >= 2155419) AND (k <= 2155519))

table 5 : explain SELECT k, c FROM sbtest5 WHERE k BETWEEN 2155419 AND 2155519
	Bitmap Heap Scan on sbtest5  (cost=5.50..416.94 rows=104 width=125)
	  Recheck Cond: ((k >= 2155419) AND (k <= 2155519))
	  ->  Bitmap Index Scan on k_5  (cost=0.00..5.47 rows=104 width=0)
	        Index Cond: ((k >= 2155419) AND (k <= 2155519))

table 6 : explain SELECT k, c FROM sbtest6 WHERE k BETWEEN 2155419 AND 2155519
	Bitmap Heap Scan on sbtest6  (cost=5.42..385.43 rows=96 width=125)
	  Recheck Cond: ((k >= 2155419) AND (k <= 2155519))
	  ->  Bitmap Index Scan on k_6  (cost=0.00..5.39 rows=96 width=0)
	        Index Cond: ((k >= 2155419) AND (k <= 2155519))

table 7 : explain SELECT k, c FROM sbtest7 WHERE k BETWEEN 2155419 AND 2155519
	Bitmap Heap Scan on sbtest7  (cost=5.46..401.19 rows=100 width=125)
	  Recheck Cond: ((k >= 2155419) AND (k <= 2155519))
	  ->  Bitmap Index Scan on k_7  (cost=0.00..5.43 rows=100 width=0)
	        Index Cond: ((k >= 2155419) AND (k <= 2155519))

table 8 : explain SELECT k, c FROM sbtest8 WHERE k BETWEEN 2155419 AND 2155519
	Bitmap Heap Scan on sbtest8  (cost=5.42..385.43 rows=96 width=125)
	  Recheck Cond: ((k >= 2155419) AND (k <= 2155519))
	  ->  Bitmap Index Scan on k_8  (cost=0.00..5.39 rows=96 width=0)
	        Index Cond: ((k >= 2155419) AND (k <= 2155519))

for range-notcovered
table 1 : explain SELECT k, c FROM sbtest1 WHERE k BETWEEN 8420771 AND 8420871
	Bitmap Heap Scan on sbtest1  (cost=5.46..401.19 rows=100 width=125)
	  Recheck Cond: ((k >= 8420771) AND (k <= 8420871))
	  ->  Bitmap Index Scan on k_1  (cost=0.00..5.43 rows=100 width=0)
	        Index Cond: ((k >= 8420771) AND (k <= 8420871))

table 2 : explain SELECT k, c FROM sbtest2 WHERE k BETWEEN 8420771 AND 8420871
	Bitmap Heap Scan on sbtest2  (cost=5.49..413.00 rows=103 width=125)
	  Recheck Cond: ((k >= 8420771) AND (k <= 8420871))
	  ->  Bitmap Index Scan on k_2  (cost=0.00..5.46 rows=103 width=0)
	        Index Cond: ((k >= 8420771) AND (k <= 8420871))

table 3 : explain SELECT k, c FROM sbtest3 WHERE k BETWEEN 8420771 AND 8420871
	Bitmap Heap Scan on sbtest3  (cost=5.55..436.62 rows=109 width=125)
	  Recheck Cond: ((k >= 8420771) AND (k <= 8420871))
	  ->  Bitmap Index Scan on k_3  (cost=0.00..5.52 rows=109 width=0)
	        Index Cond: ((k >= 8420771) AND (k <= 8420871))

table 4 : explain SELECT k, c FROM sbtest4 WHERE k BETWEEN 8420771 AND 8420871
	Bitmap Heap Scan on sbtest4  (cost=5.47..405.13 rows=101 width=125)
	  Recheck Cond: ((k >= 8420771) AND (k <= 8420871))
	  ->  Bitmap Index Scan on k_4  (cost=0.00..5.44 rows=101 width=0)
	        Index Cond: ((k >= 8420771) AND (k <= 8420871))

table 5 : explain SELECT k, c FROM sbtest5 WHERE k BETWEEN 8420771 AND 8420871
	Bitmap Heap Scan on sbtest5  (cost=5.44..393.31 rows=98 width=125)
	  Recheck Cond: ((k >= 8420771) AND (k <= 8420871))
	  ->  Bitmap Index Scan on k_5  (cost=0.00..5.42 rows=98 width=0)
	        Index Cond: ((k >= 8420771) AND (k <= 8420871))

table 6 : explain SELECT k, c FROM sbtest6 WHERE k BETWEEN 8420771 AND 8420871
	Bitmap Heap Scan on sbtest6  (cost=5.43..389.37 rows=97 width=125)
	  Recheck Cond: ((k >= 8420771) AND (k <= 8420871))
	  ->  Bitmap Index Scan on k_6  (cost=0.00..5.40 rows=97 width=0)
	        Index Cond: ((k >= 8420771) AND (k <= 8420871))

table 7 : explain SELECT k, c FROM sbtest7 WHERE k BETWEEN 8420771 AND 8420871
	Bitmap Heap Scan on sbtest7  (cost=5.49..413.00 rows=103 width=125)
	  Recheck Cond: ((k >= 8420771) AND (k <= 8420871))
	  ->  Bitmap Index Scan on k_7  (cost=0.00..5.46 rows=103 width=0)
	        Index Cond: ((k >= 8420771) AND (k <= 8420871))

table 8 : explain SELECT k, c FROM sbtest8 WHERE k BETWEEN 8420771 AND 8420871
	Bitmap Heap Scan on sbtest8  (cost=5.41..381.49 rows=95 width=125)
	  Recheck Cond: ((k >= 8420771) AND (k <= 8420871))
	  ->  Bitmap Index Scan on k_8  (cost=0.00..5.38 rows=95 width=0)
	        Index Cond: ((k >= 8420771) AND (k <= 8420871))

explain: for range-notcovered :: explain SELECT k, c FROM sbtest%d WHERE k BETWEEN 2155419 AND 2155519
for range-notcovered
table 1 : explain SELECT k, c FROM sbtest1 WHERE k BETWEEN 8593269 AND 8593369
	Bitmap Heap Scan on sbtest1  (cost=5.58..448.42 rows=112 width=125)
	  Recheck Cond: ((k >= 8593269) AND (k <= 8593369))
	  ->  Bitmap Index Scan on k_1  (cost=0.00..5.55 rows=112 width=0)
	        Index Cond: ((k >= 8593269) AND (k <= 8593369))

table 2 : explain SELECT k, c FROM sbtest2 WHERE k BETWEEN 8593269 AND 8593369
	Bitmap Heap Scan on sbtest2  (cost=5.47..405.13 rows=101 width=125)
	  Recheck Cond: ((k >= 8593269) AND (k <= 8593369))
	  ->  Bitmap Index Scan on k_2  (cost=0.00..5.44 rows=101 width=0)
	        Index Cond: ((k >= 8593269) AND (k <= 8593369))

table 3 : explain SELECT k, c FROM sbtest3 WHERE k BETWEEN 8593269 AND 8593369
	Bitmap Heap Scan on sbtest3  (cost=5.43..389.37 rows=97 width=125)
	  Recheck Cond: ((k >= 8593269) AND (k <= 8593369))
	  ->  Bitmap Index Scan on k_3  (cost=0.00..5.40 rows=97 width=0)
	        Index Cond: ((k >= 8593269) AND (k <= 8593369))

table 4 : explain SELECT k, c FROM sbtest4 WHERE k BETWEEN 8593269 AND 8593369
	Bitmap Heap Scan on sbtest4  (cost=5.39..373.61 rows=93 width=125)
	  Recheck Cond: ((k >= 8593269) AND (k <= 8593369))
	  ->  Bitmap Index Scan on k_4  (cost=0.00..5.36 rows=93 width=0)
	        Index Cond: ((k >= 8593269) AND (k <= 8593369))

table 5 : explain SELECT k, c FROM sbtest5 WHERE k BETWEEN 8593269 AND 8593369
	Bitmap Heap Scan on sbtest5  (cost=5.50..416.94 rows=104 width=125)
	  Recheck Cond: ((k >= 8593269) AND (k <= 8593369))
	  ->  Bitmap Index Scan on k_5  (cost=0.00..5.47 rows=104 width=0)
	        Index Cond: ((k >= 8593269) AND (k <= 8593369))

table 6 : explain SELECT k, c FROM sbtest6 WHERE k BETWEEN 8593269 AND 8593369
	Bitmap Heap Scan on sbtest6  (cost=5.46..401.19 rows=100 width=125)
	  Recheck Cond: ((k >= 8593269) AND (k <= 8593369))
	  ->  Bitmap Index Scan on k_6  (cost=0.00..5.43 rows=100 width=0)
	        Index Cond: ((k >= 8593269) AND (k <= 8593369))

table 7 : explain SELECT k, c FROM sbtest7 WHERE k BETWEEN 8593269 AND 8593369
	Bitmap Heap Scan on sbtest7  (cost=5.53..428.75 rows=107 width=125)
	  Recheck Cond: ((k >= 8593269) AND (k <= 8593369))
	  ->  Bitmap Index Scan on k_7  (cost=0.00..5.50 rows=107 width=0)
	        Index Cond: ((k >= 8593269) AND (k <= 8593369))

table 8 : explain SELECT k, c FROM sbtest8 WHERE k BETWEEN 8593269 AND 8593369
	Bitmap Heap Scan on sbtest8  (cost=5.41..381.49 rows=95 width=125)
	  Recheck Cond: ((k >= 8593269) AND (k <= 8593369))
	  ->  Bitmap Index Scan on k_8  (cost=0.00..5.38 rows=95 width=0)
	        Index Cond: ((k >= 8593269) AND (k <= 8593369))

explain: for range-notcovered :: explain SELECT k, c FROM sbtest%d WHERE k BETWEEN 8593269 AND 8593369
explain: for range-notcovered :: explain SELECT k, c FROM sbtest%d WHERE k BETWEEN 4967942 AND 4968042
for range-notcovered
table 1 : explain SELECT k, c FROM sbtest1 WHERE k BETWEEN 5154252 AND 5154352
	Bitmap Heap Scan on sbtest1  (cost=5.37..365.72 rows=91 width=125)
	  Recheck Cond: ((k >= 5154252) AND (k <= 5154352))
	  ->  Bitmap Index Scan on k_1  (cost=0.00..5.34 rows=91 width=0)
	        Index Cond: ((k >= 5154252) AND (k <= 5154352))

table 2 : explain SELECT k, c FROM sbtest2 WHERE k BETWEEN 5154252 AND 5154352
	Bitmap Heap Scan on sbtest2  (cost=5.51..420.88 rows=105 width=125)
	  Recheck Cond: ((k >= 5154252) AND (k <= 5154352))
	  ->  Bitmap Index Scan on k_2  (cost=0.00..5.48 rows=105 width=0)
	        Index Cond: ((k >= 5154252) AND (k <= 5154352))

table 3 : explain SELECT k, c FROM sbtest3 WHERE k BETWEEN 5154252 AND 5154352
	Bitmap Heap Scan on sbtest3  (cost=5.55..436.62 rows=109 width=125)
	  Recheck Cond: ((k >= 5154252) AND (k <= 5154352))
	  ->  Bitmap Index Scan on k_3  (cost=0.00..5.52 rows=109 width=0)
	        Index Cond: ((k >= 5154252) AND (k <= 5154352))

table 4 : explain SELECT k, c FROM sbtest4 WHERE k BETWEEN 5154252 AND 5154352
	Bitmap Heap Scan on sbtest4  (cost=5.46..401.19 rows=100 width=125)
	  Recheck Cond: ((k >= 5154252) AND (k <= 5154352))
	  ->  Bitmap Index Scan on k_4  (cost=0.00..5.43 rows=100 width=0)
	        Index Cond: ((k >= 5154252) AND (k <= 5154352))

table 5 : explain SELECT k, c FROM sbtest5 WHERE k BETWEEN 5154252 AND 5154352
	Bitmap Heap Scan on sbtest5  (cost=5.56..440.56 rows=110 width=125)
	  Recheck Cond: ((k >= 5154252) AND (k <= 5154352))
	  ->  Bitmap Index Scan on k_5  (cost=0.00..5.53 rows=110 width=0)
	        Index Cond: ((k >= 5154252) AND (k <= 5154352))

table 6 : explain SELECT k, c FROM sbtest6 WHERE k BETWEEN 5154252 AND 5154352
	Bitmap Heap Scan on sbtest6  (cost=5.58..448.42 rows=112 width=125)
	  Recheck Cond: ((k >= 5154252) AND (k <= 5154352))
	  ->  Bitmap Index Scan on k_6  (cost=0.00..5.55 rows=112 width=0)
	        Index Cond: ((k >= 5154252) AND (k <= 5154352))

table 7 : explain SELECT k, c FROM sbtest7 WHERE k BETWEEN 5154252 AND 5154352
	Bitmap Heap Scan on sbtest7  (cost=5.52..424.81 rows=106 width=125)
	  Recheck Cond: ((k >= 5154252) AND (k <= 5154352))
	  ->  Bitmap Index Scan on k_7  (cost=0.00..5.50 rows=106 width=0)
	        Index Cond: ((k >= 5154252) AND (k <= 5154352))

table 8 : explain SELECT k, c FROM sbtest8 WHERE k BETWEEN 5154252 AND 5154352
	Bitmap Heap Scan on sbtest8  (cost=5.48..409.07 rows=102 width=125)
	  Recheck Cond: ((k >= 5154252) AND (k <= 5154352))
	  ->  Bitmap Index Scan on k_8  (cost=0.00..5.45 rows=102 width=0)
	        Index Cond: ((k >= 5154252) AND (k <= 5154352))

explain: for range-notcovered :: explain SELECT k, c FROM sbtest%d WHERE k BETWEEN 5154252 AND 5154352
for range-notcovered
table 1 : explain SELECT k, c FROM sbtest1 WHERE k BETWEEN 5679499 AND 5679599
	Bitmap Heap Scan on sbtest1  (cost=5.42..385.43 rows=96 width=125)
	  Recheck Cond: ((k >= 5679499) AND (k <= 5679599))
	  ->  Bitmap Index Scan on k_1  (cost=0.00..5.39 rows=96 width=0)
	        Index Cond: ((k >= 5679499) AND (k <= 5679599))

table 2 : explain SELECT k, c FROM sbtest2 WHERE k BETWEEN 5679499 AND 5679599
	Bitmap Heap Scan on sbtest2  (cost=5.53..428.75 rows=107 width=125)
	  Recheck Cond: ((k >= 5679499) AND (k <= 5679599))
	  ->  Bitmap Index Scan on k_2  (cost=0.00..5.50 rows=107 width=0)
	        Index Cond: ((k >= 5679499) AND (k <= 5679599))

table 3 : explain SELECT k, c FROM sbtest3 WHERE k BETWEEN 5679499 AND 5679599
	Bitmap Heap Scan on sbtest3  (cost=5.42..385.43 rows=96 width=125)
	  Recheck Cond: ((k >= 5679499) AND (k <= 5679599))
	  ->  Bitmap Index Scan on k_3  (cost=0.00..5.39 rows=96 width=0)
	        Index Cond: ((k >= 5679499) AND (k <= 5679599))

table 4 : explain SELECT k, c FROM sbtest4 WHERE k BETWEEN 5679499 AND 5679599
	Bitmap Heap Scan on sbtest4  (cost=5.43..389.37 rows=97 width=125)
	  Recheck Cond: ((k >= 5679499) AND (k <= 5679599))
	  ->  Bitmap Index Scan on k_4  (cost=0.00..5.40 rows=97 width=0)
	        Index Cond: ((k >= 5679499) AND (k <= 5679599))

table 5 : explain SELECT k, c FROM sbtest5 WHERE k BETWEEN 5679499 AND 5679599
	Bitmap Heap Scan on sbtest5  (cost=5.50..416.94 rows=104 width=125)
	  Recheck Cond: ((k >= 5679499) AND (k <= 5679599))
	  ->  Bitmap Index Scan on k_5  (cost=0.00..5.47 rows=104 width=0)
	        Index Cond: ((k >= 5679499) AND (k <= 5679599))

table 6 : explain SELECT k, c FROM sbtest6 WHERE k BETWEEN 5679499 AND 5679599
	Bitmap Heap Scan on sbtest6  (cost=5.47..405.13 rows=101 width=125)
	  Recheck Cond: ((k >= 5679499) AND (k <= 5679599))
	  ->  Bitmap Index Scan on k_6  (cost=0.00..5.44 rows=101 width=0)
	        Index Cond: ((k >= 5679499) AND (k <= 5679599))

table 7 : explain SELECT k, c FROM sbtest7 WHERE k BETWEEN 5679499 AND 5679599
	Bitmap Heap Scan on sbtest7  (cost=5.45..397.25 rows=99 width=125)
	  Recheck Cond: ((k >= 5679499) AND (k <= 5679599))
	  ->  Bitmap Index Scan on k_7  (cost=0.00..5.42 rows=99 width=0)
	        Index Cond: ((k >= 5679499) AND (k <= 5679599))

table 8 : explain SELECT k, c FROM sbtest8 WHERE k BETWEEN 5679499 AND 5679599
	Bitmap Heap Scan on sbtest8  (cost=5.52..424.81 rows=106 width=125)
	  Recheck Cond: ((k >= 5679499) AND (k <= 5679599))
	  ->  Bitmap Index Scan on k_8  (cost=0.00..5.50 rows=106 width=0)
	        Index Cond: ((k >= 5679499) AND (k <= 5679599))

explain: for range-notcovered :: explain SELECT k, c FROM sbtest%d WHERE k BETWEEN 5679499 AND 5679599
for range-notcovered
table 1 : explain SELECT k, c FROM sbtest1 WHERE k BETWEEN 2155419 AND 2155519
	Bitmap Heap Scan on sbtest1  (cost=5.51..420.88 rows=105 width=125)
	  Recheck Cond: ((k >= 2155419) AND (k <= 2155519))
	  ->  Bitmap Index Scan on k_1  (cost=0.00..5.48 rows=105 width=0)
	        Index Cond: ((k >= 2155419) AND (k <= 2155519))

table 2 : explain SELECT k, c FROM sbtest2 WHERE k BETWEEN 2155419 AND 2155519
	Bitmap Heap Scan on sbtest2  (cost=5.46..401.19 rows=100 width=125)
	  Recheck Cond: ((k >= 2155419) AND (k <= 2155519))
	  ->  Bitmap Index Scan on k_2  (cost=0.00..5.43 rows=100 width=0)
	        Index Cond: ((k >= 2155419) AND (k <= 2155519))

table 3 : explain SELECT k, c FROM sbtest3 WHERE k BETWEEN 2155419 AND 2155519
	Bitmap Heap Scan on sbtest3  (cost=5.56..440.56 rows=110 width=125)
	  Recheck Cond: ((k >= 2155419) AND (k <= 2155519))
	  ->  Bitmap Index Scan on k_3  (cost=0.00..5.53 rows=110 width=0)
	        Index Cond: ((k >= 2155419) AND (k <= 2155519))

table 4 : explain SELECT k, c FROM sbtest4 WHERE k BETWEEN 2155419 AND 2155519
	Bitmap Heap Scan on sbtest4  (cost=5.45..397.25 rows=99 width=125)
	  Recheck Cond: ((k >= 2155419) AND (k <= 2155519))
	  ->  Bitmap Index Scan on k_4  (cost=0.00..5.42 rows=99 width=0)
	        Index Cond: ((k >= 2155419) AND (k <= 2155519))

table 5 : explain SELECT k, c FROM sbtest5 WHERE k BETWEEN 2155419 AND 2155519
	Bitmap Heap Scan on sbtest5  (cost=5.50..416.94 rows=104 width=125)
	  Recheck Cond: ((k >= 2155419) AND (k <= 2155519))
	  ->  Bitmap Index Scan on k_5  (cost=0.00..5.47 rows=104 width=0)
	        Index Cond: ((k >= 2155419) AND (k <= 2155519))

table 6 : explain SELECT k, c FROM sbtest6 WHERE k BETWEEN 2155419 AND 2155519
	Bitmap Heap Scan on sbtest6  (cost=5.42..385.43 rows=96 width=125)
	  Recheck Cond: ((k >= 2155419) AND (k <= 2155519))
	  ->  Bitmap Index Scan on k_6  (cost=0.00..5.39 rows=96 width=0)
	        Index Cond: ((k >= 2155419) AND (k <= 2155519))

table 7 : explain SELECT k, c FROM sbtest7 WHERE k BETWEEN 2155419 AND 2155519
	Bitmap Heap Scan on sbtest7  (cost=5.46..401.19 rows=100 width=125)
	  Recheck Cond: ((k >= 2155419) AND (k <= 2155519))
	  ->  Bitmap Index Scan on k_7  (cost=0.00..5.43 rows=100 width=0)
	        Index Cond: ((k >= 2155419) AND (k <= 2155519))

table 8 : explain SELECT k, c FROM sbtest8 WHERE k BETWEEN 2155419 AND 2155519
	Bitmap Heap Scan on sbtest8  (cost=5.42..385.43 rows=96 width=125)
	  Recheck Cond: ((k >= 2155419) AND (k <= 2155519))
	  ->  Bitmap Index Scan on k_8  (cost=0.00..5.39 rows=96 width=0)
	        Index Cond: ((k >= 2155419) AND (k <= 2155519))

explain: for range-notcovered :: explain SELECT k, c FROM sbtest%d WHERE k BETWEEN 2155419 AND 2155519
for range-notcovered
table 1 : explain SELECT k, c FROM sbtest1 WHERE k BETWEEN 8593269 AND 8593369
	Bitmap Heap Scan on sbtest1  (cost=5.58..448.42 rows=112 width=125)
	  Recheck Cond: ((k >= 8593269) AND (k <= 8593369))
	  ->  Bitmap Index Scan on k_1  (cost=0.00..5.55 rows=112 width=0)
	        Index Cond: ((k >= 8593269) AND (k <= 8593369))

table 2 : explain SELECT k, c FROM sbtest2 WHERE k BETWEEN 8593269 AND 8593369
	Bitmap Heap Scan on sbtest2  (cost=5.47..405.13 rows=101 width=125)
	  Recheck Cond: ((k >= 8593269) AND (k <= 8593369))
	  ->  Bitmap Index Scan on k_2  (cost=0.00..5.44 rows=101 width=0)
	        Index Cond: ((k >= 8593269) AND (k <= 8593369))

table 3 : explain SELECT k, c FROM sbtest3 WHERE k BETWEEN 8593269 AND 8593369
	Bitmap Heap Scan on sbtest3  (cost=5.43..389.37 rows=97 width=125)
	  Recheck Cond: ((k >= 8593269) AND (k <= 8593369))
	  ->  Bitmap Index Scan on k_3  (cost=0.00..5.40 rows=97 width=0)
	        Index Cond: ((k >= 8593269) AND (k <= 8593369))

table 4 : explain SELECT k, c FROM sbtest4 WHERE k BETWEEN 8593269 AND 8593369
	Bitmap Heap Scan on sbtest4  (cost=5.39..373.61 rows=93 width=125)
	  Recheck Cond: ((k >= 8593269) AND (k <= 8593369))
	  ->  Bitmap Index Scan on k_4  (cost=0.00..5.36 rows=93 width=0)
	        Index Cond: ((k >= 8593269) AND (k <= 8593369))

table 5 : explain SELECT k, c FROM sbtest5 WHERE k BETWEEN 8593269 AND 8593369
	Bitmap Heap Scan on sbtest5  (cost=5.50..416.94 rows=104 width=125)
	  Recheck Cond: ((k >= 8593269) AND (k <= 8593369))
	  ->  Bitmap Index Scan on k_5  (cost=0.00..5.47 rows=104 width=0)
	        Index Cond: ((k >= 8593269) AND (k <= 8593369))

table 6 : explain SELECT k, c FROM sbtest6 WHERE k BETWEEN 8593269 AND 8593369
	Bitmap Heap Scan on sbtest6  (cost=5.46..401.19 rows=100 width=125)
	  Recheck Cond: ((k >= 8593269) AND (k <= 8593369))
	  ->  Bitmap Index Scan on k_6  (cost=0.00..5.43 rows=100 width=0)
	        Index Cond: ((k >= 8593269) AND (k <= 8593369))

table 7 : explain SELECT k, c FROM sbtest7 WHERE k BETWEEN 8593269 AND 8593369
	Bitmap Heap Scan on sbtest7  (cost=5.53..428.75 rows=107 width=125)
	  Recheck Cond: ((k >= 8593269) AND (k <= 8593369))
	  ->  Bitmap Index Scan on k_7  (cost=0.00..5.50 rows=107 width=0)
	        Index Cond: ((k >= 8593269) AND (k <= 8593369))

table 8 : explain SELECT k, c FROM sbtest8 WHERE k BETWEEN 8593269 AND 8593369
	Bitmap Heap Scan on sbtest8  (cost=5.41..381.49 rows=95 width=125)
	  Recheck Cond: ((k >= 8593269) AND (k <= 8593369))
	  ->  Bitmap Index Scan on k_8  (cost=0.00..5.38 rows=95 width=0)
	        Index Cond: ((k >= 8593269) AND (k <= 8593369))

explain: for range-notcovered :: explain SELECT k, c FROM sbtest%d WHERE k BETWEEN 8593269 AND 8593369
for range-notcovered
table 1 : explain SELECT k, c FROM sbtest1 WHERE k BETWEEN 5154252 AND 5154352
	Bitmap Heap Scan on sbtest1  (cost=5.37..365.72 rows=91 width=125)
	  Recheck Cond: ((k >= 5154252) AND (k <= 5154352))
	  ->  Bitmap Index Scan on k_1  (cost=0.00..5.34 rows=91 width=0)
	        Index Cond: ((k >= 5154252) AND (k <= 5154352))

table 2 : explain SELECT k, c FROM sbtest2 WHERE k BETWEEN 5154252 AND 5154352
	Bitmap Heap Scan on sbtest2  (cost=5.51..420.88 rows=105 width=125)
	  Recheck Cond: ((k >= 5154252) AND (k <= 5154352))
	  ->  Bitmap Index Scan on k_2  (cost=0.00..5.48 rows=105 width=0)
	        Index Cond: ((k >= 5154252) AND (k <= 5154352))

table 3 : explain SELECT k, c FROM sbtest3 WHERE k BETWEEN 5154252 AND 5154352
	Bitmap Heap Scan on sbtest3  (cost=5.55..436.62 rows=109 width=125)
	  Recheck Cond: ((k >= 5154252) AND (k <= 5154352))
	  ->  Bitmap Index Scan on k_3  (cost=0.00..5.52 rows=109 width=0)
	        Index Cond: ((k >= 5154252) AND (k <= 5154352))

table 4 : explain SELECT k, c FROM sbtest4 WHERE k BETWEEN 5154252 AND 5154352
	Bitmap Heap Scan on sbtest4  (cost=5.46..401.19 rows=100 width=125)
	  Recheck Cond: ((k >= 5154252) AND (k <= 5154352))
	  ->  Bitmap Index Scan on k_4  (cost=0.00..5.43 rows=100 width=0)
	        Index Cond: ((k >= 5154252) AND (k <= 5154352))

table 5 : explain SELECT k, c FROM sbtest5 WHERE k BETWEEN 5154252 AND 5154352
	Bitmap Heap Scan on sbtest5  (cost=5.56..440.56 rows=110 width=125)
	  Recheck Cond: ((k >= 5154252) AND (k <= 5154352))
	  ->  Bitmap Index Scan on k_5  (cost=0.00..5.53 rows=110 width=0)
	        Index Cond: ((k >= 5154252) AND (k <= 5154352))

table 6 : explain SELECT k, c FROM sbtest6 WHERE k BETWEEN 5154252 AND 5154352
	Bitmap Heap Scan on sbtest6  (cost=5.58..448.42 rows=112 width=125)
	  Recheck Cond: ((k >= 5154252) AND (k <= 5154352))
	  ->  Bitmap Index Scan on k_6  (cost=0.00..5.55 rows=112 width=0)
	        Index Cond: ((k >= 5154252) AND (k <= 5154352))

table 7 : explain SELECT k, c FROM sbtest7 WHERE k BETWEEN 5154252 AND 5154352
	Bitmap Heap Scan on sbtest7  (cost=5.52..424.81 rows=106 width=125)
	  Recheck Cond: ((k >= 5154252) AND (k <= 5154352))
	  ->  Bitmap Index Scan on k_7  (cost=0.00..5.50 rows=106 width=0)
	        Index Cond: ((k >= 5154252) AND (k <= 5154352))

table 8 : explain SELECT k, c FROM sbtest8 WHERE k BETWEEN 5154252 AND 5154352
	Bitmap Heap Scan on sbtest8  (cost=5.48..409.07 rows=102 width=125)
	  Recheck Cond: ((k >= 5154252) AND (k <= 5154352))
	  ->  Bitmap Index Scan on k_8  (cost=0.00..5.45 rows=102 width=0)
	        Index Cond: ((k >= 5154252) AND (k <= 5154352))

explain: for range-notcovered :: explain SELECT k, c FROM sbtest%d WHERE k BETWEEN 4844521 AND 4844621
for range-notcovered
table 1 : explain SELECT k, c FROM sbtest1 WHERE k BETWEEN 5679499 AND 5679599
	Bitmap Heap Scan on sbtest1  (cost=5.42..385.43 rows=96 width=125)
	  Recheck Cond: ((k >= 5679499) AND (k <= 5679599))
	  ->  Bitmap Index Scan on k_1  (cost=0.00..5.39 rows=96 width=0)
	        Index Cond: ((k >= 5679499) AND (k <= 5679599))

table 2 : explain SELECT k, c FROM sbtest2 WHERE k BETWEEN 5679499 AND 5679599
	Bitmap Heap Scan on sbtest2  (cost=5.53..428.75 rows=107 width=125)
	  Recheck Cond: ((k >= 5679499) AND (k <= 5679599))
	  ->  Bitmap Index Scan on k_2  (cost=0.00..5.50 rows=107 width=0)
	        Index Cond: ((k >= 5679499) AND (k <= 5679599))

table 3 : explain SELECT k, c FROM sbtest3 WHERE k BETWEEN 5679499 AND 5679599
	Bitmap Heap Scan on sbtest3  (cost=5.42..385.43 rows=96 width=125)
	  Recheck Cond: ((k >= 5679499) AND (k <= 5679599))
	  ->  Bitmap Index Scan on k_3  (cost=0.00..5.39 rows=96 width=0)
	        Index Cond: ((k >= 5679499) AND (k <= 5679599))

table 4 : explain SELECT k, c FROM sbtest4 WHERE k BETWEEN 5679499 AND 5679599
	Bitmap Heap Scan on sbtest4  (cost=5.43..389.37 rows=97 width=125)
	  Recheck Cond: ((k >= 5679499) AND (k <= 5679599))
	  ->  Bitmap Index Scan on k_4  (cost=0.00..5.40 rows=97 width=0)
	        Index Cond: ((k >= 5679499) AND (k <= 5679599))

table 5 : explain SELECT k, c FROM sbtest5 WHERE k BETWEEN 5679499 AND 5679599
	Bitmap Heap Scan on sbtest5  (cost=5.50..416.94 rows=104 width=125)
	  Recheck Cond: ((k >= 5679499) AND (k <= 5679599))
	  ->  Bitmap Index Scan on k_5  (cost=0.00..5.47 rows=104 width=0)
	        Index Cond: ((k >= 5679499) AND (k <= 5679599))

table 6 : explain SELECT k, c FROM sbtest6 WHERE k BETWEEN 5679499 AND 5679599
	Bitmap Heap Scan on sbtest6  (cost=5.47..405.13 rows=101 width=125)
	  Recheck Cond: ((k >= 5679499) AND (k <= 5679599))
	  ->  Bitmap Index Scan on k_6  (cost=0.00..5.44 rows=101 width=0)
	        Index Cond: ((k >= 5679499) AND (k <= 5679599))

table 7 : explain SELECT k, c FROM sbtest7 WHERE k BETWEEN 5679499 AND 5679599
	Bitmap Heap Scan on sbtest7  (cost=5.45..397.25 rows=99 width=125)
	  Recheck Cond: ((k >= 5679499) AND (k <= 5679599))
	  ->  Bitmap Index Scan on k_7  (cost=0.00..5.42 rows=99 width=0)
	        Index Cond: ((k >= 5679499) AND (k <= 5679599))

table 8 : explain SELECT k, c FROM sbtest8 WHERE k BETWEEN 5679499 AND 5679599
	Bitmap Heap Scan on sbtest8  (cost=5.52..424.81 rows=106 width=125)
	  Recheck Cond: ((k >= 5679499) AND (k <= 5679599))
	  ->  Bitmap Index Scan on k_8  (cost=0.00..5.50 rows=106 width=0)
	        Index Cond: ((k >= 5679499) AND (k <= 5679599))

for range-notcovered
table 1 : explain SELECT k, c FROM sbtest1 WHERE k BETWEEN 2155419 AND 2155519
	Bitmap Heap Scan on sbtest1  (cost=5.51..420.88 rows=105 width=125)
	  Recheck Cond: ((k >= 2155419) AND (k <= 2155519))
	  ->  Bitmap Index Scan on k_1  (cost=0.00..5.48 rows=105 width=0)
	        Index Cond: ((k >= 2155419) AND (k <= 2155519))

table 2 : explain SELECT k, c FROM sbtest2 WHERE k BETWEEN 2155419 AND 2155519
	Bitmap Heap Scan on sbtest2  (cost=5.46..401.19 rows=100 width=125)
	  Recheck Cond: ((k >= 2155419) AND (k <= 2155519))
	  ->  Bitmap Index Scan on k_2  (cost=0.00..5.43 rows=100 width=0)
	        Index Cond: ((k >= 2155419) AND (k <= 2155519))

table 3 : explain SELECT k, c FROM sbtest3 WHERE k BETWEEN 2155419 AND 2155519
	Bitmap Heap Scan on sbtest3  (cost=5.56..440.56 rows=110 width=125)
	  Recheck Cond: ((k >= 2155419) AND (k <= 2155519))
	  ->  Bitmap Index Scan on k_3  (cost=0.00..5.53 rows=110 width=0)
	        Index Cond: ((k >= 2155419) AND (k <= 2155519))

table 4 : explain SELECT k, c FROM sbtest4 WHERE k BETWEEN 2155419 AND 2155519
	Bitmap Heap Scan on sbtest4  (cost=5.45..397.25 rows=99 width=125)
	  Recheck Cond: ((k >= 2155419) AND (k <= 2155519))
	  ->  Bitmap Index Scan on k_4  (cost=0.00..5.42 rows=99 width=0)
	        Index Cond: ((k >= 2155419) AND (k <= 2155519))

table 5 : explain SELECT k, c FROM sbtest5 WHERE k BETWEEN 2155419 AND 2155519
	Bitmap Heap Scan on sbtest5  (cost=5.50..416.94 rows=104 width=125)
	  Recheck Cond: ((k >= 2155419) AND (k <= 2155519))
	  ->  Bitmap Index Scan on k_5  (cost=0.00..5.47 rows=104 width=0)
	        Index Cond: ((k >= 2155419) AND (k <= 2155519))

table 6 : explain SELECT k, c FROM sbtest6 WHERE k BETWEEN 2155419 AND 2155519
	Bitmap Heap Scan on sbtest6  (cost=5.42..385.43 rows=96 width=125)
	  Recheck Cond: ((k >= 2155419) AND (k <= 2155519))
	  ->  Bitmap Index Scan on k_6  (cost=0.00..5.39 rows=96 width=0)
	        Index Cond: ((k >= 2155419) AND (k <= 2155519))

table 7 : explain SELECT k, c FROM sbtest7 WHERE k BETWEEN 2155419 AND 2155519
	Bitmap Heap Scan on sbtest7  (cost=5.46..401.19 rows=100 width=125)
	  Recheck Cond: ((k >= 2155419) AND (k <= 2155519))
	  ->  Bitmap Index Scan on k_7  (cost=0.00..5.43 rows=100 width=0)
	        Index Cond: ((k >= 2155419) AND (k <= 2155519))

table 8 : explain SELECT k, c FROM sbtest8 WHERE k BETWEEN 2155419 AND 2155519
	Bitmap Heap Scan on sbtest8  (cost=5.42..385.43 rows=96 width=125)
	  Recheck Cond: ((k >= 2155419) AND (k <= 2155519))
	  ->  Bitmap Index Scan on k_8  (cost=0.00..5.39 rows=96 width=0)
	        Index Cond: ((k >= 2155419) AND (k <= 2155519))

explain: for range-notcovered :: explain SELECT k, c FROM sbtest%d WHERE k BETWEEN 5679499 AND 5679599
for range-notcovered
table 1 : explain SELECT k, c FROM sbtest1 WHERE k BETWEEN 8593269 AND 8593369
	Bitmap Heap Scan on sbtest1  (cost=5.58..448.42 rows=112 width=125)
	  Recheck Cond: ((k >= 8593269) AND (k <= 8593369))
	  ->  Bitmap Index Scan on k_1  (cost=0.00..5.55 rows=112 width=0)
	        Index Cond: ((k >= 8593269) AND (k <= 8593369))

table 2 : explain SELECT k, c FROM sbtest2 WHERE k BETWEEN 8593269 AND 8593369
	Bitmap Heap Scan on sbtest2  (cost=5.47..405.13 rows=101 width=125)
	  Recheck Cond: ((k >= 8593269) AND (k <= 8593369))
	  ->  Bitmap Index Scan on k_2  (cost=0.00..5.44 rows=101 width=0)
	        Index Cond: ((k >= 8593269) AND (k <= 8593369))

table 3 : explain SELECT k, c FROM sbtest3 WHERE k BETWEEN 8593269 AND 8593369
	Bitmap Heap Scan on sbtest3  (cost=5.43..389.37 rows=97 width=125)
	  Recheck Cond: ((k >= 8593269) AND (k <= 8593369))
	  ->  Bitmap Index Scan on k_3  (cost=0.00..5.40 rows=97 width=0)
	        Index Cond: ((k >= 8593269) AND (k <= 8593369))

table 4 : explain SELECT k, c FROM sbtest4 WHERE k BETWEEN 8593269 AND 8593369
	Bitmap Heap Scan on sbtest4  (cost=5.39..373.61 rows=93 width=125)
	  Recheck Cond: ((k >= 8593269) AND (k <= 8593369))
	  ->  Bitmap Index Scan on k_4  (cost=0.00..5.36 rows=93 width=0)
	        Index Cond: ((k >= 8593269) AND (k <= 8593369))

table 5 : explain SELECT k, c FROM sbtest5 WHERE k BETWEEN 8593269 AND 8593369
	Bitmap Heap Scan on sbtest5  (cost=5.50..416.94 rows=104 width=125)
	  Recheck Cond: ((k >= 8593269) AND (k <= 8593369))
	  ->  Bitmap Index Scan on k_5  (cost=0.00..5.47 rows=104 width=0)
	        Index Cond: ((k >= 8593269) AND (k <= 8593369))

table 6 : explain SELECT k, c FROM sbtest6 WHERE k BETWEEN 8593269 AND 8593369
	Bitmap Heap Scan on sbtest6  (cost=5.46..401.19 rows=100 width=125)
	  Recheck Cond: ((k >= 8593269) AND (k <= 8593369))
	  ->  Bitmap Index Scan on k_6  (cost=0.00..5.43 rows=100 width=0)
	        Index Cond: ((k >= 8593269) AND (k <= 8593369))

table 7 : explain SELECT k, c FROM sbtest7 WHERE k BETWEEN 8593269 AND 8593369
	Bitmap Heap Scan on sbtest7  (cost=5.53..428.75 rows=107 width=125)
	  Recheck Cond: ((k >= 8593269) AND (k <= 8593369))
	  ->  Bitmap Index Scan on k_7  (cost=0.00..5.50 rows=107 width=0)
	        Index Cond: ((k >= 8593269) AND (k <= 8593369))

table 8 : explain SELECT k, c FROM sbtest8 WHERE k BETWEEN 8593269 AND 8593369
	Bitmap Heap Scan on sbtest8  (cost=5.41..381.49 rows=95 width=125)
	  Recheck Cond: ((k >= 8593269) AND (k <= 8593369))
	  ->  Bitmap Index Scan on k_8  (cost=0.00..5.38 rows=95 width=0)
	        Index Cond: ((k >= 8593269) AND (k <= 8593369))

explain: for range-notcovered :: explain SELECT k, c FROM sbtest%d WHERE k BETWEEN 8593269 AND 8593369
explain: for range-notcovered :: explain SELECT k, c FROM sbtest%d WHERE k BETWEEN 3871501 AND 3871601
for range-notcovered
table 1 : explain SELECT k, c FROM sbtest1 WHERE k BETWEEN 5679499 AND 5679599
	Bitmap Heap Scan on sbtest1  (cost=5.42..385.43 rows=96 width=125)
	  Recheck Cond: ((k >= 5679499) AND (k <= 5679599))
	  ->  Bitmap Index Scan on k_1  (cost=0.00..5.39 rows=96 width=0)
	        Index Cond: ((k >= 5679499) AND (k <= 5679599))

table 2 : explain SELECT k, c FROM sbtest2 WHERE k BETWEEN 5679499 AND 5679599
	Bitmap Heap Scan on sbtest2  (cost=5.53..428.75 rows=107 width=125)
	  Recheck Cond: ((k >= 5679499) AND (k <= 5679599))
	  ->  Bitmap Index Scan on k_2  (cost=0.00..5.50 rows=107 width=0)
	        Index Cond: ((k >= 5679499) AND (k <= 5679599))

table 3 : explain SELECT k, c FROM sbtest3 WHERE k BETWEEN 5679499 AND 5679599
	Bitmap Heap Scan on sbtest3  (cost=5.42..385.43 rows=96 width=125)
	  Recheck Cond: ((k >= 5679499) AND (k <= 5679599))
	  ->  Bitmap Index Scan on k_3  (cost=0.00..5.39 rows=96 width=0)
	        Index Cond: ((k >= 5679499) AND (k <= 5679599))

table 4 : explain SELECT k, c FROM sbtest4 WHERE k BETWEEN 5679499 AND 5679599
	Bitmap Heap Scan on sbtest4  (cost=5.43..389.37 rows=97 width=125)
	  Recheck Cond: ((k >= 5679499) AND (k <= 5679599))
	  ->  Bitmap Index Scan on k_4  (cost=0.00..5.40 rows=97 width=0)
	        Index Cond: ((k >= 5679499) AND (k <= 5679599))

table 5 : explain SELECT k, c FROM sbtest5 WHERE k BETWEEN 5679499 AND 5679599
	Bitmap Heap Scan on sbtest5  (cost=5.50..416.94 rows=104 width=125)
	  Recheck Cond: ((k >= 5679499) AND (k <= 5679599))
	  ->  Bitmap Index Scan on k_5  (cost=0.00..5.47 rows=104 width=0)
	        Index Cond: ((k >= 5679499) AND (k <= 5679599))

table 6 : explain SELECT k, c FROM sbtest6 WHERE k BETWEEN 5679499 AND 5679599
	Bitmap Heap Scan on sbtest6  (cost=5.47..405.13 rows=101 width=125)
	  Recheck Cond: ((k >= 5679499) AND (k <= 5679599))
	  ->  Bitmap Index Scan on k_6  (cost=0.00..5.44 rows=101 width=0)
	        Index Cond: ((k >= 5679499) AND (k <= 5679599))

table 7 : explain SELECT k, c FROM sbtest7 WHERE k BETWEEN 5679499 AND 5679599
	Bitmap Heap Scan on sbtest7  (cost=5.45..397.25 rows=99 width=125)
	  Recheck Cond: ((k >= 5679499) AND (k <= 5679599))
	  ->  Bitmap Index Scan on k_7  (cost=0.00..5.42 rows=99 width=0)
	        Index Cond: ((k >= 5679499) AND (k <= 5679599))

table 8 : explain SELECT k, c FROM sbtest8 WHERE k BETWEEN 5679499 AND 5679599
	Bitmap Heap Scan on sbtest8  (cost=5.52..424.81 rows=106 width=125)
	  Recheck Cond: ((k >= 5679499) AND (k <= 5679599))
	  ->  Bitmap Index Scan on k_8  (cost=0.00..5.50 rows=106 width=0)
	        Index Cond: ((k >= 5679499) AND (k <= 5679599))

explain: for range-notcovered :: explain SELECT k, c FROM sbtest%d WHERE k BETWEEN 5679499 AND 5679599
for range-notcovered
table 1 : explain SELECT k, c FROM sbtest1 WHERE k BETWEEN 8593269 AND 8593369
	Bitmap Heap Scan on sbtest1  (cost=5.58..448.42 rows=112 width=125)
	  Recheck Cond: ((k >= 8593269) AND (k <= 8593369))
	  ->  Bitmap Index Scan on k_1  (cost=0.00..5.55 rows=112 width=0)
	        Index Cond: ((k >= 8593269) AND (k <= 8593369))

table 2 : explain SELECT k, c FROM sbtest2 WHERE k BETWEEN 8593269 AND 8593369
	Bitmap Heap Scan on sbtest2  (cost=5.47..405.13 rows=101 width=125)
	  Recheck Cond: ((k >= 8593269) AND (k <= 8593369))
	  ->  Bitmap Index Scan on k_2  (cost=0.00..5.44 rows=101 width=0)
	        Index Cond: ((k >= 8593269) AND (k <= 8593369))

table 3 : explain SELECT k, c FROM sbtest3 WHERE k BETWEEN 8593269 AND 8593369
	Bitmap Heap Scan on sbtest3  (cost=5.43..389.37 rows=97 width=125)
	  Recheck Cond: ((k >= 8593269) AND (k <= 8593369))
	  ->  Bitmap Index Scan on k_3  (cost=0.00..5.40 rows=97 width=0)
	        Index Cond: ((k >= 8593269) AND (k <= 8593369))

table 4 : explain SELECT k, c FROM sbtest4 WHERE k BETWEEN 8593269 AND 8593369
	Bitmap Heap Scan on sbtest4  (cost=5.39..373.61 rows=93 width=125)
	  Recheck Cond: ((k >= 8593269) AND (k <= 8593369))
	  ->  Bitmap Index Scan on k_4  (cost=0.00..5.36 rows=93 width=0)
	        Index Cond: ((k >= 8593269) AND (k <= 8593369))

table 5 : explain SELECT k, c FROM sbtest5 WHERE k BETWEEN 8593269 AND 8593369
	Bitmap Heap Scan on sbtest5  (cost=5.50..416.94 rows=104 width=125)
	  Recheck Cond: ((k >= 8593269) AND (k <= 8593369))
	  ->  Bitmap Index Scan on k_5  (cost=0.00..5.47 rows=104 width=0)
	        Index Cond: ((k >= 8593269) AND (k <= 8593369))

table 6 : explain SELECT k, c FROM sbtest6 WHERE k BETWEEN 8593269 AND 8593369
	Bitmap Heap Scan on sbtest6  (cost=5.46..401.19 rows=100 width=125)
	  Recheck Cond: ((k >= 8593269) AND (k <= 8593369))
	  ->  Bitmap Index Scan on k_6  (cost=0.00..5.43 rows=100 width=0)
	        Index Cond: ((k >= 8593269) AND (k <= 8593369))

table 7 : explain SELECT k, c FROM sbtest7 WHERE k BETWEEN 8593269 AND 8593369
	Bitmap Heap Scan on sbtest7  (cost=5.53..428.75 rows=107 width=125)
	  Recheck Cond: ((k >= 8593269) AND (k <= 8593369))
	  ->  Bitmap Index Scan on k_7  (cost=0.00..5.50 rows=107 width=0)
	        Index Cond: ((k >= 8593269) AND (k <= 8593369))

table 8 : explain SELECT k, c FROM sbtest8 WHERE k BETWEEN 8593269 AND 8593369
	Bitmap Heap Scan on sbtest8  (cost=5.41..381.49 rows=95 width=125)
	  Recheck Cond: ((k >= 8593269) AND (k <= 8593369))
	  ->  Bitmap Index Scan on k_8  (cost=0.00..5.38 rows=95 width=0)
	        Index Cond: ((k >= 8593269) AND (k <= 8593369))

explain: for range-notcovered :: explain SELECT k, c FROM sbtest%d WHERE k BETWEEN 8593269 AND 8593369
explain: for range-notcovered :: explain SELECT k, c FROM sbtest%d WHERE k BETWEEN 2738243 AND 2738343
for range-notcovered
table 1 : explain SELECT k, c FROM sbtest1 WHERE k BETWEEN 5679499 AND 5679599
	Bitmap Heap Scan on sbtest1  (cost=5.42..385.43 rows=96 width=125)
	  Recheck Cond: ((k >= 5679499) AND (k <= 5679599))
	  ->  Bitmap Index Scan on k_1  (cost=0.00..5.39 rows=96 width=0)
	        Index Cond: ((k >= 5679499) AND (k <= 5679599))

table 2 : explain SELECT k, c FROM sbtest2 WHERE k BETWEEN 5679499 AND 5679599
	Bitmap Heap Scan on sbtest2  (cost=5.53..428.75 rows=107 width=125)
	  Recheck Cond: ((k >= 5679499) AND (k <= 5679599))
	  ->  Bitmap Index Scan on k_2  (cost=0.00..5.50 rows=107 width=0)
	        Index Cond: ((k >= 5679499) AND (k <= 5679599))

table 3 : explain SELECT k, c FROM sbtest3 WHERE k BETWEEN 5679499 AND 5679599
	Bitmap Heap Scan on sbtest3  (cost=5.42..385.43 rows=96 width=125)
	  Recheck Cond: ((k >= 5679499) AND (k <= 5679599))
	  ->  Bitmap Index Scan on k_3  (cost=0.00..5.39 rows=96 width=0)
	        Index Cond: ((k >= 5679499) AND (k <= 5679599))

table 4 : explain SELECT k, c FROM sbtest4 WHERE k BETWEEN 5679499 AND 5679599
	Bitmap Heap Scan on sbtest4  (cost=5.43..389.37 rows=97 width=125)
	  Recheck Cond: ((k >= 5679499) AND (k <= 5679599))
	  ->  Bitmap Index Scan on k_4  (cost=0.00..5.40 rows=97 width=0)
	        Index Cond: ((k >= 5679499) AND (k <= 5679599))

table 5 : explain SELECT k, c FROM sbtest5 WHERE k BETWEEN 5679499 AND 5679599
	Bitmap Heap Scan on sbtest5  (cost=5.50..416.94 rows=104 width=125)
	  Recheck Cond: ((k >= 5679499) AND (k <= 5679599))
	  ->  Bitmap Index Scan on k_5  (cost=0.00..5.47 rows=104 width=0)
	        Index Cond: ((k >= 5679499) AND (k <= 5679599))

table 6 : explain SELECT k, c FROM sbtest6 WHERE k BETWEEN 5679499 AND 5679599
	Bitmap Heap Scan on sbtest6  (cost=5.47..405.13 rows=101 width=125)
	  Recheck Cond: ((k >= 5679499) AND (k <= 5679599))
	  ->  Bitmap Index Scan on k_6  (cost=0.00..5.44 rows=101 width=0)
	        Index Cond: ((k >= 5679499) AND (k <= 5679599))

table 7 : explain SELECT k, c FROM sbtest7 WHERE k BETWEEN 5679499 AND 5679599
	Bitmap Heap Scan on sbtest7  (cost=5.45..397.25 rows=99 width=125)
	  Recheck Cond: ((k >= 5679499) AND (k <= 5679599))
	  ->  Bitmap Index Scan on k_7  (cost=0.00..5.42 rows=99 width=0)
	        Index Cond: ((k >= 5679499) AND (k <= 5679599))

table 8 : explain SELECT k, c FROM sbtest8 WHERE k BETWEEN 5679499 AND 5679599
	Bitmap Heap Scan on sbtest8  (cost=5.52..424.81 rows=106 width=125)
	  Recheck Cond: ((k >= 5679499) AND (k <= 5679599))
	  ->  Bitmap Index Scan on k_8  (cost=0.00..5.50 rows=106 width=0)
	        Index Cond: ((k >= 5679499) AND (k <= 5679599))

explain: for range-notcovered :: explain SELECT k, c FROM sbtest%d WHERE k BETWEEN 5679499 AND 5679599
for range-notcovered
table 1 : explain SELECT k, c FROM sbtest1 WHERE k BETWEEN 8593269 AND 8593369
	Bitmap Heap Scan on sbtest1  (cost=5.58..448.42 rows=112 width=125)
	  Recheck Cond: ((k >= 8593269) AND (k <= 8593369))
	  ->  Bitmap Index Scan on k_1  (cost=0.00..5.55 rows=112 width=0)
	        Index Cond: ((k >= 8593269) AND (k <= 8593369))

table 2 : explain SELECT k, c FROM sbtest2 WHERE k BETWEEN 8593269 AND 8593369
	Bitmap Heap Scan on sbtest2  (cost=5.47..405.13 rows=101 width=125)
	  Recheck Cond: ((k >= 8593269) AND (k <= 8593369))
	  ->  Bitmap Index Scan on k_2  (cost=0.00..5.44 rows=101 width=0)
	        Index Cond: ((k >= 8593269) AND (k <= 8593369))

table 3 : explain SELECT k, c FROM sbtest3 WHERE k BETWEEN 8593269 AND 8593369
	Bitmap Heap Scan on sbtest3  (cost=5.43..389.37 rows=97 width=125)
	  Recheck Cond: ((k >= 8593269) AND (k <= 8593369))
	  ->  Bitmap Index Scan on k_3  (cost=0.00..5.40 rows=97 width=0)
	        Index Cond: ((k >= 8593269) AND (k <= 8593369))

table 4 : explain SELECT k, c FROM sbtest4 WHERE k BETWEEN 8593269 AND 8593369
	Bitmap Heap Scan on sbtest4  (cost=5.39..373.61 rows=93 width=125)
	  Recheck Cond: ((k >= 8593269) AND (k <= 8593369))
	  ->  Bitmap Index Scan on k_4  (cost=0.00..5.36 rows=93 width=0)
	        Index Cond: ((k >= 8593269) AND (k <= 8593369))

table 5 : explain SELECT k, c FROM sbtest5 WHERE k BETWEEN 8593269 AND 8593369
	Bitmap Heap Scan on sbtest5  (cost=5.50..416.94 rows=104 width=125)
	  Recheck Cond: ((k >= 8593269) AND (k <= 8593369))
	  ->  Bitmap Index Scan on k_5  (cost=0.00..5.47 rows=104 width=0)
	        Index Cond: ((k >= 8593269) AND (k <= 8593369))

table 6 : explain SELECT k, c FROM sbtest6 WHERE k BETWEEN 8593269 AND 8593369
	Bitmap Heap Scan on sbtest6  (cost=5.46..401.19 rows=100 width=125)
	  Recheck Cond: ((k >= 8593269) AND (k <= 8593369))
	  ->  Bitmap Index Scan on k_6  (cost=0.00..5.43 rows=100 width=0)
	        Index Cond: ((k >= 8593269) AND (k <= 8593369))

table 7 : explain SELECT k, c FROM sbtest7 WHERE k BETWEEN 8593269 AND 8593369
	Bitmap Heap Scan on sbtest7  (cost=5.53..428.75 rows=107 width=125)
	  Recheck Cond: ((k >= 8593269) AND (k <= 8593369))
	  ->  Bitmap Index Scan on k_7  (cost=0.00..5.50 rows=107 width=0)
	        Index Cond: ((k >= 8593269) AND (k <= 8593369))

table 8 : explain SELECT k, c FROM sbtest8 WHERE k BETWEEN 8593269 AND 8593369
	Bitmap Heap Scan on sbtest8  (cost=5.41..381.49 rows=95 width=125)
	  Recheck Cond: ((k >= 8593269) AND (k <= 8593369))
	  ->  Bitmap Index Scan on k_8  (cost=0.00..5.38 rows=95 width=0)
	        Index Cond: ((k >= 8593269) AND (k <= 8593369))

for range-notcovered
table 1 : explain SELECT k, c FROM sbtest1 WHERE k BETWEEN 4967942 AND 4968042
	Bitmap Heap Scan on sbtest1  (cost=5.57..444.49 rows=111 width=125)
	  Recheck Cond: ((k >= 4967942) AND (k <= 4968042))
	  ->  Bitmap Index Scan on k_1  (cost=0.00..5.54 rows=111 width=0)
	        Index Cond: ((k >= 4967942) AND (k <= 4968042))

table 2 : explain SELECT k, c FROM sbtest2 WHERE k BETWEEN 4967942 AND 4968042
	Bitmap Heap Scan on sbtest2  (cost=5.39..373.61 rows=93 width=125)
	  Recheck Cond: ((k >= 4967942) AND (k <= 4968042))
	  ->  Bitmap Index Scan on k_2  (cost=0.00..5.36 rows=93 width=0)
	        Index Cond: ((k >= 4967942) AND (k <= 4968042))

table 3 : explain SELECT k, c FROM sbtest3 WHERE k BETWEEN 4967942 AND 4968042
	Bitmap Heap Scan on sbtest3  (cost=5.42..385.43 rows=96 width=125)
	  Recheck Cond: ((k >= 4967942) AND (k <= 4968042))
	  ->  Bitmap Index Scan on k_3  (cost=0.00..5.39 rows=96 width=0)
	        Index Cond: ((k >= 4967942) AND (k <= 4968042))

table 4 : explain SELECT k, c FROM sbtest4 WHERE k BETWEEN 4967942 AND 4968042
	Bitmap Heap Scan on sbtest4  (cost=5.48..409.07 rows=102 width=125)
	  Recheck Cond: ((k >= 4967942) AND (k <= 4968042))
	  ->  Bitmap Index Scan on k_4  (cost=0.00..5.45 rows=102 width=0)
	        Index Cond: ((k >= 4967942) AND (k <= 4968042))

table 5 : explain SELECT k, c FROM sbtest5 WHERE k BETWEEN 4967942 AND 4968042
	Bitmap Heap Scan on sbtest5  (cost=5.62..464.15 rows=116 width=125)
	  Recheck Cond: ((k >= 4967942) AND (k <= 4968042))
	  ->  Bitmap Index Scan on k_5  (cost=0.00..5.59 rows=116 width=0)
	        Index Cond: ((k >= 4967942) AND (k <= 4968042))

table 6 : explain SELECT k, c FROM sbtest6 WHERE k BETWEEN 4967942 AND 4968042
	Bitmap Heap Scan on sbtest6  (cost=5.48..409.07 rows=102 width=125)
	  Recheck Cond: ((k >= 4967942) AND (k <= 4968042))
	  ->  Bitmap Index Scan on k_6  (cost=0.00..5.45 rows=102 width=0)
	        Index Cond: ((k >= 4967942) AND (k <= 4968042))

table 7 : explain SELECT k, c FROM sbtest7 WHERE k BETWEEN 4967942 AND 4968042
	Bitmap Heap Scan on sbtest7  (cost=5.43..389.37 rows=97 width=125)
	  Recheck Cond: ((k >= 4967942) AND (k <= 4968042))
	  ->  Bitmap Index Scan on k_7  (cost=0.00..5.40 rows=97 width=0)
	        Index Cond: ((k >= 4967942) AND (k <= 4968042))

table 8 : explain SELECT k, c FROM sbtest8 WHERE k BETWEEN 4967942 AND 4968042
	Bitmap Heap Scan on sbtest8  (cost=5.48..409.07 rows=102 width=125)
	  Recheck Cond: ((k >= 4967942) AND (k <= 4968042))
	  ->  Bitmap Index Scan on k_8  (cost=0.00..5.45 rows=102 width=0)
	        Index Cond: ((k >= 4967942) AND (k <= 4968042))

explain: for range-notcovered :: explain SELECT k, c FROM sbtest%d WHERE k BETWEEN 8593269 AND 8593369
explain: for range-notcovered :: explain SELECT k, c FROM sbtest%d WHERE k BETWEEN 4967942 AND 4968042
explain: for range-notcovered :: explain SELECT k, c FROM sbtest%d WHERE k BETWEEN 6911138 AND 6911238
for range-notcovered
table 1 : explain SELECT k, c FROM sbtest1 WHERE k BETWEEN 5679499 AND 5679599
	Bitmap Heap Scan on sbtest1  (cost=5.42..385.43 rows=96 width=125)
	  Recheck Cond: ((k >= 5679499) AND (k <= 5679599))
	  ->  Bitmap Index Scan on k_1  (cost=0.00..5.39 rows=96 width=0)
	        Index Cond: ((k >= 5679499) AND (k <= 5679599))

table 2 : explain SELECT k, c FROM sbtest2 WHERE k BETWEEN 5679499 AND 5679599
	Bitmap Heap Scan on sbtest2  (cost=5.53..428.75 rows=107 width=125)
	  Recheck Cond: ((k >= 5679499) AND (k <= 5679599))
	  ->  Bitmap Index Scan on k_2  (cost=0.00..5.50 rows=107 width=0)
	        Index Cond: ((k >= 5679499) AND (k <= 5679599))

table 3 : explain SELECT k, c FROM sbtest3 WHERE k BETWEEN 5679499 AND 5679599
	Bitmap Heap Scan on sbtest3  (cost=5.42..385.43 rows=96 width=125)
	  Recheck Cond: ((k >= 5679499) AND (k <= 5679599))
	  ->  Bitmap Index Scan on k_3  (cost=0.00..5.39 rows=96 width=0)
	        Index Cond: ((k >= 5679499) AND (k <= 5679599))

table 4 : explain SELECT k, c FROM sbtest4 WHERE k BETWEEN 5679499 AND 5679599
	Bitmap Heap Scan on sbtest4  (cost=5.43..389.37 rows=97 width=125)
	  Recheck Cond: ((k >= 5679499) AND (k <= 5679599))
	  ->  Bitmap Index Scan on k_4  (cost=0.00..5.40 rows=97 width=0)
	        Index Cond: ((k >= 5679499) AND (k <= 5679599))

table 5 : explain SELECT k, c FROM sbtest5 WHERE k BETWEEN 5679499 AND 5679599
	Bitmap Heap Scan on sbtest5  (cost=5.50..416.94 rows=104 width=125)
	  Recheck Cond: ((k >= 5679499) AND (k <= 5679599))
	  ->  Bitmap Index Scan on k_5  (cost=0.00..5.47 rows=104 width=0)
	        Index Cond: ((k >= 5679499) AND (k <= 5679599))

table 6 : explain SELECT k, c FROM sbtest6 WHERE k BETWEEN 5679499 AND 5679599
	Bitmap Heap Scan on sbtest6  (cost=5.47..405.13 rows=101 width=125)
	  Recheck Cond: ((k >= 5679499) AND (k <= 5679599))
	  ->  Bitmap Index Scan on k_6  (cost=0.00..5.44 rows=101 width=0)
	        Index Cond: ((k >= 5679499) AND (k <= 5679599))

table 7 : explain SELECT k, c FROM sbtest7 WHERE k BETWEEN 5679499 AND 5679599
	Bitmap Heap Scan on sbtest7  (cost=5.45..397.25 rows=99 width=125)
	  Recheck Cond: ((k >= 5679499) AND (k <= 5679599))
	  ->  Bitmap Index Scan on k_7  (cost=0.00..5.42 rows=99 width=0)
	        Index Cond: ((k >= 5679499) AND (k <= 5679599))

table 8 : explain SELECT k, c FROM sbtest8 WHERE k BETWEEN 5679499 AND 5679599
	Bitmap Heap Scan on sbtest8  (cost=5.52..424.81 rows=106 width=125)
	  Recheck Cond: ((k >= 5679499) AND (k <= 5679599))
	  ->  Bitmap Index Scan on k_8  (cost=0.00..5.50 rows=106 width=0)
	        Index Cond: ((k >= 5679499) AND (k <= 5679599))

explain: for range-notcovered :: explain SELECT k, c FROM sbtest%d WHERE k BETWEEN 4030166 AND 4030266
explain: for range-notcovered :: explain SELECT k, c FROM sbtest%d WHERE k BETWEEN 5679499 AND 5679599
explain: for range-notcovered :: explain SELECT k, c FROM sbtest%d WHERE k BETWEEN 4673975 AND 4674075
for range-notcovered
table 1 : explain SELECT k, c FROM sbtest1 WHERE k BETWEEN 8593269 AND 8593369
	Bitmap Heap Scan on sbtest1  (cost=5.58..448.42 rows=112 width=125)
	  Recheck Cond: ((k >= 8593269) AND (k <= 8593369))
	  ->  Bitmap Index Scan on k_1  (cost=0.00..5.55 rows=112 width=0)
	        Index Cond: ((k >= 8593269) AND (k <= 8593369))

table 2 : explain SELECT k, c FROM sbtest2 WHERE k BETWEEN 8593269 AND 8593369
	Bitmap Heap Scan on sbtest2  (cost=5.47..405.13 rows=101 width=125)
	  Recheck Cond: ((k >= 8593269) AND (k <= 8593369))
	  ->  Bitmap Index Scan on k_2  (cost=0.00..5.44 rows=101 width=0)
	        Index Cond: ((k >= 8593269) AND (k <= 8593369))

table 3 : explain SELECT k, c FROM sbtest3 WHERE k BETWEEN 8593269 AND 8593369
	Bitmap Heap Scan on sbtest3  (cost=5.43..389.37 rows=97 width=125)
	  Recheck Cond: ((k >= 8593269) AND (k <= 8593369))
	  ->  Bitmap Index Scan on k_3  (cost=0.00..5.40 rows=97 width=0)
	        Index Cond: ((k >= 8593269) AND (k <= 8593369))

table 4 : explain SELECT k, c FROM sbtest4 WHERE k BETWEEN 8593269 AND 8593369
	Bitmap Heap Scan on sbtest4  (cost=5.39..373.61 rows=93 width=125)
	  Recheck Cond: ((k >= 8593269) AND (k <= 8593369))
	  ->  Bitmap Index Scan on k_4  (cost=0.00..5.36 rows=93 width=0)
	        Index Cond: ((k >= 8593269) AND (k <= 8593369))

table 5 : explain SELECT k, c FROM sbtest5 WHERE k BETWEEN 8593269 AND 8593369
	Bitmap Heap Scan on sbtest5  (cost=5.50..416.94 rows=104 width=125)
	  Recheck Cond: ((k >= 8593269) AND (k <= 8593369))
	  ->  Bitmap Index Scan on k_5  (cost=0.00..5.47 rows=104 width=0)
	        Index Cond: ((k >= 8593269) AND (k <= 8593369))

table 6 : explain SELECT k, c FROM sbtest6 WHERE k BETWEEN 8593269 AND 8593369
	Bitmap Heap Scan on sbtest6  (cost=5.46..401.19 rows=100 width=125)
	  Recheck Cond: ((k >= 8593269) AND (k <= 8593369))
	  ->  Bitmap Index Scan on k_6  (cost=0.00..5.43 rows=100 width=0)
	        Index Cond: ((k >= 8593269) AND (k <= 8593369))

table 7 : explain SELECT k, c FROM sbtest7 WHERE k BETWEEN 8593269 AND 8593369
	Bitmap Heap Scan on sbtest7  (cost=5.53..428.75 rows=107 width=125)
	  Recheck Cond: ((k >= 8593269) AND (k <= 8593369))
	  ->  Bitmap Index Scan on k_7  (cost=0.00..5.50 rows=107 width=0)
	        Index Cond: ((k >= 8593269) AND (k <= 8593369))

table 8 : explain SELECT k, c FROM sbtest8 WHERE k BETWEEN 8593269 AND 8593369
	Bitmap Heap Scan on sbtest8  (cost=5.41..381.49 rows=95 width=125)
	  Recheck Cond: ((k >= 8593269) AND (k <= 8593369))
	  ->  Bitmap Index Scan on k_8  (cost=0.00..5.38 rows=95 width=0)
	        Index Cond: ((k >= 8593269) AND (k <= 8593369))

explain: for range-notcovered :: explain SELECT k, c FROM sbtest%d WHERE k BETWEEN 8593269 AND 8593369
for range-notcovered
table 1 : explain SELECT k, c FROM sbtest1 WHERE k BETWEEN 4967942 AND 4968042
	Bitmap Heap Scan on sbtest1  (cost=5.57..444.49 rows=111 width=125)
	  Recheck Cond: ((k >= 4967942) AND (k <= 4968042))
	  ->  Bitmap Index Scan on k_1  (cost=0.00..5.54 rows=111 width=0)
	        Index Cond: ((k >= 4967942) AND (k <= 4968042))

table 2 : explain SELECT k, c FROM sbtest2 WHERE k BETWEEN 4967942 AND 4968042
	Bitmap Heap Scan on sbtest2  (cost=5.39..373.61 rows=93 width=125)
	  Recheck Cond: ((k >= 4967942) AND (k <= 4968042))
	  ->  Bitmap Index Scan on k_2  (cost=0.00..5.36 rows=93 width=0)
	        Index Cond: ((k >= 4967942) AND (k <= 4968042))

table 3 : explain SELECT k, c FROM sbtest3 WHERE k BETWEEN 4967942 AND 4968042
	Bitmap Heap Scan on sbtest3  (cost=5.42..385.43 rows=96 width=125)
	  Recheck Cond: ((k >= 4967942) AND (k <= 4968042))
	  ->  Bitmap Index Scan on k_3  (cost=0.00..5.39 rows=96 width=0)
	        Index Cond: ((k >= 4967942) AND (k <= 4968042))

table 4 : explain SELECT k, c FROM sbtest4 WHERE k BETWEEN 4967942 AND 4968042
	Bitmap Heap Scan on sbtest4  (cost=5.48..409.07 rows=102 width=125)
	  Recheck Cond: ((k >= 4967942) AND (k <= 4968042))
	  ->  Bitmap Index Scan on k_4  (cost=0.00..5.45 rows=102 width=0)
	        Index Cond: ((k >= 4967942) AND (k <= 4968042))

table 5 : explain SELECT k, c FROM sbtest5 WHERE k BETWEEN 4967942 AND 4968042
	Bitmap Heap Scan on sbtest5  (cost=5.62..464.15 rows=116 width=125)
	  Recheck Cond: ((k >= 4967942) AND (k <= 4968042))
	  ->  Bitmap Index Scan on k_5  (cost=0.00..5.59 rows=116 width=0)
	        Index Cond: ((k >= 4967942) AND (k <= 4968042))

table 6 : explain SELECT k, c FROM sbtest6 WHERE k BETWEEN 4967942 AND 4968042
	Bitmap Heap Scan on sbtest6  (cost=5.48..409.07 rows=102 width=125)
	  Recheck Cond: ((k >= 4967942) AND (k <= 4968042))
	  ->  Bitmap Index Scan on k_6  (cost=0.00..5.45 rows=102 width=0)
	        Index Cond: ((k >= 4967942) AND (k <= 4968042))

table 7 : explain SELECT k, c FROM sbtest7 WHERE k BETWEEN 4967942 AND 4968042
	Bitmap Heap Scan on sbtest7  (cost=5.43..389.37 rows=97 width=125)
	  Recheck Cond: ((k >= 4967942) AND (k <= 4968042))
	  ->  Bitmap Index Scan on k_7  (cost=0.00..5.40 rows=97 width=0)
	        Index Cond: ((k >= 4967942) AND (k <= 4968042))

table 8 : explain SELECT k, c FROM sbtest8 WHERE k BETWEEN 4967942 AND 4968042
	Bitmap Heap Scan on sbtest8  (cost=5.48..409.07 rows=102 width=125)
	  Recheck Cond: ((k >= 4967942) AND (k <= 4968042))
	  ->  Bitmap Index Scan on k_8  (cost=0.00..5.45 rows=102 width=0)
	        Index Cond: ((k >= 4967942) AND (k <= 4968042))

explain: for range-notcovered :: explain SELECT k, c FROM sbtest%d WHERE k BETWEEN 4967942 AND 4968042
for range-notcovered
table 1 : explain SELECT k, c FROM sbtest1 WHERE k BETWEEN 4844521 AND 4844621
	Bitmap Heap Scan on sbtest1  (cost=5.41..381.49 rows=95 width=125)
	  Recheck Cond: ((k >= 4844521) AND (k <= 4844621))
	  ->  Bitmap Index Scan on k_1  (cost=0.00..5.38 rows=95 width=0)
	        Index Cond: ((k >= 4844521) AND (k <= 4844621))

table 2 : explain SELECT k, c FROM sbtest2 WHERE k BETWEEN 4844521 AND 4844621
	Bitmap Heap Scan on sbtest2  (cost=5.45..397.25 rows=99 width=125)
	  Recheck Cond: ((k >= 4844521) AND (k <= 4844621))
	  ->  Bitmap Index Scan on k_2  (cost=0.00..5.42 rows=99 width=0)
	        Index Cond: ((k >= 4844521) AND (k <= 4844621))

table 3 : explain SELECT k, c FROM sbtest3 WHERE k BETWEEN 4844521 AND 4844621
	Bitmap Heap Scan on sbtest3  (cost=5.42..385.43 rows=96 width=125)
	  Recheck Cond: ((k >= 4844521) AND (k <= 4844621))
	  ->  Bitmap Index Scan on k_3  (cost=0.00..5.39 rows=96 width=0)
	        Index Cond: ((k >= 4844521) AND (k <= 4844621))

table 4 : explain SELECT k, c FROM sbtest4 WHERE k BETWEEN 4844521 AND 4844621
	Bitmap Heap Scan on sbtest4  (cost=5.40..377.55 rows=94 width=125)
	  Recheck Cond: ((k >= 4844521) AND (k <= 4844621))
	  ->  Bitmap Index Scan on k_4  (cost=0.00..5.38 rows=94 width=0)
	        Index Cond: ((k >= 4844521) AND (k <= 4844621))

table 5 : explain SELECT k, c FROM sbtest5 WHERE k BETWEEN 4844521 AND 4844621
	Bitmap Heap Scan on sbtest5  (cost=5.48..409.07 rows=102 width=125)
	  Recheck Cond: ((k >= 4844521) AND (k <= 4844621))
	  ->  Bitmap Index Scan on k_5  (cost=0.00..5.45 rows=102 width=0)
	        Index Cond: ((k >= 4844521) AND (k <= 4844621))

table 6 : explain SELECT k, c FROM sbtest6 WHERE k BETWEEN 4844521 AND 4844621
	Bitmap Heap Scan on sbtest6  (cost=5.42..385.43 rows=96 width=125)
	  Recheck Cond: ((k >= 4844521) AND (k <= 4844621))
	  ->  Bitmap Index Scan on k_6  (cost=0.00..5.39 rows=96 width=0)
	        Index Cond: ((k >= 4844521) AND (k <= 4844621))

table 7 : explain SELECT k, c FROM sbtest7 WHERE k BETWEEN 4844521 AND 4844621
	Bitmap Heap Scan on sbtest7  (cost=5.43..389.37 rows=97 width=125)
	  Recheck Cond: ((k >= 4844521) AND (k <= 4844621))
	  ->  Bitmap Index Scan on k_7  (cost=0.00..5.40 rows=97 width=0)
	        Index Cond: ((k >= 4844521) AND (k <= 4844621))

table 8 : explain SELECT k, c FROM sbtest8 WHERE k BETWEEN 4844521 AND 4844621
	Bitmap Heap Scan on sbtest8  (cost=5.56..440.56 rows=110 width=125)
	  Recheck Cond: ((k >= 4844521) AND (k <= 4844621))
	  ->  Bitmap Index Scan on k_8  (cost=0.00..5.53 rows=110 width=0)
	        Index Cond: ((k >= 4844521) AND (k <= 4844621))

explain: for range-notcovered :: explain SELECT k, c FROM sbtest%d WHERE k BETWEEN 6442136 AND 6442236
explain: for range-notcovered :: explain SELECT k, c FROM sbtest%d WHERE k BETWEEN 4844521 AND 4844621
for range-notcovered
table 1 : explain SELECT k, c FROM sbtest1 WHERE k BETWEEN 5679499 AND 5679599
	Bitmap Heap Scan on sbtest1  (cost=5.42..385.43 rows=96 width=125)
	  Recheck Cond: ((k >= 5679499) AND (k <= 5679599))
	  ->  Bitmap Index Scan on k_1  (cost=0.00..5.39 rows=96 width=0)
	        Index Cond: ((k >= 5679499) AND (k <= 5679599))

table 2 : explain SELECT k, c FROM sbtest2 WHERE k BETWEEN 5679499 AND 5679599
	Bitmap Heap Scan on sbtest2  (cost=5.53..428.75 rows=107 width=125)
	  Recheck Cond: ((k >= 5679499) AND (k <= 5679599))
	  ->  Bitmap Index Scan on k_2  (cost=0.00..5.50 rows=107 width=0)
	        Index Cond: ((k >= 5679499) AND (k <= 5679599))

table 3 : explain SELECT k, c FROM sbtest3 WHERE k BETWEEN 5679499 AND 5679599
	Bitmap Heap Scan on sbtest3  (cost=5.42..385.43 rows=96 width=125)
	  Recheck Cond: ((k >= 5679499) AND (k <= 5679599))
	  ->  Bitmap Index Scan on k_3  (cost=0.00..5.39 rows=96 width=0)
	        Index Cond: ((k >= 5679499) AND (k <= 5679599))

table 4 : explain SELECT k, c FROM sbtest4 WHERE k BETWEEN 5679499 AND 5679599
	Bitmap Heap Scan on sbtest4  (cost=5.43..389.37 rows=97 width=125)
	  Recheck Cond: ((k >= 5679499) AND (k <= 5679599))
	  ->  Bitmap Index Scan on k_4  (cost=0.00..5.40 rows=97 width=0)
	        Index Cond: ((k >= 5679499) AND (k <= 5679599))

table 5 : explain SELECT k, c FROM sbtest5 WHERE k BETWEEN 5679499 AND 5679599
	Bitmap Heap Scan on sbtest5  (cost=5.50..416.94 rows=104 width=125)
	  Recheck Cond: ((k >= 5679499) AND (k <= 5679599))
	  ->  Bitmap Index Scan on k_5  (cost=0.00..5.47 rows=104 width=0)
	        Index Cond: ((k >= 5679499) AND (k <= 5679599))

table 6 : explain SELECT k, c FROM sbtest6 WHERE k BETWEEN 5679499 AND 5679599
	Bitmap Heap Scan on sbtest6  (cost=5.47..405.13 rows=101 width=125)
	  Recheck Cond: ((k >= 5679499) AND (k <= 5679599))
	  ->  Bitmap Index Scan on k_6  (cost=0.00..5.44 rows=101 width=0)
	        Index Cond: ((k >= 5679499) AND (k <= 5679599))

table 7 : explain SELECT k, c FROM sbtest7 WHERE k BETWEEN 5679499 AND 5679599
	Bitmap Heap Scan on sbtest7  (cost=5.45..397.25 rows=99 width=125)
	  Recheck Cond: ((k >= 5679499) AND (k <= 5679599))
	  ->  Bitmap Index Scan on k_7  (cost=0.00..5.42 rows=99 width=0)
	        Index Cond: ((k >= 5679499) AND (k <= 5679599))

table 8 : explain SELECT k, c FROM sbtest8 WHERE k BETWEEN 5679499 AND 5679599
	Bitmap Heap Scan on sbtest8  (cost=5.52..424.81 rows=106 width=125)
	  Recheck Cond: ((k >= 5679499) AND (k <= 5679599))
	  ->  Bitmap Index Scan on k_8  (cost=0.00..5.50 rows=106 width=0)
	        Index Cond: ((k >= 5679499) AND (k <= 5679599))

explain: for range-notcovered :: explain SELECT k, c FROM sbtest%d WHERE k BETWEEN 5679499 AND 5679599
for range-notcovered
table 1 : explain SELECT k, c FROM sbtest1 WHERE k BETWEEN 8593269 AND 8593369
	Bitmap Heap Scan on sbtest1  (cost=5.58..448.42 rows=112 width=125)
	  Recheck Cond: ((k >= 8593269) AND (k <= 8593369))
	  ->  Bitmap Index Scan on k_1  (cost=0.00..5.55 rows=112 width=0)
	        Index Cond: ((k >= 8593269) AND (k <= 8593369))

table 2 : explain SELECT k, c FROM sbtest2 WHERE k BETWEEN 8593269 AND 8593369
	Bitmap Heap Scan on sbtest2  (cost=5.47..405.13 rows=101 width=125)
	  Recheck Cond: ((k >= 8593269) AND (k <= 8593369))
	  ->  Bitmap Index Scan on k_2  (cost=0.00..5.44 rows=101 width=0)
	        Index Cond: ((k >= 8593269) AND (k <= 8593369))

table 3 : explain SELECT k, c FROM sbtest3 WHERE k BETWEEN 8593269 AND 8593369
	Bitmap Heap Scan on sbtest3  (cost=5.43..389.37 rows=97 width=125)
	  Recheck Cond: ((k >= 8593269) AND (k <= 8593369))
	  ->  Bitmap Index Scan on k_3  (cost=0.00..5.40 rows=97 width=0)
	        Index Cond: ((k >= 8593269) AND (k <= 8593369))

table 4 : explain SELECT k, c FROM sbtest4 WHERE k BETWEEN 8593269 AND 8593369
	Bitmap Heap Scan on sbtest4  (cost=5.39..373.61 rows=93 width=125)
	  Recheck Cond: ((k >= 8593269) AND (k <= 8593369))
	  ->  Bitmap Index Scan on k_4  (cost=0.00..5.36 rows=93 width=0)
	        Index Cond: ((k >= 8593269) AND (k <= 8593369))

table 5 : explain SELECT k, c FROM sbtest5 WHERE k BETWEEN 8593269 AND 8593369
	Bitmap Heap Scan on sbtest5  (cost=5.50..416.94 rows=104 width=125)
	  Recheck Cond: ((k >= 8593269) AND (k <= 8593369))
	  ->  Bitmap Index Scan on k_5  (cost=0.00..5.47 rows=104 width=0)
	        Index Cond: ((k >= 8593269) AND (k <= 8593369))

table 6 : explain SELECT k, c FROM sbtest6 WHERE k BETWEEN 8593269 AND 8593369
	Bitmap Heap Scan on sbtest6  (cost=5.46..401.19 rows=100 width=125)
	  Recheck Cond: ((k >= 8593269) AND (k <= 8593369))
	  ->  Bitmap Index Scan on k_6  (cost=0.00..5.43 rows=100 width=0)
	        Index Cond: ((k >= 8593269) AND (k <= 8593369))

table 7 : explain SELECT k, c FROM sbtest7 WHERE k BETWEEN 8593269 AND 8593369
	Bitmap Heap Scan on sbtest7  (cost=5.53..428.75 rows=107 width=125)
	  Recheck Cond: ((k >= 8593269) AND (k <= 8593369))
	  ->  Bitmap Index Scan on k_7  (cost=0.00..5.50 rows=107 width=0)
	        Index Cond: ((k >= 8593269) AND (k <= 8593369))

table 8 : explain SELECT k, c FROM sbtest8 WHERE k BETWEEN 8593269 AND 8593369
	Bitmap Heap Scan on sbtest8  (cost=5.41..381.49 rows=95 width=125)
	  Recheck Cond: ((k >= 8593269) AND (k <= 8593369))
	  ->  Bitmap Index Scan on k_8  (cost=0.00..5.38 rows=95 width=0)
	        Index Cond: ((k >= 8593269) AND (k <= 8593369))

explain: for range-notcovered :: explain SELECT k, c FROM sbtest%d WHERE k BETWEEN 8593269 AND 8593369
for range-notcovered
table 1 : explain SELECT k, c FROM sbtest1 WHERE k BETWEEN 4967942 AND 4968042
	Bitmap Heap Scan on sbtest1  (cost=5.57..444.49 rows=111 width=125)
	  Recheck Cond: ((k >= 4967942) AND (k <= 4968042))
	  ->  Bitmap Index Scan on k_1  (cost=0.00..5.54 rows=111 width=0)
	        Index Cond: ((k >= 4967942) AND (k <= 4968042))

table 2 : explain SELECT k, c FROM sbtest2 WHERE k BETWEEN 4967942 AND 4968042
	Bitmap Heap Scan on sbtest2  (cost=5.39..373.61 rows=93 width=125)
	  Recheck Cond: ((k >= 4967942) AND (k <= 4968042))
	  ->  Bitmap Index Scan on k_2  (cost=0.00..5.36 rows=93 width=0)
	        Index Cond: ((k >= 4967942) AND (k <= 4968042))

table 3 : explain SELECT k, c FROM sbtest3 WHERE k BETWEEN 4967942 AND 4968042
	Bitmap Heap Scan on sbtest3  (cost=5.42..385.43 rows=96 width=125)
	  Recheck Cond: ((k >= 4967942) AND (k <= 4968042))
	  ->  Bitmap Index Scan on k_3  (cost=0.00..5.39 rows=96 width=0)
	        Index Cond: ((k >= 4967942) AND (k <= 4968042))

table 4 : explain SELECT k, c FROM sbtest4 WHERE k BETWEEN 4967942 AND 4968042
	Bitmap Heap Scan on sbtest4  (cost=5.48..409.07 rows=102 width=125)
	  Recheck Cond: ((k >= 4967942) AND (k <= 4968042))
	  ->  Bitmap Index Scan on k_4  (cost=0.00..5.45 rows=102 width=0)
	        Index Cond: ((k >= 4967942) AND (k <= 4968042))

table 5 : explain SELECT k, c FROM sbtest5 WHERE k BETWEEN 4967942 AND 4968042
	Bitmap Heap Scan on sbtest5  (cost=5.62..464.15 rows=116 width=125)
	  Recheck Cond: ((k >= 4967942) AND (k <= 4968042))
	  ->  Bitmap Index Scan on k_5  (cost=0.00..5.59 rows=116 width=0)
	        Index Cond: ((k >= 4967942) AND (k <= 4968042))

table 6 : explain SELECT k, c FROM sbtest6 WHERE k BETWEEN 4967942 AND 4968042
	Bitmap Heap Scan on sbtest6  (cost=5.48..409.07 rows=102 width=125)
	  Recheck Cond: ((k >= 4967942) AND (k <= 4968042))
	  ->  Bitmap Index Scan on k_6  (cost=0.00..5.45 rows=102 width=0)
	        Index Cond: ((k >= 4967942) AND (k <= 4968042))

table 7 : explain SELECT k, c FROM sbtest7 WHERE k BETWEEN 4967942 AND 4968042
	Bitmap Heap Scan on sbtest7  (cost=5.43..389.37 rows=97 width=125)
	  Recheck Cond: ((k >= 4967942) AND (k <= 4968042))
	  ->  Bitmap Index Scan on k_7  (cost=0.00..5.40 rows=97 width=0)
	        Index Cond: ((k >= 4967942) AND (k <= 4968042))

table 8 : explain SELECT k, c FROM sbtest8 WHERE k BETWEEN 4967942 AND 4968042
	Bitmap Heap Scan on sbtest8  (cost=5.48..409.07 rows=102 width=125)
	  Recheck Cond: ((k >= 4967942) AND (k <= 4968042))
	  ->  Bitmap Index Scan on k_8  (cost=0.00..5.45 rows=102 width=0)
	        Index Cond: ((k >= 4967942) AND (k <= 4968042))

explain: for range-notcovered :: explain SELECT k, c FROM sbtest%d WHERE k BETWEEN 4967942 AND 4968042
for range-notcovered
table 1 : explain SELECT k, c FROM sbtest1 WHERE k BETWEEN 4844521 AND 4844621
	Bitmap Heap Scan on sbtest1  (cost=5.41..381.49 rows=95 width=125)
	  Recheck Cond: ((k >= 4844521) AND (k <= 4844621))
	  ->  Bitmap Index Scan on k_1  (cost=0.00..5.38 rows=95 width=0)
	        Index Cond: ((k >= 4844521) AND (k <= 4844621))

table 2 : explain SELECT k, c FROM sbtest2 WHERE k BETWEEN 4844521 AND 4844621
	Bitmap Heap Scan on sbtest2  (cost=5.45..397.25 rows=99 width=125)
	  Recheck Cond: ((k >= 4844521) AND (k <= 4844621))
	  ->  Bitmap Index Scan on k_2  (cost=0.00..5.42 rows=99 width=0)
	        Index Cond: ((k >= 4844521) AND (k <= 4844621))

table 3 : explain SELECT k, c FROM sbtest3 WHERE k BETWEEN 4844521 AND 4844621
	Bitmap Heap Scan on sbtest3  (cost=5.42..385.43 rows=96 width=125)
	  Recheck Cond: ((k >= 4844521) AND (k <= 4844621))
	  ->  Bitmap Index Scan on k_3  (cost=0.00..5.39 rows=96 width=0)
	        Index Cond: ((k >= 4844521) AND (k <= 4844621))

table 4 : explain SELECT k, c FROM sbtest4 WHERE k BETWEEN 4844521 AND 4844621
	Bitmap Heap Scan on sbtest4  (cost=5.40..377.55 rows=94 width=125)
	  Recheck Cond: ((k >= 4844521) AND (k <= 4844621))
	  ->  Bitmap Index Scan on k_4  (cost=0.00..5.38 rows=94 width=0)
	        Index Cond: ((k >= 4844521) AND (k <= 4844621))

table 5 : explain SELECT k, c FROM sbtest5 WHERE k BETWEEN 4844521 AND 4844621
	Bitmap Heap Scan on sbtest5  (cost=5.48..409.07 rows=102 width=125)
	  Recheck Cond: ((k >= 4844521) AND (k <= 4844621))
	  ->  Bitmap Index Scan on k_5  (cost=0.00..5.45 rows=102 width=0)
	        Index Cond: ((k >= 4844521) AND (k <= 4844621))

table 6 : explain SELECT k, c FROM sbtest6 WHERE k BETWEEN 4844521 AND 4844621
	Bitmap Heap Scan on sbtest6  (cost=5.42..385.43 rows=96 width=125)
	  Recheck Cond: ((k >= 4844521) AND (k <= 4844621))
	  ->  Bitmap Index Scan on k_6  (cost=0.00..5.39 rows=96 width=0)
	        Index Cond: ((k >= 4844521) AND (k <= 4844621))

table 7 : explain SELECT k, c FROM sbtest7 WHERE k BETWEEN 4844521 AND 4844621
	Bitmap Heap Scan on sbtest7  (cost=5.43..389.37 rows=97 width=125)
	  Recheck Cond: ((k >= 4844521) AND (k <= 4844621))
	  ->  Bitmap Index Scan on k_7  (cost=0.00..5.40 rows=97 width=0)
	        Index Cond: ((k >= 4844521) AND (k <= 4844621))

table 8 : explain SELECT k, c FROM sbtest8 WHERE k BETWEEN 4844521 AND 4844621
	Bitmap Heap Scan on sbtest8  (cost=5.56..440.56 rows=110 width=125)
	  Recheck Cond: ((k >= 4844521) AND (k <= 4844621))
	  ->  Bitmap Index Scan on k_8  (cost=0.00..5.53 rows=110 width=0)
	        Index Cond: ((k >= 4844521) AND (k <= 4844621))

explain: for range-notcovered :: explain SELECT k, c FROM sbtest%d WHERE k BETWEEN 4844521 AND 4844621
for range-notcovered
table 1 : explain SELECT k, c FROM sbtest1 WHERE k BETWEEN 5679499 AND 5679599
	Bitmap Heap Scan on sbtest1  (cost=5.42..385.43 rows=96 width=125)
	  Recheck Cond: ((k >= 5679499) AND (k <= 5679599))
	  ->  Bitmap Index Scan on k_1  (cost=0.00..5.39 rows=96 width=0)
	        Index Cond: ((k >= 5679499) AND (k <= 5679599))

table 2 : explain SELECT k, c FROM sbtest2 WHERE k BETWEEN 5679499 AND 5679599
	Bitmap Heap Scan on sbtest2  (cost=5.53..428.75 rows=107 width=125)
	  Recheck Cond: ((k >= 5679499) AND (k <= 5679599))
	  ->  Bitmap Index Scan on k_2  (cost=0.00..5.50 rows=107 width=0)
	        Index Cond: ((k >= 5679499) AND (k <= 5679599))

table 3 : explain SELECT k, c FROM sbtest3 WHERE k BETWEEN 5679499 AND 5679599
	Bitmap Heap Scan on sbtest3  (cost=5.42..385.43 rows=96 width=125)
	  Recheck Cond: ((k >= 5679499) AND (k <= 5679599))
	  ->  Bitmap Index Scan on k_3  (cost=0.00..5.39 rows=96 width=0)
	        Index Cond: ((k >= 5679499) AND (k <= 5679599))

table 4 : explain SELECT k, c FROM sbtest4 WHERE k BETWEEN 5679499 AND 5679599
	Bitmap Heap Scan on sbtest4  (cost=5.43..389.37 rows=97 width=125)
	  Recheck Cond: ((k >= 5679499) AND (k <= 5679599))
	  ->  Bitmap Index Scan on k_4  (cost=0.00..5.40 rows=97 width=0)
	        Index Cond: ((k >= 5679499) AND (k <= 5679599))

table 5 : explain SELECT k, c FROM sbtest5 WHERE k BETWEEN 5679499 AND 5679599
	Bitmap Heap Scan on sbtest5  (cost=5.50..416.94 rows=104 width=125)
	  Recheck Cond: ((k >= 5679499) AND (k <= 5679599))
	  ->  Bitmap Index Scan on k_5  (cost=0.00..5.47 rows=104 width=0)
	        Index Cond: ((k >= 5679499) AND (k <= 5679599))

table 6 : explain SELECT k, c FROM sbtest6 WHERE k BETWEEN 5679499 AND 5679599
	Bitmap Heap Scan on sbtest6  (cost=5.47..405.13 rows=101 width=125)
	  Recheck Cond: ((k >= 5679499) AND (k <= 5679599))
	  ->  Bitmap Index Scan on k_6  (cost=0.00..5.44 rows=101 width=0)
	        Index Cond: ((k >= 5679499) AND (k <= 5679599))

table 7 : explain SELECT k, c FROM sbtest7 WHERE k BETWEEN 5679499 AND 5679599
	Bitmap Heap Scan on sbtest7  (cost=5.45..397.25 rows=99 width=125)
	  Recheck Cond: ((k >= 5679499) AND (k <= 5679599))
	  ->  Bitmap Index Scan on k_7  (cost=0.00..5.42 rows=99 width=0)
	        Index Cond: ((k >= 5679499) AND (k <= 5679599))

table 8 : explain SELECT k, c FROM sbtest8 WHERE k BETWEEN 5679499 AND 5679599
	Bitmap Heap Scan on sbtest8  (cost=5.52..424.81 rows=106 width=125)
	  Recheck Cond: ((k >= 5679499) AND (k <= 5679599))
	  ->  Bitmap Index Scan on k_8  (cost=0.00..5.50 rows=106 width=0)
	        Index Cond: ((k >= 5679499) AND (k <= 5679599))

for range-notcovered
table 1 : explain SELECT k, c FROM sbtest1 WHERE k BETWEEN 3871501 AND 3871601
	Bitmap Heap Scan on sbtest1  (cost=5.50..416.94 rows=104 width=125)
	  Recheck Cond: ((k >= 3871501) AND (k <= 3871601))
	  ->  Bitmap Index Scan on k_1  (cost=0.00..5.47 rows=104 width=0)
	        Index Cond: ((k >= 3871501) AND (k <= 3871601))

table 2 : explain SELECT k, c FROM sbtest2 WHERE k BETWEEN 3871501 AND 3871601
	Bitmap Heap Scan on sbtest2  (cost=5.52..424.81 rows=106 width=125)
	  Recheck Cond: ((k >= 3871501) AND (k <= 3871601))
	  ->  Bitmap Index Scan on k_2  (cost=0.00..5.50 rows=106 width=0)
	        Index Cond: ((k >= 3871501) AND (k <= 3871601))

table 3 : explain SELECT k, c FROM sbtest3 WHERE k BETWEEN 3871501 AND 3871601
	Bitmap Heap Scan on sbtest3  (cost=5.58..448.42 rows=112 width=125)
	  Recheck Cond: ((k >= 3871501) AND (k <= 3871601))
	  ->  Bitmap Index Scan on k_3  (cost=0.00..5.55 rows=112 width=0)
	        Index Cond: ((k >= 3871501) AND (k <= 3871601))

table 4 : explain SELECT k, c FROM sbtest4 WHERE k BETWEEN 3871501 AND 3871601
	Bitmap Heap Scan on sbtest4  (cost=5.48..409.07 rows=102 width=125)
	  Recheck Cond: ((k >= 3871501) AND (k <= 3871601))
	  ->  Bitmap Index Scan on k_4  (cost=0.00..5.45 rows=102 width=0)
	        Index Cond: ((k >= 3871501) AND (k <= 3871601))

table 5 : explain SELECT k, c FROM sbtest5 WHERE k BETWEEN 3871501 AND 3871601
	Bitmap Heap Scan on sbtest5  (cost=5.41..381.49 rows=95 width=125)
	  Recheck Cond: ((k >= 3871501) AND (k <= 3871601))
	  ->  Bitmap Index Scan on k_5  (cost=0.00..5.38 rows=95 width=0)
	        Index Cond: ((k >= 3871501) AND (k <= 3871601))

table 6 : explain SELECT k, c FROM sbtest6 WHERE k BETWEEN 3871501 AND 3871601
	Bitmap Heap Scan on sbtest6  (cost=5.51..420.88 rows=105 width=125)
	  Recheck Cond: ((k >= 3871501) AND (k <= 3871601))
	  ->  Bitmap Index Scan on k_6  (cost=0.00..5.48 rows=105 width=0)
	        Index Cond: ((k >= 3871501) AND (k <= 3871601))

table 7 : explain SELECT k, c FROM sbtest7 WHERE k BETWEEN 3871501 AND 3871601
	Bitmap Heap Scan on sbtest7  (cost=5.55..436.62 rows=109 width=125)
	  Recheck Cond: ((k >= 3871501) AND (k <= 3871601))
	  ->  Bitmap Index Scan on k_7  (cost=0.00..5.52 rows=109 width=0)
	        Index Cond: ((k >= 3871501) AND (k <= 3871601))

table 8 : explain SELECT k, c FROM sbtest8 WHERE k BETWEEN 3871501 AND 3871601
	Bitmap Heap Scan on sbtest8  (cost=5.48..409.07 rows=102 width=125)
	  Recheck Cond: ((k >= 3871501) AND (k <= 3871601))
	  ->  Bitmap Index Scan on k_8  (cost=0.00..5.45 rows=102 width=0)
	        Index Cond: ((k >= 3871501) AND (k <= 3871601))

explain: for range-notcovered :: explain SELECT k, c FROM sbtest%d WHERE k BETWEEN 3871501 AND 3871601
for range-notcovered
table 1 : explain SELECT k, c FROM sbtest1 WHERE k BETWEEN 8593269 AND 8593369
	Bitmap Heap Scan on sbtest1  (cost=5.58..448.42 rows=112 width=125)
	  Recheck Cond: ((k >= 8593269) AND (k <= 8593369))
	  ->  Bitmap Index Scan on k_1  (cost=0.00..5.55 rows=112 width=0)
	        Index Cond: ((k >= 8593269) AND (k <= 8593369))

table 2 : explain SELECT k, c FROM sbtest2 WHERE k BETWEEN 8593269 AND 8593369
	Bitmap Heap Scan on sbtest2  (cost=5.47..405.13 rows=101 width=125)
	  Recheck Cond: ((k >= 8593269) AND (k <= 8593369))
	  ->  Bitmap Index Scan on k_2  (cost=0.00..5.44 rows=101 width=0)
	        Index Cond: ((k >= 8593269) AND (k <= 8593369))

table 3 : explain SELECT k, c FROM sbtest3 WHERE k BETWEEN 8593269 AND 8593369
	Bitmap Heap Scan on sbtest3  (cost=5.43..389.37 rows=97 width=125)
	  Recheck Cond: ((k >= 8593269) AND (k <= 8593369))
	  ->  Bitmap Index Scan on k_3  (cost=0.00..5.40 rows=97 width=0)
	        Index Cond: ((k >= 8593269) AND (k <= 8593369))

table 4 : explain SELECT k, c FROM sbtest4 WHERE k BETWEEN 8593269 AND 8593369
	Bitmap Heap Scan on sbtest4  (cost=5.39..373.61 rows=93 width=125)
	  Recheck Cond: ((k >= 8593269) AND (k <= 8593369))
	  ->  Bitmap Index Scan on k_4  (cost=0.00..5.36 rows=93 width=0)
	        Index Cond: ((k >= 8593269) AND (k <= 8593369))

table 5 : explain SELECT k, c FROM sbtest5 WHERE k BETWEEN 8593269 AND 8593369
	Bitmap Heap Scan on sbtest5  (cost=5.50..416.94 rows=104 width=125)
	  Recheck Cond: ((k >= 8593269) AND (k <= 8593369))
	  ->  Bitmap Index Scan on k_5  (cost=0.00..5.47 rows=104 width=0)
	        Index Cond: ((k >= 8593269) AND (k <= 8593369))

table 6 : explain SELECT k, c FROM sbtest6 WHERE k BETWEEN 8593269 AND 8593369
	Bitmap Heap Scan on sbtest6  (cost=5.46..401.19 rows=100 width=125)
	  Recheck Cond: ((k >= 8593269) AND (k <= 8593369))
	  ->  Bitmap Index Scan on k_6  (cost=0.00..5.43 rows=100 width=0)
	        Index Cond: ((k >= 8593269) AND (k <= 8593369))

table 7 : explain SELECT k, c FROM sbtest7 WHERE k BETWEEN 8593269 AND 8593369
	Bitmap Heap Scan on sbtest7  (cost=5.53..428.75 rows=107 width=125)
	  Recheck Cond: ((k >= 8593269) AND (k <= 8593369))
	  ->  Bitmap Index Scan on k_7  (cost=0.00..5.50 rows=107 width=0)
	        Index Cond: ((k >= 8593269) AND (k <= 8593369))

table 8 : explain SELECT k, c FROM sbtest8 WHERE k BETWEEN 8593269 AND 8593369
	Bitmap Heap Scan on sbtest8  (cost=5.41..381.49 rows=95 width=125)
	  Recheck Cond: ((k >= 8593269) AND (k <= 8593369))
	  ->  Bitmap Index Scan on k_8  (cost=0.00..5.38 rows=95 width=0)
	        Index Cond: ((k >= 8593269) AND (k <= 8593369))

for range-notcovered
table 1 : explain SELECT k, c FROM sbtest1 WHERE k BETWEEN 4967942 AND 4968042
	Bitmap Heap Scan on sbtest1  (cost=5.57..444.49 rows=111 width=125)
	  Recheck Cond: ((k >= 4967942) AND (k <= 4968042))
	  ->  Bitmap Index Scan on k_1  (cost=0.00..5.54 rows=111 width=0)
	        Index Cond: ((k >= 4967942) AND (k <= 4968042))

table 2 : explain SELECT k, c FROM sbtest2 WHERE k BETWEEN 4967942 AND 4968042
	Bitmap Heap Scan on sbtest2  (cost=5.39..373.61 rows=93 width=125)
	  Recheck Cond: ((k >= 4967942) AND (k <= 4968042))
	  ->  Bitmap Index Scan on k_2  (cost=0.00..5.36 rows=93 width=0)
	        Index Cond: ((k >= 4967942) AND (k <= 4968042))

table 3 : explain SELECT k, c FROM sbtest3 WHERE k BETWEEN 4967942 AND 4968042
	Bitmap Heap Scan on sbtest3  (cost=5.42..385.43 rows=96 width=125)
	  Recheck Cond: ((k >= 4967942) AND (k <= 4968042))
	  ->  Bitmap Index Scan on k_3  (cost=0.00..5.39 rows=96 width=0)
	        Index Cond: ((k >= 4967942) AND (k <= 4968042))

table 4 : explain SELECT k, c FROM sbtest4 WHERE k BETWEEN 4967942 AND 4968042
	Bitmap Heap Scan on sbtest4  (cost=5.48..409.07 rows=102 width=125)
	  Recheck Cond: ((k >= 4967942) AND (k <= 4968042))
	  ->  Bitmap Index Scan on k_4  (cost=0.00..5.45 rows=102 width=0)
	        Index Cond: ((k >= 4967942) AND (k <= 4968042))

table 5 : explain SELECT k, c FROM sbtest5 WHERE k BETWEEN 4967942 AND 4968042
	Bitmap Heap Scan on sbtest5  (cost=5.62..464.15 rows=116 width=125)
	  Recheck Cond: ((k >= 4967942) AND (k <= 4968042))
	  ->  Bitmap Index Scan on k_5  (cost=0.00..5.59 rows=116 width=0)
	        Index Cond: ((k >= 4967942) AND (k <= 4968042))

table 6 : explain SELECT k, c FROM sbtest6 WHERE k BETWEEN 4967942 AND 4968042
	Bitmap Heap Scan on sbtest6  (cost=5.48..409.07 rows=102 width=125)
	  Recheck Cond: ((k >= 4967942) AND (k <= 4968042))
	  ->  Bitmap Index Scan on k_6  (cost=0.00..5.45 rows=102 width=0)
	        Index Cond: ((k >= 4967942) AND (k <= 4968042))

table 7 : explain SELECT k, c FROM sbtest7 WHERE k BETWEEN 4967942 AND 4968042
	Bitmap Heap Scan on sbtest7  (cost=5.43..389.37 rows=97 width=125)
	  Recheck Cond: ((k >= 4967942) AND (k <= 4968042))
	  ->  Bitmap Index Scan on k_7  (cost=0.00..5.40 rows=97 width=0)
	        Index Cond: ((k >= 4967942) AND (k <= 4968042))

table 8 : explain SELECT k, c FROM sbtest8 WHERE k BETWEEN 4967942 AND 4968042
	Bitmap Heap Scan on sbtest8  (cost=5.48..409.07 rows=102 width=125)
	  Recheck Cond: ((k >= 4967942) AND (k <= 4968042))
	  ->  Bitmap Index Scan on k_8  (cost=0.00..5.45 rows=102 width=0)
	        Index Cond: ((k >= 4967942) AND (k <= 4968042))

explain: for range-notcovered :: explain SELECT k, c FROM sbtest%d WHERE k BETWEEN 4967942 AND 4968042
for range-notcovered
table 1 : explain SELECT k, c FROM sbtest1 WHERE k BETWEEN 2738243 AND 2738343
	Bitmap Heap Scan on sbtest1  (cost=5.46..401.19 rows=100 width=125)
	  Recheck Cond: ((k >= 2738243) AND (k <= 2738343))
	  ->  Bitmap Index Scan on k_1  (cost=0.00..5.43 rows=100 width=0)
	        Index Cond: ((k >= 2738243) AND (k <= 2738343))

table 2 : explain SELECT k, c FROM sbtest2 WHERE k BETWEEN 2738243 AND 2738343
	Bitmap Heap Scan on sbtest2  (cost=5.58..448.42 rows=112 width=125)
	  Recheck Cond: ((k >= 2738243) AND (k <= 2738343))
	  ->  Bitmap Index Scan on k_2  (cost=0.00..5.55 rows=112 width=0)
	        Index Cond: ((k >= 2738243) AND (k <= 2738343))

table 3 : explain SELECT k, c FROM sbtest3 WHERE k BETWEEN 2738243 AND 2738343
	Bitmap Heap Scan on sbtest3  (cost=5.49..413.00 rows=103 width=125)
	  Recheck Cond: ((k >= 2738243) AND (k <= 2738343))
	  ->  Bitmap Index Scan on k_3  (cost=0.00..5.46 rows=103 width=0)
	        Index Cond: ((k >= 2738243) AND (k <= 2738343))

table 4 : explain SELECT k, c FROM sbtest4 WHERE k BETWEEN 2738243 AND 2738343
	Bitmap Heap Scan on sbtest4  (cost=5.57..444.49 rows=111 width=125)
	  Recheck Cond: ((k >= 2738243) AND (k <= 2738343))
	  ->  Bitmap Index Scan on k_4  (cost=0.00..5.54 rows=111 width=0)
	        Index Cond: ((k >= 2738243) AND (k <= 2738343))

table 5 : explain SELECT k, c FROM sbtest5 WHERE k BETWEEN 2738243 AND 2738343
	Bitmap Heap Scan on sbtest5  (cost=5.43..389.37 rows=97 width=125)
	  Recheck Cond: ((k >= 2738243) AND (k <= 2738343))
	  ->  Bitmap Index Scan on k_5  (cost=0.00..5.40 rows=97 width=0)
	        Index Cond: ((k >= 2738243) AND (k <= 2738343))

table 6 : explain SELECT k, c FROM sbtest6 WHERE k BETWEEN 2738243 AND 2738343
	Bitmap Heap Scan on sbtest6  (cost=5.49..413.00 rows=103 width=125)
	  Recheck Cond: ((k >= 2738243) AND (k <= 2738343))
	  ->  Bitmap Index Scan on k_6  (cost=0.00..5.46 rows=103 width=0)
	        Index Cond: ((k >= 2738243) AND (k <= 2738343))

table 7 : explain SELECT k, c FROM sbtest7 WHERE k BETWEEN 2738243 AND 2738343
	Bitmap Heap Scan on sbtest7  (cost=5.45..397.25 rows=99 width=125)
	  Recheck Cond: ((k >= 2738243) AND (k <= 2738343))
	  ->  Bitmap Index Scan on k_7  (cost=0.00..5.42 rows=99 width=0)
	        Index Cond: ((k >= 2738243) AND (k <= 2738343))

table 8 : explain SELECT k, c FROM sbtest8 WHERE k BETWEEN 2738243 AND 2738343
	Bitmap Heap Scan on sbtest8  (cost=5.53..428.75 rows=107 width=125)
	  Recheck Cond: ((k >= 2738243) AND (k <= 2738343))
	  ->  Bitmap Index Scan on k_8  (cost=0.00..5.50 rows=107 width=0)
	        Index Cond: ((k >= 2738243) AND (k <= 2738343))
for range-notcovered
table 1 : explain SELECT k, c FROM sbtest1 WHERE k BETWEEN 4844521 AND 4844621
	Bitmap Heap Scan on sbtest1  (cost=5.41..381.49 rows=95 width=125)
	  Recheck Cond: ((k >= 4844521) AND (k <= 4844621))
	  ->  Bitmap Index Scan on k_1  (cost=0.00..5.38 rows=95 width=0)
	        Index Cond: ((k >= 4844521) AND (k <= 4844621))

table 2 : explain SELECT k, c FROM sbtest2 WHERE k BETWEEN 4844521 AND 4844621
	Bitmap Heap Scan on sbtest2  (cost=5.45..397.25 rows=99 width=125)
	  Recheck Cond: ((k >= 4844521) AND (k <= 4844621))
	  ->  Bitmap Index Scan on k_2  (cost=0.00..5.42 rows=99 width=0)
	        Index Cond: ((k >= 4844521) AND (k <= 4844621))

table 3 : explain SELECT k, c FROM sbtest3 WHERE k BETWEEN 4844521 AND 4844621
	Bitmap Heap Scan on sbtest3  (cost=5.42..385.43 rows=96 width=125)
	  Recheck Cond: ((k >= 4844521) AND (k <= 4844621))
	  ->  Bitmap Index Scan on k_3  (cost=0.00..5.39 rows=96 width=0)
	        Index Cond: ((k >= 4844521) AND (k <= 4844621))

table 4 : explain SELECT k, c FROM sbtest4 WHERE k BETWEEN 4844521 AND 4844621
	Bitmap Heap Scan on sbtest4  (cost=5.40..377.55 rows=94 width=125)
	  Recheck Cond: ((k >= 4844521) AND (k <= 4844621))
	  ->  Bitmap Index Scan on k_4  (cost=0.00..5.38 rows=94 width=0)
	        Index Cond: ((k >= 4844521) AND (k <= 4844621))

table 5 : explain SELECT k, c FROM sbtest5 WHERE k BETWEEN 4844521 AND 4844621
	Bitmap Heap Scan on sbtest5  (cost=5.48..409.07 rows=102 width=125)
	  Recheck Cond: ((k >= 4844521) AND (k <= 4844621))
	  ->  Bitmap Index Scan on k_5  (cost=0.00..5.45 rows=102 width=0)
	        Index Cond: ((k >= 4844521) AND (k <= 4844621))

table 6 : explain SELECT k, c FROM sbtest6 WHERE k BETWEEN 4844521 AND 4844621
	Bitmap Heap Scan on sbtest6  (cost=5.42..385.43 rows=96 width=125)
	  Recheck Cond: ((k >= 4844521) AND (k <= 4844621))
	  ->  Bitmap Index Scan on k_6  (cost=0.00..5.39 rows=96 width=0)
	        Index Cond: ((k >= 4844521) AND (k <= 4844621))

table 7 : explain SELECT k, c FROM sbtest7 WHERE k BETWEEN 4844521 AND 4844621
	Bitmap Heap Scan on sbtest7  (cost=5.43..389.37 rows=97 width=125)
	  Recheck Cond: ((k >= 4844521) AND (k <= 4844621))
	  ->  Bitmap Index Scan on k_7  (cost=0.00..5.40 rows=97 width=0)
	        Index Cond: ((k >= 4844521) AND (k <= 4844621))

table 8 : explain SELECT k, c FROM sbtest8 WHERE k BETWEEN 4844521 AND 4844621
	Bitmap Heap Scan on sbtest8  (cost=5.56..440.56 rows=110 width=125)
	  Recheck Cond: ((k >= 4844521) AND (k <= 4844621))
	  ->  Bitmap Index Scan on k_8  (cost=0.00..5.53 rows=110 width=0)
	        Index Cond: ((k >= 4844521) AND (k <= 4844621))


explain: for range-notcovered :: explain SELECT k, c FROM sbtest%d WHERE k BETWEEN 2738243 AND 2738343
explain: for range-notcovered :: explain SELECT k, c FROM sbtest%d WHERE k BETWEEN 4844521 AND 4844621
for range-notcovered
table 1 : explain SELECT k, c FROM sbtest1 WHERE k BETWEEN 3871501 AND 3871601
	Bitmap Heap Scan on sbtest1  (cost=5.50..416.94 rows=104 width=125)
	  Recheck Cond: ((k >= 3871501) AND (k <= 3871601))
	  ->  Bitmap Index Scan on k_1  (cost=0.00..5.47 rows=104 width=0)
	        Index Cond: ((k >= 3871501) AND (k <= 3871601))

table 2 : explain SELECT k, c FROM sbtest2 WHERE k BETWEEN 3871501 AND 3871601
	Bitmap Heap Scan on sbtest2  (cost=5.52..424.81 rows=106 width=125)
	  Recheck Cond: ((k >= 3871501) AND (k <= 3871601))
	  ->  Bitmap Index Scan on k_2  (cost=0.00..5.50 rows=106 width=0)
	        Index Cond: ((k >= 3871501) AND (k <= 3871601))

table 3 : explain SELECT k, c FROM sbtest3 WHERE k BETWEEN 3871501 AND 3871601
	Bitmap Heap Scan on sbtest3  (cost=5.58..448.42 rows=112 width=125)
	  Recheck Cond: ((k >= 3871501) AND (k <= 3871601))
	  ->  Bitmap Index Scan on k_3  (cost=0.00..5.55 rows=112 width=0)
	        Index Cond: ((k >= 3871501) AND (k <= 3871601))

table 4 : explain SELECT k, c FROM sbtest4 WHERE k BETWEEN 3871501 AND 3871601
	Bitmap Heap Scan on sbtest4  (cost=5.48..409.07 rows=102 width=125)
	  Recheck Cond: ((k >= 3871501) AND (k <= 3871601))
	  ->  Bitmap Index Scan on k_4  (cost=0.00..5.45 rows=102 width=0)
	        Index Cond: ((k >= 3871501) AND (k <= 3871601))

table 5 : explain SELECT k, c FROM sbtest5 WHERE k BETWEEN 3871501 AND 3871601
	Bitmap Heap Scan on sbtest5  (cost=5.41..381.49 rows=95 width=125)
	  Recheck Cond: ((k >= 3871501) AND (k <= 3871601))
	  ->  Bitmap Index Scan on k_5  (cost=0.00..5.38 rows=95 width=0)
	        Index Cond: ((k >= 3871501) AND (k <= 3871601))

table 6 : explain SELECT k, c FROM sbtest6 WHERE k BETWEEN 3871501 AND 3871601
	Bitmap Heap Scan on sbtest6  (cost=5.51..420.88 rows=105 width=125)
	  Recheck Cond: ((k >= 3871501) AND (k <= 3871601))
	  ->  Bitmap Index Scan on k_6  (cost=0.00..5.48 rows=105 width=0)
	        Index Cond: ((k >= 3871501) AND (k <= 3871601))

table 7 : explain SELECT k, c FROM sbtest7 WHERE k BETWEEN 3871501 AND 3871601
	Bitmap Heap Scan on sbtest7  (cost=5.55..436.62 rows=109 width=125)
	  Recheck Cond: ((k >= 3871501) AND (k <= 3871601))
	  ->  Bitmap Index Scan on k_7  (cost=0.00..5.52 rows=109 width=0)
	        Index Cond: ((k >= 3871501) AND (k <= 3871601))

table 8 : explain SELECT k, c FROM sbtest8 WHERE k BETWEEN 3871501 AND 3871601
	Bitmap Heap Scan on sbtest8  (cost=5.48..409.07 rows=102 width=125)
	  Recheck Cond: ((k >= 3871501) AND (k <= 3871601))
	  ->  Bitmap Index Scan on k_8  (cost=0.00..5.45 rows=102 width=0)
	        Index Cond: ((k >= 3871501) AND (k <= 3871601))

for range-notcovered
table 1 : explain SELECT k, c FROM sbtest1 WHERE k BETWEEN 1687821 AND 1687921
	Bitmap Heap Scan on sbtest1  (cost=5.46..401.19 rows=100 width=125)
	  Recheck Cond: ((k >= 1687821) AND (k <= 1687921))
	  ->  Bitmap Index Scan on k_1  (cost=0.00..5.43 rows=100 width=0)
	        Index Cond: ((k >= 1687821) AND (k <= 1687921))

table 2 : explain SELECT k, c FROM sbtest2 WHERE k BETWEEN 1687821 AND 1687921
	Bitmap Heap Scan on sbtest2  (cost=5.43..389.37 rows=97 width=125)
	  Recheck Cond: ((k >= 1687821) AND (k <= 1687921))
	  ->  Bitmap Index Scan on k_2  (cost=0.00..5.40 rows=97 width=0)
	        Index Cond: ((k >= 1687821) AND (k <= 1687921))

table 3 : explain SELECT k, c FROM sbtest3 WHERE k BETWEEN 1687821 AND 1687921
	Bitmap Heap Scan on sbtest3  (cost=5.52..424.81 rows=106 width=125)
	  Recheck Cond: ((k >= 1687821) AND (k <= 1687921))
	  ->  Bitmap Index Scan on k_3  (cost=0.00..5.50 rows=106 width=0)
	        Index Cond: ((k >= 1687821) AND (k <= 1687921))

table 4 : explain SELECT k, c FROM sbtest4 WHERE k BETWEEN 1687821 AND 1687921
	Bitmap Heap Scan on sbtest4  (cost=5.44..393.31 rows=98 width=125)
	  Recheck Cond: ((k >= 1687821) AND (k <= 1687921))
	  ->  Bitmap Index Scan on k_4  (cost=0.00..5.42 rows=98 width=0)
	        Index Cond: ((k >= 1687821) AND (k <= 1687921))

table 5 : explain SELECT k, c FROM sbtest5 WHERE k BETWEEN 1687821 AND 1687921
	Bitmap Heap Scan on sbtest5  (cost=5.49..413.00 rows=103 width=125)
	  Recheck Cond: ((k >= 1687821) AND (k <= 1687921))
	  ->  Bitmap Index Scan on k_5  (cost=0.00..5.46 rows=103 width=0)
	        Index Cond: ((k >= 1687821) AND (k <= 1687921))

table 6 : explain SELECT k, c FROM sbtest6 WHERE k BETWEEN 1687821 AND 1687921
	Bitmap Heap Scan on sbtest6  (cost=5.56..440.56 rows=110 width=125)
	  Recheck Cond: ((k >= 1687821) AND (k <= 1687921))
	  ->  Bitmap Index Scan on k_6  (cost=0.00..5.53 rows=110 width=0)
	        Index Cond: ((k >= 1687821) AND (k <= 1687921))

table 7 : explain SELECT k, c FROM sbtest7 WHERE k BETWEEN 1687821 AND 1687921
	Bitmap Heap Scan on sbtest7  (cost=5.44..393.31 rows=98 width=125)
	  Recheck Cond: ((k >= 1687821) AND (k <= 1687921))
	  ->  Bitmap Index Scan on k_7  (cost=0.00..5.42 rows=98 width=0)
	        Index Cond: ((k >= 1687821) AND (k <= 1687921))

table 8 : explain SELECT k, c FROM sbtest8 WHERE k BETWEEN 1687821 AND 1687921
	Bitmap Heap Scan on sbtest8  (cost=5.44..393.31 rows=98 width=125)
	  Recheck Cond: ((k >= 1687821) AND (k <= 1687921))
	  ->  Bitmap Index Scan on k_8  (cost=0.00..5.42 rows=98 width=0)
	        Index Cond: ((k >= 1687821) AND (k <= 1687921))

explain: for range-notcovered :: explain SELECT k, c FROM sbtest%d WHERE k BETWEEN 3871501 AND 3871601
explain: for range-notcovered :: explain SELECT k, c FROM sbtest%d WHERE k BETWEEN 1687821 AND 1687921
for range-notcovered
table 1 : explain SELECT k, c FROM sbtest1 WHERE k BETWEEN 4967942 AND 4968042
	Bitmap Heap Scan on sbtest1  (cost=5.57..444.49 rows=111 width=125)
	  Recheck Cond: ((k >= 4967942) AND (k <= 4968042))
	  ->  Bitmap Index Scan on k_1  (cost=0.00..5.54 rows=111 width=0)
	        Index Cond: ((k >= 4967942) AND (k <= 4968042))

table 2 : explain SELECT k, c FROM sbtest2 WHERE k BETWEEN 4967942 AND 4968042
	Bitmap Heap Scan on sbtest2  (cost=5.39..373.61 rows=93 width=125)
	  Recheck Cond: ((k >= 4967942) AND (k <= 4968042))
	  ->  Bitmap Index Scan on k_2  (cost=0.00..5.36 rows=93 width=0)
	        Index Cond: ((k >= 4967942) AND (k <= 4968042))

table 3 : explain SELECT k, c FROM sbtest3 WHERE k BETWEEN 4967942 AND 4968042
	Bitmap Heap Scan on sbtest3  (cost=5.42..385.43 rows=96 width=125)
	  Recheck Cond: ((k >= 4967942) AND (k <= 4968042))
	  ->  Bitmap Index Scan on k_3  (cost=0.00..5.39 rows=96 width=0)
	        Index Cond: ((k >= 4967942) AND (k <= 4968042))

table 4 : explain SELECT k, c FROM sbtest4 WHERE k BETWEEN 4967942 AND 4968042
	Bitmap Heap Scan on sbtest4  (cost=5.48..409.07 rows=102 width=125)
	  Recheck Cond: ((k >= 4967942) AND (k <= 4968042))
	  ->  Bitmap Index Scan on k_4  (cost=0.00..5.45 rows=102 width=0)
	        Index Cond: ((k >= 4967942) AND (k <= 4968042))

table 5 : explain SELECT k, c FROM sbtest5 WHERE k BETWEEN 4967942 AND 4968042
	Bitmap Heap Scan on sbtest5  (cost=5.62..464.15 rows=116 width=125)
	  Recheck Cond: ((k >= 4967942) AND (k <= 4968042))
	  ->  Bitmap Index Scan on k_5  (cost=0.00..5.59 rows=116 width=0)
	        Index Cond: ((k >= 4967942) AND (k <= 4968042))

table 6 : explain SELECT k, c FROM sbtest6 WHERE k BETWEEN 4967942 AND 4968042
	Bitmap Heap Scan on sbtest6  (cost=5.48..409.07 rows=102 width=125)
	  Recheck Cond: ((k >= 4967942) AND (k <= 4968042))
	  ->  Bitmap Index Scan on k_6  (cost=0.00..5.45 rows=102 width=0)
	        Index Cond: ((k >= 4967942) AND (k <= 4968042))

table 7 : explain SELECT k, c FROM sbtest7 WHERE k BETWEEN 4967942 AND 4968042
	Bitmap Heap Scan on sbtest7  (cost=5.43..389.37 rows=97 width=125)
	  Recheck Cond: ((k >= 4967942) AND (k <= 4968042))
	  ->  Bitmap Index Scan on k_7  (cost=0.00..5.40 rows=97 width=0)
	        Index Cond: ((k >= 4967942) AND (k <= 4968042))

table 8 : explain SELECT k, c FROM sbtest8 WHERE k BETWEEN 4967942 AND 4968042
	Bitmap Heap Scan on sbtest8  (cost=5.48..409.07 rows=102 width=125)
	  Recheck Cond: ((k >= 4967942) AND (k <= 4968042))
	  ->  Bitmap Index Scan on k_8  (cost=0.00..5.45 rows=102 width=0)
	        Index Cond: ((k >= 4967942) AND (k <= 4968042))

explain: for range-notcovered :: explain SELECT k, c FROM sbtest%d WHERE k BETWEEN 4967942 AND 4968042
for range-notcovered
table 1 : explain SELECT k, c FROM sbtest1 WHERE k BETWEEN 6911138 AND 6911238
	Bitmap Heap Scan on sbtest1  (cost=5.40..377.55 rows=94 width=125)
	  Recheck Cond: ((k >= 6911138) AND (k <= 6911238))
	  ->  Bitmap Index Scan on k_1  (cost=0.00..5.38 rows=94 width=0)
	        Index Cond: ((k >= 6911138) AND (k <= 6911238))

table 2 : explain SELECT k, c FROM sbtest2 WHERE k BETWEEN 6911138 AND 6911238
	Bitmap Heap Scan on sbtest2  (cost=5.57..444.49 rows=111 width=125)
	  Recheck Cond: ((k >= 6911138) AND (k <= 6911238))
	  ->  Bitmap Index Scan on k_2  (cost=0.00..5.54 rows=111 width=0)
	        Index Cond: ((k >= 6911138) AND (k <= 6911238))

table 3 : explain SELECT k, c FROM sbtest3 WHERE k BETWEEN 6911138 AND 6911238
	Bitmap Heap Scan on sbtest3  (cost=5.45..397.25 rows=99 width=125)
	  Recheck Cond: ((k >= 6911138) AND (k <= 6911238))
	  ->  Bitmap Index Scan on k_3  (cost=0.00..5.42 rows=99 width=0)
	        Index Cond: ((k >= 6911138) AND (k <= 6911238))

table 4 : explain SELECT k, c FROM sbtest4 WHERE k BETWEEN 6911138 AND 6911238
	Bitmap Heap Scan on sbtest4  (cost=5.52..424.81 rows=106 width=125)
	  Recheck Cond: ((k >= 6911138) AND (k <= 6911238))
	  ->  Bitmap Index Scan on k_4  (cost=0.00..5.50 rows=106 width=0)
	        Index Cond: ((k >= 6911138) AND (k <= 6911238))

table 5 : explain SELECT k, c FROM sbtest5 WHERE k BETWEEN 6911138 AND 6911238
	Bitmap Heap Scan on sbtest5  (cost=5.62..464.15 rows=116 width=125)
	  Recheck Cond: ((k >= 6911138) AND (k <= 6911238))
	  ->  Bitmap Index Scan on k_5  (cost=0.00..5.59 rows=116 width=0)
	        Index Cond: ((k >= 6911138) AND (k <= 6911238))

table 6 : explain SELECT k, c FROM sbtest6 WHERE k BETWEEN 6911138 AND 6911238
	Bitmap Heap Scan on sbtest6  (cost=5.46..401.19 rows=100 width=125)
	  Recheck Cond: ((k >= 6911138) AND (k <= 6911238))
	  ->  Bitmap Index Scan on k_6  (cost=0.00..5.43 rows=100 width=0)
	        Index Cond: ((k >= 6911138) AND (k <= 6911238))

table 7 : explain SELECT k, c FROM sbtest7 WHERE k BETWEEN 6911138 AND 6911238
	Bitmap Heap Scan on sbtest7  (cost=5.50..416.94 rows=104 width=125)
	  Recheck Cond: ((k >= 6911138) AND (k <= 6911238))
	  ->  Bitmap Index Scan on k_7  (cost=0.00..5.47 rows=104 width=0)
	        Index Cond: ((k >= 6911138) AND (k <= 6911238))

table 8 : explain SELECT k, c FROM sbtest8 WHERE k BETWEEN 6911138 AND 6911238
	Bitmap Heap Scan on sbtest8  (cost=5.46..401.19 rows=100 width=125)
	  Recheck Cond: ((k >= 6911138) AND (k <= 6911238))
	  ->  Bitmap Index Scan on k_8  (cost=0.00..5.43 rows=100 width=0)
	        Index Cond: ((k >= 6911138) AND (k <= 6911238))

for range-notcovered
table 1 : explain SELECT k, c FROM sbtest1 WHERE k BETWEEN 2738243 AND 2738343
	Bitmap Heap Scan on sbtest1  (cost=5.46..401.19 rows=100 width=125)
	  Recheck Cond: ((k >= 2738243) AND (k <= 2738343))
	  ->  Bitmap Index Scan on k_1  (cost=0.00..5.43 rows=100 width=0)
	        Index Cond: ((k >= 2738243) AND (k <= 2738343))

table 2 : explain SELECT k, c FROM sbtest2 WHERE k BETWEEN 2738243 AND 2738343
	Bitmap Heap Scan on sbtest2  (cost=5.58..448.42 rows=112 width=125)
	  Recheck Cond: ((k >= 2738243) AND (k <= 2738343))
	  ->  Bitmap Index Scan on k_2  (cost=0.00..5.55 rows=112 width=0)
	        Index Cond: ((k >= 2738243) AND (k <= 2738343))

table 3 : explain SELECT k, c FROM sbtest3 WHERE k BETWEEN 2738243 AND 2738343
	Bitmap Heap Scan on sbtest3  (cost=5.49..413.00 rows=103 width=125)
	  Recheck Cond: ((k >= 2738243) AND (k <= 2738343))
	  ->  Bitmap Index Scan on k_3  (cost=0.00..5.46 rows=103 width=0)
	        Index Cond: ((k >= 2738243) AND (k <= 2738343))

table 4 : explain SELECT k, c FROM sbtest4 WHERE k BETWEEN 2738243 AND 2738343
	Bitmap Heap Scan on sbtest4  (cost=5.57..444.49 rows=111 width=125)
	  Recheck Cond: ((k >= 2738243) AND (k <= 2738343))
	  ->  Bitmap Index Scan on k_4  (cost=0.00..5.54 rows=111 width=0)
	        Index Cond: ((k >= 2738243) AND (k <= 2738343))

table 5 : explain SELECT k, c FROM sbtest5 WHERE k BETWEEN 2738243 AND 2738343
	Bitmap Heap Scan on sbtest5  (cost=5.43..389.37 rows=97 width=125)
	  Recheck Cond: ((k >= 2738243) AND (k <= 2738343))
	  ->  Bitmap Index Scan on k_5  (cost=0.00..5.40 rows=97 width=0)
	        Index Cond: ((k >= 2738243) AND (k <= 2738343))

table 6 : explain SELECT k, c FROM sbtest6 WHERE k BETWEEN 2738243 AND 2738343
	Bitmap Heap Scan on sbtest6  (cost=5.49..413.00 rows=103 width=125)
	  Recheck Cond: ((k >= 2738243) AND (k <= 2738343))
	  ->  Bitmap Index Scan on k_6  (cost=0.00..5.46 rows=103 width=0)
	        Index Cond: ((k >= 2738243) AND (k <= 2738343))

table 7 : explain SELECT k, c FROM sbtest7 WHERE k BETWEEN 2738243 AND 2738343
	Bitmap Heap Scan on sbtest7  (cost=5.45..397.25 rows=99 width=125)
	  Recheck Cond: ((k >= 2738243) AND (k <= 2738343))
	  ->  Bitmap Index Scan on k_7  (cost=0.00..5.42 rows=99 width=0)
	        Index Cond: ((k >= 2738243) AND (k <= 2738343))

table 8 : explain SELECT k, c FROM sbtest8 WHERE k BETWEEN 2738243 AND 2738343
	Bitmap Heap Scan on sbtest8  (cost=5.53..428.75 rows=107 width=125)
	  Recheck Cond: ((k >= 2738243) AND (k <= 2738343))
	  ->  Bitmap Index Scan on k_8  (cost=0.00..5.50 rows=107 width=0)
	        Index Cond: ((k >= 2738243) AND (k <= 2738343))

for range-notcovered
table 1 : explain SELECT k, c FROM sbtest1 WHERE k BETWEEN 4844521 AND 4844621
	Bitmap Heap Scan on sbtest1  (cost=5.41..381.49 rows=95 width=125)
	  Recheck Cond: ((k >= 4844521) AND (k <= 4844621))
	  ->  Bitmap Index Scan on k_1  (cost=0.00..5.38 rows=95 width=0)
	        Index Cond: ((k >= 4844521) AND (k <= 4844621))

table 2 : explain SELECT k, c FROM sbtest2 WHERE k BETWEEN 4844521 AND 4844621
	Bitmap Heap Scan on sbtest2  (cost=5.45..397.25 rows=99 width=125)
	  Recheck Cond: ((k >= 4844521) AND (k <= 4844621))
	  ->  Bitmap Index Scan on k_2  (cost=0.00..5.42 rows=99 width=0)
	        Index Cond: ((k >= 4844521) AND (k <= 4844621))

table 3 : explain SELECT k, c FROM sbtest3 WHERE k BETWEEN 4844521 AND 4844621
	Bitmap Heap Scan on sbtest3  (cost=5.42..385.43 rows=96 width=125)
	  Recheck Cond: ((k >= 4844521) AND (k <= 4844621))
	  ->  Bitmap Index Scan on k_3  (cost=0.00..5.39 rows=96 width=0)
	        Index Cond: ((k >= 4844521) AND (k <= 4844621))

table 4 : explain SELECT k, c FROM sbtest4 WHERE k BETWEEN 4844521 AND 4844621
	Bitmap Heap Scan on sbtest4  (cost=5.40..377.55 rows=94 width=125)
	  Recheck Cond: ((k >= 4844521) AND (k <= 4844621))
	  ->  Bitmap Index Scan on k_4  (cost=0.00..5.38 rows=94 width=0)
	        Index Cond: ((k >= 4844521) AND (k <= 4844621))

table 5 : explain SELECT k, c FROM sbtest5 WHERE k BETWEEN 4844521 AND 4844621
	Bitmap Heap Scan on sbtest5  (cost=5.48..409.07 rows=102 width=125)
	  Recheck Cond: ((k >= 4844521) AND (k <= 4844621))
	  ->  Bitmap Index Scan on k_5  (cost=0.00..5.45 rows=102 width=0)
	        Index Cond: ((k >= 4844521) AND (k <= 4844621))

table 6 : explain SELECT k, c FROM sbtest6 WHERE k BETWEEN 4844521 AND 4844621
	Bitmap Heap Scan on sbtest6  (cost=5.42..385.43 rows=96 width=125)
	  Recheck Cond: ((k >= 4844521) AND (k <= 4844621))
	  ->  Bitmap Index Scan on k_6  (cost=0.00..5.39 rows=96 width=0)
	        Index Cond: ((k >= 4844521) AND (k <= 4844621))

table 7 : explain SELECT k, c FROM sbtest7 WHERE k BETWEEN 4844521 AND 4844621
	Bitmap Heap Scan on sbtest7  (cost=5.43..389.37 rows=97 width=125)
	  Recheck Cond: ((k >= 4844521) AND (k <= 4844621))
	  ->  Bitmap Index Scan on k_7  (cost=0.00..5.40 rows=97 width=0)
	        Index Cond: ((k >= 4844521) AND (k <= 4844621))

table 8 : explain SELECT k, c FROM sbtest8 WHERE k BETWEEN 4844521 AND 4844621
	Bitmap Heap Scan on sbtest8  (cost=5.56..440.56 rows=110 width=125)
	  Recheck Cond: ((k >= 4844521) AND (k <= 4844621))
	  ->  Bitmap Index Scan on k_8  (cost=0.00..5.53 rows=110 width=0)
	        Index Cond: ((k >= 4844521) AND (k <= 4844621))

explain: for range-notcovered :: explain SELECT k, c FROM sbtest%d WHERE k BETWEEN 6911138 AND 6911238
explain: for range-notcovered :: explain SELECT k, c FROM sbtest%d WHERE k BETWEEN 2738243 AND 2738343
explain: for range-notcovered :: explain SELECT k, c FROM sbtest%d WHERE k BETWEEN 4844521 AND 4844621
for range-notcovered
table 1 : explain SELECT k, c FROM sbtest1 WHERE k BETWEEN 3871501 AND 3871601
	Bitmap Heap Scan on sbtest1  (cost=5.50..416.94 rows=104 width=125)
	  Recheck Cond: ((k >= 3871501) AND (k <= 3871601))
	  ->  Bitmap Index Scan on k_1  (cost=0.00..5.47 rows=104 width=0)
	        Index Cond: ((k >= 3871501) AND (k <= 3871601))

table 2 : explain SELECT k, c FROM sbtest2 WHERE k BETWEEN 3871501 AND 3871601
	Bitmap Heap Scan on sbtest2  (cost=5.52..424.81 rows=106 width=125)
	  Recheck Cond: ((k >= 3871501) AND (k <= 3871601))
	  ->  Bitmap Index Scan on k_2  (cost=0.00..5.50 rows=106 width=0)
	        Index Cond: ((k >= 3871501) AND (k <= 3871601))

table 3 : explain SELECT k, c FROM sbtest3 WHERE k BETWEEN 3871501 AND 3871601
	Bitmap Heap Scan on sbtest3  (cost=5.58..448.42 rows=112 width=125)
	  Recheck Cond: ((k >= 3871501) AND (k <= 3871601))
	  ->  Bitmap Index Scan on k_3  (cost=0.00..5.55 rows=112 width=0)
	        Index Cond: ((k >= 3871501) AND (k <= 3871601))

table 4 : explain SELECT k, c FROM sbtest4 WHERE k BETWEEN 3871501 AND 3871601
	Bitmap Heap Scan on sbtest4  (cost=5.48..409.07 rows=102 width=125)
	  Recheck Cond: ((k >= 3871501) AND (k <= 3871601))
	  ->  Bitmap Index Scan on k_4  (cost=0.00..5.45 rows=102 width=0)
	        Index Cond: ((k >= 3871501) AND (k <= 3871601))

table 5 : explain SELECT k, c FROM sbtest5 WHERE k BETWEEN 3871501 AND 3871601
	Bitmap Heap Scan on sbtest5  (cost=5.41..381.49 rows=95 width=125)
	  Recheck Cond: ((k >= 3871501) AND (k <= 3871601))
	  ->  Bitmap Index Scan on k_5  (cost=0.00..5.38 rows=95 width=0)
	        Index Cond: ((k >= 3871501) AND (k <= 3871601))

table 6 : explain SELECT k, c FROM sbtest6 WHERE k BETWEEN 3871501 AND 3871601
	Bitmap Heap Scan on sbtest6  (cost=5.51..420.88 rows=105 width=125)
	  Recheck Cond: ((k >= 3871501) AND (k <= 3871601))
	  ->  Bitmap Index Scan on k_6  (cost=0.00..5.48 rows=105 width=0)
	        Index Cond: ((k >= 3871501) AND (k <= 3871601))

table 7 : explain SELECT k, c FROM sbtest7 WHERE k BETWEEN 3871501 AND 3871601
	Bitmap Heap Scan on sbtest7  (cost=5.55..436.62 rows=109 width=125)
	  Recheck Cond: ((k >= 3871501) AND (k <= 3871601))
	  ->  Bitmap Index Scan on k_7  (cost=0.00..5.52 rows=109 width=0)
	        Index Cond: ((k >= 3871501) AND (k <= 3871601))

table 8 : explain SELECT k, c FROM sbtest8 WHERE k BETWEEN 3871501 AND 3871601
	Bitmap Heap Scan on sbtest8  (cost=5.48..409.07 rows=102 width=125)
	  Recheck Cond: ((k >= 3871501) AND (k <= 3871601))
	  ->  Bitmap Index Scan on k_8  (cost=0.00..5.45 rows=102 width=0)
	        Index Cond: ((k >= 3871501) AND (k <= 3871601))

for range-notcovered
table 1 : explain SELECT k, c FROM sbtest1 WHERE k BETWEEN 1687821 AND 1687921
	Bitmap Heap Scan on sbtest1  (cost=5.46..401.19 rows=100 width=125)
	  Recheck Cond: ((k >= 1687821) AND (k <= 1687921))
	  ->  Bitmap Index Scan on k_1  (cost=0.00..5.43 rows=100 width=0)
	        Index Cond: ((k >= 1687821) AND (k <= 1687921))

table 2 : explain SELECT k, c FROM sbtest2 WHERE k BETWEEN 1687821 AND 1687921
	Bitmap Heap Scan on sbtest2  (cost=5.43..389.37 rows=97 width=125)
	  Recheck Cond: ((k >= 1687821) AND (k <= 1687921))
	  ->  Bitmap Index Scan on k_2  (cost=0.00..5.40 rows=97 width=0)
	        Index Cond: ((k >= 1687821) AND (k <= 1687921))

table 3 : explain SELECT k, c FROM sbtest3 WHERE k BETWEEN 1687821 AND 1687921
	Bitmap Heap Scan on sbtest3  (cost=5.52..424.81 rows=106 width=125)
	  Recheck Cond: ((k >= 1687821) AND (k <= 1687921))
	  ->  Bitmap Index Scan on k_3  (cost=0.00..5.50 rows=106 width=0)
	        Index Cond: ((k >= 1687821) AND (k <= 1687921))

table 4 : explain SELECT k, c FROM sbtest4 WHERE k BETWEEN 1687821 AND 1687921
	Bitmap Heap Scan on sbtest4  (cost=5.44..393.31 rows=98 width=125)
	  Recheck Cond: ((k >= 1687821) AND (k <= 1687921))
	  ->  Bitmap Index Scan on k_4  (cost=0.00..5.42 rows=98 width=0)
	        Index Cond: ((k >= 1687821) AND (k <= 1687921))

table 5 : explain SELECT k, c FROM sbtest5 WHERE k BETWEEN 1687821 AND 1687921
	Bitmap Heap Scan on sbtest5  (cost=5.49..413.00 rows=103 width=125)
	  Recheck Cond: ((k >= 1687821) AND (k <= 1687921))
	  ->  Bitmap Index Scan on k_5  (cost=0.00..5.46 rows=103 width=0)
	        Index Cond: ((k >= 1687821) AND (k <= 1687921))

table 6 : explain SELECT k, c FROM sbtest6 WHERE k BETWEEN 1687821 AND 1687921
	Bitmap Heap Scan on sbtest6  (cost=5.56..440.56 rows=110 width=125)
	  Recheck Cond: ((k >= 1687821) AND (k <= 1687921))
	  ->  Bitmap Index Scan on k_6  (cost=0.00..5.53 rows=110 width=0)
	        Index Cond: ((k >= 1687821) AND (k <= 1687921))

table 7 : explain SELECT k, c FROM sbtest7 WHERE k BETWEEN 1687821 AND 1687921
	Bitmap Heap Scan on sbtest7  (cost=5.44..393.31 rows=98 width=125)
	  Recheck Cond: ((k >= 1687821) AND (k <= 1687921))
	  ->  Bitmap Index Scan on k_7  (cost=0.00..5.42 rows=98 width=0)
	        Index Cond: ((k >= 1687821) AND (k <= 1687921))

table 8 : explain SELECT k, c FROM sbtest8 WHERE k BETWEEN 1687821 AND 1687921
	Bitmap Heap Scan on sbtest8  (cost=5.44..393.31 rows=98 width=125)
	  Recheck Cond: ((k >= 1687821) AND (k <= 1687921))
	  ->  Bitmap Index Scan on k_8  (cost=0.00..5.42 rows=98 width=0)
	        Index Cond: ((k >= 1687821) AND (k <= 1687921))

for range-notcovered
table 1 : explain SELECT k, c FROM sbtest1 WHERE k BETWEEN 4030166 AND 4030266
	Bitmap Heap Scan on sbtest1  (cost=5.49..413.00 rows=103 width=125)
	  Recheck Cond: ((k >= 4030166) AND (k <= 4030266))
	  ->  Bitmap Index Scan on k_1  (cost=0.00..5.46 rows=103 width=0)
	        Index Cond: ((k >= 4030166) AND (k <= 4030266))

table 2 : explain SELECT k, c FROM sbtest2 WHERE k BETWEEN 4030166 AND 4030266
	Bitmap Heap Scan on sbtest2  (cost=5.51..420.88 rows=105 width=125)
	  Recheck Cond: ((k >= 4030166) AND (k <= 4030266))
	  ->  Bitmap Index Scan on k_2  (cost=0.00..5.48 rows=105 width=0)
	        Index Cond: ((k >= 4030166) AND (k <= 4030266))

table 3 : explain SELECT k, c FROM sbtest3 WHERE k BETWEEN 4030166 AND 4030266
	Bitmap Heap Scan on sbtest3  (cost=5.54..432.69 rows=108 width=125)
	  Recheck Cond: ((k >= 4030166) AND (k <= 4030266))
	  ->  Bitmap Index Scan on k_3  (cost=0.00..5.51 rows=108 width=0)
	        Index Cond: ((k >= 4030166) AND (k <= 4030266))

table 4 : explain SELECT k, c FROM sbtest4 WHERE k BETWEEN 4030166 AND 4030266
	Bitmap Heap Scan on sbtest4  (cost=5.43..389.37 rows=97 width=125)
	  Recheck Cond: ((k >= 4030166) AND (k <= 4030266))
	  ->  Bitmap Index Scan on k_4  (cost=0.00..5.40 rows=97 width=0)
	        Index Cond: ((k >= 4030166) AND (k <= 4030266))

table 5 : explain SELECT k, c FROM sbtest5 WHERE k BETWEEN 4030166 AND 4030266
	Bitmap Heap Scan on sbtest5  (cost=5.53..428.75 rows=107 width=125)
	  Recheck Cond: ((k >= 4030166) AND (k <= 4030266))
	  ->  Bitmap Index Scan on k_5  (cost=0.00..5.50 rows=107 width=0)
	        Index Cond: ((k >= 4030166) AND (k <= 4030266))

table 6 : explain SELECT k, c FROM sbtest6 WHERE k BETWEEN 4030166 AND 4030266
	Bitmap Heap Scan on sbtest6  (cost=5.48..409.07 rows=102 width=125)
	  Recheck Cond: ((k >= 4030166) AND (k <= 4030266))
	  ->  Bitmap Index Scan on k_6  (cost=0.00..5.45 rows=102 width=0)
	        Index Cond: ((k >= 4030166) AND (k <= 4030266))

table 7 : explain SELECT k, c FROM sbtest7 WHERE k BETWEEN 4030166 AND 4030266
	Bitmap Heap Scan on sbtest7  (cost=5.70..491.67 rows=123 width=125)
	  Recheck Cond: ((k >= 4030166) AND (k <= 4030266))
	  ->  Bitmap Index Scan on k_7  (cost=0.00..5.67 rows=123 width=0)
	        Index Cond: ((k >= 4030166) AND (k <= 4030266))

table 8 : explain SELECT k, c FROM sbtest8 WHERE k BETWEEN 4030166 AND 4030266
	Bitmap Heap Scan on sbtest8  (cost=5.51..420.88 rows=105 width=125)
	  Recheck Cond: ((k >= 4030166) AND (k <= 4030266))
	  ->  Bitmap Index Scan on k_8  (cost=0.00..5.48 rows=105 width=0)
	        Index Cond: ((k >= 4030166) AND (k <= 4030266))

for range-notcovered
table 1 : explain SELECT k, c FROM sbtest1 WHERE k BETWEEN 4673975 AND 4674075
	Bitmap Heap Scan on sbtest1  (cost=5.52..424.81 rows=106 width=125)
	  Recheck Cond: ((k >= 4673975) AND (k <= 4674075))
	  ->  Bitmap Index Scan on k_1  (cost=0.00..5.50 rows=106 width=0)
	        Index Cond: ((k >= 4673975) AND (k <= 4674075))

table 2 : explain SELECT k, c FROM sbtest2 WHERE k BETWEEN 4673975 AND 4674075
	Bitmap Heap Scan on sbtest2  (cost=5.40..377.55 rows=94 width=125)
	  Recheck Cond: ((k >= 4673975) AND (k <= 4674075))
	  ->  Bitmap Index Scan on k_2  (cost=0.00..5.38 rows=94 width=0)
	        Index Cond: ((k >= 4673975) AND (k <= 4674075))

table 3 : explain SELECT k, c FROM sbtest3 WHERE k BETWEEN 4673975 AND 4674075
	Bitmap Heap Scan on sbtest3  (cost=5.52..424.81 rows=106 width=125)
	  Recheck Cond: ((k >= 4673975) AND (k <= 4674075))
	  ->  Bitmap Index Scan on k_3  (cost=0.00..5.50 rows=106 width=0)
	        Index Cond: ((k >= 4673975) AND (k <= 4674075))

table 4 : explain SELECT k, c FROM sbtest4 WHERE k BETWEEN 4673975 AND 4674075
	Bitmap Heap Scan on sbtest4  (cost=5.55..436.62 rows=109 width=125)
	  Recheck Cond: ((k >= 4673975) AND (k <= 4674075))
	  ->  Bitmap Index Scan on k_4  (cost=0.00..5.52 rows=109 width=0)
	        Index Cond: ((k >= 4673975) AND (k <= 4674075))

table 5 : explain SELECT k, c FROM sbtest5 WHERE k BETWEEN 4673975 AND 4674075
	Bitmap Heap Scan on sbtest5  (cost=5.44..393.31 rows=98 width=125)
	  Recheck Cond: ((k >= 4673975) AND (k <= 4674075))
	  ->  Bitmap Index Scan on k_5  (cost=0.00..5.42 rows=98 width=0)
	        Index Cond: ((k >= 4673975) AND (k <= 4674075))

table 6 : explain SELECT k, c FROM sbtest6 WHERE k BETWEEN 4673975 AND 4674075
	Bitmap Heap Scan on sbtest6  (cost=5.55..436.62 rows=109 width=125)
	  Recheck Cond: ((k >= 4673975) AND (k <= 4674075))
	  ->  Bitmap Index Scan on k_6  (cost=0.00..5.52 rows=109 width=0)
	        Index Cond: ((k >= 4673975) AND (k <= 4674075))

table 7 : explain SELECT k, c FROM sbtest7 WHERE k BETWEEN 4673975 AND 4674075
	Bitmap Heap Scan on sbtest7  (cost=5.46..401.19 rows=100 width=125)
	  Recheck Cond: ((k >= 4673975) AND (k <= 4674075))
	  ->  Bitmap Index Scan on k_7  (cost=0.00..5.43 rows=100 width=0)
	        Index Cond: ((k >= 4673975) AND (k <= 4674075))

table 8 : explain SELECT k, c FROM sbtest8 WHERE k BETWEEN 4673975 AND 4674075
	Bitmap Heap Scan on sbtest8  (cost=5.63..468.09 rows=117 width=125)
	  Recheck Cond: ((k >= 4673975) AND (k <= 4674075))
	  ->  Bitmap Index Scan on k_8  (cost=0.00..5.60 rows=117 width=0)
	        Index Cond: ((k >= 4673975) AND (k <= 4674075))

explain: for range-notcovered :: explain SELECT k, c FROM sbtest%d WHERE k BETWEEN 3871501 AND 3871601
explain: for range-notcovered :: explain SELECT k, c FROM sbtest%d WHERE k BETWEEN 4030166 AND 4030266
explain: for range-notcovered :: explain SELECT k, c FROM sbtest%d WHERE k BETWEEN 1687821 AND 1687921
explain: for range-notcovered :: explain SELECT k, c FROM sbtest%d WHERE k BETWEEN 4673975 AND 4674075
explain: for range-notcovered :: explain SELECT k, c FROM sbtest%d WHERE k BETWEEN 6439300 AND 6439400
for range-notcovered
table 1 : explain SELECT k, c FROM sbtest1 WHERE k BETWEEN 4967942 AND 4968042
	Bitmap Heap Scan on sbtest1  (cost=5.57..444.49 rows=111 width=125)
	  Recheck Cond: ((k >= 4967942) AND (k <= 4968042))
	  ->  Bitmap Index Scan on k_1  (cost=0.00..5.54 rows=111 width=0)
	        Index Cond: ((k >= 4967942) AND (k <= 4968042))

table 2 : explain SELECT k, c FROM sbtest2 WHERE k BETWEEN 4967942 AND 4968042
	Bitmap Heap Scan on sbtest2  (cost=5.39..373.61 rows=93 width=125)
	  Recheck Cond: ((k >= 4967942) AND (k <= 4968042))
	  ->  Bitmap Index Scan on k_2  (cost=0.00..5.36 rows=93 width=0)
	        Index Cond: ((k >= 4967942) AND (k <= 4968042))

table 3 : explain SELECT k, c FROM sbtest3 WHERE k BETWEEN 4967942 AND 4968042
	Bitmap Heap Scan on sbtest3  (cost=5.42..385.43 rows=96 width=125)
	  Recheck Cond: ((k >= 4967942) AND (k <= 4968042))
	  ->  Bitmap Index Scan on k_3  (cost=0.00..5.39 rows=96 width=0)
	        Index Cond: ((k >= 4967942) AND (k <= 4968042))

table 4 : explain SELECT k, c FROM sbtest4 WHERE k BETWEEN 4967942 AND 4968042
	Bitmap Heap Scan on sbtest4  (cost=5.48..409.07 rows=102 width=125)
	  Recheck Cond: ((k >= 4967942) AND (k <= 4968042))
	  ->  Bitmap Index Scan on k_4  (cost=0.00..5.45 rows=102 width=0)
	        Index Cond: ((k >= 4967942) AND (k <= 4968042))

table 5 : explain SELECT k, c FROM sbtest5 WHERE k BETWEEN 4967942 AND 4968042
	Bitmap Heap Scan on sbtest5  (cost=5.62..464.15 rows=116 width=125)
	  Recheck Cond: ((k >= 4967942) AND (k <= 4968042))
	  ->  Bitmap Index Scan on k_5  (cost=0.00..5.59 rows=116 width=0)
	        Index Cond: ((k >= 4967942) AND (k <= 4968042))

table 6 : explain SELECT k, c FROM sbtest6 WHERE k BETWEEN 4967942 AND 4968042
	Bitmap Heap Scan on sbtest6  (cost=5.48..409.07 rows=102 width=125)
	  Recheck Cond: ((k >= 4967942) AND (k <= 4968042))
	  ->  Bitmap Index Scan on k_6  (cost=0.00..5.45 rows=102 width=0)
	        Index Cond: ((k >= 4967942) AND (k <= 4968042))

table 7 : explain SELECT k, c FROM sbtest7 WHERE k BETWEEN 4967942 AND 4968042
	Bitmap Heap Scan on sbtest7  (cost=5.43..389.37 rows=97 width=125)
	  Recheck Cond: ((k >= 4967942) AND (k <= 4968042))
	  ->  Bitmap Index Scan on k_7  (cost=0.00..5.40 rows=97 width=0)
	        Index Cond: ((k >= 4967942) AND (k <= 4968042))

table 8 : explain SELECT k, c FROM sbtest8 WHERE k BETWEEN 4967942 AND 4968042
	Bitmap Heap Scan on sbtest8  (cost=5.48..409.07 rows=102 width=125)
	  Recheck Cond: ((k >= 4967942) AND (k <= 4968042))
	  ->  Bitmap Index Scan on k_8  (cost=0.00..5.45 rows=102 width=0)
	        Index Cond: ((k >= 4967942) AND (k <= 4968042))

for range-notcovered
table 1 : explain SELECT k, c FROM sbtest1 WHERE k BETWEEN 6442136 AND 6442236
	Bitmap Heap Scan on sbtest1  (cost=5.47..405.13 rows=101 width=125)
	  Recheck Cond: ((k >= 6442136) AND (k <= 6442236))
	  ->  Bitmap Index Scan on k_1  (cost=0.00..5.44 rows=101 width=0)
	        Index Cond: ((k >= 6442136) AND (k <= 6442236))

table 2 : explain SELECT k, c FROM sbtest2 WHERE k BETWEEN 6442136 AND 6442236
	Bitmap Heap Scan on sbtest2  (cost=5.47..405.13 rows=101 width=125)
	  Recheck Cond: ((k >= 6442136) AND (k <= 6442236))
	  ->  Bitmap Index Scan on k_2  (cost=0.00..5.44 rows=101 width=0)
	        Index Cond: ((k >= 6442136) AND (k <= 6442236))

table 3 : explain SELECT k, c FROM sbtest3 WHERE k BETWEEN 6442136 AND 6442236
	Bitmap Heap Scan on sbtest3  (cost=5.50..416.94 rows=104 width=125)
	  Recheck Cond: ((k >= 6442136) AND (k <= 6442236))
	  ->  Bitmap Index Scan on k_3  (cost=0.00..5.47 rows=104 width=0)
	        Index Cond: ((k >= 6442136) AND (k <= 6442236))

table 4 : explain SELECT k, c FROM sbtest4 WHERE k BETWEEN 6442136 AND 6442236
	Bitmap Heap Scan on sbtest4  (cost=5.43..389.37 rows=97 width=125)
	  Recheck Cond: ((k >= 6442136) AND (k <= 6442236))
	  ->  Bitmap Index Scan on k_4  (cost=0.00..5.40 rows=97 width=0)
	        Index Cond: ((k >= 6442136) AND (k <= 6442236))

table 5 : explain SELECT k, c FROM sbtest5 WHERE k BETWEEN 6442136 AND 6442236
	Bitmap Heap Scan on sbtest5  (cost=5.39..373.61 rows=93 width=125)
	  Recheck Cond: ((k >= 6442136) AND (k <= 6442236))
	  ->  Bitmap Index Scan on k_5  (cost=0.00..5.36 rows=93 width=0)
	        Index Cond: ((k >= 6442136) AND (k <= 6442236))

table 6 : explain SELECT k, c FROM sbtest6 WHERE k BETWEEN 6442136 AND 6442236
	Bitmap Heap Scan on sbtest6  (cost=5.54..432.69 rows=108 width=125)
	  Recheck Cond: ((k >= 6442136) AND (k <= 6442236))
	  ->  Bitmap Index Scan on k_6  (cost=0.00..5.51 rows=108 width=0)
	        Index Cond: ((k >= 6442136) AND (k <= 6442236))

table 7 : explain SELECT k, c FROM sbtest7 WHERE k BETWEEN 6442136 AND 6442236
	Bitmap Heap Scan on sbtest7  (cost=5.44..393.31 rows=98 width=125)
	  Recheck Cond: ((k >= 6442136) AND (k <= 6442236))
	  ->  Bitmap Index Scan on k_7  (cost=0.00..5.42 rows=98 width=0)
	        Index Cond: ((k >= 6442136) AND (k <= 6442236))

table 8 : explain SELECT k, c FROM sbtest8 WHERE k BETWEEN 6442136 AND 6442236
	Bitmap Heap Scan on sbtest8  (cost=5.47..405.13 rows=101 width=125)
	  Recheck Cond: ((k >= 6442136) AND (k <= 6442236))
	  ->  Bitmap Index Scan on k_8  (cost=0.00..5.44 rows=101 width=0)
	        Index Cond: ((k >= 6442136) AND (k <= 6442236))

explain: for range-notcovered :: explain SELECT k, c FROM sbtest%d WHERE k BETWEEN 4967942 AND 4968042
for range-notcovered
table 1 : explain SELECT k, c FROM sbtest1 WHERE k BETWEEN 4844521 AND 4844621
	Bitmap Heap Scan on sbtest1  (cost=5.41..381.49 rows=95 width=125)
	  Recheck Cond: ((k >= 4844521) AND (k <= 4844621))
	  ->  Bitmap Index Scan on k_1  (cost=0.00..5.38 rows=95 width=0)
	        Index Cond: ((k >= 4844521) AND (k <= 4844621))

table 2 : explain SELECT k, c FROM sbtest2 WHERE k BETWEEN 4844521 AND 4844621
	Bitmap Heap Scan on sbtest2  (cost=5.45..397.25 rows=99 width=125)
	  Recheck Cond: ((k >= 4844521) AND (k <= 4844621))
	  ->  Bitmap Index Scan on k_2  (cost=0.00..5.42 rows=99 width=0)
	        Index Cond: ((k >= 4844521) AND (k <= 4844621))

table 3 : explain SELECT k, c FROM sbtest3 WHERE k BETWEEN 4844521 AND 4844621
	Bitmap Heap Scan on sbtest3  (cost=5.42..385.43 rows=96 width=125)
	  Recheck Cond: ((k >= 4844521) AND (k <= 4844621))
	  ->  Bitmap Index Scan on k_3  (cost=0.00..5.39 rows=96 width=0)
	        Index Cond: ((k >= 4844521) AND (k <= 4844621))

table 4 : explain SELECT k, c FROM sbtest4 WHERE k BETWEEN 4844521 AND 4844621
	Bitmap Heap Scan on sbtest4  (cost=5.40..377.55 rows=94 width=125)
	  Recheck Cond: ((k >= 4844521) AND (k <= 4844621))
	  ->  Bitmap Index Scan on k_4  (cost=0.00..5.38 rows=94 width=0)
	        Index Cond: ((k >= 4844521) AND (k <= 4844621))

table 5 : explain SELECT k, c FROM sbtest5 WHERE k BETWEEN 4844521 AND 4844621
	Bitmap Heap Scan on sbtest5  (cost=5.48..409.07 rows=102 width=125)
	  Recheck Cond: ((k >= 4844521) AND (k <= 4844621))
	  ->  Bitmap Index Scan on k_5  (cost=0.00..5.45 rows=102 width=0)
	        Index Cond: ((k >= 4844521) AND (k <= 4844621))

table 6 : explain SELECT k, c FROM sbtest6 WHERE k BETWEEN 4844521 AND 4844621
	Bitmap Heap Scan on sbtest6  (cost=5.42..385.43 rows=96 width=125)
	  Recheck Cond: ((k >= 4844521) AND (k <= 4844621))
	  ->  Bitmap Index Scan on k_6  (cost=0.00..5.39 rows=96 width=0)
	        Index Cond: ((k >= 4844521) AND (k <= 4844621))

table 7 : explain SELECT k, c FROM sbtest7 WHERE k BETWEEN 4844521 AND 4844621
	Bitmap Heap Scan on sbtest7  (cost=5.43..389.37 rows=97 width=125)
	  Recheck Cond: ((k >= 4844521) AND (k <= 4844621))
	  ->  Bitmap Index Scan on k_7  (cost=0.00..5.40 rows=97 width=0)
	        Index Cond: ((k >= 4844521) AND (k <= 4844621))

table 8 : explain SELECT k, c FROM sbtest8 WHERE k BETWEEN 4844521 AND 4844621
	Bitmap Heap Scan on sbtest8  (cost=5.56..440.56 rows=110 width=125)
	  Recheck Cond: ((k >= 4844521) AND (k <= 4844621))
	  ->  Bitmap Index Scan on k_8  (cost=0.00..5.53 rows=110 width=0)
	        Index Cond: ((k >= 4844521) AND (k <= 4844621))

explain: for range-notcovered :: explain SELECT k, c FROM sbtest%d WHERE k BETWEEN 6442136 AND 6442236
for range-notcovered
table 1 : explain SELECT k, c FROM sbtest1 WHERE k BETWEEN 6911138 AND 6911238
	Bitmap Heap Scan on sbtest1  (cost=5.40..377.55 rows=94 width=125)
	  Recheck Cond: ((k >= 6911138) AND (k <= 6911238))
	  ->  Bitmap Index Scan on k_1  (cost=0.00..5.38 rows=94 width=0)
	        Index Cond: ((k >= 6911138) AND (k <= 6911238))

table 2 : explain SELECT k, c FROM sbtest2 WHERE k BETWEEN 6911138 AND 6911238
	Bitmap Heap Scan on sbtest2  (cost=5.57..444.49 rows=111 width=125)
	  Recheck Cond: ((k >= 6911138) AND (k <= 6911238))
	  ->  Bitmap Index Scan on k_2  (cost=0.00..5.54 rows=111 width=0)
	        Index Cond: ((k >= 6911138) AND (k <= 6911238))

table 3 : explain SELECT k, c FROM sbtest3 WHERE k BETWEEN 6911138 AND 6911238
	Bitmap Heap Scan on sbtest3  (cost=5.45..397.25 rows=99 width=125)
	  Recheck Cond: ((k >= 6911138) AND (k <= 6911238))
	  ->  Bitmap Index Scan on k_3  (cost=0.00..5.42 rows=99 width=0)
	        Index Cond: ((k >= 6911138) AND (k <= 6911238))

table 4 : explain SELECT k, c FROM sbtest4 WHERE k BETWEEN 6911138 AND 6911238
	Bitmap Heap Scan on sbtest4  (cost=5.52..424.81 rows=106 width=125)
	  Recheck Cond: ((k >= 6911138) AND (k <= 6911238))
	  ->  Bitmap Index Scan on k_4  (cost=0.00..5.50 rows=106 width=0)
	        Index Cond: ((k >= 6911138) AND (k <= 6911238))

table 5 : explain SELECT k, c FROM sbtest5 WHERE k BETWEEN 6911138 AND 6911238
	Bitmap Heap Scan on sbtest5  (cost=5.62..464.15 rows=116 width=125)
	  Recheck Cond: ((k >= 6911138) AND (k <= 6911238))
	  ->  Bitmap Index Scan on k_5  (cost=0.00..5.59 rows=116 width=0)
	        Index Cond: ((k >= 6911138) AND (k <= 6911238))

table 6 : explain SELECT k, c FROM sbtest6 WHERE k BETWEEN 6911138 AND 6911238
	Bitmap Heap Scan on sbtest6  (cost=5.46..401.19 rows=100 width=125)
	  Recheck Cond: ((k >= 6911138) AND (k <= 6911238))
	  ->  Bitmap Index Scan on k_6  (cost=0.00..5.43 rows=100 width=0)
	        Index Cond: ((k >= 6911138) AND (k <= 6911238))

table 7 : explain SELECT k, c FROM sbtest7 WHERE k BETWEEN 6911138 AND 6911238
	Bitmap Heap Scan on sbtest7  (cost=5.50..416.94 rows=104 width=125)
	  Recheck Cond: ((k >= 6911138) AND (k <= 6911238))
	  ->  Bitmap Index Scan on k_7  (cost=0.00..5.47 rows=104 width=0)
	        Index Cond: ((k >= 6911138) AND (k <= 6911238))

table 8 : explain SELECT k, c FROM sbtest8 WHERE k BETWEEN 6911138 AND 6911238
	Bitmap Heap Scan on sbtest8  (cost=5.46..401.19 rows=100 width=125)
	  Recheck Cond: ((k >= 6911138) AND (k <= 6911238))
	  ->  Bitmap Index Scan on k_8  (cost=0.00..5.43 rows=100 width=0)
	        Index Cond: ((k >= 6911138) AND (k <= 6911238))

explain: for range-notcovered :: explain SELECT k, c FROM sbtest%d WHERE k BETWEEN 4844521 AND 4844621
for range-notcovered
table 1 : explain SELECT k, c FROM sbtest1 WHERE k BETWEEN 2738243 AND 2738343
	Bitmap Heap Scan on sbtest1  (cost=5.46..401.19 rows=100 width=125)
	  Recheck Cond: ((k >= 2738243) AND (k <= 2738343))
	  ->  Bitmap Index Scan on k_1  (cost=0.00..5.43 rows=100 width=0)
	        Index Cond: ((k >= 2738243) AND (k <= 2738343))

table 2 : explain SELECT k, c FROM sbtest2 WHERE k BETWEEN 2738243 AND 2738343
	Bitmap Heap Scan on sbtest2  (cost=5.58..448.42 rows=112 width=125)
	  Recheck Cond: ((k >= 2738243) AND (k <= 2738343))
	  ->  Bitmap Index Scan on k_2  (cost=0.00..5.55 rows=112 width=0)
	        Index Cond: ((k >= 2738243) AND (k <= 2738343))

table 3 : explain SELECT k, c FROM sbtest3 WHERE k BETWEEN 2738243 AND 2738343
	Bitmap Heap Scan on sbtest3  (cost=5.49..413.00 rows=103 width=125)
	  Recheck Cond: ((k >= 2738243) AND (k <= 2738343))
	  ->  Bitmap Index Scan on k_3  (cost=0.00..5.46 rows=103 width=0)
	        Index Cond: ((k >= 2738243) AND (k <= 2738343))

table 4 : explain SELECT k, c FROM sbtest4 WHERE k BETWEEN 2738243 AND 2738343
	Bitmap Heap Scan on sbtest4  (cost=5.57..444.49 rows=111 width=125)
	  Recheck Cond: ((k >= 2738243) AND (k <= 2738343))
	  ->  Bitmap Index Scan on k_4  (cost=0.00..5.54 rows=111 width=0)
	        Index Cond: ((k >= 2738243) AND (k <= 2738343))

table 5 : explain SELECT k, c FROM sbtest5 WHERE k BETWEEN 2738243 AND 2738343
	Bitmap Heap Scan on sbtest5  (cost=5.43..389.37 rows=97 width=125)
	  Recheck Cond: ((k >= 2738243) AND (k <= 2738343))
	  ->  Bitmap Index Scan on k_5  (cost=0.00..5.40 rows=97 width=0)
	        Index Cond: ((k >= 2738243) AND (k <= 2738343))

table 6 : explain SELECT k, c FROM sbtest6 WHERE k BETWEEN 2738243 AND 2738343
	Bitmap Heap Scan on sbtest6  (cost=5.49..413.00 rows=103 width=125)
	  Recheck Cond: ((k >= 2738243) AND (k <= 2738343))
	  ->  Bitmap Index Scan on k_6  (cost=0.00..5.46 rows=103 width=0)
	        Index Cond: ((k >= 2738243) AND (k <= 2738343))

table 7 : explain SELECT k, c FROM sbtest7 WHERE k BETWEEN 2738243 AND 2738343
	Bitmap Heap Scan on sbtest7  (cost=5.45..397.25 rows=99 width=125)
	  Recheck Cond: ((k >= 2738243) AND (k <= 2738343))
	  ->  Bitmap Index Scan on k_7  (cost=0.00..5.42 rows=99 width=0)
	        Index Cond: ((k >= 2738243) AND (k <= 2738343))

table 8 : explain SELECT k, c FROM sbtest8 WHERE k BETWEEN 2738243 AND 2738343
	Bitmap Heap Scan on sbtest8  (cost=5.53..428.75 rows=107 width=125)
	  Recheck Cond: ((k >= 2738243) AND (k <= 2738343))
	  ->  Bitmap Index Scan on k_8  (cost=0.00..5.50 rows=107 width=0)
	        Index Cond: ((k >= 2738243) AND (k <= 2738343))

explain: for range-notcovered :: explain SELECT k, c FROM sbtest%d WHERE k BETWEEN 6911138 AND 6911238
for range-notcovered
table 1 : explain SELECT k, c FROM sbtest1 WHERE k BETWEEN 1687821 AND 1687921
	Bitmap Heap Scan on sbtest1  (cost=5.46..401.19 rows=100 width=125)
	  Recheck Cond: ((k >= 1687821) AND (k <= 1687921))
	  ->  Bitmap Index Scan on k_1  (cost=0.00..5.43 rows=100 width=0)
	        Index Cond: ((k >= 1687821) AND (k <= 1687921))

table 2 : explain SELECT k, c FROM sbtest2 WHERE k BETWEEN 1687821 AND 1687921
	Bitmap Heap Scan on sbtest2  (cost=5.43..389.37 rows=97 width=125)
	  Recheck Cond: ((k >= 1687821) AND (k <= 1687921))
	  ->  Bitmap Index Scan on k_2  (cost=0.00..5.40 rows=97 width=0)
	        Index Cond: ((k >= 1687821) AND (k <= 1687921))

table 3 : explain SELECT k, c FROM sbtest3 WHERE k BETWEEN 1687821 AND 1687921
	Bitmap Heap Scan on sbtest3  (cost=5.52..424.81 rows=106 width=125)
	  Recheck Cond: ((k >= 1687821) AND (k <= 1687921))
	  ->  Bitmap Index Scan on k_3  (cost=0.00..5.50 rows=106 width=0)
	        Index Cond: ((k >= 1687821) AND (k <= 1687921))

table 4 : explain SELECT k, c FROM sbtest4 WHERE k BETWEEN 1687821 AND 1687921
	Bitmap Heap Scan on sbtest4  (cost=5.44..393.31 rows=98 width=125)
	  Recheck Cond: ((k >= 1687821) AND (k <= 1687921))
	  ->  Bitmap Index Scan on k_4  (cost=0.00..5.42 rows=98 width=0)
	        Index Cond: ((k >= 1687821) AND (k <= 1687921))

table 5 : explain SELECT k, c FROM sbtest5 WHERE k BETWEEN 1687821 AND 1687921
	Bitmap Heap Scan on sbtest5  (cost=5.49..413.00 rows=103 width=125)
	  Recheck Cond: ((k >= 1687821) AND (k <= 1687921))
	  ->  Bitmap Index Scan on k_5  (cost=0.00..5.46 rows=103 width=0)
	        Index Cond: ((k >= 1687821) AND (k <= 1687921))

table 6 : explain SELECT k, c FROM sbtest6 WHERE k BETWEEN 1687821 AND 1687921
	Bitmap Heap Scan on sbtest6  (cost=5.56..440.56 rows=110 width=125)
	  Recheck Cond: ((k >= 1687821) AND (k <= 1687921))
	  ->  Bitmap Index Scan on k_6  (cost=0.00..5.53 rows=110 width=0)
	        Index Cond: ((k >= 1687821) AND (k <= 1687921))

table 7 : explain SELECT k, c FROM sbtest7 WHERE k BETWEEN 1687821 AND 1687921
	Bitmap Heap Scan on sbtest7  (cost=5.44..393.31 rows=98 width=125)
	  Recheck Cond: ((k >= 1687821) AND (k <= 1687921))
	  ->  Bitmap Index Scan on k_7  (cost=0.00..5.42 rows=98 width=0)
	        Index Cond: ((k >= 1687821) AND (k <= 1687921))

table 8 : explain SELECT k, c FROM sbtest8 WHERE k BETWEEN 1687821 AND 1687921
	Bitmap Heap Scan on sbtest8  (cost=5.44..393.31 rows=98 width=125)
	  Recheck Cond: ((k >= 1687821) AND (k <= 1687921))
	  ->  Bitmap Index Scan on k_8  (cost=0.00..5.42 rows=98 width=0)
	        Index Cond: ((k >= 1687821) AND (k <= 1687921))

explain: for range-notcovered :: explain SELECT k, c FROM sbtest%d WHERE k BETWEEN 2738243 AND 2738343
for range-notcovered
table 1 : explain SELECT k, c FROM sbtest1 WHERE k BETWEEN 4030166 AND 4030266
	Bitmap Heap Scan on sbtest1  (cost=5.49..413.00 rows=103 width=125)
	  Recheck Cond: ((k >= 4030166) AND (k <= 4030266))
	  ->  Bitmap Index Scan on k_1  (cost=0.00..5.46 rows=103 width=0)
	        Index Cond: ((k >= 4030166) AND (k <= 4030266))

table 2 : explain SELECT k, c FROM sbtest2 WHERE k BETWEEN 4030166 AND 4030266
	Bitmap Heap Scan on sbtest2  (cost=5.51..420.88 rows=105 width=125)
	  Recheck Cond: ((k >= 4030166) AND (k <= 4030266))
	  ->  Bitmap Index Scan on k_2  (cost=0.00..5.48 rows=105 width=0)
	        Index Cond: ((k >= 4030166) AND (k <= 4030266))

table 3 : explain SELECT k, c FROM sbtest3 WHERE k BETWEEN 4030166 AND 4030266
	Bitmap Heap Scan on sbtest3  (cost=5.54..432.69 rows=108 width=125)
	  Recheck Cond: ((k >= 4030166) AND (k <= 4030266))
	  ->  Bitmap Index Scan on k_3  (cost=0.00..5.51 rows=108 width=0)
	        Index Cond: ((k >= 4030166) AND (k <= 4030266))

table 4 : explain SELECT k, c FROM sbtest4 WHERE k BETWEEN 4030166 AND 4030266
	Bitmap Heap Scan on sbtest4  (cost=5.43..389.37 rows=97 width=125)
	  Recheck Cond: ((k >= 4030166) AND (k <= 4030266))
	  ->  Bitmap Index Scan on k_4  (cost=0.00..5.40 rows=97 width=0)
	        Index Cond: ((k >= 4030166) AND (k <= 4030266))

table 5 : explain SELECT k, c FROM sbtest5 WHERE k BETWEEN 4030166 AND 4030266
	Bitmap Heap Scan on sbtest5  (cost=5.53..428.75 rows=107 width=125)
	  Recheck Cond: ((k >= 4030166) AND (k <= 4030266))
	  ->  Bitmap Index Scan on k_5  (cost=0.00..5.50 rows=107 width=0)
	        Index Cond: ((k >= 4030166) AND (k <= 4030266))

table 6 : explain SELECT k, c FROM sbtest6 WHERE k BETWEEN 4030166 AND 4030266
	Bitmap Heap Scan on sbtest6  (cost=5.48..409.07 rows=102 width=125)
	  Recheck Cond: ((k >= 4030166) AND (k <= 4030266))
	  ->  Bitmap Index Scan on k_6  (cost=0.00..5.45 rows=102 width=0)
	        Index Cond: ((k >= 4030166) AND (k <= 4030266))

table 7 : explain SELECT k, c FROM sbtest7 WHERE k BETWEEN 4030166 AND 4030266
	Bitmap Heap Scan on sbtest7  (cost=5.70..491.67 rows=123 width=125)
	  Recheck Cond: ((k >= 4030166) AND (k <= 4030266))
	  ->  Bitmap Index Scan on k_7  (cost=0.00..5.67 rows=123 width=0)
	        Index Cond: ((k >= 4030166) AND (k <= 4030266))

table 8 : explain SELECT k, c FROM sbtest8 WHERE k BETWEEN 4030166 AND 4030266
	Bitmap Heap Scan on sbtest8  (cost=5.51..420.88 rows=105 width=125)
	  Recheck Cond: ((k >= 4030166) AND (k <= 4030266))
	  ->  Bitmap Index Scan on k_8  (cost=0.00..5.48 rows=105 width=0)
	        Index Cond: ((k >= 4030166) AND (k <= 4030266))

explain: for range-notcovered :: explain SELECT k, c FROM sbtest%d WHERE k BETWEEN 1687821 AND 1687921
for range-notcovered
table 1 : explain SELECT k, c FROM sbtest1 WHERE k BETWEEN 3871501 AND 3871601
	Bitmap Heap Scan on sbtest1  (cost=5.50..416.94 rows=104 width=125)
	  Recheck Cond: ((k >= 3871501) AND (k <= 3871601))
	  ->  Bitmap Index Scan on k_1  (cost=0.00..5.47 rows=104 width=0)
	        Index Cond: ((k >= 3871501) AND (k <= 3871601))

table 2 : explain SELECT k, c FROM sbtest2 WHERE k BETWEEN 3871501 AND 3871601
	Bitmap Heap Scan on sbtest2  (cost=5.52..424.81 rows=106 width=125)
	  Recheck Cond: ((k >= 3871501) AND (k <= 3871601))
	  ->  Bitmap Index Scan on k_2  (cost=0.00..5.50 rows=106 width=0)
	        Index Cond: ((k >= 3871501) AND (k <= 3871601))

table 3 : explain SELECT k, c FROM sbtest3 WHERE k BETWEEN 3871501 AND 3871601
	Bitmap Heap Scan on sbtest3  (cost=5.58..448.42 rows=112 width=125)
	  Recheck Cond: ((k >= 3871501) AND (k <= 3871601))
	  ->  Bitmap Index Scan on k_3  (cost=0.00..5.55 rows=112 width=0)
	        Index Cond: ((k >= 3871501) AND (k <= 3871601))

table 4 : explain SELECT k, c FROM sbtest4 WHERE k BETWEEN 3871501 AND 3871601
	Bitmap Heap Scan on sbtest4  (cost=5.48..409.07 rows=102 width=125)
	  Recheck Cond: ((k >= 3871501) AND (k <= 3871601))
	  ->  Bitmap Index Scan on k_4  (cost=0.00..5.45 rows=102 width=0)
	        Index Cond: ((k >= 3871501) AND (k <= 3871601))

table 5 : explain SELECT k, c FROM sbtest5 WHERE k BETWEEN 3871501 AND 3871601
	Bitmap Heap Scan on sbtest5  (cost=5.41..381.49 rows=95 width=125)
	  Recheck Cond: ((k >= 3871501) AND (k <= 3871601))
	  ->  Bitmap Index Scan on k_5  (cost=0.00..5.38 rows=95 width=0)
	        Index Cond: ((k >= 3871501) AND (k <= 3871601))

table 6 : explain SELECT k, c FROM sbtest6 WHERE k BETWEEN 3871501 AND 3871601
	Bitmap Heap Scan on sbtest6  (cost=5.51..420.88 rows=105 width=125)
	  Recheck Cond: ((k >= 3871501) AND (k <= 3871601))
	  ->  Bitmap Index Scan on k_6  (cost=0.00..5.48 rows=105 width=0)
	        Index Cond: ((k >= 3871501) AND (k <= 3871601))

table 7 : explain SELECT k, c FROM sbtest7 WHERE k BETWEEN 3871501 AND 3871601
	Bitmap Heap Scan on sbtest7  (cost=5.55..436.62 rows=109 width=125)
	  Recheck Cond: ((k >= 3871501) AND (k <= 3871601))
	  ->  Bitmap Index Scan on k_7  (cost=0.00..5.52 rows=109 width=0)
	        Index Cond: ((k >= 3871501) AND (k <= 3871601))

table 8 : explain SELECT k, c FROM sbtest8 WHERE k BETWEEN 3871501 AND 3871601
	Bitmap Heap Scan on sbtest8  (cost=5.48..409.07 rows=102 width=125)
	  Recheck Cond: ((k >= 3871501) AND (k <= 3871601))
	  ->  Bitmap Index Scan on k_8  (cost=0.00..5.45 rows=102 width=0)
	        Index Cond: ((k >= 3871501) AND (k <= 3871601))

explain: for range-notcovered :: explain SELECT k, c FROM sbtest%d WHERE k BETWEEN 5898355 AND 5898455
for range-notcovered
table 1 : explain SELECT k, c FROM sbtest1 WHERE k BETWEEN 4673975 AND 4674075
	Bitmap Heap Scan on sbtest1  (cost=5.52..424.81 rows=106 width=125)
	  Recheck Cond: ((k >= 4673975) AND (k <= 4674075))
	  ->  Bitmap Index Scan on k_1  (cost=0.00..5.50 rows=106 width=0)
	        Index Cond: ((k >= 4673975) AND (k <= 4674075))

table 2 : explain SELECT k, c FROM sbtest2 WHERE k BETWEEN 4673975 AND 4674075
	Bitmap Heap Scan on sbtest2  (cost=5.40..377.55 rows=94 width=125)
	  Recheck Cond: ((k >= 4673975) AND (k <= 4674075))
	  ->  Bitmap Index Scan on k_2  (cost=0.00..5.38 rows=94 width=0)
	        Index Cond: ((k >= 4673975) AND (k <= 4674075))

table 3 : explain SELECT k, c FROM sbtest3 WHERE k BETWEEN 4673975 AND 4674075
	Bitmap Heap Scan on sbtest3  (cost=5.52..424.81 rows=106 width=125)
	  Recheck Cond: ((k >= 4673975) AND (k <= 4674075))
	  ->  Bitmap Index Scan on k_3  (cost=0.00..5.50 rows=106 width=0)
	        Index Cond: ((k >= 4673975) AND (k <= 4674075))

table 4 : explain SELECT k, c FROM sbtest4 WHERE k BETWEEN 4673975 AND 4674075
	Bitmap Heap Scan on sbtest4  (cost=5.55..436.62 rows=109 width=125)
	  Recheck Cond: ((k >= 4673975) AND (k <= 4674075))
	  ->  Bitmap Index Scan on k_4  (cost=0.00..5.52 rows=109 width=0)
	        Index Cond: ((k >= 4673975) AND (k <= 4674075))

table 5 : explain SELECT k, c FROM sbtest5 WHERE k BETWEEN 4673975 AND 4674075
	Bitmap Heap Scan on sbtest5  (cost=5.44..393.31 rows=98 width=125)
	  Recheck Cond: ((k >= 4673975) AND (k <= 4674075))
	  ->  Bitmap Index Scan on k_5  (cost=0.00..5.42 rows=98 width=0)
	        Index Cond: ((k >= 4673975) AND (k <= 4674075))

table 6 : explain SELECT k, c FROM sbtest6 WHERE k BETWEEN 4673975 AND 4674075
	Bitmap Heap Scan on sbtest6  (cost=5.55..436.62 rows=109 width=125)
	  Recheck Cond: ((k >= 4673975) AND (k <= 4674075))
	  ->  Bitmap Index Scan on k_6  (cost=0.00..5.52 rows=109 width=0)
	        Index Cond: ((k >= 4673975) AND (k <= 4674075))

table 7 : explain SELECT k, c FROM sbtest7 WHERE k BETWEEN 4673975 AND 4674075
	Bitmap Heap Scan on sbtest7  (cost=5.46..401.19 rows=100 width=125)
	  Recheck Cond: ((k >= 4673975) AND (k <= 4674075))
	  ->  Bitmap Index Scan on k_7  (cost=0.00..5.43 rows=100 width=0)
	        Index Cond: ((k >= 4673975) AND (k <= 4674075))

table 8 : explain SELECT k, c FROM sbtest8 WHERE k BETWEEN 4673975 AND 4674075
	Bitmap Heap Scan on sbtest8  (cost=5.63..468.09 rows=117 width=125)
	  Recheck Cond: ((k >= 4673975) AND (k <= 4674075))
	  ->  Bitmap Index Scan on k_8  (cost=0.00..5.60 rows=117 width=0)
	        Index Cond: ((k >= 4673975) AND (k <= 4674075))

explain: for range-notcovered :: explain SELECT k, c FROM sbtest%d WHERE k BETWEEN 3871501 AND 3871601
explain: for range-notcovered :: explain SELECT k, c FROM sbtest%d WHERE k BETWEEN 4030166 AND 4030266
explain: for range-notcovered :: explain SELECT k, c FROM sbtest%d WHERE k BETWEEN 4673975 AND 4674075
for range-notcovered
table 1 : explain SELECT k, c FROM sbtest1 WHERE k BETWEEN 4967942 AND 4968042
	Bitmap Heap Scan on sbtest1  (cost=5.57..444.49 rows=111 width=125)
	  Recheck Cond: ((k >= 4967942) AND (k <= 4968042))
	  ->  Bitmap Index Scan on k_1  (cost=0.00..5.54 rows=111 width=0)
	        Index Cond: ((k >= 4967942) AND (k <= 4968042))

table 2 : explain SELECT k, c FROM sbtest2 WHERE k BETWEEN 4967942 AND 4968042
	Bitmap Heap Scan on sbtest2  (cost=5.39..373.61 rows=93 width=125)
	  Recheck Cond: ((k >= 4967942) AND (k <= 4968042))
	  ->  Bitmap Index Scan on k_2  (cost=0.00..5.36 rows=93 width=0)
	        Index Cond: ((k >= 4967942) AND (k <= 4968042))

table 3 : explain SELECT k, c FROM sbtest3 WHERE k BETWEEN 4967942 AND 4968042
	Bitmap Heap Scan on sbtest3  (cost=5.42..385.43 rows=96 width=125)
	  Recheck Cond: ((k >= 4967942) AND (k <= 4968042))
	  ->  Bitmap Index Scan on k_3  (cost=0.00..5.39 rows=96 width=0)
	        Index Cond: ((k >= 4967942) AND (k <= 4968042))

table 4 : explain SELECT k, c FROM sbtest4 WHERE k BETWEEN 4967942 AND 4968042
	Bitmap Heap Scan on sbtest4  (cost=5.48..409.07 rows=102 width=125)
	  Recheck Cond: ((k >= 4967942) AND (k <= 4968042))
	  ->  Bitmap Index Scan on k_4  (cost=0.00..5.45 rows=102 width=0)
	        Index Cond: ((k >= 4967942) AND (k <= 4968042))

table 5 : explain SELECT k, c FROM sbtest5 WHERE k BETWEEN 4967942 AND 4968042
	Bitmap Heap Scan on sbtest5  (cost=5.62..464.15 rows=116 width=125)
	  Recheck Cond: ((k >= 4967942) AND (k <= 4968042))
	  ->  Bitmap Index Scan on k_5  (cost=0.00..5.59 rows=116 width=0)
	        Index Cond: ((k >= 4967942) AND (k <= 4968042))

table 6 : explain SELECT k, c FROM sbtest6 WHERE k BETWEEN 4967942 AND 4968042
	Bitmap Heap Scan on sbtest6  (cost=5.48..409.07 rows=102 width=125)
	  Recheck Cond: ((k >= 4967942) AND (k <= 4968042))
	  ->  Bitmap Index Scan on k_6  (cost=0.00..5.45 rows=102 width=0)
	        Index Cond: ((k >= 4967942) AND (k <= 4968042))

table 7 : explain SELECT k, c FROM sbtest7 WHERE k BETWEEN 4967942 AND 4968042
	Bitmap Heap Scan on sbtest7  (cost=5.43..389.37 rows=97 width=125)
	  Recheck Cond: ((k >= 4967942) AND (k <= 4968042))
	  ->  Bitmap Index Scan on k_7  (cost=0.00..5.40 rows=97 width=0)
	        Index Cond: ((k >= 4967942) AND (k <= 4968042))

table 8 : explain SELECT k, c FROM sbtest8 WHERE k BETWEEN 4967942 AND 4968042
	Bitmap Heap Scan on sbtest8  (cost=5.48..409.07 rows=102 width=125)
	  Recheck Cond: ((k >= 4967942) AND (k <= 4968042))
	  ->  Bitmap Index Scan on k_8  (cost=0.00..5.45 rows=102 width=0)
	        Index Cond: ((k >= 4967942) AND (k <= 4968042))

explain: for range-notcovered :: explain SELECT k, c FROM sbtest%d WHERE k BETWEEN 4967942 AND 4968042
for range-notcovered
table 1 : explain SELECT k, c FROM sbtest1 WHERE k BETWEEN 6442136 AND 6442236
	Bitmap Heap Scan on sbtest1  (cost=5.47..405.13 rows=101 width=125)
	  Recheck Cond: ((k >= 6442136) AND (k <= 6442236))
	  ->  Bitmap Index Scan on k_1  (cost=0.00..5.44 rows=101 width=0)
	        Index Cond: ((k >= 6442136) AND (k <= 6442236))

table 2 : explain SELECT k, c FROM sbtest2 WHERE k BETWEEN 6442136 AND 6442236
	Bitmap Heap Scan on sbtest2  (cost=5.47..405.13 rows=101 width=125)
	  Recheck Cond: ((k >= 6442136) AND (k <= 6442236))
	  ->  Bitmap Index Scan on k_2  (cost=0.00..5.44 rows=101 width=0)
	        Index Cond: ((k >= 6442136) AND (k <= 6442236))

table 3 : explain SELECT k, c FROM sbtest3 WHERE k BETWEEN 6442136 AND 6442236
	Bitmap Heap Scan on sbtest3  (cost=5.50..416.94 rows=104 width=125)
	  Recheck Cond: ((k >= 6442136) AND (k <= 6442236))
	  ->  Bitmap Index Scan on k_3  (cost=0.00..5.47 rows=104 width=0)
	        Index Cond: ((k >= 6442136) AND (k <= 6442236))

table 4 : explain SELECT k, c FROM sbtest4 WHERE k BETWEEN 6442136 AND 6442236
	Bitmap Heap Scan on sbtest4  (cost=5.43..389.37 rows=97 width=125)
	  Recheck Cond: ((k >= 6442136) AND (k <= 6442236))
	  ->  Bitmap Index Scan on k_4  (cost=0.00..5.40 rows=97 width=0)
	        Index Cond: ((k >= 6442136) AND (k <= 6442236))

table 5 : explain SELECT k, c FROM sbtest5 WHERE k BETWEEN 6442136 AND 6442236
	Bitmap Heap Scan on sbtest5  (cost=5.39..373.61 rows=93 width=125)
	  Recheck Cond: ((k >= 6442136) AND (k <= 6442236))
	  ->  Bitmap Index Scan on k_5  (cost=0.00..5.36 rows=93 width=0)
	        Index Cond: ((k >= 6442136) AND (k <= 6442236))

table 6 : explain SELECT k, c FROM sbtest6 WHERE k BETWEEN 6442136 AND 6442236
	Bitmap Heap Scan on sbtest6  (cost=5.54..432.69 rows=108 width=125)
	  Recheck Cond: ((k >= 6442136) AND (k <= 6442236))
	  ->  Bitmap Index Scan on k_6  (cost=0.00..5.51 rows=108 width=0)
	        Index Cond: ((k >= 6442136) AND (k <= 6442236))

table 7 : explain SELECT k, c FROM sbtest7 WHERE k BETWEEN 6442136 AND 6442236
	Bitmap Heap Scan on sbtest7  (cost=5.44..393.31 rows=98 width=125)
	  Recheck Cond: ((k >= 6442136) AND (k <= 6442236))
	  ->  Bitmap Index Scan on k_7  (cost=0.00..5.42 rows=98 width=0)
	        Index Cond: ((k >= 6442136) AND (k <= 6442236))

table 8 : explain SELECT k, c FROM sbtest8 WHERE k BETWEEN 6442136 AND 6442236
	Bitmap Heap Scan on sbtest8  (cost=5.47..405.13 rows=101 width=125)
	  Recheck Cond: ((k >= 6442136) AND (k <= 6442236))
	  ->  Bitmap Index Scan on k_8  (cost=0.00..5.44 rows=101 width=0)
	        Index Cond: ((k >= 6442136) AND (k <= 6442236))

for range-notcovered
table 1 : explain SELECT k, c FROM sbtest1 WHERE k BETWEEN 4844521 AND 4844621
	Bitmap Heap Scan on sbtest1  (cost=5.41..381.49 rows=95 width=125)
	  Recheck Cond: ((k >= 4844521) AND (k <= 4844621))
	  ->  Bitmap Index Scan on k_1  (cost=0.00..5.38 rows=95 width=0)
	        Index Cond: ((k >= 4844521) AND (k <= 4844621))

table 2 : explain SELECT k, c FROM sbtest2 WHERE k BETWEEN 4844521 AND 4844621
	Bitmap Heap Scan on sbtest2  (cost=5.45..397.25 rows=99 width=125)
	  Recheck Cond: ((k >= 4844521) AND (k <= 4844621))
	  ->  Bitmap Index Scan on k_2  (cost=0.00..5.42 rows=99 width=0)
	        Index Cond: ((k >= 4844521) AND (k <= 4844621))

table 3 : explain SELECT k, c FROM sbtest3 WHERE k BETWEEN 4844521 AND 4844621
	Bitmap Heap Scan on sbtest3  (cost=5.42..385.43 rows=96 width=125)
	  Recheck Cond: ((k >= 4844521) AND (k <= 4844621))
	  ->  Bitmap Index Scan on k_3  (cost=0.00..5.39 rows=96 width=0)
	        Index Cond: ((k >= 4844521) AND (k <= 4844621))

table 4 : explain SELECT k, c FROM sbtest4 WHERE k BETWEEN 4844521 AND 4844621
	Bitmap Heap Scan on sbtest4  (cost=5.40..377.55 rows=94 width=125)
	  Recheck Cond: ((k >= 4844521) AND (k <= 4844621))
	  ->  Bitmap Index Scan on k_4  (cost=0.00..5.38 rows=94 width=0)
	        Index Cond: ((k >= 4844521) AND (k <= 4844621))

table 5 : explain SELECT k, c FROM sbtest5 WHERE k BETWEEN 4844521 AND 4844621
	Bitmap Heap Scan on sbtest5  (cost=5.48..409.07 rows=102 width=125)
	  Recheck Cond: ((k >= 4844521) AND (k <= 4844621))
	  ->  Bitmap Index Scan on k_5  (cost=0.00..5.45 rows=102 width=0)
	        Index Cond: ((k >= 4844521) AND (k <= 4844621))

table 6 : explain SELECT k, c FROM sbtest6 WHERE k BETWEEN 4844521 AND 4844621
	Bitmap Heap Scan on sbtest6  (cost=5.42..385.43 rows=96 width=125)
	  Recheck Cond: ((k >= 4844521) AND (k <= 4844621))
	  ->  Bitmap Index Scan on k_6  (cost=0.00..5.39 rows=96 width=0)
	        Index Cond: ((k >= 4844521) AND (k <= 4844621))

table 7 : explain SELECT k, c FROM sbtest7 WHERE k BETWEEN 4844521 AND 4844621
	Bitmap Heap Scan on sbtest7  (cost=5.43..389.37 rows=97 width=125)
	  Recheck Cond: ((k >= 4844521) AND (k <= 4844621))
	  ->  Bitmap Index Scan on k_7  (cost=0.00..5.40 rows=97 width=0)
	        Index Cond: ((k >= 4844521) AND (k <= 4844621))

table 8 : explain SELECT k, c FROM sbtest8 WHERE k BETWEEN 4844521 AND 4844621
	Bitmap Heap Scan on sbtest8  (cost=5.56..440.56 rows=110 width=125)
	  Recheck Cond: ((k >= 4844521) AND (k <= 4844621))
	  ->  Bitmap Index Scan on k_8  (cost=0.00..5.53 rows=110 width=0)
	        Index Cond: ((k >= 4844521) AND (k <= 4844621))

for range-notcovered
table 1 : explain SELECT k, c FROM sbtest1 WHERE k BETWEEN 6911138 AND 6911238
	Bitmap Heap Scan on sbtest1  (cost=5.40..377.55 rows=94 width=125)
	  Recheck Cond: ((k >= 6911138) AND (k <= 6911238))
	  ->  Bitmap Index Scan on k_1  (cost=0.00..5.38 rows=94 width=0)
	        Index Cond: ((k >= 6911138) AND (k <= 6911238))

table 2 : explain SELECT k, c FROM sbtest2 WHERE k BETWEEN 6911138 AND 6911238
	Bitmap Heap Scan on sbtest2  (cost=5.57..444.49 rows=111 width=125)
	  Recheck Cond: ((k >= 6911138) AND (k <= 6911238))
	  ->  Bitmap Index Scan on k_2  (cost=0.00..5.54 rows=111 width=0)
	        Index Cond: ((k >= 6911138) AND (k <= 6911238))

table 3 : explain SELECT k, c FROM sbtest3 WHERE k BETWEEN 6911138 AND 6911238
	Bitmap Heap Scan on sbtest3  (cost=5.45..397.25 rows=99 width=125)
	  Recheck Cond: ((k >= 6911138) AND (k <= 6911238))
	  ->  Bitmap Index Scan on k_3  (cost=0.00..5.42 rows=99 width=0)
	        Index Cond: ((k >= 6911138) AND (k <= 6911238))

table 4 : explain SELECT k, c FROM sbtest4 WHERE k BETWEEN 6911138 AND 6911238
	Bitmap Heap Scan on sbtest4  (cost=5.52..424.81 rows=106 width=125)
	  Recheck Cond: ((k >= 6911138) AND (k <= 6911238))
	  ->  Bitmap Index Scan on k_4  (cost=0.00..5.50 rows=106 width=0)
	        Index Cond: ((k >= 6911138) AND (k <= 6911238))

table 5 : explain SELECT k, c FROM sbtest5 WHERE k BETWEEN 6911138 AND 6911238
	Bitmap Heap Scan on sbtest5  (cost=5.62..464.15 rows=116 width=125)
	  Recheck Cond: ((k >= 6911138) AND (k <= 6911238))
	  ->  Bitmap Index Scan on k_5  (cost=0.00..5.59 rows=116 width=0)
	        Index Cond: ((k >= 6911138) AND (k <= 6911238))

table 6 : explain SELECT k, c FROM sbtest6 WHERE k BETWEEN 6911138 AND 6911238
	Bitmap Heap Scan on sbtest6  (cost=5.46..401.19 rows=100 width=125)
	  Recheck Cond: ((k >= 6911138) AND (k <= 6911238))
	  ->  Bitmap Index Scan on k_6  (cost=0.00..5.43 rows=100 width=0)
	        Index Cond: ((k >= 6911138) AND (k <= 6911238))

table 7 : explain SELECT k, c FROM sbtest7 WHERE k BETWEEN 6911138 AND 6911238
	Bitmap Heap Scan on sbtest7  (cost=5.50..416.94 rows=104 width=125)
	  Recheck Cond: ((k >= 6911138) AND (k <= 6911238))
	  ->  Bitmap Index Scan on k_7  (cost=0.00..5.47 rows=104 width=0)
	        Index Cond: ((k >= 6911138) AND (k <= 6911238))

table 8 : explain SELECT k, c FROM sbtest8 WHERE k BETWEEN 6911138 AND 6911238
	Bitmap Heap Scan on sbtest8  (cost=5.46..401.19 rows=100 width=125)
	  Recheck Cond: ((k >= 6911138) AND (k <= 6911238))
	  ->  Bitmap Index Scan on k_8  (cost=0.00..5.43 rows=100 width=0)
	        Index Cond: ((k >= 6911138) AND (k <= 6911238))

explain: for range-notcovered :: explain SELECT k, c FROM sbtest%d WHERE k BETWEEN 6442136 AND 6442236
explain: for range-notcovered :: explain SELECT k, c FROM sbtest%d WHERE k BETWEEN 4844521 AND 4844621
explain: for range-notcovered :: explain SELECT k, c FROM sbtest%d WHERE k BETWEEN 6911138 AND 6911238
for range-notcovered
table 1 : explain SELECT k, c FROM sbtest1 WHERE k BETWEEN 1687821 AND 1687921
	Bitmap Heap Scan on sbtest1  (cost=5.46..401.19 rows=100 width=125)
	  Recheck Cond: ((k >= 1687821) AND (k <= 1687921))
	  ->  Bitmap Index Scan on k_1  (cost=0.00..5.43 rows=100 width=0)
	        Index Cond: ((k >= 1687821) AND (k <= 1687921))

table 2 : explain SELECT k, c FROM sbtest2 WHERE k BETWEEN 1687821 AND 1687921
	Bitmap Heap Scan on sbtest2  (cost=5.43..389.37 rows=97 width=125)
	  Recheck Cond: ((k >= 1687821) AND (k <= 1687921))
	  ->  Bitmap Index Scan on k_2  (cost=0.00..5.40 rows=97 width=0)
	        Index Cond: ((k >= 1687821) AND (k <= 1687921))

table 3 : explain SELECT k, c FROM sbtest3 WHERE k BETWEEN 1687821 AND 1687921
	Bitmap Heap Scan on sbtest3  (cost=5.52..424.81 rows=106 width=125)
	  Recheck Cond: ((k >= 1687821) AND (k <= 1687921))
	  ->  Bitmap Index Scan on k_3  (cost=0.00..5.50 rows=106 width=0)
	        Index Cond: ((k >= 1687821) AND (k <= 1687921))

table 4 : explain SELECT k, c FROM sbtest4 WHERE k BETWEEN 1687821 AND 1687921
	Bitmap Heap Scan on sbtest4  (cost=5.44..393.31 rows=98 width=125)
	  Recheck Cond: ((k >= 1687821) AND (k <= 1687921))
	  ->  Bitmap Index Scan on k_4  (cost=0.00..5.42 rows=98 width=0)
	        Index Cond: ((k >= 1687821) AND (k <= 1687921))

table 5 : explain SELECT k, c FROM sbtest5 WHERE k BETWEEN 1687821 AND 1687921
	Bitmap Heap Scan on sbtest5  (cost=5.49..413.00 rows=103 width=125)
	  Recheck Cond: ((k >= 1687821) AND (k <= 1687921))
	  ->  Bitmap Index Scan on k_5  (cost=0.00..5.46 rows=103 width=0)
	        Index Cond: ((k >= 1687821) AND (k <= 1687921))

table 6 : explain SELECT k, c FROM sbtest6 WHERE k BETWEEN 1687821 AND 1687921
	Bitmap Heap Scan on sbtest6  (cost=5.56..440.56 rows=110 width=125)
	  Recheck Cond: ((k >= 1687821) AND (k <= 1687921))
	  ->  Bitmap Index Scan on k_6  (cost=0.00..5.53 rows=110 width=0)
	        Index Cond: ((k >= 1687821) AND (k <= 1687921))

table 7 : explain SELECT k, c FROM sbtest7 WHERE k BETWEEN 1687821 AND 1687921
	Bitmap Heap Scan on sbtest7  (cost=5.44..393.31 rows=98 width=125)
	  Recheck Cond: ((k >= 1687821) AND (k <= 1687921))
	  ->  Bitmap Index Scan on k_7  (cost=0.00..5.42 rows=98 width=0)
	        Index Cond: ((k >= 1687821) AND (k <= 1687921))

table 8 : explain SELECT k, c FROM sbtest8 WHERE k BETWEEN 1687821 AND 1687921
	Bitmap Heap Scan on sbtest8  (cost=5.44..393.31 rows=98 width=125)
	  Recheck Cond: ((k >= 1687821) AND (k <= 1687921))
	  ->  Bitmap Index Scan on k_8  (cost=0.00..5.42 rows=98 width=0)
	        Index Cond: ((k >= 1687821) AND (k <= 1687921))

for range-notcovered
table 1 : explain SELECT k, c FROM sbtest1 WHERE k BETWEEN 3871501 AND 3871601
	Bitmap Heap Scan on sbtest1  (cost=5.50..416.94 rows=104 width=125)
	  Recheck Cond: ((k >= 3871501) AND (k <= 3871601))
	  ->  Bitmap Index Scan on k_1  (cost=0.00..5.47 rows=104 width=0)
	        Index Cond: ((k >= 3871501) AND (k <= 3871601))

table 2 : explain SELECT k, c FROM sbtest2 WHERE k BETWEEN 3871501 AND 3871601
	Bitmap Heap Scan on sbtest2  (cost=5.52..424.81 rows=106 width=125)
	  Recheck Cond: ((k >= 3871501) AND (k <= 3871601))
	  ->  Bitmap Index Scan on k_2  (cost=0.00..5.50 rows=106 width=0)
	        Index Cond: ((k >= 3871501) AND (k <= 3871601))

table 3 : explain SELECT k, c FROM sbtest3 WHERE k BETWEEN 3871501 AND 3871601
	Bitmap Heap Scan on sbtest3  (cost=5.58..448.42 rows=112 width=125)
	  Recheck Cond: ((k >= 3871501) AND (k <= 3871601))
	  ->  Bitmap Index Scan on k_3  (cost=0.00..5.55 rows=112 width=0)
	        Index Cond: ((k >= 3871501) AND (k <= 3871601))

table 4 : explain SELECT k, c FROM sbtest4 WHERE k BETWEEN 3871501 AND 3871601
	Bitmap Heap Scan on sbtest4  (cost=5.48..409.07 rows=102 width=125)
	  Recheck Cond: ((k >= 3871501) AND (k <= 3871601))
	  ->  Bitmap Index Scan on k_4  (cost=0.00..5.45 rows=102 width=0)
	        Index Cond: ((k >= 3871501) AND (k <= 3871601))

table 5 : explain SELECT k, c FROM sbtest5 WHERE k BETWEEN 3871501 AND 3871601
	Bitmap Heap Scan on sbtest5  (cost=5.41..381.49 rows=95 width=125)
	  Recheck Cond: ((k >= 3871501) AND (k <= 3871601))
	  ->  Bitmap Index Scan on k_5  (cost=0.00..5.38 rows=95 width=0)
	        Index Cond: ((k >= 3871501) AND (k <= 3871601))

table 6 : explain SELECT k, c FROM sbtest6 WHERE k BETWEEN 3871501 AND 3871601
	Bitmap Heap Scan on sbtest6  (cost=5.51..420.88 rows=105 width=125)
	  Recheck Cond: ((k >= 3871501) AND (k <= 3871601))
	  ->  Bitmap Index Scan on k_6  (cost=0.00..5.48 rows=105 width=0)
	        Index Cond: ((k >= 3871501) AND (k <= 3871601))

table 7 : explain SELECT k, c FROM sbtest7 WHERE k BETWEEN 3871501 AND 3871601
	Bitmap Heap Scan on sbtest7  (cost=5.55..436.62 rows=109 width=125)
	  Recheck Cond: ((k >= 3871501) AND (k <= 3871601))
	  ->  Bitmap Index Scan on k_7  (cost=0.00..5.52 rows=109 width=0)
	        Index Cond: ((k >= 3871501) AND (k <= 3871601))

table 8 : explain SELECT k, c FROM sbtest8 WHERE k BETWEEN 3871501 AND 3871601
	Bitmap Heap Scan on sbtest8  (cost=5.48..409.07 rows=102 width=125)
	  Recheck Cond: ((k >= 3871501) AND (k <= 3871601))
	  ->  Bitmap Index Scan on k_8  (cost=0.00..5.45 rows=102 width=0)
	        Index Cond: ((k >= 3871501) AND (k <= 3871601))

explain: for range-notcovered :: explain SELECT k, c FROM sbtest%d WHERE k BETWEEN 3871501 AND 3871601
for range-notcovered
table 1 : explain SELECT k, c FROM sbtest1 WHERE k BETWEEN 4673975 AND 4674075
	Bitmap Heap Scan on sbtest1  (cost=5.52..424.81 rows=106 width=125)
	  Recheck Cond: ((k >= 4673975) AND (k <= 4674075))
	  ->  Bitmap Index Scan on k_1  (cost=0.00..5.50 rows=106 width=0)
	        Index Cond: ((k >= 4673975) AND (k <= 4674075))

table 2 : explain SELECT k, c FROM sbtest2 WHERE k BETWEEN 4673975 AND 4674075
	Bitmap Heap Scan on sbtest2  (cost=5.40..377.55 rows=94 width=125)
	  Recheck Cond: ((k >= 4673975) AND (k <= 4674075))
	  ->  Bitmap Index Scan on k_2  (cost=0.00..5.38 rows=94 width=0)
	        Index Cond: ((k >= 4673975) AND (k <= 4674075))

table 3 : explain SELECT k, c FROM sbtest3 WHERE k BETWEEN 4673975 AND 4674075
	Bitmap Heap Scan on sbtest3  (cost=5.52..424.81 rows=106 width=125)
	  Recheck Cond: ((k >= 4673975) AND (k <= 4674075))
	  ->  Bitmap Index Scan on k_3  (cost=0.00..5.50 rows=106 width=0)
	        Index Cond: ((k >= 4673975) AND (k <= 4674075))

table 4 : explain SELECT k, c FROM sbtest4 WHERE k BETWEEN 4673975 AND 4674075
	Bitmap Heap Scan on sbtest4  (cost=5.55..436.62 rows=109 width=125)
	  Recheck Cond: ((k >= 4673975) AND (k <= 4674075))
	  ->  Bitmap Index Scan on k_4  (cost=0.00..5.52 rows=109 width=0)
	        Index Cond: ((k >= 4673975) AND (k <= 4674075))

table 5 : explain SELECT k, c FROM sbtest5 WHERE k BETWEEN 4673975 AND 4674075
	Bitmap Heap Scan on sbtest5  (cost=5.44..393.31 rows=98 width=125)
	  Recheck Cond: ((k >= 4673975) AND (k <= 4674075))
	  ->  Bitmap Index Scan on k_5  (cost=0.00..5.42 rows=98 width=0)
	        Index Cond: ((k >= 4673975) AND (k <= 4674075))

table 6 : explain SELECT k, c FROM sbtest6 WHERE k BETWEEN 4673975 AND 4674075
	Bitmap Heap Scan on sbtest6  (cost=5.55..436.62 rows=109 width=125)
	  Recheck Cond: ((k >= 4673975) AND (k <= 4674075))
	  ->  Bitmap Index Scan on k_6  (cost=0.00..5.52 rows=109 width=0)
	        Index Cond: ((k >= 4673975) AND (k <= 4674075))

table 7 : explain SELECT k, c FROM sbtest7 WHERE k BETWEEN 4673975 AND 4674075
	Bitmap Heap Scan on sbtest7  (cost=5.46..401.19 rows=100 width=125)
	  Recheck Cond: ((k >= 4673975) AND (k <= 4674075))
	  ->  Bitmap Index Scan on k_7  (cost=0.00..5.43 rows=100 width=0)
	        Index Cond: ((k >= 4673975) AND (k <= 4674075))

table 8 : explain SELECT k, c FROM sbtest8 WHERE k BETWEEN 4673975 AND 4674075
	Bitmap Heap Scan on sbtest8  (cost=5.63..468.09 rows=117 width=125)
	  Recheck Cond: ((k >= 4673975) AND (k <= 4674075))
	  ->  Bitmap Index Scan on k_8  (cost=0.00..5.60 rows=117 width=0)
	        Index Cond: ((k >= 4673975) AND (k <= 4674075))

for range-notcovered
table 1 : explain SELECT k, c FROM sbtest1 WHERE k BETWEEN 4030166 AND 4030266
	Bitmap Heap Scan on sbtest1  (cost=5.49..413.00 rows=103 width=125)
	  Recheck Cond: ((k >= 4030166) AND (k <= 4030266))
	  ->  Bitmap Index Scan on k_1  (cost=0.00..5.46 rows=103 width=0)
	        Index Cond: ((k >= 4030166) AND (k <= 4030266))

table 2 : explain SELECT k, c FROM sbtest2 WHERE k BETWEEN 4030166 AND 4030266
	Bitmap Heap Scan on sbtest2  (cost=5.51..420.88 rows=105 width=125)
	  Recheck Cond: ((k >= 4030166) AND (k <= 4030266))
	  ->  Bitmap Index Scan on k_2  (cost=0.00..5.48 rows=105 width=0)
	        Index Cond: ((k >= 4030166) AND (k <= 4030266))

table 3 : explain SELECT k, c FROM sbtest3 WHERE k BETWEEN 4030166 AND 4030266
	Bitmap Heap Scan on sbtest3  (cost=5.54..432.69 rows=108 width=125)
	  Recheck Cond: ((k >= 4030166) AND (k <= 4030266))
	  ->  Bitmap Index Scan on k_3  (cost=0.00..5.51 rows=108 width=0)
	        Index Cond: ((k >= 4030166) AND (k <= 4030266))

table 4 : explain SELECT k, c FROM sbtest4 WHERE k BETWEEN 4030166 AND 4030266
	Bitmap Heap Scan on sbtest4  (cost=5.43..389.37 rows=97 width=125)
	  Recheck Cond: ((k >= 4030166) AND (k <= 4030266))
	  ->  Bitmap Index Scan on k_4  (cost=0.00..5.40 rows=97 width=0)
	        Index Cond: ((k >= 4030166) AND (k <= 4030266))

table 5 : explain SELECT k, c FROM sbtest5 WHERE k BETWEEN 4030166 AND 4030266
	Bitmap Heap Scan on sbtest5  (cost=5.53..428.75 rows=107 width=125)
	  Recheck Cond: ((k >= 4030166) AND (k <= 4030266))
	  ->  Bitmap Index Scan on k_5  (cost=0.00..5.50 rows=107 width=0)
	        Index Cond: ((k >= 4030166) AND (k <= 4030266))

table 6 : explain SELECT k, c FROM sbtest6 WHERE k BETWEEN 4030166 AND 4030266
	Bitmap Heap Scan on sbtest6  (cost=5.48..409.07 rows=102 width=125)
	  Recheck Cond: ((k >= 4030166) AND (k <= 4030266))
	  ->  Bitmap Index Scan on k_6  (cost=0.00..5.45 rows=102 width=0)
	        Index Cond: ((k >= 4030166) AND (k <= 4030266))

table 7 : explain SELECT k, c FROM sbtest7 WHERE k BETWEEN 4030166 AND 4030266
	Bitmap Heap Scan on sbtest7  (cost=5.70..491.67 rows=123 width=125)
	  Recheck Cond: ((k >= 4030166) AND (k <= 4030266))
	  ->  Bitmap Index Scan on k_7  (cost=0.00..5.67 rows=123 width=0)
	        Index Cond: ((k >= 4030166) AND (k <= 4030266))

table 8 : explain SELECT k, c FROM sbtest8 WHERE k BETWEEN 4030166 AND 4030266
	Bitmap Heap Scan on sbtest8  (cost=5.51..420.88 rows=105 width=125)
	  Recheck Cond: ((k >= 4030166) AND (k <= 4030266))
	  ->  Bitmap Index Scan on k_8  (cost=0.00..5.48 rows=105 width=0)
	        Index Cond: ((k >= 4030166) AND (k <= 4030266))

explain: for range-notcovered :: explain SELECT k, c FROM sbtest%d WHERE k BETWEEN 4673975 AND 4674075
explain: for range-notcovered :: explain SELECT k, c FROM sbtest%d WHERE k BETWEEN 4030166 AND 4030266
for range-notcovered
table 1 : explain SELECT k, c FROM sbtest1 WHERE k BETWEEN 4967942 AND 4968042
	Bitmap Heap Scan on sbtest1  (cost=5.57..444.49 rows=111 width=125)
	  Recheck Cond: ((k >= 4967942) AND (k <= 4968042))
	  ->  Bitmap Index Scan on k_1  (cost=0.00..5.54 rows=111 width=0)
	        Index Cond: ((k >= 4967942) AND (k <= 4968042))

table 2 : explain SELECT k, c FROM sbtest2 WHERE k BETWEEN 4967942 AND 4968042
	Bitmap Heap Scan on sbtest2  (cost=5.39..373.61 rows=93 width=125)
	  Recheck Cond: ((k >= 4967942) AND (k <= 4968042))
	  ->  Bitmap Index Scan on k_2  (cost=0.00..5.36 rows=93 width=0)
	        Index Cond: ((k >= 4967942) AND (k <= 4968042))

table 3 : explain SELECT k, c FROM sbtest3 WHERE k BETWEEN 4967942 AND 4968042
	Bitmap Heap Scan on sbtest3  (cost=5.42..385.43 rows=96 width=125)
	  Recheck Cond: ((k >= 4967942) AND (k <= 4968042))
	  ->  Bitmap Index Scan on k_3  (cost=0.00..5.39 rows=96 width=0)
	        Index Cond: ((k >= 4967942) AND (k <= 4968042))

table 4 : explain SELECT k, c FROM sbtest4 WHERE k BETWEEN 4967942 AND 4968042
	Bitmap Heap Scan on sbtest4  (cost=5.48..409.07 rows=102 width=125)
	  Recheck Cond: ((k >= 4967942) AND (k <= 4968042))
	  ->  Bitmap Index Scan on k_4  (cost=0.00..5.45 rows=102 width=0)
	        Index Cond: ((k >= 4967942) AND (k <= 4968042))

table 5 : explain SELECT k, c FROM sbtest5 WHERE k BETWEEN 4967942 AND 4968042
	Bitmap Heap Scan on sbtest5  (cost=5.62..464.15 rows=116 width=125)
	  Recheck Cond: ((k >= 4967942) AND (k <= 4968042))
	  ->  Bitmap Index Scan on k_5  (cost=0.00..5.59 rows=116 width=0)
	        Index Cond: ((k >= 4967942) AND (k <= 4968042))

table 6 : explain SELECT k, c FROM sbtest6 WHERE k BETWEEN 4967942 AND 4968042
	Bitmap Heap Scan on sbtest6  (cost=5.48..409.07 rows=102 width=125)
	  Recheck Cond: ((k >= 4967942) AND (k <= 4968042))
	  ->  Bitmap Index Scan on k_6  (cost=0.00..5.45 rows=102 width=0)
	        Index Cond: ((k >= 4967942) AND (k <= 4968042))

table 7 : explain SELECT k, c FROM sbtest7 WHERE k BETWEEN 4967942 AND 4968042
	Bitmap Heap Scan on sbtest7  (cost=5.43..389.37 rows=97 width=125)
	  Recheck Cond: ((k >= 4967942) AND (k <= 4968042))
	  ->  Bitmap Index Scan on k_7  (cost=0.00..5.40 rows=97 width=0)
	        Index Cond: ((k >= 4967942) AND (k <= 4968042))

table 8 : explain SELECT k, c FROM sbtest8 WHERE k BETWEEN 4967942 AND 4968042
	Bitmap Heap Scan on sbtest8  (cost=5.48..409.07 rows=102 width=125)
	  Recheck Cond: ((k >= 4967942) AND (k <= 4968042))
	  ->  Bitmap Index Scan on k_8  (cost=0.00..5.45 rows=102 width=0)
	        Index Cond: ((k >= 4967942) AND (k <= 4968042))

for range-notcovered
table 1 : explain SELECT k, c FROM sbtest1 WHERE k BETWEEN 4844521 AND 4844621
	Bitmap Heap Scan on sbtest1  (cost=5.41..381.49 rows=95 width=125)
	  Recheck Cond: ((k >= 4844521) AND (k <= 4844621))
	  ->  Bitmap Index Scan on k_1  (cost=0.00..5.38 rows=95 width=0)
	        Index Cond: ((k >= 4844521) AND (k <= 4844621))

table 2 : explain SELECT k, c FROM sbtest2 WHERE k BETWEEN 4844521 AND 4844621
	Bitmap Heap Scan on sbtest2  (cost=5.45..397.25 rows=99 width=125)
	  Recheck Cond: ((k >= 4844521) AND (k <= 4844621))
	  ->  Bitmap Index Scan on k_2  (cost=0.00..5.42 rows=99 width=0)
	        Index Cond: ((k >= 4844521) AND (k <= 4844621))

table 3 : explain SELECT k, c FROM sbtest3 WHERE k BETWEEN 4844521 AND 4844621
	Bitmap Heap Scan on sbtest3  (cost=5.42..385.43 rows=96 width=125)
	  Recheck Cond: ((k >= 4844521) AND (k <= 4844621))
	  ->  Bitmap Index Scan on k_3  (cost=0.00..5.39 rows=96 width=0)
	        Index Cond: ((k >= 4844521) AND (k <= 4844621))

table 4 : explain SELECT k, c FROM sbtest4 WHERE k BETWEEN 4844521 AND 4844621
	Bitmap Heap Scan on sbtest4  (cost=5.40..377.55 rows=94 width=125)
	  Recheck Cond: ((k >= 4844521) AND (k <= 4844621))
	  ->  Bitmap Index Scan on k_4  (cost=0.00..5.38 rows=94 width=0)
	        Index Cond: ((k >= 4844521) AND (k <= 4844621))

table 5 : explain SELECT k, c FROM sbtest5 WHERE k BETWEEN 4844521 AND 4844621
	Bitmap Heap Scan on sbtest5  (cost=5.48..409.07 rows=102 width=125)
	  Recheck Cond: ((k >= 4844521) AND (k <= 4844621))
	  ->  Bitmap Index Scan on k_5  (cost=0.00..5.45 rows=102 width=0)
	        Index Cond: ((k >= 4844521) AND (k <= 4844621))

table 6 : explain SELECT k, c FROM sbtest6 WHERE k BETWEEN 4844521 AND 4844621
	Bitmap Heap Scan on sbtest6  (cost=5.42..385.43 rows=96 width=125)
	  Recheck Cond: ((k >= 4844521) AND (k <= 4844621))
	  ->  Bitmap Index Scan on k_6  (cost=0.00..5.39 rows=96 width=0)
	        Index Cond: ((k >= 4844521) AND (k <= 4844621))

table 7 : explain SELECT k, c FROM sbtest7 WHERE k BETWEEN 4844521 AND 4844621
	Bitmap Heap Scan on sbtest7  (cost=5.43..389.37 rows=97 width=125)
	  Recheck Cond: ((k >= 4844521) AND (k <= 4844621))
	  ->  Bitmap Index Scan on k_7  (cost=0.00..5.40 rows=97 width=0)
	        Index Cond: ((k >= 4844521) AND (k <= 4844621))

table 8 : explain SELECT k, c FROM sbtest8 WHERE k BETWEEN 4844521 AND 4844621
	Bitmap Heap Scan on sbtest8  (cost=5.56..440.56 rows=110 width=125)
	  Recheck Cond: ((k >= 4844521) AND (k <= 4844621))
	  ->  Bitmap Index Scan on k_8  (cost=0.00..5.53 rows=110 width=0)
	        Index Cond: ((k >= 4844521) AND (k <= 4844621))

explain: for range-notcovered :: explain SELECT k, c FROM sbtest%d WHERE k BETWEEN 4844521 AND 4844621
for range-notcovered
table 1 : explain SELECT k, c FROM sbtest1 WHERE k BETWEEN 6911138 AND 6911238
	Bitmap Heap Scan on sbtest1  (cost=5.40..377.55 rows=94 width=125)
	  Recheck Cond: ((k >= 6911138) AND (k <= 6911238))
	  ->  Bitmap Index Scan on k_1  (cost=0.00..5.38 rows=94 width=0)
	        Index Cond: ((k >= 6911138) AND (k <= 6911238))

table 2 : explain SELECT k, c FROM sbtest2 WHERE k BETWEEN 6911138 AND 6911238
	Bitmap Heap Scan on sbtest2  (cost=5.57..444.49 rows=111 width=125)
	  Recheck Cond: ((k >= 6911138) AND (k <= 6911238))
	  ->  Bitmap Index Scan on k_2  (cost=0.00..5.54 rows=111 width=0)
	        Index Cond: ((k >= 6911138) AND (k <= 6911238))

table 3 : explain SELECT k, c FROM sbtest3 WHERE k BETWEEN 6911138 AND 6911238
	Bitmap Heap Scan on sbtest3  (cost=5.45..397.25 rows=99 width=125)
	  Recheck Cond: ((k >= 6911138) AND (k <= 6911238))
	  ->  Bitmap Index Scan on k_3  (cost=0.00..5.42 rows=99 width=0)
	        Index Cond: ((k >= 6911138) AND (k <= 6911238))

table 4 : explain SELECT k, c FROM sbtest4 WHERE k BETWEEN 6911138 AND 6911238
	Bitmap Heap Scan on sbtest4  (cost=5.52..424.81 rows=106 width=125)
	  Recheck Cond: ((k >= 6911138) AND (k <= 6911238))
	  ->  Bitmap Index Scan on k_4  (cost=0.00..5.50 rows=106 width=0)
	        Index Cond: ((k >= 6911138) AND (k <= 6911238))

table 5 : explain SELECT k, c FROM sbtest5 WHERE k BETWEEN 6911138 AND 6911238
	Bitmap Heap Scan on sbtest5  (cost=5.62..464.15 rows=116 width=125)
	  Recheck Cond: ((k >= 6911138) AND (k <= 6911238))
	  ->  Bitmap Index Scan on k_5  (cost=0.00..5.59 rows=116 width=0)
	        Index Cond: ((k >= 6911138) AND (k <= 6911238))

table 6 : explain SELECT k, c FROM sbtest6 WHERE k BETWEEN 6911138 AND 6911238
	Bitmap Heap Scan on sbtest6  (cost=5.46..401.19 rows=100 width=125)
	  Recheck Cond: ((k >= 6911138) AND (k <= 6911238))
	  ->  Bitmap Index Scan on k_6  (cost=0.00..5.43 rows=100 width=0)
	        Index Cond: ((k >= 6911138) AND (k <= 6911238))

table 7 : explain SELECT k, c FROM sbtest7 WHERE k BETWEEN 6911138 AND 6911238
	Bitmap Heap Scan on sbtest7  (cost=5.50..416.94 rows=104 width=125)
	  Recheck Cond: ((k >= 6911138) AND (k <= 6911238))
	  ->  Bitmap Index Scan on k_7  (cost=0.00..5.47 rows=104 width=0)
	        Index Cond: ((k >= 6911138) AND (k <= 6911238))

table 8 : explain SELECT k, c FROM sbtest8 WHERE k BETWEEN 6911138 AND 6911238
	Bitmap Heap Scan on sbtest8  (cost=5.46..401.19 rows=100 width=125)
	  Recheck Cond: ((k >= 6911138) AND (k <= 6911238))
	  ->  Bitmap Index Scan on k_8  (cost=0.00..5.43 rows=100 width=0)
	        Index Cond: ((k >= 6911138) AND (k <= 6911238))

for range-notcovered
table 1 : explain SELECT k, c FROM sbtest1 WHERE k BETWEEN 6442136 AND 6442236
	Bitmap Heap Scan on sbtest1  (cost=5.47..405.13 rows=101 width=125)
	  Recheck Cond: ((k >= 6442136) AND (k <= 6442236))
	  ->  Bitmap Index Scan on k_1  (cost=0.00..5.44 rows=101 width=0)
	        Index Cond: ((k >= 6442136) AND (k <= 6442236))

table 2 : explain SELECT k, c FROM sbtest2 WHERE k BETWEEN 6442136 AND 6442236
	Bitmap Heap Scan on sbtest2  (cost=5.47..405.13 rows=101 width=125)
	  Recheck Cond: ((k >= 6442136) AND (k <= 6442236))
	  ->  Bitmap Index Scan on k_2  (cost=0.00..5.44 rows=101 width=0)
	        Index Cond: ((k >= 6442136) AND (k <= 6442236))

table 3 : explain SELECT k, c FROM sbtest3 WHERE k BETWEEN 6442136 AND 6442236
	Bitmap Heap Scan on sbtest3  (cost=5.50..416.94 rows=104 width=125)
	  Recheck Cond: ((k >= 6442136) AND (k <= 6442236))
	  ->  Bitmap Index Scan on k_3  (cost=0.00..5.47 rows=104 width=0)
	        Index Cond: ((k >= 6442136) AND (k <= 6442236))

table 4 : explain SELECT k, c FROM sbtest4 WHERE k BETWEEN 6442136 AND 6442236
	Bitmap Heap Scan on sbtest4  (cost=5.43..389.37 rows=97 width=125)
	  Recheck Cond: ((k >= 6442136) AND (k <= 6442236))
	  ->  Bitmap Index Scan on k_4  (cost=0.00..5.40 rows=97 width=0)
	        Index Cond: ((k >= 6442136) AND (k <= 6442236))

table 5 : explain SELECT k, c FROM sbtest5 WHERE k BETWEEN 6442136 AND 6442236
	Bitmap Heap Scan on sbtest5  (cost=5.39..373.61 rows=93 width=125)
	  Recheck Cond: ((k >= 6442136) AND (k <= 6442236))
	  ->  Bitmap Index Scan on k_5  (cost=0.00..5.36 rows=93 width=0)
	        Index Cond: ((k >= 6442136) AND (k <= 6442236))

table 6 : explain SELECT k, c FROM sbtest6 WHERE k BETWEEN 6442136 AND 6442236
	Bitmap Heap Scan on sbtest6  (cost=5.54..432.69 rows=108 width=125)
	  Recheck Cond: ((k >= 6442136) AND (k <= 6442236))
	  ->  Bitmap Index Scan on k_6  (cost=0.00..5.51 rows=108 width=0)
	        Index Cond: ((k >= 6442136) AND (k <= 6442236))

table 7 : explain SELECT k, c FROM sbtest7 WHERE k BETWEEN 6442136 AND 6442236
	Bitmap Heap Scan on sbtest7  (cost=5.44..393.31 rows=98 width=125)
	  Recheck Cond: ((k >= 6442136) AND (k <= 6442236))
	  ->  Bitmap Index Scan on k_7  (cost=0.00..5.42 rows=98 width=0)
	        Index Cond: ((k >= 6442136) AND (k <= 6442236))

table 8 : explain SELECT k, c FROM sbtest8 WHERE k BETWEEN 6442136 AND 6442236
	Bitmap Heap Scan on sbtest8  (cost=5.47..405.13 rows=101 width=125)
	  Recheck Cond: ((k >= 6442136) AND (k <= 6442236))
	  ->  Bitmap Index Scan on k_8  (cost=0.00..5.44 rows=101 width=0)
	        Index Cond: ((k >= 6442136) AND (k <= 6442236))

explain: for range-notcovered :: explain SELECT k, c FROM sbtest%d WHERE k BETWEEN 6911138 AND 6911238
explain: for range-notcovered :: explain SELECT k, c FROM sbtest%d WHERE k BETWEEN 6442136 AND 6442236
for range-notcovered
table 1 : explain SELECT k, c FROM sbtest1 WHERE k BETWEEN 3871501 AND 3871601
	Bitmap Heap Scan on sbtest1  (cost=5.50..416.94 rows=104 width=125)
	  Recheck Cond: ((k >= 3871501) AND (k <= 3871601))
	  ->  Bitmap Index Scan on k_1  (cost=0.00..5.47 rows=104 width=0)
	        Index Cond: ((k >= 3871501) AND (k <= 3871601))

table 2 : explain SELECT k, c FROM sbtest2 WHERE k BETWEEN 3871501 AND 3871601
	Bitmap Heap Scan on sbtest2  (cost=5.52..424.81 rows=106 width=125)
	  Recheck Cond: ((k >= 3871501) AND (k <= 3871601))
	  ->  Bitmap Index Scan on k_2  (cost=0.00..5.50 rows=106 width=0)
	        Index Cond: ((k >= 3871501) AND (k <= 3871601))

table 3 : explain SELECT k, c FROM sbtest3 WHERE k BETWEEN 3871501 AND 3871601
	Bitmap Heap Scan on sbtest3  (cost=5.58..448.42 rows=112 width=125)
	  Recheck Cond: ((k >= 3871501) AND (k <= 3871601))
	  ->  Bitmap Index Scan on k_3  (cost=0.00..5.55 rows=112 width=0)
	        Index Cond: ((k >= 3871501) AND (k <= 3871601))

table 4 : explain SELECT k, c FROM sbtest4 WHERE k BETWEEN 3871501 AND 3871601
	Bitmap Heap Scan on sbtest4  (cost=5.48..409.07 rows=102 width=125)
	  Recheck Cond: ((k >= 3871501) AND (k <= 3871601))
	  ->  Bitmap Index Scan on k_4  (cost=0.00..5.45 rows=102 width=0)
	        Index Cond: ((k >= 3871501) AND (k <= 3871601))

table 5 : explain SELECT k, c FROM sbtest5 WHERE k BETWEEN 3871501 AND 3871601
	Bitmap Heap Scan on sbtest5  (cost=5.41..381.49 rows=95 width=125)
	  Recheck Cond: ((k >= 3871501) AND (k <= 3871601))
	  ->  Bitmap Index Scan on k_5  (cost=0.00..5.38 rows=95 width=0)
	        Index Cond: ((k >= 3871501) AND (k <= 3871601))

table 6 : explain SELECT k, c FROM sbtest6 WHERE k BETWEEN 3871501 AND 3871601
	Bitmap Heap Scan on sbtest6  (cost=5.51..420.88 rows=105 width=125)
	  Recheck Cond: ((k >= 3871501) AND (k <= 3871601))
	  ->  Bitmap Index Scan on k_6  (cost=0.00..5.48 rows=105 width=0)
	        Index Cond: ((k >= 3871501) AND (k <= 3871601))

table 7 : explain SELECT k, c FROM sbtest7 WHERE k BETWEEN 3871501 AND 3871601
	Bitmap Heap Scan on sbtest7  (cost=5.55..436.62 rows=109 width=125)
	  Recheck Cond: ((k >= 3871501) AND (k <= 3871601))
	  ->  Bitmap Index Scan on k_7  (cost=0.00..5.52 rows=109 width=0)
	        Index Cond: ((k >= 3871501) AND (k <= 3871601))

table 8 : explain SELECT k, c FROM sbtest8 WHERE k BETWEEN 3871501 AND 3871601
	Bitmap Heap Scan on sbtest8  (cost=5.48..409.07 rows=102 width=125)
	  Recheck Cond: ((k >= 3871501) AND (k <= 3871601))
	  ->  Bitmap Index Scan on k_8  (cost=0.00..5.45 rows=102 width=0)
	        Index Cond: ((k >= 3871501) AND (k <= 3871601))

explain: for range-notcovered :: explain SELECT k, c FROM sbtest%d WHERE k BETWEEN 3871501 AND 3871601
for range-notcovered
table 1 : explain SELECT k, c FROM sbtest1 WHERE k BETWEEN 4673975 AND 4674075
	Bitmap Heap Scan on sbtest1  (cost=5.52..424.81 rows=106 width=125)
	  Recheck Cond: ((k >= 4673975) AND (k <= 4674075))
	  ->  Bitmap Index Scan on k_1  (cost=0.00..5.50 rows=106 width=0)
	        Index Cond: ((k >= 4673975) AND (k <= 4674075))

table 2 : explain SELECT k, c FROM sbtest2 WHERE k BETWEEN 4673975 AND 4674075
	Bitmap Heap Scan on sbtest2  (cost=5.40..377.55 rows=94 width=125)
	  Recheck Cond: ((k >= 4673975) AND (k <= 4674075))
	  ->  Bitmap Index Scan on k_2  (cost=0.00..5.38 rows=94 width=0)
	        Index Cond: ((k >= 4673975) AND (k <= 4674075))

table 3 : explain SELECT k, c FROM sbtest3 WHERE k BETWEEN 4673975 AND 4674075
	Bitmap Heap Scan on sbtest3  (cost=5.52..424.81 rows=106 width=125)
	  Recheck Cond: ((k >= 4673975) AND (k <= 4674075))
	  ->  Bitmap Index Scan on k_3  (cost=0.00..5.50 rows=106 width=0)
	        Index Cond: ((k >= 4673975) AND (k <= 4674075))

table 4 : explain SELECT k, c FROM sbtest4 WHERE k BETWEEN 4673975 AND 4674075
	Bitmap Heap Scan on sbtest4  (cost=5.55..436.62 rows=109 width=125)
	  Recheck Cond: ((k >= 4673975) AND (k <= 4674075))
	  ->  Bitmap Index Scan on k_4  (cost=0.00..5.52 rows=109 width=0)
	        Index Cond: ((k >= 4673975) AND (k <= 4674075))

table 5 : explain SELECT k, c FROM sbtest5 WHERE k BETWEEN 4673975 AND 4674075
	Bitmap Heap Scan on sbtest5  (cost=5.44..393.31 rows=98 width=125)
	  Recheck Cond: ((k >= 4673975) AND (k <= 4674075))
	  ->  Bitmap Index Scan on k_5  (cost=0.00..5.42 rows=98 width=0)
	        Index Cond: ((k >= 4673975) AND (k <= 4674075))

table 6 : explain SELECT k, c FROM sbtest6 WHERE k BETWEEN 4673975 AND 4674075
	Bitmap Heap Scan on sbtest6  (cost=5.55..436.62 rows=109 width=125)
	  Recheck Cond: ((k >= 4673975) AND (k <= 4674075))
	  ->  Bitmap Index Scan on k_6  (cost=0.00..5.52 rows=109 width=0)
	        Index Cond: ((k >= 4673975) AND (k <= 4674075))

table 7 : explain SELECT k, c FROM sbtest7 WHERE k BETWEEN 4673975 AND 4674075
	Bitmap Heap Scan on sbtest7  (cost=5.46..401.19 rows=100 width=125)
	  Recheck Cond: ((k >= 4673975) AND (k <= 4674075))
	  ->  Bitmap Index Scan on k_7  (cost=0.00..5.43 rows=100 width=0)
	        Index Cond: ((k >= 4673975) AND (k <= 4674075))

table 8 : explain SELECT k, c FROM sbtest8 WHERE k BETWEEN 4673975 AND 4674075
	Bitmap Heap Scan on sbtest8  (cost=5.63..468.09 rows=117 width=125)
	  Recheck Cond: ((k >= 4673975) AND (k <= 4674075))
	  ->  Bitmap Index Scan on k_8  (cost=0.00..5.60 rows=117 width=0)
	        Index Cond: ((k >= 4673975) AND (k <= 4674075))

explain: for range-notcovered :: explain SELECT k, c FROM sbtest%d WHERE k BETWEEN 4673975 AND 4674075
for range-notcovered
table 1 : explain SELECT k, c FROM sbtest1 WHERE k BETWEEN 4030166 AND 4030266
	Bitmap Heap Scan on sbtest1  (cost=5.49..413.00 rows=103 width=125)
	  Recheck Cond: ((k >= 4030166) AND (k <= 4030266))
	  ->  Bitmap Index Scan on k_1  (cost=0.00..5.46 rows=103 width=0)
	        Index Cond: ((k >= 4030166) AND (k <= 4030266))

table 2 : explain SELECT k, c FROM sbtest2 WHERE k BETWEEN 4030166 AND 4030266
	Bitmap Heap Scan on sbtest2  (cost=5.51..420.88 rows=105 width=125)
	  Recheck Cond: ((k >= 4030166) AND (k <= 4030266))
	  ->  Bitmap Index Scan on k_2  (cost=0.00..5.48 rows=105 width=0)
	        Index Cond: ((k >= 4030166) AND (k <= 4030266))

table 3 : explain SELECT k, c FROM sbtest3 WHERE k BETWEEN 4030166 AND 4030266
	Bitmap Heap Scan on sbtest3  (cost=5.54..432.69 rows=108 width=125)
	  Recheck Cond: ((k >= 4030166) AND (k <= 4030266))
	  ->  Bitmap Index Scan on k_3  (cost=0.00..5.51 rows=108 width=0)
	        Index Cond: ((k >= 4030166) AND (k <= 4030266))

table 4 : explain SELECT k, c FROM sbtest4 WHERE k BETWEEN 4030166 AND 4030266
	Bitmap Heap Scan on sbtest4  (cost=5.43..389.37 rows=97 width=125)
	  Recheck Cond: ((k >= 4030166) AND (k <= 4030266))
	  ->  Bitmap Index Scan on k_4  (cost=0.00..5.40 rows=97 width=0)
	        Index Cond: ((k >= 4030166) AND (k <= 4030266))

table 5 : explain SELECT k, c FROM sbtest5 WHERE k BETWEEN 4030166 AND 4030266
	Bitmap Heap Scan on sbtest5  (cost=5.53..428.75 rows=107 width=125)
	  Recheck Cond: ((k >= 4030166) AND (k <= 4030266))
	  ->  Bitmap Index Scan on k_5  (cost=0.00..5.50 rows=107 width=0)
	        Index Cond: ((k >= 4030166) AND (k <= 4030266))

table 6 : explain SELECT k, c FROM sbtest6 WHERE k BETWEEN 4030166 AND 4030266
	Bitmap Heap Scan on sbtest6  (cost=5.48..409.07 rows=102 width=125)
	  Recheck Cond: ((k >= 4030166) AND (k <= 4030266))
	  ->  Bitmap Index Scan on k_6  (cost=0.00..5.45 rows=102 width=0)
	        Index Cond: ((k >= 4030166) AND (k <= 4030266))

table 7 : explain SELECT k, c FROM sbtest7 WHERE k BETWEEN 4030166 AND 4030266
	Bitmap Heap Scan on sbtest7  (cost=5.70..491.67 rows=123 width=125)
	  Recheck Cond: ((k >= 4030166) AND (k <= 4030266))
	  ->  Bitmap Index Scan on k_7  (cost=0.00..5.67 rows=123 width=0)
	        Index Cond: ((k >= 4030166) AND (k <= 4030266))

table 8 : explain SELECT k, c FROM sbtest8 WHERE k BETWEEN 4030166 AND 4030266
	Bitmap Heap Scan on sbtest8  (cost=5.51..420.88 rows=105 width=125)
	  Recheck Cond: ((k >= 4030166) AND (k <= 4030266))
	  ->  Bitmap Index Scan on k_8  (cost=0.00..5.48 rows=105 width=0)
	        Index Cond: ((k >= 4030166) AND (k <= 4030266))

explain: for range-notcovered :: explain SELECT k, c FROM sbtest%d WHERE k BETWEEN 4030166 AND 4030266
for range-notcovered
table 1 : explain SELECT k, c FROM sbtest1 WHERE k BETWEEN 4844521 AND 4844621
	Bitmap Heap Scan on sbtest1  (cost=5.41..381.49 rows=95 width=125)
	  Recheck Cond: ((k >= 4844521) AND (k <= 4844621))
	  ->  Bitmap Index Scan on k_1  (cost=0.00..5.38 rows=95 width=0)
	        Index Cond: ((k >= 4844521) AND (k <= 4844621))

table 2 : explain SELECT k, c FROM sbtest2 WHERE k BETWEEN 4844521 AND 4844621
	Bitmap Heap Scan on sbtest2  (cost=5.45..397.25 rows=99 width=125)
	  Recheck Cond: ((k >= 4844521) AND (k <= 4844621))
	  ->  Bitmap Index Scan on k_2  (cost=0.00..5.42 rows=99 width=0)
	        Index Cond: ((k >= 4844521) AND (k <= 4844621))

table 3 : explain SELECT k, c FROM sbtest3 WHERE k BETWEEN 4844521 AND 4844621
	Bitmap Heap Scan on sbtest3  (cost=5.42..385.43 rows=96 width=125)
	  Recheck Cond: ((k >= 4844521) AND (k <= 4844621))
	  ->  Bitmap Index Scan on k_3  (cost=0.00..5.39 rows=96 width=0)
	        Index Cond: ((k >= 4844521) AND (k <= 4844621))

table 4 : explain SELECT k, c FROM sbtest4 WHERE k BETWEEN 4844521 AND 4844621
	Bitmap Heap Scan on sbtest4  (cost=5.40..377.55 rows=94 width=125)
	  Recheck Cond: ((k >= 4844521) AND (k <= 4844621))
	  ->  Bitmap Index Scan on k_4  (cost=0.00..5.38 rows=94 width=0)
	        Index Cond: ((k >= 4844521) AND (k <= 4844621))

table 5 : explain SELECT k, c FROM sbtest5 WHERE k BETWEEN 4844521 AND 4844621
	Bitmap Heap Scan on sbtest5  (cost=5.48..409.07 rows=102 width=125)
	  Recheck Cond: ((k >= 4844521) AND (k <= 4844621))
	  ->  Bitmap Index Scan on k_5  (cost=0.00..5.45 rows=102 width=0)
	        Index Cond: ((k >= 4844521) AND (k <= 4844621))

table 6 : explain SELECT k, c FROM sbtest6 WHERE k BETWEEN 4844521 AND 4844621
	Bitmap Heap Scan on sbtest6  (cost=5.42..385.43 rows=96 width=125)
	  Recheck Cond: ((k >= 4844521) AND (k <= 4844621))
	  ->  Bitmap Index Scan on k_6  (cost=0.00..5.39 rows=96 width=0)
	        Index Cond: ((k >= 4844521) AND (k <= 4844621))

table 7 : explain SELECT k, c FROM sbtest7 WHERE k BETWEEN 4844521 AND 4844621
	Bitmap Heap Scan on sbtest7  (cost=5.43..389.37 rows=97 width=125)
	  Recheck Cond: ((k >= 4844521) AND (k <= 4844621))
	  ->  Bitmap Index Scan on k_7  (cost=0.00..5.40 rows=97 width=0)
	        Index Cond: ((k >= 4844521) AND (k <= 4844621))

table 8 : explain SELECT k, c FROM sbtest8 WHERE k BETWEEN 4844521 AND 4844621
	Bitmap Heap Scan on sbtest8  (cost=5.56..440.56 rows=110 width=125)
	  Recheck Cond: ((k >= 4844521) AND (k <= 4844621))
	  ->  Bitmap Index Scan on k_8  (cost=0.00..5.53 rows=110 width=0)
	        Index Cond: ((k >= 4844521) AND (k <= 4844621))

for range-notcovered
table 1 : explain SELECT k, c FROM sbtest1 WHERE k BETWEEN 6911138 AND 6911238
	Bitmap Heap Scan on sbtest1  (cost=5.40..377.55 rows=94 width=125)
	  Recheck Cond: ((k >= 6911138) AND (k <= 6911238))
	  ->  Bitmap Index Scan on k_1  (cost=0.00..5.38 rows=94 width=0)
	        Index Cond: ((k >= 6911138) AND (k <= 6911238))

table 2 : explain SELECT k, c FROM sbtest2 WHERE k BETWEEN 6911138 AND 6911238
	Bitmap Heap Scan on sbtest2  (cost=5.57..444.49 rows=111 width=125)
	  Recheck Cond: ((k >= 6911138) AND (k <= 6911238))
	  ->  Bitmap Index Scan on k_2  (cost=0.00..5.54 rows=111 width=0)
	        Index Cond: ((k >= 6911138) AND (k <= 6911238))

table 3 : explain SELECT k, c FROM sbtest3 WHERE k BETWEEN 6911138 AND 6911238
	Bitmap Heap Scan on sbtest3  (cost=5.45..397.25 rows=99 width=125)
	  Recheck Cond: ((k >= 6911138) AND (k <= 6911238))
	  ->  Bitmap Index Scan on k_3  (cost=0.00..5.42 rows=99 width=0)
	        Index Cond: ((k >= 6911138) AND (k <= 6911238))

table 4 : explain SELECT k, c FROM sbtest4 WHERE k BETWEEN 6911138 AND 6911238
	Bitmap Heap Scan on sbtest4  (cost=5.52..424.81 rows=106 width=125)
	  Recheck Cond: ((k >= 6911138) AND (k <= 6911238))
	  ->  Bitmap Index Scan on k_4  (cost=0.00..5.50 rows=106 width=0)
	        Index Cond: ((k >= 6911138) AND (k <= 6911238))

table 5 : explain SELECT k, c FROM sbtest5 WHERE k BETWEEN 6911138 AND 6911238
	Bitmap Heap Scan on sbtest5  (cost=5.62..464.15 rows=116 width=125)
	  Recheck Cond: ((k >= 6911138) AND (k <= 6911238))
	  ->  Bitmap Index Scan on k_5  (cost=0.00..5.59 rows=116 width=0)
	        Index Cond: ((k >= 6911138) AND (k <= 6911238))

table 6 : explain SELECT k, c FROM sbtest6 WHERE k BETWEEN 6911138 AND 6911238
	Bitmap Heap Scan on sbtest6  (cost=5.46..401.19 rows=100 width=125)
	  Recheck Cond: ((k >= 6911138) AND (k <= 6911238))
	  ->  Bitmap Index Scan on k_6  (cost=0.00..5.43 rows=100 width=0)
	        Index Cond: ((k >= 6911138) AND (k <= 6911238))

table 7 : explain SELECT k, c FROM sbtest7 WHERE k BETWEEN 6911138 AND 6911238
	Bitmap Heap Scan on sbtest7  (cost=5.50..416.94 rows=104 width=125)
	  Recheck Cond: ((k >= 6911138) AND (k <= 6911238))
	  ->  Bitmap Index Scan on k_7  (cost=0.00..5.47 rows=104 width=0)
	        Index Cond: ((k >= 6911138) AND (k <= 6911238))

table 8 : explain SELECT k, c FROM sbtest8 WHERE k BETWEEN 6911138 AND 6911238
	Bitmap Heap Scan on sbtest8  (cost=5.46..401.19 rows=100 width=125)
	  Recheck Cond: ((k >= 6911138) AND (k <= 6911238))
	  ->  Bitmap Index Scan on k_8  (cost=0.00..5.43 rows=100 width=0)
	        Index Cond: ((k >= 6911138) AND (k <= 6911238))

explain: for range-notcovered :: explain SELECT k, c FROM sbtest%d WHERE k BETWEEN 6911138 AND 6911238
for range-notcovered
table 1 : explain SELECT k, c FROM sbtest1 WHERE k BETWEEN 6442136 AND 6442236
	Bitmap Heap Scan on sbtest1  (cost=5.47..405.13 rows=101 width=125)
	  Recheck Cond: ((k >= 6442136) AND (k <= 6442236))
	  ->  Bitmap Index Scan on k_1  (cost=0.00..5.44 rows=101 width=0)
	        Index Cond: ((k >= 6442136) AND (k <= 6442236))

table 2 : explain SELECT k, c FROM sbtest2 WHERE k BETWEEN 6442136 AND 6442236
	Bitmap Heap Scan on sbtest2  (cost=5.47..405.13 rows=101 width=125)
	  Recheck Cond: ((k >= 6442136) AND (k <= 6442236))
	  ->  Bitmap Index Scan on k_2  (cost=0.00..5.44 rows=101 width=0)
	        Index Cond: ((k >= 6442136) AND (k <= 6442236))

table 3 : explain SELECT k, c FROM sbtest3 WHERE k BETWEEN 6442136 AND 6442236
	Bitmap Heap Scan on sbtest3  (cost=5.50..416.94 rows=104 width=125)
	  Recheck Cond: ((k >= 6442136) AND (k <= 6442236))
	  ->  Bitmap Index Scan on k_3  (cost=0.00..5.47 rows=104 width=0)
	        Index Cond: ((k >= 6442136) AND (k <= 6442236))

table 4 : explain SELECT k, c FROM sbtest4 WHERE k BETWEEN 6442136 AND 6442236
	Bitmap Heap Scan on sbtest4  (cost=5.43..389.37 rows=97 width=125)
	  Recheck Cond: ((k >= 6442136) AND (k <= 6442236))
	  ->  Bitmap Index Scan on k_4  (cost=0.00..5.40 rows=97 width=0)
	        Index Cond: ((k >= 6442136) AND (k <= 6442236))

table 5 : explain SELECT k, c FROM sbtest5 WHERE k BETWEEN 6442136 AND 6442236
	Bitmap Heap Scan on sbtest5  (cost=5.39..373.61 rows=93 width=125)
	  Recheck Cond: ((k >= 6442136) AND (k <= 6442236))
	  ->  Bitmap Index Scan on k_5  (cost=0.00..5.36 rows=93 width=0)
	        Index Cond: ((k >= 6442136) AND (k <= 6442236))

table 6 : explain SELECT k, c FROM sbtest6 WHERE k BETWEEN 6442136 AND 6442236
	Bitmap Heap Scan on sbtest6  (cost=5.54..432.69 rows=108 width=125)
	  Recheck Cond: ((k >= 6442136) AND (k <= 6442236))
	  ->  Bitmap Index Scan on k_6  (cost=0.00..5.51 rows=108 width=0)
	        Index Cond: ((k >= 6442136) AND (k <= 6442236))

table 7 : explain SELECT k, c FROM sbtest7 WHERE k BETWEEN 6442136 AND 6442236
	Bitmap Heap Scan on sbtest7  (cost=5.44..393.31 rows=98 width=125)
	  Recheck Cond: ((k >= 6442136) AND (k <= 6442236))
	  ->  Bitmap Index Scan on k_7  (cost=0.00..5.42 rows=98 width=0)
	        Index Cond: ((k >= 6442136) AND (k <= 6442236))

table 8 : explain SELECT k, c FROM sbtest8 WHERE k BETWEEN 6442136 AND 6442236
	Bitmap Heap Scan on sbtest8  (cost=5.47..405.13 rows=101 width=125)
	  Recheck Cond: ((k >= 6442136) AND (k <= 6442236))
	  ->  Bitmap Index Scan on k_8  (cost=0.00..5.44 rows=101 width=0)
	        Index Cond: ((k >= 6442136) AND (k <= 6442236))

for range-notcovered
table 1 : explain SELECT k, c FROM sbtest1 WHERE k BETWEEN 3871501 AND 3871601
	Bitmap Heap Scan on sbtest1  (cost=5.50..416.94 rows=104 width=125)
	  Recheck Cond: ((k >= 3871501) AND (k <= 3871601))
	  ->  Bitmap Index Scan on k_1  (cost=0.00..5.47 rows=104 width=0)
	        Index Cond: ((k >= 3871501) AND (k <= 3871601))

table 2 : explain SELECT k, c FROM sbtest2 WHERE k BETWEEN 3871501 AND 3871601
	Bitmap Heap Scan on sbtest2  (cost=5.52..424.81 rows=106 width=125)
	  Recheck Cond: ((k >= 3871501) AND (k <= 3871601))
	  ->  Bitmap Index Scan on k_2  (cost=0.00..5.50 rows=106 width=0)
	        Index Cond: ((k >= 3871501) AND (k <= 3871601))

table 3 : explain SELECT k, c FROM sbtest3 WHERE k BETWEEN 3871501 AND 3871601
	Bitmap Heap Scan on sbtest3  (cost=5.58..448.42 rows=112 width=125)
	  Recheck Cond: ((k >= 3871501) AND (k <= 3871601))
	  ->  Bitmap Index Scan on k_3  (cost=0.00..5.55 rows=112 width=0)
	        Index Cond: ((k >= 3871501) AND (k <= 3871601))

table 4 : explain SELECT k, c FROM sbtest4 WHERE k BETWEEN 3871501 AND 3871601
	Bitmap Heap Scan on sbtest4  (cost=5.48..409.07 rows=102 width=125)
	  Recheck Cond: ((k >= 3871501) AND (k <= 3871601))
	  ->  Bitmap Index Scan on k_4  (cost=0.00..5.45 rows=102 width=0)
	        Index Cond: ((k >= 3871501) AND (k <= 3871601))

table 5 : explain SELECT k, c FROM sbtest5 WHERE k BETWEEN 3871501 AND 3871601
	Bitmap Heap Scan on sbtest5  (cost=5.41..381.49 rows=95 width=125)
	  Recheck Cond: ((k >= 3871501) AND (k <= 3871601))
	  ->  Bitmap Index Scan on k_5  (cost=0.00..5.38 rows=95 width=0)
	        Index Cond: ((k >= 3871501) AND (k <= 3871601))

table 6 : explain SELECT k, c FROM sbtest6 WHERE k BETWEEN 3871501 AND 3871601
	Bitmap Heap Scan on sbtest6  (cost=5.51..420.88 rows=105 width=125)
	  Recheck Cond: ((k >= 3871501) AND (k <= 3871601))
	  ->  Bitmap Index Scan on k_6  (cost=0.00..5.48 rows=105 width=0)
	        Index Cond: ((k >= 3871501) AND (k <= 3871601))

table 7 : explain SELECT k, c FROM sbtest7 WHERE k BETWEEN 3871501 AND 3871601
	Bitmap Heap Scan on sbtest7  (cost=5.55..436.62 rows=109 width=125)
	  Recheck Cond: ((k >= 3871501) AND (k <= 3871601))
	  ->  Bitmap Index Scan on k_7  (cost=0.00..5.52 rows=109 width=0)
	        Index Cond: ((k >= 3871501) AND (k <= 3871601))

table 8 : explain SELECT k, c FROM sbtest8 WHERE k BETWEEN 3871501 AND 3871601
	Bitmap Heap Scan on sbtest8  (cost=5.48..409.07 rows=102 width=125)
	  Recheck Cond: ((k >= 3871501) AND (k <= 3871601))
	  ->  Bitmap Index Scan on k_8  (cost=0.00..5.45 rows=102 width=0)
	        Index Cond: ((k >= 3871501) AND (k <= 3871601))

explain: for range-notcovered :: explain SELECT k, c FROM sbtest%d WHERE k BETWEEN 6442136 AND 6442236
explain: for range-notcovered :: explain SELECT k, c FROM sbtest%d WHERE k BETWEEN 3871501 AND 3871601
for range-notcovered
table 1 : explain SELECT k, c FROM sbtest1 WHERE k BETWEEN 6439300 AND 6439400
	Bitmap Heap Scan on sbtest1  (cost=5.47..405.13 rows=101 width=125)
	  Recheck Cond: ((k >= 6439300) AND (k <= 6439400))
	  ->  Bitmap Index Scan on k_1  (cost=0.00..5.44 rows=101 width=0)
	        Index Cond: ((k >= 6439300) AND (k <= 6439400))

table 2 : explain SELECT k, c FROM sbtest2 WHERE k BETWEEN 6439300 AND 6439400
	Bitmap Heap Scan on sbtest2  (cost=5.47..405.13 rows=101 width=125)
	  Recheck Cond: ((k >= 6439300) AND (k <= 6439400))
	  ->  Bitmap Index Scan on k_2  (cost=0.00..5.44 rows=101 width=0)
	        Index Cond: ((k >= 6439300) AND (k <= 6439400))

table 3 : explain SELECT k, c FROM sbtest3 WHERE k BETWEEN 6439300 AND 6439400
	Bitmap Heap Scan on sbtest3  (cost=5.50..416.94 rows=104 width=125)
	  Recheck Cond: ((k >= 6439300) AND (k <= 6439400))
	  ->  Bitmap Index Scan on k_3  (cost=0.00..5.47 rows=104 width=0)
	        Index Cond: ((k >= 6439300) AND (k <= 6439400))

table 4 : explain SELECT k, c FROM sbtest4 WHERE k BETWEEN 6439300 AND 6439400
	Bitmap Heap Scan on sbtest4  (cost=5.43..389.37 rows=97 width=125)
	  Recheck Cond: ((k >= 6439300) AND (k <= 6439400))
	  ->  Bitmap Index Scan on k_4  (cost=0.00..5.40 rows=97 width=0)
	        Index Cond: ((k >= 6439300) AND (k <= 6439400))

table 5 : explain SELECT k, c FROM sbtest5 WHERE k BETWEEN 6439300 AND 6439400
	Bitmap Heap Scan on sbtest5  (cost=5.39..373.61 rows=93 width=125)
	  Recheck Cond: ((k >= 6439300) AND (k <= 6439400))
	  ->  Bitmap Index Scan on k_5  (cost=0.00..5.36 rows=93 width=0)
	        Index Cond: ((k >= 6439300) AND (k <= 6439400))

table 6 : explain SELECT k, c FROM sbtest6 WHERE k BETWEEN 6439300 AND 6439400
	Bitmap Heap Scan on sbtest6  (cost=5.54..432.69 rows=108 width=125)
	  Recheck Cond: ((k >= 6439300) AND (k <= 6439400))
	  ->  Bitmap Index Scan on k_6  (cost=0.00..5.51 rows=108 width=0)
	        Index Cond: ((k >= 6439300) AND (k <= 6439400))

table 7 : explain SELECT k, c FROM sbtest7 WHERE k BETWEEN 6439300 AND 6439400
	Bitmap Heap Scan on sbtest7  (cost=5.44..393.31 rows=98 width=125)
	  Recheck Cond: ((k >= 6439300) AND (k <= 6439400))
	  ->  Bitmap Index Scan on k_7  (cost=0.00..5.42 rows=98 width=0)
	        Index Cond: ((k >= 6439300) AND (k <= 6439400))

table 8 : explain SELECT k, c FROM sbtest8 WHERE k BETWEEN 6439300 AND 6439400
	Bitmap Heap Scan on sbtest8  (cost=5.47..405.13 rows=101 width=125)
	  Recheck Cond: ((k >= 6439300) AND (k <= 6439400))
	  ->  Bitmap Index Scan on k_8  (cost=0.00..5.44 rows=101 width=0)
	        Index Cond: ((k >= 6439300) AND (k <= 6439400))

explain: for range-notcovered :: explain SELECT k, c FROM sbtest%d WHERE k BETWEEN 6439300 AND 6439400
for range-notcovered
table 1 : explain SELECT k, c FROM sbtest1 WHERE k BETWEEN 4673975 AND 4674075
	Bitmap Heap Scan on sbtest1  (cost=5.52..424.81 rows=106 width=125)
	  Recheck Cond: ((k >= 4673975) AND (k <= 4674075))
	  ->  Bitmap Index Scan on k_1  (cost=0.00..5.50 rows=106 width=0)
	        Index Cond: ((k >= 4673975) AND (k <= 4674075))

table 2 : explain SELECT k, c FROM sbtest2 WHERE k BETWEEN 4673975 AND 4674075
	Bitmap Heap Scan on sbtest2  (cost=5.40..377.55 rows=94 width=125)
	  Recheck Cond: ((k >= 4673975) AND (k <= 4674075))
	  ->  Bitmap Index Scan on k_2  (cost=0.00..5.38 rows=94 width=0)
	        Index Cond: ((k >= 4673975) AND (k <= 4674075))

table 3 : explain SELECT k, c FROM sbtest3 WHERE k BETWEEN 4673975 AND 4674075
	Bitmap Heap Scan on sbtest3  (cost=5.52..424.81 rows=106 width=125)
	  Recheck Cond: ((k >= 4673975) AND (k <= 4674075))
	  ->  Bitmap Index Scan on k_3  (cost=0.00..5.50 rows=106 width=0)
	        Index Cond: ((k >= 4673975) AND (k <= 4674075))

table 4 : explain SELECT k, c FROM sbtest4 WHERE k BETWEEN 4673975 AND 4674075
	Bitmap Heap Scan on sbtest4  (cost=5.55..436.62 rows=109 width=125)
	  Recheck Cond: ((k >= 4673975) AND (k <= 4674075))
	  ->  Bitmap Index Scan on k_4  (cost=0.00..5.52 rows=109 width=0)
	        Index Cond: ((k >= 4673975) AND (k <= 4674075))

table 5 : explain SELECT k, c FROM sbtest5 WHERE k BETWEEN 4673975 AND 4674075
	Bitmap Heap Scan on sbtest5  (cost=5.44..393.31 rows=98 width=125)
	  Recheck Cond: ((k >= 4673975) AND (k <= 4674075))
	  ->  Bitmap Index Scan on k_5  (cost=0.00..5.42 rows=98 width=0)
	        Index Cond: ((k >= 4673975) AND (k <= 4674075))

table 6 : explain SELECT k, c FROM sbtest6 WHERE k BETWEEN 4673975 AND 4674075
	Bitmap Heap Scan on sbtest6  (cost=5.55..436.62 rows=109 width=125)
	  Recheck Cond: ((k >= 4673975) AND (k <= 4674075))
	  ->  Bitmap Index Scan on k_6  (cost=0.00..5.52 rows=109 width=0)
	        Index Cond: ((k >= 4673975) AND (k <= 4674075))

table 7 : explain SELECT k, c FROM sbtest7 WHERE k BETWEEN 4673975 AND 4674075
	Bitmap Heap Scan on sbtest7  (cost=5.46..401.19 rows=100 width=125)
	  Recheck Cond: ((k >= 4673975) AND (k <= 4674075))
	  ->  Bitmap Index Scan on k_7  (cost=0.00..5.43 rows=100 width=0)
	        Index Cond: ((k >= 4673975) AND (k <= 4674075))

table 8 : explain SELECT k, c FROM sbtest8 WHERE k BETWEEN 4673975 AND 4674075
	Bitmap Heap Scan on sbtest8  (cost=5.63..468.09 rows=117 width=125)
	  Recheck Cond: ((k >= 4673975) AND (k <= 4674075))
	  ->  Bitmap Index Scan on k_8  (cost=0.00..5.60 rows=117 width=0)
	        Index Cond: ((k >= 4673975) AND (k <= 4674075))

for range-notcovered
table 1 : explain SELECT k, c FROM sbtest1 WHERE k BETWEEN 2738243 AND 2738343
	Bitmap Heap Scan on sbtest1  (cost=5.46..401.19 rows=100 width=125)
	  Recheck Cond: ((k >= 2738243) AND (k <= 2738343))
	  ->  Bitmap Index Scan on k_1  (cost=0.00..5.43 rows=100 width=0)
	        Index Cond: ((k >= 2738243) AND (k <= 2738343))

table 2 : explain SELECT k, c FROM sbtest2 WHERE k BETWEEN 2738243 AND 2738343
	Bitmap Heap Scan on sbtest2  (cost=5.58..448.42 rows=112 width=125)
	  Recheck Cond: ((k >= 2738243) AND (k <= 2738343))
	  ->  Bitmap Index Scan on k_2  (cost=0.00..5.55 rows=112 width=0)
	        Index Cond: ((k >= 2738243) AND (k <= 2738343))

table 3 : explain SELECT k, c FROM sbtest3 WHERE k BETWEEN 2738243 AND 2738343
	Bitmap Heap Scan on sbtest3  (cost=5.49..413.00 rows=103 width=125)
	  Recheck Cond: ((k >= 2738243) AND (k <= 2738343))
	  ->  Bitmap Index Scan on k_3  (cost=0.00..5.46 rows=103 width=0)
	        Index Cond: ((k >= 2738243) AND (k <= 2738343))

table 4 : explain SELECT k, c FROM sbtest4 WHERE k BETWEEN 2738243 AND 2738343
	Bitmap Heap Scan on sbtest4  (cost=5.57..444.49 rows=111 width=125)
	  Recheck Cond: ((k >= 2738243) AND (k <= 2738343))
	  ->  Bitmap Index Scan on k_4  (cost=0.00..5.54 rows=111 width=0)
	        Index Cond: ((k >= 2738243) AND (k <= 2738343))

table 5 : explain SELECT k, c FROM sbtest5 WHERE k BETWEEN 2738243 AND 2738343
	Bitmap Heap Scan on sbtest5  (cost=5.43..389.37 rows=97 width=125)
	  Recheck Cond: ((k >= 2738243) AND (k <= 2738343))
	  ->  Bitmap Index Scan on k_5  (cost=0.00..5.40 rows=97 width=0)
	        Index Cond: ((k >= 2738243) AND (k <= 2738343))

table 6 : explain SELECT k, c FROM sbtest6 WHERE k BETWEEN 2738243 AND 2738343
	Bitmap Heap Scan on sbtest6  (cost=5.49..413.00 rows=103 width=125)
	  Recheck Cond: ((k >= 2738243) AND (k <= 2738343))
	  ->  Bitmap Index Scan on k_6  (cost=0.00..5.46 rows=103 width=0)
	        Index Cond: ((k >= 2738243) AND (k <= 2738343))

table 7 : explain SELECT k, c FROM sbtest7 WHERE k BETWEEN 2738243 AND 2738343
	Bitmap Heap Scan on sbtest7  (cost=5.45..397.25 rows=99 width=125)
	  Recheck Cond: ((k >= 2738243) AND (k <= 2738343))
	  ->  Bitmap Index Scan on k_7  (cost=0.00..5.42 rows=99 width=0)
	        Index Cond: ((k >= 2738243) AND (k <= 2738343))

table 8 : explain SELECT k, c FROM sbtest8 WHERE k BETWEEN 2738243 AND 2738343
	Bitmap Heap Scan on sbtest8  (cost=5.53..428.75 rows=107 width=125)
	  Recheck Cond: ((k >= 2738243) AND (k <= 2738343))
	  ->  Bitmap Index Scan on k_8  (cost=0.00..5.50 rows=107 width=0)
	        Index Cond: ((k >= 2738243) AND (k <= 2738343))

explain: for range-notcovered :: explain SELECT k, c FROM sbtest%d WHERE k BETWEEN 4673975 AND 4674075
explain: for range-notcovered :: explain SELECT k, c FROM sbtest%d WHERE k BETWEEN 2738243 AND 2738343
for range-notcovered
table 1 : explain SELECT k, c FROM sbtest1 WHERE k BETWEEN 4030166 AND 4030266
	Bitmap Heap Scan on sbtest1  (cost=5.49..413.00 rows=103 width=125)
	  Recheck Cond: ((k >= 4030166) AND (k <= 4030266))
	  ->  Bitmap Index Scan on k_1  (cost=0.00..5.46 rows=103 width=0)
	        Index Cond: ((k >= 4030166) AND (k <= 4030266))

table 2 : explain SELECT k, c FROM sbtest2 WHERE k BETWEEN 4030166 AND 4030266
	Bitmap Heap Scan on sbtest2  (cost=5.51..420.88 rows=105 width=125)
	  Recheck Cond: ((k >= 4030166) AND (k <= 4030266))
	  ->  Bitmap Index Scan on k_2  (cost=0.00..5.48 rows=105 width=0)
	        Index Cond: ((k >= 4030166) AND (k <= 4030266))

table 3 : explain SELECT k, c FROM sbtest3 WHERE k BETWEEN 4030166 AND 4030266
	Bitmap Heap Scan on sbtest3  (cost=5.54..432.69 rows=108 width=125)
	  Recheck Cond: ((k >= 4030166) AND (k <= 4030266))
	  ->  Bitmap Index Scan on k_3  (cost=0.00..5.51 rows=108 width=0)
	        Index Cond: ((k >= 4030166) AND (k <= 4030266))

table 4 : explain SELECT k, c FROM sbtest4 WHERE k BETWEEN 4030166 AND 4030266
	Bitmap Heap Scan on sbtest4  (cost=5.43..389.37 rows=97 width=125)
	  Recheck Cond: ((k >= 4030166) AND (k <= 4030266))
	  ->  Bitmap Index Scan on k_4  (cost=0.00..5.40 rows=97 width=0)
	        Index Cond: ((k >= 4030166) AND (k <= 4030266))

table 5 : explain SELECT k, c FROM sbtest5 WHERE k BETWEEN 4030166 AND 4030266
	Bitmap Heap Scan on sbtest5  (cost=5.53..428.75 rows=107 width=125)
	  Recheck Cond: ((k >= 4030166) AND (k <= 4030266))
	  ->  Bitmap Index Scan on k_5  (cost=0.00..5.50 rows=107 width=0)
	        Index Cond: ((k >= 4030166) AND (k <= 4030266))

table 6 : explain SELECT k, c FROM sbtest6 WHERE k BETWEEN 4030166 AND 4030266
	Bitmap Heap Scan on sbtest6  (cost=5.48..409.07 rows=102 width=125)
	  Recheck Cond: ((k >= 4030166) AND (k <= 4030266))
	  ->  Bitmap Index Scan on k_6  (cost=0.00..5.45 rows=102 width=0)
	        Index Cond: ((k >= 4030166) AND (k <= 4030266))

table 7 : explain SELECT k, c FROM sbtest7 WHERE k BETWEEN 4030166 AND 4030266
	Bitmap Heap Scan on sbtest7  (cost=5.70..491.67 rows=123 width=125)
	  Recheck Cond: ((k >= 4030166) AND (k <= 4030266))
	  ->  Bitmap Index Scan on k_7  (cost=0.00..5.67 rows=123 width=0)
	        Index Cond: ((k >= 4030166) AND (k <= 4030266))

table 8 : explain SELECT k, c FROM sbtest8 WHERE k BETWEEN 4030166 AND 4030266
	Bitmap Heap Scan on sbtest8  (cost=5.51..420.88 rows=105 width=125)
	  Recheck Cond: ((k >= 4030166) AND (k <= 4030266))
	  ->  Bitmap Index Scan on k_8  (cost=0.00..5.48 rows=105 width=0)
	        Index Cond: ((k >= 4030166) AND (k <= 4030266))

for range-notcovered
table 1 : explain SELECT k, c FROM sbtest1 WHERE k BETWEEN 6911138 AND 6911238
	Bitmap Heap Scan on sbtest1  (cost=5.40..377.55 rows=94 width=125)
	  Recheck Cond: ((k >= 6911138) AND (k <= 6911238))
	  ->  Bitmap Index Scan on k_1  (cost=0.00..5.38 rows=94 width=0)
	        Index Cond: ((k >= 6911138) AND (k <= 6911238))

table 2 : explain SELECT k, c FROM sbtest2 WHERE k BETWEEN 6911138 AND 6911238
	Bitmap Heap Scan on sbtest2  (cost=5.57..444.49 rows=111 width=125)
	  Recheck Cond: ((k >= 6911138) AND (k <= 6911238))
	  ->  Bitmap Index Scan on k_2  (cost=0.00..5.54 rows=111 width=0)
	        Index Cond: ((k >= 6911138) AND (k <= 6911238))

table 3 : explain SELECT k, c FROM sbtest3 WHERE k BETWEEN 6911138 AND 6911238
	Bitmap Heap Scan on sbtest3  (cost=5.45..397.25 rows=99 width=125)
	  Recheck Cond: ((k >= 6911138) AND (k <= 6911238))
	  ->  Bitmap Index Scan on k_3  (cost=0.00..5.42 rows=99 width=0)
	        Index Cond: ((k >= 6911138) AND (k <= 6911238))

table 4 : explain SELECT k, c FROM sbtest4 WHERE k BETWEEN 6911138 AND 6911238
	Bitmap Heap Scan on sbtest4  (cost=5.52..424.81 rows=106 width=125)
	  Recheck Cond: ((k >= 6911138) AND (k <= 6911238))
	  ->  Bitmap Index Scan on k_4  (cost=0.00..5.50 rows=106 width=0)
	        Index Cond: ((k >= 6911138) AND (k <= 6911238))

table 5 : explain SELECT k, c FROM sbtest5 WHERE k BETWEEN 6911138 AND 6911238
	Bitmap Heap Scan on sbtest5  (cost=5.62..464.15 rows=116 width=125)
	  Recheck Cond: ((k >= 6911138) AND (k <= 6911238))
	  ->  Bitmap Index Scan on k_5  (cost=0.00..5.59 rows=116 width=0)
	        Index Cond: ((k >= 6911138) AND (k <= 6911238))

table 6 : explain SELECT k, c FROM sbtest6 WHERE k BETWEEN 6911138 AND 6911238
	Bitmap Heap Scan on sbtest6  (cost=5.46..401.19 rows=100 width=125)
	  Recheck Cond: ((k >= 6911138) AND (k <= 6911238))
	  ->  Bitmap Index Scan on k_6  (cost=0.00..5.43 rows=100 width=0)
	        Index Cond: ((k >= 6911138) AND (k <= 6911238))

table 7 : explain SELECT k, c FROM sbtest7 WHERE k BETWEEN 6911138 AND 6911238
	Bitmap Heap Scan on sbtest7  (cost=5.50..416.94 rows=104 width=125)
	  Recheck Cond: ((k >= 6911138) AND (k <= 6911238))
	  ->  Bitmap Index Scan on k_7  (cost=0.00..5.47 rows=104 width=0)
	        Index Cond: ((k >= 6911138) AND (k <= 6911238))

table 8 : explain SELECT k, c FROM sbtest8 WHERE k BETWEEN 6911138 AND 6911238
	Bitmap Heap Scan on sbtest8  (cost=5.46..401.19 rows=100 width=125)
	  Recheck Cond: ((k >= 6911138) AND (k <= 6911238))
	  ->  Bitmap Index Scan on k_8  (cost=0.00..5.43 rows=100 width=0)
	        Index Cond: ((k >= 6911138) AND (k <= 6911238))

explain: for range-notcovered :: explain SELECT k, c FROM sbtest%d WHERE k BETWEEN 4030166 AND 4030266
explain: for range-notcovered :: explain SELECT k, c FROM sbtest%d WHERE k BETWEEN 6911138 AND 6911238
for range-notcovered
table 1 : explain SELECT k, c FROM sbtest1 WHERE k BETWEEN 6442136 AND 6442236
	Bitmap Heap Scan on sbtest1  (cost=5.47..405.13 rows=101 width=125)
	  Recheck Cond: ((k >= 6442136) AND (k <= 6442236))
	  ->  Bitmap Index Scan on k_1  (cost=0.00..5.44 rows=101 width=0)
	        Index Cond: ((k >= 6442136) AND (k <= 6442236))

table 2 : explain SELECT k, c FROM sbtest2 WHERE k BETWEEN 6442136 AND 6442236
	Bitmap Heap Scan on sbtest2  (cost=5.47..405.13 rows=101 width=125)
	  Recheck Cond: ((k >= 6442136) AND (k <= 6442236))
	  ->  Bitmap Index Scan on k_2  (cost=0.00..5.44 rows=101 width=0)
	        Index Cond: ((k >= 6442136) AND (k <= 6442236))

table 3 : explain SELECT k, c FROM sbtest3 WHERE k BETWEEN 6442136 AND 6442236
	Bitmap Heap Scan on sbtest3  (cost=5.50..416.94 rows=104 width=125)
	  Recheck Cond: ((k >= 6442136) AND (k <= 6442236))
	  ->  Bitmap Index Scan on k_3  (cost=0.00..5.47 rows=104 width=0)
	        Index Cond: ((k >= 6442136) AND (k <= 6442236))

table 4 : explain SELECT k, c FROM sbtest4 WHERE k BETWEEN 6442136 AND 6442236
	Bitmap Heap Scan on sbtest4  (cost=5.43..389.37 rows=97 width=125)
	  Recheck Cond: ((k >= 6442136) AND (k <= 6442236))
	  ->  Bitmap Index Scan on k_4  (cost=0.00..5.40 rows=97 width=0)
	        Index Cond: ((k >= 6442136) AND (k <= 6442236))

table 5 : explain SELECT k, c FROM sbtest5 WHERE k BETWEEN 6442136 AND 6442236
	Bitmap Heap Scan on sbtest5  (cost=5.39..373.61 rows=93 width=125)
	  Recheck Cond: ((k >= 6442136) AND (k <= 6442236))
	  ->  Bitmap Index Scan on k_5  (cost=0.00..5.36 rows=93 width=0)
	        Index Cond: ((k >= 6442136) AND (k <= 6442236))

table 6 : explain SELECT k, c FROM sbtest6 WHERE k BETWEEN 6442136 AND 6442236
	Bitmap Heap Scan on sbtest6  (cost=5.54..432.69 rows=108 width=125)
	  Recheck Cond: ((k >= 6442136) AND (k <= 6442236))
	  ->  Bitmap Index Scan on k_6  (cost=0.00..5.51 rows=108 width=0)
	        Index Cond: ((k >= 6442136) AND (k <= 6442236))

table 7 : explain SELECT k, c FROM sbtest7 WHERE k BETWEEN 6442136 AND 6442236
	Bitmap Heap Scan on sbtest7  (cost=5.44..393.31 rows=98 width=125)
	  Recheck Cond: ((k >= 6442136) AND (k <= 6442236))
	  ->  Bitmap Index Scan on k_7  (cost=0.00..5.42 rows=98 width=0)
	        Index Cond: ((k >= 6442136) AND (k <= 6442236))

table 8 : explain SELECT k, c FROM sbtest8 WHERE k BETWEEN 6442136 AND 6442236
	Bitmap Heap Scan on sbtest8  (cost=5.47..405.13 rows=101 width=125)
	  Recheck Cond: ((k >= 6442136) AND (k <= 6442236))
	  ->  Bitmap Index Scan on k_8  (cost=0.00..5.44 rows=101 width=0)
	        Index Cond: ((k >= 6442136) AND (k <= 6442236))

for range-notcovered
table 1 : explain SELECT k, c FROM sbtest1 WHERE k BETWEEN 3871501 AND 3871601
	Bitmap Heap Scan on sbtest1  (cost=5.50..416.94 rows=104 width=125)
	  Recheck Cond: ((k >= 3871501) AND (k <= 3871601))
	  ->  Bitmap Index Scan on k_1  (cost=0.00..5.47 rows=104 width=0)
	        Index Cond: ((k >= 3871501) AND (k <= 3871601))

table 2 : explain SELECT k, c FROM sbtest2 WHERE k BETWEEN 3871501 AND 3871601
	Bitmap Heap Scan on sbtest2  (cost=5.52..424.81 rows=106 width=125)
	  Recheck Cond: ((k >= 3871501) AND (k <= 3871601))
	  ->  Bitmap Index Scan on k_2  (cost=0.00..5.50 rows=106 width=0)
	        Index Cond: ((k >= 3871501) AND (k <= 3871601))

table 3 : explain SELECT k, c FROM sbtest3 WHERE k BETWEEN 3871501 AND 3871601
	Bitmap Heap Scan on sbtest3  (cost=5.58..448.42 rows=112 width=125)
	  Recheck Cond: ((k >= 3871501) AND (k <= 3871601))
	  ->  Bitmap Index Scan on k_3  (cost=0.00..5.55 rows=112 width=0)
	        Index Cond: ((k >= 3871501) AND (k <= 3871601))

table 4 : explain SELECT k, c FROM sbtest4 WHERE k BETWEEN 3871501 AND 3871601
	Bitmap Heap Scan on sbtest4  (cost=5.48..409.07 rows=102 width=125)
	  Recheck Cond: ((k >= 3871501) AND (k <= 3871601))
	  ->  Bitmap Index Scan on k_4  (cost=0.00..5.45 rows=102 width=0)
	        Index Cond: ((k >= 3871501) AND (k <= 3871601))

table 5 : explain SELECT k, c FROM sbtest5 WHERE k BETWEEN 3871501 AND 3871601
	Bitmap Heap Scan on sbtest5  (cost=5.41..381.49 rows=95 width=125)
	  Recheck Cond: ((k >= 3871501) AND (k <= 3871601))
	  ->  Bitmap Index Scan on k_5  (cost=0.00..5.38 rows=95 width=0)
	        Index Cond: ((k >= 3871501) AND (k <= 3871601))

table 6 : explain SELECT k, c FROM sbtest6 WHERE k BETWEEN 3871501 AND 3871601
	Bitmap Heap Scan on sbtest6  (cost=5.51..420.88 rows=105 width=125)
	  Recheck Cond: ((k >= 3871501) AND (k <= 3871601))
	  ->  Bitmap Index Scan on k_6  (cost=0.00..5.48 rows=105 width=0)
	        Index Cond: ((k >= 3871501) AND (k <= 3871601))

table 7 : explain SELECT k, c FROM sbtest7 WHERE k BETWEEN 3871501 AND 3871601
	Bitmap Heap Scan on sbtest7  (cost=5.55..436.62 rows=109 width=125)
	  Recheck Cond: ((k >= 3871501) AND (k <= 3871601))
	  ->  Bitmap Index Scan on k_7  (cost=0.00..5.52 rows=109 width=0)
	        Index Cond: ((k >= 3871501) AND (k <= 3871601))

table 8 : explain SELECT k, c FROM sbtest8 WHERE k BETWEEN 3871501 AND 3871601
	Bitmap Heap Scan on sbtest8  (cost=5.48..409.07 rows=102 width=125)
	  Recheck Cond: ((k >= 3871501) AND (k <= 3871601))
	  ->  Bitmap Index Scan on k_8  (cost=0.00..5.45 rows=102 width=0)
	        Index Cond: ((k >= 3871501) AND (k <= 3871601))

explain: for range-notcovered :: explain SELECT k, c FROM sbtest%d WHERE k BETWEEN 6442136 AND 6442236
for range-notcovered
table 1 : explain SELECT k, c FROM sbtest1 WHERE k BETWEEN 5898355 AND 5898455
	Bitmap Heap Scan on sbtest1  (cost=5.47..405.13 rows=101 width=125)
	  Recheck Cond: ((k >= 5898355) AND (k <= 5898455))
	  ->  Bitmap Index Scan on k_1  (cost=0.00..5.44 rows=101 width=0)
	        Index Cond: ((k >= 5898355) AND (k <= 5898455))

table 2 : explain SELECT k, c FROM sbtest2 WHERE k BETWEEN 5898355 AND 5898455
	Bitmap Heap Scan on sbtest2  (cost=5.44..393.31 rows=98 width=125)
	  Recheck Cond: ((k >= 5898355) AND (k <= 5898455))
	  ->  Bitmap Index Scan on k_2  (cost=0.00..5.42 rows=98 width=0)
	        Index Cond: ((k >= 5898355) AND (k <= 5898455))

table 3 : explain SELECT k, c FROM sbtest3 WHERE k BETWEEN 5898355 AND 5898455
	Bitmap Heap Scan on sbtest3  (cost=5.47..405.13 rows=101 width=125)
	  Recheck Cond: ((k >= 5898355) AND (k <= 5898455))
	  ->  Bitmap Index Scan on k_3  (cost=0.00..5.44 rows=101 width=0)
	        Index Cond: ((k >= 5898355) AND (k <= 5898455))

table 4 : explain SELECT k, c FROM sbtest4 WHERE k BETWEEN 5898355 AND 5898455
	Bitmap Heap Scan on sbtest4  (cost=5.48..409.07 rows=102 width=125)
	  Recheck Cond: ((k >= 5898355) AND (k <= 5898455))
	  ->  Bitmap Index Scan on k_4  (cost=0.00..5.45 rows=102 width=0)
	        Index Cond: ((k >= 5898355) AND (k <= 5898455))

table 5 : explain SELECT k, c FROM sbtest5 WHERE k BETWEEN 5898355 AND 5898455
	Bitmap Heap Scan on sbtest5  (cost=5.49..413.00 rows=103 width=125)
	  Recheck Cond: ((k >= 5898355) AND (k <= 5898455))
	  ->  Bitmap Index Scan on k_5  (cost=0.00..5.46 rows=103 width=0)
	        Index Cond: ((k >= 5898355) AND (k <= 5898455))

table 6 : explain SELECT k, c FROM sbtest6 WHERE k BETWEEN 5898355 AND 5898455
	Bitmap Heap Scan on sbtest6  (cost=5.42..385.43 rows=96 width=125)
	  Recheck Cond: ((k >= 5898355) AND (k <= 5898455))
	  ->  Bitmap Index Scan on k_6  (cost=0.00..5.39 rows=96 width=0)
	        Index Cond: ((k >= 5898355) AND (k <= 5898455))

table 7 : explain SELECT k, c FROM sbtest7 WHERE k BETWEEN 5898355 AND 5898455
	Bitmap Heap Scan on sbtest7  (cost=5.52..424.81 rows=106 width=125)
	  Recheck Cond: ((k >= 5898355) AND (k <= 5898455))
	  ->  Bitmap Index Scan on k_7  (cost=0.00..5.50 rows=106 width=0)
	        Index Cond: ((k >= 5898355) AND (k <= 5898455))

table 8 : explain SELECT k, c FROM sbtest8 WHERE k BETWEEN 5898355 AND 5898455
	Bitmap Heap Scan on sbtest8  (cost=5.54..432.69 rows=108 width=125)
	  Recheck Cond: ((k >= 5898355) AND (k <= 5898455))
	  ->  Bitmap Index Scan on k_8  (cost=0.00..5.51 rows=108 width=0)
	        Index Cond: ((k >= 5898355) AND (k <= 5898455))
for range-notcovered
table 1 : explain SELECT k, c FROM sbtest1 WHERE k BETWEEN 6439300 AND 6439400
	Bitmap Heap Scan on sbtest1  (cost=5.47..405.13 rows=101 width=125)
	  Recheck Cond: ((k >= 6439300) AND (k <= 6439400))
	  ->  Bitmap Index Scan on k_1  (cost=0.00..5.44 rows=101 width=0)
	        Index Cond: ((k >= 6439300) AND (k <= 6439400))

table 2 : explain SELECT k, c FROM sbtest2 WHERE k BETWEEN 6439300 AND 6439400
	Bitmap Heap Scan on sbtest2  (cost=5.47..405.13 rows=101 width=125)
	  Recheck Cond: ((k >= 6439300) AND (k <= 6439400))
	  ->  Bitmap Index Scan on k_2  (cost=0.00..5.44 rows=101 width=0)
	        Index Cond: ((k >= 6439300) AND (k <= 6439400))

table 3 : explain SELECT k, c FROM sbtest3 WHERE k BETWEEN 6439300 AND 6439400
	Bitmap Heap Scan on sbtest3  (cost=5.50..416.94 rows=104 width=125)
	  Recheck Cond: ((k >= 6439300) AND (k <= 6439400))
	  ->  Bitmap Index Scan on k_3  (cost=0.00..5.47 rows=104 width=0)
	        Index Cond: ((k >= 6439300) AND (k <= 6439400))

table 4 : explain SELECT k, c FROM sbtest4 WHERE k BETWEEN 6439300 AND 6439400
	Bitmap Heap Scan on sbtest4  (cost=5.43..389.37 rows=97 width=125)
	  Recheck Cond: ((k >= 6439300) AND (k <= 6439400))
	  ->  Bitmap Index Scan on k_4  (cost=0.00..5.40 rows=97 width=0)
	        Index Cond: ((k >= 6439300) AND (k <= 6439400))

table 5 : explain SELECT k, c FROM sbtest5 WHERE k BETWEEN 6439300 AND 6439400
	Bitmap Heap Scan on sbtest5  (cost=5.39..373.61 rows=93 width=125)
	  Recheck Cond: ((k >= 6439300) AND (k <= 6439400))
	  ->  Bitmap Index Scan on k_5  (cost=0.00..5.36 rows=93 width=0)
	        Index Cond: ((k >= 6439300) AND (k <= 6439400))

table 6 : explain SELECT k, c FROM sbtest6 WHERE k BETWEEN 6439300 AND 6439400
	Bitmap Heap Scan on sbtest6  (cost=5.54..432.69 rows=108 width=125)
	  Recheck Cond: ((k >= 6439300) AND (k <= 6439400))
	  ->  Bitmap Index Scan on k_6  (cost=0.00..5.51 rows=108 width=0)
	        Index Cond: ((k >= 6439300) AND (k <= 6439400))

table 7 : explain SELECT k, c FROM sbtest7 WHERE k BETWEEN 6439300 AND 6439400
	Bitmap Heap Scan on sbtest7  (cost=5.44..393.31 rows=98 width=125)
	  Recheck Cond: ((k >= 6439300) AND (k <= 6439400))
	  ->  Bitmap Index Scan on k_7  (cost=0.00..5.42 rows=98 width=0)
	        Index Cond: ((k >= 6439300) AND (k <= 6439400))

table 8 : explain SELECT k, c FROM sbtest8 WHERE k BETWEEN 6439300 AND 6439400
	Bitmap Heap Scan on sbtest8  (cost=5.47..405.13 rows=101 width=125)
	  Recheck Cond: ((k >= 6439300) AND (k <= 6439400))
	  ->  Bitmap Index Scan on k_8  (cost=0.00..5.44 rows=101 width=0)
	        Index Cond: ((k >= 6439300) AND (k <= 6439400))


for range-notcovered
table 1 : explain SELECT k, c FROM sbtest1 WHERE k BETWEEN 4673975 AND 4674075
	Bitmap Heap Scan on sbtest1  (cost=5.52..424.81 rows=106 width=125)
	  Recheck Cond: ((k >= 4673975) AND (k <= 4674075))
	  ->  Bitmap Index Scan on k_1  (cost=0.00..5.50 rows=106 width=0)
	        Index Cond: ((k >= 4673975) AND (k <= 4674075))

table 2 : explain SELECT k, c FROM sbtest2 WHERE k BETWEEN 4673975 AND 4674075
	Bitmap Heap Scan on sbtest2  (cost=5.40..377.55 rows=94 width=125)
	  Recheck Cond: ((k >= 4673975) AND (k <= 4674075))
	  ->  Bitmap Index Scan on k_2  (cost=0.00..5.38 rows=94 width=0)
	        Index Cond: ((k >= 4673975) AND (k <= 4674075))

table 3 : explain SELECT k, c FROM sbtest3 WHERE k BETWEEN 4673975 AND 4674075
	Bitmap Heap Scan on sbtest3  (cost=5.52..424.81 rows=106 width=125)
	  Recheck Cond: ((k >= 4673975) AND (k <= 4674075))
	  ->  Bitmap Index Scan on k_3  (cost=0.00..5.50 rows=106 width=0)
	        Index Cond: ((k >= 4673975) AND (k <= 4674075))

table 4 : explain SELECT k, c FROM sbtest4 WHERE k BETWEEN 4673975 AND 4674075
	Bitmap Heap Scan on sbtest4  (cost=5.55..436.62 rows=109 width=125)
	  Recheck Cond: ((k >= 4673975) AND (k <= 4674075))
	  ->  Bitmap Index Scan on k_4  (cost=0.00..5.52 rows=109 width=0)
	        Index Cond: ((k >= 4673975) AND (k <= 4674075))

table 5 : explain SELECT k, c FROM sbtest5 WHERE k BETWEEN 4673975 AND 4674075
	Bitmap Heap Scan on sbtest5  (cost=5.44..393.31 rows=98 width=125)
	  Recheck Cond: ((k >= 4673975) AND (k <= 4674075))
	  ->  Bitmap Index Scan on k_5  (cost=0.00..5.42 rows=98 width=0)
	        Index Cond: ((k >= 4673975) AND (k <= 4674075))

table 6 : explain SELECT k, c FROM sbtest6 WHERE k BETWEEN 4673975 AND 4674075
	Bitmap Heap Scan on sbtest6  (cost=5.55..436.62 rows=109 width=125)
	  Recheck Cond: ((k >= 4673975) AND (k <= 4674075))
	  ->  Bitmap Index Scan on k_6  (cost=0.00..5.52 rows=109 width=0)
	        Index Cond: ((k >= 4673975) AND (k <= 4674075))

table 7 : explain SELECT k, c FROM sbtest7 WHERE k BETWEEN 4673975 AND 4674075
	Bitmap Heap Scan on sbtest7  (cost=5.46..401.19 rows=100 width=125)
	  Recheck Cond: ((k >= 4673975) AND (k <= 4674075))
	  ->  Bitmap Index Scan on k_7  (cost=0.00..5.43 rows=100 width=0)
	        Index Cond: ((k >= 4673975) AND (k <= 4674075))

table 8 : explain SELECT k, c FROM sbtest8 WHERE k BETWEEN 4673975 AND 4674075
	Bitmap Heap Scan on sbtest8  (cost=5.63..468.09 rows=117 width=125)
	  Recheck Cond: ((k >= 4673975) AND (k <= 4674075))
	  ->  Bitmap Index Scan on k_8  (cost=0.00..5.60 rows=117 width=0)
	        Index Cond: ((k >= 4673975) AND (k <= 4674075))

explain: for range-notcovered :: explain SELECT k, c FROM sbtest%d WHERE k BETWEEN 6439300 AND 6439400
explain: for range-notcovered :: explain SELECT k, c FROM sbtest%d WHERE k BETWEEN 5898355 AND 5898455
for range-notcovered
table 1 : explain SELECT k, c FROM sbtest1 WHERE k BETWEEN 2738243 AND 2738343
	Bitmap Heap Scan on sbtest1  (cost=5.46..401.19 rows=100 width=125)
	  Recheck Cond: ((k >= 2738243) AND (k <= 2738343))
	  ->  Bitmap Index Scan on k_1  (cost=0.00..5.43 rows=100 width=0)
	        Index Cond: ((k >= 2738243) AND (k <= 2738343))

table 2 : explain SELECT k, c FROM sbtest2 WHERE k BETWEEN 2738243 AND 2738343
	Bitmap Heap Scan on sbtest2  (cost=5.58..448.42 rows=112 width=125)
	  Recheck Cond: ((k >= 2738243) AND (k <= 2738343))
	  ->  Bitmap Index Scan on k_2  (cost=0.00..5.55 rows=112 width=0)
	        Index Cond: ((k >= 2738243) AND (k <= 2738343))

table 3 : explain SELECT k, c FROM sbtest3 WHERE k BETWEEN 2738243 AND 2738343
	Bitmap Heap Scan on sbtest3  (cost=5.49..413.00 rows=103 width=125)
	  Recheck Cond: ((k >= 2738243) AND (k <= 2738343))
	  ->  Bitmap Index Scan on k_3  (cost=0.00..5.46 rows=103 width=0)
	        Index Cond: ((k >= 2738243) AND (k <= 2738343))

table 4 : explain SELECT k, c FROM sbtest4 WHERE k BETWEEN 2738243 AND 2738343
	Bitmap Heap Scan on sbtest4  (cost=5.57..444.49 rows=111 width=125)
	  Recheck Cond: ((k >= 2738243) AND (k <= 2738343))
	  ->  Bitmap Index Scan on k_4  (cost=0.00..5.54 rows=111 width=0)
	        Index Cond: ((k >= 2738243) AND (k <= 2738343))

table 5 : explain SELECT k, c FROM sbtest5 WHERE k BETWEEN 2738243 AND 2738343
	Bitmap Heap Scan on sbtest5  (cost=5.43..389.37 rows=97 width=125)
	  Recheck Cond: ((k >= 2738243) AND (k <= 2738343))
	  ->  Bitmap Index Scan on k_5  (cost=0.00..5.40 rows=97 width=0)
	        Index Cond: ((k >= 2738243) AND (k <= 2738343))

table 6 : explain SELECT k, c FROM sbtest6 WHERE k BETWEEN 2738243 AND 2738343
	Bitmap Heap Scan on sbtest6  (cost=5.49..413.00 rows=103 width=125)
	  Recheck Cond: ((k >= 2738243) AND (k <= 2738343))
	  ->  Bitmap Index Scan on k_6  (cost=0.00..5.46 rows=103 width=0)
	        Index Cond: ((k >= 2738243) AND (k <= 2738343))

table 7 : explain SELECT k, c FROM sbtest7 WHERE k BETWEEN 2738243 AND 2738343
	Bitmap Heap Scan on sbtest7  (cost=5.45..397.25 rows=99 width=125)
	  Recheck Cond: ((k >= 2738243) AND (k <= 2738343))
	  ->  Bitmap Index Scan on k_7  (cost=0.00..5.42 rows=99 width=0)
	        Index Cond: ((k >= 2738243) AND (k <= 2738343))

table 8 : explain SELECT k, c FROM sbtest8 WHERE k BETWEEN 2738243 AND 2738343
	Bitmap Heap Scan on sbtest8  (cost=5.53..428.75 rows=107 width=125)
	  Recheck Cond: ((k >= 2738243) AND (k <= 2738343))
	  ->  Bitmap Index Scan on k_8  (cost=0.00..5.50 rows=107 width=0)
	        Index Cond: ((k >= 2738243) AND (k <= 2738343))

explain: for range-notcovered :: explain SELECT k, c FROM sbtest%d WHERE k BETWEEN 4673975 AND 4674075
explain: for range-notcovered :: explain SELECT k, c FROM sbtest%d WHERE k BETWEEN 2738243 AND 2738343
explain: for range-notcovered :: explain SELECT k, c FROM sbtest%d WHERE k BETWEEN 6128241 AND 6128341
for range-notcovered
table 1 : explain SELECT k, c FROM sbtest1 WHERE k BETWEEN 6911138 AND 6911238
	Bitmap Heap Scan on sbtest1  (cost=5.40..377.55 rows=94 width=125)
	  Recheck Cond: ((k >= 6911138) AND (k <= 6911238))
	  ->  Bitmap Index Scan on k_1  (cost=0.00..5.38 rows=94 width=0)
	        Index Cond: ((k >= 6911138) AND (k <= 6911238))

table 2 : explain SELECT k, c FROM sbtest2 WHERE k BETWEEN 6911138 AND 6911238
	Bitmap Heap Scan on sbtest2  (cost=5.57..444.49 rows=111 width=125)
	  Recheck Cond: ((k >= 6911138) AND (k <= 6911238))
	  ->  Bitmap Index Scan on k_2  (cost=0.00..5.54 rows=111 width=0)
	        Index Cond: ((k >= 6911138) AND (k <= 6911238))

table 3 : explain SELECT k, c FROM sbtest3 WHERE k BETWEEN 6911138 AND 6911238
	Bitmap Heap Scan on sbtest3  (cost=5.45..397.25 rows=99 width=125)
	  Recheck Cond: ((k >= 6911138) AND (k <= 6911238))
	  ->  Bitmap Index Scan on k_3  (cost=0.00..5.42 rows=99 width=0)
	        Index Cond: ((k >= 6911138) AND (k <= 6911238))

table 4 : explain SELECT k, c FROM sbtest4 WHERE k BETWEEN 6911138 AND 6911238
	Bitmap Heap Scan on sbtest4  (cost=5.52..424.81 rows=106 width=125)
	  Recheck Cond: ((k >= 6911138) AND (k <= 6911238))
	  ->  Bitmap Index Scan on k_4  (cost=0.00..5.50 rows=106 width=0)
	        Index Cond: ((k >= 6911138) AND (k <= 6911238))

table 5 : explain SELECT k, c FROM sbtest5 WHERE k BETWEEN 6911138 AND 6911238
	Bitmap Heap Scan on sbtest5  (cost=5.62..464.15 rows=116 width=125)
	  Recheck Cond: ((k >= 6911138) AND (k <= 6911238))
	  ->  Bitmap Index Scan on k_5  (cost=0.00..5.59 rows=116 width=0)
	        Index Cond: ((k >= 6911138) AND (k <= 6911238))

table 6 : explain SELECT k, c FROM sbtest6 WHERE k BETWEEN 6911138 AND 6911238
	Bitmap Heap Scan on sbtest6  (cost=5.46..401.19 rows=100 width=125)
	  Recheck Cond: ((k >= 6911138) AND (k <= 6911238))
	  ->  Bitmap Index Scan on k_6  (cost=0.00..5.43 rows=100 width=0)
	        Index Cond: ((k >= 6911138) AND (k <= 6911238))

table 7 : explain SELECT k, c FROM sbtest7 WHERE k BETWEEN 6911138 AND 6911238
	Bitmap Heap Scan on sbtest7  (cost=5.50..416.94 rows=104 width=125)
	  Recheck Cond: ((k >= 6911138) AND (k <= 6911238))
	  ->  Bitmap Index Scan on k_7  (cost=0.00..5.47 rows=104 width=0)
	        Index Cond: ((k >= 6911138) AND (k <= 6911238))

table 8 : explain SELECT k, c FROM sbtest8 WHERE k BETWEEN 6911138 AND 6911238
	Bitmap Heap Scan on sbtest8  (cost=5.46..401.19 rows=100 width=125)
	  Recheck Cond: ((k >= 6911138) AND (k <= 6911238))
	  ->  Bitmap Index Scan on k_8  (cost=0.00..5.43 rows=100 width=0)
	        Index Cond: ((k >= 6911138) AND (k <= 6911238))

explain: for range-notcovered :: explain SELECT k, c FROM sbtest%d WHERE k BETWEEN 3293769 AND 3293869
explain: for range-notcovered :: explain SELECT k, c FROM sbtest%d WHERE k BETWEEN 6911138 AND 6911238
for range-notcovered
table 1 : explain SELECT k, c FROM sbtest1 WHERE k BETWEEN 6442136 AND 6442236
	Bitmap Heap Scan on sbtest1  (cost=5.47..405.13 rows=101 width=125)
	  Recheck Cond: ((k >= 6442136) AND (k <= 6442236))
	  ->  Bitmap Index Scan on k_1  (cost=0.00..5.44 rows=101 width=0)
	        Index Cond: ((k >= 6442136) AND (k <= 6442236))

table 2 : explain SELECT k, c FROM sbtest2 WHERE k BETWEEN 6442136 AND 6442236
	Bitmap Heap Scan on sbtest2  (cost=5.47..405.13 rows=101 width=125)
	  Recheck Cond: ((k >= 6442136) AND (k <= 6442236))
	  ->  Bitmap Index Scan on k_2  (cost=0.00..5.44 rows=101 width=0)
	        Index Cond: ((k >= 6442136) AND (k <= 6442236))

table 3 : explain SELECT k, c FROM sbtest3 WHERE k BETWEEN 6442136 AND 6442236
	Bitmap Heap Scan on sbtest3  (cost=5.50..416.94 rows=104 width=125)
	  Recheck Cond: ((k >= 6442136) AND (k <= 6442236))
	  ->  Bitmap Index Scan on k_3  (cost=0.00..5.47 rows=104 width=0)
	        Index Cond: ((k >= 6442136) AND (k <= 6442236))

table 4 : explain SELECT k, c FROM sbtest4 WHERE k BETWEEN 6442136 AND 6442236
	Bitmap Heap Scan on sbtest4  (cost=5.43..389.37 rows=97 width=125)
	  Recheck Cond: ((k >= 6442136) AND (k <= 6442236))
	  ->  Bitmap Index Scan on k_4  (cost=0.00..5.40 rows=97 width=0)
	        Index Cond: ((k >= 6442136) AND (k <= 6442236))

table 5 : explain SELECT k, c FROM sbtest5 WHERE k BETWEEN 6442136 AND 6442236
	Bitmap Heap Scan on sbtest5  (cost=5.39..373.61 rows=93 width=125)
	  Recheck Cond: ((k >= 6442136) AND (k <= 6442236))
	  ->  Bitmap Index Scan on k_5  (cost=0.00..5.36 rows=93 width=0)
	        Index Cond: ((k >= 6442136) AND (k <= 6442236))

table 6 : explain SELECT k, c FROM sbtest6 WHERE k BETWEEN 6442136 AND 6442236
	Bitmap Heap Scan on sbtest6  (cost=5.54..432.69 rows=108 width=125)
	  Recheck Cond: ((k >= 6442136) AND (k <= 6442236))
	  ->  Bitmap Index Scan on k_6  (cost=0.00..5.51 rows=108 width=0)
	        Index Cond: ((k >= 6442136) AND (k <= 6442236))

table 7 : explain SELECT k, c FROM sbtest7 WHERE k BETWEEN 6442136 AND 6442236
	Bitmap Heap Scan on sbtest7  (cost=5.44..393.31 rows=98 width=125)
	  Recheck Cond: ((k >= 6442136) AND (k <= 6442236))
	  ->  Bitmap Index Scan on k_7  (cost=0.00..5.42 rows=98 width=0)
	        Index Cond: ((k >= 6442136) AND (k <= 6442236))

table 8 : explain SELECT k, c FROM sbtest8 WHERE k BETWEEN 6442136 AND 6442236
	Bitmap Heap Scan on sbtest8  (cost=5.47..405.13 rows=101 width=125)
	  Recheck Cond: ((k >= 6442136) AND (k <= 6442236))
	  ->  Bitmap Index Scan on k_8  (cost=0.00..5.44 rows=101 width=0)
	        Index Cond: ((k >= 6442136) AND (k <= 6442236))

explain: for range-notcovered :: explain SELECT k, c FROM sbtest%d WHERE k BETWEEN 6442136 AND 6442236
explain: for range-notcovered :: explain SELECT k, c FROM sbtest%d WHERE k BETWEEN 6821134 AND 6821234
explain: for range-notcovered :: explain SELECT k, c FROM sbtest%d WHERE k BETWEEN 4993461 AND 4993561
for range-notcovered
table 1 : explain SELECT k, c FROM sbtest1 WHERE k BETWEEN 4673975 AND 4674075
	Bitmap Heap Scan on sbtest1  (cost=5.52..424.81 rows=106 width=125)
	  Recheck Cond: ((k >= 4673975) AND (k <= 4674075))
	  ->  Bitmap Index Scan on k_1  (cost=0.00..5.50 rows=106 width=0)
	        Index Cond: ((k >= 4673975) AND (k <= 4674075))

table 2 : explain SELECT k, c FROM sbtest2 WHERE k BETWEEN 4673975 AND 4674075
	Bitmap Heap Scan on sbtest2  (cost=5.40..377.55 rows=94 width=125)
	  Recheck Cond: ((k >= 4673975) AND (k <= 4674075))
	  ->  Bitmap Index Scan on k_2  (cost=0.00..5.38 rows=94 width=0)
	        Index Cond: ((k >= 4673975) AND (k <= 4674075))

table 3 : explain SELECT k, c FROM sbtest3 WHERE k BETWEEN 4673975 AND 4674075
	Bitmap Heap Scan on sbtest3  (cost=5.52..424.81 rows=106 width=125)
	  Recheck Cond: ((k >= 4673975) AND (k <= 4674075))
	  ->  Bitmap Index Scan on k_3  (cost=0.00..5.50 rows=106 width=0)
	        Index Cond: ((k >= 4673975) AND (k <= 4674075))

table 4 : explain SELECT k, c FROM sbtest4 WHERE k BETWEEN 4673975 AND 4674075
	Bitmap Heap Scan on sbtest4  (cost=5.55..436.62 rows=109 width=125)
	  Recheck Cond: ((k >= 4673975) AND (k <= 4674075))
	  ->  Bitmap Index Scan on k_4  (cost=0.00..5.52 rows=109 width=0)
	        Index Cond: ((k >= 4673975) AND (k <= 4674075))

table 5 : explain SELECT k, c FROM sbtest5 WHERE k BETWEEN 4673975 AND 4674075
	Bitmap Heap Scan on sbtest5  (cost=5.44..393.31 rows=98 width=125)
	  Recheck Cond: ((k >= 4673975) AND (k <= 4674075))
	  ->  Bitmap Index Scan on k_5  (cost=0.00..5.42 rows=98 width=0)
	        Index Cond: ((k >= 4673975) AND (k <= 4674075))

table 6 : explain SELECT k, c FROM sbtest6 WHERE k BETWEEN 4673975 AND 4674075
	Bitmap Heap Scan on sbtest6  (cost=5.55..436.62 rows=109 width=125)
	  Recheck Cond: ((k >= 4673975) AND (k <= 4674075))
	  ->  Bitmap Index Scan on k_6  (cost=0.00..5.52 rows=109 width=0)
	        Index Cond: ((k >= 4673975) AND (k <= 4674075))

table 7 : explain SELECT k, c FROM sbtest7 WHERE k BETWEEN 4673975 AND 4674075
	Bitmap Heap Scan on sbtest7  (cost=5.46..401.19 rows=100 width=125)
	  Recheck Cond: ((k >= 4673975) AND (k <= 4674075))
	  ->  Bitmap Index Scan on k_7  (cost=0.00..5.43 rows=100 width=0)
	        Index Cond: ((k >= 4673975) AND (k <= 4674075))

table 8 : explain SELECT k, c FROM sbtest8 WHERE k BETWEEN 4673975 AND 4674075
	Bitmap Heap Scan on sbtest8  (cost=5.63..468.09 rows=117 width=125)
	  Recheck Cond: ((k >= 4673975) AND (k <= 4674075))
	  ->  Bitmap Index Scan on k_8  (cost=0.00..5.60 rows=117 width=0)
	        Index Cond: ((k >= 4673975) AND (k <= 4674075))

for range-notcovered
table 1 : explain SELECT k, c FROM sbtest1 WHERE k BETWEEN 6439300 AND 6439400
	Bitmap Heap Scan on sbtest1  (cost=5.47..405.13 rows=101 width=125)
	  Recheck Cond: ((k >= 6439300) AND (k <= 6439400))
	  ->  Bitmap Index Scan on k_1  (cost=0.00..5.44 rows=101 width=0)
	        Index Cond: ((k >= 6439300) AND (k <= 6439400))

table 2 : explain SELECT k, c FROM sbtest2 WHERE k BETWEEN 6439300 AND 6439400
	Bitmap Heap Scan on sbtest2  (cost=5.47..405.13 rows=101 width=125)
	  Recheck Cond: ((k >= 6439300) AND (k <= 6439400))
	  ->  Bitmap Index Scan on k_2  (cost=0.00..5.44 rows=101 width=0)
	        Index Cond: ((k >= 6439300) AND (k <= 6439400))

table 3 : explain SELECT k, c FROM sbtest3 WHERE k BETWEEN 6439300 AND 6439400
	Bitmap Heap Scan on sbtest3  (cost=5.50..416.94 rows=104 width=125)
	  Recheck Cond: ((k >= 6439300) AND (k <= 6439400))
	  ->  Bitmap Index Scan on k_3  (cost=0.00..5.47 rows=104 width=0)
	        Index Cond: ((k >= 6439300) AND (k <= 6439400))

table 4 : explain SELECT k, c FROM sbtest4 WHERE k BETWEEN 6439300 AND 6439400
	Bitmap Heap Scan on sbtest4  (cost=5.43..389.37 rows=97 width=125)
	  Recheck Cond: ((k >= 6439300) AND (k <= 6439400))
	  ->  Bitmap Index Scan on k_4  (cost=0.00..5.40 rows=97 width=0)
	        Index Cond: ((k >= 6439300) AND (k <= 6439400))

table 5 : explain SELECT k, c FROM sbtest5 WHERE k BETWEEN 6439300 AND 6439400
	Bitmap Heap Scan on sbtest5  (cost=5.39..373.61 rows=93 width=125)
	  Recheck Cond: ((k >= 6439300) AND (k <= 6439400))
	  ->  Bitmap Index Scan on k_5  (cost=0.00..5.36 rows=93 width=0)
	        Index Cond: ((k >= 6439300) AND (k <= 6439400))

table 6 : explain SELECT k, c FROM sbtest6 WHERE k BETWEEN 6439300 AND 6439400
	Bitmap Heap Scan on sbtest6  (cost=5.54..432.69 rows=108 width=125)
	  Recheck Cond: ((k >= 6439300) AND (k <= 6439400))
	  ->  Bitmap Index Scan on k_6  (cost=0.00..5.51 rows=108 width=0)
	        Index Cond: ((k >= 6439300) AND (k <= 6439400))

table 7 : explain SELECT k, c FROM sbtest7 WHERE k BETWEEN 6439300 AND 6439400
	Bitmap Heap Scan on sbtest7  (cost=5.44..393.31 rows=98 width=125)
	  Recheck Cond: ((k >= 6439300) AND (k <= 6439400))
	  ->  Bitmap Index Scan on k_7  (cost=0.00..5.42 rows=98 width=0)
	        Index Cond: ((k >= 6439300) AND (k <= 6439400))

table 8 : explain SELECT k, c FROM sbtest8 WHERE k BETWEEN 6439300 AND 6439400
	Bitmap Heap Scan on sbtest8  (cost=5.47..405.13 rows=101 width=125)
	  Recheck Cond: ((k >= 6439300) AND (k <= 6439400))
	  ->  Bitmap Index Scan on k_8  (cost=0.00..5.44 rows=101 width=0)
	        Index Cond: ((k >= 6439300) AND (k <= 6439400))

explain: for range-notcovered :: explain SELECT k, c FROM sbtest%d WHERE k BETWEEN 4673975 AND 4674075
for range-notcovered
table 1 : explain SELECT k, c FROM sbtest1 WHERE k BETWEEN 5898355 AND 5898455
	Bitmap Heap Scan on sbtest1  (cost=5.47..405.13 rows=101 width=125)
	  Recheck Cond: ((k >= 5898355) AND (k <= 5898455))
	  ->  Bitmap Index Scan on k_1  (cost=0.00..5.44 rows=101 width=0)
	        Index Cond: ((k >= 5898355) AND (k <= 5898455))

table 2 : explain SELECT k, c FROM sbtest2 WHERE k BETWEEN 5898355 AND 5898455
	Bitmap Heap Scan on sbtest2  (cost=5.44..393.31 rows=98 width=125)
	  Recheck Cond: ((k >= 5898355) AND (k <= 5898455))
	  ->  Bitmap Index Scan on k_2  (cost=0.00..5.42 rows=98 width=0)
	        Index Cond: ((k >= 5898355) AND (k <= 5898455))

table 3 : explain SELECT k, c FROM sbtest3 WHERE k BETWEEN 5898355 AND 5898455
	Bitmap Heap Scan on sbtest3  (cost=5.47..405.13 rows=101 width=125)
	  Recheck Cond: ((k >= 5898355) AND (k <= 5898455))
	  ->  Bitmap Index Scan on k_3  (cost=0.00..5.44 rows=101 width=0)
	        Index Cond: ((k >= 5898355) AND (k <= 5898455))

table 4 : explain SELECT k, c FROM sbtest4 WHERE k BETWEEN 5898355 AND 5898455
	Bitmap Heap Scan on sbtest4  (cost=5.48..409.07 rows=102 width=125)
	  Recheck Cond: ((k >= 5898355) AND (k <= 5898455))
	  ->  Bitmap Index Scan on k_4  (cost=0.00..5.45 rows=102 width=0)
	        Index Cond: ((k >= 5898355) AND (k <= 5898455))

table 5 : explain SELECT k, c FROM sbtest5 WHERE k BETWEEN 5898355 AND 5898455
	Bitmap Heap Scan on sbtest5  (cost=5.49..413.00 rows=103 width=125)
	  Recheck Cond: ((k >= 5898355) AND (k <= 5898455))
	  ->  Bitmap Index Scan on k_5  (cost=0.00..5.46 rows=103 width=0)
	        Index Cond: ((k >= 5898355) AND (k <= 5898455))

table 6 : explain SELECT k, c FROM sbtest6 WHERE k BETWEEN 5898355 AND 5898455
	Bitmap Heap Scan on sbtest6  (cost=5.42..385.43 rows=96 width=125)
	  Recheck Cond: ((k >= 5898355) AND (k <= 5898455))
	  ->  Bitmap Index Scan on k_6  (cost=0.00..5.39 rows=96 width=0)
	        Index Cond: ((k >= 5898355) AND (k <= 5898455))

table 7 : explain SELECT k, c FROM sbtest7 WHERE k BETWEEN 5898355 AND 5898455
	Bitmap Heap Scan on sbtest7  (cost=5.52..424.81 rows=106 width=125)
	  Recheck Cond: ((k >= 5898355) AND (k <= 5898455))
	  ->  Bitmap Index Scan on k_7  (cost=0.00..5.50 rows=106 width=0)
	        Index Cond: ((k >= 5898355) AND (k <= 5898455))

table 8 : explain SELECT k, c FROM sbtest8 WHERE k BETWEEN 5898355 AND 5898455
	Bitmap Heap Scan on sbtest8  (cost=5.54..432.69 rows=108 width=125)
	  Recheck Cond: ((k >= 5898355) AND (k <= 5898455))
	  ->  Bitmap Index Scan on k_8  (cost=0.00..5.51 rows=108 width=0)
	        Index Cond: ((k >= 5898355) AND (k <= 5898455))

explain: for range-notcovered :: explain SELECT k, c FROM sbtest%d WHERE k BETWEEN 6439300 AND 6439400
for range-notcovered
table 1 : explain SELECT k, c FROM sbtest1 WHERE k BETWEEN 2738243 AND 2738343
	Bitmap Heap Scan on sbtest1  (cost=5.46..401.19 rows=100 width=125)
	  Recheck Cond: ((k >= 2738243) AND (k <= 2738343))
	  ->  Bitmap Index Scan on k_1  (cost=0.00..5.43 rows=100 width=0)
	        Index Cond: ((k >= 2738243) AND (k <= 2738343))

table 2 : explain SELECT k, c FROM sbtest2 WHERE k BETWEEN 2738243 AND 2738343
	Bitmap Heap Scan on sbtest2  (cost=5.58..448.42 rows=112 width=125)
	  Recheck Cond: ((k >= 2738243) AND (k <= 2738343))
	  ->  Bitmap Index Scan on k_2  (cost=0.00..5.55 rows=112 width=0)
	        Index Cond: ((k >= 2738243) AND (k <= 2738343))

table 3 : explain SELECT k, c FROM sbtest3 WHERE k BETWEEN 2738243 AND 2738343
	Bitmap Heap Scan on sbtest3  (cost=5.49..413.00 rows=103 width=125)
	  Recheck Cond: ((k >= 2738243) AND (k <= 2738343))
	  ->  Bitmap Index Scan on k_3  (cost=0.00..5.46 rows=103 width=0)
	        Index Cond: ((k >= 2738243) AND (k <= 2738343))

table 4 : explain SELECT k, c FROM sbtest4 WHERE k BETWEEN 2738243 AND 2738343
	Bitmap Heap Scan on sbtest4  (cost=5.57..444.49 rows=111 width=125)
	  Recheck Cond: ((k >= 2738243) AND (k <= 2738343))
	  ->  Bitmap Index Scan on k_4  (cost=0.00..5.54 rows=111 width=0)
	        Index Cond: ((k >= 2738243) AND (k <= 2738343))

table 5 : explain SELECT k, c FROM sbtest5 WHERE k BETWEEN 2738243 AND 2738343
	Bitmap Heap Scan on sbtest5  (cost=5.43..389.37 rows=97 width=125)
	  Recheck Cond: ((k >= 2738243) AND (k <= 2738343))
	  ->  Bitmap Index Scan on k_5  (cost=0.00..5.40 rows=97 width=0)
	        Index Cond: ((k >= 2738243) AND (k <= 2738343))

table 6 : explain SELECT k, c FROM sbtest6 WHERE k BETWEEN 2738243 AND 2738343
	Bitmap Heap Scan on sbtest6  (cost=5.49..413.00 rows=103 width=125)
	  Recheck Cond: ((k >= 2738243) AND (k <= 2738343))
	  ->  Bitmap Index Scan on k_6  (cost=0.00..5.46 rows=103 width=0)
	        Index Cond: ((k >= 2738243) AND (k <= 2738343))

table 7 : explain SELECT k, c FROM sbtest7 WHERE k BETWEEN 2738243 AND 2738343
	Bitmap Heap Scan on sbtest7  (cost=5.45..397.25 rows=99 width=125)
	  Recheck Cond: ((k >= 2738243) AND (k <= 2738343))
	  ->  Bitmap Index Scan on k_7  (cost=0.00..5.42 rows=99 width=0)
	        Index Cond: ((k >= 2738243) AND (k <= 2738343))

table 8 : explain SELECT k, c FROM sbtest8 WHERE k BETWEEN 2738243 AND 2738343
	Bitmap Heap Scan on sbtest8  (cost=5.53..428.75 rows=107 width=125)
	  Recheck Cond: ((k >= 2738243) AND (k <= 2738343))
	  ->  Bitmap Index Scan on k_8  (cost=0.00..5.50 rows=107 width=0)
	        Index Cond: ((k >= 2738243) AND (k <= 2738343))

for range-notcovered
table 1 : explain SELECT k, c FROM sbtest1 WHERE k BETWEEN 6911138 AND 6911238
	Bitmap Heap Scan on sbtest1  (cost=5.40..377.55 rows=94 width=125)
	  Recheck Cond: ((k >= 6911138) AND (k <= 6911238))
	  ->  Bitmap Index Scan on k_1  (cost=0.00..5.38 rows=94 width=0)
	        Index Cond: ((k >= 6911138) AND (k <= 6911238))

table 2 : explain SELECT k, c FROM sbtest2 WHERE k BETWEEN 6911138 AND 6911238
	Bitmap Heap Scan on sbtest2  (cost=5.57..444.49 rows=111 width=125)
	  Recheck Cond: ((k >= 6911138) AND (k <= 6911238))
	  ->  Bitmap Index Scan on k_2  (cost=0.00..5.54 rows=111 width=0)
	        Index Cond: ((k >= 6911138) AND (k <= 6911238))

table 3 : explain SELECT k, c FROM sbtest3 WHERE k BETWEEN 6911138 AND 6911238
	Bitmap Heap Scan on sbtest3  (cost=5.45..397.25 rows=99 width=125)
	  Recheck Cond: ((k >= 6911138) AND (k <= 6911238))
	  ->  Bitmap Index Scan on k_3  (cost=0.00..5.42 rows=99 width=0)
	        Index Cond: ((k >= 6911138) AND (k <= 6911238))

table 4 : explain SELECT k, c FROM sbtest4 WHERE k BETWEEN 6911138 AND 6911238
	Bitmap Heap Scan on sbtest4  (cost=5.52..424.81 rows=106 width=125)
	  Recheck Cond: ((k >= 6911138) AND (k <= 6911238))
	  ->  Bitmap Index Scan on k_4  (cost=0.00..5.50 rows=106 width=0)
	        Index Cond: ((k >= 6911138) AND (k <= 6911238))

table 5 : explain SELECT k, c FROM sbtest5 WHERE k BETWEEN 6911138 AND 6911238
	Bitmap Heap Scan on sbtest5  (cost=5.62..464.15 rows=116 width=125)
	  Recheck Cond: ((k >= 6911138) AND (k <= 6911238))
	  ->  Bitmap Index Scan on k_5  (cost=0.00..5.59 rows=116 width=0)
	        Index Cond: ((k >= 6911138) AND (k <= 6911238))

table 6 : explain SELECT k, c FROM sbtest6 WHERE k BETWEEN 6911138 AND 6911238
	Bitmap Heap Scan on sbtest6  (cost=5.46..401.19 rows=100 width=125)
	  Recheck Cond: ((k >= 6911138) AND (k <= 6911238))
	  ->  Bitmap Index Scan on k_6  (cost=0.00..5.43 rows=100 width=0)
	        Index Cond: ((k >= 6911138) AND (k <= 6911238))

table 7 : explain SELECT k, c FROM sbtest7 WHERE k BETWEEN 6911138 AND 6911238
	Bitmap Heap Scan on sbtest7  (cost=5.50..416.94 rows=104 width=125)
	  Recheck Cond: ((k >= 6911138) AND (k <= 6911238))
	  ->  Bitmap Index Scan on k_7  (cost=0.00..5.47 rows=104 width=0)
	        Index Cond: ((k >= 6911138) AND (k <= 6911238))

table 8 : explain SELECT k, c FROM sbtest8 WHERE k BETWEEN 6911138 AND 6911238
	Bitmap Heap Scan on sbtest8  (cost=5.46..401.19 rows=100 width=125)
	  Recheck Cond: ((k >= 6911138) AND (k <= 6911238))
	  ->  Bitmap Index Scan on k_8  (cost=0.00..5.43 rows=100 width=0)
	        Index Cond: ((k >= 6911138) AND (k <= 6911238))

explain: for range-notcovered :: explain SELECT k, c FROM sbtest%d WHERE k BETWEEN 5898355 AND 5898455
explain: for range-notcovered :: explain SELECT k, c FROM sbtest%d WHERE k BETWEEN 2738243 AND 2738343
for range-notcovered
table 1 : explain SELECT k, c FROM sbtest1 WHERE k BETWEEN 6442136 AND 6442236
	Bitmap Heap Scan on sbtest1  (cost=5.47..405.13 rows=101 width=125)
	  Recheck Cond: ((k >= 6442136) AND (k <= 6442236))
	  ->  Bitmap Index Scan on k_1  (cost=0.00..5.44 rows=101 width=0)
	        Index Cond: ((k >= 6442136) AND (k <= 6442236))

table 2 : explain SELECT k, c FROM sbtest2 WHERE k BETWEEN 6442136 AND 6442236
	Bitmap Heap Scan on sbtest2  (cost=5.47..405.13 rows=101 width=125)
	  Recheck Cond: ((k >= 6442136) AND (k <= 6442236))
	  ->  Bitmap Index Scan on k_2  (cost=0.00..5.44 rows=101 width=0)
	        Index Cond: ((k >= 6442136) AND (k <= 6442236))

table 3 : explain SELECT k, c FROM sbtest3 WHERE k BETWEEN 6442136 AND 6442236
	Bitmap Heap Scan on sbtest3  (cost=5.50..416.94 rows=104 width=125)
	  Recheck Cond: ((k >= 6442136) AND (k <= 6442236))
	  ->  Bitmap Index Scan on k_3  (cost=0.00..5.47 rows=104 width=0)
	        Index Cond: ((k >= 6442136) AND (k <= 6442236))

table 4 : explain SELECT k, c FROM sbtest4 WHERE k BETWEEN 6442136 AND 6442236
	Bitmap Heap Scan on sbtest4  (cost=5.43..389.37 rows=97 width=125)
	  Recheck Cond: ((k >= 6442136) AND (k <= 6442236))
	  ->  Bitmap Index Scan on k_4  (cost=0.00..5.40 rows=97 width=0)
	        Index Cond: ((k >= 6442136) AND (k <= 6442236))

table 5 : explain SELECT k, c FROM sbtest5 WHERE k BETWEEN 6442136 AND 6442236
	Bitmap Heap Scan on sbtest5  (cost=5.39..373.61 rows=93 width=125)
	  Recheck Cond: ((k >= 6442136) AND (k <= 6442236))
	  ->  Bitmap Index Scan on k_5  (cost=0.00..5.36 rows=93 width=0)
	        Index Cond: ((k >= 6442136) AND (k <= 6442236))

table 6 : explain SELECT k, c FROM sbtest6 WHERE k BETWEEN 6442136 AND 6442236
	Bitmap Heap Scan on sbtest6  (cost=5.54..432.69 rows=108 width=125)
	  Recheck Cond: ((k >= 6442136) AND (k <= 6442236))
	  ->  Bitmap Index Scan on k_6  (cost=0.00..5.51 rows=108 width=0)
	        Index Cond: ((k >= 6442136) AND (k <= 6442236))

table 7 : explain SELECT k, c FROM sbtest7 WHERE k BETWEEN 6442136 AND 6442236
	Bitmap Heap Scan on sbtest7  (cost=5.44..393.31 rows=98 width=125)
	  Recheck Cond: ((k >= 6442136) AND (k <= 6442236))
	  ->  Bitmap Index Scan on k_7  (cost=0.00..5.42 rows=98 width=0)
	        Index Cond: ((k >= 6442136) AND (k <= 6442236))

table 8 : explain SELECT k, c FROM sbtest8 WHERE k BETWEEN 6442136 AND 6442236
	Bitmap Heap Scan on sbtest8  (cost=5.47..405.13 rows=101 width=125)
	  Recheck Cond: ((k >= 6442136) AND (k <= 6442236))
	  ->  Bitmap Index Scan on k_8  (cost=0.00..5.44 rows=101 width=0)
	        Index Cond: ((k >= 6442136) AND (k <= 6442236))

explain: for range-notcovered :: explain SELECT k, c FROM sbtest%d WHERE k BETWEEN 6442136 AND 6442236
for range-notcovered
table 1 : explain SELECT k, c FROM sbtest1 WHERE k BETWEEN 4673975 AND 4674075
	Bitmap Heap Scan on sbtest1  (cost=5.52..424.81 rows=106 width=125)
	  Recheck Cond: ((k >= 4673975) AND (k <= 4674075))
	  ->  Bitmap Index Scan on k_1  (cost=0.00..5.50 rows=106 width=0)
	        Index Cond: ((k >= 4673975) AND (k <= 4674075))

table 2 : explain SELECT k, c FROM sbtest2 WHERE k BETWEEN 4673975 AND 4674075
	Bitmap Heap Scan on sbtest2  (cost=5.40..377.55 rows=94 width=125)
	  Recheck Cond: ((k >= 4673975) AND (k <= 4674075))
	  ->  Bitmap Index Scan on k_2  (cost=0.00..5.38 rows=94 width=0)
	        Index Cond: ((k >= 4673975) AND (k <= 4674075))

table 3 : explain SELECT k, c FROM sbtest3 WHERE k BETWEEN 4673975 AND 4674075
	Bitmap Heap Scan on sbtest3  (cost=5.52..424.81 rows=106 width=125)
	  Recheck Cond: ((k >= 4673975) AND (k <= 4674075))
	  ->  Bitmap Index Scan on k_3  (cost=0.00..5.50 rows=106 width=0)
	        Index Cond: ((k >= 4673975) AND (k <= 4674075))

table 4 : explain SELECT k, c FROM sbtest4 WHERE k BETWEEN 4673975 AND 4674075
	Bitmap Heap Scan on sbtest4  (cost=5.55..436.62 rows=109 width=125)
	  Recheck Cond: ((k >= 4673975) AND (k <= 4674075))
	  ->  Bitmap Index Scan on k_4  (cost=0.00..5.52 rows=109 width=0)
	        Index Cond: ((k >= 4673975) AND (k <= 4674075))

table 5 : explain SELECT k, c FROM sbtest5 WHERE k BETWEEN 4673975 AND 4674075
	Bitmap Heap Scan on sbtest5  (cost=5.44..393.31 rows=98 width=125)
	  Recheck Cond: ((k >= 4673975) AND (k <= 4674075))
	  ->  Bitmap Index Scan on k_5  (cost=0.00..5.42 rows=98 width=0)
	        Index Cond: ((k >= 4673975) AND (k <= 4674075))

table 6 : explain SELECT k, c FROM sbtest6 WHERE k BETWEEN 4673975 AND 4674075
	Bitmap Heap Scan on sbtest6  (cost=5.55..436.62 rows=109 width=125)
	  Recheck Cond: ((k >= 4673975) AND (k <= 4674075))
	  ->  Bitmap Index Scan on k_6  (cost=0.00..5.52 rows=109 width=0)
	        Index Cond: ((k >= 4673975) AND (k <= 4674075))

table 7 : explain SELECT k, c FROM sbtest7 WHERE k BETWEEN 4673975 AND 4674075
	Bitmap Heap Scan on sbtest7  (cost=5.46..401.19 rows=100 width=125)
	  Recheck Cond: ((k >= 4673975) AND (k <= 4674075))
	  ->  Bitmap Index Scan on k_7  (cost=0.00..5.43 rows=100 width=0)
	        Index Cond: ((k >= 4673975) AND (k <= 4674075))

table 8 : explain SELECT k, c FROM sbtest8 WHERE k BETWEEN 4673975 AND 4674075
	Bitmap Heap Scan on sbtest8  (cost=5.63..468.09 rows=117 width=125)
	  Recheck Cond: ((k >= 4673975) AND (k <= 4674075))
	  ->  Bitmap Index Scan on k_8  (cost=0.00..5.60 rows=117 width=0)
	        Index Cond: ((k >= 4673975) AND (k <= 4674075))

explain: for range-notcovered :: explain SELECT k, c FROM sbtest%d WHERE k BETWEEN 6470408 AND 6470508
for range-notcovered
table 1 : explain SELECT k, c FROM sbtest1 WHERE k BETWEEN 4030166 AND 4030266
	Bitmap Heap Scan on sbtest1  (cost=5.49..413.00 rows=103 width=125)
	  Recheck Cond: ((k >= 4030166) AND (k <= 4030266))
	  ->  Bitmap Index Scan on k_1  (cost=0.00..5.46 rows=103 width=0)
	        Index Cond: ((k >= 4030166) AND (k <= 4030266))

table 2 : explain SELECT k, c FROM sbtest2 WHERE k BETWEEN 4030166 AND 4030266
	Bitmap Heap Scan on sbtest2  (cost=5.51..420.88 rows=105 width=125)
	  Recheck Cond: ((k >= 4030166) AND (k <= 4030266))
	  ->  Bitmap Index Scan on k_2  (cost=0.00..5.48 rows=105 width=0)
	        Index Cond: ((k >= 4030166) AND (k <= 4030266))

table 3 : explain SELECT k, c FROM sbtest3 WHERE k BETWEEN 4030166 AND 4030266
	Bitmap Heap Scan on sbtest3  (cost=5.54..432.69 rows=108 width=125)
	  Recheck Cond: ((k >= 4030166) AND (k <= 4030266))
	  ->  Bitmap Index Scan on k_3  (cost=0.00..5.51 rows=108 width=0)
	        Index Cond: ((k >= 4030166) AND (k <= 4030266))

table 4 : explain SELECT k, c FROM sbtest4 WHERE k BETWEEN 4030166 AND 4030266
	Bitmap Heap Scan on sbtest4  (cost=5.43..389.37 rows=97 width=125)
	  Recheck Cond: ((k >= 4030166) AND (k <= 4030266))
	  ->  Bitmap Index Scan on k_4  (cost=0.00..5.40 rows=97 width=0)
	        Index Cond: ((k >= 4030166) AND (k <= 4030266))

table 5 : explain SELECT k, c FROM sbtest5 WHERE k BETWEEN 4030166 AND 4030266
	Bitmap Heap Scan on sbtest5  (cost=5.53..428.75 rows=107 width=125)
	  Recheck Cond: ((k >= 4030166) AND (k <= 4030266))
	  ->  Bitmap Index Scan on k_5  (cost=0.00..5.50 rows=107 width=0)
	        Index Cond: ((k >= 4030166) AND (k <= 4030266))

table 6 : explain SELECT k, c FROM sbtest6 WHERE k BETWEEN 4030166 AND 4030266
	Bitmap Heap Scan on sbtest6  (cost=5.48..409.07 rows=102 width=125)
	  Recheck Cond: ((k >= 4030166) AND (k <= 4030266))
	  ->  Bitmap Index Scan on k_6  (cost=0.00..5.45 rows=102 width=0)
	        Index Cond: ((k >= 4030166) AND (k <= 4030266))

table 7 : explain SELECT k, c FROM sbtest7 WHERE k BETWEEN 4030166 AND 4030266
	Bitmap Heap Scan on sbtest7  (cost=5.70..491.67 rows=123 width=125)
	  Recheck Cond: ((k >= 4030166) AND (k <= 4030266))
	  ->  Bitmap Index Scan on k_7  (cost=0.00..5.67 rows=123 width=0)
	        Index Cond: ((k >= 4030166) AND (k <= 4030266))

table 8 : explain SELECT k, c FROM sbtest8 WHERE k BETWEEN 4030166 AND 4030266
	Bitmap Heap Scan on sbtest8  (cost=5.51..420.88 rows=105 width=125)
	  Recheck Cond: ((k >= 4030166) AND (k <= 4030266))
	  ->  Bitmap Index Scan on k_8  (cost=0.00..5.48 rows=105 width=0)
	        Index Cond: ((k >= 4030166) AND (k <= 4030266))

explain: for range-notcovered :: explain SELECT k, c FROM sbtest%d WHERE k BETWEEN 4030166 AND 4030266
explain: for range-notcovered :: explain SELECT k, c FROM sbtest%d WHERE k BETWEEN 7034059 AND 7034159
for range-notcovered
table 1 : explain SELECT k, c FROM sbtest1 WHERE k BETWEEN 6442136 AND 6442236
	Bitmap Heap Scan on sbtest1  (cost=5.47..405.13 rows=101 width=125)
	  Recheck Cond: ((k >= 6442136) AND (k <= 6442236))
	  ->  Bitmap Index Scan on k_1  (cost=0.00..5.44 rows=101 width=0)
	        Index Cond: ((k >= 6442136) AND (k <= 6442236))

table 2 : explain SELECT k, c FROM sbtest2 WHERE k BETWEEN 6442136 AND 6442236
	Bitmap Heap Scan on sbtest2  (cost=5.47..405.13 rows=101 width=125)
	  Recheck Cond: ((k >= 6442136) AND (k <= 6442236))
	  ->  Bitmap Index Scan on k_2  (cost=0.00..5.44 rows=101 width=0)
	        Index Cond: ((k >= 6442136) AND (k <= 6442236))

table 3 : explain SELECT k, c FROM sbtest3 WHERE k BETWEEN 6442136 AND 6442236
	Bitmap Heap Scan on sbtest3  (cost=5.50..416.94 rows=104 width=125)
	  Recheck Cond: ((k >= 6442136) AND (k <= 6442236))
	  ->  Bitmap Index Scan on k_3  (cost=0.00..5.47 rows=104 width=0)
	        Index Cond: ((k >= 6442136) AND (k <= 6442236))

table 4 : explain SELECT k, c FROM sbtest4 WHERE k BETWEEN 6442136 AND 6442236
	Bitmap Heap Scan on sbtest4  (cost=5.43..389.37 rows=97 width=125)
	  Recheck Cond: ((k >= 6442136) AND (k <= 6442236))
	  ->  Bitmap Index Scan on k_4  (cost=0.00..5.40 rows=97 width=0)
	        Index Cond: ((k >= 6442136) AND (k <= 6442236))

table 5 : explain SELECT k, c FROM sbtest5 WHERE k BETWEEN 6442136 AND 6442236
	Bitmap Heap Scan on sbtest5  (cost=5.39..373.61 rows=93 width=125)
	  Recheck Cond: ((k >= 6442136) AND (k <= 6442236))
	  ->  Bitmap Index Scan on k_5  (cost=0.00..5.36 rows=93 width=0)
	        Index Cond: ((k >= 6442136) AND (k <= 6442236))

table 6 : explain SELECT k, c FROM sbtest6 WHERE k BETWEEN 6442136 AND 6442236
	Bitmap Heap Scan on sbtest6  (cost=5.54..432.69 rows=108 width=125)
	  Recheck Cond: ((k >= 6442136) AND (k <= 6442236))
	  ->  Bitmap Index Scan on k_6  (cost=0.00..5.51 rows=108 width=0)
	        Index Cond: ((k >= 6442136) AND (k <= 6442236))

table 7 : explain SELECT k, c FROM sbtest7 WHERE k BETWEEN 6442136 AND 6442236
	Bitmap Heap Scan on sbtest7  (cost=5.44..393.31 rows=98 width=125)
	  Recheck Cond: ((k >= 6442136) AND (k <= 6442236))
	  ->  Bitmap Index Scan on k_7  (cost=0.00..5.42 rows=98 width=0)
	        Index Cond: ((k >= 6442136) AND (k <= 6442236))

table 8 : explain SELECT k, c FROM sbtest8 WHERE k BETWEEN 6442136 AND 6442236
	Bitmap Heap Scan on sbtest8  (cost=5.47..405.13 rows=101 width=125)
	  Recheck Cond: ((k >= 6442136) AND (k <= 6442236))
	  ->  Bitmap Index Scan on k_8  (cost=0.00..5.44 rows=101 width=0)
	        Index Cond: ((k >= 6442136) AND (k <= 6442236))

for range-notcovered
table 1 : explain SELECT k, c FROM sbtest1 WHERE k BETWEEN 5898355 AND 5898455
	Bitmap Heap Scan on sbtest1  (cost=5.47..405.13 rows=101 width=125)
	  Recheck Cond: ((k >= 5898355) AND (k <= 5898455))
	  ->  Bitmap Index Scan on k_1  (cost=0.00..5.44 rows=101 width=0)
	        Index Cond: ((k >= 5898355) AND (k <= 5898455))

table 2 : explain SELECT k, c FROM sbtest2 WHERE k BETWEEN 5898355 AND 5898455
	Bitmap Heap Scan on sbtest2  (cost=5.44..393.31 rows=98 width=125)
	  Recheck Cond: ((k >= 5898355) AND (k <= 5898455))
	  ->  Bitmap Index Scan on k_2  (cost=0.00..5.42 rows=98 width=0)
	        Index Cond: ((k >= 5898355) AND (k <= 5898455))

table 3 : explain SELECT k, c FROM sbtest3 WHERE k BETWEEN 5898355 AND 5898455
	Bitmap Heap Scan on sbtest3  (cost=5.47..405.13 rows=101 width=125)
	  Recheck Cond: ((k >= 5898355) AND (k <= 5898455))
	  ->  Bitmap Index Scan on k_3  (cost=0.00..5.44 rows=101 width=0)
	        Index Cond: ((k >= 5898355) AND (k <= 5898455))

table 4 : explain SELECT k, c FROM sbtest4 WHERE k BETWEEN 5898355 AND 5898455
	Bitmap Heap Scan on sbtest4  (cost=5.48..409.07 rows=102 width=125)
	  Recheck Cond: ((k >= 5898355) AND (k <= 5898455))
	  ->  Bitmap Index Scan on k_4  (cost=0.00..5.45 rows=102 width=0)
	        Index Cond: ((k >= 5898355) AND (k <= 5898455))

table 5 : explain SELECT k, c FROM sbtest5 WHERE k BETWEEN 5898355 AND 5898455
	Bitmap Heap Scan on sbtest5  (cost=5.49..413.00 rows=103 width=125)
	  Recheck Cond: ((k >= 5898355) AND (k <= 5898455))
	  ->  Bitmap Index Scan on k_5  (cost=0.00..5.46 rows=103 width=0)
	        Index Cond: ((k >= 5898355) AND (k <= 5898455))

table 6 : explain SELECT k, c FROM sbtest6 WHERE k BETWEEN 5898355 AND 5898455
	Bitmap Heap Scan on sbtest6  (cost=5.42..385.43 rows=96 width=125)
	  Recheck Cond: ((k >= 5898355) AND (k <= 5898455))
	  ->  Bitmap Index Scan on k_6  (cost=0.00..5.39 rows=96 width=0)
	        Index Cond: ((k >= 5898355) AND (k <= 5898455))

table 7 : explain SELECT k, c FROM sbtest7 WHERE k BETWEEN 5898355 AND 5898455
	Bitmap Heap Scan on sbtest7  (cost=5.52..424.81 rows=106 width=125)
	  Recheck Cond: ((k >= 5898355) AND (k <= 5898455))
	  ->  Bitmap Index Scan on k_7  (cost=0.00..5.50 rows=106 width=0)
	        Index Cond: ((k >= 5898355) AND (k <= 5898455))

table 8 : explain SELECT k, c FROM sbtest8 WHERE k BETWEEN 5898355 AND 5898455
	Bitmap Heap Scan on sbtest8  (cost=5.54..432.69 rows=108 width=125)
	  Recheck Cond: ((k >= 5898355) AND (k <= 5898455))
	  ->  Bitmap Index Scan on k_8  (cost=0.00..5.51 rows=108 width=0)
	        Index Cond: ((k >= 5898355) AND (k <= 5898455))

for range-notcovered
table 1 : explain SELECT k, c FROM sbtest1 WHERE k BETWEEN 6439300 AND 6439400
	Bitmap Heap Scan on sbtest1  (cost=5.47..405.13 rows=101 width=125)
	  Recheck Cond: ((k >= 6439300) AND (k <= 6439400))
	  ->  Bitmap Index Scan on k_1  (cost=0.00..5.44 rows=101 width=0)
	        Index Cond: ((k >= 6439300) AND (k <= 6439400))

table 2 : explain SELECT k, c FROM sbtest2 WHERE k BETWEEN 6439300 AND 6439400
	Bitmap Heap Scan on sbtest2  (cost=5.47..405.13 rows=101 width=125)
	  Recheck Cond: ((k >= 6439300) AND (k <= 6439400))
	  ->  Bitmap Index Scan on k_2  (cost=0.00..5.44 rows=101 width=0)
	        Index Cond: ((k >= 6439300) AND (k <= 6439400))

table 3 : explain SELECT k, c FROM sbtest3 WHERE k BETWEEN 6439300 AND 6439400
	Bitmap Heap Scan on sbtest3  (cost=5.50..416.94 rows=104 width=125)
	  Recheck Cond: ((k >= 6439300) AND (k <= 6439400))
	  ->  Bitmap Index Scan on k_3  (cost=0.00..5.47 rows=104 width=0)
	        Index Cond: ((k >= 6439300) AND (k <= 6439400))

table 4 : explain SELECT k, c FROM sbtest4 WHERE k BETWEEN 6439300 AND 6439400
	Bitmap Heap Scan on sbtest4  (cost=5.43..389.37 rows=97 width=125)
	  Recheck Cond: ((k >= 6439300) AND (k <= 6439400))
	  ->  Bitmap Index Scan on k_4  (cost=0.00..5.40 rows=97 width=0)
	        Index Cond: ((k >= 6439300) AND (k <= 6439400))

table 5 : explain SELECT k, c FROM sbtest5 WHERE k BETWEEN 6439300 AND 6439400
	Bitmap Heap Scan on sbtest5  (cost=5.39..373.61 rows=93 width=125)
	  Recheck Cond: ((k >= 6439300) AND (k <= 6439400))
	  ->  Bitmap Index Scan on k_5  (cost=0.00..5.36 rows=93 width=0)
	        Index Cond: ((k >= 6439300) AND (k <= 6439400))

table 6 : explain SELECT k, c FROM sbtest6 WHERE k BETWEEN 6439300 AND 6439400
	Bitmap Heap Scan on sbtest6  (cost=5.54..432.69 rows=108 width=125)
	  Recheck Cond: ((k >= 6439300) AND (k <= 6439400))
	  ->  Bitmap Index Scan on k_6  (cost=0.00..5.51 rows=108 width=0)
	        Index Cond: ((k >= 6439300) AND (k <= 6439400))

table 7 : explain SELECT k, c FROM sbtest7 WHERE k BETWEEN 6439300 AND 6439400
	Bitmap Heap Scan on sbtest7  (cost=5.44..393.31 rows=98 width=125)
	  Recheck Cond: ((k >= 6439300) AND (k <= 6439400))
	  ->  Bitmap Index Scan on k_7  (cost=0.00..5.42 rows=98 width=0)
	        Index Cond: ((k >= 6439300) AND (k <= 6439400))

table 8 : explain SELECT k, c FROM sbtest8 WHERE k BETWEEN 6439300 AND 6439400
	Bitmap Heap Scan on sbtest8  (cost=5.47..405.13 rows=101 width=125)
	  Recheck Cond: ((k >= 6439300) AND (k <= 6439400))
	  ->  Bitmap Index Scan on k_8  (cost=0.00..5.44 rows=101 width=0)
	        Index Cond: ((k >= 6439300) AND (k <= 6439400))

for range-notcovered
table 1 : explain SELECT k, c FROM sbtest1 WHERE k BETWEEN 2738243 AND 2738343
	Bitmap Heap Scan on sbtest1  (cost=5.46..401.19 rows=100 width=125)
	  Recheck Cond: ((k >= 2738243) AND (k <= 2738343))
	  ->  Bitmap Index Scan on k_1  (cost=0.00..5.43 rows=100 width=0)
	        Index Cond: ((k >= 2738243) AND (k <= 2738343))

table 2 : explain SELECT k, c FROM sbtest2 WHERE k BETWEEN 2738243 AND 2738343
	Bitmap Heap Scan on sbtest2  (cost=5.58..448.42 rows=112 width=125)
	  Recheck Cond: ((k >= 2738243) AND (k <= 2738343))
	  ->  Bitmap Index Scan on k_2  (cost=0.00..5.55 rows=112 width=0)
	        Index Cond: ((k >= 2738243) AND (k <= 2738343))

table 3 : explain SELECT k, c FROM sbtest3 WHERE k BETWEEN 2738243 AND 2738343
	Bitmap Heap Scan on sbtest3  (cost=5.49..413.00 rows=103 width=125)
	  Recheck Cond: ((k >= 2738243) AND (k <= 2738343))
	  ->  Bitmap Index Scan on k_3  (cost=0.00..5.46 rows=103 width=0)
	        Index Cond: ((k >= 2738243) AND (k <= 2738343))

table 4 : explain SELECT k, c FROM sbtest4 WHERE k BETWEEN 2738243 AND 2738343
	Bitmap Heap Scan on sbtest4  (cost=5.57..444.49 rows=111 width=125)
	  Recheck Cond: ((k >= 2738243) AND (k <= 2738343))
	  ->  Bitmap Index Scan on k_4  (cost=0.00..5.54 rows=111 width=0)
	        Index Cond: ((k >= 2738243) AND (k <= 2738343))

table 5 : explain SELECT k, c FROM sbtest5 WHERE k BETWEEN 2738243 AND 2738343
	Bitmap Heap Scan on sbtest5  (cost=5.43..389.37 rows=97 width=125)
	  Recheck Cond: ((k >= 2738243) AND (k <= 2738343))
	  ->  Bitmap Index Scan on k_5  (cost=0.00..5.40 rows=97 width=0)
	        Index Cond: ((k >= 2738243) AND (k <= 2738343))

table 6 : explain SELECT k, c FROM sbtest6 WHERE k BETWEEN 2738243 AND 2738343
	Bitmap Heap Scan on sbtest6  (cost=5.49..413.00 rows=103 width=125)
	  Recheck Cond: ((k >= 2738243) AND (k <= 2738343))
	  ->  Bitmap Index Scan on k_6  (cost=0.00..5.46 rows=103 width=0)
	        Index Cond: ((k >= 2738243) AND (k <= 2738343))

table 7 : explain SELECT k, c FROM sbtest7 WHERE k BETWEEN 2738243 AND 2738343
	Bitmap Heap Scan on sbtest7  (cost=5.45..397.25 rows=99 width=125)
	  Recheck Cond: ((k >= 2738243) AND (k <= 2738343))
	  ->  Bitmap Index Scan on k_7  (cost=0.00..5.42 rows=99 width=0)
	        Index Cond: ((k >= 2738243) AND (k <= 2738343))

table 8 : explain SELECT k, c FROM sbtest8 WHERE k BETWEEN 2738243 AND 2738343
	Bitmap Heap Scan on sbtest8  (cost=5.53..428.75 rows=107 width=125)
	  Recheck Cond: ((k >= 2738243) AND (k <= 2738343))
	  ->  Bitmap Index Scan on k_8  (cost=0.00..5.50 rows=107 width=0)
	        Index Cond: ((k >= 2738243) AND (k <= 2738343))

explain: for range-notcovered :: explain SELECT k, c FROM sbtest%d WHERE k BETWEEN 5898355 AND 5898455
explain: for range-notcovered :: explain SELECT k, c FROM sbtest%d WHERE k BETWEEN 2738243 AND 2738343
explain: for range-notcovered :: explain SELECT k, c FROM sbtest%d WHERE k BETWEEN 6439300 AND 6439400
for range-notcovered
table 1 : explain SELECT k, c FROM sbtest1 WHERE k BETWEEN 4030166 AND 4030266
	Bitmap Heap Scan on sbtest1  (cost=5.49..413.00 rows=103 width=125)
	  Recheck Cond: ((k >= 4030166) AND (k <= 4030266))
	  ->  Bitmap Index Scan on k_1  (cost=0.00..5.46 rows=103 width=0)
	        Index Cond: ((k >= 4030166) AND (k <= 4030266))

table 2 : explain SELECT k, c FROM sbtest2 WHERE k BETWEEN 4030166 AND 4030266
	Bitmap Heap Scan on sbtest2  (cost=5.51..420.88 rows=105 width=125)
	  Recheck Cond: ((k >= 4030166) AND (k <= 4030266))
	  ->  Bitmap Index Scan on k_2  (cost=0.00..5.48 rows=105 width=0)
	        Index Cond: ((k >= 4030166) AND (k <= 4030266))

table 3 : explain SELECT k, c FROM sbtest3 WHERE k BETWEEN 4030166 AND 4030266
	Bitmap Heap Scan on sbtest3  (cost=5.54..432.69 rows=108 width=125)
	  Recheck Cond: ((k >= 4030166) AND (k <= 4030266))
	  ->  Bitmap Index Scan on k_3  (cost=0.00..5.51 rows=108 width=0)
	        Index Cond: ((k >= 4030166) AND (k <= 4030266))

table 4 : explain SELECT k, c FROM sbtest4 WHERE k BETWEEN 4030166 AND 4030266
	Bitmap Heap Scan on sbtest4  (cost=5.43..389.37 rows=97 width=125)
	  Recheck Cond: ((k >= 4030166) AND (k <= 4030266))
	  ->  Bitmap Index Scan on k_4  (cost=0.00..5.40 rows=97 width=0)
	        Index Cond: ((k >= 4030166) AND (k <= 4030266))

table 5 : explain SELECT k, c FROM sbtest5 WHERE k BETWEEN 4030166 AND 4030266
	Bitmap Heap Scan on sbtest5  (cost=5.53..428.75 rows=107 width=125)
	  Recheck Cond: ((k >= 4030166) AND (k <= 4030266))
	  ->  Bitmap Index Scan on k_5  (cost=0.00..5.50 rows=107 width=0)
	        Index Cond: ((k >= 4030166) AND (k <= 4030266))

table 6 : explain SELECT k, c FROM sbtest6 WHERE k BETWEEN 4030166 AND 4030266
	Bitmap Heap Scan on sbtest6  (cost=5.48..409.07 rows=102 width=125)
	  Recheck Cond: ((k >= 4030166) AND (k <= 4030266))
	  ->  Bitmap Index Scan on k_6  (cost=0.00..5.45 rows=102 width=0)
	        Index Cond: ((k >= 4030166) AND (k <= 4030266))

table 7 : explain SELECT k, c FROM sbtest7 WHERE k BETWEEN 4030166 AND 4030266
	Bitmap Heap Scan on sbtest7  (cost=5.70..491.67 rows=123 width=125)
	  Recheck Cond: ((k >= 4030166) AND (k <= 4030266))
	  ->  Bitmap Index Scan on k_7  (cost=0.00..5.67 rows=123 width=0)
	        Index Cond: ((k >= 4030166) AND (k <= 4030266))

table 8 : explain SELECT k, c FROM sbtest8 WHERE k BETWEEN 4030166 AND 4030266
	Bitmap Heap Scan on sbtest8  (cost=5.51..420.88 rows=105 width=125)
	  Recheck Cond: ((k >= 4030166) AND (k <= 4030266))
	  ->  Bitmap Index Scan on k_8  (cost=0.00..5.48 rows=105 width=0)
	        Index Cond: ((k >= 4030166) AND (k <= 4030266))

explain: for range-notcovered :: explain SELECT k, c FROM sbtest%d WHERE k BETWEEN 4030166 AND 4030266
explain: for range-notcovered :: explain SELECT k, c FROM sbtest%d WHERE k BETWEEN 2871707 AND 2871807
for range-notcovered
table 1 : explain SELECT k, c FROM sbtest1 WHERE k BETWEEN 2738243 AND 2738343
	Bitmap Heap Scan on sbtest1  (cost=5.46..401.19 rows=100 width=125)
	  Recheck Cond: ((k >= 2738243) AND (k <= 2738343))
	  ->  Bitmap Index Scan on k_1  (cost=0.00..5.43 rows=100 width=0)
	        Index Cond: ((k >= 2738243) AND (k <= 2738343))

table 2 : explain SELECT k, c FROM sbtest2 WHERE k BETWEEN 2738243 AND 2738343
	Bitmap Heap Scan on sbtest2  (cost=5.58..448.42 rows=112 width=125)
	  Recheck Cond: ((k >= 2738243) AND (k <= 2738343))
	  ->  Bitmap Index Scan on k_2  (cost=0.00..5.55 rows=112 width=0)
	        Index Cond: ((k >= 2738243) AND (k <= 2738343))

table 3 : explain SELECT k, c FROM sbtest3 WHERE k BETWEEN 2738243 AND 2738343
	Bitmap Heap Scan on sbtest3  (cost=5.49..413.00 rows=103 width=125)
	  Recheck Cond: ((k >= 2738243) AND (k <= 2738343))
	  ->  Bitmap Index Scan on k_3  (cost=0.00..5.46 rows=103 width=0)
	        Index Cond: ((k >= 2738243) AND (k <= 2738343))

table 4 : explain SELECT k, c FROM sbtest4 WHERE k BETWEEN 2738243 AND 2738343
	Bitmap Heap Scan on sbtest4  (cost=5.57..444.49 rows=111 width=125)
	  Recheck Cond: ((k >= 2738243) AND (k <= 2738343))
	  ->  Bitmap Index Scan on k_4  (cost=0.00..5.54 rows=111 width=0)
	        Index Cond: ((k >= 2738243) AND (k <= 2738343))

table 5 : explain SELECT k, c FROM sbtest5 WHERE k BETWEEN 2738243 AND 2738343
	Bitmap Heap Scan on sbtest5  (cost=5.43..389.37 rows=97 width=125)
	  Recheck Cond: ((k >= 2738243) AND (k <= 2738343))
	  ->  Bitmap Index Scan on k_5  (cost=0.00..5.40 rows=97 width=0)
	        Index Cond: ((k >= 2738243) AND (k <= 2738343))

table 6 : explain SELECT k, c FROM sbtest6 WHERE k BETWEEN 2738243 AND 2738343
	Bitmap Heap Scan on sbtest6  (cost=5.49..413.00 rows=103 width=125)
	  Recheck Cond: ((k >= 2738243) AND (k <= 2738343))
	  ->  Bitmap Index Scan on k_6  (cost=0.00..5.46 rows=103 width=0)
	        Index Cond: ((k >= 2738243) AND (k <= 2738343))

table 7 : explain SELECT k, c FROM sbtest7 WHERE k BETWEEN 2738243 AND 2738343
	Bitmap Heap Scan on sbtest7  (cost=5.45..397.25 rows=99 width=125)
	  Recheck Cond: ((k >= 2738243) AND (k <= 2738343))
	  ->  Bitmap Index Scan on k_7  (cost=0.00..5.42 rows=99 width=0)
	        Index Cond: ((k >= 2738243) AND (k <= 2738343))

table 8 : explain SELECT k, c FROM sbtest8 WHERE k BETWEEN 2738243 AND 2738343
	Bitmap Heap Scan on sbtest8  (cost=5.53..428.75 rows=107 width=125)
	  Recheck Cond: ((k >= 2738243) AND (k <= 2738343))
	  ->  Bitmap Index Scan on k_8  (cost=0.00..5.50 rows=107 width=0)
	        Index Cond: ((k >= 2738243) AND (k <= 2738343))

for range-notcovered
table 1 : explain SELECT k, c FROM sbtest1 WHERE k BETWEEN 5898355 AND 5898455
	Bitmap Heap Scan on sbtest1  (cost=5.47..405.13 rows=101 width=125)
	  Recheck Cond: ((k >= 5898355) AND (k <= 5898455))
	  ->  Bitmap Index Scan on k_1  (cost=0.00..5.44 rows=101 width=0)
	        Index Cond: ((k >= 5898355) AND (k <= 5898455))

table 2 : explain SELECT k, c FROM sbtest2 WHERE k BETWEEN 5898355 AND 5898455
	Bitmap Heap Scan on sbtest2  (cost=5.44..393.31 rows=98 width=125)
	  Recheck Cond: ((k >= 5898355) AND (k <= 5898455))
	  ->  Bitmap Index Scan on k_2  (cost=0.00..5.42 rows=98 width=0)
	        Index Cond: ((k >= 5898355) AND (k <= 5898455))

table 3 : explain SELECT k, c FROM sbtest3 WHERE k BETWEEN 5898355 AND 5898455
	Bitmap Heap Scan on sbtest3  (cost=5.47..405.13 rows=101 width=125)
	  Recheck Cond: ((k >= 5898355) AND (k <= 5898455))
	  ->  Bitmap Index Scan on k_3  (cost=0.00..5.44 rows=101 width=0)
	        Index Cond: ((k >= 5898355) AND (k <= 5898455))

table 4 : explain SELECT k, c FROM sbtest4 WHERE k BETWEEN 5898355 AND 5898455
	Bitmap Heap Scan on sbtest4  (cost=5.48..409.07 rows=102 width=125)
	  Recheck Cond: ((k >= 5898355) AND (k <= 5898455))
	  ->  Bitmap Index Scan on k_4  (cost=0.00..5.45 rows=102 width=0)
	        Index Cond: ((k >= 5898355) AND (k <= 5898455))

table 5 : explain SELECT k, c FROM sbtest5 WHERE k BETWEEN 5898355 AND 5898455
	Bitmap Heap Scan on sbtest5  (cost=5.49..413.00 rows=103 width=125)
	  Recheck Cond: ((k >= 5898355) AND (k <= 5898455))
	  ->  Bitmap Index Scan on k_5  (cost=0.00..5.46 rows=103 width=0)
	        Index Cond: ((k >= 5898355) AND (k <= 5898455))

table 6 : explain SELECT k, c FROM sbtest6 WHERE k BETWEEN 5898355 AND 5898455
	Bitmap Heap Scan on sbtest6  (cost=5.42..385.43 rows=96 width=125)
	  Recheck Cond: ((k >= 5898355) AND (k <= 5898455))
	  ->  Bitmap Index Scan on k_6  (cost=0.00..5.39 rows=96 width=0)
	        Index Cond: ((k >= 5898355) AND (k <= 5898455))

table 7 : explain SELECT k, c FROM sbtest7 WHERE k BETWEEN 5898355 AND 5898455
	Bitmap Heap Scan on sbtest7  (cost=5.52..424.81 rows=106 width=125)
	  Recheck Cond: ((k >= 5898355) AND (k <= 5898455))
	  ->  Bitmap Index Scan on k_7  (cost=0.00..5.50 rows=106 width=0)
	        Index Cond: ((k >= 5898355) AND (k <= 5898455))

table 8 : explain SELECT k, c FROM sbtest8 WHERE k BETWEEN 5898355 AND 5898455
	Bitmap Heap Scan on sbtest8  (cost=5.54..432.69 rows=108 width=125)
	  Recheck Cond: ((k >= 5898355) AND (k <= 5898455))
	  ->  Bitmap Index Scan on k_8  (cost=0.00..5.51 rows=108 width=0)
	        Index Cond: ((k >= 5898355) AND (k <= 5898455))

for range-notcovered
table 1 : explain SELECT k, c FROM sbtest1 WHERE k BETWEEN 4030166 AND 4030266
	Bitmap Heap Scan on sbtest1  (cost=5.49..413.00 rows=103 width=125)
	  Recheck Cond: ((k >= 4030166) AND (k <= 4030266))
	  ->  Bitmap Index Scan on k_1  (cost=0.00..5.46 rows=103 width=0)
	        Index Cond: ((k >= 4030166) AND (k <= 4030266))

table 2 : explain SELECT k, c FROM sbtest2 WHERE k BETWEEN 4030166 AND 4030266
	Bitmap Heap Scan on sbtest2  (cost=5.51..420.88 rows=105 width=125)
	  Recheck Cond: ((k >= 4030166) AND (k <= 4030266))
	  ->  Bitmap Index Scan on k_2  (cost=0.00..5.48 rows=105 width=0)
	        Index Cond: ((k >= 4030166) AND (k <= 4030266))

table 3 : explain SELECT k, c FROM sbtest3 WHERE k BETWEEN 4030166 AND 4030266
	Bitmap Heap Scan on sbtest3  (cost=5.54..432.69 rows=108 width=125)
	  Recheck Cond: ((k >= 4030166) AND (k <= 4030266))
	  ->  Bitmap Index Scan on k_3  (cost=0.00..5.51 rows=108 width=0)
	        Index Cond: ((k >= 4030166) AND (k <= 4030266))

table 4 : explain SELECT k, c FROM sbtest4 WHERE k BETWEEN 4030166 AND 4030266
	Bitmap Heap Scan on sbtest4  (cost=5.43..389.37 rows=97 width=125)
	  Recheck Cond: ((k >= 4030166) AND (k <= 4030266))
	  ->  Bitmap Index Scan on k_4  (cost=0.00..5.40 rows=97 width=0)
	        Index Cond: ((k >= 4030166) AND (k <= 4030266))

table 5 : explain SELECT k, c FROM sbtest5 WHERE k BETWEEN 4030166 AND 4030266
	Bitmap Heap Scan on sbtest5  (cost=5.53..428.75 rows=107 width=125)
	  Recheck Cond: ((k >= 4030166) AND (k <= 4030266))
	  ->  Bitmap Index Scan on k_5  (cost=0.00..5.50 rows=107 width=0)
	        Index Cond: ((k >= 4030166) AND (k <= 4030266))

table 6 : explain SELECT k, c FROM sbtest6 WHERE k BETWEEN 4030166 AND 4030266
	Bitmap Heap Scan on sbtest6  (cost=5.48..409.07 rows=102 width=125)
	  Recheck Cond: ((k >= 4030166) AND (k <= 4030266))
	  ->  Bitmap Index Scan on k_6  (cost=0.00..5.45 rows=102 width=0)
	        Index Cond: ((k >= 4030166) AND (k <= 4030266))

table 7 : explain SELECT k, c FROM sbtest7 WHERE k BETWEEN 4030166 AND 4030266
	Bitmap Heap Scan on sbtest7  (cost=5.70..491.67 rows=123 width=125)
	  Recheck Cond: ((k >= 4030166) AND (k <= 4030266))
	  ->  Bitmap Index Scan on k_7  (cost=0.00..5.67 rows=123 width=0)
	        Index Cond: ((k >= 4030166) AND (k <= 4030266))

table 8 : explain SELECT k, c FROM sbtest8 WHERE k BETWEEN 4030166 AND 4030266
	Bitmap Heap Scan on sbtest8  (cost=5.51..420.88 rows=105 width=125)
	  Recheck Cond: ((k >= 4030166) AND (k <= 4030266))
	  ->  Bitmap Index Scan on k_8  (cost=0.00..5.48 rows=105 width=0)
	        Index Cond: ((k >= 4030166) AND (k <= 4030266))

for range-notcovered
table 1 : explain SELECT k, c FROM sbtest1 WHERE k BETWEEN 6439300 AND 6439400
	Bitmap Heap Scan on sbtest1  (cost=5.47..405.13 rows=101 width=125)
	  Recheck Cond: ((k >= 6439300) AND (k <= 6439400))
	  ->  Bitmap Index Scan on k_1  (cost=0.00..5.44 rows=101 width=0)
	        Index Cond: ((k >= 6439300) AND (k <= 6439400))

table 2 : explain SELECT k, c FROM sbtest2 WHERE k BETWEEN 6439300 AND 6439400
	Bitmap Heap Scan on sbtest2  (cost=5.47..405.13 rows=101 width=125)
	  Recheck Cond: ((k >= 6439300) AND (k <= 6439400))
	  ->  Bitmap Index Scan on k_2  (cost=0.00..5.44 rows=101 width=0)
	        Index Cond: ((k >= 6439300) AND (k <= 6439400))

table 3 : explain SELECT k, c FROM sbtest3 WHERE k BETWEEN 6439300 AND 6439400
	Bitmap Heap Scan on sbtest3  (cost=5.50..416.94 rows=104 width=125)
	  Recheck Cond: ((k >= 6439300) AND (k <= 6439400))
	  ->  Bitmap Index Scan on k_3  (cost=0.00..5.47 rows=104 width=0)
	        Index Cond: ((k >= 6439300) AND (k <= 6439400))

table 4 : explain SELECT k, c FROM sbtest4 WHERE k BETWEEN 6439300 AND 6439400
	Bitmap Heap Scan on sbtest4  (cost=5.43..389.37 rows=97 width=125)
	  Recheck Cond: ((k >= 6439300) AND (k <= 6439400))
	  ->  Bitmap Index Scan on k_4  (cost=0.00..5.40 rows=97 width=0)
	        Index Cond: ((k >= 6439300) AND (k <= 6439400))

table 5 : explain SELECT k, c FROM sbtest5 WHERE k BETWEEN 6439300 AND 6439400
	Bitmap Heap Scan on sbtest5  (cost=5.39..373.61 rows=93 width=125)
	  Recheck Cond: ((k >= 6439300) AND (k <= 6439400))
	  ->  Bitmap Index Scan on k_5  (cost=0.00..5.36 rows=93 width=0)
	        Index Cond: ((k >= 6439300) AND (k <= 6439400))

table 6 : explain SELECT k, c FROM sbtest6 WHERE k BETWEEN 6439300 AND 6439400
	Bitmap Heap Scan on sbtest6  (cost=5.54..432.69 rows=108 width=125)
	  Recheck Cond: ((k >= 6439300) AND (k <= 6439400))
	  ->  Bitmap Index Scan on k_6  (cost=0.00..5.51 rows=108 width=0)
	        Index Cond: ((k >= 6439300) AND (k <= 6439400))

table 7 : explain SELECT k, c FROM sbtest7 WHERE k BETWEEN 6439300 AND 6439400
	Bitmap Heap Scan on sbtest7  (cost=5.44..393.31 rows=98 width=125)
	  Recheck Cond: ((k >= 6439300) AND (k <= 6439400))
	  ->  Bitmap Index Scan on k_7  (cost=0.00..5.42 rows=98 width=0)
	        Index Cond: ((k >= 6439300) AND (k <= 6439400))

table 8 : explain SELECT k, c FROM sbtest8 WHERE k BETWEEN 6439300 AND 6439400
	Bitmap Heap Scan on sbtest8  (cost=5.47..405.13 rows=101 width=125)
	  Recheck Cond: ((k >= 6439300) AND (k <= 6439400))
	  ->  Bitmap Index Scan on k_8  (cost=0.00..5.44 rows=101 width=0)
	        Index Cond: ((k >= 6439300) AND (k <= 6439400))

explain: for range-notcovered :: explain SELECT k, c FROM sbtest%d WHERE k BETWEEN 5898355 AND 5898455
explain: for range-notcovered :: explain SELECT k, c FROM sbtest%d WHERE k BETWEEN 6439300 AND 6439400
for range-notcovered
table 1 : explain SELECT k, c FROM sbtest1 WHERE k BETWEEN 3293769 AND 3293869
	Bitmap Heap Scan on sbtest1  (cost=5.44..393.31 rows=98 width=125)
	  Recheck Cond: ((k >= 3293769) AND (k <= 3293869))
	  ->  Bitmap Index Scan on k_1  (cost=0.00..5.42 rows=98 width=0)
	        Index Cond: ((k >= 3293769) AND (k <= 3293869))

table 2 : explain SELECT k, c FROM sbtest2 WHERE k BETWEEN 3293769 AND 3293869
	Bitmap Heap Scan on sbtest2  (cost=5.40..377.55 rows=94 width=125)
	  Recheck Cond: ((k >= 3293769) AND (k <= 3293869))
	  ->  Bitmap Index Scan on k_2  (cost=0.00..5.38 rows=94 width=0)
	        Index Cond: ((k >= 3293769) AND (k <= 3293869))

table 3 : explain SELECT k, c FROM sbtest3 WHERE k BETWEEN 3293769 AND 3293869
	Bitmap Heap Scan on sbtest3  (cost=5.50..416.94 rows=104 width=125)
	  Recheck Cond: ((k >= 3293769) AND (k <= 3293869))
	  ->  Bitmap Index Scan on k_3  (cost=0.00..5.47 rows=104 width=0)
	        Index Cond: ((k >= 3293769) AND (k <= 3293869))

table 4 : explain SELECT k, c FROM sbtest4 WHERE k BETWEEN 3293769 AND 3293869
	Bitmap Heap Scan on sbtest4  (cost=5.60..456.29 rows=114 width=125)
	  Recheck Cond: ((k >= 3293769) AND (k <= 3293869))
	  ->  Bitmap Index Scan on k_4  (cost=0.00..5.58 rows=114 width=0)
	        Index Cond: ((k >= 3293769) AND (k <= 3293869))

table 5 : explain SELECT k, c FROM sbtest5 WHERE k BETWEEN 3293769 AND 3293869
	Bitmap Heap Scan on sbtest5  (cost=5.39..373.61 rows=93 width=125)
	  Recheck Cond: ((k >= 3293769) AND (k <= 3293869))
	  ->  Bitmap Index Scan on k_5  (cost=0.00..5.36 rows=93 width=0)
	        Index Cond: ((k >= 3293769) AND (k <= 3293869))

table 6 : explain SELECT k, c FROM sbtest6 WHERE k BETWEEN 3293769 AND 3293869
	Bitmap Heap Scan on sbtest6  (cost=5.52..424.81 rows=106 width=125)
	  Recheck Cond: ((k >= 3293769) AND (k <= 3293869))
	  ->  Bitmap Index Scan on k_6  (cost=0.00..5.50 rows=106 width=0)
	        Index Cond: ((k >= 3293769) AND (k <= 3293869))

table 7 : explain SELECT k, c FROM sbtest7 WHERE k BETWEEN 3293769 AND 3293869
	Bitmap Heap Scan on sbtest7  (cost=5.40..377.55 rows=94 width=125)
	  Recheck Cond: ((k >= 3293769) AND (k <= 3293869))
	  ->  Bitmap Index Scan on k_7  (cost=0.00..5.38 rows=94 width=0)
	        Index Cond: ((k >= 3293769) AND (k <= 3293869))

table 8 : explain SELECT k, c FROM sbtest8 WHERE k BETWEEN 3293769 AND 3293869
	Bitmap Heap Scan on sbtest8  (cost=5.44..393.31 rows=98 width=125)
	  Recheck Cond: ((k >= 3293769) AND (k <= 3293869))
	  ->  Bitmap Index Scan on k_8  (cost=0.00..5.42 rows=98 width=0)
	        Index Cond: ((k >= 3293769) AND (k <= 3293869))

explain: for range-notcovered :: explain SELECT k, c FROM sbtest%d WHERE k BETWEEN 5657732 AND 5657832
explain: for range-notcovered :: explain SELECT k, c FROM sbtest%d WHERE k BETWEEN 3293769 AND 3293869
for range-notcovered
table 1 : explain SELECT k, c FROM sbtest1 WHERE k BETWEEN 6821134 AND 6821234
	Bitmap Heap Scan on sbtest1  (cost=5.40..377.55 rows=94 width=125)
	  Recheck Cond: ((k >= 6821134) AND (k <= 6821234))
	  ->  Bitmap Index Scan on k_1  (cost=0.00..5.38 rows=94 width=0)
	        Index Cond: ((k >= 6821134) AND (k <= 6821234))

table 2 : explain SELECT k, c FROM sbtest2 WHERE k BETWEEN 6821134 AND 6821234
	Bitmap Heap Scan on sbtest2  (cost=5.46..401.19 rows=100 width=125)
	  Recheck Cond: ((k >= 6821134) AND (k <= 6821234))
	  ->  Bitmap Index Scan on k_2  (cost=0.00..5.43 rows=100 width=0)
	        Index Cond: ((k >= 6821134) AND (k <= 6821234))

table 3 : explain SELECT k, c FROM sbtest3 WHERE k BETWEEN 6821134 AND 6821234
	Bitmap Heap Scan on sbtest3  (cost=5.48..409.07 rows=102 width=125)
	  Recheck Cond: ((k >= 6821134) AND (k <= 6821234))
	  ->  Bitmap Index Scan on k_3  (cost=0.00..5.45 rows=102 width=0)
	        Index Cond: ((k >= 6821134) AND (k <= 6821234))

table 4 : explain SELECT k, c FROM sbtest4 WHERE k BETWEEN 6821134 AND 6821234
	Bitmap Heap Scan on sbtest4  (cost=5.40..377.55 rows=94 width=125)
	  Recheck Cond: ((k >= 6821134) AND (k <= 6821234))
	  ->  Bitmap Index Scan on k_4  (cost=0.00..5.38 rows=94 width=0)
	        Index Cond: ((k >= 6821134) AND (k <= 6821234))

table 5 : explain SELECT k, c FROM sbtest5 WHERE k BETWEEN 6821134 AND 6821234
	Bitmap Heap Scan on sbtest5  (cost=5.52..424.81 rows=106 width=125)
	  Recheck Cond: ((k >= 6821134) AND (k <= 6821234))
	  ->  Bitmap Index Scan on k_5  (cost=0.00..5.50 rows=106 width=0)
	        Index Cond: ((k >= 6821134) AND (k <= 6821234))

table 6 : explain SELECT k, c FROM sbtest6 WHERE k BETWEEN 6821134 AND 6821234
	Bitmap Heap Scan on sbtest6  (cost=5.43..389.37 rows=97 width=125)
	  Recheck Cond: ((k >= 6821134) AND (k <= 6821234))
	  ->  Bitmap Index Scan on k_6  (cost=0.00..5.40 rows=97 width=0)
	        Index Cond: ((k >= 6821134) AND (k <= 6821234))

table 7 : explain SELECT k, c FROM sbtest7 WHERE k BETWEEN 6821134 AND 6821234
	Bitmap Heap Scan on sbtest7  (cost=5.47..405.13 rows=101 width=125)
	  Recheck Cond: ((k >= 6821134) AND (k <= 6821234))
	  ->  Bitmap Index Scan on k_7  (cost=0.00..5.44 rows=101 width=0)
	        Index Cond: ((k >= 6821134) AND (k <= 6821234))

table 8 : explain SELECT k, c FROM sbtest8 WHERE k BETWEEN 6821134 AND 6821234
	Bitmap Heap Scan on sbtest8  (cost=5.43..389.37 rows=97 width=125)
	  Recheck Cond: ((k >= 6821134) AND (k <= 6821234))
	  ->  Bitmap Index Scan on k_8  (cost=0.00..5.40 rows=97 width=0)
	        Index Cond: ((k >= 6821134) AND (k <= 6821234))

explain: for range-notcovered :: explain SELECT k, c FROM sbtest%d WHERE k BETWEEN 6821134 AND 6821234
for range-notcovered
table 1 : explain SELECT k, c FROM sbtest1 WHERE k BETWEEN 4993461 AND 4993561
	Bitmap Heap Scan on sbtest1  (cost=5.43..389.37 rows=97 width=125)
	  Recheck Cond: ((k >= 4993461) AND (k <= 4993561))
	  ->  Bitmap Index Scan on k_1  (cost=0.00..5.40 rows=97 width=0)
	        Index Cond: ((k >= 4993461) AND (k <= 4993561))

table 2 : explain SELECT k, c FROM sbtest2 WHERE k BETWEEN 4993461 AND 4993561
	Bitmap Heap Scan on sbtest2  (cost=5.39..373.61 rows=93 width=125)
	  Recheck Cond: ((k >= 4993461) AND (k <= 4993561))
	  ->  Bitmap Index Scan on k_2  (cost=0.00..5.36 rows=93 width=0)
	        Index Cond: ((k >= 4993461) AND (k <= 4993561))

table 3 : explain SELECT k, c FROM sbtest3 WHERE k BETWEEN 4993461 AND 4993561
	Bitmap Heap Scan on sbtest3  (cost=5.41..381.49 rows=95 width=125)
	  Recheck Cond: ((k >= 4993461) AND (k <= 4993561))
	  ->  Bitmap Index Scan on k_3  (cost=0.00..5.38 rows=95 width=0)
	        Index Cond: ((k >= 4993461) AND (k <= 4993561))

table 4 : explain SELECT k, c FROM sbtest4 WHERE k BETWEEN 4993461 AND 4993561
	Bitmap Heap Scan on sbtest4  (cost=5.48..409.07 rows=102 width=125)
	  Recheck Cond: ((k >= 4993461) AND (k <= 4993561))
	  ->  Bitmap Index Scan on k_4  (cost=0.00..5.45 rows=102 width=0)
	        Index Cond: ((k >= 4993461) AND (k <= 4993561))

table 5 : explain SELECT k, c FROM sbtest5 WHERE k BETWEEN 4993461 AND 4993561
	Bitmap Heap Scan on sbtest5  (cost=5.62..464.15 rows=116 width=125)
	  Recheck Cond: ((k >= 4993461) AND (k <= 4993561))
	  ->  Bitmap Index Scan on k_5  (cost=0.00..5.59 rows=116 width=0)
	        Index Cond: ((k >= 4993461) AND (k <= 4993561))

table 6 : explain SELECT k, c FROM sbtest6 WHERE k BETWEEN 4993461 AND 4993561
	Bitmap Heap Scan on sbtest6  (cost=5.48..409.07 rows=102 width=125)
	  Recheck Cond: ((k >= 4993461) AND (k <= 4993561))
	  ->  Bitmap Index Scan on k_6  (cost=0.00..5.45 rows=102 width=0)
	        Index Cond: ((k >= 4993461) AND (k <= 4993561))

table 7 : explain SELECT k, c FROM sbtest7 WHERE k BETWEEN 4993461 AND 4993561
	Bitmap Heap Scan on sbtest7  (cost=5.43..389.37 rows=97 width=125)
	  Recheck Cond: ((k >= 4993461) AND (k <= 4993561))
	  ->  Bitmap Index Scan on k_7  (cost=0.00..5.40 rows=97 width=0)
	        Index Cond: ((k >= 4993461) AND (k <= 4993561))

table 8 : explain SELECT k, c FROM sbtest8 WHERE k BETWEEN 4993461 AND 4993561
	Bitmap Heap Scan on sbtest8  (cost=5.55..436.62 rows=109 width=125)
	  Recheck Cond: ((k >= 4993461) AND (k <= 4993561))
	  ->  Bitmap Index Scan on k_8  (cost=0.00..5.52 rows=109 width=0)
	        Index Cond: ((k >= 4993461) AND (k <= 4993561))

for range-notcovered
table 1 : explain SELECT k, c FROM sbtest1 WHERE k BETWEEN 5898355 AND 5898455
	Bitmap Heap Scan on sbtest1  (cost=5.47..405.13 rows=101 width=125)
	  Recheck Cond: ((k >= 5898355) AND (k <= 5898455))
	  ->  Bitmap Index Scan on k_1  (cost=0.00..5.44 rows=101 width=0)
	        Index Cond: ((k >= 5898355) AND (k <= 5898455))

table 2 : explain SELECT k, c FROM sbtest2 WHERE k BETWEEN 5898355 AND 5898455
	Bitmap Heap Scan on sbtest2  (cost=5.44..393.31 rows=98 width=125)
	  Recheck Cond: ((k >= 5898355) AND (k <= 5898455))
	  ->  Bitmap Index Scan on k_2  (cost=0.00..5.42 rows=98 width=0)
	        Index Cond: ((k >= 5898355) AND (k <= 5898455))

table 3 : explain SELECT k, c FROM sbtest3 WHERE k BETWEEN 5898355 AND 5898455
	Bitmap Heap Scan on sbtest3  (cost=5.47..405.13 rows=101 width=125)
	  Recheck Cond: ((k >= 5898355) AND (k <= 5898455))
	  ->  Bitmap Index Scan on k_3  (cost=0.00..5.44 rows=101 width=0)
	        Index Cond: ((k >= 5898355) AND (k <= 5898455))

table 4 : explain SELECT k, c FROM sbtest4 WHERE k BETWEEN 5898355 AND 5898455
	Bitmap Heap Scan on sbtest4  (cost=5.48..409.07 rows=102 width=125)
	  Recheck Cond: ((k >= 5898355) AND (k <= 5898455))
	  ->  Bitmap Index Scan on k_4  (cost=0.00..5.45 rows=102 width=0)
	        Index Cond: ((k >= 5898355) AND (k <= 5898455))

table 5 : explain SELECT k, c FROM sbtest5 WHERE k BETWEEN 5898355 AND 5898455
	Bitmap Heap Scan on sbtest5  (cost=5.49..413.00 rows=103 width=125)
	  Recheck Cond: ((k >= 5898355) AND (k <= 5898455))
	  ->  Bitmap Index Scan on k_5  (cost=0.00..5.46 rows=103 width=0)
	        Index Cond: ((k >= 5898355) AND (k <= 5898455))

table 6 : explain SELECT k, c FROM sbtest6 WHERE k BETWEEN 5898355 AND 5898455
	Bitmap Heap Scan on sbtest6  (cost=5.42..385.43 rows=96 width=125)
	  Recheck Cond: ((k >= 5898355) AND (k <= 5898455))
	  ->  Bitmap Index Scan on k_6  (cost=0.00..5.39 rows=96 width=0)
	        Index Cond: ((k >= 5898355) AND (k <= 5898455))

table 7 : explain SELECT k, c FROM sbtest7 WHERE k BETWEEN 5898355 AND 5898455
	Bitmap Heap Scan on sbtest7  (cost=5.52..424.81 rows=106 width=125)
	  Recheck Cond: ((k >= 5898355) AND (k <= 5898455))
	  ->  Bitmap Index Scan on k_7  (cost=0.00..5.50 rows=106 width=0)
	        Index Cond: ((k >= 5898355) AND (k <= 5898455))

table 8 : explain SELECT k, c FROM sbtest8 WHERE k BETWEEN 5898355 AND 5898455
	Bitmap Heap Scan on sbtest8  (cost=5.54..432.69 rows=108 width=125)
	  Recheck Cond: ((k >= 5898355) AND (k <= 5898455))
	  ->  Bitmap Index Scan on k_8  (cost=0.00..5.51 rows=108 width=0)
	        Index Cond: ((k >= 5898355) AND (k <= 5898455))

explain: for range-notcovered :: explain SELECT k, c FROM sbtest%d WHERE k BETWEEN 4993461 AND 4993561
explain: for range-notcovered :: explain SELECT k, c FROM sbtest%d WHERE k BETWEEN 5898355 AND 5898455
for range-notcovered
table 1 : explain SELECT k, c FROM sbtest1 WHERE k BETWEEN 6439300 AND 6439400
	Bitmap Heap Scan on sbtest1  (cost=5.47..405.13 rows=101 width=125)
	  Recheck Cond: ((k >= 6439300) AND (k <= 6439400))
	  ->  Bitmap Index Scan on k_1  (cost=0.00..5.44 rows=101 width=0)
	        Index Cond: ((k >= 6439300) AND (k <= 6439400))

table 2 : explain SELECT k, c FROM sbtest2 WHERE k BETWEEN 6439300 AND 6439400
	Bitmap Heap Scan on sbtest2  (cost=5.47..405.13 rows=101 width=125)
	  Recheck Cond: ((k >= 6439300) AND (k <= 6439400))
	  ->  Bitmap Index Scan on k_2  (cost=0.00..5.44 rows=101 width=0)
	        Index Cond: ((k >= 6439300) AND (k <= 6439400))

table 3 : explain SELECT k, c FROM sbtest3 WHERE k BETWEEN 6439300 AND 6439400
	Bitmap Heap Scan on sbtest3  (cost=5.50..416.94 rows=104 width=125)
	  Recheck Cond: ((k >= 6439300) AND (k <= 6439400))
	  ->  Bitmap Index Scan on k_3  (cost=0.00..5.47 rows=104 width=0)
	        Index Cond: ((k >= 6439300) AND (k <= 6439400))

table 4 : explain SELECT k, c FROM sbtest4 WHERE k BETWEEN 6439300 AND 6439400
	Bitmap Heap Scan on sbtest4  (cost=5.43..389.37 rows=97 width=125)
	  Recheck Cond: ((k >= 6439300) AND (k <= 6439400))
	  ->  Bitmap Index Scan on k_4  (cost=0.00..5.40 rows=97 width=0)
	        Index Cond: ((k >= 6439300) AND (k <= 6439400))

table 5 : explain SELECT k, c FROM sbtest5 WHERE k BETWEEN 6439300 AND 6439400
	Bitmap Heap Scan on sbtest5  (cost=5.39..373.61 rows=93 width=125)
	  Recheck Cond: ((k >= 6439300) AND (k <= 6439400))
	  ->  Bitmap Index Scan on k_5  (cost=0.00..5.36 rows=93 width=0)
	        Index Cond: ((k >= 6439300) AND (k <= 6439400))

table 6 : explain SELECT k, c FROM sbtest6 WHERE k BETWEEN 6439300 AND 6439400
	Bitmap Heap Scan on sbtest6  (cost=5.54..432.69 rows=108 width=125)
	  Recheck Cond: ((k >= 6439300) AND (k <= 6439400))
	  ->  Bitmap Index Scan on k_6  (cost=0.00..5.51 rows=108 width=0)
	        Index Cond: ((k >= 6439300) AND (k <= 6439400))

table 7 : explain SELECT k, c FROM sbtest7 WHERE k BETWEEN 6439300 AND 6439400
	Bitmap Heap Scan on sbtest7  (cost=5.44..393.31 rows=98 width=125)
	  Recheck Cond: ((k >= 6439300) AND (k <= 6439400))
	  ->  Bitmap Index Scan on k_7  (cost=0.00..5.42 rows=98 width=0)
	        Index Cond: ((k >= 6439300) AND (k <= 6439400))

table 8 : explain SELECT k, c FROM sbtest8 WHERE k BETWEEN 6439300 AND 6439400
	Bitmap Heap Scan on sbtest8  (cost=5.47..405.13 rows=101 width=125)
	  Recheck Cond: ((k >= 6439300) AND (k <= 6439400))
	  ->  Bitmap Index Scan on k_8  (cost=0.00..5.44 rows=101 width=0)
	        Index Cond: ((k >= 6439300) AND (k <= 6439400))

explain: for range-notcovered :: explain SELECT k, c FROM sbtest%d WHERE k BETWEEN 6439300 AND 6439400
for range-notcovered
table 1 : explain SELECT k, c FROM sbtest1 WHERE k BETWEEN 3293769 AND 3293869
	Bitmap Heap Scan on sbtest1  (cost=5.44..393.31 rows=98 width=125)
	  Recheck Cond: ((k >= 3293769) AND (k <= 3293869))
	  ->  Bitmap Index Scan on k_1  (cost=0.00..5.42 rows=98 width=0)
	        Index Cond: ((k >= 3293769) AND (k <= 3293869))

table 2 : explain SELECT k, c FROM sbtest2 WHERE k BETWEEN 3293769 AND 3293869
	Bitmap Heap Scan on sbtest2  (cost=5.40..377.55 rows=94 width=125)
	  Recheck Cond: ((k >= 3293769) AND (k <= 3293869))
	  ->  Bitmap Index Scan on k_2  (cost=0.00..5.38 rows=94 width=0)
	        Index Cond: ((k >= 3293769) AND (k <= 3293869))

table 3 : explain SELECT k, c FROM sbtest3 WHERE k BETWEEN 3293769 AND 3293869
	Bitmap Heap Scan on sbtest3  (cost=5.50..416.94 rows=104 width=125)
	  Recheck Cond: ((k >= 3293769) AND (k <= 3293869))
	  ->  Bitmap Index Scan on k_3  (cost=0.00..5.47 rows=104 width=0)
	        Index Cond: ((k >= 3293769) AND (k <= 3293869))

table 4 : explain SELECT k, c FROM sbtest4 WHERE k BETWEEN 3293769 AND 3293869
	Bitmap Heap Scan on sbtest4  (cost=5.60..456.29 rows=114 width=125)
	  Recheck Cond: ((k >= 3293769) AND (k <= 3293869))
	  ->  Bitmap Index Scan on k_4  (cost=0.00..5.58 rows=114 width=0)
	        Index Cond: ((k >= 3293769) AND (k <= 3293869))

table 5 : explain SELECT k, c FROM sbtest5 WHERE k BETWEEN 3293769 AND 3293869
	Bitmap Heap Scan on sbtest5  (cost=5.39..373.61 rows=93 width=125)
	  Recheck Cond: ((k >= 3293769) AND (k <= 3293869))
	  ->  Bitmap Index Scan on k_5  (cost=0.00..5.36 rows=93 width=0)
	        Index Cond: ((k >= 3293769) AND (k <= 3293869))

table 6 : explain SELECT k, c FROM sbtest6 WHERE k BETWEEN 3293769 AND 3293869
	Bitmap Heap Scan on sbtest6  (cost=5.52..424.81 rows=106 width=125)
	  Recheck Cond: ((k >= 3293769) AND (k <= 3293869))
	  ->  Bitmap Index Scan on k_6  (cost=0.00..5.50 rows=106 width=0)
	        Index Cond: ((k >= 3293769) AND (k <= 3293869))

table 7 : explain SELECT k, c FROM sbtest7 WHERE k BETWEEN 3293769 AND 3293869
	Bitmap Heap Scan on sbtest7  (cost=5.40..377.55 rows=94 width=125)
	  Recheck Cond: ((k >= 3293769) AND (k <= 3293869))
	  ->  Bitmap Index Scan on k_7  (cost=0.00..5.38 rows=94 width=0)
	        Index Cond: ((k >= 3293769) AND (k <= 3293869))

table 8 : explain SELECT k, c FROM sbtest8 WHERE k BETWEEN 3293769 AND 3293869
	Bitmap Heap Scan on sbtest8  (cost=5.44..393.31 rows=98 width=125)
	  Recheck Cond: ((k >= 3293769) AND (k <= 3293869))
	  ->  Bitmap Index Scan on k_8  (cost=0.00..5.42 rows=98 width=0)
	        Index Cond: ((k >= 3293769) AND (k <= 3293869))

explain: for range-notcovered :: explain SELECT k, c FROM sbtest%d WHERE k BETWEEN 3293769 AND 3293869
for range-notcovered
table 1 : explain SELECT k, c FROM sbtest1 WHERE k BETWEEN 6821134 AND 6821234
	Bitmap Heap Scan on sbtest1  (cost=5.40..377.55 rows=94 width=125)
	  Recheck Cond: ((k >= 6821134) AND (k <= 6821234))
	  ->  Bitmap Index Scan on k_1  (cost=0.00..5.38 rows=94 width=0)
	        Index Cond: ((k >= 6821134) AND (k <= 6821234))

table 2 : explain SELECT k, c FROM sbtest2 WHERE k BETWEEN 6821134 AND 6821234
	Bitmap Heap Scan on sbtest2  (cost=5.46..401.19 rows=100 width=125)
	  Recheck Cond: ((k >= 6821134) AND (k <= 6821234))
	  ->  Bitmap Index Scan on k_2  (cost=0.00..5.43 rows=100 width=0)
	        Index Cond: ((k >= 6821134) AND (k <= 6821234))

table 3 : explain SELECT k, c FROM sbtest3 WHERE k BETWEEN 6821134 AND 6821234
	Bitmap Heap Scan on sbtest3  (cost=5.48..409.07 rows=102 width=125)
	  Recheck Cond: ((k >= 6821134) AND (k <= 6821234))
	  ->  Bitmap Index Scan on k_3  (cost=0.00..5.45 rows=102 width=0)
	        Index Cond: ((k >= 6821134) AND (k <= 6821234))

table 4 : explain SELECT k, c FROM sbtest4 WHERE k BETWEEN 6821134 AND 6821234
	Bitmap Heap Scan on sbtest4  (cost=5.40..377.55 rows=94 width=125)
	  Recheck Cond: ((k >= 6821134) AND (k <= 6821234))
	  ->  Bitmap Index Scan on k_4  (cost=0.00..5.38 rows=94 width=0)
	        Index Cond: ((k >= 6821134) AND (k <= 6821234))

table 5 : explain SELECT k, c FROM sbtest5 WHERE k BETWEEN 6821134 AND 6821234
	Bitmap Heap Scan on sbtest5  (cost=5.52..424.81 rows=106 width=125)
	  Recheck Cond: ((k >= 6821134) AND (k <= 6821234))
	  ->  Bitmap Index Scan on k_5  (cost=0.00..5.50 rows=106 width=0)
	        Index Cond: ((k >= 6821134) AND (k <= 6821234))

table 6 : explain SELECT k, c FROM sbtest6 WHERE k BETWEEN 6821134 AND 6821234
	Bitmap Heap Scan on sbtest6  (cost=5.43..389.37 rows=97 width=125)
	  Recheck Cond: ((k >= 6821134) AND (k <= 6821234))
	  ->  Bitmap Index Scan on k_6  (cost=0.00..5.40 rows=97 width=0)
	        Index Cond: ((k >= 6821134) AND (k <= 6821234))

table 7 : explain SELECT k, c FROM sbtest7 WHERE k BETWEEN 6821134 AND 6821234
	Bitmap Heap Scan on sbtest7  (cost=5.47..405.13 rows=101 width=125)
	  Recheck Cond: ((k >= 6821134) AND (k <= 6821234))
	  ->  Bitmap Index Scan on k_7  (cost=0.00..5.44 rows=101 width=0)
	        Index Cond: ((k >= 6821134) AND (k <= 6821234))

table 8 : explain SELECT k, c FROM sbtest8 WHERE k BETWEEN 6821134 AND 6821234
	Bitmap Heap Scan on sbtest8  (cost=5.43..389.37 rows=97 width=125)
	  Recheck Cond: ((k >= 6821134) AND (k <= 6821234))
	  ->  Bitmap Index Scan on k_8  (cost=0.00..5.40 rows=97 width=0)
	        Index Cond: ((k >= 6821134) AND (k <= 6821234))

explain: for range-notcovered :: explain SELECT k, c FROM sbtest%d WHERE k BETWEEN 6821134 AND 6821234
for range-notcovered
table 1 : explain SELECT k, c FROM sbtest1 WHERE k BETWEEN 5898355 AND 5898455
	Bitmap Heap Scan on sbtest1  (cost=5.47..405.13 rows=101 width=125)
	  Recheck Cond: ((k >= 5898355) AND (k <= 5898455))
	  ->  Bitmap Index Scan on k_1  (cost=0.00..5.44 rows=101 width=0)
	        Index Cond: ((k >= 5898355) AND (k <= 5898455))

table 2 : explain SELECT k, c FROM sbtest2 WHERE k BETWEEN 5898355 AND 5898455
	Bitmap Heap Scan on sbtest2  (cost=5.44..393.31 rows=98 width=125)
	  Recheck Cond: ((k >= 5898355) AND (k <= 5898455))
	  ->  Bitmap Index Scan on k_2  (cost=0.00..5.42 rows=98 width=0)
	        Index Cond: ((k >= 5898355) AND (k <= 5898455))

table 3 : explain SELECT k, c FROM sbtest3 WHERE k BETWEEN 5898355 AND 5898455
	Bitmap Heap Scan on sbtest3  (cost=5.47..405.13 rows=101 width=125)
	  Recheck Cond: ((k >= 5898355) AND (k <= 5898455))
	  ->  Bitmap Index Scan on k_3  (cost=0.00..5.44 rows=101 width=0)
	        Index Cond: ((k >= 5898355) AND (k <= 5898455))

table 4 : explain SELECT k, c FROM sbtest4 WHERE k BETWEEN 5898355 AND 5898455
	Bitmap Heap Scan on sbtest4  (cost=5.48..409.07 rows=102 width=125)
	  Recheck Cond: ((k >= 5898355) AND (k <= 5898455))
	  ->  Bitmap Index Scan on k_4  (cost=0.00..5.45 rows=102 width=0)
	        Index Cond: ((k >= 5898355) AND (k <= 5898455))

table 5 : explain SELECT k, c FROM sbtest5 WHERE k BETWEEN 5898355 AND 5898455
	Bitmap Heap Scan on sbtest5  (cost=5.49..413.00 rows=103 width=125)
	  Recheck Cond: ((k >= 5898355) AND (k <= 5898455))
	  ->  Bitmap Index Scan on k_5  (cost=0.00..5.46 rows=103 width=0)
	        Index Cond: ((k >= 5898355) AND (k <= 5898455))

table 6 : explain SELECT k, c FROM sbtest6 WHERE k BETWEEN 5898355 AND 5898455
	Bitmap Heap Scan on sbtest6  (cost=5.42..385.43 rows=96 width=125)
	  Recheck Cond: ((k >= 5898355) AND (k <= 5898455))
	  ->  Bitmap Index Scan on k_6  (cost=0.00..5.39 rows=96 width=0)
	        Index Cond: ((k >= 5898355) AND (k <= 5898455))

table 7 : explain SELECT k, c FROM sbtest7 WHERE k BETWEEN 5898355 AND 5898455
	Bitmap Heap Scan on sbtest7  (cost=5.52..424.81 rows=106 width=125)
	  Recheck Cond: ((k >= 5898355) AND (k <= 5898455))
	  ->  Bitmap Index Scan on k_7  (cost=0.00..5.50 rows=106 width=0)
	        Index Cond: ((k >= 5898355) AND (k <= 5898455))

table 8 : explain SELECT k, c FROM sbtest8 WHERE k BETWEEN 5898355 AND 5898455
	Bitmap Heap Scan on sbtest8  (cost=5.54..432.69 rows=108 width=125)
	  Recheck Cond: ((k >= 5898355) AND (k <= 5898455))
	  ->  Bitmap Index Scan on k_8  (cost=0.00..5.51 rows=108 width=0)
	        Index Cond: ((k >= 5898355) AND (k <= 5898455))

for range-notcovered
table 1 : explain SELECT k, c FROM sbtest1 WHERE k BETWEEN 4993461 AND 4993561
	Bitmap Heap Scan on sbtest1  (cost=5.43..389.37 rows=97 width=125)
	  Recheck Cond: ((k >= 4993461) AND (k <= 4993561))
	  ->  Bitmap Index Scan on k_1  (cost=0.00..5.40 rows=97 width=0)
	        Index Cond: ((k >= 4993461) AND (k <= 4993561))

table 2 : explain SELECT k, c FROM sbtest2 WHERE k BETWEEN 4993461 AND 4993561
	Bitmap Heap Scan on sbtest2  (cost=5.39..373.61 rows=93 width=125)
	  Recheck Cond: ((k >= 4993461) AND (k <= 4993561))
	  ->  Bitmap Index Scan on k_2  (cost=0.00..5.36 rows=93 width=0)
	        Index Cond: ((k >= 4993461) AND (k <= 4993561))

table 3 : explain SELECT k, c FROM sbtest3 WHERE k BETWEEN 4993461 AND 4993561
	Bitmap Heap Scan on sbtest3  (cost=5.41..381.49 rows=95 width=125)
	  Recheck Cond: ((k >= 4993461) AND (k <= 4993561))
	  ->  Bitmap Index Scan on k_3  (cost=0.00..5.38 rows=95 width=0)
	        Index Cond: ((k >= 4993461) AND (k <= 4993561))

table 4 : explain SELECT k, c FROM sbtest4 WHERE k BETWEEN 4993461 AND 4993561
	Bitmap Heap Scan on sbtest4  (cost=5.48..409.07 rows=102 width=125)
	  Recheck Cond: ((k >= 4993461) AND (k <= 4993561))
	  ->  Bitmap Index Scan on k_4  (cost=0.00..5.45 rows=102 width=0)
	        Index Cond: ((k >= 4993461) AND (k <= 4993561))

table 5 : explain SELECT k, c FROM sbtest5 WHERE k BETWEEN 4993461 AND 4993561
	Bitmap Heap Scan on sbtest5  (cost=5.62..464.15 rows=116 width=125)
	  Recheck Cond: ((k >= 4993461) AND (k <= 4993561))
	  ->  Bitmap Index Scan on k_5  (cost=0.00..5.59 rows=116 width=0)
	        Index Cond: ((k >= 4993461) AND (k <= 4993561))

table 6 : explain SELECT k, c FROM sbtest6 WHERE k BETWEEN 4993461 AND 4993561
	Bitmap Heap Scan on sbtest6  (cost=5.48..409.07 rows=102 width=125)
	  Recheck Cond: ((k >= 4993461) AND (k <= 4993561))
	  ->  Bitmap Index Scan on k_6  (cost=0.00..5.45 rows=102 width=0)
	        Index Cond: ((k >= 4993461) AND (k <= 4993561))

table 7 : explain SELECT k, c FROM sbtest7 WHERE k BETWEEN 4993461 AND 4993561
	Bitmap Heap Scan on sbtest7  (cost=5.43..389.37 rows=97 width=125)
	  Recheck Cond: ((k >= 4993461) AND (k <= 4993561))
	  ->  Bitmap Index Scan on k_7  (cost=0.00..5.40 rows=97 width=0)
	        Index Cond: ((k >= 4993461) AND (k <= 4993561))

table 8 : explain SELECT k, c FROM sbtest8 WHERE k BETWEEN 4993461 AND 4993561
	Bitmap Heap Scan on sbtest8  (cost=5.55..436.62 rows=109 width=125)
	  Recheck Cond: ((k >= 4993461) AND (k <= 4993561))
	  ->  Bitmap Index Scan on k_8  (cost=0.00..5.52 rows=109 width=0)
	        Index Cond: ((k >= 4993461) AND (k <= 4993561))

explain: for range-notcovered :: explain SELECT k, c FROM sbtest%d WHERE k BETWEEN 5898355 AND 5898455
for range-notcovered
table 1 : explain SELECT k, c FROM sbtest1 WHERE k BETWEEN 6439300 AND 6439400
	Bitmap Heap Scan on sbtest1  (cost=5.47..405.13 rows=101 width=125)
	  Recheck Cond: ((k >= 6439300) AND (k <= 6439400))
	  ->  Bitmap Index Scan on k_1  (cost=0.00..5.44 rows=101 width=0)
	        Index Cond: ((k >= 6439300) AND (k <= 6439400))

table 2 : explain SELECT k, c FROM sbtest2 WHERE k BETWEEN 6439300 AND 6439400
	Bitmap Heap Scan on sbtest2  (cost=5.47..405.13 rows=101 width=125)
	  Recheck Cond: ((k >= 6439300) AND (k <= 6439400))
	  ->  Bitmap Index Scan on k_2  (cost=0.00..5.44 rows=101 width=0)
	        Index Cond: ((k >= 6439300) AND (k <= 6439400))

table 3 : explain SELECT k, c FROM sbtest3 WHERE k BETWEEN 6439300 AND 6439400
	Bitmap Heap Scan on sbtest3  (cost=5.50..416.94 rows=104 width=125)
	  Recheck Cond: ((k >= 6439300) AND (k <= 6439400))
	  ->  Bitmap Index Scan on k_3  (cost=0.00..5.47 rows=104 width=0)
	        Index Cond: ((k >= 6439300) AND (k <= 6439400))

table 4 : explain SELECT k, c FROM sbtest4 WHERE k BETWEEN 6439300 AND 6439400
	Bitmap Heap Scan on sbtest4  (cost=5.43..389.37 rows=97 width=125)
	  Recheck Cond: ((k >= 6439300) AND (k <= 6439400))
	  ->  Bitmap Index Scan on k_4  (cost=0.00..5.40 rows=97 width=0)
	        Index Cond: ((k >= 6439300) AND (k <= 6439400))

table 5 : explain SELECT k, c FROM sbtest5 WHERE k BETWEEN 6439300 AND 6439400
	Bitmap Heap Scan on sbtest5  (cost=5.39..373.61 rows=93 width=125)
	  Recheck Cond: ((k >= 6439300) AND (k <= 6439400))
	  ->  Bitmap Index Scan on k_5  (cost=0.00..5.36 rows=93 width=0)
	        Index Cond: ((k >= 6439300) AND (k <= 6439400))

table 6 : explain SELECT k, c FROM sbtest6 WHERE k BETWEEN 6439300 AND 6439400
	Bitmap Heap Scan on sbtest6  (cost=5.54..432.69 rows=108 width=125)
	  Recheck Cond: ((k >= 6439300) AND (k <= 6439400))
	  ->  Bitmap Index Scan on k_6  (cost=0.00..5.51 rows=108 width=0)
	        Index Cond: ((k >= 6439300) AND (k <= 6439400))

table 7 : explain SELECT k, c FROM sbtest7 WHERE k BETWEEN 6439300 AND 6439400
	Bitmap Heap Scan on sbtest7  (cost=5.44..393.31 rows=98 width=125)
	  Recheck Cond: ((k >= 6439300) AND (k <= 6439400))
	  ->  Bitmap Index Scan on k_7  (cost=0.00..5.42 rows=98 width=0)
	        Index Cond: ((k >= 6439300) AND (k <= 6439400))

table 8 : explain SELECT k, c FROM sbtest8 WHERE k BETWEEN 6439300 AND 6439400
	Bitmap Heap Scan on sbtest8  (cost=5.47..405.13 rows=101 width=125)
	  Recheck Cond: ((k >= 6439300) AND (k <= 6439400))
	  ->  Bitmap Index Scan on k_8  (cost=0.00..5.44 rows=101 width=0)
	        Index Cond: ((k >= 6439300) AND (k <= 6439400))

explain: for range-notcovered :: explain SELECT k, c FROM sbtest%d WHERE k BETWEEN 4993461 AND 4993561
explain: for range-notcovered :: explain SELECT k, c FROM sbtest%d WHERE k BETWEEN 6439300 AND 6439400
for range-notcovered
table 1 : explain SELECT k, c FROM sbtest1 WHERE k BETWEEN 7034059 AND 7034159
	Bitmap Heap Scan on sbtest1  (cost=5.51..420.88 rows=105 width=125)
	  Recheck Cond: ((k >= 7034059) AND (k <= 7034159))
	  ->  Bitmap Index Scan on k_1  (cost=0.00..5.48 rows=105 width=0)
	        Index Cond: ((k >= 7034059) AND (k <= 7034159))

table 2 : explain SELECT k, c FROM sbtest2 WHERE k BETWEEN 7034059 AND 7034159
	Bitmap Heap Scan on sbtest2  (cost=5.57..444.49 rows=111 width=125)
	  Recheck Cond: ((k >= 7034059) AND (k <= 7034159))
	  ->  Bitmap Index Scan on k_2  (cost=0.00..5.54 rows=111 width=0)
	        Index Cond: ((k >= 7034059) AND (k <= 7034159))

table 3 : explain SELECT k, c FROM sbtest3 WHERE k BETWEEN 7034059 AND 7034159
	Bitmap Heap Scan on sbtest3  (cost=5.45..397.25 rows=99 width=125)
	  Recheck Cond: ((k >= 7034059) AND (k <= 7034159))
	  ->  Bitmap Index Scan on k_3  (cost=0.00..5.42 rows=99 width=0)
	        Index Cond: ((k >= 7034059) AND (k <= 7034159))

table 4 : explain SELECT k, c FROM sbtest4 WHERE k BETWEEN 7034059 AND 7034159
	Bitmap Heap Scan on sbtest4  (cost=5.47..405.13 rows=101 width=125)
	  Recheck Cond: ((k >= 7034059) AND (k <= 7034159))
	  ->  Bitmap Index Scan on k_4  (cost=0.00..5.44 rows=101 width=0)
	        Index Cond: ((k >= 7034059) AND (k <= 7034159))

table 5 : explain SELECT k, c FROM sbtest5 WHERE k BETWEEN 7034059 AND 7034159
	Bitmap Heap Scan on sbtest5  (cost=5.48..409.07 rows=102 width=125)
	  Recheck Cond: ((k >= 7034059) AND (k <= 7034159))
	  ->  Bitmap Index Scan on k_5  (cost=0.00..5.45 rows=102 width=0)
	        Index Cond: ((k >= 7034059) AND (k <= 7034159))

table 6 : explain SELECT k, c FROM sbtest6 WHERE k BETWEEN 7034059 AND 7034159
	Bitmap Heap Scan on sbtest6  (cost=5.48..409.07 rows=102 width=125)
	  Recheck Cond: ((k >= 7034059) AND (k <= 7034159))
	  ->  Bitmap Index Scan on k_6  (cost=0.00..5.45 rows=102 width=0)
	        Index Cond: ((k >= 7034059) AND (k <= 7034159))

table 7 : explain SELECT k, c FROM sbtest7 WHERE k BETWEEN 7034059 AND 7034159
	Bitmap Heap Scan on sbtest7  (cost=5.53..428.75 rows=107 width=125)
	  Recheck Cond: ((k >= 7034059) AND (k <= 7034159))
	  ->  Bitmap Index Scan on k_7  (cost=0.00..5.50 rows=107 width=0)
	        Index Cond: ((k >= 7034059) AND (k <= 7034159))

table 8 : explain SELECT k, c FROM sbtest8 WHERE k BETWEEN 7034059 AND 7034159
	Bitmap Heap Scan on sbtest8  (cost=5.50..416.94 rows=104 width=125)
	  Recheck Cond: ((k >= 7034059) AND (k <= 7034159))
	  ->  Bitmap Index Scan on k_8  (cost=0.00..5.47 rows=104 width=0)
	        Index Cond: ((k >= 7034059) AND (k <= 7034159))

for range-notcovered
table 1 : explain SELECT k, c FROM sbtest1 WHERE k BETWEEN 3293769 AND 3293869
	Bitmap Heap Scan on sbtest1  (cost=5.44..393.31 rows=98 width=125)
	  Recheck Cond: ((k >= 3293769) AND (k <= 3293869))
	  ->  Bitmap Index Scan on k_1  (cost=0.00..5.42 rows=98 width=0)
	        Index Cond: ((k >= 3293769) AND (k <= 3293869))

table 2 : explain SELECT k, c FROM sbtest2 WHERE k BETWEEN 3293769 AND 3293869
	Bitmap Heap Scan on sbtest2  (cost=5.40..377.55 rows=94 width=125)
	  Recheck Cond: ((k >= 3293769) AND (k <= 3293869))
	  ->  Bitmap Index Scan on k_2  (cost=0.00..5.38 rows=94 width=0)
	        Index Cond: ((k >= 3293769) AND (k <= 3293869))

table 3 : explain SELECT k, c FROM sbtest3 WHERE k BETWEEN 3293769 AND 3293869
	Bitmap Heap Scan on sbtest3  (cost=5.50..416.94 rows=104 width=125)
	  Recheck Cond: ((k >= 3293769) AND (k <= 3293869))
	  ->  Bitmap Index Scan on k_3  (cost=0.00..5.47 rows=104 width=0)
	        Index Cond: ((k >= 3293769) AND (k <= 3293869))

table 4 : explain SELECT k, c FROM sbtest4 WHERE k BETWEEN 3293769 AND 3293869
	Bitmap Heap Scan on sbtest4  (cost=5.60..456.29 rows=114 width=125)
	  Recheck Cond: ((k >= 3293769) AND (k <= 3293869))
	  ->  Bitmap Index Scan on k_4  (cost=0.00..5.58 rows=114 width=0)
	        Index Cond: ((k >= 3293769) AND (k <= 3293869))

table 5 : explain SELECT k, c FROM sbtest5 WHERE k BETWEEN 3293769 AND 3293869
	Bitmap Heap Scan on sbtest5  (cost=5.39..373.61 rows=93 width=125)
	  Recheck Cond: ((k >= 3293769) AND (k <= 3293869))
	  ->  Bitmap Index Scan on k_5  (cost=0.00..5.36 rows=93 width=0)
	        Index Cond: ((k >= 3293769) AND (k <= 3293869))

table 6 : explain SELECT k, c FROM sbtest6 WHERE k BETWEEN 3293769 AND 3293869
	Bitmap Heap Scan on sbtest6  (cost=5.52..424.81 rows=106 width=125)
	  Recheck Cond: ((k >= 3293769) AND (k <= 3293869))
	  ->  Bitmap Index Scan on k_6  (cost=0.00..5.50 rows=106 width=0)
	        Index Cond: ((k >= 3293769) AND (k <= 3293869))

table 7 : explain SELECT k, c FROM sbtest7 WHERE k BETWEEN 3293769 AND 3293869
	Bitmap Heap Scan on sbtest7  (cost=5.40..377.55 rows=94 width=125)
	  Recheck Cond: ((k >= 3293769) AND (k <= 3293869))
	  ->  Bitmap Index Scan on k_7  (cost=0.00..5.38 rows=94 width=0)
	        Index Cond: ((k >= 3293769) AND (k <= 3293869))

table 8 : explain SELECT k, c FROM sbtest8 WHERE k BETWEEN 3293769 AND 3293869
	Bitmap Heap Scan on sbtest8  (cost=5.44..393.31 rows=98 width=125)
	  Recheck Cond: ((k >= 3293769) AND (k <= 3293869))
	  ->  Bitmap Index Scan on k_8  (cost=0.00..5.42 rows=98 width=0)
	        Index Cond: ((k >= 3293769) AND (k <= 3293869))

explain: for range-notcovered :: explain SELECT k, c FROM sbtest%d WHERE k BETWEEN 7034059 AND 7034159
explain: for range-notcovered :: explain SELECT k, c FROM sbtest%d WHERE k BETWEEN 3293769 AND 3293869
for range-notcovered
table 1 : explain SELECT k, c FROM sbtest1 WHERE k BETWEEN 6821134 AND 6821234
	Bitmap Heap Scan on sbtest1  (cost=5.40..377.55 rows=94 width=125)
	  Recheck Cond: ((k >= 6821134) AND (k <= 6821234))
	  ->  Bitmap Index Scan on k_1  (cost=0.00..5.38 rows=94 width=0)
	        Index Cond: ((k >= 6821134) AND (k <= 6821234))

table 2 : explain SELECT k, c FROM sbtest2 WHERE k BETWEEN 6821134 AND 6821234
	Bitmap Heap Scan on sbtest2  (cost=5.46..401.19 rows=100 width=125)
	  Recheck Cond: ((k >= 6821134) AND (k <= 6821234))
	  ->  Bitmap Index Scan on k_2  (cost=0.00..5.43 rows=100 width=0)
	        Index Cond: ((k >= 6821134) AND (k <= 6821234))

table 3 : explain SELECT k, c FROM sbtest3 WHERE k BETWEEN 6821134 AND 6821234
	Bitmap Heap Scan on sbtest3  (cost=5.48..409.07 rows=102 width=125)
	  Recheck Cond: ((k >= 6821134) AND (k <= 6821234))
	  ->  Bitmap Index Scan on k_3  (cost=0.00..5.45 rows=102 width=0)
	        Index Cond: ((k >= 6821134) AND (k <= 6821234))

table 4 : explain SELECT k, c FROM sbtest4 WHERE k BETWEEN 6821134 AND 6821234
	Bitmap Heap Scan on sbtest4  (cost=5.40..377.55 rows=94 width=125)
	  Recheck Cond: ((k >= 6821134) AND (k <= 6821234))
	  ->  Bitmap Index Scan on k_4  (cost=0.00..5.38 rows=94 width=0)
	        Index Cond: ((k >= 6821134) AND (k <= 6821234))

table 5 : explain SELECT k, c FROM sbtest5 WHERE k BETWEEN 6821134 AND 6821234
	Bitmap Heap Scan on sbtest5  (cost=5.52..424.81 rows=106 width=125)
	  Recheck Cond: ((k >= 6821134) AND (k <= 6821234))
	  ->  Bitmap Index Scan on k_5  (cost=0.00..5.50 rows=106 width=0)
	        Index Cond: ((k >= 6821134) AND (k <= 6821234))

table 6 : explain SELECT k, c FROM sbtest6 WHERE k BETWEEN 6821134 AND 6821234
	Bitmap Heap Scan on sbtest6  (cost=5.43..389.37 rows=97 width=125)
	  Recheck Cond: ((k >= 6821134) AND (k <= 6821234))
	  ->  Bitmap Index Scan on k_6  (cost=0.00..5.40 rows=97 width=0)
	        Index Cond: ((k >= 6821134) AND (k <= 6821234))

table 7 : explain SELECT k, c FROM sbtest7 WHERE k BETWEEN 6821134 AND 6821234
	Bitmap Heap Scan on sbtest7  (cost=5.47..405.13 rows=101 width=125)
	  Recheck Cond: ((k >= 6821134) AND (k <= 6821234))
	  ->  Bitmap Index Scan on k_7  (cost=0.00..5.44 rows=101 width=0)
	        Index Cond: ((k >= 6821134) AND (k <= 6821234))

table 8 : explain SELECT k, c FROM sbtest8 WHERE k BETWEEN 6821134 AND 6821234
	Bitmap Heap Scan on sbtest8  (cost=5.43..389.37 rows=97 width=125)
	  Recheck Cond: ((k >= 6821134) AND (k <= 6821234))
	  ->  Bitmap Index Scan on k_8  (cost=0.00..5.40 rows=97 width=0)
	        Index Cond: ((k >= 6821134) AND (k <= 6821234))

explain: for range-notcovered :: explain SELECT k, c FROM sbtest%d WHERE k BETWEEN 6821134 AND 6821234
for range-notcovered
table 1 : explain SELECT k, c FROM sbtest1 WHERE k BETWEEN 5898355 AND 5898455
	Bitmap Heap Scan on sbtest1  (cost=5.47..405.13 rows=101 width=125)
	  Recheck Cond: ((k >= 5898355) AND (k <= 5898455))
	  ->  Bitmap Index Scan on k_1  (cost=0.00..5.44 rows=101 width=0)
	        Index Cond: ((k >= 5898355) AND (k <= 5898455))

table 2 : explain SELECT k, c FROM sbtest2 WHERE k BETWEEN 5898355 AND 5898455
	Bitmap Heap Scan on sbtest2  (cost=5.44..393.31 rows=98 width=125)
	  Recheck Cond: ((k >= 5898355) AND (k <= 5898455))
	  ->  Bitmap Index Scan on k_2  (cost=0.00..5.42 rows=98 width=0)
	        Index Cond: ((k >= 5898355) AND (k <= 5898455))

table 3 : explain SELECT k, c FROM sbtest3 WHERE k BETWEEN 5898355 AND 5898455
	Bitmap Heap Scan on sbtest3  (cost=5.47..405.13 rows=101 width=125)
	  Recheck Cond: ((k >= 5898355) AND (k <= 5898455))
	  ->  Bitmap Index Scan on k_3  (cost=0.00..5.44 rows=101 width=0)
	        Index Cond: ((k >= 5898355) AND (k <= 5898455))

table 4 : explain SELECT k, c FROM sbtest4 WHERE k BETWEEN 5898355 AND 5898455
	Bitmap Heap Scan on sbtest4  (cost=5.48..409.07 rows=102 width=125)
	  Recheck Cond: ((k >= 5898355) AND (k <= 5898455))
	  ->  Bitmap Index Scan on k_4  (cost=0.00..5.45 rows=102 width=0)
	        Index Cond: ((k >= 5898355) AND (k <= 5898455))

table 5 : explain SELECT k, c FROM sbtest5 WHERE k BETWEEN 5898355 AND 5898455
	Bitmap Heap Scan on sbtest5  (cost=5.49..413.00 rows=103 width=125)
	  Recheck Cond: ((k >= 5898355) AND (k <= 5898455))
	  ->  Bitmap Index Scan on k_5  (cost=0.00..5.46 rows=103 width=0)
	        Index Cond: ((k >= 5898355) AND (k <= 5898455))

table 6 : explain SELECT k, c FROM sbtest6 WHERE k BETWEEN 5898355 AND 5898455
	Bitmap Heap Scan on sbtest6  (cost=5.42..385.43 rows=96 width=125)
	  Recheck Cond: ((k >= 5898355) AND (k <= 5898455))
	  ->  Bitmap Index Scan on k_6  (cost=0.00..5.39 rows=96 width=0)
	        Index Cond: ((k >= 5898355) AND (k <= 5898455))

table 7 : explain SELECT k, c FROM sbtest7 WHERE k BETWEEN 5898355 AND 5898455
	Bitmap Heap Scan on sbtest7  (cost=5.52..424.81 rows=106 width=125)
	  Recheck Cond: ((k >= 5898355) AND (k <= 5898455))
	  ->  Bitmap Index Scan on k_7  (cost=0.00..5.50 rows=106 width=0)
	        Index Cond: ((k >= 5898355) AND (k <= 5898455))

table 8 : explain SELECT k, c FROM sbtest8 WHERE k BETWEEN 5898355 AND 5898455
	Bitmap Heap Scan on sbtest8  (cost=5.54..432.69 rows=108 width=125)
	  Recheck Cond: ((k >= 5898355) AND (k <= 5898455))
	  ->  Bitmap Index Scan on k_8  (cost=0.00..5.51 rows=108 width=0)
	        Index Cond: ((k >= 5898355) AND (k <= 5898455))

explain: for range-notcovered :: explain SELECT k, c FROM sbtest%d WHERE k BETWEEN 5898355 AND 5898455
for range-notcovered
table 1 : explain SELECT k, c FROM sbtest1 WHERE k BETWEEN 4993461 AND 4993561
	Bitmap Heap Scan on sbtest1  (cost=5.43..389.37 rows=97 width=125)
	  Recheck Cond: ((k >= 4993461) AND (k <= 4993561))
	  ->  Bitmap Index Scan on k_1  (cost=0.00..5.40 rows=97 width=0)
	        Index Cond: ((k >= 4993461) AND (k <= 4993561))

table 2 : explain SELECT k, c FROM sbtest2 WHERE k BETWEEN 4993461 AND 4993561
	Bitmap Heap Scan on sbtest2  (cost=5.39..373.61 rows=93 width=125)
	  Recheck Cond: ((k >= 4993461) AND (k <= 4993561))
	  ->  Bitmap Index Scan on k_2  (cost=0.00..5.36 rows=93 width=0)
	        Index Cond: ((k >= 4993461) AND (k <= 4993561))

table 3 : explain SELECT k, c FROM sbtest3 WHERE k BETWEEN 4993461 AND 4993561
	Bitmap Heap Scan on sbtest3  (cost=5.41..381.49 rows=95 width=125)
	  Recheck Cond: ((k >= 4993461) AND (k <= 4993561))
	  ->  Bitmap Index Scan on k_3  (cost=0.00..5.38 rows=95 width=0)
	        Index Cond: ((k >= 4993461) AND (k <= 4993561))

table 4 : explain SELECT k, c FROM sbtest4 WHERE k BETWEEN 4993461 AND 4993561
	Bitmap Heap Scan on sbtest4  (cost=5.48..409.07 rows=102 width=125)
	  Recheck Cond: ((k >= 4993461) AND (k <= 4993561))
	  ->  Bitmap Index Scan on k_4  (cost=0.00..5.45 rows=102 width=0)
	        Index Cond: ((k >= 4993461) AND (k <= 4993561))

table 5 : explain SELECT k, c FROM sbtest5 WHERE k BETWEEN 4993461 AND 4993561
	Bitmap Heap Scan on sbtest5  (cost=5.62..464.15 rows=116 width=125)
	  Recheck Cond: ((k >= 4993461) AND (k <= 4993561))
	  ->  Bitmap Index Scan on k_5  (cost=0.00..5.59 rows=116 width=0)
	        Index Cond: ((k >= 4993461) AND (k <= 4993561))

table 6 : explain SELECT k, c FROM sbtest6 WHERE k BETWEEN 4993461 AND 4993561
	Bitmap Heap Scan on sbtest6  (cost=5.48..409.07 rows=102 width=125)
	  Recheck Cond: ((k >= 4993461) AND (k <= 4993561))
	  ->  Bitmap Index Scan on k_6  (cost=0.00..5.45 rows=102 width=0)
	        Index Cond: ((k >= 4993461) AND (k <= 4993561))

table 7 : explain SELECT k, c FROM sbtest7 WHERE k BETWEEN 4993461 AND 4993561
	Bitmap Heap Scan on sbtest7  (cost=5.43..389.37 rows=97 width=125)
	  Recheck Cond: ((k >= 4993461) AND (k <= 4993561))
	  ->  Bitmap Index Scan on k_7  (cost=0.00..5.40 rows=97 width=0)
	        Index Cond: ((k >= 4993461) AND (k <= 4993561))

table 8 : explain SELECT k, c FROM sbtest8 WHERE k BETWEEN 4993461 AND 4993561
	Bitmap Heap Scan on sbtest8  (cost=5.55..436.62 rows=109 width=125)
	  Recheck Cond: ((k >= 4993461) AND (k <= 4993561))
	  ->  Bitmap Index Scan on k_8  (cost=0.00..5.52 rows=109 width=0)
	        Index Cond: ((k >= 4993461) AND (k <= 4993561))

for range-notcovered
table 1 : explain SELECT k, c FROM sbtest1 WHERE k BETWEEN 6439300 AND 6439400
	Bitmap Heap Scan on sbtest1  (cost=5.47..405.13 rows=101 width=125)
	  Recheck Cond: ((k >= 6439300) AND (k <= 6439400))
	  ->  Bitmap Index Scan on k_1  (cost=0.00..5.44 rows=101 width=0)
	        Index Cond: ((k >= 6439300) AND (k <= 6439400))

table 2 : explain SELECT k, c FROM sbtest2 WHERE k BETWEEN 6439300 AND 6439400
	Bitmap Heap Scan on sbtest2  (cost=5.47..405.13 rows=101 width=125)
	  Recheck Cond: ((k >= 6439300) AND (k <= 6439400))
	  ->  Bitmap Index Scan on k_2  (cost=0.00..5.44 rows=101 width=0)
	        Index Cond: ((k >= 6439300) AND (k <= 6439400))

table 3 : explain SELECT k, c FROM sbtest3 WHERE k BETWEEN 6439300 AND 6439400
	Bitmap Heap Scan on sbtest3  (cost=5.50..416.94 rows=104 width=125)
	  Recheck Cond: ((k >= 6439300) AND (k <= 6439400))
	  ->  Bitmap Index Scan on k_3  (cost=0.00..5.47 rows=104 width=0)
	        Index Cond: ((k >= 6439300) AND (k <= 6439400))

table 4 : explain SELECT k, c FROM sbtest4 WHERE k BETWEEN 6439300 AND 6439400
	Bitmap Heap Scan on sbtest4  (cost=5.43..389.37 rows=97 width=125)
	  Recheck Cond: ((k >= 6439300) AND (k <= 6439400))
	  ->  Bitmap Index Scan on k_4  (cost=0.00..5.40 rows=97 width=0)
	        Index Cond: ((k >= 6439300) AND (k <= 6439400))

table 5 : explain SELECT k, c FROM sbtest5 WHERE k BETWEEN 6439300 AND 6439400
	Bitmap Heap Scan on sbtest5  (cost=5.39..373.61 rows=93 width=125)
	  Recheck Cond: ((k >= 6439300) AND (k <= 6439400))
	  ->  Bitmap Index Scan on k_5  (cost=0.00..5.36 rows=93 width=0)
	        Index Cond: ((k >= 6439300) AND (k <= 6439400))

table 6 : explain SELECT k, c FROM sbtest6 WHERE k BETWEEN 6439300 AND 6439400
	Bitmap Heap Scan on sbtest6  (cost=5.54..432.69 rows=108 width=125)
	  Recheck Cond: ((k >= 6439300) AND (k <= 6439400))
	  ->  Bitmap Index Scan on k_6  (cost=0.00..5.51 rows=108 width=0)
	        Index Cond: ((k >= 6439300) AND (k <= 6439400))

table 7 : explain SELECT k, c FROM sbtest7 WHERE k BETWEEN 6439300 AND 6439400
	Bitmap Heap Scan on sbtest7  (cost=5.44..393.31 rows=98 width=125)
	  Recheck Cond: ((k >= 6439300) AND (k <= 6439400))
	  ->  Bitmap Index Scan on k_7  (cost=0.00..5.42 rows=98 width=0)
	        Index Cond: ((k >= 6439300) AND (k <= 6439400))

table 8 : explain SELECT k, c FROM sbtest8 WHERE k BETWEEN 6439300 AND 6439400
	Bitmap Heap Scan on sbtest8  (cost=5.47..405.13 rows=101 width=125)
	  Recheck Cond: ((k >= 6439300) AND (k <= 6439400))
	  ->  Bitmap Index Scan on k_8  (cost=0.00..5.44 rows=101 width=0)
	        Index Cond: ((k >= 6439300) AND (k <= 6439400))

for range-notcovered
table 1 : explain SELECT k, c FROM sbtest1 WHERE k BETWEEN 2871707 AND 2871807
	Bitmap Heap Scan on sbtest1  (cost=5.49..413.00 rows=103 width=125)
	  Recheck Cond: ((k >= 2871707) AND (k <= 2871807))
	  ->  Bitmap Index Scan on k_1  (cost=0.00..5.46 rows=103 width=0)
	        Index Cond: ((k >= 2871707) AND (k <= 2871807))

table 2 : explain SELECT k, c FROM sbtest2 WHERE k BETWEEN 2871707 AND 2871807
	Bitmap Heap Scan on sbtest2  (cost=5.49..413.00 rows=103 width=125)
	  Recheck Cond: ((k >= 2871707) AND (k <= 2871807))
	  ->  Bitmap Index Scan on k_2  (cost=0.00..5.46 rows=103 width=0)
	        Index Cond: ((k >= 2871707) AND (k <= 2871807))

table 3 : explain SELECT k, c FROM sbtest3 WHERE k BETWEEN 2871707 AND 2871807
	Bitmap Heap Scan on sbtest3  (cost=5.43..389.37 rows=97 width=125)
	  Recheck Cond: ((k >= 2871707) AND (k <= 2871807))
	  ->  Bitmap Index Scan on k_3  (cost=0.00..5.40 rows=97 width=0)
	        Index Cond: ((k >= 2871707) AND (k <= 2871807))

table 4 : explain SELECT k, c FROM sbtest4 WHERE k BETWEEN 2871707 AND 2871807
	Bitmap Heap Scan on sbtest4  (cost=5.60..456.29 rows=114 width=125)
	  Recheck Cond: ((k >= 2871707) AND (k <= 2871807))
	  ->  Bitmap Index Scan on k_4  (cost=0.00..5.58 rows=114 width=0)
	        Index Cond: ((k >= 2871707) AND (k <= 2871807))

table 5 : explain SELECT k, c FROM sbtest5 WHERE k BETWEEN 2871707 AND 2871807
	Bitmap Heap Scan on sbtest5  (cost=5.55..436.62 rows=109 width=125)
	  Recheck Cond: ((k >= 2871707) AND (k <= 2871807))
	  ->  Bitmap Index Scan on k_5  (cost=0.00..5.52 rows=109 width=0)
	        Index Cond: ((k >= 2871707) AND (k <= 2871807))

table 6 : explain SELECT k, c FROM sbtest6 WHERE k BETWEEN 2871707 AND 2871807
	Bitmap Heap Scan on sbtest6  (cost=5.48..409.07 rows=102 width=125)
	  Recheck Cond: ((k >= 2871707) AND (k <= 2871807))
	  ->  Bitmap Index Scan on k_6  (cost=0.00..5.45 rows=102 width=0)
	        Index Cond: ((k >= 2871707) AND (k <= 2871807))

table 7 : explain SELECT k, c FROM sbtest7 WHERE k BETWEEN 2871707 AND 2871807
	Bitmap Heap Scan on sbtest7  (cost=5.50..416.94 rows=104 width=125)
	  Recheck Cond: ((k >= 2871707) AND (k <= 2871807))
	  ->  Bitmap Index Scan on k_7  (cost=0.00..5.47 rows=104 width=0)
	        Index Cond: ((k >= 2871707) AND (k <= 2871807))

table 8 : explain SELECT k, c FROM sbtest8 WHERE k BETWEEN 2871707 AND 2871807
	Bitmap Heap Scan on sbtest8  (cost=5.51..420.88 rows=105 width=125)
	  Recheck Cond: ((k >= 2871707) AND (k <= 2871807))
	  ->  Bitmap Index Scan on k_8  (cost=0.00..5.48 rows=105 width=0)
	        Index Cond: ((k >= 2871707) AND (k <= 2871807))

explain: for range-notcovered :: explain SELECT k, c FROM sbtest%d WHERE k BETWEEN 4993461 AND 4993561
explain: for range-notcovered :: explain SELECT k, c FROM sbtest%d WHERE k BETWEEN 2871707 AND 2871807
for range-notcovered
table 1 : explain SELECT k, c FROM sbtest1 WHERE k BETWEEN 7034059 AND 7034159
	Bitmap Heap Scan on sbtest1  (cost=5.51..420.88 rows=105 width=125)
	  Recheck Cond: ((k >= 7034059) AND (k <= 7034159))
	  ->  Bitmap Index Scan on k_1  (cost=0.00..5.48 rows=105 width=0)
	        Index Cond: ((k >= 7034059) AND (k <= 7034159))

table 2 : explain SELECT k, c FROM sbtest2 WHERE k BETWEEN 7034059 AND 7034159
	Bitmap Heap Scan on sbtest2  (cost=5.57..444.49 rows=111 width=125)
	  Recheck Cond: ((k >= 7034059) AND (k <= 7034159))
	  ->  Bitmap Index Scan on k_2  (cost=0.00..5.54 rows=111 width=0)
	        Index Cond: ((k >= 7034059) AND (k <= 7034159))

table 3 : explain SELECT k, c FROM sbtest3 WHERE k BETWEEN 7034059 AND 7034159
	Bitmap Heap Scan on sbtest3  (cost=5.45..397.25 rows=99 width=125)
	  Recheck Cond: ((k >= 7034059) AND (k <= 7034159))
	  ->  Bitmap Index Scan on k_3  (cost=0.00..5.42 rows=99 width=0)
	        Index Cond: ((k >= 7034059) AND (k <= 7034159))

table 4 : explain SELECT k, c FROM sbtest4 WHERE k BETWEEN 7034059 AND 7034159
	Bitmap Heap Scan on sbtest4  (cost=5.47..405.13 rows=101 width=125)
	  Recheck Cond: ((k >= 7034059) AND (k <= 7034159))
	  ->  Bitmap Index Scan on k_4  (cost=0.00..5.44 rows=101 width=0)
	        Index Cond: ((k >= 7034059) AND (k <= 7034159))

table 5 : explain SELECT k, c FROM sbtest5 WHERE k BETWEEN 7034059 AND 7034159
	Bitmap Heap Scan on sbtest5  (cost=5.48..409.07 rows=102 width=125)
	  Recheck Cond: ((k >= 7034059) AND (k <= 7034159))
	  ->  Bitmap Index Scan on k_5  (cost=0.00..5.45 rows=102 width=0)
	        Index Cond: ((k >= 7034059) AND (k <= 7034159))

table 6 : explain SELECT k, c FROM sbtest6 WHERE k BETWEEN 7034059 AND 7034159
	Bitmap Heap Scan on sbtest6  (cost=5.48..409.07 rows=102 width=125)
	  Recheck Cond: ((k >= 7034059) AND (k <= 7034159))
	  ->  Bitmap Index Scan on k_6  (cost=0.00..5.45 rows=102 width=0)
	        Index Cond: ((k >= 7034059) AND (k <= 7034159))

table 7 : explain SELECT k, c FROM sbtest7 WHERE k BETWEEN 7034059 AND 7034159
	Bitmap Heap Scan on sbtest7  (cost=5.53..428.75 rows=107 width=125)
	  Recheck Cond: ((k >= 7034059) AND (k <= 7034159))
	  ->  Bitmap Index Scan on k_7  (cost=0.00..5.50 rows=107 width=0)
	        Index Cond: ((k >= 7034059) AND (k <= 7034159))

table 8 : explain SELECT k, c FROM sbtest8 WHERE k BETWEEN 7034059 AND 7034159
	Bitmap Heap Scan on sbtest8  (cost=5.50..416.94 rows=104 width=125)
	  Recheck Cond: ((k >= 7034059) AND (k <= 7034159))
	  ->  Bitmap Index Scan on k_8  (cost=0.00..5.47 rows=104 width=0)
	        Index Cond: ((k >= 7034059) AND (k <= 7034159))

for range-notcovered
table 1 : explain SELECT k, c FROM sbtest1 WHERE k BETWEEN 3293769 AND 3293869
	Bitmap Heap Scan on sbtest1  (cost=5.44..393.31 rows=98 width=125)
	  Recheck Cond: ((k >= 3293769) AND (k <= 3293869))
	  ->  Bitmap Index Scan on k_1  (cost=0.00..5.42 rows=98 width=0)
	        Index Cond: ((k >= 3293769) AND (k <= 3293869))

table 2 : explain SELECT k, c FROM sbtest2 WHERE k BETWEEN 3293769 AND 3293869
	Bitmap Heap Scan on sbtest2  (cost=5.40..377.55 rows=94 width=125)
	  Recheck Cond: ((k >= 3293769) AND (k <= 3293869))
	  ->  Bitmap Index Scan on k_2  (cost=0.00..5.38 rows=94 width=0)
	        Index Cond: ((k >= 3293769) AND (k <= 3293869))

table 3 : explain SELECT k, c FROM sbtest3 WHERE k BETWEEN 3293769 AND 3293869
	Bitmap Heap Scan on sbtest3  (cost=5.50..416.94 rows=104 width=125)
	  Recheck Cond: ((k >= 3293769) AND (k <= 3293869))
	  ->  Bitmap Index Scan on k_3  (cost=0.00..5.47 rows=104 width=0)
	        Index Cond: ((k >= 3293769) AND (k <= 3293869))

table 4 : explain SELECT k, c FROM sbtest4 WHERE k BETWEEN 3293769 AND 3293869
	Bitmap Heap Scan on sbtest4  (cost=5.60..456.29 rows=114 width=125)
	  Recheck Cond: ((k >= 3293769) AND (k <= 3293869))
	  ->  Bitmap Index Scan on k_4  (cost=0.00..5.58 rows=114 width=0)
	        Index Cond: ((k >= 3293769) AND (k <= 3293869))

table 5 : explain SELECT k, c FROM sbtest5 WHERE k BETWEEN 3293769 AND 3293869
	Bitmap Heap Scan on sbtest5  (cost=5.39..373.61 rows=93 width=125)
	  Recheck Cond: ((k >= 3293769) AND (k <= 3293869))
	  ->  Bitmap Index Scan on k_5  (cost=0.00..5.36 rows=93 width=0)
	        Index Cond: ((k >= 3293769) AND (k <= 3293869))

table 6 : explain SELECT k, c FROM sbtest6 WHERE k BETWEEN 3293769 AND 3293869
	Bitmap Heap Scan on sbtest6  (cost=5.52..424.81 rows=106 width=125)
	  Recheck Cond: ((k >= 3293769) AND (k <= 3293869))
	  ->  Bitmap Index Scan on k_6  (cost=0.00..5.50 rows=106 width=0)
	        Index Cond: ((k >= 3293769) AND (k <= 3293869))

table 7 : explain SELECT k, c FROM sbtest7 WHERE k BETWEEN 3293769 AND 3293869
	Bitmap Heap Scan on sbtest7  (cost=5.40..377.55 rows=94 width=125)
	  Recheck Cond: ((k >= 3293769) AND (k <= 3293869))
	  ->  Bitmap Index Scan on k_7  (cost=0.00..5.38 rows=94 width=0)
	        Index Cond: ((k >= 3293769) AND (k <= 3293869))

table 8 : explain SELECT k, c FROM sbtest8 WHERE k BETWEEN 3293769 AND 3293869
	Bitmap Heap Scan on sbtest8  (cost=5.44..393.31 rows=98 width=125)
	  Recheck Cond: ((k >= 3293769) AND (k <= 3293869))
	  ->  Bitmap Index Scan on k_8  (cost=0.00..5.42 rows=98 width=0)
	        Index Cond: ((k >= 3293769) AND (k <= 3293869))

explain: for range-notcovered :: explain SELECT k, c FROM sbtest%d WHERE k BETWEEN 7034059 AND 7034159
explain: for range-notcovered :: explain SELECT k, c FROM sbtest%d WHERE k BETWEEN 3293769 AND 3293869
for range-notcovered
table 1 : explain SELECT k, c FROM sbtest1 WHERE k BETWEEN 6821134 AND 6821234
	Bitmap Heap Scan on sbtest1  (cost=5.40..377.55 rows=94 width=125)
	  Recheck Cond: ((k >= 6821134) AND (k <= 6821234))
	  ->  Bitmap Index Scan on k_1  (cost=0.00..5.38 rows=94 width=0)
	        Index Cond: ((k >= 6821134) AND (k <= 6821234))

table 2 : explain SELECT k, c FROM sbtest2 WHERE k BETWEEN 6821134 AND 6821234
	Bitmap Heap Scan on sbtest2  (cost=5.46..401.19 rows=100 width=125)
	  Recheck Cond: ((k >= 6821134) AND (k <= 6821234))
	  ->  Bitmap Index Scan on k_2  (cost=0.00..5.43 rows=100 width=0)
	        Index Cond: ((k >= 6821134) AND (k <= 6821234))

table 3 : explain SELECT k, c FROM sbtest3 WHERE k BETWEEN 6821134 AND 6821234
	Bitmap Heap Scan on sbtest3  (cost=5.48..409.07 rows=102 width=125)
	  Recheck Cond: ((k >= 6821134) AND (k <= 6821234))
	  ->  Bitmap Index Scan on k_3  (cost=0.00..5.45 rows=102 width=0)
	        Index Cond: ((k >= 6821134) AND (k <= 6821234))

table 4 : explain SELECT k, c FROM sbtest4 WHERE k BETWEEN 6821134 AND 6821234
	Bitmap Heap Scan on sbtest4  (cost=5.40..377.55 rows=94 width=125)
	  Recheck Cond: ((k >= 6821134) AND (k <= 6821234))
	  ->  Bitmap Index Scan on k_4  (cost=0.00..5.38 rows=94 width=0)
	        Index Cond: ((k >= 6821134) AND (k <= 6821234))

table 5 : explain SELECT k, c FROM sbtest5 WHERE k BETWEEN 6821134 AND 6821234
	Bitmap Heap Scan on sbtest5  (cost=5.52..424.81 rows=106 width=125)
	  Recheck Cond: ((k >= 6821134) AND (k <= 6821234))
	  ->  Bitmap Index Scan on k_5  (cost=0.00..5.50 rows=106 width=0)
	        Index Cond: ((k >= 6821134) AND (k <= 6821234))

table 6 : explain SELECT k, c FROM sbtest6 WHERE k BETWEEN 6821134 AND 6821234
	Bitmap Heap Scan on sbtest6  (cost=5.43..389.37 rows=97 width=125)
	  Recheck Cond: ((k >= 6821134) AND (k <= 6821234))
	  ->  Bitmap Index Scan on k_6  (cost=0.00..5.40 rows=97 width=0)
	        Index Cond: ((k >= 6821134) AND (k <= 6821234))

table 7 : explain SELECT k, c FROM sbtest7 WHERE k BETWEEN 6821134 AND 6821234
	Bitmap Heap Scan on sbtest7  (cost=5.47..405.13 rows=101 width=125)
	  Recheck Cond: ((k >= 6821134) AND (k <= 6821234))
	  ->  Bitmap Index Scan on k_7  (cost=0.00..5.44 rows=101 width=0)
	        Index Cond: ((k >= 6821134) AND (k <= 6821234))

table 8 : explain SELECT k, c FROM sbtest8 WHERE k BETWEEN 6821134 AND 6821234
	Bitmap Heap Scan on sbtest8  (cost=5.43..389.37 rows=97 width=125)
	  Recheck Cond: ((k >= 6821134) AND (k <= 6821234))
	  ->  Bitmap Index Scan on k_8  (cost=0.00..5.40 rows=97 width=0)
	        Index Cond: ((k >= 6821134) AND (k <= 6821234))

for range-notcovered
table 1 : explain SELECT k, c FROM sbtest1 WHERE k BETWEEN 5898355 AND 5898455
	Bitmap Heap Scan on sbtest1  (cost=5.47..405.13 rows=101 width=125)
	  Recheck Cond: ((k >= 5898355) AND (k <= 5898455))
	  ->  Bitmap Index Scan on k_1  (cost=0.00..5.44 rows=101 width=0)
	        Index Cond: ((k >= 5898355) AND (k <= 5898455))

table 2 : explain SELECT k, c FROM sbtest2 WHERE k BETWEEN 5898355 AND 5898455
	Bitmap Heap Scan on sbtest2  (cost=5.44..393.31 rows=98 width=125)
	  Recheck Cond: ((k >= 5898355) AND (k <= 5898455))
	  ->  Bitmap Index Scan on k_2  (cost=0.00..5.42 rows=98 width=0)
	        Index Cond: ((k >= 5898355) AND (k <= 5898455))

table 3 : explain SELECT k, c FROM sbtest3 WHERE k BETWEEN 5898355 AND 5898455
	Bitmap Heap Scan on sbtest3  (cost=5.47..405.13 rows=101 width=125)
	  Recheck Cond: ((k >= 5898355) AND (k <= 5898455))
	  ->  Bitmap Index Scan on k_3  (cost=0.00..5.44 rows=101 width=0)
	        Index Cond: ((k >= 5898355) AND (k <= 5898455))

table 4 : explain SELECT k, c FROM sbtest4 WHERE k BETWEEN 5898355 AND 5898455
	Bitmap Heap Scan on sbtest4  (cost=5.48..409.07 rows=102 width=125)
	  Recheck Cond: ((k >= 5898355) AND (k <= 5898455))
	  ->  Bitmap Index Scan on k_4  (cost=0.00..5.45 rows=102 width=0)
	        Index Cond: ((k >= 5898355) AND (k <= 5898455))

table 5 : explain SELECT k, c FROM sbtest5 WHERE k BETWEEN 5898355 AND 5898455
	Bitmap Heap Scan on sbtest5  (cost=5.49..413.00 rows=103 width=125)
	  Recheck Cond: ((k >= 5898355) AND (k <= 5898455))
	  ->  Bitmap Index Scan on k_5  (cost=0.00..5.46 rows=103 width=0)
	        Index Cond: ((k >= 5898355) AND (k <= 5898455))

table 6 : explain SELECT k, c FROM sbtest6 WHERE k BETWEEN 5898355 AND 5898455
	Bitmap Heap Scan on sbtest6  (cost=5.42..385.43 rows=96 width=125)
	  Recheck Cond: ((k >= 5898355) AND (k <= 5898455))
	  ->  Bitmap Index Scan on k_6  (cost=0.00..5.39 rows=96 width=0)
	        Index Cond: ((k >= 5898355) AND (k <= 5898455))

table 7 : explain SELECT k, c FROM sbtest7 WHERE k BETWEEN 5898355 AND 5898455
	Bitmap Heap Scan on sbtest7  (cost=5.52..424.81 rows=106 width=125)
	  Recheck Cond: ((k >= 5898355) AND (k <= 5898455))
	  ->  Bitmap Index Scan on k_7  (cost=0.00..5.50 rows=106 width=0)
	        Index Cond: ((k >= 5898355) AND (k <= 5898455))

table 8 : explain SELECT k, c FROM sbtest8 WHERE k BETWEEN 5898355 AND 5898455
	Bitmap Heap Scan on sbtest8  (cost=5.54..432.69 rows=108 width=125)
	  Recheck Cond: ((k >= 5898355) AND (k <= 5898455))
	  ->  Bitmap Index Scan on k_8  (cost=0.00..5.51 rows=108 width=0)
	        Index Cond: ((k >= 5898355) AND (k <= 5898455))

explain: for range-notcovered :: explain SELECT k, c FROM sbtest%d WHERE k BETWEEN 6821134 AND 6821234
for range-notcovered
table 1 : explain SELECT k, c FROM sbtest1 WHERE k BETWEEN 5657732 AND 5657832
	Bitmap Heap Scan on sbtest1  (cost=5.42..385.43 rows=96 width=125)
	  Recheck Cond: ((k >= 5657732) AND (k <= 5657832))
	  ->  Bitmap Index Scan on k_1  (cost=0.00..5.39 rows=96 width=0)
	        Index Cond: ((k >= 5657732) AND (k <= 5657832))

table 2 : explain SELECT k, c FROM sbtest2 WHERE k BETWEEN 5657732 AND 5657832
	Bitmap Heap Scan on sbtest2  (cost=5.53..428.75 rows=107 width=125)
	  Recheck Cond: ((k >= 5657732) AND (k <= 5657832))
	  ->  Bitmap Index Scan on k_2  (cost=0.00..5.50 rows=107 width=0)
	        Index Cond: ((k >= 5657732) AND (k <= 5657832))

table 3 : explain SELECT k, c FROM sbtest3 WHERE k BETWEEN 5657732 AND 5657832
	Bitmap Heap Scan on sbtest3  (cost=5.47..405.13 rows=101 width=125)
	  Recheck Cond: ((k >= 5657732) AND (k <= 5657832))
	  ->  Bitmap Index Scan on k_3  (cost=0.00..5.44 rows=101 width=0)
	        Index Cond: ((k >= 5657732) AND (k <= 5657832))

table 4 : explain SELECT k, c FROM sbtest4 WHERE k BETWEEN 5657732 AND 5657832
	Bitmap Heap Scan on sbtest4  (cost=5.43..389.37 rows=97 width=125)
	  Recheck Cond: ((k >= 5657732) AND (k <= 5657832))
	  ->  Bitmap Index Scan on k_4  (cost=0.00..5.40 rows=97 width=0)
	        Index Cond: ((k >= 5657732) AND (k <= 5657832))

table 5 : explain SELECT k, c FROM sbtest5 WHERE k BETWEEN 5657732 AND 5657832
	Bitmap Heap Scan on sbtest5  (cost=5.50..416.94 rows=104 width=125)
	  Recheck Cond: ((k >= 5657732) AND (k <= 5657832))
	  ->  Bitmap Index Scan on k_5  (cost=0.00..5.47 rows=104 width=0)
	        Index Cond: ((k >= 5657732) AND (k <= 5657832))

table 6 : explain SELECT k, c FROM sbtest6 WHERE k BETWEEN 5657732 AND 5657832
	Bitmap Heap Scan on sbtest6  (cost=5.47..405.13 rows=101 width=125)
	  Recheck Cond: ((k >= 5657732) AND (k <= 5657832))
	  ->  Bitmap Index Scan on k_6  (cost=0.00..5.44 rows=101 width=0)
	        Index Cond: ((k >= 5657732) AND (k <= 5657832))

table 7 : explain SELECT k, c FROM sbtest7 WHERE k BETWEEN 5657732 AND 5657832
	Bitmap Heap Scan on sbtest7  (cost=5.43..389.37 rows=97 width=125)
	  Recheck Cond: ((k >= 5657732) AND (k <= 5657832))
	  ->  Bitmap Index Scan on k_7  (cost=0.00..5.40 rows=97 width=0)
	        Index Cond: ((k >= 5657732) AND (k <= 5657832))

table 8 : explain SELECT k, c FROM sbtest8 WHERE k BETWEEN 5657732 AND 5657832
	Bitmap Heap Scan on sbtest8  (cost=5.42..385.43 rows=96 width=125)
	  Recheck Cond: ((k >= 5657732) AND (k <= 5657832))
	  ->  Bitmap Index Scan on k_8  (cost=0.00..5.39 rows=96 width=0)
	        Index Cond: ((k >= 5657732) AND (k <= 5657832))

explain: for range-notcovered :: explain SELECT k, c FROM sbtest%d WHERE k BETWEEN 5657732 AND 5657832
for range-notcovered
table 1 : explain SELECT k, c FROM sbtest1 WHERE k BETWEEN 4993461 AND 4993561
	Bitmap Heap Scan on sbtest1  (cost=5.43..389.37 rows=97 width=125)
	  Recheck Cond: ((k >= 4993461) AND (k <= 4993561))
	  ->  Bitmap Index Scan on k_1  (cost=0.00..5.40 rows=97 width=0)
	        Index Cond: ((k >= 4993461) AND (k <= 4993561))

table 2 : explain SELECT k, c FROM sbtest2 WHERE k BETWEEN 4993461 AND 4993561
	Bitmap Heap Scan on sbtest2  (cost=5.39..373.61 rows=93 width=125)
	  Recheck Cond: ((k >= 4993461) AND (k <= 4993561))
	  ->  Bitmap Index Scan on k_2  (cost=0.00..5.36 rows=93 width=0)
	        Index Cond: ((k >= 4993461) AND (k <= 4993561))

table 3 : explain SELECT k, c FROM sbtest3 WHERE k BETWEEN 4993461 AND 4993561
	Bitmap Heap Scan on sbtest3  (cost=5.41..381.49 rows=95 width=125)
	  Recheck Cond: ((k >= 4993461) AND (k <= 4993561))
	  ->  Bitmap Index Scan on k_3  (cost=0.00..5.38 rows=95 width=0)
	        Index Cond: ((k >= 4993461) AND (k <= 4993561))

table 4 : explain SELECT k, c FROM sbtest4 WHERE k BETWEEN 4993461 AND 4993561
	Bitmap Heap Scan on sbtest4  (cost=5.48..409.07 rows=102 width=125)
	  Recheck Cond: ((k >= 4993461) AND (k <= 4993561))
	  ->  Bitmap Index Scan on k_4  (cost=0.00..5.45 rows=102 width=0)
	        Index Cond: ((k >= 4993461) AND (k <= 4993561))

table 5 : explain SELECT k, c FROM sbtest5 WHERE k BETWEEN 4993461 AND 4993561
	Bitmap Heap Scan on sbtest5  (cost=5.62..464.15 rows=116 width=125)
	  Recheck Cond: ((k >= 4993461) AND (k <= 4993561))
	  ->  Bitmap Index Scan on k_5  (cost=0.00..5.59 rows=116 width=0)
	        Index Cond: ((k >= 4993461) AND (k <= 4993561))

table 6 : explain SELECT k, c FROM sbtest6 WHERE k BETWEEN 4993461 AND 4993561
	Bitmap Heap Scan on sbtest6  (cost=5.48..409.07 rows=102 width=125)
	  Recheck Cond: ((k >= 4993461) AND (k <= 4993561))
	  ->  Bitmap Index Scan on k_6  (cost=0.00..5.45 rows=102 width=0)
	        Index Cond: ((k >= 4993461) AND (k <= 4993561))

table 7 : explain SELECT k, c FROM sbtest7 WHERE k BETWEEN 4993461 AND 4993561
	Bitmap Heap Scan on sbtest7  (cost=5.43..389.37 rows=97 width=125)
	  Recheck Cond: ((k >= 4993461) AND (k <= 4993561))
	  ->  Bitmap Index Scan on k_7  (cost=0.00..5.40 rows=97 width=0)
	        Index Cond: ((k >= 4993461) AND (k <= 4993561))

table 8 : explain SELECT k, c FROM sbtest8 WHERE k BETWEEN 4993461 AND 4993561
	Bitmap Heap Scan on sbtest8  (cost=5.55..436.62 rows=109 width=125)
	  Recheck Cond: ((k >= 4993461) AND (k <= 4993561))
	  ->  Bitmap Index Scan on k_8  (cost=0.00..5.52 rows=109 width=0)
	        Index Cond: ((k >= 4993461) AND (k <= 4993561))

for range-notcovered
table 1 : explain SELECT k, c FROM sbtest1 WHERE k BETWEEN 6128241 AND 6128341
	Bitmap Heap Scan on sbtest1  (cost=5.55..436.62 rows=109 width=125)
	  Recheck Cond: ((k >= 6128241) AND (k <= 6128341))
	  ->  Bitmap Index Scan on k_1  (cost=0.00..5.52 rows=109 width=0)
	        Index Cond: ((k >= 6128241) AND (k <= 6128341))

table 2 : explain SELECT k, c FROM sbtest2 WHERE k BETWEEN 6128241 AND 6128341
	Bitmap Heap Scan on sbtest2  (cost=5.49..413.00 rows=103 width=125)
	  Recheck Cond: ((k >= 6128241) AND (k <= 6128341))
	  ->  Bitmap Index Scan on k_2  (cost=0.00..5.46 rows=103 width=0)
	        Index Cond: ((k >= 6128241) AND (k <= 6128341))

table 3 : explain SELECT k, c FROM sbtest3 WHERE k BETWEEN 6128241 AND 6128341
	Bitmap Heap Scan on sbtest3  (cost=5.45..397.25 rows=99 width=125)
	  Recheck Cond: ((k >= 6128241) AND (k <= 6128341))
	  ->  Bitmap Index Scan on k_3  (cost=0.00..5.42 rows=99 width=0)
	        Index Cond: ((k >= 6128241) AND (k <= 6128341))

table 4 : explain SELECT k, c FROM sbtest4 WHERE k BETWEEN 6128241 AND 6128341
	Bitmap Heap Scan on sbtest4  (cost=5.45..397.25 rows=99 width=125)
	  Recheck Cond: ((k >= 6128241) AND (k <= 6128341))
	  ->  Bitmap Index Scan on k_4  (cost=0.00..5.42 rows=99 width=0)
	        Index Cond: ((k >= 6128241) AND (k <= 6128341))

table 5 : explain SELECT k, c FROM sbtest5 WHERE k BETWEEN 6128241 AND 6128341
	Bitmap Heap Scan on sbtest5  (cost=5.49..413.00 rows=103 width=125)
	  Recheck Cond: ((k >= 6128241) AND (k <= 6128341))
	  ->  Bitmap Index Scan on k_5  (cost=0.00..5.46 rows=103 width=0)
	        Index Cond: ((k >= 6128241) AND (k <= 6128341))

table 6 : explain SELECT k, c FROM sbtest6 WHERE k BETWEEN 6128241 AND 6128341
	Bitmap Heap Scan on sbtest6  (cost=5.50..416.94 rows=104 width=125)
	  Recheck Cond: ((k >= 6128241) AND (k <= 6128341))
	  ->  Bitmap Index Scan on k_6  (cost=0.00..5.47 rows=104 width=0)
	        Index Cond: ((k >= 6128241) AND (k <= 6128341))

table 7 : explain SELECT k, c FROM sbtest7 WHERE k BETWEEN 6128241 AND 6128341
	Bitmap Heap Scan on sbtest7  (cost=5.53..428.75 rows=107 width=125)
	  Recheck Cond: ((k >= 6128241) AND (k <= 6128341))
	  ->  Bitmap Index Scan on k_7  (cost=0.00..5.50 rows=107 width=0)
	        Index Cond: ((k >= 6128241) AND (k <= 6128341))

table 8 : explain SELECT k, c FROM sbtest8 WHERE k BETWEEN 6128241 AND 6128341
	Bitmap Heap Scan on sbtest8  (cost=5.57..444.49 rows=111 width=125)
	  Recheck Cond: ((k >= 6128241) AND (k <= 6128341))
	  ->  Bitmap Index Scan on k_8  (cost=0.00..5.54 rows=111 width=0)
	        Index Cond: ((k >= 6128241) AND (k <= 6128341))

for range-notcovered
table 1 : explain SELECT k, c FROM sbtest1 WHERE k BETWEEN 2871707 AND 2871807
	Bitmap Heap Scan on sbtest1  (cost=5.49..413.00 rows=103 width=125)
	  Recheck Cond: ((k >= 2871707) AND (k <= 2871807))
	  ->  Bitmap Index Scan on k_1  (cost=0.00..5.46 rows=103 width=0)
	        Index Cond: ((k >= 2871707) AND (k <= 2871807))

table 2 : explain SELECT k, c FROM sbtest2 WHERE k BETWEEN 2871707 AND 2871807
	Bitmap Heap Scan on sbtest2  (cost=5.49..413.00 rows=103 width=125)
	  Recheck Cond: ((k >= 2871707) AND (k <= 2871807))
	  ->  Bitmap Index Scan on k_2  (cost=0.00..5.46 rows=103 width=0)
	        Index Cond: ((k >= 2871707) AND (k <= 2871807))

table 3 : explain SELECT k, c FROM sbtest3 WHERE k BETWEEN 2871707 AND 2871807
	Bitmap Heap Scan on sbtest3  (cost=5.43..389.37 rows=97 width=125)
	  Recheck Cond: ((k >= 2871707) AND (k <= 2871807))
	  ->  Bitmap Index Scan on k_3  (cost=0.00..5.40 rows=97 width=0)
	        Index Cond: ((k >= 2871707) AND (k <= 2871807))

table 4 : explain SELECT k, c FROM sbtest4 WHERE k BETWEEN 2871707 AND 2871807
	Bitmap Heap Scan on sbtest4  (cost=5.60..456.29 rows=114 width=125)
	  Recheck Cond: ((k >= 2871707) AND (k <= 2871807))
	  ->  Bitmap Index Scan on k_4  (cost=0.00..5.58 rows=114 width=0)
	        Index Cond: ((k >= 2871707) AND (k <= 2871807))

table 5 : explain SELECT k, c FROM sbtest5 WHERE k BETWEEN 2871707 AND 2871807
	Bitmap Heap Scan on sbtest5  (cost=5.55..436.62 rows=109 width=125)
	  Recheck Cond: ((k >= 2871707) AND (k <= 2871807))
	  ->  Bitmap Index Scan on k_5  (cost=0.00..5.52 rows=109 width=0)
	        Index Cond: ((k >= 2871707) AND (k <= 2871807))

table 6 : explain SELECT k, c FROM sbtest6 WHERE k BETWEEN 2871707 AND 2871807
	Bitmap Heap Scan on sbtest6  (cost=5.48..409.07 rows=102 width=125)
	  Recheck Cond: ((k >= 2871707) AND (k <= 2871807))
	  ->  Bitmap Index Scan on k_6  (cost=0.00..5.45 rows=102 width=0)
	        Index Cond: ((k >= 2871707) AND (k <= 2871807))

table 7 : explain SELECT k, c FROM sbtest7 WHERE k BETWEEN 2871707 AND 2871807
	Bitmap Heap Scan on sbtest7  (cost=5.50..416.94 rows=104 width=125)
	  Recheck Cond: ((k >= 2871707) AND (k <= 2871807))
	  ->  Bitmap Index Scan on k_7  (cost=0.00..5.47 rows=104 width=0)
	        Index Cond: ((k >= 2871707) AND (k <= 2871807))

table 8 : explain SELECT k, c FROM sbtest8 WHERE k BETWEEN 2871707 AND 2871807
	Bitmap Heap Scan on sbtest8  (cost=5.51..420.88 rows=105 width=125)
	  Recheck Cond: ((k >= 2871707) AND (k <= 2871807))
	  ->  Bitmap Index Scan on k_8  (cost=0.00..5.48 rows=105 width=0)
	        Index Cond: ((k >= 2871707) AND (k <= 2871807))

explain: for range-notcovered :: explain SELECT k, c FROM sbtest%d WHERE k BETWEEN 6128241 AND 6128341
explain: for range-notcovered :: explain SELECT k, c FROM sbtest%d WHERE k BETWEEN 4993461 AND 4993561
for range-notcovered
table 1 : explain SELECT k, c FROM sbtest1 WHERE k BETWEEN 3293769 AND 3293869
	Bitmap Heap Scan on sbtest1  (cost=5.44..393.31 rows=98 width=125)
	  Recheck Cond: ((k >= 3293769) AND (k <= 3293869))
	  ->  Bitmap Index Scan on k_1  (cost=0.00..5.42 rows=98 width=0)
	        Index Cond: ((k >= 3293769) AND (k <= 3293869))

table 2 : explain SELECT k, c FROM sbtest2 WHERE k BETWEEN 3293769 AND 3293869
	Bitmap Heap Scan on sbtest2  (cost=5.40..377.55 rows=94 width=125)
	  Recheck Cond: ((k >= 3293769) AND (k <= 3293869))
	  ->  Bitmap Index Scan on k_2  (cost=0.00..5.38 rows=94 width=0)
	        Index Cond: ((k >= 3293769) AND (k <= 3293869))

table 3 : explain SELECT k, c FROM sbtest3 WHERE k BETWEEN 3293769 AND 3293869
	Bitmap Heap Scan on sbtest3  (cost=5.50..416.94 rows=104 width=125)
	  Recheck Cond: ((k >= 3293769) AND (k <= 3293869))
	  ->  Bitmap Index Scan on k_3  (cost=0.00..5.47 rows=104 width=0)
	        Index Cond: ((k >= 3293769) AND (k <= 3293869))

table 4 : explain SELECT k, c FROM sbtest4 WHERE k BETWEEN 3293769 AND 3293869
	Bitmap Heap Scan on sbtest4  (cost=5.60..456.29 rows=114 width=125)
	  Recheck Cond: ((k >= 3293769) AND (k <= 3293869))
	  ->  Bitmap Index Scan on k_4  (cost=0.00..5.58 rows=114 width=0)
	        Index Cond: ((k >= 3293769) AND (k <= 3293869))

table 5 : explain SELECT k, c FROM sbtest5 WHERE k BETWEEN 3293769 AND 3293869
	Bitmap Heap Scan on sbtest5  (cost=5.39..373.61 rows=93 width=125)
	  Recheck Cond: ((k >= 3293769) AND (k <= 3293869))
	  ->  Bitmap Index Scan on k_5  (cost=0.00..5.36 rows=93 width=0)
	        Index Cond: ((k >= 3293769) AND (k <= 3293869))

table 6 : explain SELECT k, c FROM sbtest6 WHERE k BETWEEN 3293769 AND 3293869
	Bitmap Heap Scan on sbtest6  (cost=5.52..424.81 rows=106 width=125)
	  Recheck Cond: ((k >= 3293769) AND (k <= 3293869))
	  ->  Bitmap Index Scan on k_6  (cost=0.00..5.50 rows=106 width=0)
	        Index Cond: ((k >= 3293769) AND (k <= 3293869))

table 7 : explain SELECT k, c FROM sbtest7 WHERE k BETWEEN 3293769 AND 3293869
	Bitmap Heap Scan on sbtest7  (cost=5.40..377.55 rows=94 width=125)
	  Recheck Cond: ((k >= 3293769) AND (k <= 3293869))
	  ->  Bitmap Index Scan on k_7  (cost=0.00..5.38 rows=94 width=0)
	        Index Cond: ((k >= 3293769) AND (k <= 3293869))

table 8 : explain SELECT k, c FROM sbtest8 WHERE k BETWEEN 3293769 AND 3293869
	Bitmap Heap Scan on sbtest8  (cost=5.44..393.31 rows=98 width=125)
	  Recheck Cond: ((k >= 3293769) AND (k <= 3293869))
	  ->  Bitmap Index Scan on k_8  (cost=0.00..5.42 rows=98 width=0)
	        Index Cond: ((k >= 3293769) AND (k <= 3293869))

for range-notcovered
table 1 : explain SELECT k, c FROM sbtest1 WHERE k BETWEEN 7034059 AND 7034159
	Bitmap Heap Scan on sbtest1  (cost=5.51..420.88 rows=105 width=125)
	  Recheck Cond: ((k >= 7034059) AND (k <= 7034159))
	  ->  Bitmap Index Scan on k_1  (cost=0.00..5.48 rows=105 width=0)
	        Index Cond: ((k >= 7034059) AND (k <= 7034159))

table 2 : explain SELECT k, c FROM sbtest2 WHERE k BETWEEN 7034059 AND 7034159
	Bitmap Heap Scan on sbtest2  (cost=5.57..444.49 rows=111 width=125)
	  Recheck Cond: ((k >= 7034059) AND (k <= 7034159))
	  ->  Bitmap Index Scan on k_2  (cost=0.00..5.54 rows=111 width=0)
	        Index Cond: ((k >= 7034059) AND (k <= 7034159))

table 3 : explain SELECT k, c FROM sbtest3 WHERE k BETWEEN 7034059 AND 7034159
	Bitmap Heap Scan on sbtest3  (cost=5.45..397.25 rows=99 width=125)
	  Recheck Cond: ((k >= 7034059) AND (k <= 7034159))
	  ->  Bitmap Index Scan on k_3  (cost=0.00..5.42 rows=99 width=0)
	        Index Cond: ((k >= 7034059) AND (k <= 7034159))

table 4 : explain SELECT k, c FROM sbtest4 WHERE k BETWEEN 7034059 AND 7034159
	Bitmap Heap Scan on sbtest4  (cost=5.47..405.13 rows=101 width=125)
	  Recheck Cond: ((k >= 7034059) AND (k <= 7034159))
	  ->  Bitmap Index Scan on k_4  (cost=0.00..5.44 rows=101 width=0)
	        Index Cond: ((k >= 7034059) AND (k <= 7034159))

table 5 : explain SELECT k, c FROM sbtest5 WHERE k BETWEEN 7034059 AND 7034159
	Bitmap Heap Scan on sbtest5  (cost=5.48..409.07 rows=102 width=125)
	  Recheck Cond: ((k >= 7034059) AND (k <= 7034159))
	  ->  Bitmap Index Scan on k_5  (cost=0.00..5.45 rows=102 width=0)
	        Index Cond: ((k >= 7034059) AND (k <= 7034159))

table 6 : explain SELECT k, c FROM sbtest6 WHERE k BETWEEN 7034059 AND 7034159
	Bitmap Heap Scan on sbtest6  (cost=5.48..409.07 rows=102 width=125)
	  Recheck Cond: ((k >= 7034059) AND (k <= 7034159))
	  ->  Bitmap Index Scan on k_6  (cost=0.00..5.45 rows=102 width=0)
	        Index Cond: ((k >= 7034059) AND (k <= 7034159))

table 7 : explain SELECT k, c FROM sbtest7 WHERE k BETWEEN 7034059 AND 7034159
	Bitmap Heap Scan on sbtest7  (cost=5.53..428.75 rows=107 width=125)
	  Recheck Cond: ((k >= 7034059) AND (k <= 7034159))
	  ->  Bitmap Index Scan on k_7  (cost=0.00..5.50 rows=107 width=0)
	        Index Cond: ((k >= 7034059) AND (k <= 7034159))

table 8 : explain SELECT k, c FROM sbtest8 WHERE k BETWEEN 7034059 AND 7034159
	Bitmap Heap Scan on sbtest8  (cost=5.50..416.94 rows=104 width=125)
	  Recheck Cond: ((k >= 7034059) AND (k <= 7034159))
	  ->  Bitmap Index Scan on k_8  (cost=0.00..5.47 rows=104 width=0)
	        Index Cond: ((k >= 7034059) AND (k <= 7034159))

explain: for range-notcovered :: explain SELECT k, c FROM sbtest%d WHERE k BETWEEN 3293769 AND 3293869
explain: for range-notcovered :: explain SELECT k, c FROM sbtest%d WHERE k BETWEEN 7034059 AND 7034159
for range-notcovered
table 1 : explain SELECT k, c FROM sbtest1 WHERE k BETWEEN 6470408 AND 6470508
	Bitmap Heap Scan on sbtest1  (cost=5.47..405.13 rows=101 width=125)
	  Recheck Cond: ((k >= 6470408) AND (k <= 6470508))
	  ->  Bitmap Index Scan on k_1  (cost=0.00..5.44 rows=101 width=0)
	        Index Cond: ((k >= 6470408) AND (k <= 6470508))

table 2 : explain SELECT k, c FROM sbtest2 WHERE k BETWEEN 6470408 AND 6470508
	Bitmap Heap Scan on sbtest2  (cost=5.47..405.13 rows=101 width=125)
	  Recheck Cond: ((k >= 6470408) AND (k <= 6470508))
	  ->  Bitmap Index Scan on k_2  (cost=0.00..5.44 rows=101 width=0)
	        Index Cond: ((k >= 6470408) AND (k <= 6470508))

table 3 : explain SELECT k, c FROM sbtest3 WHERE k BETWEEN 6470408 AND 6470508
	Bitmap Heap Scan on sbtest3  (cost=5.50..416.94 rows=104 width=125)
	  Recheck Cond: ((k >= 6470408) AND (k <= 6470508))
	  ->  Bitmap Index Scan on k_3  (cost=0.00..5.47 rows=104 width=0)
	        Index Cond: ((k >= 6470408) AND (k <= 6470508))

table 4 : explain SELECT k, c FROM sbtest4 WHERE k BETWEEN 6470408 AND 6470508
	Bitmap Heap Scan on sbtest4  (cost=5.40..377.55 rows=94 width=125)
	  Recheck Cond: ((k >= 6470408) AND (k <= 6470508))
	  ->  Bitmap Index Scan on k_4  (cost=0.00..5.38 rows=94 width=0)
	        Index Cond: ((k >= 6470408) AND (k <= 6470508))

table 5 : explain SELECT k, c FROM sbtest5 WHERE k BETWEEN 6470408 AND 6470508
	Bitmap Heap Scan on sbtest5  (cost=5.39..373.61 rows=93 width=125)
	  Recheck Cond: ((k >= 6470408) AND (k <= 6470508))
	  ->  Bitmap Index Scan on k_5  (cost=0.00..5.36 rows=93 width=0)
	        Index Cond: ((k >= 6470408) AND (k <= 6470508))

table 6 : explain SELECT k, c FROM sbtest6 WHERE k BETWEEN 6470408 AND 6470508
	Bitmap Heap Scan on sbtest6  (cost=5.54..432.69 rows=108 width=125)
	  Recheck Cond: ((k >= 6470408) AND (k <= 6470508))
	  ->  Bitmap Index Scan on k_6  (cost=0.00..5.51 rows=108 width=0)
	        Index Cond: ((k >= 6470408) AND (k <= 6470508))

table 7 : explain SELECT k, c FROM sbtest7 WHERE k BETWEEN 6470408 AND 6470508
	Bitmap Heap Scan on sbtest7  (cost=5.43..389.37 rows=97 width=125)
	  Recheck Cond: ((k >= 6470408) AND (k <= 6470508))
	  ->  Bitmap Index Scan on k_7  (cost=0.00..5.40 rows=97 width=0)
	        Index Cond: ((k >= 6470408) AND (k <= 6470508))

table 8 : explain SELECT k, c FROM sbtest8 WHERE k BETWEEN 6470408 AND 6470508
	Bitmap Heap Scan on sbtest8  (cost=5.44..393.31 rows=98 width=125)
	  Recheck Cond: ((k >= 6470408) AND (k <= 6470508))
	  ->  Bitmap Index Scan on k_8  (cost=0.00..5.42 rows=98 width=0)
	        Index Cond: ((k >= 6470408) AND (k <= 6470508))

explain: for range-notcovered :: explain SELECT k, c FROM sbtest%d WHERE k BETWEEN 6470408 AND 6470508
for range-notcovered
table 1 : explain SELECT k, c FROM sbtest1 WHERE k BETWEEN 6821134 AND 6821234
	Bitmap Heap Scan on sbtest1  (cost=5.40..377.55 rows=94 width=125)
	  Recheck Cond: ((k >= 6821134) AND (k <= 6821234))
	  ->  Bitmap Index Scan on k_1  (cost=0.00..5.38 rows=94 width=0)
	        Index Cond: ((k >= 6821134) AND (k <= 6821234))

table 2 : explain SELECT k, c FROM sbtest2 WHERE k BETWEEN 6821134 AND 6821234
	Bitmap Heap Scan on sbtest2  (cost=5.46..401.19 rows=100 width=125)
	  Recheck Cond: ((k >= 6821134) AND (k <= 6821234))
	  ->  Bitmap Index Scan on k_2  (cost=0.00..5.43 rows=100 width=0)
	        Index Cond: ((k >= 6821134) AND (k <= 6821234))

table 3 : explain SELECT k, c FROM sbtest3 WHERE k BETWEEN 6821134 AND 6821234
	Bitmap Heap Scan on sbtest3  (cost=5.48..409.07 rows=102 width=125)
	  Recheck Cond: ((k >= 6821134) AND (k <= 6821234))
	  ->  Bitmap Index Scan on k_3  (cost=0.00..5.45 rows=102 width=0)
	        Index Cond: ((k >= 6821134) AND (k <= 6821234))

table 4 : explain SELECT k, c FROM sbtest4 WHERE k BETWEEN 6821134 AND 6821234
	Bitmap Heap Scan on sbtest4  (cost=5.40..377.55 rows=94 width=125)
	  Recheck Cond: ((k >= 6821134) AND (k <= 6821234))
	  ->  Bitmap Index Scan on k_4  (cost=0.00..5.38 rows=94 width=0)
	        Index Cond: ((k >= 6821134) AND (k <= 6821234))

table 5 : explain SELECT k, c FROM sbtest5 WHERE k BETWEEN 6821134 AND 6821234
	Bitmap Heap Scan on sbtest5  (cost=5.52..424.81 rows=106 width=125)
	  Recheck Cond: ((k >= 6821134) AND (k <= 6821234))
	  ->  Bitmap Index Scan on k_5  (cost=0.00..5.50 rows=106 width=0)
	        Index Cond: ((k >= 6821134) AND (k <= 6821234))

table 6 : explain SELECT k, c FROM sbtest6 WHERE k BETWEEN 6821134 AND 6821234
	Bitmap Heap Scan on sbtest6  (cost=5.43..389.37 rows=97 width=125)
	  Recheck Cond: ((k >= 6821134) AND (k <= 6821234))
	  ->  Bitmap Index Scan on k_6  (cost=0.00..5.40 rows=97 width=0)
	        Index Cond: ((k >= 6821134) AND (k <= 6821234))

table 7 : explain SELECT k, c FROM sbtest7 WHERE k BETWEEN 6821134 AND 6821234
	Bitmap Heap Scan on sbtest7  (cost=5.47..405.13 rows=101 width=125)
	  Recheck Cond: ((k >= 6821134) AND (k <= 6821234))
	  ->  Bitmap Index Scan on k_7  (cost=0.00..5.44 rows=101 width=0)
	        Index Cond: ((k >= 6821134) AND (k <= 6821234))

table 8 : explain SELECT k, c FROM sbtest8 WHERE k BETWEEN 6821134 AND 6821234
	Bitmap Heap Scan on sbtest8  (cost=5.43..389.37 rows=97 width=125)
	  Recheck Cond: ((k >= 6821134) AND (k <= 6821234))
	  ->  Bitmap Index Scan on k_8  (cost=0.00..5.40 rows=97 width=0)
	        Index Cond: ((k >= 6821134) AND (k <= 6821234))

explain: for range-notcovered :: explain SELECT k, c FROM sbtest%d WHERE k BETWEEN 6821134 AND 6821234
for range-notcovered
table 1 : explain SELECT k, c FROM sbtest1 WHERE k BETWEEN 5657732 AND 5657832
	Bitmap Heap Scan on sbtest1  (cost=5.42..385.43 rows=96 width=125)
	  Recheck Cond: ((k >= 5657732) AND (k <= 5657832))
	  ->  Bitmap Index Scan on k_1  (cost=0.00..5.39 rows=96 width=0)
	        Index Cond: ((k >= 5657732) AND (k <= 5657832))

table 2 : explain SELECT k, c FROM sbtest2 WHERE k BETWEEN 5657732 AND 5657832
	Bitmap Heap Scan on sbtest2  (cost=5.53..428.75 rows=107 width=125)
	  Recheck Cond: ((k >= 5657732) AND (k <= 5657832))
	  ->  Bitmap Index Scan on k_2  (cost=0.00..5.50 rows=107 width=0)
	        Index Cond: ((k >= 5657732) AND (k <= 5657832))

table 3 : explain SELECT k, c FROM sbtest3 WHERE k BETWEEN 5657732 AND 5657832
	Bitmap Heap Scan on sbtest3  (cost=5.47..405.13 rows=101 width=125)
	  Recheck Cond: ((k >= 5657732) AND (k <= 5657832))
	  ->  Bitmap Index Scan on k_3  (cost=0.00..5.44 rows=101 width=0)
	        Index Cond: ((k >= 5657732) AND (k <= 5657832))

table 4 : explain SELECT k, c FROM sbtest4 WHERE k BETWEEN 5657732 AND 5657832
	Bitmap Heap Scan on sbtest4  (cost=5.43..389.37 rows=97 width=125)
	  Recheck Cond: ((k >= 5657732) AND (k <= 5657832))
	  ->  Bitmap Index Scan on k_4  (cost=0.00..5.40 rows=97 width=0)
	        Index Cond: ((k >= 5657732) AND (k <= 5657832))

table 5 : explain SELECT k, c FROM sbtest5 WHERE k BETWEEN 5657732 AND 5657832
	Bitmap Heap Scan on sbtest5  (cost=5.50..416.94 rows=104 width=125)
	  Recheck Cond: ((k >= 5657732) AND (k <= 5657832))
	  ->  Bitmap Index Scan on k_5  (cost=0.00..5.47 rows=104 width=0)
	        Index Cond: ((k >= 5657732) AND (k <= 5657832))

table 6 : explain SELECT k, c FROM sbtest6 WHERE k BETWEEN 5657732 AND 5657832
	Bitmap Heap Scan on sbtest6  (cost=5.47..405.13 rows=101 width=125)
	  Recheck Cond: ((k >= 5657732) AND (k <= 5657832))
	  ->  Bitmap Index Scan on k_6  (cost=0.00..5.44 rows=101 width=0)
	        Index Cond: ((k >= 5657732) AND (k <= 5657832))

table 7 : explain SELECT k, c FROM sbtest7 WHERE k BETWEEN 5657732 AND 5657832
	Bitmap Heap Scan on sbtest7  (cost=5.43..389.37 rows=97 width=125)
	  Recheck Cond: ((k >= 5657732) AND (k <= 5657832))
	  ->  Bitmap Index Scan on k_7  (cost=0.00..5.40 rows=97 width=0)
	        Index Cond: ((k >= 5657732) AND (k <= 5657832))

table 8 : explain SELECT k, c FROM sbtest8 WHERE k BETWEEN 5657732 AND 5657832
	Bitmap Heap Scan on sbtest8  (cost=5.42..385.43 rows=96 width=125)
	  Recheck Cond: ((k >= 5657732) AND (k <= 5657832))
	  ->  Bitmap Index Scan on k_8  (cost=0.00..5.39 rows=96 width=0)
	        Index Cond: ((k >= 5657732) AND (k <= 5657832))

for range-notcovered
table 1 : explain SELECT k, c FROM sbtest1 WHERE k BETWEEN 4993461 AND 4993561
	Bitmap Heap Scan on sbtest1  (cost=5.43..389.37 rows=97 width=125)
	  Recheck Cond: ((k >= 4993461) AND (k <= 4993561))
	  ->  Bitmap Index Scan on k_1  (cost=0.00..5.40 rows=97 width=0)
	        Index Cond: ((k >= 4993461) AND (k <= 4993561))

table 2 : explain SELECT k, c FROM sbtest2 WHERE k BETWEEN 4993461 AND 4993561
	Bitmap Heap Scan on sbtest2  (cost=5.39..373.61 rows=93 width=125)
	  Recheck Cond: ((k >= 4993461) AND (k <= 4993561))
	  ->  Bitmap Index Scan on k_2  (cost=0.00..5.36 rows=93 width=0)
	        Index Cond: ((k >= 4993461) AND (k <= 4993561))

table 3 : explain SELECT k, c FROM sbtest3 WHERE k BETWEEN 4993461 AND 4993561
	Bitmap Heap Scan on sbtest3  (cost=5.41..381.49 rows=95 width=125)
	  Recheck Cond: ((k >= 4993461) AND (k <= 4993561))
	  ->  Bitmap Index Scan on k_3  (cost=0.00..5.38 rows=95 width=0)
	        Index Cond: ((k >= 4993461) AND (k <= 4993561))

table 4 : explain SELECT k, c FROM sbtest4 WHERE k BETWEEN 4993461 AND 4993561
	Bitmap Heap Scan on sbtest4  (cost=5.48..409.07 rows=102 width=125)
	  Recheck Cond: ((k >= 4993461) AND (k <= 4993561))
	  ->  Bitmap Index Scan on k_4  (cost=0.00..5.45 rows=102 width=0)
	        Index Cond: ((k >= 4993461) AND (k <= 4993561))

table 5 : explain SELECT k, c FROM sbtest5 WHERE k BETWEEN 4993461 AND 4993561
	Bitmap Heap Scan on sbtest5  (cost=5.62..464.15 rows=116 width=125)
	  Recheck Cond: ((k >= 4993461) AND (k <= 4993561))
	  ->  Bitmap Index Scan on k_5  (cost=0.00..5.59 rows=116 width=0)
	        Index Cond: ((k >= 4993461) AND (k <= 4993561))

table 6 : explain SELECT k, c FROM sbtest6 WHERE k BETWEEN 4993461 AND 4993561
	Bitmap Heap Scan on sbtest6  (cost=5.48..409.07 rows=102 width=125)
	  Recheck Cond: ((k >= 4993461) AND (k <= 4993561))
	  ->  Bitmap Index Scan on k_6  (cost=0.00..5.45 rows=102 width=0)
	        Index Cond: ((k >= 4993461) AND (k <= 4993561))

table 7 : explain SELECT k, c FROM sbtest7 WHERE k BETWEEN 4993461 AND 4993561
	Bitmap Heap Scan on sbtest7  (cost=5.43..389.37 rows=97 width=125)
	  Recheck Cond: ((k >= 4993461) AND (k <= 4993561))
	  ->  Bitmap Index Scan on k_7  (cost=0.00..5.40 rows=97 width=0)
	        Index Cond: ((k >= 4993461) AND (k <= 4993561))

table 8 : explain SELECT k, c FROM sbtest8 WHERE k BETWEEN 4993461 AND 4993561
	Bitmap Heap Scan on sbtest8  (cost=5.55..436.62 rows=109 width=125)
	  Recheck Cond: ((k >= 4993461) AND (k <= 4993561))
	  ->  Bitmap Index Scan on k_8  (cost=0.00..5.52 rows=109 width=0)
	        Index Cond: ((k >= 4993461) AND (k <= 4993561))

explain: for range-notcovered :: explain SELECT k, c FROM sbtest%d WHERE k BETWEEN 5657732 AND 5657832
explain: for range-notcovered :: explain SELECT k, c FROM sbtest%d WHERE k BETWEEN 4993461 AND 4993561
for range-notcovered
table 1 : explain SELECT k, c FROM sbtest1 WHERE k BETWEEN 3293769 AND 3293869
	Bitmap Heap Scan on sbtest1  (cost=5.44..393.31 rows=98 width=125)
	  Recheck Cond: ((k >= 3293769) AND (k <= 3293869))
	  ->  Bitmap Index Scan on k_1  (cost=0.00..5.42 rows=98 width=0)
	        Index Cond: ((k >= 3293769) AND (k <= 3293869))

table 2 : explain SELECT k, c FROM sbtest2 WHERE k BETWEEN 3293769 AND 3293869
	Bitmap Heap Scan on sbtest2  (cost=5.40..377.55 rows=94 width=125)
	  Recheck Cond: ((k >= 3293769) AND (k <= 3293869))
	  ->  Bitmap Index Scan on k_2  (cost=0.00..5.38 rows=94 width=0)
	        Index Cond: ((k >= 3293769) AND (k <= 3293869))

table 3 : explain SELECT k, c FROM sbtest3 WHERE k BETWEEN 3293769 AND 3293869
	Bitmap Heap Scan on sbtest3  (cost=5.50..416.94 rows=104 width=125)
	  Recheck Cond: ((k >= 3293769) AND (k <= 3293869))
	  ->  Bitmap Index Scan on k_3  (cost=0.00..5.47 rows=104 width=0)
	        Index Cond: ((k >= 3293769) AND (k <= 3293869))

table 4 : explain SELECT k, c FROM sbtest4 WHERE k BETWEEN 3293769 AND 3293869
	Bitmap Heap Scan on sbtest4  (cost=5.60..456.29 rows=114 width=125)
	  Recheck Cond: ((k >= 3293769) AND (k <= 3293869))
	  ->  Bitmap Index Scan on k_4  (cost=0.00..5.58 rows=114 width=0)
	        Index Cond: ((k >= 3293769) AND (k <= 3293869))

table 5 : explain SELECT k, c FROM sbtest5 WHERE k BETWEEN 3293769 AND 3293869
	Bitmap Heap Scan on sbtest5  (cost=5.39..373.61 rows=93 width=125)
	  Recheck Cond: ((k >= 3293769) AND (k <= 3293869))
	  ->  Bitmap Index Scan on k_5  (cost=0.00..5.36 rows=93 width=0)
	        Index Cond: ((k >= 3293769) AND (k <= 3293869))

table 6 : explain SELECT k, c FROM sbtest6 WHERE k BETWEEN 3293769 AND 3293869
	Bitmap Heap Scan on sbtest6  (cost=5.52..424.81 rows=106 width=125)
	  Recheck Cond: ((k >= 3293769) AND (k <= 3293869))
	  ->  Bitmap Index Scan on k_6  (cost=0.00..5.50 rows=106 width=0)
	        Index Cond: ((k >= 3293769) AND (k <= 3293869))

table 7 : explain SELECT k, c FROM sbtest7 WHERE k BETWEEN 3293769 AND 3293869
	Bitmap Heap Scan on sbtest7  (cost=5.40..377.55 rows=94 width=125)
	  Recheck Cond: ((k >= 3293769) AND (k <= 3293869))
	  ->  Bitmap Index Scan on k_7  (cost=0.00..5.38 rows=94 width=0)
	        Index Cond: ((k >= 3293769) AND (k <= 3293869))

table 8 : explain SELECT k, c FROM sbtest8 WHERE k BETWEEN 3293769 AND 3293869
	Bitmap Heap Scan on sbtest8  (cost=5.44..393.31 rows=98 width=125)
	  Recheck Cond: ((k >= 3293769) AND (k <= 3293869))
	  ->  Bitmap Index Scan on k_8  (cost=0.00..5.42 rows=98 width=0)
	        Index Cond: ((k >= 3293769) AND (k <= 3293869))

for range-notcovered
table 1 : explain SELECT k, c FROM sbtest1 WHERE k BETWEEN 6128241 AND 6128341
	Bitmap Heap Scan on sbtest1  (cost=5.55..436.62 rows=109 width=125)
	  Recheck Cond: ((k >= 6128241) AND (k <= 6128341))
	  ->  Bitmap Index Scan on k_1  (cost=0.00..5.52 rows=109 width=0)
	        Index Cond: ((k >= 6128241) AND (k <= 6128341))

table 2 : explain SELECT k, c FROM sbtest2 WHERE k BETWEEN 6128241 AND 6128341
	Bitmap Heap Scan on sbtest2  (cost=5.49..413.00 rows=103 width=125)
	  Recheck Cond: ((k >= 6128241) AND (k <= 6128341))
	  ->  Bitmap Index Scan on k_2  (cost=0.00..5.46 rows=103 width=0)
	        Index Cond: ((k >= 6128241) AND (k <= 6128341))

table 3 : explain SELECT k, c FROM sbtest3 WHERE k BETWEEN 6128241 AND 6128341
	Bitmap Heap Scan on sbtest3  (cost=5.45..397.25 rows=99 width=125)
	  Recheck Cond: ((k >= 6128241) AND (k <= 6128341))
	  ->  Bitmap Index Scan on k_3  (cost=0.00..5.42 rows=99 width=0)
	        Index Cond: ((k >= 6128241) AND (k <= 6128341))

table 4 : explain SELECT k, c FROM sbtest4 WHERE k BETWEEN 6128241 AND 6128341
	Bitmap Heap Scan on sbtest4  (cost=5.45..397.25 rows=99 width=125)
	  Recheck Cond: ((k >= 6128241) AND (k <= 6128341))
	  ->  Bitmap Index Scan on k_4  (cost=0.00..5.42 rows=99 width=0)
	        Index Cond: ((k >= 6128241) AND (k <= 6128341))

table 5 : explain SELECT k, c FROM sbtest5 WHERE k BETWEEN 6128241 AND 6128341
	Bitmap Heap Scan on sbtest5  (cost=5.49..413.00 rows=103 width=125)
	  Recheck Cond: ((k >= 6128241) AND (k <= 6128341))
	  ->  Bitmap Index Scan on k_5  (cost=0.00..5.46 rows=103 width=0)
	        Index Cond: ((k >= 6128241) AND (k <= 6128341))

table 6 : explain SELECT k, c FROM sbtest6 WHERE k BETWEEN 6128241 AND 6128341
	Bitmap Heap Scan on sbtest6  (cost=5.50..416.94 rows=104 width=125)
	  Recheck Cond: ((k >= 6128241) AND (k <= 6128341))
	  ->  Bitmap Index Scan on k_6  (cost=0.00..5.47 rows=104 width=0)
	        Index Cond: ((k >= 6128241) AND (k <= 6128341))

table 7 : explain SELECT k, c FROM sbtest7 WHERE k BETWEEN 6128241 AND 6128341
	Bitmap Heap Scan on sbtest7  (cost=5.53..428.75 rows=107 width=125)
	  Recheck Cond: ((k >= 6128241) AND (k <= 6128341))
	  ->  Bitmap Index Scan on k_7  (cost=0.00..5.50 rows=107 width=0)
	        Index Cond: ((k >= 6128241) AND (k <= 6128341))

table 8 : explain SELECT k, c FROM sbtest8 WHERE k BETWEEN 6128241 AND 6128341
	Bitmap Heap Scan on sbtest8  (cost=5.57..444.49 rows=111 width=125)
	  Recheck Cond: ((k >= 6128241) AND (k <= 6128341))
	  ->  Bitmap Index Scan on k_8  (cost=0.00..5.54 rows=111 width=0)
	        Index Cond: ((k >= 6128241) AND (k <= 6128341))

for range-notcovered
table 1 : explain SELECT k, c FROM sbtest1 WHERE k BETWEEN 7034059 AND 7034159
	Bitmap Heap Scan on sbtest1  (cost=5.51..420.88 rows=105 width=125)
	  Recheck Cond: ((k >= 7034059) AND (k <= 7034159))
	  ->  Bitmap Index Scan on k_1  (cost=0.00..5.48 rows=105 width=0)
	        Index Cond: ((k >= 7034059) AND (k <= 7034159))

table 2 : explain SELECT k, c FROM sbtest2 WHERE k BETWEEN 7034059 AND 7034159
	Bitmap Heap Scan on sbtest2  (cost=5.57..444.49 rows=111 width=125)
	  Recheck Cond: ((k >= 7034059) AND (k <= 7034159))
	  ->  Bitmap Index Scan on k_2  (cost=0.00..5.54 rows=111 width=0)
	        Index Cond: ((k >= 7034059) AND (k <= 7034159))

table 3 : explain SELECT k, c FROM sbtest3 WHERE k BETWEEN 7034059 AND 7034159
	Bitmap Heap Scan on sbtest3  (cost=5.45..397.25 rows=99 width=125)
	  Recheck Cond: ((k >= 7034059) AND (k <= 7034159))
	  ->  Bitmap Index Scan on k_3  (cost=0.00..5.42 rows=99 width=0)
	        Index Cond: ((k >= 7034059) AND (k <= 7034159))

table 4 : explain SELECT k, c FROM sbtest4 WHERE k BETWEEN 7034059 AND 7034159
	Bitmap Heap Scan on sbtest4  (cost=5.47..405.13 rows=101 width=125)
	  Recheck Cond: ((k >= 7034059) AND (k <= 7034159))
	  ->  Bitmap Index Scan on k_4  (cost=0.00..5.44 rows=101 width=0)
	        Index Cond: ((k >= 7034059) AND (k <= 7034159))

table 5 : explain SELECT k, c FROM sbtest5 WHERE k BETWEEN 7034059 AND 7034159
	Bitmap Heap Scan on sbtest5  (cost=5.48..409.07 rows=102 width=125)
	  Recheck Cond: ((k >= 7034059) AND (k <= 7034159))
	  ->  Bitmap Index Scan on k_5  (cost=0.00..5.45 rows=102 width=0)
	        Index Cond: ((k >= 7034059) AND (k <= 7034159))

table 6 : explain SELECT k, c FROM sbtest6 WHERE k BETWEEN 7034059 AND 7034159
	Bitmap Heap Scan on sbtest6  (cost=5.48..409.07 rows=102 width=125)
	  Recheck Cond: ((k >= 7034059) AND (k <= 7034159))
	  ->  Bitmap Index Scan on k_6  (cost=0.00..5.45 rows=102 width=0)
	        Index Cond: ((k >= 7034059) AND (k <= 7034159))

table 7 : explain SELECT k, c FROM sbtest7 WHERE k BETWEEN 7034059 AND 7034159
	Bitmap Heap Scan on sbtest7  (cost=5.53..428.75 rows=107 width=125)
	  Recheck Cond: ((k >= 7034059) AND (k <= 7034159))
	  ->  Bitmap Index Scan on k_7  (cost=0.00..5.50 rows=107 width=0)
	        Index Cond: ((k >= 7034059) AND (k <= 7034159))

table 8 : explain SELECT k, c FROM sbtest8 WHERE k BETWEEN 7034059 AND 7034159
	Bitmap Heap Scan on sbtest8  (cost=5.50..416.94 rows=104 width=125)
	  Recheck Cond: ((k >= 7034059) AND (k <= 7034159))
	  ->  Bitmap Index Scan on k_8  (cost=0.00..5.47 rows=104 width=0)
	        Index Cond: ((k >= 7034059) AND (k <= 7034159))

explain: for range-notcovered :: explain SELECT k, c FROM sbtest%d WHERE k BETWEEN 3293769 AND 3293869
explain: for range-notcovered :: explain SELECT k, c FROM sbtest%d WHERE k BETWEEN 6128241 AND 6128341
explain: for range-notcovered :: explain SELECT k, c FROM sbtest%d WHERE k BETWEEN 7034059 AND 7034159
for range-notcovered
table 1 : explain SELECT k, c FROM sbtest1 WHERE k BETWEEN 6821134 AND 6821234
	Bitmap Heap Scan on sbtest1  (cost=5.40..377.55 rows=94 width=125)
	  Recheck Cond: ((k >= 6821134) AND (k <= 6821234))
	  ->  Bitmap Index Scan on k_1  (cost=0.00..5.38 rows=94 width=0)
	        Index Cond: ((k >= 6821134) AND (k <= 6821234))

table 2 : explain SELECT k, c FROM sbtest2 WHERE k BETWEEN 6821134 AND 6821234
	Bitmap Heap Scan on sbtest2  (cost=5.46..401.19 rows=100 width=125)
	  Recheck Cond: ((k >= 6821134) AND (k <= 6821234))
	  ->  Bitmap Index Scan on k_2  (cost=0.00..5.43 rows=100 width=0)
	        Index Cond: ((k >= 6821134) AND (k <= 6821234))

table 3 : explain SELECT k, c FROM sbtest3 WHERE k BETWEEN 6821134 AND 6821234
	Bitmap Heap Scan on sbtest3  (cost=5.48..409.07 rows=102 width=125)
	  Recheck Cond: ((k >= 6821134) AND (k <= 6821234))
	  ->  Bitmap Index Scan on k_3  (cost=0.00..5.45 rows=102 width=0)
	        Index Cond: ((k >= 6821134) AND (k <= 6821234))

table 4 : explain SELECT k, c FROM sbtest4 WHERE k BETWEEN 6821134 AND 6821234
	Bitmap Heap Scan on sbtest4  (cost=5.40..377.55 rows=94 width=125)
	  Recheck Cond: ((k >= 6821134) AND (k <= 6821234))
	  ->  Bitmap Index Scan on k_4  (cost=0.00..5.38 rows=94 width=0)
	        Index Cond: ((k >= 6821134) AND (k <= 6821234))

table 5 : explain SELECT k, c FROM sbtest5 WHERE k BETWEEN 6821134 AND 6821234
	Bitmap Heap Scan on sbtest5  (cost=5.52..424.81 rows=106 width=125)
	  Recheck Cond: ((k >= 6821134) AND (k <= 6821234))
	  ->  Bitmap Index Scan on k_5  (cost=0.00..5.50 rows=106 width=0)
	        Index Cond: ((k >= 6821134) AND (k <= 6821234))

table 6 : explain SELECT k, c FROM sbtest6 WHERE k BETWEEN 6821134 AND 6821234
	Bitmap Heap Scan on sbtest6  (cost=5.43..389.37 rows=97 width=125)
	  Recheck Cond: ((k >= 6821134) AND (k <= 6821234))
	  ->  Bitmap Index Scan on k_6  (cost=0.00..5.40 rows=97 width=0)
	        Index Cond: ((k >= 6821134) AND (k <= 6821234))

table 7 : explain SELECT k, c FROM sbtest7 WHERE k BETWEEN 6821134 AND 6821234
	Bitmap Heap Scan on sbtest7  (cost=5.47..405.13 rows=101 width=125)
	  Recheck Cond: ((k >= 6821134) AND (k <= 6821234))
	  ->  Bitmap Index Scan on k_7  (cost=0.00..5.44 rows=101 width=0)
	        Index Cond: ((k >= 6821134) AND (k <= 6821234))

table 8 : explain SELECT k, c FROM sbtest8 WHERE k BETWEEN 6821134 AND 6821234
	Bitmap Heap Scan on sbtest8  (cost=5.43..389.37 rows=97 width=125)
	  Recheck Cond: ((k >= 6821134) AND (k <= 6821234))
	  ->  Bitmap Index Scan on k_8  (cost=0.00..5.40 rows=97 width=0)
	        Index Cond: ((k >= 6821134) AND (k <= 6821234))

for range-notcovered
table 1 : explain SELECT k, c FROM sbtest1 WHERE k BETWEEN 6470408 AND 6470508
	Bitmap Heap Scan on sbtest1  (cost=5.47..405.13 rows=101 width=125)
	  Recheck Cond: ((k >= 6470408) AND (k <= 6470508))
	  ->  Bitmap Index Scan on k_1  (cost=0.00..5.44 rows=101 width=0)
	        Index Cond: ((k >= 6470408) AND (k <= 6470508))

table 2 : explain SELECT k, c FROM sbtest2 WHERE k BETWEEN 6470408 AND 6470508
	Bitmap Heap Scan on sbtest2  (cost=5.47..405.13 rows=101 width=125)
	  Recheck Cond: ((k >= 6470408) AND (k <= 6470508))
	  ->  Bitmap Index Scan on k_2  (cost=0.00..5.44 rows=101 width=0)
	        Index Cond: ((k >= 6470408) AND (k <= 6470508))

table 3 : explain SELECT k, c FROM sbtest3 WHERE k BETWEEN 6470408 AND 6470508
	Bitmap Heap Scan on sbtest3  (cost=5.50..416.94 rows=104 width=125)
	  Recheck Cond: ((k >= 6470408) AND (k <= 6470508))
	  ->  Bitmap Index Scan on k_3  (cost=0.00..5.47 rows=104 width=0)
	        Index Cond: ((k >= 6470408) AND (k <= 6470508))

table 4 : explain SELECT k, c FROM sbtest4 WHERE k BETWEEN 6470408 AND 6470508
	Bitmap Heap Scan on sbtest4  (cost=5.40..377.55 rows=94 width=125)
	  Recheck Cond: ((k >= 6470408) AND (k <= 6470508))
	  ->  Bitmap Index Scan on k_4  (cost=0.00..5.38 rows=94 width=0)
	        Index Cond: ((k >= 6470408) AND (k <= 6470508))

table 5 : explain SELECT k, c FROM sbtest5 WHERE k BETWEEN 6470408 AND 6470508
	Bitmap Heap Scan on sbtest5  (cost=5.39..373.61 rows=93 width=125)
	  Recheck Cond: ((k >= 6470408) AND (k <= 6470508))
	  ->  Bitmap Index Scan on k_5  (cost=0.00..5.36 rows=93 width=0)
	        Index Cond: ((k >= 6470408) AND (k <= 6470508))

table 6 : explain SELECT k, c FROM sbtest6 WHERE k BETWEEN 6470408 AND 6470508
	Bitmap Heap Scan on sbtest6  (cost=5.54..432.69 rows=108 width=125)
	  Recheck Cond: ((k >= 6470408) AND (k <= 6470508))
	  ->  Bitmap Index Scan on k_6  (cost=0.00..5.51 rows=108 width=0)
	        Index Cond: ((k >= 6470408) AND (k <= 6470508))

table 7 : explain SELECT k, c FROM sbtest7 WHERE k BETWEEN 6470408 AND 6470508
	Bitmap Heap Scan on sbtest7  (cost=5.43..389.37 rows=97 width=125)
	  Recheck Cond: ((k >= 6470408) AND (k <= 6470508))
	  ->  Bitmap Index Scan on k_7  (cost=0.00..5.40 rows=97 width=0)
	        Index Cond: ((k >= 6470408) AND (k <= 6470508))

table 8 : explain SELECT k, c FROM sbtest8 WHERE k BETWEEN 6470408 AND 6470508
	Bitmap Heap Scan on sbtest8  (cost=5.44..393.31 rows=98 width=125)
	  Recheck Cond: ((k >= 6470408) AND (k <= 6470508))
	  ->  Bitmap Index Scan on k_8  (cost=0.00..5.42 rows=98 width=0)
	        Index Cond: ((k >= 6470408) AND (k <= 6470508))

explain: for range-notcovered :: explain SELECT k, c FROM sbtest%d WHERE k BETWEEN 6821134 AND 6821234
explain: for range-notcovered :: explain SELECT k, c FROM sbtest%d WHERE k BETWEEN 6470408 AND 6470508
for range-notcovered
table 1 : explain SELECT k, c FROM sbtest1 WHERE k BETWEEN 4993461 AND 4993561
	Bitmap Heap Scan on sbtest1  (cost=5.43..389.37 rows=97 width=125)
	  Recheck Cond: ((k >= 4993461) AND (k <= 4993561))
	  ->  Bitmap Index Scan on k_1  (cost=0.00..5.40 rows=97 width=0)
	        Index Cond: ((k >= 4993461) AND (k <= 4993561))

table 2 : explain SELECT k, c FROM sbtest2 WHERE k BETWEEN 4993461 AND 4993561
	Bitmap Heap Scan on sbtest2  (cost=5.39..373.61 rows=93 width=125)
	  Recheck Cond: ((k >= 4993461) AND (k <= 4993561))
	  ->  Bitmap Index Scan on k_2  (cost=0.00..5.36 rows=93 width=0)
	        Index Cond: ((k >= 4993461) AND (k <= 4993561))

table 3 : explain SELECT k, c FROM sbtest3 WHERE k BETWEEN 4993461 AND 4993561
	Bitmap Heap Scan on sbtest3  (cost=5.41..381.49 rows=95 width=125)
	  Recheck Cond: ((k >= 4993461) AND (k <= 4993561))
	  ->  Bitmap Index Scan on k_3  (cost=0.00..5.38 rows=95 width=0)
	        Index Cond: ((k >= 4993461) AND (k <= 4993561))

table 4 : explain SELECT k, c FROM sbtest4 WHERE k BETWEEN 4993461 AND 4993561
	Bitmap Heap Scan on sbtest4  (cost=5.48..409.07 rows=102 width=125)
	  Recheck Cond: ((k >= 4993461) AND (k <= 4993561))
	  ->  Bitmap Index Scan on k_4  (cost=0.00..5.45 rows=102 width=0)
	        Index Cond: ((k >= 4993461) AND (k <= 4993561))

table 5 : explain SELECT k, c FROM sbtest5 WHERE k BETWEEN 4993461 AND 4993561
	Bitmap Heap Scan on sbtest5  (cost=5.62..464.15 rows=116 width=125)
	  Recheck Cond: ((k >= 4993461) AND (k <= 4993561))
	  ->  Bitmap Index Scan on k_5  (cost=0.00..5.59 rows=116 width=0)
	        Index Cond: ((k >= 4993461) AND (k <= 4993561))

table 6 : explain SELECT k, c FROM sbtest6 WHERE k BETWEEN 4993461 AND 4993561
	Bitmap Heap Scan on sbtest6  (cost=5.48..409.07 rows=102 width=125)
	  Recheck Cond: ((k >= 4993461) AND (k <= 4993561))
	  ->  Bitmap Index Scan on k_6  (cost=0.00..5.45 rows=102 width=0)
	        Index Cond: ((k >= 4993461) AND (k <= 4993561))

table 7 : explain SELECT k, c FROM sbtest7 WHERE k BETWEEN 4993461 AND 4993561
	Bitmap Heap Scan on sbtest7  (cost=5.43..389.37 rows=97 width=125)
	  Recheck Cond: ((k >= 4993461) AND (k <= 4993561))
	  ->  Bitmap Index Scan on k_7  (cost=0.00..5.40 rows=97 width=0)
	        Index Cond: ((k >= 4993461) AND (k <= 4993561))

table 8 : explain SELECT k, c FROM sbtest8 WHERE k BETWEEN 4993461 AND 4993561
	Bitmap Heap Scan on sbtest8  (cost=5.55..436.62 rows=109 width=125)
	  Recheck Cond: ((k >= 4993461) AND (k <= 4993561))
	  ->  Bitmap Index Scan on k_8  (cost=0.00..5.52 rows=109 width=0)
	        Index Cond: ((k >= 4993461) AND (k <= 4993561))

for range-notcovered
table 1 : explain SELECT k, c FROM sbtest1 WHERE k BETWEEN 5657732 AND 5657832
	Bitmap Heap Scan on sbtest1  (cost=5.42..385.43 rows=96 width=125)
	  Recheck Cond: ((k >= 5657732) AND (k <= 5657832))
	  ->  Bitmap Index Scan on k_1  (cost=0.00..5.39 rows=96 width=0)
	        Index Cond: ((k >= 5657732) AND (k <= 5657832))

table 2 : explain SELECT k, c FROM sbtest2 WHERE k BETWEEN 5657732 AND 5657832
	Bitmap Heap Scan on sbtest2  (cost=5.53..428.75 rows=107 width=125)
	  Recheck Cond: ((k >= 5657732) AND (k <= 5657832))
	  ->  Bitmap Index Scan on k_2  (cost=0.00..5.50 rows=107 width=0)
	        Index Cond: ((k >= 5657732) AND (k <= 5657832))

table 3 : explain SELECT k, c FROM sbtest3 WHERE k BETWEEN 5657732 AND 5657832
	Bitmap Heap Scan on sbtest3  (cost=5.47..405.13 rows=101 width=125)
	  Recheck Cond: ((k >= 5657732) AND (k <= 5657832))
	  ->  Bitmap Index Scan on k_3  (cost=0.00..5.44 rows=101 width=0)
	        Index Cond: ((k >= 5657732) AND (k <= 5657832))

table 4 : explain SELECT k, c FROM sbtest4 WHERE k BETWEEN 5657732 AND 5657832
	Bitmap Heap Scan on sbtest4  (cost=5.43..389.37 rows=97 width=125)
	  Recheck Cond: ((k >= 5657732) AND (k <= 5657832))
	  ->  Bitmap Index Scan on k_4  (cost=0.00..5.40 rows=97 width=0)
	        Index Cond: ((k >= 5657732) AND (k <= 5657832))

table 5 : explain SELECT k, c FROM sbtest5 WHERE k BETWEEN 5657732 AND 5657832
	Bitmap Heap Scan on sbtest5  (cost=5.50..416.94 rows=104 width=125)
	  Recheck Cond: ((k >= 5657732) AND (k <= 5657832))
	  ->  Bitmap Index Scan on k_5  (cost=0.00..5.47 rows=104 width=0)
	        Index Cond: ((k >= 5657732) AND (k <= 5657832))

table 6 : explain SELECT k, c FROM sbtest6 WHERE k BETWEEN 5657732 AND 5657832
	Bitmap Heap Scan on sbtest6  (cost=5.47..405.13 rows=101 width=125)
	  Recheck Cond: ((k >= 5657732) AND (k <= 5657832))
	  ->  Bitmap Index Scan on k_6  (cost=0.00..5.44 rows=101 width=0)
	        Index Cond: ((k >= 5657732) AND (k <= 5657832))

table 7 : explain SELECT k, c FROM sbtest7 WHERE k BETWEEN 5657732 AND 5657832
	Bitmap Heap Scan on sbtest7  (cost=5.43..389.37 rows=97 width=125)
	  Recheck Cond: ((k >= 5657732) AND (k <= 5657832))
	  ->  Bitmap Index Scan on k_7  (cost=0.00..5.40 rows=97 width=0)
	        Index Cond: ((k >= 5657732) AND (k <= 5657832))

table 8 : explain SELECT k, c FROM sbtest8 WHERE k BETWEEN 5657732 AND 5657832
	Bitmap Heap Scan on sbtest8  (cost=5.42..385.43 rows=96 width=125)
	  Recheck Cond: ((k >= 5657732) AND (k <= 5657832))
	  ->  Bitmap Index Scan on k_8  (cost=0.00..5.39 rows=96 width=0)
	        Index Cond: ((k >= 5657732) AND (k <= 5657832))

explain: for range-notcovered :: explain SELECT k, c FROM sbtest%d WHERE k BETWEEN 4993461 AND 4993561
explain: for range-notcovered :: explain SELECT k, c FROM sbtest%d WHERE k BETWEEN 2871707 AND 2871807
for range-notcovered
table 1 : explain SELECT k, c FROM sbtest1 WHERE k BETWEEN 3293769 AND 3293869
	Bitmap Heap Scan on sbtest1  (cost=5.44..393.31 rows=98 width=125)
	  Recheck Cond: ((k >= 3293769) AND (k <= 3293869))
	  ->  Bitmap Index Scan on k_1  (cost=0.00..5.42 rows=98 width=0)
	        Index Cond: ((k >= 3293769) AND (k <= 3293869))

table 2 : explain SELECT k, c FROM sbtest2 WHERE k BETWEEN 3293769 AND 3293869
	Bitmap Heap Scan on sbtest2  (cost=5.40..377.55 rows=94 width=125)
	  Recheck Cond: ((k >= 3293769) AND (k <= 3293869))
	  ->  Bitmap Index Scan on k_2  (cost=0.00..5.38 rows=94 width=0)
	        Index Cond: ((k >= 3293769) AND (k <= 3293869))

table 3 : explain SELECT k, c FROM sbtest3 WHERE k BETWEEN 3293769 AND 3293869
	Bitmap Heap Scan on sbtest3  (cost=5.50..416.94 rows=104 width=125)
	  Recheck Cond: ((k >= 3293769) AND (k <= 3293869))
	  ->  Bitmap Index Scan on k_3  (cost=0.00..5.47 rows=104 width=0)
	        Index Cond: ((k >= 3293769) AND (k <= 3293869))

table 4 : explain SELECT k, c FROM sbtest4 WHERE k BETWEEN 3293769 AND 3293869
	Bitmap Heap Scan on sbtest4  (cost=5.60..456.29 rows=114 width=125)
	  Recheck Cond: ((k >= 3293769) AND (k <= 3293869))
	  ->  Bitmap Index Scan on k_4  (cost=0.00..5.58 rows=114 width=0)
	        Index Cond: ((k >= 3293769) AND (k <= 3293869))

table 5 : explain SELECT k, c FROM sbtest5 WHERE k BETWEEN 3293769 AND 3293869
	Bitmap Heap Scan on sbtest5  (cost=5.39..373.61 rows=93 width=125)
	  Recheck Cond: ((k >= 3293769) AND (k <= 3293869))
	  ->  Bitmap Index Scan on k_5  (cost=0.00..5.36 rows=93 width=0)
	        Index Cond: ((k >= 3293769) AND (k <= 3293869))

table 6 : explain SELECT k, c FROM sbtest6 WHERE k BETWEEN 3293769 AND 3293869
	Bitmap Heap Scan on sbtest6  (cost=5.52..424.81 rows=106 width=125)
	  Recheck Cond: ((k >= 3293769) AND (k <= 3293869))
	  ->  Bitmap Index Scan on k_6  (cost=0.00..5.50 rows=106 width=0)
	        Index Cond: ((k >= 3293769) AND (k <= 3293869))

table 7 : explain SELECT k, c FROM sbtest7 WHERE k BETWEEN 3293769 AND 3293869
	Bitmap Heap Scan on sbtest7  (cost=5.40..377.55 rows=94 width=125)
	  Recheck Cond: ((k >= 3293769) AND (k <= 3293869))
	  ->  Bitmap Index Scan on k_7  (cost=0.00..5.38 rows=94 width=0)
	        Index Cond: ((k >= 3293769) AND (k <= 3293869))

table 8 : explain SELECT k, c FROM sbtest8 WHERE k BETWEEN 3293769 AND 3293869
	Bitmap Heap Scan on sbtest8  (cost=5.44..393.31 rows=98 width=125)
	  Recheck Cond: ((k >= 3293769) AND (k <= 3293869))
	  ->  Bitmap Index Scan on k_8  (cost=0.00..5.42 rows=98 width=0)
	        Index Cond: ((k >= 3293769) AND (k <= 3293869))

for range-notcovered
table 1 : explain SELECT k, c FROM sbtest1 WHERE k BETWEEN 7034059 AND 7034159
	Bitmap Heap Scan on sbtest1  (cost=5.51..420.88 rows=105 width=125)
	  Recheck Cond: ((k >= 7034059) AND (k <= 7034159))
	  ->  Bitmap Index Scan on k_1  (cost=0.00..5.48 rows=105 width=0)
	        Index Cond: ((k >= 7034059) AND (k <= 7034159))

table 2 : explain SELECT k, c FROM sbtest2 WHERE k BETWEEN 7034059 AND 7034159
	Bitmap Heap Scan on sbtest2  (cost=5.57..444.49 rows=111 width=125)
	  Recheck Cond: ((k >= 7034059) AND (k <= 7034159))
	  ->  Bitmap Index Scan on k_2  (cost=0.00..5.54 rows=111 width=0)
	        Index Cond: ((k >= 7034059) AND (k <= 7034159))

table 3 : explain SELECT k, c FROM sbtest3 WHERE k BETWEEN 7034059 AND 7034159
	Bitmap Heap Scan on sbtest3  (cost=5.45..397.25 rows=99 width=125)
	  Recheck Cond: ((k >= 7034059) AND (k <= 7034159))
	  ->  Bitmap Index Scan on k_3  (cost=0.00..5.42 rows=99 width=0)
	        Index Cond: ((k >= 7034059) AND (k <= 7034159))

table 4 : explain SELECT k, c FROM sbtest4 WHERE k BETWEEN 7034059 AND 7034159
	Bitmap Heap Scan on sbtest4  (cost=5.47..405.13 rows=101 width=125)
	  Recheck Cond: ((k >= 7034059) AND (k <= 7034159))
	  ->  Bitmap Index Scan on k_4  (cost=0.00..5.44 rows=101 width=0)
	        Index Cond: ((k >= 7034059) AND (k <= 7034159))

table 5 : explain SELECT k, c FROM sbtest5 WHERE k BETWEEN 7034059 AND 7034159
	Bitmap Heap Scan on sbtest5  (cost=5.48..409.07 rows=102 width=125)
	  Recheck Cond: ((k >= 7034059) AND (k <= 7034159))
	  ->  Bitmap Index Scan on k_5  (cost=0.00..5.45 rows=102 width=0)
	        Index Cond: ((k >= 7034059) AND (k <= 7034159))

table 6 : explain SELECT k, c FROM sbtest6 WHERE k BETWEEN 7034059 AND 7034159
	Bitmap Heap Scan on sbtest6  (cost=5.48..409.07 rows=102 width=125)
	  Recheck Cond: ((k >= 7034059) AND (k <= 7034159))
	  ->  Bitmap Index Scan on k_6  (cost=0.00..5.45 rows=102 width=0)
	        Index Cond: ((k >= 7034059) AND (k <= 7034159))

table 7 : explain SELECT k, c FROM sbtest7 WHERE k BETWEEN 7034059 AND 7034159
	Bitmap Heap Scan on sbtest7  (cost=5.53..428.75 rows=107 width=125)
	  Recheck Cond: ((k >= 7034059) AND (k <= 7034159))
	  ->  Bitmap Index Scan on k_7  (cost=0.00..5.50 rows=107 width=0)
	        Index Cond: ((k >= 7034059) AND (k <= 7034159))

table 8 : explain SELECT k, c FROM sbtest8 WHERE k BETWEEN 7034059 AND 7034159
	Bitmap Heap Scan on sbtest8  (cost=5.50..416.94 rows=104 width=125)
	  Recheck Cond: ((k >= 7034059) AND (k <= 7034159))
	  ->  Bitmap Index Scan on k_8  (cost=0.00..5.47 rows=104 width=0)
	        Index Cond: ((k >= 7034059) AND (k <= 7034159))

explain: for range-notcovered :: explain SELECT k, c FROM sbtest%d WHERE k BETWEEN 5657732 AND 5657832
explain: for range-notcovered :: explain SELECT k, c FROM sbtest%d WHERE k BETWEEN 3293769 AND 3293869
for range-notcovered
table 1 : explain SELECT k, c FROM sbtest1 WHERE k BETWEEN 6128241 AND 6128341
	Bitmap Heap Scan on sbtest1  (cost=5.55..436.62 rows=109 width=125)
	  Recheck Cond: ((k >= 6128241) AND (k <= 6128341))
	  ->  Bitmap Index Scan on k_1  (cost=0.00..5.52 rows=109 width=0)
	        Index Cond: ((k >= 6128241) AND (k <= 6128341))

table 2 : explain SELECT k, c FROM sbtest2 WHERE k BETWEEN 6128241 AND 6128341
	Bitmap Heap Scan on sbtest2  (cost=5.49..413.00 rows=103 width=125)
	  Recheck Cond: ((k >= 6128241) AND (k <= 6128341))
	  ->  Bitmap Index Scan on k_2  (cost=0.00..5.46 rows=103 width=0)
	        Index Cond: ((k >= 6128241) AND (k <= 6128341))

table 3 : explain SELECT k, c FROM sbtest3 WHERE k BETWEEN 6128241 AND 6128341
	Bitmap Heap Scan on sbtest3  (cost=5.45..397.25 rows=99 width=125)
	  Recheck Cond: ((k >= 6128241) AND (k <= 6128341))
	  ->  Bitmap Index Scan on k_3  (cost=0.00..5.42 rows=99 width=0)
	        Index Cond: ((k >= 6128241) AND (k <= 6128341))

table 4 : explain SELECT k, c FROM sbtest4 WHERE k BETWEEN 6128241 AND 6128341
	Bitmap Heap Scan on sbtest4  (cost=5.45..397.25 rows=99 width=125)
	  Recheck Cond: ((k >= 6128241) AND (k <= 6128341))
	  ->  Bitmap Index Scan on k_4  (cost=0.00..5.42 rows=99 width=0)
	        Index Cond: ((k >= 6128241) AND (k <= 6128341))

table 5 : explain SELECT k, c FROM sbtest5 WHERE k BETWEEN 6128241 AND 6128341
	Bitmap Heap Scan on sbtest5  (cost=5.49..413.00 rows=103 width=125)
	  Recheck Cond: ((k >= 6128241) AND (k <= 6128341))
	  ->  Bitmap Index Scan on k_5  (cost=0.00..5.46 rows=103 width=0)
	        Index Cond: ((k >= 6128241) AND (k <= 6128341))

table 6 : explain SELECT k, c FROM sbtest6 WHERE k BETWEEN 6128241 AND 6128341
	Bitmap Heap Scan on sbtest6  (cost=5.50..416.94 rows=104 width=125)
	  Recheck Cond: ((k >= 6128241) AND (k <= 6128341))
	  ->  Bitmap Index Scan on k_6  (cost=0.00..5.47 rows=104 width=0)
	        Index Cond: ((k >= 6128241) AND (k <= 6128341))

table 7 : explain SELECT k, c FROM sbtest7 WHERE k BETWEEN 6128241 AND 6128341
	Bitmap Heap Scan on sbtest7  (cost=5.53..428.75 rows=107 width=125)
	  Recheck Cond: ((k >= 6128241) AND (k <= 6128341))
	  ->  Bitmap Index Scan on k_7  (cost=0.00..5.50 rows=107 width=0)
	        Index Cond: ((k >= 6128241) AND (k <= 6128341))

table 8 : explain SELECT k, c FROM sbtest8 WHERE k BETWEEN 6128241 AND 6128341
	Bitmap Heap Scan on sbtest8  (cost=5.57..444.49 rows=111 width=125)
	  Recheck Cond: ((k >= 6128241) AND (k <= 6128341))
	  ->  Bitmap Index Scan on k_8  (cost=0.00..5.54 rows=111 width=0)
	        Index Cond: ((k >= 6128241) AND (k <= 6128341))

explain: for range-notcovered :: explain SELECT k, c FROM sbtest%d WHERE k BETWEEN 7034059 AND 7034159
explain: for range-notcovered :: explain SELECT k, c FROM sbtest%d WHERE k BETWEEN 6128241 AND 6128341
for range-notcovered
table 1 : explain SELECT k, c FROM sbtest1 WHERE k BETWEEN 6821134 AND 6821234
	Bitmap Heap Scan on sbtest1  (cost=5.40..377.55 rows=94 width=125)
	  Recheck Cond: ((k >= 6821134) AND (k <= 6821234))
	  ->  Bitmap Index Scan on k_1  (cost=0.00..5.38 rows=94 width=0)
	        Index Cond: ((k >= 6821134) AND (k <= 6821234))

table 2 : explain SELECT k, c FROM sbtest2 WHERE k BETWEEN 6821134 AND 6821234
	Bitmap Heap Scan on sbtest2  (cost=5.46..401.19 rows=100 width=125)
	  Recheck Cond: ((k >= 6821134) AND (k <= 6821234))
	  ->  Bitmap Index Scan on k_2  (cost=0.00..5.43 rows=100 width=0)
	        Index Cond: ((k >= 6821134) AND (k <= 6821234))

table 3 : explain SELECT k, c FROM sbtest3 WHERE k BETWEEN 6821134 AND 6821234
	Bitmap Heap Scan on sbtest3  (cost=5.48..409.07 rows=102 width=125)
	  Recheck Cond: ((k >= 6821134) AND (k <= 6821234))
	  ->  Bitmap Index Scan on k_3  (cost=0.00..5.45 rows=102 width=0)
	        Index Cond: ((k >= 6821134) AND (k <= 6821234))

table 4 : explain SELECT k, c FROM sbtest4 WHERE k BETWEEN 6821134 AND 6821234
	Bitmap Heap Scan on sbtest4  (cost=5.40..377.55 rows=94 width=125)
	  Recheck Cond: ((k >= 6821134) AND (k <= 6821234))
	  ->  Bitmap Index Scan on k_4  (cost=0.00..5.38 rows=94 width=0)
	        Index Cond: ((k >= 6821134) AND (k <= 6821234))

table 5 : explain SELECT k, c FROM sbtest5 WHERE k BETWEEN 6821134 AND 6821234
	Bitmap Heap Scan on sbtest5  (cost=5.52..424.81 rows=106 width=125)
	  Recheck Cond: ((k >= 6821134) AND (k <= 6821234))
	  ->  Bitmap Index Scan on k_5  (cost=0.00..5.50 rows=106 width=0)
	        Index Cond: ((k >= 6821134) AND (k <= 6821234))

table 6 : explain SELECT k, c FROM sbtest6 WHERE k BETWEEN 6821134 AND 6821234
	Bitmap Heap Scan on sbtest6  (cost=5.43..389.37 rows=97 width=125)
	  Recheck Cond: ((k >= 6821134) AND (k <= 6821234))
	  ->  Bitmap Index Scan on k_6  (cost=0.00..5.40 rows=97 width=0)
	        Index Cond: ((k >= 6821134) AND (k <= 6821234))

table 7 : explain SELECT k, c FROM sbtest7 WHERE k BETWEEN 6821134 AND 6821234
	Bitmap Heap Scan on sbtest7  (cost=5.47..405.13 rows=101 width=125)
	  Recheck Cond: ((k >= 6821134) AND (k <= 6821234))
	  ->  Bitmap Index Scan on k_7  (cost=0.00..5.44 rows=101 width=0)
	        Index Cond: ((k >= 6821134) AND (k <= 6821234))

table 8 : explain SELECT k, c FROM sbtest8 WHERE k BETWEEN 6821134 AND 6821234
	Bitmap Heap Scan on sbtest8  (cost=5.43..389.37 rows=97 width=125)
	  Recheck Cond: ((k >= 6821134) AND (k <= 6821234))
	  ->  Bitmap Index Scan on k_8  (cost=0.00..5.40 rows=97 width=0)
	        Index Cond: ((k >= 6821134) AND (k <= 6821234))

explain: for range-notcovered :: explain SELECT k, c FROM sbtest%d WHERE k BETWEEN 6821134 AND 6821234
for range-notcovered
table 1 : explain SELECT k, c FROM sbtest1 WHERE k BETWEEN 6470408 AND 6470508
	Bitmap Heap Scan on sbtest1  (cost=5.47..405.13 rows=101 width=125)
	  Recheck Cond: ((k >= 6470408) AND (k <= 6470508))
	  ->  Bitmap Index Scan on k_1  (cost=0.00..5.44 rows=101 width=0)
	        Index Cond: ((k >= 6470408) AND (k <= 6470508))

table 2 : explain SELECT k, c FROM sbtest2 WHERE k BETWEEN 6470408 AND 6470508
	Bitmap Heap Scan on sbtest2  (cost=5.47..405.13 rows=101 width=125)
	  Recheck Cond: ((k >= 6470408) AND (k <= 6470508))
	  ->  Bitmap Index Scan on k_2  (cost=0.00..5.44 rows=101 width=0)
	        Index Cond: ((k >= 6470408) AND (k <= 6470508))

table 3 : explain SELECT k, c FROM sbtest3 WHERE k BETWEEN 6470408 AND 6470508
	Bitmap Heap Scan on sbtest3  (cost=5.50..416.94 rows=104 width=125)
	  Recheck Cond: ((k >= 6470408) AND (k <= 6470508))
	  ->  Bitmap Index Scan on k_3  (cost=0.00..5.47 rows=104 width=0)
	        Index Cond: ((k >= 6470408) AND (k <= 6470508))

table 4 : explain SELECT k, c FROM sbtest4 WHERE k BETWEEN 6470408 AND 6470508
	Bitmap Heap Scan on sbtest4  (cost=5.40..377.55 rows=94 width=125)
	  Recheck Cond: ((k >= 6470408) AND (k <= 6470508))
	  ->  Bitmap Index Scan on k_4  (cost=0.00..5.38 rows=94 width=0)
	        Index Cond: ((k >= 6470408) AND (k <= 6470508))

table 5 : explain SELECT k, c FROM sbtest5 WHERE k BETWEEN 6470408 AND 6470508
	Bitmap Heap Scan on sbtest5  (cost=5.39..373.61 rows=93 width=125)
	  Recheck Cond: ((k >= 6470408) AND (k <= 6470508))
	  ->  Bitmap Index Scan on k_5  (cost=0.00..5.36 rows=93 width=0)
	        Index Cond: ((k >= 6470408) AND (k <= 6470508))

table 6 : explain SELECT k, c FROM sbtest6 WHERE k BETWEEN 6470408 AND 6470508
	Bitmap Heap Scan on sbtest6  (cost=5.54..432.69 rows=108 width=125)
	  Recheck Cond: ((k >= 6470408) AND (k <= 6470508))
	  ->  Bitmap Index Scan on k_6  (cost=0.00..5.51 rows=108 width=0)
	        Index Cond: ((k >= 6470408) AND (k <= 6470508))

table 7 : explain SELECT k, c FROM sbtest7 WHERE k BETWEEN 6470408 AND 6470508
	Bitmap Heap Scan on sbtest7  (cost=5.43..389.37 rows=97 width=125)
	  Recheck Cond: ((k >= 6470408) AND (k <= 6470508))
	  ->  Bitmap Index Scan on k_7  (cost=0.00..5.40 rows=97 width=0)
	        Index Cond: ((k >= 6470408) AND (k <= 6470508))

table 8 : explain SELECT k, c FROM sbtest8 WHERE k BETWEEN 6470408 AND 6470508
	Bitmap Heap Scan on sbtest8  (cost=5.44..393.31 rows=98 width=125)
	  Recheck Cond: ((k >= 6470408) AND (k <= 6470508))
	  ->  Bitmap Index Scan on k_8  (cost=0.00..5.42 rows=98 width=0)
	        Index Cond: ((k >= 6470408) AND (k <= 6470508))

explain: for range-notcovered :: explain SELECT k, c FROM sbtest%d WHERE k BETWEEN 6470408 AND 6470508
for range-notcovered
table 1 : explain SELECT k, c FROM sbtest1 WHERE k BETWEEN 7034059 AND 7034159
	Bitmap Heap Scan on sbtest1  (cost=5.51..420.88 rows=105 width=125)
	  Recheck Cond: ((k >= 7034059) AND (k <= 7034159))
	  ->  Bitmap Index Scan on k_1  (cost=0.00..5.48 rows=105 width=0)
	        Index Cond: ((k >= 7034059) AND (k <= 7034159))

table 2 : explain SELECT k, c FROM sbtest2 WHERE k BETWEEN 7034059 AND 7034159
	Bitmap Heap Scan on sbtest2  (cost=5.57..444.49 rows=111 width=125)
	  Recheck Cond: ((k >= 7034059) AND (k <= 7034159))
	  ->  Bitmap Index Scan on k_2  (cost=0.00..5.54 rows=111 width=0)
	        Index Cond: ((k >= 7034059) AND (k <= 7034159))

table 3 : explain SELECT k, c FROM sbtest3 WHERE k BETWEEN 7034059 AND 7034159
	Bitmap Heap Scan on sbtest3  (cost=5.45..397.25 rows=99 width=125)
	  Recheck Cond: ((k >= 7034059) AND (k <= 7034159))
	  ->  Bitmap Index Scan on k_3  (cost=0.00..5.42 rows=99 width=0)
	        Index Cond: ((k >= 7034059) AND (k <= 7034159))

table 4 : explain SELECT k, c FROM sbtest4 WHERE k BETWEEN 7034059 AND 7034159
	Bitmap Heap Scan on sbtest4  (cost=5.47..405.13 rows=101 width=125)
	  Recheck Cond: ((k >= 7034059) AND (k <= 7034159))
	  ->  Bitmap Index Scan on k_4  (cost=0.00..5.44 rows=101 width=0)
	        Index Cond: ((k >= 7034059) AND (k <= 7034159))

table 5 : explain SELECT k, c FROM sbtest5 WHERE k BETWEEN 7034059 AND 7034159
	Bitmap Heap Scan on sbtest5  (cost=5.48..409.07 rows=102 width=125)
	  Recheck Cond: ((k >= 7034059) AND (k <= 7034159))
	  ->  Bitmap Index Scan on k_5  (cost=0.00..5.45 rows=102 width=0)
	        Index Cond: ((k >= 7034059) AND (k <= 7034159))

table 6 : explain SELECT k, c FROM sbtest6 WHERE k BETWEEN 7034059 AND 7034159
	Bitmap Heap Scan on sbtest6  (cost=5.48..409.07 rows=102 width=125)
	  Recheck Cond: ((k >= 7034059) AND (k <= 7034159))
	  ->  Bitmap Index Scan on k_6  (cost=0.00..5.45 rows=102 width=0)
	        Index Cond: ((k >= 7034059) AND (k <= 7034159))

table 7 : explain SELECT k, c FROM sbtest7 WHERE k BETWEEN 7034059 AND 7034159
	Bitmap Heap Scan on sbtest7  (cost=5.53..428.75 rows=107 width=125)
	  Recheck Cond: ((k >= 7034059) AND (k <= 7034159))
	  ->  Bitmap Index Scan on k_7  (cost=0.00..5.50 rows=107 width=0)
	        Index Cond: ((k >= 7034059) AND (k <= 7034159))

table 8 : explain SELECT k, c FROM sbtest8 WHERE k BETWEEN 7034059 AND 7034159
	Bitmap Heap Scan on sbtest8  (cost=5.50..416.94 rows=104 width=125)
	  Recheck Cond: ((k >= 7034059) AND (k <= 7034159))
	  ->  Bitmap Index Scan on k_8  (cost=0.00..5.47 rows=104 width=0)
	        Index Cond: ((k >= 7034059) AND (k <= 7034159))

for range-notcovered
table 1 : explain SELECT k, c FROM sbtest1 WHERE k BETWEEN 3293769 AND 3293869
	Bitmap Heap Scan on sbtest1  (cost=5.44..393.31 rows=98 width=125)
	  Recheck Cond: ((k >= 3293769) AND (k <= 3293869))
	  ->  Bitmap Index Scan on k_1  (cost=0.00..5.42 rows=98 width=0)
	        Index Cond: ((k >= 3293769) AND (k <= 3293869))

table 2 : explain SELECT k, c FROM sbtest2 WHERE k BETWEEN 3293769 AND 3293869
	Bitmap Heap Scan on sbtest2  (cost=5.40..377.55 rows=94 width=125)
	  Recheck Cond: ((k >= 3293769) AND (k <= 3293869))
	  ->  Bitmap Index Scan on k_2  (cost=0.00..5.38 rows=94 width=0)
	        Index Cond: ((k >= 3293769) AND (k <= 3293869))

table 3 : explain SELECT k, c FROM sbtest3 WHERE k BETWEEN 3293769 AND 3293869
	Bitmap Heap Scan on sbtest3  (cost=5.50..416.94 rows=104 width=125)
	  Recheck Cond: ((k >= 3293769) AND (k <= 3293869))
	  ->  Bitmap Index Scan on k_3  (cost=0.00..5.47 rows=104 width=0)
	        Index Cond: ((k >= 3293769) AND (k <= 3293869))

table 4 : explain SELECT k, c FROM sbtest4 WHERE k BETWEEN 3293769 AND 3293869
	Bitmap Heap Scan on sbtest4  (cost=5.60..456.29 rows=114 width=125)
	  Recheck Cond: ((k >= 3293769) AND (k <= 3293869))
	  ->  Bitmap Index Scan on k_4  (cost=0.00..5.58 rows=114 width=0)
	        Index Cond: ((k >= 3293769) AND (k <= 3293869))

table 5 : explain SELECT k, c FROM sbtest5 WHERE k BETWEEN 3293769 AND 3293869
	Bitmap Heap Scan on sbtest5  (cost=5.39..373.61 rows=93 width=125)
	  Recheck Cond: ((k >= 3293769) AND (k <= 3293869))
	  ->  Bitmap Index Scan on k_5  (cost=0.00..5.36 rows=93 width=0)
	        Index Cond: ((k >= 3293769) AND (k <= 3293869))

table 6 : explain SELECT k, c FROM sbtest6 WHERE k BETWEEN 3293769 AND 3293869
	Bitmap Heap Scan on sbtest6  (cost=5.52..424.81 rows=106 width=125)
	  Recheck Cond: ((k >= 3293769) AND (k <= 3293869))
	  ->  Bitmap Index Scan on k_6  (cost=0.00..5.50 rows=106 width=0)
	        Index Cond: ((k >= 3293769) AND (k <= 3293869))

table 7 : explain SELECT k, c FROM sbtest7 WHERE k BETWEEN 3293769 AND 3293869
	Bitmap Heap Scan on sbtest7  (cost=5.40..377.55 rows=94 width=125)
	  Recheck Cond: ((k >= 3293769) AND (k <= 3293869))
	  ->  Bitmap Index Scan on k_7  (cost=0.00..5.38 rows=94 width=0)
	        Index Cond: ((k >= 3293769) AND (k <= 3293869))

table 8 : explain SELECT k, c FROM sbtest8 WHERE k BETWEEN 3293769 AND 3293869
	Bitmap Heap Scan on sbtest8  (cost=5.44..393.31 rows=98 width=125)
	  Recheck Cond: ((k >= 3293769) AND (k <= 3293869))
	  ->  Bitmap Index Scan on k_8  (cost=0.00..5.42 rows=98 width=0)
	        Index Cond: ((k >= 3293769) AND (k <= 3293869))

explain: for range-notcovered :: explain SELECT k, c FROM sbtest%d WHERE k BETWEEN 7034059 AND 7034159
for range-notcovered
table 1 : explain SELECT k, c FROM sbtest1 WHERE k BETWEEN 2871707 AND 2871807
	Bitmap Heap Scan on sbtest1  (cost=5.49..413.00 rows=103 width=125)
	  Recheck Cond: ((k >= 2871707) AND (k <= 2871807))
	  ->  Bitmap Index Scan on k_1  (cost=0.00..5.46 rows=103 width=0)
	        Index Cond: ((k >= 2871707) AND (k <= 2871807))

table 2 : explain SELECT k, c FROM sbtest2 WHERE k BETWEEN 2871707 AND 2871807
	Bitmap Heap Scan on sbtest2  (cost=5.49..413.00 rows=103 width=125)
	  Recheck Cond: ((k >= 2871707) AND (k <= 2871807))
	  ->  Bitmap Index Scan on k_2  (cost=0.00..5.46 rows=103 width=0)
	        Index Cond: ((k >= 2871707) AND (k <= 2871807))

table 3 : explain SELECT k, c FROM sbtest3 WHERE k BETWEEN 2871707 AND 2871807
	Bitmap Heap Scan on sbtest3  (cost=5.43..389.37 rows=97 width=125)
	  Recheck Cond: ((k >= 2871707) AND (k <= 2871807))
	  ->  Bitmap Index Scan on k_3  (cost=0.00..5.40 rows=97 width=0)
	        Index Cond: ((k >= 2871707) AND (k <= 2871807))

table 4 : explain SELECT k, c FROM sbtest4 WHERE k BETWEEN 2871707 AND 2871807
	Bitmap Heap Scan on sbtest4  (cost=5.60..456.29 rows=114 width=125)
	  Recheck Cond: ((k >= 2871707) AND (k <= 2871807))
	  ->  Bitmap Index Scan on k_4  (cost=0.00..5.58 rows=114 width=0)
	        Index Cond: ((k >= 2871707) AND (k <= 2871807))

table 5 : explain SELECT k, c FROM sbtest5 WHERE k BETWEEN 2871707 AND 2871807
	Bitmap Heap Scan on sbtest5  (cost=5.55..436.62 rows=109 width=125)
	  Recheck Cond: ((k >= 2871707) AND (k <= 2871807))
	  ->  Bitmap Index Scan on k_5  (cost=0.00..5.52 rows=109 width=0)
	        Index Cond: ((k >= 2871707) AND (k <= 2871807))

table 6 : explain SELECT k, c FROM sbtest6 WHERE k BETWEEN 2871707 AND 2871807
	Bitmap Heap Scan on sbtest6  (cost=5.48..409.07 rows=102 width=125)
	  Recheck Cond: ((k >= 2871707) AND (k <= 2871807))
	  ->  Bitmap Index Scan on k_6  (cost=0.00..5.45 rows=102 width=0)
	        Index Cond: ((k >= 2871707) AND (k <= 2871807))

table 7 : explain SELECT k, c FROM sbtest7 WHERE k BETWEEN 2871707 AND 2871807
	Bitmap Heap Scan on sbtest7  (cost=5.50..416.94 rows=104 width=125)
	  Recheck Cond: ((k >= 2871707) AND (k <= 2871807))
	  ->  Bitmap Index Scan on k_7  (cost=0.00..5.47 rows=104 width=0)
	        Index Cond: ((k >= 2871707) AND (k <= 2871807))

table 8 : explain SELECT k, c FROM sbtest8 WHERE k BETWEEN 2871707 AND 2871807
	Bitmap Heap Scan on sbtest8  (cost=5.51..420.88 rows=105 width=125)
	  Recheck Cond: ((k >= 2871707) AND (k <= 2871807))
	  ->  Bitmap Index Scan on k_8  (cost=0.00..5.48 rows=105 width=0)
	        Index Cond: ((k >= 2871707) AND (k <= 2871807))

for range-notcovered
table 1 : explain SELECT k, c FROM sbtest1 WHERE k BETWEEN 5657732 AND 5657832
	Bitmap Heap Scan on sbtest1  (cost=5.42..385.43 rows=96 width=125)
	  Recheck Cond: ((k >= 5657732) AND (k <= 5657832))
	  ->  Bitmap Index Scan on k_1  (cost=0.00..5.39 rows=96 width=0)
	        Index Cond: ((k >= 5657732) AND (k <= 5657832))

table 2 : explain SELECT k, c FROM sbtest2 WHERE k BETWEEN 5657732 AND 5657832
	Bitmap Heap Scan on sbtest2  (cost=5.53..428.75 rows=107 width=125)
	  Recheck Cond: ((k >= 5657732) AND (k <= 5657832))
	  ->  Bitmap Index Scan on k_2  (cost=0.00..5.50 rows=107 width=0)
	        Index Cond: ((k >= 5657732) AND (k <= 5657832))

table 3 : explain SELECT k, c FROM sbtest3 WHERE k BETWEEN 5657732 AND 5657832
	Bitmap Heap Scan on sbtest3  (cost=5.47..405.13 rows=101 width=125)
	  Recheck Cond: ((k >= 5657732) AND (k <= 5657832))
	  ->  Bitmap Index Scan on k_3  (cost=0.00..5.44 rows=101 width=0)
	        Index Cond: ((k >= 5657732) AND (k <= 5657832))

table 4 : explain SELECT k, c FROM sbtest4 WHERE k BETWEEN 5657732 AND 5657832
	Bitmap Heap Scan on sbtest4  (cost=5.43..389.37 rows=97 width=125)
	  Recheck Cond: ((k >= 5657732) AND (k <= 5657832))
	  ->  Bitmap Index Scan on k_4  (cost=0.00..5.40 rows=97 width=0)
	        Index Cond: ((k >= 5657732) AND (k <= 5657832))

table 5 : explain SELECT k, c FROM sbtest5 WHERE k BETWEEN 5657732 AND 5657832
	Bitmap Heap Scan on sbtest5  (cost=5.50..416.94 rows=104 width=125)
	  Recheck Cond: ((k >= 5657732) AND (k <= 5657832))
	  ->  Bitmap Index Scan on k_5  (cost=0.00..5.47 rows=104 width=0)
	        Index Cond: ((k >= 5657732) AND (k <= 5657832))

table 6 : explain SELECT k, c FROM sbtest6 WHERE k BETWEEN 5657732 AND 5657832
	Bitmap Heap Scan on sbtest6  (cost=5.47..405.13 rows=101 width=125)
	  Recheck Cond: ((k >= 5657732) AND (k <= 5657832))
	  ->  Bitmap Index Scan on k_6  (cost=0.00..5.44 rows=101 width=0)
	        Index Cond: ((k >= 5657732) AND (k <= 5657832))

table 7 : explain SELECT k, c FROM sbtest7 WHERE k BETWEEN 5657732 AND 5657832
	Bitmap Heap Scan on sbtest7  (cost=5.43..389.37 rows=97 width=125)
	  Recheck Cond: ((k >= 5657732) AND (k <= 5657832))
	  ->  Bitmap Index Scan on k_7  (cost=0.00..5.40 rows=97 width=0)
	        Index Cond: ((k >= 5657732) AND (k <= 5657832))

table 8 : explain SELECT k, c FROM sbtest8 WHERE k BETWEEN 5657732 AND 5657832
	Bitmap Heap Scan on sbtest8  (cost=5.42..385.43 rows=96 width=125)
	  Recheck Cond: ((k >= 5657732) AND (k <= 5657832))
	  ->  Bitmap Index Scan on k_8  (cost=0.00..5.39 rows=96 width=0)
	        Index Cond: ((k >= 5657732) AND (k <= 5657832))

for range-notcovered
table 1 : explain SELECT k, c FROM sbtest1 WHERE k BETWEEN 6128241 AND 6128341
	Bitmap Heap Scan on sbtest1  (cost=5.55..436.62 rows=109 width=125)
	  Recheck Cond: ((k >= 6128241) AND (k <= 6128341))
	  ->  Bitmap Index Scan on k_1  (cost=0.00..5.52 rows=109 width=0)
	        Index Cond: ((k >= 6128241) AND (k <= 6128341))

table 2 : explain SELECT k, c FROM sbtest2 WHERE k BETWEEN 6128241 AND 6128341
	Bitmap Heap Scan on sbtest2  (cost=5.49..413.00 rows=103 width=125)
	  Recheck Cond: ((k >= 6128241) AND (k <= 6128341))
	  ->  Bitmap Index Scan on k_2  (cost=0.00..5.46 rows=103 width=0)
	        Index Cond: ((k >= 6128241) AND (k <= 6128341))

table 3 : explain SELECT k, c FROM sbtest3 WHERE k BETWEEN 6128241 AND 6128341
	Bitmap Heap Scan on sbtest3  (cost=5.45..397.25 rows=99 width=125)
	  Recheck Cond: ((k >= 6128241) AND (k <= 6128341))
	  ->  Bitmap Index Scan on k_3  (cost=0.00..5.42 rows=99 width=0)
	        Index Cond: ((k >= 6128241) AND (k <= 6128341))

table 4 : explain SELECT k, c FROM sbtest4 WHERE k BETWEEN 6128241 AND 6128341
	Bitmap Heap Scan on sbtest4  (cost=5.45..397.25 rows=99 width=125)
	  Recheck Cond: ((k >= 6128241) AND (k <= 6128341))
	  ->  Bitmap Index Scan on k_4  (cost=0.00..5.42 rows=99 width=0)
	        Index Cond: ((k >= 6128241) AND (k <= 6128341))

table 5 : explain SELECT k, c FROM sbtest5 WHERE k BETWEEN 6128241 AND 6128341
	Bitmap Heap Scan on sbtest5  (cost=5.49..413.00 rows=103 width=125)
	  Recheck Cond: ((k >= 6128241) AND (k <= 6128341))
	  ->  Bitmap Index Scan on k_5  (cost=0.00..5.46 rows=103 width=0)
	        Index Cond: ((k >= 6128241) AND (k <= 6128341))

table 6 : explain SELECT k, c FROM sbtest6 WHERE k BETWEEN 6128241 AND 6128341
	Bitmap Heap Scan on sbtest6  (cost=5.50..416.94 rows=104 width=125)
	  Recheck Cond: ((k >= 6128241) AND (k <= 6128341))
	  ->  Bitmap Index Scan on k_6  (cost=0.00..5.47 rows=104 width=0)
	        Index Cond: ((k >= 6128241) AND (k <= 6128341))

table 7 : explain SELECT k, c FROM sbtest7 WHERE k BETWEEN 6128241 AND 6128341
	Bitmap Heap Scan on sbtest7  (cost=5.53..428.75 rows=107 width=125)
	  Recheck Cond: ((k >= 6128241) AND (k <= 6128341))
	  ->  Bitmap Index Scan on k_7  (cost=0.00..5.50 rows=107 width=0)
	        Index Cond: ((k >= 6128241) AND (k <= 6128341))

table 8 : explain SELECT k, c FROM sbtest8 WHERE k BETWEEN 6128241 AND 6128341
	Bitmap Heap Scan on sbtest8  (cost=5.57..444.49 rows=111 width=125)
	  Recheck Cond: ((k >= 6128241) AND (k <= 6128341))
	  ->  Bitmap Index Scan on k_8  (cost=0.00..5.54 rows=111 width=0)
	        Index Cond: ((k >= 6128241) AND (k <= 6128341))

explain: for range-notcovered :: explain SELECT k, c FROM sbtest%d WHERE k BETWEEN 2871707 AND 2871807
explain: for range-notcovered :: explain SELECT k, c FROM sbtest%d WHERE k BETWEEN 5657732 AND 5657832
explain: for range-notcovered :: explain SELECT k, c FROM sbtest%d WHERE k BETWEEN 6128241 AND 6128341
for range-notcovered
table 1 : explain SELECT k, c FROM sbtest1 WHERE k BETWEEN 6821134 AND 6821234
	Bitmap Heap Scan on sbtest1  (cost=5.40..377.55 rows=94 width=125)
	  Recheck Cond: ((k >= 6821134) AND (k <= 6821234))
	  ->  Bitmap Index Scan on k_1  (cost=0.00..5.38 rows=94 width=0)
	        Index Cond: ((k >= 6821134) AND (k <= 6821234))

table 2 : explain SELECT k, c FROM sbtest2 WHERE k BETWEEN 6821134 AND 6821234
	Bitmap Heap Scan on sbtest2  (cost=5.46..401.19 rows=100 width=125)
	  Recheck Cond: ((k >= 6821134) AND (k <= 6821234))
	  ->  Bitmap Index Scan on k_2  (cost=0.00..5.43 rows=100 width=0)
	        Index Cond: ((k >= 6821134) AND (k <= 6821234))

table 3 : explain SELECT k, c FROM sbtest3 WHERE k BETWEEN 6821134 AND 6821234
	Bitmap Heap Scan on sbtest3  (cost=5.48..409.07 rows=102 width=125)
	  Recheck Cond: ((k >= 6821134) AND (k <= 6821234))
	  ->  Bitmap Index Scan on k_3  (cost=0.00..5.45 rows=102 width=0)
	        Index Cond: ((k >= 6821134) AND (k <= 6821234))

table 4 : explain SELECT k, c FROM sbtest4 WHERE k BETWEEN 6821134 AND 6821234
	Bitmap Heap Scan on sbtest4  (cost=5.40..377.55 rows=94 width=125)
	  Recheck Cond: ((k >= 6821134) AND (k <= 6821234))
	  ->  Bitmap Index Scan on k_4  (cost=0.00..5.38 rows=94 width=0)
	        Index Cond: ((k >= 6821134) AND (k <= 6821234))

table 5 : explain SELECT k, c FROM sbtest5 WHERE k BETWEEN 6821134 AND 6821234
	Bitmap Heap Scan on sbtest5  (cost=5.52..424.81 rows=106 width=125)
	  Recheck Cond: ((k >= 6821134) AND (k <= 6821234))
	  ->  Bitmap Index Scan on k_5  (cost=0.00..5.50 rows=106 width=0)
	        Index Cond: ((k >= 6821134) AND (k <= 6821234))

table 6 : explain SELECT k, c FROM sbtest6 WHERE k BETWEEN 6821134 AND 6821234
	Bitmap Heap Scan on sbtest6  (cost=5.43..389.37 rows=97 width=125)
	  Recheck Cond: ((k >= 6821134) AND (k <= 6821234))
	  ->  Bitmap Index Scan on k_6  (cost=0.00..5.40 rows=97 width=0)
	        Index Cond: ((k >= 6821134) AND (k <= 6821234))

table 7 : explain SELECT k, c FROM sbtest7 WHERE k BETWEEN 6821134 AND 6821234
	Bitmap Heap Scan on sbtest7  (cost=5.47..405.13 rows=101 width=125)
	  Recheck Cond: ((k >= 6821134) AND (k <= 6821234))
	  ->  Bitmap Index Scan on k_7  (cost=0.00..5.44 rows=101 width=0)
	        Index Cond: ((k >= 6821134) AND (k <= 6821234))

table 8 : explain SELECT k, c FROM sbtest8 WHERE k BETWEEN 6821134 AND 6821234
	Bitmap Heap Scan on sbtest8  (cost=5.43..389.37 rows=97 width=125)
	  Recheck Cond: ((k >= 6821134) AND (k <= 6821234))
	  ->  Bitmap Index Scan on k_8  (cost=0.00..5.40 rows=97 width=0)
	        Index Cond: ((k >= 6821134) AND (k <= 6821234))

for range-notcovered
table 1 : explain SELECT k, c FROM sbtest1 WHERE k BETWEEN 6470408 AND 6470508
	Bitmap Heap Scan on sbtest1  (cost=5.47..405.13 rows=101 width=125)
	  Recheck Cond: ((k >= 6470408) AND (k <= 6470508))
	  ->  Bitmap Index Scan on k_1  (cost=0.00..5.44 rows=101 width=0)
	        Index Cond: ((k >= 6470408) AND (k <= 6470508))

table 2 : explain SELECT k, c FROM sbtest2 WHERE k BETWEEN 6470408 AND 6470508
	Bitmap Heap Scan on sbtest2  (cost=5.47..405.13 rows=101 width=125)
	  Recheck Cond: ((k >= 6470408) AND (k <= 6470508))
	  ->  Bitmap Index Scan on k_2  (cost=0.00..5.44 rows=101 width=0)
	        Index Cond: ((k >= 6470408) AND (k <= 6470508))

table 3 : explain SELECT k, c FROM sbtest3 WHERE k BETWEEN 6470408 AND 6470508
	Bitmap Heap Scan on sbtest3  (cost=5.50..416.94 rows=104 width=125)
	  Recheck Cond: ((k >= 6470408) AND (k <= 6470508))
	  ->  Bitmap Index Scan on k_3  (cost=0.00..5.47 rows=104 width=0)
	        Index Cond: ((k >= 6470408) AND (k <= 6470508))

table 4 : explain SELECT k, c FROM sbtest4 WHERE k BETWEEN 6470408 AND 6470508
	Bitmap Heap Scan on sbtest4  (cost=5.40..377.55 rows=94 width=125)
	  Recheck Cond: ((k >= 6470408) AND (k <= 6470508))
	  ->  Bitmap Index Scan on k_4  (cost=0.00..5.38 rows=94 width=0)
	        Index Cond: ((k >= 6470408) AND (k <= 6470508))

table 5 : explain SELECT k, c FROM sbtest5 WHERE k BETWEEN 6470408 AND 6470508
	Bitmap Heap Scan on sbtest5  (cost=5.39..373.61 rows=93 width=125)
	  Recheck Cond: ((k >= 6470408) AND (k <= 6470508))
	  ->  Bitmap Index Scan on k_5  (cost=0.00..5.36 rows=93 width=0)
	        Index Cond: ((k >= 6470408) AND (k <= 6470508))

table 6 : explain SELECT k, c FROM sbtest6 WHERE k BETWEEN 6470408 AND 6470508
	Bitmap Heap Scan on sbtest6  (cost=5.54..432.69 rows=108 width=125)
	  Recheck Cond: ((k >= 6470408) AND (k <= 6470508))
	  ->  Bitmap Index Scan on k_6  (cost=0.00..5.51 rows=108 width=0)
	        Index Cond: ((k >= 6470408) AND (k <= 6470508))

table 7 : explain SELECT k, c FROM sbtest7 WHERE k BETWEEN 6470408 AND 6470508
	Bitmap Heap Scan on sbtest7  (cost=5.43..389.37 rows=97 width=125)
	  Recheck Cond: ((k >= 6470408) AND (k <= 6470508))
	  ->  Bitmap Index Scan on k_7  (cost=0.00..5.40 rows=97 width=0)
	        Index Cond: ((k >= 6470408) AND (k <= 6470508))

table 8 : explain SELECT k, c FROM sbtest8 WHERE k BETWEEN 6470408 AND 6470508
	Bitmap Heap Scan on sbtest8  (cost=5.44..393.31 rows=98 width=125)
	  Recheck Cond: ((k >= 6470408) AND (k <= 6470508))
	  ->  Bitmap Index Scan on k_8  (cost=0.00..5.42 rows=98 width=0)
	        Index Cond: ((k >= 6470408) AND (k <= 6470508))

explain: for range-notcovered :: explain SELECT k, c FROM sbtest%d WHERE k BETWEEN 6470408 AND 6470508
for range-notcovered
table 1 : explain SELECT k, c FROM sbtest1 WHERE k BETWEEN 7034059 AND 7034159
	Bitmap Heap Scan on sbtest1  (cost=5.51..420.88 rows=105 width=125)
	  Recheck Cond: ((k >= 7034059) AND (k <= 7034159))
	  ->  Bitmap Index Scan on k_1  (cost=0.00..5.48 rows=105 width=0)
	        Index Cond: ((k >= 7034059) AND (k <= 7034159))

table 2 : explain SELECT k, c FROM sbtest2 WHERE k BETWEEN 7034059 AND 7034159
	Bitmap Heap Scan on sbtest2  (cost=5.57..444.49 rows=111 width=125)
	  Recheck Cond: ((k >= 7034059) AND (k <= 7034159))
	  ->  Bitmap Index Scan on k_2  (cost=0.00..5.54 rows=111 width=0)
	        Index Cond: ((k >= 7034059) AND (k <= 7034159))

table 3 : explain SELECT k, c FROM sbtest3 WHERE k BETWEEN 7034059 AND 7034159
	Bitmap Heap Scan on sbtest3  (cost=5.45..397.25 rows=99 width=125)
	  Recheck Cond: ((k >= 7034059) AND (k <= 7034159))
	  ->  Bitmap Index Scan on k_3  (cost=0.00..5.42 rows=99 width=0)
	        Index Cond: ((k >= 7034059) AND (k <= 7034159))

table 4 : explain SELECT k, c FROM sbtest4 WHERE k BETWEEN 7034059 AND 7034159
	Bitmap Heap Scan on sbtest4  (cost=5.47..405.13 rows=101 width=125)
	  Recheck Cond: ((k >= 7034059) AND (k <= 7034159))
	  ->  Bitmap Index Scan on k_4  (cost=0.00..5.44 rows=101 width=0)
	        Index Cond: ((k >= 7034059) AND (k <= 7034159))

table 5 : explain SELECT k, c FROM sbtest5 WHERE k BETWEEN 7034059 AND 7034159
	Bitmap Heap Scan on sbtest5  (cost=5.48..409.07 rows=102 width=125)
	  Recheck Cond: ((k >= 7034059) AND (k <= 7034159))
	  ->  Bitmap Index Scan on k_5  (cost=0.00..5.45 rows=102 width=0)
	        Index Cond: ((k >= 7034059) AND (k <= 7034159))

table 6 : explain SELECT k, c FROM sbtest6 WHERE k BETWEEN 7034059 AND 7034159
	Bitmap Heap Scan on sbtest6  (cost=5.48..409.07 rows=102 width=125)
	  Recheck Cond: ((k >= 7034059) AND (k <= 7034159))
	  ->  Bitmap Index Scan on k_6  (cost=0.00..5.45 rows=102 width=0)
	        Index Cond: ((k >= 7034059) AND (k <= 7034159))

table 7 : explain SELECT k, c FROM sbtest7 WHERE k BETWEEN 7034059 AND 7034159
	Bitmap Heap Scan on sbtest7  (cost=5.53..428.75 rows=107 width=125)
	  Recheck Cond: ((k >= 7034059) AND (k <= 7034159))
	  ->  Bitmap Index Scan on k_7  (cost=0.00..5.50 rows=107 width=0)
	        Index Cond: ((k >= 7034059) AND (k <= 7034159))

table 8 : explain SELECT k, c FROM sbtest8 WHERE k BETWEEN 7034059 AND 7034159
	Bitmap Heap Scan on sbtest8  (cost=5.50..416.94 rows=104 width=125)
	  Recheck Cond: ((k >= 7034059) AND (k <= 7034159))
	  ->  Bitmap Index Scan on k_8  (cost=0.00..5.47 rows=104 width=0)
	        Index Cond: ((k >= 7034059) AND (k <= 7034159))

explain: for range-notcovered :: explain SELECT k, c FROM sbtest%d WHERE k BETWEEN 7034059 AND 7034159
for range-notcovered
table 1 : explain SELECT k, c FROM sbtest1 WHERE k BETWEEN 6128241 AND 6128341
	Bitmap Heap Scan on sbtest1  (cost=5.55..436.62 rows=109 width=125)
	  Recheck Cond: ((k >= 6128241) AND (k <= 6128341))
	  ->  Bitmap Index Scan on k_1  (cost=0.00..5.52 rows=109 width=0)
	        Index Cond: ((k >= 6128241) AND (k <= 6128341))

table 2 : explain SELECT k, c FROM sbtest2 WHERE k BETWEEN 6128241 AND 6128341
	Bitmap Heap Scan on sbtest2  (cost=5.49..413.00 rows=103 width=125)
	  Recheck Cond: ((k >= 6128241) AND (k <= 6128341))
	  ->  Bitmap Index Scan on k_2  (cost=0.00..5.46 rows=103 width=0)
	        Index Cond: ((k >= 6128241) AND (k <= 6128341))

table 3 : explain SELECT k, c FROM sbtest3 WHERE k BETWEEN 6128241 AND 6128341
	Bitmap Heap Scan on sbtest3  (cost=5.45..397.25 rows=99 width=125)
	  Recheck Cond: ((k >= 6128241) AND (k <= 6128341))
	  ->  Bitmap Index Scan on k_3  (cost=0.00..5.42 rows=99 width=0)
	        Index Cond: ((k >= 6128241) AND (k <= 6128341))

table 4 : explain SELECT k, c FROM sbtest4 WHERE k BETWEEN 6128241 AND 6128341
	Bitmap Heap Scan on sbtest4  (cost=5.45..397.25 rows=99 width=125)
	  Recheck Cond: ((k >= 6128241) AND (k <= 6128341))
	  ->  Bitmap Index Scan on k_4  (cost=0.00..5.42 rows=99 width=0)
	        Index Cond: ((k >= 6128241) AND (k <= 6128341))

table 5 : explain SELECT k, c FROM sbtest5 WHERE k BETWEEN 6128241 AND 6128341
	Bitmap Heap Scan on sbtest5  (cost=5.49..413.00 rows=103 width=125)
	  Recheck Cond: ((k >= 6128241) AND (k <= 6128341))
	  ->  Bitmap Index Scan on k_5  (cost=0.00..5.46 rows=103 width=0)
	        Index Cond: ((k >= 6128241) AND (k <= 6128341))

table 6 : explain SELECT k, c FROM sbtest6 WHERE k BETWEEN 6128241 AND 6128341
	Bitmap Heap Scan on sbtest6  (cost=5.50..416.94 rows=104 width=125)
	  Recheck Cond: ((k >= 6128241) AND (k <= 6128341))
	  ->  Bitmap Index Scan on k_6  (cost=0.00..5.47 rows=104 width=0)
	        Index Cond: ((k >= 6128241) AND (k <= 6128341))

table 7 : explain SELECT k, c FROM sbtest7 WHERE k BETWEEN 6128241 AND 6128341
	Bitmap Heap Scan on sbtest7  (cost=5.53..428.75 rows=107 width=125)
	  Recheck Cond: ((k >= 6128241) AND (k <= 6128341))
	  ->  Bitmap Index Scan on k_7  (cost=0.00..5.50 rows=107 width=0)
	        Index Cond: ((k >= 6128241) AND (k <= 6128341))

table 8 : explain SELECT k, c FROM sbtest8 WHERE k BETWEEN 6128241 AND 6128341
	Bitmap Heap Scan on sbtest8  (cost=5.57..444.49 rows=111 width=125)
	  Recheck Cond: ((k >= 6128241) AND (k <= 6128341))
	  ->  Bitmap Index Scan on k_8  (cost=0.00..5.54 rows=111 width=0)
	        Index Cond: ((k >= 6128241) AND (k <= 6128341))

for range-notcovered
table 1 : explain SELECT k, c FROM sbtest1 WHERE k BETWEEN 5657732 AND 5657832
	Bitmap Heap Scan on sbtest1  (cost=5.42..385.43 rows=96 width=125)
	  Recheck Cond: ((k >= 5657732) AND (k <= 5657832))
	  ->  Bitmap Index Scan on k_1  (cost=0.00..5.39 rows=96 width=0)
	        Index Cond: ((k >= 5657732) AND (k <= 5657832))

table 2 : explain SELECT k, c FROM sbtest2 WHERE k BETWEEN 5657732 AND 5657832
	Bitmap Heap Scan on sbtest2  (cost=5.53..428.75 rows=107 width=125)
	  Recheck Cond: ((k >= 5657732) AND (k <= 5657832))
	  ->  Bitmap Index Scan on k_2  (cost=0.00..5.50 rows=107 width=0)
	        Index Cond: ((k >= 5657732) AND (k <= 5657832))

table 3 : explain SELECT k, c FROM sbtest3 WHERE k BETWEEN 5657732 AND 5657832
	Bitmap Heap Scan on sbtest3  (cost=5.47..405.13 rows=101 width=125)
	  Recheck Cond: ((k >= 5657732) AND (k <= 5657832))
	  ->  Bitmap Index Scan on k_3  (cost=0.00..5.44 rows=101 width=0)
	        Index Cond: ((k >= 5657732) AND (k <= 5657832))

table 4 : explain SELECT k, c FROM sbtest4 WHERE k BETWEEN 5657732 AND 5657832
	Bitmap Heap Scan on sbtest4  (cost=5.43..389.37 rows=97 width=125)
	  Recheck Cond: ((k >= 5657732) AND (k <= 5657832))
	  ->  Bitmap Index Scan on k_4  (cost=0.00..5.40 rows=97 width=0)
	        Index Cond: ((k >= 5657732) AND (k <= 5657832))

table 5 : explain SELECT k, c FROM sbtest5 WHERE k BETWEEN 5657732 AND 5657832
	Bitmap Heap Scan on sbtest5  (cost=5.50..416.94 rows=104 width=125)
	  Recheck Cond: ((k >= 5657732) AND (k <= 5657832))
	  ->  Bitmap Index Scan on k_5  (cost=0.00..5.47 rows=104 width=0)
	        Index Cond: ((k >= 5657732) AND (k <= 5657832))

table 6 : explain SELECT k, c FROM sbtest6 WHERE k BETWEEN 5657732 AND 5657832
	Bitmap Heap Scan on sbtest6  (cost=5.47..405.13 rows=101 width=125)
	  Recheck Cond: ((k >= 5657732) AND (k <= 5657832))
	  ->  Bitmap Index Scan on k_6  (cost=0.00..5.44 rows=101 width=0)
	        Index Cond: ((k >= 5657732) AND (k <= 5657832))

table 7 : explain SELECT k, c FROM sbtest7 WHERE k BETWEEN 5657732 AND 5657832
	Bitmap Heap Scan on sbtest7  (cost=5.43..389.37 rows=97 width=125)
	  Recheck Cond: ((k >= 5657732) AND (k <= 5657832))
	  ->  Bitmap Index Scan on k_7  (cost=0.00..5.40 rows=97 width=0)
	        Index Cond: ((k >= 5657732) AND (k <= 5657832))

table 8 : explain SELECT k, c FROM sbtest8 WHERE k BETWEEN 5657732 AND 5657832
	Bitmap Heap Scan on sbtest8  (cost=5.42..385.43 rows=96 width=125)
	  Recheck Cond: ((k >= 5657732) AND (k <= 5657832))
	  ->  Bitmap Index Scan on k_8  (cost=0.00..5.39 rows=96 width=0)
	        Index Cond: ((k >= 5657732) AND (k <= 5657832))

for range-notcovered
table 1 : explain SELECT k, c FROM sbtest1 WHERE k BETWEEN 2871707 AND 2871807
	Bitmap Heap Scan on sbtest1  (cost=5.49..413.00 rows=103 width=125)
	  Recheck Cond: ((k >= 2871707) AND (k <= 2871807))
	  ->  Bitmap Index Scan on k_1  (cost=0.00..5.46 rows=103 width=0)
	        Index Cond: ((k >= 2871707) AND (k <= 2871807))

table 2 : explain SELECT k, c FROM sbtest2 WHERE k BETWEEN 2871707 AND 2871807
	Bitmap Heap Scan on sbtest2  (cost=5.49..413.00 rows=103 width=125)
	  Recheck Cond: ((k >= 2871707) AND (k <= 2871807))
	  ->  Bitmap Index Scan on k_2  (cost=0.00..5.46 rows=103 width=0)
	        Index Cond: ((k >= 2871707) AND (k <= 2871807))

table 3 : explain SELECT k, c FROM sbtest3 WHERE k BETWEEN 2871707 AND 2871807
	Bitmap Heap Scan on sbtest3  (cost=5.43..389.37 rows=97 width=125)
	  Recheck Cond: ((k >= 2871707) AND (k <= 2871807))
	  ->  Bitmap Index Scan on k_3  (cost=0.00..5.40 rows=97 width=0)
	        Index Cond: ((k >= 2871707) AND (k <= 2871807))

table 4 : explain SELECT k, c FROM sbtest4 WHERE k BETWEEN 2871707 AND 2871807
	Bitmap Heap Scan on sbtest4  (cost=5.60..456.29 rows=114 width=125)
	  Recheck Cond: ((k >= 2871707) AND (k <= 2871807))
	  ->  Bitmap Index Scan on k_4  (cost=0.00..5.58 rows=114 width=0)
	        Index Cond: ((k >= 2871707) AND (k <= 2871807))

table 5 : explain SELECT k, c FROM sbtest5 WHERE k BETWEEN 2871707 AND 2871807
	Bitmap Heap Scan on sbtest5  (cost=5.55..436.62 rows=109 width=125)
	  Recheck Cond: ((k >= 2871707) AND (k <= 2871807))
	  ->  Bitmap Index Scan on k_5  (cost=0.00..5.52 rows=109 width=0)
	        Index Cond: ((k >= 2871707) AND (k <= 2871807))

table 6 : explain SELECT k, c FROM sbtest6 WHERE k BETWEEN 2871707 AND 2871807
	Bitmap Heap Scan on sbtest6  (cost=5.48..409.07 rows=102 width=125)
	  Recheck Cond: ((k >= 2871707) AND (k <= 2871807))
	  ->  Bitmap Index Scan on k_6  (cost=0.00..5.45 rows=102 width=0)
	        Index Cond: ((k >= 2871707) AND (k <= 2871807))

table 7 : explain SELECT k, c FROM sbtest7 WHERE k BETWEEN 2871707 AND 2871807
	Bitmap Heap Scan on sbtest7  (cost=5.50..416.94 rows=104 width=125)
	  Recheck Cond: ((k >= 2871707) AND (k <= 2871807))
	  ->  Bitmap Index Scan on k_7  (cost=0.00..5.47 rows=104 width=0)
	        Index Cond: ((k >= 2871707) AND (k <= 2871807))

table 8 : explain SELECT k, c FROM sbtest8 WHERE k BETWEEN 2871707 AND 2871807
	Bitmap Heap Scan on sbtest8  (cost=5.51..420.88 rows=105 width=125)
	  Recheck Cond: ((k >= 2871707) AND (k <= 2871807))
	  ->  Bitmap Index Scan on k_8  (cost=0.00..5.48 rows=105 width=0)
	        Index Cond: ((k >= 2871707) AND (k <= 2871807))

explain: for range-notcovered :: explain SELECT k, c FROM sbtest%d WHERE k BETWEEN 6128241 AND 6128341
explain: for range-notcovered :: explain SELECT k, c FROM sbtest%d WHERE k BETWEEN 5657732 AND 5657832
explain: for range-notcovered :: explain SELECT k, c FROM sbtest%d WHERE k BETWEEN 2871707 AND 2871807
for range-notcovered
table 1 : explain SELECT k, c FROM sbtest1 WHERE k BETWEEN 6470408 AND 6470508
	Bitmap Heap Scan on sbtest1  (cost=5.47..405.13 rows=101 width=125)
	  Recheck Cond: ((k >= 6470408) AND (k <= 6470508))
	  ->  Bitmap Index Scan on k_1  (cost=0.00..5.44 rows=101 width=0)
	        Index Cond: ((k >= 6470408) AND (k <= 6470508))

table 2 : explain SELECT k, c FROM sbtest2 WHERE k BETWEEN 6470408 AND 6470508
	Bitmap Heap Scan on sbtest2  (cost=5.47..405.13 rows=101 width=125)
	  Recheck Cond: ((k >= 6470408) AND (k <= 6470508))
	  ->  Bitmap Index Scan on k_2  (cost=0.00..5.44 rows=101 width=0)
	        Index Cond: ((k >= 6470408) AND (k <= 6470508))

table 3 : explain SELECT k, c FROM sbtest3 WHERE k BETWEEN 6470408 AND 6470508
	Bitmap Heap Scan on sbtest3  (cost=5.50..416.94 rows=104 width=125)
	  Recheck Cond: ((k >= 6470408) AND (k <= 6470508))
	  ->  Bitmap Index Scan on k_3  (cost=0.00..5.47 rows=104 width=0)
	        Index Cond: ((k >= 6470408) AND (k <= 6470508))

table 4 : explain SELECT k, c FROM sbtest4 WHERE k BETWEEN 6470408 AND 6470508
	Bitmap Heap Scan on sbtest4  (cost=5.40..377.55 rows=94 width=125)
	  Recheck Cond: ((k >= 6470408) AND (k <= 6470508))
	  ->  Bitmap Index Scan on k_4  (cost=0.00..5.38 rows=94 width=0)
	        Index Cond: ((k >= 6470408) AND (k <= 6470508))

table 5 : explain SELECT k, c FROM sbtest5 WHERE k BETWEEN 6470408 AND 6470508
	Bitmap Heap Scan on sbtest5  (cost=5.39..373.61 rows=93 width=125)
	  Recheck Cond: ((k >= 6470408) AND (k <= 6470508))
	  ->  Bitmap Index Scan on k_5  (cost=0.00..5.36 rows=93 width=0)
	        Index Cond: ((k >= 6470408) AND (k <= 6470508))

table 6 : explain SELECT k, c FROM sbtest6 WHERE k BETWEEN 6470408 AND 6470508
	Bitmap Heap Scan on sbtest6  (cost=5.54..432.69 rows=108 width=125)
	  Recheck Cond: ((k >= 6470408) AND (k <= 6470508))
	  ->  Bitmap Index Scan on k_6  (cost=0.00..5.51 rows=108 width=0)
	        Index Cond: ((k >= 6470408) AND (k <= 6470508))

table 7 : explain SELECT k, c FROM sbtest7 WHERE k BETWEEN 6470408 AND 6470508
	Bitmap Heap Scan on sbtest7  (cost=5.43..389.37 rows=97 width=125)
	  Recheck Cond: ((k >= 6470408) AND (k <= 6470508))
	  ->  Bitmap Index Scan on k_7  (cost=0.00..5.40 rows=97 width=0)
	        Index Cond: ((k >= 6470408) AND (k <= 6470508))

table 8 : explain SELECT k, c FROM sbtest8 WHERE k BETWEEN 6470408 AND 6470508
	Bitmap Heap Scan on sbtest8  (cost=5.44..393.31 rows=98 width=125)
	  Recheck Cond: ((k >= 6470408) AND (k <= 6470508))
	  ->  Bitmap Index Scan on k_8  (cost=0.00..5.42 rows=98 width=0)
	        Index Cond: ((k >= 6470408) AND (k <= 6470508))

explain: for range-notcovered :: explain SELECT k, c FROM sbtest%d WHERE k BETWEEN 6470408 AND 6470508
for range-notcovered
table 1 : explain SELECT k, c FROM sbtest1 WHERE k BETWEEN 7034059 AND 7034159
	Bitmap Heap Scan on sbtest1  (cost=5.51..420.88 rows=105 width=125)
	  Recheck Cond: ((k >= 7034059) AND (k <= 7034159))
	  ->  Bitmap Index Scan on k_1  (cost=0.00..5.48 rows=105 width=0)
	        Index Cond: ((k >= 7034059) AND (k <= 7034159))

table 2 : explain SELECT k, c FROM sbtest2 WHERE k BETWEEN 7034059 AND 7034159
	Bitmap Heap Scan on sbtest2  (cost=5.57..444.49 rows=111 width=125)
	  Recheck Cond: ((k >= 7034059) AND (k <= 7034159))
	  ->  Bitmap Index Scan on k_2  (cost=0.00..5.54 rows=111 width=0)
	        Index Cond: ((k >= 7034059) AND (k <= 7034159))

table 3 : explain SELECT k, c FROM sbtest3 WHERE k BETWEEN 7034059 AND 7034159
	Bitmap Heap Scan on sbtest3  (cost=5.45..397.25 rows=99 width=125)
	  Recheck Cond: ((k >= 7034059) AND (k <= 7034159))
	  ->  Bitmap Index Scan on k_3  (cost=0.00..5.42 rows=99 width=0)
	        Index Cond: ((k >= 7034059) AND (k <= 7034159))

table 4 : explain SELECT k, c FROM sbtest4 WHERE k BETWEEN 7034059 AND 7034159
	Bitmap Heap Scan on sbtest4  (cost=5.47..405.13 rows=101 width=125)
	  Recheck Cond: ((k >= 7034059) AND (k <= 7034159))
	  ->  Bitmap Index Scan on k_4  (cost=0.00..5.44 rows=101 width=0)
	        Index Cond: ((k >= 7034059) AND (k <= 7034159))

table 5 : explain SELECT k, c FROM sbtest5 WHERE k BETWEEN 7034059 AND 7034159
	Bitmap Heap Scan on sbtest5  (cost=5.48..409.07 rows=102 width=125)
	  Recheck Cond: ((k >= 7034059) AND (k <= 7034159))
	  ->  Bitmap Index Scan on k_5  (cost=0.00..5.45 rows=102 width=0)
	        Index Cond: ((k >= 7034059) AND (k <= 7034159))

table 6 : explain SELECT k, c FROM sbtest6 WHERE k BETWEEN 7034059 AND 7034159
	Bitmap Heap Scan on sbtest6  (cost=5.48..409.07 rows=102 width=125)
	  Recheck Cond: ((k >= 7034059) AND (k <= 7034159))
	  ->  Bitmap Index Scan on k_6  (cost=0.00..5.45 rows=102 width=0)
	        Index Cond: ((k >= 7034059) AND (k <= 7034159))

table 7 : explain SELECT k, c FROM sbtest7 WHERE k BETWEEN 7034059 AND 7034159
	Bitmap Heap Scan on sbtest7  (cost=5.53..428.75 rows=107 width=125)
	  Recheck Cond: ((k >= 7034059) AND (k <= 7034159))
	  ->  Bitmap Index Scan on k_7  (cost=0.00..5.50 rows=107 width=0)
	        Index Cond: ((k >= 7034059) AND (k <= 7034159))

table 8 : explain SELECT k, c FROM sbtest8 WHERE k BETWEEN 7034059 AND 7034159
	Bitmap Heap Scan on sbtest8  (cost=5.50..416.94 rows=104 width=125)
	  Recheck Cond: ((k >= 7034059) AND (k <= 7034159))
	  ->  Bitmap Index Scan on k_8  (cost=0.00..5.47 rows=104 width=0)
	        Index Cond: ((k >= 7034059) AND (k <= 7034159))

for range-notcovered
table 1 : explain SELECT k, c FROM sbtest1 WHERE k BETWEEN 6128241 AND 6128341
	Bitmap Heap Scan on sbtest1  (cost=5.55..436.62 rows=109 width=125)
	  Recheck Cond: ((k >= 6128241) AND (k <= 6128341))
	  ->  Bitmap Index Scan on k_1  (cost=0.00..5.52 rows=109 width=0)
	        Index Cond: ((k >= 6128241) AND (k <= 6128341))

table 2 : explain SELECT k, c FROM sbtest2 WHERE k BETWEEN 6128241 AND 6128341
	Bitmap Heap Scan on sbtest2  (cost=5.49..413.00 rows=103 width=125)
	  Recheck Cond: ((k >= 6128241) AND (k <= 6128341))
	  ->  Bitmap Index Scan on k_2  (cost=0.00..5.46 rows=103 width=0)
	        Index Cond: ((k >= 6128241) AND (k <= 6128341))

table 3 : explain SELECT k, c FROM sbtest3 WHERE k BETWEEN 6128241 AND 6128341
	Bitmap Heap Scan on sbtest3  (cost=5.45..397.25 rows=99 width=125)
	  Recheck Cond: ((k >= 6128241) AND (k <= 6128341))
	  ->  Bitmap Index Scan on k_3  (cost=0.00..5.42 rows=99 width=0)
	        Index Cond: ((k >= 6128241) AND (k <= 6128341))

table 4 : explain SELECT k, c FROM sbtest4 WHERE k BETWEEN 6128241 AND 6128341
	Bitmap Heap Scan on sbtest4  (cost=5.45..397.25 rows=99 width=125)
	  Recheck Cond: ((k >= 6128241) AND (k <= 6128341))
	  ->  Bitmap Index Scan on k_4  (cost=0.00..5.42 rows=99 width=0)
	        Index Cond: ((k >= 6128241) AND (k <= 6128341))

table 5 : explain SELECT k, c FROM sbtest5 WHERE k BETWEEN 6128241 AND 6128341
	Bitmap Heap Scan on sbtest5  (cost=5.49..413.00 rows=103 width=125)
	  Recheck Cond: ((k >= 6128241) AND (k <= 6128341))
	  ->  Bitmap Index Scan on k_5  (cost=0.00..5.46 rows=103 width=0)
	        Index Cond: ((k >= 6128241) AND (k <= 6128341))

table 6 : explain SELECT k, c FROM sbtest6 WHERE k BETWEEN 6128241 AND 6128341
	Bitmap Heap Scan on sbtest6  (cost=5.50..416.94 rows=104 width=125)
	  Recheck Cond: ((k >= 6128241) AND (k <= 6128341))
	  ->  Bitmap Index Scan on k_6  (cost=0.00..5.47 rows=104 width=0)
	        Index Cond: ((k >= 6128241) AND (k <= 6128341))

table 7 : explain SELECT k, c FROM sbtest7 WHERE k BETWEEN 6128241 AND 6128341
	Bitmap Heap Scan on sbtest7  (cost=5.53..428.75 rows=107 width=125)
	  Recheck Cond: ((k >= 6128241) AND (k <= 6128341))
	  ->  Bitmap Index Scan on k_7  (cost=0.00..5.50 rows=107 width=0)
	        Index Cond: ((k >= 6128241) AND (k <= 6128341))

table 8 : explain SELECT k, c FROM sbtest8 WHERE k BETWEEN 6128241 AND 6128341
	Bitmap Heap Scan on sbtest8  (cost=5.57..444.49 rows=111 width=125)
	  Recheck Cond: ((k >= 6128241) AND (k <= 6128341))
	  ->  Bitmap Index Scan on k_8  (cost=0.00..5.54 rows=111 width=0)
	        Index Cond: ((k >= 6128241) AND (k <= 6128341))

for range-notcovered
table 1 : explain SELECT k, c FROM sbtest1 WHERE k BETWEEN 2871707 AND 2871807
	Bitmap Heap Scan on sbtest1  (cost=5.49..413.00 rows=103 width=125)
	  Recheck Cond: ((k >= 2871707) AND (k <= 2871807))
	  ->  Bitmap Index Scan on k_1  (cost=0.00..5.46 rows=103 width=0)
	        Index Cond: ((k >= 2871707) AND (k <= 2871807))

table 2 : explain SELECT k, c FROM sbtest2 WHERE k BETWEEN 2871707 AND 2871807
	Bitmap Heap Scan on sbtest2  (cost=5.49..413.00 rows=103 width=125)
	  Recheck Cond: ((k >= 2871707) AND (k <= 2871807))
	  ->  Bitmap Index Scan on k_2  (cost=0.00..5.46 rows=103 width=0)
	        Index Cond: ((k >= 2871707) AND (k <= 2871807))

table 3 : explain SELECT k, c FROM sbtest3 WHERE k BETWEEN 2871707 AND 2871807
	Bitmap Heap Scan on sbtest3  (cost=5.43..389.37 rows=97 width=125)
	  Recheck Cond: ((k >= 2871707) AND (k <= 2871807))
	  ->  Bitmap Index Scan on k_3  (cost=0.00..5.40 rows=97 width=0)
	        Index Cond: ((k >= 2871707) AND (k <= 2871807))

table 4 : explain SELECT k, c FROM sbtest4 WHERE k BETWEEN 2871707 AND 2871807
	Bitmap Heap Scan on sbtest4  (cost=5.60..456.29 rows=114 width=125)
	  Recheck Cond: ((k >= 2871707) AND (k <= 2871807))
	  ->  Bitmap Index Scan on k_4  (cost=0.00..5.58 rows=114 width=0)
	        Index Cond: ((k >= 2871707) AND (k <= 2871807))

table 5 : explain SELECT k, c FROM sbtest5 WHERE k BETWEEN 2871707 AND 2871807
	Bitmap Heap Scan on sbtest5  (cost=5.55..436.62 rows=109 width=125)
	  Recheck Cond: ((k >= 2871707) AND (k <= 2871807))
	  ->  Bitmap Index Scan on k_5  (cost=0.00..5.52 rows=109 width=0)
	        Index Cond: ((k >= 2871707) AND (k <= 2871807))

table 6 : explain SELECT k, c FROM sbtest6 WHERE k BETWEEN 2871707 AND 2871807
	Bitmap Heap Scan on sbtest6  (cost=5.48..409.07 rows=102 width=125)
	  Recheck Cond: ((k >= 2871707) AND (k <= 2871807))
	  ->  Bitmap Index Scan on k_6  (cost=0.00..5.45 rows=102 width=0)
	        Index Cond: ((k >= 2871707) AND (k <= 2871807))

table 7 : explain SELECT k, c FROM sbtest7 WHERE k BETWEEN 2871707 AND 2871807
	Bitmap Heap Scan on sbtest7  (cost=5.50..416.94 rows=104 width=125)
	  Recheck Cond: ((k >= 2871707) AND (k <= 2871807))
	  ->  Bitmap Index Scan on k_7  (cost=0.00..5.47 rows=104 width=0)
	        Index Cond: ((k >= 2871707) AND (k <= 2871807))

table 8 : explain SELECT k, c FROM sbtest8 WHERE k BETWEEN 2871707 AND 2871807
	Bitmap Heap Scan on sbtest8  (cost=5.51..420.88 rows=105 width=125)
	  Recheck Cond: ((k >= 2871707) AND (k <= 2871807))
	  ->  Bitmap Index Scan on k_8  (cost=0.00..5.48 rows=105 width=0)
	        Index Cond: ((k >= 2871707) AND (k <= 2871807))

for range-notcovered
table 1 : explain SELECT k, c FROM sbtest1 WHERE k BETWEEN 5657732 AND 5657832
	Bitmap Heap Scan on sbtest1  (cost=5.42..385.43 rows=96 width=125)
	  Recheck Cond: ((k >= 5657732) AND (k <= 5657832))
	  ->  Bitmap Index Scan on k_1  (cost=0.00..5.39 rows=96 width=0)
	        Index Cond: ((k >= 5657732) AND (k <= 5657832))

table 2 : explain SELECT k, c FROM sbtest2 WHERE k BETWEEN 5657732 AND 5657832
	Bitmap Heap Scan on sbtest2  (cost=5.53..428.75 rows=107 width=125)
	  Recheck Cond: ((k >= 5657732) AND (k <= 5657832))
	  ->  Bitmap Index Scan on k_2  (cost=0.00..5.50 rows=107 width=0)
	        Index Cond: ((k >= 5657732) AND (k <= 5657832))

table 3 : explain SELECT k, c FROM sbtest3 WHERE k BETWEEN 5657732 AND 5657832
	Bitmap Heap Scan on sbtest3  (cost=5.47..405.13 rows=101 width=125)
	  Recheck Cond: ((k >= 5657732) AND (k <= 5657832))
	  ->  Bitmap Index Scan on k_3  (cost=0.00..5.44 rows=101 width=0)
	        Index Cond: ((k >= 5657732) AND (k <= 5657832))

table 4 : explain SELECT k, c FROM sbtest4 WHERE k BETWEEN 5657732 AND 5657832
	Bitmap Heap Scan on sbtest4  (cost=5.43..389.37 rows=97 width=125)
	  Recheck Cond: ((k >= 5657732) AND (k <= 5657832))
	  ->  Bitmap Index Scan on k_4  (cost=0.00..5.40 rows=97 width=0)
	        Index Cond: ((k >= 5657732) AND (k <= 5657832))

table 5 : explain SELECT k, c FROM sbtest5 WHERE k BETWEEN 5657732 AND 5657832
	Bitmap Heap Scan on sbtest5  (cost=5.50..416.94 rows=104 width=125)
	  Recheck Cond: ((k >= 5657732) AND (k <= 5657832))
	  ->  Bitmap Index Scan on k_5  (cost=0.00..5.47 rows=104 width=0)
	        Index Cond: ((k >= 5657732) AND (k <= 5657832))

table 6 : explain SELECT k, c FROM sbtest6 WHERE k BETWEEN 5657732 AND 5657832
	Bitmap Heap Scan on sbtest6  (cost=5.47..405.13 rows=101 width=125)
	  Recheck Cond: ((k >= 5657732) AND (k <= 5657832))
	  ->  Bitmap Index Scan on k_6  (cost=0.00..5.44 rows=101 width=0)
	        Index Cond: ((k >= 5657732) AND (k <= 5657832))

table 7 : explain SELECT k, c FROM sbtest7 WHERE k BETWEEN 5657732 AND 5657832
	Bitmap Heap Scan on sbtest7  (cost=5.43..389.37 rows=97 width=125)
	  Recheck Cond: ((k >= 5657732) AND (k <= 5657832))
	  ->  Bitmap Index Scan on k_7  (cost=0.00..5.40 rows=97 width=0)
	        Index Cond: ((k >= 5657732) AND (k <= 5657832))

table 8 : explain SELECT k, c FROM sbtest8 WHERE k BETWEEN 5657732 AND 5657832
	Bitmap Heap Scan on sbtest8  (cost=5.42..385.43 rows=96 width=125)
	  Recheck Cond: ((k >= 5657732) AND (k <= 5657832))
	  ->  Bitmap Index Scan on k_8  (cost=0.00..5.39 rows=96 width=0)
	        Index Cond: ((k >= 5657732) AND (k <= 5657832))

explain: for range-notcovered :: explain SELECT k, c FROM sbtest%d WHERE k BETWEEN 6128241 AND 6128341
explain: for range-notcovered :: explain SELECT k, c FROM sbtest%d WHERE k BETWEEN 2871707 AND 2871807
explain: for range-notcovered :: explain SELECT k, c FROM sbtest%d WHERE k BETWEEN 5657732 AND 5657832
for range-notcovered
table 1 : explain SELECT k, c FROM sbtest1 WHERE k BETWEEN 6470408 AND 6470508
	Bitmap Heap Scan on sbtest1  (cost=5.47..405.13 rows=101 width=125)
	  Recheck Cond: ((k >= 6470408) AND (k <= 6470508))
	  ->  Bitmap Index Scan on k_1  (cost=0.00..5.44 rows=101 width=0)
	        Index Cond: ((k >= 6470408) AND (k <= 6470508))

table 2 : explain SELECT k, c FROM sbtest2 WHERE k BETWEEN 6470408 AND 6470508
	Bitmap Heap Scan on sbtest2  (cost=5.47..405.13 rows=101 width=125)
	  Recheck Cond: ((k >= 6470408) AND (k <= 6470508))
	  ->  Bitmap Index Scan on k_2  (cost=0.00..5.44 rows=101 width=0)
	        Index Cond: ((k >= 6470408) AND (k <= 6470508))

table 3 : explain SELECT k, c FROM sbtest3 WHERE k BETWEEN 6470408 AND 6470508
	Bitmap Heap Scan on sbtest3  (cost=5.50..416.94 rows=104 width=125)
	  Recheck Cond: ((k >= 6470408) AND (k <= 6470508))
	  ->  Bitmap Index Scan on k_3  (cost=0.00..5.47 rows=104 width=0)
	        Index Cond: ((k >= 6470408) AND (k <= 6470508))

table 4 : explain SELECT k, c FROM sbtest4 WHERE k BETWEEN 6470408 AND 6470508
	Bitmap Heap Scan on sbtest4  (cost=5.40..377.55 rows=94 width=125)
	  Recheck Cond: ((k >= 6470408) AND (k <= 6470508))
	  ->  Bitmap Index Scan on k_4  (cost=0.00..5.38 rows=94 width=0)
	        Index Cond: ((k >= 6470408) AND (k <= 6470508))

table 5 : explain SELECT k, c FROM sbtest5 WHERE k BETWEEN 6470408 AND 6470508
	Bitmap Heap Scan on sbtest5  (cost=5.39..373.61 rows=93 width=125)
	  Recheck Cond: ((k >= 6470408) AND (k <= 6470508))
	  ->  Bitmap Index Scan on k_5  (cost=0.00..5.36 rows=93 width=0)
	        Index Cond: ((k >= 6470408) AND (k <= 6470508))

table 6 : explain SELECT k, c FROM sbtest6 WHERE k BETWEEN 6470408 AND 6470508
	Bitmap Heap Scan on sbtest6  (cost=5.54..432.69 rows=108 width=125)
	  Recheck Cond: ((k >= 6470408) AND (k <= 6470508))
	  ->  Bitmap Index Scan on k_6  (cost=0.00..5.51 rows=108 width=0)
	        Index Cond: ((k >= 6470408) AND (k <= 6470508))

table 7 : explain SELECT k, c FROM sbtest7 WHERE k BETWEEN 6470408 AND 6470508
	Bitmap Heap Scan on sbtest7  (cost=5.43..389.37 rows=97 width=125)
	  Recheck Cond: ((k >= 6470408) AND (k <= 6470508))
	  ->  Bitmap Index Scan on k_7  (cost=0.00..5.40 rows=97 width=0)
	        Index Cond: ((k >= 6470408) AND (k <= 6470508))

table 8 : explain SELECT k, c FROM sbtest8 WHERE k BETWEEN 6470408 AND 6470508
	Bitmap Heap Scan on sbtest8  (cost=5.44..393.31 rows=98 width=125)
	  Recheck Cond: ((k >= 6470408) AND (k <= 6470508))
	  ->  Bitmap Index Scan on k_8  (cost=0.00..5.42 rows=98 width=0)
	        Index Cond: ((k >= 6470408) AND (k <= 6470508))

explain: for range-notcovered :: explain SELECT k, c FROM sbtest%d WHERE k BETWEEN 6470408 AND 6470508
for range-notcovered
table 1 : explain SELECT k, c FROM sbtest1 WHERE k BETWEEN 6128241 AND 6128341
	Bitmap Heap Scan on sbtest1  (cost=5.55..436.62 rows=109 width=125)
	  Recheck Cond: ((k >= 6128241) AND (k <= 6128341))
	  ->  Bitmap Index Scan on k_1  (cost=0.00..5.52 rows=109 width=0)
	        Index Cond: ((k >= 6128241) AND (k <= 6128341))

table 2 : explain SELECT k, c FROM sbtest2 WHERE k BETWEEN 6128241 AND 6128341
	Bitmap Heap Scan on sbtest2  (cost=5.49..413.00 rows=103 width=125)
	  Recheck Cond: ((k >= 6128241) AND (k <= 6128341))
	  ->  Bitmap Index Scan on k_2  (cost=0.00..5.46 rows=103 width=0)
	        Index Cond: ((k >= 6128241) AND (k <= 6128341))

table 3 : explain SELECT k, c FROM sbtest3 WHERE k BETWEEN 6128241 AND 6128341
	Bitmap Heap Scan on sbtest3  (cost=5.45..397.25 rows=99 width=125)
	  Recheck Cond: ((k >= 6128241) AND (k <= 6128341))
	  ->  Bitmap Index Scan on k_3  (cost=0.00..5.42 rows=99 width=0)
	        Index Cond: ((k >= 6128241) AND (k <= 6128341))

table 4 : explain SELECT k, c FROM sbtest4 WHERE k BETWEEN 6128241 AND 6128341
	Bitmap Heap Scan on sbtest4  (cost=5.45..397.25 rows=99 width=125)
	  Recheck Cond: ((k >= 6128241) AND (k <= 6128341))
	  ->  Bitmap Index Scan on k_4  (cost=0.00..5.42 rows=99 width=0)
	        Index Cond: ((k >= 6128241) AND (k <= 6128341))

table 5 : explain SELECT k, c FROM sbtest5 WHERE k BETWEEN 6128241 AND 6128341
	Bitmap Heap Scan on sbtest5  (cost=5.49..413.00 rows=103 width=125)
	  Recheck Cond: ((k >= 6128241) AND (k <= 6128341))
	  ->  Bitmap Index Scan on k_5  (cost=0.00..5.46 rows=103 width=0)
	        Index Cond: ((k >= 6128241) AND (k <= 6128341))

table 6 : explain SELECT k, c FROM sbtest6 WHERE k BETWEEN 6128241 AND 6128341
	Bitmap Heap Scan on sbtest6  (cost=5.50..416.94 rows=104 width=125)
	  Recheck Cond: ((k >= 6128241) AND (k <= 6128341))
	  ->  Bitmap Index Scan on k_6  (cost=0.00..5.47 rows=104 width=0)
	        Index Cond: ((k >= 6128241) AND (k <= 6128341))

table 7 : explain SELECT k, c FROM sbtest7 WHERE k BETWEEN 6128241 AND 6128341
	Bitmap Heap Scan on sbtest7  (cost=5.53..428.75 rows=107 width=125)
	  Recheck Cond: ((k >= 6128241) AND (k <= 6128341))
	  ->  Bitmap Index Scan on k_7  (cost=0.00..5.50 rows=107 width=0)
	        Index Cond: ((k >= 6128241) AND (k <= 6128341))

table 8 : explain SELECT k, c FROM sbtest8 WHERE k BETWEEN 6128241 AND 6128341
	Bitmap Heap Scan on sbtest8  (cost=5.57..444.49 rows=111 width=125)
	  Recheck Cond: ((k >= 6128241) AND (k <= 6128341))
	  ->  Bitmap Index Scan on k_8  (cost=0.00..5.54 rows=111 width=0)
	        Index Cond: ((k >= 6128241) AND (k <= 6128341))

for range-notcovered
table 1 : explain SELECT k, c FROM sbtest1 WHERE k BETWEEN 2871707 AND 2871807
	Bitmap Heap Scan on sbtest1  (cost=5.49..413.00 rows=103 width=125)
	  Recheck Cond: ((k >= 2871707) AND (k <= 2871807))
	  ->  Bitmap Index Scan on k_1  (cost=0.00..5.46 rows=103 width=0)
	        Index Cond: ((k >= 2871707) AND (k <= 2871807))

table 2 : explain SELECT k, c FROM sbtest2 WHERE k BETWEEN 2871707 AND 2871807
	Bitmap Heap Scan on sbtest2  (cost=5.49..413.00 rows=103 width=125)
	  Recheck Cond: ((k >= 2871707) AND (k <= 2871807))
	  ->  Bitmap Index Scan on k_2  (cost=0.00..5.46 rows=103 width=0)
	        Index Cond: ((k >= 2871707) AND (k <= 2871807))

table 3 : explain SELECT k, c FROM sbtest3 WHERE k BETWEEN 2871707 AND 2871807
	Bitmap Heap Scan on sbtest3  (cost=5.43..389.37 rows=97 width=125)
	  Recheck Cond: ((k >= 2871707) AND (k <= 2871807))
	  ->  Bitmap Index Scan on k_3  (cost=0.00..5.40 rows=97 width=0)
	        Index Cond: ((k >= 2871707) AND (k <= 2871807))

table 4 : explain SELECT k, c FROM sbtest4 WHERE k BETWEEN 2871707 AND 2871807
	Bitmap Heap Scan on sbtest4  (cost=5.60..456.29 rows=114 width=125)
	  Recheck Cond: ((k >= 2871707) AND (k <= 2871807))
	  ->  Bitmap Index Scan on k_4  (cost=0.00..5.58 rows=114 width=0)
	        Index Cond: ((k >= 2871707) AND (k <= 2871807))

table 5 : explain SELECT k, c FROM sbtest5 WHERE k BETWEEN 2871707 AND 2871807
	Bitmap Heap Scan on sbtest5  (cost=5.55..436.62 rows=109 width=125)
	  Recheck Cond: ((k >= 2871707) AND (k <= 2871807))
	  ->  Bitmap Index Scan on k_5  (cost=0.00..5.52 rows=109 width=0)
	        Index Cond: ((k >= 2871707) AND (k <= 2871807))

table 6 : explain SELECT k, c FROM sbtest6 WHERE k BETWEEN 2871707 AND 2871807
	Bitmap Heap Scan on sbtest6  (cost=5.48..409.07 rows=102 width=125)
	  Recheck Cond: ((k >= 2871707) AND (k <= 2871807))
	  ->  Bitmap Index Scan on k_6  (cost=0.00..5.45 rows=102 width=0)
	        Index Cond: ((k >= 2871707) AND (k <= 2871807))

table 7 : explain SELECT k, c FROM sbtest7 WHERE k BETWEEN 2871707 AND 2871807
	Bitmap Heap Scan on sbtest7  (cost=5.50..416.94 rows=104 width=125)
	  Recheck Cond: ((k >= 2871707) AND (k <= 2871807))
	  ->  Bitmap Index Scan on k_7  (cost=0.00..5.47 rows=104 width=0)
	        Index Cond: ((k >= 2871707) AND (k <= 2871807))

table 8 : explain SELECT k, c FROM sbtest8 WHERE k BETWEEN 2871707 AND 2871807
	Bitmap Heap Scan on sbtest8  (cost=5.51..420.88 rows=105 width=125)
	  Recheck Cond: ((k >= 2871707) AND (k <= 2871807))
	  ->  Bitmap Index Scan on k_8  (cost=0.00..5.48 rows=105 width=0)
	        Index Cond: ((k >= 2871707) AND (k <= 2871807))

for range-notcovered
table 1 : explain SELECT k, c FROM sbtest1 WHERE k BETWEEN 5657732 AND 5657832
	Bitmap Heap Scan on sbtest1  (cost=5.42..385.43 rows=96 width=125)
	  Recheck Cond: ((k >= 5657732) AND (k <= 5657832))
	  ->  Bitmap Index Scan on k_1  (cost=0.00..5.39 rows=96 width=0)
	        Index Cond: ((k >= 5657732) AND (k <= 5657832))

table 2 : explain SELECT k, c FROM sbtest2 WHERE k BETWEEN 5657732 AND 5657832
	Bitmap Heap Scan on sbtest2  (cost=5.53..428.75 rows=107 width=125)
	  Recheck Cond: ((k >= 5657732) AND (k <= 5657832))
	  ->  Bitmap Index Scan on k_2  (cost=0.00..5.50 rows=107 width=0)
	        Index Cond: ((k >= 5657732) AND (k <= 5657832))

table 3 : explain SELECT k, c FROM sbtest3 WHERE k BETWEEN 5657732 AND 5657832
	Bitmap Heap Scan on sbtest3  (cost=5.47..405.13 rows=101 width=125)
	  Recheck Cond: ((k >= 5657732) AND (k <= 5657832))
	  ->  Bitmap Index Scan on k_3  (cost=0.00..5.44 rows=101 width=0)
	        Index Cond: ((k >= 5657732) AND (k <= 5657832))

table 4 : explain SELECT k, c FROM sbtest4 WHERE k BETWEEN 5657732 AND 5657832
	Bitmap Heap Scan on sbtest4  (cost=5.43..389.37 rows=97 width=125)
	  Recheck Cond: ((k >= 5657732) AND (k <= 5657832))
	  ->  Bitmap Index Scan on k_4  (cost=0.00..5.40 rows=97 width=0)
	        Index Cond: ((k >= 5657732) AND (k <= 5657832))

table 5 : explain SELECT k, c FROM sbtest5 WHERE k BETWEEN 5657732 AND 5657832
	Bitmap Heap Scan on sbtest5  (cost=5.50..416.94 rows=104 width=125)
	  Recheck Cond: ((k >= 5657732) AND (k <= 5657832))
	  ->  Bitmap Index Scan on k_5  (cost=0.00..5.47 rows=104 width=0)
	        Index Cond: ((k >= 5657732) AND (k <= 5657832))

table 6 : explain SELECT k, c FROM sbtest6 WHERE k BETWEEN 5657732 AND 5657832
	Bitmap Heap Scan on sbtest6  (cost=5.47..405.13 rows=101 width=125)
	  Recheck Cond: ((k >= 5657732) AND (k <= 5657832))
	  ->  Bitmap Index Scan on k_6  (cost=0.00..5.44 rows=101 width=0)
	        Index Cond: ((k >= 5657732) AND (k <= 5657832))

table 7 : explain SELECT k, c FROM sbtest7 WHERE k BETWEEN 5657732 AND 5657832
	Bitmap Heap Scan on sbtest7  (cost=5.43..389.37 rows=97 width=125)
	  Recheck Cond: ((k >= 5657732) AND (k <= 5657832))
	  ->  Bitmap Index Scan on k_7  (cost=0.00..5.40 rows=97 width=0)
	        Index Cond: ((k >= 5657732) AND (k <= 5657832))

table 8 : explain SELECT k, c FROM sbtest8 WHERE k BETWEEN 5657732 AND 5657832
	Bitmap Heap Scan on sbtest8  (cost=5.42..385.43 rows=96 width=125)
	  Recheck Cond: ((k >= 5657732) AND (k <= 5657832))
	  ->  Bitmap Index Scan on k_8  (cost=0.00..5.39 rows=96 width=0)
	        Index Cond: ((k >= 5657732) AND (k <= 5657832))

explain: for range-notcovered :: explain SELECT k, c FROM sbtest%d WHERE k BETWEEN 6128241 AND 6128341
explain: for range-notcovered :: explain SELECT k, c FROM sbtest%d WHERE k BETWEEN 2871707 AND 2871807
explain: for range-notcovered :: explain SELECT k, c FROM sbtest%d WHERE k BETWEEN 5657732 AND 5657832
for range-notcovered
table 1 : explain SELECT k, c FROM sbtest1 WHERE k BETWEEN 6470408 AND 6470508
	Bitmap Heap Scan on sbtest1  (cost=5.47..405.13 rows=101 width=125)
	  Recheck Cond: ((k >= 6470408) AND (k <= 6470508))
	  ->  Bitmap Index Scan on k_1  (cost=0.00..5.44 rows=101 width=0)
	        Index Cond: ((k >= 6470408) AND (k <= 6470508))

table 2 : explain SELECT k, c FROM sbtest2 WHERE k BETWEEN 6470408 AND 6470508
	Bitmap Heap Scan on sbtest2  (cost=5.47..405.13 rows=101 width=125)
	  Recheck Cond: ((k >= 6470408) AND (k <= 6470508))
	  ->  Bitmap Index Scan on k_2  (cost=0.00..5.44 rows=101 width=0)
	        Index Cond: ((k >= 6470408) AND (k <= 6470508))

table 3 : explain SELECT k, c FROM sbtest3 WHERE k BETWEEN 6470408 AND 6470508
	Bitmap Heap Scan on sbtest3  (cost=5.50..416.94 rows=104 width=125)
	  Recheck Cond: ((k >= 6470408) AND (k <= 6470508))
	  ->  Bitmap Index Scan on k_3  (cost=0.00..5.47 rows=104 width=0)
	        Index Cond: ((k >= 6470408) AND (k <= 6470508))

table 4 : explain SELECT k, c FROM sbtest4 WHERE k BETWEEN 6470408 AND 6470508
	Bitmap Heap Scan on sbtest4  (cost=5.40..377.55 rows=94 width=125)
	  Recheck Cond: ((k >= 6470408) AND (k <= 6470508))
	  ->  Bitmap Index Scan on k_4  (cost=0.00..5.38 rows=94 width=0)
	        Index Cond: ((k >= 6470408) AND (k <= 6470508))

table 5 : explain SELECT k, c FROM sbtest5 WHERE k BETWEEN 6470408 AND 6470508
	Bitmap Heap Scan on sbtest5  (cost=5.39..373.61 rows=93 width=125)
	  Recheck Cond: ((k >= 6470408) AND (k <= 6470508))
	  ->  Bitmap Index Scan on k_5  (cost=0.00..5.36 rows=93 width=0)
	        Index Cond: ((k >= 6470408) AND (k <= 6470508))

table 6 : explain SELECT k, c FROM sbtest6 WHERE k BETWEEN 6470408 AND 6470508
	Bitmap Heap Scan on sbtest6  (cost=5.54..432.69 rows=108 width=125)
	  Recheck Cond: ((k >= 6470408) AND (k <= 6470508))
	  ->  Bitmap Index Scan on k_6  (cost=0.00..5.51 rows=108 width=0)
	        Index Cond: ((k >= 6470408) AND (k <= 6470508))

table 7 : explain SELECT k, c FROM sbtest7 WHERE k BETWEEN 6470408 AND 6470508
	Bitmap Heap Scan on sbtest7  (cost=5.43..389.37 rows=97 width=125)
	  Recheck Cond: ((k >= 6470408) AND (k <= 6470508))
	  ->  Bitmap Index Scan on k_7  (cost=0.00..5.40 rows=97 width=0)
	        Index Cond: ((k >= 6470408) AND (k <= 6470508))

table 8 : explain SELECT k, c FROM sbtest8 WHERE k BETWEEN 6470408 AND 6470508
	Bitmap Heap Scan on sbtest8  (cost=5.44..393.31 rows=98 width=125)
	  Recheck Cond: ((k >= 6470408) AND (k <= 6470508))
	  ->  Bitmap Index Scan on k_8  (cost=0.00..5.42 rows=98 width=0)
	        Index Cond: ((k >= 6470408) AND (k <= 6470508))

explain: for range-notcovered :: explain SELECT k, c FROM sbtest%d WHERE k BETWEEN 6470408 AND 6470508
for range-notcovered
table 1 : explain SELECT k, c FROM sbtest1 WHERE k BETWEEN 6128241 AND 6128341
	Bitmap Heap Scan on sbtest1  (cost=5.55..436.62 rows=109 width=125)
	  Recheck Cond: ((k >= 6128241) AND (k <= 6128341))
	  ->  Bitmap Index Scan on k_1  (cost=0.00..5.52 rows=109 width=0)
	        Index Cond: ((k >= 6128241) AND (k <= 6128341))

table 2 : explain SELECT k, c FROM sbtest2 WHERE k BETWEEN 6128241 AND 6128341
	Bitmap Heap Scan on sbtest2  (cost=5.49..413.00 rows=103 width=125)
	  Recheck Cond: ((k >= 6128241) AND (k <= 6128341))
	  ->  Bitmap Index Scan on k_2  (cost=0.00..5.46 rows=103 width=0)
	        Index Cond: ((k >= 6128241) AND (k <= 6128341))

table 3 : explain SELECT k, c FROM sbtest3 WHERE k BETWEEN 6128241 AND 6128341
	Bitmap Heap Scan on sbtest3  (cost=5.45..397.25 rows=99 width=125)
	  Recheck Cond: ((k >= 6128241) AND (k <= 6128341))
	  ->  Bitmap Index Scan on k_3  (cost=0.00..5.42 rows=99 width=0)
	        Index Cond: ((k >= 6128241) AND (k <= 6128341))

table 4 : explain SELECT k, c FROM sbtest4 WHERE k BETWEEN 6128241 AND 6128341
	Bitmap Heap Scan on sbtest4  (cost=5.45..397.25 rows=99 width=125)
	  Recheck Cond: ((k >= 6128241) AND (k <= 6128341))
	  ->  Bitmap Index Scan on k_4  (cost=0.00..5.42 rows=99 width=0)
	        Index Cond: ((k >= 6128241) AND (k <= 6128341))

table 5 : explain SELECT k, c FROM sbtest5 WHERE k BETWEEN 6128241 AND 6128341
	Bitmap Heap Scan on sbtest5  (cost=5.49..413.00 rows=103 width=125)
	  Recheck Cond: ((k >= 6128241) AND (k <= 6128341))
	  ->  Bitmap Index Scan on k_5  (cost=0.00..5.46 rows=103 width=0)
	        Index Cond: ((k >= 6128241) AND (k <= 6128341))

table 6 : explain SELECT k, c FROM sbtest6 WHERE k BETWEEN 6128241 AND 6128341
	Bitmap Heap Scan on sbtest6  (cost=5.50..416.94 rows=104 width=125)
	  Recheck Cond: ((k >= 6128241) AND (k <= 6128341))
	  ->  Bitmap Index Scan on k_6  (cost=0.00..5.47 rows=104 width=0)
	        Index Cond: ((k >= 6128241) AND (k <= 6128341))

table 7 : explain SELECT k, c FROM sbtest7 WHERE k BETWEEN 6128241 AND 6128341
	Bitmap Heap Scan on sbtest7  (cost=5.53..428.75 rows=107 width=125)
	  Recheck Cond: ((k >= 6128241) AND (k <= 6128341))
	  ->  Bitmap Index Scan on k_7  (cost=0.00..5.50 rows=107 width=0)
	        Index Cond: ((k >= 6128241) AND (k <= 6128341))

table 8 : explain SELECT k, c FROM sbtest8 WHERE k BETWEEN 6128241 AND 6128341
	Bitmap Heap Scan on sbtest8  (cost=5.57..444.49 rows=111 width=125)
	  Recheck Cond: ((k >= 6128241) AND (k <= 6128341))
	  ->  Bitmap Index Scan on k_8  (cost=0.00..5.54 rows=111 width=0)
	        Index Cond: ((k >= 6128241) AND (k <= 6128341))

for range-notcovered
table 1 : explain SELECT k, c FROM sbtest1 WHERE k BETWEEN 2871707 AND 2871807
	Bitmap Heap Scan on sbtest1  (cost=5.49..413.00 rows=103 width=125)
	  Recheck Cond: ((k >= 2871707) AND (k <= 2871807))
	  ->  Bitmap Index Scan on k_1  (cost=0.00..5.46 rows=103 width=0)
	        Index Cond: ((k >= 2871707) AND (k <= 2871807))

table 2 : explain SELECT k, c FROM sbtest2 WHERE k BETWEEN 2871707 AND 2871807
	Bitmap Heap Scan on sbtest2  (cost=5.49..413.00 rows=103 width=125)
	  Recheck Cond: ((k >= 2871707) AND (k <= 2871807))
	  ->  Bitmap Index Scan on k_2  (cost=0.00..5.46 rows=103 width=0)
	        Index Cond: ((k >= 2871707) AND (k <= 2871807))

table 3 : explain SELECT k, c FROM sbtest3 WHERE k BETWEEN 2871707 AND 2871807
	Bitmap Heap Scan on sbtest3  (cost=5.43..389.37 rows=97 width=125)
	  Recheck Cond: ((k >= 2871707) AND (k <= 2871807))
	  ->  Bitmap Index Scan on k_3  (cost=0.00..5.40 rows=97 width=0)
	        Index Cond: ((k >= 2871707) AND (k <= 2871807))

table 4 : explain SELECT k, c FROM sbtest4 WHERE k BETWEEN 2871707 AND 2871807
	Bitmap Heap Scan on sbtest4  (cost=5.60..456.29 rows=114 width=125)
	  Recheck Cond: ((k >= 2871707) AND (k <= 2871807))
	  ->  Bitmap Index Scan on k_4  (cost=0.00..5.58 rows=114 width=0)
	        Index Cond: ((k >= 2871707) AND (k <= 2871807))

table 5 : explain SELECT k, c FROM sbtest5 WHERE k BETWEEN 2871707 AND 2871807
	Bitmap Heap Scan on sbtest5  (cost=5.55..436.62 rows=109 width=125)
	  Recheck Cond: ((k >= 2871707) AND (k <= 2871807))
	  ->  Bitmap Index Scan on k_5  (cost=0.00..5.52 rows=109 width=0)
	        Index Cond: ((k >= 2871707) AND (k <= 2871807))

table 6 : explain SELECT k, c FROM sbtest6 WHERE k BETWEEN 2871707 AND 2871807
	Bitmap Heap Scan on sbtest6  (cost=5.48..409.07 rows=102 width=125)
	  Recheck Cond: ((k >= 2871707) AND (k <= 2871807))
	  ->  Bitmap Index Scan on k_6  (cost=0.00..5.45 rows=102 width=0)
	        Index Cond: ((k >= 2871707) AND (k <= 2871807))

table 7 : explain SELECT k, c FROM sbtest7 WHERE k BETWEEN 2871707 AND 2871807
	Bitmap Heap Scan on sbtest7  (cost=5.50..416.94 rows=104 width=125)
	  Recheck Cond: ((k >= 2871707) AND (k <= 2871807))
	  ->  Bitmap Index Scan on k_7  (cost=0.00..5.47 rows=104 width=0)
	        Index Cond: ((k >= 2871707) AND (k <= 2871807))

table 8 : explain SELECT k, c FROM sbtest8 WHERE k BETWEEN 2871707 AND 2871807
	Bitmap Heap Scan on sbtest8  (cost=5.51..420.88 rows=105 width=125)
	  Recheck Cond: ((k >= 2871707) AND (k <= 2871807))
	  ->  Bitmap Index Scan on k_8  (cost=0.00..5.48 rows=105 width=0)
	        Index Cond: ((k >= 2871707) AND (k <= 2871807))

for range-notcovered
table 1 : explain SELECT k, c FROM sbtest1 WHERE k BETWEEN 5657732 AND 5657832
	Bitmap Heap Scan on sbtest1  (cost=5.42..385.43 rows=96 width=125)
	  Recheck Cond: ((k >= 5657732) AND (k <= 5657832))
	  ->  Bitmap Index Scan on k_1  (cost=0.00..5.39 rows=96 width=0)
	        Index Cond: ((k >= 5657732) AND (k <= 5657832))

table 2 : explain SELECT k, c FROM sbtest2 WHERE k BETWEEN 5657732 AND 5657832
	Bitmap Heap Scan on sbtest2  (cost=5.53..428.75 rows=107 width=125)
	  Recheck Cond: ((k >= 5657732) AND (k <= 5657832))
	  ->  Bitmap Index Scan on k_2  (cost=0.00..5.50 rows=107 width=0)
	        Index Cond: ((k >= 5657732) AND (k <= 5657832))

table 3 : explain SELECT k, c FROM sbtest3 WHERE k BETWEEN 5657732 AND 5657832
	Bitmap Heap Scan on sbtest3  (cost=5.47..405.13 rows=101 width=125)
	  Recheck Cond: ((k >= 5657732) AND (k <= 5657832))
	  ->  Bitmap Index Scan on k_3  (cost=0.00..5.44 rows=101 width=0)
	        Index Cond: ((k >= 5657732) AND (k <= 5657832))

table 4 : explain SELECT k, c FROM sbtest4 WHERE k BETWEEN 5657732 AND 5657832
	Bitmap Heap Scan on sbtest4  (cost=5.43..389.37 rows=97 width=125)
	  Recheck Cond: ((k >= 5657732) AND (k <= 5657832))
	  ->  Bitmap Index Scan on k_4  (cost=0.00..5.40 rows=97 width=0)
	        Index Cond: ((k >= 5657732) AND (k <= 5657832))

table 5 : explain SELECT k, c FROM sbtest5 WHERE k BETWEEN 5657732 AND 5657832
	Bitmap Heap Scan on sbtest5  (cost=5.50..416.94 rows=104 width=125)
	  Recheck Cond: ((k >= 5657732) AND (k <= 5657832))
	  ->  Bitmap Index Scan on k_5  (cost=0.00..5.47 rows=104 width=0)
	        Index Cond: ((k >= 5657732) AND (k <= 5657832))

table 6 : explain SELECT k, c FROM sbtest6 WHERE k BETWEEN 5657732 AND 5657832
	Bitmap Heap Scan on sbtest6  (cost=5.47..405.13 rows=101 width=125)
	  Recheck Cond: ((k >= 5657732) AND (k <= 5657832))
	  ->  Bitmap Index Scan on k_6  (cost=0.00..5.44 rows=101 width=0)
	        Index Cond: ((k >= 5657732) AND (k <= 5657832))

table 7 : explain SELECT k, c FROM sbtest7 WHERE k BETWEEN 5657732 AND 5657832
	Bitmap Heap Scan on sbtest7  (cost=5.43..389.37 rows=97 width=125)
	  Recheck Cond: ((k >= 5657732) AND (k <= 5657832))
	  ->  Bitmap Index Scan on k_7  (cost=0.00..5.40 rows=97 width=0)
	        Index Cond: ((k >= 5657732) AND (k <= 5657832))

table 8 : explain SELECT k, c FROM sbtest8 WHERE k BETWEEN 5657732 AND 5657832
	Bitmap Heap Scan on sbtest8  (cost=5.42..385.43 rows=96 width=125)
	  Recheck Cond: ((k >= 5657732) AND (k <= 5657832))
	  ->  Bitmap Index Scan on k_8  (cost=0.00..5.39 rows=96 width=0)
	        Index Cond: ((k >= 5657732) AND (k <= 5657832))

explain: for range-notcovered :: explain SELECT k, c FROM sbtest%d WHERE k BETWEEN 2871707 AND 2871807
for range-notcovered
table 1 : explain SELECT k, c FROM sbtest1 WHERE k BETWEEN 6470408 AND 6470508
	Bitmap Heap Scan on sbtest1  (cost=5.47..405.13 rows=101 width=125)
	  Recheck Cond: ((k >= 6470408) AND (k <= 6470508))
	  ->  Bitmap Index Scan on k_1  (cost=0.00..5.44 rows=101 width=0)
	        Index Cond: ((k >= 6470408) AND (k <= 6470508))

table 2 : explain SELECT k, c FROM sbtest2 WHERE k BETWEEN 6470408 AND 6470508
	Bitmap Heap Scan on sbtest2  (cost=5.47..405.13 rows=101 width=125)
	  Recheck Cond: ((k >= 6470408) AND (k <= 6470508))
	  ->  Bitmap Index Scan on k_2  (cost=0.00..5.44 rows=101 width=0)
	        Index Cond: ((k >= 6470408) AND (k <= 6470508))

table 3 : explain SELECT k, c FROM sbtest3 WHERE k BETWEEN 6470408 AND 6470508
	Bitmap Heap Scan on sbtest3  (cost=5.50..416.94 rows=104 width=125)
	  Recheck Cond: ((k >= 6470408) AND (k <= 6470508))
	  ->  Bitmap Index Scan on k_3  (cost=0.00..5.47 rows=104 width=0)
	        Index Cond: ((k >= 6470408) AND (k <= 6470508))

table 4 : explain SELECT k, c FROM sbtest4 WHERE k BETWEEN 6470408 AND 6470508
	Bitmap Heap Scan on sbtest4  (cost=5.40..377.55 rows=94 width=125)
	  Recheck Cond: ((k >= 6470408) AND (k <= 6470508))
	  ->  Bitmap Index Scan on k_4  (cost=0.00..5.38 rows=94 width=0)
	        Index Cond: ((k >= 6470408) AND (k <= 6470508))

table 5 : explain SELECT k, c FROM sbtest5 WHERE k BETWEEN 6470408 AND 6470508
	Bitmap Heap Scan on sbtest5  (cost=5.39..373.61 rows=93 width=125)
	  Recheck Cond: ((k >= 6470408) AND (k <= 6470508))
	  ->  Bitmap Index Scan on k_5  (cost=0.00..5.36 rows=93 width=0)
	        Index Cond: ((k >= 6470408) AND (k <= 6470508))

table 6 : explain SELECT k, c FROM sbtest6 WHERE k BETWEEN 6470408 AND 6470508
	Bitmap Heap Scan on sbtest6  (cost=5.54..432.69 rows=108 width=125)
	  Recheck Cond: ((k >= 6470408) AND (k <= 6470508))
	  ->  Bitmap Index Scan on k_6  (cost=0.00..5.51 rows=108 width=0)
	        Index Cond: ((k >= 6470408) AND (k <= 6470508))

table 7 : explain SELECT k, c FROM sbtest7 WHERE k BETWEEN 6470408 AND 6470508
	Bitmap Heap Scan on sbtest7  (cost=5.43..389.37 rows=97 width=125)
	  Recheck Cond: ((k >= 6470408) AND (k <= 6470508))
	  ->  Bitmap Index Scan on k_7  (cost=0.00..5.40 rows=97 width=0)
	        Index Cond: ((k >= 6470408) AND (k <= 6470508))

table 8 : explain SELECT k, c FROM sbtest8 WHERE k BETWEEN 6470408 AND 6470508
	Bitmap Heap Scan on sbtest8  (cost=5.44..393.31 rows=98 width=125)
	  Recheck Cond: ((k >= 6470408) AND (k <= 6470508))
	  ->  Bitmap Index Scan on k_8  (cost=0.00..5.42 rows=98 width=0)
	        Index Cond: ((k >= 6470408) AND (k <= 6470508))

for range-notcovered
table 1 : explain SELECT k, c FROM sbtest1 WHERE k BETWEEN 2871707 AND 2871807
	Bitmap Heap Scan on sbtest1  (cost=5.49..413.00 rows=103 width=125)
	  Recheck Cond: ((k >= 2871707) AND (k <= 2871807))
	  ->  Bitmap Index Scan on k_1  (cost=0.00..5.46 rows=103 width=0)
	        Index Cond: ((k >= 2871707) AND (k <= 2871807))

table 2 : explain SELECT k, c FROM sbtest2 WHERE k BETWEEN 2871707 AND 2871807
	Bitmap Heap Scan on sbtest2  (cost=5.49..413.00 rows=103 width=125)
	  Recheck Cond: ((k >= 2871707) AND (k <= 2871807))
	  ->  Bitmap Index Scan on k_2  (cost=0.00..5.46 rows=103 width=0)
	        Index Cond: ((k >= 2871707) AND (k <= 2871807))

table 3 : explain SELECT k, c FROM sbtest3 WHERE k BETWEEN 2871707 AND 2871807
	Bitmap Heap Scan on sbtest3  (cost=5.43..389.37 rows=97 width=125)
	  Recheck Cond: ((k >= 2871707) AND (k <= 2871807))
	  ->  Bitmap Index Scan on k_3  (cost=0.00..5.40 rows=97 width=0)
	        Index Cond: ((k >= 2871707) AND (k <= 2871807))

table 4 : explain SELECT k, c FROM sbtest4 WHERE k BETWEEN 2871707 AND 2871807
	Bitmap Heap Scan on sbtest4  (cost=5.60..456.29 rows=114 width=125)
	  Recheck Cond: ((k >= 2871707) AND (k <= 2871807))
	  ->  Bitmap Index Scan on k_4  (cost=0.00..5.58 rows=114 width=0)
	        Index Cond: ((k >= 2871707) AND (k <= 2871807))

table 5 : explain SELECT k, c FROM sbtest5 WHERE k BETWEEN 2871707 AND 2871807
	Bitmap Heap Scan on sbtest5  (cost=5.55..436.62 rows=109 width=125)
	  Recheck Cond: ((k >= 2871707) AND (k <= 2871807))
	  ->  Bitmap Index Scan on k_5  (cost=0.00..5.52 rows=109 width=0)
	        Index Cond: ((k >= 2871707) AND (k <= 2871807))

table 6 : explain SELECT k, c FROM sbtest6 WHERE k BETWEEN 2871707 AND 2871807
	Bitmap Heap Scan on sbtest6  (cost=5.48..409.07 rows=102 width=125)
	  Recheck Cond: ((k >= 2871707) AND (k <= 2871807))
	  ->  Bitmap Index Scan on k_6  (cost=0.00..5.45 rows=102 width=0)
	        Index Cond: ((k >= 2871707) AND (k <= 2871807))

table 7 : explain SELECT k, c FROM sbtest7 WHERE k BETWEEN 2871707 AND 2871807
	Bitmap Heap Scan on sbtest7  (cost=5.50..416.94 rows=104 width=125)
	  Recheck Cond: ((k >= 2871707) AND (k <= 2871807))
	  ->  Bitmap Index Scan on k_7  (cost=0.00..5.47 rows=104 width=0)
	        Index Cond: ((k >= 2871707) AND (k <= 2871807))

table 8 : explain SELECT k, c FROM sbtest8 WHERE k BETWEEN 2871707 AND 2871807
	Bitmap Heap Scan on sbtest8  (cost=5.51..420.88 rows=105 width=125)
	  Recheck Cond: ((k >= 2871707) AND (k <= 2871807))
	  ->  Bitmap Index Scan on k_8  (cost=0.00..5.48 rows=105 width=0)
	        Index Cond: ((k >= 2871707) AND (k <= 2871807))

for range-notcovered
table 1 : explain SELECT k, c FROM sbtest1 WHERE k BETWEEN 4993461 AND 4993561
	Bitmap Heap Scan on sbtest1  (cost=5.43..389.37 rows=97 width=125)
	  Recheck Cond: ((k >= 4993461) AND (k <= 4993561))
	  ->  Bitmap Index Scan on k_1  (cost=0.00..5.40 rows=97 width=0)
	        Index Cond: ((k >= 4993461) AND (k <= 4993561))

table 2 : explain SELECT k, c FROM sbtest2 WHERE k BETWEEN 4993461 AND 4993561
	Bitmap Heap Scan on sbtest2  (cost=5.39..373.61 rows=93 width=125)
	  Recheck Cond: ((k >= 4993461) AND (k <= 4993561))
	  ->  Bitmap Index Scan on k_2  (cost=0.00..5.36 rows=93 width=0)
	        Index Cond: ((k >= 4993461) AND (k <= 4993561))

table 3 : explain SELECT k, c FROM sbtest3 WHERE k BETWEEN 4993461 AND 4993561
	Bitmap Heap Scan on sbtest3  (cost=5.41..381.49 rows=95 width=125)
	  Recheck Cond: ((k >= 4993461) AND (k <= 4993561))
	  ->  Bitmap Index Scan on k_3  (cost=0.00..5.38 rows=95 width=0)
	        Index Cond: ((k >= 4993461) AND (k <= 4993561))

table 4 : explain SELECT k, c FROM sbtest4 WHERE k BETWEEN 4993461 AND 4993561
	Bitmap Heap Scan on sbtest4  (cost=5.48..409.07 rows=102 width=125)
	  Recheck Cond: ((k >= 4993461) AND (k <= 4993561))
	  ->  Bitmap Index Scan on k_4  (cost=0.00..5.45 rows=102 width=0)
	        Index Cond: ((k >= 4993461) AND (k <= 4993561))

table 5 : explain SELECT k, c FROM sbtest5 WHERE k BETWEEN 4993461 AND 4993561
	Bitmap Heap Scan on sbtest5  (cost=5.62..464.15 rows=116 width=125)
	  Recheck Cond: ((k >= 4993461) AND (k <= 4993561))
	  ->  Bitmap Index Scan on k_5  (cost=0.00..5.59 rows=116 width=0)
	        Index Cond: ((k >= 4993461) AND (k <= 4993561))

table 6 : explain SELECT k, c FROM sbtest6 WHERE k BETWEEN 4993461 AND 4993561
	Bitmap Heap Scan on sbtest6  (cost=5.48..409.07 rows=102 width=125)
	  Recheck Cond: ((k >= 4993461) AND (k <= 4993561))
	  ->  Bitmap Index Scan on k_6  (cost=0.00..5.45 rows=102 width=0)
	        Index Cond: ((k >= 4993461) AND (k <= 4993561))

table 7 : explain SELECT k, c FROM sbtest7 WHERE k BETWEEN 4993461 AND 4993561
	Bitmap Heap Scan on sbtest7  (cost=5.43..389.37 rows=97 width=125)
	  Recheck Cond: ((k >= 4993461) AND (k <= 4993561))
	  ->  Bitmap Index Scan on k_7  (cost=0.00..5.40 rows=97 width=0)
	        Index Cond: ((k >= 4993461) AND (k <= 4993561))

table 8 : explain SELECT k, c FROM sbtest8 WHERE k BETWEEN 4993461 AND 4993561
	Bitmap Heap Scan on sbtest8  (cost=5.55..436.62 rows=109 width=125)
	  Recheck Cond: ((k >= 4993461) AND (k <= 4993561))
	  ->  Bitmap Index Scan on k_8  (cost=0.00..5.52 rows=109 width=0)
	        Index Cond: ((k >= 4993461) AND (k <= 4993561))

explain: for range-notcovered :: explain SELECT k, c FROM sbtest%d WHERE k BETWEEN 4993461 AND 4993561
for range-notcovered
table 1 : explain SELECT k, c FROM sbtest1 WHERE k BETWEEN 4993461 AND 4993561
	Bitmap Heap Scan on sbtest1  (cost=5.43..389.37 rows=97 width=125)
	  Recheck Cond: ((k >= 4993461) AND (k <= 4993561))
	  ->  Bitmap Index Scan on k_1  (cost=0.00..5.40 rows=97 width=0)
	        Index Cond: ((k >= 4993461) AND (k <= 4993561))

table 2 : explain SELECT k, c FROM sbtest2 WHERE k BETWEEN 4993461 AND 4993561
	Bitmap Heap Scan on sbtest2  (cost=5.39..373.61 rows=93 width=125)
	  Recheck Cond: ((k >= 4993461) AND (k <= 4993561))
	  ->  Bitmap Index Scan on k_2  (cost=0.00..5.36 rows=93 width=0)
	        Index Cond: ((k >= 4993461) AND (k <= 4993561))

table 3 : explain SELECT k, c FROM sbtest3 WHERE k BETWEEN 4993461 AND 4993561
	Bitmap Heap Scan on sbtest3  (cost=5.41..381.49 rows=95 width=125)
	  Recheck Cond: ((k >= 4993461) AND (k <= 4993561))
	  ->  Bitmap Index Scan on k_3  (cost=0.00..5.38 rows=95 width=0)
	        Index Cond: ((k >= 4993461) AND (k <= 4993561))

table 4 : explain SELECT k, c FROM sbtest4 WHERE k BETWEEN 4993461 AND 4993561
	Bitmap Heap Scan on sbtest4  (cost=5.48..409.07 rows=102 width=125)
	  Recheck Cond: ((k >= 4993461) AND (k <= 4993561))
	  ->  Bitmap Index Scan on k_4  (cost=0.00..5.45 rows=102 width=0)
	        Index Cond: ((k >= 4993461) AND (k <= 4993561))

table 5 : explain SELECT k, c FROM sbtest5 WHERE k BETWEEN 4993461 AND 4993561
	Bitmap Heap Scan on sbtest5  (cost=5.62..464.15 rows=116 width=125)
	  Recheck Cond: ((k >= 4993461) AND (k <= 4993561))
	  ->  Bitmap Index Scan on k_5  (cost=0.00..5.59 rows=116 width=0)
	        Index Cond: ((k >= 4993461) AND (k <= 4993561))

table 6 : explain SELECT k, c FROM sbtest6 WHERE k BETWEEN 4993461 AND 4993561
	Bitmap Heap Scan on sbtest6  (cost=5.48..409.07 rows=102 width=125)
	  Recheck Cond: ((k >= 4993461) AND (k <= 4993561))
	  ->  Bitmap Index Scan on k_6  (cost=0.00..5.45 rows=102 width=0)
	        Index Cond: ((k >= 4993461) AND (k <= 4993561))

table 7 : explain SELECT k, c FROM sbtest7 WHERE k BETWEEN 4993461 AND 4993561
	Bitmap Heap Scan on sbtest7  (cost=5.43..389.37 rows=97 width=125)
	  Recheck Cond: ((k >= 4993461) AND (k <= 4993561))
	  ->  Bitmap Index Scan on k_7  (cost=0.00..5.40 rows=97 width=0)
	        Index Cond: ((k >= 4993461) AND (k <= 4993561))

table 8 : explain SELECT k, c FROM sbtest8 WHERE k BETWEEN 4993461 AND 4993561
	Bitmap Heap Scan on sbtest8  (cost=5.55..436.62 rows=109 width=125)
	  Recheck Cond: ((k >= 4993461) AND (k <= 4993561))
	  ->  Bitmap Index Scan on k_8  (cost=0.00..5.52 rows=109 width=0)
	        Index Cond: ((k >= 4993461) AND (k <= 4993561))

Threads started!

Warming up for 5 seconds...

SQL statistics:
    queries performed:
        read:                            104562317
        write:                           0
        other:                           0
        total:                           104562317
    transactions:                        104562317 (165970.34 per sec.)
    queries:                             104562317 (165970.34 per sec.)
    ignored errors:                      0      (0.00 per sec.)
    reconnects:                          0      (0.00 per sec.)

Throughput:
    events/s (eps):                      165970.3366
    time elapsed:                        630.0062s
    total number of events:              104562317

Latency (ms):
         min:                                    0.07
         avg:                                    0.24
         max:                                   12.34
         95th percentile:                        0.28
         sum:                             25158767.97

Threads fairness:
    events (avg/stddev):           2614055.3250/7726.68
    execution time (avg/stddev):   628.9692/0.02

