LUA_PATH=/home/mdcallag/git/mytools/bench/sysbench.lua/lua/?.lua /home/mdcallag/git/mytools/bench/sysbench.lua/lua/sysbench --db-driver=pgsql --range-size=100 --table-size=10000000 --tables=8 --threads=40 --events=0 --warmup-time=5 --time=630 --pgsql_conn_id=true /home/mdcallag/git/mytools/bench/sysbench.lua/lua/oltp_point_select.lua run --pgsql-user=root --pgsql-password=pw --pgsql-host=127.0.0.1 --pgsql-db=ib --rand-type=uniform --skip-trx
48 CPUs
sysbench 1.1.0-9072687 (using bundled LuaJIT 2.1.0-beta3)

Running the test with following options:
Number of threads: 40
Warmup time: 5s
Initializing random number generator from current time


Initializing worker threads...

explain: for point_selects :: explain SELECT c FROM sbtest%u WHERE id=%u
explain: for point_selects :: explain SELECT c FROM sbtest%u WHERE id=%u
explain: for point_selects :: explain SELECT c FROM sbtest%u WHERE id=%u
explain: for point_selects :: explain SELECT c FROM sbtest%u WHERE id=%u
explain: for point_selects :: explain SELECT c FROM sbtest%u WHERE id=%u
for point_selects
table 1 : explain SELECT c FROM sbtest1 WHERE id=5884186
	Index Scan using sbtest1_pkey on sbtest1  (cost=0.43..8.45 rows=1 width=121)
	  Index Cond: (id = 5884186)

table 2 : explain SELECT c FROM sbtest2 WHERE id=1737390
	Index Scan using sbtest2_pkey on sbtest2  (cost=0.43..8.45 rows=1 width=121)
	  Index Cond: (id = 1737390)

table 3 : explain SELECT c FROM sbtest3 WHERE id=5286041
	Index Scan using sbtest3_pkey on sbtest3  (cost=0.43..8.45 rows=1 width=121)
	  Index Cond: (id = 5286041)

table 4 : explain SELECT c FROM sbtest4 WHERE id=7037047
	Index Scan using sbtest4_pkey on sbtest4  (cost=0.43..8.45 rows=1 width=121)
	  Index Cond: (id = 7037047)

table 5 : explain SELECT c FROM sbtest5 WHERE id=5240866
	Index Scan using sbtest5_pkey on sbtest5  (cost=0.43..8.45 rows=1 width=121)
	  Index Cond: (id = 5240866)

table 6 : explain SELECT c FROM sbtest6 WHERE id=3682187
	Index Scan using sbtest6_pkey on sbtest6  (cost=0.43..8.45 rows=1 width=121)
	  Index Cond: (id = 3682187)

table 7 : explain SELECT c FROM sbtest7 WHERE id=5921691
	Index Scan using sbtest7_pkey on sbtest7  (cost=0.43..8.45 rows=1 width=121)
	  Index Cond: (id = 5921691)

table 8 : explain SELECT c FROM sbtest8 WHERE id=5139018
	Index Scan using sbtest8_pkey on sbtest8  (cost=0.43..8.45 rows=1 width=121)
	  Index Cond: (id = 5139018)

explain: for point_selects :: explain SELECT c FROM sbtest%u WHERE id=%u
explain: for point_selects :: explain SELECT c FROM sbtest%u WHERE id=%u
for point_selects
table 1 : explain SELECT c FROM sbtest1 WHERE id=7599703
	Index Scan using sbtest1_pkey on sbtest1  (cost=0.43..8.45 rows=1 width=121)
	  Index Cond: (id = 7599703)

table 2 : explain SELECT c FROM sbtest2 WHERE id=2775893
	Index Scan using sbtest2_pkey on sbtest2  (cost=0.43..8.45 rows=1 width=121)
	  Index Cond: (id = 2775893)

table 3 : explain SELECT c FROM sbtest3 WHERE id=884184
	Index Scan using sbtest3_pkey on sbtest3  (cost=0.43..8.45 rows=1 width=121)
	  Index Cond: (id = 884184)

table 4 : explain SELECT c FROM sbtest4 WHERE id=3910859
	Index Scan using sbtest4_pkey on sbtest4  (cost=0.43..8.45 rows=1 width=121)
	  Index Cond: (id = 3910859)

table 5 : explain SELECT c FROM sbtest5 WHERE id=8641476
	Index Scan using sbtest5_pkey on sbtest5  (cost=0.43..8.45 rows=1 width=121)
	  Index Cond: (id = 8641476)

table 6 : explain SELECT c FROM sbtest6 WHERE id=2624894
	Index Scan using sbtest6_pkey on sbtest6  (cost=0.43..8.45 rows=1 width=121)
	  Index Cond: (id = 2624894)

table 7 : explain SELECT c FROM sbtest7 WHERE id=7321211
	Index Scan using sbtest7_pkey on sbtest7  (cost=0.43..8.45 rows=1 width=121)
	  Index Cond: (id = 7321211)

table 8 : explain SELECT c FROM sbtest8 WHERE id=1997623
	Index Scan using sbtest8_pkey on sbtest8  (cost=0.43..8.45 rows=1 width=121)
	  Index Cond: (id = 1997623)

for point_selects
table 1 : explain SELECT c FROM sbtest1 WHERE id=2813490
	Index Scan using sbtest1_pkey on sbtest1  (cost=0.43..8.45 rows=1 width=121)
	  Index Cond: (id = 2813490)

table 2 : explain SELECT c FROM sbtest2 WHERE id=817132
	Index Scan using sbtest2_pkey on sbtest2  (cost=0.43..8.45 rows=1 width=121)
	  Index Cond: (id = 817132)

table 3 : explain SELECT c FROM sbtest3 WHERE id=1677631
	Index Scan using sbtest3_pkey on sbtest3  (cost=0.43..8.45 rows=1 width=121)
	  Index Cond: (id = 1677631)

table 4 : explain SELECT c FROM sbtest4 WHERE id=1798538
	Index Scan using sbtest4_pkey on sbtest4  (cost=0.43..8.45 rows=1 width=121)
	  Index Cond: (id = 1798538)

table 5 : explain SELECT c FROM sbtest5 WHERE id=3318587
	Index Scan using sbtest5_pkey on sbtest5  (cost=0.43..8.45 rows=1 width=121)
	  Index Cond: (id = 3318587)

table 6 : explain SELECT c FROM sbtest6 WHERE id=5620288
	Index Scan using sbtest6_pkey on sbtest6  (cost=0.43..8.45 rows=1 width=121)
	  Index Cond: (id = 5620288)

table 7 : explain SELECT c FROM sbtest7 WHERE id=2457784
	Index Scan using sbtest7_pkey on sbtest7  (cost=0.43..8.45 rows=1 width=121)
	  Index Cond: (id = 2457784)

table 8 : explain SELECT c FROM sbtest8 WHERE id=6147450
	Index Scan using sbtest8_pkey on sbtest8  (cost=0.43..8.45 rows=1 width=121)
	  Index Cond: (id = 6147450)

for point_selects
table 1 : explain SELECT c FROM sbtest1 WHERE id=1717196
	Index Scan using sbtest1_pkey on sbtest1  (cost=0.43..8.45 rows=1 width=121)
	  Index Cond: (id = 1717196)

table 2 : explain SELECT c FROM sbtest2 WHERE id=2338581
	Index Scan using sbtest2_pkey on sbtest2  (cost=0.43..8.45 rows=1 width=121)
	  Index Cond: (id = 2338581)

table 3 : explain SELECT c FROM sbtest3 WHERE id=6601087
	Index Scan using sbtest3_pkey on sbtest3  (cost=0.43..8.45 rows=1 width=121)
	  Index Cond: (id = 6601087)

table 4 : explain SELECT c FROM sbtest4 WHERE id=1086110
	Index Scan using sbtest4_pkey on sbtest4  (cost=0.43..8.45 rows=1 width=121)
	  Index Cond: (id = 1086110)

table 5 : explain SELECT c FROM sbtest5 WHERE id=9024723
	Index Scan using sbtest5_pkey on sbtest5  (cost=0.43..8.45 rows=1 width=121)
	  Index Cond: (id = 9024723)

table 6 : explain SELECT c FROM sbtest6 WHERE id=8109911
	Index Scan using sbtest6_pkey on sbtest6  (cost=0.43..8.45 rows=1 width=121)
	  Index Cond: (id = 8109911)

table 7 : explain SELECT c FROM sbtest7 WHERE id=4768396
	Index Scan using sbtest7_pkey on sbtest7  (cost=0.43..8.45 rows=1 width=121)
	  Index Cond: (id = 4768396)

table 8 : explain SELECT c FROM sbtest8 WHERE id=9246825
	Index Scan using sbtest8_pkey on sbtest8  (cost=0.43..8.45 rows=1 width=121)
	  Index Cond: (id = 9246825)

explain: for point_selects :: explain SELECT c FROM sbtest%u WHERE id=%u
for point_selects
table 1 : explain SELECT c FROM sbtest1 WHERE id=9076410
	Index Scan using sbtest1_pkey on sbtest1  (cost=0.43..8.45 rows=1 width=121)
	  Index Cond: (id = 9076410)

table 2 : explain SELECT c FROM sbtest2 WHERE id=6246061
	Index Scan using sbtest2_pkey on sbtest2  (cost=0.43..8.45 rows=1 width=121)
	  Index Cond: (id = 6246061)

table 3 : explain SELECT c FROM sbtest3 WHERE id=2067776
	Index Scan using sbtest3_pkey on sbtest3  (cost=0.43..8.45 rows=1 width=121)
	  Index Cond: (id = 2067776)

table 4 : explain SELECT c FROM sbtest4 WHERE id=5090363
	Index Scan using sbtest4_pkey on sbtest4  (cost=0.43..8.45 rows=1 width=121)
	  Index Cond: (id = 5090363)

table 5 : explain SELECT c FROM sbtest5 WHERE id=1517652
	Index Scan using sbtest5_pkey on sbtest5  (cost=0.43..8.45 rows=1 width=121)
	  Index Cond: (id = 1517652)

table 6 : explain SELECT c FROM sbtest6 WHERE id=8445783
	Index Scan using sbtest6_pkey on sbtest6  (cost=0.43..8.45 rows=1 width=121)
	  Index Cond: (id = 8445783)

table 7 : explain SELECT c FROM sbtest7 WHERE id=9650062
	Index Scan using sbtest7_pkey on sbtest7  (cost=0.43..8.45 rows=1 width=121)
	  Index Cond: (id = 9650062)

table 8 : explain SELECT c FROM sbtest8 WHERE id=4017957
	Index Scan using sbtest8_pkey on sbtest8  (cost=0.43..8.45 rows=1 width=121)
	  Index Cond: (id = 4017957)

for point_selects
table 1 : explain SELECT c FROM sbtest1 WHERE id=1574803
	Index Scan using sbtest1_pkey on sbtest1  (cost=0.43..8.45 rows=1 width=121)
	  Index Cond: (id = 1574803)

table 2 : explain SELECT c FROM sbtest2 WHERE id=916600
	Index Scan using sbtest2_pkey on sbtest2  (cost=0.43..8.45 rows=1 width=121)
	  Index Cond: (id = 916600)

table 3 : explain SELECT c FROM sbtest3 WHERE id=7069596
	Index Scan using sbtest3_pkey on sbtest3  (cost=0.43..8.45 rows=1 width=121)
	  Index Cond: (id = 7069596)

table 4 : explain SELECT c FROM sbtest4 WHERE id=2846014
	Index Scan using sbtest4_pkey on sbtest4  (cost=0.43..8.45 rows=1 width=121)
	  Index Cond: (id = 2846014)

table 5 : explain SELECT c FROM sbtest5 WHERE id=8735323
	Index Scan using sbtest5_pkey on sbtest5  (cost=0.43..8.45 rows=1 width=121)
	  Index Cond: (id = 8735323)

table 6 : explain SELECT c FROM sbtest6 WHERE id=396923
	Index Scan using sbtest6_pkey on sbtest6  (cost=0.43..8.45 rows=1 width=121)
	  Index Cond: (id = 396923)

table 7 : explain SELECT c FROM sbtest7 WHERE id=4017597
	Index Scan using sbtest7_pkey on sbtest7  (cost=0.43..8.45 rows=1 width=121)
	  Index Cond: (id = 4017597)

table 8 : explain SELECT c FROM sbtest8 WHERE id=2698937
	Index Scan using sbtest8_pkey on sbtest8  (cost=0.43..8.45 rows=1 width=121)
	  Index Cond: (id = 2698937)

explain: for point_selects :: explain SELECT c FROM sbtest%u WHERE id=%u
for point_selects
table 1 : explain SELECT c FROM sbtest1 WHERE id=6237166
	Index Scan using sbtest1_pkey on sbtest1  (cost=0.43..8.45 rows=1 width=121)
	  Index Cond: (id = 6237166)

table 2 : explain SELECT c FROM sbtest2 WHERE id=6892616
	Index Scan using sbtest2_pkey on sbtest2  (cost=0.43..8.45 rows=1 width=121)
	  Index Cond: (id = 6892616)

table 3 : explain SELECT c FROM sbtest3 WHERE id=7364496
	Index Scan using sbtest3_pkey on sbtest3  (cost=0.43..8.45 rows=1 width=121)
	  Index Cond: (id = 7364496)

table 4 : explain SELECT c FROM sbtest4 WHERE id=2365469
	Index Scan using sbtest4_pkey on sbtest4  (cost=0.43..8.45 rows=1 width=121)
	  Index Cond: (id = 2365469)

table 5 : explain SELECT c FROM sbtest5 WHERE id=3953038
	Index Scan using sbtest5_pkey on sbtest5  (cost=0.43..8.45 rows=1 width=121)
	  Index Cond: (id = 3953038)

table 6 : explain SELECT c FROM sbtest6 WHERE id=1674258
	Index Scan using sbtest6_pkey on sbtest6  (cost=0.43..8.45 rows=1 width=121)
	  Index Cond: (id = 1674258)

table 7 : explain SELECT c FROM sbtest7 WHERE id=408236
	Index Scan using sbtest7_pkey on sbtest7  (cost=0.43..8.45 rows=1 width=121)
	  Index Cond: (id = 408236)

table 8 : explain SELECT c FROM sbtest8 WHERE id=5590185
	Index Scan using sbtest8_pkey on sbtest8  (cost=0.43..8.45 rows=1 width=121)
	  Index Cond: (id = 5590185)

explain: for point_selects :: explain SELECT c FROM sbtest%u WHERE id=%u
for point_selects
table 1 : explain SELECT c FROM sbtest1 WHERE id=9186447
	Index Scan using sbtest1_pkey on sbtest1  (cost=0.43..8.45 rows=1 width=121)
	  Index Cond: (id = 9186447)

table 2 : explain SELECT c FROM sbtest2 WHERE id=6072775
	Index Scan using sbtest2_pkey on sbtest2  (cost=0.43..8.45 rows=1 width=121)
	  Index Cond: (id = 6072775)

table 3 : explain SELECT c FROM sbtest3 WHERE id=5738942
	Index Scan using sbtest3_pkey on sbtest3  (cost=0.43..8.45 rows=1 width=121)
	  Index Cond: (id = 5738942)

table 4 : explain SELECT c FROM sbtest4 WHERE id=8519311
	Index Scan using sbtest4_pkey on sbtest4  (cost=0.43..8.45 rows=1 width=121)
	  Index Cond: (id = 8519311)

table 5 : explain SELECT c FROM sbtest5 WHERE id=2318091
	Index Scan using sbtest5_pkey on sbtest5  (cost=0.43..8.45 rows=1 width=121)
	  Index Cond: (id = 2318091)

table 6 : explain SELECT c FROM sbtest6 WHERE id=7148625
	Index Scan using sbtest6_pkey on sbtest6  (cost=0.43..8.45 rows=1 width=121)
	  Index Cond: (id = 7148625)

table 7 : explain SELECT c FROM sbtest7 WHERE id=8554086
	Index Scan using sbtest7_pkey on sbtest7  (cost=0.43..8.45 rows=1 width=121)
	  Index Cond: (id = 8554086)

table 8 : explain SELECT c FROM sbtest8 WHERE id=9627739
	Index Scan using sbtest8_pkey on sbtest8  (cost=0.43..8.45 rows=1 width=121)
	  Index Cond: (id = 9627739)

explain: for point_selects :: explain SELECT c FROM sbtest%u WHERE id=%u
explain: for point_selects :: explain SELECT c FROM sbtest%u WHERE id=%u
explain: for point_selects :: explain SELECT c FROM sbtest%u WHERE id=%u
explain: for point_selects :: explain SELECT c FROM sbtest%u WHERE id=%u
explain: for point_selects :: explain SELECT c FROM sbtest%u WHERE id=%u
explain: for point_selects :: explain SELECT c FROM sbtest%u WHERE id=%u
explain: for point_selects :: explain SELECT c FROM sbtest%u WHERE id=%u
explain: for point_selects :: explain SELECT c FROM sbtest%u WHERE id=%u
explain: for point_selects :: explain SELECT c FROM sbtest%u WHERE id=%u
for point_selects
table 1 : explain SELECT c FROM sbtest1 WHERE id=7945784
	Index Scan using sbtest1_pkey on sbtest1  (cost=0.43..8.45 rows=1 width=121)
	  Index Cond: (id = 7945784)

table 2 : explain SELECT c FROM sbtest2 WHERE id=9982630
	Index Scan using sbtest2_pkey on sbtest2  (cost=0.43..8.45 rows=1 width=121)
	  Index Cond: (id = 9982630)

table 3 : explain SELECT c FROM sbtest3 WHERE id=3030253
	Index Scan using sbtest3_pkey on sbtest3  (cost=0.43..8.45 rows=1 width=121)
	  Index Cond: (id = 3030253)

table 4 : explain SELECT c FROM sbtest4 WHERE id=7530309
	Index Scan using sbtest4_pkey on sbtest4  (cost=0.43..8.45 rows=1 width=121)
	  Index Cond: (id = 7530309)

table 5 : explain SELECT c FROM sbtest5 WHERE id=163234
	Index Scan using sbtest5_pkey on sbtest5  (cost=0.43..8.45 rows=1 width=121)
	  Index Cond: (id = 163234)

table 6 : explain SELECT c FROM sbtest6 WHERE id=3408549
	Index Scan using sbtest6_pkey on sbtest6  (cost=0.43..8.45 rows=1 width=121)
	  Index Cond: (id = 3408549)

table 7 : explain SELECT c FROM sbtest7 WHERE id=7986335
	Index Scan using sbtest7_pkey on sbtest7  (cost=0.43..8.45 rows=1 width=121)
	  Index Cond: (id = 7986335)

table 8 : explain SELECT c FROM sbtest8 WHERE id=6114433
	Index Scan using sbtest8_pkey on sbtest8  (cost=0.43..8.45 rows=1 width=121)
	  Index Cond: (id = 6114433)

explain: for point_selects :: explain SELECT c FROM sbtest%u WHERE id=%u
for point_selects
table 1 : explain SELECT c FROM sbtest1 WHERE id=5539175
	Index Scan using sbtest1_pkey on sbtest1  (cost=0.43..8.45 rows=1 width=121)
	  Index Cond: (id = 5539175)

table 2 : explain SELECT c FROM sbtest2 WHERE id=5973786
	Index Scan using sbtest2_pkey on sbtest2  (cost=0.43..8.45 rows=1 width=121)
	  Index Cond: (id = 5973786)

table 3 : explain SELECT c FROM sbtest3 WHERE id=2837924
	Index Scan using sbtest3_pkey on sbtest3  (cost=0.43..8.45 rows=1 width=121)
	  Index Cond: (id = 2837924)

table 4 : explain SELECT c FROM sbtest4 WHERE id=1735495
	Index Scan using sbtest4_pkey on sbtest4  (cost=0.43..8.45 rows=1 width=121)
	  Index Cond: (id = 1735495)

table 5 : explain SELECT c FROM sbtest5 WHERE id=3137820
	Index Scan using sbtest5_pkey on sbtest5  (cost=0.43..8.45 rows=1 width=121)
	  Index Cond: (id = 3137820)

table 6 : explain SELECT c FROM sbtest6 WHERE id=9774935
	Index Scan using sbtest6_pkey on sbtest6  (cost=0.43..8.45 rows=1 width=121)
	  Index Cond: (id = 9774935)

table 7 : explain SELECT c FROM sbtest7 WHERE id=1185312
	Index Scan using sbtest7_pkey on sbtest7  (cost=0.43..8.45 rows=1 width=121)
	  Index Cond: (id = 1185312)

table 8 : explain SELECT c FROM sbtest8 WHERE id=5998205
	Index Scan using sbtest8_pkey on sbtest8  (cost=0.43..8.45 rows=1 width=121)
	  Index Cond: (id = 5998205)

for point_selects
table 1 : explain SELECT c FROM sbtest1 WHERE id=1349727
	Index Scan using sbtest1_pkey on sbtest1  (cost=0.43..8.45 rows=1 width=121)
	  Index Cond: (id = 1349727)

table 2 : explain SELECT c FROM sbtest2 WHERE id=8914396
	Index Scan using sbtest2_pkey on sbtest2  (cost=0.43..8.45 rows=1 width=121)
	  Index Cond: (id = 8914396)

table 3 : explain SELECT c FROM sbtest3 WHERE id=9778181
	Index Scan using sbtest3_pkey on sbtest3  (cost=0.43..8.45 rows=1 width=121)
	  Index Cond: (id = 9778181)

table 4 : explain SELECT c FROM sbtest4 WHERE id=3274449
	Index Scan using sbtest4_pkey on sbtest4  (cost=0.43..8.45 rows=1 width=121)
	  Index Cond: (id = 3274449)

table 5 : explain SELECT c FROM sbtest5 WHERE id=9308831
	Index Scan using sbtest5_pkey on sbtest5  (cost=0.43..8.45 rows=1 width=121)
	  Index Cond: (id = 9308831)

table 6 : explain SELECT c FROM sbtest6 WHERE id=3866019
	Index Scan using sbtest6_pkey on sbtest6  (cost=0.43..8.45 rows=1 width=121)
	  Index Cond: (id = 3866019)

table 7 : explain SELECT c FROM sbtest7 WHERE id=1279075
	Index Scan using sbtest7_pkey on sbtest7  (cost=0.43..8.45 rows=1 width=121)
	  Index Cond: (id = 1279075)

table 8 : explain SELECT c FROM sbtest8 WHERE id=175135
	Index Scan using sbtest8_pkey on sbtest8  (cost=0.43..8.45 rows=1 width=121)
	  Index Cond: (id = 175135)

for point_selects
table 1 : explain SELECT c FROM sbtest1 WHERE id=1023012
	Index Scan using sbtest1_pkey on sbtest1  (cost=0.43..8.45 rows=1 width=121)
	  Index Cond: (id = 1023012)

table 2 : explain SELECT c FROM sbtest2 WHERE id=52818
	Index Scan using sbtest2_pkey on sbtest2  (cost=0.43..8.45 rows=1 width=121)
	  Index Cond: (id = 52818)

table 3 : explain SELECT c FROM sbtest3 WHERE id=4420685
	Index Scan using sbtest3_pkey on sbtest3  (cost=0.43..8.45 rows=1 width=121)
	  Index Cond: (id = 4420685)

table 4 : explain SELECT c FROM sbtest4 WHERE id=7338709
	Index Scan using sbtest4_pkey on sbtest4  (cost=0.43..8.45 rows=1 width=121)
	  Index Cond: (id = 7338709)

table 5 : explain SELECT c FROM sbtest5 WHERE id=7032407
	Index Scan using sbtest5_pkey on sbtest5  (cost=0.43..8.45 rows=1 width=121)
	  Index Cond: (id = 7032407)

table 6 : explain SELECT c FROM sbtest6 WHERE id=2848913
	Index Scan using sbtest6_pkey on sbtest6  (cost=0.43..8.45 rows=1 width=121)
	  Index Cond: (id = 2848913)

table 7 : explain SELECT c FROM sbtest7 WHERE id=1190684
	Index Scan using sbtest7_pkey on sbtest7  (cost=0.43..8.45 rows=1 width=121)
	  Index Cond: (id = 1190684)

table 8 : explain SELECT c FROM sbtest8 WHERE id=2787723
	Index Scan using sbtest8_pkey on sbtest8  (cost=0.43..8.45 rows=1 width=121)
	  Index Cond: (id = 2787723)

for point_selects
table 1 : explain SELECT c FROM sbtest1 WHERE id=2084450
	Index Scan using sbtest1_pkey on sbtest1  (cost=0.43..8.45 rows=1 width=121)
	  Index Cond: (id = 2084450)

table 2 : explain SELECT c FROM sbtest2 WHERE id=5434072
	Index Scan using sbtest2_pkey on sbtest2  (cost=0.43..8.45 rows=1 width=121)
	  Index Cond: (id = 5434072)

table 3 : explain SELECT c FROM sbtest3 WHERE id=5420629
	Index Scan using sbtest3_pkey on sbtest3  (cost=0.43..8.45 rows=1 width=121)
	  Index Cond: (id = 5420629)

table 4 : explain SELECT c FROM sbtest4 WHERE id=7577347
	Index Scan using sbtest4_pkey on sbtest4  (cost=0.43..8.45 rows=1 width=121)
	  Index Cond: (id = 7577347)

table 5 : explain SELECT c FROM sbtest5 WHERE id=782101
	Index Scan using sbtest5_pkey on sbtest5  (cost=0.43..8.45 rows=1 width=121)
	  Index Cond: (id = 782101)

table 6 : explain SELECT c FROM sbtest6 WHERE id=8394469
	Index Scan using sbtest6_pkey on sbtest6  (cost=0.43..8.45 rows=1 width=121)
	  Index Cond: (id = 8394469)

table 7 : explain SELECT c FROM sbtest7 WHERE id=2178610
	Index Scan using sbtest7_pkey on sbtest7  (cost=0.43..8.45 rows=1 width=121)
	  Index Cond: (id = 2178610)

table 8 : explain SELECT c FROM sbtest8 WHERE id=1835787
	Index Scan using sbtest8_pkey on sbtest8  (cost=0.43..8.45 rows=1 width=121)
	  Index Cond: (id = 1835787)

explain: for point_selects :: explain SELECT c FROM sbtest%u WHERE id=%u
for point_selects
table 1 : explain SELECT c FROM sbtest1 WHERE id=8534790
	Index Scan using sbtest1_pkey on sbtest1  (cost=0.43..8.45 rows=1 width=121)
	  Index Cond: (id = 8534790)

table 2 : explain SELECT c FROM sbtest2 WHERE id=2630296
	Index Scan using sbtest2_pkey on sbtest2  (cost=0.43..8.45 rows=1 width=121)
	  Index Cond: (id = 2630296)

table 3 : explain SELECT c FROM sbtest3 WHERE id=8111802
	Index Scan using sbtest3_pkey on sbtest3  (cost=0.43..8.45 rows=1 width=121)
	  Index Cond: (id = 8111802)

table 4 : explain SELECT c FROM sbtest4 WHERE id=4912912
	Index Scan using sbtest4_pkey on sbtest4  (cost=0.43..8.45 rows=1 width=121)
	  Index Cond: (id = 4912912)

table 5 : explain SELECT c FROM sbtest5 WHERE id=3104498
	Index Scan using sbtest5_pkey on sbtest5  (cost=0.43..8.45 rows=1 width=121)
	  Index Cond: (id = 3104498)

table 6 : explain SELECT c FROM sbtest6 WHERE id=8759540
	Index Scan using sbtest6_pkey on sbtest6  (cost=0.43..8.45 rows=1 width=121)
	  Index Cond: (id = 8759540)

table 7 : explain SELECT c FROM sbtest7 WHERE id=8507153
	Index Scan using sbtest7_pkey on sbtest7  (cost=0.43..8.45 rows=1 width=121)
	  Index Cond: (id = 8507153)

table 8 : explain SELECT c FROM sbtest8 WHERE id=3292481
	Index Scan using sbtest8_pkey on sbtest8  (cost=0.43..8.45 rows=1 width=121)
	  Index Cond: (id = 3292481)

for point_selects
table 1 : explain SELECT c FROM sbtest1 WHERE id=3064270
	Index Scan using sbtest1_pkey on sbtest1  (cost=0.43..8.45 rows=1 width=121)
	  Index Cond: (id = 3064270)

table 2 : explain SELECT c FROM sbtest2 WHERE id=7483167
	Index Scan using sbtest2_pkey on sbtest2  (cost=0.43..8.45 rows=1 width=121)
	  Index Cond: (id = 7483167)

table 3 : explain SELECT c FROM sbtest3 WHERE id=4751967
	Index Scan using sbtest3_pkey on sbtest3  (cost=0.43..8.45 rows=1 width=121)
	  Index Cond: (id = 4751967)

table 4 : explain SELECT c FROM sbtest4 WHERE id=6155427
	Index Scan using sbtest4_pkey on sbtest4  (cost=0.43..8.45 rows=1 width=121)
	  Index Cond: (id = 6155427)

table 5 : explain SELECT c FROM sbtest5 WHERE id=893794
	Index Scan using sbtest5_pkey on sbtest5  (cost=0.43..8.45 rows=1 width=121)
	  Index Cond: (id = 893794)

table 6 : explain SELECT c FROM sbtest6 WHERE id=2096403
	Index Scan using sbtest6_pkey on sbtest6  (cost=0.43..8.45 rows=1 width=121)
	  Index Cond: (id = 2096403)

table 7 : explain SELECT c FROM sbtest7 WHERE id=9305630
	Index Scan using sbtest7_pkey on sbtest7  (cost=0.43..8.45 rows=1 width=121)
	  Index Cond: (id = 9305630)

table 8 : explain SELECT c FROM sbtest8 WHERE id=8061410
	Index Scan using sbtest8_pkey on sbtest8  (cost=0.43..8.45 rows=1 width=121)
	  Index Cond: (id = 8061410)

for point_selects
table 1 : explain SELECT c FROM sbtest1 WHERE id=6736053
	Index Scan using sbtest1_pkey on sbtest1  (cost=0.43..8.45 rows=1 width=121)
	  Index Cond: (id = 6736053)

table 2 : explain SELECT c FROM sbtest2 WHERE id=6237629
	Index Scan using sbtest2_pkey on sbtest2  (cost=0.43..8.45 rows=1 width=121)
	  Index Cond: (id = 6237629)

table 3 : explain SELECT c FROM sbtest3 WHERE id=4811585
	Index Scan using sbtest3_pkey on sbtest3  (cost=0.43..8.45 rows=1 width=121)
	  Index Cond: (id = 4811585)

table 4 : explain SELECT c FROM sbtest4 WHERE id=2665212
	Index Scan using sbtest4_pkey on sbtest4  (cost=0.43..8.45 rows=1 width=121)
	  Index Cond: (id = 2665212)

table 5 : explain SELECT c FROM sbtest5 WHERE id=2823830
	Index Scan using sbtest5_pkey on sbtest5  (cost=0.43..8.45 rows=1 width=121)
	  Index Cond: (id = 2823830)

table 6 : explain SELECT c FROM sbtest6 WHERE id=440391
	Index Scan using sbtest6_pkey on sbtest6  (cost=0.43..8.45 rows=1 width=121)
	  Index Cond: (id = 440391)

table 7 : explain SELECT c FROM sbtest7 WHERE id=7198902
	Index Scan using sbtest7_pkey on sbtest7  (cost=0.43..8.45 rows=1 width=121)
	  Index Cond: (id = 7198902)

table 8 : explain SELECT c FROM sbtest8 WHERE id=1072258
	Index Scan using sbtest8_pkey on sbtest8  (cost=0.43..8.45 rows=1 width=121)
	  Index Cond: (id = 1072258)

for point_selects
table 1 : explain SELECT c FROM sbtest1 WHERE id=5623349
	Index Scan using sbtest1_pkey on sbtest1  (cost=0.43..8.45 rows=1 width=121)
	  Index Cond: (id = 5623349)

table 2 : explain SELECT c FROM sbtest2 WHERE id=4833814
	Index Scan using sbtest2_pkey on sbtest2  (cost=0.43..8.45 rows=1 width=121)
	  Index Cond: (id = 4833814)

table 3 : explain SELECT c FROM sbtest3 WHERE id=5665453
	Index Scan using sbtest3_pkey on sbtest3  (cost=0.43..8.45 rows=1 width=121)
	  Index Cond: (id = 5665453)

table 4 : explain SELECT c FROM sbtest4 WHERE id=9504095
	Index Scan using sbtest4_pkey on sbtest4  (cost=0.43..8.45 rows=1 width=121)
	  Index Cond: (id = 9504095)

table 5 : explain SELECT c FROM sbtest5 WHERE id=5424040
	Index Scan using sbtest5_pkey on sbtest5  (cost=0.43..8.45 rows=1 width=121)
	  Index Cond: (id = 5424040)

table 6 : explain SELECT c FROM sbtest6 WHERE id=1624006
	Index Scan using sbtest6_pkey on sbtest6  (cost=0.43..8.45 rows=1 width=121)
	  Index Cond: (id = 1624006)

table 7 : explain SELECT c FROM sbtest7 WHERE id=9984393
	Index Scan using sbtest7_pkey on sbtest7  (cost=0.43..8.45 rows=1 width=121)
	  Index Cond: (id = 9984393)

table 8 : explain SELECT c FROM sbtest8 WHERE id=1607444
	Index Scan using sbtest8_pkey on sbtest8  (cost=0.43..8.45 rows=1 width=121)
	  Index Cond: (id = 1607444)

for point_selects
table 1 : explain SELECT c FROM sbtest1 WHERE id=8358189
	Index Scan using sbtest1_pkey on sbtest1  (cost=0.43..8.45 rows=1 width=121)
	  Index Cond: (id = 8358189)

table 2 : explain SELECT c FROM sbtest2 WHERE id=9872736
	Index Scan using sbtest2_pkey on sbtest2  (cost=0.43..8.45 rows=1 width=121)
	  Index Cond: (id = 9872736)

table 3 : explain SELECT c FROM sbtest3 WHERE id=3714439
	Index Scan using sbtest3_pkey on sbtest3  (cost=0.43..8.45 rows=1 width=121)
	  Index Cond: (id = 3714439)

table 4 : explain SELECT c FROM sbtest4 WHERE id=9067160
	Index Scan using sbtest4_pkey on sbtest4  (cost=0.43..8.45 rows=1 width=121)
	  Index Cond: (id = 9067160)

table 5 : explain SELECT c FROM sbtest5 WHERE id=6362442
	Index Scan using sbtest5_pkey on sbtest5  (cost=0.43..8.45 rows=1 width=121)
	  Index Cond: (id = 6362442)

table 6 : explain SELECT c FROM sbtest6 WHERE id=6924757
	Index Scan using sbtest6_pkey on sbtest6  (cost=0.43..8.45 rows=1 width=121)
	  Index Cond: (id = 6924757)

table 7 : explain SELECT c FROM sbtest7 WHERE id=5143129
	Index Scan using sbtest7_pkey on sbtest7  (cost=0.43..8.45 rows=1 width=121)
	  Index Cond: (id = 5143129)

table 8 : explain SELECT c FROM sbtest8 WHERE id=7198965
	Index Scan using sbtest8_pkey on sbtest8  (cost=0.43..8.45 rows=1 width=121)
	  Index Cond: (id = 7198965)

for point_selects
table 1 : explain SELECT c FROM sbtest1 WHERE id=8261333
	Index Scan using sbtest1_pkey on sbtest1  (cost=0.43..8.45 rows=1 width=121)
	  Index Cond: (id = 8261333)

table 2 : explain SELECT c FROM sbtest2 WHERE id=3621613
	Index Scan using sbtest2_pkey on sbtest2  (cost=0.43..8.45 rows=1 width=121)
	  Index Cond: (id = 3621613)

table 3 : explain SELECT c FROM sbtest3 WHERE id=6340018
	Index Scan using sbtest3_pkey on sbtest3  (cost=0.43..8.45 rows=1 width=121)
	  Index Cond: (id = 6340018)

table 4 : explain SELECT c FROM sbtest4 WHERE id=1351731
	Index Scan using sbtest4_pkey on sbtest4  (cost=0.43..8.45 rows=1 width=121)
	  Index Cond: (id = 1351731)

table 5 : explain SELECT c FROM sbtest5 WHERE id=232005
	Index Scan using sbtest5_pkey on sbtest5  (cost=0.43..8.45 rows=1 width=121)
	  Index Cond: (id = 232005)

table 6 : explain SELECT c FROM sbtest6 WHERE id=5777319
	Index Scan using sbtest6_pkey on sbtest6  (cost=0.43..8.45 rows=1 width=121)
	  Index Cond: (id = 5777319)

table 7 : explain SELECT c FROM sbtest7 WHERE id=3189834
	Index Scan using sbtest7_pkey on sbtest7  (cost=0.43..8.45 rows=1 width=121)
	  Index Cond: (id = 3189834)

table 8 : explain SELECT c FROM sbtest8 WHERE id=9454426
	Index Scan using sbtest8_pkey on sbtest8  (cost=0.43..8.45 rows=1 width=121)
	  Index Cond: (id = 9454426)

explain: for point_selects :: explain SELECT c FROM sbtest%u WHERE id=%u
explain: for point_selects :: explain SELECT c FROM sbtest%u WHERE id=%u
for point_selects
table 1 : explain SELECT c FROM sbtest1 WHERE id=5699378
	Index Scan using sbtest1_pkey on sbtest1  (cost=0.43..8.45 rows=1 width=121)
	  Index Cond: (id = 5699378)

table 2 : explain SELECT c FROM sbtest2 WHERE id=1309798
	Index Scan using sbtest2_pkey on sbtest2  (cost=0.43..8.45 rows=1 width=121)
	  Index Cond: (id = 1309798)

table 3 : explain SELECT c FROM sbtest3 WHERE id=8165546
	Index Scan using sbtest3_pkey on sbtest3  (cost=0.43..8.45 rows=1 width=121)
	  Index Cond: (id = 8165546)

table 4 : explain SELECT c FROM sbtest4 WHERE id=7653290
	Index Scan using sbtest4_pkey on sbtest4  (cost=0.43..8.45 rows=1 width=121)
	  Index Cond: (id = 7653290)

table 5 : explain SELECT c FROM sbtest5 WHERE id=7629073
	Index Scan using sbtest5_pkey on sbtest5  (cost=0.43..8.45 rows=1 width=121)
	  Index Cond: (id = 7629073)

table 6 : explain SELECT c FROM sbtest6 WHERE id=9388223
	Index Scan using sbtest6_pkey on sbtest6  (cost=0.43..8.45 rows=1 width=121)
	  Index Cond: (id = 9388223)

table 7 : explain SELECT c FROM sbtest7 WHERE id=4260613
	Index Scan using sbtest7_pkey on sbtest7  (cost=0.43..8.45 rows=1 width=121)
	  Index Cond: (id = 4260613)

table 8 : explain SELECT c FROM sbtest8 WHERE id=570480
	Index Scan using sbtest8_pkey on sbtest8  (cost=0.43..8.45 rows=1 width=121)
	  Index Cond: (id = 570480)

explain: for point_selects :: explain SELECT c FROM sbtest%u WHERE id=%u
for point_selects
table 1 : explain SELECT c FROM sbtest1 WHERE id=9737855
	Index Scan using sbtest1_pkey on sbtest1  (cost=0.43..8.45 rows=1 width=121)
	  Index Cond: (id = 9737855)

table 2 : explain SELECT c FROM sbtest2 WHERE id=347764
	Index Scan using sbtest2_pkey on sbtest2  (cost=0.43..8.45 rows=1 width=121)
	  Index Cond: (id = 347764)

table 3 : explain SELECT c FROM sbtest3 WHERE id=703419
	Index Scan using sbtest3_pkey on sbtest3  (cost=0.43..8.45 rows=1 width=121)
	  Index Cond: (id = 703419)

table 4 : explain SELECT c FROM sbtest4 WHERE id=1851168
	Index Scan using sbtest4_pkey on sbtest4  (cost=0.43..8.45 rows=1 width=121)
	  Index Cond: (id = 1851168)

table 5 : explain SELECT c FROM sbtest5 WHERE id=2988400
	Index Scan using sbtest5_pkey on sbtest5  (cost=0.43..8.45 rows=1 width=121)
	  Index Cond: (id = 2988400)

table 6 : explain SELECT c FROM sbtest6 WHERE id=2770629
	Index Scan using sbtest6_pkey on sbtest6  (cost=0.43..8.45 rows=1 width=121)
	  Index Cond: (id = 2770629)

table 7 : explain SELECT c FROM sbtest7 WHERE id=274564
	Index Scan using sbtest7_pkey on sbtest7  (cost=0.43..8.45 rows=1 width=121)
	  Index Cond: (id = 274564)

table 8 : explain SELECT c FROM sbtest8 WHERE id=6630196
	Index Scan using sbtest8_pkey on sbtest8  (cost=0.43..8.45 rows=1 width=121)
	  Index Cond: (id = 6630196)

explain: for point_selects :: explain SELECT c FROM sbtest%u WHERE id=%u
explain: for point_selects :: explain SELECT c FROM sbtest%u WHERE id=%u
explain: for point_selects :: explain SELECT c FROM sbtest%u WHERE id=%u
explain: for point_selects :: explain SELECT c FROM sbtest%u WHERE id=%u
for point_selects
table 1 : explain SELECT c FROM sbtest1 WHERE id=9095433
	Index Scan using sbtest1_pkey on sbtest1  (cost=0.43..8.45 rows=1 width=121)
	  Index Cond: (id = 9095433)

table 2 : explain SELECT c FROM sbtest2 WHERE id=8310194
	Index Scan using sbtest2_pkey on sbtest2  (cost=0.43..8.45 rows=1 width=121)
	  Index Cond: (id = 8310194)

table 3 : explain SELECT c FROM sbtest3 WHERE id=5431761
	Index Scan using sbtest3_pkey on sbtest3  (cost=0.43..8.45 rows=1 width=121)
	  Index Cond: (id = 5431761)

table 4 : explain SELECT c FROM sbtest4 WHERE id=8049273
	Index Scan using sbtest4_pkey on sbtest4  (cost=0.43..8.45 rows=1 width=121)
	  Index Cond: (id = 8049273)

table 5 : explain SELECT c FROM sbtest5 WHERE id=362631
	Index Scan using sbtest5_pkey on sbtest5  (cost=0.43..8.45 rows=1 width=121)
	  Index Cond: (id = 362631)

table 6 : explain SELECT c FROM sbtest6 WHERE id=2528695
	Index Scan using sbtest6_pkey on sbtest6  (cost=0.43..8.45 rows=1 width=121)
	  Index Cond: (id = 2528695)

table 7 : explain SELECT c FROM sbtest7 WHERE id=4411090
	Index Scan using sbtest7_pkey on sbtest7  (cost=0.43..8.45 rows=1 width=121)
	  Index Cond: (id = 4411090)

table 8 : explain SELECT c FROM sbtest8 WHERE id=6100981
	Index Scan using sbtest8_pkey on sbtest8  (cost=0.43..8.45 rows=1 width=121)
	  Index Cond: (id = 6100981)

for point_selects
table 1 : explain SELECT c FROM sbtest1 WHERE id=9649323
	Index Scan using sbtest1_pkey on sbtest1  (cost=0.43..8.45 rows=1 width=121)
	  Index Cond: (id = 9649323)

table 2 : explain SELECT c FROM sbtest2 WHERE id=9095997
	Index Scan using sbtest2_pkey on sbtest2  (cost=0.43..8.45 rows=1 width=121)
	  Index Cond: (id = 9095997)

table 3 : explain SELECT c FROM sbtest3 WHERE id=2386878
	Index Scan using sbtest3_pkey on sbtest3  (cost=0.43..8.45 rows=1 width=121)
	  Index Cond: (id = 2386878)

table 4 : explain SELECT c FROM sbtest4 WHERE id=8593354
	Index Scan using sbtest4_pkey on sbtest4  (cost=0.43..8.45 rows=1 width=121)
	  Index Cond: (id = 8593354)

table 5 : explain SELECT c FROM sbtest5 WHERE id=9343298
	Index Scan using sbtest5_pkey on sbtest5  (cost=0.43..8.45 rows=1 width=121)
	  Index Cond: (id = 9343298)

table 6 : explain SELECT c FROM sbtest6 WHERE id=1530037
	Index Scan using sbtest6_pkey on sbtest6  (cost=0.43..8.45 rows=1 width=121)
	  Index Cond: (id = 1530037)

table 7 : explain SELECT c FROM sbtest7 WHERE id=8664720
	Index Scan using sbtest7_pkey on sbtest7  (cost=0.43..8.45 rows=1 width=121)
	  Index Cond: (id = 8664720)

table 8 : explain SELECT c FROM sbtest8 WHERE id=9853348
	Index Scan using sbtest8_pkey on sbtest8  (cost=0.43..8.45 rows=1 width=121)
	  Index Cond: (id = 9853348)

for point_selects
table 1 : explain SELECT c FROM sbtest1 WHERE id=1102825
	Index Scan using sbtest1_pkey on sbtest1  (cost=0.43..8.45 rows=1 width=121)
	  Index Cond: (id = 1102825)

table 2 : explain SELECT c FROM sbtest2 WHERE id=3325455
	Index Scan using sbtest2_pkey on sbtest2  (cost=0.43..8.45 rows=1 width=121)
	  Index Cond: (id = 3325455)

table 3 : explain SELECT c FROM sbtest3 WHERE id=4730063
	Index Scan using sbtest3_pkey on sbtest3  (cost=0.43..8.45 rows=1 width=121)
	  Index Cond: (id = 4730063)

table 4 : explain SELECT c FROM sbtest4 WHERE id=2159605
	Index Scan using sbtest4_pkey on sbtest4  (cost=0.43..8.45 rows=1 width=121)
	  Index Cond: (id = 2159605)

table 5 : explain SELECT c FROM sbtest5 WHERE id=6744331
	Index Scan using sbtest5_pkey on sbtest5  (cost=0.43..8.45 rows=1 width=121)
	  Index Cond: (id = 6744331)

table 6 : explain SELECT c FROM sbtest6 WHERE id=4753365
	Index Scan using sbtest6_pkey on sbtest6  (cost=0.43..8.45 rows=1 width=121)
	  Index Cond: (id = 4753365)

table 7 : explain SELECT c FROM sbtest7 WHERE id=8668094
	Index Scan using sbtest7_pkey on sbtest7  (cost=0.43..8.45 rows=1 width=121)
	  Index Cond: (id = 8668094)

table 8 : explain SELECT c FROM sbtest8 WHERE id=7124286
	Index Scan using sbtest8_pkey on sbtest8  (cost=0.43..8.45 rows=1 width=121)
	  Index Cond: (id = 7124286)

explain: for point_selects :: explain SELECT c FROM sbtest%u WHERE id=%u
for point_selects
table 1 : explain SELECT c FROM sbtest1 WHERE id=3787944
	Index Scan using sbtest1_pkey on sbtest1  (cost=0.43..8.45 rows=1 width=121)
	  Index Cond: (id = 3787944)

table 2 : explain SELECT c FROM sbtest2 WHERE id=7155969
	Index Scan using sbtest2_pkey on sbtest2  (cost=0.43..8.45 rows=1 width=121)
	  Index Cond: (id = 7155969)

table 3 : explain SELECT c FROM sbtest3 WHERE id=7683323
	Index Scan using sbtest3_pkey on sbtest3  (cost=0.43..8.45 rows=1 width=121)
	  Index Cond: (id = 7683323)

table 4 : explain SELECT c FROM sbtest4 WHERE id=3429328
	Index Scan using sbtest4_pkey on sbtest4  (cost=0.43..8.45 rows=1 width=121)
	  Index Cond: (id = 3429328)

table 5 : explain SELECT c FROM sbtest5 WHERE id=1907645
	Index Scan using sbtest5_pkey on sbtest5  (cost=0.43..8.45 rows=1 width=121)
	  Index Cond: (id = 1907645)

table 6 : explain SELECT c FROM sbtest6 WHERE id=8782529
	Index Scan using sbtest6_pkey on sbtest6  (cost=0.43..8.45 rows=1 width=121)
	  Index Cond: (id = 8782529)

table 7 : explain SELECT c FROM sbtest7 WHERE id=5376691
	Index Scan using sbtest7_pkey on sbtest7  (cost=0.43..8.45 rows=1 width=121)
	  Index Cond: (id = 5376691)

table 8 : explain SELECT c FROM sbtest8 WHERE id=368551
	Index Scan using sbtest8_pkey on sbtest8  (cost=0.43..8.45 rows=1 width=121)
	  Index Cond: (id = 368551)

for point_selects
table 1 : explain SELECT c FROM sbtest1 WHERE id=2665325
	Index Scan using sbtest1_pkey on sbtest1  (cost=0.43..8.45 rows=1 width=121)
	  Index Cond: (id = 2665325)

table 2 : explain SELECT c FROM sbtest2 WHERE id=9293671
	Index Scan using sbtest2_pkey on sbtest2  (cost=0.43..8.45 rows=1 width=121)
	  Index Cond: (id = 9293671)

table 3 : explain SELECT c FROM sbtest3 WHERE id=4426353
	Index Scan using sbtest3_pkey on sbtest3  (cost=0.43..8.45 rows=1 width=121)
	  Index Cond: (id = 4426353)

table 4 : explain SELECT c FROM sbtest4 WHERE id=5151134
	Index Scan using sbtest4_pkey on sbtest4  (cost=0.43..8.45 rows=1 width=121)
	  Index Cond: (id = 5151134)

table 5 : explain SELECT c FROM sbtest5 WHERE id=6545130
	Index Scan using sbtest5_pkey on sbtest5  (cost=0.43..8.45 rows=1 width=121)
	  Index Cond: (id = 6545130)

table 6 : explain SELECT c FROM sbtest6 WHERE id=1044572
	Index Scan using sbtest6_pkey on sbtest6  (cost=0.43..8.45 rows=1 width=121)
	  Index Cond: (id = 1044572)

table 7 : explain SELECT c FROM sbtest7 WHERE id=1976984
	Index Scan using sbtest7_pkey on sbtest7  (cost=0.43..8.45 rows=1 width=121)
	  Index Cond: (id = 1976984)

table 8 : explain SELECT c FROM sbtest8 WHERE id=3536263
	Index Scan using sbtest8_pkey on sbtest8  (cost=0.43..8.45 rows=1 width=121)
	  Index Cond: (id = 3536263)

explain: for point_selects :: explain SELECT c FROM sbtest%u WHERE id=%u
for point_selects
table 1 : explain SELECT c FROM sbtest1 WHERE id=3153295
	Index Scan using sbtest1_pkey on sbtest1  (cost=0.43..8.45 rows=1 width=121)
	  Index Cond: (id = 3153295)

table 2 : explain SELECT c FROM sbtest2 WHERE id=4406589
	Index Scan using sbtest2_pkey on sbtest2  (cost=0.43..8.45 rows=1 width=121)
	  Index Cond: (id = 4406589)

table 3 : explain SELECT c FROM sbtest3 WHERE id=9064603
	Index Scan using sbtest3_pkey on sbtest3  (cost=0.43..8.45 rows=1 width=121)
	  Index Cond: (id = 9064603)

table 4 : explain SELECT c FROM sbtest4 WHERE id=2414695
	Index Scan using sbtest4_pkey on sbtest4  (cost=0.43..8.45 rows=1 width=121)
	  Index Cond: (id = 2414695)

table 5 : explain SELECT c FROM sbtest5 WHERE id=329301
	Index Scan using sbtest5_pkey on sbtest5  (cost=0.43..8.45 rows=1 width=121)
	  Index Cond: (id = 329301)

table 6 : explain SELECT c FROM sbtest6 WHERE id=6065622
	Index Scan using sbtest6_pkey on sbtest6  (cost=0.43..8.45 rows=1 width=121)
	  Index Cond: (id = 6065622)

table 7 : explain SELECT c FROM sbtest7 WHERE id=318818
	Index Scan using sbtest7_pkey on sbtest7  (cost=0.43..8.45 rows=1 width=121)
	  Index Cond: (id = 318818)

table 8 : explain SELECT c FROM sbtest8 WHERE id=3958088
	Index Scan using sbtest8_pkey on sbtest8  (cost=0.43..8.45 rows=1 width=121)
	  Index Cond: (id = 3958088)

for point_selects
table 1 : explain SELECT c FROM sbtest1 WHERE id=6977943
	Index Scan using sbtest1_pkey on sbtest1  (cost=0.43..8.45 rows=1 width=121)
	  Index Cond: (id = 6977943)

table 2 : explain SELECT c FROM sbtest2 WHERE id=7437633
	Index Scan using sbtest2_pkey on sbtest2  (cost=0.43..8.45 rows=1 width=121)
	  Index Cond: (id = 7437633)

table 3 : explain SELECT c FROM sbtest3 WHERE id=5800197
	Index Scan using sbtest3_pkey on sbtest3  (cost=0.43..8.45 rows=1 width=121)
	  Index Cond: (id = 5800197)

table 4 : explain SELECT c FROM sbtest4 WHERE id=2424326
	Index Scan using sbtest4_pkey on sbtest4  (cost=0.43..8.45 rows=1 width=121)
	  Index Cond: (id = 2424326)

table 5 : explain SELECT c FROM sbtest5 WHERE id=8505558
	Index Scan using sbtest5_pkey on sbtest5  (cost=0.43..8.45 rows=1 width=121)
	  Index Cond: (id = 8505558)

table 6 : explain SELECT c FROM sbtest6 WHERE id=7642180
	Index Scan using sbtest6_pkey on sbtest6  (cost=0.43..8.45 rows=1 width=121)
	  Index Cond: (id = 7642180)

table 7 : explain SELECT c FROM sbtest7 WHERE id=6021785
	Index Scan using sbtest7_pkey on sbtest7  (cost=0.43..8.45 rows=1 width=121)
	  Index Cond: (id = 6021785)

table 8 : explain SELECT c FROM sbtest8 WHERE id=4405783
	Index Scan using sbtest8_pkey on sbtest8  (cost=0.43..8.45 rows=1 width=121)
	  Index Cond: (id = 4405783)

for point_selects
table 1 : explain SELECT c FROM sbtest1 WHERE id=449499
	Index Scan using sbtest1_pkey on sbtest1  (cost=0.43..8.45 rows=1 width=121)
	  Index Cond: (id = 449499)

table 2 : explain SELECT c FROM sbtest2 WHERE id=1050848
	Index Scan using sbtest2_pkey on sbtest2  (cost=0.43..8.45 rows=1 width=121)
	  Index Cond: (id = 1050848)

table 3 : explain SELECT c FROM sbtest3 WHERE id=2634522
	Index Scan using sbtest3_pkey on sbtest3  (cost=0.43..8.45 rows=1 width=121)
	  Index Cond: (id = 2634522)

table 4 : explain SELECT c FROM sbtest4 WHERE id=9753039
	Index Scan using sbtest4_pkey on sbtest4  (cost=0.43..8.45 rows=1 width=121)
	  Index Cond: (id = 9753039)

table 5 : explain SELECT c FROM sbtest5 WHERE id=1875617
	Index Scan using sbtest5_pkey on sbtest5  (cost=0.43..8.45 rows=1 width=121)
	  Index Cond: (id = 1875617)

table 6 : explain SELECT c FROM sbtest6 WHERE id=9875620
	Index Scan using sbtest6_pkey on sbtest6  (cost=0.43..8.45 rows=1 width=121)
	  Index Cond: (id = 9875620)

table 7 : explain SELECT c FROM sbtest7 WHERE id=5124301
	Index Scan using sbtest7_pkey on sbtest7  (cost=0.43..8.45 rows=1 width=121)
	  Index Cond: (id = 5124301)

table 8 : explain SELECT c FROM sbtest8 WHERE id=2776555
	Index Scan using sbtest8_pkey on sbtest8  (cost=0.43..8.45 rows=1 width=121)
	  Index Cond: (id = 2776555)

explain: for point_selects :: explain SELECT c FROM sbtest%u WHERE id=%u
explain: for point_selects :: explain SELECT c FROM sbtest%u WHERE id=%u
for point_selects
table 1 : explain SELECT c FROM sbtest1 WHERE id=8503923
	Index Scan using sbtest1_pkey on sbtest1  (cost=0.43..8.45 rows=1 width=121)
	  Index Cond: (id = 8503923)

table 2 : explain SELECT c FROM sbtest2 WHERE id=7641125
	Index Scan using sbtest2_pkey on sbtest2  (cost=0.43..8.45 rows=1 width=121)
	  Index Cond: (id = 7641125)

table 3 : explain SELECT c FROM sbtest3 WHERE id=1722441
	Index Scan using sbtest3_pkey on sbtest3  (cost=0.43..8.45 rows=1 width=121)
	  Index Cond: (id = 1722441)

table 4 : explain SELECT c FROM sbtest4 WHERE id=8056654
	Index Scan using sbtest4_pkey on sbtest4  (cost=0.43..8.45 rows=1 width=121)
	  Index Cond: (id = 8056654)

table 5 : explain SELECT c FROM sbtest5 WHERE id=8492429
	Index Scan using sbtest5_pkey on sbtest5  (cost=0.43..8.45 rows=1 width=121)
	  Index Cond: (id = 8492429)

table 6 : explain SELECT c FROM sbtest6 WHERE id=3177241
	Index Scan using sbtest6_pkey on sbtest6  (cost=0.43..8.45 rows=1 width=121)
	  Index Cond: (id = 3177241)

table 7 : explain SELECT c FROM sbtest7 WHERE id=7027232
	Index Scan using sbtest7_pkey on sbtest7  (cost=0.43..8.45 rows=1 width=121)
	  Index Cond: (id = 7027232)

table 8 : explain SELECT c FROM sbtest8 WHERE id=6794523
	Index Scan using sbtest8_pkey on sbtest8  (cost=0.43..8.45 rows=1 width=121)
	  Index Cond: (id = 6794523)

explain: for point_selects :: explain SELECT c FROM sbtest%u WHERE id=%u
for point_selects
table 1 : explain SELECT c FROM sbtest1 WHERE id=8684587
	Index Scan using sbtest1_pkey on sbtest1  (cost=0.43..8.45 rows=1 width=121)
	  Index Cond: (id = 8684587)

table 2 : explain SELECT c FROM sbtest2 WHERE id=1396635
	Index Scan using sbtest2_pkey on sbtest2  (cost=0.43..8.45 rows=1 width=121)
	  Index Cond: (id = 1396635)

table 3 : explain SELECT c FROM sbtest3 WHERE id=4857045
	Index Scan using sbtest3_pkey on sbtest3  (cost=0.43..8.45 rows=1 width=121)
	  Index Cond: (id = 4857045)

table 4 : explain SELECT c FROM sbtest4 WHERE id=6020971
	Index Scan using sbtest4_pkey on sbtest4  (cost=0.43..8.45 rows=1 width=121)
	  Index Cond: (id = 6020971)

table 5 : explain SELECT c FROM sbtest5 WHERE id=8797100
	Index Scan using sbtest5_pkey on sbtest5  (cost=0.43..8.45 rows=1 width=121)
	  Index Cond: (id = 8797100)

table 6 : explain SELECT c FROM sbtest6 WHERE id=49517
	Index Scan using sbtest6_pkey on sbtest6  (cost=0.43..8.45 rows=1 width=121)
	  Index Cond: (id = 49517)

table 7 : explain SELECT c FROM sbtest7 WHERE id=5654212
	Index Scan using sbtest7_pkey on sbtest7  (cost=0.43..8.45 rows=1 width=121)
	  Index Cond: (id = 5654212)

table 8 : explain SELECT c FROM sbtest8 WHERE id=168654
	Index Scan using sbtest8_pkey on sbtest8  (cost=0.43..8.45 rows=1 width=121)
	  Index Cond: (id = 168654)

explain: for point_selects :: explain SELECT c FROM sbtest%u WHERE id=%u
explain: for point_selects :: explain SELECT c FROM sbtest%u WHERE id=%u
for point_selects
table 1 : explain SELECT c FROM sbtest1 WHERE id=8614378
	Index Scan using sbtest1_pkey on sbtest1  (cost=0.43..8.45 rows=1 width=121)
	  Index Cond: (id = 8614378)

table 2 : explain SELECT c FROM sbtest2 WHERE id=9107052
	Index Scan using sbtest2_pkey on sbtest2  (cost=0.43..8.45 rows=1 width=121)
	  Index Cond: (id = 9107052)

table 3 : explain SELECT c FROM sbtest3 WHERE id=5212902
	Index Scan using sbtest3_pkey on sbtest3  (cost=0.43..8.45 rows=1 width=121)
	  Index Cond: (id = 5212902)

table 4 : explain SELECT c FROM sbtest4 WHERE id=7736689
	Index Scan using sbtest4_pkey on sbtest4  (cost=0.43..8.45 rows=1 width=121)
	  Index Cond: (id = 7736689)

table 5 : explain SELECT c FROM sbtest5 WHERE id=4441573
	Index Scan using sbtest5_pkey on sbtest5  (cost=0.43..8.45 rows=1 width=121)
	  Index Cond: (id = 4441573)

table 6 : explain SELECT c FROM sbtest6 WHERE id=8896950
	Index Scan using sbtest6_pkey on sbtest6  (cost=0.43..8.45 rows=1 width=121)
	  Index Cond: (id = 8896950)

table 7 : explain SELECT c FROM sbtest7 WHERE id=112315
	Index Scan using sbtest7_pkey on sbtest7  (cost=0.43..8.45 rows=1 width=121)
	  Index Cond: (id = 112315)

table 8 : explain SELECT c FROM sbtest8 WHERE id=1767569
	Index Scan using sbtest8_pkey on sbtest8  (cost=0.43..8.45 rows=1 width=121)
	  Index Cond: (id = 1767569)

explain: for point_selects :: explain SELECT c FROM sbtest%u WHERE id=%u
explain: for point_selects :: explain SELECT c FROM sbtest%u WHERE id=%u
for point_selects
table 1 : explain SELECT c FROM sbtest1 WHERE id=8883105
	Index Scan using sbtest1_pkey on sbtest1  (cost=0.43..8.45 rows=1 width=121)
	  Index Cond: (id = 8883105)

table 2 : explain SELECT c FROM sbtest2 WHERE id=5393240
	Index Scan using sbtest2_pkey on sbtest2  (cost=0.43..8.45 rows=1 width=121)
	  Index Cond: (id = 5393240)

table 3 : explain SELECT c FROM sbtest3 WHERE id=3888991
	Index Scan using sbtest3_pkey on sbtest3  (cost=0.43..8.45 rows=1 width=121)
	  Index Cond: (id = 3888991)

table 4 : explain SELECT c FROM sbtest4 WHERE id=2687139
	Index Scan using sbtest4_pkey on sbtest4  (cost=0.43..8.45 rows=1 width=121)
	  Index Cond: (id = 2687139)

table 5 : explain SELECT c FROM sbtest5 WHERE id=2209084
	Index Scan using sbtest5_pkey on sbtest5  (cost=0.43..8.45 rows=1 width=121)
	  Index Cond: (id = 2209084)

table 6 : explain SELECT c FROM sbtest6 WHERE id=5956508
	Index Scan using sbtest6_pkey on sbtest6  (cost=0.43..8.45 rows=1 width=121)
	  Index Cond: (id = 5956508)

table 7 : explain SELECT c FROM sbtest7 WHERE id=4153101
	Index Scan using sbtest7_pkey on sbtest7  (cost=0.43..8.45 rows=1 width=121)
	  Index Cond: (id = 4153101)

table 8 : explain SELECT c FROM sbtest8 WHERE id=2638422
	Index Scan using sbtest8_pkey on sbtest8  (cost=0.43..8.45 rows=1 width=121)
	  Index Cond: (id = 2638422)

explain: for point_selects :: explain SELECT c FROM sbtest%u WHERE id=%u
explain: for point_selects :: explain SELECT c FROM sbtest%u WHERE id=%u
explain: for point_selects :: explain SELECT c FROM sbtest%u WHERE id=%u
for point_selects
table 1 : explain SELECT c FROM sbtest1 WHERE id=4510401
	Index Scan using sbtest1_pkey on sbtest1  (cost=0.43..8.45 rows=1 width=121)
	  Index Cond: (id = 4510401)

table 2 : explain SELECT c FROM sbtest2 WHERE id=4484038
	Index Scan using sbtest2_pkey on sbtest2  (cost=0.43..8.45 rows=1 width=121)
	  Index Cond: (id = 4484038)

table 3 : explain SELECT c FROM sbtest3 WHERE id=2823672
	Index Scan using sbtest3_pkey on sbtest3  (cost=0.43..8.45 rows=1 width=121)
	  Index Cond: (id = 2823672)

table 4 : explain SELECT c FROM sbtest4 WHERE id=559655
	Index Scan using sbtest4_pkey on sbtest4  (cost=0.43..8.45 rows=1 width=121)
	  Index Cond: (id = 559655)

table 5 : explain SELECT c FROM sbtest5 WHERE id=1332479
	Index Scan using sbtest5_pkey on sbtest5  (cost=0.43..8.45 rows=1 width=121)
	  Index Cond: (id = 1332479)

table 6 : explain SELECT c FROM sbtest6 WHERE id=688202
	Index Scan using sbtest6_pkey on sbtest6  (cost=0.43..8.45 rows=1 width=121)
	  Index Cond: (id = 688202)

table 7 : explain SELECT c FROM sbtest7 WHERE id=9433028
	Index Scan using sbtest7_pkey on sbtest7  (cost=0.43..8.45 rows=1 width=121)
	  Index Cond: (id = 9433028)

table 8 : explain SELECT c FROM sbtest8 WHERE id=9588705
	Index Scan using sbtest8_pkey on sbtest8  (cost=0.43..8.45 rows=1 width=121)
	  Index Cond: (id = 9588705)

for point_selects
table 1 : explain SELECT c FROM sbtest1 WHERE id=9443292
	Index Scan using sbtest1_pkey on sbtest1  (cost=0.43..8.45 rows=1 width=121)
	  Index Cond: (id = 9443292)

table 2 : explain SELECT c FROM sbtest2 WHERE id=519784
	Index Scan using sbtest2_pkey on sbtest2  (cost=0.43..8.45 rows=1 width=121)
	  Index Cond: (id = 519784)

table 3 : explain SELECT c FROM sbtest3 WHERE id=3391409
	Index Scan using sbtest3_pkey on sbtest3  (cost=0.43..8.45 rows=1 width=121)
	  Index Cond: (id = 3391409)

table 4 : explain SELECT c FROM sbtest4 WHERE id=4607107
	Index Scan using sbtest4_pkey on sbtest4  (cost=0.43..8.45 rows=1 width=121)
	  Index Cond: (id = 4607107)

table 5 : explain SELECT c FROM sbtest5 WHERE id=4738481
	Index Scan using sbtest5_pkey on sbtest5  (cost=0.43..8.45 rows=1 width=121)
	  Index Cond: (id = 4738481)

table 6 : explain SELECT c FROM sbtest6 WHERE id=8128920
	Index Scan using sbtest6_pkey on sbtest6  (cost=0.43..8.45 rows=1 width=121)
	  Index Cond: (id = 8128920)

table 7 : explain SELECT c FROM sbtest7 WHERE id=7056990
	Index Scan using sbtest7_pkey on sbtest7  (cost=0.43..8.45 rows=1 width=121)
	  Index Cond: (id = 7056990)

table 8 : explain SELECT c FROM sbtest8 WHERE id=9339642
	Index Scan using sbtest8_pkey on sbtest8  (cost=0.43..8.45 rows=1 width=121)
	  Index Cond: (id = 9339642)

for point_selects
table 1 : explain SELECT c FROM sbtest1 WHERE id=3174054
	Index Scan using sbtest1_pkey on sbtest1  (cost=0.43..8.45 rows=1 width=121)
	  Index Cond: (id = 3174054)

table 2 : explain SELECT c FROM sbtest2 WHERE id=5234370
	Index Scan using sbtest2_pkey on sbtest2  (cost=0.43..8.45 rows=1 width=121)
	  Index Cond: (id = 5234370)

table 3 : explain SELECT c FROM sbtest3 WHERE id=6066714
	Index Scan using sbtest3_pkey on sbtest3  (cost=0.43..8.45 rows=1 width=121)
	  Index Cond: (id = 6066714)

table 4 : explain SELECT c FROM sbtest4 WHERE id=2425371
	Index Scan using sbtest4_pkey on sbtest4  (cost=0.43..8.45 rows=1 width=121)
	  Index Cond: (id = 2425371)

table 5 : explain SELECT c FROM sbtest5 WHERE id=5942237
	Index Scan using sbtest5_pkey on sbtest5  (cost=0.43..8.45 rows=1 width=121)
	  Index Cond: (id = 5942237)

table 6 : explain SELECT c FROM sbtest6 WHERE id=8853529
	Index Scan using sbtest6_pkey on sbtest6  (cost=0.43..8.45 rows=1 width=121)
	  Index Cond: (id = 8853529)

table 7 : explain SELECT c FROM sbtest7 WHERE id=1354701
	Index Scan using sbtest7_pkey on sbtest7  (cost=0.43..8.45 rows=1 width=121)
	  Index Cond: (id = 1354701)

table 8 : explain SELECT c FROM sbtest8 WHERE id=5663873
	Index Scan using sbtest8_pkey on sbtest8  (cost=0.43..8.45 rows=1 width=121)
	  Index Cond: (id = 5663873)

for point_selects
table 1 : explain SELECT c FROM sbtest1 WHERE id=3723178
	Index Scan using sbtest1_pkey on sbtest1  (cost=0.43..8.45 rows=1 width=121)
	  Index Cond: (id = 3723178)

table 2 : explain SELECT c FROM sbtest2 WHERE id=1751707
	Index Scan using sbtest2_pkey on sbtest2  (cost=0.43..8.45 rows=1 width=121)
	  Index Cond: (id = 1751707)

table 3 : explain SELECT c FROM sbtest3 WHERE id=9130641
	Index Scan using sbtest3_pkey on sbtest3  (cost=0.43..8.45 rows=1 width=121)
	  Index Cond: (id = 9130641)

table 4 : explain SELECT c FROM sbtest4 WHERE id=1886153
	Index Scan using sbtest4_pkey on sbtest4  (cost=0.43..8.45 rows=1 width=121)
	  Index Cond: (id = 1886153)

table 5 : explain SELECT c FROM sbtest5 WHERE id=9025173
	Index Scan using sbtest5_pkey on sbtest5  (cost=0.43..8.45 rows=1 width=121)
	  Index Cond: (id = 9025173)

table 6 : explain SELECT c FROM sbtest6 WHERE id=9095848
	Index Scan using sbtest6_pkey on sbtest6  (cost=0.43..8.45 rows=1 width=121)
	  Index Cond: (id = 9095848)

table 7 : explain SELECT c FROM sbtest7 WHERE id=1221739
	Index Scan using sbtest7_pkey on sbtest7  (cost=0.43..8.45 rows=1 width=121)
	  Index Cond: (id = 1221739)

table 8 : explain SELECT c FROM sbtest8 WHERE id=4704447
	Index Scan using sbtest8_pkey on sbtest8  (cost=0.43..8.45 rows=1 width=121)
	  Index Cond: (id = 4704447)

for point_selects
table 1 : explain SELECT c FROM sbtest1 WHERE id=6975386
	Index Scan using sbtest1_pkey on sbtest1  (cost=0.43..8.45 rows=1 width=121)
	  Index Cond: (id = 6975386)

table 2 : explain SELECT c FROM sbtest2 WHERE id=5704416
	Index Scan using sbtest2_pkey on sbtest2  (cost=0.43..8.45 rows=1 width=121)
	  Index Cond: (id = 5704416)

table 3 : explain SELECT c FROM sbtest3 WHERE id=9794611
	Index Scan using sbtest3_pkey on sbtest3  (cost=0.43..8.45 rows=1 width=121)
	  Index Cond: (id = 9794611)

table 4 : explain SELECT c FROM sbtest4 WHERE id=2661276
	Index Scan using sbtest4_pkey on sbtest4  (cost=0.43..8.45 rows=1 width=121)
	  Index Cond: (id = 2661276)

table 5 : explain SELECT c FROM sbtest5 WHERE id=9486091
	Index Scan using sbtest5_pkey on sbtest5  (cost=0.43..8.45 rows=1 width=121)
	  Index Cond: (id = 9486091)

table 6 : explain SELECT c FROM sbtest6 WHERE id=2024548
	Index Scan using sbtest6_pkey on sbtest6  (cost=0.43..8.45 rows=1 width=121)
	  Index Cond: (id = 2024548)

table 7 : explain SELECT c FROM sbtest7 WHERE id=5901023
	Index Scan using sbtest7_pkey on sbtest7  (cost=0.43..8.45 rows=1 width=121)
	  Index Cond: (id = 5901023)

table 8 : explain SELECT c FROM sbtest8 WHERE id=9461167
	Index Scan using sbtest8_pkey on sbtest8  (cost=0.43..8.45 rows=1 width=121)
	  Index Cond: (id = 9461167)

for point_selects
table 1 : explain SELECT c FROM sbtest1 WHERE id=7287281
	Index Scan using sbtest1_pkey on sbtest1  (cost=0.43..8.45 rows=1 width=121)
	  Index Cond: (id = 7287281)

table 2 : explain SELECT c FROM sbtest2 WHERE id=3925366
	Index Scan using sbtest2_pkey on sbtest2  (cost=0.43..8.45 rows=1 width=121)
	  Index Cond: (id = 3925366)

table 3 : explain SELECT c FROM sbtest3 WHERE id=4241551
	Index Scan using sbtest3_pkey on sbtest3  (cost=0.43..8.45 rows=1 width=121)
	  Index Cond: (id = 4241551)

table 4 : explain SELECT c FROM sbtest4 WHERE id=2108494
	Index Scan using sbtest4_pkey on sbtest4  (cost=0.43..8.45 rows=1 width=121)
	  Index Cond: (id = 2108494)

table 5 : explain SELECT c FROM sbtest5 WHERE id=6697375
	Index Scan using sbtest5_pkey on sbtest5  (cost=0.43..8.45 rows=1 width=121)
	  Index Cond: (id = 6697375)

table 6 : explain SELECT c FROM sbtest6 WHERE id=6409775
	Index Scan using sbtest6_pkey on sbtest6  (cost=0.43..8.45 rows=1 width=121)
	  Index Cond: (id = 6409775)

table 7 : explain SELECT c FROM sbtest7 WHERE id=4430014
	Index Scan using sbtest7_pkey on sbtest7  (cost=0.43..8.45 rows=1 width=121)
	  Index Cond: (id = 4430014)

table 8 : explain SELECT c FROM sbtest8 WHERE id=4260015
	Index Scan using sbtest8_pkey on sbtest8  (cost=0.43..8.45 rows=1 width=121)
	  Index Cond: (id = 4260015)

for point_selects
table 1 : explain SELECT c FROM sbtest1 WHERE id=2865048
	Index Scan using sbtest1_pkey on sbtest1  (cost=0.43..8.45 rows=1 width=121)
	  Index Cond: (id = 2865048)

table 2 : explain SELECT c FROM sbtest2 WHERE id=5981312
	Index Scan using sbtest2_pkey on sbtest2  (cost=0.43..8.45 rows=1 width=121)
	  Index Cond: (id = 5981312)

table 3 : explain SELECT c FROM sbtest3 WHERE id=6377268
	Index Scan using sbtest3_pkey on sbtest3  (cost=0.43..8.45 rows=1 width=121)
	  Index Cond: (id = 6377268)

table 4 : explain SELECT c FROM sbtest4 WHERE id=1057384
	Index Scan using sbtest4_pkey on sbtest4  (cost=0.43..8.45 rows=1 width=121)
	  Index Cond: (id = 1057384)

table 5 : explain SELECT c FROM sbtest5 WHERE id=6239799
	Index Scan using sbtest5_pkey on sbtest5  (cost=0.43..8.45 rows=1 width=121)
	  Index Cond: (id = 6239799)

table 6 : explain SELECT c FROM sbtest6 WHERE id=8568921
	Index Scan using sbtest6_pkey on sbtest6  (cost=0.43..8.45 rows=1 width=121)
	  Index Cond: (id = 8568921)

table 7 : explain SELECT c FROM sbtest7 WHERE id=6093504
	Index Scan using sbtest7_pkey on sbtest7  (cost=0.43..8.45 rows=1 width=121)
	  Index Cond: (id = 6093504)

table 8 : explain SELECT c FROM sbtest8 WHERE id=1066256
	Index Scan using sbtest8_pkey on sbtest8  (cost=0.43..8.45 rows=1 width=121)
	  Index Cond: (id = 1066256)

Threads started!

Warming up for 5 seconds...

SQL statistics:
    queries performed:
        read:                            670265246
        write:                           0
        other:                           0
        total:                           670265246
    transactions:                        670265246 (1063902.81 per sec.)
    queries:                             670265246 (1063902.81 per sec.)
    ignored errors:                      0      (0.00 per sec.)
    reconnects:                          0      (0.00 per sec.)

Throughput:
    events/s (eps):                      1063902.8133
    time elapsed:                        630.0062s
    total number of events:              670265246

Latency (ms):
         min:                                    0.03
         avg:                                    0.04
         max:                                   16.09
         95th percentile:                        0.04
         sum:                             25013906.98

Threads fairness:
    events (avg/stddev):           16756612.4250/281626.45
    execution time (avg/stddev):   625.3477/0.12

