LUA_PATH=/home/mdcallag/git/mytools/bench/sysbench.lua/lua/?.lua /home/mdcallag/git/mytools/bench/sysbench.lua/lua/sysbench --db-driver=pgsql --range-size=1000 --table-size=10000000 --tables=8 --threads=40 --events=0 --warmup-time=5 --time=630 --pgsql_conn_id=true /home/mdcallag/git/mytools/bench/sysbench.lua/lua/oltp_read_only.lua run --pgsql-user=root --pgsql-password=pw --pgsql-host=127.0.0.1 --pgsql-db=ib --rand-type=uniform --simple-ranges=0 --sum-ranges=1 --order-ranges=0 --distinct-ranges=0
48 CPUs
sysbench 1.1.0-9072687 (using bundled LuaJIT 2.1.0-beta3)

Running the test with following options:
Number of threads: 40
Warmup time: 5s
Initializing random number generator from current time


Initializing worker threads...

explain: for point_selects :: explain SELECT c FROM sbtest%u WHERE id=%u
explain: for point_selects :: explain SELECT c FROM sbtest%u WHERE id=%u
explain: for point_selects :: explain SELECT c FROM sbtest%u WHERE id=%u
for point_selects
table 1 : explain SELECT c FROM sbtest1 WHERE id=2278516
	Index Scan using sbtest1_pkey on sbtest1  (cost=0.43..8.45 rows=1 width=121)
	  Index Cond: (id = 2278516)

table 2 : explain SELECT c FROM sbtest2 WHERE id=6461510
	Index Scan using sbtest2_pkey on sbtest2  (cost=0.43..8.45 rows=1 width=121)
	  Index Cond: (id = 6461510)

table 3 : explain SELECT c FROM sbtest3 WHERE id=1293623
	Index Scan using sbtest3_pkey on sbtest3  (cost=0.43..8.45 rows=1 width=121)
	  Index Cond: (id = 1293623)

table 4 : explain SELECT c FROM sbtest4 WHERE id=5161418
	Index Scan using sbtest4_pkey on sbtest4  (cost=0.43..8.45 rows=1 width=121)
	  Index Cond: (id = 5161418)

table 5 : explain SELECT c FROM sbtest5 WHERE id=6425769
	Index Scan using sbtest5_pkey on sbtest5  (cost=0.43..8.45 rows=1 width=121)
	  Index Cond: (id = 6425769)

table 6 : explain SELECT c FROM sbtest6 WHERE id=1676352
	Index Scan using sbtest6_pkey on sbtest6  (cost=0.43..8.45 rows=1 width=121)
	  Index Cond: (id = 1676352)

table 7 : explain SELECT c FROM sbtest7 WHERE id=8205164
	Index Scan using sbtest7_pkey on sbtest7  (cost=0.43..8.45 rows=1 width=121)
	  Index Cond: (id = 8205164)

table 8 : explain SELECT c FROM sbtest8 WHERE id=9908754
	Index Scan using sbtest8_pkey on sbtest8  (cost=0.43..8.45 rows=1 width=121)
	  Index Cond: (id = 9908754)

explain: for point_selects :: explain SELECT c FROM sbtest%u WHERE id=%u
explain: for point_selects :: explain SELECT c FROM sbtest%u WHERE id=%u
explain: for point_selects :: explain SELECT c FROM sbtest%u WHERE id=%u
for point_selects
table 1 : explain SELECT c FROM sbtest1 WHERE id=4130572
	Index Scan using sbtest1_pkey on sbtest1  (cost=0.43..8.45 rows=1 width=121)
	  Index Cond: (id = 4130572)

table 2 : explain SELECT c FROM sbtest2 WHERE id=4725233
	Index Scan using sbtest2_pkey on sbtest2  (cost=0.43..8.45 rows=1 width=121)
	  Index Cond: (id = 4725233)

table 3 : explain SELECT c FROM sbtest3 WHERE id=7140122
	Index Scan using sbtest3_pkey on sbtest3  (cost=0.43..8.45 rows=1 width=121)
	  Index Cond: (id = 7140122)

table 4 : explain SELECT c FROM sbtest4 WHERE id=5967410
	Index Scan using sbtest4_pkey on sbtest4  (cost=0.43..8.45 rows=1 width=121)
	  Index Cond: (id = 5967410)

table 5 : explain SELECT c FROM sbtest5 WHERE id=2689709
	Index Scan using sbtest5_pkey on sbtest5  (cost=0.43..8.45 rows=1 width=121)
	  Index Cond: (id = 2689709)

table 6 : explain SELECT c FROM sbtest6 WHERE id=8961282
	Index Scan using sbtest6_pkey on sbtest6  (cost=0.43..8.45 rows=1 width=121)
	  Index Cond: (id = 8961282)

table 7 : explain SELECT c FROM sbtest7 WHERE id=4314792
	Index Scan using sbtest7_pkey on sbtest7  (cost=0.43..8.45 rows=1 width=121)
	  Index Cond: (id = 4314792)

table 8 : explain SELECT c FROM sbtest8 WHERE id=4654103
	Index Scan using sbtest8_pkey on sbtest8  (cost=0.43..8.45 rows=1 width=121)
	  Index Cond: (id = 4654103)

for: simple_ranges
table 1 : explain SELECT c FROM sbtest1 WHERE id BETWEEN 5091240 AND 5092239
	Bitmap Heap Scan on sbtest1  (cost=22.05..3626.83 rows=938 width=121)
	  Recheck Cond: ((id >= 5091240) AND (id <= 5092239))
	  ->  Bitmap Index Scan on sbtest1_pkey  (cost=0.00..21.82 rows=938 width=0)
	        Index Cond: ((id >= 5091240) AND (id <= 5092239))

table 2 : explain SELECT c FROM sbtest2 WHERE id BETWEEN 9445002 AND 9446001
	Bitmap Heap Scan on sbtest2  (cost=22.53..3803.79 rows=985 width=121)
	  Recheck Cond: ((id >= 9445002) AND (id <= 9446001))
	  ->  Bitmap Index Scan on sbtest2_pkey  (cost=0.00..22.29 rows=985 width=0)
	        Index Cond: ((id >= 9445002) AND (id <= 9446001))

table 3 : explain SELECT c FROM sbtest3 WHERE id BETWEEN 9496542 AND 9497541
	Bitmap Heap Scan on sbtest3  (cost=23.06..3999.57 rows=1037 width=121)
	  Recheck Cond: ((id >= 9496542) AND (id <= 9497541))
	  ->  Bitmap Index Scan on sbtest3_pkey  (cost=0.00..22.80 rows=1037 width=0)
	        Index Cond: ((id >= 9496542) AND (id <= 9497541))

table 4 : explain SELECT c FROM sbtest4 WHERE id BETWEEN 5686004 AND 5687003
	Bitmap Heap Scan on sbtest4  (cost=23.04..3992.02 rows=1035 width=121)
	  Recheck Cond: ((id >= 5686004) AND (id <= 5687003))
	  ->  Bitmap Index Scan on sbtest4_pkey  (cost=0.00..22.79 rows=1035 width=0)
	        Index Cond: ((id >= 5686004) AND (id <= 5687003))

table 5 : explain SELECT c FROM sbtest5 WHERE id BETWEEN 1433840 AND 1434839
	Bitmap Heap Scan on sbtest5  (cost=21.76..3522.12 rows=910 width=121)
	  Recheck Cond: ((id >= 1433840) AND (id <= 1434839))
	  ->  Bitmap Index Scan on sbtest5_pkey  (cost=0.00..21.54 rows=910 width=0)
	        Index Cond: ((id >= 1433840) AND (id <= 1434839))

table 6 : explain SELECT c FROM sbtest6 WHERE id BETWEEN 4733675 AND 4734674
	Bitmap Heap Scan on sbtest6  (cost=21.89..3566.65 rows=922 width=121)
	  Recheck Cond: ((id >= 4733675) AND (id <= 4734674))
	  ->  Bitmap Index Scan on sbtest6_pkey  (cost=0.00..21.65 rows=922 width=0)
	        Index Cond: ((id >= 4733675) AND (id <= 4734674))

table 7 : explain SELECT c FROM sbtest7 WHERE id BETWEEN 4125955 AND 4126954
	Bitmap Heap Scan on sbtest7  (cost=22.91..3944.75 rows=1022 width=121)
	  Recheck Cond: ((id >= 4125955) AND (id <= 4126954))
	  ->  Bitmap Index Scan on sbtest7_pkey  (cost=0.00..22.65 rows=1022 width=0)
	        Index Cond: ((id >= 4125955) AND (id <= 4126954))

table 8 : explain SELECT c FROM sbtest8 WHERE id BETWEEN 406070 AND 407069
	Bitmap Heap Scan on sbtest8  (cost=22.04..3624.19 rows=937 width=121)
	  Recheck Cond: ((id >= 406070) AND (id <= 407069))
	  ->  Bitmap Index Scan on sbtest8_pkey  (cost=0.00..21.80 rows=937 width=0)
	        Index Cond: ((id >= 406070) AND (id <= 407069))

explain: for point_selects :: explain SELECT c FROM sbtest%u WHERE id=%u
for point_selects
table 1 : explain SELECT c FROM sbtest1 WHERE id=4128070
	Index Scan using sbtest1_pkey on sbtest1  (cost=0.43..8.45 rows=1 width=121)
	  Index Cond: (id = 4128070)

table 2 : explain SELECT c FROM sbtest2 WHERE id=4175062
	Index Scan using sbtest2_pkey on sbtest2  (cost=0.43..8.45 rows=1 width=121)
	  Index Cond: (id = 4175062)

table 3 : explain SELECT c FROM sbtest3 WHERE id=8349828
	Index Scan using sbtest3_pkey on sbtest3  (cost=0.43..8.45 rows=1 width=121)
	  Index Cond: (id = 8349828)

table 4 : explain SELECT c FROM sbtest4 WHERE id=6861681
	Index Scan using sbtest4_pkey on sbtest4  (cost=0.43..8.45 rows=1 width=121)
	  Index Cond: (id = 6861681)

table 5 : explain SELECT c FROM sbtest5 WHERE id=9390689
	Index Scan using sbtest5_pkey on sbtest5  (cost=0.43..8.45 rows=1 width=121)
	  Index Cond: (id = 9390689)

table 6 : explain SELECT c FROM sbtest6 WHERE id=8963817
	Index Scan using sbtest6_pkey on sbtest6  (cost=0.43..8.45 rows=1 width=121)
	  Index Cond: (id = 8963817)

table 7 : explain SELECT c FROM sbtest7 WHERE id=3493810
	Index Scan using sbtest7_pkey on sbtest7  (cost=0.43..8.45 rows=1 width=121)
	  Index Cond: (id = 3493810)

table 8 : explain SELECT c FROM sbtest8 WHERE id=6601240
	Index Scan using sbtest8_pkey on sbtest8  (cost=0.43..8.45 rows=1 width=121)
	  Index Cond: (id = 6601240)

for point_selects
table 1 : explain SELECT c FROM sbtest1 WHERE id=3855582
	Index Scan using sbtest1_pkey on sbtest1  (cost=0.43..8.45 rows=1 width=121)
	  Index Cond: (id = 3855582)

table 2 : explain SELECT c FROM sbtest2 WHERE id=5210004
	Index Scan using sbtest2_pkey on sbtest2  (cost=0.43..8.45 rows=1 width=121)
	  Index Cond: (id = 5210004)

table 3 : explain SELECT c FROM sbtest3 WHERE id=9505052
	Index Scan using sbtest3_pkey on sbtest3  (cost=0.43..8.45 rows=1 width=121)
	  Index Cond: (id = 9505052)

table 4 : explain SELECT c FROM sbtest4 WHERE id=1619353
	Index Scan using sbtest4_pkey on sbtest4  (cost=0.43..8.45 rows=1 width=121)
	  Index Cond: (id = 1619353)

table 5 : explain SELECT c FROM sbtest5 WHERE id=1612203
	Index Scan using sbtest5_pkey on sbtest5  (cost=0.43..8.45 rows=1 width=121)
	  Index Cond: (id = 1612203)

table 6 : explain SELECT c FROM sbtest6 WHERE id=6700832
	Index Scan using sbtest6_pkey on sbtest6  (cost=0.43..8.45 rows=1 width=121)
	  Index Cond: (id = 6700832)

table 7 : explain SELECT c FROM sbtest7 WHERE id=3801304
	Index Scan using sbtest7_pkey on sbtest7  (cost=0.43..8.45 rows=1 width=121)
	  Index Cond: (id = 3801304)

table 8 : explain SELECT c FROM sbtest8 WHERE id=2110777
	Index Scan using sbtest8_pkey on sbtest8  (cost=0.43..8.45 rows=1 width=121)
	  Index Cond: (id = 2110777)

explain: for point_selects :: explain SELECT c FROM sbtest%u WHERE id=%u
for: simple_ranges
table 1 : explain SELECT c FROM sbtest1 WHERE id BETWEEN 5535999 AND 5536998
	Bitmap Heap Scan on sbtest1  (cost=23.06..3999.75 rows=1037 width=121)
	  Recheck Cond: ((id >= 5535999) AND (id <= 5536998))
	  ->  Bitmap Index Scan on sbtest1_pkey  (cost=0.00..22.80 rows=1037 width=0)
	        Index Cond: ((id >= 5535999) AND (id <= 5536998))

table 2 : explain SELECT c FROM sbtest2 WHERE id BETWEEN 7523437 AND 7524436
	Bitmap Heap Scan on sbtest2  (cost=22.81..3905.45 rows=1012 width=121)
	  Recheck Cond: ((id >= 7523437) AND (id <= 7524436))
	  ->  Bitmap Index Scan on sbtest2_pkey  (cost=0.00..22.55 rows=1012 width=0)
	        Index Cond: ((id >= 7523437) AND (id <= 7524436))

table 3 : explain SELECT c FROM sbtest3 WHERE id BETWEEN 8588879 AND 8589878
	Bitmap Heap Scan on sbtest3  (cost=22.43..3766.19 rows=975 width=121)
	  Recheck Cond: ((id >= 8588879) AND (id <= 8589878))
	  ->  Bitmap Index Scan on sbtest3_pkey  (cost=0.00..22.18 rows=975 width=0)
	        Index Cond: ((id >= 8588879) AND (id <= 8589878))

table 4 : explain SELECT c FROM sbtest4 WHERE id BETWEEN 942165 AND 943164
	Bitmap Heap Scan on sbtest4  (cost=22.30..3717.16 rows=962 width=121)
	  Recheck Cond: ((id >= 942165) AND (id <= 943164))
	  ->  Bitmap Index Scan on sbtest4_pkey  (cost=0.00..22.05 rows=962 width=0)
	        Index Cond: ((id >= 942165) AND (id <= 943164))

table 5 : explain SELECT c FROM sbtest5 WHERE id BETWEEN 8664681 AND 8665680
	Bitmap Heap Scan on sbtest5  (cost=22.08..3639.21 rows=941 width=121)
	  Recheck Cond: ((id >= 8664681) AND (id <= 8665680))
	  ->  Bitmap Index Scan on sbtest5_pkey  (cost=0.00..21.84 rows=941 width=0)
	        Index Cond: ((id >= 8664681) AND (id <= 8665680))

table 6 : explain SELECT c FROM sbtest6 WHERE id BETWEEN 7336780 AND 7337779
	Bitmap Heap Scan on sbtest6  (cost=22.20..3683.64 rows=953 width=121)
	  Recheck Cond: ((id >= 7336780) AND (id <= 7337779))
	  ->  Bitmap Index Scan on sbtest6_pkey  (cost=0.00..21.96 rows=953 width=0)
	        Index Cond: ((id >= 7336780) AND (id <= 7337779))

table 7 : explain SELECT c FROM sbtest7 WHERE id BETWEEN 5302673 AND 5303672
	Bitmap Heap Scan on sbtest7  (cost=21.90..3571.43 rows=923 width=121)
	  Recheck Cond: ((id >= 5302673) AND (id <= 5303672))
	  ->  Bitmap Index Scan on sbtest7_pkey  (cost=0.00..21.66 rows=923 width=0)
	        Index Cond: ((id >= 5302673) AND (id <= 5303672))

table 8 : explain SELECT c FROM sbtest8 WHERE id BETWEEN 7257226 AND 7258225
	Bitmap Heap Scan on sbtest8  (cost=28.52..4534.36 rows=1179 width=121)
	  Recheck Cond: ((id >= 7257226) AND (id <= 7258225))
	  ->  Bitmap Index Scan on sbtest8_pkey  (cost=0.00..28.22 rows=1179 width=0)
	        Index Cond: ((id >= 7257226) AND (id <= 7258225))

for: simple_ranges
table 1 : explain SELECT c FROM sbtest1 WHERE id BETWEEN 8525758 AND 8526757
	Bitmap Heap Scan on sbtest1  (cost=23.23..4059.90 rows=1053 width=121)
	  Recheck Cond: ((id >= 8525758) AND (id <= 8526757))
	  ->  Bitmap Index Scan on sbtest1_pkey  (cost=0.00..22.96 rows=1053 width=0)
	        Index Cond: ((id >= 8525758) AND (id <= 8526757))

table 2 : explain SELECT c FROM sbtest2 WHERE id BETWEEN 8847161 AND 8848160
	Bitmap Heap Scan on sbtest2  (cost=22.66..3852.75 rows=998 width=121)
	  Recheck Cond: ((id >= 8847161) AND (id <= 8848160))
	  ->  Bitmap Index Scan on sbtest2_pkey  (cost=0.00..22.41 rows=998 width=0)
	        Index Cond: ((id >= 8847161) AND (id <= 8848160))

table 3 : explain SELECT c FROM sbtest3 WHERE id BETWEEN 1384903 AND 1385902
	Bitmap Heap Scan on sbtest3  (cost=22.38..3747.35 rows=970 width=121)
	  Recheck Cond: ((id >= 1384903) AND (id <= 1385902))
	  ->  Bitmap Index Scan on sbtest3_pkey  (cost=0.00..22.14 rows=970 width=0)
	        Index Cond: ((id >= 1384903) AND (id <= 1385902))

table 4 : explain SELECT c FROM sbtest4 WHERE id BETWEEN 1746418 AND 1747417
	Bitmap Heap Scan on sbtest4  (cost=22.87..3928.07 rows=1018 width=121)
	  Recheck Cond: ((id >= 1746418) AND (id <= 1747417))
	  ->  Bitmap Index Scan on sbtest4_pkey  (cost=0.00..22.61 rows=1018 width=0)
	        Index Cond: ((id >= 1746418) AND (id <= 1747417))

table 5 : explain SELECT c FROM sbtest5 WHERE id BETWEEN 8707974 AND 8708973
	Bitmap Heap Scan on sbtest5  (cost=22.08..3639.21 rows=941 width=121)
	  Recheck Cond: ((id >= 8707974) AND (id <= 8708973))
	  ->  Bitmap Index Scan on sbtest5_pkey  (cost=0.00..21.84 rows=941 width=0)
	        Index Cond: ((id >= 8707974) AND (id <= 8708973))

table 6 : explain SELECT c FROM sbtest6 WHERE id BETWEEN 8270076 AND 8271075
	Bitmap Heap Scan on sbtest6  (cost=22.51..3796.74 rows=983 width=121)
	  Recheck Cond: ((id >= 8270076) AND (id <= 8271075))
	  ->  Bitmap Index Scan on sbtest6_pkey  (cost=0.00..22.26 rows=983 width=0)
	        Index Cond: ((id >= 8270076) AND (id <= 8271075))

table 7 : explain SELECT c FROM sbtest7 WHERE id BETWEEN 9182723 AND 9183722
	Bitmap Heap Scan on sbtest7  (cost=23.17..4038.82 rows=1047 width=121)
	  Recheck Cond: ((id >= 9182723) AND (id <= 9183722))
	  ->  Bitmap Index Scan on sbtest7_pkey  (cost=0.00..22.90 rows=1047 width=0)
	        Index Cond: ((id >= 9182723) AND (id <= 9183722))

table 8 : explain SELECT c FROM sbtest8 WHERE id BETWEEN 3234999 AND 3235998
	Bitmap Heap Scan on sbtest8  (cost=27.65..4219.33 rows=1094 width=121)
	  Recheck Cond: ((id >= 3234999) AND (id <= 3235998))
	  ->  Bitmap Index Scan on sbtest8_pkey  (cost=0.00..27.37 rows=1094 width=0)
	        Index Cond: ((id >= 3234999) AND (id <= 3235998))

for: simple_ranges
table 1 : explain SELECT c FROM sbtest1 WHERE id BETWEEN 7579273 AND 7580272
	Bitmap Heap Scan on sbtest1  (cost=22.32..3724.89 rows=964 width=121)
	  Recheck Cond: ((id >= 7579273) AND (id <= 7580272))
	  ->  Bitmap Index Scan on sbtest1_pkey  (cost=0.00..22.07 rows=964 width=0)
	        Index Cond: ((id >= 7579273) AND (id <= 7580272))

table 2 : explain SELECT c FROM sbtest2 WHERE id BETWEEN 6786253 AND 6787252
	Bitmap Heap Scan on sbtest2  (cost=23.22..4055.88 rows=1052 width=121)
	  Recheck Cond: ((id >= 6786253) AND (id <= 6787252))
	  ->  Bitmap Index Scan on sbtest2_pkey  (cost=0.00..22.95 rows=1052 width=0)
	        Index Cond: ((id >= 6786253) AND (id <= 6787252))

table 3 : explain SELECT c FROM sbtest3 WHERE id BETWEEN 9643579 AND 9644578
	Bitmap Heap Scan on sbtest3  (cost=22.86..3924.34 rows=1017 width=121)
	  Recheck Cond: ((id >= 9643579) AND (id <= 9644578))
	  ->  Bitmap Index Scan on sbtest3_pkey  (cost=0.00..22.61 rows=1017 width=0)
	        Index Cond: ((id >= 9643579) AND (id <= 9644578))

table 4 : explain SELECT c FROM sbtest4 WHERE id BETWEEN 1515118 AND 1516117
	Bitmap Heap Scan on sbtest4  (cost=22.75..3882.91 rows=1006 width=121)
	  Recheck Cond: ((id >= 1515118) AND (id <= 1516117))
	  ->  Bitmap Index Scan on sbtest4_pkey  (cost=0.00..22.50 rows=1006 width=0)
	        Index Cond: ((id >= 1515118) AND (id <= 1516117))

table 5 : explain SELECT c FROM sbtest5 WHERE id BETWEEN 7127689 AND 7128688
	Bitmap Heap Scan on sbtest5  (cost=28.16..4403.10 rows=1144 width=121)
	  Recheck Cond: ((id >= 7127689) AND (id <= 7128688))
	  ->  Bitmap Index Scan on sbtest5_pkey  (cost=0.00..27.87 rows=1144 width=0)
	        Index Cond: ((id >= 7127689) AND (id <= 7128688))

table 6 : explain SELECT c FROM sbtest6 WHERE id BETWEEN 1045414 AND 1046413
	Bitmap Heap Scan on sbtest6  (cost=23.16..4033.85 rows=1046 width=121)
	  Recheck Cond: ((id >= 1045414) AND (id <= 1046413))
	  ->  Bitmap Index Scan on sbtest6_pkey  (cost=0.00..22.89 rows=1046 width=0)
	        Index Cond: ((id >= 1045414) AND (id <= 1046413))

table 7 : explain SELECT c FROM sbtest7 WHERE id BETWEEN 5772023 AND 5773022
	Bitmap Heap Scan on sbtest7  (cost=21.58..3454.26 rows=892 width=121)
	  Recheck Cond: ((id >= 5772023) AND (id <= 5773022))
	  ->  Bitmap Index Scan on sbtest7_pkey  (cost=0.00..21.36 rows=892 width=0)
	        Index Cond: ((id >= 5772023) AND (id <= 5773022))

table 8 : explain SELECT c FROM sbtest8 WHERE id BETWEEN 8623873 AND 8624872
	Bitmap Heap Scan on sbtest8  (cost=22.21..3688.35 rows=954 width=121)
	  Recheck Cond: ((id >= 8623873) AND (id <= 8624872))
	  ->  Bitmap Index Scan on sbtest8_pkey  (cost=0.00..21.97 rows=954 width=0)
	        Index Cond: ((id >= 8623873) AND (id <= 8624872))

for point_selects
table 1 : explain SELECT c FROM sbtest1 WHERE id=1703688
	Index Scan using sbtest1_pkey on sbtest1  (cost=0.43..8.45 rows=1 width=121)
	  Index Cond: (id = 1703688)

table 2 : explain SELECT c FROM sbtest2 WHERE id=6431928
	Index Scan using sbtest2_pkey on sbtest2  (cost=0.43..8.45 rows=1 width=121)
	  Index Cond: (id = 6431928)

table 3 : explain SELECT c FROM sbtest3 WHERE id=6796924
	Index Scan using sbtest3_pkey on sbtest3  (cost=0.43..8.45 rows=1 width=121)
	  Index Cond: (id = 6796924)

table 4 : explain SELECT c FROM sbtest4 WHERE id=1061881
	Index Scan using sbtest4_pkey on sbtest4  (cost=0.43..8.45 rows=1 width=121)
	  Index Cond: (id = 1061881)

table 5 : explain SELECT c FROM sbtest5 WHERE id=2114612
	Index Scan using sbtest5_pkey on sbtest5  (cost=0.43..8.45 rows=1 width=121)
	  Index Cond: (id = 2114612)

table 6 : explain SELECT c FROM sbtest6 WHERE id=7707561
	Index Scan using sbtest6_pkey on sbtest6  (cost=0.43..8.45 rows=1 width=121)
	  Index Cond: (id = 7707561)

table 7 : explain SELECT c FROM sbtest7 WHERE id=1773148
	Index Scan using sbtest7_pkey on sbtest7  (cost=0.43..8.45 rows=1 width=121)
	  Index Cond: (id = 1773148)

table 8 : explain SELECT c FROM sbtest8 WHERE id=1328625
	Index Scan using sbtest8_pkey on sbtest8  (cost=0.43..8.45 rows=1 width=121)
	  Index Cond: (id = 1328625)

for: simple_ranges
table 1 : explain SELECT c FROM sbtest1 WHERE id BETWEEN 791255 AND 792254
	Bitmap Heap Scan on sbtest1  (cost=22.37..3743.74 rows=969 width=121)
	  Recheck Cond: ((id >= 791255) AND (id <= 792254))
	  ->  Bitmap Index Scan on sbtest1_pkey  (cost=0.00..22.12 rows=969 width=0)
	        Index Cond: ((id >= 791255) AND (id <= 792254))

table 2 : explain SELECT c FROM sbtest2 WHERE id BETWEEN 7723219 AND 7724218
	Bitmap Heap Scan on sbtest2  (cost=22.48..3784.96 rows=980 width=121)
	  Recheck Cond: ((id >= 7723219) AND (id <= 7724218))
	  ->  Bitmap Index Scan on sbtest2_pkey  (cost=0.00..22.23 rows=980 width=0)
	        Index Cond: ((id >= 7723219) AND (id <= 7724218))

table 3 : explain SELECT c FROM sbtest3 WHERE id BETWEEN 8551091 AND 8552090
	Bitmap Heap Scan on sbtest3  (cost=22.43..3766.19 rows=975 width=121)
	  Recheck Cond: ((id >= 8551091) AND (id <= 8552090))
	  ->  Bitmap Index Scan on sbtest3_pkey  (cost=0.00..22.18 rows=975 width=0)
	        Index Cond: ((id >= 8551091) AND (id <= 8552090))

table 4 : explain SELECT c FROM sbtest4 WHERE id BETWEEN 7074489 AND 7075488
	Bitmap Heap Scan on sbtest4  (cost=22.17..3671.91 rows=950 width=121)
	  Recheck Cond: ((id >= 7074489) AND (id <= 7075488))
	  ->  Bitmap Index Scan on sbtest4_pkey  (cost=0.00..21.93 rows=950 width=0)
	        Index Cond: ((id >= 7074489) AND (id <= 7075488))

table 5 : explain SELECT c FROM sbtest5 WHERE id BETWEEN 1643471 AND 1644470
	Bitmap Heap Scan on sbtest5  (cost=22.96..3963.35 rows=1027 width=121)
	  Recheck Cond: ((id >= 1643471) AND (id <= 1644470))
	  ->  Bitmap Index Scan on sbtest5_pkey  (cost=0.00..22.70 rows=1027 width=0)
	        Index Cond: ((id >= 1643471) AND (id <= 1644470))

table 6 : explain SELECT c FROM sbtest6 WHERE id BETWEEN 6951901 AND 6952900
	Bitmap Heap Scan on sbtest6  (cost=22.50..3792.97 rows=982 width=121)
	  Recheck Cond: ((id >= 6951901) AND (id <= 6952900))
	  ->  Bitmap Index Scan on sbtest6_pkey  (cost=0.00..22.25 rows=982 width=0)
	        Index Cond: ((id >= 6951901) AND (id <= 6952900))

table 7 : explain SELECT c FROM sbtest7 WHERE id BETWEEN 8229220 AND 8230219
	Bitmap Heap Scan on sbtest7  (cost=22.68..3861.90 rows=1000 width=121)
	  Recheck Cond: ((id >= 8229220) AND (id <= 8230219))
	  ->  Bitmap Index Scan on sbtest7_pkey  (cost=0.00..22.43 rows=1000 width=0)
	        Index Cond: ((id >= 8229220) AND (id <= 8230219))

table 8 : explain SELECT c FROM sbtest8 WHERE id BETWEEN 2856174 AND 2857173
	Bitmap Heap Scan on sbtest8  (cost=22.26..3707.22 rows=959 width=121)
	  Recheck Cond: ((id >= 2856174) AND (id <= 2857173))
	  ->  Bitmap Index Scan on sbtest8_pkey  (cost=0.00..22.02 rows=959 width=0)
	        Index Cond: ((id >= 2856174) AND (id <= 2857173))

for point_selects
table 1 : explain SELECT c FROM sbtest1 WHERE id=9907020
	Index Scan using sbtest1_pkey on sbtest1  (cost=0.43..8.45 rows=1 width=121)
	  Index Cond: (id = 9907020)

table 2 : explain SELECT c FROM sbtest2 WHERE id=469754
	Index Scan using sbtest2_pkey on sbtest2  (cost=0.43..8.45 rows=1 width=121)
	  Index Cond: (id = 469754)

table 3 : explain SELECT c FROM sbtest3 WHERE id=4967239
	Index Scan using sbtest3_pkey on sbtest3  (cost=0.43..8.45 rows=1 width=121)
	  Index Cond: (id = 4967239)

table 4 : explain SELECT c FROM sbtest4 WHERE id=1778471
	Index Scan using sbtest4_pkey on sbtest4  (cost=0.43..8.45 rows=1 width=121)
	  Index Cond: (id = 1778471)

table 5 : explain SELECT c FROM sbtest5 WHERE id=1607855
	Index Scan using sbtest5_pkey on sbtest5  (cost=0.43..8.45 rows=1 width=121)
	  Index Cond: (id = 1607855)

table 6 : explain SELECT c FROM sbtest6 WHERE id=7397449
	Index Scan using sbtest6_pkey on sbtest6  (cost=0.43..8.45 rows=1 width=121)
	  Index Cond: (id = 7397449)

table 7 : explain SELECT c FROM sbtest7 WHERE id=9720978
	Index Scan using sbtest7_pkey on sbtest7  (cost=0.43..8.45 rows=1 width=121)
	  Index Cond: (id = 9720978)

table 8 : explain SELECT c FROM sbtest8 WHERE id=3002949
	Index Scan using sbtest8_pkey on sbtest8  (cost=0.43..8.45 rows=1 width=121)
	  Index Cond: (id = 3002949)

for point_selects
table 1 : explain SELECT c FROM sbtest1 WHERE id=1434814
	Index Scan using sbtest1_pkey on sbtest1  (cost=0.43..8.45 rows=1 width=121)
	  Index Cond: (id = 1434814)

table 2 : explain SELECT c FROM sbtest2 WHERE id=3204799
	Index Scan using sbtest2_pkey on sbtest2  (cost=0.43..8.45 rows=1 width=121)
	  Index Cond: (id = 3204799)

table 3 : explain SELECT c FROM sbtest3 WHERE id=776539
	Index Scan using sbtest3_pkey on sbtest3  (cost=0.43..8.45 rows=1 width=121)
	  Index Cond: (id = 776539)

table 4 : explain SELECT c FROM sbtest4 WHERE id=7211316
	Index Scan using sbtest4_pkey on sbtest4  (cost=0.43..8.45 rows=1 width=121)
	  Index Cond: (id = 7211316)

table 5 : explain SELECT c FROM sbtest5 WHERE id=6485370
	Index Scan using sbtest5_pkey on sbtest5  (cost=0.43..8.45 rows=1 width=121)
	  Index Cond: (id = 6485370)

table 6 : explain SELECT c FROM sbtest6 WHERE id=7132568
	Index Scan using sbtest6_pkey on sbtest6  (cost=0.43..8.45 rows=1 width=121)
	  Index Cond: (id = 7132568)

table 7 : explain SELECT c FROM sbtest7 WHERE id=6258979
	Index Scan using sbtest7_pkey on sbtest7  (cost=0.43..8.45 rows=1 width=121)
	  Index Cond: (id = 6258979)

table 8 : explain SELECT c FROM sbtest8 WHERE id=3384700
	Index Scan using sbtest8_pkey on sbtest8  (cost=0.43..8.45 rows=1 width=121)
	  Index Cond: (id = 3384700)

for point_selects
table 1 : explain SELECT c FROM sbtest1 WHERE id=3721399
	Index Scan using sbtest1_pkey on sbtest1  (cost=0.43..8.45 rows=1 width=121)
	  Index Cond: (id = 3721399)

table 2 : explain SELECT c FROM sbtest2 WHERE id=2638117
	Index Scan using sbtest2_pkey on sbtest2  (cost=0.43..8.45 rows=1 width=121)
	  Index Cond: (id = 2638117)

table 3 : explain SELECT c FROM sbtest3 WHERE id=3171434
	Index Scan using sbtest3_pkey on sbtest3  (cost=0.43..8.45 rows=1 width=121)
	  Index Cond: (id = 3171434)

table 4 : explain SELECT c FROM sbtest4 WHERE id=1113503
	Index Scan using sbtest4_pkey on sbtest4  (cost=0.43..8.45 rows=1 width=121)
	  Index Cond: (id = 1113503)

table 5 : explain SELECT c FROM sbtest5 WHERE id=7377018
	Index Scan using sbtest5_pkey on sbtest5  (cost=0.43..8.45 rows=1 width=121)
	  Index Cond: (id = 7377018)

table 6 : explain SELECT c FROM sbtest6 WHERE id=2223762
	Index Scan using sbtest6_pkey on sbtest6  (cost=0.43..8.45 rows=1 width=121)
	  Index Cond: (id = 2223762)

table 7 : explain SELECT c FROM sbtest7 WHERE id=3987595
	Index Scan using sbtest7_pkey on sbtest7  (cost=0.43..8.45 rows=1 width=121)
	  Index Cond: (id = 3987595)

table 8 : explain SELECT c FROM sbtest8 WHERE id=2419048
	Index Scan using sbtest8_pkey on sbtest8  (cost=0.43..8.45 rows=1 width=121)
	  Index Cond: (id = 2419048)

explain: for point_selects :: explain SELECT c FROM sbtest%u WHERE id=%u
for: simple_ranges
table 1 : explain SELECT c FROM sbtest1 WHERE id BETWEEN 608026 AND 609025
	Bitmap Heap Scan on sbtest1  (cost=21.68..3490.90 rows=902 width=121)
	  Recheck Cond: ((id >= 608026) AND (id <= 609025))
	  ->  Bitmap Index Scan on sbtest1_pkey  (cost=0.00..21.45 rows=902 width=0)
	        Index Cond: ((id >= 608026) AND (id <= 609025))

table 2 : explain SELECT c FROM sbtest2 WHERE id BETWEEN 307259 AND 308258
	Bitmap Heap Scan on sbtest2  (cost=23.05..3995.73 rows=1036 width=121)
	  Recheck Cond: ((id >= 307259) AND (id <= 308258))
	  ->  Bitmap Index Scan on sbtest2_pkey  (cost=0.00..22.79 rows=1036 width=0)
	        Index Cond: ((id >= 307259) AND (id <= 308258))

table 3 : explain SELECT c FROM sbtest3 WHERE id BETWEEN 9634312 AND 9635311
	Bitmap Heap Scan on sbtest3  (cost=22.86..3924.34 rows=1017 width=121)
	  Recheck Cond: ((id >= 9634312) AND (id <= 9635311))
	  ->  Bitmap Index Scan on sbtest3_pkey  (cost=0.00..22.61 rows=1017 width=0)
	        Index Cond: ((id >= 9634312) AND (id <= 9635311))

table 4 : explain SELECT c FROM sbtest4 WHERE id BETWEEN 7536714 AND 7537713
	Bitmap Heap Scan on sbtest4  (cost=22.67..3856.56 rows=999 width=121)
	  Recheck Cond: ((id >= 7536714) AND (id <= 7537713))
	  ->  Bitmap Index Scan on sbtest4_pkey  (cost=0.00..22.43 rows=999 width=0)
	        Index Cond: ((id >= 7536714) AND (id <= 7537713))

table 5 : explain SELECT c FROM sbtest5 WHERE id BETWEEN 2835410 AND 2836409
	Bitmap Heap Scan on sbtest5  (cost=22.92..3948.29 rows=1023 width=121)
	  Recheck Cond: ((id >= 2835410) AND (id <= 2836409))
	  ->  Bitmap Index Scan on sbtest5_pkey  (cost=0.00..22.66 rows=1023 width=0)
	        Index Cond: ((id >= 2835410) AND (id <= 2836409))

table 6 : explain SELECT c FROM sbtest6 WHERE id BETWEEN 8713315 AND 8714314
	Bitmap Heap Scan on sbtest6  (cost=21.60..3460.87 rows=894 width=121)
	  Recheck Cond: ((id >= 8713315) AND (id <= 8714314))
	  ->  Bitmap Index Scan on sbtest6_pkey  (cost=0.00..21.37 rows=894 width=0)
	        Index Cond: ((id >= 8713315) AND (id <= 8714314))

table 7 : explain SELECT c FROM sbtest7 WHERE id BETWEEN 367465 AND 368464
	Bitmap Heap Scan on sbtest7  (cost=22.68..3861.90 rows=1000 width=121)
	  Recheck Cond: ((id >= 367465) AND (id <= 368464))
	  ->  Bitmap Index Scan on sbtest7_pkey  (cost=0.00..22.43 rows=1000 width=0)
	        Index Cond: ((id >= 367465) AND (id <= 368464))

table 8 : explain SELECT c FROM sbtest8 WHERE id BETWEEN 409211 AND 410210
	Bitmap Heap Scan on sbtest8  (cost=22.04..3624.19 rows=937 width=121)
	  Recheck Cond: ((id >= 409211) AND (id <= 410210))
	  ->  Bitmap Index Scan on sbtest8_pkey  (cost=0.00..21.80 rows=937 width=0)
	        Index Cond: ((id >= 409211) AND (id <= 410210))

for: sum_ranges
table 1 : explain SELECT SUM(k) FROM sbtest1 WHERE id BETWEEN 9471814 AND 9472813
	Aggregate  (cost=3493.15..3493.16 rows=1 width=8)
	  ->  Bitmap Heap Scan on sbtest1  (cost=21.68..3490.90 rows=902 width=4)
	        Recheck Cond: ((id >= 9471814) AND (id <= 9472813))
	        ->  Bitmap Index Scan on sbtest1_pkey  (cost=0.00..21.45 rows=902 width=0)
	              Index Cond: ((id >= 9471814) AND (id <= 9472813))

table 2 : explain SELECT SUM(k) FROM sbtest2 WHERE id BETWEEN 3076752 AND 3077751
	Aggregate  (cost=3787.41..3787.42 rows=1 width=8)
	  ->  Bitmap Heap Scan on sbtest2  (cost=22.48..3784.96 rows=980 width=4)
	        Recheck Cond: ((id >= 3076752) AND (id <= 3077751))
	        ->  Bitmap Index Scan on sbtest2_pkey  (cost=0.00..22.23 rows=980 width=0)
	              Index Cond: ((id >= 3076752) AND (id <= 3077751))

table 3 : explain SELECT SUM(k) FROM sbtest3 WHERE id BETWEEN 4782579 AND 4783578
	Aggregate  (cost=3583.70..3583.71 rows=1 width=8)
	  ->  Bitmap Heap Scan on sbtest3  (cost=21.93..3581.39 rows=926 width=4)
	        Recheck Cond: ((id >= 4782579) AND (id <= 4783578))
	        ->  Bitmap Index Scan on sbtest3_pkey  (cost=0.00..21.69 rows=926 width=0)
	              Index Cond: ((id >= 4782579) AND (id <= 4783578))

table 4 : explain SELECT SUM(k) FROM sbtest4 WHERE id BETWEEN 8852968 AND 8853967
	Aggregate  (cost=4062.32..4062.33 rows=1 width=8)
	  ->  Bitmap Heap Scan on sbtest4  (cost=23.23..4059.68 rows=1053 width=4)
	        Recheck Cond: ((id >= 8852968) AND (id <= 8853967))
	        ->  Bitmap Index Scan on sbtest4_pkey  (cost=0.00..22.96 rows=1053 width=0)
	              Index Cond: ((id >= 8852968) AND (id <= 8853967))

table 5 : explain SELECT SUM(k) FROM sbtest5 WHERE id BETWEEN 2640728 AND 2641727
	Aggregate  (cost=4101.41..4101.42 rows=1 width=8)
	  ->  Bitmap Heap Scan on sbtest5  (cost=23.33..4098.75 rows=1063 width=4)
	        Recheck Cond: ((id >= 2640728) AND (id <= 2641727))
	        ->  Bitmap Index Scan on sbtest5_pkey  (cost=0.00..23.07 rows=1063 width=0)
	              Index Cond: ((id >= 2640728) AND (id <= 2641727))

table 6 : explain SELECT SUM(k) FROM sbtest6 WHERE id BETWEEN 7587004 AND 7588003
	Aggregate  (cost=4164.31..4164.32 rows=1 width=8)
	  ->  Bitmap Heap Scan on sbtest6  (cost=23.50..4161.61 rows=1080 width=4)
	        Recheck Cond: ((id >= 7587004) AND (id <= 7588003))
	        ->  Bitmap Index Scan on sbtest6_pkey  (cost=0.00..23.23 rows=1080 width=0)
	              Index Cond: ((id >= 7587004) AND (id <= 7588003))

table 7 : explain SELECT SUM(k) FROM sbtest7 WHERE id BETWEEN 3051606 AND 3052605
	Aggregate  (cost=4079.07..4079.08 rows=1 width=8)
	  ->  Bitmap Heap Scan on sbtest7  (cost=23.27..4076.43 rows=1057 width=4)
	        Recheck Cond: ((id >= 3051606) AND (id <= 3052605))
	        ->  Bitmap Index Scan on sbtest7_pkey  (cost=0.00..23.00 rows=1057 width=0)
	              Index Cond: ((id >= 3051606) AND (id <= 3052605))

table 8 : explain SELECT SUM(k) FROM sbtest8 WHERE id BETWEEN 7103584 AND 7104583
	Aggregate  (cost=3871.82..3871.83 rows=1 width=8)
	  ->  Bitmap Heap Scan on sbtest8  (cost=22.71..3869.31 rows=1002 width=4)
	        Recheck Cond: ((id >= 7103584) AND (id <= 7104583))
	        ->  Bitmap Index Scan on sbtest8_pkey  (cost=0.00..22.45 rows=1002 width=0)
	              Index Cond: ((id >= 7103584) AND (id <= 7104583))

for: simple_ranges
table 1 : explain SELECT c FROM sbtest1 WHERE id BETWEEN 2754028 AND 2755027
	Bitmap Heap Scan on sbtest1  (cost=22.82..3909.46 rows=1013 width=121)
	  Recheck Cond: ((id >= 2754028) AND (id <= 2755027))
	  ->  Bitmap Index Scan on sbtest1_pkey  (cost=0.00..22.57 rows=1013 width=0)
	        Index Cond: ((id >= 2754028) AND (id <= 2755027))

table 2 : explain SELECT c FROM sbtest2 WHERE id BETWEEN 3181379 AND 3182378
	Bitmap Heap Scan on sbtest2  (cost=22.63..3841.45 rows=995 width=121)
	  Recheck Cond: ((id >= 3181379) AND (id <= 3182378))
	  ->  Bitmap Index Scan on sbtest2_pkey  (cost=0.00..22.39 rows=995 width=0)
	        Index Cond: ((id >= 3181379) AND (id <= 3182378))

table 3 : explain SELECT c FROM sbtest3 WHERE id BETWEEN 7847247 AND 7848246
	Bitmap Heap Scan on sbtest3  (cost=22.48..3785.03 rows=980 width=121)
	  Recheck Cond: ((id >= 7847247) AND (id <= 7848246))
	  ->  Bitmap Index Scan on sbtest3_pkey  (cost=0.00..22.23 rows=980 width=0)
	        Index Cond: ((id >= 7847247) AND (id <= 7848246))

table 4 : explain SELECT c FROM sbtest4 WHERE id BETWEEN 5872006 AND 5873005
	Bitmap Heap Scan on sbtest4  (cost=22.30..3717.16 rows=962 width=121)
	  Recheck Cond: ((id >= 5872006) AND (id <= 5873005))
	  ->  Bitmap Index Scan on sbtest4_pkey  (cost=0.00..22.05 rows=962 width=0)
	        Index Cond: ((id >= 5872006) AND (id <= 5873005))

table 5 : explain SELECT c FROM sbtest5 WHERE id BETWEEN 2605738 AND 2606737
	Bitmap Heap Scan on sbtest5  (cost=23.33..4098.75 rows=1063 width=121)
	  Recheck Cond: ((id >= 2605738) AND (id <= 2606737))
	  ->  Bitmap Index Scan on sbtest5_pkey  (cost=0.00..23.07 rows=1063 width=0)
	        Index Cond: ((id >= 2605738) AND (id <= 2606737))

table 6 : explain SELECT c FROM sbtest6 WHERE id BETWEEN 9055541 AND 9056540
	Bitmap Heap Scan on sbtest6  (cost=22.87..3928.53 rows=1018 width=121)
	  Recheck Cond: ((id >= 9055541) AND (id <= 9056540))
	  ->  Bitmap Index Scan on sbtest6_pkey  (cost=0.00..22.61 rows=1018 width=0)
	        Index Cond: ((id >= 9055541) AND (id <= 9056540))

table 7 : explain SELECT c FROM sbtest7 WHERE id BETWEEN 8535112 AND 8536111
	Bitmap Heap Scan on sbtest7  (cost=22.92..3948.52 rows=1023 width=121)
	  Recheck Cond: ((id >= 8535112) AND (id <= 8536111))
	  ->  Bitmap Index Scan on sbtest7_pkey  (cost=0.00..22.66 rows=1023 width=0)
	        Index Cond: ((id >= 8535112) AND (id <= 8536111))

table 8 : explain SELECT c FROM sbtest8 WHERE id BETWEEN 2310600 AND 2311599
	Bitmap Heap Scan on sbtest8  (cost=22.77..3891.91 rows=1008 width=121)
	  Recheck Cond: ((id >= 2310600) AND (id <= 2311599))
	  ->  Bitmap Index Scan on sbtest8_pkey  (cost=0.00..22.51 rows=1008 width=0)
	        Index Cond: ((id >= 2310600) AND (id <= 2311599))

for: sum_ranges
table 1 : explain SELECT SUM(k) FROM sbtest1 WHERE id BETWEEN 7609472 AND 7610471
	Aggregate  (cost=3727.30..3727.31 rows=1 width=8)
	  ->  Bitmap Heap Scan on sbtest1  (cost=22.32..3724.89 rows=964 width=4)
	        Recheck Cond: ((id >= 7609472) AND (id <= 7610471))
	        ->  Bitmap Index Scan on sbtest1_pkey  (cost=0.00..22.07 rows=964 width=0)
	              Index Cond: ((id >= 7609472) AND (id <= 7610471))

table 2 : explain SELECT SUM(k) FROM sbtest2 WHERE id BETWEEN 7101332 AND 7102331
	Aggregate  (cost=3911.74..3911.75 rows=1 width=8)
	  ->  Bitmap Heap Scan on sbtest2  (cost=22.82..3909.21 rows=1013 width=4)
	        Recheck Cond: ((id >= 7101332) AND (id <= 7102331))
	        ->  Bitmap Index Scan on sbtest2_pkey  (cost=0.00..22.57 rows=1013 width=0)
	              Index Cond: ((id >= 7101332) AND (id <= 7102331))

table 3 : explain SELECT SUM(k) FROM sbtest3 WHERE id BETWEEN 2540591 AND 2541590
	Aggregate  (cost=4378.08..4378.09 rows=1 width=8)
	  ->  Bitmap Heap Scan on sbtest3  (cost=28.09..4375.24 rows=1137 width=4)
	        Recheck Cond: ((id >= 2540591) AND (id <= 2541590))
	        ->  Bitmap Index Scan on sbtest3_pkey  (cost=0.00..27.80 rows=1137 width=0)
	              Index Cond: ((id >= 2540591) AND (id <= 2541590))

table 4 : explain SELECT SUM(k) FROM sbtest4 WHERE id BETWEEN 4863122 AND 4864121
	Aggregate  (cost=3572.34..3572.35 rows=1 width=8)
	  ->  Bitmap Heap Scan on sbtest4  (cost=21.90..3570.03 rows=923 width=4)
	        Recheck Cond: ((id >= 4863122) AND (id <= 4864121))
	        ->  Bitmap Index Scan on sbtest4_pkey  (cost=0.00..21.66 rows=923 width=0)
	              Index Cond: ((id >= 4863122) AND (id <= 4864121))

table 5 : explain SELECT SUM(k) FROM sbtest5 WHERE id BETWEEN 5483781 AND 5484780
	Aggregate  (cost=3950.85..3950.86 rows=1 width=8)
	  ->  Bitmap Heap Scan on sbtest5  (cost=22.92..3948.29 rows=1023 width=4)
	        Recheck Cond: ((id >= 5483781) AND (id <= 5484780))
	        ->  Bitmap Index Scan on sbtest5_pkey  (cost=0.00..22.66 rows=1023 width=0)
	              Index Cond: ((id >= 5483781) AND (id <= 5484780))

table 6 : explain SELECT SUM(k) FROM sbtest6 WHERE id BETWEEN 6143591 AND 6144590
	Aggregate  (cost=4070.32..4070.33 rows=1 width=8)
	  ->  Bitmap Heap Scan on sbtest6  (cost=23.25..4067.68 rows=1055 width=4)
	        Recheck Cond: ((id >= 6143591) AND (id <= 6144590))
	        ->  Bitmap Index Scan on sbtest6_pkey  (cost=0.00..22.98 rows=1055 width=0)
	              Index Cond: ((id >= 6143591) AND (id <= 6144590))

table 7 : explain SELECT SUM(k) FROM sbtest7 WHERE id BETWEEN 9599838 AND 9600837
	Aggregate  (cost=4398.72..4398.73 rows=1 width=8)
	  ->  Bitmap Heap Scan on sbtest7  (cost=28.14..4395.86 rows=1142 width=4)
	        Recheck Cond: ((id >= 9599838) AND (id <= 9600837))
	        ->  Bitmap Index Scan on sbtest7_pkey  (cost=0.00..27.86 rows=1142 width=0)
	              Index Cond: ((id >= 9599838) AND (id <= 9600837))

table 8 : explain SELECT SUM(k) FROM sbtest8 WHERE id BETWEEN 6977588 AND 6978587
	Aggregate  (cost=3913.27..3913.28 rows=1 width=8)
	  ->  Bitmap Heap Scan on sbtest8  (cost=22.82..3910.74 rows=1013 width=4)
	        Recheck Cond: ((id >= 6977588) AND (id <= 6978587))
	        ->  Bitmap Index Scan on sbtest8_pkey  (cost=0.00..22.57 rows=1013 width=0)
	              Index Cond: ((id >= 6977588) AND (id <= 6978587))

for: sum_ranges
table 1 : explain SELECT SUM(k) FROM sbtest1 WHERE id BETWEEN 7560690 AND 7561689
	Aggregate  (cost=4070.06..4070.07 rows=1 width=8)
	  ->  Bitmap Heap Scan on sbtest1  (cost=23.25..4067.42 rows=1055 width=4)
	        Recheck Cond: ((id >= 7560690) AND (id <= 7561689))
	        ->  Bitmap Index Scan on sbtest1_pkey  (cost=0.00..22.98 rows=1055 width=0)
	              Index Cond: ((id >= 7560690) AND (id <= 7561689))

table 2 : explain SELECT SUM(k) FROM sbtest2 WHERE id BETWEEN 6253156 AND 6254155
	Aggregate  (cost=3828.87..3828.88 rows=1 width=8)
	  ->  Bitmap Heap Scan on sbtest2  (cost=22.59..3826.39 rows=991 width=4)
	        Recheck Cond: ((id >= 6253156) AND (id <= 6254155))
	        ->  Bitmap Index Scan on sbtest2_pkey  (cost=0.00..22.34 rows=991 width=0)
	              Index Cond: ((id >= 6253156) AND (id <= 6254155))

table 3 : explain SELECT SUM(k) FROM sbtest3 WHERE id BETWEEN 6647361 AND 6648360
	Aggregate  (cost=3806.33..3806.34 rows=1 width=8)
	  ->  Bitmap Heap Scan on sbtest3  (cost=22.53..3803.87 rows=985 width=4)
	        Recheck Cond: ((id >= 6647361) AND (id <= 6648360))
	        ->  Bitmap Index Scan on sbtest3_pkey  (cost=0.00..22.29 rows=985 width=0)
	              Index Cond: ((id >= 6647361) AND (id <= 6648360))

table 4 : explain SELECT SUM(k) FROM sbtest4 WHERE id BETWEEN 4460708 AND 4461707
	Aggregate  (cost=4152.54..4152.55 rows=1 width=8)
	  ->  Bitmap Heap Scan on sbtest4  (cost=23.47..4149.84 rows=1077 width=4)
	        Recheck Cond: ((id >= 4460708) AND (id <= 4461707))
	        ->  Bitmap Index Scan on sbtest4_pkey  (cost=0.00..23.20 rows=1077 width=0)
	              Index Cond: ((id >= 4460708) AND (id <= 4461707))

table 5 : explain SELECT SUM(k) FROM sbtest5 WHERE id BETWEEN 6113899 AND 6114898
	Aggregate  (cost=3603.78..3603.79 rows=1 width=8)
	  ->  Bitmap Heap Scan on sbtest5  (cost=21.98..3601.45 rows=931 width=4)
	        Recheck Cond: ((id >= 6113899) AND (id <= 6114898))
	        ->  Bitmap Index Scan on sbtest5_pkey  (cost=0.00..21.75 rows=931 width=0)
	              Index Cond: ((id >= 6113899) AND (id <= 6114898))

table 6 : explain SELECT SUM(k) FROM sbtest6 WHERE id BETWEEN 3324795 AND 3325794
	Aggregate  (cost=3769.03..3769.04 rows=1 width=8)
	  ->  Bitmap Heap Scan on sbtest6  (cost=22.43..3766.59 rows=975 width=4)
	        Recheck Cond: ((id >= 3324795) AND (id <= 3325794))
	        ->  Bitmap Index Scan on sbtest6_pkey  (cost=0.00..22.18 rows=975 width=0)
	              Index Cond: ((id >= 3324795) AND (id <= 3325794))

table 7 : explain SELECT SUM(k) FROM sbtest7 WHERE id BETWEEN 6378262 AND 6379261
	Aggregate  (cost=4139.26..4139.27 rows=1 width=8)
	  ->  Bitmap Heap Scan on sbtest7  (cost=23.43..4136.58 rows=1073 width=4)
	        Recheck Cond: ((id >= 6378262) AND (id <= 6379261))
	        ->  Bitmap Index Scan on sbtest7_pkey  (cost=0.00..23.16 rows=1073 width=0)
	              Index Cond: ((id >= 6378262) AND (id <= 6379261))

table 8 : explain SELECT SUM(k) FROM sbtest8 WHERE id BETWEEN 2802832 AND 2803831
	Aggregate  (cost=3709.61..3709.62 rows=1 width=8)
	  ->  Bitmap Heap Scan on sbtest8  (cost=22.26..3707.22 rows=959 width=4)
	        Recheck Cond: ((id >= 2802832) AND (id <= 2803831))
	        ->  Bitmap Index Scan on sbtest8_pkey  (cost=0.00..22.02 rows=959 width=0)
	              Index Cond: ((id >= 2802832) AND (id <= 2803831))

for: simple_ranges
table 1 : explain SELECT c FROM sbtest1 WHERE id BETWEEN 9578515 AND 9579514
	Bitmap Heap Scan on sbtest1  (cost=21.79..3532.45 rows=913 width=121)
	  Recheck Cond: ((id >= 9578515) AND (id <= 9579514))
	  ->  Bitmap Index Scan on sbtest1_pkey  (cost=0.00..21.57 rows=913 width=0)
	        Index Cond: ((id >= 9578515) AND (id <= 9579514))

table 2 : explain SELECT c FROM sbtest2 WHERE id BETWEEN 7276647 AND 7277646
	Bitmap Heap Scan on sbtest2  (cost=23.59..4191.09 rows=1088 width=121)
	  Recheck Cond: ((id >= 7276647) AND (id <= 7277646))
	  ->  Bitmap Index Scan on sbtest2_pkey  (cost=0.00..23.32 rows=1088 width=0)
	        Index Cond: ((id >= 7276647) AND (id <= 7277646))

table 3 : explain SELECT c FROM sbtest3 WHERE id BETWEEN 6296750 AND 6297749
	Bitmap Heap Scan on sbtest3  (cost=22.87..3928.11 rows=1018 width=121)
	  Recheck Cond: ((id >= 6296750) AND (id <= 6297749))
	  ->  Bitmap Index Scan on sbtest3_pkey  (cost=0.00..22.61 rows=1018 width=0)
	        Index Cond: ((id >= 6296750) AND (id <= 6297749))

table 4 : explain SELECT c FROM sbtest4 WHERE id BETWEEN 650219 AND 651218
	Bitmap Heap Scan on sbtest4  (cost=21.99..3604.00 rows=932 width=121)
	  Recheck Cond: ((id >= 650219) AND (id <= 651218))
	  ->  Bitmap Index Scan on sbtest4_pkey  (cost=0.00..21.75 rows=932 width=0)
	        Index Cond: ((id >= 650219) AND (id <= 651218))

table 5 : explain SELECT c FROM sbtest5 WHERE id BETWEEN 7598241 AND 7599240
	Bitmap Heap Scan on sbtest5  (cost=22.30..3718.45 rows=962 width=121)
	  Recheck Cond: ((id >= 7598241) AND (id <= 7599240))
	  ->  Bitmap Index Scan on sbtest5_pkey  (cost=0.00..22.05 rows=962 width=0)
	        Index Cond: ((id >= 7598241) AND (id <= 7599240))

table 6 : explain SELECT c FROM sbtest6 WHERE id BETWEEN 9354600 AND 9355599
	Bitmap Heap Scan on sbtest6  (cost=22.78..3894.66 rows=1009 width=121)
	  Recheck Cond: ((id >= 9354600) AND (id <= 9355599))
	  ->  Bitmap Index Scan on sbtest6_pkey  (cost=0.00..22.52 rows=1009 width=0)
	        Index Cond: ((id >= 9354600) AND (id <= 9355599))

table 7 : explain SELECT c FROM sbtest7 WHERE id BETWEEN 9905730 AND 9906729
	Bitmap Heap Scan on sbtest7  (cost=22.62..3839.30 rows=994 width=121)
	  Recheck Cond: ((id >= 9905730) AND (id <= 9906729))
	  ->  Bitmap Index Scan on sbtest7_pkey  (cost=0.00..22.37 rows=994 width=0)
	        Index Cond: ((id >= 9905730) AND (id <= 9906729))

table 8 : explain SELECT c FROM sbtest8 WHERE id BETWEEN 7648478 AND 7649477
	Bitmap Heap Scan on sbtest8  (cost=23.00..3978.50 rows=1031 width=121)
	  Recheck Cond: ((id >= 7648478) AND (id <= 7649477))
	  ->  Bitmap Index Scan on sbtest8_pkey  (cost=0.00..22.75 rows=1031 width=0)
	        Index Cond: ((id >= 7648478) AND (id <= 7649477))

for: sum_ranges
table 1 : explain SELECT SUM(k) FROM sbtest1 WHERE id BETWEEN 112141 AND 113140
	Aggregate  (cost=3904.46..3904.47 rows=1 width=8)
	  ->  Bitmap Heap Scan on sbtest1  (cost=22.80..3901.94 rows=1011 width=4)
	        Recheck Cond: ((id >= 112141) AND (id <= 113140))
	        ->  Bitmap Index Scan on sbtest1_pkey  (cost=0.00..22.54 rows=1011 width=0)
	              Index Cond: ((id >= 112141) AND (id <= 113140))

table 2 : explain SELECT SUM(k) FROM sbtest2 WHERE id BETWEEN 3059247 AND 3060246
	Aggregate  (cost=3787.41..3787.42 rows=1 width=8)
	  ->  Bitmap Heap Scan on sbtest2  (cost=22.48..3784.96 rows=980 width=4)
	        Recheck Cond: ((id >= 3059247) AND (id <= 3060246))
	        ->  Bitmap Index Scan on sbtest2_pkey  (cost=0.00..22.23 rows=980 width=0)
	              Index Cond: ((id >= 3059247) AND (id <= 3060246))

table 3 : explain SELECT SUM(k) FROM sbtest3 WHERE id BETWEEN 5521283 AND 5522282
	Aggregate  (cost=3828.94..3828.95 rows=1 width=8)
	  ->  Bitmap Heap Scan on sbtest3  (cost=22.59..3826.47 rows=991 width=4)
	        Recheck Cond: ((id >= 5521283) AND (id <= 5522282))
	        ->  Bitmap Index Scan on sbtest3_pkey  (cost=0.00..22.34 rows=991 width=0)
	              Index Cond: ((id >= 5521283) AND (id <= 5522282))

table 4 : explain SELECT SUM(k) FROM sbtest4 WHERE id BETWEEN 3310037 AND 3311036
	Aggregate  (cost=3432.47..3432.48 rows=1 width=8)
	  ->  Bitmap Heap Scan on sbtest4  (cost=21.52..3430.26 rows=886 width=4)
	        Recheck Cond: ((id >= 3310037) AND (id <= 3311036))
	        ->  Bitmap Index Scan on sbtest4_pkey  (cost=0.00..21.29 rows=886 width=0)
	              Index Cond: ((id >= 3310037) AND (id <= 3311036))

table 5 : explain SELECT SUM(k) FROM sbtest5 WHERE id BETWEEN 1353193 AND 1354192
	Aggregate  (cost=3641.56..3641.57 rows=1 width=8)
	  ->  Bitmap Heap Scan on sbtest5  (cost=22.08..3639.21 rows=941 width=4)
	        Recheck Cond: ((id >= 1353193) AND (id <= 1354192))
	        ->  Bitmap Index Scan on sbtest5_pkey  (cost=0.00..21.84 rows=941 width=0)
	              Index Cond: ((id >= 1353193) AND (id <= 1354192))

table 6 : explain SELECT SUM(k) FROM sbtest6 WHERE id BETWEEN 4214895 AND 4215894
	Aggregate  (cost=3791.65..3791.66 rows=1 width=8)
	  ->  Bitmap Heap Scan on sbtest6  (cost=22.49..3789.20 rows=981 width=4)
	        Recheck Cond: ((id >= 4214895) AND (id <= 4215894))
	        ->  Bitmap Index Scan on sbtest6_pkey  (cost=0.00..22.25 rows=981 width=0)
	              Index Cond: ((id >= 4214895) AND (id <= 4215894))

table 7 : explain SELECT SUM(k) FROM sbtest7 WHERE id BETWEEN 7382279 AND 7383278
	Aggregate  (cost=4379.96..4379.97 rows=1 width=8)
	  ->  Bitmap Heap Scan on sbtest7  (cost=28.09..4377.11 rows=1137 width=4)
	        Recheck Cond: ((id >= 7382279) AND (id <= 7383278))
	        ->  Bitmap Index Scan on sbtest7_pkey  (cost=0.00..27.80 rows=1137 width=0)
	              Index Cond: ((id >= 7382279) AND (id <= 7383278))

table 8 : explain SELECT SUM(k) FROM sbtest8 WHERE id BETWEEN 5925280 AND 5926279
	Aggregate  (cost=3717.16..3717.17 rows=1 width=8)
	  ->  Bitmap Heap Scan on sbtest8  (cost=22.29..3714.76 rows=961 width=4)
	        Recheck Cond: ((id >= 5925280) AND (id <= 5926279))
	        ->  Bitmap Index Scan on sbtest8_pkey  (cost=0.00..22.04 rows=961 width=0)
	              Index Cond: ((id >= 5925280) AND (id <= 5926279))

explain: for point_selects :: explain SELECT c FROM sbtest%u WHERE id=%u
explain: for point_selects :: explain SELECT c FROM sbtest%u WHERE id=%u
for point_selects
table 1 : explain SELECT c FROM sbtest1 WHERE id=6640010
	Index Scan using sbtest1_pkey on sbtest1  (cost=0.43..8.45 rows=1 width=121)
	  Index Cond: (id = 6640010)

table 2 : explain SELECT c FROM sbtest2 WHERE id=8715559
	Index Scan using sbtest2_pkey on sbtest2  (cost=0.43..8.45 rows=1 width=121)
	  Index Cond: (id = 8715559)

table 3 : explain SELECT c FROM sbtest3 WHERE id=4521855
	Index Scan using sbtest3_pkey on sbtest3  (cost=0.43..8.45 rows=1 width=121)
	  Index Cond: (id = 4521855)

table 4 : explain SELECT c FROM sbtest4 WHERE id=6930329
	Index Scan using sbtest4_pkey on sbtest4  (cost=0.43..8.45 rows=1 width=121)
	  Index Cond: (id = 6930329)

table 5 : explain SELECT c FROM sbtest5 WHERE id=8518152
	Index Scan using sbtest5_pkey on sbtest5  (cost=0.43..8.45 rows=1 width=121)
	  Index Cond: (id = 8518152)

table 6 : explain SELECT c FROM sbtest6 WHERE id=4336863
	Index Scan using sbtest6_pkey on sbtest6  (cost=0.43..8.45 rows=1 width=121)
	  Index Cond: (id = 4336863)

table 7 : explain SELECT c FROM sbtest7 WHERE id=4962337
	Index Scan using sbtest7_pkey on sbtest7  (cost=0.43..8.45 rows=1 width=121)
	  Index Cond: (id = 4962337)

table 8 : explain SELECT c FROM sbtest8 WHERE id=3202618
	Index Scan using sbtest8_pkey on sbtest8  (cost=0.43..8.45 rows=1 width=121)
	  Index Cond: (id = 3202618)

for: order_ranges
table 1 : explain SELECT c FROM sbtest1 WHERE id BETWEEN 7743779 AND 7744778 ORDER BY c
	Sort  (cost=3994.42..3996.97 rows=1022 width=121)
	  Sort Key: c
	  ->  Bitmap Heap Scan on sbtest1  (cost=22.91..3943.33 rows=1022 width=121)
	        Recheck Cond: ((id >= 7743779) AND (id <= 7744778))
	        ->  Bitmap Index Scan on sbtest1_pkey  (cost=0.00..22.65 rows=1022 width=0)
	              Index Cond: ((id >= 7743779) AND (id <= 7744778))

table 2 : explain SELECT c FROM sbtest2 WHERE id BETWEEN 7312350 AND 7313349 ORDER BY c
	Sort  (cost=4245.97..4248.69 rows=1088 width=121)
	  Sort Key: c
	  ->  Bitmap Heap Scan on sbtest2  (cost=23.59..4191.09 rows=1088 width=121)
	        Recheck Cond: ((id >= 7312350) AND (id <= 7313349))
	        ->  Bitmap Index Scan on sbtest2_pkey  (cost=0.00..23.32 rows=1088 width=0)
	              Index Cond: ((id >= 7312350) AND (id <= 7313349))

table 3 : explain SELECT c FROM sbtest3 WHERE id BETWEEN 3372735 AND 3373734 ORDER BY c
	Sort  (cost=3845.19..3847.65 rows=983 width=121)
	  Sort Key: c
	  ->  Bitmap Heap Scan on sbtest3  (cost=22.51..3796.33 rows=983 width=121)
	        Recheck Cond: ((id >= 3372735) AND (id <= 3373734))
	        ->  Bitmap Index Scan on sbtest3_pkey  (cost=0.00..22.26 rows=983 width=0)
	              Index Cond: ((id >= 3372735) AND (id <= 3373734))

table 4 : explain SELECT c FROM sbtest4 WHERE id BETWEEN 2792976 AND 2793975 ORDER BY c
	Sort  (cost=4127.81..4130.45 rows=1057 width=121)
	  Sort Key: c
	  ->  Bitmap Heap Scan on sbtest4  (cost=23.27..4074.72 rows=1057 width=121)
	        Recheck Cond: ((id >= 2792976) AND (id <= 2793975))
	        ->  Bitmap Index Scan on sbtest4_pkey  (cost=0.00..23.00 rows=1057 width=0)
	              Index Cond: ((id >= 2792976) AND (id <= 2793975))

table 5 : explain SELECT c FROM sbtest5 WHERE id BETWEEN 6271145 AND 6272144 ORDER BY c
	Sort  (cost=3919.16..3921.67 rows=1002 width=121)
	  Sort Key: c
	  ->  Bitmap Heap Scan on sbtest5  (cost=22.71..3869.22 rows=1002 width=121)
	        Recheck Cond: ((id >= 6271145) AND (id <= 6272144))
	        ->  Bitmap Index Scan on sbtest5_pkey  (cost=0.00..22.45 rows=1002 width=0)
	              Index Cond: ((id >= 6271145) AND (id <= 6272144))

table 6 : explain SELECT c FROM sbtest6 WHERE id BETWEEN 2988094 AND 2989093 ORDER BY c
	Sort  (cost=4029.04..4031.62 rows=1031 width=121)
	  Sort Key: c
	  ->  Bitmap Heap Scan on sbtest6  (cost=23.00..3977.44 rows=1031 width=121)
	        Recheck Cond: ((id >= 2988094) AND (id <= 2989093))
	        ->  Bitmap Index Scan on sbtest6_pkey  (cost=0.00..22.75 rows=1031 width=0)
	              Index Cond: ((id >= 2988094) AND (id <= 2989093))

table 7 : explain SELECT c FROM sbtest7 WHERE id BETWEEN 67202 AND 68201 ORDER BY c
	Sort  (cost=3394.31..3396.47 rows=865 width=121)
	  Sort Key: c
	  ->  Bitmap Heap Scan on sbtest7  (cost=21.30..3352.11 rows=865 width=121)
	        Recheck Cond: ((id >= 67202) AND (id <= 68201))
	        ->  Bitmap Index Scan on sbtest7_pkey  (cost=0.00..21.08 rows=865 width=0)
	              Index Cond: ((id >= 67202) AND (id <= 68201))

table 8 : explain SELECT c FROM sbtest8 WHERE id BETWEEN 4485545 AND 4486544 ORDER BY c
	Sort  (cost=3635.95..3638.27 rows=928 width=121)
	  Sort Key: c
	  ->  Bitmap Heap Scan on sbtest8  (cost=21.95..3590.21 rows=928 width=121)
	        Recheck Cond: ((id >= 4485545) AND (id <= 4486544))
	        ->  Bitmap Index Scan on sbtest8_pkey  (cost=0.00..21.71 rows=928 width=0)
	              Index Cond: ((id >= 4485545) AND (id <= 4486544))

explain: for point_selects :: explain SELECT c FROM sbtest%u WHERE id=%u
explain: for point_selects :: explain SELECT c FROM sbtest%u WHERE id=%u
explain: for point_selects :: explain SELECT c FROM sbtest%u WHERE id=%u
for: sum_ranges
table 1 : explain SELECT SUM(k) FROM sbtest1 WHERE id BETWEEN 9905722 AND 9906721
	Aggregate  (cost=3795.18..3795.19 rows=1 width=8)
	  ->  Bitmap Heap Scan on sbtest1  (cost=22.50..3792.73 rows=982 width=4)
	        Recheck Cond: ((id >= 9905722) AND (id <= 9906721))
	        ->  Bitmap Index Scan on sbtest1_pkey  (cost=0.00..22.25 rows=982 width=0)
	              Index Cond: ((id >= 9905722) AND (id <= 9906721))

table 2 : explain SELECT SUM(k) FROM sbtest2 WHERE id BETWEEN 7667474 AND 7668473
	Aggregate  (cost=3787.41..3787.42 rows=1 width=8)
	  ->  Bitmap Heap Scan on sbtest2  (cost=22.48..3784.96 rows=980 width=4)
	        Recheck Cond: ((id >= 7667474) AND (id <= 7668473))
	        ->  Bitmap Index Scan on sbtest2_pkey  (cost=0.00..22.23 rows=980 width=0)
	              Index Cond: ((id >= 7667474) AND (id <= 7668473))

table 3 : explain SELECT SUM(k) FROM sbtest3 WHERE id BETWEEN 1718700 AND 1719699
	Aggregate  (cost=3851.55..3851.56 rows=1 width=8)
	  ->  Bitmap Heap Scan on sbtest3  (cost=22.65..3849.06 rows=997 width=4)
	        Recheck Cond: ((id >= 1718700) AND (id <= 1719699))
	        ->  Bitmap Index Scan on sbtest3_pkey  (cost=0.00..22.40 rows=997 width=0)
	              Index Cond: ((id >= 1718700) AND (id <= 1719699))

table 4 : explain SELECT SUM(k) FROM sbtest4 WHERE id BETWEEN 5638394 AND 5639393
	Aggregate  (cost=3836.45..3836.46 rows=1 width=8)
	  ->  Bitmap Heap Scan on sbtest4  (cost=22.61..3833.97 rows=993 width=4)
	        Recheck Cond: ((id >= 5638394) AND (id <= 5639393))
	        ->  Bitmap Index Scan on sbtest4_pkey  (cost=0.00..22.36 rows=993 width=0)
	              Index Cond: ((id >= 5638394) AND (id <= 5639393))

table 5 : explain SELECT SUM(k) FROM sbtest5 WHERE id BETWEEN 9299527 AND 9300526
	Aggregate  (cost=3849.11..3849.12 rows=1 width=8)
	  ->  Bitmap Heap Scan on sbtest5  (cost=22.64..3846.62 rows=996 width=4)
	        Recheck Cond: ((id >= 9299527) AND (id <= 9300526))
	        ->  Bitmap Index Scan on sbtest5_pkey  (cost=0.00..22.39 rows=996 width=0)
	              Index Cond: ((id >= 9299527) AND (id <= 9300526))

table 6 : explain SELECT SUM(k) FROM sbtest6 WHERE id BETWEEN 8936332 AND 8937331
	Aggregate  (cost=3753.94..3753.95 rows=1 width=8)
	  ->  Bitmap Heap Scan on sbtest6  (cost=22.39..3751.51 rows=971 width=4)
	        Recheck Cond: ((id >= 8936332) AND (id <= 8937331))
	        ->  Bitmap Index Scan on sbtest6_pkey  (cost=0.00..22.14 rows=971 width=0)
	              Index Cond: ((id >= 8936332) AND (id <= 8937331))

table 7 : explain SELECT SUM(k) FROM sbtest7 WHERE id BETWEEN 1305575 AND 1306574
	Aggregate  (cost=3603.97..3603.98 rows=1 width=8)
	  ->  Bitmap Heap Scan on sbtest7  (cost=21.98..3601.65 rows=931 width=4)
	        Recheck Cond: ((id >= 1305575) AND (id <= 1306574))
	        ->  Bitmap Index Scan on sbtest7_pkey  (cost=0.00..21.75 rows=931 width=0)
	              Index Cond: ((id >= 1305575) AND (id <= 1306574))

table 8 : explain SELECT SUM(k) FROM sbtest8 WHERE id BETWEEN 7529541 AND 7530540
	Aggregate  (cost=3509.35..3509.36 rows=1 width=8)
	  ->  Bitmap Heap Scan on sbtest8  (cost=21.72..3507.09 rows=906 width=4)
	        Recheck Cond: ((id >= 7529541) AND (id <= 7530540))
	        ->  Bitmap Index Scan on sbtest8_pkey  (cost=0.00..21.50 rows=906 width=0)
	              Index Cond: ((id >= 7529541) AND (id <= 7530540))

for: simple_ranges
table 1 : explain SELECT c FROM sbtest1 WHERE id BETWEEN 1042593 AND 1043592
	Bitmap Heap Scan on sbtest1  (cost=22.09..3641.92 rows=942 width=121)
	  Recheck Cond: ((id >= 1042593) AND (id <= 1043592))
	  ->  Bitmap Index Scan on sbtest1_pkey  (cost=0.00..21.86 rows=942 width=0)
	        Index Cond: ((id >= 1042593) AND (id <= 1043592))

table 2 : explain SELECT c FROM sbtest2 WHERE id BETWEEN 5544508 AND 5545507
	Bitmap Heap Scan on sbtest2  (cost=22.04..3622.83 rows=937 width=121)
	  Recheck Cond: ((id >= 5544508) AND (id <= 5545507))
	  ->  Bitmap Index Scan on sbtest2_pkey  (cost=0.00..21.80 rows=937 width=0)
	        Index Cond: ((id >= 5544508) AND (id <= 5545507))

table 3 : explain SELECT c FROM sbtest3 WHERE id BETWEEN 1396107 AND 1397106
	Bitmap Heap Scan on sbtest3  (cost=22.38..3747.35 rows=970 width=121)
	  Recheck Cond: ((id >= 1396107) AND (id <= 1397106))
	  ->  Bitmap Index Scan on sbtest3_pkey  (cost=0.00..22.14 rows=970 width=0)
	        Index Cond: ((id >= 1396107) AND (id <= 1397106))

table 4 : explain SELECT c FROM sbtest4 WHERE id BETWEEN 2422638 AND 2423637
	Bitmap Heap Scan on sbtest4  (cost=22.44..3769.93 rows=976 width=121)
	  Recheck Cond: ((id >= 2422638) AND (id <= 2423637))
	  ->  Bitmap Index Scan on sbtest4_pkey  (cost=0.00..22.19 rows=976 width=0)
	        Index Cond: ((id >= 2422638) AND (id <= 2423637))

table 5 : explain SELECT c FROM sbtest5 WHERE id BETWEEN 6163493 AND 6164492
	Bitmap Heap Scan on sbtest5  (cost=21.98..3601.45 rows=931 width=121)
	  Recheck Cond: ((id >= 6163493) AND (id <= 6164492))
	  ->  Bitmap Index Scan on sbtest5_pkey  (cost=0.00..21.75 rows=931 width=0)
	        Index Cond: ((id >= 6163493) AND (id <= 6164492))

table 6 : explain SELECT c FROM sbtest6 WHERE id BETWEEN 9889611 AND 9890610
	Bitmap Heap Scan on sbtest6  (cost=22.02..3615.73 rows=935 width=121)
	  Recheck Cond: ((id >= 9889611) AND (id <= 9890610))
	  ->  Bitmap Index Scan on sbtest6_pkey  (cost=0.00..21.79 rows=935 width=0)
	        Index Cond: ((id >= 9889611) AND (id <= 9890610))

table 7 : explain SELECT c FROM sbtest7 WHERE id BETWEEN 3820539 AND 3821538
	Bitmap Heap Scan on sbtest7  (cost=23.13..4023.78 rows=1043 width=121)
	  Recheck Cond: ((id >= 3820539) AND (id <= 3821538))
	  ->  Bitmap Index Scan on sbtest7_pkey  (cost=0.00..22.86 rows=1043 width=0)
	        Index Cond: ((id >= 3820539) AND (id <= 3821538))

table 8 : explain SELECT c FROM sbtest8 WHERE id BETWEEN 1625680 AND 1626679
	Bitmap Heap Scan on sbtest8  (cost=22.57..3820.33 rows=989 width=121)
	  Recheck Cond: ((id >= 1625680) AND (id <= 1626679))
	  ->  Bitmap Index Scan on sbtest8_pkey  (cost=0.00..22.32 rows=989 width=0)
	        Index Cond: ((id >= 1625680) AND (id <= 1626679))

for: sum_ranges
table 1 : explain SELECT SUM(k) FROM sbtest1 WHERE id BETWEEN 7002068 AND 7003067
	Aggregate  (cost=3930.82..3930.83 rows=1 width=8)
	  ->  Bitmap Heap Scan on sbtest1  (cost=22.87..3928.28 rows=1018 width=4)
	        Recheck Cond: ((id >= 7002068) AND (id <= 7003067))
	        ->  Bitmap Index Scan on sbtest1_pkey  (cost=0.00..22.61 rows=1018 width=0)
	              Index Cond: ((id >= 7002068) AND (id <= 7003067))

table 2 : explain SELECT SUM(k) FROM sbtest2 WHERE id BETWEEN 7383088 AND 7384087
	Aggregate  (cost=3549.63..3549.64 rows=1 width=8)
	  ->  Bitmap Heap Scan on sbtest2  (cost=21.83..3547.34 rows=917 width=4)
	        Recheck Cond: ((id >= 7383088) AND (id <= 7384087))
	        ->  Bitmap Index Scan on sbtest2_pkey  (cost=0.00..21.61 rows=917 width=0)
	              Index Cond: ((id >= 7383088) AND (id <= 7384087))

table 3 : explain SELECT SUM(k) FROM sbtest3 WHERE id BETWEEN 2242939 AND 2243938
	Aggregate  (cost=3779.94..3779.95 rows=1 width=8)
	  ->  Bitmap Heap Scan on sbtest3  (cost=22.46..3777.49 rows=978 width=4)
	        Recheck Cond: ((id >= 2242939) AND (id <= 2243938))
	        ->  Bitmap Index Scan on sbtest3_pkey  (cost=0.00..22.21 rows=978 width=0)
	              Index Cond: ((id >= 2242939) AND (id <= 2243938))

table 4 : explain SELECT SUM(k) FROM sbtest4 WHERE id BETWEEN 6300371 AND 6301370
	Aggregate  (cost=3847.75..3847.76 rows=1 width=8)
	  ->  Bitmap Heap Scan on sbtest4  (cost=22.64..3845.26 rows=996 width=4)
	        Recheck Cond: ((id >= 6300371) AND (id <= 6301370))
	        ->  Bitmap Index Scan on sbtest4_pkey  (cost=0.00..22.39 rows=996 width=0)
	              Index Cond: ((id >= 6300371) AND (id <= 6301370))

table 5 : explain SELECT SUM(k) FROM sbtest5 WHERE id BETWEEN 7896427 AND 7897426
	Aggregate  (cost=4387.20..4387.21 rows=1 width=8)
	  ->  Bitmap Heap Scan on sbtest5  (cost=28.11..4384.35 rows=1139 width=4)
	        Recheck Cond: ((id >= 7896427) AND (id <= 7897426))
	        ->  Bitmap Index Scan on sbtest5_pkey  (cost=0.00..27.82 rows=1139 width=0)
	              Index Cond: ((id >= 7896427) AND (id <= 7897426))

table 6 : explain SELECT SUM(k) FROM sbtest6 WHERE id BETWEEN 9336899 AND 9337898
	Aggregate  (cost=3897.18..3897.19 rows=1 width=8)
	  ->  Bitmap Heap Scan on sbtest6  (cost=22.78..3894.66 rows=1009 width=4)
	        Recheck Cond: ((id >= 9336899) AND (id <= 9337898))
	        ->  Bitmap Index Scan on sbtest6_pkey  (cost=0.00..22.52 rows=1009 width=0)
	              Index Cond: ((id >= 9336899) AND (id <= 9337898))

table 7 : explain SELECT SUM(k) FROM sbtest7 WHERE id BETWEEN 8766026 AND 8767025
	Aggregate  (cost=4048.97..4048.98 rows=1 width=8)
	  ->  Bitmap Heap Scan on sbtest7  (cost=23.19..4046.35 rows=1049 width=4)
	        Recheck Cond: ((id >= 8766026) AND (id <= 8767025))
	        ->  Bitmap Index Scan on sbtest7_pkey  (cost=0.00..22.93 rows=1049 width=0)
	              Index Cond: ((id >= 8766026) AND (id <= 8767025))

table 8 : explain SELECT SUM(k) FROM sbtest8 WHERE id BETWEEN 5582198 AND 5583197
	Aggregate  (cost=3954.71..3954.72 rows=1 width=8)
	  ->  Bitmap Heap Scan on sbtest8  (cost=22.93..3952.15 rows=1024 width=4)
	        Recheck Cond: ((id >= 5582198) AND (id <= 5583197))
	        ->  Bitmap Index Scan on sbtest8_pkey  (cost=0.00..22.68 rows=1024 width=0)
	              Index Cond: ((id >= 5582198) AND (id <= 5583197))

for: sum_ranges
table 1 : explain SELECT SUM(k) FROM sbtest1 WHERE id BETWEEN 2024917 AND 2025916
	Aggregate  (cost=3821.57..3821.58 rows=1 width=8)
	  ->  Bitmap Heap Scan on sbtest1  (cost=22.57..3819.10 rows=989 width=4)
	        Recheck Cond: ((id >= 2024917) AND (id <= 2025916))
	        ->  Bitmap Index Scan on sbtest1_pkey  (cost=0.00..22.32 rows=989 width=0)
	              Index Cond: ((id >= 2024917) AND (id <= 2025916))

table 2 : explain SELECT SUM(k) FROM sbtest2 WHERE id BETWEEN 5528759 AND 5529758
	Aggregate  (cost=3523.18..3523.19 rows=1 width=8)
	  ->  Bitmap Heap Scan on sbtest2  (cost=21.76..3520.90 rows=910 width=4)
	        Recheck Cond: ((id >= 5528759) AND (id <= 5529758))
	        ->  Bitmap Index Scan on sbtest2_pkey  (cost=0.00..21.54 rows=910 width=0)
	              Index Cond: ((id >= 5528759) AND (id <= 5529758))

table 3 : explain SELECT SUM(k) FROM sbtest3 WHERE id BETWEEN 7716494 AND 7717493
	Aggregate  (cost=3583.70..3583.71 rows=1 width=8)
	  ->  Bitmap Heap Scan on sbtest3  (cost=21.93..3581.39 rows=926 width=4)
	        Recheck Cond: ((id >= 7716494) AND (id <= 7717493))
	        ->  Bitmap Index Scan on sbtest3_pkey  (cost=0.00..21.69 rows=926 width=0)
	              Index Cond: ((id >= 7716494) AND (id <= 7717493))

table 4 : explain SELECT SUM(k) FROM sbtest4 WHERE id BETWEEN 6111575 AND 6112574
	Aggregate  (cost=3685.61..3685.62 rows=1 width=8)
	  ->  Bitmap Heap Scan on sbtest4  (cost=22.20..3683.23 rows=953 width=4)
	        Recheck Cond: ((id >= 6111575) AND (id <= 6112574))
	        ->  Bitmap Index Scan on sbtest4_pkey  (cost=0.00..21.96 rows=953 width=0)
	              Index Cond: ((id >= 6111575) AND (id <= 6112574))

table 5 : explain SELECT SUM(k) FROM sbtest5 WHERE id BETWEEN 6906392 AND 6907391
	Aggregate  (cost=3996.04..3996.05 rows=1 width=8)
	  ->  Bitmap Heap Scan on sbtest5  (cost=23.04..3993.45 rows=1035 width=4)
	        Recheck Cond: ((id >= 6906392) AND (id <= 6907391))
	        ->  Bitmap Index Scan on sbtest5_pkey  (cost=0.00..22.79 rows=1035 width=0)
	              Index Cond: ((id >= 6906392) AND (id <= 6907391))

table 6 : explain SELECT SUM(k) FROM sbtest6 WHERE id BETWEEN 946954 AND 947953
	Aggregate  (cost=3625.62..3625.63 rows=1 width=8)
	  ->  Bitmap Heap Scan on sbtest6  (cost=22.04..3623.28 rows=937 width=4)
	        Recheck Cond: ((id >= 946954) AND (id <= 947953))
	        ->  Bitmap Index Scan on sbtest6_pkey  (cost=0.00..21.80 rows=937 width=0)
	              Index Cond: ((id >= 946954) AND (id <= 947953))

table 7 : explain SELECT SUM(k) FROM sbtest7 WHERE id BETWEEN 7132575 AND 7133574
	Aggregate  (cost=3868.17..3868.18 rows=1 width=8)
	  ->  Bitmap Heap Scan on sbtest7  (cost=22.70..3865.67 rows=1001 width=4)
	        Recheck Cond: ((id >= 7132575) AND (id <= 7133574))
	        ->  Bitmap Index Scan on sbtest7_pkey  (cost=0.00..22.44 rows=1001 width=0)
	              Index Cond: ((id >= 7132575) AND (id <= 7133574))

table 8 : explain SELECT SUM(k) FROM sbtest8 WHERE id BETWEEN 4715028 AND 4716027
	Aggregate  (cost=3683.19..3683.20 rows=1 width=8)
	  ->  Bitmap Heap Scan on sbtest8  (cost=22.19..3680.81 rows=952 width=4)
	        Recheck Cond: ((id >= 4715028) AND (id <= 4716027))
	        ->  Bitmap Index Scan on sbtest8_pkey  (cost=0.00..21.95 rows=952 width=0)
	              Index Cond: ((id >= 4715028) AND (id <= 4716027))

for: distinct_ranges
table 1 : explain SELECT DISTINCT c FROM sbtest1 WHERE id BETWEEN 1098458 AND 1099457 ORDER BY c
	Unique  (cost=3688.45..3693.16 rows=942 width=121)
	  ->  Sort  (cost=3688.45..3690.81 rows=942 width=121)
	        Sort Key: c
	        ->  Bitmap Heap Scan on sbtest1  (cost=22.09..3641.92 rows=942 width=121)
	              Recheck Cond: ((id >= 1098458) AND (id <= 1099457))
	              ->  Bitmap Index Scan on sbtest1_pkey  (cost=0.00..21.86 rows=942 width=0)
	                    Index Cond: ((id >= 1098458) AND (id <= 1099457))

table 2 : explain SELECT DISTINCT c FROM sbtest2 WHERE id BETWEEN 9493081 AND 9494080 ORDER BY c
	Unique  (cost=3852.77..3857.69 rows=985 width=121)
	  ->  Sort  (cost=3852.77..3855.23 rows=985 width=121)
	        Sort Key: c
	        ->  Bitmap Heap Scan on sbtest2  (cost=22.53..3803.79 rows=985 width=121)
	              Recheck Cond: ((id >= 9493081) AND (id <= 9494080))
	              ->  Bitmap Index Scan on sbtest2_pkey  (cost=0.00..22.29 rows=985 width=0)
	                    Index Cond: ((id >= 9493081) AND (id <= 9494080))

table 3 : explain SELECT DISTINCT c FROM sbtest3 WHERE id BETWEEN 1443090 AND 1444089 ORDER BY c
	Unique  (cost=4082.05..4087.28 rows=1045 width=121)
	  ->  Sort  (cost=4082.05..4084.67 rows=1045 width=121)
	        Sort Key: c
	        ->  Bitmap Heap Scan on sbtest3  (cost=23.15..4029.65 rows=1045 width=121)
	              Recheck Cond: ((id >= 1443090) AND (id <= 1444089))
	              ->  Bitmap Index Scan on sbtest3_pkey  (cost=0.00..22.89 rows=1045 width=0)
	                    Index Cond: ((id >= 1443090) AND (id <= 1444089))

table 4 : explain SELECT DISTINCT c FROM sbtest4 WHERE id BETWEEN 743387 AND 744386 ORDER BY c
	Unique  (cost=4116.36..4121.63 rows=1054 width=121)
	  ->  Sort  (cost=4116.36..4119.00 rows=1054 width=121)
	        Sort Key: c
	        ->  Bitmap Heap Scan on sbtest4  (cost=23.24..4063.44 rows=1054 width=121)
	              Recheck Cond: ((id >= 743387) AND (id <= 744386))
	              ->  Bitmap Index Scan on sbtest4_pkey  (cost=0.00..22.97 rows=1054 width=0)
	                    Index Cond: ((id >= 743387) AND (id <= 744386))

table 5 : explain SELECT DISTINCT c FROM sbtest5 WHERE id BETWEEN 1683893 AND 1684892 ORDER BY c
	Unique  (cost=3976.51..3981.59 rows=1017 width=121)
	  ->  Sort  (cost=3976.51..3979.05 rows=1017 width=121)
	        Sort Key: c
	        ->  Bitmap Heap Scan on sbtest5  (cost=22.86..3925.71 rows=1017 width=121)
	              Recheck Cond: ((id >= 1683893) AND (id <= 1684892))
	              ->  Bitmap Index Scan on sbtest5_pkey  (cost=0.00..22.61 rows=1017 width=0)
	                    Index Cond: ((id >= 1683893) AND (id <= 1684892))

table 6 : explain SELECT DISTINCT c FROM sbtest6 WHERE id BETWEEN 7587322 AND 7588321 ORDER BY c
	Unique  (cost=4216.02..4221.42 rows=1080 width=121)
	  ->  Sort  (cost=4216.02..4218.72 rows=1080 width=121)
	        Sort Key: c
	        ->  Bitmap Heap Scan on sbtest6  (cost=23.50..4161.61 rows=1080 width=121)
	              Recheck Cond: ((id >= 7587322) AND (id <= 7588321))
	              ->  Bitmap Index Scan on sbtest6_pkey  (cost=0.00..23.23 rows=1080 width=0)
	                    Index Cond: ((id >= 7587322) AND (id <= 7588321))

table 7 : explain SELECT DISTINCT c FROM sbtest7 WHERE id BETWEEN 7496283 AND 7497282 ORDER BY c
	Unique  (cost=3999.66..4004.77 rows=1023 width=121)
	  ->  Sort  (cost=3999.66..4002.22 rows=1023 width=121)
	        Sort Key: c
	        ->  Bitmap Heap Scan on sbtest7  (cost=22.92..3948.52 rows=1023 width=121)
	              Recheck Cond: ((id >= 7496283) AND (id <= 7497282))
	              ->  Bitmap Index Scan on sbtest7_pkey  (cost=0.00..22.66 rows=1023 width=0)
	                    Index Cond: ((id >= 7496283) AND (id <= 7497282))

table 8 : explain SELECT DISTINCT c FROM sbtest8 WHERE id BETWEEN 5834649 AND 5835648 ORDER BY c
	Unique  (cost=3999.53..4004.65 rows=1023 width=121)
	  ->  Sort  (cost=3999.53..4002.09 rows=1023 width=121)
	        Sort Key: c
	        ->  Bitmap Heap Scan on sbtest8  (cost=22.92..3948.39 rows=1023 width=121)
	              Recheck Cond: ((id >= 5834649) AND (id <= 5835648))
	              ->  Bitmap Index Scan on sbtest8_pkey  (cost=0.00..22.66 rows=1023 width=0)
	                    Index Cond: ((id >= 5834649) AND (id <= 5835648))

for: order_ranges
table 1 : explain SELECT c FROM sbtest1 WHERE id BETWEEN 5460269 AND 5461268 ORDER BY c
	Sort  (cost=3994.42..3996.97 rows=1022 width=121)
	  Sort Key: c
	  ->  Bitmap Heap Scan on sbtest1  (cost=22.91..3943.33 rows=1022 width=121)
	        Recheck Cond: ((id >= 5460269) AND (id <= 5461268))
	        ->  Bitmap Index Scan on sbtest1_pkey  (cost=0.00..22.65 rows=1022 width=0)
	              Index Cond: ((id >= 5460269) AND (id <= 5461268))

table 2 : explain SELECT c FROM sbtest2 WHERE id BETWEEN 892792 AND 893791 ORDER BY c
	Sort  (cost=4024.71..4027.29 rows=1030 width=121)
	  Sort Key: c
	  ->  Bitmap Heap Scan on sbtest2  (cost=22.99..3973.17 rows=1030 width=121)
	        Recheck Cond: ((id >= 892792) AND (id <= 893791))
	        ->  Bitmap Index Scan on sbtest2_pkey  (cost=0.00..22.73 rows=1030 width=0)
	              Index Cond: ((id >= 892792) AND (id <= 893791))

table 3 : explain SELECT c FROM sbtest3 WHERE id BETWEEN 2209148 AND 2210147 ORDER BY c
	Sort  (cost=3826.07..3828.52 rows=978 width=121)
	  Sort Key: c
	  ->  Bitmap Heap Scan on sbtest3  (cost=22.46..3777.49 rows=978 width=121)
	        Recheck Cond: ((id >= 2209148) AND (id <= 2210147))
	        ->  Bitmap Index Scan on sbtest3_pkey  (cost=0.00..22.21 rows=978 width=0)
	              Index Cond: ((id >= 2209148) AND (id <= 2210147))

table 4 : explain SELECT c FROM sbtest4 WHERE id BETWEEN 3047114 AND 3048113 ORDER BY c
	Sort  (cost=3910.15..3912.65 rows=1000 width=121)
	  Sort Key: c
	  ->  Bitmap Heap Scan on sbtest4  (cost=22.68..3860.32 rows=1000 width=121)
	        Recheck Cond: ((id >= 3047114) AND (id <= 3048113))
	        ->  Bitmap Index Scan on sbtest4_pkey  (cost=0.00..22.43 rows=1000 width=0)
	              Index Cond: ((id >= 3047114) AND (id <= 3048113))

table 5 : explain SELECT c FROM sbtest5 WHERE id BETWEEN 5103787 AND 5104786 ORDER BY c
	Sort  (cost=3842.66..3845.12 rows=982 width=121)
	  Sort Key: c
	  ->  Bitmap Heap Scan on sbtest5  (cost=22.50..3793.86 rows=982 width=121)
	        Recheck Cond: ((id >= 5103787) AND (id <= 5104786))
	        ->  Bitmap Index Scan on sbtest5_pkey  (cost=0.00..22.25 rows=982 width=0)
	              Index Cond: ((id >= 5103787) AND (id <= 5104786))

table 6 : explain SELECT c FROM sbtest6 WHERE id BETWEEN 3221909 AND 3222908 ORDER BY c
	Sort  (cost=4055.77..4058.37 rows=1038 width=121)
	  Sort Key: c
	  ->  Bitmap Heap Scan on sbtest6  (cost=23.07..4003.77 rows=1038 width=121)
	        Recheck Cond: ((id >= 3221909) AND (id <= 3222908))
	        ->  Bitmap Index Scan on sbtest6_pkey  (cost=0.00..22.82 rows=1038 width=0)
	              Index Cond: ((id >= 3221909) AND (id <= 3222908))

table 7 : explain SELECT c FROM sbtest7 WHERE id BETWEEN 2525276 AND 2526275 ORDER BY c
	Sort  (cost=3567.04..3569.31 rows=910 width=121)
	  Sort Key: c
	  ->  Bitmap Heap Scan on sbtest7  (cost=21.76..3522.31 rows=910 width=121)
	        Recheck Cond: ((id >= 2525276) AND (id <= 2526275))
	        ->  Bitmap Index Scan on sbtest7_pkey  (cost=0.00..21.54 rows=910 width=0)
	              Index Cond: ((id >= 2525276) AND (id <= 2526275))

table 8 : explain SELECT c FROM sbtest8 WHERE id BETWEEN 8840416 AND 8841415 ORDER BY c
	Sort  (cost=3593.78..3596.07 rows=917 width=121)
	  Sort Key: c
	  ->  Bitmap Heap Scan on sbtest8  (cost=21.83..3548.66 rows=917 width=121)
	        Recheck Cond: ((id >= 8840416) AND (id <= 8841415))
	        ->  Bitmap Index Scan on sbtest8_pkey  (cost=0.00..21.61 rows=917 width=0)
	              Index Cond: ((id >= 8840416) AND (id <= 8841415))

for: sum_ranges
table 1 : explain SELECT SUM(k) FROM sbtest1 WHERE id BETWEEN 1994400 AND 1995399
	Aggregate  (cost=3821.57..3821.58 rows=1 width=8)
	  ->  Bitmap Heap Scan on sbtest1  (cost=22.57..3819.10 rows=989 width=4)
	        Recheck Cond: ((id >= 1994400) AND (id <= 1995399))
	        ->  Bitmap Index Scan on sbtest1_pkey  (cost=0.00..22.32 rows=989 width=0)
	              Index Cond: ((id >= 1994400) AND (id <= 1995399))

table 2 : explain SELECT SUM(k) FROM sbtest2 WHERE id BETWEEN 9711386 AND 9712385
	Aggregate  (cost=3711.98..3711.99 rows=1 width=8)
	  ->  Bitmap Heap Scan on sbtest2  (cost=22.27..3709.58 rows=960 width=4)
	        Recheck Cond: ((id >= 9711386) AND (id <= 9712385))
	        ->  Bitmap Index Scan on sbtest2_pkey  (cost=0.00..22.04 rows=960 width=0)
	              Index Cond: ((id >= 9711386) AND (id <= 9712385))

table 3 : explain SELECT SUM(k) FROM sbtest3 WHERE id BETWEEN 4042065 AND 4043064
	Aggregate  (cost=3919.35..3919.36 rows=1 width=8)
	  ->  Bitmap Heap Scan on sbtest3  (cost=22.84..3916.82 rows=1015 width=4)
	        Recheck Cond: ((id >= 4042065) AND (id <= 4043064))
	        ->  Bitmap Index Scan on sbtest3_pkey  (cost=0.00..22.58 rows=1015 width=0)
	              Index Cond: ((id >= 4042065) AND (id <= 4043064))

table 4 : explain SELECT SUM(k) FROM sbtest4 WHERE id BETWEEN 6133724 AND 6134723
	Aggregate  (cost=3685.61..3685.62 rows=1 width=8)
	  ->  Bitmap Heap Scan on sbtest4  (cost=22.20..3683.23 rows=953 width=4)
	        Recheck Cond: ((id >= 6133724) AND (id <= 6134723))
	        ->  Bitmap Index Scan on sbtest4_pkey  (cost=0.00..21.96 rows=953 width=0)
	              Index Cond: ((id >= 6133724) AND (id <= 6134723))

table 5 : explain SELECT SUM(k) FROM sbtest5 WHERE id BETWEEN 4492240 AND 4493239
	Aggregate  (cost=3871.72..3871.73 rows=1 width=8)
	  ->  Bitmap Heap Scan on sbtest5  (cost=22.71..3869.22 rows=1002 width=4)
	        Recheck Cond: ((id >= 4492240) AND (id <= 4493239))
	        ->  Bitmap Index Scan on sbtest5_pkey  (cost=0.00..22.45 rows=1002 width=0)
	              Index Cond: ((id >= 4492240) AND (id <= 4493239))

table 6 : explain SELECT SUM(k) FROM sbtest6 WHERE id BETWEEN 8973927 AND 8974926
	Aggregate  (cost=3753.94..3753.95 rows=1 width=8)
	  ->  Bitmap Heap Scan on sbtest6  (cost=22.39..3751.51 rows=971 width=4)
	        Recheck Cond: ((id >= 8973927) AND (id <= 8974926))
	        ->  Bitmap Index Scan on sbtest6_pkey  (cost=0.00..22.14 rows=971 width=0)
	              Index Cond: ((id >= 8973927) AND (id <= 8974926))

table 7 : explain SELECT SUM(k) FROM sbtest7 WHERE id BETWEEN 8385684 AND 8386683
	Aggregate  (cost=3902.09..3902.10 rows=1 width=8)
	  ->  Bitmap Heap Scan on sbtest7  (cost=22.79..3899.57 rows=1010 width=4)
	        Recheck Cond: ((id >= 8385684) AND (id <= 8386683))
	        ->  Bitmap Index Scan on sbtest7_pkey  (cost=0.00..22.54 rows=1010 width=0)
	              Index Cond: ((id >= 8385684) AND (id <= 8386683))

table 8 : explain SELECT SUM(k) FROM sbtest8 WHERE id BETWEEN 2210183 AND 2211182
	Aggregate  (cost=4003.67..4003.68 rows=1 width=8)
	  ->  Bitmap Heap Scan on sbtest8  (cost=23.06..4001.08 rows=1037 width=4)
	        Recheck Cond: ((id >= 2210183) AND (id <= 2211182))
	        ->  Bitmap Index Scan on sbtest8_pkey  (cost=0.00..22.80 rows=1037 width=0)
	              Index Cond: ((id >= 2210183) AND (id <= 2211182))

for: order_ranges
table 1 : explain SELECT c FROM sbtest1 WHERE id BETWEEN 2834326 AND 2835325 ORDER BY c
	Sort  (cost=4185.24..4187.92 rows=1072 width=121)
	  Sort Key: c
	  ->  Bitmap Heap Scan on sbtest1  (cost=23.42..4131.29 rows=1072 width=121)
	        Recheck Cond: ((id >= 2834326) AND (id <= 2835325))
	        ->  Bitmap Index Scan on sbtest1_pkey  (cost=0.00..23.15 rows=1072 width=0)
	              Index Cond: ((id >= 2834326) AND (id <= 2835325))

table 2 : explain SELECT c FROM sbtest2 WHERE id BETWEEN 1733681 AND 1734680 ORDER BY c
	Sort  (cost=4322.44..4325.21 rows=1108 width=121)
	  Sort Key: c
	  ->  Bitmap Heap Scan on sbtest2  (cost=27.79..4266.41 rows=1108 width=121)
	        Recheck Cond: ((id >= 1733681) AND (id <= 1734680))
	        ->  Bitmap Index Scan on sbtest2_pkey  (cost=0.00..27.51 rows=1108 width=0)
	              Index Cond: ((id >= 1733681) AND (id <= 1734680))

table 3 : explain SELECT c FROM sbtest3 WHERE id BETWEEN 3804669 AND 3805668 ORDER BY c
	Sort  (cost=3707.44..3709.81 rows=947 width=121)
	  Sort Key: c
	  ->  Bitmap Heap Scan on sbtest3  (cost=22.14..3660.63 rows=947 width=121)
	        Recheck Cond: ((id >= 3804669) AND (id <= 3805668))
	        ->  Bitmap Index Scan on sbtest3_pkey  (cost=0.00..21.90 rows=947 width=0)
	              Index Cond: ((id >= 3804669) AND (id <= 3805668))

table 4 : explain SELECT c FROM sbtest4 WHERE id BETWEEN 9593112 AND 9594111 ORDER BY c
	Sort  (cost=3806.91..3809.35 rows=973 width=121)
	  Sort Key: c
	  ->  Bitmap Heap Scan on sbtest4  (cost=22.41..3758.62 rows=973 width=121)
	        Recheck Cond: ((id >= 9593112) AND (id <= 9594111))
	        ->  Bitmap Index Scan on sbtest4_pkey  (cost=0.00..22.16 rows=973 width=0)
	              Index Cond: ((id >= 9593112) AND (id <= 9594111))

table 5 : explain SELECT c FROM sbtest5 WHERE id BETWEEN 6759978 AND 6760977 ORDER BY c
	Sort  (cost=3743.14..3745.53 rows=956 width=121)
	  Sort Key: c
	  ->  Bitmap Heap Scan on sbtest5  (cost=22.23..3695.81 rows=956 width=121)
	        Recheck Cond: ((id >= 6759978) AND (id <= 6760977))
	        ->  Bitmap Index Scan on sbtest5_pkey  (cost=0.00..22.00 rows=956 width=0)
	              Index Cond: ((id >= 6759978) AND (id <= 6760977))

table 6 : explain SELECT c FROM sbtest6 WHERE id BETWEEN 8421005 AND 8422004 ORDER BY c
	Sort  (cost=3807.34..3809.77 rows=973 width=121)
	  Sort Key: c
	  ->  Bitmap Heap Scan on sbtest6  (cost=22.41..3759.05 rows=973 width=121)
	        Recheck Cond: ((id >= 8421005) AND (id <= 8422004))
	        ->  Bitmap Index Scan on sbtest6_pkey  (cost=0.00..22.16 rows=973 width=0)
	              Index Cond: ((id >= 8421005) AND (id <= 8422004))

table 7 : explain SELECT c FROM sbtest7 WHERE id BETWEEN 3180041 AND 3181040 ORDER BY c
	Sort  (cost=3609.22..3611.52 rows=921 width=121)
	  Sort Key: c
	  ->  Bitmap Heap Scan on sbtest7  (cost=21.88..3563.88 rows=921 width=121)
	        Recheck Cond: ((id >= 3180041) AND (id <= 3181040))
	        ->  Bitmap Index Scan on sbtest7_pkey  (cost=0.00..21.64 rows=921 width=0)
	              Index Cond: ((id >= 3180041) AND (id <= 3181040))

table 8 : explain SELECT c FROM sbtest8 WHERE id BETWEEN 406951 AND 407950 ORDER BY c
	Sort  (cost=3670.44..3672.78 rows=937 width=121)
	  Sort Key: c
	  ->  Bitmap Heap Scan on sbtest8  (cost=22.04..3624.19 rows=937 width=121)
	        Recheck Cond: ((id >= 406951) AND (id <= 407950))
	        ->  Bitmap Index Scan on sbtest8_pkey  (cost=0.00..21.80 rows=937 width=0)
	              Index Cond: ((id >= 406951) AND (id <= 407950))

for: order_ranges
table 1 : explain SELECT c FROM sbtest1 WHERE id BETWEEN 4484601 AND 4485600 ORDER BY c
	Sort  (cost=3734.40..3736.78 rows=954 width=121)
	  Sort Key: c
	  ->  Bitmap Heap Scan on sbtest1  (cost=22.21..3687.19 rows=954 width=121)
	        Recheck Cond: ((id >= 4484601) AND (id <= 4485600))
	        ->  Bitmap Index Scan on sbtest1_pkey  (cost=0.00..21.97 rows=954 width=0)
	              Index Cond: ((id >= 4484601) AND (id <= 4485600))

table 2 : explain SELECT c FROM sbtest2 WHERE id BETWEEN 4175066 AND 4176065 ORDER BY c
	Sort  (cost=4169.72..4172.39 rows=1068 width=121)
	  Sort Key: c
	  ->  Bitmap Heap Scan on sbtest2  (cost=23.38..4115.99 rows=1068 width=121)
	        Recheck Cond: ((id >= 4175066) AND (id <= 4176065))
	        ->  Bitmap Index Scan on sbtest2_pkey  (cost=0.00..23.11 rows=1068 width=0)
	              Index Cond: ((id >= 4175066) AND (id <= 4176065))

table 3 : explain SELECT c FROM sbtest3 WHERE id BETWEEN 2090956 AND 2091955 ORDER BY c
	Sort  (cost=4017.15..4019.72 rows=1028 width=121)
	  Sort Key: c
	  ->  Bitmap Heap Scan on sbtest3  (cost=22.97..3965.73 rows=1028 width=121)
	        Recheck Cond: ((id >= 2090956) AND (id <= 2091955))
	        ->  Bitmap Index Scan on sbtest3_pkey  (cost=0.00..22.71 rows=1028 width=0)
	              Index Cond: ((id >= 2090956) AND (id <= 2091955))

table 4 : explain SELECT c FROM sbtest4 WHERE id BETWEEN 765224 AND 766223 ORDER BY c
	Sort  (cost=4116.36..4119.00 rows=1054 width=121)
	  Sort Key: c
	  ->  Bitmap Heap Scan on sbtest4  (cost=23.24..4063.44 rows=1054 width=121)
	        Recheck Cond: ((id >= 765224) AND (id <= 766223))
	        ->  Bitmap Index Scan on sbtest4_pkey  (cost=0.00..22.97 rows=1054 width=0)
	              Index Cond: ((id >= 765224) AND (id <= 766223))

table 5 : explain SELECT c FROM sbtest5 WHERE id BETWEEN 6804280 AND 6805279 ORDER BY c
	Sort  (cost=3712.50..3714.87 rows=948 width=121)
	  Sort Key: c
	  ->  Bitmap Heap Scan on sbtest5  (cost=22.15..3665.63 rows=948 width=121)
	        Recheck Cond: ((id >= 6804280) AND (id <= 6805279))
	        ->  Bitmap Index Scan on sbtest5_pkey  (cost=0.00..21.91 rows=948 width=0)
	              Index Cond: ((id >= 6804280) AND (id <= 6805279))

table 6 : explain SELECT c FROM sbtest6 WHERE id BETWEEN 6640160 AND 6641159 ORDER BY c
	Sort  (cost=3769.08..3771.48 rows=963 width=121)
	  Sort Key: c
	  ->  Bitmap Heap Scan on sbtest6  (cost=22.31..3721.35 rows=963 width=121)
	        Recheck Cond: ((id >= 6640160) AND (id <= 6641159))
	        ->  Bitmap Index Scan on sbtest6_pkey  (cost=0.00..22.07 rows=963 width=0)
	              Index Cond: ((id >= 6640160) AND (id <= 6641159))

table 7 : explain SELECT c FROM sbtest7 WHERE id BETWEEN 3348446 AND 3349445 ORDER BY c
	Sort  (cost=4190.59..4193.27 rows=1073 width=121)
	  Sort Key: c
	  ->  Bitmap Heap Scan on sbtest7  (cost=23.43..4136.58 rows=1073 width=121)
	        Recheck Cond: ((id >= 3348446) AND (id <= 3349445))
	        ->  Bitmap Index Scan on sbtest7_pkey  (cost=0.00..23.16 rows=1073 width=0)
	              Index Cond: ((id >= 3348446) AND (id <= 3349445))

table 8 : explain SELECT c FROM sbtest8 WHERE id BETWEEN 5811095 AND 5812094 ORDER BY c
	Sort  (cost=3999.53..4002.09 rows=1023 width=121)
	  Sort Key: c
	  ->  Bitmap Heap Scan on sbtest8  (cost=22.92..3948.39 rows=1023 width=121)
	        Recheck Cond: ((id >= 5811095) AND (id <= 5812094))
	        ->  Bitmap Index Scan on sbtest8_pkey  (cost=0.00..22.66 rows=1023 width=0)
	              Index Cond: ((id >= 5811095) AND (id <= 5812094))

for point_selects
table 1 : explain SELECT c FROM sbtest1 WHERE id=6065350
	Index Scan using sbtest1_pkey on sbtest1  (cost=0.43..8.45 rows=1 width=121)
	  Index Cond: (id = 6065350)

table 2 : explain SELECT c FROM sbtest2 WHERE id=4052336
	Index Scan using sbtest2_pkey on sbtest2  (cost=0.43..8.45 rows=1 width=121)
	  Index Cond: (id = 4052336)

table 3 : explain SELECT c FROM sbtest3 WHERE id=3546154
	Index Scan using sbtest3_pkey on sbtest3  (cost=0.43..8.45 rows=1 width=121)
	  Index Cond: (id = 3546154)

table 4 : explain SELECT c FROM sbtest4 WHERE id=961860
	Index Scan using sbtest4_pkey on sbtest4  (cost=0.43..8.45 rows=1 width=121)
	  Index Cond: (id = 961860)

table 5 : explain SELECT c FROM sbtest5 WHERE id=2910041
	Index Scan using sbtest5_pkey on sbtest5  (cost=0.43..8.45 rows=1 width=121)
	  Index Cond: (id = 2910041)

table 6 : explain SELECT c FROM sbtest6 WHERE id=1838795
	Index Scan using sbtest6_pkey on sbtest6  (cost=0.43..8.45 rows=1 width=121)
	  Index Cond: (id = 1838795)

table 7 : explain SELECT c FROM sbtest7 WHERE id=380269
	Index Scan using sbtest7_pkey on sbtest7  (cost=0.43..8.45 rows=1 width=121)
	  Index Cond: (id = 380269)

table 8 : explain SELECT c FROM sbtest8 WHERE id=7101828
	Index Scan using sbtest8_pkey on sbtest8  (cost=0.43..8.45 rows=1 width=121)
	  Index Cond: (id = 7101828)

explain: for point_selects :: explain SELECT c FROM sbtest%u WHERE id=%u
for: order_ranges
table 1 : explain SELECT c FROM sbtest1 WHERE id BETWEEN 1879495 AND 1880494 ORDER BY c
	Sort  (cost=4150.92..4153.57 rows=1063 width=121)
	  Sort Key: c
	  ->  Bitmap Heap Scan on sbtest1  (cost=23.33..4097.48 rows=1063 width=121)
	        Recheck Cond: ((id >= 1879495) AND (id <= 1880494))
	        ->  Bitmap Index Scan on sbtest1_pkey  (cost=0.00..23.07 rows=1063 width=0)
	              Index Cond: ((id >= 1879495) AND (id <= 1880494))

table 2 : explain SELECT c FROM sbtest2 WHERE id BETWEEN 742923 AND 743922 ORDER BY c
	Sort  (cost=4150.65..4153.30 rows=1063 width=121)
	  Sort Key: c
	  ->  Bitmap Heap Scan on sbtest2  (cost=23.33..4097.21 rows=1063 width=121)
	        Recheck Cond: ((id >= 742923) AND (id <= 743922))
	        ->  Bitmap Index Scan on sbtest2_pkey  (cost=0.00..23.07 rows=1063 width=0)
	              Index Cond: ((id >= 742923) AND (id <= 743922))

table 3 : explain SELECT c FROM sbtest3 WHERE id BETWEEN 6684091 AND 6685090 ORDER BY c
	Sort  (cost=3270.14..3272.22 rows=833 width=121)
	  Sort Key: c
	  ->  Bitmap Heap Scan on sbtest3  (cost=20.97..3229.73 rows=833 width=121)
	        Recheck Cond: ((id >= 6684091) AND (id <= 6685090))
	        ->  Bitmap Index Scan on sbtest3_pkey  (cost=0.00..20.76 rows=833 width=0)
	              Index Cond: ((id >= 6684091) AND (id <= 6685090))

table 4 : explain SELECT c FROM sbtest4 WHERE id BETWEEN 9491200 AND 9492199 ORDER BY c
	Sort  (cost=3948.37..3950.89 rows=1010 width=121)
	  Sort Key: c
	  ->  Bitmap Heap Scan on sbtest4  (cost=22.79..3897.97 rows=1010 width=121)
	        Recheck Cond: ((id >= 9491200) AND (id <= 9492199))
	        ->  Bitmap Index Scan on sbtest4_pkey  (cost=0.00..22.54 rows=1010 width=0)
	              Index Cond: ((id >= 9491200) AND (id <= 9492199))

table 5 : explain SELECT c FROM sbtest5 WHERE id BETWEEN 3460124 AND 3461123 ORDER BY c
	Sort  (cost=3896.22..3898.71 rows=996 width=121)
	  Sort Key: c
	  ->  Bitmap Heap Scan on sbtest5  (cost=22.64..3846.62 rows=996 width=121)
	        Recheck Cond: ((id >= 3460124) AND (id <= 3461123))
	        ->  Bitmap Index Scan on sbtest5_pkey  (cost=0.00..22.39 rows=996 width=0)
	              Index Cond: ((id >= 3460124) AND (id <= 3461123))

table 6 : explain SELECT c FROM sbtest6 WHERE id BETWEEN 7425436 AND 7426435 ORDER BY c
	Sort  (cost=4013.77..4016.33 rows=1027 width=121)
	  Sort Key: c
	  ->  Bitmap Heap Scan on sbtest6  (cost=22.96..3962.39 rows=1027 width=121)
	        Recheck Cond: ((id >= 7425436) AND (id <= 7426435))
	        ->  Bitmap Index Scan on sbtest6_pkey  (cost=0.00..22.70 rows=1027 width=0)
	              Index Cond: ((id >= 7425436) AND (id <= 7426435))

table 7 : explain SELECT c FROM sbtest7 WHERE id BETWEEN 574968 AND 575967 ORDER BY c
	Sort  (cost=3865.83..3868.30 rows=988 width=121)
	  Sort Key: c
	  ->  Bitmap Heap Scan on sbtest7  (cost=22.56..3816.69 rows=988 width=121)
	        Recheck Cond: ((id >= 574968) AND (id <= 575967))
	        ->  Bitmap Index Scan on sbtest7_pkey  (cost=0.00..22.32 rows=988 width=0)
	              Index Cond: ((id >= 574968) AND (id <= 575967))

table 8 : explain SELECT c FROM sbtest8 WHERE id BETWEEN 5347364 AND 5348363 ORDER BY c
	Sort  (cost=3796.83..3799.25 rows=970 width=121)
	  Sort Key: c
	  ->  Bitmap Heap Scan on sbtest8  (cost=22.38..3748.71 rows=970 width=121)
	        Recheck Cond: ((id >= 5347364) AND (id <= 5348363))
	        ->  Bitmap Index Scan on sbtest8_pkey  (cost=0.00..22.14 rows=970 width=0)
	              Index Cond: ((id >= 5347364) AND (id <= 5348363))

for point_selects
table 1 : explain SELECT c FROM sbtest1 WHERE id=2000140
	Index Scan using sbtest1_pkey on sbtest1  (cost=0.43..8.45 rows=1 width=121)
	  Index Cond: (id = 2000140)

table 2 : explain SELECT c FROM sbtest2 WHERE id=271712
	Index Scan using sbtest2_pkey on sbtest2  (cost=0.43..8.45 rows=1 width=121)
	  Index Cond: (id = 271712)

table 3 : explain SELECT c FROM sbtest3 WHERE id=7898614
	Index Scan using sbtest3_pkey on sbtest3  (cost=0.43..8.45 rows=1 width=121)
	  Index Cond: (id = 7898614)

table 4 : explain SELECT c FROM sbtest4 WHERE id=6597342
	Index Scan using sbtest4_pkey on sbtest4  (cost=0.43..8.45 rows=1 width=121)
	  Index Cond: (id = 6597342)

table 5 : explain SELECT c FROM sbtest5 WHERE id=3058337
	Index Scan using sbtest5_pkey on sbtest5  (cost=0.43..8.45 rows=1 width=121)
	  Index Cond: (id = 3058337)

table 6 : explain SELECT c FROM sbtest6 WHERE id=2766428
	Index Scan using sbtest6_pkey on sbtest6  (cost=0.43..8.45 rows=1 width=121)
	  Index Cond: (id = 2766428)

table 7 : explain SELECT c FROM sbtest7 WHERE id=7392747
	Index Scan using sbtest7_pkey on sbtest7  (cost=0.43..8.45 rows=1 width=121)
	  Index Cond: (id = 7392747)

table 8 : explain SELECT c FROM sbtest8 WHERE id=3507406
	Index Scan using sbtest8_pkey on sbtest8  (cost=0.43..8.45 rows=1 width=121)
	  Index Cond: (id = 3507406)

for point_selects
table 1 : explain SELECT c FROM sbtest1 WHERE id=8354944
	Index Scan using sbtest1_pkey on sbtest1  (cost=0.43..8.45 rows=1 width=121)
	  Index Cond: (id = 8354944)

table 2 : explain SELECT c FROM sbtest2 WHERE id=133741
	Index Scan using sbtest2_pkey on sbtest2  (cost=0.43..8.45 rows=1 width=121)
	  Index Cond: (id = 133741)

table 3 : explain SELECT c FROM sbtest3 WHERE id=8497887
	Index Scan using sbtest3_pkey on sbtest3  (cost=0.43..8.45 rows=1 width=121)
	  Index Cond: (id = 8497887)

table 4 : explain SELECT c FROM sbtest4 WHERE id=7885019
	Index Scan using sbtest4_pkey on sbtest4  (cost=0.43..8.45 rows=1 width=121)
	  Index Cond: (id = 7885019)

table 5 : explain SELECT c FROM sbtest5 WHERE id=6642869
	Index Scan using sbtest5_pkey on sbtest5  (cost=0.43..8.45 rows=1 width=121)
	  Index Cond: (id = 6642869)

table 6 : explain SELECT c FROM sbtest6 WHERE id=9118349
	Index Scan using sbtest6_pkey on sbtest6  (cost=0.43..8.45 rows=1 width=121)
	  Index Cond: (id = 9118349)

table 7 : explain SELECT c FROM sbtest7 WHERE id=3974511
	Index Scan using sbtest7_pkey on sbtest7  (cost=0.43..8.45 rows=1 width=121)
	  Index Cond: (id = 3974511)

table 8 : explain SELECT c FROM sbtest8 WHERE id=6903025
	Index Scan using sbtest8_pkey on sbtest8  (cost=0.43..8.45 rows=1 width=121)
	  Index Cond: (id = 6903025)

for: order_ranges
table 1 : explain SELECT c FROM sbtest1 WHERE id BETWEEN 6678356 AND 6679355 ORDER BY c
	Sort  (cost=3692.28..3694.64 rows=943 width=121)
	  Sort Key: c
	  ->  Bitmap Heap Scan on sbtest1  (cost=22.10..3645.69 rows=943 width=121)
	        Recheck Cond: ((id >= 6678356) AND (id <= 6679355))
	        ->  Bitmap Index Scan on sbtest1_pkey  (cost=0.00..21.86 rows=943 width=0)
	              Index Cond: ((id >= 6678356) AND (id <= 6679355))

table 2 : explain SELECT c FROM sbtest2 WHERE id BETWEEN 1508748 AND 1509747 ORDER BY c
	Sort  (cost=3649.93..3652.26 rows=932 width=121)
	  Sort Key: c
	  ->  Bitmap Heap Scan on sbtest2  (cost=21.99..3603.96 rows=932 width=121)
	        Recheck Cond: ((id >= 1508748) AND (id <= 1509747))
	        ->  Bitmap Index Scan on sbtest2_pkey  (cost=0.00..21.75 rows=932 width=0)
	              Index Cond: ((id >= 1508748) AND (id <= 1509747))

table 3 : explain SELECT c FROM sbtest3 WHERE id BETWEEN 5008681 AND 5009680 ORDER BY c
	Sort  (cost=3986.60..3989.15 rows=1020 width=121)
	  Sort Key: c
	  ->  Bitmap Heap Scan on sbtest3  (cost=22.89..3935.63 rows=1020 width=121)
	        Recheck Cond: ((id >= 5008681) AND (id <= 5009680))
	        ->  Bitmap Index Scan on sbtest3_pkey  (cost=0.00..22.64 rows=1020 width=0)
	              Index Cond: ((id >= 5008681) AND (id <= 5009680))

table 4 : explain SELECT c FROM sbtest4 WHERE id BETWEEN 7137819 AND 7138818 ORDER BY c
	Sort  (cost=3883.40..3885.88 rows=993 width=121)
	  Sort Key: c
	  ->  Bitmap Heap Scan on sbtest4  (cost=22.61..3833.97 rows=993 width=121)
	        Recheck Cond: ((id >= 7137819) AND (id <= 7138818))
	        ->  Bitmap Index Scan on sbtest4_pkey  (cost=0.00..22.36 rows=993 width=0)
	              Index Cond: ((id >= 7137819) AND (id <= 7138818))

table 5 : explain SELECT c FROM sbtest5 WHERE id BETWEEN 667069 AND 668068 ORDER BY c
	Sort  (cost=3942.10..3944.62 rows=1008 width=121)
	  Sort Key: c
	  ->  Bitmap Heap Scan on sbtest5  (cost=22.77..3891.82 rows=1008 width=121)
	        Recheck Cond: ((id >= 667069) AND (id <= 668068))
	        ->  Bitmap Index Scan on sbtest5_pkey  (cost=0.00..22.51 rows=1008 width=0)
	              Index Cond: ((id >= 667069) AND (id <= 668068))

table 6 : explain SELECT c FROM sbtest6 WHERE id BETWEEN 196485 AND 197484 ORDER BY c
	Sort  (cost=3868.54..3871.01 rows=989 width=121)
	  Sort Key: c
	  ->  Bitmap Heap Scan on sbtest6  (cost=22.57..3819.34 rows=989 width=121)
	        Recheck Cond: ((id >= 196485) AND (id <= 197484))
	        ->  Bitmap Index Scan on sbtest6_pkey  (cost=0.00..22.32 rows=989 width=0)
	              Index Cond: ((id >= 196485) AND (id <= 197484))

table 7 : explain SELECT c FROM sbtest7 WHERE id BETWEEN 5891468 AND 5892467 ORDER BY c
	Sort  (cost=4163.88..4166.54 rows=1066 width=121)
	  Sort Key: c
	  ->  Bitmap Heap Scan on sbtest7  (cost=23.36..4110.27 rows=1066 width=121)
	        Recheck Cond: ((id >= 5891468) AND (id <= 5892467))
	        ->  Bitmap Index Scan on sbtest7_pkey  (cost=0.00..23.09 rows=1066 width=0)
	              Index Cond: ((id >= 5891468) AND (id <= 5892467))

table 8 : explain SELECT c FROM sbtest8 WHERE id BETWEEN 3175905 AND 3176904 ORDER BY c
	Sort  (cost=3823.62..3826.06 rows=977 width=121)
	  Sort Key: c
	  ->  Bitmap Heap Scan on sbtest8  (cost=22.45..3775.10 rows=977 width=121)
	        Recheck Cond: ((id >= 3175905) AND (id <= 3176904))
	        ->  Bitmap Index Scan on sbtest8_pkey  (cost=0.00..22.20 rows=977 width=0)
	              Index Cond: ((id >= 3175905) AND (id <= 3176904))

explain: for point_selects :: explain SELECT c FROM sbtest%u WHERE id=%u
for: distinct_ranges
table 1 : explain SELECT DISTINCT c FROM sbtest1 WHERE id BETWEEN 2930950 AND 2931949 ORDER BY c
	Unique  (cost=3895.06..3900.04 rows=996 width=121)
	  ->  Sort  (cost=3895.06..3897.55 rows=996 width=121)
	        Sort Key: c
	        ->  Bitmap Heap Scan on sbtest1  (cost=22.64..3845.46 rows=996 width=121)
	              Recheck Cond: ((id >= 2930950) AND (id <= 2931949))
	              ->  Bitmap Index Scan on sbtest1_pkey  (cost=0.00..22.39 rows=996 width=0)
	                    Index Cond: ((id >= 2930950) AND (id <= 2931949))

table 2 : explain SELECT DISTINCT c FROM sbtest2 WHERE id BETWEEN 6848648 AND 6849647 ORDER BY c
	Unique  (cost=3967.42..3972.50 rows=1015 width=121)
	  ->  Sort  (cost=3967.42..3969.96 rows=1015 width=121)
	        Sort Key: c
	        ->  Bitmap Heap Scan on sbtest2  (cost=22.84..3916.74 rows=1015 width=121)
	              Recheck Cond: ((id >= 6848648) AND (id <= 6849647))
	              ->  Bitmap Index Scan on sbtest2_pkey  (cost=0.00..22.58 rows=1015 width=0)
	                    Index Cond: ((id >= 6848648) AND (id <= 6849647))

table 3 : explain SELECT DISTINCT c FROM sbtest3 WHERE id BETWEEN 3791714 AND 3792713 ORDER BY c
	Unique  (cost=3707.44..3712.18 rows=947 width=121)
	  ->  Sort  (cost=3707.44..3709.81 rows=947 width=121)
	        Sort Key: c
	        ->  Bitmap Heap Scan on sbtest3  (cost=22.14..3660.63 rows=947 width=121)
	              Recheck Cond: ((id >= 3791714) AND (id <= 3792713))
	              ->  Bitmap Index Scan on sbtest3_pkey  (cost=0.00..21.90 rows=947 width=0)
	                    Index Cond: ((id >= 3791714) AND (id <= 3792713))

table 4 : explain SELECT DISTINCT c FROM sbtest4 WHERE id BETWEEN 6602854 AND 6603853 ORDER BY c
	Unique  (cost=3734.21..3738.98 rows=954 width=121)
	  ->  Sort  (cost=3734.21..3736.59 rows=954 width=121)
	        Sort Key: c
	        ->  Bitmap Heap Scan on sbtest4  (cost=22.21..3687.00 rows=954 width=121)
	              Recheck Cond: ((id >= 6602854) AND (id <= 6603853))
	              ->  Bitmap Index Scan on sbtest4_pkey  (cost=0.00..21.97 rows=954 width=0)
	                    Index Cond: ((id >= 6602854) AND (id <= 6603853))

table 5 : explain SELECT DISTINCT c FROM sbtest5 WHERE id BETWEEN 2382007 AND 2383006 ORDER BY c
	Unique  (cost=3586.02..3590.60 rows=915 width=121)
	  ->  Sort  (cost=3586.02..3588.31 rows=915 width=121)
	        Sort Key: c
	        ->  Bitmap Heap Scan on sbtest5  (cost=21.81..3541.02 rows=915 width=121)
	              Recheck Cond: ((id >= 2382007) AND (id <= 2383006))
	              ->  Bitmap Index Scan on sbtest5_pkey  (cost=0.00..21.58 rows=915 width=0)
	                    Index Cond: ((id >= 2382007) AND (id <= 2383006))

table 6 : explain SELECT DISTINCT c FROM sbtest6 WHERE id BETWEEN 6722729 AND 6723728 ORDER BY c
	Unique  (cost=3769.08..3773.89 rows=963 width=121)
	  ->  Sort  (cost=3769.08..3771.48 rows=963 width=121)
	        Sort Key: c
	        ->  Bitmap Heap Scan on sbtest6  (cost=22.31..3721.35 rows=963 width=121)
	              Recheck Cond: ((id >= 6722729) AND (id <= 6723728))
	              ->  Bitmap Index Scan on sbtest6_pkey  (cost=0.00..22.07 rows=963 width=0)
	                    Index Cond: ((id >= 6722729) AND (id <= 6723728))

table 7 : explain SELECT DISTINCT c FROM sbtest7 WHERE id BETWEEN 3167571 AND 3168570 ORDER BY c
	Unique  (cost=3609.22..3613.83 rows=921 width=121)
	  ->  Sort  (cost=3609.22..3611.52 rows=921 width=121)
	        Sort Key: c
	        ->  Bitmap Heap Scan on sbtest7  (cost=21.88..3563.88 rows=921 width=121)
	              Recheck Cond: ((id >= 3167571) AND (id <= 3168570))
	              ->  Bitmap Index Scan on sbtest7_pkey  (cost=0.00..21.64 rows=921 width=0)
	                    Index Cond: ((id >= 3167571) AND (id <= 3168570))

table 8 : explain SELECT DISTINCT c FROM sbtest8 WHERE id BETWEEN 8869522 AND 8870521 ORDER BY c
	Unique  (cost=3593.78..3598.36 rows=917 width=121)
	  ->  Sort  (cost=3593.78..3596.07 rows=917 width=121)
	        Sort Key: c
	        ->  Bitmap Heap Scan on sbtest8  (cost=21.83..3548.66 rows=917 width=121)
	              Recheck Cond: ((id >= 8869522) AND (id <= 8870521))
	              ->  Bitmap Index Scan on sbtest8_pkey  (cost=0.00..21.61 rows=917 width=0)
	                    Index Cond: ((id >= 8869522) AND (id <= 8870521))

for: distinct_ranges
table 1 : explain SELECT DISTINCT c FROM sbtest1 WHERE id BETWEEN 1024646 AND 1025645 ORDER BY c
	Unique  (cost=3956.21..3961.27 rows=1012 width=121)
	  ->  Sort  (cost=3956.21..3958.74 rows=1012 width=121)
	        Sort Key: c
	        ->  Bitmap Heap Scan on sbtest1  (cost=22.81..3905.70 rows=1012 width=121)
	              Recheck Cond: ((id >= 1024646) AND (id <= 1025645))
	              ->  Bitmap Index Scan on sbtest1_pkey  (cost=0.00..22.55 rows=1012 width=0)
	                    Index Cond: ((id >= 1024646) AND (id <= 1025645))

table 2 : explain SELECT DISTINCT c FROM sbtest2 WHERE id BETWEEN 3423578 AND 3424577 ORDER BY c
	Unique  (cost=4123.94..4129.22 rows=1056 width=121)
	  ->  Sort  (cost=4123.94..4126.58 rows=1056 width=121)
	        Sort Key: c
	        ->  Bitmap Heap Scan on sbtest2  (cost=23.26..4070.91 rows=1056 width=121)
	              Recheck Cond: ((id >= 3423578) AND (id <= 3424577))
	              ->  Bitmap Index Scan on sbtest2_pkey  (cost=0.00..23.00 rows=1056 width=0)
	                    Index Cond: ((id >= 3423578) AND (id <= 3424577))

table 3 : explain SELECT DISTINCT c FROM sbtest3 WHERE id BETWEEN 9740367 AND 9741366 ORDER BY c
	Unique  (cost=3726.58..3731.34 rows=952 width=121)
	  ->  Sort  (cost=3726.58..3728.96 rows=952 width=121)
	        Sort Key: c
	        ->  Bitmap Heap Scan on sbtest3  (cost=22.19..3679.49 rows=952 width=121)
	              Recheck Cond: ((id >= 9740367) AND (id <= 9741366))
	              ->  Bitmap Index Scan on sbtest3_pkey  (cost=0.00..21.95 rows=952 width=0)
	                    Index Cond: ((id >= 9740367) AND (id <= 9741366))

table 4 : explain SELECT DISTINCT c FROM sbtest4 WHERE id BETWEEN 9923776 AND 9924775 ORDER BY c
	Unique  (cost=3883.40..3888.36 rows=993 width=121)
	  ->  Sort  (cost=3883.40..3885.88 rows=993 width=121)
	        Sort Key: c
	        ->  Bitmap Heap Scan on sbtest4  (cost=22.61..3833.97 rows=993 width=121)
	              Recheck Cond: ((id >= 9923776) AND (id <= 9924775))
	              ->  Bitmap Index Scan on sbtest4_pkey  (cost=0.00..22.36 rows=993 width=0)
	                    Index Cond: ((id >= 9923776) AND (id <= 9924775))

table 5 : explain SELECT DISTINCT c FROM sbtest5 WHERE id BETWEEN 6237733 AND 6238732 ORDER BY c
	Unique  (cost=3919.16..3924.17 rows=1002 width=121)
	  ->  Sort  (cost=3919.16..3921.67 rows=1002 width=121)
	        Sort Key: c
	        ->  Bitmap Heap Scan on sbtest5  (cost=22.71..3869.22 rows=1002 width=121)
	              Recheck Cond: ((id >= 6237733) AND (id <= 6238732))
	              ->  Bitmap Index Scan on sbtest5_pkey  (cost=0.00..22.45 rows=1002 width=0)
	                    Index Cond: ((id >= 6237733) AND (id <= 6238732))

table 6 : explain SELECT DISTINCT c FROM sbtest6 WHERE id BETWEEN 4793496 AND 4794495 ORDER BY c
	Unique  (cost=3612.05..3616.66 rows=922 width=121)
	  ->  Sort  (cost=3612.05..3614.36 rows=922 width=121)
	        Sort Key: c
	        ->  Bitmap Heap Scan on sbtest6  (cost=21.89..3566.65 rows=922 width=121)
	              Recheck Cond: ((id >= 4793496) AND (id <= 4794495))
	              ->  Bitmap Index Scan on sbtest6_pkey  (cost=0.00..21.65 rows=922 width=0)
	                    Index Cond: ((id >= 4793496) AND (id <= 4794495))

table 7 : explain SELECT DISTINCT c FROM sbtest7 WHERE id BETWEEN 1614745 AND 1615744 ORDER BY c
	Unique  (cost=4095.16..4100.40 rows=1048 width=121)
	  ->  Sort  (cost=4095.16..4097.78 rows=1048 width=121)
	        Sort Key: c
	        ->  Bitmap Heap Scan on sbtest7  (cost=23.18..4042.59 rows=1048 width=121)
	              Recheck Cond: ((id >= 1614745) AND (id <= 1615744))
	              ->  Bitmap Index Scan on sbtest7_pkey  (cost=0.00..22.91 rows=1048 width=0)
	                    Index Cond: ((id >= 1614745) AND (id <= 1615744))

table 8 : explain SELECT DISTINCT c FROM sbtest8 WHERE id BETWEEN 167490 AND 168489 ORDER BY c
	Unique  (cost=3375.00..3379.30 rows=860 width=121)
	  ->  Sort  (cost=3375.00..3377.15 rows=860 width=121)
	        Sort Key: c
	        ->  Bitmap Heap Scan on sbtest8  (cost=21.25..3333.08 rows=860 width=121)
	              Recheck Cond: ((id >= 167490) AND (id <= 168489))
	              ->  Bitmap Index Scan on sbtest8_pkey  (cost=0.00..21.04 rows=860 width=0)
	                    Index Cond: ((id >= 167490) AND (id <= 168489))

explain: for point_selects :: explain SELECT c FROM sbtest%u WHERE id=%u
for: simple_ranges
table 1 : explain SELECT c FROM sbtest1 WHERE id BETWEEN 4321864 AND 4322863
	Bitmap Heap Scan on sbtest1  (cost=22.93..3950.85 rows=1024 width=121)
	  Recheck Cond: ((id >= 4321864) AND (id <= 4322863))
	  ->  Bitmap Index Scan on sbtest1_pkey  (cost=0.00..22.68 rows=1024 width=0)
	        Index Cond: ((id >= 4321864) AND (id <= 4322863))

table 2 : explain SELECT c FROM sbtest2 WHERE id BETWEEN 9715541 AND 9716540
	Bitmap Heap Scan on sbtest2  (cost=22.27..3709.58 rows=960 width=121)
	  Recheck Cond: ((id >= 9715541) AND (id <= 9716540))
	  ->  Bitmap Index Scan on sbtest2_pkey  (cost=0.00..22.04 rows=960 width=0)
	        Index Cond: ((id >= 9715541) AND (id <= 9716540))

table 3 : explain SELECT c FROM sbtest3 WHERE id BETWEEN 9537151 AND 9538150
	Bitmap Heap Scan on sbtest3  (cost=23.06..3999.57 rows=1037 width=121)
	  Recheck Cond: ((id >= 9537151) AND (id <= 9538150))
	  ->  Bitmap Index Scan on sbtest3_pkey  (cost=0.00..22.80 rows=1037 width=0)
	        Index Cond: ((id >= 9537151) AND (id <= 9538150))

table 4 : explain SELECT c FROM sbtest4 WHERE id BETWEEN 8634071 AND 8635070
	Bitmap Heap Scan on sbtest4  (cost=28.27..4442.64 rows=1155 width=121)
	  Recheck Cond: ((id >= 8634071) AND (id <= 8635070))
	  ->  Bitmap Index Scan on sbtest4_pkey  (cost=0.00..27.98 rows=1155 width=0)
	        Index Cond: ((id >= 8634071) AND (id <= 8635070))

table 5 : explain SELECT c FROM sbtest5 WHERE id BETWEEN 6156543 AND 6157542
	Bitmap Heap Scan on sbtest5  (cost=21.98..3601.45 rows=931 width=121)
	  Recheck Cond: ((id >= 6156543) AND (id <= 6157542))
	  ->  Bitmap Index Scan on sbtest5_pkey  (cost=0.00..21.75 rows=931 width=0)
	        Index Cond: ((id >= 6156543) AND (id <= 6157542))

table 6 : explain SELECT c FROM sbtest6 WHERE id BETWEEN 4821221 AND 4822220
	Bitmap Heap Scan on sbtest6  (cost=22.82..3909.71 rows=1013 width=121)
	  Recheck Cond: ((id >= 4821221) AND (id <= 4822220))
	  ->  Bitmap Index Scan on sbtest6_pkey  (cost=0.00..22.57 rows=1013 width=0)
	        Index Cond: ((id >= 4821221) AND (id <= 4822220))

table 7 : explain SELECT c FROM sbtest7 WHERE id BETWEEN 4102034 AND 4103033
	Bitmap Heap Scan on sbtest7  (cost=22.91..3944.75 rows=1022 width=121)
	  Recheck Cond: ((id >= 4102034) AND (id <= 4103033))
	  ->  Bitmap Index Scan on sbtest7_pkey  (cost=0.00..22.65 rows=1022 width=0)
	        Index Cond: ((id >= 4102034) AND (id <= 4103033))

table 8 : explain SELECT c FROM sbtest8 WHERE id BETWEEN 675396 AND 676395
	Bitmap Heap Scan on sbtest8  (cost=23.04..3993.55 rows=1035 width=121)
	  Recheck Cond: ((id >= 675396) AND (id <= 676395))
	  ->  Bitmap Index Scan on sbtest8_pkey  (cost=0.00..22.79 rows=1035 width=0)
	        Index Cond: ((id >= 675396) AND (id <= 676395))

for: order_ranges
table 1 : explain SELECT c FROM sbtest1 WHERE id BETWEEN 4866524 AND 4867523 ORDER BY c
	Sort  (cost=4292.25..4295.00 rows=1100 width=121)
	  Sort Key: c
	  ->  Bitmap Heap Scan on sbtest1  (cost=27.71..4236.68 rows=1100 width=121)
	        Recheck Cond: ((id >= 4866524) AND (id <= 4867523))
	        ->  Bitmap Index Scan on sbtest1_pkey  (cost=0.00..27.43 rows=1100 width=0)
	              Index Cond: ((id >= 4866524) AND (id <= 4867523))

table 2 : explain SELECT c FROM sbtest2 WHERE id BETWEEN 458493 AND 459492 ORDER BY c
	Sort  (cost=3695.89..3698.25 rows=944 width=121)
	  Sort Key: c
	  ->  Bitmap Heap Scan on sbtest2  (cost=22.11..3649.24 rows=944 width=121)
	        Recheck Cond: ((id >= 458493) AND (id <= 459492))
	        ->  Bitmap Index Scan on sbtest2_pkey  (cost=0.00..21.87 rows=944 width=0)
	              Index Cond: ((id >= 458493) AND (id <= 459492))

table 3 : explain SELECT c FROM sbtest3 WHERE id BETWEEN 8453513 AND 8454512 ORDER BY c
	Sort  (cost=4085.87..4088.48 rows=1046 width=121)
	  Sort Key: c
	  ->  Bitmap Heap Scan on sbtest3  (cost=23.16..4033.41 rows=1046 width=121)
	        Recheck Cond: ((id >= 8453513) AND (id <= 8454512))
	        ->  Bitmap Index Scan on sbtest3_pkey  (cost=0.00..22.89 rows=1046 width=0)
	              Index Cond: ((id >= 8453513) AND (id <= 8454512))

table 4 : explain SELECT c FROM sbtest4 WHERE id BETWEEN 6167518 AND 6168517 ORDER BY c
	Sort  (cost=3730.38..3732.76 rows=953 width=121)
	  Sort Key: c
	  ->  Bitmap Heap Scan on sbtest4  (cost=22.20..3683.23 rows=953 width=121)
	        Recheck Cond: ((id >= 6167518) AND (id <= 6168517))
	        ->  Bitmap Index Scan on sbtest4_pkey  (cost=0.00..21.96 rows=953 width=0)
	              Index Cond: ((id >= 6167518) AND (id <= 6168517))

table 5 : explain SELECT c FROM sbtest5 WHERE id BETWEEN 4102067 AND 4103066 ORDER BY c
	Sort  (cost=3968.86..3971.40 rows=1015 width=121)
	  Sort Key: c
	  ->  Bitmap Heap Scan on sbtest5  (cost=22.84..3918.18 rows=1015 width=121)
	        Recheck Cond: ((id >= 4102067) AND (id <= 4103066))
	        ->  Bitmap Index Scan on sbtest5_pkey  (cost=0.00..22.58 rows=1015 width=0)
	              Index Cond: ((id >= 4102067) AND (id <= 4103066))

table 6 : explain SELECT c FROM sbtest6 WHERE id BETWEEN 8499801 AND 8500800 ORDER BY c
	Sort  (cost=3807.34..3809.77 rows=973 width=121)
	  Sort Key: c
	  ->  Bitmap Heap Scan on sbtest6  (cost=22.41..3759.05 rows=973 width=121)
	        Recheck Cond: ((id >= 8499801) AND (id <= 8500800))
	        ->  Bitmap Index Scan on sbtest6_pkey  (cost=0.00..22.16 rows=973 width=0)
	              Index Cond: ((id >= 8499801) AND (id <= 8500800))

table 7 : explain SELECT c FROM sbtest7 WHERE id BETWEEN 5818635 AND 5819634 ORDER BY c
	Sort  (cost=3497.98..3500.21 rows=892 width=121)
	  Sort Key: c
	  ->  Bitmap Heap Scan on sbtest7  (cost=21.58..3454.26 rows=892 width=121)
	        Recheck Cond: ((id >= 5818635) AND (id <= 5819634))
	        ->  Bitmap Index Scan on sbtest7_pkey  (cost=0.00..21.36 rows=892 width=0)
	              Index Cond: ((id >= 5818635) AND (id <= 5819634))

table 8 : explain SELECT c FROM sbtest8 WHERE id BETWEEN 1612468 AND 1613467 ORDER BY c
	Sort  (cost=3869.53..3872.01 rows=989 width=121)
	  Sort Key: c
	  ->  Bitmap Heap Scan on sbtest8  (cost=22.57..3820.33 rows=989 width=121)
	        Recheck Cond: ((id >= 1612468) AND (id <= 1613467))
	        ->  Bitmap Index Scan on sbtest8_pkey  (cost=0.00..22.32 rows=989 width=0)
	              Index Cond: ((id >= 1612468) AND (id <= 1613467))

for: order_ranges
table 1 : explain SELECT c FROM sbtest1 WHERE id BETWEEN 7851332 AND 7852331 ORDER BY c
	Sort  (cost=3902.71..3905.20 rows=998 width=121)
	  Sort Key: c
	  ->  Bitmap Heap Scan on sbtest1  (cost=22.66..3852.99 rows=998 width=121)
	        Recheck Cond: ((id >= 7851332) AND (id <= 7852331))
	        ->  Bitmap Index Scan on sbtest1_pkey  (cost=0.00..22.41 rows=998 width=0)
	              Index Cond: ((id >= 7851332) AND (id <= 7852331))

table 2 : explain SELECT c FROM sbtest2 WHERE id BETWEEN 3096306 AND 3097305 ORDER BY c
	Sort  (cost=3833.64..3836.09 rows=980 width=121)
	  Sort Key: c
	  ->  Bitmap Heap Scan on sbtest2  (cost=22.48..3784.96 rows=980 width=121)
	        Recheck Cond: ((id >= 3096306) AND (id <= 3097305))
	        ->  Bitmap Index Scan on sbtest2_pkey  (cost=0.00..22.23 rows=980 width=0)
	              Index Cond: ((id >= 3096306) AND (id <= 3097305))

table 3 : explain SELECT c FROM sbtest3 WHERE id BETWEEN 3002612 AND 3003611 ORDER BY c
	Sort  (cost=4284.44..4287.18 rows=1098 width=121)
	  Sort Key: c
	  ->  Bitmap Heap Scan on sbtest3  (cost=27.69..4228.98 rows=1098 width=121)
	        Recheck Cond: ((id >= 3002612) AND (id <= 3003611))
	        ->  Bitmap Index Scan on sbtest3_pkey  (cost=0.00..27.41 rows=1098 width=0)
	              Index Cond: ((id >= 3002612) AND (id <= 3003611))

table 4 : explain SELECT c FROM sbtest4 WHERE id BETWEEN 2271921 AND 2272920 ORDER BY c
	Sort  (cost=3818.39..3820.83 rows=976 width=121)
	  Sort Key: c
	  ->  Bitmap Heap Scan on sbtest4  (cost=22.44..3769.93 rows=976 width=121)
	        Recheck Cond: ((id >= 2271921) AND (id <= 2272920))
	        ->  Bitmap Index Scan on sbtest4_pkey  (cost=0.00..22.19 rows=976 width=0)
	              Index Cond: ((id >= 2271921) AND (id <= 2272920))

table 5 : explain SELECT c FROM sbtest5 WHERE id BETWEEN 4373975 AND 4374974 ORDER BY c
	Sort  (cost=3735.48..3737.86 rows=954 width=121)
	  Sort Key: c
	  ->  Bitmap Heap Scan on sbtest5  (cost=22.21..3688.27 rows=954 width=121)
	        Recheck Cond: ((id >= 4373975) AND (id <= 4374974))
	        ->  Bitmap Index Scan on sbtest5_pkey  (cost=0.00..21.97 rows=954 width=0)
	              Index Cond: ((id >= 4373975) AND (id <= 4374974))

table 6 : explain SELECT c FROM sbtest6 WHERE id BETWEEN 9471839 AND 9472838 ORDER BY c
	Sort  (cost=4101.58..4104.20 rows=1050 width=121)
	  Sort Key: c
	  ->  Bitmap Heap Scan on sbtest6  (cost=23.20..4048.89 rows=1050 width=121)
	        Recheck Cond: ((id >= 9471839) AND (id <= 9472838))
	        ->  Bitmap Index Scan on sbtest6_pkey  (cost=0.00..22.93 rows=1050 width=0)
	              Index Cond: ((id >= 9471839) AND (id <= 9472838))

table 7 : explain SELECT c FROM sbtest7 WHERE id BETWEEN 6204365 AND 6205364 ORDER BY c
	Sort  (cost=4037.87..4040.45 rows=1033 width=121)
	  Sort Key: c
	  ->  Bitmap Heap Scan on sbtest7  (cost=23.02..3986.15 rows=1033 width=121)
	        Recheck Cond: ((id >= 6204365) AND (id <= 6205364))
	        ->  Bitmap Index Scan on sbtest7_pkey  (cost=0.00..22.76 rows=1033 width=0)
	              Index Cond: ((id >= 6204365) AND (id <= 6205364))

table 8 : explain SELECT c FROM sbtest8 WHERE id BETWEEN 4121251 AND 4122250 ORDER BY c
	Sort  (cost=4079.75..4082.36 rows=1044 width=121)
	  Sort Key: c
	  ->  Bitmap Heap Scan on sbtest8  (cost=23.14..4027.41 rows=1044 width=121)
	        Recheck Cond: ((id >= 4121251) AND (id <= 4122250))
	        ->  Bitmap Index Scan on sbtest8_pkey  (cost=0.00..22.87 rows=1044 width=0)
	              Index Cond: ((id >= 4121251) AND (id <= 4122250))

for point_selects
table 1 : explain SELECT c FROM sbtest1 WHERE id=4837330
	Index Scan using sbtest1_pkey on sbtest1  (cost=0.43..8.45 rows=1 width=121)
	  Index Cond: (id = 4837330)

table 2 : explain SELECT c FROM sbtest2 WHERE id=9950998
	Index Scan using sbtest2_pkey on sbtest2  (cost=0.43..8.45 rows=1 width=121)
	  Index Cond: (id = 9950998)

table 3 : explain SELECT c FROM sbtest3 WHERE id=9909749
	Index Scan using sbtest3_pkey on sbtest3  (cost=0.43..8.45 rows=1 width=121)
	  Index Cond: (id = 9909749)

table 4 : explain SELECT c FROM sbtest4 WHERE id=2335157
	Index Scan using sbtest4_pkey on sbtest4  (cost=0.43..8.45 rows=1 width=121)
	  Index Cond: (id = 2335157)

table 5 : explain SELECT c FROM sbtest5 WHERE id=6956878
	Index Scan using sbtest5_pkey on sbtest5  (cost=0.43..8.45 rows=1 width=121)
	  Index Cond: (id = 6956878)

table 6 : explain SELECT c FROM sbtest6 WHERE id=9696877
	Index Scan using sbtest6_pkey on sbtest6  (cost=0.43..8.45 rows=1 width=121)
	  Index Cond: (id = 9696877)

table 7 : explain SELECT c FROM sbtest7 WHERE id=1368213
	Index Scan using sbtest7_pkey on sbtest7  (cost=0.43..8.45 rows=1 width=121)
	  Index Cond: (id = 1368213)

table 8 : explain SELECT c FROM sbtest8 WHERE id=3408109
	Index Scan using sbtest8_pkey on sbtest8  (cost=0.43..8.45 rows=1 width=121)
	  Index Cond: (id = 3408109)

explain: for point_selects :: explain SELECT c FROM sbtest%u WHERE id=%u
for point_selects
table 1 : explain SELECT c FROM sbtest1 WHERE id=7414148
	Index Scan using sbtest1_pkey on sbtest1  (cost=0.43..8.45 rows=1 width=121)
	  Index Cond: (id = 7414148)

table 2 : explain SELECT c FROM sbtest2 WHERE id=2270687
	Index Scan using sbtest2_pkey on sbtest2  (cost=0.43..8.45 rows=1 width=121)
	  Index Cond: (id = 2270687)

table 3 : explain SELECT c FROM sbtest3 WHERE id=5232614
	Index Scan using sbtest3_pkey on sbtest3  (cost=0.43..8.45 rows=1 width=121)
	  Index Cond: (id = 5232614)

table 4 : explain SELECT c FROM sbtest4 WHERE id=9178705
	Index Scan using sbtest4_pkey on sbtest4  (cost=0.43..8.45 rows=1 width=121)
	  Index Cond: (id = 9178705)

table 5 : explain SELECT c FROM sbtest5 WHERE id=2925471
	Index Scan using sbtest5_pkey on sbtest5  (cost=0.43..8.45 rows=1 width=121)
	  Index Cond: (id = 2925471)

table 6 : explain SELECT c FROM sbtest6 WHERE id=84868
	Index Scan using sbtest6_pkey on sbtest6  (cost=0.43..8.45 rows=1 width=121)
	  Index Cond: (id = 84868)

table 7 : explain SELECT c FROM sbtest7 WHERE id=7567934
	Index Scan using sbtest7_pkey on sbtest7  (cost=0.43..8.45 rows=1 width=121)
	  Index Cond: (id = 7567934)

table 8 : explain SELECT c FROM sbtest8 WHERE id=4153775
	Index Scan using sbtest8_pkey on sbtest8  (cost=0.43..8.45 rows=1 width=121)
	  Index Cond: (id = 4153775)

for: simple_ranges
table 1 : explain SELECT c FROM sbtest1 WHERE id BETWEEN 2001301 AND 2002300
	Bitmap Heap Scan on sbtest1  (cost=22.57..3819.10 rows=989 width=121)
	  Recheck Cond: ((id >= 2001301) AND (id <= 2002300))
	  ->  Bitmap Index Scan on sbtest1_pkey  (cost=0.00..22.32 rows=989 width=0)
	        Index Cond: ((id >= 2001301) AND (id <= 2002300))

table 2 : explain SELECT c FROM sbtest2 WHERE id BETWEEN 7288538 AND 7289537
	Bitmap Heap Scan on sbtest2  (cost=23.59..4191.09 rows=1088 width=121)
	  Recheck Cond: ((id >= 7288538) AND (id <= 7289537))
	  ->  Bitmap Index Scan on sbtest2_pkey  (cost=0.00..23.32 rows=1088 width=0)
	        Index Cond: ((id >= 7288538) AND (id <= 7289537))

table 3 : explain SELECT c FROM sbtest3 WHERE id BETWEEN 6989586 AND 6990585
	Bitmap Heap Scan on sbtest3  (cost=22.40..3754.88 rows=972 width=121)
	  Recheck Cond: ((id >= 6989586) AND (id <= 6990585))
	  ->  Bitmap Index Scan on sbtest3_pkey  (cost=0.00..22.15 rows=972 width=0)
	        Index Cond: ((id >= 6989586) AND (id <= 6990585))

table 4 : explain SELECT c FROM sbtest4 WHERE id BETWEEN 9533247 AND 9534246
	Bitmap Heap Scan on sbtest4  (cost=23.14..4025.86 rows=1044 width=121)
	  Recheck Cond: ((id >= 9533247) AND (id <= 9534246))
	  ->  Bitmap Index Scan on sbtest4_pkey  (cost=0.00..22.87 rows=1044 width=0)
	        Index Cond: ((id >= 9533247) AND (id <= 9534246))

table 5 : explain SELECT c FROM sbtest5 WHERE id BETWEEN 4346694 AND 4347693
	Bitmap Heap Scan on sbtest5  (cost=22.29..3714.67 rows=961 width=121)
	  Recheck Cond: ((id >= 4346694) AND (id <= 4347693))
	  ->  Bitmap Index Scan on sbtest5_pkey  (cost=0.00..22.04 rows=961 width=0)
	        Index Cond: ((id >= 4346694) AND (id <= 4347693))

table 6 : explain SELECT c FROM sbtest6 WHERE id BETWEEN 4473808 AND 4474807
	Bitmap Heap Scan on sbtest6  (cost=22.04..3623.28 rows=937 width=121)
	  Recheck Cond: ((id >= 4473808) AND (id <= 4474807))
	  ->  Bitmap Index Scan on sbtest6_pkey  (cost=0.00..21.80 rows=937 width=0)
	        Index Cond: ((id >= 4473808) AND (id <= 4474807))

table 7 : explain SELECT c FROM sbtest7 WHERE id BETWEEN 2365132 AND 2366131
	Bitmap Heap Scan on sbtest7  (cost=22.13..3658.28 rows=946 width=121)
	  Recheck Cond: ((id >= 2365132) AND (id <= 2366131))
	  ->  Bitmap Index Scan on sbtest7_pkey  (cost=0.00..21.89 rows=946 width=0)
	        Index Cond: ((id >= 2365132) AND (id <= 2366131))

table 8 : explain SELECT c FROM sbtest8 WHERE id BETWEEN 7518735 AND 7519734
	Bitmap Heap Scan on sbtest8  (cost=21.72..3507.09 rows=906 width=121)
	  Recheck Cond: ((id >= 7518735) AND (id <= 7519734))
	  ->  Bitmap Index Scan on sbtest8_pkey  (cost=0.00..21.50 rows=906 width=0)
	        Index Cond: ((id >= 7518735) AND (id <= 7519734))

for: simple_ranges
table 1 : explain SELECT c FROM sbtest1 WHERE id BETWEEN 3408723 AND 3409722
	Bitmap Heap Scan on sbtest1  (cost=22.43..3766.35 rows=975 width=121)
	  Recheck Cond: ((id >= 3408723) AND (id <= 3409722))
	  ->  Bitmap Index Scan on sbtest1_pkey  (cost=0.00..22.18 rows=975 width=0)
	        Index Cond: ((id >= 3408723) AND (id <= 3409722))

table 2 : explain SELECT c FROM sbtest2 WHERE id BETWEEN 8140743 AND 8141742
	Bitmap Heap Scan on sbtest2  (cost=22.46..3777.42 rows=978 width=121)
	  Recheck Cond: ((id >= 8140743) AND (id <= 8141742))
	  ->  Bitmap Index Scan on sbtest2_pkey  (cost=0.00..22.21 rows=978 width=0)
	        Index Cond: ((id >= 8140743) AND (id <= 8141742))

table 3 : explain SELECT c FROM sbtest3 WHERE id BETWEEN 5094006 AND 5095005
	Bitmap Heap Scan on sbtest3  (cost=22.43..3766.19 rows=975 width=121)
	  Recheck Cond: ((id >= 5094006) AND (id <= 5095005))
	  ->  Bitmap Index Scan on sbtest3_pkey  (cost=0.00..22.18 rows=975 width=0)
	        Index Cond: ((id >= 5094006) AND (id <= 5095005))

table 4 : explain SELECT c FROM sbtest4 WHERE id BETWEEN 2990488 AND 2991487
	Bitmap Heap Scan on sbtest4  (cost=22.68..3860.32 rows=1000 width=121)
	  Recheck Cond: ((id >= 2990488) AND (id <= 2991487))
	  ->  Bitmap Index Scan on sbtest4_pkey  (cost=0.00..22.43 rows=1000 width=0)
	        Index Cond: ((id >= 2990488) AND (id <= 2991487))

table 5 : explain SELECT c FROM sbtest5 WHERE id BETWEEN 2095008 AND 2096007
	Bitmap Heap Scan on sbtest5  (cost=23.28..4079.96 rows=1058 width=121)
	  Recheck Cond: ((id >= 2095008) AND (id <= 2096007))
	  ->  Bitmap Index Scan on sbtest5_pkey  (cost=0.00..23.01 rows=1058 width=0)
	        Index Cond: ((id >= 2095008) AND (id <= 2096007))

table 6 : explain SELECT c FROM sbtest6 WHERE id BETWEEN 1236729 AND 1237728
	Bitmap Heap Scan on sbtest6  (cost=21.32..3358.77 rows=867 width=121)
	  Recheck Cond: ((id >= 1236729) AND (id <= 1237728))
	  ->  Bitmap Index Scan on sbtest6_pkey  (cost=0.00..21.11 rows=867 width=0)
	        Index Cond: ((id >= 1236729) AND (id <= 1237728))

table 7 : explain SELECT c FROM sbtest7 WHERE id BETWEEN 8804897 AND 8805896
	Bitmap Heap Scan on sbtest7  (cost=23.19..4046.35 rows=1049 width=121)
	  Recheck Cond: ((id >= 8804897) AND (id <= 8805896))
	  ->  Bitmap Index Scan on sbtest7_pkey  (cost=0.00..22.93 rows=1049 width=0)
	        Index Cond: ((id >= 8804897) AND (id <= 8805896))

table 8 : explain SELECT c FROM sbtest8 WHERE id BETWEEN 5206036 AND 5207035
	Bitmap Heap Scan on sbtest8  (cost=22.44..3771.33 rows=976 width=121)
	  Recheck Cond: ((id >= 5206036) AND (id <= 5207035))
	  ->  Bitmap Index Scan on sbtest8_pkey  (cost=0.00..22.19 rows=976 width=0)
	        Index Cond: ((id >= 5206036) AND (id <= 5207035))

for: distinct_ranges
table 1 : explain SELECT DISTINCT c FROM sbtest1 WHERE id BETWEEN 2557088 AND 2558087 ORDER BY c
	Unique  (cost=3734.40..3739.17 rows=954 width=121)
	  ->  Sort  (cost=3734.40..3736.78 rows=954 width=121)
	        Sort Key: c
	        ->  Bitmap Heap Scan on sbtest1  (cost=22.21..3687.19 rows=954 width=121)
	              Recheck Cond: ((id >= 2557088) AND (id <= 2558087))
	              ->  Bitmap Index Scan on sbtest1_pkey  (cost=0.00..21.97 rows=954 width=0)
	                    Index Cond: ((id >= 2557088) AND (id <= 2558087))

table 2 : explain SELECT DISTINCT c FROM sbtest2 WHERE id BETWEEN 2682676 AND 2683675 ORDER BY c
	Unique  (cost=4089.60..4094.84 rows=1047 width=121)
	  ->  Sort  (cost=4089.60..4092.22 rows=1047 width=121)
	        Sort Key: c
	        ->  Bitmap Heap Scan on sbtest2  (cost=23.17..4037.09 rows=1047 width=121)
	              Recheck Cond: ((id >= 2682676) AND (id <= 2683675))
	              ->  Bitmap Index Scan on sbtest2_pkey  (cost=0.00..22.90 rows=1047 width=0)
	                    Index Cond: ((id >= 2682676) AND (id <= 2683675))

table 3 : explain SELECT DISTINCT c FROM sbtest3 WHERE id BETWEEN 2849365 AND 2850364 ORDER BY c
	Unique  (cost=3416.10..3420.45 rows=871 width=121)
	  ->  Sort  (cost=3416.10..3418.27 rows=871 width=121)
	        Sort Key: c
	        ->  Bitmap Heap Scan on sbtest3  (cost=21.36..3373.56 rows=871 width=121)
	              Recheck Cond: ((id >= 2849365) AND (id <= 2850364))
	              ->  Bitmap Index Scan on sbtest3_pkey  (cost=0.00..21.14 rows=871 width=0)
	                    Index Cond: ((id >= 2849365) AND (id <= 2850364))

table 4 : explain SELECT DISTINCT c FROM sbtest4 WHERE id BETWEEN 1596279 AND 1597278 ORDER BY c
	Unique  (cost=4192.65..4198.02 rows=1074 width=121)
	  ->  Sort  (cost=4192.65..4195.33 rows=1074 width=121)
	        Sort Key: c
	        ->  Bitmap Heap Scan on sbtest4  (cost=23.44..4138.58 rows=1074 width=121)
	              Recheck Cond: ((id >= 1596279) AND (id <= 1597278))
	              ->  Bitmap Index Scan on sbtest4_pkey  (cost=0.00..23.18 rows=1074 width=0)
	                    Index Cond: ((id >= 1596279) AND (id <= 1597278))

table 5 : explain SELECT DISTINCT c FROM sbtest5 WHERE id BETWEEN 3588076 AND 3589075 ORDER BY c
	Unique  (cost=4030.00..4035.16 rows=1031 width=121)
	  ->  Sort  (cost=4030.00..4032.58 rows=1031 width=121)
	        Sort Key: c
	        ->  Bitmap Heap Scan on sbtest5  (cost=23.00..3978.40 rows=1031 width=121)
	              Recheck Cond: ((id >= 3588076) AND (id <= 3589075))
	              ->  Bitmap Index Scan on sbtest5_pkey  (cost=0.00..22.75 rows=1031 width=0)
	                    Index Cond: ((id >= 3588076) AND (id <= 3589075))

table 6 : explain SELECT DISTINCT c FROM sbtest6 WHERE id BETWEEN 7479949 AND 7480948 ORDER BY c
	Unique  (cost=3979.39..3984.48 rows=1018 width=121)
	  ->  Sort  (cost=3979.39..3981.93 rows=1018 width=121)
	        Sort Key: c
	        ->  Bitmap Heap Scan on sbtest6  (cost=22.87..3928.53 rows=1018 width=121)
	              Recheck Cond: ((id >= 7479949) AND (id <= 7480948))
	              ->  Bitmap Index Scan on sbtest6_pkey  (cost=0.00..22.61 rows=1018 width=0)
	                    Index Cond: ((id >= 7479949) AND (id <= 7480948))

table 7 : explain SELECT DISTINCT c FROM sbtest7 WHERE id BETWEEN 740888 AND 741887 ORDER BY c
	Unique  (cost=4160.06..4165.38 rows=1065 width=121)
	  ->  Sort  (cost=4160.06..4162.72 rows=1065 width=121)
	        Sort Key: c
	        ->  Bitmap Heap Scan on sbtest7  (cost=23.35..4106.51 rows=1065 width=121)
	              Recheck Cond: ((id >= 740888) AND (id <= 741887))
	              ->  Bitmap Index Scan on sbtest7_pkey  (cost=0.00..23.08 rows=1065 width=0)
	                    Index Cond: ((id >= 740888) AND (id <= 741887))

table 8 : explain SELECT DISTINCT c FROM sbtest8 WHERE id BETWEEN 358414 AND 359413 ORDER BY c
	Unique  (cost=3670.44..3675.13 rows=937 width=121)
	  ->  Sort  (cost=3670.44..3672.78 rows=937 width=121)
	        Sort Key: c
	        ->  Bitmap Heap Scan on sbtest8  (cost=22.04..3624.19 rows=937 width=121)
	              Recheck Cond: ((id >= 358414) AND (id <= 359413))
	              ->  Bitmap Index Scan on sbtest8_pkey  (cost=0.00..21.80 rows=937 width=0)
	                    Index Cond: ((id >= 358414) AND (id <= 359413))

for: sum_ranges
table 1 : explain SELECT SUM(k) FROM sbtest1 WHERE id BETWEEN 7126583 AND 7127582
	Aggregate  (cost=3836.65..3836.66 rows=1 width=8)
	  ->  Bitmap Heap Scan on sbtest1  (cost=22.61..3834.17 rows=993 width=4)
	        Recheck Cond: ((id >= 7126583) AND (id <= 7127582))
	        ->  Bitmap Index Scan on sbtest1_pkey  (cost=0.00..22.36 rows=993 width=0)
	              Index Cond: ((id >= 7126583) AND (id <= 7127582))

table 2 : explain SELECT SUM(k) FROM sbtest2 WHERE id BETWEEN 934631 AND 935630
	Aggregate  (cost=3843.94..3843.95 rows=1 width=8)
	  ->  Bitmap Heap Scan on sbtest2  (cost=22.63..3841.45 rows=995 width=4)
	        Recheck Cond: ((id >= 934631) AND (id <= 935630))
	        ->  Bitmap Index Scan on sbtest2_pkey  (cost=0.00..22.39 rows=995 width=0)
	              Index Cond: ((id >= 934631) AND (id <= 935630))

table 3 : explain SELECT SUM(k) FROM sbtest3 WHERE id BETWEEN 6979342 AND 6980341
	Aggregate  (cost=3757.31..3757.32 rows=1 width=8)
	  ->  Bitmap Heap Scan on sbtest3  (cost=22.40..3754.88 rows=972 width=4)
	        Recheck Cond: ((id >= 6979342) AND (id <= 6980341))
	        ->  Bitmap Index Scan on sbtest3_pkey  (cost=0.00..22.15 rows=972 width=0)
	              Index Cond: ((id >= 6979342) AND (id <= 6980341))

table 4 : explain SELECT SUM(k) FROM sbtest4 WHERE id BETWEEN 9120844 AND 9121843
	Aggregate  (cost=3923.09..3923.10 rows=1 width=8)
	  ->  Bitmap Heap Scan on sbtest4  (cost=22.85..3920.55 rows=1016 width=4)
	        Recheck Cond: ((id >= 9120844) AND (id <= 9121843))
	        ->  Bitmap Index Scan on sbtest4_pkey  (cost=0.00..22.59 rows=1016 width=0)
	              Index Cond: ((id >= 9120844) AND (id <= 9121843))

table 5 : explain SELECT SUM(k) FROM sbtest5 WHERE id BETWEEN 1346411 AND 1347410
	Aggregate  (cost=3641.56..3641.57 rows=1 width=8)
	  ->  Bitmap Heap Scan on sbtest5  (cost=22.08..3639.21 rows=941 width=4)
	        Recheck Cond: ((id >= 1346411) AND (id <= 1347410))
	        ->  Bitmap Index Scan on sbtest5_pkey  (cost=0.00..21.84 rows=941 width=0)
	              Index Cond: ((id >= 1346411) AND (id <= 1347410))

table 6 : explain SELECT SUM(k) FROM sbtest6 WHERE id BETWEEN 2242629 AND 2243628
	Aggregate  (cost=3296.55..3296.56 rows=1 width=8)
	  ->  Bitmap Heap Scan on sbtest6  (cost=21.15..3294.43 rows=850 width=4)
	        Recheck Cond: ((id >= 2242629) AND (id <= 2243628))
	        ->  Bitmap Index Scan on sbtest6_pkey  (cost=0.00..20.93 rows=850 width=0)
	              Index Cond: ((id >= 2242629) AND (id <= 2243628))

table 7 : explain SELECT SUM(k) FROM sbtest7 WHERE id BETWEEN 8675481 AND 8676480
	Aggregate  (cost=3777.66..3777.67 rows=1 width=8)
	  ->  Bitmap Heap Scan on sbtest7  (cost=22.45..3775.22 rows=977 width=4)
	        Recheck Cond: ((id >= 8675481) AND (id <= 8676480))
	        ->  Bitmap Index Scan on sbtest7_pkey  (cost=0.00..22.20 rows=977 width=0)
	              Index Cond: ((id >= 8675481) AND (id <= 8676480))

table 8 : explain SELECT SUM(k) FROM sbtest8 WHERE id BETWEEN 683143 AND 684142
	Aggregate  (cost=3996.14..3996.15 rows=1 width=8)
	  ->  Bitmap Heap Scan on sbtest8  (cost=23.04..3993.55 rows=1035 width=4)
	        Recheck Cond: ((id >= 683143) AND (id <= 684142))
	        ->  Bitmap Index Scan on sbtest8_pkey  (cost=0.00..22.79 rows=1035 width=0)
	              Index Cond: ((id >= 683143) AND (id <= 684142))

for: distinct_ranges
table 1 : explain SELECT DISTINCT c FROM sbtest1 WHERE id BETWEEN 195940 AND 196939 ORDER BY c
	Unique  (cost=3952.39..3957.45 rows=1011 width=121)
	  ->  Sort  (cost=3952.39..3954.92 rows=1011 width=121)
	        Sort Key: c
	        ->  Bitmap Heap Scan on sbtest1  (cost=22.80..3901.94 rows=1011 width=121)
	              Recheck Cond: ((id >= 195940) AND (id <= 196939))
	              ->  Bitmap Index Scan on sbtest1_pkey  (cost=0.00..22.54 rows=1011 width=0)
	                    Index Cond: ((id >= 195940) AND (id <= 196939))

table 2 : explain SELECT DISTINCT c FROM sbtest2 WHERE id BETWEEN 2164578 AND 2165577 ORDER BY c
	Unique  (cost=3527.29..3531.79 rows=900 width=121)
	  ->  Sort  (cost=3527.29..3529.54 rows=900 width=121)
	        Sort Key: c
	        ->  Bitmap Heap Scan on sbtest2  (cost=21.66..3483.13 rows=900 width=121)
	              Recheck Cond: ((id >= 2164578) AND (id <= 2165577))
	              ->  Bitmap Index Scan on sbtest2_pkey  (cost=0.00..21.43 rows=900 width=0)
	                    Index Cond: ((id >= 2164578) AND (id <= 2165577))

table 3 : explain SELECT DISTINCT c FROM sbtest3 WHERE id BETWEEN 4508745 AND 4509744 ORDER BY c
	Unique  (cost=3940.76..3945.80 rows=1008 width=121)
	  ->  Sort  (cost=3940.76..3943.28 rows=1008 width=121)
	        Sort Key: c
	        ->  Bitmap Heap Scan on sbtest3  (cost=22.77..3890.47 rows=1008 width=121)
	              Recheck Cond: ((id >= 4508745) AND (id <= 4509744))
	              ->  Bitmap Index Scan on sbtest3_pkey  (cost=0.00..22.51 rows=1008 width=0)
	                    Index Cond: ((id >= 4508745) AND (id <= 4509744))

table 4 : explain SELECT DISTINCT c FROM sbtest4 WHERE id BETWEEN 4173515 AND 4174514 ORDER BY c
	Unique  (cost=4085.83..4091.06 rows=1046 width=121)
	  ->  Sort  (cost=4085.83..4088.45 rows=1046 width=121)
	        Sort Key: c
	        ->  Bitmap Heap Scan on sbtest4  (cost=23.16..4033.37 rows=1046 width=121)
	              Recheck Cond: ((id >= 4173515) AND (id <= 4174514))
	              ->  Bitmap Index Scan on sbtest4_pkey  (cost=0.00..22.89 rows=1046 width=0)
	                    Index Cond: ((id >= 4173515) AND (id <= 4174514))

table 5 : explain SELECT DISTINCT c FROM sbtest5 WHERE id BETWEEN 581477 AND 582476 ORDER BY c
	Unique  (cost=3589.86..3594.44 rows=916 width=121)
	  ->  Sort  (cost=3589.86..3592.15 rows=916 width=121)
	        Sort Key: c
	        ->  Bitmap Heap Scan on sbtest5  (cost=21.82..3544.80 rows=916 width=121)
	              Recheck Cond: ((id >= 581477) AND (id <= 582476))
	              ->  Bitmap Index Scan on sbtest5_pkey  (cost=0.00..21.59 rows=916 width=0)
	                    Index Cond: ((id >= 581477) AND (id <= 582476))

table 6 : explain SELECT DISTINCT c FROM sbtest6 WHERE id BETWEEN 4435983 AND 4436982 ORDER BY c
	Unique  (cost=3669.53..3674.21 rows=937 width=121)
	  ->  Sort  (cost=3669.53..3671.87 rows=937 width=121)
	        Sort Key: c
	        ->  Bitmap Heap Scan on sbtest6  (cost=22.04..3623.28 rows=937 width=121)
	              Recheck Cond: ((id >= 4435983) AND (id <= 4436982))
	              ->  Bitmap Index Scan on sbtest6_pkey  (cost=0.00..21.80 rows=937 width=0)
	                    Index Cond: ((id >= 4435983) AND (id <= 4436982))

table 7 : explain SELECT DISTINCT c FROM sbtest7 WHERE id BETWEEN 2668472 AND 2669471 ORDER BY c
	Unique  (cost=3995.84..4000.95 rows=1022 width=121)
	  ->  Sort  (cost=3995.84..3998.39 rows=1022 width=121)
	        Sort Key: c
	        ->  Bitmap Heap Scan on sbtest7  (cost=22.91..3944.75 rows=1022 width=121)
	              Recheck Cond: ((id >= 2668472) AND (id <= 2669471))
	              ->  Bitmap Index Scan on sbtest7_pkey  (cost=0.00..22.65 rows=1022 width=0)
	                    Index Cond: ((id >= 2668472) AND (id <= 2669471))

table 8 : explain SELECT DISTINCT c FROM sbtest8 WHERE id BETWEEN 3434672 AND 3435671 ORDER BY c
	Unique  (cost=3976.60..3981.69 rows=1017 width=121)
	  ->  Sort  (cost=3976.60..3979.14 rows=1017 width=121)
	        Sort Key: c
	        ->  Bitmap Heap Scan on sbtest8  (cost=22.86..3925.80 rows=1017 width=121)
	              Recheck Cond: ((id >= 3434672) AND (id <= 3435671))
	              ->  Bitmap Index Scan on sbtest8_pkey  (cost=0.00..22.61 rows=1017 width=0)
	                    Index Cond: ((id >= 3434672) AND (id <= 3435671))

for: simple_ranges
table 1 : explain SELECT c FROM sbtest1 WHERE id BETWEEN 887982 AND 888981
	Bitmap Heap Scan on sbtest1  (cost=21.68..3490.90 rows=902 width=121)
	  Recheck Cond: ((id >= 887982) AND (id <= 888981))
	  ->  Bitmap Index Scan on sbtest1_pkey  (cost=0.00..21.45 rows=902 width=0)
	        Index Cond: ((id >= 887982) AND (id <= 888981))

table 2 : explain SELECT c FROM sbtest2 WHERE id BETWEEN 5718091 AND 5719090
	Bitmap Heap Scan on sbtest2  (cost=22.67..3856.51 rows=999 width=121)
	  Recheck Cond: ((id >= 5718091) AND (id <= 5719090))
	  ->  Bitmap Index Scan on sbtest2_pkey  (cost=0.00..22.43 rows=999 width=0)
	        Index Cond: ((id >= 5718091) AND (id <= 5719090))

table 3 : explain SELECT c FROM sbtest3 WHERE id BETWEEN 7692592 AND 7693591
	Bitmap Heap Scan on sbtest3  (cost=21.99..3604.03 rows=932 width=121)
	  Recheck Cond: ((id >= 7692592) AND (id <= 7693591))
	  ->  Bitmap Index Scan on sbtest3_pkey  (cost=0.00..21.75 rows=932 width=0)
	        Index Cond: ((id >= 7692592) AND (id <= 7693591))

table 4 : explain SELECT c FROM sbtest4 WHERE id BETWEEN 6783698 AND 6784697
	Bitmap Heap Scan on sbtest4  (cost=22.72..3871.62 rows=1003 width=121)
	  Recheck Cond: ((id >= 6783698) AND (id <= 6784697))
	  ->  Bitmap Index Scan on sbtest4_pkey  (cost=0.00..22.46 rows=1003 width=0)
	        Index Cond: ((id >= 6783698) AND (id <= 6784697))

table 5 : explain SELECT c FROM sbtest5 WHERE id BETWEEN 1033233 AND 1034232
	Bitmap Heap Scan on sbtest5  (cost=22.37..3744.85 rows=969 width=121)
	  Recheck Cond: ((id >= 1033233) AND (id <= 1034232))
	  ->  Bitmap Index Scan on sbtest5_pkey  (cost=0.00..22.12 rows=969 width=0)
	        Index Cond: ((id >= 1033233) AND (id <= 1034232))

table 6 : explain SELECT c FROM sbtest6 WHERE id BETWEEN 9860030 AND 9861029
	Bitmap Heap Scan on sbtest6  (cost=22.02..3615.73 rows=935 width=121)
	  Recheck Cond: ((id >= 9860030) AND (id <= 9861029))
	  ->  Bitmap Index Scan on sbtest6_pkey  (cost=0.00..21.79 rows=935 width=0)
	        Index Cond: ((id >= 9860030) AND (id <= 9861029))

table 7 : explain SELECT c FROM sbtest7 WHERE id BETWEEN 1033325 AND 1034324
	Bitmap Heap Scan on sbtest7  (cost=20.77..3155.08 rows=813 width=121)
	  Recheck Cond: ((id >= 1033325) AND (id <= 1034324))
	  ->  Bitmap Index Scan on sbtest7_pkey  (cost=0.00..20.57 rows=813 width=0)
	        Index Cond: ((id >= 1033325) AND (id <= 1034324))

table 8 : explain SELECT c FROM sbtest8 WHERE id BETWEEN 6124870 AND 6125869
	Bitmap Heap Scan on sbtest8  (cost=23.24..4065.02 rows=1054 width=121)
	  Recheck Cond: ((id >= 6124870) AND (id <= 6125869))
	  ->  Bitmap Index Scan on sbtest8_pkey  (cost=0.00..22.97 rows=1054 width=0)
	        Index Cond: ((id >= 6124870) AND (id <= 6125869))

for point_selects
table 1 : explain SELECT c FROM sbtest1 WHERE id=9286751
	Index Scan using sbtest1_pkey on sbtest1  (cost=0.43..8.45 rows=1 width=121)
	  Index Cond: (id = 9286751)

table 2 : explain SELECT c FROM sbtest2 WHERE id=3385503
	Index Scan using sbtest2_pkey on sbtest2  (cost=0.43..8.45 rows=1 width=121)
	  Index Cond: (id = 3385503)

table 3 : explain SELECT c FROM sbtest3 WHERE id=7924036
	Index Scan using sbtest3_pkey on sbtest3  (cost=0.43..8.45 rows=1 width=121)
	  Index Cond: (id = 7924036)

table 4 : explain SELECT c FROM sbtest4 WHERE id=6562832
	Index Scan using sbtest4_pkey on sbtest4  (cost=0.43..8.45 rows=1 width=121)
	  Index Cond: (id = 6562832)

table 5 : explain SELECT c FROM sbtest5 WHERE id=9272119
	Index Scan using sbtest5_pkey on sbtest5  (cost=0.43..8.45 rows=1 width=121)
	  Index Cond: (id = 9272119)

table 6 : explain SELECT c FROM sbtest6 WHERE id=3587201
	Index Scan using sbtest6_pkey on sbtest6  (cost=0.43..8.45 rows=1 width=121)
	  Index Cond: (id = 3587201)

table 7 : explain SELECT c FROM sbtest7 WHERE id=2678616
	Index Scan using sbtest7_pkey on sbtest7  (cost=0.43..8.45 rows=1 width=121)
	  Index Cond: (id = 2678616)

table 8 : explain SELECT c FROM sbtest8 WHERE id=2418260
	Index Scan using sbtest8_pkey on sbtest8  (cost=0.43..8.45 rows=1 width=121)
	  Index Cond: (id = 2418260)

for point_selects
table 1 : explain SELECT c FROM sbtest1 WHERE id=3297342
	Index Scan using sbtest1_pkey on sbtest1  (cost=0.43..8.45 rows=1 width=121)
	  Index Cond: (id = 3297342)

table 2 : explain SELECT c FROM sbtest2 WHERE id=2729439
	Index Scan using sbtest2_pkey on sbtest2  (cost=0.43..8.45 rows=1 width=121)
	  Index Cond: (id = 2729439)

table 3 : explain SELECT c FROM sbtest3 WHERE id=1666177
	Index Scan using sbtest3_pkey on sbtest3  (cost=0.43..8.45 rows=1 width=121)
	  Index Cond: (id = 1666177)

table 4 : explain SELECT c FROM sbtest4 WHERE id=7781263
	Index Scan using sbtest4_pkey on sbtest4  (cost=0.43..8.45 rows=1 width=121)
	  Index Cond: (id = 7781263)

table 5 : explain SELECT c FROM sbtest5 WHERE id=6056106
	Index Scan using sbtest5_pkey on sbtest5  (cost=0.43..8.45 rows=1 width=121)
	  Index Cond: (id = 6056106)

table 6 : explain SELECT c FROM sbtest6 WHERE id=4187067
	Index Scan using sbtest6_pkey on sbtest6  (cost=0.43..8.45 rows=1 width=121)
	  Index Cond: (id = 4187067)

table 7 : explain SELECT c FROM sbtest7 WHERE id=1552504
	Index Scan using sbtest7_pkey on sbtest7  (cost=0.43..8.45 rows=1 width=121)
	  Index Cond: (id = 1552504)

table 8 : explain SELECT c FROM sbtest8 WHERE id=3509672
	Index Scan using sbtest8_pkey on sbtest8  (cost=0.43..8.45 rows=1 width=121)
	  Index Cond: (id = 3509672)

for: simple_ranges
table 1 : explain SELECT c FROM sbtest1 WHERE id BETWEEN 2685923 AND 2686922
	Bitmap Heap Scan on sbtest1  (cost=23.17..4037.35 rows=1047 width=121)
	  Recheck Cond: ((id >= 2685923) AND (id <= 2686922))
	  ->  Bitmap Index Scan on sbtest1_pkey  (cost=0.00..22.90 rows=1047 width=0)
	        Index Cond: ((id >= 2685923) AND (id <= 2686922))

table 2 : explain SELECT c FROM sbtest2 WHERE id BETWEEN 7356664 AND 7357663
	Bitmap Heap Scan on sbtest2  (cost=21.83..3547.34 rows=917 width=121)
	  Recheck Cond: ((id >= 7356664) AND (id <= 7357663))
	  ->  Bitmap Index Scan on sbtest2_pkey  (cost=0.00..21.61 rows=917 width=0)
	        Index Cond: ((id >= 7356664) AND (id <= 7357663))

table 3 : explain SELECT c FROM sbtest3 WHERE id BETWEEN 8183486 AND 8184485
	Bitmap Heap Scan on sbtest3  (cost=23.37..4112.32 rows=1067 width=121)
	  Recheck Cond: ((id >= 8183486) AND (id <= 8184485))
	  ->  Bitmap Index Scan on sbtest3_pkey  (cost=0.00..23.11 rows=1067 width=0)
	        Index Cond: ((id >= 8183486) AND (id <= 8184485))

table 4 : explain SELECT c FROM sbtest4 WHERE id BETWEEN 6467954 AND 6468953
	Bitmap Heap Scan on sbtest4  (cost=23.55..4176.13 rows=1084 width=121)
	  Recheck Cond: ((id >= 6467954) AND (id <= 6468953))
	  ->  Bitmap Index Scan on sbtest4_pkey  (cost=0.00..23.27 rows=1084 width=0)
	        Index Cond: ((id >= 6467954) AND (id <= 6468953))

table 5 : explain SELECT c FROM sbtest5 WHERE id BETWEEN 1470833 AND 1471832
	Bitmap Heap Scan on sbtest5  (cost=21.76..3522.12 rows=910 width=121)
	  Recheck Cond: ((id >= 1470833) AND (id <= 1471832))
	  ->  Bitmap Index Scan on sbtest5_pkey  (cost=0.00..21.54 rows=910 width=0)
	        Index Cond: ((id >= 1470833) AND (id <= 1471832))

table 6 : explain SELECT c FROM sbtest6 WHERE id BETWEEN 1148532 AND 1149531
	Bitmap Heap Scan on sbtest6  (cost=21.32..3358.77 rows=867 width=121)
	  Recheck Cond: ((id >= 1148532) AND (id <= 1149531))
	  ->  Bitmap Index Scan on sbtest6_pkey  (cost=0.00..21.11 rows=867 width=0)
	        Index Cond: ((id >= 1148532) AND (id <= 1149531))

table 7 : explain SELECT c FROM sbtest7 WHERE id BETWEEN 9671314 AND 9672313
	Bitmap Heap Scan on sbtest7  (cost=28.07..4369.61 rows=1135 width=121)
	  Recheck Cond: ((id >= 9671314) AND (id <= 9672313))
	  ->  Bitmap Index Scan on sbtest7_pkey  (cost=0.00..27.79 rows=1135 width=0)
	        Index Cond: ((id >= 9671314) AND (id <= 9672313))

table 8 : explain SELECT c FROM sbtest8 WHERE id BETWEEN 4035337 AND 4036336
	Bitmap Heap Scan on sbtest8  (cost=22.12..3654.39 rows=945 width=121)
	  Recheck Cond: ((id >= 4035337) AND (id <= 4036336))
	  ->  Bitmap Index Scan on sbtest8_pkey  (cost=0.00..21.89 rows=945 width=0)
	        Index Cond: ((id >= 4035337) AND (id <= 4036336))

for: distinct_ranges
table 1 : explain SELECT DISTINCT c FROM sbtest1 WHERE id BETWEEN 2101460 AND 2102459 ORDER BY c
	Unique  (cost=4024.97..4030.12 rows=1030 width=121)
	  ->  Sort  (cost=4024.97..4027.54 rows=1030 width=121)
	        Sort Key: c
	        ->  Bitmap Heap Scan on sbtest1  (cost=22.99..3973.42 rows=1030 width=121)
	              Recheck Cond: ((id >= 2101460) AND (id <= 2102459))
	              ->  Bitmap Index Scan on sbtest1_pkey  (cost=0.00..22.73 rows=1030 width=0)
	                    Index Cond: ((id >= 2101460) AND (id <= 2102459))

table 2 : explain SELECT DISTINCT c FROM sbtest2 WHERE id BETWEEN 7685714 AND 7686713 ORDER BY c
	Unique  (cost=3833.64..3838.54 rows=980 width=121)
	  ->  Sort  (cost=3833.64..3836.09 rows=980 width=121)
	        Sort Key: c
	        ->  Bitmap Heap Scan on sbtest2  (cost=22.48..3784.96 rows=980 width=121)
	              Recheck Cond: ((id >= 7685714) AND (id <= 7686713))
	              ->  Bitmap Index Scan on sbtest2_pkey  (cost=0.00..22.23 rows=980 width=0)
	                    Index Cond: ((id >= 7685714) AND (id <= 7686713))

table 3 : explain SELECT DISTINCT c FROM sbtest3 WHERE id BETWEEN 5772589 AND 5773588 ORDER BY c
	Unique  (cost=3975.14..3980.23 rows=1017 width=121)
	  ->  Sort  (cost=3975.14..3977.68 rows=1017 width=121)
	        Sort Key: c
	        ->  Bitmap Heap Scan on sbtest3  (cost=22.86..3924.34 rows=1017 width=121)
	              Recheck Cond: ((id >= 5772589) AND (id <= 5773588))
	              ->  Bitmap Index Scan on sbtest3_pkey  (cost=0.00..22.61 rows=1017 width=0)
	                    Index Cond: ((id >= 5772589) AND (id <= 5773588))

table 4 : explain SELECT DISTINCT c FROM sbtest4 WHERE id BETWEEN 6519 AND 7518 ORDER BY c
	Unique  (cost=3642.31..3646.96 rows=930 width=121)
	  ->  Sort  (cost=3642.31..3644.63 rows=930 width=121)
	        Sort Key: c
	        ->  Bitmap Heap Scan on sbtest4  (cost=21.97..3596.45 rows=930 width=121)
	              Recheck Cond: ((id >= 6519) AND (id <= 7518))
	              ->  Bitmap Index Scan on sbtest4_pkey  (cost=0.00..21.73 rows=930 width=0)
	                    Index Cond: ((id >= 6519) AND (id <= 7518))

table 5 : explain SELECT DISTINCT c FROM sbtest5 WHERE id BETWEEN 6065872 AND 6066871 ORDER BY c
	Unique  (cost=3766.11..3770.92 rows=962 width=121)
	  ->  Sort  (cost=3766.11..3768.52 rows=962 width=121)
	        Sort Key: c
	        ->  Bitmap Heap Scan on sbtest5  (cost=22.30..3718.45 rows=962 width=121)
	              Recheck Cond: ((id >= 6065872) AND (id <= 6066871))
	              ->  Bitmap Index Scan on sbtest5_pkey  (cost=0.00..22.05 rows=962 width=0)
	                    Index Cond: ((id >= 6065872) AND (id <= 6066871))

table 6 : explain SELECT DISTINCT c FROM sbtest6 WHERE id BETWEEN 6417187 AND 6418186 ORDER BY c
	Unique  (cost=3761.42..3766.23 rows=961 width=121)
	  ->  Sort  (cost=3761.42..3763.82 rows=961 width=121)
	        Sort Key: c
	        ->  Bitmap Heap Scan on sbtest6  (cost=22.29..3713.81 rows=961 width=121)
	              Recheck Cond: ((id >= 6417187) AND (id <= 6418186))
	              ->  Bitmap Index Scan on sbtest6_pkey  (cost=0.00..22.04 rows=961 width=0)
	                    Index Cond: ((id >= 6417187) AND (id <= 6418186))

table 7 : explain SELECT DISTINCT c FROM sbtest7 WHERE id BETWEEN 3685075 AND 3686074 ORDER BY c
	Unique  (cost=3647.56..3652.21 rows=931 width=121)
	  ->  Sort  (cost=3647.56..3649.88 rows=931 width=121)
	        Sort Key: c
	        ->  Bitmap Heap Scan on sbtest7  (cost=21.98..3601.65 rows=931 width=121)
	              Recheck Cond: ((id >= 3685075) AND (id <= 3686074))
	              ->  Bitmap Index Scan on sbtest7_pkey  (cost=0.00..21.75 rows=931 width=0)
	                    Index Cond: ((id >= 3685075) AND (id <= 3686074))

table 8 : explain SELECT DISTINCT c FROM sbtest8 WHERE id BETWEEN 6157727 AND 6158726 ORDER BY c
	Unique  (cost=4117.94..4123.21 rows=1054 width=121)
	  ->  Sort  (cost=4117.94..4120.57 rows=1054 width=121)
	        Sort Key: c
	        ->  Bitmap Heap Scan on sbtest8  (cost=23.24..4065.02 rows=1054 width=121)
	              Recheck Cond: ((id >= 6157727) AND (id <= 6158726))
	              ->  Bitmap Index Scan on sbtest8_pkey  (cost=0.00..22.97 rows=1054 width=0)
	                    Index Cond: ((id >= 6157727) AND (id <= 6158726))

for: distinct_ranges
table 1 : explain SELECT DISTINCT c FROM sbtest1 WHERE id BETWEEN 332583 AND 333582 ORDER BY c
	Unique  (cost=3810.93..3815.80 rows=974 width=121)
	  ->  Sort  (cost=3810.93..3813.37 rows=974 width=121)
	        Sort Key: c
	        ->  Bitmap Heap Scan on sbtest1  (cost=22.42..3762.58 rows=974 width=121)
	              Recheck Cond: ((id >= 332583) AND (id <= 333582))
	              ->  Bitmap Index Scan on sbtest1_pkey  (cost=0.00..22.18 rows=974 width=0)
	                    Index Cond: ((id >= 332583) AND (id <= 333582))

table 2 : explain SELECT DISTINCT c FROM sbtest2 WHERE id BETWEEN 2110877 AND 2111876 ORDER BY c
	Unique  (cost=3806.87..3811.74 rows=973 width=121)
	  ->  Sort  (cost=3806.87..3809.30 rows=973 width=121)
	        Sort Key: c
	        ->  Bitmap Heap Scan on sbtest2  (cost=22.41..3758.58 rows=973 width=121)
	              Recheck Cond: ((id >= 2110877) AND (id <= 2111876))
	              ->  Bitmap Index Scan on sbtest2_pkey  (cost=0.00..22.16 rows=973 width=0)
	                    Index Cond: ((id >= 2110877) AND (id <= 2111876))

table 3 : explain SELECT DISTINCT c FROM sbtest3 WHERE id BETWEEN 3387143 AND 3388142 ORDER BY c
	Unique  (cost=3982.78..3987.88 rows=1019 width=121)
	  ->  Sort  (cost=3982.78..3985.33 rows=1019 width=121)
	        Sort Key: c
	        ->  Bitmap Heap Scan on sbtest3  (cost=22.88..3931.87 rows=1019 width=121)
	              Recheck Cond: ((id >= 3387143) AND (id <= 3388142))
	              ->  Bitmap Index Scan on sbtest3_pkey  (cost=0.00..22.62 rows=1019 width=0)
	                    Index Cond: ((id >= 3387143) AND (id <= 3388142))

table 4 : explain SELECT DISTINCT c FROM sbtest4 WHERE id BETWEEN 599225 AND 600224 ORDER BY c
	Unique  (cost=3661.46..3666.14 rows=935 width=121)
	  ->  Sort  (cost=3661.46..3663.80 rows=935 width=121)
	        Sort Key: c
	        ->  Bitmap Heap Scan on sbtest4  (cost=22.02..3615.32 rows=935 width=121)
	              Recheck Cond: ((id >= 599225) AND (id <= 600224))
	              ->  Bitmap Index Scan on sbtest4_pkey  (cost=0.00..21.79 rows=935 width=0)
	                    Index Cond: ((id >= 599225) AND (id <= 600224))

table 5 : explain SELECT DISTINCT c FROM sbtest5 WHERE id BETWEEN 5690458 AND 5691457 ORDER BY c
	Unique  (cost=4232.31..4237.73 rows=1084 width=121)
	  ->  Sort  (cost=4232.31..4235.02 rows=1084 width=121)
	        Sort Key: c
	        ->  Bitmap Heap Scan on sbtest5  (cost=23.55..4177.66 rows=1084 width=121)
	              Recheck Cond: ((id >= 5690458) AND (id <= 5691457))
	              ->  Bitmap Index Scan on sbtest5_pkey  (cost=0.00..23.27 rows=1084 width=0)
	                    Index Cond: ((id >= 5690458) AND (id <= 5691457))

table 6 : explain SELECT DISTINCT c FROM sbtest6 WHERE id BETWEEN 6410369 AND 6411368 ORDER BY c
	Unique  (cost=3761.42..3766.23 rows=961 width=121)
	  ->  Sort  (cost=3761.42..3763.82 rows=961 width=121)
	        Sort Key: c
	        ->  Bitmap Heap Scan on sbtest6  (cost=22.29..3713.81 rows=961 width=121)
	              Recheck Cond: ((id >= 6410369) AND (id <= 6411368))
	              ->  Bitmap Index Scan on sbtest6_pkey  (cost=0.00..22.04 rows=961 width=0)
	                    Index Cond: ((id >= 6410369) AND (id <= 6411368))

table 7 : explain SELECT DISTINCT c FROM sbtest7 WHERE id BETWEEN 9658330 AND 9659329 ORDER BY c
	Unique  (cost=4427.21..4432.88 rows=1135 width=121)
	  ->  Sort  (cost=4427.21..4430.04 rows=1135 width=121)
	        Sort Key: c
	        ->  Bitmap Heap Scan on sbtest7  (cost=28.07..4369.61 rows=1135 width=121)
	              Recheck Cond: ((id >= 9658330) AND (id <= 9659329))
	              ->  Bitmap Index Scan on sbtest7_pkey  (cost=0.00..27.79 rows=1135 width=0)
	                    Index Cond: ((id >= 9658330) AND (id <= 9659329))

table 8 : explain SELECT DISTINCT c FROM sbtest8 WHERE id BETWEEN 1634768 AND 1635767 ORDER BY c
	Unique  (cost=3869.53..3874.48 rows=989 width=121)
	  ->  Sort  (cost=3869.53..3872.01 rows=989 width=121)
	        Sort Key: c
	        ->  Bitmap Heap Scan on sbtest8  (cost=22.57..3820.33 rows=989 width=121)
	              Recheck Cond: ((id >= 1634768) AND (id <= 1635767))
	              ->  Bitmap Index Scan on sbtest8_pkey  (cost=0.00..22.32 rows=989 width=0)
	                    Index Cond: ((id >= 1634768) AND (id <= 1635767))

for: simple_ranges
table 1 : explain SELECT c FROM sbtest1 WHERE id BETWEEN 2049645 AND 2050644
	Bitmap Heap Scan on sbtest1  (cost=22.99..3973.42 rows=1030 width=121)
	  Recheck Cond: ((id >= 2049645) AND (id <= 2050644))
	  ->  Bitmap Index Scan on sbtest1_pkey  (cost=0.00..22.73 rows=1030 width=0)
	        Index Cond: ((id >= 2049645) AND (id <= 2050644))

table 2 : explain SELECT c FROM sbtest2 WHERE id BETWEEN 8857358 AND 8858357
	Bitmap Heap Scan on sbtest2  (cost=22.66..3852.75 rows=998 width=121)
	  Recheck Cond: ((id >= 8857358) AND (id <= 8858357))
	  ->  Bitmap Index Scan on sbtest2_pkey  (cost=0.00..22.41 rows=998 width=0)
	        Index Cond: ((id >= 8857358) AND (id <= 8858357))

table 3 : explain SELECT c FROM sbtest3 WHERE id BETWEEN 6763570 AND 6764569
	Bitmap Heap Scan on sbtest3  (cost=20.97..3229.73 rows=833 width=121)
	  Recheck Cond: ((id >= 6763570) AND (id <= 6764569))
	  ->  Bitmap Index Scan on sbtest3_pkey  (cost=0.00..20.76 rows=833 width=0)
	        Index Cond: ((id >= 6763570) AND (id <= 6764569))

table 4 : explain SELECT c FROM sbtest4 WHERE id BETWEEN 6564722 AND 6565721
	Bitmap Heap Scan on sbtest4  (cost=21.79..3532.27 rows=913 width=121)
	  Recheck Cond: ((id >= 6564722) AND (id <= 6565721))
	  ->  Bitmap Index Scan on sbtest4_pkey  (cost=0.00..21.57 rows=913 width=0)
	        Index Cond: ((id >= 6564722) AND (id <= 6565721))

table 5 : explain SELECT c FROM sbtest5 WHERE id BETWEEN 9781148 AND 9782147
	Bitmap Heap Scan on sbtest5  (cost=22.65..3850.38 rows=997 width=121)
	  Recheck Cond: ((id >= 9781148) AND (id <= 9782147))
	  ->  Bitmap Index Scan on sbtest5_pkey  (cost=0.00..22.40 rows=997 width=0)
	        Index Cond: ((id >= 9781148) AND (id <= 9782147))

table 6 : explain SELECT c FROM sbtest6 WHERE id BETWEEN 4754797 AND 4755796
	Bitmap Heap Scan on sbtest6  (cost=21.89..3566.65 rows=922 width=121)
	  Recheck Cond: ((id >= 4754797) AND (id <= 4755796))
	  ->  Bitmap Index Scan on sbtest6_pkey  (cost=0.00..21.65 rows=922 width=0)
	        Index Cond: ((id >= 4754797) AND (id <= 4755796))

table 7 : explain SELECT c FROM sbtest7 WHERE id BETWEEN 7548757 AND 7549756
	Bitmap Heap Scan on sbtest7  (cost=22.92..3948.52 rows=1023 width=121)
	  Recheck Cond: ((id >= 7548757) AND (id <= 7549756))
	  ->  Bitmap Index Scan on sbtest7_pkey  (cost=0.00..22.66 rows=1023 width=0)
	        Index Cond: ((id >= 7548757) AND (id <= 7549756))

table 8 : explain SELECT c FROM sbtest8 WHERE id BETWEEN 5496478 AND 5497477
	Bitmap Heap Scan on sbtest8  (cost=22.51..3797.72 rows=983 width=121)
	  Recheck Cond: ((id >= 5496478) AND (id <= 5497477))
	  ->  Bitmap Index Scan on sbtest8_pkey  (cost=0.00..22.26 rows=983 width=0)
	        Index Cond: ((id >= 5496478) AND (id <= 5497477))

for: order_ranges
table 1 : explain SELECT c FROM sbtest1 WHERE id BETWEEN 3433987 AND 3434986 ORDER BY c
	Sort  (cost=3891.24..3893.73 rows=995 width=121)
	  Sort Key: c
	  ->  Bitmap Heap Scan on sbtest1  (cost=22.63..3841.70 rows=995 width=121)
	        Recheck Cond: ((id >= 3433987) AND (id <= 3434986))
	        ->  Bitmap Index Scan on sbtest1_pkey  (cost=0.00..22.39 rows=995 width=0)
	              Index Cond: ((id >= 3433987) AND (id <= 3434986))

table 2 : explain SELECT c FROM sbtest2 WHERE id BETWEEN 8686873 AND 8687872 ORDER BY c
	Sort  (cost=3856.59..3859.05 rows=986 width=121)
	  Sort Key: c
	  ->  Bitmap Heap Scan on sbtest2  (cost=22.54..3807.56 rows=986 width=121)
	        Recheck Cond: ((id >= 8686873) AND (id <= 8687872))
	        ->  Bitmap Index Scan on sbtest2_pkey  (cost=0.00..22.29 rows=986 width=0)
	              Index Cond: ((id >= 8686873) AND (id <= 8687872))

table 3 : explain SELECT c FROM sbtest3 WHERE id BETWEEN 4331945 AND 4332944 ORDER BY c
	Sort  (cost=3787.82..3790.24 rows=968 width=121)
	  Sort Key: c
	  ->  Bitmap Heap Scan on sbtest3  (cost=22.36..3739.81 rows=968 width=121)
	        Recheck Cond: ((id >= 4331945) AND (id <= 4332944))
	        ->  Bitmap Index Scan on sbtest3_pkey  (cost=0.00..22.11 rows=968 width=0)
	              Index Cond: ((id >= 4331945) AND (id <= 4332944))

table 4 : explain SELECT c FROM sbtest4 WHERE id BETWEEN 4303144 AND 4304143 ORDER BY c
	Sort  (cost=4074.39..4076.99 rows=1043 width=121)
	  Sort Key: c
	  ->  Bitmap Heap Scan on sbtest4  (cost=23.13..4022.10 rows=1043 width=121)
	        Recheck Cond: ((id >= 4303144) AND (id <= 4304143))
	        ->  Bitmap Index Scan on sbtest4_pkey  (cost=0.00..22.86 rows=1043 width=0)
	              Index Cond: ((id >= 4303144) AND (id <= 4304143))

table 5 : explain SELECT c FROM sbtest5 WHERE id BETWEEN 7745601 AND 7746600 ORDER BY c
	Sort  (cost=3850.31..3852.77 rows=984 width=121)
	  Sort Key: c
	  ->  Bitmap Heap Scan on sbtest5  (cost=22.52..3801.40 rows=984 width=121)
	        Recheck Cond: ((id >= 7745601) AND (id <= 7746600))
	        ->  Bitmap Index Scan on sbtest5_pkey  (cost=0.00..22.27 rows=984 width=0)
	              Index Cond: ((id >= 7745601) AND (id <= 7746600))

table 6 : explain SELECT c FROM sbtest6 WHERE id BETWEEN 3065994 AND 3066993 ORDER BY c
	Sort  (cost=3646.54..3648.87 rows=931 width=121)
	  Sort Key: c
	  ->  Bitmap Heap Scan on sbtest6  (cost=21.98..3600.63 rows=931 width=121)
	        Recheck Cond: ((id >= 3065994) AND (id <= 3066993))
	        ->  Bitmap Index Scan on sbtest6_pkey  (cost=0.00..21.75 rows=931 width=0)
	              Index Cond: ((id >= 3065994) AND (id <= 3066993))

table 7 : explain SELECT c FROM sbtest7 WHERE id BETWEEN 4987176 AND 4988175 ORDER BY c
	Sort  (cost=3796.95..3799.37 rows=970 width=121)
	  Sort Key: c
	  ->  Bitmap Heap Scan on sbtest7  (cost=22.38..3748.82 rows=970 width=121)
	        Recheck Cond: ((id >= 4987176) AND (id <= 4988175))
	        ->  Bitmap Index Scan on sbtest7_pkey  (cost=0.00..22.14 rows=970 width=0)
	              Index Cond: ((id >= 4987176) AND (id <= 4988175))

table 8 : explain SELECT c FROM sbtest8 WHERE id BETWEEN 9963185 AND 9964184 ORDER BY c
	Sort  (cost=3907.78..3910.28 rows=999 width=121)
	  Sort Key: c
	  ->  Bitmap Heap Scan on sbtest8  (cost=22.67..3858.01 rows=999 width=121)
	        Recheck Cond: ((id >= 9963185) AND (id <= 9964184))
	        ->  Bitmap Index Scan on sbtest8_pkey  (cost=0.00..22.43 rows=999 width=0)
	              Index Cond: ((id >= 9963185) AND (id <= 9964184))

for point_selects
table 1 : explain SELECT c FROM sbtest1 WHERE id=9347133
	Index Scan using sbtest1_pkey on sbtest1  (cost=0.43..8.45 rows=1 width=121)
	  Index Cond: (id = 9347133)

table 2 : explain SELECT c FROM sbtest2 WHERE id=844966
	Index Scan using sbtest2_pkey on sbtest2  (cost=0.43..8.45 rows=1 width=121)
	  Index Cond: (id = 844966)

table 3 : explain SELECT c FROM sbtest3 WHERE id=658680
	Index Scan using sbtest3_pkey on sbtest3  (cost=0.43..8.45 rows=1 width=121)
	  Index Cond: (id = 658680)

table 4 : explain SELECT c FROM sbtest4 WHERE id=8661749
	Index Scan using sbtest4_pkey on sbtest4  (cost=0.43..8.45 rows=1 width=121)
	  Index Cond: (id = 8661749)

table 5 : explain SELECT c FROM sbtest5 WHERE id=3489199
	Index Scan using sbtest5_pkey on sbtest5  (cost=0.43..8.45 rows=1 width=121)
	  Index Cond: (id = 3489199)

table 6 : explain SELECT c FROM sbtest6 WHERE id=1749512
	Index Scan using sbtest6_pkey on sbtest6  (cost=0.43..8.45 rows=1 width=121)
	  Index Cond: (id = 1749512)

table 7 : explain SELECT c FROM sbtest7 WHERE id=7953060
	Index Scan using sbtest7_pkey on sbtest7  (cost=0.43..8.45 rows=1 width=121)
	  Index Cond: (id = 7953060)

table 8 : explain SELECT c FROM sbtest8 WHERE id=9107443
	Index Scan using sbtest8_pkey on sbtest8  (cost=0.43..8.45 rows=1 width=121)
	  Index Cond: (id = 9107443)

for: sum_ranges
table 1 : explain SELECT SUM(k) FROM sbtest1 WHERE id BETWEEN 3873443 AND 3874442
	Aggregate  (cost=4130.21..4130.22 rows=1 width=8)
	  ->  Bitmap Heap Scan on sbtest1  (cost=23.41..4127.53 rows=1071 width=4)
	        Recheck Cond: ((id >= 3873443) AND (id <= 3874442))
	        ->  Bitmap Index Scan on sbtest1_pkey  (cost=0.00..23.14 rows=1071 width=0)
	              Index Cond: ((id >= 3873443) AND (id <= 3874442))

table 2 : explain SELECT SUM(k) FROM sbtest2 WHERE id BETWEEN 4459149 AND 4460148
	Aggregate  (cost=3828.87..3828.88 rows=1 width=8)
	  ->  Bitmap Heap Scan on sbtest2  (cost=22.59..3826.39 rows=991 width=4)
	        Recheck Cond: ((id >= 4459149) AND (id <= 4460148))
	        ->  Bitmap Index Scan on sbtest2_pkey  (cost=0.00..22.34 rows=991 width=0)
	              Index Cond: ((id >= 4459149) AND (id <= 4460148))

table 3 : explain SELECT SUM(k) FROM sbtest3 WHERE id BETWEEN 2165944 AND 2166943
	Aggregate  (cost=3836.48..3836.49 rows=1 width=8)
	  ->  Bitmap Heap Scan on sbtest3  (cost=22.61..3834.00 rows=993 width=4)
	        Recheck Cond: ((id >= 2165944) AND (id <= 2166943))
	        ->  Bitmap Index Scan on sbtest3_pkey  (cost=0.00..22.36 rows=993 width=0)
	              Index Cond: ((id >= 2165944) AND (id <= 2166943))

table 4 : explain SELECT SUM(k) FROM sbtest4 WHERE id BETWEEN 9517836 AND 9518835
	Aggregate  (cost=4028.47..4028.48 rows=1 width=8)
	  ->  Bitmap Heap Scan on sbtest4  (cost=23.14..4025.86 rows=1044 width=4)
	        Recheck Cond: ((id >= 9517836) AND (id <= 9518835))
	        ->  Bitmap Index Scan on sbtest4_pkey  (cost=0.00..22.87 rows=1044 width=0)
	              Index Cond: ((id >= 9517836) AND (id <= 9518835))

table 5 : explain SELECT SUM(k) FROM sbtest5 WHERE id BETWEEN 6799249 AND 6800248
	Aggregate  (cost=3668.00..3668.01 rows=1 width=8)
	  ->  Bitmap Heap Scan on sbtest5  (cost=22.15..3665.63 rows=948 width=4)
	        Recheck Cond: ((id >= 6799249) AND (id <= 6800248))
	        ->  Bitmap Index Scan on sbtest5_pkey  (cost=0.00..21.91 rows=948 width=0)
	              Index Cond: ((id >= 6799249) AND (id <= 6800248))

table 6 : explain SELECT SUM(k) FROM sbtest6 WHERE id BETWEEN 447852 AND 448851
	Aggregate  (cost=4051.51..4051.52 rows=1 width=8)
	  ->  Bitmap Heap Scan on sbtest6  (cost=23.20..4048.89 rows=1050 width=4)
	        Recheck Cond: ((id >= 447852) AND (id <= 448851))
	        ->  Bitmap Index Scan on sbtest6_pkey  (cost=0.00..22.93 rows=1050 width=0)
	              Index Cond: ((id >= 447852) AND (id <= 448851))

table 7 : explain SELECT SUM(k) FROM sbtest7 WHERE id BETWEEN 2498521 AND 2499520
	Aggregate  (cost=3524.59..3524.60 rows=1 width=8)
	  ->  Bitmap Heap Scan on sbtest7  (cost=21.76..3522.31 rows=910 width=4)
	        Recheck Cond: ((id >= 2498521) AND (id <= 2499520))
	        ->  Bitmap Index Scan on sbtest7_pkey  (cost=0.00..21.54 rows=910 width=0)
	              Index Cond: ((id >= 2498521) AND (id <= 2499520))

table 8 : explain SELECT SUM(k) FROM sbtest8 WHERE id BETWEEN 6542763 AND 6543762
	Aggregate  (cost=3770.00..3770.01 rows=1 width=8)
	  ->  Bitmap Heap Scan on sbtest8  (cost=22.43..3767.56 rows=975 width=4)
	        Recheck Cond: ((id >= 6542763) AND (id <= 6543762))
	        ->  Bitmap Index Scan on sbtest8_pkey  (cost=0.00..22.18 rows=975 width=0)
	              Index Cond: ((id >= 6542763) AND (id <= 6543762))

for: sum_ranges
table 1 : explain SELECT SUM(k) FROM sbtest1 WHERE id BETWEEN 5584268 AND 5585267
	Aggregate  (cost=4002.34..4002.35 rows=1 width=8)
	  ->  Bitmap Heap Scan on sbtest1  (cost=23.06..3999.75 rows=1037 width=4)
	        Recheck Cond: ((id >= 5584268) AND (id <= 5585267))
	        ->  Bitmap Index Scan on sbtest1_pkey  (cost=0.00..22.80 rows=1037 width=0)
	              Index Cond: ((id >= 5584268) AND (id <= 5585267))

table 2 : explain SELECT SUM(k) FROM sbtest2 WHERE id BETWEEN 6752585 AND 6753584
	Aggregate  (cost=4058.51..4058.52 rows=1 width=8)
	  ->  Bitmap Heap Scan on sbtest2  (cost=23.22..4055.88 rows=1052 width=4)
	        Recheck Cond: ((id >= 6752585) AND (id <= 6753584))
	        ->  Bitmap Index Scan on sbtest2_pkey  (cost=0.00..22.95 rows=1052 width=0)
	              Index Cond: ((id >= 6752585) AND (id <= 6753584))

table 3 : explain SELECT SUM(k) FROM sbtest3 WHERE id BETWEEN 3022937 AND 3023936
	Aggregate  (cost=4231.73..4231.74 rows=1 width=8)
	  ->  Bitmap Heap Scan on sbtest3  (cost=27.69..4228.98 rows=1098 width=4)
	        Recheck Cond: ((id >= 3022937) AND (id <= 3023936))
	        ->  Bitmap Index Scan on sbtest3_pkey  (cost=0.00..27.41 rows=1098 width=0)
	              Index Cond: ((id >= 3022937) AND (id <= 3023936))

table 4 : explain SELECT SUM(k) FROM sbtest4 WHERE id BETWEEN 3170292 AND 3171291
	Aggregate  (cost=4024.70..4024.71 rows=1 width=8)
	  ->  Bitmap Heap Scan on sbtest4  (cost=23.13..4022.10 rows=1043 width=4)
	        Recheck Cond: ((id >= 3170292) AND (id <= 3171291))
	        ->  Bitmap Index Scan on sbtest4_pkey  (cost=0.00..22.86 rows=1043 width=0)
	              Index Cond: ((id >= 3170292) AND (id <= 3171291))

table 5 : explain SELECT SUM(k) FROM sbtest5 WHERE id BETWEEN 2651033 AND 2652032
	Aggregate  (cost=4101.41..4101.42 rows=1 width=8)
	  ->  Bitmap Heap Scan on sbtest5  (cost=23.33..4098.75 rows=1063 width=4)
	        Recheck Cond: ((id >= 2651033) AND (id <= 2652032))
	        ->  Bitmap Index Scan on sbtest5_pkey  (cost=0.00..23.07 rows=1063 width=0)
	              Index Cond: ((id >= 2651033) AND (id <= 2652032))

table 6 : explain SELECT SUM(k) FROM sbtest6 WHERE id BETWEEN 2078447 AND 2079446
	Aggregate  (cost=3836.89..3836.90 rows=1 width=8)
	  ->  Bitmap Heap Scan on sbtest6  (cost=22.61..3834.41 rows=993 width=4)
	        Recheck Cond: ((id >= 2078447) AND (id <= 2079446))
	        ->  Bitmap Index Scan on sbtest6_pkey  (cost=0.00..22.36 rows=993 width=0)
	              Index Cond: ((id >= 2078447) AND (id <= 2079446))

table 7 : explain SELECT SUM(k) FROM sbtest7 WHERE id BETWEEN 2050097 AND 2051096
	Aggregate  (cost=4237.23..4237.24 rows=1 width=8)
	  ->  Bitmap Heap Scan on sbtest7  (cost=27.69..4234.49 rows=1098 width=4)
	        Recheck Cond: ((id >= 2050097) AND (id <= 2051096))
	        ->  Bitmap Index Scan on sbtest7_pkey  (cost=0.00..27.41 rows=1098 width=0)
	              Index Cond: ((id >= 2050097) AND (id <= 2051096))

table 8 : explain SELECT SUM(k) FROM sbtest8 WHERE id BETWEEN 5381103 AND 5382102
	Aggregate  (cost=3751.13..3751.14 rows=1 width=8)
	  ->  Bitmap Heap Scan on sbtest8  (cost=22.38..3748.71 rows=970 width=4)
	        Recheck Cond: ((id >= 5381103) AND (id <= 5382102))
	        ->  Bitmap Index Scan on sbtest8_pkey  (cost=0.00..22.14 rows=970 width=0)
	              Index Cond: ((id >= 5381103) AND (id <= 5382102))

for: simple_ranges
table 1 : explain SELECT c FROM sbtest1 WHERE id BETWEEN 8516089 AND 8517088
	Bitmap Heap Scan on sbtest1  (cost=23.23..4059.90 rows=1053 width=121)
	  Recheck Cond: ((id >= 8516089) AND (id <= 8517088))
	  ->  Bitmap Index Scan on sbtest1_pkey  (cost=0.00..22.96 rows=1053 width=0)
	        Index Cond: ((id >= 8516089) AND (id <= 8517088))

table 2 : explain SELECT c FROM sbtest2 WHERE id BETWEEN 7261588 AND 7262587
	Bitmap Heap Scan on sbtest2  (cost=23.59..4191.09 rows=1088 width=121)
	  Recheck Cond: ((id >= 7261588) AND (id <= 7262587))
	  ->  Bitmap Index Scan on sbtest2_pkey  (cost=0.00..23.32 rows=1088 width=0)
	        Index Cond: ((id >= 7261588) AND (id <= 7262587))

table 3 : explain SELECT c FROM sbtest3 WHERE id BETWEEN 3908522 AND 3909521
	Bitmap Heap Scan on sbtest3  (cost=22.94..3954.44 rows=1025 width=121)
	  Recheck Cond: ((id >= 3908522) AND (id <= 3909521))
	  ->  Bitmap Index Scan on sbtest3_pkey  (cost=0.00..22.68 rows=1025 width=0)
	        Index Cond: ((id >= 3908522) AND (id <= 3909521))

table 4 : explain SELECT c FROM sbtest4 WHERE id BETWEEN 8259089 AND 8260088
	Bitmap Heap Scan on sbtest4  (cost=22.95..3958.17 rows=1026 width=121)
	  Recheck Cond: ((id >= 8259089) AND (id <= 8260088))
	  ->  Bitmap Index Scan on sbtest4_pkey  (cost=0.00..22.69 rows=1026 width=0)
	        Index Cond: ((id >= 8259089) AND (id <= 8260088))

table 5 : explain SELECT c FROM sbtest5 WHERE id BETWEEN 4451420 AND 4452419
	Bitmap Heap Scan on sbtest5  (cost=22.21..3688.27 rows=954 width=121)
	  Recheck Cond: ((id >= 4451420) AND (id <= 4452419))
	  ->  Bitmap Index Scan on sbtest5_pkey  (cost=0.00..21.97 rows=954 width=0)
	        Index Cond: ((id >= 4451420) AND (id <= 4452419))

table 6 : explain SELECT c FROM sbtest6 WHERE id BETWEEN 1210131 AND 1211130
	Bitmap Heap Scan on sbtest6  (cost=21.32..3358.77 rows=867 width=121)
	  Recheck Cond: ((id >= 1210131) AND (id <= 1211130))
	  ->  Bitmap Index Scan on sbtest6_pkey  (cost=0.00..21.11 rows=867 width=0)
	        Index Cond: ((id >= 1210131) AND (id <= 1211130))

table 7 : explain SELECT c FROM sbtest7 WHERE id BETWEEN 5072984 AND 5073983
	Bitmap Heap Scan on sbtest7  (cost=22.38..3748.82 rows=970 width=121)
	  Recheck Cond: ((id >= 5072984) AND (id <= 5073983))
	  ->  Bitmap Index Scan on sbtest7_pkey  (cost=0.00..22.14 rows=970 width=0)
	        Index Cond: ((id >= 5072984) AND (id <= 5073983))

table 8 : explain SELECT c FROM sbtest8 WHERE id BETWEEN 7681849 AND 7682848
	Bitmap Heap Scan on sbtest8  (cost=23.00..3978.50 rows=1031 width=121)
	  Recheck Cond: ((id >= 7681849) AND (id <= 7682848))
	  ->  Bitmap Index Scan on sbtest8_pkey  (cost=0.00..22.75 rows=1031 width=0)
	        Index Cond: ((id >= 7681849) AND (id <= 7682848))

for point_selects
table 1 : explain SELECT c FROM sbtest1 WHERE id=9813070
	Index Scan using sbtest1_pkey on sbtest1  (cost=0.43..8.45 rows=1 width=121)
	  Index Cond: (id = 9813070)

table 2 : explain SELECT c FROM sbtest2 WHERE id=4531549
	Index Scan using sbtest2_pkey on sbtest2  (cost=0.43..8.45 rows=1 width=121)
	  Index Cond: (id = 4531549)

table 3 : explain SELECT c FROM sbtest3 WHERE id=5722168
	Index Scan using sbtest3_pkey on sbtest3  (cost=0.43..8.45 rows=1 width=121)
	  Index Cond: (id = 5722168)

table 4 : explain SELECT c FROM sbtest4 WHERE id=5137707
	Index Scan using sbtest4_pkey on sbtest4  (cost=0.43..8.45 rows=1 width=121)
	  Index Cond: (id = 5137707)

table 5 : explain SELECT c FROM sbtest5 WHERE id=8144412
	Index Scan using sbtest5_pkey on sbtest5  (cost=0.43..8.45 rows=1 width=121)
	  Index Cond: (id = 8144412)

table 6 : explain SELECT c FROM sbtest6 WHERE id=8687622
	Index Scan using sbtest6_pkey on sbtest6  (cost=0.43..8.45 rows=1 width=121)
	  Index Cond: (id = 8687622)

table 7 : explain SELECT c FROM sbtest7 WHERE id=9346536
	Index Scan using sbtest7_pkey on sbtest7  (cost=0.43..8.45 rows=1 width=121)
	  Index Cond: (id = 9346536)

table 8 : explain SELECT c FROM sbtest8 WHERE id=7921347
	Index Scan using sbtest8_pkey on sbtest8  (cost=0.43..8.45 rows=1 width=121)
	  Index Cond: (id = 7921347)

for: distinct_ranges
table 1 : explain SELECT DISTINCT c FROM sbtest1 WHERE id BETWEEN 1638334 AND 1639333 ORDER BY c
	Unique  (cost=3799.46..3804.31 rows=971 width=121)
	  ->  Sort  (cost=3799.46..3801.88 rows=971 width=121)
	        Sort Key: c
	        ->  Bitmap Heap Scan on sbtest1  (cost=22.39..3751.28 rows=971 width=121)
	              Recheck Cond: ((id >= 1638334) AND (id <= 1639333))
	              ->  Bitmap Index Scan on sbtest1_pkey  (cost=0.00..22.14 rows=971 width=0)
	                    Index Cond: ((id >= 1638334) AND (id <= 1639333))

table 2 : explain SELECT DISTINCT c FROM sbtest2 WHERE id BETWEEN 4119061 AND 4120060 ORDER BY c
	Unique  (cost=4108.68..4113.94 rows=1052 width=121)
	  ->  Sort  (cost=4108.68..4111.31 rows=1052 width=121)
	        Sort Key: c
	        ->  Bitmap Heap Scan on sbtest2  (cost=23.22..4055.88 rows=1052 width=121)
	              Recheck Cond: ((id >= 4119061) AND (id <= 4120060))
	              ->  Bitmap Index Scan on sbtest2_pkey  (cost=0.00..22.95 rows=1052 width=0)
	                    Index Cond: ((id >= 4119061) AND (id <= 4120060))

table 3 : explain SELECT DISTINCT c FROM sbtest3 WHERE id BETWEEN 1731562 AND 1732561 ORDER BY c
	Unique  (cost=3898.72..3903.70 rows=997 width=121)
	  ->  Sort  (cost=3898.72..3901.21 rows=997 width=121)
	        Sort Key: c
	        ->  Bitmap Heap Scan on sbtest3  (cost=22.65..3849.06 rows=997 width=121)
	              Recheck Cond: ((id >= 1731562) AND (id <= 1732561))
	              ->  Bitmap Index Scan on sbtest3_pkey  (cost=0.00..22.40 rows=997 width=0)
	                    Index Cond: ((id >= 1731562) AND (id <= 1732561))

table 4 : explain SELECT DISTINCT c FROM sbtest4 WHERE id BETWEEN 6305116 AND 6306115 ORDER BY c
	Unique  (cost=3894.86..3899.84 rows=996 width=121)
	  ->  Sort  (cost=3894.86..3897.35 rows=996 width=121)
	        Sort Key: c
	        ->  Bitmap Heap Scan on sbtest4  (cost=22.64..3845.26 rows=996 width=121)
	              Recheck Cond: ((id >= 6305116) AND (id <= 6306115))
	              ->  Bitmap Index Scan on sbtest4_pkey  (cost=0.00..22.39 rows=996 width=0)
	                    Index Cond: ((id >= 6305116) AND (id <= 6306115))

table 5 : explain SELECT DISTINCT c FROM sbtest5 WHERE id BETWEEN 1287988 AND 1288987 ORDER BY c
	Unique  (cost=3685.68..3690.39 rows=941 width=121)
	  ->  Sort  (cost=3685.68..3688.03 rows=941 width=121)
	        Sort Key: c
	        ->  Bitmap Heap Scan on sbtest5  (cost=22.08..3639.21 rows=941 width=121)
	              Recheck Cond: ((id >= 1287988) AND (id <= 1288987))
	              ->  Bitmap Index Scan on sbtest5_pkey  (cost=0.00..21.84 rows=941 width=0)
	                    Index Cond: ((id >= 1287988) AND (id <= 1288987))

table 6 : explain SELECT DISTINCT c FROM sbtest6 WHERE id BETWEEN 1156650 AND 1157649 ORDER BY c
	Unique  (cost=3401.08..3405.41 rows=867 width=121)
	  ->  Sort  (cost=3401.08..3403.24 rows=867 width=121)
	        Sort Key: c
	        ->  Bitmap Heap Scan on sbtest6  (cost=21.32..3358.77 rows=867 width=121)
	              Recheck Cond: ((id >= 1156650) AND (id <= 1157649))
	              ->  Bitmap Index Scan on sbtest6_pkey  (cost=0.00..21.11 rows=867 width=0)
	                    Index Cond: ((id >= 1156650) AND (id <= 1157649))

table 7 : explain SELECT DISTINCT c FROM sbtest7 WHERE id BETWEEN 395978 AND 396977 ORDER BY c
	Unique  (cost=3911.73..3916.73 rows=1000 width=121)
	  ->  Sort  (cost=3911.73..3914.23 rows=1000 width=121)
	        Sort Key: c
	        ->  Bitmap Heap Scan on sbtest7  (cost=22.68..3861.90 rows=1000 width=121)
	              Recheck Cond: ((id >= 395978) AND (id <= 396977))
	              ->  Bitmap Index Scan on sbtest7_pkey  (cost=0.00..22.43 rows=1000 width=0)
	                    Index Cond: ((id >= 395978) AND (id <= 396977))

table 8 : explain SELECT DISTINCT c FROM sbtest8 WHERE id BETWEEN 4512539 AND 4513538 ORDER BY c
	Unique  (cost=3727.91..3732.67 rows=952 width=121)
	  ->  Sort  (cost=3727.91..3730.29 rows=952 width=121)
	        Sort Key: c
	        ->  Bitmap Heap Scan on sbtest8  (cost=22.19..3680.81 rows=952 width=121)
	              Recheck Cond: ((id >= 4512539) AND (id <= 4513538))
	              ->  Bitmap Index Scan on sbtest8_pkey  (cost=0.00..21.95 rows=952 width=0)
	                    Index Cond: ((id >= 4512539) AND (id <= 4513538))

for: sum_ranges
table 1 : explain SELECT SUM(k) FROM sbtest1 WHERE id BETWEEN 6970882 AND 6971881
	Aggregate  (cost=3930.82..3930.83 rows=1 width=8)
	  ->  Bitmap Heap Scan on sbtest1  (cost=22.87..3928.28 rows=1018 width=4)
	        Recheck Cond: ((id >= 6970882) AND (id <= 6971881))
	        ->  Bitmap Index Scan on sbtest1_pkey  (cost=0.00..22.61 rows=1018 width=0)
	              Index Cond: ((id >= 6970882) AND (id <= 6971881))

table 2 : explain SELECT SUM(k) FROM sbtest2 WHERE id BETWEEN 8040100 AND 8041099
	Aggregate  (cost=3877.85..3877.86 rows=1 width=8)
	  ->  Bitmap Heap Scan on sbtest2  (cost=22.73..3875.34 rows=1004 width=4)
	        Recheck Cond: ((id >= 8040100) AND (id <= 8041099))
	        ->  Bitmap Index Scan on sbtest2_pkey  (cost=0.00..22.47 rows=1004 width=0)
	              Index Cond: ((id >= 8040100) AND (id <= 8041099))

table 3 : explain SELECT SUM(k) FROM sbtest3 WHERE id BETWEEN 8749406 AND 8750405
	Aggregate  (cost=3889.23..3889.24 rows=1 width=8)
	  ->  Bitmap Heap Scan on sbtest3  (cost=22.76..3886.71 rows=1007 width=4)
	        Recheck Cond: ((id >= 8749406) AND (id <= 8750405))
	        ->  Bitmap Index Scan on sbtest3_pkey  (cost=0.00..22.50 rows=1007 width=0)
	              Index Cond: ((id >= 8749406) AND (id <= 8750405))

table 4 : explain SELECT SUM(k) FROM sbtest4 WHERE id BETWEEN 626424 AND 627423
	Aggregate  (cost=3606.33..3606.34 rows=1 width=8)
	  ->  Bitmap Heap Scan on sbtest4  (cost=21.99..3604.00 rows=932 width=4)
	        Recheck Cond: ((id >= 626424) AND (id <= 627423))
	        ->  Bitmap Index Scan on sbtest4_pkey  (cost=0.00..21.75 rows=932 width=0)
	              Index Cond: ((id >= 626424) AND (id <= 627423))

table 5 : explain SELECT SUM(k) FROM sbtest5 WHERE id BETWEEN 5298703 AND 5299702
	Aggregate  (cost=3539.52..3539.53 rows=1 width=8)
	  ->  Bitmap Heap Scan on sbtest5  (cost=21.80..3537.24 rows=914 width=4)
	        Recheck Cond: ((id >= 5298703) AND (id <= 5299702))
	        ->  Bitmap Index Scan on sbtest5_pkey  (cost=0.00..21.57 rows=914 width=0)
	              Index Cond: ((id >= 5298703) AND (id <= 5299702))

table 6 : explain SELECT SUM(k) FROM sbtest6 WHERE id BETWEEN 7425421 AND 7426420
	Aggregate  (cost=3964.96..3964.97 rows=1 width=8)
	  ->  Bitmap Heap Scan on sbtest6  (cost=22.96..3962.39 rows=1027 width=4)
	        Recheck Cond: ((id >= 7425421) AND (id <= 7426420))
	        ->  Bitmap Index Scan on sbtest6_pkey  (cost=0.00..22.70 rows=1027 width=0)
	              Index Cond: ((id >= 7425421) AND (id <= 7426420))

table 7 : explain SELECT SUM(k) FROM sbtest7 WHERE id BETWEEN 9683849 AND 9684848
	Aggregate  (cost=4372.45..4372.46 rows=1 width=8)
	  ->  Bitmap Heap Scan on sbtest7  (cost=28.07..4369.61 rows=1135 width=4)
	        Recheck Cond: ((id >= 9683849) AND (id <= 9684848))
	        ->  Bitmap Index Scan on sbtest7_pkey  (cost=0.00..27.79 rows=1135 width=0)
	              Index Cond: ((id >= 9683849) AND (id <= 9684848))

table 8 : explain SELECT SUM(k) FROM sbtest8 WHERE id BETWEEN 8132535 AND 8133534
	Aggregate  (cost=3822.81..3822.82 rows=1 width=8)
	  ->  Bitmap Heap Scan on sbtest8  (cost=22.57..3820.33 rows=989 width=4)
	        Recheck Cond: ((id >= 8132535) AND (id <= 8133534))
	        ->  Bitmap Index Scan on sbtest8_pkey  (cost=0.00..22.32 rows=989 width=0)
	              Index Cond: ((id >= 8132535) AND (id <= 8133534))

for: sum_ranges
table 1 : explain SELECT SUM(k) FROM sbtest1 WHERE id BETWEEN 9342732 AND 9343731
	Aggregate  (cost=3742.39..3742.40 rows=1 width=8)
	  ->  Bitmap Heap Scan on sbtest1  (cost=22.36..3739.97 rows=968 width=4)
	        Recheck Cond: ((id >= 9342732) AND (id <= 9343731))
	        ->  Bitmap Index Scan on sbtest1_pkey  (cost=0.00..22.11 rows=968 width=0)
	              Index Cond: ((id >= 9342732) AND (id <= 9343731))

table 2 : explain SELECT SUM(k) FROM sbtest2 WHERE id BETWEEN 5143430 AND 5144429
	Aggregate  (cost=3730.84..3730.85 rows=1 width=8)
	  ->  Bitmap Heap Scan on sbtest2  (cost=22.33..3728.43 rows=965 width=4)
	        Recheck Cond: ((id >= 5143430) AND (id <= 5144429))
	        ->  Bitmap Index Scan on sbtest2_pkey  (cost=0.00..22.08 rows=965 width=0)
	              Index Cond: ((id >= 5143430) AND (id <= 5144429))

table 3 : explain SELECT SUM(k) FROM sbtest3 WHERE id BETWEEN 3869415 AND 3870414
	Aggregate  (cost=3662.99..3663.00 rows=1 width=8)
	  ->  Bitmap Heap Scan on sbtest3  (cost=22.14..3660.63 rows=947 width=4)
	        Recheck Cond: ((id >= 3869415) AND (id <= 3870414))
	        ->  Bitmap Index Scan on sbtest3_pkey  (cost=0.00..21.90 rows=947 width=0)
	              Index Cond: ((id >= 3869415) AND (id <= 3870414))

table 4 : explain SELECT SUM(k) FROM sbtest4 WHERE id BETWEEN 775666 AND 776665
	Aggregate  (cost=4066.08..4066.09 rows=1 width=8)
	  ->  Bitmap Heap Scan on sbtest4  (cost=23.24..4063.44 rows=1054 width=4)
	        Recheck Cond: ((id >= 775666) AND (id <= 776665))
	        ->  Bitmap Index Scan on sbtest4_pkey  (cost=0.00..22.97 rows=1054 width=0)
	              Index Cond: ((id >= 775666) AND (id <= 776665))

table 5 : explain SELECT SUM(k) FROM sbtest5 WHERE id BETWEEN 4570223 AND 4571222
	Aggregate  (cost=3849.11..3849.12 rows=1 width=8)
	  ->  Bitmap Heap Scan on sbtest5  (cost=22.64..3846.62 rows=996 width=4)
	        Recheck Cond: ((id >= 4570223) AND (id <= 4571222))
	        ->  Bitmap Index Scan on sbtest5_pkey  (cost=0.00..22.39 rows=996 width=0)
	              Index Cond: ((id >= 4570223) AND (id <= 4571222))

table 6 : explain SELECT SUM(k) FROM sbtest6 WHERE id BETWEEN 416218 AND 417217
	Aggregate  (cost=4051.51..4051.52 rows=1 width=8)
	  ->  Bitmap Heap Scan on sbtest6  (cost=23.20..4048.89 rows=1050 width=4)
	        Recheck Cond: ((id >= 416218) AND (id <= 417217))
	        ->  Bitmap Index Scan on sbtest6_pkey  (cost=0.00..22.93 rows=1050 width=0)
	              Index Cond: ((id >= 416218) AND (id <= 417217))

table 7 : explain SELECT SUM(k) FROM sbtest7 WHERE id BETWEEN 2090044 AND 2091043
	Aggregate  (cost=4237.23..4237.24 rows=1 width=8)
	  ->  Bitmap Heap Scan on sbtest7  (cost=27.69..4234.49 rows=1098 width=4)
	        Recheck Cond: ((id >= 2090044) AND (id <= 2091043))
	        ->  Bitmap Index Scan on sbtest7_pkey  (cost=0.00..27.41 rows=1098 width=0)
	              Index Cond: ((id >= 2090044) AND (id <= 2091043))

table 8 : explain SELECT SUM(k) FROM sbtest8 WHERE id BETWEEN 5331127 AND 5332126
	Aggregate  (cost=3751.13..3751.14 rows=1 width=8)
	  ->  Bitmap Heap Scan on sbtest8  (cost=22.38..3748.71 rows=970 width=4)
	        Recheck Cond: ((id >= 5331127) AND (id <= 5332126))
	        ->  Bitmap Index Scan on sbtest8_pkey  (cost=0.00..22.14 rows=970 width=0)
	              Index Cond: ((id >= 5331127) AND (id <= 5332126))

for: sum_ranges
table 1 : explain SELECT SUM(k) FROM sbtest1 WHERE id BETWEEN 8102214 AND 8103213
	Aggregate  (cost=3727.30..3727.31 rows=1 width=8)
	  ->  Bitmap Heap Scan on sbtest1  (cost=22.32..3724.89 rows=964 width=4)
	        Recheck Cond: ((id >= 8102214) AND (id <= 8103213))
	        ->  Bitmap Index Scan on sbtest1_pkey  (cost=0.00..22.07 rows=964 width=0)
	              Index Cond: ((id >= 8102214) AND (id <= 8103213))

table 2 : explain SELECT SUM(k) FROM sbtest2 WHERE id BETWEEN 1269252 AND 1270251
	Aggregate  (cost=3825.10..3825.11 rows=1 width=8)
	  ->  Bitmap Heap Scan on sbtest2  (cost=22.58..3822.62 rows=990 width=4)
	        Recheck Cond: ((id >= 1269252) AND (id <= 1270251))
	        ->  Bitmap Index Scan on sbtest2_pkey  (cost=0.00..22.33 rows=990 width=0)
	              Index Cond: ((id >= 1269252) AND (id <= 1270251))

table 3 : explain SELECT SUM(k) FROM sbtest3 WHERE id BETWEEN 6932254 AND 6933253
	Aggregate  (cost=3757.31..3757.32 rows=1 width=8)
	  ->  Bitmap Heap Scan on sbtest3  (cost=22.40..3754.88 rows=972 width=4)
	        Recheck Cond: ((id >= 6932254) AND (id <= 6933253))
	        ->  Bitmap Index Scan on sbtest3_pkey  (cost=0.00..22.15 rows=972 width=0)
	              Index Cond: ((id >= 6932254) AND (id <= 6933253))

table 4 : explain SELECT SUM(k) FROM sbtest4 WHERE id BETWEEN 873346 AND 874345
	Aggregate  (cost=4114.95..4114.96 rows=1 width=8)
	  ->  Bitmap Heap Scan on sbtest4  (cost=23.37..4112.29 rows=1067 width=4)
	        Recheck Cond: ((id >= 873346) AND (id <= 874345))
	        ->  Bitmap Index Scan on sbtest4_pkey  (cost=0.00..23.11 rows=1067 width=0)
	              Index Cond: ((id >= 873346) AND (id <= 874345))

table 5 : explain SELECT SUM(k) FROM sbtest5 WHERE id BETWEEN 8475212 AND 8476211
	Aggregate  (cost=3520.62..3520.63 rows=1 width=8)
	  ->  Bitmap Heap Scan on sbtest5  (cost=21.75..3518.35 rows=909 width=4)
	        Recheck Cond: ((id >= 8475212) AND (id <= 8476211))
	        ->  Bitmap Index Scan on sbtest5_pkey  (cost=0.00..21.52 rows=909 width=0)
	              Index Cond: ((id >= 8475212) AND (id <= 8476211))

table 6 : explain SELECT SUM(k) FROM sbtest6 WHERE id BETWEEN 3231996 AND 3232995
	Aggregate  (cost=4006.37..4006.38 rows=1 width=8)
	  ->  Bitmap Heap Scan on sbtest6  (cost=23.07..4003.77 rows=1038 width=4)
	        Recheck Cond: ((id >= 3231996) AND (id <= 3232995))
	        ->  Bitmap Index Scan on sbtest6_pkey  (cost=0.00..22.82 rows=1038 width=0)
	              Index Cond: ((id >= 3231996) AND (id <= 3232995))

table 7 : explain SELECT SUM(k) FROM sbtest7 WHERE id BETWEEN 818364 AND 819363
	Aggregate  (cost=4109.17..4109.18 rows=1 width=8)
	  ->  Bitmap Heap Scan on sbtest7  (cost=23.35..4106.51 rows=1065 width=4)
	        Recheck Cond: ((id >= 818364) AND (id <= 819363))
	        ->  Bitmap Index Scan on sbtest7_pkey  (cost=0.00..23.08 rows=1065 width=0)
	              Index Cond: ((id >= 818364) AND (id <= 819363))

table 8 : explain SELECT SUM(k) FROM sbtest8 WHERE id BETWEEN 2980372 AND 2981371
	Aggregate  (cost=3950.95..3950.96 rows=1 width=8)
	  ->  Bitmap Heap Scan on sbtest8  (cost=22.92..3948.39 rows=1023 width=4)
	        Recheck Cond: ((id >= 2980372) AND (id <= 2981371))
	        ->  Bitmap Index Scan on sbtest8_pkey  (cost=0.00..22.66 rows=1023 width=0)
	              Index Cond: ((id >= 2980372) AND (id <= 2981371))

for: distinct_ranges
table 1 : explain SELECT DISTINCT c FROM sbtest1 WHERE id BETWEEN 8519658 AND 8520657 ORDER BY c
	Unique  (cost=4112.76..4118.03 rows=1053 width=121)
	  ->  Sort  (cost=4112.76..4115.40 rows=1053 width=121)
	        Sort Key: c
	        ->  Bitmap Heap Scan on sbtest1  (cost=23.23..4059.90 rows=1053 width=121)
	              Recheck Cond: ((id >= 8519658) AND (id <= 8520657))
	              ->  Bitmap Index Scan on sbtest1_pkey  (cost=0.00..22.96 rows=1053 width=0)
	                    Index Cond: ((id >= 8519658) AND (id <= 8520657))

table 2 : explain SELECT DISTINCT c FROM sbtest2 WHERE id BETWEEN 7443395 AND 7444394 ORDER BY c
	Unique  (cost=3955.96..3961.02 rows=1012 width=121)
	  ->  Sort  (cost=3955.96..3958.49 rows=1012 width=121)
	        Sort Key: c
	        ->  Bitmap Heap Scan on sbtest2  (cost=22.81..3905.45 rows=1012 width=121)
	              Recheck Cond: ((id >= 7443395) AND (id <= 7444394))
	              ->  Bitmap Index Scan on sbtest2_pkey  (cost=0.00..22.55 rows=1012 width=0)
	                    Index Cond: ((id >= 7443395) AND (id <= 7444394))

table 3 : explain SELECT DISTINCT c FROM sbtest3 WHERE id BETWEEN 597416 AND 598415 ORDER BY c
	Unique  (cost=3699.79..3704.51 rows=945 width=121)
	  ->  Sort  (cost=3699.79..3702.15 rows=945 width=121)
	        Sort Key: c
	        ->  Bitmap Heap Scan on sbtest3  (cost=22.12..3653.08 rows=945 width=121)
	              Recheck Cond: ((id >= 597416) AND (id <= 598415))
	              ->  Bitmap Index Scan on sbtest3_pkey  (cost=0.00..21.89 rows=945 width=0)
	                    Index Cond: ((id >= 597416) AND (id <= 598415))

table 4 : explain SELECT DISTINCT c FROM sbtest4 WHERE id BETWEEN 4730697 AND 4731696 ORDER BY c
	Unique  (cost=4009.48..4014.61 rows=1026 width=121)
	  ->  Sort  (cost=4009.48..4012.05 rows=1026 width=121)
	        Sort Key: c
	        ->  Bitmap Heap Scan on sbtest4  (cost=22.95..3958.17 rows=1026 width=121)
	              Recheck Cond: ((id >= 4730697) AND (id <= 4731696))
	              ->  Bitmap Index Scan on sbtest4_pkey  (cost=0.00..22.69 rows=1026 width=0)
	                    Index Cond: ((id >= 4730697) AND (id <= 4731696))

table 5 : explain SELECT DISTINCT c FROM sbtest5 WHERE id BETWEEN 4303493 AND 4304492 ORDER BY c
	Unique  (cost=3762.28..3767.09 rows=961 width=121)
	  ->  Sort  (cost=3762.28..3764.69 rows=961 width=121)
	        Sort Key: c
	        ->  Bitmap Heap Scan on sbtest5  (cost=22.29..3714.67 rows=961 width=121)
	              Recheck Cond: ((id >= 4303493) AND (id <= 4304492))
	              ->  Bitmap Index Scan on sbtest5_pkey  (cost=0.00..22.04 rows=961 width=0)
	                    Index Cond: ((id >= 4303493) AND (id <= 4304492))

table 6 : explain SELECT DISTINCT c FROM sbtest6 WHERE id BETWEEN 2939645 AND 2940644 ORDER BY c
	Unique  (cost=4029.04..4034.20 rows=1031 width=121)
	  ->  Sort  (cost=4029.04..4031.62 rows=1031 width=121)
	        Sort Key: c
	        ->  Bitmap Heap Scan on sbtest6  (cost=23.00..3977.44 rows=1031 width=121)
	              Recheck Cond: ((id >= 2939645) AND (id <= 2940644))
	              ->  Bitmap Index Scan on sbtest6_pkey  (cost=0.00..22.75 rows=1031 width=0)
	                    Index Cond: ((id >= 2939645) AND (id <= 2940644))

table 7 : explain SELECT DISTINCT c FROM sbtest7 WHERE id BETWEEN 5058779 AND 5059778 ORDER BY c
	Unique  (cost=3796.95..3801.80 rows=970 width=121)
	  ->  Sort  (cost=3796.95..3799.37 rows=970 width=121)
	        Sort Key: c
	        ->  Bitmap Heap Scan on sbtest7  (cost=22.38..3748.82 rows=970 width=121)
	              Recheck Cond: ((id >= 5058779) AND (id <= 5059778))
	              ->  Bitmap Index Scan on sbtest7_pkey  (cost=0.00..22.14 rows=970 width=0)
	                    Index Cond: ((id >= 5058779) AND (id <= 5059778))

table 8 : explain SELECT DISTINCT c FROM sbtest8 WHERE id BETWEEN 5556545 AND 5557544 ORDER BY c
	Unique  (cost=4003.35..4008.47 rows=1024 width=121)
	  ->  Sort  (cost=4003.35..4005.91 rows=1024 width=121)
	        Sort Key: c
	        ->  Bitmap Heap Scan on sbtest8  (cost=22.93..3952.15 rows=1024 width=121)
	              Recheck Cond: ((id >= 5556545) AND (id <= 5557544))
	              ->  Bitmap Index Scan on sbtest8_pkey  (cost=0.00..22.68 rows=1024 width=0)
	                    Index Cond: ((id >= 5556545) AND (id <= 5557544))

for: simple_ranges
table 1 : explain SELECT c FROM sbtest1 WHERE id BETWEEN 9769422 AND 9770421
	Bitmap Heap Scan on sbtest1  (cost=21.98..3600.41 rows=931 width=121)
	  Recheck Cond: ((id >= 9769422) AND (id <= 9770421))
	  ->  Bitmap Index Scan on sbtest1_pkey  (cost=0.00..21.75 rows=931 width=0)
	        Index Cond: ((id >= 9769422) AND (id <= 9770421))

table 2 : explain SELECT c FROM sbtest2 WHERE id BETWEEN 2296580 AND 2297579
	Bitmap Heap Scan on sbtest2  (cost=21.88..3562.44 rows=921 width=121)
	  Recheck Cond: ((id >= 2296580) AND (id <= 2297579))
	  ->  Bitmap Index Scan on sbtest2_pkey  (cost=0.00..21.64 rows=921 width=0)
	        Index Cond: ((id >= 2296580) AND (id <= 2297579))

table 3 : explain SELECT c FROM sbtest3 WHERE id BETWEEN 2815572 AND 2816571
	Bitmap Heap Scan on sbtest3  (cost=21.36..3373.56 rows=871 width=121)
	  Recheck Cond: ((id >= 2815572) AND (id <= 2816571))
	  ->  Bitmap Index Scan on sbtest3_pkey  (cost=0.00..21.14 rows=871 width=0)
	        Index Cond: ((id >= 2815572) AND (id <= 2816571))

table 4 : explain SELECT c FROM sbtest4 WHERE id BETWEEN 859545 AND 860544
	Bitmap Heap Scan on sbtest4  (cost=23.37..4112.29 rows=1067 width=121)
	  Recheck Cond: ((id >= 859545) AND (id <= 860544))
	  ->  Bitmap Index Scan on sbtest4_pkey  (cost=0.00..23.11 rows=1067 width=0)
	        Index Cond: ((id >= 859545) AND (id <= 860544))

table 5 : explain SELECT c FROM sbtest5 WHERE id BETWEEN 4294862 AND 4295861
	Bitmap Heap Scan on sbtest5  (cost=22.29..3714.67 rows=961 width=121)
	  Recheck Cond: ((id >= 4294862) AND (id <= 4295861))
	  ->  Bitmap Index Scan on sbtest5_pkey  (cost=0.00..22.04 rows=961 width=0)
	        Index Cond: ((id >= 4294862) AND (id <= 4295861))

table 6 : explain SELECT c FROM sbtest6 WHERE id BETWEEN 1590993 AND 1591992
	Bitmap Heap Scan on sbtest6  (cost=22.29..3713.81 rows=961 width=121)
	  Recheck Cond: ((id >= 1590993) AND (id <= 1591992))
	  ->  Bitmap Index Scan on sbtest6_pkey  (cost=0.00..22.04 rows=961 width=0)
	        Index Cond: ((id >= 1590993) AND (id <= 1591992))

table 7 : explain SELECT c FROM sbtest7 WHERE id BETWEEN 5658770 AND 5659769
	Bitmap Heap Scan on sbtest7  (cost=23.28..4080.19 rows=1058 width=121)
	  Recheck Cond: ((id >= 5658770) AND (id <= 5659769))
	  ->  Bitmap Index Scan on sbtest7_pkey  (cost=0.00..23.01 rows=1058 width=0)
	        Index Cond: ((id >= 5658770) AND (id <= 5659769))

table 8 : explain SELECT c FROM sbtest8 WHERE id BETWEEN 3210413 AND 3211412
	Bitmap Heap Scan on sbtest8  (cost=27.65..4219.33 rows=1094 width=121)
	  Recheck Cond: ((id >= 3210413) AND (id <= 3211412))
	  ->  Bitmap Index Scan on sbtest8_pkey  (cost=0.00..27.37 rows=1094 width=0)
	        Index Cond: ((id >= 3210413) AND (id <= 3211412))

for: sum_ranges
table 1 : explain SELECT SUM(k) FROM sbtest1 WHERE id BETWEEN 2418017 AND 2419016
	Aggregate  (cost=4122.69..4122.70 rows=1 width=8)
	  ->  Bitmap Heap Scan on sbtest1  (cost=23.39..4120.02 rows=1069 width=4)
	        Recheck Cond: ((id >= 2418017) AND (id <= 2419016))
	        ->  Bitmap Index Scan on sbtest1_pkey  (cost=0.00..23.12 rows=1069 width=0)
	              Index Cond: ((id >= 2418017) AND (id <= 2419016))

table 2 : explain SELECT SUM(k) FROM sbtest2 WHERE id BETWEEN 8382067 AND 8383066
	Aggregate  (cost=4032.18..4032.19 rows=1 width=8)
	  ->  Bitmap Heap Scan on sbtest2  (cost=23.15..4029.57 rows=1045 width=4)
	        Recheck Cond: ((id >= 8382067) AND (id <= 8383066))
	        ->  Bitmap Index Scan on sbtest2_pkey  (cost=0.00..22.89 rows=1045 width=0)
	              Index Cond: ((id >= 8382067) AND (id <= 8383066))

table 3 : explain SELECT SUM(k) FROM sbtest3 WHERE id BETWEEN 2712732 AND 2713731
	Aggregate  (cost=3787.48..3787.49 rows=1 width=8)
	  ->  Bitmap Heap Scan on sbtest3  (cost=22.48..3785.03 rows=980 width=4)
	        Recheck Cond: ((id >= 2712732) AND (id <= 2713731))
	        ->  Bitmap Index Scan on sbtest3_pkey  (cost=0.00..22.23 rows=980 width=0)
	              Index Cond: ((id >= 2712732) AND (id <= 2713731))

table 4 : explain SELECT SUM(k) FROM sbtest4 WHERE id BETWEEN 7576467 AND 7577466
	Aggregate  (cost=3859.06..3859.07 rows=1 width=8)
	  ->  Bitmap Heap Scan on sbtest4  (cost=22.67..3856.56 rows=999 width=4)
	        Recheck Cond: ((id >= 7576467) AND (id <= 7577466))
	        ->  Bitmap Index Scan on sbtest4_pkey  (cost=0.00..22.43 rows=999 width=0)
	              Index Cond: ((id >= 7576467) AND (id <= 7577466))

table 5 : explain SELECT SUM(k) FROM sbtest5 WHERE id BETWEEN 7106561 AND 7107560
	Aggregate  (cost=4405.96..4405.97 rows=1 width=8)
	  ->  Bitmap Heap Scan on sbtest5  (cost=28.16..4403.10 rows=1144 width=4)
	        Recheck Cond: ((id >= 7106561) AND (id <= 7107560))
	        ->  Bitmap Index Scan on sbtest5_pkey  (cost=0.00..27.87 rows=1144 width=0)
	              Index Cond: ((id >= 7106561) AND (id <= 7107560))

table 6 : explain SELECT SUM(k) FROM sbtest6 WHERE id BETWEEN 6865562 AND 6866561
	Aggregate  (cost=3746.40..3746.41 rows=1 width=8)
	  ->  Bitmap Heap Scan on sbtest6  (cost=22.37..3743.97 rows=969 width=4)
	        Recheck Cond: ((id >= 6865562) AND (id <= 6866561))
	        ->  Bitmap Index Scan on sbtest6_pkey  (cost=0.00..22.12 rows=969 width=0)
	              Index Cond: ((id >= 6865562) AND (id <= 6866561))

table 7 : explain SELECT SUM(k) FROM sbtest7 WHERE id BETWEEN 3480817 AND 3481816
	Aggregate  (cost=3838.01..3838.02 rows=1 width=8)
	  ->  Bitmap Heap Scan on sbtest7  (cost=22.61..3835.53 rows=993 width=4)
	        Recheck Cond: ((id >= 3480817) AND (id <= 3481816))
	        ->  Bitmap Index Scan on sbtest7_pkey  (cost=0.00..22.36 rows=993 width=0)
	              Index Cond: ((id >= 3480817) AND (id <= 3481816))

table 8 : explain SELECT SUM(k) FROM sbtest8 WHERE id BETWEEN 5081556 AND 5082555
	Aggregate  (cost=3901.97..3901.98 rows=1 width=8)
	  ->  Bitmap Heap Scan on sbtest8  (cost=22.79..3899.44 rows=1010 width=4)
	        Recheck Cond: ((id >= 5081556) AND (id <= 5082555))
	        ->  Bitmap Index Scan on sbtest8_pkey  (cost=0.00..22.54 rows=1010 width=0)
	              Index Cond: ((id >= 5081556) AND (id <= 5082555))

for: order_ranges
table 1 : explain SELECT c FROM sbtest1 WHERE id BETWEEN 8422229 AND 8423228 ORDER BY c
	Sort  (cost=3680.79..3683.14 rows=940 width=121)
	  Sort Key: c
	  ->  Bitmap Heap Scan on sbtest1  (cost=22.07..3634.37 rows=940 width=121)
	        Recheck Cond: ((id >= 8422229) AND (id <= 8423228))
	        ->  Bitmap Index Scan on sbtest1_pkey  (cost=0.00..21.83 rows=940 width=0)
	              Index Cond: ((id >= 8422229) AND (id <= 8423228))

table 2 : explain SELECT c FROM sbtest2 WHERE id BETWEEN 7303385 AND 7304384 ORDER BY c
	Sort  (cost=4245.97..4248.69 rows=1088 width=121)
	  Sort Key: c
	  ->  Bitmap Heap Scan on sbtest2  (cost=23.59..4191.09 rows=1088 width=121)
	        Recheck Cond: ((id >= 7303385) AND (id <= 7304384))
	        ->  Bitmap Index Scan on sbtest2_pkey  (cost=0.00..23.32 rows=1088 width=0)
	              Index Cond: ((id >= 7303385) AND (id <= 7304384))

table 3 : explain SELECT c FROM sbtest3 WHERE id BETWEEN 1062489 AND 1063488 ORDER BY c
	Sort  (cost=4219.37..4222.07 rows=1081 width=121)
	  Sort Key: c
	  ->  Bitmap Heap Scan on sbtest3  (cost=23.52..4164.90 rows=1081 width=121)
	        Recheck Cond: ((id >= 1062489) AND (id <= 1063488))
	        ->  Bitmap Index Scan on sbtest3_pkey  (cost=0.00..23.25 rows=1081 width=0)
	              Index Cond: ((id >= 1062489) AND (id <= 1063488))

table 4 : explain SELECT c FROM sbtest4 WHERE id BETWEEN 4218782 AND 4219781 ORDER BY c
	Sort  (cost=4219.34..4222.04 rows=1081 width=121)
	  Sort Key: c
	  ->  Bitmap Heap Scan on sbtest4  (cost=23.52..4164.86 rows=1081 width=121)
	        Recheck Cond: ((id >= 4218782) AND (id <= 4219781))
	        ->  Bitmap Index Scan on sbtest4_pkey  (cost=0.00..23.25 rows=1081 width=0)
	              Index Cond: ((id >= 4218782) AND (id <= 4219781))

table 5 : explain SELECT c FROM sbtest5 WHERE id BETWEEN 6169965 AND 6170964 ORDER BY c
	Sort  (cost=3647.36..3649.69 rows=931 width=121)
	  Sort Key: c
	  ->  Bitmap Heap Scan on sbtest5  (cost=21.98..3601.45 rows=931 width=121)
	        Recheck Cond: ((id >= 6169965) AND (id <= 6170964))
	        ->  Bitmap Index Scan on sbtest5_pkey  (cost=0.00..21.75 rows=931 width=0)
	              Index Cond: ((id >= 6169965) AND (id <= 6170964))

table 6 : explain SELECT c FROM sbtest6 WHERE id BETWEEN 4427719 AND 4428718 ORDER BY c
	Sort  (cost=3669.53..3671.87 rows=937 width=121)
	  Sort Key: c
	  ->  Bitmap Heap Scan on sbtest6  (cost=22.04..3623.28 rows=937 width=121)
	        Recheck Cond: ((id >= 4427719) AND (id <= 4428718))
	        ->  Bitmap Index Scan on sbtest6_pkey  (cost=0.00..21.80 rows=937 width=0)
	              Index Cond: ((id >= 4427719) AND (id <= 4428718))

table 7 : explain SELECT c FROM sbtest7 WHERE id BETWEEN 2408073 AND 2409072 ORDER BY c
	Sort  (cost=3705.04..3707.40 rows=946 width=121)
	  Sort Key: c
	  ->  Bitmap Heap Scan on sbtest7  (cost=22.13..3658.28 rows=946 width=121)
	        Recheck Cond: ((id >= 2408073) AND (id <= 2409072))
	        ->  Bitmap Index Scan on sbtest7_pkey  (cost=0.00..21.89 rows=946 width=0)
	              Index Cond: ((id >= 2408073) AND (id <= 2409072))

table 8 : explain SELECT c FROM sbtest8 WHERE id BETWEEN 5509344 AND 5510343 ORDER BY c
	Sort  (cost=4003.35..4005.91 rows=1024 width=121)
	  Sort Key: c
	  ->  Bitmap Heap Scan on sbtest8  (cost=22.93..3952.15 rows=1024 width=121)
	        Recheck Cond: ((id >= 5509344) AND (id <= 5510343))
	        ->  Bitmap Index Scan on sbtest8_pkey  (cost=0.00..22.68 rows=1024 width=0)
	              Index Cond: ((id >= 5509344) AND (id <= 5510343))

for: sum_ranges
table 1 : explain SELECT SUM(k) FROM sbtest1 WHERE id BETWEEN 1279700 AND 1280699
	Aggregate  (cost=3814.03..3814.04 rows=1 width=8)
	  ->  Bitmap Heap Scan on sbtest1  (cost=22.55..3811.57 rows=987 width=4)
	        Recheck Cond: ((id >= 1279700) AND (id <= 1280699))
	        ->  Bitmap Index Scan on sbtest1_pkey  (cost=0.00..22.30 rows=987 width=0)
	              Index Cond: ((id >= 1279700) AND (id <= 1280699))

table 2 : explain SELECT SUM(k) FROM sbtest2 WHERE id BETWEEN 8252571 AND 8253570
	Aggregate  (cost=4099.87..4099.88 rows=1 width=8)
	  ->  Bitmap Heap Scan on sbtest2  (cost=23.33..4097.21 rows=1063 width=4)
	        Recheck Cond: ((id >= 8252571) AND (id <= 8253570))
	        ->  Bitmap Index Scan on sbtest2_pkey  (cost=0.00..23.07 rows=1063 width=0)
	              Index Cond: ((id >= 8252571) AND (id <= 8253570))

table 3 : explain SELECT SUM(k) FROM sbtest3 WHERE id BETWEEN 7654540 AND 7655539
	Aggregate  (cost=3606.36..3606.37 rows=1 width=8)
	  ->  Bitmap Heap Scan on sbtest3  (cost=21.99..3604.03 rows=932 width=4)
	        Recheck Cond: ((id >= 7654540) AND (id <= 7655539))
	        ->  Bitmap Index Scan on sbtest3_pkey  (cost=0.00..21.75 rows=932 width=0)
	              Index Cond: ((id >= 7654540) AND (id <= 7655539))

table 4 : explain SELECT SUM(k) FROM sbtest4 WHERE id BETWEEN 8788949 AND 8789948
	Aggregate  (cost=3896.73..3896.74 rows=1 width=8)
	  ->  Bitmap Heap Scan on sbtest4  (cost=22.78..3894.20 rows=1009 width=4)
	        Recheck Cond: ((id >= 8788949) AND (id <= 8789948))
	        ->  Bitmap Index Scan on sbtest4_pkey  (cost=0.00..22.52 rows=1009 width=0)
	              Index Cond: ((id >= 8788949) AND (id <= 8789948))

table 5 : explain SELECT SUM(k) FROM sbtest5 WHERE id BETWEEN 9002457 AND 9003456
	Aggregate  (cost=3792.54..3792.55 rows=1 width=8)
	  ->  Bitmap Heap Scan on sbtest5  (cost=22.49..3790.09 rows=981 width=4)
	        Recheck Cond: ((id >= 9002457) AND (id <= 9003456))
	        ->  Bitmap Index Scan on sbtest5_pkey  (cost=0.00..22.25 rows=981 width=0)
	              Index Cond: ((id >= 9002457) AND (id <= 9003456))

table 6 : explain SELECT SUM(k) FROM sbtest6 WHERE id BETWEEN 3298242 AND 3299241
	Aggregate  (cost=3769.03..3769.04 rows=1 width=8)
	  ->  Bitmap Heap Scan on sbtest6  (cost=22.43..3766.59 rows=975 width=4)
	        Recheck Cond: ((id >= 3298242) AND (id <= 3299241))
	        ->  Bitmap Index Scan on sbtest6_pkey  (cost=0.00..22.18 rows=975 width=0)
	              Index Cond: ((id >= 3298242) AND (id <= 3299241))

table 7 : explain SELECT SUM(k) FROM sbtest7 WHERE id BETWEEN 1656614 AND 1657613
	Aggregate  (cost=3871.94..3871.95 rows=1 width=8)
	  ->  Bitmap Heap Scan on sbtest7  (cost=22.71..3869.44 rows=1002 width=4)
	        Recheck Cond: ((id >= 1656614) AND (id <= 1657613))
	        ->  Bitmap Index Scan on sbtest7_pkey  (cost=0.00..22.45 rows=1002 width=0)
	              Index Cond: ((id >= 1656614) AND (id <= 1657613))

table 8 : explain SELECT SUM(k) FROM sbtest8 WHERE id BETWEEN 1405577 AND 1406576
	Aggregate  (cost=3796.40..3796.41 rows=1 width=8)
	  ->  Bitmap Heap Scan on sbtest8  (cost=22.50..3793.95 rows=982 width=4)
	        Recheck Cond: ((id >= 1405577) AND (id <= 1406576))
	        ->  Bitmap Index Scan on sbtest8_pkey  (cost=0.00..22.25 rows=982 width=0)
	              Index Cond: ((id >= 1405577) AND (id <= 1406576))

for: order_ranges
table 1 : explain SELECT c FROM sbtest1 WHERE id BETWEEN 729863 AND 730862 ORDER BY c
	Sort  (cost=3791.80..3794.23 rows=969 width=121)
	  Sort Key: c
	  ->  Bitmap Heap Scan on sbtest1  (cost=22.37..3743.74 rows=969 width=121)
	        Recheck Cond: ((id >= 729863) AND (id <= 730862))
	        ->  Bitmap Index Scan on sbtest1_pkey  (cost=0.00..22.12 rows=969 width=0)
	              Index Cond: ((id >= 729863) AND (id <= 730862))

table 2 : explain SELECT c FROM sbtest2 WHERE id BETWEEN 1701007 AND 1702006 ORDER BY c
	Sort  (cost=3910.11..3912.61 rows=1000 width=121)
	  Sort Key: c
	  ->  Bitmap Heap Scan on sbtest2  (cost=22.68..3860.28 rows=1000 width=121)
	        Recheck Cond: ((id >= 1701007) AND (id <= 1702006))
	        ->  Bitmap Index Scan on sbtest2_pkey  (cost=0.00..22.43 rows=1000 width=0)
	              Index Cond: ((id >= 1701007) AND (id <= 1702006))

table 3 : explain SELECT c FROM sbtest3 WHERE id BETWEEN 2562317 AND 2563316 ORDER BY c
	Sort  (cost=4432.95..4435.79 rows=1137 width=121)
	  Sort Key: c
	  ->  Bitmap Heap Scan on sbtest3  (cost=28.09..4375.24 rows=1137 width=121)
	        Recheck Cond: ((id >= 2562317) AND (id <= 2563316))
	        ->  Bitmap Index Scan on sbtest3_pkey  (cost=0.00..27.80 rows=1137 width=0)
	              Index Cond: ((id >= 2562317) AND (id <= 2563316))

table 4 : explain SELECT c FROM sbtest4 WHERE id BETWEEN 7614310 AND 7615309 ORDER BY c
	Sort  (cost=3902.51..3905.00 rows=998 width=121)
	  Sort Key: c
	  ->  Bitmap Heap Scan on sbtest4  (cost=22.66..3852.79 rows=998 width=121)
	        Recheck Cond: ((id >= 7614310) AND (id <= 7615309))
	        ->  Bitmap Index Scan on sbtest4_pkey  (cost=0.00..22.41 rows=998 width=0)
	              Index Cond: ((id >= 7614310) AND (id <= 7615309))

table 5 : explain SELECT c FROM sbtest5 WHERE id BETWEEN 7838571 AND 7839570 ORDER BY c
	Sort  (cost=4171.27..4173.94 rows=1068 width=121)
	  Sort Key: c
	  ->  Bitmap Heap Scan on sbtest5  (cost=23.38..4117.55 rows=1068 width=121)
	        Recheck Cond: ((id >= 7838571) AND (id <= 7839570))
	        ->  Bitmap Index Scan on sbtest5_pkey  (cost=0.00..23.11 rows=1068 width=0)
	              Index Cond: ((id >= 7838571) AND (id <= 7839570))

table 6 : explain SELECT c FROM sbtest6 WHERE id BETWEEN 995277 AND 996276 ORDER BY c
	Sort  (cost=3669.53..3671.87 rows=937 width=121)
	  Sort Key: c
	  ->  Bitmap Heap Scan on sbtest6  (cost=22.04..3623.28 rows=937 width=121)
	        Recheck Cond: ((id >= 995277) AND (id <= 996276))
	        ->  Bitmap Index Scan on sbtest6_pkey  (cost=0.00..21.80 rows=937 width=0)
	              Index Cond: ((id >= 995277) AND (id <= 996276))

table 7 : explain SELECT c FROM sbtest7 WHERE id BETWEEN 1239101 AND 1240100 ORDER BY c
	Sort  (cost=3647.56..3649.88 rows=931 width=121)
	  Sort Key: c
	  ->  Bitmap Heap Scan on sbtest7  (cost=21.98..3601.65 rows=931 width=121)
	        Recheck Cond: ((id >= 1239101) AND (id <= 1240100))
	        ->  Bitmap Index Scan on sbtest7_pkey  (cost=0.00..21.75 rows=931 width=0)
	              Index Cond: ((id >= 1239101) AND (id <= 1240100))

table 8 : explain SELECT c FROM sbtest8 WHERE id BETWEEN 8271542 AND 8272541 ORDER BY c
	Sort  (cost=4198.27..4200.95 rows=1074 width=121)
	  Sort Key: c
	  ->  Bitmap Heap Scan on sbtest8  (cost=27.44..4144.20 rows=1074 width=121)
	        Recheck Cond: ((id >= 8271542) AND (id <= 8272541))
	        ->  Bitmap Index Scan on sbtest8_pkey  (cost=0.00..27.18 rows=1074 width=0)
	              Index Cond: ((id >= 8271542) AND (id <= 8272541))

for: order_ranges
table 1 : explain SELECT c FROM sbtest1 WHERE id BETWEEN 2639382 AND 2640381 ORDER BY c
	Sort  (cost=4089.87..4092.48 rows=1047 width=121)
	  Sort Key: c
	  ->  Bitmap Heap Scan on sbtest1  (cost=23.17..4037.35 rows=1047 width=121)
	        Recheck Cond: ((id >= 2639382) AND (id <= 2640381))
	        ->  Bitmap Index Scan on sbtest1_pkey  (cost=0.00..22.90 rows=1047 width=0)
	              Index Cond: ((id >= 2639382) AND (id <= 2640381))

table 2 : explain SELECT c FROM sbtest2 WHERE id BETWEEN 5962434 AND 5963433 ORDER BY c
	Sort  (cost=4101.05..4103.68 rows=1050 width=121)
	  Sort Key: c
	  ->  Bitmap Heap Scan on sbtest2  (cost=23.20..4048.36 rows=1050 width=121)
	        Recheck Cond: ((id >= 5962434) AND (id <= 5963433))
	        ->  Bitmap Index Scan on sbtest2_pkey  (cost=0.00..22.93 rows=1050 width=0)
	              Index Cond: ((id >= 5962434) AND (id <= 5963433))

table 3 : explain SELECT c FROM sbtest3 WHERE id BETWEEN 9031307 AND 9032306 ORDER BY c
	Sort  (cost=4024.79..4027.37 rows=1030 width=121)
	  Sort Key: c
	  ->  Bitmap Heap Scan on sbtest3  (cost=22.99..3973.25 rows=1030 width=121)
	        Recheck Cond: ((id >= 9031307) AND (id <= 9032306))
	        ->  Bitmap Index Scan on sbtest3_pkey  (cost=0.00..22.73 rows=1030 width=0)
	              Index Cond: ((id >= 9031307) AND (id <= 9032306))

table 4 : explain SELECT c FROM sbtest4 WHERE id BETWEEN 5296595 AND 5297594 ORDER BY c
	Sort  (cost=3822.21..3824.66 rows=977 width=121)
	  Sort Key: c
	  ->  Bitmap Heap Scan on sbtest4  (cost=22.45..3773.70 rows=977 width=121)
	        Recheck Cond: ((id >= 5296595) AND (id <= 5297594))
	        ->  Bitmap Index Scan on sbtest4_pkey  (cost=0.00..22.20 rows=977 width=0)
	              Index Cond: ((id >= 5296595) AND (id <= 5297594))

table 5 : explain SELECT c FROM sbtest5 WHERE id BETWEEN 6919590 AND 6920589 ORDER BY c
	Sort  (cost=4045.28..4047.87 rows=1035 width=121)
	  Sort Key: c
	  ->  Bitmap Heap Scan on sbtest5  (cost=23.04..3993.45 rows=1035 width=121)
	        Recheck Cond: ((id >= 6919590) AND (id <= 6920589))
	        ->  Bitmap Index Scan on sbtest5_pkey  (cost=0.00..22.79 rows=1035 width=0)
	              Index Cond: ((id >= 6919590) AND (id <= 6920589))

table 6 : explain SELECT c FROM sbtest6 WHERE id BETWEEN 3525198 AND 3526197 ORDER BY c
	Sort  (cost=4025.22..4027.80 rows=1030 width=121)
	  Sort Key: c
	  ->  Bitmap Heap Scan on sbtest6  (cost=22.99..3973.68 rows=1030 width=121)
	        Recheck Cond: ((id >= 3525198) AND (id <= 3526197))
	        ->  Bitmap Index Scan on sbtest6_pkey  (cost=0.00..22.73 rows=1030 width=0)
	              Index Cond: ((id >= 3525198) AND (id <= 3526197))

table 7 : explain SELECT c FROM sbtest7 WHERE id BETWEEN 2866841 AND 2867840 ORDER BY c
	Sort  (cost=3949.97..3952.49 rows=1010 width=121)
	  Sort Key: c
	  ->  Bitmap Heap Scan on sbtest7  (cost=22.79..3899.57 rows=1010 width=121)
	        Recheck Cond: ((id >= 2866841) AND (id <= 2867840))
	        ->  Bitmap Index Scan on sbtest7_pkey  (cost=0.00..22.54 rows=1010 width=0)
	              Index Cond: ((id >= 2866841) AND (id <= 2867840))

table 8 : explain SELECT c FROM sbtest8 WHERE id BETWEEN 331887 AND 332886 ORDER BY c
	Sort  (cost=3670.44..3672.78 rows=937 width=121)
	  Sort Key: c
	  ->  Bitmap Heap Scan on sbtest8  (cost=22.04..3624.19 rows=937 width=121)
	        Recheck Cond: ((id >= 331887) AND (id <= 332886))
	        ->  Bitmap Index Scan on sbtest8_pkey  (cost=0.00..21.80 rows=937 width=0)
	              Index Cond: ((id >= 331887) AND (id <= 332886))

for: sum_ranges
table 1 : explain SELECT SUM(k) FROM sbtest1 WHERE id BETWEEN 5730715 AND 5731714
	Aggregate  (cost=4062.53..4062.54 rows=1 width=8)
	  ->  Bitmap Heap Scan on sbtest1  (cost=23.23..4059.90 rows=1053 width=4)
	        Recheck Cond: ((id >= 5730715) AND (id <= 5731714))
	        ->  Bitmap Index Scan on sbtest1_pkey  (cost=0.00..22.96 rows=1053 width=0)
	              Index Cond: ((id >= 5730715) AND (id <= 5731714))

table 2 : explain SELECT SUM(k) FROM sbtest2 WHERE id BETWEEN 7434698 AND 7435697
	Aggregate  (cost=3549.63..3549.64 rows=1 width=8)
	  ->  Bitmap Heap Scan on sbtest2  (cost=21.83..3547.34 rows=917 width=4)
	        Recheck Cond: ((id >= 7434698) AND (id <= 7435697))
	        ->  Bitmap Index Scan on sbtest2_pkey  (cost=0.00..21.61 rows=917 width=0)
	              Index Cond: ((id >= 7434698) AND (id <= 7435697))

table 3 : explain SELECT SUM(k) FROM sbtest3 WHERE id BETWEEN 9604083 AND 9605082
	Aggregate  (cost=3926.88..3926.89 rows=1 width=8)
	  ->  Bitmap Heap Scan on sbtest3  (cost=22.86..3924.34 rows=1017 width=4)
	        Recheck Cond: ((id >= 9604083) AND (id <= 9605082))
	        ->  Bitmap Index Scan on sbtest3_pkey  (cost=0.00..22.61 rows=1017 width=0)
	              Index Cond: ((id >= 9604083) AND (id <= 9605082))

table 4 : explain SELECT SUM(k) FROM sbtest4 WHERE id BETWEEN 1423100 AND 1424099
	Aggregate  (cost=3885.43..3885.44 rows=1 width=8)
	  ->  Bitmap Heap Scan on sbtest4  (cost=22.75..3882.91 rows=1006 width=4)
	        Recheck Cond: ((id >= 1423100) AND (id <= 1424099))
	        ->  Bitmap Index Scan on sbtest4_pkey  (cost=0.00..22.50 rows=1006 width=0)
	              Index Cond: ((id >= 1423100) AND (id <= 1424099))

table 5 : explain SELECT SUM(k) FROM sbtest5 WHERE id BETWEEN 6980212 AND 6981211
	Aggregate  (cost=3883.03..3883.04 rows=1 width=8)
	  ->  Bitmap Heap Scan on sbtest5  (cost=22.74..3880.52 rows=1005 width=4)
	        Recheck Cond: ((id >= 6980212) AND (id <= 6981211))
	        ->  Bitmap Index Scan on sbtest5_pkey  (cost=0.00..22.48 rows=1005 width=0)
	              Index Cond: ((id >= 6980212) AND (id <= 6981211))

table 6 : explain SELECT SUM(k) FROM sbtest6 WHERE id BETWEEN 6853451 AND 6854450
	Aggregate  (cost=3746.40..3746.41 rows=1 width=8)
	  ->  Bitmap Heap Scan on sbtest6  (cost=22.37..3743.97 rows=969 width=4)
	        Recheck Cond: ((id >= 6853451) AND (id <= 6854450))
	        ->  Bitmap Index Scan on sbtest6_pkey  (cost=0.00..22.12 rows=969 width=0)
	              Index Cond: ((id >= 6853451) AND (id <= 6854450))

table 7 : explain SELECT SUM(k) FROM sbtest7 WHERE id BETWEEN 7814794 AND 7815793
	Aggregate  (cost=3838.01..3838.02 rows=1 width=8)
	  ->  Bitmap Heap Scan on sbtest7  (cost=22.61..3835.53 rows=993 width=4)
	        Recheck Cond: ((id >= 7814794) AND (id <= 7815793))
	        ->  Bitmap Index Scan on sbtest7_pkey  (cost=0.00..22.36 rows=993 width=0)
	              Index Cond: ((id >= 7814794) AND (id <= 7815793))

table 8 : explain SELECT SUM(k) FROM sbtest8 WHERE id BETWEEN 8515763 AND 8516762
	Aggregate  (cost=4270.93..4270.94 rows=1 width=8)
	  ->  Bitmap Heap Scan on sbtest8  (cost=27.79..4268.16 rows=1108 width=4)
	        Recheck Cond: ((id >= 8515763) AND (id <= 8516762))
	        ->  Bitmap Index Scan on sbtest8_pkey  (cost=0.00..27.51 rows=1108 width=0)
	              Index Cond: ((id >= 8515763) AND (id <= 8516762))
for: simple_ranges
table 1 : explain SELECT c FROM sbtest1 WHERE id BETWEEN 3299787 AND 3300786
	Bitmap Heap Scan on sbtest1  (cost=22.24..3698.50 rows=957 width=121)
	  Recheck Cond: ((id >= 3299787) AND (id <= 3300786))
	  ->  Bitmap Index Scan on sbtest1_pkey  (cost=0.00..22.00 rows=957 width=0)
	        Index Cond: ((id >= 3299787) AND (id <= 3300786))

table 2 : explain SELECT c FROM sbtest2 WHERE id BETWEEN 9514950 AND 9515949
	Bitmap Heap Scan on sbtest2  (cost=23.00..3976.93 rows=1031 width=121)
	  Recheck Cond: ((id >= 9514950) AND (id <= 9515949))
	  ->  Bitmap Index Scan on sbtest2_pkey  (cost=0.00..22.75 rows=1031 width=0)
	        Index Cond: ((id >= 9514950) AND (id <= 9515949))

table 3 : explain SELECT c FROM sbtest3 WHERE id BETWEEN 7448563 AND 7449562
	Bitmap Heap Scan on sbtest3  (cost=22.59..3826.47 rows=991 width=121)
	  Recheck Cond: ((id >= 7448563) AND (id <= 7449562))
	  ->  Bitmap Index Scan on sbtest3_pkey  (cost=0.00..22.34 rows=991 width=0)
	        Index Cond: ((id >= 7448563) AND (id <= 7449562))

table 4 : explain SELECT c FROM sbtest4 WHERE id BETWEEN 1033450 AND 1034449
	Bitmap Heap Scan on sbtest4  (cost=22.79..3897.97 rows=1010 width=121)
	  Recheck Cond: ((id >= 1033450) AND (id <= 1034449))
	  ->  Bitmap Index Scan on sbtest4_pkey  (cost=0.00..22.54 rows=1010 width=0)
	        Index Cond: ((id >= 1033450) AND (id <= 1034449))

table 5 : explain SELECT c FROM sbtest5 WHERE id BETWEEN 9362805 AND 9363804
	Bitmap Heap Scan on sbtest5  (cost=22.64..3846.62 rows=996 width=121)
	  Recheck Cond: ((id >= 9362805) AND (id <= 9363804))
	  ->  Bitmap Index Scan on sbtest5_pkey  (cost=0.00..22.39 rows=996 width=0)
	        Index Cond: ((id >= 9362805) AND (id <= 9363804))

table 6 : explain SELECT c FROM sbtest6 WHERE id BETWEEN 6275859 AND 6276858
	Bitmap Heap Scan on sbtest6  (cost=22.41..3759.05 rows=973 width=121)
	  Recheck Cond: ((id >= 6275859) AND (id <= 6276858))
	  ->  Bitmap Index Scan on sbtest6_pkey  (cost=0.00..22.16 rows=973 width=0)
	        Index Cond: ((id >= 6275859) AND (id <= 6276858))

table 7 : explain SELECT c FROM sbtest7 WHERE id BETWEEN 3768734 AND 3769733
	Bitmap Heap Scan on sbtest7  (cost=23.13..4023.78 rows=1043 width=121)
	  Recheck Cond: ((id >= 3768734) AND (id <= 3769733))
	  ->  Bitmap Index Scan on sbtest7_pkey  (cost=0.00..22.86 rows=1043 width=0)
	        Index Cond: ((id >= 3768734) AND (id <= 3769733))

table 8 : explain SELECT c FROM sbtest8 WHERE id BETWEEN 2305589 AND 2306588
	Bitmap Heap Scan on sbtest8  (cost=22.77..3891.91 rows=1008 width=121)
	  Recheck Cond: ((id >= 2305589) AND (id <= 2306588))
	  ->  Bitmap Index Scan on sbtest8_pkey  (cost=0.00..22.51 rows=1008 width=0)
	        Index Cond: ((id >= 2305589) AND (id <= 2306588))


for: distinct_ranges
table 1 : explain SELECT DISTINCT c FROM sbtest1 WHERE id BETWEEN 9165505 AND 9166504 ORDER BY c
	Unique  (cost=3558.18..3562.72 rows=908 width=121)
	  ->  Sort  (cost=3558.18..3560.45 rows=908 width=121)
	        Sort Key: c
	        ->  Bitmap Heap Scan on sbtest1  (cost=21.74..3513.56 rows=908 width=121)
	              Recheck Cond: ((id >= 9165505) AND (id <= 9166504))
	              ->  Bitmap Index Scan on sbtest1_pkey  (cost=0.00..21.51 rows=908 width=0)
	                    Index Cond: ((id >= 9165505) AND (id <= 9166504))

table 2 : explain SELECT DISTINCT c FROM sbtest2 WHERE id BETWEEN 3825436 AND 3826435 ORDER BY c
	Unique  (cost=3619.28..3623.90 rows=924 width=121)
	  ->  Sort  (cost=3619.28..3621.59 rows=924 width=121)
	        Sort Key: c
	        ->  Bitmap Heap Scan on sbtest2  (cost=21.91..3573.77 rows=924 width=121)
	              Recheck Cond: ((id >= 3825436) AND (id <= 3826435))
	              ->  Bitmap Index Scan on sbtest2_pkey  (cost=0.00..21.68 rows=924 width=0)
	                    Index Cond: ((id >= 3825436) AND (id <= 3826435))

table 3 : explain SELECT DISTINCT c FROM sbtest3 WHERE id BETWEEN 483751 AND 484750 ORDER BY c
	Unique  (cost=3672.98..3677.67 rows=938 width=121)
	  ->  Sort  (cost=3672.98..3675.32 rows=938 width=121)
	        Sort Key: c
	        ->  Bitmap Heap Scan on sbtest3  (cost=22.05..3626.67 rows=938 width=121)
	              Recheck Cond: ((id >= 483751) AND (id <= 484750))
	              ->  Bitmap Index Scan on sbtest3_pkey  (cost=0.00..21.82 rows=938 width=0)
	                    Index Cond: ((id >= 483751) AND (id <= 484750))

table 4 : explain SELECT DISTINCT c FROM sbtest4 WHERE id BETWEEN 5961357 AND 5962356 ORDER BY c
	Unique  (cost=4070.57..4075.78 rows=1042 width=121)
	  ->  Sort  (cost=4070.57..4073.17 rows=1042 width=121)
	        Sort Key: c
	        ->  Bitmap Heap Scan on sbtest4  (cost=23.12..4018.34 rows=1042 width=121)
	              Recheck Cond: ((id >= 5961357) AND (id <= 5962356))
	              ->  Bitmap Index Scan on sbtest4_pkey  (cost=0.00..22.86 rows=1042 width=0)
	                    Index Cond: ((id >= 5961357) AND (id <= 5962356))

table 5 : explain SELECT DISTINCT c FROM sbtest5 WHERE id BETWEEN 9272046 AND 9273045 ORDER BY c
	Unique  (cost=3896.22..3901.20 rows=996 width=121)
	  ->  Sort  (cost=3896.22..3898.71 rows=996 width=121)
	        Sort Key: c
	        ->  Bitmap Heap Scan on sbtest5  (cost=22.64..3846.62 rows=996 width=121)
	              Recheck Cond: ((id >= 9272046) AND (id <= 9273045))
	              ->  Bitmap Index Scan on sbtest5_pkey  (cost=0.00..22.39 rows=996 width=0)
	                    Index Cond: ((id >= 9272046) AND (id <= 9273045))

table 6 : explain SELECT DISTINCT c FROM sbtest6 WHERE id BETWEEN 8438192 AND 8439191 ORDER BY c
	Unique  (cost=3807.34..3812.21 rows=973 width=121)
	  ->  Sort  (cost=3807.34..3809.77 rows=973 width=121)
	        Sort Key: c
	        ->  Bitmap Heap Scan on sbtest6  (cost=22.41..3759.05 rows=973 width=121)
	              Recheck Cond: ((id >= 8438192) AND (id <= 8439191))
	              ->  Bitmap Index Scan on sbtest6_pkey  (cost=0.00..22.16 rows=973 width=0)
	                    Index Cond: ((id >= 8438192) AND (id <= 8439191))

table 7 : explain SELECT DISTINCT c FROM sbtest7 WHERE id BETWEEN 8910811 AND 8911810 ORDER BY c
	Unique  (cost=3923.20..3928.22 rows=1003 width=121)
	  ->  Sort  (cost=3923.20..3925.71 rows=1003 width=121)
	        Sort Key: c
	        ->  Bitmap Heap Scan on sbtest7  (cost=22.72..3873.20 rows=1003 width=121)
	              Recheck Cond: ((id >= 8910811) AND (id <= 8911810))
	              ->  Bitmap Index Scan on sbtest7_pkey  (cost=0.00..22.46 rows=1003 width=0)
	                    Index Cond: ((id >= 8910811) AND (id <= 8911810))

table 8 : explain SELECT DISTINCT c FROM sbtest8 WHERE id BETWEEN 7808670 AND 7809669 ORDER BY c
	Unique  (cost=3900.13..3905.12 rows=997 width=121)
	  ->  Sort  (cost=3900.13..3902.63 rows=997 width=121)
	        Sort Key: c
	        ->  Bitmap Heap Scan on sbtest8  (cost=22.65..3850.48 rows=997 width=121)
	              Recheck Cond: ((id >= 7808670) AND (id <= 7809669))
	              ->  Bitmap Index Scan on sbtest8_pkey  (cost=0.00..22.40 rows=997 width=0)
	                    Index Cond: ((id >= 7808670) AND (id <= 7809669))

for: order_ranges
table 1 : explain SELECT c FROM sbtest1 WHERE id BETWEEN 8006131 AND 8007130 ORDER BY c
	Sort  (cost=4246.25..4248.97 rows=1088 width=121)
	  Sort Key: c
	  ->  Bitmap Heap Scan on sbtest1  (cost=23.59..4191.37 rows=1088 width=121)
	        Recheck Cond: ((id >= 8006131) AND (id <= 8007130))
	        ->  Bitmap Index Scan on sbtest1_pkey  (cost=0.00..23.32 rows=1088 width=0)
	              Index Cond: ((id >= 8006131) AND (id <= 8007130))

table 2 : explain SELECT c FROM sbtest2 WHERE id BETWEEN 668865 AND 669864 ORDER BY c
	Sort  (cost=3860.41..3862.88 rows=987 width=121)
	  Sort Key: c
	  ->  Bitmap Heap Scan on sbtest2  (cost=22.55..3811.32 rows=987 width=121)
	        Recheck Cond: ((id >= 668865) AND (id <= 669864))
	        ->  Bitmap Index Scan on sbtest2_pkey  (cost=0.00..22.30 rows=987 width=0)
	              Index Cond: ((id >= 668865) AND (id <= 669864))

table 3 : explain SELECT c FROM sbtest3 WHERE id BETWEEN 4473441 AND 4474440 ORDER BY c
	Sort  (cost=3852.84..3855.30 rows=985 width=121)
	  Sort Key: c
	  ->  Bitmap Heap Scan on sbtest3  (cost=22.53..3803.87 rows=985 width=121)
	        Recheck Cond: ((id >= 4473441) AND (id <= 4474440))
	        ->  Bitmap Index Scan on sbtest3_pkey  (cost=0.00..22.29 rows=985 width=0)
	              Index Cond: ((id >= 4473441) AND (id <= 4474440))

table 4 : explain SELECT c FROM sbtest4 WHERE id BETWEEN 2915358 AND 2916357 ORDER BY c
	Sort  (cost=4173.58..4176.25 rows=1069 width=121)
	  Sort Key: c
	  ->  Bitmap Heap Scan on sbtest4  (cost=23.39..4119.80 rows=1069 width=121)
	        Recheck Cond: ((id >= 2915358) AND (id <= 2916357))
	        ->  Bitmap Index Scan on sbtest4_pkey  (cost=0.00..23.12 rows=1069 width=0)
	              Index Cond: ((id >= 2915358) AND (id <= 2916357))

table 5 : explain SELECT c FROM sbtest5 WHERE id BETWEEN 8819791 AND 8820790 ORDER BY c
	Sort  (cost=3846.49..3848.95 rows=983 width=121)
	  Sort Key: c
	  ->  Bitmap Heap Scan on sbtest5  (cost=22.51..3797.63 rows=983 width=121)
	        Recheck Cond: ((id >= 8819791) AND (id <= 8820790))
	        ->  Bitmap Index Scan on sbtest5_pkey  (cost=0.00..22.26 rows=983 width=0)
	              Index Cond: ((id >= 8819791) AND (id <= 8820790))

table 6 : explain SELECT c FROM sbtest6 WHERE id BETWEEN 4806466 AND 4807465 ORDER BY c
	Sort  (cost=3612.05..3614.36 rows=922 width=121)
	  Sort Key: c
	  ->  Bitmap Heap Scan on sbtest6  (cost=21.89..3566.65 rows=922 width=121)
	        Recheck Cond: ((id >= 4806466) AND (id <= 4807465))
	        ->  Bitmap Index Scan on sbtest6_pkey  (cost=0.00..21.65 rows=922 width=0)
	              Index Cond: ((id >= 4806466) AND (id <= 4807465))

table 7 : explain SELECT c FROM sbtest7 WHERE id BETWEEN 514268 AND 515267 ORDER BY c
	Sort  (cost=3701.21..3703.57 rows=945 width=121)
	  Sort Key: c
	  ->  Bitmap Heap Scan on sbtest7  (cost=22.12..3654.50 rows=945 width=121)
	        Recheck Cond: ((id >= 514268) AND (id <= 515267))
	        ->  Bitmap Index Scan on sbtest7_pkey  (cost=0.00..21.89 rows=945 width=0)
	              Index Cond: ((id >= 514268) AND (id <= 515267))

table 8 : explain SELECT c FROM sbtest8 WHERE id BETWEEN 5508428 AND 5509427 ORDER BY c
	Sort  (cost=4003.35..4005.91 rows=1024 width=121)
	  Sort Key: c
	  ->  Bitmap Heap Scan on sbtest8  (cost=22.93..3952.15 rows=1024 width=121)
	        Recheck Cond: ((id >= 5508428) AND (id <= 5509427))
	        ->  Bitmap Index Scan on sbtest8_pkey  (cost=0.00..22.68 rows=1024 width=0)
	              Index Cond: ((id >= 5508428) AND (id <= 5509427))

for: distinct_ranges
table 1 : explain SELECT DISTINCT c FROM sbtest1 WHERE id BETWEEN 3631000 AND 3631999 ORDER BY c
	Unique  (cost=3650.15..3654.81 rows=932 width=121)
	  ->  Sort  (cost=3650.15..3652.48 rows=932 width=121)
	        Sort Key: c
	        ->  Bitmap Heap Scan on sbtest1  (cost=21.99..3604.18 rows=932 width=121)
	              Recheck Cond: ((id >= 3631000) AND (id <= 3631999))
	              ->  Bitmap Index Scan on sbtest1_pkey  (cost=0.00..21.75 rows=932 width=0)
	                    Index Cond: ((id >= 3631000) AND (id <= 3631999))

table 2 : explain SELECT DISTINCT c FROM sbtest2 WHERE id BETWEEN 540254 AND 541253 ORDER BY c
	Unique  (cost=3997.98..4003.09 rows=1023 width=121)
	  ->  Sort  (cost=3997.98..4000.54 rows=1023 width=121)
	        Sort Key: c
	        ->  Bitmap Heap Scan on sbtest2  (cost=22.92..3946.84 rows=1023 width=121)
	              Recheck Cond: ((id >= 540254) AND (id <= 541253))
	              ->  Bitmap Index Scan on sbtest2_pkey  (cost=0.00..22.66 rows=1023 width=0)
	                    Index Cond: ((id >= 540254) AND (id <= 541253))

table 3 : explain SELECT DISTINCT c FROM sbtest3 WHERE id BETWEEN 855912 AND 856911 ORDER BY c
	Unique  (cost=3982.78..3987.88 rows=1019 width=121)
	  ->  Sort  (cost=3982.78..3985.33 rows=1019 width=121)
	        Sort Key: c
	        ->  Bitmap Heap Scan on sbtest3  (cost=22.88..3931.87 rows=1019 width=121)
	              Recheck Cond: ((id >= 855912) AND (id <= 856911))
	              ->  Bitmap Index Scan on sbtest3_pkey  (cost=0.00..22.62 rows=1019 width=0)
	                    Index Cond: ((id >= 855912) AND (id <= 856911))

table 4 : explain SELECT DISTINCT c FROM sbtest4 WHERE id BETWEEN 8736078 AND 8737077 ORDER BY c
	Unique  (cost=3944.55..3949.59 rows=1009 width=121)
	  ->  Sort  (cost=3944.55..3947.07 rows=1009 width=121)
	        Sort Key: c
	        ->  Bitmap Heap Scan on sbtest4  (cost=22.78..3894.20 rows=1009 width=121)
	              Recheck Cond: ((id >= 8736078) AND (id <= 8737077))
	              ->  Bitmap Index Scan on sbtest4_pkey  (cost=0.00..22.52 rows=1009 width=0)
	                    Index Cond: ((id >= 8736078) AND (id <= 8737077))

table 5 : explain SELECT DISTINCT c FROM sbtest5 WHERE id BETWEEN 1620250 AND 1621249 ORDER BY c
	Unique  (cost=4014.72..4019.85 rows=1027 width=121)
	  ->  Sort  (cost=4014.72..4017.29 rows=1027 width=121)
	        Sort Key: c
	        ->  Bitmap Heap Scan on sbtest5  (cost=22.96..3963.35 rows=1027 width=121)
	              Recheck Cond: ((id >= 1620250) AND (id <= 1621249))
	              ->  Bitmap Index Scan on sbtest5_pkey  (cost=0.00..22.70 rows=1027 width=0)
	                    Index Cond: ((id >= 1620250) AND (id <= 1621249))

table 6 : explain SELECT DISTINCT c FROM sbtest6 WHERE id BETWEEN 4723223 AND 4724222 ORDER BY c
	Unique  (cost=3612.05..3616.66 rows=922 width=121)
	  ->  Sort  (cost=3612.05..3614.36 rows=922 width=121)
	        Sort Key: c
	        ->  Bitmap Heap Scan on sbtest6  (cost=21.89..3566.65 rows=922 width=121)
	              Recheck Cond: ((id >= 4723223) AND (id <= 4724222))
	              ->  Bitmap Index Scan on sbtest6_pkey  (cost=0.00..21.65 rows=922 width=0)
	                    Index Cond: ((id >= 4723223) AND (id <= 4724222))

table 7 : explain SELECT DISTINCT c FROM sbtest7 WHERE id BETWEEN 9088941 AND 9089940 ORDER BY c
	Unique  (cost=3881.13..3886.09 rows=992 width=121)
	  ->  Sort  (cost=3881.13..3883.61 rows=992 width=121)
	        Sort Key: c
	        ->  Bitmap Heap Scan on sbtest7  (cost=22.60..3831.76 rows=992 width=121)
	              Recheck Cond: ((id >= 9088941) AND (id <= 9089940))
	              ->  Bitmap Index Scan on sbtest7_pkey  (cost=0.00..22.36 rows=992 width=0)
	                    Index Cond: ((id >= 9088941) AND (id <= 9089940))

table 8 : explain SELECT DISTINCT c FROM sbtest8 WHERE id BETWEEN 8475438 AND 8476437 ORDER BY c
	Unique  (cost=3278.91..3283.09 rows=835 width=121)
	  ->  Sort  (cost=3278.91..3281.00 rows=835 width=121)
	        Sort Key: c
	        ->  Bitmap Heap Scan on sbtest8  (cost=20.99..3238.39 rows=835 width=121)
	              Recheck Cond: ((id >= 8475438) AND (id <= 8476437))
	              ->  Bitmap Index Scan on sbtest8_pkey  (cost=0.00..20.79 rows=835 width=0)
	                    Index Cond: ((id >= 8475438) AND (id <= 8476437))

for: order_ranges
table 1 : explain SELECT c FROM sbtest1 WHERE id BETWEEN 8546988 AND 8547987 ORDER BY c
	Sort  (cost=4112.76..4115.40 rows=1053 width=121)
	  Sort Key: c
	  ->  Bitmap Heap Scan on sbtest1  (cost=23.23..4059.90 rows=1053 width=121)
	        Recheck Cond: ((id >= 8546988) AND (id <= 8547987))
	        ->  Bitmap Index Scan on sbtest1_pkey  (cost=0.00..22.96 rows=1053 width=0)
	              Index Cond: ((id >= 8546988) AND (id <= 8547987))

table 2 : explain SELECT c FROM sbtest2 WHERE id BETWEEN 9366667 AND 9367666 ORDER BY c
	Sort  (cost=4204.04..4206.73 rows=1077 width=121)
	  Sort Key: c
	  ->  Bitmap Heap Scan on sbtest2  (cost=23.47..4149.79 rows=1077 width=121)
	        Recheck Cond: ((id >= 9366667) AND (id <= 9367666))
	        ->  Bitmap Index Scan on sbtest2_pkey  (cost=0.00..23.20 rows=1077 width=0)
	              Index Cond: ((id >= 9366667) AND (id <= 9367666))

table 3 : explain SELECT c FROM sbtest3 WHERE id BETWEEN 4973332 AND 4974331 ORDER BY c
	Sort  (cost=4020.97..4023.55 rows=1029 width=121)
	  Sort Key: c
	  ->  Bitmap Heap Scan on sbtest3  (cost=22.98..3969.49 rows=1029 width=121)
	        Recheck Cond: ((id >= 4973332) AND (id <= 4974331))
	        ->  Bitmap Index Scan on sbtest3_pkey  (cost=0.00..22.72 rows=1029 width=0)
	              Index Cond: ((id >= 4973332) AND (id <= 4974331))

table 4 : explain SELECT c FROM sbtest4 WHERE id BETWEEN 2299926 AND 2300925 ORDER BY c
	Sort  (cost=3818.39..3820.83 rows=976 width=121)
	  Sort Key: c
	  ->  Bitmap Heap Scan on sbtest4  (cost=22.44..3769.93 rows=976 width=121)
	        Recheck Cond: ((id >= 2299926) AND (id <= 2300925))
	        ->  Bitmap Index Scan on sbtest4_pkey  (cost=0.00..22.19 rows=976 width=0)
	              Index Cond: ((id >= 2299926) AND (id <= 2300925))

table 5 : explain SELECT c FROM sbtest5 WHERE id BETWEEN 6338205 AND 6339204 ORDER BY c
	Sort  (cost=3712.50..3714.87 rows=948 width=121)
	  Sort Key: c
	  ->  Bitmap Heap Scan on sbtest5  (cost=22.15..3665.63 rows=948 width=121)
	        Recheck Cond: ((id >= 6338205) AND (id <= 6339204))
	        ->  Bitmap Index Scan on sbtest5_pkey  (cost=0.00..21.91 rows=948 width=0)
	              Index Cond: ((id >= 6338205) AND (id <= 6339204))

table 6 : explain SELECT c FROM sbtest6 WHERE id BETWEEN 1558456 AND 1559455 ORDER BY c
	Sort  (cost=3761.42..3763.82 rows=961 width=121)
	  Sort Key: c
	  ->  Bitmap Heap Scan on sbtest6  (cost=22.29..3713.81 rows=961 width=121)
	        Recheck Cond: ((id >= 1558456) AND (id <= 1559455))
	        ->  Bitmap Index Scan on sbtest6_pkey  (cost=0.00..22.04 rows=961 width=0)
	              Index Cond: ((id >= 1558456) AND (id <= 1559455))

table 7 : explain SELECT c FROM sbtest7 WHERE id BETWEEN 5086487 AND 5087486 ORDER BY c
	Sort  (cost=3869.66..3872.13 rows=989 width=121)
	  Sort Key: c
	  ->  Bitmap Heap Scan on sbtest7  (cost=22.57..3820.45 rows=989 width=121)
	        Recheck Cond: ((id >= 5086487) AND (id <= 5087486))
	        ->  Bitmap Index Scan on sbtest7_pkey  (cost=0.00..22.32 rows=989 width=0)
	              Index Cond: ((id >= 5086487) AND (id <= 5087486))

table 8 : explain SELECT c FROM sbtest8 WHERE id BETWEEN 78555 AND 79554 ORDER BY c
	Sort  (cost=3903.96..3906.45 rows=998 width=121)
	  Sort Key: c
	  ->  Bitmap Heap Scan on sbtest8  (cost=22.66..3854.24 rows=998 width=121)
	        Recheck Cond: ((id >= 78555) AND (id <= 79554))
	        ->  Bitmap Index Scan on sbtest8_pkey  (cost=0.00..22.41 rows=998 width=0)
	              Index Cond: ((id >= 78555) AND (id <= 79554))

for: distinct_ranges
table 1 : explain SELECT DISTINCT c FROM sbtest1 WHERE id BETWEEN 5728464 AND 5729463 ORDER BY c
	Unique  (cost=4112.76..4118.03 rows=1053 width=121)
	  ->  Sort  (cost=4112.76..4115.40 rows=1053 width=121)
	        Sort Key: c
	        ->  Bitmap Heap Scan on sbtest1  (cost=23.23..4059.90 rows=1053 width=121)
	              Recheck Cond: ((id >= 5728464) AND (id <= 5729463))
	              ->  Bitmap Index Scan on sbtest1_pkey  (cost=0.00..22.96 rows=1053 width=0)
	                    Index Cond: ((id >= 5728464) AND (id <= 5729463))

table 2 : explain SELECT DISTINCT c FROM sbtest2 WHERE id BETWEEN 5223033 AND 5224032 ORDER BY c
	Unique  (cost=3776.26..3781.09 rows=965 width=121)
	  ->  Sort  (cost=3776.26..3778.68 rows=965 width=121)
	        Sort Key: c
	        ->  Bitmap Heap Scan on sbtest2  (cost=22.33..3728.43 rows=965 width=121)
	              Recheck Cond: ((id >= 5223033) AND (id <= 5224032))
	              ->  Bitmap Index Scan on sbtest2_pkey  (cost=0.00..22.08 rows=965 width=0)
	                    Index Cond: ((id >= 5223033) AND (id <= 5224032))

table 3 : explain SELECT DISTINCT c FROM sbtest3 WHERE id BETWEEN 5358323 AND 5359322 ORDER BY c
	Unique  (cost=3734.24..3739.01 rows=954 width=121)
	  ->  Sort  (cost=3734.24..3736.63 rows=954 width=121)
	        Sort Key: c
	        ->  Bitmap Heap Scan on sbtest3  (cost=22.21..3687.03 rows=954 width=121)
	              Recheck Cond: ((id >= 5358323) AND (id <= 5359322))
	              ->  Bitmap Index Scan on sbtest3_pkey  (cost=0.00..21.97 rows=954 width=0)
	                    Index Cond: ((id >= 5358323) AND (id <= 5359322))

table 4 : explain SELECT DISTINCT c FROM sbtest4 WHERE id BETWEEN 2953211 AND 2954210 ORDER BY c
	Unique  (cost=4173.58..4178.93 rows=1069 width=121)
	  ->  Sort  (cost=4173.58..4176.25 rows=1069 width=121)
	        Sort Key: c
	        ->  Bitmap Heap Scan on sbtest4  (cost=23.39..4119.80 rows=1069 width=121)
	              Recheck Cond: ((id >= 2953211) AND (id <= 2954210))
	              ->  Bitmap Index Scan on sbtest4_pkey  (cost=0.00..23.12 rows=1069 width=0)
	                    Index Cond: ((id >= 2953211) AND (id <= 2954210))

table 5 : explain SELECT DISTINCT c FROM sbtest5 WHERE id BETWEEN 3482211 AND 3483210 ORDER BY c
	Unique  (cost=3896.22..3901.20 rows=996 width=121)
	  ->  Sort  (cost=3896.22..3898.71 rows=996 width=121)
	        Sort Key: c
	        ->  Bitmap Heap Scan on sbtest5  (cost=22.64..3846.62 rows=996 width=121)
	              Recheck Cond: ((id >= 3482211) AND (id <= 3483210))
	              ->  Bitmap Index Scan on sbtest5_pkey  (cost=0.00..22.39 rows=996 width=0)
	                    Index Cond: ((id >= 3482211) AND (id <= 3483210))

table 6 : explain SELECT DISTINCT c FROM sbtest6 WHERE id BETWEEN 7604340 AND 7605339 ORDER BY c
	Unique  (cost=4216.02..4221.42 rows=1080 width=121)
	  ->  Sort  (cost=4216.02..4218.72 rows=1080 width=121)
	        Sort Key: c
	        ->  Bitmap Heap Scan on sbtest6  (cost=23.50..4161.61 rows=1080 width=121)
	              Recheck Cond: ((id >= 7604340) AND (id <= 7605339))
	              ->  Bitmap Index Scan on sbtest6_pkey  (cost=0.00..23.23 rows=1080 width=0)
	                    Index Cond: ((id >= 7604340) AND (id <= 7605339))

table 7 : explain SELECT DISTINCT c FROM sbtest7 WHERE id BETWEEN 6402531 AND 6403530 ORDER BY c
	Unique  (cost=4190.59..4195.95 rows=1073 width=121)
	  ->  Sort  (cost=4190.59..4193.27 rows=1073 width=121)
	        Sort Key: c
	        ->  Bitmap Heap Scan on sbtest7  (cost=23.43..4136.58 rows=1073 width=121)
	              Recheck Cond: ((id >= 6402531) AND (id <= 6403530))
	              ->  Bitmap Index Scan on sbtest7_pkey  (cost=0.00..23.16 rows=1073 width=0)
	                    Index Cond: ((id >= 6402531) AND (id <= 6403530))

table 8 : explain SELECT DISTINCT c FROM sbtest8 WHERE id BETWEEN 757666 AND 758665 ORDER BY c
	Unique  (cost=3812.14..3817.01 rows=974 width=121)
	  ->  Sort  (cost=3812.14..3814.57 rows=974 width=121)
	        Sort Key: c
	        ->  Bitmap Heap Scan on sbtest8  (cost=22.42..3763.79 rows=974 width=121)
	              Recheck Cond: ((id >= 757666) AND (id <= 758665))
	              ->  Bitmap Index Scan on sbtest8_pkey  (cost=0.00..22.18 rows=974 width=0)
	                    Index Cond: ((id >= 757666) AND (id <= 758665))

explain: for point_selects :: explain SELECT c FROM sbtest%u WHERE id=%u
explain: for point_selects :: explain SELECT c FROM sbtest%u WHERE id=%u
explain: for point_selects :: explain SELECT c FROM sbtest%u WHERE id=%u
for: order_ranges
table 1 : explain SELECT c FROM sbtest1 WHERE id BETWEEN 1563897 AND 1564896 ORDER BY c
	Sort  (cost=3799.46..3801.88 rows=971 width=121)
	  Sort Key: c
	  ->  Bitmap Heap Scan on sbtest1  (cost=22.39..3751.28 rows=971 width=121)
	        Recheck Cond: ((id >= 1563897) AND (id <= 1564896))
	        ->  Bitmap Index Scan on sbtest1_pkey  (cost=0.00..22.14 rows=971 width=0)
	              Index Cond: ((id >= 1563897) AND (id <= 1564896))

table 2 : explain SELECT c FROM sbtest2 WHERE id BETWEEN 3210940 AND 3211939 ORDER BY c
	Sort  (cost=3891.00..3893.48 rows=995 width=121)
	  Sort Key: c
	  ->  Bitmap Heap Scan on sbtest2  (cost=22.63..3841.45 rows=995 width=121)
	        Recheck Cond: ((id >= 3210940) AND (id <= 3211939))
	        ->  Bitmap Index Scan on sbtest2_pkey  (cost=0.00..22.39 rows=995 width=0)
	              Index Cond: ((id >= 3210940) AND (id <= 3211939))

table 3 : explain SELECT c FROM sbtest3 WHERE id BETWEEN 7703591 AND 7704590 ORDER BY c
	Sort  (cost=3627.01..3629.33 rows=926 width=121)
	  Sort Key: c
	  ->  Bitmap Heap Scan on sbtest3  (cost=21.93..3581.39 rows=926 width=121)
	        Recheck Cond: ((id >= 7703591) AND (id <= 7704590))
	        ->  Bitmap Index Scan on sbtest3_pkey  (cost=0.00..21.69 rows=926 width=0)
	              Index Cond: ((id >= 7703591) AND (id <= 7704590))

table 4 : explain SELECT c FROM sbtest4 WHERE id BETWEEN 3063430 AND 3064429 ORDER BY c
	Sort  (cost=3910.15..3912.65 rows=1000 width=121)
	  Sort Key: c
	  ->  Bitmap Heap Scan on sbtest4  (cost=22.68..3860.32 rows=1000 width=121)
	        Recheck Cond: ((id >= 3063430) AND (id <= 3064429))
	        ->  Bitmap Index Scan on sbtest4_pkey  (cost=0.00..22.43 rows=1000 width=0)
	              Index Cond: ((id >= 3063430) AND (id <= 3064429))

table 5 : explain SELECT c FROM sbtest5 WHERE id BETWEEN 7975515 AND 7976514 ORDER BY c
	Sort  (cost=3789.08..3791.50 rows=968 width=121)
	  Sort Key: c
	  ->  Bitmap Heap Scan on sbtest5  (cost=22.36..3741.08 rows=968 width=121)
	        Recheck Cond: ((id >= 7975515) AND (id <= 7976514))
	        ->  Bitmap Index Scan on sbtest5_pkey  (cost=0.00..22.11 rows=968 width=0)
	              Index Cond: ((id >= 7975515) AND (id <= 7976514))

table 6 : explain SELECT c FROM sbtest6 WHERE id BETWEEN 9055330 AND 9056329 ORDER BY c
	Sort  (cost=3979.39..3981.93 rows=1018 width=121)
	  Sort Key: c
	  ->  Bitmap Heap Scan on sbtest6  (cost=22.87..3928.53 rows=1018 width=121)
	        Recheck Cond: ((id >= 9055330) AND (id <= 9056329))
	        ->  Bitmap Index Scan on sbtest6_pkey  (cost=0.00..22.61 rows=1018 width=0)
	              Index Cond: ((id >= 9055330) AND (id <= 9056329))

table 7 : explain SELECT c FROM sbtest7 WHERE id BETWEEN 8501001 AND 8502000 ORDER BY c
	Sort  (cost=3999.66..4002.22 rows=1023 width=121)
	  Sort Key: c
	  ->  Bitmap Heap Scan on sbtest7  (cost=22.92..3948.52 rows=1023 width=121)
	        Recheck Cond: ((id >= 8501001) AND (id <= 8502000))
	        ->  Bitmap Index Scan on sbtest7_pkey  (cost=0.00..22.66 rows=1023 width=0)
	              Index Cond: ((id >= 8501001) AND (id <= 8502000))

table 8 : explain SELECT c FROM sbtest8 WHERE id BETWEEN 6418744 AND 6419743 ORDER BY c
	Sort  (cost=4014.82..4017.38 rows=1027 width=121)
	  Sort Key: c
	  ->  Bitmap Heap Scan on sbtest8  (cost=22.96..3963.44 rows=1027 width=121)
	        Recheck Cond: ((id >= 6418744) AND (id <= 6419743))
	        ->  Bitmap Index Scan on sbtest8_pkey  (cost=0.00..22.70 rows=1027 width=0)
	              Index Cond: ((id >= 6418744) AND (id <= 6419743))

for: order_ranges
table 1 : explain SELECT c FROM sbtest1 WHERE id BETWEEN 1086152 AND 1087151 ORDER BY c
	Sort  (cost=3688.45..3690.81 rows=942 width=121)
	  Sort Key: c
	  ->  Bitmap Heap Scan on sbtest1  (cost=22.09..3641.92 rows=942 width=121)
	        Recheck Cond: ((id >= 1086152) AND (id <= 1087151))
	        ->  Bitmap Index Scan on sbtest1_pkey  (cost=0.00..21.86 rows=942 width=0)
	              Index Cond: ((id >= 1086152) AND (id <= 1087151))

table 2 : explain SELECT c FROM sbtest2 WHERE id BETWEEN 5582204 AND 5583203 ORDER BY c
	Sort  (cost=3669.08..3671.42 rows=937 width=121)
	  Sort Key: c
	  ->  Bitmap Heap Scan on sbtest2  (cost=22.04..3622.83 rows=937 width=121)
	        Recheck Cond: ((id >= 5582204) AND (id <= 5583203))
	        ->  Bitmap Index Scan on sbtest2_pkey  (cost=0.00..21.80 rows=937 width=0)
	              Index Cond: ((id >= 5582204) AND (id <= 5583203))

table 3 : explain SELECT c FROM sbtest3 WHERE id BETWEEN 2359361 AND 2360360 ORDER BY c
	Sort  (cost=3722.76..3725.13 rows=951 width=121)
	  Sort Key: c
	  ->  Bitmap Heap Scan on sbtest3  (cost=22.18..3675.71 rows=951 width=121)
	        Recheck Cond: ((id >= 2359361) AND (id <= 2360360))
	        ->  Bitmap Index Scan on sbtest3_pkey  (cost=0.00..21.94 rows=951 width=0)
	              Index Cond: ((id >= 2359361) AND (id <= 2360360))

table 4 : explain SELECT c FROM sbtest4 WHERE id BETWEEN 3087112 AND 3088111 ORDER BY c
	Sort  (cost=3910.15..3912.65 rows=1000 width=121)
	  Sort Key: c
	  ->  Bitmap Heap Scan on sbtest4  (cost=22.68..3860.32 rows=1000 width=121)
	        Recheck Cond: ((id >= 3087112) AND (id <= 3088111))
	        ->  Bitmap Index Scan on sbtest4_pkey  (cost=0.00..22.43 rows=1000 width=0)
	              Index Cond: ((id >= 3087112) AND (id <= 3088111))

table 5 : explain SELECT c FROM sbtest5 WHERE id BETWEEN 6433771 AND 6434770 ORDER BY c
	Sort  (cost=4201.79..4204.48 rows=1076 width=121)
	  Sort Key: c
	  ->  Bitmap Heap Scan on sbtest5  (cost=23.46..4147.61 rows=1076 width=121)
	        Recheck Cond: ((id >= 6433771) AND (id <= 6434770))
	        ->  Bitmap Index Scan on sbtest5_pkey  (cost=0.00..23.19 rows=1076 width=0)
	              Index Cond: ((id >= 6433771) AND (id <= 6434770))

table 6 : explain SELECT c FROM sbtest6 WHERE id BETWEEN 1483318 AND 1484317 ORDER BY c
	Sort  (cost=3918.24..3920.75 rows=1002 width=121)
	  Sort Key: c
	  ->  Bitmap Heap Scan on sbtest6  (cost=22.71..3868.30 rows=1002 width=121)
	        Recheck Cond: ((id >= 1483318) AND (id <= 1484317))
	        ->  Bitmap Index Scan on sbtest6_pkey  (cost=0.00..22.45 rows=1002 width=0)
	              Index Cond: ((id >= 1483318) AND (id <= 1484317))

table 7 : explain SELECT c FROM sbtest7 WHERE id BETWEEN 7093886 AND 7094885 ORDER BY c
	Sort  (cost=3915.56..3918.06 rows=1001 width=121)
	  Sort Key: c
	  ->  Bitmap Heap Scan on sbtest7  (cost=22.70..3865.67 rows=1001 width=121)
	        Recheck Cond: ((id >= 7093886) AND (id <= 7094885))
	        ->  Bitmap Index Scan on sbtest7_pkey  (cost=0.00..22.44 rows=1001 width=0)
	              Index Cond: ((id >= 7093886) AND (id <= 7094885))

table 8 : explain SELECT c FROM sbtest8 WHERE id BETWEEN 6157499 AND 6158498 ORDER BY c
	Sort  (cost=4117.94..4120.57 rows=1054 width=121)
	  Sort Key: c
	  ->  Bitmap Heap Scan on sbtest8  (cost=23.24..4065.02 rows=1054 width=121)
	        Recheck Cond: ((id >= 6157499) AND (id <= 6158498))
	        ->  Bitmap Index Scan on sbtest8_pkey  (cost=0.00..22.97 rows=1054 width=0)
	              Index Cond: ((id >= 6157499) AND (id <= 6158498))

for: distinct_ranges
table 1 : explain SELECT DISTINCT c FROM sbtest1 WHERE id BETWEEN 3937342 AND 3938341 ORDER BY c
	Unique  (cost=3982.96..3988.05 rows=1019 width=121)
	  ->  Sort  (cost=3982.96..3985.50 rows=1019 width=121)
	        Sort Key: c
	        ->  Bitmap Heap Scan on sbtest1  (cost=22.88..3932.04 rows=1019 width=121)
	              Recheck Cond: ((id >= 3937342) AND (id <= 3938341))
	              ->  Bitmap Index Scan on sbtest1_pkey  (cost=0.00..22.62 rows=1019 width=0)
	                    Index Cond: ((id >= 3937342) AND (id <= 3938341))

table 2 : explain SELECT DISTINCT c FROM sbtest2 WHERE id BETWEEN 4157055 AND 4158054 ORDER BY c
	Unique  (cost=4169.72..4175.06 rows=1068 width=121)
	  ->  Sort  (cost=4169.72..4172.39 rows=1068 width=121)
	        Sort Key: c
	        ->  Bitmap Heap Scan on sbtest2  (cost=23.38..4115.99 rows=1068 width=121)
	              Recheck Cond: ((id >= 4157055) AND (id <= 4158054))
	              ->  Bitmap Index Scan on sbtest2_pkey  (cost=0.00..23.11 rows=1068 width=0)
	                    Index Cond: ((id >= 4157055) AND (id <= 4158054))

table 3 : explain SELECT DISTINCT c FROM sbtest3 WHERE id BETWEEN 7058706 AND 7059705 ORDER BY c
	Unique  (cost=3902.54..3907.53 rows=998 width=121)
	  ->  Sort  (cost=3902.54..3905.04 rows=998 width=121)
	        Sort Key: c
	        ->  Bitmap Heap Scan on sbtest3  (cost=22.66..3852.83 rows=998 width=121)
	              Recheck Cond: ((id >= 7058706) AND (id <= 7059705))
	              ->  Bitmap Index Scan on sbtest3_pkey  (cost=0.00..22.41 rows=998 width=0)
	                    Index Cond: ((id >= 7058706) AND (id <= 7059705))

table 4 : explain SELECT DISTINCT c FROM sbtest4 WHERE id BETWEEN 5695475 AND 5696474 ORDER BY c
	Unique  (cost=4043.85..4049.02 rows=1035 width=121)
	  ->  Sort  (cost=4043.85..4046.43 rows=1035 width=121)
	        Sort Key: c
	        ->  Bitmap Heap Scan on sbtest4  (cost=23.04..3992.02 rows=1035 width=121)
	              Recheck Cond: ((id >= 5695475) AND (id <= 5696474))
	              ->  Bitmap Index Scan on sbtest4_pkey  (cost=0.00..22.79 rows=1035 width=0)
	                    Index Cond: ((id >= 5695475) AND (id <= 5696474))

table 5 : explain SELECT DISTINCT c FROM sbtest5 WHERE id BETWEEN 5297046 AND 5298045 ORDER BY c
	Unique  (cost=3582.19..3586.76 rows=914 width=121)
	  ->  Sort  (cost=3582.19..3584.47 rows=914 width=121)
	        Sort Key: c
	        ->  Bitmap Heap Scan on sbtest5  (cost=21.80..3537.24 rows=914 width=121)
	              Recheck Cond: ((id >= 5297046) AND (id <= 5298045))
	              ->  Bitmap Index Scan on sbtest5_pkey  (cost=0.00..21.57 rows=914 width=0)
	                    Index Cond: ((id >= 5297046) AND (id <= 5298045))

table 6 : explain SELECT DISTINCT c FROM sbtest6 WHERE id BETWEEN 7560118 AND 7561117 ORDER BY c
	Unique  (cost=4216.02..4221.42 rows=1080 width=121)
	  ->  Sort  (cost=4216.02..4218.72 rows=1080 width=121)
	        Sort Key: c
	        ->  Bitmap Heap Scan on sbtest6  (cost=23.50..4161.61 rows=1080 width=121)
	              Recheck Cond: ((id >= 7560118) AND (id <= 7561117))
	              ->  Bitmap Index Scan on sbtest6_pkey  (cost=0.00..23.23 rows=1080 width=0)
	                    Index Cond: ((id >= 7560118) AND (id <= 7561117))

table 7 : explain SELECT DISTINCT c FROM sbtest7 WHERE id BETWEEN 1487459 AND 1488458 ORDER BY c
	Unique  (cost=3785.46..3790.30 rows=967 width=121)
	  ->  Sort  (cost=3785.46..3787.88 rows=967 width=121)
	        Sort Key: c
	        ->  Bitmap Heap Scan on sbtest7  (cost=22.35..3737.51 rows=967 width=121)
	              Recheck Cond: ((id >= 1487459) AND (id <= 1488458))
	              ->  Bitmap Index Scan on sbtest7_pkey  (cost=0.00..22.11 rows=967 width=0)
	                    Index Cond: ((id >= 1487459) AND (id <= 1488458))

table 8 : explain SELECT DISTINCT c FROM sbtest8 WHERE id BETWEEN 5496448 AND 5497447 ORDER BY c
	Unique  (cost=3846.58..3851.49 rows=983 width=121)
	  ->  Sort  (cost=3846.58..3849.04 rows=983 width=121)
	        Sort Key: c
	        ->  Bitmap Heap Scan on sbtest8  (cost=22.51..3797.72 rows=983 width=121)
	              Recheck Cond: ((id >= 5496448) AND (id <= 5497447))
	              ->  Bitmap Index Scan on sbtest8_pkey  (cost=0.00..22.26 rows=983 width=0)
	                    Index Cond: ((id >= 5496448) AND (id <= 5497447))

for: order_ranges
table 1 : explain SELECT c FROM sbtest1 WHERE id BETWEEN 165394 AND 166393 ORDER BY c
	Sort  (cost=3952.39..3954.92 rows=1011 width=121)
	  Sort Key: c
	  ->  Bitmap Heap Scan on sbtest1  (cost=22.80..3901.94 rows=1011 width=121)
	        Recheck Cond: ((id >= 165394) AND (id <= 166393))
	        ->  Bitmap Index Scan on sbtest1_pkey  (cost=0.00..22.54 rows=1011 width=0)
	              Index Cond: ((id >= 165394) AND (id <= 166393))

table 2 : explain SELECT c FROM sbtest2 WHERE id BETWEEN 4722684 AND 4723683 ORDER BY c
	Sort  (cost=4177.34..4180.02 rows=1070 width=121)
	  Sort Key: c
	  ->  Bitmap Heap Scan on sbtest2  (cost=23.40..4123.50 rows=1070 width=121)
	        Recheck Cond: ((id >= 4722684) AND (id <= 4723683))
	        ->  Bitmap Index Scan on sbtest2_pkey  (cost=0.00..23.14 rows=1070 width=0)
	              Index Cond: ((id >= 4722684) AND (id <= 4723683))

table 3 : explain SELECT c FROM sbtest3 WHERE id BETWEEN 58999 AND 59998 ORDER BY c
	Sort  (cost=4051.52..4054.11 rows=1037 width=121)
	  Sort Key: c
	  ->  Bitmap Heap Scan on sbtest3  (cost=23.06..3999.57 rows=1037 width=121)
	        Recheck Cond: ((id >= 58999) AND (id <= 59998))
	        ->  Bitmap Index Scan on sbtest3_pkey  (cost=0.00..22.80 rows=1037 width=0)
	              Index Cond: ((id >= 58999) AND (id <= 59998))

table 4 : explain SELECT c FROM sbtest4 WHERE id BETWEEN 7958954 AND 7959953 ORDER BY c
	Sort  (cost=3519.66..3521.90 rows=898 width=121)
	  Sort Key: c
	  ->  Bitmap Heap Scan on sbtest4  (cost=21.64..3475.61 rows=898 width=121)
	        Recheck Cond: ((id >= 7958954) AND (id <= 7959953))
	        ->  Bitmap Index Scan on sbtest4_pkey  (cost=0.00..21.41 rows=898 width=0)
	              Index Cond: ((id >= 7958954) AND (id <= 7959953))

table 5 : explain SELECT c FROM sbtest5 WHERE id BETWEEN 2165463 AND 2166462 ORDER BY c
	Sort  (cost=3892.39..3894.88 rows=995 width=121)
	  Sort Key: c
	  ->  Bitmap Heap Scan on sbtest5  (cost=22.63..3842.85 rows=995 width=121)
	        Recheck Cond: ((id >= 2165463) AND (id <= 2166462))
	        ->  Bitmap Index Scan on sbtest5_pkey  (cost=0.00..22.39 rows=995 width=0)
	              Index Cond: ((id >= 2165463) AND (id <= 2166462))

table 6 : explain SELECT c FROM sbtest6 WHERE id BETWEEN 8290166 AND 8291165 ORDER BY c
	Sort  (cost=3845.60..3848.05 rows=983 width=121)
	  Sort Key: c
	  ->  Bitmap Heap Scan on sbtest6  (cost=22.51..3796.74 rows=983 width=121)
	        Recheck Cond: ((id >= 8290166) AND (id <= 8291165))
	        ->  Bitmap Index Scan on sbtest6_pkey  (cost=0.00..22.26 rows=983 width=0)
	              Index Cond: ((id >= 8290166) AND (id <= 8291165))

table 7 : explain SELECT c FROM sbtest7 WHERE id BETWEEN 7622036 AND 7623035 ORDER BY c
	Sort  (cost=3961.44..3963.97 rows=1013 width=121)
	  Sort Key: c
	  ->  Bitmap Heap Scan on sbtest7  (cost=22.82..3910.87 rows=1013 width=121)
	        Recheck Cond: ((id >= 7622036) AND (id <= 7623035))
	        ->  Bitmap Index Scan on sbtest7_pkey  (cost=0.00..22.57 rows=1013 width=0)
	              Index Cond: ((id >= 7622036) AND (id <= 7623035))

table 8 : explain SELECT c FROM sbtest8 WHERE id BETWEEN 2860264 AND 2861263 ORDER BY c
	Sort  (cost=3754.71..3757.11 rows=959 width=121)
	  Sort Key: c
	  ->  Bitmap Heap Scan on sbtest8  (cost=22.26..3707.22 rows=959 width=121)
	        Recheck Cond: ((id >= 2860264) AND (id <= 2861263))
	        ->  Bitmap Index Scan on sbtest8_pkey  (cost=0.00..22.02 rows=959 width=0)
	              Index Cond: ((id >= 2860264) AND (id <= 2861263))

for: distinct_ranges
table 1 : explain SELECT DISTINCT c FROM sbtest1 WHERE id BETWEEN 3781482 AND 3782481 ORDER BY c
	Unique  (cost=3853.01..3857.93 rows=985 width=121)
	  ->  Sort  (cost=3853.01..3855.47 rows=985 width=121)
	        Sort Key: c
	        ->  Bitmap Heap Scan on sbtest1  (cost=22.53..3804.03 rows=985 width=121)
	              Recheck Cond: ((id >= 3781482) AND (id <= 3782481))
	              ->  Bitmap Index Scan on sbtest1_pkey  (cost=0.00..22.29 rows=985 width=0)
	                    Index Cond: ((id >= 3781482) AND (id <= 3782481))

table 2 : explain SELECT DISTINCT c FROM sbtest2 WHERE id BETWEEN 7405592 AND 7406591 ORDER BY c
	Unique  (cost=3592.46..3597.04 rows=917 width=121)
	  ->  Sort  (cost=3592.46..3594.75 rows=917 width=121)
	        Sort Key: c
	        ->  Bitmap Heap Scan on sbtest2  (cost=21.83..3547.34 rows=917 width=121)
	              Recheck Cond: ((id >= 7405592) AND (id <= 7406591))
	              ->  Bitmap Index Scan on sbtest2_pkey  (cost=0.00..21.61 rows=917 width=0)
	                    Index Cond: ((id >= 7405592) AND (id <= 7406591))

table 3 : explain SELECT DISTINCT c FROM sbtest3 WHERE id BETWEEN 5380128 AND 5381127 ORDER BY c
	Unique  (cost=3734.24..3739.01 rows=954 width=121)
	  ->  Sort  (cost=3734.24..3736.63 rows=954 width=121)
	        Sort Key: c
	        ->  Bitmap Heap Scan on sbtest3  (cost=22.21..3687.03 rows=954 width=121)
	              Recheck Cond: ((id >= 5380128) AND (id <= 5381127))
	              ->  Bitmap Index Scan on sbtest3_pkey  (cost=0.00..21.97 rows=954 width=0)
	                    Index Cond: ((id >= 5380128) AND (id <= 5381127))

table 4 : explain SELECT DISTINCT c FROM sbtest4 WHERE id BETWEEN 7757266 AND 7758265 ORDER BY c
	Unique  (cost=3515.82..3520.31 rows=897 width=121)
	  ->  Sort  (cost=3515.82..3518.07 rows=897 width=121)
	        Sort Key: c
	        ->  Bitmap Heap Scan on sbtest4  (cost=21.63..3471.83 rows=897 width=121)
	              Recheck Cond: ((id >= 7757266) AND (id <= 7758265))
	              ->  Bitmap Index Scan on sbtest4_pkey  (cost=0.00..21.40 rows=897 width=0)
	                    Index Cond: ((id >= 7757266) AND (id <= 7758265))

table 5 : explain SELECT DISTINCT c FROM sbtest5 WHERE id BETWEEN 7109359 AND 7110358 ORDER BY c
	Unique  (cost=4461.21..4466.93 rows=1144 width=121)
	  ->  Sort  (cost=4461.21..4464.07 rows=1144 width=121)
	        Sort Key: c
	        ->  Bitmap Heap Scan on sbtest5  (cost=28.16..4403.10 rows=1144 width=121)
	              Recheck Cond: ((id >= 7109359) AND (id <= 7110358))
	              ->  Bitmap Index Scan on sbtest5_pkey  (cost=0.00..27.87 rows=1144 width=0)
	                    Index Cond: ((id >= 7109359) AND (id <= 7110358))

table 6 : explain SELECT DISTINCT c FROM sbtest6 WHERE id BETWEEN 9903358 AND 9904357 ORDER BY c
	Unique  (cost=3661.86..3666.54 rows=935 width=121)
	  ->  Sort  (cost=3661.86..3664.20 rows=935 width=121)
	        Sort Key: c
	        ->  Bitmap Heap Scan on sbtest6  (cost=22.02..3615.73 rows=935 width=121)
	              Recheck Cond: ((id >= 9903358) AND (id <= 9904357))
	              ->  Bitmap Index Scan on sbtest6_pkey  (cost=0.00..21.79 rows=935 width=0)
	                    Index Cond: ((id >= 9903358) AND (id <= 9904357))

table 7 : explain SELECT DISTINCT c FROM sbtest7 WHERE id BETWEEN 7057318 AND 7058317 ORDER BY c
	Unique  (cost=3800.77..3805.63 rows=971 width=121)
	  ->  Sort  (cost=3800.77..3803.20 rows=971 width=121)
	        Sort Key: c
	        ->  Bitmap Heap Scan on sbtest7  (cost=22.39..3752.60 rows=971 width=121)
	              Recheck Cond: ((id >= 7057318) AND (id <= 7058317))
	              ->  Bitmap Index Scan on sbtest7_pkey  (cost=0.00..22.14 rows=971 width=0)
	                    Index Cond: ((id >= 7057318) AND (id <= 7058317))

table 8 : explain SELECT DISTINCT c FROM sbtest8 WHERE id BETWEEN 1849322 AND 1850321 ORDER BY c
	Unique  (cost=4228.79..4234.20 rows=1082 width=121)
	  ->  Sort  (cost=4228.79..4231.49 rows=1082 width=121)
	        Sort Key: c
	        ->  Bitmap Heap Scan on sbtest8  (cost=27.53..4174.26 rows=1082 width=121)
	              Recheck Cond: ((id >= 1849322) AND (id <= 1850321))
	              ->  Bitmap Index Scan on sbtest8_pkey  (cost=0.00..27.25 rows=1082 width=0)
	                    Index Cond: ((id >= 1849322) AND (id <= 1850321))

for: sum_ranges
table 1 : explain SELECT SUM(k) FROM sbtest1 WHERE id BETWEEN 5198252 AND 5199251
	Aggregate  (cost=3523.39..3523.40 rows=1 width=8)
	  ->  Bitmap Heap Scan on sbtest1  (cost=21.76..3521.12 rows=910 width=4)
	        Recheck Cond: ((id >= 5198252) AND (id <= 5199251))
	        ->  Bitmap Index Scan on sbtest1_pkey  (cost=0.00..21.54 rows=910 width=0)
	              Index Cond: ((id >= 5198252) AND (id <= 5199251))

table 2 : explain SELECT SUM(k) FROM sbtest2 WHERE id BETWEEN 7922552 AND 7923551
	Aggregate  (cost=4017.13..4017.14 rows=1 width=8)
	  ->  Bitmap Heap Scan on sbtest2  (cost=23.11..4014.53 rows=1041 width=4)
	        Recheck Cond: ((id >= 7922552) AND (id <= 7923551))
	        ->  Bitmap Index Scan on sbtest2_pkey  (cost=0.00..22.84 rows=1041 width=0)
	              Index Cond: ((id >= 7922552) AND (id <= 7923551))

table 3 : explain SELECT SUM(k) FROM sbtest3 WHERE id BETWEEN 9336395 AND 9337394
	Aggregate  (cost=3783.71..3783.72 rows=1 width=8)
	  ->  Bitmap Heap Scan on sbtest3  (cost=22.47..3781.26 rows=979 width=4)
	        Recheck Cond: ((id >= 9336395) AND (id <= 9337394))
	        ->  Bitmap Index Scan on sbtest3_pkey  (cost=0.00..22.22 rows=979 width=0)
	              Index Cond: ((id >= 9336395) AND (id <= 9337394))

table 4 : explain SELECT SUM(k) FROM sbtest4 WHERE id BETWEEN 8308374 AND 8309373
	Aggregate  (cost=3960.73..3960.74 rows=1 width=8)
	  ->  Bitmap Heap Scan on sbtest4  (cost=22.95..3958.17 rows=1026 width=4)
	        Recheck Cond: ((id >= 8308374) AND (id <= 8309373))
	        ->  Bitmap Index Scan on sbtest4_pkey  (cost=0.00..22.69 rows=1026 width=0)
	              Index Cond: ((id >= 8308374) AND (id <= 8309373))

table 5 : explain SELECT SUM(k) FROM sbtest5 WHERE id BETWEEN 4795990 AND 4796989
	Aggregate  (cost=3637.78..3637.79 rows=1 width=8)
	  ->  Bitmap Heap Scan on sbtest5  (cost=22.07..3635.43 rows=940 width=4)
	        Recheck Cond: ((id >= 4795990) AND (id <= 4796989))
	        ->  Bitmap Index Scan on sbtest5_pkey  (cost=0.00..21.83 rows=940 width=0)
	              Index Cond: ((id >= 4795990) AND (id <= 4796989))

table 6 : explain SELECT SUM(k) FROM sbtest6 WHERE id BETWEEN 385541 AND 386540
	Aggregate  (cost=3821.81..3821.82 rows=1 width=8)
	  ->  Bitmap Heap Scan on sbtest6  (cost=22.57..3819.34 rows=989 width=4)
	        Recheck Cond: ((id >= 385541) AND (id <= 386540))
	        ->  Bitmap Index Scan on sbtest6_pkey  (cost=0.00..22.32 rows=989 width=0)
	              Index Cond: ((id >= 385541) AND (id <= 386540))

table 7 : explain SELECT SUM(k) FROM sbtest7 WHERE id BETWEEN 9417017 AND 9418016
	Aggregate  (cost=3928.47..3928.48 rows=1 width=8)
	  ->  Bitmap Heap Scan on sbtest7  (cost=22.86..3925.93 rows=1017 width=4)
	        Recheck Cond: ((id >= 9417017) AND (id <= 9418016))
	        ->  Bitmap Index Scan on sbtest7_pkey  (cost=0.00..22.61 rows=1017 width=0)
	              Index Cond: ((id >= 9417017) AND (id <= 9418016))

table 8 : explain SELECT SUM(k) FROM sbtest8 WHERE id BETWEEN 1515349 AND 1516348
	Aggregate  (cost=3935.88..3935.89 rows=1 width=8)
	  ->  Bitmap Heap Scan on sbtest8  (cost=22.88..3933.33 rows=1019 width=4)
	        Recheck Cond: ((id >= 1515349) AND (id <= 1516348))
	        ->  Bitmap Index Scan on sbtest8_pkey  (cost=0.00..22.62 rows=1019 width=0)
	              Index Cond: ((id >= 1515349) AND (id <= 1516348))

for: distinct_ranges
table 1 : explain SELECT DISTINCT c FROM sbtest1 WHERE id BETWEEN 2004540 AND 2005539 ORDER BY c
	Unique  (cost=3868.30..3873.25 rows=989 width=121)
	  ->  Sort  (cost=3868.30..3870.77 rows=989 width=121)
	        Sort Key: c
	        ->  Bitmap Heap Scan on sbtest1  (cost=22.57..3819.10 rows=989 width=121)
	              Recheck Cond: ((id >= 2004540) AND (id <= 2005539))
	              ->  Bitmap Index Scan on sbtest1_pkey  (cost=0.00..22.32 rows=989 width=0)
	                    Index Cond: ((id >= 2004540) AND (id <= 2005539))

table 2 : explain SELECT DISTINCT c FROM sbtest2 WHERE id BETWEEN 9868095 AND 9869094 ORDER BY c
	Unique  (cost=4158.28..4163.60 rows=1065 width=121)
	  ->  Sort  (cost=4158.28..4160.94 rows=1065 width=121)
	        Sort Key: c
	        ->  Bitmap Heap Scan on sbtest2  (cost=23.35..4104.72 rows=1065 width=121)
	              Recheck Cond: ((id >= 9868095) AND (id <= 9869094))
	              ->  Bitmap Index Scan on sbtest2_pkey  (cost=0.00..23.08 rows=1065 width=0)
	                    Index Cond: ((id >= 9868095) AND (id <= 9869094))

table 3 : explain SELECT DISTINCT c FROM sbtest3 WHERE id BETWEEN 2698531 AND 2699530 ORDER BY c
	Unique  (cost=3833.72..3838.62 rows=980 width=121)
	  ->  Sort  (cost=3833.72..3836.17 rows=980 width=121)
	        Sort Key: c
	        ->  Bitmap Heap Scan on sbtest3  (cost=22.48..3785.03 rows=980 width=121)
	              Recheck Cond: ((id >= 2698531) AND (id <= 2699530))
	              ->  Bitmap Index Scan on sbtest3_pkey  (cost=0.00..22.23 rows=980 width=0)
	                    Index Cond: ((id >= 2698531) AND (id <= 2699530))

table 4 : explain SELECT DISTINCT c FROM sbtest4 WHERE id BETWEEN 5824221 AND 5825220 ORDER BY c
	Unique  (cost=3764.83..3769.64 rows=962 width=121)
	  ->  Sort  (cost=3764.83..3767.23 rows=962 width=121)
	        Sort Key: c
	        ->  Bitmap Heap Scan on sbtest4  (cost=22.30..3717.16 rows=962 width=121)
	              Recheck Cond: ((id >= 5824221) AND (id <= 5825220))
	              ->  Bitmap Index Scan on sbtest4_pkey  (cost=0.00..22.05 rows=962 width=0)
	                    Index Cond: ((id >= 5824221) AND (id <= 5825220))

table 5 : explain SELECT DISTINCT c FROM sbtest5 WHERE id BETWEEN 9337768 AND 9338767 ORDER BY c
	Unique  (cost=3896.22..3901.20 rows=996 width=121)
	  ->  Sort  (cost=3896.22..3898.71 rows=996 width=121)
	        Sort Key: c
	        ->  Bitmap Heap Scan on sbtest5  (cost=22.64..3846.62 rows=996 width=121)
	              Recheck Cond: ((id >= 9337768) AND (id <= 9338767))
	              ->  Bitmap Index Scan on sbtest5_pkey  (cost=0.00..22.39 rows=996 width=0)
	                    Index Cond: ((id >= 9337768) AND (id <= 9338767))

table 6 : explain SELECT DISTINCT c FROM sbtest6 WHERE id BETWEEN 3715671 AND 3716670 ORDER BY c
	Unique  (cost=4002.31..4007.43 rows=1024 width=121)
	  ->  Sort  (cost=4002.31..4004.87 rows=1024 width=121)
	        Sort Key: c
	        ->  Bitmap Heap Scan on sbtest6  (cost=22.93..3951.11 rows=1024 width=121)
	              Recheck Cond: ((id >= 3715671) AND (id <= 3716670))
	              ->  Bitmap Index Scan on sbtest6_pkey  (cost=0.00..22.68 rows=1024 width=0)
	                    Index Cond: ((id >= 3715671) AND (id <= 3716670))

table 7 : explain SELECT DISTINCT c FROM sbtest7 WHERE id BETWEEN 2034327 AND 2035326 ORDER BY c
	Unique  (cost=3946.15..3951.19 rows=1009 width=121)
	  ->  Sort  (cost=3946.15..3948.67 rows=1009 width=121)
	        Sort Key: c
	        ->  Bitmap Heap Scan on sbtest7  (cost=22.78..3895.80 rows=1009 width=121)
	              Recheck Cond: ((id >= 2034327) AND (id <= 2035326))
	              ->  Bitmap Index Scan on sbtest7_pkey  (cost=0.00..22.52 rows=1009 width=0)
	                    Index Cond: ((id >= 2034327) AND (id <= 2035326))

table 8 : explain SELECT DISTINCT c FROM sbtest8 WHERE id BETWEEN 1592378 AND 1593377 ORDER BY c
	Unique  (cost=3984.25..3989.34 rows=1019 width=121)
	  ->  Sort  (cost=3984.25..3986.79 rows=1019 width=121)
	        Sort Key: c
	        ->  Bitmap Heap Scan on sbtest8  (cost=22.88..3933.33 rows=1019 width=121)
	              Recheck Cond: ((id >= 1592378) AND (id <= 1593377))
	              ->  Bitmap Index Scan on sbtest8_pkey  (cost=0.00..22.62 rows=1019 width=0)
	                    Index Cond: ((id >= 1592378) AND (id <= 1593377))

for: distinct_ranges
table 1 : explain SELECT DISTINCT c FROM sbtest1 WHERE id BETWEEN 7115173 AND 7116172 ORDER BY c
	Unique  (cost=3883.60..3888.56 rows=993 width=121)
	  ->  Sort  (cost=3883.60..3886.08 rows=993 width=121)
	        Sort Key: c
	        ->  Bitmap Heap Scan on sbtest1  (cost=22.61..3834.17 rows=993 width=121)
	              Recheck Cond: ((id >= 7115173) AND (id <= 7116172))
	              ->  Bitmap Index Scan on sbtest1_pkey  (cost=0.00..22.36 rows=993 width=0)
	                    Index Cond: ((id >= 7115173) AND (id <= 7116172))

table 2 : explain SELECT DISTINCT c FROM sbtest2 WHERE id BETWEEN 385735 AND 386734 ORDER BY c
	Unique  (cost=4047.62..4052.80 rows=1036 width=121)
	  ->  Sort  (cost=4047.62..4050.21 rows=1036 width=121)
	        Sort Key: c
	        ->  Bitmap Heap Scan on sbtest2  (cost=23.05..3995.73 rows=1036 width=121)
	              Recheck Cond: ((id >= 385735) AND (id <= 386734))
	              ->  Bitmap Index Scan on sbtest2_pkey  (cost=0.00..22.79 rows=1036 width=0)
	                    Index Cond: ((id >= 385735) AND (id <= 386734))

table 3 : explain SELECT DISTINCT c FROM sbtest3 WHERE id BETWEEN 3650738 AND 3651737 ORDER BY c
	Unique  (cost=3787.82..3792.66 rows=968 width=121)
	  ->  Sort  (cost=3787.82..3790.24 rows=968 width=121)
	        Sort Key: c
	        ->  Bitmap Heap Scan on sbtest3  (cost=22.36..3739.81 rows=968 width=121)
	              Recheck Cond: ((id >= 3650738) AND (id <= 3651737))
	              ->  Bitmap Index Scan on sbtest3_pkey  (cost=0.00..22.11 rows=968 width=0)
	                    Index Cond: ((id >= 3650738) AND (id <= 3651737))

table 4 : explain SELECT DISTINCT c FROM sbtest4 WHERE id BETWEEN 757198 AND 758197 ORDER BY c
	Unique  (cost=4116.36..4121.63 rows=1054 width=121)
	  ->  Sort  (cost=4116.36..4119.00 rows=1054 width=121)
	        Sort Key: c
	        ->  Bitmap Heap Scan on sbtest4  (cost=23.24..4063.44 rows=1054 width=121)
	              Recheck Cond: ((id >= 757198) AND (id <= 758197))
	              ->  Bitmap Index Scan on sbtest4_pkey  (cost=0.00..22.97 rows=1054 width=0)
	                    Index Cond: ((id >= 757198) AND (id <= 758197))

table 5 : explain SELECT DISTINCT c FROM sbtest5 WHERE id BETWEEN 1474657 AND 1475656 ORDER BY c
	Unique  (cost=3566.85..3571.40 rows=910 width=121)
	  ->  Sort  (cost=3566.85..3569.12 rows=910 width=121)
	        Sort Key: c
	        ->  Bitmap Heap Scan on sbtest5  (cost=21.76..3522.12 rows=910 width=121)
	              Recheck Cond: ((id >= 1474657) AND (id <= 1475656))
	              ->  Bitmap Index Scan on sbtest5_pkey  (cost=0.00..21.54 rows=910 width=0)
	                    Index Cond: ((id >= 1474657) AND (id <= 1475656))

table 6 : explain SELECT DISTINCT c FROM sbtest6 WHERE id BETWEEN 3526331 AND 3527330 ORDER BY c
	Unique  (cost=4025.22..4030.37 rows=1030 width=121)
	  ->  Sort  (cost=4025.22..4027.80 rows=1030 width=121)
	        Sort Key: c
	        ->  Bitmap Heap Scan on sbtest6  (cost=22.99..3973.68 rows=1030 width=121)
	              Recheck Cond: ((id >= 3526331) AND (id <= 3527330))
	              ->  Bitmap Index Scan on sbtest6_pkey  (cost=0.00..22.73 rows=1030 width=0)
	                    Index Cond: ((id >= 3526331) AND (id <= 3527330))

table 7 : explain SELECT DISTINCT c FROM sbtest7 WHERE id BETWEEN 9201418 AND 9202417 ORDER BY c
	Unique  (cost=4091.34..4096.58 rows=1047 width=121)
	  ->  Sort  (cost=4091.34..4093.96 rows=1047 width=121)
	        Sort Key: c
	        ->  Bitmap Heap Scan on sbtest7  (cost=23.17..4038.82 rows=1047 width=121)
	              Recheck Cond: ((id >= 9201418) AND (id <= 9202417))
	              ->  Bitmap Index Scan on sbtest7_pkey  (cost=0.00..22.90 rows=1047 width=0)
	                    Index Cond: ((id >= 9201418) AND (id <= 9202417))

table 8 : explain SELECT DISTINCT c FROM sbtest8 WHERE id BETWEEN 9258555 AND 9259554 ORDER BY c
	Unique  (cost=4224.97..4230.38 rows=1081 width=121)
	  ->  Sort  (cost=4224.97..4227.67 rows=1081 width=121)
	        Sort Key: c
	        ->  Bitmap Heap Scan on sbtest8  (cost=27.52..4170.50 rows=1081 width=121)
	              Recheck Cond: ((id >= 9258555) AND (id <= 9259554))
	              ->  Bitmap Index Scan on sbtest8_pkey  (cost=0.00..27.25 rows=1081 width=0)
	                    Index Cond: ((id >= 9258555) AND (id <= 9259554))

for: distinct_ranges
table 1 : explain SELECT DISTINCT c FROM sbtest1 WHERE id BETWEEN 3598021 AND 3599020 ORDER BY c
	Unique  (cost=3650.15..3654.81 rows=932 width=121)
	  ->  Sort  (cost=3650.15..3652.48 rows=932 width=121)
	        Sort Key: c
	        ->  Bitmap Heap Scan on sbtest1  (cost=21.99..3604.18 rows=932 width=121)
	              Recheck Cond: ((id >= 3598021) AND (id <= 3599020))
	              ->  Bitmap Index Scan on sbtest1_pkey  (cost=0.00..21.75 rows=932 width=0)
	                    Index Cond: ((id >= 3598021) AND (id <= 3599020))

table 2 : explain SELECT DISTINCT c FROM sbtest2 WHERE id BETWEEN 19605 AND 20604 ORDER BY c
	Unique  (cost=3971.24..3976.32 rows=1016 width=121)
	  ->  Sort  (cost=3971.24..3973.78 rows=1016 width=121)
	        Sort Key: c
	        ->  Bitmap Heap Scan on sbtest2  (cost=22.85..3920.50 rows=1016 width=121)
	              Recheck Cond: ((id >= 19605) AND (id <= 20604))
	              ->  Bitmap Index Scan on sbtest2_pkey  (cost=0.00..22.59 rows=1016 width=0)
	                    Index Cond: ((id >= 19605) AND (id <= 20604))

table 3 : explain SELECT DISTINCT c FROM sbtest3 WHERE id BETWEEN 7127748 AND 7128747 ORDER BY c
	Unique  (cost=3902.54..3907.53 rows=998 width=121)
	  ->  Sort  (cost=3902.54..3905.04 rows=998 width=121)
	        Sort Key: c
	        ->  Bitmap Heap Scan on sbtest3  (cost=22.66..3852.83 rows=998 width=121)
	              Recheck Cond: ((id >= 7127748) AND (id <= 7128747))
	              ->  Bitmap Index Scan on sbtest3_pkey  (cost=0.00..22.41 rows=998 width=0)
	                    Index Cond: ((id >= 7127748) AND (id <= 7128747))

table 4 : explain SELECT DISTINCT c FROM sbtest4 WHERE id BETWEEN 5443317 AND 5444316 ORDER BY c
	Unique  (cost=4051.48..4056.67 rows=1037 width=121)
	  ->  Sort  (cost=4051.48..4054.07 rows=1037 width=121)
	        Sort Key: c
	        ->  Bitmap Heap Scan on sbtest4  (cost=23.06..3999.54 rows=1037 width=121)
	              Recheck Cond: ((id >= 5443317) AND (id <= 5444316))
	              ->  Bitmap Index Scan on sbtest4_pkey  (cost=0.00..22.80 rows=1037 width=0)
	                    Index Cond: ((id >= 5443317) AND (id <= 5444316))

table 5 : explain SELECT DISTINCT c FROM sbtest5 WHERE id BETWEEN 2190081 AND 2191080 ORDER BY c
	Unique  (cost=3892.39..3897.37 rows=995 width=121)
	  ->  Sort  (cost=3892.39..3894.88 rows=995 width=121)
	        Sort Key: c
	        ->  Bitmap Heap Scan on sbtest5  (cost=22.63..3842.85 rows=995 width=121)
	              Recheck Cond: ((id >= 2190081) AND (id <= 2191080))
	              ->  Bitmap Index Scan on sbtest5_pkey  (cost=0.00..22.39 rows=995 width=0)
	                    Index Cond: ((id >= 2190081) AND (id <= 2191080))

table 6 : explain SELECT DISTINCT c FROM sbtest6 WHERE id BETWEEN 6813704 AND 6814703 ORDER BY c
	Unique  (cost=3910.60..3915.60 rows=1000 width=121)
	  ->  Sort  (cost=3910.60..3913.10 rows=1000 width=121)
	        Sort Key: c
	        ->  Bitmap Heap Scan on sbtest6  (cost=22.68..3860.77 rows=1000 width=121)
	              Recheck Cond: ((id >= 6813704) AND (id <= 6814703))
	              ->  Bitmap Index Scan on sbtest6_pkey  (cost=0.00..22.43 rows=1000 width=0)
	                    Index Cond: ((id >= 6813704) AND (id <= 6814703))

table 7 : explain SELECT DISTINCT c FROM sbtest7 WHERE id BETWEEN 9743236 AND 9744235 ORDER BY c
	Unique  (cost=4144.79..4150.10 rows=1061 width=121)
	  ->  Sort  (cost=4144.79..4147.44 rows=1061 width=121)
	        Sort Key: c
	        ->  Bitmap Heap Scan on sbtest7  (cost=23.31..4091.47 rows=1061 width=121)
	              Recheck Cond: ((id >= 9743236) AND (id <= 9744235))
	              ->  Bitmap Index Scan on sbtest7_pkey  (cost=0.00..23.04 rows=1061 width=0)
	                    Index Cond: ((id >= 9743236) AND (id <= 9744235))

table 8 : explain SELECT DISTINCT c FROM sbtest8 WHERE id BETWEEN 5871702 AND 5872701 ORDER BY c
	Unique  (cost=3999.53..4004.65 rows=1023 width=121)
	  ->  Sort  (cost=3999.53..4002.09 rows=1023 width=121)
	        Sort Key: c
	        ->  Bitmap Heap Scan on sbtest8  (cost=22.92..3948.39 rows=1023 width=121)
	              Recheck Cond: ((id >= 5871702) AND (id <= 5872701))
	              ->  Bitmap Index Scan on sbtest8_pkey  (cost=0.00..22.66 rows=1023 width=0)
	                    Index Cond: ((id >= 5871702) AND (id <= 5872701))

for point_selects
table 1 : explain SELECT c FROM sbtest1 WHERE id=5518382
	Index Scan using sbtest1_pkey on sbtest1  (cost=0.43..8.45 rows=1 width=121)
	  Index Cond: (id = 5518382)

table 2 : explain SELECT c FROM sbtest2 WHERE id=8192289
	Index Scan using sbtest2_pkey on sbtest2  (cost=0.43..8.45 rows=1 width=121)
	  Index Cond: (id = 8192289)

table 3 : explain SELECT c FROM sbtest3 WHERE id=9430238
	Index Scan using sbtest3_pkey on sbtest3  (cost=0.43..8.45 rows=1 width=121)
	  Index Cond: (id = 9430238)

table 4 : explain SELECT c FROM sbtest4 WHERE id=549273
	Index Scan using sbtest4_pkey on sbtest4  (cost=0.43..8.45 rows=1 width=121)
	  Index Cond: (id = 549273)

table 5 : explain SELECT c FROM sbtest5 WHERE id=8163011
	Index Scan using sbtest5_pkey on sbtest5  (cost=0.43..8.45 rows=1 width=121)
	  Index Cond: (id = 8163011)

table 6 : explain SELECT c FROM sbtest6 WHERE id=1082641
	Index Scan using sbtest6_pkey on sbtest6  (cost=0.43..8.45 rows=1 width=121)
	  Index Cond: (id = 1082641)

table 7 : explain SELECT c FROM sbtest7 WHERE id=7909864
	Index Scan using sbtest7_pkey on sbtest7  (cost=0.43..8.45 rows=1 width=121)
	  Index Cond: (id = 7909864)

table 8 : explain SELECT c FROM sbtest8 WHERE id=9646060
	Index Scan using sbtest8_pkey on sbtest8  (cost=0.43..8.45 rows=1 width=121)
	  Index Cond: (id = 9646060)

for point_selects
table 1 : explain SELECT c FROM sbtest1 WHERE id=3675525
	Index Scan using sbtest1_pkey on sbtest1  (cost=0.43..8.45 rows=1 width=121)
	  Index Cond: (id = 3675525)

table 2 : explain SELECT c FROM sbtest2 WHERE id=3359253
	Index Scan using sbtest2_pkey on sbtest2  (cost=0.43..8.45 rows=1 width=121)
	  Index Cond: (id = 3359253)

table 3 : explain SELECT c FROM sbtest3 WHERE id=8646472
	Index Scan using sbtest3_pkey on sbtest3  (cost=0.43..8.45 rows=1 width=121)
	  Index Cond: (id = 8646472)

table 4 : explain SELECT c FROM sbtest4 WHERE id=6126397
	Index Scan using sbtest4_pkey on sbtest4  (cost=0.43..8.45 rows=1 width=121)
	  Index Cond: (id = 6126397)

table 5 : explain SELECT c FROM sbtest5 WHERE id=6903655
	Index Scan using sbtest5_pkey on sbtest5  (cost=0.43..8.45 rows=1 width=121)
	  Index Cond: (id = 6903655)

table 6 : explain SELECT c FROM sbtest6 WHERE id=6639981
	Index Scan using sbtest6_pkey on sbtest6  (cost=0.43..8.45 rows=1 width=121)
	  Index Cond: (id = 6639981)

table 7 : explain SELECT c FROM sbtest7 WHERE id=8574227
	Index Scan using sbtest7_pkey on sbtest7  (cost=0.43..8.45 rows=1 width=121)
	  Index Cond: (id = 8574227)

table 8 : explain SELECT c FROM sbtest8 WHERE id=2884332
	Index Scan using sbtest8_pkey on sbtest8  (cost=0.43..8.45 rows=1 width=121)
	  Index Cond: (id = 2884332)

explain: for point_selects :: explain SELECT c FROM sbtest%u WHERE id=%u
explain: for point_selects :: explain SELECT c FROM sbtest%u WHERE id=%u
explain: for point_selects :: explain SELECT c FROM sbtest%u WHERE id=%u
explain: for point_selects :: explain SELECT c FROM sbtest%u WHERE id=%u
explain: for point_selects :: explain SELECT c FROM sbtest%u WHERE id=%u
explain: for point_selects :: explain SELECT c FROM sbtest%u WHERE id=%u
explain: for point_selects :: explain SELECT c FROM sbtest%u WHERE id=%u
for: simple_ranges
table 1 : explain SELECT c FROM sbtest1 WHERE id BETWEEN 1424159 AND 1425158
	Bitmap Heap Scan on sbtest1  (cost=22.25..3702.27 rows=958 width=121)
	  Recheck Cond: ((id >= 1424159) AND (id <= 1425158))
	  ->  Bitmap Index Scan on sbtest1_pkey  (cost=0.00..22.01 rows=958 width=0)
	        Index Cond: ((id >= 1424159) AND (id <= 1425158))

table 2 : explain SELECT c FROM sbtest2 WHERE id BETWEEN 6342515 AND 6343514
	Bitmap Heap Scan on sbtest2  (cost=23.32..4093.45 rows=1062 width=121)
	  Recheck Cond: ((id >= 6342515) AND (id <= 6343514))
	  ->  Bitmap Index Scan on sbtest2_pkey  (cost=0.00..23.05 rows=1062 width=0)
	        Index Cond: ((id >= 6342515) AND (id <= 6343514))

table 3 : explain SELECT c FROM sbtest3 WHERE id BETWEEN 2488968 AND 2489967
	Bitmap Heap Scan on sbtest3  (cost=23.39..4119.83 rows=1069 width=121)
	  Recheck Cond: ((id >= 2488968) AND (id <= 2489967))
	  ->  Bitmap Index Scan on sbtest3_pkey  (cost=0.00..23.12 rows=1069 width=0)
	        Index Cond: ((id >= 2488968) AND (id <= 2489967))

table 4 : explain SELECT c FROM sbtest4 WHERE id BETWEEN 551477 AND 552476
	Bitmap Heap Scan on sbtest4  (cost=22.02..3615.32 rows=935 width=121)
	  Recheck Cond: ((id >= 551477) AND (id <= 552476))
	  ->  Bitmap Index Scan on sbtest4_pkey  (cost=0.00..21.79 rows=935 width=0)
	        Index Cond: ((id >= 551477) AND (id <= 552476))

table 5 : explain SELECT c FROM sbtest5 WHERE id BETWEEN 3744875 AND 3745874
	Bitmap Heap Scan on sbtest5  (cost=23.05..3997.21 rows=1036 width=121)
	  Recheck Cond: ((id >= 3744875) AND (id <= 3745874))
	  ->  Bitmap Index Scan on sbtest5_pkey  (cost=0.00..22.79 rows=1036 width=0)
	        Index Cond: ((id >= 3744875) AND (id <= 3745874))

table 6 : explain SELECT c FROM sbtest6 WHERE id BETWEEN 4464302 AND 4465301
	Bitmap Heap Scan on sbtest6  (cost=22.04..3623.28 rows=937 width=121)
	  Recheck Cond: ((id >= 4464302) AND (id <= 4465301))
	  ->  Bitmap Index Scan on sbtest6_pkey  (cost=0.00..21.80 rows=937 width=0)
	        Index Cond: ((id >= 4464302) AND (id <= 4465301))

table 7 : explain SELECT c FROM sbtest7 WHERE id BETWEEN 3685321 AND 3686320
	Bitmap Heap Scan on sbtest7  (cost=21.98..3601.65 rows=931 width=121)
	  Recheck Cond: ((id >= 3685321) AND (id <= 3686320))
	  ->  Bitmap Index Scan on sbtest7_pkey  (cost=0.00..21.75 rows=931 width=0)
	        Index Cond: ((id >= 3685321) AND (id <= 3686320))

table 8 : explain SELECT c FROM sbtest8 WHERE id BETWEEN 7517781 AND 7518780
	Bitmap Heap Scan on sbtest8  (cost=21.72..3507.09 rows=906 width=121)
	  Recheck Cond: ((id >= 7517781) AND (id <= 7518780))
	  ->  Bitmap Index Scan on sbtest8_pkey  (cost=0.00..21.50 rows=906 width=0)
	        Index Cond: ((id >= 7517781) AND (id <= 7518780))

for point_selects
table 1 : explain SELECT c FROM sbtest1 WHERE id=2008813
	Index Scan using sbtest1_pkey on sbtest1  (cost=0.43..8.45 rows=1 width=121)
	  Index Cond: (id = 2008813)

table 2 : explain SELECT c FROM sbtest2 WHERE id=7339627
	Index Scan using sbtest2_pkey on sbtest2  (cost=0.43..8.45 rows=1 width=121)
	  Index Cond: (id = 7339627)

table 3 : explain SELECT c FROM sbtest3 WHERE id=5965964
	Index Scan using sbtest3_pkey on sbtest3  (cost=0.43..8.45 rows=1 width=121)
	  Index Cond: (id = 5965964)

table 4 : explain SELECT c FROM sbtest4 WHERE id=5380991
	Index Scan using sbtest4_pkey on sbtest4  (cost=0.43..8.45 rows=1 width=121)
	  Index Cond: (id = 5380991)

table 5 : explain SELECT c FROM sbtest5 WHERE id=3903389
	Index Scan using sbtest5_pkey on sbtest5  (cost=0.43..8.45 rows=1 width=121)
	  Index Cond: (id = 3903389)

table 6 : explain SELECT c FROM sbtest6 WHERE id=8753342
	Index Scan using sbtest6_pkey on sbtest6  (cost=0.43..8.45 rows=1 width=121)
	  Index Cond: (id = 8753342)

table 7 : explain SELECT c FROM sbtest7 WHERE id=3769523
	Index Scan using sbtest7_pkey on sbtest7  (cost=0.43..8.45 rows=1 width=121)
	  Index Cond: (id = 3769523)

table 8 : explain SELECT c FROM sbtest8 WHERE id=9061307
	Index Scan using sbtest8_pkey on sbtest8  (cost=0.43..8.45 rows=1 width=121)
	  Index Cond: (id = 9061307)

for: order_ranges
table 1 : explain SELECT c FROM sbtest1 WHERE id BETWEEN 6994739 AND 6995738 ORDER BY c
	Sort  (cost=3979.14..3981.68 rows=1018 width=121)
	  Sort Key: c
	  ->  Bitmap Heap Scan on sbtest1  (cost=22.87..3928.28 rows=1018 width=121)
	        Recheck Cond: ((id >= 6994739) AND (id <= 6995738))
	        ->  Bitmap Index Scan on sbtest1_pkey  (cost=0.00..22.61 rows=1018 width=0)
	              Index Cond: ((id >= 6994739) AND (id <= 6995738))

table 2 : explain SELECT c FROM sbtest2 WHERE id BETWEEN 6960958 AND 6961957 ORDER BY c
	Sort  (cost=3898.64..3901.13 rows=997 width=121)
	  Sort Key: c
	  ->  Bitmap Heap Scan on sbtest2  (cost=22.65..3848.98 rows=997 width=121)
	        Recheck Cond: ((id >= 6960958) AND (id <= 6961957))
	        ->  Bitmap Index Scan on sbtest2_pkey  (cost=0.00..22.40 rows=997 width=0)
	              Index Cond: ((id >= 6960958) AND (id <= 6961957))

table 3 : explain SELECT c FROM sbtest3 WHERE id BETWEEN 2403295 AND 2404294 ORDER BY c
	Sort  (cost=4173.62..4176.29 rows=1069 width=121)
	  Sort Key: c
	  ->  Bitmap Heap Scan on sbtest3  (cost=23.39..4119.83 rows=1069 width=121)
	        Recheck Cond: ((id >= 2403295) AND (id <= 2404294))
	        ->  Bitmap Index Scan on sbtest3_pkey  (cost=0.00..23.12 rows=1069 width=0)
	              Index Cond: ((id >= 2403295) AND (id <= 2404294))

table 4 : explain SELECT c FROM sbtest4 WHERE id BETWEEN 619765 AND 620764 ORDER BY c
	Sort  (cost=3649.97..3652.30 rows=932 width=121)
	  Sort Key: c
	  ->  Bitmap Heap Scan on sbtest4  (cost=21.99..3604.00 rows=932 width=121)
	        Recheck Cond: ((id >= 619765) AND (id <= 620764))
	        ->  Bitmap Index Scan on sbtest4_pkey  (cost=0.00..21.75 rows=932 width=0)
	              Index Cond: ((id >= 619765) AND (id <= 620764))

table 5 : explain SELECT c FROM sbtest5 WHERE id BETWEEN 209359 AND 210358 ORDER BY c
	Sort  (cost=4171.27..4173.94 rows=1068 width=121)
	  Sort Key: c
	  ->  Bitmap Heap Scan on sbtest5  (cost=23.38..4117.55 rows=1068 width=121)
	        Recheck Cond: ((id >= 209359) AND (id <= 210358))
	        ->  Bitmap Index Scan on sbtest5_pkey  (cost=0.00..23.11 rows=1068 width=0)
	              Index Cond: ((id >= 209359) AND (id <= 210358))

table 6 : explain SELECT c FROM sbtest6 WHERE id BETWEEN 7620844 AND 7621843 ORDER BY c
	Sort  (cost=4216.02..4218.72 rows=1080 width=121)
	  Sort Key: c
	  ->  Bitmap Heap Scan on sbtest6  (cost=23.50..4161.61 rows=1080 width=121)
	        Recheck Cond: ((id >= 7620844) AND (id <= 7621843))
	        ->  Bitmap Index Scan on sbtest6_pkey  (cost=0.00..23.23 rows=1080 width=0)
	              Index Cond: ((id >= 7620844) AND (id <= 7621843))

table 7 : explain SELECT c FROM sbtest7 WHERE id BETWEEN 6771914 AND 6772913 ORDER BY c
	Sort  (cost=3881.13..3883.61 rows=992 width=121)
	  Sort Key: c
	  ->  Bitmap Heap Scan on sbtest7  (cost=22.60..3831.76 rows=992 width=121)
	        Recheck Cond: ((id >= 6771914) AND (id <= 6772913))
	        ->  Bitmap Index Scan on sbtest7_pkey  (cost=0.00..22.36 rows=992 width=0)
	              Index Cond: ((id >= 6771914) AND (id <= 6772913))

table 8 : explain SELECT c FROM sbtest8 WHERE id BETWEEN 1838459 AND 1839458 ORDER BY c
	Sort  (cost=4228.79..4231.49 rows=1082 width=121)
	  Sort Key: c
	  ->  Bitmap Heap Scan on sbtest8  (cost=27.53..4174.26 rows=1082 width=121)
	        Recheck Cond: ((id >= 1838459) AND (id <= 1839458))
	        ->  Bitmap Index Scan on sbtest8_pkey  (cost=0.00..27.25 rows=1082 width=0)
	              Index Cond: ((id >= 1838459) AND (id <= 1839458))

for: simple_ranges
table 1 : explain SELECT c FROM sbtest1 WHERE id BETWEEN 4081262 AND 4082261
	Bitmap Heap Scan on sbtest1  (cost=27.95..4322.96 rows=1123 width=121)
	  Recheck Cond: ((id >= 4081262) AND (id <= 4082261))
	  ->  Bitmap Index Scan on sbtest1_pkey  (cost=0.00..27.66 rows=1123 width=0)
	        Index Cond: ((id >= 4081262) AND (id <= 4082261))

table 2 : explain SELECT c FROM sbtest2 WHERE id BETWEEN 2344615 AND 2345614
	Bitmap Heap Scan on sbtest2  (cost=21.54..3437.78 rows=888 width=121)
	  Recheck Cond: ((id >= 2344615) AND (id <= 2345614))
	  ->  Bitmap Index Scan on sbtest2_pkey  (cost=0.00..21.32 rows=888 width=0)
	        Index Cond: ((id >= 2344615) AND (id <= 2345614))

table 3 : explain SELECT c FROM sbtest3 WHERE id BETWEEN 8288033 AND 8289032
	Bitmap Heap Scan on sbtest3  (cost=22.08..3637.99 rows=941 width=121)
	  Recheck Cond: ((id >= 8288033) AND (id <= 8289032))
	  ->  Bitmap Index Scan on sbtest3_pkey  (cost=0.00..21.84 rows=941 width=0)
	        Index Cond: ((id >= 8288033) AND (id <= 8289032))

table 4 : explain SELECT c FROM sbtest4 WHERE id BETWEEN 1229189 AND 1230188
	Bitmap Heap Scan on sbtest4  (cost=27.82..4277.72 rows=1111 width=121)
	  Recheck Cond: ((id >= 1229189) AND (id <= 1230188))
	  ->  Bitmap Index Scan on sbtest4_pkey  (cost=0.00..27.54 rows=1111 width=0)
	        Index Cond: ((id >= 1229189) AND (id <= 1230188))

table 5 : explain SELECT c FROM sbtest5 WHERE id BETWEEN 274625 AND 275624
	Bitmap Heap Scan on sbtest5  (cost=23.38..4117.55 rows=1068 width=121)
	  Recheck Cond: ((id >= 274625) AND (id <= 275624))
	  ->  Bitmap Index Scan on sbtest5_pkey  (cost=0.00..23.11 rows=1068 width=0)
	        Index Cond: ((id >= 274625) AND (id <= 275624))

table 6 : explain SELECT c FROM sbtest6 WHERE id BETWEEN 172454 AND 173453
	Bitmap Heap Scan on sbtest6  (cost=23.25..4067.68 rows=1055 width=121)
	  Recheck Cond: ((id >= 172454) AND (id <= 173453))
	  ->  Bitmap Index Scan on sbtest6_pkey  (cost=0.00..22.98 rows=1055 width=0)
	        Index Cond: ((id >= 172454) AND (id <= 173453))

table 7 : explain SELECT c FROM sbtest7 WHERE id BETWEEN 6124775 AND 6125774
	Bitmap Heap Scan on sbtest7  (cost=22.75..3884.50 rows=1006 width=121)
	  Recheck Cond: ((id >= 6124775) AND (id <= 6125774))
	  ->  Bitmap Index Scan on sbtest7_pkey  (cost=0.00..22.50 rows=1006 width=0)
	        Index Cond: ((id >= 6124775) AND (id <= 6125774))

table 8 : explain SELECT c FROM sbtest8 WHERE id BETWEEN 9510439 AND 9511438
	Bitmap Heap Scan on sbtest8  (cost=22.48..3786.41 rows=980 width=121)
	  Recheck Cond: ((id >= 9510439) AND (id <= 9511438))
	  ->  Bitmap Index Scan on sbtest8_pkey  (cost=0.00..22.23 rows=980 width=0)
	        Index Cond: ((id >= 9510439) AND (id <= 9511438))

for point_selects
table 1 : explain SELECT c FROM sbtest1 WHERE id=9317152
	Index Scan using sbtest1_pkey on sbtest1  (cost=0.43..8.45 rows=1 width=121)
	  Index Cond: (id = 9317152)

table 2 : explain SELECT c FROM sbtest2 WHERE id=2120568
	Index Scan using sbtest2_pkey on sbtest2  (cost=0.43..8.45 rows=1 width=121)
	  Index Cond: (id = 2120568)

table 3 : explain SELECT c FROM sbtest3 WHERE id=2478156
	Index Scan using sbtest3_pkey on sbtest3  (cost=0.43..8.45 rows=1 width=121)
	  Index Cond: (id = 2478156)

table 4 : explain SELECT c FROM sbtest4 WHERE id=4872171
	Index Scan using sbtest4_pkey on sbtest4  (cost=0.43..8.45 rows=1 width=121)
	  Index Cond: (id = 4872171)

table 5 : explain SELECT c FROM sbtest5 WHERE id=2805354
	Index Scan using sbtest5_pkey on sbtest5  (cost=0.43..8.45 rows=1 width=121)
	  Index Cond: (id = 2805354)

table 6 : explain SELECT c FROM sbtest6 WHERE id=8472212
	Index Scan using sbtest6_pkey on sbtest6  (cost=0.43..8.45 rows=1 width=121)
	  Index Cond: (id = 8472212)

table 7 : explain SELECT c FROM sbtest7 WHERE id=7710570
	Index Scan using sbtest7_pkey on sbtest7  (cost=0.43..8.45 rows=1 width=121)
	  Index Cond: (id = 7710570)

table 8 : explain SELECT c FROM sbtest8 WHERE id=192626
	Index Scan using sbtest8_pkey on sbtest8  (cost=0.43..8.45 rows=1 width=121)
	  Index Cond: (id = 192626)

for point_selects
table 1 : explain SELECT c FROM sbtest1 WHERE id=4506515
	Index Scan using sbtest1_pkey on sbtest1  (cost=0.43..8.45 rows=1 width=121)
	  Index Cond: (id = 4506515)

table 2 : explain SELECT c FROM sbtest2 WHERE id=2493968
	Index Scan using sbtest2_pkey on sbtest2  (cost=0.43..8.45 rows=1 width=121)
	  Index Cond: (id = 2493968)

table 3 : explain SELECT c FROM sbtest3 WHERE id=7146410
	Index Scan using sbtest3_pkey on sbtest3  (cost=0.43..8.45 rows=1 width=121)
	  Index Cond: (id = 7146410)

table 4 : explain SELECT c FROM sbtest4 WHERE id=1430283
	Index Scan using sbtest4_pkey on sbtest4  (cost=0.43..8.45 rows=1 width=121)
	  Index Cond: (id = 1430283)

table 5 : explain SELECT c FROM sbtest5 WHERE id=5879601
	Index Scan using sbtest5_pkey on sbtest5  (cost=0.43..8.45 rows=1 width=121)
	  Index Cond: (id = 5879601)

table 6 : explain SELECT c FROM sbtest6 WHERE id=9234247
	Index Scan using sbtest6_pkey on sbtest6  (cost=0.43..8.45 rows=1 width=121)
	  Index Cond: (id = 9234247)

table 7 : explain SELECT c FROM sbtest7 WHERE id=7820292
	Index Scan using sbtest7_pkey on sbtest7  (cost=0.43..8.45 rows=1 width=121)
	  Index Cond: (id = 7820292)

table 8 : explain SELECT c FROM sbtest8 WHERE id=3257934
	Index Scan using sbtest8_pkey on sbtest8  (cost=0.43..8.45 rows=1 width=121)
	  Index Cond: (id = 3257934)

for: simple_ranges
table 1 : explain SELECT c FROM sbtest1 WHERE id BETWEEN 8769231 AND 8770230
	Bitmap Heap Scan on sbtest1  (cost=22.16..3668.33 rows=949 width=121)
	  Recheck Cond: ((id >= 8769231) AND (id <= 8770230))
	  ->  Bitmap Index Scan on sbtest1_pkey  (cost=0.00..21.93 rows=949 width=0)
	        Index Cond: ((id >= 8769231) AND (id <= 8770230))

table 2 : explain SELECT c FROM sbtest2 WHERE id BETWEEN 3626223 AND 3627222
	Bitmap Heap Scan on sbtest2  (cost=22.65..3848.98 rows=997 width=121)
	  Recheck Cond: ((id >= 3626223) AND (id <= 3627222))
	  ->  Bitmap Index Scan on sbtest2_pkey  (cost=0.00..22.40 rows=997 width=0)
	        Index Cond: ((id >= 3626223) AND (id <= 3627222))

table 3 : explain SELECT c FROM sbtest3 WHERE id BETWEEN 403149 AND 404148
	Bitmap Heap Scan on sbtest3  (cost=22.06..3630.45 rows=939 width=121)
	  Recheck Cond: ((id >= 403149) AND (id <= 404148))
	  ->  Bitmap Index Scan on sbtest3_pkey  (cost=0.00..21.82 rows=939 width=0)
	        Index Cond: ((id >= 403149) AND (id <= 404148))

table 4 : explain SELECT c FROM sbtest4 WHERE id BETWEEN 3912866 AND 3913865
	Bitmap Heap Scan on sbtest4  (cost=28.21..4420.17 rows=1149 width=121)
	  Recheck Cond: ((id >= 3912866) AND (id <= 3913865))
	  ->  Bitmap Index Scan on sbtest4_pkey  (cost=0.00..27.93 rows=1149 width=0)
	        Index Cond: ((id >= 3912866) AND (id <= 3913865))

table 5 : explain SELECT c FROM sbtest5 WHERE id BETWEEN 5731679 AND 5732678
	Bitmap Heap Scan on sbtest5  (cost=23.55..4177.66 rows=1084 width=121)
	  Recheck Cond: ((id >= 5731679) AND (id <= 5732678))
	  ->  Bitmap Index Scan on sbtest5_pkey  (cost=0.00..23.27 rows=1084 width=0)
	        Index Cond: ((id >= 5731679) AND (id <= 5732678))

table 6 : explain SELECT c FROM sbtest6 WHERE id BETWEEN 3571797 AND 3572796
	Bitmap Heap Scan on sbtest6  (cost=23.23..4060.17 rows=1053 width=121)
	  Recheck Cond: ((id >= 3571797) AND (id <= 3572796))
	  ->  Bitmap Index Scan on sbtest6_pkey  (cost=0.00..22.96 rows=1053 width=0)
	        Index Cond: ((id >= 3571797) AND (id <= 3572796))

table 7 : explain SELECT c FROM sbtest7 WHERE id BETWEEN 8982726 AND 8983725
	Bitmap Heap Scan on sbtest7  (cost=23.12..4020.02 rows=1042 width=121)
	  Recheck Cond: ((id >= 8982726) AND (id <= 8983725))
	  ->  Bitmap Index Scan on sbtest7_pkey  (cost=0.00..22.86 rows=1042 width=0)
	        Index Cond: ((id >= 8982726) AND (id <= 8983725))

table 8 : explain SELECT c FROM sbtest8 WHERE id BETWEEN 2682123 AND 2683122
	Bitmap Heap Scan on sbtest8  (cost=21.61..3465.51 rows=895 width=121)
	  Recheck Cond: ((id >= 2682123) AND (id <= 2683122))
	  ->  Bitmap Index Scan on sbtest8_pkey  (cost=0.00..21.39 rows=895 width=0)
	        Index Cond: ((id >= 2682123) AND (id <= 2683122))

for: sum_ranges
table 1 : explain SELECT SUM(k) FROM sbtest1 WHERE id BETWEEN 6763485 AND 6764484
	Aggregate  (cost=3443.99..3444.00 rows=1 width=8)
	  ->  Bitmap Heap Scan on sbtest1  (cost=21.55..3441.77 rows=889 width=4)
	        Recheck Cond: ((id >= 6763485) AND (id <= 6764484))
	        ->  Bitmap Index Scan on sbtest1_pkey  (cost=0.00..21.32 rows=889 width=0)
	              Index Cond: ((id >= 6763485) AND (id <= 6764484))

table 2 : explain SELECT SUM(k) FROM sbtest2 WHERE id BETWEEN 9242872 AND 9243871
	Aggregate  (cost=4126.18..4126.19 rows=1 width=8)
	  ->  Bitmap Heap Scan on sbtest2  (cost=23.40..4123.50 rows=1070 width=4)
	        Recheck Cond: ((id >= 9242872) AND (id <= 9243871))
	        ->  Bitmap Index Scan on sbtest2_pkey  (cost=0.00..23.14 rows=1070 width=0)
	              Index Cond: ((id >= 9242872) AND (id <= 9243871))

table 3 : explain SELECT SUM(k) FROM sbtest3 WHERE id BETWEEN 3018687 AND 3019686
	Aggregate  (cost=4231.73..4231.74 rows=1 width=8)
	  ->  Bitmap Heap Scan on sbtest3  (cost=27.69..4228.98 rows=1098 width=4)
	        Recheck Cond: ((id >= 3018687) AND (id <= 3019686))
	        ->  Bitmap Index Scan on sbtest3_pkey  (cost=0.00..27.41 rows=1098 width=0)
	              Index Cond: ((id >= 3018687) AND (id <= 3019686))

table 4 : explain SELECT SUM(k) FROM sbtest4 WHERE id BETWEEN 2367962 AND 2368961
	Aggregate  (cost=3681.83..3681.84 rows=1 width=8)
	  ->  Bitmap Heap Scan on sbtest4  (cost=22.19..3679.45 rows=952 width=4)
	        Recheck Cond: ((id >= 2367962) AND (id <= 2368961))
	        ->  Bitmap Index Scan on sbtest4_pkey  (cost=0.00..21.95 rows=952 width=0)
	              Index Cond: ((id >= 2367962) AND (id <= 2368961))

table 5 : explain SELECT SUM(k) FROM sbtest5 WHERE id BETWEEN 4689802 AND 4690801
	Aggregate  (cost=3830.25..3830.26 rows=1 width=8)
	  ->  Bitmap Heap Scan on sbtest5  (cost=22.59..3827.78 rows=991 width=4)
	        Recheck Cond: ((id >= 4689802) AND (id <= 4690801))
	        ->  Bitmap Index Scan on sbtest5_pkey  (cost=0.00..22.34 rows=991 width=0)
	              Index Cond: ((id >= 4689802) AND (id <= 4690801))

table 6 : explain SELECT SUM(k) FROM sbtest6 WHERE id BETWEEN 7723183 AND 7724182
	Aggregate  (cost=3765.25..3765.26 rows=1 width=8)
	  ->  Bitmap Heap Scan on sbtest6  (cost=22.42..3762.82 rows=974 width=4)
	        Recheck Cond: ((id >= 7723183) AND (id <= 7724182))
	        ->  Bitmap Index Scan on sbtest6_pkey  (cost=0.00..22.18 rows=974 width=0)
	              Index Cond: ((id >= 7723183) AND (id <= 7724182))

table 7 : explain SELECT SUM(k) FROM sbtest7 WHERE id BETWEEN 3356198 AND 3357197
	Aggregate  (cost=4139.26..4139.27 rows=1 width=8)
	  ->  Bitmap Heap Scan on sbtest7  (cost=23.43..4136.58 rows=1073 width=4)
	        Recheck Cond: ((id >= 3356198) AND (id <= 3357197))
	        ->  Bitmap Index Scan on sbtest7_pkey  (cost=0.00..23.16 rows=1073 width=0)
	              Index Cond: ((id >= 3356198) AND (id <= 3357197))

table 8 : explain SELECT SUM(k) FROM sbtest8 WHERE id BETWEEN 8985167 AND 8986166
	Aggregate  (cost=3762.45..3762.46 rows=1 width=8)
	  ->  Bitmap Heap Scan on sbtest8  (cost=22.41..3760.02 rows=973 width=4)
	        Recheck Cond: ((id >= 8985167) AND (id <= 8986166))
	        ->  Bitmap Index Scan on sbtest8_pkey  (cost=0.00..22.16 rows=973 width=0)
	              Index Cond: ((id >= 8985167) AND (id <= 8986166))

for point_selects
table 1 : explain SELECT c FROM sbtest1 WHERE id=6529497
	Index Scan using sbtest1_pkey on sbtest1  (cost=0.43..8.45 rows=1 width=121)
	  Index Cond: (id = 6529497)

table 2 : explain SELECT c FROM sbtest2 WHERE id=4399652
	Index Scan using sbtest2_pkey on sbtest2  (cost=0.43..8.45 rows=1 width=121)
	  Index Cond: (id = 4399652)

table 3 : explain SELECT c FROM sbtest3 WHERE id=799586
	Index Scan using sbtest3_pkey on sbtest3  (cost=0.43..8.45 rows=1 width=121)
	  Index Cond: (id = 799586)

table 4 : explain SELECT c FROM sbtest4 WHERE id=8579435
	Index Scan using sbtest4_pkey on sbtest4  (cost=0.43..8.45 rows=1 width=121)
	  Index Cond: (id = 8579435)

table 5 : explain SELECT c FROM sbtest5 WHERE id=3516811
	Index Scan using sbtest5_pkey on sbtest5  (cost=0.43..8.45 rows=1 width=121)
	  Index Cond: (id = 3516811)

table 6 : explain SELECT c FROM sbtest6 WHERE id=2906543
	Index Scan using sbtest6_pkey on sbtest6  (cost=0.43..8.45 rows=1 width=121)
	  Index Cond: (id = 2906543)

table 7 : explain SELECT c FROM sbtest7 WHERE id=179174
	Index Scan using sbtest7_pkey on sbtest7  (cost=0.43..8.45 rows=1 width=121)
	  Index Cond: (id = 179174)

table 8 : explain SELECT c FROM sbtest8 WHERE id=8652954
	Index Scan using sbtest8_pkey on sbtest8  (cost=0.43..8.45 rows=1 width=121)
	  Index Cond: (id = 8652954)

for point_selects
table 1 : explain SELECT c FROM sbtest1 WHERE id=9175450
	Index Scan using sbtest1_pkey on sbtest1  (cost=0.43..8.45 rows=1 width=121)
	  Index Cond: (id = 9175450)

table 2 : explain SELECT c FROM sbtest2 WHERE id=8462271
	Index Scan using sbtest2_pkey on sbtest2  (cost=0.43..8.45 rows=1 width=121)
	  Index Cond: (id = 8462271)

table 3 : explain SELECT c FROM sbtest3 WHERE id=1552831
	Index Scan using sbtest3_pkey on sbtest3  (cost=0.43..8.45 rows=1 width=121)
	  Index Cond: (id = 1552831)

table 4 : explain SELECT c FROM sbtest4 WHERE id=5004613
	Index Scan using sbtest4_pkey on sbtest4  (cost=0.43..8.45 rows=1 width=121)
	  Index Cond: (id = 5004613)

table 5 : explain SELECT c FROM sbtest5 WHERE id=76939
	Index Scan using sbtest5_pkey on sbtest5  (cost=0.43..8.45 rows=1 width=121)
	  Index Cond: (id = 76939)

table 6 : explain SELECT c FROM sbtest6 WHERE id=1087729
	Index Scan using sbtest6_pkey on sbtest6  (cost=0.43..8.45 rows=1 width=121)
	  Index Cond: (id = 1087729)

table 7 : explain SELECT c FROM sbtest7 WHERE id=5071713
	Index Scan using sbtest7_pkey on sbtest7  (cost=0.43..8.45 rows=1 width=121)
	  Index Cond: (id = 5071713)

table 8 : explain SELECT c FROM sbtest8 WHERE id=3612000
	Index Scan using sbtest8_pkey on sbtest8  (cost=0.43..8.45 rows=1 width=121)
	  Index Cond: (id = 3612000)

for point_selects
table 1 : explain SELECT c FROM sbtest1 WHERE id=9813514
	Index Scan using sbtest1_pkey on sbtest1  (cost=0.43..8.45 rows=1 width=121)
	  Index Cond: (id = 9813514)

table 2 : explain SELECT c FROM sbtest2 WHERE id=3285034
	Index Scan using sbtest2_pkey on sbtest2  (cost=0.43..8.45 rows=1 width=121)
	  Index Cond: (id = 3285034)

table 3 : explain SELECT c FROM sbtest3 WHERE id=2740461
	Index Scan using sbtest3_pkey on sbtest3  (cost=0.43..8.45 rows=1 width=121)
	  Index Cond: (id = 2740461)

table 4 : explain SELECT c FROM sbtest4 WHERE id=7236723
	Index Scan using sbtest4_pkey on sbtest4  (cost=0.43..8.45 rows=1 width=121)
	  Index Cond: (id = 7236723)

table 5 : explain SELECT c FROM sbtest5 WHERE id=890510
	Index Scan using sbtest5_pkey on sbtest5  (cost=0.43..8.45 rows=1 width=121)
	  Index Cond: (id = 890510)

table 6 : explain SELECT c FROM sbtest6 WHERE id=5052763
	Index Scan using sbtest6_pkey on sbtest6  (cost=0.43..8.45 rows=1 width=121)
	  Index Cond: (id = 5052763)

table 7 : explain SELECT c FROM sbtest7 WHERE id=1664544
	Index Scan using sbtest7_pkey on sbtest7  (cost=0.43..8.45 rows=1 width=121)
	  Index Cond: (id = 1664544)

table 8 : explain SELECT c FROM sbtest8 WHERE id=9194665
	Index Scan using sbtest8_pkey on sbtest8  (cost=0.43..8.45 rows=1 width=121)
	  Index Cond: (id = 9194665)

explain: for point_selects :: explain SELECT c FROM sbtest%u WHERE id=%u
for point_selects
table 1 : explain SELECT c FROM sbtest1 WHERE id=9315745
	Index Scan using sbtest1_pkey on sbtest1  (cost=0.43..8.45 rows=1 width=121)
	  Index Cond: (id = 9315745)

table 2 : explain SELECT c FROM sbtest2 WHERE id=2165333
	Index Scan using sbtest2_pkey on sbtest2  (cost=0.43..8.45 rows=1 width=121)
	  Index Cond: (id = 2165333)

table 3 : explain SELECT c FROM sbtest3 WHERE id=1692472
	Index Scan using sbtest3_pkey on sbtest3  (cost=0.43..8.45 rows=1 width=121)
	  Index Cond: (id = 1692472)

table 4 : explain SELECT c FROM sbtest4 WHERE id=4283252
	Index Scan using sbtest4_pkey on sbtest4  (cost=0.43..8.45 rows=1 width=121)
	  Index Cond: (id = 4283252)

table 5 : explain SELECT c FROM sbtest5 WHERE id=7161207
	Index Scan using sbtest5_pkey on sbtest5  (cost=0.43..8.45 rows=1 width=121)
	  Index Cond: (id = 7161207)

table 6 : explain SELECT c FROM sbtest6 WHERE id=8009205
	Index Scan using sbtest6_pkey on sbtest6  (cost=0.43..8.45 rows=1 width=121)
	  Index Cond: (id = 8009205)

table 7 : explain SELECT c FROM sbtest7 WHERE id=7343705
	Index Scan using sbtest7_pkey on sbtest7  (cost=0.43..8.45 rows=1 width=121)
	  Index Cond: (id = 7343705)

table 8 : explain SELECT c FROM sbtest8 WHERE id=149251
	Index Scan using sbtest8_pkey on sbtest8  (cost=0.43..8.45 rows=1 width=121)
	  Index Cond: (id = 149251)

for: distinct_ranges
table 1 : explain SELECT DISTINCT c FROM sbtest1 WHERE id BETWEEN 6773465 AND 6774464 ORDER BY c
	Unique  (cost=3485.31..3489.75 rows=889 width=121)
	  ->  Sort  (cost=3485.31..3487.53 rows=889 width=121)
	        Sort Key: c
	        ->  Bitmap Heap Scan on sbtest1  (cost=21.55..3441.77 rows=889 width=121)
	              Recheck Cond: ((id >= 6773465) AND (id <= 6774464))
	              ->  Bitmap Index Scan on sbtest1_pkey  (cost=0.00..21.32 rows=889 width=0)
	                    Index Cond: ((id >= 6773465) AND (id <= 6774464))

table 2 : explain SELECT DISTINCT c FROM sbtest2 WHERE id BETWEEN 8537676 AND 8538675 ORDER BY c
	Unique  (cost=4379.57..4385.18 rows=1123 width=121)
	  ->  Sort  (cost=4379.57..4382.37 rows=1123 width=121)
	        Sort Key: c
	        ->  Bitmap Heap Scan on sbtest2  (cost=27.95..4322.67 rows=1123 width=121)
	              Recheck Cond: ((id >= 8537676) AND (id <= 8538675))
	              ->  Bitmap Index Scan on sbtest2_pkey  (cost=0.00..27.66 rows=1123 width=0)
	                    Index Cond: ((id >= 8537676) AND (id <= 8538675))

table 3 : explain SELECT DISTINCT c FROM sbtest3 WHERE id BETWEEN 7358539 AND 7359538 ORDER BY c
	Unique  (cost=4356.81..4362.40 rows=1117 width=121)
	  ->  Sort  (cost=4356.81..4359.60 rows=1117 width=121)
	        Sort Key: c
	        ->  Bitmap Heap Scan on sbtest3  (cost=27.88..4300.26 rows=1117 width=121)
	              Recheck Cond: ((id >= 7358539) AND (id <= 7359538))
	              ->  Bitmap Index Scan on sbtest3_pkey  (cost=0.00..27.61 rows=1117 width=0)
	                    Index Cond: ((id >= 7358539) AND (id <= 7359538))

table 4 : explain SELECT DISTINCT c FROM sbtest4 WHERE id BETWEEN 748680 AND 749679 ORDER BY c
	Unique  (cost=4116.36..4121.63 rows=1054 width=121)
	  ->  Sort  (cost=4116.36..4119.00 rows=1054 width=121)
	        Sort Key: c
	        ->  Bitmap Heap Scan on sbtest4  (cost=23.24..4063.44 rows=1054 width=121)
	              Recheck Cond: ((id >= 748680) AND (id <= 749679))
	              ->  Bitmap Index Scan on sbtest4_pkey  (cost=0.00..22.97 rows=1054 width=0)
	                    Index Cond: ((id >= 748680) AND (id <= 749679))

table 5 : explain SELECT DISTINCT c FROM sbtest5 WHERE id BETWEEN 4708787 AND 4709786 ORDER BY c
	Unique  (cost=3877.09..3882.05 rows=991 width=121)
	  ->  Sort  (cost=3877.09..3879.57 rows=991 width=121)
	        Sort Key: c
	        ->  Bitmap Heap Scan on sbtest5  (cost=22.59..3827.78 rows=991 width=121)
	              Recheck Cond: ((id >= 4708787) AND (id <= 4709786))
	              ->  Bitmap Index Scan on sbtest5_pkey  (cost=0.00..22.34 rows=991 width=0)
	                    Index Cond: ((id >= 4708787) AND (id <= 4709786))

table 6 : explain SELECT DISTINCT c FROM sbtest6 WHERE id BETWEEN 2295971 AND 2296970 ORDER BY c
	Unique  (cost=3335.78..3340.03 rows=850 width=121)
	  ->  Sort  (cost=3335.78..3337.91 rows=850 width=121)
	        Sort Key: c
	        ->  Bitmap Heap Scan on sbtest6  (cost=21.15..3294.43 rows=850 width=121)
	              Recheck Cond: ((id >= 2295971) AND (id <= 2296970))
	              ->  Bitmap Index Scan on sbtest6_pkey  (cost=0.00..20.93 rows=850 width=0)
	                    Index Cond: ((id >= 2295971) AND (id <= 2296970))

table 7 : explain SELECT DISTINCT c FROM sbtest7 WHERE id BETWEEN 2296514 AND 2297513 ORDER BY c
	Unique  (cost=4083.70..4088.93 rows=1045 width=121)
	  ->  Sort  (cost=4083.70..4086.32 rows=1045 width=121)
	        Sort Key: c
	        ->  Bitmap Heap Scan on sbtest7  (cost=23.15..4031.30 rows=1045 width=121)
	              Recheck Cond: ((id >= 2296514) AND (id <= 2297513))
	              ->  Bitmap Index Scan on sbtest7_pkey  (cost=0.00..22.89 rows=1045 width=0)
	                    Index Cond: ((id >= 2296514) AND (id <= 2297513))

table 8 : explain SELECT DISTINCT c FROM sbtest8 WHERE id BETWEEN 2241498 AND 2242497 ORDER BY c
	Unique  (cost=4053.02..4058.20 rows=1037 width=121)
	  ->  Sort  (cost=4053.02..4055.61 rows=1037 width=121)
	        Sort Key: c
	        ->  Bitmap Heap Scan on sbtest8  (cost=23.06..4001.08 rows=1037 width=121)
	              Recheck Cond: ((id >= 2241498) AND (id <= 2242497))
	              ->  Bitmap Index Scan on sbtest8_pkey  (cost=0.00..22.80 rows=1037 width=0)
	                    Index Cond: ((id >= 2241498) AND (id <= 2242497))

explain: for point_selects :: explain SELECT c FROM sbtest%u WHERE id=%u
explain: for point_selects :: explain SELECT c FROM sbtest%u WHERE id=%u
explain: for point_selects :: explain SELECT c FROM sbtest%u WHERE id=%u
for: simple_ranges
table 1 : explain SELECT c FROM sbtest1 WHERE id BETWEEN 8586730 AND 8587729
	Bitmap Heap Scan on sbtest1  (cost=22.53..3804.03 rows=985 width=121)
	  Recheck Cond: ((id >= 8586730) AND (id <= 8587729))
	  ->  Bitmap Index Scan on sbtest1_pkey  (cost=0.00..22.29 rows=985 width=0)
	        Index Cond: ((id >= 8586730) AND (id <= 8587729))

table 2 : explain SELECT c FROM sbtest2 WHERE id BETWEEN 7694272 AND 7695271
	Bitmap Heap Scan on sbtest2  (cost=22.48..3784.96 rows=980 width=121)
	  Recheck Cond: ((id >= 7694272) AND (id <= 7695271))
	  ->  Bitmap Index Scan on sbtest2_pkey  (cost=0.00..22.23 rows=980 width=0)
	        Index Cond: ((id >= 7694272) AND (id <= 7695271))

table 3 : explain SELECT c FROM sbtest3 WHERE id BETWEEN 8778132 AND 8779131
	Bitmap Heap Scan on sbtest3  (cost=22.76..3886.71 rows=1007 width=121)
	  Recheck Cond: ((id >= 8778132) AND (id <= 8779131))
	  ->  Bitmap Index Scan on sbtest3_pkey  (cost=0.00..22.50 rows=1007 width=0)
	        Index Cond: ((id >= 8778132) AND (id <= 8779131))

table 4 : explain SELECT c FROM sbtest4 WHERE id BETWEEN 5418959 AND 5419958
	Bitmap Heap Scan on sbtest4  (cost=23.06..3999.54 rows=1037 width=121)
	  Recheck Cond: ((id >= 5418959) AND (id <= 5419958))
	  ->  Bitmap Index Scan on sbtest4_pkey  (cost=0.00..22.80 rows=1037 width=0)
	        Index Cond: ((id >= 5418959) AND (id <= 5419958))

table 5 : explain SELECT c FROM sbtest5 WHERE id BETWEEN 3793499 AND 3794498
	Bitmap Heap Scan on sbtest5  (cost=22.51..3797.63 rows=983 width=121)
	  Recheck Cond: ((id >= 3793499) AND (id <= 3794498))
	  ->  Bitmap Index Scan on sbtest5_pkey  (cost=0.00..22.26 rows=983 width=0)
	        Index Cond: ((id >= 3793499) AND (id <= 3794498))

table 6 : explain SELECT c FROM sbtest6 WHERE id BETWEEN 945269 AND 946268
	Bitmap Heap Scan on sbtest6  (cost=22.04..3623.28 rows=937 width=121)
	  Recheck Cond: ((id >= 945269) AND (id <= 946268))
	  ->  Bitmap Index Scan on sbtest6_pkey  (cost=0.00..21.80 rows=937 width=0)
	        Index Cond: ((id >= 945269) AND (id <= 946268))

table 7 : explain SELECT c FROM sbtest7 WHERE id BETWEEN 3575900 AND 3576899
	Bitmap Heap Scan on sbtest7  (cost=22.71..3869.44 rows=1002 width=121)
	  Recheck Cond: ((id >= 3575900) AND (id <= 3576899))
	  ->  Bitmap Index Scan on sbtest7_pkey  (cost=0.00..22.45 rows=1002 width=0)
	        Index Cond: ((id >= 3575900) AND (id <= 3576899))

table 8 : explain SELECT c FROM sbtest8 WHERE id BETWEEN 2687244 AND 2688243
	Bitmap Heap Scan on sbtest8  (cost=21.61..3465.51 rows=895 width=121)
	  Recheck Cond: ((id >= 2687244) AND (id <= 2688243))
	  ->  Bitmap Index Scan on sbtest8_pkey  (cost=0.00..21.39 rows=895 width=0)
	        Index Cond: ((id >= 2687244) AND (id <= 2688243))

for: simple_ranges
table 1 : explain SELECT c FROM sbtest1 WHERE id BETWEEN 1420400 AND 1421399
	Bitmap Heap Scan on sbtest1  (cost=22.25..3702.27 rows=958 width=121)
	  Recheck Cond: ((id >= 1420400) AND (id <= 1421399))
	  ->  Bitmap Index Scan on sbtest1_pkey  (cost=0.00..22.01 rows=958 width=0)
	        Index Cond: ((id >= 1420400) AND (id <= 1421399))

table 2 : explain SELECT c FROM sbtest2 WHERE id BETWEEN 5153530 AND 5154529
	Bitmap Heap Scan on sbtest2  (cost=22.33..3728.43 rows=965 width=121)
	  Recheck Cond: ((id >= 5153530) AND (id <= 5154529))
	  ->  Bitmap Index Scan on sbtest2_pkey  (cost=0.00..22.08 rows=965 width=0)
	        Index Cond: ((id >= 5153530) AND (id <= 5154529))

table 3 : explain SELECT c FROM sbtest3 WHERE id BETWEEN 1274639 AND 1275638
	Bitmap Heap Scan on sbtest3  (cost=23.21..4052.20 rows=1051 width=121)
	  Recheck Cond: ((id >= 1274639) AND (id <= 1275638))
	  ->  Bitmap Index Scan on sbtest3_pkey  (cost=0.00..22.94 rows=1051 width=0)
	        Index Cond: ((id >= 1274639) AND (id <= 1275638))

table 4 : explain SELECT c FROM sbtest4 WHERE id BETWEEN 5666693 AND 5667692
	Bitmap Heap Scan on sbtest4  (cost=22.61..3833.97 rows=993 width=121)
	  Recheck Cond: ((id >= 5666693) AND (id <= 5667692))
	  ->  Bitmap Index Scan on sbtest4_pkey  (cost=0.00..22.36 rows=993 width=0)
	        Index Cond: ((id >= 5666693) AND (id <= 5667692))

table 5 : explain SELECT c FROM sbtest5 WHERE id BETWEEN 4963430 AND 4964429
	Bitmap Heap Scan on sbtest5  (cost=22.07..3635.43 rows=940 width=121)
	  Recheck Cond: ((id >= 4963430) AND (id <= 4964429))
	  ->  Bitmap Index Scan on sbtest5_pkey  (cost=0.00..21.83 rows=940 width=0)
	        Index Cond: ((id >= 4963430) AND (id <= 4964429))

table 6 : explain SELECT c FROM sbtest6 WHERE id BETWEEN 4525222 AND 4526221
	Bitmap Heap Scan on sbtest6  (cost=23.41..4127.81 rows=1071 width=121)
	  Recheck Cond: ((id >= 4525222) AND (id <= 4526221))
	  ->  Bitmap Index Scan on sbtest6_pkey  (cost=0.00..23.14 rows=1071 width=0)
	        Index Cond: ((id >= 4525222) AND (id <= 4526221))

table 7 : explain SELECT c FROM sbtest7 WHERE id BETWEEN 2168444 AND 2169443
	Bitmap Heap Scan on sbtest7  (cost=23.24..4065.15 rows=1054 width=121)
	  Recheck Cond: ((id >= 2168444) AND (id <= 2169443))
	  ->  Bitmap Index Scan on sbtest7_pkey  (cost=0.00..22.97 rows=1054 width=0)
	        Index Cond: ((id >= 2168444) AND (id <= 2169443))

table 8 : explain SELECT c FROM sbtest8 WHERE id BETWEEN 6989449 AND 6990448
	Bitmap Heap Scan on sbtest8  (cost=22.82..3910.74 rows=1013 width=121)
	  Recheck Cond: ((id >= 6989449) AND (id <= 6990448))
	  ->  Bitmap Index Scan on sbtest8_pkey  (cost=0.00..22.57 rows=1013 width=0)
	        Index Cond: ((id >= 6989449) AND (id <= 6990448))

for: simple_ranges
table 1 : explain SELECT c FROM sbtest1 WHERE id BETWEEN 173391 AND 174390
	Bitmap Heap Scan on sbtest1  (cost=22.80..3901.94 rows=1011 width=121)
	  Recheck Cond: ((id >= 173391) AND (id <= 174390))
	  ->  Bitmap Index Scan on sbtest1_pkey  (cost=0.00..22.54 rows=1011 width=0)
	        Index Cond: ((id >= 173391) AND (id <= 174390))

table 2 : explain SELECT c FROM sbtest2 WHERE id BETWEEN 8893559 AND 8894558
	Bitmap Heap Scan on sbtest2  (cost=22.66..3852.75 rows=998 width=121)
	  Recheck Cond: ((id >= 8893559) AND (id <= 8894558))
	  ->  Bitmap Index Scan on sbtest2_pkey  (cost=0.00..22.41 rows=998 width=0)
	        Index Cond: ((id >= 8893559) AND (id <= 8894558))

table 3 : explain SELECT c FROM sbtest3 WHERE id BETWEEN 3701826 AND 3702825
	Bitmap Heap Scan on sbtest3  (cost=22.73..3875.42 rows=1004 width=121)
	  Recheck Cond: ((id >= 3701826) AND (id <= 3702825))
	  ->  Bitmap Index Scan on sbtest3_pkey  (cost=0.00..22.47 rows=1004 width=0)
	        Index Cond: ((id >= 3701826) AND (id <= 3702825))

table 4 : explain SELECT c FROM sbtest4 WHERE id BETWEEN 4117035 AND 4118034
	Bitmap Heap Scan on sbtest4  (cost=23.16..4033.37 rows=1046 width=121)
	  Recheck Cond: ((id >= 4117035) AND (id <= 4118034))
	  ->  Bitmap Index Scan on sbtest4_pkey  (cost=0.00..22.89 rows=1046 width=0)
	        Index Cond: ((id >= 4117035) AND (id <= 4118034))

table 5 : explain SELECT c FROM sbtest5 WHERE id BETWEEN 6782875 AND 6783874
	Bitmap Heap Scan on sbtest5  (cost=22.15..3665.63 rows=948 width=121)
	  Recheck Cond: ((id >= 6782875) AND (id <= 6783874))
	  ->  Bitmap Index Scan on sbtest5_pkey  (cost=0.00..21.91 rows=948 width=0)
	        Index Cond: ((id >= 6782875) AND (id <= 6783874))

table 6 : explain SELECT c FROM sbtest6 WHERE id BETWEEN 4599280 AND 4600279
	Bitmap Heap Scan on sbtest6  (cost=23.41..4127.81 rows=1071 width=121)
	  Recheck Cond: ((id >= 4599280) AND (id <= 4600279))
	  ->  Bitmap Index Scan on sbtest6_pkey  (cost=0.00..23.14 rows=1071 width=0)
	        Index Cond: ((id >= 4599280) AND (id <= 4600279))

table 7 : explain SELECT c FROM sbtest7 WHERE id BETWEEN 9903230 AND 9904229
	Bitmap Heap Scan on sbtest7  (cost=22.62..3839.30 rows=994 width=121)
	  Recheck Cond: ((id >= 9903230) AND (id <= 9904229))
	  ->  Bitmap Index Scan on sbtest7_pkey  (cost=0.00..22.37 rows=994 width=0)
	        Index Cond: ((id >= 9903230) AND (id <= 9904229))

table 8 : explain SELECT c FROM sbtest8 WHERE id BETWEEN 7285668 AND 7286667
	Bitmap Heap Scan on sbtest8  (cost=28.52..4534.36 rows=1179 width=121)
	  Recheck Cond: ((id >= 7285668) AND (id <= 7286667))
	  ->  Bitmap Index Scan on sbtest8_pkey  (cost=0.00..28.22 rows=1179 width=0)
	        Index Cond: ((id >= 7285668) AND (id <= 7286667))

for: simple_ranges
table 1 : explain SELECT c FROM sbtest1 WHERE id BETWEEN 3849576 AND 3850575
	Bitmap Heap Scan on sbtest1  (cost=23.41..4127.53 rows=1071 width=121)
	  Recheck Cond: ((id >= 3849576) AND (id <= 3850575))
	  ->  Bitmap Index Scan on sbtest1_pkey  (cost=0.00..23.14 rows=1071 width=0)
	        Index Cond: ((id >= 3849576) AND (id <= 3850575))

table 2 : explain SELECT c FROM sbtest2 WHERE id BETWEEN 9540364 AND 9541363
	Bitmap Heap Scan on sbtest2  (cost=23.00..3976.93 rows=1031 width=121)
	  Recheck Cond: ((id >= 9540364) AND (id <= 9541363))
	  ->  Bitmap Index Scan on sbtest2_pkey  (cost=0.00..22.75 rows=1031 width=0)
	        Index Cond: ((id >= 9540364) AND (id <= 9541363))

table 3 : explain SELECT c FROM sbtest3 WHERE id BETWEEN 2304978 AND 2305977
	Bitmap Heap Scan on sbtest3  (cost=22.18..3675.71 rows=951 width=121)
	  Recheck Cond: ((id >= 2304978) AND (id <= 2305977))
	  ->  Bitmap Index Scan on sbtest3_pkey  (cost=0.00..21.94 rows=951 width=0)
	        Index Cond: ((id >= 2304978) AND (id <= 2305977))

table 4 : explain SELECT c FROM sbtest4 WHERE id BETWEEN 4299912 AND 4300911
	Bitmap Heap Scan on sbtest4  (cost=23.13..4022.10 rows=1043 width=121)
	  Recheck Cond: ((id >= 4299912) AND (id <= 4300911))
	  ->  Bitmap Index Scan on sbtest4_pkey  (cost=0.00..22.86 rows=1043 width=0)
	        Index Cond: ((id >= 4299912) AND (id <= 4300911))

table 5 : explain SELECT c FROM sbtest5 WHERE id BETWEEN 9289042 AND 9290041
	Bitmap Heap Scan on sbtest5  (cost=22.64..3846.62 rows=996 width=121)
	  Recheck Cond: ((id >= 9289042) AND (id <= 9290041))
	  ->  Bitmap Index Scan on sbtest5_pkey  (cost=0.00..22.39 rows=996 width=0)
	        Index Cond: ((id >= 9289042) AND (id <= 9290041))

table 6 : explain SELECT c FROM sbtest6 WHERE id BETWEEN 1202849 AND 1203848
	Bitmap Heap Scan on sbtest6  (cost=21.32..3358.77 rows=867 width=121)
	  Recheck Cond: ((id >= 1202849) AND (id <= 1203848))
	  ->  Bitmap Index Scan on sbtest6_pkey  (cost=0.00..21.11 rows=867 width=0)
	        Index Cond: ((id >= 1202849) AND (id <= 1203848))

table 7 : explain SELECT c FROM sbtest7 WHERE id BETWEEN 2700474 AND 2701473
	Bitmap Heap Scan on sbtest7  (cost=22.91..3944.75 rows=1022 width=121)
	  Recheck Cond: ((id >= 2700474) AND (id <= 2701473))
	  ->  Bitmap Index Scan on sbtest7_pkey  (cost=0.00..22.65 rows=1022 width=0)
	        Index Cond: ((id >= 2700474) AND (id <= 2701473))

table 8 : explain SELECT c FROM sbtest8 WHERE id BETWEEN 5770949 AND 5771948
	Bitmap Heap Scan on sbtest8  (cost=22.39..3752.48 rows=971 width=121)
	  Recheck Cond: ((id >= 5770949) AND (id <= 5771948))
	  ->  Bitmap Index Scan on sbtest8_pkey  (cost=0.00..22.14 rows=971 width=0)
	        Index Cond: ((id >= 5770949) AND (id <= 5771948))

explain: for point_selects :: explain SELECT c FROM sbtest%u WHERE id=%u
for: simple_ranges
table 1 : explain SELECT c FROM sbtest1 WHERE id BETWEEN 8546734 AND 8547733
	Bitmap Heap Scan on sbtest1  (cost=23.23..4059.90 rows=1053 width=121)
	  Recheck Cond: ((id >= 8546734) AND (id <= 8547733))
	  ->  Bitmap Index Scan on sbtest1_pkey  (cost=0.00..22.96 rows=1053 width=0)
	        Index Cond: ((id >= 8546734) AND (id <= 8547733))

table 2 : explain SELECT c FROM sbtest2 WHERE id BETWEEN 7113325 AND 7114324
	Bitmap Heap Scan on sbtest2  (cost=22.82..3909.21 rows=1013 width=121)
	  Recheck Cond: ((id >= 7113325) AND (id <= 7114324))
	  ->  Bitmap Index Scan on sbtest2_pkey  (cost=0.00..22.57 rows=1013 width=0)
	        Index Cond: ((id >= 7113325) AND (id <= 7114324))

table 3 : explain SELECT c FROM sbtest3 WHERE id BETWEEN 2467455 AND 2468454
	Bitmap Heap Scan on sbtest3  (cost=23.39..4119.83 rows=1069 width=121)
	  Recheck Cond: ((id >= 2467455) AND (id <= 2468454))
	  ->  Bitmap Index Scan on sbtest3_pkey  (cost=0.00..23.12 rows=1069 width=0)
	        Index Cond: ((id >= 2467455) AND (id <= 2468454))

table 4 : explain SELECT c FROM sbtest4 WHERE id BETWEEN 4097770 AND 4098769
	Bitmap Heap Scan on sbtest4  (cost=23.16..4033.37 rows=1046 width=121)
	  Recheck Cond: ((id >= 4097770) AND (id <= 4098769))
	  ->  Bitmap Index Scan on sbtest4_pkey  (cost=0.00..22.89 rows=1046 width=0)
	        Index Cond: ((id >= 4097770) AND (id <= 4098769))

table 5 : explain SELECT c FROM sbtest5 WHERE id BETWEEN 7252732 AND 7253731
	Bitmap Heap Scan on sbtest5  (cost=23.44..4140.09 rows=1074 width=121)
	  Recheck Cond: ((id >= 7252732) AND (id <= 7253731))
	  ->  Bitmap Index Scan on sbtest5_pkey  (cost=0.00..23.18 rows=1074 width=0)
	        Index Cond: ((id >= 7252732) AND (id <= 7253731))

table 6 : explain SELECT c FROM sbtest6 WHERE id BETWEEN 4563938 AND 4564937
	Bitmap Heap Scan on sbtest6  (cost=23.41..4127.81 rows=1071 width=121)
	  Recheck Cond: ((id >= 4563938) AND (id <= 4564937))
	  ->  Bitmap Index Scan on sbtest6_pkey  (cost=0.00..23.14 rows=1071 width=0)
	        Index Cond: ((id >= 4563938) AND (id <= 4564937))

table 7 : explain SELECT c FROM sbtest7 WHERE id BETWEEN 59833 AND 60832
	Bitmap Heap Scan on sbtest7  (cost=21.30..3352.11 rows=865 width=121)
	  Recheck Cond: ((id >= 59833) AND (id <= 60832))
	  ->  Bitmap Index Scan on sbtest7_pkey  (cost=0.00..21.08 rows=865 width=0)
	        Index Cond: ((id >= 59833) AND (id <= 60832))

table 8 : explain SELECT c FROM sbtest8 WHERE id BETWEEN 9848603 AND 9849602
	Bitmap Heap Scan on sbtest8  (cost=22.86..3925.80 rows=1017 width=121)
	  Recheck Cond: ((id >= 9848603) AND (id <= 9849602))
	  ->  Bitmap Index Scan on sbtest8_pkey  (cost=0.00..22.61 rows=1017 width=0)
	        Index Cond: ((id >= 9848603) AND (id <= 9849602))

for: order_ranges
table 1 : explain SELECT c FROM sbtest1 WHERE id BETWEEN 6049960 AND 6050959 ORDER BY c
	Sort  (cost=4128.03..4130.67 rows=1057 width=121)
	  Sort Key: c
	  ->  Bitmap Heap Scan on sbtest1  (cost=23.27..4074.94 rows=1057 width=121)
	        Recheck Cond: ((id >= 6049960) AND (id <= 6050959))
	        ->  Bitmap Index Scan on sbtest1_pkey  (cost=0.00..23.00 rows=1057 width=0)
	              Index Cond: ((id >= 6049960) AND (id <= 6050959))

table 2 : explain SELECT c FROM sbtest2 WHERE id BETWEEN 5090726 AND 5091725 ORDER BY c
	Sort  (cost=3933.04..3935.55 rows=1006 width=121)
	  Sort Key: c
	  ->  Bitmap Heap Scan on sbtest2  (cost=22.75..3882.87 rows=1006 width=121)
	        Recheck Cond: ((id >= 5090726) AND (id <= 5091725))
	        ->  Bitmap Index Scan on sbtest2_pkey  (cost=0.00..22.50 rows=1006 width=0)
	              Index Cond: ((id >= 5090726) AND (id <= 5091725))

table 3 : explain SELECT c FROM sbtest3 WHERE id BETWEEN 2049560 AND 2050559 ORDER BY c
	Sort  (cost=4135.47..4138.12 rows=1059 width=121)
	  Sort Key: c
	  ->  Bitmap Heap Scan on sbtest3  (cost=23.29..4082.27 rows=1059 width=121)
	        Recheck Cond: ((id >= 2049560) AND (id <= 2050559))
	        ->  Bitmap Index Scan on sbtest3_pkey  (cost=0.00..23.02 rows=1059 width=0)
	              Index Cond: ((id >= 2049560) AND (id <= 2050559))

table 4 : explain SELECT c FROM sbtest4 WHERE id BETWEEN 2290564 AND 2291563 ORDER BY c
	Sort  (cost=3818.39..3820.83 rows=976 width=121)
	  Sort Key: c
	  ->  Bitmap Heap Scan on sbtest4  (cost=22.44..3769.93 rows=976 width=121)
	        Recheck Cond: ((id >= 2290564) AND (id <= 2291563))
	        ->  Bitmap Index Scan on sbtest4_pkey  (cost=0.00..22.19 rows=976 width=0)
	              Index Cond: ((id >= 2290564) AND (id <= 2291563))

table 5 : explain SELECT c FROM sbtest5 WHERE id BETWEEN 5655953 AND 5656952 ORDER BY c
	Sort  (cost=3658.86..3661.19 rows=934 width=121)
	  Sort Key: c
	  ->  Bitmap Heap Scan on sbtest5  (cost=22.01..3612.78 rows=934 width=121)
	        Recheck Cond: ((id >= 5655953) AND (id <= 5656952))
	        ->  Bitmap Index Scan on sbtest5_pkey  (cost=0.00..21.77 rows=934 width=0)
	              Index Cond: ((id >= 5655953) AND (id <= 5656952))

table 6 : explain SELECT c FROM sbtest6 WHERE id BETWEEN 4443042 AND 4444041 ORDER BY c
	Sort  (cost=3669.53..3671.87 rows=937 width=121)
	  Sort Key: c
	  ->  Bitmap Heap Scan on sbtest6  (cost=22.04..3623.28 rows=937 width=121)
	        Recheck Cond: ((id >= 4443042) AND (id <= 4444041))
	        ->  Bitmap Index Scan on sbtest6_pkey  (cost=0.00..21.80 rows=937 width=0)
	              Index Cond: ((id >= 4443042) AND (id <= 4444041))

table 7 : explain SELECT c FROM sbtest7 WHERE id BETWEEN 5108526 AND 5109525 ORDER BY c
	Sort  (cost=3869.66..3872.13 rows=989 width=121)
	  Sort Key: c
	  ->  Bitmap Heap Scan on sbtest7  (cost=22.57..3820.45 rows=989 width=121)
	        Recheck Cond: ((id >= 5108526) AND (id <= 5109525))
	        ->  Bitmap Index Scan on sbtest7_pkey  (cost=0.00..22.32 rows=989 width=0)
	              Index Cond: ((id >= 5108526) AND (id <= 5109525))

table 8 : explain SELECT c FROM sbtest8 WHERE id BETWEEN 1673673 AND 1674672 ORDER BY c
	Sort  (cost=3869.53..3872.01 rows=989 width=121)
	  Sort Key: c
	  ->  Bitmap Heap Scan on sbtest8  (cost=22.57..3820.33 rows=989 width=121)
	        Recheck Cond: ((id >= 1673673) AND (id <= 1674672))
	        ->  Bitmap Index Scan on sbtest8_pkey  (cost=0.00..22.32 rows=989 width=0)
	              Index Cond: ((id >= 1673673) AND (id <= 1674672))

for: simple_ranges
table 1 : explain SELECT c FROM sbtest1 WHERE id BETWEEN 3909780 AND 3910779
	Bitmap Heap Scan on sbtest1  (cost=23.41..4127.53 rows=1071 width=121)
	  Recheck Cond: ((id >= 3909780) AND (id <= 3910779))
	  ->  Bitmap Index Scan on sbtest1_pkey  (cost=0.00..23.14 rows=1071 width=0)
	        Index Cond: ((id >= 3909780) AND (id <= 3910779))

table 2 : explain SELECT c FROM sbtest2 WHERE id BETWEEN 9976791 AND 9977790
	Bitmap Heap Scan on sbtest2  (cost=22.02..3615.28 rows=935 width=121)
	  Recheck Cond: ((id >= 9976791) AND (id <= 9977790))
	  ->  Bitmap Index Scan on sbtest2_pkey  (cost=0.00..21.79 rows=935 width=0)
	        Index Cond: ((id >= 9976791) AND (id <= 9977790))

table 3 : explain SELECT c FROM sbtest3 WHERE id BETWEEN 4093919 AND 4094918
	Bitmap Heap Scan on sbtest3  (cost=22.79..3898.00 rows=1010 width=121)
	  Recheck Cond: ((id >= 4093919) AND (id <= 4094918))
	  ->  Bitmap Index Scan on sbtest3_pkey  (cost=0.00..22.54 rows=1010 width=0)
	        Index Cond: ((id >= 4093919) AND (id <= 4094918))

table 4 : explain SELECT c FROM sbtest4 WHERE id BETWEEN 4698284 AND 4699283
	Bitmap Heap Scan on sbtest4  (cost=22.95..3958.17 rows=1026 width=121)
	  Recheck Cond: ((id >= 4698284) AND (id <= 4699283))
	  ->  Bitmap Index Scan on sbtest4_pkey  (cost=0.00..22.69 rows=1026 width=0)
	        Index Cond: ((id >= 4698284) AND (id <= 4699283))

table 5 : explain SELECT c FROM sbtest5 WHERE id BETWEEN 7035306 AND 7036305
	Bitmap Heap Scan on sbtest5  (cost=22.74..3880.52 rows=1005 width=121)
	  Recheck Cond: ((id >= 7035306) AND (id <= 7036305))
	  ->  Bitmap Index Scan on sbtest5_pkey  (cost=0.00..22.48 rows=1005 width=0)
	        Index Cond: ((id >= 7035306) AND (id <= 7036305))

table 6 : explain SELECT c FROM sbtest6 WHERE id BETWEEN 7507627 AND 7508626
	Bitmap Heap Scan on sbtest6  (cost=22.87..3928.53 rows=1018 width=121)
	  Recheck Cond: ((id >= 7507627) AND (id <= 7508626))
	  ->  Bitmap Index Scan on sbtest6_pkey  (cost=0.00..22.61 rows=1018 width=0)
	        Index Cond: ((id >= 7507627) AND (id <= 7508626))

table 7 : explain SELECT c FROM sbtest7 WHERE id BETWEEN 3549154 AND 3550153
	Bitmap Heap Scan on sbtest7  (cost=22.71..3869.44 rows=1002 width=121)
	  Recheck Cond: ((id >= 3549154) AND (id <= 3550153))
	  ->  Bitmap Index Scan on sbtest7_pkey  (cost=0.00..22.45 rows=1002 width=0)
	        Index Cond: ((id >= 3549154) AND (id <= 3550153))

table 8 : explain SELECT c FROM sbtest8 WHERE id BETWEEN 9737489 AND 9738488
	Bitmap Heap Scan on sbtest8  (cost=22.88..3933.33 rows=1019 width=121)
	  Recheck Cond: ((id >= 9737489) AND (id <= 9738488))
	  ->  Bitmap Index Scan on sbtest8_pkey  (cost=0.00..22.62 rows=1019 width=0)
	        Index Cond: ((id >= 9737489) AND (id <= 9738488))

for point_selects
table 1 : explain SELECT c FROM sbtest1 WHERE id=7660623
	Index Scan using sbtest1_pkey on sbtest1  (cost=0.43..8.45 rows=1 width=121)
	  Index Cond: (id = 7660623)

table 2 : explain SELECT c FROM sbtest2 WHERE id=8023759
	Index Scan using sbtest2_pkey on sbtest2  (cost=0.43..8.45 rows=1 width=121)
	  Index Cond: (id = 8023759)

table 3 : explain SELECT c FROM sbtest3 WHERE id=8247858
	Index Scan using sbtest3_pkey on sbtest3  (cost=0.43..8.45 rows=1 width=121)
	  Index Cond: (id = 8247858)

table 4 : explain SELECT c FROM sbtest4 WHERE id=6839252
	Index Scan using sbtest4_pkey on sbtest4  (cost=0.43..8.45 rows=1 width=121)
	  Index Cond: (id = 6839252)

table 5 : explain SELECT c FROM sbtest5 WHERE id=9229542
	Index Scan using sbtest5_pkey on sbtest5  (cost=0.43..8.45 rows=1 width=121)
	  Index Cond: (id = 9229542)

table 6 : explain SELECT c FROM sbtest6 WHERE id=9669592
	Index Scan using sbtest6_pkey on sbtest6  (cost=0.43..8.45 rows=1 width=121)
	  Index Cond: (id = 9669592)

table 7 : explain SELECT c FROM sbtest7 WHERE id=5800915
	Index Scan using sbtest7_pkey on sbtest7  (cost=0.43..8.45 rows=1 width=121)
	  Index Cond: (id = 5800915)

table 8 : explain SELECT c FROM sbtest8 WHERE id=53700
	Index Scan using sbtest8_pkey on sbtest8  (cost=0.43..8.45 rows=1 width=121)
	  Index Cond: (id = 53700)

explain: for point_selects :: explain SELECT c FROM sbtest%u WHERE id=%u
for: sum_ranges
table 1 : explain SELECT SUM(k) FROM sbtest1 WHERE id BETWEEN 4061976 AND 4062975
	Aggregate  (cost=4325.77..4325.78 rows=1 width=8)
	  ->  Bitmap Heap Scan on sbtest1  (cost=27.95..4322.96 rows=1123 width=4)
	        Recheck Cond: ((id >= 4061976) AND (id <= 4062975))
	        ->  Bitmap Index Scan on sbtest1_pkey  (cost=0.00..27.66 rows=1123 width=0)
	              Index Cond: ((id >= 4061976) AND (id <= 4062975))

table 2 : explain SELECT SUM(k) FROM sbtest2 WHERE id BETWEEN 4410397 AND 4411396
	Aggregate  (cost=3847.71..3847.72 rows=1 width=8)
	  ->  Bitmap Heap Scan on sbtest2  (cost=22.64..3845.22 rows=996 width=4)
	        Recheck Cond: ((id >= 4410397) AND (id <= 4411396))
	        ->  Bitmap Index Scan on sbtest2_pkey  (cost=0.00..22.39 rows=996 width=0)
	              Index Cond: ((id >= 4410397) AND (id <= 4411396))

table 3 : explain SELECT SUM(k) FROM sbtest3 WHERE id BETWEEN 7366976 AND 7367975
	Aggregate  (cost=4303.05..4303.06 rows=1 width=8)
	  ->  Bitmap Heap Scan on sbtest3  (cost=27.88..4300.26 rows=1117 width=4)
	        Recheck Cond: ((id >= 7366976) AND (id <= 7367975))
	        ->  Bitmap Index Scan on sbtest3_pkey  (cost=0.00..27.61 rows=1117 width=0)
	              Index Cond: ((id >= 7366976) AND (id <= 7367975))

table 4 : explain SELECT SUM(k) FROM sbtest4 WHERE id BETWEEN 1560188 AND 1561187
	Aggregate  (cost=4141.26..4141.27 rows=1 width=8)
	  ->  Bitmap Heap Scan on sbtest4  (cost=23.44..4138.58 rows=1074 width=4)
	        Recheck Cond: ((id >= 1560188) AND (id <= 1561187))
	        ->  Bitmap Index Scan on sbtest4_pkey  (cost=0.00..23.18 rows=1074 width=0)
	              Index Cond: ((id >= 1560188) AND (id <= 1561187))

table 5 : explain SELECT SUM(k) FROM sbtest5 WHERE id BETWEEN 7684009 AND 7685008
	Aggregate  (cost=3803.86..3803.87 rows=1 width=8)
	  ->  Bitmap Heap Scan on sbtest5  (cost=22.52..3801.40 rows=984 width=4)
	        Recheck Cond: ((id >= 7684009) AND (id <= 7685008))
	        ->  Bitmap Index Scan on sbtest5_pkey  (cost=0.00..22.27 rows=984 width=0)
	              Index Cond: ((id >= 7684009) AND (id <= 7685008))

table 6 : explain SELECT SUM(k) FROM sbtest6 WHERE id BETWEEN 2324369 AND 2325368
	Aggregate  (cost=3296.55..3296.56 rows=1 width=8)
	  ->  Bitmap Heap Scan on sbtest6  (cost=21.15..3294.43 rows=850 width=4)
	        Recheck Cond: ((id >= 2324369) AND (id <= 2325368))
	        ->  Bitmap Index Scan on sbtest6_pkey  (cost=0.00..20.93 rows=850 width=0)
	              Index Cond: ((id >= 2324369) AND (id <= 2325368))

table 7 : explain SELECT SUM(k) FROM sbtest7 WHERE id BETWEEN 5352954 AND 5353953
	Aggregate  (cost=3573.74..3573.75 rows=1 width=8)
	  ->  Bitmap Heap Scan on sbtest7  (cost=21.90..3571.43 rows=923 width=4)
	        Recheck Cond: ((id >= 5352954) AND (id <= 5353953))
	        ->  Bitmap Index Scan on sbtest7_pkey  (cost=0.00..21.66 rows=923 width=0)
	              Index Cond: ((id >= 5352954) AND (id <= 5353953))

table 8 : explain SELECT SUM(k) FROM sbtest8 WHERE id BETWEEN 1635207 AND 1636206
	Aggregate  (cost=3822.81..3822.82 rows=1 width=8)
	  ->  Bitmap Heap Scan on sbtest8  (cost=22.57..3820.33 rows=989 width=4)
	        Recheck Cond: ((id >= 1635207) AND (id <= 1636206))
	        ->  Bitmap Index Scan on sbtest8_pkey  (cost=0.00..22.32 rows=989 width=0)
	              Index Cond: ((id >= 1635207) AND (id <= 1636206))

for: sum_ranges
table 1 : explain SELECT SUM(k) FROM sbtest1 WHERE id BETWEEN 8479647 AND 8480646
	Aggregate  (cost=4062.53..4062.54 rows=1 width=8)
	  ->  Bitmap Heap Scan on sbtest1  (cost=23.23..4059.90 rows=1053 width=4)
	        Recheck Cond: ((id >= 8479647) AND (id <= 8480646))
	        ->  Bitmap Index Scan on sbtest1_pkey  (cost=0.00..22.96 rows=1053 width=0)
	              Index Cond: ((id >= 8479647) AND (id <= 8480646))

table 2 : explain SELECT SUM(k) FROM sbtest2 WHERE id BETWEEN 1255304 AND 1256303
	Aggregate  (cost=3825.10..3825.11 rows=1 width=8)
	  ->  Bitmap Heap Scan on sbtest2  (cost=22.58..3822.62 rows=990 width=4)
	        Recheck Cond: ((id >= 1255304) AND (id <= 1256303))
	        ->  Bitmap Index Scan on sbtest2_pkey  (cost=0.00..22.33 rows=990 width=0)
	              Index Cond: ((id >= 1255304) AND (id <= 1256303))

table 3 : explain SELECT SUM(k) FROM sbtest3 WHERE id BETWEEN 7923247 AND 7924246
	Aggregate  (cost=3990.88..3990.89 rows=1 width=8)
	  ->  Bitmap Heap Scan on sbtest3  (cost=23.03..3988.29 rows=1034 width=4)
	        Recheck Cond: ((id >= 7923247) AND (id <= 7924246))
	        ->  Bitmap Index Scan on sbtest3_pkey  (cost=0.00..22.77 rows=1034 width=0)
	              Index Cond: ((id >= 7923247) AND (id <= 7924246))

table 4 : explain SELECT SUM(k) FROM sbtest4 WHERE id BETWEEN 2676858 AND 2677857
	Aggregate  (cost=3889.19..3889.20 rows=1 width=8)
	  ->  Bitmap Heap Scan on sbtest4  (cost=22.76..3886.68 rows=1007 width=4)
	        Recheck Cond: ((id >= 2676858) AND (id <= 2677857))
	        ->  Bitmap Index Scan on sbtest4_pkey  (cost=0.00..22.50 rows=1007 width=0)
	              Index Cond: ((id >= 2676858) AND (id <= 2677857))

table 5 : explain SELECT SUM(k) FROM sbtest5 WHERE id BETWEEN 5620718 AND 5621717
	Aggregate  (cost=3615.11..3615.12 rows=1 width=8)
	  ->  Bitmap Heap Scan on sbtest5  (cost=22.01..3612.78 rows=934 width=4)
	        Recheck Cond: ((id >= 5620718) AND (id <= 5621717))
	        ->  Bitmap Index Scan on sbtest5_pkey  (cost=0.00..21.77 rows=934 width=0)
	              Index Cond: ((id >= 5620718) AND (id <= 5621717))

table 6 : explain SELECT SUM(k) FROM sbtest6 WHERE id BETWEEN 7524752 AND 7525751
	Aggregate  (cost=3931.08..3931.09 rows=1 width=8)
	  ->  Bitmap Heap Scan on sbtest6  (cost=22.87..3928.53 rows=1018 width=4)
	        Recheck Cond: ((id >= 7524752) AND (id <= 7525751))
	        ->  Bitmap Index Scan on sbtest6_pkey  (cost=0.00..22.61 rows=1018 width=0)
	              Index Cond: ((id >= 7524752) AND (id <= 7525751))

table 7 : explain SELECT SUM(k) FROM sbtest7 WHERE id BETWEEN 9407446 AND 9408445
	Aggregate  (cost=3928.47..3928.48 rows=1 width=8)
	  ->  Bitmap Heap Scan on sbtest7  (cost=22.86..3925.93 rows=1017 width=4)
	        Recheck Cond: ((id >= 9407446) AND (id <= 9408445))
	        ->  Bitmap Index Scan on sbtest7_pkey  (cost=0.00..22.61 rows=1017 width=0)
	              Index Cond: ((id >= 9407446) AND (id <= 9408445))

table 8 : explain SELECT SUM(k) FROM sbtest8 WHERE id BETWEEN 9527684 AND 9528683
	Aggregate  (cost=3788.86..3788.87 rows=1 width=8)
	  ->  Bitmap Heap Scan on sbtest8  (cost=22.48..3786.41 rows=980 width=4)
	        Recheck Cond: ((id >= 9527684) AND (id <= 9528683))
	        ->  Bitmap Index Scan on sbtest8_pkey  (cost=0.00..22.23 rows=980 width=0)
	              Index Cond: ((id >= 9527684) AND (id <= 9528683))

explain: for point_selects :: explain SELECT c FROM sbtest%u WHERE id=%u
for point_selects
table 1 : explain SELECT c FROM sbtest1 WHERE id=519767
	Index Scan using sbtest1_pkey on sbtest1  (cost=0.43..8.45 rows=1 width=121)
	  Index Cond: (id = 519767)

table 2 : explain SELECT c FROM sbtest2 WHERE id=1911802
	Index Scan using sbtest2_pkey on sbtest2  (cost=0.43..8.45 rows=1 width=121)
	  Index Cond: (id = 1911802)

table 3 : explain SELECT c FROM sbtest3 WHERE id=1330543
	Index Scan using sbtest3_pkey on sbtest3  (cost=0.43..8.45 rows=1 width=121)
	  Index Cond: (id = 1330543)

table 4 : explain SELECT c FROM sbtest4 WHERE id=6496303
	Index Scan using sbtest4_pkey on sbtest4  (cost=0.43..8.45 rows=1 width=121)
	  Index Cond: (id = 6496303)

table 5 : explain SELECT c FROM sbtest5 WHERE id=8739601
	Index Scan using sbtest5_pkey on sbtest5  (cost=0.43..8.45 rows=1 width=121)
	  Index Cond: (id = 8739601)

table 6 : explain SELECT c FROM sbtest6 WHERE id=9550596
	Index Scan using sbtest6_pkey on sbtest6  (cost=0.43..8.45 rows=1 width=121)
	  Index Cond: (id = 9550596)

table 7 : explain SELECT c FROM sbtest7 WHERE id=8138997
	Index Scan using sbtest7_pkey on sbtest7  (cost=0.43..8.45 rows=1 width=121)
	  Index Cond: (id = 8138997)

table 8 : explain SELECT c FROM sbtest8 WHERE id=4999774
	Index Scan using sbtest8_pkey on sbtest8  (cost=0.43..8.45 rows=1 width=121)
	  Index Cond: (id = 4999774)

for: sum_ranges
table 1 : explain SELECT SUM(k) FROM sbtest1 WHERE id BETWEEN 6555045 AND 6556044
	Aggregate  (cost=4224.41..4224.42 rows=1 width=8)
	  ->  Bitmap Heap Scan on sbtest1  (cost=27.67..4221.67 rows=1096 width=4)
	        Recheck Cond: ((id >= 6555045) AND (id <= 6556044))
	        ->  Bitmap Index Scan on sbtest1_pkey  (cost=0.00..27.39 rows=1096 width=0)
	              Index Cond: ((id >= 6555045) AND (id <= 6556044))

table 2 : explain SELECT SUM(k) FROM sbtest2 WHERE id BETWEEN 3914664 AND 3915663
	Aggregate  (cost=3945.63..3945.64 rows=1 width=8)
	  ->  Bitmap Heap Scan on sbtest2  (cost=22.91..3943.07 rows=1022 width=4)
	        Recheck Cond: ((id >= 3914664) AND (id <= 3915663))
	        ->  Bitmap Index Scan on sbtest2_pkey  (cost=0.00..22.65 rows=1022 width=0)
	              Index Cond: ((id >= 3914664) AND (id <= 3915663))

table 3 : explain SELECT SUM(k) FROM sbtest3 WHERE id BETWEEN 6326636 AND 6327635
	Aggregate  (cost=3930.65..3930.66 rows=1 width=8)
	  ->  Bitmap Heap Scan on sbtest3  (cost=22.87..3928.11 rows=1018 width=4)
	        Recheck Cond: ((id >= 6326636) AND (id <= 6327635))
	        ->  Bitmap Index Scan on sbtest3_pkey  (cost=0.00..22.61 rows=1018 width=0)
	              Index Cond: ((id >= 6326636) AND (id <= 6327635))

table 4 : explain SELECT SUM(k) FROM sbtest4 WHERE id BETWEEN 6653467 AND 6654466
	Aggregate  (cost=3689.38..3689.39 rows=1 width=8)
	  ->  Bitmap Heap Scan on sbtest4  (cost=22.21..3687.00 rows=954 width=4)
	        Recheck Cond: ((id >= 6653467) AND (id <= 6654466))
	        ->  Bitmap Index Scan on sbtest4_pkey  (cost=0.00..21.97 rows=954 width=0)
	              Index Cond: ((id >= 6653467) AND (id <= 6654466))

table 5 : explain SELECT SUM(k) FROM sbtest5 WHERE id BETWEEN 8809920 AND 8810919
	Aggregate  (cost=3800.09..3800.10 rows=1 width=8)
	  ->  Bitmap Heap Scan on sbtest5  (cost=22.51..3797.63 rows=983 width=4)
	        Recheck Cond: ((id >= 8809920) AND (id <= 8810919))
	        ->  Bitmap Index Scan on sbtest5_pkey  (cost=0.00..22.26 rows=983 width=0)
	              Index Cond: ((id >= 8809920) AND (id <= 8810919))

table 6 : explain SELECT SUM(k) FROM sbtest6 WHERE id BETWEEN 7255003 AND 7256002
	Aggregate  (cost=3686.02..3686.03 rows=1 width=8)
	  ->  Bitmap Heap Scan on sbtest6  (cost=22.20..3683.64 rows=953 width=4)
	        Recheck Cond: ((id >= 7255003) AND (id <= 7256002))
	        ->  Bitmap Index Scan on sbtest6_pkey  (cost=0.00..21.96 rows=953 width=0)
	              Index Cond: ((id >= 7255003) AND (id <= 7256002))

table 7 : explain SELECT SUM(k) FROM sbtest7 WHERE id BETWEEN 831695 AND 832694
	Aggregate  (cost=4237.23..4237.24 rows=1 width=8)
	  ->  Bitmap Heap Scan on sbtest7  (cost=27.69..4234.49 rows=1098 width=4)
	        Recheck Cond: ((id >= 831695) AND (id <= 832694))
	        ->  Bitmap Index Scan on sbtest7_pkey  (cost=0.00..27.41 rows=1098 width=0)
	              Index Cond: ((id >= 831695) AND (id <= 832694))

table 8 : explain SELECT SUM(k) FROM sbtest8 WHERE id BETWEEN 7477631 AND 7478630
	Aggregate  (cost=3966.01..3966.02 rows=1 width=8)
	  ->  Bitmap Heap Scan on sbtest8  (cost=22.96..3963.44 rows=1027 width=4)
	        Recheck Cond: ((id >= 7477631) AND (id <= 7478630))
	        ->  Bitmap Index Scan on sbtest8_pkey  (cost=0.00..22.70 rows=1027 width=0)
	              Index Cond: ((id >= 7477631) AND (id <= 7478630))

for: sum_ranges
table 1 : explain SELECT SUM(k) FROM sbtest1 WHERE id BETWEEN 794513 AND 795512
	Aggregate  (cost=3746.16..3746.17 rows=1 width=8)
	  ->  Bitmap Heap Scan on sbtest1  (cost=22.37..3743.74 rows=969 width=4)
	        Recheck Cond: ((id >= 794513) AND (id <= 795512))
	        ->  Bitmap Index Scan on sbtest1_pkey  (cost=0.00..22.12 rows=969 width=0)
	              Index Cond: ((id >= 794513) AND (id <= 795512))

table 2 : explain SELECT SUM(k) FROM sbtest2 WHERE id BETWEEN 5407130 AND 5408129
	Aggregate  (cost=4137.45..4137.46 rows=1 width=8)
	  ->  Bitmap Heap Scan on sbtest2  (cost=23.43..4134.77 rows=1073 width=4)
	        Recheck Cond: ((id >= 5407130) AND (id <= 5408129))
	        ->  Bitmap Index Scan on sbtest2_pkey  (cost=0.00..23.16 rows=1073 width=0)
	              Index Cond: ((id >= 5407130) AND (id <= 5408129))

table 3 : explain SELECT SUM(k) FROM sbtest3 WHERE id BETWEEN 5065224 AND 5066223
	Aggregate  (cost=3938.18..3938.19 rows=1 width=8)
	  ->  Bitmap Heap Scan on sbtest3  (cost=22.89..3935.63 rows=1020 width=4)
	        Recheck Cond: ((id >= 5065224) AND (id <= 5066223))
	        ->  Bitmap Index Scan on sbtest3_pkey  (cost=0.00..22.64 rows=1020 width=0)
	              Index Cond: ((id >= 5065224) AND (id <= 5066223))

table 4 : explain SELECT SUM(k) FROM sbtest4 WHERE id BETWEEN 1342669 AND 1343668
	Aggregate  (cost=3496.76..3496.77 rows=1 width=8)
	  ->  Bitmap Heap Scan on sbtest4  (cost=21.69..3494.50 rows=903 width=4)
	        Recheck Cond: ((id >= 1342669) AND (id <= 1343668))
	        ->  Bitmap Index Scan on sbtest4_pkey  (cost=0.00..21.46 rows=903 width=0)
	              Index Cond: ((id >= 1342669) AND (id <= 1343668))

table 5 : explain SELECT SUM(k) FROM sbtest5 WHERE id BETWEEN 5542616 AND 5543615
	Aggregate  (cost=3950.85..3950.86 rows=1 width=8)
	  ->  Bitmap Heap Scan on sbtest5  (cost=22.92..3948.29 rows=1023 width=4)
	        Recheck Cond: ((id >= 5542616) AND (id <= 5543615))
	        ->  Bitmap Index Scan on sbtest5_pkey  (cost=0.00..22.66 rows=1023 width=0)
	              Index Cond: ((id >= 5542616) AND (id <= 5543615))

table 6 : explain SELECT SUM(k) FROM sbtest6 WHERE id BETWEEN 6249503 AND 6250502
	Aggregate  (cost=3761.48..3761.49 rows=1 width=8)
	  ->  Bitmap Heap Scan on sbtest6  (cost=22.41..3759.05 rows=973 width=4)
	        Recheck Cond: ((id >= 6249503) AND (id <= 6250502))
	        ->  Bitmap Index Scan on sbtest6_pkey  (cost=0.00..22.16 rows=973 width=0)
	              Index Cond: ((id >= 6249503) AND (id <= 6250502))

table 7 : explain SELECT SUM(k) FROM sbtest7 WHERE id BETWEEN 1148763 AND 1149762
	Aggregate  (cost=4003.80..4003.81 rows=1 width=8)
	  ->  Bitmap Heap Scan on sbtest7  (cost=23.06..4001.21 rows=1037 width=4)
	        Recheck Cond: ((id >= 1148763) AND (id <= 1149762))
	        ->  Bitmap Index Scan on sbtest7_pkey  (cost=0.00..22.80 rows=1037 width=0)
	              Index Cond: ((id >= 1148763) AND (id <= 1149762))

table 8 : explain SELECT SUM(k) FROM sbtest8 WHERE id BETWEEN 4795960 AND 4796959
	Aggregate  (cost=3683.19..3683.20 rows=1 width=8)
	  ->  Bitmap Heap Scan on sbtest8  (cost=22.19..3680.81 rows=952 width=4)
	        Recheck Cond: ((id >= 4795960) AND (id <= 4796959))
	        ->  Bitmap Index Scan on sbtest8_pkey  (cost=0.00..21.95 rows=952 width=0)
	              Index Cond: ((id >= 4795960) AND (id <= 4796959))

for: simple_ranges
table 1 : explain SELECT c FROM sbtest1 WHERE id BETWEEN 8197473 AND 8198472
	Bitmap Heap Scan on sbtest1  (cost=21.84..3551.33 rows=918 width=121)
	  Recheck Cond: ((id >= 8197473) AND (id <= 8198472))
	  ->  Bitmap Index Scan on sbtest1_pkey  (cost=0.00..21.61 rows=918 width=0)
	        Index Cond: ((id >= 8197473) AND (id <= 8198472))

table 2 : explain SELECT c FROM sbtest2 WHERE id BETWEEN 4325566 AND 4326565
	Bitmap Heap Scan on sbtest2  (cost=22.64..3845.22 rows=996 width=121)
	  Recheck Cond: ((id >= 4325566) AND (id <= 4326565))
	  ->  Bitmap Index Scan on sbtest2_pkey  (cost=0.00..22.39 rows=996 width=0)
	        Index Cond: ((id >= 4325566) AND (id <= 4326565))

table 3 : explain SELECT c FROM sbtest3 WHERE id BETWEEN 2391645 AND 2392644
	Bitmap Heap Scan on sbtest3  (cost=22.18..3675.71 rows=951 width=121)
	  Recheck Cond: ((id >= 2391645) AND (id <= 2392644))
	  ->  Bitmap Index Scan on sbtest3_pkey  (cost=0.00..21.94 rows=951 width=0)
	        Index Cond: ((id >= 2391645) AND (id <= 2392644))

table 4 : explain SELECT c FROM sbtest4 WHERE id BETWEEN 4313130 AND 4314129
	Bitmap Heap Scan on sbtest4  (cost=23.13..4022.10 rows=1043 width=121)
	  Recheck Cond: ((id >= 4313130) AND (id <= 4314129))
	  ->  Bitmap Index Scan on sbtest4_pkey  (cost=0.00..22.86 rows=1043 width=0)
	        Index Cond: ((id >= 4313130) AND (id <= 4314129))

table 5 : explain SELECT c FROM sbtest5 WHERE id BETWEEN 2471189 AND 2472188
	Bitmap Heap Scan on sbtest5  (cost=21.96..3593.90 rows=929 width=121)
	  Recheck Cond: ((id >= 2471189) AND (id <= 2472188))
	  ->  Bitmap Index Scan on sbtest5_pkey  (cost=0.00..21.72 rows=929 width=0)
	        Index Cond: ((id >= 2471189) AND (id <= 2472188))

table 6 : explain SELECT c FROM sbtest6 WHERE id BETWEEN 100717 AND 101716
	Bitmap Heap Scan on sbtest6  (cost=23.25..4067.68 rows=1055 width=121)
	  Recheck Cond: ((id >= 100717) AND (id <= 101716))
	  ->  Bitmap Index Scan on sbtest6_pkey  (cost=0.00..22.98 rows=1055 width=0)
	        Index Cond: ((id >= 100717) AND (id <= 101716))

table 7 : explain SELECT c FROM sbtest7 WHERE id BETWEEN 6546205 AND 6547204
	Bitmap Heap Scan on sbtest7  (cost=22.14..3662.05 rows=947 width=121)
	  Recheck Cond: ((id >= 6546205) AND (id <= 6547204))
	  ->  Bitmap Index Scan on sbtest7_pkey  (cost=0.00..21.90 rows=947 width=0)
	        Index Cond: ((id >= 6546205) AND (id <= 6547204))

table 8 : explain SELECT c FROM sbtest8 WHERE id BETWEEN 3616363 AND 3617362
	Bitmap Heap Scan on sbtest8  (cost=27.48..4159.23 rows=1078 width=121)
	  Recheck Cond: ((id >= 3616363) AND (id <= 3617362))
	  ->  Bitmap Index Scan on sbtest8_pkey  (cost=0.00..27.21 rows=1078 width=0)
	        Index Cond: ((id >= 3616363) AND (id <= 3617362))

for: distinct_ranges
table 1 : explain SELECT DISTINCT c FROM sbtest1 WHERE id BETWEEN 3565886 AND 3566885 ORDER BY c
	Unique  (cost=3650.15..3654.81 rows=932 width=121)
	  ->  Sort  (cost=3650.15..3652.48 rows=932 width=121)
	        Sort Key: c
	        ->  Bitmap Heap Scan on sbtest1  (cost=21.99..3604.18 rows=932 width=121)
	              Recheck Cond: ((id >= 3565886) AND (id <= 3566885))
	              ->  Bitmap Index Scan on sbtest1_pkey  (cost=0.00..21.75 rows=932 width=0)
	                    Index Cond: ((id >= 3565886) AND (id <= 3566885))

table 2 : explain SELECT DISTINCT c FROM sbtest2 WHERE id BETWEEN 792028 AND 793027 ORDER BY c
	Unique  (cost=4150.65..4155.96 rows=1063 width=121)
	  ->  Sort  (cost=4150.65..4153.30 rows=1063 width=121)
	        Sort Key: c
	        ->  Bitmap Heap Scan on sbtest2  (cost=23.33..4097.21 rows=1063 width=121)
	              Recheck Cond: ((id >= 792028) AND (id <= 793027))
	              ->  Bitmap Index Scan on sbtest2_pkey  (cost=0.00..23.07 rows=1063 width=0)
	                    Index Cond: ((id >= 792028) AND (id <= 793027))

table 3 : explain SELECT DISTINCT c FROM sbtest3 WHERE id BETWEEN 7261861 AND 7262860 ORDER BY c
	Unique  (cost=3799.29..3804.15 rows=971 width=121)
	  ->  Sort  (cost=3799.29..3801.72 rows=971 width=121)
	        Sort Key: c
	        ->  Bitmap Heap Scan on sbtest3  (cost=22.39..3751.12 rows=971 width=121)
	              Recheck Cond: ((id >= 7261861) AND (id <= 7262860))
	              ->  Bitmap Index Scan on sbtest3_pkey  (cost=0.00..22.14 rows=971 width=0)
	                    Index Cond: ((id >= 7261861) AND (id <= 7262860))

table 4 : explain SELECT DISTINCT c FROM sbtest4 WHERE id BETWEEN 8875164 AND 8876163 ORDER BY c
	Unique  (cost=4112.55..4117.81 rows=1053 width=121)
	  ->  Sort  (cost=4112.55..4115.18 rows=1053 width=121)
	        Sort Key: c
	        ->  Bitmap Heap Scan on sbtest4  (cost=23.23..4059.68 rows=1053 width=121)
	              Recheck Cond: ((id >= 8875164) AND (id <= 8876163))
	              ->  Bitmap Index Scan on sbtest4_pkey  (cost=0.00..22.96 rows=1053 width=0)
	                    Index Cond: ((id >= 8875164) AND (id <= 8876163))

table 5 : explain SELECT DISTINCT c FROM sbtest5 WHERE id BETWEEN 1463608 AND 1464607 ORDER BY c
	Unique  (cost=3566.85..3571.40 rows=910 width=121)
	  ->  Sort  (cost=3566.85..3569.12 rows=910 width=121)
	        Sort Key: c
	        ->  Bitmap Heap Scan on sbtest5  (cost=21.76..3522.12 rows=910 width=121)
	              Recheck Cond: ((id >= 1463608) AND (id <= 1464607))
	              ->  Bitmap Index Scan on sbtest5_pkey  (cost=0.00..21.54 rows=910 width=0)
	                    Index Cond: ((id >= 1463608) AND (id <= 1464607))

table 6 : explain SELECT DISTINCT c FROM sbtest6 WHERE id BETWEEN 9298496 AND 9299495 ORDER BY c
	Unique  (cost=3987.03..3992.13 rows=1020 width=121)
	  ->  Sort  (cost=3987.03..3989.58 rows=1020 width=121)
	        Sort Key: c
	        ->  Bitmap Heap Scan on sbtest6  (cost=22.89..3936.06 rows=1020 width=121)
	              Recheck Cond: ((id >= 9298496) AND (id <= 9299495))
	              ->  Bitmap Index Scan on sbtest6_pkey  (cost=0.00..22.64 rows=1020 width=0)
	                    Index Cond: ((id >= 9298496) AND (id <= 9299495))

table 7 : explain SELECT DISTINCT c FROM sbtest7 WHERE id BETWEEN 8232353 AND 8233352 ORDER BY c
	Unique  (cost=3911.73..3916.73 rows=1000 width=121)
	  ->  Sort  (cost=3911.73..3914.23 rows=1000 width=121)
	        Sort Key: c
	        ->  Bitmap Heap Scan on sbtest7  (cost=22.68..3861.90 rows=1000 width=121)
	              Recheck Cond: ((id >= 8232353) AND (id <= 8233352))
	              ->  Bitmap Index Scan on sbtest7_pkey  (cost=0.00..22.43 rows=1000 width=0)
	                    Index Cond: ((id >= 8232353) AND (id <= 8233352))

table 8 : explain SELECT DISTINCT c FROM sbtest8 WHERE id BETWEEN 2873678 AND 2874677 ORDER BY c
	Unique  (cost=3754.71..3759.51 rows=959 width=121)
	  ->  Sort  (cost=3754.71..3757.11 rows=959 width=121)
	        Sort Key: c
	        ->  Bitmap Heap Scan on sbtest8  (cost=22.26..3707.22 rows=959 width=121)
	              Recheck Cond: ((id >= 2873678) AND (id <= 2874677))
	              ->  Bitmap Index Scan on sbtest8_pkey  (cost=0.00..22.02 rows=959 width=0)
	                    Index Cond: ((id >= 2873678) AND (id <= 2874677))

for point_selects
table 1 : explain SELECT c FROM sbtest1 WHERE id=9159568
	Index Scan using sbtest1_pkey on sbtest1  (cost=0.43..8.45 rows=1 width=121)
	  Index Cond: (id = 9159568)

table 2 : explain SELECT c FROM sbtest2 WHERE id=4480815
	Index Scan using sbtest2_pkey on sbtest2  (cost=0.43..8.45 rows=1 width=121)
	  Index Cond: (id = 4480815)

table 3 : explain SELECT c FROM sbtest3 WHERE id=9727488
	Index Scan using sbtest3_pkey on sbtest3  (cost=0.43..8.45 rows=1 width=121)
	  Index Cond: (id = 9727488)

table 4 : explain SELECT c FROM sbtest4 WHERE id=5461060
	Index Scan using sbtest4_pkey on sbtest4  (cost=0.43..8.45 rows=1 width=121)
	  Index Cond: (id = 5461060)

table 5 : explain SELECT c FROM sbtest5 WHERE id=3669792
	Index Scan using sbtest5_pkey on sbtest5  (cost=0.43..8.45 rows=1 width=121)
	  Index Cond: (id = 3669792)

table 6 : explain SELECT c FROM sbtest6 WHERE id=6034271
	Index Scan using sbtest6_pkey on sbtest6  (cost=0.43..8.45 rows=1 width=121)
	  Index Cond: (id = 6034271)

table 7 : explain SELECT c FROM sbtest7 WHERE id=7348368
	Index Scan using sbtest7_pkey on sbtest7  (cost=0.43..8.45 rows=1 width=121)
	  Index Cond: (id = 7348368)

table 8 : explain SELECT c FROM sbtest8 WHERE id=2753861
	Index Scan using sbtest8_pkey on sbtest8  (cost=0.43..8.45 rows=1 width=121)
	  Index Cond: (id = 2753861)

for: sum_ranges
table 1 : explain SELECT SUM(k) FROM sbtest1 WHERE id BETWEEN 4514997 AND 4515996
	Aggregate  (cost=3689.57..3689.58 rows=1 width=8)
	  ->  Bitmap Heap Scan on sbtest1  (cost=22.21..3687.19 rows=954 width=4)
	        Recheck Cond: ((id >= 4514997) AND (id <= 4515996))
	        ->  Bitmap Index Scan on sbtest1_pkey  (cost=0.00..21.97 rows=954 width=0)
	              Index Cond: ((id >= 4514997) AND (id <= 4515996))

table 2 : explain SELECT SUM(k) FROM sbtest2 WHERE id BETWEEN 8324736 AND 8325735
	Aggregate  (cost=4099.87..4099.88 rows=1 width=8)
	  ->  Bitmap Heap Scan on sbtest2  (cost=23.33..4097.21 rows=1063 width=4)
	        Recheck Cond: ((id >= 8324736) AND (id <= 8325735))
	        ->  Bitmap Index Scan on sbtest2_pkey  (cost=0.00..23.07 rows=1063 width=0)
	              Index Cond: ((id >= 8324736) AND (id <= 8325735))

table 3 : explain SELECT SUM(k) FROM sbtest3 WHERE id BETWEEN 2764246 AND 2765245
	Aggregate  (cost=3787.48..3787.49 rows=1 width=8)
	  ->  Bitmap Heap Scan on sbtest3  (cost=22.48..3785.03 rows=980 width=4)
	        Recheck Cond: ((id >= 2764246) AND (id <= 2765245))
	        ->  Bitmap Index Scan on sbtest3_pkey  (cost=0.00..22.23 rows=980 width=0)
	              Index Cond: ((id >= 2764246) AND (id <= 2765245))

table 4 : explain SELECT SUM(k) FROM sbtest4 WHERE id BETWEEN 3937288 AND 3938287
	Aggregate  (cost=4423.04..4423.05 rows=1 width=8)
	  ->  Bitmap Heap Scan on sbtest4  (cost=28.21..4420.17 rows=1149 width=4)
	        Recheck Cond: ((id >= 3937288) AND (id <= 3938287))
	        ->  Bitmap Index Scan on sbtest4_pkey  (cost=0.00..27.93 rows=1149 width=0)
	              Index Cond: ((id >= 3937288) AND (id <= 3938287))

table 5 : explain SELECT SUM(k) FROM sbtest5 WHERE id BETWEEN 7594754 AND 7595753
	Aggregate  (cost=3720.85..3720.86 rows=1 width=8)
	  ->  Bitmap Heap Scan on sbtest5  (cost=22.30..3718.45 rows=962 width=4)
	        Recheck Cond: ((id >= 7594754) AND (id <= 7595753))
	        ->  Bitmap Index Scan on sbtest5_pkey  (cost=0.00..22.05 rows=962 width=0)
	              Index Cond: ((id >= 7594754) AND (id <= 7595753))

table 6 : explain SELECT SUM(k) FROM sbtest6 WHERE id BETWEEN 1866868 AND 1867867
	Aggregate  (cost=4224.66..4224.67 rows=1 width=8)
	  ->  Bitmap Heap Scan on sbtest6  (cost=27.66..4221.93 rows=1095 width=4)
	        Recheck Cond: ((id >= 1866868) AND (id <= 1867867))
	        ->  Bitmap Index Scan on sbtest6_pkey  (cost=0.00..27.39 rows=1095 width=0)
	              Index Cond: ((id >= 1866868) AND (id <= 1867867))

table 7 : explain SELECT SUM(k) FROM sbtest7 WHERE id BETWEEN 75654 AND 76653
	Aggregate  (cost=3354.27..3354.28 rows=1 width=8)
	  ->  Bitmap Heap Scan on sbtest7  (cost=21.30..3352.11 rows=865 width=4)
	        Recheck Cond: ((id >= 75654) AND (id <= 76653))
	        ->  Bitmap Index Scan on sbtest7_pkey  (cost=0.00..21.08 rows=865 width=0)
	              Index Cond: ((id >= 75654) AND (id <= 76653))

table 8 : explain SELECT SUM(k) FROM sbtest8 WHERE id BETWEEN 8979964 AND 8980963
	Aggregate  (cost=3762.45..3762.46 rows=1 width=8)
	  ->  Bitmap Heap Scan on sbtest8  (cost=22.41..3760.02 rows=973 width=4)
	        Recheck Cond: ((id >= 8979964) AND (id <= 8980963))
	        ->  Bitmap Index Scan on sbtest8_pkey  (cost=0.00..22.16 rows=973 width=0)
	              Index Cond: ((id >= 8979964) AND (id <= 8980963))

for point_selects
table 1 : explain SELECT c FROM sbtest1 WHERE id=7109307
	Index Scan using sbtest1_pkey on sbtest1  (cost=0.43..8.45 rows=1 width=121)
	  Index Cond: (id = 7109307)

table 2 : explain SELECT c FROM sbtest2 WHERE id=8853247
	Index Scan using sbtest2_pkey on sbtest2  (cost=0.43..8.45 rows=1 width=121)
	  Index Cond: (id = 8853247)

table 3 : explain SELECT c FROM sbtest3 WHERE id=8816295
	Index Scan using sbtest3_pkey on sbtest3  (cost=0.43..8.45 rows=1 width=121)
	  Index Cond: (id = 8816295)

table 4 : explain SELECT c FROM sbtest4 WHERE id=2786951
	Index Scan using sbtest4_pkey on sbtest4  (cost=0.43..8.45 rows=1 width=121)
	  Index Cond: (id = 2786951)

table 5 : explain SELECT c FROM sbtest5 WHERE id=4254242
	Index Scan using sbtest5_pkey on sbtest5  (cost=0.43..8.45 rows=1 width=121)
	  Index Cond: (id = 4254242)

table 6 : explain SELECT c FROM sbtest6 WHERE id=4358764
	Index Scan using sbtest6_pkey on sbtest6  (cost=0.43..8.45 rows=1 width=121)
	  Index Cond: (id = 4358764)

table 7 : explain SELECT c FROM sbtest7 WHERE id=9809669
	Index Scan using sbtest7_pkey on sbtest7  (cost=0.43..8.45 rows=1 width=121)
	  Index Cond: (id = 9809669)

table 8 : explain SELECT c FROM sbtest8 WHERE id=6478393
	Index Scan using sbtest8_pkey on sbtest8  (cost=0.43..8.45 rows=1 width=121)
	  Index Cond: (id = 6478393)

for: sum_ranges
table 1 : explain SELECT SUM(k) FROM sbtest1 WHERE id BETWEEN 6463485 AND 6464484
	Aggregate  (cost=4190.33..4190.34 rows=1 width=8)
	  ->  Bitmap Heap Scan on sbtest1  (cost=23.58..4187.62 rows=1087 width=4)
	        Recheck Cond: ((id >= 6463485) AND (id <= 6464484))
	        ->  Bitmap Index Scan on sbtest1_pkey  (cost=0.00..23.30 rows=1087 width=0)
	              Index Cond: ((id >= 6463485) AND (id <= 6464484))

table 2 : explain SELECT SUM(k) FROM sbtest2 WHERE id BETWEEN 4594593 AND 4595592
	Aggregate  (cost=3670.47..3670.48 rows=1 width=8)
	  ->  Bitmap Heap Scan on sbtest2  (cost=22.16..3668.10 rows=949 width=4)
	        Recheck Cond: ((id >= 4594593) AND (id <= 4595592))
	        ->  Bitmap Index Scan on sbtest2_pkey  (cost=0.00..21.93 rows=949 width=0)
	              Index Cond: ((id >= 4594593) AND (id <= 4595592))

table 3 : explain SELECT SUM(k) FROM sbtest3 WHERE id BETWEEN 3023768 AND 3024767
	Aggregate  (cost=4231.73..4231.74 rows=1 width=8)
	  ->  Bitmap Heap Scan on sbtest3  (cost=27.69..4228.98 rows=1098 width=4)
	        Recheck Cond: ((id >= 3023768) AND (id <= 3024767))
	        ->  Bitmap Index Scan on sbtest3_pkey  (cost=0.00..27.41 rows=1098 width=0)
	              Index Cond: ((id >= 3023768) AND (id <= 3024767))

table 4 : explain SELECT SUM(k) FROM sbtest4 WHERE id BETWEEN 8961288 AND 8962287
	Aggregate  (cost=4099.92..4099.93 rows=1 width=8)
	  ->  Bitmap Heap Scan on sbtest4  (cost=23.33..4097.26 rows=1063 width=4)
	        Recheck Cond: ((id >= 8961288) AND (id <= 8962287))
	        ->  Bitmap Index Scan on sbtest4_pkey  (cost=0.00..23.07 rows=1063 width=0)
	              Index Cond: ((id >= 8961288) AND (id <= 8962287))

table 5 : explain SELECT SUM(k) FROM sbtest5 WHERE id BETWEEN 9692397 AND 9693396
	Aggregate  (cost=3852.88..3852.89 rows=1 width=8)
	  ->  Bitmap Heap Scan on sbtest5  (cost=22.65..3850.38 rows=997 width=4)
	        Recheck Cond: ((id >= 9692397) AND (id <= 9693396))
	        ->  Bitmap Index Scan on sbtest5_pkey  (cost=0.00..22.40 rows=997 width=0)
	              Index Cond: ((id >= 9692397) AND (id <= 9693396))

table 6 : explain SELECT SUM(k) FROM sbtest6 WHERE id BETWEEN 2268065 AND 2269064
	Aggregate  (cost=3296.55..3296.56 rows=1 width=8)
	  ->  Bitmap Heap Scan on sbtest6  (cost=21.15..3294.43 rows=850 width=4)
	        Recheck Cond: ((id >= 2268065) AND (id <= 2269064))
	        ->  Bitmap Index Scan on sbtest6_pkey  (cost=0.00..20.93 rows=850 width=0)
	              Index Cond: ((id >= 2268065) AND (id <= 2269064))

table 7 : explain SELECT SUM(k) FROM sbtest7 WHERE id BETWEEN 8584481 AND 8585480
	Aggregate  (cost=4143.02..4143.03 rows=1 width=8)
	  ->  Bitmap Heap Scan on sbtest7  (cost=23.44..4140.33 rows=1074 width=4)
	        Recheck Cond: ((id >= 8584481) AND (id <= 8585480))
	        ->  Bitmap Index Scan on sbtest7_pkey  (cost=0.00..23.18 rows=1074 width=0)
	              Index Cond: ((id >= 8584481) AND (id <= 8585480))

table 8 : explain SELECT SUM(k) FROM sbtest8 WHERE id BETWEEN 1645961 AND 1646960
	Aggregate  (cost=3822.81..3822.82 rows=1 width=8)
	  ->  Bitmap Heap Scan on sbtest8  (cost=22.57..3820.33 rows=989 width=4)
	        Recheck Cond: ((id >= 1645961) AND (id <= 1646960))
	        ->  Bitmap Index Scan on sbtest8_pkey  (cost=0.00..22.32 rows=989 width=0)
	              Index Cond: ((id >= 1645961) AND (id <= 1646960))

explain: for point_selects :: explain SELECT c FROM sbtest%u WHERE id=%u
for: sum_ranges
table 1 : explain SELECT SUM(k) FROM sbtest1 WHERE id BETWEEN 4848842 AND 4849841
	Aggregate  (cost=4239.43..4239.44 rows=1 width=8)
	  ->  Bitmap Heap Scan on sbtest1  (cost=27.71..4236.68 rows=1100 width=4)
	        Recheck Cond: ((id >= 4848842) AND (id <= 4849841))
	        ->  Bitmap Index Scan on sbtest1_pkey  (cost=0.00..27.43 rows=1100 width=0)
	              Index Cond: ((id >= 4848842) AND (id <= 4849841))

table 2 : explain SELECT SUM(k) FROM sbtest2 WHERE id BETWEEN 4667686 AND 4668685
	Aggregate  (cost=4126.18..4126.19 rows=1 width=8)
	  ->  Bitmap Heap Scan on sbtest2  (cost=23.40..4123.50 rows=1070 width=4)
	        Recheck Cond: ((id >= 4667686) AND (id <= 4668685))
	        ->  Bitmap Index Scan on sbtest2_pkey  (cost=0.00..23.14 rows=1070 width=0)
	              Index Cond: ((id >= 4667686) AND (id <= 4668685))

table 3 : explain SELECT SUM(k) FROM sbtest3 WHERE id BETWEEN 4131593 AND 4132592
	Aggregate  (cost=3900.52..3900.53 rows=1 width=8)
	  ->  Bitmap Heap Scan on sbtest3  (cost=22.79..3898.00 rows=1010 width=4)
	        Recheck Cond: ((id >= 4131593) AND (id <= 4132592))
	        ->  Bitmap Index Scan on sbtest3_pkey  (cost=0.00..22.54 rows=1010 width=0)
	              Index Cond: ((id >= 4131593) AND (id <= 4132592))

table 4 : explain SELECT SUM(k) FROM sbtest4 WHERE id BETWEEN 5528106 AND 5529105
	Aggregate  (cost=3602.56..3602.57 rows=1 width=8)
	  ->  Bitmap Heap Scan on sbtest4  (cost=21.98..3600.23 rows=931 width=4)
	        Recheck Cond: ((id >= 5528106) AND (id <= 5529105))
	        ->  Bitmap Index Scan on sbtest4_pkey  (cost=0.00..21.75 rows=931 width=0)
	              Index Cond: ((id >= 5528106) AND (id <= 5529105))

table 5 : explain SELECT SUM(k) FROM sbtest5 WHERE id BETWEEN 2453263 AND 2454262
	Aggregate  (cost=3543.30..3543.31 rows=1 width=8)
	  ->  Bitmap Heap Scan on sbtest5  (cost=21.81..3541.02 rows=915 width=4)
	        Recheck Cond: ((id >= 2453263) AND (id <= 2454262))
	        ->  Bitmap Index Scan on sbtest5_pkey  (cost=0.00..21.58 rows=915 width=0)
	              Index Cond: ((id >= 2453263) AND (id <= 2454262))

table 6 : explain SELECT SUM(k) FROM sbtest6 WHERE id BETWEEN 815599 AND 816598
	Aggregate  (cost=3629.39..3629.40 rows=1 width=8)
	  ->  Bitmap Heap Scan on sbtest6  (cost=22.05..3627.05 rows=938 width=4)
	        Recheck Cond: ((id >= 815599) AND (id <= 816598))
	        ->  Bitmap Index Scan on sbtest6_pkey  (cost=0.00..21.82 rows=938 width=0)
	              Index Cond: ((id >= 815599) AND (id <= 816598))

table 7 : explain SELECT SUM(k) FROM sbtest7 WHERE id BETWEEN 3120124 AND 3121123
	Aggregate  (cost=4079.07..4079.08 rows=1 width=8)
	  ->  Bitmap Heap Scan on sbtest7  (cost=23.27..4076.43 rows=1057 width=4)
	        Recheck Cond: ((id >= 3120124) AND (id <= 3121123))
	        ->  Bitmap Index Scan on sbtest7_pkey  (cost=0.00..23.00 rows=1057 width=0)
	              Index Cond: ((id >= 3120124) AND (id <= 3121123))

table 8 : explain SELECT SUM(k) FROM sbtest8 WHERE id BETWEEN 1043854 AND 1044853
	Aggregate  (cost=4105.27..4105.28 rows=1 width=8)
	  ->  Bitmap Heap Scan on sbtest8  (cost=23.34..4102.61 rows=1064 width=4)
	        Recheck Cond: ((id >= 1043854) AND (id <= 1044853))
	        ->  Bitmap Index Scan on sbtest8_pkey  (cost=0.00..23.07 rows=1064 width=0)
	              Index Cond: ((id >= 1043854) AND (id <= 1044853))

for: simple_ranges
table 1 : explain SELECT c FROM sbtest1 WHERE id BETWEEN 7091359 AND 7092358
	Bitmap Heap Scan on sbtest1  (cost=22.61..3834.17 rows=993 width=121)
	  Recheck Cond: ((id >= 7091359) AND (id <= 7092358))
	  ->  Bitmap Index Scan on sbtest1_pkey  (cost=0.00..22.36 rows=993 width=0)
	        Index Cond: ((id >= 7091359) AND (id <= 7092358))

table 2 : explain SELECT c FROM sbtest2 WHERE id BETWEEN 6913118 AND 6914117
	Bitmap Heap Scan on sbtest2  (cost=22.84..3916.74 rows=1015 width=121)
	  Recheck Cond: ((id >= 6913118) AND (id <= 6914117))
	  ->  Bitmap Index Scan on sbtest2_pkey  (cost=0.00..22.58 rows=1015 width=0)
	        Index Cond: ((id >= 6913118) AND (id <= 6914117))

table 3 : explain SELECT c FROM sbtest3 WHERE id BETWEEN 3483863 AND 3484862
	Bitmap Heap Scan on sbtest3  (cost=23.55..4176.16 rows=1084 width=121)
	  Recheck Cond: ((id >= 3483863) AND (id <= 3484862))
	  ->  Bitmap Index Scan on sbtest3_pkey  (cost=0.00..23.27 rows=1084 width=0)
	        Index Cond: ((id >= 3483863) AND (id <= 3484862))

table 4 : explain SELECT c FROM sbtest4 WHERE id BETWEEN 9402898 AND 9403897
	Bitmap Heap Scan on sbtest4  (cost=22.79..3897.97 rows=1010 width=121)
	  Recheck Cond: ((id >= 9402898) AND (id <= 9403897))
	  ->  Bitmap Index Scan on sbtest4_pkey  (cost=0.00..22.54 rows=1010 width=0)
	        Index Cond: ((id >= 9402898) AND (id <= 9403897))

table 5 : explain SELECT c FROM sbtest5 WHERE id BETWEEN 8873139 AND 8874138
	Bitmap Heap Scan on sbtest5  (cost=23.23..4061.16 rows=1053 width=121)
	  Recheck Cond: ((id >= 8873139) AND (id <= 8874138))
	  ->  Bitmap Index Scan on sbtest5_pkey  (cost=0.00..22.96 rows=1053 width=0)
	        Index Cond: ((id >= 8873139) AND (id <= 8874138))

table 6 : explain SELECT c FROM sbtest6 WHERE id BETWEEN 6528910 AND 6529909
	Bitmap Heap Scan on sbtest6  (cost=22.48..3785.43 rows=980 width=121)
	  Recheck Cond: ((id >= 6528910) AND (id <= 6529909))
	  ->  Bitmap Index Scan on sbtest6_pkey  (cost=0.00..22.23 rows=980 width=0)
	        Index Cond: ((id >= 6528910) AND (id <= 6529909))

table 7 : explain SELECT c FROM sbtest7 WHERE id BETWEEN 2487572 AND 2488571
	Bitmap Heap Scan on sbtest7  (cost=21.76..3522.31 rows=910 width=121)
	  Recheck Cond: ((id >= 2487572) AND (id <= 2488571))
	  ->  Bitmap Index Scan on sbtest7_pkey  (cost=0.00..21.54 rows=910 width=0)
	        Index Cond: ((id >= 2487572) AND (id <= 2488571))

table 8 : explain SELECT c FROM sbtest8 WHERE id BETWEEN 6590787 AND 6591786
	Bitmap Heap Scan on sbtest8  (cost=22.43..3767.56 rows=975 width=121)
	  Recheck Cond: ((id >= 6590787) AND (id <= 6591786))
	  ->  Bitmap Index Scan on sbtest8_pkey  (cost=0.00..22.18 rows=975 width=0)
	        Index Cond: ((id >= 6590787) AND (id <= 6591786))

for: order_ranges
table 1 : explain SELECT c FROM sbtest1 WHERE id BETWEEN 8444824 AND 8445823 ORDER BY c
	Sort  (cost=3680.79..3683.14 rows=940 width=121)
	  Sort Key: c
	  ->  Bitmap Heap Scan on sbtest1  (cost=22.07..3634.37 rows=940 width=121)
	        Recheck Cond: ((id >= 8444824) AND (id <= 8445823))
	        ->  Bitmap Index Scan on sbtest1_pkey  (cost=0.00..21.83 rows=940 width=0)
	              Index Cond: ((id >= 8444824) AND (id <= 8445823))

table 2 : explain SELECT c FROM sbtest2 WHERE id BETWEEN 719370 AND 720369 ORDER BY c
	Sort  (cost=4150.65..4153.30 rows=1063 width=121)
	  Sort Key: c
	  ->  Bitmap Heap Scan on sbtest2  (cost=23.33..4097.21 rows=1063 width=121)
	        Recheck Cond: ((id >= 719370) AND (id <= 720369))
	        ->  Bitmap Index Scan on sbtest2_pkey  (cost=0.00..23.07 rows=1063 width=0)
	              Index Cond: ((id >= 719370) AND (id <= 720369))

table 3 : explain SELECT c FROM sbtest3 WHERE id BETWEEN 7836190 AND 7837189 ORDER BY c
	Sort  (cost=3833.72..3836.17 rows=980 width=121)
	  Sort Key: c
	  ->  Bitmap Heap Scan on sbtest3  (cost=22.48..3785.03 rows=980 width=121)
	        Recheck Cond: ((id >= 7836190) AND (id <= 7837189))
	        ->  Bitmap Index Scan on sbtest3_pkey  (cost=0.00..22.23 rows=980 width=0)
	              Index Cond: ((id >= 7836190) AND (id <= 7837189))

table 4 : explain SELECT c FROM sbtest4 WHERE id BETWEEN 7005905 AND 7006904 ORDER BY c
	Sort  (cost=3718.90..3721.27 rows=950 width=121)
	  Sort Key: c
	  ->  Bitmap Heap Scan on sbtest4  (cost=22.17..3671.91 rows=950 width=121)
	        Recheck Cond: ((id >= 7005905) AND (id <= 7006904))
	        ->  Bitmap Index Scan on sbtest4_pkey  (cost=0.00..21.93 rows=950 width=0)
	              Index Cond: ((id >= 7005905) AND (id <= 7006904))

table 5 : explain SELECT c FROM sbtest5 WHERE id BETWEEN 3442857 AND 3443856 ORDER BY c
	Sort  (cost=3980.33..3982.87 rows=1018 width=121)
	  Sort Key: c
	  ->  Bitmap Heap Scan on sbtest5  (cost=22.87..3929.47 rows=1018 width=121)
	        Recheck Cond: ((id >= 3442857) AND (id <= 3443856))
	        ->  Bitmap Index Scan on sbtest5_pkey  (cost=0.00..22.61 rows=1018 width=0)
	              Index Cond: ((id >= 3442857) AND (id <= 3443856))

table 6 : explain SELECT c FROM sbtest6 WHERE id BETWEEN 9534270 AND 9535269 ORDER BY c
	Sort  (cost=3784.38..3786.80 rows=967 width=121)
	  Sort Key: c
	  ->  Bitmap Heap Scan on sbtest6  (cost=22.35..3736.43 rows=967 width=121)
	        Recheck Cond: ((id >= 9534270) AND (id <= 9535269))
	        ->  Bitmap Index Scan on sbtest6_pkey  (cost=0.00..22.11 rows=967 width=0)
	              Index Cond: ((id >= 9534270) AND (id <= 9535269))

table 7 : explain SELECT c FROM sbtest7 WHERE id BETWEEN 467944 AND 468943 ORDER BY c
	Sort  (cost=3701.21..3703.57 rows=945 width=121)
	  Sort Key: c
	  ->  Bitmap Heap Scan on sbtest7  (cost=22.12..3654.50 rows=945 width=121)
	        Recheck Cond: ((id >= 467944) AND (id <= 468943))
	        ->  Bitmap Index Scan on sbtest7_pkey  (cost=0.00..21.89 rows=945 width=0)
	              Index Cond: ((id >= 467944) AND (id <= 468943))

table 8 : explain SELECT c FROM sbtest8 WHERE id BETWEEN 2069875 AND 2070874 ORDER BY c
	Sort  (cost=4064.48..4067.08 rows=1040 width=121)
	  Sort Key: c
	  ->  Bitmap Heap Scan on sbtest8  (cost=23.09..4012.36 rows=1040 width=121)
	        Recheck Cond: ((id >= 2069875) AND (id <= 2070874))
	        ->  Bitmap Index Scan on sbtest8_pkey  (cost=0.00..22.83 rows=1040 width=0)
	              Index Cond: ((id >= 2069875) AND (id <= 2070874))

for: simple_ranges
table 1 : explain SELECT c FROM sbtest1 WHERE id BETWEEN 1282254 AND 1283253
	Bitmap Heap Scan on sbtest1  (cost=22.55..3811.57 rows=987 width=121)
	  Recheck Cond: ((id >= 1282254) AND (id <= 1283253))
	  ->  Bitmap Index Scan on sbtest1_pkey  (cost=0.00..22.30 rows=987 width=0)
	        Index Cond: ((id >= 1282254) AND (id <= 1283253))

table 2 : explain SELECT c FROM sbtest2 WHERE id BETWEEN 492971 AND 493970
	Bitmap Heap Scan on sbtest2  (cost=22.11..3649.24 rows=944 width=121)
	  Recheck Cond: ((id >= 492971) AND (id <= 493970))
	  ->  Bitmap Index Scan on sbtest2_pkey  (cost=0.00..21.87 rows=944 width=0)
	        Index Cond: ((id >= 492971) AND (id <= 493970))

table 3 : explain SELECT c FROM sbtest3 WHERE id BETWEEN 1426416 AND 1427415
	Bitmap Heap Scan on sbtest3  (cost=23.15..4029.65 rows=1045 width=121)
	  Recheck Cond: ((id >= 1426416) AND (id <= 1427415))
	  ->  Bitmap Index Scan on sbtest3_pkey  (cost=0.00..22.89 rows=1045 width=0)
	        Index Cond: ((id >= 1426416) AND (id <= 1427415))

table 4 : explain SELECT c FROM sbtest4 WHERE id BETWEEN 1764197 AND 1765196
	Bitmap Heap Scan on sbtest4  (cost=22.87..3928.07 rows=1018 width=121)
	  Recheck Cond: ((id >= 1764197) AND (id <= 1765196))
	  ->  Bitmap Index Scan on sbtest4_pkey  (cost=0.00..22.61 rows=1018 width=0)
	        Index Cond: ((id >= 1764197) AND (id <= 1765196))

table 5 : explain SELECT c FROM sbtest5 WHERE id BETWEEN 3673970 AND 3674969
	Bitmap Heap Scan on sbtest5  (cost=23.05..3997.21 rows=1036 width=121)
	  Recheck Cond: ((id >= 3673970) AND (id <= 3674969))
	  ->  Bitmap Index Scan on sbtest5_pkey  (cost=0.00..22.79 rows=1036 width=0)
	        Index Cond: ((id >= 3673970) AND (id <= 3674969))

table 6 : explain SELECT c FROM sbtest6 WHERE id BETWEEN 106436 AND 107435
	Bitmap Heap Scan on sbtest6  (cost=23.25..4067.68 rows=1055 width=121)
	  Recheck Cond: ((id >= 106436) AND (id <= 107435))
	  ->  Bitmap Index Scan on sbtest6_pkey  (cost=0.00..22.98 rows=1055 width=0)
	        Index Cond: ((id >= 106436) AND (id <= 107435))

table 7 : explain SELECT c FROM sbtest7 WHERE id BETWEEN 389026 AND 390025
	Bitmap Heap Scan on sbtest7  (cost=22.68..3861.90 rows=1000 width=121)
	  Recheck Cond: ((id >= 389026) AND (id <= 390025))
	  ->  Bitmap Index Scan on sbtest7_pkey  (cost=0.00..22.43 rows=1000 width=0)
	        Index Cond: ((id >= 389026) AND (id <= 390025))

table 8 : explain SELECT c FROM sbtest8 WHERE id BETWEEN 4369452 AND 4370451
	Bitmap Heap Scan on sbtest8  (cost=23.01..3982.26 rows=1032 width=121)
	  Recheck Cond: ((id >= 4369452) AND (id <= 4370451))
	  ->  Bitmap Index Scan on sbtest8_pkey  (cost=0.00..22.75 rows=1032 width=0)
	        Index Cond: ((id >= 4369452) AND (id <= 4370451))

for: order_ranges
table 1 : explain SELECT c FROM sbtest1 WHERE id BETWEEN 6305398 AND 6306397 ORDER BY c
	Sort  (cost=3902.71..3905.20 rows=998 width=121)
	  Sort Key: c
	  ->  Bitmap Heap Scan on sbtest1  (cost=22.66..3852.99 rows=998 width=121)
	        Recheck Cond: ((id >= 6305398) AND (id <= 6306397))
	        ->  Bitmap Index Scan on sbtest1_pkey  (cost=0.00..22.41 rows=998 width=0)
	              Index Cond: ((id >= 6305398) AND (id <= 6306397))

table 2 : explain SELECT c FROM sbtest2 WHERE id BETWEEN 3710763 AND 3711762 ORDER BY c
	Sort  (cost=3875.71..3878.18 rows=991 width=121)
	  Sort Key: c
	  ->  Bitmap Heap Scan on sbtest2  (cost=22.59..3826.39 rows=991 width=121)
	        Recheck Cond: ((id >= 3710763) AND (id <= 3711762))
	        ->  Bitmap Index Scan on sbtest2_pkey  (cost=0.00..22.34 rows=991 width=0)
	              Index Cond: ((id >= 3710763) AND (id <= 3711762))

table 3 : explain SELECT c FROM sbtest3 WHERE id BETWEEN 4941290 AND 4942289 ORDER BY c
	Sort  (cost=4020.97..4023.55 rows=1029 width=121)
	  Sort Key: c
	  ->  Bitmap Heap Scan on sbtest3  (cost=22.98..3969.49 rows=1029 width=121)
	        Recheck Cond: ((id >= 4941290) AND (id <= 4942289))
	        ->  Bitmap Index Scan on sbtest3_pkey  (cost=0.00..22.72 rows=1029 width=0)
	              Index Cond: ((id >= 4941290) AND (id <= 4942289))

table 4 : explain SELECT c FROM sbtest4 WHERE id BETWEEN 2993252 AND 2994251 ORDER BY c
	Sort  (cost=3910.15..3912.65 rows=1000 width=121)
	  Sort Key: c
	  ->  Bitmap Heap Scan on sbtest4  (cost=22.68..3860.32 rows=1000 width=121)
	        Recheck Cond: ((id >= 2993252) AND (id <= 2994251))
	        ->  Bitmap Index Scan on sbtest4_pkey  (cost=0.00..22.43 rows=1000 width=0)
	              Index Cond: ((id >= 2993252) AND (id <= 2994251))

table 5 : explain SELECT c FROM sbtest5 WHERE id BETWEEN 7262033 AND 7263032 ORDER BY c
	Sort  (cost=4201.79..4204.48 rows=1076 width=121)
	  Sort Key: c
	  ->  Bitmap Heap Scan on sbtest5  (cost=23.46..4147.61 rows=1076 width=121)
	        Recheck Cond: ((id >= 7262033) AND (id <= 7263032))
	        ->  Bitmap Index Scan on sbtest5_pkey  (cost=0.00..23.19 rows=1076 width=0)
	              Index Cond: ((id >= 7262033) AND (id <= 7263032))

table 6 : explain SELECT c FROM sbtest6 WHERE id BETWEEN 6498255 AND 6499254 ORDER BY c
	Sort  (cost=3834.12..3836.57 rows=980 width=121)
	  Sort Key: c
	  ->  Bitmap Heap Scan on sbtest6  (cost=22.48..3785.43 rows=980 width=121)
	        Recheck Cond: ((id >= 6498255) AND (id <= 6499254))
	        ->  Bitmap Index Scan on sbtest6_pkey  (cost=0.00..22.23 rows=980 width=0)
	              Index Cond: ((id >= 6498255) AND (id <= 6499254))

table 7 : explain SELECT c FROM sbtest7 WHERE id BETWEEN 3869279 AND 3870278 ORDER BY c
	Sort  (cost=3513.33..3515.57 rows=896 width=121)
	  Sort Key: c
	  ->  Bitmap Heap Scan on sbtest7  (cost=21.62..3469.39 rows=896 width=121)
	        Recheck Cond: ((id >= 3869279) AND (id <= 3870278))
	        ->  Bitmap Index Scan on sbtest7_pkey  (cost=0.00..21.39 rows=896 width=0)
	              Index Cond: ((id >= 3869279) AND (id <= 3870278))

table 8 : explain SELECT c FROM sbtest8 WHERE id BETWEEN 8209800 AND 8210799 ORDER BY c
	Sort  (cost=4198.27..4200.95 rows=1074 width=121)
	  Sort Key: c
	  ->  Bitmap Heap Scan on sbtest8  (cost=27.44..4144.20 rows=1074 width=121)
	        Recheck Cond: ((id >= 8209800) AND (id <= 8210799))
	        ->  Bitmap Index Scan on sbtest8_pkey  (cost=0.00..27.18 rows=1074 width=0)
	              Index Cond: ((id >= 8209800) AND (id <= 8210799))

for: order_ranges
table 1 : explain SELECT c FROM sbtest1 WHERE id BETWEEN 833277 AND 834276 ORDER BY c
	Sort  (cost=3535.17..3537.42 rows=902 width=121)
	  Sort Key: c
	  ->  Bitmap Heap Scan on sbtest1  (cost=21.68..3490.90 rows=902 width=121)
	        Recheck Cond: ((id >= 833277) AND (id <= 834276))
	        ->  Bitmap Index Scan on sbtest1_pkey  (cost=0.00..21.45 rows=902 width=0)
	              Index Cond: ((id >= 833277) AND (id <= 834276))

table 2 : explain SELECT c FROM sbtest2 WHERE id BETWEEN 1884963 AND 1885962 ORDER BY c
	Sort  (cost=3623.11..3625.43 rows=925 width=121)
	  Sort Key: c
	  ->  Bitmap Heap Scan on sbtest2  (cost=21.92..3577.54 rows=925 width=121)
	        Recheck Cond: ((id >= 1884963) AND (id <= 1885962))
	        ->  Bitmap Index Scan on sbtest2_pkey  (cost=0.00..21.68 rows=925 width=0)
	              Index Cond: ((id >= 1884963) AND (id <= 1885962))

table 3 : explain SELECT c FROM sbtest3 WHERE id BETWEEN 288213 AND 289212 ORDER BY c
	Sort  (cost=3577.20..3579.48 rows=913 width=121)
	  Sort Key: c
	  ->  Bitmap Heap Scan on sbtest3  (cost=21.79..3532.30 rows=913 width=121)
	        Recheck Cond: ((id >= 288213) AND (id <= 289212))
	        ->  Bitmap Index Scan on sbtest3_pkey  (cost=0.00..21.57 rows=913 width=0)
	              Index Cond: ((id >= 288213) AND (id <= 289212))

table 4 : explain SELECT c FROM sbtest4 WHERE id BETWEEN 9758124 AND 9759123 ORDER BY c
	Sort  (cost=3933.08..3935.60 rows=1006 width=121)
	  Sort Key: c
	  ->  Bitmap Heap Scan on sbtest4  (cost=22.75..3882.91 rows=1006 width=121)
	        Recheck Cond: ((id >= 9758124) AND (id <= 9759123))
	        ->  Bitmap Index Scan on sbtest4_pkey  (cost=0.00..22.50 rows=1006 width=0)
	              Index Cond: ((id >= 9758124) AND (id <= 9759123))

table 5 : explain SELECT c FROM sbtest5 WHERE id BETWEEN 7592433 AND 7593432 ORDER BY c
	Sort  (cost=3766.11..3768.52 rows=962 width=121)
	  Sort Key: c
	  ->  Bitmap Heap Scan on sbtest5  (cost=22.30..3718.45 rows=962 width=121)
	        Recheck Cond: ((id >= 7592433) AND (id <= 7593432))
	        ->  Bitmap Index Scan on sbtest5_pkey  (cost=0.00..22.05 rows=962 width=0)
	              Index Cond: ((id >= 7592433) AND (id <= 7593432))

table 6 : explain SELECT c FROM sbtest6 WHERE id BETWEEN 2603141 AND 2604140 ORDER BY c
	Sort  (cost=3922.07..3924.57 rows=1003 width=121)
	  Sort Key: c
	  ->  Bitmap Heap Scan on sbtest6  (cost=22.72..3872.07 rows=1003 width=121)
	        Recheck Cond: ((id >= 2603141) AND (id <= 2604140))
	        ->  Bitmap Index Scan on sbtest6_pkey  (cost=0.00..22.46 rows=1003 width=0)
	              Index Cond: ((id >= 2603141) AND (id <= 2604140))

table 7 : explain SELECT c FROM sbtest7 WHERE id BETWEEN 8438089 AND 8439088 ORDER BY c
	Sort  (cost=3949.97..3952.49 rows=1010 width=121)
	  Sort Key: c
	  ->  Bitmap Heap Scan on sbtest7  (cost=22.79..3899.57 rows=1010 width=121)
	        Recheck Cond: ((id >= 8438089) AND (id <= 8439088))
	        ->  Bitmap Index Scan on sbtest7_pkey  (cost=0.00..22.54 rows=1010 width=0)
	              Index Cond: ((id >= 8438089) AND (id <= 8439088))

table 8 : explain SELECT c FROM sbtest8 WHERE id BETWEEN 1704803 AND 1705802 ORDER BY c
	Sort  (cost=4137.02..4139.67 rows=1059 width=121)
	  Sort Key: c
	  ->  Bitmap Heap Scan on sbtest8  (cost=23.29..4083.82 rows=1059 width=121)
	        Recheck Cond: ((id >= 1704803) AND (id <= 1705802))
	        ->  Bitmap Index Scan on sbtest8_pkey  (cost=0.00..23.02 rows=1059 width=0)
	              Index Cond: ((id >= 1704803) AND (id <= 1705802))

for point_selects
table 1 : explain SELECT c FROM sbtest1 WHERE id=5553552
	Index Scan using sbtest1_pkey on sbtest1  (cost=0.43..8.45 rows=1 width=121)
	  Index Cond: (id = 5553552)

table 2 : explain SELECT c FROM sbtest2 WHERE id=1108880
	Index Scan using sbtest2_pkey on sbtest2  (cost=0.43..8.45 rows=1 width=121)
	  Index Cond: (id = 1108880)

table 3 : explain SELECT c FROM sbtest3 WHERE id=4370702
	Index Scan using sbtest3_pkey on sbtest3  (cost=0.43..8.45 rows=1 width=121)
	  Index Cond: (id = 4370702)

table 4 : explain SELECT c FROM sbtest4 WHERE id=2608199
	Index Scan using sbtest4_pkey on sbtest4  (cost=0.43..8.45 rows=1 width=121)
	  Index Cond: (id = 2608199)

table 5 : explain SELECT c FROM sbtest5 WHERE id=6827265
	Index Scan using sbtest5_pkey on sbtest5  (cost=0.43..8.45 rows=1 width=121)
	  Index Cond: (id = 6827265)

table 6 : explain SELECT c FROM sbtest6 WHERE id=6061121
	Index Scan using sbtest6_pkey on sbtest6  (cost=0.43..8.45 rows=1 width=121)
	  Index Cond: (id = 6061121)

table 7 : explain SELECT c FROM sbtest7 WHERE id=8616150
	Index Scan using sbtest7_pkey on sbtest7  (cost=0.43..8.45 rows=1 width=121)
	  Index Cond: (id = 8616150)

table 8 : explain SELECT c FROM sbtest8 WHERE id=2890001
	Index Scan using sbtest8_pkey on sbtest8  (cost=0.43..8.45 rows=1 width=121)
	  Index Cond: (id = 2890001)

for: simple_ranges
table 1 : explain SELECT c FROM sbtest1 WHERE id BETWEEN 8543950 AND 8544949
	Bitmap Heap Scan on sbtest1  (cost=23.23..4059.90 rows=1053 width=121)
	  Recheck Cond: ((id >= 8543950) AND (id <= 8544949))
	  ->  Bitmap Index Scan on sbtest1_pkey  (cost=0.00..22.96 rows=1053 width=0)
	        Index Cond: ((id >= 8543950) AND (id <= 8544949))

table 2 : explain SELECT c FROM sbtest2 WHERE id BETWEEN 8287372 AND 8288371
	Bitmap Heap Scan on sbtest2  (cost=23.33..4097.21 rows=1063 width=121)
	  Recheck Cond: ((id >= 8287372) AND (id <= 8288371))
	  ->  Bitmap Index Scan on sbtest2_pkey  (cost=0.00..23.07 rows=1063 width=0)
	        Index Cond: ((id >= 8287372) AND (id <= 8288371))

table 3 : explain SELECT c FROM sbtest3 WHERE id BETWEEN 9073456 AND 9074455
	Bitmap Heap Scan on sbtest3  (cost=22.99..3973.25 rows=1030 width=121)
	  Recheck Cond: ((id >= 9073456) AND (id <= 9074455))
	  ->  Bitmap Index Scan on sbtest3_pkey  (cost=0.00..22.73 rows=1030 width=0)
	        Index Cond: ((id >= 9073456) AND (id <= 9074455))

table 4 : explain SELECT c FROM sbtest4 WHERE id BETWEEN 7232868 AND 7233867
	Bitmap Heap Scan on sbtest4  (cost=23.18..4040.89 rows=1048 width=121)
	  Recheck Cond: ((id >= 7232868) AND (id <= 7233867))
	  ->  Bitmap Index Scan on sbtest4_pkey  (cost=0.00..22.91 rows=1048 width=0)
	        Index Cond: ((id >= 7232868) AND (id <= 7233867))

table 5 : explain SELECT c FROM sbtest5 WHERE id BETWEEN 9825799 AND 9826798
	Bitmap Heap Scan on sbtest5  (cost=21.96..3593.90 rows=929 width=121)
	  Recheck Cond: ((id >= 9825799) AND (id <= 9826798))
	  ->  Bitmap Index Scan on sbtest5_pkey  (cost=0.00..21.72 rows=929 width=0)
	        Index Cond: ((id >= 9825799) AND (id <= 9826798))

table 6 : explain SELECT c FROM sbtest6 WHERE id BETWEEN 1306601 AND 1307600
	Bitmap Heap Scan on sbtest6  (cost=22.41..3759.05 rows=973 width=121)
	  Recheck Cond: ((id >= 1306601) AND (id <= 1307600))
	  ->  Bitmap Index Scan on sbtest6_pkey  (cost=0.00..22.16 rows=973 width=0)
	        Index Cond: ((id >= 1306601) AND (id <= 1307600))

table 7 : explain SELECT c FROM sbtest7 WHERE id BETWEEN 3284670 AND 3285669
	Bitmap Heap Scan on sbtest7  (cost=22.68..3861.90 rows=1000 width=121)
	  Recheck Cond: ((id >= 3284670) AND (id <= 3285669))
	  ->  Bitmap Index Scan on sbtest7_pkey  (cost=0.00..22.43 rows=1000 width=0)
	        Index Cond: ((id >= 3284670) AND (id <= 3285669))

table 8 : explain SELECT c FROM sbtest8 WHERE id BETWEEN 6837949 AND 6838948
	Bitmap Heap Scan on sbtest8  (cost=22.09..3643.07 rows=942 width=121)
	  Recheck Cond: ((id >= 6837949) AND (id <= 6838948))
	  ->  Bitmap Index Scan on sbtest8_pkey  (cost=0.00..21.86 rows=942 width=0)
	        Index Cond: ((id >= 6837949) AND (id <= 6838948))

for: order_ranges
table 1 : explain SELECT c FROM sbtest1 WHERE id BETWEEN 9884978 AND 9885977 ORDER BY c
	Sort  (cost=4615.72..4618.68 rows=1185 width=121)
	  Sort Key: c
	  ->  Bitmap Heap Scan on sbtest1  (cost=28.58..4555.22 rows=1185 width=121)
	        Recheck Cond: ((id >= 9884978) AND (id <= 9885977))
	        ->  Bitmap Index Scan on sbtest1_pkey  (cost=0.00..28.29 rows=1185 width=0)
	              Index Cond: ((id >= 9884978) AND (id <= 9885977))

table 2 : explain SELECT c FROM sbtest2 WHERE id BETWEEN 98368 AND 99367 ORDER BY c
	Sort  (cost=3990.34..3992.89 rows=1021 width=121)
	  Sort Key: c
	  ->  Bitmap Heap Scan on sbtest2  (cost=22.90..3939.31 rows=1021 width=121)
	        Recheck Cond: ((id >= 98368) AND (id <= 99367))
	        ->  Bitmap Index Scan on sbtest2_pkey  (cost=0.00..22.64 rows=1021 width=0)
	              Index Cond: ((id >= 98368) AND (id <= 99367))

table 3 : explain SELECT c FROM sbtest3 WHERE id BETWEEN 3874518 AND 3875517 ORDER BY c
	Sort  (cost=3707.44..3709.81 rows=947 width=121)
	  Sort Key: c
	  ->  Bitmap Heap Scan on sbtest3  (cost=22.14..3660.63 rows=947 width=121)
	        Recheck Cond: ((id >= 3874518) AND (id <= 3875517))
	        ->  Bitmap Index Scan on sbtest3_pkey  (cost=0.00..21.90 rows=947 width=0)
	              Index Cond: ((id >= 3874518) AND (id <= 3875517))

table 4 : explain SELECT c FROM sbtest4 WHERE id BETWEEN 3743701 AND 3744700 ORDER BY c
	Sort  (cost=3971.29..3973.83 rows=1016 width=121)
	  Sort Key: c
	  ->  Bitmap Heap Scan on sbtest4  (cost=22.85..3920.55 rows=1016 width=121)
	        Recheck Cond: ((id >= 3743701) AND (id <= 3744700))
	        ->  Bitmap Index Scan on sbtest4_pkey  (cost=0.00..22.59 rows=1016 width=0)
	              Index Cond: ((id >= 3743701) AND (id <= 3744700))

table 5 : explain SELECT c FROM sbtest5 WHERE id BETWEEN 5812349 AND 5813348 ORDER BY c
	Sort  (cost=3865.62..3868.09 rows=988 width=121)
	  Sort Key: c
	  ->  Bitmap Heap Scan on sbtest5  (cost=22.56..3816.47 rows=988 width=121)
	        Recheck Cond: ((id >= 5812349) AND (id <= 5813348))
	        ->  Bitmap Index Scan on sbtest5_pkey  (cost=0.00..22.32 rows=988 width=0)
	              Index Cond: ((id >= 5812349) AND (id <= 5813348))

table 6 : explain SELECT c FROM sbtest6 WHERE id BETWEEN 6357110 AND 6358109 ORDER BY c
	Sort  (cost=3761.42..3763.82 rows=961 width=121)
	  Sort Key: c
	  ->  Bitmap Heap Scan on sbtest6  (cost=22.29..3713.81 rows=961 width=121)
	        Recheck Cond: ((id >= 6357110) AND (id <= 6358109))
	        ->  Bitmap Index Scan on sbtest6_pkey  (cost=0.00..22.04 rows=961 width=0)
	              Index Cond: ((id >= 6357110) AND (id <= 6358109))

table 7 : explain SELECT c FROM sbtest7 WHERE id BETWEEN 1273703 AND 1274702 ORDER BY c
	Sort  (cost=3647.56..3649.88 rows=931 width=121)
	  Sort Key: c
	  ->  Bitmap Heap Scan on sbtest7  (cost=21.98..3601.65 rows=931 width=121)
	        Recheck Cond: ((id >= 1273703) AND (id <= 1274702))
	        ->  Bitmap Index Scan on sbtest7_pkey  (cost=0.00..21.75 rows=931 width=0)
	              Index Cond: ((id >= 1273703) AND (id <= 1274702))

table 8 : explain SELECT c FROM sbtest8 WHERE id BETWEEN 1106287 AND 1107286 ORDER BY c
	Sort  (cost=3704.92..3707.29 rows=946 width=121)
	  Sort Key: c
	  ->  Bitmap Heap Scan on sbtest8  (cost=22.13..3658.16 rows=946 width=121)
	        Recheck Cond: ((id >= 1106287) AND (id <= 1107286))
	        ->  Bitmap Index Scan on sbtest8_pkey  (cost=0.00..21.89 rows=946 width=0)
	              Index Cond: ((id >= 1106287) AND (id <= 1107286))

for: sum_ranges
table 1 : explain SELECT SUM(k) FROM sbtest1 WHERE id BETWEEN 5378275 AND 5379274
	Aggregate  (cost=4006.11..4006.12 rows=1 width=8)
	  ->  Bitmap Heap Scan on sbtest1  (cost=23.07..4003.51 rows=1038 width=4)
	        Recheck Cond: ((id >= 5378275) AND (id <= 5379274))
	        ->  Bitmap Index Scan on sbtest1_pkey  (cost=0.00..22.82 rows=1038 width=0)
	              Index Cond: ((id >= 5378275) AND (id <= 5379274))

table 2 : explain SELECT SUM(k) FROM sbtest2 WHERE id BETWEEN 5022069 AND 5023068
	Aggregate  (cost=3866.55..3866.56 rows=1 width=8)
	  ->  Bitmap Heap Scan on sbtest2  (cost=22.70..3864.04 rows=1001 width=4)
	        Recheck Cond: ((id >= 5022069) AND (id <= 5023068))
	        ->  Bitmap Index Scan on sbtest2_pkey  (cost=0.00..22.44 rows=1001 width=0)
	              Index Cond: ((id >= 5022069) AND (id <= 5023068))

table 3 : explain SELECT SUM(k) FROM sbtest3 WHERE id BETWEEN 5192599 AND 5193598
	Aggregate  (cost=3866.62..3866.63 rows=1 width=8)
	  ->  Bitmap Heap Scan on sbtest3  (cost=22.70..3864.12 rows=1001 width=4)
	        Recheck Cond: ((id >= 5192599) AND (id <= 5193598))
	        ->  Bitmap Index Scan on sbtest3_pkey  (cost=0.00..22.44 rows=1001 width=0)
	              Index Cond: ((id >= 5192599) AND (id <= 5193598))

table 4 : explain SELECT SUM(k) FROM sbtest4 WHERE id BETWEEN 5061751 AND 5062750
	Aggregate  (cost=3651.64..3651.65 rows=1 width=8)
	  ->  Bitmap Heap Scan on sbtest4  (cost=22.11..3649.28 rows=944 width=4)
	        Recheck Cond: ((id >= 5061751) AND (id <= 5062750))
	        ->  Bitmap Index Scan on sbtest4_pkey  (cost=0.00..21.87 rows=944 width=0)
	              Index Cond: ((id >= 5061751) AND (id <= 5062750))

table 5 : explain SELECT SUM(k) FROM sbtest5 WHERE id BETWEEN 9578918 AND 9579917
	Aggregate  (cost=3588.66..3588.67 rows=1 width=8)
	  ->  Bitmap Heap Scan on sbtest5  (cost=21.94..3586.35 rows=927 width=4)
	        Recheck Cond: ((id >= 9578918) AND (id <= 9579917))
	        ->  Bitmap Index Scan on sbtest5_pkey  (cost=0.00..21.70 rows=927 width=0)
	              Index Cond: ((id >= 9578918) AND (id <= 9579917))

table 6 : explain SELECT SUM(k) FROM sbtest6 WHERE id BETWEEN 657297 AND 658296
	Aggregate  (cost=3655.83..3655.84 rows=1 width=8)
	  ->  Bitmap Heap Scan on sbtest6  (cost=22.12..3653.46 rows=945 width=4)
	        Recheck Cond: ((id >= 657297) AND (id <= 658296))
	        ->  Bitmap Index Scan on sbtest6_pkey  (cost=0.00..21.89 rows=945 width=0)
	              Index Cond: ((id >= 657297) AND (id <= 658296))

table 7 : explain SELECT SUM(k) FROM sbtest7 WHERE id BETWEEN 7336648 AND 7337647
	Aggregate  (cost=3490.55..3490.56 rows=1 width=8)
	  ->  Bitmap Heap Scan on sbtest7  (cost=21.67..3488.29 rows=901 width=4)
	        Recheck Cond: ((id >= 7336648) AND (id <= 7337647))
	        ->  Bitmap Index Scan on sbtest7_pkey  (cost=0.00..21.44 rows=901 width=0)
	              Index Cond: ((id >= 7336648) AND (id <= 7337647))

table 8 : explain SELECT SUM(k) FROM sbtest8 WHERE id BETWEEN 3082462 AND 3083461
	Aggregate  (cost=4312.24..4312.25 rows=1 width=8)
	  ->  Bitmap Heap Scan on sbtest8  (cost=27.90..4309.44 rows=1119 width=4)
	        Recheck Cond: ((id >= 3082462) AND (id <= 3083461))
	        ->  Bitmap Index Scan on sbtest8_pkey  (cost=0.00..27.62 rows=1119 width=0)
	              Index Cond: ((id >= 3082462) AND (id <= 3083461))

for point_selects
table 1 : explain SELECT c FROM sbtest1 WHERE id=9822890
	Index Scan using sbtest1_pkey on sbtest1  (cost=0.43..8.45 rows=1 width=121)
	  Index Cond: (id = 9822890)

table 2 : explain SELECT c FROM sbtest2 WHERE id=3193708
	Index Scan using sbtest2_pkey on sbtest2  (cost=0.43..8.45 rows=1 width=121)
	  Index Cond: (id = 3193708)

table 3 : explain SELECT c FROM sbtest3 WHERE id=7629777
	Index Scan using sbtest3_pkey on sbtest3  (cost=0.43..8.45 rows=1 width=121)
	  Index Cond: (id = 7629777)

table 4 : explain SELECT c FROM sbtest4 WHERE id=8244160
	Index Scan using sbtest4_pkey on sbtest4  (cost=0.43..8.45 rows=1 width=121)
	  Index Cond: (id = 8244160)

table 5 : explain SELECT c FROM sbtest5 WHERE id=561605
	Index Scan using sbtest5_pkey on sbtest5  (cost=0.43..8.45 rows=1 width=121)
	  Index Cond: (id = 561605)

table 6 : explain SELECT c FROM sbtest6 WHERE id=9113854
	Index Scan using sbtest6_pkey on sbtest6  (cost=0.43..8.45 rows=1 width=121)
	  Index Cond: (id = 9113854)

table 7 : explain SELECT c FROM sbtest7 WHERE id=1986568
	Index Scan using sbtest7_pkey on sbtest7  (cost=0.43..8.45 rows=1 width=121)
	  Index Cond: (id = 1986568)

table 8 : explain SELECT c FROM sbtest8 WHERE id=247413
	Index Scan using sbtest8_pkey on sbtest8  (cost=0.43..8.45 rows=1 width=121)
	  Index Cond: (id = 247413)

for point_selects
table 1 : explain SELECT c FROM sbtest1 WHERE id=5912583
	Index Scan using sbtest1_pkey on sbtest1  (cost=0.43..8.45 rows=1 width=121)
	  Index Cond: (id = 5912583)

table 2 : explain SELECT c FROM sbtest2 WHERE id=6820859
	Index Scan using sbtest2_pkey on sbtest2  (cost=0.43..8.45 rows=1 width=121)
	  Index Cond: (id = 6820859)

table 3 : explain SELECT c FROM sbtest3 WHERE id=7498376
	Index Scan using sbtest3_pkey on sbtest3  (cost=0.43..8.45 rows=1 width=121)
	  Index Cond: (id = 7498376)

table 4 : explain SELECT c FROM sbtest4 WHERE id=7715948
	Index Scan using sbtest4_pkey on sbtest4  (cost=0.43..8.45 rows=1 width=121)
	  Index Cond: (id = 7715948)

table 5 : explain SELECT c FROM sbtest5 WHERE id=8039979
	Index Scan using sbtest5_pkey on sbtest5  (cost=0.43..8.45 rows=1 width=121)
	  Index Cond: (id = 8039979)

table 6 : explain SELECT c FROM sbtest6 WHERE id=9927346
	Index Scan using sbtest6_pkey on sbtest6  (cost=0.43..8.45 rows=1 width=121)
	  Index Cond: (id = 9927346)

table 7 : explain SELECT c FROM sbtest7 WHERE id=6358388
	Index Scan using sbtest7_pkey on sbtest7  (cost=0.43..8.45 rows=1 width=121)
	  Index Cond: (id = 6358388)

table 8 : explain SELECT c FROM sbtest8 WHERE id=2967783
	Index Scan using sbtest8_pkey on sbtest8  (cost=0.43..8.45 rows=1 width=121)
	  Index Cond: (id = 2967783)

for: distinct_ranges
table 1 : explain SELECT DISTINCT c FROM sbtest1 WHERE id BETWEEN 6733914 AND 6734913 ORDER BY c
	Unique  (cost=3692.28..3697.00 rows=943 width=121)
	  ->  Sort  (cost=3692.28..3694.64 rows=943 width=121)
	        Sort Key: c
	        ->  Bitmap Heap Scan on sbtest1  (cost=22.10..3645.69 rows=943 width=121)
	              Recheck Cond: ((id >= 6733914) AND (id <= 6734913))
	              ->  Bitmap Index Scan on sbtest1_pkey  (cost=0.00..21.86 rows=943 width=0)
	                    Index Cond: ((id >= 6733914) AND (id <= 6734913))

table 2 : explain SELECT DISTINCT c FROM sbtest2 WHERE id BETWEEN 177712 AND 178711 ORDER BY c
	Unique  (cost=3994.16..3999.27 rows=1022 width=121)
	  ->  Sort  (cost=3994.16..3996.72 rows=1022 width=121)
	        Sort Key: c
	        ->  Bitmap Heap Scan on sbtest2  (cost=22.91..3943.07 rows=1022 width=121)
	              Recheck Cond: ((id >= 177712) AND (id <= 178711))
	              ->  Bitmap Index Scan on sbtest2_pkey  (cost=0.00..22.65 rows=1022 width=0)
	                    Index Cond: ((id >= 177712) AND (id <= 178711))

table 3 : explain SELECT DISTINCT c FROM sbtest3 WHERE id BETWEEN 7247981 AND 7248980 ORDER BY c
	Unique  (cost=3799.29..3804.15 rows=971 width=121)
	  ->  Sort  (cost=3799.29..3801.72 rows=971 width=121)
	        Sort Key: c
	        ->  Bitmap Heap Scan on sbtest3  (cost=22.39..3751.12 rows=971 width=121)
	              Recheck Cond: ((id >= 7247981) AND (id <= 7248980))
	              ->  Bitmap Index Scan on sbtest3_pkey  (cost=0.00..22.14 rows=971 width=0)
	                    Index Cond: ((id >= 7247981) AND (id <= 7248980))

table 4 : explain SELECT DISTINCT c FROM sbtest4 WHERE id BETWEEN 3704369 AND 3705368 ORDER BY c
	Unique  (cost=3887.22..3892.19 rows=994 width=121)
	  ->  Sort  (cost=3887.22..3889.70 rows=994 width=121)
	        Sort Key: c
	        ->  Bitmap Heap Scan on sbtest4  (cost=22.62..3837.73 rows=994 width=121)
	              Recheck Cond: ((id >= 3704369) AND (id <= 3705368))
	              ->  Bitmap Index Scan on sbtest4_pkey  (cost=0.00..22.37 rows=994 width=0)
	                    Index Cond: ((id >= 3704369) AND (id <= 3705368))

table 5 : explain SELECT DISTINCT c FROM sbtest5 WHERE id BETWEEN 2006651 AND 2007650 ORDER BY c
	Unique  (cost=3708.67..3713.40 rows=947 width=121)
	  ->  Sort  (cost=3708.67..3711.04 rows=947 width=121)
	        Sort Key: c
	        ->  Bitmap Heap Scan on sbtest5  (cost=22.14..3661.85 rows=947 width=121)
	              Recheck Cond: ((id >= 2006651) AND (id <= 2007650))
	              ->  Bitmap Index Scan on sbtest5_pkey  (cost=0.00..21.90 rows=947 width=0)
	                    Index Cond: ((id >= 2006651) AND (id <= 2007650))

table 6 : explain SELECT DISTINCT c FROM sbtest6 WHERE id BETWEEN 140035 AND 141034 ORDER BY c
	Unique  (cost=4120.66..4125.94 rows=1055 width=121)
	  ->  Sort  (cost=4120.66..4123.30 rows=1055 width=121)
	        Sort Key: c
	        ->  Bitmap Heap Scan on sbtest6  (cost=23.25..4067.68 rows=1055 width=121)
	              Recheck Cond: ((id >= 140035) AND (id <= 141034))
	              ->  Bitmap Index Scan on sbtest6_pkey  (cost=0.00..22.98 rows=1055 width=0)
	                    Index Cond: ((id >= 140035) AND (id <= 141034))

table 7 : explain SELECT DISTINCT c FROM sbtest7 WHERE id BETWEEN 428326 AND 429325 ORDER BY c
	Unique  (cost=3701.21..3705.93 rows=945 width=121)
	  ->  Sort  (cost=3701.21..3703.57 rows=945 width=121)
	        Sort Key: c
	        ->  Bitmap Heap Scan on sbtest7  (cost=22.12..3654.50 rows=945 width=121)
	              Recheck Cond: ((id >= 428326) AND (id <= 429325))
	              ->  Bitmap Index Scan on sbtest7_pkey  (cost=0.00..21.89 rows=945 width=0)
	                    Index Cond: ((id >= 428326) AND (id <= 429325))

table 8 : explain SELECT DISTINCT c FROM sbtest8 WHERE id BETWEEN 217175 AND 218174 ORDER BY c
	Unique  (cost=4228.79..4234.20 rows=1082 width=121)
	  ->  Sort  (cost=4228.79..4231.49 rows=1082 width=121)
	        Sort Key: c
	        ->  Bitmap Heap Scan on sbtest8  (cost=27.53..4174.26 rows=1082 width=121)
	              Recheck Cond: ((id >= 217175) AND (id <= 218174))
	              ->  Bitmap Index Scan on sbtest8_pkey  (cost=0.00..27.25 rows=1082 width=0)
	                    Index Cond: ((id >= 217175) AND (id <= 218174))

for: sum_ranges
table 1 : explain SELECT SUM(k) FROM sbtest1 WHERE id BETWEEN 4823281 AND 4824280
	Aggregate  (cost=4239.43..4239.44 rows=1 width=8)
	  ->  Bitmap Heap Scan on sbtest1  (cost=27.71..4236.68 rows=1100 width=4)
	        Recheck Cond: ((id >= 4823281) AND (id <= 4824280))
	        ->  Bitmap Index Scan on sbtest1_pkey  (cost=0.00..27.43 rows=1100 width=0)
	              Index Cond: ((id >= 4823281) AND (id <= 4824280))

table 2 : explain SELECT SUM(k) FROM sbtest2 WHERE id BETWEEN 5973805 AND 5974804
	Aggregate  (cost=4050.99..4051.00 rows=1 width=8)
	  ->  Bitmap Heap Scan on sbtest2  (cost=23.20..4048.36 rows=1050 width=4)
	        Recheck Cond: ((id >= 5973805) AND (id <= 5974804))
	        ->  Bitmap Index Scan on sbtest2_pkey  (cost=0.00..22.93 rows=1050 width=0)
	              Index Cond: ((id >= 5973805) AND (id <= 5974804))

table 3 : explain SELECT SUM(k) FROM sbtest3 WHERE id BETWEEN 1579848 AND 1580847
	Aggregate  (cost=4186.39..4186.40 rows=1 width=8)
	  ->  Bitmap Heap Scan on sbtest3  (cost=23.57..4183.67 rows=1086 width=4)
	        Recheck Cond: ((id >= 1579848) AND (id <= 1580847))
	        ->  Bitmap Index Scan on sbtest3_pkey  (cost=0.00..23.29 rows=1086 width=0)
	              Index Cond: ((id >= 1579848) AND (id <= 1580847))

table 4 : explain SELECT SUM(k) FROM sbtest4 WHERE id BETWEEN 8074789 AND 8075788
	Aggregate  (cost=3281.05..3281.06 rows=1 width=8)
	  ->  Bitmap Heap Scan on sbtest4  (cost=21.11..3278.93 rows=846 width=4)
	        Recheck Cond: ((id >= 8074789) AND (id <= 8075788))
	        ->  Bitmap Index Scan on sbtest4_pkey  (cost=0.00..20.89 rows=846 width=0)
	              Index Cond: ((id >= 8074789) AND (id <= 8075788))

table 5 : explain SELECT SUM(k) FROM sbtest5 WHERE id BETWEEN 8151920 AND 8152919
	Aggregate  (cost=3916.95..3916.96 rows=1 width=8)
	  ->  Bitmap Heap Scan on sbtest5  (cost=22.83..3914.41 rows=1014 width=4)
	        Recheck Cond: ((id >= 8151920) AND (id <= 8152919))
	        ->  Bitmap Index Scan on sbtest5_pkey  (cost=0.00..22.57 rows=1014 width=0)
	              Index Cond: ((id >= 8151920) AND (id <= 8152919))

table 6 : explain SELECT SUM(k) FROM sbtest6 WHERE id BETWEEN 6042551 AND 6043550
	Aggregate  (cost=4138.00..4138.01 rows=1 width=8)
	  ->  Bitmap Heap Scan on sbtest6  (cost=23.43..4135.32 rows=1073 width=4)
	        Recheck Cond: ((id >= 6042551) AND (id <= 6043550))
	        ->  Bitmap Index Scan on sbtest6_pkey  (cost=0.00..23.16 rows=1073 width=0)
	              Index Cond: ((id >= 6042551) AND (id <= 6043550))

table 7 : explain SELECT SUM(k) FROM sbtest7 WHERE id BETWEEN 7146241 AND 7147240
	Aggregate  (cost=3868.17..3868.18 rows=1 width=8)
	  ->  Bitmap Heap Scan on sbtest7  (cost=22.70..3865.67 rows=1001 width=4)
	        Recheck Cond: ((id >= 7146241) AND (id <= 7147240))
	        ->  Bitmap Index Scan on sbtest7_pkey  (cost=0.00..22.44 rows=1001 width=0)
	              Index Cond: ((id >= 7146241) AND (id <= 7147240))

table 8 : explain SELECT SUM(k) FROM sbtest8 WHERE id BETWEEN 7601280 AND 7602279
	Aggregate  (cost=3981.08..3981.09 rows=1 width=8)
	  ->  Bitmap Heap Scan on sbtest8  (cost=23.00..3978.50 rows=1031 width=4)
	        Recheck Cond: ((id >= 7601280) AND (id <= 7602279))
	        ->  Bitmap Index Scan on sbtest8_pkey  (cost=0.00..22.75 rows=1031 width=0)
	              Index Cond: ((id >= 7601280) AND (id <= 7602279))

for: distinct_ranges
table 1 : explain SELECT DISTINCT c FROM sbtest1 WHERE id BETWEEN 7350245 AND 7351244 ORDER BY c
	Unique  (cost=4173.80..4179.15 rows=1069 width=121)
	  ->  Sort  (cost=4173.80..4176.48 rows=1069 width=121)
	        Sort Key: c
	        ->  Bitmap Heap Scan on sbtest1  (cost=23.39..4120.02 rows=1069 width=121)
	              Recheck Cond: ((id >= 7350245) AND (id <= 7351244))
	              ->  Bitmap Index Scan on sbtest1_pkey  (cost=0.00..23.12 rows=1069 width=0)
	                    Index Cond: ((id >= 7350245) AND (id <= 7351244))

table 2 : explain SELECT DISTINCT c FROM sbtest2 WHERE id BETWEEN 9314032 AND 9315031 ORDER BY c
	Unique  (cost=4204.04..4209.42 rows=1077 width=121)
	  ->  Sort  (cost=4204.04..4206.73 rows=1077 width=121)
	        Sort Key: c
	        ->  Bitmap Heap Scan on sbtest2  (cost=23.47..4149.79 rows=1077 width=121)
	              Recheck Cond: ((id >= 9314032) AND (id <= 9315031))
	              ->  Bitmap Index Scan on sbtest2_pkey  (cost=0.00..23.20 rows=1077 width=0)
	                    Index Cond: ((id >= 9314032) AND (id <= 9315031))

table 3 : explain SELECT DISTINCT c FROM sbtest3 WHERE id BETWEEN 3950999 AND 3951998 ORDER BY c
	Unique  (cost=4005.70..4010.82 rows=1025 width=121)
	  ->  Sort  (cost=4005.70..4008.26 rows=1025 width=121)
	        Sort Key: c
	        ->  Bitmap Heap Scan on sbtest3  (cost=22.94..3954.44 rows=1025 width=121)
	              Recheck Cond: ((id >= 3950999) AND (id <= 3951998))
	              ->  Bitmap Index Scan on sbtest3_pkey  (cost=0.00..22.68 rows=1025 width=0)
	                    Index Cond: ((id >= 3950999) AND (id <= 3951998))

table 4 : explain SELECT DISTINCT c FROM sbtest4 WHERE id BETWEEN 5272545 AND 5273544 ORDER BY c
	Unique  (cost=3852.81..3857.73 rows=985 width=121)
	  ->  Sort  (cost=3852.81..3855.27 rows=985 width=121)
	        Sort Key: c
	        ->  Bitmap Heap Scan on sbtest4  (cost=22.53..3803.83 rows=985 width=121)
	              Recheck Cond: ((id >= 5272545) AND (id <= 5273544))
	              ->  Bitmap Index Scan on sbtest4_pkey  (cost=0.00..22.29 rows=985 width=0)
	                    Index Cond: ((id >= 5272545) AND (id <= 5273544))

table 5 : explain SELECT DISTINCT c FROM sbtest5 WHERE id BETWEEN 769385 AND 770384 ORDER BY c
	Unique  (cost=4171.27..4176.61 rows=1068 width=121)
	  ->  Sort  (cost=4171.27..4173.94 rows=1068 width=121)
	        Sort Key: c
	        ->  Bitmap Heap Scan on sbtest5  (cost=23.38..4117.55 rows=1068 width=121)
	              Recheck Cond: ((id >= 769385) AND (id <= 770384))
	              ->  Bitmap Index Scan on sbtest5_pkey  (cost=0.00..23.11 rows=1068 width=0)
	                    Index Cond: ((id >= 769385) AND (id <= 770384))

table 6 : explain SELECT DISTINCT c FROM sbtest6 WHERE id BETWEEN 4668829 AND 4669828 ORDER BY c
	Unique  (cost=4177.89..4183.24 rows=1070 width=121)
	  ->  Sort  (cost=4177.89..4180.56 rows=1070 width=121)
	        Sort Key: c
	        ->  Bitmap Heap Scan on sbtest6  (cost=23.40..4124.05 rows=1070 width=121)
	              Recheck Cond: ((id >= 4668829) AND (id <= 4669828))
	              ->  Bitmap Index Scan on sbtest6_pkey  (cost=0.00..23.14 rows=1070 width=0)
	                    Index Cond: ((id >= 4668829) AND (id <= 4669828))

table 7 : explain SELECT DISTINCT c FROM sbtest7 WHERE id BETWEEN 2653311 AND 2654310 ORDER BY c
	Unique  (cost=3995.84..4000.95 rows=1022 width=121)
	  ->  Sort  (cost=3995.84..3998.39 rows=1022 width=121)
	        Sort Key: c
	        ->  Bitmap Heap Scan on sbtest7  (cost=22.91..3944.75 rows=1022 width=121)
	              Recheck Cond: ((id >= 2653311) AND (id <= 2654310))
	              ->  Bitmap Index Scan on sbtest7_pkey  (cost=0.00..22.65 rows=1022 width=0)
	                    Index Cond: ((id >= 2653311) AND (id <= 2654310))

table 8 : explain SELECT DISTINCT c FROM sbtest8 WHERE id BETWEEN 5552701 AND 5553700 ORDER BY c
	Unique  (cost=4003.35..4008.47 rows=1024 width=121)
	  ->  Sort  (cost=4003.35..4005.91 rows=1024 width=121)
	        Sort Key: c
	        ->  Bitmap Heap Scan on sbtest8  (cost=22.93..3952.15 rows=1024 width=121)
	              Recheck Cond: ((id >= 5552701) AND (id <= 5553700))
	              ->  Bitmap Index Scan on sbtest8_pkey  (cost=0.00..22.68 rows=1024 width=0)
	                    Index Cond: ((id >= 5552701) AND (id <= 5553700))

for: distinct_ranges
table 1 : explain SELECT DISTINCT c FROM sbtest1 WHERE id BETWEEN 9949496 AND 9950495 ORDER BY c
	Unique  (cost=3841.53..3846.44 rows=982 width=121)
	  ->  Sort  (cost=3841.53..3843.99 rows=982 width=121)
	        Sort Key: c
	        ->  Bitmap Heap Scan on sbtest1  (cost=22.50..3792.73 rows=982 width=121)
	              Recheck Cond: ((id >= 9949496) AND (id <= 9950495))
	              ->  Bitmap Index Scan on sbtest1_pkey  (cost=0.00..22.25 rows=982 width=0)
	                    Index Cond: ((id >= 9949496) AND (id <= 9950495))

table 2 : explain SELECT DISTINCT c FROM sbtest2 WHERE id BETWEEN 9727687 AND 9728686 ORDER BY c
	Unique  (cost=3757.13..3761.93 rows=960 width=121)
	  ->  Sort  (cost=3757.13..3759.53 rows=960 width=121)
	        Sort Key: c
	        ->  Bitmap Heap Scan on sbtest2  (cost=22.27..3709.58 rows=960 width=121)
	              Recheck Cond: ((id >= 9727687) AND (id <= 9728686))
	              ->  Bitmap Index Scan on sbtest2_pkey  (cost=0.00..22.04 rows=960 width=0)
	                    Index Cond: ((id >= 9727687) AND (id <= 9728686))

table 3 : explain SELECT DISTINCT c FROM sbtest3 WHERE id BETWEEN 8467284 AND 8468283 ORDER BY c
	Unique  (cost=4085.87..4091.10 rows=1046 width=121)
	  ->  Sort  (cost=4085.87..4088.48 rows=1046 width=121)
	        Sort Key: c
	        ->  Bitmap Heap Scan on sbtest3  (cost=23.16..4033.41 rows=1046 width=121)
	              Recheck Cond: ((id >= 8467284) AND (id <= 8468283))
	              ->  Bitmap Index Scan on sbtest3_pkey  (cost=0.00..22.89 rows=1046 width=0)
	                    Index Cond: ((id >= 8467284) AND (id <= 8468283))

table 4 : explain SELECT DISTINCT c FROM sbtest4 WHERE id BETWEEN 9554214 AND 9555213 ORDER BY c
	Unique  (cost=4078.20..4083.42 rows=1044 width=121)
	  ->  Sort  (cost=4078.20..4080.81 rows=1044 width=121)
	        Sort Key: c
	        ->  Bitmap Heap Scan on sbtest4  (cost=23.14..4025.86 rows=1044 width=121)
	              Recheck Cond: ((id >= 9554214) AND (id <= 9555213))
	              ->  Bitmap Index Scan on sbtest4_pkey  (cost=0.00..22.87 rows=1044 width=0)
	                    Index Cond: ((id >= 9554214) AND (id <= 9555213))

table 5 : explain SELECT DISTINCT c FROM sbtest5 WHERE id BETWEEN 7560078 AND 7561077 ORDER BY c
	Unique  (cost=3766.11..3770.92 rows=962 width=121)
	  ->  Sort  (cost=3766.11..3768.52 rows=962 width=121)
	        Sort Key: c
	        ->  Bitmap Heap Scan on sbtest5  (cost=22.30..3718.45 rows=962 width=121)
	              Recheck Cond: ((id >= 7560078) AND (id <= 7561077))
	              ->  Bitmap Index Scan on sbtest5_pkey  (cost=0.00..22.05 rows=962 width=0)
	                    Index Cond: ((id >= 7560078) AND (id <= 7561077))

table 6 : explain SELECT DISTINCT c FROM sbtest6 WHERE id BETWEEN 8028092 AND 8029091 ORDER BY c
	Unique  (cost=3887.66..3892.63 rows=994 width=121)
	  ->  Sort  (cost=3887.66..3890.15 rows=994 width=121)
	        Sort Key: c
	        ->  Bitmap Heap Scan on sbtest6  (cost=22.62..3838.17 rows=994 width=121)
	              Recheck Cond: ((id >= 8028092) AND (id <= 8029091))
	              ->  Bitmap Index Scan on sbtest6_pkey  (cost=0.00..22.37 rows=994 width=0)
	                    Index Cond: ((id >= 8028092) AND (id <= 8029091))

table 7 : explain SELECT DISTINCT c FROM sbtest7 WHERE id BETWEEN 8862656 AND 8863655 ORDER BY c
	Unique  (cost=3923.20..3928.22 rows=1003 width=121)
	  ->  Sort  (cost=3923.20..3925.71 rows=1003 width=121)
	        Sort Key: c
	        ->  Bitmap Heap Scan on sbtest7  (cost=22.72..3873.20 rows=1003 width=121)
	              Recheck Cond: ((id >= 8862656) AND (id <= 8863655))
	              ->  Bitmap Index Scan on sbtest7_pkey  (cost=0.00..22.46 rows=1003 width=0)
	                    Index Cond: ((id >= 8862656) AND (id <= 8863655))

table 8 : explain SELECT DISTINCT c FROM sbtest8 WHERE id BETWEEN 3553701 AND 3554700 ORDER BY c
	Unique  (cost=3789.17..3794.01 rows=968 width=121)
	  ->  Sort  (cost=3789.17..3791.59 rows=968 width=121)
	        Sort Key: c
	        ->  Bitmap Heap Scan on sbtest8  (cost=22.36..3741.16 rows=968 width=121)
	              Recheck Cond: ((id >= 3553701) AND (id <= 3554700))
	              ->  Bitmap Index Scan on sbtest8_pkey  (cost=0.00..22.11 rows=968 width=0)
	                    Index Cond: ((id >= 3553701) AND (id <= 3554700))

for: simple_ranges
table 1 : explain SELECT c FROM sbtest1 WHERE id BETWEEN 3893203 AND 3894202
	Bitmap Heap Scan on sbtest1  (cost=23.41..4127.53 rows=1071 width=121)
	  Recheck Cond: ((id >= 3893203) AND (id <= 3894202))
	  ->  Bitmap Index Scan on sbtest1_pkey  (cost=0.00..23.14 rows=1071 width=0)
	        Index Cond: ((id >= 3893203) AND (id <= 3894202))

table 2 : explain SELECT c FROM sbtest2 WHERE id BETWEEN 6983725 AND 6984724
	Bitmap Heap Scan on sbtest2  (cost=22.65..3848.98 rows=997 width=121)
	  Recheck Cond: ((id >= 6983725) AND (id <= 6984724))
	  ->  Bitmap Index Scan on sbtest2_pkey  (cost=0.00..22.40 rows=997 width=0)
	        Index Cond: ((id >= 6983725) AND (id <= 6984724))

table 3 : explain SELECT c FROM sbtest3 WHERE id BETWEEN 6138828 AND 6139827
	Bitmap Heap Scan on sbtest3  (cost=23.02..3984.53 rows=1033 width=121)
	  Recheck Cond: ((id >= 6138828) AND (id <= 6139827))
	  ->  Bitmap Index Scan on sbtest3_pkey  (cost=0.00..22.76 rows=1033 width=0)
	        Index Cond: ((id >= 6138828) AND (id <= 6139827))

table 4 : explain SELECT c FROM sbtest4 WHERE id BETWEEN 7368554 AND 7369553
	Bitmap Heap Scan on sbtest4  (cost=23.02..3984.50 rows=1033 width=121)
	  Recheck Cond: ((id >= 7368554) AND (id <= 7369553))
	  ->  Bitmap Index Scan on sbtest4_pkey  (cost=0.00..22.76 rows=1033 width=0)
	        Index Cond: ((id >= 7368554) AND (id <= 7369553))

table 5 : explain SELECT c FROM sbtest5 WHERE id BETWEEN 5503087 AND 5504086
	Bitmap Heap Scan on sbtest5  (cost=22.92..3948.29 rows=1023 width=121)
	  Recheck Cond: ((id >= 5503087) AND (id <= 5504086))
	  ->  Bitmap Index Scan on sbtest5_pkey  (cost=0.00..22.66 rows=1023 width=0)
	        Index Cond: ((id >= 5503087) AND (id <= 5504086))

table 6 : explain SELECT c FROM sbtest6 WHERE id BETWEEN 3679499 AND 3680498
	Bitmap Heap Scan on sbtest6  (cost=22.93..3951.11 rows=1024 width=121)
	  Recheck Cond: ((id >= 3679499) AND (id <= 3680498))
	  ->  Bitmap Index Scan on sbtest6_pkey  (cost=0.00..22.68 rows=1024 width=0)
	        Index Cond: ((id >= 3679499) AND (id <= 3680498))

table 7 : explain SELECT c FROM sbtest7 WHERE id BETWEEN 9295462 AND 9296461
	Bitmap Heap Scan on sbtest7  (cost=22.57..3820.45 rows=989 width=121)
	  Recheck Cond: ((id >= 9295462) AND (id <= 9296461))
	  ->  Bitmap Index Scan on sbtest7_pkey  (cost=0.00..22.32 rows=989 width=0)
	        Index Cond: ((id >= 9295462) AND (id <= 9296461))

table 8 : explain SELECT c FROM sbtest8 WHERE id BETWEEN 243526 AND 244525
	Bitmap Heap Scan on sbtest8  (cost=27.53..4174.26 rows=1082 width=121)
	  Recheck Cond: ((id >= 243526) AND (id <= 244525))
	  ->  Bitmap Index Scan on sbtest8_pkey  (cost=0.00..27.25 rows=1082 width=0)
	        Index Cond: ((id >= 243526) AND (id <= 244525))

for point_selects
table 1 : explain SELECT c FROM sbtest1 WHERE id=9018481
	Index Scan using sbtest1_pkey on sbtest1  (cost=0.43..8.45 rows=1 width=121)
	  Index Cond: (id = 9018481)

table 2 : explain SELECT c FROM sbtest2 WHERE id=8639252
	Index Scan using sbtest2_pkey on sbtest2  (cost=0.43..8.45 rows=1 width=121)
	  Index Cond: (id = 8639252)

table 3 : explain SELECT c FROM sbtest3 WHERE id=7167793
	Index Scan using sbtest3_pkey on sbtest3  (cost=0.43..8.45 rows=1 width=121)
	  Index Cond: (id = 7167793)

table 4 : explain SELECT c FROM sbtest4 WHERE id=8513897
	Index Scan using sbtest4_pkey on sbtest4  (cost=0.43..8.45 rows=1 width=121)
	  Index Cond: (id = 8513897)

table 5 : explain SELECT c FROM sbtest5 WHERE id=1141447
	Index Scan using sbtest5_pkey on sbtest5  (cost=0.43..8.45 rows=1 width=121)
	  Index Cond: (id = 1141447)

table 6 : explain SELECT c FROM sbtest6 WHERE id=4433809
	Index Scan using sbtest6_pkey on sbtest6  (cost=0.43..8.45 rows=1 width=121)
	  Index Cond: (id = 4433809)

table 7 : explain SELECT c FROM sbtest7 WHERE id=2666942
	Index Scan using sbtest7_pkey on sbtest7  (cost=0.43..8.45 rows=1 width=121)
	  Index Cond: (id = 2666942)

table 8 : explain SELECT c FROM sbtest8 WHERE id=3092884
	Index Scan using sbtest8_pkey on sbtest8  (cost=0.43..8.45 rows=1 width=121)
	  Index Cond: (id = 3092884)

for: sum_ranges
table 1 : explain SELECT SUM(k) FROM sbtest1 WHERE id BETWEEN 6600575 AND 6601574
	Aggregate  (cost=4013.63..4013.64 rows=1 width=8)
	  ->  Bitmap Heap Scan on sbtest1  (cost=23.09..4011.03 rows=1040 width=4)
	        Recheck Cond: ((id >= 6600575) AND (id <= 6601574))
	        ->  Bitmap Index Scan on sbtest1_pkey  (cost=0.00..22.83 rows=1040 width=0)
	              Index Cond: ((id >= 6600575) AND (id <= 6601574))

table 2 : explain SELECT SUM(k) FROM sbtest2 WHERE id BETWEEN 1917615 AND 1918614
	Aggregate  (cost=3613.84..3613.85 rows=1 width=8)
	  ->  Bitmap Heap Scan on sbtest2  (cost=22.01..3611.51 rows=934 width=4)
	        Recheck Cond: ((id >= 1917615) AND (id <= 1918614))
	        ->  Bitmap Index Scan on sbtest2_pkey  (cost=0.00..21.77 rows=934 width=0)
	              Index Cond: ((id >= 1917615) AND (id <= 1918614))

table 3 : explain SELECT SUM(k) FROM sbtest3 WHERE id BETWEEN 8341169 AND 8342168
	Aggregate  (cost=3783.71..3783.72 rows=1 width=8)
	  ->  Bitmap Heap Scan on sbtest3  (cost=22.47..3781.26 rows=979 width=4)
	        Recheck Cond: ((id >= 8341169) AND (id <= 8342168))
	        ->  Bitmap Index Scan on sbtest3_pkey  (cost=0.00..22.22 rows=979 width=0)
	              Index Cond: ((id >= 8341169) AND (id <= 8342168))

table 4 : explain SELECT SUM(k) FROM sbtest4 WHERE id BETWEEN 997575 AND 998574
	Aggregate  (cost=3719.57..3719.58 rows=1 width=8)
	  ->  Bitmap Heap Scan on sbtest4  (cost=22.30..3717.16 rows=962 width=4)
	        Recheck Cond: ((id >= 997575) AND (id <= 998574))
	        ->  Bitmap Index Scan on sbtest4_pkey  (cost=0.00..22.05 rows=962 width=0)
	              Index Cond: ((id >= 997575) AND (id <= 998574))

table 5 : explain SELECT SUM(k) FROM sbtest5 WHERE id BETWEEN 3996293 AND 3997292
	Aggregate  (cost=3852.88..3852.89 rows=1 width=8)
	  ->  Bitmap Heap Scan on sbtest5  (cost=22.65..3850.38 rows=997 width=4)
	        Recheck Cond: ((id >= 3996293) AND (id <= 3997292))
	        ->  Bitmap Index Scan on sbtest5_pkey  (cost=0.00..22.40 rows=997 width=0)
	              Index Cond: ((id >= 3996293) AND (id <= 3997292))

table 6 : explain SELECT SUM(k) FROM sbtest6 WHERE id BETWEEN 7059294 AND 7060293
	Aggregate  (cost=3735.08..3735.09 rows=1 width=8)
	  ->  Bitmap Heap Scan on sbtest6  (cost=22.34..3732.66 rows=966 width=4)
	        Recheck Cond: ((id >= 7059294) AND (id <= 7060293))
	        ->  Bitmap Index Scan on sbtest6_pkey  (cost=0.00..22.09 rows=966 width=0)
	              Index Cond: ((id >= 7059294) AND (id <= 7060293))

table 7 : explain SELECT SUM(k) FROM sbtest7 WHERE id BETWEEN 4883 AND 5882
	Aggregate  (cost=3354.27..3354.28 rows=1 width=8)
	  ->  Bitmap Heap Scan on sbtest7  (cost=21.30..3352.11 rows=865 width=4)
	        Recheck Cond: ((id >= 4883) AND (id <= 5882))
	        ->  Bitmap Index Scan on sbtest7_pkey  (cost=0.00..21.08 rows=865 width=0)
	              Index Cond: ((id >= 4883) AND (id <= 5882))

table 8 : explain SELECT SUM(k) FROM sbtest8 WHERE id BETWEEN 5274338 AND 5275337
	Aggregate  (cost=3773.77..3773.78 rows=1 width=8)
	  ->  Bitmap Heap Scan on sbtest8  (cost=22.44..3771.33 rows=976 width=4)
	        Recheck Cond: ((id >= 5274338) AND (id <= 5275337))
	        ->  Bitmap Index Scan on sbtest8_pkey  (cost=0.00..22.19 rows=976 width=0)
	              Index Cond: ((id >= 5274338) AND (id <= 5275337))

for: distinct_ranges
table 1 : explain SELECT DISTINCT c FROM sbtest1 WHERE id BETWEEN 2440287 AND 2441286 ORDER BY c
	Unique  (cost=3910.35..3915.35 rows=1000 width=121)
	  ->  Sort  (cost=3910.35..3912.85 rows=1000 width=121)
	        Sort Key: c
	        ->  Bitmap Heap Scan on sbtest1  (cost=22.68..3860.53 rows=1000 width=121)
	              Recheck Cond: ((id >= 2440287) AND (id <= 2441286))
	              ->  Bitmap Index Scan on sbtest1_pkey  (cost=0.00..22.43 rows=1000 width=0)
	                    Index Cond: ((id >= 2440287) AND (id <= 2441286))

table 2 : explain SELECT DISTINCT c FROM sbtest2 WHERE id BETWEEN 4752733 AND 4753732 ORDER BY c
	Unique  (cost=3967.42..3972.50 rows=1015 width=121)
	  ->  Sort  (cost=3967.42..3969.96 rows=1015 width=121)
	        Sort Key: c
	        ->  Bitmap Heap Scan on sbtest2  (cost=22.84..3916.74 rows=1015 width=121)
	              Recheck Cond: ((id >= 4752733) AND (id <= 4753732))
	              ->  Bitmap Index Scan on sbtest2_pkey  (cost=0.00..22.58 rows=1015 width=0)
	                    Index Cond: ((id >= 4752733) AND (id <= 4753732))

table 3 : explain SELECT DISTINCT c FROM sbtest3 WHERE id BETWEEN 4630299 AND 4631298 ORDER BY c
	Unique  (cost=3944.58..3949.62 rows=1009 width=121)
	  ->  Sort  (cost=3944.58..3947.10 rows=1009 width=121)
	        Sort Key: c
	        ->  Bitmap Heap Scan on sbtest3  (cost=22.78..3894.24 rows=1009 width=121)
	              Recheck Cond: ((id >= 4630299) AND (id <= 4631298))
	              ->  Bitmap Index Scan on sbtest3_pkey  (cost=0.00..22.52 rows=1009 width=0)
	                    Index Cond: ((id >= 4630299) AND (id <= 4631298))

table 4 : explain SELECT DISTINCT c FROM sbtest4 WHERE id BETWEEN 6837588 AND 6838587 ORDER BY c
	Unique  (cost=4120.18..4125.45 rows=1055 width=121)
	  ->  Sort  (cost=4120.18..4122.81 rows=1055 width=121)
	        Sort Key: c
	        ->  Bitmap Heap Scan on sbtest4  (cost=23.25..4067.20 rows=1055 width=121)
	              Recheck Cond: ((id >= 6837588) AND (id <= 6838587))
	              ->  Bitmap Index Scan on sbtest4_pkey  (cost=0.00..22.98 rows=1055 width=0)
	                    Index Cond: ((id >= 6837588) AND (id <= 6838587))

table 5 : explain SELECT DISTINCT c FROM sbtest5 WHERE id BETWEEN 8075754 AND 8076753 ORDER BY c
	Unique  (cost=4396.48..4402.11 rows=1127 width=121)
	  ->  Sort  (cost=4396.48..4399.29 rows=1127 width=121)
	        Sort Key: c
	        ->  Bitmap Heap Scan on sbtest5  (cost=27.99..4339.35 rows=1127 width=121)
	              Recheck Cond: ((id >= 8075754) AND (id <= 8076753))
	              ->  Bitmap Index Scan on sbtest5_pkey  (cost=0.00..27.70 rows=1127 width=0)
	                    Index Cond: ((id >= 8075754) AND (id <= 8076753))

table 6 : explain SELECT DISTINCT c FROM sbtest6 WHERE id BETWEEN 7335135 AND 7336134 ORDER BY c
	Unique  (cost=3730.80..3735.56 rows=953 width=121)
	  ->  Sort  (cost=3730.80..3733.18 rows=953 width=121)
	        Sort Key: c
	        ->  Bitmap Heap Scan on sbtest6  (cost=22.20..3683.64 rows=953 width=121)
	              Recheck Cond: ((id >= 7335135) AND (id <= 7336134))
	              ->  Bitmap Index Scan on sbtest6_pkey  (cost=0.00..21.96 rows=953 width=0)
	                    Index Cond: ((id >= 7335135) AND (id <= 7336134))

table 7 : explain SELECT DISTINCT c FROM sbtest7 WHERE id BETWEEN 7605374 AND 7606373 ORDER BY c
	Unique  (cost=3961.44..3966.50 rows=1013 width=121)
	  ->  Sort  (cost=3961.44..3963.97 rows=1013 width=121)
	        Sort Key: c
	        ->  Bitmap Heap Scan on sbtest7  (cost=22.82..3910.87 rows=1013 width=121)
	              Recheck Cond: ((id >= 7605374) AND (id <= 7606373))
	              ->  Bitmap Index Scan on sbtest7_pkey  (cost=0.00..22.57 rows=1013 width=0)
	                    Index Cond: ((id >= 7605374) AND (id <= 7606373))

table 8 : explain SELECT DISTINCT c FROM sbtest8 WHERE id BETWEEN 7845176 AND 7846175 ORDER BY c
	Unique  (cost=3900.13..3905.12 rows=997 width=121)
	  ->  Sort  (cost=3900.13..3902.63 rows=997 width=121)
	        Sort Key: c
	        ->  Bitmap Heap Scan on sbtest8  (cost=22.65..3850.48 rows=997 width=121)
	              Recheck Cond: ((id >= 7845176) AND (id <= 7846175))
	              ->  Bitmap Index Scan on sbtest8_pkey  (cost=0.00..22.40 rows=997 width=0)
	                    Index Cond: ((id >= 7845176) AND (id <= 7846175))

for: order_ranges
table 1 : explain SELECT c FROM sbtest1 WHERE id BETWEEN 8097943 AND 8098942 ORDER BY c
	Sort  (cost=3772.67..3775.08 rows=964 width=121)
	  Sort Key: c
	  ->  Bitmap Heap Scan on sbtest1  (cost=22.32..3724.89 rows=964 width=121)
	        Recheck Cond: ((id >= 8097943) AND (id <= 8098942))
	        ->  Bitmap Index Scan on sbtest1_pkey  (cost=0.00..22.07 rows=964 width=0)
	              Index Cond: ((id >= 8097943) AND (id <= 8098942))

table 2 : explain SELECT c FROM sbtest2 WHERE id BETWEEN 8617406 AND 8618405 ORDER BY c
	Sort  (cost=4112.50..4115.13 rows=1053 width=121)
	  Sort Key: c
	  ->  Bitmap Heap Scan on sbtest2  (cost=23.23..4059.64 rows=1053 width=121)
	        Recheck Cond: ((id >= 8617406) AND (id <= 8618405))
	        ->  Bitmap Index Scan on sbtest2_pkey  (cost=0.00..22.96 rows=1053 width=0)
	              Index Cond: ((id >= 8617406) AND (id <= 8618405))

table 3 : explain SELECT c FROM sbtest3 WHERE id BETWEEN 336263 AND 337262 ORDER BY c
	Sort  (cost=3676.81..3679.16 rows=939 width=121)
	  Sort Key: c
	  ->  Bitmap Heap Scan on sbtest3  (cost=22.06..3630.45 rows=939 width=121)
	        Recheck Cond: ((id >= 336263) AND (id <= 337262))
	        ->  Bitmap Index Scan on sbtest3_pkey  (cost=0.00..21.82 rows=939 width=0)
	              Index Cond: ((id >= 336263) AND (id <= 337262))

table 4 : explain SELECT c FROM sbtest4 WHERE id BETWEEN 883370 AND 884369 ORDER BY c
	Sort  (cost=4165.95..4168.62 rows=1067 width=121)
	  Sort Key: c
	  ->  Bitmap Heap Scan on sbtest4  (cost=23.37..4112.29 rows=1067 width=121)
	        Recheck Cond: ((id >= 883370) AND (id <= 884369))
	        ->  Bitmap Index Scan on sbtest4_pkey  (cost=0.00..23.11 rows=1067 width=0)
	              Index Cond: ((id >= 883370) AND (id <= 884369))

table 5 : explain SELECT c FROM sbtest5 WHERE id BETWEEN 3464902 AND 3465901 ORDER BY c
	Sort  (cost=3896.22..3898.71 rows=996 width=121)
	  Sort Key: c
	  ->  Bitmap Heap Scan on sbtest5  (cost=22.64..3846.62 rows=996 width=121)
	        Recheck Cond: ((id >= 3464902) AND (id <= 3465901))
	        ->  Bitmap Index Scan on sbtest5_pkey  (cost=0.00..22.39 rows=996 width=0)
	              Index Cond: ((id >= 3464902) AND (id <= 3465901))

table 6 : explain SELECT c FROM sbtest6 WHERE id BETWEEN 9503968 AND 9504967 ORDER BY c
	Sort  (cost=3784.38..3786.80 rows=967 width=121)
	  Sort Key: c
	  ->  Bitmap Heap Scan on sbtest6  (cost=22.35..3736.43 rows=967 width=121)
	        Recheck Cond: ((id >= 9503968) AND (id <= 9504967))
	        ->  Bitmap Index Scan on sbtest6_pkey  (cost=0.00..22.11 rows=967 width=0)
	              Index Cond: ((id >= 9503968) AND (id <= 9504967))

table 7 : explain SELECT c FROM sbtest7 WHERE id BETWEEN 6232648 AND 6233647 ORDER BY c
	Sort  (cost=4037.87..4040.45 rows=1033 width=121)
	  Sort Key: c
	  ->  Bitmap Heap Scan on sbtest7  (cost=23.02..3986.15 rows=1033 width=121)
	        Recheck Cond: ((id >= 6232648) AND (id <= 6233647))
	        ->  Bitmap Index Scan on sbtest7_pkey  (cost=0.00..22.76 rows=1033 width=0)
	              Index Cond: ((id >= 6232648) AND (id <= 6233647))

table 8 : explain SELECT c FROM sbtest8 WHERE id BETWEEN 3993367 AND 3994366 ORDER BY c
	Sort  (cost=3701.09..3703.45 rows=945 width=121)
	  Sort Key: c
	  ->  Bitmap Heap Scan on sbtest8  (cost=22.12..3654.39 rows=945 width=121)
	        Recheck Cond: ((id >= 3993367) AND (id <= 3994366))
	        ->  Bitmap Index Scan on sbtest8_pkey  (cost=0.00..21.89 rows=945 width=0)
	              Index Cond: ((id >= 3993367) AND (id <= 3994366))

for: sum_ranges
table 1 : explain SELECT SUM(k) FROM sbtest1 WHERE id BETWEEN 3665431 AND 3666430
	Aggregate  (cost=4205.36..4205.37 rows=1 width=8)
	  ->  Bitmap Heap Scan on sbtest1  (cost=23.62..4202.63 rows=1091 width=4)
	        Recheck Cond: ((id >= 3665431) AND (id <= 3666430))
	        ->  Bitmap Index Scan on sbtest1_pkey  (cost=0.00..23.34 rows=1091 width=0)
	              Index Cond: ((id >= 3665431) AND (id <= 3666430))

table 2 : explain SELECT SUM(k) FROM sbtest2 WHERE id BETWEEN 5935930 AND 5936929
	Aggregate  (cost=3776.09..3776.10 rows=1 width=8)
	  ->  Bitmap Heap Scan on sbtest2  (cost=22.45..3773.65 rows=977 width=4)
	        Recheck Cond: ((id >= 5935930) AND (id <= 5936929))
	        ->  Bitmap Index Scan on sbtest2_pkey  (cost=0.00..22.20 rows=977 width=0)
	              Index Cond: ((id >= 5935930) AND (id <= 5936929))

table 3 : explain SELECT SUM(k) FROM sbtest3 WHERE id BETWEEN 8101623 AND 8102622
	Aggregate  (cost=4099.95..4099.96 rows=1 width=8)
	  ->  Bitmap Heap Scan on sbtest3  (cost=23.33..4097.30 rows=1063 width=4)
	        Recheck Cond: ((id >= 8101623) AND (id <= 8102622))
	        ->  Bitmap Index Scan on sbtest3_pkey  (cost=0.00..23.07 rows=1063 width=0)
	              Index Cond: ((id >= 8101623) AND (id <= 8102622))

table 4 : explain SELECT SUM(k) FROM sbtest4 WHERE id BETWEEN 7402076 AND 7403075
	Aggregate  (cost=3519.44..3519.45 rows=1 width=8)
	  ->  Bitmap Heap Scan on sbtest4  (cost=21.75..3517.17 rows=909 width=4)
	        Recheck Cond: ((id >= 7402076) AND (id <= 7403075))
	        ->  Bitmap Index Scan on sbtest4_pkey  (cost=0.00..21.52 rows=909 width=0)
	              Index Cond: ((id >= 7402076) AND (id <= 7403075))

table 5 : explain SELECT SUM(k) FROM sbtest5 WHERE id BETWEEN 8381628 AND 8382627
	Aggregate  (cost=4540.94..4540.95 rows=1 width=8)
	  ->  Bitmap Heap Scan on sbtest5  (cost=28.53..4537.99 rows=1180 width=4)
	        Recheck Cond: ((id >= 8381628) AND (id <= 8382627))
	        ->  Bitmap Index Scan on sbtest5_pkey  (cost=0.00..28.23 rows=1180 width=0)
	              Index Cond: ((id >= 8381628) AND (id <= 8382627))

table 6 : explain SELECT SUM(k) FROM sbtest6 WHERE id BETWEEN 1478521 AND 1479520
	Aggregate  (cost=3870.81..3870.82 rows=1 width=8)
	  ->  Bitmap Heap Scan on sbtest6  (cost=22.71..3868.30 rows=1002 width=4)
	        Recheck Cond: ((id >= 1478521) AND (id <= 1479520))
	        ->  Bitmap Index Scan on sbtest6_pkey  (cost=0.00..22.45 rows=1002 width=0)
	              Index Cond: ((id >= 1478521) AND (id <= 1479520))

table 7 : explain SELECT SUM(k) FROM sbtest7 WHERE id BETWEEN 1676142 AND 1677141
	Aggregate  (cost=3871.94..3871.95 rows=1 width=8)
	  ->  Bitmap Heap Scan on sbtest7  (cost=22.71..3869.44 rows=1002 width=4)
	        Recheck Cond: ((id >= 1676142) AND (id <= 1677141))
	        ->  Bitmap Index Scan on sbtest7_pkey  (cost=0.00..22.45 rows=1002 width=0)
	              Index Cond: ((id >= 1676142) AND (id <= 1677141))

table 8 : explain SELECT SUM(k) FROM sbtest8 WHERE id BETWEEN 1836768 AND 1837767
	Aggregate  (cost=4176.96..4176.97 rows=1 width=8)
	  ->  Bitmap Heap Scan on sbtest8  (cost=27.53..4174.26 rows=1082 width=4)
	        Recheck Cond: ((id >= 1836768) AND (id <= 1837767))
	        ->  Bitmap Index Scan on sbtest8_pkey  (cost=0.00..27.25 rows=1082 width=0)
	              Index Cond: ((id >= 1836768) AND (id <= 1837767))

for: order_ranges
table 1 : explain SELECT c FROM sbtest1 WHERE id BETWEEN 8956957 AND 8957956 ORDER BY c
	Sort  (cost=3963.85..3966.39 rows=1014 width=121)
	  Sort Key: c
	  ->  Bitmap Heap Scan on sbtest1  (cost=22.83..3913.23 rows=1014 width=121)
	        Recheck Cond: ((id >= 8956957) AND (id <= 8957956))
	        ->  Bitmap Index Scan on sbtest1_pkey  (cost=0.00..22.57 rows=1014 width=0)
	              Index Cond: ((id >= 8956957) AND (id <= 8957956))

table 2 : explain SELECT c FROM sbtest2 WHERE id BETWEEN 3138133 AND 3139132 ORDER BY c
	Sort  (cost=3833.64..3836.09 rows=980 width=121)
	  Sort Key: c
	  ->  Bitmap Heap Scan on sbtest2  (cost=22.48..3784.96 rows=980 width=121)
	        Recheck Cond: ((id >= 3138133) AND (id <= 3139132))
	        ->  Bitmap Index Scan on sbtest2_pkey  (cost=0.00..22.23 rows=980 width=0)
	              Index Cond: ((id >= 3138133) AND (id <= 3139132))

table 3 : explain SELECT c FROM sbtest3 WHERE id BETWEEN 535181 AND 536180 ORDER BY c
	Sort  (cost=3699.79..3702.15 rows=945 width=121)
	  Sort Key: c
	  ->  Bitmap Heap Scan on sbtest3  (cost=22.12..3653.08 rows=945 width=121)
	        Recheck Cond: ((id >= 535181) AND (id <= 536180))
	        ->  Bitmap Index Scan on sbtest3_pkey  (cost=0.00..21.89 rows=945 width=0)
	              Index Cond: ((id >= 535181) AND (id <= 536180))

table 4 : explain SELECT c FROM sbtest4 WHERE id BETWEEN 4447062 AND 4448061 ORDER BY c
	Sort  (cost=4204.09..4206.78 rows=1077 width=121)
	  Sort Key: c
	  ->  Bitmap Heap Scan on sbtest4  (cost=23.47..4149.84 rows=1077 width=121)
	        Recheck Cond: ((id >= 4447062) AND (id <= 4448061))
	        ->  Bitmap Index Scan on sbtest4_pkey  (cost=0.00..23.20 rows=1077 width=0)
	              Index Cond: ((id >= 4447062) AND (id <= 4448061))

table 5 : explain SELECT c FROM sbtest5 WHERE id BETWEEN 415442 AND 416441 ORDER BY c
	Sort  (cost=3808.22..3810.65 rows=973 width=121)
	  Sort Key: c
	  ->  Bitmap Heap Scan on sbtest5  (cost=22.41..3759.93 rows=973 width=121)
	        Recheck Cond: ((id >= 415442) AND (id <= 416441))
	        ->  Bitmap Index Scan on sbtest5_pkey  (cost=0.00..22.16 rows=973 width=0)
	              Index Cond: ((id >= 415442) AND (id <= 416441))

table 6 : explain SELECT c FROM sbtest6 WHERE id BETWEEN 2205146 AND 2206145 ORDER BY c
	Sort  (cost=3983.21..3985.75 rows=1019 width=121)
	  Sort Key: c
	  ->  Bitmap Heap Scan on sbtest6  (cost=22.88..3932.29 rows=1019 width=121)
	        Recheck Cond: ((id >= 2205146) AND (id <= 2206145))
	        ->  Bitmap Index Scan on sbtest6_pkey  (cost=0.00..22.62 rows=1019 width=0)
	              Index Cond: ((id >= 2205146) AND (id <= 2206145))

table 7 : explain SELECT c FROM sbtest7 WHERE id BETWEEN 753741 AND 754740 ORDER BY c
	Sort  (cost=4160.06..4162.72 rows=1065 width=121)
	  Sort Key: c
	  ->  Bitmap Heap Scan on sbtest7  (cost=23.35..4106.51 rows=1065 width=121)
	        Recheck Cond: ((id >= 753741) AND (id <= 754740))
	        ->  Bitmap Index Scan on sbtest7_pkey  (cost=0.00..23.08 rows=1065 width=0)
	              Index Cond: ((id >= 753741) AND (id <= 754740))

table 8 : explain SELECT c FROM sbtest8 WHERE id BETWEEN 2203562 AND 2204561 ORDER BY c
	Sort  (cost=4053.02..4055.61 rows=1037 width=121)
	  Sort Key: c
	  ->  Bitmap Heap Scan on sbtest8  (cost=23.06..4001.08 rows=1037 width=121)
	        Recheck Cond: ((id >= 2203562) AND (id <= 2204561))
	        ->  Bitmap Index Scan on sbtest8_pkey  (cost=0.00..22.80 rows=1037 width=0)
	              Index Cond: ((id >= 2203562) AND (id <= 2204561))

for: order_ranges
table 1 : explain SELECT c FROM sbtest1 WHERE id BETWEEN 9980177 AND 9981176 ORDER BY c
	Sort  (cost=3841.53..3843.99 rows=982 width=121)
	  Sort Key: c
	  ->  Bitmap Heap Scan on sbtest1  (cost=22.50..3792.73 rows=982 width=121)
	        Recheck Cond: ((id >= 9980177) AND (id <= 9981176))
	        ->  Bitmap Index Scan on sbtest1_pkey  (cost=0.00..22.25 rows=982 width=0)
	              Index Cond: ((id >= 9980177) AND (id <= 9981176))

table 2 : explain SELECT c FROM sbtest2 WHERE id BETWEEN 742753 AND 743752 ORDER BY c
	Sort  (cost=4150.65..4153.30 rows=1063 width=121)
	  Sort Key: c
	  ->  Bitmap Heap Scan on sbtest2  (cost=23.33..4097.21 rows=1063 width=121)
	        Recheck Cond: ((id >= 742753) AND (id <= 743752))
	        ->  Bitmap Index Scan on sbtest2_pkey  (cost=0.00..23.07 rows=1063 width=0)
	              Index Cond: ((id >= 742753) AND (id <= 743752))

table 3 : explain SELECT c FROM sbtest3 WHERE id BETWEEN 1932078 AND 1933077 ORDER BY c
	Sort  (cost=4062.97..4065.57 rows=1040 width=121)
	  Sort Key: c
	  ->  Bitmap Heap Scan on sbtest3  (cost=23.09..4010.85 rows=1040 width=121)
	        Recheck Cond: ((id >= 1932078) AND (id <= 1933077))
	        ->  Bitmap Index Scan on sbtest3_pkey  (cost=0.00..22.83 rows=1040 width=0)
	              Index Cond: ((id >= 1932078) AND (id <= 1933077))

table 4 : explain SELECT c FROM sbtest4 WHERE id BETWEEN 5223315 AND 5224314 ORDER BY c
	Sort  (cost=3875.75..3878.23 rows=991 width=121)
	  Sort Key: c
	  ->  Bitmap Heap Scan on sbtest4  (cost=22.59..3826.43 rows=991 width=121)
	        Recheck Cond: ((id >= 5223315) AND (id <= 5224314))
	        ->  Bitmap Index Scan on sbtest4_pkey  (cost=0.00..22.34 rows=991 width=0)
	              Index Cond: ((id >= 5223315) AND (id <= 5224314))

table 5 : explain SELECT c FROM sbtest5 WHERE id BETWEEN 8811521 AND 8812520 ORDER BY c
	Sort  (cost=3846.49..3848.95 rows=983 width=121)
	  Sort Key: c
	  ->  Bitmap Heap Scan on sbtest5  (cost=22.51..3797.63 rows=983 width=121)
	        Recheck Cond: ((id >= 8811521) AND (id <= 8812520))
	        ->  Bitmap Index Scan on sbtest5_pkey  (cost=0.00..22.26 rows=983 width=0)
	              Index Cond: ((id >= 8811521) AND (id <= 8812520))

table 6 : explain SELECT c FROM sbtest6 WHERE id BETWEEN 9306482 AND 9307481 ORDER BY c
	Sort  (cost=3945.00..3947.52 rows=1009 width=121)
	  Sort Key: c
	  ->  Bitmap Heap Scan on sbtest6  (cost=22.78..3894.66 rows=1009 width=121)
	        Recheck Cond: ((id >= 9306482) AND (id <= 9307481))
	        ->  Bitmap Index Scan on sbtest6_pkey  (cost=0.00..22.52 rows=1009 width=0)
	              Index Cond: ((id >= 9306482) AND (id <= 9307481))

table 7 : explain SELECT c FROM sbtest7 WHERE id BETWEEN 8034274 AND 8035273 ORDER BY c
	Sort  (cost=4297.57..4300.32 rows=1100 width=121)
	  Sort Key: c
	  ->  Bitmap Heap Scan on sbtest7  (cost=27.71..4242.00 rows=1100 width=121)
	        Recheck Cond: ((id >= 8034274) AND (id <= 8035273))
	        ->  Bitmap Index Scan on sbtest7_pkey  (cost=0.00..27.43 rows=1100 width=0)
	              Index Cond: ((id >= 8034274) AND (id <= 8035273))

table 8 : explain SELECT c FROM sbtest8 WHERE id BETWEEN 3348986 AND 3349985 ORDER BY c
	Sort  (cost=3815.97..3818.40 rows=975 width=121)
	  Sort Key: c
	  ->  Bitmap Heap Scan on sbtest8  (cost=22.43..3767.56 rows=975 width=121)
	        Recheck Cond: ((id >= 3348986) AND (id <= 3349985))
	        ->  Bitmap Index Scan on sbtest8_pkey  (cost=0.00..22.18 rows=975 width=0)
	              Index Cond: ((id >= 3348986) AND (id <= 3349985))

for: simple_ranges
table 1 : explain SELECT c FROM sbtest1 WHERE id BETWEEN 9334290 AND 9335289
	Bitmap Heap Scan on sbtest1  (cost=22.36..3739.97 rows=968 width=121)
	  Recheck Cond: ((id >= 9334290) AND (id <= 9335289))
	  ->  Bitmap Index Scan on sbtest1_pkey  (cost=0.00..22.11 rows=968 width=0)
	        Index Cond: ((id >= 9334290) AND (id <= 9335289))

table 2 : explain SELECT c FROM sbtest2 WHERE id BETWEEN 8288900 AND 8289899
	Bitmap Heap Scan on sbtest2  (cost=23.33..4097.21 rows=1063 width=121)
	  Recheck Cond: ((id >= 8288900) AND (id <= 8289899))
	  ->  Bitmap Index Scan on sbtest2_pkey  (cost=0.00..23.07 rows=1063 width=0)
	        Index Cond: ((id >= 8288900) AND (id <= 8289899))

table 3 : explain SELECT c FROM sbtest3 WHERE id BETWEEN 7975498 AND 7976497
	Bitmap Heap Scan on sbtest3  (cost=23.03..3988.29 rows=1034 width=121)
	  Recheck Cond: ((id >= 7975498) AND (id <= 7976497))
	  ->  Bitmap Index Scan on sbtest3_pkey  (cost=0.00..22.77 rows=1034 width=0)
	        Index Cond: ((id >= 7975498) AND (id <= 7976497))

table 4 : explain SELECT c FROM sbtest4 WHERE id BETWEEN 7936454 AND 7937453
	Bitmap Heap Scan on sbtest4  (cost=21.64..3475.61 rows=898 width=121)
	  Recheck Cond: ((id >= 7936454) AND (id <= 7937453))
	  ->  Bitmap Index Scan on sbtest4_pkey  (cost=0.00..21.41 rows=898 width=0)
	        Index Cond: ((id >= 7936454) AND (id <= 7937453))

table 5 : explain SELECT c FROM sbtest5 WHERE id BETWEEN 4790792 AND 4791791
	Bitmap Heap Scan on sbtest5  (cost=22.07..3635.43 rows=940 width=121)
	  Recheck Cond: ((id >= 4790792) AND (id <= 4791791))
	  ->  Bitmap Index Scan on sbtest5_pkey  (cost=0.00..21.83 rows=940 width=0)
	        Index Cond: ((id >= 4790792) AND (id <= 4791791))

table 6 : explain SELECT c FROM sbtest6 WHERE id BETWEEN 1149210 AND 1150209
	Bitmap Heap Scan on sbtest6  (cost=21.32..3358.77 rows=867 width=121)
	  Recheck Cond: ((id >= 1149210) AND (id <= 1150209))
	  ->  Bitmap Index Scan on sbtest6_pkey  (cost=0.00..21.11 rows=867 width=0)
	        Index Cond: ((id >= 1149210) AND (id <= 1150209))

table 7 : explain SELECT c FROM sbtest7 WHERE id BETWEEN 8642508 AND 8643507
	Bitmap Heap Scan on sbtest7  (cost=22.45..3775.22 rows=977 width=121)
	  Recheck Cond: ((id >= 8642508) AND (id <= 8643507))
	  ->  Bitmap Index Scan on sbtest7_pkey  (cost=0.00..22.20 rows=977 width=0)
	        Index Cond: ((id >= 8642508) AND (id <= 8643507))

table 8 : explain SELECT c FROM sbtest8 WHERE id BETWEEN 8677899 AND 8678898
	Bitmap Heap Scan on sbtest8  (cost=22.21..3688.35 rows=954 width=121)
	  Recheck Cond: ((id >= 8677899) AND (id <= 8678898))
	  ->  Bitmap Index Scan on sbtest8_pkey  (cost=0.00..21.97 rows=954 width=0)
	        Index Cond: ((id >= 8677899) AND (id <= 8678898))

explain: for point_selects :: explain SELECT c FROM sbtest%u WHERE id=%u
for: order_ranges
table 1 : explain SELECT c FROM sbtest1 WHERE id BETWEEN 8638229 AND 8639228 ORDER BY c
	Sort  (cost=3853.01..3855.47 rows=985 width=121)
	  Sort Key: c
	  ->  Bitmap Heap Scan on sbtest1  (cost=22.53..3804.03 rows=985 width=121)
	        Recheck Cond: ((id >= 8638229) AND (id <= 8639228))
	        ->  Bitmap Index Scan on sbtest1_pkey  (cost=0.00..22.29 rows=985 width=0)
	              Index Cond: ((id >= 8638229) AND (id <= 8639228))

table 2 : explain SELECT c FROM sbtest2 WHERE id BETWEEN 5284545 AND 5285544 ORDER BY c
	Sort  (cost=3975.06..3977.61 rows=1017 width=121)
	  Sort Key: c
	  ->  Bitmap Heap Scan on sbtest2  (cost=22.86..3924.26 rows=1017 width=121)
	        Recheck Cond: ((id >= 5284545) AND (id <= 5285544))
	        ->  Bitmap Index Scan on sbtest2_pkey  (cost=0.00..22.61 rows=1017 width=0)
	              Index Cond: ((id >= 5284545) AND (id <= 5285544))

table 3 : explain SELECT c FROM sbtest3 WHERE id BETWEEN 4279332 AND 4280331 ORDER BY c
	Sort  (cost=3787.82..3790.24 rows=968 width=121)
	  Sort Key: c
	  ->  Bitmap Heap Scan on sbtest3  (cost=22.36..3739.81 rows=968 width=121)
	        Recheck Cond: ((id >= 4279332) AND (id <= 4280331))
	        ->  Bitmap Index Scan on sbtest3_pkey  (cost=0.00..22.11 rows=968 width=0)
	              Index Cond: ((id >= 4279332) AND (id <= 4280331))

table 4 : explain SELECT c FROM sbtest4 WHERE id BETWEEN 5377202 AND 5378201 ORDER BY c
	Sort  (cost=4051.48..4054.07 rows=1037 width=121)
	  Sort Key: c
	  ->  Bitmap Heap Scan on sbtest4  (cost=23.06..3999.54 rows=1037 width=121)
	        Recheck Cond: ((id >= 5377202) AND (id <= 5378201))
	        ->  Bitmap Index Scan on sbtest4_pkey  (cost=0.00..22.80 rows=1037 width=0)
	              Index Cond: ((id >= 5377202) AND (id <= 5378201))

table 5 : explain SELECT c FROM sbtest5 WHERE id BETWEEN 1739063 AND 1740062 ORDER BY c
	Sort  (cost=3976.51..3979.05 rows=1017 width=121)
	  Sort Key: c
	  ->  Bitmap Heap Scan on sbtest5  (cost=22.86..3925.71 rows=1017 width=121)
	        Recheck Cond: ((id >= 1739063) AND (id <= 1740062))
	        ->  Bitmap Index Scan on sbtest5_pkey  (cost=0.00..22.61 rows=1017 width=0)
	              Index Cond: ((id >= 1739063) AND (id <= 1740062))

table 6 : explain SELECT c FROM sbtest6 WHERE id BETWEEN 279801 AND 280800 ORDER BY c
	Sort  (cost=3868.54..3871.01 rows=989 width=121)
	  Sort Key: c
	  ->  Bitmap Heap Scan on sbtest6  (cost=22.57..3819.34 rows=989 width=121)
	        Recheck Cond: ((id >= 279801) AND (id <= 280800))
	        ->  Bitmap Index Scan on sbtest6_pkey  (cost=0.00..22.32 rows=989 width=0)
	              Index Cond: ((id >= 279801) AND (id <= 280800))

table 7 : explain SELECT c FROM sbtest7 WHERE id BETWEEN 6389027 AND 6390026 ORDER BY c
	Sort  (cost=4190.59..4193.27 rows=1073 width=121)
	  Sort Key: c
	  ->  Bitmap Heap Scan on sbtest7  (cost=23.43..4136.58 rows=1073 width=121)
	        Recheck Cond: ((id >= 6389027) AND (id <= 6390026))
	        ->  Bitmap Index Scan on sbtest7_pkey  (cost=0.00..23.16 rows=1073 width=0)
	              Index Cond: ((id >= 6389027) AND (id <= 6390026))

table 8 : explain SELECT c FROM sbtest8 WHERE id BETWEEN 4640468 AND 4641467 ORDER BY c
	Sort  (cost=4240.23..4242.94 rows=1085 width=121)
	  Sort Key: c
	  ->  Bitmap Heap Scan on sbtest8  (cost=27.56..4185.53 rows=1085 width=121)
	        Recheck Cond: ((id >= 4640468) AND (id <= 4641467))
	        ->  Bitmap Index Scan on sbtest8_pkey  (cost=0.00..27.29 rows=1085 width=0)
	              Index Cond: ((id >= 4640468) AND (id <= 4641467))

explain: for point_selects :: explain SELECT c FROM sbtest%u WHERE id=%u
for: simple_ranges
table 1 : explain SELECT c FROM sbtest1 WHERE id BETWEEN 127429 AND 128428
	Bitmap Heap Scan on sbtest1  (cost=22.80..3901.94 rows=1011 width=121)
	  Recheck Cond: ((id >= 127429) AND (id <= 128428))
	  ->  Bitmap Index Scan on sbtest1_pkey  (cost=0.00..22.54 rows=1011 width=0)
	        Index Cond: ((id >= 127429) AND (id <= 128428))

table 2 : explain SELECT c FROM sbtest2 WHERE id BETWEEN 6154602 AND 6155601
	Bitmap Heap Scan on sbtest2  (cost=23.37..4112.24 rows=1067 width=121)
	  Recheck Cond: ((id >= 6154602) AND (id <= 6155601))
	  ->  Bitmap Index Scan on sbtest2_pkey  (cost=0.00..23.11 rows=1067 width=0)
	        Index Cond: ((id >= 6154602) AND (id <= 6155601))

table 3 : explain SELECT c FROM sbtest3 WHERE id BETWEEN 9181495 AND 9182494
	Bitmap Heap Scan on sbtest3  (cost=22.88..3931.87 rows=1019 width=121)
	  Recheck Cond: ((id >= 9181495) AND (id <= 9182494))
	  ->  Bitmap Index Scan on sbtest3_pkey  (cost=0.00..22.62 rows=1019 width=0)
	        Index Cond: ((id >= 9181495) AND (id <= 9182494))

table 4 : explain SELECT c FROM sbtest4 WHERE id BETWEEN 867352 AND 868351
	Bitmap Heap Scan on sbtest4  (cost=23.37..4112.29 rows=1067 width=121)
	  Recheck Cond: ((id >= 867352) AND (id <= 868351))
	  ->  Bitmap Index Scan on sbtest4_pkey  (cost=0.00..23.11 rows=1067 width=0)
	        Index Cond: ((id >= 867352) AND (id <= 868351))

table 5 : explain SELECT c FROM sbtest5 WHERE id BETWEEN 2773988 AND 2774987
	Bitmap Heap Scan on sbtest5  (cost=21.99..3605.23 rows=932 width=121)
	  Recheck Cond: ((id >= 2773988) AND (id <= 2774987))
	  ->  Bitmap Index Scan on sbtest5_pkey  (cost=0.00..21.75 rows=932 width=0)
	        Index Cond: ((id >= 2773988) AND (id <= 2774987))

table 6 : explain SELECT c FROM sbtest6 WHERE id BETWEEN 1638081 AND 1639080
	Bitmap Heap Scan on sbtest6  (cost=22.29..3713.81 rows=961 width=121)
	  Recheck Cond: ((id >= 1638081) AND (id <= 1639080))
	  ->  Bitmap Index Scan on sbtest6_pkey  (cost=0.00..22.04 rows=961 width=0)
	        Index Cond: ((id >= 1638081) AND (id <= 1639080))

table 7 : explain SELECT c FROM sbtest7 WHERE id BETWEEN 9535688 AND 9536687
	Bitmap Heap Scan on sbtest7  (cost=28.14..4395.86 rows=1142 width=121)
	  Recheck Cond: ((id >= 9535688) AND (id <= 9536687))
	  ->  Bitmap Index Scan on sbtest7_pkey  (cost=0.00..27.86 rows=1142 width=0)
	        Index Cond: ((id >= 9535688) AND (id <= 9536687))

table 8 : explain SELECT c FROM sbtest8 WHERE id BETWEEN 4059572 AND 4060571
	Bitmap Heap Scan on sbtest8  (cost=22.12..3654.39 rows=945 width=121)
	  Recheck Cond: ((id >= 4059572) AND (id <= 4060571))
	  ->  Bitmap Index Scan on sbtest8_pkey  (cost=0.00..21.89 rows=945 width=0)
	        Index Cond: ((id >= 4059572) AND (id <= 4060571))

for: sum_ranges
table 1 : explain SELECT SUM(k) FROM sbtest1 WHERE id BETWEEN 3321104 AND 3322103
	Aggregate  (cost=3700.89..3700.90 rows=1 width=8)
	  ->  Bitmap Heap Scan on sbtest1  (cost=22.24..3698.50 rows=957 width=4)
	        Recheck Cond: ((id >= 3321104) AND (id <= 3322103))
	        ->  Bitmap Index Scan on sbtest1_pkey  (cost=0.00..22.00 rows=957 width=0)
	              Index Cond: ((id >= 3321104) AND (id <= 3322103))

table 2 : explain SELECT SUM(k) FROM sbtest2 WHERE id BETWEEN 5180189 AND 5181188
	Aggregate  (cost=3730.84..3730.85 rows=1 width=8)
	  ->  Bitmap Heap Scan on sbtest2  (cost=22.33..3728.43 rows=965 width=4)
	        Recheck Cond: ((id >= 5180189) AND (id <= 5181188))
	        ->  Bitmap Index Scan on sbtest2_pkey  (cost=0.00..22.08 rows=965 width=0)
	              Index Cond: ((id >= 5180189) AND (id <= 5181188))

table 3 : explain SELECT SUM(k) FROM sbtest3 WHERE id BETWEEN 1722093 AND 1723092
	Aggregate  (cost=3851.55..3851.56 rows=1 width=8)
	  ->  Bitmap Heap Scan on sbtest3  (cost=22.65..3849.06 rows=997 width=4)
	        Recheck Cond: ((id >= 1722093) AND (id <= 1723092))
	        ->  Bitmap Index Scan on sbtest3_pkey  (cost=0.00..22.40 rows=997 width=0)
	              Index Cond: ((id >= 1722093) AND (id <= 1723092))

table 4 : explain SELECT SUM(k) FROM sbtest4 WHERE id BETWEEN 7626562 AND 7627561
	Aggregate  (cost=3855.29..3855.30 rows=1 width=8)
	  ->  Bitmap Heap Scan on sbtest4  (cost=22.66..3852.79 rows=998 width=4)
	        Recheck Cond: ((id >= 7626562) AND (id <= 7627561))
	        ->  Bitmap Index Scan on sbtest4_pkey  (cost=0.00..22.41 rows=998 width=0)
	              Index Cond: ((id >= 7626562) AND (id <= 7627561))

table 5 : explain SELECT SUM(k) FROM sbtest5 WHERE id BETWEEN 6195561 AND 6196560
	Aggregate  (cost=3871.72..3871.73 rows=1 width=8)
	  ->  Bitmap Heap Scan on sbtest5  (cost=22.71..3869.22 rows=1002 width=4)
	        Recheck Cond: ((id >= 6195561) AND (id <= 6196560))
	        ->  Bitmap Index Scan on sbtest5_pkey  (cost=0.00..22.45 rows=1002 width=0)
	              Index Cond: ((id >= 6195561) AND (id <= 6196560))

table 6 : explain SELECT SUM(k) FROM sbtest6 WHERE id BETWEEN 7772116 AND 7773115
	Aggregate  (cost=4175.58..4175.59 rows=1 width=8)
	  ->  Bitmap Heap Scan on sbtest6  (cost=23.54..4172.87 rows=1083 width=4)
	        Recheck Cond: ((id >= 7772116) AND (id <= 7773115))
	        ->  Bitmap Index Scan on sbtest6_pkey  (cost=0.00..23.26 rows=1083 width=0)
	              Index Cond: ((id >= 7772116) AND (id <= 7773115))

table 7 : explain SELECT SUM(k) FROM sbtest7 WHERE id BETWEEN 2785863 AND 2786862
	Aggregate  (cost=3800.30..3800.31 rows=1 width=8)
	  ->  Bitmap Heap Scan on sbtest7  (cost=22.51..3797.84 rows=983 width=4)
	        Recheck Cond: ((id >= 2785863) AND (id <= 2786862))
	        ->  Bitmap Index Scan on sbtest7_pkey  (cost=0.00..22.26 rows=983 width=0)
	              Index Cond: ((id >= 2785863) AND (id <= 2786862))

table 8 : explain SELECT SUM(k) FROM sbtest8 WHERE id BETWEEN 3531337 AND 3532336
	Aggregate  (cost=3743.58..3743.59 rows=1 width=8)
	  ->  Bitmap Heap Scan on sbtest8  (cost=22.36..3741.16 rows=968 width=4)
	        Recheck Cond: ((id >= 3531337) AND (id <= 3532336))
	        ->  Bitmap Index Scan on sbtest8_pkey  (cost=0.00..22.11 rows=968 width=0)
	              Index Cond: ((id >= 3531337) AND (id <= 3532336))

for: distinct_ranges
table 1 : explain SELECT DISTINCT c FROM sbtest1 WHERE id BETWEEN 6179653 AND 6180652 ORDER BY c
	Unique  (cost=3898.89..3903.87 rows=997 width=121)
	  ->  Sort  (cost=3898.89..3901.38 rows=997 width=121)
	        Sort Key: c
	        ->  Bitmap Heap Scan on sbtest1  (cost=22.65..3849.23 rows=997 width=121)
	              Recheck Cond: ((id >= 6179653) AND (id <= 6180652))
	              ->  Bitmap Index Scan on sbtest1_pkey  (cost=0.00..22.40 rows=997 width=0)
	                    Index Cond: ((id >= 6179653) AND (id <= 6180652))

table 2 : explain SELECT DISTINCT c FROM sbtest2 WHERE id BETWEEN 487589 AND 488588 ORDER BY c
	Unique  (cost=3695.89..3700.61 rows=944 width=121)
	  ->  Sort  (cost=3695.89..3698.25 rows=944 width=121)
	        Sort Key: c
	        ->  Bitmap Heap Scan on sbtest2  (cost=22.11..3649.24 rows=944 width=121)
	              Recheck Cond: ((id >= 487589) AND (id <= 488588))
	              ->  Bitmap Index Scan on sbtest2_pkey  (cost=0.00..21.87 rows=944 width=0)
	                    Index Cond: ((id >= 487589) AND (id <= 488588))

table 3 : explain SELECT DISTINCT c FROM sbtest3 WHERE id BETWEEN 8714229 AND 8715228 ORDER BY c
	Unique  (cost=3936.94..3941.97 rows=1007 width=121)
	  ->  Sort  (cost=3936.94..3939.45 rows=1007 width=121)
	        Sort Key: c
	        ->  Bitmap Heap Scan on sbtest3  (cost=22.76..3886.71 rows=1007 width=121)
	              Recheck Cond: ((id >= 8714229) AND (id <= 8715228))
	              ->  Bitmap Index Scan on sbtest3_pkey  (cost=0.00..22.50 rows=1007 width=0)
	                    Index Cond: ((id >= 8714229) AND (id <= 8715228))

table 4 : explain SELECT DISTINCT c FROM sbtest4 WHERE id BETWEEN 1968016 AND 1969015 ORDER BY c
	Unique  (cost=3810.74..3815.61 rows=974 width=121)
	  ->  Sort  (cost=3810.74..3813.17 rows=974 width=121)
	        Sort Key: c
	        ->  Bitmap Heap Scan on sbtest4  (cost=22.42..3762.39 rows=974 width=121)
	              Recheck Cond: ((id >= 1968016) AND (id <= 1969015))
	              ->  Bitmap Index Scan on sbtest4_pkey  (cost=0.00..22.18 rows=974 width=0)
	                    Index Cond: ((id >= 1968016) AND (id <= 1969015))

table 5 : explain SELECT DISTINCT c FROM sbtest5 WHERE id BETWEEN 2595954 AND 2596953 ORDER BY c
	Unique  (cost=4152.19..4157.50 rows=1063 width=121)
	  ->  Sort  (cost=4152.19..4154.85 rows=1063 width=121)
	        Sort Key: c
	        ->  Bitmap Heap Scan on sbtest5  (cost=23.33..4098.75 rows=1063 width=121)
	              Recheck Cond: ((id >= 2595954) AND (id <= 2596953))
	              ->  Bitmap Index Scan on sbtest5_pkey  (cost=0.00..23.07 rows=1063 width=0)
	                    Index Cond: ((id >= 2595954) AND (id <= 2596953))

table 6 : explain SELECT DISTINCT c FROM sbtest6 WHERE id BETWEEN 9622485 AND 9623484 ORDER BY c
	Unique  (cost=4074.86..4080.08 rows=1043 width=121)
	  ->  Sort  (cost=4074.86..4077.47 rows=1043 width=121)
	        Sort Key: c
	        ->  Bitmap Heap Scan on sbtest6  (cost=23.13..4022.57 rows=1043 width=121)
	              Recheck Cond: ((id >= 9622485) AND (id <= 9623484))
	              ->  Bitmap Index Scan on sbtest6_pkey  (cost=0.00..22.86 rows=1043 width=0)
	                    Index Cond: ((id >= 9622485) AND (id <= 9623484))

table 7 : explain SELECT DISTINCT c FROM sbtest7 WHERE id BETWEEN 6053055 AND 6054054 ORDER BY c
	Unique  (cost=3946.15..3951.19 rows=1009 width=121)
	  ->  Sort  (cost=3946.15..3948.67 rows=1009 width=121)
	        Sort Key: c
	        ->  Bitmap Heap Scan on sbtest7  (cost=22.78..3895.80 rows=1009 width=121)
	              Recheck Cond: ((id >= 6053055) AND (id <= 6054054))
	              ->  Bitmap Index Scan on sbtest7_pkey  (cost=0.00..22.52 rows=1009 width=0)
	                    Index Cond: ((id >= 6053055) AND (id <= 6054054))

table 8 : explain SELECT DISTINCT c FROM sbtest8 WHERE id BETWEEN 3829876 AND 3830875 ORDER BY c
	Unique  (cost=4213.53..4218.92 rows=1078 width=121)
	  ->  Sort  (cost=4213.53..4216.22 rows=1078 width=121)
	        Sort Key: c
	        ->  Bitmap Heap Scan on sbtest8  (cost=27.48..4159.23 rows=1078 width=121)
	              Recheck Cond: ((id >= 3829876) AND (id <= 3830875))
	              ->  Bitmap Index Scan on sbtest8_pkey  (cost=0.00..27.21 rows=1078 width=0)
	                    Index Cond: ((id >= 3829876) AND (id <= 3830875))

for: order_ranges
table 1 : explain SELECT c FROM sbtest1 WHERE id BETWEEN 20552 AND 21551 ORDER BY c
	Sort  (cost=3875.95..3878.43 rows=991 width=121)
	  Sort Key: c
	  ->  Bitmap Heap Scan on sbtest1  (cost=22.59..3826.63 rows=991 width=121)
	        Recheck Cond: ((id >= 20552) AND (id <= 21551))
	        ->  Bitmap Index Scan on sbtest1_pkey  (cost=0.00..22.34 rows=991 width=0)
	              Index Cond: ((id >= 20552) AND (id <= 21551))

table 2 : explain SELECT c FROM sbtest2 WHERE id BETWEEN 9357575 AND 9358574 ORDER BY c
	Sort  (cost=4204.04..4206.73 rows=1077 width=121)
	  Sort Key: c
	  ->  Bitmap Heap Scan on sbtest2  (cost=23.47..4149.79 rows=1077 width=121)
	        Recheck Cond: ((id >= 9357575) AND (id <= 9358574))
	        ->  Bitmap Index Scan on sbtest2_pkey  (cost=0.00..23.20 rows=1077 width=0)
	              Index Cond: ((id >= 9357575) AND (id <= 9358574))

table 3 : explain SELECT c FROM sbtest3 WHERE id BETWEEN 4799385 AND 4800384 ORDER BY c
	Sort  (cost=3852.84..3855.30 rows=985 width=121)
	  Sort Key: c
	  ->  Bitmap Heap Scan on sbtest3  (cost=22.53..3803.87 rows=985 width=121)
	        Recheck Cond: ((id >= 4799385) AND (id <= 4800384))
	        ->  Bitmap Index Scan on sbtest3_pkey  (cost=0.00..22.29 rows=985 width=0)
	              Index Cond: ((id >= 4799385) AND (id <= 4800384))

table 4 : explain SELECT c FROM sbtest4 WHERE id BETWEEN 1643019 AND 1644018 ORDER BY c
	Sort  (cost=4017.12..4019.69 rows=1028 width=121)
	  Sort Key: c
	  ->  Bitmap Heap Scan on sbtest4  (cost=22.97..3965.69 rows=1028 width=121)
	        Recheck Cond: ((id >= 1643019) AND (id <= 1644018))
	        ->  Bitmap Index Scan on sbtest4_pkey  (cost=0.00..22.71 rows=1028 width=0)
	              Index Cond: ((id >= 1643019) AND (id <= 1644018))

table 5 : explain SELECT c FROM sbtest5 WHERE id BETWEEN 7643638 AND 7644637 ORDER BY c
	Sort  (cost=3766.11..3768.52 rows=962 width=121)
	  Sort Key: c
	  ->  Bitmap Heap Scan on sbtest5  (cost=22.30..3718.45 rows=962 width=121)
	        Recheck Cond: ((id >= 7643638) AND (id <= 7644637))
	        ->  Bitmap Index Scan on sbtest5_pkey  (cost=0.00..22.05 rows=962 width=0)
	              Index Cond: ((id >= 7643638) AND (id <= 7644637))

table 6 : explain SELECT c FROM sbtest6 WHERE id BETWEEN 7325352 AND 7326351 ORDER BY c
	Sort  (cost=3730.80..3733.18 rows=953 width=121)
	  Sort Key: c
	  ->  Bitmap Heap Scan on sbtest6  (cost=22.20..3683.64 rows=953 width=121)
	        Recheck Cond: ((id >= 7325352) AND (id <= 7326351))
	        ->  Bitmap Index Scan on sbtest6_pkey  (cost=0.00..21.96 rows=953 width=0)
	              Index Cond: ((id >= 7325352) AND (id <= 7326351))

table 7 : explain SELECT c FROM sbtest7 WHERE id BETWEEN 3318057 AND 3319056 ORDER BY c
	Sort  (cost=3911.73..3914.23 rows=1000 width=121)
	  Sort Key: c
	  ->  Bitmap Heap Scan on sbtest7  (cost=22.68..3861.90 rows=1000 width=121)
	        Recheck Cond: ((id >= 3318057) AND (id <= 3319056))
	        ->  Bitmap Index Scan on sbtest7_pkey  (cost=0.00..22.43 rows=1000 width=0)
	              Index Cond: ((id >= 3318057) AND (id <= 3319056))

table 8 : explain SELECT c FROM sbtest8 WHERE id BETWEEN 6213865 AND 6214864 ORDER BY c
	Sort  (cost=4159.92..4162.59 rows=1065 width=121)
	  Sort Key: c
	  ->  Bitmap Heap Scan on sbtest8  (cost=23.35..4106.37 rows=1065 width=121)
	        Recheck Cond: ((id >= 6213865) AND (id <= 6214864))
	        ->  Bitmap Index Scan on sbtest8_pkey  (cost=0.00..23.08 rows=1065 width=0)
	              Index Cond: ((id >= 6213865) AND (id <= 6214864))

for: simple_ranges
table 1 : explain SELECT c FROM sbtest1 WHERE id BETWEEN 8217087 AND 8218086
	Bitmap Heap Scan on sbtest1  (cost=21.84..3551.33 rows=918 width=121)
	  Recheck Cond: ((id >= 8217087) AND (id <= 8218086))
	  ->  Bitmap Index Scan on sbtest1_pkey  (cost=0.00..21.61 rows=918 width=0)
	        Index Cond: ((id >= 8217087) AND (id <= 8218086))

table 2 : explain SELECT c FROM sbtest2 WHERE id BETWEEN 4182801 AND 4183800
	Bitmap Heap Scan on sbtest2  (cost=23.38..4115.99 rows=1068 width=121)
	  Recheck Cond: ((id >= 4182801) AND (id <= 4183800))
	  ->  Bitmap Index Scan on sbtest2_pkey  (cost=0.00..23.11 rows=1068 width=0)
	        Index Cond: ((id >= 4182801) AND (id <= 4183800))

table 3 : explain SELECT c FROM sbtest3 WHERE id BETWEEN 7980106 AND 7981105
	Bitmap Heap Scan on sbtest3  (cost=23.03..3988.29 rows=1034 width=121)
	  Recheck Cond: ((id >= 7980106) AND (id <= 7981105))
	  ->  Bitmap Index Scan on sbtest3_pkey  (cost=0.00..22.77 rows=1034 width=0)
	        Index Cond: ((id >= 7980106) AND (id <= 7981105))

table 4 : explain SELECT c FROM sbtest4 WHERE id BETWEEN 9954467 AND 9955466
	Bitmap Heap Scan on sbtest4  (cost=22.61..3833.97 rows=993 width=121)
	  Recheck Cond: ((id >= 9954467) AND (id <= 9955466))
	  ->  Bitmap Index Scan on sbtest4_pkey  (cost=0.00..22.36 rows=993 width=0)
	        Index Cond: ((id >= 9954467) AND (id <= 9955466))

table 5 : explain SELECT c FROM sbtest5 WHERE id BETWEEN 9100560 AND 9101559
	Bitmap Heap Scan on sbtest5  (cost=21.54..3438.96 rows=888 width=121)
	  Recheck Cond: ((id >= 9100560) AND (id <= 9101559))
	  ->  Bitmap Index Scan on sbtest5_pkey  (cost=0.00..21.32 rows=888 width=0)
	        Index Cond: ((id >= 9100560) AND (id <= 9101559))

table 6 : explain SELECT c FROM sbtest6 WHERE id BETWEEN 5298115 AND 5299114
	Bitmap Heap Scan on sbtest6  (cost=22.76..3887.13 rows=1007 width=121)
	  Recheck Cond: ((id >= 5298115) AND (id <= 5299114))
	  ->  Bitmap Index Scan on sbtest6_pkey  (cost=0.00..22.50 rows=1007 width=0)
	        Index Cond: ((id >= 5298115) AND (id <= 5299114))

table 7 : explain SELECT c FROM sbtest7 WHERE id BETWEEN 9681528 AND 9682527
	Bitmap Heap Scan on sbtest7  (cost=28.07..4369.61 rows=1135 width=121)
	  Recheck Cond: ((id >= 9681528) AND (id <= 9682527))
	  ->  Bitmap Index Scan on sbtest7_pkey  (cost=0.00..27.79 rows=1135 width=0)
	        Index Cond: ((id >= 9681528) AND (id <= 9682527))

table 8 : explain SELECT c FROM sbtest8 WHERE id BETWEEN 3867657 AND 3868656
	Bitmap Heap Scan on sbtest8  (cost=27.48..4159.23 rows=1078 width=121)
	  Recheck Cond: ((id >= 3867657) AND (id <= 3868656))
	  ->  Bitmap Index Scan on sbtest8_pkey  (cost=0.00..27.21 rows=1078 width=0)
	        Index Cond: ((id >= 3867657) AND (id <= 3868656))

for: order_ranges
table 1 : explain SELECT c FROM sbtest1 WHERE id BETWEEN 8606126 AND 8607125 ORDER BY c
	Sort  (cost=3853.01..3855.47 rows=985 width=121)
	  Sort Key: c
	  ->  Bitmap Heap Scan on sbtest1  (cost=22.53..3804.03 rows=985 width=121)
	        Recheck Cond: ((id >= 8606126) AND (id <= 8607125))
	        ->  Bitmap Index Scan on sbtest1_pkey  (cost=0.00..22.29 rows=985 width=0)
	              Index Cond: ((id >= 8606126) AND (id <= 8607125))

table 2 : explain SELECT c FROM sbtest2 WHERE id BETWEEN 2414068 AND 2415067 ORDER BY c
	Sort  (cost=3481.27..3483.49 rows=888 width=121)
	  Sort Key: c
	  ->  Bitmap Heap Scan on sbtest2  (cost=21.54..3437.78 rows=888 width=121)
	        Recheck Cond: ((id >= 2414068) AND (id <= 2415067))
	        ->  Bitmap Index Scan on sbtest2_pkey  (cost=0.00..21.32 rows=888 width=0)
	              Index Cond: ((id >= 2414068) AND (id <= 2415067))

table 3 : explain SELECT c FROM sbtest3 WHERE id BETWEEN 111283 AND 112282 ORDER BY c
	Sort  (cost=3910.19..3912.69 rows=1000 width=121)
	  Sort Key: c
	  ->  Bitmap Heap Scan on sbtest3  (cost=22.68..3860.36 rows=1000 width=121)
	        Recheck Cond: ((id >= 111283) AND (id <= 112282))
	        ->  Bitmap Index Scan on sbtest3_pkey  (cost=0.00..22.43 rows=1000 width=0)
	              Index Cond: ((id >= 111283) AND (id <= 112282))

table 4 : explain SELECT c FROM sbtest4 WHERE id BETWEEN 3169580 AND 3170579 ORDER BY c
	Sort  (cost=4074.39..4076.99 rows=1043 width=121)
	  Sort Key: c
	  ->  Bitmap Heap Scan on sbtest4  (cost=23.13..4022.10 rows=1043 width=121)
	        Recheck Cond: ((id >= 3169580) AND (id <= 3170579))
	        ->  Bitmap Index Scan on sbtest4_pkey  (cost=0.00..22.86 rows=1043 width=0)
	              Index Cond: ((id >= 3169580) AND (id <= 3170579))

table 5 : explain SELECT c FROM sbtest5 WHERE id BETWEEN 5490130 AND 5491129 ORDER BY c
	Sort  (cost=3999.44..4001.99 rows=1023 width=121)
	  Sort Key: c
	  ->  Bitmap Heap Scan on sbtest5  (cost=22.92..3948.29 rows=1023 width=121)
	        Recheck Cond: ((id >= 5490130) AND (id <= 5491129))
	        ->  Bitmap Index Scan on sbtest5_pkey  (cost=0.00..22.66 rows=1023 width=0)
	              Index Cond: ((id >= 5490130) AND (id <= 5491129))

table 6 : explain SELECT c FROM sbtest6 WHERE id BETWEEN 572034 AND 573033 ORDER BY c
	Sort  (cost=3684.85..3687.20 rows=941 width=121)
	  Sort Key: c
	  ->  Bitmap Heap Scan on sbtest6  (cost=22.08..3638.37 rows=941 width=121)
	        Recheck Cond: ((id >= 572034) AND (id <= 573033))
	        ->  Bitmap Index Scan on sbtest6_pkey  (cost=0.00..21.84 rows=941 width=0)
	              Index Cond: ((id >= 572034) AND (id <= 573033))

table 7 : explain SELECT c FROM sbtest7 WHERE id BETWEEN 2734439 AND 2735438 ORDER BY c
	Sort  (cost=3995.84..3998.39 rows=1022 width=121)
	  Sort Key: c
	  ->  Bitmap Heap Scan on sbtest7  (cost=22.91..3944.75 rows=1022 width=121)
	        Recheck Cond: ((id >= 2734439) AND (id <= 2735438))
	        ->  Bitmap Index Scan on sbtest7_pkey  (cost=0.00..22.65 rows=1022 width=0)
	              Index Cond: ((id >= 2734439) AND (id <= 2735438))

table 8 : explain SELECT c FROM sbtest8 WHERE id BETWEEN 5813899 AND 5814898 ORDER BY c
	Sort  (cost=3999.53..4002.09 rows=1023 width=121)
	  Sort Key: c
	  ->  Bitmap Heap Scan on sbtest8  (cost=22.92..3948.39 rows=1023 width=121)
	        Recheck Cond: ((id >= 5813899) AND (id <= 5814898))
	        ->  Bitmap Index Scan on sbtest8_pkey  (cost=0.00..22.66 rows=1023 width=0)
	              Index Cond: ((id >= 5813899) AND (id <= 5814898))

for: distinct_ranges
table 1 : explain SELECT DISTINCT c FROM sbtest1 WHERE id BETWEEN 1010407 AND 1011406 ORDER BY c
	Unique  (cost=3956.21..3961.27 rows=1012 width=121)
	  ->  Sort  (cost=3956.21..3958.74 rows=1012 width=121)
	        Sort Key: c
	        ->  Bitmap Heap Scan on sbtest1  (cost=22.81..3905.70 rows=1012 width=121)
	              Recheck Cond: ((id >= 1010407) AND (id <= 1011406))
	              ->  Bitmap Index Scan on sbtest1_pkey  (cost=0.00..22.55 rows=1012 width=0)
	                    Index Cond: ((id >= 1010407) AND (id <= 1011406))

table 2 : explain SELECT DISTINCT c FROM sbtest2 WHERE id BETWEEN 3338079 AND 3339078 ORDER BY c
	Unique  (cost=3978.88..3983.97 rows=1018 width=121)
	  ->  Sort  (cost=3978.88..3981.43 rows=1018 width=121)
	        Sort Key: c
	        ->  Bitmap Heap Scan on sbtest2  (cost=22.87..3928.03 rows=1018 width=121)
	              Recheck Cond: ((id >= 3338079) AND (id <= 3339078))
	              ->  Bitmap Index Scan on sbtest2_pkey  (cost=0.00..22.61 rows=1018 width=0)
	                    Index Cond: ((id >= 3338079) AND (id <= 3339078))

table 3 : explain SELECT DISTINCT c FROM sbtest3 WHERE id BETWEEN 2895757 AND 2896756 ORDER BY c
	Unique  (cost=3416.10..3420.45 rows=871 width=121)
	  ->  Sort  (cost=3416.10..3418.27 rows=871 width=121)
	        Sort Key: c
	        ->  Bitmap Heap Scan on sbtest3  (cost=21.36..3373.56 rows=871 width=121)
	              Recheck Cond: ((id >= 2895757) AND (id <= 2896756))
	              ->  Bitmap Index Scan on sbtest3_pkey  (cost=0.00..21.14 rows=871 width=0)
	                    Index Cond: ((id >= 2895757) AND (id <= 2896756))

table 4 : explain SELECT DISTINCT c FROM sbtest4 WHERE id BETWEEN 2455041 AND 2456040 ORDER BY c
	Unique  (cost=3818.39..3823.27 rows=976 width=121)
	  ->  Sort  (cost=3818.39..3820.83 rows=976 width=121)
	        Sort Key: c
	        ->  Bitmap Heap Scan on sbtest4  (cost=22.44..3769.93 rows=976 width=121)
	              Recheck Cond: ((id >= 2455041) AND (id <= 2456040))
	              ->  Bitmap Index Scan on sbtest4_pkey  (cost=0.00..22.19 rows=976 width=0)
	                    Index Cond: ((id >= 2455041) AND (id <= 2456040))

table 5 : explain SELECT DISTINCT c FROM sbtest5 WHERE id BETWEEN 1787798 AND 1788797 ORDER BY c
	Unique  (cost=4110.20..4115.46 rows=1052 width=121)
	  ->  Sort  (cost=4110.20..4112.83 rows=1052 width=121)
	        Sort Key: c
	        ->  Bitmap Heap Scan on sbtest5  (cost=23.22..4057.40 rows=1052 width=121)
	              Recheck Cond: ((id >= 1787798) AND (id <= 1788797))
	              ->  Bitmap Index Scan on sbtest5_pkey  (cost=0.00..22.95 rows=1052 width=0)
	                    Index Cond: ((id >= 1787798) AND (id <= 1788797))

table 6 : explain SELECT DISTINCT c FROM sbtest6 WHERE id BETWEEN 4155591 AND 4156590 ORDER BY c
	Unique  (cost=3837.95..3842.85 rows=981 width=121)
	  ->  Sort  (cost=3837.95..3840.40 rows=981 width=121)
	        Sort Key: c
	        ->  Bitmap Heap Scan on sbtest6  (cost=22.49..3789.20 rows=981 width=121)
	              Recheck Cond: ((id >= 4155591) AND (id <= 4156590))
	              ->  Bitmap Index Scan on sbtest6_pkey  (cost=0.00..22.25 rows=981 width=0)
	                    Index Cond: ((id >= 4155591) AND (id <= 4156590))

table 7 : explain SELECT DISTINCT c FROM sbtest7 WHERE id BETWEEN 2525686 AND 2526685 ORDER BY c
	Unique  (cost=3567.04..3571.59 rows=910 width=121)
	  ->  Sort  (cost=3567.04..3569.31 rows=910 width=121)
	        Sort Key: c
	        ->  Bitmap Heap Scan on sbtest7  (cost=21.76..3522.31 rows=910 width=121)
	              Recheck Cond: ((id >= 2525686) AND (id <= 2526685))
	              ->  Bitmap Index Scan on sbtest7_pkey  (cost=0.00..21.54 rows=910 width=0)
	                    Index Cond: ((id >= 2525686) AND (id <= 2526685))

table 8 : explain SELECT DISTINCT c FROM sbtest8 WHERE id BETWEEN 9377476 AND 9378475 ORDER BY c
	Unique  (cost=3968.96..3974.03 rows=1015 width=121)
	  ->  Sort  (cost=3968.96..3971.49 rows=1015 width=121)
	        Sort Key: c
	        ->  Bitmap Heap Scan on sbtest8  (cost=22.84..3918.27 rows=1015 width=121)
	              Recheck Cond: ((id >= 9377476) AND (id <= 9378475))
	              ->  Bitmap Index Scan on sbtest8_pkey  (cost=0.00..22.58 rows=1015 width=0)
	                    Index Cond: ((id >= 9377476) AND (id <= 9378475))

for: sum_ranges
table 1 : explain SELECT SUM(k) FROM sbtest1 WHERE id BETWEEN 7278480 AND 7279479
	Aggregate  (cost=4122.69..4122.70 rows=1 width=8)
	  ->  Bitmap Heap Scan on sbtest1  (cost=23.39..4120.02 rows=1069 width=4)
	        Recheck Cond: ((id >= 7278480) AND (id <= 7279479))
	        ->  Bitmap Index Scan on sbtest1_pkey  (cost=0.00..23.12 rows=1069 width=0)
	              Index Cond: ((id >= 7278480) AND (id <= 7279479))

table 2 : explain SELECT SUM(k) FROM sbtest2 WHERE id BETWEEN 3763973 AND 3764972
	Aggregate  (cost=3576.08..3576.09 rows=1 width=8)
	  ->  Bitmap Heap Scan on sbtest2  (cost=21.91..3573.77 rows=924 width=4)
	        Recheck Cond: ((id >= 3763973) AND (id <= 3764972))
	        ->  Bitmap Index Scan on sbtest2_pkey  (cost=0.00..21.68 rows=924 width=0)
	              Index Cond: ((id >= 3763973) AND (id <= 3764972))

table 3 : explain SELECT SUM(k) FROM sbtest3 WHERE id BETWEEN 5909258 AND 5910257
	Aggregate  (cost=3828.94..3828.95 rows=1 width=8)
	  ->  Bitmap Heap Scan on sbtest3  (cost=22.59..3826.47 rows=991 width=4)
	        Recheck Cond: ((id >= 5909258) AND (id <= 5910257))
	        ->  Bitmap Index Scan on sbtest3_pkey  (cost=0.00..22.34 rows=991 width=0)
	              Index Cond: ((id >= 5909258) AND (id <= 5910257))

table 4 : explain SELECT SUM(k) FROM sbtest4 WHERE id BETWEEN 2383937 AND 2384936
	Aggregate  (cost=3681.83..3681.84 rows=1 width=8)
	  ->  Bitmap Heap Scan on sbtest4  (cost=22.19..3679.45 rows=952 width=4)
	        Recheck Cond: ((id >= 2383937) AND (id <= 2384936))
	        ->  Bitmap Index Scan on sbtest4_pkey  (cost=0.00..21.95 rows=952 width=0)
	              Index Cond: ((id >= 2383937) AND (id <= 2384936))

table 5 : explain SELECT SUM(k) FROM sbtest5 WHERE id BETWEEN 4317157 AND 4318156
	Aggregate  (cost=3717.08..3717.09 rows=1 width=8)
	  ->  Bitmap Heap Scan on sbtest5  (cost=22.29..3714.67 rows=961 width=4)
	        Recheck Cond: ((id >= 4317157) AND (id <= 4318156))
	        ->  Bitmap Index Scan on sbtest5_pkey  (cost=0.00..22.04 rows=961 width=0)
	              Index Cond: ((id >= 4317157) AND (id <= 4318156))

table 6 : explain SELECT SUM(k) FROM sbtest6 WHERE id BETWEEN 1916997 AND 1917996
	Aggregate  (cost=4224.66..4224.67 rows=1 width=8)
	  ->  Bitmap Heap Scan on sbtest6  (cost=27.66..4221.93 rows=1095 width=4)
	        Recheck Cond: ((id >= 1916997) AND (id <= 1917996))
	        ->  Bitmap Index Scan on sbtest6_pkey  (cost=0.00..27.39 rows=1095 width=0)
	              Index Cond: ((id >= 1916997) AND (id <= 1917996))

table 7 : explain SELECT SUM(k) FROM sbtest7 WHERE id BETWEEN 4059851 AND 4060850
	Aggregate  (cost=3947.31..3947.32 rows=1 width=8)
	  ->  Bitmap Heap Scan on sbtest7  (cost=22.91..3944.75 rows=1022 width=4)
	        Recheck Cond: ((id >= 4059851) AND (id <= 4060850))
	        ->  Bitmap Index Scan on sbtest7_pkey  (cost=0.00..22.65 rows=1022 width=0)
	              Index Cond: ((id >= 4059851) AND (id <= 4060850))

table 8 : explain SELECT SUM(k) FROM sbtest8 WHERE id BETWEEN 3235301 AND 3236300
	Aggregate  (cost=4222.06..4222.07 rows=1 width=8)
	  ->  Bitmap Heap Scan on sbtest8  (cost=27.65..4219.33 rows=1094 width=4)
	        Recheck Cond: ((id >= 3235301) AND (id <= 3236300))
	        ->  Bitmap Index Scan on sbtest8_pkey  (cost=0.00..27.37 rows=1094 width=0)
	              Index Cond: ((id >= 3235301) AND (id <= 3236300))

for: order_ranges
table 1 : explain SELECT c FROM sbtest1 WHERE id BETWEEN 5379724 AND 5380723 ORDER BY c
	Sort  (cost=4055.51..4058.11 rows=1038 width=121)
	  Sort Key: c
	  ->  Bitmap Heap Scan on sbtest1  (cost=23.07..4003.51 rows=1038 width=121)
	        Recheck Cond: ((id >= 5379724) AND (id <= 5380723))
	        ->  Bitmap Index Scan on sbtest1_pkey  (cost=0.00..22.82 rows=1038 width=0)
	              Index Cond: ((id >= 5379724) AND (id <= 5380723))

table 2 : explain SELECT c FROM sbtest2 WHERE id BETWEEN 8254165 AND 8255164 ORDER BY c
	Sort  (cost=4150.65..4153.30 rows=1063 width=121)
	  Sort Key: c
	  ->  Bitmap Heap Scan on sbtest2  (cost=23.33..4097.21 rows=1063 width=121)
	        Recheck Cond: ((id >= 8254165) AND (id <= 8255164))
	        ->  Bitmap Index Scan on sbtest2_pkey  (cost=0.00..23.07 rows=1063 width=0)
	              Index Cond: ((id >= 8254165) AND (id <= 8255164))

table 3 : explain SELECT c FROM sbtest3 WHERE id BETWEEN 227780 AND 228779 ORDER BY c
	Sort  (cost=3577.20..3579.48 rows=913 width=121)
	  Sort Key: c
	  ->  Bitmap Heap Scan on sbtest3  (cost=21.79..3532.30 rows=913 width=121)
	        Recheck Cond: ((id >= 227780) AND (id <= 228779))
	        ->  Bitmap Index Scan on sbtest3_pkey  (cost=0.00..21.57 rows=913 width=0)
	              Index Cond: ((id >= 227780) AND (id <= 228779))

table 4 : explain SELECT c FROM sbtest4 WHERE id BETWEEN 1137372 AND 1138371 ORDER BY c
	Sort  (cost=3581.00..3583.28 rows=914 width=121)
	  Sort Key: c
	  ->  Bitmap Heap Scan on sbtest4  (cost=21.80..3536.05 rows=914 width=121)
	        Recheck Cond: ((id >= 1137372) AND (id <= 1138371))
	        ->  Bitmap Index Scan on sbtest4_pkey  (cost=0.00..21.57 rows=914 width=0)
	              Index Cond: ((id >= 1137372) AND (id <= 1138371))

table 5 : explain SELECT c FROM sbtest5 WHERE id BETWEEN 6888686 AND 6889685 ORDER BY c
	Sort  (cost=4045.28..4047.87 rows=1035 width=121)
	  Sort Key: c
	  ->  Bitmap Heap Scan on sbtest5  (cost=23.04..3993.45 rows=1035 width=121)
	        Recheck Cond: ((id >= 6888686) AND (id <= 6889685))
	        ->  Bitmap Index Scan on sbtest5_pkey  (cost=0.00..22.79 rows=1035 width=0)
	              Index Cond: ((id >= 6888686) AND (id <= 6889685))

table 6 : explain SELECT c FROM sbtest6 WHERE id BETWEEN 5319177 AND 5320176 ORDER BY c
	Sort  (cost=3757.59..3759.99 rows=960 width=121)
	  Sort Key: c
	  ->  Bitmap Heap Scan on sbtest6  (cost=22.27..3710.04 rows=960 width=121)
	        Recheck Cond: ((id >= 5319177) AND (id <= 5320176))
	        ->  Bitmap Index Scan on sbtest6_pkey  (cost=0.00..22.04 rows=960 width=0)
	              Index Cond: ((id >= 5319177) AND (id <= 5320176))

table 7 : explain SELECT c FROM sbtest7 WHERE id BETWEEN 4256451 AND 4257450 ORDER BY c
	Sort  (cost=3494.14..3496.37 rows=891 width=121)
	  Sort Key: c
	  ->  Bitmap Heap Scan on sbtest7  (cost=21.57..3450.48 rows=891 width=121)
	        Recheck Cond: ((id >= 4256451) AND (id <= 4257450))
	        ->  Bitmap Index Scan on sbtest7_pkey  (cost=0.00..21.34 rows=891 width=0)
	              Index Cond: ((id >= 4256451) AND (id <= 4257450))

table 8 : explain SELECT c FROM sbtest8 WHERE id BETWEEN 732667 AND 733666 ORDER BY c
	Sort  (cost=3812.14..3814.57 rows=974 width=121)
	  Sort Key: c
	  ->  Bitmap Heap Scan on sbtest8  (cost=22.42..3763.79 rows=974 width=121)
	        Recheck Cond: ((id >= 732667) AND (id <= 733666))
	        ->  Bitmap Index Scan on sbtest8_pkey  (cost=0.00..22.18 rows=974 width=0)
	              Index Cond: ((id >= 732667) AND (id <= 733666))

for: distinct_ranges
table 1 : explain SELECT DISTINCT c FROM sbtest1 WHERE id BETWEEN 4299909 AND 4300908 ORDER BY c
	Unique  (cost=3803.28..3808.14 rows=972 width=121)
	  ->  Sort  (cost=3803.28..3805.71 rows=972 width=121)
	        Sort Key: c
	        ->  Bitmap Heap Scan on sbtest1  (cost=22.40..3755.05 rows=972 width=121)
	              Recheck Cond: ((id >= 4299909) AND (id <= 4300908))
	              ->  Bitmap Index Scan on sbtest1_pkey  (cost=0.00..22.15 rows=972 width=0)
	                    Index Cond: ((id >= 4299909) AND (id <= 4300908))

table 2 : explain SELECT DISTINCT c FROM sbtest2 WHERE id BETWEEN 4954159 AND 4955158 ORDER BY c
	Unique  (cost=3913.93..3918.93 rows=1001 width=121)
	  ->  Sort  (cost=3913.93..3916.43 rows=1001 width=121)
	        Sort Key: c
	        ->  Bitmap Heap Scan on sbtest2  (cost=22.70..3864.04 rows=1001 width=121)
	              Recheck Cond: ((id >= 4954159) AND (id <= 4955158))
	              ->  Bitmap Index Scan on sbtest2_pkey  (cost=0.00..22.44 rows=1001 width=0)
	                    Index Cond: ((id >= 4954159) AND (id <= 4955158))

table 3 : explain SELECT DISTINCT c FROM sbtest3 WHERE id BETWEEN 6039675 AND 6040674 ORDER BY c
	Unique  (cost=3967.50..3972.58 rows=1015 width=121)
	  ->  Sort  (cost=3967.50..3970.04 rows=1015 width=121)
	        Sort Key: c
	        ->  Bitmap Heap Scan on sbtest3  (cost=22.84..3916.82 rows=1015 width=121)
	              Recheck Cond: ((id >= 6039675) AND (id <= 6040674))
	              ->  Bitmap Index Scan on sbtest3_pkey  (cost=0.00..22.58 rows=1015 width=0)
	                    Index Cond: ((id >= 6039675) AND (id <= 6040674))

table 4 : explain SELECT DISTINCT c FROM sbtest4 WHERE id BETWEEN 25809 AND 26808 ORDER BY c
	Unique  (cost=3642.31..3646.96 rows=930 width=121)
	  ->  Sort  (cost=3642.31..3644.63 rows=930 width=121)
	        Sort Key: c
	        ->  Bitmap Heap Scan on sbtest4  (cost=21.97..3596.45 rows=930 width=121)
	              Recheck Cond: ((id >= 25809) AND (id <= 26808))
	              ->  Bitmap Index Scan on sbtest4_pkey  (cost=0.00..21.73 rows=930 width=0)
	                    Index Cond: ((id >= 25809) AND (id <= 26808))

table 5 : explain SELECT DISTINCT c FROM sbtest5 WHERE id BETWEEN 8570328 AND 8571327 ORDER BY c
	Unique  (cost=3815.88..3820.75 rows=975 width=121)
	  ->  Sort  (cost=3815.88..3818.31 rows=975 width=121)
	        Sort Key: c
	        ->  Bitmap Heap Scan on sbtest5  (cost=22.43..3767.47 rows=975 width=121)
	              Recheck Cond: ((id >= 8570328) AND (id <= 8571327))
	              ->  Bitmap Index Scan on sbtest5_pkey  (cost=0.00..22.18 rows=975 width=0)
	                    Index Cond: ((id >= 8570328) AND (id <= 8571327))

table 6 : explain SELECT DISTINCT c FROM sbtest6 WHERE id BETWEEN 9886224 AND 9887223 ORDER BY c
	Unique  (cost=3661.86..3666.54 rows=935 width=121)
	  ->  Sort  (cost=3661.86..3664.20 rows=935 width=121)
	        Sort Key: c
	        ->  Bitmap Heap Scan on sbtest6  (cost=22.02..3615.73 rows=935 width=121)
	              Recheck Cond: ((id >= 9886224) AND (id <= 9887223))
	              ->  Bitmap Index Scan on sbtest6_pkey  (cost=0.00..21.79 rows=935 width=0)
	                    Index Cond: ((id >= 9886224) AND (id <= 9887223))

table 7 : explain SELECT DISTINCT c FROM sbtest7 WHERE id BETWEEN 2573193 AND 2574192 ORDER BY c
	Unique  (cost=3881.13..3886.09 rows=992 width=121)
	  ->  Sort  (cost=3881.13..3883.61 rows=992 width=121)
	        Sort Key: c
	        ->  Bitmap Heap Scan on sbtest7  (cost=22.60..3831.76 rows=992 width=121)
	              Recheck Cond: ((id >= 2573193) AND (id <= 2574192))
	              ->  Bitmap Index Scan on sbtest7_pkey  (cost=0.00..22.36 rows=992 width=0)
	                    Index Cond: ((id >= 2573193) AND (id <= 2574192))

table 8 : explain SELECT DISTINCT c FROM sbtest8 WHERE id BETWEEN 1363462 AND 1364461 ORDER BY c
	Unique  (cost=3842.75..3847.66 rows=982 width=121)
	  ->  Sort  (cost=3842.75..3845.21 rows=982 width=121)
	        Sort Key: c
	        ->  Bitmap Heap Scan on sbtest8  (cost=22.50..3793.95 rows=982 width=121)
	              Recheck Cond: ((id >= 1363462) AND (id <= 1364461))
	              ->  Bitmap Index Scan on sbtest8_pkey  (cost=0.00..22.25 rows=982 width=0)
	                    Index Cond: ((id >= 1363462) AND (id <= 1364461))

for: distinct_ranges
table 1 : explain SELECT DISTINCT c FROM sbtest1 WHERE id BETWEEN 4337973 AND 4338972 ORDER BY c
	Unique  (cost=4002.05..4007.17 rows=1024 width=121)
	  ->  Sort  (cost=4002.05..4004.61 rows=1024 width=121)
	        Sort Key: c
	        ->  Bitmap Heap Scan on sbtest1  (cost=22.93..3950.85 rows=1024 width=121)
	              Recheck Cond: ((id >= 4337973) AND (id <= 4338972))
	              ->  Bitmap Index Scan on sbtest1_pkey  (cost=0.00..22.68 rows=1024 width=0)
	                    Index Cond: ((id >= 4337973) AND (id <= 4338972))

table 2 : explain SELECT DISTINCT c FROM sbtest2 WHERE id BETWEEN 4816947 AND 4817946 ORDER BY c
	Unique  (cost=3967.42..3972.50 rows=1015 width=121)
	  ->  Sort  (cost=3967.42..3969.96 rows=1015 width=121)
	        Sort Key: c
	        ->  Bitmap Heap Scan on sbtest2  (cost=22.84..3916.74 rows=1015 width=121)
	              Recheck Cond: ((id >= 4816947) AND (id <= 4817946))
	              ->  Bitmap Index Scan on sbtest2_pkey  (cost=0.00..22.58 rows=1015 width=0)
	                    Index Cond: ((id >= 4816947) AND (id <= 4817946))

table 3 : explain SELECT DISTINCT c FROM sbtest3 WHERE id BETWEEN 2041225 AND 2042224 ORDER BY c
	Unique  (cost=4135.47..4140.77 rows=1059 width=121)
	  ->  Sort  (cost=4135.47..4138.12 rows=1059 width=121)
	        Sort Key: c
	        ->  Bitmap Heap Scan on sbtest3  (cost=23.29..4082.27 rows=1059 width=121)
	              Recheck Cond: ((id >= 2041225) AND (id <= 2042224))
	              ->  Bitmap Index Scan on sbtest3_pkey  (cost=0.00..23.02 rows=1059 width=0)
	                    Index Cond: ((id >= 2041225) AND (id <= 2042224))

table 4 : explain SELECT DISTINCT c FROM sbtest4 WHERE id BETWEEN 9211302 AND 9212301 ORDER BY c
	Unique  (cost=3642.31..3646.96 rows=930 width=121)
	  ->  Sort  (cost=3642.31..3644.63 rows=930 width=121)
	        Sort Key: c
	        ->  Bitmap Heap Scan on sbtest4  (cost=21.97..3596.45 rows=930 width=121)
	              Recheck Cond: ((id >= 9211302) AND (id <= 9212301))
	              ->  Bitmap Index Scan on sbtest4_pkey  (cost=0.00..21.73 rows=930 width=0)
	                    Index Cond: ((id >= 9211302) AND (id <= 9212301))

table 5 : explain SELECT DISTINCT c FROM sbtest5 WHERE id BETWEEN 9892246 AND 9893245 ORDER BY c
	Unique  (cost=3635.86..3640.50 rows=928 width=121)
	  ->  Sort  (cost=3635.86..3638.18 rows=928 width=121)
	        Sort Key: c
	        ->  Bitmap Heap Scan on sbtest5  (cost=21.95..3590.12 rows=928 width=121)
	              Recheck Cond: ((id >= 9892246) AND (id <= 9893245))
	              ->  Bitmap Index Scan on sbtest5_pkey  (cost=0.00..21.71 rows=928 width=0)
	                    Index Cond: ((id >= 9892246) AND (id <= 9893245))

table 6 : explain SELECT DISTINCT c FROM sbtest6 WHERE id BETWEEN 9225109 AND 9226108 ORDER BY c
	Unique  (cost=3987.03..3992.13 rows=1020 width=121)
	  ->  Sort  (cost=3987.03..3989.58 rows=1020 width=121)
	        Sort Key: c
	        ->  Bitmap Heap Scan on sbtest6  (cost=22.89..3936.06 rows=1020 width=121)
	              Recheck Cond: ((id >= 9225109) AND (id <= 9226108))
	              ->  Bitmap Index Scan on sbtest6_pkey  (cost=0.00..22.64 rows=1020 width=0)
	                    Index Cond: ((id >= 9225109) AND (id <= 9226108))

table 7 : explain SELECT DISTINCT c FROM sbtest7 WHERE id BETWEEN 9780469 AND 9781468 ORDER BY c
	Unique  (cost=4144.79..4150.10 rows=1061 width=121)
	  ->  Sort  (cost=4144.79..4147.44 rows=1061 width=121)
	        Sort Key: c
	        ->  Bitmap Heap Scan on sbtest7  (cost=23.31..4091.47 rows=1061 width=121)
	              Recheck Cond: ((id >= 9780469) AND (id <= 9781468))
	              ->  Bitmap Index Scan on sbtest7_pkey  (cost=0.00..23.04 rows=1061 width=0)
	                    Index Cond: ((id >= 9780469) AND (id <= 9781468))

table 8 : explain SELECT DISTINCT c FROM sbtest8 WHERE id BETWEEN 8576561 AND 8577560 ORDER BY c
	Unique  (cost=4324.19..4329.73 rows=1108 width=121)
	  ->  Sort  (cost=4324.19..4326.96 rows=1108 width=121)
	        Sort Key: c
	        ->  Bitmap Heap Scan on sbtest8  (cost=27.79..4268.16 rows=1108 width=121)
	              Recheck Cond: ((id >= 8576561) AND (id <= 8577560))
	              ->  Bitmap Index Scan on sbtest8_pkey  (cost=0.00..27.51 rows=1108 width=0)
	                    Index Cond: ((id >= 8576561) AND (id <= 8577560))

for point_selects
table 1 : explain SELECT c FROM sbtest1 WHERE id=7918979
	Index Scan using sbtest1_pkey on sbtest1  (cost=0.43..8.45 rows=1 width=121)
	  Index Cond: (id = 7918979)

table 2 : explain SELECT c FROM sbtest2 WHERE id=5604159
	Index Scan using sbtest2_pkey on sbtest2  (cost=0.43..8.45 rows=1 width=121)
	  Index Cond: (id = 5604159)

table 3 : explain SELECT c FROM sbtest3 WHERE id=3577606
	Index Scan using sbtest3_pkey on sbtest3  (cost=0.43..8.45 rows=1 width=121)
	  Index Cond: (id = 3577606)

table 4 : explain SELECT c FROM sbtest4 WHERE id=8806209
	Index Scan using sbtest4_pkey on sbtest4  (cost=0.43..8.45 rows=1 width=121)
	  Index Cond: (id = 8806209)

table 5 : explain SELECT c FROM sbtest5 WHERE id=1631764
	Index Scan using sbtest5_pkey on sbtest5  (cost=0.43..8.45 rows=1 width=121)
	  Index Cond: (id = 1631764)

table 6 : explain SELECT c FROM sbtest6 WHERE id=8196178
	Index Scan using sbtest6_pkey on sbtest6  (cost=0.43..8.45 rows=1 width=121)
	  Index Cond: (id = 8196178)

table 7 : explain SELECT c FROM sbtest7 WHERE id=1590661
	Index Scan using sbtest7_pkey on sbtest7  (cost=0.43..8.45 rows=1 width=121)
	  Index Cond: (id = 1590661)

table 8 : explain SELECT c FROM sbtest8 WHERE id=6471887
	Index Scan using sbtest8_pkey on sbtest8  (cost=0.43..8.45 rows=1 width=121)
	  Index Cond: (id = 6471887)

for: distinct_ranges
table 1 : explain SELECT DISTINCT c FROM sbtest1 WHERE id BETWEEN 4180364 AND 4181363 ORDER BY c
	Unique  (cost=3837.71..3842.61 rows=981 width=121)
	  ->  Sort  (cost=3837.71..3840.16 rows=981 width=121)
	        Sort Key: c
	        ->  Bitmap Heap Scan on sbtest1  (cost=22.49..3788.96 rows=981 width=121)
	              Recheck Cond: ((id >= 4180364) AND (id <= 4181363))
	              ->  Bitmap Index Scan on sbtest1_pkey  (cost=0.00..22.25 rows=981 width=0)
	                    Index Cond: ((id >= 4180364) AND (id <= 4181363))

table 2 : explain SELECT DISTINCT c FROM sbtest2 WHERE id BETWEEN 7725815 AND 7726814 ORDER BY c
	Unique  (cost=3833.64..3838.54 rows=980 width=121)
	  ->  Sort  (cost=3833.64..3836.09 rows=980 width=121)
	        Sort Key: c
	        ->  Bitmap Heap Scan on sbtest2  (cost=22.48..3784.96 rows=980 width=121)
	              Recheck Cond: ((id >= 7725815) AND (id <= 7726814))
	              ->  Bitmap Index Scan on sbtest2_pkey  (cost=0.00..22.23 rows=980 width=0)
	                    Index Cond: ((id >= 7725815) AND (id <= 7726814))

table 3 : explain SELECT DISTINCT c FROM sbtest3 WHERE id BETWEEN 3844314 AND 3845313 ORDER BY c
	Unique  (cost=3707.44..3712.18 rows=947 width=121)
	  ->  Sort  (cost=3707.44..3709.81 rows=947 width=121)
	        Sort Key: c
	        ->  Bitmap Heap Scan on sbtest3  (cost=22.14..3660.63 rows=947 width=121)
	              Recheck Cond: ((id >= 3844314) AND (id <= 3845313))
	              ->  Bitmap Index Scan on sbtest3_pkey  (cost=0.00..21.90 rows=947 width=0)
	                    Index Cond: ((id >= 3844314) AND (id <= 3845313))

table 4 : explain SELECT DISTINCT c FROM sbtest4 WHERE id BETWEEN 2599415 AND 2600414 ORDER BY c
	Unique  (cost=4505.20..4510.98 rows=1156 width=121)
	  ->  Sort  (cost=4505.20..4508.09 rows=1156 width=121)
	        Sort Key: c
	        ->  Bitmap Heap Scan on sbtest4  (cost=28.28..4446.39 rows=1156 width=121)
	              Recheck Cond: ((id >= 2599415) AND (id <= 2600414))
	              ->  Bitmap Index Scan on sbtest4_pkey  (cost=0.00..28.00 rows=1156 width=0)
	                    Index Cond: ((id >= 2599415) AND (id <= 2600414))

table 5 : explain SELECT DISTINCT c FROM sbtest5 WHERE id BETWEEN 3434318 AND 3435317 ORDER BY c
	Unique  (cost=3980.33..3985.42 rows=1018 width=121)
	  ->  Sort  (cost=3980.33..3982.87 rows=1018 width=121)
	        Sort Key: c
	        ->  Bitmap Heap Scan on sbtest5  (cost=22.87..3929.47 rows=1018 width=121)
	              Recheck Cond: ((id >= 3434318) AND (id <= 3435317))
	              ->  Bitmap Index Scan on sbtest5_pkey  (cost=0.00..22.61 rows=1018 width=0)
	                    Index Cond: ((id >= 3434318) AND (id <= 3435317))

table 6 : explain SELECT DISTINCT c FROM sbtest6 WHERE id BETWEEN 9142910 AND 9143909 ORDER BY c
	Unique  (cost=4638.83..4644.79 rows=1191 width=121)
	  ->  Sort  (cost=4638.83..4641.81 rows=1191 width=121)
	        Sort Key: c
	        ->  Bitmap Heap Scan on sbtest6  (cost=28.64..4577.99 rows=1191 width=121)
	              Recheck Cond: ((id >= 9142910) AND (id <= 9143909))
	              ->  Bitmap Index Scan on sbtest6_pkey  (cost=0.00..28.34 rows=1191 width=0)
	                    Index Cond: ((id >= 9142910) AND (id <= 9143909))

table 7 : explain SELECT DISTINCT c FROM sbtest7 WHERE id BETWEEN 5996860 AND 5997859 ORDER BY c
	Unique  (cost=3946.15..3951.19 rows=1009 width=121)
	  ->  Sort  (cost=3946.15..3948.67 rows=1009 width=121)
	        Sort Key: c
	        ->  Bitmap Heap Scan on sbtest7  (cost=22.78..3895.80 rows=1009 width=121)
	              Recheck Cond: ((id >= 5996860) AND (id <= 5997859))
	              ->  Bitmap Index Scan on sbtest7_pkey  (cost=0.00..22.52 rows=1009 width=0)
	                    Index Cond: ((id >= 5996860) AND (id <= 5997859))

table 8 : explain SELECT DISTINCT c FROM sbtest8 WHERE id BETWEEN 3388241 AND 3389240 ORDER BY c
	Unique  (cost=3968.96..3974.03 rows=1015 width=121)
	  ->  Sort  (cost=3968.96..3971.49 rows=1015 width=121)
	        Sort Key: c
	        ->  Bitmap Heap Scan on sbtest8  (cost=22.84..3918.27 rows=1015 width=121)
	              Recheck Cond: ((id >= 3388241) AND (id <= 3389240))
	              ->  Bitmap Index Scan on sbtest8_pkey  (cost=0.00..22.58 rows=1015 width=0)
	                    Index Cond: ((id >= 3388241) AND (id <= 3389240))

for point_selects
table 1 : explain SELECT c FROM sbtest1 WHERE id=6433411
	Index Scan using sbtest1_pkey on sbtest1  (cost=0.43..8.45 rows=1 width=121)
	  Index Cond: (id = 6433411)

table 2 : explain SELECT c FROM sbtest2 WHERE id=5747742
	Index Scan using sbtest2_pkey on sbtest2  (cost=0.43..8.45 rows=1 width=121)
	  Index Cond: (id = 5747742)

table 3 : explain SELECT c FROM sbtest3 WHERE id=2567972
	Index Scan using sbtest3_pkey on sbtest3  (cost=0.43..8.45 rows=1 width=121)
	  Index Cond: (id = 2567972)

table 4 : explain SELECT c FROM sbtest4 WHERE id=9774896
	Index Scan using sbtest4_pkey on sbtest4  (cost=0.43..8.45 rows=1 width=121)
	  Index Cond: (id = 9774896)

table 5 : explain SELECT c FROM sbtest5 WHERE id=7896398
	Index Scan using sbtest5_pkey on sbtest5  (cost=0.43..8.45 rows=1 width=121)
	  Index Cond: (id = 7896398)

table 6 : explain SELECT c FROM sbtest6 WHERE id=2885296
	Index Scan using sbtest6_pkey on sbtest6  (cost=0.43..8.45 rows=1 width=121)
	  Index Cond: (id = 2885296)

table 7 : explain SELECT c FROM sbtest7 WHERE id=1233496
	Index Scan using sbtest7_pkey on sbtest7  (cost=0.43..8.45 rows=1 width=121)
	  Index Cond: (id = 1233496)

table 8 : explain SELECT c FROM sbtest8 WHERE id=1129130
	Index Scan using sbtest8_pkey on sbtest8  (cost=0.43..8.45 rows=1 width=121)
	  Index Cond: (id = 1129130)

for: distinct_ranges
table 1 : explain SELECT DISTINCT c FROM sbtest1 WHERE id BETWEEN 5746430 AND 5747429 ORDER BY c
	Unique  (cost=4112.76..4118.03 rows=1053 width=121)
	  ->  Sort  (cost=4112.76..4115.40 rows=1053 width=121)
	        Sort Key: c
	        ->  Bitmap Heap Scan on sbtest1  (cost=23.23..4059.90 rows=1053 width=121)
	              Recheck Cond: ((id >= 5746430) AND (id <= 5747429))
	              ->  Bitmap Index Scan on sbtest1_pkey  (cost=0.00..22.96 rows=1053 width=0)
	                    Index Cond: ((id >= 5746430) AND (id <= 5747429))

table 2 : explain SELECT DISTINCT c FROM sbtest2 WHERE id BETWEEN 8329154 AND 8330153 ORDER BY c
	Unique  (cost=4150.65..4155.96 rows=1063 width=121)
	  ->  Sort  (cost=4150.65..4153.30 rows=1063 width=121)
	        Sort Key: c
	        ->  Bitmap Heap Scan on sbtest2  (cost=23.33..4097.21 rows=1063 width=121)
	              Recheck Cond: ((id >= 8329154) AND (id <= 8330153))
	              ->  Bitmap Index Scan on sbtest2_pkey  (cost=0.00..23.07 rows=1063 width=0)
	                    Index Cond: ((id >= 8329154) AND (id <= 8330153))

table 3 : explain SELECT DISTINCT c FROM sbtest3 WHERE id BETWEEN 8797773 AND 8798772 ORDER BY c
	Unique  (cost=3936.94..3941.97 rows=1007 width=121)
	  ->  Sort  (cost=3936.94..3939.45 rows=1007 width=121)
	        Sort Key: c
	        ->  Bitmap Heap Scan on sbtest3  (cost=22.76..3886.71 rows=1007 width=121)
	              Recheck Cond: ((id >= 8797773) AND (id <= 8798772))
	              ->  Bitmap Index Scan on sbtest3_pkey  (cost=0.00..22.50 rows=1007 width=0)
	                    Index Cond: ((id >= 8797773) AND (id <= 8798772))

table 4 : explain SELECT DISTINCT c FROM sbtest4 WHERE id BETWEEN 8863321 AND 8864320 ORDER BY c
	Unique  (cost=4112.55..4117.81 rows=1053 width=121)
	  ->  Sort  (cost=4112.55..4115.18 rows=1053 width=121)
	        Sort Key: c
	        ->  Bitmap Heap Scan on sbtest4  (cost=23.23..4059.68 rows=1053 width=121)
	              Recheck Cond: ((id >= 8863321) AND (id <= 8864320))
	              ->  Bitmap Index Scan on sbtest4_pkey  (cost=0.00..22.96 rows=1053 width=0)
	                    Index Cond: ((id >= 8863321) AND (id <= 8864320))

table 5 : explain SELECT DISTINCT c FROM sbtest5 WHERE id BETWEEN 9671376 AND 9672375 ORDER BY c
	Unique  (cost=3632.03..3636.67 rows=927 width=121)
	  ->  Sort  (cost=3632.03..3634.35 rows=927 width=121)
	        Sort Key: c
	        ->  Bitmap Heap Scan on sbtest5  (cost=21.94..3586.35 rows=927 width=121)
	              Recheck Cond: ((id >= 9671376) AND (id <= 9672375))
	              ->  Bitmap Index Scan on sbtest5_pkey  (cost=0.00..21.70 rows=927 width=0)
	                    Index Cond: ((id >= 9671376) AND (id <= 9672375))

table 6 : explain SELECT DISTINCT c FROM sbtest6 WHERE id BETWEEN 5833078 AND 5834077 ORDER BY c
	Unique  (cost=3929.71..3934.74 rows=1005 width=121)
	  ->  Sort  (cost=3929.71..3932.22 rows=1005 width=121)
	        Sort Key: c
	        ->  Bitmap Heap Scan on sbtest6  (cost=22.74..3879.60 rows=1005 width=121)
	              Recheck Cond: ((id >= 5833078) AND (id <= 5834077))
	              ->  Bitmap Index Scan on sbtest6_pkey  (cost=0.00..22.48 rows=1005 width=0)
	                    Index Cond: ((id >= 5833078) AND (id <= 5834077))

table 7 : explain SELECT DISTINCT c FROM sbtest7 WHERE id BETWEEN 100244 AND 101243 ORDER BY c
	Unique  (cost=3394.31..3398.63 rows=865 width=121)
	  ->  Sort  (cost=3394.31..3396.47 rows=865 width=121)
	        Sort Key: c
	        ->  Bitmap Heap Scan on sbtest7  (cost=21.30..3352.11 rows=865 width=121)
	              Recheck Cond: ((id >= 100244) AND (id <= 101243))
	              ->  Bitmap Index Scan on sbtest7_pkey  (cost=0.00..21.08 rows=865 width=0)
	                    Index Cond: ((id >= 100244) AND (id <= 101243))

table 8 : explain SELECT DISTINCT c FROM sbtest8 WHERE id BETWEEN 7820467 AND 7821466 ORDER BY c
	Unique  (cost=3900.13..3905.12 rows=997 width=121)
	  ->  Sort  (cost=3900.13..3902.63 rows=997 width=121)
	        Sort Key: c
	        ->  Bitmap Heap Scan on sbtest8  (cost=22.65..3850.48 rows=997 width=121)
	              Recheck Cond: ((id >= 7820467) AND (id <= 7821466))
	              ->  Bitmap Index Scan on sbtest8_pkey  (cost=0.00..22.40 rows=997 width=0)
	                    Index Cond: ((id >= 7820467) AND (id <= 7821466))

for: distinct_ranges
table 1 : explain SELECT DISTINCT c FROM sbtest1 WHERE id BETWEEN 8660110 AND 8661109 ORDER BY c
	Unique  (cost=3853.01..3857.93 rows=985 width=121)
	  ->  Sort  (cost=3853.01..3855.47 rows=985 width=121)
	        Sort Key: c
	        ->  Bitmap Heap Scan on sbtest1  (cost=22.53..3804.03 rows=985 width=121)
	              Recheck Cond: ((id >= 8660110) AND (id <= 8661109))
	              ->  Bitmap Index Scan on sbtest1_pkey  (cost=0.00..22.29 rows=985 width=0)
	                    Index Cond: ((id >= 8660110) AND (id <= 8661109))

table 2 : explain SELECT DISTINCT c FROM sbtest2 WHERE id BETWEEN 5613790 AND 5614789 ORDER BY c
	Unique  (cost=3669.08..3673.76 rows=937 width=121)
	  ->  Sort  (cost=3669.08..3671.42 rows=937 width=121)
	        Sort Key: c
	        ->  Bitmap Heap Scan on sbtest2  (cost=22.04..3622.83 rows=937 width=121)
	              Recheck Cond: ((id >= 5613790) AND (id <= 5614789))
	              ->  Bitmap Index Scan on sbtest2_pkey  (cost=0.00..21.80 rows=937 width=0)
	                    Index Cond: ((id >= 5613790) AND (id <= 5614789))

table 3 : explain SELECT DISTINCT c FROM sbtest3 WHERE id BETWEEN 628149 AND 629148 ORDER BY c
	Unique  (cost=3623.18..3627.81 rows=925 width=121)
	  ->  Sort  (cost=3623.18..3625.49 rows=925 width=121)
	        Sort Key: c
	        ->  Bitmap Heap Scan on sbtest3  (cost=21.92..3577.61 rows=925 width=121)
	              Recheck Cond: ((id >= 628149) AND (id <= 629148))
	              ->  Bitmap Index Scan on sbtest3_pkey  (cost=0.00..21.68 rows=925 width=0)
	                    Index Cond: ((id >= 628149) AND (id <= 629148))

table 4 : explain SELECT DISTINCT c FROM sbtest4 WHERE id BETWEEN 39191 AND 40190 ORDER BY c
	Unique  (cost=3642.31..3646.96 rows=930 width=121)
	  ->  Sort  (cost=3642.31..3644.63 rows=930 width=121)
	        Sort Key: c
	        ->  Bitmap Heap Scan on sbtest4  (cost=21.97..3596.45 rows=930 width=121)
	              Recheck Cond: ((id >= 39191) AND (id <= 40190))
	              ->  Bitmap Index Scan on sbtest4_pkey  (cost=0.00..21.73 rows=930 width=0)
	                    Index Cond: ((id >= 39191) AND (id <= 40190))

table 5 : explain SELECT DISTINCT c FROM sbtest5 WHERE id BETWEEN 3427807 AND 3428806 ORDER BY c
	Unique  (cost=3980.33..3985.42 rows=1018 width=121)
	  ->  Sort  (cost=3980.33..3982.87 rows=1018 width=121)
	        Sort Key: c
	        ->  Bitmap Heap Scan on sbtest5  (cost=22.87..3929.47 rows=1018 width=121)
	              Recheck Cond: ((id >= 3427807) AND (id <= 3428806))
	              ->  Bitmap Index Scan on sbtest5_pkey  (cost=0.00..22.61 rows=1018 width=0)
	                    Index Cond: ((id >= 3427807) AND (id <= 3428806))

table 6 : explain SELECT DISTINCT c FROM sbtest6 WHERE id BETWEEN 3491861 AND 3492860 ORDER BY c
	Unique  (cost=4025.22..4030.37 rows=1030 width=121)
	  ->  Sort  (cost=4025.22..4027.80 rows=1030 width=121)
	        Sort Key: c
	        ->  Bitmap Heap Scan on sbtest6  (cost=22.99..3973.68 rows=1030 width=121)
	              Recheck Cond: ((id >= 3491861) AND (id <= 3492860))
	              ->  Bitmap Index Scan on sbtest6_pkey  (cost=0.00..22.73 rows=1030 width=0)
	                    Index Cond: ((id >= 3491861) AND (id <= 3492860))

table 7 : explain SELECT DISTINCT c FROM sbtest7 WHERE id BETWEEN 8697434 AND 8698433 ORDER BY c
	Unique  (cost=3823.74..3828.62 rows=977 width=121)
	  ->  Sort  (cost=3823.74..3826.18 rows=977 width=121)
	        Sort Key: c
	        ->  Bitmap Heap Scan on sbtest7  (cost=22.45..3775.22 rows=977 width=121)
	              Recheck Cond: ((id >= 8697434) AND (id <= 8698433))
	              ->  Bitmap Index Scan on sbtest7_pkey  (cost=0.00..22.20 rows=977 width=0)
	                    Index Cond: ((id >= 8697434) AND (id <= 8698433))

table 8 : explain SELECT DISTINCT c FROM sbtest8 WHERE id BETWEEN 9752741 AND 9753740 ORDER BY c
	Unique  (cost=3984.25..3989.34 rows=1019 width=121)
	  ->  Sort  (cost=3984.25..3986.79 rows=1019 width=121)
	        Sort Key: c
	        ->  Bitmap Heap Scan on sbtest8  (cost=22.88..3933.33 rows=1019 width=121)
	              Recheck Cond: ((id >= 9752741) AND (id <= 9753740))
	              ->  Bitmap Index Scan on sbtest8_pkey  (cost=0.00..22.62 rows=1019 width=0)
	                    Index Cond: ((id >= 9752741) AND (id <= 9753740))

for: sum_ranges
table 1 : explain SELECT SUM(k) FROM sbtest1 WHERE id BETWEEN 9090078 AND 9091077
	Aggregate  (cost=3515.83..3515.84 rows=1 width=8)
	  ->  Bitmap Heap Scan on sbtest1  (cost=21.74..3513.56 rows=908 width=4)
	        Recheck Cond: ((id >= 9090078) AND (id <= 9091077))
	        ->  Bitmap Index Scan on sbtest1_pkey  (cost=0.00..21.51 rows=908 width=0)
	              Index Cond: ((id >= 9090078) AND (id <= 9091077))

table 2 : explain SELECT SUM(k) FROM sbtest2 WHERE id BETWEEN 5320470 AND 5321469
	Aggregate  (cost=3926.81..3926.82 rows=1 width=8)
	  ->  Bitmap Heap Scan on sbtest2  (cost=22.86..3924.26 rows=1017 width=4)
	        Recheck Cond: ((id >= 5320470) AND (id <= 5321469))
	        ->  Bitmap Index Scan on sbtest2_pkey  (cost=0.00..22.61 rows=1017 width=0)
	              Index Cond: ((id >= 5320470) AND (id <= 5321469))

table 3 : explain SELECT SUM(k) FROM sbtest3 WHERE id BETWEEN 3688122 AND 3689121
	Aggregate  (cost=3877.93..3877.94 rows=1 width=8)
	  ->  Bitmap Heap Scan on sbtest3  (cost=22.73..3875.42 rows=1004 width=4)
	        Recheck Cond: ((id >= 3688122) AND (id <= 3689121))
	        ->  Bitmap Index Scan on sbtest3_pkey  (cost=0.00..22.47 rows=1004 width=0)
	              Index Cond: ((id >= 3688122) AND (id <= 3689121))

table 4 : explain SELECT SUM(k) FROM sbtest4 WHERE id BETWEEN 7297491 AND 7298490
	Aggregate  (cost=3987.08..3987.09 rows=1 width=8)
	  ->  Bitmap Heap Scan on sbtest4  (cost=23.02..3984.50 rows=1033 width=4)
	        Recheck Cond: ((id >= 7297491) AND (id <= 7298490))
	        ->  Bitmap Index Scan on sbtest4_pkey  (cost=0.00..22.76 rows=1033 width=0)
	              Index Cond: ((id >= 7297491) AND (id <= 7298490))

table 5 : explain SELECT SUM(k) FROM sbtest5 WHERE id BETWEEN 9474252 AND 9475251
	Aggregate  (cost=3505.49..3505.50 rows=1 width=8)
	  ->  Bitmap Heap Scan on sbtest5  (cost=21.71..3503.23 rows=905 width=4)
	        Recheck Cond: ((id >= 9474252) AND (id <= 9475251))
	        ->  Bitmap Index Scan on sbtest5_pkey  (cost=0.00..21.48 rows=905 width=0)
	              Index Cond: ((id >= 9474252) AND (id <= 9475251))

table 6 : explain SELECT SUM(k) FROM sbtest6 WHERE id BETWEEN 5654464 AND 5655463
	Aggregate  (cost=3795.42..3795.43 rows=1 width=8)
	  ->  Bitmap Heap Scan on sbtest6  (cost=22.50..3792.97 rows=982 width=4)
	        Recheck Cond: ((id >= 5654464) AND (id <= 5655463))
	        ->  Bitmap Index Scan on sbtest6_pkey  (cost=0.00..22.25 rows=982 width=0)
	              Index Cond: ((id >= 5654464) AND (id <= 5655463))

table 7 : explain SELECT SUM(k) FROM sbtest7 WHERE id BETWEEN 1804239 AND 1805238
	Aggregate  (cost=3709.73..3709.74 rows=1 width=8)
	  ->  Bitmap Heap Scan on sbtest7  (cost=22.26..3707.33 rows=959 width=4)
	        Recheck Cond: ((id >= 1804239) AND (id <= 1805238))
	        ->  Bitmap Index Scan on sbtest7_pkey  (cost=0.00..22.02 rows=959 width=0)
	              Index Cond: ((id >= 1804239) AND (id <= 1805238))

table 8 : explain SELECT SUM(k) FROM sbtest8 WHERE id BETWEEN 8667468 AND 8668467
	Aggregate  (cost=3690.74..3690.75 rows=1 width=8)
	  ->  Bitmap Heap Scan on sbtest8  (cost=22.21..3688.35 rows=954 width=4)
	        Recheck Cond: ((id >= 8667468) AND (id <= 8668467))
	        ->  Bitmap Index Scan on sbtest8_pkey  (cost=0.00..21.97 rows=954 width=0)
	              Index Cond: ((id >= 8667468) AND (id <= 8668467))

for: order_ranges
table 1 : explain SELECT c FROM sbtest1 WHERE id BETWEEN 1000525 AND 1001524 ORDER BY c
	Sort  (cost=3956.21..3958.74 rows=1012 width=121)
	  Sort Key: c
	  ->  Bitmap Heap Scan on sbtest1  (cost=22.81..3905.70 rows=1012 width=121)
	        Recheck Cond: ((id >= 1000525) AND (id <= 1001524))
	        ->  Bitmap Index Scan on sbtest1_pkey  (cost=0.00..22.55 rows=1012 width=0)
	              Index Cond: ((id >= 1000525) AND (id <= 1001524))

table 2 : explain SELECT c FROM sbtest2 WHERE id BETWEEN 6650376 AND 6651375 ORDER BY c
	Sort  (cost=3718.86..3721.23 rows=950 width=121)
	  Sort Key: c
	  ->  Bitmap Heap Scan on sbtest2  (cost=22.17..3671.87 rows=950 width=121)
	        Recheck Cond: ((id >= 6650376) AND (id <= 6651375))
	        ->  Bitmap Index Scan on sbtest2_pkey  (cost=0.00..21.93 rows=950 width=0)
	              Index Cond: ((id >= 6650376) AND (id <= 6651375))

table 3 : explain SELECT c FROM sbtest3 WHERE id BETWEEN 9265241 AND 9266240 ORDER BY c
	Sort  (cost=3956.04..3958.57 rows=1012 width=121)
	  Sort Key: c
	  ->  Bitmap Heap Scan on sbtest3  (cost=22.81..3905.53 rows=1012 width=121)
	        Recheck Cond: ((id >= 9265241) AND (id <= 9266240))
	        ->  Bitmap Index Scan on sbtest3_pkey  (cost=0.00..22.55 rows=1012 width=0)
	              Index Cond: ((id >= 9265241) AND (id <= 9266240))

table 4 : explain SELECT c FROM sbtest4 WHERE id BETWEEN 5610360 AND 5611359 ORDER BY c
	Sort  (cost=3883.40..3885.88 rows=993 width=121)
	  Sort Key: c
	  ->  Bitmap Heap Scan on sbtest4  (cost=22.61..3833.97 rows=993 width=121)
	        Recheck Cond: ((id >= 5610360) AND (id <= 5611359))
	        ->  Bitmap Index Scan on sbtest4_pkey  (cost=0.00..22.36 rows=993 width=0)
	              Index Cond: ((id >= 5610360) AND (id <= 5611359))

table 5 : explain SELECT c FROM sbtest5 WHERE id BETWEEN 6975746 AND 6976745 ORDER BY c
	Sort  (cost=4007.08..4009.64 rows=1025 width=121)
	  Sort Key: c
	  ->  Bitmap Heap Scan on sbtest5  (cost=22.94..3955.82 rows=1025 width=121)
	        Recheck Cond: ((id >= 6975746) AND (id <= 6976745))
	        ->  Bitmap Index Scan on sbtest5_pkey  (cost=0.00..22.68 rows=1025 width=0)
	              Index Cond: ((id >= 6975746) AND (id <= 6976745))

table 6 : explain SELECT c FROM sbtest6 WHERE id BETWEEN 3588273 AND 3589272 ORDER BY c
	Sort  (cost=4113.03..4115.66 rows=1053 width=121)
	  Sort Key: c
	  ->  Bitmap Heap Scan on sbtest6  (cost=23.23..4060.17 rows=1053 width=121)
	        Recheck Cond: ((id >= 3588273) AND (id <= 3589272))
	        ->  Bitmap Index Scan on sbtest6_pkey  (cost=0.00..22.96 rows=1053 width=0)
	              Index Cond: ((id >= 3588273) AND (id <= 3589272))

table 7 : explain SELECT c FROM sbtest7 WHERE id BETWEEN 2632902 AND 2633901 ORDER BY c
	Sort  (cost=3881.13..3883.61 rows=992 width=121)
	  Sort Key: c
	  ->  Bitmap Heap Scan on sbtest7  (cost=22.60..3831.76 rows=992 width=121)
	        Recheck Cond: ((id >= 2632902) AND (id <= 2633901))
	        ->  Bitmap Index Scan on sbtest7_pkey  (cost=0.00..22.36 rows=992 width=0)
	              Index Cond: ((id >= 2632902) AND (id <= 2633901))

table 8 : explain SELECT c FROM sbtest8 WHERE id BETWEEN 789358 AND 790357 ORDER BY c
	Sort  (cost=3812.14..3814.57 rows=974 width=121)
	  Sort Key: c
	  ->  Bitmap Heap Scan on sbtest8  (cost=22.42..3763.79 rows=974 width=121)
	        Recheck Cond: ((id >= 789358) AND (id <= 790357))
	        ->  Bitmap Index Scan on sbtest8_pkey  (cost=0.00..22.18 rows=974 width=0)
	              Index Cond: ((id >= 789358) AND (id <= 790357))

for: simple_ranges
table 1 : explain SELECT c FROM sbtest1 WHERE id BETWEEN 5980314 AND 5981313
	Bitmap Heap Scan on sbtest1  (cost=23.27..4074.94 rows=1057 width=121)
	  Recheck Cond: ((id >= 5980314) AND (id <= 5981313))
	  ->  Bitmap Index Scan on sbtest1_pkey  (cost=0.00..23.00 rows=1057 width=0)
	        Index Cond: ((id >= 5980314) AND (id <= 5981313))

table 2 : explain SELECT c FROM sbtest2 WHERE id BETWEEN 3427799 AND 3428798
	Bitmap Heap Scan on sbtest2  (cost=23.26..4070.91 rows=1056 width=121)
	  Recheck Cond: ((id >= 3427799) AND (id <= 3428798))
	  ->  Bitmap Index Scan on sbtest2_pkey  (cost=0.00..23.00 rows=1056 width=0)
	        Index Cond: ((id >= 3427799) AND (id <= 3428798))

table 3 : explain SELECT c FROM sbtest3 WHERE id BETWEEN 2445870 AND 2446869
	Bitmap Heap Scan on sbtest3  (cost=23.39..4119.83 rows=1069 width=121)
	  Recheck Cond: ((id >= 2445870) AND (id <= 2446869))
	  ->  Bitmap Index Scan on sbtest3_pkey  (cost=0.00..23.12 rows=1069 width=0)
	        Index Cond: ((id >= 2445870) AND (id <= 2446869))

table 4 : explain SELECT c FROM sbtest4 WHERE id BETWEEN 2821190 AND 2822189
	Bitmap Heap Scan on sbtest4  (cost=22.52..3800.07 rows=984 width=121)
	  Recheck Cond: ((id >= 2821190) AND (id <= 2822189))
	  ->  Bitmap Index Scan on sbtest4_pkey  (cost=0.00..22.27 rows=984 width=0)
	        Index Cond: ((id >= 2821190) AND (id <= 2822189))

table 5 : explain SELECT c FROM sbtest5 WHERE id BETWEEN 7294669 AND 7295668
	Bitmap Heap Scan on sbtest5  (cost=23.46..4147.61 rows=1076 width=121)
	  Recheck Cond: ((id >= 7294669) AND (id <= 7295668))
	  ->  Bitmap Index Scan on sbtest5_pkey  (cost=0.00..23.19 rows=1076 width=0)
	        Index Cond: ((id >= 7294669) AND (id <= 7295668))

table 6 : explain SELECT c FROM sbtest6 WHERE id BETWEEN 6345250 AND 6346249
	Bitmap Heap Scan on sbtest6  (cost=22.29..3713.81 rows=961 width=121)
	  Recheck Cond: ((id >= 6345250) AND (id <= 6346249))
	  ->  Bitmap Index Scan on sbtest6_pkey  (cost=0.00..22.04 rows=961 width=0)
	        Index Cond: ((id >= 6345250) AND (id <= 6346249))

table 7 : explain SELECT c FROM sbtest7 WHERE id BETWEEN 7828789 AND 7829788
	Bitmap Heap Scan on sbtest7  (cost=22.61..3835.53 rows=993 width=121)
	  Recheck Cond: ((id >= 7828789) AND (id <= 7829788))
	  ->  Bitmap Index Scan on sbtest7_pkey  (cost=0.00..22.36 rows=993 width=0)
	        Index Cond: ((id >= 7828789) AND (id <= 7829788))

table 8 : explain SELECT c FROM sbtest8 WHERE id BETWEEN 1440502 AND 1441501
	Bitmap Heap Scan on sbtest8  (cost=27.47..4155.47 rows=1077 width=121)
	  Recheck Cond: ((id >= 1440502) AND (id <= 1441501))
	  ->  Bitmap Index Scan on sbtest8_pkey  (cost=0.00..27.20 rows=1077 width=0)
	        Index Cond: ((id >= 1440502) AND (id <= 1441501))

for: simple_ranges
table 1 : explain SELECT c FROM sbtest1 WHERE id BETWEEN 2767316 AND 2768315
	Bitmap Heap Scan on sbtest1  (cost=22.82..3909.46 rows=1013 width=121)
	  Recheck Cond: ((id >= 2767316) AND (id <= 2768315))
	  ->  Bitmap Index Scan on sbtest1_pkey  (cost=0.00..22.57 rows=1013 width=0)
	        Index Cond: ((id >= 2767316) AND (id <= 2768315))

table 2 : explain SELECT c FROM sbtest2 WHERE id BETWEEN 5809386 AND 5810385
	Bitmap Heap Scan on sbtest2  (cost=23.20..4048.36 rows=1050 width=121)
	  Recheck Cond: ((id >= 5809386) AND (id <= 5810385))
	  ->  Bitmap Index Scan on sbtest2_pkey  (cost=0.00..22.93 rows=1050 width=0)
	        Index Cond: ((id >= 5809386) AND (id <= 5810385))

table 3 : explain SELECT c FROM sbtest3 WHERE id BETWEEN 5219746 AND 5220745
	Bitmap Heap Scan on sbtest3  (cost=22.70..3864.12 rows=1001 width=121)
	  Recheck Cond: ((id >= 5219746) AND (id <= 5220745))
	  ->  Bitmap Index Scan on sbtest3_pkey  (cost=0.00..22.44 rows=1001 width=0)
	        Index Cond: ((id >= 5219746) AND (id <= 5220745))

table 4 : explain SELECT c FROM sbtest4 WHERE id BETWEEN 656753 AND 657752
	Bitmap Heap Scan on sbtest4  (cost=21.99..3604.00 rows=932 width=121)
	  Recheck Cond: ((id >= 656753) AND (id <= 657752))
	  ->  Bitmap Index Scan on sbtest4_pkey  (cost=0.00..21.75 rows=932 width=0)
	        Index Cond: ((id >= 656753) AND (id <= 657752))

table 5 : explain SELECT c FROM sbtest5 WHERE id BETWEEN 4260210 AND 4261209
	Bitmap Heap Scan on sbtest5  (cost=22.13..3658.08 rows=946 width=121)
	  Recheck Cond: ((id >= 4260210) AND (id <= 4261209))
	  ->  Bitmap Index Scan on sbtest5_pkey  (cost=0.00..21.89 rows=946 width=0)
	        Index Cond: ((id >= 4260210) AND (id <= 4261209))

table 6 : explain SELECT c FROM sbtest6 WHERE id BETWEEN 3141470 AND 3142469
	Bitmap Heap Scan on sbtest6  (cost=23.07..4003.77 rows=1038 width=121)
	  Recheck Cond: ((id >= 3141470) AND (id <= 3142469))
	  ->  Bitmap Index Scan on sbtest6_pkey  (cost=0.00..22.82 rows=1038 width=0)
	        Index Cond: ((id >= 3141470) AND (id <= 3142469))

table 7 : explain SELECT c FROM sbtest7 WHERE id BETWEEN 7260947 AND 7261946
	Bitmap Heap Scan on sbtest7  (cost=22.52..3801.61 rows=984 width=121)
	  Recheck Cond: ((id >= 7260947) AND (id <= 7261946))
	  ->  Bitmap Index Scan on sbtest7_pkey  (cost=0.00..22.27 rows=984 width=0)
	        Index Cond: ((id >= 7260947) AND (id <= 7261946))

table 8 : explain SELECT c FROM sbtest8 WHERE id BETWEEN 6065063 AND 6066062
	Bitmap Heap Scan on sbtest8  (cost=23.35..4106.37 rows=1065 width=121)
	  Recheck Cond: ((id >= 6065063) AND (id <= 6066062))
	  ->  Bitmap Index Scan on sbtest8_pkey  (cost=0.00..23.08 rows=1065 width=0)
	        Index Cond: ((id >= 6065063) AND (id <= 6066062))

for: sum_ranges
table 1 : explain SELECT SUM(k) FROM sbtest1 WHERE id BETWEEN 9634126 AND 9635125
	Aggregate  (cost=3746.16..3746.17 rows=1 width=8)
	  ->  Bitmap Heap Scan on sbtest1  (cost=22.37..3743.74 rows=969 width=4)
	        Recheck Cond: ((id >= 9634126) AND (id <= 9635125))
	        ->  Bitmap Index Scan on sbtest1_pkey  (cost=0.00..22.12 rows=969 width=0)
	              Index Cond: ((id >= 9634126) AND (id <= 9635125))

table 2 : explain SELECT SUM(k) FROM sbtest2 WHERE id BETWEEN 8473712 AND 8474711
	Aggregate  (cost=3923.04..3923.05 rows=1 width=8)
	  ->  Bitmap Heap Scan on sbtest2  (cost=22.85..3920.50 rows=1016 width=4)
	        Recheck Cond: ((id >= 8473712) AND (id <= 8474711))
	        ->  Bitmap Index Scan on sbtest2_pkey  (cost=0.00..22.59 rows=1016 width=0)
	              Index Cond: ((id >= 8473712) AND (id <= 8474711))

table 3 : explain SELECT SUM(k) FROM sbtest3 WHERE id BETWEEN 4274152 AND 4275151
	Aggregate  (cost=3727.14..3727.15 rows=1 width=8)
	  ->  Bitmap Heap Scan on sbtest3  (cost=22.32..3724.73 rows=964 width=4)
	        Recheck Cond: ((id >= 4274152) AND (id <= 4275151))
	        ->  Bitmap Index Scan on sbtest3_pkey  (cost=0.00..22.07 rows=964 width=0)
	              Index Cond: ((id >= 4274152) AND (id <= 4275151))

table 4 : explain SELECT SUM(k) FROM sbtest4 WHERE id BETWEEN 2631230 AND 2632229
	Aggregate  (cost=3889.19..3889.20 rows=1 width=8)
	  ->  Bitmap Heap Scan on sbtest4  (cost=22.76..3886.68 rows=1007 width=4)
	        Recheck Cond: ((id >= 2631230) AND (id <= 2632229))
	        ->  Bitmap Index Scan on sbtest4_pkey  (cost=0.00..22.50 rows=1007 width=0)
	              Index Cond: ((id >= 2631230) AND (id <= 2632229))

table 5 : explain SELECT SUM(k) FROM sbtest5 WHERE id BETWEEN 6063743 AND 6064742
	Aggregate  (cost=3720.85..3720.86 rows=1 width=8)
	  ->  Bitmap Heap Scan on sbtest5  (cost=22.30..3718.45 rows=962 width=4)
	        Recheck Cond: ((id >= 6063743) AND (id <= 6064742))
	        ->  Bitmap Index Scan on sbtest5_pkey  (cost=0.00..22.05 rows=962 width=0)
	              Index Cond: ((id >= 6063743) AND (id <= 6064742))

table 6 : explain SELECT SUM(k) FROM sbtest6 WHERE id BETWEEN 6486484 AND 6487483
	Aggregate  (cost=3787.88..3787.89 rows=1 width=8)
	  ->  Bitmap Heap Scan on sbtest6  (cost=22.48..3785.43 rows=980 width=4)
	        Recheck Cond: ((id >= 6486484) AND (id <= 6487483))
	        ->  Bitmap Index Scan on sbtest6_pkey  (cost=0.00..22.23 rows=980 width=0)
	              Index Cond: ((id >= 6486484) AND (id <= 6487483))

table 7 : explain SELECT SUM(k) FROM sbtest7 WHERE id BETWEEN 504748 AND 505747
	Aggregate  (cost=3656.87..3656.88 rows=1 width=8)
	  ->  Bitmap Heap Scan on sbtest7  (cost=22.12..3654.50 rows=945 width=4)
	        Recheck Cond: ((id >= 504748) AND (id <= 505747))
	        ->  Bitmap Index Scan on sbtest7_pkey  (cost=0.00..21.89 rows=945 width=0)
	              Index Cond: ((id >= 504748) AND (id <= 505747))

table 8 : explain SELECT SUM(k) FROM sbtest8 WHERE id BETWEEN 8642147 AND 8643146
	Aggregate  (cost=3690.74..3690.75 rows=1 width=8)
	  ->  Bitmap Heap Scan on sbtest8  (cost=22.21..3688.35 rows=954 width=4)
	        Recheck Cond: ((id >= 8642147) AND (id <= 8643146))
	        ->  Bitmap Index Scan on sbtest8_pkey  (cost=0.00..21.97 rows=954 width=0)
	              Index Cond: ((id >= 8642147) AND (id <= 8643146))

for point_selects
table 1 : explain SELECT c FROM sbtest1 WHERE id=3235096
	Index Scan using sbtest1_pkey on sbtest1  (cost=0.43..8.45 rows=1 width=121)
	  Index Cond: (id = 3235096)

table 2 : explain SELECT c FROM sbtest2 WHERE id=9040351
	Index Scan using sbtest2_pkey on sbtest2  (cost=0.43..8.45 rows=1 width=121)
	  Index Cond: (id = 9040351)

table 3 : explain SELECT c FROM sbtest3 WHERE id=7406916
	Index Scan using sbtest3_pkey on sbtest3  (cost=0.43..8.45 rows=1 width=121)
	  Index Cond: (id = 7406916)

table 4 : explain SELECT c FROM sbtest4 WHERE id=1020910
	Index Scan using sbtest4_pkey on sbtest4  (cost=0.43..8.45 rows=1 width=121)
	  Index Cond: (id = 1020910)

table 5 : explain SELECT c FROM sbtest5 WHERE id=3296602
	Index Scan using sbtest5_pkey on sbtest5  (cost=0.43..8.45 rows=1 width=121)
	  Index Cond: (id = 3296602)

table 6 : explain SELECT c FROM sbtest6 WHERE id=9789800
	Index Scan using sbtest6_pkey on sbtest6  (cost=0.43..8.45 rows=1 width=121)
	  Index Cond: (id = 9789800)

table 7 : explain SELECT c FROM sbtest7 WHERE id=8692680
	Index Scan using sbtest7_pkey on sbtest7  (cost=0.43..8.45 rows=1 width=121)
	  Index Cond: (id = 8692680)

table 8 : explain SELECT c FROM sbtest8 WHERE id=4801063
	Index Scan using sbtest8_pkey on sbtest8  (cost=0.43..8.45 rows=1 width=121)
	  Index Cond: (id = 4801063)

for: distinct_ranges
table 1 : explain SELECT DISTINCT c FROM sbtest1 WHERE id BETWEEN 6842700 AND 6843699 ORDER BY c
	Unique  (cost=3485.31..3489.75 rows=889 width=121)
	  ->  Sort  (cost=3485.31..3487.53 rows=889 width=121)
	        Sort Key: c
	        ->  Bitmap Heap Scan on sbtest1  (cost=21.55..3441.77 rows=889 width=121)
	              Recheck Cond: ((id >= 6842700) AND (id <= 6843699))
	              ->  Bitmap Index Scan on sbtest1_pkey  (cost=0.00..21.32 rows=889 width=0)
	                    Index Cond: ((id >= 6842700) AND (id <= 6843699))

table 2 : explain SELECT DISTINCT c FROM sbtest2 WHERE id BETWEEN 7017579 AND 7018578 ORDER BY c
	Unique  (cost=3898.64..3903.63 rows=997 width=121)
	  ->  Sort  (cost=3898.64..3901.13 rows=997 width=121)
	        Sort Key: c
	        ->  Bitmap Heap Scan on sbtest2  (cost=22.65..3848.98 rows=997 width=121)
	              Recheck Cond: ((id >= 7017579) AND (id <= 7018578))
	              ->  Bitmap Index Scan on sbtest2_pkey  (cost=0.00..22.40 rows=997 width=0)
	                    Index Cond: ((id >= 7017579) AND (id <= 7018578))

table 3 : explain SELECT DISTINCT c FROM sbtest3 WHERE id BETWEEN 4393724 AND 4394723 ORDER BY c
	Unique  (cost=3852.84..3857.77 rows=985 width=121)
	  ->  Sort  (cost=3852.84..3855.30 rows=985 width=121)
	        Sort Key: c
	        ->  Bitmap Heap Scan on sbtest3  (cost=22.53..3803.87 rows=985 width=121)
	              Recheck Cond: ((id >= 4393724) AND (id <= 4394723))
	              ->  Bitmap Index Scan on sbtest3_pkey  (cost=0.00..22.29 rows=985 width=0)
	                    Index Cond: ((id >= 4393724) AND (id <= 4394723))

table 4 : explain SELECT DISTINCT c FROM sbtest4 WHERE id BETWEEN 4268520 AND 4269519 ORDER BY c
	Unique  (cost=4219.34..4224.74 rows=1081 width=121)
	  ->  Sort  (cost=4219.34..4222.04 rows=1081 width=121)
	        Sort Key: c
	        ->  Bitmap Heap Scan on sbtest4  (cost=23.52..4164.86 rows=1081 width=121)
	              Recheck Cond: ((id >= 4268520) AND (id <= 4269519))
	              ->  Bitmap Index Scan on sbtest4_pkey  (cost=0.00..23.25 rows=1081 width=0)
	                    Index Cond: ((id >= 4268520) AND (id <= 4269519))

table 5 : explain SELECT DISTINCT c FROM sbtest5 WHERE id BETWEEN 147149 AND 148148 ORDER BY c
	Unique  (cost=3999.44..4004.55 rows=1023 width=121)
	  ->  Sort  (cost=3999.44..4001.99 rows=1023 width=121)
	        Sort Key: c
	        ->  Bitmap Heap Scan on sbtest5  (cost=22.92..3948.29 rows=1023 width=121)
	              Recheck Cond: ((id >= 147149) AND (id <= 148148))
	              ->  Bitmap Index Scan on sbtest5_pkey  (cost=0.00..22.66 rows=1023 width=0)
	                    Index Cond: ((id >= 147149) AND (id <= 148148))

table 6 : explain SELECT DISTINCT c FROM sbtest6 WHERE id BETWEEN 8723800 AND 8724799 ORDER BY c
	Unique  (cost=3504.70..3509.17 rows=894 width=121)
	  ->  Sort  (cost=3504.70..3506.93 rows=894 width=121)
	        Sort Key: c
	        ->  Bitmap Heap Scan on sbtest6  (cost=21.60..3460.87 rows=894 width=121)
	              Recheck Cond: ((id >= 8723800) AND (id <= 8724799))
	              ->  Bitmap Index Scan on sbtest6_pkey  (cost=0.00..21.37 rows=894 width=0)
	                    Index Cond: ((id >= 8723800) AND (id <= 8724799))

table 7 : explain SELECT DISTINCT c FROM sbtest7 WHERE id BETWEEN 6722632 AND 6723631 ORDER BY c
	Unique  (cost=4194.40..4199.77 rows=1074 width=121)
	  ->  Sort  (cost=4194.40..4197.09 rows=1074 width=121)
	        Sort Key: c
	        ->  Bitmap Heap Scan on sbtest7  (cost=23.44..4140.33 rows=1074 width=121)
	              Recheck Cond: ((id >= 6722632) AND (id <= 6723631))
	              ->  Bitmap Index Scan on sbtest7_pkey  (cost=0.00..23.18 rows=1074 width=0)
	                    Index Cond: ((id >= 6722632) AND (id <= 6723631))

table 8 : explain SELECT DISTINCT c FROM sbtest8 WHERE id BETWEEN 2219108 AND 2220107 ORDER BY c
	Unique  (cost=4053.02..4058.20 rows=1037 width=121)
	  ->  Sort  (cost=4053.02..4055.61 rows=1037 width=121)
	        Sort Key: c
	        ->  Bitmap Heap Scan on sbtest8  (cost=23.06..4001.08 rows=1037 width=121)
	              Recheck Cond: ((id >= 2219108) AND (id <= 2220107))
	              ->  Bitmap Index Scan on sbtest8_pkey  (cost=0.00..22.80 rows=1037 width=0)
	                    Index Cond: ((id >= 2219108) AND (id <= 2220107))

for: order_ranges
table 1 : explain SELECT c FROM sbtest1 WHERE id BETWEEN 313223 AND 314222 ORDER BY c
	Sort  (cost=3810.93..3813.37 rows=974 width=121)
	  Sort Key: c
	  ->  Bitmap Heap Scan on sbtest1  (cost=22.42..3762.58 rows=974 width=121)
	        Recheck Cond: ((id >= 313223) AND (id <= 314222))
	        ->  Bitmap Index Scan on sbtest1_pkey  (cost=0.00..22.18 rows=974 width=0)
	              Index Cond: ((id >= 313223) AND (id <= 314222))

table 2 : explain SELECT c FROM sbtest2 WHERE id BETWEEN 5681240 AND 5682239 ORDER BY c
	Sort  (cost=3906.29..3908.78 rows=999 width=121)
	  Sort Key: c
	  ->  Bitmap Heap Scan on sbtest2  (cost=22.67..3856.51 rows=999 width=121)
	        Recheck Cond: ((id >= 5681240) AND (id <= 5682239))
	        ->  Bitmap Index Scan on sbtest2_pkey  (cost=0.00..22.43 rows=999 width=0)
	              Index Cond: ((id >= 5681240) AND (id <= 5682239))

table 3 : explain SELECT c FROM sbtest3 WHERE id BETWEEN 9573575 AND 9574574 ORDER BY c
	Sort  (cost=4051.52..4054.11 rows=1037 width=121)
	  Sort Key: c
	  ->  Bitmap Heap Scan on sbtest3  (cost=23.06..3999.57 rows=1037 width=121)
	        Recheck Cond: ((id >= 9573575) AND (id <= 9574574))
	        ->  Bitmap Index Scan on sbtest3_pkey  (cost=0.00..22.80 rows=1037 width=0)
	              Index Cond: ((id >= 9573575) AND (id <= 9574574))

table 4 : explain SELECT c FROM sbtest4 WHERE id BETWEEN 3628422 AND 3629421 ORDER BY c
	Sort  (cost=3887.22..3889.70 rows=994 width=121)
	  Sort Key: c
	  ->  Bitmap Heap Scan on sbtest4  (cost=22.62..3837.73 rows=994 width=121)
	        Recheck Cond: ((id >= 3628422) AND (id <= 3629421))
	        ->  Bitmap Index Scan on sbtest4_pkey  (cost=0.00..22.37 rows=994 width=0)
	              Index Cond: ((id >= 3628422) AND (id <= 3629421))

table 5 : explain SELECT c FROM sbtest5 WHERE id BETWEEN 1479808 AND 1480807 ORDER BY c
	Sort  (cost=3566.85..3569.12 rows=910 width=121)
	  Sort Key: c
	  ->  Bitmap Heap Scan on sbtest5  (cost=21.76..3522.12 rows=910 width=121)
	        Recheck Cond: ((id >= 1479808) AND (id <= 1480807))
	        ->  Bitmap Index Scan on sbtest5_pkey  (cost=0.00..21.54 rows=910 width=0)
	              Index Cond: ((id >= 1479808) AND (id <= 1480807))

table 6 : explain SELECT c FROM sbtest6 WHERE id BETWEEN 8206714 AND 8207713 ORDER BY c
	Sort  (cost=3910.60..3913.10 rows=1000 width=121)
	  Sort Key: c
	  ->  Bitmap Heap Scan on sbtest6  (cost=22.68..3860.77 rows=1000 width=121)
	        Recheck Cond: ((id >= 8206714) AND (id <= 8207713))
	        ->  Bitmap Index Scan on sbtest6_pkey  (cost=0.00..22.43 rows=1000 width=0)
	              Index Cond: ((id >= 8206714) AND (id <= 8207713))

table 7 : explain SELECT c FROM sbtest7 WHERE id BETWEEN 5382614 AND 5383613 ORDER BY c
	Sort  (cost=3616.89..3619.20 rows=923 width=121)
	  Sort Key: c
	  ->  Bitmap Heap Scan on sbtest7  (cost=21.90..3571.43 rows=923 width=121)
	        Recheck Cond: ((id >= 5382614) AND (id <= 5383613))
	        ->  Bitmap Index Scan on sbtest7_pkey  (cost=0.00..21.66 rows=923 width=0)
	              Index Cond: ((id >= 5382614) AND (id <= 5383613))

table 8 : explain SELECT c FROM sbtest8 WHERE id BETWEEN 9190537 AND 9191536 ORDER BY c
	Sort  (cost=3731.74..3734.12 rows=953 width=121)
	  Sort Key: c
	  ->  Bitmap Heap Scan on sbtest8  (cost=22.20..3684.58 rows=953 width=121)
	        Recheck Cond: ((id >= 9190537) AND (id <= 9191536))
	        ->  Bitmap Index Scan on sbtest8_pkey  (cost=0.00..21.96 rows=953 width=0)
	              Index Cond: ((id >= 9190537) AND (id <= 9191536))

for: sum_ranges
table 1 : explain SELECT SUM(k) FROM sbtest1 WHERE id BETWEEN 5671312 AND 5672311
	Aggregate  (cost=3912.00..3912.01 rows=1 width=8)
	  ->  Bitmap Heap Scan on sbtest1  (cost=22.82..3909.46 rows=1013 width=4)
	        Recheck Cond: ((id >= 5671312) AND (id <= 5672311))
	        ->  Bitmap Index Scan on sbtest1_pkey  (cost=0.00..22.57 rows=1013 width=0)
	              Index Cond: ((id >= 5671312) AND (id <= 5672311))

table 2 : explain SELECT SUM(k) FROM sbtest2 WHERE id BETWEEN 1719996 AND 1720995
	Aggregate  (cost=4269.18..4269.19 rows=1 width=8)
	  ->  Bitmap Heap Scan on sbtest2  (cost=27.79..4266.41 rows=1108 width=4)
	        Recheck Cond: ((id >= 1719996) AND (id <= 1720995))
	        ->  Bitmap Index Scan on sbtest2_pkey  (cost=0.00..27.51 rows=1108 width=0)
	              Index Cond: ((id >= 1719996) AND (id <= 1720995))

table 3 : explain SELECT SUM(k) FROM sbtest3 WHERE id BETWEEN 9600988 AND 9601987
	Aggregate  (cost=3926.88..3926.89 rows=1 width=8)
	  ->  Bitmap Heap Scan on sbtest3  (cost=22.86..3924.34 rows=1017 width=4)
	        Recheck Cond: ((id >= 9600988) AND (id <= 9601987))
	        ->  Bitmap Index Scan on sbtest3_pkey  (cost=0.00..22.61 rows=1017 width=0)
	              Index Cond: ((id >= 9600988) AND (id <= 9601987))

table 4 : explain SELECT SUM(k) FROM sbtest4 WHERE id BETWEEN 3664296 AND 3665295
	Aggregate  (cost=3840.22..3840.23 rows=1 width=8)
	  ->  Bitmap Heap Scan on sbtest4  (cost=22.62..3837.73 rows=994 width=4)
	        Recheck Cond: ((id >= 3664296) AND (id <= 3665295))
	        ->  Bitmap Index Scan on sbtest4_pkey  (cost=0.00..22.37 rows=994 width=0)
	              Index Cond: ((id >= 3664296) AND (id <= 3665295))

table 5 : explain SELECT SUM(k) FROM sbtest5 WHERE id BETWEEN 5555137 AND 5556136
	Aggregate  (cost=3950.85..3950.86 rows=1 width=8)
	  ->  Bitmap Heap Scan on sbtest5  (cost=22.92..3948.29 rows=1023 width=4)
	        Recheck Cond: ((id >= 5555137) AND (id <= 5556136))
	        ->  Bitmap Index Scan on sbtest5_pkey  (cost=0.00..22.66 rows=1023 width=0)
	              Index Cond: ((id >= 5555137) AND (id <= 5556136))

table 6 : explain SELECT SUM(k) FROM sbtest6 WHERE id BETWEEN 1638116 AND 1639115
	Aggregate  (cost=3716.21..3716.22 rows=1 width=8)
	  ->  Bitmap Heap Scan on sbtest6  (cost=22.29..3713.81 rows=961 width=4)
	        Recheck Cond: ((id >= 1638116) AND (id <= 1639115))
	        ->  Bitmap Index Scan on sbtest6_pkey  (cost=0.00..22.04 rows=961 width=0)
	              Index Cond: ((id >= 1638116) AND (id <= 1639115))

table 7 : explain SELECT SUM(k) FROM sbtest7 WHERE id BETWEEN 7729215 AND 7730214
	Aggregate  (cost=3838.01..3838.02 rows=1 width=8)
	  ->  Bitmap Heap Scan on sbtest7  (cost=22.61..3835.53 rows=993 width=4)
	        Recheck Cond: ((id >= 7729215) AND (id <= 7730214))
	        ->  Bitmap Index Scan on sbtest7_pkey  (cost=0.00..22.36 rows=993 width=0)
	              Index Cond: ((id >= 7729215) AND (id <= 7730214))

table 8 : explain SELECT SUM(k) FROM sbtest8 WHERE id BETWEEN 1742193 AND 1743192
	Aggregate  (cost=4086.46..4086.47 rows=1 width=8)
	  ->  Bitmap Heap Scan on sbtest8  (cost=23.29..4083.82 rows=1059 width=4)
	        Recheck Cond: ((id >= 1742193) AND (id <= 1743192))
	        ->  Bitmap Index Scan on sbtest8_pkey  (cost=0.00..23.02 rows=1059 width=0)
	              Index Cond: ((id >= 1742193) AND (id <= 1743192))

for: sum_ranges
table 1 : explain SELECT SUM(k) FROM sbtest1 WHERE id BETWEEN 4855196 AND 4856195
	Aggregate  (cost=4239.43..4239.44 rows=1 width=8)
	  ->  Bitmap Heap Scan on sbtest1  (cost=27.71..4236.68 rows=1100 width=4)
	        Recheck Cond: ((id >= 4855196) AND (id <= 4856195))
	        ->  Bitmap Index Scan on sbtest1_pkey  (cost=0.00..27.43 rows=1100 width=0)
	              Index Cond: ((id >= 4855196) AND (id <= 4856195))

table 2 : explain SELECT SUM(k) FROM sbtest2 WHERE id BETWEEN 9050624 AND 9051623
	Aggregate  (cost=3806.25..3806.26 rows=1 width=8)
	  ->  Bitmap Heap Scan on sbtest2  (cost=22.53..3803.79 rows=985 width=4)
	        Recheck Cond: ((id >= 9050624) AND (id <= 9051623))
	        ->  Bitmap Index Scan on sbtest2_pkey  (cost=0.00..22.29 rows=985 width=0)
	              Index Cond: ((id >= 9050624) AND (id <= 9051623))

table 3 : explain SELECT SUM(k) FROM sbtest3 WHERE id BETWEEN 3414142 AND 3415141
	Aggregate  (cost=3934.42..3934.43 rows=1 width=8)
	  ->  Bitmap Heap Scan on sbtest3  (cost=22.88..3931.87 rows=1019 width=4)
	        Recheck Cond: ((id >= 3414142) AND (id <= 3415141))
	        ->  Bitmap Index Scan on sbtest3_pkey  (cost=0.00..22.62 rows=1019 width=0)
	              Index Cond: ((id >= 3414142) AND (id <= 3415141))

table 4 : explain SELECT SUM(k) FROM sbtest4 WHERE id BETWEEN 8884638 AND 8885637
	Aggregate  (cost=4062.32..4062.33 rows=1 width=8)
	  ->  Bitmap Heap Scan on sbtest4  (cost=23.23..4059.68 rows=1053 width=4)
	        Recheck Cond: ((id >= 8884638) AND (id <= 8885637))
	        ->  Bitmap Index Scan on sbtest4_pkey  (cost=0.00..22.96 rows=1053 width=0)
	              Index Cond: ((id >= 8884638) AND (id <= 8885637))

table 5 : explain SELECT SUM(k) FROM sbtest5 WHERE id BETWEEN 3813267 AND 3814266
	Aggregate  (cost=3800.09..3800.10 rows=1 width=8)
	  ->  Bitmap Heap Scan on sbtest5  (cost=22.51..3797.63 rows=983 width=4)
	        Recheck Cond: ((id >= 3813267) AND (id <= 3814266))
	        ->  Bitmap Index Scan on sbtest5_pkey  (cost=0.00..22.26 rows=983 width=0)
	              Index Cond: ((id >= 3813267) AND (id <= 3814266))

table 6 : explain SELECT SUM(k) FROM sbtest6 WHERE id BETWEEN 4535561 AND 4536560
	Aggregate  (cost=4130.48..4130.49 rows=1 width=8)
	  ->  Bitmap Heap Scan on sbtest6  (cost=23.41..4127.81 rows=1071 width=4)
	        Recheck Cond: ((id >= 4535561) AND (id <= 4536560))
	        ->  Bitmap Index Scan on sbtest6_pkey  (cost=0.00..23.14 rows=1071 width=0)
	              Index Cond: ((id >= 4535561) AND (id <= 4536560))

table 7 : explain SELECT SUM(k) FROM sbtest7 WHERE id BETWEEN 8341899 AND 8342898
	Aggregate  (cost=3902.09..3902.10 rows=1 width=8)
	  ->  Bitmap Heap Scan on sbtest7  (cost=22.79..3899.57 rows=1010 width=4)
	        Recheck Cond: ((id >= 8341899) AND (id <= 8342898))
	        ->  Bitmap Index Scan on sbtest7_pkey  (cost=0.00..22.54 rows=1010 width=0)
	              Index Cond: ((id >= 8341899) AND (id <= 8342898))

table 8 : explain SELECT SUM(k) FROM sbtest8 WHERE id BETWEEN 2085244 AND 2086243
	Aggregate  (cost=3641.64..3641.65 rows=1 width=8)
	  ->  Bitmap Heap Scan on sbtest8  (cost=22.08..3639.29 rows=941 width=4)
	        Recheck Cond: ((id >= 2085244) AND (id <= 2086243))
	        ->  Bitmap Index Scan on sbtest8_pkey  (cost=0.00..21.84 rows=941 width=0)
	              Index Cond: ((id >= 2085244) AND (id <= 2086243))

for: simple_ranges
table 1 : explain SELECT c FROM sbtest1 WHERE id BETWEEN 2265710 AND 2266709
	Bitmap Heap Scan on sbtest1  (cost=23.60..4195.12 rows=1089 width=121)
	  Recheck Cond: ((id >= 2265710) AND (id <= 2266709))
	  ->  Bitmap Index Scan on sbtest1_pkey  (cost=0.00..23.32 rows=1089 width=0)
	        Index Cond: ((id >= 2265710) AND (id <= 2266709))

table 2 : explain SELECT c FROM sbtest2 WHERE id BETWEEN 7000788 AND 7001787
	Bitmap Heap Scan on sbtest2  (cost=22.65..3848.98 rows=997 width=121)
	  Recheck Cond: ((id >= 7000788) AND (id <= 7001787))
	  ->  Bitmap Index Scan on sbtest2_pkey  (cost=0.00..22.40 rows=997 width=0)
	        Index Cond: ((id >= 7000788) AND (id <= 7001787))

table 3 : explain SELECT c FROM sbtest3 WHERE id BETWEEN 8926526 AND 8927525
	Bitmap Heap Scan on sbtest3  (cost=27.97..4330.26 rows=1125 width=121)
	  Recheck Cond: ((id >= 8926526) AND (id <= 8927525))
	  ->  Bitmap Index Scan on sbtest3_pkey  (cost=0.00..27.68 rows=1125 width=0)
	        Index Cond: ((id >= 8926526) AND (id <= 8927525))

table 4 : explain SELECT c FROM sbtest4 WHERE id BETWEEN 8905953 AND 8906952
	Bitmap Heap Scan on sbtest4  (cost=23.33..4097.26 rows=1063 width=121)
	  Recheck Cond: ((id >= 8905953) AND (id <= 8906952))
	  ->  Bitmap Index Scan on sbtest4_pkey  (cost=0.00..23.07 rows=1063 width=0)
	        Index Cond: ((id >= 8905953) AND (id <= 8906952))

table 5 : explain SELECT c FROM sbtest5 WHERE id BETWEEN 57826 AND 58825
	Bitmap Heap Scan on sbtest5  (cost=28.09..4376.85 rows=1137 width=121)
	  Recheck Cond: ((id >= 57826) AND (id <= 58825))
	  ->  Bitmap Index Scan on sbtest5_pkey  (cost=0.00..27.80 rows=1137 width=0)
	        Index Cond: ((id >= 57826) AND (id <= 58825))

table 6 : explain SELECT c FROM sbtest6 WHERE id BETWEEN 9496042 AND 9497041
	Bitmap Heap Scan on sbtest6  (cost=23.20..4048.89 rows=1050 width=121)
	  Recheck Cond: ((id >= 9496042) AND (id <= 9497041))
	  ->  Bitmap Index Scan on sbtest6_pkey  (cost=0.00..22.93 rows=1050 width=0)
	        Index Cond: ((id >= 9496042) AND (id <= 9497041))

table 7 : explain SELECT c FROM sbtest7 WHERE id BETWEEN 3683995 AND 3684994
	Bitmap Heap Scan on sbtest7  (cost=21.98..3601.65 rows=931 width=121)
	  Recheck Cond: ((id >= 3683995) AND (id <= 3684994))
	  ->  Bitmap Index Scan on sbtest7_pkey  (cost=0.00..21.75 rows=931 width=0)
	        Index Cond: ((id >= 3683995) AND (id <= 3684994))

table 8 : explain SELECT c FROM sbtest8 WHERE id BETWEEN 581401 AND 582400
	Bitmap Heap Scan on sbtest8  (cost=22.74..3880.61 rows=1005 width=121)
	  Recheck Cond: ((id >= 581401) AND (id <= 582400))
	  ->  Bitmap Index Scan on sbtest8_pkey  (cost=0.00..22.48 rows=1005 width=0)
	        Index Cond: ((id >= 581401) AND (id <= 582400))

explain: for point_selects :: explain SELECT c FROM sbtest%u WHERE id=%u
for: order_ranges
table 1 : explain SELECT c FROM sbtest1 WHERE id BETWEEN 8642713 AND 8643712 ORDER BY c
	Sort  (cost=3853.01..3855.47 rows=985 width=121)
	  Sort Key: c
	  ->  Bitmap Heap Scan on sbtest1  (cost=22.53..3804.03 rows=985 width=121)
	        Recheck Cond: ((id >= 8642713) AND (id <= 8643712))
	        ->  Bitmap Index Scan on sbtest1_pkey  (cost=0.00..22.29 rows=985 width=0)
	              Index Cond: ((id >= 8642713) AND (id <= 8643712))

table 2 : explain SELECT c FROM sbtest2 WHERE id BETWEEN 6827378 AND 6828377 ORDER BY c
	Sort  (cost=4108.68..4111.31 rows=1052 width=121)
	  Sort Key: c
	  ->  Bitmap Heap Scan on sbtest2  (cost=23.22..4055.88 rows=1052 width=121)
	        Recheck Cond: ((id >= 6827378) AND (id <= 6828377))
	        ->  Bitmap Index Scan on sbtest2_pkey  (cost=0.00..22.95 rows=1052 width=0)
	              Index Cond: ((id >= 6827378) AND (id <= 6828377))

table 3 : explain SELECT c FROM sbtest3 WHERE id BETWEEN 6392904 AND 6393903 ORDER BY c
	Sort  (cost=3902.54..3905.04 rows=998 width=121)
	  Sort Key: c
	  ->  Bitmap Heap Scan on sbtest3  (cost=22.66..3852.83 rows=998 width=121)
	        Recheck Cond: ((id >= 6392904) AND (id <= 6393903))
	        ->  Bitmap Index Scan on sbtest3_pkey  (cost=0.00..22.41 rows=998 width=0)
	              Index Cond: ((id >= 6392904) AND (id <= 6393903))

table 4 : explain SELECT c FROM sbtest4 WHERE id BETWEEN 6142646 AND 6143645 ORDER BY c
	Sort  (cost=3730.38..3732.76 rows=953 width=121)
	  Sort Key: c
	  ->  Bitmap Heap Scan on sbtest4  (cost=22.20..3683.23 rows=953 width=121)
	        Recheck Cond: ((id >= 6142646) AND (id <= 6143645))
	        ->  Bitmap Index Scan on sbtest4_pkey  (cost=0.00..21.96 rows=953 width=0)
	              Index Cond: ((id >= 6142646) AND (id <= 6143645))

table 5 : explain SELECT c FROM sbtest5 WHERE id BETWEEN 3722821 AND 3723820 ORDER BY c
	Sort  (cost=4049.10..4051.69 rows=1036 width=121)
	  Sort Key: c
	  ->  Bitmap Heap Scan on sbtest5  (cost=23.05..3997.21 rows=1036 width=121)
	        Recheck Cond: ((id >= 3722821) AND (id <= 3723820))
	        ->  Bitmap Index Scan on sbtest5_pkey  (cost=0.00..22.79 rows=1036 width=0)
	              Index Cond: ((id >= 3722821) AND (id <= 3723820))

table 6 : explain SELECT c FROM sbtest6 WHERE id BETWEEN 6172373 AND 6173372 ORDER BY c
	Sort  (cost=4120.66..4123.30 rows=1055 width=121)
	  Sort Key: c
	  ->  Bitmap Heap Scan on sbtest6  (cost=23.25..4067.68 rows=1055 width=121)
	        Recheck Cond: ((id >= 6172373) AND (id <= 6173372))
	        ->  Bitmap Index Scan on sbtest6_pkey  (cost=0.00..22.98 rows=1055 width=0)
	              Index Cond: ((id >= 6172373) AND (id <= 6173372))

table 7 : explain SELECT c FROM sbtest7 WHERE id BETWEEN 9954258 AND 9955257 ORDER BY c
	Sort  (cost=3888.78..3891.27 rows=994 width=121)
	  Sort Key: c
	  ->  Bitmap Heap Scan on sbtest7  (cost=22.62..3839.30 rows=994 width=121)
	        Recheck Cond: ((id >= 9954258) AND (id <= 9955257))
	        ->  Bitmap Index Scan on sbtest7_pkey  (cost=0.00..22.37 rows=994 width=0)
	              Index Cond: ((id >= 9954258) AND (id <= 9955257))

table 8 : explain SELECT c FROM sbtest8 WHERE id BETWEEN 1628867 AND 1629866 ORDER BY c
	Sort  (cost=3869.53..3872.01 rows=989 width=121)
	  Sort Key: c
	  ->  Bitmap Heap Scan on sbtest8  (cost=22.57..3820.33 rows=989 width=121)
	        Recheck Cond: ((id >= 1628867) AND (id <= 1629866))
	        ->  Bitmap Index Scan on sbtest8_pkey  (cost=0.00..22.32 rows=989 width=0)
	              Index Cond: ((id >= 1628867) AND (id <= 1629866))

for: order_ranges
table 1 : explain SELECT c FROM sbtest1 WHERE id BETWEEN 9389944 AND 9390943 ORDER BY c
	Sort  (cost=3535.17..3537.42 rows=902 width=121)
	  Sort Key: c
	  ->  Bitmap Heap Scan on sbtest1  (cost=21.68..3490.90 rows=902 width=121)
	        Recheck Cond: ((id >= 9389944) AND (id <= 9390943))
	        ->  Bitmap Index Scan on sbtest1_pkey  (cost=0.00..21.45 rows=902 width=0)
	              Index Cond: ((id >= 9389944) AND (id <= 9390943))

table 2 : explain SELECT c FROM sbtest2 WHERE id BETWEEN 3500284 AND 3501283 ORDER BY c
	Sort  (cost=4253.59..4256.31 rows=1090 width=121)
	  Sort Key: c
	  ->  Bitmap Heap Scan on sbtest2  (cost=23.61..4198.60 rows=1090 width=121)
	        Recheck Cond: ((id >= 3500284) AND (id <= 3501283))
	        ->  Bitmap Index Scan on sbtest2_pkey  (cost=0.00..23.33 rows=1090 width=0)
	              Index Cond: ((id >= 3500284) AND (id <= 3501283))

table 3 : explain SELECT c FROM sbtest3 WHERE id BETWEEN 4767183 AND 4768182 ORDER BY c
	Sort  (cost=3627.01..3629.33 rows=926 width=121)
	  Sort Key: c
	  ->  Bitmap Heap Scan on sbtest3  (cost=21.93..3581.39 rows=926 width=121)
	        Recheck Cond: ((id >= 4767183) AND (id <= 4768182))
	        ->  Bitmap Index Scan on sbtest3_pkey  (cost=0.00..21.69 rows=926 width=0)
	              Index Cond: ((id >= 4767183) AND (id <= 4768182))

table 4 : explain SELECT c FROM sbtest4 WHERE id BETWEEN 2200890 AND 2201889 ORDER BY c
	Sort  (cost=4101.10..4103.72 rows=1050 width=121)
	  Sort Key: c
	  ->  Bitmap Heap Scan on sbtest4  (cost=23.20..4048.41 rows=1050 width=121)
	        Recheck Cond: ((id >= 2200890) AND (id <= 2201889))
	        ->  Bitmap Index Scan on sbtest4_pkey  (cost=0.00..22.93 rows=1050 width=0)
	              Index Cond: ((id >= 2200890) AND (id <= 2201889))

table 5 : explain SELECT c FROM sbtest5 WHERE id BETWEEN 4042686 AND 4043685 ORDER BY c
	Sort  (cost=3900.04..3902.53 rows=997 width=121)
	  Sort Key: c
	  ->  Bitmap Heap Scan on sbtest5  (cost=22.65..3850.38 rows=997 width=121)
	        Recheck Cond: ((id >= 4042686) AND (id <= 4043685))
	        ->  Bitmap Index Scan on sbtest5_pkey  (cost=0.00..22.40 rows=997 width=0)
	              Index Cond: ((id >= 4042686) AND (id <= 4043685))

table 6 : explain SELECT c FROM sbtest6 WHERE id BETWEEN 2983646 AND 2984645 ORDER BY c
	Sort  (cost=4029.04..4031.62 rows=1031 width=121)
	  Sort Key: c
	  ->  Bitmap Heap Scan on sbtest6  (cost=23.00..3977.44 rows=1031 width=121)
	        Recheck Cond: ((id >= 2983646) AND (id <= 2984645))
	        ->  Bitmap Index Scan on sbtest6_pkey  (cost=0.00..22.75 rows=1031 width=0)
	              Index Cond: ((id >= 2983646) AND (id <= 2984645))

table 7 : explain SELECT c FROM sbtest7 WHERE id BETWEEN 798031 AND 799030 ORDER BY c
	Sort  (cost=4160.06..4162.72 rows=1065 width=121)
	  Sort Key: c
	  ->  Bitmap Heap Scan on sbtest7  (cost=23.35..4106.51 rows=1065 width=121)
	        Recheck Cond: ((id >= 798031) AND (id <= 799030))
	        ->  Bitmap Index Scan on sbtest7_pkey  (cost=0.00..23.08 rows=1065 width=0)
	              Index Cond: ((id >= 798031) AND (id <= 799030))

table 8 : explain SELECT c FROM sbtest8 WHERE id BETWEEN 6349657 AND 6350656 ORDER BY c
	Sort  (cost=3716.42..3718.79 rows=949 width=121)
	  Sort Key: c
	  ->  Bitmap Heap Scan on sbtest8  (cost=22.16..3669.49 rows=949 width=121)
	        Recheck Cond: ((id >= 6349657) AND (id <= 6350656))
	        ->  Bitmap Index Scan on sbtest8_pkey  (cost=0.00..21.93 rows=949 width=0)
	              Index Cond: ((id >= 6349657) AND (id <= 6350656))

for: order_ranges
table 1 : explain SELECT c FROM sbtest1 WHERE id BETWEEN 6878492 AND 6879491 ORDER BY c
	Sort  (cost=4044.06..4046.65 rows=1035 width=121)
	  Sort Key: c
	  ->  Bitmap Heap Scan on sbtest1  (cost=23.04..3992.23 rows=1035 width=121)
	        Recheck Cond: ((id >= 6878492) AND (id <= 6879491))
	        ->  Bitmap Index Scan on sbtest1_pkey  (cost=0.00..22.79 rows=1035 width=0)
	              Index Cond: ((id >= 6878492) AND (id <= 6879491))

table 2 : explain SELECT c FROM sbtest2 WHERE id BETWEEN 7141823 AND 7142822 ORDER BY c
	Sort  (cost=4028.53..4031.11 rows=1031 width=121)
	  Sort Key: c
	  ->  Bitmap Heap Scan on sbtest2  (cost=23.00..3976.93 rows=1031 width=121)
	        Recheck Cond: ((id >= 7141823) AND (id <= 7142822))
	        ->  Bitmap Index Scan on sbtest2_pkey  (cost=0.00..22.75 rows=1031 width=0)
	              Index Cond: ((id >= 7141823) AND (id <= 7142822))

table 3 : explain SELECT c FROM sbtest3 WHERE id BETWEEN 3261563 AND 3262562 ORDER BY c
	Sort  (cost=4074.42..4077.03 rows=1043 width=121)
	  Sort Key: c
	  ->  Bitmap Heap Scan on sbtest3  (cost=23.13..4022.13 rows=1043 width=121)
	        Recheck Cond: ((id >= 3261563) AND (id <= 3262562))
	        ->  Bitmap Index Scan on sbtest3_pkey  (cost=0.00..22.86 rows=1043 width=0)
	              Index Cond: ((id >= 3261563) AND (id <= 3262562))

table 4 : explain SELECT c FROM sbtest4 WHERE id BETWEEN 7737051 AND 7738050 ORDER BY c
	Sort  (cost=3515.82..3518.07 rows=897 width=121)
	  Sort Key: c
	  ->  Bitmap Heap Scan on sbtest4  (cost=21.63..3471.83 rows=897 width=121)
	        Recheck Cond: ((id >= 7737051) AND (id <= 7738050))
	        ->  Bitmap Index Scan on sbtest4_pkey  (cost=0.00..21.40 rows=897 width=0)
	              Index Cond: ((id >= 7737051) AND (id <= 7738050))

table 5 : explain SELECT c FROM sbtest5 WHERE id BETWEEN 1896564 AND 1897563 ORDER BY c
	Sort  (cost=4049.10..4051.69 rows=1036 width=121)
	  Sort Key: c
	  ->  Bitmap Heap Scan on sbtest5  (cost=23.05..3997.21 rows=1036 width=121)
	        Recheck Cond: ((id >= 1896564) AND (id <= 1897563))
	        ->  Bitmap Index Scan on sbtest5_pkey  (cost=0.00..22.79 rows=1036 width=0)
	              Index Cond: ((id >= 1896564) AND (id <= 1897563))

table 6 : explain SELECT c FROM sbtest6 WHERE id BETWEEN 8935723 AND 8936722 ORDER BY c
	Sort  (cost=3799.69..3802.12 rows=971 width=121)
	  Sort Key: c
	  ->  Bitmap Heap Scan on sbtest6  (cost=22.39..3751.51 rows=971 width=121)
	        Recheck Cond: ((id >= 8935723) AND (id <= 8936722))
	        ->  Bitmap Index Scan on sbtest6_pkey  (cost=0.00..22.14 rows=971 width=0)
	              Index Cond: ((id >= 8935723) AND (id <= 8936722))

table 7 : explain SELECT c FROM sbtest7 WHERE id BETWEEN 1442220 AND 1443219 ORDER BY c
	Sort  (cost=3674.38..3676.73 rows=938 width=121)
	  Sort Key: c
	  ->  Bitmap Heap Scan on sbtest7  (cost=22.05..3628.08 rows=938 width=121)
	        Recheck Cond: ((id >= 1442220) AND (id <= 1443219))
	        ->  Bitmap Index Scan on sbtest7_pkey  (cost=0.00..21.82 rows=938 width=0)
	              Index Cond: ((id >= 1442220) AND (id <= 1443219))

table 8 : explain SELECT c FROM sbtest8 WHERE id BETWEEN 3877782 AND 3878781 ORDER BY c
	Sort  (cost=3639.78..3642.10 rows=929 width=121)
	  Sort Key: c
	  ->  Bitmap Heap Scan on sbtest8  (cost=21.96..3593.98 rows=929 width=121)
	        Recheck Cond: ((id >= 3877782) AND (id <= 3878781))
	        ->  Bitmap Index Scan on sbtest8_pkey  (cost=0.00..21.72 rows=929 width=0)
	              Index Cond: ((id >= 3877782) AND (id <= 3878781))

for: order_ranges
table 1 : explain SELECT c FROM sbtest1 WHERE id BETWEEN 8923199 AND 8924198 ORDER BY c
	Sort  (cost=3963.85..3966.39 rows=1014 width=121)
	  Sort Key: c
	  ->  Bitmap Heap Scan on sbtest1  (cost=22.83..3913.23 rows=1014 width=121)
	        Recheck Cond: ((id >= 8923199) AND (id <= 8924198))
	        ->  Bitmap Index Scan on sbtest1_pkey  (cost=0.00..22.57 rows=1014 width=0)
	              Index Cond: ((id >= 8923199) AND (id <= 8924198))

table 2 : explain SELECT c FROM sbtest2 WHERE id BETWEEN 1154241 AND 1155240 ORDER BY c
	Sort  (cost=3760.96..3763.36 rows=961 width=121)
	  Sort Key: c
	  ->  Bitmap Heap Scan on sbtest2  (cost=22.29..3713.35 rows=961 width=121)
	        Recheck Cond: ((id >= 1154241) AND (id <= 1155240))
	        ->  Bitmap Index Scan on sbtest2_pkey  (cost=0.00..22.04 rows=961 width=0)
	              Index Cond: ((id >= 1154241) AND (id <= 1155240))

table 3 : explain SELECT c FROM sbtest3 WHERE id BETWEEN 831986 AND 832985 ORDER BY c
	Sort  (cost=3810.77..3813.21 rows=974 width=121)
	  Sort Key: c
	  ->  Bitmap Heap Scan on sbtest3  (cost=22.42..3762.42 rows=974 width=121)
	        Recheck Cond: ((id >= 831986) AND (id <= 832985))
	        ->  Bitmap Index Scan on sbtest3_pkey  (cost=0.00..22.18 rows=974 width=0)
	              Index Cond: ((id >= 831986) AND (id <= 832985))

table 4 : explain SELECT c FROM sbtest4 WHERE id BETWEEN 5533593 AND 5534592 ORDER BY c
	Sort  (cost=3646.14..3648.47 rows=931 width=121)
	  Sort Key: c
	  ->  Bitmap Heap Scan on sbtest4  (cost=21.98..3600.23 rows=931 width=121)
	        Recheck Cond: ((id >= 5533593) AND (id <= 5534592))
	        ->  Bitmap Index Scan on sbtest4_pkey  (cost=0.00..21.75 rows=931 width=0)
	              Index Cond: ((id >= 5533593) AND (id <= 5534592))

table 5 : explain SELECT c FROM sbtest5 WHERE id BETWEEN 1946133 AND 1947132 ORDER BY c
	Sort  (cost=4049.10..4051.69 rows=1036 width=121)
	  Sort Key: c
	  ->  Bitmap Heap Scan on sbtest5  (cost=23.05..3997.21 rows=1036 width=121)
	        Recheck Cond: ((id >= 1946133) AND (id <= 1947132))
	        ->  Bitmap Index Scan on sbtest5_pkey  (cost=0.00..22.79 rows=1036 width=0)
	              Index Cond: ((id >= 1946133) AND (id <= 1947132))

table 6 : explain SELECT c FROM sbtest6 WHERE id BETWEEN 9163517 AND 9164516 ORDER BY c
	Sort  (cost=4638.83..4641.81 rows=1191 width=121)
	  Sort Key: c
	  ->  Bitmap Heap Scan on sbtest6  (cost=28.64..4577.99 rows=1191 width=121)
	        Recheck Cond: ((id >= 9163517) AND (id <= 9164516))
	        ->  Bitmap Index Scan on sbtest6_pkey  (cost=0.00..28.34 rows=1191 width=0)
	              Index Cond: ((id >= 9163517) AND (id <= 9164516))

table 7 : explain SELECT c FROM sbtest7 WHERE id BETWEEN 527242 AND 528241 ORDER BY c
	Sort  (cost=3865.83..3868.30 rows=988 width=121)
	  Sort Key: c
	  ->  Bitmap Heap Scan on sbtest7  (cost=22.56..3816.69 rows=988 width=121)
	        Recheck Cond: ((id >= 527242) AND (id <= 528241))
	        ->  Bitmap Index Scan on sbtest7_pkey  (cost=0.00..22.32 rows=988 width=0)
	              Index Cond: ((id >= 527242) AND (id <= 528241))

table 8 : explain SELECT c FROM sbtest8 WHERE id BETWEEN 428992 AND 429991 ORDER BY c
	Sort  (cost=4087.39..4090.01 rows=1046 width=121)
	  Sort Key: c
	  ->  Bitmap Heap Scan on sbtest8  (cost=23.16..4034.93 rows=1046 width=121)
	        Recheck Cond: ((id >= 428992) AND (id <= 429991))
	        ->  Bitmap Index Scan on sbtest8_pkey  (cost=0.00..22.89 rows=1046 width=0)
	              Index Cond: ((id >= 428992) AND (id <= 429991))

for: sum_ranges
table 1 : explain SELECT SUM(k) FROM sbtest1 WHERE id BETWEEN 156015 AND 157014
	Aggregate  (cost=3904.46..3904.47 rows=1 width=8)
	  ->  Bitmap Heap Scan on sbtest1  (cost=22.80..3901.94 rows=1011 width=4)
	        Recheck Cond: ((id >= 156015) AND (id <= 157014))
	        ->  Bitmap Index Scan on sbtest1_pkey  (cost=0.00..22.54 rows=1011 width=0)
	              Index Cond: ((id >= 156015) AND (id <= 157014))

table 2 : explain SELECT SUM(k) FROM sbtest2 WHERE id BETWEEN 2481917 AND 2482916
	Aggregate  (cost=4005.85..4005.86 rows=1 width=8)
	  ->  Bitmap Heap Scan on sbtest2  (cost=23.07..4003.25 rows=1038 width=4)
	        Recheck Cond: ((id >= 2481917) AND (id <= 2482916))
	        ->  Bitmap Index Scan on sbtest2_pkey  (cost=0.00..22.82 rows=1038 width=0)
	              Index Cond: ((id >= 2481917) AND (id <= 2482916))

table 3 : explain SELECT SUM(k) FROM sbtest3 WHERE id BETWEEN 77166 AND 78165
	Aggregate  (cost=4002.16..4002.17 rows=1 width=8)
	  ->  Bitmap Heap Scan on sbtest3  (cost=23.06..3999.57 rows=1037 width=4)
	        Recheck Cond: ((id >= 77166) AND (id <= 78165))
	        ->  Bitmap Index Scan on sbtest3_pkey  (cost=0.00..22.80 rows=1037 width=0)
	              Index Cond: ((id >= 77166) AND (id <= 78165))

table 4 : explain SELECT SUM(k) FROM sbtest4 WHERE id BETWEEN 1816827 AND 1817826
	Aggregate  (cost=3915.56..3915.57 rows=1 width=8)
	  ->  Bitmap Heap Scan on sbtest4  (cost=22.83..3913.02 rows=1014 width=4)
	        Recheck Cond: ((id >= 1816827) AND (id <= 1817826))
	        ->  Bitmap Index Scan on sbtest4_pkey  (cost=0.00..22.57 rows=1014 width=0)
	              Index Cond: ((id >= 1816827) AND (id <= 1817826))

table 5 : explain SELECT SUM(k) FROM sbtest5 WHERE id BETWEEN 1534352 AND 1535351
	Aggregate  (cost=4267.07..4267.08 rows=1 width=8)
	  ->  Bitmap Heap Scan on sbtest5  (cost=27.78..4264.30 rows=1107 width=4)
	        Recheck Cond: ((id >= 1534352) AND (id <= 1535351))
	        ->  Bitmap Index Scan on sbtest5_pkey  (cost=0.00..27.50 rows=1107 width=0)
	              Index Cond: ((id >= 1534352) AND (id <= 1535351))

table 6 : explain SELECT SUM(k) FROM sbtest6 WHERE id BETWEEN 3547414 AND 3548413
	Aggregate  (cost=4062.80..4062.81 rows=1 width=8)
	  ->  Bitmap Heap Scan on sbtest6  (cost=23.23..4060.17 rows=1053 width=4)
	        Recheck Cond: ((id >= 3547414) AND (id <= 3548413))
	        ->  Bitmap Index Scan on sbtest6_pkey  (cost=0.00..22.96 rows=1053 width=0)
	              Index Cond: ((id >= 3547414) AND (id <= 3548413))

table 7 : explain SELECT SUM(k) FROM sbtest7 WHERE id BETWEEN 7281735 AND 7282734
	Aggregate  (cost=3490.55..3490.56 rows=1 width=8)
	  ->  Bitmap Heap Scan on sbtest7  (cost=21.67..3488.29 rows=901 width=4)
	        Recheck Cond: ((id >= 7281735) AND (id <= 7282734))
	        ->  Bitmap Index Scan on sbtest7_pkey  (cost=0.00..21.44 rows=901 width=0)
	              Index Cond: ((id >= 7281735) AND (id <= 7282734))

table 8 : explain SELECT SUM(k) FROM sbtest8 WHERE id BETWEEN 6551116 AND 6552115
	Aggregate  (cost=3770.00..3770.01 rows=1 width=8)
	  ->  Bitmap Heap Scan on sbtest8  (cost=22.43..3767.56 rows=975 width=4)
	        Recheck Cond: ((id >= 6551116) AND (id <= 6552115))
	        ->  Bitmap Index Scan on sbtest8_pkey  (cost=0.00..22.18 rows=975 width=0)
	              Index Cond: ((id >= 6551116) AND (id <= 6552115))

explain: for point_selects :: explain SELECT c FROM sbtest%u WHERE id=%u
for: distinct_ranges
table 1 : explain SELECT DISTINCT c FROM sbtest1 WHERE id BETWEEN 6750066 AND 6751065 ORDER BY c
	Unique  (cost=3692.28..3697.00 rows=943 width=121)
	  ->  Sort  (cost=3692.28..3694.64 rows=943 width=121)
	        Sort Key: c
	        ->  Bitmap Heap Scan on sbtest1  (cost=22.10..3645.69 rows=943 width=121)
	              Recheck Cond: ((id >= 6750066) AND (id <= 6751065))
	              ->  Bitmap Index Scan on sbtest1_pkey  (cost=0.00..21.86 rows=943 width=0)
	                    Index Cond: ((id >= 6750066) AND (id <= 6751065))

table 2 : explain SELECT DISTINCT c FROM sbtest2 WHERE id BETWEEN 8391280 AND 8392279 ORDER BY c
	Unique  (cost=4081.97..4087.20 rows=1045 width=121)
	  ->  Sort  (cost=4081.97..4084.58 rows=1045 width=121)
	        Sort Key: c
	        ->  Bitmap Heap Scan on sbtest2  (cost=23.15..4029.57 rows=1045 width=121)
	              Recheck Cond: ((id >= 8391280) AND (id <= 8392279))
	              ->  Bitmap Index Scan on sbtest2_pkey  (cost=0.00..22.89 rows=1045 width=0)
	                    Index Cond: ((id >= 8391280) AND (id <= 8392279))

table 3 : explain SELECT DISTINCT c FROM sbtest3 WHERE id BETWEEN 1178087 AND 1179086 ORDER BY c
	Unique  (cost=3864.31..3869.25 rows=988 width=121)
	  ->  Sort  (cost=3864.31..3866.78 rows=988 width=121)
	        Sort Key: c
	        ->  Bitmap Heap Scan on sbtest3  (cost=22.56..3815.17 rows=988 width=121)
	              Recheck Cond: ((id >= 1178087) AND (id <= 1179086))
	              ->  Bitmap Index Scan on sbtest3_pkey  (cost=0.00..22.32 rows=988 width=0)
	                    Index Cond: ((id >= 1178087) AND (id <= 1179086))

table 4 : explain SELECT DISTINCT c FROM sbtest4 WHERE id BETWEEN 9051776 AND 9052775 ORDER BY c
	Unique  (cost=3936.90..3941.94 rows=1007 width=121)
	  ->  Sort  (cost=3936.90..3939.42 rows=1007 width=121)
	        Sort Key: c
	        ->  Bitmap Heap Scan on sbtest4  (cost=22.76..3886.68 rows=1007 width=121)
	              Recheck Cond: ((id >= 9051776) AND (id <= 9052775))
	              ->  Bitmap Index Scan on sbtest4_pkey  (cost=0.00..22.50 rows=1007 width=0)
	                    Index Cond: ((id >= 9051776) AND (id <= 9052775))

table 5 : explain SELECT DISTINCT c FROM sbtest5 WHERE id BETWEEN 1951126 AND 1952125 ORDER BY c
	Unique  (cost=4049.10..4054.28 rows=1036 width=121)
	  ->  Sort  (cost=4049.10..4051.69 rows=1036 width=121)
	        Sort Key: c
	        ->  Bitmap Heap Scan on sbtest5  (cost=23.05..3997.21 rows=1036 width=121)
	              Recheck Cond: ((id >= 1951126) AND (id <= 1952125))
	              ->  Bitmap Index Scan on sbtest5_pkey  (cost=0.00..22.79 rows=1036 width=0)
	                    Index Cond: ((id >= 1951126) AND (id <= 1952125))

table 6 : explain SELECT DISTINCT c FROM sbtest6 WHERE id BETWEEN 2040113 AND 2041112 ORDER BY c
	Unique  (cost=3883.84..3888.80 rows=993 width=121)
	  ->  Sort  (cost=3883.84..3886.32 rows=993 width=121)
	        Sort Key: c
	        ->  Bitmap Heap Scan on sbtest6  (cost=22.61..3834.41 rows=993 width=121)
	              Recheck Cond: ((id >= 2040113) AND (id <= 2041112))
	              ->  Bitmap Index Scan on sbtest6_pkey  (cost=0.00..22.36 rows=993 width=0)
	                    Index Cond: ((id >= 2040113) AND (id <= 2041112))

table 7 : explain SELECT DISTINCT c FROM sbtest7 WHERE id BETWEEN 4669661 AND 4670660 ORDER BY c
	Unique  (cost=3651.39..3656.05 rows=932 width=121)
	  ->  Sort  (cost=3651.39..3653.72 rows=932 width=121)
	        Sort Key: c
	        ->  Bitmap Heap Scan on sbtest7  (cost=21.99..3605.42 rows=932 width=121)
	              Recheck Cond: ((id >= 4669661) AND (id <= 4670660))
	              ->  Bitmap Index Scan on sbtest7_pkey  (cost=0.00..21.75 rows=932 width=0)
	                    Index Cond: ((id >= 4669661) AND (id <= 4670660))

table 8 : explain SELECT DISTINCT c FROM sbtest8 WHERE id BETWEEN 3902687 AND 3903686 ORDER BY c
	Unique  (cost=3639.78..3644.43 rows=929 width=121)
	  ->  Sort  (cost=3639.78..3642.10 rows=929 width=121)
	        Sort Key: c
	        ->  Bitmap Heap Scan on sbtest8  (cost=21.96..3593.98 rows=929 width=121)
	              Recheck Cond: ((id >= 3902687) AND (id <= 3903686))
	              ->  Bitmap Index Scan on sbtest8_pkey  (cost=0.00..21.72 rows=929 width=0)
	                    Index Cond: ((id >= 3902687) AND (id <= 3903686))

for: distinct_ranges
table 1 : explain SELECT DISTINCT c FROM sbtest1 WHERE id BETWEEN 5003943 AND 5004942 ORDER BY c
	Unique  (cost=4204.31..4209.70 rows=1077 width=121)
	  ->  Sort  (cost=4204.31..4207.00 rows=1077 width=121)
	        Sort Key: c
	        ->  Bitmap Heap Scan on sbtest1  (cost=23.47..4150.07 rows=1077 width=121)
	              Recheck Cond: ((id >= 5003943) AND (id <= 5004942))
	              ->  Bitmap Index Scan on sbtest1_pkey  (cost=0.00..23.20 rows=1077 width=0)
	                    Index Cond: ((id >= 5003943) AND (id <= 5004942))

table 2 : explain SELECT DISTINCT c FROM sbtest2 WHERE id BETWEEN 7751629 AND 7752628 ORDER BY c
	Unique  (cost=3707.37..3712.11 rows=947 width=121)
	  ->  Sort  (cost=3707.37..3709.74 rows=947 width=121)
	        Sort Key: c
	        ->  Bitmap Heap Scan on sbtest2  (cost=22.14..3660.56 rows=947 width=121)
	              Recheck Cond: ((id >= 7751629) AND (id <= 7752628))
	              ->  Bitmap Index Scan on sbtest2_pkey  (cost=0.00..21.90 rows=947 width=0)
	                    Index Cond: ((id >= 7751629) AND (id <= 7752628))

table 3 : explain SELECT DISTINCT c FROM sbtest3 WHERE id BETWEEN 4249389 AND 4250388 ORDER BY c
	Unique  (cost=3772.51..3777.33 rows=964 width=121)
	  ->  Sort  (cost=3772.51..3774.92 rows=964 width=121)
	        Sort Key: c
	        ->  Bitmap Heap Scan on sbtest3  (cost=22.32..3724.73 rows=964 width=121)
	              Recheck Cond: ((id >= 4249389) AND (id <= 4250388))
	              ->  Bitmap Index Scan on sbtest3_pkey  (cost=0.00..22.07 rows=964 width=0)
	                    Index Cond: ((id >= 4249389) AND (id <= 4250388))

table 4 : explain SELECT DISTINCT c FROM sbtest4 WHERE id BETWEEN 3769915 AND 3770914 ORDER BY c
	Unique  (cost=3971.29..3976.37 rows=1016 width=121)
	  ->  Sort  (cost=3971.29..3973.83 rows=1016 width=121)
	        Sort Key: c
	        ->  Bitmap Heap Scan on sbtest4  (cost=22.85..3920.55 rows=1016 width=121)
	              Recheck Cond: ((id >= 3769915) AND (id <= 3770914))
	              ->  Bitmap Index Scan on sbtest4_pkey  (cost=0.00..22.59 rows=1016 width=0)
	                    Index Cond: ((id >= 3769915) AND (id <= 3770914))

table 5 : explain SELECT DISTINCT c FROM sbtest5 WHERE id BETWEEN 9110068 AND 9111067 ORDER BY c
	Unique  (cost=3482.44..3486.88 rows=888 width=121)
	  ->  Sort  (cost=3482.44..3484.66 rows=888 width=121)
	        Sort Key: c
	        ->  Bitmap Heap Scan on sbtest5  (cost=21.54..3438.96 rows=888 width=121)
	              Recheck Cond: ((id >= 9110068) AND (id <= 9111067))
	              ->  Bitmap Index Scan on sbtest5_pkey  (cost=0.00..21.32 rows=888 width=0)
	                    Index Cond: ((id >= 9110068) AND (id <= 9111067))

table 6 : explain SELECT DISTINCT c FROM sbtest6 WHERE id BETWEEN 2023572 AND 2024571 ORDER BY c
	Unique  (cost=3803.52..3808.38 rows=972 width=121)
	  ->  Sort  (cost=3803.52..3805.95 rows=972 width=121)
	        Sort Key: c
	        ->  Bitmap Heap Scan on sbtest6  (cost=22.40..3755.28 rows=972 width=121)
	              Recheck Cond: ((id >= 2023572) AND (id <= 2024571))
	              ->  Bitmap Index Scan on sbtest6_pkey  (cost=0.00..22.15 rows=972 width=0)
	                    Index Cond: ((id >= 2023572) AND (id <= 2024571))

table 7 : explain SELECT DISTINCT c FROM sbtest7 WHERE id BETWEEN 8830818 AND 8831817 ORDER BY c
	Unique  (cost=3923.20..3928.22 rows=1003 width=121)
	  ->  Sort  (cost=3923.20..3925.71 rows=1003 width=121)
	        Sort Key: c
	        ->  Bitmap Heap Scan on sbtest7  (cost=22.72..3873.20 rows=1003 width=121)
	              Recheck Cond: ((id >= 8830818) AND (id <= 8831817))
	              ->  Bitmap Index Scan on sbtest7_pkey  (cost=0.00..22.46 rows=1003 width=0)
	                    Index Cond: ((id >= 8830818) AND (id <= 8831817))

table 8 : explain SELECT DISTINCT c FROM sbtest8 WHERE id BETWEEN 3973273 AND 3974272 ORDER BY c
	Unique  (cost=3639.78..3644.43 rows=929 width=121)
	  ->  Sort  (cost=3639.78..3642.10 rows=929 width=121)
	        Sort Key: c
	        ->  Bitmap Heap Scan on sbtest8  (cost=21.96..3593.98 rows=929 width=121)
	              Recheck Cond: ((id >= 3973273) AND (id <= 3974272))
	              ->  Bitmap Index Scan on sbtest8_pkey  (cost=0.00..21.72 rows=929 width=0)
	                    Index Cond: ((id >= 3973273) AND (id <= 3974272))

for: sum_ranges
table 1 : explain SELECT SUM(k) FROM sbtest1 WHERE id BETWEEN 3298144 AND 3299143
	Aggregate  (cost=3700.89..3700.90 rows=1 width=8)
	  ->  Bitmap Heap Scan on sbtest1  (cost=22.24..3698.50 rows=957 width=4)
	        Recheck Cond: ((id >= 3298144) AND (id <= 3299143))
	        ->  Bitmap Index Scan on sbtest1_pkey  (cost=0.00..22.00 rows=957 width=0)
	              Index Cond: ((id >= 3298144) AND (id <= 3299143))

table 2 : explain SELECT SUM(k) FROM sbtest2 WHERE id BETWEEN 7621532 AND 7622531
	Aggregate  (cost=3591.19..3591.20 rows=1 width=8)
	  ->  Bitmap Heap Scan on sbtest2  (cost=21.95..3588.87 rows=928 width=4)
	        Recheck Cond: ((id >= 7621532) AND (id <= 7622531))
	        ->  Bitmap Index Scan on sbtest2_pkey  (cost=0.00..21.71 rows=928 width=0)
	              Index Cond: ((id >= 7621532) AND (id <= 7622531))

table 3 : explain SELECT SUM(k) FROM sbtest3 WHERE id BETWEEN 8928362 AND 8929361
	Aggregate  (cost=4333.07..4333.08 rows=1 width=8)
	  ->  Bitmap Heap Scan on sbtest3  (cost=27.97..4330.26 rows=1125 width=4)
	        Recheck Cond: ((id >= 8928362) AND (id <= 8929361))
	        ->  Bitmap Index Scan on sbtest3_pkey  (cost=0.00..27.68 rows=1125 width=0)
	              Index Cond: ((id >= 8928362) AND (id <= 8929361))

table 4 : explain SELECT SUM(k) FROM sbtest4 WHERE id BETWEEN 8155279 AND 8156278
	Aggregate  (cost=3915.56..3915.57 rows=1 width=8)
	  ->  Bitmap Heap Scan on sbtest4  (cost=22.83..3913.02 rows=1014 width=4)
	        Recheck Cond: ((id >= 8155279) AND (id <= 8156278))
	        ->  Bitmap Index Scan on sbtest4_pkey  (cost=0.00..22.57 rows=1014 width=0)
	              Index Cond: ((id >= 8155279) AND (id <= 8156278))

table 5 : explain SELECT SUM(k) FROM sbtest5 WHERE id BETWEEN 2964050 AND 2965049
	Aggregate  (cost=3965.92..3965.93 rows=1 width=8)
	  ->  Bitmap Heap Scan on sbtest5  (cost=22.96..3963.35 rows=1027 width=4)
	        Recheck Cond: ((id >= 2964050) AND (id <= 2965049))
	        ->  Bitmap Index Scan on sbtest5_pkey  (cost=0.00..22.70 rows=1027 width=0)
	              Index Cond: ((id >= 2964050) AND (id <= 2965049))

table 6 : explain SELECT SUM(k) FROM sbtest6 WHERE id BETWEEN 7496089 AND 7497088
	Aggregate  (cost=3931.08..3931.09 rows=1 width=8)
	  ->  Bitmap Heap Scan on sbtest6  (cost=22.87..3928.53 rows=1018 width=4)
	        Recheck Cond: ((id >= 7496089) AND (id <= 7497088))
	        ->  Bitmap Index Scan on sbtest6_pkey  (cost=0.00..22.61 rows=1018 width=0)
	              Index Cond: ((id >= 7496089) AND (id <= 7497088))

table 7 : explain SELECT SUM(k) FROM sbtest7 WHERE id BETWEEN 9781568 AND 9782567
	Aggregate  (cost=4094.12..4094.13 rows=1 width=8)
	  ->  Bitmap Heap Scan on sbtest7  (cost=23.31..4091.47 rows=1061 width=4)
	        Recheck Cond: ((id >= 9781568) AND (id <= 9782567))
	        ->  Bitmap Index Scan on sbtest7_pkey  (cost=0.00..23.04 rows=1061 width=0)
	              Index Cond: ((id >= 9781568) AND (id <= 9782567))

table 8 : explain SELECT SUM(k) FROM sbtest8 WHERE id BETWEEN 4508400 AND 4509399
	Aggregate  (cost=3683.19..3683.20 rows=1 width=8)
	  ->  Bitmap Heap Scan on sbtest8  (cost=22.19..3680.81 rows=952 width=4)
	        Recheck Cond: ((id >= 4508400) AND (id <= 4509399))
	        ->  Bitmap Index Scan on sbtest8_pkey  (cost=0.00..21.95 rows=952 width=0)
	              Index Cond: ((id >= 4508400) AND (id <= 4509399))

for point_selects
table 1 : explain SELECT c FROM sbtest1 WHERE id=567648
	Index Scan using sbtest1_pkey on sbtest1  (cost=0.43..8.45 rows=1 width=121)
	  Index Cond: (id = 567648)

table 2 : explain SELECT c FROM sbtest2 WHERE id=3625451
	Index Scan using sbtest2_pkey on sbtest2  (cost=0.43..8.45 rows=1 width=121)
	  Index Cond: (id = 3625451)

table 3 : explain SELECT c FROM sbtest3 WHERE id=7875664
	Index Scan using sbtest3_pkey on sbtest3  (cost=0.43..8.45 rows=1 width=121)
	  Index Cond: (id = 7875664)

table 4 : explain SELECT c FROM sbtest4 WHERE id=412717
	Index Scan using sbtest4_pkey on sbtest4  (cost=0.43..8.45 rows=1 width=121)
	  Index Cond: (id = 412717)

table 5 : explain SELECT c FROM sbtest5 WHERE id=6969902
	Index Scan using sbtest5_pkey on sbtest5  (cost=0.43..8.45 rows=1 width=121)
	  Index Cond: (id = 6969902)

table 6 : explain SELECT c FROM sbtest6 WHERE id=7174020
	Index Scan using sbtest6_pkey on sbtest6  (cost=0.43..8.45 rows=1 width=121)
	  Index Cond: (id = 7174020)

table 7 : explain SELECT c FROM sbtest7 WHERE id=873992
	Index Scan using sbtest7_pkey on sbtest7  (cost=0.43..8.45 rows=1 width=121)
	  Index Cond: (id = 873992)

table 8 : explain SELECT c FROM sbtest8 WHERE id=6793430
	Index Scan using sbtest8_pkey on sbtest8  (cost=0.43..8.45 rows=1 width=121)
	  Index Cond: (id = 6793430)

for: order_ranges
table 1 : explain SELECT c FROM sbtest1 WHERE id BETWEEN 5095164 AND 5096163 ORDER BY c
	Sort  (cost=3673.13..3675.48 rows=938 width=121)
	  Sort Key: c
	  ->  Bitmap Heap Scan on sbtest1  (cost=22.05..3626.83 rows=938 width=121)
	        Recheck Cond: ((id >= 5095164) AND (id <= 5096163))
	        ->  Bitmap Index Scan on sbtest1_pkey  (cost=0.00..21.82 rows=938 width=0)
	              Index Cond: ((id >= 5095164) AND (id <= 5096163))

table 2 : explain SELECT c FROM sbtest2 WHERE id BETWEEN 9383255 AND 9384254 ORDER BY c
	Sort  (cost=4204.04..4206.73 rows=1077 width=121)
	  Sort Key: c
	  ->  Bitmap Heap Scan on sbtest2  (cost=23.47..4149.79 rows=1077 width=121)
	        Recheck Cond: ((id >= 9383255) AND (id <= 9384254))
	        ->  Bitmap Index Scan on sbtest2_pkey  (cost=0.00..23.20 rows=1077 width=0)
	              Index Cond: ((id >= 9383255) AND (id <= 9384254))

table 3 : explain SELECT c FROM sbtest3 WHERE id BETWEEN 6039826 AND 6040825 ORDER BY c
	Sort  (cost=3967.50..3970.04 rows=1015 width=121)
	  Sort Key: c
	  ->  Bitmap Heap Scan on sbtest3  (cost=22.84..3916.82 rows=1015 width=121)
	        Recheck Cond: ((id >= 6039826) AND (id <= 6040825))
	        ->  Bitmap Index Scan on sbtest3_pkey  (cost=0.00..22.58 rows=1015 width=0)
	              Index Cond: ((id >= 6039826) AND (id <= 6040825))

table 4 : explain SELECT c FROM sbtest4 WHERE id BETWEEN 3597977 AND 3598976 ORDER BY c
	Sort  (cost=4112.55..4115.18 rows=1053 width=121)
	  Sort Key: c
	  ->  Bitmap Heap Scan on sbtest4  (cost=23.23..4059.68 rows=1053 width=121)
	        Recheck Cond: ((id >= 3597977) AND (id <= 3598976))
	        ->  Bitmap Index Scan on sbtest4_pkey  (cost=0.00..22.96 rows=1053 width=0)
	              Index Cond: ((id >= 3597977) AND (id <= 3598976))

table 5 : explain SELECT c FROM sbtest5 WHERE id BETWEEN 9126539 AND 9127538 ORDER BY c
	Sort  (cost=3482.44..3484.66 rows=888 width=121)
	  Sort Key: c
	  ->  Bitmap Heap Scan on sbtest5  (cost=21.54..3438.96 rows=888 width=121)
	        Recheck Cond: ((id >= 9126539) AND (id <= 9127538))
	        ->  Bitmap Index Scan on sbtest5_pkey  (cost=0.00..21.32 rows=888 width=0)
	              Index Cond: ((id >= 9126539) AND (id <= 9127538))

table 6 : explain SELECT c FROM sbtest6 WHERE id BETWEEN 6170024 AND 6171023 ORDER BY c
	Sort  (cost=4120.66..4123.30 rows=1055 width=121)
	  Sort Key: c
	  ->  Bitmap Heap Scan on sbtest6  (cost=23.25..4067.68 rows=1055 width=121)
	        Recheck Cond: ((id >= 6170024) AND (id <= 6171023))
	        ->  Bitmap Index Scan on sbtest6_pkey  (cost=0.00..22.98 rows=1055 width=0)
	              Index Cond: ((id >= 6170024) AND (id <= 6171023))

table 7 : explain SELECT c FROM sbtest7 WHERE id BETWEEN 414142 AND 415141 ORDER BY c
	Sort  (cost=3701.21..3703.57 rows=945 width=121)
	  Sort Key: c
	  ->  Bitmap Heap Scan on sbtest7  (cost=22.12..3654.50 rows=945 width=121)
	        Recheck Cond: ((id >= 414142) AND (id <= 415141))
	        ->  Bitmap Index Scan on sbtest7_pkey  (cost=0.00..21.89 rows=945 width=0)
	              Index Cond: ((id >= 414142) AND (id <= 415141))

table 8 : explain SELECT c FROM sbtest8 WHERE id BETWEEN 7110510 AND 7111509 ORDER BY c
	Sort  (cost=3919.26..3921.76 rows=1002 width=121)
	  Sort Key: c
	  ->  Bitmap Heap Scan on sbtest8  (cost=22.71..3869.31 rows=1002 width=121)
	        Recheck Cond: ((id >= 7110510) AND (id <= 7111509))
	        ->  Bitmap Index Scan on sbtest8_pkey  (cost=0.00..22.45 rows=1002 width=0)
	              Index Cond: ((id >= 7110510) AND (id <= 7111509))

for: distinct_ranges
table 1 : explain SELECT DISTINCT c FROM sbtest1 WHERE id BETWEEN 4261890 AND 4262889 ORDER BY c
	Unique  (cost=3803.28..3808.14 rows=972 width=121)
	  ->  Sort  (cost=3803.28..3805.71 rows=972 width=121)
	        Sort Key: c
	        ->  Bitmap Heap Scan on sbtest1  (cost=22.40..3755.05 rows=972 width=121)
	              Recheck Cond: ((id >= 4261890) AND (id <= 4262889))
	              ->  Bitmap Index Scan on sbtest1_pkey  (cost=0.00..22.15 rows=972 width=0)
	                    Index Cond: ((id >= 4261890) AND (id <= 4262889))

table 2 : explain SELECT DISTINCT c FROM sbtest2 WHERE id BETWEEN 1461173 AND 1462172 ORDER BY c
	Unique  (cost=3649.93..3654.59 rows=932 width=121)
	  ->  Sort  (cost=3649.93..3652.26 rows=932 width=121)
	        Sort Key: c
	        ->  Bitmap Heap Scan on sbtest2  (cost=21.99..3603.96 rows=932 width=121)
	              Recheck Cond: ((id >= 1461173) AND (id <= 1462172))
	              ->  Bitmap Index Scan on sbtest2_pkey  (cost=0.00..21.75 rows=932 width=0)
	                    Index Cond: ((id >= 1461173) AND (id <= 1462172))

table 3 : explain SELECT DISTINCT c FROM sbtest3 WHERE id BETWEEN 2815001 AND 2816000 ORDER BY c
	Unique  (cost=3416.10..3420.45 rows=871 width=121)
	  ->  Sort  (cost=3416.10..3418.27 rows=871 width=121)
	        Sort Key: c
	        ->  Bitmap Heap Scan on sbtest3  (cost=21.36..3373.56 rows=871 width=121)
	              Recheck Cond: ((id >= 2815001) AND (id <= 2816000))
	              ->  Bitmap Index Scan on sbtest3_pkey  (cost=0.00..21.14 rows=871 width=0)
	                    Index Cond: ((id >= 2815001) AND (id <= 2816000))

table 4 : explain SELECT DISTINCT c FROM sbtest4 WHERE id BETWEEN 2027821 AND 2028820 ORDER BY c
	Unique  (cost=3829.86..3834.76 rows=979 width=121)
	  ->  Sort  (cost=3829.86..3832.31 rows=979 width=121)
	        Sort Key: c
	        ->  Bitmap Heap Scan on sbtest4  (cost=22.47..3781.23 rows=979 width=121)
	              Recheck Cond: ((id >= 2027821) AND (id <= 2028820))
	              ->  Bitmap Index Scan on sbtest4_pkey  (cost=0.00..22.22 rows=979 width=0)
	                    Index Cond: ((id >= 2027821) AND (id <= 2028820))

table 5 : explain SELECT DISTINCT c FROM sbtest5 WHERE id BETWEEN 5985684 AND 5986683 ORDER BY c
	Unique  (cost=3766.11..3770.92 rows=962 width=121)
	  ->  Sort  (cost=3766.11..3768.52 rows=962 width=121)
	        Sort Key: c
	        ->  Bitmap Heap Scan on sbtest5  (cost=22.30..3718.45 rows=962 width=121)
	              Recheck Cond: ((id >= 5985684) AND (id <= 5986683))
	              ->  Bitmap Index Scan on sbtest5_pkey  (cost=0.00..22.05 rows=962 width=0)
	                    Index Cond: ((id >= 5985684) AND (id <= 5986683))

table 6 : explain SELECT DISTINCT c FROM sbtest6 WHERE id BETWEEN 3434709 AND 3435708 ORDER BY c
	Unique  (cost=4006.13..4011.25 rows=1025 width=121)
	  ->  Sort  (cost=4006.13..4008.69 rows=1025 width=121)
	        Sort Key: c
	        ->  Bitmap Heap Scan on sbtest6  (cost=22.94..3954.87 rows=1025 width=121)
	              Recheck Cond: ((id >= 3434709) AND (id <= 3435708))
	              ->  Bitmap Index Scan on sbtest6_pkey  (cost=0.00..22.68 rows=1025 width=0)
	                    Index Cond: ((id >= 3434709) AND (id <= 3435708))

table 7 : explain SELECT DISTINCT c FROM sbtest7 WHERE id BETWEEN 1575205 AND 1576204 ORDER BY c
	Unique  (cost=4095.16..4100.40 rows=1048 width=121)
	  ->  Sort  (cost=4095.16..4097.78 rows=1048 width=121)
	        Sort Key: c
	        ->  Bitmap Heap Scan on sbtest7  (cost=23.18..4042.59 rows=1048 width=121)
	              Recheck Cond: ((id >= 1575205) AND (id <= 1576204))
	              ->  Bitmap Index Scan on sbtest7_pkey  (cost=0.00..22.91 rows=1048 width=0)
	                    Index Cond: ((id >= 1575205) AND (id <= 1576204))

table 8 : explain SELECT DISTINCT c FROM sbtest8 WHERE id BETWEEN 9686686 AND 9687685 ORDER BY c
	Unique  (cost=3873.36..3878.31 rows=990 width=121)
	  ->  Sort  (cost=3873.36..3875.84 rows=990 width=121)
	        Sort Key: c
	        ->  Bitmap Heap Scan on sbtest8  (cost=22.58..3824.10 rows=990 width=121)
	              Recheck Cond: ((id >= 9686686) AND (id <= 9687685))
	              ->  Bitmap Index Scan on sbtest8_pkey  (cost=0.00..22.33 rows=990 width=0)
	                    Index Cond: ((id >= 9686686) AND (id <= 9687685))

for: distinct_ranges
table 1 : explain SELECT DISTINCT c FROM sbtest1 WHERE id BETWEEN 2914435 AND 2915434 ORDER BY c
	Unique  (cost=4185.24..4190.60 rows=1072 width=121)
	  ->  Sort  (cost=4185.24..4187.92 rows=1072 width=121)
	        Sort Key: c
	        ->  Bitmap Heap Scan on sbtest1  (cost=23.42..4131.29 rows=1072 width=121)
	              Recheck Cond: ((id >= 2914435) AND (id <= 2915434))
	              ->  Bitmap Index Scan on sbtest1_pkey  (cost=0.00..23.15 rows=1072 width=0)
	                    Index Cond: ((id >= 2914435) AND (id <= 2915434))

table 2 : explain SELECT DISTINCT c FROM sbtest2 WHERE id BETWEEN 1701217 AND 1702216 ORDER BY c
	Unique  (cost=3910.11..3915.11 rows=1000 width=121)
	  ->  Sort  (cost=3910.11..3912.61 rows=1000 width=121)
	        Sort Key: c
	        ->  Bitmap Heap Scan on sbtest2  (cost=22.68..3860.28 rows=1000 width=121)
	              Recheck Cond: ((id >= 1701217) AND (id <= 1702216))
	              ->  Bitmap Index Scan on sbtest2_pkey  (cost=0.00..22.43 rows=1000 width=0)
	                    Index Cond: ((id >= 1701217) AND (id <= 1702216))

table 3 : explain SELECT DISTINCT c FROM sbtest3 WHERE id BETWEEN 5536589 AND 5537588 ORDER BY c
	Unique  (cost=3875.78..3880.74 rows=991 width=121)
	  ->  Sort  (cost=3875.78..3878.26 rows=991 width=121)
	        Sort Key: c
	        ->  Bitmap Heap Scan on sbtest3  (cost=22.59..3826.47 rows=991 width=121)
	              Recheck Cond: ((id >= 5536589) AND (id <= 5537588))
	              ->  Bitmap Index Scan on sbtest3_pkey  (cost=0.00..22.34 rows=991 width=0)
	                    Index Cond: ((id >= 5536589) AND (id <= 5537588))

table 4 : explain SELECT DISTINCT c FROM sbtest4 WHERE id BETWEEN 7245607 AND 7246606 ORDER BY c
	Unique  (cost=4093.47..4098.71 rows=1048 width=121)
	  ->  Sort  (cost=4093.47..4096.09 rows=1048 width=121)
	        Sort Key: c
	        ->  Bitmap Heap Scan on sbtest4  (cost=23.18..4040.89 rows=1048 width=121)
	              Recheck Cond: ((id >= 7245607) AND (id <= 7246606))
	              ->  Bitmap Index Scan on sbtest4_pkey  (cost=0.00..22.91 rows=1048 width=0)
	                    Index Cond: ((id >= 7245607) AND (id <= 7246606))

table 5 : explain SELECT DISTINCT c FROM sbtest5 WHERE id BETWEEN 3359157 AND 3360156 ORDER BY c
	Unique  (cost=4297.32..4302.82 rows=1100 width=121)
	  ->  Sort  (cost=4297.32..4300.07 rows=1100 width=121)
	        Sort Key: c
	        ->  Bitmap Heap Scan on sbtest5  (cost=27.71..4241.75 rows=1100 width=121)
	              Recheck Cond: ((id >= 3359157) AND (id <= 3360156))
	              ->  Bitmap Index Scan on sbtest5_pkey  (cost=0.00..27.43 rows=1100 width=0)
	                    Index Cond: ((id >= 3359157) AND (id <= 3360156))

table 6 : explain SELECT DISTINCT c FROM sbtest6 WHERE id BETWEEN 6473235 AND 6474234 ORDER BY c
	Unique  (cost=3834.12..3839.02 rows=980 width=121)
	  ->  Sort  (cost=3834.12..3836.57 rows=980 width=121)
	        Sort Key: c
	        ->  Bitmap Heap Scan on sbtest6  (cost=22.48..3785.43 rows=980 width=121)
	              Recheck Cond: ((id >= 6473235) AND (id <= 6474234))
	              ->  Bitmap Index Scan on sbtest6_pkey  (cost=0.00..22.23 rows=980 width=0)
	                    Index Cond: ((id >= 6473235) AND (id <= 6474234))

table 7 : explain SELECT DISTINCT c FROM sbtest7 WHERE id BETWEEN 1897699 AND 1898698 ORDER BY c
	Unique  (cost=4098.98..4104.22 rows=1049 width=121)
	  ->  Sort  (cost=4098.98..4101.60 rows=1049 width=121)
	        Sort Key: c
	        ->  Bitmap Heap Scan on sbtest7  (cost=23.19..4046.35 rows=1049 width=121)
	              Recheck Cond: ((id >= 1897699) AND (id <= 1898698))
	              ->  Bitmap Index Scan on sbtest7_pkey  (cost=0.00..22.93 rows=1049 width=0)
	                    Index Cond: ((id >= 1897699) AND (id <= 1898698))

table 8 : explain SELECT DISTINCT c FROM sbtest8 WHERE id BETWEEN 2621069 AND 2622068 ORDER BY c
	Unique  (cost=3509.39..3513.86 rows=895 width=121)
	  ->  Sort  (cost=3509.39..3511.62 rows=895 width=121)
	        Sort Key: c
	        ->  Bitmap Heap Scan on sbtest8  (cost=21.61..3465.51 rows=895 width=121)
	              Recheck Cond: ((id >= 2621069) AND (id <= 2622068))
	              ->  Bitmap Index Scan on sbtest8_pkey  (cost=0.00..21.39 rows=895 width=0)
	                    Index Cond: ((id >= 2621069) AND (id <= 2622068))

for: simple_ranges
table 1 : explain SELECT c FROM sbtest1 WHERE id BETWEEN 5934243 AND 5935242
	Bitmap Heap Scan on sbtest1  (cost=23.41..4127.53 rows=1071 width=121)
	  Recheck Cond: ((id >= 5934243) AND (id <= 5935242))
	  ->  Bitmap Index Scan on sbtest1_pkey  (cost=0.00..23.14 rows=1071 width=0)
	        Index Cond: ((id >= 5934243) AND (id <= 5935242))

table 2 : explain SELECT c FROM sbtest2 WHERE id BETWEEN 2981483 AND 2982482
	Bitmap Heap Scan on sbtest2  (cost=27.99..4337.67 rows=1127 width=121)
	  Recheck Cond: ((id >= 2981483) AND (id <= 2982482))
	  ->  Bitmap Index Scan on sbtest2_pkey  (cost=0.00..27.70 rows=1127 width=0)
	        Index Cond: ((id >= 2981483) AND (id <= 2982482))

table 3 : explain SELECT c FROM sbtest3 WHERE id BETWEEN 783726 AND 784725
	Bitmap Heap Scan on sbtest3  (cost=22.42..3762.42 rows=974 width=121)
	  Recheck Cond: ((id >= 783726) AND (id <= 784725))
	  ->  Bitmap Index Scan on sbtest3_pkey  (cost=0.00..22.18 rows=974 width=0)
	        Index Cond: ((id >= 783726) AND (id <= 784725))

table 4 : explain SELECT c FROM sbtest4 WHERE id BETWEEN 7702228 AND 7703227
	Bitmap Heap Scan on sbtest4  (cost=21.63..3471.83 rows=897 width=121)
	  Recheck Cond: ((id >= 7702228) AND (id <= 7703227))
	  ->  Bitmap Index Scan on sbtest4_pkey  (cost=0.00..21.40 rows=897 width=0)
	        Index Cond: ((id >= 7702228) AND (id <= 7703227))

table 5 : explain SELECT c FROM sbtest5 WHERE id BETWEEN 5877448 AND 5878447
	Bitmap Heap Scan on sbtest5  (cost=22.64..3846.62 rows=996 width=121)
	  Recheck Cond: ((id >= 5877448) AND (id <= 5878447))
	  ->  Bitmap Index Scan on sbtest5_pkey  (cost=0.00..22.39 rows=996 width=0)
	        Index Cond: ((id >= 5877448) AND (id <= 5878447))

table 6 : explain SELECT c FROM sbtest6 WHERE id BETWEEN 9070863 AND 9071862
	Bitmap Heap Scan on sbtest6  (cost=22.87..3928.53 rows=1018 width=121)
	  Recheck Cond: ((id >= 9070863) AND (id <= 9071862))
	  ->  Bitmap Index Scan on sbtest6_pkey  (cost=0.00..22.61 rows=1018 width=0)
	        Index Cond: ((id >= 9070863) AND (id <= 9071862))

table 7 : explain SELECT c FROM sbtest7 WHERE id BETWEEN 1458546 AND 1459545
	Bitmap Heap Scan on sbtest7  (cost=22.35..3737.51 rows=967 width=121)
	  Recheck Cond: ((id >= 1458546) AND (id <= 1459545))
	  ->  Bitmap Index Scan on sbtest7_pkey  (cost=0.00..22.11 rows=967 width=0)
	        Index Cond: ((id >= 1458546) AND (id <= 1459545))

table 8 : explain SELECT c FROM sbtest8 WHERE id BETWEEN 8939438 AND 8940437
	Bitmap Heap Scan on sbtest8  (cost=22.41..3760.02 rows=973 width=121)
	  Recheck Cond: ((id >= 8939438) AND (id <= 8940437))
	  ->  Bitmap Index Scan on sbtest8_pkey  (cost=0.00..22.16 rows=973 width=0)
	        Index Cond: ((id >= 8939438) AND (id <= 8940437))

for point_selects
table 1 : explain SELECT c FROM sbtest1 WHERE id=4731889
	Index Scan using sbtest1_pkey on sbtest1  (cost=0.43..8.45 rows=1 width=121)
	  Index Cond: (id = 4731889)

table 2 : explain SELECT c FROM sbtest2 WHERE id=3151408
	Index Scan using sbtest2_pkey on sbtest2  (cost=0.43..8.45 rows=1 width=121)
	  Index Cond: (id = 3151408)

table 3 : explain SELECT c FROM sbtest3 WHERE id=5858514
	Index Scan using sbtest3_pkey on sbtest3  (cost=0.43..8.45 rows=1 width=121)
	  Index Cond: (id = 5858514)

table 4 : explain SELECT c FROM sbtest4 WHERE id=2920618
	Index Scan using sbtest4_pkey on sbtest4  (cost=0.43..8.45 rows=1 width=121)
	  Index Cond: (id = 2920618)

table 5 : explain SELECT c FROM sbtest5 WHERE id=422
	Index Scan using sbtest5_pkey on sbtest5  (cost=0.43..8.45 rows=1 width=121)
	  Index Cond: (id = 422)

table 6 : explain SELECT c FROM sbtest6 WHERE id=6274778
	Index Scan using sbtest6_pkey on sbtest6  (cost=0.43..8.45 rows=1 width=121)
	  Index Cond: (id = 6274778)

table 7 : explain SELECT c FROM sbtest7 WHERE id=5247877
	Index Scan using sbtest7_pkey on sbtest7  (cost=0.43..8.45 rows=1 width=121)
	  Index Cond: (id = 5247877)

table 8 : explain SELECT c FROM sbtest8 WHERE id=7948750
	Index Scan using sbtest8_pkey on sbtest8  (cost=0.43..8.45 rows=1 width=121)
	  Index Cond: (id = 7948750)

for: order_ranges
table 1 : explain SELECT c FROM sbtest1 WHERE id BETWEEN 7158386 AND 7159385 ORDER BY c
	Sort  (cost=3883.60..3886.08 rows=993 width=121)
	  Sort Key: c
	  ->  Bitmap Heap Scan on sbtest1  (cost=22.61..3834.17 rows=993 width=121)
	        Recheck Cond: ((id >= 7158386) AND (id <= 7159385))
	        ->  Bitmap Index Scan on sbtest1_pkey  (cost=0.00..22.36 rows=993 width=0)
	              Index Cond: ((id >= 7158386) AND (id <= 7159385))

table 2 : explain SELECT c FROM sbtest2 WHERE id BETWEEN 5811660 AND 5812659 ORDER BY c
	Sort  (cost=4101.05..4103.68 rows=1050 width=121)
	  Sort Key: c
	  ->  Bitmap Heap Scan on sbtest2  (cost=23.20..4048.36 rows=1050 width=121)
	        Recheck Cond: ((id >= 5811660) AND (id <= 5812659))
	        ->  Bitmap Index Scan on sbtest2_pkey  (cost=0.00..22.93 rows=1050 width=0)
	              Index Cond: ((id >= 5811660) AND (id <= 5812659))

table 3 : explain SELECT c FROM sbtest3 WHERE id BETWEEN 202898 AND 203897 ORDER BY c
	Sort  (cost=3577.20..3579.48 rows=913 width=121)
	  Sort Key: c
	  ->  Bitmap Heap Scan on sbtest3  (cost=21.79..3532.30 rows=913 width=121)
	        Recheck Cond: ((id >= 202898) AND (id <= 203897))
	        ->  Bitmap Index Scan on sbtest3_pkey  (cost=0.00..21.57 rows=913 width=0)
	              Index Cond: ((id >= 202898) AND (id <= 203897))

table 4 : explain SELECT c FROM sbtest4 WHERE id BETWEEN 2638582 AND 2639581 ORDER BY c
	Sort  (cost=3936.90..3939.42 rows=1007 width=121)
	  Sort Key: c
	  ->  Bitmap Heap Scan on sbtest4  (cost=22.76..3886.68 rows=1007 width=121)
	        Recheck Cond: ((id >= 2638582) AND (id <= 2639581))
	        ->  Bitmap Index Scan on sbtest4_pkey  (cost=0.00..22.50 rows=1007 width=0)
	              Index Cond: ((id >= 2638582) AND (id <= 2639581))

table 5 : explain SELECT c FROM sbtest5 WHERE id BETWEEN 8897271 AND 8898270 ORDER BY c
	Sort  (cost=4114.02..4116.65 rows=1053 width=121)
	  Sort Key: c
	  ->  Bitmap Heap Scan on sbtest5  (cost=23.23..4061.16 rows=1053 width=121)
	        Recheck Cond: ((id >= 8897271) AND (id <= 8898270))
	        ->  Bitmap Index Scan on sbtest5_pkey  (cost=0.00..22.96 rows=1053 width=0)
	              Index Cond: ((id >= 8897271) AND (id <= 8898270))

table 6 : explain SELECT c FROM sbtest6 WHERE id BETWEEN 7048745 AND 7049744 ORDER BY c
	Sort  (cost=3780.56..3782.97 rows=966 width=121)
	  Sort Key: c
	  ->  Bitmap Heap Scan on sbtest6  (cost=22.34..3732.66 rows=966 width=121)
	        Recheck Cond: ((id >= 7048745) AND (id <= 7049744))
	        ->  Bitmap Index Scan on sbtest6_pkey  (cost=0.00..22.09 rows=966 width=0)
	              Index Cond: ((id >= 7048745) AND (id <= 7049744))

table 7 : explain SELECT c FROM sbtest7 WHERE id BETWEEN 9916101 AND 9917100 ORDER BY c
	Sort  (cost=3888.78..3891.27 rows=994 width=121)
	  Sort Key: c
	  ->  Bitmap Heap Scan on sbtest7  (cost=22.62..3839.30 rows=994 width=121)
	        Recheck Cond: ((id >= 9916101) AND (id <= 9917100))
	        ->  Bitmap Index Scan on sbtest7_pkey  (cost=0.00..22.37 rows=994 width=0)
	              Index Cond: ((id >= 9916101) AND (id <= 9917100))

table 8 : explain SELECT c FROM sbtest8 WHERE id BETWEEN 5362898 AND 5363897 ORDER BY c
	Sort  (cost=3796.83..3799.25 rows=970 width=121)
	  Sort Key: c
	  ->  Bitmap Heap Scan on sbtest8  (cost=22.38..3748.71 rows=970 width=121)
	        Recheck Cond: ((id >= 5362898) AND (id <= 5363897))
	        ->  Bitmap Index Scan on sbtest8_pkey  (cost=0.00..22.14 rows=970 width=0)
	              Index Cond: ((id >= 5362898) AND (id <= 5363897))

for: distinct_ranges
table 1 : explain SELECT DISTINCT c FROM sbtest1 WHERE id BETWEEN 2630247 AND 2631246 ORDER BY c
	Unique  (cost=3753.54..3758.33 rows=959 width=121)
	  ->  Sort  (cost=3753.54..3755.93 rows=959 width=121)
	        Sort Key: c
	        ->  Bitmap Heap Scan on sbtest1  (cost=22.26..3706.04 rows=959 width=121)
	              Recheck Cond: ((id >= 2630247) AND (id <= 2631246))
	              ->  Bitmap Index Scan on sbtest1_pkey  (cost=0.00..22.02 rows=959 width=0)
	                    Index Cond: ((id >= 2630247) AND (id <= 2631246))

table 2 : explain SELECT DISTINCT c FROM sbtest2 WHERE id BETWEEN 5770879 AND 5771878 ORDER BY c
	Unique  (cost=4101.05..4106.30 rows=1050 width=121)
	  ->  Sort  (cost=4101.05..4103.68 rows=1050 width=121)
	        Sort Key: c
	        ->  Bitmap Heap Scan on sbtest2  (cost=23.20..4048.36 rows=1050 width=121)
	              Recheck Cond: ((id >= 5770879) AND (id <= 5771878))
	              ->  Bitmap Index Scan on sbtest2_pkey  (cost=0.00..22.93 rows=1050 width=0)
	                    Index Cond: ((id >= 5770879) AND (id <= 5771878))

table 3 : explain SELECT DISTINCT c FROM sbtest3 WHERE id BETWEEN 7778432 AND 7779431 ORDER BY c
	Unique  (cost=3627.01..3631.64 rows=926 width=121)
	  ->  Sort  (cost=3627.01..3629.33 rows=926 width=121)
	        Sort Key: c
	        ->  Bitmap Heap Scan on sbtest3  (cost=21.93..3581.39 rows=926 width=121)
	              Recheck Cond: ((id >= 7778432) AND (id <= 7779431))
	              ->  Bitmap Index Scan on sbtest3_pkey  (cost=0.00..21.69 rows=926 width=0)
	                    Index Cond: ((id >= 7778432) AND (id <= 7779431))

table 4 : explain SELECT DISTINCT c FROM sbtest4 WHERE id BETWEEN 4081453 AND 4082452 ORDER BY c
	Unique  (cost=3891.04..3896.02 rows=995 width=121)
	  ->  Sort  (cost=3891.04..3893.53 rows=995 width=121)
	        Sort Key: c
	        ->  Bitmap Heap Scan on sbtest4  (cost=22.63..3841.50 rows=995 width=121)
	              Recheck Cond: ((id >= 4081453) AND (id <= 4082452))
	              ->  Bitmap Index Scan on sbtest4_pkey  (cost=0.00..22.39 rows=995 width=0)
	                    Index Cond: ((id >= 4081453) AND (id <= 4082452))

table 5 : explain SELECT DISTINCT c FROM sbtest5 WHERE id BETWEEN 5433916 AND 5434915 ORDER BY c
	Unique  (cost=4163.64..4168.97 rows=1066 width=121)
	  ->  Sort  (cost=4163.64..4166.30 rows=1066 width=121)
	        Sort Key: c
	        ->  Bitmap Heap Scan on sbtest5  (cost=23.36..4110.03 rows=1066 width=121)
	              Recheck Cond: ((id >= 5433916) AND (id <= 5434915))
	              ->  Bitmap Index Scan on sbtest5_pkey  (cost=0.00..23.09 rows=1066 width=0)
	                    Index Cond: ((id >= 5433916) AND (id <= 5434915))

table 6 : explain SELECT DISTINCT c FROM sbtest6 WHERE id BETWEEN 2225037 AND 2226036 ORDER BY c
	Unique  (cost=3983.21..3988.30 rows=1019 width=121)
	  ->  Sort  (cost=3983.21..3985.75 rows=1019 width=121)
	        Sort Key: c
	        ->  Bitmap Heap Scan on sbtest6  (cost=22.88..3932.29 rows=1019 width=121)
	              Recheck Cond: ((id >= 2225037) AND (id <= 2226036))
	              ->  Bitmap Index Scan on sbtest6_pkey  (cost=0.00..22.62 rows=1019 width=0)
	                    Index Cond: ((id >= 2225037) AND (id <= 2226036))

table 7 : explain SELECT DISTINCT c FROM sbtest7 WHERE id BETWEEN 9806842 AND 9807841 ORDER BY c
	Unique  (cost=3593.88..3598.47 rows=917 width=121)
	  ->  Sort  (cost=3593.88..3596.18 rows=917 width=121)
	        Sort Key: c
	        ->  Bitmap Heap Scan on sbtest7  (cost=21.83..3548.76 rows=917 width=121)
	              Recheck Cond: ((id >= 9806842) AND (id <= 9807841))
	              ->  Bitmap Index Scan on sbtest7_pkey  (cost=0.00..21.61 rows=917 width=0)
	                    Index Cond: ((id >= 9806842) AND (id <= 9807841))

table 8 : explain SELECT DISTINCT c FROM sbtest8 WHERE id BETWEEN 53803 AND 54802 ORDER BY c
	Unique  (cost=3903.96..3908.95 rows=998 width=121)
	  ->  Sort  (cost=3903.96..3906.45 rows=998 width=121)
	        Sort Key: c
	        ->  Bitmap Heap Scan on sbtest8  (cost=22.66..3854.24 rows=998 width=121)
	              Recheck Cond: ((id >= 53803) AND (id <= 54802))
	              ->  Bitmap Index Scan on sbtest8_pkey  (cost=0.00..22.41 rows=998 width=0)
	                    Index Cond: ((id >= 53803) AND (id <= 54802))

for: simple_ranges
table 1 : explain SELECT c FROM sbtest1 WHERE id BETWEEN 4006105 AND 4007104
	Bitmap Heap Scan on sbtest1  (cost=22.88..3932.04 rows=1019 width=121)
	  Recheck Cond: ((id >= 4006105) AND (id <= 4007104))
	  ->  Bitmap Index Scan on sbtest1_pkey  (cost=0.00..22.62 rows=1019 width=0)
	        Index Cond: ((id >= 4006105) AND (id <= 4007104))

table 2 : explain SELECT c FROM sbtest2 WHERE id BETWEEN 8066092 AND 8067091
	Bitmap Heap Scan on sbtest2  (cost=27.85..4288.92 rows=1114 width=121)
	  Recheck Cond: ((id >= 8066092) AND (id <= 8067091))
	  ->  Bitmap Index Scan on sbtest2_pkey  (cost=0.00..27.57 rows=1114 width=0)
	        Index Cond: ((id >= 8066092) AND (id <= 8067091))

table 3 : explain SELECT c FROM sbtest3 WHERE id BETWEEN 7369430 AND 7370429
	Bitmap Heap Scan on sbtest3  (cost=27.88..4300.26 rows=1117 width=121)
	  Recheck Cond: ((id >= 7369430) AND (id <= 7370429))
	  ->  Bitmap Index Scan on sbtest3_pkey  (cost=0.00..27.61 rows=1117 width=0)
	        Index Cond: ((id >= 7369430) AND (id <= 7370429))

table 4 : explain SELECT c FROM sbtest4 WHERE id BETWEEN 6006314 AND 6007313
	Bitmap Heap Scan on sbtest4  (cost=22.94..3954.41 rows=1025 width=121)
	  Recheck Cond: ((id >= 6006314) AND (id <= 6007313))
	  ->  Bitmap Index Scan on sbtest4_pkey  (cost=0.00..22.68 rows=1025 width=0)
	        Index Cond: ((id >= 6006314) AND (id <= 6007313))

table 5 : explain SELECT c FROM sbtest5 WHERE id BETWEEN 7363980 AND 7364979
	Bitmap Heap Scan on sbtest5  (cost=21.65..3480.55 rows=899 width=121)
	  Recheck Cond: ((id >= 7363980) AND (id <= 7364979))
	  ->  Bitmap Index Scan on sbtest5_pkey  (cost=0.00..21.43 rows=899 width=0)
	        Index Cond: ((id >= 7363980) AND (id <= 7364979))

table 6 : explain SELECT c FROM sbtest6 WHERE id BETWEEN 3075867 AND 3076866
	Bitmap Heap Scan on sbtest6  (cost=21.98..3600.63 rows=931 width=121)
	  Recheck Cond: ((id >= 3075867) AND (id <= 3076866))
	  ->  Bitmap Index Scan on sbtest6_pkey  (cost=0.00..21.75 rows=931 width=0)
	        Index Cond: ((id >= 3075867) AND (id <= 3076866))

table 7 : explain SELECT c FROM sbtest7 WHERE id BETWEEN 6466717 AND 6467716
	Bitmap Heap Scan on sbtest7  (cost=22.14..3662.05 rows=947 width=121)
	  Recheck Cond: ((id >= 6466717) AND (id <= 6467716))
	  ->  Bitmap Index Scan on sbtest7_pkey  (cost=0.00..21.90 rows=947 width=0)
	        Index Cond: ((id >= 6466717) AND (id <= 6467716))

table 8 : explain SELECT c FROM sbtest8 WHERE id BETWEEN 8051405 AND 8052404
	Bitmap Heap Scan on sbtest8  (cost=22.77..3891.91 rows=1008 width=121)
	  Recheck Cond: ((id >= 8051405) AND (id <= 8052404))
	  ->  Bitmap Index Scan on sbtest8_pkey  (cost=0.00..22.51 rows=1008 width=0)
	        Index Cond: ((id >= 8051405) AND (id <= 8052404))

for: distinct_ranges
table 1 : explain SELECT DISTINCT c FROM sbtest1 WHERE id BETWEEN 9786946 AND 9787945 ORDER BY c
	Unique  (cost=3646.32..3650.98 rows=931 width=121)
	  ->  Sort  (cost=3646.32..3648.65 rows=931 width=121)
	        Sort Key: c
	        ->  Bitmap Heap Scan on sbtest1  (cost=21.98..3600.41 rows=931 width=121)
	              Recheck Cond: ((id >= 9786946) AND (id <= 9787945))
	              ->  Bitmap Index Scan on sbtest1_pkey  (cost=0.00..21.75 rows=931 width=0)
	                    Index Cond: ((id >= 9786946) AND (id <= 9787945))

table 2 : explain SELECT DISTINCT c FROM sbtest2 WHERE id BETWEEN 6992569 AND 6993568 ORDER BY c
	Unique  (cost=3898.64..3903.63 rows=997 width=121)
	  ->  Sort  (cost=3898.64..3901.13 rows=997 width=121)
	        Sort Key: c
	        ->  Bitmap Heap Scan on sbtest2  (cost=22.65..3848.98 rows=997 width=121)
	              Recheck Cond: ((id >= 6992569) AND (id <= 6993568))
	              ->  Bitmap Index Scan on sbtest2_pkey  (cost=0.00..22.40 rows=997 width=0)
	                    Index Cond: ((id >= 6992569) AND (id <= 6993568))

table 3 : explain SELECT DISTINCT c FROM sbtest3 WHERE id BETWEEN 7490084 AND 7491083 ORDER BY c
	Unique  (cost=3875.78..3880.74 rows=991 width=121)
	  ->  Sort  (cost=3875.78..3878.26 rows=991 width=121)
	        Sort Key: c
	        ->  Bitmap Heap Scan on sbtest3  (cost=22.59..3826.47 rows=991 width=121)
	              Recheck Cond: ((id >= 7490084) AND (id <= 7491083))
	              ->  Bitmap Index Scan on sbtest3_pkey  (cost=0.00..22.34 rows=991 width=0)
	                    Index Cond: ((id >= 7490084) AND (id <= 7491083))

table 4 : explain SELECT DISTINCT c FROM sbtest4 WHERE id BETWEEN 1592252 AND 1593251 ORDER BY c
	Unique  (cost=4192.65..4198.02 rows=1074 width=121)
	  ->  Sort  (cost=4192.65..4195.33 rows=1074 width=121)
	        Sort Key: c
	        ->  Bitmap Heap Scan on sbtest4  (cost=23.44..4138.58 rows=1074 width=121)
	              Recheck Cond: ((id >= 1592252) AND (id <= 1593251))
	              ->  Bitmap Index Scan on sbtest4_pkey  (cost=0.00..23.18 rows=1074 width=0)
	                    Index Cond: ((id >= 1592252) AND (id <= 1593251))

table 5 : explain SELECT DISTINCT c FROM sbtest5 WHERE id BETWEEN 433702 AND 434701 ORDER BY c
	Unique  (cost=3808.22..3813.09 rows=973 width=121)
	  ->  Sort  (cost=3808.22..3810.65 rows=973 width=121)
	        Sort Key: c
	        ->  Bitmap Heap Scan on sbtest5  (cost=22.41..3759.93 rows=973 width=121)
	              Recheck Cond: ((id >= 433702) AND (id <= 434701))
	              ->  Bitmap Index Scan on sbtest5_pkey  (cost=0.00..22.16 rows=973 width=0)
	                    Index Cond: ((id >= 433702) AND (id <= 434701))

table 6 : explain SELECT DISTINCT c FROM sbtest6 WHERE id BETWEEN 9425407 AND 9426406 ORDER BY c
	Unique  (cost=4101.58..4106.83 rows=1050 width=121)
	  ->  Sort  (cost=4101.58..4104.20 rows=1050 width=121)
	        Sort Key: c
	        ->  Bitmap Heap Scan on sbtest6  (cost=23.20..4048.89 rows=1050 width=121)
	              Recheck Cond: ((id >= 9425407) AND (id <= 9426406))
	              ->  Bitmap Index Scan on sbtest6_pkey  (cost=0.00..22.93 rows=1050 width=0)
	                    Index Cond: ((id >= 9425407) AND (id <= 9426406))

table 7 : explain SELECT DISTINCT c FROM sbtest7 WHERE id BETWEEN 2459423 AND 2460422 ORDER BY c
	Unique  (cost=3567.04..3571.59 rows=910 width=121)
	  ->  Sort  (cost=3567.04..3569.31 rows=910 width=121)
	        Sort Key: c
	        ->  Bitmap Heap Scan on sbtest7  (cost=21.76..3522.31 rows=910 width=121)
	              Recheck Cond: ((id >= 2459423) AND (id <= 2460422))
	              ->  Bitmap Index Scan on sbtest7_pkey  (cost=0.00..21.54 rows=910 width=0)
	                    Index Cond: ((id >= 2459423) AND (id <= 2460422))

table 8 : explain SELECT DISTINCT c FROM sbtest8 WHERE id BETWEEN 3349737 AND 3350736 ORDER BY c
	Unique  (cost=3815.97..3820.84 rows=975 width=121)
	  ->  Sort  (cost=3815.97..3818.40 rows=975 width=121)
	        Sort Key: c
	        ->  Bitmap Heap Scan on sbtest8  (cost=22.43..3767.56 rows=975 width=121)
	              Recheck Cond: ((id >= 3349737) AND (id <= 3350736))
	              ->  Bitmap Index Scan on sbtest8_pkey  (cost=0.00..22.18 rows=975 width=0)
	                    Index Cond: ((id >= 3349737) AND (id <= 3350736))

for: distinct_ranges
table 1 : explain SELECT DISTINCT c FROM sbtest1 WHERE id BETWEEN 5995463 AND 5996462 ORDER BY c
	Unique  (cost=4128.03..4133.31 rows=1057 width=121)
	  ->  Sort  (cost=4128.03..4130.67 rows=1057 width=121)
	        Sort Key: c
	        ->  Bitmap Heap Scan on sbtest1  (cost=23.27..4074.94 rows=1057 width=121)
	              Recheck Cond: ((id >= 5995463) AND (id <= 5996462))
	              ->  Bitmap Index Scan on sbtest1_pkey  (cost=0.00..23.00 rows=1057 width=0)
	                    Index Cond: ((id >= 5995463) AND (id <= 5996462))

table 2 : explain SELECT DISTINCT c FROM sbtest2 WHERE id BETWEEN 7240579 AND 7241578 ORDER BY c
	Unique  (cost=4245.97..4251.41 rows=1088 width=121)
	  ->  Sort  (cost=4245.97..4248.69 rows=1088 width=121)
	        Sort Key: c
	        ->  Bitmap Heap Scan on sbtest2  (cost=23.59..4191.09 rows=1088 width=121)
	              Recheck Cond: ((id >= 7240579) AND (id <= 7241578))
	              ->  Bitmap Index Scan on sbtest2_pkey  (cost=0.00..23.32 rows=1088 width=0)
	                    Index Cond: ((id >= 7240579) AND (id <= 7241578))

table 3 : explain SELECT DISTINCT c FROM sbtest3 WHERE id BETWEEN 7494702 AND 7495701 ORDER BY c
	Unique  (cost=3875.78..3880.74 rows=991 width=121)
	  ->  Sort  (cost=3875.78..3878.26 rows=991 width=121)
	        Sort Key: c
	        ->  Bitmap Heap Scan on sbtest3  (cost=22.59..3826.47 rows=991 width=121)
	              Recheck Cond: ((id >= 7494702) AND (id <= 7495701))
	              ->  Bitmap Index Scan on sbtest3_pkey  (cost=0.00..22.34 rows=991 width=0)
	                    Index Cond: ((id >= 7494702) AND (id <= 7495701))

table 4 : explain SELECT DISTINCT c FROM sbtest4 WHERE id BETWEEN 5029273 AND 5030272 ORDER BY c
	Unique  (cost=3695.93..3700.65 rows=944 width=121)
	  ->  Sort  (cost=3695.93..3698.29 rows=944 width=121)
	        Sort Key: c
	        ->  Bitmap Heap Scan on sbtest4  (cost=22.11..3649.28 rows=944 width=121)
	              Recheck Cond: ((id >= 5029273) AND (id <= 5030272))
	              ->  Bitmap Index Scan on sbtest4_pkey  (cost=0.00..21.87 rows=944 width=0)
	                    Index Cond: ((id >= 5029273) AND (id <= 5030272))

table 5 : explain SELECT DISTINCT c FROM sbtest5 WHERE id BETWEEN 4325851 AND 4326850 ORDER BY c
	Unique  (cost=3762.28..3767.09 rows=961 width=121)
	  ->  Sort  (cost=3762.28..3764.69 rows=961 width=121)
	        Sort Key: c
	        ->  Bitmap Heap Scan on sbtest5  (cost=22.29..3714.67 rows=961 width=121)
	              Recheck Cond: ((id >= 4325851) AND (id <= 4326850))
	              ->  Bitmap Index Scan on sbtest5_pkey  (cost=0.00..22.04 rows=961 width=0)
	                    Index Cond: ((id >= 4325851) AND (id <= 4326850))

table 6 : explain SELECT DISTINCT c FROM sbtest6 WHERE id BETWEEN 6718867 AND 6719866 ORDER BY c
	Unique  (cost=3769.08..3773.89 rows=963 width=121)
	  ->  Sort  (cost=3769.08..3771.48 rows=963 width=121)
	        Sort Key: c
	        ->  Bitmap Heap Scan on sbtest6  (cost=22.31..3721.35 rows=963 width=121)
	              Recheck Cond: ((id >= 6718867) AND (id <= 6719866))
	              ->  Bitmap Index Scan on sbtest6_pkey  (cost=0.00..22.07 rows=963 width=0)
	                    Index Cond: ((id >= 6718867) AND (id <= 6719866))

table 7 : explain SELECT DISTINCT c FROM sbtest7 WHERE id BETWEEN 9935997 AND 9936996 ORDER BY c
	Unique  (cost=3888.78..3893.75 rows=994 width=121)
	  ->  Sort  (cost=3888.78..3891.27 rows=994 width=121)
	        Sort Key: c
	        ->  Bitmap Heap Scan on sbtest7  (cost=22.62..3839.30 rows=994 width=121)
	              Recheck Cond: ((id >= 9935997) AND (id <= 9936996))
	              ->  Bitmap Index Scan on sbtest7_pkey  (cost=0.00..22.37 rows=994 width=0)
	                    Index Cond: ((id >= 9935997) AND (id <= 9936996))

table 8 : explain SELECT DISTINCT c FROM sbtest8 WHERE id BETWEEN 3493701 AND 3494700 ORDER BY c
	Unique  (cost=3789.17..3794.01 rows=968 width=121)
	  ->  Sort  (cost=3789.17..3791.59 rows=968 width=121)
	        Sort Key: c
	        ->  Bitmap Heap Scan on sbtest8  (cost=22.36..3741.16 rows=968 width=121)
	              Recheck Cond: ((id >= 3493701) AND (id <= 3494700))
	              ->  Bitmap Index Scan on sbtest8_pkey  (cost=0.00..22.11 rows=968 width=0)
	                    Index Cond: ((id >= 3493701) AND (id <= 3494700))

for: sum_ranges
table 1 : explain SELECT SUM(k) FROM sbtest1 WHERE id BETWEEN 9800012 AND 9801011
	Aggregate  (cost=3602.74..3602.75 rows=1 width=8)
	  ->  Bitmap Heap Scan on sbtest1  (cost=21.98..3600.41 rows=931 width=4)
	        Recheck Cond: ((id >= 9800012) AND (id <= 9801011))
	        ->  Bitmap Index Scan on sbtest1_pkey  (cost=0.00..21.75 rows=931 width=0)
	              Index Cond: ((id >= 9800012) AND (id <= 9801011))

table 2 : explain SELECT SUM(k) FROM sbtest2 WHERE id BETWEEN 885921 AND 886920
	Aggregate  (cost=3975.74..3975.75 rows=1 width=8)
	  ->  Bitmap Heap Scan on sbtest2  (cost=22.99..3973.17 rows=1030 width=4)
	        Recheck Cond: ((id >= 885921) AND (id <= 886920))
	        ->  Bitmap Index Scan on sbtest2_pkey  (cost=0.00..22.73 rows=1030 width=0)
	              Index Cond: ((id >= 885921) AND (id <= 886920))

table 3 : explain SELECT SUM(k) FROM sbtest3 WHERE id BETWEEN 9473541 AND 9474540
	Aggregate  (cost=4020.98..4020.99 rows=1 width=8)
	  ->  Bitmap Heap Scan on sbtest3  (cost=23.12..4018.37 rows=1042 width=4)
	        Recheck Cond: ((id >= 9473541) AND (id <= 9474540))
	        ->  Bitmap Index Scan on sbtest3_pkey  (cost=0.00..22.86 rows=1042 width=0)
	              Index Cond: ((id >= 9473541) AND (id <= 9474540))

table 4 : explain SELECT SUM(k) FROM sbtest4 WHERE id BETWEEN 4989301 AND 4990300
	Aggregate  (cost=3651.64..3651.65 rows=1 width=8)
	  ->  Bitmap Heap Scan on sbtest4  (cost=22.11..3649.28 rows=944 width=4)
	        Recheck Cond: ((id >= 4989301) AND (id <= 4990300))
	        ->  Bitmap Index Scan on sbtest4_pkey  (cost=0.00..21.87 rows=944 width=0)
	              Index Cond: ((id >= 4989301) AND (id <= 4990300))

table 5 : explain SELECT SUM(k) FROM sbtest5 WHERE id BETWEEN 5498329 AND 5499328
	Aggregate  (cost=3950.85..3950.86 rows=1 width=8)
	  ->  Bitmap Heap Scan on sbtest5  (cost=22.92..3948.29 rows=1023 width=4)
	        Recheck Cond: ((id >= 5498329) AND (id <= 5499328))
	        ->  Bitmap Index Scan on sbtest5_pkey  (cost=0.00..22.66 rows=1023 width=0)
	              Index Cond: ((id >= 5498329) AND (id <= 5499328))

table 6 : explain SELECT SUM(k) FROM sbtest6 WHERE id BETWEEN 508810 AND 509809
	Aggregate  (cost=3640.72..3640.73 rows=1 width=8)
	  ->  Bitmap Heap Scan on sbtest6  (cost=22.08..3638.37 rows=941 width=4)
	        Recheck Cond: ((id >= 508810) AND (id <= 509809))
	        ->  Bitmap Index Scan on sbtest6_pkey  (cost=0.00..21.84 rows=941 width=0)
	              Index Cond: ((id >= 508810) AND (id <= 509809))

table 7 : explain SELECT SUM(k) FROM sbtest7 WHERE id BETWEEN 4502830 AND 4503829
	Aggregate  (cost=3573.74..3573.75 rows=1 width=8)
	  ->  Bitmap Heap Scan on sbtest7  (cost=21.90..3571.43 rows=923 width=4)
	        Recheck Cond: ((id >= 4502830) AND (id <= 4503829))
	        ->  Bitmap Index Scan on sbtest7_pkey  (cost=0.00..21.66 rows=923 width=0)
	              Index Cond: ((id >= 4502830) AND (id <= 4503829))

table 8 : explain SELECT SUM(k) FROM sbtest8 WHERE id BETWEEN 8008910 AND 8009909
	Aggregate  (cost=3894.43..3894.44 rows=1 width=8)
	  ->  Bitmap Heap Scan on sbtest8  (cost=22.77..3891.91 rows=1008 width=4)
	        Recheck Cond: ((id >= 8008910) AND (id <= 8009909))
	        ->  Bitmap Index Scan on sbtest8_pkey  (cost=0.00..22.51 rows=1008 width=0)
	              Index Cond: ((id >= 8008910) AND (id <= 8009909))

for: sum_ranges
table 1 : explain SELECT SUM(k) FROM sbtest1 WHERE id BETWEEN 9734920 AND 9735919
	Aggregate  (cost=3602.74..3602.75 rows=1 width=8)
	  ->  Bitmap Heap Scan on sbtest1  (cost=21.98..3600.41 rows=931 width=4)
	        Recheck Cond: ((id >= 9734920) AND (id <= 9735919))
	        ->  Bitmap Index Scan on sbtest1_pkey  (cost=0.00..21.75 rows=931 width=0)
	              Index Cond: ((id >= 9734920) AND (id <= 9735919))

table 2 : explain SELECT SUM(k) FROM sbtest2 WHERE id BETWEEN 699210 AND 700209
	Aggregate  (cost=3813.79..3813.80 rows=1 width=8)
	  ->  Bitmap Heap Scan on sbtest2  (cost=22.55..3811.32 rows=987 width=4)
	        Recheck Cond: ((id >= 699210) AND (id <= 700209))
	        ->  Bitmap Index Scan on sbtest2_pkey  (cost=0.00..22.30 rows=987 width=0)
	              Index Cond: ((id >= 699210) AND (id <= 700209))

table 3 : explain SELECT SUM(k) FROM sbtest3 WHERE id BETWEEN 1634559 AND 1635558
	Aggregate  (cost=3990.88..3990.89 rows=1 width=8)
	  ->  Bitmap Heap Scan on sbtest3  (cost=23.03..3988.29 rows=1034 width=4)
	        Recheck Cond: ((id >= 1634559) AND (id <= 1635558))
	        ->  Bitmap Index Scan on sbtest3_pkey  (cost=0.00..22.77 rows=1034 width=0)
	              Index Cond: ((id >= 1634559) AND (id <= 1635558))

table 4 : explain SELECT SUM(k) FROM sbtest4 WHERE id BETWEEN 9733031 AND 9734030
	Aggregate  (cost=3885.43..3885.44 rows=1 width=8)
	  ->  Bitmap Heap Scan on sbtest4  (cost=22.75..3882.91 rows=1006 width=4)
	        Recheck Cond: ((id >= 9733031) AND (id <= 9734030))
	        ->  Bitmap Index Scan on sbtest4_pkey  (cost=0.00..22.50 rows=1006 width=0)
	              Index Cond: ((id >= 9733031) AND (id <= 9734030))

table 5 : explain SELECT SUM(k) FROM sbtest5 WHERE id BETWEEN 7471040 AND 7472039
	Aggregate  (cost=3920.71..3920.72 rows=1 width=8)
	  ->  Bitmap Heap Scan on sbtest5  (cost=22.84..3918.18 rows=1015 width=4)
	        Recheck Cond: ((id >= 7471040) AND (id <= 7472039))
	        ->  Bitmap Index Scan on sbtest5_pkey  (cost=0.00..22.58 rows=1015 width=0)
	              Index Cond: ((id >= 7471040) AND (id <= 7472039))

table 6 : explain SELECT SUM(k) FROM sbtest6 WHERE id BETWEEN 6569712 AND 6570711
	Aggregate  (cost=4141.76..4141.77 rows=1 width=8)
	  ->  Bitmap Heap Scan on sbtest6  (cost=23.44..4139.07 rows=1074 width=4)
	        Recheck Cond: ((id >= 6569712) AND (id <= 6570711))
	        ->  Bitmap Index Scan on sbtest6_pkey  (cost=0.00..23.18 rows=1074 width=0)
	              Index Cond: ((id >= 6569712) AND (id <= 6570711))

table 7 : explain SELECT SUM(k) FROM sbtest7 WHERE id BETWEEN 4544061 AND 4545060
	Aggregate  (cost=3573.74..3573.75 rows=1 width=8)
	  ->  Bitmap Heap Scan on sbtest7  (cost=21.90..3571.43 rows=923 width=4)
	        Recheck Cond: ((id >= 4544061) AND (id <= 4545060))
	        ->  Bitmap Index Scan on sbtest7_pkey  (cost=0.00..21.66 rows=923 width=0)
	              Index Cond: ((id >= 4544061) AND (id <= 4545060))

table 8 : explain SELECT SUM(k) FROM sbtest8 WHERE id BETWEEN 3840800 AND 3841799
	Aggregate  (cost=4161.92..4161.93 rows=1 width=8)
	  ->  Bitmap Heap Scan on sbtest8  (cost=27.48..4159.23 rows=1078 width=4)
	        Recheck Cond: ((id >= 3840800) AND (id <= 3841799))
	        ->  Bitmap Index Scan on sbtest8_pkey  (cost=0.00..27.21 rows=1078 width=0)
	              Index Cond: ((id >= 3840800) AND (id <= 3841799))

for: order_ranges
table 1 : explain SELECT c FROM sbtest1 WHERE id BETWEEN 7366875 AND 7367874 ORDER BY c
	Sort  (cost=3979.14..3981.68 rows=1018 width=121)
	  Sort Key: c
	  ->  Bitmap Heap Scan on sbtest1  (cost=22.87..3928.28 rows=1018 width=121)
	        Recheck Cond: ((id >= 7366875) AND (id <= 7367874))
	        ->  Bitmap Index Scan on sbtest1_pkey  (cost=0.00..22.61 rows=1018 width=0)
	              Index Cond: ((id >= 7366875) AND (id <= 7367874))

table 2 : explain SELECT c FROM sbtest2 WHERE id BETWEEN 7122583 AND 7123582 ORDER BY c
	Sort  (cost=3959.78..3962.31 rows=1013 width=121)
	  Sort Key: c
	  ->  Bitmap Heap Scan on sbtest2  (cost=22.82..3909.21 rows=1013 width=121)
	        Recheck Cond: ((id >= 7122583) AND (id <= 7123582))
	        ->  Bitmap Index Scan on sbtest2_pkey  (cost=0.00..22.57 rows=1013 width=0)
	              Index Cond: ((id >= 7122583) AND (id <= 7123582))

table 3 : explain SELECT c FROM sbtest3 WHERE id BETWEEN 3921075 AND 3922074 ORDER BY c
	Sort  (cost=4005.70..4008.26 rows=1025 width=121)
	  Sort Key: c
	  ->  Bitmap Heap Scan on sbtest3  (cost=22.94..3954.44 rows=1025 width=121)
	        Recheck Cond: ((id >= 3921075) AND (id <= 3922074))
	        ->  Bitmap Index Scan on sbtest3_pkey  (cost=0.00..22.68 rows=1025 width=0)
	              Index Cond: ((id >= 3921075) AND (id <= 3922074))

table 4 : explain SELECT c FROM sbtest4 WHERE id BETWEEN 4949491 AND 4950490 ORDER BY c
	Sort  (cost=3603.99..3606.29 rows=920 width=121)
	  Sort Key: c
	  ->  Bitmap Heap Scan on sbtest4  (cost=21.87..3558.71 rows=920 width=121)
	        Recheck Cond: ((id >= 4949491) AND (id <= 4950490))
	        ->  Bitmap Index Scan on sbtest4_pkey  (cost=0.00..21.64 rows=920 width=0)
	              Index Cond: ((id >= 4949491) AND (id <= 4950490))

table 5 : explain SELECT c FROM sbtest5 WHERE id BETWEEN 6925038 AND 6926037 ORDER BY c
	Sort  (cost=4045.28..4047.87 rows=1035 width=121)
	  Sort Key: c
	  ->  Bitmap Heap Scan on sbtest5  (cost=23.04..3993.45 rows=1035 width=121)
	        Recheck Cond: ((id >= 6925038) AND (id <= 6926037))
	        ->  Bitmap Index Scan on sbtest5_pkey  (cost=0.00..22.79 rows=1035 width=0)
	              Index Cond: ((id >= 6925038) AND (id <= 6926037))

table 6 : explain SELECT c FROM sbtest6 WHERE id BETWEEN 5410093 AND 5411092 ORDER BY c
	Sort  (cost=3757.59..3759.99 rows=960 width=121)
	  Sort Key: c
	  ->  Bitmap Heap Scan on sbtest6  (cost=22.27..3710.04 rows=960 width=121)
	        Recheck Cond: ((id >= 5410093) AND (id <= 5411092))
	        ->  Bitmap Index Scan on sbtest6_pkey  (cost=0.00..22.04 rows=960 width=0)
	              Index Cond: ((id >= 5410093) AND (id <= 5411092))

table 7 : explain SELECT c FROM sbtest7 WHERE id BETWEEN 1961220 AND 1962219 ORDER BY c
	Sort  (cost=3946.15..3948.67 rows=1009 width=121)
	  Sort Key: c
	  ->  Bitmap Heap Scan on sbtest7  (cost=22.78..3895.80 rows=1009 width=121)
	        Recheck Cond: ((id >= 1961220) AND (id <= 1962219))
	        ->  Bitmap Index Scan on sbtest7_pkey  (cost=0.00..22.52 rows=1009 width=0)
	              Index Cond: ((id >= 1961220) AND (id <= 1962219))

table 8 : explain SELECT c FROM sbtest8 WHERE id BETWEEN 3176041 AND 3177040 ORDER BY c
	Sort  (cost=3823.62..3826.06 rows=977 width=121)
	  Sort Key: c
	  ->  Bitmap Heap Scan on sbtest8  (cost=22.45..3775.10 rows=977 width=121)
	        Recheck Cond: ((id >= 3176041) AND (id <= 3177040))
	        ->  Bitmap Index Scan on sbtest8_pkey  (cost=0.00..22.20 rows=977 width=0)
	              Index Cond: ((id >= 3176041) AND (id <= 3177040))

for: distinct_ranges
table 1 : explain SELECT DISTINCT c FROM sbtest1 WHERE id BETWEEN 1537573 AND 1538572 ORDER BY c
	Unique  (cost=3799.46..3804.31 rows=971 width=121)
	  ->  Sort  (cost=3799.46..3801.88 rows=971 width=121)
	        Sort Key: c
	        ->  Bitmap Heap Scan on sbtest1  (cost=22.39..3751.28 rows=971 width=121)
	              Recheck Cond: ((id >= 1537573) AND (id <= 1538572))
	              ->  Bitmap Index Scan on sbtest1_pkey  (cost=0.00..22.14 rows=971 width=0)
	                    Index Cond: ((id >= 1537573) AND (id <= 1538572))

table 2 : explain SELECT DISTINCT c FROM sbtest2 WHERE id BETWEEN 1890746 AND 1891745 ORDER BY c
	Unique  (cost=3623.11..3627.74 rows=925 width=121)
	  ->  Sort  (cost=3623.11..3625.43 rows=925 width=121)
	        Sort Key: c
	        ->  Bitmap Heap Scan on sbtest2  (cost=21.92..3577.54 rows=925 width=121)
	              Recheck Cond: ((id >= 1890746) AND (id <= 1891745))
	              ->  Bitmap Index Scan on sbtest2_pkey  (cost=0.00..21.68 rows=925 width=0)
	                    Index Cond: ((id >= 1890746) AND (id <= 1891745))

table 3 : explain SELECT DISTINCT c FROM sbtest3 WHERE id BETWEEN 4148911 AND 4149910 ORDER BY c
	Unique  (cost=3948.40..3953.45 rows=1010 width=121)
	  ->  Sort  (cost=3948.40..3950.92 rows=1010 width=121)
	        Sort Key: c
	        ->  Bitmap Heap Scan on sbtest3  (cost=22.79..3898.00 rows=1010 width=121)
	              Recheck Cond: ((id >= 4148911) AND (id <= 4149910))
	              ->  Bitmap Index Scan on sbtest3_pkey  (cost=0.00..22.54 rows=1010 width=0)
	                    Index Cond: ((id >= 4148911) AND (id <= 4149910))

table 4 : explain SELECT DISTINCT c FROM sbtest4 WHERE id BETWEEN 1418986 AND 1419985 ORDER BY c
	Unique  (cost=3933.08..3938.11 rows=1006 width=121)
	  ->  Sort  (cost=3933.08..3935.60 rows=1006 width=121)
	        Sort Key: c
	        ->  Bitmap Heap Scan on sbtest4  (cost=22.75..3882.91 rows=1006 width=121)
	              Recheck Cond: ((id >= 1418986) AND (id <= 1419985))
	              ->  Bitmap Index Scan on sbtest4_pkey  (cost=0.00..22.50 rows=1006 width=0)
	                    Index Cond: ((id >= 1418986) AND (id <= 1419985))

table 5 : explain SELECT DISTINCT c FROM sbtest5 WHERE id BETWEEN 6252521 AND 6253520 ORDER BY c
	Unique  (cost=3919.16..3924.17 rows=1002 width=121)
	  ->  Sort  (cost=3919.16..3921.67 rows=1002 width=121)
	        Sort Key: c
	        ->  Bitmap Heap Scan on sbtest5  (cost=22.71..3869.22 rows=1002 width=121)
	              Recheck Cond: ((id >= 6252521) AND (id <= 6253520))
	              ->  Bitmap Index Scan on sbtest5_pkey  (cost=0.00..22.45 rows=1002 width=0)
	                    Index Cond: ((id >= 6252521) AND (id <= 6253520))

table 6 : explain SELECT DISTINCT c FROM sbtest6 WHERE id BETWEEN 9946589 AND 9947588 ORDER BY c
	Unique  (cost=4082.50..4087.72 rows=1045 width=121)
	  ->  Sort  (cost=4082.50..4085.11 rows=1045 width=121)
	        Sort Key: c
	        ->  Bitmap Heap Scan on sbtest6  (cost=23.15..4030.09 rows=1045 width=121)
	              Recheck Cond: ((id >= 9946589) AND (id <= 9947588))
	              ->  Bitmap Index Scan on sbtest6_pkey  (cost=0.00..22.89 rows=1045 width=0)
	                    Index Cond: ((id >= 9946589) AND (id <= 9947588))

table 7 : explain SELECT DISTINCT c FROM sbtest7 WHERE id BETWEEN 7667718 AND 7668717 ORDER BY c
	Unique  (cost=3884.96..3889.92 rows=993 width=121)
	  ->  Sort  (cost=3884.96..3887.44 rows=993 width=121)
	        Sort Key: c
	        ->  Bitmap Heap Scan on sbtest7  (cost=22.61..3835.53 rows=993 width=121)
	              Recheck Cond: ((id >= 7667718) AND (id <= 7668717))
	              ->  Bitmap Index Scan on sbtest7_pkey  (cost=0.00..22.36 rows=993 width=0)
	                    Index Cond: ((id >= 7667718) AND (id <= 7668717))

table 8 : explain SELECT DISTINCT c FROM sbtest8 WHERE id BETWEEN 4235507 AND 4236506 ORDER BY c
	Unique  (cost=3708.75..3713.49 rows=947 width=121)
	  ->  Sort  (cost=3708.75..3711.12 rows=947 width=121)
	        Sort Key: c
	        ->  Bitmap Heap Scan on sbtest8  (cost=22.14..3661.94 rows=947 width=121)
	              Recheck Cond: ((id >= 4235507) AND (id <= 4236506))
	              ->  Bitmap Index Scan on sbtest8_pkey  (cost=0.00..21.90 rows=947 width=0)
	                    Index Cond: ((id >= 4235507) AND (id <= 4236506))

for: order_ranges
table 1 : explain SELECT c FROM sbtest1 WHERE id BETWEEN 6802540 AND 6803539 ORDER BY c
	Sort  (cost=3485.31..3487.53 rows=889 width=121)
	  Sort Key: c
	  ->  Bitmap Heap Scan on sbtest1  (cost=21.55..3441.77 rows=889 width=121)
	        Recheck Cond: ((id >= 6802540) AND (id <= 6803539))
	        ->  Bitmap Index Scan on sbtest1_pkey  (cost=0.00..21.32 rows=889 width=0)
	              Index Cond: ((id >= 6802540) AND (id <= 6803539))

table 2 : explain SELECT c FROM sbtest2 WHERE id BETWEEN 3755696 AND 3756695 ORDER BY c
	Sort  (cost=3619.28..3621.59 rows=924 width=121)
	  Sort Key: c
	  ->  Bitmap Heap Scan on sbtest2  (cost=21.91..3573.77 rows=924 width=121)
	        Recheck Cond: ((id >= 3755696) AND (id <= 3756695))
	        ->  Bitmap Index Scan on sbtest2_pkey  (cost=0.00..21.68 rows=924 width=0)
	              Index Cond: ((id >= 3755696) AND (id <= 3756695))

table 3 : explain SELECT c FROM sbtest3 WHERE id BETWEEN 2017245 AND 2018244 ORDER BY c
	Sort  (cost=4135.47..4138.12 rows=1059 width=121)
	  Sort Key: c
	  ->  Bitmap Heap Scan on sbtest3  (cost=23.29..4082.27 rows=1059 width=121)
	        Recheck Cond: ((id >= 2017245) AND (id <= 2018244))
	        ->  Bitmap Index Scan on sbtest3_pkey  (cost=0.00..23.02 rows=1059 width=0)
	              Index Cond: ((id >= 2017245) AND (id <= 2018244))

table 4 : explain SELECT c FROM sbtest4 WHERE id BETWEEN 8335569 AND 8336568 ORDER BY c
	Sort  (cost=3879.57..3882.05 rows=992 width=121)
	  Sort Key: c
	  ->  Bitmap Heap Scan on sbtest4  (cost=22.60..3830.20 rows=992 width=121)
	        Recheck Cond: ((id >= 8335569) AND (id <= 8336568))
	        ->  Bitmap Index Scan on sbtest4_pkey  (cost=0.00..22.36 rows=992 width=0)
	              Index Cond: ((id >= 8335569) AND (id <= 8336568))

table 5 : explain SELECT c FROM sbtest5 WHERE id BETWEEN 36513 AND 37512 ORDER BY c
	Sort  (cost=4434.56..4437.40 rows=1137 width=121)
	  Sort Key: c
	  ->  Bitmap Heap Scan on sbtest5  (cost=28.09..4376.85 rows=1137 width=121)
	        Recheck Cond: ((id >= 36513) AND (id <= 37512))
	        ->  Bitmap Index Scan on sbtest5_pkey  (cost=0.00..27.80 rows=1137 width=0)
	              Index Cond: ((id >= 36513) AND (id <= 37512))

table 6 : explain SELECT c FROM sbtest6 WHERE id BETWEEN 3291715 AND 3292714 ORDER BY c
	Sort  (cost=3814.99..3817.43 rows=975 width=121)
	  Sort Key: c
	  ->  Bitmap Heap Scan on sbtest6  (cost=22.43..3766.59 rows=975 width=121)
	        Recheck Cond: ((id >= 3291715) AND (id <= 3292714))
	        ->  Bitmap Index Scan on sbtest6_pkey  (cost=0.00..22.18 rows=975 width=0)
	              Index Cond: ((id >= 3291715) AND (id <= 3292714))

table 7 : explain SELECT c FROM sbtest7 WHERE id BETWEEN 5302739 AND 5303738 ORDER BY c
	Sort  (cost=3616.89..3619.20 rows=923 width=121)
	  Sort Key: c
	  ->  Bitmap Heap Scan on sbtest7  (cost=21.90..3571.43 rows=923 width=121)
	        Recheck Cond: ((id >= 5302739) AND (id <= 5303738))
	        ->  Bitmap Index Scan on sbtest7_pkey  (cost=0.00..21.66 rows=923 width=0)
	              Index Cond: ((id >= 5302739) AND (id <= 5303738))

table 8 : explain SELECT c FROM sbtest8 WHERE id BETWEEN 3017811 AND 3018810 ORDER BY c
	Sort  (cost=4366.11..4368.91 rows=1119 width=121)
	  Sort Key: c
	  ->  Bitmap Heap Scan on sbtest8  (cost=27.90..4309.44 rows=1119 width=121)
	        Recheck Cond: ((id >= 3017811) AND (id <= 3018810))
	        ->  Bitmap Index Scan on sbtest8_pkey  (cost=0.00..27.62 rows=1119 width=0)
	              Index Cond: ((id >= 3017811) AND (id <= 3018810))

for: distinct_ranges
table 1 : explain SELECT DISTINCT c FROM sbtest1 WHERE id BETWEEN 8589484 AND 8590483 ORDER BY c
	Unique  (cost=3853.01..3857.93 rows=985 width=121)
	  ->  Sort  (cost=3853.01..3855.47 rows=985 width=121)
	        Sort Key: c
	        ->  Bitmap Heap Scan on sbtest1  (cost=22.53..3804.03 rows=985 width=121)
	              Recheck Cond: ((id >= 8589484) AND (id <= 8590483))
	              ->  Bitmap Index Scan on sbtest1_pkey  (cost=0.00..22.29 rows=985 width=0)
	                    Index Cond: ((id >= 8589484) AND (id <= 8590483))

table 2 : explain SELECT DISTINCT c FROM sbtest2 WHERE id BETWEEN 9088428 AND 9089427 ORDER BY c
	Unique  (cost=3852.77..3857.69 rows=985 width=121)
	  ->  Sort  (cost=3852.77..3855.23 rows=985 width=121)
	        Sort Key: c
	        ->  Bitmap Heap Scan on sbtest2  (cost=22.53..3803.79 rows=985 width=121)
	              Recheck Cond: ((id >= 9088428) AND (id <= 9089427))
	              ->  Bitmap Index Scan on sbtest2_pkey  (cost=0.00..22.29 rows=985 width=0)
	                    Index Cond: ((id >= 9088428) AND (id <= 9089427))

table 3 : explain SELECT DISTINCT c FROM sbtest3 WHERE id BETWEEN 2284325 AND 2285324 ORDER BY c
	Unique  (cost=3826.07..3830.96 rows=978 width=121)
	  ->  Sort  (cost=3826.07..3828.52 rows=978 width=121)
	        Sort Key: c
	        ->  Bitmap Heap Scan on sbtest3  (cost=22.46..3777.49 rows=978 width=121)
	              Recheck Cond: ((id >= 2284325) AND (id <= 2285324))
	              ->  Bitmap Index Scan on sbtest3_pkey  (cost=0.00..22.21 rows=978 width=0)
	                    Index Cond: ((id >= 2284325) AND (id <= 2285324))

table 4 : explain SELECT DISTINCT c FROM sbtest4 WHERE id BETWEEN 9408775 AND 9409774 ORDER BY c
	Unique  (cost=3948.37..3953.42 rows=1010 width=121)
	  ->  Sort  (cost=3948.37..3950.89 rows=1010 width=121)
	        Sort Key: c
	        ->  Bitmap Heap Scan on sbtest4  (cost=22.79..3897.97 rows=1010 width=121)
	              Recheck Cond: ((id >= 9408775) AND (id <= 9409774))
	              ->  Bitmap Index Scan on sbtest4_pkey  (cost=0.00..22.54 rows=1010 width=0)
	                    Index Cond: ((id >= 9408775) AND (id <= 9409774))

table 5 : explain SELECT DISTINCT c FROM sbtest5 WHERE id BETWEEN 6159909 AND 6160908 ORDER BY c
	Unique  (cost=3647.36..3652.02 rows=931 width=121)
	  ->  Sort  (cost=3647.36..3649.69 rows=931 width=121)
	        Sort Key: c
	        ->  Bitmap Heap Scan on sbtest5  (cost=21.98..3601.45 rows=931 width=121)
	              Recheck Cond: ((id >= 6159909) AND (id <= 6160908))
	              ->  Bitmap Index Scan on sbtest5_pkey  (cost=0.00..21.75 rows=931 width=0)
	                    Index Cond: ((id >= 6159909) AND (id <= 6160908))

table 6 : explain SELECT DISTINCT c FROM sbtest6 WHERE id BETWEEN 7314142 AND 7315141 ORDER BY c
	Unique  (cost=3730.80..3735.56 rows=953 width=121)
	  ->  Sort  (cost=3730.80..3733.18 rows=953 width=121)
	        Sort Key: c
	        ->  Bitmap Heap Scan on sbtest6  (cost=22.20..3683.64 rows=953 width=121)
	              Recheck Cond: ((id >= 7314142) AND (id <= 7315141))
	              ->  Bitmap Index Scan on sbtest6_pkey  (cost=0.00..21.96 rows=953 width=0)
	                    Index Cond: ((id >= 7314142) AND (id <= 7315141))

table 7 : explain SELECT DISTINCT c FROM sbtest7 WHERE id BETWEEN 717297 AND 718296 ORDER BY c
	Unique  (cost=3624.56..3629.18 rows=925 width=121)
	  ->  Sort  (cost=3624.56..3626.87 rows=925 width=121)
	        Sort Key: c
	        ->  Bitmap Heap Scan on sbtest7  (cost=21.92..3578.99 rows=925 width=121)
	              Recheck Cond: ((id >= 717297) AND (id <= 718296))
	              ->  Bitmap Index Scan on sbtest7_pkey  (cost=0.00..21.68 rows=925 width=0)
	                    Index Cond: ((id >= 717297) AND (id <= 718296))

table 8 : explain SELECT DISTINCT c FROM sbtest8 WHERE id BETWEEN 2215553 AND 2216552 ORDER BY c
	Unique  (cost=4053.02..4058.20 rows=1037 width=121)
	  ->  Sort  (cost=4053.02..4055.61 rows=1037 width=121)
	        Sort Key: c
	        ->  Bitmap Heap Scan on sbtest8  (cost=23.06..4001.08 rows=1037 width=121)
	              Recheck Cond: ((id >= 2215553) AND (id <= 2216552))
	              ->  Bitmap Index Scan on sbtest8_pkey  (cost=0.00..22.80 rows=1037 width=0)
	                    Index Cond: ((id >= 2215553) AND (id <= 2216552))

Threads started!

Warming up for 5 seconds...

SQL statistics:
    queries performed:
        read:                            154247949
        write:                           0
        other:                           28045118
        total:                           182293067
    transactions:                        14022579 (22259.36 per sec.)
    queries:                             182293067 (289370.92 per sec.)
    ignored errors:                      0      (0.00 per sec.)
    reconnects:                          0      (0.00 per sec.)

Throughput:
    events/s (eps):                      22259.3574
    time elapsed:                        630.0082s
    total number of events:              14022579

Latency (ms):
         min:                                    0.49
         avg:                                    1.80
         max:                                  981.36
         95th percentile:                        1.89
         sum:                             25192657.55

Threads fairness:
    events (avg/stddev):           350563.9750/955.15
    execution time (avg/stddev):   629.8164/0.17

