LUA_PATH=/home/mdcallag/git/mytools/bench/sysbench.lua/lua/?.lua /home/mdcallag/git/mytools/bench/sysbench.lua/lua/sysbench --db-driver=pgsql --range-size=1000 --table-size=10000000 --tables=8 --threads=40 --events=0 --warmup-time=5 --time=630 --pgsql_conn_id=true /home/mdcallag/git/mytools/bench/sysbench.lua/lua/oltp_read_only.lua run --pgsql-user=root --pgsql-password=pw --pgsql-host=127.0.0.1 --pgsql-db=ib --rand-type=uniform --simple-ranges=1 --sum-ranges=0 --order-ranges=0 --distinct-ranges=0
48 CPUs
sysbench 1.1.0-9072687 (using bundled LuaJIT 2.1.0-beta3)

Running the test with following options:
Number of threads: 40
Warmup time: 5s
Initializing random number generator from current time


Initializing worker threads...

explain: for point_selects :: explain SELECT c FROM sbtest%u WHERE id=%u
explain: for point_selects :: explain SELECT c FROM sbtest%u WHERE id=%u
explain: for point_selects :: explain SELECT c FROM sbtest%u WHERE id=%u
explain: for point_selects :: explain SELECT c FROM sbtest%u WHERE id=%u
explain: for point_selects :: explain SELECT c FROM sbtest%u WHERE id=%u
explain: for point_selects :: explain SELECT c FROM sbtest%u WHERE id=%u
explain: for point_selects :: explain SELECT c FROM sbtest%u WHERE id=%u
explain: for point_selects :: explain SELECT c FROM sbtest%u WHERE id=%u
explain: for point_selects :: explain SELECT c FROM sbtest%u WHERE id=%u
for point_selects
table 1 : explain SELECT c FROM sbtest1 WHERE id=7422699
	Index Scan using sbtest1_pkey on sbtest1  (cost=0.43..8.45 rows=1 width=121)
	  Index Cond: (id = 7422699)

table 2 : explain SELECT c FROM sbtest2 WHERE id=3488836
	Index Scan using sbtest2_pkey on sbtest2  (cost=0.43..8.45 rows=1 width=121)
	  Index Cond: (id = 3488836)

table 3 : explain SELECT c FROM sbtest3 WHERE id=7893775
	Index Scan using sbtest3_pkey on sbtest3  (cost=0.43..8.45 rows=1 width=121)
	  Index Cond: (id = 7893775)

table 4 : explain SELECT c FROM sbtest4 WHERE id=745536
	Index Scan using sbtest4_pkey on sbtest4  (cost=0.43..8.45 rows=1 width=121)
	  Index Cond: (id = 745536)

table 5 : explain SELECT c FROM sbtest5 WHERE id=997818
	Index Scan using sbtest5_pkey on sbtest5  (cost=0.43..8.45 rows=1 width=121)
	  Index Cond: (id = 997818)

table 6 : explain SELECT c FROM sbtest6 WHERE id=7798860
	Index Scan using sbtest6_pkey on sbtest6  (cost=0.43..8.45 rows=1 width=121)
	  Index Cond: (id = 7798860)

table 7 : explain SELECT c FROM sbtest7 WHERE id=2576359
	Index Scan using sbtest7_pkey on sbtest7  (cost=0.43..8.45 rows=1 width=121)
	  Index Cond: (id = 2576359)

table 8 : explain SELECT c FROM sbtest8 WHERE id=6397608
	Index Scan using sbtest8_pkey on sbtest8  (cost=0.43..8.45 rows=1 width=121)
	  Index Cond: (id = 6397608)

for point_selects
table 1 : explain SELECT c FROM sbtest1 WHERE id=3021108
	Index Scan using sbtest1_pkey on sbtest1  (cost=0.43..8.45 rows=1 width=121)
	  Index Cond: (id = 3021108)

table 2 : explain SELECT c FROM sbtest2 WHERE id=5374790
	Index Scan using sbtest2_pkey on sbtest2  (cost=0.43..8.45 rows=1 width=121)
	  Index Cond: (id = 5374790)

table 3 : explain SELECT c FROM sbtest3 WHERE id=9906934
	Index Scan using sbtest3_pkey on sbtest3  (cost=0.43..8.45 rows=1 width=121)
	  Index Cond: (id = 9906934)

table 4 : explain SELECT c FROM sbtest4 WHERE id=2083421
	Index Scan using sbtest4_pkey on sbtest4  (cost=0.43..8.45 rows=1 width=121)
	  Index Cond: (id = 2083421)

table 5 : explain SELECT c FROM sbtest5 WHERE id=5085075
	Index Scan using sbtest5_pkey on sbtest5  (cost=0.43..8.45 rows=1 width=121)
	  Index Cond: (id = 5085075)

table 6 : explain SELECT c FROM sbtest6 WHERE id=2238810
	Index Scan using sbtest6_pkey on sbtest6  (cost=0.43..8.45 rows=1 width=121)
	  Index Cond: (id = 2238810)

table 7 : explain SELECT c FROM sbtest7 WHERE id=5010943
	Index Scan using sbtest7_pkey on sbtest7  (cost=0.43..8.45 rows=1 width=121)
	  Index Cond: (id = 5010943)

table 8 : explain SELECT c FROM sbtest8 WHERE id=3053757
	Index Scan using sbtest8_pkey on sbtest8  (cost=0.43..8.45 rows=1 width=121)
	  Index Cond: (id = 3053757)

for point_selects
table 1 : explain SELECT c FROM sbtest1 WHERE id=1506748
	Index Scan using sbtest1_pkey on sbtest1  (cost=0.43..8.45 rows=1 width=121)
	  Index Cond: (id = 1506748)

table 2 : explain SELECT c FROM sbtest2 WHERE id=7421892
	Index Scan using sbtest2_pkey on sbtest2  (cost=0.43..8.45 rows=1 width=121)
	  Index Cond: (id = 7421892)

table 3 : explain SELECT c FROM sbtest3 WHERE id=5763883
	Index Scan using sbtest3_pkey on sbtest3  (cost=0.43..8.45 rows=1 width=121)
	  Index Cond: (id = 5763883)

table 4 : explain SELECT c FROM sbtest4 WHERE id=5406890
	Index Scan using sbtest4_pkey on sbtest4  (cost=0.43..8.45 rows=1 width=121)
	  Index Cond: (id = 5406890)

table 5 : explain SELECT c FROM sbtest5 WHERE id=5852410
	Index Scan using sbtest5_pkey on sbtest5  (cost=0.43..8.45 rows=1 width=121)
	  Index Cond: (id = 5852410)

table 6 : explain SELECT c FROM sbtest6 WHERE id=5070493
	Index Scan using sbtest6_pkey on sbtest6  (cost=0.43..8.45 rows=1 width=121)
	  Index Cond: (id = 5070493)

table 7 : explain SELECT c FROM sbtest7 WHERE id=5832834
	Index Scan using sbtest7_pkey on sbtest7  (cost=0.43..8.45 rows=1 width=121)
	  Index Cond: (id = 5832834)

table 8 : explain SELECT c FROM sbtest8 WHERE id=1863284
	Index Scan using sbtest8_pkey on sbtest8  (cost=0.43..8.45 rows=1 width=121)
	  Index Cond: (id = 1863284)

for point_selects
table 1 : explain SELECT c FROM sbtest1 WHERE id=1820490
	Index Scan using sbtest1_pkey on sbtest1  (cost=0.43..8.45 rows=1 width=121)
	  Index Cond: (id = 1820490)

table 2 : explain SELECT c FROM sbtest2 WHERE id=84752
	Index Scan using sbtest2_pkey on sbtest2  (cost=0.43..8.45 rows=1 width=121)
	  Index Cond: (id = 84752)

table 3 : explain SELECT c FROM sbtest3 WHERE id=5505912
	Index Scan using sbtest3_pkey on sbtest3  (cost=0.43..8.45 rows=1 width=121)
	  Index Cond: (id = 5505912)

table 4 : explain SELECT c FROM sbtest4 WHERE id=9595473
	Index Scan using sbtest4_pkey on sbtest4  (cost=0.43..8.45 rows=1 width=121)
	  Index Cond: (id = 9595473)

table 5 : explain SELECT c FROM sbtest5 WHERE id=2943370
	Index Scan using sbtest5_pkey on sbtest5  (cost=0.43..8.45 rows=1 width=121)
	  Index Cond: (id = 2943370)

table 6 : explain SELECT c FROM sbtest6 WHERE id=5200478
	Index Scan using sbtest6_pkey on sbtest6  (cost=0.43..8.45 rows=1 width=121)
	  Index Cond: (id = 5200478)

table 7 : explain SELECT c FROM sbtest7 WHERE id=191895
	Index Scan using sbtest7_pkey on sbtest7  (cost=0.43..8.45 rows=1 width=121)
	  Index Cond: (id = 191895)

table 8 : explain SELECT c FROM sbtest8 WHERE id=1102363
	Index Scan using sbtest8_pkey on sbtest8  (cost=0.43..8.45 rows=1 width=121)
	  Index Cond: (id = 1102363)

for point_selects
table 1 : explain SELECT c FROM sbtest1 WHERE id=1376102
	Index Scan using sbtest1_pkey on sbtest1  (cost=0.43..8.45 rows=1 width=121)
	  Index Cond: (id = 1376102)

table 2 : explain SELECT c FROM sbtest2 WHERE id=3384924
	Index Scan using sbtest2_pkey on sbtest2  (cost=0.43..8.45 rows=1 width=121)
	  Index Cond: (id = 3384924)

table 3 : explain SELECT c FROM sbtest3 WHERE id=4462406
	Index Scan using sbtest3_pkey on sbtest3  (cost=0.43..8.45 rows=1 width=121)
	  Index Cond: (id = 4462406)

table 4 : explain SELECT c FROM sbtest4 WHERE id=1271223
	Index Scan using sbtest4_pkey on sbtest4  (cost=0.43..8.45 rows=1 width=121)
	  Index Cond: (id = 1271223)

table 5 : explain SELECT c FROM sbtest5 WHERE id=9670252
	Index Scan using sbtest5_pkey on sbtest5  (cost=0.43..8.45 rows=1 width=121)
	  Index Cond: (id = 9670252)

table 6 : explain SELECT c FROM sbtest6 WHERE id=6045793
	Index Scan using sbtest6_pkey on sbtest6  (cost=0.43..8.45 rows=1 width=121)
	  Index Cond: (id = 6045793)

table 7 : explain SELECT c FROM sbtest7 WHERE id=2097032
	Index Scan using sbtest7_pkey on sbtest7  (cost=0.43..8.45 rows=1 width=121)
	  Index Cond: (id = 2097032)

table 8 : explain SELECT c FROM sbtest8 WHERE id=2886239
	Index Scan using sbtest8_pkey on sbtest8  (cost=0.43..8.45 rows=1 width=121)
	  Index Cond: (id = 2886239)

for point_selects
table 1 : explain SELECT c FROM sbtest1 WHERE id=1618678
	Index Scan using sbtest1_pkey on sbtest1  (cost=0.43..8.45 rows=1 width=121)
	  Index Cond: (id = 1618678)

table 2 : explain SELECT c FROM sbtest2 WHERE id=4009528
	Index Scan using sbtest2_pkey on sbtest2  (cost=0.43..8.45 rows=1 width=121)
	  Index Cond: (id = 4009528)

table 3 : explain SELECT c FROM sbtest3 WHERE id=5613831
	Index Scan using sbtest3_pkey on sbtest3  (cost=0.43..8.45 rows=1 width=121)
	  Index Cond: (id = 5613831)

table 4 : explain SELECT c FROM sbtest4 WHERE id=7660078
	Index Scan using sbtest4_pkey on sbtest4  (cost=0.43..8.45 rows=1 width=121)
	  Index Cond: (id = 7660078)

table 5 : explain SELECT c FROM sbtest5 WHERE id=8117474
	Index Scan using sbtest5_pkey on sbtest5  (cost=0.43..8.45 rows=1 width=121)
	  Index Cond: (id = 8117474)

table 6 : explain SELECT c FROM sbtest6 WHERE id=5993393
	Index Scan using sbtest6_pkey on sbtest6  (cost=0.43..8.45 rows=1 width=121)
	  Index Cond: (id = 5993393)

table 7 : explain SELECT c FROM sbtest7 WHERE id=9872063
	Index Scan using sbtest7_pkey on sbtest7  (cost=0.43..8.45 rows=1 width=121)
	  Index Cond: (id = 9872063)

table 8 : explain SELECT c FROM sbtest8 WHERE id=4326910
	Index Scan using sbtest8_pkey on sbtest8  (cost=0.43..8.45 rows=1 width=121)
	  Index Cond: (id = 4326910)

for point_selects
table 1 : explain SELECT c FROM sbtest1 WHERE id=1191013
	Index Scan using sbtest1_pkey on sbtest1  (cost=0.43..8.45 rows=1 width=121)
	  Index Cond: (id = 1191013)

table 2 : explain SELECT c FROM sbtest2 WHERE id=9082088
	Index Scan using sbtest2_pkey on sbtest2  (cost=0.43..8.45 rows=1 width=121)
	  Index Cond: (id = 9082088)

table 3 : explain SELECT c FROM sbtest3 WHERE id=3280229
	Index Scan using sbtest3_pkey on sbtest3  (cost=0.43..8.45 rows=1 width=121)
	  Index Cond: (id = 3280229)

table 4 : explain SELECT c FROM sbtest4 WHERE id=7007232
	Index Scan using sbtest4_pkey on sbtest4  (cost=0.43..8.45 rows=1 width=121)
	  Index Cond: (id = 7007232)

table 5 : explain SELECT c FROM sbtest5 WHERE id=1899527
	Index Scan using sbtest5_pkey on sbtest5  (cost=0.43..8.45 rows=1 width=121)
	  Index Cond: (id = 1899527)

table 6 : explain SELECT c FROM sbtest6 WHERE id=8040349
	Index Scan using sbtest6_pkey on sbtest6  (cost=0.43..8.45 rows=1 width=121)
	  Index Cond: (id = 8040349)

table 7 : explain SELECT c FROM sbtest7 WHERE id=388168
	Index Scan using sbtest7_pkey on sbtest7  (cost=0.43..8.45 rows=1 width=121)
	  Index Cond: (id = 388168)

table 8 : explain SELECT c FROM sbtest8 WHERE id=1862690
	Index Scan using sbtest8_pkey on sbtest8  (cost=0.43..8.45 rows=1 width=121)
	  Index Cond: (id = 1862690)

explain: for point_selects :: explain SELECT c FROM sbtest%u WHERE id=%u
for point_selects
table 1 : explain SELECT c FROM sbtest1 WHERE id=5241186
	Index Scan using sbtest1_pkey on sbtest1  (cost=0.43..8.45 rows=1 width=121)
	  Index Cond: (id = 5241186)

table 2 : explain SELECT c FROM sbtest2 WHERE id=2110115
	Index Scan using sbtest2_pkey on sbtest2  (cost=0.43..8.45 rows=1 width=121)
	  Index Cond: (id = 2110115)

table 3 : explain SELECT c FROM sbtest3 WHERE id=841916
	Index Scan using sbtest3_pkey on sbtest3  (cost=0.43..8.45 rows=1 width=121)
	  Index Cond: (id = 841916)

table 4 : explain SELECT c FROM sbtest4 WHERE id=5869095
	Index Scan using sbtest4_pkey on sbtest4  (cost=0.43..8.45 rows=1 width=121)
	  Index Cond: (id = 5869095)

table 5 : explain SELECT c FROM sbtest5 WHERE id=6673769
	Index Scan using sbtest5_pkey on sbtest5  (cost=0.43..8.45 rows=1 width=121)
	  Index Cond: (id = 6673769)

table 6 : explain SELECT c FROM sbtest6 WHERE id=8046497
	Index Scan using sbtest6_pkey on sbtest6  (cost=0.43..8.45 rows=1 width=121)
	  Index Cond: (id = 8046497)

table 7 : explain SELECT c FROM sbtest7 WHERE id=29466
	Index Scan using sbtest7_pkey on sbtest7  (cost=0.43..8.45 rows=1 width=121)
	  Index Cond: (id = 29466)

table 8 : explain SELECT c FROM sbtest8 WHERE id=5145916
	Index Scan using sbtest8_pkey on sbtest8  (cost=0.43..8.45 rows=1 width=121)
	  Index Cond: (id = 5145916)

explain: for point_selects :: explain SELECT c FROM sbtest%u WHERE id=%u
explain: for point_selects :: explain SELECT c FROM sbtest%u WHERE id=%u
for: simple_ranges
table 1 : explain SELECT c FROM sbtest1 WHERE id BETWEEN 4903376 AND 4904375
	Bitmap Heap Scan on sbtest1  (cost=22.45..3773.89 rows=977 width=121)
	  Recheck Cond: ((id >= 4903376) AND (id <= 4904375))
	  ->  Bitmap Index Scan on sbtest1_pkey  (cost=0.00..22.20 rows=977 width=0)
	        Index Cond: ((id >= 4903376) AND (id <= 4904375))

table 2 : explain SELECT c FROM sbtest2 WHERE id BETWEEN 4407620 AND 4408619
	Bitmap Heap Scan on sbtest2  (cost=22.64..3845.22 rows=996 width=121)
	  Recheck Cond: ((id >= 4407620) AND (id <= 4408619))
	  ->  Bitmap Index Scan on sbtest2_pkey  (cost=0.00..22.39 rows=996 width=0)
	        Index Cond: ((id >= 4407620) AND (id <= 4408619))

table 3 : explain SELECT c FROM sbtest3 WHERE id BETWEEN 7472212 AND 7473211
	Bitmap Heap Scan on sbtest3  (cost=22.59..3826.47 rows=991 width=121)
	  Recheck Cond: ((id >= 7472212) AND (id <= 7473211))
	  ->  Bitmap Index Scan on sbtest3_pkey  (cost=0.00..22.34 rows=991 width=0)
	        Index Cond: ((id >= 7472212) AND (id <= 7473211))

table 4 : explain SELECT c FROM sbtest4 WHERE id BETWEEN 9510474 AND 9511473
	Bitmap Heap Scan on sbtest4  (cost=23.14..4025.86 rows=1044 width=121)
	  Recheck Cond: ((id >= 9510474) AND (id <= 9511473))
	  ->  Bitmap Index Scan on sbtest4_pkey  (cost=0.00..22.87 rows=1044 width=0)
	        Index Cond: ((id >= 9510474) AND (id <= 9511473))

table 5 : explain SELECT c FROM sbtest5 WHERE id BETWEEN 7077534 AND 7078533
	Bitmap Heap Scan on sbtest5  (cost=28.16..4403.10 rows=1144 width=121)
	  Recheck Cond: ((id >= 7077534) AND (id <= 7078533))
	  ->  Bitmap Index Scan on sbtest5_pkey  (cost=0.00..27.87 rows=1144 width=0)
	        Index Cond: ((id >= 7077534) AND (id <= 7078533))

table 6 : explain SELECT c FROM sbtest6 WHERE id BETWEEN 278160 AND 279159
	Bitmap Heap Scan on sbtest6  (cost=22.57..3819.34 rows=989 width=121)
	  Recheck Cond: ((id >= 278160) AND (id <= 279159))
	  ->  Bitmap Index Scan on sbtest6_pkey  (cost=0.00..22.32 rows=989 width=0)
	        Index Cond: ((id >= 278160) AND (id <= 279159))

table 7 : explain SELECT c FROM sbtest7 WHERE id BETWEEN 6780780 AND 6781779
	Bitmap Heap Scan on sbtest7  (cost=22.60..3831.76 rows=992 width=121)
	  Recheck Cond: ((id >= 6780780) AND (id <= 6781779))
	  ->  Bitmap Index Scan on sbtest7_pkey  (cost=0.00..22.36 rows=992 width=0)
	        Index Cond: ((id >= 6780780) AND (id <= 6781779))

table 8 : explain SELECT c FROM sbtest8 WHERE id BETWEEN 1688226 AND 1689225
	Bitmap Heap Scan on sbtest8  (cost=22.57..3820.33 rows=989 width=121)
	  Recheck Cond: ((id >= 1688226) AND (id <= 1689225))
	  ->  Bitmap Index Scan on sbtest8_pkey  (cost=0.00..22.32 rows=989 width=0)
	        Index Cond: ((id >= 1688226) AND (id <= 1689225))
for: simple_ranges
table 1 : explain SELECT c FROM sbtest1 WHERE id BETWEEN 298169 AND 299168
	Bitmap Heap Scan on sbtest1  (cost=22.68..3860.53 rows=1000 width=121)
	  Recheck Cond: ((id >= 298169) AND (id <= 299168))
	  ->  Bitmap Index Scan on sbtest1_pkey  (cost=0.00..22.43 rows=1000 width=0)
	        Index Cond: ((id >= 298169) AND (id <= 299168))

table 2 : explain SELECT c FROM sbtest2 WHERE id BETWEEN 9832029 AND 9833028
	Bitmap Heap Scan on sbtest2  (cost=23.35..4104.72 rows=1065 width=121)
	  Recheck Cond: ((id >= 9832029) AND (id <= 9833028))
	  ->  Bitmap Index Scan on sbtest2_pkey  (cost=0.00..23.08 rows=1065 width=0)
	        Index Cond: ((id >= 9832029) AND (id <= 9833028))

table 3 : explain SELECT c FROM sbtest3 WHERE id BETWEEN 8533789 AND 8534788
	Bitmap Heap Scan on sbtest3  (cost=22.43..3766.19 rows=975 width=121)
	  Recheck Cond: ((id >= 8533789) AND (id <= 8534788))
	  ->  Bitmap Index Scan on sbtest3_pkey  (cost=0.00..22.18 rows=975 width=0)
	        Index Cond: ((id >= 8533789) AND (id <= 8534788))

table 4 : explain SELECT c FROM sbtest4 WHERE id BETWEEN 8878862 AND 8879861
	Bitmap Heap Scan on sbtest4  (cost=23.23..4059.68 rows=1053 width=121)
	  Recheck Cond: ((id >= 8878862) AND (id <= 8879861))
	  ->  Bitmap Index Scan on sbtest4_pkey  (cost=0.00..22.96 rows=1053 width=0)
	        Index Cond: ((id >= 8878862) AND (id <= 8879861))

table 5 : explain SELECT c FROM sbtest5 WHERE id BETWEEN 9897974 AND 9898973
	Bitmap Heap Scan on sbtest5  (cost=21.95..3590.12 rows=928 width=121)
	  Recheck Cond: ((id >= 9897974) AND (id <= 9898973))
	  ->  Bitmap Index Scan on sbtest5_pkey  (cost=0.00..21.71 rows=928 width=0)
	        Index Cond: ((id >= 9897974) AND (id <= 9898973))

table 6 : explain SELECT c FROM sbtest6 WHERE id BETWEEN 2968094 AND 2969093
	Bitmap Heap Scan on sbtest6  (cost=23.00..3977.44 rows=1031 width=121)
	  Recheck Cond: ((id >= 2968094) AND (id <= 2969093))
	  ->  Bitmap Index Scan on sbtest6_pkey  (cost=0.00..22.75 rows=1031 width=0)
	        Index Cond: ((id >= 2968094) AND (id <= 2969093))

table 7 : explain SELECT c FROM sbtest7 WHERE id BETWEEN 7508051 AND 7509050
	Bitmap Heap Scan on sbtest7  (cost=22.92..3948.52 rows=1023 width=121)
	  Recheck Cond: ((id >= 7508051) AND (id <= 7509050))
	  ->  Bitmap Index Scan on sbtest7_pkey  (cost=0.00..22.66 rows=1023 width=0)
	        Index Cond: ((id >= 7508051) AND (id <= 7509050))

table 8 : explain SELECT c FROM sbtest8 WHERE id BETWEEN 9396359 AND 9397358
	Bitmap Heap Scan on sbtest8  (cost=22.84..3918.27 rows=1015 width=121)
	  Recheck Cond: ((id >= 9396359) AND (id <= 9397358))
	  ->  Bitmap Index Scan on sbtest8_pkey  (cost=0.00..22.58 rows=1015 width=0)
	        Index Cond: ((id >= 9396359) AND (id <= 9397358))

for: simple_ranges
table 1 : explain SELECT c FROM sbtest1 WHERE id BETWEEN 4310326 AND 4311325
	Bitmap Heap Scan on sbtest1  (cost=22.40..3755.05 rows=972 width=121)
	  Recheck Cond: ((id >= 4310326) AND (id <= 4311325))
	  ->  Bitmap Index Scan on sbtest1_pkey  (cost=0.00..22.15 rows=972 width=0)
	        Index Cond: ((id >= 4310326) AND (id <= 4311325))

table 2 : explain SELECT c FROM sbtest2 WHERE id BETWEEN 1064141 AND 1065140
	Bitmap Heap Scan on sbtest2  (cost=22.02..3615.28 rows=935 width=121)
	  Recheck Cond: ((id >= 1064141) AND (id <= 1065140))
	  ->  Bitmap Index Scan on sbtest2_pkey  (cost=0.00..21.79 rows=935 width=0)
	        Index Cond: ((id >= 1064141) AND (id <= 1065140))

table 3 : explain SELECT c FROM sbtest3 WHERE id BETWEEN 1942399 AND 1943398
	Bitmap Heap Scan on sbtest3  (cost=23.09..4010.85 rows=1040 width=121)
	  Recheck Cond: ((id >= 1942399) AND (id <= 1943398))
	  ->  Bitmap Index Scan on sbtest3_pkey  (cost=0.00..22.83 rows=1040 width=0)
	        Index Cond: ((id >= 1942399) AND (id <= 1943398))

table 4 : explain SELECT c FROM sbtest4 WHERE id BETWEEN 8123828 AND 8124827
	Bitmap Heap Scan on sbtest4  (cost=21.11..3278.93 rows=846 width=121)
	  Recheck Cond: ((id >= 8123828) AND (id <= 8124827))
	  ->  Bitmap Index Scan on sbtest4_pkey  (cost=0.00..20.89 rows=846 width=0)
	        Index Cond: ((id >= 8123828) AND (id <= 8124827))

table 5 : explain SELECT c FROM sbtest5 WHERE id BETWEEN 3822213 AND 3823212
	Bitmap Heap Scan on sbtest5  (cost=22.51..3797.63 rows=983 width=121)
	  Recheck Cond: ((id >= 3822213) AND (id <= 3823212))
	  ->  Bitmap Index Scan on sbtest5_pkey  (cost=0.00..22.26 rows=983 width=0)
	        Index Cond: ((id >= 3822213) AND (id <= 3823212))

table 6 : explain SELECT c FROM sbtest6 WHERE id BETWEEN 7663258 AND 7664257
	Bitmap Heap Scan on sbtest6  (cost=22.42..3762.82 rows=974 width=121)
	  Recheck Cond: ((id >= 7663258) AND (id <= 7664257))
	  ->  Bitmap Index Scan on sbtest6_pkey  (cost=0.00..22.18 rows=974 width=0)
	        Index Cond: ((id >= 7663258) AND (id <= 7664257))

table 7 : explain SELECT c FROM sbtest7 WHERE id BETWEEN 3514183 AND 3515182
	Bitmap Heap Scan on sbtest7  (cost=22.61..3835.53 rows=993 width=121)
	  Recheck Cond: ((id >= 3514183) AND (id <= 3515182))
	  ->  Bitmap Index Scan on sbtest7_pkey  (cost=0.00..22.36 rows=993 width=0)
	        Index Cond: ((id >= 3514183) AND (id <= 3515182))

table 8 : explain SELECT c FROM sbtest8 WHERE id BETWEEN 6942892 AND 6943891
	Bitmap Heap Scan on sbtest8  (cost=22.82..3910.74 rows=1013 width=121)
	  Recheck Cond: ((id >= 6942892) AND (id <= 6943891))
	  ->  Bitmap Index Scan on sbtest8_pkey  (cost=0.00..22.57 rows=1013 width=0)
	        Index Cond: ((id >= 6942892) AND (id <= 6943891))


for: simple_ranges
table 1 : explain SELECT c FROM sbtest1 WHERE id BETWEEN 4933590 AND 4934589
	Bitmap Heap Scan on sbtest1  (cost=22.45..3773.89 rows=977 width=121)
	  Recheck Cond: ((id >= 4933590) AND (id <= 4934589))
	  ->  Bitmap Index Scan on sbtest1_pkey  (cost=0.00..22.20 rows=977 width=0)
	        Index Cond: ((id >= 4933590) AND (id <= 4934589))

table 2 : explain SELECT c FROM sbtest2 WHERE id BETWEEN 6050262 AND 6051261
	Bitmap Heap Scan on sbtest2  (cost=22.40..3754.81 rows=972 width=121)
	  Recheck Cond: ((id >= 6050262) AND (id <= 6051261))
	  ->  Bitmap Index Scan on sbtest2_pkey  (cost=0.00..22.15 rows=972 width=0)
	        Index Cond: ((id >= 6050262) AND (id <= 6051261))

table 3 : explain SELECT c FROM sbtest3 WHERE id BETWEEN 9094336 AND 9095335
	Bitmap Heap Scan on sbtest3  (cost=22.88..3931.87 rows=1019 width=121)
	  Recheck Cond: ((id >= 9094336) AND (id <= 9095335))
	  ->  Bitmap Index Scan on sbtest3_pkey  (cost=0.00..22.62 rows=1019 width=0)
	        Index Cond: ((id >= 9094336) AND (id <= 9095335))

table 4 : explain SELECT c FROM sbtest4 WHERE id BETWEEN 6797161 AND 6798160
	Bitmap Heap Scan on sbtest4  (cost=23.25..4067.20 rows=1055 width=121)
	  Recheck Cond: ((id >= 6797161) AND (id <= 6798160))
	  ->  Bitmap Index Scan on sbtest4_pkey  (cost=0.00..22.98 rows=1055 width=0)
	        Index Cond: ((id >= 6797161) AND (id <= 6798160))

table 5 : explain SELECT c FROM sbtest5 WHERE id BETWEEN 2366078 AND 2367077
	Bitmap Heap Scan on sbtest5  (cost=21.81..3541.02 rows=915 width=121)
	  Recheck Cond: ((id >= 2366078) AND (id <= 2367077))
	  ->  Bitmap Index Scan on sbtest5_pkey  (cost=0.00..21.58 rows=915 width=0)
	        Index Cond: ((id >= 2366078) AND (id <= 2367077))

table 6 : explain SELECT c FROM sbtest6 WHERE id BETWEEN 9742127 AND 9743126
	Bitmap Heap Scan on sbtest6  (cost=22.72..3872.07 rows=1003 width=121)
	  Recheck Cond: ((id >= 9742127) AND (id <= 9743126))
	  ->  Bitmap Index Scan on sbtest6_pkey  (cost=0.00..22.46 rows=1003 width=0)
	        Index Cond: ((id >= 9742127) AND (id <= 9743126))

table 7 : explain SELECT c FROM sbtest7 WHERE id BETWEEN 9346711 AND 9347710
	Bitmap Heap Scan on sbtest7  (cost=22.86..3925.93 rows=1017 width=121)
	  Recheck Cond: ((id >= 9346711) AND (id <= 9347710))
	  ->  Bitmap Index Scan on sbtest7_pkey  (cost=0.00..22.61 rows=1017 width=0)
	        Index Cond: ((id >= 9346711) AND (id <= 9347710))

table 8 : explain SELECT c FROM sbtest8 WHERE id BETWEEN 345888 AND 346887
	Bitmap Heap Scan on sbtest8  (cost=22.04..3624.19 rows=937 width=121)
	  Recheck Cond: ((id >= 345888) AND (id <= 346887))
	  ->  Bitmap Index Scan on sbtest8_pkey  (cost=0.00..21.80 rows=937 width=0)
	        Index Cond: ((id >= 345888) AND (id <= 346887))

for: simple_ranges
table 1 : explain SELECT c FROM sbtest1 WHERE id BETWEEN 4893073 AND 4894072
	Bitmap Heap Scan on sbtest1  (cost=22.52..3800.26 rows=984 width=121)
	  Recheck Cond: ((id >= 4893073) AND (id <= 4894072))
	  ->  Bitmap Index Scan on sbtest1_pkey  (cost=0.00..22.27 rows=984 width=0)
	        Index Cond: ((id >= 4893073) AND (id <= 4894072))

table 2 : explain SELECT c FROM sbtest2 WHERE id BETWEEN 5013225 AND 5014224
	Bitmap Heap Scan on sbtest2  (cost=22.70..3864.04 rows=1001 width=121)
	  Recheck Cond: ((id >= 5013225) AND (id <= 5014224))
	  ->  Bitmap Index Scan on sbtest2_pkey  (cost=0.00..22.44 rows=1001 width=0)
	        Index Cond: ((id >= 5013225) AND (id <= 5014224))

table 3 : explain SELECT c FROM sbtest3 WHERE id BETWEEN 1673507 AND 1674506
	Bitmap Heap Scan on sbtest3  (cost=23.03..3988.29 rows=1034 width=121)
	  Recheck Cond: ((id >= 1673507) AND (id <= 1674506))
	  ->  Bitmap Index Scan on sbtest3_pkey  (cost=0.00..22.77 rows=1034 width=0)
	        Index Cond: ((id >= 1673507) AND (id <= 1674506))

table 4 : explain SELECT c FROM sbtest4 WHERE id BETWEEN 3329953 AND 3330952
	Bitmap Heap Scan on sbtest4  (cost=21.52..3430.26 rows=886 width=121)
	  Recheck Cond: ((id >= 3329953) AND (id <= 3330952))
	  ->  Bitmap Index Scan on sbtest4_pkey  (cost=0.00..21.29 rows=886 width=0)
	        Index Cond: ((id >= 3329953) AND (id <= 3330952))

table 5 : explain SELECT c FROM sbtest5 WHERE id BETWEEN 6842251 AND 6843250
	Bitmap Heap Scan on sbtest5  (cost=22.15..3665.63 rows=948 width=121)
	  Recheck Cond: ((id >= 6842251) AND (id <= 6843250))
	  ->  Bitmap Index Scan on sbtest5_pkey  (cost=0.00..21.91 rows=948 width=0)
	        Index Cond: ((id >= 6842251) AND (id <= 6843250))

table 6 : explain SELECT c FROM sbtest6 WHERE id BETWEEN 2156767 AND 2157766
	Bitmap Heap Scan on sbtest6  (cost=22.88..3932.29 rows=1019 width=121)
	  Recheck Cond: ((id >= 2156767) AND (id <= 2157766))
	  ->  Bitmap Index Scan on sbtest6_pkey  (cost=0.00..22.62 rows=1019 width=0)
	        Index Cond: ((id >= 2156767) AND (id <= 2157766))

table 7 : explain SELECT c FROM sbtest7 WHERE id BETWEEN 7491459 AND 7492458
	Bitmap Heap Scan on sbtest7  (cost=22.92..3948.52 rows=1023 width=121)
	  Recheck Cond: ((id >= 7491459) AND (id <= 7492458))
	  ->  Bitmap Index Scan on sbtest7_pkey  (cost=0.00..22.66 rows=1023 width=0)
	        Index Cond: ((id >= 7491459) AND (id <= 7492458))

table 8 : explain SELECT c FROM sbtest8 WHERE id BETWEEN 2927443 AND 2928442
	Bitmap Heap Scan on sbtest8  (cost=22.92..3948.39 rows=1023 width=121)
	  Recheck Cond: ((id >= 2927443) AND (id <= 2928442))
	  ->  Bitmap Index Scan on sbtest8_pkey  (cost=0.00..22.66 rows=1023 width=0)
	        Index Cond: ((id >= 2927443) AND (id <= 2928442))

for: simple_ranges
table 1 : explain SELECT c FROM sbtest1 WHERE id BETWEEN 9035868 AND 9036867
	Bitmap Heap Scan on sbtest1  (cost=22.59..3826.63 rows=991 width=121)
	  Recheck Cond: ((id >= 9035868) AND (id <= 9036867))
	  ->  Bitmap Index Scan on sbtest1_pkey  (cost=0.00..22.34 rows=991 width=0)
	        Index Cond: ((id >= 9035868) AND (id <= 9036867))

table 2 : explain SELECT c FROM sbtest2 WHERE id BETWEEN 12305 AND 13304
	Bitmap Heap Scan on sbtest2  (cost=22.85..3920.50 rows=1016 width=121)
	  Recheck Cond: ((id >= 12305) AND (id <= 13304))
	  ->  Bitmap Index Scan on sbtest2_pkey  (cost=0.00..22.59 rows=1016 width=0)
	        Index Cond: ((id >= 12305) AND (id <= 13304))

table 3 : explain SELECT c FROM sbtest3 WHERE id BETWEEN 5841379 AND 5842378
	Bitmap Heap Scan on sbtest3  (cost=22.96..3961.96 rows=1027 width=121)
	  Recheck Cond: ((id >= 5841379) AND (id <= 5842378))
	  ->  Bitmap Index Scan on sbtest3_pkey  (cost=0.00..22.70 rows=1027 width=0)
	        Index Cond: ((id >= 5841379) AND (id <= 5842378))

table 4 : explain SELECT c FROM sbtest4 WHERE id BETWEEN 9205929 AND 9206928
	Bitmap Heap Scan on sbtest4  (cost=21.97..3596.45 rows=930 width=121)
	  Recheck Cond: ((id >= 9205929) AND (id <= 9206928))
	  ->  Bitmap Index Scan on sbtest4_pkey  (cost=0.00..21.73 rows=930 width=0)
	        Index Cond: ((id >= 9205929) AND (id <= 9206928))

table 5 : explain SELECT c FROM sbtest5 WHERE id BETWEEN 6100613 AND 6101612
	Bitmap Heap Scan on sbtest5  (cost=21.98..3601.45 rows=931 width=121)
	  Recheck Cond: ((id >= 6100613) AND (id <= 6101612))
	  ->  Bitmap Index Scan on sbtest5_pkey  (cost=0.00..21.75 rows=931 width=0)
	        Index Cond: ((id >= 6100613) AND (id <= 6101612))

table 6 : explain SELECT c FROM sbtest6 WHERE id BETWEEN 5492826 AND 5493825
	Bitmap Heap Scan on sbtest6  (cost=22.49..3789.20 rows=981 width=121)
	  Recheck Cond: ((id >= 5492826) AND (id <= 5493825))
	  ->  Bitmap Index Scan on sbtest6_pkey  (cost=0.00..22.25 rows=981 width=0)
	        Index Cond: ((id >= 5492826) AND (id <= 5493825))

table 7 : explain SELECT c FROM sbtest7 WHERE id BETWEEN 419551 AND 420550
	Bitmap Heap Scan on sbtest7  (cost=22.12..3654.50 rows=945 width=121)
	  Recheck Cond: ((id >= 419551) AND (id <= 420550))
	  ->  Bitmap Index Scan on sbtest7_pkey  (cost=0.00..21.89 rows=945 width=0)
	        Index Cond: ((id >= 419551) AND (id <= 420550))

table 8 : explain SELECT c FROM sbtest8 WHERE id BETWEEN 2583590 AND 2584589
	Bitmap Heap Scan on sbtest8  (cost=22.40..3756.25 rows=972 width=121)
	  Recheck Cond: ((id >= 2583590) AND (id <= 2584589))
	  ->  Bitmap Index Scan on sbtest8_pkey  (cost=0.00..22.15 rows=972 width=0)
	        Index Cond: ((id >= 2583590) AND (id <= 2584589))

for: simple_ranges
table 1 : explain SELECT c FROM sbtest1 WHERE id BETWEEN 7995442 AND 7996441
	Bitmap Heap Scan on sbtest1  (cost=23.59..4191.37 rows=1088 width=121)
	  Recheck Cond: ((id >= 7995442) AND (id <= 7996441))
	  ->  Bitmap Index Scan on sbtest1_pkey  (cost=0.00..23.32 rows=1088 width=0)
	        Index Cond: ((id >= 7995442) AND (id <= 7996441))

table 2 : explain SELECT c FROM sbtest2 WHERE id BETWEEN 7894683 AND 7895682
	Bitmap Heap Scan on sbtest2  (cost=23.11..4014.53 rows=1041 width=121)
	  Recheck Cond: ((id >= 7894683) AND (id <= 7895682))
	  ->  Bitmap Index Scan on sbtest2_pkey  (cost=0.00..22.84 rows=1041 width=0)
	        Index Cond: ((id >= 7894683) AND (id <= 7895682))

table 3 : explain SELECT c FROM sbtest3 WHERE id BETWEEN 7098941 AND 7099940
	Bitmap Heap Scan on sbtest3  (cost=22.66..3852.83 rows=998 width=121)
	  Recheck Cond: ((id >= 7098941) AND (id <= 7099940))
	  ->  Bitmap Index Scan on sbtest3_pkey  (cost=0.00..22.41 rows=998 width=0)
	        Index Cond: ((id >= 7098941) AND (id <= 7099940))

table 4 : explain SELECT c FROM sbtest4 WHERE id BETWEEN 6860808 AND 6861807
	Bitmap Heap Scan on sbtest4  (cost=23.25..4067.20 rows=1055 width=121)
	  Recheck Cond: ((id >= 6860808) AND (id <= 6861807))
	  ->  Bitmap Index Scan on sbtest4_pkey  (cost=0.00..22.98 rows=1055 width=0)
	        Index Cond: ((id >= 6860808) AND (id <= 6861807))

table 5 : explain SELECT c FROM sbtest5 WHERE id BETWEEN 795754 AND 796753
	Bitmap Heap Scan on sbtest5  (cost=28.18..4410.60 rows=1146 width=121)
	  Recheck Cond: ((id >= 795754) AND (id <= 796753))
	  ->  Bitmap Index Scan on sbtest5_pkey  (cost=0.00..27.89 rows=1146 width=0)
	        Index Cond: ((id >= 795754) AND (id <= 796753))

table 6 : explain SELECT c FROM sbtest6 WHERE id BETWEEN 6553378 AND 6554377
	Bitmap Heap Scan on sbtest6  (cost=23.44..4139.07 rows=1074 width=121)
	  Recheck Cond: ((id >= 6553378) AND (id <= 6554377))
	  ->  Bitmap Index Scan on sbtest6_pkey  (cost=0.00..23.18 rows=1074 width=0)
	        Index Cond: ((id >= 6553378) AND (id <= 6554377))

table 7 : explain SELECT c FROM sbtest7 WHERE id BETWEEN 2185360 AND 2186359
	Bitmap Heap Scan on sbtest7  (cost=23.24..4065.15 rows=1054 width=121)
	  Recheck Cond: ((id >= 2185360) AND (id <= 2186359))
	  ->  Bitmap Index Scan on sbtest7_pkey  (cost=0.00..22.97 rows=1054 width=0)
	        Index Cond: ((id >= 2185360) AND (id <= 2186359))

table 8 : explain SELECT c FROM sbtest8 WHERE id BETWEEN 6149501 AND 6150500
	Bitmap Heap Scan on sbtest8  (cost=23.24..4065.02 rows=1054 width=121)
	  Recheck Cond: ((id >= 6149501) AND (id <= 6150500))
	  ->  Bitmap Index Scan on sbtest8_pkey  (cost=0.00..22.97 rows=1054 width=0)
	        Index Cond: ((id >= 6149501) AND (id <= 6150500))

explain: for point_selects :: explain SELECT c FROM sbtest%u WHERE id=%u
for: simple_ranges
table 1 : explain SELECT c FROM sbtest1 WHERE id BETWEEN 3121186 AND 3122185
	Bitmap Heap Scan on sbtest1  (cost=22.29..3713.58 rows=961 width=121)
	  Recheck Cond: ((id >= 3121186) AND (id <= 3122185))
	  ->  Bitmap Index Scan on sbtest1_pkey  (cost=0.00..22.04 rows=961 width=0)
	        Index Cond: ((id >= 3121186) AND (id <= 3122185))

table 2 : explain SELECT c FROM sbtest2 WHERE id BETWEEN 9106174 AND 9107173
	Bitmap Heap Scan on sbtest2  (cost=21.80..3536.01 rows=914 width=121)
	  Recheck Cond: ((id >= 9106174) AND (id <= 9107173))
	  ->  Bitmap Index Scan on sbtest2_pkey  (cost=0.00..21.57 rows=914 width=0)
	        Index Cond: ((id >= 9106174) AND (id <= 9107173))

table 3 : explain SELECT c FROM sbtest3 WHERE id BETWEEN 8370814 AND 8371813
	Bitmap Heap Scan on sbtest3  (cost=22.47..3781.26 rows=979 width=121)
	  Recheck Cond: ((id >= 8370814) AND (id <= 8371813))
	  ->  Bitmap Index Scan on sbtest3_pkey  (cost=0.00..22.22 rows=979 width=0)
	        Index Cond: ((id >= 8370814) AND (id <= 8371813))

table 4 : explain SELECT c FROM sbtest4 WHERE id BETWEEN 8422511 AND 8423510
	Bitmap Heap Scan on sbtest4  (cost=22.60..3830.20 rows=992 width=121)
	  Recheck Cond: ((id >= 8422511) AND (id <= 8423510))
	  ->  Bitmap Index Scan on sbtest4_pkey  (cost=0.00..22.36 rows=992 width=0)
	        Index Cond: ((id >= 8422511) AND (id <= 8423510))

table 5 : explain SELECT c FROM sbtest5 WHERE id BETWEEN 3115717 AND 3116716
	Bitmap Heap Scan on sbtest5  (cost=22.53..3805.17 rows=985 width=121)
	  Recheck Cond: ((id >= 3115717) AND (id <= 3116716))
	  ->  Bitmap Index Scan on sbtest5_pkey  (cost=0.00..22.29 rows=985 width=0)
	        Index Cond: ((id >= 3115717) AND (id <= 3116716))

table 6 : explain SELECT c FROM sbtest6 WHERE id BETWEEN 6540275 AND 6541274
	Bitmap Heap Scan on sbtest6  (cost=23.44..4139.07 rows=1074 width=121)
	  Recheck Cond: ((id >= 6540275) AND (id <= 6541274))
	  ->  Bitmap Index Scan on sbtest6_pkey  (cost=0.00..23.18 rows=1074 width=0)
	        Index Cond: ((id >= 6540275) AND (id <= 6541274))

table 7 : explain SELECT c FROM sbtest7 WHERE id BETWEEN 1787972 AND 1788971
	Bitmap Heap Scan on sbtest7  (cost=22.26..3707.33 rows=959 width=121)
	  Recheck Cond: ((id >= 1787972) AND (id <= 1788971))
	  ->  Bitmap Index Scan on sbtest7_pkey  (cost=0.00..22.02 rows=959 width=0)
	        Index Cond: ((id >= 1787972) AND (id <= 1788971))

table 8 : explain SELECT c FROM sbtest8 WHERE id BETWEEN 9197197 AND 9198196
	Bitmap Heap Scan on sbtest8  (cost=22.20..3684.58 rows=953 width=121)
	  Recheck Cond: ((id >= 9197197) AND (id <= 9198196))
	  ->  Bitmap Index Scan on sbtest8_pkey  (cost=0.00..21.96 rows=953 width=0)
	        Index Cond: ((id >= 9197197) AND (id <= 9198196))

explain: for point_selects :: explain SELECT c FROM sbtest%u WHERE id=%u
for point_selects
table 1 : explain SELECT c FROM sbtest1 WHERE id=3078248
	Index Scan using sbtest1_pkey on sbtest1  (cost=0.43..8.45 rows=1 width=121)
	  Index Cond: (id = 3078248)

table 2 : explain SELECT c FROM sbtest2 WHERE id=8043996
	Index Scan using sbtest2_pkey on sbtest2  (cost=0.43..8.45 rows=1 width=121)
	  Index Cond: (id = 8043996)

table 3 : explain SELECT c FROM sbtest3 WHERE id=6016266
	Index Scan using sbtest3_pkey on sbtest3  (cost=0.43..8.45 rows=1 width=121)
	  Index Cond: (id = 6016266)

table 4 : explain SELECT c FROM sbtest4 WHERE id=9383099
	Index Scan using sbtest4_pkey on sbtest4  (cost=0.43..8.45 rows=1 width=121)
	  Index Cond: (id = 9383099)

table 5 : explain SELECT c FROM sbtest5 WHERE id=3868365
	Index Scan using sbtest5_pkey on sbtest5  (cost=0.43..8.45 rows=1 width=121)
	  Index Cond: (id = 3868365)

table 6 : explain SELECT c FROM sbtest6 WHERE id=3008057
	Index Scan using sbtest6_pkey on sbtest6  (cost=0.43..8.45 rows=1 width=121)
	  Index Cond: (id = 3008057)

table 7 : explain SELECT c FROM sbtest7 WHERE id=6897651
	Index Scan using sbtest7_pkey on sbtest7  (cost=0.43..8.45 rows=1 width=121)
	  Index Cond: (id = 6897651)

table 8 : explain SELECT c FROM sbtest8 WHERE id=2148915
	Index Scan using sbtest8_pkey on sbtest8  (cost=0.43..8.45 rows=1 width=121)
	  Index Cond: (id = 2148915)

for point_selects
table 1 : explain SELECT c FROM sbtest1 WHERE id=2418464
	Index Scan using sbtest1_pkey on sbtest1  (cost=0.43..8.45 rows=1 width=121)
	  Index Cond: (id = 2418464)

table 2 : explain SELECT c FROM sbtest2 WHERE id=7462292
	Index Scan using sbtest2_pkey on sbtest2  (cost=0.43..8.45 rows=1 width=121)
	  Index Cond: (id = 7462292)

table 3 : explain SELECT c FROM sbtest3 WHERE id=434645
	Index Scan using sbtest3_pkey on sbtest3  (cost=0.43..8.45 rows=1 width=121)
	  Index Cond: (id = 434645)

table 4 : explain SELECT c FROM sbtest4 WHERE id=241844
	Index Scan using sbtest4_pkey on sbtest4  (cost=0.43..8.45 rows=1 width=121)
	  Index Cond: (id = 241844)

table 5 : explain SELECT c FROM sbtest5 WHERE id=741871
	Index Scan using sbtest5_pkey on sbtest5  (cost=0.43..8.45 rows=1 width=121)
	  Index Cond: (id = 741871)

table 6 : explain SELECT c FROM sbtest6 WHERE id=8373253
	Index Scan using sbtest6_pkey on sbtest6  (cost=0.43..8.45 rows=1 width=121)
	  Index Cond: (id = 8373253)

table 7 : explain SELECT c FROM sbtest7 WHERE id=64645
	Index Scan using sbtest7_pkey on sbtest7  (cost=0.43..8.45 rows=1 width=121)
	  Index Cond: (id = 64645)

table 8 : explain SELECT c FROM sbtest8 WHERE id=2235462
	Index Scan using sbtest8_pkey on sbtest8  (cost=0.43..8.45 rows=1 width=121)
	  Index Cond: (id = 2235462)

for: simple_ranges
table 1 : explain SELECT c FROM sbtest1 WHERE id BETWEEN 6160911 AND 6161910
	Bitmap Heap Scan on sbtest1  (cost=22.58..3822.87 rows=990 width=121)
	  Recheck Cond: ((id >= 6160911) AND (id <= 6161910))
	  ->  Bitmap Index Scan on sbtest1_pkey  (cost=0.00..22.33 rows=990 width=0)
	        Index Cond: ((id >= 6160911) AND (id <= 6161910))

table 2 : explain SELECT c FROM sbtest2 WHERE id BETWEEN 279143 AND 280142
	Bitmap Heap Scan on sbtest2  (cost=22.17..3671.87 rows=950 width=121)
	  Recheck Cond: ((id >= 279143) AND (id <= 280142))
	  ->  Bitmap Index Scan on sbtest2_pkey  (cost=0.00..21.93 rows=950 width=0)
	        Index Cond: ((id >= 279143) AND (id <= 280142))

table 3 : explain SELECT c FROM sbtest3 WHERE id BETWEEN 1130435 AND 1131434
	Bitmap Heap Scan on sbtest3  (cost=22.56..3815.17 rows=988 width=121)
	  Recheck Cond: ((id >= 1130435) AND (id <= 1131434))
	  ->  Bitmap Index Scan on sbtest3_pkey  (cost=0.00..22.32 rows=988 width=0)
	        Index Cond: ((id >= 1130435) AND (id <= 1131434))

table 4 : explain SELECT c FROM sbtest4 WHERE id BETWEEN 7384814 AND 7385813
	Bitmap Heap Scan on sbtest4  (cost=21.75..3517.17 rows=909 width=121)
	  Recheck Cond: ((id >= 7384814) AND (id <= 7385813))
	  ->  Bitmap Index Scan on sbtest4_pkey  (cost=0.00..21.52 rows=909 width=0)
	        Index Cond: ((id >= 7384814) AND (id <= 7385813))

table 5 : explain SELECT c FROM sbtest5 WHERE id BETWEEN 9511709 AND 9512708
	Bitmap Heap Scan on sbtest5  (cost=23.27..4076.20 rows=1057 width=121)
	  Recheck Cond: ((id >= 9511709) AND (id <= 9512708))
	  ->  Bitmap Index Scan on sbtest5_pkey  (cost=0.00..23.00 rows=1057 width=0)
	        Index Cond: ((id >= 9511709) AND (id <= 9512708))

table 6 : explain SELECT c FROM sbtest6 WHERE id BETWEEN 4290802 AND 4291801
	Bitmap Heap Scan on sbtest6  (cost=22.79..3898.42 rows=1010 width=121)
	  Recheck Cond: ((id >= 4290802) AND (id <= 4291801))
	  ->  Bitmap Index Scan on sbtest6_pkey  (cost=0.00..22.54 rows=1010 width=0)
	        Index Cond: ((id >= 4290802) AND (id <= 4291801))

table 7 : explain SELECT c FROM sbtest7 WHERE id BETWEEN 407959 AND 408958
	Bitmap Heap Scan on sbtest7  (cost=22.68..3861.90 rows=1000 width=121)
	  Recheck Cond: ((id >= 407959) AND (id <= 408958))
	  ->  Bitmap Index Scan on sbtest7_pkey  (cost=0.00..22.43 rows=1000 width=0)
	        Index Cond: ((id >= 407959) AND (id <= 408958))

table 8 : explain SELECT c FROM sbtest8 WHERE id BETWEEN 4895636 AND 4896635
	Bitmap Heap Scan on sbtest8  (cost=21.98..3601.54 rows=931 width=121)
	  Recheck Cond: ((id >= 4895636) AND (id <= 4896635))
	  ->  Bitmap Index Scan on sbtest8_pkey  (cost=0.00..21.75 rows=931 width=0)
	        Index Cond: ((id >= 4895636) AND (id <= 4896635))

explain: for point_selects :: explain SELECT c FROM sbtest%u WHERE id=%u
for: simple_ranges
table 1 : explain SELECT c FROM sbtest1 WHERE id BETWEEN 9333564 AND 9334563
	Bitmap Heap Scan on sbtest1  (cost=22.36..3739.97 rows=968 width=121)
	  Recheck Cond: ((id >= 9333564) AND (id <= 9334563))
	  ->  Bitmap Index Scan on sbtest1_pkey  (cost=0.00..22.11 rows=968 width=0)
	        Index Cond: ((id >= 9333564) AND (id <= 9334563))

table 2 : explain SELECT c FROM sbtest2 WHERE id BETWEEN 9003563 AND 9004562
	Bitmap Heap Scan on sbtest2  (cost=22.53..3803.79 rows=985 width=121)
	  Recheck Cond: ((id >= 9003563) AND (id <= 9004562))
	  ->  Bitmap Index Scan on sbtest2_pkey  (cost=0.00..22.29 rows=985 width=0)
	        Index Cond: ((id >= 9003563) AND (id <= 9004562))

table 3 : explain SELECT c FROM sbtest3 WHERE id BETWEEN 2369247 AND 2370246
	Bitmap Heap Scan on sbtest3  (cost=22.18..3675.71 rows=951 width=121)
	  Recheck Cond: ((id >= 2369247) AND (id <= 2370246))
	  ->  Bitmap Index Scan on sbtest3_pkey  (cost=0.00..21.94 rows=951 width=0)
	        Index Cond: ((id >= 2369247) AND (id <= 2370246))

table 4 : explain SELECT c FROM sbtest4 WHERE id BETWEEN 400261 AND 401260
	Bitmap Heap Scan on sbtest4  (cost=22.44..3769.93 rows=976 width=121)
	  Recheck Cond: ((id >= 400261) AND (id <= 401260))
	  ->  Bitmap Index Scan on sbtest4_pkey  (cost=0.00..22.19 rows=976 width=0)
	        Index Cond: ((id >= 400261) AND (id <= 401260))

table 5 : explain SELECT c FROM sbtest5 WHERE id BETWEEN 7066986 AND 7067985
	Bitmap Heap Scan on sbtest5  (cost=22.74..3880.52 rows=1005 width=121)
	  Recheck Cond: ((id >= 7066986) AND (id <= 7067985))
	  ->  Bitmap Index Scan on sbtest5_pkey  (cost=0.00..22.48 rows=1005 width=0)
	        Index Cond: ((id >= 7066986) AND (id <= 7067985))

table 6 : explain SELECT c FROM sbtest6 WHERE id BETWEEN 87665 AND 88664
	Bitmap Heap Scan on sbtest6  (cost=22.63..3841.94 rows=995 width=121)
	  Recheck Cond: ((id >= 87665) AND (id <= 88664))
	  ->  Bitmap Index Scan on sbtest6_pkey  (cost=0.00..22.39 rows=995 width=0)
	        Index Cond: ((id >= 87665) AND (id <= 88664))

table 7 : explain SELECT c FROM sbtest7 WHERE id BETWEEN 1402538 AND 1403537
	Bitmap Heap Scan on sbtest7  (cost=22.05..3628.08 rows=938 width=121)
	  Recheck Cond: ((id >= 1402538) AND (id <= 1403537))
	  ->  Bitmap Index Scan on sbtest7_pkey  (cost=0.00..21.82 rows=938 width=0)
	        Index Cond: ((id >= 1402538) AND (id <= 1403537))

table 8 : explain SELECT c FROM sbtest8 WHERE id BETWEEN 6910857 AND 6911856
	Bitmap Heap Scan on sbtest8  (cost=22.09..3643.07 rows=942 width=121)
	  Recheck Cond: ((id >= 6910857) AND (id <= 6911856))
	  ->  Bitmap Index Scan on sbtest8_pkey  (cost=0.00..21.86 rows=942 width=0)
	        Index Cond: ((id >= 6910857) AND (id <= 6911856))

for point_selects
table 1 : explain SELECT c FROM sbtest1 WHERE id=2299807
	Index Scan using sbtest1_pkey on sbtest1  (cost=0.43..8.45 rows=1 width=121)
	  Index Cond: (id = 2299807)

table 2 : explain SELECT c FROM sbtest2 WHERE id=6260820
	Index Scan using sbtest2_pkey on sbtest2  (cost=0.43..8.45 rows=1 width=121)
	  Index Cond: (id = 6260820)

table 3 : explain SELECT c FROM sbtest3 WHERE id=5367868
	Index Scan using sbtest3_pkey on sbtest3  (cost=0.43..8.45 rows=1 width=121)
	  Index Cond: (id = 5367868)

table 4 : explain SELECT c FROM sbtest4 WHERE id=7855036
	Index Scan using sbtest4_pkey on sbtest4  (cost=0.43..8.45 rows=1 width=121)
	  Index Cond: (id = 7855036)

table 5 : explain SELECT c FROM sbtest5 WHERE id=591402
	Index Scan using sbtest5_pkey on sbtest5  (cost=0.43..8.45 rows=1 width=121)
	  Index Cond: (id = 591402)

table 6 : explain SELECT c FROM sbtest6 WHERE id=3409901
	Index Scan using sbtest6_pkey on sbtest6  (cost=0.43..8.45 rows=1 width=121)
	  Index Cond: (id = 3409901)

table 7 : explain SELECT c FROM sbtest7 WHERE id=210707
	Index Scan using sbtest7_pkey on sbtest7  (cost=0.43..8.45 rows=1 width=121)
	  Index Cond: (id = 210707)

table 8 : explain SELECT c FROM sbtest8 WHERE id=5846189
	Index Scan using sbtest8_pkey on sbtest8  (cost=0.43..8.45 rows=1 width=121)
	  Index Cond: (id = 5846189)

for point_selects
table 1 : explain SELECT c FROM sbtest1 WHERE id=5075153
	Index Scan using sbtest1_pkey on sbtest1  (cost=0.43..8.45 rows=1 width=121)
	  Index Cond: (id = 5075153)

table 2 : explain SELECT c FROM sbtest2 WHERE id=8644104
	Index Scan using sbtest2_pkey on sbtest2  (cost=0.43..8.45 rows=1 width=121)
	  Index Cond: (id = 8644104)

table 3 : explain SELECT c FROM sbtest3 WHERE id=4181252
	Index Scan using sbtest3_pkey on sbtest3  (cost=0.43..8.45 rows=1 width=121)
	  Index Cond: (id = 4181252)

table 4 : explain SELECT c FROM sbtest4 WHERE id=2532021
	Index Scan using sbtest4_pkey on sbtest4  (cost=0.43..8.45 rows=1 width=121)
	  Index Cond: (id = 2532021)

table 5 : explain SELECT c FROM sbtest5 WHERE id=8326281
	Index Scan using sbtest5_pkey on sbtest5  (cost=0.43..8.45 rows=1 width=121)
	  Index Cond: (id = 8326281)

table 6 : explain SELECT c FROM sbtest6 WHERE id=1027549
	Index Scan using sbtest6_pkey on sbtest6  (cost=0.43..8.45 rows=1 width=121)
	  Index Cond: (id = 1027549)

table 7 : explain SELECT c FROM sbtest7 WHERE id=5239921
	Index Scan using sbtest7_pkey on sbtest7  (cost=0.43..8.45 rows=1 width=121)
	  Index Cond: (id = 5239921)

table 8 : explain SELECT c FROM sbtest8 WHERE id=1635167
	Index Scan using sbtest8_pkey on sbtest8  (cost=0.43..8.45 rows=1 width=121)
	  Index Cond: (id = 1635167)

for point_selects
table 1 : explain SELECT c FROM sbtest1 WHERE id=6310983
	Index Scan using sbtest1_pkey on sbtest1  (cost=0.43..8.45 rows=1 width=121)
	  Index Cond: (id = 6310983)

table 2 : explain SELECT c FROM sbtest2 WHERE id=5761424
	Index Scan using sbtest2_pkey on sbtest2  (cost=0.43..8.45 rows=1 width=121)
	  Index Cond: (id = 5761424)

table 3 : explain SELECT c FROM sbtest3 WHERE id=8665324
	Index Scan using sbtest3_pkey on sbtest3  (cost=0.43..8.45 rows=1 width=121)
	  Index Cond: (id = 8665324)

table 4 : explain SELECT c FROM sbtest4 WHERE id=4348821
	Index Scan using sbtest4_pkey on sbtest4  (cost=0.43..8.45 rows=1 width=121)
	  Index Cond: (id = 4348821)

table 5 : explain SELECT c FROM sbtest5 WHERE id=9017460
	Index Scan using sbtest5_pkey on sbtest5  (cost=0.43..8.45 rows=1 width=121)
	  Index Cond: (id = 9017460)

table 6 : explain SELECT c FROM sbtest6 WHERE id=1317638
	Index Scan using sbtest6_pkey on sbtest6  (cost=0.43..8.45 rows=1 width=121)
	  Index Cond: (id = 1317638)

table 7 : explain SELECT c FROM sbtest7 WHERE id=3017081
	Index Scan using sbtest7_pkey on sbtest7  (cost=0.43..8.45 rows=1 width=121)
	  Index Cond: (id = 3017081)

table 8 : explain SELECT c FROM sbtest8 WHERE id=7140558
	Index Scan using sbtest8_pkey on sbtest8  (cost=0.43..8.45 rows=1 width=121)
	  Index Cond: (id = 7140558)

for: sum_ranges
table 1 : explain SELECT SUM(k) FROM sbtest1 WHERE id BETWEEN 505829 AND 506828
	Aggregate  (cost=3636.72..3636.73 rows=1 width=8)
	  ->  Bitmap Heap Scan on sbtest1  (cost=22.07..3634.37 rows=940 width=4)
	        Recheck Cond: ((id >= 505829) AND (id <= 506828))
	        ->  Bitmap Index Scan on sbtest1_pkey  (cost=0.00..21.83 rows=940 width=0)
	              Index Cond: ((id >= 505829) AND (id <= 506828))

table 2 : explain SELECT SUM(k) FROM sbtest2 WHERE id BETWEEN 2334483 AND 2335482
	Aggregate  (cost=3440.00..3440.01 rows=1 width=8)
	  ->  Bitmap Heap Scan on sbtest2  (cost=21.54..3437.78 rows=888 width=4)
	        Recheck Cond: ((id >= 2334483) AND (id <= 2335482))
	        ->  Bitmap Index Scan on sbtest2_pkey  (cost=0.00..21.32 rows=888 width=0)
	              Index Cond: ((id >= 2334483) AND (id <= 2335482))

table 3 : explain SELECT SUM(k) FROM sbtest3 WHERE id BETWEEN 6063541 AND 6064540
	Aggregate  (cost=3919.35..3919.36 rows=1 width=8)
	  ->  Bitmap Heap Scan on sbtest3  (cost=22.84..3916.82 rows=1015 width=4)
	        Recheck Cond: ((id >= 6063541) AND (id <= 6064540))
	        ->  Bitmap Index Scan on sbtest3_pkey  (cost=0.00..22.58 rows=1015 width=0)
	              Index Cond: ((id >= 6063541) AND (id <= 6064540))

table 4 : explain SELECT SUM(k) FROM sbtest4 WHERE id BETWEEN 8084843 AND 8085842
	Aggregate  (cost=3281.05..3281.06 rows=1 width=8)
	  ->  Bitmap Heap Scan on sbtest4  (cost=21.11..3278.93 rows=846 width=4)
	        Recheck Cond: ((id >= 8084843) AND (id <= 8085842))
	        ->  Bitmap Index Scan on sbtest4_pkey  (cost=0.00..20.89 rows=846 width=0)
	              Index Cond: ((id >= 8084843) AND (id <= 8085842))

table 5 : explain SELECT SUM(k) FROM sbtest5 WHERE id BETWEEN 9746586 AND 9747585
	Aggregate  (cost=3852.88..3852.89 rows=1 width=8)
	  ->  Bitmap Heap Scan on sbtest5  (cost=22.65..3850.38 rows=997 width=4)
	        Recheck Cond: ((id >= 9746586) AND (id <= 9747585))
	        ->  Bitmap Index Scan on sbtest5_pkey  (cost=0.00..22.40 rows=997 width=0)
	              Index Cond: ((id >= 9746586) AND (id <= 9747585))

table 6 : explain SELECT SUM(k) FROM sbtest6 WHERE id BETWEEN 2033689 AND 2034688
	Aggregate  (cost=3836.89..3836.90 rows=1 width=8)
	  ->  Bitmap Heap Scan on sbtest6  (cost=22.61..3834.41 rows=993 width=4)
	        Recheck Cond: ((id >= 2033689) AND (id <= 2034688))
	        ->  Bitmap Index Scan on sbtest6_pkey  (cost=0.00..22.36 rows=993 width=0)
	              Index Cond: ((id >= 2033689) AND (id <= 2034688))

table 7 : explain SELECT SUM(k) FROM sbtest7 WHERE id BETWEEN 6839621 AND 6840620
	Aggregate  (cost=3834.24..3834.25 rows=1 width=8)
	  ->  Bitmap Heap Scan on sbtest7  (cost=22.60..3831.76 rows=992 width=4)
	        Recheck Cond: ((id >= 6839621) AND (id <= 6840620))
	        ->  Bitmap Index Scan on sbtest7_pkey  (cost=0.00..22.36 rows=992 width=0)
	              Index Cond: ((id >= 6839621) AND (id <= 6840620))

table 8 : explain SELECT SUM(k) FROM sbtest8 WHERE id BETWEEN 2129602 AND 2130601
	Aggregate  (cost=3641.64..3641.65 rows=1 width=8)
	  ->  Bitmap Heap Scan on sbtest8  (cost=22.08..3639.29 rows=941 width=4)
	        Recheck Cond: ((id >= 2129602) AND (id <= 2130601))
	        ->  Bitmap Index Scan on sbtest8_pkey  (cost=0.00..21.84 rows=941 width=0)
	              Index Cond: ((id >= 2129602) AND (id <= 2130601))

for point_selects
table 1 : explain SELECT c FROM sbtest1 WHERE id=8427149
	Index Scan using sbtest1_pkey on sbtest1  (cost=0.43..8.45 rows=1 width=121)
	  Index Cond: (id = 8427149)

table 2 : explain SELECT c FROM sbtest2 WHERE id=4919962
	Index Scan using sbtest2_pkey on sbtest2  (cost=0.43..8.45 rows=1 width=121)
	  Index Cond: (id = 4919962)

table 3 : explain SELECT c FROM sbtest3 WHERE id=9500453
	Index Scan using sbtest3_pkey on sbtest3  (cost=0.43..8.45 rows=1 width=121)
	  Index Cond: (id = 9500453)

table 4 : explain SELECT c FROM sbtest4 WHERE id=9366461
	Index Scan using sbtest4_pkey on sbtest4  (cost=0.43..8.45 rows=1 width=121)
	  Index Cond: (id = 9366461)

table 5 : explain SELECT c FROM sbtest5 WHERE id=5528873
	Index Scan using sbtest5_pkey on sbtest5  (cost=0.43..8.45 rows=1 width=121)
	  Index Cond: (id = 5528873)

table 6 : explain SELECT c FROM sbtest6 WHERE id=4969953
	Index Scan using sbtest6_pkey on sbtest6  (cost=0.43..8.45 rows=1 width=121)
	  Index Cond: (id = 4969953)

table 7 : explain SELECT c FROM sbtest7 WHERE id=3320408
	Index Scan using sbtest7_pkey on sbtest7  (cost=0.43..8.45 rows=1 width=121)
	  Index Cond: (id = 3320408)

table 8 : explain SELECT c FROM sbtest8 WHERE id=3559604
	Index Scan using sbtest8_pkey on sbtest8  (cost=0.43..8.45 rows=1 width=121)
	  Index Cond: (id = 3559604)

for: simple_ranges
table 1 : explain SELECT c FROM sbtest1 WHERE id BETWEEN 8630453 AND 8631452
	Bitmap Heap Scan on sbtest1  (cost=22.53..3804.03 rows=985 width=121)
	  Recheck Cond: ((id >= 8630453) AND (id <= 8631452))
	  ->  Bitmap Index Scan on sbtest1_pkey  (cost=0.00..22.29 rows=985 width=0)
	        Index Cond: ((id >= 8630453) AND (id <= 8631452))

table 2 : explain SELECT c FROM sbtest2 WHERE id BETWEEN 140017 AND 141016
	Bitmap Heap Scan on sbtest2  (cost=22.91..3943.07 rows=1022 width=121)
	  Recheck Cond: ((id >= 140017) AND (id <= 141016))
	  ->  Bitmap Index Scan on sbtest2_pkey  (cost=0.00..22.65 rows=1022 width=0)
	        Index Cond: ((id >= 140017) AND (id <= 141016))

table 3 : explain SELECT c FROM sbtest3 WHERE id BETWEEN 5623040 AND 5624039
	Bitmap Heap Scan on sbtest3  (cost=22.78..3894.24 rows=1009 width=121)
	  Recheck Cond: ((id >= 5623040) AND (id <= 5624039))
	  ->  Bitmap Index Scan on sbtest3_pkey  (cost=0.00..22.52 rows=1009 width=0)
	        Index Cond: ((id >= 5623040) AND (id <= 5624039))

table 4 : explain SELECT c FROM sbtest4 WHERE id BETWEEN 7591636 AND 7592635
	Bitmap Heap Scan on sbtest4  (cost=22.66..3852.79 rows=998 width=121)
	  Recheck Cond: ((id >= 7591636) AND (id <= 7592635))
	  ->  Bitmap Index Scan on sbtest4_pkey  (cost=0.00..22.41 rows=998 width=0)
	        Index Cond: ((id >= 7591636) AND (id <= 7592635))

table 5 : explain SELECT c FROM sbtest5 WHERE id BETWEEN 5893714 AND 5894713
	Bitmap Heap Scan on sbtest5  (cost=27.68..4230.49 rows=1097 width=121)
	  Recheck Cond: ((id >= 5893714) AND (id <= 5894713))
	  ->  Bitmap Index Scan on sbtest5_pkey  (cost=0.00..27.40 rows=1097 width=0)
	        Index Cond: ((id >= 5893714) AND (id <= 5894713))

table 6 : explain SELECT c FROM sbtest6 WHERE id BETWEEN 2865757 AND 2866756
	Bitmap Heap Scan on sbtest6  (cost=27.82..4278.24 rows=1111 width=121)
	  Recheck Cond: ((id >= 2865757) AND (id <= 2866756))
	  ->  Bitmap Index Scan on sbtest6_pkey  (cost=0.00..27.54 rows=1111 width=0)
	        Index Cond: ((id >= 2865757) AND (id <= 2866756))

table 7 : explain SELECT c FROM sbtest7 WHERE id BETWEEN 4031070 AND 4032069
	Bitmap Heap Scan on sbtest7  (cost=22.85..3922.16 rows=1016 width=121)
	  Recheck Cond: ((id >= 4031070) AND (id <= 4032069))
	  ->  Bitmap Index Scan on sbtest7_pkey  (cost=0.00..22.59 rows=1016 width=0)
	        Index Cond: ((id >= 4031070) AND (id <= 4032069))

table 8 : explain SELECT c FROM sbtest8 WHERE id BETWEEN 4552954 AND 4553953
	Bitmap Heap Scan on sbtest8  (cost=22.19..3680.81 rows=952 width=121)
	  Recheck Cond: ((id >= 4552954) AND (id <= 4553953))
	  ->  Bitmap Index Scan on sbtest8_pkey  (cost=0.00..21.95 rows=952 width=0)
	        Index Cond: ((id >= 4552954) AND (id <= 4553953))

for: simple_ranges
table 1 : explain SELECT c FROM sbtest1 WHERE id BETWEEN 8003646 AND 8004645
	Bitmap Heap Scan on sbtest1  (cost=23.59..4191.37 rows=1088 width=121)
	  Recheck Cond: ((id >= 8003646) AND (id <= 8004645))
	  ->  Bitmap Index Scan on sbtest1_pkey  (cost=0.00..23.32 rows=1088 width=0)
	        Index Cond: ((id >= 8003646) AND (id <= 8004645))

table 2 : explain SELECT c FROM sbtest2 WHERE id BETWEEN 9475969 AND 9476968
	Bitmap Heap Scan on sbtest2  (cost=22.53..3803.79 rows=985 width=121)
	  Recheck Cond: ((id >= 9475969) AND (id <= 9476968))
	  ->  Bitmap Index Scan on sbtest2_pkey  (cost=0.00..22.29 rows=985 width=0)
	        Index Cond: ((id >= 9475969) AND (id <= 9476968))

table 3 : explain SELECT c FROM sbtest3 WHERE id BETWEEN 6796669 AND 6797668
	Bitmap Heap Scan on sbtest3  (cost=20.97..3229.73 rows=833 width=121)
	  Recheck Cond: ((id >= 6796669) AND (id <= 6797668))
	  ->  Bitmap Index Scan on sbtest3_pkey  (cost=0.00..20.76 rows=833 width=0)
	        Index Cond: ((id >= 6796669) AND (id <= 6797668))

table 4 : explain SELECT c FROM sbtest4 WHERE id BETWEEN 710890 AND 711889
	Bitmap Heap Scan on sbtest4  (cost=21.99..3604.00 rows=932 width=121)
	  Recheck Cond: ((id >= 710890) AND (id <= 711889))
	  ->  Bitmap Index Scan on sbtest4_pkey  (cost=0.00..21.75 rows=932 width=0)
	        Index Cond: ((id >= 710890) AND (id <= 711889))

table 5 : explain SELECT c FROM sbtest5 WHERE id BETWEEN 4788516 AND 4789515
	Bitmap Heap Scan on sbtest5  (cost=22.07..3635.43 rows=940 width=121)
	  Recheck Cond: ((id >= 4788516) AND (id <= 4789515))
	  ->  Bitmap Index Scan on sbtest5_pkey  (cost=0.00..21.83 rows=940 width=0)
	        Index Cond: ((id >= 4788516) AND (id <= 4789515))

table 6 : explain SELECT c FROM sbtest6 WHERE id BETWEEN 7310173 AND 7311172
	Bitmap Heap Scan on sbtest6  (cost=22.20..3683.64 rows=953 width=121)
	  Recheck Cond: ((id >= 7310173) AND (id <= 7311172))
	  ->  Bitmap Index Scan on sbtest6_pkey  (cost=0.00..21.96 rows=953 width=0)
	        Index Cond: ((id >= 7310173) AND (id <= 7311172))

table 7 : explain SELECT c FROM sbtest7 WHERE id BETWEEN 2075708 AND 2076707
	Bitmap Heap Scan on sbtest7  (cost=27.69..4234.49 rows=1098 width=121)
	  Recheck Cond: ((id >= 2075708) AND (id <= 2076707))
	  ->  Bitmap Index Scan on sbtest7_pkey  (cost=0.00..27.41 rows=1098 width=0)
	        Index Cond: ((id >= 2075708) AND (id <= 2076707))

table 8 : explain SELECT c FROM sbtest8 WHERE id BETWEEN 3028701 AND 3029700
	Bitmap Heap Scan on sbtest8  (cost=27.90..4309.44 rows=1119 width=121)
	  Recheck Cond: ((id >= 3028701) AND (id <= 3029700))
	  ->  Bitmap Index Scan on sbtest8_pkey  (cost=0.00..27.62 rows=1119 width=0)
	        Index Cond: ((id >= 3028701) AND (id <= 3029700))

explain: for point_selects :: explain SELECT c FROM sbtest%u WHERE id=%u
for: simple_ranges
table 1 : explain SELECT c FROM sbtest1 WHERE id BETWEEN 4976551 AND 4977550
	Bitmap Heap Scan on sbtest1  (cost=22.45..3773.89 rows=977 width=121)
	  Recheck Cond: ((id >= 4976551) AND (id <= 4977550))
	  ->  Bitmap Index Scan on sbtest1_pkey  (cost=0.00..22.20 rows=977 width=0)
	        Index Cond: ((id >= 4976551) AND (id <= 4977550))

table 2 : explain SELECT c FROM sbtest2 WHERE id BETWEEN 254974 AND 255973
	Bitmap Heap Scan on sbtest2  (cost=22.17..3671.87 rows=950 width=121)
	  Recheck Cond: ((id >= 254974) AND (id <= 255973))
	  ->  Bitmap Index Scan on sbtest2_pkey  (cost=0.00..21.93 rows=950 width=0)
	        Index Cond: ((id >= 254974) AND (id <= 255973))

table 3 : explain SELECT c FROM sbtest3 WHERE id BETWEEN 9680044 AND 9681043
	Bitmap Heap Scan on sbtest3  (cost=22.86..3924.34 rows=1017 width=121)
	  Recheck Cond: ((id >= 9680044) AND (id <= 9681043))
	  ->  Bitmap Index Scan on sbtest3_pkey  (cost=0.00..22.61 rows=1017 width=0)
	        Index Cond: ((id >= 9680044) AND (id <= 9681043))

table 4 : explain SELECT c FROM sbtest4 WHERE id BETWEEN 8327078 AND 8328077
	Bitmap Heap Scan on sbtest4  (cost=22.60..3830.20 rows=992 width=121)
	  Recheck Cond: ((id >= 8327078) AND (id <= 8328077))
	  ->  Bitmap Index Scan on sbtest4_pkey  (cost=0.00..22.36 rows=992 width=0)
	        Index Cond: ((id >= 8327078) AND (id <= 8328077))

table 5 : explain SELECT c FROM sbtest5 WHERE id BETWEEN 2410326 AND 2411325
	Bitmap Heap Scan on sbtest5  (cost=21.81..3541.02 rows=915 width=121)
	  Recheck Cond: ((id >= 2410326) AND (id <= 2411325))
	  ->  Bitmap Index Scan on sbtest5_pkey  (cost=0.00..21.58 rows=915 width=0)
	        Index Cond: ((id >= 2410326) AND (id <= 2411325))

table 6 : explain SELECT c FROM sbtest6 WHERE id BETWEEN 6828943 AND 6829942
	Bitmap Heap Scan on sbtest6  (cost=22.68..3860.77 rows=1000 width=121)
	  Recheck Cond: ((id >= 6828943) AND (id <= 6829942))
	  ->  Bitmap Index Scan on sbtest6_pkey  (cost=0.00..22.43 rows=1000 width=0)
	        Index Cond: ((id >= 6828943) AND (id <= 6829942))

table 7 : explain SELECT c FROM sbtest7 WHERE id BETWEEN 5938562 AND 5939561
	Bitmap Heap Scan on sbtest7  (cost=23.36..4110.27 rows=1066 width=121)
	  Recheck Cond: ((id >= 5938562) AND (id <= 5939561))
	  ->  Bitmap Index Scan on sbtest7_pkey  (cost=0.00..23.09 rows=1066 width=0)
	        Index Cond: ((id >= 5938562) AND (id <= 5939561))

table 8 : explain SELECT c FROM sbtest8 WHERE id BETWEEN 3998743 AND 3999742
	Bitmap Heap Scan on sbtest8  (cost=22.12..3654.39 rows=945 width=121)
	  Recheck Cond: ((id >= 3998743) AND (id <= 3999742))
	  ->  Bitmap Index Scan on sbtest8_pkey  (cost=0.00..21.89 rows=945 width=0)
	        Index Cond: ((id >= 3998743) AND (id <= 3999742))

for: simple_ranges
table 1 : explain SELECT c FROM sbtest1 WHERE id BETWEEN 932937 AND 933936
	Bitmap Heap Scan on sbtest1  (cost=22.81..3905.70 rows=1012 width=121)
	  Recheck Cond: ((id >= 932937) AND (id <= 933936))
	  ->  Bitmap Index Scan on sbtest1_pkey  (cost=0.00..22.55 rows=1012 width=0)
	        Index Cond: ((id >= 932937) AND (id <= 933936))

table 2 : explain SELECT c FROM sbtest2 WHERE id BETWEEN 1397120 AND 1398119
	Bitmap Heap Scan on sbtest2  (cost=22.68..3860.28 rows=1000 width=121)
	  Recheck Cond: ((id >= 1397120) AND (id <= 1398119))
	  ->  Bitmap Index Scan on sbtest2_pkey  (cost=0.00..22.43 rows=1000 width=0)
	        Index Cond: ((id >= 1397120) AND (id <= 1398119))

table 3 : explain SELECT c FROM sbtest3 WHERE id BETWEEN 4076563 AND 4077562
	Bitmap Heap Scan on sbtest3  (cost=22.79..3898.00 rows=1010 width=121)
	  Recheck Cond: ((id >= 4076563) AND (id <= 4077562))
	  ->  Bitmap Index Scan on sbtest3_pkey  (cost=0.00..22.54 rows=1010 width=0)
	        Index Cond: ((id >= 4076563) AND (id <= 4077562))

table 4 : explain SELECT c FROM sbtest4 WHERE id BETWEEN 9646852 AND 9647851
	Bitmap Heap Scan on sbtest4  (cost=21.84..3551.15 rows=918 width=121)
	  Recheck Cond: ((id >= 9646852) AND (id <= 9647851))
	  ->  Bitmap Index Scan on sbtest4_pkey  (cost=0.00..21.61 rows=918 width=0)
	        Index Cond: ((id >= 9646852) AND (id <= 9647851))

table 5 : explain SELECT c FROM sbtest5 WHERE id BETWEEN 3153987 AND 3154986
	Bitmap Heap Scan on sbtest5  (cost=22.53..3805.17 rows=985 width=121)
	  Recheck Cond: ((id >= 3153987) AND (id <= 3154986))
	  ->  Bitmap Index Scan on sbtest5_pkey  (cost=0.00..22.29 rows=985 width=0)
	        Index Cond: ((id >= 3153987) AND (id <= 3154986))

table 6 : explain SELECT c FROM sbtest6 WHERE id BETWEEN 5714156 AND 5715155
	Bitmap Heap Scan on sbtest6  (cost=22.50..3792.97 rows=982 width=121)
	  Recheck Cond: ((id >= 5714156) AND (id <= 5715155))
	  ->  Bitmap Index Scan on sbtest6_pkey  (cost=0.00..22.25 rows=982 width=0)
	        Index Cond: ((id >= 5714156) AND (id <= 5715155))

table 7 : explain SELECT c FROM sbtest7 WHERE id BETWEEN 1913339 AND 1914338
	Bitmap Heap Scan on sbtest7  (cost=23.19..4046.35 rows=1049 width=121)
	  Recheck Cond: ((id >= 1913339) AND (id <= 1914338))
	  ->  Bitmap Index Scan on sbtest7_pkey  (cost=0.00..22.93 rows=1049 width=0)
	        Index Cond: ((id >= 1913339) AND (id <= 1914338))

table 8 : explain SELECT c FROM sbtest8 WHERE id BETWEEN 1338884 AND 1339883
	Bitmap Heap Scan on sbtest8  (cost=22.50..3793.95 rows=982 width=121)
	  Recheck Cond: ((id >= 1338884) AND (id <= 1339883))
	  ->  Bitmap Index Scan on sbtest8_pkey  (cost=0.00..22.25 rows=982 width=0)
	        Index Cond: ((id >= 1338884) AND (id <= 1339883))

for point_selects
table 1 : explain SELECT c FROM sbtest1 WHERE id=3252148
	Index Scan using sbtest1_pkey on sbtest1  (cost=0.43..8.45 rows=1 width=121)
	  Index Cond: (id = 3252148)

table 2 : explain SELECT c FROM sbtest2 WHERE id=7510447
	Index Scan using sbtest2_pkey on sbtest2  (cost=0.43..8.45 rows=1 width=121)
	  Index Cond: (id = 7510447)

table 3 : explain SELECT c FROM sbtest3 WHERE id=6576853
	Index Scan using sbtest3_pkey on sbtest3  (cost=0.43..8.45 rows=1 width=121)
	  Index Cond: (id = 6576853)

table 4 : explain SELECT c FROM sbtest4 WHERE id=8268776
	Index Scan using sbtest4_pkey on sbtest4  (cost=0.43..8.45 rows=1 width=121)
	  Index Cond: (id = 8268776)

table 5 : explain SELECT c FROM sbtest5 WHERE id=8911477
	Index Scan using sbtest5_pkey on sbtest5  (cost=0.43..8.45 rows=1 width=121)
	  Index Cond: (id = 8911477)

table 6 : explain SELECT c FROM sbtest6 WHERE id=6817851
	Index Scan using sbtest6_pkey on sbtest6  (cost=0.43..8.45 rows=1 width=121)
	  Index Cond: (id = 6817851)

table 7 : explain SELECT c FROM sbtest7 WHERE id=919233
	Index Scan using sbtest7_pkey on sbtest7  (cost=0.43..8.45 rows=1 width=121)
	  Index Cond: (id = 919233)

table 8 : explain SELECT c FROM sbtest8 WHERE id=4246403
	Index Scan using sbtest8_pkey on sbtest8  (cost=0.43..8.45 rows=1 width=121)
	  Index Cond: (id = 4246403)

for: sum_ranges
table 1 : explain SELECT SUM(k) FROM sbtest1 WHERE id BETWEEN 3352062 AND 3353061
	Aggregate  (cost=3768.79..3768.80 rows=1 width=8)
	  ->  Bitmap Heap Scan on sbtest1  (cost=22.43..3766.35 rows=975 width=4)
	        Recheck Cond: ((id >= 3352062) AND (id <= 3353061))
	        ->  Bitmap Index Scan on sbtest1_pkey  (cost=0.00..22.18 rows=975 width=0)
	              Index Cond: ((id >= 3352062) AND (id <= 3353061))

table 2 : explain SELECT SUM(k) FROM sbtest2 WHERE id BETWEEN 4733031 AND 4734030
	Aggregate  (cost=3919.28..3919.29 rows=1 width=8)
	  ->  Bitmap Heap Scan on sbtest2  (cost=22.84..3916.74 rows=1015 width=4)
	        Recheck Cond: ((id >= 4733031) AND (id <= 4734030))
	        ->  Bitmap Index Scan on sbtest2_pkey  (cost=0.00..22.58 rows=1015 width=0)
	              Index Cond: ((id >= 4733031) AND (id <= 4734030))

table 3 : explain SELECT SUM(k) FROM sbtest3 WHERE id BETWEEN 125981 AND 126980
	Aggregate  (cost=3862.86..3862.87 rows=1 width=8)
	  ->  Bitmap Heap Scan on sbtest3  (cost=22.68..3860.36 rows=1000 width=4)
	        Recheck Cond: ((id >= 125981) AND (id <= 126980))
	        ->  Bitmap Index Scan on sbtest3_pkey  (cost=0.00..22.43 rows=1000 width=0)
	              Index Cond: ((id >= 125981) AND (id <= 126980))

table 4 : explain SELECT SUM(k) FROM sbtest4 WHERE id BETWEEN 6492715 AND 6493714
	Aggregate  (cost=3534.56..3534.57 rows=1 width=8)
	  ->  Bitmap Heap Scan on sbtest4  (cost=21.79..3532.27 rows=913 width=4)
	        Recheck Cond: ((id >= 6492715) AND (id <= 6493714))
	        ->  Bitmap Index Scan on sbtest4_pkey  (cost=0.00..21.57 rows=913 width=0)
	              Index Cond: ((id >= 6492715) AND (id <= 6493714))

table 5 : explain SELECT SUM(k) FROM sbtest5 WHERE id BETWEEN 1193789 AND 1194788
	Aggregate  (cost=3701.98..3701.99 rows=1 width=8)
	  ->  Bitmap Heap Scan on sbtest5  (cost=22.24..3699.58 rows=957 width=4)
	        Recheck Cond: ((id >= 1193789) AND (id <= 1194788))
	        ->  Bitmap Index Scan on sbtest5_pkey  (cost=0.00..22.00 rows=957 width=0)
	              Index Cond: ((id >= 1193789) AND (id <= 1194788))

table 6 : explain SELECT SUM(k) FROM sbtest6 WHERE id BETWEEN 2361076 AND 2362075
	Aggregate  (cost=3821.81..3821.82 rows=1 width=8)
	  ->  Bitmap Heap Scan on sbtest6  (cost=22.57..3819.34 rows=989 width=4)
	        Recheck Cond: ((id >= 2361076) AND (id <= 2362075))
	        ->  Bitmap Index Scan on sbtest6_pkey  (cost=0.00..22.32 rows=989 width=0)
	              Index Cond: ((id >= 2361076) AND (id <= 2362075))

table 7 : explain SELECT SUM(k) FROM sbtest7 WHERE id BETWEEN 6459129 AND 6460128
	Aggregate  (cost=3664.42..3664.43 rows=1 width=8)
	  ->  Bitmap Heap Scan on sbtest7  (cost=22.14..3662.05 rows=947 width=4)
	        Recheck Cond: ((id >= 6459129) AND (id <= 6460128))
	        ->  Bitmap Index Scan on sbtest7_pkey  (cost=0.00..21.90 rows=947 width=0)
	              Index Cond: ((id >= 6459129) AND (id <= 6460128))

table 8 : explain SELECT SUM(k) FROM sbtest8 WHERE id BETWEEN 6323371 AND 6324370
	Aggregate  (cost=3671.86..3671.87 rows=1 width=8)
	  ->  Bitmap Heap Scan on sbtest8  (cost=22.16..3669.49 rows=949 width=4)
	        Recheck Cond: ((id >= 6323371) AND (id <= 6324370))
	        ->  Bitmap Index Scan on sbtest8_pkey  (cost=0.00..21.93 rows=949 width=0)
	              Index Cond: ((id >= 6323371) AND (id <= 6324370))

for: sum_ranges
table 1 : explain SELECT SUM(k) FROM sbtest1 WHERE id BETWEEN 5748193 AND 5749192
	Aggregate  (cost=4062.53..4062.54 rows=1 width=8)
	  ->  Bitmap Heap Scan on sbtest1  (cost=23.23..4059.90 rows=1053 width=4)
	        Recheck Cond: ((id >= 5748193) AND (id <= 5749192))
	        ->  Bitmap Index Scan on sbtest1_pkey  (cost=0.00..22.96 rows=1053 width=0)
	              Index Cond: ((id >= 5748193) AND (id <= 5749192))

table 2 : explain SELECT SUM(k) FROM sbtest2 WHERE id BETWEEN 8660692 AND 8661691
	Aggregate  (cost=3810.02..3810.03 rows=1 width=8)
	  ->  Bitmap Heap Scan on sbtest2  (cost=22.54..3807.56 rows=986 width=4)
	        Recheck Cond: ((id >= 8660692) AND (id <= 8661691))
	        ->  Bitmap Index Scan on sbtest2_pkey  (cost=0.00..22.29 rows=986 width=0)
	              Index Cond: ((id >= 8660692) AND (id <= 8661691))

table 3 : explain SELECT SUM(k) FROM sbtest3 WHERE id BETWEEN 9180872 AND 9181871
	Aggregate  (cost=3934.42..3934.43 rows=1 width=8)
	  ->  Bitmap Heap Scan on sbtest3  (cost=22.88..3931.87 rows=1019 width=4)
	        Recheck Cond: ((id >= 9180872) AND (id <= 9181871))
	        ->  Bitmap Index Scan on sbtest3_pkey  (cost=0.00..22.62 rows=1019 width=0)
	              Index Cond: ((id >= 9180872) AND (id <= 9181871))

table 4 : explain SELECT SUM(k) FROM sbtest4 WHERE id BETWEEN 899063 AND 900062
	Aggregate  (cost=4114.95..4114.96 rows=1 width=8)
	  ->  Bitmap Heap Scan on sbtest4  (cost=23.37..4112.29 rows=1067 width=4)
	        Recheck Cond: ((id >= 899063) AND (id <= 900062))
	        ->  Bitmap Index Scan on sbtest4_pkey  (cost=0.00..23.11 rows=1067 width=0)
	              Index Cond: ((id >= 899063) AND (id <= 900062))

table 5 : explain SELECT SUM(k) FROM sbtest5 WHERE id BETWEEN 3983511 AND 3984510
	Aggregate  (cost=3852.88..3852.89 rows=1 width=8)
	  ->  Bitmap Heap Scan on sbtest5  (cost=22.65..3850.38 rows=997 width=4)
	        Recheck Cond: ((id >= 3983511) AND (id <= 3984510))
	        ->  Bitmap Index Scan on sbtest5_pkey  (cost=0.00..22.40 rows=997 width=0)
	              Index Cond: ((id >= 3983511) AND (id <= 3984510))

table 6 : explain SELECT SUM(k) FROM sbtest6 WHERE id BETWEEN 9225048 AND 9226047
	Aggregate  (cost=3938.61..3938.62 rows=1 width=8)
	  ->  Bitmap Heap Scan on sbtest6  (cost=22.89..3936.06 rows=1020 width=4)
	        Recheck Cond: ((id >= 9225048) AND (id <= 9226047))
	        ->  Bitmap Index Scan on sbtest6_pkey  (cost=0.00..22.64 rows=1020 width=0)
	              Index Cond: ((id >= 9225048) AND (id <= 9226047))

table 7 : explain SELECT SUM(k) FROM sbtest7 WHERE id BETWEEN 3480277 AND 3481276
	Aggregate  (cost=3838.01..3838.02 rows=1 width=8)
	  ->  Bitmap Heap Scan on sbtest7  (cost=22.61..3835.53 rows=993 width=4)
	        Recheck Cond: ((id >= 3480277) AND (id <= 3481276))
	        ->  Bitmap Index Scan on sbtest7_pkey  (cost=0.00..22.36 rows=993 width=0)
	              Index Cond: ((id >= 3480277) AND (id <= 3481276))

table 8 : explain SELECT SUM(k) FROM sbtest8 WHERE id BETWEEN 8234757 AND 8235756
	Aggregate  (cost=4146.88..4146.89 rows=1 width=8)
	  ->  Bitmap Heap Scan on sbtest8  (cost=27.44..4144.20 rows=1074 width=4)
	        Recheck Cond: ((id >= 8234757) AND (id <= 8235756))
	        ->  Bitmap Index Scan on sbtest8_pkey  (cost=0.00..27.18 rows=1074 width=0)
	              Index Cond: ((id >= 8234757) AND (id <= 8235756))

for: sum_ranges
table 1 : explain SELECT SUM(k) FROM sbtest1 WHERE id BETWEEN 9062383 AND 9063382
	Aggregate  (cost=3829.11..3829.12 rows=1 width=8)
	  ->  Bitmap Heap Scan on sbtest1  (cost=22.59..3826.63 rows=991 width=4)
	        Recheck Cond: ((id >= 9062383) AND (id <= 9063382))
	        ->  Bitmap Index Scan on sbtest1_pkey  (cost=0.00..22.34 rows=991 width=0)
	              Index Cond: ((id >= 9062383) AND (id <= 9063382))

table 2 : explain SELECT SUM(k) FROM sbtest2 WHERE id BETWEEN 832469 AND 833468
	Aggregate  (cost=3975.74..3975.75 rows=1 width=8)
	  ->  Bitmap Heap Scan on sbtest2  (cost=22.99..3973.17 rows=1030 width=4)
	        Recheck Cond: ((id >= 832469) AND (id <= 833468))
	        ->  Bitmap Index Scan on sbtest2_pkey  (cost=0.00..22.73 rows=1030 width=0)
	              Index Cond: ((id >= 832469) AND (id <= 833468))

table 3 : explain SELECT SUM(k) FROM sbtest3 WHERE id BETWEEN 2308023 AND 2309022
	Aggregate  (cost=3678.09..3678.10 rows=1 width=8)
	  ->  Bitmap Heap Scan on sbtest3  (cost=22.18..3675.71 rows=951 width=4)
	        Recheck Cond: ((id >= 2308023) AND (id <= 2309022))
	        ->  Bitmap Index Scan on sbtest3_pkey  (cost=0.00..21.94 rows=951 width=0)
	              Index Cond: ((id >= 2308023) AND (id <= 2309022))

table 4 : explain SELECT SUM(k) FROM sbtest4 WHERE id BETWEEN 1154791 AND 1155790
	Aggregate  (cost=3538.33..3538.34 rows=1 width=8)
	  ->  Bitmap Heap Scan on sbtest4  (cost=21.80..3536.05 rows=914 width=4)
	        Recheck Cond: ((id >= 1154791) AND (id <= 1155790))
	        ->  Bitmap Index Scan on sbtest4_pkey  (cost=0.00..21.57 rows=914 width=0)
	              Index Cond: ((id >= 1154791) AND (id <= 1155790))

table 5 : explain SELECT SUM(k) FROM sbtest5 WHERE id BETWEEN 315739 AND 316738
	Aggregate  (cost=3762.36..3762.37 rows=1 width=8)
	  ->  Bitmap Heap Scan on sbtest5  (cost=22.41..3759.93 rows=973 width=4)
	        Recheck Cond: ((id >= 315739) AND (id <= 316738))
	        ->  Bitmap Index Scan on sbtest5_pkey  (cost=0.00..22.16 rows=973 width=0)
	              Index Cond: ((id >= 315739) AND (id <= 316738))

table 6 : explain SELECT SUM(k) FROM sbtest6 WHERE id BETWEEN 3152200 AND 3153199
	Aggregate  (cost=4006.37..4006.38 rows=1 width=8)
	  ->  Bitmap Heap Scan on sbtest6  (cost=23.07..4003.77 rows=1038 width=4)
	        Recheck Cond: ((id >= 3152200) AND (id <= 3153199))
	        ->  Bitmap Index Scan on sbtest6_pkey  (cost=0.00..22.82 rows=1038 width=0)
	              Index Cond: ((id >= 3152200) AND (id <= 3153199))

table 7 : explain SELECT SUM(k) FROM sbtest7 WHERE id BETWEEN 6362363 AND 6363362
	Aggregate  (cost=4146.78..4146.79 rows=1 width=8)
	  ->  Bitmap Heap Scan on sbtest7  (cost=23.45..4144.09 rows=1075 width=4)
	        Recheck Cond: ((id >= 6362363) AND (id <= 6363362))
	        ->  Bitmap Index Scan on sbtest7_pkey  (cost=0.00..23.18 rows=1075 width=0)
	              Index Cond: ((id >= 6362363) AND (id <= 6363362))

table 8 : explain SELECT SUM(k) FROM sbtest8 WHERE id BETWEEN 6003816 AND 6004815
	Aggregate  (cost=3717.16..3717.17 rows=1 width=8)
	  ->  Bitmap Heap Scan on sbtest8  (cost=22.29..3714.76 rows=961 width=4)
	        Recheck Cond: ((id >= 6003816) AND (id <= 6004815))
	        ->  Bitmap Index Scan on sbtest8_pkey  (cost=0.00..22.04 rows=961 width=0)
	              Index Cond: ((id >= 6003816) AND (id <= 6004815))

for: simple_ranges
table 1 : explain SELECT c FROM sbtest1 WHERE id BETWEEN 7539290 AND 7540289
	Bitmap Heap Scan on sbtest1  (cost=23.25..4067.42 rows=1055 width=121)
	  Recheck Cond: ((id >= 7539290) AND (id <= 7540289))
	  ->  Bitmap Index Scan on sbtest1_pkey  (cost=0.00..22.98 rows=1055 width=0)
	        Index Cond: ((id >= 7539290) AND (id <= 7540289))

table 2 : explain SELECT c FROM sbtest2 WHERE id BETWEEN 4521004 AND 4522003
	Bitmap Heap Scan on sbtest2  (cost=22.59..3826.39 rows=991 width=121)
	  Recheck Cond: ((id >= 4521004) AND (id <= 4522003))
	  ->  Bitmap Index Scan on sbtest2_pkey  (cost=0.00..22.34 rows=991 width=0)
	        Index Cond: ((id >= 4521004) AND (id <= 4522003))

table 3 : explain SELECT c FROM sbtest3 WHERE id BETWEEN 1040928 AND 1041927
	Bitmap Heap Scan on sbtest3  (cost=23.52..4164.90 rows=1081 width=121)
	  Recheck Cond: ((id >= 1040928) AND (id <= 1041927))
	  ->  Bitmap Index Scan on sbtest3_pkey  (cost=0.00..23.25 rows=1081 width=0)
	        Index Cond: ((id >= 1040928) AND (id <= 1041927))

table 4 : explain SELECT c FROM sbtest4 WHERE id BETWEEN 9364958 AND 9365957
	Bitmap Heap Scan on sbtest4  (cost=22.95..3958.17 rows=1026 width=121)
	  Recheck Cond: ((id >= 9364958) AND (id <= 9365957))
	  ->  Bitmap Index Scan on sbtest4_pkey  (cost=0.00..22.69 rows=1026 width=0)
	        Index Cond: ((id >= 9364958) AND (id <= 9365957))

table 5 : explain SELECT c FROM sbtest5 WHERE id BETWEEN 4279163 AND 4280162
	Bitmap Heap Scan on sbtest5  (cost=22.29..3714.67 rows=961 width=121)
	  Recheck Cond: ((id >= 4279163) AND (id <= 4280162))
	  ->  Bitmap Index Scan on sbtest5_pkey  (cost=0.00..22.04 rows=961 width=0)
	        Index Cond: ((id >= 4279163) AND (id <= 4280162))

table 6 : explain SELECT c FROM sbtest6 WHERE id BETWEEN 4422662 AND 4423661
	Bitmap Heap Scan on sbtest6  (cost=22.04..3623.28 rows=937 width=121)
	  Recheck Cond: ((id >= 4422662) AND (id <= 4423661))
	  ->  Bitmap Index Scan on sbtest6_pkey  (cost=0.00..21.80 rows=937 width=0)
	        Index Cond: ((id >= 4422662) AND (id <= 4423661))

table 7 : explain SELECT c FROM sbtest7 WHERE id BETWEEN 8056630 AND 8057629
	Bitmap Heap Scan on sbtest7  (cost=23.08..4008.73 rows=1039 width=121)
	  Recheck Cond: ((id >= 8056630) AND (id <= 8057629))
	  ->  Bitmap Index Scan on sbtest7_pkey  (cost=0.00..22.82 rows=1039 width=0)
	        Index Cond: ((id >= 8056630) AND (id <= 8057629))

table 8 : explain SELECT c FROM sbtest8 WHERE id BETWEEN 6846454 AND 6847453
	Bitmap Heap Scan on sbtest8  (cost=22.09..3643.07 rows=942 width=121)
	  Recheck Cond: ((id >= 6846454) AND (id <= 6847453))
	  ->  Bitmap Index Scan on sbtest8_pkey  (cost=0.00..21.86 rows=942 width=0)
	        Index Cond: ((id >= 6846454) AND (id <= 6847453))

for: sum_ranges
table 1 : explain SELECT SUM(k) FROM sbtest1 WHERE id BETWEEN 4914985 AND 4915984
	Aggregate  (cost=3776.33..3776.34 rows=1 width=8)
	  ->  Bitmap Heap Scan on sbtest1  (cost=22.45..3773.89 rows=977 width=4)
	        Recheck Cond: ((id >= 4914985) AND (id <= 4915984))
	        ->  Bitmap Index Scan on sbtest1_pkey  (cost=0.00..22.20 rows=977 width=0)
	              Index Cond: ((id >= 4914985) AND (id <= 4915984))

table 2 : explain SELECT SUM(k) FROM sbtest2 WHERE id BETWEEN 7579826 AND 7580825
	Aggregate  (cost=3591.19..3591.20 rows=1 width=8)
	  ->  Bitmap Heap Scan on sbtest2  (cost=21.95..3588.87 rows=928 width=4)
	        Recheck Cond: ((id >= 7579826) AND (id <= 7580825))
	        ->  Bitmap Index Scan on sbtest2_pkey  (cost=0.00..21.71 rows=928 width=0)
	              Index Cond: ((id >= 7579826) AND (id <= 7580825))

table 3 : explain SELECT SUM(k) FROM sbtest3 WHERE id BETWEEN 8433064 AND 8434063
	Aggregate  (cost=4036.02..4036.03 rows=1 width=8)
	  ->  Bitmap Heap Scan on sbtest3  (cost=23.16..4033.41 rows=1046 width=4)
	        Recheck Cond: ((id >= 8433064) AND (id <= 8434063))
	        ->  Bitmap Index Scan on sbtest3_pkey  (cost=0.00..22.89 rows=1046 width=0)
	              Index Cond: ((id >= 8433064) AND (id <= 8434063))

table 4 : explain SELECT SUM(k) FROM sbtest4 WHERE id BETWEEN 9123573 AND 9124572
	Aggregate  (cost=3923.09..3923.10 rows=1 width=8)
	  ->  Bitmap Heap Scan on sbtest4  (cost=22.85..3920.55 rows=1016 width=4)
	        Recheck Cond: ((id >= 9123573) AND (id <= 9124572))
	        ->  Bitmap Index Scan on sbtest4_pkey  (cost=0.00..22.59 rows=1016 width=0)
	              Index Cond: ((id >= 9123573) AND (id <= 9124572))

table 5 : explain SELECT SUM(k) FROM sbtest5 WHERE id BETWEEN 2227241 AND 2228240
	Aggregate  (cost=3845.34..3845.35 rows=1 width=8)
	  ->  Bitmap Heap Scan on sbtest5  (cost=22.63..3842.85 rows=995 width=4)
	        Recheck Cond: ((id >= 2227241) AND (id <= 2228240))
	        ->  Bitmap Index Scan on sbtest5_pkey  (cost=0.00..22.39 rows=995 width=0)
	              Index Cond: ((id >= 2227241) AND (id <= 2228240))

table 6 : explain SELECT SUM(k) FROM sbtest6 WHERE id BETWEEN 6728575 AND 6729574
	Aggregate  (cost=3723.76..3723.77 rows=1 width=8)
	  ->  Bitmap Heap Scan on sbtest6  (cost=22.31..3721.35 rows=963 width=4)
	        Recheck Cond: ((id >= 6728575) AND (id <= 6729574))
	        ->  Bitmap Index Scan on sbtest6_pkey  (cost=0.00..22.07 rows=963 width=0)
	              Index Cond: ((id >= 6728575) AND (id <= 6729574))

table 7 : explain SELECT SUM(k) FROM sbtest7 WHERE id BETWEEN 1043199 AND 1044198
	Aggregate  (cost=3679.52..3679.53 rows=1 width=8)
	  ->  Bitmap Heap Scan on sbtest7  (cost=22.18..3677.15 rows=951 width=4)
	        Recheck Cond: ((id >= 1043199) AND (id <= 1044198))
	        ->  Bitmap Index Scan on sbtest7_pkey  (cost=0.00..21.94 rows=951 width=0)
	              Index Cond: ((id >= 1043199) AND (id <= 1044198))

table 8 : explain SELECT SUM(k) FROM sbtest8 WHERE id BETWEEN 4776491 AND 4777490
	Aggregate  (cost=3683.19..3683.20 rows=1 width=8)
	  ->  Bitmap Heap Scan on sbtest8  (cost=22.19..3680.81 rows=952 width=4)
	        Recheck Cond: ((id >= 4776491) AND (id <= 4777490))
	        ->  Bitmap Index Scan on sbtest8_pkey  (cost=0.00..21.95 rows=952 width=0)
	              Index Cond: ((id >= 4776491) AND (id <= 4777490))

for point_selects
table 1 : explain SELECT c FROM sbtest1 WHERE id=6281501
	Index Scan using sbtest1_pkey on sbtest1  (cost=0.43..8.45 rows=1 width=121)
	  Index Cond: (id = 6281501)

table 2 : explain SELECT c FROM sbtest2 WHERE id=9419729
	Index Scan using sbtest2_pkey on sbtest2  (cost=0.43..8.45 rows=1 width=121)
	  Index Cond: (id = 9419729)

table 3 : explain SELECT c FROM sbtest3 WHERE id=9496859
	Index Scan using sbtest3_pkey on sbtest3  (cost=0.43..8.45 rows=1 width=121)
	  Index Cond: (id = 9496859)

table 4 : explain SELECT c FROM sbtest4 WHERE id=9797175
	Index Scan using sbtest4_pkey on sbtest4  (cost=0.43..8.45 rows=1 width=121)
	  Index Cond: (id = 9797175)

table 5 : explain SELECT c FROM sbtest5 WHERE id=8080339
	Index Scan using sbtest5_pkey on sbtest5  (cost=0.43..8.45 rows=1 width=121)
	  Index Cond: (id = 8080339)

table 6 : explain SELECT c FROM sbtest6 WHERE id=2853170
	Index Scan using sbtest6_pkey on sbtest6  (cost=0.43..8.45 rows=1 width=121)
	  Index Cond: (id = 2853170)

table 7 : explain SELECT c FROM sbtest7 WHERE id=14649
	Index Scan using sbtest7_pkey on sbtest7  (cost=0.43..8.45 rows=1 width=121)
	  Index Cond: (id = 14649)

table 8 : explain SELECT c FROM sbtest8 WHERE id=1292118
	Index Scan using sbtest8_pkey on sbtest8  (cost=0.43..8.45 rows=1 width=121)
	  Index Cond: (id = 1292118)

for: sum_ranges
table 1 : explain SELECT SUM(k) FROM sbtest1 WHERE id BETWEEN 5897410 AND 5898409
	Aggregate  (cost=4130.21..4130.22 rows=1 width=8)
	  ->  Bitmap Heap Scan on sbtest1  (cost=23.41..4127.53 rows=1071 width=4)
	        Recheck Cond: ((id >= 5897410) AND (id <= 5898409))
	        ->  Bitmap Index Scan on sbtest1_pkey  (cost=0.00..23.14 rows=1071 width=0)
	              Index Cond: ((id >= 5897410) AND (id <= 5898409))

table 2 : explain SELECT SUM(k) FROM sbtest2 WHERE id BETWEEN 8847336 AND 8848335
	Aggregate  (cost=3855.24..3855.25 rows=1 width=8)
	  ->  Bitmap Heap Scan on sbtest2  (cost=22.66..3852.75 rows=998 width=4)
	        Recheck Cond: ((id >= 8847336) AND (id <= 8848335))
	        ->  Bitmap Index Scan on sbtest2_pkey  (cost=0.00..22.41 rows=998 width=0)
	              Index Cond: ((id >= 8847336) AND (id <= 8848335))

table 3 : explain SELECT SUM(k) FROM sbtest3 WHERE id BETWEEN 7297151 AND 7298150
	Aggregate  (cost=3753.54..3753.55 rows=1 width=8)
	  ->  Bitmap Heap Scan on sbtest3  (cost=22.39..3751.12 rows=971 width=4)
	        Recheck Cond: ((id >= 7297151) AND (id <= 7298150))
	        ->  Bitmap Index Scan on sbtest3_pkey  (cost=0.00..22.14 rows=971 width=0)
	              Index Cond: ((id >= 7297151) AND (id <= 7298150))

table 4 : explain SELECT SUM(k) FROM sbtest4 WHERE id BETWEEN 9730621 AND 9731620
	Aggregate  (cost=3885.43..3885.44 rows=1 width=8)
	  ->  Bitmap Heap Scan on sbtest4  (cost=22.75..3882.91 rows=1006 width=4)
	        Recheck Cond: ((id >= 9730621) AND (id <= 9731620))
	        ->  Bitmap Index Scan on sbtest4_pkey  (cost=0.00..22.50 rows=1006 width=0)
	              Index Cond: ((id >= 9730621) AND (id <= 9731620))

table 5 : explain SELECT SUM(k) FROM sbtest5 WHERE id BETWEEN 3445484 AND 3446483
	Aggregate  (cost=3932.02..3932.03 rows=1 width=8)
	  ->  Bitmap Heap Scan on sbtest5  (cost=22.87..3929.47 rows=1018 width=4)
	        Recheck Cond: ((id >= 3445484) AND (id <= 3446483))
	        ->  Bitmap Index Scan on sbtest5_pkey  (cost=0.00..22.61 rows=1018 width=0)
	              Index Cond: ((id >= 3445484) AND (id <= 3446483))

table 6 : explain SELECT SUM(k) FROM sbtest6 WHERE id BETWEEN 5272216 AND 5273215
	Aggregate  (cost=3889.64..3889.65 rows=1 width=8)
	  ->  Bitmap Heap Scan on sbtest6  (cost=22.76..3887.13 rows=1007 width=4)
	        Recheck Cond: ((id >= 5272216) AND (id <= 5273215))
	        ->  Bitmap Index Scan on sbtest6_pkey  (cost=0.00..22.50 rows=1007 width=0)
	              Index Cond: ((id >= 5272216) AND (id <= 5273215))

table 7 : explain SELECT SUM(k) FROM sbtest7 WHERE id BETWEEN 6014897 AND 6015896
	Aggregate  (cost=3898.33..3898.34 rows=1 width=8)
	  ->  Bitmap Heap Scan on sbtest7  (cost=22.78..3895.80 rows=1009 width=4)
	        Recheck Cond: ((id >= 6014897) AND (id <= 6015896))
	        ->  Bitmap Index Scan on sbtest7_pkey  (cost=0.00..22.52 rows=1009 width=0)
	              Index Cond: ((id >= 6014897) AND (id <= 6015896))

table 8 : explain SELECT SUM(k) FROM sbtest8 WHERE id BETWEEN 5881690 AND 5882689
	Aggregate  (cost=3950.95..3950.96 rows=1 width=8)
	  ->  Bitmap Heap Scan on sbtest8  (cost=22.92..3948.39 rows=1023 width=4)
	        Recheck Cond: ((id >= 5881690) AND (id <= 5882689))
	        ->  Bitmap Index Scan on sbtest8_pkey  (cost=0.00..22.66 rows=1023 width=0)
	              Index Cond: ((id >= 5881690) AND (id <= 5882689))

for: sum_ranges
table 1 : explain SELECT SUM(k) FROM sbtest1 WHERE id BETWEEN 4768003 AND 4769002
	Aggregate  (cost=4355.78..4355.79 rows=1 width=8)
	  ->  Bitmap Heap Scan on sbtest1  (cost=28.03..4352.96 rows=1131 width=4)
	        Recheck Cond: ((id >= 4768003) AND (id <= 4769002))
	        ->  Bitmap Index Scan on sbtest1_pkey  (cost=0.00..27.75 rows=1131 width=0)
	              Index Cond: ((id >= 4768003) AND (id <= 4769002))

table 2 : explain SELECT SUM(k) FROM sbtest2 WHERE id BETWEEN 4326795 AND 4327794
	Aggregate  (cost=3847.71..3847.72 rows=1 width=8)
	  ->  Bitmap Heap Scan on sbtest2  (cost=22.64..3845.22 rows=996 width=4)
	        Recheck Cond: ((id >= 4326795) AND (id <= 4327794))
	        ->  Bitmap Index Scan on sbtest2_pkey  (cost=0.00..22.39 rows=996 width=0)
	              Index Cond: ((id >= 4326795) AND (id <= 4327794))

table 3 : explain SELECT SUM(k) FROM sbtest3 WHERE id BETWEEN 1811449 AND 1812448
	Aggregate  (cost=4250.50..4250.51 rows=1 width=8)
	  ->  Bitmap Heap Scan on sbtest3  (cost=27.74..4247.74 rows=1103 width=4)
	        Recheck Cond: ((id >= 1811449) AND (id <= 1812448))
	        ->  Bitmap Index Scan on sbtest3_pkey  (cost=0.00..27.46 rows=1103 width=0)
	              Index Cond: ((id >= 1811449) AND (id <= 1812448))

table 4 : explain SELECT SUM(k) FROM sbtest4 WHERE id BETWEEN 7379641 AND 7380640
	Aggregate  (cost=3519.44..3519.45 rows=1 width=8)
	  ->  Bitmap Heap Scan on sbtest4  (cost=21.75..3517.17 rows=909 width=4)
	        Recheck Cond: ((id >= 7379641) AND (id <= 7380640))
	        ->  Bitmap Index Scan on sbtest4_pkey  (cost=0.00..21.52 rows=909 width=0)
	              Index Cond: ((id >= 7379641) AND (id <= 7380640))

table 5 : explain SELECT SUM(k) FROM sbtest5 WHERE id BETWEEN 4574774 AND 4575773
	Aggregate  (cost=3785.00..3785.01 rows=1 width=8)
	  ->  Bitmap Heap Scan on sbtest5  (cost=22.47..3782.55 rows=979 width=4)
	        Recheck Cond: ((id >= 4574774) AND (id <= 4575773))
	        ->  Bitmap Index Scan on sbtest5_pkey  (cost=0.00..22.22 rows=979 width=0)
	              Index Cond: ((id >= 4574774) AND (id <= 4575773))

table 6 : explain SELECT SUM(k) FROM sbtest6 WHERE id BETWEEN 5788128 AND 5789127
	Aggregate  (cost=3893.41..3893.42 rows=1 width=8)
	  ->  Bitmap Heap Scan on sbtest6  (cost=22.77..3890.89 rows=1008 width=4)
	        Recheck Cond: ((id >= 5788128) AND (id <= 5789127))
	        ->  Bitmap Index Scan on sbtest6_pkey  (cost=0.00..22.51 rows=1008 width=0)
	              Index Cond: ((id >= 5788128) AND (id <= 5789127))

table 7 : explain SELECT SUM(k) FROM sbtest7 WHERE id BETWEEN 1193601 AND 1194600
	Aggregate  (cost=4003.80..4003.81 rows=1 width=8)
	  ->  Bitmap Heap Scan on sbtest7  (cost=23.06..4001.21 rows=1037 width=4)
	        Recheck Cond: ((id >= 1193601) AND (id <= 1194600))
	        ->  Bitmap Index Scan on sbtest7_pkey  (cost=0.00..22.80 rows=1037 width=0)
	              Index Cond: ((id >= 1193601) AND (id <= 1194600))

table 8 : explain SELECT SUM(k) FROM sbtest8 WHERE id BETWEEN 8879635 AND 8880634
	Aggregate  (cost=3550.95..3550.96 rows=1 width=8)
	  ->  Bitmap Heap Scan on sbtest8  (cost=21.83..3548.66 rows=917 width=4)
	        Recheck Cond: ((id >= 8879635) AND (id <= 8880634))
	        ->  Bitmap Index Scan on sbtest8_pkey  (cost=0.00..21.61 rows=917 width=0)
	              Index Cond: ((id >= 8879635) AND (id <= 8880634))

explain: for point_selects :: explain SELECT c FROM sbtest%u WHERE id=%u
explain: for point_selects :: explain SELECT c FROM sbtest%u WHERE id=%u
for: sum_ranges
table 1 : explain SELECT SUM(k) FROM sbtest1 WHERE id BETWEEN 3629698 AND 3630697
	Aggregate  (cost=3606.51..3606.52 rows=1 width=8)
	  ->  Bitmap Heap Scan on sbtest1  (cost=21.99..3604.18 rows=932 width=4)
	        Recheck Cond: ((id >= 3629698) AND (id <= 3630697))
	        ->  Bitmap Index Scan on sbtest1_pkey  (cost=0.00..21.75 rows=932 width=0)
	              Index Cond: ((id >= 3629698) AND (id <= 3630697))

table 2 : explain SELECT SUM(k) FROM sbtest2 WHERE id BETWEEN 152958 AND 153957
	Aggregate  (cost=3945.63..3945.64 rows=1 width=8)
	  ->  Bitmap Heap Scan on sbtest2  (cost=22.91..3943.07 rows=1022 width=4)
	        Recheck Cond: ((id >= 152958) AND (id <= 153957))
	        ->  Bitmap Index Scan on sbtest2_pkey  (cost=0.00..22.65 rows=1022 width=0)
	              Index Cond: ((id >= 152958) AND (id <= 153957))

table 3 : explain SELECT SUM(k) FROM sbtest3 WHERE id BETWEEN 8925865 AND 8926864
	Aggregate  (cost=4333.07..4333.08 rows=1 width=8)
	  ->  Bitmap Heap Scan on sbtest3  (cost=27.97..4330.26 rows=1125 width=4)
	        Recheck Cond: ((id >= 8925865) AND (id <= 8926864))
	        ->  Bitmap Index Scan on sbtest3_pkey  (cost=0.00..27.68 rows=1125 width=0)
	              Index Cond: ((id >= 8925865) AND (id <= 8926864))

table 4 : explain SELECT SUM(k) FROM sbtest4 WHERE id BETWEEN 6088300 AND 6089299
	Aggregate  (cost=3685.61..3685.62 rows=1 width=8)
	  ->  Bitmap Heap Scan on sbtest4  (cost=22.20..3683.23 rows=953 width=4)
	        Recheck Cond: ((id >= 6088300) AND (id <= 6089299))
	        ->  Bitmap Index Scan on sbtest4_pkey  (cost=0.00..21.96 rows=953 width=0)
	              Index Cond: ((id >= 6088300) AND (id <= 6089299))

table 5 : explain SELECT SUM(k) FROM sbtest5 WHERE id BETWEEN 1680360 AND 1681359
	Aggregate  (cost=3928.25..3928.26 rows=1 width=8)
	  ->  Bitmap Heap Scan on sbtest5  (cost=22.86..3925.71 rows=1017 width=4)
	        Recheck Cond: ((id >= 1680360) AND (id <= 1681359))
	        ->  Bitmap Index Scan on sbtest5_pkey  (cost=0.00..22.61 rows=1017 width=0)
	              Index Cond: ((id >= 1680360) AND (id <= 1681359))

table 6 : explain SELECT SUM(k) FROM sbtest6 WHERE id BETWEEN 8637781 AND 8638780
	Aggregate  (cost=3946.14..3946.15 rows=1 width=8)
	  ->  Bitmap Heap Scan on sbtest6  (cost=22.91..3943.58 rows=1022 width=4)
	        Recheck Cond: ((id >= 8637781) AND (id <= 8638780))
	        ->  Bitmap Index Scan on sbtest6_pkey  (cost=0.00..22.65 rows=1022 width=0)
	              Index Cond: ((id >= 8637781) AND (id <= 8638780))

table 7 : explain SELECT SUM(k) FROM sbtest7 WHERE id BETWEEN 4688252 AND 4689251
	Aggregate  (cost=3936.01..3936.02 rows=1 width=8)
	  ->  Bitmap Heap Scan on sbtest7  (cost=22.88..3933.46 rows=1019 width=4)
	        Recheck Cond: ((id >= 4688252) AND (id <= 4689251))
	        ->  Bitmap Index Scan on sbtest7_pkey  (cost=0.00..22.62 rows=1019 width=0)
	              Index Cond: ((id >= 4688252) AND (id <= 4689251))

table 8 : explain SELECT SUM(k) FROM sbtest8 WHERE id BETWEEN 3819488 AND 3820487
	Aggregate  (cost=4161.92..4161.93 rows=1 width=8)
	  ->  Bitmap Heap Scan on sbtest8  (cost=27.48..4159.23 rows=1078 width=4)
	        Recheck Cond: ((id >= 3819488) AND (id <= 3820487))
	        ->  Bitmap Index Scan on sbtest8_pkey  (cost=0.00..27.21 rows=1078 width=0)
	              Index Cond: ((id >= 3819488) AND (id <= 3820487))

for: sum_ranges
table 1 : explain SELECT SUM(k) FROM sbtest1 WHERE id BETWEEN 5373716 AND 5374715
	Aggregate  (cost=4006.11..4006.12 rows=1 width=8)
	  ->  Bitmap Heap Scan on sbtest1  (cost=23.07..4003.51 rows=1038 width=4)
	        Recheck Cond: ((id >= 5373716) AND (id <= 5374715))
	        ->  Bitmap Index Scan on sbtest1_pkey  (cost=0.00..22.82 rows=1038 width=0)
	              Index Cond: ((id >= 5373716) AND (id <= 5374715))

table 2 : explain SELECT SUM(k) FROM sbtest2 WHERE id BETWEEN 9936599 AND 9937598
	Aggregate  (cost=3617.62..3617.63 rows=1 width=8)
	  ->  Bitmap Heap Scan on sbtest2  (cost=22.02..3615.28 rows=935 width=4)
	        Recheck Cond: ((id >= 9936599) AND (id <= 9937598))
	        ->  Bitmap Index Scan on sbtest2_pkey  (cost=0.00..21.79 rows=935 width=0)
	              Index Cond: ((id >= 9936599) AND (id <= 9937598))

table 3 : explain SELECT SUM(k) FROM sbtest3 WHERE id BETWEEN 8991367 AND 8992366
	Aggregate  (cost=4333.07..4333.08 rows=1 width=8)
	  ->  Bitmap Heap Scan on sbtest3  (cost=27.97..4330.26 rows=1125 width=4)
	        Recheck Cond: ((id >= 8991367) AND (id <= 8992366))
	        ->  Bitmap Index Scan on sbtest3_pkey  (cost=0.00..27.68 rows=1125 width=0)
	              Index Cond: ((id >= 8991367) AND (id <= 8992366))

table 4 : explain SELECT SUM(k) FROM sbtest4 WHERE id BETWEEN 1092702 AND 1093701
	Aggregate  (cost=3900.49..3900.50 rows=1 width=8)
	  ->  Bitmap Heap Scan on sbtest4  (cost=22.79..3897.97 rows=1010 width=4)
	        Recheck Cond: ((id >= 1092702) AND (id <= 1093701))
	        ->  Bitmap Index Scan on sbtest4_pkey  (cost=0.00..22.54 rows=1010 width=0)
	              Index Cond: ((id >= 1092702) AND (id <= 1093701))

table 5 : explain SELECT SUM(k) FROM sbtest5 WHERE id BETWEEN 6610647 AND 6611646
	Aggregate  (cost=4176.61..4176.62 rows=1 width=8)
	  ->  Bitmap Heap Scan on sbtest5  (cost=23.54..4173.91 rows=1083 width=4)
	        Recheck Cond: ((id >= 6610647) AND (id <= 6611646))
	        ->  Bitmap Index Scan on sbtest5_pkey  (cost=0.00..23.26 rows=1083 width=0)
	              Index Cond: ((id >= 6610647) AND (id <= 6611646))

table 6 : explain SELECT SUM(k) FROM sbtest6 WHERE id BETWEEN 6762138 AND 6763137
	Aggregate  (cost=3863.27..3863.28 rows=1 width=8)
	  ->  Bitmap Heap Scan on sbtest6  (cost=22.68..3860.77 rows=1000 width=4)
	        Recheck Cond: ((id >= 6762138) AND (id <= 6763137))
	        ->  Bitmap Index Scan on sbtest6_pkey  (cost=0.00..22.43 rows=1000 width=0)
	              Index Cond: ((id >= 6762138) AND (id <= 6763137))

table 7 : explain SELECT SUM(k) FROM sbtest7 WHERE id BETWEEN 2248786 AND 2249785
	Aggregate  (cost=4033.91..4033.92 rows=1 width=8)
	  ->  Bitmap Heap Scan on sbtest7  (cost=23.15..4031.30 rows=1045 width=4)
	        Recheck Cond: ((id >= 2248786) AND (id <= 2249785))
	        ->  Bitmap Index Scan on sbtest7_pkey  (cost=0.00..22.89 rows=1045 width=0)
	              Index Cond: ((id >= 2248786) AND (id <= 2249785))

table 8 : explain SELECT SUM(k) FROM sbtest8 WHERE id BETWEEN 1333923 AND 1334922
	Aggregate  (cost=3796.40..3796.41 rows=1 width=8)
	  ->  Bitmap Heap Scan on sbtest8  (cost=22.50..3793.95 rows=982 width=4)
	        Recheck Cond: ((id >= 1333923) AND (id <= 1334922))
	        ->  Bitmap Index Scan on sbtest8_pkey  (cost=0.00..22.25 rows=982 width=0)
	              Index Cond: ((id >= 1333923) AND (id <= 1334922))

for: sum_ranges
table 1 : explain SELECT SUM(k) FROM sbtest1 WHERE id BETWEEN 7819719 AND 7820718
	Aggregate  (cost=3855.49..3855.50 rows=1 width=8)
	  ->  Bitmap Heap Scan on sbtest1  (cost=22.66..3852.99 rows=998 width=4)
	        Recheck Cond: ((id >= 7819719) AND (id <= 7820718))
	        ->  Bitmap Index Scan on sbtest1_pkey  (cost=0.00..22.41 rows=998 width=0)
	              Index Cond: ((id >= 7819719) AND (id <= 7820718))

table 2 : explain SELECT SUM(k) FROM sbtest2 WHERE id BETWEEN 6094521 AND 6095520
	Aggregate  (cost=3757.24..3757.25 rows=1 width=8)
	  ->  Bitmap Heap Scan on sbtest2  (cost=22.40..3754.81 rows=972 width=4)
	        Recheck Cond: ((id >= 6094521) AND (id <= 6095520))
	        ->  Bitmap Index Scan on sbtest2_pkey  (cost=0.00..22.15 rows=972 width=0)
	              Index Cond: ((id >= 6094521) AND (id <= 6095520))

table 3 : explain SELECT SUM(k) FROM sbtest3 WHERE id BETWEEN 8744948 AND 8745947
	Aggregate  (cost=3889.23..3889.24 rows=1 width=8)
	  ->  Bitmap Heap Scan on sbtest3  (cost=22.76..3886.71 rows=1007 width=4)
	        Recheck Cond: ((id >= 8744948) AND (id <= 8745947))
	        ->  Bitmap Index Scan on sbtest3_pkey  (cost=0.00..22.50 rows=1007 width=0)
	              Index Cond: ((id >= 8744948) AND (id <= 8745947))

table 4 : explain SELECT SUM(k) FROM sbtest4 WHERE id BETWEEN 7429499 AND 7430498
	Aggregate  (cost=3519.44..3519.45 rows=1 width=8)
	  ->  Bitmap Heap Scan on sbtest4  (cost=21.75..3517.17 rows=909 width=4)
	        Recheck Cond: ((id >= 7429499) AND (id <= 7430498))
	        ->  Bitmap Index Scan on sbtest4_pkey  (cost=0.00..21.52 rows=909 width=0)
	              Index Cond: ((id >= 7429499) AND (id <= 7430498))

table 5 : explain SELECT SUM(k) FROM sbtest5 WHERE id BETWEEN 3906888 AND 3907887
	Aggregate  (cost=3683.10..3683.11 rows=1 width=8)
	  ->  Bitmap Heap Scan on sbtest5  (cost=22.19..3680.72 rows=952 width=4)
	        Recheck Cond: ((id >= 3906888) AND (id <= 3907887))
	        ->  Bitmap Index Scan on sbtest5_pkey  (cost=0.00..21.95 rows=952 width=0)
	              Index Cond: ((id >= 3906888) AND (id <= 3907887))

table 6 : explain SELECT SUM(k) FROM sbtest6 WHERE id BETWEEN 8786409 AND 8787408
	Aggregate  (cost=3463.11..3463.12 rows=1 width=8)
	  ->  Bitmap Heap Scan on sbtest6  (cost=21.60..3460.87 rows=894 width=4)
	        Recheck Cond: ((id >= 8786409) AND (id <= 8787408))
	        ->  Bitmap Index Scan on sbtest6_pkey  (cost=0.00..21.37 rows=894 width=0)
	              Index Cond: ((id >= 8786409) AND (id <= 8787408))

table 7 : explain SELECT SUM(k) FROM sbtest7 WHERE id BETWEEN 690121 AND 691120
	Aggregate  (cost=3581.30..3581.31 rows=1 width=8)
	  ->  Bitmap Heap Scan on sbtest7  (cost=21.92..3578.99 rows=925 width=4)
	        Recheck Cond: ((id >= 690121) AND (id <= 691120))
	        ->  Bitmap Index Scan on sbtest7_pkey  (cost=0.00..21.68 rows=925 width=0)
	              Index Cond: ((id >= 690121) AND (id <= 691120))

table 8 : explain SELECT SUM(k) FROM sbtest8 WHERE id BETWEEN 7136062 AND 7137061
	Aggregate  (cost=4056.36..4056.37 rows=1 width=8)
	  ->  Bitmap Heap Scan on sbtest8  (cost=23.21..4053.74 rows=1051 width=4)
	        Recheck Cond: ((id >= 7136062) AND (id <= 7137061))
	        ->  Bitmap Index Scan on sbtest8_pkey  (cost=0.00..22.94 rows=1051 width=0)
	              Index Cond: ((id >= 7136062) AND (id <= 7137061))

for: simple_ranges
table 1 : explain SELECT c FROM sbtest1 WHERE id BETWEEN 9713106 AND 9714105
	Bitmap Heap Scan on sbtest1  (cost=21.98..3600.41 rows=931 width=121)
	  Recheck Cond: ((id >= 9713106) AND (id <= 9714105))
	  ->  Bitmap Index Scan on sbtest1_pkey  (cost=0.00..21.75 rows=931 width=0)
	        Index Cond: ((id >= 9713106) AND (id <= 9714105))

table 2 : explain SELECT c FROM sbtest2 WHERE id BETWEEN 6975619 AND 6976618
	Bitmap Heap Scan on sbtest2  (cost=22.65..3848.98 rows=997 width=121)
	  Recheck Cond: ((id >= 6975619) AND (id <= 6976618))
	  ->  Bitmap Index Scan on sbtest2_pkey  (cost=0.00..22.40 rows=997 width=0)
	        Index Cond: ((id >= 6975619) AND (id <= 6976618))

table 3 : explain SELECT c FROM sbtest3 WHERE id BETWEEN 5501013 AND 5502012
	Bitmap Heap Scan on sbtest3  (cost=22.59..3826.47 rows=991 width=121)
	  Recheck Cond: ((id >= 5501013) AND (id <= 5502012))
	  ->  Bitmap Index Scan on sbtest3_pkey  (cost=0.00..22.34 rows=991 width=0)
	        Index Cond: ((id >= 5501013) AND (id <= 5502012))

table 4 : explain SELECT c FROM sbtest4 WHERE id BETWEEN 3478358 AND 3479357
	Bitmap Heap Scan on sbtest4  (cost=21.30..3350.84 rows=865 width=121)
	  Recheck Cond: ((id >= 3478358) AND (id <= 3479357))
	  ->  Bitmap Index Scan on sbtest4_pkey  (cost=0.00..21.08 rows=865 width=0)
	        Index Cond: ((id >= 3478358) AND (id <= 3479357))

table 5 : explain SELECT c FROM sbtest5 WHERE id BETWEEN 672962 AND 673961
	Bitmap Heap Scan on sbtest5  (cost=22.77..3891.82 rows=1008 width=121)
	  Recheck Cond: ((id >= 672962) AND (id <= 673961))
	  ->  Bitmap Index Scan on sbtest5_pkey  (cost=0.00..22.51 rows=1008 width=0)
	        Index Cond: ((id >= 672962) AND (id <= 673961))

table 6 : explain SELECT c FROM sbtest6 WHERE id BETWEEN 9152888 AND 9153887
	Bitmap Heap Scan on sbtest6  (cost=28.64..4577.99 rows=1191 width=121)
	  Recheck Cond: ((id >= 9152888) AND (id <= 9153887))
	  ->  Bitmap Index Scan on sbtest6_pkey  (cost=0.00..28.34 rows=1191 width=0)
	        Index Cond: ((id >= 9152888) AND (id <= 9153887))

table 7 : explain SELECT c FROM sbtest7 WHERE id BETWEEN 7291752 AND 7292751
	Bitmap Heap Scan on sbtest7  (cost=21.67..3488.29 rows=901 width=121)
	  Recheck Cond: ((id >= 7291752) AND (id <= 7292751))
	  ->  Bitmap Index Scan on sbtest7_pkey  (cost=0.00..21.44 rows=901 width=0)
	        Index Cond: ((id >= 7291752) AND (id <= 7292751))

table 8 : explain SELECT c FROM sbtest8 WHERE id BETWEEN 5691703 AND 5692702
	Bitmap Heap Scan on sbtest8  (cost=22.52..3801.49 rows=984 width=121)
	  Recheck Cond: ((id >= 5691703) AND (id <= 5692702))
	  ->  Bitmap Index Scan on sbtest8_pkey  (cost=0.00..22.27 rows=984 width=0)
	        Index Cond: ((id >= 5691703) AND (id <= 5692702))

for: order_ranges
table 1 : explain SELECT c FROM sbtest1 WHERE id BETWEEN 305649 AND 306648 ORDER BY c
	Sort  (cost=3810.93..3813.37 rows=974 width=121)
	  Sort Key: c
	  ->  Bitmap Heap Scan on sbtest1  (cost=22.42..3762.58 rows=974 width=121)
	        Recheck Cond: ((id >= 305649) AND (id <= 306648))
	        ->  Bitmap Index Scan on sbtest1_pkey  (cost=0.00..22.18 rows=974 width=0)
	              Index Cond: ((id >= 305649) AND (id <= 306648))

table 2 : explain SELECT c FROM sbtest2 WHERE id BETWEEN 5733381 AND 5734380 ORDER BY c
	Sort  (cost=3906.29..3908.78 rows=999 width=121)
	  Sort Key: c
	  ->  Bitmap Heap Scan on sbtest2  (cost=22.67..3856.51 rows=999 width=121)
	        Recheck Cond: ((id >= 5733381) AND (id <= 5734380))
	        ->  Bitmap Index Scan on sbtest2_pkey  (cost=0.00..22.43 rows=999 width=0)
	              Index Cond: ((id >= 5733381) AND (id <= 5734380))

table 3 : explain SELECT c FROM sbtest3 WHERE id BETWEEN 4507028 AND 4508027 ORDER BY c
	Sort  (cost=3940.76..3943.28 rows=1008 width=121)
	  Sort Key: c
	  ->  Bitmap Heap Scan on sbtest3  (cost=22.77..3890.47 rows=1008 width=121)
	        Recheck Cond: ((id >= 4507028) AND (id <= 4508027))
	        ->  Bitmap Index Scan on sbtest3_pkey  (cost=0.00..22.51 rows=1008 width=0)
	              Index Cond: ((id >= 4507028) AND (id <= 4508027))

table 4 : explain SELECT c FROM sbtest4 WHERE id BETWEEN 908706 AND 909705 ORDER BY c
	Sort  (cost=3764.83..3767.23 rows=962 width=121)
	  Sort Key: c
	  ->  Bitmap Heap Scan on sbtest4  (cost=22.30..3717.16 rows=962 width=121)
	        Recheck Cond: ((id >= 908706) AND (id <= 909705))
	        ->  Bitmap Index Scan on sbtest4_pkey  (cost=0.00..22.05 rows=962 width=0)
	              Index Cond: ((id >= 908706) AND (id <= 909705))

table 5 : explain SELECT c FROM sbtest5 WHERE id BETWEEN 2235773 AND 2236772 ORDER BY c
	Sort  (cost=3892.39..3894.88 rows=995 width=121)
	  Sort Key: c
	  ->  Bitmap Heap Scan on sbtest5  (cost=22.63..3842.85 rows=995 width=121)
	        Recheck Cond: ((id >= 2235773) AND (id <= 2236772))
	        ->  Bitmap Index Scan on sbtest5_pkey  (cost=0.00..22.39 rows=995 width=0)
	              Index Cond: ((id >= 2235773) AND (id <= 2236772))

table 6 : explain SELECT c FROM sbtest6 WHERE id BETWEEN 2628491 AND 2629490 ORDER BY c
	Sort  (cost=3922.07..3924.57 rows=1003 width=121)
	  Sort Key: c
	  ->  Bitmap Heap Scan on sbtest6  (cost=22.72..3872.07 rows=1003 width=121)
	        Recheck Cond: ((id >= 2628491) AND (id <= 2629490))
	        ->  Bitmap Index Scan on sbtest6_pkey  (cost=0.00..22.46 rows=1003 width=0)
	              Index Cond: ((id >= 2628491) AND (id <= 2629490))

table 7 : explain SELECT c FROM sbtest7 WHERE id BETWEEN 5661849 AND 5662848 ORDER BY c
	Sort  (cost=4133.34..4135.99 rows=1058 width=121)
	  Sort Key: c
	  ->  Bitmap Heap Scan on sbtest7  (cost=23.28..4080.19 rows=1058 width=121)
	        Recheck Cond: ((id >= 5661849) AND (id <= 5662848))
	        ->  Bitmap Index Scan on sbtest7_pkey  (cost=0.00..23.01 rows=1058 width=0)
	              Index Cond: ((id >= 5661849) AND (id <= 5662848))

table 8 : explain SELECT c FROM sbtest8 WHERE id BETWEEN 6021602 AND 6022601 ORDER BY c
	Sort  (cost=4159.92..4162.59 rows=1065 width=121)
	  Sort Key: c
	  ->  Bitmap Heap Scan on sbtest8  (cost=23.35..4106.37 rows=1065 width=121)
	        Recheck Cond: ((id >= 6021602) AND (id <= 6022601))
	        ->  Bitmap Index Scan on sbtest8_pkey  (cost=0.00..23.08 rows=1065 width=0)
	              Index Cond: ((id >= 6021602) AND (id <= 6022601))

for: order_ranges
table 1 : explain SELECT c FROM sbtest1 WHERE id BETWEEN 8168118 AND 8169117 ORDER BY c
	Sort  (cost=3596.51..3598.80 rows=918 width=121)
	  Sort Key: c
	  ->  Bitmap Heap Scan on sbtest1  (cost=21.84..3551.33 rows=918 width=121)
	        Recheck Cond: ((id >= 8168118) AND (id <= 8169117))
	        ->  Bitmap Index Scan on sbtest1_pkey  (cost=0.00..21.61 rows=918 width=0)
	              Index Cond: ((id >= 8168118) AND (id <= 8169117))

table 2 : explain SELECT c FROM sbtest2 WHERE id BETWEEN 2685811 AND 2686810 ORDER BY c
	Sort  (cost=4089.60..4092.22 rows=1047 width=121)
	  Sort Key: c
	  ->  Bitmap Heap Scan on sbtest2  (cost=23.17..4037.09 rows=1047 width=121)
	        Recheck Cond: ((id >= 2685811) AND (id <= 2686810))
	        ->  Bitmap Index Scan on sbtest2_pkey  (cost=0.00..22.90 rows=1047 width=0)
	              Index Cond: ((id >= 2685811) AND (id <= 2686810))

table 3 : explain SELECT c FROM sbtest3 WHERE id BETWEEN 8688615 AND 8689614 ORDER BY c
	Sort  (cost=3887.25..3889.74 rows=994 width=121)
	  Sort Key: c
	  ->  Bitmap Heap Scan on sbtest3  (cost=22.62..3837.76 rows=994 width=121)
	        Recheck Cond: ((id >= 8688615) AND (id <= 8689614))
	        ->  Bitmap Index Scan on sbtest3_pkey  (cost=0.00..22.37 rows=994 width=0)
	              Index Cond: ((id >= 8688615) AND (id <= 8689614))

table 4 : explain SELECT c FROM sbtest4 WHERE id BETWEEN 4970080 AND 4971079 ORDER BY c
	Sort  (cost=3603.99..3606.29 rows=920 width=121)
	  Sort Key: c
	  ->  Bitmap Heap Scan on sbtest4  (cost=21.87..3558.71 rows=920 width=121)
	        Recheck Cond: ((id >= 4970080) AND (id <= 4971079))
	        ->  Bitmap Index Scan on sbtest4_pkey  (cost=0.00..21.64 rows=920 width=0)
	              Index Cond: ((id >= 4970080) AND (id <= 4971079))

table 5 : explain SELECT c FROM sbtest5 WHERE id BETWEEN 2045959 AND 2046958 ORDER BY c
	Sort  (cost=3708.67..3711.04 rows=947 width=121)
	  Sort Key: c
	  ->  Bitmap Heap Scan on sbtest5  (cost=22.14..3661.85 rows=947 width=121)
	        Recheck Cond: ((id >= 2045959) AND (id <= 2046958))
	        ->  Bitmap Index Scan on sbtest5_pkey  (cost=0.00..21.90 rows=947 width=0)
	              Index Cond: ((id >= 2045959) AND (id <= 2046958))

table 6 : explain SELECT c FROM sbtest6 WHERE id BETWEEN 8866455 AND 8867454 ORDER BY c
	Sort  (cost=3918.24..3920.75 rows=1002 width=121)
	  Sort Key: c
	  ->  Bitmap Heap Scan on sbtest6  (cost=22.71..3868.30 rows=1002 width=121)
	        Recheck Cond: ((id >= 8866455) AND (id <= 8867454))
	        ->  Bitmap Index Scan on sbtest6_pkey  (cost=0.00..22.45 rows=1002 width=0)
	              Index Cond: ((id >= 8866455) AND (id <= 8867454))

table 7 : explain SELECT c FROM sbtest7 WHERE id BETWEEN 3710898 AND 3711897 ORDER BY c
	Sort  (cost=3647.56..3649.88 rows=931 width=121)
	  Sort Key: c
	  ->  Bitmap Heap Scan on sbtest7  (cost=21.98..3601.65 rows=931 width=121)
	        Recheck Cond: ((id >= 3710898) AND (id <= 3711897))
	        ->  Bitmap Index Scan on sbtest7_pkey  (cost=0.00..21.75 rows=931 width=0)
	              Index Cond: ((id >= 3710898) AND (id <= 3711897))

table 8 : explain SELECT c FROM sbtest8 WHERE id BETWEEN 9423995 AND 9424994 ORDER BY c
	Sort  (cost=3919.26..3921.76 rows=1002 width=121)
	  Sort Key: c
	  ->  Bitmap Heap Scan on sbtest8  (cost=22.71..3869.31 rows=1002 width=121)
	        Recheck Cond: ((id >= 9423995) AND (id <= 9424994))
	        ->  Bitmap Index Scan on sbtest8_pkey  (cost=0.00..22.45 rows=1002 width=0)
	              Index Cond: ((id >= 9423995) AND (id <= 9424994))

for: order_ranges
table 1 : explain SELECT c FROM sbtest1 WHERE id BETWEEN 8277253 AND 8278252 ORDER BY c
	Sort  (cost=3925.64..3928.15 rows=1004 width=121)
	  Sort Key: c
	  ->  Bitmap Heap Scan on sbtest1  (cost=22.73..3875.59 rows=1004 width=121)
	        Recheck Cond: ((id >= 8277253) AND (id <= 8278252))
	        ->  Bitmap Index Scan on sbtest1_pkey  (cost=0.00..22.47 rows=1004 width=0)
	              Index Cond: ((id >= 8277253) AND (id <= 8278252))

table 2 : explain SELECT c FROM sbtest2 WHERE id BETWEEN 5565980 AND 5566979 ORDER BY c
	Sort  (cost=3669.08..3671.42 rows=937 width=121)
	  Sort Key: c
	  ->  Bitmap Heap Scan on sbtest2  (cost=22.04..3622.83 rows=937 width=121)
	        Recheck Cond: ((id >= 5565980) AND (id <= 5566979))
	        ->  Bitmap Index Scan on sbtest2_pkey  (cost=0.00..21.80 rows=937 width=0)
	              Index Cond: ((id >= 5565980) AND (id <= 5566979))

table 3 : explain SELECT c FROM sbtest3 WHERE id BETWEEN 2565650 AND 2566649 ORDER BY c
	Sort  (cost=4432.95..4435.79 rows=1137 width=121)
	  Sort Key: c
	  ->  Bitmap Heap Scan on sbtest3  (cost=28.09..4375.24 rows=1137 width=121)
	        Recheck Cond: ((id >= 2565650) AND (id <= 2566649))
	        ->  Bitmap Index Scan on sbtest3_pkey  (cost=0.00..27.80 rows=1137 width=0)
	              Index Cond: ((id >= 2565650) AND (id <= 2566649))

table 4 : explain SELECT c FROM sbtest4 WHERE id BETWEEN 5336321 AND 5337320 ORDER BY c
	Sort  (cost=3822.21..3824.66 rows=977 width=121)
	  Sort Key: c
	  ->  Bitmap Heap Scan on sbtest4  (cost=22.45..3773.70 rows=977 width=121)
	        Recheck Cond: ((id >= 5336321) AND (id <= 5337320))
	        ->  Bitmap Index Scan on sbtest4_pkey  (cost=0.00..22.20 rows=977 width=0)
	              Index Cond: ((id >= 5336321) AND (id <= 5337320))

table 5 : explain SELECT c FROM sbtest5 WHERE id BETWEEN 6621937 AND 6622936 ORDER BY c
	Sort  (cost=4228.49..4231.20 rows=1083 width=121)
	  Sort Key: c
	  ->  Bitmap Heap Scan on sbtest5  (cost=23.54..4173.91 rows=1083 width=121)
	        Recheck Cond: ((id >= 6621937) AND (id <= 6622936))
	        ->  Bitmap Index Scan on sbtest5_pkey  (cost=0.00..23.26 rows=1083 width=0)
	              Index Cond: ((id >= 6621937) AND (id <= 6622936))

table 6 : explain SELECT c FROM sbtest6 WHERE id BETWEEN 4276779 AND 4277778 ORDER BY c
	Sort  (cost=3948.82..3951.34 rows=1010 width=121)
	  Sort Key: c
	  ->  Bitmap Heap Scan on sbtest6  (cost=22.79..3898.42 rows=1010 width=121)
	        Recheck Cond: ((id >= 4276779) AND (id <= 4277778))
	        ->  Bitmap Index Scan on sbtest6_pkey  (cost=0.00..22.54 rows=1010 width=0)
	              Index Cond: ((id >= 4276779) AND (id <= 4277778))

table 7 : explain SELECT c FROM sbtest7 WHERE id BETWEEN 820550 AND 821549 ORDER BY c
	Sort  (cost=4160.06..4162.72 rows=1065 width=121)
	  Sort Key: c
	  ->  Bitmap Heap Scan on sbtest7  (cost=23.35..4106.51 rows=1065 width=121)
	        Recheck Cond: ((id >= 820550) AND (id <= 821549))
	        ->  Bitmap Index Scan on sbtest7_pkey  (cost=0.00..23.08 rows=1065 width=0)
	              Index Cond: ((id >= 820550) AND (id <= 821549))

table 8 : explain SELECT c FROM sbtest8 WHERE id BETWEEN 7422454 AND 7423453 ORDER BY c
	Sort  (cost=4014.82..4017.38 rows=1027 width=121)
	  Sort Key: c
	  ->  Bitmap Heap Scan on sbtest8  (cost=22.96..3963.44 rows=1027 width=121)
	        Recheck Cond: ((id >= 7422454) AND (id <= 7423453))
	        ->  Bitmap Index Scan on sbtest8_pkey  (cost=0.00..22.70 rows=1027 width=0)
	              Index Cond: ((id >= 7422454) AND (id <= 7423453))

for: sum_ranges
table 1 : explain SELECT SUM(k) FROM sbtest1 WHERE id BETWEEN 8684498 AND 8685497
	Aggregate  (cost=3896.93..3896.94 rows=1 width=8)
	  ->  Bitmap Heap Scan on sbtest1  (cost=22.78..3894.41 rows=1009 width=4)
	        Recheck Cond: ((id >= 8684498) AND (id <= 8685497))
	        ->  Bitmap Index Scan on sbtest1_pkey  (cost=0.00..22.52 rows=1009 width=0)
	              Index Cond: ((id >= 8684498) AND (id <= 8685497))

table 2 : explain SELECT SUM(k) FROM sbtest2 WHERE id BETWEEN 182685 AND 183684
	Aggregate  (cost=3945.63..3945.64 rows=1 width=8)
	  ->  Bitmap Heap Scan on sbtest2  (cost=22.91..3943.07 rows=1022 width=4)
	        Recheck Cond: ((id >= 182685) AND (id <= 183684))
	        ->  Bitmap Index Scan on sbtest2_pkey  (cost=0.00..22.65 rows=1022 width=0)
	              Index Cond: ((id >= 182685) AND (id <= 183684))

table 3 : explain SELECT SUM(k) FROM sbtest3 WHERE id BETWEEN 6310176 AND 6311175
	Aggregate  (cost=3930.65..3930.66 rows=1 width=8)
	  ->  Bitmap Heap Scan on sbtest3  (cost=22.87..3928.11 rows=1018 width=4)
	        Recheck Cond: ((id >= 6310176) AND (id <= 6311175))
	        ->  Bitmap Index Scan on sbtest3_pkey  (cost=0.00..22.61 rows=1018 width=0)
	              Index Cond: ((id >= 6310176) AND (id <= 6311175))

table 4 : explain SELECT SUM(k) FROM sbtest4 WHERE id BETWEEN 2758607 AND 2759606
	Aggregate  (cost=4077.36..4077.37 rows=1 width=8)
	  ->  Bitmap Heap Scan on sbtest4  (cost=23.27..4074.72 rows=1057 width=4)
	        Recheck Cond: ((id >= 2758607) AND (id <= 2759606))
	        ->  Bitmap Index Scan on sbtest4_pkey  (cost=0.00..23.00 rows=1057 width=0)
	              Index Cond: ((id >= 2758607) AND (id <= 2759606))

table 5 : explain SELECT SUM(k) FROM sbtest5 WHERE id BETWEEN 1265857 AND 1266856
	Aggregate  (cost=3641.56..3641.57 rows=1 width=8)
	  ->  Bitmap Heap Scan on sbtest5  (cost=22.08..3639.21 rows=941 width=4)
	        Recheck Cond: ((id >= 1265857) AND (id <= 1266856))
	        ->  Bitmap Index Scan on sbtest5_pkey  (cost=0.00..21.84 rows=941 width=0)
	              Index Cond: ((id >= 1265857) AND (id <= 1266856))

table 6 : explain SELECT SUM(k) FROM sbtest6 WHERE id BETWEEN 8803349 AND 8804348
	Aggregate  (cost=3463.11..3463.12 rows=1 width=8)
	  ->  Bitmap Heap Scan on sbtest6  (cost=21.60..3460.87 rows=894 width=4)
	        Recheck Cond: ((id >= 8803349) AND (id <= 8804348))
	        ->  Bitmap Index Scan on sbtest6_pkey  (cost=0.00..21.37 rows=894 width=0)
	              Index Cond: ((id >= 8803349) AND (id <= 8804348))

table 7 : explain SELECT SUM(k) FROM sbtest7 WHERE id BETWEEN 4086925 AND 4087924
	Aggregate  (cost=3947.31..3947.32 rows=1 width=8)
	  ->  Bitmap Heap Scan on sbtest7  (cost=22.91..3944.75 rows=1022 width=4)
	        Recheck Cond: ((id >= 4086925) AND (id <= 4087924))
	        ->  Bitmap Index Scan on sbtest7_pkey  (cost=0.00..22.65 rows=1022 width=0)
	              Index Cond: ((id >= 4086925) AND (id <= 4087924))

table 8 : explain SELECT SUM(k) FROM sbtest8 WHERE id BETWEEN 5226945 AND 5227944
	Aggregate  (cost=3773.77..3773.78 rows=1 width=8)
	  ->  Bitmap Heap Scan on sbtest8  (cost=22.44..3771.33 rows=976 width=4)
	        Recheck Cond: ((id >= 5226945) AND (id <= 5227944))
	        ->  Bitmap Index Scan on sbtest8_pkey  (cost=0.00..22.19 rows=976 width=0)
	              Index Cond: ((id >= 5226945) AND (id <= 5227944))

for: order_ranges
table 1 : explain SELECT c FROM sbtest1 WHERE id BETWEEN 666013 AND 667012 ORDER BY c
	Sort  (cost=4086.05..4088.67 rows=1046 width=121)
	  Sort Key: c
	  ->  Bitmap Heap Scan on sbtest1  (cost=23.16..4033.59 rows=1046 width=121)
	        Recheck Cond: ((id >= 666013) AND (id <= 667012))
	        ->  Bitmap Index Scan on sbtest1_pkey  (cost=0.00..22.89 rows=1046 width=0)
	              Index Cond: ((id >= 666013) AND (id <= 667012))

table 2 : explain SELECT c FROM sbtest2 WHERE id BETWEEN 4686394 AND 4687393 ORDER BY c
	Sort  (cost=4177.34..4180.02 rows=1070 width=121)
	  Sort Key: c
	  ->  Bitmap Heap Scan on sbtest2  (cost=23.40..4123.50 rows=1070 width=121)
	        Recheck Cond: ((id >= 4686394) AND (id <= 4687393))
	        ->  Bitmap Index Scan on sbtest2_pkey  (cost=0.00..23.14 rows=1070 width=0)
	              Index Cond: ((id >= 4686394) AND (id <= 4687393))

table 3 : explain SELECT c FROM sbtest3 WHERE id BETWEEN 3167678 AND 3168677 ORDER BY c
	Sort  (cost=4047.70..4050.29 rows=1036 width=121)
	  Sort Key: c
	  ->  Bitmap Heap Scan on sbtest3  (cost=23.05..3995.81 rows=1036 width=121)
	        Recheck Cond: ((id >= 3167678) AND (id <= 3168677))
	        ->  Bitmap Index Scan on sbtest3_pkey  (cost=0.00..22.79 rows=1036 width=0)
	              Index Cond: ((id >= 3167678) AND (id <= 3168677))

table 4 : explain SELECT c FROM sbtest4 WHERE id BETWEEN 5214806 AND 5215805 ORDER BY c
	Sort  (cost=3875.75..3878.23 rows=991 width=121)
	  Sort Key: c
	  ->  Bitmap Heap Scan on sbtest4  (cost=22.59..3826.43 rows=991 width=121)
	        Recheck Cond: ((id >= 5214806) AND (id <= 5215805))
	        ->  Bitmap Index Scan on sbtest4_pkey  (cost=0.00..22.34 rows=991 width=0)
	              Index Cond: ((id >= 5214806) AND (id <= 5215805))

table 5 : explain SELECT c FROM sbtest5 WHERE id BETWEEN 9723679 AND 9724678 ORDER BY c
	Sort  (cost=3900.04..3902.53 rows=997 width=121)
	  Sort Key: c
	  ->  Bitmap Heap Scan on sbtest5  (cost=22.65..3850.38 rows=997 width=121)
	        Recheck Cond: ((id >= 9723679) AND (id <= 9724678))
	        ->  Bitmap Index Scan on sbtest5_pkey  (cost=0.00..22.40 rows=997 width=0)
	              Index Cond: ((id >= 9723679) AND (id <= 9724678))

table 6 : explain SELECT c FROM sbtest6 WHERE id BETWEEN 5225844 AND 5226843 ORDER BY c
	Sort  (cost=3937.35..3939.87 rows=1007 width=121)
	  Sort Key: c
	  ->  Bitmap Heap Scan on sbtest6  (cost=22.76..3887.13 rows=1007 width=121)
	        Recheck Cond: ((id >= 5225844) AND (id <= 5226843))
	        ->  Bitmap Index Scan on sbtest6_pkey  (cost=0.00..22.50 rows=1007 width=0)
	              Index Cond: ((id >= 5225844) AND (id <= 5226843))

table 7 : explain SELECT c FROM sbtest7 WHERE id BETWEEN 4823887 AND 4824886 ORDER BY c
	Sort  (cost=3601.55..3603.85 rows=919 width=121)
	  Sort Key: c
	  ->  Bitmap Heap Scan on sbtest7  (cost=21.85..3556.32 rows=919 width=121)
	        Recheck Cond: ((id >= 4823887) AND (id <= 4824886))
	        ->  Bitmap Index Scan on sbtest7_pkey  (cost=0.00..21.62 rows=919 width=0)
	              Index Cond: ((id >= 4823887) AND (id <= 4824886))

table 8 : explain SELECT c FROM sbtest8 WHERE id BETWEEN 946549 AND 947548 ORDER BY c
	Sort  (cost=3658.94..3661.28 rows=934 width=121)
	  Sort Key: c
	  ->  Bitmap Heap Scan on sbtest8  (cost=22.01..3612.86 rows=934 width=121)
	        Recheck Cond: ((id >= 946549) AND (id <= 947548))
	        ->  Bitmap Index Scan on sbtest8_pkey  (cost=0.00..21.77 rows=934 width=0)
	              Index Cond: ((id >= 946549) AND (id <= 947548))

explain: for point_selects :: explain SELECT c FROM sbtest%u WHERE id=%u
for point_selects
table 1 : explain SELECT c FROM sbtest1 WHERE id=7413776
	Index Scan using sbtest1_pkey on sbtest1  (cost=0.43..8.45 rows=1 width=121)
	  Index Cond: (id = 7413776)

table 2 : explain SELECT c FROM sbtest2 WHERE id=4558418
	Index Scan using sbtest2_pkey on sbtest2  (cost=0.43..8.45 rows=1 width=121)
	  Index Cond: (id = 4558418)

table 3 : explain SELECT c FROM sbtest3 WHERE id=5465248
	Index Scan using sbtest3_pkey on sbtest3  (cost=0.43..8.45 rows=1 width=121)
	  Index Cond: (id = 5465248)

table 4 : explain SELECT c FROM sbtest4 WHERE id=3062829
	Index Scan using sbtest4_pkey on sbtest4  (cost=0.43..8.45 rows=1 width=121)
	  Index Cond: (id = 3062829)

table 5 : explain SELECT c FROM sbtest5 WHERE id=5106924
	Index Scan using sbtest5_pkey on sbtest5  (cost=0.43..8.45 rows=1 width=121)
	  Index Cond: (id = 5106924)

table 6 : explain SELECT c FROM sbtest6 WHERE id=5650625
	Index Scan using sbtest6_pkey on sbtest6  (cost=0.43..8.45 rows=1 width=121)
	  Index Cond: (id = 5650625)

table 7 : explain SELECT c FROM sbtest7 WHERE id=4588646
	Index Scan using sbtest7_pkey on sbtest7  (cost=0.43..8.45 rows=1 width=121)
	  Index Cond: (id = 4588646)

table 8 : explain SELECT c FROM sbtest8 WHERE id=5134479
	Index Scan using sbtest8_pkey on sbtest8  (cost=0.43..8.45 rows=1 width=121)
	  Index Cond: (id = 5134479)

for: sum_ranges
table 1 : explain SELECT SUM(k) FROM sbtest1 WHERE id BETWEEN 2659194 AND 2660193
	Aggregate  (cost=4039.97..4039.98 rows=1 width=8)
	  ->  Bitmap Heap Scan on sbtest1  (cost=23.17..4037.35 rows=1047 width=4)
	        Recheck Cond: ((id >= 2659194) AND (id <= 2660193))
	        ->  Bitmap Index Scan on sbtest1_pkey  (cost=0.00..22.90 rows=1047 width=0)
	              Index Cond: ((id >= 2659194) AND (id <= 2660193))

table 2 : explain SELECT SUM(k) FROM sbtest2 WHERE id BETWEEN 5064001 AND 5065000
	Aggregate  (cost=3885.38..3885.39 rows=1 width=8)
	  ->  Bitmap Heap Scan on sbtest2  (cost=22.75..3882.87 rows=1006 width=4)
	        Recheck Cond: ((id >= 5064001) AND (id <= 5065000))
	        ->  Bitmap Index Scan on sbtest2_pkey  (cost=0.00..22.50 rows=1006 width=0)
	              Index Cond: ((id >= 5064001) AND (id <= 5065000))

table 3 : explain SELECT SUM(k) FROM sbtest3 WHERE id BETWEEN 2631177 AND 2632176
	Aggregate  (cost=3892.99..3893.00 rows=1 width=8)
	  ->  Bitmap Heap Scan on sbtest3  (cost=22.77..3890.47 rows=1008 width=4)
	        Recheck Cond: ((id >= 2631177) AND (id <= 2632176))
	        ->  Bitmap Index Scan on sbtest3_pkey  (cost=0.00..22.51 rows=1008 width=0)
	              Index Cond: ((id >= 2631177) AND (id <= 2632176))

table 4 : explain SELECT SUM(k) FROM sbtest4 WHERE id BETWEEN 7400433 AND 7401432
	Aggregate  (cost=3519.44..3519.45 rows=1 width=8)
	  ->  Bitmap Heap Scan on sbtest4  (cost=21.75..3517.17 rows=909 width=4)
	        Recheck Cond: ((id >= 7400433) AND (id <= 7401432))
	        ->  Bitmap Index Scan on sbtest4_pkey  (cost=0.00..21.52 rows=909 width=0)
	              Index Cond: ((id >= 7400433) AND (id <= 7401432))

table 5 : explain SELECT SUM(k) FROM sbtest5 WHERE id BETWEEN 9629444 AND 9630443
	Aggregate  (cost=3588.66..3588.67 rows=1 width=8)
	  ->  Bitmap Heap Scan on sbtest5  (cost=21.94..3586.35 rows=927 width=4)
	        Recheck Cond: ((id >= 9629444) AND (id <= 9630443))
	        ->  Bitmap Index Scan on sbtest5_pkey  (cost=0.00..21.70 rows=927 width=0)
	              Index Cond: ((id >= 9629444) AND (id <= 9630443))

table 6 : explain SELECT SUM(k) FROM sbtest6 WHERE id BETWEEN 4784653 AND 4785652
	Aggregate  (cost=3568.96..3568.97 rows=1 width=8)
	  ->  Bitmap Heap Scan on sbtest6  (cost=21.89..3566.65 rows=922 width=4)
	        Recheck Cond: ((id >= 4784653) AND (id <= 4785652))
	        ->  Bitmap Index Scan on sbtest6_pkey  (cost=0.00..21.65 rows=922 width=0)
	              Index Cond: ((id >= 4784653) AND (id <= 4785652))

table 7 : explain SELECT SUM(k) FROM sbtest7 WHERE id BETWEEN 5766427 AND 5767426
	Aggregate  (cost=4056.50..4056.51 rows=1 width=8)
	  ->  Bitmap Heap Scan on sbtest7  (cost=23.21..4053.87 rows=1051 width=4)
	        Recheck Cond: ((id >= 5766427) AND (id <= 5767426))
	        ->  Bitmap Index Scan on sbtest7_pkey  (cost=0.00..22.94 rows=1051 width=0)
	              Index Cond: ((id >= 5766427) AND (id <= 5767426))

table 8 : explain SELECT SUM(k) FROM sbtest8 WHERE id BETWEEN 2927798 AND 2928797
	Aggregate  (cost=3950.95..3950.96 rows=1 width=8)
	  ->  Bitmap Heap Scan on sbtest8  (cost=22.92..3948.39 rows=1023 width=4)
	        Recheck Cond: ((id >= 2927798) AND (id <= 2928797))
	        ->  Bitmap Index Scan on sbtest8_pkey  (cost=0.00..22.66 rows=1023 width=0)
	              Index Cond: ((id >= 2927798) AND (id <= 2928797))

for: sum_ranges
table 1 : explain SELECT SUM(k) FROM sbtest1 WHERE id BETWEEN 7502786 AND 7503785
	Aggregate  (cost=4070.06..4070.07 rows=1 width=8)
	  ->  Bitmap Heap Scan on sbtest1  (cost=23.25..4067.42 rows=1055 width=4)
	        Recheck Cond: ((id >= 7502786) AND (id <= 7503785))
	        ->  Bitmap Index Scan on sbtest1_pkey  (cost=0.00..22.98 rows=1055 width=0)
	              Index Cond: ((id >= 7502786) AND (id <= 7503785))

table 2 : explain SELECT SUM(k) FROM sbtest2 WHERE id BETWEEN 3490775 AND 3491774
	Aggregate  (cost=4201.32..4201.33 rows=1 width=8)
	  ->  Bitmap Heap Scan on sbtest2  (cost=23.61..4198.60 rows=1090 width=4)
	        Recheck Cond: ((id >= 3490775) AND (id <= 3491774))
	        ->  Bitmap Index Scan on sbtest2_pkey  (cost=0.00..23.33 rows=1090 width=0)
	              Index Cond: ((id >= 3490775) AND (id <= 3491774))

table 3 : explain SELECT SUM(k) FROM sbtest3 WHERE id BETWEEN 7622680 AND 7623679
	Aggregate  (cost=3606.36..3606.37 rows=1 width=8)
	  ->  Bitmap Heap Scan on sbtest3  (cost=21.99..3604.03 rows=932 width=4)
	        Recheck Cond: ((id >= 7622680) AND (id <= 7623679))
	        ->  Bitmap Index Scan on sbtest3_pkey  (cost=0.00..21.75 rows=932 width=0)
	              Index Cond: ((id >= 7622680) AND (id <= 7623679))

table 4 : explain SELECT SUM(k) FROM sbtest4 WHERE id BETWEEN 7932205 AND 7933204
	Aggregate  (cost=3477.85..3477.86 rows=1 width=8)
	  ->  Bitmap Heap Scan on sbtest4  (cost=21.64..3475.61 rows=898 width=4)
	        Recheck Cond: ((id >= 7932205) AND (id <= 7933204))
	        ->  Bitmap Index Scan on sbtest4_pkey  (cost=0.00..21.41 rows=898 width=0)
	              Index Cond: ((id >= 7932205) AND (id <= 7933204))

table 5 : explain SELECT SUM(k) FROM sbtest5 WHERE id BETWEEN 1168109 AND 1169108
	Aggregate  (cost=3701.98..3701.99 rows=1 width=8)
	  ->  Bitmap Heap Scan on sbtest5  (cost=22.24..3699.58 rows=957 width=4)
	        Recheck Cond: ((id >= 1168109) AND (id <= 1169108))
	        ->  Bitmap Index Scan on sbtest5_pkey  (cost=0.00..22.00 rows=957 width=0)
	              Index Cond: ((id >= 1168109) AND (id <= 1169108))

table 6 : explain SELECT SUM(k) FROM sbtest6 WHERE id BETWEEN 2807104 AND 2808103
	Aggregate  (cost=3904.71..3904.72 rows=1 width=8)
	  ->  Bitmap Heap Scan on sbtest6  (cost=22.80..3902.18 rows=1011 width=4)
	        Recheck Cond: ((id >= 2807104) AND (id <= 2808103))
	        ->  Bitmap Index Scan on sbtest6_pkey  (cost=0.00..22.54 rows=1011 width=0)
	              Index Cond: ((id >= 2807104) AND (id <= 2808103))

table 7 : explain SELECT SUM(k) FROM sbtest7 WHERE id BETWEEN 5252658 AND 5253657
	Aggregate  (cost=3853.09..3853.10 rows=1 width=8)
	  ->  Bitmap Heap Scan on sbtest7  (cost=22.65..3850.60 rows=997 width=4)
	        Recheck Cond: ((id >= 5252658) AND (id <= 5253657))
	        ->  Bitmap Index Scan on sbtest7_pkey  (cost=0.00..22.40 rows=997 width=0)
	              Index Cond: ((id >= 5252658) AND (id <= 5253657))

table 8 : explain SELECT SUM(k) FROM sbtest8 WHERE id BETWEEN 5081165 AND 5082164
	Aggregate  (cost=3901.97..3901.98 rows=1 width=8)
	  ->  Bitmap Heap Scan on sbtest8  (cost=22.79..3899.44 rows=1010 width=4)
	        Recheck Cond: ((id >= 5081165) AND (id <= 5082164))
	        ->  Bitmap Index Scan on sbtest8_pkey  (cost=0.00..22.54 rows=1010 width=0)
	              Index Cond: ((id >= 5081165) AND (id <= 5082164))

for: simple_ranges
table 1 : explain SELECT c FROM sbtest1 WHERE id BETWEEN 7598654 AND 7599653
	Bitmap Heap Scan on sbtest1  (cost=22.32..3724.89 rows=964 width=121)
	  Recheck Cond: ((id >= 7598654) AND (id <= 7599653))
	  ->  Bitmap Index Scan on sbtest1_pkey  (cost=0.00..22.07 rows=964 width=0)
	        Index Cond: ((id >= 7598654) AND (id <= 7599653))

table 2 : explain SELECT c FROM sbtest2 WHERE id BETWEEN 9602553 AND 9603552
	Bitmap Heap Scan on sbtest2  (cost=23.17..4037.09 rows=1047 width=121)
	  Recheck Cond: ((id >= 9602553) AND (id <= 9603552))
	  ->  Bitmap Index Scan on sbtest2_pkey  (cost=0.00..22.90 rows=1047 width=0)
	        Index Cond: ((id >= 9602553) AND (id <= 9603552))

table 3 : explain SELECT c FROM sbtest3 WHERE id BETWEEN 5739109 AND 5740108
	Bitmap Heap Scan on sbtest3  (cost=22.86..3924.34 rows=1017 width=121)
	  Recheck Cond: ((id >= 5739109) AND (id <= 5740108))
	  ->  Bitmap Index Scan on sbtest3_pkey  (cost=0.00..22.61 rows=1017 width=0)
	        Index Cond: ((id >= 5739109) AND (id <= 5740108))

table 4 : explain SELECT c FROM sbtest4 WHERE id BETWEEN 5805510 AND 5806509
	Bitmap Heap Scan on sbtest4  (cost=22.30..3717.16 rows=962 width=121)
	  Recheck Cond: ((id >= 5805510) AND (id <= 5806509))
	  ->  Bitmap Index Scan on sbtest4_pkey  (cost=0.00..22.05 rows=962 width=0)
	        Index Cond: ((id >= 5805510) AND (id <= 5806509))

table 5 : explain SELECT c FROM sbtest5 WHERE id BETWEEN 3056216 AND 3057215
	Bitmap Heap Scan on sbtest5  (cost=22.61..3835.31 rows=993 width=121)
	  Recheck Cond: ((id >= 3056216) AND (id <= 3057215))
	  ->  Bitmap Index Scan on sbtest5_pkey  (cost=0.00..22.36 rows=993 width=0)
	        Index Cond: ((id >= 3056216) AND (id <= 3057215))

table 6 : explain SELECT c FROM sbtest6 WHERE id BETWEEN 7484699 AND 7485698
	Bitmap Heap Scan on sbtest6  (cost=22.87..3928.53 rows=1018 width=121)
	  Recheck Cond: ((id >= 7484699) AND (id <= 7485698))
	  ->  Bitmap Index Scan on sbtest6_pkey  (cost=0.00..22.61 rows=1018 width=0)
	        Index Cond: ((id >= 7484699) AND (id <= 7485698))

table 7 : explain SELECT c FROM sbtest7 WHERE id BETWEEN 7188606 AND 7189605
	Bitmap Heap Scan on sbtest7  (cost=22.52..3801.61 rows=984 width=121)
	  Recheck Cond: ((id >= 7188606) AND (id <= 7189605))
	  ->  Bitmap Index Scan on sbtest7_pkey  (cost=0.00..22.27 rows=984 width=0)
	        Index Cond: ((id >= 7188606) AND (id <= 7189605))

table 8 : explain SELECT c FROM sbtest8 WHERE id BETWEEN 1868827 AND 1869826
	Bitmap Heap Scan on sbtest8  (cost=27.53..4174.26 rows=1082 width=121)
	  Recheck Cond: ((id >= 1868827) AND (id <= 1869826))
	  ->  Bitmap Index Scan on sbtest8_pkey  (cost=0.00..27.25 rows=1082 width=0)
	        Index Cond: ((id >= 1868827) AND (id <= 1869826))

for: sum_ranges
table 1 : explain SELECT SUM(k) FROM sbtest1 WHERE id BETWEEN 4451576 AND 4452575
	Aggregate  (cost=3689.57..3689.58 rows=1 width=8)
	  ->  Bitmap Heap Scan on sbtest1  (cost=22.21..3687.19 rows=954 width=4)
	        Recheck Cond: ((id >= 4451576) AND (id <= 4452575))
	        ->  Bitmap Index Scan on sbtest1_pkey  (cost=0.00..21.97 rows=954 width=0)
	              Index Cond: ((id >= 4451576) AND (id <= 4452575))

table 2 : explain SELECT SUM(k) FROM sbtest2 WHERE id BETWEEN 6942640 AND 6943639
	Aggregate  (cost=3851.48..3851.49 rows=1 width=8)
	  ->  Bitmap Heap Scan on sbtest2  (cost=22.65..3848.98 rows=997 width=4)
	        Recheck Cond: ((id >= 6942640) AND (id <= 6943639))
	        ->  Bitmap Index Scan on sbtest2_pkey  (cost=0.00..22.40 rows=997 width=0)
	              Index Cond: ((id >= 6942640) AND (id <= 6943639))

table 3 : explain SELECT SUM(k) FROM sbtest3 WHERE id BETWEEN 5855226 AND 5856225
	Aggregate  (cost=3964.53..3964.54 rows=1 width=8)
	  ->  Bitmap Heap Scan on sbtest3  (cost=22.96..3961.96 rows=1027 width=4)
	        Recheck Cond: ((id >= 5855226) AND (id <= 5856225))
	        ->  Bitmap Index Scan on sbtest3_pkey  (cost=0.00..22.70 rows=1027 width=0)
	              Index Cond: ((id >= 5855226) AND (id <= 5856225))

table 4 : explain SELECT SUM(k) FROM sbtest4 WHERE id BETWEEN 7083449 AND 7084448
	Aggregate  (cost=3836.45..3836.46 rows=1 width=8)
	  ->  Bitmap Heap Scan on sbtest4  (cost=22.61..3833.97 rows=993 width=4)
	        Recheck Cond: ((id >= 7083449) AND (id <= 7084448))
	        ->  Bitmap Index Scan on sbtest4_pkey  (cost=0.00..22.36 rows=993 width=0)
	              Index Cond: ((id >= 7083449) AND (id <= 7084448))

table 5 : explain SELECT SUM(k) FROM sbtest5 WHERE id BETWEEN 4529186 AND 4530185
	Aggregate  (cost=3871.72..3871.73 rows=1 width=8)
	  ->  Bitmap Heap Scan on sbtest5  (cost=22.71..3869.22 rows=1002 width=4)
	        Recheck Cond: ((id >= 4529186) AND (id <= 4530185))
	        ->  Bitmap Index Scan on sbtest5_pkey  (cost=0.00..22.45 rows=1002 width=0)
	              Index Cond: ((id >= 4529186) AND (id <= 4530185))

table 6 : explain SELECT SUM(k) FROM sbtest6 WHERE id BETWEEN 911214 AND 912213
	Aggregate  (cost=3629.39..3629.40 rows=1 width=8)
	  ->  Bitmap Heap Scan on sbtest6  (cost=22.05..3627.05 rows=938 width=4)
	        Recheck Cond: ((id >= 911214) AND (id <= 912213))
	        ->  Bitmap Index Scan on sbtest6_pkey  (cost=0.00..21.82 rows=938 width=0)
	              Index Cond: ((id >= 911214) AND (id <= 912213))

table 7 : explain SELECT SUM(k) FROM sbtest7 WHERE id BETWEEN 3326570 AND 3327569
	Aggregate  (cost=3864.40..3864.41 rows=1 width=8)
	  ->  Bitmap Heap Scan on sbtest7  (cost=22.68..3861.90 rows=1000 width=4)
	        Recheck Cond: ((id >= 3326570) AND (id <= 3327569))
	        ->  Bitmap Index Scan on sbtest7_pkey  (cost=0.00..22.43 rows=1000 width=0)
	              Index Cond: ((id >= 3326570) AND (id <= 3327569))

table 8 : explain SELECT SUM(k) FROM sbtest8 WHERE id BETWEEN 1308507 AND 1309506
	Aggregate  (cost=3796.40..3796.41 rows=1 width=8)
	  ->  Bitmap Heap Scan on sbtest8  (cost=22.50..3793.95 rows=982 width=4)
	        Recheck Cond: ((id >= 1308507) AND (id <= 1309506))
	        ->  Bitmap Index Scan on sbtest8_pkey  (cost=0.00..22.25 rows=982 width=0)
	              Index Cond: ((id >= 1308507) AND (id <= 1309506))

for: distinct_ranges
table 1 : explain SELECT DISTINCT c FROM sbtest1 WHERE id BETWEEN 1529610 AND 1530609 ORDER BY c
	Unique  (cost=3845.36..3850.27 rows=983 width=121)
	  ->  Sort  (cost=3845.36..3847.82 rows=983 width=121)
	        Sort Key: c
	        ->  Bitmap Heap Scan on sbtest1  (cost=22.51..3796.50 rows=983 width=121)
	              Recheck Cond: ((id >= 1529610) AND (id <= 1530609))
	              ->  Bitmap Index Scan on sbtest1_pkey  (cost=0.00..22.26 rows=983 width=0)
	                    Index Cond: ((id >= 1529610) AND (id <= 1530609))

table 2 : explain SELECT DISTINCT c FROM sbtest2 WHERE id BETWEEN 8022192 AND 8023191 ORDER BY c
	Unique  (cost=3925.39..3930.41 rows=1004 width=121)
	  ->  Sort  (cost=3925.39..3927.90 rows=1004 width=121)
	        Sort Key: c
	        ->  Bitmap Heap Scan on sbtest2  (cost=22.73..3875.34 rows=1004 width=121)
	              Recheck Cond: ((id >= 8022192) AND (id <= 8023191))
	              ->  Bitmap Index Scan on sbtest2_pkey  (cost=0.00..22.47 rows=1004 width=0)
	                    Index Cond: ((id >= 8022192) AND (id <= 8023191))

table 3 : explain SELECT DISTINCT c FROM sbtest3 WHERE id BETWEEN 7260370 AND 7261369 ORDER BY c
	Unique  (cost=3799.29..3804.15 rows=971 width=121)
	  ->  Sort  (cost=3799.29..3801.72 rows=971 width=121)
	        Sort Key: c
	        ->  Bitmap Heap Scan on sbtest3  (cost=22.39..3751.12 rows=971 width=121)
	              Recheck Cond: ((id >= 7260370) AND (id <= 7261369))
	              ->  Bitmap Index Scan on sbtest3_pkey  (cost=0.00..22.14 rows=971 width=0)
	                    Index Cond: ((id >= 7260370) AND (id <= 7261369))

table 4 : explain SELECT DISTINCT c FROM sbtest4 WHERE id BETWEEN 4699248 AND 4700247 ORDER BY c
	Unique  (cost=4009.48..4014.61 rows=1026 width=121)
	  ->  Sort  (cost=4009.48..4012.05 rows=1026 width=121)
	        Sort Key: c
	        ->  Bitmap Heap Scan on sbtest4  (cost=22.95..3958.17 rows=1026 width=121)
	              Recheck Cond: ((id >= 4699248) AND (id <= 4700247))
	              ->  Bitmap Index Scan on sbtest4_pkey  (cost=0.00..22.69 rows=1026 width=0)
	                    Index Cond: ((id >= 4699248) AND (id <= 4700247))

table 5 : explain SELECT DISTINCT c FROM sbtest5 WHERE id BETWEEN 3185542 AND 3186541 ORDER BY c
	Unique  (cost=3930.63..3935.66 rows=1005 width=121)
	  ->  Sort  (cost=3930.63..3933.15 rows=1005 width=121)
	        Sort Key: c
	        ->  Bitmap Heap Scan on sbtest5  (cost=22.74..3880.52 rows=1005 width=121)
	              Recheck Cond: ((id >= 3185542) AND (id <= 3186541))
	              ->  Bitmap Index Scan on sbtest5_pkey  (cost=0.00..22.48 rows=1005 width=0)
	                    Index Cond: ((id >= 3185542) AND (id <= 3186541))

table 6 : explain SELECT DISTINCT c FROM sbtest6 WHERE id BETWEEN 5029654 AND 5030653 ORDER BY c
	Unique  (cost=3772.90..3777.72 rows=964 width=121)
	  ->  Sort  (cost=3772.90..3775.31 rows=964 width=121)
	        Sort Key: c
	        ->  Bitmap Heap Scan on sbtest6  (cost=22.32..3725.12 rows=964 width=121)
	              Recheck Cond: ((id >= 5029654) AND (id <= 5030653))
	              ->  Bitmap Index Scan on sbtest6_pkey  (cost=0.00..22.07 rows=964 width=0)
	                    Index Cond: ((id >= 5029654) AND (id <= 5030653))

table 7 : explain SELECT DISTINCT c FROM sbtest7 WHERE id BETWEEN 9808359 AND 9809358 ORDER BY c
	Unique  (cost=3593.88..3598.47 rows=917 width=121)
	  ->  Sort  (cost=3593.88..3596.18 rows=917 width=121)
	        Sort Key: c
	        ->  Bitmap Heap Scan on sbtest7  (cost=21.83..3548.76 rows=917 width=121)
	              Recheck Cond: ((id >= 9808359) AND (id <= 9809358))
	              ->  Bitmap Index Scan on sbtest7_pkey  (cost=0.00..21.61 rows=917 width=0)
	                    Index Cond: ((id >= 9808359) AND (id <= 9809358))

table 8 : explain SELECT DISTINCT c FROM sbtest8 WHERE id BETWEEN 9068953 AND 9069952 ORDER BY c
	Unique  (cost=3907.78..3912.78 rows=999 width=121)
	  ->  Sort  (cost=3907.78..3910.28 rows=999 width=121)
	        Sort Key: c
	        ->  Bitmap Heap Scan on sbtest8  (cost=22.67..3858.01 rows=999 width=121)
	              Recheck Cond: ((id >= 9068953) AND (id <= 9069952))
	              ->  Bitmap Index Scan on sbtest8_pkey  (cost=0.00..22.43 rows=999 width=0)
	                    Index Cond: ((id >= 9068953) AND (id <= 9069952))

explain: for point_selects :: explain SELECT c FROM sbtest%u WHERE id=%u
explain: for point_selects :: explain SELECT c FROM sbtest%u WHERE id=%u
explain: for point_selects :: explain SELECT c FROM sbtest%u WHERE id=%u
for point_selects
table 1 : explain SELECT c FROM sbtest1 WHERE id=120071
	Index Scan using sbtest1_pkey on sbtest1  (cost=0.43..8.45 rows=1 width=121)
	  Index Cond: (id = 120071)

table 2 : explain SELECT c FROM sbtest2 WHERE id=3682969
	Index Scan using sbtest2_pkey on sbtest2  (cost=0.43..8.45 rows=1 width=121)
	  Index Cond: (id = 3682969)

table 3 : explain SELECT c FROM sbtest3 WHERE id=9418197
	Index Scan using sbtest3_pkey on sbtest3  (cost=0.43..8.45 rows=1 width=121)
	  Index Cond: (id = 9418197)

table 4 : explain SELECT c FROM sbtest4 WHERE id=9730889
	Index Scan using sbtest4_pkey on sbtest4  (cost=0.43..8.45 rows=1 width=121)
	  Index Cond: (id = 9730889)

table 5 : explain SELECT c FROM sbtest5 WHERE id=9820858
	Index Scan using sbtest5_pkey on sbtest5  (cost=0.43..8.45 rows=1 width=121)
	  Index Cond: (id = 9820858)

table 6 : explain SELECT c FROM sbtest6 WHERE id=9252324
	Index Scan using sbtest6_pkey on sbtest6  (cost=0.43..8.45 rows=1 width=121)
	  Index Cond: (id = 9252324)

table 7 : explain SELECT c FROM sbtest7 WHERE id=5456533
	Index Scan using sbtest7_pkey on sbtest7  (cost=0.43..8.45 rows=1 width=121)
	  Index Cond: (id = 5456533)

table 8 : explain SELECT c FROM sbtest8 WHERE id=88070
	Index Scan using sbtest8_pkey on sbtest8  (cost=0.43..8.45 rows=1 width=121)
	  Index Cond: (id = 88070)

for point_selects
table 1 : explain SELECT c FROM sbtest1 WHERE id=6184931
	Index Scan using sbtest1_pkey on sbtest1  (cost=0.43..8.45 rows=1 width=121)
	  Index Cond: (id = 6184931)

table 2 : explain SELECT c FROM sbtest2 WHERE id=8820731
	Index Scan using sbtest2_pkey on sbtest2  (cost=0.43..8.45 rows=1 width=121)
	  Index Cond: (id = 8820731)

table 3 : explain SELECT c FROM sbtest3 WHERE id=7693194
	Index Scan using sbtest3_pkey on sbtest3  (cost=0.43..8.45 rows=1 width=121)
	  Index Cond: (id = 7693194)

table 4 : explain SELECT c FROM sbtest4 WHERE id=6752405
	Index Scan using sbtest4_pkey on sbtest4  (cost=0.43..8.45 rows=1 width=121)
	  Index Cond: (id = 6752405)

table 5 : explain SELECT c FROM sbtest5 WHERE id=5851546
	Index Scan using sbtest5_pkey on sbtest5  (cost=0.43..8.45 rows=1 width=121)
	  Index Cond: (id = 5851546)

table 6 : explain SELECT c FROM sbtest6 WHERE id=8905454
	Index Scan using sbtest6_pkey on sbtest6  (cost=0.43..8.45 rows=1 width=121)
	  Index Cond: (id = 8905454)

table 7 : explain SELECT c FROM sbtest7 WHERE id=9062299
	Index Scan using sbtest7_pkey on sbtest7  (cost=0.43..8.45 rows=1 width=121)
	  Index Cond: (id = 9062299)

table 8 : explain SELECT c FROM sbtest8 WHERE id=9507557
	Index Scan using sbtest8_pkey on sbtest8  (cost=0.43..8.45 rows=1 width=121)
	  Index Cond: (id = 9507557)

for: order_ranges
table 1 : explain SELECT c FROM sbtest1 WHERE id BETWEEN 7911737 AND 7912736 ORDER BY c
	Sort  (cost=4158.55..4161.21 rows=1065 width=121)
	  Sort Key: c
	  ->  Bitmap Heap Scan on sbtest1  (cost=23.35..4104.99 rows=1065 width=121)
	        Recheck Cond: ((id >= 7911737) AND (id <= 7912736))
	        ->  Bitmap Index Scan on sbtest1_pkey  (cost=0.00..23.08 rows=1065 width=0)
	              Index Cond: ((id >= 7911737) AND (id <= 7912736))

table 2 : explain SELECT c FROM sbtest2 WHERE id BETWEEN 3526107 AND 3527106 ORDER BY c
	Sort  (cost=4253.59..4256.31 rows=1090 width=121)
	  Sort Key: c
	  ->  Bitmap Heap Scan on sbtest2  (cost=23.61..4198.60 rows=1090 width=121)
	        Recheck Cond: ((id >= 3526107) AND (id <= 3527106))
	        ->  Bitmap Index Scan on sbtest2_pkey  (cost=0.00..23.33 rows=1090 width=0)
	              Index Cond: ((id >= 3526107) AND (id <= 3527106))

table 3 : explain SELECT c FROM sbtest3 WHERE id BETWEEN 4605181 AND 4606180 ORDER BY c
	Sort  (cost=3944.58..3947.10 rows=1009 width=121)
	  Sort Key: c
	  ->  Bitmap Heap Scan on sbtest3  (cost=22.78..3894.24 rows=1009 width=121)
	        Recheck Cond: ((id >= 4605181) AND (id <= 4606180))
	        ->  Bitmap Index Scan on sbtest3_pkey  (cost=0.00..22.52 rows=1009 width=0)
	              Index Cond: ((id >= 4605181) AND (id <= 4606180))

table 4 : explain SELECT c FROM sbtest4 WHERE id BETWEEN 1964186 AND 1965185 ORDER BY c
	Sort  (cost=3810.74..3813.17 rows=974 width=121)
	  Sort Key: c
	  ->  Bitmap Heap Scan on sbtest4  (cost=22.42..3762.39 rows=974 width=121)
	        Recheck Cond: ((id >= 1964186) AND (id <= 1965185))
	        ->  Bitmap Index Scan on sbtest4_pkey  (cost=0.00..22.18 rows=974 width=0)
	              Index Cond: ((id >= 1964186) AND (id <= 1965185))

table 5 : explain SELECT c FROM sbtest5 WHERE id BETWEEN 9661308 AND 9662307 ORDER BY c
	Sort  (cost=3632.03..3634.35 rows=927 width=121)
	  Sort Key: c
	  ->  Bitmap Heap Scan on sbtest5  (cost=21.94..3586.35 rows=927 width=121)
	        Recheck Cond: ((id >= 9661308) AND (id <= 9662307))
	        ->  Bitmap Index Scan on sbtest5_pkey  (cost=0.00..21.70 rows=927 width=0)
	              Index Cond: ((id >= 9661308) AND (id <= 9662307))

table 6 : explain SELECT c FROM sbtest6 WHERE id BETWEEN 5304665 AND 5305664 ORDER BY c
	Sort  (cost=3937.35..3939.87 rows=1007 width=121)
	  Sort Key: c
	  ->  Bitmap Heap Scan on sbtest6  (cost=22.76..3887.13 rows=1007 width=121)
	        Recheck Cond: ((id >= 5304665) AND (id <= 5305664))
	        ->  Bitmap Index Scan on sbtest6_pkey  (cost=0.00..22.50 rows=1007 width=0)
	              Index Cond: ((id >= 5304665) AND (id <= 5305664))

table 7 : explain SELECT c FROM sbtest7 WHERE id BETWEEN 450074 AND 451073 ORDER BY c
	Sort  (cost=3701.21..3703.57 rows=945 width=121)
	  Sort Key: c
	  ->  Bitmap Heap Scan on sbtest7  (cost=22.12..3654.50 rows=945 width=121)
	        Recheck Cond: ((id >= 450074) AND (id <= 451073))
	        ->  Bitmap Index Scan on sbtest7_pkey  (cost=0.00..21.89 rows=945 width=0)
	              Index Cond: ((id >= 450074) AND (id <= 451073))

table 8 : explain SELECT c FROM sbtest8 WHERE id BETWEEN 7171216 AND 7172215 ORDER BY c
	Sort  (cost=4106.48..4109.11 rows=1051 width=121)
	  Sort Key: c
	  ->  Bitmap Heap Scan on sbtest8  (cost=23.21..4053.74 rows=1051 width=121)
	        Recheck Cond: ((id >= 7171216) AND (id <= 7172215))
	        ->  Bitmap Index Scan on sbtest8_pkey  (cost=0.00..22.94 rows=1051 width=0)
	              Index Cond: ((id >= 7171216) AND (id <= 7172215))

for: order_ranges
table 1 : explain SELECT c FROM sbtest1 WHERE id BETWEEN 8866933 AND 8867932 ORDER BY c
	Sort  (cost=3715.26..3717.63 rows=949 width=121)
	  Sort Key: c
	  ->  Bitmap Heap Scan on sbtest1  (cost=22.16..3668.33 rows=949 width=121)
	        Recheck Cond: ((id >= 8866933) AND (id <= 8867932))
	        ->  Bitmap Index Scan on sbtest1_pkey  (cost=0.00..21.93 rows=949 width=0)
	              Index Cond: ((id >= 8866933) AND (id <= 8867932))

table 2 : explain SELECT c FROM sbtest2 WHERE id BETWEEN 8069313 AND 8070312 ORDER BY c
	Sort  (cost=4345.30..4348.08 rows=1114 width=121)
	  Sort Key: c
	  ->  Bitmap Heap Scan on sbtest2  (cost=27.85..4288.92 rows=1114 width=121)
	        Recheck Cond: ((id >= 8069313) AND (id <= 8070312))
	        ->  Bitmap Index Scan on sbtest2_pkey  (cost=0.00..27.57 rows=1114 width=0)
	              Index Cond: ((id >= 8069313) AND (id <= 8070312))

table 3 : explain SELECT c FROM sbtest3 WHERE id BETWEEN 614690 AND 615689 ORDER BY c
	Sort  (cost=3699.79..3702.15 rows=945 width=121)
	  Sort Key: c
	  ->  Bitmap Heap Scan on sbtest3  (cost=22.12..3653.08 rows=945 width=121)
	        Recheck Cond: ((id >= 614690) AND (id <= 615689))
	        ->  Bitmap Index Scan on sbtest3_pkey  (cost=0.00..21.89 rows=945 width=0)
	              Index Cond: ((id >= 614690) AND (id <= 615689))

table 4 : explain SELECT c FROM sbtest4 WHERE id BETWEEN 2239235 AND 2240234 ORDER BY c
	Sort  (cost=3818.39..3820.83 rows=976 width=121)
	  Sort Key: c
	  ->  Bitmap Heap Scan on sbtest4  (cost=22.44..3769.93 rows=976 width=121)
	        Recheck Cond: ((id >= 2239235) AND (id <= 2240234))
	        ->  Bitmap Index Scan on sbtest4_pkey  (cost=0.00..22.19 rows=976 width=0)
	              Index Cond: ((id >= 2239235) AND (id <= 2240234))

table 5 : explain SELECT c FROM sbtest5 WHERE id BETWEEN 9568030 AND 9569029 ORDER BY c
	Sort  (cost=4129.29..4131.93 rows=1057 width=121)
	  Sort Key: c
	  ->  Bitmap Heap Scan on sbtest5  (cost=23.27..4076.20 rows=1057 width=121)
	        Recheck Cond: ((id >= 9568030) AND (id <= 9569029))
	        ->  Bitmap Index Scan on sbtest5_pkey  (cost=0.00..23.00 rows=1057 width=0)
	              Index Cond: ((id >= 9568030) AND (id <= 9569029))

table 6 : explain SELECT c FROM sbtest6 WHERE id BETWEEN 3282272 AND 3283271 ORDER BY c
	Sort  (cost=3814.99..3817.43 rows=975 width=121)
	  Sort Key: c
	  ->  Bitmap Heap Scan on sbtest6  (cost=22.43..3766.59 rows=975 width=121)
	        Recheck Cond: ((id >= 3282272) AND (id <= 3283271))
	        ->  Bitmap Index Scan on sbtest6_pkey  (cost=0.00..22.18 rows=975 width=0)
	              Index Cond: ((id >= 3282272) AND (id <= 3283271))

table 7 : explain SELECT c FROM sbtest7 WHERE id BETWEEN 2468580 AND 2469579 ORDER BY c
	Sort  (cost=3567.04..3569.31 rows=910 width=121)
	  Sort Key: c
	  ->  Bitmap Heap Scan on sbtest7  (cost=21.76..3522.31 rows=910 width=121)
	        Recheck Cond: ((id >= 2468580) AND (id <= 2469579))
	        ->  Bitmap Index Scan on sbtest7_pkey  (cost=0.00..21.54 rows=910 width=0)
	              Index Cond: ((id >= 2468580) AND (id <= 2469579))

table 8 : explain SELECT c FROM sbtest8 WHERE id BETWEEN 2734910 AND 2735909 ORDER BY c
	Sort  (cost=3800.66..3803.08 rows=971 width=121)
	  Sort Key: c
	  ->  Bitmap Heap Scan on sbtest8  (cost=22.39..3752.48 rows=971 width=121)
	        Recheck Cond: ((id >= 2734910) AND (id <= 2735909))
	        ->  Bitmap Index Scan on sbtest8_pkey  (cost=0.00..22.14 rows=971 width=0)
	              Index Cond: ((id >= 2734910) AND (id <= 2735909))

for: distinct_ranges
table 1 : explain SELECT DISTINCT c FROM sbtest1 WHERE id BETWEEN 8474477 AND 8475476 ORDER BY c
	Unique  (cost=4112.76..4118.03 rows=1053 width=121)
	  ->  Sort  (cost=4112.76..4115.40 rows=1053 width=121)
	        Sort Key: c
	        ->  Bitmap Heap Scan on sbtest1  (cost=23.23..4059.90 rows=1053 width=121)
	              Recheck Cond: ((id >= 8474477) AND (id <= 8475476))
	              ->  Bitmap Index Scan on sbtest1_pkey  (cost=0.00..22.96 rows=1053 width=0)
	                    Index Cond: ((id >= 8474477) AND (id <= 8475476))

table 2 : explain SELECT DISTINCT c FROM sbtest2 WHERE id BETWEEN 1810419 AND 1811418 ORDER BY c
	Unique  (cost=3623.11..3627.74 rows=925 width=121)
	  ->  Sort  (cost=3623.11..3625.43 rows=925 width=121)
	        Sort Key: c
	        ->  Bitmap Heap Scan on sbtest2  (cost=21.92..3577.54 rows=925 width=121)
	              Recheck Cond: ((id >= 1810419) AND (id <= 1811418))
	              ->  Bitmap Index Scan on sbtest2_pkey  (cost=0.00..21.68 rows=925 width=0)
	                    Index Cond: ((id >= 1810419) AND (id <= 1811418))

table 3 : explain SELECT DISTINCT c FROM sbtest3 WHERE id BETWEEN 4610234 AND 4611233 ORDER BY c
	Unique  (cost=3944.58..3949.62 rows=1009 width=121)
	  ->  Sort  (cost=3944.58..3947.10 rows=1009 width=121)
	        Sort Key: c
	        ->  Bitmap Heap Scan on sbtest3  (cost=22.78..3894.24 rows=1009 width=121)
	              Recheck Cond: ((id >= 4610234) AND (id <= 4611233))
	              ->  Bitmap Index Scan on sbtest3_pkey  (cost=0.00..22.52 rows=1009 width=0)
	                    Index Cond: ((id >= 4610234) AND (id <= 4611233))

table 4 : explain SELECT DISTINCT c FROM sbtest4 WHERE id BETWEEN 2995140 AND 2996139 ORDER BY c
	Unique  (cost=3910.15..3915.15 rows=1000 width=121)
	  ->  Sort  (cost=3910.15..3912.65 rows=1000 width=121)
	        Sort Key: c
	        ->  Bitmap Heap Scan on sbtest4  (cost=22.68..3860.32 rows=1000 width=121)
	              Recheck Cond: ((id >= 2995140) AND (id <= 2996139))
	              ->  Bitmap Index Scan on sbtest4_pkey  (cost=0.00..22.43 rows=1000 width=0)
	                    Index Cond: ((id >= 2995140) AND (id <= 2996139))

table 5 : explain SELECT DISTINCT c FROM sbtest5 WHERE id BETWEEN 9335251 AND 9336250 ORDER BY c
	Unique  (cost=3896.22..3901.20 rows=996 width=121)
	  ->  Sort  (cost=3896.22..3898.71 rows=996 width=121)
	        Sort Key: c
	        ->  Bitmap Heap Scan on sbtest5  (cost=22.64..3846.62 rows=996 width=121)
	              Recheck Cond: ((id >= 9335251) AND (id <= 9336250))
	              ->  Bitmap Index Scan on sbtest5_pkey  (cost=0.00..22.39 rows=996 width=0)
	                    Index Cond: ((id >= 9335251) AND (id <= 9336250))

table 6 : explain SELECT DISTINCT c FROM sbtest6 WHERE id BETWEEN 5321914 AND 5322913 ORDER BY c
	Unique  (cost=3757.59..3762.39 rows=960 width=121)
	  ->  Sort  (cost=3757.59..3759.99 rows=960 width=121)
	        Sort Key: c
	        ->  Bitmap Heap Scan on sbtest6  (cost=22.27..3710.04 rows=960 width=121)
	              Recheck Cond: ((id >= 5321914) AND (id <= 5322913))
	              ->  Bitmap Index Scan on sbtest6_pkey  (cost=0.00..22.04 rows=960 width=0)
	                    Index Cond: ((id >= 5321914) AND (id <= 5322913))

table 7 : explain SELECT DISTINCT c FROM sbtest7 WHERE id BETWEEN 8117013 AND 8118012 ORDER BY c
	Unique  (cost=4060.79..4065.98 rows=1039 width=121)
	  ->  Sort  (cost=4060.79..4063.39 rows=1039 width=121)
	        Sort Key: c
	        ->  Bitmap Heap Scan on sbtest7  (cost=23.08..4008.73 rows=1039 width=121)
	              Recheck Cond: ((id >= 8117013) AND (id <= 8118012))
	              ->  Bitmap Index Scan on sbtest7_pkey  (cost=0.00..22.82 rows=1039 width=0)
	                    Index Cond: ((id >= 8117013) AND (id <= 8118012))

table 8 : explain SELECT DISTINCT c FROM sbtest8 WHERE id BETWEEN 9215679 AND 9216678 ORDER BY c
	Unique  (cost=4224.97..4230.38 rows=1081 width=121)
	  ->  Sort  (cost=4224.97..4227.67 rows=1081 width=121)
	        Sort Key: c
	        ->  Bitmap Heap Scan on sbtest8  (cost=27.52..4170.50 rows=1081 width=121)
	              Recheck Cond: ((id >= 9215679) AND (id <= 9216678))
	              ->  Bitmap Index Scan on sbtest8_pkey  (cost=0.00..27.25 rows=1081 width=0)
	                    Index Cond: ((id >= 9215679) AND (id <= 9216678))

explain: for point_selects :: explain SELECT c FROM sbtest%u WHERE id=%u
explain: for point_selects :: explain SELECT c FROM sbtest%u WHERE id=%u
for: order_ranges
table 1 : explain SELECT c FROM sbtest1 WHERE id BETWEEN 6626933 AND 6627932 ORDER BY c
	Sort  (cost=4063.15..4065.75 rows=1040 width=121)
	  Sort Key: c
	  ->  Bitmap Heap Scan on sbtest1  (cost=23.09..4011.03 rows=1040 width=121)
	        Recheck Cond: ((id >= 6626933) AND (id <= 6627932))
	        ->  Bitmap Index Scan on sbtest1_pkey  (cost=0.00..22.83 rows=1040 width=0)
	              Index Cond: ((id >= 6626933) AND (id <= 6627932))

table 2 : explain SELECT c FROM sbtest2 WHERE id BETWEEN 7816284 AND 7817283 ORDER BY c
	Sort  (cost=3707.37..3709.74 rows=947 width=121)
	  Sort Key: c
	  ->  Bitmap Heap Scan on sbtest2  (cost=22.14..3660.56 rows=947 width=121)
	        Recheck Cond: ((id >= 7816284) AND (id <= 7817283))
	        ->  Bitmap Index Scan on sbtest2_pkey  (cost=0.00..21.90 rows=947 width=0)
	              Index Cond: ((id >= 7816284) AND (id <= 7817283))

table 3 : explain SELECT c FROM sbtest3 WHERE id BETWEEN 7485312 AND 7486311 ORDER BY c
	Sort  (cost=3875.78..3878.26 rows=991 width=121)
	  Sort Key: c
	  ->  Bitmap Heap Scan on sbtest3  (cost=22.59..3826.47 rows=991 width=121)
	        Recheck Cond: ((id >= 7485312) AND (id <= 7486311))
	        ->  Bitmap Index Scan on sbtest3_pkey  (cost=0.00..22.34 rows=991 width=0)
	              Index Cond: ((id >= 7485312) AND (id <= 7486311))

table 4 : explain SELECT c FROM sbtest4 WHERE id BETWEEN 8499454 AND 8500453 ORDER BY c
	Sort  (cost=3971.29..3973.83 rows=1016 width=121)
	  Sort Key: c
	  ->  Bitmap Heap Scan on sbtest4  (cost=22.85..3920.55 rows=1016 width=121)
	        Recheck Cond: ((id >= 8499454) AND (id <= 8500453))
	        ->  Bitmap Index Scan on sbtest4_pkey  (cost=0.00..22.59 rows=1016 width=0)
	              Index Cond: ((id >= 8499454) AND (id <= 8500453))

table 5 : explain SELECT c FROM sbtest5 WHERE id BETWEEN 4462225 AND 4463224 ORDER BY c
	Sort  (cost=3735.48..3737.86 rows=954 width=121)
	  Sort Key: c
	  ->  Bitmap Heap Scan on sbtest5  (cost=22.21..3688.27 rows=954 width=121)
	        Recheck Cond: ((id >= 4462225) AND (id <= 4463224))
	        ->  Bitmap Index Scan on sbtest5_pkey  (cost=0.00..21.97 rows=954 width=0)
	              Index Cond: ((id >= 4462225) AND (id <= 4463224))

table 6 : explain SELECT c FROM sbtest6 WHERE id BETWEEN 6132417 AND 6133416 ORDER BY c
	Sort  (cost=4120.66..4123.30 rows=1055 width=121)
	  Sort Key: c
	  ->  Bitmap Heap Scan on sbtest6  (cost=23.25..4067.68 rows=1055 width=121)
	        Recheck Cond: ((id >= 6132417) AND (id <= 6133416))
	        ->  Bitmap Index Scan on sbtest6_pkey  (cost=0.00..22.98 rows=1055 width=0)
	              Index Cond: ((id >= 6132417) AND (id <= 6133416))

table 7 : explain SELECT c FROM sbtest7 WHERE id BETWEEN 9278948 AND 9279947 ORDER BY c
	Sort  (cost=3869.66..3872.13 rows=989 width=121)
	  Sort Key: c
	  ->  Bitmap Heap Scan on sbtest7  (cost=22.57..3820.45 rows=989 width=121)
	        Recheck Cond: ((id >= 9278948) AND (id <= 9279947))
	        ->  Bitmap Index Scan on sbtest7_pkey  (cost=0.00..22.32 rows=989 width=0)
	              Index Cond: ((id >= 9278948) AND (id <= 9279947))

table 8 : explain SELECT c FROM sbtest8 WHERE id BETWEEN 4506021 AND 4507020 ORDER BY c
	Sort  (cost=3727.91..3730.29 rows=952 width=121)
	  Sort Key: c
	  ->  Bitmap Heap Scan on sbtest8  (cost=22.19..3680.81 rows=952 width=121)
	        Recheck Cond: ((id >= 4506021) AND (id <= 4507020))
	        ->  Bitmap Index Scan on sbtest8_pkey  (cost=0.00..21.95 rows=952 width=0)
	              Index Cond: ((id >= 4506021) AND (id <= 4507020))

for: distinct_ranges
table 1 : explain SELECT DISTINCT c FROM sbtest1 WHERE id BETWEEN 143771 AND 144770 ORDER BY c
	Unique  (cost=3952.39..3957.45 rows=1011 width=121)
	  ->  Sort  (cost=3952.39..3954.92 rows=1011 width=121)
	        Sort Key: c
	        ->  Bitmap Heap Scan on sbtest1  (cost=22.80..3901.94 rows=1011 width=121)
	              Recheck Cond: ((id >= 143771) AND (id <= 144770))
	              ->  Bitmap Index Scan on sbtest1_pkey  (cost=0.00..22.54 rows=1011 width=0)
	                    Index Cond: ((id >= 143771) AND (id <= 144770))

table 2 : explain SELECT DISTINCT c FROM sbtest2 WHERE id BETWEEN 9051918 AND 9052917 ORDER BY c
	Unique  (cost=3852.77..3857.69 rows=985 width=121)
	  ->  Sort  (cost=3852.77..3855.23 rows=985 width=121)
	        Sort Key: c
	        ->  Bitmap Heap Scan on sbtest2  (cost=22.53..3803.79 rows=985 width=121)
	              Recheck Cond: ((id >= 9051918) AND (id <= 9052917))
	              ->  Bitmap Index Scan on sbtest2_pkey  (cost=0.00..22.29 rows=985 width=0)
	                    Index Cond: ((id >= 9051918) AND (id <= 9052917))

table 3 : explain SELECT DISTINCT c FROM sbtest3 WHERE id BETWEEN 9458527 AND 9459526 ORDER BY c
	Unique  (cost=4070.60..4075.81 rows=1042 width=121)
	  ->  Sort  (cost=4070.60..4073.21 rows=1042 width=121)
	        Sort Key: c
	        ->  Bitmap Heap Scan on sbtest3  (cost=23.12..4018.37 rows=1042 width=121)
	              Recheck Cond: ((id >= 9458527) AND (id <= 9459526))
	              ->  Bitmap Index Scan on sbtest3_pkey  (cost=0.00..22.86 rows=1042 width=0)
	                    Index Cond: ((id >= 9458527) AND (id <= 9459526))

table 4 : explain SELECT DISTINCT c FROM sbtest4 WHERE id BETWEEN 5142472 AND 5143471 ORDER BY c
	Unique  (cost=4165.95..4171.29 rows=1067 width=121)
	  ->  Sort  (cost=4165.95..4168.62 rows=1067 width=121)
	        Sort Key: c
	        ->  Bitmap Heap Scan on sbtest4  (cost=23.37..4112.29 rows=1067 width=121)
	              Recheck Cond: ((id >= 5142472) AND (id <= 5143471))
	              ->  Bitmap Index Scan on sbtest4_pkey  (cost=0.00..23.11 rows=1067 width=0)
	                    Index Cond: ((id >= 5142472) AND (id <= 5143471))

table 5 : explain SELECT DISTINCT c FROM sbtest5 WHERE id BETWEEN 6480996 AND 6481995 ORDER BY c
	Unique  (cost=3945.93..3950.97 rows=1009 width=121)
	  ->  Sort  (cost=3945.93..3948.45 rows=1009 width=121)
	        Sort Key: c
	        ->  Bitmap Heap Scan on sbtest5  (cost=22.78..3895.58 rows=1009 width=121)
	              Recheck Cond: ((id >= 6480996) AND (id <= 6481995))
	              ->  Bitmap Index Scan on sbtest5_pkey  (cost=0.00..22.52 rows=1009 width=0)
	                    Index Cond: ((id >= 6480996) AND (id <= 6481995))

table 6 : explain SELECT DISTINCT c FROM sbtest6 WHERE id BETWEEN 5724264 AND 5725263 ORDER BY c
	Unique  (cost=3941.18..3946.22 rows=1008 width=121)
	  ->  Sort  (cost=3941.18..3943.70 rows=1008 width=121)
	        Sort Key: c
	        ->  Bitmap Heap Scan on sbtest6  (cost=22.77..3890.89 rows=1008 width=121)
	              Recheck Cond: ((id >= 5724264) AND (id <= 5725263))
	              ->  Bitmap Index Scan on sbtest6_pkey  (cost=0.00..22.51 rows=1008 width=0)
	                    Index Cond: ((id >= 5724264) AND (id <= 5725263))

table 7 : explain SELECT DISTINCT c FROM sbtest7 WHERE id BETWEEN 8171191 AND 8172190 ORDER BY c
	Unique  (cost=3911.73..3916.73 rows=1000 width=121)
	  ->  Sort  (cost=3911.73..3914.23 rows=1000 width=121)
	        Sort Key: c
	        ->  Bitmap Heap Scan on sbtest7  (cost=22.68..3861.90 rows=1000 width=121)
	              Recheck Cond: ((id >= 8171191) AND (id <= 8172190))
	              ->  Bitmap Index Scan on sbtest7_pkey  (cost=0.00..22.43 rows=1000 width=0)
	                    Index Cond: ((id >= 8171191) AND (id <= 8172190))

table 8 : explain SELECT DISTINCT c FROM sbtest8 WHERE id BETWEEN 4380923 AND 4381922 ORDER BY c
	Unique  (cost=4033.92..4039.08 rows=1032 width=121)
	  ->  Sort  (cost=4033.92..4036.50 rows=1032 width=121)
	        Sort Key: c
	        ->  Bitmap Heap Scan on sbtest8  (cost=23.01..3982.26 rows=1032 width=121)
	              Recheck Cond: ((id >= 4380923) AND (id <= 4381922))
	              ->  Bitmap Index Scan on sbtest8_pkey  (cost=0.00..22.75 rows=1032 width=0)
	                    Index Cond: ((id >= 4380923) AND (id <= 4381922))

for: order_ranges
table 1 : explain SELECT c FROM sbtest1 WHERE id BETWEEN 9953999 AND 9954998 ORDER BY c
	Sort  (cost=3841.53..3843.99 rows=982 width=121)
	  Sort Key: c
	  ->  Bitmap Heap Scan on sbtest1  (cost=22.50..3792.73 rows=982 width=121)
	        Recheck Cond: ((id >= 9953999) AND (id <= 9954998))
	        ->  Bitmap Index Scan on sbtest1_pkey  (cost=0.00..22.25 rows=982 width=0)
	              Index Cond: ((id >= 9953999) AND (id <= 9954998))

table 2 : explain SELECT c FROM sbtest2 WHERE id BETWEEN 7774827 AND 7775826 ORDER BY c
	Sort  (cost=3707.37..3709.74 rows=947 width=121)
	  Sort Key: c
	  ->  Bitmap Heap Scan on sbtest2  (cost=22.14..3660.56 rows=947 width=121)
	        Recheck Cond: ((id >= 7774827) AND (id <= 7775826))
	        ->  Bitmap Index Scan on sbtest2_pkey  (cost=0.00..21.90 rows=947 width=0)
	              Index Cond: ((id >= 7774827) AND (id <= 7775826))

table 3 : explain SELECT c FROM sbtest3 WHERE id BETWEEN 5403668 AND 5404667 ORDER BY c
	Sort  (cost=3780.16..3782.58 rows=966 width=121)
	  Sort Key: c
	  ->  Bitmap Heap Scan on sbtest3  (cost=22.34..3732.27 rows=966 width=121)
	        Recheck Cond: ((id >= 5403668) AND (id <= 5404667))
	        ->  Bitmap Index Scan on sbtest3_pkey  (cost=0.00..22.09 rows=966 width=0)
	              Index Cond: ((id >= 5403668) AND (id <= 5404667))

table 4 : explain SELECT c FROM sbtest4 WHERE id BETWEEN 4259998 AND 4260997 ORDER BY c
	Sort  (cost=4219.34..4222.04 rows=1081 width=121)
	  Sort Key: c
	  ->  Bitmap Heap Scan on sbtest4  (cost=23.52..4164.86 rows=1081 width=121)
	        Recheck Cond: ((id >= 4259998) AND (id <= 4260997))
	        ->  Bitmap Index Scan on sbtest4_pkey  (cost=0.00..23.25 rows=1081 width=0)
	              Index Cond: ((id >= 4259998) AND (id <= 4260997))

table 5 : explain SELECT c FROM sbtest5 WHERE id BETWEEN 9880968 AND 9881967 ORDER BY c
	Sort  (cost=3639.70..3642.02 rows=929 width=121)
	  Sort Key: c
	  ->  Bitmap Heap Scan on sbtest5  (cost=21.96..3593.90 rows=929 width=121)
	        Recheck Cond: ((id >= 9880968) AND (id <= 9881967))
	        ->  Bitmap Index Scan on sbtest5_pkey  (cost=0.00..21.72 rows=929 width=0)
	              Index Cond: ((id >= 9880968) AND (id <= 9881967))

table 6 : explain SELECT c FROM sbtest6 WHERE id BETWEEN 4866960 AND 4867959 ORDER BY c
	Sort  (cost=3960.28..3962.82 rows=1013 width=121)
	  Sort Key: c
	  ->  Bitmap Heap Scan on sbtest6  (cost=22.82..3909.71 rows=1013 width=121)
	        Recheck Cond: ((id >= 4866960) AND (id <= 4867959))
	        ->  Bitmap Index Scan on sbtest6_pkey  (cost=0.00..22.57 rows=1013 width=0)
	              Index Cond: ((id >= 4866960) AND (id <= 4867959))

table 7 : explain SELECT c FROM sbtest7 WHERE id BETWEEN 3789419 AND 3790418 ORDER BY c
	Sort  (cost=4076.07..4078.67 rows=1043 width=121)
	  Sort Key: c
	  ->  Bitmap Heap Scan on sbtest7  (cost=23.13..4023.78 rows=1043 width=121)
	        Recheck Cond: ((id >= 3789419) AND (id <= 3790418))
	        ->  Bitmap Index Scan on sbtest7_pkey  (cost=0.00..22.86 rows=1043 width=0)
	              Index Cond: ((id >= 3789419) AND (id <= 3790418))

table 8 : explain SELECT c FROM sbtest8 WHERE id BETWEEN 876100 AND 877099 ORDER BY c
	Sort  (cost=4369.92..4372.72 rows=1120 width=121)
	  Sort Key: c
	  ->  Bitmap Heap Scan on sbtest8  (cost=27.92..4313.20 rows=1120 width=121)
	        Recheck Cond: ((id >= 876100) AND (id <= 877099))
	        ->  Bitmap Index Scan on sbtest8_pkey  (cost=0.00..27.64 rows=1120 width=0)
	              Index Cond: ((id >= 876100) AND (id <= 877099))

for: sum_ranges
table 1 : explain SELECT SUM(k) FROM sbtest1 WHERE id BETWEEN 5338750 AND 5339749
	Aggregate  (cost=4006.11..4006.12 rows=1 width=8)
	  ->  Bitmap Heap Scan on sbtest1  (cost=23.07..4003.51 rows=1038 width=4)
	        Recheck Cond: ((id >= 5338750) AND (id <= 5339749))
	        ->  Bitmap Index Scan on sbtest1_pkey  (cost=0.00..22.82 rows=1038 width=0)
	              Index Cond: ((id >= 5338750) AND (id <= 5339749))

table 2 : explain SELECT SUM(k) FROM sbtest2 WHERE id BETWEEN 8669435 AND 8670434
	Aggregate  (cost=3810.02..3810.03 rows=1 width=8)
	  ->  Bitmap Heap Scan on sbtest2  (cost=22.54..3807.56 rows=986 width=4)
	        Recheck Cond: ((id >= 8669435) AND (id <= 8670434))
	        ->  Bitmap Index Scan on sbtest2_pkey  (cost=0.00..22.29 rows=986 width=0)
	              Index Cond: ((id >= 8669435) AND (id <= 8670434))

table 3 : explain SELECT SUM(k) FROM sbtest3 WHERE id BETWEEN 244789 AND 245788
	Aggregate  (cost=3534.58..3534.59 rows=1 width=8)
	  ->  Bitmap Heap Scan on sbtest3  (cost=21.79..3532.30 rows=913 width=4)
	        Recheck Cond: ((id >= 244789) AND (id <= 245788))
	        ->  Bitmap Index Scan on sbtest3_pkey  (cost=0.00..21.57 rows=913 width=0)
	              Index Cond: ((id >= 244789) AND (id <= 245788))

table 4 : explain SELECT SUM(k) FROM sbtest4 WHERE id BETWEEN 1445628 AND 1446627
	Aggregate  (cost=3885.43..3885.44 rows=1 width=8)
	  ->  Bitmap Heap Scan on sbtest4  (cost=22.75..3882.91 rows=1006 width=4)
	        Recheck Cond: ((id >= 1445628) AND (id <= 1446627))
	        ->  Bitmap Index Scan on sbtest4_pkey  (cost=0.00..22.50 rows=1006 width=0)
	              Index Cond: ((id >= 1445628) AND (id <= 1446627))

table 5 : explain SELECT SUM(k) FROM sbtest5 WHERE id BETWEEN 566473 AND 567472
	Aggregate  (cost=3547.09..3547.10 rows=1 width=8)
	  ->  Bitmap Heap Scan on sbtest5  (cost=21.82..3544.80 rows=916 width=4)
	        Recheck Cond: ((id >= 566473) AND (id <= 567472))
	        ->  Bitmap Index Scan on sbtest5_pkey  (cost=0.00..21.59 rows=916 width=0)
	              Index Cond: ((id >= 566473) AND (id <= 567472))

table 6 : explain SELECT SUM(k) FROM sbtest6 WHERE id BETWEEN 4124420 AND 4125419
	Aggregate  (cost=3791.65..3791.66 rows=1 width=8)
	  ->  Bitmap Heap Scan on sbtest6  (cost=22.49..3789.20 rows=981 width=4)
	        Recheck Cond: ((id >= 4124420) AND (id <= 4125419))
	        ->  Bitmap Index Scan on sbtest6_pkey  (cost=0.00..22.25 rows=981 width=0)
	              Index Cond: ((id >= 4124420) AND (id <= 4125419))

table 7 : explain SELECT SUM(k) FROM sbtest7 WHERE id BETWEEN 2299459 AND 2300458
	Aggregate  (cost=4033.91..4033.92 rows=1 width=8)
	  ->  Bitmap Heap Scan on sbtest7  (cost=23.15..4031.30 rows=1045 width=4)
	        Recheck Cond: ((id >= 2299459) AND (id <= 2300458))
	        ->  Bitmap Index Scan on sbtest7_pkey  (cost=0.00..22.89 rows=1045 width=0)
	              Index Cond: ((id >= 2299459) AND (id <= 2300458))

table 8 : explain SELECT SUM(k) FROM sbtest8 WHERE id BETWEEN 7689084 AND 7690083
	Aggregate  (cost=3981.08..3981.09 rows=1 width=8)
	  ->  Bitmap Heap Scan on sbtest8  (cost=23.00..3978.50 rows=1031 width=4)
	        Recheck Cond: ((id >= 7689084) AND (id <= 7690083))
	        ->  Bitmap Index Scan on sbtest8_pkey  (cost=0.00..22.75 rows=1031 width=0)
	              Index Cond: ((id >= 7689084) AND (id <= 7690083))

for: order_ranges
table 1 : explain SELECT c FROM sbtest1 WHERE id BETWEEN 3553665 AND 3554664 ORDER BY c
	Sort  (cost=3650.15..3652.48 rows=932 width=121)
	  Sort Key: c
	  ->  Bitmap Heap Scan on sbtest1  (cost=21.99..3604.18 rows=932 width=121)
	        Recheck Cond: ((id >= 3553665) AND (id <= 3554664))
	        ->  Bitmap Index Scan on sbtest1_pkey  (cost=0.00..21.75 rows=932 width=0)
	              Index Cond: ((id >= 3553665) AND (id <= 3554664))

table 2 : explain SELECT c FROM sbtest2 WHERE id BETWEEN 5204418 AND 5205417 ORDER BY c
	Sort  (cost=3776.26..3778.68 rows=965 width=121)
	  Sort Key: c
	  ->  Bitmap Heap Scan on sbtest2  (cost=22.33..3728.43 rows=965 width=121)
	        Recheck Cond: ((id >= 5204418) AND (id <= 5205417))
	        ->  Bitmap Index Scan on sbtest2_pkey  (cost=0.00..22.08 rows=965 width=0)
	              Index Cond: ((id >= 5204418) AND (id <= 5205417))

table 3 : explain SELECT c FROM sbtest3 WHERE id BETWEEN 3820950 AND 3821949 ORDER BY c
	Sort  (cost=3707.44..3709.81 rows=947 width=121)
	  Sort Key: c
	  ->  Bitmap Heap Scan on sbtest3  (cost=22.14..3660.63 rows=947 width=121)
	        Recheck Cond: ((id >= 3820950) AND (id <= 3821949))
	        ->  Bitmap Index Scan on sbtest3_pkey  (cost=0.00..21.90 rows=947 width=0)
	              Index Cond: ((id >= 3820950) AND (id <= 3821949))

table 4 : explain SELECT c FROM sbtest4 WHERE id BETWEEN 4993087 AND 4994086 ORDER BY c
	Sort  (cost=3695.93..3698.29 rows=944 width=121)
	  Sort Key: c
	  ->  Bitmap Heap Scan on sbtest4  (cost=22.11..3649.28 rows=944 width=121)
	        Recheck Cond: ((id >= 4993087) AND (id <= 4994086))
	        ->  Bitmap Index Scan on sbtest4_pkey  (cost=0.00..21.87 rows=944 width=0)
	              Index Cond: ((id >= 4993087) AND (id <= 4994086))

table 5 : explain SELECT c FROM sbtest5 WHERE id BETWEEN 244138 AND 245137 ORDER BY c
	Sort  (cost=4171.27..4173.94 rows=1068 width=121)
	  Sort Key: c
	  ->  Bitmap Heap Scan on sbtest5  (cost=23.38..4117.55 rows=1068 width=121)
	        Recheck Cond: ((id >= 244138) AND (id <= 245137))
	        ->  Bitmap Index Scan on sbtest5_pkey  (cost=0.00..23.11 rows=1068 width=0)
	              Index Cond: ((id >= 244138) AND (id <= 245137))

table 6 : explain SELECT c FROM sbtest6 WHERE id BETWEEN 6467604 AND 6468603 ORDER BY c
	Sort  (cost=3834.12..3836.57 rows=980 width=121)
	  Sort Key: c
	  ->  Bitmap Heap Scan on sbtest6  (cost=22.48..3785.43 rows=980 width=121)
	        Recheck Cond: ((id >= 6467604) AND (id <= 6468603))
	        ->  Bitmap Index Scan on sbtest6_pkey  (cost=0.00..22.23 rows=980 width=0)
	              Index Cond: ((id >= 6467604) AND (id <= 6468603))

table 7 : explain SELECT c FROM sbtest7 WHERE id BETWEEN 3668343 AND 3669342 ORDER BY c
	Sort  (cost=3647.56..3649.88 rows=931 width=121)
	  Sort Key: c
	  ->  Bitmap Heap Scan on sbtest7  (cost=21.98..3601.65 rows=931 width=121)
	        Recheck Cond: ((id >= 3668343) AND (id <= 3669342))
	        ->  Bitmap Index Scan on sbtest7_pkey  (cost=0.00..21.75 rows=931 width=0)
	              Index Cond: ((id >= 3668343) AND (id <= 3669342))

table 8 : explain SELECT c FROM sbtest8 WHERE id BETWEEN 9604179 AND 9605178 ORDER BY c
	Sort  (cost=3873.36..3875.84 rows=990 width=121)
	  Sort Key: c
	  ->  Bitmap Heap Scan on sbtest8  (cost=22.58..3824.10 rows=990 width=121)
	        Recheck Cond: ((id >= 9604179) AND (id <= 9605178))
	        ->  Bitmap Index Scan on sbtest8_pkey  (cost=0.00..22.33 rows=990 width=0)
	              Index Cond: ((id >= 9604179) AND (id <= 9605178))

for: order_ranges
table 1 : explain SELECT c FROM sbtest1 WHERE id BETWEEN 1555803 AND 1556802 ORDER BY c
	Sort  (cost=3799.46..3801.88 rows=971 width=121)
	  Sort Key: c
	  ->  Bitmap Heap Scan on sbtest1  (cost=22.39..3751.28 rows=971 width=121)
	        Recheck Cond: ((id >= 1555803) AND (id <= 1556802))
	        ->  Bitmap Index Scan on sbtest1_pkey  (cost=0.00..22.14 rows=971 width=0)
	              Index Cond: ((id >= 1555803) AND (id <= 1556802))

table 2 : explain SELECT c FROM sbtest2 WHERE id BETWEEN 927850 AND 928849 ORDER BY c
	Sort  (cost=3891.00..3893.48 rows=995 width=121)
	  Sort Key: c
	  ->  Bitmap Heap Scan on sbtest2  (cost=22.63..3841.45 rows=995 width=121)
	        Recheck Cond: ((id >= 927850) AND (id <= 928849))
	        ->  Bitmap Index Scan on sbtest2_pkey  (cost=0.00..22.39 rows=995 width=0)
	              Index Cond: ((id >= 927850) AND (id <= 928849))

table 3 : explain SELECT c FROM sbtest3 WHERE id BETWEEN 8452048 AND 8453047 ORDER BY c
	Sort  (cost=4085.87..4088.48 rows=1046 width=121)
	  Sort Key: c
	  ->  Bitmap Heap Scan on sbtest3  (cost=23.16..4033.41 rows=1046 width=121)
	        Recheck Cond: ((id >= 8452048) AND (id <= 8453047))
	        ->  Bitmap Index Scan on sbtest3_pkey  (cost=0.00..22.89 rows=1046 width=0)
	              Index Cond: ((id >= 8452048) AND (id <= 8453047))

table 4 : explain SELECT c FROM sbtest4 WHERE id BETWEEN 7739265 AND 7740264 ORDER BY c
	Sort  (cost=3515.82..3518.07 rows=897 width=121)
	  Sort Key: c
	  ->  Bitmap Heap Scan on sbtest4  (cost=21.63..3471.83 rows=897 width=121)
	        Recheck Cond: ((id >= 7739265) AND (id <= 7740264))
	        ->  Bitmap Index Scan on sbtest4_pkey  (cost=0.00..21.40 rows=897 width=0)
	              Index Cond: ((id >= 7739265) AND (id <= 7740264))

table 5 : explain SELECT c FROM sbtest5 WHERE id BETWEEN 5727268 AND 5728267 ORDER BY c
	Sort  (cost=4232.31..4235.02 rows=1084 width=121)
	  Sort Key: c
	  ->  Bitmap Heap Scan on sbtest5  (cost=23.55..4177.66 rows=1084 width=121)
	        Recheck Cond: ((id >= 5727268) AND (id <= 5728267))
	        ->  Bitmap Index Scan on sbtest5_pkey  (cost=0.00..23.27 rows=1084 width=0)
	              Index Cond: ((id >= 5727268) AND (id <= 5728267))

table 6 : explain SELECT c FROM sbtest6 WHERE id BETWEEN 1380913 AND 1381912 ORDER BY c
	Sort  (cost=3925.89..3928.40 rows=1004 width=121)
	  Sort Key: c
	  ->  Bitmap Heap Scan on sbtest6  (cost=22.73..3875.83 rows=1004 width=121)
	        Recheck Cond: ((id >= 1380913) AND (id <= 1381912))
	        ->  Bitmap Index Scan on sbtest6_pkey  (cost=0.00..22.47 rows=1004 width=0)
	              Index Cond: ((id >= 1380913) AND (id <= 1381912))

table 7 : explain SELECT c FROM sbtest7 WHERE id BETWEEN 613330 AND 614329 ORDER BY c
	Sort  (cost=3865.83..3868.30 rows=988 width=121)
	  Sort Key: c
	  ->  Bitmap Heap Scan on sbtest7  (cost=22.56..3816.69 rows=988 width=121)
	        Recheck Cond: ((id >= 613330) AND (id <= 614329))
	        ->  Bitmap Index Scan on sbtest7_pkey  (cost=0.00..22.32 rows=988 width=0)
	              Index Cond: ((id >= 613330) AND (id <= 614329))

table 8 : explain SELECT c FROM sbtest8 WHERE id BETWEEN 9743128 AND 9744127 ORDER BY c
	Sort  (cost=3984.25..3986.79 rows=1019 width=121)
	  Sort Key: c
	  ->  Bitmap Heap Scan on sbtest8  (cost=22.88..3933.33 rows=1019 width=121)
	        Recheck Cond: ((id >= 9743128) AND (id <= 9744127))
	        ->  Bitmap Index Scan on sbtest8_pkey  (cost=0.00..22.62 rows=1019 width=0)
	              Index Cond: ((id >= 9743128) AND (id <= 9744127))

for: distinct_ranges
table 1 : explain SELECT DISTINCT c FROM sbtest1 WHERE id BETWEEN 4835799 AND 4836798 ORDER BY c
	Unique  (cost=4292.25..4297.75 rows=1100 width=121)
	  ->  Sort  (cost=4292.25..4295.00 rows=1100 width=121)
	        Sort Key: c
	        ->  Bitmap Heap Scan on sbtest1  (cost=27.71..4236.68 rows=1100 width=121)
	              Recheck Cond: ((id >= 4835799) AND (id <= 4836798))
	              ->  Bitmap Index Scan on sbtest1_pkey  (cost=0.00..27.43 rows=1100 width=0)
	                    Index Cond: ((id >= 4835799) AND (id <= 4836798))

table 2 : explain SELECT DISTINCT c FROM sbtest2 WHERE id BETWEEN 8406347 AND 8407346 ORDER BY c
	Unique  (cost=4081.97..4087.20 rows=1045 width=121)
	  ->  Sort  (cost=4081.97..4084.58 rows=1045 width=121)
	        Sort Key: c
	        ->  Bitmap Heap Scan on sbtest2  (cost=23.15..4029.57 rows=1045 width=121)
	              Recheck Cond: ((id >= 8406347) AND (id <= 8407346))
	              ->  Bitmap Index Scan on sbtest2_pkey  (cost=0.00..22.89 rows=1045 width=0)
	                    Index Cond: ((id >= 8406347) AND (id <= 8407346))

table 3 : explain SELECT DISTINCT c FROM sbtest3 WHERE id BETWEEN 4560931 AND 4561930 ORDER BY c
	Unique  (cost=3940.76..3945.80 rows=1008 width=121)
	  ->  Sort  (cost=3940.76..3943.28 rows=1008 width=121)
	        Sort Key: c
	        ->  Bitmap Heap Scan on sbtest3  (cost=22.77..3890.47 rows=1008 width=121)
	              Recheck Cond: ((id >= 4560931) AND (id <= 4561930))
	              ->  Bitmap Index Scan on sbtest3_pkey  (cost=0.00..22.51 rows=1008 width=0)
	                    Index Cond: ((id >= 4560931) AND (id <= 4561930))

table 4 : explain SELECT DISTINCT c FROM sbtest4 WHERE id BETWEEN 3024743 AND 3025742 ORDER BY c
	Unique  (cost=3910.15..3915.15 rows=1000 width=121)
	  ->  Sort  (cost=3910.15..3912.65 rows=1000 width=121)
	        Sort Key: c
	        ->  Bitmap Heap Scan on sbtest4  (cost=22.68..3860.32 rows=1000 width=121)
	              Recheck Cond: ((id >= 3024743) AND (id <= 3025742))
	              ->  Bitmap Index Scan on sbtest4_pkey  (cost=0.00..22.43 rows=1000 width=0)
	                    Index Cond: ((id >= 3024743) AND (id <= 3025742))

table 5 : explain SELECT DISTINCT c FROM sbtest5 WHERE id BETWEEN 578878 AND 579877 ORDER BY c
	Unique  (cost=3589.86..3594.44 rows=916 width=121)
	  ->  Sort  (cost=3589.86..3592.15 rows=916 width=121)
	        Sort Key: c
	        ->  Bitmap Heap Scan on sbtest5  (cost=21.82..3544.80 rows=916 width=121)
	              Recheck Cond: ((id >= 578878) AND (id <= 579877))
	              ->  Bitmap Index Scan on sbtest5_pkey  (cost=0.00..21.59 rows=916 width=0)
	                    Index Cond: ((id >= 578878) AND (id <= 579877))

table 6 : explain SELECT DISTINCT c FROM sbtest6 WHERE id BETWEEN 4450153 AND 4451152 ORDER BY c
	Unique  (cost=3669.53..3674.21 rows=937 width=121)
	  ->  Sort  (cost=3669.53..3671.87 rows=937 width=121)
	        Sort Key: c
	        ->  Bitmap Heap Scan on sbtest6  (cost=22.04..3623.28 rows=937 width=121)
	              Recheck Cond: ((id >= 4450153) AND (id <= 4451152))
	              ->  Bitmap Index Scan on sbtest6_pkey  (cost=0.00..21.80 rows=937 width=0)
	                    Index Cond: ((id >= 4450153) AND (id <= 4451152))

table 7 : explain SELECT DISTINCT c FROM sbtest7 WHERE id BETWEEN 612727 AND 613726 ORDER BY c
	Unique  (cost=3865.83..3870.77 rows=988 width=121)
	  ->  Sort  (cost=3865.83..3868.30 rows=988 width=121)
	        Sort Key: c
	        ->  Bitmap Heap Scan on sbtest7  (cost=22.56..3816.69 rows=988 width=121)
	              Recheck Cond: ((id >= 612727) AND (id <= 613726))
	              ->  Bitmap Index Scan on sbtest7_pkey  (cost=0.00..22.32 rows=988 width=0)
	                    Index Cond: ((id >= 612727) AND (id <= 613726))

table 8 : explain SELECT DISTINCT c FROM sbtest8 WHERE id BETWEEN 8833394 AND 8834393 ORDER BY c
	Unique  (cost=3593.78..3598.36 rows=917 width=121)
	  ->  Sort  (cost=3593.78..3596.07 rows=917 width=121)
	        Sort Key: c
	        ->  Bitmap Heap Scan on sbtest8  (cost=21.83..3548.66 rows=917 width=121)
	              Recheck Cond: ((id >= 8833394) AND (id <= 8834393))
	              ->  Bitmap Index Scan on sbtest8_pkey  (cost=0.00..21.61 rows=917 width=0)
	                    Index Cond: ((id >= 8833394) AND (id <= 8834393))

for: distinct_ranges
table 1 : explain SELECT DISTINCT c FROM sbtest1 WHERE id BETWEEN 4077700 AND 4078699 ORDER BY c
	Unique  (cost=4379.86..4385.47 rows=1123 width=121)
	  ->  Sort  (cost=4379.86..4382.67 rows=1123 width=121)
	        Sort Key: c
	        ->  Bitmap Heap Scan on sbtest1  (cost=27.95..4322.96 rows=1123 width=121)
	              Recheck Cond: ((id >= 4077700) AND (id <= 4078699))
	              ->  Bitmap Index Scan on sbtest1_pkey  (cost=0.00..27.66 rows=1123 width=0)
	                    Index Cond: ((id >= 4077700) AND (id <= 4078699))

table 2 : explain SELECT DISTINCT c FROM sbtest2 WHERE id BETWEEN 2457210 AND 2458209 ORDER BY c
	Unique  (cost=4055.25..4060.44 rows=1038 width=121)
	  ->  Sort  (cost=4055.25..4057.85 rows=1038 width=121)
	        Sort Key: c
	        ->  Bitmap Heap Scan on sbtest2  (cost=23.07..4003.25 rows=1038 width=121)
	              Recheck Cond: ((id >= 2457210) AND (id <= 2458209))
	              ->  Bitmap Index Scan on sbtest2_pkey  (cost=0.00..22.82 rows=1038 width=0)
	                    Index Cond: ((id >= 2457210) AND (id <= 2458209))

table 3 : explain SELECT DISTINCT c FROM sbtest3 WHERE id BETWEEN 9357536 AND 9358535 ORDER BY c
	Unique  (cost=3829.90..3834.79 rows=979 width=121)
	  ->  Sort  (cost=3829.90..3832.34 rows=979 width=121)
	        Sort Key: c
	        ->  Bitmap Heap Scan on sbtest3  (cost=22.47..3781.26 rows=979 width=121)
	              Recheck Cond: ((id >= 9357536) AND (id <= 9358535))
	              ->  Bitmap Index Scan on sbtest3_pkey  (cost=0.00..22.22 rows=979 width=0)
	                    Index Cond: ((id >= 9357536) AND (id <= 9358535))

table 4 : explain SELECT DISTINCT c FROM sbtest4 WHERE id BETWEEN 5415669 AND 5416668 ORDER BY c
	Unique  (cost=4051.48..4056.67 rows=1037 width=121)
	  ->  Sort  (cost=4051.48..4054.07 rows=1037 width=121)
	        Sort Key: c
	        ->  Bitmap Heap Scan on sbtest4  (cost=23.06..3999.54 rows=1037 width=121)
	              Recheck Cond: ((id >= 5415669) AND (id <= 5416668))
	              ->  Bitmap Index Scan on sbtest4_pkey  (cost=0.00..22.80 rows=1037 width=0)
	                    Index Cond: ((id >= 5415669) AND (id <= 5416668))

table 5 : explain SELECT DISTINCT c FROM sbtest5 WHERE id BETWEEN 425611 AND 426610 ORDER BY c
	Unique  (cost=3808.22..3813.09 rows=973 width=121)
	  ->  Sort  (cost=3808.22..3810.65 rows=973 width=121)
	        Sort Key: c
	        ->  Bitmap Heap Scan on sbtest5  (cost=22.41..3759.93 rows=973 width=121)
	              Recheck Cond: ((id >= 425611) AND (id <= 426610))
	              ->  Bitmap Index Scan on sbtest5_pkey  (cost=0.00..22.16 rows=973 width=0)
	                    Index Cond: ((id >= 425611) AND (id <= 426610))

table 6 : explain SELECT DISTINCT c FROM sbtest6 WHERE id BETWEEN 1936493 AND 1937492 ORDER BY c
	Unique  (cost=3803.52..3808.38 rows=972 width=121)
	  ->  Sort  (cost=3803.52..3805.95 rows=972 width=121)
	        Sort Key: c
	        ->  Bitmap Heap Scan on sbtest6  (cost=22.40..3755.28 rows=972 width=121)
	              Recheck Cond: ((id >= 1936493) AND (id <= 1937492))
	              ->  Bitmap Index Scan on sbtest6_pkey  (cost=0.00..22.15 rows=972 width=0)
	                    Index Cond: ((id >= 1936493) AND (id <= 1937492))

table 7 : explain SELECT DISTINCT c FROM sbtest7 WHERE id BETWEEN 124861 AND 125860 ORDER BY c
	Unique  (cost=3907.91..3912.90 rows=999 width=121)
	  ->  Sort  (cost=3907.91..3910.40 rows=999 width=121)
	        Sort Key: c
	        ->  Bitmap Heap Scan on sbtest7  (cost=22.67..3858.13 rows=999 width=121)
	              Recheck Cond: ((id >= 124861) AND (id <= 125860))
	              ->  Bitmap Index Scan on sbtest7_pkey  (cost=0.00..22.43 rows=999 width=0)
	                    Index Cond: ((id >= 124861) AND (id <= 125860))

table 8 : explain SELECT DISTINCT c FROM sbtest8 WHERE id BETWEEN 6919006 AND 6920005 ORDER BY c
	Unique  (cost=3961.31..3966.38 rows=1013 width=121)
	  ->  Sort  (cost=3961.31..3963.84 rows=1013 width=121)
	        Sort Key: c
	        ->  Bitmap Heap Scan on sbtest8  (cost=22.82..3910.74 rows=1013 width=121)
	              Recheck Cond: ((id >= 6919006) AND (id <= 6920005))
	              ->  Bitmap Index Scan on sbtest8_pkey  (cost=0.00..22.57 rows=1013 width=0)
	                    Index Cond: ((id >= 6919006) AND (id <= 6920005))

for: order_ranges
table 1 : explain SELECT c FROM sbtest1 WHERE id BETWEEN 5886521 AND 5887520 ORDER BY c
	Sort  (cost=4181.43..4184.11 rows=1071 width=121)
	  Sort Key: c
	  ->  Bitmap Heap Scan on sbtest1  (cost=23.41..4127.53 rows=1071 width=121)
	        Recheck Cond: ((id >= 5886521) AND (id <= 5887520))
	        ->  Bitmap Index Scan on sbtest1_pkey  (cost=0.00..23.14 rows=1071 width=0)
	              Index Cond: ((id >= 5886521) AND (id <= 5887520))

table 2 : explain SELECT c FROM sbtest2 WHERE id BETWEEN 6335635 AND 6336634 ORDER BY c
	Sort  (cost=3875.71..3878.18 rows=991 width=121)
	  Sort Key: c
	  ->  Bitmap Heap Scan on sbtest2  (cost=22.59..3826.39 rows=991 width=121)
	        Recheck Cond: ((id >= 6335635) AND (id <= 6336634))
	        ->  Bitmap Index Scan on sbtest2_pkey  (cost=0.00..22.34 rows=991 width=0)
	              Index Cond: ((id >= 6335635) AND (id <= 6336634))

table 3 : explain SELECT c FROM sbtest3 WHERE id BETWEEN 7256215 AND 7257214 ORDER BY c
	Sort  (cost=3799.29..3801.72 rows=971 width=121)
	  Sort Key: c
	  ->  Bitmap Heap Scan on sbtest3  (cost=22.39..3751.12 rows=971 width=121)
	        Recheck Cond: ((id >= 7256215) AND (id <= 7257214))
	        ->  Bitmap Index Scan on sbtest3_pkey  (cost=0.00..22.14 rows=971 width=0)
	              Index Cond: ((id >= 7256215) AND (id <= 7257214))

table 4 : explain SELECT c FROM sbtest4 WHERE id BETWEEN 6371904 AND 6372903 ORDER BY c
	Sort  (cost=3894.86..3897.35 rows=996 width=121)
	  Sort Key: c
	  ->  Bitmap Heap Scan on sbtest4  (cost=22.64..3845.26 rows=996 width=121)
	        Recheck Cond: ((id >= 6371904) AND (id <= 6372903))
	        ->  Bitmap Index Scan on sbtest4_pkey  (cost=0.00..22.39 rows=996 width=0)
	              Index Cond: ((id >= 6371904) AND (id <= 6372903))

table 5 : explain SELECT c FROM sbtest5 WHERE id BETWEEN 3645686 AND 3646685 ORDER BY c
	Sort  (cost=4030.00..4032.58 rows=1031 width=121)
	  Sort Key: c
	  ->  Bitmap Heap Scan on sbtest5  (cost=23.00..3978.40 rows=1031 width=121)
	        Recheck Cond: ((id >= 3645686) AND (id <= 3646685))
	        ->  Bitmap Index Scan on sbtest5_pkey  (cost=0.00..22.75 rows=1031 width=0)
	              Index Cond: ((id >= 3645686) AND (id <= 3646685))

table 6 : explain SELECT c FROM sbtest6 WHERE id BETWEEN 3445215 AND 3446214 ORDER BY c
	Sort  (cost=4025.22..4027.80 rows=1030 width=121)
	  Sort Key: c
	  ->  Bitmap Heap Scan on sbtest6  (cost=22.99..3973.68 rows=1030 width=121)
	        Recheck Cond: ((id >= 3445215) AND (id <= 3446214))
	        ->  Bitmap Index Scan on sbtest6_pkey  (cost=0.00..22.73 rows=1030 width=0)
	              Index Cond: ((id >= 3445215) AND (id <= 3446214))

table 7 : explain SELECT c FROM sbtest7 WHERE id BETWEEN 5451294 AND 5452293 ORDER BY c
	Sort  (cost=4041.69..4044.27 rows=1034 width=121)
	  Sort Key: c
	  ->  Bitmap Heap Scan on sbtest7  (cost=23.03..3989.92 rows=1034 width=121)
	        Recheck Cond: ((id >= 5451294) AND (id <= 5452293))
	        ->  Bitmap Index Scan on sbtest7_pkey  (cost=0.00..22.77 rows=1034 width=0)
	              Index Cond: ((id >= 5451294) AND (id <= 5452293))

table 8 : explain SELECT c FROM sbtest8 WHERE id BETWEEN 2439520 AND 2440519 ORDER BY c
	Sort  (cost=3961.31..3963.84 rows=1013 width=121)
	  Sort Key: c
	  ->  Bitmap Heap Scan on sbtest8  (cost=22.82..3910.74 rows=1013 width=121)
	        Recheck Cond: ((id >= 2439520) AND (id <= 2440519))
	        ->  Bitmap Index Scan on sbtest8_pkey  (cost=0.00..22.57 rows=1013 width=0)
	              Index Cond: ((id >= 2439520) AND (id <= 2440519))

for: order_ranges
table 1 : explain SELECT c FROM sbtest1 WHERE id BETWEEN 606073 AND 607072 ORDER BY c
	Sort  (cost=3535.17..3537.42 rows=902 width=121)
	  Sort Key: c
	  ->  Bitmap Heap Scan on sbtest1  (cost=21.68..3490.90 rows=902 width=121)
	        Recheck Cond: ((id >= 606073) AND (id <= 607072))
	        ->  Bitmap Index Scan on sbtest1_pkey  (cost=0.00..21.45 rows=902 width=0)
	              Index Cond: ((id >= 606073) AND (id <= 607072))

table 2 : explain SELECT c FROM sbtest2 WHERE id BETWEEN 4226781 AND 4227780 ORDER BY c
	Sort  (cost=3845.12..3847.57 rows=983 width=121)
	  Sort Key: c
	  ->  Bitmap Heap Scan on sbtest2  (cost=22.51..3796.26 rows=983 width=121)
	        Recheck Cond: ((id >= 4226781) AND (id <= 4227780))
	        ->  Bitmap Index Scan on sbtest2_pkey  (cost=0.00..22.26 rows=983 width=0)
	              Index Cond: ((id >= 4226781) AND (id <= 4227780))

table 3 : explain SELECT c FROM sbtest3 WHERE id BETWEEN 8164360 AND 8165359 ORDER BY c
	Sort  (cost=4165.99..4168.66 rows=1067 width=121)
	  Sort Key: c
	  ->  Bitmap Heap Scan on sbtest3  (cost=23.37..4112.32 rows=1067 width=121)
	        Recheck Cond: ((id >= 8164360) AND (id <= 8165359))
	        ->  Bitmap Index Scan on sbtest3_pkey  (cost=0.00..23.11 rows=1067 width=0)
	              Index Cond: ((id >= 8164360) AND (id <= 8165359))

table 4 : explain SELECT c FROM sbtest4 WHERE id BETWEEN 9005950 AND 9006949 ORDER BY c
	Sort  (cost=3936.90..3939.42 rows=1007 width=121)
	  Sort Key: c
	  ->  Bitmap Heap Scan on sbtest4  (cost=22.76..3886.68 rows=1007 width=121)
	        Recheck Cond: ((id >= 9005950) AND (id <= 9006949))
	        ->  Bitmap Index Scan on sbtest4_pkey  (cost=0.00..22.50 rows=1007 width=0)
	              Index Cond: ((id >= 9005950) AND (id <= 9006949))

table 5 : explain SELECT c FROM sbtest5 WHERE id BETWEEN 612796 AND 613795 ORDER BY c
	Sort  (cost=3942.10..3944.62 rows=1008 width=121)
	  Sort Key: c
	  ->  Bitmap Heap Scan on sbtest5  (cost=22.77..3891.82 rows=1008 width=121)
	        Recheck Cond: ((id >= 612796) AND (id <= 613795))
	        ->  Bitmap Index Scan on sbtest5_pkey  (cost=0.00..22.51 rows=1008 width=0)
	              Index Cond: ((id >= 612796) AND (id <= 613795))

table 6 : explain SELECT c FROM sbtest6 WHERE id BETWEEN 4919578 AND 4920577 ORDER BY c
	Sort  (cost=4208.40..4211.09 rows=1078 width=121)
	  Sort Key: c
	  ->  Bitmap Heap Scan on sbtest6  (cost=23.48..4154.10 rows=1078 width=121)
	        Recheck Cond: ((id >= 4919578) AND (id <= 4920577))
	        ->  Bitmap Index Scan on sbtest6_pkey  (cost=0.00..23.21 rows=1078 width=0)
	              Index Cond: ((id >= 4919578) AND (id <= 4920577))

table 7 : explain SELECT c FROM sbtest7 WHERE id BETWEEN 7058333 AND 7059332 ORDER BY c
	Sort  (cost=3800.77..3803.20 rows=971 width=121)
	  Sort Key: c
	  ->  Bitmap Heap Scan on sbtest7  (cost=22.39..3752.60 rows=971 width=121)
	        Recheck Cond: ((id >= 7058333) AND (id <= 7059332))
	        ->  Bitmap Index Scan on sbtest7_pkey  (cost=0.00..22.14 rows=971 width=0)
	              Index Cond: ((id >= 7058333) AND (id <= 7059332))

table 8 : explain SELECT c FROM sbtest8 WHERE id BETWEEN 5395600 AND 5396599 ORDER BY c
	Sort  (cost=3796.83..3799.25 rows=970 width=121)
	  Sort Key: c
	  ->  Bitmap Heap Scan on sbtest8  (cost=22.38..3748.71 rows=970 width=121)
	        Recheck Cond: ((id >= 5395600) AND (id <= 5396599))
	        ->  Bitmap Index Scan on sbtest8_pkey  (cost=0.00..22.14 rows=970 width=0)
	              Index Cond: ((id >= 5395600) AND (id <= 5396599))

for: distinct_ranges
table 1 : explain SELECT DISTINCT c FROM sbtest1 WHERE id BETWEEN 2671271 AND 2672270 ORDER BY c
	Unique  (cost=4089.87..4095.10 rows=1047 width=121)
	  ->  Sort  (cost=4089.87..4092.48 rows=1047 width=121)
	        Sort Key: c
	        ->  Bitmap Heap Scan on sbtest1  (cost=23.17..4037.35 rows=1047 width=121)
	              Recheck Cond: ((id >= 2671271) AND (id <= 2672270))
	              ->  Bitmap Index Scan on sbtest1_pkey  (cost=0.00..22.90 rows=1047 width=0)
	                    Index Cond: ((id >= 2671271) AND (id <= 2672270))

table 2 : explain SELECT DISTINCT c FROM sbtest2 WHERE id BETWEEN 9728822 AND 9729821 ORDER BY c
	Unique  (cost=3757.13..3761.93 rows=960 width=121)
	  ->  Sort  (cost=3757.13..3759.53 rows=960 width=121)
	        Sort Key: c
	        ->  Bitmap Heap Scan on sbtest2  (cost=22.27..3709.58 rows=960 width=121)
	              Recheck Cond: ((id >= 9728822) AND (id <= 9729821))
	              ->  Bitmap Index Scan on sbtest2_pkey  (cost=0.00..22.04 rows=960 width=0)
	                    Index Cond: ((id >= 9728822) AND (id <= 9729821))

table 3 : explain SELECT DISTINCT c FROM sbtest3 WHERE id BETWEEN 8406503 AND 8407502 ORDER BY c
	Unique  (cost=4085.87..4091.10 rows=1046 width=121)
	  ->  Sort  (cost=4085.87..4088.48 rows=1046 width=121)
	        Sort Key: c
	        ->  Bitmap Heap Scan on sbtest3  (cost=23.16..4033.41 rows=1046 width=121)
	              Recheck Cond: ((id >= 8406503) AND (id <= 8407502))
	              ->  Bitmap Index Scan on sbtest3_pkey  (cost=0.00..22.89 rows=1046 width=0)
	                    Index Cond: ((id >= 8406503) AND (id <= 8407502))

table 4 : explain SELECT DISTINCT c FROM sbtest4 WHERE id BETWEEN 2780969 AND 2781968 ORDER BY c
	Unique  (cost=4127.81..4133.09 rows=1057 width=121)
	  ->  Sort  (cost=4127.81..4130.45 rows=1057 width=121)
	        Sort Key: c
	        ->  Bitmap Heap Scan on sbtest4  (cost=23.27..4074.72 rows=1057 width=121)
	              Recheck Cond: ((id >= 2780969) AND (id <= 2781968))
	              ->  Bitmap Index Scan on sbtest4_pkey  (cost=0.00..23.00 rows=1057 width=0)
	                    Index Cond: ((id >= 2780969) AND (id <= 2781968))

table 5 : explain SELECT DISTINCT c FROM sbtest5 WHERE id BETWEEN 8607612 AND 8608611 ORDER BY c
	Unique  (cost=3815.88..3820.75 rows=975 width=121)
	  ->  Sort  (cost=3815.88..3818.31 rows=975 width=121)
	        Sort Key: c
	        ->  Bitmap Heap Scan on sbtest5  (cost=22.43..3767.47 rows=975 width=121)
	              Recheck Cond: ((id >= 8607612) AND (id <= 8608611))
	              ->  Bitmap Index Scan on sbtest5_pkey  (cost=0.00..22.18 rows=975 width=0)
	                    Index Cond: ((id >= 8607612) AND (id <= 8608611))

table 6 : explain SELECT DISTINCT c FROM sbtest6 WHERE id BETWEEN 591212 AND 592211 ORDER BY c
	Unique  (cost=3684.85..3689.55 rows=941 width=121)
	  ->  Sort  (cost=3684.85..3687.20 rows=941 width=121)
	        Sort Key: c
	        ->  Bitmap Heap Scan on sbtest6  (cost=22.08..3638.37 rows=941 width=121)
	              Recheck Cond: ((id >= 591212) AND (id <= 592211))
	              ->  Bitmap Index Scan on sbtest6_pkey  (cost=0.00..21.84 rows=941 width=0)
	                    Index Cond: ((id >= 591212) AND (id <= 592211))

table 7 : explain SELECT DISTINCT c FROM sbtest7 WHERE id BETWEEN 1292767 AND 1293766 ORDER BY c
	Unique  (cost=3647.56..3652.21 rows=931 width=121)
	  ->  Sort  (cost=3647.56..3649.88 rows=931 width=121)
	        Sort Key: c
	        ->  Bitmap Heap Scan on sbtest7  (cost=21.98..3601.65 rows=931 width=121)
	              Recheck Cond: ((id >= 1292767) AND (id <= 1293766))
	              ->  Bitmap Index Scan on sbtest7_pkey  (cost=0.00..21.75 rows=931 width=0)
	                    Index Cond: ((id >= 1292767) AND (id <= 1293766))

table 8 : explain SELECT DISTINCT c FROM sbtest8 WHERE id BETWEEN 2020918 AND 2021917 ORDER BY c
	Unique  (cost=4064.48..4069.68 rows=1040 width=121)
	  ->  Sort  (cost=4064.48..4067.08 rows=1040 width=121)
	        Sort Key: c
	        ->  Bitmap Heap Scan on sbtest8  (cost=23.09..4012.36 rows=1040 width=121)
	              Recheck Cond: ((id >= 2020918) AND (id <= 2021917))
	              ->  Bitmap Index Scan on sbtest8_pkey  (cost=0.00..22.83 rows=1040 width=0)
	                    Index Cond: ((id >= 2020918) AND (id <= 2021917))

for point_selects
table 1 : explain SELECT c FROM sbtest1 WHERE id=8307895
	Index Scan using sbtest1_pkey on sbtest1  (cost=0.43..8.45 rows=1 width=121)
	  Index Cond: (id = 8307895)

table 2 : explain SELECT c FROM sbtest2 WHERE id=7526775
	Index Scan using sbtest2_pkey on sbtest2  (cost=0.43..8.45 rows=1 width=121)
	  Index Cond: (id = 7526775)

table 3 : explain SELECT c FROM sbtest3 WHERE id=3119875
	Index Scan using sbtest3_pkey on sbtest3  (cost=0.43..8.45 rows=1 width=121)
	  Index Cond: (id = 3119875)

table 4 : explain SELECT c FROM sbtest4 WHERE id=8768826
	Index Scan using sbtest4_pkey on sbtest4  (cost=0.43..8.45 rows=1 width=121)
	  Index Cond: (id = 8768826)

table 5 : explain SELECT c FROM sbtest5 WHERE id=455056
	Index Scan using sbtest5_pkey on sbtest5  (cost=0.43..8.45 rows=1 width=121)
	  Index Cond: (id = 455056)

table 6 : explain SELECT c FROM sbtest6 WHERE id=7895951
	Index Scan using sbtest6_pkey on sbtest6  (cost=0.43..8.45 rows=1 width=121)
	  Index Cond: (id = 7895951)

table 7 : explain SELECT c FROM sbtest7 WHERE id=8936655
	Index Scan using sbtest7_pkey on sbtest7  (cost=0.43..8.45 rows=1 width=121)
	  Index Cond: (id = 8936655)

table 8 : explain SELECT c FROM sbtest8 WHERE id=6612312
	Index Scan using sbtest8_pkey on sbtest8  (cost=0.43..8.45 rows=1 width=121)
	  Index Cond: (id = 6612312)

for: sum_ranges
table 1 : explain SELECT SUM(k) FROM sbtest1 WHERE id BETWEEN 6566557 AND 6567556
	Aggregate  (cost=4013.63..4013.64 rows=1 width=8)
	  ->  Bitmap Heap Scan on sbtest1  (cost=23.09..4011.03 rows=1040 width=4)
	        Recheck Cond: ((id >= 6566557) AND (id <= 6567556))
	        ->  Bitmap Index Scan on sbtest1_pkey  (cost=0.00..22.83 rows=1040 width=0)
	              Index Cond: ((id >= 6566557) AND (id <= 6567556))

table 2 : explain SELECT SUM(k) FROM sbtest2 WHERE id BETWEEN 4366064 AND 4367063
	Aggregate  (cost=3847.71..3847.72 rows=1 width=8)
	  ->  Bitmap Heap Scan on sbtest2  (cost=22.64..3845.22 rows=996 width=4)
	        Recheck Cond: ((id >= 4366064) AND (id <= 4367063))
	        ->  Bitmap Index Scan on sbtest2_pkey  (cost=0.00..22.39 rows=996 width=0)
	              Index Cond: ((id >= 4366064) AND (id <= 4367063))

table 3 : explain SELECT SUM(k) FROM sbtest3 WHERE id BETWEEN 2652574 AND 2653573
	Aggregate  (cost=3892.99..3893.00 rows=1 width=8)
	  ->  Bitmap Heap Scan on sbtest3  (cost=22.77..3890.47 rows=1008 width=4)
	        Recheck Cond: ((id >= 2652574) AND (id <= 2653573))
	        ->  Bitmap Index Scan on sbtest3_pkey  (cost=0.00..22.51 rows=1008 width=0)
	              Index Cond: ((id >= 2652574) AND (id <= 2653573))

table 4 : explain SELECT SUM(k) FROM sbtest4 WHERE id BETWEEN 1573384 AND 1574383
	Aggregate  (cost=4141.26..4141.27 rows=1 width=8)
	  ->  Bitmap Heap Scan on sbtest4  (cost=23.44..4138.58 rows=1074 width=4)
	        Recheck Cond: ((id >= 1573384) AND (id <= 1574383))
	        ->  Bitmap Index Scan on sbtest4_pkey  (cost=0.00..23.18 rows=1074 width=0)
	              Index Cond: ((id >= 1573384) AND (id <= 1574383))

table 5 : explain SELECT SUM(k) FROM sbtest5 WHERE id BETWEEN 1898340 AND 1899339
	Aggregate  (cost=3999.80..3999.81 rows=1 width=8)
	  ->  Bitmap Heap Scan on sbtest5  (cost=23.05..3997.21 rows=1036 width=4)
	        Recheck Cond: ((id >= 1898340) AND (id <= 1899339))
	        ->  Bitmap Index Scan on sbtest5_pkey  (cost=0.00..22.79 rows=1036 width=0)
	              Index Cond: ((id >= 1898340) AND (id <= 1899339))

table 6 : explain SELECT SUM(k) FROM sbtest6 WHERE id BETWEEN 74109 AND 75108
	Aggregate  (cost=3844.43..3844.44 rows=1 width=8)
	  ->  Bitmap Heap Scan on sbtest6  (cost=22.63..3841.94 rows=995 width=4)
	        Recheck Cond: ((id >= 74109) AND (id <= 75108))
	        ->  Bitmap Index Scan on sbtest6_pkey  (cost=0.00..22.39 rows=995 width=0)
	              Index Cond: ((id >= 74109) AND (id <= 75108))

table 7 : explain SELECT SUM(k) FROM sbtest7 WHERE id BETWEEN 3530273 AND 3531272
	Aggregate  (cost=3838.01..3838.02 rows=1 width=8)
	  ->  Bitmap Heap Scan on sbtest7  (cost=22.61..3835.53 rows=993 width=4)
	        Recheck Cond: ((id >= 3530273) AND (id <= 3531272))
	        ->  Bitmap Index Scan on sbtest7_pkey  (cost=0.00..22.36 rows=993 width=0)
	              Index Cond: ((id >= 3530273) AND (id <= 3531272))

table 8 : explain SELECT SUM(k) FROM sbtest8 WHERE id BETWEEN 2419134 AND 2420133
	Aggregate  (cost=3913.27..3913.28 rows=1 width=8)
	  ->  Bitmap Heap Scan on sbtest8  (cost=22.82..3910.74 rows=1013 width=4)
	        Recheck Cond: ((id >= 2419134) AND (id <= 2420133))
	        ->  Bitmap Index Scan on sbtest8_pkey  (cost=0.00..22.57 rows=1013 width=0)
	              Index Cond: ((id >= 2419134) AND (id <= 2420133))

for point_selects
table 1 : explain SELECT c FROM sbtest1 WHERE id=6451422
	Index Scan using sbtest1_pkey on sbtest1  (cost=0.43..8.45 rows=1 width=121)
	  Index Cond: (id = 6451422)

table 2 : explain SELECT c FROM sbtest2 WHERE id=625840
	Index Scan using sbtest2_pkey on sbtest2  (cost=0.43..8.45 rows=1 width=121)
	  Index Cond: (id = 625840)

table 3 : explain SELECT c FROM sbtest3 WHERE id=1024284
	Index Scan using sbtest3_pkey on sbtest3  (cost=0.43..8.45 rows=1 width=121)
	  Index Cond: (id = 1024284)

table 4 : explain SELECT c FROM sbtest4 WHERE id=1035585
	Index Scan using sbtest4_pkey on sbtest4  (cost=0.43..8.45 rows=1 width=121)
	  Index Cond: (id = 1035585)

table 5 : explain SELECT c FROM sbtest5 WHERE id=3508679
	Index Scan using sbtest5_pkey on sbtest5  (cost=0.43..8.45 rows=1 width=121)
	  Index Cond: (id = 3508679)

table 6 : explain SELECT c FROM sbtest6 WHERE id=1562389
	Index Scan using sbtest6_pkey on sbtest6  (cost=0.43..8.45 rows=1 width=121)
	  Index Cond: (id = 1562389)

table 7 : explain SELECT c FROM sbtest7 WHERE id=8846624
	Index Scan using sbtest7_pkey on sbtest7  (cost=0.43..8.45 rows=1 width=121)
	  Index Cond: (id = 8846624)

table 8 : explain SELECT c FROM sbtest8 WHERE id=5534859
	Index Scan using sbtest8_pkey on sbtest8  (cost=0.43..8.45 rows=1 width=121)
	  Index Cond: (id = 5534859)

for: sum_ranges
table 1 : explain SELECT SUM(k) FROM sbtest1 WHERE id BETWEEN 1588986 AND 1589985
	Aggregate  (cost=3753.71..3753.72 rows=1 width=8)
	  ->  Bitmap Heap Scan on sbtest1  (cost=22.39..3751.28 rows=971 width=4)
	        Recheck Cond: ((id >= 1588986) AND (id <= 1589985))
	        ->  Bitmap Index Scan on sbtest1_pkey  (cost=0.00..22.14 rows=971 width=0)
	              Index Cond: ((id >= 1588986) AND (id <= 1589985))

table 2 : explain SELECT SUM(k) FROM sbtest2 WHERE id BETWEEN 7218972 AND 7219971
	Aggregate  (cost=3979.51..3979.52 rows=1 width=8)
	  ->  Bitmap Heap Scan on sbtest2  (cost=23.00..3976.93 rows=1031 width=4)
	        Recheck Cond: ((id >= 7218972) AND (id <= 7219971))
	        ->  Bitmap Index Scan on sbtest2_pkey  (cost=0.00..22.75 rows=1031 width=0)
	              Index Cond: ((id >= 7218972) AND (id <= 7219971))

table 3 : explain SELECT SUM(k) FROM sbtest3 WHERE id BETWEEN 6365763 AND 6366762
	Aggregate  (cost=3930.65..3930.66 rows=1 width=8)
	  ->  Bitmap Heap Scan on sbtest3  (cost=22.87..3928.11 rows=1018 width=4)
	        Recheck Cond: ((id >= 6365763) AND (id <= 6366762))
	        ->  Bitmap Index Scan on sbtest3_pkey  (cost=0.00..22.61 rows=1018 width=0)
	              Index Cond: ((id >= 6365763) AND (id <= 6366762))

table 4 : explain SELECT SUM(k) FROM sbtest4 WHERE id BETWEEN 5877916 AND 5878915
	Aggregate  (cost=3719.57..3719.58 rows=1 width=8)
	  ->  Bitmap Heap Scan on sbtest4  (cost=22.30..3717.16 rows=962 width=4)
	        Recheck Cond: ((id >= 5877916) AND (id <= 5878915))
	        ->  Bitmap Index Scan on sbtest4_pkey  (cost=0.00..22.05 rows=962 width=0)
	              Index Cond: ((id >= 5877916) AND (id <= 5878915))

table 5 : explain SELECT SUM(k) FROM sbtest5 WHERE id BETWEEN 4551552 AND 4552551
	Aggregate  (cost=3871.72..3871.73 rows=1 width=8)
	  ->  Bitmap Heap Scan on sbtest5  (cost=22.71..3869.22 rows=1002 width=4)
	        Recheck Cond: ((id >= 4551552) AND (id <= 4552551))
	        ->  Bitmap Index Scan on sbtest5_pkey  (cost=0.00..22.45 rows=1002 width=0)
	              Index Cond: ((id >= 4551552) AND (id <= 4552551))

table 6 : explain SELECT SUM(k) FROM sbtest6 WHERE id BETWEEN 3025636 AND 3026635
	Aggregate  (cost=3980.02..3980.03 rows=1 width=8)
	  ->  Bitmap Heap Scan on sbtest6  (cost=23.00..3977.44 rows=1031 width=4)
	        Recheck Cond: ((id >= 3025636) AND (id <= 3026635))
	        ->  Bitmap Index Scan on sbtest6_pkey  (cost=0.00..22.75 rows=1031 width=0)
	              Index Cond: ((id >= 3025636) AND (id <= 3026635))

table 7 : explain SELECT SUM(k) FROM sbtest7 WHERE id BETWEEN 8619993 AND 8620992
	Aggregate  (cost=4143.02..4143.03 rows=1 width=8)
	  ->  Bitmap Heap Scan on sbtest7  (cost=23.44..4140.33 rows=1074 width=4)
	        Recheck Cond: ((id >= 8619993) AND (id <= 8620992))
	        ->  Bitmap Index Scan on sbtest7_pkey  (cost=0.00..23.18 rows=1074 width=0)
	              Index Cond: ((id >= 8619993) AND (id <= 8620992))

table 8 : explain SELECT SUM(k) FROM sbtest8 WHERE id BETWEEN 8732637 AND 8733636
	Aggregate  (cost=3720.94..3720.95 rows=1 width=8)
	  ->  Bitmap Heap Scan on sbtest8  (cost=22.30..3718.53 rows=962 width=4)
	        Recheck Cond: ((id >= 8732637) AND (id <= 8733636))
	        ->  Bitmap Index Scan on sbtest8_pkey  (cost=0.00..22.05 rows=962 width=0)
	              Index Cond: ((id >= 8732637) AND (id <= 8733636))

for: distinct_ranges
table 1 : explain SELECT DISTINCT c FROM sbtest1 WHERE id BETWEEN 8812758 AND 8813757 ORDER BY c
	Unique  (cost=3715.26..3720.00 rows=949 width=121)
	  ->  Sort  (cost=3715.26..3717.63 rows=949 width=121)
	        Sort Key: c
	        ->  Bitmap Heap Scan on sbtest1  (cost=22.16..3668.33 rows=949 width=121)
	              Recheck Cond: ((id >= 8812758) AND (id <= 8813757))
	              ->  Bitmap Index Scan on sbtest1_pkey  (cost=0.00..21.93 rows=949 width=0)
	                    Index Cond: ((id >= 8812758) AND (id <= 8813757))

table 2 : explain SELECT DISTINCT c FROM sbtest2 WHERE id BETWEEN 2397732 AND 2398731 ORDER BY c
	Unique  (cost=3481.27..3485.71 rows=888 width=121)
	  ->  Sort  (cost=3481.27..3483.49 rows=888 width=121)
	        Sort Key: c
	        ->  Bitmap Heap Scan on sbtest2  (cost=21.54..3437.78 rows=888 width=121)
	              Recheck Cond: ((id >= 2397732) AND (id <= 2398731))
	              ->  Bitmap Index Scan on sbtest2_pkey  (cost=0.00..21.32 rows=888 width=0)
	                    Index Cond: ((id >= 2397732) AND (id <= 2398731))

table 3 : explain SELECT DISTINCT c FROM sbtest3 WHERE id BETWEEN 2137880 AND 2138879 ORDER BY c
	Unique  (cost=3883.43..3888.39 rows=993 width=121)
	  ->  Sort  (cost=3883.43..3885.91 rows=993 width=121)
	        Sort Key: c
	        ->  Bitmap Heap Scan on sbtest3  (cost=22.61..3834.00 rows=993 width=121)
	              Recheck Cond: ((id >= 2137880) AND (id <= 2138879))
	              ->  Bitmap Index Scan on sbtest3_pkey  (cost=0.00..22.36 rows=993 width=0)
	                    Index Cond: ((id >= 2137880) AND (id <= 2138879))

table 4 : explain SELECT DISTINCT c FROM sbtest4 WHERE id BETWEEN 9509883 AND 9510882 ORDER BY c
	Unique  (cost=4078.20..4083.42 rows=1044 width=121)
	  ->  Sort  (cost=4078.20..4080.81 rows=1044 width=121)
	        Sort Key: c
	        ->  Bitmap Heap Scan on sbtest4  (cost=23.14..4025.86 rows=1044 width=121)
	              Recheck Cond: ((id >= 9509883) AND (id <= 9510882))
	              ->  Bitmap Index Scan on sbtest4_pkey  (cost=0.00..22.87 rows=1044 width=0)
	                    Index Cond: ((id >= 9509883) AND (id <= 9510882))

table 5 : explain SELECT DISTINCT c FROM sbtest5 WHERE id BETWEEN 7391574 AND 7392573 ORDER BY c
	Unique  (cost=3524.65..3529.15 rows=899 width=121)
	  ->  Sort  (cost=3524.65..3526.90 rows=899 width=121)
	        Sort Key: c
	        ->  Bitmap Heap Scan on sbtest5  (cost=21.65..3480.55 rows=899 width=121)
	              Recheck Cond: ((id >= 7391574) AND (id <= 7392573))
	              ->  Bitmap Index Scan on sbtest5_pkey  (cost=0.00..21.43 rows=899 width=0)
	                    Index Cond: ((id >= 7391574) AND (id <= 7392573))

table 6 : explain SELECT DISTINCT c FROM sbtest6 WHERE id BETWEEN 9025598 AND 9026597 ORDER BY c
	Unique  (cost=3979.39..3984.48 rows=1018 width=121)
	  ->  Sort  (cost=3979.39..3981.93 rows=1018 width=121)
	        Sort Key: c
	        ->  Bitmap Heap Scan on sbtest6  (cost=22.87..3928.53 rows=1018 width=121)
	              Recheck Cond: ((id >= 9025598) AND (id <= 9026597))
	              ->  Bitmap Index Scan on sbtest6_pkey  (cost=0.00..22.61 rows=1018 width=0)
	                    Index Cond: ((id >= 9025598) AND (id <= 9026597))

table 7 : explain SELECT DISTINCT c FROM sbtest7 WHERE id BETWEEN 9722307 AND 9723306 ORDER BY c
	Unique  (cost=4144.79..4150.10 rows=1061 width=121)
	  ->  Sort  (cost=4144.79..4147.44 rows=1061 width=121)
	        Sort Key: c
	        ->  Bitmap Heap Scan on sbtest7  (cost=23.31..4091.47 rows=1061 width=121)
	              Recheck Cond: ((id >= 9722307) AND (id <= 9723306))
	              ->  Bitmap Index Scan on sbtest7_pkey  (cost=0.00..23.04 rows=1061 width=0)
	                    Index Cond: ((id >= 9722307) AND (id <= 9723306))

table 8 : explain SELECT DISTINCT c FROM sbtest8 WHERE id BETWEEN 2886158 AND 2887157 ORDER BY c
	Unique  (cost=3754.71..3759.51 rows=959 width=121)
	  ->  Sort  (cost=3754.71..3757.11 rows=959 width=121)
	        Sort Key: c
	        ->  Bitmap Heap Scan on sbtest8  (cost=22.26..3707.22 rows=959 width=121)
	              Recheck Cond: ((id >= 2886158) AND (id <= 2887157))
	              ->  Bitmap Index Scan on sbtest8_pkey  (cost=0.00..22.02 rows=959 width=0)
	                    Index Cond: ((id >= 2886158) AND (id <= 2887157))

for: simple_ranges
table 1 : explain SELECT c FROM sbtest1 WHERE id BETWEEN 9477270 AND 9478269
	Bitmap Heap Scan on sbtest1  (cost=21.68..3490.90 rows=902 width=121)
	  Recheck Cond: ((id >= 9477270) AND (id <= 9478269))
	  ->  Bitmap Index Scan on sbtest1_pkey  (cost=0.00..21.45 rows=902 width=0)
	        Index Cond: ((id >= 9477270) AND (id <= 9478269))

table 2 : explain SELECT c FROM sbtest2 WHERE id BETWEEN 7153587 AND 7154586
	Bitmap Heap Scan on sbtest2  (cost=23.00..3976.93 rows=1031 width=121)
	  Recheck Cond: ((id >= 7153587) AND (id <= 7154586))
	  ->  Bitmap Index Scan on sbtest2_pkey  (cost=0.00..22.75 rows=1031 width=0)
	        Index Cond: ((id >= 7153587) AND (id <= 7154586))

table 3 : explain SELECT c FROM sbtest3 WHERE id BETWEEN 4324806 AND 4325805
	Bitmap Heap Scan on sbtest3  (cost=22.36..3739.81 rows=968 width=121)
	  Recheck Cond: ((id >= 4324806) AND (id <= 4325805))
	  ->  Bitmap Index Scan on sbtest3_pkey  (cost=0.00..22.11 rows=968 width=0)
	        Index Cond: ((id >= 4324806) AND (id <= 4325805))

table 4 : explain SELECT c FROM sbtest4 WHERE id BETWEEN 6312551 AND 6313550
	Bitmap Heap Scan on sbtest4  (cost=22.64..3845.26 rows=996 width=121)
	  Recheck Cond: ((id >= 6312551) AND (id <= 6313550))
	  ->  Bitmap Index Scan on sbtest4_pkey  (cost=0.00..22.39 rows=996 width=0)
	        Index Cond: ((id >= 6312551) AND (id <= 6313550))

table 5 : explain SELECT c FROM sbtest5 WHERE id BETWEEN 2521161 AND 2522160
	Bitmap Heap Scan on sbtest5  (cost=21.96..3593.90 rows=929 width=121)
	  Recheck Cond: ((id >= 2521161) AND (id <= 2522160))
	  ->  Bitmap Index Scan on sbtest5_pkey  (cost=0.00..21.72 rows=929 width=0)
	        Index Cond: ((id >= 2521161) AND (id <= 2522160))

table 6 : explain SELECT c FROM sbtest6 WHERE id BETWEEN 7534773 AND 7535772
	Bitmap Heap Scan on sbtest6  (cost=22.87..3928.53 rows=1018 width=121)
	  Recheck Cond: ((id >= 7534773) AND (id <= 7535772))
	  ->  Bitmap Index Scan on sbtest6_pkey  (cost=0.00..22.61 rows=1018 width=0)
	        Index Cond: ((id >= 7534773) AND (id <= 7535772))

table 7 : explain SELECT c FROM sbtest7 WHERE id BETWEEN 2358494 AND 2359493
	Bitmap Heap Scan on sbtest7  (cost=22.13..3658.28 rows=946 width=121)
	  Recheck Cond: ((id >= 2358494) AND (id <= 2359493))
	  ->  Bitmap Index Scan on sbtest7_pkey  (cost=0.00..21.89 rows=946 width=0)
	        Index Cond: ((id >= 2358494) AND (id <= 2359493))

table 8 : explain SELECT c FROM sbtest8 WHERE id BETWEEN 6786954 AND 6787953
	Bitmap Heap Scan on sbtest8  (cost=21.71..3503.31 rows=905 width=121)
	  Recheck Cond: ((id >= 6786954) AND (id <= 6787953))
	  ->  Bitmap Index Scan on sbtest8_pkey  (cost=0.00..21.48 rows=905 width=0)
	        Index Cond: ((id >= 6786954) AND (id <= 6787953))

for: order_ranges
table 1 : explain SELECT c FROM sbtest1 WHERE id BETWEEN 3171062 AND 3172061 ORDER BY c
	Sort  (cost=3856.83..3859.30 rows=986 width=121)
	  Sort Key: c
	  ->  Bitmap Heap Scan on sbtest1  (cost=22.54..3807.80 rows=986 width=121)
	        Recheck Cond: ((id >= 3171062) AND (id <= 3172061))
	        ->  Bitmap Index Scan on sbtest1_pkey  (cost=0.00..22.29 rows=986 width=0)
	              Index Cond: ((id >= 3171062) AND (id <= 3172061))

table 2 : explain SELECT c FROM sbtest2 WHERE id BETWEEN 4682265 AND 4683264 ORDER BY c
	Sort  (cost=4177.34..4180.02 rows=1070 width=121)
	  Sort Key: c
	  ->  Bitmap Heap Scan on sbtest2  (cost=23.40..4123.50 rows=1070 width=121)
	        Recheck Cond: ((id >= 4682265) AND (id <= 4683264))
	        ->  Bitmap Index Scan on sbtest2_pkey  (cost=0.00..23.14 rows=1070 width=0)
	              Index Cond: ((id >= 4682265) AND (id <= 4683264))

table 3 : explain SELECT c FROM sbtest3 WHERE id BETWEEN 2105822 AND 2106821 ORDER BY c
	Sort  (cost=3883.43..3885.91 rows=993 width=121)
	  Sort Key: c
	  ->  Bitmap Heap Scan on sbtest3  (cost=22.61..3834.00 rows=993 width=121)
	        Recheck Cond: ((id >= 2105822) AND (id <= 2106821))
	        ->  Bitmap Index Scan on sbtest3_pkey  (cost=0.00..22.36 rows=993 width=0)
	              Index Cond: ((id >= 2105822) AND (id <= 2106821))

table 4 : explain SELECT c FROM sbtest4 WHERE id BETWEEN 1709706 AND 1710705 ORDER BY c
	Sort  (cost=3978.93..3981.47 rows=1018 width=121)
	  Sort Key: c
	  ->  Bitmap Heap Scan on sbtest4  (cost=22.87..3928.07 rows=1018 width=121)
	        Recheck Cond: ((id >= 1709706) AND (id <= 1710705))
	        ->  Bitmap Index Scan on sbtest4_pkey  (cost=0.00..22.61 rows=1018 width=0)
	              Index Cond: ((id >= 1709706) AND (id <= 1710705))

table 5 : explain SELECT c FROM sbtest5 WHERE id BETWEEN 179763 AND 180762 ORDER BY c
	Sort  (cost=3999.44..4001.99 rows=1023 width=121)
	  Sort Key: c
	  ->  Bitmap Heap Scan on sbtest5  (cost=22.92..3948.29 rows=1023 width=121)
	        Recheck Cond: ((id >= 179763) AND (id <= 180762))
	        ->  Bitmap Index Scan on sbtest5_pkey  (cost=0.00..22.66 rows=1023 width=0)
	              Index Cond: ((id >= 179763) AND (id <= 180762))

table 6 : explain SELECT c FROM sbtest6 WHERE id BETWEEN 5267350 AND 5268349 ORDER BY c
	Sort  (cost=3937.35..3939.87 rows=1007 width=121)
	  Sort Key: c
	  ->  Bitmap Heap Scan on sbtest6  (cost=22.76..3887.13 rows=1007 width=121)
	        Recheck Cond: ((id >= 5267350) AND (id <= 5268349))
	        ->  Bitmap Index Scan on sbtest6_pkey  (cost=0.00..22.50 rows=1007 width=0)
	              Index Cond: ((id >= 5267350) AND (id <= 5268349))

table 7 : explain SELECT c FROM sbtest7 WHERE id BETWEEN 2961348 AND 2962347 ORDER BY c
	Sort  (cost=4259.44..4262.16 rows=1090 width=121)
	  Sort Key: c
	  ->  Bitmap Heap Scan on sbtest7  (cost=27.61..4204.45 rows=1090 width=121)
	        Recheck Cond: ((id >= 2961348) AND (id <= 2962347))
	        ->  Bitmap Index Scan on sbtest7_pkey  (cost=0.00..27.33 rows=1090 width=0)
	              Index Cond: ((id >= 2961348) AND (id <= 2962347))

table 8 : explain SELECT c FROM sbtest8 WHERE id BETWEEN 6516412 AND 6517411 ORDER BY c
	Sort  (cost=3815.97..3818.40 rows=975 width=121)
	  Sort Key: c
	  ->  Bitmap Heap Scan on sbtest8  (cost=22.43..3767.56 rows=975 width=121)
	        Recheck Cond: ((id >= 6516412) AND (id <= 6517411))
	        ->  Bitmap Index Scan on sbtest8_pkey  (cost=0.00..22.18 rows=975 width=0)
	              Index Cond: ((id >= 6516412) AND (id <= 6517411))

for: distinct_ranges
table 1 : explain SELECT DISTINCT c FROM sbtest1 WHERE id BETWEEN 3745782 AND 3746781 ORDER BY c
	Unique  (cost=3853.01..3857.93 rows=985 width=121)
	  ->  Sort  (cost=3853.01..3855.47 rows=985 width=121)
	        Sort Key: c
	        ->  Bitmap Heap Scan on sbtest1  (cost=22.53..3804.03 rows=985 width=121)
	              Recheck Cond: ((id >= 3745782) AND (id <= 3746781))
	              ->  Bitmap Index Scan on sbtest1_pkey  (cost=0.00..22.29 rows=985 width=0)
	                    Index Cond: ((id >= 3745782) AND (id <= 3746781))

table 2 : explain SELECT DISTINCT c FROM sbtest2 WHERE id BETWEEN 3521213 AND 3522212 ORDER BY c
	Unique  (cost=4253.59..4259.04 rows=1090 width=121)
	  ->  Sort  (cost=4253.59..4256.31 rows=1090 width=121)
	        Sort Key: c
	        ->  Bitmap Heap Scan on sbtest2  (cost=23.61..4198.60 rows=1090 width=121)
	              Recheck Cond: ((id >= 3521213) AND (id <= 3522212))
	              ->  Bitmap Index Scan on sbtest2_pkey  (cost=0.00..23.33 rows=1090 width=0)
	                    Index Cond: ((id >= 3521213) AND (id <= 3522212))

table 3 : explain SELECT DISTINCT c FROM sbtest3 WHERE id BETWEEN 7989850 AND 7990849 ORDER BY c
	Unique  (cost=4040.06..4045.23 rows=1034 width=121)
	  ->  Sort  (cost=4040.06..4042.65 rows=1034 width=121)
	        Sort Key: c
	        ->  Bitmap Heap Scan on sbtest3  (cost=23.03..3988.29 rows=1034 width=121)
	              Recheck Cond: ((id >= 7989850) AND (id <= 7990849))
	              ->  Bitmap Index Scan on sbtest3_pkey  (cost=0.00..22.77 rows=1034 width=0)
	                    Index Cond: ((id >= 7989850) AND (id <= 7990849))

table 4 : explain SELECT DISTINCT c FROM sbtest4 WHERE id BETWEEN 4477999 AND 4478998 ORDER BY c
	Unique  (cost=4292.02..4297.52 rows=1100 width=121)
	  ->  Sort  (cost=4292.02..4294.77 rows=1100 width=121)
	        Sort Key: c
	        ->  Bitmap Heap Scan on sbtest4  (cost=27.71..4236.45 rows=1100 width=121)
	              Recheck Cond: ((id >= 4477999) AND (id <= 4478998))
	              ->  Bitmap Index Scan on sbtest4_pkey  (cost=0.00..27.43 rows=1100 width=0)
	                    Index Cond: ((id >= 4477999) AND (id <= 4478998))

table 5 : explain SELECT DISTINCT c FROM sbtest5 WHERE id BETWEEN 5046550 AND 5047549 ORDER BY c
	Unique  (cost=4129.29..4134.57 rows=1057 width=121)
	  ->  Sort  (cost=4129.29..4131.93 rows=1057 width=121)
	        Sort Key: c
	        ->  Bitmap Heap Scan on sbtest5  (cost=23.27..4076.20 rows=1057 width=121)
	              Recheck Cond: ((id >= 5046550) AND (id <= 5047549))
	              ->  Bitmap Index Scan on sbtest5_pkey  (cost=0.00..23.00 rows=1057 width=0)
	                    Index Cond: ((id >= 5046550) AND (id <= 5047549))

table 6 : explain SELECT DISTINCT c FROM sbtest6 WHERE id BETWEEN 3167137 AND 3168136 ORDER BY c
	Unique  (cost=4055.77..4060.96 rows=1038 width=121)
	  ->  Sort  (cost=4055.77..4058.37 rows=1038 width=121)
	        Sort Key: c
	        ->  Bitmap Heap Scan on sbtest6  (cost=23.07..4003.77 rows=1038 width=121)
	              Recheck Cond: ((id >= 3167137) AND (id <= 3168136))
	              ->  Bitmap Index Scan on sbtest6_pkey  (cost=0.00..22.82 rows=1038 width=0)
	                    Index Cond: ((id >= 3167137) AND (id <= 3168136))

table 7 : explain SELECT DISTINCT c FROM sbtest7 WHERE id BETWEEN 9899468 AND 9900467 ORDER BY c
	Unique  (cost=3888.78..3893.75 rows=994 width=121)
	  ->  Sort  (cost=3888.78..3891.27 rows=994 width=121)
	        Sort Key: c
	        ->  Bitmap Heap Scan on sbtest7  (cost=22.62..3839.30 rows=994 width=121)
	              Recheck Cond: ((id >= 9899468) AND (id <= 9900467))
	              ->  Bitmap Index Scan on sbtest7_pkey  (cost=0.00..22.37 rows=994 width=0)
	                    Index Cond: ((id >= 9899468) AND (id <= 9900467))

table 8 : explain SELECT DISTINCT c FROM sbtest8 WHERE id BETWEEN 8762186 AND 8763185 ORDER BY c
	Unique  (cost=3766.20..3771.01 rows=962 width=121)
	  ->  Sort  (cost=3766.20..3768.61 rows=962 width=121)
	        Sort Key: c
	        ->  Bitmap Heap Scan on sbtest8  (cost=22.30..3718.53 rows=962 width=121)
	              Recheck Cond: ((id >= 8762186) AND (id <= 8763185))
	              ->  Bitmap Index Scan on sbtest8_pkey  (cost=0.00..22.05 rows=962 width=0)
	                    Index Cond: ((id >= 8762186) AND (id <= 8763185))

for: order_ranges
table 1 : explain SELECT c FROM sbtest1 WHERE id BETWEEN 669118 AND 670117 ORDER BY c
	Sort  (cost=4086.05..4088.67 rows=1046 width=121)
	  Sort Key: c
	  ->  Bitmap Heap Scan on sbtest1  (cost=23.16..4033.59 rows=1046 width=121)
	        Recheck Cond: ((id >= 669118) AND (id <= 670117))
	        ->  Bitmap Index Scan on sbtest1_pkey  (cost=0.00..22.89 rows=1046 width=0)
	              Index Cond: ((id >= 669118) AND (id <= 670117))

table 2 : explain SELECT c FROM sbtest2 WHERE id BETWEEN 9917682 AND 9918681 ORDER BY c
	Sort  (cost=3661.42..3663.76 rows=935 width=121)
	  Sort Key: c
	  ->  Bitmap Heap Scan on sbtest2  (cost=22.02..3615.28 rows=935 width=121)
	        Recheck Cond: ((id >= 9917682) AND (id <= 9918681))
	        ->  Bitmap Index Scan on sbtest2_pkey  (cost=0.00..21.79 rows=935 width=0)
	              Index Cond: ((id >= 9917682) AND (id <= 9918681))

table 3 : explain SELECT c FROM sbtest3 WHERE id BETWEEN 5070321 AND 5071320 ORDER BY c
	Sort  (cost=3986.60..3989.15 rows=1020 width=121)
	  Sort Key: c
	  ->  Bitmap Heap Scan on sbtest3  (cost=22.89..3935.63 rows=1020 width=121)
	        Recheck Cond: ((id >= 5070321) AND (id <= 5071320))
	        ->  Bitmap Index Scan on sbtest3_pkey  (cost=0.00..22.64 rows=1020 width=0)
	              Index Cond: ((id >= 5070321) AND (id <= 5071320))

table 4 : explain SELECT c FROM sbtest4 WHERE id BETWEEN 2435272 AND 2436271 ORDER BY c
	Sort  (cost=3818.39..3820.83 rows=976 width=121)
	  Sort Key: c
	  ->  Bitmap Heap Scan on sbtest4  (cost=22.44..3769.93 rows=976 width=121)
	        Recheck Cond: ((id >= 2435272) AND (id <= 2436271))
	        ->  Bitmap Index Scan on sbtest4_pkey  (cost=0.00..22.19 rows=976 width=0)
	              Index Cond: ((id >= 2435272) AND (id <= 2436271))

table 5 : explain SELECT c FROM sbtest5 WHERE id BETWEEN 1496273 AND 1497272 ORDER BY c
	Sort  (cost=4320.27..4323.04 rows=1107 width=121)
	  Sort Key: c
	  ->  Bitmap Heap Scan on sbtest5  (cost=27.78..4264.30 rows=1107 width=121)
	        Recheck Cond: ((id >= 1496273) AND (id <= 1497272))
	        ->  Bitmap Index Scan on sbtest5_pkey  (cost=0.00..27.50 rows=1107 width=0)
	              Index Cond: ((id >= 1496273) AND (id <= 1497272))

table 6 : explain SELECT c FROM sbtest6 WHERE id BETWEEN 8914728 AND 8915727 ORDER BY c
	Sort  (cost=3918.24..3920.75 rows=1002 width=121)
	  Sort Key: c
	  ->  Bitmap Heap Scan on sbtest6  (cost=22.71..3868.30 rows=1002 width=121)
	        Recheck Cond: ((id >= 8914728) AND (id <= 8915727))
	        ->  Bitmap Index Scan on sbtest6_pkey  (cost=0.00..22.45 rows=1002 width=0)
	              Index Cond: ((id >= 8914728) AND (id <= 8915727))

table 7 : explain SELECT c FROM sbtest7 WHERE id BETWEEN 3983728 AND 3984727 ORDER BY c
	Sort  (cost=3972.91..3975.45 rows=1016 width=121)
	  Sort Key: c
	  ->  Bitmap Heap Scan on sbtest7  (cost=22.85..3922.16 rows=1016 width=121)
	        Recheck Cond: ((id >= 3983728) AND (id <= 3984727))
	        ->  Bitmap Index Scan on sbtest7_pkey  (cost=0.00..22.59 rows=1016 width=0)
	              Index Cond: ((id >= 3983728) AND (id <= 3984727))

table 8 : explain SELECT c FROM sbtest8 WHERE id BETWEEN 1654675 AND 1655674 ORDER BY c
	Sort  (cost=3869.53..3872.01 rows=989 width=121)
	  Sort Key: c
	  ->  Bitmap Heap Scan on sbtest8  (cost=22.57..3820.33 rows=989 width=121)
	        Recheck Cond: ((id >= 1654675) AND (id <= 1655674))
	        ->  Bitmap Index Scan on sbtest8_pkey  (cost=0.00..22.32 rows=989 width=0)
	              Index Cond: ((id >= 1654675) AND (id <= 1655674))

for: order_ranges
table 1 : explain SELECT c FROM sbtest1 WHERE id BETWEEN 8919406 AND 8920405 ORDER BY c
	Sort  (cost=3963.85..3966.39 rows=1014 width=121)
	  Sort Key: c
	  ->  Bitmap Heap Scan on sbtest1  (cost=22.83..3913.23 rows=1014 width=121)
	        Recheck Cond: ((id >= 8919406) AND (id <= 8920405))
	        ->  Bitmap Index Scan on sbtest1_pkey  (cost=0.00..22.57 rows=1014 width=0)
	              Index Cond: ((id >= 8919406) AND (id <= 8920405))

table 2 : explain SELECT c FROM sbtest2 WHERE id BETWEEN 9068928 AND 9069927 ORDER BY c
	Sort  (cost=3852.77..3855.23 rows=985 width=121)
	  Sort Key: c
	  ->  Bitmap Heap Scan on sbtest2  (cost=22.53..3803.79 rows=985 width=121)
	        Recheck Cond: ((id >= 9068928) AND (id <= 9069927))
	        ->  Bitmap Index Scan on sbtest2_pkey  (cost=0.00..22.29 rows=985 width=0)
	              Index Cond: ((id >= 9068928) AND (id <= 9069927))

table 3 : explain SELECT c FROM sbtest3 WHERE id BETWEEN 4243975 AND 4244974 ORDER BY c
	Sort  (cost=3772.51..3774.92 rows=964 width=121)
	  Sort Key: c
	  ->  Bitmap Heap Scan on sbtest3  (cost=22.32..3724.73 rows=964 width=121)
	        Recheck Cond: ((id >= 4243975) AND (id <= 4244974))
	        ->  Bitmap Index Scan on sbtest3_pkey  (cost=0.00..22.07 rows=964 width=0)
	              Index Cond: ((id >= 4243975) AND (id <= 4244974))

table 4 : explain SELECT c FROM sbtest4 WHERE id BETWEEN 1948718 AND 1949717 ORDER BY c
	Sort  (cost=3810.74..3813.17 rows=974 width=121)
	  Sort Key: c
	  ->  Bitmap Heap Scan on sbtest4  (cost=22.42..3762.39 rows=974 width=121)
	        Recheck Cond: ((id >= 1948718) AND (id <= 1949717))
	        ->  Bitmap Index Scan on sbtest4_pkey  (cost=0.00..22.18 rows=974 width=0)
	              Index Cond: ((id >= 1948718) AND (id <= 1949717))

table 5 : explain SELECT c FROM sbtest5 WHERE id BETWEEN 7470523 AND 7471522 ORDER BY c
	Sort  (cost=3968.86..3971.40 rows=1015 width=121)
	  Sort Key: c
	  ->  Bitmap Heap Scan on sbtest5  (cost=22.84..3918.18 rows=1015 width=121)
	        Recheck Cond: ((id >= 7470523) AND (id <= 7471522))
	        ->  Bitmap Index Scan on sbtest5_pkey  (cost=0.00..22.58 rows=1015 width=0)
	              Index Cond: ((id >= 7470523) AND (id <= 7471522))

table 6 : explain SELECT c FROM sbtest6 WHERE id BETWEEN 8418540 AND 8419539 ORDER BY c
	Sort  (cost=3807.34..3809.77 rows=973 width=121)
	  Sort Key: c
	  ->  Bitmap Heap Scan on sbtest6  (cost=22.41..3759.05 rows=973 width=121)
	        Recheck Cond: ((id >= 8418540) AND (id <= 8419539))
	        ->  Bitmap Index Scan on sbtest6_pkey  (cost=0.00..22.16 rows=973 width=0)
	              Index Cond: ((id >= 8418540) AND (id <= 8419539))

table 7 : explain SELECT c FROM sbtest7 WHERE id BETWEEN 5988350 AND 5989349 ORDER BY c
	Sort  (cost=3946.15..3948.67 rows=1009 width=121)
	  Sort Key: c
	  ->  Bitmap Heap Scan on sbtest7  (cost=22.78..3895.80 rows=1009 width=121)
	        Recheck Cond: ((id >= 5988350) AND (id <= 5989349))
	        ->  Bitmap Index Scan on sbtest7_pkey  (cost=0.00..22.52 rows=1009 width=0)
	              Index Cond: ((id >= 5988350) AND (id <= 5989349))

table 8 : explain SELECT c FROM sbtest8 WHERE id BETWEEN 5611714 AND 5612713 ORDER BY c
	Sort  (cost=3850.41..3852.87 rows=984 width=121)
	  Sort Key: c
	  ->  Bitmap Heap Scan on sbtest8  (cost=22.52..3801.49 rows=984 width=121)
	        Recheck Cond: ((id >= 5611714) AND (id <= 5612713))
	        ->  Bitmap Index Scan on sbtest8_pkey  (cost=0.00..22.27 rows=984 width=0)
	              Index Cond: ((id >= 5611714) AND (id <= 5612713))

for: order_ranges
table 1 : explain SELECT c FROM sbtest1 WHERE id BETWEEN 5671124 AND 5672123 ORDER BY c
	Sort  (cost=3960.03..3962.57 rows=1013 width=121)
	  Sort Key: c
	  ->  Bitmap Heap Scan on sbtest1  (cost=22.82..3909.46 rows=1013 width=121)
	        Recheck Cond: ((id >= 5671124) AND (id <= 5672123))
	        ->  Bitmap Index Scan on sbtest1_pkey  (cost=0.00..22.57 rows=1013 width=0)
	              Index Cond: ((id >= 5671124) AND (id <= 5672123))

table 2 : explain SELECT c FROM sbtest2 WHERE id BETWEEN 6502833 AND 6503832 ORDER BY c
	Sort  (cost=3523.46..3525.70 rows=899 width=121)
	  Sort Key: c
	  ->  Bitmap Heap Scan on sbtest2  (cost=21.65..3479.35 rows=899 width=121)
	        Recheck Cond: ((id >= 6502833) AND (id <= 6503832))
	        ->  Bitmap Index Scan on sbtest2_pkey  (cost=0.00..21.43 rows=899 width=0)
	              Index Cond: ((id >= 6502833) AND (id <= 6503832))

table 3 : explain SELECT c FROM sbtest3 WHERE id BETWEEN 9702774 AND 9703773 ORDER BY c
	Sort  (cost=3726.58..3728.96 rows=952 width=121)
	  Sort Key: c
	  ->  Bitmap Heap Scan on sbtest3  (cost=22.19..3679.49 rows=952 width=121)
	        Recheck Cond: ((id >= 9702774) AND (id <= 9703773))
	        ->  Bitmap Index Scan on sbtest3_pkey  (cost=0.00..21.95 rows=952 width=0)
	              Index Cond: ((id >= 9702774) AND (id <= 9703773))

table 4 : explain SELECT c FROM sbtest4 WHERE id BETWEEN 5581200 AND 5582199 ORDER BY c
	Sort  (cost=3883.40..3885.88 rows=993 width=121)
	  Sort Key: c
	  ->  Bitmap Heap Scan on sbtest4  (cost=22.61..3833.97 rows=993 width=121)
	        Recheck Cond: ((id >= 5581200) AND (id <= 5582199))
	        ->  Bitmap Index Scan on sbtest4_pkey  (cost=0.00..22.36 rows=993 width=0)
	              Index Cond: ((id >= 5581200) AND (id <= 5582199))

table 5 : explain SELECT c FROM sbtest5 WHERE id BETWEEN 3192799 AND 3193798 ORDER BY c
	Sort  (cost=3930.63..3933.15 rows=1005 width=121)
	  Sort Key: c
	  ->  Bitmap Heap Scan on sbtest5  (cost=22.74..3880.52 rows=1005 width=121)
	        Recheck Cond: ((id >= 3192799) AND (id <= 3193798))
	        ->  Bitmap Index Scan on sbtest5_pkey  (cost=0.00..22.48 rows=1005 width=0)
	              Index Cond: ((id >= 3192799) AND (id <= 3193798))

table 6 : explain SELECT c FROM sbtest6 WHERE id BETWEEN 9171786 AND 9172785 ORDER BY c
	Sort  (cost=4638.83..4641.81 rows=1191 width=121)
	  Sort Key: c
	  ->  Bitmap Heap Scan on sbtest6  (cost=28.64..4577.99 rows=1191 width=121)
	        Recheck Cond: ((id >= 9171786) AND (id <= 9172785))
	        ->  Bitmap Index Scan on sbtest6_pkey  (cost=0.00..28.34 rows=1191 width=0)
	              Index Cond: ((id >= 9171786) AND (id <= 9172785))

table 7 : explain SELECT c FROM sbtest7 WHERE id BETWEEN 922833 AND 923832 ORDER BY c
	Sort  (cost=3194.38..3196.41 rows=813 width=121)
	  Sort Key: c
	  ->  Bitmap Heap Scan on sbtest7  (cost=20.77..3155.08 rows=813 width=121)
	        Recheck Cond: ((id >= 922833) AND (id <= 923832))
	        ->  Bitmap Index Scan on sbtest7_pkey  (cost=0.00..20.57 rows=813 width=0)
	              Index Cond: ((id >= 922833) AND (id <= 923832))

table 8 : explain SELECT c FROM sbtest8 WHERE id BETWEEN 7090966 AND 7091965 ORDER BY c
	Sort  (cost=3919.26..3921.76 rows=1002 width=121)
	  Sort Key: c
	  ->  Bitmap Heap Scan on sbtest8  (cost=22.71..3869.31 rows=1002 width=121)
	        Recheck Cond: ((id >= 7090966) AND (id <= 7091965))
	        ->  Bitmap Index Scan on sbtest8_pkey  (cost=0.00..22.45 rows=1002 width=0)
	              Index Cond: ((id >= 7090966) AND (id <= 7091965))

for: distinct_ranges
table 1 : explain SELECT DISTINCT c FROM sbtest1 WHERE id BETWEEN 5837381 AND 5838380 ORDER BY c
	Unique  (cost=4185.24..4190.60 rows=1072 width=121)
	  ->  Sort  (cost=4185.24..4187.92 rows=1072 width=121)
	        Sort Key: c
	        ->  Bitmap Heap Scan on sbtest1  (cost=23.42..4131.29 rows=1072 width=121)
	              Recheck Cond: ((id >= 5837381) AND (id <= 5838380))
	              ->  Bitmap Index Scan on sbtest1_pkey  (cost=0.00..23.15 rows=1072 width=0)
	                    Index Cond: ((id >= 5837381) AND (id <= 5838380))

table 2 : explain SELECT DISTINCT c FROM sbtest2 WHERE id BETWEEN 7614436 AND 7615435 ORDER BY c
	Unique  (cost=3634.61..3639.25 rows=928 width=121)
	  ->  Sort  (cost=3634.61..3636.93 rows=928 width=121)
	        Sort Key: c
	        ->  Bitmap Heap Scan on sbtest2  (cost=21.95..3588.87 rows=928 width=121)
	              Recheck Cond: ((id >= 7614436) AND (id <= 7615435))
	              ->  Bitmap Index Scan on sbtest2_pkey  (cost=0.00..21.71 rows=928 width=0)
	                    Index Cond: ((id >= 7614436) AND (id <= 7615435))

table 3 : explain SELECT DISTINCT c FROM sbtest3 WHERE id BETWEEN 115990 AND 116989 ORDER BY c
	Unique  (cost=3910.19..3915.19 rows=1000 width=121)
	  ->  Sort  (cost=3910.19..3912.69 rows=1000 width=121)
	        Sort Key: c
	        ->  Bitmap Heap Scan on sbtest3  (cost=22.68..3860.36 rows=1000 width=121)
	              Recheck Cond: ((id >= 115990) AND (id <= 116989))
	              ->  Bitmap Index Scan on sbtest3_pkey  (cost=0.00..22.43 rows=1000 width=0)
	                    Index Cond: ((id >= 115990) AND (id <= 116989))

table 4 : explain SELECT DISTINCT c FROM sbtest4 WHERE id BETWEEN 4496478 AND 4497477 ORDER BY c
	Unique  (cost=4292.02..4297.52 rows=1100 width=121)
	  ->  Sort  (cost=4292.02..4294.77 rows=1100 width=121)
	        Sort Key: c
	        ->  Bitmap Heap Scan on sbtest4  (cost=27.71..4236.45 rows=1100 width=121)
	              Recheck Cond: ((id >= 4496478) AND (id <= 4497477))
	              ->  Bitmap Index Scan on sbtest4_pkey  (cost=0.00..27.43 rows=1100 width=0)
	                    Index Cond: ((id >= 4496478) AND (id <= 4497477))

table 5 : explain SELECT DISTINCT c FROM sbtest5 WHERE id BETWEEN 8713210 AND 8714209 ORDER BY c
	Unique  (cost=3685.68..3690.39 rows=941 width=121)
	  ->  Sort  (cost=3685.68..3688.03 rows=941 width=121)
	        Sort Key: c
	        ->  Bitmap Heap Scan on sbtest5  (cost=22.08..3639.21 rows=941 width=121)
	              Recheck Cond: ((id >= 8713210) AND (id <= 8714209))
	              ->  Bitmap Index Scan on sbtest5_pkey  (cost=0.00..21.84 rows=941 width=0)
	                    Index Cond: ((id >= 8713210) AND (id <= 8714209))

table 6 : explain SELECT DISTINCT c FROM sbtest6 WHERE id BETWEEN 1101652 AND 1102651 ORDER BY c
	Unique  (cost=4086.31..4091.54 rows=1046 width=121)
	  ->  Sort  (cost=4086.31..4088.93 rows=1046 width=121)
	        Sort Key: c
	        ->  Bitmap Heap Scan on sbtest6  (cost=23.16..4033.85 rows=1046 width=121)
	              Recheck Cond: ((id >= 1101652) AND (id <= 1102651))
	              ->  Bitmap Index Scan on sbtest6_pkey  (cost=0.00..22.89 rows=1046 width=0)
	                    Index Cond: ((id >= 1101652) AND (id <= 1102651))

table 7 : explain SELECT DISTINCT c FROM sbtest7 WHERE id BETWEEN 5875558 AND 5876557 ORDER BY c
	Unique  (cost=3497.98..3502.44 rows=892 width=121)
	  ->  Sort  (cost=3497.98..3500.21 rows=892 width=121)
	        Sort Key: c
	        ->  Bitmap Heap Scan on sbtest7  (cost=21.58..3454.26 rows=892 width=121)
	              Recheck Cond: ((id >= 5875558) AND (id <= 5876557))
	              ->  Bitmap Index Scan on sbtest7_pkey  (cost=0.00..21.36 rows=892 width=0)
	                    Index Cond: ((id >= 5875558) AND (id <= 5876557))

table 8 : explain SELECT DISTINCT c FROM sbtest8 WHERE id BETWEEN 8576444 AND 8577443 ORDER BY c
	Unique  (cost=4324.19..4329.73 rows=1108 width=121)
	  ->  Sort  (cost=4324.19..4326.96 rows=1108 width=121)
	        Sort Key: c
	        ->  Bitmap Heap Scan on sbtest8  (cost=27.79..4268.16 rows=1108 width=121)
	              Recheck Cond: ((id >= 8576444) AND (id <= 8577443))
	              ->  Bitmap Index Scan on sbtest8_pkey  (cost=0.00..27.51 rows=1108 width=0)
	                    Index Cond: ((id >= 8576444) AND (id <= 8577443))

for: sum_ranges
table 1 : explain SELECT SUM(k) FROM sbtest1 WHERE id BETWEEN 6039745 AND 6040744
	Aggregate  (cost=4077.58..4077.59 rows=1 width=8)
	  ->  Bitmap Heap Scan on sbtest1  (cost=23.27..4074.94 rows=1057 width=4)
	        Recheck Cond: ((id >= 6039745) AND (id <= 6040744))
	        ->  Bitmap Index Scan on sbtest1_pkey  (cost=0.00..23.00 rows=1057 width=0)
	              Index Cond: ((id >= 6039745) AND (id <= 6040744))

table 2 : explain SELECT SUM(k) FROM sbtest2 WHERE id BETWEEN 6563500 AND 6564499
	Aggregate  (cost=3987.03..3987.04 rows=1 width=8)
	  ->  Bitmap Heap Scan on sbtest2  (cost=23.02..3984.45 rows=1033 width=4)
	        Recheck Cond: ((id >= 6563500) AND (id <= 6564499))
	        ->  Bitmap Index Scan on sbtest2_pkey  (cost=0.00..22.76 rows=1033 width=0)
	              Index Cond: ((id >= 6563500) AND (id <= 6564499))

table 3 : explain SELECT SUM(k) FROM sbtest3 WHERE id BETWEEN 5110734 AND 5111733
	Aggregate  (cost=3768.63..3768.64 rows=1 width=8)
	  ->  Bitmap Heap Scan on sbtest3  (cost=22.43..3766.19 rows=975 width=4)
	        Recheck Cond: ((id >= 5110734) AND (id <= 5111733))
	        ->  Bitmap Index Scan on sbtest3_pkey  (cost=0.00..22.18 rows=975 width=0)
	              Index Cond: ((id >= 5110734) AND (id <= 5111733))

table 4 : explain SELECT SUM(k) FROM sbtest4 WHERE id BETWEEN 3911595 AND 3912594
	Aggregate  (cost=4423.04..4423.05 rows=1 width=8)
	  ->  Bitmap Heap Scan on sbtest4  (cost=28.21..4420.17 rows=1149 width=4)
	        Recheck Cond: ((id >= 3911595) AND (id <= 3912594))
	        ->  Bitmap Index Scan on sbtest4_pkey  (cost=0.00..27.93 rows=1149 width=0)
	              Index Cond: ((id >= 3911595) AND (id <= 3912594))

table 5 : explain SELECT SUM(k) FROM sbtest5 WHERE id BETWEEN 716822 AND 717821
	Aggregate  (cost=4120.22..4120.23 rows=1 width=8)
	  ->  Bitmap Heap Scan on sbtest5  (cost=23.38..4117.55 rows=1068 width=4)
	        Recheck Cond: ((id >= 716822) AND (id <= 717821))
	        ->  Bitmap Index Scan on sbtest5_pkey  (cost=0.00..23.11 rows=1068 width=0)
	              Index Cond: ((id >= 716822) AND (id <= 717821))

table 6 : explain SELECT SUM(k) FROM sbtest6 WHERE id BETWEEN 1913266 AND 1914265
	Aggregate  (cost=4224.66..4224.67 rows=1 width=8)
	  ->  Bitmap Heap Scan on sbtest6  (cost=27.66..4221.93 rows=1095 width=4)
	        Recheck Cond: ((id >= 1913266) AND (id <= 1914265))
	        ->  Bitmap Index Scan on sbtest6_pkey  (cost=0.00..27.39 rows=1095 width=0)
	              Index Cond: ((id >= 1913266) AND (id <= 1914265))

table 7 : explain SELECT SUM(k) FROM sbtest7 WHERE id BETWEEN 4474431 AND 4475430
	Aggregate  (cost=3573.74..3573.75 rows=1 width=8)
	  ->  Bitmap Heap Scan on sbtest7  (cost=21.90..3571.43 rows=923 width=4)
	        Recheck Cond: ((id >= 4474431) AND (id <= 4475430))
	        ->  Bitmap Index Scan on sbtest7_pkey  (cost=0.00..21.66 rows=923 width=0)
	              Index Cond: ((id >= 4474431) AND (id <= 4475430))

table 8 : explain SELECT SUM(k) FROM sbtest8 WHERE id BETWEEN 9652968 AND 9653967
	Aggregate  (cost=3826.58..3826.59 rows=1 width=8)
	  ->  Bitmap Heap Scan on sbtest8  (cost=22.58..3824.10 rows=990 width=4)
	        Recheck Cond: ((id >= 9652968) AND (id <= 9653967))
	        ->  Bitmap Index Scan on sbtest8_pkey  (cost=0.00..22.33 rows=990 width=0)
	              Index Cond: ((id >= 9652968) AND (id <= 9653967))

for: simple_ranges
table 1 : explain SELECT c FROM sbtest1 WHERE id BETWEEN 4049843 AND 4050842
	Bitmap Heap Scan on sbtest1  (cost=27.95..4322.96 rows=1123 width=121)
	  Recheck Cond: ((id >= 4049843) AND (id <= 4050842))
	  ->  Bitmap Index Scan on sbtest1_pkey  (cost=0.00..27.66 rows=1123 width=0)
	        Index Cond: ((id >= 4049843) AND (id <= 4050842))

table 2 : explain SELECT c FROM sbtest2 WHERE id BETWEEN 7018871 AND 7019870
	Bitmap Heap Scan on sbtest2  (cost=22.65..3848.98 rows=997 width=121)
	  Recheck Cond: ((id >= 7018871) AND (id <= 7019870))
	  ->  Bitmap Index Scan on sbtest2_pkey  (cost=0.00..22.40 rows=997 width=0)
	        Index Cond: ((id >= 7018871) AND (id <= 7019870))

table 3 : explain SELECT c FROM sbtest3 WHERE id BETWEEN 5895957 AND 5896956
	Bitmap Heap Scan on sbtest3  (cost=22.59..3826.47 rows=991 width=121)
	  Recheck Cond: ((id >= 5895957) AND (id <= 5896956))
	  ->  Bitmap Index Scan on sbtest3_pkey  (cost=0.00..22.34 rows=991 width=0)
	        Index Cond: ((id >= 5895957) AND (id <= 5896956))

table 4 : explain SELECT c FROM sbtest4 WHERE id BETWEEN 7204386 AND 7205385
	Bitmap Heap Scan on sbtest4  (cost=23.18..4040.89 rows=1048 width=121)
	  Recheck Cond: ((id >= 7204386) AND (id <= 7205385))
	  ->  Bitmap Index Scan on sbtest4_pkey  (cost=0.00..22.91 rows=1048 width=0)
	        Index Cond: ((id >= 7204386) AND (id <= 7205385))

table 5 : explain SELECT c FROM sbtest5 WHERE id BETWEEN 6814153 AND 6815152
	Bitmap Heap Scan on sbtest5  (cost=22.15..3665.63 rows=948 width=121)
	  Recheck Cond: ((id >= 6814153) AND (id <= 6815152))
	  ->  Bitmap Index Scan on sbtest5_pkey  (cost=0.00..21.91 rows=948 width=0)
	        Index Cond: ((id >= 6814153) AND (id <= 6815152))

table 6 : explain SELECT c FROM sbtest6 WHERE id BETWEEN 9695576 AND 9696575
	Bitmap Heap Scan on sbtest6  (cost=23.13..4022.57 rows=1043 width=121)
	  Recheck Cond: ((id >= 9695576) AND (id <= 9696575))
	  ->  Bitmap Index Scan on sbtest6_pkey  (cost=0.00..22.86 rows=1043 width=0)
	        Index Cond: ((id >= 9695576) AND (id <= 9696575))

table 7 : explain SELECT c FROM sbtest7 WHERE id BETWEEN 2905572 AND 2906571
	Bitmap Heap Scan on sbtest7  (cost=22.79..3899.57 rows=1010 width=121)
	  Recheck Cond: ((id >= 2905572) AND (id <= 2906571))
	  ->  Bitmap Index Scan on sbtest7_pkey  (cost=0.00..22.54 rows=1010 width=0)
	        Index Cond: ((id >= 2905572) AND (id <= 2906571))

table 8 : explain SELECT c FROM sbtest8 WHERE id BETWEEN 2885584 AND 2886583
	Bitmap Heap Scan on sbtest8  (cost=22.26..3707.22 rows=959 width=121)
	  Recheck Cond: ((id >= 2885584) AND (id <= 2886583))
	  ->  Bitmap Index Scan on sbtest8_pkey  (cost=0.00..22.02 rows=959 width=0)
	        Index Cond: ((id >= 2885584) AND (id <= 2886583))

for point_selects
table 1 : explain SELECT c FROM sbtest1 WHERE id=8815071
	Index Scan using sbtest1_pkey on sbtest1  (cost=0.43..8.45 rows=1 width=121)
	  Index Cond: (id = 8815071)

table 2 : explain SELECT c FROM sbtest2 WHERE id=8151625
	Index Scan using sbtest2_pkey on sbtest2  (cost=0.43..8.45 rows=1 width=121)
	  Index Cond: (id = 8151625)

table 3 : explain SELECT c FROM sbtest3 WHERE id=8507038
	Index Scan using sbtest3_pkey on sbtest3  (cost=0.43..8.45 rows=1 width=121)
	  Index Cond: (id = 8507038)

table 4 : explain SELECT c FROM sbtest4 WHERE id=3417390
	Index Scan using sbtest4_pkey on sbtest4  (cost=0.43..8.45 rows=1 width=121)
	  Index Cond: (id = 3417390)

table 5 : explain SELECT c FROM sbtest5 WHERE id=9211801
	Index Scan using sbtest5_pkey on sbtest5  (cost=0.43..8.45 rows=1 width=121)
	  Index Cond: (id = 9211801)

table 6 : explain SELECT c FROM sbtest6 WHERE id=1237525
	Index Scan using sbtest6_pkey on sbtest6  (cost=0.43..8.45 rows=1 width=121)
	  Index Cond: (id = 1237525)

table 7 : explain SELECT c FROM sbtest7 WHERE id=6073594
	Index Scan using sbtest7_pkey on sbtest7  (cost=0.43..8.45 rows=1 width=121)
	  Index Cond: (id = 6073594)

table 8 : explain SELECT c FROM sbtest8 WHERE id=1157845
	Index Scan using sbtest8_pkey on sbtest8  (cost=0.43..8.45 rows=1 width=121)
	  Index Cond: (id = 1157845)

for: distinct_ranges
table 1 : explain SELECT DISTINCT c FROM sbtest1 WHERE id BETWEEN 4689123 AND 4690122 ORDER BY c
	Unique  (cost=4021.15..4026.29 rows=1029 width=121)
	  ->  Sort  (cost=4021.15..4023.72 rows=1029 width=121)
	        Sort Key: c
	        ->  Bitmap Heap Scan on sbtest1  (cost=22.98..3969.66 rows=1029 width=121)
	              Recheck Cond: ((id >= 4689123) AND (id <= 4690122))
	              ->  Bitmap Index Scan on sbtest1_pkey  (cost=0.00..22.72 rows=1029 width=0)
	                    Index Cond: ((id >= 4689123) AND (id <= 4690122))

table 2 : explain SELECT DISTINCT c FROM sbtest2 WHERE id BETWEEN 2074266 AND 2075265 ORDER BY c
	Unique  (cost=3806.87..3811.74 rows=973 width=121)
	  ->  Sort  (cost=3806.87..3809.30 rows=973 width=121)
	        Sort Key: c
	        ->  Bitmap Heap Scan on sbtest2  (cost=22.41..3758.58 rows=973 width=121)
	              Recheck Cond: ((id >= 2074266) AND (id <= 2075265))
	              ->  Bitmap Index Scan on sbtest2_pkey  (cost=0.00..22.16 rows=973 width=0)
	                    Index Cond: ((id >= 2074266) AND (id <= 2075265))

table 3 : explain SELECT DISTINCT c FROM sbtest3 WHERE id BETWEEN 5654274 AND 5655273 ORDER BY c
	Unique  (cost=3944.58..3949.62 rows=1009 width=121)
	  ->  Sort  (cost=3944.58..3947.10 rows=1009 width=121)
	        Sort Key: c
	        ->  Bitmap Heap Scan on sbtest3  (cost=22.78..3894.24 rows=1009 width=121)
	              Recheck Cond: ((id >= 5654274) AND (id <= 5655273))
	              ->  Bitmap Index Scan on sbtest3_pkey  (cost=0.00..22.52 rows=1009 width=0)
	                    Index Cond: ((id >= 5654274) AND (id <= 5655273))

table 4 : explain SELECT DISTINCT c FROM sbtest4 WHERE id BETWEEN 1589865 AND 1590864 ORDER BY c
	Unique  (cost=4192.65..4198.02 rows=1074 width=121)
	  ->  Sort  (cost=4192.65..4195.33 rows=1074 width=121)
	        Sort Key: c
	        ->  Bitmap Heap Scan on sbtest4  (cost=23.44..4138.58 rows=1074 width=121)
	              Recheck Cond: ((id >= 1589865) AND (id <= 1590864))
	              ->  Bitmap Index Scan on sbtest4_pkey  (cost=0.00..23.18 rows=1074 width=0)
	                    Index Cond: ((id >= 1589865) AND (id <= 1590864))

table 5 : explain SELECT DISTINCT c FROM sbtest5 WHERE id BETWEEN 2807057 AND 2808056 ORDER BY c
	Unique  (cost=3999.44..4004.55 rows=1023 width=121)
	  ->  Sort  (cost=3999.44..4001.99 rows=1023 width=121)
	        Sort Key: c
	        ->  Bitmap Heap Scan on sbtest5  (cost=22.92..3948.29 rows=1023 width=121)
	              Recheck Cond: ((id >= 2807057) AND (id <= 2808056))
	              ->  Bitmap Index Scan on sbtest5_pkey  (cost=0.00..22.66 rows=1023 width=0)
	                    Index Cond: ((id >= 2807057) AND (id <= 2808056))

table 6 : explain SELECT DISTINCT c FROM sbtest6 WHERE id BETWEEN 5546204 AND 5547203 ORDER BY c
	Unique  (cost=3948.82..3953.87 rows=1010 width=121)
	  ->  Sort  (cost=3948.82..3951.34 rows=1010 width=121)
	        Sort Key: c
	        ->  Bitmap Heap Scan on sbtest6  (cost=22.79..3898.42 rows=1010 width=121)
	              Recheck Cond: ((id >= 5546204) AND (id <= 5547203))
	              ->  Bitmap Index Scan on sbtest6_pkey  (cost=0.00..22.54 rows=1010 width=0)
	                    Index Cond: ((id >= 5546204) AND (id <= 5547203))

table 7 : explain SELECT DISTINCT c FROM sbtest7 WHERE id BETWEEN 7832589 AND 7833588 ORDER BY c
	Unique  (cost=3884.96..3889.92 rows=993 width=121)
	  ->  Sort  (cost=3884.96..3887.44 rows=993 width=121)
	        Sort Key: c
	        ->  Bitmap Heap Scan on sbtest7  (cost=22.61..3835.53 rows=993 width=121)
	              Recheck Cond: ((id >= 7832589) AND (id <= 7833588))
	              ->  Bitmap Index Scan on sbtest7_pkey  (cost=0.00..22.36 rows=993 width=0)
	                    Index Cond: ((id >= 7832589) AND (id <= 7833588))

table 8 : explain SELECT DISTINCT c FROM sbtest8 WHERE id BETWEEN 9399099 AND 9400098 ORDER BY c
	Unique  (cost=3968.96..3974.03 rows=1015 width=121)
	  ->  Sort  (cost=3968.96..3971.49 rows=1015 width=121)
	        Sort Key: c
	        ->  Bitmap Heap Scan on sbtest8  (cost=22.84..3918.27 rows=1015 width=121)
	              Recheck Cond: ((id >= 9399099) AND (id <= 9400098))
	              ->  Bitmap Index Scan on sbtest8_pkey  (cost=0.00..22.58 rows=1015 width=0)
	                    Index Cond: ((id >= 9399099) AND (id <= 9400098))

for: distinct_ranges
table 1 : explain SELECT DISTINCT c FROM sbtest1 WHERE id BETWEEN 3593863 AND 3594862 ORDER BY c
	Unique  (cost=3650.15..3654.81 rows=932 width=121)
	  ->  Sort  (cost=3650.15..3652.48 rows=932 width=121)
	        Sort Key: c
	        ->  Bitmap Heap Scan on sbtest1  (cost=21.99..3604.18 rows=932 width=121)
	              Recheck Cond: ((id >= 3593863) AND (id <= 3594862))
	              ->  Bitmap Index Scan on sbtest1_pkey  (cost=0.00..21.75 rows=932 width=0)
	                    Index Cond: ((id >= 3593863) AND (id <= 3594862))

table 2 : explain SELECT DISTINCT c FROM sbtest2 WHERE id BETWEEN 898640 AND 899639 ORDER BY c
	Unique  (cost=3891.00..3895.97 rows=995 width=121)
	  ->  Sort  (cost=3891.00..3893.48 rows=995 width=121)
	        Sort Key: c
	        ->  Bitmap Heap Scan on sbtest2  (cost=22.63..3841.45 rows=995 width=121)
	              Recheck Cond: ((id >= 898640) AND (id <= 899639))
	              ->  Bitmap Index Scan on sbtest2_pkey  (cost=0.00..22.39 rows=995 width=0)
	                    Index Cond: ((id >= 898640) AND (id <= 899639))

table 3 : explain SELECT DISTINCT c FROM sbtest3 WHERE id BETWEEN 8159571 AND 8160570 ORDER BY c
	Unique  (cost=4165.99..4171.32 rows=1067 width=121)
	  ->  Sort  (cost=4165.99..4168.66 rows=1067 width=121)
	        Sort Key: c
	        ->  Bitmap Heap Scan on sbtest3  (cost=23.37..4112.32 rows=1067 width=121)
	              Recheck Cond: ((id >= 8159571) AND (id <= 8160570))
	              ->  Bitmap Index Scan on sbtest3_pkey  (cost=0.00..23.11 rows=1067 width=0)
	                    Index Cond: ((id >= 8159571) AND (id <= 8160570))

table 4 : explain SELECT DISTINCT c FROM sbtest4 WHERE id BETWEEN 1465202 AND 1466201 ORDER BY c
	Unique  (cost=3933.08..3938.11 rows=1006 width=121)
	  ->  Sort  (cost=3933.08..3935.60 rows=1006 width=121)
	        Sort Key: c
	        ->  Bitmap Heap Scan on sbtest4  (cost=22.75..3882.91 rows=1006 width=121)
	              Recheck Cond: ((id >= 1465202) AND (id <= 1466201))
	              ->  Bitmap Index Scan on sbtest4_pkey  (cost=0.00..22.50 rows=1006 width=0)
	                    Index Cond: ((id >= 1465202) AND (id <= 1466201))

table 5 : explain SELECT DISTINCT c FROM sbtest5 WHERE id BETWEEN 4532478 AND 4533477 ORDER BY c
	Unique  (cost=3919.16..3924.17 rows=1002 width=121)
	  ->  Sort  (cost=3919.16..3921.67 rows=1002 width=121)
	        Sort Key: c
	        ->  Bitmap Heap Scan on sbtest5  (cost=22.71..3869.22 rows=1002 width=121)
	              Recheck Cond: ((id >= 4532478) AND (id <= 4533477))
	              ->  Bitmap Index Scan on sbtest5_pkey  (cost=0.00..22.45 rows=1002 width=0)
	                    Index Cond: ((id >= 4532478) AND (id <= 4533477))

table 6 : explain SELECT DISTINCT c FROM sbtest6 WHERE id BETWEEN 5773910 AND 5774909 ORDER BY c
	Unique  (cost=3941.18..3946.22 rows=1008 width=121)
	  ->  Sort  (cost=3941.18..3943.70 rows=1008 width=121)
	        Sort Key: c
	        ->  Bitmap Heap Scan on sbtest6  (cost=22.77..3890.89 rows=1008 width=121)
	              Recheck Cond: ((id >= 5773910) AND (id <= 5774909))
	              ->  Bitmap Index Scan on sbtest6_pkey  (cost=0.00..22.51 rows=1008 width=0)
	                    Index Cond: ((id >= 5773910) AND (id <= 5774909))

table 7 : explain SELECT DISTINCT c FROM sbtest7 WHERE id BETWEEN 8573599 AND 8574598 ORDER BY c
	Unique  (cost=4194.40..4199.77 rows=1074 width=121)
	  ->  Sort  (cost=4194.40..4197.09 rows=1074 width=121)
	        Sort Key: c
	        ->  Bitmap Heap Scan on sbtest7  (cost=23.44..4140.33 rows=1074 width=121)
	              Recheck Cond: ((id >= 8573599) AND (id <= 8574598))
	              ->  Bitmap Index Scan on sbtest7_pkey  (cost=0.00..23.18 rows=1074 width=0)
	                    Index Cond: ((id >= 8573599) AND (id <= 8574598))

table 8 : explain SELECT DISTINCT c FROM sbtest8 WHERE id BETWEEN 5268292 AND 5269291 ORDER BY c
	Unique  (cost=3819.79..3824.67 rows=976 width=121)
	  ->  Sort  (cost=3819.79..3822.23 rows=976 width=121)
	        Sort Key: c
	        ->  Bitmap Heap Scan on sbtest8  (cost=22.44..3771.33 rows=976 width=121)
	              Recheck Cond: ((id >= 5268292) AND (id <= 5269291))
	              ->  Bitmap Index Scan on sbtest8_pkey  (cost=0.00..22.19 rows=976 width=0)
	                    Index Cond: ((id >= 5268292) AND (id <= 5269291))

for: distinct_ranges
table 1 : explain SELECT DISTINCT c FROM sbtest1 WHERE id BETWEEN 8319598 AND 8320597 ORDER BY c
	Unique  (cost=3925.64..3930.66 rows=1004 width=121)
	  ->  Sort  (cost=3925.64..3928.15 rows=1004 width=121)
	        Sort Key: c
	        ->  Bitmap Heap Scan on sbtest1  (cost=22.73..3875.59 rows=1004 width=121)
	              Recheck Cond: ((id >= 8319598) AND (id <= 8320597))
	              ->  Bitmap Index Scan on sbtest1_pkey  (cost=0.00..22.47 rows=1004 width=0)
	                    Index Cond: ((id >= 8319598) AND (id <= 8320597))

table 2 : explain SELECT DISTINCT c FROM sbtest2 WHERE id BETWEEN 8357041 AND 8358040 ORDER BY c
	Unique  (cost=4081.97..4087.20 rows=1045 width=121)
	  ->  Sort  (cost=4081.97..4084.58 rows=1045 width=121)
	        Sort Key: c
	        ->  Bitmap Heap Scan on sbtest2  (cost=23.15..4029.57 rows=1045 width=121)
	              Recheck Cond: ((id >= 8357041) AND (id <= 8358040))
	              ->  Bitmap Index Scan on sbtest2_pkey  (cost=0.00..22.89 rows=1045 width=0)
	                    Index Cond: ((id >= 8357041) AND (id <= 8358040))

table 3 : explain SELECT DISTINCT c FROM sbtest3 WHERE id BETWEEN 244177 AND 245176 ORDER BY c
	Unique  (cost=3577.20..3581.76 rows=913 width=121)
	  ->  Sort  (cost=3577.20..3579.48 rows=913 width=121)
	        Sort Key: c
	        ->  Bitmap Heap Scan on sbtest3  (cost=21.79..3532.30 rows=913 width=121)
	              Recheck Cond: ((id >= 244177) AND (id <= 245176))
	              ->  Bitmap Index Scan on sbtest3_pkey  (cost=0.00..21.57 rows=913 width=0)
	                    Index Cond: ((id >= 244177) AND (id <= 245176))

table 4 : explain SELECT DISTINCT c FROM sbtest4 WHERE id BETWEEN 8548240 AND 8549239 ORDER BY c
	Unique  (cost=3971.29..3976.37 rows=1016 width=121)
	  ->  Sort  (cost=3971.29..3973.83 rows=1016 width=121)
	        Sort Key: c
	        ->  Bitmap Heap Scan on sbtest4  (cost=22.85..3920.55 rows=1016 width=121)
	              Recheck Cond: ((id >= 8548240) AND (id <= 8549239))
	              ->  Bitmap Index Scan on sbtest4_pkey  (cost=0.00..22.59 rows=1016 width=0)
	                    Index Cond: ((id >= 8548240) AND (id <= 8549239))

table 5 : explain SELECT DISTINCT c FROM sbtest5 WHERE id BETWEEN 2913590 AND 2914589 ORDER BY c
	Unique  (cost=4014.72..4019.85 rows=1027 width=121)
	  ->  Sort  (cost=4014.72..4017.29 rows=1027 width=121)
	        Sort Key: c
	        ->  Bitmap Heap Scan on sbtest5  (cost=22.96..3963.35 rows=1027 width=121)
	              Recheck Cond: ((id >= 2913590) AND (id <= 2914589))
	              ->  Bitmap Index Scan on sbtest5_pkey  (cost=0.00..22.70 rows=1027 width=0)
	                    Index Cond: ((id >= 2913590) AND (id <= 2914589))

table 6 : explain SELECT DISTINCT c FROM sbtest6 WHERE id BETWEEN 7845051 AND 7846050 ORDER BY c
	Unique  (cost=4399.19..4404.83 rows=1128 width=121)
	  ->  Sort  (cost=4399.19..4402.01 rows=1128 width=121)
	        Sort Key: c
	        ->  Bitmap Heap Scan on sbtest6  (cost=28.00..4342.00 rows=1128 width=121)
	              Recheck Cond: ((id >= 7845051) AND (id <= 7846050))
	              ->  Bitmap Index Scan on sbtest6_pkey  (cost=0.00..27.71 rows=1128 width=0)
	                    Index Cond: ((id >= 7845051) AND (id <= 7846050))

table 7 : explain SELECT DISTINCT c FROM sbtest7 WHERE id BETWEEN 8387983 AND 8388982 ORDER BY c
	Unique  (cost=3949.97..3955.02 rows=1010 width=121)
	  ->  Sort  (cost=3949.97..3952.49 rows=1010 width=121)
	        Sort Key: c
	        ->  Bitmap Heap Scan on sbtest7  (cost=22.79..3899.57 rows=1010 width=121)
	              Recheck Cond: ((id >= 8387983) AND (id <= 8388982))
	              ->  Bitmap Index Scan on sbtest7_pkey  (cost=0.00..22.54 rows=1010 width=0)
	                    Index Cond: ((id >= 8387983) AND (id <= 8388982))

table 8 : explain SELECT DISTINCT c FROM sbtest8 WHERE id BETWEEN 6238723 AND 6239722 ORDER BY c
	Unique  (cost=4159.92..4165.25 rows=1065 width=121)
	  ->  Sort  (cost=4159.92..4162.59 rows=1065 width=121)
	        Sort Key: c
	        ->  Bitmap Heap Scan on sbtest8  (cost=23.35..4106.37 rows=1065 width=121)
	              Recheck Cond: ((id >= 6238723) AND (id <= 6239722))
	              ->  Bitmap Index Scan on sbtest8_pkey  (cost=0.00..23.08 rows=1065 width=0)
	                    Index Cond: ((id >= 6238723) AND (id <= 6239722))

for: distinct_ranges
table 1 : explain SELECT DISTINCT c FROM sbtest1 WHERE id BETWEEN 5939376 AND 5940375 ORDER BY c
	Unique  (cost=4181.43..4186.79 rows=1071 width=121)
	  ->  Sort  (cost=4181.43..4184.11 rows=1071 width=121)
	        Sort Key: c
	        ->  Bitmap Heap Scan on sbtest1  (cost=23.41..4127.53 rows=1071 width=121)
	              Recheck Cond: ((id >= 5939376) AND (id <= 5940375))
	              ->  Bitmap Index Scan on sbtest1_pkey  (cost=0.00..23.14 rows=1071 width=0)
	                    Index Cond: ((id >= 5939376) AND (id <= 5940375))

table 2 : explain SELECT DISTINCT c FROM sbtest2 WHERE id BETWEEN 7925289 AND 7926288 ORDER BY c
	Unique  (cost=4066.70..4071.91 rows=1041 width=121)
	  ->  Sort  (cost=4066.70..4069.31 rows=1041 width=121)
	        Sort Key: c
	        ->  Bitmap Heap Scan on sbtest2  (cost=23.11..4014.53 rows=1041 width=121)
	              Recheck Cond: ((id >= 7925289) AND (id <= 7926288))
	              ->  Bitmap Index Scan on sbtest2_pkey  (cost=0.00..22.84 rows=1041 width=0)
	                    Index Cond: ((id >= 7925289) AND (id <= 7926288))

table 3 : explain SELECT DISTINCT c FROM sbtest3 WHERE id BETWEEN 9282075 AND 9283074 ORDER BY c
	Unique  (cost=3956.04..3961.10 rows=1012 width=121)
	  ->  Sort  (cost=3956.04..3958.57 rows=1012 width=121)
	        Sort Key: c
	        ->  Bitmap Heap Scan on sbtest3  (cost=22.81..3905.53 rows=1012 width=121)
	              Recheck Cond: ((id >= 9282075) AND (id <= 9283074))
	              ->  Bitmap Index Scan on sbtest3_pkey  (cost=0.00..22.55 rows=1012 width=0)
	                    Index Cond: ((id >= 9282075) AND (id <= 9283074))

table 4 : explain SELECT DISTINCT c FROM sbtest4 WHERE id BETWEEN 1546834 AND 1547833 ORDER BY c
	Unique  (cost=4192.65..4198.02 rows=1074 width=121)
	  ->  Sort  (cost=4192.65..4195.33 rows=1074 width=121)
	        Sort Key: c
	        ->  Bitmap Heap Scan on sbtest4  (cost=23.44..4138.58 rows=1074 width=121)
	              Recheck Cond: ((id >= 1546834) AND (id <= 1547833))
	              ->  Bitmap Index Scan on sbtest4_pkey  (cost=0.00..23.18 rows=1074 width=0)
	                    Index Cond: ((id >= 1546834) AND (id <= 1547833))

table 5 : explain SELECT DISTINCT c FROM sbtest5 WHERE id BETWEEN 9286141 AND 9287140 ORDER BY c
	Unique  (cost=3896.22..3901.20 rows=996 width=121)
	  ->  Sort  (cost=3896.22..3898.71 rows=996 width=121)
	        Sort Key: c
	        ->  Bitmap Heap Scan on sbtest5  (cost=22.64..3846.62 rows=996 width=121)
	              Recheck Cond: ((id >= 9286141) AND (id <= 9287140))
	              ->  Bitmap Index Scan on sbtest5_pkey  (cost=0.00..22.39 rows=996 width=0)
	                    Index Cond: ((id >= 9286141) AND (id <= 9287140))

table 6 : explain SELECT DISTINCT c FROM sbtest6 WHERE id BETWEEN 7687494 AND 7688493 ORDER BY c
	Unique  (cost=3811.17..3816.04 rows=974 width=121)
	  ->  Sort  (cost=3811.17..3813.60 rows=974 width=121)
	        Sort Key: c
	        ->  Bitmap Heap Scan on sbtest6  (cost=22.42..3762.82 rows=974 width=121)
	              Recheck Cond: ((id >= 7687494) AND (id <= 7688493))
	              ->  Bitmap Index Scan on sbtest6_pkey  (cost=0.00..22.18 rows=974 width=0)
	                    Index Cond: ((id >= 7687494) AND (id <= 7688493))

table 7 : explain SELECT DISTINCT c FROM sbtest7 WHERE id BETWEEN 7395213 AND 7396212 ORDER BY c
	Unique  (cost=4434.82..4440.51 rows=1137 width=121)
	  ->  Sort  (cost=4434.82..4437.67 rows=1137 width=121)
	        Sort Key: c
	        ->  Bitmap Heap Scan on sbtest7  (cost=28.09..4377.11 rows=1137 width=121)
	              Recheck Cond: ((id >= 7395213) AND (id <= 7396212))
	              ->  Bitmap Index Scan on sbtest7_pkey  (cost=0.00..27.80 rows=1137 width=0)
	                    Index Cond: ((id >= 7395213) AND (id <= 7396212))

table 8 : explain SELECT DISTINCT c FROM sbtest8 WHERE id BETWEEN 7827930 AND 7828929 ORDER BY c
	Unique  (cost=3900.13..3905.12 rows=997 width=121)
	  ->  Sort  (cost=3900.13..3902.63 rows=997 width=121)
	        Sort Key: c
	        ->  Bitmap Heap Scan on sbtest8  (cost=22.65..3850.48 rows=997 width=121)
	              Recheck Cond: ((id >= 7827930) AND (id <= 7828929))
	              ->  Bitmap Index Scan on sbtest8_pkey  (cost=0.00..22.40 rows=997 width=0)
	                    Index Cond: ((id >= 7827930) AND (id <= 7828929))

for: distinct_ranges
table 1 : explain SELECT DISTINCT c FROM sbtest1 WHERE id BETWEEN 8483231 AND 8484230 ORDER BY c
	Unique  (cost=4112.76..4118.03 rows=1053 width=121)
	  ->  Sort  (cost=4112.76..4115.40 rows=1053 width=121)
	        Sort Key: c
	        ->  Bitmap Heap Scan on sbtest1  (cost=23.23..4059.90 rows=1053 width=121)
	              Recheck Cond: ((id >= 8483231) AND (id <= 8484230))
	              ->  Bitmap Index Scan on sbtest1_pkey  (cost=0.00..22.96 rows=1053 width=0)
	                    Index Cond: ((id >= 8483231) AND (id <= 8484230))

table 2 : explain SELECT DISTINCT c FROM sbtest2 WHERE id BETWEEN 1572566 AND 1573565 ORDER BY c
	Unique  (cost=4459.49..4465.21 rows=1144 width=121)
	  ->  Sort  (cost=4459.49..4462.35 rows=1144 width=121)
	        Sort Key: c
	        ->  Bitmap Heap Scan on sbtest2  (cost=28.16..4401.38 rows=1144 width=121)
	              Recheck Cond: ((id >= 1572566) AND (id <= 1573565))
	              ->  Bitmap Index Scan on sbtest2_pkey  (cost=0.00..27.87 rows=1144 width=0)
	                    Index Cond: ((id >= 1572566) AND (id <= 1573565))

table 3 : explain SELECT DISTINCT c FROM sbtest3 WHERE id BETWEEN 7889520 AND 7890519 ORDER BY c
	Unique  (cost=3833.72..3838.62 rows=980 width=121)
	  ->  Sort  (cost=3833.72..3836.17 rows=980 width=121)
	        Sort Key: c
	        ->  Bitmap Heap Scan on sbtest3  (cost=22.48..3785.03 rows=980 width=121)
	              Recheck Cond: ((id >= 7889520) AND (id <= 7890519))
	              ->  Bitmap Index Scan on sbtest3_pkey  (cost=0.00..22.23 rows=980 width=0)
	                    Index Cond: ((id >= 7889520) AND (id <= 7890519))

table 4 : explain SELECT DISTINCT c FROM sbtest4 WHERE id BETWEEN 4078892 AND 4079891 ORDER BY c
	Unique  (cost=3891.04..3896.02 rows=995 width=121)
	  ->  Sort  (cost=3891.04..3893.53 rows=995 width=121)
	        Sort Key: c
	        ->  Bitmap Heap Scan on sbtest4  (cost=22.63..3841.50 rows=995 width=121)
	              Recheck Cond: ((id >= 4078892) AND (id <= 4079891))
	              ->  Bitmap Index Scan on sbtest4_pkey  (cost=0.00..22.39 rows=995 width=0)
	                    Index Cond: ((id >= 4078892) AND (id <= 4079891))

table 5 : explain SELECT DISTINCT c FROM sbtest5 WHERE id BETWEEN 6587388 AND 6588387 ORDER BY c
	Unique  (cost=4228.49..4233.91 rows=1083 width=121)
	  ->  Sort  (cost=4228.49..4231.20 rows=1083 width=121)
	        Sort Key: c
	        ->  Bitmap Heap Scan on sbtest5  (cost=23.54..4173.91 rows=1083 width=121)
	              Recheck Cond: ((id >= 6587388) AND (id <= 6588387))
	              ->  Bitmap Index Scan on sbtest5_pkey  (cost=0.00..23.26 rows=1083 width=0)
	                    Index Cond: ((id >= 6587388) AND (id <= 6588387))

table 6 : explain SELECT DISTINCT c FROM sbtest6 WHERE id BETWEEN 7873443 AND 7874442 ORDER BY c
	Unique  (cost=4399.19..4404.83 rows=1128 width=121)
	  ->  Sort  (cost=4399.19..4402.01 rows=1128 width=121)
	        Sort Key: c
	        ->  Bitmap Heap Scan on sbtest6  (cost=28.00..4342.00 rows=1128 width=121)
	              Recheck Cond: ((id >= 7873443) AND (id <= 7874442))
	              ->  Bitmap Index Scan on sbtest6_pkey  (cost=0.00..27.71 rows=1128 width=0)
	                    Index Cond: ((id >= 7873443) AND (id <= 7874442))

table 7 : explain SELECT DISTINCT c FROM sbtest7 WHERE id BETWEEN 7930759 AND 7931758 ORDER BY c
	Unique  (cost=4137.16..4142.45 rows=1059 width=121)
	  ->  Sort  (cost=4137.16..4139.81 rows=1059 width=121)
	        Sort Key: c
	        ->  Bitmap Heap Scan on sbtest7  (cost=23.29..4083.95 rows=1059 width=121)
	              Recheck Cond: ((id >= 7930759) AND (id <= 7931758))
	              ->  Bitmap Index Scan on sbtest7_pkey  (cost=0.00..23.02 rows=1059 width=0)
	                    Index Cond: ((id >= 7930759) AND (id <= 7931758))

table 8 : explain SELECT DISTINCT c FROM sbtest8 WHERE id BETWEEN 6172959 AND 6173958 ORDER BY c
	Unique  (cost=4117.94..4123.21 rows=1054 width=121)
	  ->  Sort  (cost=4117.94..4120.57 rows=1054 width=121)
	        Sort Key: c
	        ->  Bitmap Heap Scan on sbtest8  (cost=23.24..4065.02 rows=1054 width=121)
	              Recheck Cond: ((id >= 6172959) AND (id <= 6173958))
	              ->  Bitmap Index Scan on sbtest8_pkey  (cost=0.00..22.97 rows=1054 width=0)
	                    Index Cond: ((id >= 6172959) AND (id <= 6173958))

for: order_ranges
table 1 : explain SELECT c FROM sbtest1 WHERE id BETWEEN 908219 AND 909218 ORDER BY c
	Sort  (cost=3535.17..3537.42 rows=902 width=121)
	  Sort Key: c
	  ->  Bitmap Heap Scan on sbtest1  (cost=21.68..3490.90 rows=902 width=121)
	        Recheck Cond: ((id >= 908219) AND (id <= 909218))
	        ->  Bitmap Index Scan on sbtest1_pkey  (cost=0.00..21.45 rows=902 width=0)
	              Index Cond: ((id >= 908219) AND (id <= 909218))

table 2 : explain SELECT c FROM sbtest2 WHERE id BETWEEN 1687212 AND 1688211 ORDER BY c
	Sort  (cost=3910.11..3912.61 rows=1000 width=121)
	  Sort Key: c
	  ->  Bitmap Heap Scan on sbtest2  (cost=22.68..3860.28 rows=1000 width=121)
	        Recheck Cond: ((id >= 1687212) AND (id <= 1688211))
	        ->  Bitmap Index Scan on sbtest2_pkey  (cost=0.00..22.43 rows=1000 width=0)
	              Index Cond: ((id >= 1687212) AND (id <= 1688211))

table 3 : explain SELECT c FROM sbtest3 WHERE id BETWEEN 6947673 AND 6948672 ORDER BY c
	Sort  (cost=3803.12..3805.55 rows=972 width=121)
	  Sort Key: c
	  ->  Bitmap Heap Scan on sbtest3  (cost=22.40..3754.88 rows=972 width=121)
	        Recheck Cond: ((id >= 6947673) AND (id <= 6948672))
	        ->  Bitmap Index Scan on sbtest3_pkey  (cost=0.00..22.15 rows=972 width=0)
	              Index Cond: ((id >= 6947673) AND (id <= 6948672))

table 4 : explain SELECT c FROM sbtest4 WHERE id BETWEEN 2462679 AND 2463678 ORDER BY c
	Sort  (cost=3818.39..3820.83 rows=976 width=121)
	  Sort Key: c
	  ->  Bitmap Heap Scan on sbtest4  (cost=22.44..3769.93 rows=976 width=121)
	        Recheck Cond: ((id >= 2462679) AND (id <= 2463678))
	        ->  Bitmap Index Scan on sbtest4_pkey  (cost=0.00..22.19 rows=976 width=0)
	              Index Cond: ((id >= 2462679) AND (id <= 2463678))

table 5 : explain SELECT c FROM sbtest5 WHERE id BETWEEN 1157666 AND 1158665 ORDER BY c
	Sort  (cost=4293.50..4296.25 rows=1099 width=121)
	  Sort Key: c
	  ->  Bitmap Heap Scan on sbtest5  (cost=27.70..4237.99 rows=1099 width=121)
	        Recheck Cond: ((id >= 1157666) AND (id <= 1158665))
	        ->  Bitmap Index Scan on sbtest5_pkey  (cost=0.00..27.43 rows=1099 width=0)
	              Index Cond: ((id >= 1157666) AND (id <= 1158665))

table 6 : explain SELECT c FROM sbtest6 WHERE id BETWEEN 2602292 AND 2603291 ORDER BY c
	Sort  (cost=3922.07..3924.57 rows=1003 width=121)
	  Sort Key: c
	  ->  Bitmap Heap Scan on sbtest6  (cost=22.72..3872.07 rows=1003 width=121)
	        Recheck Cond: ((id >= 2602292) AND (id <= 2603291))
	        ->  Bitmap Index Scan on sbtest6_pkey  (cost=0.00..22.46 rows=1003 width=0)
	              Index Cond: ((id >= 2602292) AND (id <= 2603291))

table 7 : explain SELECT c FROM sbtest7 WHERE id BETWEEN 7112068 AND 7113067 ORDER BY c
	Sort  (cost=3915.56..3918.06 rows=1001 width=121)
	  Sort Key: c
	  ->  Bitmap Heap Scan on sbtest7  (cost=22.70..3865.67 rows=1001 width=121)
	        Recheck Cond: ((id >= 7112068) AND (id <= 7113067))
	        ->  Bitmap Index Scan on sbtest7_pkey  (cost=0.00..22.44 rows=1001 width=0)
	              Index Cond: ((id >= 7112068) AND (id <= 7113067))

table 8 : explain SELECT c FROM sbtest8 WHERE id BETWEEN 3564638 AND 3565637 ORDER BY c
	Sort  (cost=3789.17..3791.59 rows=968 width=121)
	  Sort Key: c
	  ->  Bitmap Heap Scan on sbtest8  (cost=22.36..3741.16 rows=968 width=121)
	        Recheck Cond: ((id >= 3564638) AND (id <= 3565637))
	        ->  Bitmap Index Scan on sbtest8_pkey  (cost=0.00..22.11 rows=968 width=0)
	              Index Cond: ((id >= 3564638) AND (id <= 3565637))

for: simple_ranges
table 1 : explain SELECT c FROM sbtest1 WHERE id BETWEEN 7138437 AND 7139436
	Bitmap Heap Scan on sbtest1  (cost=22.61..3834.17 rows=993 width=121)
	  Recheck Cond: ((id >= 7138437) AND (id <= 7139436))
	  ->  Bitmap Index Scan on sbtest1_pkey  (cost=0.00..22.36 rows=993 width=0)
	        Index Cond: ((id >= 7138437) AND (id <= 7139436))

table 2 : explain SELECT c FROM sbtest2 WHERE id BETWEEN 2032278 AND 2033277
	Bitmap Heap Scan on sbtest2  (cost=22.41..3758.58 rows=973 width=121)
	  Recheck Cond: ((id >= 2032278) AND (id <= 2033277))
	  ->  Bitmap Index Scan on sbtest2_pkey  (cost=0.00..22.16 rows=973 width=0)
	        Index Cond: ((id >= 2032278) AND (id <= 2033277))

table 3 : explain SELECT c FROM sbtest3 WHERE id BETWEEN 4511950 AND 4512949
	Bitmap Heap Scan on sbtest3  (cost=22.77..3890.47 rows=1008 width=121)
	  Recheck Cond: ((id >= 4511950) AND (id <= 4512949))
	  ->  Bitmap Index Scan on sbtest3_pkey  (cost=0.00..22.51 rows=1008 width=0)
	        Index Cond: ((id >= 4511950) AND (id <= 4512949))

table 4 : explain SELECT c FROM sbtest4 WHERE id BETWEEN 9111958 AND 9112957
	Bitmap Heap Scan on sbtest4  (cost=22.85..3920.55 rows=1016 width=121)
	  Recheck Cond: ((id >= 9111958) AND (id <= 9112957))
	  ->  Bitmap Index Scan on sbtest4_pkey  (cost=0.00..22.59 rows=1016 width=0)
	        Index Cond: ((id >= 9111958) AND (id <= 9112957))

table 5 : explain SELECT c FROM sbtest5 WHERE id BETWEEN 8747713 AND 8748712
	Bitmap Heap Scan on sbtest5  (cost=22.08..3639.21 rows=941 width=121)
	  Recheck Cond: ((id >= 8747713) AND (id <= 8748712))
	  ->  Bitmap Index Scan on sbtest5_pkey  (cost=0.00..21.84 rows=941 width=0)
	        Index Cond: ((id >= 8747713) AND (id <= 8748712))

table 6 : explain SELECT c FROM sbtest6 WHERE id BETWEEN 7607522 AND 7608521
	Bitmap Heap Scan on sbtest6  (cost=23.50..4161.61 rows=1080 width=121)
	  Recheck Cond: ((id >= 7607522) AND (id <= 7608521))
	  ->  Bitmap Index Scan on sbtest6_pkey  (cost=0.00..23.23 rows=1080 width=0)
	        Index Cond: ((id >= 7607522) AND (id <= 7608521))

table 7 : explain SELECT c FROM sbtest7 WHERE id BETWEEN 6492236 AND 6493235
	Bitmap Heap Scan on sbtest7  (cost=22.14..3662.05 rows=947 width=121)
	  Recheck Cond: ((id >= 6492236) AND (id <= 6493235))
	  ->  Bitmap Index Scan on sbtest7_pkey  (cost=0.00..21.90 rows=947 width=0)
	        Index Cond: ((id >= 6492236) AND (id <= 6493235))

table 8 : explain SELECT c FROM sbtest8 WHERE id BETWEEN 240576 AND 241575
	Bitmap Heap Scan on sbtest8  (cost=27.53..4174.26 rows=1082 width=121)
	  Recheck Cond: ((id >= 240576) AND (id <= 241575))
	  ->  Bitmap Index Scan on sbtest8_pkey  (cost=0.00..27.25 rows=1082 width=0)
	        Index Cond: ((id >= 240576) AND (id <= 241575))

for: order_ranges
table 1 : explain SELECT c FROM sbtest1 WHERE id BETWEEN 8245363 AND 8246362 ORDER BY c
	Sort  (cost=3596.51..3598.80 rows=918 width=121)
	  Sort Key: c
	  ->  Bitmap Heap Scan on sbtest1  (cost=21.84..3551.33 rows=918 width=121)
	        Recheck Cond: ((id >= 8245363) AND (id <= 8246362))
	        ->  Bitmap Index Scan on sbtest1_pkey  (cost=0.00..21.61 rows=918 width=0)
	              Index Cond: ((id >= 8245363) AND (id <= 8246362))

table 2 : explain SELECT c FROM sbtest2 WHERE id BETWEEN 6098096 AND 6099095 ORDER BY c
	Sort  (cost=3803.05..3805.48 rows=972 width=121)
	  Sort Key: c
	  ->  Bitmap Heap Scan on sbtest2  (cost=22.40..3754.81 rows=972 width=121)
	        Recheck Cond: ((id >= 6098096) AND (id <= 6099095))
	        ->  Bitmap Index Scan on sbtest2_pkey  (cost=0.00..22.15 rows=972 width=0)
	              Index Cond: ((id >= 6098096) AND (id <= 6099095))

table 3 : explain SELECT c FROM sbtest3 WHERE id BETWEEN 8326845 AND 8327844 ORDER BY c
	Sort  (cost=3829.90..3832.34 rows=979 width=121)
	  Sort Key: c
	  ->  Bitmap Heap Scan on sbtest3  (cost=22.47..3781.26 rows=979 width=121)
	        Recheck Cond: ((id >= 8326845) AND (id <= 8327844))
	        ->  Bitmap Index Scan on sbtest3_pkey  (cost=0.00..22.22 rows=979 width=0)
	              Index Cond: ((id >= 8326845) AND (id <= 8327844))

table 4 : explain SELECT c FROM sbtest4 WHERE id BETWEEN 6989622 AND 6990621 ORDER BY c
	Sort  (cost=3718.90..3721.27 rows=950 width=121)
	  Sort Key: c
	  ->  Bitmap Heap Scan on sbtest4  (cost=22.17..3671.91 rows=950 width=121)
	        Recheck Cond: ((id >= 6989622) AND (id <= 6990621))
	        ->  Bitmap Index Scan on sbtest4_pkey  (cost=0.00..21.93 rows=950 width=0)
	              Index Cond: ((id >= 6989622) AND (id <= 6990621))

table 5 : explain SELECT c FROM sbtest5 WHERE id BETWEEN 2533296 AND 2534295 ORDER BY c
	Sort  (cost=3639.70..3642.02 rows=929 width=121)
	  Sort Key: c
	  ->  Bitmap Heap Scan on sbtest5  (cost=21.96..3593.90 rows=929 width=121)
	        Recheck Cond: ((id >= 2533296) AND (id <= 2534295))
	        ->  Bitmap Index Scan on sbtest5_pkey  (cost=0.00..21.72 rows=929 width=0)
	              Index Cond: ((id >= 2533296) AND (id <= 2534295))

table 6 : explain SELECT c FROM sbtest6 WHERE id BETWEEN 6031416 AND 6032415 ORDER BY c
	Sort  (cost=3378.04..3380.19 rows=861 width=121)
	  Sort Key: c
	  ->  Bitmap Heap Scan on sbtest6  (cost=21.26..3336.06 rows=861 width=121)
	        Recheck Cond: ((id >= 6031416) AND (id <= 6032415))
	        ->  Bitmap Index Scan on sbtest6_pkey  (cost=0.00..21.04 rows=861 width=0)
	              Index Cond: ((id >= 6031416) AND (id <= 6032415))

table 7 : explain SELECT c FROM sbtest7 WHERE id BETWEEN 7614672 AND 7615671 ORDER BY c
	Sort  (cost=3961.44..3963.97 rows=1013 width=121)
	  Sort Key: c
	  ->  Bitmap Heap Scan on sbtest7  (cost=22.82..3910.87 rows=1013 width=121)
	        Recheck Cond: ((id >= 7614672) AND (id <= 7615671))
	        ->  Bitmap Index Scan on sbtest7_pkey  (cost=0.00..22.57 rows=1013 width=0)
	              Index Cond: ((id >= 7614672) AND (id <= 7615671))

table 8 : explain SELECT c FROM sbtest8 WHERE id BETWEEN 1132624 AND 1133623 ORDER BY c
	Sort  (cost=3704.92..3707.29 rows=946 width=121)
	  Sort Key: c
	  ->  Bitmap Heap Scan on sbtest8  (cost=22.13..3658.16 rows=946 width=121)
	        Recheck Cond: ((id >= 1132624) AND (id <= 1133623))
	        ->  Bitmap Index Scan on sbtest8_pkey  (cost=0.00..21.89 rows=946 width=0)
	              Index Cond: ((id >= 1132624) AND (id <= 1133623))

for: distinct_ranges
table 1 : explain SELECT DISTINCT c FROM sbtest1 WHERE id BETWEEN 8836916 AND 8837915 ORDER BY c
	Unique  (cost=3715.26..3720.00 rows=949 width=121)
	  ->  Sort  (cost=3715.26..3717.63 rows=949 width=121)
	        Sort Key: c
	        ->  Bitmap Heap Scan on sbtest1  (cost=22.16..3668.33 rows=949 width=121)
	              Recheck Cond: ((id >= 8836916) AND (id <= 8837915))
	              ->  Bitmap Index Scan on sbtest1_pkey  (cost=0.00..21.93 rows=949 width=0)
	                    Index Cond: ((id >= 8836916) AND (id <= 8837915))

table 2 : explain SELECT DISTINCT c FROM sbtest2 WHERE id BETWEEN 2989783 AND 2990782 ORDER BY c
	Unique  (cost=4394.79..4400.43 rows=1127 width=121)
	  ->  Sort  (cost=4394.79..4397.61 rows=1127 width=121)
	        Sort Key: c
	        ->  Bitmap Heap Scan on sbtest2  (cost=27.99..4337.67 rows=1127 width=121)
	              Recheck Cond: ((id >= 2989783) AND (id <= 2990782))
	              ->  Bitmap Index Scan on sbtest2_pkey  (cost=0.00..27.70 rows=1127 width=0)
	                    Index Cond: ((id >= 2989783) AND (id <= 2990782))

table 3 : explain SELECT DISTINCT c FROM sbtest3 WHERE id BETWEEN 2917090 AND 2918089 ORDER BY c
	Unique  (cost=4013.34..4018.47 rows=1027 width=121)
	  ->  Sort  (cost=4013.34..4015.90 rows=1027 width=121)
	        Sort Key: c
	        ->  Bitmap Heap Scan on sbtest3  (cost=22.96..3961.96 rows=1027 width=121)
	              Recheck Cond: ((id >= 2917090) AND (id <= 2918089))
	              ->  Bitmap Index Scan on sbtest3_pkey  (cost=0.00..22.70 rows=1027 width=0)
	                    Index Cond: ((id >= 2917090) AND (id <= 2918089))

table 4 : explain SELECT DISTINCT c FROM sbtest4 WHERE id BETWEEN 8109537 AND 8110536 ORDER BY c
	Unique  (cost=3320.07..3324.30 rows=846 width=121)
	  ->  Sort  (cost=3320.07..3322.18 rows=846 width=121)
	        Sort Key: c
	        ->  Bitmap Heap Scan on sbtest4  (cost=21.11..3278.93 rows=846 width=121)
	              Recheck Cond: ((id >= 8109537) AND (id <= 8110536))
	              ->  Bitmap Index Scan on sbtest4_pkey  (cost=0.00..20.89 rows=846 width=0)
	                    Index Cond: ((id >= 8109537) AND (id <= 8110536))

table 5 : explain SELECT DISTINCT c FROM sbtest5 WHERE id BETWEEN 9887957 AND 9888956 ORDER BY c
	Unique  (cost=3639.70..3644.34 rows=929 width=121)
	  ->  Sort  (cost=3639.70..3642.02 rows=929 width=121)
	        Sort Key: c
	        ->  Bitmap Heap Scan on sbtest5  (cost=21.96..3593.90 rows=929 width=121)
	              Recheck Cond: ((id >= 9887957) AND (id <= 9888956))
	              ->  Bitmap Index Scan on sbtest5_pkey  (cost=0.00..21.72 rows=929 width=0)
	                    Index Cond: ((id >= 9887957) AND (id <= 9888956))

table 6 : explain SELECT DISTINCT c FROM sbtest6 WHERE id BETWEEN 459398 AND 460397 ORDER BY c
	Unique  (cost=4101.58..4106.83 rows=1050 width=121)
	  ->  Sort  (cost=4101.58..4104.20 rows=1050 width=121)
	        Sort Key: c
	        ->  Bitmap Heap Scan on sbtest6  (cost=23.20..4048.89 rows=1050 width=121)
	              Recheck Cond: ((id >= 459398) AND (id <= 460397))
	              ->  Bitmap Index Scan on sbtest6_pkey  (cost=0.00..22.93 rows=1050 width=0)
	                    Index Cond: ((id >= 459398) AND (id <= 460397))

table 7 : explain SELECT DISTINCT c FROM sbtest7 WHERE id BETWEEN 5711479 AND 5712478 ORDER BY c
	Unique  (cost=4106.62..4111.87 rows=1051 width=121)
	  ->  Sort  (cost=4106.62..4109.24 rows=1051 width=121)
	        Sort Key: c
	        ->  Bitmap Heap Scan on sbtest7  (cost=23.21..4053.87 rows=1051 width=121)
	              Recheck Cond: ((id >= 5711479) AND (id <= 5712478))
	              ->  Bitmap Index Scan on sbtest7_pkey  (cost=0.00..22.94 rows=1051 width=0)
	                    Index Cond: ((id >= 5711479) AND (id <= 5712478))

table 8 : explain SELECT DISTINCT c FROM sbtest8 WHERE id BETWEEN 9765937 AND 9766936 ORDER BY c
	Unique  (cost=3984.25..3989.34 rows=1019 width=121)
	  ->  Sort  (cost=3984.25..3986.79 rows=1019 width=121)
	        Sort Key: c
	        ->  Bitmap Heap Scan on sbtest8  (cost=22.88..3933.33 rows=1019 width=121)
	              Recheck Cond: ((id >= 9765937) AND (id <= 9766936))
	              ->  Bitmap Index Scan on sbtest8_pkey  (cost=0.00..22.62 rows=1019 width=0)
	                    Index Cond: ((id >= 9765937) AND (id <= 9766936))

for: distinct_ranges
table 1 : explain SELECT DISTINCT c FROM sbtest1 WHERE id BETWEEN 7129570 AND 7130569 ORDER BY c
	Unique  (cost=3883.60..3888.56 rows=993 width=121)
	  ->  Sort  (cost=3883.60..3886.08 rows=993 width=121)
	        Sort Key: c
	        ->  Bitmap Heap Scan on sbtest1  (cost=22.61..3834.17 rows=993 width=121)
	              Recheck Cond: ((id >= 7129570) AND (id <= 7130569))
	              ->  Bitmap Index Scan on sbtest1_pkey  (cost=0.00..22.36 rows=993 width=0)
	                    Index Cond: ((id >= 7129570) AND (id <= 7130569))

table 2 : explain SELECT DISTINCT c FROM sbtest2 WHERE id BETWEEN 309138 AND 310137 ORDER BY c
	Unique  (cost=4047.62..4052.80 rows=1036 width=121)
	  ->  Sort  (cost=4047.62..4050.21 rows=1036 width=121)
	        Sort Key: c
	        ->  Bitmap Heap Scan on sbtest2  (cost=23.05..3995.73 rows=1036 width=121)
	              Recheck Cond: ((id >= 309138) AND (id <= 310137))
	              ->  Bitmap Index Scan on sbtest2_pkey  (cost=0.00..22.79 rows=1036 width=0)
	                    Index Cond: ((id >= 309138) AND (id <= 310137))

table 3 : explain SELECT DISTINCT c FROM sbtest3 WHERE id BETWEEN 5723100 AND 5724099 ORDER BY c
	Unique  (cost=3975.14..3980.23 rows=1017 width=121)
	  ->  Sort  (cost=3975.14..3977.68 rows=1017 width=121)
	        Sort Key: c
	        ->  Bitmap Heap Scan on sbtest3  (cost=22.86..3924.34 rows=1017 width=121)
	              Recheck Cond: ((id >= 5723100) AND (id <= 5724099))
	              ->  Bitmap Index Scan on sbtest3_pkey  (cost=0.00..22.61 rows=1017 width=0)
	                    Index Cond: ((id >= 5723100) AND (id <= 5724099))

table 4 : explain SELECT DISTINCT c FROM sbtest4 WHERE id BETWEEN 6763930 AND 6764929 ORDER BY c
	Unique  (cost=3921.62..3926.63 rows=1003 width=121)
	  ->  Sort  (cost=3921.62..3924.13 rows=1003 width=121)
	        Sort Key: c
	        ->  Bitmap Heap Scan on sbtest4  (cost=22.72..3871.62 rows=1003 width=121)
	              Recheck Cond: ((id >= 6763930) AND (id <= 6764929))
	              ->  Bitmap Index Scan on sbtest4_pkey  (cost=0.00..22.46 rows=1003 width=0)
	                    Index Cond: ((id >= 6763930) AND (id <= 6764929))

table 5 : explain SELECT DISTINCT c FROM sbtest5 WHERE id BETWEEN 6118889 AND 6119888 ORDER BY c
	Unique  (cost=3647.36..3652.02 rows=931 width=121)
	  ->  Sort  (cost=3647.36..3649.69 rows=931 width=121)
	        Sort Key: c
	        ->  Bitmap Heap Scan on sbtest5  (cost=21.98..3601.45 rows=931 width=121)
	              Recheck Cond: ((id >= 6118889) AND (id <= 6119888))
	              ->  Bitmap Index Scan on sbtest5_pkey  (cost=0.00..21.75 rows=931 width=0)
	                    Index Cond: ((id >= 6118889) AND (id <= 6119888))

table 6 : explain SELECT DISTINCT c FROM sbtest6 WHERE id BETWEEN 3756990 AND 3757989 ORDER BY c
	Unique  (cost=4071.04..4076.25 rows=1042 width=121)
	  ->  Sort  (cost=4071.04..4073.65 rows=1042 width=121)
	        Sort Key: c
	        ->  Bitmap Heap Scan on sbtest6  (cost=23.12..4018.81 rows=1042 width=121)
	              Recheck Cond: ((id >= 3756990) AND (id <= 3757989))
	              ->  Bitmap Index Scan on sbtest6_pkey  (cost=0.00..22.86 rows=1042 width=0)
	                    Index Cond: ((id >= 3756990) AND (id <= 3757989))

table 7 : explain SELECT DISTINCT c FROM sbtest7 WHERE id BETWEEN 7064088 AND 7065087 ORDER BY c
	Unique  (cost=3800.77..3805.63 rows=971 width=121)
	  ->  Sort  (cost=3800.77..3803.20 rows=971 width=121)
	        Sort Key: c
	        ->  Bitmap Heap Scan on sbtest7  (cost=22.39..3752.60 rows=971 width=121)
	              Recheck Cond: ((id >= 7064088) AND (id <= 7065087))
	              ->  Bitmap Index Scan on sbtest7_pkey  (cost=0.00..22.14 rows=971 width=0)
	                    Index Cond: ((id >= 7064088) AND (id <= 7065087))

table 8 : explain SELECT DISTINCT c FROM sbtest8 WHERE id BETWEEN 8978882 AND 8979881 ORDER BY c
	Unique  (cost=3808.31..3813.18 rows=973 width=121)
	  ->  Sort  (cost=3808.31..3810.74 rows=973 width=121)
	        Sort Key: c
	        ->  Bitmap Heap Scan on sbtest8  (cost=22.41..3760.02 rows=973 width=121)
	              Recheck Cond: ((id >= 8978882) AND (id <= 8979881))
	              ->  Bitmap Index Scan on sbtest8_pkey  (cost=0.00..22.16 rows=973 width=0)
	                    Index Cond: ((id >= 8978882) AND (id <= 8979881))

for point_selects
table 1 : explain SELECT c FROM sbtest1 WHERE id=8347755
	Index Scan using sbtest1_pkey on sbtest1  (cost=0.43..8.45 rows=1 width=121)
	  Index Cond: (id = 8347755)

table 2 : explain SELECT c FROM sbtest2 WHERE id=9675527
	Index Scan using sbtest2_pkey on sbtest2  (cost=0.43..8.45 rows=1 width=121)
	  Index Cond: (id = 9675527)

table 3 : explain SELECT c FROM sbtest3 WHERE id=7409471
	Index Scan using sbtest3_pkey on sbtest3  (cost=0.43..8.45 rows=1 width=121)
	  Index Cond: (id = 7409471)

table 4 : explain SELECT c FROM sbtest4 WHERE id=5595235
	Index Scan using sbtest4_pkey on sbtest4  (cost=0.43..8.45 rows=1 width=121)
	  Index Cond: (id = 5595235)

table 5 : explain SELECT c FROM sbtest5 WHERE id=9463434
	Index Scan using sbtest5_pkey on sbtest5  (cost=0.43..8.45 rows=1 width=121)
	  Index Cond: (id = 9463434)

table 6 : explain SELECT c FROM sbtest6 WHERE id=7162496
	Index Scan using sbtest6_pkey on sbtest6  (cost=0.43..8.45 rows=1 width=121)
	  Index Cond: (id = 7162496)

table 7 : explain SELECT c FROM sbtest7 WHERE id=6022093
	Index Scan using sbtest7_pkey on sbtest7  (cost=0.43..8.45 rows=1 width=121)
	  Index Cond: (id = 6022093)

table 8 : explain SELECT c FROM sbtest8 WHERE id=3103661
	Index Scan using sbtest8_pkey on sbtest8  (cost=0.43..8.45 rows=1 width=121)
	  Index Cond: (id = 3103661)

for: distinct_ranges
table 1 : explain SELECT DISTINCT c FROM sbtest1 WHERE id BETWEEN 1020966 AND 1021965 ORDER BY c
	Unique  (cost=3956.21..3961.27 rows=1012 width=121)
	  ->  Sort  (cost=3956.21..3958.74 rows=1012 width=121)
	        Sort Key: c
	        ->  Bitmap Heap Scan on sbtest1  (cost=22.81..3905.70 rows=1012 width=121)
	              Recheck Cond: ((id >= 1020966) AND (id <= 1021965))
	              ->  Bitmap Index Scan on sbtest1_pkey  (cost=0.00..22.55 rows=1012 width=0)
	                    Index Cond: ((id >= 1020966) AND (id <= 1021965))

table 2 : explain SELECT DISTINCT c FROM sbtest2 WHERE id BETWEEN 1706382 AND 1707381 ORDER BY c
	Unique  (cost=4322.44..4327.98 rows=1108 width=121)
	  ->  Sort  (cost=4322.44..4325.21 rows=1108 width=121)
	        Sort Key: c
	        ->  Bitmap Heap Scan on sbtest2  (cost=27.79..4266.41 rows=1108 width=121)
	              Recheck Cond: ((id >= 1706382) AND (id <= 1707381))
	              ->  Bitmap Index Scan on sbtest2_pkey  (cost=0.00..27.51 rows=1108 width=0)
	                    Index Cond: ((id >= 1706382) AND (id <= 1707381))

table 3 : explain SELECT DISTINCT c FROM sbtest3 WHERE id BETWEEN 2204279 AND 2205278 ORDER BY c
	Unique  (cost=3826.07..3830.96 rows=978 width=121)
	  ->  Sort  (cost=3826.07..3828.52 rows=978 width=121)
	        Sort Key: c
	        ->  Bitmap Heap Scan on sbtest3  (cost=22.46..3777.49 rows=978 width=121)
	              Recheck Cond: ((id >= 2204279) AND (id <= 2205278))
	              ->  Bitmap Index Scan on sbtest3_pkey  (cost=0.00..22.21 rows=978 width=0)
	                    Index Cond: ((id >= 2204279) AND (id <= 2205278))

table 4 : explain SELECT DISTINCT c FROM sbtest4 WHERE id BETWEEN 3649060 AND 3650059 ORDER BY c
	Unique  (cost=3887.22..3892.19 rows=994 width=121)
	  ->  Sort  (cost=3887.22..3889.70 rows=994 width=121)
	        Sort Key: c
	        ->  Bitmap Heap Scan on sbtest4  (cost=22.62..3837.73 rows=994 width=121)
	              Recheck Cond: ((id >= 3649060) AND (id <= 3650059))
	              ->  Bitmap Index Scan on sbtest4_pkey  (cost=0.00..22.37 rows=994 width=0)
	                    Index Cond: ((id >= 3649060) AND (id <= 3650059))

table 5 : explain SELECT DISTINCT c FROM sbtest5 WHERE id BETWEEN 6256996 AND 6257995 ORDER BY c
	Unique  (cost=3919.16..3924.17 rows=1002 width=121)
	  ->  Sort  (cost=3919.16..3921.67 rows=1002 width=121)
	        Sort Key: c
	        ->  Bitmap Heap Scan on sbtest5  (cost=22.71..3869.22 rows=1002 width=121)
	              Recheck Cond: ((id >= 6256996) AND (id <= 6257995))
	              ->  Bitmap Index Scan on sbtest5_pkey  (cost=0.00..22.45 rows=1002 width=0)
	                    Index Cond: ((id >= 6256996) AND (id <= 6257995))

table 6 : explain SELECT DISTINCT c FROM sbtest6 WHERE id BETWEEN 4665040 AND 4666039 ORDER BY c
	Unique  (cost=4177.89..4183.24 rows=1070 width=121)
	  ->  Sort  (cost=4177.89..4180.56 rows=1070 width=121)
	        Sort Key: c
	        ->  Bitmap Heap Scan on sbtest6  (cost=23.40..4124.05 rows=1070 width=121)
	              Recheck Cond: ((id >= 4665040) AND (id <= 4666039))
	              ->  Bitmap Index Scan on sbtest6_pkey  (cost=0.00..23.14 rows=1070 width=0)
	                    Index Cond: ((id >= 4665040) AND (id <= 4666039))

table 7 : explain SELECT DISTINCT c FROM sbtest7 WHERE id BETWEEN 5534105 AND 5535104 ORDER BY c
	Unique  (cost=4160.06..4165.38 rows=1065 width=121)
	  ->  Sort  (cost=4160.06..4162.72 rows=1065 width=121)
	        Sort Key: c
	        ->  Bitmap Heap Scan on sbtest7  (cost=23.35..4106.51 rows=1065 width=121)
	              Recheck Cond: ((id >= 5534105) AND (id <= 5535104))
	              ->  Bitmap Index Scan on sbtest7_pkey  (cost=0.00..23.08 rows=1065 width=0)
	                    Index Cond: ((id >= 5534105) AND (id <= 5535104))

table 8 : explain SELECT DISTINCT c FROM sbtest8 WHERE id BETWEEN 5991209 AND 5992208 ORDER BY c
	Unique  (cost=3762.37..3767.18 rows=961 width=121)
	  ->  Sort  (cost=3762.37..3764.77 rows=961 width=121)
	        Sort Key: c
	        ->  Bitmap Heap Scan on sbtest8  (cost=22.29..3714.76 rows=961 width=121)
	              Recheck Cond: ((id >= 5991209) AND (id <= 5992208))
	              ->  Bitmap Index Scan on sbtest8_pkey  (cost=0.00..22.04 rows=961 width=0)
	                    Index Cond: ((id >= 5991209) AND (id <= 5992208))

for: simple_ranges
table 1 : explain SELECT c FROM sbtest1 WHERE id BETWEEN 9858162 AND 9859161
	Bitmap Heap Scan on sbtest1  (cost=28.58..4555.22 rows=1185 width=121)
	  Recheck Cond: ((id >= 9858162) AND (id <= 9859161))
	  ->  Bitmap Index Scan on sbtest1_pkey  (cost=0.00..28.29 rows=1185 width=0)
	        Index Cond: ((id >= 9858162) AND (id <= 9859161))

table 2 : explain SELECT c FROM sbtest2 WHERE id BETWEEN 7452064 AND 7453063
	Bitmap Heap Scan on sbtest2  (cost=22.81..3905.45 rows=1012 width=121)
	  Recheck Cond: ((id >= 7452064) AND (id <= 7453063))
	  ->  Bitmap Index Scan on sbtest2_pkey  (cost=0.00..22.55 rows=1012 width=0)
	        Index Cond: ((id >= 7452064) AND (id <= 7453063))

table 3 : explain SELECT c FROM sbtest3 WHERE id BETWEEN 2993069 AND 2994068
	Bitmap Heap Scan on sbtest3  (cost=22.96..3961.96 rows=1027 width=121)
	  Recheck Cond: ((id >= 2993069) AND (id <= 2994068))
	  ->  Bitmap Index Scan on sbtest3_pkey  (cost=0.00..22.70 rows=1027 width=0)
	        Index Cond: ((id >= 2993069) AND (id <= 2994068))

table 4 : explain SELECT c FROM sbtest4 WHERE id BETWEEN 2863856 AND 2864855
	Bitmap Heap Scan on sbtest4  (cost=22.52..3800.07 rows=984 width=121)
	  Recheck Cond: ((id >= 2863856) AND (id <= 2864855))
	  ->  Bitmap Index Scan on sbtest4_pkey  (cost=0.00..22.27 rows=984 width=0)
	        Index Cond: ((id >= 2863856) AND (id <= 2864855))

table 5 : explain SELECT c FROM sbtest5 WHERE id BETWEEN 9546726 AND 9547725
	Bitmap Heap Scan on sbtest5  (cost=23.27..4076.20 rows=1057 width=121)
	  Recheck Cond: ((id >= 9546726) AND (id <= 9547725))
	  ->  Bitmap Index Scan on sbtest5_pkey  (cost=0.00..23.00 rows=1057 width=0)
	        Index Cond: ((id >= 9546726) AND (id <= 9547725))

table 6 : explain SELECT c FROM sbtest6 WHERE id BETWEEN 3855893 AND 3856892
	Bitmap Heap Scan on sbtest6  (cost=22.76..3887.13 rows=1007 width=121)
	  Recheck Cond: ((id >= 3855893) AND (id <= 3856892))
	  ->  Bitmap Index Scan on sbtest6_pkey  (cost=0.00..22.50 rows=1007 width=0)
	        Index Cond: ((id >= 3855893) AND (id <= 3856892))

table 7 : explain SELECT c FROM sbtest7 WHERE id BETWEEN 9092069 AND 9093068
	Bitmap Heap Scan on sbtest7  (cost=22.60..3831.76 rows=992 width=121)
	  Recheck Cond: ((id >= 9092069) AND (id <= 9093068))
	  ->  Bitmap Index Scan on sbtest7_pkey  (cost=0.00..22.36 rows=992 width=0)
	        Index Cond: ((id >= 9092069) AND (id <= 9093068))

table 8 : explain SELECT c FROM sbtest8 WHERE id BETWEEN 6471299 AND 6472298
	Bitmap Heap Scan on sbtest8  (cost=22.96..3963.44 rows=1027 width=121)
	  Recheck Cond: ((id >= 6471299) AND (id <= 6472298))
	  ->  Bitmap Index Scan on sbtest8_pkey  (cost=0.00..22.70 rows=1027 width=0)
	        Index Cond: ((id >= 6471299) AND (id <= 6472298))

for: sum_ranges
table 1 : explain SELECT SUM(k) FROM sbtest1 WHERE id BETWEEN 7299635 AND 7300634
	Aggregate  (cost=4122.69..4122.70 rows=1 width=8)
	  ->  Bitmap Heap Scan on sbtest1  (cost=23.39..4120.02 rows=1069 width=4)
	        Recheck Cond: ((id >= 7299635) AND (id <= 7300634))
	        ->  Bitmap Index Scan on sbtest1_pkey  (cost=0.00..23.12 rows=1069 width=0)
	              Index Cond: ((id >= 7299635) AND (id <= 7300634))

table 2 : explain SELECT SUM(k) FROM sbtest2 WHERE id BETWEEN 9025843 AND 9026842
	Aggregate  (cost=3806.25..3806.26 rows=1 width=8)
	  ->  Bitmap Heap Scan on sbtest2  (cost=22.53..3803.79 rows=985 width=4)
	        Recheck Cond: ((id >= 9025843) AND (id <= 9026842))
	        ->  Bitmap Index Scan on sbtest2_pkey  (cost=0.00..22.29 rows=985 width=0)
	              Index Cond: ((id >= 9025843) AND (id <= 9026842))

table 3 : explain SELECT SUM(k) FROM sbtest3 WHERE id BETWEEN 1163600 AND 1164599
	Aggregate  (cost=3817.64..3817.65 rows=1 width=8)
	  ->  Bitmap Heap Scan on sbtest3  (cost=22.56..3815.17 rows=988 width=4)
	        Recheck Cond: ((id >= 1163600) AND (id <= 1164599))
	        ->  Bitmap Index Scan on sbtest3_pkey  (cost=0.00..22.32 rows=988 width=0)
	              Index Cond: ((id >= 1163600) AND (id <= 1164599))

table 4 : explain SELECT SUM(k) FROM sbtest4 WHERE id BETWEEN 8269890 AND 8270889
	Aggregate  (cost=3960.73..3960.74 rows=1 width=8)
	  ->  Bitmap Heap Scan on sbtest4  (cost=22.95..3958.17 rows=1026 width=4)
	        Recheck Cond: ((id >= 8269890) AND (id <= 8270889))
	        ->  Bitmap Index Scan on sbtest4_pkey  (cost=0.00..22.69 rows=1026 width=0)
	              Index Cond: ((id >= 8269890) AND (id <= 8270889))

table 5 : explain SELECT SUM(k) FROM sbtest5 WHERE id BETWEEN 4500265 AND 4501264
	Aggregate  (cost=3871.72..3871.73 rows=1 width=8)
	  ->  Bitmap Heap Scan on sbtest5  (cost=22.71..3869.22 rows=1002 width=4)
	        Recheck Cond: ((id >= 4500265) AND (id <= 4501264))
	        ->  Bitmap Index Scan on sbtest5_pkey  (cost=0.00..22.45 rows=1002 width=0)
	              Index Cond: ((id >= 4500265) AND (id <= 4501264))

table 6 : explain SELECT SUM(k) FROM sbtest6 WHERE id BETWEEN 4289746 AND 4290745
	Aggregate  (cost=3900.94..3900.95 rows=1 width=8)
	  ->  Bitmap Heap Scan on sbtest6  (cost=22.79..3898.42 rows=1010 width=4)
	        Recheck Cond: ((id >= 4289746) AND (id <= 4290745))
	        ->  Bitmap Index Scan on sbtest6_pkey  (cost=0.00..22.54 rows=1010 width=0)
	              Index Cond: ((id >= 4289746) AND (id <= 4290745))

table 7 : explain SELECT SUM(k) FROM sbtest7 WHERE id BETWEEN 2453673 AND 2454672
	Aggregate  (cost=3524.59..3524.60 rows=1 width=8)
	  ->  Bitmap Heap Scan on sbtest7  (cost=21.76..3522.31 rows=910 width=4)
	        Recheck Cond: ((id >= 2453673) AND (id <= 2454672))
	        ->  Bitmap Index Scan on sbtest7_pkey  (cost=0.00..21.54 rows=910 width=0)
	              Index Cond: ((id >= 2453673) AND (id <= 2454672))

table 8 : explain SELECT SUM(k) FROM sbtest8 WHERE id BETWEEN 3507026 AND 3508025
	Aggregate  (cost=3743.58..3743.59 rows=1 width=8)
	  ->  Bitmap Heap Scan on sbtest8  (cost=22.36..3741.16 rows=968 width=4)
	        Recheck Cond: ((id >= 3507026) AND (id <= 3508025))
	        ->  Bitmap Index Scan on sbtest8_pkey  (cost=0.00..22.11 rows=968 width=0)
	              Index Cond: ((id >= 3507026) AND (id <= 3508025))

explain: for point_selects :: explain SELECT c FROM sbtest%u WHERE id=%u
for: distinct_ranges
table 1 : explain SELECT DISTINCT c FROM sbtest1 WHERE id BETWEEN 2904801 AND 2905800 ORDER BY c
	Unique  (cost=4185.24..4190.60 rows=1072 width=121)
	  ->  Sort  (cost=4185.24..4187.92 rows=1072 width=121)
	        Sort Key: c
	        ->  Bitmap Heap Scan on sbtest1  (cost=23.42..4131.29 rows=1072 width=121)
	              Recheck Cond: ((id >= 2904801) AND (id <= 2905800))
	              ->  Bitmap Index Scan on sbtest1_pkey  (cost=0.00..23.15 rows=1072 width=0)
	                    Index Cond: ((id >= 2904801) AND (id <= 2905800))

table 2 : explain SELECT DISTINCT c FROM sbtest2 WHERE id BETWEEN 6442455 AND 6443454 ORDER BY c
	Unique  (cost=3523.46..3527.95 rows=899 width=121)
	  ->  Sort  (cost=3523.46..3525.70 rows=899 width=121)
	        Sort Key: c
	        ->  Bitmap Heap Scan on sbtest2  (cost=21.65..3479.35 rows=899 width=121)
	              Recheck Cond: ((id >= 6442455) AND (id <= 6443454))
	              ->  Bitmap Index Scan on sbtest2_pkey  (cost=0.00..21.43 rows=899 width=0)
	                    Index Cond: ((id >= 6442455) AND (id <= 6443454))

table 3 : explain SELECT DISTINCT c FROM sbtest3 WHERE id BETWEEN 9769154 AND 9770153 ORDER BY c
	Unique  (cost=3726.58..3731.34 rows=952 width=121)
	  ->  Sort  (cost=3726.58..3728.96 rows=952 width=121)
	        Sort Key: c
	        ->  Bitmap Heap Scan on sbtest3  (cost=22.19..3679.49 rows=952 width=121)
	              Recheck Cond: ((id >= 9769154) AND (id <= 9770153))
	              ->  Bitmap Index Scan on sbtest3_pkey  (cost=0.00..21.95 rows=952 width=0)
	                    Index Cond: ((id >= 9769154) AND (id <= 9770153))

table 4 : explain SELECT DISTINCT c FROM sbtest4 WHERE id BETWEEN 6501729 AND 6502728 ORDER BY c
	Unique  (cost=3577.17..3581.73 rows=913 width=121)
	  ->  Sort  (cost=3577.17..3579.45 rows=913 width=121)
	        Sort Key: c
	        ->  Bitmap Heap Scan on sbtest4  (cost=21.79..3532.27 rows=913 width=121)
	              Recheck Cond: ((id >= 6501729) AND (id <= 6502728))
	              ->  Bitmap Index Scan on sbtest4_pkey  (cost=0.00..21.57 rows=913 width=0)
	                    Index Cond: ((id >= 6501729) AND (id <= 6502728))

table 5 : explain SELECT DISTINCT c FROM sbtest5 WHERE id BETWEEN 8597582 AND 8598581 ORDER BY c
	Unique  (cost=3815.88..3820.75 rows=975 width=121)
	  ->  Sort  (cost=3815.88..3818.31 rows=975 width=121)
	        Sort Key: c
	        ->  Bitmap Heap Scan on sbtest5  (cost=22.43..3767.47 rows=975 width=121)
	              Recheck Cond: ((id >= 8597582) AND (id <= 8598581))
	              ->  Bitmap Index Scan on sbtest5_pkey  (cost=0.00..22.18 rows=975 width=0)
	                    Index Cond: ((id >= 8597582) AND (id <= 8598581))

table 6 : explain SELECT DISTINCT c FROM sbtest6 WHERE id BETWEEN 4594059 AND 4595058 ORDER BY c
	Unique  (cost=4181.70..4187.06 rows=1071 width=121)
	  ->  Sort  (cost=4181.70..4184.38 rows=1071 width=121)
	        Sort Key: c
	        ->  Bitmap Heap Scan on sbtest6  (cost=23.41..4127.81 rows=1071 width=121)
	              Recheck Cond: ((id >= 4594059) AND (id <= 4595058))
	              ->  Bitmap Index Scan on sbtest6_pkey  (cost=0.00..23.14 rows=1071 width=0)
	                    Index Cond: ((id >= 4594059) AND (id <= 4595058))

table 7 : explain SELECT DISTINCT c FROM sbtest7 WHERE id BETWEEN 8356617 AND 8357616 ORDER BY c
	Unique  (cost=3949.97..3955.02 rows=1010 width=121)
	  ->  Sort  (cost=3949.97..3952.49 rows=1010 width=121)
	        Sort Key: c
	        ->  Bitmap Heap Scan on sbtest7  (cost=22.79..3899.57 rows=1010 width=121)
	              Recheck Cond: ((id >= 8356617) AND (id <= 8357616))
	              ->  Bitmap Index Scan on sbtest7_pkey  (cost=0.00..22.54 rows=1010 width=0)
	                    Index Cond: ((id >= 8356617) AND (id <= 8357616))

table 8 : explain SELECT DISTINCT c FROM sbtest8 WHERE id BETWEEN 555552 AND 556551 ORDER BY c
	Unique  (cost=3930.73..3935.75 rows=1005 width=121)
	  ->  Sort  (cost=3930.73..3933.24 rows=1005 width=121)
	        Sort Key: c
	        ->  Bitmap Heap Scan on sbtest8  (cost=22.74..3880.61 rows=1005 width=121)
	              Recheck Cond: ((id >= 555552) AND (id <= 556551))
	              ->  Bitmap Index Scan on sbtest8_pkey  (cost=0.00..22.48 rows=1005 width=0)
	                    Index Cond: ((id >= 555552) AND (id <= 556551))

for point_selects
table 1 : explain SELECT c FROM sbtest1 WHERE id=3510359
	Index Scan using sbtest1_pkey on sbtest1  (cost=0.43..8.45 rows=1 width=121)
	  Index Cond: (id = 3510359)

table 2 : explain SELECT c FROM sbtest2 WHERE id=567472
	Index Scan using sbtest2_pkey on sbtest2  (cost=0.43..8.45 rows=1 width=121)
	  Index Cond: (id = 567472)

table 3 : explain SELECT c FROM sbtest3 WHERE id=3148862
	Index Scan using sbtest3_pkey on sbtest3  (cost=0.43..8.45 rows=1 width=121)
	  Index Cond: (id = 3148862)

table 4 : explain SELECT c FROM sbtest4 WHERE id=7217036
	Index Scan using sbtest4_pkey on sbtest4  (cost=0.43..8.45 rows=1 width=121)
	  Index Cond: (id = 7217036)

table 5 : explain SELECT c FROM sbtest5 WHERE id=9839742
	Index Scan using sbtest5_pkey on sbtest5  (cost=0.43..8.45 rows=1 width=121)
	  Index Cond: (id = 9839742)

table 6 : explain SELECT c FROM sbtest6 WHERE id=2294662
	Index Scan using sbtest6_pkey on sbtest6  (cost=0.43..8.45 rows=1 width=121)
	  Index Cond: (id = 2294662)

table 7 : explain SELECT c FROM sbtest7 WHERE id=3905388
	Index Scan using sbtest7_pkey on sbtest7  (cost=0.43..8.45 rows=1 width=121)
	  Index Cond: (id = 3905388)

table 8 : explain SELECT c FROM sbtest8 WHERE id=6937539
	Index Scan using sbtest8_pkey on sbtest8  (cost=0.43..8.45 rows=1 width=121)
	  Index Cond: (id = 6937539)

for: simple_ranges
table 1 : explain SELECT c FROM sbtest1 WHERE id BETWEEN 6485560 AND 6486559
	Bitmap Heap Scan on sbtest1  (cost=27.67..4221.67 rows=1096 width=121)
	  Recheck Cond: ((id >= 6485560) AND (id <= 6486559))
	  ->  Bitmap Index Scan on sbtest1_pkey  (cost=0.00..27.39 rows=1096 width=0)
	        Index Cond: ((id >= 6485560) AND (id <= 6486559))

table 2 : explain SELECT c FROM sbtest2 WHERE id BETWEEN 7338909 AND 7339908
	Bitmap Heap Scan on sbtest2  (cost=21.83..3547.34 rows=917 width=121)
	  Recheck Cond: ((id >= 7338909) AND (id <= 7339908))
	  ->  Bitmap Index Scan on sbtest2_pkey  (cost=0.00..21.61 rows=917 width=0)
	        Index Cond: ((id >= 7338909) AND (id <= 7339908))

table 3 : explain SELECT c FROM sbtest3 WHERE id BETWEEN 6789405 AND 6790404
	Bitmap Heap Scan on sbtest3  (cost=20.97..3229.73 rows=833 width=121)
	  Recheck Cond: ((id >= 6789405) AND (id <= 6790404))
	  ->  Bitmap Index Scan on sbtest3_pkey  (cost=0.00..20.76 rows=833 width=0)
	        Index Cond: ((id >= 6789405) AND (id <= 6790404))

table 4 : explain SELECT c FROM sbtest4 WHERE id BETWEEN 7768662 AND 7769661
	Bitmap Heap Scan on sbtest4  (cost=21.63..3471.83 rows=897 width=121)
	  Recheck Cond: ((id >= 7768662) AND (id <= 7769661))
	  ->  Bitmap Index Scan on sbtest4_pkey  (cost=0.00..21.40 rows=897 width=0)
	        Index Cond: ((id >= 7768662) AND (id <= 7769661))

table 5 : explain SELECT c FROM sbtest5 WHERE id BETWEEN 9840608 AND 9841607
	Bitmap Heap Scan on sbtest5  (cost=21.96..3593.90 rows=929 width=121)
	  Recheck Cond: ((id >= 9840608) AND (id <= 9841607))
	  ->  Bitmap Index Scan on sbtest5_pkey  (cost=0.00..21.72 rows=929 width=0)
	        Index Cond: ((id >= 9840608) AND (id <= 9841607))

table 6 : explain SELECT c FROM sbtest6 WHERE id BETWEEN 1715485 AND 1716484
	Bitmap Heap Scan on sbtest6  (cost=22.47..3781.66 rows=979 width=121)
	  Recheck Cond: ((id >= 1715485) AND (id <= 1716484))
	  ->  Bitmap Index Scan on sbtest6_pkey  (cost=0.00..22.22 rows=979 width=0)
	        Index Cond: ((id >= 1715485) AND (id <= 1716484))

table 7 : explain SELECT c FROM sbtest7 WHERE id BETWEEN 3336694 AND 3337693
	Bitmap Heap Scan on sbtest7  (cost=22.68..3861.90 rows=1000 width=121)
	  Recheck Cond: ((id >= 3336694) AND (id <= 3337693))
	  ->  Bitmap Index Scan on sbtest7_pkey  (cost=0.00..22.43 rows=1000 width=0)
	        Index Cond: ((id >= 3336694) AND (id <= 3337693))

table 8 : explain SELECT c FROM sbtest8 WHERE id BETWEEN 2199722 AND 2200721
	Bitmap Heap Scan on sbtest8  (cost=23.06..4001.08 rows=1037 width=121)
	  Recheck Cond: ((id >= 2199722) AND (id <= 2200721))
	  ->  Bitmap Index Scan on sbtest8_pkey  (cost=0.00..22.80 rows=1037 width=0)
	        Index Cond: ((id >= 2199722) AND (id <= 2200721))

for: sum_ranges
table 1 : explain SELECT SUM(k) FROM sbtest1 WHERE id BETWEEN 4320461 AND 4321460
	Aggregate  (cost=3953.41..3953.42 rows=1 width=8)
	  ->  Bitmap Heap Scan on sbtest1  (cost=22.93..3950.85 rows=1024 width=4)
	        Recheck Cond: ((id >= 4320461) AND (id <= 4321460))
	        ->  Bitmap Index Scan on sbtest1_pkey  (cost=0.00..22.68 rows=1024 width=0)
	              Index Cond: ((id >= 4320461) AND (id <= 4321460))

table 2 : explain SELECT SUM(k) FROM sbtest2 WHERE id BETWEEN 6468827 AND 6469826
	Aggregate  (cost=3481.60..3481.61 rows=1 width=8)
	  ->  Bitmap Heap Scan on sbtest2  (cost=21.65..3479.35 rows=899 width=4)
	        Recheck Cond: ((id >= 6468827) AND (id <= 6469826))
	        ->  Bitmap Index Scan on sbtest2_pkey  (cost=0.00..21.43 rows=899 width=0)
	              Index Cond: ((id >= 6468827) AND (id <= 6469826))

table 3 : explain SELECT SUM(k) FROM sbtest3 WHERE id BETWEEN 6693858 AND 6694857
	Aggregate  (cost=3231.81..3231.82 rows=1 width=8)
	  ->  Bitmap Heap Scan on sbtest3  (cost=20.97..3229.73 rows=833 width=4)
	        Recheck Cond: ((id >= 6693858) AND (id <= 6694857))
	        ->  Bitmap Index Scan on sbtest3_pkey  (cost=0.00..20.76 rows=833 width=0)
	              Index Cond: ((id >= 6693858) AND (id <= 6694857))

table 4 : explain SELECT SUM(k) FROM sbtest4 WHERE id BETWEEN 7312211 AND 7313210
	Aggregate  (cost=3987.08..3987.09 rows=1 width=8)
	  ->  Bitmap Heap Scan on sbtest4  (cost=23.02..3984.50 rows=1033 width=4)
	        Recheck Cond: ((id >= 7312211) AND (id <= 7313210))
	        ->  Bitmap Index Scan on sbtest4_pkey  (cost=0.00..22.76 rows=1033 width=0)
	              Index Cond: ((id >= 7312211) AND (id <= 7313210))

table 5 : explain SELECT SUM(k) FROM sbtest5 WHERE id BETWEEN 1269331 AND 1270330
	Aggregate  (cost=3641.56..3641.57 rows=1 width=8)
	  ->  Bitmap Heap Scan on sbtest5  (cost=22.08..3639.21 rows=941 width=4)
	        Recheck Cond: ((id >= 1269331) AND (id <= 1270330))
	        ->  Bitmap Index Scan on sbtest5_pkey  (cost=0.00..21.84 rows=941 width=0)
	              Index Cond: ((id >= 1269331) AND (id <= 1270330))

table 6 : explain SELECT SUM(k) FROM sbtest6 WHERE id BETWEEN 9297301 AND 9298300
	Aggregate  (cost=3938.61..3938.62 rows=1 width=8)
	  ->  Bitmap Heap Scan on sbtest6  (cost=22.89..3936.06 rows=1020 width=4)
	        Recheck Cond: ((id >= 9297301) AND (id <= 9298300))
	        ->  Bitmap Index Scan on sbtest6_pkey  (cost=0.00..22.64 rows=1020 width=0)
	              Index Cond: ((id >= 9297301) AND (id <= 9298300))

table 7 : explain SELECT SUM(k) FROM sbtest7 WHERE id BETWEEN 2672768 AND 2673767
	Aggregate  (cost=3947.31..3947.32 rows=1 width=8)
	  ->  Bitmap Heap Scan on sbtest7  (cost=22.91..3944.75 rows=1022 width=4)
	        Recheck Cond: ((id >= 2672768) AND (id <= 2673767))
	        ->  Bitmap Index Scan on sbtest7_pkey  (cost=0.00..22.65 rows=1022 width=0)
	              Index Cond: ((id >= 2672768) AND (id <= 2673767))

table 8 : explain SELECT SUM(k) FROM sbtest8 WHERE id BETWEEN 3671128 AND 3672127
	Aggregate  (cost=4161.92..4161.93 rows=1 width=8)
	  ->  Bitmap Heap Scan on sbtest8  (cost=27.48..4159.23 rows=1078 width=4)
	        Recheck Cond: ((id >= 3671128) AND (id <= 3672127))
	        ->  Bitmap Index Scan on sbtest8_pkey  (cost=0.00..27.21 rows=1078 width=0)
	              Index Cond: ((id >= 3671128) AND (id <= 3672127))

for: simple_ranges
table 1 : explain SELECT c FROM sbtest1 WHERE id BETWEEN 5628519 AND 5629518
	Bitmap Heap Scan on sbtest1  (cost=22.82..3909.46 rows=1013 width=121)
	  Recheck Cond: ((id >= 5628519) AND (id <= 5629518))
	  ->  Bitmap Index Scan on sbtest1_pkey  (cost=0.00..22.57 rows=1013 width=0)
	        Index Cond: ((id >= 5628519) AND (id <= 5629518))

table 2 : explain SELECT c FROM sbtest2 WHERE id BETWEEN 8152254 AND 8153253
	Bitmap Heap Scan on sbtest2  (cost=22.46..3777.42 rows=978 width=121)
	  Recheck Cond: ((id >= 8152254) AND (id <= 8153253))
	  ->  Bitmap Index Scan on sbtest2_pkey  (cost=0.00..22.21 rows=978 width=0)
	        Index Cond: ((id >= 8152254) AND (id <= 8153253))

table 3 : explain SELECT c FROM sbtest3 WHERE id BETWEEN 3203655 AND 3204654
	Bitmap Heap Scan on sbtest3  (cost=23.13..4022.13 rows=1043 width=121)
	  Recheck Cond: ((id >= 3203655) AND (id <= 3204654))
	  ->  Bitmap Index Scan on sbtest3_pkey  (cost=0.00..22.86 rows=1043 width=0)
	        Index Cond: ((id >= 3203655) AND (id <= 3204654))

table 4 : explain SELECT c FROM sbtest4 WHERE id BETWEEN 6398795 AND 6399794
	Bitmap Heap Scan on sbtest4  (cost=23.55..4176.13 rows=1084 width=121)
	  Recheck Cond: ((id >= 6398795) AND (id <= 6399794))
	  ->  Bitmap Index Scan on sbtest4_pkey  (cost=0.00..23.27 rows=1084 width=0)
	        Index Cond: ((id >= 6398795) AND (id <= 6399794))

table 5 : explain SELECT c FROM sbtest5 WHERE id BETWEEN 120162 AND 121161
	Bitmap Heap Scan on sbtest5  (cost=22.92..3948.29 rows=1023 width=121)
	  Recheck Cond: ((id >= 120162) AND (id <= 121161))
	  ->  Bitmap Index Scan on sbtest5_pkey  (cost=0.00..22.66 rows=1023 width=0)
	        Index Cond: ((id >= 120162) AND (id <= 121161))

table 6 : explain SELECT c FROM sbtest6 WHERE id BETWEEN 8788107 AND 8789106
	Bitmap Heap Scan on sbtest6  (cost=21.60..3460.87 rows=894 width=121)
	  Recheck Cond: ((id >= 8788107) AND (id <= 8789106))
	  ->  Bitmap Index Scan on sbtest6_pkey  (cost=0.00..21.37 rows=894 width=0)
	        Index Cond: ((id >= 8788107) AND (id <= 8789106))

table 7 : explain SELECT c FROM sbtest7 WHERE id BETWEEN 546862 AND 547861
	Bitmap Heap Scan on sbtest7  (cost=22.56..3816.69 rows=988 width=121)
	  Recheck Cond: ((id >= 546862) AND (id <= 547861))
	  ->  Bitmap Index Scan on sbtest7_pkey  (cost=0.00..22.32 rows=988 width=0)
	        Index Cond: ((id >= 546862) AND (id <= 547861))

table 8 : explain SELECT c FROM sbtest8 WHERE id BETWEEN 105303 AND 106302
	Bitmap Heap Scan on sbtest8  (cost=21.25..3333.08 rows=860 width=121)
	  Recheck Cond: ((id >= 105303) AND (id <= 106302))
	  ->  Bitmap Index Scan on sbtest8_pkey  (cost=0.00..21.04 rows=860 width=0)
	        Index Cond: ((id >= 105303) AND (id <= 106302))

for: sum_ranges
table 1 : explain SELECT SUM(k) FROM sbtest1 WHERE id BETWEEN 6042280 AND 6043279
	Aggregate  (cost=4077.58..4077.59 rows=1 width=8)
	  ->  Bitmap Heap Scan on sbtest1  (cost=23.27..4074.94 rows=1057 width=4)
	        Recheck Cond: ((id >= 6042280) AND (id <= 6043279))
	        ->  Bitmap Index Scan on sbtest1_pkey  (cost=0.00..23.00 rows=1057 width=0)
	              Index Cond: ((id >= 6042280) AND (id <= 6043279))

table 2 : explain SELECT SUM(k) FROM sbtest2 WHERE id BETWEEN 7777784 AND 7778783
	Aggregate  (cost=3662.92..3662.93 rows=1 width=8)
	  ->  Bitmap Heap Scan on sbtest2  (cost=22.14..3660.56 rows=947 width=4)
	        Recheck Cond: ((id >= 7777784) AND (id <= 7778783))
	        ->  Bitmap Index Scan on sbtest2_pkey  (cost=0.00..21.90 rows=947 width=0)
	              Index Cond: ((id >= 7777784) AND (id <= 7778783))

table 3 : explain SELECT SUM(k) FROM sbtest3 WHERE id BETWEEN 7755483 AND 7756482
	Aggregate  (cost=3583.70..3583.71 rows=1 width=8)
	  ->  Bitmap Heap Scan on sbtest3  (cost=21.93..3581.39 rows=926 width=4)
	        Recheck Cond: ((id >= 7755483) AND (id <= 7756482))
	        ->  Bitmap Index Scan on sbtest3_pkey  (cost=0.00..21.69 rows=926 width=0)
	              Index Cond: ((id >= 7755483) AND (id <= 7756482))

table 4 : explain SELECT SUM(k) FROM sbtest4 WHERE id BETWEEN 3549668 AND 3550667
	Aggregate  (cost=4062.32..4062.33 rows=1 width=8)
	  ->  Bitmap Heap Scan on sbtest4  (cost=23.23..4059.68 rows=1053 width=4)
	        Recheck Cond: ((id >= 3549668) AND (id <= 3550667))
	        ->  Bitmap Index Scan on sbtest4_pkey  (cost=0.00..22.96 rows=1053 width=0)
	              Index Cond: ((id >= 3549668) AND (id <= 3550667))

table 5 : explain SELECT SUM(k) FROM sbtest5 WHERE id BETWEEN 9231314 AND 9232313
	Aggregate  (cost=3482.80..3482.81 rows=1 width=8)
	  ->  Bitmap Heap Scan on sbtest5  (cost=21.65..3480.55 rows=899 width=4)
	        Recheck Cond: ((id >= 9231314) AND (id <= 9232313))
	        ->  Bitmap Index Scan on sbtest5_pkey  (cost=0.00..21.43 rows=899 width=0)
	              Index Cond: ((id >= 9231314) AND (id <= 9232313))

table 6 : explain SELECT SUM(k) FROM sbtest6 WHERE id BETWEEN 8069126 AND 8070125
	Aggregate  (cost=3840.66..3840.67 rows=1 width=8)
	  ->  Bitmap Heap Scan on sbtest6  (cost=22.62..3838.17 rows=994 width=4)
	        Recheck Cond: ((id >= 8069126) AND (id <= 8070125))
	        ->  Bitmap Index Scan on sbtest6_pkey  (cost=0.00..22.37 rows=994 width=0)
	              Index Cond: ((id >= 8069126) AND (id <= 8070125))

table 7 : explain SELECT SUM(k) FROM sbtest7 WHERE id BETWEEN 5849216 AND 5850215
	Aggregate  (cost=3456.49..3456.50 rows=1 width=8)
	  ->  Bitmap Heap Scan on sbtest7  (cost=21.58..3454.26 rows=892 width=4)
	        Recheck Cond: ((id >= 5849216) AND (id <= 5850215))
	        ->  Bitmap Index Scan on sbtest7_pkey  (cost=0.00..21.36 rows=892 width=0)
	              Index Cond: ((id >= 5849216) AND (id <= 5850215))

table 8 : explain SELECT SUM(k) FROM sbtest8 WHERE id BETWEEN 2048066 AND 2049065
	Aggregate  (cost=4014.96..4014.97 rows=1 width=8)
	  ->  Bitmap Heap Scan on sbtest8  (cost=23.09..4012.36 rows=1040 width=4)
	        Recheck Cond: ((id >= 2048066) AND (id <= 2049065))
	        ->  Bitmap Index Scan on sbtest8_pkey  (cost=0.00..22.83 rows=1040 width=0)
	              Index Cond: ((id >= 2048066) AND (id <= 2049065))

for: simple_ranges
table 1 : explain SELECT c FROM sbtest1 WHERE id BETWEEN 8085058 AND 8086057
	Bitmap Heap Scan on sbtest1  (cost=22.32..3724.89 rows=964 width=121)
	  Recheck Cond: ((id >= 8085058) AND (id <= 8086057))
	  ->  Bitmap Index Scan on sbtest1_pkey  (cost=0.00..22.07 rows=964 width=0)
	        Index Cond: ((id >= 8085058) AND (id <= 8086057))

table 2 : explain SELECT c FROM sbtest2 WHERE id BETWEEN 6086002 AND 6087001
	Bitmap Heap Scan on sbtest2  (cost=22.40..3754.81 rows=972 width=121)
	  Recheck Cond: ((id >= 6086002) AND (id <= 6087001))
	  ->  Bitmap Index Scan on sbtest2_pkey  (cost=0.00..22.15 rows=972 width=0)
	        Index Cond: ((id >= 6086002) AND (id <= 6087001))

table 3 : explain SELECT c FROM sbtest3 WHERE id BETWEEN 2492430 AND 2493429
	Bitmap Heap Scan on sbtest3  (cost=23.56..4179.92 rows=1085 width=121)
	  Recheck Cond: ((id >= 2492430) AND (id <= 2493429))
	  ->  Bitmap Index Scan on sbtest3_pkey  (cost=0.00..23.29 rows=1085 width=0)
	        Index Cond: ((id >= 2492430) AND (id <= 2493429))

table 4 : explain SELECT c FROM sbtest4 WHERE id BETWEEN 7848424 AND 7849423
	Bitmap Heap Scan on sbtest4  (cost=22.35..3736.01 rows=967 width=121)
	  Recheck Cond: ((id >= 7848424) AND (id <= 7849423))
	  ->  Bitmap Index Scan on sbtest4_pkey  (cost=0.00..22.11 rows=967 width=0)
	        Index Cond: ((id >= 7848424) AND (id <= 7849423))

table 5 : explain SELECT c FROM sbtest5 WHERE id BETWEEN 1646795 AND 1647794
	Bitmap Heap Scan on sbtest5  (cost=22.96..3963.35 rows=1027 width=121)
	  Recheck Cond: ((id >= 1646795) AND (id <= 1647794))
	  ->  Bitmap Index Scan on sbtest5_pkey  (cost=0.00..22.70 rows=1027 width=0)
	        Index Cond: ((id >= 1646795) AND (id <= 1647794))

table 6 : explain SELECT c FROM sbtest6 WHERE id BETWEEN 4956177 AND 4957176
	Bitmap Heap Scan on sbtest6  (cost=23.48..4154.10 rows=1078 width=121)
	  Recheck Cond: ((id >= 4956177) AND (id <= 4957176))
	  ->  Bitmap Index Scan on sbtest6_pkey  (cost=0.00..23.21 rows=1078 width=0)
	        Index Cond: ((id >= 4956177) AND (id <= 4957176))

table 7 : explain SELECT c FROM sbtest7 WHERE id BETWEEN 8112233 AND 8113232
	Bitmap Heap Scan on sbtest7  (cost=23.08..4008.73 rows=1039 width=121)
	  Recheck Cond: ((id >= 8112233) AND (id <= 8113232))
	  ->  Bitmap Index Scan on sbtest7_pkey  (cost=0.00..22.82 rows=1039 width=0)
	        Index Cond: ((id >= 8112233) AND (id <= 8113232))

table 8 : explain SELECT c FROM sbtest8 WHERE id BETWEEN 5003751 AND 5004750
	Bitmap Heap Scan on sbtest8  (cost=22.79..3899.44 rows=1010 width=121)
	  Recheck Cond: ((id >= 5003751) AND (id <= 5004750))
	  ->  Bitmap Index Scan on sbtest8_pkey  (cost=0.00..22.54 rows=1010 width=0)
	        Index Cond: ((id >= 5003751) AND (id <= 5004750))

for: sum_ranges
table 1 : explain SELECT SUM(k) FROM sbtest1 WHERE id BETWEEN 1379120 AND 1380119
	Aggregate  (cost=3704.66..3704.67 rows=1 width=8)
	  ->  Bitmap Heap Scan on sbtest1  (cost=22.25..3702.27 rows=958 width=4)
	        Recheck Cond: ((id >= 1379120) AND (id <= 1380119))
	        ->  Bitmap Index Scan on sbtest1_pkey  (cost=0.00..22.01 rows=958 width=0)
	              Index Cond: ((id >= 1379120) AND (id <= 1380119))

table 2 : explain SELECT SUM(k) FROM sbtest2 WHERE id BETWEEN 5266505 AND 5267504
	Aggregate  (cost=3926.81..3926.82 rows=1 width=8)
	  ->  Bitmap Heap Scan on sbtest2  (cost=22.86..3924.26 rows=1017 width=4)
	        Recheck Cond: ((id >= 5266505) AND (id <= 5267504))
	        ->  Bitmap Index Scan on sbtest2_pkey  (cost=0.00..22.61 rows=1017 width=0)
	              Index Cond: ((id >= 5266505) AND (id <= 5267504))

table 3 : explain SELECT SUM(k) FROM sbtest3 WHERE id BETWEEN 724079 AND 725078
	Aggregate  (cost=3579.92..3579.93 rows=1 width=8)
	  ->  Bitmap Heap Scan on sbtest3  (cost=21.92..3577.61 rows=925 width=4)
	        Recheck Cond: ((id >= 724079) AND (id <= 725078))
	        ->  Bitmap Index Scan on sbtest3_pkey  (cost=0.00..21.68 rows=925 width=0)
	              Index Cond: ((id >= 724079) AND (id <= 725078))

table 4 : explain SELECT SUM(k) FROM sbtest4 WHERE id BETWEEN 211651 AND 212650
	Aggregate  (cost=3708.25..3708.26 rows=1 width=8)
	  ->  Bitmap Heap Scan on sbtest4  (cost=22.26..3705.85 rows=959 width=4)
	        Recheck Cond: ((id >= 211651) AND (id <= 212650))
	        ->  Bitmap Index Scan on sbtest4_pkey  (cost=0.00..22.02 rows=959 width=0)
	              Index Cond: ((id >= 211651) AND (id <= 212650))

table 5 : explain SELECT SUM(k) FROM sbtest5 WHERE id BETWEEN 9472602 AND 9473601
	Aggregate  (cost=3505.49..3505.50 rows=1 width=8)
	  ->  Bitmap Heap Scan on sbtest5  (cost=21.71..3503.23 rows=905 width=4)
	        Recheck Cond: ((id >= 9472602) AND (id <= 9473601))
	        ->  Bitmap Index Scan on sbtest5_pkey  (cost=0.00..21.48 rows=905 width=0)
	              Index Cond: ((id >= 9472602) AND (id <= 9473601))

table 6 : explain SELECT SUM(k) FROM sbtest6 WHERE id BETWEEN 3717169 AND 3718168
	Aggregate  (cost=3953.67..3953.68 rows=1 width=8)
	  ->  Bitmap Heap Scan on sbtest6  (cost=22.93..3951.11 rows=1024 width=4)
	        Recheck Cond: ((id >= 3717169) AND (id <= 3718168))
	        ->  Bitmap Index Scan on sbtest6_pkey  (cost=0.00..22.68 rows=1024 width=0)
	              Index Cond: ((id >= 3717169) AND (id <= 3718168))

table 7 : explain SELECT SUM(k) FROM sbtest7 WHERE id BETWEEN 9078268 AND 9079267
	Aggregate  (cost=3834.24..3834.25 rows=1 width=8)
	  ->  Bitmap Heap Scan on sbtest7  (cost=22.60..3831.76 rows=992 width=4)
	        Recheck Cond: ((id >= 9078268) AND (id <= 9079267))
	        ->  Bitmap Index Scan on sbtest7_pkey  (cost=0.00..22.36 rows=992 width=0)
	              Index Cond: ((id >= 9078268) AND (id <= 9079267))

table 8 : explain SELECT SUM(k) FROM sbtest8 WHERE id BETWEEN 7750528 AND 7751527
	Aggregate  (cost=4233.34..4233.35 rows=1 width=8)
	  ->  Bitmap Heap Scan on sbtest8  (cost=27.68..4230.59 rows=1097 width=4)
	        Recheck Cond: ((id >= 7750528) AND (id <= 7751527))
	        ->  Bitmap Index Scan on sbtest8_pkey  (cost=0.00..27.40 rows=1097 width=0)
	              Index Cond: ((id >= 7750528) AND (id <= 7751527))

for: order_ranges
table 1 : explain SELECT c FROM sbtest1 WHERE id BETWEEN 9063024 AND 9064023 ORDER BY c
	Sort  (cost=3875.95..3878.43 rows=991 width=121)
	  Sort Key: c
	  ->  Bitmap Heap Scan on sbtest1  (cost=22.59..3826.63 rows=991 width=121)
	        Recheck Cond: ((id >= 9063024) AND (id <= 9064023))
	        ->  Bitmap Index Scan on sbtest1_pkey  (cost=0.00..22.34 rows=991 width=0)
	              Index Cond: ((id >= 9063024) AND (id <= 9064023))

table 2 : explain SELECT c FROM sbtest2 WHERE id BETWEEN 3312977 AND 3313976 ORDER BY c
	Sort  (cost=3978.88..3981.43 rows=1018 width=121)
	  Sort Key: c
	  ->  Bitmap Heap Scan on sbtest2  (cost=22.87..3928.03 rows=1018 width=121)
	        Recheck Cond: ((id >= 3312977) AND (id <= 3313976))
	        ->  Bitmap Index Scan on sbtest2_pkey  (cost=0.00..22.61 rows=1018 width=0)
	              Index Cond: ((id >= 3312977) AND (id <= 3313976))

table 3 : explain SELECT c FROM sbtest3 WHERE id BETWEEN 7007859 AND 7008858 ORDER BY c
	Sort  (cost=3902.54..3905.04 rows=998 width=121)
	  Sort Key: c
	  ->  Bitmap Heap Scan on sbtest3  (cost=22.66..3852.83 rows=998 width=121)
	        Recheck Cond: ((id >= 7007859) AND (id <= 7008858))
	        ->  Bitmap Index Scan on sbtest3_pkey  (cost=0.00..22.41 rows=998 width=0)
	              Index Cond: ((id >= 7007859) AND (id <= 7008858))

table 4 : explain SELECT c FROM sbtest4 WHERE id BETWEEN 658604 AND 659603 ORDER BY c
	Sort  (cost=3649.97..3652.30 rows=932 width=121)
	  Sort Key: c
	  ->  Bitmap Heap Scan on sbtest4  (cost=21.99..3604.00 rows=932 width=121)
	        Recheck Cond: ((id >= 658604) AND (id <= 659603))
	        ->  Bitmap Index Scan on sbtest4_pkey  (cost=0.00..21.75 rows=932 width=0)
	              Index Cond: ((id >= 658604) AND (id <= 659603))

table 5 : explain SELECT c FROM sbtest5 WHERE id BETWEEN 5119692 AND 5120691 ORDER BY c
	Sort  (cost=3842.66..3845.12 rows=982 width=121)
	  Sort Key: c
	  ->  Bitmap Heap Scan on sbtest5  (cost=22.50..3793.86 rows=982 width=121)
	        Recheck Cond: ((id >= 5119692) AND (id <= 5120691))
	        ->  Bitmap Index Scan on sbtest5_pkey  (cost=0.00..22.25 rows=982 width=0)
	              Index Cond: ((id >= 5119692) AND (id <= 5120691))

table 6 : explain SELECT c FROM sbtest6 WHERE id BETWEEN 655875 AND 656874 ORDER BY c
	Sort  (cost=3700.17..3702.53 rows=945 width=121)
	  Sort Key: c
	  ->  Bitmap Heap Scan on sbtest6  (cost=22.12..3653.46 rows=945 width=121)
	        Recheck Cond: ((id >= 655875) AND (id <= 656874))
	        ->  Bitmap Index Scan on sbtest6_pkey  (cost=0.00..21.89 rows=945 width=0)
	              Index Cond: ((id >= 655875) AND (id <= 656874))

table 7 : explain SELECT c FROM sbtest7 WHERE id BETWEEN 7908176 AND 7909175 ORDER BY c
	Sort  (cost=4137.16..4139.81 rows=1059 width=121)
	  Sort Key: c
	  ->  Bitmap Heap Scan on sbtest7  (cost=23.29..4083.95 rows=1059 width=121)
	        Recheck Cond: ((id >= 7908176) AND (id <= 7909175))
	        ->  Bitmap Index Scan on sbtest7_pkey  (cost=0.00..23.02 rows=1059 width=0)
	              Index Cond: ((id >= 7908176) AND (id <= 7909175))

table 8 : explain SELECT c FROM sbtest8 WHERE id BETWEEN 7075409 AND 7076408 ORDER BY c
	Sort  (cost=3919.26..3921.76 rows=1002 width=121)
	  Sort Key: c
	  ->  Bitmap Heap Scan on sbtest8  (cost=22.71..3869.31 rows=1002 width=121)
	        Recheck Cond: ((id >= 7075409) AND (id <= 7076408))
	        ->  Bitmap Index Scan on sbtest8_pkey  (cost=0.00..22.45 rows=1002 width=0)
	              Index Cond: ((id >= 7075409) AND (id <= 7076408))

for point_selects
table 1 : explain SELECT c FROM sbtest1 WHERE id=2901647
	Index Scan using sbtest1_pkey on sbtest1  (cost=0.43..8.45 rows=1 width=121)
	  Index Cond: (id = 2901647)

table 2 : explain SELECT c FROM sbtest2 WHERE id=5506589
	Index Scan using sbtest2_pkey on sbtest2  (cost=0.43..8.45 rows=1 width=121)
	  Index Cond: (id = 5506589)

table 3 : explain SELECT c FROM sbtest3 WHERE id=3936317
	Index Scan using sbtest3_pkey on sbtest3  (cost=0.43..8.45 rows=1 width=121)
	  Index Cond: (id = 3936317)

table 4 : explain SELECT c FROM sbtest4 WHERE id=914454
	Index Scan using sbtest4_pkey on sbtest4  (cost=0.43..8.45 rows=1 width=121)
	  Index Cond: (id = 914454)

table 5 : explain SELECT c FROM sbtest5 WHERE id=9328337
	Index Scan using sbtest5_pkey on sbtest5  (cost=0.43..8.45 rows=1 width=121)
	  Index Cond: (id = 9328337)

table 6 : explain SELECT c FROM sbtest6 WHERE id=2213971
	Index Scan using sbtest6_pkey on sbtest6  (cost=0.43..8.45 rows=1 width=121)
	  Index Cond: (id = 2213971)

table 7 : explain SELECT c FROM sbtest7 WHERE id=8317981
	Index Scan using sbtest7_pkey on sbtest7  (cost=0.43..8.45 rows=1 width=121)
	  Index Cond: (id = 8317981)

table 8 : explain SELECT c FROM sbtest8 WHERE id=9997486
	Index Scan using sbtest8_pkey on sbtest8  (cost=0.43..8.45 rows=1 width=121)
	  Index Cond: (id = 9997486)

for: order_ranges
table 1 : explain SELECT c FROM sbtest1 WHERE id BETWEEN 6413281 AND 6414280 ORDER BY c
	Sort  (cost=4242.43..4245.15 rows=1087 width=121)
	  Sort Key: c
	  ->  Bitmap Heap Scan on sbtest1  (cost=23.58..4187.62 rows=1087 width=121)
	        Recheck Cond: ((id >= 6413281) AND (id <= 6414280))
	        ->  Bitmap Index Scan on sbtest1_pkey  (cost=0.00..23.30 rows=1087 width=0)
	              Index Cond: ((id >= 6413281) AND (id <= 6414280))

table 2 : explain SELECT c FROM sbtest2 WHERE id BETWEEN 980738 AND 981737 ORDER BY c
	Sort  (cost=3891.00..3893.48 rows=995 width=121)
	  Sort Key: c
	  ->  Bitmap Heap Scan on sbtest2  (cost=22.63..3841.45 rows=995 width=121)
	        Recheck Cond: ((id >= 980738) AND (id <= 981737))
	        ->  Bitmap Index Scan on sbtest2_pkey  (cost=0.00..22.39 rows=995 width=0)
	              Index Cond: ((id >= 980738) AND (id <= 981737))

table 3 : explain SELECT c FROM sbtest3 WHERE id BETWEEN 5279085 AND 5280084 ORDER BY c
	Sort  (cost=3914.01..3916.51 rows=1001 width=121)
	  Sort Key: c
	  ->  Bitmap Heap Scan on sbtest3  (cost=22.70..3864.12 rows=1001 width=121)
	        Recheck Cond: ((id >= 5279085) AND (id <= 5280084))
	        ->  Bitmap Index Scan on sbtest3_pkey  (cost=0.00..22.44 rows=1001 width=0)
	              Index Cond: ((id >= 5279085) AND (id <= 5280084))

table 4 : explain SELECT c FROM sbtest4 WHERE id BETWEEN 1271063 AND 1272062 ORDER BY c
	Sort  (cost=4333.92..4336.70 rows=1111 width=121)
	  Sort Key: c
	  ->  Bitmap Heap Scan on sbtest4  (cost=27.82..4277.72 rows=1111 width=121)
	        Recheck Cond: ((id >= 1271063) AND (id <= 1272062))
	        ->  Bitmap Index Scan on sbtest4_pkey  (cost=0.00..27.54 rows=1111 width=0)
	              Index Cond: ((id >= 1271063) AND (id <= 1272062))

table 5 : explain SELECT c FROM sbtest5 WHERE id BETWEEN 9993898 AND 9994897 ORDER BY c
	Sort  (cost=3635.86..3638.18 rows=928 width=121)
	  Sort Key: c
	  ->  Bitmap Heap Scan on sbtest5  (cost=21.95..3590.12 rows=928 width=121)
	        Recheck Cond: ((id >= 9993898) AND (id <= 9994897))
	        ->  Bitmap Index Scan on sbtest5_pkey  (cost=0.00..21.71 rows=928 width=0)
	              Index Cond: ((id >= 9993898) AND (id <= 9994897))

table 6 : explain SELECT c FROM sbtest6 WHERE id BETWEEN 6813835 AND 6814834 ORDER BY c
	Sort  (cost=3910.60..3913.10 rows=1000 width=121)
	  Sort Key: c
	  ->  Bitmap Heap Scan on sbtest6  (cost=22.68..3860.77 rows=1000 width=121)
	        Recheck Cond: ((id >= 6813835) AND (id <= 6814834))
	        ->  Bitmap Index Scan on sbtest6_pkey  (cost=0.00..22.43 rows=1000 width=0)
	              Index Cond: ((id >= 6813835) AND (id <= 6814834))

table 7 : explain SELECT c FROM sbtest7 WHERE id BETWEEN 5819968 AND 5820967 ORDER BY c
	Sort  (cost=3497.98..3500.21 rows=892 width=121)
	  Sort Key: c
	  ->  Bitmap Heap Scan on sbtest7  (cost=21.58..3454.26 rows=892 width=121)
	        Recheck Cond: ((id >= 5819968) AND (id <= 5820967))
	        ->  Bitmap Index Scan on sbtest7_pkey  (cost=0.00..21.36 rows=892 width=0)
	              Index Cond: ((id >= 5819968) AND (id <= 5820967))

table 8 : explain SELECT c FROM sbtest8 WHERE id BETWEEN 6219043 AND 6220042 ORDER BY c
	Sort  (cost=4159.92..4162.59 rows=1065 width=121)
	  Sort Key: c
	  ->  Bitmap Heap Scan on sbtest8  (cost=23.35..4106.37 rows=1065 width=121)
	        Recheck Cond: ((id >= 6219043) AND (id <= 6220042))
	        ->  Bitmap Index Scan on sbtest8_pkey  (cost=0.00..23.08 rows=1065 width=0)
	              Index Cond: ((id >= 6219043) AND (id <= 6220042))

explain: for point_selects :: explain SELECT c FROM sbtest%u WHERE id=%u
for: sum_ranges
table 1 : explain SELECT SUM(k) FROM sbtest1 WHERE id BETWEEN 7716867 AND 7717866
	Aggregate  (cost=3945.88..3945.89 rows=1 width=8)
	  ->  Bitmap Heap Scan on sbtest1  (cost=22.91..3943.33 rows=1022 width=4)
	        Recheck Cond: ((id >= 7716867) AND (id <= 7717866))
	        ->  Bitmap Index Scan on sbtest1_pkey  (cost=0.00..22.65 rows=1022 width=0)
	              Index Cond: ((id >= 7716867) AND (id <= 7717866))

table 2 : explain SELECT SUM(k) FROM sbtest2 WHERE id BETWEEN 2265223 AND 2266222
	Aggregate  (cost=3564.74..3564.75 rows=1 width=8)
	  ->  Bitmap Heap Scan on sbtest2  (cost=21.88..3562.44 rows=921 width=4)
	        Recheck Cond: ((id >= 2265223) AND (id <= 2266222))
	        ->  Bitmap Index Scan on sbtest2_pkey  (cost=0.00..21.64 rows=921 width=0)
	              Index Cond: ((id >= 2265223) AND (id <= 2266222))

table 3 : explain SELECT SUM(k) FROM sbtest3 WHERE id BETWEEN 1682276 AND 1683275
	Aggregate  (cost=3990.88..3990.89 rows=1 width=8)
	  ->  Bitmap Heap Scan on sbtest3  (cost=23.03..3988.29 rows=1034 width=4)
	        Recheck Cond: ((id >= 1682276) AND (id <= 1683275))
	        ->  Bitmap Index Scan on sbtest3_pkey  (cost=0.00..22.77 rows=1034 width=0)
	              Index Cond: ((id >= 1682276) AND (id <= 1683275))

table 4 : explain SELECT SUM(k) FROM sbtest4 WHERE id BETWEEN 732425 AND 733424
	Aggregate  (cost=4066.08..4066.09 rows=1 width=8)
	  ->  Bitmap Heap Scan on sbtest4  (cost=23.24..4063.44 rows=1054 width=4)
	        Recheck Cond: ((id >= 732425) AND (id <= 733424))
	        ->  Bitmap Index Scan on sbtest4_pkey  (cost=0.00..22.97 rows=1054 width=0)
	              Index Cond: ((id >= 732425) AND (id <= 733424))

table 5 : explain SELECT SUM(k) FROM sbtest5 WHERE id BETWEEN 9329271 AND 9330270
	Aggregate  (cost=3849.11..3849.12 rows=1 width=8)
	  ->  Bitmap Heap Scan on sbtest5  (cost=22.64..3846.62 rows=996 width=4)
	        Recheck Cond: ((id >= 9329271) AND (id <= 9330270))
	        ->  Bitmap Index Scan on sbtest5_pkey  (cost=0.00..22.39 rows=996 width=0)
	              Index Cond: ((id >= 9329271) AND (id <= 9330270))

table 6 : explain SELECT SUM(k) FROM sbtest6 WHERE id BETWEEN 7175715 AND 7176714
	Aggregate  (cost=3893.41..3893.42 rows=1 width=8)
	  ->  Bitmap Heap Scan on sbtest6  (cost=22.77..3890.89 rows=1008 width=4)
	        Recheck Cond: ((id >= 7175715) AND (id <= 7176714))
	        ->  Bitmap Index Scan on sbtest6_pkey  (cost=0.00..22.51 rows=1008 width=0)
	              Index Cond: ((id >= 7175715) AND (id <= 7176714))

table 7 : explain SELECT SUM(k) FROM sbtest7 WHERE id BETWEEN 6351404 AND 6352403
	Aggregate  (cost=4146.78..4146.79 rows=1 width=8)
	  ->  Bitmap Heap Scan on sbtest7  (cost=23.45..4144.09 rows=1075 width=4)
	        Recheck Cond: ((id >= 6351404) AND (id <= 6352403))
	        ->  Bitmap Index Scan on sbtest7_pkey  (cost=0.00..23.18 rows=1075 width=0)
	              Index Cond: ((id >= 6351404) AND (id <= 6352403))

table 8 : explain SELECT SUM(k) FROM sbtest8 WHERE id BETWEEN 2851537 AND 2852536
	Aggregate  (cost=3709.61..3709.62 rows=1 width=8)
	  ->  Bitmap Heap Scan on sbtest8  (cost=22.26..3707.22 rows=959 width=4)
	        Recheck Cond: ((id >= 2851537) AND (id <= 2852536))
	        ->  Bitmap Index Scan on sbtest8_pkey  (cost=0.00..22.02 rows=959 width=0)
	              Index Cond: ((id >= 2851537) AND (id <= 2852536))

for: simple_ranges
table 1 : explain SELECT c FROM sbtest1 WHERE id BETWEEN 1920532 AND 1921531
	Bitmap Heap Scan on sbtest1  (cost=23.33..4097.48 rows=1063 width=121)
	  Recheck Cond: ((id >= 1920532) AND (id <= 1921531))
	  ->  Bitmap Index Scan on sbtest1_pkey  (cost=0.00..23.07 rows=1063 width=0)
	        Index Cond: ((id >= 1920532) AND (id <= 1921531))

table 2 : explain SELECT c FROM sbtest2 WHERE id BETWEEN 5223802 AND 5224801
	Bitmap Heap Scan on sbtest2  (cost=22.33..3728.43 rows=965 width=121)
	  Recheck Cond: ((id >= 5223802) AND (id <= 5224801))
	  ->  Bitmap Index Scan on sbtest2_pkey  (cost=0.00..22.08 rows=965 width=0)
	        Index Cond: ((id >= 5223802) AND (id <= 5224801))

table 3 : explain SELECT c FROM sbtest3 WHERE id BETWEEN 8442629 AND 8443628
	Bitmap Heap Scan on sbtest3  (cost=23.16..4033.41 rows=1046 width=121)
	  Recheck Cond: ((id >= 8442629) AND (id <= 8443628))
	  ->  Bitmap Index Scan on sbtest3_pkey  (cost=0.00..22.89 rows=1046 width=0)
	        Index Cond: ((id >= 8442629) AND (id <= 8443628))

table 4 : explain SELECT c FROM sbtest4 WHERE id BETWEEN 7356004 AND 7357003
	Bitmap Heap Scan on sbtest4  (cost=23.02..3984.50 rows=1033 width=121)
	  Recheck Cond: ((id >= 7356004) AND (id <= 7357003))
	  ->  Bitmap Index Scan on sbtest4_pkey  (cost=0.00..22.76 rows=1033 width=0)
	        Index Cond: ((id >= 7356004) AND (id <= 7357003))

table 5 : explain SELECT c FROM sbtest5 WHERE id BETWEEN 6978576 AND 6979575
	Bitmap Heap Scan on sbtest5  (cost=22.74..3880.52 rows=1005 width=121)
	  Recheck Cond: ((id >= 6978576) AND (id <= 6979575))
	  ->  Bitmap Index Scan on sbtest5_pkey  (cost=0.00..22.48 rows=1005 width=0)
	        Index Cond: ((id >= 6978576) AND (id <= 6979575))

table 6 : explain SELECT c FROM sbtest6 WHERE id BETWEEN 2857897 AND 2858896
	Bitmap Heap Scan on sbtest6  (cost=27.82..4278.24 rows=1111 width=121)
	  Recheck Cond: ((id >= 2857897) AND (id <= 2858896))
	  ->  Bitmap Index Scan on sbtest6_pkey  (cost=0.00..27.54 rows=1111 width=0)
	        Index Cond: ((id >= 2857897) AND (id <= 2858896))

table 7 : explain SELECT c FROM sbtest7 WHERE id BETWEEN 8280407 AND 8281406
	Bitmap Heap Scan on sbtest7  (cost=23.15..4031.30 rows=1045 width=121)
	  Recheck Cond: ((id >= 8280407) AND (id <= 8281406))
	  ->  Bitmap Index Scan on sbtest7_pkey  (cost=0.00..22.89 rows=1045 width=0)
	        Index Cond: ((id >= 8280407) AND (id <= 8281406))

table 8 : explain SELECT c FROM sbtest8 WHERE id BETWEEN 4475653 AND 4476652
	Bitmap Heap Scan on sbtest8  (cost=21.95..3590.21 rows=928 width=121)
	  Recheck Cond: ((id >= 4475653) AND (id <= 4476652))
	  ->  Bitmap Index Scan on sbtest8_pkey  (cost=0.00..21.71 rows=928 width=0)
	        Index Cond: ((id >= 4475653) AND (id <= 4476652))

for: order_ranges
table 1 : explain SELECT c FROM sbtest1 WHERE id BETWEEN 9192185 AND 9193184 ORDER BY c
	Sort  (cost=4021.15..4023.72 rows=1029 width=121)
	  Sort Key: c
	  ->  Bitmap Heap Scan on sbtest1  (cost=22.98..3969.66 rows=1029 width=121)
	        Recheck Cond: ((id >= 9192185) AND (id <= 9193184))
	        ->  Bitmap Index Scan on sbtest1_pkey  (cost=0.00..22.72 rows=1029 width=0)
	              Index Cond: ((id >= 9192185) AND (id <= 9193184))

table 2 : explain SELECT c FROM sbtest2 WHERE id BETWEEN 2145869 AND 2146868 ORDER BY c
	Sort  (cost=3527.29..3529.54 rows=900 width=121)
	  Sort Key: c
	  ->  Bitmap Heap Scan on sbtest2  (cost=21.66..3483.13 rows=900 width=121)
	        Recheck Cond: ((id >= 2145869) AND (id <= 2146868))
	        ->  Bitmap Index Scan on sbtest2_pkey  (cost=0.00..21.43 rows=900 width=0)
	              Index Cond: ((id >= 2145869) AND (id <= 2146868))

table 3 : explain SELECT c FROM sbtest3 WHERE id BETWEEN 1039669 AND 1040668 ORDER BY c
	Sort  (cost=4219.37..4222.07 rows=1081 width=121)
	  Sort Key: c
	  ->  Bitmap Heap Scan on sbtest3  (cost=23.52..4164.90 rows=1081 width=121)
	        Recheck Cond: ((id >= 1039669) AND (id <= 1040668))
	        ->  Bitmap Index Scan on sbtest3_pkey  (cost=0.00..23.25 rows=1081 width=0)
	              Index Cond: ((id >= 1039669) AND (id <= 1040668))

table 4 : explain SELECT c FROM sbtest4 WHERE id BETWEEN 7363276 AND 7364275 ORDER BY c
	Sort  (cost=4036.21..4038.79 rows=1033 width=121)
	  Sort Key: c
	  ->  Bitmap Heap Scan on sbtest4  (cost=23.02..3984.50 rows=1033 width=121)
	        Recheck Cond: ((id >= 7363276) AND (id <= 7364275))
	        ->  Bitmap Index Scan on sbtest4_pkey  (cost=0.00..22.76 rows=1033 width=0)
	              Index Cond: ((id >= 7363276) AND (id <= 7364275))

table 5 : explain SELECT c FROM sbtest5 WHERE id BETWEEN 1681790 AND 1682789 ORDER BY c
	Sort  (cost=3976.51..3979.05 rows=1017 width=121)
	  Sort Key: c
	  ->  Bitmap Heap Scan on sbtest5  (cost=22.86..3925.71 rows=1017 width=121)
	        Recheck Cond: ((id >= 1681790) AND (id <= 1682789))
	        ->  Bitmap Index Scan on sbtest5_pkey  (cost=0.00..22.61 rows=1017 width=0)
	              Index Cond: ((id >= 1681790) AND (id <= 1682789))

table 6 : explain SELECT c FROM sbtest6 WHERE id BETWEEN 438154 AND 439153 ORDER BY c
	Sort  (cost=4101.58..4104.20 rows=1050 width=121)
	  Sort Key: c
	  ->  Bitmap Heap Scan on sbtest6  (cost=23.20..4048.89 rows=1050 width=121)
	        Recheck Cond: ((id >= 438154) AND (id <= 439153))
	        ->  Bitmap Index Scan on sbtest6_pkey  (cost=0.00..22.93 rows=1050 width=0)
	              Index Cond: ((id >= 438154) AND (id <= 439153))

table 7 : explain SELECT c FROM sbtest7 WHERE id BETWEEN 1496416 AND 1497415 ORDER BY c
	Sort  (cost=3785.46..3787.88 rows=967 width=121)
	  Sort Key: c
	  ->  Bitmap Heap Scan on sbtest7  (cost=22.35..3737.51 rows=967 width=121)
	        Recheck Cond: ((id >= 1496416) AND (id <= 1497415))
	        ->  Bitmap Index Scan on sbtest7_pkey  (cost=0.00..22.11 rows=967 width=0)
	              Index Cond: ((id >= 1496416) AND (id <= 1497415))

table 8 : explain SELECT c FROM sbtest8 WHERE id BETWEEN 8697177 AND 8698176 ORDER BY c
	Sort  (cost=3766.20..3768.61 rows=962 width=121)
	  Sort Key: c
	  ->  Bitmap Heap Scan on sbtest8  (cost=22.30..3718.53 rows=962 width=121)
	        Recheck Cond: ((id >= 8697177) AND (id <= 8698176))
	        ->  Bitmap Index Scan on sbtest8_pkey  (cost=0.00..22.05 rows=962 width=0)
	              Index Cond: ((id >= 8697177) AND (id <= 8698176))

for: order_ranges
table 1 : explain SELECT c FROM sbtest1 WHERE id BETWEEN 1217682 AND 1218681 ORDER BY c
	Sort  (cost=4032.61..4035.19 rows=1032 width=121)
	  Sort Key: c
	  ->  Bitmap Heap Scan on sbtest1  (cost=23.01..3980.95 rows=1032 width=121)
	        Recheck Cond: ((id >= 1217682) AND (id <= 1218681))
	        ->  Bitmap Index Scan on sbtest1_pkey  (cost=0.00..22.75 rows=1032 width=0)
	              Index Cond: ((id >= 1217682) AND (id <= 1218681))

table 2 : explain SELECT c FROM sbtest2 WHERE id BETWEEN 8530004 AND 8531003 ORDER BY c
	Sort  (cost=4379.57..4382.37 rows=1123 width=121)
	  Sort Key: c
	  ->  Bitmap Heap Scan on sbtest2  (cost=27.95..4322.67 rows=1123 width=121)
	        Recheck Cond: ((id >= 8530004) AND (id <= 8531003))
	        ->  Bitmap Index Scan on sbtest2_pkey  (cost=0.00..27.66 rows=1123 width=0)
	              Index Cond: ((id >= 8530004) AND (id <= 8531003))

table 3 : explain SELECT c FROM sbtest3 WHERE id BETWEEN 3475927 AND 3476926 ORDER BY c
	Sort  (cost=3982.78..3985.33 rows=1019 width=121)
	  Sort Key: c
	  ->  Bitmap Heap Scan on sbtest3  (cost=22.88..3931.87 rows=1019 width=121)
	        Recheck Cond: ((id >= 3475927) AND (id <= 3476926))
	        ->  Bitmap Index Scan on sbtest3_pkey  (cost=0.00..22.62 rows=1019 width=0)
	              Index Cond: ((id >= 3475927) AND (id <= 3476926))

table 4 : explain SELECT c FROM sbtest4 WHERE id BETWEEN 7548303 AND 7549302 ORDER BY c
	Sort  (cost=3906.33..3908.83 rows=999 width=121)
	  Sort Key: c
	  ->  Bitmap Heap Scan on sbtest4  (cost=22.67..3856.56 rows=999 width=121)
	        Recheck Cond: ((id >= 7548303) AND (id <= 7549302))
	        ->  Bitmap Index Scan on sbtest4_pkey  (cost=0.00..22.43 rows=999 width=0)
	              Index Cond: ((id >= 7548303) AND (id <= 7549302))

table 5 : explain SELECT c FROM sbtest5 WHERE id BETWEEN 50611 AND 51610 ORDER BY c
	Sort  (cost=4434.56..4437.40 rows=1137 width=121)
	  Sort Key: c
	  ->  Bitmap Heap Scan on sbtest5  (cost=28.09..4376.85 rows=1137 width=121)
	        Recheck Cond: ((id >= 50611) AND (id <= 51610))
	        ->  Bitmap Index Scan on sbtest5_pkey  (cost=0.00..27.80 rows=1137 width=0)
	              Index Cond: ((id >= 50611) AND (id <= 51610))

table 6 : explain SELECT c FROM sbtest6 WHERE id BETWEEN 9989867 AND 9990866 ORDER BY c
	Sort  (cost=4082.50..4085.11 rows=1045 width=121)
	  Sort Key: c
	  ->  Bitmap Heap Scan on sbtest6  (cost=23.15..4030.09 rows=1045 width=121)
	        Recheck Cond: ((id >= 9989867) AND (id <= 9990866))
	        ->  Bitmap Index Scan on sbtest6_pkey  (cost=0.00..22.89 rows=1045 width=0)
	              Index Cond: ((id >= 9989867) AND (id <= 9990866))

table 7 : explain SELECT c FROM sbtest7 WHERE id BETWEEN 7412201 AND 7413200 ORDER BY c
	Sort  (cost=4434.82..4437.67 rows=1137 width=121)
	  Sort Key: c
	  ->  Bitmap Heap Scan on sbtest7  (cost=28.09..4377.11 rows=1137 width=121)
	        Recheck Cond: ((id >= 7412201) AND (id <= 7413200))
	        ->  Bitmap Index Scan on sbtest7_pkey  (cost=0.00..27.80 rows=1137 width=0)
	              Index Cond: ((id >= 7412201) AND (id <= 7413200))

table 8 : explain SELECT c FROM sbtest8 WHERE id BETWEEN 5265896 AND 5266895 ORDER BY c
	Sort  (cost=3819.79..3822.23 rows=976 width=121)
	  Sort Key: c
	  ->  Bitmap Heap Scan on sbtest8  (cost=22.44..3771.33 rows=976 width=121)
	        Recheck Cond: ((id >= 5265896) AND (id <= 5266895))
	        ->  Bitmap Index Scan on sbtest8_pkey  (cost=0.00..22.19 rows=976 width=0)
	              Index Cond: ((id >= 5265896) AND (id <= 5266895))

for: distinct_ranges
table 1 : explain SELECT DISTINCT c FROM sbtest1 WHERE id BETWEEN 3177239 AND 3178238 ORDER BY c
	Unique  (cost=3856.83..3861.76 rows=986 width=121)
	  ->  Sort  (cost=3856.83..3859.30 rows=986 width=121)
	        Sort Key: c
	        ->  Bitmap Heap Scan on sbtest1  (cost=22.54..3807.80 rows=986 width=121)
	              Recheck Cond: ((id >= 3177239) AND (id <= 3178238))
	              ->  Bitmap Index Scan on sbtest1_pkey  (cost=0.00..22.29 rows=986 width=0)
	                    Index Cond: ((id >= 3177239) AND (id <= 3178238))

table 2 : explain SELECT DISTINCT c FROM sbtest2 WHERE id BETWEEN 3844275 AND 3845274 ORDER BY c
	Unique  (cost=3619.28..3623.90 rows=924 width=121)
	  ->  Sort  (cost=3619.28..3621.59 rows=924 width=121)
	        Sort Key: c
	        ->  Bitmap Heap Scan on sbtest2  (cost=21.91..3573.77 rows=924 width=121)
	              Recheck Cond: ((id >= 3844275) AND (id <= 3845274))
	              ->  Bitmap Index Scan on sbtest2_pkey  (cost=0.00..21.68 rows=924 width=0)
	                    Index Cond: ((id >= 3844275) AND (id <= 3845274))

table 3 : explain SELECT DISTINCT c FROM sbtest3 WHERE id BETWEEN 5857107 AND 5858106 ORDER BY c
	Unique  (cost=4013.34..4018.47 rows=1027 width=121)
	  ->  Sort  (cost=4013.34..4015.90 rows=1027 width=121)
	        Sort Key: c
	        ->  Bitmap Heap Scan on sbtest3  (cost=22.96..3961.96 rows=1027 width=121)
	              Recheck Cond: ((id >= 5857107) AND (id <= 5858106))
	              ->  Bitmap Index Scan on sbtest3_pkey  (cost=0.00..22.70 rows=1027 width=0)
	                    Index Cond: ((id >= 5857107) AND (id <= 5858106))

table 4 : explain SELECT DISTINCT c FROM sbtest4 WHERE id BETWEEN 4919530 AND 4920529 ORDER BY c
	Unique  (cost=3603.99..3608.59 rows=920 width=121)
	  ->  Sort  (cost=3603.99..3606.29 rows=920 width=121)
	        Sort Key: c
	        ->  Bitmap Heap Scan on sbtest4  (cost=21.87..3558.71 rows=920 width=121)
	              Recheck Cond: ((id >= 4919530) AND (id <= 4920529))
	              ->  Bitmap Index Scan on sbtest4_pkey  (cost=0.00..21.64 rows=920 width=0)
	                    Index Cond: ((id >= 4919530) AND (id <= 4920529))

table 5 : explain SELECT DISTINCT c FROM sbtest5 WHERE id BETWEEN 7198152 AND 7199151 ORDER BY c
	Unique  (cost=4194.16..4199.53 rows=1074 width=121)
	  ->  Sort  (cost=4194.16..4196.85 rows=1074 width=121)
	        Sort Key: c
	        ->  Bitmap Heap Scan on sbtest5  (cost=23.44..4140.09 rows=1074 width=121)
	              Recheck Cond: ((id >= 7198152) AND (id <= 7199151))
	              ->  Bitmap Index Scan on sbtest5_pkey  (cost=0.00..23.18 rows=1074 width=0)
	                    Index Cond: ((id >= 7198152) AND (id <= 7199151))

table 6 : explain SELECT DISTINCT c FROM sbtest6 WHERE id BETWEEN 6386099 AND 6387098 ORDER BY c
	Unique  (cost=3761.42..3766.23 rows=961 width=121)
	  ->  Sort  (cost=3761.42..3763.82 rows=961 width=121)
	        Sort Key: c
	        ->  Bitmap Heap Scan on sbtest6  (cost=22.29..3713.81 rows=961 width=121)
	              Recheck Cond: ((id >= 6386099) AND (id <= 6387098))
	              ->  Bitmap Index Scan on sbtest6_pkey  (cost=0.00..22.04 rows=961 width=0)
	                    Index Cond: ((id >= 6386099) AND (id <= 6387098))

table 7 : explain SELECT DISTINCT c FROM sbtest7 WHERE id BETWEEN 1410858 AND 1411857 ORDER BY c
	Unique  (cost=3674.38..3679.07 rows=938 width=121)
	  ->  Sort  (cost=3674.38..3676.73 rows=938 width=121)
	        Sort Key: c
	        ->  Bitmap Heap Scan on sbtest7  (cost=22.05..3628.08 rows=938 width=121)
	              Recheck Cond: ((id >= 1410858) AND (id <= 1411857))
	              ->  Bitmap Index Scan on sbtest7_pkey  (cost=0.00..21.82 rows=938 width=0)
	                    Index Cond: ((id >= 1410858) AND (id <= 1411857))

table 8 : explain SELECT DISTINCT c FROM sbtest8 WHERE id BETWEEN 716727 AND 717726 ORDER BY c
	Unique  (cost=3812.14..3817.01 rows=974 width=121)
	  ->  Sort  (cost=3812.14..3814.57 rows=974 width=121)
	        Sort Key: c
	        ->  Bitmap Heap Scan on sbtest8  (cost=22.42..3763.79 rows=974 width=121)
	              Recheck Cond: ((id >= 716727) AND (id <= 717726))
	              ->  Bitmap Index Scan on sbtest8_pkey  (cost=0.00..22.18 rows=974 width=0)
	                    Index Cond: ((id >= 716727) AND (id <= 717726))

for: sum_ranges
table 1 : explain SELECT SUM(k) FROM sbtest1 WHERE id BETWEEN 4594922 AND 4595921
	Aggregate  (cost=4115.18..4115.19 rows=1 width=8)
	  ->  Bitmap Heap Scan on sbtest1  (cost=23.37..4112.51 rows=1067 width=4)
	        Recheck Cond: ((id >= 4594922) AND (id <= 4595921))
	        ->  Bitmap Index Scan on sbtest1_pkey  (cost=0.00..23.11 rows=1067 width=0)
	              Index Cond: ((id >= 4594922) AND (id <= 4595921))

table 2 : explain SELECT SUM(k) FROM sbtest2 WHERE id BETWEEN 6419866 AND 6420865
	Aggregate  (cost=4096.11..4096.12 rows=1 width=8)
	  ->  Bitmap Heap Scan on sbtest2  (cost=23.32..4093.45 rows=1062 width=4)
	        Recheck Cond: ((id >= 6419866) AND (id <= 6420865))
	        ->  Bitmap Index Scan on sbtest2_pkey  (cost=0.00..23.05 rows=1062 width=0)
	              Index Cond: ((id >= 6419866) AND (id <= 6420865))

table 3 : explain SELECT SUM(k) FROM sbtest3 WHERE id BETWEEN 2788690 AND 2789689
	Aggregate  (cost=3375.74..3375.75 rows=1 width=8)
	  ->  Bitmap Heap Scan on sbtest3  (cost=21.36..3373.56 rows=871 width=4)
	        Recheck Cond: ((id >= 2788690) AND (id <= 2789689))
	        ->  Bitmap Index Scan on sbtest3_pkey  (cost=0.00..21.14 rows=871 width=0)
	              Index Cond: ((id >= 2788690) AND (id <= 2789689))

table 4 : explain SELECT SUM(k) FROM sbtest4 WHERE id BETWEEN 9414377 AND 9415376
	Aggregate  (cost=3900.49..3900.50 rows=1 width=8)
	  ->  Bitmap Heap Scan on sbtest4  (cost=22.79..3897.97 rows=1010 width=4)
	        Recheck Cond: ((id >= 9414377) AND (id <= 9415376))
	        ->  Bitmap Index Scan on sbtest4_pkey  (cost=0.00..22.54 rows=1010 width=0)
	              Index Cond: ((id >= 9414377) AND (id <= 9415376))

table 5 : explain SELECT SUM(k) FROM sbtest5 WHERE id BETWEEN 8906509 AND 8907508
	Aggregate  (cost=4063.79..4063.80 rows=1 width=8)
	  ->  Bitmap Heap Scan on sbtest5  (cost=23.23..4061.16 rows=1053 width=4)
	        Recheck Cond: ((id >= 8906509) AND (id <= 8907508))
	        ->  Bitmap Index Scan on sbtest5_pkey  (cost=0.00..22.96 rows=1053 width=0)
	              Index Cond: ((id >= 8906509) AND (id <= 8907508))

table 6 : explain SELECT SUM(k) FROM sbtest6 WHERE id BETWEEN 6331506 AND 6332505
	Aggregate  (cost=3716.21..3716.22 rows=1 width=8)
	  ->  Bitmap Heap Scan on sbtest6  (cost=22.29..3713.81 rows=961 width=4)
	        Recheck Cond: ((id >= 6331506) AND (id <= 6332505))
	        ->  Bitmap Index Scan on sbtest6_pkey  (cost=0.00..22.04 rows=961 width=0)
	              Index Cond: ((id >= 6331506) AND (id <= 6332505))

table 7 : explain SELECT SUM(k) FROM sbtest7 WHERE id BETWEEN 8592626 AND 8593625
	Aggregate  (cost=4143.02..4143.03 rows=1 width=8)
	  ->  Bitmap Heap Scan on sbtest7  (cost=23.44..4140.33 rows=1074 width=4)
	        Recheck Cond: ((id >= 8592626) AND (id <= 8593625))
	        ->  Bitmap Index Scan on sbtest7_pkey  (cost=0.00..23.18 rows=1074 width=0)
	              Index Cond: ((id >= 8592626) AND (id <= 8593625))

table 8 : explain SELECT SUM(k) FROM sbtest8 WHERE id BETWEEN 9469578 AND 9470577
	Aggregate  (cost=3871.82..3871.83 rows=1 width=8)
	  ->  Bitmap Heap Scan on sbtest8  (cost=22.71..3869.31 rows=1002 width=4)
	        Recheck Cond: ((id >= 9469578) AND (id <= 9470577))
	        ->  Bitmap Index Scan on sbtest8_pkey  (cost=0.00..22.45 rows=1002 width=0)
	              Index Cond: ((id >= 9469578) AND (id <= 9470577))

for: order_ranges
table 1 : explain SELECT c FROM sbtest1 WHERE id BETWEEN 2765433 AND 2766432 ORDER BY c
	Sort  (cost=3960.03..3962.57 rows=1013 width=121)
	  Sort Key: c
	  ->  Bitmap Heap Scan on sbtest1  (cost=22.82..3909.46 rows=1013 width=121)
	        Recheck Cond: ((id >= 2765433) AND (id <= 2766432))
	        ->  Bitmap Index Scan on sbtest1_pkey  (cost=0.00..22.57 rows=1013 width=0)
	              Index Cond: ((id >= 2765433) AND (id <= 2766432))

table 2 : explain SELECT c FROM sbtest2 WHERE id BETWEEN 9709788 AND 9710787 ORDER BY c
	Sort  (cost=3757.13..3759.53 rows=960 width=121)
	  Sort Key: c
	  ->  Bitmap Heap Scan on sbtest2  (cost=22.27..3709.58 rows=960 width=121)
	        Recheck Cond: ((id >= 9709788) AND (id <= 9710787))
	        ->  Bitmap Index Scan on sbtest2_pkey  (cost=0.00..22.04 rows=960 width=0)
	              Index Cond: ((id >= 9709788) AND (id <= 9710787))

table 3 : explain SELECT c FROM sbtest3 WHERE id BETWEEN 8638513 AND 8639512 ORDER BY c
	Sort  (cost=3887.25..3889.74 rows=994 width=121)
	  Sort Key: c
	  ->  Bitmap Heap Scan on sbtest3  (cost=22.62..3837.76 rows=994 width=121)
	        Recheck Cond: ((id >= 8638513) AND (id <= 8639512))
	        ->  Bitmap Index Scan on sbtest3_pkey  (cost=0.00..22.37 rows=994 width=0)
	              Index Cond: ((id >= 8638513) AND (id <= 8639512))

table 4 : explain SELECT c FROM sbtest4 WHERE id BETWEEN 9341746 AND 9342745 ORDER BY c
	Sort  (cost=4009.48..4012.05 rows=1026 width=121)
	  Sort Key: c
	  ->  Bitmap Heap Scan on sbtest4  (cost=22.95..3958.17 rows=1026 width=121)
	        Recheck Cond: ((id >= 9341746) AND (id <= 9342745))
	        ->  Bitmap Index Scan on sbtest4_pkey  (cost=0.00..22.69 rows=1026 width=0)
	              Index Cond: ((id >= 9341746) AND (id <= 9342745))

table 5 : explain SELECT c FROM sbtest5 WHERE id BETWEEN 5287029 AND 5288028 ORDER BY c
	Sort  (cost=3582.19..3584.47 rows=914 width=121)
	  Sort Key: c
	  ->  Bitmap Heap Scan on sbtest5  (cost=21.80..3537.24 rows=914 width=121)
	        Recheck Cond: ((id >= 5287029) AND (id <= 5288028))
	        ->  Bitmap Index Scan on sbtest5_pkey  (cost=0.00..21.57 rows=914 width=0)
	              Index Cond: ((id >= 5287029) AND (id <= 5288028))

table 6 : explain SELECT c FROM sbtest6 WHERE id BETWEEN 6880037 AND 6881036 ORDER BY c
	Sort  (cost=3792.04..3794.46 rows=969 width=121)
	  Sort Key: c
	  ->  Bitmap Heap Scan on sbtest6  (cost=22.37..3743.97 rows=969 width=121)
	        Recheck Cond: ((id >= 6880037) AND (id <= 6881036))
	        ->  Bitmap Index Scan on sbtest6_pkey  (cost=0.00..22.12 rows=969 width=0)
	              Index Cond: ((id >= 6880037) AND (id <= 6881036))

table 7 : explain SELECT c FROM sbtest7 WHERE id BETWEEN 7691305 AND 7692304 ORDER BY c
	Sort  (cost=3884.96..3887.44 rows=993 width=121)
	  Sort Key: c
	  ->  Bitmap Heap Scan on sbtest7  (cost=22.61..3835.53 rows=993 width=121)
	        Recheck Cond: ((id >= 7691305) AND (id <= 7692304))
	        ->  Bitmap Index Scan on sbtest7_pkey  (cost=0.00..22.36 rows=993 width=0)
	              Index Cond: ((id >= 7691305) AND (id <= 7692304))

table 8 : explain SELECT c FROM sbtest8 WHERE id BETWEEN 2024727 AND 2025726 ORDER BY c
	Sort  (cost=4064.48..4067.08 rows=1040 width=121)
	  Sort Key: c
	  ->  Bitmap Heap Scan on sbtest8  (cost=23.09..4012.36 rows=1040 width=121)
	        Recheck Cond: ((id >= 2024727) AND (id <= 2025726))
	        ->  Bitmap Index Scan on sbtest8_pkey  (cost=0.00..22.83 rows=1040 width=0)
	              Index Cond: ((id >= 2024727) AND (id <= 2025726))

for: distinct_ranges
table 1 : explain SELECT DISTINCT c FROM sbtest1 WHERE id BETWEEN 9032936 AND 9033935 ORDER BY c
	Unique  (cost=3875.95..3880.90 rows=991 width=121)
	  ->  Sort  (cost=3875.95..3878.43 rows=991 width=121)
	        Sort Key: c
	        ->  Bitmap Heap Scan on sbtest1  (cost=22.59..3826.63 rows=991 width=121)
	              Recheck Cond: ((id >= 9032936) AND (id <= 9033935))
	              ->  Bitmap Index Scan on sbtest1_pkey  (cost=0.00..22.34 rows=991 width=0)
	                    Index Cond: ((id >= 9032936) AND (id <= 9033935))

table 2 : explain SELECT DISTINCT c FROM sbtest2 WHERE id BETWEEN 2808158 AND 2809157 ORDER BY c
	Unique  (cost=3508.12..3512.59 rows=895 width=121)
	  ->  Sort  (cost=3508.12..3510.35 rows=895 width=121)
	        Sort Key: c
	        ->  Bitmap Heap Scan on sbtest2  (cost=21.61..3464.24 rows=895 width=121)
	              Recheck Cond: ((id >= 2808158) AND (id <= 2809157))
	              ->  Bitmap Index Scan on sbtest2_pkey  (cost=0.00..21.39 rows=895 width=0)
	                    Index Cond: ((id >= 2808158) AND (id <= 2809157))

table 3 : explain SELECT DISTINCT c FROM sbtest3 WHERE id BETWEEN 6659074 AND 6660073 ORDER BY c
	Unique  (cost=3852.84..3857.77 rows=985 width=121)
	  ->  Sort  (cost=3852.84..3855.30 rows=985 width=121)
	        Sort Key: c
	        ->  Bitmap Heap Scan on sbtest3  (cost=22.53..3803.87 rows=985 width=121)
	              Recheck Cond: ((id >= 6659074) AND (id <= 6660073))
	              ->  Bitmap Index Scan on sbtest3_pkey  (cost=0.00..22.29 rows=985 width=0)
	                    Index Cond: ((id >= 6659074) AND (id <= 6660073))

table 4 : explain SELECT DISTINCT c FROM sbtest4 WHERE id BETWEEN 4009726 AND 4010725 ORDER BY c
	Unique  (cost=3891.04..3896.02 rows=995 width=121)
	  ->  Sort  (cost=3891.04..3893.53 rows=995 width=121)
	        Sort Key: c
	        ->  Bitmap Heap Scan on sbtest4  (cost=22.63..3841.50 rows=995 width=121)
	              Recheck Cond: ((id >= 4009726) AND (id <= 4010725))
	              ->  Bitmap Index Scan on sbtest4_pkey  (cost=0.00..22.39 rows=995 width=0)
	                    Index Cond: ((id >= 4009726) AND (id <= 4010725))

table 5 : explain SELECT DISTINCT c FROM sbtest5 WHERE id BETWEEN 5931131 AND 5932130 ORDER BY c
	Unique  (cost=4285.88..4291.37 rows=1097 width=121)
	  ->  Sort  (cost=4285.88..4288.62 rows=1097 width=121)
	        Sort Key: c
	        ->  Bitmap Heap Scan on sbtest5  (cost=27.68..4230.49 rows=1097 width=121)
	              Recheck Cond: ((id >= 5931131) AND (id <= 5932130))
	              ->  Bitmap Index Scan on sbtest5_pkey  (cost=0.00..27.40 rows=1097 width=0)
	                    Index Cond: ((id >= 5931131) AND (id <= 5932130))

table 6 : explain SELECT DISTINCT c FROM sbtest6 WHERE id BETWEEN 7767260 AND 7768259 ORDER BY c
	Unique  (cost=4227.46..4232.88 rows=1083 width=121)
	  ->  Sort  (cost=4227.46..4230.17 rows=1083 width=121)
	        Sort Key: c
	        ->  Bitmap Heap Scan on sbtest6  (cost=23.54..4172.87 rows=1083 width=121)
	              Recheck Cond: ((id >= 7767260) AND (id <= 7768259))
	              ->  Bitmap Index Scan on sbtest6_pkey  (cost=0.00..23.26 rows=1083 width=0)
	                    Index Cond: ((id >= 7767260) AND (id <= 7768259))

table 7 : explain SELECT DISTINCT c FROM sbtest7 WHERE id BETWEEN 5374455 AND 5375454 ORDER BY c
	Unique  (cost=3616.89..3621.50 rows=923 width=121)
	  ->  Sort  (cost=3616.89..3619.20 rows=923 width=121)
	        Sort Key: c
	        ->  Bitmap Heap Scan on sbtest7  (cost=21.90..3571.43 rows=923 width=121)
	              Recheck Cond: ((id >= 5374455) AND (id <= 5375454))
	              ->  Bitmap Index Scan on sbtest7_pkey  (cost=0.00..21.66 rows=923 width=0)
	                    Index Cond: ((id >= 5374455) AND (id <= 5375454))

table 8 : explain SELECT DISTINCT c FROM sbtest8 WHERE id BETWEEN 9988936 AND 9989935 ORDER BY c
	Unique  (cost=3907.78..3912.78 rows=999 width=121)
	  ->  Sort  (cost=3907.78..3910.28 rows=999 width=121)
	        Sort Key: c
	        ->  Bitmap Heap Scan on sbtest8  (cost=22.67..3858.01 rows=999 width=121)
	              Recheck Cond: ((id >= 9988936) AND (id <= 9989935))
	              ->  Bitmap Index Scan on sbtest8_pkey  (cost=0.00..22.43 rows=999 width=0)
	                    Index Cond: ((id >= 9988936) AND (id <= 9989935))

for: distinct_ranges
table 1 : explain SELECT DISTINCT c FROM sbtest1 WHERE id BETWEEN 4064636 AND 4065635 ORDER BY c
	Unique  (cost=4379.86..4385.47 rows=1123 width=121)
	  ->  Sort  (cost=4379.86..4382.67 rows=1123 width=121)
	        Sort Key: c
	        ->  Bitmap Heap Scan on sbtest1  (cost=27.95..4322.96 rows=1123 width=121)
	              Recheck Cond: ((id >= 4064636) AND (id <= 4065635))
	              ->  Bitmap Index Scan on sbtest1_pkey  (cost=0.00..27.66 rows=1123 width=0)
	                    Index Cond: ((id >= 4064636) AND (id <= 4065635))

table 2 : explain SELECT DISTINCT c FROM sbtest2 WHERE id BETWEEN 1108276 AND 1109275 ORDER BY c
	Unique  (cost=3760.96..3765.76 rows=961 width=121)
	  ->  Sort  (cost=3760.96..3763.36 rows=961 width=121)
	        Sort Key: c
	        ->  Bitmap Heap Scan on sbtest2  (cost=22.29..3713.35 rows=961 width=121)
	              Recheck Cond: ((id >= 1108276) AND (id <= 1109275))
	              ->  Bitmap Index Scan on sbtest2_pkey  (cost=0.00..22.04 rows=961 width=0)
	                    Index Cond: ((id >= 1108276) AND (id <= 1109275))

table 3 : explain SELECT DISTINCT c FROM sbtest3 WHERE id BETWEEN 9169081 AND 9170080 ORDER BY c
	Unique  (cost=3982.78..3987.88 rows=1019 width=121)
	  ->  Sort  (cost=3982.78..3985.33 rows=1019 width=121)
	        Sort Key: c
	        ->  Bitmap Heap Scan on sbtest3  (cost=22.88..3931.87 rows=1019 width=121)
	              Recheck Cond: ((id >= 9169081) AND (id <= 9170080))
	              ->  Bitmap Index Scan on sbtest3_pkey  (cost=0.00..22.62 rows=1019 width=0)
	                    Index Cond: ((id >= 9169081) AND (id <= 9170080))

table 4 : explain SELECT DISTINCT c FROM sbtest4 WHERE id BETWEEN 3519821 AND 3520820 ORDER BY c
	Unique  (cost=4112.55..4117.81 rows=1053 width=121)
	  ->  Sort  (cost=4112.55..4115.18 rows=1053 width=121)
	        Sort Key: c
	        ->  Bitmap Heap Scan on sbtest4  (cost=23.23..4059.68 rows=1053 width=121)
	              Recheck Cond: ((id >= 3519821) AND (id <= 3520820))
	              ->  Bitmap Index Scan on sbtest4_pkey  (cost=0.00..22.96 rows=1053 width=0)
	                    Index Cond: ((id >= 3519821) AND (id <= 3520820))

table 5 : explain SELECT DISTINCT c FROM sbtest5 WHERE id BETWEEN 423603 AND 424602 ORDER BY c
	Unique  (cost=3808.22..3813.09 rows=973 width=121)
	  ->  Sort  (cost=3808.22..3810.65 rows=973 width=121)
	        Sort Key: c
	        ->  Bitmap Heap Scan on sbtest5  (cost=22.41..3759.93 rows=973 width=121)
	              Recheck Cond: ((id >= 423603) AND (id <= 424602))
	              ->  Bitmap Index Scan on sbtest5_pkey  (cost=0.00..22.16 rows=973 width=0)
	                    Index Cond: ((id >= 423603) AND (id <= 424602))

table 6 : explain SELECT DISTINCT c FROM sbtest6 WHERE id BETWEEN 4355136 AND 4356135 ORDER BY c
	Unique  (cost=3967.92..3973.00 rows=1015 width=121)
	  ->  Sort  (cost=3967.92..3970.46 rows=1015 width=121)
	        Sort Key: c
	        ->  Bitmap Heap Scan on sbtest6  (cost=22.84..3917.24 rows=1015 width=121)
	              Recheck Cond: ((id >= 4355136) AND (id <= 4356135))
	              ->  Bitmap Index Scan on sbtest6_pkey  (cost=0.00..22.58 rows=1015 width=0)
	                    Index Cond: ((id >= 4355136) AND (id <= 4356135))

table 7 : explain SELECT DISTINCT c FROM sbtest7 WHERE id BETWEEN 6965017 AND 6966016 ORDER BY c
	Unique  (cost=3800.77..3805.63 rows=971 width=121)
	  ->  Sort  (cost=3800.77..3803.20 rows=971 width=121)
	        Sort Key: c
	        ->  Bitmap Heap Scan on sbtest7  (cost=22.39..3752.60 rows=971 width=121)
	              Recheck Cond: ((id >= 6965017) AND (id <= 6966016))
	              ->  Bitmap Index Scan on sbtest7_pkey  (cost=0.00..22.14 rows=971 width=0)
	                    Index Cond: ((id >= 6965017) AND (id <= 6966016))

table 8 : explain SELECT DISTINCT c FROM sbtest8 WHERE id BETWEEN 6946135 AND 6947134 ORDER BY c
	Unique  (cost=3961.31..3966.38 rows=1013 width=121)
	  ->  Sort  (cost=3961.31..3963.84 rows=1013 width=121)
	        Sort Key: c
	        ->  Bitmap Heap Scan on sbtest8  (cost=22.82..3910.74 rows=1013 width=121)
	              Recheck Cond: ((id >= 6946135) AND (id <= 6947134))
	              ->  Bitmap Index Scan on sbtest8_pkey  (cost=0.00..22.57 rows=1013 width=0)
	                    Index Cond: ((id >= 6946135) AND (id <= 6947134))

explain: for point_selects :: explain SELECT c FROM sbtest%u WHERE id=%u
for: sum_ranges
table 1 : explain SELECT SUM(k) FROM sbtest1 WHERE id BETWEEN 488393 AND 489392
	Aggregate  (cost=3746.16..3746.17 rows=1 width=8)
	  ->  Bitmap Heap Scan on sbtest1  (cost=22.37..3743.74 rows=969 width=4)
	        Recheck Cond: ((id >= 488393) AND (id <= 489392))
	        ->  Bitmap Index Scan on sbtest1_pkey  (cost=0.00..22.12 rows=969 width=0)
	              Index Cond: ((id >= 488393) AND (id <= 489392))

table 2 : explain SELECT SUM(k) FROM sbtest2 WHERE id BETWEEN 5375141 AND 5376140
	Aggregate  (cost=4137.45..4137.46 rows=1 width=8)
	  ->  Bitmap Heap Scan on sbtest2  (cost=23.43..4134.77 rows=1073 width=4)
	        Recheck Cond: ((id >= 5375141) AND (id <= 5376140))
	        ->  Bitmap Index Scan on sbtest2_pkey  (cost=0.00..23.16 rows=1073 width=0)
	              Index Cond: ((id >= 5375141) AND (id <= 5376140))

table 3 : explain SELECT SUM(k) FROM sbtest3 WHERE id BETWEEN 7625718 AND 7626717
	Aggregate  (cost=3606.36..3606.37 rows=1 width=8)
	  ->  Bitmap Heap Scan on sbtest3  (cost=21.99..3604.03 rows=932 width=4)
	        Recheck Cond: ((id >= 7625718) AND (id <= 7626717))
	        ->  Bitmap Index Scan on sbtest3_pkey  (cost=0.00..21.75 rows=932 width=0)
	              Index Cond: ((id >= 7625718) AND (id <= 7626717))

table 4 : explain SELECT SUM(k) FROM sbtest4 WHERE id BETWEEN 3628561 AND 3629560
	Aggregate  (cost=3840.22..3840.23 rows=1 width=8)
	  ->  Bitmap Heap Scan on sbtest4  (cost=22.62..3837.73 rows=994 width=4)
	        Recheck Cond: ((id >= 3628561) AND (id <= 3629560))
	        ->  Bitmap Index Scan on sbtest4_pkey  (cost=0.00..22.37 rows=994 width=0)
	              Index Cond: ((id >= 3628561) AND (id <= 3629560))

table 5 : explain SELECT SUM(k) FROM sbtest5 WHERE id BETWEEN 4585702 AND 4586701
	Aggregate  (cost=3785.00..3785.01 rows=1 width=8)
	  ->  Bitmap Heap Scan on sbtest5  (cost=22.47..3782.55 rows=979 width=4)
	        Recheck Cond: ((id >= 4585702) AND (id <= 4586701))
	        ->  Bitmap Index Scan on sbtest5_pkey  (cost=0.00..22.22 rows=979 width=0)
	              Index Cond: ((id >= 4585702) AND (id <= 4586701))

table 6 : explain SELECT SUM(k) FROM sbtest6 WHERE id BETWEEN 7994888 AND 7995887
	Aggregate  (cost=4006.37..4006.38 rows=1 width=8)
	  ->  Bitmap Heap Scan on sbtest6  (cost=23.07..4003.77 rows=1038 width=4)
	        Recheck Cond: ((id >= 7994888) AND (id <= 7995887))
	        ->  Bitmap Index Scan on sbtest6_pkey  (cost=0.00..22.82 rows=1038 width=0)
	              Index Cond: ((id >= 7994888) AND (id <= 7995887))

table 7 : explain SELECT SUM(k) FROM sbtest7 WHERE id BETWEEN 1377590 AND 1378589
	Aggregate  (cost=3630.42..3630.43 rows=1 width=8)
	  ->  Bitmap Heap Scan on sbtest7  (cost=22.05..3628.08 rows=938 width=4)
	        Recheck Cond: ((id >= 1377590) AND (id <= 1378589))
	        ->  Bitmap Index Scan on sbtest7_pkey  (cost=0.00..21.82 rows=938 width=0)
	              Index Cond: ((id >= 1377590) AND (id <= 1378589))

table 8 : explain SELECT SUM(k) FROM sbtest8 WHERE id BETWEEN 7710256 AND 7711255
	Aggregate  (cost=4233.34..4233.35 rows=1 width=8)
	  ->  Bitmap Heap Scan on sbtest8  (cost=27.68..4230.59 rows=1097 width=4)
	        Recheck Cond: ((id >= 7710256) AND (id <= 7711255))
	        ->  Bitmap Index Scan on sbtest8_pkey  (cost=0.00..27.40 rows=1097 width=0)
	              Index Cond: ((id >= 7710256) AND (id <= 7711255))

for: distinct_ranges
table 1 : explain SELECT DISTINCT c FROM sbtest1 WHERE id BETWEEN 1849702 AND 1850701 ORDER BY c
	Unique  (cost=4150.92..4156.23 rows=1063 width=121)
	  ->  Sort  (cost=4150.92..4153.57 rows=1063 width=121)
	        Sort Key: c
	        ->  Bitmap Heap Scan on sbtest1  (cost=23.33..4097.48 rows=1063 width=121)
	              Recheck Cond: ((id >= 1849702) AND (id <= 1850701))
	              ->  Bitmap Index Scan on sbtest1_pkey  (cost=0.00..23.07 rows=1063 width=0)
	                    Index Cond: ((id >= 1849702) AND (id <= 1850701))

table 2 : explain SELECT DISTINCT c FROM sbtest2 WHERE id BETWEEN 989576 AND 990575 ORDER BY c
	Unique  (cost=3891.00..3895.97 rows=995 width=121)
	  ->  Sort  (cost=3891.00..3893.48 rows=995 width=121)
	        Sort Key: c
	        ->  Bitmap Heap Scan on sbtest2  (cost=22.63..3841.45 rows=995 width=121)
	              Recheck Cond: ((id >= 989576) AND (id <= 990575))
	              ->  Bitmap Index Scan on sbtest2_pkey  (cost=0.00..22.39 rows=995 width=0)
	                    Index Cond: ((id >= 989576) AND (id <= 990575))

table 3 : explain SELECT DISTINCT c FROM sbtest3 WHERE id BETWEEN 9113122 AND 9114121 ORDER BY c
	Unique  (cost=3982.78..3987.88 rows=1019 width=121)
	  ->  Sort  (cost=3982.78..3985.33 rows=1019 width=121)
	        Sort Key: c
	        ->  Bitmap Heap Scan on sbtest3  (cost=22.88..3931.87 rows=1019 width=121)
	              Recheck Cond: ((id >= 9113122) AND (id <= 9114121))
	              ->  Bitmap Index Scan on sbtest3_pkey  (cost=0.00..22.62 rows=1019 width=0)
	                    Index Cond: ((id >= 9113122) AND (id <= 9114121))

table 4 : explain SELECT DISTINCT c FROM sbtest4 WHERE id BETWEEN 3540302 AND 3541301 ORDER BY c
	Unique  (cost=4112.55..4117.81 rows=1053 width=121)
	  ->  Sort  (cost=4112.55..4115.18 rows=1053 width=121)
	        Sort Key: c
	        ->  Bitmap Heap Scan on sbtest4  (cost=23.23..4059.68 rows=1053 width=121)
	              Recheck Cond: ((id >= 3540302) AND (id <= 3541301))
	              ->  Bitmap Index Scan on sbtest4_pkey  (cost=0.00..22.96 rows=1053 width=0)
	                    Index Cond: ((id >= 3540302) AND (id <= 3541301))

table 5 : explain SELECT DISTINCT c FROM sbtest5 WHERE id BETWEEN 2916665 AND 2917664 ORDER BY c
	Unique  (cost=4014.72..4019.85 rows=1027 width=121)
	  ->  Sort  (cost=4014.72..4017.29 rows=1027 width=121)
	        Sort Key: c
	        ->  Bitmap Heap Scan on sbtest5  (cost=22.96..3963.35 rows=1027 width=121)
	              Recheck Cond: ((id >= 2916665) AND (id <= 2917664))
	              ->  Bitmap Index Scan on sbtest5_pkey  (cost=0.00..22.70 rows=1027 width=0)
	                    Index Cond: ((id >= 2916665) AND (id <= 2917664))

table 6 : explain SELECT DISTINCT c FROM sbtest6 WHERE id BETWEEN 7830995 AND 7831994 ORDER BY c
	Unique  (cost=4399.19..4404.83 rows=1128 width=121)
	  ->  Sort  (cost=4399.19..4402.01 rows=1128 width=121)
	        Sort Key: c
	        ->  Bitmap Heap Scan on sbtest6  (cost=28.00..4342.00 rows=1128 width=121)
	              Recheck Cond: ((id >= 7830995) AND (id <= 7831994))
	              ->  Bitmap Index Scan on sbtest6_pkey  (cost=0.00..27.71 rows=1128 width=0)
	                    Index Cond: ((id >= 7830995) AND (id <= 7831994))

table 7 : explain SELECT DISTINCT c FROM sbtest7 WHERE id BETWEEN 6432934 AND 6433933 ORDER BY c
	Unique  (cost=4190.59..4195.95 rows=1073 width=121)
	  ->  Sort  (cost=4190.59..4193.27 rows=1073 width=121)
	        Sort Key: c
	        ->  Bitmap Heap Scan on sbtest7  (cost=23.43..4136.58 rows=1073 width=121)
	              Recheck Cond: ((id >= 6432934) AND (id <= 6433933))
	              ->  Bitmap Index Scan on sbtest7_pkey  (cost=0.00..23.16 rows=1073 width=0)
	                    Index Cond: ((id >= 6432934) AND (id <= 6433933))

table 8 : explain SELECT DISTINCT c FROM sbtest8 WHERE id BETWEEN 9383655 AND 9384654 ORDER BY c
	Unique  (cost=3968.96..3974.03 rows=1015 width=121)
	  ->  Sort  (cost=3968.96..3971.49 rows=1015 width=121)
	        Sort Key: c
	        ->  Bitmap Heap Scan on sbtest8  (cost=22.84..3918.27 rows=1015 width=121)
	              Recheck Cond: ((id >= 9383655) AND (id <= 9384654))
	              ->  Bitmap Index Scan on sbtest8_pkey  (cost=0.00..22.58 rows=1015 width=0)
	                    Index Cond: ((id >= 9383655) AND (id <= 9384654))

for: distinct_ranges
table 1 : explain SELECT DISTINCT c FROM sbtest1 WHERE id BETWEEN 6173155 AND 6174154 ORDER BY c
	Unique  (cost=3898.89..3903.87 rows=997 width=121)
	  ->  Sort  (cost=3898.89..3901.38 rows=997 width=121)
	        Sort Key: c
	        ->  Bitmap Heap Scan on sbtest1  (cost=22.65..3849.23 rows=997 width=121)
	              Recheck Cond: ((id >= 6173155) AND (id <= 6174154))
	              ->  Bitmap Index Scan on sbtest1_pkey  (cost=0.00..22.40 rows=997 width=0)
	                    Index Cond: ((id >= 6173155) AND (id <= 6174154))

table 2 : explain SELECT DISTINCT c FROM sbtest2 WHERE id BETWEEN 2752708 AND 2753707 ORDER BY c
	Unique  (cost=3508.12..3512.59 rows=895 width=121)
	  ->  Sort  (cost=3508.12..3510.35 rows=895 width=121)
	        Sort Key: c
	        ->  Bitmap Heap Scan on sbtest2  (cost=21.61..3464.24 rows=895 width=121)
	              Recheck Cond: ((id >= 2752708) AND (id <= 2753707))
	              ->  Bitmap Index Scan on sbtest2_pkey  (cost=0.00..21.39 rows=895 width=0)
	                    Index Cond: ((id >= 2752708) AND (id <= 2753707))

table 3 : explain SELECT DISTINCT c FROM sbtest3 WHERE id BETWEEN 878915 AND 879914 ORDER BY c
	Unique  (cost=3982.78..3987.88 rows=1019 width=121)
	  ->  Sort  (cost=3982.78..3985.33 rows=1019 width=121)
	        Sort Key: c
	        ->  Bitmap Heap Scan on sbtest3  (cost=22.88..3931.87 rows=1019 width=121)
	              Recheck Cond: ((id >= 878915) AND (id <= 879914))
	              ->  Bitmap Index Scan on sbtest3_pkey  (cost=0.00..22.62 rows=1019 width=0)
	                    Index Cond: ((id >= 878915) AND (id <= 879914))

table 4 : explain SELECT DISTINCT c FROM sbtest4 WHERE id BETWEEN 2324483 AND 2325482 ORDER BY c
	Unique  (cost=3726.55..3731.31 rows=952 width=121)
	  ->  Sort  (cost=3726.55..3728.93 rows=952 width=121)
	        Sort Key: c
	        ->  Bitmap Heap Scan on sbtest4  (cost=22.19..3679.45 rows=952 width=121)
	              Recheck Cond: ((id >= 2324483) AND (id <= 2325482))
	              ->  Bitmap Index Scan on sbtest4_pkey  (cost=0.00..21.95 rows=952 width=0)
	                    Index Cond: ((id >= 2324483) AND (id <= 2325482))

table 5 : explain SELECT DISTINCT c FROM sbtest5 WHERE id BETWEEN 6259558 AND 6260557 ORDER BY c
	Unique  (cost=3919.16..3924.17 rows=1002 width=121)
	  ->  Sort  (cost=3919.16..3921.67 rows=1002 width=121)
	        Sort Key: c
	        ->  Bitmap Heap Scan on sbtest5  (cost=22.71..3869.22 rows=1002 width=121)
	              Recheck Cond: ((id >= 6259558) AND (id <= 6260557))
	              ->  Bitmap Index Scan on sbtest5_pkey  (cost=0.00..22.45 rows=1002 width=0)
	                    Index Cond: ((id >= 6259558) AND (id <= 6260557))

table 6 : explain SELECT DISTINCT c FROM sbtest6 WHERE id BETWEEN 975584 AND 976583 ORDER BY c
	Unique  (cost=3669.53..3674.21 rows=937 width=121)
	  ->  Sort  (cost=3669.53..3671.87 rows=937 width=121)
	        Sort Key: c
	        ->  Bitmap Heap Scan on sbtest6  (cost=22.04..3623.28 rows=937 width=121)
	              Recheck Cond: ((id >= 975584) AND (id <= 976583))
	              ->  Bitmap Index Scan on sbtest6_pkey  (cost=0.00..21.80 rows=937 width=0)
	                    Index Cond: ((id >= 975584) AND (id <= 976583))

table 7 : explain SELECT DISTINCT c FROM sbtest7 WHERE id BETWEEN 4588570 AND 4589569 ORDER BY c
	Unique  (cost=3651.39..3656.05 rows=932 width=121)
	  ->  Sort  (cost=3651.39..3653.72 rows=932 width=121)
	        Sort Key: c
	        ->  Bitmap Heap Scan on sbtest7  (cost=21.99..3605.42 rows=932 width=121)
	              Recheck Cond: ((id >= 4588570) AND (id <= 4589569))
	              ->  Bitmap Index Scan on sbtest7_pkey  (cost=0.00..21.75 rows=932 width=0)
	                    Index Cond: ((id >= 4588570) AND (id <= 4589569))

table 8 : explain SELECT DISTINCT c FROM sbtest8 WHERE id BETWEEN 5346512 AND 5347511 ORDER BY c
	Unique  (cost=3796.83..3801.68 rows=970 width=121)
	  ->  Sort  (cost=3796.83..3799.25 rows=970 width=121)
	        Sort Key: c
	        ->  Bitmap Heap Scan on sbtest8  (cost=22.38..3748.71 rows=970 width=121)
	              Recheck Cond: ((id >= 5346512) AND (id <= 5347511))
	              ->  Bitmap Index Scan on sbtest8_pkey  (cost=0.00..22.14 rows=970 width=0)
	                    Index Cond: ((id >= 5346512) AND (id <= 5347511))

for: order_ranges
table 1 : explain SELECT c FROM sbtest1 WHERE id BETWEEN 7941191 AND 7942190 ORDER BY c
	Sort  (cost=4158.55..4161.21 rows=1065 width=121)
	  Sort Key: c
	  ->  Bitmap Heap Scan on sbtest1  (cost=23.35..4104.99 rows=1065 width=121)
	        Recheck Cond: ((id >= 7941191) AND (id <= 7942190))
	        ->  Bitmap Index Scan on sbtest1_pkey  (cost=0.00..23.08 rows=1065 width=0)
	              Index Cond: ((id >= 7941191) AND (id <= 7942190))

table 2 : explain SELECT c FROM sbtest2 WHERE id BETWEEN 9653644 AND 9654643 ORDER BY c
	Sort  (cost=4089.60..4092.22 rows=1047 width=121)
	  Sort Key: c
	  ->  Bitmap Heap Scan on sbtest2  (cost=23.17..4037.09 rows=1047 width=121)
	        Recheck Cond: ((id >= 9653644) AND (id <= 9654643))
	        ->  Bitmap Index Scan on sbtest2_pkey  (cost=0.00..22.90 rows=1047 width=0)
	              Index Cond: ((id >= 9653644) AND (id <= 9654643))

table 3 : explain SELECT c FROM sbtest3 WHERE id BETWEEN 413015 AND 414014 ORDER BY c
	Sort  (cost=3672.98..3675.32 rows=938 width=121)
	  Sort Key: c
	  ->  Bitmap Heap Scan on sbtest3  (cost=22.05..3626.67 rows=938 width=121)
	        Recheck Cond: ((id >= 413015) AND (id <= 414014))
	        ->  Bitmap Index Scan on sbtest3_pkey  (cost=0.00..21.82 rows=938 width=0)
	              Index Cond: ((id >= 413015) AND (id <= 414014))

table 4 : explain SELECT c FROM sbtest4 WHERE id BETWEEN 4944299 AND 4945298 ORDER BY c
	Sort  (cost=3603.99..3606.29 rows=920 width=121)
	  Sort Key: c
	  ->  Bitmap Heap Scan on sbtest4  (cost=21.87..3558.71 rows=920 width=121)
	        Recheck Cond: ((id >= 4944299) AND (id <= 4945298))
	        ->  Bitmap Index Scan on sbtest4_pkey  (cost=0.00..21.64 rows=920 width=0)
	              Index Cond: ((id >= 4944299) AND (id <= 4945298))

table 5 : explain SELECT c FROM sbtest5 WHERE id BETWEEN 245922 AND 246921 ORDER BY c
	Sort  (cost=4171.27..4173.94 rows=1068 width=121)
	  Sort Key: c
	  ->  Bitmap Heap Scan on sbtest5  (cost=23.38..4117.55 rows=1068 width=121)
	        Recheck Cond: ((id >= 245922) AND (id <= 246921))
	        ->  Bitmap Index Scan on sbtest5_pkey  (cost=0.00..23.11 rows=1068 width=0)
	              Index Cond: ((id >= 245922) AND (id <= 246921))

table 6 : explain SELECT c FROM sbtest6 WHERE id BETWEEN 9637098 AND 9638097 ORDER BY c
	Sort  (cost=4074.86..4077.47 rows=1043 width=121)
	  Sort Key: c
	  ->  Bitmap Heap Scan on sbtest6  (cost=23.13..4022.57 rows=1043 width=121)
	        Recheck Cond: ((id >= 9637098) AND (id <= 9638097))
	        ->  Bitmap Index Scan on sbtest6_pkey  (cost=0.00..22.86 rows=1043 width=0)
	              Index Cond: ((id >= 9637098) AND (id <= 9638097))

table 7 : explain SELECT c FROM sbtest7 WHERE id BETWEEN 7738733 AND 7739732 ORDER BY c
	Sort  (cost=3884.96..3887.44 rows=993 width=121)
	  Sort Key: c
	  ->  Bitmap Heap Scan on sbtest7  (cost=22.61..3835.53 rows=993 width=121)
	        Recheck Cond: ((id >= 7738733) AND (id <= 7739732))
	        ->  Bitmap Index Scan on sbtest7_pkey  (cost=0.00..22.36 rows=993 width=0)
	              Index Cond: ((id >= 7738733) AND (id <= 7739732))

table 8 : explain SELECT c FROM sbtest8 WHERE id BETWEEN 8192929 AND 8193928 ORDER BY c
	Sort  (cost=4198.27..4200.95 rows=1074 width=121)
	  Sort Key: c
	  ->  Bitmap Heap Scan on sbtest8  (cost=27.44..4144.20 rows=1074 width=121)
	        Recheck Cond: ((id >= 8192929) AND (id <= 8193928))
	        ->  Bitmap Index Scan on sbtest8_pkey  (cost=0.00..27.18 rows=1074 width=0)
	              Index Cond: ((id >= 8192929) AND (id <= 8193928))

for point_selects
table 1 : explain SELECT c FROM sbtest1 WHERE id=4481057
	Index Scan using sbtest1_pkey on sbtest1  (cost=0.43..8.45 rows=1 width=121)
	  Index Cond: (id = 4481057)

table 2 : explain SELECT c FROM sbtest2 WHERE id=4336552
	Index Scan using sbtest2_pkey on sbtest2  (cost=0.43..8.45 rows=1 width=121)
	  Index Cond: (id = 4336552)

table 3 : explain SELECT c FROM sbtest3 WHERE id=4817682
	Index Scan using sbtest3_pkey on sbtest3  (cost=0.43..8.45 rows=1 width=121)
	  Index Cond: (id = 4817682)

table 4 : explain SELECT c FROM sbtest4 WHERE id=4092696
	Index Scan using sbtest4_pkey on sbtest4  (cost=0.43..8.45 rows=1 width=121)
	  Index Cond: (id = 4092696)

table 5 : explain SELECT c FROM sbtest5 WHERE id=2736314
	Index Scan using sbtest5_pkey on sbtest5  (cost=0.43..8.45 rows=1 width=121)
	  Index Cond: (id = 2736314)

table 6 : explain SELECT c FROM sbtest6 WHERE id=5482592
	Index Scan using sbtest6_pkey on sbtest6  (cost=0.43..8.45 rows=1 width=121)
	  Index Cond: (id = 5482592)

table 7 : explain SELECT c FROM sbtest7 WHERE id=5866028
	Index Scan using sbtest7_pkey on sbtest7  (cost=0.43..8.45 rows=1 width=121)
	  Index Cond: (id = 5866028)

table 8 : explain SELECT c FROM sbtest8 WHERE id=6473350
	Index Scan using sbtest8_pkey on sbtest8  (cost=0.43..8.45 rows=1 width=121)
	  Index Cond: (id = 6473350)

for: order_ranges
table 1 : explain SELECT c FROM sbtest1 WHERE id BETWEEN 2002015 AND 2003014 ORDER BY c
	Sort  (cost=3868.30..3870.77 rows=989 width=121)
	  Sort Key: c
	  ->  Bitmap Heap Scan on sbtest1  (cost=22.57..3819.10 rows=989 width=121)
	        Recheck Cond: ((id >= 2002015) AND (id <= 2003014))
	        ->  Bitmap Index Scan on sbtest1_pkey  (cost=0.00..22.32 rows=989 width=0)
	              Index Cond: ((id >= 2002015) AND (id <= 2003014))

table 2 : explain SELECT c FROM sbtest2 WHERE id BETWEEN 8549046 AND 8550045 ORDER BY c
	Sort  (cost=4379.57..4382.37 rows=1123 width=121)
	  Sort Key: c
	  ->  Bitmap Heap Scan on sbtest2  (cost=27.95..4322.67 rows=1123 width=121)
	        Recheck Cond: ((id >= 8549046) AND (id <= 8550045))
	        ->  Bitmap Index Scan on sbtest2_pkey  (cost=0.00..27.66 rows=1123 width=0)
	              Index Cond: ((id >= 8549046) AND (id <= 8550045))

table 3 : explain SELECT c FROM sbtest3 WHERE id BETWEEN 8620874 AND 8621873 ORDER BY c
	Sort  (cost=3887.25..3889.74 rows=994 width=121)
	  Sort Key: c
	  ->  Bitmap Heap Scan on sbtest3  (cost=22.62..3837.76 rows=994 width=121)
	        Recheck Cond: ((id >= 8620874) AND (id <= 8621873))
	        ->  Bitmap Index Scan on sbtest3_pkey  (cost=0.00..22.37 rows=994 width=0)
	              Index Cond: ((id >= 8620874) AND (id <= 8621873))

table 4 : explain SELECT c FROM sbtest4 WHERE id BETWEEN 8311737 AND 8312736 ORDER BY c
	Sort  (cost=4009.48..4012.05 rows=1026 width=121)
	  Sort Key: c
	  ->  Bitmap Heap Scan on sbtest4  (cost=22.95..3958.17 rows=1026 width=121)
	        Recheck Cond: ((id >= 8311737) AND (id <= 8312736))
	        ->  Bitmap Index Scan on sbtest4_pkey  (cost=0.00..22.69 rows=1026 width=0)
	              Index Cond: ((id >= 8311737) AND (id <= 8312736))

table 5 : explain SELECT c FROM sbtest5 WHERE id BETWEEN 4999289 AND 5000288 ORDER BY c
	Sort  (cost=4129.29..4131.93 rows=1057 width=121)
	  Sort Key: c
	  ->  Bitmap Heap Scan on sbtest5  (cost=23.27..4076.20 rows=1057 width=121)
	        Recheck Cond: ((id >= 4999289) AND (id <= 5000288))
	        ->  Bitmap Index Scan on sbtest5_pkey  (cost=0.00..23.00 rows=1057 width=0)
	              Index Cond: ((id >= 4999289) AND (id <= 5000288))

table 6 : explain SELECT c FROM sbtest6 WHERE id BETWEEN 8913691 AND 8914690 ORDER BY c
	Sort  (cost=3918.24..3920.75 rows=1002 width=121)
	  Sort Key: c
	  ->  Bitmap Heap Scan on sbtest6  (cost=22.71..3868.30 rows=1002 width=121)
	        Recheck Cond: ((id >= 8913691) AND (id <= 8914690))
	        ->  Bitmap Index Scan on sbtest6_pkey  (cost=0.00..22.45 rows=1002 width=0)
	              Index Cond: ((id >= 8913691) AND (id <= 8914690))

table 7 : explain SELECT c FROM sbtest7 WHERE id BETWEEN 9308672 AND 9309671 ORDER BY c
	Sort  (cost=3869.66..3872.13 rows=989 width=121)
	  Sort Key: c
	  ->  Bitmap Heap Scan on sbtest7  (cost=22.57..3820.45 rows=989 width=121)
	        Recheck Cond: ((id >= 9308672) AND (id <= 9309671))
	        ->  Bitmap Index Scan on sbtest7_pkey  (cost=0.00..22.32 rows=989 width=0)
	              Index Cond: ((id >= 9308672) AND (id <= 9309671))

table 8 : explain SELECT c FROM sbtest8 WHERE id BETWEEN 7729625 AND 7730624 ORDER BY c
	Sort  (cost=4285.99..4288.73 rows=1097 width=121)
	  Sort Key: c
	  ->  Bitmap Heap Scan on sbtest8  (cost=27.68..4230.59 rows=1097 width=121)
	        Recheck Cond: ((id >= 7729625) AND (id <= 7730624))
	        ->  Bitmap Index Scan on sbtest8_pkey  (cost=0.00..27.40 rows=1097 width=0)
	              Index Cond: ((id >= 7729625) AND (id <= 7730624))

explain: for point_selects :: explain SELECT c FROM sbtest%u WHERE id=%u
explain: for point_selects :: explain SELECT c FROM sbtest%u WHERE id=%u
for: simple_ranges
table 1 : explain SELECT c FROM sbtest1 WHERE id BETWEEN 6224409 AND 6225408
	Bitmap Heap Scan on sbtest1  (cost=22.65..3849.23 rows=997 width=121)
	  Recheck Cond: ((id >= 6224409) AND (id <= 6225408))
	  ->  Bitmap Index Scan on sbtest1_pkey  (cost=0.00..22.40 rows=997 width=0)
	        Index Cond: ((id >= 6224409) AND (id <= 6225408))

table 2 : explain SELECT c FROM sbtest2 WHERE id BETWEEN 7476544 AND 7477543
	Bitmap Heap Scan on sbtest2  (cost=22.81..3905.45 rows=1012 width=121)
	  Recheck Cond: ((id >= 7476544) AND (id <= 7477543))
	  ->  Bitmap Index Scan on sbtest2_pkey  (cost=0.00..22.55 rows=1012 width=0)
	        Index Cond: ((id >= 7476544) AND (id <= 7477543))

table 3 : explain SELECT c FROM sbtest3 WHERE id BETWEEN 2173726 AND 2174725
	Bitmap Heap Scan on sbtest3  (cost=22.61..3834.00 rows=993 width=121)
	  Recheck Cond: ((id >= 2173726) AND (id <= 2174725))
	  ->  Bitmap Index Scan on sbtest3_pkey  (cost=0.00..22.36 rows=993 width=0)
	        Index Cond: ((id >= 2173726) AND (id <= 2174725))

table 4 : explain SELECT c FROM sbtest4 WHERE id BETWEEN 2413109 AND 2414108
	Bitmap Heap Scan on sbtest4  (cost=22.44..3769.93 rows=976 width=121)
	  Recheck Cond: ((id >= 2413109) AND (id <= 2414108))
	  ->  Bitmap Index Scan on sbtest4_pkey  (cost=0.00..22.19 rows=976 width=0)
	        Index Cond: ((id >= 2413109) AND (id <= 2414108))

table 5 : explain SELECT c FROM sbtest5 WHERE id BETWEEN 5627071 AND 5628070
	Bitmap Heap Scan on sbtest5  (cost=22.01..3612.78 rows=934 width=121)
	  Recheck Cond: ((id >= 5627071) AND (id <= 5628070))
	  ->  Bitmap Index Scan on sbtest5_pkey  (cost=0.00..21.77 rows=934 width=0)
	        Index Cond: ((id >= 5627071) AND (id <= 5628070))

table 6 : explain SELECT c FROM sbtest6 WHERE id BETWEEN 3754300 AND 3755299
	Bitmap Heap Scan on sbtest6  (cost=23.12..4018.81 rows=1042 width=121)
	  Recheck Cond: ((id >= 3754300) AND (id <= 3755299))
	  ->  Bitmap Index Scan on sbtest6_pkey  (cost=0.00..22.86 rows=1042 width=0)
	        Index Cond: ((id >= 3754300) AND (id <= 3755299))

table 7 : explain SELECT c FROM sbtest7 WHERE id BETWEEN 3128836 AND 3129835
	Bitmap Heap Scan on sbtest7  (cost=23.27..4076.43 rows=1057 width=121)
	  Recheck Cond: ((id >= 3128836) AND (id <= 3129835))
	  ->  Bitmap Index Scan on sbtest7_pkey  (cost=0.00..23.00 rows=1057 width=0)
	        Index Cond: ((id >= 3128836) AND (id <= 3129835))

table 8 : explain SELECT c FROM sbtest8 WHERE id BETWEEN 2253988 AND 2254987
	Bitmap Heap Scan on sbtest8  (cost=23.06..4001.08 rows=1037 width=121)
	  Recheck Cond: ((id >= 2253988) AND (id <= 2254987))
	  ->  Bitmap Index Scan on sbtest8_pkey  (cost=0.00..22.80 rows=1037 width=0)
	        Index Cond: ((id >= 2253988) AND (id <= 2254987))

for: distinct_ranges
table 1 : explain SELECT DISTINCT c FROM sbtest1 WHERE id BETWEEN 2007783 AND 2008782 ORDER BY c
	Unique  (cost=3868.30..3873.25 rows=989 width=121)
	  ->  Sort  (cost=3868.30..3870.77 rows=989 width=121)
	        Sort Key: c
	        ->  Bitmap Heap Scan on sbtest1  (cost=22.57..3819.10 rows=989 width=121)
	              Recheck Cond: ((id >= 2007783) AND (id <= 2008782))
	              ->  Bitmap Index Scan on sbtest1_pkey  (cost=0.00..22.32 rows=989 width=0)
	                    Index Cond: ((id >= 2007783) AND (id <= 2008782))

table 2 : explain SELECT DISTINCT c FROM sbtest2 WHERE id BETWEEN 7408037 AND 7409036 ORDER BY c
	Unique  (cost=3592.46..3597.04 rows=917 width=121)
	  ->  Sort  (cost=3592.46..3594.75 rows=917 width=121)
	        Sort Key: c
	        ->  Bitmap Heap Scan on sbtest2  (cost=21.83..3547.34 rows=917 width=121)
	              Recheck Cond: ((id >= 7408037) AND (id <= 7409036))
	              ->  Bitmap Index Scan on sbtest2_pkey  (cost=0.00..21.61 rows=917 width=0)
	                    Index Cond: ((id >= 7408037) AND (id <= 7409036))

table 3 : explain SELECT DISTINCT c FROM sbtest3 WHERE id BETWEEN 7417903 AND 7418902 ORDER BY c
	Unique  (cost=3875.78..3880.74 rows=991 width=121)
	  ->  Sort  (cost=3875.78..3878.26 rows=991 width=121)
	        Sort Key: c
	        ->  Bitmap Heap Scan on sbtest3  (cost=22.59..3826.47 rows=991 width=121)
	              Recheck Cond: ((id >= 7417903) AND (id <= 7418902))
	              ->  Bitmap Index Scan on sbtest3_pkey  (cost=0.00..22.34 rows=991 width=0)
	                    Index Cond: ((id >= 7417903) AND (id <= 7418902))

table 4 : explain SELECT DISTINCT c FROM sbtest4 WHERE id BETWEEN 364998 AND 365997 ORDER BY c
	Unique  (cost=3818.39..3823.27 rows=976 width=121)
	  ->  Sort  (cost=3818.39..3820.83 rows=976 width=121)
	        Sort Key: c
	        ->  Bitmap Heap Scan on sbtest4  (cost=22.44..3769.93 rows=976 width=121)
	              Recheck Cond: ((id >= 364998) AND (id <= 365997))
	              ->  Bitmap Index Scan on sbtest4_pkey  (cost=0.00..22.19 rows=976 width=0)
	                    Index Cond: ((id >= 364998) AND (id <= 365997))

table 5 : explain SELECT DISTINCT c FROM sbtest5 WHERE id BETWEEN 6025659 AND 6026658 ORDER BY c
	Unique  (cost=3766.11..3770.92 rows=962 width=121)
	  ->  Sort  (cost=3766.11..3768.52 rows=962 width=121)
	        Sort Key: c
	        ->  Bitmap Heap Scan on sbtest5  (cost=22.30..3718.45 rows=962 width=121)
	              Recheck Cond: ((id >= 6025659) AND (id <= 6026658))
	              ->  Bitmap Index Scan on sbtest5_pkey  (cost=0.00..22.05 rows=962 width=0)
	                    Index Cond: ((id >= 6025659) AND (id <= 6026658))

table 6 : explain SELECT DISTINCT c FROM sbtest6 WHERE id BETWEEN 2575925 AND 2576924 ORDER BY c
	Unique  (cost=3922.07..3927.08 rows=1003 width=121)
	  ->  Sort  (cost=3922.07..3924.57 rows=1003 width=121)
	        Sort Key: c
	        ->  Bitmap Heap Scan on sbtest6  (cost=22.72..3872.07 rows=1003 width=121)
	              Recheck Cond: ((id >= 2575925) AND (id <= 2576924))
	              ->  Bitmap Index Scan on sbtest6_pkey  (cost=0.00..22.46 rows=1003 width=0)
	                    Index Cond: ((id >= 2575925) AND (id <= 2576924))

table 7 : explain SELECT DISTINCT c FROM sbtest7 WHERE id BETWEEN 8324272 AND 8325271 ORDER BY c
	Unique  (cost=4083.70..4088.93 rows=1045 width=121)
	  ->  Sort  (cost=4083.70..4086.32 rows=1045 width=121)
	        Sort Key: c
	        ->  Bitmap Heap Scan on sbtest7  (cost=23.15..4031.30 rows=1045 width=121)
	              Recheck Cond: ((id >= 8324272) AND (id <= 8325271))
	              ->  Bitmap Index Scan on sbtest7_pkey  (cost=0.00..22.89 rows=1045 width=0)
	                    Index Cond: ((id >= 8324272) AND (id <= 8325271))

table 8 : explain SELECT DISTINCT c FROM sbtest8 WHERE id BETWEEN 6899635 AND 6900634 ORDER BY c
	Unique  (cost=3689.60..3694.31 rows=942 width=121)
	  ->  Sort  (cost=3689.60..3691.95 rows=942 width=121)
	        Sort Key: c
	        ->  Bitmap Heap Scan on sbtest8  (cost=22.09..3643.07 rows=942 width=121)
	              Recheck Cond: ((id >= 6899635) AND (id <= 6900634))
	              ->  Bitmap Index Scan on sbtest8_pkey  (cost=0.00..21.86 rows=942 width=0)
	                    Index Cond: ((id >= 6899635) AND (id <= 6900634))

for point_selects
table 1 : explain SELECT c FROM sbtest1 WHERE id=5426960
	Index Scan using sbtest1_pkey on sbtest1  (cost=0.43..8.45 rows=1 width=121)
	  Index Cond: (id = 5426960)

table 2 : explain SELECT c FROM sbtest2 WHERE id=9167565
	Index Scan using sbtest2_pkey on sbtest2  (cost=0.43..8.45 rows=1 width=121)
	  Index Cond: (id = 9167565)

table 3 : explain SELECT c FROM sbtest3 WHERE id=2543083
	Index Scan using sbtest3_pkey on sbtest3  (cost=0.43..8.45 rows=1 width=121)
	  Index Cond: (id = 2543083)

table 4 : explain SELECT c FROM sbtest4 WHERE id=7986197
	Index Scan using sbtest4_pkey on sbtest4  (cost=0.43..8.45 rows=1 width=121)
	  Index Cond: (id = 7986197)

table 5 : explain SELECT c FROM sbtest5 WHERE id=7929476
	Index Scan using sbtest5_pkey on sbtest5  (cost=0.43..8.45 rows=1 width=121)
	  Index Cond: (id = 7929476)

table 6 : explain SELECT c FROM sbtest6 WHERE id=1222740
	Index Scan using sbtest6_pkey on sbtest6  (cost=0.43..8.45 rows=1 width=121)
	  Index Cond: (id = 1222740)

table 7 : explain SELECT c FROM sbtest7 WHERE id=8048061
	Index Scan using sbtest7_pkey on sbtest7  (cost=0.43..8.45 rows=1 width=121)
	  Index Cond: (id = 8048061)

table 8 : explain SELECT c FROM sbtest8 WHERE id=5820109
	Index Scan using sbtest8_pkey on sbtest8  (cost=0.43..8.45 rows=1 width=121)
	  Index Cond: (id = 5820109)

for: distinct_ranges
table 1 : explain SELECT DISTINCT c FROM sbtest1 WHERE id BETWEEN 3427257 AND 3428256 ORDER BY c
	Unique  (cost=3814.76..3819.63 rows=975 width=121)
	  ->  Sort  (cost=3814.76..3817.20 rows=975 width=121)
	        Sort Key: c
	        ->  Bitmap Heap Scan on sbtest1  (cost=22.43..3766.35 rows=975 width=121)
	              Recheck Cond: ((id >= 3427257) AND (id <= 3428256))
	              ->  Bitmap Index Scan on sbtest1_pkey  (cost=0.00..22.18 rows=975 width=0)
	                    Index Cond: ((id >= 3427257) AND (id <= 3428256))

table 2 : explain SELECT DISTINCT c FROM sbtest2 WHERE id BETWEEN 809667 AND 810666 ORDER BY c
	Unique  (cost=4024.71..4029.86 rows=1030 width=121)
	  ->  Sort  (cost=4024.71..4027.29 rows=1030 width=121)
	        Sort Key: c
	        ->  Bitmap Heap Scan on sbtest2  (cost=22.99..3973.17 rows=1030 width=121)
	              Recheck Cond: ((id >= 809667) AND (id <= 810666))
	              ->  Bitmap Index Scan on sbtest2_pkey  (cost=0.00..22.73 rows=1030 width=0)
	                    Index Cond: ((id >= 809667) AND (id <= 810666))

table 3 : explain SELECT DISTINCT c FROM sbtest3 WHERE id BETWEEN 5520192 AND 5521191 ORDER BY c
	Unique  (cost=3875.78..3880.74 rows=991 width=121)
	  ->  Sort  (cost=3875.78..3878.26 rows=991 width=121)
	        Sort Key: c
	        ->  Bitmap Heap Scan on sbtest3  (cost=22.59..3826.47 rows=991 width=121)
	              Recheck Cond: ((id >= 5520192) AND (id <= 5521191))
	              ->  Bitmap Index Scan on sbtest3_pkey  (cost=0.00..22.34 rows=991 width=0)
	                    Index Cond: ((id >= 5520192) AND (id <= 5521191))

table 4 : explain SELECT DISTINCT c FROM sbtest4 WHERE id BETWEEN 8511056 AND 8512055 ORDER BY c
	Unique  (cost=3971.29..3976.37 rows=1016 width=121)
	  ->  Sort  (cost=3971.29..3973.83 rows=1016 width=121)
	        Sort Key: c
	        ->  Bitmap Heap Scan on sbtest4  (cost=22.85..3920.55 rows=1016 width=121)
	              Recheck Cond: ((id >= 8511056) AND (id <= 8512055))
	              ->  Bitmap Index Scan on sbtest4_pkey  (cost=0.00..22.59 rows=1016 width=0)
	                    Index Cond: ((id >= 8511056) AND (id <= 8512055))

table 5 : explain SELECT DISTINCT c FROM sbtest5 WHERE id BETWEEN 1579486 AND 1580485 ORDER BY c
	Unique  (cost=4014.72..4019.85 rows=1027 width=121)
	  ->  Sort  (cost=4014.72..4017.29 rows=1027 width=121)
	        Sort Key: c
	        ->  Bitmap Heap Scan on sbtest5  (cost=22.96..3963.35 rows=1027 width=121)
	              Recheck Cond: ((id >= 1579486) AND (id <= 1580485))
	              ->  Bitmap Index Scan on sbtest5_pkey  (cost=0.00..22.70 rows=1027 width=0)
	                    Index Cond: ((id >= 1579486) AND (id <= 1580485))

table 6 : explain SELECT DISTINCT c FROM sbtest6 WHERE id BETWEEN 100108 AND 101107 ORDER BY c
	Unique  (cost=4051.95..4057.14 rows=1037 width=121)
	  ->  Sort  (cost=4051.95..4054.55 rows=1037 width=121)
	        Sort Key: c
	        ->  Bitmap Heap Scan on sbtest6  (cost=23.06..4000.01 rows=1037 width=121)
	              Recheck Cond: ((id >= 100108) AND (id <= 101107))
	              ->  Bitmap Index Scan on sbtest6_pkey  (cost=0.00..22.80 rows=1037 width=0)
	                    Index Cond: ((id >= 100108) AND (id <= 101107))

table 7 : explain SELECT DISTINCT c FROM sbtest7 WHERE id BETWEEN 2075062 AND 2076061 ORDER BY c
	Unique  (cost=4289.94..4295.43 rows=1098 width=121)
	  ->  Sort  (cost=4289.94..4292.69 rows=1098 width=121)
	        Sort Key: c
	        ->  Bitmap Heap Scan on sbtest7  (cost=27.69..4234.49 rows=1098 width=121)
	              Recheck Cond: ((id >= 2075062) AND (id <= 2076061))
	              ->  Bitmap Index Scan on sbtest7_pkey  (cost=0.00..27.41 rows=1098 width=0)
	                    Index Cond: ((id >= 2075062) AND (id <= 2076061))

table 8 : explain SELECT DISTINCT c FROM sbtest8 WHERE id BETWEEN 7679574 AND 7680573 ORDER BY c
	Unique  (cost=4030.10..4035.25 rows=1031 width=121)
	  ->  Sort  (cost=4030.10..4032.68 rows=1031 width=121)
	        Sort Key: c
	        ->  Bitmap Heap Scan on sbtest8  (cost=23.00..3978.50 rows=1031 width=121)
	              Recheck Cond: ((id >= 7679574) AND (id <= 7680573))
	              ->  Bitmap Index Scan on sbtest8_pkey  (cost=0.00..22.75 rows=1031 width=0)
	                    Index Cond: ((id >= 7679574) AND (id <= 7680573))

for: sum_ranges
table 1 : explain SELECT SUM(k) FROM sbtest1 WHERE id BETWEEN 8236280 AND 8237279
	Aggregate  (cost=3553.63..3553.64 rows=1 width=8)
	  ->  Bitmap Heap Scan on sbtest1  (cost=21.84..3551.33 rows=918 width=4)
	        Recheck Cond: ((id >= 8236280) AND (id <= 8237279))
	        ->  Bitmap Index Scan on sbtest1_pkey  (cost=0.00..21.61 rows=918 width=0)
	              Index Cond: ((id >= 8236280) AND (id <= 8237279))

table 2 : explain SELECT SUM(k) FROM sbtest2 WHERE id BETWEEN 2841971 AND 2842970
	Aggregate  (cost=3466.47..3466.48 rows=1 width=8)
	  ->  Bitmap Heap Scan on sbtest2  (cost=21.61..3464.24 rows=895 width=4)
	        Recheck Cond: ((id >= 2841971) AND (id <= 2842970))
	        ->  Bitmap Index Scan on sbtest2_pkey  (cost=0.00..21.39 rows=895 width=0)
	              Index Cond: ((id >= 2841971) AND (id <= 2842970))

table 3 : explain SELECT SUM(k) FROM sbtest3 WHERE id BETWEEN 6659603 AND 6660602
	Aggregate  (cost=3806.33..3806.34 rows=1 width=8)
	  ->  Bitmap Heap Scan on sbtest3  (cost=22.53..3803.87 rows=985 width=4)
	        Recheck Cond: ((id >= 6659603) AND (id <= 6660602))
	        ->  Bitmap Index Scan on sbtest3_pkey  (cost=0.00..22.29 rows=985 width=0)
	              Index Cond: ((id >= 6659603) AND (id <= 6660602))

table 4 : explain SELECT SUM(k) FROM sbtest4 WHERE id BETWEEN 5642273 AND 5643272
	Aggregate  (cost=3836.45..3836.46 rows=1 width=8)
	  ->  Bitmap Heap Scan on sbtest4  (cost=22.61..3833.97 rows=993 width=4)
	        Recheck Cond: ((id >= 5642273) AND (id <= 5643272))
	        ->  Bitmap Index Scan on sbtest4_pkey  (cost=0.00..22.36 rows=993 width=0)
	              Index Cond: ((id >= 5642273) AND (id <= 5643272))

table 5 : explain SELECT SUM(k) FROM sbtest5 WHERE id BETWEEN 3758820 AND 3759819
	Aggregate  (cost=3800.09..3800.10 rows=1 width=8)
	  ->  Bitmap Heap Scan on sbtest5  (cost=22.51..3797.63 rows=983 width=4)
	        Recheck Cond: ((id >= 3758820) AND (id <= 3759819))
	        ->  Bitmap Index Scan on sbtest5_pkey  (cost=0.00..22.26 rows=983 width=0)
	              Index Cond: ((id >= 3758820) AND (id <= 3759819))

table 6 : explain SELECT SUM(k) FROM sbtest6 WHERE id BETWEEN 833264 AND 834263
	Aggregate  (cost=3629.39..3629.40 rows=1 width=8)
	  ->  Bitmap Heap Scan on sbtest6  (cost=22.05..3627.05 rows=938 width=4)
	        Recheck Cond: ((id >= 833264) AND (id <= 834263))
	        ->  Bitmap Index Scan on sbtest6_pkey  (cost=0.00..21.82 rows=938 width=0)
	              Index Cond: ((id >= 833264) AND (id <= 834263))

table 7 : explain SELECT SUM(k) FROM sbtest7 WHERE id BETWEEN 4898447 AND 4899446
	Aggregate  (cost=4048.97..4048.98 rows=1 width=8)
	  ->  Bitmap Heap Scan on sbtest7  (cost=23.19..4046.35 rows=1049 width=4)
	        Recheck Cond: ((id >= 4898447) AND (id <= 4899446))
	        ->  Bitmap Index Scan on sbtest7_pkey  (cost=0.00..22.93 rows=1049 width=0)
	              Index Cond: ((id >= 4898447) AND (id <= 4899446))

table 8 : explain SELECT SUM(k) FROM sbtest8 WHERE id BETWEEN 6172978 AND 6173977
	Aggregate  (cost=4067.65..4067.66 rows=1 width=8)
	  ->  Bitmap Heap Scan on sbtest8  (cost=23.24..4065.02 rows=1054 width=4)
	        Recheck Cond: ((id >= 6172978) AND (id <= 6173977))
	        ->  Bitmap Index Scan on sbtest8_pkey  (cost=0.00..22.97 rows=1054 width=0)
	              Index Cond: ((id >= 6172978) AND (id <= 6173977))

for: simple_ranges
table 1 : explain SELECT c FROM sbtest1 WHERE id BETWEEN 5667754 AND 5668753
	Bitmap Heap Scan on sbtest1  (cost=22.82..3909.46 rows=1013 width=121)
	  Recheck Cond: ((id >= 5667754) AND (id <= 5668753))
	  ->  Bitmap Index Scan on sbtest1_pkey  (cost=0.00..22.57 rows=1013 width=0)
	        Index Cond: ((id >= 5667754) AND (id <= 5668753))

table 2 : explain SELECT c FROM sbtest2 WHERE id BETWEEN 6990332 AND 6991331
	Bitmap Heap Scan on sbtest2  (cost=22.65..3848.98 rows=997 width=121)
	  Recheck Cond: ((id >= 6990332) AND (id <= 6991331))
	  ->  Bitmap Index Scan on sbtest2_pkey  (cost=0.00..22.40 rows=997 width=0)
	        Index Cond: ((id >= 6990332) AND (id <= 6991331))

table 3 : explain SELECT c FROM sbtest3 WHERE id BETWEEN 6970180 AND 6971179
	Bitmap Heap Scan on sbtest3  (cost=22.40..3754.88 rows=972 width=121)
	  Recheck Cond: ((id >= 6970180) AND (id <= 6971179))
	  ->  Bitmap Index Scan on sbtest3_pkey  (cost=0.00..22.15 rows=972 width=0)
	        Index Cond: ((id >= 6970180) AND (id <= 6971179))

table 4 : explain SELECT c FROM sbtest4 WHERE id BETWEEN 2926500 AND 2927499
	Bitmap Heap Scan on sbtest4  (cost=23.39..4119.80 rows=1069 width=121)
	  Recheck Cond: ((id >= 2926500) AND (id <= 2927499))
	  ->  Bitmap Index Scan on sbtest4_pkey  (cost=0.00..23.12 rows=1069 width=0)
	        Index Cond: ((id >= 2926500) AND (id <= 2927499))

table 5 : explain SELECT c FROM sbtest5 WHERE id BETWEEN 966900 AND 967899
	Bitmap Heap Scan on sbtest5  (cost=22.37..3744.85 rows=969 width=121)
	  Recheck Cond: ((id >= 966900) AND (id <= 967899))
	  ->  Bitmap Index Scan on sbtest5_pkey  (cost=0.00..22.12 rows=969 width=0)
	        Index Cond: ((id >= 966900) AND (id <= 967899))

table 6 : explain SELECT c FROM sbtest6 WHERE id BETWEEN 7772773 AND 7773772
	Bitmap Heap Scan on sbtest6  (cost=23.54..4172.87 rows=1083 width=121)
	  Recheck Cond: ((id >= 7772773) AND (id <= 7773772))
	  ->  Bitmap Index Scan on sbtest6_pkey  (cost=0.00..23.26 rows=1083 width=0)
	        Index Cond: ((id >= 7772773) AND (id <= 7773772))

table 7 : explain SELECT c FROM sbtest7 WHERE id BETWEEN 4303388 AND 4304387
	Bitmap Heap Scan on sbtest7  (cost=21.57..3450.48 rows=891 width=121)
	  Recheck Cond: ((id >= 4303388) AND (id <= 4304387))
	  ->  Bitmap Index Scan on sbtest7_pkey  (cost=0.00..21.34 rows=891 width=0)
	        Index Cond: ((id >= 4303388) AND (id <= 4304387))

table 8 : explain SELECT c FROM sbtest8 WHERE id BETWEEN 3229979 AND 3230978
	Bitmap Heap Scan on sbtest8  (cost=27.65..4219.33 rows=1094 width=121)
	  Recheck Cond: ((id >= 3229979) AND (id <= 3230978))
	  ->  Bitmap Index Scan on sbtest8_pkey  (cost=0.00..27.37 rows=1094 width=0)
	        Index Cond: ((id >= 3229979) AND (id <= 3230978))

explain: for point_selects :: explain SELECT c FROM sbtest%u WHERE id=%u
for point_selects
table 1 : explain SELECT c FROM sbtest1 WHERE id=6755634
	Index Scan using sbtest1_pkey on sbtest1  (cost=0.43..8.45 rows=1 width=121)
	  Index Cond: (id = 6755634)

table 2 : explain SELECT c FROM sbtest2 WHERE id=1428598
	Index Scan using sbtest2_pkey on sbtest2  (cost=0.43..8.45 rows=1 width=121)
	  Index Cond: (id = 1428598)

table 3 : explain SELECT c FROM sbtest3 WHERE id=3719174
	Index Scan using sbtest3_pkey on sbtest3  (cost=0.43..8.45 rows=1 width=121)
	  Index Cond: (id = 3719174)

table 4 : explain SELECT c FROM sbtest4 WHERE id=5609632
	Index Scan using sbtest4_pkey on sbtest4  (cost=0.43..8.45 rows=1 width=121)
	  Index Cond: (id = 5609632)

table 5 : explain SELECT c FROM sbtest5 WHERE id=5484437
	Index Scan using sbtest5_pkey on sbtest5  (cost=0.43..8.45 rows=1 width=121)
	  Index Cond: (id = 5484437)

table 6 : explain SELECT c FROM sbtest6 WHERE id=6773408
	Index Scan using sbtest6_pkey on sbtest6  (cost=0.43..8.45 rows=1 width=121)
	  Index Cond: (id = 6773408)

table 7 : explain SELECT c FROM sbtest7 WHERE id=2022614
	Index Scan using sbtest7_pkey on sbtest7  (cost=0.43..8.45 rows=1 width=121)
	  Index Cond: (id = 2022614)

table 8 : explain SELECT c FROM sbtest8 WHERE id=2763925
	Index Scan using sbtest8_pkey on sbtest8  (cost=0.43..8.45 rows=1 width=121)
	  Index Cond: (id = 2763925)

explain: for point_selects :: explain SELECT c FROM sbtest%u WHERE id=%u
explain: for point_selects :: explain SELECT c FROM sbtest%u WHERE id=%u
for point_selects
table 1 : explain SELECT c FROM sbtest1 WHERE id=5298850
	Index Scan using sbtest1_pkey on sbtest1  (cost=0.43..8.45 rows=1 width=121)
	  Index Cond: (id = 5298850)

table 2 : explain SELECT c FROM sbtest2 WHERE id=338313
	Index Scan using sbtest2_pkey on sbtest2  (cost=0.43..8.45 rows=1 width=121)
	  Index Cond: (id = 338313)

table 3 : explain SELECT c FROM sbtest3 WHERE id=4530560
	Index Scan using sbtest3_pkey on sbtest3  (cost=0.43..8.45 rows=1 width=121)
	  Index Cond: (id = 4530560)

table 4 : explain SELECT c FROM sbtest4 WHERE id=9165244
	Index Scan using sbtest4_pkey on sbtest4  (cost=0.43..8.45 rows=1 width=121)
	  Index Cond: (id = 9165244)

table 5 : explain SELECT c FROM sbtest5 WHERE id=1005028
	Index Scan using sbtest5_pkey on sbtest5  (cost=0.43..8.45 rows=1 width=121)
	  Index Cond: (id = 1005028)

table 6 : explain SELECT c FROM sbtest6 WHERE id=7947454
	Index Scan using sbtest6_pkey on sbtest6  (cost=0.43..8.45 rows=1 width=121)
	  Index Cond: (id = 7947454)

table 7 : explain SELECT c FROM sbtest7 WHERE id=2068619
	Index Scan using sbtest7_pkey on sbtest7  (cost=0.43..8.45 rows=1 width=121)
	  Index Cond: (id = 2068619)

table 8 : explain SELECT c FROM sbtest8 WHERE id=9508675
	Index Scan using sbtest8_pkey on sbtest8  (cost=0.43..8.45 rows=1 width=121)
	  Index Cond: (id = 9508675)

for: order_ranges
table 1 : explain SELECT c FROM sbtest1 WHERE id BETWEEN 6919751 AND 6920750 ORDER BY c
	Sort  (cost=4044.06..4046.65 rows=1035 width=121)
	  Sort Key: c
	  ->  Bitmap Heap Scan on sbtest1  (cost=23.04..3992.23 rows=1035 width=121)
	        Recheck Cond: ((id >= 6919751) AND (id <= 6920750))
	        ->  Bitmap Index Scan on sbtest1_pkey  (cost=0.00..22.79 rows=1035 width=0)
	              Index Cond: ((id >= 6919751) AND (id <= 6920750))

table 2 : explain SELECT c FROM sbtest2 WHERE id BETWEEN 356947 AND 357946 ORDER BY c
	Sort  (cost=4047.62..4050.21 rows=1036 width=121)
	  Sort Key: c
	  ->  Bitmap Heap Scan on sbtest2  (cost=23.05..3995.73 rows=1036 width=121)
	        Recheck Cond: ((id >= 356947) AND (id <= 357946))
	        ->  Bitmap Index Scan on sbtest2_pkey  (cost=0.00..22.79 rows=1036 width=0)
	              Index Cond: ((id >= 356947) AND (id <= 357946))

table 3 : explain SELECT c FROM sbtest3 WHERE id BETWEEN 2985723 AND 2986722 ORDER BY c
	Sort  (cost=4013.34..4015.90 rows=1027 width=121)
	  Sort Key: c
	  ->  Bitmap Heap Scan on sbtest3  (cost=22.96..3961.96 rows=1027 width=121)
	        Recheck Cond: ((id >= 2985723) AND (id <= 2986722))
	        ->  Bitmap Index Scan on sbtest3_pkey  (cost=0.00..22.70 rows=1027 width=0)
	              Index Cond: ((id >= 2985723) AND (id <= 2986722))

table 4 : explain SELECT c FROM sbtest4 WHERE id BETWEEN 4056507 AND 4057506 ORDER BY c
	Sort  (cost=3891.04..3893.53 rows=995 width=121)
	  Sort Key: c
	  ->  Bitmap Heap Scan on sbtest4  (cost=22.63..3841.50 rows=995 width=121)
	        Recheck Cond: ((id >= 4056507) AND (id <= 4057506))
	        ->  Bitmap Index Scan on sbtest4_pkey  (cost=0.00..22.39 rows=995 width=0)
	              Index Cond: ((id >= 4056507) AND (id <= 4057506))

table 5 : explain SELECT c FROM sbtest5 WHERE id BETWEEN 4410513 AND 4411512 ORDER BY c
	Sort  (cost=3735.48..3737.86 rows=954 width=121)
	  Sort Key: c
	  ->  Bitmap Heap Scan on sbtest5  (cost=22.21..3688.27 rows=954 width=121)
	        Recheck Cond: ((id >= 4410513) AND (id <= 4411512))
	        ->  Bitmap Index Scan on sbtest5_pkey  (cost=0.00..21.97 rows=954 width=0)
	              Index Cond: ((id >= 4410513) AND (id <= 4411512))

table 6 : explain SELECT c FROM sbtest6 WHERE id BETWEEN 8409321 AND 8410320 ORDER BY c
	Sort  (cost=3807.34..3809.77 rows=973 width=121)
	  Sort Key: c
	  ->  Bitmap Heap Scan on sbtest6  (cost=22.41..3759.05 rows=973 width=121)
	        Recheck Cond: ((id >= 8409321) AND (id <= 8410320))
	        ->  Bitmap Index Scan on sbtest6_pkey  (cost=0.00..22.16 rows=973 width=0)
	              Index Cond: ((id >= 8409321) AND (id <= 8410320))

table 7 : explain SELECT c FROM sbtest7 WHERE id BETWEEN 7568261 AND 7569260 ORDER BY c
	Sort  (cost=3961.44..3963.97 rows=1013 width=121)
	  Sort Key: c
	  ->  Bitmap Heap Scan on sbtest7  (cost=22.82..3910.87 rows=1013 width=121)
	        Recheck Cond: ((id >= 7568261) AND (id <= 7569260))
	        ->  Bitmap Index Scan on sbtest7_pkey  (cost=0.00..22.57 rows=1013 width=0)
	              Index Cond: ((id >= 7568261) AND (id <= 7569260))

table 8 : explain SELECT c FROM sbtest8 WHERE id BETWEEN 991428 AND 992427 ORDER BY c
	Sort  (cost=3658.94..3661.28 rows=934 width=121)
	  Sort Key: c
	  ->  Bitmap Heap Scan on sbtest8  (cost=22.01..3612.86 rows=934 width=121)
	        Recheck Cond: ((id >= 991428) AND (id <= 992427))
	        ->  Bitmap Index Scan on sbtest8_pkey  (cost=0.00..21.77 rows=934 width=0)
	              Index Cond: ((id >= 991428) AND (id <= 992427))

for: simple_ranges
table 1 : explain SELECT c FROM sbtest1 WHERE id BETWEEN 7558150 AND 7559149
	Bitmap Heap Scan on sbtest1  (cost=23.25..4067.42 rows=1055 width=121)
	  Recheck Cond: ((id >= 7558150) AND (id <= 7559149))
	  ->  Bitmap Index Scan on sbtest1_pkey  (cost=0.00..22.98 rows=1055 width=0)
	        Index Cond: ((id >= 7558150) AND (id <= 7559149))

table 2 : explain SELECT c FROM sbtest2 WHERE id BETWEEN 2385070 AND 2386069
	Bitmap Heap Scan on sbtest2  (cost=21.54..3437.78 rows=888 width=121)
	  Recheck Cond: ((id >= 2385070) AND (id <= 2386069))
	  ->  Bitmap Index Scan on sbtest2_pkey  (cost=0.00..21.32 rows=888 width=0)
	        Index Cond: ((id >= 2385070) AND (id <= 2386069))

table 3 : explain SELECT c FROM sbtest3 WHERE id BETWEEN 848790 AND 849789
	Bitmap Heap Scan on sbtest3  (cost=22.88..3931.87 rows=1019 width=121)
	  Recheck Cond: ((id >= 848790) AND (id <= 849789))
	  ->  Bitmap Index Scan on sbtest3_pkey  (cost=0.00..22.62 rows=1019 width=0)
	        Index Cond: ((id >= 848790) AND (id <= 849789))

table 4 : explain SELECT c FROM sbtest4 WHERE id BETWEEN 4148915 AND 4149914
	Bitmap Heap Scan on sbtest4  (cost=23.16..4033.37 rows=1046 width=121)
	  Recheck Cond: ((id >= 4148915) AND (id <= 4149914))
	  ->  Bitmap Index Scan on sbtest4_pkey  (cost=0.00..22.89 rows=1046 width=0)
	        Index Cond: ((id >= 4148915) AND (id <= 4149914))

table 5 : explain SELECT c FROM sbtest5 WHERE id BETWEEN 6896106 AND 6897105
	Bitmap Heap Scan on sbtest5  (cost=23.04..3993.45 rows=1035 width=121)
	  Recheck Cond: ((id >= 6896106) AND (id <= 6897105))
	  ->  Bitmap Index Scan on sbtest5_pkey  (cost=0.00..22.79 rows=1035 width=0)
	        Index Cond: ((id >= 6896106) AND (id <= 6897105))

table 6 : explain SELECT c FROM sbtest6 WHERE id BETWEEN 9133338 AND 9134337
	Bitmap Heap Scan on sbtest6  (cost=28.64..4577.99 rows=1191 width=121)
	  Recheck Cond: ((id >= 9133338) AND (id <= 9134337))
	  ->  Bitmap Index Scan on sbtest6_pkey  (cost=0.00..28.34 rows=1191 width=0)
	        Index Cond: ((id >= 9133338) AND (id <= 9134337))

table 7 : explain SELECT c FROM sbtest7 WHERE id BETWEEN 1037362 AND 1038361
	Bitmap Heap Scan on sbtest7  (cost=22.18..3677.15 rows=951 width=121)
	  Recheck Cond: ((id >= 1037362) AND (id <= 1038361))
	  ->  Bitmap Index Scan on sbtest7_pkey  (cost=0.00..21.94 rows=951 width=0)
	        Index Cond: ((id >= 1037362) AND (id <= 1038361))

table 8 : explain SELECT c FROM sbtest8 WHERE id BETWEEN 9994284 AND 9995283
	Bitmap Heap Scan on sbtest8  (cost=22.67..3858.01 rows=999 width=121)
	  Recheck Cond: ((id >= 9994284) AND (id <= 9995283))
	  ->  Bitmap Index Scan on sbtest8_pkey  (cost=0.00..22.43 rows=999 width=0)
	        Index Cond: ((id >= 9994284) AND (id <= 9995283))

for: simple_ranges
table 1 : explain SELECT c FROM sbtest1 WHERE id BETWEEN 9263408 AND 9264407
	Bitmap Heap Scan on sbtest1  (cost=22.98..3969.66 rows=1029 width=121)
	  Recheck Cond: ((id >= 9263408) AND (id <= 9264407))
	  ->  Bitmap Index Scan on sbtest1_pkey  (cost=0.00..22.72 rows=1029 width=0)
	        Index Cond: ((id >= 9263408) AND (id <= 9264407))

table 2 : explain SELECT c FROM sbtest2 WHERE id BETWEEN 1439484 AND 1440483
	Bitmap Heap Scan on sbtest2  (cost=21.99..3603.96 rows=932 width=121)
	  Recheck Cond: ((id >= 1439484) AND (id <= 1440483))
	  ->  Bitmap Index Scan on sbtest2_pkey  (cost=0.00..21.75 rows=932 width=0)
	        Index Cond: ((id >= 1439484) AND (id <= 1440483))

table 3 : explain SELECT c FROM sbtest3 WHERE id BETWEEN 5045821 AND 5046820
	Bitmap Heap Scan on sbtest3  (cost=22.89..3935.63 rows=1020 width=121)
	  Recheck Cond: ((id >= 5045821) AND (id <= 5046820))
	  ->  Bitmap Index Scan on sbtest3_pkey  (cost=0.00..22.64 rows=1020 width=0)
	        Index Cond: ((id >= 5045821) AND (id <= 5046820))

table 4 : explain SELECT c FROM sbtest4 WHERE id BETWEEN 6076205 AND 6077204
	Bitmap Heap Scan on sbtest4  (cost=22.20..3683.23 rows=953 width=121)
	  Recheck Cond: ((id >= 6076205) AND (id <= 6077204))
	  ->  Bitmap Index Scan on sbtest4_pkey  (cost=0.00..21.96 rows=953 width=0)
	        Index Cond: ((id >= 6076205) AND (id <= 6077204))

table 5 : explain SELECT c FROM sbtest5 WHERE id BETWEEN 2192272 AND 2193271
	Bitmap Heap Scan on sbtest5  (cost=22.63..3842.85 rows=995 width=121)
	  Recheck Cond: ((id >= 2192272) AND (id <= 2193271))
	  ->  Bitmap Index Scan on sbtest5_pkey  (cost=0.00..22.39 rows=995 width=0)
	        Index Cond: ((id >= 2192272) AND (id <= 2193271))

table 6 : explain SELECT c FROM sbtest6 WHERE id BETWEEN 6007298 AND 6008297
	Bitmap Heap Scan on sbtest6  (cost=21.26..3336.06 rows=861 width=121)
	  Recheck Cond: ((id >= 6007298) AND (id <= 6008297))
	  ->  Bitmap Index Scan on sbtest6_pkey  (cost=0.00..21.04 rows=861 width=0)
	        Index Cond: ((id >= 6007298) AND (id <= 6008297))

table 7 : explain SELECT c FROM sbtest7 WHERE id BETWEEN 943462 AND 944461
	Bitmap Heap Scan on sbtest7  (cost=20.77..3155.08 rows=813 width=121)
	  Recheck Cond: ((id >= 943462) AND (id <= 944461))
	  ->  Bitmap Index Scan on sbtest7_pkey  (cost=0.00..20.57 rows=813 width=0)
	        Index Cond: ((id >= 943462) AND (id <= 944461))

table 8 : explain SELECT c FROM sbtest8 WHERE id BETWEEN 1667209 AND 1668208
	Bitmap Heap Scan on sbtest8  (cost=22.57..3820.33 rows=989 width=121)
	  Recheck Cond: ((id >= 1667209) AND (id <= 1668208))
	  ->  Bitmap Index Scan on sbtest8_pkey  (cost=0.00..22.32 rows=989 width=0)
	        Index Cond: ((id >= 1667209) AND (id <= 1668208))

for: distinct_ranges
table 1 : explain SELECT DISTINCT c FROM sbtest1 WHERE id BETWEEN 6495735 AND 6496734 ORDER BY c
	Unique  (cost=4277.01..4282.49 rows=1096 width=121)
	  ->  Sort  (cost=4277.01..4279.75 rows=1096 width=121)
	        Sort Key: c
	        ->  Bitmap Heap Scan on sbtest1  (cost=27.67..4221.67 rows=1096 width=121)
	              Recheck Cond: ((id >= 6495735) AND (id <= 6496734))
	              ->  Bitmap Index Scan on sbtest1_pkey  (cost=0.00..27.39 rows=1096 width=0)
	                    Index Cond: ((id >= 6495735) AND (id <= 6496734))

table 2 : explain SELECT DISTINCT c FROM sbtest2 WHERE id BETWEEN 2734209 AND 2735208 ORDER BY c
	Unique  (cost=4089.60..4094.84 rows=1047 width=121)
	  ->  Sort  (cost=4089.60..4092.22 rows=1047 width=121)
	        Sort Key: c
	        ->  Bitmap Heap Scan on sbtest2  (cost=23.17..4037.09 rows=1047 width=121)
	              Recheck Cond: ((id >= 2734209) AND (id <= 2735208))
	              ->  Bitmap Index Scan on sbtest2_pkey  (cost=0.00..22.90 rows=1047 width=0)
	                    Index Cond: ((id >= 2734209) AND (id <= 2735208))

table 3 : explain SELECT DISTINCT c FROM sbtest3 WHERE id BETWEEN 5824277 AND 5825276 ORDER BY c
	Unique  (cost=4013.34..4018.47 rows=1027 width=121)
	  ->  Sort  (cost=4013.34..4015.90 rows=1027 width=121)
	        Sort Key: c
	        ->  Bitmap Heap Scan on sbtest3  (cost=22.96..3961.96 rows=1027 width=121)
	              Recheck Cond: ((id >= 5824277) AND (id <= 5825276))
	              ->  Bitmap Index Scan on sbtest3_pkey  (cost=0.00..22.70 rows=1027 width=0)
	                    Index Cond: ((id >= 5824277) AND (id <= 5825276))

table 4 : explain SELECT DISTINCT c FROM sbtest4 WHERE id BETWEEN 8902842 AND 8903841 ORDER BY c
	Unique  (cost=4150.70..4156.01 rows=1063 width=121)
	  ->  Sort  (cost=4150.70..4153.35 rows=1063 width=121)
	        Sort Key: c
	        ->  Bitmap Heap Scan on sbtest4  (cost=23.33..4097.26 rows=1063 width=121)
	              Recheck Cond: ((id >= 8902842) AND (id <= 8903841))
	              ->  Bitmap Index Scan on sbtest4_pkey  (cost=0.00..23.07 rows=1063 width=0)
	                    Index Cond: ((id >= 8902842) AND (id <= 8903841))

table 5 : explain SELECT DISTINCT c FROM sbtest5 WHERE id BETWEEN 455896 AND 456895 ORDER BY c
	Unique  (cost=3808.22..3813.09 rows=973 width=121)
	  ->  Sort  (cost=3808.22..3810.65 rows=973 width=121)
	        Sort Key: c
	        ->  Bitmap Heap Scan on sbtest5  (cost=22.41..3759.93 rows=973 width=121)
	              Recheck Cond: ((id >= 455896) AND (id <= 456895))
	              ->  Bitmap Index Scan on sbtest5_pkey  (cost=0.00..22.16 rows=973 width=0)
	                    Index Cond: ((id >= 455896) AND (id <= 456895))

table 6 : explain SELECT DISTINCT c FROM sbtest6 WHERE id BETWEEN 8307560 AND 8308559 ORDER BY c
	Unique  (cost=3845.60..3850.51 rows=983 width=121)
	  ->  Sort  (cost=3845.60..3848.05 rows=983 width=121)
	        Sort Key: c
	        ->  Bitmap Heap Scan on sbtest6  (cost=22.51..3796.74 rows=983 width=121)
	              Recheck Cond: ((id >= 8307560) AND (id <= 8308559))
	              ->  Bitmap Index Scan on sbtest6_pkey  (cost=0.00..22.26 rows=983 width=0)
	                    Index Cond: ((id >= 8307560) AND (id <= 8308559))

table 7 : explain SELECT DISTINCT c FROM sbtest7 WHERE id BETWEEN 3350050 AND 3351049 ORDER BY c
	Unique  (cost=4190.59..4195.95 rows=1073 width=121)
	  ->  Sort  (cost=4190.59..4193.27 rows=1073 width=121)
	        Sort Key: c
	        ->  Bitmap Heap Scan on sbtest7  (cost=23.43..4136.58 rows=1073 width=121)
	              Recheck Cond: ((id >= 3350050) AND (id <= 3351049))
	              ->  Bitmap Index Scan on sbtest7_pkey  (cost=0.00..23.16 rows=1073 width=0)
	                    Index Cond: ((id >= 3350050) AND (id <= 3351049))

table 8 : explain SELECT DISTINCT c FROM sbtest8 WHERE id BETWEEN 8573076 AND 8574075 ORDER BY c
	Unique  (cost=4324.19..4329.73 rows=1108 width=121)
	  ->  Sort  (cost=4324.19..4326.96 rows=1108 width=121)
	        Sort Key: c
	        ->  Bitmap Heap Scan on sbtest8  (cost=27.79..4268.16 rows=1108 width=121)
	              Recheck Cond: ((id >= 8573076) AND (id <= 8574075))
	              ->  Bitmap Index Scan on sbtest8_pkey  (cost=0.00..27.51 rows=1108 width=0)
	                    Index Cond: ((id >= 8573076) AND (id <= 8574075))

for: sum_ranges
table 1 : explain SELECT SUM(k) FROM sbtest1 WHERE id BETWEEN 7202945 AND 7203944
	Aggregate  (cost=3678.25..3678.26 rows=1 width=8)
	  ->  Bitmap Heap Scan on sbtest1  (cost=22.18..3675.87 rows=951 width=4)
	        Recheck Cond: ((id >= 7202945) AND (id <= 7203944))
	        ->  Bitmap Index Scan on sbtest1_pkey  (cost=0.00..21.94 rows=951 width=0)
	              Index Cond: ((id >= 7202945) AND (id <= 7203944))

table 2 : explain SELECT SUM(k) FROM sbtest2 WHERE id BETWEEN 9633127 AND 9634126
	Aggregate  (cost=4039.70..4039.71 rows=1 width=8)
	  ->  Bitmap Heap Scan on sbtest2  (cost=23.17..4037.09 rows=1047 width=4)
	        Recheck Cond: ((id >= 9633127) AND (id <= 9634126))
	        ->  Bitmap Index Scan on sbtest2_pkey  (cost=0.00..22.90 rows=1047 width=0)
	              Index Cond: ((id >= 9633127) AND (id <= 9634126))

table 3 : explain SELECT SUM(k) FROM sbtest3 WHERE id BETWEEN 2651894 AND 2652893
	Aggregate  (cost=3892.99..3893.00 rows=1 width=8)
	  ->  Bitmap Heap Scan on sbtest3  (cost=22.77..3890.47 rows=1008 width=4)
	        Recheck Cond: ((id >= 2651894) AND (id <= 2652893))
	        ->  Bitmap Index Scan on sbtest3_pkey  (cost=0.00..22.51 rows=1008 width=0)
	              Index Cond: ((id >= 2651894) AND (id <= 2652893))

table 4 : explain SELECT SUM(k) FROM sbtest4 WHERE id BETWEEN 8057678 AND 8058677
	Aggregate  (cost=3281.05..3281.06 rows=1 width=8)
	  ->  Bitmap Heap Scan on sbtest4  (cost=21.11..3278.93 rows=846 width=4)
	        Recheck Cond: ((id >= 8057678) AND (id <= 8058677))
	        ->  Bitmap Index Scan on sbtest4_pkey  (cost=0.00..20.89 rows=846 width=0)
	              Index Cond: ((id >= 8057678) AND (id <= 8058677))

table 5 : explain SELECT SUM(k) FROM sbtest5 WHERE id BETWEEN 6295450 AND 6296449
	Aggregate  (cost=3668.00..3668.01 rows=1 width=8)
	  ->  Bitmap Heap Scan on sbtest5  (cost=22.15..3665.63 rows=948 width=4)
	        Recheck Cond: ((id >= 6295450) AND (id <= 6296449))
	        ->  Bitmap Index Scan on sbtest5_pkey  (cost=0.00..21.91 rows=948 width=0)
	              Index Cond: ((id >= 6295450) AND (id <= 6296449))

table 6 : explain SELECT SUM(k) FROM sbtest6 WHERE id BETWEEN 4757273 AND 4758272
	Aggregate  (cost=3568.96..3568.97 rows=1 width=8)
	  ->  Bitmap Heap Scan on sbtest6  (cost=21.89..3566.65 rows=922 width=4)
	        Recheck Cond: ((id >= 4757273) AND (id <= 4758272))
	        ->  Bitmap Index Scan on sbtest6_pkey  (cost=0.00..21.65 rows=922 width=0)
	              Index Cond: ((id >= 4757273) AND (id <= 4758272))

table 7 : explain SELECT SUM(k) FROM sbtest7 WHERE id BETWEEN 7884434 AND 7885433
	Aggregate  (cost=4086.60..4086.61 rows=1 width=8)
	  ->  Bitmap Heap Scan on sbtest7  (cost=23.29..4083.95 rows=1059 width=4)
	        Recheck Cond: ((id >= 7884434) AND (id <= 7885433))
	        ->  Bitmap Index Scan on sbtest7_pkey  (cost=0.00..23.02 rows=1059 width=0)
	              Index Cond: ((id >= 7884434) AND (id <= 7885433))

table 8 : explain SELECT SUM(k) FROM sbtest8 WHERE id BETWEEN 9516186 AND 9517185
	Aggregate  (cost=3788.86..3788.87 rows=1 width=8)
	  ->  Bitmap Heap Scan on sbtest8  (cost=22.48..3786.41 rows=980 width=4)
	        Recheck Cond: ((id >= 9516186) AND (id <= 9517185))
	        ->  Bitmap Index Scan on sbtest8_pkey  (cost=0.00..22.23 rows=980 width=0)
	              Index Cond: ((id >= 9516186) AND (id <= 9517185))

for point_selects
table 1 : explain SELECT c FROM sbtest1 WHERE id=2099259
	Index Scan using sbtest1_pkey on sbtest1  (cost=0.43..8.45 rows=1 width=121)
	  Index Cond: (id = 2099259)

table 2 : explain SELECT c FROM sbtest2 WHERE id=3492101
	Index Scan using sbtest2_pkey on sbtest2  (cost=0.43..8.45 rows=1 width=121)
	  Index Cond: (id = 3492101)

table 3 : explain SELECT c FROM sbtest3 WHERE id=4670929
	Index Scan using sbtest3_pkey on sbtest3  (cost=0.43..8.45 rows=1 width=121)
	  Index Cond: (id = 4670929)

table 4 : explain SELECT c FROM sbtest4 WHERE id=9565942
	Index Scan using sbtest4_pkey on sbtest4  (cost=0.43..8.45 rows=1 width=121)
	  Index Cond: (id = 9565942)

table 5 : explain SELECT c FROM sbtest5 WHERE id=5895317
	Index Scan using sbtest5_pkey on sbtest5  (cost=0.43..8.45 rows=1 width=121)
	  Index Cond: (id = 5895317)

table 6 : explain SELECT c FROM sbtest6 WHERE id=9061494
	Index Scan using sbtest6_pkey on sbtest6  (cost=0.43..8.45 rows=1 width=121)
	  Index Cond: (id = 9061494)

table 7 : explain SELECT c FROM sbtest7 WHERE id=1596250
	Index Scan using sbtest7_pkey on sbtest7  (cost=0.43..8.45 rows=1 width=121)
	  Index Cond: (id = 1596250)

table 8 : explain SELECT c FROM sbtest8 WHERE id=9796171
	Index Scan using sbtest8_pkey on sbtest8  (cost=0.43..8.45 rows=1 width=121)
	  Index Cond: (id = 9796171)

for point_selects
table 1 : explain SELECT c FROM sbtest1 WHERE id=5427668
	Index Scan using sbtest1_pkey on sbtest1  (cost=0.43..8.45 rows=1 width=121)
	  Index Cond: (id = 5427668)

table 2 : explain SELECT c FROM sbtest2 WHERE id=4854446
	Index Scan using sbtest2_pkey on sbtest2  (cost=0.43..8.45 rows=1 width=121)
	  Index Cond: (id = 4854446)

table 3 : explain SELECT c FROM sbtest3 WHERE id=433947
	Index Scan using sbtest3_pkey on sbtest3  (cost=0.43..8.45 rows=1 width=121)
	  Index Cond: (id = 433947)

table 4 : explain SELECT c FROM sbtest4 WHERE id=9607721
	Index Scan using sbtest4_pkey on sbtest4  (cost=0.43..8.45 rows=1 width=121)
	  Index Cond: (id = 9607721)

table 5 : explain SELECT c FROM sbtest5 WHERE id=4631818
	Index Scan using sbtest5_pkey on sbtest5  (cost=0.43..8.45 rows=1 width=121)
	  Index Cond: (id = 4631818)

table 6 : explain SELECT c FROM sbtest6 WHERE id=8866277
	Index Scan using sbtest6_pkey on sbtest6  (cost=0.43..8.45 rows=1 width=121)
	  Index Cond: (id = 8866277)

table 7 : explain SELECT c FROM sbtest7 WHERE id=5563725
	Index Scan using sbtest7_pkey on sbtest7  (cost=0.43..8.45 rows=1 width=121)
	  Index Cond: (id = 5563725)

table 8 : explain SELECT c FROM sbtest8 WHERE id=1409245
	Index Scan using sbtest8_pkey on sbtest8  (cost=0.43..8.45 rows=1 width=121)
	  Index Cond: (id = 1409245)

explain: for point_selects :: explain SELECT c FROM sbtest%u WHERE id=%u
explain: for point_selects :: explain SELECT c FROM sbtest%u WHERE id=%u
for: sum_ranges
table 1 : explain SELECT SUM(k) FROM sbtest1 WHERE id BETWEEN 2115627 AND 2116626
	Aggregate  (cost=3976.00..3976.01 rows=1 width=8)
	  ->  Bitmap Heap Scan on sbtest1  (cost=22.99..3973.42 rows=1030 width=4)
	        Recheck Cond: ((id >= 2115627) AND (id <= 2116626))
	        ->  Bitmap Index Scan on sbtest1_pkey  (cost=0.00..22.73 rows=1030 width=0)
	              Index Cond: ((id >= 2115627) AND (id <= 2116626))

table 2 : explain SELECT SUM(k) FROM sbtest2 WHERE id BETWEEN 186802 AND 187801
	Aggregate  (cost=3945.63..3945.64 rows=1 width=8)
	  ->  Bitmap Heap Scan on sbtest2  (cost=22.91..3943.07 rows=1022 width=4)
	        Recheck Cond: ((id >= 186802) AND (id <= 187801))
	        ->  Bitmap Index Scan on sbtest2_pkey  (cost=0.00..22.65 rows=1022 width=0)
	              Index Cond: ((id >= 186802) AND (id <= 187801))

table 3 : explain SELECT SUM(k) FROM sbtest3 WHERE id BETWEEN 529662 AND 530661
	Aggregate  (cost=3655.45..3655.46 rows=1 width=8)
	  ->  Bitmap Heap Scan on sbtest3  (cost=22.12..3653.08 rows=945 width=4)
	        Recheck Cond: ((id >= 529662) AND (id <= 530661))
	        ->  Bitmap Index Scan on sbtest3_pkey  (cost=0.00..21.89 rows=945 width=0)
	              Index Cond: ((id >= 529662) AND (id <= 530661))

table 4 : explain SELECT SUM(k) FROM sbtest4 WHERE id BETWEEN 4917052 AND 4918051
	Aggregate  (cost=3561.01..3561.02 rows=1 width=8)
	  ->  Bitmap Heap Scan on sbtest4  (cost=21.87..3558.71 rows=920 width=4)
	        Recheck Cond: ((id >= 4917052) AND (id <= 4918051))
	        ->  Bitmap Index Scan on sbtest4_pkey  (cost=0.00..21.64 rows=920 width=0)
	              Index Cond: ((id >= 4917052) AND (id <= 4918051))

table 5 : explain SELECT SUM(k) FROM sbtest5 WHERE id BETWEEN 6802316 AND 6803315
	Aggregate  (cost=3668.00..3668.01 rows=1 width=8)
	  ->  Bitmap Heap Scan on sbtest5  (cost=22.15..3665.63 rows=948 width=4)
	        Recheck Cond: ((id >= 6802316) AND (id <= 6803315))
	        ->  Bitmap Index Scan on sbtest5_pkey  (cost=0.00..21.91 rows=948 width=0)
	              Index Cond: ((id >= 6802316) AND (id <= 6803315))

table 6 : explain SELECT SUM(k) FROM sbtest6 WHERE id BETWEEN 860599 AND 861598
	Aggregate  (cost=3629.39..3629.40 rows=1 width=8)
	  ->  Bitmap Heap Scan on sbtest6  (cost=22.05..3627.05 rows=938 width=4)
	        Recheck Cond: ((id >= 860599) AND (id <= 861598))
	        ->  Bitmap Index Scan on sbtest6_pkey  (cost=0.00..21.82 rows=938 width=0)
	              Index Cond: ((id >= 860599) AND (id <= 861598))

table 7 : explain SELECT SUM(k) FROM sbtest7 WHERE id BETWEEN 9876985 AND 9877984
	Aggregate  (cost=3551.06..3551.07 rows=1 width=8)
	  ->  Bitmap Heap Scan on sbtest7  (cost=21.83..3548.76 rows=917 width=4)
	        Recheck Cond: ((id >= 9876985) AND (id <= 9877984))
	        ->  Bitmap Index Scan on sbtest7_pkey  (cost=0.00..21.61 rows=917 width=0)
	              Index Cond: ((id >= 9876985) AND (id <= 9877984))

table 8 : explain SELECT SUM(k) FROM sbtest8 WHERE id BETWEEN 3462595 AND 3463594
	Aggregate  (cost=3928.34..3928.35 rows=1 width=8)
	  ->  Bitmap Heap Scan on sbtest8  (cost=22.86..3925.80 rows=1017 width=4)
	        Recheck Cond: ((id >= 3462595) AND (id <= 3463594))
	        ->  Bitmap Index Scan on sbtest8_pkey  (cost=0.00..22.61 rows=1017 width=0)
	              Index Cond: ((id >= 3462595) AND (id <= 3463594))

explain: for point_selects :: explain SELECT c FROM sbtest%u WHERE id=%u
for: sum_ranges
table 1 : explain SELECT SUM(k) FROM sbtest1 WHERE id BETWEEN 2677460 AND 2678459
	Aggregate  (cost=4039.97..4039.98 rows=1 width=8)
	  ->  Bitmap Heap Scan on sbtest1  (cost=23.17..4037.35 rows=1047 width=4)
	        Recheck Cond: ((id >= 2677460) AND (id <= 2678459))
	        ->  Bitmap Index Scan on sbtest1_pkey  (cost=0.00..22.90 rows=1047 width=0)
	              Index Cond: ((id >= 2677460) AND (id <= 2678459))

table 2 : explain SELECT SUM(k) FROM sbtest2 WHERE id BETWEEN 3671010 AND 3672009
	Aggregate  (cost=3828.87..3828.88 rows=1 width=8)
	  ->  Bitmap Heap Scan on sbtest2  (cost=22.59..3826.39 rows=991 width=4)
	        Recheck Cond: ((id >= 3671010) AND (id <= 3672009))
	        ->  Bitmap Index Scan on sbtest2_pkey  (cost=0.00..22.34 rows=991 width=0)
	              Index Cond: ((id >= 3671010) AND (id <= 3672009))

table 3 : explain SELECT SUM(k) FROM sbtest3 WHERE id BETWEEN 4818185 AND 4819184
	Aggregate  (cost=3806.33..3806.34 rows=1 width=8)
	  ->  Bitmap Heap Scan on sbtest3  (cost=22.53..3803.87 rows=985 width=4)
	        Recheck Cond: ((id >= 4818185) AND (id <= 4819184))
	        ->  Bitmap Index Scan on sbtest3_pkey  (cost=0.00..22.29 rows=985 width=0)
	              Index Cond: ((id >= 4818185) AND (id <= 4819184))

table 4 : explain SELECT SUM(k) FROM sbtest4 WHERE id BETWEEN 5112376 AND 5113375
	Aggregate  (cost=4114.95..4114.96 rows=1 width=8)
	  ->  Bitmap Heap Scan on sbtest4  (cost=23.37..4112.29 rows=1067 width=4)
	        Recheck Cond: ((id >= 5112376) AND (id <= 5113375))
	        ->  Bitmap Index Scan on sbtest4_pkey  (cost=0.00..23.11 rows=1067 width=0)
	              Index Cond: ((id >= 5112376) AND (id <= 5113375))

table 5 : explain SELECT SUM(k) FROM sbtest5 WHERE id BETWEEN 9179758 AND 9180757
	Aggregate  (cost=3482.80..3482.81 rows=1 width=8)
	  ->  Bitmap Heap Scan on sbtest5  (cost=21.65..3480.55 rows=899 width=4)
	        Recheck Cond: ((id >= 9179758) AND (id <= 9180757))
	        ->  Bitmap Index Scan on sbtest5_pkey  (cost=0.00..21.43 rows=899 width=0)
	              Index Cond: ((id >= 9179758) AND (id <= 9180757))

table 6 : explain SELECT SUM(k) FROM sbtest6 WHERE id BETWEEN 739751 AND 740750
	Aggregate  (cost=3531.16..3531.17 rows=1 width=8)
	  ->  Bitmap Heap Scan on sbtest6  (cost=21.78..3528.88 rows=912 width=4)
	        Recheck Cond: ((id >= 739751) AND (id <= 740750))
	        ->  Bitmap Index Scan on sbtest6_pkey  (cost=0.00..21.55 rows=912 width=0)
	              Index Cond: ((id >= 739751) AND (id <= 740750))

table 7 : explain SELECT SUM(k) FROM sbtest7 WHERE id BETWEEN 5708768 AND 5709767
	Aggregate  (cost=4056.50..4056.51 rows=1 width=8)
	  ->  Bitmap Heap Scan on sbtest7  (cost=23.21..4053.87 rows=1051 width=4)
	        Recheck Cond: ((id >= 5708768) AND (id <= 5709767))
	        ->  Bitmap Index Scan on sbtest7_pkey  (cost=0.00..22.94 rows=1051 width=0)
	              Index Cond: ((id >= 5708768) AND (id <= 5709767))

table 8 : explain SELECT SUM(k) FROM sbtest8 WHERE id BETWEEN 6427482 AND 6428481
	Aggregate  (cost=3966.01..3966.02 rows=1 width=8)
	  ->  Bitmap Heap Scan on sbtest8  (cost=22.96..3963.44 rows=1027 width=4)
	        Recheck Cond: ((id >= 6427482) AND (id <= 6428481))
	        ->  Bitmap Index Scan on sbtest8_pkey  (cost=0.00..22.70 rows=1027 width=0)
	              Index Cond: ((id >= 6427482) AND (id <= 6428481))

for: simple_ranges
table 1 : explain SELECT c FROM sbtest1 WHERE id BETWEEN 5604279 AND 5605278
	Bitmap Heap Scan on sbtest1  (cost=22.82..3909.46 rows=1013 width=121)
	  Recheck Cond: ((id >= 5604279) AND (id <= 5605278))
	  ->  Bitmap Index Scan on sbtest1_pkey  (cost=0.00..22.57 rows=1013 width=0)
	        Index Cond: ((id >= 5604279) AND (id <= 5605278))

table 2 : explain SELECT c FROM sbtest2 WHERE id BETWEEN 6214738 AND 6215737
	Bitmap Heap Scan on sbtest2  (cost=23.37..4112.24 rows=1067 width=121)
	  Recheck Cond: ((id >= 6214738) AND (id <= 6215737))
	  ->  Bitmap Index Scan on sbtest2_pkey  (cost=0.00..23.11 rows=1067 width=0)
	        Index Cond: ((id >= 6214738) AND (id <= 6215737))

table 3 : explain SELECT c FROM sbtest3 WHERE id BETWEEN 1299266 AND 1300265
	Bitmap Heap Scan on sbtest3  (cost=23.21..4052.20 rows=1051 width=121)
	  Recheck Cond: ((id >= 1299266) AND (id <= 1300265))
	  ->  Bitmap Index Scan on sbtest3_pkey  (cost=0.00..22.94 rows=1051 width=0)
	        Index Cond: ((id >= 1299266) AND (id <= 1300265))

table 4 : explain SELECT c FROM sbtest4 WHERE id BETWEEN 1093278 AND 1094277
	Bitmap Heap Scan on sbtest4  (cost=22.79..3897.97 rows=1010 width=121)
	  Recheck Cond: ((id >= 1093278) AND (id <= 1094277))
	  ->  Bitmap Index Scan on sbtest4_pkey  (cost=0.00..22.54 rows=1010 width=0)
	        Index Cond: ((id >= 1093278) AND (id <= 1094277))

table 5 : explain SELECT c FROM sbtest5 WHERE id BETWEEN 9203692 AND 9204691
	Bitmap Heap Scan on sbtest5  (cost=21.65..3480.55 rows=899 width=121)
	  Recheck Cond: ((id >= 9203692) AND (id <= 9204691))
	  ->  Bitmap Index Scan on sbtest5_pkey  (cost=0.00..21.43 rows=899 width=0)
	        Index Cond: ((id >= 9203692) AND (id <= 9204691))

table 6 : explain SELECT c FROM sbtest6 WHERE id BETWEEN 8702854 AND 8703853
	Bitmap Heap Scan on sbtest6  (cost=22.91..3943.58 rows=1022 width=121)
	  Recheck Cond: ((id >= 8702854) AND (id <= 8703853))
	  ->  Bitmap Index Scan on sbtest6_pkey  (cost=0.00..22.65 rows=1022 width=0)
	        Index Cond: ((id >= 8702854) AND (id <= 8703853))

table 7 : explain SELECT c FROM sbtest7 WHERE id BETWEEN 7483482 AND 7484481
	Bitmap Heap Scan on sbtest7  (cost=22.92..3948.52 rows=1023 width=121)
	  Recheck Cond: ((id >= 7483482) AND (id <= 7484481))
	  ->  Bitmap Index Scan on sbtest7_pkey  (cost=0.00..22.66 rows=1023 width=0)
	        Index Cond: ((id >= 7483482) AND (id <= 7484481))

table 8 : explain SELECT c FROM sbtest8 WHERE id BETWEEN 6670981 AND 6671980
	Bitmap Heap Scan on sbtest8  (cost=22.49..3790.18 rows=981 width=121)
	  Recheck Cond: ((id >= 6670981) AND (id <= 6671980))
	  ->  Bitmap Index Scan on sbtest8_pkey  (cost=0.00..22.25 rows=981 width=0)
	        Index Cond: ((id >= 6670981) AND (id <= 6671980))

for: simple_ranges
table 1 : explain SELECT c FROM sbtest1 WHERE id BETWEEN 7826103 AND 7827102
	Bitmap Heap Scan on sbtest1  (cost=22.66..3852.99 rows=998 width=121)
	  Recheck Cond: ((id >= 7826103) AND (id <= 7827102))
	  ->  Bitmap Index Scan on sbtest1_pkey  (cost=0.00..22.41 rows=998 width=0)
	        Index Cond: ((id >= 7826103) AND (id <= 7827102))

table 2 : explain SELECT c FROM sbtest2 WHERE id BETWEEN 3249290 AND 3250289
	Bitmap Heap Scan on sbtest2  (cost=22.63..3841.45 rows=995 width=121)
	  Recheck Cond: ((id >= 3249290) AND (id <= 3250289))
	  ->  Bitmap Index Scan on sbtest2_pkey  (cost=0.00..22.39 rows=995 width=0)
	        Index Cond: ((id >= 3249290) AND (id <= 3250289))

table 3 : explain SELECT c FROM sbtest3 WHERE id BETWEEN 8909944 AND 8910943
	Bitmap Heap Scan on sbtest3  (cost=27.97..4330.26 rows=1125 width=121)
	  Recheck Cond: ((id >= 8909944) AND (id <= 8910943))
	  ->  Bitmap Index Scan on sbtest3_pkey  (cost=0.00..27.68 rows=1125 width=0)
	        Index Cond: ((id >= 8909944) AND (id <= 8910943))

table 4 : explain SELECT c FROM sbtest4 WHERE id BETWEEN 4127133 AND 4128132
	Bitmap Heap Scan on sbtest4  (cost=23.16..4033.37 rows=1046 width=121)
	  Recheck Cond: ((id >= 4127133) AND (id <= 4128132))
	  ->  Bitmap Index Scan on sbtest4_pkey  (cost=0.00..22.89 rows=1046 width=0)
	        Index Cond: ((id >= 4127133) AND (id <= 4128132))

table 5 : explain SELECT c FROM sbtest5 WHERE id BETWEEN 6913123 AND 6914122
	Bitmap Heap Scan on sbtest5  (cost=23.04..3993.45 rows=1035 width=121)
	  Recheck Cond: ((id >= 6913123) AND (id <= 6914122))
	  ->  Bitmap Index Scan on sbtest5_pkey  (cost=0.00..22.79 rows=1035 width=0)
	        Index Cond: ((id >= 6913123) AND (id <= 6914122))

table 6 : explain SELECT c FROM sbtest6 WHERE id BETWEEN 8085418 AND 8086417
	Bitmap Heap Scan on sbtest6  (cost=22.62..3838.17 rows=994 width=121)
	  Recheck Cond: ((id >= 8085418) AND (id <= 8086417))
	  ->  Bitmap Index Scan on sbtest6_pkey  (cost=0.00..22.37 rows=994 width=0)
	        Index Cond: ((id >= 8085418) AND (id <= 8086417))

table 7 : explain SELECT c FROM sbtest7 WHERE id BETWEEN 3424807 AND 3425806
	Bitmap Heap Scan on sbtest7  (cost=23.43..4136.58 rows=1073 width=121)
	  Recheck Cond: ((id >= 3424807) AND (id <= 3425806))
	  ->  Bitmap Index Scan on sbtest7_pkey  (cost=0.00..23.16 rows=1073 width=0)
	        Index Cond: ((id >= 3424807) AND (id <= 3425806))

table 8 : explain SELECT c FROM sbtest8 WHERE id BETWEEN 6469677 AND 6470676
	Bitmap Heap Scan on sbtest8  (cost=22.96..3963.44 rows=1027 width=121)
	  Recheck Cond: ((id >= 6469677) AND (id <= 6470676))
	  ->  Bitmap Index Scan on sbtest8_pkey  (cost=0.00..22.70 rows=1027 width=0)
	        Index Cond: ((id >= 6469677) AND (id <= 6470676))

explain: for point_selects :: explain SELECT c FROM sbtest%u WHERE id=%u
for: order_ranges
table 1 : explain SELECT c FROM sbtest1 WHERE id BETWEEN 7627007 AND 7628006 ORDER BY c
	Sort  (cost=3772.67..3775.08 rows=964 width=121)
	  Sort Key: c
	  ->  Bitmap Heap Scan on sbtest1  (cost=22.32..3724.89 rows=964 width=121)
	        Recheck Cond: ((id >= 7627007) AND (id <= 7628006))
	        ->  Bitmap Index Scan on sbtest1_pkey  (cost=0.00..22.07 rows=964 width=0)
	              Index Cond: ((id >= 7627007) AND (id <= 7628006))

table 2 : explain SELECT c FROM sbtest2 WHERE id BETWEEN 9766299 AND 9767298 ORDER BY c
	Sort  (cost=3757.13..3759.53 rows=960 width=121)
	  Sort Key: c
	  ->  Bitmap Heap Scan on sbtest2  (cost=22.27..3709.58 rows=960 width=121)
	        Recheck Cond: ((id >= 9766299) AND (id <= 9767298))
	        ->  Bitmap Index Scan on sbtest2_pkey  (cost=0.00..22.04 rows=960 width=0)
	              Index Cond: ((id >= 9766299) AND (id <= 9767298))

table 3 : explain SELECT c FROM sbtest3 WHERE id BETWEEN 7629367 AND 7630366 ORDER BY c
	Sort  (cost=3650.00..3652.33 rows=932 width=121)
	  Sort Key: c
	  ->  Bitmap Heap Scan on sbtest3  (cost=21.99..3604.03 rows=932 width=121)
	        Recheck Cond: ((id >= 7629367) AND (id <= 7630366))
	        ->  Bitmap Index Scan on sbtest3_pkey  (cost=0.00..21.75 rows=932 width=0)
	              Index Cond: ((id >= 7629367) AND (id <= 7630366))

table 4 : explain SELECT c FROM sbtest4 WHERE id BETWEEN 4231211 AND 4232210 ORDER BY c
	Sort  (cost=4219.34..4222.04 rows=1081 width=121)
	  Sort Key: c
	  ->  Bitmap Heap Scan on sbtest4  (cost=23.52..4164.86 rows=1081 width=121)
	        Recheck Cond: ((id >= 4231211) AND (id <= 4232210))
	        ->  Bitmap Index Scan on sbtest4_pkey  (cost=0.00..23.25 rows=1081 width=0)
	              Index Cond: ((id >= 4231211) AND (id <= 4232210))

table 5 : explain SELECT c FROM sbtest5 WHERE id BETWEEN 8438280 AND 8439279 ORDER BY c
	Sort  (cost=3563.01..3565.29 rows=909 width=121)
	  Sort Key: c
	  ->  Bitmap Heap Scan on sbtest5  (cost=21.75..3518.35 rows=909 width=121)
	        Recheck Cond: ((id >= 8438280) AND (id <= 8439279))
	        ->  Bitmap Index Scan on sbtest5_pkey  (cost=0.00..21.52 rows=909 width=0)
	              Index Cond: ((id >= 8438280) AND (id <= 8439279))

table 6 : explain SELECT c FROM sbtest6 WHERE id BETWEEN 1566418 AND 1567417 ORDER BY c
	Sort  (cost=3761.42..3763.82 rows=961 width=121)
	  Sort Key: c
	  ->  Bitmap Heap Scan on sbtest6  (cost=22.29..3713.81 rows=961 width=121)
	        Recheck Cond: ((id >= 1566418) AND (id <= 1567417))
	        ->  Bitmap Index Scan on sbtest6_pkey  (cost=0.00..22.04 rows=961 width=0)
	              Index Cond: ((id >= 1566418) AND (id <= 1567417))

table 7 : explain SELECT c FROM sbtest7 WHERE id BETWEEN 3101697 AND 3102696 ORDER BY c
	Sort  (cost=4129.52..4132.17 rows=1057 width=121)
	  Sort Key: c
	  ->  Bitmap Heap Scan on sbtest7  (cost=23.27..4076.43 rows=1057 width=121)
	        Recheck Cond: ((id >= 3101697) AND (id <= 3102696))
	        ->  Bitmap Index Scan on sbtest7_pkey  (cost=0.00..23.00 rows=1057 width=0)
	              Index Cond: ((id >= 3101697) AND (id <= 3102696))

table 8 : explain SELECT c FROM sbtest8 WHERE id BETWEEN 3495051 AND 3496050 ORDER BY c
	Sort  (cost=3789.17..3791.59 rows=968 width=121)
	  Sort Key: c
	  ->  Bitmap Heap Scan on sbtest8  (cost=22.36..3741.16 rows=968 width=121)
	        Recheck Cond: ((id >= 3495051) AND (id <= 3496050))
	        ->  Bitmap Index Scan on sbtest8_pkey  (cost=0.00..22.11 rows=968 width=0)
	              Index Cond: ((id >= 3495051) AND (id <= 3496050))

for: order_ranges
table 1 : explain SELECT c FROM sbtest1 WHERE id BETWEEN 9443925 AND 9444924 ORDER BY c
	Sort  (cost=3535.17..3537.42 rows=902 width=121)
	  Sort Key: c
	  ->  Bitmap Heap Scan on sbtest1  (cost=21.68..3490.90 rows=902 width=121)
	        Recheck Cond: ((id >= 9443925) AND (id <= 9444924))
	        ->  Bitmap Index Scan on sbtest1_pkey  (cost=0.00..21.45 rows=902 width=0)
	              Index Cond: ((id >= 9443925) AND (id <= 9444924))

table 2 : explain SELECT c FROM sbtest2 WHERE id BETWEEN 3086166 AND 3087165 ORDER BY c
	Sort  (cost=3833.64..3836.09 rows=980 width=121)
	  Sort Key: c
	  ->  Bitmap Heap Scan on sbtest2  (cost=22.48..3784.96 rows=980 width=121)
	        Recheck Cond: ((id >= 3086166) AND (id <= 3087165))
	        ->  Bitmap Index Scan on sbtest2_pkey  (cost=0.00..22.23 rows=980 width=0)
	              Index Cond: ((id >= 3086166) AND (id <= 3087165))

table 3 : explain SELECT c FROM sbtest3 WHERE id BETWEEN 9454414 AND 9455413 ORDER BY c
	Sort  (cost=4070.60..4073.21 rows=1042 width=121)
	  Sort Key: c
	  ->  Bitmap Heap Scan on sbtest3  (cost=23.12..4018.37 rows=1042 width=121)
	        Recheck Cond: ((id >= 9454414) AND (id <= 9455413))
	        ->  Bitmap Index Scan on sbtest3_pkey  (cost=0.00..22.86 rows=1042 width=0)
	              Index Cond: ((id >= 9454414) AND (id <= 9455413))

table 4 : explain SELECT c FROM sbtest4 WHERE id BETWEEN 5572492 AND 5573491 ORDER BY c
	Sort  (cost=3646.14..3648.47 rows=931 width=121)
	  Sort Key: c
	  ->  Bitmap Heap Scan on sbtest4  (cost=21.98..3600.23 rows=931 width=121)
	        Recheck Cond: ((id >= 5572492) AND (id <= 5573491))
	        ->  Bitmap Index Scan on sbtest4_pkey  (cost=0.00..21.75 rows=931 width=0)
	              Index Cond: ((id >= 5572492) AND (id <= 5573491))

table 5 : explain SELECT c FROM sbtest5 WHERE id BETWEEN 9881201 AND 9882200 ORDER BY c
	Sort  (cost=3639.70..3642.02 rows=929 width=121)
	  Sort Key: c
	  ->  Bitmap Heap Scan on sbtest5  (cost=21.96..3593.90 rows=929 width=121)
	        Recheck Cond: ((id >= 9881201) AND (id <= 9882200))
	        ->  Bitmap Index Scan on sbtest5_pkey  (cost=0.00..21.72 rows=929 width=0)
	              Index Cond: ((id >= 9881201) AND (id <= 9882200))

table 6 : explain SELECT c FROM sbtest6 WHERE id BETWEEN 6493718 AND 6494717 ORDER BY c
	Sort  (cost=3834.12..3836.57 rows=980 width=121)
	  Sort Key: c
	  ->  Bitmap Heap Scan on sbtest6  (cost=22.48..3785.43 rows=980 width=121)
	        Recheck Cond: ((id >= 6493718) AND (id <= 6494717))
	        ->  Bitmap Index Scan on sbtest6_pkey  (cost=0.00..22.23 rows=980 width=0)
	              Index Cond: ((id >= 6493718) AND (id <= 6494717))

table 7 : explain SELECT c FROM sbtest7 WHERE id BETWEEN 8156736 AND 8157735 ORDER BY c
	Sort  (cost=3911.73..3914.23 rows=1000 width=121)
	  Sort Key: c
	  ->  Bitmap Heap Scan on sbtest7  (cost=22.68..3861.90 rows=1000 width=121)
	        Recheck Cond: ((id >= 8156736) AND (id <= 8157735))
	        ->  Bitmap Index Scan on sbtest7_pkey  (cost=0.00..22.43 rows=1000 width=0)
	              Index Cond: ((id >= 8156736) AND (id <= 8157735))

table 8 : explain SELECT c FROM sbtest8 WHERE id BETWEEN 9688199 AND 9689198 ORDER BY c
	Sort  (cost=3873.36..3875.84 rows=990 width=121)
	  Sort Key: c
	  ->  Bitmap Heap Scan on sbtest8  (cost=22.58..3824.10 rows=990 width=121)
	        Recheck Cond: ((id >= 9688199) AND (id <= 9689198))
	        ->  Bitmap Index Scan on sbtest8_pkey  (cost=0.00..22.33 rows=990 width=0)
	              Index Cond: ((id >= 9688199) AND (id <= 9689198))

for point_selects
table 1 : explain SELECT c FROM sbtest1 WHERE id=7650609
	Index Scan using sbtest1_pkey on sbtest1  (cost=0.43..8.45 rows=1 width=121)
	  Index Cond: (id = 7650609)

table 2 : explain SELECT c FROM sbtest2 WHERE id=1660518
	Index Scan using sbtest2_pkey on sbtest2  (cost=0.43..8.45 rows=1 width=121)
	  Index Cond: (id = 1660518)

table 3 : explain SELECT c FROM sbtest3 WHERE id=6002803
	Index Scan using sbtest3_pkey on sbtest3  (cost=0.43..8.45 rows=1 width=121)
	  Index Cond: (id = 6002803)

table 4 : explain SELECT c FROM sbtest4 WHERE id=6976120
	Index Scan using sbtest4_pkey on sbtest4  (cost=0.43..8.45 rows=1 width=121)
	  Index Cond: (id = 6976120)

table 5 : explain SELECT c FROM sbtest5 WHERE id=1546988
	Index Scan using sbtest5_pkey on sbtest5  (cost=0.43..8.45 rows=1 width=121)
	  Index Cond: (id = 1546988)

table 6 : explain SELECT c FROM sbtest6 WHERE id=3928004
	Index Scan using sbtest6_pkey on sbtest6  (cost=0.43..8.45 rows=1 width=121)
	  Index Cond: (id = 3928004)

table 7 : explain SELECT c FROM sbtest7 WHERE id=8623586
	Index Scan using sbtest7_pkey on sbtest7  (cost=0.43..8.45 rows=1 width=121)
	  Index Cond: (id = 8623586)

table 8 : explain SELECT c FROM sbtest8 WHERE id=3909556
	Index Scan using sbtest8_pkey on sbtest8  (cost=0.43..8.45 rows=1 width=121)
	  Index Cond: (id = 3909556)

for: order_ranges
table 1 : explain SELECT c FROM sbtest1 WHERE id BETWEEN 2513758 AND 2514757 ORDER BY c
	Sort  (cost=3910.35..3912.85 rows=1000 width=121)
	  Sort Key: c
	  ->  Bitmap Heap Scan on sbtest1  (cost=22.68..3860.53 rows=1000 width=121)
	        Recheck Cond: ((id >= 2513758) AND (id <= 2514757))
	        ->  Bitmap Index Scan on sbtest1_pkey  (cost=0.00..22.43 rows=1000 width=0)
	              Index Cond: ((id >= 2513758) AND (id <= 2514757))

table 2 : explain SELECT c FROM sbtest2 WHERE id BETWEEN 8601524 AND 8602523 ORDER BY c
	Sort  (cost=4379.57..4382.37 rows=1123 width=121)
	  Sort Key: c
	  ->  Bitmap Heap Scan on sbtest2  (cost=27.95..4322.67 rows=1123 width=121)
	        Recheck Cond: ((id >= 8601524) AND (id <= 8602523))
	        ->  Bitmap Index Scan on sbtest2_pkey  (cost=0.00..27.66 rows=1123 width=0)
	              Index Cond: ((id >= 8601524) AND (id <= 8602523))

table 3 : explain SELECT c FROM sbtest3 WHERE id BETWEEN 441957 AND 442956 ORDER BY c
	Sort  (cost=3672.98..3675.32 rows=938 width=121)
	  Sort Key: c
	  ->  Bitmap Heap Scan on sbtest3  (cost=22.05..3626.67 rows=938 width=121)
	        Recheck Cond: ((id >= 441957) AND (id <= 442956))
	        ->  Bitmap Index Scan on sbtest3_pkey  (cost=0.00..21.82 rows=938 width=0)
	              Index Cond: ((id >= 441957) AND (id <= 442956))

table 4 : explain SELECT c FROM sbtest4 WHERE id BETWEEN 4553833 AND 4554832 ORDER BY c
	Sort  (cost=4292.02..4294.77 rows=1100 width=121)
	  Sort Key: c
	  ->  Bitmap Heap Scan on sbtest4  (cost=27.71..4236.45 rows=1100 width=121)
	        Recheck Cond: ((id >= 4553833) AND (id <= 4554832))
	        ->  Bitmap Index Scan on sbtest4_pkey  (cost=0.00..27.43 rows=1100 width=0)
	              Index Cond: ((id >= 4553833) AND (id <= 4554832))

table 5 : explain SELECT c FROM sbtest5 WHERE id BETWEEN 7132650 AND 7133649 ORDER BY c
	Sort  (cost=4461.21..4464.07 rows=1144 width=121)
	  Sort Key: c
	  ->  Bitmap Heap Scan on sbtest5  (cost=28.16..4403.10 rows=1144 width=121)
	        Recheck Cond: ((id >= 7132650) AND (id <= 7133649))
	        ->  Bitmap Index Scan on sbtest5_pkey  (cost=0.00..27.87 rows=1144 width=0)
	              Index Cond: ((id >= 7132650) AND (id <= 7133649))

table 6 : explain SELECT c FROM sbtest6 WHERE id BETWEEN 3741481 AND 3742480 ORDER BY c
	Sort  (cost=4071.04..4073.65 rows=1042 width=121)
	  Sort Key: c
	  ->  Bitmap Heap Scan on sbtest6  (cost=23.12..4018.81 rows=1042 width=121)
	        Recheck Cond: ((id >= 3741481) AND (id <= 3742480))
	        ->  Bitmap Index Scan on sbtest6_pkey  (cost=0.00..22.86 rows=1042 width=0)
	              Index Cond: ((id >= 3741481) AND (id <= 3742480))

table 7 : explain SELECT c FROM sbtest7 WHERE id BETWEEN 4296062 AND 4297061 ORDER BY c
	Sort  (cost=3494.14..3496.37 rows=891 width=121)
	  Sort Key: c
	  ->  Bitmap Heap Scan on sbtest7  (cost=21.57..3450.48 rows=891 width=121)
	        Recheck Cond: ((id >= 4296062) AND (id <= 4297061))
	        ->  Bitmap Index Scan on sbtest7_pkey  (cost=0.00..21.34 rows=891 width=0)
	              Index Cond: ((id >= 4296062) AND (id <= 4297061))

table 8 : explain SELECT c FROM sbtest8 WHERE id BETWEEN 4266372 AND 4267371 ORDER BY c
	Sort  (cost=3708.75..3711.12 rows=947 width=121)
	  Sort Key: c
	  ->  Bitmap Heap Scan on sbtest8  (cost=22.14..3661.94 rows=947 width=121)
	        Recheck Cond: ((id >= 4266372) AND (id <= 4267371))
	        ->  Bitmap Index Scan on sbtest8_pkey  (cost=0.00..21.90 rows=947 width=0)
	              Index Cond: ((id >= 4266372) AND (id <= 4267371))

for: sum_ranges
table 1 : explain SELECT SUM(k) FROM sbtest1 WHERE id BETWEEN 9474104 AND 9475103
	Aggregate  (cost=3493.15..3493.16 rows=1 width=8)
	  ->  Bitmap Heap Scan on sbtest1  (cost=21.68..3490.90 rows=902 width=4)
	        Recheck Cond: ((id >= 9474104) AND (id <= 9475103))
	        ->  Bitmap Index Scan on sbtest1_pkey  (cost=0.00..21.45 rows=902 width=0)
	              Index Cond: ((id >= 9474104) AND (id <= 9475103))

table 2 : explain SELECT SUM(k) FROM sbtest2 WHERE id BETWEEN 9760611 AND 9761610
	Aggregate  (cost=3711.98..3711.99 rows=1 width=8)
	  ->  Bitmap Heap Scan on sbtest2  (cost=22.27..3709.58 rows=960 width=4)
	        Recheck Cond: ((id >= 9760611) AND (id <= 9761610))
	        ->  Bitmap Index Scan on sbtest2_pkey  (cost=0.00..22.04 rows=960 width=0)
	              Index Cond: ((id >= 9760611) AND (id <= 9761610))

table 3 : explain SELECT SUM(k) FROM sbtest3 WHERE id BETWEEN 3270294 AND 3271293
	Aggregate  (cost=4024.74..4024.75 rows=1 width=8)
	  ->  Bitmap Heap Scan on sbtest3  (cost=23.13..4022.13 rows=1043 width=4)
	        Recheck Cond: ((id >= 3270294) AND (id <= 3271293))
	        ->  Bitmap Index Scan on sbtest3_pkey  (cost=0.00..22.86 rows=1043 width=0)
	              Index Cond: ((id >= 3270294) AND (id <= 3271293))

table 4 : explain SELECT SUM(k) FROM sbtest4 WHERE id BETWEEN 8408344 AND 8409343
	Aggregate  (cost=3832.68..3832.69 rows=1 width=8)
	  ->  Bitmap Heap Scan on sbtest4  (cost=22.60..3830.20 rows=992 width=4)
	        Recheck Cond: ((id >= 8408344) AND (id <= 8409343))
	        ->  Bitmap Index Scan on sbtest4_pkey  (cost=0.00..22.36 rows=992 width=0)
	              Index Cond: ((id >= 8408344) AND (id <= 8409343))

table 5 : explain SELECT SUM(k) FROM sbtest5 WHERE id BETWEEN 7359881 AND 7360880
	Aggregate  (cost=3482.80..3482.81 rows=1 width=8)
	  ->  Bitmap Heap Scan on sbtest5  (cost=21.65..3480.55 rows=899 width=4)
	        Recheck Cond: ((id >= 7359881) AND (id <= 7360880))
	        ->  Bitmap Index Scan on sbtest5_pkey  (cost=0.00..21.43 rows=899 width=0)
	              Index Cond: ((id >= 7359881) AND (id <= 7360880))

table 6 : explain SELECT SUM(k) FROM sbtest6 WHERE id BETWEEN 7513251 AND 7514250
	Aggregate  (cost=3931.08..3931.09 rows=1 width=8)
	  ->  Bitmap Heap Scan on sbtest6  (cost=22.87..3928.53 rows=1018 width=4)
	        Recheck Cond: ((id >= 7513251) AND (id <= 7514250))
	        ->  Bitmap Index Scan on sbtest6_pkey  (cost=0.00..22.61 rows=1018 width=0)
	              Index Cond: ((id >= 7513251) AND (id <= 7514250))

table 7 : explain SELECT SUM(k) FROM sbtest7 WHERE id BETWEEN 9922769 AND 9923768
	Aggregate  (cost=3841.78..3841.79 rows=1 width=8)
	  ->  Bitmap Heap Scan on sbtest7  (cost=22.62..3839.30 rows=994 width=4)
	        Recheck Cond: ((id >= 9922769) AND (id <= 9923768))
	        ->  Bitmap Index Scan on sbtest7_pkey  (cost=0.00..22.37 rows=994 width=0)
	              Index Cond: ((id >= 9922769) AND (id <= 9923768))

table 8 : explain SELECT SUM(k) FROM sbtest8 WHERE id BETWEEN 6625769 AND 6626768
	Aggregate  (cost=3792.63..3792.64 rows=1 width=8)
	  ->  Bitmap Heap Scan on sbtest8  (cost=22.49..3790.18 rows=981 width=4)
	        Recheck Cond: ((id >= 6625769) AND (id <= 6626768))
	        ->  Bitmap Index Scan on sbtest8_pkey  (cost=0.00..22.25 rows=981 width=0)
	              Index Cond: ((id >= 6625769) AND (id <= 6626768))

for: sum_ranges
table 1 : explain SELECT SUM(k) FROM sbtest1 WHERE id BETWEEN 3579905 AND 3580904
	Aggregate  (cost=3606.51..3606.52 rows=1 width=8)
	  ->  Bitmap Heap Scan on sbtest1  (cost=21.99..3604.18 rows=932 width=4)
	        Recheck Cond: ((id >= 3579905) AND (id <= 3580904))
	        ->  Bitmap Index Scan on sbtest1_pkey  (cost=0.00..21.75 rows=932 width=0)
	              Index Cond: ((id >= 3579905) AND (id <= 3580904))

table 2 : explain SELECT SUM(k) FROM sbtest2 WHERE id BETWEEN 2732954 AND 2733953
	Aggregate  (cost=4039.70..4039.71 rows=1 width=8)
	  ->  Bitmap Heap Scan on sbtest2  (cost=23.17..4037.09 rows=1047 width=4)
	        Recheck Cond: ((id >= 2732954) AND (id <= 2733953))
	        ->  Bitmap Index Scan on sbtest2_pkey  (cost=0.00..22.90 rows=1047 width=0)
	              Index Cond: ((id >= 2732954) AND (id <= 2733953))

table 3 : explain SELECT SUM(k) FROM sbtest3 WHERE id BETWEEN 4731364 AND 4732363
	Aggregate  (cost=3583.70..3583.71 rows=1 width=8)
	  ->  Bitmap Heap Scan on sbtest3  (cost=21.93..3581.39 rows=926 width=4)
	        Recheck Cond: ((id >= 4731364) AND (id <= 4732363))
	        ->  Bitmap Index Scan on sbtest3_pkey  (cost=0.00..21.69 rows=926 width=0)
	              Index Cond: ((id >= 4731364) AND (id <= 4732363))

table 4 : explain SELECT SUM(k) FROM sbtest4 WHERE id BETWEEN 7137210 AND 7138209
	Aggregate  (cost=3836.45..3836.46 rows=1 width=8)
	  ->  Bitmap Heap Scan on sbtest4  (cost=22.61..3833.97 rows=993 width=4)
	        Recheck Cond: ((id >= 7137210) AND (id <= 7138209))
	        ->  Bitmap Index Scan on sbtest4_pkey  (cost=0.00..22.36 rows=993 width=0)
	              Index Cond: ((id >= 7137210) AND (id <= 7138209))

table 5 : explain SELECT SUM(k) FROM sbtest5 WHERE id BETWEEN 4407152 AND 4408151
	Aggregate  (cost=3690.65..3690.66 rows=1 width=8)
	  ->  Bitmap Heap Scan on sbtest5  (cost=22.21..3688.27 rows=954 width=4)
	        Recheck Cond: ((id >= 4407152) AND (id <= 4408151))
	        ->  Bitmap Index Scan on sbtest5_pkey  (cost=0.00..21.97 rows=954 width=0)
	              Index Cond: ((id >= 4407152) AND (id <= 4408151))

table 6 : explain SELECT SUM(k) FROM sbtest6 WHERE id BETWEEN 822349 AND 823348
	Aggregate  (cost=3629.39..3629.40 rows=1 width=8)
	  ->  Bitmap Heap Scan on sbtest6  (cost=22.05..3627.05 rows=938 width=4)
	        Recheck Cond: ((id >= 822349) AND (id <= 823348))
	        ->  Bitmap Index Scan on sbtest6_pkey  (cost=0.00..21.82 rows=938 width=0)
	              Index Cond: ((id >= 822349) AND (id <= 823348))

table 7 : explain SELECT SUM(k) FROM sbtest7 WHERE id BETWEEN 5261952 AND 5262951
	Aggregate  (cost=3853.09..3853.10 rows=1 width=8)
	  ->  Bitmap Heap Scan on sbtest7  (cost=22.65..3850.60 rows=997 width=4)
	        Recheck Cond: ((id >= 5261952) AND (id <= 5262951))
	        ->  Bitmap Index Scan on sbtest7_pkey  (cost=0.00..22.40 rows=997 width=0)
	              Index Cond: ((id >= 5261952) AND (id <= 5262951))

table 8 : explain SELECT SUM(k) FROM sbtest8 WHERE id BETWEEN 4726046 AND 4727045
	Aggregate  (cost=3683.19..3683.20 rows=1 width=8)
	  ->  Bitmap Heap Scan on sbtest8  (cost=22.19..3680.81 rows=952 width=4)
	        Recheck Cond: ((id >= 4726046) AND (id <= 4727045))
	        ->  Bitmap Index Scan on sbtest8_pkey  (cost=0.00..21.95 rows=952 width=0)
	              Index Cond: ((id >= 4726046) AND (id <= 4727045))

for point_selects
table 1 : explain SELECT c FROM sbtest1 WHERE id=7366909
	Index Scan using sbtest1_pkey on sbtest1  (cost=0.43..8.45 rows=1 width=121)
	  Index Cond: (id = 7366909)

table 2 : explain SELECT c FROM sbtest2 WHERE id=1040616
	Index Scan using sbtest2_pkey on sbtest2  (cost=0.43..8.45 rows=1 width=121)
	  Index Cond: (id = 1040616)

table 3 : explain SELECT c FROM sbtest3 WHERE id=3084627
	Index Scan using sbtest3_pkey on sbtest3  (cost=0.43..8.45 rows=1 width=121)
	  Index Cond: (id = 3084627)

table 4 : explain SELECT c FROM sbtest4 WHERE id=8418225
	Index Scan using sbtest4_pkey on sbtest4  (cost=0.43..8.45 rows=1 width=121)
	  Index Cond: (id = 8418225)

table 5 : explain SELECT c FROM sbtest5 WHERE id=2023202
	Index Scan using sbtest5_pkey on sbtest5  (cost=0.43..8.45 rows=1 width=121)
	  Index Cond: (id = 2023202)

table 6 : explain SELECT c FROM sbtest6 WHERE id=6025098
	Index Scan using sbtest6_pkey on sbtest6  (cost=0.43..8.45 rows=1 width=121)
	  Index Cond: (id = 6025098)

table 7 : explain SELECT c FROM sbtest7 WHERE id=805896
	Index Scan using sbtest7_pkey on sbtest7  (cost=0.43..8.45 rows=1 width=121)
	  Index Cond: (id = 805896)

table 8 : explain SELECT c FROM sbtest8 WHERE id=6862967
	Index Scan using sbtest8_pkey on sbtest8  (cost=0.43..8.45 rows=1 width=121)
	  Index Cond: (id = 6862967)

for point_selects
table 1 : explain SELECT c FROM sbtest1 WHERE id=7155452
	Index Scan using sbtest1_pkey on sbtest1  (cost=0.43..8.45 rows=1 width=121)
	  Index Cond: (id = 7155452)

table 2 : explain SELECT c FROM sbtest2 WHERE id=7292679
	Index Scan using sbtest2_pkey on sbtest2  (cost=0.43..8.45 rows=1 width=121)
	  Index Cond: (id = 7292679)

table 3 : explain SELECT c FROM sbtest3 WHERE id=320797
	Index Scan using sbtest3_pkey on sbtest3  (cost=0.43..8.45 rows=1 width=121)
	  Index Cond: (id = 320797)

table 4 : explain SELECT c FROM sbtest4 WHERE id=986974
	Index Scan using sbtest4_pkey on sbtest4  (cost=0.43..8.45 rows=1 width=121)
	  Index Cond: (id = 986974)

table 5 : explain SELECT c FROM sbtest5 WHERE id=4114162
	Index Scan using sbtest5_pkey on sbtest5  (cost=0.43..8.45 rows=1 width=121)
	  Index Cond: (id = 4114162)

table 6 : explain SELECT c FROM sbtest6 WHERE id=5332293
	Index Scan using sbtest6_pkey on sbtest6  (cost=0.43..8.45 rows=1 width=121)
	  Index Cond: (id = 5332293)

table 7 : explain SELECT c FROM sbtest7 WHERE id=2613442
	Index Scan using sbtest7_pkey on sbtest7  (cost=0.43..8.45 rows=1 width=121)
	  Index Cond: (id = 2613442)

table 8 : explain SELECT c FROM sbtest8 WHERE id=3217464
	Index Scan using sbtest8_pkey on sbtest8  (cost=0.43..8.45 rows=1 width=121)
	  Index Cond: (id = 3217464)

for: distinct_ranges
table 1 : explain SELECT DISTINCT c FROM sbtest1 WHERE id BETWEEN 3715211 AND 3716210 ORDER BY c
	Unique  (cost=4257.68..4263.14 rows=1091 width=121)
	  ->  Sort  (cost=4257.68..4260.41 rows=1091 width=121)
	        Sort Key: c
	        ->  Bitmap Heap Scan on sbtest1  (cost=23.62..4202.63 rows=1091 width=121)
	              Recheck Cond: ((id >= 3715211) AND (id <= 3716210))
	              ->  Bitmap Index Scan on sbtest1_pkey  (cost=0.00..23.34 rows=1091 width=0)
	                    Index Cond: ((id >= 3715211) AND (id <= 3716210))

table 2 : explain SELECT DISTINCT c FROM sbtest2 WHERE id BETWEEN 9153320 AND 9154319 ORDER BY c
	Unique  (cost=3580.96..3585.53 rows=914 width=121)
	  ->  Sort  (cost=3580.96..3583.25 rows=914 width=121)
	        Sort Key: c
	        ->  Bitmap Heap Scan on sbtest2  (cost=21.80..3536.01 rows=914 width=121)
	              Recheck Cond: ((id >= 9153320) AND (id <= 9154319))
	              ->  Bitmap Index Scan on sbtest2_pkey  (cost=0.00..21.57 rows=914 width=0)
	                    Index Cond: ((id >= 9153320) AND (id <= 9154319))

table 3 : explain SELECT DISTINCT c FROM sbtest3 WHERE id BETWEEN 9277299 AND 9278298 ORDER BY c
	Unique  (cost=3956.04..3961.10 rows=1012 width=121)
	  ->  Sort  (cost=3956.04..3958.57 rows=1012 width=121)
	        Sort Key: c
	        ->  Bitmap Heap Scan on sbtest3  (cost=22.81..3905.53 rows=1012 width=121)
	              Recheck Cond: ((id >= 9277299) AND (id <= 9278298))
	              ->  Bitmap Index Scan on sbtest3_pkey  (cost=0.00..22.55 rows=1012 width=0)
	                    Index Cond: ((id >= 9277299) AND (id <= 9278298))

table 4 : explain SELECT DISTINCT c FROM sbtest4 WHERE id BETWEEN 6278632 AND 6279631 ORDER BY c
	Unique  (cost=3761.00..3765.81 rows=961 width=121)
	  ->  Sort  (cost=3761.00..3763.40 rows=961 width=121)
	        Sort Key: c
	        ->  Bitmap Heap Scan on sbtest4  (cost=22.29..3713.39 rows=961 width=121)
	              Recheck Cond: ((id >= 6278632) AND (id <= 6279631))
	              ->  Bitmap Index Scan on sbtest4_pkey  (cost=0.00..22.04 rows=961 width=0)
	                    Index Cond: ((id >= 6278632) AND (id <= 6279631))

table 5 : explain SELECT DISTINCT c FROM sbtest5 WHERE id BETWEEN 5297579 AND 5298578 ORDER BY c
	Unique  (cost=3582.19..3586.76 rows=914 width=121)
	  ->  Sort  (cost=3582.19..3584.47 rows=914 width=121)
	        Sort Key: c
	        ->  Bitmap Heap Scan on sbtest5  (cost=21.80..3537.24 rows=914 width=121)
	              Recheck Cond: ((id >= 5297579) AND (id <= 5298578))
	              ->  Bitmap Index Scan on sbtest5_pkey  (cost=0.00..21.57 rows=914 width=0)
	                    Index Cond: ((id >= 5297579) AND (id <= 5298578))

table 6 : explain SELECT DISTINCT c FROM sbtest6 WHERE id BETWEEN 6260479 AND 6261478 ORDER BY c
	Unique  (cost=3807.34..3812.21 rows=973 width=121)
	  ->  Sort  (cost=3807.34..3809.77 rows=973 width=121)
	        Sort Key: c
	        ->  Bitmap Heap Scan on sbtest6  (cost=22.41..3759.05 rows=973 width=121)
	              Recheck Cond: ((id >= 6260479) AND (id <= 6261478))
	              ->  Bitmap Index Scan on sbtest6_pkey  (cost=0.00..22.16 rows=973 width=0)
	                    Index Cond: ((id >= 6260479) AND (id <= 6261478))

table 7 : explain SELECT DISTINCT c FROM sbtest7 WHERE id BETWEEN 3944085 AND 3945084 ORDER BY c
	Unique  (cost=3513.33..3517.81 rows=896 width=121)
	  ->  Sort  (cost=3513.33..3515.57 rows=896 width=121)
	        Sort Key: c
	        ->  Bitmap Heap Scan on sbtest7  (cost=21.62..3469.39 rows=896 width=121)
	              Recheck Cond: ((id >= 3944085) AND (id <= 3945084))
	              ->  Bitmap Index Scan on sbtest7_pkey  (cost=0.00..21.39 rows=896 width=0)
	                    Index Cond: ((id >= 3944085) AND (id <= 3945084))

table 8 : explain SELECT DISTINCT c FROM sbtest8 WHERE id BETWEEN 2298293 AND 2299292 ORDER BY c
	Unique  (cost=3942.20..3947.24 rows=1008 width=121)
	  ->  Sort  (cost=3942.20..3944.72 rows=1008 width=121)
	        Sort Key: c
	        ->  Bitmap Heap Scan on sbtest8  (cost=22.77..3891.91 rows=1008 width=121)
	              Recheck Cond: ((id >= 2298293) AND (id <= 2299292))
	              ->  Bitmap Index Scan on sbtest8_pkey  (cost=0.00..22.51 rows=1008 width=0)
	                    Index Cond: ((id >= 2298293) AND (id <= 2299292))

for: distinct_ranges
table 1 : explain SELECT DISTINCT c FROM sbtest1 WHERE id BETWEEN 5204693 AND 5205692 ORDER BY c
	Unique  (cost=3565.84..3570.39 rows=910 width=121)
	  ->  Sort  (cost=3565.84..3568.12 rows=910 width=121)
	        Sort Key: c
	        ->  Bitmap Heap Scan on sbtest1  (cost=21.76..3521.12 rows=910 width=121)
	              Recheck Cond: ((id >= 5204693) AND (id <= 5205692))
	              ->  Bitmap Index Scan on sbtest1_pkey  (cost=0.00..21.54 rows=910 width=0)
	                    Index Cond: ((id >= 5204693) AND (id <= 5205692))

table 2 : explain SELECT DISTINCT c FROM sbtest2 WHERE id BETWEEN 1883291 AND 1884290 ORDER BY c
	Unique  (cost=3623.11..3627.74 rows=925 width=121)
	  ->  Sort  (cost=3623.11..3625.43 rows=925 width=121)
	        Sort Key: c
	        ->  Bitmap Heap Scan on sbtest2  (cost=21.92..3577.54 rows=925 width=121)
	              Recheck Cond: ((id >= 1883291) AND (id <= 1884290))
	              ->  Bitmap Index Scan on sbtest2_pkey  (cost=0.00..21.68 rows=925 width=0)
	                    Index Cond: ((id >= 1883291) AND (id <= 1884290))

table 3 : explain SELECT DISTINCT c FROM sbtest3 WHERE id BETWEEN 7046583 AND 7047582 ORDER BY c
	Unique  (cost=3902.54..3907.53 rows=998 width=121)
	  ->  Sort  (cost=3902.54..3905.04 rows=998 width=121)
	        Sort Key: c
	        ->  Bitmap Heap Scan on sbtest3  (cost=22.66..3852.83 rows=998 width=121)
	              Recheck Cond: ((id >= 7046583) AND (id <= 7047582))
	              ->  Bitmap Index Scan on sbtest3_pkey  (cost=0.00..22.41 rows=998 width=0)
	                    Index Cond: ((id >= 7046583) AND (id <= 7047582))

table 4 : explain SELECT DISTINCT c FROM sbtest4 WHERE id BETWEEN 7912728 AND 7913727 ORDER BY c
	Unique  (cost=3519.66..3524.15 rows=898 width=121)
	  ->  Sort  (cost=3519.66..3521.90 rows=898 width=121)
	        Sort Key: c
	        ->  Bitmap Heap Scan on sbtest4  (cost=21.64..3475.61 rows=898 width=121)
	              Recheck Cond: ((id >= 7912728) AND (id <= 7913727))
	              ->  Bitmap Index Scan on sbtest4_pkey  (cost=0.00..21.41 rows=898 width=0)
	                    Index Cond: ((id >= 7912728) AND (id <= 7913727))

table 5 : explain SELECT DISTINCT c FROM sbtest5 WHERE id BETWEEN 111717 AND 112716 ORDER BY c
	Unique  (cost=3999.44..4004.55 rows=1023 width=121)
	  ->  Sort  (cost=3999.44..4001.99 rows=1023 width=121)
	        Sort Key: c
	        ->  Bitmap Heap Scan on sbtest5  (cost=22.92..3948.29 rows=1023 width=121)
	              Recheck Cond: ((id >= 111717) AND (id <= 112716))
	              ->  Bitmap Index Scan on sbtest5_pkey  (cost=0.00..22.66 rows=1023 width=0)
	                    Index Cond: ((id >= 111717) AND (id <= 112716))

table 6 : explain SELECT DISTINCT c FROM sbtest6 WHERE id BETWEEN 6106125 AND 6107124 ORDER BY c
	Unique  (cost=4189.33..4194.69 rows=1073 width=121)
	  ->  Sort  (cost=4189.33..4192.01 rows=1073 width=121)
	        Sort Key: c
	        ->  Bitmap Heap Scan on sbtest6  (cost=23.43..4135.32 rows=1073 width=121)
	              Recheck Cond: ((id >= 6106125) AND (id <= 6107124))
	              ->  Bitmap Index Scan on sbtest6_pkey  (cost=0.00..23.16 rows=1073 width=0)
	                    Index Cond: ((id >= 6106125) AND (id <= 6107124))

table 7 : explain SELECT DISTINCT c FROM sbtest7 WHERE id BETWEEN 6208256 AND 6209255 ORDER BY c
	Unique  (cost=4037.87..4043.03 rows=1033 width=121)
	  ->  Sort  (cost=4037.87..4040.45 rows=1033 width=121)
	        Sort Key: c
	        ->  Bitmap Heap Scan on sbtest7  (cost=23.02..3986.15 rows=1033 width=121)
	              Recheck Cond: ((id >= 6208256) AND (id <= 6209255))
	              ->  Bitmap Index Scan on sbtest7_pkey  (cost=0.00..22.76 rows=1033 width=0)
	                    Index Cond: ((id >= 6208256) AND (id <= 6209255))

table 8 : explain SELECT DISTINCT c FROM sbtest8 WHERE id BETWEEN 9483338 AND 9484337 ORDER BY c
	Unique  (cost=3919.26..3924.27 rows=1002 width=121)
	  ->  Sort  (cost=3919.26..3921.76 rows=1002 width=121)
	        Sort Key: c
	        ->  Bitmap Heap Scan on sbtest8  (cost=22.71..3869.31 rows=1002 width=121)
	              Recheck Cond: ((id >= 9483338) AND (id <= 9484337))
	              ->  Bitmap Index Scan on sbtest8_pkey  (cost=0.00..22.45 rows=1002 width=0)
	                    Index Cond: ((id >= 9483338) AND (id <= 9484337))

explain: for point_selects :: explain SELECT c FROM sbtest%u WHERE id=%ufor point_selects
table 1 : explain SELECT c FROM sbtest1 WHERE id=2535988
	Index Scan using sbtest1_pkey on sbtest1  (cost=0.43..8.45 rows=1 width=121)
	  Index Cond: (id = 2535988)

table 2 : explain SELECT c FROM sbtest2 WHERE id=5069738
	Index Scan using sbtest2_pkey on sbtest2  (cost=0.43..8.45 rows=1 width=121)
	  Index Cond: (id = 5069738)

table 3 : explain SELECT c FROM sbtest3 WHERE id=9989505
	Index Scan using sbtest3_pkey on sbtest3  (cost=0.43..8.45 rows=1 width=121)
	  Index Cond: (id = 9989505)

table 4 : explain SELECT c FROM sbtest4 WHERE id=7940828
	Index Scan using sbtest4_pkey on sbtest4  (cost=0.43..8.45 rows=1 width=121)
	  Index Cond: (id = 7940828)

table 5 : explain SELECT c FROM sbtest5 WHERE id=2161141
	Index Scan using sbtest5_pkey on sbtest5  (cost=0.43..8.45 rows=1 width=121)
	  Index Cond: (id = 2161141)

table 6 : explain SELECT c FROM sbtest6 WHERE id=2334770
	Index Scan using sbtest6_pkey on sbtest6  (cost=0.43..8.45 rows=1 width=121)
	  Index Cond: (id = 2334770)

table 7 : explain SELECT c FROM sbtest7 WHERE id=1273928
	Index Scan using sbtest7_pkey on sbtest7  (cost=0.43..8.45 rows=1 width=121)
	  Index Cond: (id = 1273928)

table 8 : explain SELECT c FROM sbtest8 WHERE id=3919635
	Index Scan using sbtest8_pkey on sbtest8  (cost=0.43..8.45 rows=1 width=121)
	  Index Cond: (id = 3919635)

for point_selects
table 1 : explain SELECT c FROM sbtest1 WHERE id=892284
	Index Scan using sbtest1_pkey on sbtest1  (cost=0.43..8.45 rows=1 width=121)
	  Index Cond: (id = 892284)

table 2 : explain SELECT c FROM sbtest2 WHERE id=8280314
	Index Scan using sbtest2_pkey on sbtest2  (cost=0.43..8.45 rows=1 width=121)
	  Index Cond: (id = 8280314)

table 3 : explain SELECT c FROM sbtest3 WHERE id=8339439
	Index Scan using sbtest3_pkey on sbtest3  (cost=0.43..8.45 rows=1 width=121)
	  Index Cond: (id = 8339439)

table 4 : explain SELECT c FROM sbtest4 WHERE id=2229924
	Index Scan using sbtest4_pkey on sbtest4  (cost=0.43..8.45 rows=1 width=121)
	  Index Cond: (id = 2229924)

table 5 : explain SELECT c FROM sbtest5 WHERE id=5109603
	Index Scan using sbtest5_pkey on sbtest5  (cost=0.43..8.45 rows=1 width=121)
	  Index Cond: (id = 5109603)

table 6 : explain SELECT c FROM sbtest6 WHERE id=7381571
	Index Scan using sbtest6_pkey on sbtest6  (cost=0.43..8.45 rows=1 width=121)
	  Index Cond: (id = 7381571)

table 7 : explain SELECT c FROM sbtest7 WHERE id=7934581
	Index Scan using sbtest7_pkey on sbtest7  (cost=0.43..8.45 rows=1 width=121)
	  Index Cond: (id = 7934581)

table 8 : explain SELECT c FROM sbtest8 WHERE id=5038362
	Index Scan using sbtest8_pkey on sbtest8  (cost=0.43..8.45 rows=1 width=121)
	  Index Cond: (id = 5038362)


for: simple_ranges
table 1 : explain SELECT c FROM sbtest1 WHERE id BETWEEN 6279727 AND 6280726
	Bitmap Heap Scan on sbtest1  (cost=22.66..3852.99 rows=998 width=121)
	  Recheck Cond: ((id >= 6279727) AND (id <= 6280726))
	  ->  Bitmap Index Scan on sbtest1_pkey  (cost=0.00..22.41 rows=998 width=0)
	        Index Cond: ((id >= 6279727) AND (id <= 6280726))

table 2 : explain SELECT c FROM sbtest2 WHERE id BETWEEN 1625 AND 2624
	Bitmap Heap Scan on sbtest2  (cost=22.85..3920.50 rows=1016 width=121)
	  Recheck Cond: ((id >= 1625) AND (id <= 2624))
	  ->  Bitmap Index Scan on sbtest2_pkey  (cost=0.00..22.59 rows=1016 width=0)
	        Index Cond: ((id >= 1625) AND (id <= 2624))

table 3 : explain SELECT c FROM sbtest3 WHERE id BETWEEN 8224626 AND 8225625
	Bitmap Heap Scan on sbtest3  (cost=22.08..3637.99 rows=941 width=121)
	  Recheck Cond: ((id >= 8224626) AND (id <= 8225625))
	  ->  Bitmap Index Scan on sbtest3_pkey  (cost=0.00..21.84 rows=941 width=0)
	        Index Cond: ((id >= 8224626) AND (id <= 8225625))

table 4 : explain SELECT c FROM sbtest4 WHERE id BETWEEN 7585166 AND 7586165
	Bitmap Heap Scan on sbtest4  (cost=22.66..3852.79 rows=998 width=121)
	  Recheck Cond: ((id >= 7585166) AND (id <= 7586165))
	  ->  Bitmap Index Scan on sbtest4_pkey  (cost=0.00..22.41 rows=998 width=0)
	        Index Cond: ((id >= 7585166) AND (id <= 7586165))

table 5 : explain SELECT c FROM sbtest5 WHERE id BETWEEN 1614677 AND 1615676
	Bitmap Heap Scan on sbtest5  (cost=22.96..3963.35 rows=1027 width=121)
	  Recheck Cond: ((id >= 1614677) AND (id <= 1615676))
	  ->  Bitmap Index Scan on sbtest5_pkey  (cost=0.00..22.70 rows=1027 width=0)
	        Index Cond: ((id >= 1614677) AND (id <= 1615676))

table 6 : explain SELECT c FROM sbtest6 WHERE id BETWEEN 9985661 AND 9986660
	Bitmap Heap Scan on sbtest6  (cost=23.15..4030.09 rows=1045 width=121)
	  Recheck Cond: ((id >= 9985661) AND (id <= 9986660))
	  ->  Bitmap Index Scan on sbtest6_pkey  (cost=0.00..22.89 rows=1045 width=0)
	        Index Cond: ((id >= 9985661) AND (id <= 9986660))

table 7 : explain SELECT c FROM sbtest7 WHERE id BETWEEN 4537372 AND 4538371
	Bitmap Heap Scan on sbtest7  (cost=21.90..3571.43 rows=923 width=121)
	  Recheck Cond: ((id >= 4537372) AND (id <= 4538371))
	  ->  Bitmap Index Scan on sbtest7_pkey  (cost=0.00..21.66 rows=923 width=0)
	        Index Cond: ((id >= 4537372) AND (id <= 4538371))

table 8 : explain SELECT c FROM sbtest8 WHERE id BETWEEN 5615335 AND 5616334
	Bitmap Heap Scan on sbtest8  (cost=22.52..3801.49 rows=984 width=121)
	  Recheck Cond: ((id >= 5615335) AND (id <= 5616334))
	  ->  Bitmap Index Scan on sbtest8_pkey  (cost=0.00..22.27 rows=984 width=0)
	        Index Cond: ((id >= 5615335) AND (id <= 5616334))

for: simple_ranges
table 1 : explain SELECT c FROM sbtest1 WHERE id BETWEEN 8014050 AND 8015049
	Bitmap Heap Scan on sbtest1  (cost=23.59..4191.37 rows=1088 width=121)
	  Recheck Cond: ((id >= 8014050) AND (id <= 8015049))
	  ->  Bitmap Index Scan on sbtest1_pkey  (cost=0.00..23.32 rows=1088 width=0)
	        Index Cond: ((id >= 8014050) AND (id <= 8015049))

table 2 : explain SELECT c FROM sbtest2 WHERE id BETWEEN 9566756 AND 9567755
	Bitmap Heap Scan on sbtest2  (cost=23.00..3976.93 rows=1031 width=121)
	  Recheck Cond: ((id >= 9566756) AND (id <= 9567755))
	  ->  Bitmap Index Scan on sbtest2_pkey  (cost=0.00..22.75 rows=1031 width=0)
	        Index Cond: ((id >= 9566756) AND (id <= 9567755))

table 3 : explain SELECT c FROM sbtest3 WHERE id BETWEEN 1027608 AND 1028607
	Bitmap Heap Scan on sbtest3  (cost=22.74..3879.18 rows=1005 width=121)
	  Recheck Cond: ((id >= 1027608) AND (id <= 1028607))
	  ->  Bitmap Index Scan on sbtest3_pkey  (cost=0.00..22.48 rows=1005 width=0)
	        Index Cond: ((id >= 1027608) AND (id <= 1028607))

table 4 : explain SELECT c FROM sbtest4 WHERE id BETWEEN 9356208 AND 9357207
	Bitmap Heap Scan on sbtest4  (cost=22.95..3958.17 rows=1026 width=121)
	  Recheck Cond: ((id >= 9356208) AND (id <= 9357207))
	  ->  Bitmap Index Scan on sbtest4_pkey  (cost=0.00..22.69 rows=1026 width=0)
	        Index Cond: ((id >= 9356208) AND (id <= 9357207))

table 5 : explain SELECT c FROM sbtest5 WHERE id BETWEEN 8497042 AND 8498041
	Bitmap Heap Scan on sbtest5  (cost=21.75..3518.35 rows=909 width=121)
	  Recheck Cond: ((id >= 8497042) AND (id <= 8498041))
	  ->  Bitmap Index Scan on sbtest5_pkey  (cost=0.00..21.52 rows=909 width=0)
	        Index Cond: ((id >= 8497042) AND (id <= 8498041))

table 6 : explain SELECT c FROM sbtest6 WHERE id BETWEEN 7938052 AND 7939051
	Bitmap Heap Scan on sbtest6  (cost=23.07..4003.77 rows=1038 width=121)
	  Recheck Cond: ((id >= 7938052) AND (id <= 7939051))
	  ->  Bitmap Index Scan on sbtest6_pkey  (cost=0.00..22.82 rows=1038 width=0)
	        Index Cond: ((id >= 7938052) AND (id <= 7939051))

table 7 : explain SELECT c FROM sbtest7 WHERE id BETWEEN 8963332 AND 8964331
	Bitmap Heap Scan on sbtest7  (cost=23.12..4020.02 rows=1042 width=121)
	  Recheck Cond: ((id >= 8963332) AND (id <= 8964331))
	  ->  Bitmap Index Scan on sbtest7_pkey  (cost=0.00..22.86 rows=1042 width=0)
	        Index Cond: ((id >= 8963332) AND (id <= 8964331))

table 8 : explain SELECT c FROM sbtest8 WHERE id BETWEEN 9374609 AND 9375608
	Bitmap Heap Scan on sbtest8  (cost=22.84..3918.27 rows=1015 width=121)
	  Recheck Cond: ((id >= 9374609) AND (id <= 9375608))
	  ->  Bitmap Index Scan on sbtest8_pkey  (cost=0.00..22.58 rows=1015 width=0)
	        Index Cond: ((id >= 9374609) AND (id <= 9375608))

for: simple_ranges
table 1 : explain SELECT c FROM sbtest1 WHERE id BETWEEN 1800703 AND 1801702
	Bitmap Heap Scan on sbtest1  (cost=23.42..4131.29 rows=1072 width=121)
	  Recheck Cond: ((id >= 1800703) AND (id <= 1801702))
	  ->  Bitmap Index Scan on sbtest1_pkey  (cost=0.00..23.15 rows=1072 width=0)
	        Index Cond: ((id >= 1800703) AND (id <= 1801702))

table 2 : explain SELECT c FROM sbtest2 WHERE id BETWEEN 3008154 AND 3009153
	Bitmap Heap Scan on sbtest2  (cost=27.99..4337.67 rows=1127 width=121)
	  Recheck Cond: ((id >= 3008154) AND (id <= 3009153))
	  ->  Bitmap Index Scan on sbtest2_pkey  (cost=0.00..27.70 rows=1127 width=0)
	        Index Cond: ((id >= 3008154) AND (id <= 3009153))

table 3 : explain SELECT c FROM sbtest3 WHERE id BETWEEN 4633180 AND 4634179
	Bitmap Heap Scan on sbtest3  (cost=22.78..3894.24 rows=1009 width=121)
	  Recheck Cond: ((id >= 4633180) AND (id <= 4634179))
	  ->  Bitmap Index Scan on sbtest3_pkey  (cost=0.00..22.52 rows=1009 width=0)
	        Index Cond: ((id >= 4633180) AND (id <= 4634179))

table 4 : explain SELECT c FROM sbtest4 WHERE id BETWEEN 9410936 AND 9411935
	Bitmap Heap Scan on sbtest4  (cost=22.79..3897.97 rows=1010 width=121)
	  Recheck Cond: ((id >= 9410936) AND (id <= 9411935))
	  ->  Bitmap Index Scan on sbtest4_pkey  (cost=0.00..22.54 rows=1010 width=0)
	        Index Cond: ((id >= 9410936) AND (id <= 9411935))

table 5 : explain SELECT c FROM sbtest5 WHERE id BETWEEN 6971103 AND 6972102
	Bitmap Heap Scan on sbtest5  (cost=23.04..3993.45 rows=1035 width=121)
	  Recheck Cond: ((id >= 6971103) AND (id <= 6972102))
	  ->  Bitmap Index Scan on sbtest5_pkey  (cost=0.00..22.79 rows=1035 width=0)
	        Index Cond: ((id >= 6971103) AND (id <= 6972102))

table 6 : explain SELECT c FROM sbtest6 WHERE id BETWEEN 6756974 AND 6757973
	Bitmap Heap Scan on sbtest6  (cost=22.68..3860.77 rows=1000 width=121)
	  Recheck Cond: ((id >= 6756974) AND (id <= 6757973))
	  ->  Bitmap Index Scan on sbtest6_pkey  (cost=0.00..22.43 rows=1000 width=0)
	        Index Cond: ((id >= 6756974) AND (id <= 6757973))

table 7 : explain SELECT c FROM sbtest7 WHERE id BETWEEN 5234858 AND 5235857
	Bitmap Heap Scan on sbtest7  (cost=22.65..3850.60 rows=997 width=121)
	  Recheck Cond: ((id >= 5234858) AND (id <= 5235857))
	  ->  Bitmap Index Scan on sbtest7_pkey  (cost=0.00..22.40 rows=997 width=0)
	        Index Cond: ((id >= 5234858) AND (id <= 5235857))

table 8 : explain SELECT c FROM sbtest8 WHERE id BETWEEN 9682114 AND 9683113
	Bitmap Heap Scan on sbtest8  (cost=22.58..3824.10 rows=990 width=121)
	  Recheck Cond: ((id >= 9682114) AND (id <= 9683113))
	  ->  Bitmap Index Scan on sbtest8_pkey  (cost=0.00..22.33 rows=990 width=0)
	        Index Cond: ((id >= 9682114) AND (id <= 9683113))

for: order_ranges
table 1 : explain SELECT c FROM sbtest1 WHERE id BETWEEN 5405487 AND 5406486 ORDER BY c
	Sort  (cost=3994.42..3996.97 rows=1022 width=121)
	  Sort Key: c
	  ->  Bitmap Heap Scan on sbtest1  (cost=22.91..3943.33 rows=1022 width=121)
	        Recheck Cond: ((id >= 5405487) AND (id <= 5406486))
	        ->  Bitmap Index Scan on sbtest1_pkey  (cost=0.00..22.65 rows=1022 width=0)
	              Index Cond: ((id >= 5405487) AND (id <= 5406486))

table 2 : explain SELECT c FROM sbtest2 WHERE id BETWEEN 6202957 AND 6203956 ORDER BY c
	Sort  (cost=4165.90..4168.57 rows=1067 width=121)
	  Sort Key: c
	  ->  Bitmap Heap Scan on sbtest2  (cost=23.37..4112.24 rows=1067 width=121)
	        Recheck Cond: ((id >= 6202957) AND (id <= 6203956))
	        ->  Bitmap Index Scan on sbtest2_pkey  (cost=0.00..23.11 rows=1067 width=0)
	              Index Cond: ((id >= 6202957) AND (id <= 6203956))

table 3 : explain SELECT c FROM sbtest3 WHERE id BETWEEN 754401 AND 755400 ORDER BY c
	Sort  (cost=3810.77..3813.21 rows=974 width=121)
	  Sort Key: c
	  ->  Bitmap Heap Scan on sbtest3  (cost=22.42..3762.42 rows=974 width=121)
	        Recheck Cond: ((id >= 754401) AND (id <= 755400))
	        ->  Bitmap Index Scan on sbtest3_pkey  (cost=0.00..22.18 rows=974 width=0)
	              Index Cond: ((id >= 754401) AND (id <= 755400))

table 4 : explain SELECT c FROM sbtest4 WHERE id BETWEEN 7736865 AND 7737864 ORDER BY c
	Sort  (cost=3515.82..3518.07 rows=897 width=121)
	  Sort Key: c
	  ->  Bitmap Heap Scan on sbtest4  (cost=21.63..3471.83 rows=897 width=121)
	        Recheck Cond: ((id >= 7736865) AND (id <= 7737864))
	        ->  Bitmap Index Scan on sbtest4_pkey  (cost=0.00..21.40 rows=897 width=0)
	              Index Cond: ((id >= 7736865) AND (id <= 7737864))

table 5 : explain SELECT c FROM sbtest5 WHERE id BETWEEN 3563518 AND 3564517 ORDER BY c
	Sort  (cost=4030.00..4032.58 rows=1031 width=121)
	  Sort Key: c
	  ->  Bitmap Heap Scan on sbtest5  (cost=23.00..3978.40 rows=1031 width=121)
	        Recheck Cond: ((id >= 3563518) AND (id <= 3564517))
	        ->  Bitmap Index Scan on sbtest5_pkey  (cost=0.00..22.75 rows=1031 width=0)
	              Index Cond: ((id >= 3563518) AND (id <= 3564517))

table 6 : explain SELECT c FROM sbtest6 WHERE id BETWEEN 1632203 AND 1633202 ORDER BY c
	Sort  (cost=3761.42..3763.82 rows=961 width=121)
	  Sort Key: c
	  ->  Bitmap Heap Scan on sbtest6  (cost=22.29..3713.81 rows=961 width=121)
	        Recheck Cond: ((id >= 1632203) AND (id <= 1633202))
	        ->  Bitmap Index Scan on sbtest6_pkey  (cost=0.00..22.04 rows=961 width=0)
	              Index Cond: ((id >= 1632203) AND (id <= 1633202))

table 7 : explain SELECT c FROM sbtest7 WHERE id BETWEEN 4715069 AND 4716068 ORDER BY c
	Sort  (cost=3984.37..3986.92 rows=1019 width=121)
	  Sort Key: c
	  ->  Bitmap Heap Scan on sbtest7  (cost=22.88..3933.46 rows=1019 width=121)
	        Recheck Cond: ((id >= 4715069) AND (id <= 4716068))
	        ->  Bitmap Index Scan on sbtest7_pkey  (cost=0.00..22.62 rows=1019 width=0)
	              Index Cond: ((id >= 4715069) AND (id <= 4716068))

table 8 : explain SELECT c FROM sbtest8 WHERE id BETWEEN 7380208 AND 7381207 ORDER BY c
	Sort  (cost=4129.39..4132.03 rows=1057 width=121)
	  Sort Key: c
	  ->  Bitmap Heap Scan on sbtest8  (cost=23.27..4076.30 rows=1057 width=121)
	        Recheck Cond: ((id >= 7380208) AND (id <= 7381207))
	        ->  Bitmap Index Scan on sbtest8_pkey  (cost=0.00..23.00 rows=1057 width=0)
	              Index Cond: ((id >= 7380208) AND (id <= 7381207))

for: order_ranges
table 1 : explain SELECT c FROM sbtest1 WHERE id BETWEEN 8255290 AND 8256289 ORDER BY c
	Sort  (cost=3596.51..3598.80 rows=918 width=121)
	  Sort Key: c
	  ->  Bitmap Heap Scan on sbtest1  (cost=21.84..3551.33 rows=918 width=121)
	        Recheck Cond: ((id >= 8255290) AND (id <= 8256289))
	        ->  Bitmap Index Scan on sbtest1_pkey  (cost=0.00..21.61 rows=918 width=0)
	              Index Cond: ((id >= 8255290) AND (id <= 8256289))

table 2 : explain SELECT c FROM sbtest2 WHERE id BETWEEN 2254256 AND 2255255 ORDER BY c
	Sort  (cost=3607.79..3610.09 rows=921 width=121)
	  Sort Key: c
	  ->  Bitmap Heap Scan on sbtest2  (cost=21.88..3562.44 rows=921 width=121)
	        Recheck Cond: ((id >= 2254256) AND (id <= 2255255))
	        ->  Bitmap Index Scan on sbtest2_pkey  (cost=0.00..21.64 rows=921 width=0)
	              Index Cond: ((id >= 2254256) AND (id <= 2255255))

table 3 : explain SELECT c FROM sbtest3 WHERE id BETWEEN 5428326 AND 5429325 ORDER BY c
	Sort  (cost=3780.16..3782.58 rows=966 width=121)
	  Sort Key: c
	  ->  Bitmap Heap Scan on sbtest3  (cost=22.34..3732.27 rows=966 width=121)
	        Recheck Cond: ((id >= 5428326) AND (id <= 5429325))
	        ->  Bitmap Index Scan on sbtest3_pkey  (cost=0.00..22.09 rows=966 width=0)
	              Index Cond: ((id >= 5428326) AND (id <= 5429325))

table 4 : explain SELECT c FROM sbtest4 WHERE id BETWEEN 7348170 AND 7349169 ORDER BY c
	Sort  (cost=4036.21..4038.79 rows=1033 width=121)
	  Sort Key: c
	  ->  Bitmap Heap Scan on sbtest4  (cost=23.02..3984.50 rows=1033 width=121)
	        Recheck Cond: ((id >= 7348170) AND (id <= 7349169))
	        ->  Bitmap Index Scan on sbtest4_pkey  (cost=0.00..22.76 rows=1033 width=0)
	              Index Cond: ((id >= 7348170) AND (id <= 7349169))

table 5 : explain SELECT c FROM sbtest5 WHERE id BETWEEN 6655188 AND 6656187 ORDER BY c
	Sort  (cost=4228.49..4231.20 rows=1083 width=121)
	  Sort Key: c
	  ->  Bitmap Heap Scan on sbtest5  (cost=23.54..4173.91 rows=1083 width=121)
	        Recheck Cond: ((id >= 6655188) AND (id <= 6656187))
	        ->  Bitmap Index Scan on sbtest5_pkey  (cost=0.00..23.26 rows=1083 width=0)
	              Index Cond: ((id >= 6655188) AND (id <= 6656187))

table 6 : explain SELECT c FROM sbtest6 WHERE id BETWEEN 60864 AND 61863 ORDER BY c
	Sort  (cost=3891.48..3893.97 rows=995 width=121)
	  Sort Key: c
	  ->  Bitmap Heap Scan on sbtest6  (cost=22.63..3841.94 rows=995 width=121)
	        Recheck Cond: ((id >= 60864) AND (id <= 61863))
	        ->  Bitmap Index Scan on sbtest6_pkey  (cost=0.00..22.39 rows=995 width=0)
	              Index Cond: ((id >= 60864) AND (id <= 61863))

table 7 : explain SELECT c FROM sbtest7 WHERE id BETWEEN 23566 AND 24565 ORDER BY c
	Sort  (cost=3394.31..3396.47 rows=865 width=121)
	  Sort Key: c
	  ->  Bitmap Heap Scan on sbtest7  (cost=21.30..3352.11 rows=865 width=121)
	        Recheck Cond: ((id >= 23566) AND (id <= 24565))
	        ->  Bitmap Index Scan on sbtest7_pkey  (cost=0.00..21.08 rows=865 width=0)
	              Index Cond: ((id >= 23566) AND (id <= 24565))

table 8 : explain SELECT c FROM sbtest8 WHERE id BETWEEN 3194229 AND 3195228 ORDER BY c
	Sort  (cost=4182.82..4185.50 rows=1071 width=121)
	  Sort Key: c
	  ->  Bitmap Heap Scan on sbtest8  (cost=23.41..4128.92 rows=1071 width=121)
	        Recheck Cond: ((id >= 3194229) AND (id <= 3195228))
	        ->  Bitmap Index Scan on sbtest8_pkey  (cost=0.00..23.14 rows=1071 width=0)
	              Index Cond: ((id >= 3194229) AND (id <= 3195228))

for: distinct_ranges
table 1 : explain SELECT DISTINCT c FROM sbtest1 WHERE id BETWEEN 2576242 AND 2577241 ORDER BY c
	Unique  (cost=3734.40..3739.17 rows=954 width=121)
	  ->  Sort  (cost=3734.40..3736.78 rows=954 width=121)
	        Sort Key: c
	        ->  Bitmap Heap Scan on sbtest1  (cost=22.21..3687.19 rows=954 width=121)
	              Recheck Cond: ((id >= 2576242) AND (id <= 2577241))
	              ->  Bitmap Index Scan on sbtest1_pkey  (cost=0.00..21.97 rows=954 width=0)
	                    Index Cond: ((id >= 2576242) AND (id <= 2577241))

table 2 : explain SELECT DISTINCT c FROM sbtest2 WHERE id BETWEEN 9248101 AND 9249100 ORDER BY c
	Unique  (cost=4177.34..4182.69 rows=1070 width=121)
	  ->  Sort  (cost=4177.34..4180.02 rows=1070 width=121)
	        Sort Key: c
	        ->  Bitmap Heap Scan on sbtest2  (cost=23.40..4123.50 rows=1070 width=121)
	              Recheck Cond: ((id >= 9248101) AND (id <= 9249100))
	              ->  Bitmap Index Scan on sbtest2_pkey  (cost=0.00..23.14 rows=1070 width=0)
	                    Index Cond: ((id >= 9248101) AND (id <= 9249100))

table 3 : explain SELECT DISTINCT c FROM sbtest3 WHERE id BETWEEN 9175081 AND 9176080 ORDER BY c
	Unique  (cost=3982.78..3987.88 rows=1019 width=121)
	  ->  Sort  (cost=3982.78..3985.33 rows=1019 width=121)
	        Sort Key: c
	        ->  Bitmap Heap Scan on sbtest3  (cost=22.88..3931.87 rows=1019 width=121)
	              Recheck Cond: ((id >= 9175081) AND (id <= 9176080))
	              ->  Bitmap Index Scan on sbtest3_pkey  (cost=0.00..22.62 rows=1019 width=0)
	                    Index Cond: ((id >= 9175081) AND (id <= 9176080))

table 4 : explain SELECT DISTINCT c FROM sbtest4 WHERE id BETWEEN 5781758 AND 5782757 ORDER BY c
	Unique  (cost=3764.83..3769.64 rows=962 width=121)
	  ->  Sort  (cost=3764.83..3767.23 rows=962 width=121)
	        Sort Key: c
	        ->  Bitmap Heap Scan on sbtest4  (cost=22.30..3717.16 rows=962 width=121)
	              Recheck Cond: ((id >= 5781758) AND (id <= 5782757))
	              ->  Bitmap Index Scan on sbtest4_pkey  (cost=0.00..22.05 rows=962 width=0)
	                    Index Cond: ((id >= 5781758) AND (id <= 5782757))

table 5 : explain SELECT DISTINCT c FROM sbtest5 WHERE id BETWEEN 1278847 AND 1279846 ORDER BY c
	Unique  (cost=3685.68..3690.39 rows=941 width=121)
	  ->  Sort  (cost=3685.68..3688.03 rows=941 width=121)
	        Sort Key: c
	        ->  Bitmap Heap Scan on sbtest5  (cost=22.08..3639.21 rows=941 width=121)
	              Recheck Cond: ((id >= 1278847) AND (id <= 1279846))
	              ->  Bitmap Index Scan on sbtest5_pkey  (cost=0.00..21.84 rows=941 width=0)
	                    Index Cond: ((id >= 1278847) AND (id <= 1279846))

table 6 : explain SELECT DISTINCT c FROM sbtest6 WHERE id BETWEEN 7462843 AND 7463842 ORDER BY c
	Unique  (cost=3979.39..3984.48 rows=1018 width=121)
	  ->  Sort  (cost=3979.39..3981.93 rows=1018 width=121)
	        Sort Key: c
	        ->  Bitmap Heap Scan on sbtest6  (cost=22.87..3928.53 rows=1018 width=121)
	              Recheck Cond: ((id >= 7462843) AND (id <= 7463842))
	              ->  Bitmap Index Scan on sbtest6_pkey  (cost=0.00..22.61 rows=1018 width=0)
	                    Index Cond: ((id >= 7462843) AND (id <= 7463842))

table 7 : explain SELECT DISTINCT c FROM sbtest7 WHERE id BETWEEN 4687079 AND 4688078 ORDER BY c
	Unique  (cost=3984.37..3989.47 rows=1019 width=121)
	  ->  Sort  (cost=3984.37..3986.92 rows=1019 width=121)
	        Sort Key: c
	        ->  Bitmap Heap Scan on sbtest7  (cost=22.88..3933.46 rows=1019 width=121)
	              Recheck Cond: ((id >= 4687079) AND (id <= 4688078))
	              ->  Bitmap Index Scan on sbtest7_pkey  (cost=0.00..22.62 rows=1019 width=0)
	                    Index Cond: ((id >= 4687079) AND (id <= 4688078))

table 8 : explain SELECT DISTINCT c FROM sbtest8 WHERE id BETWEEN 4400365 AND 4401364 ORDER BY c
	Unique  (cost=3635.95..3640.59 rows=928 width=121)
	  ->  Sort  (cost=3635.95..3638.27 rows=928 width=121)
	        Sort Key: c
	        ->  Bitmap Heap Scan on sbtest8  (cost=21.95..3590.21 rows=928 width=121)
	              Recheck Cond: ((id >= 4400365) AND (id <= 4401364))
	              ->  Bitmap Index Scan on sbtest8_pkey  (cost=0.00..21.71 rows=928 width=0)
	                    Index Cond: ((id >= 4400365) AND (id <= 4401364))

for: simple_ranges
table 1 : explain SELECT c FROM sbtest1 WHERE id BETWEEN 5132681 AND 5133680
	Bitmap Heap Scan on sbtest1  (cost=22.05..3626.83 rows=938 width=121)
	  Recheck Cond: ((id >= 5132681) AND (id <= 5133680))
	  ->  Bitmap Index Scan on sbtest1_pkey  (cost=0.00..21.82 rows=938 width=0)
	        Index Cond: ((id >= 5132681) AND (id <= 5133680))

table 2 : explain SELECT c FROM sbtest2 WHERE id BETWEEN 6684428 AND 6685427
	Bitmap Heap Scan on sbtest2  (cost=22.17..3671.87 rows=950 width=121)
	  Recheck Cond: ((id >= 6684428) AND (id <= 6685427))
	  ->  Bitmap Index Scan on sbtest2_pkey  (cost=0.00..21.93 rows=950 width=0)
	        Index Cond: ((id >= 6684428) AND (id <= 6685427))

table 3 : explain SELECT c FROM sbtest3 WHERE id BETWEEN 2479681 AND 2480680
	Bitmap Heap Scan on sbtest3  (cost=23.39..4119.83 rows=1069 width=121)
	  Recheck Cond: ((id >= 2479681) AND (id <= 2480680))
	  ->  Bitmap Index Scan on sbtest3_pkey  (cost=0.00..23.12 rows=1069 width=0)
	        Index Cond: ((id >= 2479681) AND (id <= 2480680))

table 4 : explain SELECT c FROM sbtest4 WHERE id BETWEEN 1469567 AND 1470566
	Bitmap Heap Scan on sbtest4  (cost=22.75..3882.91 rows=1006 width=121)
	  Recheck Cond: ((id >= 1469567) AND (id <= 1470566))
	  ->  Bitmap Index Scan on sbtest4_pkey  (cost=0.00..22.50 rows=1006 width=0)
	        Index Cond: ((id >= 1469567) AND (id <= 1470566))

table 5 : explain SELECT c FROM sbtest5 WHERE id BETWEEN 583396 AND 584395
	Bitmap Heap Scan on sbtest5  (cost=21.82..3544.80 rows=916 width=121)
	  Recheck Cond: ((id >= 583396) AND (id <= 584395))
	  ->  Bitmap Index Scan on sbtest5_pkey  (cost=0.00..21.59 rows=916 width=0)
	        Index Cond: ((id >= 583396) AND (id <= 584395))

table 6 : explain SELECT c FROM sbtest6 WHERE id BETWEEN 9921047 AND 9922046
	Bitmap Heap Scan on sbtest6  (cost=23.15..4030.09 rows=1045 width=121)
	  Recheck Cond: ((id >= 9921047) AND (id <= 9922046))
	  ->  Bitmap Index Scan on sbtest6_pkey  (cost=0.00..22.89 rows=1045 width=0)
	        Index Cond: ((id >= 9921047) AND (id <= 9922046))

table 7 : explain SELECT c FROM sbtest7 WHERE id BETWEEN 5634552 AND 5635551
	Bitmap Heap Scan on sbtest7  (cost=23.28..4080.19 rows=1058 width=121)
	  Recheck Cond: ((id >= 5634552) AND (id <= 5635551))
	  ->  Bitmap Index Scan on sbtest7_pkey  (cost=0.00..23.01 rows=1058 width=0)
	        Index Cond: ((id >= 5634552) AND (id <= 5635551))

table 8 : explain SELECT c FROM sbtest8 WHERE id BETWEEN 4910728 AND 4911727
	Bitmap Heap Scan on sbtest8  (cost=23.05..3997.31 rows=1036 width=121)
	  Recheck Cond: ((id >= 4910728) AND (id <= 4911727))
	  ->  Bitmap Index Scan on sbtest8_pkey  (cost=0.00..22.79 rows=1036 width=0)
	        Index Cond: ((id >= 4910728) AND (id <= 4911727))

for: sum_ranges
table 1 : explain SELECT SUM(k) FROM sbtest1 WHERE id BETWEEN 8329894 AND 8330893
	Aggregate  (cost=3878.10..3878.11 rows=1 width=8)
	  ->  Bitmap Heap Scan on sbtest1  (cost=22.73..3875.59 rows=1004 width=4)
	        Recheck Cond: ((id >= 8329894) AND (id <= 8330893))
	        ->  Bitmap Index Scan on sbtest1_pkey  (cost=0.00..22.47 rows=1004 width=0)
	              Index Cond: ((id >= 8329894) AND (id <= 8330893))

table 2 : explain SELECT SUM(k) FROM sbtest2 WHERE id BETWEEN 4491931 AND 4492930
	Aggregate  (cost=3828.87..3828.88 rows=1 width=8)
	  ->  Bitmap Heap Scan on sbtest2  (cost=22.59..3826.39 rows=991 width=4)
	        Recheck Cond: ((id >= 4491931) AND (id <= 4492930))
	        ->  Bitmap Index Scan on sbtest2_pkey  (cost=0.00..22.34 rows=991 width=0)
	              Index Cond: ((id >= 4491931) AND (id <= 4492930))

table 3 : explain SELECT SUM(k) FROM sbtest3 WHERE id BETWEEN 7647606 AND 7648605
	Aggregate  (cost=3606.36..3606.37 rows=1 width=8)
	  ->  Bitmap Heap Scan on sbtest3  (cost=21.99..3604.03 rows=932 width=4)
	        Recheck Cond: ((id >= 7647606) AND (id <= 7648605))
	        ->  Bitmap Index Scan on sbtest3_pkey  (cost=0.00..21.75 rows=932 width=0)
	              Index Cond: ((id >= 7647606) AND (id <= 7648605))

table 4 : explain SELECT SUM(k) FROM sbtest4 WHERE id BETWEEN 4517772 AND 4518771
	Aggregate  (cost=4239.20..4239.21 rows=1 width=8)
	  ->  Bitmap Heap Scan on sbtest4  (cost=27.71..4236.45 rows=1100 width=4)
	        Recheck Cond: ((id >= 4517772) AND (id <= 4518771))
	        ->  Bitmap Index Scan on sbtest4_pkey  (cost=0.00..27.43 rows=1100 width=0)
	              Index Cond: ((id >= 4517772) AND (id <= 4518771))

table 5 : explain SELECT SUM(k) FROM sbtest5 WHERE id BETWEEN 3834589 AND 3835588
	Aggregate  (cost=3800.09..3800.10 rows=1 width=8)
	  ->  Bitmap Heap Scan on sbtest5  (cost=22.51..3797.63 rows=983 width=4)
	        Recheck Cond: ((id >= 3834589) AND (id <= 3835588))
	        ->  Bitmap Index Scan on sbtest5_pkey  (cost=0.00..22.26 rows=983 width=0)
	              Index Cond: ((id >= 3834589) AND (id <= 3835588))

table 6 : explain SELECT SUM(k) FROM sbtest6 WHERE id BETWEEN 3268985 AND 3269984
	Aggregate  (cost=3769.03..3769.04 rows=1 width=8)
	  ->  Bitmap Heap Scan on sbtest6  (cost=22.43..3766.59 rows=975 width=4)
	        Recheck Cond: ((id >= 3268985) AND (id <= 3269984))
	        ->  Bitmap Index Scan on sbtest6_pkey  (cost=0.00..22.18 rows=975 width=0)
	              Index Cond: ((id >= 3268985) AND (id <= 3269984))

table 7 : explain SELECT SUM(k) FROM sbtest7 WHERE id BETWEEN 6857925 AND 6858924
	Aggregate  (cost=3683.30..3683.31 rows=1 width=8)
	  ->  Bitmap Heap Scan on sbtest7  (cost=22.19..3680.92 rows=952 width=4)
	        Recheck Cond: ((id >= 6857925) AND (id <= 6858924))
	        ->  Bitmap Index Scan on sbtest7_pkey  (cost=0.00..21.95 rows=952 width=0)
	              Index Cond: ((id >= 6857925) AND (id <= 6858924))

table 8 : explain SELECT SUM(k) FROM sbtest8 WHERE id BETWEEN 3701961 AND 3702960
	Aggregate  (cost=3819.03..3819.04 rows=1 width=8)
	  ->  Bitmap Heap Scan on sbtest8  (cost=22.56..3816.56 rows=988 width=4)
	        Recheck Cond: ((id >= 3701961) AND (id <= 3702960))
	        ->  Bitmap Index Scan on sbtest8_pkey  (cost=0.00..22.32 rows=988 width=0)
	              Index Cond: ((id >= 3701961) AND (id <= 3702960))

for: distinct_ranges
table 1 : explain SELECT DISTINCT c FROM sbtest1 WHERE id BETWEEN 8039537 AND 8040536 ORDER BY c
	Unique  (cost=4246.25..4251.69 rows=1088 width=121)
	  ->  Sort  (cost=4246.25..4248.97 rows=1088 width=121)
	        Sort Key: c
	        ->  Bitmap Heap Scan on sbtest1  (cost=23.59..4191.37 rows=1088 width=121)
	              Recheck Cond: ((id >= 8039537) AND (id <= 8040536))
	              ->  Bitmap Index Scan on sbtest1_pkey  (cost=0.00..23.32 rows=1088 width=0)
	                    Index Cond: ((id >= 8039537) AND (id <= 8040536))

table 2 : explain SELECT DISTINCT c FROM sbtest2 WHERE id BETWEEN 1884145 AND 1885144 ORDER BY c
	Unique  (cost=3623.11..3627.74 rows=925 width=121)
	  ->  Sort  (cost=3623.11..3625.43 rows=925 width=121)
	        Sort Key: c
	        ->  Bitmap Heap Scan on sbtest2  (cost=21.92..3577.54 rows=925 width=121)
	              Recheck Cond: ((id >= 1884145) AND (id <= 1885144))
	              ->  Bitmap Index Scan on sbtest2_pkey  (cost=0.00..21.68 rows=925 width=0)
	                    Index Cond: ((id >= 1884145) AND (id <= 1885144))

table 3 : explain SELECT DISTINCT c FROM sbtest3 WHERE id BETWEEN 4483340 AND 4484339 ORDER BY c
	Unique  (cost=3940.76..3945.80 rows=1008 width=121)
	  ->  Sort  (cost=3940.76..3943.28 rows=1008 width=121)
	        Sort Key: c
	        ->  Bitmap Heap Scan on sbtest3  (cost=22.77..3890.47 rows=1008 width=121)
	              Recheck Cond: ((id >= 4483340) AND (id <= 4484339))
	              ->  Bitmap Index Scan on sbtest3_pkey  (cost=0.00..22.51 rows=1008 width=0)
	                    Index Cond: ((id >= 4483340) AND (id <= 4484339))

table 4 : explain SELECT DISTINCT c FROM sbtest4 WHERE id BETWEEN 2626169 AND 2627168 ORDER BY c
	Unique  (cost=3936.90..3941.94 rows=1007 width=121)
	  ->  Sort  (cost=3936.90..3939.42 rows=1007 width=121)
	        Sort Key: c
	        ->  Bitmap Heap Scan on sbtest4  (cost=22.76..3886.68 rows=1007 width=121)
	              Recheck Cond: ((id >= 2626169) AND (id <= 2627168))
	              ->  Bitmap Index Scan on sbtest4_pkey  (cost=0.00..22.50 rows=1007 width=0)
	                    Index Cond: ((id >= 2626169) AND (id <= 2627168))

table 5 : explain SELECT DISTINCT c FROM sbtest5 WHERE id BETWEEN 1062854 AND 1063853 ORDER BY c
	Unique  (cost=3792.91..3797.76 rows=969 width=121)
	  ->  Sort  (cost=3792.91..3795.33 rows=969 width=121)
	        Sort Key: c
	        ->  Bitmap Heap Scan on sbtest5  (cost=22.37..3744.85 rows=969 width=121)
	              Recheck Cond: ((id >= 1062854) AND (id <= 1063853))
	              ->  Bitmap Index Scan on sbtest5_pkey  (cost=0.00..22.12 rows=969 width=0)
	                    Index Cond: ((id >= 1062854) AND (id <= 1063853))

table 6 : explain SELECT DISTINCT c FROM sbtest6 WHERE id BETWEEN 8142548 AND 8143547 ORDER BY c
	Unique  (cost=3910.60..3915.60 rows=1000 width=121)
	  ->  Sort  (cost=3910.60..3913.10 rows=1000 width=121)
	        Sort Key: c
	        ->  Bitmap Heap Scan on sbtest6  (cost=22.68..3860.77 rows=1000 width=121)
	              Recheck Cond: ((id >= 8142548) AND (id <= 8143547))
	              ->  Bitmap Index Scan on sbtest6_pkey  (cost=0.00..22.43 rows=1000 width=0)
	                    Index Cond: ((id >= 8142548) AND (id <= 8143547))

table 7 : explain SELECT DISTINCT c FROM sbtest7 WHERE id BETWEEN 8517050 AND 8518049 ORDER BY c
	Unique  (cost=3999.66..4004.77 rows=1023 width=121)
	  ->  Sort  (cost=3999.66..4002.22 rows=1023 width=121)
	        Sort Key: c
	        ->  Bitmap Heap Scan on sbtest7  (cost=22.92..3948.52 rows=1023 width=121)
	              Recheck Cond: ((id >= 8517050) AND (id <= 8518049))
	              ->  Bitmap Index Scan on sbtest7_pkey  (cost=0.00..22.66 rows=1023 width=0)
	                    Index Cond: ((id >= 8517050) AND (id <= 8518049))

table 8 : explain SELECT DISTINCT c FROM sbtest8 WHERE id BETWEEN 6773922 AND 6774921 ORDER BY c
	Unique  (cost=3547.75..3552.28 rows=905 width=121)
	  ->  Sort  (cost=3547.75..3550.01 rows=905 width=121)
	        Sort Key: c
	        ->  Bitmap Heap Scan on sbtest8  (cost=21.71..3503.31 rows=905 width=121)
	              Recheck Cond: ((id >= 6773922) AND (id <= 6774921))
	              ->  Bitmap Index Scan on sbtest8_pkey  (cost=0.00..21.48 rows=905 width=0)
	                    Index Cond: ((id >= 6773922) AND (id <= 6774921))

for: sum_ranges
table 1 : explain SELECT SUM(k) FROM sbtest1 WHERE id BETWEEN 1020518 AND 1021517
	Aggregate  (cost=3908.23..3908.24 rows=1 width=8)
	  ->  Bitmap Heap Scan on sbtest1  (cost=22.81..3905.70 rows=1012 width=4)
	        Recheck Cond: ((id >= 1020518) AND (id <= 1021517))
	        ->  Bitmap Index Scan on sbtest1_pkey  (cost=0.00..22.55 rows=1012 width=0)
	              Index Cond: ((id >= 1020518) AND (id <= 1021517))

table 2 : explain SELECT SUM(k) FROM sbtest2 WHERE id BETWEEN 9667498 AND 9668497
	Aggregate  (cost=4039.70..4039.71 rows=1 width=8)
	  ->  Bitmap Heap Scan on sbtest2  (cost=23.17..4037.09 rows=1047 width=4)
	        Recheck Cond: ((id >= 9667498) AND (id <= 9668497))
	        ->  Bitmap Index Scan on sbtest2_pkey  (cost=0.00..22.90 rows=1047 width=0)
	              Index Cond: ((id >= 9667498) AND (id <= 9668497))

table 3 : explain SELECT SUM(k) FROM sbtest3 WHERE id BETWEEN 5191379 AND 5192378
	Aggregate  (cost=3866.62..3866.63 rows=1 width=8)
	  ->  Bitmap Heap Scan on sbtest3  (cost=22.70..3864.12 rows=1001 width=4)
	        Recheck Cond: ((id >= 5191379) AND (id <= 5192378))
	        ->  Bitmap Index Scan on sbtest3_pkey  (cost=0.00..22.44 rows=1001 width=0)
	              Index Cond: ((id >= 5191379) AND (id <= 5192378))

table 4 : explain SELECT SUM(k) FROM sbtest4 WHERE id BETWEEN 601305 AND 602304
	Aggregate  (cost=3617.66..3617.67 rows=1 width=8)
	  ->  Bitmap Heap Scan on sbtest4  (cost=22.02..3615.32 rows=935 width=4)
	        Recheck Cond: ((id >= 601305) AND (id <= 602304))
	        ->  Bitmap Index Scan on sbtest4_pkey  (cost=0.00..21.79 rows=935 width=0)
	              Index Cond: ((id >= 601305) AND (id <= 602304))

table 5 : explain SELECT SUM(k) FROM sbtest5 WHERE id BETWEEN 1746060 AND 1747059
	Aggregate  (cost=3928.25..3928.26 rows=1 width=8)
	  ->  Bitmap Heap Scan on sbtest5  (cost=22.86..3925.71 rows=1017 width=4)
	        Recheck Cond: ((id >= 1746060) AND (id <= 1747059))
	        ->  Bitmap Index Scan on sbtest5_pkey  (cost=0.00..22.61 rows=1017 width=0)
	              Index Cond: ((id >= 1746060) AND (id <= 1747059))

table 6 : explain SELECT SUM(k) FROM sbtest6 WHERE id BETWEEN 3781325 AND 3782324
	Aggregate  (cost=4021.42..4021.43 rows=1 width=8)
	  ->  Bitmap Heap Scan on sbtest6  (cost=23.12..4018.81 rows=1042 width=4)
	        Recheck Cond: ((id >= 3781325) AND (id <= 3782324))
	        ->  Bitmap Index Scan on sbtest6_pkey  (cost=0.00..22.86 rows=1042 width=0)
	              Index Cond: ((id >= 3781325) AND (id <= 3782324))

table 7 : explain SELECT SUM(k) FROM sbtest7 WHERE id BETWEEN 6867404 AND 6868403
	Aggregate  (cost=3683.30..3683.31 rows=1 width=8)
	  ->  Bitmap Heap Scan on sbtest7  (cost=22.19..3680.92 rows=952 width=4)
	        Recheck Cond: ((id >= 6867404) AND (id <= 6868403))
	        ->  Bitmap Index Scan on sbtest7_pkey  (cost=0.00..21.95 rows=952 width=0)
	              Index Cond: ((id >= 6867404) AND (id <= 6868403))

table 8 : explain SELECT SUM(k) FROM sbtest8 WHERE id BETWEEN 488075 AND 489074
	Aggregate  (cost=4037.55..4037.56 rows=1 width=8)
	  ->  Bitmap Heap Scan on sbtest8  (cost=23.16..4034.93 rows=1046 width=4)
	        Recheck Cond: ((id >= 488075) AND (id <= 489074))
	        ->  Bitmap Index Scan on sbtest8_pkey  (cost=0.00..22.89 rows=1046 width=0)
	              Index Cond: ((id >= 488075) AND (id <= 489074))

for: simple_ranges
table 1 : explain SELECT c FROM sbtest1 WHERE id BETWEEN 7412034 AND 7413033
	Bitmap Heap Scan on sbtest1  (cost=22.64..3845.46 rows=996 width=121)
	  Recheck Cond: ((id >= 7412034) AND (id <= 7413033))
	  ->  Bitmap Index Scan on sbtest1_pkey  (cost=0.00..22.39 rows=996 width=0)
	        Index Cond: ((id >= 7412034) AND (id <= 7413033))

table 2 : explain SELECT c FROM sbtest2 WHERE id BETWEEN 2125076 AND 2126075
	Bitmap Heap Scan on sbtest2  (cost=21.66..3483.13 rows=900 width=121)
	  Recheck Cond: ((id >= 2125076) AND (id <= 2126075))
	  ->  Bitmap Index Scan on sbtest2_pkey  (cost=0.00..21.43 rows=900 width=0)
	        Index Cond: ((id >= 2125076) AND (id <= 2126075))

table 3 : explain SELECT c FROM sbtest3 WHERE id BETWEEN 3636252 AND 3637251
	Bitmap Heap Scan on sbtest3  (cost=22.36..3739.81 rows=968 width=121)
	  Recheck Cond: ((id >= 3636252) AND (id <= 3637251))
	  ->  Bitmap Index Scan on sbtest3_pkey  (cost=0.00..22.11 rows=968 width=0)
	        Index Cond: ((id >= 3636252) AND (id <= 3637251))

table 4 : explain SELECT c FROM sbtest4 WHERE id BETWEEN 175423 AND 176422
	Bitmap Heap Scan on sbtest4  (cost=23.33..4097.26 rows=1063 width=121)
	  Recheck Cond: ((id >= 175423) AND (id <= 176422))
	  ->  Bitmap Index Scan on sbtest4_pkey  (cost=0.00..23.07 rows=1063 width=0)
	        Index Cond: ((id >= 175423) AND (id <= 176422))

table 5 : explain SELECT c FROM sbtest5 WHERE id BETWEEN 7466264 AND 7467263
	Bitmap Heap Scan on sbtest5  (cost=22.84..3918.18 rows=1015 width=121)
	  Recheck Cond: ((id >= 7466264) AND (id <= 7467263))
	  ->  Bitmap Index Scan on sbtest5_pkey  (cost=0.00..22.58 rows=1015 width=0)
	        Index Cond: ((id >= 7466264) AND (id <= 7467263))

table 6 : explain SELECT c FROM sbtest6 WHERE id BETWEEN 3246254 AND 3247253
	Bitmap Heap Scan on sbtest6  (cost=22.43..3766.59 rows=975 width=121)
	  Recheck Cond: ((id >= 3246254) AND (id <= 3247253))
	  ->  Bitmap Index Scan on sbtest6_pkey  (cost=0.00..22.18 rows=975 width=0)
	        Index Cond: ((id >= 3246254) AND (id <= 3247253))

table 7 : explain SELECT c FROM sbtest7 WHERE id BETWEEN 3097891 AND 3098890
	Bitmap Heap Scan on sbtest7  (cost=23.27..4076.43 rows=1057 width=121)
	  Recheck Cond: ((id >= 3097891) AND (id <= 3098890))
	  ->  Bitmap Index Scan on sbtest7_pkey  (cost=0.00..23.00 rows=1057 width=0)
	        Index Cond: ((id >= 3097891) AND (id <= 3098890))

table 8 : explain SELECT c FROM sbtest8 WHERE id BETWEEN 7751075 AND 7752074
	Bitmap Heap Scan on sbtest8  (cost=27.68..4230.59 rows=1097 width=121)
	  Recheck Cond: ((id >= 7751075) AND (id <= 7752074))
	  ->  Bitmap Index Scan on sbtest8_pkey  (cost=0.00..27.40 rows=1097 width=0)
	        Index Cond: ((id >= 7751075) AND (id <= 7752074))

for: distinct_ranges
table 1 : explain SELECT DISTINCT c FROM sbtest1 WHERE id BETWEEN 9882947 AND 9883946 ORDER BY c
	Unique  (cost=4615.72..4621.64 rows=1185 width=121)
	  ->  Sort  (cost=4615.72..4618.68 rows=1185 width=121)
	        Sort Key: c
	        ->  Bitmap Heap Scan on sbtest1  (cost=28.58..4555.22 rows=1185 width=121)
	              Recheck Cond: ((id >= 9882947) AND (id <= 9883946))
	              ->  Bitmap Index Scan on sbtest1_pkey  (cost=0.00..28.29 rows=1185 width=0)
	                    Index Cond: ((id >= 9882947) AND (id <= 9883946))

table 2 : explain SELECT DISTINCT c FROM sbtest2 WHERE id BETWEEN 4226599 AND 4227598 ORDER BY c
	Unique  (cost=3845.12..3850.03 rows=983 width=121)
	  ->  Sort  (cost=3845.12..3847.57 rows=983 width=121)
	        Sort Key: c
	        ->  Bitmap Heap Scan on sbtest2  (cost=22.51..3796.26 rows=983 width=121)
	              Recheck Cond: ((id >= 4226599) AND (id <= 4227598))
	              ->  Bitmap Index Scan on sbtest2_pkey  (cost=0.00..22.26 rows=983 width=0)
	                    Index Cond: ((id >= 4226599) AND (id <= 4227598))

table 3 : explain SELECT DISTINCT c FROM sbtest3 WHERE id BETWEEN 1977427 AND 1978426 ORDER BY c
	Unique  (cost=4062.97..4068.17 rows=1040 width=121)
	  ->  Sort  (cost=4062.97..4065.57 rows=1040 width=121)
	        Sort Key: c
	        ->  Bitmap Heap Scan on sbtest3  (cost=23.09..4010.85 rows=1040 width=121)
	              Recheck Cond: ((id >= 1977427) AND (id <= 1978426))
	              ->  Bitmap Index Scan on sbtest3_pkey  (cost=0.00..22.83 rows=1040 width=0)
	                    Index Cond: ((id >= 1977427) AND (id <= 1978426))

table 4 : explain SELECT DISTINCT c FROM sbtest4 WHERE id BETWEEN 9684793 AND 9685792 ORDER BY c
	Unique  (cost=3596.33..3600.92 rows=918 width=121)
	  ->  Sort  (cost=3596.33..3598.63 rows=918 width=121)
	        Sort Key: c
	        ->  Bitmap Heap Scan on sbtest4  (cost=21.84..3551.15 rows=918 width=121)
	              Recheck Cond: ((id >= 9684793) AND (id <= 9685792))
	              ->  Bitmap Index Scan on sbtest4_pkey  (cost=0.00..21.61 rows=918 width=0)
	                    Index Cond: ((id >= 9684793) AND (id <= 9685792))

table 5 : explain SELECT DISTINCT c FROM sbtest5 WHERE id BETWEEN 1813922 AND 1814921 ORDER BY c
	Unique  (cost=4110.20..4115.46 rows=1052 width=121)
	  ->  Sort  (cost=4110.20..4112.83 rows=1052 width=121)
	        Sort Key: c
	        ->  Bitmap Heap Scan on sbtest5  (cost=23.22..4057.40 rows=1052 width=121)
	              Recheck Cond: ((id >= 1813922) AND (id <= 1814921))
	              ->  Bitmap Index Scan on sbtest5_pkey  (cost=0.00..22.95 rows=1052 width=0)
	                    Index Cond: ((id >= 1813922) AND (id <= 1814921))

table 6 : explain SELECT DISTINCT c FROM sbtest6 WHERE id BETWEEN 7738865 AND 7739864 ORDER BY c
	Unique  (cost=4227.46..4232.88 rows=1083 width=121)
	  ->  Sort  (cost=4227.46..4230.17 rows=1083 width=121)
	        Sort Key: c
	        ->  Bitmap Heap Scan on sbtest6  (cost=23.54..4172.87 rows=1083 width=121)
	              Recheck Cond: ((id >= 7738865) AND (id <= 7739864))
	              ->  Bitmap Index Scan on sbtest6_pkey  (cost=0.00..23.26 rows=1083 width=0)
	                    Index Cond: ((id >= 7738865) AND (id <= 7739864))

table 7 : explain SELECT DISTINCT c FROM sbtest7 WHERE id BETWEEN 9665972 AND 9666971 ORDER BY c
	Unique  (cost=4427.21..4432.88 rows=1135 width=121)
	  ->  Sort  (cost=4427.21..4430.04 rows=1135 width=121)
	        Sort Key: c
	        ->  Bitmap Heap Scan on sbtest7  (cost=28.07..4369.61 rows=1135 width=121)
	              Recheck Cond: ((id >= 9665972) AND (id <= 9666971))
	              ->  Bitmap Index Scan on sbtest7_pkey  (cost=0.00..27.79 rows=1135 width=0)
	                    Index Cond: ((id >= 9665972) AND (id <= 9666971))

table 8 : explain SELECT DISTINCT c FROM sbtest8 WHERE id BETWEEN 2608513 AND 2609512 ORDER BY c
	Unique  (cost=3509.39..3513.86 rows=895 width=121)
	  ->  Sort  (cost=3509.39..3511.62 rows=895 width=121)
	        Sort Key: c
	        ->  Bitmap Heap Scan on sbtest8  (cost=21.61..3465.51 rows=895 width=121)
	              Recheck Cond: ((id >= 2608513) AND (id <= 2609512))
	              ->  Bitmap Index Scan on sbtest8_pkey  (cost=0.00..21.39 rows=895 width=0)
	                    Index Cond: ((id >= 2608513) AND (id <= 2609512))

for: sum_ranges
table 1 : explain SELECT SUM(k) FROM sbtest1 WHERE id BETWEEN 2010069 AND 2011068
	Aggregate  (cost=3821.57..3821.58 rows=1 width=8)
	  ->  Bitmap Heap Scan on sbtest1  (cost=22.57..3819.10 rows=989 width=4)
	        Recheck Cond: ((id >= 2010069) AND (id <= 2011068))
	        ->  Bitmap Index Scan on sbtest1_pkey  (cost=0.00..22.32 rows=989 width=0)
	              Index Cond: ((id >= 2010069) AND (id <= 2011068))

table 2 : explain SELECT SUM(k) FROM sbtest2 WHERE id BETWEEN 896666 AND 897665
	Aggregate  (cost=3843.94..3843.95 rows=1 width=8)
	  ->  Bitmap Heap Scan on sbtest2  (cost=22.63..3841.45 rows=995 width=4)
	        Recheck Cond: ((id >= 896666) AND (id <= 897665))
	        ->  Bitmap Index Scan on sbtest2_pkey  (cost=0.00..22.39 rows=995 width=0)
	              Index Cond: ((id >= 896666) AND (id <= 897665))

table 3 : explain SELECT SUM(k) FROM sbtest3 WHERE id BETWEEN 6041001 AND 6042000
	Aggregate  (cost=3919.35..3919.36 rows=1 width=8)
	  ->  Bitmap Heap Scan on sbtest3  (cost=22.84..3916.82 rows=1015 width=4)
	        Recheck Cond: ((id >= 6041001) AND (id <= 6042000))
	        ->  Bitmap Index Scan on sbtest3_pkey  (cost=0.00..22.58 rows=1015 width=0)
	              Index Cond: ((id >= 6041001) AND (id <= 6042000))

table 4 : explain SELECT SUM(k) FROM sbtest4 WHERE id BETWEEN 6236241 AND 6237240
	Aggregate  (cost=3715.79..3715.80 rows=1 width=8)
	  ->  Bitmap Heap Scan on sbtest4  (cost=22.29..3713.39 rows=961 width=4)
	        Recheck Cond: ((id >= 6236241) AND (id <= 6237240))
	        ->  Bitmap Index Scan on sbtest4_pkey  (cost=0.00..22.04 rows=961 width=0)
	              Index Cond: ((id >= 6236241) AND (id <= 6237240))

table 5 : explain SELECT SUM(k) FROM sbtest5 WHERE id BETWEEN 3755589 AND 3756588
	Aggregate  (cost=3800.09..3800.10 rows=1 width=8)
	  ->  Bitmap Heap Scan on sbtest5  (cost=22.51..3797.63 rows=983 width=4)
	        Recheck Cond: ((id >= 3755589) AND (id <= 3756588))
	        ->  Bitmap Index Scan on sbtest5_pkey  (cost=0.00..22.26 rows=983 width=0)
	              Index Cond: ((id >= 3755589) AND (id <= 3756588))

table 6 : explain SELECT SUM(k) FROM sbtest6 WHERE id BETWEEN 5684670 AND 5685669
	Aggregate  (cost=3795.42..3795.43 rows=1 width=8)
	  ->  Bitmap Heap Scan on sbtest6  (cost=22.50..3792.97 rows=982 width=4)
	        Recheck Cond: ((id >= 5684670) AND (id <= 5685669))
	        ->  Bitmap Index Scan on sbtest6_pkey  (cost=0.00..22.25 rows=982 width=0)
	              Index Cond: ((id >= 5684670) AND (id <= 5685669))

table 7 : explain SELECT SUM(k) FROM sbtest7 WHERE id BETWEEN 65462 AND 66461
	Aggregate  (cost=3354.27..3354.28 rows=1 width=8)
	  ->  Bitmap Heap Scan on sbtest7  (cost=21.30..3352.11 rows=865 width=4)
	        Recheck Cond: ((id >= 65462) AND (id <= 66461))
	        ->  Bitmap Index Scan on sbtest7_pkey  (cost=0.00..21.08 rows=865 width=0)
	              Index Cond: ((id >= 65462) AND (id <= 66461))

table 8 : explain SELECT SUM(k) FROM sbtest8 WHERE id BETWEEN 5590061 AND 5591060
	Aggregate  (cost=3954.71..3954.72 rows=1 width=8)
	  ->  Bitmap Heap Scan on sbtest8  (cost=22.93..3952.15 rows=1024 width=4)
	        Recheck Cond: ((id >= 5590061) AND (id <= 5591060))
	        ->  Bitmap Index Scan on sbtest8_pkey  (cost=0.00..22.68 rows=1024 width=0)
	              Index Cond: ((id >= 5590061) AND (id <= 5591060))

for point_selects
table 1 : explain SELECT c FROM sbtest1 WHERE id=9496429
	Index Scan using sbtest1_pkey on sbtest1  (cost=0.43..8.45 rows=1 width=121)
	  Index Cond: (id = 9496429)

table 2 : explain SELECT c FROM sbtest2 WHERE id=5929144
	Index Scan using sbtest2_pkey on sbtest2  (cost=0.43..8.45 rows=1 width=121)
	  Index Cond: (id = 5929144)

table 3 : explain SELECT c FROM sbtest3 WHERE id=2982108
	Index Scan using sbtest3_pkey on sbtest3  (cost=0.43..8.45 rows=1 width=121)
	  Index Cond: (id = 2982108)

table 4 : explain SELECT c FROM sbtest4 WHERE id=3009311
	Index Scan using sbtest4_pkey on sbtest4  (cost=0.43..8.45 rows=1 width=121)
	  Index Cond: (id = 3009311)

table 5 : explain SELECT c FROM sbtest5 WHERE id=6001911
	Index Scan using sbtest5_pkey on sbtest5  (cost=0.43..8.45 rows=1 width=121)
	  Index Cond: (id = 6001911)

table 6 : explain SELECT c FROM sbtest6 WHERE id=4680959
	Index Scan using sbtest6_pkey on sbtest6  (cost=0.43..8.45 rows=1 width=121)
	  Index Cond: (id = 4680959)

table 7 : explain SELECT c FROM sbtest7 WHERE id=1567720
	Index Scan using sbtest7_pkey on sbtest7  (cost=0.43..8.45 rows=1 width=121)
	  Index Cond: (id = 1567720)

table 8 : explain SELECT c FROM sbtest8 WHERE id=938315
	Index Scan using sbtest8_pkey on sbtest8  (cost=0.43..8.45 rows=1 width=121)
	  Index Cond: (id = 938315)

explain: for point_selects :: explain SELECT c FROM sbtest%u WHERE id=%u
explain: for point_selects :: explain SELECT c FROM sbtest%u WHERE id=%u
for: sum_ranges
table 1 : explain SELECT SUM(k) FROM sbtest1 WHERE id BETWEEN 8290039 AND 8291038
	Aggregate  (cost=3878.10..3878.11 rows=1 width=8)
	  ->  Bitmap Heap Scan on sbtest1  (cost=22.73..3875.59 rows=1004 width=4)
	        Recheck Cond: ((id >= 8290039) AND (id <= 8291038))
	        ->  Bitmap Index Scan on sbtest1_pkey  (cost=0.00..22.47 rows=1004 width=0)
	              Index Cond: ((id >= 8290039) AND (id <= 8291038))

table 2 : explain SELECT SUM(k) FROM sbtest2 WHERE id BETWEEN 8958506 AND 8959505
	Aggregate  (cost=4239.15..4239.16 rows=1 width=8)
	  ->  Bitmap Heap Scan on sbtest2  (cost=27.71..4236.40 rows=1100 width=4)
	        Recheck Cond: ((id >= 8958506) AND (id <= 8959505))
	        ->  Bitmap Index Scan on sbtest2_pkey  (cost=0.00..27.43 rows=1100 width=0)
	              Index Cond: ((id >= 8958506) AND (id <= 8959505))

table 3 : explain SELECT SUM(k) FROM sbtest3 WHERE id BETWEEN 970300 AND 971299
	Aggregate  (cost=3881.69..3881.70 rows=1 width=8)
	  ->  Bitmap Heap Scan on sbtest3  (cost=22.74..3879.18 rows=1005 width=4)
	        Recheck Cond: ((id >= 970300) AND (id <= 971299))
	        ->  Bitmap Index Scan on sbtest3_pkey  (cost=0.00..22.48 rows=1005 width=0)
	              Index Cond: ((id >= 970300) AND (id <= 971299))

table 4 : explain SELECT SUM(k) FROM sbtest4 WHERE id BETWEEN 4432843 AND 4433842
	Aggregate  (cost=4152.54..4152.55 rows=1 width=8)
	  ->  Bitmap Heap Scan on sbtest4  (cost=23.47..4149.84 rows=1077 width=4)
	        Recheck Cond: ((id >= 4432843) AND (id <= 4433842))
	        ->  Bitmap Index Scan on sbtest4_pkey  (cost=0.00..23.20 rows=1077 width=0)
	              Index Cond: ((id >= 4432843) AND (id <= 4433842))

table 5 : explain SELECT SUM(k) FROM sbtest5 WHERE id BETWEEN 2273425 AND 2274424
	Aggregate  (cost=4041.21..4041.22 rows=1 width=8)
	  ->  Bitmap Heap Scan on sbtest5  (cost=23.17..4038.59 rows=1047 width=4)
	        Recheck Cond: ((id >= 2273425) AND (id <= 2274424))
	        ->  Bitmap Index Scan on sbtest5_pkey  (cost=0.00..22.90 rows=1047 width=0)
	              Index Cond: ((id >= 2273425) AND (id <= 2274424))

table 6 : explain SELECT SUM(k) FROM sbtest6 WHERE id BETWEEN 5674133 AND 5675132
	Aggregate  (cost=3795.42..3795.43 rows=1 width=8)
	  ->  Bitmap Heap Scan on sbtest6  (cost=22.50..3792.97 rows=982 width=4)
	        Recheck Cond: ((id >= 5674133) AND (id <= 5675132))
	        ->  Bitmap Index Scan on sbtest6_pkey  (cost=0.00..22.25 rows=982 width=0)
	              Index Cond: ((id >= 5674133) AND (id <= 5675132))

table 7 : explain SELECT SUM(k) FROM sbtest7 WHERE id BETWEEN 7991540 AND 7992539
	Aggregate  (cost=4244.75..4244.76 rows=1 width=8)
	  ->  Bitmap Heap Scan on sbtest7  (cost=27.71..4242.00 rows=1100 width=4)
	        Recheck Cond: ((id >= 7991540) AND (id <= 7992539))
	        ->  Bitmap Index Scan on sbtest7_pkey  (cost=0.00..27.43 rows=1100 width=0)
	              Index Cond: ((id >= 7991540) AND (id <= 7992539))

table 8 : explain SELECT SUM(k) FROM sbtest8 WHERE id BETWEEN 3173664 AND 3174663
	Aggregate  (cost=3777.54..3777.55 rows=1 width=8)
	  ->  Bitmap Heap Scan on sbtest8  (cost=22.45..3775.10 rows=977 width=4)
	        Recheck Cond: ((id >= 3173664) AND (id <= 3174663))
	        ->  Bitmap Index Scan on sbtest8_pkey  (cost=0.00..22.20 rows=977 width=0)
	              Index Cond: ((id >= 3173664) AND (id <= 3174663))

for: order_ranges
table 1 : explain SELECT c FROM sbtest1 WHERE id BETWEEN 5098350 AND 5099349 ORDER BY c
	Sort  (cost=3673.13..3675.48 rows=938 width=121)
	  Sort Key: c
	  ->  Bitmap Heap Scan on sbtest1  (cost=22.05..3626.83 rows=938 width=121)
	        Recheck Cond: ((id >= 5098350) AND (id <= 5099349))
	        ->  Bitmap Index Scan on sbtest1_pkey  (cost=0.00..21.82 rows=938 width=0)
	              Index Cond: ((id >= 5098350) AND (id <= 5099349))

table 2 : explain SELECT c FROM sbtest2 WHERE id BETWEEN 4673086 AND 4674085 ORDER BY c
	Sort  (cost=4177.34..4180.02 rows=1070 width=121)
	  Sort Key: c
	  ->  Bitmap Heap Scan on sbtest2  (cost=23.40..4123.50 rows=1070 width=121)
	        Recheck Cond: ((id >= 4673086) AND (id <= 4674085))
	        ->  Bitmap Index Scan on sbtest2_pkey  (cost=0.00..23.14 rows=1070 width=0)
	              Index Cond: ((id >= 4673086) AND (id <= 4674085))

table 3 : explain SELECT c FROM sbtest3 WHERE id BETWEEN 625985 AND 626984 ORDER BY c
	Sort  (cost=3623.18..3625.49 rows=925 width=121)
	  Sort Key: c
	  ->  Bitmap Heap Scan on sbtest3  (cost=21.92..3577.61 rows=925 width=121)
	        Recheck Cond: ((id >= 625985) AND (id <= 626984))
	        ->  Bitmap Index Scan on sbtest3_pkey  (cost=0.00..21.68 rows=925 width=0)
	              Index Cond: ((id >= 625985) AND (id <= 626984))

table 4 : explain SELECT c FROM sbtest4 WHERE id BETWEEN 5299086 AND 5300085 ORDER BY c
	Sort  (cost=3822.21..3824.66 rows=977 width=121)
	  Sort Key: c
	  ->  Bitmap Heap Scan on sbtest4  (cost=22.45..3773.70 rows=977 width=121)
	        Recheck Cond: ((id >= 5299086) AND (id <= 5300085))
	        ->  Bitmap Index Scan on sbtest4_pkey  (cost=0.00..22.20 rows=977 width=0)
	              Index Cond: ((id >= 5299086) AND (id <= 5300085))

table 5 : explain SELECT c FROM sbtest5 WHERE id BETWEEN 7869972 AND 7870971 ORDER BY c
	Sort  (cost=4442.18..4445.02 rows=1139 width=121)
	  Sort Key: c
	  ->  Bitmap Heap Scan on sbtest5  (cost=28.11..4384.35 rows=1139 width=121)
	        Recheck Cond: ((id >= 7869972) AND (id <= 7870971))
	        ->  Bitmap Index Scan on sbtest5_pkey  (cost=0.00..27.82 rows=1139 width=0)
	              Index Cond: ((id >= 7869972) AND (id <= 7870971))

table 6 : explain SELECT c FROM sbtest6 WHERE id BETWEEN 8927675 AND 8928674 ORDER BY c
	Sort  (cost=3799.69..3802.12 rows=971 width=121)
	  Sort Key: c
	  ->  Bitmap Heap Scan on sbtest6  (cost=22.39..3751.51 rows=971 width=121)
	        Recheck Cond: ((id >= 8927675) AND (id <= 8928674))
	        ->  Bitmap Index Scan on sbtest6_pkey  (cost=0.00..22.14 rows=971 width=0)
	              Index Cond: ((id >= 8927675) AND (id <= 8928674))

table 7 : explain SELECT c FROM sbtest7 WHERE id BETWEEN 9300352 AND 9301351 ORDER BY c
	Sort  (cost=3869.66..3872.13 rows=989 width=121)
	  Sort Key: c
	  ->  Bitmap Heap Scan on sbtest7  (cost=22.57..3820.45 rows=989 width=121)
	        Recheck Cond: ((id >= 9300352) AND (id <= 9301351))
	        ->  Bitmap Index Scan on sbtest7_pkey  (cost=0.00..22.32 rows=989 width=0)
	              Index Cond: ((id >= 9300352) AND (id <= 9301351))

table 8 : explain SELECT c FROM sbtest8 WHERE id BETWEEN 2255292 AND 2256291 ORDER BY c
	Sort  (cost=4053.02..4055.61 rows=1037 width=121)
	  Sort Key: c
	  ->  Bitmap Heap Scan on sbtest8  (cost=23.06..4001.08 rows=1037 width=121)
	        Recheck Cond: ((id >= 2255292) AND (id <= 2256291))
	        ->  Bitmap Index Scan on sbtest8_pkey  (cost=0.00..22.80 rows=1037 width=0)
	              Index Cond: ((id >= 2255292) AND (id <= 2256291))

for: order_ranges
table 1 : explain SELECT c FROM sbtest1 WHERE id BETWEEN 8657084 AND 8658083 ORDER BY c
	Sort  (cost=3853.01..3855.47 rows=985 width=121)
	  Sort Key: c
	  ->  Bitmap Heap Scan on sbtest1  (cost=22.53..3804.03 rows=985 width=121)
	        Recheck Cond: ((id >= 8657084) AND (id <= 8658083))
	        ->  Bitmap Index Scan on sbtest1_pkey  (cost=0.00..22.29 rows=985 width=0)
	              Index Cond: ((id >= 8657084) AND (id <= 8658083))

table 2 : explain SELECT c FROM sbtest2 WHERE id BETWEEN 4685771 AND 4686770 ORDER BY c
	Sort  (cost=4177.34..4180.02 rows=1070 width=121)
	  Sort Key: c
	  ->  Bitmap Heap Scan on sbtest2  (cost=23.40..4123.50 rows=1070 width=121)
	        Recheck Cond: ((id >= 4685771) AND (id <= 4686770))
	        ->  Bitmap Index Scan on sbtest2_pkey  (cost=0.00..23.14 rows=1070 width=0)
	              Index Cond: ((id >= 4685771) AND (id <= 4686770))

table 3 : explain SELECT c FROM sbtest3 WHERE id BETWEEN 8315863 AND 8316862 ORDER BY c
	Sort  (cost=3829.90..3832.34 rows=979 width=121)
	  Sort Key: c
	  ->  Bitmap Heap Scan on sbtest3  (cost=22.47..3781.26 rows=979 width=121)
	        Recheck Cond: ((id >= 8315863) AND (id <= 8316862))
	        ->  Bitmap Index Scan on sbtest3_pkey  (cost=0.00..22.22 rows=979 width=0)
	              Index Cond: ((id >= 8315863) AND (id <= 8316862))

table 4 : explain SELECT c FROM sbtest4 WHERE id BETWEEN 8296236 AND 8297235 ORDER BY c
	Sort  (cost=4009.48..4012.05 rows=1026 width=121)
	  Sort Key: c
	  ->  Bitmap Heap Scan on sbtest4  (cost=22.95..3958.17 rows=1026 width=121)
	        Recheck Cond: ((id >= 8296236) AND (id <= 8297235))
	        ->  Bitmap Index Scan on sbtest4_pkey  (cost=0.00..22.69 rows=1026 width=0)
	              Index Cond: ((id >= 8296236) AND (id <= 8297235))

table 5 : explain SELECT c FROM sbtest5 WHERE id BETWEEN 254727 AND 255726 ORDER BY c
	Sort  (cost=4171.27..4173.94 rows=1068 width=121)
	  Sort Key: c
	  ->  Bitmap Heap Scan on sbtest5  (cost=23.38..4117.55 rows=1068 width=121)
	        Recheck Cond: ((id >= 254727) AND (id <= 255726))
	        ->  Bitmap Index Scan on sbtest5_pkey  (cost=0.00..23.11 rows=1068 width=0)
	              Index Cond: ((id >= 254727) AND (id <= 255726))

table 6 : explain SELECT c FROM sbtest6 WHERE id BETWEEN 3695969 AND 3696968 ORDER BY c
	Sort  (cost=4002.31..4004.87 rows=1024 width=121)
	  Sort Key: c
	  ->  Bitmap Heap Scan on sbtest6  (cost=22.93..3951.11 rows=1024 width=121)
	        Recheck Cond: ((id >= 3695969) AND (id <= 3696968))
	        ->  Bitmap Index Scan on sbtest6_pkey  (cost=0.00..22.68 rows=1024 width=0)
	              Index Cond: ((id >= 3695969) AND (id <= 3696968))

table 7 : explain SELECT c FROM sbtest7 WHERE id BETWEEN 6781563 AND 6782562 ORDER BY c
	Sort  (cost=3881.13..3883.61 rows=992 width=121)
	  Sort Key: c
	  ->  Bitmap Heap Scan on sbtest7  (cost=22.60..3831.76 rows=992 width=121)
	        Recheck Cond: ((id >= 6781563) AND (id <= 6782562))
	        ->  Bitmap Index Scan on sbtest7_pkey  (cost=0.00..22.36 rows=992 width=0)
	              Index Cond: ((id >= 6781563) AND (id <= 6782562))

table 8 : explain SELECT c FROM sbtest8 WHERE id BETWEEN 7346286 AND 7347285 ORDER BY c
	Sort  (cost=4129.39..4132.03 rows=1057 width=121)
	  Sort Key: c
	  ->  Bitmap Heap Scan on sbtest8  (cost=23.27..4076.30 rows=1057 width=121)
	        Recheck Cond: ((id >= 7346286) AND (id <= 7347285))
	        ->  Bitmap Index Scan on sbtest8_pkey  (cost=0.00..23.00 rows=1057 width=0)
	              Index Cond: ((id >= 7346286) AND (id <= 7347285))

for: simple_ranges
table 1 : explain SELECT c FROM sbtest1 WHERE id BETWEEN 5076996 AND 5077995
	Bitmap Heap Scan on sbtest1  (cost=23.47..4150.07 rows=1077 width=121)
	  Recheck Cond: ((id >= 5076996) AND (id <= 5077995))
	  ->  Bitmap Index Scan on sbtest1_pkey  (cost=0.00..23.20 rows=1077 width=0)
	        Index Cond: ((id >= 5076996) AND (id <= 5077995))

table 2 : explain SELECT c FROM sbtest2 WHERE id BETWEEN 537017 AND 538016
	Bitmap Heap Scan on sbtest2  (cost=22.92..3946.84 rows=1023 width=121)
	  Recheck Cond: ((id >= 537017) AND (id <= 538016))
	  ->  Bitmap Index Scan on sbtest2_pkey  (cost=0.00..22.66 rows=1023 width=0)
	        Index Cond: ((id >= 537017) AND (id <= 538016))

table 3 : explain SELECT c FROM sbtest3 WHERE id BETWEEN 7891864 AND 7892863
	Bitmap Heap Scan on sbtest3  (cost=22.48..3785.03 rows=980 width=121)
	  Recheck Cond: ((id >= 7891864) AND (id <= 7892863))
	  ->  Bitmap Index Scan on sbtest3_pkey  (cost=0.00..22.23 rows=980 width=0)
	        Index Cond: ((id >= 7891864) AND (id <= 7892863))

table 4 : explain SELECT c FROM sbtest4 WHERE id BETWEEN 1300046 AND 1301045
	Bitmap Heap Scan on sbtest4  (cost=27.82..4277.72 rows=1111 width=121)
	  Recheck Cond: ((id >= 1300046) AND (id <= 1301045))
	  ->  Bitmap Index Scan on sbtest4_pkey  (cost=0.00..27.54 rows=1111 width=0)
	        Index Cond: ((id >= 1300046) AND (id <= 1301045))

table 5 : explain SELECT c FROM sbtest5 WHERE id BETWEEN 795113 AND 796112
	Bitmap Heap Scan on sbtest5  (cost=28.18..4410.60 rows=1146 width=121)
	  Recheck Cond: ((id >= 795113) AND (id <= 796112))
	  ->  Bitmap Index Scan on sbtest5_pkey  (cost=0.00..27.89 rows=1146 width=0)
	        Index Cond: ((id >= 795113) AND (id <= 796112))

table 6 : explain SELECT c FROM sbtest6 WHERE id BETWEEN 6212863 AND 6213862
	Bitmap Heap Scan on sbtest6  (cost=23.25..4067.68 rows=1055 width=121)
	  Recheck Cond: ((id >= 6212863) AND (id <= 6213862))
	  ->  Bitmap Index Scan on sbtest6_pkey  (cost=0.00..22.98 rows=1055 width=0)
	        Index Cond: ((id >= 6212863) AND (id <= 6213862))

table 7 : explain SELECT c FROM sbtest7 WHERE id BETWEEN 7300612 AND 7301611
	Bitmap Heap Scan on sbtest7  (cost=21.67..3488.29 rows=901 width=121)
	  Recheck Cond: ((id >= 7300612) AND (id <= 7301611))
	  ->  Bitmap Index Scan on sbtest7_pkey  (cost=0.00..21.44 rows=901 width=0)
	        Index Cond: ((id >= 7300612) AND (id <= 7301611))

table 8 : explain SELECT c FROM sbtest8 WHERE id BETWEEN 8641334 AND 8642333
	Bitmap Heap Scan on sbtest8  (cost=22.21..3688.35 rows=954 width=121)
	  Recheck Cond: ((id >= 8641334) AND (id <= 8642333))
	  ->  Bitmap Index Scan on sbtest8_pkey  (cost=0.00..21.97 rows=954 width=0)
	        Index Cond: ((id >= 8641334) AND (id <= 8642333))

for: order_ranges
table 1 : explain SELECT c FROM sbtest1 WHERE id BETWEEN 5357221 AND 5358220 ORDER BY c
	Sort  (cost=4055.51..4058.11 rows=1038 width=121)
	  Sort Key: c
	  ->  Bitmap Heap Scan on sbtest1  (cost=23.07..4003.51 rows=1038 width=121)
	        Recheck Cond: ((id >= 5357221) AND (id <= 5358220))
	        ->  Bitmap Index Scan on sbtest1_pkey  (cost=0.00..22.82 rows=1038 width=0)
	              Index Cond: ((id >= 5357221) AND (id <= 5358220))

table 2 : explain SELECT c FROM sbtest2 WHERE id BETWEEN 6610207 AND 6611206 ORDER BY c
	Sort  (cost=4036.16..4038.75 rows=1033 width=121)
	  Sort Key: c
	  ->  Bitmap Heap Scan on sbtest2  (cost=23.02..3984.45 rows=1033 width=121)
	        Recheck Cond: ((id >= 6610207) AND (id <= 6611206))
	        ->  Bitmap Index Scan on sbtest2_pkey  (cost=0.00..22.76 rows=1033 width=0)
	              Index Cond: ((id >= 6610207) AND (id <= 6611206))

table 3 : explain SELECT c FROM sbtest3 WHERE id BETWEEN 6387594 AND 6388593 ORDER BY c
	Sort  (cost=3902.54..3905.04 rows=998 width=121)
	  Sort Key: c
	  ->  Bitmap Heap Scan on sbtest3  (cost=22.66..3852.83 rows=998 width=121)
	        Recheck Cond: ((id >= 6387594) AND (id <= 6388593))
	        ->  Bitmap Index Scan on sbtest3_pkey  (cost=0.00..22.41 rows=998 width=0)
	              Index Cond: ((id >= 6387594) AND (id <= 6388593))

table 4 : explain SELECT c FROM sbtest4 WHERE id BETWEEN 1507290 AND 1508289 ORDER BY c
	Sort  (cost=3933.08..3935.60 rows=1006 width=121)
	  Sort Key: c
	  ->  Bitmap Heap Scan on sbtest4  (cost=22.75..3882.91 rows=1006 width=121)
	        Recheck Cond: ((id >= 1507290) AND (id <= 1508289))
	        ->  Bitmap Index Scan on sbtest4_pkey  (cost=0.00..22.50 rows=1006 width=0)
	              Index Cond: ((id >= 1507290) AND (id <= 1508289))

table 5 : explain SELECT c FROM sbtest5 WHERE id BETWEEN 863239 AND 864238 ORDER BY c
	Sort  (cost=4468.83..4471.69 rows=1146 width=121)
	  Sort Key: c
	  ->  Bitmap Heap Scan on sbtest5  (cost=28.18..4410.60 rows=1146 width=121)
	        Recheck Cond: ((id >= 863239) AND (id <= 864238))
	        ->  Bitmap Index Scan on sbtest5_pkey  (cost=0.00..27.89 rows=1146 width=0)
	              Index Cond: ((id >= 863239) AND (id <= 864238))

table 6 : explain SELECT c FROM sbtest6 WHERE id BETWEEN 9201708 AND 9202707 ORDER BY c
	Sort  (cost=4638.83..4641.81 rows=1191 width=121)
	  Sort Key: c
	  ->  Bitmap Heap Scan on sbtest6  (cost=28.64..4577.99 rows=1191 width=121)
	        Recheck Cond: ((id >= 9201708) AND (id <= 9202707))
	        ->  Bitmap Index Scan on sbtest6_pkey  (cost=0.00..28.34 rows=1191 width=0)
	              Index Cond: ((id >= 9201708) AND (id <= 9202707))

table 7 : explain SELECT c FROM sbtest7 WHERE id BETWEEN 6410452 AND 6411451 ORDER BY c
	Sort  (cost=4190.59..4193.27 rows=1073 width=121)
	  Sort Key: c
	  ->  Bitmap Heap Scan on sbtest7  (cost=23.43..4136.58 rows=1073 width=121)
	        Recheck Cond: ((id >= 6410452) AND (id <= 6411451))
	        ->  Bitmap Index Scan on sbtest7_pkey  (cost=0.00..23.16 rows=1073 width=0)
	              Index Cond: ((id >= 6410452) AND (id <= 6411451))

table 8 : explain SELECT c FROM sbtest8 WHERE id BETWEEN 4400023 AND 4401022 ORDER BY c
	Sort  (cost=3635.95..3638.27 rows=928 width=121)
	  Sort Key: c
	  ->  Bitmap Heap Scan on sbtest8  (cost=21.95..3590.21 rows=928 width=121)
	        Recheck Cond: ((id >= 4400023) AND (id <= 4401022))
	        ->  Bitmap Index Scan on sbtest8_pkey  (cost=0.00..21.71 rows=928 width=0)
	              Index Cond: ((id >= 4400023) AND (id <= 4401022))

for: sum_ranges
table 1 : explain SELECT SUM(k) FROM sbtest1 WHERE id BETWEEN 5551644 AND 5552643
	Aggregate  (cost=4002.34..4002.35 rows=1 width=8)
	  ->  Bitmap Heap Scan on sbtest1  (cost=23.06..3999.75 rows=1037 width=4)
	        Recheck Cond: ((id >= 5551644) AND (id <= 5552643))
	        ->  Bitmap Index Scan on sbtest1_pkey  (cost=0.00..22.80 rows=1037 width=0)
	              Index Cond: ((id >= 5551644) AND (id <= 5552643))

table 2 : explain SELECT SUM(k) FROM sbtest2 WHERE id BETWEEN 6812328 AND 6813327
	Aggregate  (cost=4058.51..4058.52 rows=1 width=8)
	  ->  Bitmap Heap Scan on sbtest2  (cost=23.22..4055.88 rows=1052 width=4)
	        Recheck Cond: ((id >= 6812328) AND (id <= 6813327))
	        ->  Bitmap Index Scan on sbtest2_pkey  (cost=0.00..22.95 rows=1052 width=0)
	              Index Cond: ((id >= 6812328) AND (id <= 6813327))

table 3 : explain SELECT SUM(k) FROM sbtest3 WHERE id BETWEEN 982480 AND 983479
	Aggregate  (cost=3881.69..3881.70 rows=1 width=8)
	  ->  Bitmap Heap Scan on sbtest3  (cost=22.74..3879.18 rows=1005 width=4)
	        Recheck Cond: ((id >= 982480) AND (id <= 983479))
	        ->  Bitmap Index Scan on sbtest3_pkey  (cost=0.00..22.48 rows=1005 width=0)
	              Index Cond: ((id >= 982480) AND (id <= 983479))

table 4 : explain SELECT SUM(k) FROM sbtest4 WHERE id BETWEEN 2288244 AND 2289243
	Aggregate  (cost=3772.37..3772.38 rows=1 width=8)
	  ->  Bitmap Heap Scan on sbtest4  (cost=22.44..3769.93 rows=976 width=4)
	        Recheck Cond: ((id >= 2288244) AND (id <= 2289243))
	        ->  Bitmap Index Scan on sbtest4_pkey  (cost=0.00..22.19 rows=976 width=0)
	              Index Cond: ((id >= 2288244) AND (id <= 2289243))

table 5 : explain SELECT SUM(k) FROM sbtest5 WHERE id BETWEEN 6653518 AND 6654517
	Aggregate  (cost=4176.61..4176.62 rows=1 width=8)
	  ->  Bitmap Heap Scan on sbtest5  (cost=23.54..4173.91 rows=1083 width=4)
	        Recheck Cond: ((id >= 6653518) AND (id <= 6654517))
	        ->  Bitmap Index Scan on sbtest5_pkey  (cost=0.00..23.26 rows=1083 width=0)
	              Index Cond: ((id >= 6653518) AND (id <= 6654517))

table 6 : explain SELECT SUM(k) FROM sbtest6 WHERE id BETWEEN 855542 AND 856541
	Aggregate  (cost=3629.39..3629.40 rows=1 width=8)
	  ->  Bitmap Heap Scan on sbtest6  (cost=22.05..3627.05 rows=938 width=4)
	        Recheck Cond: ((id >= 855542) AND (id <= 856541))
	        ->  Bitmap Index Scan on sbtest6_pkey  (cost=0.00..21.82 rows=938 width=0)
	              Index Cond: ((id >= 855542) AND (id <= 856541))

table 7 : explain SELECT SUM(k) FROM sbtest7 WHERE id BETWEEN 2219209 AND 2220208
	Aggregate  (cost=4067.79..4067.80 rows=1 width=8)
	  ->  Bitmap Heap Scan on sbtest7  (cost=23.24..4065.15 rows=1054 width=4)
	        Recheck Cond: ((id >= 2219209) AND (id <= 2220208))
	        ->  Bitmap Index Scan on sbtest7_pkey  (cost=0.00..22.97 rows=1054 width=0)
	              Index Cond: ((id >= 2219209) AND (id <= 2220208))

table 8 : explain SELECT SUM(k) FROM sbtest8 WHERE id BETWEEN 2569511 AND 2570510
	Aggregate  (cost=3758.68..3758.69 rows=1 width=8)
	  ->  Bitmap Heap Scan on sbtest8  (cost=22.40..3756.25 rows=972 width=4)
	        Recheck Cond: ((id >= 2569511) AND (id <= 2570510))
	        ->  Bitmap Index Scan on sbtest8_pkey  (cost=0.00..22.15 rows=972 width=0)
	              Index Cond: ((id >= 2569511) AND (id <= 2570510))

explain: for point_selects :: explain SELECT c FROM sbtest%u WHERE id=%u
for: order_ranges
table 1 : explain SELECT c FROM sbtest1 WHERE id BETWEEN 9042434 AND 9043433 ORDER BY c
	Sort  (cost=3875.95..3878.43 rows=991 width=121)
	  Sort Key: c
	  ->  Bitmap Heap Scan on sbtest1  (cost=22.59..3826.63 rows=991 width=121)
	        Recheck Cond: ((id >= 9042434) AND (id <= 9043433))
	        ->  Bitmap Index Scan on sbtest1_pkey  (cost=0.00..22.34 rows=991 width=0)
	              Index Cond: ((id >= 9042434) AND (id <= 9043433))

table 2 : explain SELECT c FROM sbtest2 WHERE id BETWEEN 3694384 AND 3695383 ORDER BY c
	Sort  (cost=3875.71..3878.18 rows=991 width=121)
	  Sort Key: c
	  ->  Bitmap Heap Scan on sbtest2  (cost=22.59..3826.39 rows=991 width=121)
	        Recheck Cond: ((id >= 3694384) AND (id <= 3695383))
	        ->  Bitmap Index Scan on sbtest2_pkey  (cost=0.00..22.34 rows=991 width=0)
	              Index Cond: ((id >= 3694384) AND (id <= 3695383))

table 3 : explain SELECT c FROM sbtest3 WHERE id BETWEEN 7568795 AND 7569794 ORDER BY c
	Sort  (cost=4062.97..4065.57 rows=1040 width=121)
	  Sort Key: c
	  ->  Bitmap Heap Scan on sbtest3  (cost=23.09..4010.85 rows=1040 width=121)
	        Recheck Cond: ((id >= 7568795) AND (id <= 7569794))
	        ->  Bitmap Index Scan on sbtest3_pkey  (cost=0.00..22.83 rows=1040 width=0)
	              Index Cond: ((id >= 7568795) AND (id <= 7569794))

table 4 : explain SELECT c FROM sbtest4 WHERE id BETWEEN 9680719 AND 9681718 ORDER BY c
	Sort  (cost=3596.33..3598.63 rows=918 width=121)
	  Sort Key: c
	  ->  Bitmap Heap Scan on sbtest4  (cost=21.84..3551.15 rows=918 width=121)
	        Recheck Cond: ((id >= 9680719) AND (id <= 9681718))
	        ->  Bitmap Index Scan on sbtest4_pkey  (cost=0.00..21.61 rows=918 width=0)
	              Index Cond: ((id >= 9680719) AND (id <= 9681718))

table 5 : explain SELECT c FROM sbtest5 WHERE id BETWEEN 7803661 AND 7804660 ORDER BY c
	Sort  (cost=4171.27..4173.94 rows=1068 width=121)
	  Sort Key: c
	  ->  Bitmap Heap Scan on sbtest5  (cost=23.38..4117.55 rows=1068 width=121)
	        Recheck Cond: ((id >= 7803661) AND (id <= 7804660))
	        ->  Bitmap Index Scan on sbtest5_pkey  (cost=0.00..23.11 rows=1068 width=0)
	              Index Cond: ((id >= 7803661) AND (id <= 7804660))

table 6 : explain SELECT c FROM sbtest6 WHERE id BETWEEN 2161383 AND 2162382 ORDER BY c
	Sort  (cost=3983.21..3985.75 rows=1019 width=121)
	  Sort Key: c
	  ->  Bitmap Heap Scan on sbtest6  (cost=22.88..3932.29 rows=1019 width=121)
	        Recheck Cond: ((id >= 2161383) AND (id <= 2162382))
	        ->  Bitmap Index Scan on sbtest6_pkey  (cost=0.00..22.62 rows=1019 width=0)
	              Index Cond: ((id >= 2161383) AND (id <= 2162382))

table 7 : explain SELECT c FROM sbtest7 WHERE id BETWEEN 2620231 AND 2621230 ORDER BY c
	Sort  (cost=3881.13..3883.61 rows=992 width=121)
	  Sort Key: c
	  ->  Bitmap Heap Scan on sbtest7  (cost=22.60..3831.76 rows=992 width=121)
	        Recheck Cond: ((id >= 2620231) AND (id <= 2621230))
	        ->  Bitmap Index Scan on sbtest7_pkey  (cost=0.00..22.36 rows=992 width=0)
	              Index Cond: ((id >= 2620231) AND (id <= 2621230))

table 8 : explain SELECT c FROM sbtest8 WHERE id BETWEEN 377383 AND 378382 ORDER BY c
	Sort  (cost=3670.44..3672.78 rows=937 width=121)
	  Sort Key: c
	  ->  Bitmap Heap Scan on sbtest8  (cost=22.04..3624.19 rows=937 width=121)
	        Recheck Cond: ((id >= 377383) AND (id <= 378382))
	        ->  Bitmap Index Scan on sbtest8_pkey  (cost=0.00..21.80 rows=937 width=0)
	              Index Cond: ((id >= 377383) AND (id <= 378382))

for: distinct_ranges
table 1 : explain SELECT DISTINCT c FROM sbtest1 WHERE id BETWEEN 1572467 AND 1573466 ORDER BY c
	Unique  (cost=3799.46..3804.31 rows=971 width=121)
	  ->  Sort  (cost=3799.46..3801.88 rows=971 width=121)
	        Sort Key: c
	        ->  Bitmap Heap Scan on sbtest1  (cost=22.39..3751.28 rows=971 width=121)
	              Recheck Cond: ((id >= 1572467) AND (id <= 1573466))
	              ->  Bitmap Index Scan on sbtest1_pkey  (cost=0.00..22.14 rows=971 width=0)
	                    Index Cond: ((id >= 1572467) AND (id <= 1573466))

table 2 : explain SELECT DISTINCT c FROM sbtest2 WHERE id BETWEEN 8842713 AND 8843712 ORDER BY c
	Unique  (cost=3902.46..3907.45 rows=998 width=121)
	  ->  Sort  (cost=3902.46..3904.96 rows=998 width=121)
	        Sort Key: c
	        ->  Bitmap Heap Scan on sbtest2  (cost=22.66..3852.75 rows=998 width=121)
	              Recheck Cond: ((id >= 8842713) AND (id <= 8843712))
	              ->  Bitmap Index Scan on sbtest2_pkey  (cost=0.00..22.41 rows=998 width=0)
	                    Index Cond: ((id >= 8842713) AND (id <= 8843712))

table 3 : explain SELECT DISTINCT c FROM sbtest3 WHERE id BETWEEN 8851779 AND 8852778 ORDER BY c
	Unique  (cost=3787.82..3792.66 rows=968 width=121)
	  ->  Sort  (cost=3787.82..3790.24 rows=968 width=121)
	        Sort Key: c
	        ->  Bitmap Heap Scan on sbtest3  (cost=22.36..3739.81 rows=968 width=121)
	              Recheck Cond: ((id >= 8851779) AND (id <= 8852778))
	              ->  Bitmap Index Scan on sbtest3_pkey  (cost=0.00..22.11 rows=968 width=0)
	                    Index Cond: ((id >= 8851779) AND (id <= 8852778))

table 4 : explain SELECT DISTINCT c FROM sbtest4 WHERE id BETWEEN 85057 AND 86056 ORDER BY c
	Unique  (cost=3642.31..3646.96 rows=930 width=121)
	  ->  Sort  (cost=3642.31..3644.63 rows=930 width=121)
	        Sort Key: c
	        ->  Bitmap Heap Scan on sbtest4  (cost=21.97..3596.45 rows=930 width=121)
	              Recheck Cond: ((id >= 85057) AND (id <= 86056))
	              ->  Bitmap Index Scan on sbtest4_pkey  (cost=0.00..21.73 rows=930 width=0)
	                    Index Cond: ((id >= 85057) AND (id <= 86056))

table 5 : explain SELECT DISTINCT c FROM sbtest5 WHERE id BETWEEN 7046325 AND 7047324 ORDER BY c
	Unique  (cost=3930.63..3935.66 rows=1005 width=121)
	  ->  Sort  (cost=3930.63..3933.15 rows=1005 width=121)
	        Sort Key: c
	        ->  Bitmap Heap Scan on sbtest5  (cost=22.74..3880.52 rows=1005 width=121)
	              Recheck Cond: ((id >= 7046325) AND (id <= 7047324))
	              ->  Bitmap Index Scan on sbtest5_pkey  (cost=0.00..22.48 rows=1005 width=0)
	                    Index Cond: ((id >= 7046325) AND (id <= 7047324))

table 6 : explain SELECT DISTINCT c FROM sbtest6 WHERE id BETWEEN 9410614 AND 9411613 ORDER BY c
	Unique  (cost=4101.58..4106.83 rows=1050 width=121)
	  ->  Sort  (cost=4101.58..4104.20 rows=1050 width=121)
	        Sort Key: c
	        ->  Bitmap Heap Scan on sbtest6  (cost=23.20..4048.89 rows=1050 width=121)
	              Recheck Cond: ((id >= 9410614) AND (id <= 9411613))
	              ->  Bitmap Index Scan on sbtest6_pkey  (cost=0.00..22.93 rows=1050 width=0)
	                    Index Cond: ((id >= 9410614) AND (id <= 9411613))

table 7 : explain SELECT DISTINCT c FROM sbtest7 WHERE id BETWEEN 5678794 AND 5679793 ORDER BY c
	Unique  (cost=4106.62..4111.87 rows=1051 width=121)
	  ->  Sort  (cost=4106.62..4109.24 rows=1051 width=121)
	        Sort Key: c
	        ->  Bitmap Heap Scan on sbtest7  (cost=23.21..4053.87 rows=1051 width=121)
	              Recheck Cond: ((id >= 5678794) AND (id <= 5679793))
	              ->  Bitmap Index Scan on sbtest7_pkey  (cost=0.00..22.94 rows=1051 width=0)
	                    Index Cond: ((id >= 5678794) AND (id <= 5679793))

table 8 : explain SELECT DISTINCT c FROM sbtest8 WHERE id BETWEEN 9024918 AND 9025917 ORDER BY c
	Unique  (cost=3907.78..3912.78 rows=999 width=121)
	  ->  Sort  (cost=3907.78..3910.28 rows=999 width=121)
	        Sort Key: c
	        ->  Bitmap Heap Scan on sbtest8  (cost=22.67..3858.01 rows=999 width=121)
	              Recheck Cond: ((id >= 9024918) AND (id <= 9025917))
	              ->  Bitmap Index Scan on sbtest8_pkey  (cost=0.00..22.43 rows=999 width=0)
	                    Index Cond: ((id >= 9024918) AND (id <= 9025917))

for: distinct_ranges
table 1 : explain SELECT DISTINCT c FROM sbtest1 WHERE id BETWEEN 466436 AND 467435 ORDER BY c
	Unique  (cost=3791.80..3796.65 rows=969 width=121)
	  ->  Sort  (cost=3791.80..3794.23 rows=969 width=121)
	        Sort Key: c
	        ->  Bitmap Heap Scan on sbtest1  (cost=22.37..3743.74 rows=969 width=121)
	              Recheck Cond: ((id >= 466436) AND (id <= 467435))
	              ->  Bitmap Index Scan on sbtest1_pkey  (cost=0.00..22.12 rows=969 width=0)
	                    Index Cond: ((id >= 466436) AND (id <= 467435))

table 2 : explain SELECT DISTINCT c FROM sbtest2 WHERE id BETWEEN 8551076 AND 8552075 ORDER BY c
	Unique  (cost=4379.57..4385.18 rows=1123 width=121)
	  ->  Sort  (cost=4379.57..4382.37 rows=1123 width=121)
	        Sort Key: c
	        ->  Bitmap Heap Scan on sbtest2  (cost=27.95..4322.67 rows=1123 width=121)
	              Recheck Cond: ((id >= 8551076) AND (id <= 8552075))
	              ->  Bitmap Index Scan on sbtest2_pkey  (cost=0.00..27.66 rows=1123 width=0)
	                    Index Cond: ((id >= 8551076) AND (id <= 8552075))

table 3 : explain SELECT DISTINCT c FROM sbtest3 WHERE id BETWEEN 4467762 AND 4468761 ORDER BY c
	Unique  (cost=3852.84..3857.77 rows=985 width=121)
	  ->  Sort  (cost=3852.84..3855.30 rows=985 width=121)
	        Sort Key: c
	        ->  Bitmap Heap Scan on sbtest3  (cost=22.53..3803.87 rows=985 width=121)
	              Recheck Cond: ((id >= 4467762) AND (id <= 4468761))
	              ->  Bitmap Index Scan on sbtest3_pkey  (cost=0.00..22.29 rows=985 width=0)
	                    Index Cond: ((id >= 4467762) AND (id <= 4468761))

table 4 : explain SELECT DISTINCT c FROM sbtest4 WHERE id BETWEEN 9029140 AND 9030139 ORDER BY c
	Unique  (cost=3936.90..3941.94 rows=1007 width=121)
	  ->  Sort  (cost=3936.90..3939.42 rows=1007 width=121)
	        Sort Key: c
	        ->  Bitmap Heap Scan on sbtest4  (cost=22.76..3886.68 rows=1007 width=121)
	              Recheck Cond: ((id >= 9029140) AND (id <= 9030139))
	              ->  Bitmap Index Scan on sbtest4_pkey  (cost=0.00..22.50 rows=1007 width=0)
	                    Index Cond: ((id >= 9029140) AND (id <= 9030139))

table 5 : explain SELECT DISTINCT c FROM sbtest5 WHERE id BETWEEN 9507860 AND 9508859 ORDER BY c
	Unique  (cost=4129.29..4134.57 rows=1057 width=121)
	  ->  Sort  (cost=4129.29..4131.93 rows=1057 width=121)
	        Sort Key: c
	        ->  Bitmap Heap Scan on sbtest5  (cost=23.27..4076.20 rows=1057 width=121)
	              Recheck Cond: ((id >= 9507860) AND (id <= 9508859))
	              ->  Bitmap Index Scan on sbtest5_pkey  (cost=0.00..23.00 rows=1057 width=0)
	                    Index Cond: ((id >= 9507860) AND (id <= 9508859))

table 6 : explain SELECT DISTINCT c FROM sbtest6 WHERE id BETWEEN 5245748 AND 5246747 ORDER BY c
	Unique  (cost=3937.35..3942.39 rows=1007 width=121)
	  ->  Sort  (cost=3937.35..3939.87 rows=1007 width=121)
	        Sort Key: c
	        ->  Bitmap Heap Scan on sbtest6  (cost=22.76..3887.13 rows=1007 width=121)
	              Recheck Cond: ((id >= 5245748) AND (id <= 5246747))
	              ->  Bitmap Index Scan on sbtest6_pkey  (cost=0.00..22.50 rows=1007 width=0)
	                    Index Cond: ((id >= 5245748) AND (id <= 5246747))

table 7 : explain SELECT DISTINCT c FROM sbtest7 WHERE id BETWEEN 8928662 AND 8929661 ORDER BY c
	Unique  (cost=4064.61..4069.81 rows=1040 width=121)
	  ->  Sort  (cost=4064.61..4067.21 rows=1040 width=121)
	        Sort Key: c
	        ->  Bitmap Heap Scan on sbtest7  (cost=23.09..4012.49 rows=1040 width=121)
	              Recheck Cond: ((id >= 8928662) AND (id <= 8929661))
	              ->  Bitmap Index Scan on sbtest7_pkey  (cost=0.00..22.83 rows=1040 width=0)
	                    Index Cond: ((id >= 8928662) AND (id <= 8929661))

table 8 : explain SELECT DISTINCT c FROM sbtest8 WHERE id BETWEEN 9306159 AND 9307158 ORDER BY c
	Unique  (cost=3968.96..3974.03 rows=1015 width=121)
	  ->  Sort  (cost=3968.96..3971.49 rows=1015 width=121)
	        Sort Key: c
	        ->  Bitmap Heap Scan on sbtest8  (cost=22.84..3918.27 rows=1015 width=121)
	              Recheck Cond: ((id >= 9306159) AND (id <= 9307158))
	              ->  Bitmap Index Scan on sbtest8_pkey  (cost=0.00..22.58 rows=1015 width=0)
	                    Index Cond: ((id >= 9306159) AND (id <= 9307158))

for: distinct_ranges
table 1 : explain SELECT DISTINCT c FROM sbtest1 WHERE id BETWEEN 3378559 AND 3379558 ORDER BY c
	Unique  (cost=3814.76..3819.63 rows=975 width=121)
	  ->  Sort  (cost=3814.76..3817.20 rows=975 width=121)
	        Sort Key: c
	        ->  Bitmap Heap Scan on sbtest1  (cost=22.43..3766.35 rows=975 width=121)
	              Recheck Cond: ((id >= 3378559) AND (id <= 3379558))
	              ->  Bitmap Index Scan on sbtest1_pkey  (cost=0.00..22.18 rows=975 width=0)
	                    Index Cond: ((id >= 3378559) AND (id <= 3379558))

table 2 : explain SELECT DISTINCT c FROM sbtest2 WHERE id BETWEEN 2478506 AND 2479505 ORDER BY c
	Unique  (cost=4055.25..4060.44 rows=1038 width=121)
	  ->  Sort  (cost=4055.25..4057.85 rows=1038 width=121)
	        Sort Key: c
	        ->  Bitmap Heap Scan on sbtest2  (cost=23.07..4003.25 rows=1038 width=121)
	              Recheck Cond: ((id >= 2478506) AND (id <= 2479505))
	              ->  Bitmap Index Scan on sbtest2_pkey  (cost=0.00..22.82 rows=1038 width=0)
	                    Index Cond: ((id >= 2478506) AND (id <= 2479505))

table 3 : explain SELECT DISTINCT c FROM sbtest3 WHERE id BETWEEN 5843948 AND 5844947 ORDER BY c
	Unique  (cost=4013.34..4018.47 rows=1027 width=121)
	  ->  Sort  (cost=4013.34..4015.90 rows=1027 width=121)
	        Sort Key: c
	        ->  Bitmap Heap Scan on sbtest3  (cost=22.96..3961.96 rows=1027 width=121)
	              Recheck Cond: ((id >= 5843948) AND (id <= 5844947))
	              ->  Bitmap Index Scan on sbtest3_pkey  (cost=0.00..22.70 rows=1027 width=0)
	                    Index Cond: ((id >= 5843948) AND (id <= 5844947))

table 4 : explain SELECT DISTINCT c FROM sbtest4 WHERE id BETWEEN 9442919 AND 9443918 ORDER BY c
	Unique  (cost=3948.37..3953.42 rows=1010 width=121)
	  ->  Sort  (cost=3948.37..3950.89 rows=1010 width=121)
	        Sort Key: c
	        ->  Bitmap Heap Scan on sbtest4  (cost=22.79..3897.97 rows=1010 width=121)
	              Recheck Cond: ((id >= 9442919) AND (id <= 9443918))
	              ->  Bitmap Index Scan on sbtest4_pkey  (cost=0.00..22.54 rows=1010 width=0)
	                    Index Cond: ((id >= 9442919) AND (id <= 9443918))

table 5 : explain SELECT DISTINCT c FROM sbtest5 WHERE id BETWEEN 4370976 AND 4371975 ORDER BY c
	Unique  (cost=3735.48..3740.25 rows=954 width=121)
	  ->  Sort  (cost=3735.48..3737.86 rows=954 width=121)
	        Sort Key: c
	        ->  Bitmap Heap Scan on sbtest5  (cost=22.21..3688.27 rows=954 width=121)
	              Recheck Cond: ((id >= 4370976) AND (id <= 4371975))
	              ->  Bitmap Index Scan on sbtest5_pkey  (cost=0.00..21.97 rows=954 width=0)
	                    Index Cond: ((id >= 4370976) AND (id <= 4371975))

table 6 : explain SELECT DISTINCT c FROM sbtest6 WHERE id BETWEEN 4369597 AND 4370596 ORDER BY c
	Unique  (cost=3967.92..3973.00 rows=1015 width=121)
	  ->  Sort  (cost=3967.92..3970.46 rows=1015 width=121)
	        Sort Key: c
	        ->  Bitmap Heap Scan on sbtest6  (cost=22.84..3917.24 rows=1015 width=121)
	              Recheck Cond: ((id >= 4369597) AND (id <= 4370596))
	              ->  Bitmap Index Scan on sbtest6_pkey  (cost=0.00..22.58 rows=1015 width=0)
	                    Index Cond: ((id >= 4369597) AND (id <= 4370596))

table 7 : explain SELECT DISTINCT c FROM sbtest7 WHERE id BETWEEN 5008947 AND 5009946 ORDER BY c
	Unique  (cost=3796.95..3801.80 rows=970 width=121)
	  ->  Sort  (cost=3796.95..3799.37 rows=970 width=121)
	        Sort Key: c
	        ->  Bitmap Heap Scan on sbtest7  (cost=22.38..3748.82 rows=970 width=121)
	              Recheck Cond: ((id >= 5008947) AND (id <= 5009946))
	              ->  Bitmap Index Scan on sbtest7_pkey  (cost=0.00..22.14 rows=970 width=0)
	                    Index Cond: ((id >= 5008947) AND (id <= 5009946))

table 8 : explain SELECT DISTINCT c FROM sbtest8 WHERE id BETWEEN 6201235 AND 6202234 ORDER BY c
	Unique  (cost=4159.92..4165.25 rows=1065 width=121)
	  ->  Sort  (cost=4159.92..4162.59 rows=1065 width=121)
	        Sort Key: c
	        ->  Bitmap Heap Scan on sbtest8  (cost=23.35..4106.37 rows=1065 width=121)
	              Recheck Cond: ((id >= 6201235) AND (id <= 6202234))
	              ->  Bitmap Index Scan on sbtest8_pkey  (cost=0.00..23.08 rows=1065 width=0)
	                    Index Cond: ((id >= 6201235) AND (id <= 6202234))

for point_selects
table 1 : explain SELECT c FROM sbtest1 WHERE id=7259286
	Index Scan using sbtest1_pkey on sbtest1  (cost=0.43..8.45 rows=1 width=121)
	  Index Cond: (id = 7259286)

table 2 : explain SELECT c FROM sbtest2 WHERE id=9862321
	Index Scan using sbtest2_pkey on sbtest2  (cost=0.43..8.45 rows=1 width=121)
	  Index Cond: (id = 9862321)

table 3 : explain SELECT c FROM sbtest3 WHERE id=6325401
	Index Scan using sbtest3_pkey on sbtest3  (cost=0.43..8.45 rows=1 width=121)
	  Index Cond: (id = 6325401)

table 4 : explain SELECT c FROM sbtest4 WHERE id=4298193
	Index Scan using sbtest4_pkey on sbtest4  (cost=0.43..8.45 rows=1 width=121)
	  Index Cond: (id = 4298193)

table 5 : explain SELECT c FROM sbtest5 WHERE id=4057423
	Index Scan using sbtest5_pkey on sbtest5  (cost=0.43..8.45 rows=1 width=121)
	  Index Cond: (id = 4057423)

table 6 : explain SELECT c FROM sbtest6 WHERE id=7166573
	Index Scan using sbtest6_pkey on sbtest6  (cost=0.43..8.45 rows=1 width=121)
	  Index Cond: (id = 7166573)

table 7 : explain SELECT c FROM sbtest7 WHERE id=6242156
	Index Scan using sbtest7_pkey on sbtest7  (cost=0.43..8.45 rows=1 width=121)
	  Index Cond: (id = 6242156)

table 8 : explain SELECT c FROM sbtest8 WHERE id=1662558
	Index Scan using sbtest8_pkey on sbtest8  (cost=0.43..8.45 rows=1 width=121)
	  Index Cond: (id = 1662558)

for point_selects
table 1 : explain SELECT c FROM sbtest1 WHERE id=5363835
	Index Scan using sbtest1_pkey on sbtest1  (cost=0.43..8.45 rows=1 width=121)
	  Index Cond: (id = 5363835)

table 2 : explain SELECT c FROM sbtest2 WHERE id=1630275
	Index Scan using sbtest2_pkey on sbtest2  (cost=0.43..8.45 rows=1 width=121)
	  Index Cond: (id = 1630275)

table 3 : explain SELECT c FROM sbtest3 WHERE id=9691160
	Index Scan using sbtest3_pkey on sbtest3  (cost=0.43..8.45 rows=1 width=121)
	  Index Cond: (id = 9691160)

table 4 : explain SELECT c FROM sbtest4 WHERE id=7148704
	Index Scan using sbtest4_pkey on sbtest4  (cost=0.43..8.45 rows=1 width=121)
	  Index Cond: (id = 7148704)

table 5 : explain SELECT c FROM sbtest5 WHERE id=3900720
	Index Scan using sbtest5_pkey on sbtest5  (cost=0.43..8.45 rows=1 width=121)
	  Index Cond: (id = 3900720)

table 6 : explain SELECT c FROM sbtest6 WHERE id=8889098
	Index Scan using sbtest6_pkey on sbtest6  (cost=0.43..8.45 rows=1 width=121)
	  Index Cond: (id = 8889098)

table 7 : explain SELECT c FROM sbtest7 WHERE id=7594394
	Index Scan using sbtest7_pkey on sbtest7  (cost=0.43..8.45 rows=1 width=121)
	  Index Cond: (id = 7594394)

table 8 : explain SELECT c FROM sbtest8 WHERE id=5699036
	Index Scan using sbtest8_pkey on sbtest8  (cost=0.43..8.45 rows=1 width=121)
	  Index Cond: (id = 5699036)

for: sum_ranges
table 1 : explain SELECT SUM(k) FROM sbtest1 WHERE id BETWEEN 9400368 AND 9401367
	Aggregate  (cost=3493.15..3493.16 rows=1 width=8)
	  ->  Bitmap Heap Scan on sbtest1  (cost=21.68..3490.90 rows=902 width=4)
	        Recheck Cond: ((id >= 9400368) AND (id <= 9401367))
	        ->  Bitmap Index Scan on sbtest1_pkey  (cost=0.00..21.45 rows=902 width=0)
	              Index Cond: ((id >= 9400368) AND (id <= 9401367))

table 2 : explain SELECT SUM(k) FROM sbtest2 WHERE id BETWEEN 2993061 AND 2994060
	Aggregate  (cost=4340.48..4340.49 rows=1 width=8)
	  ->  Bitmap Heap Scan on sbtest2  (cost=27.99..4337.67 rows=1127 width=4)
	        Recheck Cond: ((id >= 2993061) AND (id <= 2994060))
	        ->  Bitmap Index Scan on sbtest2_pkey  (cost=0.00..27.70 rows=1127 width=0)
	              Index Cond: ((id >= 2993061) AND (id <= 2994060))

table 3 : explain SELECT SUM(k) FROM sbtest3 WHERE id BETWEEN 3418761 AND 3419760
	Aggregate  (cost=3934.42..3934.43 rows=1 width=8)
	  ->  Bitmap Heap Scan on sbtest3  (cost=22.88..3931.87 rows=1019 width=4)
	        Recheck Cond: ((id >= 3418761) AND (id <= 3419760))
	        ->  Bitmap Index Scan on sbtest3_pkey  (cost=0.00..22.62 rows=1019 width=0)
	              Index Cond: ((id >= 3418761) AND (id <= 3419760))

table 4 : explain SELECT SUM(k) FROM sbtest4 WHERE id BETWEEN 651842 AND 652841
	Aggregate  (cost=3606.33..3606.34 rows=1 width=8)
	  ->  Bitmap Heap Scan on sbtest4  (cost=21.99..3604.00 rows=932 width=4)
	        Recheck Cond: ((id >= 651842) AND (id <= 652841))
	        ->  Bitmap Index Scan on sbtest4_pkey  (cost=0.00..21.75 rows=932 width=0)
	              Index Cond: ((id >= 651842) AND (id <= 652841))

table 5 : explain SELECT SUM(k) FROM sbtest5 WHERE id BETWEEN 7403103 AND 7404102
	Aggregate  (cost=3482.80..3482.81 rows=1 width=8)
	  ->  Bitmap Heap Scan on sbtest5  (cost=21.65..3480.55 rows=899 width=4)
	        Recheck Cond: ((id >= 7403103) AND (id <= 7404102))
	        ->  Bitmap Index Scan on sbtest5_pkey  (cost=0.00..21.43 rows=899 width=0)
	              Index Cond: ((id >= 7403103) AND (id <= 7404102))

table 6 : explain SELECT SUM(k) FROM sbtest6 WHERE id BETWEEN 2025252 AND 2026251
	Aggregate  (cost=3757.71..3757.72 rows=1 width=8)
	  ->  Bitmap Heap Scan on sbtest6  (cost=22.40..3755.28 rows=972 width=4)
	        Recheck Cond: ((id >= 2025252) AND (id <= 2026251))
	        ->  Bitmap Index Scan on sbtest6_pkey  (cost=0.00..22.15 rows=972 width=0)
	              Index Cond: ((id >= 2025252) AND (id <= 2026251))

table 7 : explain SELECT SUM(k) FROM sbtest7 WHERE id BETWEEN 2129422 AND 2130421
	Aggregate  (cost=4237.23..4237.24 rows=1 width=8)
	  ->  Bitmap Heap Scan on sbtest7  (cost=27.69..4234.49 rows=1098 width=4)
	        Recheck Cond: ((id >= 2129422) AND (id <= 2130421))
	        ->  Bitmap Index Scan on sbtest7_pkey  (cost=0.00..27.41 rows=1098 width=0)
	              Index Cond: ((id >= 2129422) AND (id <= 2130421))

table 8 : explain SELECT SUM(k) FROM sbtest8 WHERE id BETWEEN 2706916 AND 2707915
	Aggregate  (cost=3754.91..3754.92 rows=1 width=8)
	  ->  Bitmap Heap Scan on sbtest8  (cost=22.39..3752.48 rows=971 width=4)
	        Recheck Cond: ((id >= 2706916) AND (id <= 2707915))
	        ->  Bitmap Index Scan on sbtest8_pkey  (cost=0.00..22.14 rows=971 width=0)
	              Index Cond: ((id >= 2706916) AND (id <= 2707915))

for: distinct_ranges
table 1 : explain SELECT DISTINCT c FROM sbtest1 WHERE id BETWEEN 6510937 AND 6511936 ORDER BY c
	Unique  (cost=4277.01..4282.49 rows=1096 width=121)
	  ->  Sort  (cost=4277.01..4279.75 rows=1096 width=121)
	        Sort Key: c
	        ->  Bitmap Heap Scan on sbtest1  (cost=27.67..4221.67 rows=1096 width=121)
	              Recheck Cond: ((id >= 6510937) AND (id <= 6511936))
	              ->  Bitmap Index Scan on sbtest1_pkey  (cost=0.00..27.39 rows=1096 width=0)
	                    Index Cond: ((id >= 6510937) AND (id <= 6511936))

table 2 : explain SELECT DISTINCT c FROM sbtest2 WHERE id BETWEEN 8374011 AND 8375010 ORDER BY c
	Unique  (cost=4081.97..4087.20 rows=1045 width=121)
	  ->  Sort  (cost=4081.97..4084.58 rows=1045 width=121)
	        Sort Key: c
	        ->  Bitmap Heap Scan on sbtest2  (cost=23.15..4029.57 rows=1045 width=121)
	              Recheck Cond: ((id >= 8374011) AND (id <= 8375010))
	              ->  Bitmap Index Scan on sbtest2_pkey  (cost=0.00..22.89 rows=1045 width=0)
	                    Index Cond: ((id >= 8374011) AND (id <= 8375010))

table 3 : explain SELECT DISTINCT c FROM sbtest3 WHERE id BETWEEN 4027752 AND 4028751 ORDER BY c
	Unique  (cost=3967.50..3972.58 rows=1015 width=121)
	  ->  Sort  (cost=3967.50..3970.04 rows=1015 width=121)
	        Sort Key: c
	        ->  Bitmap Heap Scan on sbtest3  (cost=22.84..3916.82 rows=1015 width=121)
	              Recheck Cond: ((id >= 4027752) AND (id <= 4028751))
	              ->  Bitmap Index Scan on sbtest3_pkey  (cost=0.00..22.58 rows=1015 width=0)
	                    Index Cond: ((id >= 4027752) AND (id <= 4028751))

table 4 : explain SELECT DISTINCT c FROM sbtest4 WHERE id BETWEEN 5155170 AND 5156169 ORDER BY c
	Unique  (cost=4165.95..4171.29 rows=1067 width=121)
	  ->  Sort  (cost=4165.95..4168.62 rows=1067 width=121)
	        Sort Key: c
	        ->  Bitmap Heap Scan on sbtest4  (cost=23.37..4112.29 rows=1067 width=121)
	              Recheck Cond: ((id >= 5155170) AND (id <= 5156169))
	              ->  Bitmap Index Scan on sbtest4_pkey  (cost=0.00..23.11 rows=1067 width=0)
	                    Index Cond: ((id >= 5155170) AND (id <= 5156169))

table 5 : explain SELECT DISTINCT c FROM sbtest5 WHERE id BETWEEN 1235733 AND 1236732 ORDER BY c
	Unique  (cost=3746.97..3751.75 rows=957 width=121)
	  ->  Sort  (cost=3746.97..3749.36 rows=957 width=121)
	        Sort Key: c
	        ->  Bitmap Heap Scan on sbtest5  (cost=22.24..3699.58 rows=957 width=121)
	              Recheck Cond: ((id >= 1235733) AND (id <= 1236732))
	              ->  Bitmap Index Scan on sbtest5_pkey  (cost=0.00..22.00 rows=957 width=0)
	                    Index Cond: ((id >= 1235733) AND (id <= 1236732))

table 6 : explain SELECT DISTINCT c FROM sbtest6 WHERE id BETWEEN 2831468 AND 2832467 ORDER BY c
	Unique  (cost=3952.64..3957.70 rows=1011 width=121)
	  ->  Sort  (cost=3952.64..3955.17 rows=1011 width=121)
	        Sort Key: c
	        ->  Bitmap Heap Scan on sbtest6  (cost=22.80..3902.18 rows=1011 width=121)
	              Recheck Cond: ((id >= 2831468) AND (id <= 2832467))
	              ->  Bitmap Index Scan on sbtest6_pkey  (cost=0.00..22.54 rows=1011 width=0)
	                    Index Cond: ((id >= 2831468) AND (id <= 2832467))

table 7 : explain SELECT DISTINCT c FROM sbtest7 WHERE id BETWEEN 7540464 AND 7541463 ORDER BY c
	Unique  (cost=3999.66..4004.77 rows=1023 width=121)
	  ->  Sort  (cost=3999.66..4002.22 rows=1023 width=121)
	        Sort Key: c
	        ->  Bitmap Heap Scan on sbtest7  (cost=22.92..3948.52 rows=1023 width=121)
	              Recheck Cond: ((id >= 7540464) AND (id <= 7541463))
	              ->  Bitmap Index Scan on sbtest7_pkey  (cost=0.00..22.66 rows=1023 width=0)
	                    Index Cond: ((id >= 7540464) AND (id <= 7541463))

table 8 : explain SELECT DISTINCT c FROM sbtest8 WHERE id BETWEEN 6302665 AND 6303664 ORDER BY c
	Unique  (cost=3716.42..3721.16 rows=949 width=121)
	  ->  Sort  (cost=3716.42..3718.79 rows=949 width=121)
	        Sort Key: c
	        ->  Bitmap Heap Scan on sbtest8  (cost=22.16..3669.49 rows=949 width=121)
	              Recheck Cond: ((id >= 6302665) AND (id <= 6303664))
	              ->  Bitmap Index Scan on sbtest8_pkey  (cost=0.00..21.93 rows=949 width=0)
	                    Index Cond: ((id >= 6302665) AND (id <= 6303664))

for: simple_ranges
table 1 : explain SELECT c FROM sbtest1 WHERE id BETWEEN 3833650 AND 3834649
	Bitmap Heap Scan on sbtest1  (cost=23.18..4041.11 rows=1048 width=121)
	  Recheck Cond: ((id >= 3833650) AND (id <= 3834649))
	  ->  Bitmap Index Scan on sbtest1_pkey  (cost=0.00..22.91 rows=1048 width=0)
	        Index Cond: ((id >= 3833650) AND (id <= 3834649))

table 2 : explain SELECT c FROM sbtest2 WHERE id BETWEEN 4091641 AND 4092640
	Bitmap Heap Scan on sbtest2  (cost=23.22..4055.88 rows=1052 width=121)
	  Recheck Cond: ((id >= 4091641) AND (id <= 4092640))
	  ->  Bitmap Index Scan on sbtest2_pkey  (cost=0.00..22.95 rows=1052 width=0)
	        Index Cond: ((id >= 4091641) AND (id <= 4092640))

table 3 : explain SELECT c FROM sbtest3 WHERE id BETWEEN 4316582 AND 4317581
	Bitmap Heap Scan on sbtest3  (cost=22.36..3739.81 rows=968 width=121)
	  Recheck Cond: ((id >= 4316582) AND (id <= 4317581))
	  ->  Bitmap Index Scan on sbtest3_pkey  (cost=0.00..22.11 rows=968 width=0)
	        Index Cond: ((id >= 4316582) AND (id <= 4317581))

table 4 : explain SELECT c FROM sbtest4 WHERE id BETWEEN 8162540 AND 8163539
	Bitmap Heap Scan on sbtest4  (cost=22.83..3913.02 rows=1014 width=121)
	  Recheck Cond: ((id >= 8162540) AND (id <= 8163539))
	  ->  Bitmap Index Scan on sbtest4_pkey  (cost=0.00..22.57 rows=1014 width=0)
	        Index Cond: ((id >= 8162540) AND (id <= 8163539))

table 5 : explain SELECT c FROM sbtest5 WHERE id BETWEEN 9583283 AND 9584282
	Bitmap Heap Scan on sbtest5  (cost=21.94..3586.35 rows=927 width=121)
	  Recheck Cond: ((id >= 9583283) AND (id <= 9584282))
	  ->  Bitmap Index Scan on sbtest5_pkey  (cost=0.00..21.70 rows=927 width=0)
	        Index Cond: ((id >= 9583283) AND (id <= 9584282))

table 6 : explain SELECT c FROM sbtest6 WHERE id BETWEEN 4025844 AND 4026843
	Bitmap Heap Scan on sbtest6  (cost=22.51..3796.74 rows=983 width=121)
	  Recheck Cond: ((id >= 4025844) AND (id <= 4026843))
	  ->  Bitmap Index Scan on sbtest6_pkey  (cost=0.00..22.26 rows=983 width=0)
	        Index Cond: ((id >= 4025844) AND (id <= 4026843))

table 7 : explain SELECT c FROM sbtest7 WHERE id BETWEEN 4959423 AND 4960422
	Bitmap Heap Scan on sbtest7  (cost=23.19..4046.35 rows=1049 width=121)
	  Recheck Cond: ((id >= 4959423) AND (id <= 4960422))
	  ->  Bitmap Index Scan on sbtest7_pkey  (cost=0.00..22.93 rows=1049 width=0)
	        Index Cond: ((id >= 4959423) AND (id <= 4960422))

table 8 : explain SELECT c FROM sbtest8 WHERE id BETWEEN 694184 AND 695183
	Bitmap Heap Scan on sbtest8  (cost=23.04..3993.55 rows=1035 width=121)
	  Recheck Cond: ((id >= 694184) AND (id <= 695183))
	  ->  Bitmap Index Scan on sbtest8_pkey  (cost=0.00..22.79 rows=1035 width=0)
	        Index Cond: ((id >= 694184) AND (id <= 695183))

for point_selects
table 1 : explain SELECT c FROM sbtest1 WHERE id=9484154
	Index Scan using sbtest1_pkey on sbtest1  (cost=0.43..8.45 rows=1 width=121)
	  Index Cond: (id = 9484154)

table 2 : explain SELECT c FROM sbtest2 WHERE id=3059727
	Index Scan using sbtest2_pkey on sbtest2  (cost=0.43..8.45 rows=1 width=121)
	  Index Cond: (id = 3059727)

table 3 : explain SELECT c FROM sbtest3 WHERE id=6780565
	Index Scan using sbtest3_pkey on sbtest3  (cost=0.43..8.45 rows=1 width=121)
	  Index Cond: (id = 6780565)

table 4 : explain SELECT c FROM sbtest4 WHERE id=3210235
	Index Scan using sbtest4_pkey on sbtest4  (cost=0.43..8.45 rows=1 width=121)
	  Index Cond: (id = 3210235)

table 5 : explain SELECT c FROM sbtest5 WHERE id=9042763
	Index Scan using sbtest5_pkey on sbtest5  (cost=0.43..8.45 rows=1 width=121)
	  Index Cond: (id = 9042763)

table 6 : explain SELECT c FROM sbtest6 WHERE id=5789359
	Index Scan using sbtest6_pkey on sbtest6  (cost=0.43..8.45 rows=1 width=121)
	  Index Cond: (id = 5789359)

table 7 : explain SELECT c FROM sbtest7 WHERE id=109696
	Index Scan using sbtest7_pkey on sbtest7  (cost=0.43..8.45 rows=1 width=121)
	  Index Cond: (id = 109696)

table 8 : explain SELECT c FROM sbtest8 WHERE id=9388259
	Index Scan using sbtest8_pkey on sbtest8  (cost=0.43..8.45 rows=1 width=121)
	  Index Cond: (id = 9388259)

for: simple_ranges
table 1 : explain SELECT c FROM sbtest1 WHERE id BETWEEN 5838368 AND 5839367
	Bitmap Heap Scan on sbtest1  (cost=23.42..4131.29 rows=1072 width=121)
	  Recheck Cond: ((id >= 5838368) AND (id <= 5839367))
	  ->  Bitmap Index Scan on sbtest1_pkey  (cost=0.00..23.15 rows=1072 width=0)
	        Index Cond: ((id >= 5838368) AND (id <= 5839367))

table 2 : explain SELECT c FROM sbtest2 WHERE id BETWEEN 6511511 AND 6512510
	Bitmap Heap Scan on sbtest2  (cost=21.65..3479.35 rows=899 width=121)
	  Recheck Cond: ((id >= 6511511) AND (id <= 6512510))
	  ->  Bitmap Index Scan on sbtest2_pkey  (cost=0.00..21.43 rows=899 width=0)
	        Index Cond: ((id >= 6511511) AND (id <= 6512510))

table 3 : explain SELECT c FROM sbtest3 WHERE id BETWEEN 9312781 AND 9313780
	Bitmap Heap Scan on sbtest3  (cost=22.47..3781.26 rows=979 width=121)
	  Recheck Cond: ((id >= 9312781) AND (id <= 9313780))
	  ->  Bitmap Index Scan on sbtest3_pkey  (cost=0.00..22.22 rows=979 width=0)
	        Index Cond: ((id >= 9312781) AND (id <= 9313780))

table 4 : explain SELECT c FROM sbtest4 WHERE id BETWEEN 6103053 AND 6104052
	Bitmap Heap Scan on sbtest4  (cost=22.20..3683.23 rows=953 width=121)
	  Recheck Cond: ((id >= 6103053) AND (id <= 6104052))
	  ->  Bitmap Index Scan on sbtest4_pkey  (cost=0.00..21.96 rows=953 width=0)
	        Index Cond: ((id >= 6103053) AND (id <= 6104052))

table 5 : explain SELECT c FROM sbtest5 WHERE id BETWEEN 630837 AND 631836
	Bitmap Heap Scan on sbtest5  (cost=22.77..3891.82 rows=1008 width=121)
	  Recheck Cond: ((id >= 630837) AND (id <= 631836))
	  ->  Bitmap Index Scan on sbtest5_pkey  (cost=0.00..22.51 rows=1008 width=0)
	        Index Cond: ((id >= 630837) AND (id <= 631836))

table 6 : explain SELECT c FROM sbtest6 WHERE id BETWEEN 5889184 AND 5890183
	Bitmap Heap Scan on sbtest6  (cost=22.74..3879.60 rows=1005 width=121)
	  Recheck Cond: ((id >= 5889184) AND (id <= 5890183))
	  ->  Bitmap Index Scan on sbtest6_pkey  (cost=0.00..22.48 rows=1005 width=0)
	        Index Cond: ((id >= 5889184) AND (id <= 5890183))

table 7 : explain SELECT c FROM sbtest7 WHERE id BETWEEN 2235850 AND 2236849
	Bitmap Heap Scan on sbtest7  (cost=23.15..4031.30 rows=1045 width=121)
	  Recheck Cond: ((id >= 2235850) AND (id <= 2236849))
	  ->  Bitmap Index Scan on sbtest7_pkey  (cost=0.00..22.89 rows=1045 width=0)
	        Index Cond: ((id >= 2235850) AND (id <= 2236849))

table 8 : explain SELECT c FROM sbtest8 WHERE id BETWEEN 678448 AND 679447
	Bitmap Heap Scan on sbtest8  (cost=23.04..3993.55 rows=1035 width=121)
	  Recheck Cond: ((id >= 678448) AND (id <= 679447))
	  ->  Bitmap Index Scan on sbtest8_pkey  (cost=0.00..22.79 rows=1035 width=0)
	        Index Cond: ((id >= 678448) AND (id <= 679447))

for: order_ranges
table 1 : explain SELECT c FROM sbtest1 WHERE id BETWEEN 9303121 AND 9304120 ORDER BY c
	Sort  (cost=3787.98..3790.40 rows=968 width=121)
	  Sort Key: c
	  ->  Bitmap Heap Scan on sbtest1  (cost=22.36..3739.97 rows=968 width=121)
	        Recheck Cond: ((id >= 9303121) AND (id <= 9304120))
	        ->  Bitmap Index Scan on sbtest1_pkey  (cost=0.00..22.11 rows=968 width=0)
	              Index Cond: ((id >= 9303121) AND (id <= 9304120))

table 2 : explain SELECT c FROM sbtest2 WHERE id BETWEEN 2863802 AND 2864801 ORDER BY c
	Sort  (cost=3603.96..3606.26 rows=920 width=121)
	  Sort Key: c
	  ->  Bitmap Heap Scan on sbtest2  (cost=21.87..3558.67 rows=920 width=121)
	        Recheck Cond: ((id >= 2863802) AND (id <= 2864801))
	        ->  Bitmap Index Scan on sbtest2_pkey  (cost=0.00..21.64 rows=920 width=0)
	              Index Cond: ((id >= 2863802) AND (id <= 2864801))

table 3 : explain SELECT c FROM sbtest3 WHERE id BETWEEN 764227 AND 765226 ORDER BY c
	Sort  (cost=3810.77..3813.21 rows=974 width=121)
	  Sort Key: c
	  ->  Bitmap Heap Scan on sbtest3  (cost=22.42..3762.42 rows=974 width=121)
	        Recheck Cond: ((id >= 764227) AND (id <= 765226))
	        ->  Bitmap Index Scan on sbtest3_pkey  (cost=0.00..22.18 rows=974 width=0)
	              Index Cond: ((id >= 764227) AND (id <= 765226))

table 4 : explain SELECT c FROM sbtest4 WHERE id BETWEEN 7692815 AND 7693814 ORDER BY c
	Sort  (cost=3515.82..3518.07 rows=897 width=121)
	  Sort Key: c
	  ->  Bitmap Heap Scan on sbtest4  (cost=21.63..3471.83 rows=897 width=121)
	        Recheck Cond: ((id >= 7692815) AND (id <= 7693814))
	        ->  Bitmap Index Scan on sbtest4_pkey  (cost=0.00..21.40 rows=897 width=0)
	              Index Cond: ((id >= 7692815) AND (id <= 7693814))

table 5 : explain SELECT c FROM sbtest5 WHERE id BETWEEN 7456099 AND 7457098 ORDER BY c
	Sort  (cost=3524.65..3526.90 rows=899 width=121)
	  Sort Key: c
	  ->  Bitmap Heap Scan on sbtest5  (cost=21.65..3480.55 rows=899 width=121)
	        Recheck Cond: ((id >= 7456099) AND (id <= 7457098))
	        ->  Bitmap Index Scan on sbtest5_pkey  (cost=0.00..21.43 rows=899 width=0)
	              Index Cond: ((id >= 7456099) AND (id <= 7457098))

table 6 : explain SELECT c FROM sbtest6 WHERE id BETWEEN 613372 AND 614371 ORDER BY c
	Sort  (cost=3700.17..3702.53 rows=945 width=121)
	  Sort Key: c
	  ->  Bitmap Heap Scan on sbtest6  (cost=22.12..3653.46 rows=945 width=121)
	        Recheck Cond: ((id >= 613372) AND (id <= 614371))
	        ->  Bitmap Index Scan on sbtest6_pkey  (cost=0.00..21.89 rows=945 width=0)
	              Index Cond: ((id >= 613372) AND (id <= 614371))

table 7 : explain SELECT c FROM sbtest7 WHERE id BETWEEN 1471140 AND 1472139 ORDER BY c
	Sort  (cost=3785.46..3787.88 rows=967 width=121)
	  Sort Key: c
	  ->  Bitmap Heap Scan on sbtest7  (cost=22.35..3737.51 rows=967 width=121)
	        Recheck Cond: ((id >= 1471140) AND (id <= 1472139))
	        ->  Bitmap Index Scan on sbtest7_pkey  (cost=0.00..22.11 rows=967 width=0)
	              Index Cond: ((id >= 1471140) AND (id <= 1472139))

table 8 : explain SELECT c FROM sbtest8 WHERE id BETWEEN 8635685 AND 8636684 ORDER BY c
	Sort  (cost=3735.57..3737.95 rows=954 width=121)
	  Sort Key: c
	  ->  Bitmap Heap Scan on sbtest8  (cost=22.21..3688.35 rows=954 width=121)
	        Recheck Cond: ((id >= 8635685) AND (id <= 8636684))
	        ->  Bitmap Index Scan on sbtest8_pkey  (cost=0.00..21.97 rows=954 width=0)
	              Index Cond: ((id >= 8635685) AND (id <= 8636684))

for: order_ranges
table 1 : explain SELECT c FROM sbtest1 WHERE id BETWEEN 3611326 AND 3612325 ORDER BY c
	Sort  (cost=3650.15..3652.48 rows=932 width=121)
	  Sort Key: c
	  ->  Bitmap Heap Scan on sbtest1  (cost=21.99..3604.18 rows=932 width=121)
	        Recheck Cond: ((id >= 3611326) AND (id <= 3612325))
	        ->  Bitmap Index Scan on sbtest1_pkey  (cost=0.00..21.75 rows=932 width=0)
	              Index Cond: ((id >= 3611326) AND (id <= 3612325))

table 2 : explain SELECT c FROM sbtest2 WHERE id BETWEEN 8080507 AND 8081506 ORDER BY c
	Sort  (cost=4345.30..4348.08 rows=1114 width=121)
	  Sort Key: c
	  ->  Bitmap Heap Scan on sbtest2  (cost=27.85..4288.92 rows=1114 width=121)
	        Recheck Cond: ((id >= 8080507) AND (id <= 8081506))
	        ->  Bitmap Index Scan on sbtest2_pkey  (cost=0.00..27.57 rows=1114 width=0)
	              Index Cond: ((id >= 8080507) AND (id <= 8081506))

table 3 : explain SELECT c FROM sbtest3 WHERE id BETWEEN 1626234 AND 1627233 ORDER BY c
	Sort  (cost=4040.06..4042.65 rows=1034 width=121)
	  Sort Key: c
	  ->  Bitmap Heap Scan on sbtest3  (cost=23.03..3988.29 rows=1034 width=121)
	        Recheck Cond: ((id >= 1626234) AND (id <= 1627233))
	        ->  Bitmap Index Scan on sbtest3_pkey  (cost=0.00..22.77 rows=1034 width=0)
	              Index Cond: ((id >= 1626234) AND (id <= 1627233))

table 4 : explain SELECT c FROM sbtest4 WHERE id BETWEEN 7689929 AND 7690928 ORDER BY c
	Sort  (cost=3515.82..3518.07 rows=897 width=121)
	  Sort Key: c
	  ->  Bitmap Heap Scan on sbtest4  (cost=21.63..3471.83 rows=897 width=121)
	        Recheck Cond: ((id >= 7689929) AND (id <= 7690928))
	        ->  Bitmap Index Scan on sbtest4_pkey  (cost=0.00..21.40 rows=897 width=0)
	              Index Cond: ((id >= 7689929) AND (id <= 7690928))

table 5 : explain SELECT c FROM sbtest5 WHERE id BETWEEN 4327974 AND 4328973 ORDER BY c
	Sort  (cost=3762.28..3764.69 rows=961 width=121)
	  Sort Key: c
	  ->  Bitmap Heap Scan on sbtest5  (cost=22.29..3714.67 rows=961 width=121)
	        Recheck Cond: ((id >= 4327974) AND (id <= 4328973))
	        ->  Bitmap Index Scan on sbtest5_pkey  (cost=0.00..22.04 rows=961 width=0)
	              Index Cond: ((id >= 4327974) AND (id <= 4328973))

table 6 : explain SELECT c FROM sbtest6 WHERE id BETWEEN 558419 AND 559418 ORDER BY c
	Sort  (cost=3684.85..3687.20 rows=941 width=121)
	  Sort Key: c
	  ->  Bitmap Heap Scan on sbtest6  (cost=22.08..3638.37 rows=941 width=121)
	        Recheck Cond: ((id >= 558419) AND (id <= 559418))
	        ->  Bitmap Index Scan on sbtest6_pkey  (cost=0.00..21.84 rows=941 width=0)
	              Index Cond: ((id >= 558419) AND (id <= 559418))

table 7 : explain SELECT c FROM sbtest7 WHERE id BETWEEN 6054661 AND 6055660 ORDER BY c
	Sort  (cost=3946.15..3948.67 rows=1009 width=121)
	  Sort Key: c
	  ->  Bitmap Heap Scan on sbtest7  (cost=22.78..3895.80 rows=1009 width=121)
	        Recheck Cond: ((id >= 6054661) AND (id <= 6055660))
	        ->  Bitmap Index Scan on sbtest7_pkey  (cost=0.00..22.52 rows=1009 width=0)
	              Index Cond: ((id >= 6054661) AND (id <= 6055660))

table 8 : explain SELECT c FROM sbtest8 WHERE id BETWEEN 3578806 AND 3579805 ORDER BY c
	Sort  (cost=3789.17..3791.59 rows=968 width=121)
	  Sort Key: c
	  ->  Bitmap Heap Scan on sbtest8  (cost=22.36..3741.16 rows=968 width=121)
	        Recheck Cond: ((id >= 3578806) AND (id <= 3579805))
	        ->  Bitmap Index Scan on sbtest8_pkey  (cost=0.00..22.11 rows=968 width=0)
	              Index Cond: ((id >= 3578806) AND (id <= 3579805))

for: simple_ranges
table 1 : explain SELECT c FROM sbtest1 WHERE id BETWEEN 5675949 AND 5676948
	Bitmap Heap Scan on sbtest1  (cost=22.82..3909.46 rows=1013 width=121)
	  Recheck Cond: ((id >= 5675949) AND (id <= 5676948))
	  ->  Bitmap Index Scan on sbtest1_pkey  (cost=0.00..22.57 rows=1013 width=0)
	        Index Cond: ((id >= 5675949) AND (id <= 5676948))

table 2 : explain SELECT c FROM sbtest2 WHERE id BETWEEN 2607977 AND 2608976
	Bitmap Heap Scan on sbtest2  (cost=22.72..3871.57 rows=1003 width=121)
	  Recheck Cond: ((id >= 2607977) AND (id <= 2608976))
	  ->  Bitmap Index Scan on sbtest2_pkey  (cost=0.00..22.46 rows=1003 width=0)
	        Index Cond: ((id >= 2607977) AND (id <= 2608976))

table 3 : explain SELECT c FROM sbtest3 WHERE id BETWEEN 7577410 AND 7578409
	Bitmap Heap Scan on sbtest3  (cost=23.09..4010.85 rows=1040 width=121)
	  Recheck Cond: ((id >= 7577410) AND (id <= 7578409))
	  ->  Bitmap Index Scan on sbtest3_pkey  (cost=0.00..22.83 rows=1040 width=0)
	        Index Cond: ((id >= 7577410) AND (id <= 7578409))

table 4 : explain SELECT c FROM sbtest4 WHERE id BETWEEN 200561 AND 201560
	Bitmap Heap Scan on sbtest4  (cost=23.32..4093.50 rows=1062 width=121)
	  Recheck Cond: ((id >= 200561) AND (id <= 201560))
	  ->  Bitmap Index Scan on sbtest4_pkey  (cost=0.00..23.05 rows=1062 width=0)
	        Index Cond: ((id >= 200561) AND (id <= 201560))

table 5 : explain SELECT c FROM sbtest5 WHERE id BETWEEN 2249758 AND 2250757
	Bitmap Heap Scan on sbtest5  (cost=22.63..3842.85 rows=995 width=121)
	  Recheck Cond: ((id >= 2249758) AND (id <= 2250757))
	  ->  Bitmap Index Scan on sbtest5_pkey  (cost=0.00..22.39 rows=995 width=0)
	        Index Cond: ((id >= 2249758) AND (id <= 2250757))

table 6 : explain SELECT c FROM sbtest6 WHERE id BETWEEN 7158528 AND 7159527
	Bitmap Heap Scan on sbtest6  (cost=22.77..3890.89 rows=1008 width=121)
	  Recheck Cond: ((id >= 7158528) AND (id <= 7159527))
	  ->  Bitmap Index Scan on sbtest6_pkey  (cost=0.00..22.51 rows=1008 width=0)
	        Index Cond: ((id >= 7158528) AND (id <= 7159527))

table 7 : explain SELECT c FROM sbtest7 WHERE id BETWEEN 1085181 AND 1086180
	Bitmap Heap Scan on sbtest7  (cost=22.18..3677.15 rows=951 width=121)
	  Recheck Cond: ((id >= 1085181) AND (id <= 1086180))
	  ->  Bitmap Index Scan on sbtest7_pkey  (cost=0.00..21.94 rows=951 width=0)
	        Index Cond: ((id >= 1085181) AND (id <= 1086180))

table 8 : explain SELECT c FROM sbtest8 WHERE id BETWEEN 2891858 AND 2892857
	Bitmap Heap Scan on sbtest8  (cost=22.26..3707.22 rows=959 width=121)
	  Recheck Cond: ((id >= 2891858) AND (id <= 2892857))
	  ->  Bitmap Index Scan on sbtest8_pkey  (cost=0.00..22.02 rows=959 width=0)
	        Index Cond: ((id >= 2891858) AND (id <= 2892857))

for: sum_ranges
table 1 : explain SELECT SUM(k) FROM sbtest1 WHERE id BETWEEN 823479 AND 824478
	Aggregate  (cost=3493.15..3493.16 rows=1 width=8)
	  ->  Bitmap Heap Scan on sbtest1  (cost=21.68..3490.90 rows=902 width=4)
	        Recheck Cond: ((id >= 823479) AND (id <= 824478))
	        ->  Bitmap Index Scan on sbtest1_pkey  (cost=0.00..21.45 rows=902 width=0)
	              Index Cond: ((id >= 823479) AND (id <= 824478))

table 2 : explain SELECT SUM(k) FROM sbtest2 WHERE id BETWEEN 4733030 AND 4734029
	Aggregate  (cost=3919.28..3919.29 rows=1 width=8)
	  ->  Bitmap Heap Scan on sbtest2  (cost=22.84..3916.74 rows=1015 width=4)
	        Recheck Cond: ((id >= 4733030) AND (id <= 4734029))
	        ->  Bitmap Index Scan on sbtest2_pkey  (cost=0.00..22.58 rows=1015 width=0)
	              Index Cond: ((id >= 4733030) AND (id <= 4734029))

table 3 : explain SELECT SUM(k) FROM sbtest3 WHERE id BETWEEN 2225926 AND 2226925
	Aggregate  (cost=3779.94..3779.95 rows=1 width=8)
	  ->  Bitmap Heap Scan on sbtest3  (cost=22.46..3777.49 rows=978 width=4)
	        Recheck Cond: ((id >= 2225926) AND (id <= 2226925))
	        ->  Bitmap Index Scan on sbtest3_pkey  (cost=0.00..22.21 rows=978 width=0)
	              Index Cond: ((id >= 2225926) AND (id <= 2226925))

table 4 : explain SELECT SUM(k) FROM sbtest4 WHERE id BETWEEN 4356960 AND 4357959
	Aggregate  (cost=4024.70..4024.71 rows=1 width=8)
	  ->  Bitmap Heap Scan on sbtest4  (cost=23.13..4022.10 rows=1043 width=4)
	        Recheck Cond: ((id >= 4356960) AND (id <= 4357959))
	        ->  Bitmap Index Scan on sbtest4_pkey  (cost=0.00..22.86 rows=1043 width=0)
	              Index Cond: ((id >= 4356960) AND (id <= 4357959))

table 5 : explain SELECT SUM(k) FROM sbtest5 WHERE id BETWEEN 6082644 AND 6083643
	Aggregate  (cost=3603.78..3603.79 rows=1 width=8)
	  ->  Bitmap Heap Scan on sbtest5  (cost=21.98..3601.45 rows=931 width=4)
	        Recheck Cond: ((id >= 6082644) AND (id <= 6083643))
	        ->  Bitmap Index Scan on sbtest5_pkey  (cost=0.00..21.75 rows=931 width=0)
	              Index Cond: ((id >= 6082644) AND (id <= 6083643))

table 6 : explain SELECT SUM(k) FROM sbtest6 WHERE id BETWEEN 7159013 AND 7160012
	Aggregate  (cost=3893.41..3893.42 rows=1 width=8)
	  ->  Bitmap Heap Scan on sbtest6  (cost=22.77..3890.89 rows=1008 width=4)
	        Recheck Cond: ((id >= 7159013) AND (id <= 7160012))
	        ->  Bitmap Index Scan on sbtest6_pkey  (cost=0.00..22.51 rows=1008 width=0)
	              Index Cond: ((id >= 7159013) AND (id <= 7160012))

table 7 : explain SELECT SUM(k) FROM sbtest7 WHERE id BETWEEN 9618858 AND 9619857
	Aggregate  (cost=4372.45..4372.46 rows=1 width=8)
	  ->  Bitmap Heap Scan on sbtest7  (cost=28.07..4369.61 rows=1135 width=4)
	        Recheck Cond: ((id >= 9618858) AND (id <= 9619857))
	        ->  Bitmap Index Scan on sbtest7_pkey  (cost=0.00..27.79 rows=1135 width=0)
	              Index Cond: ((id >= 9618858) AND (id <= 9619857))

table 8 : explain SELECT SUM(k) FROM sbtest8 WHERE id BETWEEN 2990129 AND 2991128
	Aggregate  (cost=3950.95..3950.96 rows=1 width=8)
	  ->  Bitmap Heap Scan on sbtest8  (cost=22.92..3948.39 rows=1023 width=4)
	        Recheck Cond: ((id >= 2990129) AND (id <= 2991128))
	        ->  Bitmap Index Scan on sbtest8_pkey  (cost=0.00..22.66 rows=1023 width=0)
	              Index Cond: ((id >= 2990129) AND (id <= 2991128))

for: distinct_ranges
table 1 : explain SELECT DISTINCT c FROM sbtest1 WHERE id BETWEEN 7091064 AND 7092063 ORDER BY c
	Unique  (cost=3883.60..3888.56 rows=993 width=121)
	  ->  Sort  (cost=3883.60..3886.08 rows=993 width=121)
	        Sort Key: c
	        ->  Bitmap Heap Scan on sbtest1  (cost=22.61..3834.17 rows=993 width=121)
	              Recheck Cond: ((id >= 7091064) AND (id <= 7092063))
	              ->  Bitmap Index Scan on sbtest1_pkey  (cost=0.00..22.36 rows=993 width=0)
	                    Index Cond: ((id >= 7091064) AND (id <= 7092063))

table 2 : explain SELECT DISTINCT c FROM sbtest2 WHERE id BETWEEN 5667723 AND 5668722 ORDER BY c
	Unique  (cost=3906.29..3911.28 rows=999 width=121)
	  ->  Sort  (cost=3906.29..3908.78 rows=999 width=121)
	        Sort Key: c
	        ->  Bitmap Heap Scan on sbtest2  (cost=22.67..3856.51 rows=999 width=121)
	              Recheck Cond: ((id >= 5667723) AND (id <= 5668722))
	              ->  Bitmap Index Scan on sbtest2_pkey  (cost=0.00..22.43 rows=999 width=0)
	                    Index Cond: ((id >= 5667723) AND (id <= 5668722))

table 3 : explain SELECT DISTINCT c FROM sbtest3 WHERE id BETWEEN 184006 AND 185005 ORDER BY c
	Unique  (cost=3910.19..3915.19 rows=1000 width=121)
	  ->  Sort  (cost=3910.19..3912.69 rows=1000 width=121)
	        Sort Key: c
	        ->  Bitmap Heap Scan on sbtest3  (cost=22.68..3860.36 rows=1000 width=121)
	              Recheck Cond: ((id >= 184006) AND (id <= 185005))
	              ->  Bitmap Index Scan on sbtest3_pkey  (cost=0.00..22.43 rows=1000 width=0)
	                    Index Cond: ((id >= 184006) AND (id <= 185005))

table 4 : explain SELECT DISTINCT c FROM sbtest4 WHERE id BETWEEN 1358433 AND 1359432 ORDER BY c
	Unique  (cost=3538.83..3543.35 rows=903 width=121)
	  ->  Sort  (cost=3538.83..3541.09 rows=903 width=121)
	        Sort Key: c
	        ->  Bitmap Heap Scan on sbtest4  (cost=21.69..3494.50 rows=903 width=121)
	              Recheck Cond: ((id >= 1358433) AND (id <= 1359432))
	              ->  Bitmap Index Scan on sbtest4_pkey  (cost=0.00..21.46 rows=903 width=0)
	                    Index Cond: ((id >= 1358433) AND (id <= 1359432))

table 5 : explain SELECT DISTINCT c FROM sbtest5 WHERE id BETWEEN 2632611 AND 2633610 ORDER BY c
	Unique  (cost=4152.19..4157.50 rows=1063 width=121)
	  ->  Sort  (cost=4152.19..4154.85 rows=1063 width=121)
	        Sort Key: c
	        ->  Bitmap Heap Scan on sbtest5  (cost=23.33..4098.75 rows=1063 width=121)
	              Recheck Cond: ((id >= 2632611) AND (id <= 2633610))
	              ->  Bitmap Index Scan on sbtest5_pkey  (cost=0.00..23.07 rows=1063 width=0)
	                    Index Cond: ((id >= 2632611) AND (id <= 2633610))

table 6 : explain SELECT DISTINCT c FROM sbtest6 WHERE id BETWEEN 5599124 AND 5600123 ORDER BY c
	Unique  (cost=3948.82..3953.87 rows=1010 width=121)
	  ->  Sort  (cost=3948.82..3951.34 rows=1010 width=121)
	        Sort Key: c
	        ->  Bitmap Heap Scan on sbtest6  (cost=22.79..3898.42 rows=1010 width=121)
	              Recheck Cond: ((id >= 5599124) AND (id <= 5600123))
	              ->  Bitmap Index Scan on sbtest6_pkey  (cost=0.00..22.54 rows=1010 width=0)
	                    Index Cond: ((id >= 5599124) AND (id <= 5600123))

table 7 : explain SELECT DISTINCT c FROM sbtest7 WHERE id BETWEEN 8127970 AND 8128969 ORDER BY c
	Unique  (cost=4060.79..4065.98 rows=1039 width=121)
	  ->  Sort  (cost=4060.79..4063.39 rows=1039 width=121)
	        Sort Key: c
	        ->  Bitmap Heap Scan on sbtest7  (cost=23.08..4008.73 rows=1039 width=121)
	              Recheck Cond: ((id >= 8127970) AND (id <= 8128969))
	              ->  Bitmap Index Scan on sbtest7_pkey  (cost=0.00..22.82 rows=1039 width=0)
	                    Index Cond: ((id >= 8127970) AND (id <= 8128969))

table 8 : explain SELECT DISTINCT c FROM sbtest8 WHERE id BETWEEN 7431354 AND 7432353 ORDER BY c
	Unique  (cost=4014.82..4019.95 rows=1027 width=121)
	  ->  Sort  (cost=4014.82..4017.38 rows=1027 width=121)
	        Sort Key: c
	        ->  Bitmap Heap Scan on sbtest8  (cost=22.96..3963.44 rows=1027 width=121)
	              Recheck Cond: ((id >= 7431354) AND (id <= 7432353))
	              ->  Bitmap Index Scan on sbtest8_pkey  (cost=0.00..22.70 rows=1027 width=0)
	                    Index Cond: ((id >= 7431354) AND (id <= 7432353))

for: sum_ranges
table 1 : explain SELECT SUM(k) FROM sbtest1 WHERE id BETWEEN 523643 AND 524642
	Aggregate  (cost=3493.15..3493.16 rows=1 width=8)
	  ->  Bitmap Heap Scan on sbtest1  (cost=21.68..3490.90 rows=902 width=4)
	        Recheck Cond: ((id >= 523643) AND (id <= 524642))
	        ->  Bitmap Index Scan on sbtest1_pkey  (cost=0.00..21.45 rows=902 width=0)
	              Index Cond: ((id >= 523643) AND (id <= 524642))

table 2 : explain SELECT SUM(k) FROM sbtest2 WHERE id BETWEEN 4019821 AND 4020820
	Aggregate  (cost=4246.66..4246.67 rows=1 width=8)
	  ->  Bitmap Heap Scan on sbtest2  (cost=27.73..4243.90 rows=1102 width=4)
	        Recheck Cond: ((id >= 4019821) AND (id <= 4020820))
	        ->  Bitmap Index Scan on sbtest2_pkey  (cost=0.00..27.45 rows=1102 width=0)
	              Index Cond: ((id >= 4019821) AND (id <= 4020820))

table 3 : explain SELECT SUM(k) FROM sbtest3 WHERE id BETWEEN 9806943 AND 9807942
	Aggregate  (cost=3659.22..3659.23 rows=1 width=8)
	  ->  Bitmap Heap Scan on sbtest3  (cost=22.13..3656.85 rows=946 width=4)
	        Recheck Cond: ((id >= 9806943) AND (id <= 9807942))
	        ->  Bitmap Index Scan on sbtest3_pkey  (cost=0.00..21.89 rows=946 width=0)
	              Index Cond: ((id >= 9806943) AND (id <= 9807942))

table 4 : explain SELECT SUM(k) FROM sbtest4 WHERE id BETWEEN 2457611 AND 2458610
	Aggregate  (cost=3772.37..3772.38 rows=1 width=8)
	  ->  Bitmap Heap Scan on sbtest4  (cost=22.44..3769.93 rows=976 width=4)
	        Recheck Cond: ((id >= 2457611) AND (id <= 2458610))
	        ->  Bitmap Index Scan on sbtest4_pkey  (cost=0.00..22.19 rows=976 width=0)
	              Index Cond: ((id >= 2457611) AND (id <= 2458610))

table 5 : explain SELECT SUM(k) FROM sbtest5 WHERE id BETWEEN 2929631 AND 2930630
	Aggregate  (cost=3965.92..3965.93 rows=1 width=8)
	  ->  Bitmap Heap Scan on sbtest5  (cost=22.96..3963.35 rows=1027 width=4)
	        Recheck Cond: ((id >= 2929631) AND (id <= 2930630))
	        ->  Bitmap Index Scan on sbtest5_pkey  (cost=0.00..22.70 rows=1027 width=0)
	              Index Cond: ((id >= 2929631) AND (id <= 2930630))

table 6 : explain SELECT SUM(k) FROM sbtest6 WHERE id BETWEEN 3594064 AND 3595063
	Aggregate  (cost=4062.80..4062.81 rows=1 width=8)
	  ->  Bitmap Heap Scan on sbtest6  (cost=23.23..4060.17 rows=1053 width=4)
	        Recheck Cond: ((id >= 3594064) AND (id <= 3595063))
	        ->  Bitmap Index Scan on sbtest6_pkey  (cost=0.00..22.96 rows=1053 width=0)
	              Index Cond: ((id >= 3594064) AND (id <= 3595063))

table 7 : explain SELECT SUM(k) FROM sbtest7 WHERE id BETWEEN 6206789 AND 6207788
	Aggregate  (cost=3988.74..3988.75 rows=1 width=8)
	  ->  Bitmap Heap Scan on sbtest7  (cost=23.02..3986.15 rows=1033 width=4)
	        Recheck Cond: ((id >= 6206789) AND (id <= 6207788))
	        ->  Bitmap Index Scan on sbtest7_pkey  (cost=0.00..22.76 rows=1033 width=0)
	              Index Cond: ((id >= 6206789) AND (id <= 6207788))

table 8 : explain SELECT SUM(k) FROM sbtest8 WHERE id BETWEEN 769468 AND 770467
	Aggregate  (cost=3766.22..3766.23 rows=1 width=8)
	  ->  Bitmap Heap Scan on sbtest8  (cost=22.42..3763.79 rows=974 width=4)
	        Recheck Cond: ((id >= 769468) AND (id <= 770467))
	        ->  Bitmap Index Scan on sbtest8_pkey  (cost=0.00..22.18 rows=974 width=0)
	              Index Cond: ((id >= 769468) AND (id <= 770467))

for: distinct_ranges
table 1 : explain SELECT DISTINCT c FROM sbtest1 WHERE id BETWEEN 8201579 AND 8202578 ORDER BY c
	Unique  (cost=3596.51..3601.10 rows=918 width=121)
	  ->  Sort  (cost=3596.51..3598.80 rows=918 width=121)
	        Sort Key: c
	        ->  Bitmap Heap Scan on sbtest1  (cost=21.84..3551.33 rows=918 width=121)
	              Recheck Cond: ((id >= 8201579) AND (id <= 8202578))
	              ->  Bitmap Index Scan on sbtest1_pkey  (cost=0.00..21.61 rows=918 width=0)
	                    Index Cond: ((id >= 8201579) AND (id <= 8202578))

table 2 : explain SELECT DISTINCT c FROM sbtest2 WHERE id BETWEEN 47178 AND 48177 ORDER BY c
	Unique  (cost=3971.24..3976.32 rows=1016 width=121)
	  ->  Sort  (cost=3971.24..3973.78 rows=1016 width=121)
	        Sort Key: c
	        ->  Bitmap Heap Scan on sbtest2  (cost=22.85..3920.50 rows=1016 width=121)
	              Recheck Cond: ((id >= 47178) AND (id <= 48177))
	              ->  Bitmap Index Scan on sbtest2_pkey  (cost=0.00..22.59 rows=1016 width=0)
	                    Index Cond: ((id >= 47178) AND (id <= 48177))

table 3 : explain SELECT DISTINCT c FROM sbtest3 WHERE id BETWEEN 3369687 AND 3370686 ORDER BY c
	Unique  (cost=3845.19..3850.11 rows=983 width=121)
	  ->  Sort  (cost=3845.19..3847.65 rows=983 width=121)
	        Sort Key: c
	        ->  Bitmap Heap Scan on sbtest3  (cost=22.51..3796.33 rows=983 width=121)
	              Recheck Cond: ((id >= 3369687) AND (id <= 3370686))
	              ->  Bitmap Index Scan on sbtest3_pkey  (cost=0.00..22.26 rows=983 width=0)
	                    Index Cond: ((id >= 3369687) AND (id <= 3370686))

table 4 : explain SELECT DISTINCT c FROM sbtest4 WHERE id BETWEEN 8615872 AND 8616871 ORDER BY c
	Unique  (cost=3971.29..3976.37 rows=1016 width=121)
	  ->  Sort  (cost=3971.29..3973.83 rows=1016 width=121)
	        Sort Key: c
	        ->  Bitmap Heap Scan on sbtest4  (cost=22.85..3920.55 rows=1016 width=121)
	              Recheck Cond: ((id >= 8615872) AND (id <= 8616871))
	              ->  Bitmap Index Scan on sbtest4_pkey  (cost=0.00..22.59 rows=1016 width=0)
	                    Index Cond: ((id >= 8615872) AND (id <= 8616871))

table 5 : explain SELECT DISTINCT c FROM sbtest5 WHERE id BETWEEN 7957578 AND 7958577 ORDER BY c
	Unique  (cost=3789.08..3793.92 rows=968 width=121)
	  ->  Sort  (cost=3789.08..3791.50 rows=968 width=121)
	        Sort Key: c
	        ->  Bitmap Heap Scan on sbtest5  (cost=22.36..3741.08 rows=968 width=121)
	              Recheck Cond: ((id >= 7957578) AND (id <= 7958577))
	              ->  Bitmap Index Scan on sbtest5_pkey  (cost=0.00..22.11 rows=968 width=0)
	                    Index Cond: ((id >= 7957578) AND (id <= 7958577))

table 6 : explain SELECT DISTINCT c FROM sbtest6 WHERE id BETWEEN 6070673 AND 6071672 ORDER BY c
	Unique  (cost=4189.33..4194.69 rows=1073 width=121)
	  ->  Sort  (cost=4189.33..4192.01 rows=1073 width=121)
	        Sort Key: c
	        ->  Bitmap Heap Scan on sbtest6  (cost=23.43..4135.32 rows=1073 width=121)
	              Recheck Cond: ((id >= 6070673) AND (id <= 6071672))
	              ->  Bitmap Index Scan on sbtest6_pkey  (cost=0.00..23.16 rows=1073 width=0)
	                    Index Cond: ((id >= 6070673) AND (id <= 6071672))

table 7 : explain SELECT DISTINCT c FROM sbtest7 WHERE id BETWEEN 6895138 AND 6896137 ORDER BY c
	Unique  (cost=3728.02..3732.78 rows=952 width=121)
	  ->  Sort  (cost=3728.02..3730.40 rows=952 width=121)
	        Sort Key: c
	        ->  Bitmap Heap Scan on sbtest7  (cost=22.19..3680.92 rows=952 width=121)
	              Recheck Cond: ((id >= 6895138) AND (id <= 6896137))
	              ->  Bitmap Index Scan on sbtest7_pkey  (cost=0.00..21.95 rows=952 width=0)
	                    Index Cond: ((id >= 6895138) AND (id <= 6896137))

table 8 : explain SELECT DISTINCT c FROM sbtest8 WHERE id BETWEEN 6959490 AND 6960489 ORDER BY c
	Unique  (cost=3961.31..3966.38 rows=1013 width=121)
	  ->  Sort  (cost=3961.31..3963.84 rows=1013 width=121)
	        Sort Key: c
	        ->  Bitmap Heap Scan on sbtest8  (cost=22.82..3910.74 rows=1013 width=121)
	              Recheck Cond: ((id >= 6959490) AND (id <= 6960489))
	              ->  Bitmap Index Scan on sbtest8_pkey  (cost=0.00..22.57 rows=1013 width=0)
	                    Index Cond: ((id >= 6959490) AND (id <= 6960489))

for: sum_ranges
table 1 : explain SELECT SUM(k) FROM sbtest1 WHERE id BETWEEN 3070868 AND 3071867
	Aggregate  (cost=3715.98..3715.99 rows=1 width=8)
	  ->  Bitmap Heap Scan on sbtest1  (cost=22.29..3713.58 rows=961 width=4)
	        Recheck Cond: ((id >= 3070868) AND (id <= 3071867))
	        ->  Bitmap Index Scan on sbtest1_pkey  (cost=0.00..22.04 rows=961 width=0)
	              Index Cond: ((id >= 3070868) AND (id <= 3071867))

table 2 : explain SELECT SUM(k) FROM sbtest2 WHERE id BETWEEN 2242721 AND 2243720
	Aggregate  (cost=3564.74..3564.75 rows=1 width=8)
	  ->  Bitmap Heap Scan on sbtest2  (cost=21.88..3562.44 rows=921 width=4)
	        Recheck Cond: ((id >= 2242721) AND (id <= 2243720))
	        ->  Bitmap Index Scan on sbtest2_pkey  (cost=0.00..21.64 rows=921 width=0)
	              Index Cond: ((id >= 2242721) AND (id <= 2243720))

table 3 : explain SELECT SUM(k) FROM sbtest3 WHERE id BETWEEN 8930327 AND 8931326
	Aggregate  (cost=4333.07..4333.08 rows=1 width=8)
	  ->  Bitmap Heap Scan on sbtest3  (cost=27.97..4330.26 rows=1125 width=4)
	        Recheck Cond: ((id >= 8930327) AND (id <= 8931326))
	        ->  Bitmap Index Scan on sbtest3_pkey  (cost=0.00..27.68 rows=1125 width=0)
	              Index Cond: ((id >= 8930327) AND (id <= 8931326))

table 4 : explain SELECT SUM(k) FROM sbtest4 WHERE id BETWEEN 8158599 AND 8159598
	Aggregate  (cost=3915.56..3915.57 rows=1 width=8)
	  ->  Bitmap Heap Scan on sbtest4  (cost=22.83..3913.02 rows=1014 width=4)
	        Recheck Cond: ((id >= 8158599) AND (id <= 8159598))
	        ->  Bitmap Index Scan on sbtest4_pkey  (cost=0.00..22.57 rows=1014 width=0)
	              Index Cond: ((id >= 8158599) AND (id <= 8159598))

table 5 : explain SELECT SUM(k) FROM sbtest5 WHERE id BETWEEN 4807438 AND 4808437
	Aggregate  (cost=3637.78..3637.79 rows=1 width=8)
	  ->  Bitmap Heap Scan on sbtest5  (cost=22.07..3635.43 rows=940 width=4)
	        Recheck Cond: ((id >= 4807438) AND (id <= 4808437))
	        ->  Bitmap Index Scan on sbtest5_pkey  (cost=0.00..21.83 rows=940 width=0)
	              Index Cond: ((id >= 4807438) AND (id <= 4808437))

table 6 : explain SELECT SUM(k) FROM sbtest6 WHERE id BETWEEN 7949022 AND 7950021
	Aggregate  (cost=4006.37..4006.38 rows=1 width=8)
	  ->  Bitmap Heap Scan on sbtest6  (cost=23.07..4003.77 rows=1038 width=4)
	        Recheck Cond: ((id >= 7949022) AND (id <= 7950021))
	        ->  Bitmap Index Scan on sbtest6_pkey  (cost=0.00..22.82 rows=1038 width=0)
	              Index Cond: ((id >= 7949022) AND (id <= 7950021))

table 7 : explain SELECT SUM(k) FROM sbtest7 WHERE id BETWEEN 713574 AND 714573
	Aggregate  (cost=3581.30..3581.31 rows=1 width=8)
	  ->  Bitmap Heap Scan on sbtest7  (cost=21.92..3578.99 rows=925 width=4)
	        Recheck Cond: ((id >= 713574) AND (id <= 714573))
	        ->  Bitmap Index Scan on sbtest7_pkey  (cost=0.00..21.68 rows=925 width=0)
	              Index Cond: ((id >= 713574) AND (id <= 714573))

table 8 : explain SELECT SUM(k) FROM sbtest8 WHERE id BETWEEN 1544622 AND 1545621
	Aggregate  (cost=3935.88..3935.89 rows=1 width=8)
	  ->  Bitmap Heap Scan on sbtest8  (cost=22.88..3933.33 rows=1019 width=4)
	        Recheck Cond: ((id >= 1544622) AND (id <= 1545621))
	        ->  Bitmap Index Scan on sbtest8_pkey  (cost=0.00..22.62 rows=1019 width=0)
	              Index Cond: ((id >= 1544622) AND (id <= 1545621))

for: order_ranges
table 1 : explain SELECT c FROM sbtest1 WHERE id BETWEEN 4566908 AND 4567907 ORDER BY c
	Sort  (cost=4166.17..4168.84 rows=1067 width=121)
	  Sort Key: c
	  ->  Bitmap Heap Scan on sbtest1  (cost=23.37..4112.51 rows=1067 width=121)
	        Recheck Cond: ((id >= 4566908) AND (id <= 4567907))
	        ->  Bitmap Index Scan on sbtest1_pkey  (cost=0.00..23.11 rows=1067 width=0)
	              Index Cond: ((id >= 4566908) AND (id <= 4567907))

table 2 : explain SELECT c FROM sbtest2 WHERE id BETWEEN 2061258 AND 2062257 ORDER BY c
	Sort  (cost=3806.87..3809.30 rows=973 width=121)
	  Sort Key: c
	  ->  Bitmap Heap Scan on sbtest2  (cost=22.41..3758.58 rows=973 width=121)
	        Recheck Cond: ((id >= 2061258) AND (id <= 2062257))
	        ->  Bitmap Index Scan on sbtest2_pkey  (cost=0.00..22.16 rows=973 width=0)
	              Index Cond: ((id >= 2061258) AND (id <= 2062257))

table 3 : explain SELECT c FROM sbtest3 WHERE id BETWEEN 9439524 AND 9440523 ORDER BY c
	Sort  (cost=4070.60..4073.21 rows=1042 width=121)
	  Sort Key: c
	  ->  Bitmap Heap Scan on sbtest3  (cost=23.12..4018.37 rows=1042 width=121)
	        Recheck Cond: ((id >= 9439524) AND (id <= 9440523))
	        ->  Bitmap Index Scan on sbtest3_pkey  (cost=0.00..22.86 rows=1042 width=0)
	              Index Cond: ((id >= 9439524) AND (id <= 9440523))

table 4 : explain SELECT c FROM sbtest4 WHERE id BETWEEN 4486807 AND 4487806 ORDER BY c
	Sort  (cost=4292.02..4294.77 rows=1100 width=121)
	  Sort Key: c
	  ->  Bitmap Heap Scan on sbtest4  (cost=27.71..4236.45 rows=1100 width=121)
	        Recheck Cond: ((id >= 4486807) AND (id <= 4487806))
	        ->  Bitmap Index Scan on sbtest4_pkey  (cost=0.00..27.43 rows=1100 width=0)
	              Index Cond: ((id >= 4486807) AND (id <= 4487806))

table 5 : explain SELECT c FROM sbtest5 WHERE id BETWEEN 7544352 AND 7545351 ORDER BY c
	Sort  (cost=3968.86..3971.40 rows=1015 width=121)
	  Sort Key: c
	  ->  Bitmap Heap Scan on sbtest5  (cost=22.84..3918.18 rows=1015 width=121)
	        Recheck Cond: ((id >= 7544352) AND (id <= 7545351))
	        ->  Bitmap Index Scan on sbtest5_pkey  (cost=0.00..22.58 rows=1015 width=0)
	              Index Cond: ((id >= 7544352) AND (id <= 7545351))

table 6 : explain SELECT c FROM sbtest6 WHERE id BETWEEN 991900 AND 992899 ORDER BY c
	Sort  (cost=3669.53..3671.87 rows=937 width=121)
	  Sort Key: c
	  ->  Bitmap Heap Scan on sbtest6  (cost=22.04..3623.28 rows=937 width=121)
	        Recheck Cond: ((id >= 991900) AND (id <= 992899))
	        ->  Bitmap Index Scan on sbtest6_pkey  (cost=0.00..21.80 rows=937 width=0)
	              Index Cond: ((id >= 991900) AND (id <= 992899))

table 7 : explain SELECT c FROM sbtest7 WHERE id BETWEEN 8790883 AND 8791882 ORDER BY c
	Sort  (cost=4098.98..4101.60 rows=1049 width=121)
	  Sort Key: c
	  ->  Bitmap Heap Scan on sbtest7  (cost=23.19..4046.35 rows=1049 width=121)
	        Recheck Cond: ((id >= 8790883) AND (id <= 8791882))
	        ->  Bitmap Index Scan on sbtest7_pkey  (cost=0.00..22.93 rows=1049 width=0)
	              Index Cond: ((id >= 8790883) AND (id <= 8791882))

table 8 : explain SELECT c FROM sbtest8 WHERE id BETWEEN 2688086 AND 2689085 ORDER BY c
	Sort  (cost=3509.39..3511.62 rows=895 width=121)
	  Sort Key: c
	  ->  Bitmap Heap Scan on sbtest8  (cost=21.61..3465.51 rows=895 width=121)
	        Recheck Cond: ((id >= 2688086) AND (id <= 2689085))
	        ->  Bitmap Index Scan on sbtest8_pkey  (cost=0.00..21.39 rows=895 width=0)
	              Index Cond: ((id >= 2688086) AND (id <= 2689085))

for: order_ranges
table 1 : explain SELECT c FROM sbtest1 WHERE id BETWEEN 269065 AND 270064 ORDER BY c
	Sort  (cost=3910.35..3912.85 rows=1000 width=121)
	  Sort Key: c
	  ->  Bitmap Heap Scan on sbtest1  (cost=22.68..3860.53 rows=1000 width=121)
	        Recheck Cond: ((id >= 269065) AND (id <= 270064))
	        ->  Bitmap Index Scan on sbtest1_pkey  (cost=0.00..22.43 rows=1000 width=0)
	              Index Cond: ((id >= 269065) AND (id <= 270064))

table 2 : explain SELECT c FROM sbtest2 WHERE id BETWEEN 8741683 AND 8742682 ORDER BY c
	Sort  (cost=4291.97..4294.72 rows=1100 width=121)
	  Sort Key: c
	  ->  Bitmap Heap Scan on sbtest2  (cost=27.71..4236.40 rows=1100 width=121)
	        Recheck Cond: ((id >= 8741683) AND (id <= 8742682))
	        ->  Bitmap Index Scan on sbtest2_pkey  (cost=0.00..27.43 rows=1100 width=0)
	              Index Cond: ((id >= 8741683) AND (id <= 8742682))

table 3 : explain SELECT c FROM sbtest3 WHERE id BETWEEN 9072115 AND 9073114 ORDER BY c
	Sort  (cost=4024.79..4027.37 rows=1030 width=121)
	  Sort Key: c
	  ->  Bitmap Heap Scan on sbtest3  (cost=22.99..3973.25 rows=1030 width=121)
	        Recheck Cond: ((id >= 9072115) AND (id <= 9073114))
	        ->  Bitmap Index Scan on sbtest3_pkey  (cost=0.00..22.73 rows=1030 width=0)
	              Index Cond: ((id >= 9072115) AND (id <= 9073114))

table 4 : explain SELECT c FROM sbtest4 WHERE id BETWEEN 9844134 AND 9845133 ORDER BY c
	Sort  (cost=4001.85..4004.41 rows=1024 width=121)
	  Sort Key: c
	  ->  Bitmap Heap Scan on sbtest4  (cost=22.93..3950.65 rows=1024 width=121)
	        Recheck Cond: ((id >= 9844134) AND (id <= 9845133))
	        ->  Bitmap Index Scan on sbtest4_pkey  (cost=0.00..22.68 rows=1024 width=0)
	              Index Cond: ((id >= 9844134) AND (id <= 9845133))

table 5 : explain SELECT c FROM sbtest5 WHERE id BETWEEN 9286765 AND 9287764 ORDER BY c
	Sort  (cost=3896.22..3898.71 rows=996 width=121)
	  Sort Key: c
	  ->  Bitmap Heap Scan on sbtest5  (cost=22.64..3846.62 rows=996 width=121)
	        Recheck Cond: ((id >= 9286765) AND (id <= 9287764))
	        ->  Bitmap Index Scan on sbtest5_pkey  (cost=0.00..22.39 rows=996 width=0)
	              Index Cond: ((id >= 9286765) AND (id <= 9287764))

table 6 : explain SELECT c FROM sbtest6 WHERE id BETWEEN 8665092 AND 8666091 ORDER BY c
	Sort  (cost=3994.67..3997.22 rows=1022 width=121)
	  Sort Key: c
	  ->  Bitmap Heap Scan on sbtest6  (cost=22.91..3943.58 rows=1022 width=121)
	        Recheck Cond: ((id >= 8665092) AND (id <= 8666091))
	        ->  Bitmap Index Scan on sbtest6_pkey  (cost=0.00..22.65 rows=1022 width=0)
	              Index Cond: ((id >= 8665092) AND (id <= 8666091))

table 7 : explain SELECT c FROM sbtest7 WHERE id BETWEEN 6292934 AND 6293933 ORDER BY c
	Sort  (cost=4198.22..4200.91 rows=1075 width=121)
	  Sort Key: c
	  ->  Bitmap Heap Scan on sbtest7  (cost=23.45..4144.09 rows=1075 width=121)
	        Recheck Cond: ((id >= 6292934) AND (id <= 6293933))
	        ->  Bitmap Index Scan on sbtest7_pkey  (cost=0.00..23.18 rows=1075 width=0)
	              Index Cond: ((id >= 6292934) AND (id <= 6293933))

table 8 : explain SELECT c FROM sbtest8 WHERE id BETWEEN 9441626 AND 9442625 ORDER BY c
	Sort  (cost=3919.26..3921.76 rows=1002 width=121)
	  Sort Key: c
	  ->  Bitmap Heap Scan on sbtest8  (cost=22.71..3869.31 rows=1002 width=121)
	        Recheck Cond: ((id >= 9441626) AND (id <= 9442625))
	        ->  Bitmap Index Scan on sbtest8_pkey  (cost=0.00..22.45 rows=1002 width=0)
	              Index Cond: ((id >= 9441626) AND (id <= 9442625))

for: order_ranges
table 1 : explain SELECT c FROM sbtest1 WHERE id BETWEEN 8773962 AND 8774961 ORDER BY c
	Sort  (cost=3715.26..3717.63 rows=949 width=121)
	  Sort Key: c
	  ->  Bitmap Heap Scan on sbtest1  (cost=22.16..3668.33 rows=949 width=121)
	        Recheck Cond: ((id >= 8773962) AND (id <= 8774961))
	        ->  Bitmap Index Scan on sbtest1_pkey  (cost=0.00..21.93 rows=949 width=0)
	              Index Cond: ((id >= 8773962) AND (id <= 8774961))

table 2 : explain SELECT c FROM sbtest2 WHERE id BETWEEN 381303 AND 382302 ORDER BY c
	Sort  (cost=4047.62..4050.21 rows=1036 width=121)
	  Sort Key: c
	  ->  Bitmap Heap Scan on sbtest2  (cost=23.05..3995.73 rows=1036 width=121)
	        Recheck Cond: ((id >= 381303) AND (id <= 382302))
	        ->  Bitmap Index Scan on sbtest2_pkey  (cost=0.00..22.79 rows=1036 width=0)
	              Index Cond: ((id >= 381303) AND (id <= 382302))

table 3 : explain SELECT c FROM sbtest3 WHERE id BETWEEN 7336409 AND 7337408 ORDER BY c
	Sort  (cost=4356.81..4359.60 rows=1117 width=121)
	  Sort Key: c
	  ->  Bitmap Heap Scan on sbtest3  (cost=27.88..4300.26 rows=1117 width=121)
	        Recheck Cond: ((id >= 7336409) AND (id <= 7337408))
	        ->  Bitmap Index Scan on sbtest3_pkey  (cost=0.00..27.61 rows=1117 width=0)
	              Index Cond: ((id >= 7336409) AND (id <= 7337408))

table 4 : explain SELECT c FROM sbtest4 WHERE id BETWEEN 8073285 AND 8074284 ORDER BY c
	Sort  (cost=3320.07..3322.18 rows=846 width=121)
	  Sort Key: c
	  ->  Bitmap Heap Scan on sbtest4  (cost=21.11..3278.93 rows=846 width=121)
	        Recheck Cond: ((id >= 8073285) AND (id <= 8074284))
	        ->  Bitmap Index Scan on sbtest4_pkey  (cost=0.00..20.89 rows=846 width=0)
	              Index Cond: ((id >= 8073285) AND (id <= 8074284))

table 5 : explain SELECT c FROM sbtest5 WHERE id BETWEEN 4112777 AND 4113776 ORDER BY c
	Sort  (cost=3968.86..3971.40 rows=1015 width=121)
	  Sort Key: c
	  ->  Bitmap Heap Scan on sbtest5  (cost=22.84..3918.18 rows=1015 width=121)
	        Recheck Cond: ((id >= 4112777) AND (id <= 4113776))
	        ->  Bitmap Index Scan on sbtest5_pkey  (cost=0.00..22.58 rows=1015 width=0)
	              Index Cond: ((id >= 4112777) AND (id <= 4113776))

table 6 : explain SELECT c FROM sbtest6 WHERE id BETWEEN 3963965 AND 3964964 ORDER BY c
	Sort  (cost=4036.68..4039.26 rows=1033 width=121)
	  Sort Key: c
	  ->  Bitmap Heap Scan on sbtest6  (cost=23.02..3984.96 rows=1033 width=121)
	        Recheck Cond: ((id >= 3963965) AND (id <= 3964964))
	        ->  Bitmap Index Scan on sbtest6_pkey  (cost=0.00..22.76 rows=1033 width=0)
	              Index Cond: ((id >= 3963965) AND (id <= 3964964))

table 7 : explain SELECT c FROM sbtest7 WHERE id BETWEEN 2290174 AND 2291173 ORDER BY c
	Sort  (cost=4083.70..4086.32 rows=1045 width=121)
	  Sort Key: c
	  ->  Bitmap Heap Scan on sbtest7  (cost=23.15..4031.30 rows=1045 width=121)
	        Recheck Cond: ((id >= 2290174) AND (id <= 2291173))
	        ->  Bitmap Index Scan on sbtest7_pkey  (cost=0.00..22.89 rows=1045 width=0)
	              Index Cond: ((id >= 2290174) AND (id <= 2291173))

table 8 : explain SELECT c FROM sbtest8 WHERE id BETWEEN 6927489 AND 6928488 ORDER BY c
	Sort  (cost=3961.31..3963.84 rows=1013 width=121)
	  Sort Key: c
	  ->  Bitmap Heap Scan on sbtest8  (cost=22.82..3910.74 rows=1013 width=121)
	        Recheck Cond: ((id >= 6927489) AND (id <= 6928488))
	        ->  Bitmap Index Scan on sbtest8_pkey  (cost=0.00..22.57 rows=1013 width=0)
	              Index Cond: ((id >= 6927489) AND (id <= 6928488))

for: distinct_ranges
table 1 : explain SELECT DISTINCT c FROM sbtest1 WHERE id BETWEEN 758464 AND 759463 ORDER BY c
	Unique  (cost=3791.80..3796.65 rows=969 width=121)
	  ->  Sort  (cost=3791.80..3794.23 rows=969 width=121)
	        Sort Key: c
	        ->  Bitmap Heap Scan on sbtest1  (cost=22.37..3743.74 rows=969 width=121)
	              Recheck Cond: ((id >= 758464) AND (id <= 759463))
	              ->  Bitmap Index Scan on sbtest1_pkey  (cost=0.00..22.12 rows=969 width=0)
	                    Index Cond: ((id >= 758464) AND (id <= 759463))

table 2 : explain SELECT DISTINCT c FROM sbtest2 WHERE id BETWEEN 1220252 AND 1221251 ORDER BY c
	Unique  (cost=3871.88..3876.83 rows=990 width=121)
	  ->  Sort  (cost=3871.88..3874.36 rows=990 width=121)
	        Sort Key: c
	        ->  Bitmap Heap Scan on sbtest2  (cost=22.58..3822.62 rows=990 width=121)
	              Recheck Cond: ((id >= 1220252) AND (id <= 1221251))
	              ->  Bitmap Index Scan on sbtest2_pkey  (cost=0.00..22.33 rows=990 width=0)
	                    Index Cond: ((id >= 1220252) AND (id <= 1221251))

table 3 : explain SELECT DISTINCT c FROM sbtest3 WHERE id BETWEEN 3268565 AND 3269564 ORDER BY c
	Unique  (cost=4074.42..4079.63 rows=1043 width=121)
	  ->  Sort  (cost=4074.42..4077.03 rows=1043 width=121)
	        Sort Key: c
	        ->  Bitmap Heap Scan on sbtest3  (cost=23.13..4022.13 rows=1043 width=121)
	              Recheck Cond: ((id >= 3268565) AND (id <= 3269564))
	              ->  Bitmap Index Scan on sbtest3_pkey  (cost=0.00..22.86 rows=1043 width=0)
	                    Index Cond: ((id >= 3268565) AND (id <= 3269564))

table 4 : explain SELECT DISTINCT c FROM sbtest4 WHERE id BETWEEN 8186084 AND 8187083 ORDER BY c
	Unique  (cost=3963.65..3968.72 rows=1014 width=121)
	  ->  Sort  (cost=3963.65..3966.18 rows=1014 width=121)
	        Sort Key: c
	        ->  Bitmap Heap Scan on sbtest4  (cost=22.83..3913.02 rows=1014 width=121)
	              Recheck Cond: ((id >= 8186084) AND (id <= 8187083))
	              ->  Bitmap Index Scan on sbtest4_pkey  (cost=0.00..22.57 rows=1014 width=0)
	                    Index Cond: ((id >= 8186084) AND (id <= 8187083))

table 5 : explain SELECT DISTINCT c FROM sbtest5 WHERE id BETWEEN 5374524 AND 5375523 ORDER BY c
	Unique  (cost=3582.19..3586.76 rows=914 width=121)
	  ->  Sort  (cost=3582.19..3584.47 rows=914 width=121)
	        Sort Key: c
	        ->  Bitmap Heap Scan on sbtest5  (cost=21.80..3537.24 rows=914 width=121)
	              Recheck Cond: ((id >= 5374524) AND (id <= 5375523))
	              ->  Bitmap Index Scan on sbtest5_pkey  (cost=0.00..21.57 rows=914 width=0)
	                    Index Cond: ((id >= 5374524) AND (id <= 5375523))

table 6 : explain SELECT DISTINCT c FROM sbtest6 WHERE id BETWEEN 8494200 AND 8495199 ORDER BY c
	Unique  (cost=3807.34..3812.21 rows=973 width=121)
	  ->  Sort  (cost=3807.34..3809.77 rows=973 width=121)
	        Sort Key: c
	        ->  Bitmap Heap Scan on sbtest6  (cost=22.41..3759.05 rows=973 width=121)
	              Recheck Cond: ((id >= 8494200) AND (id <= 8495199))
	              ->  Bitmap Index Scan on sbtest6_pkey  (cost=0.00..22.16 rows=973 width=0)
	                    Index Cond: ((id >= 8494200) AND (id <= 8495199))

table 7 : explain SELECT DISTINCT c FROM sbtest7 WHERE id BETWEEN 4960664 AND 4961663 ORDER BY c
	Unique  (cost=4098.98..4104.22 rows=1049 width=121)
	  ->  Sort  (cost=4098.98..4101.60 rows=1049 width=121)
	        Sort Key: c
	        ->  Bitmap Heap Scan on sbtest7  (cost=23.19..4046.35 rows=1049 width=121)
	              Recheck Cond: ((id >= 4960664) AND (id <= 4961663))
	              ->  Bitmap Index Scan on sbtest7_pkey  (cost=0.00..22.93 rows=1049 width=0)
	                    Index Cond: ((id >= 4960664) AND (id <= 4961663))

table 8 : explain SELECT DISTINCT c FROM sbtest8 WHERE id BETWEEN 9844216 AND 9845215 ORDER BY c
	Unique  (cost=3976.60..3981.69 rows=1017 width=121)
	  ->  Sort  (cost=3976.60..3979.14 rows=1017 width=121)
	        Sort Key: c
	        ->  Bitmap Heap Scan on sbtest8  (cost=22.86..3925.80 rows=1017 width=121)
	              Recheck Cond: ((id >= 9844216) AND (id <= 9845215))
	              ->  Bitmap Index Scan on sbtest8_pkey  (cost=0.00..22.61 rows=1017 width=0)
	                    Index Cond: ((id >= 9844216) AND (id <= 9845215))

for: distinct_ranges
table 1 : explain SELECT DISTINCT c FROM sbtest1 WHERE id BETWEEN 7902306 AND 7903305 ORDER BY c
	Unique  (cost=4158.55..4163.87 rows=1065 width=121)
	  ->  Sort  (cost=4158.55..4161.21 rows=1065 width=121)
	        Sort Key: c
	        ->  Bitmap Heap Scan on sbtest1  (cost=23.35..4104.99 rows=1065 width=121)
	              Recheck Cond: ((id >= 7902306) AND (id <= 7903305))
	              ->  Bitmap Index Scan on sbtest1_pkey  (cost=0.00..23.08 rows=1065 width=0)
	                    Index Cond: ((id >= 7902306) AND (id <= 7903305))

table 2 : explain SELECT DISTINCT c FROM sbtest2 WHERE id BETWEEN 819428 AND 820427 ORDER BY c
	Unique  (cost=4024.71..4029.86 rows=1030 width=121)
	  ->  Sort  (cost=4024.71..4027.29 rows=1030 width=121)
	        Sort Key: c
	        ->  Bitmap Heap Scan on sbtest2  (cost=22.99..3973.17 rows=1030 width=121)
	              Recheck Cond: ((id >= 819428) AND (id <= 820427))
	              ->  Bitmap Index Scan on sbtest2_pkey  (cost=0.00..22.73 rows=1030 width=0)
	                    Index Cond: ((id >= 819428) AND (id <= 820427))

table 3 : explain SELECT DISTINCT c FROM sbtest3 WHERE id BETWEEN 5194835 AND 5195834 ORDER BY c
	Unique  (cost=3914.01..3919.01 rows=1001 width=121)
	  ->  Sort  (cost=3914.01..3916.51 rows=1001 width=121)
	        Sort Key: c
	        ->  Bitmap Heap Scan on sbtest3  (cost=22.70..3864.12 rows=1001 width=121)
	              Recheck Cond: ((id >= 5194835) AND (id <= 5195834))
	              ->  Bitmap Index Scan on sbtest3_pkey  (cost=0.00..22.44 rows=1001 width=0)
	                    Index Cond: ((id >= 5194835) AND (id <= 5195834))

table 4 : explain SELECT DISTINCT c FROM sbtest4 WHERE id BETWEEN 3581747 AND 3582746 ORDER BY c
	Unique  (cost=4112.55..4117.81 rows=1053 width=121)
	  ->  Sort  (cost=4112.55..4115.18 rows=1053 width=121)
	        Sort Key: c
	        ->  Bitmap Heap Scan on sbtest4  (cost=23.23..4059.68 rows=1053 width=121)
	              Recheck Cond: ((id >= 3581747) AND (id <= 3582746))
	              ->  Bitmap Index Scan on sbtest4_pkey  (cost=0.00..22.96 rows=1053 width=0)
	                    Index Cond: ((id >= 3581747) AND (id <= 3582746))

table 5 : explain SELECT DISTINCT c FROM sbtest5 WHERE id BETWEEN 8616506 AND 8617505 ORDER BY c
	Unique  (cost=3815.88..3820.75 rows=975 width=121)
	  ->  Sort  (cost=3815.88..3818.31 rows=975 width=121)
	        Sort Key: c
	        ->  Bitmap Heap Scan on sbtest5  (cost=22.43..3767.47 rows=975 width=121)
	              Recheck Cond: ((id >= 8616506) AND (id <= 8617505))
	              ->  Bitmap Index Scan on sbtest5_pkey  (cost=0.00..22.18 rows=975 width=0)
	                    Index Cond: ((id >= 8616506) AND (id <= 8617505))

table 6 : explain SELECT DISTINCT c FROM sbtest6 WHERE id BETWEEN 8550942 AND 8551941 ORDER BY c
	Unique  (cost=3853.25..3858.17 rows=985 width=121)
	  ->  Sort  (cost=3853.25..3855.71 rows=985 width=121)
	        Sort Key: c
	        ->  Bitmap Heap Scan on sbtest6  (cost=22.53..3804.27 rows=985 width=121)
	              Recheck Cond: ((id >= 8550942) AND (id <= 8551941))
	              ->  Bitmap Index Scan on sbtest6_pkey  (cost=0.00..22.29 rows=985 width=0)
	                    Index Cond: ((id >= 8550942) AND (id <= 8551941))

table 7 : explain SELECT DISTINCT c FROM sbtest7 WHERE id BETWEEN 2704281 AND 2705280 ORDER BY c
	Unique  (cost=3995.84..4000.95 rows=1022 width=121)
	  ->  Sort  (cost=3995.84..3998.39 rows=1022 width=121)
	        Sort Key: c
	        ->  Bitmap Heap Scan on sbtest7  (cost=22.91..3944.75 rows=1022 width=121)
	              Recheck Cond: ((id >= 2704281) AND (id <= 2705280))
	              ->  Bitmap Index Scan on sbtest7_pkey  (cost=0.00..22.65 rows=1022 width=0)
	                    Index Cond: ((id >= 2704281) AND (id <= 2705280))

table 8 : explain SELECT DISTINCT c FROM sbtest8 WHERE id BETWEEN 2973876 AND 2974875 ORDER BY c
	Unique  (cost=3999.53..4004.65 rows=1023 width=121)
	  ->  Sort  (cost=3999.53..4002.09 rows=1023 width=121)
	        Sort Key: c
	        ->  Bitmap Heap Scan on sbtest8  (cost=22.92..3948.39 rows=1023 width=121)
	              Recheck Cond: ((id >= 2973876) AND (id <= 2974875))
	              ->  Bitmap Index Scan on sbtest8_pkey  (cost=0.00..22.66 rows=1023 width=0)
	                    Index Cond: ((id >= 2973876) AND (id <= 2974875))

for: distinct_ranges
table 1 : explain SELECT DISTINCT c FROM sbtest1 WHERE id BETWEEN 9630001 AND 9631000 ORDER BY c
	Unique  (cost=3791.80..3796.65 rows=969 width=121)
	  ->  Sort  (cost=3791.80..3794.23 rows=969 width=121)
	        Sort Key: c
	        ->  Bitmap Heap Scan on sbtest1  (cost=22.37..3743.74 rows=969 width=121)
	              Recheck Cond: ((id >= 9630001) AND (id <= 9631000))
	              ->  Bitmap Index Scan on sbtest1_pkey  (cost=0.00..22.12 rows=969 width=0)
	                    Index Cond: ((id >= 9630001) AND (id <= 9631000))

table 2 : explain SELECT DISTINCT c FROM sbtest2 WHERE id BETWEEN 302730 AND 303729 ORDER BY c
	Unique  (cost=4047.62..4052.80 rows=1036 width=121)
	  ->  Sort  (cost=4047.62..4050.21 rows=1036 width=121)
	        Sort Key: c
	        ->  Bitmap Heap Scan on sbtest2  (cost=23.05..3995.73 rows=1036 width=121)
	              Recheck Cond: ((id >= 302730) AND (id <= 303729))
	              ->  Bitmap Index Scan on sbtest2_pkey  (cost=0.00..22.79 rows=1036 width=0)
	                    Index Cond: ((id >= 302730) AND (id <= 303729))

table 3 : explain SELECT DISTINCT c FROM sbtest3 WHERE id BETWEEN 2268919 AND 2269918 ORDER BY c
	Unique  (cost=3826.07..3830.96 rows=978 width=121)
	  ->  Sort  (cost=3826.07..3828.52 rows=978 width=121)
	        Sort Key: c
	        ->  Bitmap Heap Scan on sbtest3  (cost=22.46..3777.49 rows=978 width=121)
	              Recheck Cond: ((id >= 2268919) AND (id <= 2269918))
	              ->  Bitmap Index Scan on sbtest3_pkey  (cost=0.00..22.21 rows=978 width=0)
	                    Index Cond: ((id >= 2268919) AND (id <= 2269918))

table 4 : explain SELECT DISTINCT c FROM sbtest4 WHERE id BETWEEN 6978863 AND 6979862 ORDER BY c
	Unique  (cost=3718.90..3723.65 rows=950 width=121)
	  ->  Sort  (cost=3718.90..3721.27 rows=950 width=121)
	        Sort Key: c
	        ->  Bitmap Heap Scan on sbtest4  (cost=22.17..3671.91 rows=950 width=121)
	              Recheck Cond: ((id >= 6978863) AND (id <= 6979862))
	              ->  Bitmap Index Scan on sbtest4_pkey  (cost=0.00..21.93 rows=950 width=0)
	                    Index Cond: ((id >= 6978863) AND (id <= 6979862))

table 5 : explain SELECT DISTINCT c FROM sbtest5 WHERE id BETWEEN 2181578 AND 2182577 ORDER BY c
	Unique  (cost=3892.39..3897.37 rows=995 width=121)
	  ->  Sort  (cost=3892.39..3894.88 rows=995 width=121)
	        Sort Key: c
	        ->  Bitmap Heap Scan on sbtest5  (cost=22.63..3842.85 rows=995 width=121)
	              Recheck Cond: ((id >= 2181578) AND (id <= 2182577))
	              ->  Bitmap Index Scan on sbtest5_pkey  (cost=0.00..22.39 rows=995 width=0)
	                    Index Cond: ((id >= 2181578) AND (id <= 2182577))

table 6 : explain SELECT DISTINCT c FROM sbtest6 WHERE id BETWEEN 2598680 AND 2599679 ORDER BY c
	Unique  (cost=3922.07..3927.08 rows=1003 width=121)
	  ->  Sort  (cost=3922.07..3924.57 rows=1003 width=121)
	        Sort Key: c
	        ->  Bitmap Heap Scan on sbtest6  (cost=22.72..3872.07 rows=1003 width=121)
	              Recheck Cond: ((id >= 2598680) AND (id <= 2599679))
	              ->  Bitmap Index Scan on sbtest6_pkey  (cost=0.00..22.46 rows=1003 width=0)
	                    Index Cond: ((id >= 2598680) AND (id <= 2599679))

table 7 : explain SELECT DISTINCT c FROM sbtest7 WHERE id BETWEEN 6467577 AND 6468576 ORDER BY c
	Unique  (cost=3708.87..3713.60 rows=947 width=121)
	  ->  Sort  (cost=3708.87..3711.23 rows=947 width=121)
	        Sort Key: c
	        ->  Bitmap Heap Scan on sbtest7  (cost=22.14..3662.05 rows=947 width=121)
	              Recheck Cond: ((id >= 6467577) AND (id <= 6468576))
	              ->  Bitmap Index Scan on sbtest7_pkey  (cost=0.00..21.90 rows=947 width=0)
	                    Index Cond: ((id >= 6467577) AND (id <= 6468576))

table 8 : explain SELECT DISTINCT c FROM sbtest8 WHERE id BETWEEN 2162636 AND 2163635 ORDER BY c
	Unique  (cost=3685.77..3690.47 rows=941 width=121)
	  ->  Sort  (cost=3685.77..3688.12 rows=941 width=121)
	        Sort Key: c
	        ->  Bitmap Heap Scan on sbtest8  (cost=22.08..3639.29 rows=941 width=121)
	              Recheck Cond: ((id >= 2162636) AND (id <= 2163635))
	              ->  Bitmap Index Scan on sbtest8_pkey  (cost=0.00..21.84 rows=941 width=0)
	                    Index Cond: ((id >= 2162636) AND (id <= 2163635))

Threads started!

Warming up for 5 seconds...

SQL statistics:
    queries performed:
        read:                            126000636
        write:                           0
        other:                           22909239
        total:                           148909875
    transactions:                        11454640 (18187.17 per sec.)
    queries:                             148909875 (236432.56 per sec.)
    ignored errors:                      0      (0.00 per sec.)
    reconnects:                          0      (0.00 per sec.)

Throughput:
    events/s (eps):                      18187.1743
    time elapsed:                        630.0066s
    total number of events:              11454640

Latency (ms):
         min:                                    0.49
         avg:                                    2.19
         max:                                  326.58
         95th percentile:                        2.35
         sum:                             25058392.04

Threads fairness:
    events (avg/stddev):           286363.9750/1458.28
    execution time (avg/stddev):   626.4598/0.14

