LUA_PATH=/home/mdcallag/git/mytools/bench/sysbench.lua/lua/?.lua /home/mdcallag/git/mytools/bench/sysbench.lua/lua/sysbench --db-driver=pgsql --range-size=10000 --table-size=10000000 --tables=8 --threads=40 --events=0 --warmup-time=5 --time=630 --pgsql_conn_id=true /home/mdcallag/git/mytools/bench/sysbench.lua/lua/oltp_write_only.lua run --pgsql-user=root --pgsql-password=pw --pgsql-host=127.0.0.1 --pgsql-db=ib --rand-type=uniform
48 CPUs
sysbench 1.1.0-9072687 (using bundled LuaJIT 2.1.0-beta3)

Running the test with following options:
Number of threads: 40
Warmup time: 5s
Initializing random number generator from current time


Initializing worker threads...

explain: for index_updates :: explain UPDATE sbtest%u SET k=k+1 WHERE id=%u
explain: for index_updates :: explain UPDATE sbtest%u SET k=k+1 WHERE id=%u
explain: for index_updates :: explain UPDATE sbtest%u SET k=k+1 WHERE id=%u
explain: for index_updates :: explain UPDATE sbtest%u SET k=k+1 WHERE id=%u
for index_updates
table 1 : explain UPDATE sbtest1 SET k=k+1 WHERE id=2134292
	Update on sbtest1  (cost=0.43..8.46 rows=0 width=0)
	  ->  Index Scan using sbtest1_pkey on sbtest1  (cost=0.43..8.46 rows=1 width=10)
	        Index Cond: (id = 2134292)

table 2 : explain UPDATE sbtest2 SET k=k+1 WHERE id=4786358
	Update on sbtest2  (cost=0.43..8.46 rows=0 width=0)
	  ->  Index Scan using sbtest2_pkey on sbtest2  (cost=0.43..8.46 rows=1 width=10)
	        Index Cond: (id = 4786358)

table 3 : explain UPDATE sbtest3 SET k=k+1 WHERE id=7212931
	Update on sbtest3  (cost=0.43..8.46 rows=0 width=0)
	  ->  Index Scan using sbtest3_pkey on sbtest3  (cost=0.43..8.46 rows=1 width=10)
	        Index Cond: (id = 7212931)

table 4 : explain UPDATE sbtest4 SET k=k+1 WHERE id=9250629
	Update on sbtest4  (cost=0.43..8.46 rows=0 width=0)
	  ->  Index Scan using sbtest4_pkey on sbtest4  (cost=0.43..8.46 rows=1 width=10)
	        Index Cond: (id = 9250629)

table 5 : explain UPDATE sbtest5 SET k=k+1 WHERE id=961945
	Update on sbtest5  (cost=0.43..8.46 rows=0 width=0)
	  ->  Index Scan using sbtest5_pkey on sbtest5  (cost=0.43..8.46 rows=1 width=10)
	        Index Cond: (id = 961945)

table 6 : explain UPDATE sbtest6 SET k=k+1 WHERE id=3960497
	Update on sbtest6  (cost=0.43..8.46 rows=0 width=0)
	  ->  Index Scan using sbtest6_pkey on sbtest6  (cost=0.43..8.46 rows=1 width=10)
	        Index Cond: (id = 3960497)

table 7 : explain UPDATE sbtest7 SET k=k+1 WHERE id=71044
	Update on sbtest7  (cost=0.43..8.46 rows=0 width=0)
	  ->  Index Scan using sbtest7_pkey on sbtest7  (cost=0.43..8.46 rows=1 width=10)
	        Index Cond: (id = 71044)

table 8 : explain UPDATE sbtest8 SET k=k+1 WHERE id=3995900
	Update on sbtest8  (cost=0.43..8.46 rows=0 width=0)
	  ->  Index Scan using sbtest8_pkey on sbtest8  (cost=0.43..8.46 rows=1 width=10)
	        Index Cond: (id = 3995900)

for index_updates
table 1 : explain UPDATE sbtest1 SET k=k+1 WHERE id=9662491
	Update on sbtest1  (cost=0.43..8.46 rows=0 width=0)
	  ->  Index Scan using sbtest1_pkey on sbtest1  (cost=0.43..8.46 rows=1 width=10)
	        Index Cond: (id = 9662491)

table 2 : explain UPDATE sbtest2 SET k=k+1 WHERE id=6627159
	Update on sbtest2  (cost=0.43..8.46 rows=0 width=0)
	  ->  Index Scan using sbtest2_pkey on sbtest2  (cost=0.43..8.46 rows=1 width=10)
	        Index Cond: (id = 6627159)

table 3 : explain UPDATE sbtest3 SET k=k+1 WHERE id=7170058
	Update on sbtest3  (cost=0.43..8.46 rows=0 width=0)
	  ->  Index Scan using sbtest3_pkey on sbtest3  (cost=0.43..8.46 rows=1 width=10)
	        Index Cond: (id = 7170058)

table 4 : explain UPDATE sbtest4 SET k=k+1 WHERE id=3287132
	Update on sbtest4  (cost=0.43..8.46 rows=0 width=0)
	  ->  Index Scan using sbtest4_pkey on sbtest4  (cost=0.43..8.46 rows=1 width=10)
	        Index Cond: (id = 3287132)

table 5 : explain UPDATE sbtest5 SET k=k+1 WHERE id=8249121
	Update on sbtest5  (cost=0.43..8.46 rows=0 width=0)
	  ->  Index Scan using sbtest5_pkey on sbtest5  (cost=0.43..8.46 rows=1 width=10)
	        Index Cond: (id = 8249121)

table 6 : explain UPDATE sbtest6 SET k=k+1 WHERE id=955566
	Update on sbtest6  (cost=0.43..8.46 rows=0 width=0)
	  ->  Index Scan using sbtest6_pkey on sbtest6  (cost=0.43..8.46 rows=1 width=10)
	        Index Cond: (id = 955566)

table 7 : explain UPDATE sbtest7 SET k=k+1 WHERE id=8648951
	Update on sbtest7  (cost=0.43..8.46 rows=0 width=0)
	  ->  Index Scan using sbtest7_pkey on sbtest7  (cost=0.43..8.46 rows=1 width=10)
	        Index Cond: (id = 8648951)

table 8 : explain UPDATE sbtest8 SET k=k+1 WHERE id=2213993
	Update on sbtest8  (cost=0.43..8.46 rows=0 width=0)
	  ->  Index Scan using sbtest8_pkey on sbtest8  (cost=0.43..8.46 rows=1 width=10)
	        Index Cond: (id = 2213993)

explain: for non_index_updates :: explain UPDATE sbtest%u SET c='foobar' WHERE id=%u
explain: for non_index_updates :: explain UPDATE sbtest%u SET c='foobar' WHERE id=%u
for index_updates
table 1 : explain UPDATE sbtest1 SET k=k+1 WHERE id=3799551
	Update on sbtest1  (cost=0.43..8.46 rows=0 width=0)
	  ->  Index Scan using sbtest1_pkey on sbtest1  (cost=0.43..8.46 rows=1 width=10)
	        Index Cond: (id = 3799551)

table 2 : explain UPDATE sbtest2 SET k=k+1 WHERE id=5007926
	Update on sbtest2  (cost=0.43..8.46 rows=0 width=0)
	  ->  Index Scan using sbtest2_pkey on sbtest2  (cost=0.43..8.46 rows=1 width=10)
	        Index Cond: (id = 5007926)

table 3 : explain UPDATE sbtest3 SET k=k+1 WHERE id=3606982
	Update on sbtest3  (cost=0.43..8.46 rows=0 width=0)
	  ->  Index Scan using sbtest3_pkey on sbtest3  (cost=0.43..8.46 rows=1 width=10)
	        Index Cond: (id = 3606982)

table 4 : explain UPDATE sbtest4 SET k=k+1 WHERE id=7274095
	Update on sbtest4  (cost=0.43..8.46 rows=0 width=0)
	  ->  Index Scan using sbtest4_pkey on sbtest4  (cost=0.43..8.46 rows=1 width=10)
	        Index Cond: (id = 7274095)

table 5 : explain UPDATE sbtest5 SET k=k+1 WHERE id=5712748
	Update on sbtest5  (cost=0.43..8.46 rows=0 width=0)
	  ->  Index Scan using sbtest5_pkey on sbtest5  (cost=0.43..8.46 rows=1 width=10)
	        Index Cond: (id = 5712748)

table 6 : explain UPDATE sbtest6 SET k=k+1 WHERE id=2323430
	Update on sbtest6  (cost=0.43..8.46 rows=0 width=0)
	  ->  Index Scan using sbtest6_pkey on sbtest6  (cost=0.43..8.46 rows=1 width=10)
	        Index Cond: (id = 2323430)

table 7 : explain UPDATE sbtest7 SET k=k+1 WHERE id=2753336
	Update on sbtest7  (cost=0.43..8.46 rows=0 width=0)
	  ->  Index Scan using sbtest7_pkey on sbtest7  (cost=0.43..8.46 rows=1 width=10)
	        Index Cond: (id = 2753336)

table 8 : explain UPDATE sbtest8 SET k=k+1 WHERE id=9601365
	Update on sbtest8  (cost=0.43..8.46 rows=0 width=0)
	  ->  Index Scan using sbtest8_pkey on sbtest8  (cost=0.43..8.46 rows=1 width=10)
	        Index Cond: (id = 9601365)

for index_updates
table 1 : explain UPDATE sbtest1 SET k=k+1 WHERE id=598746
	Update on sbtest1  (cost=0.43..8.46 rows=0 width=0)
	  ->  Index Scan using sbtest1_pkey on sbtest1  (cost=0.43..8.46 rows=1 width=10)
	        Index Cond: (id = 598746)

table 2 : explain UPDATE sbtest2 SET k=k+1 WHERE id=8360600
	Update on sbtest2  (cost=0.43..8.46 rows=0 width=0)
	  ->  Index Scan using sbtest2_pkey on sbtest2  (cost=0.43..8.46 rows=1 width=10)
	        Index Cond: (id = 8360600)

table 3 : explain UPDATE sbtest3 SET k=k+1 WHERE id=9597771
	Update on sbtest3  (cost=0.43..8.46 rows=0 width=0)
	  ->  Index Scan using sbtest3_pkey on sbtest3  (cost=0.43..8.46 rows=1 width=10)
	        Index Cond: (id = 9597771)

table 4 : explain UPDATE sbtest4 SET k=k+1 WHERE id=2688495
	Update on sbtest4  (cost=0.43..8.46 rows=0 width=0)
	  ->  Index Scan using sbtest4_pkey on sbtest4  (cost=0.43..8.46 rows=1 width=10)
	        Index Cond: (id = 2688495)

table 5 : explain UPDATE sbtest5 SET k=k+1 WHERE id=841646
	Update on sbtest5  (cost=0.43..8.46 rows=0 width=0)
	  ->  Index Scan using sbtest5_pkey on sbtest5  (cost=0.43..8.46 rows=1 width=10)
	        Index Cond: (id = 841646)

table 6 : explain UPDATE sbtest6 SET k=k+1 WHERE id=585503
	Update on sbtest6  (cost=0.43..8.46 rows=0 width=0)
	  ->  Index Scan using sbtest6_pkey on sbtest6  (cost=0.43..8.46 rows=1 width=10)
	        Index Cond: (id = 585503)

table 7 : explain UPDATE sbtest7 SET k=k+1 WHERE id=3361235
	Update on sbtest7  (cost=0.43..8.46 rows=0 width=0)
	  ->  Index Scan using sbtest7_pkey on sbtest7  (cost=0.43..8.46 rows=1 width=10)
	        Index Cond: (id = 3361235)

table 8 : explain UPDATE sbtest8 SET k=k+1 WHERE id=5883445
	Update on sbtest8  (cost=0.43..8.46 rows=0 width=0)
	  ->  Index Scan using sbtest8_pkey on sbtest8  (cost=0.43..8.46 rows=1 width=10)
	        Index Cond: (id = 5883445)

for non_index_updates
table 1 : explain UPDATE sbtest1 SET c='foobar' WHERE id=6753860
	Update on sbtest1  (cost=0.43..8.45 rows=0 width=0)
	  ->  Index Scan using sbtest1_pkey on sbtest1  (cost=0.43..8.45 rows=1 width=490)
	        Index Cond: (id = 6753860)

table 2 : explain UPDATE sbtest2 SET c='foobar' WHERE id=2072532
	Update on sbtest2  (cost=0.43..8.45 rows=0 width=0)
	  ->  Index Scan using sbtest2_pkey on sbtest2  (cost=0.43..8.45 rows=1 width=490)
	        Index Cond: (id = 2072532)

table 3 : explain UPDATE sbtest3 SET c='foobar' WHERE id=7134187
	Update on sbtest3  (cost=0.43..8.45 rows=0 width=0)
	  ->  Index Scan using sbtest3_pkey on sbtest3  (cost=0.43..8.45 rows=1 width=490)
	        Index Cond: (id = 7134187)

table 4 : explain UPDATE sbtest4 SET c='foobar' WHERE id=6512409
	Update on sbtest4  (cost=0.43..8.45 rows=0 width=0)
	  ->  Index Scan using sbtest4_pkey on sbtest4  (cost=0.43..8.45 rows=1 width=490)
	        Index Cond: (id = 6512409)

table 5 : explain UPDATE sbtest5 SET c='foobar' WHERE id=6961312
	Update on sbtest5  (cost=0.43..8.45 rows=0 width=0)
	  ->  Index Scan using sbtest5_pkey on sbtest5  (cost=0.43..8.45 rows=1 width=490)
	        Index Cond: (id = 6961312)

table 6 : explain UPDATE sbtest6 SET c='foobar' WHERE id=5260135
	Update on sbtest6  (cost=0.43..8.45 rows=0 width=0)
	  ->  Index Scan using sbtest6_pkey on sbtest6  (cost=0.43..8.45 rows=1 width=490)
	        Index Cond: (id = 5260135)

table 7 : explain UPDATE sbtest7 SET c='foobar' WHERE id=5160530
	Update on sbtest7  (cost=0.43..8.45 rows=0 width=0)
	  ->  Index Scan using sbtest7_pkey on sbtest7  (cost=0.43..8.45 rows=1 width=490)
	        Index Cond: (id = 5160530)

table 8 : explain UPDATE sbtest8 SET c='foobar' WHERE id=5060463
	Update on sbtest8  (cost=0.43..8.45 rows=0 width=0)
	  ->  Index Scan using sbtest8_pkey on sbtest8  (cost=0.43..8.45 rows=1 width=490)
	        Index Cond: (id = 5060463)

explain: for non_index_updates :: explain UPDATE sbtest%u SET c='foobar' WHERE id=%u
for non_index_updates
table 1 : explain UPDATE sbtest1 SET c='foobar' WHERE id=7215734
	Update on sbtest1  (cost=0.43..8.45 rows=0 width=0)
	  ->  Index Scan using sbtest1_pkey on sbtest1  (cost=0.43..8.45 rows=1 width=490)
	        Index Cond: (id = 7215734)

table 2 : explain UPDATE sbtest2 SET c='foobar' WHERE id=4746247
	Update on sbtest2  (cost=0.43..8.45 rows=0 width=0)
	  ->  Index Scan using sbtest2_pkey on sbtest2  (cost=0.43..8.45 rows=1 width=490)
	        Index Cond: (id = 4746247)

table 3 : explain UPDATE sbtest3 SET c='foobar' WHERE id=9521307
	Update on sbtest3  (cost=0.43..8.45 rows=0 width=0)
	  ->  Index Scan using sbtest3_pkey on sbtest3  (cost=0.43..8.45 rows=1 width=490)
	        Index Cond: (id = 9521307)

table 4 : explain UPDATE sbtest4 SET c='foobar' WHERE id=7498095
	Update on sbtest4  (cost=0.43..8.45 rows=0 width=0)
	  ->  Index Scan using sbtest4_pkey on sbtest4  (cost=0.43..8.45 rows=1 width=490)
	        Index Cond: (id = 7498095)

table 5 : explain UPDATE sbtest5 SET c='foobar' WHERE id=2075379
	Update on sbtest5  (cost=0.43..8.45 rows=0 width=0)
	  ->  Index Scan using sbtest5_pkey on sbtest5  (cost=0.43..8.45 rows=1 width=490)
	        Index Cond: (id = 2075379)

table 6 : explain UPDATE sbtest6 SET c='foobar' WHERE id=4641147
	Update on sbtest6  (cost=0.43..8.45 rows=0 width=0)
	  ->  Index Scan using sbtest6_pkey on sbtest6  (cost=0.43..8.45 rows=1 width=490)
	        Index Cond: (id = 4641147)

table 7 : explain UPDATE sbtest7 SET c='foobar' WHERE id=6889110
	Update on sbtest7  (cost=0.43..8.45 rows=0 width=0)
	  ->  Index Scan using sbtest7_pkey on sbtest7  (cost=0.43..8.45 rows=1 width=490)
	        Index Cond: (id = 6889110)

table 8 : explain UPDATE sbtest8 SET c='foobar' WHERE id=6944365
	Update on sbtest8  (cost=0.43..8.45 rows=0 width=0)
	  ->  Index Scan using sbtest8_pkey on sbtest8  (cost=0.43..8.45 rows=1 width=490)
	        Index Cond: (id = 6944365)

explain: for deletes :: explain DELETE FROM sbtest%u WHERE id=%u
explain: for non_index_updates :: explain UPDATE sbtest%u SET c='foobar' WHERE id=%u
explain: for deletes :: explain DELETE FROM sbtest%u WHERE id=%u
explain: for index_updates :: explain UPDATE sbtest%u SET k=k+1 WHERE id=%u
for deletes
table 1 : explain DELETE FROM sbtest1 WHERE id=2987683
	Delete on sbtest1  (cost=0.43..8.45 rows=0 width=0)
	  ->  Index Scan using sbtest1_pkey on sbtest1  (cost=0.43..8.45 rows=1 width=6)
	        Index Cond: (id = 2987683)

table 2 : explain DELETE FROM sbtest2 WHERE id=182306
	Delete on sbtest2  (cost=0.43..8.45 rows=0 width=0)
	  ->  Index Scan using sbtest2_pkey on sbtest2  (cost=0.43..8.45 rows=1 width=6)
	        Index Cond: (id = 182306)

table 3 : explain DELETE FROM sbtest3 WHERE id=6944279
	Delete on sbtest3  (cost=0.43..8.45 rows=0 width=0)
	  ->  Index Scan using sbtest3_pkey on sbtest3  (cost=0.43..8.45 rows=1 width=6)
	        Index Cond: (id = 6944279)

table 4 : explain DELETE FROM sbtest4 WHERE id=5597829
	Delete on sbtest4  (cost=0.43..8.45 rows=0 width=0)
	  ->  Index Scan using sbtest4_pkey on sbtest4  (cost=0.43..8.45 rows=1 width=6)
	        Index Cond: (id = 5597829)

table 5 : explain DELETE FROM sbtest5 WHERE id=4363829
	Delete on sbtest5  (cost=0.43..8.45 rows=0 width=0)
	  ->  Index Scan using sbtest5_pkey on sbtest5  (cost=0.43..8.45 rows=1 width=6)
	        Index Cond: (id = 4363829)

table 6 : explain DELETE FROM sbtest6 WHERE id=7240740
	Delete on sbtest6  (cost=0.43..8.45 rows=0 width=0)
	  ->  Index Scan using sbtest6_pkey on sbtest6  (cost=0.43..8.45 rows=1 width=6)
	        Index Cond: (id = 7240740)

table 7 : explain DELETE FROM sbtest7 WHERE id=1354834
	Delete on sbtest7  (cost=0.43..8.45 rows=0 width=0)
	  ->  Index Scan using sbtest7_pkey on sbtest7  (cost=0.43..8.45 rows=1 width=6)
	        Index Cond: (id = 1354834)

table 8 : explain DELETE FROM sbtest8 WHERE id=7727380
	Delete on sbtest8  (cost=0.43..8.45 rows=0 width=0)
	  ->  Index Scan using sbtest8_pkey on sbtest8  (cost=0.43..8.45 rows=1 width=6)
	        Index Cond: (id = 7727380)

for deletes
table 1 : explain DELETE FROM sbtest1 WHERE id=8360230
	Delete on sbtest1  (cost=0.43..8.45 rows=0 width=0)
	  ->  Index Scan using sbtest1_pkey on sbtest1  (cost=0.43..8.45 rows=1 width=6)
	        Index Cond: (id = 8360230)

table 2 : explain DELETE FROM sbtest2 WHERE id=8795310
	Delete on sbtest2  (cost=0.43..8.45 rows=0 width=0)
	  ->  Index Scan using sbtest2_pkey on sbtest2  (cost=0.43..8.45 rows=1 width=6)
	        Index Cond: (id = 8795310)

table 3 : explain DELETE FROM sbtest3 WHERE id=2049438
	Delete on sbtest3  (cost=0.43..8.45 rows=0 width=0)
	  ->  Index Scan using sbtest3_pkey on sbtest3  (cost=0.43..8.45 rows=1 width=6)
	        Index Cond: (id = 2049438)

table 4 : explain DELETE FROM sbtest4 WHERE id=5358843
	Delete on sbtest4  (cost=0.43..8.45 rows=0 width=0)
	  ->  Index Scan using sbtest4_pkey on sbtest4  (cost=0.43..8.45 rows=1 width=6)
	        Index Cond: (id = 5358843)

table 5 : explain DELETE FROM sbtest5 WHERE id=9177076
	Delete on sbtest5  (cost=0.43..8.45 rows=0 width=0)
	  ->  Index Scan using sbtest5_pkey on sbtest5  (cost=0.43..8.45 rows=1 width=6)
	        Index Cond: (id = 9177076)

table 6 : explain DELETE FROM sbtest6 WHERE id=9294383
	Delete on sbtest6  (cost=0.43..8.45 rows=0 width=0)
	  ->  Index Scan using sbtest6_pkey on sbtest6  (cost=0.43..8.45 rows=1 width=6)
	        Index Cond: (id = 9294383)

table 7 : explain DELETE FROM sbtest7 WHERE id=1420676
	Delete on sbtest7  (cost=0.43..8.45 rows=0 width=0)
	  ->  Index Scan using sbtest7_pkey on sbtest7  (cost=0.43..8.45 rows=1 width=6)
	        Index Cond: (id = 1420676)

table 8 : explain DELETE FROM sbtest8 WHERE id=2496460
	Delete on sbtest8  (cost=0.43..8.45 rows=0 width=0)
	  ->  Index Scan using sbtest8_pkey on sbtest8  (cost=0.43..8.45 rows=1 width=6)
	        Index Cond: (id = 2496460)

for non_index_updates
table 1 : explain UPDATE sbtest1 SET c='foobar' WHERE id=8695090
	Update on sbtest1  (cost=0.43..8.45 rows=0 width=0)
	  ->  Index Scan using sbtest1_pkey on sbtest1  (cost=0.43..8.45 rows=1 width=490)
	        Index Cond: (id = 8695090)

table 2 : explain UPDATE sbtest2 SET c='foobar' WHERE id=4592215
	Update on sbtest2  (cost=0.43..8.45 rows=0 width=0)
	  ->  Index Scan using sbtest2_pkey on sbtest2  (cost=0.43..8.45 rows=1 width=490)
	        Index Cond: (id = 4592215)

table 3 : explain UPDATE sbtest3 SET c='foobar' WHERE id=1021977
	Update on sbtest3  (cost=0.43..8.45 rows=0 width=0)
	  ->  Index Scan using sbtest3_pkey on sbtest3  (cost=0.43..8.45 rows=1 width=490)
	        Index Cond: (id = 1021977)

table 4 : explain UPDATE sbtest4 SET c='foobar' WHERE id=5000024
	Update on sbtest4  (cost=0.43..8.45 rows=0 width=0)
	  ->  Index Scan using sbtest4_pkey on sbtest4  (cost=0.43..8.45 rows=1 width=490)
	        Index Cond: (id = 5000024)

table 5 : explain UPDATE sbtest5 SET c='foobar' WHERE id=5390667
	Update on sbtest5  (cost=0.43..8.45 rows=0 width=0)
	  ->  Index Scan using sbtest5_pkey on sbtest5  (cost=0.43..8.45 rows=1 width=490)
	        Index Cond: (id = 5390667)

table 6 : explain UPDATE sbtest6 SET c='foobar' WHERE id=2322186
	Update on sbtest6  (cost=0.43..8.45 rows=0 width=0)
	  ->  Index Scan using sbtest6_pkey on sbtest6  (cost=0.43..8.45 rows=1 width=490)
	        Index Cond: (id = 2322186)

table 7 : explain UPDATE sbtest7 SET c='foobar' WHERE id=2494801
	Update on sbtest7  (cost=0.43..8.45 rows=0 width=0)
	  ->  Index Scan using sbtest7_pkey on sbtest7  (cost=0.43..8.45 rows=1 width=490)
	        Index Cond: (id = 2494801)

table 8 : explain UPDATE sbtest8 SET c='foobar' WHERE id=2279788
	Update on sbtest8  (cost=0.43..8.45 rows=0 width=0)
	  ->  Index Scan using sbtest8_pkey on sbtest8  (cost=0.43..8.45 rows=1 width=490)
	        Index Cond: (id = 2279788)

for non_index_updates
table 1 : explain UPDATE sbtest1 SET c='foobar' WHERE id=6708669
	Update on sbtest1  (cost=0.43..8.45 rows=0 width=0)
	  ->  Index Scan using sbtest1_pkey on sbtest1  (cost=0.43..8.45 rows=1 width=490)
	        Index Cond: (id = 6708669)

table 2 : explain UPDATE sbtest2 SET c='foobar' WHERE id=5979355
	Update on sbtest2  (cost=0.43..8.45 rows=0 width=0)
	  ->  Index Scan using sbtest2_pkey on sbtest2  (cost=0.43..8.45 rows=1 width=490)
	        Index Cond: (id = 5979355)

table 3 : explain UPDATE sbtest3 SET c='foobar' WHERE id=9656478
	Update on sbtest3  (cost=0.43..8.45 rows=0 width=0)
	  ->  Index Scan using sbtest3_pkey on sbtest3  (cost=0.43..8.45 rows=1 width=490)
	        Index Cond: (id = 9656478)

table 4 : explain UPDATE sbtest4 SET c='foobar' WHERE id=4640294
	Update on sbtest4  (cost=0.43..8.45 rows=0 width=0)
	  ->  Index Scan using sbtest4_pkey on sbtest4  (cost=0.43..8.45 rows=1 width=490)
	        Index Cond: (id = 4640294)

table 5 : explain UPDATE sbtest5 SET c='foobar' WHERE id=6545688
	Update on sbtest5  (cost=0.43..8.45 rows=0 width=0)
	  ->  Index Scan using sbtest5_pkey on sbtest5  (cost=0.43..8.45 rows=1 width=490)
	        Index Cond: (id = 6545688)

table 6 : explain UPDATE sbtest6 SET c='foobar' WHERE id=4733125
	Update on sbtest6  (cost=0.43..8.45 rows=0 width=0)
	  ->  Index Scan using sbtest6_pkey on sbtest6  (cost=0.43..8.45 rows=1 width=490)
	        Index Cond: (id = 4733125)

table 7 : explain UPDATE sbtest7 SET c='foobar' WHERE id=6897006
	Update on sbtest7  (cost=0.43..8.45 rows=0 width=0)
	  ->  Index Scan using sbtest7_pkey on sbtest7  (cost=0.43..8.45 rows=1 width=490)
	        Index Cond: (id = 6897006)

table 8 : explain UPDATE sbtest8 SET c='foobar' WHERE id=6730307
	Update on sbtest8  (cost=0.43..8.45 rows=0 width=0)
	  ->  Index Scan using sbtest8_pkey on sbtest8  (cost=0.43..8.45 rows=1 width=490)
	        Index Cond: (id = 6730307)

explain: for deletes :: explain DELETE FROM sbtest%u WHERE id=%u
explain: for deletes :: explain DELETE FROM sbtest%u WHERE id=%u
for deletes
table 1 : explain DELETE FROM sbtest1 WHERE id=3591734
	Delete on sbtest1  (cost=0.43..8.45 rows=0 width=0)
	  ->  Index Scan using sbtest1_pkey on sbtest1  (cost=0.43..8.45 rows=1 width=6)
	        Index Cond: (id = 3591734)

table 2 : explain DELETE FROM sbtest2 WHERE id=4672071
	Delete on sbtest2  (cost=0.43..8.45 rows=0 width=0)
	  ->  Index Scan using sbtest2_pkey on sbtest2  (cost=0.43..8.45 rows=1 width=6)
	        Index Cond: (id = 4672071)

table 3 : explain DELETE FROM sbtest3 WHERE id=7364218
	Delete on sbtest3  (cost=0.43..8.45 rows=0 width=0)
	  ->  Index Scan using sbtest3_pkey on sbtest3  (cost=0.43..8.45 rows=1 width=6)
	        Index Cond: (id = 7364218)

table 4 : explain DELETE FROM sbtest4 WHERE id=4844622
	Delete on sbtest4  (cost=0.43..8.45 rows=0 width=0)
	  ->  Index Scan using sbtest4_pkey on sbtest4  (cost=0.43..8.45 rows=1 width=6)
	        Index Cond: (id = 4844622)

table 5 : explain DELETE FROM sbtest5 WHERE id=5053674
	Delete on sbtest5  (cost=0.43..8.45 rows=0 width=0)
	  ->  Index Scan using sbtest5_pkey on sbtest5  (cost=0.43..8.45 rows=1 width=6)
	        Index Cond: (id = 5053674)

table 6 : explain DELETE FROM sbtest6 WHERE id=4813047
	Delete on sbtest6  (cost=0.43..8.45 rows=0 width=0)
	  ->  Index Scan using sbtest6_pkey on sbtest6  (cost=0.43..8.45 rows=1 width=6)
	        Index Cond: (id = 4813047)

table 7 : explain DELETE FROM sbtest7 WHERE id=4292875
	Delete on sbtest7  (cost=0.43..8.45 rows=0 width=0)
	  ->  Index Scan using sbtest7_pkey on sbtest7  (cost=0.43..8.45 rows=1 width=6)
	        Index Cond: (id = 4292875)

table 8 : explain DELETE FROM sbtest8 WHERE id=9645625
	Delete on sbtest8  (cost=0.43..8.45 rows=0 width=0)
	  ->  Index Scan using sbtest8_pkey on sbtest8  (cost=0.43..8.45 rows=1 width=6)
	        Index Cond: (id = 9645625)

for deletes
table 1 : explain DELETE FROM sbtest1 WHERE id=4949294
	Delete on sbtest1  (cost=0.43..8.45 rows=0 width=0)
	  ->  Index Scan using sbtest1_pkey on sbtest1  (cost=0.43..8.45 rows=1 width=6)
	        Index Cond: (id = 4949294)

table 2 : explain DELETE FROM sbtest2 WHERE id=3572340
	Delete on sbtest2  (cost=0.43..8.45 rows=0 width=0)
	  ->  Index Scan using sbtest2_pkey on sbtest2  (cost=0.43..8.45 rows=1 width=6)
	        Index Cond: (id = 3572340)

table 3 : explain DELETE FROM sbtest3 WHERE id=2336118
	Delete on sbtest3  (cost=0.43..8.45 rows=0 width=0)
	  ->  Index Scan using sbtest3_pkey on sbtest3  (cost=0.43..8.45 rows=1 width=6)
	        Index Cond: (id = 2336118)

table 4 : explain DELETE FROM sbtest4 WHERE id=9656155
	Delete on sbtest4  (cost=0.43..8.45 rows=0 width=0)
	  ->  Index Scan using sbtest4_pkey on sbtest4  (cost=0.43..8.45 rows=1 width=6)
	        Index Cond: (id = 9656155)

table 5 : explain DELETE FROM sbtest5 WHERE id=571096
	Delete on sbtest5  (cost=0.43..8.45 rows=0 width=0)
	  ->  Index Scan using sbtest5_pkey on sbtest5  (cost=0.43..8.45 rows=1 width=6)
	        Index Cond: (id = 571096)

table 6 : explain DELETE FROM sbtest6 WHERE id=5225688
	Delete on sbtest6  (cost=0.43..8.45 rows=0 width=0)
	  ->  Index Scan using sbtest6_pkey on sbtest6  (cost=0.43..8.45 rows=1 width=6)
	        Index Cond: (id = 5225688)

table 7 : explain DELETE FROM sbtest7 WHERE id=2931756
	Delete on sbtest7  (cost=0.43..8.45 rows=0 width=0)
	  ->  Index Scan using sbtest7_pkey on sbtest7  (cost=0.43..8.45 rows=1 width=6)
	        Index Cond: (id = 2931756)

table 8 : explain DELETE FROM sbtest8 WHERE id=1312486
	Delete on sbtest8  (cost=0.43..8.45 rows=0 width=0)
	  ->  Index Scan using sbtest8_pkey on sbtest8  (cost=0.43..8.45 rows=1 width=6)
	        Index Cond: (id = 1312486)

explain: for inserts :: explain INSERT INTO sbtest%u (id, k, c, pad) VALUES (%u, 13, 'foobar', 'foobar')
for index_updates
table 1 : explain UPDATE sbtest1 SET k=k+1 WHERE id=664451
	Update on sbtest1  (cost=0.43..8.46 rows=0 width=0)
	  ->  Index Scan using sbtest1_pkey on sbtest1  (cost=0.43..8.46 rows=1 width=10)
	        Index Cond: (id = 664451)

table 2 : explain UPDATE sbtest2 SET k=k+1 WHERE id=8559483
	Update on sbtest2  (cost=0.43..8.46 rows=0 width=0)
	  ->  Index Scan using sbtest2_pkey on sbtest2  (cost=0.43..8.46 rows=1 width=10)
	        Index Cond: (id = 8559483)

table 3 : explain UPDATE sbtest3 SET k=k+1 WHERE id=7334007
	Update on sbtest3  (cost=0.43..8.46 rows=0 width=0)
	  ->  Index Scan using sbtest3_pkey on sbtest3  (cost=0.43..8.46 rows=1 width=10)
	        Index Cond: (id = 7334007)

table 4 : explain UPDATE sbtest4 SET k=k+1 WHERE id=4236036
	Update on sbtest4  (cost=0.43..8.46 rows=0 width=0)
	  ->  Index Scan using sbtest4_pkey on sbtest4  (cost=0.43..8.46 rows=1 width=10)
	        Index Cond: (id = 4236036)

table 5 : explain UPDATE sbtest5 SET k=k+1 WHERE id=8154183
	Update on sbtest5  (cost=0.43..8.46 rows=0 width=0)
	  ->  Index Scan using sbtest5_pkey on sbtest5  (cost=0.43..8.46 rows=1 width=10)
	        Index Cond: (id = 8154183)

table 6 : explain UPDATE sbtest6 SET k=k+1 WHERE id=7605364
	Update on sbtest6  (cost=0.43..8.46 rows=0 width=0)
	  ->  Index Scan using sbtest6_pkey on sbtest6  (cost=0.43..8.46 rows=1 width=10)
	        Index Cond: (id = 7605364)

table 7 : explain UPDATE sbtest7 SET k=k+1 WHERE id=4572682
	Update on sbtest7  (cost=0.43..8.46 rows=0 width=0)
	  ->  Index Scan using sbtest7_pkey on sbtest7  (cost=0.43..8.46 rows=1 width=10)
	        Index Cond: (id = 4572682)

table 8 : explain UPDATE sbtest8 SET k=k+1 WHERE id=4532336
	Update on sbtest8  (cost=0.43..8.46 rows=0 width=0)
	  ->  Index Scan using sbtest8_pkey on sbtest8  (cost=0.43..8.46 rows=1 width=10)
	        Index Cond: (id = 4532336)

explain: for inserts :: explain INSERT INTO sbtest%u (id, k, c, pad) VALUES (%u, 13, 'foobar', 'foobar')
explain: for inserts :: explain INSERT INTO sbtest%u (id, k, c, pad) VALUES (%u, 13, 'foobar', 'foobar')
explain: for non_index_updates :: explain UPDATE sbtest%u SET c='foobar' WHERE id=%u
for non_index_updates
table 1 : explain UPDATE sbtest1 SET c='foobar' WHERE id=8530892
	Update on sbtest1  (cost=0.43..8.45 rows=0 width=0)
	  ->  Index Scan using sbtest1_pkey on sbtest1  (cost=0.43..8.45 rows=1 width=490)
	        Index Cond: (id = 8530892)

table 2 : explain UPDATE sbtest2 SET c='foobar' WHERE id=719947
	Update on sbtest2  (cost=0.43..8.45 rows=0 width=0)
	  ->  Index Scan using sbtest2_pkey on sbtest2  (cost=0.43..8.45 rows=1 width=490)
	        Index Cond: (id = 719947)

table 3 : explain UPDATE sbtest3 SET c='foobar' WHERE id=826586
	Update on sbtest3  (cost=0.43..8.45 rows=0 width=0)
	  ->  Index Scan using sbtest3_pkey on sbtest3  (cost=0.43..8.45 rows=1 width=490)
	        Index Cond: (id = 826586)

table 4 : explain UPDATE sbtest4 SET c='foobar' WHERE id=6265781
	Update on sbtest4  (cost=0.43..8.45 rows=0 width=0)
	  ->  Index Scan using sbtest4_pkey on sbtest4  (cost=0.43..8.45 rows=1 width=490)
	        Index Cond: (id = 6265781)

table 5 : explain UPDATE sbtest5 SET c='foobar' WHERE id=2483999
	Update on sbtest5  (cost=0.43..8.45 rows=0 width=0)
	  ->  Index Scan using sbtest5_pkey on sbtest5  (cost=0.43..8.45 rows=1 width=490)
	        Index Cond: (id = 2483999)

table 6 : explain UPDATE sbtest6 SET c='foobar' WHERE id=7858113
	Update on sbtest6  (cost=0.43..8.45 rows=0 width=0)
	  ->  Index Scan using sbtest6_pkey on sbtest6  (cost=0.43..8.45 rows=1 width=490)
	        Index Cond: (id = 7858113)

table 7 : explain UPDATE sbtest7 SET c='foobar' WHERE id=3670024
	Update on sbtest7  (cost=0.43..8.45 rows=0 width=0)
	  ->  Index Scan using sbtest7_pkey on sbtest7  (cost=0.43..8.45 rows=1 width=490)
	        Index Cond: (id = 3670024)

table 8 : explain UPDATE sbtest8 SET c='foobar' WHERE id=1214336
	Update on sbtest8  (cost=0.43..8.45 rows=0 width=0)
	  ->  Index Scan using sbtest8_pkey on sbtest8  (cost=0.43..8.45 rows=1 width=490)
	        Index Cond: (id = 1214336)

for inserts
table 1 : explain INSERT INTO sbtest1 (id, k, c, pad) VALUES (4038255, 13, 'foobar', 'foobar')
	Insert on sbtest1  (cost=0.00..0.01 rows=0 width=0)
	  ->  Result  (cost=0.00..0.01 rows=1 width=736)

table 2 : explain INSERT INTO sbtest2 (id, k, c, pad) VALUES (4842052, 13, 'foobar', 'foobar')
	Insert on sbtest2  (cost=0.00..0.01 rows=0 width=0)
	  ->  Result  (cost=0.00..0.01 rows=1 width=736)

table 3 : explain INSERT INTO sbtest3 (id, k, c, pad) VALUES (8533772, 13, 'foobar', 'foobar')
	Insert on sbtest3  (cost=0.00..0.01 rows=0 width=0)
	  ->  Result  (cost=0.00..0.01 rows=1 width=736)

table 4 : explain INSERT INTO sbtest4 (id, k, c, pad) VALUES (1948264, 13, 'foobar', 'foobar')
	Insert on sbtest4  (cost=0.00..0.01 rows=0 width=0)
	  ->  Result  (cost=0.00..0.01 rows=1 width=736)

table 5 : explain INSERT INTO sbtest5 (id, k, c, pad) VALUES (9953160, 13, 'foobar', 'foobar')
	Insert on sbtest5  (cost=0.00..0.01 rows=0 width=0)
	  ->  Result  (cost=0.00..0.01 rows=1 width=736)

table 6 : explain INSERT INTO sbtest6 (id, k, c, pad) VALUES (3832545, 13, 'foobar', 'foobar')
	Insert on sbtest6  (cost=0.00..0.01 rows=0 width=0)
	  ->  Result  (cost=0.00..0.01 rows=1 width=736)

table 7 : explain INSERT INTO sbtest7 (id, k, c, pad) VALUES (7611634, 13, 'foobar', 'foobar')
	Insert on sbtest7  (cost=0.00..0.01 rows=0 width=0)
	  ->  Result  (cost=0.00..0.01 rows=1 width=736)

table 8 : explain INSERT INTO sbtest8 (id, k, c, pad) VALUES (2069315, 13, 'foobar', 'foobar')
	Insert on sbtest8  (cost=0.00..0.01 rows=0 width=0)
	  ->  Result  (cost=0.00..0.01 rows=1 width=736)

explain: for index_updates :: explain UPDATE sbtest%u SET k=k+1 WHERE id=%u
explain: for deletes :: explain DELETE FROM sbtest%u WHERE id=%u
for inserts
table 1 : explain INSERT INTO sbtest1 (id, k, c, pad) VALUES (558297, 13, 'foobar', 'foobar')
	Insert on sbtest1  (cost=0.00..0.01 rows=0 width=0)
	  ->  Result  (cost=0.00..0.01 rows=1 width=736)

table 2 : explain INSERT INTO sbtest2 (id, k, c, pad) VALUES (4125316, 13, 'foobar', 'foobar')
	Insert on sbtest2  (cost=0.00..0.01 rows=0 width=0)
	  ->  Result  (cost=0.00..0.01 rows=1 width=736)

table 3 : explain INSERT INTO sbtest3 (id, k, c, pad) VALUES (6437295, 13, 'foobar', 'foobar')
	Insert on sbtest3  (cost=0.00..0.01 rows=0 width=0)
	  ->  Result  (cost=0.00..0.01 rows=1 width=736)

table 4 : explain INSERT INTO sbtest4 (id, k, c, pad) VALUES (2653754, 13, 'foobar', 'foobar')
	Insert on sbtest4  (cost=0.00..0.01 rows=0 width=0)
	  ->  Result  (cost=0.00..0.01 rows=1 width=736)

table 5 : explain INSERT INTO sbtest5 (id, k, c, pad) VALUES (6118887, 13, 'foobar', 'foobar')
	Insert on sbtest5  (cost=0.00..0.01 rows=0 width=0)
	  ->  Result  (cost=0.00..0.01 rows=1 width=736)

table 6 : explain INSERT INTO sbtest6 (id, k, c, pad) VALUES (1998045, 13, 'foobar', 'foobar')
	Insert on sbtest6  (cost=0.00..0.01 rows=0 width=0)
	  ->  Result  (cost=0.00..0.01 rows=1 width=736)

table 7 : explain INSERT INTO sbtest7 (id, k, c, pad) VALUES (4884837, 13, 'foobar', 'foobar')
	Insert on sbtest7  (cost=0.00..0.01 rows=0 width=0)
	  ->  Result  (cost=0.00..0.01 rows=1 width=736)

table 8 : explain INSERT INTO sbtest8 (id, k, c, pad) VALUES (2932653, 13, 'foobar', 'foobar')
	Insert on sbtest8  (cost=0.00..0.01 rows=0 width=0)
	  ->  Result  (cost=0.00..0.01 rows=1 width=736)

for inserts
table 1 : explain INSERT INTO sbtest1 (id, k, c, pad) VALUES (8791220, 13, 'foobar', 'foobar')
	Insert on sbtest1  (cost=0.00..0.01 rows=0 width=0)
	  ->  Result  (cost=0.00..0.01 rows=1 width=736)

table 2 : explain INSERT INTO sbtest2 (id, k, c, pad) VALUES (5208317, 13, 'foobar', 'foobar')
	Insert on sbtest2  (cost=0.00..0.01 rows=0 width=0)
	  ->  Result  (cost=0.00..0.01 rows=1 width=736)

table 3 : explain INSERT INTO sbtest3 (id, k, c, pad) VALUES (3578707, 13, 'foobar', 'foobar')
	Insert on sbtest3  (cost=0.00..0.01 rows=0 width=0)
	  ->  Result  (cost=0.00..0.01 rows=1 width=736)

table 4 : explain INSERT INTO sbtest4 (id, k, c, pad) VALUES (5131149, 13, 'foobar', 'foobar')
	Insert on sbtest4  (cost=0.00..0.01 rows=0 width=0)
	  ->  Result  (cost=0.00..0.01 rows=1 width=736)

table 5 : explain INSERT INTO sbtest5 (id, k, c, pad) VALUES (6183114, 13, 'foobar', 'foobar')
	Insert on sbtest5  (cost=0.00..0.01 rows=0 width=0)
	  ->  Result  (cost=0.00..0.01 rows=1 width=736)

table 6 : explain INSERT INTO sbtest6 (id, k, c, pad) VALUES (2276027, 13, 'foobar', 'foobar')
	Insert on sbtest6  (cost=0.00..0.01 rows=0 width=0)
	  ->  Result  (cost=0.00..0.01 rows=1 width=736)

table 7 : explain INSERT INTO sbtest7 (id, k, c, pad) VALUES (5704507, 13, 'foobar', 'foobar')
	Insert on sbtest7  (cost=0.00..0.01 rows=0 width=0)
	  ->  Result  (cost=0.00..0.01 rows=1 width=736)

table 8 : explain INSERT INTO sbtest8 (id, k, c, pad) VALUES (2110763, 13, 'foobar', 'foobar')
	Insert on sbtest8  (cost=0.00..0.01 rows=0 width=0)
	  ->  Result  (cost=0.00..0.01 rows=1 width=736)

explain: for inserts :: explain INSERT INTO sbtest%u (id, k, c, pad) VALUES (%u, 13, 'foobar', 'foobar')
for deletes
table 1 : explain DELETE FROM sbtest1 WHERE id=3632351
	Delete on sbtest1  (cost=0.43..8.45 rows=0 width=0)
	  ->  Index Scan using sbtest1_pkey on sbtest1  (cost=0.43..8.45 rows=1 width=6)
	        Index Cond: (id = 3632351)

table 2 : explain DELETE FROM sbtest2 WHERE id=3662367
	Delete on sbtest2  (cost=0.43..8.45 rows=0 width=0)
	  ->  Index Scan using sbtest2_pkey on sbtest2  (cost=0.43..8.45 rows=1 width=6)
	        Index Cond: (id = 3662367)

table 3 : explain DELETE FROM sbtest3 WHERE id=617217
	Delete on sbtest3  (cost=0.43..8.45 rows=0 width=0)
	  ->  Index Scan using sbtest3_pkey on sbtest3  (cost=0.43..8.45 rows=1 width=6)
	        Index Cond: (id = 617217)

table 4 : explain DELETE FROM sbtest4 WHERE id=4593751
	Delete on sbtest4  (cost=0.43..8.45 rows=0 width=0)
	  ->  Index Scan using sbtest4_pkey on sbtest4  (cost=0.43..8.45 rows=1 width=6)
	        Index Cond: (id = 4593751)

table 5 : explain DELETE FROM sbtest5 WHERE id=4664426
	Delete on sbtest5  (cost=0.43..8.45 rows=0 width=0)
	  ->  Index Scan using sbtest5_pkey on sbtest5  (cost=0.43..8.45 rows=1 width=6)
	        Index Cond: (id = 4664426)

table 6 : explain DELETE FROM sbtest6 WHERE id=5374043
	Delete on sbtest6  (cost=0.43..8.45 rows=0 width=0)
	  ->  Index Scan using sbtest6_pkey on sbtest6  (cost=0.43..8.45 rows=1 width=6)
	        Index Cond: (id = 5374043)

table 7 : explain DELETE FROM sbtest7 WHERE id=4333676
	Delete on sbtest7  (cost=0.43..8.45 rows=0 width=0)
	  ->  Index Scan using sbtest7_pkey on sbtest7  (cost=0.43..8.45 rows=1 width=6)
	        Index Cond: (id = 4333676)

table 8 : explain DELETE FROM sbtest8 WHERE id=1585643
	Delete on sbtest8  (cost=0.43..8.45 rows=0 width=0)
	  ->  Index Scan using sbtest8_pkey on sbtest8  (cost=0.43..8.45 rows=1 width=6)
	        Index Cond: (id = 1585643)

for inserts
table 1 : explain INSERT INTO sbtest1 (id, k, c, pad) VALUES (6502269, 13, 'foobar', 'foobar')
	Insert on sbtest1  (cost=0.00..0.01 rows=0 width=0)
	  ->  Result  (cost=0.00..0.01 rows=1 width=736)

table 2 : explain INSERT INTO sbtest2 (id, k, c, pad) VALUES (210308, 13, 'foobar', 'foobar')
	Insert on sbtest2  (cost=0.00..0.01 rows=0 width=0)
	  ->  Result  (cost=0.00..0.01 rows=1 width=736)

table 3 : explain INSERT INTO sbtest3 (id, k, c, pad) VALUES (7271038, 13, 'foobar', 'foobar')
	Insert on sbtest3  (cost=0.00..0.01 rows=0 width=0)
	  ->  Result  (cost=0.00..0.01 rows=1 width=736)

table 4 : explain INSERT INTO sbtest4 (id, k, c, pad) VALUES (1383675, 13, 'foobar', 'foobar')
	Insert on sbtest4  (cost=0.00..0.01 rows=0 width=0)
	  ->  Result  (cost=0.00..0.01 rows=1 width=736)

table 5 : explain INSERT INTO sbtest5 (id, k, c, pad) VALUES (7665086, 13, 'foobar', 'foobar')
	Insert on sbtest5  (cost=0.00..0.01 rows=0 width=0)
	  ->  Result  (cost=0.00..0.01 rows=1 width=736)

table 6 : explain INSERT INTO sbtest6 (id, k, c, pad) VALUES (1025900, 13, 'foobar', 'foobar')
	Insert on sbtest6  (cost=0.00..0.01 rows=0 width=0)
	  ->  Result  (cost=0.00..0.01 rows=1 width=736)

table 7 : explain INSERT INTO sbtest7 (id, k, c, pad) VALUES (5355165, 13, 'foobar', 'foobar')
	Insert on sbtest7  (cost=0.00..0.01 rows=0 width=0)
	  ->  Result  (cost=0.00..0.01 rows=1 width=736)

table 8 : explain INSERT INTO sbtest8 (id, k, c, pad) VALUES (5180925, 13, 'foobar', 'foobar')
	Insert on sbtest8  (cost=0.00..0.01 rows=0 width=0)
	  ->  Result  (cost=0.00..0.01 rows=1 width=736)

explain: for inserts :: explain INSERT INTO sbtest%u (id, k, c, pad) VALUES (%u, 13, 'foobar', 'foobar')
for inserts
table 1 : explain INSERT INTO sbtest1 (id, k, c, pad) VALUES (507259, 13, 'foobar', 'foobar')
	Insert on sbtest1  (cost=0.00..0.01 rows=0 width=0)
	  ->  Result  (cost=0.00..0.01 rows=1 width=736)

table 2 : explain INSERT INTO sbtest2 (id, k, c, pad) VALUES (2964789, 13, 'foobar', 'foobar')
	Insert on sbtest2  (cost=0.00..0.01 rows=0 width=0)
	  ->  Result  (cost=0.00..0.01 rows=1 width=736)

table 3 : explain INSERT INTO sbtest3 (id, k, c, pad) VALUES (5075062, 13, 'foobar', 'foobar')
	Insert on sbtest3  (cost=0.00..0.01 rows=0 width=0)
	  ->  Result  (cost=0.00..0.01 rows=1 width=736)

table 4 : explain INSERT INTO sbtest4 (id, k, c, pad) VALUES (6344507, 13, 'foobar', 'foobar')
	Insert on sbtest4  (cost=0.00..0.01 rows=0 width=0)
	  ->  Result  (cost=0.00..0.01 rows=1 width=736)

table 5 : explain INSERT INTO sbtest5 (id, k, c, pad) VALUES (4944979, 13, 'foobar', 'foobar')
	Insert on sbtest5  (cost=0.00..0.01 rows=0 width=0)
	  ->  Result  (cost=0.00..0.01 rows=1 width=736)

table 6 : explain INSERT INTO sbtest6 (id, k, c, pad) VALUES (4044042, 13, 'foobar', 'foobar')
	Insert on sbtest6  (cost=0.00..0.01 rows=0 width=0)
	  ->  Result  (cost=0.00..0.01 rows=1 width=736)

table 7 : explain INSERT INTO sbtest7 (id, k, c, pad) VALUES (6271443, 13, 'foobar', 'foobar')
	Insert on sbtest7  (cost=0.00..0.01 rows=0 width=0)
	  ->  Result  (cost=0.00..0.01 rows=1 width=736)

table 8 : explain INSERT INTO sbtest8 (id, k, c, pad) VALUES (9752851, 13, 'foobar', 'foobar')
	Insert on sbtest8  (cost=0.00..0.01 rows=0 width=0)
	  ->  Result  (cost=0.00..0.01 rows=1 width=736)

explain: for index_updates :: explain UPDATE sbtest%u SET k=k+1 WHERE id=%u
for index_updates
table 1 : explain UPDATE sbtest1 SET k=k+1 WHERE id=6256119
	Update on sbtest1  (cost=0.43..8.46 rows=0 width=0)
	  ->  Index Scan using sbtest1_pkey on sbtest1  (cost=0.43..8.46 rows=1 width=10)
	        Index Cond: (id = 6256119)

table 2 : explain UPDATE sbtest2 SET k=k+1 WHERE id=1169613
	Update on sbtest2  (cost=0.43..8.46 rows=0 width=0)
	  ->  Index Scan using sbtest2_pkey on sbtest2  (cost=0.43..8.46 rows=1 width=10)
	        Index Cond: (id = 1169613)

table 3 : explain UPDATE sbtest3 SET k=k+1 WHERE id=2756201
	Update on sbtest3  (cost=0.43..8.46 rows=0 width=0)
	  ->  Index Scan using sbtest3_pkey on sbtest3  (cost=0.43..8.46 rows=1 width=10)
	        Index Cond: (id = 2756201)

table 4 : explain UPDATE sbtest4 SET k=k+1 WHERE id=3040414
	Update on sbtest4  (cost=0.43..8.46 rows=0 width=0)
	  ->  Index Scan using sbtest4_pkey on sbtest4  (cost=0.43..8.46 rows=1 width=10)
	        Index Cond: (id = 3040414)

table 5 : explain UPDATE sbtest5 SET k=k+1 WHERE id=8779181
	Update on sbtest5  (cost=0.43..8.46 rows=0 width=0)
	  ->  Index Scan using sbtest5_pkey on sbtest5  (cost=0.43..8.46 rows=1 width=10)
	        Index Cond: (id = 8779181)

table 6 : explain UPDATE sbtest6 SET k=k+1 WHERE id=284502
	Update on sbtest6  (cost=0.43..8.46 rows=0 width=0)
	  ->  Index Scan using sbtest6_pkey on sbtest6  (cost=0.43..8.46 rows=1 width=10)
	        Index Cond: (id = 284502)

table 7 : explain UPDATE sbtest7 SET k=k+1 WHERE id=6958230
	Update on sbtest7  (cost=0.43..8.46 rows=0 width=0)
	  ->  Index Scan using sbtest7_pkey on sbtest7  (cost=0.43..8.46 rows=1 width=10)
	        Index Cond: (id = 6958230)

table 8 : explain UPDATE sbtest8 SET k=k+1 WHERE id=4142899
	Update on sbtest8  (cost=0.43..8.46 rows=0 width=0)
	  ->  Index Scan using sbtest8_pkey on sbtest8  (cost=0.43..8.46 rows=1 width=10)
	        Index Cond: (id = 4142899)

explain: for index_updates :: explain UPDATE sbtest%u SET k=k+1 WHERE id=%u
explain: for non_index_updates :: explain UPDATE sbtest%u SET c='foobar' WHERE id=%u
explain: for index_updates :: explain UPDATE sbtest%u SET k=k+1 WHERE id=%u
for non_index_updates
table 1 : explain UPDATE sbtest1 SET c='foobar' WHERE id=6514739
	Update on sbtest1  (cost=0.43..8.45 rows=0 width=0)
	  ->  Index Scan using sbtest1_pkey on sbtest1  (cost=0.43..8.45 rows=1 width=490)
	        Index Cond: (id = 6514739)

table 2 : explain UPDATE sbtest2 SET c='foobar' WHERE id=3098097
	Update on sbtest2  (cost=0.43..8.45 rows=0 width=0)
	  ->  Index Scan using sbtest2_pkey on sbtest2  (cost=0.43..8.45 rows=1 width=490)
	        Index Cond: (id = 3098097)

table 3 : explain UPDATE sbtest3 SET c='foobar' WHERE id=4119685
	Update on sbtest3  (cost=0.43..8.45 rows=0 width=0)
	  ->  Index Scan using sbtest3_pkey on sbtest3  (cost=0.43..8.45 rows=1 width=490)
	        Index Cond: (id = 4119685)

table 4 : explain UPDATE sbtest4 SET c='foobar' WHERE id=6431653
	Update on sbtest4  (cost=0.43..8.45 rows=0 width=0)
	  ->  Index Scan using sbtest4_pkey on sbtest4  (cost=0.43..8.45 rows=1 width=490)
	        Index Cond: (id = 6431653)

table 5 : explain UPDATE sbtest5 SET c='foobar' WHERE id=5659819
	Update on sbtest5  (cost=0.43..8.45 rows=0 width=0)
	  ->  Index Scan using sbtest5_pkey on sbtest5  (cost=0.43..8.45 rows=1 width=490)
	        Index Cond: (id = 5659819)

table 6 : explain UPDATE sbtest6 SET c='foobar' WHERE id=5768479
	Update on sbtest6  (cost=0.43..8.45 rows=0 width=0)
	  ->  Index Scan using sbtest6_pkey on sbtest6  (cost=0.43..8.45 rows=1 width=490)
	        Index Cond: (id = 5768479)

table 7 : explain UPDATE sbtest7 SET c='foobar' WHERE id=5296584
	Update on sbtest7  (cost=0.43..8.45 rows=0 width=0)
	  ->  Index Scan using sbtest7_pkey on sbtest7  (cost=0.43..8.45 rows=1 width=490)
	        Index Cond: (id = 5296584)

table 8 : explain UPDATE sbtest8 SET c='foobar' WHERE id=1843495
	Update on sbtest8  (cost=0.43..8.45 rows=0 width=0)
	  ->  Index Scan using sbtest8_pkey on sbtest8  (cost=0.43..8.45 rows=1 width=490)
	        Index Cond: (id = 1843495)

explain: for deletes :: explain DELETE FROM sbtest%u WHERE id=%u
for index_updates
table 1 : explain UPDATE sbtest1 SET k=k+1 WHERE id=259438
	Update on sbtest1  (cost=0.43..8.46 rows=0 width=0)
	  ->  Index Scan using sbtest1_pkey on sbtest1  (cost=0.43..8.46 rows=1 width=10)
	        Index Cond: (id = 259438)

table 2 : explain UPDATE sbtest2 SET k=k+1 WHERE id=1705273
	Update on sbtest2  (cost=0.43..8.46 rows=0 width=0)
	  ->  Index Scan using sbtest2_pkey on sbtest2  (cost=0.43..8.46 rows=1 width=10)
	        Index Cond: (id = 1705273)

table 3 : explain UPDATE sbtest3 SET k=k+1 WHERE id=5874311
	Update on sbtest3  (cost=0.43..8.46 rows=0 width=0)
	  ->  Index Scan using sbtest3_pkey on sbtest3  (cost=0.43..8.46 rows=1 width=10)
	        Index Cond: (id = 5874311)

table 4 : explain UPDATE sbtest4 SET k=k+1 WHERE id=4885885
	Update on sbtest4  (cost=0.43..8.46 rows=0 width=0)
	  ->  Index Scan using sbtest4_pkey on sbtest4  (cost=0.43..8.46 rows=1 width=10)
	        Index Cond: (id = 4885885)

table 5 : explain UPDATE sbtest5 SET k=k+1 WHERE id=9388733
	Update on sbtest5  (cost=0.43..8.46 rows=0 width=0)
	  ->  Index Scan using sbtest5_pkey on sbtest5  (cost=0.43..8.46 rows=1 width=10)
	        Index Cond: (id = 9388733)

table 6 : explain UPDATE sbtest6 SET k=k+1 WHERE id=7081622
	Update on sbtest6  (cost=0.43..8.46 rows=0 width=0)
	  ->  Index Scan using sbtest6_pkey on sbtest6  (cost=0.43..8.46 rows=1 width=10)
	        Index Cond: (id = 7081622)

table 7 : explain UPDATE sbtest7 SET k=k+1 WHERE id=5077895
	Update on sbtest7  (cost=0.43..8.46 rows=0 width=0)
	  ->  Index Scan using sbtest7_pkey on sbtest7  (cost=0.43..8.46 rows=1 width=10)
	        Index Cond: (id = 5077895)

table 8 : explain UPDATE sbtest8 SET k=k+1 WHERE id=4933888
	Update on sbtest8  (cost=0.43..8.46 rows=0 width=0)
	  ->  Index Scan using sbtest8_pkey on sbtest8  (cost=0.43..8.46 rows=1 width=10)
	        Index Cond: (id = 4933888)

for deletes
table 1 : explain DELETE FROM sbtest1 WHERE id=6874479
	Delete on sbtest1  (cost=0.43..8.45 rows=0 width=0)
	  ->  Index Scan using sbtest1_pkey on sbtest1  (cost=0.43..8.45 rows=1 width=6)
	        Index Cond: (id = 6874479)

table 2 : explain DELETE FROM sbtest2 WHERE id=8117114
	Delete on sbtest2  (cost=0.43..8.45 rows=0 width=0)
	  ->  Index Scan using sbtest2_pkey on sbtest2  (cost=0.43..8.45 rows=1 width=6)
	        Index Cond: (id = 8117114)

table 3 : explain DELETE FROM sbtest3 WHERE id=8206824
	Delete on sbtest3  (cost=0.43..8.45 rows=0 width=0)
	  ->  Index Scan using sbtest3_pkey on sbtest3  (cost=0.43..8.45 rows=1 width=6)
	        Index Cond: (id = 8206824)

table 4 : explain DELETE FROM sbtest4 WHERE id=3908888
	Delete on sbtest4  (cost=0.43..8.45 rows=0 width=0)
	  ->  Index Scan using sbtest4_pkey on sbtest4  (cost=0.43..8.45 rows=1 width=6)
	        Index Cond: (id = 3908888)

table 5 : explain DELETE FROM sbtest5 WHERE id=4528859
	Delete on sbtest5  (cost=0.43..8.45 rows=0 width=0)
	  ->  Index Scan using sbtest5_pkey on sbtest5  (cost=0.43..8.45 rows=1 width=6)
	        Index Cond: (id = 4528859)

table 6 : explain DELETE FROM sbtest6 WHERE id=2882584
	Delete on sbtest6  (cost=0.43..8.45 rows=0 width=0)
	  ->  Index Scan using sbtest6_pkey on sbtest6  (cost=0.43..8.45 rows=1 width=6)
	        Index Cond: (id = 2882584)

table 7 : explain DELETE FROM sbtest7 WHERE id=2465030
	Delete on sbtest7  (cost=0.43..8.45 rows=0 width=0)
	  ->  Index Scan using sbtest7_pkey on sbtest7  (cost=0.43..8.45 rows=1 width=6)
	        Index Cond: (id = 2465030)

table 8 : explain DELETE FROM sbtest8 WHERE id=3045061
	Delete on sbtest8  (cost=0.43..8.45 rows=0 width=0)
	  ->  Index Scan using sbtest8_pkey on sbtest8  (cost=0.43..8.45 rows=1 width=6)
	        Index Cond: (id = 3045061)

explain: for non_index_updates :: explain UPDATE sbtest%u SET c='foobar' WHERE id=%u
explain: for inserts :: explain INSERT INTO sbtest%u (id, k, c, pad) VALUES (%u, 13, 'foobar', 'foobar')
for index_updates
table 1 : explain UPDATE sbtest1 SET k=k+1 WHERE id=5983471
	Update on sbtest1  (cost=0.43..8.46 rows=0 width=0)
	  ->  Index Scan using sbtest1_pkey on sbtest1  (cost=0.43..8.46 rows=1 width=10)
	        Index Cond: (id = 5983471)

table 2 : explain UPDATE sbtest2 SET k=k+1 WHERE id=6133663
	Update on sbtest2  (cost=0.43..8.46 rows=0 width=0)
	  ->  Index Scan using sbtest2_pkey on sbtest2  (cost=0.43..8.46 rows=1 width=10)
	        Index Cond: (id = 6133663)

table 3 : explain UPDATE sbtest3 SET k=k+1 WHERE id=1832494
	Update on sbtest3  (cost=0.43..8.46 rows=0 width=0)
	  ->  Index Scan using sbtest3_pkey on sbtest3  (cost=0.43..8.46 rows=1 width=10)
	        Index Cond: (id = 1832494)

table 4 : explain UPDATE sbtest4 SET k=k+1 WHERE id=7293131
	Update on sbtest4  (cost=0.43..8.46 rows=0 width=0)
	  ->  Index Scan using sbtest4_pkey on sbtest4  (cost=0.43..8.46 rows=1 width=10)
	        Index Cond: (id = 7293131)

table 5 : explain UPDATE sbtest5 SET k=k+1 WHERE id=4282405
	Update on sbtest5  (cost=0.43..8.46 rows=0 width=0)
	  ->  Index Scan using sbtest5_pkey on sbtest5  (cost=0.43..8.46 rows=1 width=10)
	        Index Cond: (id = 4282405)

table 6 : explain UPDATE sbtest6 SET k=k+1 WHERE id=4342486
	Update on sbtest6  (cost=0.43..8.46 rows=0 width=0)
	  ->  Index Scan using sbtest6_pkey on sbtest6  (cost=0.43..8.46 rows=1 width=10)
	        Index Cond: (id = 4342486)

table 7 : explain UPDATE sbtest7 SET k=k+1 WHERE id=6228714
	Update on sbtest7  (cost=0.43..8.46 rows=0 width=0)
	  ->  Index Scan using sbtest7_pkey on sbtest7  (cost=0.43..8.46 rows=1 width=10)
	        Index Cond: (id = 6228714)

table 8 : explain UPDATE sbtest8 SET k=k+1 WHERE id=8084611
	Update on sbtest8  (cost=0.43..8.46 rows=0 width=0)
	  ->  Index Scan using sbtest8_pkey on sbtest8  (cost=0.43..8.46 rows=1 width=10)
	        Index Cond: (id = 8084611)

for inserts
table 1 : explain INSERT INTO sbtest1 (id, k, c, pad) VALUES (9286615, 13, 'foobar', 'foobar')
	Insert on sbtest1  (cost=0.00..0.01 rows=0 width=0)
	  ->  Result  (cost=0.00..0.01 rows=1 width=736)

table 2 : explain INSERT INTO sbtest2 (id, k, c, pad) VALUES (3498572, 13, 'foobar', 'foobar')
	Insert on sbtest2  (cost=0.00..0.01 rows=0 width=0)
	  ->  Result  (cost=0.00..0.01 rows=1 width=736)

table 3 : explain INSERT INTO sbtest3 (id, k, c, pad) VALUES (7729711, 13, 'foobar', 'foobar')
	Insert on sbtest3  (cost=0.00..0.01 rows=0 width=0)
	  ->  Result  (cost=0.00..0.01 rows=1 width=736)

table 4 : explain INSERT INTO sbtest4 (id, k, c, pad) VALUES (9941461, 13, 'foobar', 'foobar')
	Insert on sbtest4  (cost=0.00..0.01 rows=0 width=0)
	  ->  Result  (cost=0.00..0.01 rows=1 width=736)

table 5 : explain INSERT INTO sbtest5 (id, k, c, pad) VALUES (9161635, 13, 'foobar', 'foobar')
	Insert on sbtest5  (cost=0.00..0.01 rows=0 width=0)
	  ->  Result  (cost=0.00..0.01 rows=1 width=736)

table 6 : explain INSERT INTO sbtest6 (id, k, c, pad) VALUES (9766919, 13, 'foobar', 'foobar')
	Insert on sbtest6  (cost=0.00..0.01 rows=0 width=0)
	  ->  Result  (cost=0.00..0.01 rows=1 width=736)

table 7 : explain INSERT INTO sbtest7 (id, k, c, pad) VALUES (9198534, 13, 'foobar', 'foobar')
	Insert on sbtest7  (cost=0.00..0.01 rows=0 width=0)
	  ->  Result  (cost=0.00..0.01 rows=1 width=736)

table 8 : explain INSERT INTO sbtest8 (id, k, c, pad) VALUES (9137820, 13, 'foobar', 'foobar')
	Insert on sbtest8  (cost=0.00..0.01 rows=0 width=0)
	  ->  Result  (cost=0.00..0.01 rows=1 width=736)

for index_updates
table 1 : explain UPDATE sbtest1 SET k=k+1 WHERE id=1145956
	Update on sbtest1  (cost=0.43..8.46 rows=0 width=0)
	  ->  Index Scan using sbtest1_pkey on sbtest1  (cost=0.43..8.46 rows=1 width=10)
	        Index Cond: (id = 1145956)

table 2 : explain UPDATE sbtest2 SET k=k+1 WHERE id=5013229
	Update on sbtest2  (cost=0.43..8.46 rows=0 width=0)
	  ->  Index Scan using sbtest2_pkey on sbtest2  (cost=0.43..8.46 rows=1 width=10)
	        Index Cond: (id = 5013229)

table 3 : explain UPDATE sbtest3 SET k=k+1 WHERE id=8223870
	Update on sbtest3  (cost=0.43..8.46 rows=0 width=0)
	  ->  Index Scan using sbtest3_pkey on sbtest3  (cost=0.43..8.46 rows=1 width=10)
	        Index Cond: (id = 8223870)

table 4 : explain UPDATE sbtest4 SET k=k+1 WHERE id=532113
	Update on sbtest4  (cost=0.43..8.46 rows=0 width=0)
	  ->  Index Scan using sbtest4_pkey on sbtest4  (cost=0.43..8.46 rows=1 width=10)
	        Index Cond: (id = 532113)

table 5 : explain UPDATE sbtest5 SET k=k+1 WHERE id=1675397
	Update on sbtest5  (cost=0.43..8.46 rows=0 width=0)
	  ->  Index Scan using sbtest5_pkey on sbtest5  (cost=0.43..8.46 rows=1 width=10)
	        Index Cond: (id = 1675397)

table 6 : explain UPDATE sbtest6 SET k=k+1 WHERE id=2026636
	Update on sbtest6  (cost=0.43..8.46 rows=0 width=0)
	  ->  Index Scan using sbtest6_pkey on sbtest6  (cost=0.43..8.46 rows=1 width=10)
	        Index Cond: (id = 2026636)

table 7 : explain UPDATE sbtest7 SET k=k+1 WHERE id=463229
	Update on sbtest7  (cost=0.43..8.46 rows=0 width=0)
	  ->  Index Scan using sbtest7_pkey on sbtest7  (cost=0.43..8.46 rows=1 width=10)
	        Index Cond: (id = 463229)

table 8 : explain UPDATE sbtest8 SET k=k+1 WHERE id=5509319
	Update on sbtest8  (cost=0.43..8.46 rows=0 width=0)
	  ->  Index Scan using sbtest8_pkey on sbtest8  (cost=0.43..8.46 rows=1 width=10)
	        Index Cond: (id = 5509319)
for non_index_updates
table 1 : explain UPDATE sbtest1 SET c='foobar' WHERE id=2224811
	Update on sbtest1  (cost=0.43..8.45 rows=0 width=0)
	  ->  Index Scan using sbtest1_pkey on sbtest1  (cost=0.43..8.45 rows=1 width=490)
	        Index Cond: (id = 2224811)

table 2 : explain UPDATE sbtest2 SET c='foobar' WHERE id=365750
	Update on sbtest2  (cost=0.43..8.45 rows=0 width=0)
	  ->  Index Scan using sbtest2_pkey on sbtest2  (cost=0.43..8.45 rows=1 width=490)
	        Index Cond: (id = 365750)

table 3 : explain UPDATE sbtest3 SET c='foobar' WHERE id=268518
	Update on sbtest3  (cost=0.43..8.45 rows=0 width=0)
	  ->  Index Scan using sbtest3_pkey on sbtest3  (cost=0.43..8.45 rows=1 width=490)
	        Index Cond: (id = 268518)

table 4 : explain UPDATE sbtest4 SET c='foobar' WHERE id=4383671
	Update on sbtest4  (cost=0.43..8.45 rows=0 width=0)
	  ->  Index Scan using sbtest4_pkey on sbtest4  (cost=0.43..8.45 rows=1 width=490)
	        Index Cond: (id = 4383671)

table 5 : explain UPDATE sbtest5 SET c='foobar' WHERE id=1338563
	Update on sbtest5  (cost=0.43..8.45 rows=0 width=0)
	  ->  Index Scan using sbtest5_pkey on sbtest5  (cost=0.43..8.45 rows=1 width=490)
	        Index Cond: (id = 1338563)

table 6 : explain UPDATE sbtest6 SET c='foobar' WHERE id=1711516
	Update on sbtest6  (cost=0.43..8.45 rows=0 width=0)
	  ->  Index Scan using sbtest6_pkey on sbtest6  (cost=0.43..8.45 rows=1 width=490)
	        Index Cond: (id = 1711516)

table 7 : explain UPDATE sbtest7 SET c='foobar' WHERE id=8241402
	Update on sbtest7  (cost=0.43..8.45 rows=0 width=0)
	  ->  Index Scan using sbtest7_pkey on sbtest7  (cost=0.43..8.45 rows=1 width=490)
	        Index Cond: (id = 8241402)

table 8 : explain UPDATE sbtest8 SET c='foobar' WHERE id=7522155
	Update on sbtest8  (cost=0.43..8.45 rows=0 width=0)
	  ->  Index Scan using sbtest8_pkey on sbtest8  (cost=0.43..8.45 rows=1 width=490)
	        Index Cond: (id = 7522155)


explain: for non_index_updates :: explain UPDATE sbtest%u SET c='foobar' WHERE id=%u
explain: for deletes :: explain DELETE FROM sbtest%u WHERE id=%u
explain: for index_updates :: explain UPDATE sbtest%u SET k=k+1 WHERE id=%u
explain: for non_index_updates :: explain UPDATE sbtest%u SET c='foobar' WHERE id=%u
for deletes
table 1 : explain DELETE FROM sbtest1 WHERE id=1748407
	Delete on sbtest1  (cost=0.43..8.45 rows=0 width=0)
	  ->  Index Scan using sbtest1_pkey on sbtest1  (cost=0.43..8.45 rows=1 width=6)
	        Index Cond: (id = 1748407)

table 2 : explain DELETE FROM sbtest2 WHERE id=339559
	Delete on sbtest2  (cost=0.43..8.45 rows=0 width=0)
	  ->  Index Scan using sbtest2_pkey on sbtest2  (cost=0.43..8.45 rows=1 width=6)
	        Index Cond: (id = 339559)

table 3 : explain DELETE FROM sbtest3 WHERE id=1724695
	Delete on sbtest3  (cost=0.43..8.45 rows=0 width=0)
	  ->  Index Scan using sbtest3_pkey on sbtest3  (cost=0.43..8.45 rows=1 width=6)
	        Index Cond: (id = 1724695)

table 4 : explain DELETE FROM sbtest4 WHERE id=3357225
	Delete on sbtest4  (cost=0.43..8.45 rows=0 width=0)
	  ->  Index Scan using sbtest4_pkey on sbtest4  (cost=0.43..8.45 rows=1 width=6)
	        Index Cond: (id = 3357225)

table 5 : explain DELETE FROM sbtest5 WHERE id=8448302
	Delete on sbtest5  (cost=0.43..8.45 rows=0 width=0)
	  ->  Index Scan using sbtest5_pkey on sbtest5  (cost=0.43..8.45 rows=1 width=6)
	        Index Cond: (id = 8448302)

table 6 : explain DELETE FROM sbtest6 WHERE id=7045288
	Delete on sbtest6  (cost=0.43..8.45 rows=0 width=0)
	  ->  Index Scan using sbtest6_pkey on sbtest6  (cost=0.43..8.45 rows=1 width=6)
	        Index Cond: (id = 7045288)

table 7 : explain DELETE FROM sbtest7 WHERE id=4587991
	Delete on sbtest7  (cost=0.43..8.45 rows=0 width=0)
	  ->  Index Scan using sbtest7_pkey on sbtest7  (cost=0.43..8.45 rows=1 width=6)
	        Index Cond: (id = 4587991)

table 8 : explain DELETE FROM sbtest8 WHERE id=2830519
	Delete on sbtest8  (cost=0.43..8.45 rows=0 width=0)
	  ->  Index Scan using sbtest8_pkey on sbtest8  (cost=0.43..8.45 rows=1 width=6)
	        Index Cond: (id = 2830519)

for non_index_updates
table 1 : explain UPDATE sbtest1 SET c='foobar' WHERE id=5785291
	Update on sbtest1  (cost=0.43..8.45 rows=0 width=0)
	  ->  Index Scan using sbtest1_pkey on sbtest1  (cost=0.43..8.45 rows=1 width=490)
	        Index Cond: (id = 5785291)

table 2 : explain UPDATE sbtest2 SET c='foobar' WHERE id=7858798
	Update on sbtest2  (cost=0.43..8.45 rows=0 width=0)
	  ->  Index Scan using sbtest2_pkey on sbtest2  (cost=0.43..8.45 rows=1 width=490)
	        Index Cond: (id = 7858798)

table 3 : explain UPDATE sbtest3 SET c='foobar' WHERE id=6490297
	Update on sbtest3  (cost=0.43..8.45 rows=0 width=0)
	  ->  Index Scan using sbtest3_pkey on sbtest3  (cost=0.43..8.45 rows=1 width=490)
	        Index Cond: (id = 6490297)

table 4 : explain UPDATE sbtest4 SET c='foobar' WHERE id=8052804
	Update on sbtest4  (cost=0.43..8.45 rows=0 width=0)
	  ->  Index Scan using sbtest4_pkey on sbtest4  (cost=0.43..8.45 rows=1 width=490)
	        Index Cond: (id = 8052804)

table 5 : explain UPDATE sbtest5 SET c='foobar' WHERE id=2177783
	Update on sbtest5  (cost=0.43..8.45 rows=0 width=0)
	  ->  Index Scan using sbtest5_pkey on sbtest5  (cost=0.43..8.45 rows=1 width=490)
	        Index Cond: (id = 2177783)

table 6 : explain UPDATE sbtest6 SET c='foobar' WHERE id=2029650
	Update on sbtest6  (cost=0.43..8.45 rows=0 width=0)
	  ->  Index Scan using sbtest6_pkey on sbtest6  (cost=0.43..8.45 rows=1 width=490)
	        Index Cond: (id = 2029650)

table 7 : explain UPDATE sbtest7 SET c='foobar' WHERE id=6782996
	Update on sbtest7  (cost=0.43..8.45 rows=0 width=0)
	  ->  Index Scan using sbtest7_pkey on sbtest7  (cost=0.43..8.45 rows=1 width=490)
	        Index Cond: (id = 6782996)

table 8 : explain UPDATE sbtest8 SET c='foobar' WHERE id=5219270
	Update on sbtest8  (cost=0.43..8.45 rows=0 width=0)
	  ->  Index Scan using sbtest8_pkey on sbtest8  (cost=0.43..8.45 rows=1 width=490)
	        Index Cond: (id = 5219270)

for non_index_updates
table 1 : explain UPDATE sbtest1 SET c='foobar' WHERE id=6884181
	Update on sbtest1  (cost=0.43..8.45 rows=0 width=0)
	  ->  Index Scan using sbtest1_pkey on sbtest1  (cost=0.43..8.45 rows=1 width=490)
	        Index Cond: (id = 6884181)

table 2 : explain UPDATE sbtest2 SET c='foobar' WHERE id=8582761
	Update on sbtest2  (cost=0.43..8.45 rows=0 width=0)
	  ->  Index Scan using sbtest2_pkey on sbtest2  (cost=0.43..8.45 rows=1 width=490)
	        Index Cond: (id = 8582761)

table 3 : explain UPDATE sbtest3 SET c='foobar' WHERE id=5673592
	Update on sbtest3  (cost=0.43..8.45 rows=0 width=0)
	  ->  Index Scan using sbtest3_pkey on sbtest3  (cost=0.43..8.45 rows=1 width=490)
	        Index Cond: (id = 5673592)

table 4 : explain UPDATE sbtest4 SET c='foobar' WHERE id=9889036
	Update on sbtest4  (cost=0.43..8.45 rows=0 width=0)
	  ->  Index Scan using sbtest4_pkey on sbtest4  (cost=0.43..8.45 rows=1 width=490)
	        Index Cond: (id = 9889036)

table 5 : explain UPDATE sbtest5 SET c='foobar' WHERE id=9859904
	Update on sbtest5  (cost=0.43..8.45 rows=0 width=0)
	  ->  Index Scan using sbtest5_pkey on sbtest5  (cost=0.43..8.45 rows=1 width=490)
	        Index Cond: (id = 9859904)

table 6 : explain UPDATE sbtest6 SET c='foobar' WHERE id=758206
	Update on sbtest6  (cost=0.43..8.45 rows=0 width=0)
	  ->  Index Scan using sbtest6_pkey on sbtest6  (cost=0.43..8.45 rows=1 width=490)
	        Index Cond: (id = 758206)

table 7 : explain UPDATE sbtest7 SET c='foobar' WHERE id=3288989
	Update on sbtest7  (cost=0.43..8.45 rows=0 width=0)
	  ->  Index Scan using sbtest7_pkey on sbtest7  (cost=0.43..8.45 rows=1 width=490)
	        Index Cond: (id = 3288989)

table 8 : explain UPDATE sbtest8 SET c='foobar' WHERE id=1303722
	Update on sbtest8  (cost=0.43..8.45 rows=0 width=0)
	  ->  Index Scan using sbtest8_pkey on sbtest8  (cost=0.43..8.45 rows=1 width=490)
	        Index Cond: (id = 1303722)

explain: for deletes :: explain DELETE FROM sbtest%u WHERE id=%u
explain: for inserts :: explain INSERT INTO sbtest%u (id, k, c, pad) VALUES (%u, 13, 'foobar', 'foobar')
explain: for deletes :: explain DELETE FROM sbtest%u WHERE id=%u
explain: for index_updates :: explain UPDATE sbtest%u SET k=k+1 WHERE id=%u
for inserts
table 1 : explain INSERT INTO sbtest1 (id, k, c, pad) VALUES (876541, 13, 'foobar', 'foobar')
	Insert on sbtest1  (cost=0.00..0.01 rows=0 width=0)
	  ->  Result  (cost=0.00..0.01 rows=1 width=736)

table 2 : explain INSERT INTO sbtest2 (id, k, c, pad) VALUES (6064047, 13, 'foobar', 'foobar')
	Insert on sbtest2  (cost=0.00..0.01 rows=0 width=0)
	  ->  Result  (cost=0.00..0.01 rows=1 width=736)

table 3 : explain INSERT INTO sbtest3 (id, k, c, pad) VALUES (4999080, 13, 'foobar', 'foobar')
	Insert on sbtest3  (cost=0.00..0.01 rows=0 width=0)
	  ->  Result  (cost=0.00..0.01 rows=1 width=736)

table 4 : explain INSERT INTO sbtest4 (id, k, c, pad) VALUES (4482134, 13, 'foobar', 'foobar')
	Insert on sbtest4  (cost=0.00..0.01 rows=0 width=0)
	  ->  Result  (cost=0.00..0.01 rows=1 width=736)

table 5 : explain INSERT INTO sbtest5 (id, k, c, pad) VALUES (8684898, 13, 'foobar', 'foobar')
	Insert on sbtest5  (cost=0.00..0.01 rows=0 width=0)
	  ->  Result  (cost=0.00..0.01 rows=1 width=736)

table 6 : explain INSERT INTO sbtest6 (id, k, c, pad) VALUES (9063513, 13, 'foobar', 'foobar')
	Insert on sbtest6  (cost=0.00..0.01 rows=0 width=0)
	  ->  Result  (cost=0.00..0.01 rows=1 width=736)

table 7 : explain INSERT INTO sbtest7 (id, k, c, pad) VALUES (9952076, 13, 'foobar', 'foobar')
	Insert on sbtest7  (cost=0.00..0.01 rows=0 width=0)
	  ->  Result  (cost=0.00..0.01 rows=1 width=736)

table 8 : explain INSERT INTO sbtest8 (id, k, c, pad) VALUES (9553826, 13, 'foobar', 'foobar')
	Insert on sbtest8  (cost=0.00..0.01 rows=0 width=0)
	  ->  Result  (cost=0.00..0.01 rows=1 width=736)

for deletes
table 1 : explain DELETE FROM sbtest1 WHERE id=7746734
	Delete on sbtest1  (cost=0.43..8.45 rows=0 width=0)
	  ->  Index Scan using sbtest1_pkey on sbtest1  (cost=0.43..8.45 rows=1 width=6)
	        Index Cond: (id = 7746734)

table 2 : explain DELETE FROM sbtest2 WHERE id=5694984
	Delete on sbtest2  (cost=0.43..8.45 rows=0 width=0)
	  ->  Index Scan using sbtest2_pkey on sbtest2  (cost=0.43..8.45 rows=1 width=6)
	        Index Cond: (id = 5694984)

table 3 : explain DELETE FROM sbtest3 WHERE id=6959108
	Delete on sbtest3  (cost=0.43..8.45 rows=0 width=0)
	  ->  Index Scan using sbtest3_pkey on sbtest3  (cost=0.43..8.45 rows=1 width=6)
	        Index Cond: (id = 6959108)

table 4 : explain DELETE FROM sbtest4 WHERE id=5526809
	Delete on sbtest4  (cost=0.43..8.45 rows=0 width=0)
	  ->  Index Scan using sbtest4_pkey on sbtest4  (cost=0.43..8.45 rows=1 width=6)
	        Index Cond: (id = 5526809)

table 5 : explain DELETE FROM sbtest5 WHERE id=1274297
	Delete on sbtest5  (cost=0.43..8.45 rows=0 width=0)
	  ->  Index Scan using sbtest5_pkey on sbtest5  (cost=0.43..8.45 rows=1 width=6)
	        Index Cond: (id = 1274297)

table 6 : explain DELETE FROM sbtest6 WHERE id=5834836
	Delete on sbtest6  (cost=0.43..8.45 rows=0 width=0)
	  ->  Index Scan using sbtest6_pkey on sbtest6  (cost=0.43..8.45 rows=1 width=6)
	        Index Cond: (id = 5834836)

table 7 : explain DELETE FROM sbtest7 WHERE id=2983862
	Delete on sbtest7  (cost=0.43..8.45 rows=0 width=0)
	  ->  Index Scan using sbtest7_pkey on sbtest7  (cost=0.43..8.45 rows=1 width=6)
	        Index Cond: (id = 2983862)

table 8 : explain DELETE FROM sbtest8 WHERE id=8329950
	Delete on sbtest8  (cost=0.43..8.45 rows=0 width=0)
	  ->  Index Scan using sbtest8_pkey on sbtest8  (cost=0.43..8.45 rows=1 width=6)
	        Index Cond: (id = 8329950)

explain: for index_updates :: explain UPDATE sbtest%u SET k=k+1 WHERE id=%u
for deletes
table 1 : explain DELETE FROM sbtest1 WHERE id=6912781
	Delete on sbtest1  (cost=0.43..8.45 rows=0 width=0)
	  ->  Index Scan using sbtest1_pkey on sbtest1  (cost=0.43..8.45 rows=1 width=6)
	        Index Cond: (id = 6912781)

table 2 : explain DELETE FROM sbtest2 WHERE id=7144584
	Delete on sbtest2  (cost=0.43..8.45 rows=0 width=0)
	  ->  Index Scan using sbtest2_pkey on sbtest2  (cost=0.43..8.45 rows=1 width=6)
	        Index Cond: (id = 7144584)

table 3 : explain DELETE FROM sbtest3 WHERE id=4500037
	Delete on sbtest3  (cost=0.43..8.45 rows=0 width=0)
	  ->  Index Scan using sbtest3_pkey on sbtest3  (cost=0.43..8.45 rows=1 width=6)
	        Index Cond: (id = 4500037)

table 4 : explain DELETE FROM sbtest4 WHERE id=6572564
	Delete on sbtest4  (cost=0.43..8.45 rows=0 width=0)
	  ->  Index Scan using sbtest4_pkey on sbtest4  (cost=0.43..8.45 rows=1 width=6)
	        Index Cond: (id = 6572564)

table 5 : explain DELETE FROM sbtest5 WHERE id=483409
	Delete on sbtest5  (cost=0.43..8.45 rows=0 width=0)
	  ->  Index Scan using sbtest5_pkey on sbtest5  (cost=0.43..8.45 rows=1 width=6)
	        Index Cond: (id = 483409)

table 6 : explain DELETE FROM sbtest6 WHERE id=8982736
	Delete on sbtest6  (cost=0.43..8.45 rows=0 width=0)
	  ->  Index Scan using sbtest6_pkey on sbtest6  (cost=0.43..8.45 rows=1 width=6)
	        Index Cond: (id = 8982736)

table 7 : explain DELETE FROM sbtest7 WHERE id=6430201
	Delete on sbtest7  (cost=0.43..8.45 rows=0 width=0)
	  ->  Index Scan using sbtest7_pkey on sbtest7  (cost=0.43..8.45 rows=1 width=6)
	        Index Cond: (id = 6430201)

table 8 : explain DELETE FROM sbtest8 WHERE id=5904355
	Delete on sbtest8  (cost=0.43..8.45 rows=0 width=0)
	  ->  Index Scan using sbtest8_pkey on sbtest8  (cost=0.43..8.45 rows=1 width=6)
	        Index Cond: (id = 5904355)

for index_updates
table 1 : explain UPDATE sbtest1 SET k=k+1 WHERE id=4931320
	Update on sbtest1  (cost=0.43..8.46 rows=0 width=0)
	  ->  Index Scan using sbtest1_pkey on sbtest1  (cost=0.43..8.46 rows=1 width=10)
	        Index Cond: (id = 4931320)

table 2 : explain UPDATE sbtest2 SET k=k+1 WHERE id=7439558
	Update on sbtest2  (cost=0.43..8.46 rows=0 width=0)
	  ->  Index Scan using sbtest2_pkey on sbtest2  (cost=0.43..8.46 rows=1 width=10)
	        Index Cond: (id = 7439558)

table 3 : explain UPDATE sbtest3 SET k=k+1 WHERE id=2382957
	Update on sbtest3  (cost=0.43..8.46 rows=0 width=0)
	  ->  Index Scan using sbtest3_pkey on sbtest3  (cost=0.43..8.46 rows=1 width=10)
	        Index Cond: (id = 2382957)

table 4 : explain UPDATE sbtest4 SET k=k+1 WHERE id=770478
	Update on sbtest4  (cost=0.43..8.46 rows=0 width=0)
	  ->  Index Scan using sbtest4_pkey on sbtest4  (cost=0.43..8.46 rows=1 width=10)
	        Index Cond: (id = 770478)

table 5 : explain UPDATE sbtest5 SET k=k+1 WHERE id=7132306
	Update on sbtest5  (cost=0.43..8.46 rows=0 width=0)
	  ->  Index Scan using sbtest5_pkey on sbtest5  (cost=0.43..8.46 rows=1 width=10)
	        Index Cond: (id = 7132306)

table 6 : explain UPDATE sbtest6 SET k=k+1 WHERE id=6362691
	Update on sbtest6  (cost=0.43..8.46 rows=0 width=0)
	  ->  Index Scan using sbtest6_pkey on sbtest6  (cost=0.43..8.46 rows=1 width=10)
	        Index Cond: (id = 6362691)

table 7 : explain UPDATE sbtest7 SET k=k+1 WHERE id=5476117
	Update on sbtest7  (cost=0.43..8.46 rows=0 width=0)
	  ->  Index Scan using sbtest7_pkey on sbtest7  (cost=0.43..8.46 rows=1 width=10)
	        Index Cond: (id = 5476117)

table 8 : explain UPDATE sbtest8 SET k=k+1 WHERE id=523668
	Update on sbtest8  (cost=0.43..8.46 rows=0 width=0)
	  ->  Index Scan using sbtest8_pkey on sbtest8  (cost=0.43..8.46 rows=1 width=10)
	        Index Cond: (id = 523668)

explain: for inserts :: explain INSERT INTO sbtest%u (id, k, c, pad) VALUES (%u, 13, 'foobar', 'foobar')
explain: for inserts :: explain INSERT INTO sbtest%u (id, k, c, pad) VALUES (%u, 13, 'foobar', 'foobar')
explain: for non_index_updates :: explain UPDATE sbtest%u SET c='foobar' WHERE id=%u
for inserts
table 1 : explain INSERT INTO sbtest1 (id, k, c, pad) VALUES (9246992, 13, 'foobar', 'foobar')
	Insert on sbtest1  (cost=0.00..0.01 rows=0 width=0)
	  ->  Result  (cost=0.00..0.01 rows=1 width=736)

table 2 : explain INSERT INTO sbtest2 (id, k, c, pad) VALUES (1083613, 13, 'foobar', 'foobar')
	Insert on sbtest2  (cost=0.00..0.01 rows=0 width=0)
	  ->  Result  (cost=0.00..0.01 rows=1 width=736)

table 3 : explain INSERT INTO sbtest3 (id, k, c, pad) VALUES (6071036, 13, 'foobar', 'foobar')
	Insert on sbtest3  (cost=0.00..0.01 rows=0 width=0)
	  ->  Result  (cost=0.00..0.01 rows=1 width=736)

table 4 : explain INSERT INTO sbtest4 (id, k, c, pad) VALUES (2448951, 13, 'foobar', 'foobar')
	Insert on sbtest4  (cost=0.00..0.01 rows=0 width=0)
	  ->  Result  (cost=0.00..0.01 rows=1 width=736)

table 5 : explain INSERT INTO sbtest5 (id, k, c, pad) VALUES (7209977, 13, 'foobar', 'foobar')
	Insert on sbtest5  (cost=0.00..0.01 rows=0 width=0)
	  ->  Result  (cost=0.00..0.01 rows=1 width=736)

table 6 : explain INSERT INTO sbtest6 (id, k, c, pad) VALUES (2568921, 13, 'foobar', 'foobar')
	Insert on sbtest6  (cost=0.00..0.01 rows=0 width=0)
	  ->  Result  (cost=0.00..0.01 rows=1 width=736)

table 7 : explain INSERT INTO sbtest7 (id, k, c, pad) VALUES (8263805, 13, 'foobar', 'foobar')
	Insert on sbtest7  (cost=0.00..0.01 rows=0 width=0)
	  ->  Result  (cost=0.00..0.01 rows=1 width=736)

table 8 : explain INSERT INTO sbtest8 (id, k, c, pad) VALUES (5030118, 13, 'foobar', 'foobar')
	Insert on sbtest8  (cost=0.00..0.01 rows=0 width=0)
	  ->  Result  (cost=0.00..0.01 rows=1 width=736)

for inserts
table 1 : explain INSERT INTO sbtest1 (id, k, c, pad) VALUES (8970651, 13, 'foobar', 'foobar')
	Insert on sbtest1  (cost=0.00..0.01 rows=0 width=0)
	  ->  Result  (cost=0.00..0.01 rows=1 width=736)

table 2 : explain INSERT INTO sbtest2 (id, k, c, pad) VALUES (2439930, 13, 'foobar', 'foobar')
	Insert on sbtest2  (cost=0.00..0.01 rows=0 width=0)
	  ->  Result  (cost=0.00..0.01 rows=1 width=736)

table 3 : explain INSERT INTO sbtest3 (id, k, c, pad) VALUES (7895708, 13, 'foobar', 'foobar')
	Insert on sbtest3  (cost=0.00..0.01 rows=0 width=0)
	  ->  Result  (cost=0.00..0.01 rows=1 width=736)

table 4 : explain INSERT INTO sbtest4 (id, k, c, pad) VALUES (5570580, 13, 'foobar', 'foobar')
	Insert on sbtest4  (cost=0.00..0.01 rows=0 width=0)
	  ->  Result  (cost=0.00..0.01 rows=1 width=736)

table 5 : explain INSERT INTO sbtest5 (id, k, c, pad) VALUES (7168669, 13, 'foobar', 'foobar')
	Insert on sbtest5  (cost=0.00..0.01 rows=0 width=0)
	  ->  Result  (cost=0.00..0.01 rows=1 width=736)

table 6 : explain INSERT INTO sbtest6 (id, k, c, pad) VALUES (5033135, 13, 'foobar', 'foobar')
	Insert on sbtest6  (cost=0.00..0.01 rows=0 width=0)
	  ->  Result  (cost=0.00..0.01 rows=1 width=736)

table 7 : explain INSERT INTO sbtest7 (id, k, c, pad) VALUES (3569926, 13, 'foobar', 'foobar')
	Insert on sbtest7  (cost=0.00..0.01 rows=0 width=0)
	  ->  Result  (cost=0.00..0.01 rows=1 width=736)

table 8 : explain INSERT INTO sbtest8 (id, k, c, pad) VALUES (8848337, 13, 'foobar', 'foobar')
	Insert on sbtest8  (cost=0.00..0.01 rows=0 width=0)
	  ->  Result  (cost=0.00..0.01 rows=1 width=736)

for non_index_updates
table 1 : explain UPDATE sbtest1 SET c='foobar' WHERE id=8674701
	Update on sbtest1  (cost=0.43..8.45 rows=0 width=0)
	  ->  Index Scan using sbtest1_pkey on sbtest1  (cost=0.43..8.45 rows=1 width=490)
	        Index Cond: (id = 8674701)

table 2 : explain UPDATE sbtest2 SET c='foobar' WHERE id=3022518
	Update on sbtest2  (cost=0.43..8.45 rows=0 width=0)
	  ->  Index Scan using sbtest2_pkey on sbtest2  (cost=0.43..8.45 rows=1 width=490)
	        Index Cond: (id = 3022518)

table 3 : explain UPDATE sbtest3 SET c='foobar' WHERE id=9647078
	Update on sbtest3  (cost=0.43..8.45 rows=0 width=0)
	  ->  Index Scan using sbtest3_pkey on sbtest3  (cost=0.43..8.45 rows=1 width=490)
	        Index Cond: (id = 9647078)

table 4 : explain UPDATE sbtest4 SET c='foobar' WHERE id=5902956
	Update on sbtest4  (cost=0.43..8.45 rows=0 width=0)
	  ->  Index Scan using sbtest4_pkey on sbtest4  (cost=0.43..8.45 rows=1 width=490)
	        Index Cond: (id = 5902956)

table 5 : explain UPDATE sbtest5 SET c='foobar' WHERE id=3009917
	Update on sbtest5  (cost=0.43..8.45 rows=0 width=0)
	  ->  Index Scan using sbtest5_pkey on sbtest5  (cost=0.43..8.45 rows=1 width=490)
	        Index Cond: (id = 3009917)

table 6 : explain UPDATE sbtest6 SET c='foobar' WHERE id=6935192
	Update on sbtest6  (cost=0.43..8.45 rows=0 width=0)
	  ->  Index Scan using sbtest6_pkey on sbtest6  (cost=0.43..8.45 rows=1 width=490)
	        Index Cond: (id = 6935192)

table 7 : explain UPDATE sbtest7 SET c='foobar' WHERE id=5355274
	Update on sbtest7  (cost=0.43..8.45 rows=0 width=0)
	  ->  Index Scan using sbtest7_pkey on sbtest7  (cost=0.43..8.45 rows=1 width=490)
	        Index Cond: (id = 5355274)

table 8 : explain UPDATE sbtest8 SET c='foobar' WHERE id=3148639
	Update on sbtest8  (cost=0.43..8.45 rows=0 width=0)
	  ->  Index Scan using sbtest8_pkey on sbtest8  (cost=0.43..8.45 rows=1 width=490)
	        Index Cond: (id = 3148639)

explain: for deletes :: explain DELETE FROM sbtest%u WHERE id=%u
for index_updates
table 1 : explain UPDATE sbtest1 SET k=k+1 WHERE id=3294959
	Update on sbtest1  (cost=0.43..8.46 rows=0 width=0)
	  ->  Index Scan using sbtest1_pkey on sbtest1  (cost=0.43..8.46 rows=1 width=10)
	        Index Cond: (id = 3294959)

table 2 : explain UPDATE sbtest2 SET k=k+1 WHERE id=6271496
	Update on sbtest2  (cost=0.43..8.46 rows=0 width=0)
	  ->  Index Scan using sbtest2_pkey on sbtest2  (cost=0.43..8.46 rows=1 width=10)
	        Index Cond: (id = 6271496)

table 3 : explain UPDATE sbtest3 SET k=k+1 WHERE id=5680545
	Update on sbtest3  (cost=0.43..8.46 rows=0 width=0)
	  ->  Index Scan using sbtest3_pkey on sbtest3  (cost=0.43..8.46 rows=1 width=10)
	        Index Cond: (id = 5680545)

table 4 : explain UPDATE sbtest4 SET k=k+1 WHERE id=9631531
	Update on sbtest4  (cost=0.43..8.46 rows=0 width=0)
	  ->  Index Scan using sbtest4_pkey on sbtest4  (cost=0.43..8.46 rows=1 width=10)
	        Index Cond: (id = 9631531)

table 5 : explain UPDATE sbtest5 SET k=k+1 WHERE id=6921644
	Update on sbtest5  (cost=0.43..8.46 rows=0 width=0)
	  ->  Index Scan using sbtest5_pkey on sbtest5  (cost=0.43..8.46 rows=1 width=10)
	        Index Cond: (id = 6921644)

table 6 : explain UPDATE sbtest6 SET k=k+1 WHERE id=5304917
	Update on sbtest6  (cost=0.43..8.46 rows=0 width=0)
	  ->  Index Scan using sbtest6_pkey on sbtest6  (cost=0.43..8.46 rows=1 width=10)
	        Index Cond: (id = 5304917)

table 7 : explain UPDATE sbtest7 SET k=k+1 WHERE id=9707602
	Update on sbtest7  (cost=0.43..8.46 rows=0 width=0)
	  ->  Index Scan using sbtest7_pkey on sbtest7  (cost=0.43..8.46 rows=1 width=10)
	        Index Cond: (id = 9707602)

table 8 : explain UPDATE sbtest8 SET k=k+1 WHERE id=7258408
	Update on sbtest8  (cost=0.43..8.46 rows=0 width=0)
	  ->  Index Scan using sbtest8_pkey on sbtest8  (cost=0.43..8.46 rows=1 width=10)
	        Index Cond: (id = 7258408)

for index_updates
table 1 : explain UPDATE sbtest1 SET k=k+1 WHERE id=1420552
	Update on sbtest1  (cost=0.43..8.46 rows=0 width=0)
	  ->  Index Scan using sbtest1_pkey on sbtest1  (cost=0.43..8.46 rows=1 width=10)
	        Index Cond: (id = 1420552)

table 2 : explain UPDATE sbtest2 SET k=k+1 WHERE id=6871107
	Update on sbtest2  (cost=0.43..8.46 rows=0 width=0)
	  ->  Index Scan using sbtest2_pkey on sbtest2  (cost=0.43..8.46 rows=1 width=10)
	        Index Cond: (id = 6871107)

table 3 : explain UPDATE sbtest3 SET k=k+1 WHERE id=4873309
	Update on sbtest3  (cost=0.43..8.46 rows=0 width=0)
	  ->  Index Scan using sbtest3_pkey on sbtest3  (cost=0.43..8.46 rows=1 width=10)
	        Index Cond: (id = 4873309)

table 4 : explain UPDATE sbtest4 SET k=k+1 WHERE id=7142152
	Update on sbtest4  (cost=0.43..8.46 rows=0 width=0)
	  ->  Index Scan using sbtest4_pkey on sbtest4  (cost=0.43..8.46 rows=1 width=10)
	        Index Cond: (id = 7142152)

table 5 : explain UPDATE sbtest5 SET k=k+1 WHERE id=4627075
	Update on sbtest5  (cost=0.43..8.46 rows=0 width=0)
	  ->  Index Scan using sbtest5_pkey on sbtest5  (cost=0.43..8.46 rows=1 width=10)
	        Index Cond: (id = 4627075)

table 6 : explain UPDATE sbtest6 SET k=k+1 WHERE id=814005
	Update on sbtest6  (cost=0.43..8.46 rows=0 width=0)
	  ->  Index Scan using sbtest6_pkey on sbtest6  (cost=0.43..8.46 rows=1 width=10)
	        Index Cond: (id = 814005)

table 7 : explain UPDATE sbtest7 SET k=k+1 WHERE id=1584333
	Update on sbtest7  (cost=0.43..8.46 rows=0 width=0)
	  ->  Index Scan using sbtest7_pkey on sbtest7  (cost=0.43..8.46 rows=1 width=10)
	        Index Cond: (id = 1584333)

table 8 : explain UPDATE sbtest8 SET k=k+1 WHERE id=8234066
	Update on sbtest8  (cost=0.43..8.46 rows=0 width=0)
	  ->  Index Scan using sbtest8_pkey on sbtest8  (cost=0.43..8.46 rows=1 width=10)
	        Index Cond: (id = 8234066)

for deletes
table 1 : explain DELETE FROM sbtest1 WHERE id=4170359
	Delete on sbtest1  (cost=0.43..8.45 rows=0 width=0)
	  ->  Index Scan using sbtest1_pkey on sbtest1  (cost=0.43..8.45 rows=1 width=6)
	        Index Cond: (id = 4170359)

table 2 : explain DELETE FROM sbtest2 WHERE id=8122412
	Delete on sbtest2  (cost=0.43..8.45 rows=0 width=0)
	  ->  Index Scan using sbtest2_pkey on sbtest2  (cost=0.43..8.45 rows=1 width=6)
	        Index Cond: (id = 8122412)

table 3 : explain DELETE FROM sbtest3 WHERE id=6543593
	Delete on sbtest3  (cost=0.43..8.45 rows=0 width=0)
	  ->  Index Scan using sbtest3_pkey on sbtest3  (cost=0.43..8.45 rows=1 width=6)
	        Index Cond: (id = 6543593)

table 4 : explain DELETE FROM sbtest4 WHERE id=602275
	Delete on sbtest4  (cost=0.43..8.45 rows=0 width=0)
	  ->  Index Scan using sbtest4_pkey on sbtest4  (cost=0.43..8.45 rows=1 width=6)
	        Index Cond: (id = 602275)

table 5 : explain DELETE FROM sbtest5 WHERE id=2171840
	Delete on sbtest5  (cost=0.43..8.45 rows=0 width=0)
	  ->  Index Scan using sbtest5_pkey on sbtest5  (cost=0.43..8.45 rows=1 width=6)
	        Index Cond: (id = 2171840)

table 6 : explain DELETE FROM sbtest6 WHERE id=4700193
	Delete on sbtest6  (cost=0.43..8.45 rows=0 width=0)
	  ->  Index Scan using sbtest6_pkey on sbtest6  (cost=0.43..8.45 rows=1 width=6)
	        Index Cond: (id = 4700193)

table 7 : explain DELETE FROM sbtest7 WHERE id=3838839
	Delete on sbtest7  (cost=0.43..8.45 rows=0 width=0)
	  ->  Index Scan using sbtest7_pkey on sbtest7  (cost=0.43..8.45 rows=1 width=6)
	        Index Cond: (id = 3838839)

table 8 : explain DELETE FROM sbtest8 WHERE id=3926276
	Delete on sbtest8  (cost=0.43..8.45 rows=0 width=0)
	  ->  Index Scan using sbtest8_pkey on sbtest8  (cost=0.43..8.45 rows=1 width=6)
	        Index Cond: (id = 3926276)

explain: for non_index_updates :: explain UPDATE sbtest%u SET c='foobar' WHERE id=%u
explain: for non_index_updates :: explain UPDATE sbtest%u SET c='foobar' WHERE id=%u
explain: for inserts :: explain INSERT INTO sbtest%u (id, k, c, pad) VALUES (%u, 13, 'foobar', 'foobar')
for non_index_updates
table 1 : explain UPDATE sbtest1 SET c='foobar' WHERE id=1193793
	Update on sbtest1  (cost=0.43..8.45 rows=0 width=0)
	  ->  Index Scan using sbtest1_pkey on sbtest1  (cost=0.43..8.45 rows=1 width=490)
	        Index Cond: (id = 1193793)

table 2 : explain UPDATE sbtest2 SET c='foobar' WHERE id=2989980
	Update on sbtest2  (cost=0.43..8.45 rows=0 width=0)
	  ->  Index Scan using sbtest2_pkey on sbtest2  (cost=0.43..8.45 rows=1 width=490)
	        Index Cond: (id = 2989980)

table 3 : explain UPDATE sbtest3 SET c='foobar' WHERE id=6906128
	Update on sbtest3  (cost=0.43..8.45 rows=0 width=0)
	  ->  Index Scan using sbtest3_pkey on sbtest3  (cost=0.43..8.45 rows=1 width=490)
	        Index Cond: (id = 6906128)

table 4 : explain UPDATE sbtest4 SET c='foobar' WHERE id=6928442
	Update on sbtest4  (cost=0.43..8.45 rows=0 width=0)
	  ->  Index Scan using sbtest4_pkey on sbtest4  (cost=0.43..8.45 rows=1 width=490)
	        Index Cond: (id = 6928442)

table 5 : explain UPDATE sbtest5 SET c='foobar' WHERE id=474133
	Update on sbtest5  (cost=0.43..8.45 rows=0 width=0)
	  ->  Index Scan using sbtest5_pkey on sbtest5  (cost=0.43..8.45 rows=1 width=490)
	        Index Cond: (id = 474133)

table 6 : explain UPDATE sbtest6 SET c='foobar' WHERE id=5375408
	Update on sbtest6  (cost=0.43..8.45 rows=0 width=0)
	  ->  Index Scan using sbtest6_pkey on sbtest6  (cost=0.43..8.45 rows=1 width=490)
	        Index Cond: (id = 5375408)

table 7 : explain UPDATE sbtest7 SET c='foobar' WHERE id=7035352
	Update on sbtest7  (cost=0.43..8.45 rows=0 width=0)
	  ->  Index Scan using sbtest7_pkey on sbtest7  (cost=0.43..8.45 rows=1 width=490)
	        Index Cond: (id = 7035352)

table 8 : explain UPDATE sbtest8 SET c='foobar' WHERE id=619294
	Update on sbtest8  (cost=0.43..8.45 rows=0 width=0)
	  ->  Index Scan using sbtest8_pkey on sbtest8  (cost=0.43..8.45 rows=1 width=490)
	        Index Cond: (id = 619294)

for inserts
table 1 : explain INSERT INTO sbtest1 (id, k, c, pad) VALUES (4631973, 13, 'foobar', 'foobar')
	Insert on sbtest1  (cost=0.00..0.01 rows=0 width=0)
	  ->  Result  (cost=0.00..0.01 rows=1 width=736)

table 2 : explain INSERT INTO sbtest2 (id, k, c, pad) VALUES (6144859, 13, 'foobar', 'foobar')
	Insert on sbtest2  (cost=0.00..0.01 rows=0 width=0)
	  ->  Result  (cost=0.00..0.01 rows=1 width=736)

table 3 : explain INSERT INTO sbtest3 (id, k, c, pad) VALUES (298985, 13, 'foobar', 'foobar')
	Insert on sbtest3  (cost=0.00..0.01 rows=0 width=0)
	  ->  Result  (cost=0.00..0.01 rows=1 width=736)

table 4 : explain INSERT INTO sbtest4 (id, k, c, pad) VALUES (9639053, 13, 'foobar', 'foobar')
	Insert on sbtest4  (cost=0.00..0.01 rows=0 width=0)
	  ->  Result  (cost=0.00..0.01 rows=1 width=736)

table 5 : explain INSERT INTO sbtest5 (id, k, c, pad) VALUES (8706232, 13, 'foobar', 'foobar')
	Insert on sbtest5  (cost=0.00..0.01 rows=0 width=0)
	  ->  Result  (cost=0.00..0.01 rows=1 width=736)

table 6 : explain INSERT INTO sbtest6 (id, k, c, pad) VALUES (2436240, 13, 'foobar', 'foobar')
	Insert on sbtest6  (cost=0.00..0.01 rows=0 width=0)
	  ->  Result  (cost=0.00..0.01 rows=1 width=736)

table 7 : explain INSERT INTO sbtest7 (id, k, c, pad) VALUES (5132053, 13, 'foobar', 'foobar')
	Insert on sbtest7  (cost=0.00..0.01 rows=0 width=0)
	  ->  Result  (cost=0.00..0.01 rows=1 width=736)

table 8 : explain INSERT INTO sbtest8 (id, k, c, pad) VALUES (2789021, 13, 'foobar', 'foobar')
	Insert on sbtest8  (cost=0.00..0.01 rows=0 width=0)
	  ->  Result  (cost=0.00..0.01 rows=1 width=736)

for non_index_updates
table 1 : explain UPDATE sbtest1 SET c='foobar' WHERE id=5310659
	Update on sbtest1  (cost=0.43..8.45 rows=0 width=0)
	  ->  Index Scan using sbtest1_pkey on sbtest1  (cost=0.43..8.45 rows=1 width=490)
	        Index Cond: (id = 5310659)

table 2 : explain UPDATE sbtest2 SET c='foobar' WHERE id=9812247
	Update on sbtest2  (cost=0.43..8.45 rows=0 width=0)
	  ->  Index Scan using sbtest2_pkey on sbtest2  (cost=0.43..8.45 rows=1 width=490)
	        Index Cond: (id = 9812247)

table 3 : explain UPDATE sbtest3 SET c='foobar' WHERE id=6076560
	Update on sbtest3  (cost=0.43..8.45 rows=0 width=0)
	  ->  Index Scan using sbtest3_pkey on sbtest3  (cost=0.43..8.45 rows=1 width=490)
	        Index Cond: (id = 6076560)

table 4 : explain UPDATE sbtest4 SET c='foobar' WHERE id=5731304
	Update on sbtest4  (cost=0.43..8.45 rows=0 width=0)
	  ->  Index Scan using sbtest4_pkey on sbtest4  (cost=0.43..8.45 rows=1 width=490)
	        Index Cond: (id = 5731304)

table 5 : explain UPDATE sbtest5 SET c='foobar' WHERE id=8233391
	Update on sbtest5  (cost=0.43..8.45 rows=0 width=0)
	  ->  Index Scan using sbtest5_pkey on sbtest5  (cost=0.43..8.45 rows=1 width=490)
	        Index Cond: (id = 8233391)

table 6 : explain UPDATE sbtest6 SET c='foobar' WHERE id=3912751
	Update on sbtest6  (cost=0.43..8.45 rows=0 width=0)
	  ->  Index Scan using sbtest6_pkey on sbtest6  (cost=0.43..8.45 rows=1 width=490)
	        Index Cond: (id = 3912751)

table 7 : explain UPDATE sbtest7 SET c='foobar' WHERE id=3170264
	Update on sbtest7  (cost=0.43..8.45 rows=0 width=0)
	  ->  Index Scan using sbtest7_pkey on sbtest7  (cost=0.43..8.45 rows=1 width=490)
	        Index Cond: (id = 3170264)

table 8 : explain UPDATE sbtest8 SET c='foobar' WHERE id=5150871
	Update on sbtest8  (cost=0.43..8.45 rows=0 width=0)
	  ->  Index Scan using sbtest8_pkey on sbtest8  (cost=0.43..8.45 rows=1 width=490)
	        Index Cond: (id = 5150871)

explain: for deletes :: explain DELETE FROM sbtest%u WHERE id=%u
explain: for deletes :: explain DELETE FROM sbtest%u WHERE id=%u
for deletes
table 1 : explain DELETE FROM sbtest1 WHERE id=1263399
	Delete on sbtest1  (cost=0.43..8.45 rows=0 width=0)
	  ->  Index Scan using sbtest1_pkey on sbtest1  (cost=0.43..8.45 rows=1 width=6)
	        Index Cond: (id = 1263399)

table 2 : explain DELETE FROM sbtest2 WHERE id=7866644
	Delete on sbtest2  (cost=0.43..8.45 rows=0 width=0)
	  ->  Index Scan using sbtest2_pkey on sbtest2  (cost=0.43..8.45 rows=1 width=6)
	        Index Cond: (id = 7866644)

table 3 : explain DELETE FROM sbtest3 WHERE id=6338614
	Delete on sbtest3  (cost=0.43..8.45 rows=0 width=0)
	  ->  Index Scan using sbtest3_pkey on sbtest3  (cost=0.43..8.45 rows=1 width=6)
	        Index Cond: (id = 6338614)

table 4 : explain DELETE FROM sbtest4 WHERE id=5861046
	Delete on sbtest4  (cost=0.43..8.45 rows=0 width=0)
	  ->  Index Scan using sbtest4_pkey on sbtest4  (cost=0.43..8.45 rows=1 width=6)
	        Index Cond: (id = 5861046)

table 5 : explain DELETE FROM sbtest5 WHERE id=6647731
	Delete on sbtest5  (cost=0.43..8.45 rows=0 width=0)
	  ->  Index Scan using sbtest5_pkey on sbtest5  (cost=0.43..8.45 rows=1 width=6)
	        Index Cond: (id = 6647731)

table 6 : explain DELETE FROM sbtest6 WHERE id=1222530
	Delete on sbtest6  (cost=0.43..8.45 rows=0 width=0)
	  ->  Index Scan using sbtest6_pkey on sbtest6  (cost=0.43..8.45 rows=1 width=6)
	        Index Cond: (id = 1222530)

table 7 : explain DELETE FROM sbtest7 WHERE id=7449423
	Delete on sbtest7  (cost=0.43..8.45 rows=0 width=0)
	  ->  Index Scan using sbtest7_pkey on sbtest7  (cost=0.43..8.45 rows=1 width=6)
	        Index Cond: (id = 7449423)

table 8 : explain DELETE FROM sbtest8 WHERE id=3537416
	Delete on sbtest8  (cost=0.43..8.45 rows=0 width=0)
	  ->  Index Scan using sbtest8_pkey on sbtest8  (cost=0.43..8.45 rows=1 width=6)
	        Index Cond: (id = 3537416)

for deletes
table 1 : explain DELETE FROM sbtest1 WHERE id=7700808
	Delete on sbtest1  (cost=0.43..8.45 rows=0 width=0)
	  ->  Index Scan using sbtest1_pkey on sbtest1  (cost=0.43..8.45 rows=1 width=6)
	        Index Cond: (id = 7700808)

table 2 : explain DELETE FROM sbtest2 WHERE id=5885147
	Delete on sbtest2  (cost=0.43..8.45 rows=0 width=0)
	  ->  Index Scan using sbtest2_pkey on sbtest2  (cost=0.43..8.45 rows=1 width=6)
	        Index Cond: (id = 5885147)

table 3 : explain DELETE FROM sbtest3 WHERE id=6305799
	Delete on sbtest3  (cost=0.43..8.45 rows=0 width=0)
	  ->  Index Scan using sbtest3_pkey on sbtest3  (cost=0.43..8.45 rows=1 width=6)
	        Index Cond: (id = 6305799)

table 4 : explain DELETE FROM sbtest4 WHERE id=9118894
	Delete on sbtest4  (cost=0.43..8.45 rows=0 width=0)
	  ->  Index Scan using sbtest4_pkey on sbtest4  (cost=0.43..8.45 rows=1 width=6)
	        Index Cond: (id = 9118894)

table 5 : explain DELETE FROM sbtest5 WHERE id=7329836
	Delete on sbtest5  (cost=0.43..8.45 rows=0 width=0)
	  ->  Index Scan using sbtest5_pkey on sbtest5  (cost=0.43..8.45 rows=1 width=6)
	        Index Cond: (id = 7329836)

table 6 : explain DELETE FROM sbtest6 WHERE id=1221223
	Delete on sbtest6  (cost=0.43..8.45 rows=0 width=0)
	  ->  Index Scan using sbtest6_pkey on sbtest6  (cost=0.43..8.45 rows=1 width=6)
	        Index Cond: (id = 1221223)

table 7 : explain DELETE FROM sbtest7 WHERE id=2463922
	Delete on sbtest7  (cost=0.43..8.45 rows=0 width=0)
	  ->  Index Scan using sbtest7_pkey on sbtest7  (cost=0.43..8.45 rows=1 width=6)
	        Index Cond: (id = 2463922)

table 8 : explain DELETE FROM sbtest8 WHERE id=9920139
	Delete on sbtest8  (cost=0.43..8.45 rows=0 width=0)
	  ->  Index Scan using sbtest8_pkey on sbtest8  (cost=0.43..8.45 rows=1 width=6)
	        Index Cond: (id = 9920139)

explain: for inserts :: explain INSERT INTO sbtest%u (id, k, c, pad) VALUES (%u, 13, 'foobar', 'foobar')
explain: for inserts :: explain INSERT INTO sbtest%u (id, k, c, pad) VALUES (%u, 13, 'foobar', 'foobar')
for inserts
table 1 : explain INSERT INTO sbtest1 (id, k, c, pad) VALUES (8898805, 13, 'foobar', 'foobar')
	Insert on sbtest1  (cost=0.00..0.01 rows=0 width=0)
	  ->  Result  (cost=0.00..0.01 rows=1 width=736)

table 2 : explain INSERT INTO sbtest2 (id, k, c, pad) VALUES (7191322, 13, 'foobar', 'foobar')
	Insert on sbtest2  (cost=0.00..0.01 rows=0 width=0)
	  ->  Result  (cost=0.00..0.01 rows=1 width=736)

table 3 : explain INSERT INTO sbtest3 (id, k, c, pad) VALUES (7154094, 13, 'foobar', 'foobar')
	Insert on sbtest3  (cost=0.00..0.01 rows=0 width=0)
	  ->  Result  (cost=0.00..0.01 rows=1 width=736)

table 4 : explain INSERT INTO sbtest4 (id, k, c, pad) VALUES (2975566, 13, 'foobar', 'foobar')
	Insert on sbtest4  (cost=0.00..0.01 rows=0 width=0)
	  ->  Result  (cost=0.00..0.01 rows=1 width=736)

table 5 : explain INSERT INTO sbtest5 (id, k, c, pad) VALUES (1430737, 13, 'foobar', 'foobar')
	Insert on sbtest5  (cost=0.00..0.01 rows=0 width=0)
	  ->  Result  (cost=0.00..0.01 rows=1 width=736)

table 6 : explain INSERT INTO sbtest6 (id, k, c, pad) VALUES (7425616, 13, 'foobar', 'foobar')
	Insert on sbtest6  (cost=0.00..0.01 rows=0 width=0)
	  ->  Result  (cost=0.00..0.01 rows=1 width=736)

table 7 : explain INSERT INTO sbtest7 (id, k, c, pad) VALUES (4723753, 13, 'foobar', 'foobar')
	Insert on sbtest7  (cost=0.00..0.01 rows=0 width=0)
	  ->  Result  (cost=0.00..0.01 rows=1 width=736)

table 8 : explain INSERT INTO sbtest8 (id, k, c, pad) VALUES (657888, 13, 'foobar', 'foobar')
	Insert on sbtest8  (cost=0.00..0.01 rows=0 width=0)
	  ->  Result  (cost=0.00..0.01 rows=1 width=736)

for inserts
table 1 : explain INSERT INTO sbtest1 (id, k, c, pad) VALUES (9299669, 13, 'foobar', 'foobar')
	Insert on sbtest1  (cost=0.00..0.01 rows=0 width=0)
	  ->  Result  (cost=0.00..0.01 rows=1 width=736)

table 2 : explain INSERT INTO sbtest2 (id, k, c, pad) VALUES (5289789, 13, 'foobar', 'foobar')
	Insert on sbtest2  (cost=0.00..0.01 rows=0 width=0)
	  ->  Result  (cost=0.00..0.01 rows=1 width=736)

table 3 : explain INSERT INTO sbtest3 (id, k, c, pad) VALUES (9943956, 13, 'foobar', 'foobar')
	Insert on sbtest3  (cost=0.00..0.01 rows=0 width=0)
	  ->  Result  (cost=0.00..0.01 rows=1 width=736)

table 4 : explain INSERT INTO sbtest4 (id, k, c, pad) VALUES (1529335, 13, 'foobar', 'foobar')
	Insert on sbtest4  (cost=0.00..0.01 rows=0 width=0)
	  ->  Result  (cost=0.00..0.01 rows=1 width=736)

table 5 : explain INSERT INTO sbtest5 (id, k, c, pad) VALUES (9677070, 13, 'foobar', 'foobar')
	Insert on sbtest5  (cost=0.00..0.01 rows=0 width=0)
	  ->  Result  (cost=0.00..0.01 rows=1 width=736)

table 6 : explain INSERT INTO sbtest6 (id, k, c, pad) VALUES (9308825, 13, 'foobar', 'foobar')
	Insert on sbtest6  (cost=0.00..0.01 rows=0 width=0)
	  ->  Result  (cost=0.00..0.01 rows=1 width=736)

table 7 : explain INSERT INTO sbtest7 (id, k, c, pad) VALUES (6971354, 13, 'foobar', 'foobar')
	Insert on sbtest7  (cost=0.00..0.01 rows=0 width=0)
	  ->  Result  (cost=0.00..0.01 rows=1 width=736)

table 8 : explain INSERT INTO sbtest8 (id, k, c, pad) VALUES (1748367, 13, 'foobar', 'foobar')
	Insert on sbtest8  (cost=0.00..0.01 rows=0 width=0)
	  ->  Result  (cost=0.00..0.01 rows=1 width=736)

explain: for index_updates :: explain UPDATE sbtest%u SET k=k+1 WHERE id=%u
explain: for index_updates :: explain UPDATE sbtest%u SET k=k+1 WHERE id=%u
explain: for index_updates :: explain UPDATE sbtest%u SET k=k+1 WHERE id=%u
explain: for index_updates :: explain UPDATE sbtest%u SET k=k+1 WHERE id=%u
for index_updates
table 1 : explain UPDATE sbtest1 SET k=k+1 WHERE id=587889
	Update on sbtest1  (cost=0.43..8.46 rows=0 width=0)
	  ->  Index Scan using sbtest1_pkey on sbtest1  (cost=0.43..8.46 rows=1 width=10)
	        Index Cond: (id = 587889)

table 2 : explain UPDATE sbtest2 SET k=k+1 WHERE id=1660485
	Update on sbtest2  (cost=0.43..8.46 rows=0 width=0)
	  ->  Index Scan using sbtest2_pkey on sbtest2  (cost=0.43..8.46 rows=1 width=10)
	        Index Cond: (id = 1660485)

table 3 : explain UPDATE sbtest3 SET k=k+1 WHERE id=511945
	Update on sbtest3  (cost=0.43..8.46 rows=0 width=0)
	  ->  Index Scan using sbtest3_pkey on sbtest3  (cost=0.43..8.46 rows=1 width=10)
	        Index Cond: (id = 511945)

table 4 : explain UPDATE sbtest4 SET k=k+1 WHERE id=1531254
	Update on sbtest4  (cost=0.43..8.46 rows=0 width=0)
	  ->  Index Scan using sbtest4_pkey on sbtest4  (cost=0.43..8.46 rows=1 width=10)
	        Index Cond: (id = 1531254)

table 5 : explain UPDATE sbtest5 SET k=k+1 WHERE id=2519136
	Update on sbtest5  (cost=0.43..8.46 rows=0 width=0)
	  ->  Index Scan using sbtest5_pkey on sbtest5  (cost=0.43..8.46 rows=1 width=10)
	        Index Cond: (id = 2519136)

table 6 : explain UPDATE sbtest6 SET k=k+1 WHERE id=7716119
	Update on sbtest6  (cost=0.43..8.46 rows=0 width=0)
	  ->  Index Scan using sbtest6_pkey on sbtest6  (cost=0.43..8.46 rows=1 width=10)
	        Index Cond: (id = 7716119)

table 7 : explain UPDATE sbtest7 SET k=k+1 WHERE id=1428926
	Update on sbtest7  (cost=0.43..8.46 rows=0 width=0)
	  ->  Index Scan using sbtest7_pkey on sbtest7  (cost=0.43..8.46 rows=1 width=10)
	        Index Cond: (id = 1428926)

table 8 : explain UPDATE sbtest8 SET k=k+1 WHERE id=4267442
	Update on sbtest8  (cost=0.43..8.46 rows=0 width=0)
	  ->  Index Scan using sbtest8_pkey on sbtest8  (cost=0.43..8.46 rows=1 width=10)
	        Index Cond: (id = 4267442)

explain: for non_index_updates :: explain UPDATE sbtest%u SET c='foobar' WHERE id=%u
for index_updates
table 1 : explain UPDATE sbtest1 SET k=k+1 WHERE id=8967041
	Update on sbtest1  (cost=0.43..8.46 rows=0 width=0)
	  ->  Index Scan using sbtest1_pkey on sbtest1  (cost=0.43..8.46 rows=1 width=10)
	        Index Cond: (id = 8967041)

table 2 : explain UPDATE sbtest2 SET k=k+1 WHERE id=8074816
	Update on sbtest2  (cost=0.43..8.46 rows=0 width=0)
	  ->  Index Scan using sbtest2_pkey on sbtest2  (cost=0.43..8.46 rows=1 width=10)
	        Index Cond: (id = 8074816)

table 3 : explain UPDATE sbtest3 SET k=k+1 WHERE id=9251431
	Update on sbtest3  (cost=0.43..8.46 rows=0 width=0)
	  ->  Index Scan using sbtest3_pkey on sbtest3  (cost=0.43..8.46 rows=1 width=10)
	        Index Cond: (id = 9251431)

table 4 : explain UPDATE sbtest4 SET k=k+1 WHERE id=5873233
	Update on sbtest4  (cost=0.43..8.46 rows=0 width=0)
	  ->  Index Scan using sbtest4_pkey on sbtest4  (cost=0.43..8.46 rows=1 width=10)
	        Index Cond: (id = 5873233)

table 5 : explain UPDATE sbtest5 SET k=k+1 WHERE id=8826471
	Update on sbtest5  (cost=0.43..8.46 rows=0 width=0)
	  ->  Index Scan using sbtest5_pkey on sbtest5  (cost=0.43..8.46 rows=1 width=10)
	        Index Cond: (id = 8826471)

table 6 : explain UPDATE sbtest6 SET k=k+1 WHERE id=5334084
	Update on sbtest6  (cost=0.43..8.46 rows=0 width=0)
	  ->  Index Scan using sbtest6_pkey on sbtest6  (cost=0.43..8.46 rows=1 width=10)
	        Index Cond: (id = 5334084)

table 7 : explain UPDATE sbtest7 SET k=k+1 WHERE id=4279975
	Update on sbtest7  (cost=0.43..8.46 rows=0 width=0)
	  ->  Index Scan using sbtest7_pkey on sbtest7  (cost=0.43..8.46 rows=1 width=10)
	        Index Cond: (id = 4279975)

table 8 : explain UPDATE sbtest8 SET k=k+1 WHERE id=8147776
	Update on sbtest8  (cost=0.43..8.46 rows=0 width=0)
	  ->  Index Scan using sbtest8_pkey on sbtest8  (cost=0.43..8.46 rows=1 width=10)
	        Index Cond: (id = 8147776)

for index_updates
table 1 : explain UPDATE sbtest1 SET k=k+1 WHERE id=6086682
	Update on sbtest1  (cost=0.43..8.46 rows=0 width=0)
	  ->  Index Scan using sbtest1_pkey on sbtest1  (cost=0.43..8.46 rows=1 width=10)
	        Index Cond: (id = 6086682)

table 2 : explain UPDATE sbtest2 SET k=k+1 WHERE id=6647304
	Update on sbtest2  (cost=0.43..8.46 rows=0 width=0)
	  ->  Index Scan using sbtest2_pkey on sbtest2  (cost=0.43..8.46 rows=1 width=10)
	        Index Cond: (id = 6647304)

table 3 : explain UPDATE sbtest3 SET k=k+1 WHERE id=6007285
	Update on sbtest3  (cost=0.43..8.46 rows=0 width=0)
	  ->  Index Scan using sbtest3_pkey on sbtest3  (cost=0.43..8.46 rows=1 width=10)
	        Index Cond: (id = 6007285)

table 4 : explain UPDATE sbtest4 SET k=k+1 WHERE id=3131659
	Update on sbtest4  (cost=0.43..8.46 rows=0 width=0)
	  ->  Index Scan using sbtest4_pkey on sbtest4  (cost=0.43..8.46 rows=1 width=10)
	        Index Cond: (id = 3131659)

table 5 : explain UPDATE sbtest5 SET k=k+1 WHERE id=2180944
	Update on sbtest5  (cost=0.43..8.46 rows=0 width=0)
	  ->  Index Scan using sbtest5_pkey on sbtest5  (cost=0.43..8.46 rows=1 width=10)
	        Index Cond: (id = 2180944)

table 6 : explain UPDATE sbtest6 SET k=k+1 WHERE id=1859417
	Update on sbtest6  (cost=0.43..8.46 rows=0 width=0)
	  ->  Index Scan using sbtest6_pkey on sbtest6  (cost=0.43..8.46 rows=1 width=10)
	        Index Cond: (id = 1859417)

table 7 : explain UPDATE sbtest7 SET k=k+1 WHERE id=1571209
	Update on sbtest7  (cost=0.43..8.46 rows=0 width=0)
	  ->  Index Scan using sbtest7_pkey on sbtest7  (cost=0.43..8.46 rows=1 width=10)
	        Index Cond: (id = 1571209)

table 8 : explain UPDATE sbtest8 SET k=k+1 WHERE id=7242385
	Update on sbtest8  (cost=0.43..8.46 rows=0 width=0)
	  ->  Index Scan using sbtest8_pkey on sbtest8  (cost=0.43..8.46 rows=1 width=10)
	        Index Cond: (id = 7242385)

explain: for non_index_updates :: explain UPDATE sbtest%u SET c='foobar' WHERE id=%u
for index_updates
table 1 : explain UPDATE sbtest1 SET k=k+1 WHERE id=6869008
	Update on sbtest1  (cost=0.43..8.46 rows=0 width=0)
	  ->  Index Scan using sbtest1_pkey on sbtest1  (cost=0.43..8.46 rows=1 width=10)
	        Index Cond: (id = 6869008)

table 2 : explain UPDATE sbtest2 SET k=k+1 WHERE id=7391141
	Update on sbtest2  (cost=0.43..8.46 rows=0 width=0)
	  ->  Index Scan using sbtest2_pkey on sbtest2  (cost=0.43..8.46 rows=1 width=10)
	        Index Cond: (id = 7391141)

table 3 : explain UPDATE sbtest3 SET k=k+1 WHERE id=3943435
	Update on sbtest3  (cost=0.43..8.46 rows=0 width=0)
	  ->  Index Scan using sbtest3_pkey on sbtest3  (cost=0.43..8.46 rows=1 width=10)
	        Index Cond: (id = 3943435)

table 4 : explain UPDATE sbtest4 SET k=k+1 WHERE id=9722401
	Update on sbtest4  (cost=0.43..8.46 rows=0 width=0)
	  ->  Index Scan using sbtest4_pkey on sbtest4  (cost=0.43..8.46 rows=1 width=10)
	        Index Cond: (id = 9722401)

table 5 : explain UPDATE sbtest5 SET k=k+1 WHERE id=7655008
	Update on sbtest5  (cost=0.43..8.46 rows=0 width=0)
	  ->  Index Scan using sbtest5_pkey on sbtest5  (cost=0.43..8.46 rows=1 width=10)
	        Index Cond: (id = 7655008)

table 6 : explain UPDATE sbtest6 SET k=k+1 WHERE id=7778891
	Update on sbtest6  (cost=0.43..8.46 rows=0 width=0)
	  ->  Index Scan using sbtest6_pkey on sbtest6  (cost=0.43..8.46 rows=1 width=10)
	        Index Cond: (id = 7778891)

table 7 : explain UPDATE sbtest7 SET k=k+1 WHERE id=545661
	Update on sbtest7  (cost=0.43..8.46 rows=0 width=0)
	  ->  Index Scan using sbtest7_pkey on sbtest7  (cost=0.43..8.46 rows=1 width=10)
	        Index Cond: (id = 545661)

table 8 : explain UPDATE sbtest8 SET k=k+1 WHERE id=9393889
	Update on sbtest8  (cost=0.43..8.46 rows=0 width=0)
	  ->  Index Scan using sbtest8_pkey on sbtest8  (cost=0.43..8.46 rows=1 width=10)
	        Index Cond: (id = 9393889)

for non_index_updates
table 1 : explain UPDATE sbtest1 SET c='foobar' WHERE id=7390685
	Update on sbtest1  (cost=0.43..8.45 rows=0 width=0)
	  ->  Index Scan using sbtest1_pkey on sbtest1  (cost=0.43..8.45 rows=1 width=490)
	        Index Cond: (id = 7390685)

table 2 : explain UPDATE sbtest2 SET c='foobar' WHERE id=1549668
	Update on sbtest2  (cost=0.43..8.45 rows=0 width=0)
	  ->  Index Scan using sbtest2_pkey on sbtest2  (cost=0.43..8.45 rows=1 width=490)
	        Index Cond: (id = 1549668)

table 3 : explain UPDATE sbtest3 SET c='foobar' WHERE id=3406952
	Update on sbtest3  (cost=0.43..8.45 rows=0 width=0)
	  ->  Index Scan using sbtest3_pkey on sbtest3  (cost=0.43..8.45 rows=1 width=490)
	        Index Cond: (id = 3406952)

table 4 : explain UPDATE sbtest4 SET c='foobar' WHERE id=8559842
	Update on sbtest4  (cost=0.43..8.45 rows=0 width=0)
	  ->  Index Scan using sbtest4_pkey on sbtest4  (cost=0.43..8.45 rows=1 width=490)
	        Index Cond: (id = 8559842)

table 5 : explain UPDATE sbtest5 SET c='foobar' WHERE id=1202441
	Update on sbtest5  (cost=0.43..8.45 rows=0 width=0)
	  ->  Index Scan using sbtest5_pkey on sbtest5  (cost=0.43..8.45 rows=1 width=490)
	        Index Cond: (id = 1202441)

table 6 : explain UPDATE sbtest6 SET c='foobar' WHERE id=6298834
	Update on sbtest6  (cost=0.43..8.45 rows=0 width=0)
	  ->  Index Scan using sbtest6_pkey on sbtest6  (cost=0.43..8.45 rows=1 width=490)
	        Index Cond: (id = 6298834)

table 7 : explain UPDATE sbtest7 SET c='foobar' WHERE id=6216693
	Update on sbtest7  (cost=0.43..8.45 rows=0 width=0)
	  ->  Index Scan using sbtest7_pkey on sbtest7  (cost=0.43..8.45 rows=1 width=490)
	        Index Cond: (id = 6216693)

table 8 : explain UPDATE sbtest8 SET c='foobar' WHERE id=9391662
	Update on sbtest8  (cost=0.43..8.45 rows=0 width=0)
	  ->  Index Scan using sbtest8_pkey on sbtest8  (cost=0.43..8.45 rows=1 width=490)
	        Index Cond: (id = 9391662)

explain: for non_index_updates :: explain UPDATE sbtest%u SET c='foobar' WHERE id=%u
explain: for non_index_updates :: explain UPDATE sbtest%u SET c='foobar' WHERE id=%u
explain: for deletes :: explain DELETE FROM sbtest%u WHERE id=%u
for non_index_updates
table 1 : explain UPDATE sbtest1 SET c='foobar' WHERE id=904067
	Update on sbtest1  (cost=0.43..8.45 rows=0 width=0)
	  ->  Index Scan using sbtest1_pkey on sbtest1  (cost=0.43..8.45 rows=1 width=490)
	        Index Cond: (id = 904067)

table 2 : explain UPDATE sbtest2 SET c='foobar' WHERE id=9138756
	Update on sbtest2  (cost=0.43..8.45 rows=0 width=0)
	  ->  Index Scan using sbtest2_pkey on sbtest2  (cost=0.43..8.45 rows=1 width=490)
	        Index Cond: (id = 9138756)

table 3 : explain UPDATE sbtest3 SET c='foobar' WHERE id=5652338
	Update on sbtest3  (cost=0.43..8.45 rows=0 width=0)
	  ->  Index Scan using sbtest3_pkey on sbtest3  (cost=0.43..8.45 rows=1 width=490)
	        Index Cond: (id = 5652338)

table 4 : explain UPDATE sbtest4 SET c='foobar' WHERE id=476950
	Update on sbtest4  (cost=0.43..8.45 rows=0 width=0)
	  ->  Index Scan using sbtest4_pkey on sbtest4  (cost=0.43..8.45 rows=1 width=490)
	        Index Cond: (id = 476950)

table 5 : explain UPDATE sbtest5 SET c='foobar' WHERE id=6469831
	Update on sbtest5  (cost=0.43..8.45 rows=0 width=0)
	  ->  Index Scan using sbtest5_pkey on sbtest5  (cost=0.43..8.45 rows=1 width=490)
	        Index Cond: (id = 6469831)

table 6 : explain UPDATE sbtest6 SET c='foobar' WHERE id=1325305
	Update on sbtest6  (cost=0.43..8.45 rows=0 width=0)
	  ->  Index Scan using sbtest6_pkey on sbtest6  (cost=0.43..8.45 rows=1 width=490)
	        Index Cond: (id = 1325305)

table 7 : explain UPDATE sbtest7 SET c='foobar' WHERE id=8416711
	Update on sbtest7  (cost=0.43..8.45 rows=0 width=0)
	  ->  Index Scan using sbtest7_pkey on sbtest7  (cost=0.43..8.45 rows=1 width=490)
	        Index Cond: (id = 8416711)

table 8 : explain UPDATE sbtest8 SET c='foobar' WHERE id=5299338
	Update on sbtest8  (cost=0.43..8.45 rows=0 width=0)
	  ->  Index Scan using sbtest8_pkey on sbtest8  (cost=0.43..8.45 rows=1 width=490)
	        Index Cond: (id = 5299338)

explain: for deletes :: explain DELETE FROM sbtest%u WHERE id=%u
for non_index_updates
table 1 : explain UPDATE sbtest1 SET c='foobar' WHERE id=6506186
	Update on sbtest1  (cost=0.43..8.45 rows=0 width=0)
	  ->  Index Scan using sbtest1_pkey on sbtest1  (cost=0.43..8.45 rows=1 width=490)
	        Index Cond: (id = 6506186)

table 2 : explain UPDATE sbtest2 SET c='foobar' WHERE id=8360807
	Update on sbtest2  (cost=0.43..8.45 rows=0 width=0)
	  ->  Index Scan using sbtest2_pkey on sbtest2  (cost=0.43..8.45 rows=1 width=490)
	        Index Cond: (id = 8360807)

table 3 : explain UPDATE sbtest3 SET c='foobar' WHERE id=9197453
	Update on sbtest3  (cost=0.43..8.45 rows=0 width=0)
	  ->  Index Scan using sbtest3_pkey on sbtest3  (cost=0.43..8.45 rows=1 width=490)
	        Index Cond: (id = 9197453)

table 4 : explain UPDATE sbtest4 SET c='foobar' WHERE id=4450003
	Update on sbtest4  (cost=0.43..8.45 rows=0 width=0)
	  ->  Index Scan using sbtest4_pkey on sbtest4  (cost=0.43..8.45 rows=1 width=490)
	        Index Cond: (id = 4450003)

table 5 : explain UPDATE sbtest5 SET c='foobar' WHERE id=5819846
	Update on sbtest5  (cost=0.43..8.45 rows=0 width=0)
	  ->  Index Scan using sbtest5_pkey on sbtest5  (cost=0.43..8.45 rows=1 width=490)
	        Index Cond: (id = 5819846)

table 6 : explain UPDATE sbtest6 SET c='foobar' WHERE id=1115725
	Update on sbtest6  (cost=0.43..8.45 rows=0 width=0)
	  ->  Index Scan using sbtest6_pkey on sbtest6  (cost=0.43..8.45 rows=1 width=490)
	        Index Cond: (id = 1115725)

table 7 : explain UPDATE sbtest7 SET c='foobar' WHERE id=9663661
	Update on sbtest7  (cost=0.43..8.45 rows=0 width=0)
	  ->  Index Scan using sbtest7_pkey on sbtest7  (cost=0.43..8.45 rows=1 width=490)
	        Index Cond: (id = 9663661)

table 8 : explain UPDATE sbtest8 SET c='foobar' WHERE id=2602999
	Update on sbtest8  (cost=0.43..8.45 rows=0 width=0)
	  ->  Index Scan using sbtest8_pkey on sbtest8  (cost=0.43..8.45 rows=1 width=490)
	        Index Cond: (id = 2602999)

for deletes
table 1 : explain DELETE FROM sbtest1 WHERE id=830131
	Delete on sbtest1  (cost=0.43..8.45 rows=0 width=0)
	  ->  Index Scan using sbtest1_pkey on sbtest1  (cost=0.43..8.45 rows=1 width=6)
	        Index Cond: (id = 830131)

table 2 : explain DELETE FROM sbtest2 WHERE id=6179373
	Delete on sbtest2  (cost=0.43..8.45 rows=0 width=0)
	  ->  Index Scan using sbtest2_pkey on sbtest2  (cost=0.43..8.45 rows=1 width=6)
	        Index Cond: (id = 6179373)

table 3 : explain DELETE FROM sbtest3 WHERE id=1147970
	Delete on sbtest3  (cost=0.43..8.45 rows=0 width=0)
	  ->  Index Scan using sbtest3_pkey on sbtest3  (cost=0.43..8.45 rows=1 width=6)
	        Index Cond: (id = 1147970)

table 4 : explain DELETE FROM sbtest4 WHERE id=3550302
	Delete on sbtest4  (cost=0.43..8.45 rows=0 width=0)
	  ->  Index Scan using sbtest4_pkey on sbtest4  (cost=0.43..8.45 rows=1 width=6)
	        Index Cond: (id = 3550302)

table 5 : explain DELETE FROM sbtest5 WHERE id=3967437
	Delete on sbtest5  (cost=0.43..8.45 rows=0 width=0)
	  ->  Index Scan using sbtest5_pkey on sbtest5  (cost=0.43..8.45 rows=1 width=6)
	        Index Cond: (id = 3967437)

table 6 : explain DELETE FROM sbtest6 WHERE id=7363179
	Delete on sbtest6  (cost=0.43..8.45 rows=0 width=0)
	  ->  Index Scan using sbtest6_pkey on sbtest6  (cost=0.43..8.45 rows=1 width=6)
	        Index Cond: (id = 7363179)

table 7 : explain DELETE FROM sbtest7 WHERE id=1937595
	Delete on sbtest7  (cost=0.43..8.45 rows=0 width=0)
	  ->  Index Scan using sbtest7_pkey on sbtest7  (cost=0.43..8.45 rows=1 width=6)
	        Index Cond: (id = 1937595)

table 8 : explain DELETE FROM sbtest8 WHERE id=4418854
	Delete on sbtest8  (cost=0.43..8.45 rows=0 width=0)
	  ->  Index Scan using sbtest8_pkey on sbtest8  (cost=0.43..8.45 rows=1 width=6)
	        Index Cond: (id = 4418854)

for non_index_updates
table 1 : explain UPDATE sbtest1 SET c='foobar' WHERE id=2542267
	Update on sbtest1  (cost=0.43..8.45 rows=0 width=0)
	  ->  Index Scan using sbtest1_pkey on sbtest1  (cost=0.43..8.45 rows=1 width=490)
	        Index Cond: (id = 2542267)

table 2 : explain UPDATE sbtest2 SET c='foobar' WHERE id=5202876
	Update on sbtest2  (cost=0.43..8.45 rows=0 width=0)
	  ->  Index Scan using sbtest2_pkey on sbtest2  (cost=0.43..8.45 rows=1 width=490)
	        Index Cond: (id = 5202876)

table 3 : explain UPDATE sbtest3 SET c='foobar' WHERE id=8657008
	Update on sbtest3  (cost=0.43..8.45 rows=0 width=0)
	  ->  Index Scan using sbtest3_pkey on sbtest3  (cost=0.43..8.45 rows=1 width=490)
	        Index Cond: (id = 8657008)

table 4 : explain UPDATE sbtest4 SET c='foobar' WHERE id=5224025
	Update on sbtest4  (cost=0.43..8.45 rows=0 width=0)
	  ->  Index Scan using sbtest4_pkey on sbtest4  (cost=0.43..8.45 rows=1 width=490)
	        Index Cond: (id = 5224025)

table 5 : explain UPDATE sbtest5 SET c='foobar' WHERE id=37219
	Update on sbtest5  (cost=0.43..8.45 rows=0 width=0)
	  ->  Index Scan using sbtest5_pkey on sbtest5  (cost=0.43..8.45 rows=1 width=490)
	        Index Cond: (id = 37219)

table 6 : explain UPDATE sbtest6 SET c='foobar' WHERE id=3268618
	Update on sbtest6  (cost=0.43..8.45 rows=0 width=0)
	  ->  Index Scan using sbtest6_pkey on sbtest6  (cost=0.43..8.45 rows=1 width=490)
	        Index Cond: (id = 3268618)

table 7 : explain UPDATE sbtest7 SET c='foobar' WHERE id=8186916
	Update on sbtest7  (cost=0.43..8.45 rows=0 width=0)
	  ->  Index Scan using sbtest7_pkey on sbtest7  (cost=0.43..8.45 rows=1 width=490)
	        Index Cond: (id = 8186916)

table 8 : explain UPDATE sbtest8 SET c='foobar' WHERE id=2307230
	Update on sbtest8  (cost=0.43..8.45 rows=0 width=0)
	  ->  Index Scan using sbtest8_pkey on sbtest8  (cost=0.43..8.45 rows=1 width=490)
	        Index Cond: (id = 2307230)

explain: for deletes :: explain DELETE FROM sbtest%u WHERE id=%u
explain: for deletes :: explain DELETE FROM sbtest%u WHERE id=%u
for deletes
table 1 : explain DELETE FROM sbtest1 WHERE id=910853
	Delete on sbtest1  (cost=0.43..8.45 rows=0 width=0)
	  ->  Index Scan using sbtest1_pkey on sbtest1  (cost=0.43..8.45 rows=1 width=6)
	        Index Cond: (id = 910853)

table 2 : explain DELETE FROM sbtest2 WHERE id=2457787
	Delete on sbtest2  (cost=0.43..8.45 rows=0 width=0)
	  ->  Index Scan using sbtest2_pkey on sbtest2  (cost=0.43..8.45 rows=1 width=6)
	        Index Cond: (id = 2457787)

table 3 : explain DELETE FROM sbtest3 WHERE id=1192363
	Delete on sbtest3  (cost=0.43..8.45 rows=0 width=0)
	  ->  Index Scan using sbtest3_pkey on sbtest3  (cost=0.43..8.45 rows=1 width=6)
	        Index Cond: (id = 1192363)

table 4 : explain DELETE FROM sbtest4 WHERE id=956230
	Delete on sbtest4  (cost=0.43..8.45 rows=0 width=0)
	  ->  Index Scan using sbtest4_pkey on sbtest4  (cost=0.43..8.45 rows=1 width=6)
	        Index Cond: (id = 956230)

table 5 : explain DELETE FROM sbtest5 WHERE id=3438771
	Delete on sbtest5  (cost=0.43..8.45 rows=0 width=0)
	  ->  Index Scan using sbtest5_pkey on sbtest5  (cost=0.43..8.45 rows=1 width=6)
	        Index Cond: (id = 3438771)

table 6 : explain DELETE FROM sbtest6 WHERE id=216213
	Delete on sbtest6  (cost=0.43..8.45 rows=0 width=0)
	  ->  Index Scan using sbtest6_pkey on sbtest6  (cost=0.43..8.45 rows=1 width=6)
	        Index Cond: (id = 216213)

table 7 : explain DELETE FROM sbtest7 WHERE id=7714798
	Delete on sbtest7  (cost=0.43..8.45 rows=0 width=0)
	  ->  Index Scan using sbtest7_pkey on sbtest7  (cost=0.43..8.45 rows=1 width=6)
	        Index Cond: (id = 7714798)

table 8 : explain DELETE FROM sbtest8 WHERE id=7671486
	Delete on sbtest8  (cost=0.43..8.45 rows=0 width=0)
	  ->  Index Scan using sbtest8_pkey on sbtest8  (cost=0.43..8.45 rows=1 width=6)
	        Index Cond: (id = 7671486)

explain: for inserts :: explain INSERT INTO sbtest%u (id, k, c, pad) VALUES (%u, 13, 'foobar', 'foobar')
for deletes
table 1 : explain DELETE FROM sbtest1 WHERE id=8784918
	Delete on sbtest1  (cost=0.43..8.45 rows=0 width=0)
	  ->  Index Scan using sbtest1_pkey on sbtest1  (cost=0.43..8.45 rows=1 width=6)
	        Index Cond: (id = 8784918)

table 2 : explain DELETE FROM sbtest2 WHERE id=9977050
	Delete on sbtest2  (cost=0.43..8.45 rows=0 width=0)
	  ->  Index Scan using sbtest2_pkey on sbtest2  (cost=0.43..8.45 rows=1 width=6)
	        Index Cond: (id = 9977050)

table 3 : explain DELETE FROM sbtest3 WHERE id=8785810
	Delete on sbtest3  (cost=0.43..8.45 rows=0 width=0)
	  ->  Index Scan using sbtest3_pkey on sbtest3  (cost=0.43..8.45 rows=1 width=6)
	        Index Cond: (id = 8785810)

table 4 : explain DELETE FROM sbtest4 WHERE id=7085598
	Delete on sbtest4  (cost=0.43..8.45 rows=0 width=0)
	  ->  Index Scan using sbtest4_pkey on sbtest4  (cost=0.43..8.45 rows=1 width=6)
	        Index Cond: (id = 7085598)

table 5 : explain DELETE FROM sbtest5 WHERE id=203602
	Delete on sbtest5  (cost=0.43..8.45 rows=0 width=0)
	  ->  Index Scan using sbtest5_pkey on sbtest5  (cost=0.43..8.45 rows=1 width=6)
	        Index Cond: (id = 203602)

table 6 : explain DELETE FROM sbtest6 WHERE id=1270896
	Delete on sbtest6  (cost=0.43..8.45 rows=0 width=0)
	  ->  Index Scan using sbtest6_pkey on sbtest6  (cost=0.43..8.45 rows=1 width=6)
	        Index Cond: (id = 1270896)

table 7 : explain DELETE FROM sbtest7 WHERE id=219480
	Delete on sbtest7  (cost=0.43..8.45 rows=0 width=0)
	  ->  Index Scan using sbtest7_pkey on sbtest7  (cost=0.43..8.45 rows=1 width=6)
	        Index Cond: (id = 219480)

table 8 : explain DELETE FROM sbtest8 WHERE id=5758559
	Delete on sbtest8  (cost=0.43..8.45 rows=0 width=0)
	  ->  Index Scan using sbtest8_pkey on sbtest8  (cost=0.43..8.45 rows=1 width=6)
	        Index Cond: (id = 5758559)

explain: for inserts :: explain INSERT INTO sbtest%u (id, k, c, pad) VALUES (%u, 13, 'foobar', 'foobar')
for inserts
table 1 : explain INSERT INTO sbtest1 (id, k, c, pad) VALUES (9950883, 13, 'foobar', 'foobar')
	Insert on sbtest1  (cost=0.00..0.01 rows=0 width=0)
	  ->  Result  (cost=0.00..0.01 rows=1 width=736)

table 2 : explain INSERT INTO sbtest2 (id, k, c, pad) VALUES (8774493, 13, 'foobar', 'foobar')
	Insert on sbtest2  (cost=0.00..0.01 rows=0 width=0)
	  ->  Result  (cost=0.00..0.01 rows=1 width=736)

table 3 : explain INSERT INTO sbtest3 (id, k, c, pad) VALUES (6145141, 13, 'foobar', 'foobar')
	Insert on sbtest3  (cost=0.00..0.01 rows=0 width=0)
	  ->  Result  (cost=0.00..0.01 rows=1 width=736)

table 4 : explain INSERT INTO sbtest4 (id, k, c, pad) VALUES (6009009, 13, 'foobar', 'foobar')
	Insert on sbtest4  (cost=0.00..0.01 rows=0 width=0)
	  ->  Result  (cost=0.00..0.01 rows=1 width=736)

table 5 : explain INSERT INTO sbtest5 (id, k, c, pad) VALUES (4997491, 13, 'foobar', 'foobar')
	Insert on sbtest5  (cost=0.00..0.01 rows=0 width=0)
	  ->  Result  (cost=0.00..0.01 rows=1 width=736)

table 6 : explain INSERT INTO sbtest6 (id, k, c, pad) VALUES (1567444, 13, 'foobar', 'foobar')
	Insert on sbtest6  (cost=0.00..0.01 rows=0 width=0)
	  ->  Result  (cost=0.00..0.01 rows=1 width=736)

table 7 : explain INSERT INTO sbtest7 (id, k, c, pad) VALUES (2259320, 13, 'foobar', 'foobar')
	Insert on sbtest7  (cost=0.00..0.01 rows=0 width=0)
	  ->  Result  (cost=0.00..0.01 rows=1 width=736)

table 8 : explain INSERT INTO sbtest8 (id, k, c, pad) VALUES (2564650, 13, 'foobar', 'foobar')
	Insert on sbtest8  (cost=0.00..0.01 rows=0 width=0)
	  ->  Result  (cost=0.00..0.01 rows=1 width=736)

for deletes
table 1 : explain DELETE FROM sbtest1 WHERE id=5625738
	Delete on sbtest1  (cost=0.43..8.45 rows=0 width=0)
	  ->  Index Scan using sbtest1_pkey on sbtest1  (cost=0.43..8.45 rows=1 width=6)
	        Index Cond: (id = 5625738)

table 2 : explain DELETE FROM sbtest2 WHERE id=3237498
	Delete on sbtest2  (cost=0.43..8.45 rows=0 width=0)
	  ->  Index Scan using sbtest2_pkey on sbtest2  (cost=0.43..8.45 rows=1 width=6)
	        Index Cond: (id = 3237498)

table 3 : explain DELETE FROM sbtest3 WHERE id=1785637
	Delete on sbtest3  (cost=0.43..8.45 rows=0 width=0)
	  ->  Index Scan using sbtest3_pkey on sbtest3  (cost=0.43..8.45 rows=1 width=6)
	        Index Cond: (id = 1785637)

table 4 : explain DELETE FROM sbtest4 WHERE id=8530526
	Delete on sbtest4  (cost=0.43..8.45 rows=0 width=0)
	  ->  Index Scan using sbtest4_pkey on sbtest4  (cost=0.43..8.45 rows=1 width=6)
	        Index Cond: (id = 8530526)

table 5 : explain DELETE FROM sbtest5 WHERE id=9231029
	Delete on sbtest5  (cost=0.43..8.45 rows=0 width=0)
	  ->  Index Scan using sbtest5_pkey on sbtest5  (cost=0.43..8.45 rows=1 width=6)
	        Index Cond: (id = 9231029)

table 6 : explain DELETE FROM sbtest6 WHERE id=8277000
	Delete on sbtest6  (cost=0.43..8.45 rows=0 width=0)
	  ->  Index Scan using sbtest6_pkey on sbtest6  (cost=0.43..8.45 rows=1 width=6)
	        Index Cond: (id = 8277000)

table 7 : explain DELETE FROM sbtest7 WHERE id=3118353
	Delete on sbtest7  (cost=0.43..8.45 rows=0 width=0)
	  ->  Index Scan using sbtest7_pkey on sbtest7  (cost=0.43..8.45 rows=1 width=6)
	        Index Cond: (id = 3118353)

table 8 : explain DELETE FROM sbtest8 WHERE id=2945038
	Delete on sbtest8  (cost=0.43..8.45 rows=0 width=0)
	  ->  Index Scan using sbtest8_pkey on sbtest8  (cost=0.43..8.45 rows=1 width=6)
	        Index Cond: (id = 2945038)

explain: for inserts :: explain INSERT INTO sbtest%u (id, k, c, pad) VALUES (%u, 13, 'foobar', 'foobar')
for inserts
table 1 : explain INSERT INTO sbtest1 (id, k, c, pad) VALUES (9759794, 13, 'foobar', 'foobar')
	Insert on sbtest1  (cost=0.00..0.01 rows=0 width=0)
	  ->  Result  (cost=0.00..0.01 rows=1 width=736)

table 2 : explain INSERT INTO sbtest2 (id, k, c, pad) VALUES (1162118, 13, 'foobar', 'foobar')
	Insert on sbtest2  (cost=0.00..0.01 rows=0 width=0)
	  ->  Result  (cost=0.00..0.01 rows=1 width=736)

table 3 : explain INSERT INTO sbtest3 (id, k, c, pad) VALUES (2807601, 13, 'foobar', 'foobar')
	Insert on sbtest3  (cost=0.00..0.01 rows=0 width=0)
	  ->  Result  (cost=0.00..0.01 rows=1 width=736)

table 4 : explain INSERT INTO sbtest4 (id, k, c, pad) VALUES (2029267, 13, 'foobar', 'foobar')
	Insert on sbtest4  (cost=0.00..0.01 rows=0 width=0)
	  ->  Result  (cost=0.00..0.01 rows=1 width=736)

table 5 : explain INSERT INTO sbtest5 (id, k, c, pad) VALUES (5153265, 13, 'foobar', 'foobar')
	Insert on sbtest5  (cost=0.00..0.01 rows=0 width=0)
	  ->  Result  (cost=0.00..0.01 rows=1 width=736)

table 6 : explain INSERT INTO sbtest6 (id, k, c, pad) VALUES (4019186, 13, 'foobar', 'foobar')
	Insert on sbtest6  (cost=0.00..0.01 rows=0 width=0)
	  ->  Result  (cost=0.00..0.01 rows=1 width=736)

table 7 : explain INSERT INTO sbtest7 (id, k, c, pad) VALUES (7771729, 13, 'foobar', 'foobar')
	Insert on sbtest7  (cost=0.00..0.01 rows=0 width=0)
	  ->  Result  (cost=0.00..0.01 rows=1 width=736)

table 8 : explain INSERT INTO sbtest8 (id, k, c, pad) VALUES (6447896, 13, 'foobar', 'foobar')
	Insert on sbtest8  (cost=0.00..0.01 rows=0 width=0)
	  ->  Result  (cost=0.00..0.01 rows=1 width=736)

explain: for inserts :: explain INSERT INTO sbtest%u (id, k, c, pad) VALUES (%u, 13, 'foobar', 'foobar')
for inserts
table 1 : explain INSERT INTO sbtest1 (id, k, c, pad) VALUES (1308127, 13, 'foobar', 'foobar')
	Insert on sbtest1  (cost=0.00..0.01 rows=0 width=0)
	  ->  Result  (cost=0.00..0.01 rows=1 width=736)

table 2 : explain INSERT INTO sbtest2 (id, k, c, pad) VALUES (9647922, 13, 'foobar', 'foobar')
	Insert on sbtest2  (cost=0.00..0.01 rows=0 width=0)
	  ->  Result  (cost=0.00..0.01 rows=1 width=736)

table 3 : explain INSERT INTO sbtest3 (id, k, c, pad) VALUES (477663, 13, 'foobar', 'foobar')
	Insert on sbtest3  (cost=0.00..0.01 rows=0 width=0)
	  ->  Result  (cost=0.00..0.01 rows=1 width=736)

table 4 : explain INSERT INTO sbtest4 (id, k, c, pad) VALUES (7836563, 13, 'foobar', 'foobar')
	Insert on sbtest4  (cost=0.00..0.01 rows=0 width=0)
	  ->  Result  (cost=0.00..0.01 rows=1 width=736)

table 5 : explain INSERT INTO sbtest5 (id, k, c, pad) VALUES (1953831, 13, 'foobar', 'foobar')
	Insert on sbtest5  (cost=0.00..0.01 rows=0 width=0)
	  ->  Result  (cost=0.00..0.01 rows=1 width=736)

table 6 : explain INSERT INTO sbtest6 (id, k, c, pad) VALUES (125797, 13, 'foobar', 'foobar')
	Insert on sbtest6  (cost=0.00..0.01 rows=0 width=0)
	  ->  Result  (cost=0.00..0.01 rows=1 width=736)

table 7 : explain INSERT INTO sbtest7 (id, k, c, pad) VALUES (4852990, 13, 'foobar', 'foobar')
	Insert on sbtest7  (cost=0.00..0.01 rows=0 width=0)
	  ->  Result  (cost=0.00..0.01 rows=1 width=736)

table 8 : explain INSERT INTO sbtest8 (id, k, c, pad) VALUES (7013095, 13, 'foobar', 'foobar')
	Insert on sbtest8  (cost=0.00..0.01 rows=0 width=0)
	  ->  Result  (cost=0.00..0.01 rows=1 width=736)

for inserts
table 1 : explain INSERT INTO sbtest1 (id, k, c, pad) VALUES (5831719, 13, 'foobar', 'foobar')
	Insert on sbtest1  (cost=0.00..0.01 rows=0 width=0)
	  ->  Result  (cost=0.00..0.01 rows=1 width=736)

table 2 : explain INSERT INTO sbtest2 (id, k, c, pad) VALUES (4816462, 13, 'foobar', 'foobar')
	Insert on sbtest2  (cost=0.00..0.01 rows=0 width=0)
	  ->  Result  (cost=0.00..0.01 rows=1 width=736)

table 3 : explain INSERT INTO sbtest3 (id, k, c, pad) VALUES (2867472, 13, 'foobar', 'foobar')
	Insert on sbtest3  (cost=0.00..0.01 rows=0 width=0)
	  ->  Result  (cost=0.00..0.01 rows=1 width=736)

table 4 : explain INSERT INTO sbtest4 (id, k, c, pad) VALUES (5971250, 13, 'foobar', 'foobar')
	Insert on sbtest4  (cost=0.00..0.01 rows=0 width=0)
	  ->  Result  (cost=0.00..0.01 rows=1 width=736)

table 5 : explain INSERT INTO sbtest5 (id, k, c, pad) VALUES (7941976, 13, 'foobar', 'foobar')
	Insert on sbtest5  (cost=0.00..0.01 rows=0 width=0)
	  ->  Result  (cost=0.00..0.01 rows=1 width=736)

table 6 : explain INSERT INTO sbtest6 (id, k, c, pad) VALUES (3625376, 13, 'foobar', 'foobar')
	Insert on sbtest6  (cost=0.00..0.01 rows=0 width=0)
	  ->  Result  (cost=0.00..0.01 rows=1 width=736)

table 7 : explain INSERT INTO sbtest7 (id, k, c, pad) VALUES (2299220, 13, 'foobar', 'foobar')
	Insert on sbtest7  (cost=0.00..0.01 rows=0 width=0)
	  ->  Result  (cost=0.00..0.01 rows=1 width=736)

table 8 : explain INSERT INTO sbtest8 (id, k, c, pad) VALUES (6526109, 13, 'foobar', 'foobar')
	Insert on sbtest8  (cost=0.00..0.01 rows=0 width=0)
	  ->  Result  (cost=0.00..0.01 rows=1 width=736)

explain: for index_updates :: explain UPDATE sbtest%u SET k=k+1 WHERE id=%u
explain: for index_updates :: explain UPDATE sbtest%u SET k=k+1 WHERE id=%u
explain: for index_updates :: explain UPDATE sbtest%u SET k=k+1 WHERE id=%u
explain: for index_updates :: explain UPDATE sbtest%u SET k=k+1 WHERE id=%u
for index_updates
table 1 : explain UPDATE sbtest1 SET k=k+1 WHERE id=6522227
	Update on sbtest1  (cost=0.43..8.46 rows=0 width=0)
	  ->  Index Scan using sbtest1_pkey on sbtest1  (cost=0.43..8.46 rows=1 width=10)
	        Index Cond: (id = 6522227)

table 2 : explain UPDATE sbtest2 SET k=k+1 WHERE id=7870302
	Update on sbtest2  (cost=0.43..8.46 rows=0 width=0)
	  ->  Index Scan using sbtest2_pkey on sbtest2  (cost=0.43..8.46 rows=1 width=10)
	        Index Cond: (id = 7870302)

table 3 : explain UPDATE sbtest3 SET k=k+1 WHERE id=4370930
	Update on sbtest3  (cost=0.43..8.46 rows=0 width=0)
	  ->  Index Scan using sbtest3_pkey on sbtest3  (cost=0.43..8.46 rows=1 width=10)
	        Index Cond: (id = 4370930)

table 4 : explain UPDATE sbtest4 SET k=k+1 WHERE id=618410
	Update on sbtest4  (cost=0.43..8.46 rows=0 width=0)
	  ->  Index Scan using sbtest4_pkey on sbtest4  (cost=0.43..8.46 rows=1 width=10)
	        Index Cond: (id = 618410)

table 5 : explain UPDATE sbtest5 SET k=k+1 WHERE id=9534944
	Update on sbtest5  (cost=0.43..8.46 rows=0 width=0)
	  ->  Index Scan using sbtest5_pkey on sbtest5  (cost=0.43..8.46 rows=1 width=10)
	        Index Cond: (id = 9534944)

table 6 : explain UPDATE sbtest6 SET k=k+1 WHERE id=2488412
	Update on sbtest6  (cost=0.43..8.46 rows=0 width=0)
	  ->  Index Scan using sbtest6_pkey on sbtest6  (cost=0.43..8.46 rows=1 width=10)
	        Index Cond: (id = 2488412)

table 7 : explain UPDATE sbtest7 SET k=k+1 WHERE id=3447657
	Update on sbtest7  (cost=0.43..8.46 rows=0 width=0)
	  ->  Index Scan using sbtest7_pkey on sbtest7  (cost=0.43..8.46 rows=1 width=10)
	        Index Cond: (id = 3447657)

table 8 : explain UPDATE sbtest8 SET k=k+1 WHERE id=8930449
	Update on sbtest8  (cost=0.43..8.46 rows=0 width=0)
	  ->  Index Scan using sbtest8_pkey on sbtest8  (cost=0.43..8.46 rows=1 width=10)
	        Index Cond: (id = 8930449)

explain: for non_index_updates :: explain UPDATE sbtest%u SET c='foobar' WHERE id=%u
explain: for index_updates :: explain UPDATE sbtest%u SET k=k+1 WHERE id=%u
for non_index_updates
table 1 : explain UPDATE sbtest1 SET c='foobar' WHERE id=8363890
	Update on sbtest1  (cost=0.43..8.45 rows=0 width=0)
	  ->  Index Scan using sbtest1_pkey on sbtest1  (cost=0.43..8.45 rows=1 width=490)
	        Index Cond: (id = 8363890)

table 2 : explain UPDATE sbtest2 SET c='foobar' WHERE id=6831229
	Update on sbtest2  (cost=0.43..8.45 rows=0 width=0)
	  ->  Index Scan using sbtest2_pkey on sbtest2  (cost=0.43..8.45 rows=1 width=490)
	        Index Cond: (id = 6831229)

table 3 : explain UPDATE sbtest3 SET c='foobar' WHERE id=9069440
	Update on sbtest3  (cost=0.43..8.45 rows=0 width=0)
	  ->  Index Scan using sbtest3_pkey on sbtest3  (cost=0.43..8.45 rows=1 width=490)
	        Index Cond: (id = 9069440)

table 4 : explain UPDATE sbtest4 SET c='foobar' WHERE id=3621713
	Update on sbtest4  (cost=0.43..8.45 rows=0 width=0)
	  ->  Index Scan using sbtest4_pkey on sbtest4  (cost=0.43..8.45 rows=1 width=490)
	        Index Cond: (id = 3621713)

table 5 : explain UPDATE sbtest5 SET c='foobar' WHERE id=1552694
	Update on sbtest5  (cost=0.43..8.45 rows=0 width=0)
	  ->  Index Scan using sbtest5_pkey on sbtest5  (cost=0.43..8.45 rows=1 width=490)
	        Index Cond: (id = 1552694)

table 6 : explain UPDATE sbtest6 SET c='foobar' WHERE id=5164145
	Update on sbtest6  (cost=0.43..8.45 rows=0 width=0)
	  ->  Index Scan using sbtest6_pkey on sbtest6  (cost=0.43..8.45 rows=1 width=490)
	        Index Cond: (id = 5164145)

table 7 : explain UPDATE sbtest7 SET c='foobar' WHERE id=5204600
	Update on sbtest7  (cost=0.43..8.45 rows=0 width=0)
	  ->  Index Scan using sbtest7_pkey on sbtest7  (cost=0.43..8.45 rows=1 width=490)
	        Index Cond: (id = 5204600)

table 8 : explain UPDATE sbtest8 SET c='foobar' WHERE id=8120547
	Update on sbtest8  (cost=0.43..8.45 rows=0 width=0)
	  ->  Index Scan using sbtest8_pkey on sbtest8  (cost=0.43..8.45 rows=1 width=490)
	        Index Cond: (id = 8120547)

explain: for deletes :: explain DELETE FROM sbtest%u WHERE id=%u
for index_updates
table 1 : explain UPDATE sbtest1 SET k=k+1 WHERE id=512719
	Update on sbtest1  (cost=0.43..8.46 rows=0 width=0)
	  ->  Index Scan using sbtest1_pkey on sbtest1  (cost=0.43..8.46 rows=1 width=10)
	        Index Cond: (id = 512719)

table 2 : explain UPDATE sbtest2 SET k=k+1 WHERE id=6411550
	Update on sbtest2  (cost=0.43..8.46 rows=0 width=0)
	  ->  Index Scan using sbtest2_pkey on sbtest2  (cost=0.43..8.46 rows=1 width=10)
	        Index Cond: (id = 6411550)

table 3 : explain UPDATE sbtest3 SET k=k+1 WHERE id=561197
	Update on sbtest3  (cost=0.43..8.46 rows=0 width=0)
	  ->  Index Scan using sbtest3_pkey on sbtest3  (cost=0.43..8.46 rows=1 width=10)
	        Index Cond: (id = 561197)

table 4 : explain UPDATE sbtest4 SET k=k+1 WHERE id=3816055
	Update on sbtest4  (cost=0.43..8.46 rows=0 width=0)
	  ->  Index Scan using sbtest4_pkey on sbtest4  (cost=0.43..8.46 rows=1 width=10)
	        Index Cond: (id = 3816055)

table 5 : explain UPDATE sbtest5 SET k=k+1 WHERE id=3571160
	Update on sbtest5  (cost=0.43..8.46 rows=0 width=0)
	  ->  Index Scan using sbtest5_pkey on sbtest5  (cost=0.43..8.46 rows=1 width=10)
	        Index Cond: (id = 3571160)

table 6 : explain UPDATE sbtest6 SET k=k+1 WHERE id=44499
	Update on sbtest6  (cost=0.43..8.46 rows=0 width=0)
	  ->  Index Scan using sbtest6_pkey on sbtest6  (cost=0.43..8.46 rows=1 width=10)
	        Index Cond: (id = 44499)

table 7 : explain UPDATE sbtest7 SET k=k+1 WHERE id=3471721
	Update on sbtest7  (cost=0.43..8.46 rows=0 width=0)
	  ->  Index Scan using sbtest7_pkey on sbtest7  (cost=0.43..8.46 rows=1 width=10)
	        Index Cond: (id = 3471721)

table 8 : explain UPDATE sbtest8 SET k=k+1 WHERE id=9062744
	Update on sbtest8  (cost=0.43..8.46 rows=0 width=0)
	  ->  Index Scan using sbtest8_pkey on sbtest8  (cost=0.43..8.46 rows=1 width=10)
	        Index Cond: (id = 9062744)

for index_updates
table 1 : explain UPDATE sbtest1 SET k=k+1 WHERE id=3678102
	Update on sbtest1  (cost=0.43..8.46 rows=0 width=0)
	  ->  Index Scan using sbtest1_pkey on sbtest1  (cost=0.43..8.46 rows=1 width=10)
	        Index Cond: (id = 3678102)

table 2 : explain UPDATE sbtest2 SET k=k+1 WHERE id=1233556
	Update on sbtest2  (cost=0.43..8.46 rows=0 width=0)
	  ->  Index Scan using sbtest2_pkey on sbtest2  (cost=0.43..8.46 rows=1 width=10)
	        Index Cond: (id = 1233556)

table 3 : explain UPDATE sbtest3 SET k=k+1 WHERE id=1696757
	Update on sbtest3  (cost=0.43..8.46 rows=0 width=0)
	  ->  Index Scan using sbtest3_pkey on sbtest3  (cost=0.43..8.46 rows=1 width=10)
	        Index Cond: (id = 1696757)

table 4 : explain UPDATE sbtest4 SET k=k+1 WHERE id=9067129
	Update on sbtest4  (cost=0.43..8.46 rows=0 width=0)
	  ->  Index Scan using sbtest4_pkey on sbtest4  (cost=0.43..8.46 rows=1 width=10)
	        Index Cond: (id = 9067129)

table 5 : explain UPDATE sbtest5 SET k=k+1 WHERE id=4910079
	Update on sbtest5  (cost=0.43..8.46 rows=0 width=0)
	  ->  Index Scan using sbtest5_pkey on sbtest5  (cost=0.43..8.46 rows=1 width=10)
	        Index Cond: (id = 4910079)

table 6 : explain UPDATE sbtest6 SET k=k+1 WHERE id=9583793
	Update on sbtest6  (cost=0.43..8.46 rows=0 width=0)
	  ->  Index Scan using sbtest6_pkey on sbtest6  (cost=0.43..8.46 rows=1 width=10)
	        Index Cond: (id = 9583793)

table 7 : explain UPDATE sbtest7 SET k=k+1 WHERE id=2565585
	Update on sbtest7  (cost=0.43..8.46 rows=0 width=0)
	  ->  Index Scan using sbtest7_pkey on sbtest7  (cost=0.43..8.46 rows=1 width=10)
	        Index Cond: (id = 2565585)

table 8 : explain UPDATE sbtest8 SET k=k+1 WHERE id=4163334
	Update on sbtest8  (cost=0.43..8.46 rows=0 width=0)
	  ->  Index Scan using sbtest8_pkey on sbtest8  (cost=0.43..8.46 rows=1 width=10)
	        Index Cond: (id = 4163334)

explain: for non_index_updates :: explain UPDATE sbtest%u SET c='foobar' WHERE id=%u
for deletes
table 1 : explain DELETE FROM sbtest1 WHERE id=9495238
	Delete on sbtest1  (cost=0.43..8.45 rows=0 width=0)
	  ->  Index Scan using sbtest1_pkey on sbtest1  (cost=0.43..8.45 rows=1 width=6)
	        Index Cond: (id = 9495238)

table 2 : explain DELETE FROM sbtest2 WHERE id=9935270
	Delete on sbtest2  (cost=0.43..8.45 rows=0 width=0)
	  ->  Index Scan using sbtest2_pkey on sbtest2  (cost=0.43..8.45 rows=1 width=6)
	        Index Cond: (id = 9935270)

table 3 : explain DELETE FROM sbtest3 WHERE id=9102056
	Delete on sbtest3  (cost=0.43..8.45 rows=0 width=0)
	  ->  Index Scan using sbtest3_pkey on sbtest3  (cost=0.43..8.45 rows=1 width=6)
	        Index Cond: (id = 9102056)

table 4 : explain DELETE FROM sbtest4 WHERE id=6913639
	Delete on sbtest4  (cost=0.43..8.45 rows=0 width=0)
	  ->  Index Scan using sbtest4_pkey on sbtest4  (cost=0.43..8.45 rows=1 width=6)
	        Index Cond: (id = 6913639)

table 5 : explain DELETE FROM sbtest5 WHERE id=1934332
	Delete on sbtest5  (cost=0.43..8.45 rows=0 width=0)
	  ->  Index Scan using sbtest5_pkey on sbtest5  (cost=0.43..8.45 rows=1 width=6)
	        Index Cond: (id = 1934332)

table 6 : explain DELETE FROM sbtest6 WHERE id=9396663
	Delete on sbtest6  (cost=0.43..8.45 rows=0 width=0)
	  ->  Index Scan using sbtest6_pkey on sbtest6  (cost=0.43..8.45 rows=1 width=6)
	        Index Cond: (id = 9396663)

table 7 : explain DELETE FROM sbtest7 WHERE id=2256996
	Delete on sbtest7  (cost=0.43..8.45 rows=0 width=0)
	  ->  Index Scan using sbtest7_pkey on sbtest7  (cost=0.43..8.45 rows=1 width=6)
	        Index Cond: (id = 2256996)

table 8 : explain DELETE FROM sbtest8 WHERE id=9783353
	Delete on sbtest8  (cost=0.43..8.45 rows=0 width=0)
	  ->  Index Scan using sbtest8_pkey on sbtest8  (cost=0.43..8.45 rows=1 width=6)
	        Index Cond: (id = 9783353)

explain: for index_updates :: explain UPDATE sbtest%u SET k=k+1 WHERE id=%u
explain: for inserts :: explain INSERT INTO sbtest%u (id, k, c, pad) VALUES (%u, 13, 'foobar', 'foobar')
for non_index_updates
table 1 : explain UPDATE sbtest1 SET c='foobar' WHERE id=7195494
	Update on sbtest1  (cost=0.43..8.45 rows=0 width=0)
	  ->  Index Scan using sbtest1_pkey on sbtest1  (cost=0.43..8.45 rows=1 width=490)
	        Index Cond: (id = 7195494)

table 2 : explain UPDATE sbtest2 SET c='foobar' WHERE id=8657412
	Update on sbtest2  (cost=0.43..8.45 rows=0 width=0)
	  ->  Index Scan using sbtest2_pkey on sbtest2  (cost=0.43..8.45 rows=1 width=490)
	        Index Cond: (id = 8657412)

table 3 : explain UPDATE sbtest3 SET c='foobar' WHERE id=8575280
	Update on sbtest3  (cost=0.43..8.45 rows=0 width=0)
	  ->  Index Scan using sbtest3_pkey on sbtest3  (cost=0.43..8.45 rows=1 width=490)
	        Index Cond: (id = 8575280)

table 4 : explain UPDATE sbtest4 SET c='foobar' WHERE id=6552905
	Update on sbtest4  (cost=0.43..8.45 rows=0 width=0)
	  ->  Index Scan using sbtest4_pkey on sbtest4  (cost=0.43..8.45 rows=1 width=490)
	        Index Cond: (id = 6552905)

table 5 : explain UPDATE sbtest5 SET c='foobar' WHERE id=4975443
	Update on sbtest5  (cost=0.43..8.45 rows=0 width=0)
	  ->  Index Scan using sbtest5_pkey on sbtest5  (cost=0.43..8.45 rows=1 width=490)
	        Index Cond: (id = 4975443)

table 6 : explain UPDATE sbtest6 SET c='foobar' WHERE id=9502436
	Update on sbtest6  (cost=0.43..8.45 rows=0 width=0)
	  ->  Index Scan using sbtest6_pkey on sbtest6  (cost=0.43..8.45 rows=1 width=490)
	        Index Cond: (id = 9502436)

table 7 : explain UPDATE sbtest7 SET c='foobar' WHERE id=7727321
	Update on sbtest7  (cost=0.43..8.45 rows=0 width=0)
	  ->  Index Scan using sbtest7_pkey on sbtest7  (cost=0.43..8.45 rows=1 width=490)
	        Index Cond: (id = 7727321)

table 8 : explain UPDATE sbtest8 SET c='foobar' WHERE id=4695455
	Update on sbtest8  (cost=0.43..8.45 rows=0 width=0)
	  ->  Index Scan using sbtest8_pkey on sbtest8  (cost=0.43..8.45 rows=1 width=490)
	        Index Cond: (id = 4695455)

for index_updates
table 1 : explain UPDATE sbtest1 SET k=k+1 WHERE id=2142190
	Update on sbtest1  (cost=0.43..8.46 rows=0 width=0)
	  ->  Index Scan using sbtest1_pkey on sbtest1  (cost=0.43..8.46 rows=1 width=10)
	        Index Cond: (id = 2142190)

table 2 : explain UPDATE sbtest2 SET k=k+1 WHERE id=9496271
	Update on sbtest2  (cost=0.43..8.46 rows=0 width=0)
	  ->  Index Scan using sbtest2_pkey on sbtest2  (cost=0.43..8.46 rows=1 width=10)
	        Index Cond: (id = 9496271)

table 3 : explain UPDATE sbtest3 SET k=k+1 WHERE id=3814832
	Update on sbtest3  (cost=0.43..8.46 rows=0 width=0)
	  ->  Index Scan using sbtest3_pkey on sbtest3  (cost=0.43..8.46 rows=1 width=10)
	        Index Cond: (id = 3814832)

table 4 : explain UPDATE sbtest4 SET k=k+1 WHERE id=4053967
	Update on sbtest4  (cost=0.43..8.46 rows=0 width=0)
	  ->  Index Scan using sbtest4_pkey on sbtest4  (cost=0.43..8.46 rows=1 width=10)
	        Index Cond: (id = 4053967)

table 5 : explain UPDATE sbtest5 SET k=k+1 WHERE id=1155523
	Update on sbtest5  (cost=0.43..8.46 rows=0 width=0)
	  ->  Index Scan using sbtest5_pkey on sbtest5  (cost=0.43..8.46 rows=1 width=10)
	        Index Cond: (id = 1155523)

table 6 : explain UPDATE sbtest6 SET k=k+1 WHERE id=2099862
	Update on sbtest6  (cost=0.43..8.46 rows=0 width=0)
	  ->  Index Scan using sbtest6_pkey on sbtest6  (cost=0.43..8.46 rows=1 width=10)
	        Index Cond: (id = 2099862)

table 7 : explain UPDATE sbtest7 SET k=k+1 WHERE id=6184594
	Update on sbtest7  (cost=0.43..8.46 rows=0 width=0)
	  ->  Index Scan using sbtest7_pkey on sbtest7  (cost=0.43..8.46 rows=1 width=10)
	        Index Cond: (id = 6184594)

table 8 : explain UPDATE sbtest8 SET k=k+1 WHERE id=5956996
	Update on sbtest8  (cost=0.43..8.46 rows=0 width=0)
	  ->  Index Scan using sbtest8_pkey on sbtest8  (cost=0.43..8.46 rows=1 width=10)
	        Index Cond: (id = 5956996)

explain: for deletes :: explain DELETE FROM sbtest%u WHERE id=%u
for inserts
table 1 : explain INSERT INTO sbtest1 (id, k, c, pad) VALUES (7019162, 13, 'foobar', 'foobar')
	Insert on sbtest1  (cost=0.00..0.01 rows=0 width=0)
	  ->  Result  (cost=0.00..0.01 rows=1 width=736)

table 2 : explain INSERT INTO sbtest2 (id, k, c, pad) VALUES (3764472, 13, 'foobar', 'foobar')
	Insert on sbtest2  (cost=0.00..0.01 rows=0 width=0)
	  ->  Result  (cost=0.00..0.01 rows=1 width=736)

table 3 : explain INSERT INTO sbtest3 (id, k, c, pad) VALUES (5678520, 13, 'foobar', 'foobar')
	Insert on sbtest3  (cost=0.00..0.01 rows=0 width=0)
	  ->  Result  (cost=0.00..0.01 rows=1 width=736)

table 4 : explain INSERT INTO sbtest4 (id, k, c, pad) VALUES (4828894, 13, 'foobar', 'foobar')
	Insert on sbtest4  (cost=0.00..0.01 rows=0 width=0)
	  ->  Result  (cost=0.00..0.01 rows=1 width=736)

table 5 : explain INSERT INTO sbtest5 (id, k, c, pad) VALUES (2136859, 13, 'foobar', 'foobar')
	Insert on sbtest5  (cost=0.00..0.01 rows=0 width=0)
	  ->  Result  (cost=0.00..0.01 rows=1 width=736)

table 6 : explain INSERT INTO sbtest6 (id, k, c, pad) VALUES (7797980, 13, 'foobar', 'foobar')
	Insert on sbtest6  (cost=0.00..0.01 rows=0 width=0)
	  ->  Result  (cost=0.00..0.01 rows=1 width=736)

table 7 : explain INSERT INTO sbtest7 (id, k, c, pad) VALUES (6723213, 13, 'foobar', 'foobar')
	Insert on sbtest7  (cost=0.00..0.01 rows=0 width=0)
	  ->  Result  (cost=0.00..0.01 rows=1 width=736)

table 8 : explain INSERT INTO sbtest8 (id, k, c, pad) VALUES (5939250, 13, 'foobar', 'foobar')
	Insert on sbtest8  (cost=0.00..0.01 rows=0 width=0)
	  ->  Result  (cost=0.00..0.01 rows=1 width=736)

explain: for non_index_updates :: explain UPDATE sbtest%u SET c='foobar' WHERE id=%u
explain: for non_index_updates :: explain UPDATE sbtest%u SET c='foobar' WHERE id=%u
for deletes
table 1 : explain DELETE FROM sbtest1 WHERE id=3667637
	Delete on sbtest1  (cost=0.43..8.45 rows=0 width=0)
	  ->  Index Scan using sbtest1_pkey on sbtest1  (cost=0.43..8.45 rows=1 width=6)
	        Index Cond: (id = 3667637)

table 2 : explain DELETE FROM sbtest2 WHERE id=650681
	Delete on sbtest2  (cost=0.43..8.45 rows=0 width=0)
	  ->  Index Scan using sbtest2_pkey on sbtest2  (cost=0.43..8.45 rows=1 width=6)
	        Index Cond: (id = 650681)

table 3 : explain DELETE FROM sbtest3 WHERE id=8949983
	Delete on sbtest3  (cost=0.43..8.45 rows=0 width=0)
	  ->  Index Scan using sbtest3_pkey on sbtest3  (cost=0.43..8.45 rows=1 width=6)
	        Index Cond: (id = 8949983)

table 4 : explain DELETE FROM sbtest4 WHERE id=8383735
	Delete on sbtest4  (cost=0.43..8.45 rows=0 width=0)
	  ->  Index Scan using sbtest4_pkey on sbtest4  (cost=0.43..8.45 rows=1 width=6)
	        Index Cond: (id = 8383735)

table 5 : explain DELETE FROM sbtest5 WHERE id=5410038
	Delete on sbtest5  (cost=0.43..8.45 rows=0 width=0)
	  ->  Index Scan using sbtest5_pkey on sbtest5  (cost=0.43..8.45 rows=1 width=6)
	        Index Cond: (id = 5410038)

table 6 : explain DELETE FROM sbtest6 WHERE id=33753
	Delete on sbtest6  (cost=0.43..8.45 rows=0 width=0)
	  ->  Index Scan using sbtest6_pkey on sbtest6  (cost=0.43..8.45 rows=1 width=6)
	        Index Cond: (id = 33753)

table 7 : explain DELETE FROM sbtest7 WHERE id=6245143
	Delete on sbtest7  (cost=0.43..8.45 rows=0 width=0)
	  ->  Index Scan using sbtest7_pkey on sbtest7  (cost=0.43..8.45 rows=1 width=6)
	        Index Cond: (id = 6245143)

table 8 : explain DELETE FROM sbtest8 WHERE id=3441899
	Delete on sbtest8  (cost=0.43..8.45 rows=0 width=0)
	  ->  Index Scan using sbtest8_pkey on sbtest8  (cost=0.43..8.45 rows=1 width=6)
	        Index Cond: (id = 3441899)

for non_index_updates
table 1 : explain UPDATE sbtest1 SET c='foobar' WHERE id=3962895
	Update on sbtest1  (cost=0.43..8.45 rows=0 width=0)
	  ->  Index Scan using sbtest1_pkey on sbtest1  (cost=0.43..8.45 rows=1 width=490)
	        Index Cond: (id = 3962895)

table 2 : explain UPDATE sbtest2 SET c='foobar' WHERE id=3774586
	Update on sbtest2  (cost=0.43..8.45 rows=0 width=0)
	  ->  Index Scan using sbtest2_pkey on sbtest2  (cost=0.43..8.45 rows=1 width=490)
	        Index Cond: (id = 3774586)

table 3 : explain UPDATE sbtest3 SET c='foobar' WHERE id=6412834
	Update on sbtest3  (cost=0.43..8.45 rows=0 width=0)
	  ->  Index Scan using sbtest3_pkey on sbtest3  (cost=0.43..8.45 rows=1 width=490)
	        Index Cond: (id = 6412834)

table 4 : explain UPDATE sbtest4 SET c='foobar' WHERE id=6489308
	Update on sbtest4  (cost=0.43..8.45 rows=0 width=0)
	  ->  Index Scan using sbtest4_pkey on sbtest4  (cost=0.43..8.45 rows=1 width=490)
	        Index Cond: (id = 6489308)

table 5 : explain UPDATE sbtest5 SET c='foobar' WHERE id=6921668
	Update on sbtest5  (cost=0.43..8.45 rows=0 width=0)
	  ->  Index Scan using sbtest5_pkey on sbtest5  (cost=0.43..8.45 rows=1 width=490)
	        Index Cond: (id = 6921668)

table 6 : explain UPDATE sbtest6 SET c='foobar' WHERE id=109025
	Update on sbtest6  (cost=0.43..8.45 rows=0 width=0)
	  ->  Index Scan using sbtest6_pkey on sbtest6  (cost=0.43..8.45 rows=1 width=490)
	        Index Cond: (id = 109025)

table 7 : explain UPDATE sbtest7 SET c='foobar' WHERE id=5435084
	Update on sbtest7  (cost=0.43..8.45 rows=0 width=0)
	  ->  Index Scan using sbtest7_pkey on sbtest7  (cost=0.43..8.45 rows=1 width=490)
	        Index Cond: (id = 5435084)

table 8 : explain UPDATE sbtest8 SET c='foobar' WHERE id=9195792
	Update on sbtest8  (cost=0.43..8.45 rows=0 width=0)
	  ->  Index Scan using sbtest8_pkey on sbtest8  (cost=0.43..8.45 rows=1 width=490)
	        Index Cond: (id = 9195792)

explain: for inserts :: explain INSERT INTO sbtest%u (id, k, c, pad) VALUES (%u, 13, 'foobar', 'foobar')
explain: for deletes :: explain DELETE FROM sbtest%u WHERE id=%u
for non_index_updates
table 1 : explain UPDATE sbtest1 SET c='foobar' WHERE id=5470611
	Update on sbtest1  (cost=0.43..8.45 rows=0 width=0)
	  ->  Index Scan using sbtest1_pkey on sbtest1  (cost=0.43..8.45 rows=1 width=490)
	        Index Cond: (id = 5470611)

table 2 : explain UPDATE sbtest2 SET c='foobar' WHERE id=1946895
	Update on sbtest2  (cost=0.43..8.45 rows=0 width=0)
	  ->  Index Scan using sbtest2_pkey on sbtest2  (cost=0.43..8.45 rows=1 width=490)
	        Index Cond: (id = 1946895)

table 3 : explain UPDATE sbtest3 SET c='foobar' WHERE id=2862094
	Update on sbtest3  (cost=0.43..8.45 rows=0 width=0)
	  ->  Index Scan using sbtest3_pkey on sbtest3  (cost=0.43..8.45 rows=1 width=490)
	        Index Cond: (id = 2862094)

table 4 : explain UPDATE sbtest4 SET c='foobar' WHERE id=9521580
	Update on sbtest4  (cost=0.43..8.45 rows=0 width=0)
	  ->  Index Scan using sbtest4_pkey on sbtest4  (cost=0.43..8.45 rows=1 width=490)
	        Index Cond: (id = 9521580)

table 5 : explain UPDATE sbtest5 SET c='foobar' WHERE id=3261553
	Update on sbtest5  (cost=0.43..8.45 rows=0 width=0)
	  ->  Index Scan using sbtest5_pkey on sbtest5  (cost=0.43..8.45 rows=1 width=490)
	        Index Cond: (id = 3261553)

table 6 : explain UPDATE sbtest6 SET c='foobar' WHERE id=7649275
	Update on sbtest6  (cost=0.43..8.45 rows=0 width=0)
	  ->  Index Scan using sbtest6_pkey on sbtest6  (cost=0.43..8.45 rows=1 width=490)
	        Index Cond: (id = 7649275)

table 7 : explain UPDATE sbtest7 SET c='foobar' WHERE id=8042459
	Update on sbtest7  (cost=0.43..8.45 rows=0 width=0)
	  ->  Index Scan using sbtest7_pkey on sbtest7  (cost=0.43..8.45 rows=1 width=490)
	        Index Cond: (id = 8042459)

table 8 : explain UPDATE sbtest8 SET c='foobar' WHERE id=2242156
	Update on sbtest8  (cost=0.43..8.45 rows=0 width=0)
	  ->  Index Scan using sbtest8_pkey on sbtest8  (cost=0.43..8.45 rows=1 width=490)
	        Index Cond: (id = 2242156)

for index_updates
table 1 : explain UPDATE sbtest1 SET k=k+1 WHERE id=6355741
	Update on sbtest1  (cost=0.43..8.46 rows=0 width=0)
	  ->  Index Scan using sbtest1_pkey on sbtest1  (cost=0.43..8.46 rows=1 width=10)
	        Index Cond: (id = 6355741)

table 2 : explain UPDATE sbtest2 SET k=k+1 WHERE id=86410
	Update on sbtest2  (cost=0.43..8.46 rows=0 width=0)
	  ->  Index Scan using sbtest2_pkey on sbtest2  (cost=0.43..8.46 rows=1 width=10)
	        Index Cond: (id = 86410)

table 3 : explain UPDATE sbtest3 SET k=k+1 WHERE id=5597929
	Update on sbtest3  (cost=0.43..8.46 rows=0 width=0)
	  ->  Index Scan using sbtest3_pkey on sbtest3  (cost=0.43..8.46 rows=1 width=10)
	        Index Cond: (id = 5597929)

table 4 : explain UPDATE sbtest4 SET k=k+1 WHERE id=7864047
	Update on sbtest4  (cost=0.43..8.46 rows=0 width=0)
	  ->  Index Scan using sbtest4_pkey on sbtest4  (cost=0.43..8.46 rows=1 width=10)
	        Index Cond: (id = 7864047)

table 5 : explain UPDATE sbtest5 SET k=k+1 WHERE id=3647996
	Update on sbtest5  (cost=0.43..8.46 rows=0 width=0)
	  ->  Index Scan using sbtest5_pkey on sbtest5  (cost=0.43..8.46 rows=1 width=10)
	        Index Cond: (id = 3647996)

table 6 : explain UPDATE sbtest6 SET k=k+1 WHERE id=2294856
	Update on sbtest6  (cost=0.43..8.46 rows=0 width=0)
	  ->  Index Scan using sbtest6_pkey on sbtest6  (cost=0.43..8.46 rows=1 width=10)
	        Index Cond: (id = 2294856)

table 7 : explain UPDATE sbtest7 SET k=k+1 WHERE id=6049448
	Update on sbtest7  (cost=0.43..8.46 rows=0 width=0)
	  ->  Index Scan using sbtest7_pkey on sbtest7  (cost=0.43..8.46 rows=1 width=10)
	        Index Cond: (id = 6049448)

table 8 : explain UPDATE sbtest8 SET k=k+1 WHERE id=6991847
	Update on sbtest8  (cost=0.43..8.46 rows=0 width=0)
	  ->  Index Scan using sbtest8_pkey on sbtest8  (cost=0.43..8.46 rows=1 width=10)
	        Index Cond: (id = 6991847)

for inserts
table 1 : explain INSERT INTO sbtest1 (id, k, c, pad) VALUES (7505160, 13, 'foobar', 'foobar')
	Insert on sbtest1  (cost=0.00..0.01 rows=0 width=0)
	  ->  Result  (cost=0.00..0.01 rows=1 width=736)

table 2 : explain INSERT INTO sbtest2 (id, k, c, pad) VALUES (1764937, 13, 'foobar', 'foobar')
	Insert on sbtest2  (cost=0.00..0.01 rows=0 width=0)
	  ->  Result  (cost=0.00..0.01 rows=1 width=736)

table 3 : explain INSERT INTO sbtest3 (id, k, c, pad) VALUES (5420456, 13, 'foobar', 'foobar')
	Insert on sbtest3  (cost=0.00..0.01 rows=0 width=0)
	  ->  Result  (cost=0.00..0.01 rows=1 width=736)

table 4 : explain INSERT INTO sbtest4 (id, k, c, pad) VALUES (7400144, 13, 'foobar', 'foobar')
	Insert on sbtest4  (cost=0.00..0.01 rows=0 width=0)
	  ->  Result  (cost=0.00..0.01 rows=1 width=736)

table 5 : explain INSERT INTO sbtest5 (id, k, c, pad) VALUES (3780296, 13, 'foobar', 'foobar')
	Insert on sbtest5  (cost=0.00..0.01 rows=0 width=0)
	  ->  Result  (cost=0.00..0.01 rows=1 width=736)

table 6 : explain INSERT INTO sbtest6 (id, k, c, pad) VALUES (9489870, 13, 'foobar', 'foobar')
	Insert on sbtest6  (cost=0.00..0.01 rows=0 width=0)
	  ->  Result  (cost=0.00..0.01 rows=1 width=736)

table 7 : explain INSERT INTO sbtest7 (id, k, c, pad) VALUES (1946718, 13, 'foobar', 'foobar')
	Insert on sbtest7  (cost=0.00..0.01 rows=0 width=0)
	  ->  Result  (cost=0.00..0.01 rows=1 width=736)

table 8 : explain INSERT INTO sbtest8 (id, k, c, pad) VALUES (8098235, 13, 'foobar', 'foobar')
	Insert on sbtest8  (cost=0.00..0.01 rows=0 width=0)
	  ->  Result  (cost=0.00..0.01 rows=1 width=736)

explain: for deletes :: explain DELETE FROM sbtest%u WHERE id=%u
explain: for non_index_updates :: explain UPDATE sbtest%u SET c='foobar' WHERE id=%u
for deletes
table 1 : explain DELETE FROM sbtest1 WHERE id=5234248
	Delete on sbtest1  (cost=0.43..8.45 rows=0 width=0)
	  ->  Index Scan using sbtest1_pkey on sbtest1  (cost=0.43..8.45 rows=1 width=6)
	        Index Cond: (id = 5234248)

table 2 : explain DELETE FROM sbtest2 WHERE id=7484504
	Delete on sbtest2  (cost=0.43..8.45 rows=0 width=0)
	  ->  Index Scan using sbtest2_pkey on sbtest2  (cost=0.43..8.45 rows=1 width=6)
	        Index Cond: (id = 7484504)

table 3 : explain DELETE FROM sbtest3 WHERE id=9789981
	Delete on sbtest3  (cost=0.43..8.45 rows=0 width=0)
	  ->  Index Scan using sbtest3_pkey on sbtest3  (cost=0.43..8.45 rows=1 width=6)
	        Index Cond: (id = 9789981)

table 4 : explain DELETE FROM sbtest4 WHERE id=3550943
	Delete on sbtest4  (cost=0.43..8.45 rows=0 width=0)
	  ->  Index Scan using sbtest4_pkey on sbtest4  (cost=0.43..8.45 rows=1 width=6)
	        Index Cond: (id = 3550943)

table 5 : explain DELETE FROM sbtest5 WHERE id=3824719
	Delete on sbtest5  (cost=0.43..8.45 rows=0 width=0)
	  ->  Index Scan using sbtest5_pkey on sbtest5  (cost=0.43..8.45 rows=1 width=6)
	        Index Cond: (id = 3824719)

table 6 : explain DELETE FROM sbtest6 WHERE id=8652444
	Delete on sbtest6  (cost=0.43..8.45 rows=0 width=0)
	  ->  Index Scan using sbtest6_pkey on sbtest6  (cost=0.43..8.45 rows=1 width=6)
	        Index Cond: (id = 8652444)

table 7 : explain DELETE FROM sbtest7 WHERE id=9338593
	Delete on sbtest7  (cost=0.43..8.45 rows=0 width=0)
	  ->  Index Scan using sbtest7_pkey on sbtest7  (cost=0.43..8.45 rows=1 width=6)
	        Index Cond: (id = 9338593)

table 8 : explain DELETE FROM sbtest8 WHERE id=289611
	Delete on sbtest8  (cost=0.43..8.45 rows=0 width=0)
	  ->  Index Scan using sbtest8_pkey on sbtest8  (cost=0.43..8.45 rows=1 width=6)
	        Index Cond: (id = 289611)

for index_updates
table 1 : explain UPDATE sbtest1 SET k=k+1 WHERE id=7041504
	Update on sbtest1  (cost=0.43..8.46 rows=0 width=0)
	  ->  Index Scan using sbtest1_pkey on sbtest1  (cost=0.43..8.46 rows=1 width=10)
	        Index Cond: (id = 7041504)

table 2 : explain UPDATE sbtest2 SET k=k+1 WHERE id=371381
	Update on sbtest2  (cost=0.43..8.46 rows=0 width=0)
	  ->  Index Scan using sbtest2_pkey on sbtest2  (cost=0.43..8.46 rows=1 width=10)
	        Index Cond: (id = 371381)

table 3 : explain UPDATE sbtest3 SET k=k+1 WHERE id=8604808
	Update on sbtest3  (cost=0.43..8.46 rows=0 width=0)
	  ->  Index Scan using sbtest3_pkey on sbtest3  (cost=0.43..8.46 rows=1 width=10)
	        Index Cond: (id = 8604808)

table 4 : explain UPDATE sbtest4 SET k=k+1 WHERE id=183002
	Update on sbtest4  (cost=0.43..8.46 rows=0 width=0)
	  ->  Index Scan using sbtest4_pkey on sbtest4  (cost=0.43..8.46 rows=1 width=10)
	        Index Cond: (id = 183002)

table 5 : explain UPDATE sbtest5 SET k=k+1 WHERE id=2909405
	Update on sbtest5  (cost=0.43..8.46 rows=0 width=0)
	  ->  Index Scan using sbtest5_pkey on sbtest5  (cost=0.43..8.46 rows=1 width=10)
	        Index Cond: (id = 2909405)

table 6 : explain UPDATE sbtest6 SET k=k+1 WHERE id=3275312
	Update on sbtest6  (cost=0.43..8.46 rows=0 width=0)
	  ->  Index Scan using sbtest6_pkey on sbtest6  (cost=0.43..8.46 rows=1 width=10)
	        Index Cond: (id = 3275312)

table 7 : explain UPDATE sbtest7 SET k=k+1 WHERE id=188121
	Update on sbtest7  (cost=0.43..8.46 rows=0 width=0)
	  ->  Index Scan using sbtest7_pkey on sbtest7  (cost=0.43..8.46 rows=1 width=10)
	        Index Cond: (id = 188121)

table 8 : explain UPDATE sbtest8 SET k=k+1 WHERE id=2564102
	Update on sbtest8  (cost=0.43..8.46 rows=0 width=0)
	  ->  Index Scan using sbtest8_pkey on sbtest8  (cost=0.43..8.46 rows=1 width=10)
	        Index Cond: (id = 2564102)

for deletes
table 1 : explain DELETE FROM sbtest1 WHERE id=9711724
	Delete on sbtest1  (cost=0.43..8.45 rows=0 width=0)
	  ->  Index Scan using sbtest1_pkey on sbtest1  (cost=0.43..8.45 rows=1 width=6)
	        Index Cond: (id = 9711724)

table 2 : explain DELETE FROM sbtest2 WHERE id=4669678
	Delete on sbtest2  (cost=0.43..8.45 rows=0 width=0)
	  ->  Index Scan using sbtest2_pkey on sbtest2  (cost=0.43..8.45 rows=1 width=6)
	        Index Cond: (id = 4669678)

table 3 : explain DELETE FROM sbtest3 WHERE id=6835345
	Delete on sbtest3  (cost=0.43..8.45 rows=0 width=0)
	  ->  Index Scan using sbtest3_pkey on sbtest3  (cost=0.43..8.45 rows=1 width=6)
	        Index Cond: (id = 6835345)

table 4 : explain DELETE FROM sbtest4 WHERE id=3603693
	Delete on sbtest4  (cost=0.43..8.45 rows=0 width=0)
	  ->  Index Scan using sbtest4_pkey on sbtest4  (cost=0.43..8.45 rows=1 width=6)
	        Index Cond: (id = 3603693)

table 5 : explain DELETE FROM sbtest5 WHERE id=4685708
	Delete on sbtest5  (cost=0.43..8.45 rows=0 width=0)
	  ->  Index Scan using sbtest5_pkey on sbtest5  (cost=0.43..8.45 rows=1 width=6)
	        Index Cond: (id = 4685708)

table 6 : explain DELETE FROM sbtest6 WHERE id=7646092
	Delete on sbtest6  (cost=0.43..8.45 rows=0 width=0)
	  ->  Index Scan using sbtest6_pkey on sbtest6  (cost=0.43..8.45 rows=1 width=6)
	        Index Cond: (id = 7646092)

table 7 : explain DELETE FROM sbtest7 WHERE id=4734296
	Delete on sbtest7  (cost=0.43..8.45 rows=0 width=0)
	  ->  Index Scan using sbtest7_pkey on sbtest7  (cost=0.43..8.45 rows=1 width=6)
	        Index Cond: (id = 4734296)

table 8 : explain DELETE FROM sbtest8 WHERE id=4293222
	Delete on sbtest8  (cost=0.43..8.45 rows=0 width=0)
	  ->  Index Scan using sbtest8_pkey on sbtest8  (cost=0.43..8.45 rows=1 width=6)
	        Index Cond: (id = 4293222)

explain: for non_index_updates :: explain UPDATE sbtest%u SET c='foobar' WHERE id=%u
explain: for inserts :: explain INSERT INTO sbtest%u (id, k, c, pad) VALUES (%u, 13, 'foobar', 'foobar')
for non_index_updates
table 1 : explain UPDATE sbtest1 SET c='foobar' WHERE id=5496482
	Update on sbtest1  (cost=0.43..8.45 rows=0 width=0)
	  ->  Index Scan using sbtest1_pkey on sbtest1  (cost=0.43..8.45 rows=1 width=490)
	        Index Cond: (id = 5496482)

table 2 : explain UPDATE sbtest2 SET c='foobar' WHERE id=278103
	Update on sbtest2  (cost=0.43..8.45 rows=0 width=0)
	  ->  Index Scan using sbtest2_pkey on sbtest2  (cost=0.43..8.45 rows=1 width=490)
	        Index Cond: (id = 278103)

table 3 : explain UPDATE sbtest3 SET c='foobar' WHERE id=4241092
	Update on sbtest3  (cost=0.43..8.45 rows=0 width=0)
	  ->  Index Scan using sbtest3_pkey on sbtest3  (cost=0.43..8.45 rows=1 width=490)
	        Index Cond: (id = 4241092)

table 4 : explain UPDATE sbtest4 SET c='foobar' WHERE id=9091905
	Update on sbtest4  (cost=0.43..8.45 rows=0 width=0)
	  ->  Index Scan using sbtest4_pkey on sbtest4  (cost=0.43..8.45 rows=1 width=490)
	        Index Cond: (id = 9091905)

table 5 : explain UPDATE sbtest5 SET c='foobar' WHERE id=4964270
	Update on sbtest5  (cost=0.43..8.45 rows=0 width=0)
	  ->  Index Scan using sbtest5_pkey on sbtest5  (cost=0.43..8.45 rows=1 width=490)
	        Index Cond: (id = 4964270)

table 6 : explain UPDATE sbtest6 SET c='foobar' WHERE id=2523356
	Update on sbtest6  (cost=0.43..8.45 rows=0 width=0)
	  ->  Index Scan using sbtest6_pkey on sbtest6  (cost=0.43..8.45 rows=1 width=490)
	        Index Cond: (id = 2523356)

table 7 : explain UPDATE sbtest7 SET c='foobar' WHERE id=9449522
	Update on sbtest7  (cost=0.43..8.45 rows=0 width=0)
	  ->  Index Scan using sbtest7_pkey on sbtest7  (cost=0.43..8.45 rows=1 width=490)
	        Index Cond: (id = 9449522)

table 8 : explain UPDATE sbtest8 SET c='foobar' WHERE id=8857492
	Update on sbtest8  (cost=0.43..8.45 rows=0 width=0)
	  ->  Index Scan using sbtest8_pkey on sbtest8  (cost=0.43..8.45 rows=1 width=490)
	        Index Cond: (id = 8857492)

explain: for inserts :: explain INSERT INTO sbtest%u (id, k, c, pad) VALUES (%u, 13, 'foobar', 'foobar')
explain: for deletes :: explain DELETE FROM sbtest%u WHERE id=%u
for inserts
table 1 : explain INSERT INTO sbtest1 (id, k, c, pad) VALUES (5477447, 13, 'foobar', 'foobar')
	Insert on sbtest1  (cost=0.00..0.01 rows=0 width=0)
	  ->  Result  (cost=0.00..0.01 rows=1 width=736)

table 2 : explain INSERT INTO sbtest2 (id, k, c, pad) VALUES (8576110, 13, 'foobar', 'foobar')
	Insert on sbtest2  (cost=0.00..0.01 rows=0 width=0)
	  ->  Result  (cost=0.00..0.01 rows=1 width=736)

table 3 : explain INSERT INTO sbtest3 (id, k, c, pad) VALUES (8963800, 13, 'foobar', 'foobar')
	Insert on sbtest3  (cost=0.00..0.01 rows=0 width=0)
	  ->  Result  (cost=0.00..0.01 rows=1 width=736)

table 4 : explain INSERT INTO sbtest4 (id, k, c, pad) VALUES (26093, 13, 'foobar', 'foobar')
	Insert on sbtest4  (cost=0.00..0.01 rows=0 width=0)
	  ->  Result  (cost=0.00..0.01 rows=1 width=736)

table 5 : explain INSERT INTO sbtest5 (id, k, c, pad) VALUES (2907162, 13, 'foobar', 'foobar')
	Insert on sbtest5  (cost=0.00..0.01 rows=0 width=0)
	  ->  Result  (cost=0.00..0.01 rows=1 width=736)

table 6 : explain INSERT INTO sbtest6 (id, k, c, pad) VALUES (9448453, 13, 'foobar', 'foobar')
	Insert on sbtest6  (cost=0.00..0.01 rows=0 width=0)
	  ->  Result  (cost=0.00..0.01 rows=1 width=736)

table 7 : explain INSERT INTO sbtest7 (id, k, c, pad) VALUES (2802497, 13, 'foobar', 'foobar')
	Insert on sbtest7  (cost=0.00..0.01 rows=0 width=0)
	  ->  Result  (cost=0.00..0.01 rows=1 width=736)

table 8 : explain INSERT INTO sbtest8 (id, k, c, pad) VALUES (3990278, 13, 'foobar', 'foobar')
	Insert on sbtest8  (cost=0.00..0.01 rows=0 width=0)
	  ->  Result  (cost=0.00..0.01 rows=1 width=736)

for non_index_updates
table 1 : explain UPDATE sbtest1 SET c='foobar' WHERE id=6125791
	Update on sbtest1  (cost=0.43..8.45 rows=0 width=0)
	  ->  Index Scan using sbtest1_pkey on sbtest1  (cost=0.43..8.45 rows=1 width=490)
	        Index Cond: (id = 6125791)

table 2 : explain UPDATE sbtest2 SET c='foobar' WHERE id=6406073
	Update on sbtest2  (cost=0.43..8.45 rows=0 width=0)
	  ->  Index Scan using sbtest2_pkey on sbtest2  (cost=0.43..8.45 rows=1 width=490)
	        Index Cond: (id = 6406073)

table 3 : explain UPDATE sbtest3 SET c='foobar' WHERE id=6825531
	Update on sbtest3  (cost=0.43..8.45 rows=0 width=0)
	  ->  Index Scan using sbtest3_pkey on sbtest3  (cost=0.43..8.45 rows=1 width=490)
	        Index Cond: (id = 6825531)

table 4 : explain UPDATE sbtest4 SET c='foobar' WHERE id=2881290
	Update on sbtest4  (cost=0.43..8.45 rows=0 width=0)
	  ->  Index Scan using sbtest4_pkey on sbtest4  (cost=0.43..8.45 rows=1 width=490)
	        Index Cond: (id = 2881290)

table 5 : explain UPDATE sbtest5 SET c='foobar' WHERE id=7819264
	Update on sbtest5  (cost=0.43..8.45 rows=0 width=0)
	  ->  Index Scan using sbtest5_pkey on sbtest5  (cost=0.43..8.45 rows=1 width=490)
	        Index Cond: (id = 7819264)

table 6 : explain UPDATE sbtest6 SET c='foobar' WHERE id=3039658
	Update on sbtest6  (cost=0.43..8.45 rows=0 width=0)
	  ->  Index Scan using sbtest6_pkey on sbtest6  (cost=0.43..8.45 rows=1 width=490)
	        Index Cond: (id = 3039658)

table 7 : explain UPDATE sbtest7 SET c='foobar' WHERE id=657300
	Update on sbtest7  (cost=0.43..8.45 rows=0 width=0)
	  ->  Index Scan using sbtest7_pkey on sbtest7  (cost=0.43..8.45 rows=1 width=490)
	        Index Cond: (id = 657300)

table 8 : explain UPDATE sbtest8 SET c='foobar' WHERE id=5913400
	Update on sbtest8  (cost=0.43..8.45 rows=0 width=0)
	  ->  Index Scan using sbtest8_pkey on sbtest8  (cost=0.43..8.45 rows=1 width=490)
	        Index Cond: (id = 5913400)

explain: for deletes :: explain DELETE FROM sbtest%u WHERE id=%u
for deletes
table 1 : explain DELETE FROM sbtest1 WHERE id=9998358
	Delete on sbtest1  (cost=0.43..8.45 rows=0 width=0)
	  ->  Index Scan using sbtest1_pkey on sbtest1  (cost=0.43..8.45 rows=1 width=6)
	        Index Cond: (id = 9998358)

table 2 : explain DELETE FROM sbtest2 WHERE id=4030939
	Delete on sbtest2  (cost=0.43..8.45 rows=0 width=0)
	  ->  Index Scan using sbtest2_pkey on sbtest2  (cost=0.43..8.45 rows=1 width=6)
	        Index Cond: (id = 4030939)

table 3 : explain DELETE FROM sbtest3 WHERE id=6086021
	Delete on sbtest3  (cost=0.43..8.45 rows=0 width=0)
	  ->  Index Scan using sbtest3_pkey on sbtest3  (cost=0.43..8.45 rows=1 width=6)
	        Index Cond: (id = 6086021)

table 4 : explain DELETE FROM sbtest4 WHERE id=8695864
	Delete on sbtest4  (cost=0.43..8.45 rows=0 width=0)
	  ->  Index Scan using sbtest4_pkey on sbtest4  (cost=0.43..8.45 rows=1 width=6)
	        Index Cond: (id = 8695864)

table 5 : explain DELETE FROM sbtest5 WHERE id=5975208
	Delete on sbtest5  (cost=0.43..8.45 rows=0 width=0)
	  ->  Index Scan using sbtest5_pkey on sbtest5  (cost=0.43..8.45 rows=1 width=6)
	        Index Cond: (id = 5975208)

table 6 : explain DELETE FROM sbtest6 WHERE id=573267
	Delete on sbtest6  (cost=0.43..8.45 rows=0 width=0)
	  ->  Index Scan using sbtest6_pkey on sbtest6  (cost=0.43..8.45 rows=1 width=6)
	        Index Cond: (id = 573267)

table 7 : explain DELETE FROM sbtest7 WHERE id=2761483
	Delete on sbtest7  (cost=0.43..8.45 rows=0 width=0)
	  ->  Index Scan using sbtest7_pkey on sbtest7  (cost=0.43..8.45 rows=1 width=6)
	        Index Cond: (id = 2761483)

table 8 : explain DELETE FROM sbtest8 WHERE id=2783621
	Delete on sbtest8  (cost=0.43..8.45 rows=0 width=0)
	  ->  Index Scan using sbtest8_pkey on sbtest8  (cost=0.43..8.45 rows=1 width=6)
	        Index Cond: (id = 2783621)

for deletes
table 1 : explain DELETE FROM sbtest1 WHERE id=5706336
	Delete on sbtest1  (cost=0.43..8.45 rows=0 width=0)
	  ->  Index Scan using sbtest1_pkey on sbtest1  (cost=0.43..8.45 rows=1 width=6)
	        Index Cond: (id = 5706336)

table 2 : explain DELETE FROM sbtest2 WHERE id=6231883
	Delete on sbtest2  (cost=0.43..8.45 rows=0 width=0)
	  ->  Index Scan using sbtest2_pkey on sbtest2  (cost=0.43..8.45 rows=1 width=6)
	        Index Cond: (id = 6231883)

table 3 : explain DELETE FROM sbtest3 WHERE id=7035280
	Delete on sbtest3  (cost=0.43..8.45 rows=0 width=0)
	  ->  Index Scan using sbtest3_pkey on sbtest3  (cost=0.43..8.45 rows=1 width=6)
	        Index Cond: (id = 7035280)

table 4 : explain DELETE FROM sbtest4 WHERE id=4235586
	Delete on sbtest4  (cost=0.43..8.45 rows=0 width=0)
	  ->  Index Scan using sbtest4_pkey on sbtest4  (cost=0.43..8.45 rows=1 width=6)
	        Index Cond: (id = 4235586)

table 5 : explain DELETE FROM sbtest5 WHERE id=5781453
	Delete on sbtest5  (cost=0.43..8.45 rows=0 width=0)
	  ->  Index Scan using sbtest5_pkey on sbtest5  (cost=0.43..8.45 rows=1 width=6)
	        Index Cond: (id = 5781453)

table 6 : explain DELETE FROM sbtest6 WHERE id=4628218
	Delete on sbtest6  (cost=0.43..8.45 rows=0 width=0)
	  ->  Index Scan using sbtest6_pkey on sbtest6  (cost=0.43..8.45 rows=1 width=6)
	        Index Cond: (id = 4628218)

table 7 : explain DELETE FROM sbtest7 WHERE id=7490699
	Delete on sbtest7  (cost=0.43..8.45 rows=0 width=0)
	  ->  Index Scan using sbtest7_pkey on sbtest7  (cost=0.43..8.45 rows=1 width=6)
	        Index Cond: (id = 7490699)

table 8 : explain DELETE FROM sbtest8 WHERE id=9656145
	Delete on sbtest8  (cost=0.43..8.45 rows=0 width=0)
	  ->  Index Scan using sbtest8_pkey on sbtest8  (cost=0.43..8.45 rows=1 width=6)
	        Index Cond: (id = 9656145)

for inserts
table 1 : explain INSERT INTO sbtest1 (id, k, c, pad) VALUES (8171396, 13, 'foobar', 'foobar')
	Insert on sbtest1  (cost=0.00..0.01 rows=0 width=0)
	  ->  Result  (cost=0.00..0.01 rows=1 width=736)

table 2 : explain INSERT INTO sbtest2 (id, k, c, pad) VALUES (9467996, 13, 'foobar', 'foobar')
	Insert on sbtest2  (cost=0.00..0.01 rows=0 width=0)
	  ->  Result  (cost=0.00..0.01 rows=1 width=736)

table 3 : explain INSERT INTO sbtest3 (id, k, c, pad) VALUES (9719180, 13, 'foobar', 'foobar')
	Insert on sbtest3  (cost=0.00..0.01 rows=0 width=0)
	  ->  Result  (cost=0.00..0.01 rows=1 width=736)

table 4 : explain INSERT INTO sbtest4 (id, k, c, pad) VALUES (789839, 13, 'foobar', 'foobar')
	Insert on sbtest4  (cost=0.00..0.01 rows=0 width=0)
	  ->  Result  (cost=0.00..0.01 rows=1 width=736)

table 5 : explain INSERT INTO sbtest5 (id, k, c, pad) VALUES (6599044, 13, 'foobar', 'foobar')
	Insert on sbtest5  (cost=0.00..0.01 rows=0 width=0)
	  ->  Result  (cost=0.00..0.01 rows=1 width=736)

table 6 : explain INSERT INTO sbtest6 (id, k, c, pad) VALUES (1981568, 13, 'foobar', 'foobar')
	Insert on sbtest6  (cost=0.00..0.01 rows=0 width=0)
	  ->  Result  (cost=0.00..0.01 rows=1 width=736)

table 7 : explain INSERT INTO sbtest7 (id, k, c, pad) VALUES (6172090, 13, 'foobar', 'foobar')
	Insert on sbtest7  (cost=0.00..0.01 rows=0 width=0)
	  ->  Result  (cost=0.00..0.01 rows=1 width=736)

table 8 : explain INSERT INTO sbtest8 (id, k, c, pad) VALUES (233019, 13, 'foobar', 'foobar')
	Insert on sbtest8  (cost=0.00..0.01 rows=0 width=0)
	  ->  Result  (cost=0.00..0.01 rows=1 width=736)

explain: for inserts :: explain INSERT INTO sbtest%u (id, k, c, pad) VALUES (%u, 13, 'foobar', 'foobar')
explain: for inserts :: explain INSERT INTO sbtest%u (id, k, c, pad) VALUES (%u, 13, 'foobar', 'foobar')
for inserts
table 1 : explain INSERT INTO sbtest1 (id, k, c, pad) VALUES (9107846, 13, 'foobar', 'foobar')
	Insert on sbtest1  (cost=0.00..0.01 rows=0 width=0)
	  ->  Result  (cost=0.00..0.01 rows=1 width=736)

table 2 : explain INSERT INTO sbtest2 (id, k, c, pad) VALUES (2288035, 13, 'foobar', 'foobar')
	Insert on sbtest2  (cost=0.00..0.01 rows=0 width=0)
	  ->  Result  (cost=0.00..0.01 rows=1 width=736)

table 3 : explain INSERT INTO sbtest3 (id, k, c, pad) VALUES (6190942, 13, 'foobar', 'foobar')
	Insert on sbtest3  (cost=0.00..0.01 rows=0 width=0)
	  ->  Result  (cost=0.00..0.01 rows=1 width=736)

table 4 : explain INSERT INTO sbtest4 (id, k, c, pad) VALUES (8814336, 13, 'foobar', 'foobar')
	Insert on sbtest4  (cost=0.00..0.01 rows=0 width=0)
	  ->  Result  (cost=0.00..0.01 rows=1 width=736)

table 5 : explain INSERT INTO sbtest5 (id, k, c, pad) VALUES (2258402, 13, 'foobar', 'foobar')
	Insert on sbtest5  (cost=0.00..0.01 rows=0 width=0)
	  ->  Result  (cost=0.00..0.01 rows=1 width=736)

table 6 : explain INSERT INTO sbtest6 (id, k, c, pad) VALUES (919590, 13, 'foobar', 'foobar')
	Insert on sbtest6  (cost=0.00..0.01 rows=0 width=0)
	  ->  Result  (cost=0.00..0.01 rows=1 width=736)

table 7 : explain INSERT INTO sbtest7 (id, k, c, pad) VALUES (2183965, 13, 'foobar', 'foobar')
	Insert on sbtest7  (cost=0.00..0.01 rows=0 width=0)
	  ->  Result  (cost=0.00..0.01 rows=1 width=736)

table 8 : explain INSERT INTO sbtest8 (id, k, c, pad) VALUES (4142815, 13, 'foobar', 'foobar')
	Insert on sbtest8  (cost=0.00..0.01 rows=0 width=0)
	  ->  Result  (cost=0.00..0.01 rows=1 width=736)

explain: for index_updates :: explain UPDATE sbtest%u SET k=k+1 WHERE id=%u
for inserts
table 1 : explain INSERT INTO sbtest1 (id, k, c, pad) VALUES (8467566, 13, 'foobar', 'foobar')
	Insert on sbtest1  (cost=0.00..0.01 rows=0 width=0)
	  ->  Result  (cost=0.00..0.01 rows=1 width=736)

table 2 : explain INSERT INTO sbtest2 (id, k, c, pad) VALUES (4510198, 13, 'foobar', 'foobar')
	Insert on sbtest2  (cost=0.00..0.01 rows=0 width=0)
	  ->  Result  (cost=0.00..0.01 rows=1 width=736)

table 3 : explain INSERT INTO sbtest3 (id, k, c, pad) VALUES (5787305, 13, 'foobar', 'foobar')
	Insert on sbtest3  (cost=0.00..0.01 rows=0 width=0)
	  ->  Result  (cost=0.00..0.01 rows=1 width=736)

table 4 : explain INSERT INTO sbtest4 (id, k, c, pad) VALUES (7850812, 13, 'foobar', 'foobar')
	Insert on sbtest4  (cost=0.00..0.01 rows=0 width=0)
	  ->  Result  (cost=0.00..0.01 rows=1 width=736)

table 5 : explain INSERT INTO sbtest5 (id, k, c, pad) VALUES (5573743, 13, 'foobar', 'foobar')
	Insert on sbtest5  (cost=0.00..0.01 rows=0 width=0)
	  ->  Result  (cost=0.00..0.01 rows=1 width=736)

table 6 : explain INSERT INTO sbtest6 (id, k, c, pad) VALUES (2065141, 13, 'foobar', 'foobar')
	Insert on sbtest6  (cost=0.00..0.01 rows=0 width=0)
	  ->  Result  (cost=0.00..0.01 rows=1 width=736)

table 7 : explain INSERT INTO sbtest7 (id, k, c, pad) VALUES (2436240, 13, 'foobar', 'foobar')
	Insert on sbtest7  (cost=0.00..0.01 rows=0 width=0)
	  ->  Result  (cost=0.00..0.01 rows=1 width=736)

table 8 : explain INSERT INTO sbtest8 (id, k, c, pad) VALUES (1193439, 13, 'foobar', 'foobar')
	Insert on sbtest8  (cost=0.00..0.01 rows=0 width=0)
	  ->  Result  (cost=0.00..0.01 rows=1 width=736)

explain: for index_updates :: explain UPDATE sbtest%u SET k=k+1 WHERE id=%u
for index_updates
table 1 : explain UPDATE sbtest1 SET k=k+1 WHERE id=2462979
	Update on sbtest1  (cost=0.43..8.46 rows=0 width=0)
	  ->  Index Scan using sbtest1_pkey on sbtest1  (cost=0.43..8.46 rows=1 width=10)
	        Index Cond: (id = 2462979)

table 2 : explain UPDATE sbtest2 SET k=k+1 WHERE id=3255144
	Update on sbtest2  (cost=0.43..8.46 rows=0 width=0)
	  ->  Index Scan using sbtest2_pkey on sbtest2  (cost=0.43..8.46 rows=1 width=10)
	        Index Cond: (id = 3255144)

table 3 : explain UPDATE sbtest3 SET k=k+1 WHERE id=4922983
	Update on sbtest3  (cost=0.43..8.46 rows=0 width=0)
	  ->  Index Scan using sbtest3_pkey on sbtest3  (cost=0.43..8.46 rows=1 width=10)
	        Index Cond: (id = 4922983)

table 4 : explain UPDATE sbtest4 SET k=k+1 WHERE id=655196
	Update on sbtest4  (cost=0.43..8.46 rows=0 width=0)
	  ->  Index Scan using sbtest4_pkey on sbtest4  (cost=0.43..8.46 rows=1 width=10)
	        Index Cond: (id = 655196)

table 5 : explain UPDATE sbtest5 SET k=k+1 WHERE id=1751926
	Update on sbtest5  (cost=0.43..8.46 rows=0 width=0)
	  ->  Index Scan using sbtest5_pkey on sbtest5  (cost=0.43..8.46 rows=1 width=10)
	        Index Cond: (id = 1751926)

table 6 : explain UPDATE sbtest6 SET k=k+1 WHERE id=285478
	Update on sbtest6  (cost=0.43..8.46 rows=0 width=0)
	  ->  Index Scan using sbtest6_pkey on sbtest6  (cost=0.43..8.46 rows=1 width=10)
	        Index Cond: (id = 285478)

table 7 : explain UPDATE sbtest7 SET k=k+1 WHERE id=5694538
	Update on sbtest7  (cost=0.43..8.46 rows=0 width=0)
	  ->  Index Scan using sbtest7_pkey on sbtest7  (cost=0.43..8.46 rows=1 width=10)
	        Index Cond: (id = 5694538)

table 8 : explain UPDATE sbtest8 SET k=k+1 WHERE id=6365613
	Update on sbtest8  (cost=0.43..8.46 rows=0 width=0)
	  ->  Index Scan using sbtest8_pkey on sbtest8  (cost=0.43..8.46 rows=1 width=10)
	        Index Cond: (id = 6365613)

explain: for index_updates :: explain UPDATE sbtest%u SET k=k+1 WHERE id=%u
explain: for index_updates :: explain UPDATE sbtest%u SET k=k+1 WHERE id=%u
explain: for non_index_updates :: explain UPDATE sbtest%u SET c='foobar' WHERE id=%u
for non_index_updates
table 1 : explain UPDATE sbtest1 SET c='foobar' WHERE id=7247461
	Update on sbtest1  (cost=0.43..8.45 rows=0 width=0)
	  ->  Index Scan using sbtest1_pkey on sbtest1  (cost=0.43..8.45 rows=1 width=490)
	        Index Cond: (id = 7247461)

table 2 : explain UPDATE sbtest2 SET c='foobar' WHERE id=7467138
	Update on sbtest2  (cost=0.43..8.45 rows=0 width=0)
	  ->  Index Scan using sbtest2_pkey on sbtest2  (cost=0.43..8.45 rows=1 width=490)
	        Index Cond: (id = 7467138)

table 3 : explain UPDATE sbtest3 SET c='foobar' WHERE id=8128846
	Update on sbtest3  (cost=0.43..8.45 rows=0 width=0)
	  ->  Index Scan using sbtest3_pkey on sbtest3  (cost=0.43..8.45 rows=1 width=490)
	        Index Cond: (id = 8128846)

table 4 : explain UPDATE sbtest4 SET c='foobar' WHERE id=7597128
	Update on sbtest4  (cost=0.43..8.45 rows=0 width=0)
	  ->  Index Scan using sbtest4_pkey on sbtest4  (cost=0.43..8.45 rows=1 width=490)
	        Index Cond: (id = 7597128)

table 5 : explain UPDATE sbtest5 SET c='foobar' WHERE id=1517470
	Update on sbtest5  (cost=0.43..8.45 rows=0 width=0)
	  ->  Index Scan using sbtest5_pkey on sbtest5  (cost=0.43..8.45 rows=1 width=490)
	        Index Cond: (id = 1517470)

table 6 : explain UPDATE sbtest6 SET c='foobar' WHERE id=764376
	Update on sbtest6  (cost=0.43..8.45 rows=0 width=0)
	  ->  Index Scan using sbtest6_pkey on sbtest6  (cost=0.43..8.45 rows=1 width=490)
	        Index Cond: (id = 764376)

table 7 : explain UPDATE sbtest7 SET c='foobar' WHERE id=1476787
	Update on sbtest7  (cost=0.43..8.45 rows=0 width=0)
	  ->  Index Scan using sbtest7_pkey on sbtest7  (cost=0.43..8.45 rows=1 width=490)
	        Index Cond: (id = 1476787)

table 8 : explain UPDATE sbtest8 SET c='foobar' WHERE id=3543753
	Update on sbtest8  (cost=0.43..8.45 rows=0 width=0)
	  ->  Index Scan using sbtest8_pkey on sbtest8  (cost=0.43..8.45 rows=1 width=490)
	        Index Cond: (id = 3543753)

explain: for deletes :: explain DELETE FROM sbtest%u WHERE id=%u
for index_updates
table 1 : explain UPDATE sbtest1 SET k=k+1 WHERE id=2325912
	Update on sbtest1  (cost=0.43..8.46 rows=0 width=0)
	  ->  Index Scan using sbtest1_pkey on sbtest1  (cost=0.43..8.46 rows=1 width=10)
	        Index Cond: (id = 2325912)

table 2 : explain UPDATE sbtest2 SET k=k+1 WHERE id=1209253
	Update on sbtest2  (cost=0.43..8.46 rows=0 width=0)
	  ->  Index Scan using sbtest2_pkey on sbtest2  (cost=0.43..8.46 rows=1 width=10)
	        Index Cond: (id = 1209253)

table 3 : explain UPDATE sbtest3 SET k=k+1 WHERE id=9808183
	Update on sbtest3  (cost=0.43..8.46 rows=0 width=0)
	  ->  Index Scan using sbtest3_pkey on sbtest3  (cost=0.43..8.46 rows=1 width=10)
	        Index Cond: (id = 9808183)

table 4 : explain UPDATE sbtest4 SET k=k+1 WHERE id=1942086
	Update on sbtest4  (cost=0.43..8.46 rows=0 width=0)
	  ->  Index Scan using sbtest4_pkey on sbtest4  (cost=0.43..8.46 rows=1 width=10)
	        Index Cond: (id = 1942086)

table 5 : explain UPDATE sbtest5 SET k=k+1 WHERE id=3007391
	Update on sbtest5  (cost=0.43..8.46 rows=0 width=0)
	  ->  Index Scan using sbtest5_pkey on sbtest5  (cost=0.43..8.46 rows=1 width=10)
	        Index Cond: (id = 3007391)

table 6 : explain UPDATE sbtest6 SET k=k+1 WHERE id=4514638
	Update on sbtest6  (cost=0.43..8.46 rows=0 width=0)
	  ->  Index Scan using sbtest6_pkey on sbtest6  (cost=0.43..8.46 rows=1 width=10)
	        Index Cond: (id = 4514638)

table 7 : explain UPDATE sbtest7 SET k=k+1 WHERE id=9648646
	Update on sbtest7  (cost=0.43..8.46 rows=0 width=0)
	  ->  Index Scan using sbtest7_pkey on sbtest7  (cost=0.43..8.46 rows=1 width=10)
	        Index Cond: (id = 9648646)

table 8 : explain UPDATE sbtest8 SET k=k+1 WHERE id=8870857
	Update on sbtest8  (cost=0.43..8.46 rows=0 width=0)
	  ->  Index Scan using sbtest8_pkey on sbtest8  (cost=0.43..8.46 rows=1 width=10)
	        Index Cond: (id = 8870857)

explain: for non_index_updates :: explain UPDATE sbtest%u SET c='foobar' WHERE id=%u
explain: for index_updates :: explain UPDATE sbtest%u SET k=k+1 WHERE id=%u
for index_updates
table 1 : explain UPDATE sbtest1 SET k=k+1 WHERE id=1517693
	Update on sbtest1  (cost=0.43..8.46 rows=0 width=0)
	  ->  Index Scan using sbtest1_pkey on sbtest1  (cost=0.43..8.46 rows=1 width=10)
	        Index Cond: (id = 1517693)

table 2 : explain UPDATE sbtest2 SET k=k+1 WHERE id=6790909
	Update on sbtest2  (cost=0.43..8.46 rows=0 width=0)
	  ->  Index Scan using sbtest2_pkey on sbtest2  (cost=0.43..8.46 rows=1 width=10)
	        Index Cond: (id = 6790909)

table 3 : explain UPDATE sbtest3 SET k=k+1 WHERE id=4654699
	Update on sbtest3  (cost=0.43..8.46 rows=0 width=0)
	  ->  Index Scan using sbtest3_pkey on sbtest3  (cost=0.43..8.46 rows=1 width=10)
	        Index Cond: (id = 4654699)

table 4 : explain UPDATE sbtest4 SET k=k+1 WHERE id=9599439
	Update on sbtest4  (cost=0.43..8.46 rows=0 width=0)
	  ->  Index Scan using sbtest4_pkey on sbtest4  (cost=0.43..8.46 rows=1 width=10)
	        Index Cond: (id = 9599439)

table 5 : explain UPDATE sbtest5 SET k=k+1 WHERE id=9030783
	Update on sbtest5  (cost=0.43..8.46 rows=0 width=0)
	  ->  Index Scan using sbtest5_pkey on sbtest5  (cost=0.43..8.46 rows=1 width=10)
	        Index Cond: (id = 9030783)

table 6 : explain UPDATE sbtest6 SET k=k+1 WHERE id=6908862
	Update on sbtest6  (cost=0.43..8.46 rows=0 width=0)
	  ->  Index Scan using sbtest6_pkey on sbtest6  (cost=0.43..8.46 rows=1 width=10)
	        Index Cond: (id = 6908862)

table 7 : explain UPDATE sbtest7 SET k=k+1 WHERE id=1080704
	Update on sbtest7  (cost=0.43..8.46 rows=0 width=0)
	  ->  Index Scan using sbtest7_pkey on sbtest7  (cost=0.43..8.46 rows=1 width=10)
	        Index Cond: (id = 1080704)

table 8 : explain UPDATE sbtest8 SET k=k+1 WHERE id=8132529
	Update on sbtest8  (cost=0.43..8.46 rows=0 width=0)
	  ->  Index Scan using sbtest8_pkey on sbtest8  (cost=0.43..8.46 rows=1 width=10)
	        Index Cond: (id = 8132529)

for deletes
table 1 : explain DELETE FROM sbtest1 WHERE id=3322116
	Delete on sbtest1  (cost=0.43..8.45 rows=0 width=0)
	  ->  Index Scan using sbtest1_pkey on sbtest1  (cost=0.43..8.45 rows=1 width=6)
	        Index Cond: (id = 3322116)

table 2 : explain DELETE FROM sbtest2 WHERE id=5350330
	Delete on sbtest2  (cost=0.43..8.45 rows=0 width=0)
	  ->  Index Scan using sbtest2_pkey on sbtest2  (cost=0.43..8.45 rows=1 width=6)
	        Index Cond: (id = 5350330)

table 3 : explain DELETE FROM sbtest3 WHERE id=3756016
	Delete on sbtest3  (cost=0.43..8.45 rows=0 width=0)
	  ->  Index Scan using sbtest3_pkey on sbtest3  (cost=0.43..8.45 rows=1 width=6)
	        Index Cond: (id = 3756016)

table 4 : explain DELETE FROM sbtest4 WHERE id=8705292
	Delete on sbtest4  (cost=0.43..8.45 rows=0 width=0)
	  ->  Index Scan using sbtest4_pkey on sbtest4  (cost=0.43..8.45 rows=1 width=6)
	        Index Cond: (id = 8705292)

table 5 : explain DELETE FROM sbtest5 WHERE id=5910457
	Delete on sbtest5  (cost=0.43..8.45 rows=0 width=0)
	  ->  Index Scan using sbtest5_pkey on sbtest5  (cost=0.43..8.45 rows=1 width=6)
	        Index Cond: (id = 5910457)

table 6 : explain DELETE FROM sbtest6 WHERE id=2878447
	Delete on sbtest6  (cost=0.43..8.45 rows=0 width=0)
	  ->  Index Scan using sbtest6_pkey on sbtest6  (cost=0.43..8.45 rows=1 width=6)
	        Index Cond: (id = 2878447)

table 7 : explain DELETE FROM sbtest7 WHERE id=1019412
	Delete on sbtest7  (cost=0.43..8.45 rows=0 width=0)
	  ->  Index Scan using sbtest7_pkey on sbtest7  (cost=0.43..8.45 rows=1 width=6)
	        Index Cond: (id = 1019412)

table 8 : explain DELETE FROM sbtest8 WHERE id=5885156
	Delete on sbtest8  (cost=0.43..8.45 rows=0 width=0)
	  ->  Index Scan using sbtest8_pkey on sbtest8  (cost=0.43..8.45 rows=1 width=6)
	        Index Cond: (id = 5885156)

explain: for non_index_updates :: explain UPDATE sbtest%u SET c='foobar' WHERE id=%u
for non_index_updates
table 1 : explain UPDATE sbtest1 SET c='foobar' WHERE id=4923456
	Update on sbtest1  (cost=0.43..8.45 rows=0 width=0)
	  ->  Index Scan using sbtest1_pkey on sbtest1  (cost=0.43..8.45 rows=1 width=490)
	        Index Cond: (id = 4923456)

table 2 : explain UPDATE sbtest2 SET c='foobar' WHERE id=4466078
	Update on sbtest2  (cost=0.43..8.45 rows=0 width=0)
	  ->  Index Scan using sbtest2_pkey on sbtest2  (cost=0.43..8.45 rows=1 width=490)
	        Index Cond: (id = 4466078)

table 3 : explain UPDATE sbtest3 SET c='foobar' WHERE id=160778
	Update on sbtest3  (cost=0.43..8.45 rows=0 width=0)
	  ->  Index Scan using sbtest3_pkey on sbtest3  (cost=0.43..8.45 rows=1 width=490)
	        Index Cond: (id = 160778)

table 4 : explain UPDATE sbtest4 SET c='foobar' WHERE id=3626066
	Update on sbtest4  (cost=0.43..8.45 rows=0 width=0)
	  ->  Index Scan using sbtest4_pkey on sbtest4  (cost=0.43..8.45 rows=1 width=490)
	        Index Cond: (id = 3626066)

table 5 : explain UPDATE sbtest5 SET c='foobar' WHERE id=7594514
	Update on sbtest5  (cost=0.43..8.45 rows=0 width=0)
	  ->  Index Scan using sbtest5_pkey on sbtest5  (cost=0.43..8.45 rows=1 width=490)
	        Index Cond: (id = 7594514)

table 6 : explain UPDATE sbtest6 SET c='foobar' WHERE id=1531004
	Update on sbtest6  (cost=0.43..8.45 rows=0 width=0)
	  ->  Index Scan using sbtest6_pkey on sbtest6  (cost=0.43..8.45 rows=1 width=490)
	        Index Cond: (id = 1531004)

table 7 : explain UPDATE sbtest7 SET c='foobar' WHERE id=1542340
	Update on sbtest7  (cost=0.43..8.45 rows=0 width=0)
	  ->  Index Scan using sbtest7_pkey on sbtest7  (cost=0.43..8.45 rows=1 width=490)
	        Index Cond: (id = 1542340)

table 8 : explain UPDATE sbtest8 SET c='foobar' WHERE id=1309319
	Update on sbtest8  (cost=0.43..8.45 rows=0 width=0)
	  ->  Index Scan using sbtest8_pkey on sbtest8  (cost=0.43..8.45 rows=1 width=490)
	        Index Cond: (id = 1309319)

explain: for inserts :: explain INSERT INTO sbtest%u (id, k, c, pad) VALUES (%u, 13, 'foobar', 'foobar')
for index_updates
table 1 : explain UPDATE sbtest1 SET k=k+1 WHERE id=5090
	Update on sbtest1  (cost=0.43..8.46 rows=0 width=0)
	  ->  Index Scan using sbtest1_pkey on sbtest1  (cost=0.43..8.46 rows=1 width=10)
	        Index Cond: (id = 5090)

table 2 : explain UPDATE sbtest2 SET k=k+1 WHERE id=1259011
	Update on sbtest2  (cost=0.43..8.46 rows=0 width=0)
	  ->  Index Scan using sbtest2_pkey on sbtest2  (cost=0.43..8.46 rows=1 width=10)
	        Index Cond: (id = 1259011)

table 3 : explain UPDATE sbtest3 SET k=k+1 WHERE id=786287
	Update on sbtest3  (cost=0.43..8.46 rows=0 width=0)
	  ->  Index Scan using sbtest3_pkey on sbtest3  (cost=0.43..8.46 rows=1 width=10)
	        Index Cond: (id = 786287)

table 4 : explain UPDATE sbtest4 SET k=k+1 WHERE id=5656977
	Update on sbtest4  (cost=0.43..8.46 rows=0 width=0)
	  ->  Index Scan using sbtest4_pkey on sbtest4  (cost=0.43..8.46 rows=1 width=10)
	        Index Cond: (id = 5656977)

table 5 : explain UPDATE sbtest5 SET k=k+1 WHERE id=678628
	Update on sbtest5  (cost=0.43..8.46 rows=0 width=0)
	  ->  Index Scan using sbtest5_pkey on sbtest5  (cost=0.43..8.46 rows=1 width=10)
	        Index Cond: (id = 678628)

table 6 : explain UPDATE sbtest6 SET k=k+1 WHERE id=7067247
	Update on sbtest6  (cost=0.43..8.46 rows=0 width=0)
	  ->  Index Scan using sbtest6_pkey on sbtest6  (cost=0.43..8.46 rows=1 width=10)
	        Index Cond: (id = 7067247)

table 7 : explain UPDATE sbtest7 SET k=k+1 WHERE id=8709572
	Update on sbtest7  (cost=0.43..8.46 rows=0 width=0)
	  ->  Index Scan using sbtest7_pkey on sbtest7  (cost=0.43..8.46 rows=1 width=10)
	        Index Cond: (id = 8709572)

table 8 : explain UPDATE sbtest8 SET k=k+1 WHERE id=1527391
	Update on sbtest8  (cost=0.43..8.46 rows=0 width=0)
	  ->  Index Scan using sbtest8_pkey on sbtest8  (cost=0.43..8.46 rows=1 width=10)
	        Index Cond: (id = 1527391)

explain: for deletes :: explain DELETE FROM sbtest%u WHERE id=%u
explain: for non_index_updates :: explain UPDATE sbtest%u SET c='foobar' WHERE id=%u
for inserts
table 1 : explain INSERT INTO sbtest1 (id, k, c, pad) VALUES (2054065, 13, 'foobar', 'foobar')
	Insert on sbtest1  (cost=0.00..0.01 rows=0 width=0)
	  ->  Result  (cost=0.00..0.01 rows=1 width=736)

table 2 : explain INSERT INTO sbtest2 (id, k, c, pad) VALUES (1881291, 13, 'foobar', 'foobar')
	Insert on sbtest2  (cost=0.00..0.01 rows=0 width=0)
	  ->  Result  (cost=0.00..0.01 rows=1 width=736)

table 3 : explain INSERT INTO sbtest3 (id, k, c, pad) VALUES (1634551, 13, 'foobar', 'foobar')
	Insert on sbtest3  (cost=0.00..0.01 rows=0 width=0)
	  ->  Result  (cost=0.00..0.01 rows=1 width=736)

table 4 : explain INSERT INTO sbtest4 (id, k, c, pad) VALUES (9584345, 13, 'foobar', 'foobar')
	Insert on sbtest4  (cost=0.00..0.01 rows=0 width=0)
	  ->  Result  (cost=0.00..0.01 rows=1 width=736)

table 5 : explain INSERT INTO sbtest5 (id, k, c, pad) VALUES (62237, 13, 'foobar', 'foobar')
	Insert on sbtest5  (cost=0.00..0.01 rows=0 width=0)
	  ->  Result  (cost=0.00..0.01 rows=1 width=736)

table 6 : explain INSERT INTO sbtest6 (id, k, c, pad) VALUES (7351415, 13, 'foobar', 'foobar')
	Insert on sbtest6  (cost=0.00..0.01 rows=0 width=0)
	  ->  Result  (cost=0.00..0.01 rows=1 width=736)

table 7 : explain INSERT INTO sbtest7 (id, k, c, pad) VALUES (754732, 13, 'foobar', 'foobar')
	Insert on sbtest7  (cost=0.00..0.01 rows=0 width=0)
	  ->  Result  (cost=0.00..0.01 rows=1 width=736)

table 8 : explain INSERT INTO sbtest8 (id, k, c, pad) VALUES (6433984, 13, 'foobar', 'foobar')
	Insert on sbtest8  (cost=0.00..0.01 rows=0 width=0)
	  ->  Result  (cost=0.00..0.01 rows=1 width=736)

for non_index_updates
table 1 : explain UPDATE sbtest1 SET c='foobar' WHERE id=3661443
	Update on sbtest1  (cost=0.43..8.45 rows=0 width=0)
	  ->  Index Scan using sbtest1_pkey on sbtest1  (cost=0.43..8.45 rows=1 width=490)
	        Index Cond: (id = 3661443)

table 2 : explain UPDATE sbtest2 SET c='foobar' WHERE id=8640437
	Update on sbtest2  (cost=0.43..8.45 rows=0 width=0)
	  ->  Index Scan using sbtest2_pkey on sbtest2  (cost=0.43..8.45 rows=1 width=490)
	        Index Cond: (id = 8640437)

table 3 : explain UPDATE sbtest3 SET c='foobar' WHERE id=3022558
	Update on sbtest3  (cost=0.43..8.45 rows=0 width=0)
	  ->  Index Scan using sbtest3_pkey on sbtest3  (cost=0.43..8.45 rows=1 width=490)
	        Index Cond: (id = 3022558)

table 4 : explain UPDATE sbtest4 SET c='foobar' WHERE id=7067391
	Update on sbtest4  (cost=0.43..8.45 rows=0 width=0)
	  ->  Index Scan using sbtest4_pkey on sbtest4  (cost=0.43..8.45 rows=1 width=490)
	        Index Cond: (id = 7067391)

table 5 : explain UPDATE sbtest5 SET c='foobar' WHERE id=52737
	Update on sbtest5  (cost=0.43..8.45 rows=0 width=0)
	  ->  Index Scan using sbtest5_pkey on sbtest5  (cost=0.43..8.45 rows=1 width=490)
	        Index Cond: (id = 52737)

table 6 : explain UPDATE sbtest6 SET c='foobar' WHERE id=6499480
	Update on sbtest6  (cost=0.43..8.45 rows=0 width=0)
	  ->  Index Scan using sbtest6_pkey on sbtest6  (cost=0.43..8.45 rows=1 width=490)
	        Index Cond: (id = 6499480)

table 7 : explain UPDATE sbtest7 SET c='foobar' WHERE id=5377691
	Update on sbtest7  (cost=0.43..8.45 rows=0 width=0)
	  ->  Index Scan using sbtest7_pkey on sbtest7  (cost=0.43..8.45 rows=1 width=490)
	        Index Cond: (id = 5377691)

table 8 : explain UPDATE sbtest8 SET c='foobar' WHERE id=4900028
	Update on sbtest8  (cost=0.43..8.45 rows=0 width=0)
	  ->  Index Scan using sbtest8_pkey on sbtest8  (cost=0.43..8.45 rows=1 width=490)
	        Index Cond: (id = 4900028)

for deletes
table 1 : explain DELETE FROM sbtest1 WHERE id=7953756
	Delete on sbtest1  (cost=0.43..8.45 rows=0 width=0)
	  ->  Index Scan using sbtest1_pkey on sbtest1  (cost=0.43..8.45 rows=1 width=6)
	        Index Cond: (id = 7953756)

table 2 : explain DELETE FROM sbtest2 WHERE id=759653
	Delete on sbtest2  (cost=0.43..8.45 rows=0 width=0)
	  ->  Index Scan using sbtest2_pkey on sbtest2  (cost=0.43..8.45 rows=1 width=6)
	        Index Cond: (id = 759653)

table 3 : explain DELETE FROM sbtest3 WHERE id=7047280
	Delete on sbtest3  (cost=0.43..8.45 rows=0 width=0)
	  ->  Index Scan using sbtest3_pkey on sbtest3  (cost=0.43..8.45 rows=1 width=6)
	        Index Cond: (id = 7047280)

table 4 : explain DELETE FROM sbtest4 WHERE id=7238260
	Delete on sbtest4  (cost=0.43..8.45 rows=0 width=0)
	  ->  Index Scan using sbtest4_pkey on sbtest4  (cost=0.43..8.45 rows=1 width=6)
	        Index Cond: (id = 7238260)

table 5 : explain DELETE FROM sbtest5 WHERE id=2469528
	Delete on sbtest5  (cost=0.43..8.45 rows=0 width=0)
	  ->  Index Scan using sbtest5_pkey on sbtest5  (cost=0.43..8.45 rows=1 width=6)
	        Index Cond: (id = 2469528)

table 6 : explain DELETE FROM sbtest6 WHERE id=8005266
	Delete on sbtest6  (cost=0.43..8.45 rows=0 width=0)
	  ->  Index Scan using sbtest6_pkey on sbtest6  (cost=0.43..8.45 rows=1 width=6)
	        Index Cond: (id = 8005266)

table 7 : explain DELETE FROM sbtest7 WHERE id=5285818
	Delete on sbtest7  (cost=0.43..8.45 rows=0 width=0)
	  ->  Index Scan using sbtest7_pkey on sbtest7  (cost=0.43..8.45 rows=1 width=6)
	        Index Cond: (id = 5285818)

table 8 : explain DELETE FROM sbtest8 WHERE id=4781985
	Delete on sbtest8  (cost=0.43..8.45 rows=0 width=0)
	  ->  Index Scan using sbtest8_pkey on sbtest8  (cost=0.43..8.45 rows=1 width=6)
	        Index Cond: (id = 4781985)

explain: for deletes :: explain DELETE FROM sbtest%u WHERE id=%u
for non_index_updates
table 1 : explain UPDATE sbtest1 SET c='foobar' WHERE id=3582621
	Update on sbtest1  (cost=0.43..8.45 rows=0 width=0)
	  ->  Index Scan using sbtest1_pkey on sbtest1  (cost=0.43..8.45 rows=1 width=490)
	        Index Cond: (id = 3582621)

table 2 : explain UPDATE sbtest2 SET c='foobar' WHERE id=46888
	Update on sbtest2  (cost=0.43..8.45 rows=0 width=0)
	  ->  Index Scan using sbtest2_pkey on sbtest2  (cost=0.43..8.45 rows=1 width=490)
	        Index Cond: (id = 46888)

table 3 : explain UPDATE sbtest3 SET c='foobar' WHERE id=4909661
	Update on sbtest3  (cost=0.43..8.45 rows=0 width=0)
	  ->  Index Scan using sbtest3_pkey on sbtest3  (cost=0.43..8.45 rows=1 width=490)
	        Index Cond: (id = 4909661)

table 4 : explain UPDATE sbtest4 SET c='foobar' WHERE id=9446471
	Update on sbtest4  (cost=0.43..8.45 rows=0 width=0)
	  ->  Index Scan using sbtest4_pkey on sbtest4  (cost=0.43..8.45 rows=1 width=490)
	        Index Cond: (id = 9446471)

table 5 : explain UPDATE sbtest5 SET c='foobar' WHERE id=6416027
	Update on sbtest5  (cost=0.43..8.45 rows=0 width=0)
	  ->  Index Scan using sbtest5_pkey on sbtest5  (cost=0.43..8.45 rows=1 width=490)
	        Index Cond: (id = 6416027)

table 6 : explain UPDATE sbtest6 SET c='foobar' WHERE id=5392039
	Update on sbtest6  (cost=0.43..8.45 rows=0 width=0)
	  ->  Index Scan using sbtest6_pkey on sbtest6  (cost=0.43..8.45 rows=1 width=490)
	        Index Cond: (id = 5392039)

table 7 : explain UPDATE sbtest7 SET c='foobar' WHERE id=2242025
	Update on sbtest7  (cost=0.43..8.45 rows=0 width=0)
	  ->  Index Scan using sbtest7_pkey on sbtest7  (cost=0.43..8.45 rows=1 width=490)
	        Index Cond: (id = 2242025)

table 8 : explain UPDATE sbtest8 SET c='foobar' WHERE id=4058476
	Update on sbtest8  (cost=0.43..8.45 rows=0 width=0)
	  ->  Index Scan using sbtest8_pkey on sbtest8  (cost=0.43..8.45 rows=1 width=490)
	        Index Cond: (id = 4058476)

for index_updates
table 1 : explain UPDATE sbtest1 SET k=k+1 WHERE id=3252406
	Update on sbtest1  (cost=0.43..8.46 rows=0 width=0)
	  ->  Index Scan using sbtest1_pkey on sbtest1  (cost=0.43..8.46 rows=1 width=10)
	        Index Cond: (id = 3252406)

table 2 : explain UPDATE sbtest2 SET k=k+1 WHERE id=9559458
	Update on sbtest2  (cost=0.43..8.46 rows=0 width=0)
	  ->  Index Scan using sbtest2_pkey on sbtest2  (cost=0.43..8.46 rows=1 width=10)
	        Index Cond: (id = 9559458)

table 3 : explain UPDATE sbtest3 SET k=k+1 WHERE id=5809374
	Update on sbtest3  (cost=0.43..8.46 rows=0 width=0)
	  ->  Index Scan using sbtest3_pkey on sbtest3  (cost=0.43..8.46 rows=1 width=10)
	        Index Cond: (id = 5809374)

table 4 : explain UPDATE sbtest4 SET k=k+1 WHERE id=340577
	Update on sbtest4  (cost=0.43..8.46 rows=0 width=0)
	  ->  Index Scan using sbtest4_pkey on sbtest4  (cost=0.43..8.46 rows=1 width=10)
	        Index Cond: (id = 340577)

table 5 : explain UPDATE sbtest5 SET k=k+1 WHERE id=8381621
	Update on sbtest5  (cost=0.43..8.46 rows=0 width=0)
	  ->  Index Scan using sbtest5_pkey on sbtest5  (cost=0.43..8.46 rows=1 width=10)
	        Index Cond: (id = 8381621)

table 6 : explain UPDATE sbtest6 SET k=k+1 WHERE id=1703285
	Update on sbtest6  (cost=0.43..8.46 rows=0 width=0)
	  ->  Index Scan using sbtest6_pkey on sbtest6  (cost=0.43..8.46 rows=1 width=10)
	        Index Cond: (id = 1703285)

table 7 : explain UPDATE sbtest7 SET k=k+1 WHERE id=182083
	Update on sbtest7  (cost=0.43..8.46 rows=0 width=0)
	  ->  Index Scan using sbtest7_pkey on sbtest7  (cost=0.43..8.46 rows=1 width=10)
	        Index Cond: (id = 182083)

table 8 : explain UPDATE sbtest8 SET k=k+1 WHERE id=3686544
	Update on sbtest8  (cost=0.43..8.46 rows=0 width=0)
	  ->  Index Scan using sbtest8_pkey on sbtest8  (cost=0.43..8.46 rows=1 width=10)
	        Index Cond: (id = 3686544)

explain: for inserts :: explain INSERT INTO sbtest%u (id, k, c, pad) VALUES (%u, 13, 'foobar', 'foobar')
explain: for deletes :: explain DELETE FROM sbtest%u WHERE id=%u
for deletes
table 1 : explain DELETE FROM sbtest1 WHERE id=7013898
	Delete on sbtest1  (cost=0.43..8.45 rows=0 width=0)
	  ->  Index Scan using sbtest1_pkey on sbtest1  (cost=0.43..8.45 rows=1 width=6)
	        Index Cond: (id = 7013898)

table 2 : explain DELETE FROM sbtest2 WHERE id=5973420
	Delete on sbtest2  (cost=0.43..8.45 rows=0 width=0)
	  ->  Index Scan using sbtest2_pkey on sbtest2  (cost=0.43..8.45 rows=1 width=6)
	        Index Cond: (id = 5973420)

table 3 : explain DELETE FROM sbtest3 WHERE id=8425252
	Delete on sbtest3  (cost=0.43..8.45 rows=0 width=0)
	  ->  Index Scan using sbtest3_pkey on sbtest3  (cost=0.43..8.45 rows=1 width=6)
	        Index Cond: (id = 8425252)

table 4 : explain DELETE FROM sbtest4 WHERE id=8364981
	Delete on sbtest4  (cost=0.43..8.45 rows=0 width=0)
	  ->  Index Scan using sbtest4_pkey on sbtest4  (cost=0.43..8.45 rows=1 width=6)
	        Index Cond: (id = 8364981)

table 5 : explain DELETE FROM sbtest5 WHERE id=194874
	Delete on sbtest5  (cost=0.43..8.45 rows=0 width=0)
	  ->  Index Scan using sbtest5_pkey on sbtest5  (cost=0.43..8.45 rows=1 width=6)
	        Index Cond: (id = 194874)

table 6 : explain DELETE FROM sbtest6 WHERE id=2728641
	Delete on sbtest6  (cost=0.43..8.45 rows=0 width=0)
	  ->  Index Scan using sbtest6_pkey on sbtest6  (cost=0.43..8.45 rows=1 width=6)
	        Index Cond: (id = 2728641)

table 7 : explain DELETE FROM sbtest7 WHERE id=7594944
	Delete on sbtest7  (cost=0.43..8.45 rows=0 width=0)
	  ->  Index Scan using sbtest7_pkey on sbtest7  (cost=0.43..8.45 rows=1 width=6)
	        Index Cond: (id = 7594944)

table 8 : explain DELETE FROM sbtest8 WHERE id=9468257
	Delete on sbtest8  (cost=0.43..8.45 rows=0 width=0)
	  ->  Index Scan using sbtest8_pkey on sbtest8  (cost=0.43..8.45 rows=1 width=6)
	        Index Cond: (id = 9468257)

explain: for non_index_updates :: explain UPDATE sbtest%u SET c='foobar' WHERE id=%u
for inserts
table 1 : explain INSERT INTO sbtest1 (id, k, c, pad) VALUES (6376121, 13, 'foobar', 'foobar')
	Insert on sbtest1  (cost=0.00..0.01 rows=0 width=0)
	  ->  Result  (cost=0.00..0.01 rows=1 width=736)

table 2 : explain INSERT INTO sbtest2 (id, k, c, pad) VALUES (5050628, 13, 'foobar', 'foobar')
	Insert on sbtest2  (cost=0.00..0.01 rows=0 width=0)
	  ->  Result  (cost=0.00..0.01 rows=1 width=736)

table 3 : explain INSERT INTO sbtest3 (id, k, c, pad) VALUES (602686, 13, 'foobar', 'foobar')
	Insert on sbtest3  (cost=0.00..0.01 rows=0 width=0)
	  ->  Result  (cost=0.00..0.01 rows=1 width=736)

table 4 : explain INSERT INTO sbtest4 (id, k, c, pad) VALUES (3825761, 13, 'foobar', 'foobar')
	Insert on sbtest4  (cost=0.00..0.01 rows=0 width=0)
	  ->  Result  (cost=0.00..0.01 rows=1 width=736)

table 5 : explain INSERT INTO sbtest5 (id, k, c, pad) VALUES (6612468, 13, 'foobar', 'foobar')
	Insert on sbtest5  (cost=0.00..0.01 rows=0 width=0)
	  ->  Result  (cost=0.00..0.01 rows=1 width=736)

table 6 : explain INSERT INTO sbtest6 (id, k, c, pad) VALUES (9389514, 13, 'foobar', 'foobar')
	Insert on sbtest6  (cost=0.00..0.01 rows=0 width=0)
	  ->  Result  (cost=0.00..0.01 rows=1 width=736)

table 7 : explain INSERT INTO sbtest7 (id, k, c, pad) VALUES (6313746, 13, 'foobar', 'foobar')
	Insert on sbtest7  (cost=0.00..0.01 rows=0 width=0)
	  ->  Result  (cost=0.00..0.01 rows=1 width=736)

table 8 : explain INSERT INTO sbtest8 (id, k, c, pad) VALUES (7701136, 13, 'foobar', 'foobar')
	Insert on sbtest8  (cost=0.00..0.01 rows=0 width=0)
	  ->  Result  (cost=0.00..0.01 rows=1 width=736)

explain: for inserts :: explain INSERT INTO sbtest%u (id, k, c, pad) VALUES (%u, 13, 'foobar', 'foobar')
for deletes
table 1 : explain DELETE FROM sbtest1 WHERE id=9235382
	Delete on sbtest1  (cost=0.43..8.45 rows=0 width=0)
	  ->  Index Scan using sbtest1_pkey on sbtest1  (cost=0.43..8.45 rows=1 width=6)
	        Index Cond: (id = 9235382)

table 2 : explain DELETE FROM sbtest2 WHERE id=5790800
	Delete on sbtest2  (cost=0.43..8.45 rows=0 width=0)
	  ->  Index Scan using sbtest2_pkey on sbtest2  (cost=0.43..8.45 rows=1 width=6)
	        Index Cond: (id = 5790800)

table 3 : explain DELETE FROM sbtest3 WHERE id=7510779
	Delete on sbtest3  (cost=0.43..8.45 rows=0 width=0)
	  ->  Index Scan using sbtest3_pkey on sbtest3  (cost=0.43..8.45 rows=1 width=6)
	        Index Cond: (id = 7510779)

table 4 : explain DELETE FROM sbtest4 WHERE id=2054422
	Delete on sbtest4  (cost=0.43..8.45 rows=0 width=0)
	  ->  Index Scan using sbtest4_pkey on sbtest4  (cost=0.43..8.45 rows=1 width=6)
	        Index Cond: (id = 2054422)

table 5 : explain DELETE FROM sbtest5 WHERE id=1683154
	Delete on sbtest5  (cost=0.43..8.45 rows=0 width=0)
	  ->  Index Scan using sbtest5_pkey on sbtest5  (cost=0.43..8.45 rows=1 width=6)
	        Index Cond: (id = 1683154)

table 6 : explain DELETE FROM sbtest6 WHERE id=3597411
	Delete on sbtest6  (cost=0.43..8.45 rows=0 width=0)
	  ->  Index Scan using sbtest6_pkey on sbtest6  (cost=0.43..8.45 rows=1 width=6)
	        Index Cond: (id = 3597411)

table 7 : explain DELETE FROM sbtest7 WHERE id=5039095
	Delete on sbtest7  (cost=0.43..8.45 rows=0 width=0)
	  ->  Index Scan using sbtest7_pkey on sbtest7  (cost=0.43..8.45 rows=1 width=6)
	        Index Cond: (id = 5039095)

table 8 : explain DELETE FROM sbtest8 WHERE id=1548939
	Delete on sbtest8  (cost=0.43..8.45 rows=0 width=0)
	  ->  Index Scan using sbtest8_pkey on sbtest8  (cost=0.43..8.45 rows=1 width=6)
	        Index Cond: (id = 1548939)

for non_index_updates
table 1 : explain UPDATE sbtest1 SET c='foobar' WHERE id=5872242
	Update on sbtest1  (cost=0.43..8.45 rows=0 width=0)
	  ->  Index Scan using sbtest1_pkey on sbtest1  (cost=0.43..8.45 rows=1 width=490)
	        Index Cond: (id = 5872242)

table 2 : explain UPDATE sbtest2 SET c='foobar' WHERE id=2682143
	Update on sbtest2  (cost=0.43..8.45 rows=0 width=0)
	  ->  Index Scan using sbtest2_pkey on sbtest2  (cost=0.43..8.45 rows=1 width=490)
	        Index Cond: (id = 2682143)

table 3 : explain UPDATE sbtest3 SET c='foobar' WHERE id=5404999
	Update on sbtest3  (cost=0.43..8.45 rows=0 width=0)
	  ->  Index Scan using sbtest3_pkey on sbtest3  (cost=0.43..8.45 rows=1 width=490)
	        Index Cond: (id = 5404999)

table 4 : explain UPDATE sbtest4 SET c='foobar' WHERE id=7529650
	Update on sbtest4  (cost=0.43..8.45 rows=0 width=0)
	  ->  Index Scan using sbtest4_pkey on sbtest4  (cost=0.43..8.45 rows=1 width=490)
	        Index Cond: (id = 7529650)

table 5 : explain UPDATE sbtest5 SET c='foobar' WHERE id=792967
	Update on sbtest5  (cost=0.43..8.45 rows=0 width=0)
	  ->  Index Scan using sbtest5_pkey on sbtest5  (cost=0.43..8.45 rows=1 width=490)
	        Index Cond: (id = 792967)

table 6 : explain UPDATE sbtest6 SET c='foobar' WHERE id=9642743
	Update on sbtest6  (cost=0.43..8.45 rows=0 width=0)
	  ->  Index Scan using sbtest6_pkey on sbtest6  (cost=0.43..8.45 rows=1 width=490)
	        Index Cond: (id = 9642743)

table 7 : explain UPDATE sbtest7 SET c='foobar' WHERE id=9219114
	Update on sbtest7  (cost=0.43..8.45 rows=0 width=0)
	  ->  Index Scan using sbtest7_pkey on sbtest7  (cost=0.43..8.45 rows=1 width=490)
	        Index Cond: (id = 9219114)

table 8 : explain UPDATE sbtest8 SET c='foobar' WHERE id=5322194
	Update on sbtest8  (cost=0.43..8.45 rows=0 width=0)
	  ->  Index Scan using sbtest8_pkey on sbtest8  (cost=0.43..8.45 rows=1 width=490)
	        Index Cond: (id = 5322194)

for inserts
table 1 : explain INSERT INTO sbtest1 (id, k, c, pad) VALUES (2527726, 13, 'foobar', 'foobar')
	Insert on sbtest1  (cost=0.00..0.01 rows=0 width=0)
	  ->  Result  (cost=0.00..0.01 rows=1 width=736)

table 2 : explain INSERT INTO sbtest2 (id, k, c, pad) VALUES (3843248, 13, 'foobar', 'foobar')
	Insert on sbtest2  (cost=0.00..0.01 rows=0 width=0)
	  ->  Result  (cost=0.00..0.01 rows=1 width=736)

table 3 : explain INSERT INTO sbtest3 (id, k, c, pad) VALUES (1786182, 13, 'foobar', 'foobar')
	Insert on sbtest3  (cost=0.00..0.01 rows=0 width=0)
	  ->  Result  (cost=0.00..0.01 rows=1 width=736)

table 4 : explain INSERT INTO sbtest4 (id, k, c, pad) VALUES (6190241, 13, 'foobar', 'foobar')
	Insert on sbtest4  (cost=0.00..0.01 rows=0 width=0)
	  ->  Result  (cost=0.00..0.01 rows=1 width=736)

table 5 : explain INSERT INTO sbtest5 (id, k, c, pad) VALUES (5101130, 13, 'foobar', 'foobar')
	Insert on sbtest5  (cost=0.00..0.01 rows=0 width=0)
	  ->  Result  (cost=0.00..0.01 rows=1 width=736)

table 6 : explain INSERT INTO sbtest6 (id, k, c, pad) VALUES (9882170, 13, 'foobar', 'foobar')
	Insert on sbtest6  (cost=0.00..0.01 rows=0 width=0)
	  ->  Result  (cost=0.00..0.01 rows=1 width=736)

table 7 : explain INSERT INTO sbtest7 (id, k, c, pad) VALUES (4204572, 13, 'foobar', 'foobar')
	Insert on sbtest7  (cost=0.00..0.01 rows=0 width=0)
	  ->  Result  (cost=0.00..0.01 rows=1 width=736)

table 8 : explain INSERT INTO sbtest8 (id, k, c, pad) VALUES (309381, 13, 'foobar', 'foobar')
	Insert on sbtest8  (cost=0.00..0.01 rows=0 width=0)
	  ->  Result  (cost=0.00..0.01 rows=1 width=736)

explain: for inserts :: explain INSERT INTO sbtest%u (id, k, c, pad) VALUES (%u, 13, 'foobar', 'foobar')
explain: for deletes :: explain DELETE FROM sbtest%u WHERE id=%u
for inserts
table 1 : explain INSERT INTO sbtest1 (id, k, c, pad) VALUES (8822022, 13, 'foobar', 'foobar')
	Insert on sbtest1  (cost=0.00..0.01 rows=0 width=0)
	  ->  Result  (cost=0.00..0.01 rows=1 width=736)

table 2 : explain INSERT INTO sbtest2 (id, k, c, pad) VALUES (2310256, 13, 'foobar', 'foobar')
	Insert on sbtest2  (cost=0.00..0.01 rows=0 width=0)
	  ->  Result  (cost=0.00..0.01 rows=1 width=736)

table 3 : explain INSERT INTO sbtest3 (id, k, c, pad) VALUES (7993566, 13, 'foobar', 'foobar')
	Insert on sbtest3  (cost=0.00..0.01 rows=0 width=0)
	  ->  Result  (cost=0.00..0.01 rows=1 width=736)

table 4 : explain INSERT INTO sbtest4 (id, k, c, pad) VALUES (1520632, 13, 'foobar', 'foobar')
	Insert on sbtest4  (cost=0.00..0.01 rows=0 width=0)
	  ->  Result  (cost=0.00..0.01 rows=1 width=736)

table 5 : explain INSERT INTO sbtest5 (id, k, c, pad) VALUES (6016649, 13, 'foobar', 'foobar')
	Insert on sbtest5  (cost=0.00..0.01 rows=0 width=0)
	  ->  Result  (cost=0.00..0.01 rows=1 width=736)

table 6 : explain INSERT INTO sbtest6 (id, k, c, pad) VALUES (8248507, 13, 'foobar', 'foobar')
	Insert on sbtest6  (cost=0.00..0.01 rows=0 width=0)
	  ->  Result  (cost=0.00..0.01 rows=1 width=736)

table 7 : explain INSERT INTO sbtest7 (id, k, c, pad) VALUES (9320997, 13, 'foobar', 'foobar')
	Insert on sbtest7  (cost=0.00..0.01 rows=0 width=0)
	  ->  Result  (cost=0.00..0.01 rows=1 width=736)

table 8 : explain INSERT INTO sbtest8 (id, k, c, pad) VALUES (1839934, 13, 'foobar', 'foobar')
	Insert on sbtest8  (cost=0.00..0.01 rows=0 width=0)
	  ->  Result  (cost=0.00..0.01 rows=1 width=736)

for deletes
table 1 : explain DELETE FROM sbtest1 WHERE id=2449995
	Delete on sbtest1  (cost=0.43..8.45 rows=0 width=0)
	  ->  Index Scan using sbtest1_pkey on sbtest1  (cost=0.43..8.45 rows=1 width=6)
	        Index Cond: (id = 2449995)

table 2 : explain DELETE FROM sbtest2 WHERE id=7971785
	Delete on sbtest2  (cost=0.43..8.45 rows=0 width=0)
	  ->  Index Scan using sbtest2_pkey on sbtest2  (cost=0.43..8.45 rows=1 width=6)
	        Index Cond: (id = 7971785)

table 3 : explain DELETE FROM sbtest3 WHERE id=9630029
	Delete on sbtest3  (cost=0.43..8.45 rows=0 width=0)
	  ->  Index Scan using sbtest3_pkey on sbtest3  (cost=0.43..8.45 rows=1 width=6)
	        Index Cond: (id = 9630029)

table 4 : explain DELETE FROM sbtest4 WHERE id=6770676
	Delete on sbtest4  (cost=0.43..8.45 rows=0 width=0)
	  ->  Index Scan using sbtest4_pkey on sbtest4  (cost=0.43..8.45 rows=1 width=6)
	        Index Cond: (id = 6770676)

table 5 : explain DELETE FROM sbtest5 WHERE id=6778161
	Delete on sbtest5  (cost=0.43..8.45 rows=0 width=0)
	  ->  Index Scan using sbtest5_pkey on sbtest5  (cost=0.43..8.45 rows=1 width=6)
	        Index Cond: (id = 6778161)

table 6 : explain DELETE FROM sbtest6 WHERE id=7573822
	Delete on sbtest6  (cost=0.43..8.45 rows=0 width=0)
	  ->  Index Scan using sbtest6_pkey on sbtest6  (cost=0.43..8.45 rows=1 width=6)
	        Index Cond: (id = 7573822)

table 7 : explain DELETE FROM sbtest7 WHERE id=5174276
	Delete on sbtest7  (cost=0.43..8.45 rows=0 width=0)
	  ->  Index Scan using sbtest7_pkey on sbtest7  (cost=0.43..8.45 rows=1 width=6)
	        Index Cond: (id = 5174276)

table 8 : explain DELETE FROM sbtest8 WHERE id=8133489
	Delete on sbtest8  (cost=0.43..8.45 rows=0 width=0)
	  ->  Index Scan using sbtest8_pkey on sbtest8  (cost=0.43..8.45 rows=1 width=6)
	        Index Cond: (id = 8133489)

explain: for inserts :: explain INSERT INTO sbtest%u (id, k, c, pad) VALUES (%u, 13, 'foobar', 'foobar')
explain: for index_updates :: explain UPDATE sbtest%u SET k=k+1 WHERE id=%u
explain: for index_updates :: explain UPDATE sbtest%u SET k=k+1 WHERE id=%u
explain: for index_updates :: explain UPDATE sbtest%u SET k=k+1 WHERE id=%u
for inserts
table 1 : explain INSERT INTO sbtest1 (id, k, c, pad) VALUES (307763, 13, 'foobar', 'foobar')
	Insert on sbtest1  (cost=0.00..0.01 rows=0 width=0)
	  ->  Result  (cost=0.00..0.01 rows=1 width=736)

table 2 : explain INSERT INTO sbtest2 (id, k, c, pad) VALUES (9243115, 13, 'foobar', 'foobar')
	Insert on sbtest2  (cost=0.00..0.01 rows=0 width=0)
	  ->  Result  (cost=0.00..0.01 rows=1 width=736)

table 3 : explain INSERT INTO sbtest3 (id, k, c, pad) VALUES (6136364, 13, 'foobar', 'foobar')
	Insert on sbtest3  (cost=0.00..0.01 rows=0 width=0)
	  ->  Result  (cost=0.00..0.01 rows=1 width=736)

table 4 : explain INSERT INTO sbtest4 (id, k, c, pad) VALUES (1315429, 13, 'foobar', 'foobar')
	Insert on sbtest4  (cost=0.00..0.01 rows=0 width=0)
	  ->  Result  (cost=0.00..0.01 rows=1 width=736)

table 5 : explain INSERT INTO sbtest5 (id, k, c, pad) VALUES (7461685, 13, 'foobar', 'foobar')
	Insert on sbtest5  (cost=0.00..0.01 rows=0 width=0)
	  ->  Result  (cost=0.00..0.01 rows=1 width=736)

table 6 : explain INSERT INTO sbtest6 (id, k, c, pad) VALUES (7199463, 13, 'foobar', 'foobar')
	Insert on sbtest6  (cost=0.00..0.01 rows=0 width=0)
	  ->  Result  (cost=0.00..0.01 rows=1 width=736)

table 7 : explain INSERT INTO sbtest7 (id, k, c, pad) VALUES (1764567, 13, 'foobar', 'foobar')
	Insert on sbtest7  (cost=0.00..0.01 rows=0 width=0)
	  ->  Result  (cost=0.00..0.01 rows=1 width=736)

table 8 : explain INSERT INTO sbtest8 (id, k, c, pad) VALUES (2642379, 13, 'foobar', 'foobar')
	Insert on sbtest8  (cost=0.00..0.01 rows=0 width=0)
	  ->  Result  (cost=0.00..0.01 rows=1 width=736)

explain: for index_updates :: explain UPDATE sbtest%u SET k=k+1 WHERE id=%u
for index_updates
table 1 : explain UPDATE sbtest1 SET k=k+1 WHERE id=8849864
	Update on sbtest1  (cost=0.43..8.46 rows=0 width=0)
	  ->  Index Scan using sbtest1_pkey on sbtest1  (cost=0.43..8.46 rows=1 width=10)
	        Index Cond: (id = 8849864)

table 2 : explain UPDATE sbtest2 SET k=k+1 WHERE id=8974668
	Update on sbtest2  (cost=0.43..8.46 rows=0 width=0)
	  ->  Index Scan using sbtest2_pkey on sbtest2  (cost=0.43..8.46 rows=1 width=10)
	        Index Cond: (id = 8974668)

table 3 : explain UPDATE sbtest3 SET k=k+1 WHERE id=4128251
	Update on sbtest3  (cost=0.43..8.46 rows=0 width=0)
	  ->  Index Scan using sbtest3_pkey on sbtest3  (cost=0.43..8.46 rows=1 width=10)
	        Index Cond: (id = 4128251)

table 4 : explain UPDATE sbtest4 SET k=k+1 WHERE id=9165928
	Update on sbtest4  (cost=0.43..8.46 rows=0 width=0)
	  ->  Index Scan using sbtest4_pkey on sbtest4  (cost=0.43..8.46 rows=1 width=10)
	        Index Cond: (id = 9165928)

table 5 : explain UPDATE sbtest5 SET k=k+1 WHERE id=9213759
	Update on sbtest5  (cost=0.43..8.46 rows=0 width=0)
	  ->  Index Scan using sbtest5_pkey on sbtest5  (cost=0.43..8.46 rows=1 width=10)
	        Index Cond: (id = 9213759)

table 6 : explain UPDATE sbtest6 SET k=k+1 WHERE id=2167562
	Update on sbtest6  (cost=0.43..8.46 rows=0 width=0)
	  ->  Index Scan using sbtest6_pkey on sbtest6  (cost=0.43..8.46 rows=1 width=10)
	        Index Cond: (id = 2167562)

table 7 : explain UPDATE sbtest7 SET k=k+1 WHERE id=5299807
	Update on sbtest7  (cost=0.43..8.46 rows=0 width=0)
	  ->  Index Scan using sbtest7_pkey on sbtest7  (cost=0.43..8.46 rows=1 width=10)
	        Index Cond: (id = 5299807)

table 8 : explain UPDATE sbtest8 SET k=k+1 WHERE id=3275907
	Update on sbtest8  (cost=0.43..8.46 rows=0 width=0)
	  ->  Index Scan using sbtest8_pkey on sbtest8  (cost=0.43..8.46 rows=1 width=10)
	        Index Cond: (id = 3275907)

for index_updates
table 1 : explain UPDATE sbtest1 SET k=k+1 WHERE id=1254794
	Update on sbtest1  (cost=0.43..8.46 rows=0 width=0)
	  ->  Index Scan using sbtest1_pkey on sbtest1  (cost=0.43..8.46 rows=1 width=10)
	        Index Cond: (id = 1254794)

table 2 : explain UPDATE sbtest2 SET k=k+1 WHERE id=3349819
	Update on sbtest2  (cost=0.43..8.46 rows=0 width=0)
	  ->  Index Scan using sbtest2_pkey on sbtest2  (cost=0.43..8.46 rows=1 width=10)
	        Index Cond: (id = 3349819)

table 3 : explain UPDATE sbtest3 SET k=k+1 WHERE id=3457930
	Update on sbtest3  (cost=0.43..8.46 rows=0 width=0)
	  ->  Index Scan using sbtest3_pkey on sbtest3  (cost=0.43..8.46 rows=1 width=10)
	        Index Cond: (id = 3457930)

table 4 : explain UPDATE sbtest4 SET k=k+1 WHERE id=5352001
	Update on sbtest4  (cost=0.43..8.46 rows=0 width=0)
	  ->  Index Scan using sbtest4_pkey on sbtest4  (cost=0.43..8.46 rows=1 width=10)
	        Index Cond: (id = 5352001)

table 5 : explain UPDATE sbtest5 SET k=k+1 WHERE id=2385578
	Update on sbtest5  (cost=0.43..8.46 rows=0 width=0)
	  ->  Index Scan using sbtest5_pkey on sbtest5  (cost=0.43..8.46 rows=1 width=10)
	        Index Cond: (id = 2385578)

table 6 : explain UPDATE sbtest6 SET k=k+1 WHERE id=1882106
	Update on sbtest6  (cost=0.43..8.46 rows=0 width=0)
	  ->  Index Scan using sbtest6_pkey on sbtest6  (cost=0.43..8.46 rows=1 width=10)
	        Index Cond: (id = 1882106)

table 7 : explain UPDATE sbtest7 SET k=k+1 WHERE id=5431169
	Update on sbtest7  (cost=0.43..8.46 rows=0 width=0)
	  ->  Index Scan using sbtest7_pkey on sbtest7  (cost=0.43..8.46 rows=1 width=10)
	        Index Cond: (id = 5431169)

table 8 : explain UPDATE sbtest8 SET k=k+1 WHERE id=2117560
	Update on sbtest8  (cost=0.43..8.46 rows=0 width=0)
	  ->  Index Scan using sbtest8_pkey on sbtest8  (cost=0.43..8.46 rows=1 width=10)
	        Index Cond: (id = 2117560)

for index_updates
table 1 : explain UPDATE sbtest1 SET k=k+1 WHERE id=926578
	Update on sbtest1  (cost=0.43..8.46 rows=0 width=0)
	  ->  Index Scan using sbtest1_pkey on sbtest1  (cost=0.43..8.46 rows=1 width=10)
	        Index Cond: (id = 926578)

table 2 : explain UPDATE sbtest2 SET k=k+1 WHERE id=9234465
	Update on sbtest2  (cost=0.43..8.46 rows=0 width=0)
	  ->  Index Scan using sbtest2_pkey on sbtest2  (cost=0.43..8.46 rows=1 width=10)
	        Index Cond: (id = 9234465)

table 3 : explain UPDATE sbtest3 SET k=k+1 WHERE id=1149779
	Update on sbtest3  (cost=0.43..8.46 rows=0 width=0)
	  ->  Index Scan using sbtest3_pkey on sbtest3  (cost=0.43..8.46 rows=1 width=10)
	        Index Cond: (id = 1149779)

table 4 : explain UPDATE sbtest4 SET k=k+1 WHERE id=2108344
	Update on sbtest4  (cost=0.43..8.46 rows=0 width=0)
	  ->  Index Scan using sbtest4_pkey on sbtest4  (cost=0.43..8.46 rows=1 width=10)
	        Index Cond: (id = 2108344)

table 5 : explain UPDATE sbtest5 SET k=k+1 WHERE id=2137558
	Update on sbtest5  (cost=0.43..8.46 rows=0 width=0)
	  ->  Index Scan using sbtest5_pkey on sbtest5  (cost=0.43..8.46 rows=1 width=10)
	        Index Cond: (id = 2137558)

table 6 : explain UPDATE sbtest6 SET k=k+1 WHERE id=9957335
	Update on sbtest6  (cost=0.43..8.46 rows=0 width=0)
	  ->  Index Scan using sbtest6_pkey on sbtest6  (cost=0.43..8.46 rows=1 width=10)
	        Index Cond: (id = 9957335)

table 7 : explain UPDATE sbtest7 SET k=k+1 WHERE id=1957817
	Update on sbtest7  (cost=0.43..8.46 rows=0 width=0)
	  ->  Index Scan using sbtest7_pkey on sbtest7  (cost=0.43..8.46 rows=1 width=10)
	        Index Cond: (id = 1957817)

table 8 : explain UPDATE sbtest8 SET k=k+1 WHERE id=453437
	Update on sbtest8  (cost=0.43..8.46 rows=0 width=0)
	  ->  Index Scan using sbtest8_pkey on sbtest8  (cost=0.43..8.46 rows=1 width=10)
	        Index Cond: (id = 453437)

explain: for non_index_updates :: explain UPDATE sbtest%u SET c='foobar' WHERE id=%u
for index_updates
table 1 : explain UPDATE sbtest1 SET k=k+1 WHERE id=7666373
	Update on sbtest1  (cost=0.43..8.46 rows=0 width=0)
	  ->  Index Scan using sbtest1_pkey on sbtest1  (cost=0.43..8.46 rows=1 width=10)
	        Index Cond: (id = 7666373)

table 2 : explain UPDATE sbtest2 SET k=k+1 WHERE id=4853657
	Update on sbtest2  (cost=0.43..8.46 rows=0 width=0)
	  ->  Index Scan using sbtest2_pkey on sbtest2  (cost=0.43..8.46 rows=1 width=10)
	        Index Cond: (id = 4853657)

table 3 : explain UPDATE sbtest3 SET k=k+1 WHERE id=3362834
	Update on sbtest3  (cost=0.43..8.46 rows=0 width=0)
	  ->  Index Scan using sbtest3_pkey on sbtest3  (cost=0.43..8.46 rows=1 width=10)
	        Index Cond: (id = 3362834)

table 4 : explain UPDATE sbtest4 SET k=k+1 WHERE id=3297885
	Update on sbtest4  (cost=0.43..8.46 rows=0 width=0)
	  ->  Index Scan using sbtest4_pkey on sbtest4  (cost=0.43..8.46 rows=1 width=10)
	        Index Cond: (id = 3297885)

table 5 : explain UPDATE sbtest5 SET k=k+1 WHERE id=9347739
	Update on sbtest5  (cost=0.43..8.46 rows=0 width=0)
	  ->  Index Scan using sbtest5_pkey on sbtest5  (cost=0.43..8.46 rows=1 width=10)
	        Index Cond: (id = 9347739)

table 6 : explain UPDATE sbtest6 SET k=k+1 WHERE id=6665459
	Update on sbtest6  (cost=0.43..8.46 rows=0 width=0)
	  ->  Index Scan using sbtest6_pkey on sbtest6  (cost=0.43..8.46 rows=1 width=10)
	        Index Cond: (id = 6665459)

table 7 : explain UPDATE sbtest7 SET k=k+1 WHERE id=7368181
	Update on sbtest7  (cost=0.43..8.46 rows=0 width=0)
	  ->  Index Scan using sbtest7_pkey on sbtest7  (cost=0.43..8.46 rows=1 width=10)
	        Index Cond: (id = 7368181)

table 8 : explain UPDATE sbtest8 SET k=k+1 WHERE id=1105500
	Update on sbtest8  (cost=0.43..8.46 rows=0 width=0)
	  ->  Index Scan using sbtest8_pkey on sbtest8  (cost=0.43..8.46 rows=1 width=10)
	        Index Cond: (id = 1105500)

explain: for non_index_updates :: explain UPDATE sbtest%u SET c='foobar' WHERE id=%u
explain: for non_index_updates :: explain UPDATE sbtest%u SET c='foobar' WHERE id=%u
explain: for index_updates :: explain UPDATE sbtest%u SET k=k+1 WHERE id=%u
explain: for index_updates :: explain UPDATE sbtest%u SET k=k+1 WHERE id=%u
explain: for non_index_updates :: explain UPDATE sbtest%u SET c='foobar' WHERE id=%u
for non_index_updates
table 1 : explain UPDATE sbtest1 SET c='foobar' WHERE id=3674392
	Update on sbtest1  (cost=0.43..8.45 rows=0 width=0)
	  ->  Index Scan using sbtest1_pkey on sbtest1  (cost=0.43..8.45 rows=1 width=490)
	        Index Cond: (id = 3674392)

table 2 : explain UPDATE sbtest2 SET c='foobar' WHERE id=2892714
	Update on sbtest2  (cost=0.43..8.45 rows=0 width=0)
	  ->  Index Scan using sbtest2_pkey on sbtest2  (cost=0.43..8.45 rows=1 width=490)
	        Index Cond: (id = 2892714)

table 3 : explain UPDATE sbtest3 SET c='foobar' WHERE id=7223010
	Update on sbtest3  (cost=0.43..8.45 rows=0 width=0)
	  ->  Index Scan using sbtest3_pkey on sbtest3  (cost=0.43..8.45 rows=1 width=490)
	        Index Cond: (id = 7223010)

table 4 : explain UPDATE sbtest4 SET c='foobar' WHERE id=2991521
	Update on sbtest4  (cost=0.43..8.45 rows=0 width=0)
	  ->  Index Scan using sbtest4_pkey on sbtest4  (cost=0.43..8.45 rows=1 width=490)
	        Index Cond: (id = 2991521)

table 5 : explain UPDATE sbtest5 SET c='foobar' WHERE id=3672984
	Update on sbtest5  (cost=0.43..8.45 rows=0 width=0)
	  ->  Index Scan using sbtest5_pkey on sbtest5  (cost=0.43..8.45 rows=1 width=490)
	        Index Cond: (id = 3672984)

table 6 : explain UPDATE sbtest6 SET c='foobar' WHERE id=2391235
	Update on sbtest6  (cost=0.43..8.45 rows=0 width=0)
	  ->  Index Scan using sbtest6_pkey on sbtest6  (cost=0.43..8.45 rows=1 width=490)
	        Index Cond: (id = 2391235)

table 7 : explain UPDATE sbtest7 SET c='foobar' WHERE id=7779356
	Update on sbtest7  (cost=0.43..8.45 rows=0 width=0)
	  ->  Index Scan using sbtest7_pkey on sbtest7  (cost=0.43..8.45 rows=1 width=490)
	        Index Cond: (id = 7779356)

table 8 : explain UPDATE sbtest8 SET c='foobar' WHERE id=7232401
	Update on sbtest8  (cost=0.43..8.45 rows=0 width=0)
	  ->  Index Scan using sbtest8_pkey on sbtest8  (cost=0.43..8.45 rows=1 width=490)
	        Index Cond: (id = 7232401)

for non_index_updates
table 1 : explain UPDATE sbtest1 SET c='foobar' WHERE id=3585090
	Update on sbtest1  (cost=0.43..8.45 rows=0 width=0)
	  ->  Index Scan using sbtest1_pkey on sbtest1  (cost=0.43..8.45 rows=1 width=490)
	        Index Cond: (id = 3585090)

table 2 : explain UPDATE sbtest2 SET c='foobar' WHERE id=174348
	Update on sbtest2  (cost=0.43..8.45 rows=0 width=0)
	  ->  Index Scan using sbtest2_pkey on sbtest2  (cost=0.43..8.45 rows=1 width=490)
	        Index Cond: (id = 174348)

table 3 : explain UPDATE sbtest3 SET c='foobar' WHERE id=5324565
	Update on sbtest3  (cost=0.43..8.45 rows=0 width=0)
	  ->  Index Scan using sbtest3_pkey on sbtest3  (cost=0.43..8.45 rows=1 width=490)
	        Index Cond: (id = 5324565)

table 4 : explain UPDATE sbtest4 SET c='foobar' WHERE id=5895943
	Update on sbtest4  (cost=0.43..8.45 rows=0 width=0)
	  ->  Index Scan using sbtest4_pkey on sbtest4  (cost=0.43..8.45 rows=1 width=490)
	        Index Cond: (id = 5895943)

table 5 : explain UPDATE sbtest5 SET c='foobar' WHERE id=5973986
	Update on sbtest5  (cost=0.43..8.45 rows=0 width=0)
	  ->  Index Scan using sbtest5_pkey on sbtest5  (cost=0.43..8.45 rows=1 width=490)
	        Index Cond: (id = 5973986)

table 6 : explain UPDATE sbtest6 SET c='foobar' WHERE id=2394283
	Update on sbtest6  (cost=0.43..8.45 rows=0 width=0)
	  ->  Index Scan using sbtest6_pkey on sbtest6  (cost=0.43..8.45 rows=1 width=490)
	        Index Cond: (id = 2394283)

table 7 : explain UPDATE sbtest7 SET c='foobar' WHERE id=5796010
	Update on sbtest7  (cost=0.43..8.45 rows=0 width=0)
	  ->  Index Scan using sbtest7_pkey on sbtest7  (cost=0.43..8.45 rows=1 width=490)
	        Index Cond: (id = 5796010)

table 8 : explain UPDATE sbtest8 SET c='foobar' WHERE id=925379
	Update on sbtest8  (cost=0.43..8.45 rows=0 width=0)
	  ->  Index Scan using sbtest8_pkey on sbtest8  (cost=0.43..8.45 rows=1 width=490)
	        Index Cond: (id = 925379)

explain: for deletes :: explain DELETE FROM sbtest%u WHERE id=%u
for non_index_updates
table 1 : explain UPDATE sbtest1 SET c='foobar' WHERE id=1810151
	Update on sbtest1  (cost=0.43..8.45 rows=0 width=0)
	  ->  Index Scan using sbtest1_pkey on sbtest1  (cost=0.43..8.45 rows=1 width=490)
	        Index Cond: (id = 1810151)

table 2 : explain UPDATE sbtest2 SET c='foobar' WHERE id=4772162
	Update on sbtest2  (cost=0.43..8.45 rows=0 width=0)
	  ->  Index Scan using sbtest2_pkey on sbtest2  (cost=0.43..8.45 rows=1 width=490)
	        Index Cond: (id = 4772162)

table 3 : explain UPDATE sbtest3 SET c='foobar' WHERE id=3792354
	Update on sbtest3  (cost=0.43..8.45 rows=0 width=0)
	  ->  Index Scan using sbtest3_pkey on sbtest3  (cost=0.43..8.45 rows=1 width=490)
	        Index Cond: (id = 3792354)

table 4 : explain UPDATE sbtest4 SET c='foobar' WHERE id=8259290
	Update on sbtest4  (cost=0.43..8.45 rows=0 width=0)
	  ->  Index Scan using sbtest4_pkey on sbtest4  (cost=0.43..8.45 rows=1 width=490)
	        Index Cond: (id = 8259290)

table 5 : explain UPDATE sbtest5 SET c='foobar' WHERE id=9349074
	Update on sbtest5  (cost=0.43..8.45 rows=0 width=0)
	  ->  Index Scan using sbtest5_pkey on sbtest5  (cost=0.43..8.45 rows=1 width=490)
	        Index Cond: (id = 9349074)

table 6 : explain UPDATE sbtest6 SET c='foobar' WHERE id=1728107
	Update on sbtest6  (cost=0.43..8.45 rows=0 width=0)
	  ->  Index Scan using sbtest6_pkey on sbtest6  (cost=0.43..8.45 rows=1 width=490)
	        Index Cond: (id = 1728107)

table 7 : explain UPDATE sbtest7 SET c='foobar' WHERE id=6795378
	Update on sbtest7  (cost=0.43..8.45 rows=0 width=0)
	  ->  Index Scan using sbtest7_pkey on sbtest7  (cost=0.43..8.45 rows=1 width=490)
	        Index Cond: (id = 6795378)

table 8 : explain UPDATE sbtest8 SET c='foobar' WHERE id=8885704
	Update on sbtest8  (cost=0.43..8.45 rows=0 width=0)
	  ->  Index Scan using sbtest8_pkey on sbtest8  (cost=0.43..8.45 rows=1 width=490)
	        Index Cond: (id = 8885704)

explain: for deletes :: explain DELETE FROM sbtest%u WHERE id=%u
for non_index_updates
table 1 : explain UPDATE sbtest1 SET c='foobar' WHERE id=4042079
	Update on sbtest1  (cost=0.43..8.45 rows=0 width=0)
	  ->  Index Scan using sbtest1_pkey on sbtest1  (cost=0.43..8.45 rows=1 width=490)
	        Index Cond: (id = 4042079)

table 2 : explain UPDATE sbtest2 SET c='foobar' WHERE id=885691
	Update on sbtest2  (cost=0.43..8.45 rows=0 width=0)
	  ->  Index Scan using sbtest2_pkey on sbtest2  (cost=0.43..8.45 rows=1 width=490)
	        Index Cond: (id = 885691)

table 3 : explain UPDATE sbtest3 SET c='foobar' WHERE id=9079100
	Update on sbtest3  (cost=0.43..8.45 rows=0 width=0)
	  ->  Index Scan using sbtest3_pkey on sbtest3  (cost=0.43..8.45 rows=1 width=490)
	        Index Cond: (id = 9079100)

table 4 : explain UPDATE sbtest4 SET c='foobar' WHERE id=5602184
	Update on sbtest4  (cost=0.43..8.45 rows=0 width=0)
	  ->  Index Scan using sbtest4_pkey on sbtest4  (cost=0.43..8.45 rows=1 width=490)
	        Index Cond: (id = 5602184)

table 5 : explain UPDATE sbtest5 SET c='foobar' WHERE id=46033
	Update on sbtest5  (cost=0.43..8.45 rows=0 width=0)
	  ->  Index Scan using sbtest5_pkey on sbtest5  (cost=0.43..8.45 rows=1 width=490)
	        Index Cond: (id = 46033)

table 6 : explain UPDATE sbtest6 SET c='foobar' WHERE id=8835869
	Update on sbtest6  (cost=0.43..8.45 rows=0 width=0)
	  ->  Index Scan using sbtest6_pkey on sbtest6  (cost=0.43..8.45 rows=1 width=490)
	        Index Cond: (id = 8835869)

table 7 : explain UPDATE sbtest7 SET c='foobar' WHERE id=5127144
	Update on sbtest7  (cost=0.43..8.45 rows=0 width=0)
	  ->  Index Scan using sbtest7_pkey on sbtest7  (cost=0.43..8.45 rows=1 width=490)
	        Index Cond: (id = 5127144)

table 8 : explain UPDATE sbtest8 SET c='foobar' WHERE id=7029369
	Update on sbtest8  (cost=0.43..8.45 rows=0 width=0)
	  ->  Index Scan using sbtest8_pkey on sbtest8  (cost=0.43..8.45 rows=1 width=490)
	        Index Cond: (id = 7029369)

explain: for deletes :: explain DELETE FROM sbtest%u WHERE id=%u
explain: for deletes :: explain DELETE FROM sbtest%u WHERE id=%u
for deletes
table 1 : explain DELETE FROM sbtest1 WHERE id=676169
	Delete on sbtest1  (cost=0.43..8.45 rows=0 width=0)
	  ->  Index Scan using sbtest1_pkey on sbtest1  (cost=0.43..8.45 rows=1 width=6)
	        Index Cond: (id = 676169)

table 2 : explain DELETE FROM sbtest2 WHERE id=9248348
	Delete on sbtest2  (cost=0.43..8.45 rows=0 width=0)
	  ->  Index Scan using sbtest2_pkey on sbtest2  (cost=0.43..8.45 rows=1 width=6)
	        Index Cond: (id = 9248348)

table 3 : explain DELETE FROM sbtest3 WHERE id=3267389
	Delete on sbtest3  (cost=0.43..8.45 rows=0 width=0)
	  ->  Index Scan using sbtest3_pkey on sbtest3  (cost=0.43..8.45 rows=1 width=6)
	        Index Cond: (id = 3267389)

table 4 : explain DELETE FROM sbtest4 WHERE id=6413870
	Delete on sbtest4  (cost=0.43..8.45 rows=0 width=0)
	  ->  Index Scan using sbtest4_pkey on sbtest4  (cost=0.43..8.45 rows=1 width=6)
	        Index Cond: (id = 6413870)

table 5 : explain DELETE FROM sbtest5 WHERE id=4122478
	Delete on sbtest5  (cost=0.43..8.45 rows=0 width=0)
	  ->  Index Scan using sbtest5_pkey on sbtest5  (cost=0.43..8.45 rows=1 width=6)
	        Index Cond: (id = 4122478)

table 6 : explain DELETE FROM sbtest6 WHERE id=6527695
	Delete on sbtest6  (cost=0.43..8.45 rows=0 width=0)
	  ->  Index Scan using sbtest6_pkey on sbtest6  (cost=0.43..8.45 rows=1 width=6)
	        Index Cond: (id = 6527695)

table 7 : explain DELETE FROM sbtest7 WHERE id=6853500
	Delete on sbtest7  (cost=0.43..8.45 rows=0 width=0)
	  ->  Index Scan using sbtest7_pkey on sbtest7  (cost=0.43..8.45 rows=1 width=6)
	        Index Cond: (id = 6853500)

table 8 : explain DELETE FROM sbtest8 WHERE id=1821113
	Delete on sbtest8  (cost=0.43..8.45 rows=0 width=0)
	  ->  Index Scan using sbtest8_pkey on sbtest8  (cost=0.43..8.45 rows=1 width=6)
	        Index Cond: (id = 1821113)

for deletes
table 1 : explain DELETE FROM sbtest1 WHERE id=1773468
	Delete on sbtest1  (cost=0.43..8.45 rows=0 width=0)
	  ->  Index Scan using sbtest1_pkey on sbtest1  (cost=0.43..8.45 rows=1 width=6)
	        Index Cond: (id = 1773468)

table 2 : explain DELETE FROM sbtest2 WHERE id=9479007
	Delete on sbtest2  (cost=0.43..8.45 rows=0 width=0)
	  ->  Index Scan using sbtest2_pkey on sbtest2  (cost=0.43..8.45 rows=1 width=6)
	        Index Cond: (id = 9479007)

table 3 : explain DELETE FROM sbtest3 WHERE id=172605
	Delete on sbtest3  (cost=0.43..8.45 rows=0 width=0)
	  ->  Index Scan using sbtest3_pkey on sbtest3  (cost=0.43..8.45 rows=1 width=6)
	        Index Cond: (id = 172605)

table 4 : explain DELETE FROM sbtest4 WHERE id=4484859
	Delete on sbtest4  (cost=0.43..8.45 rows=0 width=0)
	  ->  Index Scan using sbtest4_pkey on sbtest4  (cost=0.43..8.45 rows=1 width=6)
	        Index Cond: (id = 4484859)

table 5 : explain DELETE FROM sbtest5 WHERE id=7007236
	Delete on sbtest5  (cost=0.43..8.45 rows=0 width=0)
	  ->  Index Scan using sbtest5_pkey on sbtest5  (cost=0.43..8.45 rows=1 width=6)
	        Index Cond: (id = 7007236)

table 6 : explain DELETE FROM sbtest6 WHERE id=1476569
	Delete on sbtest6  (cost=0.43..8.45 rows=0 width=0)
	  ->  Index Scan using sbtest6_pkey on sbtest6  (cost=0.43..8.45 rows=1 width=6)
	        Index Cond: (id = 1476569)

table 7 : explain DELETE FROM sbtest7 WHERE id=9340725
	Delete on sbtest7  (cost=0.43..8.45 rows=0 width=0)
	  ->  Index Scan using sbtest7_pkey on sbtest7  (cost=0.43..8.45 rows=1 width=6)
	        Index Cond: (id = 9340725)

table 8 : explain DELETE FROM sbtest8 WHERE id=4491382
	Delete on sbtest8  (cost=0.43..8.45 rows=0 width=0)
	  ->  Index Scan using sbtest8_pkey on sbtest8  (cost=0.43..8.45 rows=1 width=6)
	        Index Cond: (id = 4491382)

for deletes
table 1 : explain DELETE FROM sbtest1 WHERE id=9879606
	Delete on sbtest1  (cost=0.43..8.45 rows=0 width=0)
	  ->  Index Scan using sbtest1_pkey on sbtest1  (cost=0.43..8.45 rows=1 width=6)
	        Index Cond: (id = 9879606)

table 2 : explain DELETE FROM sbtest2 WHERE id=423864
	Delete on sbtest2  (cost=0.43..8.45 rows=0 width=0)
	  ->  Index Scan using sbtest2_pkey on sbtest2  (cost=0.43..8.45 rows=1 width=6)
	        Index Cond: (id = 423864)

table 3 : explain DELETE FROM sbtest3 WHERE id=240416
	Delete on sbtest3  (cost=0.43..8.45 rows=0 width=0)
	  ->  Index Scan using sbtest3_pkey on sbtest3  (cost=0.43..8.45 rows=1 width=6)
	        Index Cond: (id = 240416)

table 4 : explain DELETE FROM sbtest4 WHERE id=5455638
	Delete on sbtest4  (cost=0.43..8.45 rows=0 width=0)
	  ->  Index Scan using sbtest4_pkey on sbtest4  (cost=0.43..8.45 rows=1 width=6)
	        Index Cond: (id = 5455638)

table 5 : explain DELETE FROM sbtest5 WHERE id=5256902
	Delete on sbtest5  (cost=0.43..8.45 rows=0 width=0)
	  ->  Index Scan using sbtest5_pkey on sbtest5  (cost=0.43..8.45 rows=1 width=6)
	        Index Cond: (id = 5256902)

table 6 : explain DELETE FROM sbtest6 WHERE id=4678902
	Delete on sbtest6  (cost=0.43..8.45 rows=0 width=0)
	  ->  Index Scan using sbtest6_pkey on sbtest6  (cost=0.43..8.45 rows=1 width=6)
	        Index Cond: (id = 4678902)

table 7 : explain DELETE FROM sbtest7 WHERE id=5349283
	Delete on sbtest7  (cost=0.43..8.45 rows=0 width=0)
	  ->  Index Scan using sbtest7_pkey on sbtest7  (cost=0.43..8.45 rows=1 width=6)
	        Index Cond: (id = 5349283)

table 8 : explain DELETE FROM sbtest8 WHERE id=3456850
	Delete on sbtest8  (cost=0.43..8.45 rows=0 width=0)
	  ->  Index Scan using sbtest8_pkey on sbtest8  (cost=0.43..8.45 rows=1 width=6)
	        Index Cond: (id = 3456850)

explain: for inserts :: explain INSERT INTO sbtest%u (id, k, c, pad) VALUES (%u, 13, 'foobar', 'foobar')
for deletes
table 1 : explain DELETE FROM sbtest1 WHERE id=2685087
	Delete on sbtest1  (cost=0.43..8.45 rows=0 width=0)
	  ->  Index Scan using sbtest1_pkey on sbtest1  (cost=0.43..8.45 rows=1 width=6)
	        Index Cond: (id = 2685087)

table 2 : explain DELETE FROM sbtest2 WHERE id=3345477
	Delete on sbtest2  (cost=0.43..8.45 rows=0 width=0)
	  ->  Index Scan using sbtest2_pkey on sbtest2  (cost=0.43..8.45 rows=1 width=6)
	        Index Cond: (id = 3345477)

table 3 : explain DELETE FROM sbtest3 WHERE id=4010952
	Delete on sbtest3  (cost=0.43..8.45 rows=0 width=0)
	  ->  Index Scan using sbtest3_pkey on sbtest3  (cost=0.43..8.45 rows=1 width=6)
	        Index Cond: (id = 4010952)

table 4 : explain DELETE FROM sbtest4 WHERE id=5866103
	Delete on sbtest4  (cost=0.43..8.45 rows=0 width=0)
	  ->  Index Scan using sbtest4_pkey on sbtest4  (cost=0.43..8.45 rows=1 width=6)
	        Index Cond: (id = 5866103)

table 5 : explain DELETE FROM sbtest5 WHERE id=815815
	Delete on sbtest5  (cost=0.43..8.45 rows=0 width=0)
	  ->  Index Scan using sbtest5_pkey on sbtest5  (cost=0.43..8.45 rows=1 width=6)
	        Index Cond: (id = 815815)

table 6 : explain DELETE FROM sbtest6 WHERE id=9837666
	Delete on sbtest6  (cost=0.43..8.45 rows=0 width=0)
	  ->  Index Scan using sbtest6_pkey on sbtest6  (cost=0.43..8.45 rows=1 width=6)
	        Index Cond: (id = 9837666)

table 7 : explain DELETE FROM sbtest7 WHERE id=379465
	Delete on sbtest7  (cost=0.43..8.45 rows=0 width=0)
	  ->  Index Scan using sbtest7_pkey on sbtest7  (cost=0.43..8.45 rows=1 width=6)
	        Index Cond: (id = 379465)

table 8 : explain DELETE FROM sbtest8 WHERE id=1216151
	Delete on sbtest8  (cost=0.43..8.45 rows=0 width=0)
	  ->  Index Scan using sbtest8_pkey on sbtest8  (cost=0.43..8.45 rows=1 width=6)
	        Index Cond: (id = 1216151)

for index_updates
table 1 : explain UPDATE sbtest1 SET k=k+1 WHERE id=1717608
	Update on sbtest1  (cost=0.43..8.46 rows=0 width=0)
	  ->  Index Scan using sbtest1_pkey on sbtest1  (cost=0.43..8.46 rows=1 width=10)
	        Index Cond: (id = 1717608)

table 2 : explain UPDATE sbtest2 SET k=k+1 WHERE id=5533641
	Update on sbtest2  (cost=0.43..8.46 rows=0 width=0)
	  ->  Index Scan using sbtest2_pkey on sbtest2  (cost=0.43..8.46 rows=1 width=10)
	        Index Cond: (id = 5533641)

table 3 : explain UPDATE sbtest3 SET k=k+1 WHERE id=5373224
	Update on sbtest3  (cost=0.43..8.46 rows=0 width=0)
	  ->  Index Scan using sbtest3_pkey on sbtest3  (cost=0.43..8.46 rows=1 width=10)
	        Index Cond: (id = 5373224)

table 4 : explain UPDATE sbtest4 SET k=k+1 WHERE id=7520762
	Update on sbtest4  (cost=0.43..8.46 rows=0 width=0)
	  ->  Index Scan using sbtest4_pkey on sbtest4  (cost=0.43..8.46 rows=1 width=10)
	        Index Cond: (id = 7520762)

table 5 : explain UPDATE sbtest5 SET k=k+1 WHERE id=5341067
	Update on sbtest5  (cost=0.43..8.46 rows=0 width=0)
	  ->  Index Scan using sbtest5_pkey on sbtest5  (cost=0.43..8.46 rows=1 width=10)
	        Index Cond: (id = 5341067)

table 6 : explain UPDATE sbtest6 SET k=k+1 WHERE id=9319928
	Update on sbtest6  (cost=0.43..8.46 rows=0 width=0)
	  ->  Index Scan using sbtest6_pkey on sbtest6  (cost=0.43..8.46 rows=1 width=10)
	        Index Cond: (id = 9319928)

table 7 : explain UPDATE sbtest7 SET k=k+1 WHERE id=5086760
	Update on sbtest7  (cost=0.43..8.46 rows=0 width=0)
	  ->  Index Scan using sbtest7_pkey on sbtest7  (cost=0.43..8.46 rows=1 width=10)
	        Index Cond: (id = 5086760)

table 8 : explain UPDATE sbtest8 SET k=k+1 WHERE id=31442
	Update on sbtest8  (cost=0.43..8.46 rows=0 width=0)
	  ->  Index Scan using sbtest8_pkey on sbtest8  (cost=0.43..8.46 rows=1 width=10)
	        Index Cond: (id = 31442)

explain: for inserts :: explain INSERT INTO sbtest%u (id, k, c, pad) VALUES (%u, 13, 'foobar', 'foobar')
for index_updates
table 1 : explain UPDATE sbtest1 SET k=k+1 WHERE id=8693341
	Update on sbtest1  (cost=0.43..8.46 rows=0 width=0)
	  ->  Index Scan using sbtest1_pkey on sbtest1  (cost=0.43..8.46 rows=1 width=10)
	        Index Cond: (id = 8693341)

table 2 : explain UPDATE sbtest2 SET k=k+1 WHERE id=1290941
	Update on sbtest2  (cost=0.43..8.46 rows=0 width=0)
	  ->  Index Scan using sbtest2_pkey on sbtest2  (cost=0.43..8.46 rows=1 width=10)
	        Index Cond: (id = 1290941)

table 3 : explain UPDATE sbtest3 SET k=k+1 WHERE id=5907511
	Update on sbtest3  (cost=0.43..8.46 rows=0 width=0)
	  ->  Index Scan using sbtest3_pkey on sbtest3  (cost=0.43..8.46 rows=1 width=10)
	        Index Cond: (id = 5907511)

table 4 : explain UPDATE sbtest4 SET k=k+1 WHERE id=8376456
	Update on sbtest4  (cost=0.43..8.46 rows=0 width=0)
	  ->  Index Scan using sbtest4_pkey on sbtest4  (cost=0.43..8.46 rows=1 width=10)
	        Index Cond: (id = 8376456)

table 5 : explain UPDATE sbtest5 SET k=k+1 WHERE id=3876044
	Update on sbtest5  (cost=0.43..8.46 rows=0 width=0)
	  ->  Index Scan using sbtest5_pkey on sbtest5  (cost=0.43..8.46 rows=1 width=10)
	        Index Cond: (id = 3876044)

table 6 : explain UPDATE sbtest6 SET k=k+1 WHERE id=6794019
	Update on sbtest6  (cost=0.43..8.46 rows=0 width=0)
	  ->  Index Scan using sbtest6_pkey on sbtest6  (cost=0.43..8.46 rows=1 width=10)
	        Index Cond: (id = 6794019)

table 7 : explain UPDATE sbtest7 SET k=k+1 WHERE id=5820116
	Update on sbtest7  (cost=0.43..8.46 rows=0 width=0)
	  ->  Index Scan using sbtest7_pkey on sbtest7  (cost=0.43..8.46 rows=1 width=10)
	        Index Cond: (id = 5820116)

table 8 : explain UPDATE sbtest8 SET k=k+1 WHERE id=5468838
	Update on sbtest8  (cost=0.43..8.46 rows=0 width=0)
	  ->  Index Scan using sbtest8_pkey on sbtest8  (cost=0.43..8.46 rows=1 width=10)
	        Index Cond: (id = 5468838)

explain: for inserts :: explain INSERT INTO sbtest%u (id, k, c, pad) VALUES (%u, 13, 'foobar', 'foobar')
explain: for inserts :: explain INSERT INTO sbtest%u (id, k, c, pad) VALUES (%u, 13, 'foobar', 'foobar')
for inserts
table 1 : explain INSERT INTO sbtest1 (id, k, c, pad) VALUES (5517610, 13, 'foobar', 'foobar')
	Insert on sbtest1  (cost=0.00..0.01 rows=0 width=0)
	  ->  Result  (cost=0.00..0.01 rows=1 width=736)

table 2 : explain INSERT INTO sbtest2 (id, k, c, pad) VALUES (644806, 13, 'foobar', 'foobar')
	Insert on sbtest2  (cost=0.00..0.01 rows=0 width=0)
	  ->  Result  (cost=0.00..0.01 rows=1 width=736)

table 3 : explain INSERT INTO sbtest3 (id, k, c, pad) VALUES (820765, 13, 'foobar', 'foobar')
	Insert on sbtest3  (cost=0.00..0.01 rows=0 width=0)
	  ->  Result  (cost=0.00..0.01 rows=1 width=736)

table 4 : explain INSERT INTO sbtest4 (id, k, c, pad) VALUES (7926967, 13, 'foobar', 'foobar')
	Insert on sbtest4  (cost=0.00..0.01 rows=0 width=0)
	  ->  Result  (cost=0.00..0.01 rows=1 width=736)

table 5 : explain INSERT INTO sbtest5 (id, k, c, pad) VALUES (7594024, 13, 'foobar', 'foobar')
	Insert on sbtest5  (cost=0.00..0.01 rows=0 width=0)
	  ->  Result  (cost=0.00..0.01 rows=1 width=736)

table 6 : explain INSERT INTO sbtest6 (id, k, c, pad) VALUES (2161300, 13, 'foobar', 'foobar')
	Insert on sbtest6  (cost=0.00..0.01 rows=0 width=0)
	  ->  Result  (cost=0.00..0.01 rows=1 width=736)

table 7 : explain INSERT INTO sbtest7 (id, k, c, pad) VALUES (6966903, 13, 'foobar', 'foobar')
	Insert on sbtest7  (cost=0.00..0.01 rows=0 width=0)
	  ->  Result  (cost=0.00..0.01 rows=1 width=736)

table 8 : explain INSERT INTO sbtest8 (id, k, c, pad) VALUES (7978883, 13, 'foobar', 'foobar')
	Insert on sbtest8  (cost=0.00..0.01 rows=0 width=0)
	  ->  Result  (cost=0.00..0.01 rows=1 width=736)

explain: for non_index_updates :: explain UPDATE sbtest%u SET c='foobar' WHERE id=%u
for inserts
table 1 : explain INSERT INTO sbtest1 (id, k, c, pad) VALUES (1704138, 13, 'foobar', 'foobar')
	Insert on sbtest1  (cost=0.00..0.01 rows=0 width=0)
	  ->  Result  (cost=0.00..0.01 rows=1 width=736)

table 2 : explain INSERT INTO sbtest2 (id, k, c, pad) VALUES (571006, 13, 'foobar', 'foobar')
	Insert on sbtest2  (cost=0.00..0.01 rows=0 width=0)
	  ->  Result  (cost=0.00..0.01 rows=1 width=736)

table 3 : explain INSERT INTO sbtest3 (id, k, c, pad) VALUES (1424471, 13, 'foobar', 'foobar')
	Insert on sbtest3  (cost=0.00..0.01 rows=0 width=0)
	  ->  Result  (cost=0.00..0.01 rows=1 width=736)

table 4 : explain INSERT INTO sbtest4 (id, k, c, pad) VALUES (2945304, 13, 'foobar', 'foobar')
	Insert on sbtest4  (cost=0.00..0.01 rows=0 width=0)
	  ->  Result  (cost=0.00..0.01 rows=1 width=736)

table 5 : explain INSERT INTO sbtest5 (id, k, c, pad) VALUES (9011397, 13, 'foobar', 'foobar')
	Insert on sbtest5  (cost=0.00..0.01 rows=0 width=0)
	  ->  Result  (cost=0.00..0.01 rows=1 width=736)

table 6 : explain INSERT INTO sbtest6 (id, k, c, pad) VALUES (385012, 13, 'foobar', 'foobar')
	Insert on sbtest6  (cost=0.00..0.01 rows=0 width=0)
	  ->  Result  (cost=0.00..0.01 rows=1 width=736)

table 7 : explain INSERT INTO sbtest7 (id, k, c, pad) VALUES (8181373, 13, 'foobar', 'foobar')
	Insert on sbtest7  (cost=0.00..0.01 rows=0 width=0)
	  ->  Result  (cost=0.00..0.01 rows=1 width=736)

table 8 : explain INSERT INTO sbtest8 (id, k, c, pad) VALUES (7895356, 13, 'foobar', 'foobar')
	Insert on sbtest8  (cost=0.00..0.01 rows=0 width=0)
	  ->  Result  (cost=0.00..0.01 rows=1 width=736)

explain: for non_index_updates :: explain UPDATE sbtest%u SET c='foobar' WHERE id=%u
for inserts
table 1 : explain INSERT INTO sbtest1 (id, k, c, pad) VALUES (8272234, 13, 'foobar', 'foobar')
	Insert on sbtest1  (cost=0.00..0.01 rows=0 width=0)
	  ->  Result  (cost=0.00..0.01 rows=1 width=736)

table 2 : explain INSERT INTO sbtest2 (id, k, c, pad) VALUES (8138971, 13, 'foobar', 'foobar')
	Insert on sbtest2  (cost=0.00..0.01 rows=0 width=0)
	  ->  Result  (cost=0.00..0.01 rows=1 width=736)

table 3 : explain INSERT INTO sbtest3 (id, k, c, pad) VALUES (683025, 13, 'foobar', 'foobar')
	Insert on sbtest3  (cost=0.00..0.01 rows=0 width=0)
	  ->  Result  (cost=0.00..0.01 rows=1 width=736)

table 4 : explain INSERT INTO sbtest4 (id, k, c, pad) VALUES (4750548, 13, 'foobar', 'foobar')
	Insert on sbtest4  (cost=0.00..0.01 rows=0 width=0)
	  ->  Result  (cost=0.00..0.01 rows=1 width=736)

table 5 : explain INSERT INTO sbtest5 (id, k, c, pad) VALUES (7097271, 13, 'foobar', 'foobar')
	Insert on sbtest5  (cost=0.00..0.01 rows=0 width=0)
	  ->  Result  (cost=0.00..0.01 rows=1 width=736)

table 6 : explain INSERT INTO sbtest6 (id, k, c, pad) VALUES (6315030, 13, 'foobar', 'foobar')
	Insert on sbtest6  (cost=0.00..0.01 rows=0 width=0)
	  ->  Result  (cost=0.00..0.01 rows=1 width=736)

table 7 : explain INSERT INTO sbtest7 (id, k, c, pad) VALUES (177396, 13, 'foobar', 'foobar')
	Insert on sbtest7  (cost=0.00..0.01 rows=0 width=0)
	  ->  Result  (cost=0.00..0.01 rows=1 width=736)

table 8 : explain INSERT INTO sbtest8 (id, k, c, pad) VALUES (3613679, 13, 'foobar', 'foobar')
	Insert on sbtest8  (cost=0.00..0.01 rows=0 width=0)
	  ->  Result  (cost=0.00..0.01 rows=1 width=736)

for non_index_updates
table 1 : explain UPDATE sbtest1 SET c='foobar' WHERE id=6998350
	Update on sbtest1  (cost=0.43..8.45 rows=0 width=0)
	  ->  Index Scan using sbtest1_pkey on sbtest1  (cost=0.43..8.45 rows=1 width=490)
	        Index Cond: (id = 6998350)

table 2 : explain UPDATE sbtest2 SET c='foobar' WHERE id=9913073
	Update on sbtest2  (cost=0.43..8.45 rows=0 width=0)
	  ->  Index Scan using sbtest2_pkey on sbtest2  (cost=0.43..8.45 rows=1 width=490)
	        Index Cond: (id = 9913073)

table 3 : explain UPDATE sbtest3 SET c='foobar' WHERE id=5115333
	Update on sbtest3  (cost=0.43..8.45 rows=0 width=0)
	  ->  Index Scan using sbtest3_pkey on sbtest3  (cost=0.43..8.45 rows=1 width=490)
	        Index Cond: (id = 5115333)

table 4 : explain UPDATE sbtest4 SET c='foobar' WHERE id=8218834
	Update on sbtest4  (cost=0.43..8.45 rows=0 width=0)
	  ->  Index Scan using sbtest4_pkey on sbtest4  (cost=0.43..8.45 rows=1 width=490)
	        Index Cond: (id = 8218834)

table 5 : explain UPDATE sbtest5 SET c='foobar' WHERE id=4686038
	Update on sbtest5  (cost=0.43..8.45 rows=0 width=0)
	  ->  Index Scan using sbtest5_pkey on sbtest5  (cost=0.43..8.45 rows=1 width=490)
	        Index Cond: (id = 4686038)

table 6 : explain UPDATE sbtest6 SET c='foobar' WHERE id=1500032
	Update on sbtest6  (cost=0.43..8.45 rows=0 width=0)
	  ->  Index Scan using sbtest6_pkey on sbtest6  (cost=0.43..8.45 rows=1 width=490)
	        Index Cond: (id = 1500032)

table 7 : explain UPDATE sbtest7 SET c='foobar' WHERE id=3693345
	Update on sbtest7  (cost=0.43..8.45 rows=0 width=0)
	  ->  Index Scan using sbtest7_pkey on sbtest7  (cost=0.43..8.45 rows=1 width=490)
	        Index Cond: (id = 3693345)

table 8 : explain UPDATE sbtest8 SET c='foobar' WHERE id=6307275
	Update on sbtest8  (cost=0.43..8.45 rows=0 width=0)
	  ->  Index Scan using sbtest8_pkey on sbtest8  (cost=0.43..8.45 rows=1 width=490)
	        Index Cond: (id = 6307275)

for inserts
table 1 : explain INSERT INTO sbtest1 (id, k, c, pad) VALUES (2141443, 13, 'foobar', 'foobar')
	Insert on sbtest1  (cost=0.00..0.01 rows=0 width=0)
	  ->  Result  (cost=0.00..0.01 rows=1 width=736)

table 2 : explain INSERT INTO sbtest2 (id, k, c, pad) VALUES (2522849, 13, 'foobar', 'foobar')
	Insert on sbtest2  (cost=0.00..0.01 rows=0 width=0)
	  ->  Result  (cost=0.00..0.01 rows=1 width=736)

table 3 : explain INSERT INTO sbtest3 (id, k, c, pad) VALUES (9286254, 13, 'foobar', 'foobar')
	Insert on sbtest3  (cost=0.00..0.01 rows=0 width=0)
	  ->  Result  (cost=0.00..0.01 rows=1 width=736)

table 4 : explain INSERT INTO sbtest4 (id, k, c, pad) VALUES (8099072, 13, 'foobar', 'foobar')
	Insert on sbtest4  (cost=0.00..0.01 rows=0 width=0)
	  ->  Result  (cost=0.00..0.01 rows=1 width=736)

table 5 : explain INSERT INTO sbtest5 (id, k, c, pad) VALUES (5297018, 13, 'foobar', 'foobar')
	Insert on sbtest5  (cost=0.00..0.01 rows=0 width=0)
	  ->  Result  (cost=0.00..0.01 rows=1 width=736)

table 6 : explain INSERT INTO sbtest6 (id, k, c, pad) VALUES (925990, 13, 'foobar', 'foobar')
	Insert on sbtest6  (cost=0.00..0.01 rows=0 width=0)
	  ->  Result  (cost=0.00..0.01 rows=1 width=736)

table 7 : explain INSERT INTO sbtest7 (id, k, c, pad) VALUES (3015248, 13, 'foobar', 'foobar')
	Insert on sbtest7  (cost=0.00..0.01 rows=0 width=0)
	  ->  Result  (cost=0.00..0.01 rows=1 width=736)

table 8 : explain INSERT INTO sbtest8 (id, k, c, pad) VALUES (6695548, 13, 'foobar', 'foobar')
	Insert on sbtest8  (cost=0.00..0.01 rows=0 width=0)
	  ->  Result  (cost=0.00..0.01 rows=1 width=736)

for non_index_updates
table 1 : explain UPDATE sbtest1 SET c='foobar' WHERE id=2022447
	Update on sbtest1  (cost=0.43..8.45 rows=0 width=0)
	  ->  Index Scan using sbtest1_pkey on sbtest1  (cost=0.43..8.45 rows=1 width=490)
	        Index Cond: (id = 2022447)

table 2 : explain UPDATE sbtest2 SET c='foobar' WHERE id=557860
	Update on sbtest2  (cost=0.43..8.45 rows=0 width=0)
	  ->  Index Scan using sbtest2_pkey on sbtest2  (cost=0.43..8.45 rows=1 width=490)
	        Index Cond: (id = 557860)

table 3 : explain UPDATE sbtest3 SET c='foobar' WHERE id=5720905
	Update on sbtest3  (cost=0.43..8.45 rows=0 width=0)
	  ->  Index Scan using sbtest3_pkey on sbtest3  (cost=0.43..8.45 rows=1 width=490)
	        Index Cond: (id = 5720905)

table 4 : explain UPDATE sbtest4 SET c='foobar' WHERE id=3320155
	Update on sbtest4  (cost=0.43..8.45 rows=0 width=0)
	  ->  Index Scan using sbtest4_pkey on sbtest4  (cost=0.43..8.45 rows=1 width=490)
	        Index Cond: (id = 3320155)

table 5 : explain UPDATE sbtest5 SET c='foobar' WHERE id=4828469
	Update on sbtest5  (cost=0.43..8.45 rows=0 width=0)
	  ->  Index Scan using sbtest5_pkey on sbtest5  (cost=0.43..8.45 rows=1 width=490)
	        Index Cond: (id = 4828469)

table 6 : explain UPDATE sbtest6 SET c='foobar' WHERE id=1095691
	Update on sbtest6  (cost=0.43..8.45 rows=0 width=0)
	  ->  Index Scan using sbtest6_pkey on sbtest6  (cost=0.43..8.45 rows=1 width=490)
	        Index Cond: (id = 1095691)

table 7 : explain UPDATE sbtest7 SET c='foobar' WHERE id=3588595
	Update on sbtest7  (cost=0.43..8.45 rows=0 width=0)
	  ->  Index Scan using sbtest7_pkey on sbtest7  (cost=0.43..8.45 rows=1 width=490)
	        Index Cond: (id = 3588595)

table 8 : explain UPDATE sbtest8 SET c='foobar' WHERE id=1481361
	Update on sbtest8  (cost=0.43..8.45 rows=0 width=0)
	  ->  Index Scan using sbtest8_pkey on sbtest8  (cost=0.43..8.45 rows=1 width=490)
	        Index Cond: (id = 1481361)

explain: for deletes :: explain DELETE FROM sbtest%u WHERE id=%u
explain: for deletes :: explain DELETE FROM sbtest%u WHERE id=%u
for deletes
table 1 : explain DELETE FROM sbtest1 WHERE id=4742168
	Delete on sbtest1  (cost=0.43..8.45 rows=0 width=0)
	  ->  Index Scan using sbtest1_pkey on sbtest1  (cost=0.43..8.45 rows=1 width=6)
	        Index Cond: (id = 4742168)

table 2 : explain DELETE FROM sbtest2 WHERE id=2697005
	Delete on sbtest2  (cost=0.43..8.45 rows=0 width=0)
	  ->  Index Scan using sbtest2_pkey on sbtest2  (cost=0.43..8.45 rows=1 width=6)
	        Index Cond: (id = 2697005)

table 3 : explain DELETE FROM sbtest3 WHERE id=5249008
	Delete on sbtest3  (cost=0.43..8.45 rows=0 width=0)
	  ->  Index Scan using sbtest3_pkey on sbtest3  (cost=0.43..8.45 rows=1 width=6)
	        Index Cond: (id = 5249008)

table 4 : explain DELETE FROM sbtest4 WHERE id=5836047
	Delete on sbtest4  (cost=0.43..8.45 rows=0 width=0)
	  ->  Index Scan using sbtest4_pkey on sbtest4  (cost=0.43..8.45 rows=1 width=6)
	        Index Cond: (id = 5836047)

table 5 : explain DELETE FROM sbtest5 WHERE id=7999121
	Delete on sbtest5  (cost=0.43..8.45 rows=0 width=0)
	  ->  Index Scan using sbtest5_pkey on sbtest5  (cost=0.43..8.45 rows=1 width=6)
	        Index Cond: (id = 7999121)

table 6 : explain DELETE FROM sbtest6 WHERE id=7897720
	Delete on sbtest6  (cost=0.43..8.45 rows=0 width=0)
	  ->  Index Scan using sbtest6_pkey on sbtest6  (cost=0.43..8.45 rows=1 width=6)
	        Index Cond: (id = 7897720)

table 7 : explain DELETE FROM sbtest7 WHERE id=9612457
	Delete on sbtest7  (cost=0.43..8.45 rows=0 width=0)
	  ->  Index Scan using sbtest7_pkey on sbtest7  (cost=0.43..8.45 rows=1 width=6)
	        Index Cond: (id = 9612457)

table 8 : explain DELETE FROM sbtest8 WHERE id=5892923
	Delete on sbtest8  (cost=0.43..8.45 rows=0 width=0)
	  ->  Index Scan using sbtest8_pkey on sbtest8  (cost=0.43..8.45 rows=1 width=6)
	        Index Cond: (id = 5892923)

for deletes
table 1 : explain DELETE FROM sbtest1 WHERE id=5431923
	Delete on sbtest1  (cost=0.43..8.45 rows=0 width=0)
	  ->  Index Scan using sbtest1_pkey on sbtest1  (cost=0.43..8.45 rows=1 width=6)
	        Index Cond: (id = 5431923)

table 2 : explain DELETE FROM sbtest2 WHERE id=3085185
	Delete on sbtest2  (cost=0.43..8.45 rows=0 width=0)
	  ->  Index Scan using sbtest2_pkey on sbtest2  (cost=0.43..8.45 rows=1 width=6)
	        Index Cond: (id = 3085185)

table 3 : explain DELETE FROM sbtest3 WHERE id=1559429
	Delete on sbtest3  (cost=0.43..8.45 rows=0 width=0)
	  ->  Index Scan using sbtest3_pkey on sbtest3  (cost=0.43..8.45 rows=1 width=6)
	        Index Cond: (id = 1559429)

table 4 : explain DELETE FROM sbtest4 WHERE id=6591858
	Delete on sbtest4  (cost=0.43..8.45 rows=0 width=0)
	  ->  Index Scan using sbtest4_pkey on sbtest4  (cost=0.43..8.45 rows=1 width=6)
	        Index Cond: (id = 6591858)

table 5 : explain DELETE FROM sbtest5 WHERE id=5934273
	Delete on sbtest5  (cost=0.43..8.45 rows=0 width=0)
	  ->  Index Scan using sbtest5_pkey on sbtest5  (cost=0.43..8.45 rows=1 width=6)
	        Index Cond: (id = 5934273)

table 6 : explain DELETE FROM sbtest6 WHERE id=8595468
	Delete on sbtest6  (cost=0.43..8.45 rows=0 width=0)
	  ->  Index Scan using sbtest6_pkey on sbtest6  (cost=0.43..8.45 rows=1 width=6)
	        Index Cond: (id = 8595468)

table 7 : explain DELETE FROM sbtest7 WHERE id=8634300
	Delete on sbtest7  (cost=0.43..8.45 rows=0 width=0)
	  ->  Index Scan using sbtest7_pkey on sbtest7  (cost=0.43..8.45 rows=1 width=6)
	        Index Cond: (id = 8634300)

table 8 : explain DELETE FROM sbtest8 WHERE id=6545753
	Delete on sbtest8  (cost=0.43..8.45 rows=0 width=0)
	  ->  Index Scan using sbtest8_pkey on sbtest8  (cost=0.43..8.45 rows=1 width=6)
	        Index Cond: (id = 6545753)

explain: for inserts :: explain INSERT INTO sbtest%u (id, k, c, pad) VALUES (%u, 13, 'foobar', 'foobar')
explain: for index_updates :: explain UPDATE sbtest%u SET k=k+1 WHERE id=%u
explain: for inserts :: explain INSERT INTO sbtest%u (id, k, c, pad) VALUES (%u, 13, 'foobar', 'foobar')
for inserts
table 1 : explain INSERT INTO sbtest1 (id, k, c, pad) VALUES (4480625, 13, 'foobar', 'foobar')
	Insert on sbtest1  (cost=0.00..0.01 rows=0 width=0)
	  ->  Result  (cost=0.00..0.01 rows=1 width=736)

table 2 : explain INSERT INTO sbtest2 (id, k, c, pad) VALUES (8356825, 13, 'foobar', 'foobar')
	Insert on sbtest2  (cost=0.00..0.01 rows=0 width=0)
	  ->  Result  (cost=0.00..0.01 rows=1 width=736)

table 3 : explain INSERT INTO sbtest3 (id, k, c, pad) VALUES (3949084, 13, 'foobar', 'foobar')
	Insert on sbtest3  (cost=0.00..0.01 rows=0 width=0)
	  ->  Result  (cost=0.00..0.01 rows=1 width=736)

table 4 : explain INSERT INTO sbtest4 (id, k, c, pad) VALUES (5724009, 13, 'foobar', 'foobar')
	Insert on sbtest4  (cost=0.00..0.01 rows=0 width=0)
	  ->  Result  (cost=0.00..0.01 rows=1 width=736)

table 5 : explain INSERT INTO sbtest5 (id, k, c, pad) VALUES (2373963, 13, 'foobar', 'foobar')
	Insert on sbtest5  (cost=0.00..0.01 rows=0 width=0)
	  ->  Result  (cost=0.00..0.01 rows=1 width=736)

table 6 : explain INSERT INTO sbtest6 (id, k, c, pad) VALUES (1758637, 13, 'foobar', 'foobar')
	Insert on sbtest6  (cost=0.00..0.01 rows=0 width=0)
	  ->  Result  (cost=0.00..0.01 rows=1 width=736)

table 7 : explain INSERT INTO sbtest7 (id, k, c, pad) VALUES (9384311, 13, 'foobar', 'foobar')
	Insert on sbtest7  (cost=0.00..0.01 rows=0 width=0)
	  ->  Result  (cost=0.00..0.01 rows=1 width=736)

table 8 : explain INSERT INTO sbtest8 (id, k, c, pad) VALUES (2507205, 13, 'foobar', 'foobar')
	Insert on sbtest8  (cost=0.00..0.01 rows=0 width=0)
	  ->  Result  (cost=0.00..0.01 rows=1 width=736)

explain: for index_updates :: explain UPDATE sbtest%u SET k=k+1 WHERE id=%u
for inserts
table 1 : explain INSERT INTO sbtest1 (id, k, c, pad) VALUES (6934762, 13, 'foobar', 'foobar')
	Insert on sbtest1  (cost=0.00..0.01 rows=0 width=0)
	  ->  Result  (cost=0.00..0.01 rows=1 width=736)

table 2 : explain INSERT INTO sbtest2 (id, k, c, pad) VALUES (6733230, 13, 'foobar', 'foobar')
	Insert on sbtest2  (cost=0.00..0.01 rows=0 width=0)
	  ->  Result  (cost=0.00..0.01 rows=1 width=736)

table 3 : explain INSERT INTO sbtest3 (id, k, c, pad) VALUES (1971373, 13, 'foobar', 'foobar')
	Insert on sbtest3  (cost=0.00..0.01 rows=0 width=0)
	  ->  Result  (cost=0.00..0.01 rows=1 width=736)

table 4 : explain INSERT INTO sbtest4 (id, k, c, pad) VALUES (5481799, 13, 'foobar', 'foobar')
	Insert on sbtest4  (cost=0.00..0.01 rows=0 width=0)
	  ->  Result  (cost=0.00..0.01 rows=1 width=736)

table 5 : explain INSERT INTO sbtest5 (id, k, c, pad) VALUES (3314702, 13, 'foobar', 'foobar')
	Insert on sbtest5  (cost=0.00..0.01 rows=0 width=0)
	  ->  Result  (cost=0.00..0.01 rows=1 width=736)

table 6 : explain INSERT INTO sbtest6 (id, k, c, pad) VALUES (541412, 13, 'foobar', 'foobar')
	Insert on sbtest6  (cost=0.00..0.01 rows=0 width=0)
	  ->  Result  (cost=0.00..0.01 rows=1 width=736)

table 7 : explain INSERT INTO sbtest7 (id, k, c, pad) VALUES (1819819, 13, 'foobar', 'foobar')
	Insert on sbtest7  (cost=0.00..0.01 rows=0 width=0)
	  ->  Result  (cost=0.00..0.01 rows=1 width=736)

table 8 : explain INSERT INTO sbtest8 (id, k, c, pad) VALUES (7876827, 13, 'foobar', 'foobar')
	Insert on sbtest8  (cost=0.00..0.01 rows=0 width=0)
	  ->  Result  (cost=0.00..0.01 rows=1 width=736)

explain: for index_updates :: explain UPDATE sbtest%u SET k=k+1 WHERE id=%u
explain: for index_updates :: explain UPDATE sbtest%u SET k=k+1 WHERE id=%u
explain: for index_updates :: explain UPDATE sbtest%u SET k=k+1 WHERE id=%u
explain: for index_updates :: explain UPDATE sbtest%u SET k=k+1 WHERE id=%u
explain: for index_updates :: explain UPDATE sbtest%u SET k=k+1 WHERE id=%u
for index_updates
table 1 : explain UPDATE sbtest1 SET k=k+1 WHERE id=4022449
	Update on sbtest1  (cost=0.43..8.46 rows=0 width=0)
	  ->  Index Scan using sbtest1_pkey on sbtest1  (cost=0.43..8.46 rows=1 width=10)
	        Index Cond: (id = 4022449)

table 2 : explain UPDATE sbtest2 SET k=k+1 WHERE id=3733177
	Update on sbtest2  (cost=0.43..8.46 rows=0 width=0)
	  ->  Index Scan using sbtest2_pkey on sbtest2  (cost=0.43..8.46 rows=1 width=10)
	        Index Cond: (id = 3733177)

table 3 : explain UPDATE sbtest3 SET k=k+1 WHERE id=8379278
	Update on sbtest3  (cost=0.43..8.46 rows=0 width=0)
	  ->  Index Scan using sbtest3_pkey on sbtest3  (cost=0.43..8.46 rows=1 width=10)
	        Index Cond: (id = 8379278)

table 4 : explain UPDATE sbtest4 SET k=k+1 WHERE id=6622613
	Update on sbtest4  (cost=0.43..8.46 rows=0 width=0)
	  ->  Index Scan using sbtest4_pkey on sbtest4  (cost=0.43..8.46 rows=1 width=10)
	        Index Cond: (id = 6622613)

table 5 : explain UPDATE sbtest5 SET k=k+1 WHERE id=6193191
	Update on sbtest5  (cost=0.43..8.46 rows=0 width=0)
	  ->  Index Scan using sbtest5_pkey on sbtest5  (cost=0.43..8.46 rows=1 width=10)
	        Index Cond: (id = 6193191)

table 6 : explain UPDATE sbtest6 SET k=k+1 WHERE id=4758532
	Update on sbtest6  (cost=0.43..8.46 rows=0 width=0)
	  ->  Index Scan using sbtest6_pkey on sbtest6  (cost=0.43..8.46 rows=1 width=10)
	        Index Cond: (id = 4758532)

table 7 : explain UPDATE sbtest7 SET k=k+1 WHERE id=7461728
	Update on sbtest7  (cost=0.43..8.46 rows=0 width=0)
	  ->  Index Scan using sbtest7_pkey on sbtest7  (cost=0.43..8.46 rows=1 width=10)
	        Index Cond: (id = 7461728)

table 8 : explain UPDATE sbtest8 SET k=k+1 WHERE id=647234
	Update on sbtest8  (cost=0.43..8.46 rows=0 width=0)
	  ->  Index Scan using sbtest8_pkey on sbtest8  (cost=0.43..8.46 rows=1 width=10)
	        Index Cond: (id = 647234)

for index_updates
table 1 : explain UPDATE sbtest1 SET k=k+1 WHERE id=6728698
	Update on sbtest1  (cost=0.43..8.46 rows=0 width=0)
	  ->  Index Scan using sbtest1_pkey on sbtest1  (cost=0.43..8.46 rows=1 width=10)
	        Index Cond: (id = 6728698)

table 2 : explain UPDATE sbtest2 SET k=k+1 WHERE id=6219306
	Update on sbtest2  (cost=0.43..8.46 rows=0 width=0)
	  ->  Index Scan using sbtest2_pkey on sbtest2  (cost=0.43..8.46 rows=1 width=10)
	        Index Cond: (id = 6219306)

table 3 : explain UPDATE sbtest3 SET k=k+1 WHERE id=5763415
	Update on sbtest3  (cost=0.43..8.46 rows=0 width=0)
	  ->  Index Scan using sbtest3_pkey on sbtest3  (cost=0.43..8.46 rows=1 width=10)
	        Index Cond: (id = 5763415)

table 4 : explain UPDATE sbtest4 SET k=k+1 WHERE id=3575601
	Update on sbtest4  (cost=0.43..8.46 rows=0 width=0)
	  ->  Index Scan using sbtest4_pkey on sbtest4  (cost=0.43..8.46 rows=1 width=10)
	        Index Cond: (id = 3575601)

table 5 : explain UPDATE sbtest5 SET k=k+1 WHERE id=176409
	Update on sbtest5  (cost=0.43..8.46 rows=0 width=0)
	  ->  Index Scan using sbtest5_pkey on sbtest5  (cost=0.43..8.46 rows=1 width=10)
	        Index Cond: (id = 176409)

table 6 : explain UPDATE sbtest6 SET k=k+1 WHERE id=571751
	Update on sbtest6  (cost=0.43..8.46 rows=0 width=0)
	  ->  Index Scan using sbtest6_pkey on sbtest6  (cost=0.43..8.46 rows=1 width=10)
	        Index Cond: (id = 571751)

table 7 : explain UPDATE sbtest7 SET k=k+1 WHERE id=9390115
	Update on sbtest7  (cost=0.43..8.46 rows=0 width=0)
	  ->  Index Scan using sbtest7_pkey on sbtest7  (cost=0.43..8.46 rows=1 width=10)
	        Index Cond: (id = 9390115)

table 8 : explain UPDATE sbtest8 SET k=k+1 WHERE id=3886571
	Update on sbtest8  (cost=0.43..8.46 rows=0 width=0)
	  ->  Index Scan using sbtest8_pkey on sbtest8  (cost=0.43..8.46 rows=1 width=10)
	        Index Cond: (id = 3886571)

explain: for non_index_updates :: explain UPDATE sbtest%u SET c='foobar' WHERE id=%u
explain: for non_index_updates :: explain UPDATE sbtest%u SET c='foobar' WHERE id=%u
for non_index_updates
table 1 : explain UPDATE sbtest1 SET c='foobar' WHERE id=1040867
	Update on sbtest1  (cost=0.43..8.45 rows=0 width=0)
	  ->  Index Scan using sbtest1_pkey on sbtest1  (cost=0.43..8.45 rows=1 width=490)
	        Index Cond: (id = 1040867)

table 2 : explain UPDATE sbtest2 SET c='foobar' WHERE id=4462619
	Update on sbtest2  (cost=0.43..8.45 rows=0 width=0)
	  ->  Index Scan using sbtest2_pkey on sbtest2  (cost=0.43..8.45 rows=1 width=490)
	        Index Cond: (id = 4462619)

table 3 : explain UPDATE sbtest3 SET c='foobar' WHERE id=7528006
	Update on sbtest3  (cost=0.43..8.45 rows=0 width=0)
	  ->  Index Scan using sbtest3_pkey on sbtest3  (cost=0.43..8.45 rows=1 width=490)
	        Index Cond: (id = 7528006)

table 4 : explain UPDATE sbtest4 SET c='foobar' WHERE id=9854876
	Update on sbtest4  (cost=0.43..8.45 rows=0 width=0)
	  ->  Index Scan using sbtest4_pkey on sbtest4  (cost=0.43..8.45 rows=1 width=490)
	        Index Cond: (id = 9854876)

table 5 : explain UPDATE sbtest5 SET c='foobar' WHERE id=8933017
	Update on sbtest5  (cost=0.43..8.45 rows=0 width=0)
	  ->  Index Scan using sbtest5_pkey on sbtest5  (cost=0.43..8.45 rows=1 width=490)
	        Index Cond: (id = 8933017)

table 6 : explain UPDATE sbtest6 SET c='foobar' WHERE id=337155
	Update on sbtest6  (cost=0.43..8.45 rows=0 width=0)
	  ->  Index Scan using sbtest6_pkey on sbtest6  (cost=0.43..8.45 rows=1 width=490)
	        Index Cond: (id = 337155)

table 7 : explain UPDATE sbtest7 SET c='foobar' WHERE id=5891908
	Update on sbtest7  (cost=0.43..8.45 rows=0 width=0)
	  ->  Index Scan using sbtest7_pkey on sbtest7  (cost=0.43..8.45 rows=1 width=490)
	        Index Cond: (id = 5891908)

table 8 : explain UPDATE sbtest8 SET c='foobar' WHERE id=9097160
	Update on sbtest8  (cost=0.43..8.45 rows=0 width=0)
	  ->  Index Scan using sbtest8_pkey on sbtest8  (cost=0.43..8.45 rows=1 width=490)
	        Index Cond: (id = 9097160)

for non_index_updates
table 1 : explain UPDATE sbtest1 SET c='foobar' WHERE id=5829280
	Update on sbtest1  (cost=0.43..8.45 rows=0 width=0)
	  ->  Index Scan using sbtest1_pkey on sbtest1  (cost=0.43..8.45 rows=1 width=490)
	        Index Cond: (id = 5829280)

table 2 : explain UPDATE sbtest2 SET c='foobar' WHERE id=593908
	Update on sbtest2  (cost=0.43..8.45 rows=0 width=0)
	  ->  Index Scan using sbtest2_pkey on sbtest2  (cost=0.43..8.45 rows=1 width=490)
	        Index Cond: (id = 593908)

table 3 : explain UPDATE sbtest3 SET c='foobar' WHERE id=43388
	Update on sbtest3  (cost=0.43..8.45 rows=0 width=0)
	  ->  Index Scan using sbtest3_pkey on sbtest3  (cost=0.43..8.45 rows=1 width=490)
	        Index Cond: (id = 43388)

table 4 : explain UPDATE sbtest4 SET c='foobar' WHERE id=9734736
	Update on sbtest4  (cost=0.43..8.45 rows=0 width=0)
	  ->  Index Scan using sbtest4_pkey on sbtest4  (cost=0.43..8.45 rows=1 width=490)
	        Index Cond: (id = 9734736)

table 5 : explain UPDATE sbtest5 SET c='foobar' WHERE id=7013091
	Update on sbtest5  (cost=0.43..8.45 rows=0 width=0)
	  ->  Index Scan using sbtest5_pkey on sbtest5  (cost=0.43..8.45 rows=1 width=490)
	        Index Cond: (id = 7013091)

table 6 : explain UPDATE sbtest6 SET c='foobar' WHERE id=9076617
	Update on sbtest6  (cost=0.43..8.45 rows=0 width=0)
	  ->  Index Scan using sbtest6_pkey on sbtest6  (cost=0.43..8.45 rows=1 width=490)
	        Index Cond: (id = 9076617)

table 7 : explain UPDATE sbtest7 SET c='foobar' WHERE id=5433974
	Update on sbtest7  (cost=0.43..8.45 rows=0 width=0)
	  ->  Index Scan using sbtest7_pkey on sbtest7  (cost=0.43..8.45 rows=1 width=490)
	        Index Cond: (id = 5433974)

table 8 : explain UPDATE sbtest8 SET c='foobar' WHERE id=6157557
	Update on sbtest8  (cost=0.43..8.45 rows=0 width=0)
	  ->  Index Scan using sbtest8_pkey on sbtest8  (cost=0.43..8.45 rows=1 width=490)
	        Index Cond: (id = 6157557)

for index_updates
table 1 : explain UPDATE sbtest1 SET k=k+1 WHERE id=251751
	Update on sbtest1  (cost=0.43..8.46 rows=0 width=0)
	  ->  Index Scan using sbtest1_pkey on sbtest1  (cost=0.43..8.46 rows=1 width=10)
	        Index Cond: (id = 251751)

table 2 : explain UPDATE sbtest2 SET k=k+1 WHERE id=1744634
	Update on sbtest2  (cost=0.43..8.46 rows=0 width=0)
	  ->  Index Scan using sbtest2_pkey on sbtest2  (cost=0.43..8.46 rows=1 width=10)
	        Index Cond: (id = 1744634)

table 3 : explain UPDATE sbtest3 SET k=k+1 WHERE id=8203920
	Update on sbtest3  (cost=0.43..8.46 rows=0 width=0)
	  ->  Index Scan using sbtest3_pkey on sbtest3  (cost=0.43..8.46 rows=1 width=10)
	        Index Cond: (id = 8203920)

table 4 : explain UPDATE sbtest4 SET k=k+1 WHERE id=124803
	Update on sbtest4  (cost=0.43..8.46 rows=0 width=0)
	  ->  Index Scan using sbtest4_pkey on sbtest4  (cost=0.43..8.46 rows=1 width=10)
	        Index Cond: (id = 124803)

table 5 : explain UPDATE sbtest5 SET k=k+1 WHERE id=3023222
	Update on sbtest5  (cost=0.43..8.46 rows=0 width=0)
	  ->  Index Scan using sbtest5_pkey on sbtest5  (cost=0.43..8.46 rows=1 width=10)
	        Index Cond: (id = 3023222)

table 6 : explain UPDATE sbtest6 SET k=k+1 WHERE id=144710
	Update on sbtest6  (cost=0.43..8.46 rows=0 width=0)
	  ->  Index Scan using sbtest6_pkey on sbtest6  (cost=0.43..8.46 rows=1 width=10)
	        Index Cond: (id = 144710)

table 7 : explain UPDATE sbtest7 SET k=k+1 WHERE id=1112857
	Update on sbtest7  (cost=0.43..8.46 rows=0 width=0)
	  ->  Index Scan using sbtest7_pkey on sbtest7  (cost=0.43..8.46 rows=1 width=10)
	        Index Cond: (id = 1112857)

table 8 : explain UPDATE sbtest8 SET k=k+1 WHERE id=7245489
	Update on sbtest8  (cost=0.43..8.46 rows=0 width=0)
	  ->  Index Scan using sbtest8_pkey on sbtest8  (cost=0.43..8.46 rows=1 width=10)
	        Index Cond: (id = 7245489)
for index_updates
table 1 : explain UPDATE sbtest1 SET k=k+1 WHERE id=2263378
	Update on sbtest1  (cost=0.43..8.46 rows=0 width=0)
	  ->  Index Scan using sbtest1_pkey on sbtest1  (cost=0.43..8.46 rows=1 width=10)
	        Index Cond: (id = 2263378)

table 2 : explain UPDATE sbtest2 SET k=k+1 WHERE id=9026541
	Update on sbtest2  (cost=0.43..8.46 rows=0 width=0)
	  ->  Index Scan using sbtest2_pkey on sbtest2  (cost=0.43..8.46 rows=1 width=10)
	        Index Cond: (id = 9026541)

table 3 : explain UPDATE sbtest3 SET k=k+1 WHERE id=507539
	Update on sbtest3  (cost=0.43..8.46 rows=0 width=0)
	  ->  Index Scan using sbtest3_pkey on sbtest3  (cost=0.43..8.46 rows=1 width=10)
	        Index Cond: (id = 507539)

table 4 : explain UPDATE sbtest4 SET k=k+1 WHERE id=7694428
	Update on sbtest4  (cost=0.43..8.46 rows=0 width=0)
	  ->  Index Scan using sbtest4_pkey on sbtest4  (cost=0.43..8.46 rows=1 width=10)
	        Index Cond: (id = 7694428)

table 5 : explain UPDATE sbtest5 SET k=k+1 WHERE id=1097921
	Update on sbtest5  (cost=0.43..8.46 rows=0 width=0)
	  ->  Index Scan using sbtest5_pkey on sbtest5  (cost=0.43..8.46 rows=1 width=10)
	        Index Cond: (id = 1097921)

table 6 : explain UPDATE sbtest6 SET k=k+1 WHERE id=9030856
	Update on sbtest6  (cost=0.43..8.46 rows=0 width=0)
	  ->  Index Scan using sbtest6_pkey on sbtest6  (cost=0.43..8.46 rows=1 width=10)
	        Index Cond: (id = 9030856)

table 7 : explain UPDATE sbtest7 SET k=k+1 WHERE id=830993
	Update on sbtest7  (cost=0.43..8.46 rows=0 width=0)
	  ->  Index Scan using sbtest7_pkey on sbtest7  (cost=0.43..8.46 rows=1 width=10)
	        Index Cond: (id = 830993)

table 8 : explain UPDATE sbtest8 SET k=k+1 WHERE id=8794891
	Update on sbtest8  (cost=0.43..8.46 rows=0 width=0)
	  ->  Index Scan using sbtest8_pkey on sbtest8  (cost=0.43..8.46 rows=1 width=10)
	        Index Cond: (id = 8794891)


for index_updates
table 1 : explain UPDATE sbtest1 SET k=k+1 WHERE id=4888530
	Update on sbtest1  (cost=0.43..8.46 rows=0 width=0)
	  ->  Index Scan using sbtest1_pkey on sbtest1  (cost=0.43..8.46 rows=1 width=10)
	        Index Cond: (id = 4888530)

table 2 : explain UPDATE sbtest2 SET k=k+1 WHERE id=6166867
	Update on sbtest2  (cost=0.43..8.46 rows=0 width=0)
	  ->  Index Scan using sbtest2_pkey on sbtest2  (cost=0.43..8.46 rows=1 width=10)
	        Index Cond: (id = 6166867)

table 3 : explain UPDATE sbtest3 SET k=k+1 WHERE id=6218876
	Update on sbtest3  (cost=0.43..8.46 rows=0 width=0)
	  ->  Index Scan using sbtest3_pkey on sbtest3  (cost=0.43..8.46 rows=1 width=10)
	        Index Cond: (id = 6218876)

table 4 : explain UPDATE sbtest4 SET k=k+1 WHERE id=9988760
	Update on sbtest4  (cost=0.43..8.46 rows=0 width=0)
	  ->  Index Scan using sbtest4_pkey on sbtest4  (cost=0.43..8.46 rows=1 width=10)
	        Index Cond: (id = 9988760)

table 5 : explain UPDATE sbtest5 SET k=k+1 WHERE id=8927332
	Update on sbtest5  (cost=0.43..8.46 rows=0 width=0)
	  ->  Index Scan using sbtest5_pkey on sbtest5  (cost=0.43..8.46 rows=1 width=10)
	        Index Cond: (id = 8927332)

table 6 : explain UPDATE sbtest6 SET k=k+1 WHERE id=7771178
	Update on sbtest6  (cost=0.43..8.46 rows=0 width=0)
	  ->  Index Scan using sbtest6_pkey on sbtest6  (cost=0.43..8.46 rows=1 width=10)
	        Index Cond: (id = 7771178)

table 7 : explain UPDATE sbtest7 SET k=k+1 WHERE id=5199633
	Update on sbtest7  (cost=0.43..8.46 rows=0 width=0)
	  ->  Index Scan using sbtest7_pkey on sbtest7  (cost=0.43..8.46 rows=1 width=10)
	        Index Cond: (id = 5199633)

table 8 : explain UPDATE sbtest8 SET k=k+1 WHERE id=8962286
	Update on sbtest8  (cost=0.43..8.46 rows=0 width=0)
	  ->  Index Scan using sbtest8_pkey on sbtest8  (cost=0.43..8.46 rows=1 width=10)
	        Index Cond: (id = 8962286)

explain: for deletes :: explain DELETE FROM sbtest%u WHERE id=%u
for index_updates
table 1 : explain UPDATE sbtest1 SET k=k+1 WHERE id=178884
	Update on sbtest1  (cost=0.43..8.46 rows=0 width=0)
	  ->  Index Scan using sbtest1_pkey on sbtest1  (cost=0.43..8.46 rows=1 width=10)
	        Index Cond: (id = 178884)

table 2 : explain UPDATE sbtest2 SET k=k+1 WHERE id=5740975
	Update on sbtest2  (cost=0.43..8.46 rows=0 width=0)
	  ->  Index Scan using sbtest2_pkey on sbtest2  (cost=0.43..8.46 rows=1 width=10)
	        Index Cond: (id = 5740975)

table 3 : explain UPDATE sbtest3 SET k=k+1 WHERE id=8521514
	Update on sbtest3  (cost=0.43..8.46 rows=0 width=0)
	  ->  Index Scan using sbtest3_pkey on sbtest3  (cost=0.43..8.46 rows=1 width=10)
	        Index Cond: (id = 8521514)

table 4 : explain UPDATE sbtest4 SET k=k+1 WHERE id=4673265
	Update on sbtest4  (cost=0.43..8.46 rows=0 width=0)
	  ->  Index Scan using sbtest4_pkey on sbtest4  (cost=0.43..8.46 rows=1 width=10)
	        Index Cond: (id = 4673265)

table 5 : explain UPDATE sbtest5 SET k=k+1 WHERE id=7946169
	Update on sbtest5  (cost=0.43..8.46 rows=0 width=0)
	  ->  Index Scan using sbtest5_pkey on sbtest5  (cost=0.43..8.46 rows=1 width=10)
	        Index Cond: (id = 7946169)

table 6 : explain UPDATE sbtest6 SET k=k+1 WHERE id=7669401
	Update on sbtest6  (cost=0.43..8.46 rows=0 width=0)
	  ->  Index Scan using sbtest6_pkey on sbtest6  (cost=0.43..8.46 rows=1 width=10)
	        Index Cond: (id = 7669401)

table 7 : explain UPDATE sbtest7 SET k=k+1 WHERE id=2938483
	Update on sbtest7  (cost=0.43..8.46 rows=0 width=0)
	  ->  Index Scan using sbtest7_pkey on sbtest7  (cost=0.43..8.46 rows=1 width=10)
	        Index Cond: (id = 2938483)

table 8 : explain UPDATE sbtest8 SET k=k+1 WHERE id=2556880
	Update on sbtest8  (cost=0.43..8.46 rows=0 width=0)
	  ->  Index Scan using sbtest8_pkey on sbtest8  (cost=0.43..8.46 rows=1 width=10)
	        Index Cond: (id = 2556880)

for index_updates
table 1 : explain UPDATE sbtest1 SET k=k+1 WHERE id=8822074
	Update on sbtest1  (cost=0.43..8.46 rows=0 width=0)
	  ->  Index Scan using sbtest1_pkey on sbtest1  (cost=0.43..8.46 rows=1 width=10)
	        Index Cond: (id = 8822074)

table 2 : explain UPDATE sbtest2 SET k=k+1 WHERE id=9389325
	Update on sbtest2  (cost=0.43..8.46 rows=0 width=0)
	  ->  Index Scan using sbtest2_pkey on sbtest2  (cost=0.43..8.46 rows=1 width=10)
	        Index Cond: (id = 9389325)

table 3 : explain UPDATE sbtest3 SET k=k+1 WHERE id=5079261
	Update on sbtest3  (cost=0.43..8.46 rows=0 width=0)
	  ->  Index Scan using sbtest3_pkey on sbtest3  (cost=0.43..8.46 rows=1 width=10)
	        Index Cond: (id = 5079261)

table 4 : explain UPDATE sbtest4 SET k=k+1 WHERE id=4680340
	Update on sbtest4  (cost=0.43..8.46 rows=0 width=0)
	  ->  Index Scan using sbtest4_pkey on sbtest4  (cost=0.43..8.46 rows=1 width=10)
	        Index Cond: (id = 4680340)

table 5 : explain UPDATE sbtest5 SET k=k+1 WHERE id=6040507
	Update on sbtest5  (cost=0.43..8.46 rows=0 width=0)
	  ->  Index Scan using sbtest5_pkey on sbtest5  (cost=0.43..8.46 rows=1 width=10)
	        Index Cond: (id = 6040507)

table 6 : explain UPDATE sbtest6 SET k=k+1 WHERE id=1194544
	Update on sbtest6  (cost=0.43..8.46 rows=0 width=0)
	  ->  Index Scan using sbtest6_pkey on sbtest6  (cost=0.43..8.46 rows=1 width=10)
	        Index Cond: (id = 1194544)

table 7 : explain UPDATE sbtest7 SET k=k+1 WHERE id=578009
	Update on sbtest7  (cost=0.43..8.46 rows=0 width=0)
	  ->  Index Scan using sbtest7_pkey on sbtest7  (cost=0.43..8.46 rows=1 width=10)
	        Index Cond: (id = 578009)

table 8 : explain UPDATE sbtest8 SET k=k+1 WHERE id=3467578
	Update on sbtest8  (cost=0.43..8.46 rows=0 width=0)
	  ->  Index Scan using sbtest8_pkey on sbtest8  (cost=0.43..8.46 rows=1 width=10)
	        Index Cond: (id = 3467578)

explain: for deletes :: explain DELETE FROM sbtest%u WHERE id=%u
explain: for non_index_updates :: explain UPDATE sbtest%u SET c='foobar' WHERE id=%u
explain: for non_index_updates :: explain UPDATE sbtest%u SET c='foobar' WHERE id=%u
explain: for non_index_updates :: explain UPDATE sbtest%u SET c='foobar' WHERE id=%u
explain: for non_index_updates :: explain UPDATE sbtest%u SET c='foobar' WHERE id=%u
explain: for non_index_updates :: explain UPDATE sbtest%u SET c='foobar' WHERE id=%u
for deletes
table 1 : explain DELETE FROM sbtest1 WHERE id=9039595
	Delete on sbtest1  (cost=0.43..8.45 rows=0 width=0)
	  ->  Index Scan using sbtest1_pkey on sbtest1  (cost=0.43..8.45 rows=1 width=6)
	        Index Cond: (id = 9039595)

table 2 : explain DELETE FROM sbtest2 WHERE id=6449167
	Delete on sbtest2  (cost=0.43..8.45 rows=0 width=0)
	  ->  Index Scan using sbtest2_pkey on sbtest2  (cost=0.43..8.45 rows=1 width=6)
	        Index Cond: (id = 6449167)

table 3 : explain DELETE FROM sbtest3 WHERE id=4036745
	Delete on sbtest3  (cost=0.43..8.45 rows=0 width=0)
	  ->  Index Scan using sbtest3_pkey on sbtest3  (cost=0.43..8.45 rows=1 width=6)
	        Index Cond: (id = 4036745)

table 4 : explain DELETE FROM sbtest4 WHERE id=5589749
	Delete on sbtest4  (cost=0.43..8.45 rows=0 width=0)
	  ->  Index Scan using sbtest4_pkey on sbtest4  (cost=0.43..8.45 rows=1 width=6)
	        Index Cond: (id = 5589749)

table 5 : explain DELETE FROM sbtest5 WHERE id=4098612
	Delete on sbtest5  (cost=0.43..8.45 rows=0 width=0)
	  ->  Index Scan using sbtest5_pkey on sbtest5  (cost=0.43..8.45 rows=1 width=6)
	        Index Cond: (id = 4098612)

table 6 : explain DELETE FROM sbtest6 WHERE id=7780817
	Delete on sbtest6  (cost=0.43..8.45 rows=0 width=0)
	  ->  Index Scan using sbtest6_pkey on sbtest6  (cost=0.43..8.45 rows=1 width=6)
	        Index Cond: (id = 7780817)

table 7 : explain DELETE FROM sbtest7 WHERE id=9777890
	Delete on sbtest7  (cost=0.43..8.45 rows=0 width=0)
	  ->  Index Scan using sbtest7_pkey on sbtest7  (cost=0.43..8.45 rows=1 width=6)
	        Index Cond: (id = 9777890)

table 8 : explain DELETE FROM sbtest8 WHERE id=3263825
	Delete on sbtest8  (cost=0.43..8.45 rows=0 width=0)
	  ->  Index Scan using sbtest8_pkey on sbtest8  (cost=0.43..8.45 rows=1 width=6)
	        Index Cond: (id = 3263825)

for deletes
table 1 : explain DELETE FROM sbtest1 WHERE id=924786
	Delete on sbtest1  (cost=0.43..8.45 rows=0 width=0)
	  ->  Index Scan using sbtest1_pkey on sbtest1  (cost=0.43..8.45 rows=1 width=6)
	        Index Cond: (id = 924786)

table 2 : explain DELETE FROM sbtest2 WHERE id=9180943
	Delete on sbtest2  (cost=0.43..8.45 rows=0 width=0)
	  ->  Index Scan using sbtest2_pkey on sbtest2  (cost=0.43..8.45 rows=1 width=6)
	        Index Cond: (id = 9180943)

table 3 : explain DELETE FROM sbtest3 WHERE id=4025442
	Delete on sbtest3  (cost=0.43..8.45 rows=0 width=0)
	  ->  Index Scan using sbtest3_pkey on sbtest3  (cost=0.43..8.45 rows=1 width=6)
	        Index Cond: (id = 4025442)

table 4 : explain DELETE FROM sbtest4 WHERE id=6807446
	Delete on sbtest4  (cost=0.43..8.45 rows=0 width=0)
	  ->  Index Scan using sbtest4_pkey on sbtest4  (cost=0.43..8.45 rows=1 width=6)
	        Index Cond: (id = 6807446)

table 5 : explain DELETE FROM sbtest5 WHERE id=454874
	Delete on sbtest5  (cost=0.43..8.45 rows=0 width=0)
	  ->  Index Scan using sbtest5_pkey on sbtest5  (cost=0.43..8.45 rows=1 width=6)
	        Index Cond: (id = 454874)

table 6 : explain DELETE FROM sbtest6 WHERE id=8367429
	Delete on sbtest6  (cost=0.43..8.45 rows=0 width=0)
	  ->  Index Scan using sbtest6_pkey on sbtest6  (cost=0.43..8.45 rows=1 width=6)
	        Index Cond: (id = 8367429)

table 7 : explain DELETE FROM sbtest7 WHERE id=7284217
	Delete on sbtest7  (cost=0.43..8.45 rows=0 width=0)
	  ->  Index Scan using sbtest7_pkey on sbtest7  (cost=0.43..8.45 rows=1 width=6)
	        Index Cond: (id = 7284217)

table 8 : explain DELETE FROM sbtest8 WHERE id=2643057
	Delete on sbtest8  (cost=0.43..8.45 rows=0 width=0)
	  ->  Index Scan using sbtest8_pkey on sbtest8  (cost=0.43..8.45 rows=1 width=6)
	        Index Cond: (id = 2643057)

for non_index_updates
table 1 : explain UPDATE sbtest1 SET c='foobar' WHERE id=64814
	Update on sbtest1  (cost=0.43..8.45 rows=0 width=0)
	  ->  Index Scan using sbtest1_pkey on sbtest1  (cost=0.43..8.45 rows=1 width=490)
	        Index Cond: (id = 64814)

table 2 : explain UPDATE sbtest2 SET c='foobar' WHERE id=9076329
	Update on sbtest2  (cost=0.43..8.45 rows=0 width=0)
	  ->  Index Scan using sbtest2_pkey on sbtest2  (cost=0.43..8.45 rows=1 width=490)
	        Index Cond: (id = 9076329)

table 3 : explain UPDATE sbtest3 SET c='foobar' WHERE id=9892789
	Update on sbtest3  (cost=0.43..8.45 rows=0 width=0)
	  ->  Index Scan using sbtest3_pkey on sbtest3  (cost=0.43..8.45 rows=1 width=490)
	        Index Cond: (id = 9892789)

table 4 : explain UPDATE sbtest4 SET c='foobar' WHERE id=3801679
	Update on sbtest4  (cost=0.43..8.45 rows=0 width=0)
	  ->  Index Scan using sbtest4_pkey on sbtest4  (cost=0.43..8.45 rows=1 width=490)
	        Index Cond: (id = 3801679)

table 5 : explain UPDATE sbtest5 SET c='foobar' WHERE id=3893277
	Update on sbtest5  (cost=0.43..8.45 rows=0 width=0)
	  ->  Index Scan using sbtest5_pkey on sbtest5  (cost=0.43..8.45 rows=1 width=490)
	        Index Cond: (id = 3893277)

table 6 : explain UPDATE sbtest6 SET c='foobar' WHERE id=7258011
	Update on sbtest6  (cost=0.43..8.45 rows=0 width=0)
	  ->  Index Scan using sbtest6_pkey on sbtest6  (cost=0.43..8.45 rows=1 width=490)
	        Index Cond: (id = 7258011)

table 7 : explain UPDATE sbtest7 SET c='foobar' WHERE id=7944361
	Update on sbtest7  (cost=0.43..8.45 rows=0 width=0)
	  ->  Index Scan using sbtest7_pkey on sbtest7  (cost=0.43..8.45 rows=1 width=490)
	        Index Cond: (id = 7944361)

table 8 : explain UPDATE sbtest8 SET c='foobar' WHERE id=3884066
	Update on sbtest8  (cost=0.43..8.45 rows=0 width=0)
	  ->  Index Scan using sbtest8_pkey on sbtest8  (cost=0.43..8.45 rows=1 width=490)
	        Index Cond: (id = 3884066)

for non_index_updates
table 1 : explain UPDATE sbtest1 SET c='foobar' WHERE id=3631160
	Update on sbtest1  (cost=0.43..8.45 rows=0 width=0)
	  ->  Index Scan using sbtest1_pkey on sbtest1  (cost=0.43..8.45 rows=1 width=490)
	        Index Cond: (id = 3631160)

table 2 : explain UPDATE sbtest2 SET c='foobar' WHERE id=7533742
	Update on sbtest2  (cost=0.43..8.45 rows=0 width=0)
	  ->  Index Scan using sbtest2_pkey on sbtest2  (cost=0.43..8.45 rows=1 width=490)
	        Index Cond: (id = 7533742)

table 3 : explain UPDATE sbtest3 SET c='foobar' WHERE id=8207679
	Update on sbtest3  (cost=0.43..8.45 rows=0 width=0)
	  ->  Index Scan using sbtest3_pkey on sbtest3  (cost=0.43..8.45 rows=1 width=490)
	        Index Cond: (id = 8207679)

table 4 : explain UPDATE sbtest4 SET c='foobar' WHERE id=2629888
	Update on sbtest4  (cost=0.43..8.45 rows=0 width=0)
	  ->  Index Scan using sbtest4_pkey on sbtest4  (cost=0.43..8.45 rows=1 width=490)
	        Index Cond: (id = 2629888)

table 5 : explain UPDATE sbtest5 SET c='foobar' WHERE id=8732107
	Update on sbtest5  (cost=0.43..8.45 rows=0 width=0)
	  ->  Index Scan using sbtest5_pkey on sbtest5  (cost=0.43..8.45 rows=1 width=490)
	        Index Cond: (id = 8732107)

table 6 : explain UPDATE sbtest6 SET c='foobar' WHERE id=2209026
	Update on sbtest6  (cost=0.43..8.45 rows=0 width=0)
	  ->  Index Scan using sbtest6_pkey on sbtest6  (cost=0.43..8.45 rows=1 width=490)
	        Index Cond: (id = 2209026)

table 7 : explain UPDATE sbtest7 SET c='foobar' WHERE id=9799413
	Update on sbtest7  (cost=0.43..8.45 rows=0 width=0)
	  ->  Index Scan using sbtest7_pkey on sbtest7  (cost=0.43..8.45 rows=1 width=490)
	        Index Cond: (id = 9799413)

table 8 : explain UPDATE sbtest8 SET c='foobar' WHERE id=6195352
	Update on sbtest8  (cost=0.43..8.45 rows=0 width=0)
	  ->  Index Scan using sbtest8_pkey on sbtest8  (cost=0.43..8.45 rows=1 width=490)
	        Index Cond: (id = 6195352)

for non_index_updates
table 1 : explain UPDATE sbtest1 SET c='foobar' WHERE id=3023056
	Update on sbtest1  (cost=0.43..8.45 rows=0 width=0)
	  ->  Index Scan using sbtest1_pkey on sbtest1  (cost=0.43..8.45 rows=1 width=490)
	        Index Cond: (id = 3023056)

table 2 : explain UPDATE sbtest2 SET c='foobar' WHERE id=7600011
	Update on sbtest2  (cost=0.43..8.45 rows=0 width=0)
	  ->  Index Scan using sbtest2_pkey on sbtest2  (cost=0.43..8.45 rows=1 width=490)
	        Index Cond: (id = 7600011)

table 3 : explain UPDATE sbtest3 SET c='foobar' WHERE id=8549876
	Update on sbtest3  (cost=0.43..8.45 rows=0 width=0)
	  ->  Index Scan using sbtest3_pkey on sbtest3  (cost=0.43..8.45 rows=1 width=490)
	        Index Cond: (id = 8549876)

table 4 : explain UPDATE sbtest4 SET c='foobar' WHERE id=5950920
	Update on sbtest4  (cost=0.43..8.45 rows=0 width=0)
	  ->  Index Scan using sbtest4_pkey on sbtest4  (cost=0.43..8.45 rows=1 width=490)
	        Index Cond: (id = 5950920)

table 5 : explain UPDATE sbtest5 SET c='foobar' WHERE id=6087472
	Update on sbtest5  (cost=0.43..8.45 rows=0 width=0)
	  ->  Index Scan using sbtest5_pkey on sbtest5  (cost=0.43..8.45 rows=1 width=490)
	        Index Cond: (id = 6087472)

table 6 : explain UPDATE sbtest6 SET c='foobar' WHERE id=7010996
	Update on sbtest6  (cost=0.43..8.45 rows=0 width=0)
	  ->  Index Scan using sbtest6_pkey on sbtest6  (cost=0.43..8.45 rows=1 width=490)
	        Index Cond: (id = 7010996)

table 7 : explain UPDATE sbtest7 SET c='foobar' WHERE id=8172163
	Update on sbtest7  (cost=0.43..8.45 rows=0 width=0)
	  ->  Index Scan using sbtest7_pkey on sbtest7  (cost=0.43..8.45 rows=1 width=490)
	        Index Cond: (id = 8172163)

table 8 : explain UPDATE sbtest8 SET c='foobar' WHERE id=4744261
	Update on sbtest8  (cost=0.43..8.45 rows=0 width=0)
	  ->  Index Scan using sbtest8_pkey on sbtest8  (cost=0.43..8.45 rows=1 width=490)
	        Index Cond: (id = 4744261)

for non_index_updates
table 1 : explain UPDATE sbtest1 SET c='foobar' WHERE id=8967784
	Update on sbtest1  (cost=0.43..8.45 rows=0 width=0)
	  ->  Index Scan using sbtest1_pkey on sbtest1  (cost=0.43..8.45 rows=1 width=490)
	        Index Cond: (id = 8967784)

table 2 : explain UPDATE sbtest2 SET c='foobar' WHERE id=5009290
	Update on sbtest2  (cost=0.43..8.45 rows=0 width=0)
	  ->  Index Scan using sbtest2_pkey on sbtest2  (cost=0.43..8.45 rows=1 width=490)
	        Index Cond: (id = 5009290)

table 3 : explain UPDATE sbtest3 SET c='foobar' WHERE id=6886941
	Update on sbtest3  (cost=0.43..8.45 rows=0 width=0)
	  ->  Index Scan using sbtest3_pkey on sbtest3  (cost=0.43..8.45 rows=1 width=490)
	        Index Cond: (id = 6886941)

table 4 : explain UPDATE sbtest4 SET c='foobar' WHERE id=4557062
	Update on sbtest4  (cost=0.43..8.45 rows=0 width=0)
	  ->  Index Scan using sbtest4_pkey on sbtest4  (cost=0.43..8.45 rows=1 width=490)
	        Index Cond: (id = 4557062)

table 5 : explain UPDATE sbtest5 SET c='foobar' WHERE id=9612160
	Update on sbtest5  (cost=0.43..8.45 rows=0 width=0)
	  ->  Index Scan using sbtest5_pkey on sbtest5  (cost=0.43..8.45 rows=1 width=490)
	        Index Cond: (id = 9612160)

table 6 : explain UPDATE sbtest6 SET c='foobar' WHERE id=2095291
	Update on sbtest6  (cost=0.43..8.45 rows=0 width=0)
	  ->  Index Scan using sbtest6_pkey on sbtest6  (cost=0.43..8.45 rows=1 width=490)
	        Index Cond: (id = 2095291)

table 7 : explain UPDATE sbtest7 SET c='foobar' WHERE id=5424367
	Update on sbtest7  (cost=0.43..8.45 rows=0 width=0)
	  ->  Index Scan using sbtest7_pkey on sbtest7  (cost=0.43..8.45 rows=1 width=490)
	        Index Cond: (id = 5424367)

table 8 : explain UPDATE sbtest8 SET c='foobar' WHERE id=3879247
	Update on sbtest8  (cost=0.43..8.45 rows=0 width=0)
	  ->  Index Scan using sbtest8_pkey on sbtest8  (cost=0.43..8.45 rows=1 width=490)
	        Index Cond: (id = 3879247)

for non_index_updates
table 1 : explain UPDATE sbtest1 SET c='foobar' WHERE id=2467720
	Update on sbtest1  (cost=0.43..8.45 rows=0 width=0)
	  ->  Index Scan using sbtest1_pkey on sbtest1  (cost=0.43..8.45 rows=1 width=490)
	        Index Cond: (id = 2467720)

table 2 : explain UPDATE sbtest2 SET c='foobar' WHERE id=3029542
	Update on sbtest2  (cost=0.43..8.45 rows=0 width=0)
	  ->  Index Scan using sbtest2_pkey on sbtest2  (cost=0.43..8.45 rows=1 width=490)
	        Index Cond: (id = 3029542)

table 3 : explain UPDATE sbtest3 SET c='foobar' WHERE id=3459963
	Update on sbtest3  (cost=0.43..8.45 rows=0 width=0)
	  ->  Index Scan using sbtest3_pkey on sbtest3  (cost=0.43..8.45 rows=1 width=490)
	        Index Cond: (id = 3459963)

table 4 : explain UPDATE sbtest4 SET c='foobar' WHERE id=1794699
	Update on sbtest4  (cost=0.43..8.45 rows=0 width=0)
	  ->  Index Scan using sbtest4_pkey on sbtest4  (cost=0.43..8.45 rows=1 width=490)
	        Index Cond: (id = 1794699)

table 5 : explain UPDATE sbtest5 SET c='foobar' WHERE id=9116011
	Update on sbtest5  (cost=0.43..8.45 rows=0 width=0)
	  ->  Index Scan using sbtest5_pkey on sbtest5  (cost=0.43..8.45 rows=1 width=490)
	        Index Cond: (id = 9116011)

table 6 : explain UPDATE sbtest6 SET c='foobar' WHERE id=3860615
	Update on sbtest6  (cost=0.43..8.45 rows=0 width=0)
	  ->  Index Scan using sbtest6_pkey on sbtest6  (cost=0.43..8.45 rows=1 width=490)
	        Index Cond: (id = 3860615)

table 7 : explain UPDATE sbtest7 SET c='foobar' WHERE id=5262492
	Update on sbtest7  (cost=0.43..8.45 rows=0 width=0)
	  ->  Index Scan using sbtest7_pkey on sbtest7  (cost=0.43..8.45 rows=1 width=490)
	        Index Cond: (id = 5262492)

table 8 : explain UPDATE sbtest8 SET c='foobar' WHERE id=6393843
	Update on sbtest8  (cost=0.43..8.45 rows=0 width=0)
	  ->  Index Scan using sbtest8_pkey on sbtest8  (cost=0.43..8.45 rows=1 width=490)
	        Index Cond: (id = 6393843)

explain: for inserts :: explain INSERT INTO sbtest%u (id, k, c, pad) VALUES (%u, 13, 'foobar', 'foobar')
explain: for deletes :: explain DELETE FROM sbtest%u WHERE id=%u
explain: for deletes :: explain DELETE FROM sbtest%u WHERE id=%u
explain: for inserts :: explain INSERT INTO sbtest%u (id, k, c, pad) VALUES (%u, 13, 'foobar', 'foobar')
explain: for deletes :: explain DELETE FROM sbtest%u WHERE id=%u
explain: for deletes :: explain DELETE FROM sbtest%u WHERE id=%u
explain: for deletes :: explain DELETE FROM sbtest%u WHERE id=%u
for inserts
table 1 : explain INSERT INTO sbtest1 (id, k, c, pad) VALUES (2681528, 13, 'foobar', 'foobar')
	Insert on sbtest1  (cost=0.00..0.01 rows=0 width=0)
	  ->  Result  (cost=0.00..0.01 rows=1 width=736)

table 2 : explain INSERT INTO sbtest2 (id, k, c, pad) VALUES (6617544, 13, 'foobar', 'foobar')
	Insert on sbtest2  (cost=0.00..0.01 rows=0 width=0)
	  ->  Result  (cost=0.00..0.01 rows=1 width=736)

table 3 : explain INSERT INTO sbtest3 (id, k, c, pad) VALUES (8631031, 13, 'foobar', 'foobar')
	Insert on sbtest3  (cost=0.00..0.01 rows=0 width=0)
	  ->  Result  (cost=0.00..0.01 rows=1 width=736)

table 4 : explain INSERT INTO sbtest4 (id, k, c, pad) VALUES (8220931, 13, 'foobar', 'foobar')
	Insert on sbtest4  (cost=0.00..0.01 rows=0 width=0)
	  ->  Result  (cost=0.00..0.01 rows=1 width=736)

table 5 : explain INSERT INTO sbtest5 (id, k, c, pad) VALUES (3281971, 13, 'foobar', 'foobar')
	Insert on sbtest5  (cost=0.00..0.01 rows=0 width=0)
	  ->  Result  (cost=0.00..0.01 rows=1 width=736)

table 6 : explain INSERT INTO sbtest6 (id, k, c, pad) VALUES (6350099, 13, 'foobar', 'foobar')
	Insert on sbtest6  (cost=0.00..0.01 rows=0 width=0)
	  ->  Result  (cost=0.00..0.01 rows=1 width=736)

table 7 : explain INSERT INTO sbtest7 (id, k, c, pad) VALUES (9577953, 13, 'foobar', 'foobar')
	Insert on sbtest7  (cost=0.00..0.01 rows=0 width=0)
	  ->  Result  (cost=0.00..0.01 rows=1 width=736)

table 8 : explain INSERT INTO sbtest8 (id, k, c, pad) VALUES (9904627, 13, 'foobar', 'foobar')
	Insert on sbtest8  (cost=0.00..0.01 rows=0 width=0)
	  ->  Result  (cost=0.00..0.01 rows=1 width=736)

for deletes
table 1 : explain DELETE FROM sbtest1 WHERE id=7783120
	Delete on sbtest1  (cost=0.43..8.45 rows=0 width=0)
	  ->  Index Scan using sbtest1_pkey on sbtest1  (cost=0.43..8.45 rows=1 width=6)
	        Index Cond: (id = 7783120)

table 2 : explain DELETE FROM sbtest2 WHERE id=3289470
	Delete on sbtest2  (cost=0.43..8.45 rows=0 width=0)
	  ->  Index Scan using sbtest2_pkey on sbtest2  (cost=0.43..8.45 rows=1 width=6)
	        Index Cond: (id = 3289470)

table 3 : explain DELETE FROM sbtest3 WHERE id=8794950
	Delete on sbtest3  (cost=0.43..8.45 rows=0 width=0)
	  ->  Index Scan using sbtest3_pkey on sbtest3  (cost=0.43..8.45 rows=1 width=6)
	        Index Cond: (id = 8794950)

table 4 : explain DELETE FROM sbtest4 WHERE id=731927
	Delete on sbtest4  (cost=0.43..8.45 rows=0 width=0)
	  ->  Index Scan using sbtest4_pkey on sbtest4  (cost=0.43..8.45 rows=1 width=6)
	        Index Cond: (id = 731927)

table 5 : explain DELETE FROM sbtest5 WHERE id=8535939
	Delete on sbtest5  (cost=0.43..8.45 rows=0 width=0)
	  ->  Index Scan using sbtest5_pkey on sbtest5  (cost=0.43..8.45 rows=1 width=6)
	        Index Cond: (id = 8535939)

table 6 : explain DELETE FROM sbtest6 WHERE id=2644292
	Delete on sbtest6  (cost=0.43..8.45 rows=0 width=0)
	  ->  Index Scan using sbtest6_pkey on sbtest6  (cost=0.43..8.45 rows=1 width=6)
	        Index Cond: (id = 2644292)

table 7 : explain DELETE FROM sbtest7 WHERE id=2321154
	Delete on sbtest7  (cost=0.43..8.45 rows=0 width=0)
	  ->  Index Scan using sbtest7_pkey on sbtest7  (cost=0.43..8.45 rows=1 width=6)
	        Index Cond: (id = 2321154)

table 8 : explain DELETE FROM sbtest8 WHERE id=7686429
	Delete on sbtest8  (cost=0.43..8.45 rows=0 width=0)
	  ->  Index Scan using sbtest8_pkey on sbtest8  (cost=0.43..8.45 rows=1 width=6)
	        Index Cond: (id = 7686429)

for deletes
table 1 : explain DELETE FROM sbtest1 WHERE id=9053669
	Delete on sbtest1  (cost=0.43..8.45 rows=0 width=0)
	  ->  Index Scan using sbtest1_pkey on sbtest1  (cost=0.43..8.45 rows=1 width=6)
	        Index Cond: (id = 9053669)

table 2 : explain DELETE FROM sbtest2 WHERE id=4859018
	Delete on sbtest2  (cost=0.43..8.45 rows=0 width=0)
	  ->  Index Scan using sbtest2_pkey on sbtest2  (cost=0.43..8.45 rows=1 width=6)
	        Index Cond: (id = 4859018)

table 3 : explain DELETE FROM sbtest3 WHERE id=4283881
	Delete on sbtest3  (cost=0.43..8.45 rows=0 width=0)
	  ->  Index Scan using sbtest3_pkey on sbtest3  (cost=0.43..8.45 rows=1 width=6)
	        Index Cond: (id = 4283881)

table 4 : explain DELETE FROM sbtest4 WHERE id=4120718
	Delete on sbtest4  (cost=0.43..8.45 rows=0 width=0)
	  ->  Index Scan using sbtest4_pkey on sbtest4  (cost=0.43..8.45 rows=1 width=6)
	        Index Cond: (id = 4120718)

table 5 : explain DELETE FROM sbtest5 WHERE id=3507086
	Delete on sbtest5  (cost=0.43..8.45 rows=0 width=0)
	  ->  Index Scan using sbtest5_pkey on sbtest5  (cost=0.43..8.45 rows=1 width=6)
	        Index Cond: (id = 3507086)

table 6 : explain DELETE FROM sbtest6 WHERE id=5697006
	Delete on sbtest6  (cost=0.43..8.45 rows=0 width=0)
	  ->  Index Scan using sbtest6_pkey on sbtest6  (cost=0.43..8.45 rows=1 width=6)
	        Index Cond: (id = 5697006)

table 7 : explain DELETE FROM sbtest7 WHERE id=8336206
	Delete on sbtest7  (cost=0.43..8.45 rows=0 width=0)
	  ->  Index Scan using sbtest7_pkey on sbtest7  (cost=0.43..8.45 rows=1 width=6)
	        Index Cond: (id = 8336206)

table 8 : explain DELETE FROM sbtest8 WHERE id=9328653
	Delete on sbtest8  (cost=0.43..8.45 rows=0 width=0)
	  ->  Index Scan using sbtest8_pkey on sbtest8  (cost=0.43..8.45 rows=1 width=6)
	        Index Cond: (id = 9328653)

for deletes
table 1 : explain DELETE FROM sbtest1 WHERE id=4750921
	Delete on sbtest1  (cost=0.43..8.45 rows=0 width=0)
	  ->  Index Scan using sbtest1_pkey on sbtest1  (cost=0.43..8.45 rows=1 width=6)
	        Index Cond: (id = 4750921)

table 2 : explain DELETE FROM sbtest2 WHERE id=1459980
	Delete on sbtest2  (cost=0.43..8.45 rows=0 width=0)
	  ->  Index Scan using sbtest2_pkey on sbtest2  (cost=0.43..8.45 rows=1 width=6)
	        Index Cond: (id = 1459980)

table 3 : explain DELETE FROM sbtest3 WHERE id=280969
	Delete on sbtest3  (cost=0.43..8.45 rows=0 width=0)
	  ->  Index Scan using sbtest3_pkey on sbtest3  (cost=0.43..8.45 rows=1 width=6)
	        Index Cond: (id = 280969)

table 4 : explain DELETE FROM sbtest4 WHERE id=7104600
	Delete on sbtest4  (cost=0.43..8.45 rows=0 width=0)
	  ->  Index Scan using sbtest4_pkey on sbtest4  (cost=0.43..8.45 rows=1 width=6)
	        Index Cond: (id = 7104600)

table 5 : explain DELETE FROM sbtest5 WHERE id=1927235
	Delete on sbtest5  (cost=0.43..8.45 rows=0 width=0)
	  ->  Index Scan using sbtest5_pkey on sbtest5  (cost=0.43..8.45 rows=1 width=6)
	        Index Cond: (id = 1927235)

table 6 : explain DELETE FROM sbtest6 WHERE id=9622239
	Delete on sbtest6  (cost=0.43..8.45 rows=0 width=0)
	  ->  Index Scan using sbtest6_pkey on sbtest6  (cost=0.43..8.45 rows=1 width=6)
	        Index Cond: (id = 9622239)

table 7 : explain DELETE FROM sbtest7 WHERE id=3005543
	Delete on sbtest7  (cost=0.43..8.45 rows=0 width=0)
	  ->  Index Scan using sbtest7_pkey on sbtest7  (cost=0.43..8.45 rows=1 width=6)
	        Index Cond: (id = 3005543)

table 8 : explain DELETE FROM sbtest8 WHERE id=7422701
	Delete on sbtest8  (cost=0.43..8.45 rows=0 width=0)
	  ->  Index Scan using sbtest8_pkey on sbtest8  (cost=0.43..8.45 rows=1 width=6)
	        Index Cond: (id = 7422701)

for deletes
table 1 : explain DELETE FROM sbtest1 WHERE id=6901780
	Delete on sbtest1  (cost=0.43..8.45 rows=0 width=0)
	  ->  Index Scan using sbtest1_pkey on sbtest1  (cost=0.43..8.45 rows=1 width=6)
	        Index Cond: (id = 6901780)

table 2 : explain DELETE FROM sbtest2 WHERE id=7492679
	Delete on sbtest2  (cost=0.43..8.45 rows=0 width=0)
	  ->  Index Scan using sbtest2_pkey on sbtest2  (cost=0.43..8.45 rows=1 width=6)
	        Index Cond: (id = 7492679)

table 3 : explain DELETE FROM sbtest3 WHERE id=5922044
	Delete on sbtest3  (cost=0.43..8.45 rows=0 width=0)
	  ->  Index Scan using sbtest3_pkey on sbtest3  (cost=0.43..8.45 rows=1 width=6)
	        Index Cond: (id = 5922044)

table 4 : explain DELETE FROM sbtest4 WHERE id=1879915
	Delete on sbtest4  (cost=0.43..8.45 rows=0 width=0)
	  ->  Index Scan using sbtest4_pkey on sbtest4  (cost=0.43..8.45 rows=1 width=6)
	        Index Cond: (id = 1879915)

table 5 : explain DELETE FROM sbtest5 WHERE id=2937798
	Delete on sbtest5  (cost=0.43..8.45 rows=0 width=0)
	  ->  Index Scan using sbtest5_pkey on sbtest5  (cost=0.43..8.45 rows=1 width=6)
	        Index Cond: (id = 2937798)

table 6 : explain DELETE FROM sbtest6 WHERE id=4366275
	Delete on sbtest6  (cost=0.43..8.45 rows=0 width=0)
	  ->  Index Scan using sbtest6_pkey on sbtest6  (cost=0.43..8.45 rows=1 width=6)
	        Index Cond: (id = 4366275)

table 7 : explain DELETE FROM sbtest7 WHERE id=6494387
	Delete on sbtest7  (cost=0.43..8.45 rows=0 width=0)
	  ->  Index Scan using sbtest7_pkey on sbtest7  (cost=0.43..8.45 rows=1 width=6)
	        Index Cond: (id = 6494387)

table 8 : explain DELETE FROM sbtest8 WHERE id=9891274
	Delete on sbtest8  (cost=0.43..8.45 rows=0 width=0)
	  ->  Index Scan using sbtest8_pkey on sbtest8  (cost=0.43..8.45 rows=1 width=6)
	        Index Cond: (id = 9891274)

for deletes
table 1 : explain DELETE FROM sbtest1 WHERE id=9449980
	Delete on sbtest1  (cost=0.43..8.45 rows=0 width=0)
	  ->  Index Scan using sbtest1_pkey on sbtest1  (cost=0.43..8.45 rows=1 width=6)
	        Index Cond: (id = 9449980)

table 2 : explain DELETE FROM sbtest2 WHERE id=3219985
	Delete on sbtest2  (cost=0.43..8.45 rows=0 width=0)
	  ->  Index Scan using sbtest2_pkey on sbtest2  (cost=0.43..8.45 rows=1 width=6)
	        Index Cond: (id = 3219985)

table 3 : explain DELETE FROM sbtest3 WHERE id=1684740
	Delete on sbtest3  (cost=0.43..8.45 rows=0 width=0)
	  ->  Index Scan using sbtest3_pkey on sbtest3  (cost=0.43..8.45 rows=1 width=6)
	        Index Cond: (id = 1684740)

table 4 : explain DELETE FROM sbtest4 WHERE id=145052
	Delete on sbtest4  (cost=0.43..8.45 rows=0 width=0)
	  ->  Index Scan using sbtest4_pkey on sbtest4  (cost=0.43..8.45 rows=1 width=6)
	        Index Cond: (id = 145052)

table 5 : explain DELETE FROM sbtest5 WHERE id=4110120
	Delete on sbtest5  (cost=0.43..8.45 rows=0 width=0)
	  ->  Index Scan using sbtest5_pkey on sbtest5  (cost=0.43..8.45 rows=1 width=6)
	        Index Cond: (id = 4110120)

table 6 : explain DELETE FROM sbtest6 WHERE id=7637178
	Delete on sbtest6  (cost=0.43..8.45 rows=0 width=0)
	  ->  Index Scan using sbtest6_pkey on sbtest6  (cost=0.43..8.45 rows=1 width=6)
	        Index Cond: (id = 7637178)

table 7 : explain DELETE FROM sbtest7 WHERE id=2855664
	Delete on sbtest7  (cost=0.43..8.45 rows=0 width=0)
	  ->  Index Scan using sbtest7_pkey on sbtest7  (cost=0.43..8.45 rows=1 width=6)
	        Index Cond: (id = 2855664)

table 8 : explain DELETE FROM sbtest8 WHERE id=431847
	Delete on sbtest8  (cost=0.43..8.45 rows=0 width=0)
	  ->  Index Scan using sbtest8_pkey on sbtest8  (cost=0.43..8.45 rows=1 width=6)
	        Index Cond: (id = 431847)

for inserts
table 1 : explain INSERT INTO sbtest1 (id, k, c, pad) VALUES (9315625, 13, 'foobar', 'foobar')
	Insert on sbtest1  (cost=0.00..0.01 rows=0 width=0)
	  ->  Result  (cost=0.00..0.01 rows=1 width=736)

table 2 : explain INSERT INTO sbtest2 (id, k, c, pad) VALUES (77692, 13, 'foobar', 'foobar')
	Insert on sbtest2  (cost=0.00..0.01 rows=0 width=0)
	  ->  Result  (cost=0.00..0.01 rows=1 width=736)

table 3 : explain INSERT INTO sbtest3 (id, k, c, pad) VALUES (5154165, 13, 'foobar', 'foobar')
	Insert on sbtest3  (cost=0.00..0.01 rows=0 width=0)
	  ->  Result  (cost=0.00..0.01 rows=1 width=736)

table 4 : explain INSERT INTO sbtest4 (id, k, c, pad) VALUES (7558105, 13, 'foobar', 'foobar')
	Insert on sbtest4  (cost=0.00..0.01 rows=0 width=0)
	  ->  Result  (cost=0.00..0.01 rows=1 width=736)

table 5 : explain INSERT INTO sbtest5 (id, k, c, pad) VALUES (2012627, 13, 'foobar', 'foobar')
	Insert on sbtest5  (cost=0.00..0.01 rows=0 width=0)
	  ->  Result  (cost=0.00..0.01 rows=1 width=736)

table 6 : explain INSERT INTO sbtest6 (id, k, c, pad) VALUES (9325969, 13, 'foobar', 'foobar')
	Insert on sbtest6  (cost=0.00..0.01 rows=0 width=0)
	  ->  Result  (cost=0.00..0.01 rows=1 width=736)

table 7 : explain INSERT INTO sbtest7 (id, k, c, pad) VALUES (2850968, 13, 'foobar', 'foobar')
	Insert on sbtest7  (cost=0.00..0.01 rows=0 width=0)
	  ->  Result  (cost=0.00..0.01 rows=1 width=736)

table 8 : explain INSERT INTO sbtest8 (id, k, c, pad) VALUES (4449336, 13, 'foobar', 'foobar')
	Insert on sbtest8  (cost=0.00..0.01 rows=0 width=0)
	  ->  Result  (cost=0.00..0.01 rows=1 width=736)

explain: for inserts :: explain INSERT INTO sbtest%u (id, k, c, pad) VALUES (%u, 13, 'foobar', 'foobar')
explain: for inserts :: explain INSERT INTO sbtest%u (id, k, c, pad) VALUES (%u, 13, 'foobar', 'foobar')
explain: for inserts :: explain INSERT INTO sbtest%u (id, k, c, pad) VALUES (%u, 13, 'foobar', 'foobar')
explain: for inserts :: explain INSERT INTO sbtest%u (id, k, c, pad) VALUES (%u, 13, 'foobar', 'foobar')
explain: for inserts :: explain INSERT INTO sbtest%u (id, k, c, pad) VALUES (%u, 13, 'foobar', 'foobar')
for inserts
table 1 : explain INSERT INTO sbtest1 (id, k, c, pad) VALUES (7186782, 13, 'foobar', 'foobar')
	Insert on sbtest1  (cost=0.00..0.01 rows=0 width=0)
	  ->  Result  (cost=0.00..0.01 rows=1 width=736)

table 2 : explain INSERT INTO sbtest2 (id, k, c, pad) VALUES (4438783, 13, 'foobar', 'foobar')
	Insert on sbtest2  (cost=0.00..0.01 rows=0 width=0)
	  ->  Result  (cost=0.00..0.01 rows=1 width=736)

table 3 : explain INSERT INTO sbtest3 (id, k, c, pad) VALUES (2599256, 13, 'foobar', 'foobar')
	Insert on sbtest3  (cost=0.00..0.01 rows=0 width=0)
	  ->  Result  (cost=0.00..0.01 rows=1 width=736)

table 4 : explain INSERT INTO sbtest4 (id, k, c, pad) VALUES (1762129, 13, 'foobar', 'foobar')
	Insert on sbtest4  (cost=0.00..0.01 rows=0 width=0)
	  ->  Result  (cost=0.00..0.01 rows=1 width=736)

table 5 : explain INSERT INTO sbtest5 (id, k, c, pad) VALUES (1937275, 13, 'foobar', 'foobar')
	Insert on sbtest5  (cost=0.00..0.01 rows=0 width=0)
	  ->  Result  (cost=0.00..0.01 rows=1 width=736)

table 6 : explain INSERT INTO sbtest6 (id, k, c, pad) VALUES (2845602, 13, 'foobar', 'foobar')
	Insert on sbtest6  (cost=0.00..0.01 rows=0 width=0)
	  ->  Result  (cost=0.00..0.01 rows=1 width=736)

table 7 : explain INSERT INTO sbtest7 (id, k, c, pad) VALUES (5329968, 13, 'foobar', 'foobar')
	Insert on sbtest7  (cost=0.00..0.01 rows=0 width=0)
	  ->  Result  (cost=0.00..0.01 rows=1 width=736)

table 8 : explain INSERT INTO sbtest8 (id, k, c, pad) VALUES (152823, 13, 'foobar', 'foobar')
	Insert on sbtest8  (cost=0.00..0.01 rows=0 width=0)
	  ->  Result  (cost=0.00..0.01 rows=1 width=736)

for inserts
table 1 : explain INSERT INTO sbtest1 (id, k, c, pad) VALUES (2370471, 13, 'foobar', 'foobar')
	Insert on sbtest1  (cost=0.00..0.01 rows=0 width=0)
	  ->  Result  (cost=0.00..0.01 rows=1 width=736)

table 2 : explain INSERT INTO sbtest2 (id, k, c, pad) VALUES (1259251, 13, 'foobar', 'foobar')
	Insert on sbtest2  (cost=0.00..0.01 rows=0 width=0)
	  ->  Result  (cost=0.00..0.01 rows=1 width=736)

table 3 : explain INSERT INTO sbtest3 (id, k, c, pad) VALUES (4699012, 13, 'foobar', 'foobar')
	Insert on sbtest3  (cost=0.00..0.01 rows=0 width=0)
	  ->  Result  (cost=0.00..0.01 rows=1 width=736)

table 4 : explain INSERT INTO sbtest4 (id, k, c, pad) VALUES (3776173, 13, 'foobar', 'foobar')
	Insert on sbtest4  (cost=0.00..0.01 rows=0 width=0)
	  ->  Result  (cost=0.00..0.01 rows=1 width=736)

table 5 : explain INSERT INTO sbtest5 (id, k, c, pad) VALUES (4490360, 13, 'foobar', 'foobar')
	Insert on sbtest5  (cost=0.00..0.01 rows=0 width=0)
	  ->  Result  (cost=0.00..0.01 rows=1 width=736)

table 6 : explain INSERT INTO sbtest6 (id, k, c, pad) VALUES (3422872, 13, 'foobar', 'foobar')
	Insert on sbtest6  (cost=0.00..0.01 rows=0 width=0)
	  ->  Result  (cost=0.00..0.01 rows=1 width=736)

table 7 : explain INSERT INTO sbtest7 (id, k, c, pad) VALUES (10669, 13, 'foobar', 'foobar')
	Insert on sbtest7  (cost=0.00..0.01 rows=0 width=0)
	  ->  Result  (cost=0.00..0.01 rows=1 width=736)

table 8 : explain INSERT INTO sbtest8 (id, k, c, pad) VALUES (5237758, 13, 'foobar', 'foobar')
	Insert on sbtest8  (cost=0.00..0.01 rows=0 width=0)
	  ->  Result  (cost=0.00..0.01 rows=1 width=736)

for inserts
table 1 : explain INSERT INTO sbtest1 (id, k, c, pad) VALUES (4652242, 13, 'foobar', 'foobar')
	Insert on sbtest1  (cost=0.00..0.01 rows=0 width=0)
	  ->  Result  (cost=0.00..0.01 rows=1 width=736)

table 2 : explain INSERT INTO sbtest2 (id, k, c, pad) VALUES (2053701, 13, 'foobar', 'foobar')
	Insert on sbtest2  (cost=0.00..0.01 rows=0 width=0)
	  ->  Result  (cost=0.00..0.01 rows=1 width=736)

table 3 : explain INSERT INTO sbtest3 (id, k, c, pad) VALUES (6088775, 13, 'foobar', 'foobar')
	Insert on sbtest3  (cost=0.00..0.01 rows=0 width=0)
	  ->  Result  (cost=0.00..0.01 rows=1 width=736)

table 4 : explain INSERT INTO sbtest4 (id, k, c, pad) VALUES (2468254, 13, 'foobar', 'foobar')
	Insert on sbtest4  (cost=0.00..0.01 rows=0 width=0)
	  ->  Result  (cost=0.00..0.01 rows=1 width=736)

table 5 : explain INSERT INTO sbtest5 (id, k, c, pad) VALUES (5259335, 13, 'foobar', 'foobar')
	Insert on sbtest5  (cost=0.00..0.01 rows=0 width=0)
	  ->  Result  (cost=0.00..0.01 rows=1 width=736)

table 6 : explain INSERT INTO sbtest6 (id, k, c, pad) VALUES (6758352, 13, 'foobar', 'foobar')
	Insert on sbtest6  (cost=0.00..0.01 rows=0 width=0)
	  ->  Result  (cost=0.00..0.01 rows=1 width=736)

table 7 : explain INSERT INTO sbtest7 (id, k, c, pad) VALUES (4671486, 13, 'foobar', 'foobar')
	Insert on sbtest7  (cost=0.00..0.01 rows=0 width=0)
	  ->  Result  (cost=0.00..0.01 rows=1 width=736)

table 8 : explain INSERT INTO sbtest8 (id, k, c, pad) VALUES (6145223, 13, 'foobar', 'foobar')
	Insert on sbtest8  (cost=0.00..0.01 rows=0 width=0)
	  ->  Result  (cost=0.00..0.01 rows=1 width=736)

for inserts
table 1 : explain INSERT INTO sbtest1 (id, k, c, pad) VALUES (7282784, 13, 'foobar', 'foobar')
	Insert on sbtest1  (cost=0.00..0.01 rows=0 width=0)
	  ->  Result  (cost=0.00..0.01 rows=1 width=736)

table 2 : explain INSERT INTO sbtest2 (id, k, c, pad) VALUES (2519883, 13, 'foobar', 'foobar')
	Insert on sbtest2  (cost=0.00..0.01 rows=0 width=0)
	  ->  Result  (cost=0.00..0.01 rows=1 width=736)

table 3 : explain INSERT INTO sbtest3 (id, k, c, pad) VALUES (3646641, 13, 'foobar', 'foobar')
	Insert on sbtest3  (cost=0.00..0.01 rows=0 width=0)
	  ->  Result  (cost=0.00..0.01 rows=1 width=736)

table 4 : explain INSERT INTO sbtest4 (id, k, c, pad) VALUES (517974, 13, 'foobar', 'foobar')
	Insert on sbtest4  (cost=0.00..0.01 rows=0 width=0)
	  ->  Result  (cost=0.00..0.01 rows=1 width=736)

table 5 : explain INSERT INTO sbtest5 (id, k, c, pad) VALUES (5087853, 13, 'foobar', 'foobar')
	Insert on sbtest5  (cost=0.00..0.01 rows=0 width=0)
	  ->  Result  (cost=0.00..0.01 rows=1 width=736)

table 6 : explain INSERT INTO sbtest6 (id, k, c, pad) VALUES (9842349, 13, 'foobar', 'foobar')
	Insert on sbtest6  (cost=0.00..0.01 rows=0 width=0)
	  ->  Result  (cost=0.00..0.01 rows=1 width=736)

table 7 : explain INSERT INTO sbtest7 (id, k, c, pad) VALUES (9790376, 13, 'foobar', 'foobar')
	Insert on sbtest7  (cost=0.00..0.01 rows=0 width=0)
	  ->  Result  (cost=0.00..0.01 rows=1 width=736)

table 8 : explain INSERT INTO sbtest8 (id, k, c, pad) VALUES (8238744, 13, 'foobar', 'foobar')
	Insert on sbtest8  (cost=0.00..0.01 rows=0 width=0)
	  ->  Result  (cost=0.00..0.01 rows=1 width=736)

for inserts
table 1 : explain INSERT INTO sbtest1 (id, k, c, pad) VALUES (9824543, 13, 'foobar', 'foobar')
	Insert on sbtest1  (cost=0.00..0.01 rows=0 width=0)
	  ->  Result  (cost=0.00..0.01 rows=1 width=736)

table 2 : explain INSERT INTO sbtest2 (id, k, c, pad) VALUES (9469280, 13, 'foobar', 'foobar')
	Insert on sbtest2  (cost=0.00..0.01 rows=0 width=0)
	  ->  Result  (cost=0.00..0.01 rows=1 width=736)

table 3 : explain INSERT INTO sbtest3 (id, k, c, pad) VALUES (1427429, 13, 'foobar', 'foobar')
	Insert on sbtest3  (cost=0.00..0.01 rows=0 width=0)
	  ->  Result  (cost=0.00..0.01 rows=1 width=736)

table 4 : explain INSERT INTO sbtest4 (id, k, c, pad) VALUES (4571789, 13, 'foobar', 'foobar')
	Insert on sbtest4  (cost=0.00..0.01 rows=0 width=0)
	  ->  Result  (cost=0.00..0.01 rows=1 width=736)

table 5 : explain INSERT INTO sbtest5 (id, k, c, pad) VALUES (2475062, 13, 'foobar', 'foobar')
	Insert on sbtest5  (cost=0.00..0.01 rows=0 width=0)
	  ->  Result  (cost=0.00..0.01 rows=1 width=736)

table 6 : explain INSERT INTO sbtest6 (id, k, c, pad) VALUES (9154818, 13, 'foobar', 'foobar')
	Insert on sbtest6  (cost=0.00..0.01 rows=0 width=0)
	  ->  Result  (cost=0.00..0.01 rows=1 width=736)

table 7 : explain INSERT INTO sbtest7 (id, k, c, pad) VALUES (168207, 13, 'foobar', 'foobar')
	Insert on sbtest7  (cost=0.00..0.01 rows=0 width=0)
	  ->  Result  (cost=0.00..0.01 rows=1 width=736)

table 8 : explain INSERT INTO sbtest8 (id, k, c, pad) VALUES (41567, 13, 'foobar', 'foobar')
	Insert on sbtest8  (cost=0.00..0.01 rows=0 width=0)
	  ->  Result  (cost=0.00..0.01 rows=1 width=736)

Threads started!

Warming up for 5 seconds...

SQL statistics:
    queries performed:
        read:                            0
        write:                           255422480
        other:                           127711275
        total:                           383133755
    transactions:                        63855636 (101355.93 per sec.)
    queries:                             383133755 (608135.48 per sec.)
    ignored errors:                      7      (0.01 per sec.)
    reconnects:                          0      (0.00 per sec.)

Throughput:
    events/s (eps):                      101355.9293
    time elapsed:                        630.0141s
    total number of events:              63855636

Latency (ms):
         min:                                    0.21
         avg:                                    0.39
         max:                                   36.89
         95th percentile:                        0.56
         sum:                             25150356.45

Threads fairness:
    events (avg/stddev):           1596389.5500/16098.06
    execution time (avg/stddev):   628.7589/0.02

