LUA_PATH=/home/mdcallag/git/mytools/bench/sysbench.lua/lua/?.lua /home/mdcallag/git/mytools/bench/sysbench.lua/lua/sysbench --db-driver=pgsql --range-size=100 --table-size=10000000 --tables=8 --threads=40 --events=0 --warmup-time=5 --time=630 --pgsql_conn_id=true /home/mdcallag/git/mytools/bench/sysbench.lua/lua/oltp_range_covered.lua run --pgsql-user=root --pgsql-password=pw --pgsql-host=127.0.0.1 --pgsql-db=ib --rand-type=uniform --random-points=100 --skip-trx --covered=false
48 CPUs
sysbench 1.1.0-9072687 (using bundled LuaJIT 2.1.0-beta3)

Running the test with following options:
Number of threads: 40
Warmup time: 5s
Initializing random number generator from current time


Initializing worker threads...

explain: for range-notcovered :: explain SELECT id, c FROM sbtest%d WHERE id BETWEEN 6062190 AND 6062290
explain: for range-notcovered :: explain SELECT id, c FROM sbtest%d WHERE id BETWEEN 3905089 AND 3905189
explain: for range-notcovered :: explain SELECT id, c FROM sbtest%d WHERE id BETWEEN 6757673 AND 6757773
for range-notcovered
table 1 : explain SELECT id, c FROM sbtest1 WHERE id BETWEEN 6062190 AND 6062290
	Index Scan using sbtest1_pkey on sbtest1  (cost=0.43..427.97 rows=107 width=125)
	  Index Cond: ((id >= 6062190) AND (id <= 6062290))

table 2 : explain SELECT id, c FROM sbtest2 WHERE id BETWEEN 6062190 AND 6062290
	Index Scan using sbtest2_pkey on sbtest2  (cost=0.43..392.17 rows=98 width=125)
	  Index Cond: ((id >= 6062190) AND (id <= 6062290))

table 3 : explain SELECT id, c FROM sbtest3 WHERE id BETWEEN 6062190 AND 6062290
	Index Scan using sbtest3_pkey on sbtest3  (cost=0.43..408.20 rows=102 width=125)
	  Index Cond: ((id >= 6062190) AND (id <= 6062290))

table 4 : explain SELECT id, c FROM sbtest4 WHERE id BETWEEN 6062190 AND 6062290
	Index Scan using sbtest4_pkey on sbtest4  (cost=0.43..415.66 rows=104 width=125)
	  Index Cond: ((id >= 6062190) AND (id <= 6062290))

table 5 : explain SELECT id, c FROM sbtest5 WHERE id BETWEEN 6062190 AND 6062290
	Index Scan using sbtest5_pkey on sbtest5  (cost=0.43..386.58 rows=97 width=125)
	  Index Cond: ((id >= 6062190) AND (id <= 6062290))

table 6 : explain SELECT id, c FROM sbtest6 WHERE id BETWEEN 6062190 AND 6062290
	Index Scan using sbtest6_pkey on sbtest6  (cost=0.43..431.14 rows=108 width=125)
	  Index Cond: ((id >= 6062190) AND (id <= 6062290))

table 7 : explain SELECT id, c FROM sbtest7 WHERE id BETWEEN 6062190 AND 6062290
	Index Scan using sbtest7_pkey on sbtest7  (cost=0.43..408.29 rows=102 width=125)
	  Index Cond: ((id >= 6062190) AND (id <= 6062290))

table 8 : explain SELECT id, c FROM sbtest8 WHERE id BETWEEN 6062190 AND 6062290
	Index Scan using sbtest8_pkey on sbtest8  (cost=0.43..426.49 rows=107 width=125)
	  Index Cond: ((id >= 6062190) AND (id <= 6062290))

explain: for range-notcovered :: explain SELECT id, c FROM sbtest%d WHERE id BETWEEN 6062190 AND 6062290
explain: for range-notcovered :: explain SELECT id, c FROM sbtest%d WHERE id BETWEEN 5005741 AND 5005841
explain: for range-notcovered :: explain SELECT id, c FROM sbtest%d WHERE id BETWEEN 6775725 AND 6775825
for range-notcovered
table 1 : explain SELECT id, c FROM sbtest1 WHERE id BETWEEN 6062190 AND 6062290
	Index Scan using sbtest1_pkey on sbtest1  (cost=0.43..427.97 rows=107 width=125)
	  Index Cond: ((id >= 6062190) AND (id <= 6062290))

table 2 : explain SELECT id, c FROM sbtest2 WHERE id BETWEEN 6062190 AND 6062290
	Index Scan using sbtest2_pkey on sbtest2  (cost=0.43..392.17 rows=98 width=125)
	  Index Cond: ((id >= 6062190) AND (id <= 6062290))

table 3 : explain SELECT id, c FROM sbtest3 WHERE id BETWEEN 6062190 AND 6062290
	Index Scan using sbtest3_pkey on sbtest3  (cost=0.43..408.20 rows=102 width=125)
	  Index Cond: ((id >= 6062190) AND (id <= 6062290))

table 4 : explain SELECT id, c FROM sbtest4 WHERE id BETWEEN 6062190 AND 6062290
	Index Scan using sbtest4_pkey on sbtest4  (cost=0.43..415.66 rows=104 width=125)
	  Index Cond: ((id >= 6062190) AND (id <= 6062290))

table 5 : explain SELECT id, c FROM sbtest5 WHERE id BETWEEN 6062190 AND 6062290
	Index Scan using sbtest5_pkey on sbtest5  (cost=0.43..386.58 rows=97 width=125)
	  Index Cond: ((id >= 6062190) AND (id <= 6062290))

table 6 : explain SELECT id, c FROM sbtest6 WHERE id BETWEEN 6062190 AND 6062290
	Index Scan using sbtest6_pkey on sbtest6  (cost=0.43..431.14 rows=108 width=125)
	  Index Cond: ((id >= 6062190) AND (id <= 6062290))

table 7 : explain SELECT id, c FROM sbtest7 WHERE id BETWEEN 6062190 AND 6062290
	Index Scan using sbtest7_pkey on sbtest7  (cost=0.43..408.29 rows=102 width=125)
	  Index Cond: ((id >= 6062190) AND (id <= 6062290))

table 8 : explain SELECT id, c FROM sbtest8 WHERE id BETWEEN 6062190 AND 6062290
	Index Scan using sbtest8_pkey on sbtest8  (cost=0.43..426.49 rows=107 width=125)
	  Index Cond: ((id >= 6062190) AND (id <= 6062290))

explain: for range-notcovered :: explain SELECT id, c FROM sbtest%d WHERE id BETWEEN 6062190 AND 6062290
for range-notcovered
table 1 : explain SELECT id, c FROM sbtest1 WHERE id BETWEEN 6062190 AND 6062290
	Index Scan using sbtest1_pkey on sbtest1  (cost=0.43..427.97 rows=107 width=125)
	  Index Cond: ((id >= 6062190) AND (id <= 6062290))

table 2 : explain SELECT id, c FROM sbtest2 WHERE id BETWEEN 6062190 AND 6062290
	Index Scan using sbtest2_pkey on sbtest2  (cost=0.43..392.17 rows=98 width=125)
	  Index Cond: ((id >= 6062190) AND (id <= 6062290))

table 3 : explain SELECT id, c FROM sbtest3 WHERE id BETWEEN 6062190 AND 6062290
	Index Scan using sbtest3_pkey on sbtest3  (cost=0.43..408.20 rows=102 width=125)
	  Index Cond: ((id >= 6062190) AND (id <= 6062290))

table 4 : explain SELECT id, c FROM sbtest4 WHERE id BETWEEN 6062190 AND 6062290
	Index Scan using sbtest4_pkey on sbtest4  (cost=0.43..415.66 rows=104 width=125)
	  Index Cond: ((id >= 6062190) AND (id <= 6062290))

table 5 : explain SELECT id, c FROM sbtest5 WHERE id BETWEEN 6062190 AND 6062290
	Index Scan using sbtest5_pkey on sbtest5  (cost=0.43..386.58 rows=97 width=125)
	  Index Cond: ((id >= 6062190) AND (id <= 6062290))

table 6 : explain SELECT id, c FROM sbtest6 WHERE id BETWEEN 6062190 AND 6062290
	Index Scan using sbtest6_pkey on sbtest6  (cost=0.43..431.14 rows=108 width=125)
	  Index Cond: ((id >= 6062190) AND (id <= 6062290))

table 7 : explain SELECT id, c FROM sbtest7 WHERE id BETWEEN 6062190 AND 6062290
	Index Scan using sbtest7_pkey on sbtest7  (cost=0.43..408.29 rows=102 width=125)
	  Index Cond: ((id >= 6062190) AND (id <= 6062290))

table 8 : explain SELECT id, c FROM sbtest8 WHERE id BETWEEN 6062190 AND 6062290
	Index Scan using sbtest8_pkey on sbtest8  (cost=0.43..426.49 rows=107 width=125)
	  Index Cond: ((id >= 6062190) AND (id <= 6062290))

for range-notcovered
table 1 : explain SELECT id, c FROM sbtest1 WHERE id BETWEEN 3905089 AND 3905189
	Index Scan using sbtest1_pkey on sbtest1  (cost=0.43..431.93 rows=108 width=125)
	  Index Cond: ((id >= 3905089) AND (id <= 3905189))

table 2 : explain SELECT id, c FROM sbtest2 WHERE id BETWEEN 3905089 AND 3905189
	Index Scan using sbtest2_pkey on sbtest2  (cost=0.43..411.96 rows=103 width=125)
	  Index Cond: ((id >= 3905089) AND (id <= 3905189))

table 3 : explain SELECT id, c FROM sbtest3 WHERE id BETWEEN 3905089 AND 3905189
	Index Scan using sbtest3_pkey on sbtest3  (cost=0.43..416.12 rows=104 width=125)
	  Index Cond: ((id >= 3905089) AND (id <= 3905189))

table 4 : explain SELECT id, c FROM sbtest4 WHERE id BETWEEN 3905089 AND 3905189
	Index Scan using sbtest4_pkey on sbtest4  (cost=0.43..463.10 rows=116 width=125)
	  Index Cond: ((id >= 3905089) AND (id <= 3905189))

table 5 : explain SELECT id, c FROM sbtest5 WHERE id BETWEEN 3905089 AND 3905189
	Index Scan using sbtest5_pkey on sbtest5  (cost=0.43..382.64 rows=96 width=125)
	  Index Cond: ((id >= 3905089) AND (id <= 3905189))

table 6 : explain SELECT id, c FROM sbtest6 WHERE id BETWEEN 3905089 AND 3905189
	Index Scan using sbtest6_pkey on sbtest6  (cost=0.43..407.44 rows=102 width=125)
	  Index Cond: ((id >= 3905089) AND (id <= 3905189))

table 7 : explain SELECT id, c FROM sbtest7 WHERE id BETWEEN 3905089 AND 3905189
	Index Scan using sbtest7_pkey on sbtest7  (cost=0.43..364.74 rows=91 width=125)
	  Index Cond: ((id >= 3905089) AND (id <= 3905189))

table 8 : explain SELECT id, c FROM sbtest8 WHERE id BETWEEN 3905089 AND 3905189
	Index Scan using sbtest8_pkey on sbtest8  (cost=0.43..375.21 rows=94 width=125)
	  Index Cond: ((id >= 3905089) AND (id <= 3905189))

explain: for range-notcovered :: explain SELECT id, c FROM sbtest%d WHERE id BETWEEN 6062190 AND 6062290
explain: for range-notcovered :: explain SELECT id, c FROM sbtest%d WHERE id BETWEEN 3905089 AND 3905189
for range-notcovered
table 1 : explain SELECT id, c FROM sbtest1 WHERE id BETWEEN 3905089 AND 3905189
	Index Scan using sbtest1_pkey on sbtest1  (cost=0.43..431.93 rows=108 width=125)
	  Index Cond: ((id >= 3905089) AND (id <= 3905189))

table 2 : explain SELECT id, c FROM sbtest2 WHERE id BETWEEN 3905089 AND 3905189
	Index Scan using sbtest2_pkey on sbtest2  (cost=0.43..411.96 rows=103 width=125)
	  Index Cond: ((id >= 3905089) AND (id <= 3905189))

table 3 : explain SELECT id, c FROM sbtest3 WHERE id BETWEEN 3905089 AND 3905189
	Index Scan using sbtest3_pkey on sbtest3  (cost=0.43..416.12 rows=104 width=125)
	  Index Cond: ((id >= 3905089) AND (id <= 3905189))

table 4 : explain SELECT id, c FROM sbtest4 WHERE id BETWEEN 3905089 AND 3905189
	Index Scan using sbtest4_pkey on sbtest4  (cost=0.43..463.10 rows=116 width=125)
	  Index Cond: ((id >= 3905089) AND (id <= 3905189))

table 5 : explain SELECT id, c FROM sbtest5 WHERE id BETWEEN 3905089 AND 3905189
	Index Scan using sbtest5_pkey on sbtest5  (cost=0.43..382.64 rows=96 width=125)
	  Index Cond: ((id >= 3905089) AND (id <= 3905189))

table 6 : explain SELECT id, c FROM sbtest6 WHERE id BETWEEN 3905089 AND 3905189
	Index Scan using sbtest6_pkey on sbtest6  (cost=0.43..407.44 rows=102 width=125)
	  Index Cond: ((id >= 3905089) AND (id <= 3905189))

table 7 : explain SELECT id, c FROM sbtest7 WHERE id BETWEEN 3905089 AND 3905189
	Index Scan using sbtest7_pkey on sbtest7  (cost=0.43..364.74 rows=91 width=125)
	  Index Cond: ((id >= 3905089) AND (id <= 3905189))

table 8 : explain SELECT id, c FROM sbtest8 WHERE id BETWEEN 3905089 AND 3905189
	Index Scan using sbtest8_pkey on sbtest8  (cost=0.43..375.21 rows=94 width=125)
	  Index Cond: ((id >= 3905089) AND (id <= 3905189))

explain: for range-notcovered :: explain SELECT id, c FROM sbtest%d WHERE id BETWEEN 3905089 AND 3905189
explain: for range-notcovered :: explain SELECT id, c FROM sbtest%d WHERE id BETWEEN 5916822 AND 5916922
for range-notcovered
table 1 : explain SELECT id, c FROM sbtest1 WHERE id BETWEEN 6757673 AND 6757773
	Index Scan using sbtest1_pkey on sbtest1  (cost=0.43..380.47 rows=95 width=125)
	  Index Cond: ((id >= 6757673) AND (id <= 6757773))

table 2 : explain SELECT id, c FROM sbtest2 WHERE id BETWEEN 6757673 AND 6757773
	Index Scan using sbtest2_pkey on sbtest2  (cost=0.43..423.83 rows=106 width=125)
	  Index Cond: ((id >= 6757673) AND (id <= 6757773))

table 3 : explain SELECT id, c FROM sbtest3 WHERE id BETWEEN 6757673 AND 6757773
	Index Scan using sbtest3_pkey on sbtest3  (cost=0.43..336.95 rows=84 width=125)
	  Index Cond: ((id >= 6757673) AND (id <= 6757773))

table 4 : explain SELECT id, c FROM sbtest4 WHERE id BETWEEN 6757673 AND 6757773
	Index Scan using sbtest4_pkey on sbtest4  (cost=0.43..403.80 rows=101 width=125)
	  Index Cond: ((id >= 6757673) AND (id <= 6757773))

table 5 : explain SELECT id, c FROM sbtest5 WHERE id BETWEEN 6757673 AND 6757773
	Index Scan using sbtest5_pkey on sbtest5  (cost=0.43..386.58 rows=97 width=125)
	  Index Cond: ((id >= 6757673) AND (id <= 6757773))

table 6 : explain SELECT id, c FROM sbtest6 WHERE id BETWEEN 6757673 AND 6757773
	Index Scan using sbtest6_pkey on sbtest6  (cost=0.43..403.49 rows=101 width=125)
	  Index Cond: ((id >= 6757673) AND (id <= 6757773))

table 7 : explain SELECT id, c FROM sbtest7 WHERE id BETWEEN 6757673 AND 6757773
	Index Scan using sbtest7_pkey on sbtest7  (cost=0.43..400.38 rows=100 width=125)
	  Index Cond: ((id >= 6757673) AND (id <= 6757773))

table 8 : explain SELECT id, c FROM sbtest8 WHERE id BETWEEN 6757673 AND 6757773
	Index Scan using sbtest8_pkey on sbtest8  (cost=0.43..363.38 rows=91 width=125)
	  Index Cond: ((id >= 6757673) AND (id <= 6757773))

explain: for range-notcovered :: explain SELECT id, c FROM sbtest%d WHERE id BETWEEN 6757673 AND 6757773
explain: for range-notcovered :: explain SELECT id, c FROM sbtest%d WHERE id BETWEEN 3865004 AND 3865104
for range-notcovered
table 1 : explain SELECT id, c FROM sbtest1 WHERE id BETWEEN 6757673 AND 6757773
	Index Scan using sbtest1_pkey on sbtest1  (cost=0.43..380.47 rows=95 width=125)
	  Index Cond: ((id >= 6757673) AND (id <= 6757773))

table 2 : explain SELECT id, c FROM sbtest2 WHERE id BETWEEN 6757673 AND 6757773
	Index Scan using sbtest2_pkey on sbtest2  (cost=0.43..423.83 rows=106 width=125)
	  Index Cond: ((id >= 6757673) AND (id <= 6757773))

table 3 : explain SELECT id, c FROM sbtest3 WHERE id BETWEEN 6757673 AND 6757773
	Index Scan using sbtest3_pkey on sbtest3  (cost=0.43..336.95 rows=84 width=125)
	  Index Cond: ((id >= 6757673) AND (id <= 6757773))

table 4 : explain SELECT id, c FROM sbtest4 WHERE id BETWEEN 6757673 AND 6757773
	Index Scan using sbtest4_pkey on sbtest4  (cost=0.43..403.80 rows=101 width=125)
	  Index Cond: ((id >= 6757673) AND (id <= 6757773))

table 5 : explain SELECT id, c FROM sbtest5 WHERE id BETWEEN 6757673 AND 6757773
	Index Scan using sbtest5_pkey on sbtest5  (cost=0.43..386.58 rows=97 width=125)
	  Index Cond: ((id >= 6757673) AND (id <= 6757773))

table 6 : explain SELECT id, c FROM sbtest6 WHERE id BETWEEN 6757673 AND 6757773
	Index Scan using sbtest6_pkey on sbtest6  (cost=0.43..403.49 rows=101 width=125)
	  Index Cond: ((id >= 6757673) AND (id <= 6757773))

table 7 : explain SELECT id, c FROM sbtest7 WHERE id BETWEEN 6757673 AND 6757773
	Index Scan using sbtest7_pkey on sbtest7  (cost=0.43..400.38 rows=100 width=125)
	  Index Cond: ((id >= 6757673) AND (id <= 6757773))

table 8 : explain SELECT id, c FROM sbtest8 WHERE id BETWEEN 6757673 AND 6757773
	Index Scan using sbtest8_pkey on sbtest8  (cost=0.43..363.38 rows=91 width=125)
	  Index Cond: ((id >= 6757673) AND (id <= 6757773))

explain: for range-notcovered :: explain SELECT id, c FROM sbtest%d WHERE id BETWEEN 6757673 AND 6757773
for range-notcovered
table 1 : explain SELECT id, c FROM sbtest1 WHERE id BETWEEN 6757673 AND 6757773
	Index Scan using sbtest1_pkey on sbtest1  (cost=0.43..380.47 rows=95 width=125)
	  Index Cond: ((id >= 6757673) AND (id <= 6757773))

table 2 : explain SELECT id, c FROM sbtest2 WHERE id BETWEEN 6757673 AND 6757773
	Index Scan using sbtest2_pkey on sbtest2  (cost=0.43..423.83 rows=106 width=125)
	  Index Cond: ((id >= 6757673) AND (id <= 6757773))

table 3 : explain SELECT id, c FROM sbtest3 WHERE id BETWEEN 6757673 AND 6757773
	Index Scan using sbtest3_pkey on sbtest3  (cost=0.43..336.95 rows=84 width=125)
	  Index Cond: ((id >= 6757673) AND (id <= 6757773))

table 4 : explain SELECT id, c FROM sbtest4 WHERE id BETWEEN 6757673 AND 6757773
	Index Scan using sbtest4_pkey on sbtest4  (cost=0.43..403.80 rows=101 width=125)
	  Index Cond: ((id >= 6757673) AND (id <= 6757773))

table 5 : explain SELECT id, c FROM sbtest5 WHERE id BETWEEN 6757673 AND 6757773
	Index Scan using sbtest5_pkey on sbtest5  (cost=0.43..386.58 rows=97 width=125)
	  Index Cond: ((id >= 6757673) AND (id <= 6757773))

table 6 : explain SELECT id, c FROM sbtest6 WHERE id BETWEEN 6757673 AND 6757773
	Index Scan using sbtest6_pkey on sbtest6  (cost=0.43..403.49 rows=101 width=125)
	  Index Cond: ((id >= 6757673) AND (id <= 6757773))

table 7 : explain SELECT id, c FROM sbtest7 WHERE id BETWEEN 6757673 AND 6757773
	Index Scan using sbtest7_pkey on sbtest7  (cost=0.43..400.38 rows=100 width=125)
	  Index Cond: ((id >= 6757673) AND (id <= 6757773))

table 8 : explain SELECT id, c FROM sbtest8 WHERE id BETWEEN 6757673 AND 6757773
	Index Scan using sbtest8_pkey on sbtest8  (cost=0.43..363.38 rows=91 width=125)
	  Index Cond: ((id >= 6757673) AND (id <= 6757773))

explain: for range-notcovered :: explain SELECT id, c FROM sbtest%d WHERE id BETWEEN 6757673 AND 6757773
explain: for range-notcovered :: explain SELECT id, c FROM sbtest%d WHERE id BETWEEN 3710705 AND 3710805
for range-notcovered
table 1 : explain SELECT id, c FROM sbtest1 WHERE id BETWEEN 5916822 AND 5916922
	Index Scan using sbtest1_pkey on sbtest1  (cost=0.43..431.93 rows=108 width=125)
	  Index Cond: ((id >= 5916822) AND (id <= 5916922))

table 2 : explain SELECT id, c FROM sbtest2 WHERE id BETWEEN 5916822 AND 5916922
	Index Scan using sbtest2_pkey on sbtest2  (cost=0.43..396.13 rows=99 width=125)
	  Index Cond: ((id >= 5916822) AND (id <= 5916922))

table 3 : explain SELECT id, c FROM sbtest3 WHERE id BETWEEN 5916822 AND 5916922
	Index Scan using sbtest3_pkey on sbtest3  (cost=0.43..400.27 rows=100 width=125)
	  Index Cond: ((id >= 5916822) AND (id <= 5916922))

table 4 : explain SELECT id, c FROM sbtest4 WHERE id BETWEEN 5916822 AND 5916922
	Index Scan using sbtest4_pkey on sbtest4  (cost=0.43..419.61 rows=105 width=125)
	  Index Cond: ((id >= 5916822) AND (id <= 5916922))

table 5 : explain SELECT id, c FROM sbtest5 WHERE id BETWEEN 5916822 AND 5916922
	Index Scan using sbtest5_pkey on sbtest5  (cost=0.43..441.73 rows=111 width=125)
	  Index Cond: ((id >= 5916822) AND (id <= 5916922))

table 6 : explain SELECT id, c FROM sbtest6 WHERE id BETWEEN 5916822 AND 5916922
	Index Scan using sbtest6_pkey on sbtest6  (cost=0.43..403.49 rows=101 width=125)
	  Index Cond: ((id >= 5916822) AND (id <= 5916922))

table 7 : explain SELECT id, c FROM sbtest7 WHERE id BETWEEN 5916822 AND 5916922
	Index Scan using sbtest7_pkey on sbtest7  (cost=0.43..432.04 rows=108 width=125)
	  Index Cond: ((id >= 5916822) AND (id <= 5916922))

table 8 : explain SELECT id, c FROM sbtest8 WHERE id BETWEEN 5916822 AND 5916922
	Index Scan using sbtest8_pkey on sbtest8  (cost=0.43..387.04 rows=97 width=125)
	  Index Cond: ((id >= 5916822) AND (id <= 5916922))

explain: for range-notcovered :: explain SELECT id, c FROM sbtest%d WHERE id BETWEEN 5916822 AND 5916922
for range-notcovered
table 1 : explain SELECT id, c FROM sbtest1 WHERE id BETWEEN 6757673 AND 6757773
	Index Scan using sbtest1_pkey on sbtest1  (cost=0.43..380.47 rows=95 width=125)
	  Index Cond: ((id >= 6757673) AND (id <= 6757773))

table 2 : explain SELECT id, c FROM sbtest2 WHERE id BETWEEN 6757673 AND 6757773
	Index Scan using sbtest2_pkey on sbtest2  (cost=0.43..423.83 rows=106 width=125)
	  Index Cond: ((id >= 6757673) AND (id <= 6757773))

table 3 : explain SELECT id, c FROM sbtest3 WHERE id BETWEEN 6757673 AND 6757773
	Index Scan using sbtest3_pkey on sbtest3  (cost=0.43..336.95 rows=84 width=125)
	  Index Cond: ((id >= 6757673) AND (id <= 6757773))

table 4 : explain SELECT id, c FROM sbtest4 WHERE id BETWEEN 6757673 AND 6757773
	Index Scan using sbtest4_pkey on sbtest4  (cost=0.43..403.80 rows=101 width=125)
	  Index Cond: ((id >= 6757673) AND (id <= 6757773))

table 5 : explain SELECT id, c FROM sbtest5 WHERE id BETWEEN 6757673 AND 6757773
	Index Scan using sbtest5_pkey on sbtest5  (cost=0.43..386.58 rows=97 width=125)
	  Index Cond: ((id >= 6757673) AND (id <= 6757773))

table 6 : explain SELECT id, c FROM sbtest6 WHERE id BETWEEN 6757673 AND 6757773
	Index Scan using sbtest6_pkey on sbtest6  (cost=0.43..403.49 rows=101 width=125)
	  Index Cond: ((id >= 6757673) AND (id <= 6757773))

table 7 : explain SELECT id, c FROM sbtest7 WHERE id BETWEEN 6757673 AND 6757773
	Index Scan using sbtest7_pkey on sbtest7  (cost=0.43..400.38 rows=100 width=125)
	  Index Cond: ((id >= 6757673) AND (id <= 6757773))

table 8 : explain SELECT id, c FROM sbtest8 WHERE id BETWEEN 6757673 AND 6757773
	Index Scan using sbtest8_pkey on sbtest8  (cost=0.43..363.38 rows=91 width=125)
	  Index Cond: ((id >= 6757673) AND (id <= 6757773))

explain: for range-notcovered :: explain SELECT id, c FROM sbtest%d WHERE id BETWEEN 6757673 AND 6757773
for range-notcovered
table 1 : explain SELECT id, c FROM sbtest1 WHERE id BETWEEN 6757673 AND 6757773
	Index Scan using sbtest1_pkey on sbtest1  (cost=0.43..380.47 rows=95 width=125)
	  Index Cond: ((id >= 6757673) AND (id <= 6757773))

table 2 : explain SELECT id, c FROM sbtest2 WHERE id BETWEEN 6757673 AND 6757773
	Index Scan using sbtest2_pkey on sbtest2  (cost=0.43..423.83 rows=106 width=125)
	  Index Cond: ((id >= 6757673) AND (id <= 6757773))

table 3 : explain SELECT id, c FROM sbtest3 WHERE id BETWEEN 6757673 AND 6757773
	Index Scan using sbtest3_pkey on sbtest3  (cost=0.43..336.95 rows=84 width=125)
	  Index Cond: ((id >= 6757673) AND (id <= 6757773))

table 4 : explain SELECT id, c FROM sbtest4 WHERE id BETWEEN 6757673 AND 6757773
	Index Scan using sbtest4_pkey on sbtest4  (cost=0.43..403.80 rows=101 width=125)
	  Index Cond: ((id >= 6757673) AND (id <= 6757773))

table 5 : explain SELECT id, c FROM sbtest5 WHERE id BETWEEN 6757673 AND 6757773
	Index Scan using sbtest5_pkey on sbtest5  (cost=0.43..386.58 rows=97 width=125)
	  Index Cond: ((id >= 6757673) AND (id <= 6757773))

table 6 : explain SELECT id, c FROM sbtest6 WHERE id BETWEEN 6757673 AND 6757773
	Index Scan using sbtest6_pkey on sbtest6  (cost=0.43..403.49 rows=101 width=125)
	  Index Cond: ((id >= 6757673) AND (id <= 6757773))

table 7 : explain SELECT id, c FROM sbtest7 WHERE id BETWEEN 6757673 AND 6757773
	Index Scan using sbtest7_pkey on sbtest7  (cost=0.43..400.38 rows=100 width=125)
	  Index Cond: ((id >= 6757673) AND (id <= 6757773))

table 8 : explain SELECT id, c FROM sbtest8 WHERE id BETWEEN 6757673 AND 6757773
	Index Scan using sbtest8_pkey on sbtest8  (cost=0.43..363.38 rows=91 width=125)
	  Index Cond: ((id >= 6757673) AND (id <= 6757773))

for range-notcovered
table 1 : explain SELECT id, c FROM sbtest1 WHERE id BETWEEN 5916822 AND 5916922
	Index Scan using sbtest1_pkey on sbtest1  (cost=0.43..431.93 rows=108 width=125)
	  Index Cond: ((id >= 5916822) AND (id <= 5916922))

table 2 : explain SELECT id, c FROM sbtest2 WHERE id BETWEEN 5916822 AND 5916922
	Index Scan using sbtest2_pkey on sbtest2  (cost=0.43..396.13 rows=99 width=125)
	  Index Cond: ((id >= 5916822) AND (id <= 5916922))

table 3 : explain SELECT id, c FROM sbtest3 WHERE id BETWEEN 5916822 AND 5916922
	Index Scan using sbtest3_pkey on sbtest3  (cost=0.43..400.27 rows=100 width=125)
	  Index Cond: ((id >= 5916822) AND (id <= 5916922))

table 4 : explain SELECT id, c FROM sbtest4 WHERE id BETWEEN 5916822 AND 5916922
	Index Scan using sbtest4_pkey on sbtest4  (cost=0.43..419.61 rows=105 width=125)
	  Index Cond: ((id >= 5916822) AND (id <= 5916922))

table 5 : explain SELECT id, c FROM sbtest5 WHERE id BETWEEN 5916822 AND 5916922
	Index Scan using sbtest5_pkey on sbtest5  (cost=0.43..441.73 rows=111 width=125)
	  Index Cond: ((id >= 5916822) AND (id <= 5916922))

table 6 : explain SELECT id, c FROM sbtest6 WHERE id BETWEEN 5916822 AND 5916922
	Index Scan using sbtest6_pkey on sbtest6  (cost=0.43..403.49 rows=101 width=125)
	  Index Cond: ((id >= 5916822) AND (id <= 5916922))

table 7 : explain SELECT id, c FROM sbtest7 WHERE id BETWEEN 5916822 AND 5916922
	Index Scan using sbtest7_pkey on sbtest7  (cost=0.43..432.04 rows=108 width=125)
	  Index Cond: ((id >= 5916822) AND (id <= 5916922))

table 8 : explain SELECT id, c FROM sbtest8 WHERE id BETWEEN 5916822 AND 5916922
	Index Scan using sbtest8_pkey on sbtest8  (cost=0.43..387.04 rows=97 width=125)
	  Index Cond: ((id >= 5916822) AND (id <= 5916922))

explain: for range-notcovered :: explain SELECT id, c FROM sbtest%d WHERE id BETWEEN 6757673 AND 6757773
explain: for range-notcovered :: explain SELECT id, c FROM sbtest%d WHERE id BETWEEN 5916822 AND 5916922
for range-notcovered
table 1 : explain SELECT id, c FROM sbtest1 WHERE id BETWEEN 3865004 AND 3865104
	Index Scan using sbtest1_pkey on sbtest1  (cost=0.43..431.93 rows=108 width=125)
	  Index Cond: ((id >= 3865004) AND (id <= 3865104))

table 2 : explain SELECT id, c FROM sbtest2 WHERE id BETWEEN 3865004 AND 3865104
	Index Scan using sbtest2_pkey on sbtest2  (cost=0.43..411.96 rows=103 width=125)
	  Index Cond: ((id >= 3865004) AND (id <= 3865104))

table 3 : explain SELECT id, c FROM sbtest3 WHERE id BETWEEN 3865004 AND 3865104
	Index Scan using sbtest3_pkey on sbtest3  (cost=0.43..384.44 rows=96 width=125)
	  Index Cond: ((id >= 3865004) AND (id <= 3865104))

table 4 : explain SELECT id, c FROM sbtest4 WHERE id BETWEEN 3865004 AND 3865104
	Index Scan using sbtest4_pkey on sbtest4  (cost=0.43..423.57 rows=106 width=125)
	  Index Cond: ((id >= 3865004) AND (id <= 3865104))

table 5 : explain SELECT id, c FROM sbtest5 WHERE id BETWEEN 3865004 AND 3865104
	Index Scan using sbtest5_pkey on sbtest5  (cost=0.43..382.64 rows=96 width=125)
	  Index Cond: ((id >= 3865004) AND (id <= 3865104))

table 6 : explain SELECT id, c FROM sbtest6 WHERE id BETWEEN 3865004 AND 3865104
	Index Scan using sbtest6_pkey on sbtest6  (cost=0.43..407.44 rows=102 width=125)
	  Index Cond: ((id >= 3865004) AND (id <= 3865104))

table 7 : explain SELECT id, c FROM sbtest7 WHERE id BETWEEN 3865004 AND 3865104
	Index Scan using sbtest7_pkey on sbtest7  (cost=0.43..364.74 rows=91 width=125)
	  Index Cond: ((id >= 3865004) AND (id <= 3865104))

table 8 : explain SELECT id, c FROM sbtest8 WHERE id BETWEEN 3865004 AND 3865104
	Index Scan using sbtest8_pkey on sbtest8  (cost=0.43..434.38 rows=109 width=125)
	  Index Cond: ((id >= 3865004) AND (id <= 3865104))

explain: for range-notcovered :: explain SELECT id, c FROM sbtest%d WHERE id BETWEEN 3865004 AND 3865104
for range-notcovered
table 1 : explain SELECT id, c FROM sbtest1 WHERE id BETWEEN 6757673 AND 6757773
	Index Scan using sbtest1_pkey on sbtest1  (cost=0.43..380.47 rows=95 width=125)
	  Index Cond: ((id >= 6757673) AND (id <= 6757773))

table 2 : explain SELECT id, c FROM sbtest2 WHERE id BETWEEN 6757673 AND 6757773
	Index Scan using sbtest2_pkey on sbtest2  (cost=0.43..423.83 rows=106 width=125)
	  Index Cond: ((id >= 6757673) AND (id <= 6757773))

table 3 : explain SELECT id, c FROM sbtest3 WHERE id BETWEEN 6757673 AND 6757773
	Index Scan using sbtest3_pkey on sbtest3  (cost=0.43..336.95 rows=84 width=125)
	  Index Cond: ((id >= 6757673) AND (id <= 6757773))

table 4 : explain SELECT id, c FROM sbtest4 WHERE id BETWEEN 6757673 AND 6757773
	Index Scan using sbtest4_pkey on sbtest4  (cost=0.43..403.80 rows=101 width=125)
	  Index Cond: ((id >= 6757673) AND (id <= 6757773))

table 5 : explain SELECT id, c FROM sbtest5 WHERE id BETWEEN 6757673 AND 6757773
	Index Scan using sbtest5_pkey on sbtest5  (cost=0.43..386.58 rows=97 width=125)
	  Index Cond: ((id >= 6757673) AND (id <= 6757773))

table 6 : explain SELECT id, c FROM sbtest6 WHERE id BETWEEN 6757673 AND 6757773
	Index Scan using sbtest6_pkey on sbtest6  (cost=0.43..403.49 rows=101 width=125)
	  Index Cond: ((id >= 6757673) AND (id <= 6757773))

table 7 : explain SELECT id, c FROM sbtest7 WHERE id BETWEEN 6757673 AND 6757773
	Index Scan using sbtest7_pkey on sbtest7  (cost=0.43..400.38 rows=100 width=125)
	  Index Cond: ((id >= 6757673) AND (id <= 6757773))

table 8 : explain SELECT id, c FROM sbtest8 WHERE id BETWEEN 6757673 AND 6757773
	Index Scan using sbtest8_pkey on sbtest8  (cost=0.43..363.38 rows=91 width=125)
	  Index Cond: ((id >= 6757673) AND (id <= 6757773))

for range-notcovered
table 1 : explain SELECT id, c FROM sbtest1 WHERE id BETWEEN 3865004 AND 3865104
	Index Scan using sbtest1_pkey on sbtest1  (cost=0.43..431.93 rows=108 width=125)
	  Index Cond: ((id >= 3865004) AND (id <= 3865104))

table 2 : explain SELECT id, c FROM sbtest2 WHERE id BETWEEN 3865004 AND 3865104
	Index Scan using sbtest2_pkey on sbtest2  (cost=0.43..411.96 rows=103 width=125)
	  Index Cond: ((id >= 3865004) AND (id <= 3865104))

table 3 : explain SELECT id, c FROM sbtest3 WHERE id BETWEEN 3865004 AND 3865104
	Index Scan using sbtest3_pkey on sbtest3  (cost=0.43..384.44 rows=96 width=125)
	  Index Cond: ((id >= 3865004) AND (id <= 3865104))

table 4 : explain SELECT id, c FROM sbtest4 WHERE id BETWEEN 3865004 AND 3865104
	Index Scan using sbtest4_pkey on sbtest4  (cost=0.43..423.57 rows=106 width=125)
	  Index Cond: ((id >= 3865004) AND (id <= 3865104))

table 5 : explain SELECT id, c FROM sbtest5 WHERE id BETWEEN 3865004 AND 3865104
	Index Scan using sbtest5_pkey on sbtest5  (cost=0.43..382.64 rows=96 width=125)
	  Index Cond: ((id >= 3865004) AND (id <= 3865104))

table 6 : explain SELECT id, c FROM sbtest6 WHERE id BETWEEN 3865004 AND 3865104
	Index Scan using sbtest6_pkey on sbtest6  (cost=0.43..407.44 rows=102 width=125)
	  Index Cond: ((id >= 3865004) AND (id <= 3865104))

table 7 : explain SELECT id, c FROM sbtest7 WHERE id BETWEEN 3865004 AND 3865104
	Index Scan using sbtest7_pkey on sbtest7  (cost=0.43..364.74 rows=91 width=125)
	  Index Cond: ((id >= 3865004) AND (id <= 3865104))

table 8 : explain SELECT id, c FROM sbtest8 WHERE id BETWEEN 3865004 AND 3865104
	Index Scan using sbtest8_pkey on sbtest8  (cost=0.43..434.38 rows=109 width=125)
	  Index Cond: ((id >= 3865004) AND (id <= 3865104))

explain: for range-notcovered :: explain SELECT id, c FROM sbtest%d WHERE id BETWEEN 6757673 AND 6757773
explain: for range-notcovered :: explain SELECT id, c FROM sbtest%d WHERE id BETWEEN 3865004 AND 3865104
for range-notcovered
table 1 : explain SELECT id, c FROM sbtest1 WHERE id BETWEEN 3905089 AND 3905189
	Index Scan using sbtest1_pkey on sbtest1  (cost=0.43..431.93 rows=108 width=125)
	  Index Cond: ((id >= 3905089) AND (id <= 3905189))

table 2 : explain SELECT id, c FROM sbtest2 WHERE id BETWEEN 3905089 AND 3905189
	Index Scan using sbtest2_pkey on sbtest2  (cost=0.43..411.96 rows=103 width=125)
	  Index Cond: ((id >= 3905089) AND (id <= 3905189))

table 3 : explain SELECT id, c FROM sbtest3 WHERE id BETWEEN 3905089 AND 3905189
	Index Scan using sbtest3_pkey on sbtest3  (cost=0.43..416.12 rows=104 width=125)
	  Index Cond: ((id >= 3905089) AND (id <= 3905189))

table 4 : explain SELECT id, c FROM sbtest4 WHERE id BETWEEN 3905089 AND 3905189
	Index Scan using sbtest4_pkey on sbtest4  (cost=0.43..463.10 rows=116 width=125)
	  Index Cond: ((id >= 3905089) AND (id <= 3905189))

table 5 : explain SELECT id, c FROM sbtest5 WHERE id BETWEEN 3905089 AND 3905189
	Index Scan using sbtest5_pkey on sbtest5  (cost=0.43..382.64 rows=96 width=125)
	  Index Cond: ((id >= 3905089) AND (id <= 3905189))

table 6 : explain SELECT id, c FROM sbtest6 WHERE id BETWEEN 3905089 AND 3905189
	Index Scan using sbtest6_pkey on sbtest6  (cost=0.43..407.44 rows=102 width=125)
	  Index Cond: ((id >= 3905089) AND (id <= 3905189))

table 7 : explain SELECT id, c FROM sbtest7 WHERE id BETWEEN 3905089 AND 3905189
	Index Scan using sbtest7_pkey on sbtest7  (cost=0.43..364.74 rows=91 width=125)
	  Index Cond: ((id >= 3905089) AND (id <= 3905189))

table 8 : explain SELECT id, c FROM sbtest8 WHERE id BETWEEN 3905089 AND 3905189
	Index Scan using sbtest8_pkey on sbtest8  (cost=0.43..375.21 rows=94 width=125)
	  Index Cond: ((id >= 3905089) AND (id <= 3905189))

for range-notcovered
table 1 : explain SELECT id, c FROM sbtest1 WHERE id BETWEEN 5916822 AND 5916922
	Index Scan using sbtest1_pkey on sbtest1  (cost=0.43..431.93 rows=108 width=125)
	  Index Cond: ((id >= 5916822) AND (id <= 5916922))

table 2 : explain SELECT id, c FROM sbtest2 WHERE id BETWEEN 5916822 AND 5916922
	Index Scan using sbtest2_pkey on sbtest2  (cost=0.43..396.13 rows=99 width=125)
	  Index Cond: ((id >= 5916822) AND (id <= 5916922))

table 3 : explain SELECT id, c FROM sbtest3 WHERE id BETWEEN 5916822 AND 5916922
	Index Scan using sbtest3_pkey on sbtest3  (cost=0.43..400.27 rows=100 width=125)
	  Index Cond: ((id >= 5916822) AND (id <= 5916922))

table 4 : explain SELECT id, c FROM sbtest4 WHERE id BETWEEN 5916822 AND 5916922
	Index Scan using sbtest4_pkey on sbtest4  (cost=0.43..419.61 rows=105 width=125)
	  Index Cond: ((id >= 5916822) AND (id <= 5916922))

table 5 : explain SELECT id, c FROM sbtest5 WHERE id BETWEEN 5916822 AND 5916922
	Index Scan using sbtest5_pkey on sbtest5  (cost=0.43..441.73 rows=111 width=125)
	  Index Cond: ((id >= 5916822) AND (id <= 5916922))

table 6 : explain SELECT id, c FROM sbtest6 WHERE id BETWEEN 5916822 AND 5916922
	Index Scan using sbtest6_pkey on sbtest6  (cost=0.43..403.49 rows=101 width=125)
	  Index Cond: ((id >= 5916822) AND (id <= 5916922))

table 7 : explain SELECT id, c FROM sbtest7 WHERE id BETWEEN 5916822 AND 5916922
	Index Scan using sbtest7_pkey on sbtest7  (cost=0.43..432.04 rows=108 width=125)
	  Index Cond: ((id >= 5916822) AND (id <= 5916922))

table 8 : explain SELECT id, c FROM sbtest8 WHERE id BETWEEN 5916822 AND 5916922
	Index Scan using sbtest8_pkey on sbtest8  (cost=0.43..387.04 rows=97 width=125)
	  Index Cond: ((id >= 5916822) AND (id <= 5916922))

explain: for range-notcovered :: explain SELECT id, c FROM sbtest%d WHERE id BETWEEN 3905089 AND 3905189
explain: for range-notcovered :: explain SELECT id, c FROM sbtest%d WHERE id BETWEEN 5916822 AND 5916922
for range-notcovered
table 1 : explain SELECT id, c FROM sbtest1 WHERE id BETWEEN 6062190 AND 6062290
	Index Scan using sbtest1_pkey on sbtest1  (cost=0.43..427.97 rows=107 width=125)
	  Index Cond: ((id >= 6062190) AND (id <= 6062290))

table 2 : explain SELECT id, c FROM sbtest2 WHERE id BETWEEN 6062190 AND 6062290
	Index Scan using sbtest2_pkey on sbtest2  (cost=0.43..392.17 rows=98 width=125)
	  Index Cond: ((id >= 6062190) AND (id <= 6062290))

table 3 : explain SELECT id, c FROM sbtest3 WHERE id BETWEEN 6062190 AND 6062290
	Index Scan using sbtest3_pkey on sbtest3  (cost=0.43..408.20 rows=102 width=125)
	  Index Cond: ((id >= 6062190) AND (id <= 6062290))

table 4 : explain SELECT id, c FROM sbtest4 WHERE id BETWEEN 6062190 AND 6062290
	Index Scan using sbtest4_pkey on sbtest4  (cost=0.43..415.66 rows=104 width=125)
	  Index Cond: ((id >= 6062190) AND (id <= 6062290))

table 5 : explain SELECT id, c FROM sbtest5 WHERE id BETWEEN 6062190 AND 6062290
	Index Scan using sbtest5_pkey on sbtest5  (cost=0.43..386.58 rows=97 width=125)
	  Index Cond: ((id >= 6062190) AND (id <= 6062290))

table 6 : explain SELECT id, c FROM sbtest6 WHERE id BETWEEN 6062190 AND 6062290
	Index Scan using sbtest6_pkey on sbtest6  (cost=0.43..431.14 rows=108 width=125)
	  Index Cond: ((id >= 6062190) AND (id <= 6062290))

table 7 : explain SELECT id, c FROM sbtest7 WHERE id BETWEEN 6062190 AND 6062290
	Index Scan using sbtest7_pkey on sbtest7  (cost=0.43..408.29 rows=102 width=125)
	  Index Cond: ((id >= 6062190) AND (id <= 6062290))

table 8 : explain SELECT id, c FROM sbtest8 WHERE id BETWEEN 6062190 AND 6062290
	Index Scan using sbtest8_pkey on sbtest8  (cost=0.43..426.49 rows=107 width=125)
	  Index Cond: ((id >= 6062190) AND (id <= 6062290))

explain: for range-notcovered :: explain SELECT id, c FROM sbtest%d WHERE id BETWEEN 6062190 AND 6062290
for range-notcovered
table 1 : explain SELECT id, c FROM sbtest1 WHERE id BETWEEN 3865004 AND 3865104
	Index Scan using sbtest1_pkey on sbtest1  (cost=0.43..431.93 rows=108 width=125)
	  Index Cond: ((id >= 3865004) AND (id <= 3865104))

table 2 : explain SELECT id, c FROM sbtest2 WHERE id BETWEEN 3865004 AND 3865104
	Index Scan using sbtest2_pkey on sbtest2  (cost=0.43..411.96 rows=103 width=125)
	  Index Cond: ((id >= 3865004) AND (id <= 3865104))

table 3 : explain SELECT id, c FROM sbtest3 WHERE id BETWEEN 3865004 AND 3865104
	Index Scan using sbtest3_pkey on sbtest3  (cost=0.43..384.44 rows=96 width=125)
	  Index Cond: ((id >= 3865004) AND (id <= 3865104))

table 4 : explain SELECT id, c FROM sbtest4 WHERE id BETWEEN 3865004 AND 3865104
	Index Scan using sbtest4_pkey on sbtest4  (cost=0.43..423.57 rows=106 width=125)
	  Index Cond: ((id >= 3865004) AND (id <= 3865104))

table 5 : explain SELECT id, c FROM sbtest5 WHERE id BETWEEN 3865004 AND 3865104
	Index Scan using sbtest5_pkey on sbtest5  (cost=0.43..382.64 rows=96 width=125)
	  Index Cond: ((id >= 3865004) AND (id <= 3865104))

table 6 : explain SELECT id, c FROM sbtest6 WHERE id BETWEEN 3865004 AND 3865104
	Index Scan using sbtest6_pkey on sbtest6  (cost=0.43..407.44 rows=102 width=125)
	  Index Cond: ((id >= 3865004) AND (id <= 3865104))

table 7 : explain SELECT id, c FROM sbtest7 WHERE id BETWEEN 3865004 AND 3865104
	Index Scan using sbtest7_pkey on sbtest7  (cost=0.43..364.74 rows=91 width=125)
	  Index Cond: ((id >= 3865004) AND (id <= 3865104))

table 8 : explain SELECT id, c FROM sbtest8 WHERE id BETWEEN 3865004 AND 3865104
	Index Scan using sbtest8_pkey on sbtest8  (cost=0.43..434.38 rows=109 width=125)
	  Index Cond: ((id >= 3865004) AND (id <= 3865104))

for range-notcovered
table 1 : explain SELECT id, c FROM sbtest1 WHERE id BETWEEN 3905089 AND 3905189
	Index Scan using sbtest1_pkey on sbtest1  (cost=0.43..431.93 rows=108 width=125)
	  Index Cond: ((id >= 3905089) AND (id <= 3905189))

table 2 : explain SELECT id, c FROM sbtest2 WHERE id BETWEEN 3905089 AND 3905189
	Index Scan using sbtest2_pkey on sbtest2  (cost=0.43..411.96 rows=103 width=125)
	  Index Cond: ((id >= 3905089) AND (id <= 3905189))

table 3 : explain SELECT id, c FROM sbtest3 WHERE id BETWEEN 3905089 AND 3905189
	Index Scan using sbtest3_pkey on sbtest3  (cost=0.43..416.12 rows=104 width=125)
	  Index Cond: ((id >= 3905089) AND (id <= 3905189))

table 4 : explain SELECT id, c FROM sbtest4 WHERE id BETWEEN 3905089 AND 3905189
	Index Scan using sbtest4_pkey on sbtest4  (cost=0.43..463.10 rows=116 width=125)
	  Index Cond: ((id >= 3905089) AND (id <= 3905189))

table 5 : explain SELECT id, c FROM sbtest5 WHERE id BETWEEN 3905089 AND 3905189
	Index Scan using sbtest5_pkey on sbtest5  (cost=0.43..382.64 rows=96 width=125)
	  Index Cond: ((id >= 3905089) AND (id <= 3905189))

table 6 : explain SELECT id, c FROM sbtest6 WHERE id BETWEEN 3905089 AND 3905189
	Index Scan using sbtest6_pkey on sbtest6  (cost=0.43..407.44 rows=102 width=125)
	  Index Cond: ((id >= 3905089) AND (id <= 3905189))

table 7 : explain SELECT id, c FROM sbtest7 WHERE id BETWEEN 3905089 AND 3905189
	Index Scan using sbtest7_pkey on sbtest7  (cost=0.43..364.74 rows=91 width=125)
	  Index Cond: ((id >= 3905089) AND (id <= 3905189))

table 8 : explain SELECT id, c FROM sbtest8 WHERE id BETWEEN 3905089 AND 3905189
	Index Scan using sbtest8_pkey on sbtest8  (cost=0.43..375.21 rows=94 width=125)
	  Index Cond: ((id >= 3905089) AND (id <= 3905189))

explain: for range-notcovered :: explain SELECT id, c FROM sbtest%d WHERE id BETWEEN 3865004 AND 3865104
explain: for range-notcovered :: explain SELECT id, c FROM sbtest%d WHERE id BETWEEN 3905089 AND 3905189
for range-notcovered
table 1 : explain SELECT id, c FROM sbtest1 WHERE id BETWEEN 6757673 AND 6757773
	Index Scan using sbtest1_pkey on sbtest1  (cost=0.43..380.47 rows=95 width=125)
	  Index Cond: ((id >= 6757673) AND (id <= 6757773))

table 2 : explain SELECT id, c FROM sbtest2 WHERE id BETWEEN 6757673 AND 6757773
	Index Scan using sbtest2_pkey on sbtest2  (cost=0.43..423.83 rows=106 width=125)
	  Index Cond: ((id >= 6757673) AND (id <= 6757773))

table 3 : explain SELECT id, c FROM sbtest3 WHERE id BETWEEN 6757673 AND 6757773
	Index Scan using sbtest3_pkey on sbtest3  (cost=0.43..336.95 rows=84 width=125)
	  Index Cond: ((id >= 6757673) AND (id <= 6757773))

table 4 : explain SELECT id, c FROM sbtest4 WHERE id BETWEEN 6757673 AND 6757773
	Index Scan using sbtest4_pkey on sbtest4  (cost=0.43..403.80 rows=101 width=125)
	  Index Cond: ((id >= 6757673) AND (id <= 6757773))

table 5 : explain SELECT id, c FROM sbtest5 WHERE id BETWEEN 6757673 AND 6757773
	Index Scan using sbtest5_pkey on sbtest5  (cost=0.43..386.58 rows=97 width=125)
	  Index Cond: ((id >= 6757673) AND (id <= 6757773))

table 6 : explain SELECT id, c FROM sbtest6 WHERE id BETWEEN 6757673 AND 6757773
	Index Scan using sbtest6_pkey on sbtest6  (cost=0.43..403.49 rows=101 width=125)
	  Index Cond: ((id >= 6757673) AND (id <= 6757773))

table 7 : explain SELECT id, c FROM sbtest7 WHERE id BETWEEN 6757673 AND 6757773
	Index Scan using sbtest7_pkey on sbtest7  (cost=0.43..400.38 rows=100 width=125)
	  Index Cond: ((id >= 6757673) AND (id <= 6757773))

table 8 : explain SELECT id, c FROM sbtest8 WHERE id BETWEEN 6757673 AND 6757773
	Index Scan using sbtest8_pkey on sbtest8  (cost=0.43..363.38 rows=91 width=125)
	  Index Cond: ((id >= 6757673) AND (id <= 6757773))

for range-notcovered
table 1 : explain SELECT id, c FROM sbtest1 WHERE id BETWEEN 5916822 AND 5916922
	Index Scan using sbtest1_pkey on sbtest1  (cost=0.43..431.93 rows=108 width=125)
	  Index Cond: ((id >= 5916822) AND (id <= 5916922))

table 2 : explain SELECT id, c FROM sbtest2 WHERE id BETWEEN 5916822 AND 5916922
	Index Scan using sbtest2_pkey on sbtest2  (cost=0.43..396.13 rows=99 width=125)
	  Index Cond: ((id >= 5916822) AND (id <= 5916922))

table 3 : explain SELECT id, c FROM sbtest3 WHERE id BETWEEN 5916822 AND 5916922
	Index Scan using sbtest3_pkey on sbtest3  (cost=0.43..400.27 rows=100 width=125)
	  Index Cond: ((id >= 5916822) AND (id <= 5916922))

table 4 : explain SELECT id, c FROM sbtest4 WHERE id BETWEEN 5916822 AND 5916922
	Index Scan using sbtest4_pkey on sbtest4  (cost=0.43..419.61 rows=105 width=125)
	  Index Cond: ((id >= 5916822) AND (id <= 5916922))

table 5 : explain SELECT id, c FROM sbtest5 WHERE id BETWEEN 5916822 AND 5916922
	Index Scan using sbtest5_pkey on sbtest5  (cost=0.43..441.73 rows=111 width=125)
	  Index Cond: ((id >= 5916822) AND (id <= 5916922))

table 6 : explain SELECT id, c FROM sbtest6 WHERE id BETWEEN 5916822 AND 5916922
	Index Scan using sbtest6_pkey on sbtest6  (cost=0.43..403.49 rows=101 width=125)
	  Index Cond: ((id >= 5916822) AND (id <= 5916922))

table 7 : explain SELECT id, c FROM sbtest7 WHERE id BETWEEN 5916822 AND 5916922
	Index Scan using sbtest7_pkey on sbtest7  (cost=0.43..432.04 rows=108 width=125)
	  Index Cond: ((id >= 5916822) AND (id <= 5916922))

table 8 : explain SELECT id, c FROM sbtest8 WHERE id BETWEEN 5916822 AND 5916922
	Index Scan using sbtest8_pkey on sbtest8  (cost=0.43..387.04 rows=97 width=125)
	  Index Cond: ((id >= 5916822) AND (id <= 5916922))

explain: for range-notcovered :: explain SELECT id, c FROM sbtest%d WHERE id BETWEEN 6529375 AND 6529475
for range-notcovered
table 1 : explain SELECT id, c FROM sbtest1 WHERE id BETWEEN 6062190 AND 6062290
	Index Scan using sbtest1_pkey on sbtest1  (cost=0.43..427.97 rows=107 width=125)
	  Index Cond: ((id >= 6062190) AND (id <= 6062290))

table 2 : explain SELECT id, c FROM sbtest2 WHERE id BETWEEN 6062190 AND 6062290
	Index Scan using sbtest2_pkey on sbtest2  (cost=0.43..392.17 rows=98 width=125)
	  Index Cond: ((id >= 6062190) AND (id <= 6062290))

table 3 : explain SELECT id, c FROM sbtest3 WHERE id BETWEEN 6062190 AND 6062290
	Index Scan using sbtest3_pkey on sbtest3  (cost=0.43..408.20 rows=102 width=125)
	  Index Cond: ((id >= 6062190) AND (id <= 6062290))

table 4 : explain SELECT id, c FROM sbtest4 WHERE id BETWEEN 6062190 AND 6062290
	Index Scan using sbtest4_pkey on sbtest4  (cost=0.43..415.66 rows=104 width=125)
	  Index Cond: ((id >= 6062190) AND (id <= 6062290))

table 5 : explain SELECT id, c FROM sbtest5 WHERE id BETWEEN 6062190 AND 6062290
	Index Scan using sbtest5_pkey on sbtest5  (cost=0.43..386.58 rows=97 width=125)
	  Index Cond: ((id >= 6062190) AND (id <= 6062290))

table 6 : explain SELECT id, c FROM sbtest6 WHERE id BETWEEN 6062190 AND 6062290
	Index Scan using sbtest6_pkey on sbtest6  (cost=0.43..431.14 rows=108 width=125)
	  Index Cond: ((id >= 6062190) AND (id <= 6062290))

table 7 : explain SELECT id, c FROM sbtest7 WHERE id BETWEEN 6062190 AND 6062290
	Index Scan using sbtest7_pkey on sbtest7  (cost=0.43..408.29 rows=102 width=125)
	  Index Cond: ((id >= 6062190) AND (id <= 6062290))

table 8 : explain SELECT id, c FROM sbtest8 WHERE id BETWEEN 6062190 AND 6062290
	Index Scan using sbtest8_pkey on sbtest8  (cost=0.43..426.49 rows=107 width=125)
	  Index Cond: ((id >= 6062190) AND (id <= 6062290))

explain: for range-notcovered :: explain SELECT id, c FROM sbtest%d WHERE id BETWEEN 6757673 AND 6757773
for range-notcovered
table 1 : explain SELECT id, c FROM sbtest1 WHERE id BETWEEN 3865004 AND 3865104
	Index Scan using sbtest1_pkey on sbtest1  (cost=0.43..431.93 rows=108 width=125)
	  Index Cond: ((id >= 3865004) AND (id <= 3865104))

table 2 : explain SELECT id, c FROM sbtest2 WHERE id BETWEEN 3865004 AND 3865104
	Index Scan using sbtest2_pkey on sbtest2  (cost=0.43..411.96 rows=103 width=125)
	  Index Cond: ((id >= 3865004) AND (id <= 3865104))

table 3 : explain SELECT id, c FROM sbtest3 WHERE id BETWEEN 3865004 AND 3865104
	Index Scan using sbtest3_pkey on sbtest3  (cost=0.43..384.44 rows=96 width=125)
	  Index Cond: ((id >= 3865004) AND (id <= 3865104))

table 4 : explain SELECT id, c FROM sbtest4 WHERE id BETWEEN 3865004 AND 3865104
	Index Scan using sbtest4_pkey on sbtest4  (cost=0.43..423.57 rows=106 width=125)
	  Index Cond: ((id >= 3865004) AND (id <= 3865104))

table 5 : explain SELECT id, c FROM sbtest5 WHERE id BETWEEN 3865004 AND 3865104
	Index Scan using sbtest5_pkey on sbtest5  (cost=0.43..382.64 rows=96 width=125)
	  Index Cond: ((id >= 3865004) AND (id <= 3865104))

table 6 : explain SELECT id, c FROM sbtest6 WHERE id BETWEEN 3865004 AND 3865104
	Index Scan using sbtest6_pkey on sbtest6  (cost=0.43..407.44 rows=102 width=125)
	  Index Cond: ((id >= 3865004) AND (id <= 3865104))

table 7 : explain SELECT id, c FROM sbtest7 WHERE id BETWEEN 3865004 AND 3865104
	Index Scan using sbtest7_pkey on sbtest7  (cost=0.43..364.74 rows=91 width=125)
	  Index Cond: ((id >= 3865004) AND (id <= 3865104))

table 8 : explain SELECT id, c FROM sbtest8 WHERE id BETWEEN 3865004 AND 3865104
	Index Scan using sbtest8_pkey on sbtest8  (cost=0.43..434.38 rows=109 width=125)
	  Index Cond: ((id >= 3865004) AND (id <= 3865104))

explain: for range-notcovered :: explain SELECT id, c FROM sbtest%d WHERE id BETWEEN 6062190 AND 6062290
for range-notcovered
table 1 : explain SELECT id, c FROM sbtest1 WHERE id BETWEEN 3905089 AND 3905189
	Index Scan using sbtest1_pkey on sbtest1  (cost=0.43..431.93 rows=108 width=125)
	  Index Cond: ((id >= 3905089) AND (id <= 3905189))

table 2 : explain SELECT id, c FROM sbtest2 WHERE id BETWEEN 3905089 AND 3905189
	Index Scan using sbtest2_pkey on sbtest2  (cost=0.43..411.96 rows=103 width=125)
	  Index Cond: ((id >= 3905089) AND (id <= 3905189))

table 3 : explain SELECT id, c FROM sbtest3 WHERE id BETWEEN 3905089 AND 3905189
	Index Scan using sbtest3_pkey on sbtest3  (cost=0.43..416.12 rows=104 width=125)
	  Index Cond: ((id >= 3905089) AND (id <= 3905189))

table 4 : explain SELECT id, c FROM sbtest4 WHERE id BETWEEN 3905089 AND 3905189
	Index Scan using sbtest4_pkey on sbtest4  (cost=0.43..463.10 rows=116 width=125)
	  Index Cond: ((id >= 3905089) AND (id <= 3905189))

table 5 : explain SELECT id, c FROM sbtest5 WHERE id BETWEEN 3905089 AND 3905189
	Index Scan using sbtest5_pkey on sbtest5  (cost=0.43..382.64 rows=96 width=125)
	  Index Cond: ((id >= 3905089) AND (id <= 3905189))

table 6 : explain SELECT id, c FROM sbtest6 WHERE id BETWEEN 3905089 AND 3905189
	Index Scan using sbtest6_pkey on sbtest6  (cost=0.43..407.44 rows=102 width=125)
	  Index Cond: ((id >= 3905089) AND (id <= 3905189))

table 7 : explain SELECT id, c FROM sbtest7 WHERE id BETWEEN 3905089 AND 3905189
	Index Scan using sbtest7_pkey on sbtest7  (cost=0.43..364.74 rows=91 width=125)
	  Index Cond: ((id >= 3905089) AND (id <= 3905189))

table 8 : explain SELECT id, c FROM sbtest8 WHERE id BETWEEN 3905089 AND 3905189
	Index Scan using sbtest8_pkey on sbtest8  (cost=0.43..375.21 rows=94 width=125)
	  Index Cond: ((id >= 3905089) AND (id <= 3905189))

explain: for range-notcovered :: explain SELECT id, c FROM sbtest%d WHERE id BETWEEN 3865004 AND 3865104
explain: for range-notcovered :: explain SELECT id, c FROM sbtest%d WHERE id BETWEEN 3905089 AND 3905189
explain: for range-notcovered :: explain SELECT id, c FROM sbtest%d WHERE id BETWEEN 5916822 AND 5916922
explain: for range-notcovered :: explain SELECT id, c FROM sbtest%d WHERE id BETWEEN 6953055 AND 6953155
for range-notcovered
table 1 : explain SELECT id, c FROM sbtest1 WHERE id BETWEEN 3865004 AND 3865104
	Index Scan using sbtest1_pkey on sbtest1  (cost=0.43..431.93 rows=108 width=125)
	  Index Cond: ((id >= 3865004) AND (id <= 3865104))

table 2 : explain SELECT id, c FROM sbtest2 WHERE id BETWEEN 3865004 AND 3865104
	Index Scan using sbtest2_pkey on sbtest2  (cost=0.43..411.96 rows=103 width=125)
	  Index Cond: ((id >= 3865004) AND (id <= 3865104))

table 3 : explain SELECT id, c FROM sbtest3 WHERE id BETWEEN 3865004 AND 3865104
	Index Scan using sbtest3_pkey on sbtest3  (cost=0.43..384.44 rows=96 width=125)
	  Index Cond: ((id >= 3865004) AND (id <= 3865104))

table 4 : explain SELECT id, c FROM sbtest4 WHERE id BETWEEN 3865004 AND 3865104
	Index Scan using sbtest4_pkey on sbtest4  (cost=0.43..423.57 rows=106 width=125)
	  Index Cond: ((id >= 3865004) AND (id <= 3865104))

table 5 : explain SELECT id, c FROM sbtest5 WHERE id BETWEEN 3865004 AND 3865104
	Index Scan using sbtest5_pkey on sbtest5  (cost=0.43..382.64 rows=96 width=125)
	  Index Cond: ((id >= 3865004) AND (id <= 3865104))

table 6 : explain SELECT id, c FROM sbtest6 WHERE id BETWEEN 3865004 AND 3865104
	Index Scan using sbtest6_pkey on sbtest6  (cost=0.43..407.44 rows=102 width=125)
	  Index Cond: ((id >= 3865004) AND (id <= 3865104))

table 7 : explain SELECT id, c FROM sbtest7 WHERE id BETWEEN 3865004 AND 3865104
	Index Scan using sbtest7_pkey on sbtest7  (cost=0.43..364.74 rows=91 width=125)
	  Index Cond: ((id >= 3865004) AND (id <= 3865104))

table 8 : explain SELECT id, c FROM sbtest8 WHERE id BETWEEN 3865004 AND 3865104
	Index Scan using sbtest8_pkey on sbtest8  (cost=0.43..434.38 rows=109 width=125)
	  Index Cond: ((id >= 3865004) AND (id <= 3865104))

for range-notcovered
table 1 : explain SELECT id, c FROM sbtest1 WHERE id BETWEEN 6062190 AND 6062290
	Index Scan using sbtest1_pkey on sbtest1  (cost=0.43..427.97 rows=107 width=125)
	  Index Cond: ((id >= 6062190) AND (id <= 6062290))

table 2 : explain SELECT id, c FROM sbtest2 WHERE id BETWEEN 6062190 AND 6062290
	Index Scan using sbtest2_pkey on sbtest2  (cost=0.43..392.17 rows=98 width=125)
	  Index Cond: ((id >= 6062190) AND (id <= 6062290))

table 3 : explain SELECT id, c FROM sbtest3 WHERE id BETWEEN 6062190 AND 6062290
	Index Scan using sbtest3_pkey on sbtest3  (cost=0.43..408.20 rows=102 width=125)
	  Index Cond: ((id >= 6062190) AND (id <= 6062290))

table 4 : explain SELECT id, c FROM sbtest4 WHERE id BETWEEN 6062190 AND 6062290
	Index Scan using sbtest4_pkey on sbtest4  (cost=0.43..415.66 rows=104 width=125)
	  Index Cond: ((id >= 6062190) AND (id <= 6062290))

table 5 : explain SELECT id, c FROM sbtest5 WHERE id BETWEEN 6062190 AND 6062290
	Index Scan using sbtest5_pkey on sbtest5  (cost=0.43..386.58 rows=97 width=125)
	  Index Cond: ((id >= 6062190) AND (id <= 6062290))

table 6 : explain SELECT id, c FROM sbtest6 WHERE id BETWEEN 6062190 AND 6062290
	Index Scan using sbtest6_pkey on sbtest6  (cost=0.43..431.14 rows=108 width=125)
	  Index Cond: ((id >= 6062190) AND (id <= 6062290))

table 7 : explain SELECT id, c FROM sbtest7 WHERE id BETWEEN 6062190 AND 6062290
	Index Scan using sbtest7_pkey on sbtest7  (cost=0.43..408.29 rows=102 width=125)
	  Index Cond: ((id >= 6062190) AND (id <= 6062290))

table 8 : explain SELECT id, c FROM sbtest8 WHERE id BETWEEN 6062190 AND 6062290
	Index Scan using sbtest8_pkey on sbtest8  (cost=0.43..426.49 rows=107 width=125)
	  Index Cond: ((id >= 6062190) AND (id <= 6062290))

explain: for range-notcovered :: explain SELECT id, c FROM sbtest%d WHERE id BETWEEN 3865004 AND 3865104
for range-notcovered
table 1 : explain SELECT id, c FROM sbtest1 WHERE id BETWEEN 5916822 AND 5916922
	Index Scan using sbtest1_pkey on sbtest1  (cost=0.43..431.93 rows=108 width=125)
	  Index Cond: ((id >= 5916822) AND (id <= 5916922))

table 2 : explain SELECT id, c FROM sbtest2 WHERE id BETWEEN 5916822 AND 5916922
	Index Scan using sbtest2_pkey on sbtest2  (cost=0.43..396.13 rows=99 width=125)
	  Index Cond: ((id >= 5916822) AND (id <= 5916922))

table 3 : explain SELECT id, c FROM sbtest3 WHERE id BETWEEN 5916822 AND 5916922
	Index Scan using sbtest3_pkey on sbtest3  (cost=0.43..400.27 rows=100 width=125)
	  Index Cond: ((id >= 5916822) AND (id <= 5916922))

table 4 : explain SELECT id, c FROM sbtest4 WHERE id BETWEEN 5916822 AND 5916922
	Index Scan using sbtest4_pkey on sbtest4  (cost=0.43..419.61 rows=105 width=125)
	  Index Cond: ((id >= 5916822) AND (id <= 5916922))

table 5 : explain SELECT id, c FROM sbtest5 WHERE id BETWEEN 5916822 AND 5916922
	Index Scan using sbtest5_pkey on sbtest5  (cost=0.43..441.73 rows=111 width=125)
	  Index Cond: ((id >= 5916822) AND (id <= 5916922))

table 6 : explain SELECT id, c FROM sbtest6 WHERE id BETWEEN 5916822 AND 5916922
	Index Scan using sbtest6_pkey on sbtest6  (cost=0.43..403.49 rows=101 width=125)
	  Index Cond: ((id >= 5916822) AND (id <= 5916922))

table 7 : explain SELECT id, c FROM sbtest7 WHERE id BETWEEN 5916822 AND 5916922
	Index Scan using sbtest7_pkey on sbtest7  (cost=0.43..432.04 rows=108 width=125)
	  Index Cond: ((id >= 5916822) AND (id <= 5916922))

table 8 : explain SELECT id, c FROM sbtest8 WHERE id BETWEEN 5916822 AND 5916922
	Index Scan using sbtest8_pkey on sbtest8  (cost=0.43..387.04 rows=97 width=125)
	  Index Cond: ((id >= 5916822) AND (id <= 5916922))

explain: for range-notcovered :: explain SELECT id, c FROM sbtest%d WHERE id BETWEEN 6062190 AND 6062290
for range-notcovered
table 1 : explain SELECT id, c FROM sbtest1 WHERE id BETWEEN 3905089 AND 3905189
	Index Scan using sbtest1_pkey on sbtest1  (cost=0.43..431.93 rows=108 width=125)
	  Index Cond: ((id >= 3905089) AND (id <= 3905189))

table 2 : explain SELECT id, c FROM sbtest2 WHERE id BETWEEN 3905089 AND 3905189
	Index Scan using sbtest2_pkey on sbtest2  (cost=0.43..411.96 rows=103 width=125)
	  Index Cond: ((id >= 3905089) AND (id <= 3905189))

table 3 : explain SELECT id, c FROM sbtest3 WHERE id BETWEEN 3905089 AND 3905189
	Index Scan using sbtest3_pkey on sbtest3  (cost=0.43..416.12 rows=104 width=125)
	  Index Cond: ((id >= 3905089) AND (id <= 3905189))

table 4 : explain SELECT id, c FROM sbtest4 WHERE id BETWEEN 3905089 AND 3905189
	Index Scan using sbtest4_pkey on sbtest4  (cost=0.43..463.10 rows=116 width=125)
	  Index Cond: ((id >= 3905089) AND (id <= 3905189))

table 5 : explain SELECT id, c FROM sbtest5 WHERE id BETWEEN 3905089 AND 3905189
	Index Scan using sbtest5_pkey on sbtest5  (cost=0.43..382.64 rows=96 width=125)
	  Index Cond: ((id >= 3905089) AND (id <= 3905189))

table 6 : explain SELECT id, c FROM sbtest6 WHERE id BETWEEN 3905089 AND 3905189
	Index Scan using sbtest6_pkey on sbtest6  (cost=0.43..407.44 rows=102 width=125)
	  Index Cond: ((id >= 3905089) AND (id <= 3905189))

table 7 : explain SELECT id, c FROM sbtest7 WHERE id BETWEEN 3905089 AND 3905189
	Index Scan using sbtest7_pkey on sbtest7  (cost=0.43..364.74 rows=91 width=125)
	  Index Cond: ((id >= 3905089) AND (id <= 3905189))

table 8 : explain SELECT id, c FROM sbtest8 WHERE id BETWEEN 3905089 AND 3905189
	Index Scan using sbtest8_pkey on sbtest8  (cost=0.43..375.21 rows=94 width=125)
	  Index Cond: ((id >= 3905089) AND (id <= 3905189))

explain: for range-notcovered :: explain SELECT id, c FROM sbtest%d WHERE id BETWEEN 5916822 AND 5916922
explain: for range-notcovered :: explain SELECT id, c FROM sbtest%d WHERE id BETWEEN 3905089 AND 3905189
for range-notcovered
table 1 : explain SELECT id, c FROM sbtest1 WHERE id BETWEEN 5916822 AND 5916922
	Index Scan using sbtest1_pkey on sbtest1  (cost=0.43..431.93 rows=108 width=125)
	  Index Cond: ((id >= 5916822) AND (id <= 5916922))

table 2 : explain SELECT id, c FROM sbtest2 WHERE id BETWEEN 5916822 AND 5916922
	Index Scan using sbtest2_pkey on sbtest2  (cost=0.43..396.13 rows=99 width=125)
	  Index Cond: ((id >= 5916822) AND (id <= 5916922))

table 3 : explain SELECT id, c FROM sbtest3 WHERE id BETWEEN 5916822 AND 5916922
	Index Scan using sbtest3_pkey on sbtest3  (cost=0.43..400.27 rows=100 width=125)
	  Index Cond: ((id >= 5916822) AND (id <= 5916922))

table 4 : explain SELECT id, c FROM sbtest4 WHERE id BETWEEN 5916822 AND 5916922
	Index Scan using sbtest4_pkey on sbtest4  (cost=0.43..419.61 rows=105 width=125)
	  Index Cond: ((id >= 5916822) AND (id <= 5916922))

table 5 : explain SELECT id, c FROM sbtest5 WHERE id BETWEEN 5916822 AND 5916922
	Index Scan using sbtest5_pkey on sbtest5  (cost=0.43..441.73 rows=111 width=125)
	  Index Cond: ((id >= 5916822) AND (id <= 5916922))

table 6 : explain SELECT id, c FROM sbtest6 WHERE id BETWEEN 5916822 AND 5916922
	Index Scan using sbtest6_pkey on sbtest6  (cost=0.43..403.49 rows=101 width=125)
	  Index Cond: ((id >= 5916822) AND (id <= 5916922))

table 7 : explain SELECT id, c FROM sbtest7 WHERE id BETWEEN 5916822 AND 5916922
	Index Scan using sbtest7_pkey on sbtest7  (cost=0.43..432.04 rows=108 width=125)
	  Index Cond: ((id >= 5916822) AND (id <= 5916922))

table 8 : explain SELECT id, c FROM sbtest8 WHERE id BETWEEN 5916822 AND 5916922
	Index Scan using sbtest8_pkey on sbtest8  (cost=0.43..387.04 rows=97 width=125)
	  Index Cond: ((id >= 5916822) AND (id <= 5916922))

for range-notcovered
table 1 : explain SELECT id, c FROM sbtest1 WHERE id BETWEEN 6062190 AND 6062290
	Index Scan using sbtest1_pkey on sbtest1  (cost=0.43..427.97 rows=107 width=125)
	  Index Cond: ((id >= 6062190) AND (id <= 6062290))

table 2 : explain SELECT id, c FROM sbtest2 WHERE id BETWEEN 6062190 AND 6062290
	Index Scan using sbtest2_pkey on sbtest2  (cost=0.43..392.17 rows=98 width=125)
	  Index Cond: ((id >= 6062190) AND (id <= 6062290))

table 3 : explain SELECT id, c FROM sbtest3 WHERE id BETWEEN 6062190 AND 6062290
	Index Scan using sbtest3_pkey on sbtest3  (cost=0.43..408.20 rows=102 width=125)
	  Index Cond: ((id >= 6062190) AND (id <= 6062290))

table 4 : explain SELECT id, c FROM sbtest4 WHERE id BETWEEN 6062190 AND 6062290
	Index Scan using sbtest4_pkey on sbtest4  (cost=0.43..415.66 rows=104 width=125)
	  Index Cond: ((id >= 6062190) AND (id <= 6062290))

table 5 : explain SELECT id, c FROM sbtest5 WHERE id BETWEEN 6062190 AND 6062290
	Index Scan using sbtest5_pkey on sbtest5  (cost=0.43..386.58 rows=97 width=125)
	  Index Cond: ((id >= 6062190) AND (id <= 6062290))

table 6 : explain SELECT id, c FROM sbtest6 WHERE id BETWEEN 6062190 AND 6062290
	Index Scan using sbtest6_pkey on sbtest6  (cost=0.43..431.14 rows=108 width=125)
	  Index Cond: ((id >= 6062190) AND (id <= 6062290))

table 7 : explain SELECT id, c FROM sbtest7 WHERE id BETWEEN 6062190 AND 6062290
	Index Scan using sbtest7_pkey on sbtest7  (cost=0.43..408.29 rows=102 width=125)
	  Index Cond: ((id >= 6062190) AND (id <= 6062290))

table 8 : explain SELECT id, c FROM sbtest8 WHERE id BETWEEN 6062190 AND 6062290
	Index Scan using sbtest8_pkey on sbtest8  (cost=0.43..426.49 rows=107 width=125)
	  Index Cond: ((id >= 6062190) AND (id <= 6062290))

for range-notcovered
table 1 : explain SELECT id, c FROM sbtest1 WHERE id BETWEEN 3905089 AND 3905189
	Index Scan using sbtest1_pkey on sbtest1  (cost=0.43..431.93 rows=108 width=125)
	  Index Cond: ((id >= 3905089) AND (id <= 3905189))

table 2 : explain SELECT id, c FROM sbtest2 WHERE id BETWEEN 3905089 AND 3905189
	Index Scan using sbtest2_pkey on sbtest2  (cost=0.43..411.96 rows=103 width=125)
	  Index Cond: ((id >= 3905089) AND (id <= 3905189))

table 3 : explain SELECT id, c FROM sbtest3 WHERE id BETWEEN 3905089 AND 3905189
	Index Scan using sbtest3_pkey on sbtest3  (cost=0.43..416.12 rows=104 width=125)
	  Index Cond: ((id >= 3905089) AND (id <= 3905189))

table 4 : explain SELECT id, c FROM sbtest4 WHERE id BETWEEN 3905089 AND 3905189
	Index Scan using sbtest4_pkey on sbtest4  (cost=0.43..463.10 rows=116 width=125)
	  Index Cond: ((id >= 3905089) AND (id <= 3905189))

table 5 : explain SELECT id, c FROM sbtest5 WHERE id BETWEEN 3905089 AND 3905189
	Index Scan using sbtest5_pkey on sbtest5  (cost=0.43..382.64 rows=96 width=125)
	  Index Cond: ((id >= 3905089) AND (id <= 3905189))

table 6 : explain SELECT id, c FROM sbtest6 WHERE id BETWEEN 3905089 AND 3905189
	Index Scan using sbtest6_pkey on sbtest6  (cost=0.43..407.44 rows=102 width=125)
	  Index Cond: ((id >= 3905089) AND (id <= 3905189))

table 7 : explain SELECT id, c FROM sbtest7 WHERE id BETWEEN 3905089 AND 3905189
	Index Scan using sbtest7_pkey on sbtest7  (cost=0.43..364.74 rows=91 width=125)
	  Index Cond: ((id >= 3905089) AND (id <= 3905189))

table 8 : explain SELECT id, c FROM sbtest8 WHERE id BETWEEN 3905089 AND 3905189
	Index Scan using sbtest8_pkey on sbtest8  (cost=0.43..375.21 rows=94 width=125)
	  Index Cond: ((id >= 3905089) AND (id <= 3905189))

explain: for range-notcovered :: explain SELECT id, c FROM sbtest%d WHERE id BETWEEN 5916822 AND 5916922
for range-notcovered
table 1 : explain SELECT id, c FROM sbtest1 WHERE id BETWEEN 3865004 AND 3865104
	Index Scan using sbtest1_pkey on sbtest1  (cost=0.43..431.93 rows=108 width=125)
	  Index Cond: ((id >= 3865004) AND (id <= 3865104))

table 2 : explain SELECT id, c FROM sbtest2 WHERE id BETWEEN 3865004 AND 3865104
	Index Scan using sbtest2_pkey on sbtest2  (cost=0.43..411.96 rows=103 width=125)
	  Index Cond: ((id >= 3865004) AND (id <= 3865104))

table 3 : explain SELECT id, c FROM sbtest3 WHERE id BETWEEN 3865004 AND 3865104
	Index Scan using sbtest3_pkey on sbtest3  (cost=0.43..384.44 rows=96 width=125)
	  Index Cond: ((id >= 3865004) AND (id <= 3865104))

table 4 : explain SELECT id, c FROM sbtest4 WHERE id BETWEEN 3865004 AND 3865104
	Index Scan using sbtest4_pkey on sbtest4  (cost=0.43..423.57 rows=106 width=125)
	  Index Cond: ((id >= 3865004) AND (id <= 3865104))

table 5 : explain SELECT id, c FROM sbtest5 WHERE id BETWEEN 3865004 AND 3865104
	Index Scan using sbtest5_pkey on sbtest5  (cost=0.43..382.64 rows=96 width=125)
	  Index Cond: ((id >= 3865004) AND (id <= 3865104))

table 6 : explain SELECT id, c FROM sbtest6 WHERE id BETWEEN 3865004 AND 3865104
	Index Scan using sbtest6_pkey on sbtest6  (cost=0.43..407.44 rows=102 width=125)
	  Index Cond: ((id >= 3865004) AND (id <= 3865104))

table 7 : explain SELECT id, c FROM sbtest7 WHERE id BETWEEN 3865004 AND 3865104
	Index Scan using sbtest7_pkey on sbtest7  (cost=0.43..364.74 rows=91 width=125)
	  Index Cond: ((id >= 3865004) AND (id <= 3865104))

table 8 : explain SELECT id, c FROM sbtest8 WHERE id BETWEEN 3865004 AND 3865104
	Index Scan using sbtest8_pkey on sbtest8  (cost=0.43..434.38 rows=109 width=125)
	  Index Cond: ((id >= 3865004) AND (id <= 3865104))
explain: for range-notcovered :: explain SELECT id, c FROM sbtest%d WHERE id BETWEEN 3905089 AND 3905189

explain: for range-notcovered :: explain SELECT id, c FROM sbtest%d WHERE id BETWEEN 6062190 AND 6062290
explain: for range-notcovered :: explain SELECT id, c FROM sbtest%d WHERE id BETWEEN 3865004 AND 3865104
for range-notcovered
table 1 : explain SELECT id, c FROM sbtest1 WHERE id BETWEEN 5005741 AND 5005841
	Index Scan using sbtest1_pkey on sbtest1  (cost=0.43..435.88 rows=109 width=125)
	  Index Cond: ((id >= 5005741) AND (id <= 5005841))

table 2 : explain SELECT id, c FROM sbtest2 WHERE id BETWEEN 5005741 AND 5005841
	Index Scan using sbtest2_pkey on sbtest2  (cost=0.43..404.05 rows=101 width=125)
	  Index Cond: ((id >= 5005741) AND (id <= 5005841))

table 3 : explain SELECT id, c FROM sbtest3 WHERE id BETWEEN 5005741 AND 5005841
	Index Scan using sbtest3_pkey on sbtest3  (cost=0.43..412.16 rows=103 width=125)
	  Index Cond: ((id >= 5005741) AND (id <= 5005841))

table 4 : explain SELECT id, c FROM sbtest4 WHERE id BETWEEN 5005741 AND 5005841
	Index Scan using sbtest4_pkey on sbtest4  (cost=0.43..380.07 rows=95 width=125)
	  Index Cond: ((id >= 5005741) AND (id <= 5005841))

table 5 : explain SELECT id, c FROM sbtest5 WHERE id BETWEEN 5005741 AND 5005841
	Index Scan using sbtest5_pkey on sbtest5  (cost=0.43..425.98 rows=107 width=125)
	  Index Cond: ((id >= 5005741) AND (id <= 5005841))

table 6 : explain SELECT id, c FROM sbtest6 WHERE id BETWEEN 5005741 AND 5005841
	Index Scan using sbtest6_pkey on sbtest6  (cost=0.43..435.09 rows=109 width=125)
	  Index Cond: ((id >= 5005741) AND (id <= 5005841))

table 7 : explain SELECT id, c FROM sbtest7 WHERE id BETWEEN 5005741 AND 5005841
	Index Scan using sbtest7_pkey on sbtest7  (cost=0.43..392.45 rows=98 width=125)
	  Index Cond: ((id >= 5005741) AND (id <= 5005841))

table 8 : explain SELECT id, c FROM sbtest8 WHERE id BETWEEN 5005741 AND 5005841
	Index Scan using sbtest8_pkey on sbtest8  (cost=0.43..406.78 rows=102 width=125)
	  Index Cond: ((id >= 5005741) AND (id <= 5005841))

explain: for range-notcovered :: explain SELECT id, c FROM sbtest%d WHERE id BETWEEN 5005741 AND 5005841
for range-notcovered
table 1 : explain SELECT id, c FROM sbtest1 WHERE id BETWEEN 3710705 AND 3710805
	Index Scan using sbtest1_pkey on sbtest1  (cost=0.43..439.84 rows=110 width=125)
	  Index Cond: ((id >= 3710705) AND (id <= 3710805))

table 2 : explain SELECT id, c FROM sbtest2 WHERE id BETWEEN 3710705 AND 3710805
	Index Scan using sbtest2_pkey on sbtest2  (cost=0.43..400.08 rows=100 width=125)
	  Index Cond: ((id >= 3710705) AND (id <= 3710805))

table 3 : explain SELECT id, c FROM sbtest3 WHERE id BETWEEN 3710705 AND 3710805
	Index Scan using sbtest3_pkey on sbtest3  (cost=0.43..404.24 rows=101 width=125)
	  Index Cond: ((id >= 3710705) AND (id <= 3710805))

table 4 : explain SELECT id, c FROM sbtest4 WHERE id BETWEEN 3710705 AND 3710805
	Index Scan using sbtest4_pkey on sbtest4  (cost=0.43..411.71 rows=103 width=125)
	  Index Cond: ((id >= 3710705) AND (id <= 3710805))

table 5 : explain SELECT id, c FROM sbtest5 WHERE id BETWEEN 3710705 AND 3710805
	Index Scan using sbtest5_pkey on sbtest5  (cost=0.43..418.10 rows=105 width=125)
	  Index Cond: ((id >= 3710705) AND (id <= 3710805))

table 6 : explain SELECT id, c FROM sbtest6 WHERE id BETWEEN 3710705 AND 3710805
	Index Scan using sbtest6_pkey on sbtest6  (cost=0.43..411.39 rows=103 width=125)
	  Index Cond: ((id >= 3710705) AND (id <= 3710805))

table 7 : explain SELECT id, c FROM sbtest7 WHERE id BETWEEN 3710705 AND 3710805
	Index Scan using sbtest7_pkey on sbtest7  (cost=0.43..376.61 rows=94 width=125)
	  Index Cond: ((id >= 3710705) AND (id <= 3710805))

table 8 : explain SELECT id, c FROM sbtest8 WHERE id BETWEEN 3710705 AND 3710805
	Index Scan using sbtest8_pkey on sbtest8  (cost=0.43..398.89 rows=100 width=125)
	  Index Cond: ((id >= 3710705) AND (id <= 3710805))

for range-notcovered
table 1 : explain SELECT id, c FROM sbtest1 WHERE id BETWEEN 6775725 AND 6775825
	Index Scan using sbtest1_pkey on sbtest1  (cost=0.43..360.68 rows=90 width=125)
	  Index Cond: ((id >= 6775725) AND (id <= 6775825))

table 2 : explain SELECT id, c FROM sbtest2 WHERE id BETWEEN 6775725 AND 6775825
	Index Scan using sbtest2_pkey on sbtest2  (cost=0.43..423.83 rows=106 width=125)
	  Index Cond: ((id >= 6775725) AND (id <= 6775825))

table 3 : explain SELECT id, c FROM sbtest3 WHERE id BETWEEN 6775725 AND 6775825
	Index Scan using sbtest3_pkey on sbtest3  (cost=0.43..336.95 rows=84 width=125)
	  Index Cond: ((id >= 6775725) AND (id <= 6775825))

table 4 : explain SELECT id, c FROM sbtest4 WHERE id BETWEEN 6775725 AND 6775825
	Index Scan using sbtest4_pkey on sbtest4  (cost=0.43..403.80 rows=101 width=125)
	  Index Cond: ((id >= 6775725) AND (id <= 6775825))

table 5 : explain SELECT id, c FROM sbtest5 WHERE id BETWEEN 6775725 AND 6775825
	Index Scan using sbtest5_pkey on sbtest5  (cost=0.43..382.64 rows=96 width=125)
	  Index Cond: ((id >= 6775725) AND (id <= 6775825))

table 6 : explain SELECT id, c FROM sbtest6 WHERE id BETWEEN 6775725 AND 6775825
	Index Scan using sbtest6_pkey on sbtest6  (cost=0.43..403.49 rows=101 width=125)
	  Index Cond: ((id >= 6775725) AND (id <= 6775825))

table 7 : explain SELECT id, c FROM sbtest7 WHERE id BETWEEN 6775725 AND 6775825
	Index Scan using sbtest7_pkey on sbtest7  (cost=0.43..400.38 rows=100 width=125)
	  Index Cond: ((id >= 6775725) AND (id <= 6775825))

table 8 : explain SELECT id, c FROM sbtest8 WHERE id BETWEEN 6775725 AND 6775825
	Index Scan using sbtest8_pkey on sbtest8  (cost=0.43..363.38 rows=91 width=125)
	  Index Cond: ((id >= 6775725) AND (id <= 6775825))

explain: for range-notcovered :: explain SELECT id, c FROM sbtest%d WHERE id BETWEEN 3710705 AND 3710805
explain: for range-notcovered :: explain SELECT id, c FROM sbtest%d WHERE id BETWEEN 6775725 AND 6775825
for range-notcovered
table 1 : explain SELECT id, c FROM sbtest1 WHERE id BETWEEN 5916822 AND 5916922
	Index Scan using sbtest1_pkey on sbtest1  (cost=0.43..431.93 rows=108 width=125)
	  Index Cond: ((id >= 5916822) AND (id <= 5916922))

table 2 : explain SELECT id, c FROM sbtest2 WHERE id BETWEEN 5916822 AND 5916922
	Index Scan using sbtest2_pkey on sbtest2  (cost=0.43..396.13 rows=99 width=125)
	  Index Cond: ((id >= 5916822) AND (id <= 5916922))

table 3 : explain SELECT id, c FROM sbtest3 WHERE id BETWEEN 5916822 AND 5916922
	Index Scan using sbtest3_pkey on sbtest3  (cost=0.43..400.27 rows=100 width=125)
	  Index Cond: ((id >= 5916822) AND (id <= 5916922))

table 4 : explain SELECT id, c FROM sbtest4 WHERE id BETWEEN 5916822 AND 5916922
	Index Scan using sbtest4_pkey on sbtest4  (cost=0.43..419.61 rows=105 width=125)
	  Index Cond: ((id >= 5916822) AND (id <= 5916922))

table 5 : explain SELECT id, c FROM sbtest5 WHERE id BETWEEN 5916822 AND 5916922
	Index Scan using sbtest5_pkey on sbtest5  (cost=0.43..441.73 rows=111 width=125)
	  Index Cond: ((id >= 5916822) AND (id <= 5916922))

table 6 : explain SELECT id, c FROM sbtest6 WHERE id BETWEEN 5916822 AND 5916922
	Index Scan using sbtest6_pkey on sbtest6  (cost=0.43..403.49 rows=101 width=125)
	  Index Cond: ((id >= 5916822) AND (id <= 5916922))

table 7 : explain SELECT id, c FROM sbtest7 WHERE id BETWEEN 5916822 AND 5916922
	Index Scan using sbtest7_pkey on sbtest7  (cost=0.43..432.04 rows=108 width=125)
	  Index Cond: ((id >= 5916822) AND (id <= 5916922))

table 8 : explain SELECT id, c FROM sbtest8 WHERE id BETWEEN 5916822 AND 5916922
	Index Scan using sbtest8_pkey on sbtest8  (cost=0.43..387.04 rows=97 width=125)
	  Index Cond: ((id >= 5916822) AND (id <= 5916922))

explain: for range-notcovered :: explain SELECT id, c FROM sbtest%d WHERE id BETWEEN 5916822 AND 5916922
for range-notcovered
table 1 : explain SELECT id, c FROM sbtest1 WHERE id BETWEEN 3865004 AND 3865104
	Index Scan using sbtest1_pkey on sbtest1  (cost=0.43..431.93 rows=108 width=125)
	  Index Cond: ((id >= 3865004) AND (id <= 3865104))

table 2 : explain SELECT id, c FROM sbtest2 WHERE id BETWEEN 3865004 AND 3865104
	Index Scan using sbtest2_pkey on sbtest2  (cost=0.43..411.96 rows=103 width=125)
	  Index Cond: ((id >= 3865004) AND (id <= 3865104))

table 3 : explain SELECT id, c FROM sbtest3 WHERE id BETWEEN 3865004 AND 3865104
	Index Scan using sbtest3_pkey on sbtest3  (cost=0.43..384.44 rows=96 width=125)
	  Index Cond: ((id >= 3865004) AND (id <= 3865104))

table 4 : explain SELECT id, c FROM sbtest4 WHERE id BETWEEN 3865004 AND 3865104
	Index Scan using sbtest4_pkey on sbtest4  (cost=0.43..423.57 rows=106 width=125)
	  Index Cond: ((id >= 3865004) AND (id <= 3865104))

table 5 : explain SELECT id, c FROM sbtest5 WHERE id BETWEEN 3865004 AND 3865104
	Index Scan using sbtest5_pkey on sbtest5  (cost=0.43..382.64 rows=96 width=125)
	  Index Cond: ((id >= 3865004) AND (id <= 3865104))

table 6 : explain SELECT id, c FROM sbtest6 WHERE id BETWEEN 3865004 AND 3865104
	Index Scan using sbtest6_pkey on sbtest6  (cost=0.43..407.44 rows=102 width=125)
	  Index Cond: ((id >= 3865004) AND (id <= 3865104))

table 7 : explain SELECT id, c FROM sbtest7 WHERE id BETWEEN 3865004 AND 3865104
	Index Scan using sbtest7_pkey on sbtest7  (cost=0.43..364.74 rows=91 width=125)
	  Index Cond: ((id >= 3865004) AND (id <= 3865104))

table 8 : explain SELECT id, c FROM sbtest8 WHERE id BETWEEN 3865004 AND 3865104
	Index Scan using sbtest8_pkey on sbtest8  (cost=0.43..434.38 rows=109 width=125)
	  Index Cond: ((id >= 3865004) AND (id <= 3865104))

explain: for range-notcovered :: explain SELECT id, c FROM sbtest%d WHERE id BETWEEN 3865004 AND 3865104
for range-notcovered
table 1 : explain SELECT id, c FROM sbtest1 WHERE id BETWEEN 5005741 AND 5005841
	Index Scan using sbtest1_pkey on sbtest1  (cost=0.43..435.88 rows=109 width=125)
	  Index Cond: ((id >= 5005741) AND (id <= 5005841))

table 2 : explain SELECT id, c FROM sbtest2 WHERE id BETWEEN 5005741 AND 5005841
	Index Scan using sbtest2_pkey on sbtest2  (cost=0.43..404.05 rows=101 width=125)
	  Index Cond: ((id >= 5005741) AND (id <= 5005841))

table 3 : explain SELECT id, c FROM sbtest3 WHERE id BETWEEN 5005741 AND 5005841
	Index Scan using sbtest3_pkey on sbtest3  (cost=0.43..412.16 rows=103 width=125)
	  Index Cond: ((id >= 5005741) AND (id <= 5005841))

table 4 : explain SELECT id, c FROM sbtest4 WHERE id BETWEEN 5005741 AND 5005841
	Index Scan using sbtest4_pkey on sbtest4  (cost=0.43..380.07 rows=95 width=125)
	  Index Cond: ((id >= 5005741) AND (id <= 5005841))

table 5 : explain SELECT id, c FROM sbtest5 WHERE id BETWEEN 5005741 AND 5005841
	Index Scan using sbtest5_pkey on sbtest5  (cost=0.43..425.98 rows=107 width=125)
	  Index Cond: ((id >= 5005741) AND (id <= 5005841))

table 6 : explain SELECT id, c FROM sbtest6 WHERE id BETWEEN 5005741 AND 5005841
	Index Scan using sbtest6_pkey on sbtest6  (cost=0.43..435.09 rows=109 width=125)
	  Index Cond: ((id >= 5005741) AND (id <= 5005841))

table 7 : explain SELECT id, c FROM sbtest7 WHERE id BETWEEN 5005741 AND 5005841
	Index Scan using sbtest7_pkey on sbtest7  (cost=0.43..392.45 rows=98 width=125)
	  Index Cond: ((id >= 5005741) AND (id <= 5005841))

table 8 : explain SELECT id, c FROM sbtest8 WHERE id BETWEEN 5005741 AND 5005841
	Index Scan using sbtest8_pkey on sbtest8  (cost=0.43..406.78 rows=102 width=125)
	  Index Cond: ((id >= 5005741) AND (id <= 5005841))

explain: for range-notcovered :: explain SELECT id, c FROM sbtest%d WHERE id BETWEEN 5005741 AND 5005841
for range-notcovered
table 1 : explain SELECT id, c FROM sbtest1 WHERE id BETWEEN 3710705 AND 3710805
	Index Scan using sbtest1_pkey on sbtest1  (cost=0.43..439.84 rows=110 width=125)
	  Index Cond: ((id >= 3710705) AND (id <= 3710805))

table 2 : explain SELECT id, c FROM sbtest2 WHERE id BETWEEN 3710705 AND 3710805
	Index Scan using sbtest2_pkey on sbtest2  (cost=0.43..400.08 rows=100 width=125)
	  Index Cond: ((id >= 3710705) AND (id <= 3710805))

table 3 : explain SELECT id, c FROM sbtest3 WHERE id BETWEEN 3710705 AND 3710805
	Index Scan using sbtest3_pkey on sbtest3  (cost=0.43..404.24 rows=101 width=125)
	  Index Cond: ((id >= 3710705) AND (id <= 3710805))

table 4 : explain SELECT id, c FROM sbtest4 WHERE id BETWEEN 3710705 AND 3710805
	Index Scan using sbtest4_pkey on sbtest4  (cost=0.43..411.71 rows=103 width=125)
	  Index Cond: ((id >= 3710705) AND (id <= 3710805))

table 5 : explain SELECT id, c FROM sbtest5 WHERE id BETWEEN 3710705 AND 3710805
	Index Scan using sbtest5_pkey on sbtest5  (cost=0.43..418.10 rows=105 width=125)
	  Index Cond: ((id >= 3710705) AND (id <= 3710805))

table 6 : explain SELECT id, c FROM sbtest6 WHERE id BETWEEN 3710705 AND 3710805
	Index Scan using sbtest6_pkey on sbtest6  (cost=0.43..411.39 rows=103 width=125)
	  Index Cond: ((id >= 3710705) AND (id <= 3710805))

table 7 : explain SELECT id, c FROM sbtest7 WHERE id BETWEEN 3710705 AND 3710805
	Index Scan using sbtest7_pkey on sbtest7  (cost=0.43..376.61 rows=94 width=125)
	  Index Cond: ((id >= 3710705) AND (id <= 3710805))

table 8 : explain SELECT id, c FROM sbtest8 WHERE id BETWEEN 3710705 AND 3710805
	Index Scan using sbtest8_pkey on sbtest8  (cost=0.43..398.89 rows=100 width=125)
	  Index Cond: ((id >= 3710705) AND (id <= 3710805))

explain: for range-notcovered :: explain SELECT id, c FROM sbtest%d WHERE id BETWEEN 3710705 AND 3710805
for range-notcovered
table 1 : explain SELECT id, c FROM sbtest1 WHERE id BETWEEN 6775725 AND 6775825
	Index Scan using sbtest1_pkey on sbtest1  (cost=0.43..360.68 rows=90 width=125)
	  Index Cond: ((id >= 6775725) AND (id <= 6775825))

table 2 : explain SELECT id, c FROM sbtest2 WHERE id BETWEEN 6775725 AND 6775825
	Index Scan using sbtest2_pkey on sbtest2  (cost=0.43..423.83 rows=106 width=125)
	  Index Cond: ((id >= 6775725) AND (id <= 6775825))

table 3 : explain SELECT id, c FROM sbtest3 WHERE id BETWEEN 6775725 AND 6775825
	Index Scan using sbtest3_pkey on sbtest3  (cost=0.43..336.95 rows=84 width=125)
	  Index Cond: ((id >= 6775725) AND (id <= 6775825))

table 4 : explain SELECT id, c FROM sbtest4 WHERE id BETWEEN 6775725 AND 6775825
	Index Scan using sbtest4_pkey on sbtest4  (cost=0.43..403.80 rows=101 width=125)
	  Index Cond: ((id >= 6775725) AND (id <= 6775825))

table 5 : explain SELECT id, c FROM sbtest5 WHERE id BETWEEN 6775725 AND 6775825
	Index Scan using sbtest5_pkey on sbtest5  (cost=0.43..382.64 rows=96 width=125)
	  Index Cond: ((id >= 6775725) AND (id <= 6775825))

table 6 : explain SELECT id, c FROM sbtest6 WHERE id BETWEEN 6775725 AND 6775825
	Index Scan using sbtest6_pkey on sbtest6  (cost=0.43..403.49 rows=101 width=125)
	  Index Cond: ((id >= 6775725) AND (id <= 6775825))

table 7 : explain SELECT id, c FROM sbtest7 WHERE id BETWEEN 6775725 AND 6775825
	Index Scan using sbtest7_pkey on sbtest7  (cost=0.43..400.38 rows=100 width=125)
	  Index Cond: ((id >= 6775725) AND (id <= 6775825))

table 8 : explain SELECT id, c FROM sbtest8 WHERE id BETWEEN 6775725 AND 6775825
	Index Scan using sbtest8_pkey on sbtest8  (cost=0.43..363.38 rows=91 width=125)
	  Index Cond: ((id >= 6775725) AND (id <= 6775825))

explain: for range-notcovered :: explain SELECT id, c FROM sbtest%d WHERE id BETWEEN 6775725 AND 6775825
for range-notcovered
table 1 : explain SELECT id, c FROM sbtest1 WHERE id BETWEEN 5005741 AND 5005841
	Index Scan using sbtest1_pkey on sbtest1  (cost=0.43..435.88 rows=109 width=125)
	  Index Cond: ((id >= 5005741) AND (id <= 5005841))

table 2 : explain SELECT id, c FROM sbtest2 WHERE id BETWEEN 5005741 AND 5005841
	Index Scan using sbtest2_pkey on sbtest2  (cost=0.43..404.05 rows=101 width=125)
	  Index Cond: ((id >= 5005741) AND (id <= 5005841))

table 3 : explain SELECT id, c FROM sbtest3 WHERE id BETWEEN 5005741 AND 5005841
	Index Scan using sbtest3_pkey on sbtest3  (cost=0.43..412.16 rows=103 width=125)
	  Index Cond: ((id >= 5005741) AND (id <= 5005841))

table 4 : explain SELECT id, c FROM sbtest4 WHERE id BETWEEN 5005741 AND 5005841
	Index Scan using sbtest4_pkey on sbtest4  (cost=0.43..380.07 rows=95 width=125)
	  Index Cond: ((id >= 5005741) AND (id <= 5005841))

table 5 : explain SELECT id, c FROM sbtest5 WHERE id BETWEEN 5005741 AND 5005841
	Index Scan using sbtest5_pkey on sbtest5  (cost=0.43..425.98 rows=107 width=125)
	  Index Cond: ((id >= 5005741) AND (id <= 5005841))

table 6 : explain SELECT id, c FROM sbtest6 WHERE id BETWEEN 5005741 AND 5005841
	Index Scan using sbtest6_pkey on sbtest6  (cost=0.43..435.09 rows=109 width=125)
	  Index Cond: ((id >= 5005741) AND (id <= 5005841))

table 7 : explain SELECT id, c FROM sbtest7 WHERE id BETWEEN 5005741 AND 5005841
	Index Scan using sbtest7_pkey on sbtest7  (cost=0.43..392.45 rows=98 width=125)
	  Index Cond: ((id >= 5005741) AND (id <= 5005841))

table 8 : explain SELECT id, c FROM sbtest8 WHERE id BETWEEN 5005741 AND 5005841
	Index Scan using sbtest8_pkey on sbtest8  (cost=0.43..406.78 rows=102 width=125)
	  Index Cond: ((id >= 5005741) AND (id <= 5005841))

explain: for range-notcovered :: explain SELECT id, c FROM sbtest%d WHERE id BETWEEN 5005741 AND 5005841
for range-notcovered
table 1 : explain SELECT id, c FROM sbtest1 WHERE id BETWEEN 3710705 AND 3710805
	Index Scan using sbtest1_pkey on sbtest1  (cost=0.43..439.84 rows=110 width=125)
	  Index Cond: ((id >= 3710705) AND (id <= 3710805))

table 2 : explain SELECT id, c FROM sbtest2 WHERE id BETWEEN 3710705 AND 3710805
	Index Scan using sbtest2_pkey on sbtest2  (cost=0.43..400.08 rows=100 width=125)
	  Index Cond: ((id >= 3710705) AND (id <= 3710805))

table 3 : explain SELECT id, c FROM sbtest3 WHERE id BETWEEN 3710705 AND 3710805
	Index Scan using sbtest3_pkey on sbtest3  (cost=0.43..404.24 rows=101 width=125)
	  Index Cond: ((id >= 3710705) AND (id <= 3710805))

table 4 : explain SELECT id, c FROM sbtest4 WHERE id BETWEEN 3710705 AND 3710805
	Index Scan using sbtest4_pkey on sbtest4  (cost=0.43..411.71 rows=103 width=125)
	  Index Cond: ((id >= 3710705) AND (id <= 3710805))

table 5 : explain SELECT id, c FROM sbtest5 WHERE id BETWEEN 3710705 AND 3710805
	Index Scan using sbtest5_pkey on sbtest5  (cost=0.43..418.10 rows=105 width=125)
	  Index Cond: ((id >= 3710705) AND (id <= 3710805))

table 6 : explain SELECT id, c FROM sbtest6 WHERE id BETWEEN 3710705 AND 3710805
	Index Scan using sbtest6_pkey on sbtest6  (cost=0.43..411.39 rows=103 width=125)
	  Index Cond: ((id >= 3710705) AND (id <= 3710805))

table 7 : explain SELECT id, c FROM sbtest7 WHERE id BETWEEN 3710705 AND 3710805
	Index Scan using sbtest7_pkey on sbtest7  (cost=0.43..376.61 rows=94 width=125)
	  Index Cond: ((id >= 3710705) AND (id <= 3710805))

table 8 : explain SELECT id, c FROM sbtest8 WHERE id BETWEEN 3710705 AND 3710805
	Index Scan using sbtest8_pkey on sbtest8  (cost=0.43..398.89 rows=100 width=125)
	  Index Cond: ((id >= 3710705) AND (id <= 3710805))

explain: for range-notcovered :: explain SELECT id, c FROM sbtest%d WHERE id BETWEEN 3710705 AND 3710805
for range-notcovered
table 1 : explain SELECT id, c FROM sbtest1 WHERE id BETWEEN 6775725 AND 6775825
	Index Scan using sbtest1_pkey on sbtest1  (cost=0.43..360.68 rows=90 width=125)
	  Index Cond: ((id >= 6775725) AND (id <= 6775825))

table 2 : explain SELECT id, c FROM sbtest2 WHERE id BETWEEN 6775725 AND 6775825
	Index Scan using sbtest2_pkey on sbtest2  (cost=0.43..423.83 rows=106 width=125)
	  Index Cond: ((id >= 6775725) AND (id <= 6775825))

table 3 : explain SELECT id, c FROM sbtest3 WHERE id BETWEEN 6775725 AND 6775825
	Index Scan using sbtest3_pkey on sbtest3  (cost=0.43..336.95 rows=84 width=125)
	  Index Cond: ((id >= 6775725) AND (id <= 6775825))

table 4 : explain SELECT id, c FROM sbtest4 WHERE id BETWEEN 6775725 AND 6775825
	Index Scan using sbtest4_pkey on sbtest4  (cost=0.43..403.80 rows=101 width=125)
	  Index Cond: ((id >= 6775725) AND (id <= 6775825))

table 5 : explain SELECT id, c FROM sbtest5 WHERE id BETWEEN 6775725 AND 6775825
	Index Scan using sbtest5_pkey on sbtest5  (cost=0.43..382.64 rows=96 width=125)
	  Index Cond: ((id >= 6775725) AND (id <= 6775825))

table 6 : explain SELECT id, c FROM sbtest6 WHERE id BETWEEN 6775725 AND 6775825
	Index Scan using sbtest6_pkey on sbtest6  (cost=0.43..403.49 rows=101 width=125)
	  Index Cond: ((id >= 6775725) AND (id <= 6775825))

table 7 : explain SELECT id, c FROM sbtest7 WHERE id BETWEEN 6775725 AND 6775825
	Index Scan using sbtest7_pkey on sbtest7  (cost=0.43..400.38 rows=100 width=125)
	  Index Cond: ((id >= 6775725) AND (id <= 6775825))

table 8 : explain SELECT id, c FROM sbtest8 WHERE id BETWEEN 6775725 AND 6775825
	Index Scan using sbtest8_pkey on sbtest8  (cost=0.43..363.38 rows=91 width=125)
	  Index Cond: ((id >= 6775725) AND (id <= 6775825))

explain: for range-notcovered :: explain SELECT id, c FROM sbtest%d WHERE id BETWEEN 6775725 AND 6775825
for range-notcovered
table 1 : explain SELECT id, c FROM sbtest1 WHERE id BETWEEN 5005741 AND 5005841
	Index Scan using sbtest1_pkey on sbtest1  (cost=0.43..435.88 rows=109 width=125)
	  Index Cond: ((id >= 5005741) AND (id <= 5005841))

table 2 : explain SELECT id, c FROM sbtest2 WHERE id BETWEEN 5005741 AND 5005841
	Index Scan using sbtest2_pkey on sbtest2  (cost=0.43..404.05 rows=101 width=125)
	  Index Cond: ((id >= 5005741) AND (id <= 5005841))

table 3 : explain SELECT id, c FROM sbtest3 WHERE id BETWEEN 5005741 AND 5005841
	Index Scan using sbtest3_pkey on sbtest3  (cost=0.43..412.16 rows=103 width=125)
	  Index Cond: ((id >= 5005741) AND (id <= 5005841))

table 4 : explain SELECT id, c FROM sbtest4 WHERE id BETWEEN 5005741 AND 5005841
	Index Scan using sbtest4_pkey on sbtest4  (cost=0.43..380.07 rows=95 width=125)
	  Index Cond: ((id >= 5005741) AND (id <= 5005841))

table 5 : explain SELECT id, c FROM sbtest5 WHERE id BETWEEN 5005741 AND 5005841
	Index Scan using sbtest5_pkey on sbtest5  (cost=0.43..425.98 rows=107 width=125)
	  Index Cond: ((id >= 5005741) AND (id <= 5005841))

table 6 : explain SELECT id, c FROM sbtest6 WHERE id BETWEEN 5005741 AND 5005841
	Index Scan using sbtest6_pkey on sbtest6  (cost=0.43..435.09 rows=109 width=125)
	  Index Cond: ((id >= 5005741) AND (id <= 5005841))

table 7 : explain SELECT id, c FROM sbtest7 WHERE id BETWEEN 5005741 AND 5005841
	Index Scan using sbtest7_pkey on sbtest7  (cost=0.43..392.45 rows=98 width=125)
	  Index Cond: ((id >= 5005741) AND (id <= 5005841))

table 8 : explain SELECT id, c FROM sbtest8 WHERE id BETWEEN 5005741 AND 5005841
	Index Scan using sbtest8_pkey on sbtest8  (cost=0.43..406.78 rows=102 width=125)
	  Index Cond: ((id >= 5005741) AND (id <= 5005841))

for range-notcovered
table 1 : explain SELECT id, c FROM sbtest1 WHERE id BETWEEN 3710705 AND 3710805
	Index Scan using sbtest1_pkey on sbtest1  (cost=0.43..439.84 rows=110 width=125)
	  Index Cond: ((id >= 3710705) AND (id <= 3710805))

table 2 : explain SELECT id, c FROM sbtest2 WHERE id BETWEEN 3710705 AND 3710805
	Index Scan using sbtest2_pkey on sbtest2  (cost=0.43..400.08 rows=100 width=125)
	  Index Cond: ((id >= 3710705) AND (id <= 3710805))

table 3 : explain SELECT id, c FROM sbtest3 WHERE id BETWEEN 3710705 AND 3710805
	Index Scan using sbtest3_pkey on sbtest3  (cost=0.43..404.24 rows=101 width=125)
	  Index Cond: ((id >= 3710705) AND (id <= 3710805))

table 4 : explain SELECT id, c FROM sbtest4 WHERE id BETWEEN 3710705 AND 3710805
	Index Scan using sbtest4_pkey on sbtest4  (cost=0.43..411.71 rows=103 width=125)
	  Index Cond: ((id >= 3710705) AND (id <= 3710805))

table 5 : explain SELECT id, c FROM sbtest5 WHERE id BETWEEN 3710705 AND 3710805
	Index Scan using sbtest5_pkey on sbtest5  (cost=0.43..418.10 rows=105 width=125)
	  Index Cond: ((id >= 3710705) AND (id <= 3710805))

table 6 : explain SELECT id, c FROM sbtest6 WHERE id BETWEEN 3710705 AND 3710805
	Index Scan using sbtest6_pkey on sbtest6  (cost=0.43..411.39 rows=103 width=125)
	  Index Cond: ((id >= 3710705) AND (id <= 3710805))

table 7 : explain SELECT id, c FROM sbtest7 WHERE id BETWEEN 3710705 AND 3710805
	Index Scan using sbtest7_pkey on sbtest7  (cost=0.43..376.61 rows=94 width=125)
	  Index Cond: ((id >= 3710705) AND (id <= 3710805))

table 8 : explain SELECT id, c FROM sbtest8 WHERE id BETWEEN 3710705 AND 3710805
	Index Scan using sbtest8_pkey on sbtest8  (cost=0.43..398.89 rows=100 width=125)
	  Index Cond: ((id >= 3710705) AND (id <= 3710805))

explain: for range-notcovered :: explain SELECT id, c FROM sbtest%d WHERE id BETWEEN 5005741 AND 5005841
explain: for range-notcovered :: explain SELECT id, c FROM sbtest%d WHERE id BETWEEN 7471552 AND 7471652
explain: for range-notcovered :: explain SELECT id, c FROM sbtest%d WHERE id BETWEEN 3710705 AND 3710805
for range-notcovered
table 1 : explain SELECT id, c FROM sbtest1 WHERE id BETWEEN 6775725 AND 6775825
	Index Scan using sbtest1_pkey on sbtest1  (cost=0.43..360.68 rows=90 width=125)
	  Index Cond: ((id >= 6775725) AND (id <= 6775825))

table 2 : explain SELECT id, c FROM sbtest2 WHERE id BETWEEN 6775725 AND 6775825
	Index Scan using sbtest2_pkey on sbtest2  (cost=0.43..423.83 rows=106 width=125)
	  Index Cond: ((id >= 6775725) AND (id <= 6775825))

table 3 : explain SELECT id, c FROM sbtest3 WHERE id BETWEEN 6775725 AND 6775825
	Index Scan using sbtest3_pkey on sbtest3  (cost=0.43..336.95 rows=84 width=125)
	  Index Cond: ((id >= 6775725) AND (id <= 6775825))

table 4 : explain SELECT id, c FROM sbtest4 WHERE id BETWEEN 6775725 AND 6775825
	Index Scan using sbtest4_pkey on sbtest4  (cost=0.43..403.80 rows=101 width=125)
	  Index Cond: ((id >= 6775725) AND (id <= 6775825))

table 5 : explain SELECT id, c FROM sbtest5 WHERE id BETWEEN 6775725 AND 6775825
	Index Scan using sbtest5_pkey on sbtest5  (cost=0.43..382.64 rows=96 width=125)
	  Index Cond: ((id >= 6775725) AND (id <= 6775825))

table 6 : explain SELECT id, c FROM sbtest6 WHERE id BETWEEN 6775725 AND 6775825
	Index Scan using sbtest6_pkey on sbtest6  (cost=0.43..403.49 rows=101 width=125)
	  Index Cond: ((id >= 6775725) AND (id <= 6775825))

table 7 : explain SELECT id, c FROM sbtest7 WHERE id BETWEEN 6775725 AND 6775825
	Index Scan using sbtest7_pkey on sbtest7  (cost=0.43..400.38 rows=100 width=125)
	  Index Cond: ((id >= 6775725) AND (id <= 6775825))

table 8 : explain SELECT id, c FROM sbtest8 WHERE id BETWEEN 6775725 AND 6775825
	Index Scan using sbtest8_pkey on sbtest8  (cost=0.43..363.38 rows=91 width=125)
	  Index Cond: ((id >= 6775725) AND (id <= 6775825))

explain: for range-notcovered :: explain SELECT id, c FROM sbtest%d WHERE id BETWEEN 6775725 AND 6775825
for range-notcovered
table 1 : explain SELECT id, c FROM sbtest1 WHERE id BETWEEN 5005741 AND 5005841
	Index Scan using sbtest1_pkey on sbtest1  (cost=0.43..435.88 rows=109 width=125)
	  Index Cond: ((id >= 5005741) AND (id <= 5005841))

table 2 : explain SELECT id, c FROM sbtest2 WHERE id BETWEEN 5005741 AND 5005841
	Index Scan using sbtest2_pkey on sbtest2  (cost=0.43..404.05 rows=101 width=125)
	  Index Cond: ((id >= 5005741) AND (id <= 5005841))

table 3 : explain SELECT id, c FROM sbtest3 WHERE id BETWEEN 5005741 AND 5005841
	Index Scan using sbtest3_pkey on sbtest3  (cost=0.43..412.16 rows=103 width=125)
	  Index Cond: ((id >= 5005741) AND (id <= 5005841))

table 4 : explain SELECT id, c FROM sbtest4 WHERE id BETWEEN 5005741 AND 5005841
	Index Scan using sbtest4_pkey on sbtest4  (cost=0.43..380.07 rows=95 width=125)
	  Index Cond: ((id >= 5005741) AND (id <= 5005841))

table 5 : explain SELECT id, c FROM sbtest5 WHERE id BETWEEN 5005741 AND 5005841
	Index Scan using sbtest5_pkey on sbtest5  (cost=0.43..425.98 rows=107 width=125)
	  Index Cond: ((id >= 5005741) AND (id <= 5005841))

table 6 : explain SELECT id, c FROM sbtest6 WHERE id BETWEEN 5005741 AND 5005841
	Index Scan using sbtest6_pkey on sbtest6  (cost=0.43..435.09 rows=109 width=125)
	  Index Cond: ((id >= 5005741) AND (id <= 5005841))

table 7 : explain SELECT id, c FROM sbtest7 WHERE id BETWEEN 5005741 AND 5005841
	Index Scan using sbtest7_pkey on sbtest7  (cost=0.43..392.45 rows=98 width=125)
	  Index Cond: ((id >= 5005741) AND (id <= 5005841))

table 8 : explain SELECT id, c FROM sbtest8 WHERE id BETWEEN 5005741 AND 5005841
	Index Scan using sbtest8_pkey on sbtest8  (cost=0.43..406.78 rows=102 width=125)
	  Index Cond: ((id >= 5005741) AND (id <= 5005841))

explain: for range-notcovered :: explain SELECT id, c FROM sbtest%d WHERE id BETWEEN 5005741 AND 5005841
for range-notcovered
table 1 : explain SELECT id, c FROM sbtest1 WHERE id BETWEEN 6775725 AND 6775825
	Index Scan using sbtest1_pkey on sbtest1  (cost=0.43..360.68 rows=90 width=125)
	  Index Cond: ((id >= 6775725) AND (id <= 6775825))

table 2 : explain SELECT id, c FROM sbtest2 WHERE id BETWEEN 6775725 AND 6775825
	Index Scan using sbtest2_pkey on sbtest2  (cost=0.43..423.83 rows=106 width=125)
	  Index Cond: ((id >= 6775725) AND (id <= 6775825))

table 3 : explain SELECT id, c FROM sbtest3 WHERE id BETWEEN 6775725 AND 6775825
	Index Scan using sbtest3_pkey on sbtest3  (cost=0.43..336.95 rows=84 width=125)
	  Index Cond: ((id >= 6775725) AND (id <= 6775825))

table 4 : explain SELECT id, c FROM sbtest4 WHERE id BETWEEN 6775725 AND 6775825
	Index Scan using sbtest4_pkey on sbtest4  (cost=0.43..403.80 rows=101 width=125)
	  Index Cond: ((id >= 6775725) AND (id <= 6775825))

table 5 : explain SELECT id, c FROM sbtest5 WHERE id BETWEEN 6775725 AND 6775825
	Index Scan using sbtest5_pkey on sbtest5  (cost=0.43..382.64 rows=96 width=125)
	  Index Cond: ((id >= 6775725) AND (id <= 6775825))

table 6 : explain SELECT id, c FROM sbtest6 WHERE id BETWEEN 6775725 AND 6775825
	Index Scan using sbtest6_pkey on sbtest6  (cost=0.43..403.49 rows=101 width=125)
	  Index Cond: ((id >= 6775725) AND (id <= 6775825))

table 7 : explain SELECT id, c FROM sbtest7 WHERE id BETWEEN 6775725 AND 6775825
	Index Scan using sbtest7_pkey on sbtest7  (cost=0.43..400.38 rows=100 width=125)
	  Index Cond: ((id >= 6775725) AND (id <= 6775825))

table 8 : explain SELECT id, c FROM sbtest8 WHERE id BETWEEN 6775725 AND 6775825
	Index Scan using sbtest8_pkey on sbtest8  (cost=0.43..363.38 rows=91 width=125)
	  Index Cond: ((id >= 6775725) AND (id <= 6775825))

explain: for range-notcovered :: explain SELECT id, c FROM sbtest%d WHERE id BETWEEN 6775725 AND 6775825
for range-notcovered
table 1 : explain SELECT id, c FROM sbtest1 WHERE id BETWEEN 5005741 AND 5005841
	Index Scan using sbtest1_pkey on sbtest1  (cost=0.43..435.88 rows=109 width=125)
	  Index Cond: ((id >= 5005741) AND (id <= 5005841))

table 2 : explain SELECT id, c FROM sbtest2 WHERE id BETWEEN 5005741 AND 5005841
	Index Scan using sbtest2_pkey on sbtest2  (cost=0.43..404.05 rows=101 width=125)
	  Index Cond: ((id >= 5005741) AND (id <= 5005841))

table 3 : explain SELECT id, c FROM sbtest3 WHERE id BETWEEN 5005741 AND 5005841
	Index Scan using sbtest3_pkey on sbtest3  (cost=0.43..412.16 rows=103 width=125)
	  Index Cond: ((id >= 5005741) AND (id <= 5005841))

table 4 : explain SELECT id, c FROM sbtest4 WHERE id BETWEEN 5005741 AND 5005841
	Index Scan using sbtest4_pkey on sbtest4  (cost=0.43..380.07 rows=95 width=125)
	  Index Cond: ((id >= 5005741) AND (id <= 5005841))

table 5 : explain SELECT id, c FROM sbtest5 WHERE id BETWEEN 5005741 AND 5005841
	Index Scan using sbtest5_pkey on sbtest5  (cost=0.43..425.98 rows=107 width=125)
	  Index Cond: ((id >= 5005741) AND (id <= 5005841))

table 6 : explain SELECT id, c FROM sbtest6 WHERE id BETWEEN 5005741 AND 5005841
	Index Scan using sbtest6_pkey on sbtest6  (cost=0.43..435.09 rows=109 width=125)
	  Index Cond: ((id >= 5005741) AND (id <= 5005841))

table 7 : explain SELECT id, c FROM sbtest7 WHERE id BETWEEN 5005741 AND 5005841
	Index Scan using sbtest7_pkey on sbtest7  (cost=0.43..392.45 rows=98 width=125)
	  Index Cond: ((id >= 5005741) AND (id <= 5005841))

table 8 : explain SELECT id, c FROM sbtest8 WHERE id BETWEEN 5005741 AND 5005841
	Index Scan using sbtest8_pkey on sbtest8  (cost=0.43..406.78 rows=102 width=125)
	  Index Cond: ((id >= 5005741) AND (id <= 5005841))

explain: for range-notcovered :: explain SELECT id, c FROM sbtest%d WHERE id BETWEEN 5005741 AND 5005841
for range-notcovered
table 1 : explain SELECT id, c FROM sbtest1 WHERE id BETWEEN 6775725 AND 6775825
	Index Scan using sbtest1_pkey on sbtest1  (cost=0.43..360.68 rows=90 width=125)
	  Index Cond: ((id >= 6775725) AND (id <= 6775825))

table 2 : explain SELECT id, c FROM sbtest2 WHERE id BETWEEN 6775725 AND 6775825
	Index Scan using sbtest2_pkey on sbtest2  (cost=0.43..423.83 rows=106 width=125)
	  Index Cond: ((id >= 6775725) AND (id <= 6775825))

table 3 : explain SELECT id, c FROM sbtest3 WHERE id BETWEEN 6775725 AND 6775825
	Index Scan using sbtest3_pkey on sbtest3  (cost=0.43..336.95 rows=84 width=125)
	  Index Cond: ((id >= 6775725) AND (id <= 6775825))

table 4 : explain SELECT id, c FROM sbtest4 WHERE id BETWEEN 6775725 AND 6775825
	Index Scan using sbtest4_pkey on sbtest4  (cost=0.43..403.80 rows=101 width=125)
	  Index Cond: ((id >= 6775725) AND (id <= 6775825))

table 5 : explain SELECT id, c FROM sbtest5 WHERE id BETWEEN 6775725 AND 6775825
	Index Scan using sbtest5_pkey on sbtest5  (cost=0.43..382.64 rows=96 width=125)
	  Index Cond: ((id >= 6775725) AND (id <= 6775825))

table 6 : explain SELECT id, c FROM sbtest6 WHERE id BETWEEN 6775725 AND 6775825
	Index Scan using sbtest6_pkey on sbtest6  (cost=0.43..403.49 rows=101 width=125)
	  Index Cond: ((id >= 6775725) AND (id <= 6775825))

table 7 : explain SELECT id, c FROM sbtest7 WHERE id BETWEEN 6775725 AND 6775825
	Index Scan using sbtest7_pkey on sbtest7  (cost=0.43..400.38 rows=100 width=125)
	  Index Cond: ((id >= 6775725) AND (id <= 6775825))

table 8 : explain SELECT id, c FROM sbtest8 WHERE id BETWEEN 6775725 AND 6775825
	Index Scan using sbtest8_pkey on sbtest8  (cost=0.43..363.38 rows=91 width=125)
	  Index Cond: ((id >= 6775725) AND (id <= 6775825))

explain: for range-notcovered :: explain SELECT id, c FROM sbtest%d WHERE id BETWEEN 6775725 AND 6775825
for range-notcovered
table 1 : explain SELECT id, c FROM sbtest1 WHERE id BETWEEN 5005741 AND 5005841
	Index Scan using sbtest1_pkey on sbtest1  (cost=0.43..435.88 rows=109 width=125)
	  Index Cond: ((id >= 5005741) AND (id <= 5005841))

table 2 : explain SELECT id, c FROM sbtest2 WHERE id BETWEEN 5005741 AND 5005841
	Index Scan using sbtest2_pkey on sbtest2  (cost=0.43..404.05 rows=101 width=125)
	  Index Cond: ((id >= 5005741) AND (id <= 5005841))

table 3 : explain SELECT id, c FROM sbtest3 WHERE id BETWEEN 5005741 AND 5005841
	Index Scan using sbtest3_pkey on sbtest3  (cost=0.43..412.16 rows=103 width=125)
	  Index Cond: ((id >= 5005741) AND (id <= 5005841))

table 4 : explain SELECT id, c FROM sbtest4 WHERE id BETWEEN 5005741 AND 5005841
	Index Scan using sbtest4_pkey on sbtest4  (cost=0.43..380.07 rows=95 width=125)
	  Index Cond: ((id >= 5005741) AND (id <= 5005841))

table 5 : explain SELECT id, c FROM sbtest5 WHERE id BETWEEN 5005741 AND 5005841
	Index Scan using sbtest5_pkey on sbtest5  (cost=0.43..425.98 rows=107 width=125)
	  Index Cond: ((id >= 5005741) AND (id <= 5005841))

table 6 : explain SELECT id, c FROM sbtest6 WHERE id BETWEEN 5005741 AND 5005841
	Index Scan using sbtest6_pkey on sbtest6  (cost=0.43..435.09 rows=109 width=125)
	  Index Cond: ((id >= 5005741) AND (id <= 5005841))

table 7 : explain SELECT id, c FROM sbtest7 WHERE id BETWEEN 5005741 AND 5005841
	Index Scan using sbtest7_pkey on sbtest7  (cost=0.43..392.45 rows=98 width=125)
	  Index Cond: ((id >= 5005741) AND (id <= 5005841))

table 8 : explain SELECT id, c FROM sbtest8 WHERE id BETWEEN 5005741 AND 5005841
	Index Scan using sbtest8_pkey on sbtest8  (cost=0.43..406.78 rows=102 width=125)
	  Index Cond: ((id >= 5005741) AND (id <= 5005841))

explain: for range-notcovered :: explain SELECT id, c FROM sbtest%d WHERE id BETWEEN 5005741 AND 5005841
for range-notcovered
table 1 : explain SELECT id, c FROM sbtest1 WHERE id BETWEEN 6775725 AND 6775825
	Index Scan using sbtest1_pkey on sbtest1  (cost=0.43..360.68 rows=90 width=125)
	  Index Cond: ((id >= 6775725) AND (id <= 6775825))

table 2 : explain SELECT id, c FROM sbtest2 WHERE id BETWEEN 6775725 AND 6775825
	Index Scan using sbtest2_pkey on sbtest2  (cost=0.43..423.83 rows=106 width=125)
	  Index Cond: ((id >= 6775725) AND (id <= 6775825))

table 3 : explain SELECT id, c FROM sbtest3 WHERE id BETWEEN 6775725 AND 6775825
	Index Scan using sbtest3_pkey on sbtest3  (cost=0.43..336.95 rows=84 width=125)
	  Index Cond: ((id >= 6775725) AND (id <= 6775825))

table 4 : explain SELECT id, c FROM sbtest4 WHERE id BETWEEN 6775725 AND 6775825
	Index Scan using sbtest4_pkey on sbtest4  (cost=0.43..403.80 rows=101 width=125)
	  Index Cond: ((id >= 6775725) AND (id <= 6775825))

table 5 : explain SELECT id, c FROM sbtest5 WHERE id BETWEEN 6775725 AND 6775825
	Index Scan using sbtest5_pkey on sbtest5  (cost=0.43..382.64 rows=96 width=125)
	  Index Cond: ((id >= 6775725) AND (id <= 6775825))

table 6 : explain SELECT id, c FROM sbtest6 WHERE id BETWEEN 6775725 AND 6775825
	Index Scan using sbtest6_pkey on sbtest6  (cost=0.43..403.49 rows=101 width=125)
	  Index Cond: ((id >= 6775725) AND (id <= 6775825))

table 7 : explain SELECT id, c FROM sbtest7 WHERE id BETWEEN 6775725 AND 6775825
	Index Scan using sbtest7_pkey on sbtest7  (cost=0.43..400.38 rows=100 width=125)
	  Index Cond: ((id >= 6775725) AND (id <= 6775825))

table 8 : explain SELECT id, c FROM sbtest8 WHERE id BETWEEN 6775725 AND 6775825
	Index Scan using sbtest8_pkey on sbtest8  (cost=0.43..363.38 rows=91 width=125)
	  Index Cond: ((id >= 6775725) AND (id <= 6775825))

explain: for range-notcovered :: explain SELECT id, c FROM sbtest%d WHERE id BETWEEN 6775725 AND 6775825
explain: for range-notcovered :: explain SELECT id, c FROM sbtest%d WHERE id BETWEEN 6960372 AND 6960472
for range-notcovered
table 1 : explain SELECT id, c FROM sbtest1 WHERE id BETWEEN 6062190 AND 6062290
	Index Scan using sbtest1_pkey on sbtest1  (cost=0.43..427.97 rows=107 width=125)
	  Index Cond: ((id >= 6062190) AND (id <= 6062290))

table 2 : explain SELECT id, c FROM sbtest2 WHERE id BETWEEN 6062190 AND 6062290
	Index Scan using sbtest2_pkey on sbtest2  (cost=0.43..392.17 rows=98 width=125)
	  Index Cond: ((id >= 6062190) AND (id <= 6062290))

table 3 : explain SELECT id, c FROM sbtest3 WHERE id BETWEEN 6062190 AND 6062290
	Index Scan using sbtest3_pkey on sbtest3  (cost=0.43..408.20 rows=102 width=125)
	  Index Cond: ((id >= 6062190) AND (id <= 6062290))

table 4 : explain SELECT id, c FROM sbtest4 WHERE id BETWEEN 6062190 AND 6062290
	Index Scan using sbtest4_pkey on sbtest4  (cost=0.43..415.66 rows=104 width=125)
	  Index Cond: ((id >= 6062190) AND (id <= 6062290))

table 5 : explain SELECT id, c FROM sbtest5 WHERE id BETWEEN 6062190 AND 6062290
	Index Scan using sbtest5_pkey on sbtest5  (cost=0.43..386.58 rows=97 width=125)
	  Index Cond: ((id >= 6062190) AND (id <= 6062290))

table 6 : explain SELECT id, c FROM sbtest6 WHERE id BETWEEN 6062190 AND 6062290
	Index Scan using sbtest6_pkey on sbtest6  (cost=0.43..431.14 rows=108 width=125)
	  Index Cond: ((id >= 6062190) AND (id <= 6062290))

table 7 : explain SELECT id, c FROM sbtest7 WHERE id BETWEEN 6062190 AND 6062290
	Index Scan using sbtest7_pkey on sbtest7  (cost=0.43..408.29 rows=102 width=125)
	  Index Cond: ((id >= 6062190) AND (id <= 6062290))

table 8 : explain SELECT id, c FROM sbtest8 WHERE id BETWEEN 6062190 AND 6062290
	Index Scan using sbtest8_pkey on sbtest8  (cost=0.43..426.49 rows=107 width=125)
	  Index Cond: ((id >= 6062190) AND (id <= 6062290))

for range-notcovered
table 1 : explain SELECT id, c FROM sbtest1 WHERE id BETWEEN 3865004 AND 3865104
	Index Scan using sbtest1_pkey on sbtest1  (cost=0.43..431.93 rows=108 width=125)
	  Index Cond: ((id >= 3865004) AND (id <= 3865104))

table 2 : explain SELECT id, c FROM sbtest2 WHERE id BETWEEN 3865004 AND 3865104
	Index Scan using sbtest2_pkey on sbtest2  (cost=0.43..411.96 rows=103 width=125)
	  Index Cond: ((id >= 3865004) AND (id <= 3865104))

table 3 : explain SELECT id, c FROM sbtest3 WHERE id BETWEEN 3865004 AND 3865104
	Index Scan using sbtest3_pkey on sbtest3  (cost=0.43..384.44 rows=96 width=125)
	  Index Cond: ((id >= 3865004) AND (id <= 3865104))

table 4 : explain SELECT id, c FROM sbtest4 WHERE id BETWEEN 3865004 AND 3865104
	Index Scan using sbtest4_pkey on sbtest4  (cost=0.43..423.57 rows=106 width=125)
	  Index Cond: ((id >= 3865004) AND (id <= 3865104))

table 5 : explain SELECT id, c FROM sbtest5 WHERE id BETWEEN 3865004 AND 3865104
	Index Scan using sbtest5_pkey on sbtest5  (cost=0.43..382.64 rows=96 width=125)
	  Index Cond: ((id >= 3865004) AND (id <= 3865104))

table 6 : explain SELECT id, c FROM sbtest6 WHERE id BETWEEN 3865004 AND 3865104
	Index Scan using sbtest6_pkey on sbtest6  (cost=0.43..407.44 rows=102 width=125)
	  Index Cond: ((id >= 3865004) AND (id <= 3865104))

table 7 : explain SELECT id, c FROM sbtest7 WHERE id BETWEEN 3865004 AND 3865104
	Index Scan using sbtest7_pkey on sbtest7  (cost=0.43..364.74 rows=91 width=125)
	  Index Cond: ((id >= 3865004) AND (id <= 3865104))

table 8 : explain SELECT id, c FROM sbtest8 WHERE id BETWEEN 3865004 AND 3865104
	Index Scan using sbtest8_pkey on sbtest8  (cost=0.43..434.38 rows=109 width=125)
	  Index Cond: ((id >= 3865004) AND (id <= 3865104))

for range-notcovered
table 1 : explain SELECT id, c FROM sbtest1 WHERE id BETWEEN 3905089 AND 3905189
	Index Scan using sbtest1_pkey on sbtest1  (cost=0.43..431.93 rows=108 width=125)
	  Index Cond: ((id >= 3905089) AND (id <= 3905189))

table 2 : explain SELECT id, c FROM sbtest2 WHERE id BETWEEN 3905089 AND 3905189
	Index Scan using sbtest2_pkey on sbtest2  (cost=0.43..411.96 rows=103 width=125)
	  Index Cond: ((id >= 3905089) AND (id <= 3905189))

table 3 : explain SELECT id, c FROM sbtest3 WHERE id BETWEEN 3905089 AND 3905189
	Index Scan using sbtest3_pkey on sbtest3  (cost=0.43..416.12 rows=104 width=125)
	  Index Cond: ((id >= 3905089) AND (id <= 3905189))

table 4 : explain SELECT id, c FROM sbtest4 WHERE id BETWEEN 3905089 AND 3905189
	Index Scan using sbtest4_pkey on sbtest4  (cost=0.43..463.10 rows=116 width=125)
	  Index Cond: ((id >= 3905089) AND (id <= 3905189))

table 5 : explain SELECT id, c FROM sbtest5 WHERE id BETWEEN 3905089 AND 3905189
	Index Scan using sbtest5_pkey on sbtest5  (cost=0.43..382.64 rows=96 width=125)
	  Index Cond: ((id >= 3905089) AND (id <= 3905189))

table 6 : explain SELECT id, c FROM sbtest6 WHERE id BETWEEN 3905089 AND 3905189
	Index Scan using sbtest6_pkey on sbtest6  (cost=0.43..407.44 rows=102 width=125)
	  Index Cond: ((id >= 3905089) AND (id <= 3905189))

table 7 : explain SELECT id, c FROM sbtest7 WHERE id BETWEEN 3905089 AND 3905189
	Index Scan using sbtest7_pkey on sbtest7  (cost=0.43..364.74 rows=91 width=125)
	  Index Cond: ((id >= 3905089) AND (id <= 3905189))

table 8 : explain SELECT id, c FROM sbtest8 WHERE id BETWEEN 3905089 AND 3905189
	Index Scan using sbtest8_pkey on sbtest8  (cost=0.43..375.21 rows=94 width=125)
	  Index Cond: ((id >= 3905089) AND (id <= 3905189))

for range-notcovered
table 1 : explain SELECT id, c FROM sbtest1 WHERE id BETWEEN 6529375 AND 6529475
	Index Scan using sbtest1_pkey on sbtest1  (cost=0.43..443.80 rows=111 width=125)
	  Index Cond: ((id >= 6529375) AND (id <= 6529475))

table 2 : explain SELECT id, c FROM sbtest2 WHERE id BETWEEN 6529375 AND 6529475
	Index Scan using sbtest2_pkey on sbtest2  (cost=0.43..364.48 rows=91 width=125)
	  Index Cond: ((id >= 6529375) AND (id <= 6529475))

table 3 : explain SELECT id, c FROM sbtest3 WHERE id BETWEEN 6529375 AND 6529475
	Index Scan using sbtest3_pkey on sbtest3  (cost=0.43..408.20 rows=102 width=125)
	  Index Cond: ((id >= 6529375) AND (id <= 6529475))

table 4 : explain SELECT id, c FROM sbtest4 WHERE id BETWEEN 6529375 AND 6529475
	Index Scan using sbtest4_pkey on sbtest4  (cost=0.43..368.21 rows=92 width=125)
	  Index Cond: ((id >= 6529375) AND (id <= 6529475))

table 5 : explain SELECT id, c FROM sbtest5 WHERE id BETWEEN 6529375 AND 6529475
	Index Scan using sbtest5_pkey on sbtest5  (cost=0.43..406.29 rows=102 width=125)
	  Index Cond: ((id >= 6529375) AND (id <= 6529475))

table 6 : explain SELECT id, c FROM sbtest6 WHERE id BETWEEN 6529375 AND 6529475
	Index Scan using sbtest6_pkey on sbtest6  (cost=0.43..395.57 rows=99 width=125)
	  Index Cond: ((id >= 6529375) AND (id <= 6529475))

table 7 : explain SELECT id, c FROM sbtest7 WHERE id BETWEEN 6529375 AND 6529475
	Index Scan using sbtest7_pkey on sbtest7  (cost=0.43..384.53 rows=96 width=125)
	  Index Cond: ((id >= 6529375) AND (id <= 6529475))

table 8 : explain SELECT id, c FROM sbtest8 WHERE id BETWEEN 6529375 AND 6529475
	Index Scan using sbtest8_pkey on sbtest8  (cost=0.43..390.98 rows=98 width=125)
	  Index Cond: ((id >= 6529375) AND (id <= 6529475))

for range-notcovered
table 1 : explain SELECT id, c FROM sbtest1 WHERE id BETWEEN 5916822 AND 5916922
	Index Scan using sbtest1_pkey on sbtest1  (cost=0.43..431.93 rows=108 width=125)
	  Index Cond: ((id >= 5916822) AND (id <= 5916922))

table 2 : explain SELECT id, c FROM sbtest2 WHERE id BETWEEN 5916822 AND 5916922
	Index Scan using sbtest2_pkey on sbtest2  (cost=0.43..396.13 rows=99 width=125)
	  Index Cond: ((id >= 5916822) AND (id <= 5916922))

table 3 : explain SELECT id, c FROM sbtest3 WHERE id BETWEEN 5916822 AND 5916922
	Index Scan using sbtest3_pkey on sbtest3  (cost=0.43..400.27 rows=100 width=125)
	  Index Cond: ((id >= 5916822) AND (id <= 5916922))

table 4 : explain SELECT id, c FROM sbtest4 WHERE id BETWEEN 5916822 AND 5916922
	Index Scan using sbtest4_pkey on sbtest4  (cost=0.43..419.61 rows=105 width=125)
	  Index Cond: ((id >= 5916822) AND (id <= 5916922))

table 5 : explain SELECT id, c FROM sbtest5 WHERE id BETWEEN 5916822 AND 5916922
	Index Scan using sbtest5_pkey on sbtest5  (cost=0.43..441.73 rows=111 width=125)
	  Index Cond: ((id >= 5916822) AND (id <= 5916922))

table 6 : explain SELECT id, c FROM sbtest6 WHERE id BETWEEN 5916822 AND 5916922
	Index Scan using sbtest6_pkey on sbtest6  (cost=0.43..403.49 rows=101 width=125)
	  Index Cond: ((id >= 5916822) AND (id <= 5916922))

table 7 : explain SELECT id, c FROM sbtest7 WHERE id BETWEEN 5916822 AND 5916922
	Index Scan using sbtest7_pkey on sbtest7  (cost=0.43..432.04 rows=108 width=125)
	  Index Cond: ((id >= 5916822) AND (id <= 5916922))

table 8 : explain SELECT id, c FROM sbtest8 WHERE id BETWEEN 5916822 AND 5916922
	Index Scan using sbtest8_pkey on sbtest8  (cost=0.43..387.04 rows=97 width=125)
	  Index Cond: ((id >= 5916822) AND (id <= 5916922))

explain: for range-notcovered :: explain SELECT id, c FROM sbtest%d WHERE id BETWEEN 6529375 AND 6529475
for range-notcovered
table 1 : explain SELECT id, c FROM sbtest1 WHERE id BETWEEN 6953055 AND 6953155
	Index Scan using sbtest1_pkey on sbtest1  (cost=0.43..420.05 rows=105 width=125)
	  Index Cond: ((id >= 6953055) AND (id <= 6953155))

table 2 : explain SELECT id, c FROM sbtest2 WHERE id BETWEEN 6953055 AND 6953155
	Index Scan using sbtest2_pkey on sbtest2  (cost=0.43..404.04 rows=101 width=125)
	  Index Cond: ((id >= 6953055) AND (id <= 6953155))

table 3 : explain SELECT id, c FROM sbtest3 WHERE id BETWEEN 6953055 AND 6953155
	Index Scan using sbtest3_pkey on sbtest3  (cost=0.43..392.36 rows=98 width=125)
	  Index Cond: ((id >= 6953055) AND (id <= 6953155))

table 4 : explain SELECT id, c FROM sbtest4 WHERE id BETWEEN 6953055 AND 6953155
	Index Scan using sbtest4_pkey on sbtest4  (cost=0.43..439.38 rows=110 width=125)
	  Index Cond: ((id >= 6953055) AND (id <= 6953155))

table 5 : explain SELECT id, c FROM sbtest5 WHERE id BETWEEN 6953055 AND 6953155
	Index Scan using sbtest5_pkey on sbtest5  (cost=0.43..414.16 rows=104 width=125)
	  Index Cond: ((id >= 6953055) AND (id <= 6953155))

table 6 : explain SELECT id, c FROM sbtest6 WHERE id BETWEEN 6953055 AND 6953155
	Index Scan using sbtest6_pkey on sbtest6  (cost=0.43..395.57 rows=99 width=125)
	  Index Cond: ((id >= 6953055) AND (id <= 6953155))

table 7 : explain SELECT id, c FROM sbtest7 WHERE id BETWEEN 6953055 AND 6953155
	Index Scan using sbtest7_pkey on sbtest7  (cost=0.43..384.53 rows=96 width=125)
	  Index Cond: ((id >= 6953055) AND (id <= 6953155))

table 8 : explain SELECT id, c FROM sbtest8 WHERE id BETWEEN 6953055 AND 6953155
	Index Scan using sbtest8_pkey on sbtest8  (cost=0.43..406.78 rows=102 width=125)
	  Index Cond: ((id >= 6953055) AND (id <= 6953155))

explain: for range-notcovered :: explain SELECT id, c FROM sbtest%d WHERE id BETWEEN 6953055 AND 6953155
for range-notcovered
table 1 : explain SELECT id, c FROM sbtest1 WHERE id BETWEEN 6529375 AND 6529475
	Index Scan using sbtest1_pkey on sbtest1  (cost=0.43..443.80 rows=111 width=125)
	  Index Cond: ((id >= 6529375) AND (id <= 6529475))

table 2 : explain SELECT id, c FROM sbtest2 WHERE id BETWEEN 6529375 AND 6529475
	Index Scan using sbtest2_pkey on sbtest2  (cost=0.43..364.48 rows=91 width=125)
	  Index Cond: ((id >= 6529375) AND (id <= 6529475))

table 3 : explain SELECT id, c FROM sbtest3 WHERE id BETWEEN 6529375 AND 6529475
	Index Scan using sbtest3_pkey on sbtest3  (cost=0.43..408.20 rows=102 width=125)
	  Index Cond: ((id >= 6529375) AND (id <= 6529475))

table 4 : explain SELECT id, c FROM sbtest4 WHERE id BETWEEN 6529375 AND 6529475
	Index Scan using sbtest4_pkey on sbtest4  (cost=0.43..368.21 rows=92 width=125)
	  Index Cond: ((id >= 6529375) AND (id <= 6529475))

table 5 : explain SELECT id, c FROM sbtest5 WHERE id BETWEEN 6529375 AND 6529475
	Index Scan using sbtest5_pkey on sbtest5  (cost=0.43..406.29 rows=102 width=125)
	  Index Cond: ((id >= 6529375) AND (id <= 6529475))

table 6 : explain SELECT id, c FROM sbtest6 WHERE id BETWEEN 6529375 AND 6529475
	Index Scan using sbtest6_pkey on sbtest6  (cost=0.43..395.57 rows=99 width=125)
	  Index Cond: ((id >= 6529375) AND (id <= 6529475))

table 7 : explain SELECT id, c FROM sbtest7 WHERE id BETWEEN 6529375 AND 6529475
	Index Scan using sbtest7_pkey on sbtest7  (cost=0.43..384.53 rows=96 width=125)
	  Index Cond: ((id >= 6529375) AND (id <= 6529475))

table 8 : explain SELECT id, c FROM sbtest8 WHERE id BETWEEN 6529375 AND 6529475
	Index Scan using sbtest8_pkey on sbtest8  (cost=0.43..390.98 rows=98 width=125)
	  Index Cond: ((id >= 6529375) AND (id <= 6529475))

explain: for range-notcovered :: explain SELECT id, c FROM sbtest%d WHERE id BETWEEN 6529375 AND 6529475
for range-notcovered
table 1 : explain SELECT id, c FROM sbtest1 WHERE id BETWEEN 6757673 AND 6757773
	Index Scan using sbtest1_pkey on sbtest1  (cost=0.43..380.47 rows=95 width=125)
	  Index Cond: ((id >= 6757673) AND (id <= 6757773))

table 2 : explain SELECT id, c FROM sbtest2 WHERE id BETWEEN 6757673 AND 6757773
	Index Scan using sbtest2_pkey on sbtest2  (cost=0.43..423.83 rows=106 width=125)
	  Index Cond: ((id >= 6757673) AND (id <= 6757773))

table 3 : explain SELECT id, c FROM sbtest3 WHERE id BETWEEN 6757673 AND 6757773
	Index Scan using sbtest3_pkey on sbtest3  (cost=0.43..336.95 rows=84 width=125)
	  Index Cond: ((id >= 6757673) AND (id <= 6757773))

table 4 : explain SELECT id, c FROM sbtest4 WHERE id BETWEEN 6757673 AND 6757773
	Index Scan using sbtest4_pkey on sbtest4  (cost=0.43..403.80 rows=101 width=125)
	  Index Cond: ((id >= 6757673) AND (id <= 6757773))

table 5 : explain SELECT id, c FROM sbtest5 WHERE id BETWEEN 6757673 AND 6757773
	Index Scan using sbtest5_pkey on sbtest5  (cost=0.43..386.58 rows=97 width=125)
	  Index Cond: ((id >= 6757673) AND (id <= 6757773))

table 6 : explain SELECT id, c FROM sbtest6 WHERE id BETWEEN 6757673 AND 6757773
	Index Scan using sbtest6_pkey on sbtest6  (cost=0.43..403.49 rows=101 width=125)
	  Index Cond: ((id >= 6757673) AND (id <= 6757773))

table 7 : explain SELECT id, c FROM sbtest7 WHERE id BETWEEN 6757673 AND 6757773
	Index Scan using sbtest7_pkey on sbtest7  (cost=0.43..400.38 rows=100 width=125)
	  Index Cond: ((id >= 6757673) AND (id <= 6757773))

table 8 : explain SELECT id, c FROM sbtest8 WHERE id BETWEEN 6757673 AND 6757773
	Index Scan using sbtest8_pkey on sbtest8  (cost=0.43..363.38 rows=91 width=125)
	  Index Cond: ((id >= 6757673) AND (id <= 6757773))

explain: for range-notcovered :: explain SELECT id, c FROM sbtest%d WHERE id BETWEEN 4864225 AND 4864325
for range-notcovered
table 1 : explain SELECT id, c FROM sbtest1 WHERE id BETWEEN 3710705 AND 3710805
	Index Scan using sbtest1_pkey on sbtest1  (cost=0.43..439.84 rows=110 width=125)
	  Index Cond: ((id >= 3710705) AND (id <= 3710805))

table 2 : explain SELECT id, c FROM sbtest2 WHERE id BETWEEN 3710705 AND 3710805
	Index Scan using sbtest2_pkey on sbtest2  (cost=0.43..400.08 rows=100 width=125)
	  Index Cond: ((id >= 3710705) AND (id <= 3710805))

table 3 : explain SELECT id, c FROM sbtest3 WHERE id BETWEEN 3710705 AND 3710805
	Index Scan using sbtest3_pkey on sbtest3  (cost=0.43..404.24 rows=101 width=125)
	  Index Cond: ((id >= 3710705) AND (id <= 3710805))

table 4 : explain SELECT id, c FROM sbtest4 WHERE id BETWEEN 3710705 AND 3710805
	Index Scan using sbtest4_pkey on sbtest4  (cost=0.43..411.71 rows=103 width=125)
	  Index Cond: ((id >= 3710705) AND (id <= 3710805))

table 5 : explain SELECT id, c FROM sbtest5 WHERE id BETWEEN 3710705 AND 3710805
	Index Scan using sbtest5_pkey on sbtest5  (cost=0.43..418.10 rows=105 width=125)
	  Index Cond: ((id >= 3710705) AND (id <= 3710805))

table 6 : explain SELECT id, c FROM sbtest6 WHERE id BETWEEN 3710705 AND 3710805
	Index Scan using sbtest6_pkey on sbtest6  (cost=0.43..411.39 rows=103 width=125)
	  Index Cond: ((id >= 3710705) AND (id <= 3710805))

table 7 : explain SELECT id, c FROM sbtest7 WHERE id BETWEEN 3710705 AND 3710805
	Index Scan using sbtest7_pkey on sbtest7  (cost=0.43..376.61 rows=94 width=125)
	  Index Cond: ((id >= 3710705) AND (id <= 3710805))

table 8 : explain SELECT id, c FROM sbtest8 WHERE id BETWEEN 3710705 AND 3710805
	Index Scan using sbtest8_pkey on sbtest8  (cost=0.43..398.89 rows=100 width=125)
	  Index Cond: ((id >= 3710705) AND (id <= 3710805))

for range-notcovered
table 1 : explain SELECT id, c FROM sbtest1 WHERE id BETWEEN 6775725 AND 6775825
	Index Scan using sbtest1_pkey on sbtest1  (cost=0.43..360.68 rows=90 width=125)
	  Index Cond: ((id >= 6775725) AND (id <= 6775825))

table 2 : explain SELECT id, c FROM sbtest2 WHERE id BETWEEN 6775725 AND 6775825
	Index Scan using sbtest2_pkey on sbtest2  (cost=0.43..423.83 rows=106 width=125)
	  Index Cond: ((id >= 6775725) AND (id <= 6775825))

table 3 : explain SELECT id, c FROM sbtest3 WHERE id BETWEEN 6775725 AND 6775825
	Index Scan using sbtest3_pkey on sbtest3  (cost=0.43..336.95 rows=84 width=125)
	  Index Cond: ((id >= 6775725) AND (id <= 6775825))

table 4 : explain SELECT id, c FROM sbtest4 WHERE id BETWEEN 6775725 AND 6775825
	Index Scan using sbtest4_pkey on sbtest4  (cost=0.43..403.80 rows=101 width=125)
	  Index Cond: ((id >= 6775725) AND (id <= 6775825))

table 5 : explain SELECT id, c FROM sbtest5 WHERE id BETWEEN 6775725 AND 6775825
	Index Scan using sbtest5_pkey on sbtest5  (cost=0.43..382.64 rows=96 width=125)
	  Index Cond: ((id >= 6775725) AND (id <= 6775825))

table 6 : explain SELECT id, c FROM sbtest6 WHERE id BETWEEN 6775725 AND 6775825
	Index Scan using sbtest6_pkey on sbtest6  (cost=0.43..403.49 rows=101 width=125)
	  Index Cond: ((id >= 6775725) AND (id <= 6775825))

table 7 : explain SELECT id, c FROM sbtest7 WHERE id BETWEEN 6775725 AND 6775825
	Index Scan using sbtest7_pkey on sbtest7  (cost=0.43..400.38 rows=100 width=125)
	  Index Cond: ((id >= 6775725) AND (id <= 6775825))

table 8 : explain SELECT id, c FROM sbtest8 WHERE id BETWEEN 6775725 AND 6775825
	Index Scan using sbtest8_pkey on sbtest8  (cost=0.43..363.38 rows=91 width=125)
	  Index Cond: ((id >= 6775725) AND (id <= 6775825))

for range-notcovered
table 1 : explain SELECT id, c FROM sbtest1 WHERE id BETWEEN 6953055 AND 6953155
	Index Scan using sbtest1_pkey on sbtest1  (cost=0.43..420.05 rows=105 width=125)
	  Index Cond: ((id >= 6953055) AND (id <= 6953155))

table 2 : explain SELECT id, c FROM sbtest2 WHERE id BETWEEN 6953055 AND 6953155
	Index Scan using sbtest2_pkey on sbtest2  (cost=0.43..404.04 rows=101 width=125)
	  Index Cond: ((id >= 6953055) AND (id <= 6953155))

table 3 : explain SELECT id, c FROM sbtest3 WHERE id BETWEEN 6953055 AND 6953155
	Index Scan using sbtest3_pkey on sbtest3  (cost=0.43..392.36 rows=98 width=125)
	  Index Cond: ((id >= 6953055) AND (id <= 6953155))

table 4 : explain SELECT id, c FROM sbtest4 WHERE id BETWEEN 6953055 AND 6953155
	Index Scan using sbtest4_pkey on sbtest4  (cost=0.43..439.38 rows=110 width=125)
	  Index Cond: ((id >= 6953055) AND (id <= 6953155))

table 5 : explain SELECT id, c FROM sbtest5 WHERE id BETWEEN 6953055 AND 6953155
	Index Scan using sbtest5_pkey on sbtest5  (cost=0.43..414.16 rows=104 width=125)
	  Index Cond: ((id >= 6953055) AND (id <= 6953155))

table 6 : explain SELECT id, c FROM sbtest6 WHERE id BETWEEN 6953055 AND 6953155
	Index Scan using sbtest6_pkey on sbtest6  (cost=0.43..395.57 rows=99 width=125)
	  Index Cond: ((id >= 6953055) AND (id <= 6953155))

table 7 : explain SELECT id, c FROM sbtest7 WHERE id BETWEEN 6953055 AND 6953155
	Index Scan using sbtest7_pkey on sbtest7  (cost=0.43..384.53 rows=96 width=125)
	  Index Cond: ((id >= 6953055) AND (id <= 6953155))

table 8 : explain SELECT id, c FROM sbtest8 WHERE id BETWEEN 6953055 AND 6953155
	Index Scan using sbtest8_pkey on sbtest8  (cost=0.43..406.78 rows=102 width=125)
	  Index Cond: ((id >= 6953055) AND (id <= 6953155))

explain: for range-notcovered :: explain SELECT id, c FROM sbtest%d WHERE id BETWEEN 3710705 AND 3710805
for range-notcovered
table 1 : explain SELECT id, c FROM sbtest1 WHERE id BETWEEN 6529375 AND 6529475
	Index Scan using sbtest1_pkey on sbtest1  (cost=0.43..443.80 rows=111 width=125)
	  Index Cond: ((id >= 6529375) AND (id <= 6529475))

table 2 : explain SELECT id, c FROM sbtest2 WHERE id BETWEEN 6529375 AND 6529475
	Index Scan using sbtest2_pkey on sbtest2  (cost=0.43..364.48 rows=91 width=125)
	  Index Cond: ((id >= 6529375) AND (id <= 6529475))

table 3 : explain SELECT id, c FROM sbtest3 WHERE id BETWEEN 6529375 AND 6529475
	Index Scan using sbtest3_pkey on sbtest3  (cost=0.43..408.20 rows=102 width=125)
	  Index Cond: ((id >= 6529375) AND (id <= 6529475))

table 4 : explain SELECT id, c FROM sbtest4 WHERE id BETWEEN 6529375 AND 6529475
	Index Scan using sbtest4_pkey on sbtest4  (cost=0.43..368.21 rows=92 width=125)
	  Index Cond: ((id >= 6529375) AND (id <= 6529475))

table 5 : explain SELECT id, c FROM sbtest5 WHERE id BETWEEN 6529375 AND 6529475
	Index Scan using sbtest5_pkey on sbtest5  (cost=0.43..406.29 rows=102 width=125)
	  Index Cond: ((id >= 6529375) AND (id <= 6529475))

table 6 : explain SELECT id, c FROM sbtest6 WHERE id BETWEEN 6529375 AND 6529475
	Index Scan using sbtest6_pkey on sbtest6  (cost=0.43..395.57 rows=99 width=125)
	  Index Cond: ((id >= 6529375) AND (id <= 6529475))

table 7 : explain SELECT id, c FROM sbtest7 WHERE id BETWEEN 6529375 AND 6529475
	Index Scan using sbtest7_pkey on sbtest7  (cost=0.43..384.53 rows=96 width=125)
	  Index Cond: ((id >= 6529375) AND (id <= 6529475))

table 8 : explain SELECT id, c FROM sbtest8 WHERE id BETWEEN 6529375 AND 6529475
	Index Scan using sbtest8_pkey on sbtest8  (cost=0.43..390.98 rows=98 width=125)
	  Index Cond: ((id >= 6529375) AND (id <= 6529475))

explain: for range-notcovered :: explain SELECT id, c FROM sbtest%d WHERE id BETWEEN 6529375 AND 6529475
for range-notcovered
table 1 : explain SELECT id, c FROM sbtest1 WHERE id BETWEEN 5005741 AND 5005841
	Index Scan using sbtest1_pkey on sbtest1  (cost=0.43..435.88 rows=109 width=125)
	  Index Cond: ((id >= 5005741) AND (id <= 5005841))

table 2 : explain SELECT id, c FROM sbtest2 WHERE id BETWEEN 5005741 AND 5005841
	Index Scan using sbtest2_pkey on sbtest2  (cost=0.43..404.05 rows=101 width=125)
	  Index Cond: ((id >= 5005741) AND (id <= 5005841))

table 3 : explain SELECT id, c FROM sbtest3 WHERE id BETWEEN 5005741 AND 5005841
	Index Scan using sbtest3_pkey on sbtest3  (cost=0.43..412.16 rows=103 width=125)
	  Index Cond: ((id >= 5005741) AND (id <= 5005841))

table 4 : explain SELECT id, c FROM sbtest4 WHERE id BETWEEN 5005741 AND 5005841
	Index Scan using sbtest4_pkey on sbtest4  (cost=0.43..380.07 rows=95 width=125)
	  Index Cond: ((id >= 5005741) AND (id <= 5005841))

table 5 : explain SELECT id, c FROM sbtest5 WHERE id BETWEEN 5005741 AND 5005841
	Index Scan using sbtest5_pkey on sbtest5  (cost=0.43..425.98 rows=107 width=125)
	  Index Cond: ((id >= 5005741) AND (id <= 5005841))

table 6 : explain SELECT id, c FROM sbtest6 WHERE id BETWEEN 5005741 AND 5005841
	Index Scan using sbtest6_pkey on sbtest6  (cost=0.43..435.09 rows=109 width=125)
	  Index Cond: ((id >= 5005741) AND (id <= 5005841))

table 7 : explain SELECT id, c FROM sbtest7 WHERE id BETWEEN 5005741 AND 5005841
	Index Scan using sbtest7_pkey on sbtest7  (cost=0.43..392.45 rows=98 width=125)
	  Index Cond: ((id >= 5005741) AND (id <= 5005841))

table 8 : explain SELECT id, c FROM sbtest8 WHERE id BETWEEN 5005741 AND 5005841
	Index Scan using sbtest8_pkey on sbtest8  (cost=0.43..406.78 rows=102 width=125)
	  Index Cond: ((id >= 5005741) AND (id <= 5005841))

for range-notcovered
table 1 : explain SELECT id, c FROM sbtest1 WHERE id BETWEEN 6529375 AND 6529475
	Index Scan using sbtest1_pkey on sbtest1  (cost=0.43..443.80 rows=111 width=125)
	  Index Cond: ((id >= 6529375) AND (id <= 6529475))

table 2 : explain SELECT id, c FROM sbtest2 WHERE id BETWEEN 6529375 AND 6529475
	Index Scan using sbtest2_pkey on sbtest2  (cost=0.43..364.48 rows=91 width=125)
	  Index Cond: ((id >= 6529375) AND (id <= 6529475))

table 3 : explain SELECT id, c FROM sbtest3 WHERE id BETWEEN 6529375 AND 6529475
	Index Scan using sbtest3_pkey on sbtest3  (cost=0.43..408.20 rows=102 width=125)
	  Index Cond: ((id >= 6529375) AND (id <= 6529475))

table 4 : explain SELECT id, c FROM sbtest4 WHERE id BETWEEN 6529375 AND 6529475
	Index Scan using sbtest4_pkey on sbtest4  (cost=0.43..368.21 rows=92 width=125)
	  Index Cond: ((id >= 6529375) AND (id <= 6529475))

table 5 : explain SELECT id, c FROM sbtest5 WHERE id BETWEEN 6529375 AND 6529475
	Index Scan using sbtest5_pkey on sbtest5  (cost=0.43..406.29 rows=102 width=125)
	  Index Cond: ((id >= 6529375) AND (id <= 6529475))

table 6 : explain SELECT id, c FROM sbtest6 WHERE id BETWEEN 6529375 AND 6529475
	Index Scan using sbtest6_pkey on sbtest6  (cost=0.43..395.57 rows=99 width=125)
	  Index Cond: ((id >= 6529375) AND (id <= 6529475))

table 7 : explain SELECT id, c FROM sbtest7 WHERE id BETWEEN 6529375 AND 6529475
	Index Scan using sbtest7_pkey on sbtest7  (cost=0.43..384.53 rows=96 width=125)
	  Index Cond: ((id >= 6529375) AND (id <= 6529475))

table 8 : explain SELECT id, c FROM sbtest8 WHERE id BETWEEN 6529375 AND 6529475
	Index Scan using sbtest8_pkey on sbtest8  (cost=0.43..390.98 rows=98 width=125)
	  Index Cond: ((id >= 6529375) AND (id <= 6529475))

for range-notcovered
table 1 : explain SELECT id, c FROM sbtest1 WHERE id BETWEEN 3710705 AND 3710805
	Index Scan using sbtest1_pkey on sbtest1  (cost=0.43..439.84 rows=110 width=125)
	  Index Cond: ((id >= 3710705) AND (id <= 3710805))

table 2 : explain SELECT id, c FROM sbtest2 WHERE id BETWEEN 3710705 AND 3710805
	Index Scan using sbtest2_pkey on sbtest2  (cost=0.43..400.08 rows=100 width=125)
	  Index Cond: ((id >= 3710705) AND (id <= 3710805))

table 3 : explain SELECT id, c FROM sbtest3 WHERE id BETWEEN 3710705 AND 3710805
	Index Scan using sbtest3_pkey on sbtest3  (cost=0.43..404.24 rows=101 width=125)
	  Index Cond: ((id >= 3710705) AND (id <= 3710805))

table 4 : explain SELECT id, c FROM sbtest4 WHERE id BETWEEN 3710705 AND 3710805
	Index Scan using sbtest4_pkey on sbtest4  (cost=0.43..411.71 rows=103 width=125)
	  Index Cond: ((id >= 3710705) AND (id <= 3710805))

table 5 : explain SELECT id, c FROM sbtest5 WHERE id BETWEEN 3710705 AND 3710805
	Index Scan using sbtest5_pkey on sbtest5  (cost=0.43..418.10 rows=105 width=125)
	  Index Cond: ((id >= 3710705) AND (id <= 3710805))

table 6 : explain SELECT id, c FROM sbtest6 WHERE id BETWEEN 3710705 AND 3710805
	Index Scan using sbtest6_pkey on sbtest6  (cost=0.43..411.39 rows=103 width=125)
	  Index Cond: ((id >= 3710705) AND (id <= 3710805))

table 7 : explain SELECT id, c FROM sbtest7 WHERE id BETWEEN 3710705 AND 3710805
	Index Scan using sbtest7_pkey on sbtest7  (cost=0.43..376.61 rows=94 width=125)
	  Index Cond: ((id >= 3710705) AND (id <= 3710805))

table 8 : explain SELECT id, c FROM sbtest8 WHERE id BETWEEN 3710705 AND 3710805
	Index Scan using sbtest8_pkey on sbtest8  (cost=0.43..398.89 rows=100 width=125)
	  Index Cond: ((id >= 3710705) AND (id <= 3710805))

explain: for range-notcovered :: explain SELECT id, c FROM sbtest%d WHERE id BETWEEN 6529375 AND 6529475
explain: for range-notcovered :: explain SELECT id, c FROM sbtest%d WHERE id BETWEEN 3710705 AND 3710805
explain: for range-notcovered :: explain SELECT id, c FROM sbtest%d WHERE id BETWEEN 6953055 AND 6953155
for range-notcovered
table 1 : explain SELECT id, c FROM sbtest1 WHERE id BETWEEN 3710705 AND 3710805
	Index Scan using sbtest1_pkey on sbtest1  (cost=0.43..439.84 rows=110 width=125)
	  Index Cond: ((id >= 3710705) AND (id <= 3710805))

table 2 : explain SELECT id, c FROM sbtest2 WHERE id BETWEEN 3710705 AND 3710805
	Index Scan using sbtest2_pkey on sbtest2  (cost=0.43..400.08 rows=100 width=125)
	  Index Cond: ((id >= 3710705) AND (id <= 3710805))

table 3 : explain SELECT id, c FROM sbtest3 WHERE id BETWEEN 3710705 AND 3710805
	Index Scan using sbtest3_pkey on sbtest3  (cost=0.43..404.24 rows=101 width=125)
	  Index Cond: ((id >= 3710705) AND (id <= 3710805))

table 4 : explain SELECT id, c FROM sbtest4 WHERE id BETWEEN 3710705 AND 3710805
	Index Scan using sbtest4_pkey on sbtest4  (cost=0.43..411.71 rows=103 width=125)
	  Index Cond: ((id >= 3710705) AND (id <= 3710805))

table 5 : explain SELECT id, c FROM sbtest5 WHERE id BETWEEN 3710705 AND 3710805
	Index Scan using sbtest5_pkey on sbtest5  (cost=0.43..418.10 rows=105 width=125)
	  Index Cond: ((id >= 3710705) AND (id <= 3710805))

table 6 : explain SELECT id, c FROM sbtest6 WHERE id BETWEEN 3710705 AND 3710805
	Index Scan using sbtest6_pkey on sbtest6  (cost=0.43..411.39 rows=103 width=125)
	  Index Cond: ((id >= 3710705) AND (id <= 3710805))

table 7 : explain SELECT id, c FROM sbtest7 WHERE id BETWEEN 3710705 AND 3710805
	Index Scan using sbtest7_pkey on sbtest7  (cost=0.43..376.61 rows=94 width=125)
	  Index Cond: ((id >= 3710705) AND (id <= 3710805))

table 8 : explain SELECT id, c FROM sbtest8 WHERE id BETWEEN 3710705 AND 3710805
	Index Scan using sbtest8_pkey on sbtest8  (cost=0.43..398.89 rows=100 width=125)
	  Index Cond: ((id >= 3710705) AND (id <= 3710805))

explain: for range-notcovered :: explain SELECT id, c FROM sbtest%d WHERE id BETWEEN 3710705 AND 3710805
for range-notcovered
table 1 : explain SELECT id, c FROM sbtest1 WHERE id BETWEEN 7471552 AND 7471652
	Index Scan using sbtest1_pkey on sbtest1  (cost=0.43..427.97 rows=107 width=125)
	  Index Cond: ((id >= 7471552) AND (id <= 7471652))

table 2 : explain SELECT id, c FROM sbtest2 WHERE id BETWEEN 7471552 AND 7471652
	Index Scan using sbtest2_pkey on sbtest2  (cost=0.43..408.01 rows=102 width=125)
	  Index Cond: ((id >= 7471552) AND (id <= 7471652))

table 3 : explain SELECT id, c FROM sbtest3 WHERE id BETWEEN 7471552 AND 7471652
	Index Scan using sbtest3_pkey on sbtest3  (cost=0.43..400.27 rows=100 width=125)
	  Index Cond: ((id >= 7471552) AND (id <= 7471652))

table 4 : explain SELECT id, c FROM sbtest4 WHERE id BETWEEN 7471552 AND 7471652
	Index Scan using sbtest4_pkey on sbtest4  (cost=0.43..368.21 rows=92 width=125)
	  Index Cond: ((id >= 7471552) AND (id <= 7471652))

table 5 : explain SELECT id, c FROM sbtest5 WHERE id BETWEEN 7471552 AND 7471652
	Index Scan using sbtest5_pkey on sbtest5  (cost=0.43..410.23 rows=103 width=125)
	  Index Cond: ((id >= 7471552) AND (id <= 7471652))

table 6 : explain SELECT id, c FROM sbtest6 WHERE id BETWEEN 7471552 AND 7471652
	Index Scan using sbtest6_pkey on sbtest6  (cost=0.43..411.39 rows=103 width=125)
	  Index Cond: ((id >= 7471552) AND (id <= 7471652))

table 7 : explain SELECT id, c FROM sbtest7 WHERE id BETWEEN 7471552 AND 7471652
	Index Scan using sbtest7_pkey on sbtest7  (cost=0.43..412.25 rows=103 width=125)
	  Index Cond: ((id >= 7471552) AND (id <= 7471652))

table 8 : explain SELECT id, c FROM sbtest8 WHERE id BETWEEN 7471552 AND 7471652
	Index Scan using sbtest8_pkey on sbtest8  (cost=0.43..414.66 rows=104 width=125)
	  Index Cond: ((id >= 7471552) AND (id <= 7471652))

for range-notcovered
table 1 : explain SELECT id, c FROM sbtest1 WHERE id BETWEEN 6953055 AND 6953155
	Index Scan using sbtest1_pkey on sbtest1  (cost=0.43..420.05 rows=105 width=125)
	  Index Cond: ((id >= 6953055) AND (id <= 6953155))

table 2 : explain SELECT id, c FROM sbtest2 WHERE id BETWEEN 6953055 AND 6953155
	Index Scan using sbtest2_pkey on sbtest2  (cost=0.43..404.04 rows=101 width=125)
	  Index Cond: ((id >= 6953055) AND (id <= 6953155))

table 3 : explain SELECT id, c FROM sbtest3 WHERE id BETWEEN 6953055 AND 6953155
	Index Scan using sbtest3_pkey on sbtest3  (cost=0.43..392.36 rows=98 width=125)
	  Index Cond: ((id >= 6953055) AND (id <= 6953155))

table 4 : explain SELECT id, c FROM sbtest4 WHERE id BETWEEN 6953055 AND 6953155
	Index Scan using sbtest4_pkey on sbtest4  (cost=0.43..439.38 rows=110 width=125)
	  Index Cond: ((id >= 6953055) AND (id <= 6953155))

table 5 : explain SELECT id, c FROM sbtest5 WHERE id BETWEEN 6953055 AND 6953155
	Index Scan using sbtest5_pkey on sbtest5  (cost=0.43..414.16 rows=104 width=125)
	  Index Cond: ((id >= 6953055) AND (id <= 6953155))

table 6 : explain SELECT id, c FROM sbtest6 WHERE id BETWEEN 6953055 AND 6953155
	Index Scan using sbtest6_pkey on sbtest6  (cost=0.43..395.57 rows=99 width=125)
	  Index Cond: ((id >= 6953055) AND (id <= 6953155))

table 7 : explain SELECT id, c FROM sbtest7 WHERE id BETWEEN 6953055 AND 6953155
	Index Scan using sbtest7_pkey on sbtest7  (cost=0.43..384.53 rows=96 width=125)
	  Index Cond: ((id >= 6953055) AND (id <= 6953155))

table 8 : explain SELECT id, c FROM sbtest8 WHERE id BETWEEN 6953055 AND 6953155
	Index Scan using sbtest8_pkey on sbtest8  (cost=0.43..406.78 rows=102 width=125)
	  Index Cond: ((id >= 6953055) AND (id <= 6953155))

explain: for range-notcovered :: explain SELECT id, c FROM sbtest%d WHERE id BETWEEN 7471552 AND 7471652
explain: for range-notcovered :: explain SELECT id, c FROM sbtest%d WHERE id BETWEEN 6953055 AND 6953155
for range-notcovered
table 1 : explain SELECT id, c FROM sbtest1 WHERE id BETWEEN 3710705 AND 3710805
	Index Scan using sbtest1_pkey on sbtest1  (cost=0.43..439.84 rows=110 width=125)
	  Index Cond: ((id >= 3710705) AND (id <= 3710805))

table 2 : explain SELECT id, c FROM sbtest2 WHERE id BETWEEN 3710705 AND 3710805
	Index Scan using sbtest2_pkey on sbtest2  (cost=0.43..400.08 rows=100 width=125)
	  Index Cond: ((id >= 3710705) AND (id <= 3710805))

table 3 : explain SELECT id, c FROM sbtest3 WHERE id BETWEEN 3710705 AND 3710805
	Index Scan using sbtest3_pkey on sbtest3  (cost=0.43..404.24 rows=101 width=125)
	  Index Cond: ((id >= 3710705) AND (id <= 3710805))

table 4 : explain SELECT id, c FROM sbtest4 WHERE id BETWEEN 3710705 AND 3710805
	Index Scan using sbtest4_pkey on sbtest4  (cost=0.43..411.71 rows=103 width=125)
	  Index Cond: ((id >= 3710705) AND (id <= 3710805))

table 5 : explain SELECT id, c FROM sbtest5 WHERE id BETWEEN 3710705 AND 3710805
	Index Scan using sbtest5_pkey on sbtest5  (cost=0.43..418.10 rows=105 width=125)
	  Index Cond: ((id >= 3710705) AND (id <= 3710805))

table 6 : explain SELECT id, c FROM sbtest6 WHERE id BETWEEN 3710705 AND 3710805
	Index Scan using sbtest6_pkey on sbtest6  (cost=0.43..411.39 rows=103 width=125)
	  Index Cond: ((id >= 3710705) AND (id <= 3710805))

table 7 : explain SELECT id, c FROM sbtest7 WHERE id BETWEEN 3710705 AND 3710805
	Index Scan using sbtest7_pkey on sbtest7  (cost=0.43..376.61 rows=94 width=125)
	  Index Cond: ((id >= 3710705) AND (id <= 3710805))

table 8 : explain SELECT id, c FROM sbtest8 WHERE id BETWEEN 3710705 AND 3710805
	Index Scan using sbtest8_pkey on sbtest8  (cost=0.43..398.89 rows=100 width=125)
	  Index Cond: ((id >= 3710705) AND (id <= 3710805))

for range-notcovered
table 1 : explain SELECT id, c FROM sbtest1 WHERE id BETWEEN 6953055 AND 6953155
	Index Scan using sbtest1_pkey on sbtest1  (cost=0.43..420.05 rows=105 width=125)
	  Index Cond: ((id >= 6953055) AND (id <= 6953155))

table 2 : explain SELECT id, c FROM sbtest2 WHERE id BETWEEN 6953055 AND 6953155
	Index Scan using sbtest2_pkey on sbtest2  (cost=0.43..404.04 rows=101 width=125)
	  Index Cond: ((id >= 6953055) AND (id <= 6953155))

table 3 : explain SELECT id, c FROM sbtest3 WHERE id BETWEEN 6953055 AND 6953155
	Index Scan using sbtest3_pkey on sbtest3  (cost=0.43..392.36 rows=98 width=125)
	  Index Cond: ((id >= 6953055) AND (id <= 6953155))

table 4 : explain SELECT id, c FROM sbtest4 WHERE id BETWEEN 6953055 AND 6953155
	Index Scan using sbtest4_pkey on sbtest4  (cost=0.43..439.38 rows=110 width=125)
	  Index Cond: ((id >= 6953055) AND (id <= 6953155))

table 5 : explain SELECT id, c FROM sbtest5 WHERE id BETWEEN 6953055 AND 6953155
	Index Scan using sbtest5_pkey on sbtest5  (cost=0.43..414.16 rows=104 width=125)
	  Index Cond: ((id >= 6953055) AND (id <= 6953155))

table 6 : explain SELECT id, c FROM sbtest6 WHERE id BETWEEN 6953055 AND 6953155
	Index Scan using sbtest6_pkey on sbtest6  (cost=0.43..395.57 rows=99 width=125)
	  Index Cond: ((id >= 6953055) AND (id <= 6953155))

table 7 : explain SELECT id, c FROM sbtest7 WHERE id BETWEEN 6953055 AND 6953155
	Index Scan using sbtest7_pkey on sbtest7  (cost=0.43..384.53 rows=96 width=125)
	  Index Cond: ((id >= 6953055) AND (id <= 6953155))

table 8 : explain SELECT id, c FROM sbtest8 WHERE id BETWEEN 6953055 AND 6953155
	Index Scan using sbtest8_pkey on sbtest8  (cost=0.43..406.78 rows=102 width=125)
	  Index Cond: ((id >= 6953055) AND (id <= 6953155))

for range-notcovered
table 1 : explain SELECT id, c FROM sbtest1 WHERE id BETWEEN 7471552 AND 7471652
	Index Scan using sbtest1_pkey on sbtest1  (cost=0.43..427.97 rows=107 width=125)
	  Index Cond: ((id >= 7471552) AND (id <= 7471652))

table 2 : explain SELECT id, c FROM sbtest2 WHERE id BETWEEN 7471552 AND 7471652
	Index Scan using sbtest2_pkey on sbtest2  (cost=0.43..408.01 rows=102 width=125)
	  Index Cond: ((id >= 7471552) AND (id <= 7471652))

table 3 : explain SELECT id, c FROM sbtest3 WHERE id BETWEEN 7471552 AND 7471652
	Index Scan using sbtest3_pkey on sbtest3  (cost=0.43..400.27 rows=100 width=125)
	  Index Cond: ((id >= 7471552) AND (id <= 7471652))

table 4 : explain SELECT id, c FROM sbtest4 WHERE id BETWEEN 7471552 AND 7471652
	Index Scan using sbtest4_pkey on sbtest4  (cost=0.43..368.21 rows=92 width=125)
	  Index Cond: ((id >= 7471552) AND (id <= 7471652))

table 5 : explain SELECT id, c FROM sbtest5 WHERE id BETWEEN 7471552 AND 7471652
	Index Scan using sbtest5_pkey on sbtest5  (cost=0.43..410.23 rows=103 width=125)
	  Index Cond: ((id >= 7471552) AND (id <= 7471652))

table 6 : explain SELECT id, c FROM sbtest6 WHERE id BETWEEN 7471552 AND 7471652
	Index Scan using sbtest6_pkey on sbtest6  (cost=0.43..411.39 rows=103 width=125)
	  Index Cond: ((id >= 7471552) AND (id <= 7471652))

table 7 : explain SELECT id, c FROM sbtest7 WHERE id BETWEEN 7471552 AND 7471652
	Index Scan using sbtest7_pkey on sbtest7  (cost=0.43..412.25 rows=103 width=125)
	  Index Cond: ((id >= 7471552) AND (id <= 7471652))

table 8 : explain SELECT id, c FROM sbtest8 WHERE id BETWEEN 7471552 AND 7471652
	Index Scan using sbtest8_pkey on sbtest8  (cost=0.43..414.66 rows=104 width=125)
	  Index Cond: ((id >= 7471552) AND (id <= 7471652))

explain: for range-notcovered :: explain SELECT id, c FROM sbtest%d WHERE id BETWEEN 6953055 AND 6953155
explain: for range-notcovered :: explain SELECT id, c FROM sbtest%d WHERE id BETWEEN 7471552 AND 7471652
explain: for range-notcovered :: explain SELECT id, c FROM sbtest%d WHERE id BETWEEN 5195587 AND 5195687
explain: for range-notcovered :: explain SELECT id, c FROM sbtest%d WHERE id BETWEEN 3249157 AND 3249257
for range-notcovered
table 1 : explain SELECT id, c FROM sbtest1 WHERE id BETWEEN 6953055 AND 6953155
	Index Scan using sbtest1_pkey on sbtest1  (cost=0.43..420.05 rows=105 width=125)
	  Index Cond: ((id >= 6953055) AND (id <= 6953155))

table 2 : explain SELECT id, c FROM sbtest2 WHERE id BETWEEN 6953055 AND 6953155
	Index Scan using sbtest2_pkey on sbtest2  (cost=0.43..404.04 rows=101 width=125)
	  Index Cond: ((id >= 6953055) AND (id <= 6953155))

table 3 : explain SELECT id, c FROM sbtest3 WHERE id BETWEEN 6953055 AND 6953155
	Index Scan using sbtest3_pkey on sbtest3  (cost=0.43..392.36 rows=98 width=125)
	  Index Cond: ((id >= 6953055) AND (id <= 6953155))

table 4 : explain SELECT id, c FROM sbtest4 WHERE id BETWEEN 6953055 AND 6953155
	Index Scan using sbtest4_pkey on sbtest4  (cost=0.43..439.38 rows=110 width=125)
	  Index Cond: ((id >= 6953055) AND (id <= 6953155))

table 5 : explain SELECT id, c FROM sbtest5 WHERE id BETWEEN 6953055 AND 6953155
	Index Scan using sbtest5_pkey on sbtest5  (cost=0.43..414.16 rows=104 width=125)
	  Index Cond: ((id >= 6953055) AND (id <= 6953155))

table 6 : explain SELECT id, c FROM sbtest6 WHERE id BETWEEN 6953055 AND 6953155
	Index Scan using sbtest6_pkey on sbtest6  (cost=0.43..395.57 rows=99 width=125)
	  Index Cond: ((id >= 6953055) AND (id <= 6953155))

table 7 : explain SELECT id, c FROM sbtest7 WHERE id BETWEEN 6953055 AND 6953155
	Index Scan using sbtest7_pkey on sbtest7  (cost=0.43..384.53 rows=96 width=125)
	  Index Cond: ((id >= 6953055) AND (id <= 6953155))

table 8 : explain SELECT id, c FROM sbtest8 WHERE id BETWEEN 6953055 AND 6953155
	Index Scan using sbtest8_pkey on sbtest8  (cost=0.43..406.78 rows=102 width=125)
	  Index Cond: ((id >= 6953055) AND (id <= 6953155))

explain: for range-notcovered :: explain SELECT id, c FROM sbtest%d WHERE id BETWEEN 6953055 AND 6953155
for range-notcovered
table 1 : explain SELECT id, c FROM sbtest1 WHERE id BETWEEN 6960372 AND 6960472
	Index Scan using sbtest1_pkey on sbtest1  (cost=0.43..420.05 rows=105 width=125)
	  Index Cond: ((id >= 6960372) AND (id <= 6960472))

table 2 : explain SELECT id, c FROM sbtest2 WHERE id BETWEEN 6960372 AND 6960472
	Index Scan using sbtest2_pkey on sbtest2  (cost=0.43..404.04 rows=101 width=125)
	  Index Cond: ((id >= 6960372) AND (id <= 6960472))

table 3 : explain SELECT id, c FROM sbtest3 WHERE id BETWEEN 6960372 AND 6960472
	Index Scan using sbtest3_pkey on sbtest3  (cost=0.43..392.36 rows=98 width=125)
	  Index Cond: ((id >= 6960372) AND (id <= 6960472))

table 4 : explain SELECT id, c FROM sbtest4 WHERE id BETWEEN 6960372 AND 6960472
	Index Scan using sbtest4_pkey on sbtest4  (cost=0.43..439.38 rows=110 width=125)
	  Index Cond: ((id >= 6960372) AND (id <= 6960472))

table 5 : explain SELECT id, c FROM sbtest5 WHERE id BETWEEN 6960372 AND 6960472
	Index Scan using sbtest5_pkey on sbtest5  (cost=0.43..414.16 rows=104 width=125)
	  Index Cond: ((id >= 6960372) AND (id <= 6960472))

table 6 : explain SELECT id, c FROM sbtest6 WHERE id BETWEEN 6960372 AND 6960472
	Index Scan using sbtest6_pkey on sbtest6  (cost=0.43..395.57 rows=99 width=125)
	  Index Cond: ((id >= 6960372) AND (id <= 6960472))

table 7 : explain SELECT id, c FROM sbtest7 WHERE id BETWEEN 6960372 AND 6960472
	Index Scan using sbtest7_pkey on sbtest7  (cost=0.43..384.53 rows=96 width=125)
	  Index Cond: ((id >= 6960372) AND (id <= 6960472))

table 8 : explain SELECT id, c FROM sbtest8 WHERE id BETWEEN 6960372 AND 6960472
	Index Scan using sbtest8_pkey on sbtest8  (cost=0.43..406.78 rows=102 width=125)
	  Index Cond: ((id >= 6960372) AND (id <= 6960472))

explain: for range-notcovered :: explain SELECT id, c FROM sbtest%d WHERE id BETWEEN 6960372 AND 6960472
for range-notcovered
table 1 : explain SELECT id, c FROM sbtest1 WHERE id BETWEEN 7471552 AND 7471652
	Index Scan using sbtest1_pkey on sbtest1  (cost=0.43..427.97 rows=107 width=125)
	  Index Cond: ((id >= 7471552) AND (id <= 7471652))

table 2 : explain SELECT id, c FROM sbtest2 WHERE id BETWEEN 7471552 AND 7471652
	Index Scan using sbtest2_pkey on sbtest2  (cost=0.43..408.01 rows=102 width=125)
	  Index Cond: ((id >= 7471552) AND (id <= 7471652))

table 3 : explain SELECT id, c FROM sbtest3 WHERE id BETWEEN 7471552 AND 7471652
	Index Scan using sbtest3_pkey on sbtest3  (cost=0.43..400.27 rows=100 width=125)
	  Index Cond: ((id >= 7471552) AND (id <= 7471652))

table 4 : explain SELECT id, c FROM sbtest4 WHERE id BETWEEN 7471552 AND 7471652
	Index Scan using sbtest4_pkey on sbtest4  (cost=0.43..368.21 rows=92 width=125)
	  Index Cond: ((id >= 7471552) AND (id <= 7471652))

table 5 : explain SELECT id, c FROM sbtest5 WHERE id BETWEEN 7471552 AND 7471652
	Index Scan using sbtest5_pkey on sbtest5  (cost=0.43..410.23 rows=103 width=125)
	  Index Cond: ((id >= 7471552) AND (id <= 7471652))

table 6 : explain SELECT id, c FROM sbtest6 WHERE id BETWEEN 7471552 AND 7471652
	Index Scan using sbtest6_pkey on sbtest6  (cost=0.43..411.39 rows=103 width=125)
	  Index Cond: ((id >= 7471552) AND (id <= 7471652))

table 7 : explain SELECT id, c FROM sbtest7 WHERE id BETWEEN 7471552 AND 7471652
	Index Scan using sbtest7_pkey on sbtest7  (cost=0.43..412.25 rows=103 width=125)
	  Index Cond: ((id >= 7471552) AND (id <= 7471652))

table 8 : explain SELECT id, c FROM sbtest8 WHERE id BETWEEN 7471552 AND 7471652
	Index Scan using sbtest8_pkey on sbtest8  (cost=0.43..414.66 rows=104 width=125)
	  Index Cond: ((id >= 7471552) AND (id <= 7471652))

for range-notcovered
table 1 : explain SELECT id, c FROM sbtest1 WHERE id BETWEEN 6953055 AND 6953155
	Index Scan using sbtest1_pkey on sbtest1  (cost=0.43..420.05 rows=105 width=125)
	  Index Cond: ((id >= 6953055) AND (id <= 6953155))

table 2 : explain SELECT id, c FROM sbtest2 WHERE id BETWEEN 6953055 AND 6953155
	Index Scan using sbtest2_pkey on sbtest2  (cost=0.43..404.04 rows=101 width=125)
	  Index Cond: ((id >= 6953055) AND (id <= 6953155))

table 3 : explain SELECT id, c FROM sbtest3 WHERE id BETWEEN 6953055 AND 6953155
	Index Scan using sbtest3_pkey on sbtest3  (cost=0.43..392.36 rows=98 width=125)
	  Index Cond: ((id >= 6953055) AND (id <= 6953155))

table 4 : explain SELECT id, c FROM sbtest4 WHERE id BETWEEN 6953055 AND 6953155
	Index Scan using sbtest4_pkey on sbtest4  (cost=0.43..439.38 rows=110 width=125)
	  Index Cond: ((id >= 6953055) AND (id <= 6953155))

table 5 : explain SELECT id, c FROM sbtest5 WHERE id BETWEEN 6953055 AND 6953155
	Index Scan using sbtest5_pkey on sbtest5  (cost=0.43..414.16 rows=104 width=125)
	  Index Cond: ((id >= 6953055) AND (id <= 6953155))

table 6 : explain SELECT id, c FROM sbtest6 WHERE id BETWEEN 6953055 AND 6953155
	Index Scan using sbtest6_pkey on sbtest6  (cost=0.43..395.57 rows=99 width=125)
	  Index Cond: ((id >= 6953055) AND (id <= 6953155))

table 7 : explain SELECT id, c FROM sbtest7 WHERE id BETWEEN 6953055 AND 6953155
	Index Scan using sbtest7_pkey on sbtest7  (cost=0.43..384.53 rows=96 width=125)
	  Index Cond: ((id >= 6953055) AND (id <= 6953155))

table 8 : explain SELECT id, c FROM sbtest8 WHERE id BETWEEN 6953055 AND 6953155
	Index Scan using sbtest8_pkey on sbtest8  (cost=0.43..406.78 rows=102 width=125)
	  Index Cond: ((id >= 6953055) AND (id <= 6953155))

explain: for range-notcovered :: explain SELECT id, c FROM sbtest%d WHERE id BETWEEN 5530105 AND 5530205
explain: for range-notcovered :: explain SELECT id, c FROM sbtest%d WHERE id BETWEEN 6953055 AND 6953155
explain: for range-notcovered :: explain SELECT id, c FROM sbtest%d WHERE id BETWEEN 7471552 AND 7471652
for range-notcovered
table 1 : explain SELECT id, c FROM sbtest1 WHERE id BETWEEN 6960372 AND 6960472
	Index Scan using sbtest1_pkey on sbtest1  (cost=0.43..420.05 rows=105 width=125)
	  Index Cond: ((id >= 6960372) AND (id <= 6960472))

table 2 : explain SELECT id, c FROM sbtest2 WHERE id BETWEEN 6960372 AND 6960472
	Index Scan using sbtest2_pkey on sbtest2  (cost=0.43..404.04 rows=101 width=125)
	  Index Cond: ((id >= 6960372) AND (id <= 6960472))

table 3 : explain SELECT id, c FROM sbtest3 WHERE id BETWEEN 6960372 AND 6960472
	Index Scan using sbtest3_pkey on sbtest3  (cost=0.43..392.36 rows=98 width=125)
	  Index Cond: ((id >= 6960372) AND (id <= 6960472))

table 4 : explain SELECT id, c FROM sbtest4 WHERE id BETWEEN 6960372 AND 6960472
	Index Scan using sbtest4_pkey on sbtest4  (cost=0.43..439.38 rows=110 width=125)
	  Index Cond: ((id >= 6960372) AND (id <= 6960472))

table 5 : explain SELECT id, c FROM sbtest5 WHERE id BETWEEN 6960372 AND 6960472
	Index Scan using sbtest5_pkey on sbtest5  (cost=0.43..414.16 rows=104 width=125)
	  Index Cond: ((id >= 6960372) AND (id <= 6960472))

table 6 : explain SELECT id, c FROM sbtest6 WHERE id BETWEEN 6960372 AND 6960472
	Index Scan using sbtest6_pkey on sbtest6  (cost=0.43..395.57 rows=99 width=125)
	  Index Cond: ((id >= 6960372) AND (id <= 6960472))

table 7 : explain SELECT id, c FROM sbtest7 WHERE id BETWEEN 6960372 AND 6960472
	Index Scan using sbtest7_pkey on sbtest7  (cost=0.43..384.53 rows=96 width=125)
	  Index Cond: ((id >= 6960372) AND (id <= 6960472))

table 8 : explain SELECT id, c FROM sbtest8 WHERE id BETWEEN 6960372 AND 6960472
	Index Scan using sbtest8_pkey on sbtest8  (cost=0.43..406.78 rows=102 width=125)
	  Index Cond: ((id >= 6960372) AND (id <= 6960472))

explain: for range-notcovered :: explain SELECT id, c FROM sbtest%d WHERE id BETWEEN 6960372 AND 6960472
for range-notcovered
table 1 : explain SELECT id, c FROM sbtest1 WHERE id BETWEEN 6960372 AND 6960472
	Index Scan using sbtest1_pkey on sbtest1  (cost=0.43..420.05 rows=105 width=125)
	  Index Cond: ((id >= 6960372) AND (id <= 6960472))

table 2 : explain SELECT id, c FROM sbtest2 WHERE id BETWEEN 6960372 AND 6960472
	Index Scan using sbtest2_pkey on sbtest2  (cost=0.43..404.04 rows=101 width=125)
	  Index Cond: ((id >= 6960372) AND (id <= 6960472))

table 3 : explain SELECT id, c FROM sbtest3 WHERE id BETWEEN 6960372 AND 6960472
	Index Scan using sbtest3_pkey on sbtest3  (cost=0.43..392.36 rows=98 width=125)
	  Index Cond: ((id >= 6960372) AND (id <= 6960472))

table 4 : explain SELECT id, c FROM sbtest4 WHERE id BETWEEN 6960372 AND 6960472
	Index Scan using sbtest4_pkey on sbtest4  (cost=0.43..439.38 rows=110 width=125)
	  Index Cond: ((id >= 6960372) AND (id <= 6960472))

table 5 : explain SELECT id, c FROM sbtest5 WHERE id BETWEEN 6960372 AND 6960472
	Index Scan using sbtest5_pkey on sbtest5  (cost=0.43..414.16 rows=104 width=125)
	  Index Cond: ((id >= 6960372) AND (id <= 6960472))

table 6 : explain SELECT id, c FROM sbtest6 WHERE id BETWEEN 6960372 AND 6960472
	Index Scan using sbtest6_pkey on sbtest6  (cost=0.43..395.57 rows=99 width=125)
	  Index Cond: ((id >= 6960372) AND (id <= 6960472))

table 7 : explain SELECT id, c FROM sbtest7 WHERE id BETWEEN 6960372 AND 6960472
	Index Scan using sbtest7_pkey on sbtest7  (cost=0.43..384.53 rows=96 width=125)
	  Index Cond: ((id >= 6960372) AND (id <= 6960472))

table 8 : explain SELECT id, c FROM sbtest8 WHERE id BETWEEN 6960372 AND 6960472
	Index Scan using sbtest8_pkey on sbtest8  (cost=0.43..406.78 rows=102 width=125)
	  Index Cond: ((id >= 6960372) AND (id <= 6960472))

explain: for range-notcovered :: explain SELECT id, c FROM sbtest%d WHERE id BETWEEN 6960372 AND 6960472
for range-notcovered
table 1 : explain SELECT id, c FROM sbtest1 WHERE id BETWEEN 6953055 AND 6953155
	Index Scan using sbtest1_pkey on sbtest1  (cost=0.43..420.05 rows=105 width=125)
	  Index Cond: ((id >= 6953055) AND (id <= 6953155))

table 2 : explain SELECT id, c FROM sbtest2 WHERE id BETWEEN 6953055 AND 6953155
	Index Scan using sbtest2_pkey on sbtest2  (cost=0.43..404.04 rows=101 width=125)
	  Index Cond: ((id >= 6953055) AND (id <= 6953155))

table 3 : explain SELECT id, c FROM sbtest3 WHERE id BETWEEN 6953055 AND 6953155
	Index Scan using sbtest3_pkey on sbtest3  (cost=0.43..392.36 rows=98 width=125)
	  Index Cond: ((id >= 6953055) AND (id <= 6953155))

table 4 : explain SELECT id, c FROM sbtest4 WHERE id BETWEEN 6953055 AND 6953155
	Index Scan using sbtest4_pkey on sbtest4  (cost=0.43..439.38 rows=110 width=125)
	  Index Cond: ((id >= 6953055) AND (id <= 6953155))

table 5 : explain SELECT id, c FROM sbtest5 WHERE id BETWEEN 6953055 AND 6953155
	Index Scan using sbtest5_pkey on sbtest5  (cost=0.43..414.16 rows=104 width=125)
	  Index Cond: ((id >= 6953055) AND (id <= 6953155))

table 6 : explain SELECT id, c FROM sbtest6 WHERE id BETWEEN 6953055 AND 6953155
	Index Scan using sbtest6_pkey on sbtest6  (cost=0.43..395.57 rows=99 width=125)
	  Index Cond: ((id >= 6953055) AND (id <= 6953155))

table 7 : explain SELECT id, c FROM sbtest7 WHERE id BETWEEN 6953055 AND 6953155
	Index Scan using sbtest7_pkey on sbtest7  (cost=0.43..384.53 rows=96 width=125)
	  Index Cond: ((id >= 6953055) AND (id <= 6953155))

table 8 : explain SELECT id, c FROM sbtest8 WHERE id BETWEEN 6953055 AND 6953155
	Index Scan using sbtest8_pkey on sbtest8  (cost=0.43..406.78 rows=102 width=125)
	  Index Cond: ((id >= 6953055) AND (id <= 6953155))

for range-notcovered
table 1 : explain SELECT id, c FROM sbtest1 WHERE id BETWEEN 6529375 AND 6529475
	Index Scan using sbtest1_pkey on sbtest1  (cost=0.43..443.80 rows=111 width=125)
	  Index Cond: ((id >= 6529375) AND (id <= 6529475))

table 2 : explain SELECT id, c FROM sbtest2 WHERE id BETWEEN 6529375 AND 6529475
	Index Scan using sbtest2_pkey on sbtest2  (cost=0.43..364.48 rows=91 width=125)
	  Index Cond: ((id >= 6529375) AND (id <= 6529475))

table 3 : explain SELECT id, c FROM sbtest3 WHERE id BETWEEN 6529375 AND 6529475
	Index Scan using sbtest3_pkey on sbtest3  (cost=0.43..408.20 rows=102 width=125)
	  Index Cond: ((id >= 6529375) AND (id <= 6529475))

table 4 : explain SELECT id, c FROM sbtest4 WHERE id BETWEEN 6529375 AND 6529475
	Index Scan using sbtest4_pkey on sbtest4  (cost=0.43..368.21 rows=92 width=125)
	  Index Cond: ((id >= 6529375) AND (id <= 6529475))

table 5 : explain SELECT id, c FROM sbtest5 WHERE id BETWEEN 6529375 AND 6529475
	Index Scan using sbtest5_pkey on sbtest5  (cost=0.43..406.29 rows=102 width=125)
	  Index Cond: ((id >= 6529375) AND (id <= 6529475))

table 6 : explain SELECT id, c FROM sbtest6 WHERE id BETWEEN 6529375 AND 6529475
	Index Scan using sbtest6_pkey on sbtest6  (cost=0.43..395.57 rows=99 width=125)
	  Index Cond: ((id >= 6529375) AND (id <= 6529475))

table 7 : explain SELECT id, c FROM sbtest7 WHERE id BETWEEN 6529375 AND 6529475
	Index Scan using sbtest7_pkey on sbtest7  (cost=0.43..384.53 rows=96 width=125)
	  Index Cond: ((id >= 6529375) AND (id <= 6529475))

table 8 : explain SELECT id, c FROM sbtest8 WHERE id BETWEEN 6529375 AND 6529475
	Index Scan using sbtest8_pkey on sbtest8  (cost=0.43..390.98 rows=98 width=125)
	  Index Cond: ((id >= 6529375) AND (id <= 6529475))

explain: for range-notcovered :: explain SELECT id, c FROM sbtest%d WHERE id BETWEEN 7956714 AND 7956814
explain: for range-notcovered :: explain SELECT id, c FROM sbtest%d WHERE id BETWEEN 4363207 AND 4363307
explain: for range-notcovered :: explain SELECT id, c FROM sbtest%d WHERE id BETWEEN 6529375 AND 6529475
for range-notcovered
table 1 : explain SELECT id, c FROM sbtest1 WHERE id BETWEEN 7471552 AND 7471652
	Index Scan using sbtest1_pkey on sbtest1  (cost=0.43..427.97 rows=107 width=125)
	  Index Cond: ((id >= 7471552) AND (id <= 7471652))

table 2 : explain SELECT id, c FROM sbtest2 WHERE id BETWEEN 7471552 AND 7471652
	Index Scan using sbtest2_pkey on sbtest2  (cost=0.43..408.01 rows=102 width=125)
	  Index Cond: ((id >= 7471552) AND (id <= 7471652))

table 3 : explain SELECT id, c FROM sbtest3 WHERE id BETWEEN 7471552 AND 7471652
	Index Scan using sbtest3_pkey on sbtest3  (cost=0.43..400.27 rows=100 width=125)
	  Index Cond: ((id >= 7471552) AND (id <= 7471652))

table 4 : explain SELECT id, c FROM sbtest4 WHERE id BETWEEN 7471552 AND 7471652
	Index Scan using sbtest4_pkey on sbtest4  (cost=0.43..368.21 rows=92 width=125)
	  Index Cond: ((id >= 7471552) AND (id <= 7471652))

table 5 : explain SELECT id, c FROM sbtest5 WHERE id BETWEEN 7471552 AND 7471652
	Index Scan using sbtest5_pkey on sbtest5  (cost=0.43..410.23 rows=103 width=125)
	  Index Cond: ((id >= 7471552) AND (id <= 7471652))

table 6 : explain SELECT id, c FROM sbtest6 WHERE id BETWEEN 7471552 AND 7471652
	Index Scan using sbtest6_pkey on sbtest6  (cost=0.43..411.39 rows=103 width=125)
	  Index Cond: ((id >= 7471552) AND (id <= 7471652))

table 7 : explain SELECT id, c FROM sbtest7 WHERE id BETWEEN 7471552 AND 7471652
	Index Scan using sbtest7_pkey on sbtest7  (cost=0.43..412.25 rows=103 width=125)
	  Index Cond: ((id >= 7471552) AND (id <= 7471652))

table 8 : explain SELECT id, c FROM sbtest8 WHERE id BETWEEN 7471552 AND 7471652
	Index Scan using sbtest8_pkey on sbtest8  (cost=0.43..414.66 rows=104 width=125)
	  Index Cond: ((id >= 7471552) AND (id <= 7471652))

explain: for range-notcovered :: explain SELECT id, c FROM sbtest%d WHERE id BETWEEN 7471552 AND 7471652
explain: for range-notcovered :: explain SELECT id, c FROM sbtest%d WHERE id BETWEEN 6953055 AND 6953155
for range-notcovered
table 1 : explain SELECT id, c FROM sbtest1 WHERE id BETWEEN 6960372 AND 6960472
	Index Scan using sbtest1_pkey on sbtest1  (cost=0.43..420.05 rows=105 width=125)
	  Index Cond: ((id >= 6960372) AND (id <= 6960472))

table 2 : explain SELECT id, c FROM sbtest2 WHERE id BETWEEN 6960372 AND 6960472
	Index Scan using sbtest2_pkey on sbtest2  (cost=0.43..404.04 rows=101 width=125)
	  Index Cond: ((id >= 6960372) AND (id <= 6960472))

table 3 : explain SELECT id, c FROM sbtest3 WHERE id BETWEEN 6960372 AND 6960472
	Index Scan using sbtest3_pkey on sbtest3  (cost=0.43..392.36 rows=98 width=125)
	  Index Cond: ((id >= 6960372) AND (id <= 6960472))

table 4 : explain SELECT id, c FROM sbtest4 WHERE id BETWEEN 6960372 AND 6960472
	Index Scan using sbtest4_pkey on sbtest4  (cost=0.43..439.38 rows=110 width=125)
	  Index Cond: ((id >= 6960372) AND (id <= 6960472))

table 5 : explain SELECT id, c FROM sbtest5 WHERE id BETWEEN 6960372 AND 6960472
	Index Scan using sbtest5_pkey on sbtest5  (cost=0.43..414.16 rows=104 width=125)
	  Index Cond: ((id >= 6960372) AND (id <= 6960472))

table 6 : explain SELECT id, c FROM sbtest6 WHERE id BETWEEN 6960372 AND 6960472
	Index Scan using sbtest6_pkey on sbtest6  (cost=0.43..395.57 rows=99 width=125)
	  Index Cond: ((id >= 6960372) AND (id <= 6960472))

table 7 : explain SELECT id, c FROM sbtest7 WHERE id BETWEEN 6960372 AND 6960472
	Index Scan using sbtest7_pkey on sbtest7  (cost=0.43..384.53 rows=96 width=125)
	  Index Cond: ((id >= 6960372) AND (id <= 6960472))

table 8 : explain SELECT id, c FROM sbtest8 WHERE id BETWEEN 6960372 AND 6960472
	Index Scan using sbtest8_pkey on sbtest8  (cost=0.43..406.78 rows=102 width=125)
	  Index Cond: ((id >= 6960372) AND (id <= 6960472))

explain: for range-notcovered :: explain SELECT id, c FROM sbtest%d WHERE id BETWEEN 6960372 AND 6960472
for range-notcovered
table 1 : explain SELECT id, c FROM sbtest1 WHERE id BETWEEN 6529375 AND 6529475
	Index Scan using sbtest1_pkey on sbtest1  (cost=0.43..443.80 rows=111 width=125)
	  Index Cond: ((id >= 6529375) AND (id <= 6529475))

table 2 : explain SELECT id, c FROM sbtest2 WHERE id BETWEEN 6529375 AND 6529475
	Index Scan using sbtest2_pkey on sbtest2  (cost=0.43..364.48 rows=91 width=125)
	  Index Cond: ((id >= 6529375) AND (id <= 6529475))

table 3 : explain SELECT id, c FROM sbtest3 WHERE id BETWEEN 6529375 AND 6529475
	Index Scan using sbtest3_pkey on sbtest3  (cost=0.43..408.20 rows=102 width=125)
	  Index Cond: ((id >= 6529375) AND (id <= 6529475))

table 4 : explain SELECT id, c FROM sbtest4 WHERE id BETWEEN 6529375 AND 6529475
	Index Scan using sbtest4_pkey on sbtest4  (cost=0.43..368.21 rows=92 width=125)
	  Index Cond: ((id >= 6529375) AND (id <= 6529475))

table 5 : explain SELECT id, c FROM sbtest5 WHERE id BETWEEN 6529375 AND 6529475
	Index Scan using sbtest5_pkey on sbtest5  (cost=0.43..406.29 rows=102 width=125)
	  Index Cond: ((id >= 6529375) AND (id <= 6529475))

table 6 : explain SELECT id, c FROM sbtest6 WHERE id BETWEEN 6529375 AND 6529475
	Index Scan using sbtest6_pkey on sbtest6  (cost=0.43..395.57 rows=99 width=125)
	  Index Cond: ((id >= 6529375) AND (id <= 6529475))

table 7 : explain SELECT id, c FROM sbtest7 WHERE id BETWEEN 6529375 AND 6529475
	Index Scan using sbtest7_pkey on sbtest7  (cost=0.43..384.53 rows=96 width=125)
	  Index Cond: ((id >= 6529375) AND (id <= 6529475))

table 8 : explain SELECT id, c FROM sbtest8 WHERE id BETWEEN 6529375 AND 6529475
	Index Scan using sbtest8_pkey on sbtest8  (cost=0.43..390.98 rows=98 width=125)
	  Index Cond: ((id >= 6529375) AND (id <= 6529475))

explain: for range-notcovered :: explain SELECT id, c FROM sbtest%d WHERE id BETWEEN 6529375 AND 6529475
explain: for range-notcovered :: explain SELECT id, c FROM sbtest%d WHERE id BETWEEN 5346674 AND 5346774
for range-notcovered
table 1 : explain SELECT id, c FROM sbtest1 WHERE id BETWEEN 5195587 AND 5195687
	Index Scan using sbtest1_pkey on sbtest1  (cost=0.43..368.59 rows=92 width=125)
	  Index Cond: ((id >= 5195587) AND (id <= 5195687))

table 2 : explain SELECT id, c FROM sbtest2 WHERE id BETWEEN 5195587 AND 5195687
	Index Scan using sbtest2_pkey on sbtest2  (cost=0.43..392.17 rows=98 width=125)
	  Index Cond: ((id >= 5195587) AND (id <= 5195687))

table 3 : explain SELECT id, c FROM sbtest3 WHERE id BETWEEN 5195587 AND 5195687
	Index Scan using sbtest3_pkey on sbtest3  (cost=0.43..404.24 rows=101 width=125)
	  Index Cond: ((id >= 5195587) AND (id <= 5195687))

table 4 : explain SELECT id, c FROM sbtest4 WHERE id BETWEEN 5195587 AND 5195687
	Index Scan using sbtest4_pkey on sbtest4  (cost=0.43..399.83 rows=100 width=125)
	  Index Cond: ((id >= 5195587) AND (id <= 5195687))

table 5 : explain SELECT id, c FROM sbtest5 WHERE id BETWEEN 5195587 AND 5195687
	Index Scan using sbtest5_pkey on sbtest5  (cost=0.43..425.98 rows=107 width=125)
	  Index Cond: ((id >= 5195587) AND (id <= 5195687))

table 6 : explain SELECT id, c FROM sbtest6 WHERE id BETWEEN 5195587 AND 5195687
	Index Scan using sbtest6_pkey on sbtest6  (cost=0.43..387.67 rows=97 width=125)
	  Index Cond: ((id >= 5195587) AND (id <= 5195687))

table 7 : explain SELECT id, c FROM sbtest7 WHERE id BETWEEN 5195587 AND 5195687
	Index Scan using sbtest7_pkey on sbtest7  (cost=0.43..404.34 rows=101 width=125)
	  Index Cond: ((id >= 5195587) AND (id <= 5195687))

table 8 : explain SELECT id, c FROM sbtest8 WHERE id BETWEEN 5195587 AND 5195687
	Index Scan using sbtest8_pkey on sbtest8  (cost=0.43..406.78 rows=102 width=125)
	  Index Cond: ((id >= 5195587) AND (id <= 5195687))

for range-notcovered
table 1 : explain SELECT id, c FROM sbtest1 WHERE id BETWEEN 6529375 AND 6529475
	Index Scan using sbtest1_pkey on sbtest1  (cost=0.43..443.80 rows=111 width=125)
	  Index Cond: ((id >= 6529375) AND (id <= 6529475))

table 2 : explain SELECT id, c FROM sbtest2 WHERE id BETWEEN 6529375 AND 6529475
	Index Scan using sbtest2_pkey on sbtest2  (cost=0.43..364.48 rows=91 width=125)
	  Index Cond: ((id >= 6529375) AND (id <= 6529475))

table 3 : explain SELECT id, c FROM sbtest3 WHERE id BETWEEN 6529375 AND 6529475
	Index Scan using sbtest3_pkey on sbtest3  (cost=0.43..408.20 rows=102 width=125)
	  Index Cond: ((id >= 6529375) AND (id <= 6529475))

table 4 : explain SELECT id, c FROM sbtest4 WHERE id BETWEEN 6529375 AND 6529475
	Index Scan using sbtest4_pkey on sbtest4  (cost=0.43..368.21 rows=92 width=125)
	  Index Cond: ((id >= 6529375) AND (id <= 6529475))

table 5 : explain SELECT id, c FROM sbtest5 WHERE id BETWEEN 6529375 AND 6529475
	Index Scan using sbtest5_pkey on sbtest5  (cost=0.43..406.29 rows=102 width=125)
	  Index Cond: ((id >= 6529375) AND (id <= 6529475))

table 6 : explain SELECT id, c FROM sbtest6 WHERE id BETWEEN 6529375 AND 6529475
	Index Scan using sbtest6_pkey on sbtest6  (cost=0.43..395.57 rows=99 width=125)
	  Index Cond: ((id >= 6529375) AND (id <= 6529475))

table 7 : explain SELECT id, c FROM sbtest7 WHERE id BETWEEN 6529375 AND 6529475
	Index Scan using sbtest7_pkey on sbtest7  (cost=0.43..384.53 rows=96 width=125)
	  Index Cond: ((id >= 6529375) AND (id <= 6529475))

table 8 : explain SELECT id, c FROM sbtest8 WHERE id BETWEEN 6529375 AND 6529475
	Index Scan using sbtest8_pkey on sbtest8  (cost=0.43..390.98 rows=98 width=125)
	  Index Cond: ((id >= 6529375) AND (id <= 6529475))

explain: for range-notcovered :: explain SELECT id, c FROM sbtest%d WHERE id BETWEEN 5195587 AND 5195687
explain: for range-notcovered :: explain SELECT id, c FROM sbtest%d WHERE id BETWEEN 6529375 AND 6529475
for range-notcovered
table 1 : explain SELECT id, c FROM sbtest1 WHERE id BETWEEN 5195587 AND 5195687
	Index Scan using sbtest1_pkey on sbtest1  (cost=0.43..368.59 rows=92 width=125)
	  Index Cond: ((id >= 5195587) AND (id <= 5195687))

table 2 : explain SELECT id, c FROM sbtest2 WHERE id BETWEEN 5195587 AND 5195687
	Index Scan using sbtest2_pkey on sbtest2  (cost=0.43..392.17 rows=98 width=125)
	  Index Cond: ((id >= 5195587) AND (id <= 5195687))

table 3 : explain SELECT id, c FROM sbtest3 WHERE id BETWEEN 5195587 AND 5195687
	Index Scan using sbtest3_pkey on sbtest3  (cost=0.43..404.24 rows=101 width=125)
	  Index Cond: ((id >= 5195587) AND (id <= 5195687))

table 4 : explain SELECT id, c FROM sbtest4 WHERE id BETWEEN 5195587 AND 5195687
	Index Scan using sbtest4_pkey on sbtest4  (cost=0.43..399.83 rows=100 width=125)
	  Index Cond: ((id >= 5195587) AND (id <= 5195687))

table 5 : explain SELECT id, c FROM sbtest5 WHERE id BETWEEN 5195587 AND 5195687
	Index Scan using sbtest5_pkey on sbtest5  (cost=0.43..425.98 rows=107 width=125)
	  Index Cond: ((id >= 5195587) AND (id <= 5195687))

table 6 : explain SELECT id, c FROM sbtest6 WHERE id BETWEEN 5195587 AND 5195687
	Index Scan using sbtest6_pkey on sbtest6  (cost=0.43..387.67 rows=97 width=125)
	  Index Cond: ((id >= 5195587) AND (id <= 5195687))

table 7 : explain SELECT id, c FROM sbtest7 WHERE id BETWEEN 5195587 AND 5195687
	Index Scan using sbtest7_pkey on sbtest7  (cost=0.43..404.34 rows=101 width=125)
	  Index Cond: ((id >= 5195587) AND (id <= 5195687))

table 8 : explain SELECT id, c FROM sbtest8 WHERE id BETWEEN 5195587 AND 5195687
	Index Scan using sbtest8_pkey on sbtest8  (cost=0.43..406.78 rows=102 width=125)
	  Index Cond: ((id >= 5195587) AND (id <= 5195687))

explain: for range-notcovered :: explain SELECT id, c FROM sbtest%d WHERE id BETWEEN 5195587 AND 5195687
for range-notcovered
table 1 : explain SELECT id, c FROM sbtest1 WHERE id BETWEEN 6529375 AND 6529475
	Index Scan using sbtest1_pkey on sbtest1  (cost=0.43..443.80 rows=111 width=125)
	  Index Cond: ((id >= 6529375) AND (id <= 6529475))

table 2 : explain SELECT id, c FROM sbtest2 WHERE id BETWEEN 6529375 AND 6529475
	Index Scan using sbtest2_pkey on sbtest2  (cost=0.43..364.48 rows=91 width=125)
	  Index Cond: ((id >= 6529375) AND (id <= 6529475))

table 3 : explain SELECT id, c FROM sbtest3 WHERE id BETWEEN 6529375 AND 6529475
	Index Scan using sbtest3_pkey on sbtest3  (cost=0.43..408.20 rows=102 width=125)
	  Index Cond: ((id >= 6529375) AND (id <= 6529475))

table 4 : explain SELECT id, c FROM sbtest4 WHERE id BETWEEN 6529375 AND 6529475
	Index Scan using sbtest4_pkey on sbtest4  (cost=0.43..368.21 rows=92 width=125)
	  Index Cond: ((id >= 6529375) AND (id <= 6529475))

table 5 : explain SELECT id, c FROM sbtest5 WHERE id BETWEEN 6529375 AND 6529475
	Index Scan using sbtest5_pkey on sbtest5  (cost=0.43..406.29 rows=102 width=125)
	  Index Cond: ((id >= 6529375) AND (id <= 6529475))

table 6 : explain SELECT id, c FROM sbtest6 WHERE id BETWEEN 6529375 AND 6529475
	Index Scan using sbtest6_pkey on sbtest6  (cost=0.43..395.57 rows=99 width=125)
	  Index Cond: ((id >= 6529375) AND (id <= 6529475))

table 7 : explain SELECT id, c FROM sbtest7 WHERE id BETWEEN 6529375 AND 6529475
	Index Scan using sbtest7_pkey on sbtest7  (cost=0.43..384.53 rows=96 width=125)
	  Index Cond: ((id >= 6529375) AND (id <= 6529475))

table 8 : explain SELECT id, c FROM sbtest8 WHERE id BETWEEN 6529375 AND 6529475
	Index Scan using sbtest8_pkey on sbtest8  (cost=0.43..390.98 rows=98 width=125)
	  Index Cond: ((id >= 6529375) AND (id <= 6529475))

for range-notcovered
table 1 : explain SELECT id, c FROM sbtest1 WHERE id BETWEEN 6960372 AND 6960472
	Index Scan using sbtest1_pkey on sbtest1  (cost=0.43..420.05 rows=105 width=125)
	  Index Cond: ((id >= 6960372) AND (id <= 6960472))

table 2 : explain SELECT id, c FROM sbtest2 WHERE id BETWEEN 6960372 AND 6960472
	Index Scan using sbtest2_pkey on sbtest2  (cost=0.43..404.04 rows=101 width=125)
	  Index Cond: ((id >= 6960372) AND (id <= 6960472))

table 3 : explain SELECT id, c FROM sbtest3 WHERE id BETWEEN 6960372 AND 6960472
	Index Scan using sbtest3_pkey on sbtest3  (cost=0.43..392.36 rows=98 width=125)
	  Index Cond: ((id >= 6960372) AND (id <= 6960472))

table 4 : explain SELECT id, c FROM sbtest4 WHERE id BETWEEN 6960372 AND 6960472
	Index Scan using sbtest4_pkey on sbtest4  (cost=0.43..439.38 rows=110 width=125)
	  Index Cond: ((id >= 6960372) AND (id <= 6960472))

table 5 : explain SELECT id, c FROM sbtest5 WHERE id BETWEEN 6960372 AND 6960472
	Index Scan using sbtest5_pkey on sbtest5  (cost=0.43..414.16 rows=104 width=125)
	  Index Cond: ((id >= 6960372) AND (id <= 6960472))

table 6 : explain SELECT id, c FROM sbtest6 WHERE id BETWEEN 6960372 AND 6960472
	Index Scan using sbtest6_pkey on sbtest6  (cost=0.43..395.57 rows=99 width=125)
	  Index Cond: ((id >= 6960372) AND (id <= 6960472))

table 7 : explain SELECT id, c FROM sbtest7 WHERE id BETWEEN 6960372 AND 6960472
	Index Scan using sbtest7_pkey on sbtest7  (cost=0.43..384.53 rows=96 width=125)
	  Index Cond: ((id >= 6960372) AND (id <= 6960472))

table 8 : explain SELECT id, c FROM sbtest8 WHERE id BETWEEN 6960372 AND 6960472
	Index Scan using sbtest8_pkey on sbtest8  (cost=0.43..406.78 rows=102 width=125)
	  Index Cond: ((id >= 6960372) AND (id <= 6960472))

explain: for range-notcovered :: explain SELECT id, c FROM sbtest%d WHERE id BETWEEN 6960372 AND 6960472
for range-notcovered
table 1 : explain SELECT id, c FROM sbtest1 WHERE id BETWEEN 4864225 AND 4864325
	Index Scan using sbtest1_pkey on sbtest1  (cost=0.43..443.80 rows=111 width=125)
	  Index Cond: ((id >= 4864225) AND (id <= 4864325))

table 2 : explain SELECT id, c FROM sbtest2 WHERE id BETWEEN 4864225 AND 4864325
	Index Scan using sbtest2_pkey on sbtest2  (cost=0.43..376.35 rows=94 width=125)
	  Index Cond: ((id >= 4864225) AND (id <= 4864325))

table 3 : explain SELECT id, c FROM sbtest3 WHERE id BETWEEN 4864225 AND 4864325
	Index Scan using sbtest3_pkey on sbtest3  (cost=0.43..400.27 rows=100 width=125)
	  Index Cond: ((id >= 4864225) AND (id <= 4864325))

table 4 : explain SELECT id, c FROM sbtest4 WHERE id BETWEEN 4864225 AND 4864325
	Index Scan using sbtest4_pkey on sbtest4  (cost=0.43..372.16 rows=93 width=125)
	  Index Cond: ((id >= 4864225) AND (id <= 4864325))

table 5 : explain SELECT id, c FROM sbtest5 WHERE id BETWEEN 4864225 AND 4864325
	Index Scan using sbtest5_pkey on sbtest5  (cost=0.43..378.70 rows=95 width=125)
	  Index Cond: ((id >= 4864225) AND (id <= 4864325))

table 6 : explain SELECT id, c FROM sbtest6 WHERE id BETWEEN 4864225 AND 4864325
	Index Scan using sbtest6_pkey on sbtest6  (cost=0.43..407.44 rows=102 width=125)
	  Index Cond: ((id >= 4864225) AND (id <= 4864325))

table 7 : explain SELECT id, c FROM sbtest7 WHERE id BETWEEN 4864225 AND 4864325
	Index Scan using sbtest7_pkey on sbtest7  (cost=0.43..372.65 rows=93 width=125)
	  Index Cond: ((id >= 4864225) AND (id <= 4864325))

table 8 : explain SELECT id, c FROM sbtest8 WHERE id BETWEEN 4864225 AND 4864325
	Index Scan using sbtest8_pkey on sbtest8  (cost=0.43..375.21 rows=94 width=125)
	  Index Cond: ((id >= 4864225) AND (id <= 4864325))

for range-notcovered
table 1 : explain SELECT id, c FROM sbtest1 WHERE id BETWEEN 5195587 AND 5195687
	Index Scan using sbtest1_pkey on sbtest1  (cost=0.43..368.59 rows=92 width=125)
	  Index Cond: ((id >= 5195587) AND (id <= 5195687))

table 2 : explain SELECT id, c FROM sbtest2 WHERE id BETWEEN 5195587 AND 5195687
	Index Scan using sbtest2_pkey on sbtest2  (cost=0.43..392.17 rows=98 width=125)
	  Index Cond: ((id >= 5195587) AND (id <= 5195687))

table 3 : explain SELECT id, c FROM sbtest3 WHERE id BETWEEN 5195587 AND 5195687
	Index Scan using sbtest3_pkey on sbtest3  (cost=0.43..404.24 rows=101 width=125)
	  Index Cond: ((id >= 5195587) AND (id <= 5195687))

table 4 : explain SELECT id, c FROM sbtest4 WHERE id BETWEEN 5195587 AND 5195687
	Index Scan using sbtest4_pkey on sbtest4  (cost=0.43..399.83 rows=100 width=125)
	  Index Cond: ((id >= 5195587) AND (id <= 5195687))

table 5 : explain SELECT id, c FROM sbtest5 WHERE id BETWEEN 5195587 AND 5195687
	Index Scan using sbtest5_pkey on sbtest5  (cost=0.43..425.98 rows=107 width=125)
	  Index Cond: ((id >= 5195587) AND (id <= 5195687))

table 6 : explain SELECT id, c FROM sbtest6 WHERE id BETWEEN 5195587 AND 5195687
	Index Scan using sbtest6_pkey on sbtest6  (cost=0.43..387.67 rows=97 width=125)
	  Index Cond: ((id >= 5195587) AND (id <= 5195687))

table 7 : explain SELECT id, c FROM sbtest7 WHERE id BETWEEN 5195587 AND 5195687
	Index Scan using sbtest7_pkey on sbtest7  (cost=0.43..404.34 rows=101 width=125)
	  Index Cond: ((id >= 5195587) AND (id <= 5195687))

table 8 : explain SELECT id, c FROM sbtest8 WHERE id BETWEEN 5195587 AND 5195687
	Index Scan using sbtest8_pkey on sbtest8  (cost=0.43..406.78 rows=102 width=125)
	  Index Cond: ((id >= 5195587) AND (id <= 5195687))

explain: for range-notcovered :: explain SELECT id, c FROM sbtest%d WHERE id BETWEEN 4864225 AND 4864325
explain: for range-notcovered :: explain SELECT id, c FROM sbtest%d WHERE id BETWEEN 5195587 AND 5195687
explain: for range-notcovered :: explain SELECT id, c FROM sbtest%d WHERE id BETWEEN 2754949 AND 2755049
for range-notcovered
table 1 : explain SELECT id, c FROM sbtest1 WHERE id BETWEEN 6953055 AND 6953155
	Index Scan using sbtest1_pkey on sbtest1  (cost=0.43..420.05 rows=105 width=125)
	  Index Cond: ((id >= 6953055) AND (id <= 6953155))

table 2 : explain SELECT id, c FROM sbtest2 WHERE id BETWEEN 6953055 AND 6953155
	Index Scan using sbtest2_pkey on sbtest2  (cost=0.43..404.04 rows=101 width=125)
	  Index Cond: ((id >= 6953055) AND (id <= 6953155))

table 3 : explain SELECT id, c FROM sbtest3 WHERE id BETWEEN 6953055 AND 6953155
	Index Scan using sbtest3_pkey on sbtest3  (cost=0.43..392.36 rows=98 width=125)
	  Index Cond: ((id >= 6953055) AND (id <= 6953155))

table 4 : explain SELECT id, c FROM sbtest4 WHERE id BETWEEN 6953055 AND 6953155
	Index Scan using sbtest4_pkey on sbtest4  (cost=0.43..439.38 rows=110 width=125)
	  Index Cond: ((id >= 6953055) AND (id <= 6953155))

table 5 : explain SELECT id, c FROM sbtest5 WHERE id BETWEEN 6953055 AND 6953155
	Index Scan using sbtest5_pkey on sbtest5  (cost=0.43..414.16 rows=104 width=125)
	  Index Cond: ((id >= 6953055) AND (id <= 6953155))

table 6 : explain SELECT id, c FROM sbtest6 WHERE id BETWEEN 6953055 AND 6953155
	Index Scan using sbtest6_pkey on sbtest6  (cost=0.43..395.57 rows=99 width=125)
	  Index Cond: ((id >= 6953055) AND (id <= 6953155))

table 7 : explain SELECT id, c FROM sbtest7 WHERE id BETWEEN 6953055 AND 6953155
	Index Scan using sbtest7_pkey on sbtest7  (cost=0.43..384.53 rows=96 width=125)
	  Index Cond: ((id >= 6953055) AND (id <= 6953155))

table 8 : explain SELECT id, c FROM sbtest8 WHERE id BETWEEN 6953055 AND 6953155
	Index Scan using sbtest8_pkey on sbtest8  (cost=0.43..406.78 rows=102 width=125)
	  Index Cond: ((id >= 6953055) AND (id <= 6953155))

for range-notcovered
table 1 : explain SELECT id, c FROM sbtest1 WHERE id BETWEEN 6960372 AND 6960472
	Index Scan using sbtest1_pkey on sbtest1  (cost=0.43..420.05 rows=105 width=125)
	  Index Cond: ((id >= 6960372) AND (id <= 6960472))

table 2 : explain SELECT id, c FROM sbtest2 WHERE id BETWEEN 6960372 AND 6960472
	Index Scan using sbtest2_pkey on sbtest2  (cost=0.43..404.04 rows=101 width=125)
	  Index Cond: ((id >= 6960372) AND (id <= 6960472))

table 3 : explain SELECT id, c FROM sbtest3 WHERE id BETWEEN 6960372 AND 6960472
	Index Scan using sbtest3_pkey on sbtest3  (cost=0.43..392.36 rows=98 width=125)
	  Index Cond: ((id >= 6960372) AND (id <= 6960472))

table 4 : explain SELECT id, c FROM sbtest4 WHERE id BETWEEN 6960372 AND 6960472
	Index Scan using sbtest4_pkey on sbtest4  (cost=0.43..439.38 rows=110 width=125)
	  Index Cond: ((id >= 6960372) AND (id <= 6960472))

table 5 : explain SELECT id, c FROM sbtest5 WHERE id BETWEEN 6960372 AND 6960472
	Index Scan using sbtest5_pkey on sbtest5  (cost=0.43..414.16 rows=104 width=125)
	  Index Cond: ((id >= 6960372) AND (id <= 6960472))

table 6 : explain SELECT id, c FROM sbtest6 WHERE id BETWEEN 6960372 AND 6960472
	Index Scan using sbtest6_pkey on sbtest6  (cost=0.43..395.57 rows=99 width=125)
	  Index Cond: ((id >= 6960372) AND (id <= 6960472))

table 7 : explain SELECT id, c FROM sbtest7 WHERE id BETWEEN 6960372 AND 6960472
	Index Scan using sbtest7_pkey on sbtest7  (cost=0.43..384.53 rows=96 width=125)
	  Index Cond: ((id >= 6960372) AND (id <= 6960472))

table 8 : explain SELECT id, c FROM sbtest8 WHERE id BETWEEN 6960372 AND 6960472
	Index Scan using sbtest8_pkey on sbtest8  (cost=0.43..406.78 rows=102 width=125)
	  Index Cond: ((id >= 6960372) AND (id <= 6960472))

explain: for range-notcovered :: explain SELECT id, c FROM sbtest%d WHERE id BETWEEN 6960372 AND 6960472
for range-notcovered
table 1 : explain SELECT id, c FROM sbtest1 WHERE id BETWEEN 5195587 AND 5195687
	Index Scan using sbtest1_pkey on sbtest1  (cost=0.43..368.59 rows=92 width=125)
	  Index Cond: ((id >= 5195587) AND (id <= 5195687))

table 2 : explain SELECT id, c FROM sbtest2 WHERE id BETWEEN 5195587 AND 5195687
	Index Scan using sbtest2_pkey on sbtest2  (cost=0.43..392.17 rows=98 width=125)
	  Index Cond: ((id >= 5195587) AND (id <= 5195687))

table 3 : explain SELECT id, c FROM sbtest3 WHERE id BETWEEN 5195587 AND 5195687
	Index Scan using sbtest3_pkey on sbtest3  (cost=0.43..404.24 rows=101 width=125)
	  Index Cond: ((id >= 5195587) AND (id <= 5195687))

table 4 : explain SELECT id, c FROM sbtest4 WHERE id BETWEEN 5195587 AND 5195687
	Index Scan using sbtest4_pkey on sbtest4  (cost=0.43..399.83 rows=100 width=125)
	  Index Cond: ((id >= 5195587) AND (id <= 5195687))

table 5 : explain SELECT id, c FROM sbtest5 WHERE id BETWEEN 5195587 AND 5195687
	Index Scan using sbtest5_pkey on sbtest5  (cost=0.43..425.98 rows=107 width=125)
	  Index Cond: ((id >= 5195587) AND (id <= 5195687))

table 6 : explain SELECT id, c FROM sbtest6 WHERE id BETWEEN 5195587 AND 5195687
	Index Scan using sbtest6_pkey on sbtest6  (cost=0.43..387.67 rows=97 width=125)
	  Index Cond: ((id >= 5195587) AND (id <= 5195687))

table 7 : explain SELECT id, c FROM sbtest7 WHERE id BETWEEN 5195587 AND 5195687
	Index Scan using sbtest7_pkey on sbtest7  (cost=0.43..404.34 rows=101 width=125)
	  Index Cond: ((id >= 5195587) AND (id <= 5195687))

table 8 : explain SELECT id, c FROM sbtest8 WHERE id BETWEEN 5195587 AND 5195687
	Index Scan using sbtest8_pkey on sbtest8  (cost=0.43..406.78 rows=102 width=125)
	  Index Cond: ((id >= 5195587) AND (id <= 5195687))

explain: for range-notcovered :: explain SELECT id, c FROM sbtest%d WHERE id BETWEEN 5195587 AND 5195687
for range-notcovered
table 1 : explain SELECT id, c FROM sbtest1 WHERE id BETWEEN 4864225 AND 4864325
	Index Scan using sbtest1_pkey on sbtest1  (cost=0.43..443.80 rows=111 width=125)
	  Index Cond: ((id >= 4864225) AND (id <= 4864325))

table 2 : explain SELECT id, c FROM sbtest2 WHERE id BETWEEN 4864225 AND 4864325
	Index Scan using sbtest2_pkey on sbtest2  (cost=0.43..376.35 rows=94 width=125)
	  Index Cond: ((id >= 4864225) AND (id <= 4864325))

table 3 : explain SELECT id, c FROM sbtest3 WHERE id BETWEEN 4864225 AND 4864325
	Index Scan using sbtest3_pkey on sbtest3  (cost=0.43..400.27 rows=100 width=125)
	  Index Cond: ((id >= 4864225) AND (id <= 4864325))

table 4 : explain SELECT id, c FROM sbtest4 WHERE id BETWEEN 4864225 AND 4864325
	Index Scan using sbtest4_pkey on sbtest4  (cost=0.43..372.16 rows=93 width=125)
	  Index Cond: ((id >= 4864225) AND (id <= 4864325))

table 5 : explain SELECT id, c FROM sbtest5 WHERE id BETWEEN 4864225 AND 4864325
	Index Scan using sbtest5_pkey on sbtest5  (cost=0.43..378.70 rows=95 width=125)
	  Index Cond: ((id >= 4864225) AND (id <= 4864325))

table 6 : explain SELECT id, c FROM sbtest6 WHERE id BETWEEN 4864225 AND 4864325
	Index Scan using sbtest6_pkey on sbtest6  (cost=0.43..407.44 rows=102 width=125)
	  Index Cond: ((id >= 4864225) AND (id <= 4864325))

table 7 : explain SELECT id, c FROM sbtest7 WHERE id BETWEEN 4864225 AND 4864325
	Index Scan using sbtest7_pkey on sbtest7  (cost=0.43..372.65 rows=93 width=125)
	  Index Cond: ((id >= 4864225) AND (id <= 4864325))

table 8 : explain SELECT id, c FROM sbtest8 WHERE id BETWEEN 4864225 AND 4864325
	Index Scan using sbtest8_pkey on sbtest8  (cost=0.43..375.21 rows=94 width=125)
	  Index Cond: ((id >= 4864225) AND (id <= 4864325))

for range-notcovered
table 1 : explain SELECT id, c FROM sbtest1 WHERE id BETWEEN 4363207 AND 4363307
	Index Scan using sbtest1_pkey on sbtest1  (cost=0.43..412.14 rows=103 width=125)
	  Index Cond: ((id >= 4363207) AND (id <= 4363307))

table 2 : explain SELECT id, c FROM sbtest2 WHERE id BETWEEN 4363207 AND 4363307
	Index Scan using sbtest2_pkey on sbtest2  (cost=0.43..404.04 rows=101 width=125)
	  Index Cond: ((id >= 4363207) AND (id <= 4363307))

table 3 : explain SELECT id, c FROM sbtest3 WHERE id BETWEEN 4363207 AND 4363307
	Index Scan using sbtest3_pkey on sbtest3  (cost=0.43..392.36 rows=98 width=125)
	  Index Cond: ((id >= 4363207) AND (id <= 4363307))

table 4 : explain SELECT id, c FROM sbtest4 WHERE id BETWEEN 4363207 AND 4363307
	Index Scan using sbtest4_pkey on sbtest4  (cost=0.43..419.61 rows=105 width=125)
	  Index Cond: ((id >= 4363207) AND (id <= 4363307))

table 5 : explain SELECT id, c FROM sbtest5 WHERE id BETWEEN 4363207 AND 4363307
	Index Scan using sbtest5_pkey on sbtest5  (cost=0.43..386.58 rows=97 width=125)
	  Index Cond: ((id >= 4363207) AND (id <= 4363307))

table 6 : explain SELECT id, c FROM sbtest6 WHERE id BETWEEN 4363207 AND 4363307
	Index Scan using sbtest6_pkey on sbtest6  (cost=0.43..411.39 rows=103 width=125)
	  Index Cond: ((id >= 4363207) AND (id <= 4363307))

table 7 : explain SELECT id, c FROM sbtest7 WHERE id BETWEEN 4363207 AND 4363307
	Index Scan using sbtest7_pkey on sbtest7  (cost=0.43..360.78 rows=90 width=125)
	  Index Cond: ((id >= 4363207) AND (id <= 4363307))

table 8 : explain SELECT id, c FROM sbtest8 WHERE id BETWEEN 4363207 AND 4363307
	Index Scan using sbtest8_pkey on sbtest8  (cost=0.43..414.66 rows=104 width=125)
	  Index Cond: ((id >= 4363207) AND (id <= 4363307))

explain: for range-notcovered :: explain SELECT id, c FROM sbtest%d WHERE id BETWEEN 4363207 AND 4363307
explain: for range-notcovered :: explain SELECT id, c FROM sbtest%d WHERE id BETWEEN 4864225 AND 4864325
for range-notcovered
table 1 : explain SELECT id, c FROM sbtest1 WHERE id BETWEEN 6960372 AND 6960472
	Index Scan using sbtest1_pkey on sbtest1  (cost=0.43..420.05 rows=105 width=125)
	  Index Cond: ((id >= 6960372) AND (id <= 6960472))

table 2 : explain SELECT id, c FROM sbtest2 WHERE id BETWEEN 6960372 AND 6960472
	Index Scan using sbtest2_pkey on sbtest2  (cost=0.43..404.04 rows=101 width=125)
	  Index Cond: ((id >= 6960372) AND (id <= 6960472))

table 3 : explain SELECT id, c FROM sbtest3 WHERE id BETWEEN 6960372 AND 6960472
	Index Scan using sbtest3_pkey on sbtest3  (cost=0.43..392.36 rows=98 width=125)
	  Index Cond: ((id >= 6960372) AND (id <= 6960472))

table 4 : explain SELECT id, c FROM sbtest4 WHERE id BETWEEN 6960372 AND 6960472
	Index Scan using sbtest4_pkey on sbtest4  (cost=0.43..439.38 rows=110 width=125)
	  Index Cond: ((id >= 6960372) AND (id <= 6960472))

table 5 : explain SELECT id, c FROM sbtest5 WHERE id BETWEEN 6960372 AND 6960472
	Index Scan using sbtest5_pkey on sbtest5  (cost=0.43..414.16 rows=104 width=125)
	  Index Cond: ((id >= 6960372) AND (id <= 6960472))

table 6 : explain SELECT id, c FROM sbtest6 WHERE id BETWEEN 6960372 AND 6960472
	Index Scan using sbtest6_pkey on sbtest6  (cost=0.43..395.57 rows=99 width=125)
	  Index Cond: ((id >= 6960372) AND (id <= 6960472))

table 7 : explain SELECT id, c FROM sbtest7 WHERE id BETWEEN 6960372 AND 6960472
	Index Scan using sbtest7_pkey on sbtest7  (cost=0.43..384.53 rows=96 width=125)
	  Index Cond: ((id >= 6960372) AND (id <= 6960472))

table 8 : explain SELECT id, c FROM sbtest8 WHERE id BETWEEN 6960372 AND 6960472
	Index Scan using sbtest8_pkey on sbtest8  (cost=0.43..406.78 rows=102 width=125)
	  Index Cond: ((id >= 6960372) AND (id <= 6960472))

explain: for range-notcovered :: explain SELECT id, c FROM sbtest%d WHERE id BETWEEN 6960372 AND 6960472
for range-notcovered
table 1 : explain SELECT id, c FROM sbtest1 WHERE id BETWEEN 5530105 AND 5530205
	Index Scan using sbtest1_pkey on sbtest1  (cost=0.43..420.05 rows=105 width=125)
	  Index Cond: ((id >= 5530105) AND (id <= 5530205))

table 2 : explain SELECT id, c FROM sbtest2 WHERE id BETWEEN 5530105 AND 5530205
	Index Scan using sbtest2_pkey on sbtest2  (cost=0.43..368.44 rows=92 width=125)
	  Index Cond: ((id >= 5530105) AND (id <= 5530205))

table 3 : explain SELECT id, c FROM sbtest3 WHERE id BETWEEN 5530105 AND 5530205
	Index Scan using sbtest3_pkey on sbtest3  (cost=0.43..400.27 rows=100 width=125)
	  Index Cond: ((id >= 5530105) AND (id <= 5530205))

table 4 : explain SELECT id, c FROM sbtest4 WHERE id BETWEEN 5530105 AND 5530205
	Index Scan using sbtest4_pkey on sbtest4  (cost=0.43..376.11 rows=94 width=125)
	  Index Cond: ((id >= 5530105) AND (id <= 5530205))

table 5 : explain SELECT id, c FROM sbtest5 WHERE id BETWEEN 5530105 AND 5530205
	Index Scan using sbtest5_pkey on sbtest5  (cost=0.43..410.23 rows=103 width=125)
	  Index Cond: ((id >= 5530105) AND (id <= 5530205))

table 6 : explain SELECT id, c FROM sbtest6 WHERE id BETWEEN 5530105 AND 5530205
	Index Scan using sbtest6_pkey on sbtest6  (cost=0.43..407.44 rows=102 width=125)
	  Index Cond: ((id >= 5530105) AND (id <= 5530205))

table 7 : explain SELECT id, c FROM sbtest7 WHERE id BETWEEN 5530105 AND 5530205
	Index Scan using sbtest7_pkey on sbtest7  (cost=0.43..428.09 rows=107 width=125)
	  Index Cond: ((id >= 5530105) AND (id <= 5530205))

table 8 : explain SELECT id, c FROM sbtest8 WHERE id BETWEEN 5530105 AND 5530205
	Index Scan using sbtest8_pkey on sbtest8  (cost=0.43..410.72 rows=103 width=125)
	  Index Cond: ((id >= 5530105) AND (id <= 5530205))

explain: for range-notcovered :: explain SELECT id, c FROM sbtest%d WHERE id BETWEEN 5530105 AND 5530205
for range-notcovered
table 1 : explain SELECT id, c FROM sbtest1 WHERE id BETWEEN 4363207 AND 4363307
	Index Scan using sbtest1_pkey on sbtest1  (cost=0.43..412.14 rows=103 width=125)
	  Index Cond: ((id >= 4363207) AND (id <= 4363307))

table 2 : explain SELECT id, c FROM sbtest2 WHERE id BETWEEN 4363207 AND 4363307
	Index Scan using sbtest2_pkey on sbtest2  (cost=0.43..404.04 rows=101 width=125)
	  Index Cond: ((id >= 4363207) AND (id <= 4363307))

table 3 : explain SELECT id, c FROM sbtest3 WHERE id BETWEEN 4363207 AND 4363307
	Index Scan using sbtest3_pkey on sbtest3  (cost=0.43..392.36 rows=98 width=125)
	  Index Cond: ((id >= 4363207) AND (id <= 4363307))

table 4 : explain SELECT id, c FROM sbtest4 WHERE id BETWEEN 4363207 AND 4363307
	Index Scan using sbtest4_pkey on sbtest4  (cost=0.43..419.61 rows=105 width=125)
	  Index Cond: ((id >= 4363207) AND (id <= 4363307))

table 5 : explain SELECT id, c FROM sbtest5 WHERE id BETWEEN 4363207 AND 4363307
	Index Scan using sbtest5_pkey on sbtest5  (cost=0.43..386.58 rows=97 width=125)
	  Index Cond: ((id >= 4363207) AND (id <= 4363307))

table 6 : explain SELECT id, c FROM sbtest6 WHERE id BETWEEN 4363207 AND 4363307
	Index Scan using sbtest6_pkey on sbtest6  (cost=0.43..411.39 rows=103 width=125)
	  Index Cond: ((id >= 4363207) AND (id <= 4363307))

table 7 : explain SELECT id, c FROM sbtest7 WHERE id BETWEEN 4363207 AND 4363307
	Index Scan using sbtest7_pkey on sbtest7  (cost=0.43..360.78 rows=90 width=125)
	  Index Cond: ((id >= 4363207) AND (id <= 4363307))

table 8 : explain SELECT id, c FROM sbtest8 WHERE id BETWEEN 4363207 AND 4363307
	Index Scan using sbtest8_pkey on sbtest8  (cost=0.43..414.66 rows=104 width=125)
	  Index Cond: ((id >= 4363207) AND (id <= 4363307))

explain: for range-notcovered :: explain SELECT id, c FROM sbtest%d WHERE id BETWEEN 4363207 AND 4363307
for range-notcovered
table 1 : explain SELECT id, c FROM sbtest1 WHERE id BETWEEN 6960372 AND 6960472
	Index Scan using sbtest1_pkey on sbtest1  (cost=0.43..420.05 rows=105 width=125)
	  Index Cond: ((id >= 6960372) AND (id <= 6960472))

table 2 : explain SELECT id, c FROM sbtest2 WHERE id BETWEEN 6960372 AND 6960472
	Index Scan using sbtest2_pkey on sbtest2  (cost=0.43..404.04 rows=101 width=125)
	  Index Cond: ((id >= 6960372) AND (id <= 6960472))

table 3 : explain SELECT id, c FROM sbtest3 WHERE id BETWEEN 6960372 AND 6960472
	Index Scan using sbtest3_pkey on sbtest3  (cost=0.43..392.36 rows=98 width=125)
	  Index Cond: ((id >= 6960372) AND (id <= 6960472))

table 4 : explain SELECT id, c FROM sbtest4 WHERE id BETWEEN 6960372 AND 6960472
	Index Scan using sbtest4_pkey on sbtest4  (cost=0.43..439.38 rows=110 width=125)
	  Index Cond: ((id >= 6960372) AND (id <= 6960472))

table 5 : explain SELECT id, c FROM sbtest5 WHERE id BETWEEN 6960372 AND 6960472
	Index Scan using sbtest5_pkey on sbtest5  (cost=0.43..414.16 rows=104 width=125)
	  Index Cond: ((id >= 6960372) AND (id <= 6960472))

table 6 : explain SELECT id, c FROM sbtest6 WHERE id BETWEEN 6960372 AND 6960472
	Index Scan using sbtest6_pkey on sbtest6  (cost=0.43..395.57 rows=99 width=125)
	  Index Cond: ((id >= 6960372) AND (id <= 6960472))

table 7 : explain SELECT id, c FROM sbtest7 WHERE id BETWEEN 6960372 AND 6960472
	Index Scan using sbtest7_pkey on sbtest7  (cost=0.43..384.53 rows=96 width=125)
	  Index Cond: ((id >= 6960372) AND (id <= 6960472))

table 8 : explain SELECT id, c FROM sbtest8 WHERE id BETWEEN 6960372 AND 6960472
	Index Scan using sbtest8_pkey on sbtest8  (cost=0.43..406.78 rows=102 width=125)
	  Index Cond: ((id >= 6960372) AND (id <= 6960472))

for range-notcovered
table 1 : explain SELECT id, c FROM sbtest1 WHERE id BETWEEN 5530105 AND 5530205
	Index Scan using sbtest1_pkey on sbtest1  (cost=0.43..420.05 rows=105 width=125)
	  Index Cond: ((id >= 5530105) AND (id <= 5530205))

table 2 : explain SELECT id, c FROM sbtest2 WHERE id BETWEEN 5530105 AND 5530205
	Index Scan using sbtest2_pkey on sbtest2  (cost=0.43..368.44 rows=92 width=125)
	  Index Cond: ((id >= 5530105) AND (id <= 5530205))

table 3 : explain SELECT id, c FROM sbtest3 WHERE id BETWEEN 5530105 AND 5530205
	Index Scan using sbtest3_pkey on sbtest3  (cost=0.43..400.27 rows=100 width=125)
	  Index Cond: ((id >= 5530105) AND (id <= 5530205))

table 4 : explain SELECT id, c FROM sbtest4 WHERE id BETWEEN 5530105 AND 5530205
	Index Scan using sbtest4_pkey on sbtest4  (cost=0.43..376.11 rows=94 width=125)
	  Index Cond: ((id >= 5530105) AND (id <= 5530205))

table 5 : explain SELECT id, c FROM sbtest5 WHERE id BETWEEN 5530105 AND 5530205
	Index Scan using sbtest5_pkey on sbtest5  (cost=0.43..410.23 rows=103 width=125)
	  Index Cond: ((id >= 5530105) AND (id <= 5530205))

table 6 : explain SELECT id, c FROM sbtest6 WHERE id BETWEEN 5530105 AND 5530205
	Index Scan using sbtest6_pkey on sbtest6  (cost=0.43..407.44 rows=102 width=125)
	  Index Cond: ((id >= 5530105) AND (id <= 5530205))

table 7 : explain SELECT id, c FROM sbtest7 WHERE id BETWEEN 5530105 AND 5530205
	Index Scan using sbtest7_pkey on sbtest7  (cost=0.43..428.09 rows=107 width=125)
	  Index Cond: ((id >= 5530105) AND (id <= 5530205))

table 8 : explain SELECT id, c FROM sbtest8 WHERE id BETWEEN 5530105 AND 5530205
	Index Scan using sbtest8_pkey on sbtest8  (cost=0.43..410.72 rows=103 width=125)
	  Index Cond: ((id >= 5530105) AND (id <= 5530205))

explain: for range-notcovered :: explain SELECT id, c FROM sbtest%d WHERE id BETWEEN 5530105 AND 5530205
for range-notcovered
table 1 : explain SELECT id, c FROM sbtest1 WHERE id BETWEEN 4864225 AND 4864325
	Index Scan using sbtest1_pkey on sbtest1  (cost=0.43..443.80 rows=111 width=125)
	  Index Cond: ((id >= 4864225) AND (id <= 4864325))

table 2 : explain SELECT id, c FROM sbtest2 WHERE id BETWEEN 4864225 AND 4864325
	Index Scan using sbtest2_pkey on sbtest2  (cost=0.43..376.35 rows=94 width=125)
	  Index Cond: ((id >= 4864225) AND (id <= 4864325))

table 3 : explain SELECT id, c FROM sbtest3 WHERE id BETWEEN 4864225 AND 4864325
	Index Scan using sbtest3_pkey on sbtest3  (cost=0.43..400.27 rows=100 width=125)
	  Index Cond: ((id >= 4864225) AND (id <= 4864325))

table 4 : explain SELECT id, c FROM sbtest4 WHERE id BETWEEN 4864225 AND 4864325
	Index Scan using sbtest4_pkey on sbtest4  (cost=0.43..372.16 rows=93 width=125)
	  Index Cond: ((id >= 4864225) AND (id <= 4864325))

table 5 : explain SELECT id, c FROM sbtest5 WHERE id BETWEEN 4864225 AND 4864325
	Index Scan using sbtest5_pkey on sbtest5  (cost=0.43..378.70 rows=95 width=125)
	  Index Cond: ((id >= 4864225) AND (id <= 4864325))

table 6 : explain SELECT id, c FROM sbtest6 WHERE id BETWEEN 4864225 AND 4864325
	Index Scan using sbtest6_pkey on sbtest6  (cost=0.43..407.44 rows=102 width=125)
	  Index Cond: ((id >= 4864225) AND (id <= 4864325))

table 7 : explain SELECT id, c FROM sbtest7 WHERE id BETWEEN 4864225 AND 4864325
	Index Scan using sbtest7_pkey on sbtest7  (cost=0.43..372.65 rows=93 width=125)
	  Index Cond: ((id >= 4864225) AND (id <= 4864325))

table 8 : explain SELECT id, c FROM sbtest8 WHERE id BETWEEN 4864225 AND 4864325
	Index Scan using sbtest8_pkey on sbtest8  (cost=0.43..375.21 rows=94 width=125)
	  Index Cond: ((id >= 4864225) AND (id <= 4864325))

explain: for range-notcovered :: explain SELECT id, c FROM sbtest%d WHERE id BETWEEN 4864225 AND 4864325
for range-notcovered
table 1 : explain SELECT id, c FROM sbtest1 WHERE id BETWEEN 5195587 AND 5195687
	Index Scan using sbtest1_pkey on sbtest1  (cost=0.43..368.59 rows=92 width=125)
	  Index Cond: ((id >= 5195587) AND (id <= 5195687))

table 2 : explain SELECT id, c FROM sbtest2 WHERE id BETWEEN 5195587 AND 5195687
	Index Scan using sbtest2_pkey on sbtest2  (cost=0.43..392.17 rows=98 width=125)
	  Index Cond: ((id >= 5195587) AND (id <= 5195687))

table 3 : explain SELECT id, c FROM sbtest3 WHERE id BETWEEN 5195587 AND 5195687
	Index Scan using sbtest3_pkey on sbtest3  (cost=0.43..404.24 rows=101 width=125)
	  Index Cond: ((id >= 5195587) AND (id <= 5195687))

table 4 : explain SELECT id, c FROM sbtest4 WHERE id BETWEEN 5195587 AND 5195687
	Index Scan using sbtest4_pkey on sbtest4  (cost=0.43..399.83 rows=100 width=125)
	  Index Cond: ((id >= 5195587) AND (id <= 5195687))

table 5 : explain SELECT id, c FROM sbtest5 WHERE id BETWEEN 5195587 AND 5195687
	Index Scan using sbtest5_pkey on sbtest5  (cost=0.43..425.98 rows=107 width=125)
	  Index Cond: ((id >= 5195587) AND (id <= 5195687))

table 6 : explain SELECT id, c FROM sbtest6 WHERE id BETWEEN 5195587 AND 5195687
	Index Scan using sbtest6_pkey on sbtest6  (cost=0.43..387.67 rows=97 width=125)
	  Index Cond: ((id >= 5195587) AND (id <= 5195687))

table 7 : explain SELECT id, c FROM sbtest7 WHERE id BETWEEN 5195587 AND 5195687
	Index Scan using sbtest7_pkey on sbtest7  (cost=0.43..404.34 rows=101 width=125)
	  Index Cond: ((id >= 5195587) AND (id <= 5195687))

table 8 : explain SELECT id, c FROM sbtest8 WHERE id BETWEEN 5195587 AND 5195687
	Index Scan using sbtest8_pkey on sbtest8  (cost=0.43..406.78 rows=102 width=125)
	  Index Cond: ((id >= 5195587) AND (id <= 5195687))

explain: for range-notcovered :: explain SELECT id, c FROM sbtest%d WHERE id BETWEEN 5195587 AND 5195687
for range-notcovered
table 1 : explain SELECT id, c FROM sbtest1 WHERE id BETWEEN 4363207 AND 4363307
	Index Scan using sbtest1_pkey on sbtest1  (cost=0.43..412.14 rows=103 width=125)
	  Index Cond: ((id >= 4363207) AND (id <= 4363307))

table 2 : explain SELECT id, c FROM sbtest2 WHERE id BETWEEN 4363207 AND 4363307
	Index Scan using sbtest2_pkey on sbtest2  (cost=0.43..404.04 rows=101 width=125)
	  Index Cond: ((id >= 4363207) AND (id <= 4363307))

table 3 : explain SELECT id, c FROM sbtest3 WHERE id BETWEEN 4363207 AND 4363307
	Index Scan using sbtest3_pkey on sbtest3  (cost=0.43..392.36 rows=98 width=125)
	  Index Cond: ((id >= 4363207) AND (id <= 4363307))

table 4 : explain SELECT id, c FROM sbtest4 WHERE id BETWEEN 4363207 AND 4363307
	Index Scan using sbtest4_pkey on sbtest4  (cost=0.43..419.61 rows=105 width=125)
	  Index Cond: ((id >= 4363207) AND (id <= 4363307))

table 5 : explain SELECT id, c FROM sbtest5 WHERE id BETWEEN 4363207 AND 4363307
	Index Scan using sbtest5_pkey on sbtest5  (cost=0.43..386.58 rows=97 width=125)
	  Index Cond: ((id >= 4363207) AND (id <= 4363307))

table 6 : explain SELECT id, c FROM sbtest6 WHERE id BETWEEN 4363207 AND 4363307
	Index Scan using sbtest6_pkey on sbtest6  (cost=0.43..411.39 rows=103 width=125)
	  Index Cond: ((id >= 4363207) AND (id <= 4363307))

table 7 : explain SELECT id, c FROM sbtest7 WHERE id BETWEEN 4363207 AND 4363307
	Index Scan using sbtest7_pkey on sbtest7  (cost=0.43..360.78 rows=90 width=125)
	  Index Cond: ((id >= 4363207) AND (id <= 4363307))

table 8 : explain SELECT id, c FROM sbtest8 WHERE id BETWEEN 4363207 AND 4363307
	Index Scan using sbtest8_pkey on sbtest8  (cost=0.43..414.66 rows=104 width=125)
	  Index Cond: ((id >= 4363207) AND (id <= 4363307))

explain: for range-notcovered :: explain SELECT id, c FROM sbtest%d WHERE id BETWEEN 4363207 AND 4363307
for range-notcovered
table 1 : explain SELECT id, c FROM sbtest1 WHERE id BETWEEN 5530105 AND 5530205
	Index Scan using sbtest1_pkey on sbtest1  (cost=0.43..420.05 rows=105 width=125)
	  Index Cond: ((id >= 5530105) AND (id <= 5530205))

table 2 : explain SELECT id, c FROM sbtest2 WHERE id BETWEEN 5530105 AND 5530205
	Index Scan using sbtest2_pkey on sbtest2  (cost=0.43..368.44 rows=92 width=125)
	  Index Cond: ((id >= 5530105) AND (id <= 5530205))

table 3 : explain SELECT id, c FROM sbtest3 WHERE id BETWEEN 5530105 AND 5530205
	Index Scan using sbtest3_pkey on sbtest3  (cost=0.43..400.27 rows=100 width=125)
	  Index Cond: ((id >= 5530105) AND (id <= 5530205))

table 4 : explain SELECT id, c FROM sbtest4 WHERE id BETWEEN 5530105 AND 5530205
	Index Scan using sbtest4_pkey on sbtest4  (cost=0.43..376.11 rows=94 width=125)
	  Index Cond: ((id >= 5530105) AND (id <= 5530205))

table 5 : explain SELECT id, c FROM sbtest5 WHERE id BETWEEN 5530105 AND 5530205
	Index Scan using sbtest5_pkey on sbtest5  (cost=0.43..410.23 rows=103 width=125)
	  Index Cond: ((id >= 5530105) AND (id <= 5530205))

table 6 : explain SELECT id, c FROM sbtest6 WHERE id BETWEEN 5530105 AND 5530205
	Index Scan using sbtest6_pkey on sbtest6  (cost=0.43..407.44 rows=102 width=125)
	  Index Cond: ((id >= 5530105) AND (id <= 5530205))

table 7 : explain SELECT id, c FROM sbtest7 WHERE id BETWEEN 5530105 AND 5530205
	Index Scan using sbtest7_pkey on sbtest7  (cost=0.43..428.09 rows=107 width=125)
	  Index Cond: ((id >= 5530105) AND (id <= 5530205))

table 8 : explain SELECT id, c FROM sbtest8 WHERE id BETWEEN 5530105 AND 5530205
	Index Scan using sbtest8_pkey on sbtest8  (cost=0.43..410.72 rows=103 width=125)
	  Index Cond: ((id >= 5530105) AND (id <= 5530205))

for range-notcovered
table 1 : explain SELECT id, c FROM sbtest1 WHERE id BETWEEN 7956714 AND 7956814
	Index Scan using sbtest1_pkey on sbtest1  (cost=0.43..431.93 rows=108 width=125)
	  Index Cond: ((id >= 7956714) AND (id <= 7956814))

table 2 : explain SELECT id, c FROM sbtest2 WHERE id BETWEEN 7956714 AND 7956814
	Index Scan using sbtest2_pkey on sbtest2  (cost=0.43..404.05 rows=101 width=125)
	  Index Cond: ((id >= 7956714) AND (id <= 7956814))

table 3 : explain SELECT id, c FROM sbtest3 WHERE id BETWEEN 7956714 AND 7956814
	Index Scan using sbtest3_pkey on sbtest3  (cost=0.43..416.12 rows=104 width=125)
	  Index Cond: ((id >= 7956714) AND (id <= 7956814))

table 4 : explain SELECT id, c FROM sbtest4 WHERE id BETWEEN 7956714 AND 7956814
	Index Scan using sbtest4_pkey on sbtest4  (cost=0.43..364.25 rows=91 width=125)
	  Index Cond: ((id >= 7956714) AND (id <= 7956814))

table 5 : explain SELECT id, c FROM sbtest5 WHERE id BETWEEN 7956714 AND 7956814
	Index Scan using sbtest5_pkey on sbtest5  (cost=0.43..390.51 rows=98 width=125)
	  Index Cond: ((id >= 7956714) AND (id <= 7956814))

table 6 : explain SELECT id, c FROM sbtest6 WHERE id BETWEEN 7956714 AND 7956814
	Index Scan using sbtest6_pkey on sbtest6  (cost=0.43..419.29 rows=105 width=125)
	  Index Cond: ((id >= 7956714) AND (id <= 7956814))

table 7 : explain SELECT id, c FROM sbtest7 WHERE id BETWEEN 7956714 AND 7956814
	Index Scan using sbtest7_pkey on sbtest7  (cost=0.43..428.09 rows=107 width=125)
	  Index Cond: ((id >= 7956714) AND (id <= 7956814))

table 8 : explain SELECT id, c FROM sbtest8 WHERE id BETWEEN 7956714 AND 7956814
	Index Scan using sbtest8_pkey on sbtest8  (cost=0.43..414.66 rows=104 width=125)
	  Index Cond: ((id >= 7956714) AND (id <= 7956814))

explain: for range-notcovered :: explain SELECT id, c FROM sbtest%d WHERE id BETWEEN 5530105 AND 5530205
for range-notcovered
table 1 : explain SELECT id, c FROM sbtest1 WHERE id BETWEEN 5195587 AND 5195687
	Index Scan using sbtest1_pkey on sbtest1  (cost=0.43..368.59 rows=92 width=125)
	  Index Cond: ((id >= 5195587) AND (id <= 5195687))

table 2 : explain SELECT id, c FROM sbtest2 WHERE id BETWEEN 5195587 AND 5195687
	Index Scan using sbtest2_pkey on sbtest2  (cost=0.43..392.17 rows=98 width=125)
	  Index Cond: ((id >= 5195587) AND (id <= 5195687))

table 3 : explain SELECT id, c FROM sbtest3 WHERE id BETWEEN 5195587 AND 5195687
	Index Scan using sbtest3_pkey on sbtest3  (cost=0.43..404.24 rows=101 width=125)
	  Index Cond: ((id >= 5195587) AND (id <= 5195687))

table 4 : explain SELECT id, c FROM sbtest4 WHERE id BETWEEN 5195587 AND 5195687
	Index Scan using sbtest4_pkey on sbtest4  (cost=0.43..399.83 rows=100 width=125)
	  Index Cond: ((id >= 5195587) AND (id <= 5195687))

table 5 : explain SELECT id, c FROM sbtest5 WHERE id BETWEEN 5195587 AND 5195687
	Index Scan using sbtest5_pkey on sbtest5  (cost=0.43..425.98 rows=107 width=125)
	  Index Cond: ((id >= 5195587) AND (id <= 5195687))

table 6 : explain SELECT id, c FROM sbtest6 WHERE id BETWEEN 5195587 AND 5195687
	Index Scan using sbtest6_pkey on sbtest6  (cost=0.43..387.67 rows=97 width=125)
	  Index Cond: ((id >= 5195587) AND (id <= 5195687))

table 7 : explain SELECT id, c FROM sbtest7 WHERE id BETWEEN 5195587 AND 5195687
	Index Scan using sbtest7_pkey on sbtest7  (cost=0.43..404.34 rows=101 width=125)
	  Index Cond: ((id >= 5195587) AND (id <= 5195687))

table 8 : explain SELECT id, c FROM sbtest8 WHERE id BETWEEN 5195587 AND 5195687
	Index Scan using sbtest8_pkey on sbtest8  (cost=0.43..406.78 rows=102 width=125)
	  Index Cond: ((id >= 5195587) AND (id <= 5195687))

explain: for range-notcovered :: explain SELECT id, c FROM sbtest%d WHERE id BETWEEN 7956714 AND 7956814
explain: for range-notcovered :: explain SELECT id, c FROM sbtest%d WHERE id BETWEEN 5195587 AND 5195687
for range-notcovered
table 1 : explain SELECT id, c FROM sbtest1 WHERE id BETWEEN 4363207 AND 4363307
	Index Scan using sbtest1_pkey on sbtest1  (cost=0.43..412.14 rows=103 width=125)
	  Index Cond: ((id >= 4363207) AND (id <= 4363307))

table 2 : explain SELECT id, c FROM sbtest2 WHERE id BETWEEN 4363207 AND 4363307
	Index Scan using sbtest2_pkey on sbtest2  (cost=0.43..404.04 rows=101 width=125)
	  Index Cond: ((id >= 4363207) AND (id <= 4363307))

table 3 : explain SELECT id, c FROM sbtest3 WHERE id BETWEEN 4363207 AND 4363307
	Index Scan using sbtest3_pkey on sbtest3  (cost=0.43..392.36 rows=98 width=125)
	  Index Cond: ((id >= 4363207) AND (id <= 4363307))

table 4 : explain SELECT id, c FROM sbtest4 WHERE id BETWEEN 4363207 AND 4363307
	Index Scan using sbtest4_pkey on sbtest4  (cost=0.43..419.61 rows=105 width=125)
	  Index Cond: ((id >= 4363207) AND (id <= 4363307))

table 5 : explain SELECT id, c FROM sbtest5 WHERE id BETWEEN 4363207 AND 4363307
	Index Scan using sbtest5_pkey on sbtest5  (cost=0.43..386.58 rows=97 width=125)
	  Index Cond: ((id >= 4363207) AND (id <= 4363307))

table 6 : explain SELECT id, c FROM sbtest6 WHERE id BETWEEN 4363207 AND 4363307
	Index Scan using sbtest6_pkey on sbtest6  (cost=0.43..411.39 rows=103 width=125)
	  Index Cond: ((id >= 4363207) AND (id <= 4363307))

table 7 : explain SELECT id, c FROM sbtest7 WHERE id BETWEEN 4363207 AND 4363307
	Index Scan using sbtest7_pkey on sbtest7  (cost=0.43..360.78 rows=90 width=125)
	  Index Cond: ((id >= 4363207) AND (id <= 4363307))

table 8 : explain SELECT id, c FROM sbtest8 WHERE id BETWEEN 4363207 AND 4363307
	Index Scan using sbtest8_pkey on sbtest8  (cost=0.43..414.66 rows=104 width=125)
	  Index Cond: ((id >= 4363207) AND (id <= 4363307))

for range-notcovered
table 1 : explain SELECT id, c FROM sbtest1 WHERE id BETWEEN 4864225 AND 4864325
	Index Scan using sbtest1_pkey on sbtest1  (cost=0.43..443.80 rows=111 width=125)
	  Index Cond: ((id >= 4864225) AND (id <= 4864325))

table 2 : explain SELECT id, c FROM sbtest2 WHERE id BETWEEN 4864225 AND 4864325
	Index Scan using sbtest2_pkey on sbtest2  (cost=0.43..376.35 rows=94 width=125)
	  Index Cond: ((id >= 4864225) AND (id <= 4864325))

table 3 : explain SELECT id, c FROM sbtest3 WHERE id BETWEEN 4864225 AND 4864325
	Index Scan using sbtest3_pkey on sbtest3  (cost=0.43..400.27 rows=100 width=125)
	  Index Cond: ((id >= 4864225) AND (id <= 4864325))

table 4 : explain SELECT id, c FROM sbtest4 WHERE id BETWEEN 4864225 AND 4864325
	Index Scan using sbtest4_pkey on sbtest4  (cost=0.43..372.16 rows=93 width=125)
	  Index Cond: ((id >= 4864225) AND (id <= 4864325))

table 5 : explain SELECT id, c FROM sbtest5 WHERE id BETWEEN 4864225 AND 4864325
	Index Scan using sbtest5_pkey on sbtest5  (cost=0.43..378.70 rows=95 width=125)
	  Index Cond: ((id >= 4864225) AND (id <= 4864325))

table 6 : explain SELECT id, c FROM sbtest6 WHERE id BETWEEN 4864225 AND 4864325
	Index Scan using sbtest6_pkey on sbtest6  (cost=0.43..407.44 rows=102 width=125)
	  Index Cond: ((id >= 4864225) AND (id <= 4864325))

table 7 : explain SELECT id, c FROM sbtest7 WHERE id BETWEEN 4864225 AND 4864325
	Index Scan using sbtest7_pkey on sbtest7  (cost=0.43..372.65 rows=93 width=125)
	  Index Cond: ((id >= 4864225) AND (id <= 4864325))

table 8 : explain SELECT id, c FROM sbtest8 WHERE id BETWEEN 4864225 AND 4864325
	Index Scan using sbtest8_pkey on sbtest8  (cost=0.43..375.21 rows=94 width=125)
	  Index Cond: ((id >= 4864225) AND (id <= 4864325))

explain: for range-notcovered :: explain SELECT id, c FROM sbtest%d WHERE id BETWEEN 4363207 AND 4363307
explain: for range-notcovered :: explain SELECT id, c FROM sbtest%d WHERE id BETWEEN 4864225 AND 4864325
for range-notcovered
table 1 : explain SELECT id, c FROM sbtest1 WHERE id BETWEEN 5530105 AND 5530205
	Index Scan using sbtest1_pkey on sbtest1  (cost=0.43..420.05 rows=105 width=125)
	  Index Cond: ((id >= 5530105) AND (id <= 5530205))

table 2 : explain SELECT id, c FROM sbtest2 WHERE id BETWEEN 5530105 AND 5530205
	Index Scan using sbtest2_pkey on sbtest2  (cost=0.43..368.44 rows=92 width=125)
	  Index Cond: ((id >= 5530105) AND (id <= 5530205))

table 3 : explain SELECT id, c FROM sbtest3 WHERE id BETWEEN 5530105 AND 5530205
	Index Scan using sbtest3_pkey on sbtest3  (cost=0.43..400.27 rows=100 width=125)
	  Index Cond: ((id >= 5530105) AND (id <= 5530205))

table 4 : explain SELECT id, c FROM sbtest4 WHERE id BETWEEN 5530105 AND 5530205
	Index Scan using sbtest4_pkey on sbtest4  (cost=0.43..376.11 rows=94 width=125)
	  Index Cond: ((id >= 5530105) AND (id <= 5530205))

table 5 : explain SELECT id, c FROM sbtest5 WHERE id BETWEEN 5530105 AND 5530205
	Index Scan using sbtest5_pkey on sbtest5  (cost=0.43..410.23 rows=103 width=125)
	  Index Cond: ((id >= 5530105) AND (id <= 5530205))

table 6 : explain SELECT id, c FROM sbtest6 WHERE id BETWEEN 5530105 AND 5530205
	Index Scan using sbtest6_pkey on sbtest6  (cost=0.43..407.44 rows=102 width=125)
	  Index Cond: ((id >= 5530105) AND (id <= 5530205))

table 7 : explain SELECT id, c FROM sbtest7 WHERE id BETWEEN 5530105 AND 5530205
	Index Scan using sbtest7_pkey on sbtest7  (cost=0.43..428.09 rows=107 width=125)
	  Index Cond: ((id >= 5530105) AND (id <= 5530205))

table 8 : explain SELECT id, c FROM sbtest8 WHERE id BETWEEN 5530105 AND 5530205
	Index Scan using sbtest8_pkey on sbtest8  (cost=0.43..410.72 rows=103 width=125)
	  Index Cond: ((id >= 5530105) AND (id <= 5530205))

explain: for range-notcovered :: explain SELECT id, c FROM sbtest%d WHERE id BETWEEN 5530105 AND 5530205
for range-notcovered
table 1 : explain SELECT id, c FROM sbtest1 WHERE id BETWEEN 7956714 AND 7956814
	Index Scan using sbtest1_pkey on sbtest1  (cost=0.43..431.93 rows=108 width=125)
	  Index Cond: ((id >= 7956714) AND (id <= 7956814))

table 2 : explain SELECT id, c FROM sbtest2 WHERE id BETWEEN 7956714 AND 7956814
	Index Scan using sbtest2_pkey on sbtest2  (cost=0.43..404.05 rows=101 width=125)
	  Index Cond: ((id >= 7956714) AND (id <= 7956814))

table 3 : explain SELECT id, c FROM sbtest3 WHERE id BETWEEN 7956714 AND 7956814
	Index Scan using sbtest3_pkey on sbtest3  (cost=0.43..416.12 rows=104 width=125)
	  Index Cond: ((id >= 7956714) AND (id <= 7956814))

table 4 : explain SELECT id, c FROM sbtest4 WHERE id BETWEEN 7956714 AND 7956814
	Index Scan using sbtest4_pkey on sbtest4  (cost=0.43..364.25 rows=91 width=125)
	  Index Cond: ((id >= 7956714) AND (id <= 7956814))

table 5 : explain SELECT id, c FROM sbtest5 WHERE id BETWEEN 7956714 AND 7956814
	Index Scan using sbtest5_pkey on sbtest5  (cost=0.43..390.51 rows=98 width=125)
	  Index Cond: ((id >= 7956714) AND (id <= 7956814))

table 6 : explain SELECT id, c FROM sbtest6 WHERE id BETWEEN 7956714 AND 7956814
	Index Scan using sbtest6_pkey on sbtest6  (cost=0.43..419.29 rows=105 width=125)
	  Index Cond: ((id >= 7956714) AND (id <= 7956814))

table 7 : explain SELECT id, c FROM sbtest7 WHERE id BETWEEN 7956714 AND 7956814
	Index Scan using sbtest7_pkey on sbtest7  (cost=0.43..428.09 rows=107 width=125)
	  Index Cond: ((id >= 7956714) AND (id <= 7956814))

table 8 : explain SELECT id, c FROM sbtest8 WHERE id BETWEEN 7956714 AND 7956814
	Index Scan using sbtest8_pkey on sbtest8  (cost=0.43..414.66 rows=104 width=125)
	  Index Cond: ((id >= 7956714) AND (id <= 7956814))

for range-notcovered
table 1 : explain SELECT id, c FROM sbtest1 WHERE id BETWEEN 5195587 AND 5195687
	Index Scan using sbtest1_pkey on sbtest1  (cost=0.43..368.59 rows=92 width=125)
	  Index Cond: ((id >= 5195587) AND (id <= 5195687))

table 2 : explain SELECT id, c FROM sbtest2 WHERE id BETWEEN 5195587 AND 5195687
	Index Scan using sbtest2_pkey on sbtest2  (cost=0.43..392.17 rows=98 width=125)
	  Index Cond: ((id >= 5195587) AND (id <= 5195687))

table 3 : explain SELECT id, c FROM sbtest3 WHERE id BETWEEN 5195587 AND 5195687
	Index Scan using sbtest3_pkey on sbtest3  (cost=0.43..404.24 rows=101 width=125)
	  Index Cond: ((id >= 5195587) AND (id <= 5195687))

table 4 : explain SELECT id, c FROM sbtest4 WHERE id BETWEEN 5195587 AND 5195687
	Index Scan using sbtest4_pkey on sbtest4  (cost=0.43..399.83 rows=100 width=125)
	  Index Cond: ((id >= 5195587) AND (id <= 5195687))

table 5 : explain SELECT id, c FROM sbtest5 WHERE id BETWEEN 5195587 AND 5195687
	Index Scan using sbtest5_pkey on sbtest5  (cost=0.43..425.98 rows=107 width=125)
	  Index Cond: ((id >= 5195587) AND (id <= 5195687))

table 6 : explain SELECT id, c FROM sbtest6 WHERE id BETWEEN 5195587 AND 5195687
	Index Scan using sbtest6_pkey on sbtest6  (cost=0.43..387.67 rows=97 width=125)
	  Index Cond: ((id >= 5195587) AND (id <= 5195687))

table 7 : explain SELECT id, c FROM sbtest7 WHERE id BETWEEN 5195587 AND 5195687
	Index Scan using sbtest7_pkey on sbtest7  (cost=0.43..404.34 rows=101 width=125)
	  Index Cond: ((id >= 5195587) AND (id <= 5195687))

table 8 : explain SELECT id, c FROM sbtest8 WHERE id BETWEEN 5195587 AND 5195687
	Index Scan using sbtest8_pkey on sbtest8  (cost=0.43..406.78 rows=102 width=125)
	  Index Cond: ((id >= 5195587) AND (id <= 5195687))

explain: for range-notcovered :: explain SELECT id, c FROM sbtest%d WHERE id BETWEEN 7956714 AND 7956814
explain: for range-notcovered :: explain SELECT id, c FROM sbtest%d WHERE id BETWEEN 5195587 AND 5195687
for range-notcovered
table 1 : explain SELECT id, c FROM sbtest1 WHERE id BETWEEN 4363207 AND 4363307
	Index Scan using sbtest1_pkey on sbtest1  (cost=0.43..412.14 rows=103 width=125)
	  Index Cond: ((id >= 4363207) AND (id <= 4363307))

table 2 : explain SELECT id, c FROM sbtest2 WHERE id BETWEEN 4363207 AND 4363307
	Index Scan using sbtest2_pkey on sbtest2  (cost=0.43..404.04 rows=101 width=125)
	  Index Cond: ((id >= 4363207) AND (id <= 4363307))

table 3 : explain SELECT id, c FROM sbtest3 WHERE id BETWEEN 4363207 AND 4363307
	Index Scan using sbtest3_pkey on sbtest3  (cost=0.43..392.36 rows=98 width=125)
	  Index Cond: ((id >= 4363207) AND (id <= 4363307))

table 4 : explain SELECT id, c FROM sbtest4 WHERE id BETWEEN 4363207 AND 4363307
	Index Scan using sbtest4_pkey on sbtest4  (cost=0.43..419.61 rows=105 width=125)
	  Index Cond: ((id >= 4363207) AND (id <= 4363307))

table 5 : explain SELECT id, c FROM sbtest5 WHERE id BETWEEN 4363207 AND 4363307
	Index Scan using sbtest5_pkey on sbtest5  (cost=0.43..386.58 rows=97 width=125)
	  Index Cond: ((id >= 4363207) AND (id <= 4363307))

table 6 : explain SELECT id, c FROM sbtest6 WHERE id BETWEEN 4363207 AND 4363307
	Index Scan using sbtest6_pkey on sbtest6  (cost=0.43..411.39 rows=103 width=125)
	  Index Cond: ((id >= 4363207) AND (id <= 4363307))

table 7 : explain SELECT id, c FROM sbtest7 WHERE id BETWEEN 4363207 AND 4363307
	Index Scan using sbtest7_pkey on sbtest7  (cost=0.43..360.78 rows=90 width=125)
	  Index Cond: ((id >= 4363207) AND (id <= 4363307))

table 8 : explain SELECT id, c FROM sbtest8 WHERE id BETWEEN 4363207 AND 4363307
	Index Scan using sbtest8_pkey on sbtest8  (cost=0.43..414.66 rows=104 width=125)
	  Index Cond: ((id >= 4363207) AND (id <= 4363307))

for range-notcovered
table 1 : explain SELECT id, c FROM sbtest1 WHERE id BETWEEN 4864225 AND 4864325
	Index Scan using sbtest1_pkey on sbtest1  (cost=0.43..443.80 rows=111 width=125)
	  Index Cond: ((id >= 4864225) AND (id <= 4864325))

table 2 : explain SELECT id, c FROM sbtest2 WHERE id BETWEEN 4864225 AND 4864325
	Index Scan using sbtest2_pkey on sbtest2  (cost=0.43..376.35 rows=94 width=125)
	  Index Cond: ((id >= 4864225) AND (id <= 4864325))

table 3 : explain SELECT id, c FROM sbtest3 WHERE id BETWEEN 4864225 AND 4864325
	Index Scan using sbtest3_pkey on sbtest3  (cost=0.43..400.27 rows=100 width=125)
	  Index Cond: ((id >= 4864225) AND (id <= 4864325))

table 4 : explain SELECT id, c FROM sbtest4 WHERE id BETWEEN 4864225 AND 4864325
	Index Scan using sbtest4_pkey on sbtest4  (cost=0.43..372.16 rows=93 width=125)
	  Index Cond: ((id >= 4864225) AND (id <= 4864325))

table 5 : explain SELECT id, c FROM sbtest5 WHERE id BETWEEN 4864225 AND 4864325
	Index Scan using sbtest5_pkey on sbtest5  (cost=0.43..378.70 rows=95 width=125)
	  Index Cond: ((id >= 4864225) AND (id <= 4864325))

table 6 : explain SELECT id, c FROM sbtest6 WHERE id BETWEEN 4864225 AND 4864325
	Index Scan using sbtest6_pkey on sbtest6  (cost=0.43..407.44 rows=102 width=125)
	  Index Cond: ((id >= 4864225) AND (id <= 4864325))

table 7 : explain SELECT id, c FROM sbtest7 WHERE id BETWEEN 4864225 AND 4864325
	Index Scan using sbtest7_pkey on sbtest7  (cost=0.43..372.65 rows=93 width=125)
	  Index Cond: ((id >= 4864225) AND (id <= 4864325))

table 8 : explain SELECT id, c FROM sbtest8 WHERE id BETWEEN 4864225 AND 4864325
	Index Scan using sbtest8_pkey on sbtest8  (cost=0.43..375.21 rows=94 width=125)
	  Index Cond: ((id >= 4864225) AND (id <= 4864325))

explain: for range-notcovered :: explain SELECT id, c FROM sbtest%d WHERE id BETWEEN 4363207 AND 4363307
explain: for range-notcovered :: explain SELECT id, c FROM sbtest%d WHERE id BETWEEN 4864225 AND 4864325
explain: for range-notcovered :: explain SELECT id, c FROM sbtest%d WHERE id BETWEEN 3559276 AND 3559376
for range-notcovered
table 1 : explain SELECT id, c FROM sbtest1 WHERE id BETWEEN 5346674 AND 5346774
	Index Scan using sbtest1_pkey on sbtest1  (cost=0.43..420.05 rows=105 width=125)
	  Index Cond: ((id >= 5346674) AND (id <= 5346774))

table 2 : explain SELECT id, c FROM sbtest2 WHERE id BETWEEN 5346674 AND 5346774
	Index Scan using sbtest2_pkey on sbtest2  (cost=0.43..431.74 rows=108 width=125)
	  Index Cond: ((id >= 5346674) AND (id <= 5346774))

table 3 : explain SELECT id, c FROM sbtest3 WHERE id BETWEEN 5346674 AND 5346774
	Index Scan using sbtest3_pkey on sbtest3  (cost=0.43..384.44 rows=96 width=125)
	  Index Cond: ((id >= 5346674) AND (id <= 5346774))

table 4 : explain SELECT id, c FROM sbtest4 WHERE id BETWEEN 5346674 AND 5346774
	Index Scan using sbtest4_pkey on sbtest4  (cost=0.43..395.88 rows=99 width=125)
	  Index Cond: ((id >= 5346674) AND (id <= 5346774))

table 5 : explain SELECT id, c FROM sbtest5 WHERE id BETWEEN 5346674 AND 5346774
	Index Scan using sbtest5_pkey on sbtest5  (cost=0.43..366.88 rows=92 width=125)
	  Index Cond: ((id >= 5346674) AND (id <= 5346774))

table 6 : explain SELECT id, c FROM sbtest6 WHERE id BETWEEN 5346674 AND 5346774
	Index Scan using sbtest6_pkey on sbtest6  (cost=0.43..387.67 rows=97 width=125)
	  Index Cond: ((id >= 5346674) AND (id <= 5346774))

table 7 : explain SELECT id, c FROM sbtest7 WHERE id BETWEEN 5346674 AND 5346774
	Index Scan using sbtest7_pkey on sbtest7  (cost=0.43..372.65 rows=93 width=125)
	  Index Cond: ((id >= 5346674) AND (id <= 5346774))

table 8 : explain SELECT id, c FROM sbtest8 WHERE id BETWEEN 5346674 AND 5346774
	Index Scan using sbtest8_pkey on sbtest8  (cost=0.43..390.98 rows=98 width=125)
	  Index Cond: ((id >= 5346674) AND (id <= 5346774))

explain: for range-notcovered :: explain SELECT id, c FROM sbtest%d WHERE id BETWEEN 5346674 AND 5346774
for range-notcovered
table 1 : explain SELECT id, c FROM sbtest1 WHERE id BETWEEN 3249157 AND 3249257
	Index Scan using sbtest1_pkey on sbtest1  (cost=0.43..388.38 rows=97 width=125)
	  Index Cond: ((id >= 3249157) AND (id <= 3249257))

table 2 : explain SELECT id, c FROM sbtest2 WHERE id BETWEEN 3249157 AND 3249257
	Index Scan using sbtest2_pkey on sbtest2  (cost=0.43..404.04 rows=101 width=125)
	  Index Cond: ((id >= 3249157) AND (id <= 3249257))

table 3 : explain SELECT id, c FROM sbtest3 WHERE id BETWEEN 3249157 AND 3249257
	Index Scan using sbtest3_pkey on sbtest3  (cost=0.43..420.07 rows=105 width=125)
	  Index Cond: ((id >= 3249157) AND (id <= 3249257))

table 4 : explain SELECT id, c FROM sbtest4 WHERE id BETWEEN 3249157 AND 3249257
	Index Scan using sbtest4_pkey on sbtest4  (cost=0.43..411.71 rows=103 width=125)
	  Index Cond: ((id >= 3249157) AND (id <= 3249257))

table 5 : explain SELECT id, c FROM sbtest5 WHERE id BETWEEN 3249157 AND 3249257
	Index Scan using sbtest5_pkey on sbtest5  (cost=0.43..402.35 rows=101 width=125)
	  Index Cond: ((id >= 3249157) AND (id <= 3249257))

table 6 : explain SELECT id, c FROM sbtest6 WHERE id BETWEEN 3249157 AND 3249257
	Index Scan using sbtest6_pkey on sbtest6  (cost=0.43..391.62 rows=98 width=125)
	  Index Cond: ((id >= 3249157) AND (id <= 3249257))

table 7 : explain SELECT id, c FROM sbtest7 WHERE id BETWEEN 3249157 AND 3249257
	Index Scan using sbtest7_pkey on sbtest7  (cost=0.43..404.34 rows=101 width=125)
	  Index Cond: ((id >= 3249157) AND (id <= 3249257))

table 8 : explain SELECT id, c FROM sbtest8 WHERE id BETWEEN 3249157 AND 3249257
	Index Scan using sbtest8_pkey on sbtest8  (cost=0.43..438.32 rows=110 width=125)
	  Index Cond: ((id >= 3249157) AND (id <= 3249257))

explain: for range-notcovered :: explain SELECT id, c FROM sbtest%d WHERE id BETWEEN 3249157 AND 3249257
for range-notcovered
table 1 : explain SELECT id, c FROM sbtest1 WHERE id BETWEEN 4864225 AND 4864325
	Index Scan using sbtest1_pkey on sbtest1  (cost=0.43..443.80 rows=111 width=125)
	  Index Cond: ((id >= 4864225) AND (id <= 4864325))

table 2 : explain SELECT id, c FROM sbtest2 WHERE id BETWEEN 4864225 AND 4864325
	Index Scan using sbtest2_pkey on sbtest2  (cost=0.43..376.35 rows=94 width=125)
	  Index Cond: ((id >= 4864225) AND (id <= 4864325))

table 3 : explain SELECT id, c FROM sbtest3 WHERE id BETWEEN 4864225 AND 4864325
	Index Scan using sbtest3_pkey on sbtest3  (cost=0.43..400.27 rows=100 width=125)
	  Index Cond: ((id >= 4864225) AND (id <= 4864325))

table 4 : explain SELECT id, c FROM sbtest4 WHERE id BETWEEN 4864225 AND 4864325
	Index Scan using sbtest4_pkey on sbtest4  (cost=0.43..372.16 rows=93 width=125)
	  Index Cond: ((id >= 4864225) AND (id <= 4864325))

table 5 : explain SELECT id, c FROM sbtest5 WHERE id BETWEEN 4864225 AND 4864325
	Index Scan using sbtest5_pkey on sbtest5  (cost=0.43..378.70 rows=95 width=125)
	  Index Cond: ((id >= 4864225) AND (id <= 4864325))

table 6 : explain SELECT id, c FROM sbtest6 WHERE id BETWEEN 4864225 AND 4864325
	Index Scan using sbtest6_pkey on sbtest6  (cost=0.43..407.44 rows=102 width=125)
	  Index Cond: ((id >= 4864225) AND (id <= 4864325))

table 7 : explain SELECT id, c FROM sbtest7 WHERE id BETWEEN 4864225 AND 4864325
	Index Scan using sbtest7_pkey on sbtest7  (cost=0.43..372.65 rows=93 width=125)
	  Index Cond: ((id >= 4864225) AND (id <= 4864325))

table 8 : explain SELECT id, c FROM sbtest8 WHERE id BETWEEN 4864225 AND 4864325
	Index Scan using sbtest8_pkey on sbtest8  (cost=0.43..375.21 rows=94 width=125)
	  Index Cond: ((id >= 4864225) AND (id <= 4864325))

for range-notcovered
table 1 : explain SELECT id, c FROM sbtest1 WHERE id BETWEEN 4363207 AND 4363307
	Index Scan using sbtest1_pkey on sbtest1  (cost=0.43..412.14 rows=103 width=125)
	  Index Cond: ((id >= 4363207) AND (id <= 4363307))

table 2 : explain SELECT id, c FROM sbtest2 WHERE id BETWEEN 4363207 AND 4363307
	Index Scan using sbtest2_pkey on sbtest2  (cost=0.43..404.04 rows=101 width=125)
	  Index Cond: ((id >= 4363207) AND (id <= 4363307))

table 3 : explain SELECT id, c FROM sbtest3 WHERE id BETWEEN 4363207 AND 4363307
	Index Scan using sbtest3_pkey on sbtest3  (cost=0.43..392.36 rows=98 width=125)
	  Index Cond: ((id >= 4363207) AND (id <= 4363307))

table 4 : explain SELECT id, c FROM sbtest4 WHERE id BETWEEN 4363207 AND 4363307
	Index Scan using sbtest4_pkey on sbtest4  (cost=0.43..419.61 rows=105 width=125)
	  Index Cond: ((id >= 4363207) AND (id <= 4363307))

table 5 : explain SELECT id, c FROM sbtest5 WHERE id BETWEEN 4363207 AND 4363307
	Index Scan using sbtest5_pkey on sbtest5  (cost=0.43..386.58 rows=97 width=125)
	  Index Cond: ((id >= 4363207) AND (id <= 4363307))

table 6 : explain SELECT id, c FROM sbtest6 WHERE id BETWEEN 4363207 AND 4363307
	Index Scan using sbtest6_pkey on sbtest6  (cost=0.43..411.39 rows=103 width=125)
	  Index Cond: ((id >= 4363207) AND (id <= 4363307))

table 7 : explain SELECT id, c FROM sbtest7 WHERE id BETWEEN 4363207 AND 4363307
	Index Scan using sbtest7_pkey on sbtest7  (cost=0.43..360.78 rows=90 width=125)
	  Index Cond: ((id >= 4363207) AND (id <= 4363307))

table 8 : explain SELECT id, c FROM sbtest8 WHERE id BETWEEN 4363207 AND 4363307
	Index Scan using sbtest8_pkey on sbtest8  (cost=0.43..414.66 rows=104 width=125)
	  Index Cond: ((id >= 4363207) AND (id <= 4363307))

explain: for range-notcovered :: explain SELECT id, c FROM sbtest%d WHERE id BETWEEN 4864225 AND 4864325
explain: for range-notcovered :: explain SELECT id, c FROM sbtest%d WHERE id BETWEEN 4363207 AND 4363307
for range-notcovered
table 1 : explain SELECT id, c FROM sbtest1 WHERE id BETWEEN 5346674 AND 5346774
	Index Scan using sbtest1_pkey on sbtest1  (cost=0.43..420.05 rows=105 width=125)
	  Index Cond: ((id >= 5346674) AND (id <= 5346774))

table 2 : explain SELECT id, c FROM sbtest2 WHERE id BETWEEN 5346674 AND 5346774
	Index Scan using sbtest2_pkey on sbtest2  (cost=0.43..431.74 rows=108 width=125)
	  Index Cond: ((id >= 5346674) AND (id <= 5346774))

table 3 : explain SELECT id, c FROM sbtest3 WHERE id BETWEEN 5346674 AND 5346774
	Index Scan using sbtest3_pkey on sbtest3  (cost=0.43..384.44 rows=96 width=125)
	  Index Cond: ((id >= 5346674) AND (id <= 5346774))

table 4 : explain SELECT id, c FROM sbtest4 WHERE id BETWEEN 5346674 AND 5346774
	Index Scan using sbtest4_pkey on sbtest4  (cost=0.43..395.88 rows=99 width=125)
	  Index Cond: ((id >= 5346674) AND (id <= 5346774))

table 5 : explain SELECT id, c FROM sbtest5 WHERE id BETWEEN 5346674 AND 5346774
	Index Scan using sbtest5_pkey on sbtest5  (cost=0.43..366.88 rows=92 width=125)
	  Index Cond: ((id >= 5346674) AND (id <= 5346774))

table 6 : explain SELECT id, c FROM sbtest6 WHERE id BETWEEN 5346674 AND 5346774
	Index Scan using sbtest6_pkey on sbtest6  (cost=0.43..387.67 rows=97 width=125)
	  Index Cond: ((id >= 5346674) AND (id <= 5346774))

table 7 : explain SELECT id, c FROM sbtest7 WHERE id BETWEEN 5346674 AND 5346774
	Index Scan using sbtest7_pkey on sbtest7  (cost=0.43..372.65 rows=93 width=125)
	  Index Cond: ((id >= 5346674) AND (id <= 5346774))

table 8 : explain SELECT id, c FROM sbtest8 WHERE id BETWEEN 5346674 AND 5346774
	Index Scan using sbtest8_pkey on sbtest8  (cost=0.43..390.98 rows=98 width=125)
	  Index Cond: ((id >= 5346674) AND (id <= 5346774))

explain: for range-notcovered :: explain SELECT id, c FROM sbtest%d WHERE id BETWEEN 5346674 AND 5346774
explain: for range-notcovered :: explain SELECT id, c FROM sbtest%d WHERE id BETWEEN 6520058 AND 6520158
for range-notcovered
table 1 : explain SELECT id, c FROM sbtest1 WHERE id BETWEEN 7471552 AND 7471652
	Index Scan using sbtest1_pkey on sbtest1  (cost=0.43..427.97 rows=107 width=125)
	  Index Cond: ((id >= 7471552) AND (id <= 7471652))

table 2 : explain SELECT id, c FROM sbtest2 WHERE id BETWEEN 7471552 AND 7471652
	Index Scan using sbtest2_pkey on sbtest2  (cost=0.43..408.01 rows=102 width=125)
	  Index Cond: ((id >= 7471552) AND (id <= 7471652))

table 3 : explain SELECT id, c FROM sbtest3 WHERE id BETWEEN 7471552 AND 7471652
	Index Scan using sbtest3_pkey on sbtest3  (cost=0.43..400.27 rows=100 width=125)
	  Index Cond: ((id >= 7471552) AND (id <= 7471652))

table 4 : explain SELECT id, c FROM sbtest4 WHERE id BETWEEN 7471552 AND 7471652
	Index Scan using sbtest4_pkey on sbtest4  (cost=0.43..368.21 rows=92 width=125)
	  Index Cond: ((id >= 7471552) AND (id <= 7471652))

table 5 : explain SELECT id, c FROM sbtest5 WHERE id BETWEEN 7471552 AND 7471652
	Index Scan using sbtest5_pkey on sbtest5  (cost=0.43..410.23 rows=103 width=125)
	  Index Cond: ((id >= 7471552) AND (id <= 7471652))

table 6 : explain SELECT id, c FROM sbtest6 WHERE id BETWEEN 7471552 AND 7471652
	Index Scan using sbtest6_pkey on sbtest6  (cost=0.43..411.39 rows=103 width=125)
	  Index Cond: ((id >= 7471552) AND (id <= 7471652))

table 7 : explain SELECT id, c FROM sbtest7 WHERE id BETWEEN 7471552 AND 7471652
	Index Scan using sbtest7_pkey on sbtest7  (cost=0.43..412.25 rows=103 width=125)
	  Index Cond: ((id >= 7471552) AND (id <= 7471652))

table 8 : explain SELECT id, c FROM sbtest8 WHERE id BETWEEN 7471552 AND 7471652
	Index Scan using sbtest8_pkey on sbtest8  (cost=0.43..414.66 rows=104 width=125)
	  Index Cond: ((id >= 7471552) AND (id <= 7471652))

explain: for range-notcovered :: explain SELECT id, c FROM sbtest%d WHERE id BETWEEN 7471552 AND 7471652
for range-notcovered
table 1 : explain SELECT id, c FROM sbtest1 WHERE id BETWEEN 5195587 AND 5195687
	Index Scan using sbtest1_pkey on sbtest1  (cost=0.43..368.59 rows=92 width=125)
	  Index Cond: ((id >= 5195587) AND (id <= 5195687))

table 2 : explain SELECT id, c FROM sbtest2 WHERE id BETWEEN 5195587 AND 5195687
	Index Scan using sbtest2_pkey on sbtest2  (cost=0.43..392.17 rows=98 width=125)
	  Index Cond: ((id >= 5195587) AND (id <= 5195687))

table 3 : explain SELECT id, c FROM sbtest3 WHERE id BETWEEN 5195587 AND 5195687
	Index Scan using sbtest3_pkey on sbtest3  (cost=0.43..404.24 rows=101 width=125)
	  Index Cond: ((id >= 5195587) AND (id <= 5195687))

table 4 : explain SELECT id, c FROM sbtest4 WHERE id BETWEEN 5195587 AND 5195687
	Index Scan using sbtest4_pkey on sbtest4  (cost=0.43..399.83 rows=100 width=125)
	  Index Cond: ((id >= 5195587) AND (id <= 5195687))

table 5 : explain SELECT id, c FROM sbtest5 WHERE id BETWEEN 5195587 AND 5195687
	Index Scan using sbtest5_pkey on sbtest5  (cost=0.43..425.98 rows=107 width=125)
	  Index Cond: ((id >= 5195587) AND (id <= 5195687))

table 6 : explain SELECT id, c FROM sbtest6 WHERE id BETWEEN 5195587 AND 5195687
	Index Scan using sbtest6_pkey on sbtest6  (cost=0.43..387.67 rows=97 width=125)
	  Index Cond: ((id >= 5195587) AND (id <= 5195687))

table 7 : explain SELECT id, c FROM sbtest7 WHERE id BETWEEN 5195587 AND 5195687
	Index Scan using sbtest7_pkey on sbtest7  (cost=0.43..404.34 rows=101 width=125)
	  Index Cond: ((id >= 5195587) AND (id <= 5195687))

table 8 : explain SELECT id, c FROM sbtest8 WHERE id BETWEEN 5195587 AND 5195687
	Index Scan using sbtest8_pkey on sbtest8  (cost=0.43..406.78 rows=102 width=125)
	  Index Cond: ((id >= 5195587) AND (id <= 5195687))

for range-notcovered
table 1 : explain SELECT id, c FROM sbtest1 WHERE id BETWEEN 4864225 AND 4864325
	Index Scan using sbtest1_pkey on sbtest1  (cost=0.43..443.80 rows=111 width=125)
	  Index Cond: ((id >= 4864225) AND (id <= 4864325))

table 2 : explain SELECT id, c FROM sbtest2 WHERE id BETWEEN 4864225 AND 4864325
	Index Scan using sbtest2_pkey on sbtest2  (cost=0.43..376.35 rows=94 width=125)
	  Index Cond: ((id >= 4864225) AND (id <= 4864325))

table 3 : explain SELECT id, c FROM sbtest3 WHERE id BETWEEN 4864225 AND 4864325
	Index Scan using sbtest3_pkey on sbtest3  (cost=0.43..400.27 rows=100 width=125)
	  Index Cond: ((id >= 4864225) AND (id <= 4864325))

table 4 : explain SELECT id, c FROM sbtest4 WHERE id BETWEEN 4864225 AND 4864325
	Index Scan using sbtest4_pkey on sbtest4  (cost=0.43..372.16 rows=93 width=125)
	  Index Cond: ((id >= 4864225) AND (id <= 4864325))

table 5 : explain SELECT id, c FROM sbtest5 WHERE id BETWEEN 4864225 AND 4864325
	Index Scan using sbtest5_pkey on sbtest5  (cost=0.43..378.70 rows=95 width=125)
	  Index Cond: ((id >= 4864225) AND (id <= 4864325))

table 6 : explain SELECT id, c FROM sbtest6 WHERE id BETWEEN 4864225 AND 4864325
	Index Scan using sbtest6_pkey on sbtest6  (cost=0.43..407.44 rows=102 width=125)
	  Index Cond: ((id >= 4864225) AND (id <= 4864325))

table 7 : explain SELECT id, c FROM sbtest7 WHERE id BETWEEN 4864225 AND 4864325
	Index Scan using sbtest7_pkey on sbtest7  (cost=0.43..372.65 rows=93 width=125)
	  Index Cond: ((id >= 4864225) AND (id <= 4864325))

table 8 : explain SELECT id, c FROM sbtest8 WHERE id BETWEEN 4864225 AND 4864325
	Index Scan using sbtest8_pkey on sbtest8  (cost=0.43..375.21 rows=94 width=125)
	  Index Cond: ((id >= 4864225) AND (id <= 4864325))

explain: for range-notcovered :: explain SELECT id, c FROM sbtest%d WHERE id BETWEEN 4864225 AND 4864325
for range-notcovered
table 1 : explain SELECT id, c FROM sbtest1 WHERE id BETWEEN 4363207 AND 4363307
	Index Scan using sbtest1_pkey on sbtest1  (cost=0.43..412.14 rows=103 width=125)
	  Index Cond: ((id >= 4363207) AND (id <= 4363307))

table 2 : explain SELECT id, c FROM sbtest2 WHERE id BETWEEN 4363207 AND 4363307
	Index Scan using sbtest2_pkey on sbtest2  (cost=0.43..404.04 rows=101 width=125)
	  Index Cond: ((id >= 4363207) AND (id <= 4363307))

table 3 : explain SELECT id, c FROM sbtest3 WHERE id BETWEEN 4363207 AND 4363307
	Index Scan using sbtest3_pkey on sbtest3  (cost=0.43..392.36 rows=98 width=125)
	  Index Cond: ((id >= 4363207) AND (id <= 4363307))

table 4 : explain SELECT id, c FROM sbtest4 WHERE id BETWEEN 4363207 AND 4363307
	Index Scan using sbtest4_pkey on sbtest4  (cost=0.43..419.61 rows=105 width=125)
	  Index Cond: ((id >= 4363207) AND (id <= 4363307))

table 5 : explain SELECT id, c FROM sbtest5 WHERE id BETWEEN 4363207 AND 4363307
	Index Scan using sbtest5_pkey on sbtest5  (cost=0.43..386.58 rows=97 width=125)
	  Index Cond: ((id >= 4363207) AND (id <= 4363307))

table 6 : explain SELECT id, c FROM sbtest6 WHERE id BETWEEN 4363207 AND 4363307
	Index Scan using sbtest6_pkey on sbtest6  (cost=0.43..411.39 rows=103 width=125)
	  Index Cond: ((id >= 4363207) AND (id <= 4363307))

table 7 : explain SELECT id, c FROM sbtest7 WHERE id BETWEEN 4363207 AND 4363307
	Index Scan using sbtest7_pkey on sbtest7  (cost=0.43..360.78 rows=90 width=125)
	  Index Cond: ((id >= 4363207) AND (id <= 4363307))

table 8 : explain SELECT id, c FROM sbtest8 WHERE id BETWEEN 4363207 AND 4363307
	Index Scan using sbtest8_pkey on sbtest8  (cost=0.43..414.66 rows=104 width=125)
	  Index Cond: ((id >= 4363207) AND (id <= 4363307))

explain: for range-notcovered :: explain SELECT id, c FROM sbtest%d WHERE id BETWEEN 4363207 AND 4363307
for range-notcovered
table 1 : explain SELECT id, c FROM sbtest1 WHERE id BETWEEN 5346674 AND 5346774
	Index Scan using sbtest1_pkey on sbtest1  (cost=0.43..420.05 rows=105 width=125)
	  Index Cond: ((id >= 5346674) AND (id <= 5346774))

table 2 : explain SELECT id, c FROM sbtest2 WHERE id BETWEEN 5346674 AND 5346774
	Index Scan using sbtest2_pkey on sbtest2  (cost=0.43..431.74 rows=108 width=125)
	  Index Cond: ((id >= 5346674) AND (id <= 5346774))

table 3 : explain SELECT id, c FROM sbtest3 WHERE id BETWEEN 5346674 AND 5346774
	Index Scan using sbtest3_pkey on sbtest3  (cost=0.43..384.44 rows=96 width=125)
	  Index Cond: ((id >= 5346674) AND (id <= 5346774))

table 4 : explain SELECT id, c FROM sbtest4 WHERE id BETWEEN 5346674 AND 5346774
	Index Scan using sbtest4_pkey on sbtest4  (cost=0.43..395.88 rows=99 width=125)
	  Index Cond: ((id >= 5346674) AND (id <= 5346774))

table 5 : explain SELECT id, c FROM sbtest5 WHERE id BETWEEN 5346674 AND 5346774
	Index Scan using sbtest5_pkey on sbtest5  (cost=0.43..366.88 rows=92 width=125)
	  Index Cond: ((id >= 5346674) AND (id <= 5346774))

table 6 : explain SELECT id, c FROM sbtest6 WHERE id BETWEEN 5346674 AND 5346774
	Index Scan using sbtest6_pkey on sbtest6  (cost=0.43..387.67 rows=97 width=125)
	  Index Cond: ((id >= 5346674) AND (id <= 5346774))

table 7 : explain SELECT id, c FROM sbtest7 WHERE id BETWEEN 5346674 AND 5346774
	Index Scan using sbtest7_pkey on sbtest7  (cost=0.43..372.65 rows=93 width=125)
	  Index Cond: ((id >= 5346674) AND (id <= 5346774))

table 8 : explain SELECT id, c FROM sbtest8 WHERE id BETWEEN 5346674 AND 5346774
	Index Scan using sbtest8_pkey on sbtest8  (cost=0.43..390.98 rows=98 width=125)
	  Index Cond: ((id >= 5346674) AND (id <= 5346774))

explain: for range-notcovered :: explain SELECT id, c FROM sbtest%d WHERE id BETWEEN 5346674 AND 5346774
for range-notcovered
table 1 : explain SELECT id, c FROM sbtest1 WHERE id BETWEEN 7471552 AND 7471652
	Index Scan using sbtest1_pkey on sbtest1  (cost=0.43..427.97 rows=107 width=125)
	  Index Cond: ((id >= 7471552) AND (id <= 7471652))

table 2 : explain SELECT id, c FROM sbtest2 WHERE id BETWEEN 7471552 AND 7471652
	Index Scan using sbtest2_pkey on sbtest2  (cost=0.43..408.01 rows=102 width=125)
	  Index Cond: ((id >= 7471552) AND (id <= 7471652))

table 3 : explain SELECT id, c FROM sbtest3 WHERE id BETWEEN 7471552 AND 7471652
	Index Scan using sbtest3_pkey on sbtest3  (cost=0.43..400.27 rows=100 width=125)
	  Index Cond: ((id >= 7471552) AND (id <= 7471652))

table 4 : explain SELECT id, c FROM sbtest4 WHERE id BETWEEN 7471552 AND 7471652
	Index Scan using sbtest4_pkey on sbtest4  (cost=0.43..368.21 rows=92 width=125)
	  Index Cond: ((id >= 7471552) AND (id <= 7471652))

table 5 : explain SELECT id, c FROM sbtest5 WHERE id BETWEEN 7471552 AND 7471652
	Index Scan using sbtest5_pkey on sbtest5  (cost=0.43..410.23 rows=103 width=125)
	  Index Cond: ((id >= 7471552) AND (id <= 7471652))

table 6 : explain SELECT id, c FROM sbtest6 WHERE id BETWEEN 7471552 AND 7471652
	Index Scan using sbtest6_pkey on sbtest6  (cost=0.43..411.39 rows=103 width=125)
	  Index Cond: ((id >= 7471552) AND (id <= 7471652))

table 7 : explain SELECT id, c FROM sbtest7 WHERE id BETWEEN 7471552 AND 7471652
	Index Scan using sbtest7_pkey on sbtest7  (cost=0.43..412.25 rows=103 width=125)
	  Index Cond: ((id >= 7471552) AND (id <= 7471652))

table 8 : explain SELECT id, c FROM sbtest8 WHERE id BETWEEN 7471552 AND 7471652
	Index Scan using sbtest8_pkey on sbtest8  (cost=0.43..414.66 rows=104 width=125)
	  Index Cond: ((id >= 7471552) AND (id <= 7471652))

for range-notcovered
table 1 : explain SELECT id, c FROM sbtest1 WHERE id BETWEEN 3249157 AND 3249257
	Index Scan using sbtest1_pkey on sbtest1  (cost=0.43..388.38 rows=97 width=125)
	  Index Cond: ((id >= 3249157) AND (id <= 3249257))

table 2 : explain SELECT id, c FROM sbtest2 WHERE id BETWEEN 3249157 AND 3249257
	Index Scan using sbtest2_pkey on sbtest2  (cost=0.43..404.04 rows=101 width=125)
	  Index Cond: ((id >= 3249157) AND (id <= 3249257))

table 3 : explain SELECT id, c FROM sbtest3 WHERE id BETWEEN 3249157 AND 3249257
	Index Scan using sbtest3_pkey on sbtest3  (cost=0.43..420.07 rows=105 width=125)
	  Index Cond: ((id >= 3249157) AND (id <= 3249257))

table 4 : explain SELECT id, c FROM sbtest4 WHERE id BETWEEN 3249157 AND 3249257
	Index Scan using sbtest4_pkey on sbtest4  (cost=0.43..411.71 rows=103 width=125)
	  Index Cond: ((id >= 3249157) AND (id <= 3249257))

table 5 : explain SELECT id, c FROM sbtest5 WHERE id BETWEEN 3249157 AND 3249257
	Index Scan using sbtest5_pkey on sbtest5  (cost=0.43..402.35 rows=101 width=125)
	  Index Cond: ((id >= 3249157) AND (id <= 3249257))

table 6 : explain SELECT id, c FROM sbtest6 WHERE id BETWEEN 3249157 AND 3249257
	Index Scan using sbtest6_pkey on sbtest6  (cost=0.43..391.62 rows=98 width=125)
	  Index Cond: ((id >= 3249157) AND (id <= 3249257))

table 7 : explain SELECT id, c FROM sbtest7 WHERE id BETWEEN 3249157 AND 3249257
	Index Scan using sbtest7_pkey on sbtest7  (cost=0.43..404.34 rows=101 width=125)
	  Index Cond: ((id >= 3249157) AND (id <= 3249257))

table 8 : explain SELECT id, c FROM sbtest8 WHERE id BETWEEN 3249157 AND 3249257
	Index Scan using sbtest8_pkey on sbtest8  (cost=0.43..438.32 rows=110 width=125)
	  Index Cond: ((id >= 3249157) AND (id <= 3249257))

explain: for range-notcovered :: explain SELECT id, c FROM sbtest%d WHERE id BETWEEN 7471552 AND 7471652
explain: for range-notcovered :: explain SELECT id, c FROM sbtest%d WHERE id BETWEEN 3249157 AND 3249257
for range-notcovered
table 1 : explain SELECT id, c FROM sbtest1 WHERE id BETWEEN 7956714 AND 7956814
	Index Scan using sbtest1_pkey on sbtest1  (cost=0.43..431.93 rows=108 width=125)
	  Index Cond: ((id >= 7956714) AND (id <= 7956814))

table 2 : explain SELECT id, c FROM sbtest2 WHERE id BETWEEN 7956714 AND 7956814
	Index Scan using sbtest2_pkey on sbtest2  (cost=0.43..404.05 rows=101 width=125)
	  Index Cond: ((id >= 7956714) AND (id <= 7956814))

table 3 : explain SELECT id, c FROM sbtest3 WHERE id BETWEEN 7956714 AND 7956814
	Index Scan using sbtest3_pkey on sbtest3  (cost=0.43..416.12 rows=104 width=125)
	  Index Cond: ((id >= 7956714) AND (id <= 7956814))

table 4 : explain SELECT id, c FROM sbtest4 WHERE id BETWEEN 7956714 AND 7956814
	Index Scan using sbtest4_pkey on sbtest4  (cost=0.43..364.25 rows=91 width=125)
	  Index Cond: ((id >= 7956714) AND (id <= 7956814))

table 5 : explain SELECT id, c FROM sbtest5 WHERE id BETWEEN 7956714 AND 7956814
	Index Scan using sbtest5_pkey on sbtest5  (cost=0.43..390.51 rows=98 width=125)
	  Index Cond: ((id >= 7956714) AND (id <= 7956814))

table 6 : explain SELECT id, c FROM sbtest6 WHERE id BETWEEN 7956714 AND 7956814
	Index Scan using sbtest6_pkey on sbtest6  (cost=0.43..419.29 rows=105 width=125)
	  Index Cond: ((id >= 7956714) AND (id <= 7956814))

table 7 : explain SELECT id, c FROM sbtest7 WHERE id BETWEEN 7956714 AND 7956814
	Index Scan using sbtest7_pkey on sbtest7  (cost=0.43..428.09 rows=107 width=125)
	  Index Cond: ((id >= 7956714) AND (id <= 7956814))

table 8 : explain SELECT id, c FROM sbtest8 WHERE id BETWEEN 7956714 AND 7956814
	Index Scan using sbtest8_pkey on sbtest8  (cost=0.43..414.66 rows=104 width=125)
	  Index Cond: ((id >= 7956714) AND (id <= 7956814))

explain: for range-notcovered :: explain SELECT id, c FROM sbtest%d WHERE id BETWEEN 7956714 AND 7956814
for range-notcovered
table 1 : explain SELECT id, c FROM sbtest1 WHERE id BETWEEN 4864225 AND 4864325
	Index Scan using sbtest1_pkey on sbtest1  (cost=0.43..443.80 rows=111 width=125)
	  Index Cond: ((id >= 4864225) AND (id <= 4864325))

table 2 : explain SELECT id, c FROM sbtest2 WHERE id BETWEEN 4864225 AND 4864325
	Index Scan using sbtest2_pkey on sbtest2  (cost=0.43..376.35 rows=94 width=125)
	  Index Cond: ((id >= 4864225) AND (id <= 4864325))

table 3 : explain SELECT id, c FROM sbtest3 WHERE id BETWEEN 4864225 AND 4864325
	Index Scan using sbtest3_pkey on sbtest3  (cost=0.43..400.27 rows=100 width=125)
	  Index Cond: ((id >= 4864225) AND (id <= 4864325))

table 4 : explain SELECT id, c FROM sbtest4 WHERE id BETWEEN 4864225 AND 4864325
	Index Scan using sbtest4_pkey on sbtest4  (cost=0.43..372.16 rows=93 width=125)
	  Index Cond: ((id >= 4864225) AND (id <= 4864325))

table 5 : explain SELECT id, c FROM sbtest5 WHERE id BETWEEN 4864225 AND 4864325
	Index Scan using sbtest5_pkey on sbtest5  (cost=0.43..378.70 rows=95 width=125)
	  Index Cond: ((id >= 4864225) AND (id <= 4864325))

table 6 : explain SELECT id, c FROM sbtest6 WHERE id BETWEEN 4864225 AND 4864325
	Index Scan using sbtest6_pkey on sbtest6  (cost=0.43..407.44 rows=102 width=125)
	  Index Cond: ((id >= 4864225) AND (id <= 4864325))

table 7 : explain SELECT id, c FROM sbtest7 WHERE id BETWEEN 4864225 AND 4864325
	Index Scan using sbtest7_pkey on sbtest7  (cost=0.43..372.65 rows=93 width=125)
	  Index Cond: ((id >= 4864225) AND (id <= 4864325))

table 8 : explain SELECT id, c FROM sbtest8 WHERE id BETWEEN 4864225 AND 4864325
	Index Scan using sbtest8_pkey on sbtest8  (cost=0.43..375.21 rows=94 width=125)
	  Index Cond: ((id >= 4864225) AND (id <= 4864325))

for range-notcovered
table 1 : explain SELECT id, c FROM sbtest1 WHERE id BETWEEN 5346674 AND 5346774
	Index Scan using sbtest1_pkey on sbtest1  (cost=0.43..420.05 rows=105 width=125)
	  Index Cond: ((id >= 5346674) AND (id <= 5346774))

table 2 : explain SELECT id, c FROM sbtest2 WHERE id BETWEEN 5346674 AND 5346774
	Index Scan using sbtest2_pkey on sbtest2  (cost=0.43..431.74 rows=108 width=125)
	  Index Cond: ((id >= 5346674) AND (id <= 5346774))

table 3 : explain SELECT id, c FROM sbtest3 WHERE id BETWEEN 5346674 AND 5346774
	Index Scan using sbtest3_pkey on sbtest3  (cost=0.43..384.44 rows=96 width=125)
	  Index Cond: ((id >= 5346674) AND (id <= 5346774))

table 4 : explain SELECT id, c FROM sbtest4 WHERE id BETWEEN 5346674 AND 5346774
	Index Scan using sbtest4_pkey on sbtest4  (cost=0.43..395.88 rows=99 width=125)
	  Index Cond: ((id >= 5346674) AND (id <= 5346774))

table 5 : explain SELECT id, c FROM sbtest5 WHERE id BETWEEN 5346674 AND 5346774
	Index Scan using sbtest5_pkey on sbtest5  (cost=0.43..366.88 rows=92 width=125)
	  Index Cond: ((id >= 5346674) AND (id <= 5346774))

table 6 : explain SELECT id, c FROM sbtest6 WHERE id BETWEEN 5346674 AND 5346774
	Index Scan using sbtest6_pkey on sbtest6  (cost=0.43..387.67 rows=97 width=125)
	  Index Cond: ((id >= 5346674) AND (id <= 5346774))

table 7 : explain SELECT id, c FROM sbtest7 WHERE id BETWEEN 5346674 AND 5346774
	Index Scan using sbtest7_pkey on sbtest7  (cost=0.43..372.65 rows=93 width=125)
	  Index Cond: ((id >= 5346674) AND (id <= 5346774))

table 8 : explain SELECT id, c FROM sbtest8 WHERE id BETWEEN 5346674 AND 5346774
	Index Scan using sbtest8_pkey on sbtest8  (cost=0.43..390.98 rows=98 width=125)
	  Index Cond: ((id >= 5346674) AND (id <= 5346774))

for range-notcovered
table 1 : explain SELECT id, c FROM sbtest1 WHERE id BETWEEN 4363207 AND 4363307
	Index Scan using sbtest1_pkey on sbtest1  (cost=0.43..412.14 rows=103 width=125)
	  Index Cond: ((id >= 4363207) AND (id <= 4363307))

table 2 : explain SELECT id, c FROM sbtest2 WHERE id BETWEEN 4363207 AND 4363307
	Index Scan using sbtest2_pkey on sbtest2  (cost=0.43..404.04 rows=101 width=125)
	  Index Cond: ((id >= 4363207) AND (id <= 4363307))

table 3 : explain SELECT id, c FROM sbtest3 WHERE id BETWEEN 4363207 AND 4363307
	Index Scan using sbtest3_pkey on sbtest3  (cost=0.43..392.36 rows=98 width=125)
	  Index Cond: ((id >= 4363207) AND (id <= 4363307))

table 4 : explain SELECT id, c FROM sbtest4 WHERE id BETWEEN 4363207 AND 4363307
	Index Scan using sbtest4_pkey on sbtest4  (cost=0.43..419.61 rows=105 width=125)
	  Index Cond: ((id >= 4363207) AND (id <= 4363307))

table 5 : explain SELECT id, c FROM sbtest5 WHERE id BETWEEN 4363207 AND 4363307
	Index Scan using sbtest5_pkey on sbtest5  (cost=0.43..386.58 rows=97 width=125)
	  Index Cond: ((id >= 4363207) AND (id <= 4363307))

table 6 : explain SELECT id, c FROM sbtest6 WHERE id BETWEEN 4363207 AND 4363307
	Index Scan using sbtest6_pkey on sbtest6  (cost=0.43..411.39 rows=103 width=125)
	  Index Cond: ((id >= 4363207) AND (id <= 4363307))

table 7 : explain SELECT id, c FROM sbtest7 WHERE id BETWEEN 4363207 AND 4363307
	Index Scan using sbtest7_pkey on sbtest7  (cost=0.43..360.78 rows=90 width=125)
	  Index Cond: ((id >= 4363207) AND (id <= 4363307))

table 8 : explain SELECT id, c FROM sbtest8 WHERE id BETWEEN 4363207 AND 4363307
	Index Scan using sbtest8_pkey on sbtest8  (cost=0.43..414.66 rows=104 width=125)
	  Index Cond: ((id >= 4363207) AND (id <= 4363307))

explain: for range-notcovered :: explain SELECT id, c FROM sbtest%d WHERE id BETWEEN 5346674 AND 5346774
for range-notcovered
table 1 : explain SELECT id, c FROM sbtest1 WHERE id BETWEEN 2754949 AND 2755049
	Index Scan using sbtest1_pkey on sbtest1  (cost=0.43..408.18 rows=102 width=125)
	  Index Cond: ((id >= 2754949) AND (id <= 2755049))

table 2 : explain SELECT id, c FROM sbtest2 WHERE id BETWEEN 2754949 AND 2755049
	Index Scan using sbtest2_pkey on sbtest2  (cost=0.43..364.48 rows=91 width=125)
	  Index Cond: ((id >= 2754949) AND (id <= 2755049))

table 3 : explain SELECT id, c FROM sbtest3 WHERE id BETWEEN 2754949 AND 2755049
	Index Scan using sbtest3_pkey on sbtest3  (cost=0.43..396.31 rows=99 width=125)
	  Index Cond: ((id >= 2754949) AND (id <= 2755049))

table 4 : explain SELECT id, c FROM sbtest4 WHERE id BETWEEN 2754949 AND 2755049
	Index Scan using sbtest4_pkey on sbtest4  (cost=0.43..427.52 rows=107 width=125)
	  Index Cond: ((id >= 2754949) AND (id <= 2755049))

table 5 : explain SELECT id, c FROM sbtest5 WHERE id BETWEEN 2754949 AND 2755049
	Index Scan using sbtest5_pkey on sbtest5  (cost=0.43..366.88 rows=92 width=125)
	  Index Cond: ((id >= 2754949) AND (id <= 2755049))

table 6 : explain SELECT id, c FROM sbtest6 WHERE id BETWEEN 2754949 AND 2755049
	Index Scan using sbtest6_pkey on sbtest6  (cost=0.43..407.44 rows=102 width=125)
	  Index Cond: ((id >= 2754949) AND (id <= 2755049))

table 7 : explain SELECT id, c FROM sbtest7 WHERE id BETWEEN 2754949 AND 2755049
	Index Scan using sbtest7_pkey on sbtest7  (cost=0.43..396.42 rows=99 width=125)
	  Index Cond: ((id >= 2754949) AND (id <= 2755049))

table 8 : explain SELECT id, c FROM sbtest8 WHERE id BETWEEN 2754949 AND 2755049
	Index Scan using sbtest8_pkey on sbtest8  (cost=0.43..390.98 rows=98 width=125)
	  Index Cond: ((id >= 2754949) AND (id <= 2755049))

for range-notcovered
table 1 : explain SELECT id, c FROM sbtest1 WHERE id BETWEEN 5530105 AND 5530205
	Index Scan using sbtest1_pkey on sbtest1  (cost=0.43..420.05 rows=105 width=125)
	  Index Cond: ((id >= 5530105) AND (id <= 5530205))

table 2 : explain SELECT id, c FROM sbtest2 WHERE id BETWEEN 5530105 AND 5530205
	Index Scan using sbtest2_pkey on sbtest2  (cost=0.43..368.44 rows=92 width=125)
	  Index Cond: ((id >= 5530105) AND (id <= 5530205))

table 3 : explain SELECT id, c FROM sbtest3 WHERE id BETWEEN 5530105 AND 5530205
	Index Scan using sbtest3_pkey on sbtest3  (cost=0.43..400.27 rows=100 width=125)
	  Index Cond: ((id >= 5530105) AND (id <= 5530205))

table 4 : explain SELECT id, c FROM sbtest4 WHERE id BETWEEN 5530105 AND 5530205
	Index Scan using sbtest4_pkey on sbtest4  (cost=0.43..376.11 rows=94 width=125)
	  Index Cond: ((id >= 5530105) AND (id <= 5530205))

table 5 : explain SELECT id, c FROM sbtest5 WHERE id BETWEEN 5530105 AND 5530205
	Index Scan using sbtest5_pkey on sbtest5  (cost=0.43..410.23 rows=103 width=125)
	  Index Cond: ((id >= 5530105) AND (id <= 5530205))

table 6 : explain SELECT id, c FROM sbtest6 WHERE id BETWEEN 5530105 AND 5530205
	Index Scan using sbtest6_pkey on sbtest6  (cost=0.43..407.44 rows=102 width=125)
	  Index Cond: ((id >= 5530105) AND (id <= 5530205))

table 7 : explain SELECT id, c FROM sbtest7 WHERE id BETWEEN 5530105 AND 5530205
	Index Scan using sbtest7_pkey on sbtest7  (cost=0.43..428.09 rows=107 width=125)
	  Index Cond: ((id >= 5530105) AND (id <= 5530205))

table 8 : explain SELECT id, c FROM sbtest8 WHERE id BETWEEN 5530105 AND 5530205
	Index Scan using sbtest8_pkey on sbtest8  (cost=0.43..410.72 rows=103 width=125)
	  Index Cond: ((id >= 5530105) AND (id <= 5530205))

for range-notcovered
table 1 : explain SELECT id, c FROM sbtest1 WHERE id BETWEEN 7471552 AND 7471652
	Index Scan using sbtest1_pkey on sbtest1  (cost=0.43..427.97 rows=107 width=125)
	  Index Cond: ((id >= 7471552) AND (id <= 7471652))

table 2 : explain SELECT id, c FROM sbtest2 WHERE id BETWEEN 7471552 AND 7471652
	Index Scan using sbtest2_pkey on sbtest2  (cost=0.43..408.01 rows=102 width=125)
	  Index Cond: ((id >= 7471552) AND (id <= 7471652))

table 3 : explain SELECT id, c FROM sbtest3 WHERE id BETWEEN 7471552 AND 7471652
	Index Scan using sbtest3_pkey on sbtest3  (cost=0.43..400.27 rows=100 width=125)
	  Index Cond: ((id >= 7471552) AND (id <= 7471652))

table 4 : explain SELECT id, c FROM sbtest4 WHERE id BETWEEN 7471552 AND 7471652
	Index Scan using sbtest4_pkey on sbtest4  (cost=0.43..368.21 rows=92 width=125)
	  Index Cond: ((id >= 7471552) AND (id <= 7471652))

table 5 : explain SELECT id, c FROM sbtest5 WHERE id BETWEEN 7471552 AND 7471652
	Index Scan using sbtest5_pkey on sbtest5  (cost=0.43..410.23 rows=103 width=125)
	  Index Cond: ((id >= 7471552) AND (id <= 7471652))

table 6 : explain SELECT id, c FROM sbtest6 WHERE id BETWEEN 7471552 AND 7471652
	Index Scan using sbtest6_pkey on sbtest6  (cost=0.43..411.39 rows=103 width=125)
	  Index Cond: ((id >= 7471552) AND (id <= 7471652))

table 7 : explain SELECT id, c FROM sbtest7 WHERE id BETWEEN 7471552 AND 7471652
	Index Scan using sbtest7_pkey on sbtest7  (cost=0.43..412.25 rows=103 width=125)
	  Index Cond: ((id >= 7471552) AND (id <= 7471652))

table 8 : explain SELECT id, c FROM sbtest8 WHERE id BETWEEN 7471552 AND 7471652
	Index Scan using sbtest8_pkey on sbtest8  (cost=0.43..414.66 rows=104 width=125)
	  Index Cond: ((id >= 7471552) AND (id <= 7471652))

explain: for range-notcovered :: explain SELECT id, c FROM sbtest%d WHERE id BETWEEN 7471552 AND 7471652
for range-notcovered
table 1 : explain SELECT id, c FROM sbtest1 WHERE id BETWEEN 7956714 AND 7956814
	Index Scan using sbtest1_pkey on sbtest1  (cost=0.43..431.93 rows=108 width=125)
	  Index Cond: ((id >= 7956714) AND (id <= 7956814))

table 2 : explain SELECT id, c FROM sbtest2 WHERE id BETWEEN 7956714 AND 7956814
	Index Scan using sbtest2_pkey on sbtest2  (cost=0.43..404.05 rows=101 width=125)
	  Index Cond: ((id >= 7956714) AND (id <= 7956814))

table 3 : explain SELECT id, c FROM sbtest3 WHERE id BETWEEN 7956714 AND 7956814
	Index Scan using sbtest3_pkey on sbtest3  (cost=0.43..416.12 rows=104 width=125)
	  Index Cond: ((id >= 7956714) AND (id <= 7956814))

table 4 : explain SELECT id, c FROM sbtest4 WHERE id BETWEEN 7956714 AND 7956814
	Index Scan using sbtest4_pkey on sbtest4  (cost=0.43..364.25 rows=91 width=125)
	  Index Cond: ((id >= 7956714) AND (id <= 7956814))

table 5 : explain SELECT id, c FROM sbtest5 WHERE id BETWEEN 7956714 AND 7956814
	Index Scan using sbtest5_pkey on sbtest5  (cost=0.43..390.51 rows=98 width=125)
	  Index Cond: ((id >= 7956714) AND (id <= 7956814))

table 6 : explain SELECT id, c FROM sbtest6 WHERE id BETWEEN 7956714 AND 7956814
	Index Scan using sbtest6_pkey on sbtest6  (cost=0.43..419.29 rows=105 width=125)
	  Index Cond: ((id >= 7956714) AND (id <= 7956814))

table 7 : explain SELECT id, c FROM sbtest7 WHERE id BETWEEN 7956714 AND 7956814
	Index Scan using sbtest7_pkey on sbtest7  (cost=0.43..428.09 rows=107 width=125)
	  Index Cond: ((id >= 7956714) AND (id <= 7956814))

table 8 : explain SELECT id, c FROM sbtest8 WHERE id BETWEEN 7956714 AND 7956814
	Index Scan using sbtest8_pkey on sbtest8  (cost=0.43..414.66 rows=104 width=125)
	  Index Cond: ((id >= 7956714) AND (id <= 7956814))

explain: for range-notcovered :: explain SELECT id, c FROM sbtest%d WHERE id BETWEEN 7956714 AND 7956814
explain: for range-notcovered :: explain SELECT id, c FROM sbtest%d WHERE id BETWEEN 2754949 AND 2755049
for range-notcovered
table 1 : explain SELECT id, c FROM sbtest1 WHERE id BETWEEN 3559276 AND 3559376
	Index Scan using sbtest1_pkey on sbtest1  (cost=0.43..376.51 rows=94 width=125)
	  Index Cond: ((id >= 3559276) AND (id <= 3559376))

table 2 : explain SELECT id, c FROM sbtest2 WHERE id BETWEEN 3559276 AND 3559376
	Index Scan using sbtest2_pkey on sbtest2  (cost=0.43..404.05 rows=101 width=125)
	  Index Cond: ((id >= 3559276) AND (id <= 3559376))

table 3 : explain SELECT id, c FROM sbtest3 WHERE id BETWEEN 3559276 AND 3559376
	Index Scan using sbtest3_pkey on sbtest3  (cost=0.43..435.90 rows=109 width=125)
	  Index Cond: ((id >= 3559276) AND (id <= 3559376))

table 4 : explain SELECT id, c FROM sbtest4 WHERE id BETWEEN 3559276 AND 3559376
	Index Scan using sbtest4_pkey on sbtest4  (cost=0.43..423.57 rows=106 width=125)
	  Index Cond: ((id >= 3559276) AND (id <= 3559376))

table 5 : explain SELECT id, c FROM sbtest5 WHERE id BETWEEN 3559276 AND 3559376
	Index Scan using sbtest5_pkey on sbtest5  (cost=0.43..414.16 rows=104 width=125)
	  Index Cond: ((id >= 3559276) AND (id <= 3559376))

table 6 : explain SELECT id, c FROM sbtest6 WHERE id BETWEEN 3559276 AND 3559376
	Index Scan using sbtest6_pkey on sbtest6  (cost=0.43..423.24 rows=106 width=125)
	  Index Cond: ((id >= 3559276) AND (id <= 3559376))

table 7 : explain SELECT id, c FROM sbtest7 WHERE id BETWEEN 3559276 AND 3559376
	Index Scan using sbtest7_pkey on sbtest7  (cost=0.43..404.34 rows=101 width=125)
	  Index Cond: ((id >= 3559276) AND (id <= 3559376))

table 8 : explain SELECT id, c FROM sbtest8 WHERE id BETWEEN 3559276 AND 3559376
	Index Scan using sbtest8_pkey on sbtest8  (cost=0.43..390.98 rows=98 width=125)
	  Index Cond: ((id >= 3559276) AND (id <= 3559376))

explain: for range-notcovered :: explain SELECT id, c FROM sbtest%d WHERE id BETWEEN 3559276 AND 3559376
explain: for range-notcovered :: explain SELECT id, c FROM sbtest%d WHERE id BETWEEN 5112062 AND 5112162
for range-notcovered
table 1 : explain SELECT id, c FROM sbtest1 WHERE id BETWEEN 3249157 AND 3249257
	Index Scan using sbtest1_pkey on sbtest1  (cost=0.43..388.38 rows=97 width=125)
	  Index Cond: ((id >= 3249157) AND (id <= 3249257))

table 2 : explain SELECT id, c FROM sbtest2 WHERE id BETWEEN 3249157 AND 3249257
	Index Scan using sbtest2_pkey on sbtest2  (cost=0.43..404.04 rows=101 width=125)
	  Index Cond: ((id >= 3249157) AND (id <= 3249257))

table 3 : explain SELECT id, c FROM sbtest3 WHERE id BETWEEN 3249157 AND 3249257
	Index Scan using sbtest3_pkey on sbtest3  (cost=0.43..420.07 rows=105 width=125)
	  Index Cond: ((id >= 3249157) AND (id <= 3249257))

table 4 : explain SELECT id, c FROM sbtest4 WHERE id BETWEEN 3249157 AND 3249257
	Index Scan using sbtest4_pkey on sbtest4  (cost=0.43..411.71 rows=103 width=125)
	  Index Cond: ((id >= 3249157) AND (id <= 3249257))

table 5 : explain SELECT id, c FROM sbtest5 WHERE id BETWEEN 3249157 AND 3249257
	Index Scan using sbtest5_pkey on sbtest5  (cost=0.43..402.35 rows=101 width=125)
	  Index Cond: ((id >= 3249157) AND (id <= 3249257))

table 6 : explain SELECT id, c FROM sbtest6 WHERE id BETWEEN 3249157 AND 3249257
	Index Scan using sbtest6_pkey on sbtest6  (cost=0.43..391.62 rows=98 width=125)
	  Index Cond: ((id >= 3249157) AND (id <= 3249257))

table 7 : explain SELECT id, c FROM sbtest7 WHERE id BETWEEN 3249157 AND 3249257
	Index Scan using sbtest7_pkey on sbtest7  (cost=0.43..404.34 rows=101 width=125)
	  Index Cond: ((id >= 3249157) AND (id <= 3249257))

table 8 : explain SELECT id, c FROM sbtest8 WHERE id BETWEEN 3249157 AND 3249257
	Index Scan using sbtest8_pkey on sbtest8  (cost=0.43..438.32 rows=110 width=125)
	  Index Cond: ((id >= 3249157) AND (id <= 3249257))

explain: for range-notcovered :: explain SELECT id, c FROM sbtest%d WHERE id BETWEEN 5530105 AND 5530205
for range-notcovered
table 1 : explain SELECT id, c FROM sbtest1 WHERE id BETWEEN 5346674 AND 5346774
	Index Scan using sbtest1_pkey on sbtest1  (cost=0.43..420.05 rows=105 width=125)
	  Index Cond: ((id >= 5346674) AND (id <= 5346774))

table 2 : explain SELECT id, c FROM sbtest2 WHERE id BETWEEN 5346674 AND 5346774
	Index Scan using sbtest2_pkey on sbtest2  (cost=0.43..431.74 rows=108 width=125)
	  Index Cond: ((id >= 5346674) AND (id <= 5346774))

table 3 : explain SELECT id, c FROM sbtest3 WHERE id BETWEEN 5346674 AND 5346774
	Index Scan using sbtest3_pkey on sbtest3  (cost=0.43..384.44 rows=96 width=125)
	  Index Cond: ((id >= 5346674) AND (id <= 5346774))

table 4 : explain SELECT id, c FROM sbtest4 WHERE id BETWEEN 5346674 AND 5346774
	Index Scan using sbtest4_pkey on sbtest4  (cost=0.43..395.88 rows=99 width=125)
	  Index Cond: ((id >= 5346674) AND (id <= 5346774))

table 5 : explain SELECT id, c FROM sbtest5 WHERE id BETWEEN 5346674 AND 5346774
	Index Scan using sbtest5_pkey on sbtest5  (cost=0.43..366.88 rows=92 width=125)
	  Index Cond: ((id >= 5346674) AND (id <= 5346774))

table 6 : explain SELECT id, c FROM sbtest6 WHERE id BETWEEN 5346674 AND 5346774
	Index Scan using sbtest6_pkey on sbtest6  (cost=0.43..387.67 rows=97 width=125)
	  Index Cond: ((id >= 5346674) AND (id <= 5346774))

table 7 : explain SELECT id, c FROM sbtest7 WHERE id BETWEEN 5346674 AND 5346774
	Index Scan using sbtest7_pkey on sbtest7  (cost=0.43..372.65 rows=93 width=125)
	  Index Cond: ((id >= 5346674) AND (id <= 5346774))

table 8 : explain SELECT id, c FROM sbtest8 WHERE id BETWEEN 5346674 AND 5346774
	Index Scan using sbtest8_pkey on sbtest8  (cost=0.43..390.98 rows=98 width=125)
	  Index Cond: ((id >= 5346674) AND (id <= 5346774))

for range-notcovered
table 1 : explain SELECT id, c FROM sbtest1 WHERE id BETWEEN 7471552 AND 7471652
	Index Scan using sbtest1_pkey on sbtest1  (cost=0.43..427.97 rows=107 width=125)
	  Index Cond: ((id >= 7471552) AND (id <= 7471652))

table 2 : explain SELECT id, c FROM sbtest2 WHERE id BETWEEN 7471552 AND 7471652
	Index Scan using sbtest2_pkey on sbtest2  (cost=0.43..408.01 rows=102 width=125)
	  Index Cond: ((id >= 7471552) AND (id <= 7471652))

table 3 : explain SELECT id, c FROM sbtest3 WHERE id BETWEEN 7471552 AND 7471652
	Index Scan using sbtest3_pkey on sbtest3  (cost=0.43..400.27 rows=100 width=125)
	  Index Cond: ((id >= 7471552) AND (id <= 7471652))

table 4 : explain SELECT id, c FROM sbtest4 WHERE id BETWEEN 7471552 AND 7471652
	Index Scan using sbtest4_pkey on sbtest4  (cost=0.43..368.21 rows=92 width=125)
	  Index Cond: ((id >= 7471552) AND (id <= 7471652))

table 5 : explain SELECT id, c FROM sbtest5 WHERE id BETWEEN 7471552 AND 7471652
	Index Scan using sbtest5_pkey on sbtest5  (cost=0.43..410.23 rows=103 width=125)
	  Index Cond: ((id >= 7471552) AND (id <= 7471652))

table 6 : explain SELECT id, c FROM sbtest6 WHERE id BETWEEN 7471552 AND 7471652
	Index Scan using sbtest6_pkey on sbtest6  (cost=0.43..411.39 rows=103 width=125)
	  Index Cond: ((id >= 7471552) AND (id <= 7471652))

table 7 : explain SELECT id, c FROM sbtest7 WHERE id BETWEEN 7471552 AND 7471652
	Index Scan using sbtest7_pkey on sbtest7  (cost=0.43..412.25 rows=103 width=125)
	  Index Cond: ((id >= 7471552) AND (id <= 7471652))

table 8 : explain SELECT id, c FROM sbtest8 WHERE id BETWEEN 7471552 AND 7471652
	Index Scan using sbtest8_pkey on sbtest8  (cost=0.43..414.66 rows=104 width=125)
	  Index Cond: ((id >= 7471552) AND (id <= 7471652))

explain: for range-notcovered :: explain SELECT id, c FROM sbtest%d WHERE id BETWEEN 3249157 AND 3249257
explain: for range-notcovered :: explain SELECT id, c FROM sbtest%d WHERE id BETWEEN 5346674 AND 5346774
for range-notcovered
table 1 : explain SELECT id, c FROM sbtest1 WHERE id BETWEEN 7956714 AND 7956814
	Index Scan using sbtest1_pkey on sbtest1  (cost=0.43..431.93 rows=108 width=125)
	  Index Cond: ((id >= 7956714) AND (id <= 7956814))

table 2 : explain SELECT id, c FROM sbtest2 WHERE id BETWEEN 7956714 AND 7956814
	Index Scan using sbtest2_pkey on sbtest2  (cost=0.43..404.05 rows=101 width=125)
	  Index Cond: ((id >= 7956714) AND (id <= 7956814))

table 3 : explain SELECT id, c FROM sbtest3 WHERE id BETWEEN 7956714 AND 7956814
	Index Scan using sbtest3_pkey on sbtest3  (cost=0.43..416.12 rows=104 width=125)
	  Index Cond: ((id >= 7956714) AND (id <= 7956814))

table 4 : explain SELECT id, c FROM sbtest4 WHERE id BETWEEN 7956714 AND 7956814
	Index Scan using sbtest4_pkey on sbtest4  (cost=0.43..364.25 rows=91 width=125)
	  Index Cond: ((id >= 7956714) AND (id <= 7956814))

table 5 : explain SELECT id, c FROM sbtest5 WHERE id BETWEEN 7956714 AND 7956814
	Index Scan using sbtest5_pkey on sbtest5  (cost=0.43..390.51 rows=98 width=125)
	  Index Cond: ((id >= 7956714) AND (id <= 7956814))

table 6 : explain SELECT id, c FROM sbtest6 WHERE id BETWEEN 7956714 AND 7956814
	Index Scan using sbtest6_pkey on sbtest6  (cost=0.43..419.29 rows=105 width=125)
	  Index Cond: ((id >= 7956714) AND (id <= 7956814))

table 7 : explain SELECT id, c FROM sbtest7 WHERE id BETWEEN 7956714 AND 7956814
	Index Scan using sbtest7_pkey on sbtest7  (cost=0.43..428.09 rows=107 width=125)
	  Index Cond: ((id >= 7956714) AND (id <= 7956814))

table 8 : explain SELECT id, c FROM sbtest8 WHERE id BETWEEN 7956714 AND 7956814
	Index Scan using sbtest8_pkey on sbtest8  (cost=0.43..414.66 rows=104 width=125)
	  Index Cond: ((id >= 7956714) AND (id <= 7956814))

for range-notcovered
table 1 : explain SELECT id, c FROM sbtest1 WHERE id BETWEEN 3559276 AND 3559376
	Index Scan using sbtest1_pkey on sbtest1  (cost=0.43..376.51 rows=94 width=125)
	  Index Cond: ((id >= 3559276) AND (id <= 3559376))

table 2 : explain SELECT id, c FROM sbtest2 WHERE id BETWEEN 3559276 AND 3559376
	Index Scan using sbtest2_pkey on sbtest2  (cost=0.43..404.05 rows=101 width=125)
	  Index Cond: ((id >= 3559276) AND (id <= 3559376))

table 3 : explain SELECT id, c FROM sbtest3 WHERE id BETWEEN 3559276 AND 3559376
	Index Scan using sbtest3_pkey on sbtest3  (cost=0.43..435.90 rows=109 width=125)
	  Index Cond: ((id >= 3559276) AND (id <= 3559376))

table 4 : explain SELECT id, c FROM sbtest4 WHERE id BETWEEN 3559276 AND 3559376
	Index Scan using sbtest4_pkey on sbtest4  (cost=0.43..423.57 rows=106 width=125)
	  Index Cond: ((id >= 3559276) AND (id <= 3559376))

table 5 : explain SELECT id, c FROM sbtest5 WHERE id BETWEEN 3559276 AND 3559376
	Index Scan using sbtest5_pkey on sbtest5  (cost=0.43..414.16 rows=104 width=125)
	  Index Cond: ((id >= 3559276) AND (id <= 3559376))

table 6 : explain SELECT id, c FROM sbtest6 WHERE id BETWEEN 3559276 AND 3559376
	Index Scan using sbtest6_pkey on sbtest6  (cost=0.43..423.24 rows=106 width=125)
	  Index Cond: ((id >= 3559276) AND (id <= 3559376))

table 7 : explain SELECT id, c FROM sbtest7 WHERE id BETWEEN 3559276 AND 3559376
	Index Scan using sbtest7_pkey on sbtest7  (cost=0.43..404.34 rows=101 width=125)
	  Index Cond: ((id >= 3559276) AND (id <= 3559376))

table 8 : explain SELECT id, c FROM sbtest8 WHERE id BETWEEN 3559276 AND 3559376
	Index Scan using sbtest8_pkey on sbtest8  (cost=0.43..390.98 rows=98 width=125)
	  Index Cond: ((id >= 3559276) AND (id <= 3559376))

explain: for range-notcovered :: explain SELECT id, c FROM sbtest%d WHERE id BETWEEN 3559276 AND 3559376
for range-notcovered
table 1 : explain SELECT id, c FROM sbtest1 WHERE id BETWEEN 5530105 AND 5530205
	Index Scan using sbtest1_pkey on sbtest1  (cost=0.43..420.05 rows=105 width=125)
	  Index Cond: ((id >= 5530105) AND (id <= 5530205))

table 2 : explain SELECT id, c FROM sbtest2 WHERE id BETWEEN 5530105 AND 5530205
	Index Scan using sbtest2_pkey on sbtest2  (cost=0.43..368.44 rows=92 width=125)
	  Index Cond: ((id >= 5530105) AND (id <= 5530205))

table 3 : explain SELECT id, c FROM sbtest3 WHERE id BETWEEN 5530105 AND 5530205
	Index Scan using sbtest3_pkey on sbtest3  (cost=0.43..400.27 rows=100 width=125)
	  Index Cond: ((id >= 5530105) AND (id <= 5530205))

table 4 : explain SELECT id, c FROM sbtest4 WHERE id BETWEEN 5530105 AND 5530205
	Index Scan using sbtest4_pkey on sbtest4  (cost=0.43..376.11 rows=94 width=125)
	  Index Cond: ((id >= 5530105) AND (id <= 5530205))

table 5 : explain SELECT id, c FROM sbtest5 WHERE id BETWEEN 5530105 AND 5530205
	Index Scan using sbtest5_pkey on sbtest5  (cost=0.43..410.23 rows=103 width=125)
	  Index Cond: ((id >= 5530105) AND (id <= 5530205))

table 6 : explain SELECT id, c FROM sbtest6 WHERE id BETWEEN 5530105 AND 5530205
	Index Scan using sbtest6_pkey on sbtest6  (cost=0.43..407.44 rows=102 width=125)
	  Index Cond: ((id >= 5530105) AND (id <= 5530205))

table 7 : explain SELECT id, c FROM sbtest7 WHERE id BETWEEN 5530105 AND 5530205
	Index Scan using sbtest7_pkey on sbtest7  (cost=0.43..428.09 rows=107 width=125)
	  Index Cond: ((id >= 5530105) AND (id <= 5530205))

table 8 : explain SELECT id, c FROM sbtest8 WHERE id BETWEEN 5530105 AND 5530205
	Index Scan using sbtest8_pkey on sbtest8  (cost=0.43..410.72 rows=103 width=125)
	  Index Cond: ((id >= 5530105) AND (id <= 5530205))

explain: for range-notcovered :: explain SELECT id, c FROM sbtest%d WHERE id BETWEEN 5530105 AND 5530205
for range-notcovered
table 1 : explain SELECT id, c FROM sbtest1 WHERE id BETWEEN 5346674 AND 5346774
	Index Scan using sbtest1_pkey on sbtest1  (cost=0.43..420.05 rows=105 width=125)
	  Index Cond: ((id >= 5346674) AND (id <= 5346774))

table 2 : explain SELECT id, c FROM sbtest2 WHERE id BETWEEN 5346674 AND 5346774
	Index Scan using sbtest2_pkey on sbtest2  (cost=0.43..431.74 rows=108 width=125)
	  Index Cond: ((id >= 5346674) AND (id <= 5346774))

table 3 : explain SELECT id, c FROM sbtest3 WHERE id BETWEEN 5346674 AND 5346774
	Index Scan using sbtest3_pkey on sbtest3  (cost=0.43..384.44 rows=96 width=125)
	  Index Cond: ((id >= 5346674) AND (id <= 5346774))

table 4 : explain SELECT id, c FROM sbtest4 WHERE id BETWEEN 5346674 AND 5346774
	Index Scan using sbtest4_pkey on sbtest4  (cost=0.43..395.88 rows=99 width=125)
	  Index Cond: ((id >= 5346674) AND (id <= 5346774))

table 5 : explain SELECT id, c FROM sbtest5 WHERE id BETWEEN 5346674 AND 5346774
	Index Scan using sbtest5_pkey on sbtest5  (cost=0.43..366.88 rows=92 width=125)
	  Index Cond: ((id >= 5346674) AND (id <= 5346774))

table 6 : explain SELECT id, c FROM sbtest6 WHERE id BETWEEN 5346674 AND 5346774
	Index Scan using sbtest6_pkey on sbtest6  (cost=0.43..387.67 rows=97 width=125)
	  Index Cond: ((id >= 5346674) AND (id <= 5346774))

table 7 : explain SELECT id, c FROM sbtest7 WHERE id BETWEEN 5346674 AND 5346774
	Index Scan using sbtest7_pkey on sbtest7  (cost=0.43..372.65 rows=93 width=125)
	  Index Cond: ((id >= 5346674) AND (id <= 5346774))

table 8 : explain SELECT id, c FROM sbtest8 WHERE id BETWEEN 5346674 AND 5346774
	Index Scan using sbtest8_pkey on sbtest8  (cost=0.43..390.98 rows=98 width=125)
	  Index Cond: ((id >= 5346674) AND (id <= 5346774))

explain: for range-notcovered :: explain SELECT id, c FROM sbtest%d WHERE id BETWEEN 631258 AND 631358
explain: for range-notcovered :: explain SELECT id, c FROM sbtest%d WHERE id BETWEEN 5346674 AND 5346774
explain: for range-notcovered :: explain SELECT id, c FROM sbtest%d WHERE id BETWEEN 7956714 AND 7956814
for range-notcovered
table 1 : explain SELECT id, c FROM sbtest1 WHERE id BETWEEN 2754949 AND 2755049
	Index Scan using sbtest1_pkey on sbtest1  (cost=0.43..408.18 rows=102 width=125)
	  Index Cond: ((id >= 2754949) AND (id <= 2755049))

table 2 : explain SELECT id, c FROM sbtest2 WHERE id BETWEEN 2754949 AND 2755049
	Index Scan using sbtest2_pkey on sbtest2  (cost=0.43..364.48 rows=91 width=125)
	  Index Cond: ((id >= 2754949) AND (id <= 2755049))

table 3 : explain SELECT id, c FROM sbtest3 WHERE id BETWEEN 2754949 AND 2755049
	Index Scan using sbtest3_pkey on sbtest3  (cost=0.43..396.31 rows=99 width=125)
	  Index Cond: ((id >= 2754949) AND (id <= 2755049))

table 4 : explain SELECT id, c FROM sbtest4 WHERE id BETWEEN 2754949 AND 2755049
	Index Scan using sbtest4_pkey on sbtest4  (cost=0.43..427.52 rows=107 width=125)
	  Index Cond: ((id >= 2754949) AND (id <= 2755049))

table 5 : explain SELECT id, c FROM sbtest5 WHERE id BETWEEN 2754949 AND 2755049
	Index Scan using sbtest5_pkey on sbtest5  (cost=0.43..366.88 rows=92 width=125)
	  Index Cond: ((id >= 2754949) AND (id <= 2755049))

table 6 : explain SELECT id, c FROM sbtest6 WHERE id BETWEEN 2754949 AND 2755049
	Index Scan using sbtest6_pkey on sbtest6  (cost=0.43..407.44 rows=102 width=125)
	  Index Cond: ((id >= 2754949) AND (id <= 2755049))

table 7 : explain SELECT id, c FROM sbtest7 WHERE id BETWEEN 2754949 AND 2755049
	Index Scan using sbtest7_pkey on sbtest7  (cost=0.43..396.42 rows=99 width=125)
	  Index Cond: ((id >= 2754949) AND (id <= 2755049))

table 8 : explain SELECT id, c FROM sbtest8 WHERE id BETWEEN 2754949 AND 2755049
	Index Scan using sbtest8_pkey on sbtest8  (cost=0.43..390.98 rows=98 width=125)
	  Index Cond: ((id >= 2754949) AND (id <= 2755049))

for range-notcovered
table 1 : explain SELECT id, c FROM sbtest1 WHERE id BETWEEN 3559276 AND 3559376
	Index Scan using sbtest1_pkey on sbtest1  (cost=0.43..376.51 rows=94 width=125)
	  Index Cond: ((id >= 3559276) AND (id <= 3559376))

table 2 : explain SELECT id, c FROM sbtest2 WHERE id BETWEEN 3559276 AND 3559376
	Index Scan using sbtest2_pkey on sbtest2  (cost=0.43..404.05 rows=101 width=125)
	  Index Cond: ((id >= 3559276) AND (id <= 3559376))

table 3 : explain SELECT id, c FROM sbtest3 WHERE id BETWEEN 3559276 AND 3559376
	Index Scan using sbtest3_pkey on sbtest3  (cost=0.43..435.90 rows=109 width=125)
	  Index Cond: ((id >= 3559276) AND (id <= 3559376))

table 4 : explain SELECT id, c FROM sbtest4 WHERE id BETWEEN 3559276 AND 3559376
	Index Scan using sbtest4_pkey on sbtest4  (cost=0.43..423.57 rows=106 width=125)
	  Index Cond: ((id >= 3559276) AND (id <= 3559376))

table 5 : explain SELECT id, c FROM sbtest5 WHERE id BETWEEN 3559276 AND 3559376
	Index Scan using sbtest5_pkey on sbtest5  (cost=0.43..414.16 rows=104 width=125)
	  Index Cond: ((id >= 3559276) AND (id <= 3559376))

table 6 : explain SELECT id, c FROM sbtest6 WHERE id BETWEEN 3559276 AND 3559376
	Index Scan using sbtest6_pkey on sbtest6  (cost=0.43..423.24 rows=106 width=125)
	  Index Cond: ((id >= 3559276) AND (id <= 3559376))

table 7 : explain SELECT id, c FROM sbtest7 WHERE id BETWEEN 3559276 AND 3559376
	Index Scan using sbtest7_pkey on sbtest7  (cost=0.43..404.34 rows=101 width=125)
	  Index Cond: ((id >= 3559276) AND (id <= 3559376))

table 8 : explain SELECT id, c FROM sbtest8 WHERE id BETWEEN 3559276 AND 3559376
	Index Scan using sbtest8_pkey on sbtest8  (cost=0.43..390.98 rows=98 width=125)
	  Index Cond: ((id >= 3559276) AND (id <= 3559376))

explain: for range-notcovered :: explain SELECT id, c FROM sbtest%d WHERE id BETWEEN 2754949 AND 2755049
for range-notcovered
table 1 : explain SELECT id, c FROM sbtest1 WHERE id BETWEEN 6520058 AND 6520158
	Index Scan using sbtest1_pkey on sbtest1  (cost=0.43..443.80 rows=111 width=125)
	  Index Cond: ((id >= 6520058) AND (id <= 6520158))

table 2 : explain SELECT id, c FROM sbtest2 WHERE id BETWEEN 6520058 AND 6520158
	Index Scan using sbtest2_pkey on sbtest2  (cost=0.43..364.48 rows=91 width=125)
	  Index Cond: ((id >= 6520058) AND (id <= 6520158))

table 3 : explain SELECT id, c FROM sbtest3 WHERE id BETWEEN 6520058 AND 6520158
	Index Scan using sbtest3_pkey on sbtest3  (cost=0.43..408.20 rows=102 width=125)
	  Index Cond: ((id >= 6520058) AND (id <= 6520158))

table 4 : explain SELECT id, c FROM sbtest4 WHERE id BETWEEN 6520058 AND 6520158
	Index Scan using sbtest4_pkey on sbtest4  (cost=0.43..368.21 rows=92 width=125)
	  Index Cond: ((id >= 6520058) AND (id <= 6520158))

table 5 : explain SELECT id, c FROM sbtest5 WHERE id BETWEEN 6520058 AND 6520158
	Index Scan using sbtest5_pkey on sbtest5  (cost=0.43..406.29 rows=102 width=125)
	  Index Cond: ((id >= 6520058) AND (id <= 6520158))

table 6 : explain SELECT id, c FROM sbtest6 WHERE id BETWEEN 6520058 AND 6520158
	Index Scan using sbtest6_pkey on sbtest6  (cost=0.43..395.57 rows=99 width=125)
	  Index Cond: ((id >= 6520058) AND (id <= 6520158))

table 7 : explain SELECT id, c FROM sbtest7 WHERE id BETWEEN 6520058 AND 6520158
	Index Scan using sbtest7_pkey on sbtest7  (cost=0.43..384.53 rows=96 width=125)
	  Index Cond: ((id >= 6520058) AND (id <= 6520158))

table 8 : explain SELECT id, c FROM sbtest8 WHERE id BETWEEN 6520058 AND 6520158
	Index Scan using sbtest8_pkey on sbtest8  (cost=0.43..390.98 rows=98 width=125)
	  Index Cond: ((id >= 6520058) AND (id <= 6520158))

explain: for range-notcovered :: explain SELECT id, c FROM sbtest%d WHERE id BETWEEN 3559276 AND 3559376
for range-notcovered
table 1 : explain SELECT id, c FROM sbtest1 WHERE id BETWEEN 5530105 AND 5530205
	Index Scan using sbtest1_pkey on sbtest1  (cost=0.43..420.05 rows=105 width=125)
	  Index Cond: ((id >= 5530105) AND (id <= 5530205))

table 2 : explain SELECT id, c FROM sbtest2 WHERE id BETWEEN 5530105 AND 5530205
	Index Scan using sbtest2_pkey on sbtest2  (cost=0.43..368.44 rows=92 width=125)
	  Index Cond: ((id >= 5530105) AND (id <= 5530205))

table 3 : explain SELECT id, c FROM sbtest3 WHERE id BETWEEN 5530105 AND 5530205
	Index Scan using sbtest3_pkey on sbtest3  (cost=0.43..400.27 rows=100 width=125)
	  Index Cond: ((id >= 5530105) AND (id <= 5530205))

table 4 : explain SELECT id, c FROM sbtest4 WHERE id BETWEEN 5530105 AND 5530205
	Index Scan using sbtest4_pkey on sbtest4  (cost=0.43..376.11 rows=94 width=125)
	  Index Cond: ((id >= 5530105) AND (id <= 5530205))

table 5 : explain SELECT id, c FROM sbtest5 WHERE id BETWEEN 5530105 AND 5530205
	Index Scan using sbtest5_pkey on sbtest5  (cost=0.43..410.23 rows=103 width=125)
	  Index Cond: ((id >= 5530105) AND (id <= 5530205))

table 6 : explain SELECT id, c FROM sbtest6 WHERE id BETWEEN 5530105 AND 5530205
	Index Scan using sbtest6_pkey on sbtest6  (cost=0.43..407.44 rows=102 width=125)
	  Index Cond: ((id >= 5530105) AND (id <= 5530205))

table 7 : explain SELECT id, c FROM sbtest7 WHERE id BETWEEN 5530105 AND 5530205
	Index Scan using sbtest7_pkey on sbtest7  (cost=0.43..428.09 rows=107 width=125)
	  Index Cond: ((id >= 5530105) AND (id <= 5530205))

table 8 : explain SELECT id, c FROM sbtest8 WHERE id BETWEEN 5530105 AND 5530205
	Index Scan using sbtest8_pkey on sbtest8  (cost=0.43..410.72 rows=103 width=125)
	  Index Cond: ((id >= 5530105) AND (id <= 5530205))

explain: for range-notcovered :: explain SELECT id, c FROM sbtest%d WHERE id BETWEEN 6520058 AND 6520158
for range-notcovered
table 1 : explain SELECT id, c FROM sbtest1 WHERE id BETWEEN 3249157 AND 3249257
	Index Scan using sbtest1_pkey on sbtest1  (cost=0.43..388.38 rows=97 width=125)
	  Index Cond: ((id >= 3249157) AND (id <= 3249257))

table 2 : explain SELECT id, c FROM sbtest2 WHERE id BETWEEN 3249157 AND 3249257
	Index Scan using sbtest2_pkey on sbtest2  (cost=0.43..404.04 rows=101 width=125)
	  Index Cond: ((id >= 3249157) AND (id <= 3249257))

table 3 : explain SELECT id, c FROM sbtest3 WHERE id BETWEEN 3249157 AND 3249257
	Index Scan using sbtest3_pkey on sbtest3  (cost=0.43..420.07 rows=105 width=125)
	  Index Cond: ((id >= 3249157) AND (id <= 3249257))

table 4 : explain SELECT id, c FROM sbtest4 WHERE id BETWEEN 3249157 AND 3249257
	Index Scan using sbtest4_pkey on sbtest4  (cost=0.43..411.71 rows=103 width=125)
	  Index Cond: ((id >= 3249157) AND (id <= 3249257))

table 5 : explain SELECT id, c FROM sbtest5 WHERE id BETWEEN 3249157 AND 3249257
	Index Scan using sbtest5_pkey on sbtest5  (cost=0.43..402.35 rows=101 width=125)
	  Index Cond: ((id >= 3249157) AND (id <= 3249257))

table 6 : explain SELECT id, c FROM sbtest6 WHERE id BETWEEN 3249157 AND 3249257
	Index Scan using sbtest6_pkey on sbtest6  (cost=0.43..391.62 rows=98 width=125)
	  Index Cond: ((id >= 3249157) AND (id <= 3249257))

table 7 : explain SELECT id, c FROM sbtest7 WHERE id BETWEEN 3249157 AND 3249257
	Index Scan using sbtest7_pkey on sbtest7  (cost=0.43..404.34 rows=101 width=125)
	  Index Cond: ((id >= 3249157) AND (id <= 3249257))

table 8 : explain SELECT id, c FROM sbtest8 WHERE id BETWEEN 3249157 AND 3249257
	Index Scan using sbtest8_pkey on sbtest8  (cost=0.43..438.32 rows=110 width=125)
	  Index Cond: ((id >= 3249157) AND (id <= 3249257))

for range-notcovered
table 1 : explain SELECT id, c FROM sbtest1 WHERE id BETWEEN 7956714 AND 7956814
	Index Scan using sbtest1_pkey on sbtest1  (cost=0.43..431.93 rows=108 width=125)
	  Index Cond: ((id >= 7956714) AND (id <= 7956814))

table 2 : explain SELECT id, c FROM sbtest2 WHERE id BETWEEN 7956714 AND 7956814
	Index Scan using sbtest2_pkey on sbtest2  (cost=0.43..404.05 rows=101 width=125)
	  Index Cond: ((id >= 7956714) AND (id <= 7956814))

table 3 : explain SELECT id, c FROM sbtest3 WHERE id BETWEEN 7956714 AND 7956814
	Index Scan using sbtest3_pkey on sbtest3  (cost=0.43..416.12 rows=104 width=125)
	  Index Cond: ((id >= 7956714) AND (id <= 7956814))

table 4 : explain SELECT id, c FROM sbtest4 WHERE id BETWEEN 7956714 AND 7956814
	Index Scan using sbtest4_pkey on sbtest4  (cost=0.43..364.25 rows=91 width=125)
	  Index Cond: ((id >= 7956714) AND (id <= 7956814))

table 5 : explain SELECT id, c FROM sbtest5 WHERE id BETWEEN 7956714 AND 7956814
	Index Scan using sbtest5_pkey on sbtest5  (cost=0.43..390.51 rows=98 width=125)
	  Index Cond: ((id >= 7956714) AND (id <= 7956814))

table 6 : explain SELECT id, c FROM sbtest6 WHERE id BETWEEN 7956714 AND 7956814
	Index Scan using sbtest6_pkey on sbtest6  (cost=0.43..419.29 rows=105 width=125)
	  Index Cond: ((id >= 7956714) AND (id <= 7956814))

table 7 : explain SELECT id, c FROM sbtest7 WHERE id BETWEEN 7956714 AND 7956814
	Index Scan using sbtest7_pkey on sbtest7  (cost=0.43..428.09 rows=107 width=125)
	  Index Cond: ((id >= 7956714) AND (id <= 7956814))

table 8 : explain SELECT id, c FROM sbtest8 WHERE id BETWEEN 7956714 AND 7956814
	Index Scan using sbtest8_pkey on sbtest8  (cost=0.43..414.66 rows=104 width=125)
	  Index Cond: ((id >= 7956714) AND (id <= 7956814))

explain: for range-notcovered :: explain SELECT id, c FROM sbtest%d WHERE id BETWEEN 7956714 AND 7956814
explain: for range-notcovered :: explain SELECT id, c FROM sbtest%d WHERE id BETWEEN 7103142 AND 7103242
explain: for range-notcovered :: explain SELECT id, c FROM sbtest%d WHERE id BETWEEN 3249157 AND 3249257
for range-notcovered
table 1 : explain SELECT id, c FROM sbtest1 WHERE id BETWEEN 5346674 AND 5346774
	Index Scan using sbtest1_pkey on sbtest1  (cost=0.43..420.05 rows=105 width=125)
	  Index Cond: ((id >= 5346674) AND (id <= 5346774))

table 2 : explain SELECT id, c FROM sbtest2 WHERE id BETWEEN 5346674 AND 5346774
	Index Scan using sbtest2_pkey on sbtest2  (cost=0.43..431.74 rows=108 width=125)
	  Index Cond: ((id >= 5346674) AND (id <= 5346774))

table 3 : explain SELECT id, c FROM sbtest3 WHERE id BETWEEN 5346674 AND 5346774
	Index Scan using sbtest3_pkey on sbtest3  (cost=0.43..384.44 rows=96 width=125)
	  Index Cond: ((id >= 5346674) AND (id <= 5346774))

table 4 : explain SELECT id, c FROM sbtest4 WHERE id BETWEEN 5346674 AND 5346774
	Index Scan using sbtest4_pkey on sbtest4  (cost=0.43..395.88 rows=99 width=125)
	  Index Cond: ((id >= 5346674) AND (id <= 5346774))

table 5 : explain SELECT id, c FROM sbtest5 WHERE id BETWEEN 5346674 AND 5346774
	Index Scan using sbtest5_pkey on sbtest5  (cost=0.43..366.88 rows=92 width=125)
	  Index Cond: ((id >= 5346674) AND (id <= 5346774))

table 6 : explain SELECT id, c FROM sbtest6 WHERE id BETWEEN 5346674 AND 5346774
	Index Scan using sbtest6_pkey on sbtest6  (cost=0.43..387.67 rows=97 width=125)
	  Index Cond: ((id >= 5346674) AND (id <= 5346774))

table 7 : explain SELECT id, c FROM sbtest7 WHERE id BETWEEN 5346674 AND 5346774
	Index Scan using sbtest7_pkey on sbtest7  (cost=0.43..372.65 rows=93 width=125)
	  Index Cond: ((id >= 5346674) AND (id <= 5346774))

table 8 : explain SELECT id, c FROM sbtest8 WHERE id BETWEEN 5346674 AND 5346774
	Index Scan using sbtest8_pkey on sbtest8  (cost=0.43..390.98 rows=98 width=125)
	  Index Cond: ((id >= 5346674) AND (id <= 5346774))

explain: for range-notcovered :: explain SELECT id, c FROM sbtest%d WHERE id BETWEEN 5278725 AND 5278825
explain: for range-notcovered :: explain SELECT id, c FROM sbtest%d WHERE id BETWEEN 5346674 AND 5346774
for range-notcovered
table 1 : explain SELECT id, c FROM sbtest1 WHERE id BETWEEN 3559276 AND 3559376
	Index Scan using sbtest1_pkey on sbtest1  (cost=0.43..376.51 rows=94 width=125)
	  Index Cond: ((id >= 3559276) AND (id <= 3559376))

table 2 : explain SELECT id, c FROM sbtest2 WHERE id BETWEEN 3559276 AND 3559376
	Index Scan using sbtest2_pkey on sbtest2  (cost=0.43..404.05 rows=101 width=125)
	  Index Cond: ((id >= 3559276) AND (id <= 3559376))

table 3 : explain SELECT id, c FROM sbtest3 WHERE id BETWEEN 3559276 AND 3559376
	Index Scan using sbtest3_pkey on sbtest3  (cost=0.43..435.90 rows=109 width=125)
	  Index Cond: ((id >= 3559276) AND (id <= 3559376))

table 4 : explain SELECT id, c FROM sbtest4 WHERE id BETWEEN 3559276 AND 3559376
	Index Scan using sbtest4_pkey on sbtest4  (cost=0.43..423.57 rows=106 width=125)
	  Index Cond: ((id >= 3559276) AND (id <= 3559376))

table 5 : explain SELECT id, c FROM sbtest5 WHERE id BETWEEN 3559276 AND 3559376
	Index Scan using sbtest5_pkey on sbtest5  (cost=0.43..414.16 rows=104 width=125)
	  Index Cond: ((id >= 3559276) AND (id <= 3559376))

table 6 : explain SELECT id, c FROM sbtest6 WHERE id BETWEEN 3559276 AND 3559376
	Index Scan using sbtest6_pkey on sbtest6  (cost=0.43..423.24 rows=106 width=125)
	  Index Cond: ((id >= 3559276) AND (id <= 3559376))

table 7 : explain SELECT id, c FROM sbtest7 WHERE id BETWEEN 3559276 AND 3559376
	Index Scan using sbtest7_pkey on sbtest7  (cost=0.43..404.34 rows=101 width=125)
	  Index Cond: ((id >= 3559276) AND (id <= 3559376))

table 8 : explain SELECT id, c FROM sbtest8 WHERE id BETWEEN 3559276 AND 3559376
	Index Scan using sbtest8_pkey on sbtest8  (cost=0.43..390.98 rows=98 width=125)
	  Index Cond: ((id >= 3559276) AND (id <= 3559376))

explain: for range-notcovered :: explain SELECT id, c FROM sbtest%d WHERE id BETWEEN 3559276 AND 3559376
for range-notcovered
table 1 : explain SELECT id, c FROM sbtest1 WHERE id BETWEEN 6520058 AND 6520158
	Index Scan using sbtest1_pkey on sbtest1  (cost=0.43..443.80 rows=111 width=125)
	  Index Cond: ((id >= 6520058) AND (id <= 6520158))

table 2 : explain SELECT id, c FROM sbtest2 WHERE id BETWEEN 6520058 AND 6520158
	Index Scan using sbtest2_pkey on sbtest2  (cost=0.43..364.48 rows=91 width=125)
	  Index Cond: ((id >= 6520058) AND (id <= 6520158))

table 3 : explain SELECT id, c FROM sbtest3 WHERE id BETWEEN 6520058 AND 6520158
	Index Scan using sbtest3_pkey on sbtest3  (cost=0.43..408.20 rows=102 width=125)
	  Index Cond: ((id >= 6520058) AND (id <= 6520158))

table 4 : explain SELECT id, c FROM sbtest4 WHERE id BETWEEN 6520058 AND 6520158
	Index Scan using sbtest4_pkey on sbtest4  (cost=0.43..368.21 rows=92 width=125)
	  Index Cond: ((id >= 6520058) AND (id <= 6520158))

table 5 : explain SELECT id, c FROM sbtest5 WHERE id BETWEEN 6520058 AND 6520158
	Index Scan using sbtest5_pkey on sbtest5  (cost=0.43..406.29 rows=102 width=125)
	  Index Cond: ((id >= 6520058) AND (id <= 6520158))

table 6 : explain SELECT id, c FROM sbtest6 WHERE id BETWEEN 6520058 AND 6520158
	Index Scan using sbtest6_pkey on sbtest6  (cost=0.43..395.57 rows=99 width=125)
	  Index Cond: ((id >= 6520058) AND (id <= 6520158))

table 7 : explain SELECT id, c FROM sbtest7 WHERE id BETWEEN 6520058 AND 6520158
	Index Scan using sbtest7_pkey on sbtest7  (cost=0.43..384.53 rows=96 width=125)
	  Index Cond: ((id >= 6520058) AND (id <= 6520158))

table 8 : explain SELECT id, c FROM sbtest8 WHERE id BETWEEN 6520058 AND 6520158
	Index Scan using sbtest8_pkey on sbtest8  (cost=0.43..390.98 rows=98 width=125)
	  Index Cond: ((id >= 6520058) AND (id <= 6520158))

explain: for range-notcovered :: explain SELECT id, c FROM sbtest%d WHERE id BETWEEN 5530105 AND 5530205
explain: for range-notcovered :: explain SELECT id, c FROM sbtest%d WHERE id BETWEEN 6520058 AND 6520158
for range-notcovered
table 1 : explain SELECT id, c FROM sbtest1 WHERE id BETWEEN 2754949 AND 2755049
	Index Scan using sbtest1_pkey on sbtest1  (cost=0.43..408.18 rows=102 width=125)
	  Index Cond: ((id >= 2754949) AND (id <= 2755049))

table 2 : explain SELECT id, c FROM sbtest2 WHERE id BETWEEN 2754949 AND 2755049
	Index Scan using sbtest2_pkey on sbtest2  (cost=0.43..364.48 rows=91 width=125)
	  Index Cond: ((id >= 2754949) AND (id <= 2755049))

table 3 : explain SELECT id, c FROM sbtest3 WHERE id BETWEEN 2754949 AND 2755049
	Index Scan using sbtest3_pkey on sbtest3  (cost=0.43..396.31 rows=99 width=125)
	  Index Cond: ((id >= 2754949) AND (id <= 2755049))

table 4 : explain SELECT id, c FROM sbtest4 WHERE id BETWEEN 2754949 AND 2755049
	Index Scan using sbtest4_pkey on sbtest4  (cost=0.43..427.52 rows=107 width=125)
	  Index Cond: ((id >= 2754949) AND (id <= 2755049))

table 5 : explain SELECT id, c FROM sbtest5 WHERE id BETWEEN 2754949 AND 2755049
	Index Scan using sbtest5_pkey on sbtest5  (cost=0.43..366.88 rows=92 width=125)
	  Index Cond: ((id >= 2754949) AND (id <= 2755049))

table 6 : explain SELECT id, c FROM sbtest6 WHERE id BETWEEN 2754949 AND 2755049
	Index Scan using sbtest6_pkey on sbtest6  (cost=0.43..407.44 rows=102 width=125)
	  Index Cond: ((id >= 2754949) AND (id <= 2755049))

table 7 : explain SELECT id, c FROM sbtest7 WHERE id BETWEEN 2754949 AND 2755049
	Index Scan using sbtest7_pkey on sbtest7  (cost=0.43..396.42 rows=99 width=125)
	  Index Cond: ((id >= 2754949) AND (id <= 2755049))

table 8 : explain SELECT id, c FROM sbtest8 WHERE id BETWEEN 2754949 AND 2755049
	Index Scan using sbtest8_pkey on sbtest8  (cost=0.43..390.98 rows=98 width=125)
	  Index Cond: ((id >= 2754949) AND (id <= 2755049))

explain: for range-notcovered :: explain SELECT id, c FROM sbtest%d WHERE id BETWEEN 2754949 AND 2755049
for range-notcovered
table 1 : explain SELECT id, c FROM sbtest1 WHERE id BETWEEN 3559276 AND 3559376
	Index Scan using sbtest1_pkey on sbtest1  (cost=0.43..376.51 rows=94 width=125)
	  Index Cond: ((id >= 3559276) AND (id <= 3559376))

table 2 : explain SELECT id, c FROM sbtest2 WHERE id BETWEEN 3559276 AND 3559376
	Index Scan using sbtest2_pkey on sbtest2  (cost=0.43..404.05 rows=101 width=125)
	  Index Cond: ((id >= 3559276) AND (id <= 3559376))

table 3 : explain SELECT id, c FROM sbtest3 WHERE id BETWEEN 3559276 AND 3559376
	Index Scan using sbtest3_pkey on sbtest3  (cost=0.43..435.90 rows=109 width=125)
	  Index Cond: ((id >= 3559276) AND (id <= 3559376))

table 4 : explain SELECT id, c FROM sbtest4 WHERE id BETWEEN 3559276 AND 3559376
	Index Scan using sbtest4_pkey on sbtest4  (cost=0.43..423.57 rows=106 width=125)
	  Index Cond: ((id >= 3559276) AND (id <= 3559376))

table 5 : explain SELECT id, c FROM sbtest5 WHERE id BETWEEN 3559276 AND 3559376
	Index Scan using sbtest5_pkey on sbtest5  (cost=0.43..414.16 rows=104 width=125)
	  Index Cond: ((id >= 3559276) AND (id <= 3559376))

table 6 : explain SELECT id, c FROM sbtest6 WHERE id BETWEEN 3559276 AND 3559376
	Index Scan using sbtest6_pkey on sbtest6  (cost=0.43..423.24 rows=106 width=125)
	  Index Cond: ((id >= 3559276) AND (id <= 3559376))

table 7 : explain SELECT id, c FROM sbtest7 WHERE id BETWEEN 3559276 AND 3559376
	Index Scan using sbtest7_pkey on sbtest7  (cost=0.43..404.34 rows=101 width=125)
	  Index Cond: ((id >= 3559276) AND (id <= 3559376))

table 8 : explain SELECT id, c FROM sbtest8 WHERE id BETWEEN 3559276 AND 3559376
	Index Scan using sbtest8_pkey on sbtest8  (cost=0.43..390.98 rows=98 width=125)
	  Index Cond: ((id >= 3559276) AND (id <= 3559376))

explain: for range-notcovered :: explain SELECT id, c FROM sbtest%d WHERE id BETWEEN 3559276 AND 3559376
for range-notcovered
table 1 : explain SELECT id, c FROM sbtest1 WHERE id BETWEEN 6520058 AND 6520158
	Index Scan using sbtest1_pkey on sbtest1  (cost=0.43..443.80 rows=111 width=125)
	  Index Cond: ((id >= 6520058) AND (id <= 6520158))

table 2 : explain SELECT id, c FROM sbtest2 WHERE id BETWEEN 6520058 AND 6520158
	Index Scan using sbtest2_pkey on sbtest2  (cost=0.43..364.48 rows=91 width=125)
	  Index Cond: ((id >= 6520058) AND (id <= 6520158))

table 3 : explain SELECT id, c FROM sbtest3 WHERE id BETWEEN 6520058 AND 6520158
	Index Scan using sbtest3_pkey on sbtest3  (cost=0.43..408.20 rows=102 width=125)
	  Index Cond: ((id >= 6520058) AND (id <= 6520158))

table 4 : explain SELECT id, c FROM sbtest4 WHERE id BETWEEN 6520058 AND 6520158
	Index Scan using sbtest4_pkey on sbtest4  (cost=0.43..368.21 rows=92 width=125)
	  Index Cond: ((id >= 6520058) AND (id <= 6520158))

table 5 : explain SELECT id, c FROM sbtest5 WHERE id BETWEEN 6520058 AND 6520158
	Index Scan using sbtest5_pkey on sbtest5  (cost=0.43..406.29 rows=102 width=125)
	  Index Cond: ((id >= 6520058) AND (id <= 6520158))

table 6 : explain SELECT id, c FROM sbtest6 WHERE id BETWEEN 6520058 AND 6520158
	Index Scan using sbtest6_pkey on sbtest6  (cost=0.43..395.57 rows=99 width=125)
	  Index Cond: ((id >= 6520058) AND (id <= 6520158))

table 7 : explain SELECT id, c FROM sbtest7 WHERE id BETWEEN 6520058 AND 6520158
	Index Scan using sbtest7_pkey on sbtest7  (cost=0.43..384.53 rows=96 width=125)
	  Index Cond: ((id >= 6520058) AND (id <= 6520158))

table 8 : explain SELECT id, c FROM sbtest8 WHERE id BETWEEN 6520058 AND 6520158
	Index Scan using sbtest8_pkey on sbtest8  (cost=0.43..390.98 rows=98 width=125)
	  Index Cond: ((id >= 6520058) AND (id <= 6520158))

for range-notcovered
table 1 : explain SELECT id, c FROM sbtest1 WHERE id BETWEEN 3249157 AND 3249257
	Index Scan using sbtest1_pkey on sbtest1  (cost=0.43..388.38 rows=97 width=125)
	  Index Cond: ((id >= 3249157) AND (id <= 3249257))

table 2 : explain SELECT id, c FROM sbtest2 WHERE id BETWEEN 3249157 AND 3249257
	Index Scan using sbtest2_pkey on sbtest2  (cost=0.43..404.04 rows=101 width=125)
	  Index Cond: ((id >= 3249157) AND (id <= 3249257))

table 3 : explain SELECT id, c FROM sbtest3 WHERE id BETWEEN 3249157 AND 3249257
	Index Scan using sbtest3_pkey on sbtest3  (cost=0.43..420.07 rows=105 width=125)
	  Index Cond: ((id >= 3249157) AND (id <= 3249257))

table 4 : explain SELECT id, c FROM sbtest4 WHERE id BETWEEN 3249157 AND 3249257
	Index Scan using sbtest4_pkey on sbtest4  (cost=0.43..411.71 rows=103 width=125)
	  Index Cond: ((id >= 3249157) AND (id <= 3249257))

table 5 : explain SELECT id, c FROM sbtest5 WHERE id BETWEEN 3249157 AND 3249257
	Index Scan using sbtest5_pkey on sbtest5  (cost=0.43..402.35 rows=101 width=125)
	  Index Cond: ((id >= 3249157) AND (id <= 3249257))

table 6 : explain SELECT id, c FROM sbtest6 WHERE id BETWEEN 3249157 AND 3249257
	Index Scan using sbtest6_pkey on sbtest6  (cost=0.43..391.62 rows=98 width=125)
	  Index Cond: ((id >= 3249157) AND (id <= 3249257))

table 7 : explain SELECT id, c FROM sbtest7 WHERE id BETWEEN 3249157 AND 3249257
	Index Scan using sbtest7_pkey on sbtest7  (cost=0.43..404.34 rows=101 width=125)
	  Index Cond: ((id >= 3249157) AND (id <= 3249257))

table 8 : explain SELECT id, c FROM sbtest8 WHERE id BETWEEN 3249157 AND 3249257
	Index Scan using sbtest8_pkey on sbtest8  (cost=0.43..438.32 rows=110 width=125)
	  Index Cond: ((id >= 3249157) AND (id <= 3249257))

explain: for range-notcovered :: explain SELECT id, c FROM sbtest%d WHERE id BETWEEN 6520058 AND 6520158
for range-notcovered
table 1 : explain SELECT id, c FROM sbtest1 WHERE id BETWEEN 7956714 AND 7956814
	Index Scan using sbtest1_pkey on sbtest1  (cost=0.43..431.93 rows=108 width=125)
	  Index Cond: ((id >= 7956714) AND (id <= 7956814))

table 2 : explain SELECT id, c FROM sbtest2 WHERE id BETWEEN 7956714 AND 7956814
	Index Scan using sbtest2_pkey on sbtest2  (cost=0.43..404.05 rows=101 width=125)
	  Index Cond: ((id >= 7956714) AND (id <= 7956814))

table 3 : explain SELECT id, c FROM sbtest3 WHERE id BETWEEN 7956714 AND 7956814
	Index Scan using sbtest3_pkey on sbtest3  (cost=0.43..416.12 rows=104 width=125)
	  Index Cond: ((id >= 7956714) AND (id <= 7956814))

table 4 : explain SELECT id, c FROM sbtest4 WHERE id BETWEEN 7956714 AND 7956814
	Index Scan using sbtest4_pkey on sbtest4  (cost=0.43..364.25 rows=91 width=125)
	  Index Cond: ((id >= 7956714) AND (id <= 7956814))

table 5 : explain SELECT id, c FROM sbtest5 WHERE id BETWEEN 7956714 AND 7956814
	Index Scan using sbtest5_pkey on sbtest5  (cost=0.43..390.51 rows=98 width=125)
	  Index Cond: ((id >= 7956714) AND (id <= 7956814))

table 6 : explain SELECT id, c FROM sbtest6 WHERE id BETWEEN 7956714 AND 7956814
	Index Scan using sbtest6_pkey on sbtest6  (cost=0.43..419.29 rows=105 width=125)
	  Index Cond: ((id >= 7956714) AND (id <= 7956814))

table 7 : explain SELECT id, c FROM sbtest7 WHERE id BETWEEN 7956714 AND 7956814
	Index Scan using sbtest7_pkey on sbtest7  (cost=0.43..428.09 rows=107 width=125)
	  Index Cond: ((id >= 7956714) AND (id <= 7956814))

table 8 : explain SELECT id, c FROM sbtest8 WHERE id BETWEEN 7956714 AND 7956814
	Index Scan using sbtest8_pkey on sbtest8  (cost=0.43..414.66 rows=104 width=125)
	  Index Cond: ((id >= 7956714) AND (id <= 7956814))

explain: for range-notcovered :: explain SELECT id, c FROM sbtest%d WHERE id BETWEEN 7956714 AND 7956814
explain: for range-notcovered :: explain SELECT id, c FROM sbtest%d WHERE id BETWEEN 3249157 AND 3249257
for range-notcovered
table 1 : explain SELECT id, c FROM sbtest1 WHERE id BETWEEN 5530105 AND 5530205
	Index Scan using sbtest1_pkey on sbtest1  (cost=0.43..420.05 rows=105 width=125)
	  Index Cond: ((id >= 5530105) AND (id <= 5530205))

table 2 : explain SELECT id, c FROM sbtest2 WHERE id BETWEEN 5530105 AND 5530205
	Index Scan using sbtest2_pkey on sbtest2  (cost=0.43..368.44 rows=92 width=125)
	  Index Cond: ((id >= 5530105) AND (id <= 5530205))

table 3 : explain SELECT id, c FROM sbtest3 WHERE id BETWEEN 5530105 AND 5530205
	Index Scan using sbtest3_pkey on sbtest3  (cost=0.43..400.27 rows=100 width=125)
	  Index Cond: ((id >= 5530105) AND (id <= 5530205))

table 4 : explain SELECT id, c FROM sbtest4 WHERE id BETWEEN 5530105 AND 5530205
	Index Scan using sbtest4_pkey on sbtest4  (cost=0.43..376.11 rows=94 width=125)
	  Index Cond: ((id >= 5530105) AND (id <= 5530205))

table 5 : explain SELECT id, c FROM sbtest5 WHERE id BETWEEN 5530105 AND 5530205
	Index Scan using sbtest5_pkey on sbtest5  (cost=0.43..410.23 rows=103 width=125)
	  Index Cond: ((id >= 5530105) AND (id <= 5530205))

table 6 : explain SELECT id, c FROM sbtest6 WHERE id BETWEEN 5530105 AND 5530205
	Index Scan using sbtest6_pkey on sbtest6  (cost=0.43..407.44 rows=102 width=125)
	  Index Cond: ((id >= 5530105) AND (id <= 5530205))

table 7 : explain SELECT id, c FROM sbtest7 WHERE id BETWEEN 5530105 AND 5530205
	Index Scan using sbtest7_pkey on sbtest7  (cost=0.43..428.09 rows=107 width=125)
	  Index Cond: ((id >= 5530105) AND (id <= 5530205))

table 8 : explain SELECT id, c FROM sbtest8 WHERE id BETWEEN 5530105 AND 5530205
	Index Scan using sbtest8_pkey on sbtest8  (cost=0.43..410.72 rows=103 width=125)
	  Index Cond: ((id >= 5530105) AND (id <= 5530205))

for range-notcovered
table 1 : explain SELECT id, c FROM sbtest1 WHERE id BETWEEN 3559276 AND 3559376
	Index Scan using sbtest1_pkey on sbtest1  (cost=0.43..376.51 rows=94 width=125)
	  Index Cond: ((id >= 3559276) AND (id <= 3559376))

table 2 : explain SELECT id, c FROM sbtest2 WHERE id BETWEEN 3559276 AND 3559376
	Index Scan using sbtest2_pkey on sbtest2  (cost=0.43..404.05 rows=101 width=125)
	  Index Cond: ((id >= 3559276) AND (id <= 3559376))

table 3 : explain SELECT id, c FROM sbtest3 WHERE id BETWEEN 3559276 AND 3559376
	Index Scan using sbtest3_pkey on sbtest3  (cost=0.43..435.90 rows=109 width=125)
	  Index Cond: ((id >= 3559276) AND (id <= 3559376))

table 4 : explain SELECT id, c FROM sbtest4 WHERE id BETWEEN 3559276 AND 3559376
	Index Scan using sbtest4_pkey on sbtest4  (cost=0.43..423.57 rows=106 width=125)
	  Index Cond: ((id >= 3559276) AND (id <= 3559376))

table 5 : explain SELECT id, c FROM sbtest5 WHERE id BETWEEN 3559276 AND 3559376
	Index Scan using sbtest5_pkey on sbtest5  (cost=0.43..414.16 rows=104 width=125)
	  Index Cond: ((id >= 3559276) AND (id <= 3559376))

table 6 : explain SELECT id, c FROM sbtest6 WHERE id BETWEEN 3559276 AND 3559376
	Index Scan using sbtest6_pkey on sbtest6  (cost=0.43..423.24 rows=106 width=125)
	  Index Cond: ((id >= 3559276) AND (id <= 3559376))

table 7 : explain SELECT id, c FROM sbtest7 WHERE id BETWEEN 3559276 AND 3559376
	Index Scan using sbtest7_pkey on sbtest7  (cost=0.43..404.34 rows=101 width=125)
	  Index Cond: ((id >= 3559276) AND (id <= 3559376))

table 8 : explain SELECT id, c FROM sbtest8 WHERE id BETWEEN 3559276 AND 3559376
	Index Scan using sbtest8_pkey on sbtest8  (cost=0.43..390.98 rows=98 width=125)
	  Index Cond: ((id >= 3559276) AND (id <= 3559376))

for range-notcovered
table 1 : explain SELECT id, c FROM sbtest1 WHERE id BETWEEN 6520058 AND 6520158
	Index Scan using sbtest1_pkey on sbtest1  (cost=0.43..443.80 rows=111 width=125)
	  Index Cond: ((id >= 6520058) AND (id <= 6520158))

table 2 : explain SELECT id, c FROM sbtest2 WHERE id BETWEEN 6520058 AND 6520158
	Index Scan using sbtest2_pkey on sbtest2  (cost=0.43..364.48 rows=91 width=125)
	  Index Cond: ((id >= 6520058) AND (id <= 6520158))

table 3 : explain SELECT id, c FROM sbtest3 WHERE id BETWEEN 6520058 AND 6520158
	Index Scan using sbtest3_pkey on sbtest3  (cost=0.43..408.20 rows=102 width=125)
	  Index Cond: ((id >= 6520058) AND (id <= 6520158))

table 4 : explain SELECT id, c FROM sbtest4 WHERE id BETWEEN 6520058 AND 6520158
	Index Scan using sbtest4_pkey on sbtest4  (cost=0.43..368.21 rows=92 width=125)
	  Index Cond: ((id >= 6520058) AND (id <= 6520158))

table 5 : explain SELECT id, c FROM sbtest5 WHERE id BETWEEN 6520058 AND 6520158
	Index Scan using sbtest5_pkey on sbtest5  (cost=0.43..406.29 rows=102 width=125)
	  Index Cond: ((id >= 6520058) AND (id <= 6520158))

table 6 : explain SELECT id, c FROM sbtest6 WHERE id BETWEEN 6520058 AND 6520158
	Index Scan using sbtest6_pkey on sbtest6  (cost=0.43..395.57 rows=99 width=125)
	  Index Cond: ((id >= 6520058) AND (id <= 6520158))

table 7 : explain SELECT id, c FROM sbtest7 WHERE id BETWEEN 6520058 AND 6520158
	Index Scan using sbtest7_pkey on sbtest7  (cost=0.43..384.53 rows=96 width=125)
	  Index Cond: ((id >= 6520058) AND (id <= 6520158))

table 8 : explain SELECT id, c FROM sbtest8 WHERE id BETWEEN 6520058 AND 6520158
	Index Scan using sbtest8_pkey on sbtest8  (cost=0.43..390.98 rows=98 width=125)
	  Index Cond: ((id >= 6520058) AND (id <= 6520158))

explain: for range-notcovered :: explain SELECT id, c FROM sbtest%d WHERE id BETWEEN 3559276 AND 3559376
explain: for range-notcovered :: explain SELECT id, c FROM sbtest%d WHERE id BETWEEN 6520058 AND 6520158
for range-notcovered
table 1 : explain SELECT id, c FROM sbtest1 WHERE id BETWEEN 2754949 AND 2755049
	Index Scan using sbtest1_pkey on sbtest1  (cost=0.43..408.18 rows=102 width=125)
	  Index Cond: ((id >= 2754949) AND (id <= 2755049))

table 2 : explain SELECT id, c FROM sbtest2 WHERE id BETWEEN 2754949 AND 2755049
	Index Scan using sbtest2_pkey on sbtest2  (cost=0.43..364.48 rows=91 width=125)
	  Index Cond: ((id >= 2754949) AND (id <= 2755049))

table 3 : explain SELECT id, c FROM sbtest3 WHERE id BETWEEN 2754949 AND 2755049
	Index Scan using sbtest3_pkey on sbtest3  (cost=0.43..396.31 rows=99 width=125)
	  Index Cond: ((id >= 2754949) AND (id <= 2755049))

table 4 : explain SELECT id, c FROM sbtest4 WHERE id BETWEEN 2754949 AND 2755049
	Index Scan using sbtest4_pkey on sbtest4  (cost=0.43..427.52 rows=107 width=125)
	  Index Cond: ((id >= 2754949) AND (id <= 2755049))

table 5 : explain SELECT id, c FROM sbtest5 WHERE id BETWEEN 2754949 AND 2755049
	Index Scan using sbtest5_pkey on sbtest5  (cost=0.43..366.88 rows=92 width=125)
	  Index Cond: ((id >= 2754949) AND (id <= 2755049))

table 6 : explain SELECT id, c FROM sbtest6 WHERE id BETWEEN 2754949 AND 2755049
	Index Scan using sbtest6_pkey on sbtest6  (cost=0.43..407.44 rows=102 width=125)
	  Index Cond: ((id >= 2754949) AND (id <= 2755049))

table 7 : explain SELECT id, c FROM sbtest7 WHERE id BETWEEN 2754949 AND 2755049
	Index Scan using sbtest7_pkey on sbtest7  (cost=0.43..396.42 rows=99 width=125)
	  Index Cond: ((id >= 2754949) AND (id <= 2755049))

table 8 : explain SELECT id, c FROM sbtest8 WHERE id BETWEEN 2754949 AND 2755049
	Index Scan using sbtest8_pkey on sbtest8  (cost=0.43..390.98 rows=98 width=125)
	  Index Cond: ((id >= 2754949) AND (id <= 2755049))

for range-notcovered
table 1 : explain SELECT id, c FROM sbtest1 WHERE id BETWEEN 7956714 AND 7956814
	Index Scan using sbtest1_pkey on sbtest1  (cost=0.43..431.93 rows=108 width=125)
	  Index Cond: ((id >= 7956714) AND (id <= 7956814))

table 2 : explain SELECT id, c FROM sbtest2 WHERE id BETWEEN 7956714 AND 7956814
	Index Scan using sbtest2_pkey on sbtest2  (cost=0.43..404.05 rows=101 width=125)
	  Index Cond: ((id >= 7956714) AND (id <= 7956814))

table 3 : explain SELECT id, c FROM sbtest3 WHERE id BETWEEN 7956714 AND 7956814
	Index Scan using sbtest3_pkey on sbtest3  (cost=0.43..416.12 rows=104 width=125)
	  Index Cond: ((id >= 7956714) AND (id <= 7956814))

table 4 : explain SELECT id, c FROM sbtest4 WHERE id BETWEEN 7956714 AND 7956814
	Index Scan using sbtest4_pkey on sbtest4  (cost=0.43..364.25 rows=91 width=125)
	  Index Cond: ((id >= 7956714) AND (id <= 7956814))

table 5 : explain SELECT id, c FROM sbtest5 WHERE id BETWEEN 7956714 AND 7956814
	Index Scan using sbtest5_pkey on sbtest5  (cost=0.43..390.51 rows=98 width=125)
	  Index Cond: ((id >= 7956714) AND (id <= 7956814))

table 6 : explain SELECT id, c FROM sbtest6 WHERE id BETWEEN 7956714 AND 7956814
	Index Scan using sbtest6_pkey on sbtest6  (cost=0.43..419.29 rows=105 width=125)
	  Index Cond: ((id >= 7956714) AND (id <= 7956814))

table 7 : explain SELECT id, c FROM sbtest7 WHERE id BETWEEN 7956714 AND 7956814
	Index Scan using sbtest7_pkey on sbtest7  (cost=0.43..428.09 rows=107 width=125)
	  Index Cond: ((id >= 7956714) AND (id <= 7956814))

table 8 : explain SELECT id, c FROM sbtest8 WHERE id BETWEEN 7956714 AND 7956814
	Index Scan using sbtest8_pkey on sbtest8  (cost=0.43..414.66 rows=104 width=125)
	  Index Cond: ((id >= 7956714) AND (id <= 7956814))

for range-notcovered
table 1 : explain SELECT id, c FROM sbtest1 WHERE id BETWEEN 3559276 AND 3559376
	Index Scan using sbtest1_pkey on sbtest1  (cost=0.43..376.51 rows=94 width=125)
	  Index Cond: ((id >= 3559276) AND (id <= 3559376))

table 2 : explain SELECT id, c FROM sbtest2 WHERE id BETWEEN 3559276 AND 3559376
	Index Scan using sbtest2_pkey on sbtest2  (cost=0.43..404.05 rows=101 width=125)
	  Index Cond: ((id >= 3559276) AND (id <= 3559376))

table 3 : explain SELECT id, c FROM sbtest3 WHERE id BETWEEN 3559276 AND 3559376
	Index Scan using sbtest3_pkey on sbtest3  (cost=0.43..435.90 rows=109 width=125)
	  Index Cond: ((id >= 3559276) AND (id <= 3559376))

table 4 : explain SELECT id, c FROM sbtest4 WHERE id BETWEEN 3559276 AND 3559376
	Index Scan using sbtest4_pkey on sbtest4  (cost=0.43..423.57 rows=106 width=125)
	  Index Cond: ((id >= 3559276) AND (id <= 3559376))

table 5 : explain SELECT id, c FROM sbtest5 WHERE id BETWEEN 3559276 AND 3559376
	Index Scan using sbtest5_pkey on sbtest5  (cost=0.43..414.16 rows=104 width=125)
	  Index Cond: ((id >= 3559276) AND (id <= 3559376))

table 6 : explain SELECT id, c FROM sbtest6 WHERE id BETWEEN 3559276 AND 3559376
	Index Scan using sbtest6_pkey on sbtest6  (cost=0.43..423.24 rows=106 width=125)
	  Index Cond: ((id >= 3559276) AND (id <= 3559376))

table 7 : explain SELECT id, c FROM sbtest7 WHERE id BETWEEN 3559276 AND 3559376
	Index Scan using sbtest7_pkey on sbtest7  (cost=0.43..404.34 rows=101 width=125)
	  Index Cond: ((id >= 3559276) AND (id <= 3559376))

table 8 : explain SELECT id, c FROM sbtest8 WHERE id BETWEEN 3559276 AND 3559376
	Index Scan using sbtest8_pkey on sbtest8  (cost=0.43..390.98 rows=98 width=125)
	  Index Cond: ((id >= 3559276) AND (id <= 3559376))
explain: for range-notcovered :: explain SELECT id, c FROM sbtest%d WHERE id BETWEEN 2754949 AND 2755049

for range-notcovered
table 1 : explain SELECT id, c FROM sbtest1 WHERE id BETWEEN 6520058 AND 6520158
	Index Scan using sbtest1_pkey on sbtest1  (cost=0.43..443.80 rows=111 width=125)
	  Index Cond: ((id >= 6520058) AND (id <= 6520158))

table 2 : explain SELECT id, c FROM sbtest2 WHERE id BETWEEN 6520058 AND 6520158
	Index Scan using sbtest2_pkey on sbtest2  (cost=0.43..364.48 rows=91 width=125)
	  Index Cond: ((id >= 6520058) AND (id <= 6520158))

table 3 : explain SELECT id, c FROM sbtest3 WHERE id BETWEEN 6520058 AND 6520158
	Index Scan using sbtest3_pkey on sbtest3  (cost=0.43..408.20 rows=102 width=125)
	  Index Cond: ((id >= 6520058) AND (id <= 6520158))

table 4 : explain SELECT id, c FROM sbtest4 WHERE id BETWEEN 6520058 AND 6520158
	Index Scan using sbtest4_pkey on sbtest4  (cost=0.43..368.21 rows=92 width=125)
	  Index Cond: ((id >= 6520058) AND (id <= 6520158))

table 5 : explain SELECT id, c FROM sbtest5 WHERE id BETWEEN 6520058 AND 6520158
	Index Scan using sbtest5_pkey on sbtest5  (cost=0.43..406.29 rows=102 width=125)
	  Index Cond: ((id >= 6520058) AND (id <= 6520158))

table 6 : explain SELECT id, c FROM sbtest6 WHERE id BETWEEN 6520058 AND 6520158
	Index Scan using sbtest6_pkey on sbtest6  (cost=0.43..395.57 rows=99 width=125)
	  Index Cond: ((id >= 6520058) AND (id <= 6520158))

table 7 : explain SELECT id, c FROM sbtest7 WHERE id BETWEEN 6520058 AND 6520158
	Index Scan using sbtest7_pkey on sbtest7  (cost=0.43..384.53 rows=96 width=125)
	  Index Cond: ((id >= 6520058) AND (id <= 6520158))

table 8 : explain SELECT id, c FROM sbtest8 WHERE id BETWEEN 6520058 AND 6520158
	Index Scan using sbtest8_pkey on sbtest8  (cost=0.43..390.98 rows=98 width=125)
	  Index Cond: ((id >= 6520058) AND (id <= 6520158))

explain: for range-notcovered :: explain SELECT id, c FROM sbtest%d WHERE id BETWEEN 6520058 AND 6520158
for range-notcovered
table 1 : explain SELECT id, c FROM sbtest1 WHERE id BETWEEN 3249157 AND 3249257
	Index Scan using sbtest1_pkey on sbtest1  (cost=0.43..388.38 rows=97 width=125)
	  Index Cond: ((id >= 3249157) AND (id <= 3249257))

table 2 : explain SELECT id, c FROM sbtest2 WHERE id BETWEEN 3249157 AND 3249257
	Index Scan using sbtest2_pkey on sbtest2  (cost=0.43..404.04 rows=101 width=125)
	  Index Cond: ((id >= 3249157) AND (id <= 3249257))

table 3 : explain SELECT id, c FROM sbtest3 WHERE id BETWEEN 3249157 AND 3249257
	Index Scan using sbtest3_pkey on sbtest3  (cost=0.43..420.07 rows=105 width=125)
	  Index Cond: ((id >= 3249157) AND (id <= 3249257))

table 4 : explain SELECT id, c FROM sbtest4 WHERE id BETWEEN 3249157 AND 3249257
	Index Scan using sbtest4_pkey on sbtest4  (cost=0.43..411.71 rows=103 width=125)
	  Index Cond: ((id >= 3249157) AND (id <= 3249257))

table 5 : explain SELECT id, c FROM sbtest5 WHERE id BETWEEN 3249157 AND 3249257
	Index Scan using sbtest5_pkey on sbtest5  (cost=0.43..402.35 rows=101 width=125)
	  Index Cond: ((id >= 3249157) AND (id <= 3249257))

table 6 : explain SELECT id, c FROM sbtest6 WHERE id BETWEEN 3249157 AND 3249257
	Index Scan using sbtest6_pkey on sbtest6  (cost=0.43..391.62 rows=98 width=125)
	  Index Cond: ((id >= 3249157) AND (id <= 3249257))

table 7 : explain SELECT id, c FROM sbtest7 WHERE id BETWEEN 3249157 AND 3249257
	Index Scan using sbtest7_pkey on sbtest7  (cost=0.43..404.34 rows=101 width=125)
	  Index Cond: ((id >= 3249157) AND (id <= 3249257))

table 8 : explain SELECT id, c FROM sbtest8 WHERE id BETWEEN 3249157 AND 3249257
	Index Scan using sbtest8_pkey on sbtest8  (cost=0.43..438.32 rows=110 width=125)
	  Index Cond: ((id >= 3249157) AND (id <= 3249257))

explain: for range-notcovered :: explain SELECT id, c FROM sbtest%d WHERE id BETWEEN 3559276 AND 3559376
for range-notcovered
table 1 : explain SELECT id, c FROM sbtest1 WHERE id BETWEEN 7103142 AND 7103242
	Index Scan using sbtest1_pkey on sbtest1  (cost=0.43..400.25 rows=100 width=125)
	  Index Cond: ((id >= 7103142) AND (id <= 7103242))

table 2 : explain SELECT id, c FROM sbtest2 WHERE id BETWEEN 7103142 AND 7103242
	Index Scan using sbtest2_pkey on sbtest2  (cost=0.43..408.01 rows=102 width=125)
	  Index Cond: ((id >= 7103142) AND (id <= 7103242))

table 3 : explain SELECT id, c FROM sbtest3 WHERE id BETWEEN 7103142 AND 7103242
	Index Scan using sbtest3_pkey on sbtest3  (cost=0.43..404.24 rows=101 width=125)
	  Index Cond: ((id >= 7103142) AND (id <= 7103242))

table 4 : explain SELECT id, c FROM sbtest4 WHERE id BETWEEN 7103142 AND 7103242
	Index Scan using sbtest4_pkey on sbtest4  (cost=0.43..399.83 rows=100 width=125)
	  Index Cond: ((id >= 7103142) AND (id <= 7103242))

table 5 : explain SELECT id, c FROM sbtest5 WHERE id BETWEEN 7103142 AND 7103242
	Index Scan using sbtest5_pkey on sbtest5  (cost=0.43..457.49 rows=115 width=125)
	  Index Cond: ((id >= 7103142) AND (id <= 7103242))

table 6 : explain SELECT id, c FROM sbtest6 WHERE id BETWEEN 7103142 AND 7103242
	Index Scan using sbtest6_pkey on sbtest6  (cost=0.43..391.62 rows=98 width=125)
	  Index Cond: ((id >= 7103142) AND (id <= 7103242))

table 7 : explain SELECT id, c FROM sbtest7 WHERE id BETWEEN 7103142 AND 7103242
	Index Scan using sbtest7_pkey on sbtest7  (cost=0.43..404.34 rows=101 width=125)
	  Index Cond: ((id >= 7103142) AND (id <= 7103242))

table 8 : explain SELECT id, c FROM sbtest8 WHERE id BETWEEN 7103142 AND 7103242
	Index Scan using sbtest8_pkey on sbtest8  (cost=0.43..402.83 rows=101 width=125)
	  Index Cond: ((id >= 7103142) AND (id <= 7103242))

for range-notcovered
table 1 : explain SELECT id, c FROM sbtest1 WHERE id BETWEEN 5346674 AND 5346774
	Index Scan using sbtest1_pkey on sbtest1  (cost=0.43..420.05 rows=105 width=125)
	  Index Cond: ((id >= 5346674) AND (id <= 5346774))

table 2 : explain SELECT id, c FROM sbtest2 WHERE id BETWEEN 5346674 AND 5346774
	Index Scan using sbtest2_pkey on sbtest2  (cost=0.43..431.74 rows=108 width=125)
	  Index Cond: ((id >= 5346674) AND (id <= 5346774))

table 3 : explain SELECT id, c FROM sbtest3 WHERE id BETWEEN 5346674 AND 5346774
	Index Scan using sbtest3_pkey on sbtest3  (cost=0.43..384.44 rows=96 width=125)
	  Index Cond: ((id >= 5346674) AND (id <= 5346774))

table 4 : explain SELECT id, c FROM sbtest4 WHERE id BETWEEN 5346674 AND 5346774
	Index Scan using sbtest4_pkey on sbtest4  (cost=0.43..395.88 rows=99 width=125)
	  Index Cond: ((id >= 5346674) AND (id <= 5346774))

table 5 : explain SELECT id, c FROM sbtest5 WHERE id BETWEEN 5346674 AND 5346774
	Index Scan using sbtest5_pkey on sbtest5  (cost=0.43..366.88 rows=92 width=125)
	  Index Cond: ((id >= 5346674) AND (id <= 5346774))

table 6 : explain SELECT id, c FROM sbtest6 WHERE id BETWEEN 5346674 AND 5346774
	Index Scan using sbtest6_pkey on sbtest6  (cost=0.43..387.67 rows=97 width=125)
	  Index Cond: ((id >= 5346674) AND (id <= 5346774))

table 7 : explain SELECT id, c FROM sbtest7 WHERE id BETWEEN 5346674 AND 5346774
	Index Scan using sbtest7_pkey on sbtest7  (cost=0.43..372.65 rows=93 width=125)
	  Index Cond: ((id >= 5346674) AND (id <= 5346774))

table 8 : explain SELECT id, c FROM sbtest8 WHERE id BETWEEN 5346674 AND 5346774
	Index Scan using sbtest8_pkey on sbtest8  (cost=0.43..390.98 rows=98 width=125)
	  Index Cond: ((id >= 5346674) AND (id <= 5346774))

explain: for range-notcovered :: explain SELECT id, c FROM sbtest%d WHERE id BETWEEN 3249157 AND 3249257
explain: for range-notcovered :: explain SELECT id, c FROM sbtest%d WHERE id BETWEEN 7103142 AND 7103242
for range-notcovered
table 1 : explain SELECT id, c FROM sbtest1 WHERE id BETWEEN 5278725 AND 5278825
	Index Scan using sbtest1_pkey on sbtest1  (cost=0.43..368.59 rows=92 width=125)
	  Index Cond: ((id >= 5278725) AND (id <= 5278825))

table 2 : explain SELECT id, c FROM sbtest2 WHERE id BETWEEN 5278725 AND 5278825
	Index Scan using sbtest2_pkey on sbtest2  (cost=0.43..411.96 rows=103 width=125)
	  Index Cond: ((id >= 5278725) AND (id <= 5278825))

table 3 : explain SELECT id, c FROM sbtest3 WHERE id BETWEEN 5278725 AND 5278825
	Index Scan using sbtest3_pkey on sbtest3  (cost=0.43..404.24 rows=101 width=125)
	  Index Cond: ((id >= 5278725) AND (id <= 5278825))

table 4 : explain SELECT id, c FROM sbtest4 WHERE id BETWEEN 5278725 AND 5278825
	Index Scan using sbtest4_pkey on sbtest4  (cost=0.43..395.88 rows=99 width=125)
	  Index Cond: ((id >= 5278725) AND (id <= 5278825))

table 5 : explain SELECT id, c FROM sbtest5 WHERE id BETWEEN 5278725 AND 5278825
	Index Scan using sbtest5_pkey on sbtest5  (cost=0.43..366.88 rows=92 width=125)
	  Index Cond: ((id >= 5278725) AND (id <= 5278825))

table 6 : explain SELECT id, c FROM sbtest6 WHERE id BETWEEN 5278725 AND 5278825
	Index Scan using sbtest6_pkey on sbtest6  (cost=0.43..407.44 rows=102 width=125)
	  Index Cond: ((id >= 5278725) AND (id <= 5278825))

table 7 : explain SELECT id, c FROM sbtest7 WHERE id BETWEEN 5278725 AND 5278825
	Index Scan using sbtest7_pkey on sbtest7  (cost=0.43..404.34 rows=101 width=125)
	  Index Cond: ((id >= 5278725) AND (id <= 5278825))

table 8 : explain SELECT id, c FROM sbtest8 WHERE id BETWEEN 5278725 AND 5278825
	Index Scan using sbtest8_pkey on sbtest8  (cost=0.43..394.93 rows=99 width=125)
	  Index Cond: ((id >= 5278725) AND (id <= 5278825))

explain: for range-notcovered :: explain SELECT id, c FROM sbtest%d WHERE id BETWEEN 5278725 AND 5278825
for range-notcovered
table 1 : explain SELECT id, c FROM sbtest1 WHERE id BETWEEN 6520058 AND 6520158
	Index Scan using sbtest1_pkey on sbtest1  (cost=0.43..443.80 rows=111 width=125)
	  Index Cond: ((id >= 6520058) AND (id <= 6520158))

table 2 : explain SELECT id, c FROM sbtest2 WHERE id BETWEEN 6520058 AND 6520158
	Index Scan using sbtest2_pkey on sbtest2  (cost=0.43..364.48 rows=91 width=125)
	  Index Cond: ((id >= 6520058) AND (id <= 6520158))

table 3 : explain SELECT id, c FROM sbtest3 WHERE id BETWEEN 6520058 AND 6520158
	Index Scan using sbtest3_pkey on sbtest3  (cost=0.43..408.20 rows=102 width=125)
	  Index Cond: ((id >= 6520058) AND (id <= 6520158))

table 4 : explain SELECT id, c FROM sbtest4 WHERE id BETWEEN 6520058 AND 6520158
	Index Scan using sbtest4_pkey on sbtest4  (cost=0.43..368.21 rows=92 width=125)
	  Index Cond: ((id >= 6520058) AND (id <= 6520158))

table 5 : explain SELECT id, c FROM sbtest5 WHERE id BETWEEN 6520058 AND 6520158
	Index Scan using sbtest5_pkey on sbtest5  (cost=0.43..406.29 rows=102 width=125)
	  Index Cond: ((id >= 6520058) AND (id <= 6520158))

table 6 : explain SELECT id, c FROM sbtest6 WHERE id BETWEEN 6520058 AND 6520158
	Index Scan using sbtest6_pkey on sbtest6  (cost=0.43..395.57 rows=99 width=125)
	  Index Cond: ((id >= 6520058) AND (id <= 6520158))

table 7 : explain SELECT id, c FROM sbtest7 WHERE id BETWEEN 6520058 AND 6520158
	Index Scan using sbtest7_pkey on sbtest7  (cost=0.43..384.53 rows=96 width=125)
	  Index Cond: ((id >= 6520058) AND (id <= 6520158))

table 8 : explain SELECT id, c FROM sbtest8 WHERE id BETWEEN 6520058 AND 6520158
	Index Scan using sbtest8_pkey on sbtest8  (cost=0.43..390.98 rows=98 width=125)
	  Index Cond: ((id >= 6520058) AND (id <= 6520158))

explain: for range-notcovered :: explain SELECT id, c FROM sbtest%d WHERE id BETWEEN 6520058 AND 6520158
for range-notcovered
table 1 : explain SELECT id, c FROM sbtest1 WHERE id BETWEEN 7103142 AND 7103242
	Index Scan using sbtest1_pkey on sbtest1  (cost=0.43..400.25 rows=100 width=125)
	  Index Cond: ((id >= 7103142) AND (id <= 7103242))

table 2 : explain SELECT id, c FROM sbtest2 WHERE id BETWEEN 7103142 AND 7103242
	Index Scan using sbtest2_pkey on sbtest2  (cost=0.43..408.01 rows=102 width=125)
	  Index Cond: ((id >= 7103142) AND (id <= 7103242))

table 3 : explain SELECT id, c FROM sbtest3 WHERE id BETWEEN 7103142 AND 7103242
	Index Scan using sbtest3_pkey on sbtest3  (cost=0.43..404.24 rows=101 width=125)
	  Index Cond: ((id >= 7103142) AND (id <= 7103242))

table 4 : explain SELECT id, c FROM sbtest4 WHERE id BETWEEN 7103142 AND 7103242
	Index Scan using sbtest4_pkey on sbtest4  (cost=0.43..399.83 rows=100 width=125)
	  Index Cond: ((id >= 7103142) AND (id <= 7103242))

table 5 : explain SELECT id, c FROM sbtest5 WHERE id BETWEEN 7103142 AND 7103242
	Index Scan using sbtest5_pkey on sbtest5  (cost=0.43..457.49 rows=115 width=125)
	  Index Cond: ((id >= 7103142) AND (id <= 7103242))

table 6 : explain SELECT id, c FROM sbtest6 WHERE id BETWEEN 7103142 AND 7103242
	Index Scan using sbtest6_pkey on sbtest6  (cost=0.43..391.62 rows=98 width=125)
	  Index Cond: ((id >= 7103142) AND (id <= 7103242))

table 7 : explain SELECT id, c FROM sbtest7 WHERE id BETWEEN 7103142 AND 7103242
	Index Scan using sbtest7_pkey on sbtest7  (cost=0.43..404.34 rows=101 width=125)
	  Index Cond: ((id >= 7103142) AND (id <= 7103242))

table 8 : explain SELECT id, c FROM sbtest8 WHERE id BETWEEN 7103142 AND 7103242
	Index Scan using sbtest8_pkey on sbtest8  (cost=0.43..402.83 rows=101 width=125)
	  Index Cond: ((id >= 7103142) AND (id <= 7103242))

explain: for range-notcovered :: explain SELECT id, c FROM sbtest%d WHERE id BETWEEN 7103142 AND 7103242
for range-notcovered
table 1 : explain SELECT id, c FROM sbtest1 WHERE id BETWEEN 2754949 AND 2755049
	Index Scan using sbtest1_pkey on sbtest1  (cost=0.43..408.18 rows=102 width=125)
	  Index Cond: ((id >= 2754949) AND (id <= 2755049))

table 2 : explain SELECT id, c FROM sbtest2 WHERE id BETWEEN 2754949 AND 2755049
	Index Scan using sbtest2_pkey on sbtest2  (cost=0.43..364.48 rows=91 width=125)
	  Index Cond: ((id >= 2754949) AND (id <= 2755049))

table 3 : explain SELECT id, c FROM sbtest3 WHERE id BETWEEN 2754949 AND 2755049
	Index Scan using sbtest3_pkey on sbtest3  (cost=0.43..396.31 rows=99 width=125)
	  Index Cond: ((id >= 2754949) AND (id <= 2755049))

table 4 : explain SELECT id, c FROM sbtest4 WHERE id BETWEEN 2754949 AND 2755049
	Index Scan using sbtest4_pkey on sbtest4  (cost=0.43..427.52 rows=107 width=125)
	  Index Cond: ((id >= 2754949) AND (id <= 2755049))

table 5 : explain SELECT id, c FROM sbtest5 WHERE id BETWEEN 2754949 AND 2755049
	Index Scan using sbtest5_pkey on sbtest5  (cost=0.43..366.88 rows=92 width=125)
	  Index Cond: ((id >= 2754949) AND (id <= 2755049))

table 6 : explain SELECT id, c FROM sbtest6 WHERE id BETWEEN 2754949 AND 2755049
	Index Scan using sbtest6_pkey on sbtest6  (cost=0.43..407.44 rows=102 width=125)
	  Index Cond: ((id >= 2754949) AND (id <= 2755049))

table 7 : explain SELECT id, c FROM sbtest7 WHERE id BETWEEN 2754949 AND 2755049
	Index Scan using sbtest7_pkey on sbtest7  (cost=0.43..396.42 rows=99 width=125)
	  Index Cond: ((id >= 2754949) AND (id <= 2755049))

table 8 : explain SELECT id, c FROM sbtest8 WHERE id BETWEEN 2754949 AND 2755049
	Index Scan using sbtest8_pkey on sbtest8  (cost=0.43..390.98 rows=98 width=125)
	  Index Cond: ((id >= 2754949) AND (id <= 2755049))
explain: for range-notcovered :: explain SELECT id, c FROM sbtest%d WHERE id BETWEEN 5182104 AND 5182204

for range-notcovered
table 1 : explain SELECT id, c FROM sbtest1 WHERE id BETWEEN 5278725 AND 5278825
	Index Scan using sbtest1_pkey on sbtest1  (cost=0.43..368.59 rows=92 width=125)
	  Index Cond: ((id >= 5278725) AND (id <= 5278825))

table 2 : explain SELECT id, c FROM sbtest2 WHERE id BETWEEN 5278725 AND 5278825
	Index Scan using sbtest2_pkey on sbtest2  (cost=0.43..411.96 rows=103 width=125)
	  Index Cond: ((id >= 5278725) AND (id <= 5278825))

table 3 : explain SELECT id, c FROM sbtest3 WHERE id BETWEEN 5278725 AND 5278825
	Index Scan using sbtest3_pkey on sbtest3  (cost=0.43..404.24 rows=101 width=125)
	  Index Cond: ((id >= 5278725) AND (id <= 5278825))

table 4 : explain SELECT id, c FROM sbtest4 WHERE id BETWEEN 5278725 AND 5278825
	Index Scan using sbtest4_pkey on sbtest4  (cost=0.43..395.88 rows=99 width=125)
	  Index Cond: ((id >= 5278725) AND (id <= 5278825))

table 5 : explain SELECT id, c FROM sbtest5 WHERE id BETWEEN 5278725 AND 5278825
	Index Scan using sbtest5_pkey on sbtest5  (cost=0.43..366.88 rows=92 width=125)
	  Index Cond: ((id >= 5278725) AND (id <= 5278825))

table 6 : explain SELECT id, c FROM sbtest6 WHERE id BETWEEN 5278725 AND 5278825
	Index Scan using sbtest6_pkey on sbtest6  (cost=0.43..407.44 rows=102 width=125)
	  Index Cond: ((id >= 5278725) AND (id <= 5278825))

table 7 : explain SELECT id, c FROM sbtest7 WHERE id BETWEEN 5278725 AND 5278825
	Index Scan using sbtest7_pkey on sbtest7  (cost=0.43..404.34 rows=101 width=125)
	  Index Cond: ((id >= 5278725) AND (id <= 5278825))

table 8 : explain SELECT id, c FROM sbtest8 WHERE id BETWEEN 5278725 AND 5278825
	Index Scan using sbtest8_pkey on sbtest8  (cost=0.43..394.93 rows=99 width=125)
	  Index Cond: ((id >= 5278725) AND (id <= 5278825))

explain: for range-notcovered :: explain SELECT id, c FROM sbtest%d WHERE id BETWEEN 2754949 AND 2755049
explain: for range-notcovered :: explain SELECT id, c FROM sbtest%d WHERE id BETWEEN 5278725 AND 5278825
for range-notcovered
table 1 : explain SELECT id, c FROM sbtest1 WHERE id BETWEEN 6520058 AND 6520158
	Index Scan using sbtest1_pkey on sbtest1  (cost=0.43..443.80 rows=111 width=125)
	  Index Cond: ((id >= 6520058) AND (id <= 6520158))

table 2 : explain SELECT id, c FROM sbtest2 WHERE id BETWEEN 6520058 AND 6520158
	Index Scan using sbtest2_pkey on sbtest2  (cost=0.43..364.48 rows=91 width=125)
	  Index Cond: ((id >= 6520058) AND (id <= 6520158))

table 3 : explain SELECT id, c FROM sbtest3 WHERE id BETWEEN 6520058 AND 6520158
	Index Scan using sbtest3_pkey on sbtest3  (cost=0.43..408.20 rows=102 width=125)
	  Index Cond: ((id >= 6520058) AND (id <= 6520158))

table 4 : explain SELECT id, c FROM sbtest4 WHERE id BETWEEN 6520058 AND 6520158
	Index Scan using sbtest4_pkey on sbtest4  (cost=0.43..368.21 rows=92 width=125)
	  Index Cond: ((id >= 6520058) AND (id <= 6520158))

table 5 : explain SELECT id, c FROM sbtest5 WHERE id BETWEEN 6520058 AND 6520158
	Index Scan using sbtest5_pkey on sbtest5  (cost=0.43..406.29 rows=102 width=125)
	  Index Cond: ((id >= 6520058) AND (id <= 6520158))

table 6 : explain SELECT id, c FROM sbtest6 WHERE id BETWEEN 6520058 AND 6520158
	Index Scan using sbtest6_pkey on sbtest6  (cost=0.43..395.57 rows=99 width=125)
	  Index Cond: ((id >= 6520058) AND (id <= 6520158))

table 7 : explain SELECT id, c FROM sbtest7 WHERE id BETWEEN 6520058 AND 6520158
	Index Scan using sbtest7_pkey on sbtest7  (cost=0.43..384.53 rows=96 width=125)
	  Index Cond: ((id >= 6520058) AND (id <= 6520158))

table 8 : explain SELECT id, c FROM sbtest8 WHERE id BETWEEN 6520058 AND 6520158
	Index Scan using sbtest8_pkey on sbtest8  (cost=0.43..390.98 rows=98 width=125)
	  Index Cond: ((id >= 6520058) AND (id <= 6520158))

explain: for range-notcovered :: explain SELECT id, c FROM sbtest%d WHERE id BETWEEN 6520058 AND 6520158
for range-notcovered
table 1 : explain SELECT id, c FROM sbtest1 WHERE id BETWEEN 3249157 AND 3249257
	Index Scan using sbtest1_pkey on sbtest1  (cost=0.43..388.38 rows=97 width=125)
	  Index Cond: ((id >= 3249157) AND (id <= 3249257))

table 2 : explain SELECT id, c FROM sbtest2 WHERE id BETWEEN 3249157 AND 3249257
	Index Scan using sbtest2_pkey on sbtest2  (cost=0.43..404.04 rows=101 width=125)
	  Index Cond: ((id >= 3249157) AND (id <= 3249257))

table 3 : explain SELECT id, c FROM sbtest3 WHERE id BETWEEN 3249157 AND 3249257
	Index Scan using sbtest3_pkey on sbtest3  (cost=0.43..420.07 rows=105 width=125)
	  Index Cond: ((id >= 3249157) AND (id <= 3249257))

table 4 : explain SELECT id, c FROM sbtest4 WHERE id BETWEEN 3249157 AND 3249257
	Index Scan using sbtest4_pkey on sbtest4  (cost=0.43..411.71 rows=103 width=125)
	  Index Cond: ((id >= 3249157) AND (id <= 3249257))

table 5 : explain SELECT id, c FROM sbtest5 WHERE id BETWEEN 3249157 AND 3249257
	Index Scan using sbtest5_pkey on sbtest5  (cost=0.43..402.35 rows=101 width=125)
	  Index Cond: ((id >= 3249157) AND (id <= 3249257))

table 6 : explain SELECT id, c FROM sbtest6 WHERE id BETWEEN 3249157 AND 3249257
	Index Scan using sbtest6_pkey on sbtest6  (cost=0.43..391.62 rows=98 width=125)
	  Index Cond: ((id >= 3249157) AND (id <= 3249257))

table 7 : explain SELECT id, c FROM sbtest7 WHERE id BETWEEN 3249157 AND 3249257
	Index Scan using sbtest7_pkey on sbtest7  (cost=0.43..404.34 rows=101 width=125)
	  Index Cond: ((id >= 3249157) AND (id <= 3249257))

table 8 : explain SELECT id, c FROM sbtest8 WHERE id BETWEEN 3249157 AND 3249257
	Index Scan using sbtest8_pkey on sbtest8  (cost=0.43..438.32 rows=110 width=125)
	  Index Cond: ((id >= 3249157) AND (id <= 3249257))

for range-notcovered
table 1 : explain SELECT id, c FROM sbtest1 WHERE id BETWEEN 7103142 AND 7103242
	Index Scan using sbtest1_pkey on sbtest1  (cost=0.43..400.25 rows=100 width=125)
	  Index Cond: ((id >= 7103142) AND (id <= 7103242))

table 2 : explain SELECT id, c FROM sbtest2 WHERE id BETWEEN 7103142 AND 7103242
	Index Scan using sbtest2_pkey on sbtest2  (cost=0.43..408.01 rows=102 width=125)
	  Index Cond: ((id >= 7103142) AND (id <= 7103242))

table 3 : explain SELECT id, c FROM sbtest3 WHERE id BETWEEN 7103142 AND 7103242
	Index Scan using sbtest3_pkey on sbtest3  (cost=0.43..404.24 rows=101 width=125)
	  Index Cond: ((id >= 7103142) AND (id <= 7103242))

table 4 : explain SELECT id, c FROM sbtest4 WHERE id BETWEEN 7103142 AND 7103242
	Index Scan using sbtest4_pkey on sbtest4  (cost=0.43..399.83 rows=100 width=125)
	  Index Cond: ((id >= 7103142) AND (id <= 7103242))

table 5 : explain SELECT id, c FROM sbtest5 WHERE id BETWEEN 7103142 AND 7103242
	Index Scan using sbtest5_pkey on sbtest5  (cost=0.43..457.49 rows=115 width=125)
	  Index Cond: ((id >= 7103142) AND (id <= 7103242))

table 6 : explain SELECT id, c FROM sbtest6 WHERE id BETWEEN 7103142 AND 7103242
	Index Scan using sbtest6_pkey on sbtest6  (cost=0.43..391.62 rows=98 width=125)
	  Index Cond: ((id >= 7103142) AND (id <= 7103242))

table 7 : explain SELECT id, c FROM sbtest7 WHERE id BETWEEN 7103142 AND 7103242
	Index Scan using sbtest7_pkey on sbtest7  (cost=0.43..404.34 rows=101 width=125)
	  Index Cond: ((id >= 7103142) AND (id <= 7103242))

table 8 : explain SELECT id, c FROM sbtest8 WHERE id BETWEEN 7103142 AND 7103242
	Index Scan using sbtest8_pkey on sbtest8  (cost=0.43..402.83 rows=101 width=125)
	  Index Cond: ((id >= 7103142) AND (id <= 7103242))

explain: for range-notcovered :: explain SELECT id, c FROM sbtest%d WHERE id BETWEEN 3249157 AND 3249257
explain: for range-notcovered :: explain SELECT id, c FROM sbtest%d WHERE id BETWEEN 7103142 AND 7103242
for range-notcovered
table 1 : explain SELECT id, c FROM sbtest1 WHERE id BETWEEN 5278725 AND 5278825
	Index Scan using sbtest1_pkey on sbtest1  (cost=0.43..368.59 rows=92 width=125)
	  Index Cond: ((id >= 5278725) AND (id <= 5278825))

table 2 : explain SELECT id, c FROM sbtest2 WHERE id BETWEEN 5278725 AND 5278825
	Index Scan using sbtest2_pkey on sbtest2  (cost=0.43..411.96 rows=103 width=125)
	  Index Cond: ((id >= 5278725) AND (id <= 5278825))

table 3 : explain SELECT id, c FROM sbtest3 WHERE id BETWEEN 5278725 AND 5278825
	Index Scan using sbtest3_pkey on sbtest3  (cost=0.43..404.24 rows=101 width=125)
	  Index Cond: ((id >= 5278725) AND (id <= 5278825))

table 4 : explain SELECT id, c FROM sbtest4 WHERE id BETWEEN 5278725 AND 5278825
	Index Scan using sbtest4_pkey on sbtest4  (cost=0.43..395.88 rows=99 width=125)
	  Index Cond: ((id >= 5278725) AND (id <= 5278825))

table 5 : explain SELECT id, c FROM sbtest5 WHERE id BETWEEN 5278725 AND 5278825
	Index Scan using sbtest5_pkey on sbtest5  (cost=0.43..366.88 rows=92 width=125)
	  Index Cond: ((id >= 5278725) AND (id <= 5278825))

table 6 : explain SELECT id, c FROM sbtest6 WHERE id BETWEEN 5278725 AND 5278825
	Index Scan using sbtest6_pkey on sbtest6  (cost=0.43..407.44 rows=102 width=125)
	  Index Cond: ((id >= 5278725) AND (id <= 5278825))

table 7 : explain SELECT id, c FROM sbtest7 WHERE id BETWEEN 5278725 AND 5278825
	Index Scan using sbtest7_pkey on sbtest7  (cost=0.43..404.34 rows=101 width=125)
	  Index Cond: ((id >= 5278725) AND (id <= 5278825))

table 8 : explain SELECT id, c FROM sbtest8 WHERE id BETWEEN 5278725 AND 5278825
	Index Scan using sbtest8_pkey on sbtest8  (cost=0.43..394.93 rows=99 width=125)
	  Index Cond: ((id >= 5278725) AND (id <= 5278825))

for range-notcovered
table 1 : explain SELECT id, c FROM sbtest1 WHERE id BETWEEN 631258 AND 631358
	Index Scan using sbtest1_pkey on sbtest1  (cost=0.43..424.01 rows=106 width=125)
	  Index Cond: ((id >= 631258) AND (id <= 631358))

table 2 : explain SELECT id, c FROM sbtest2 WHERE id BETWEEN 631258 AND 631358
	Index Scan using sbtest2_pkey on sbtest2  (cost=0.43..400.08 rows=100 width=125)
	  Index Cond: ((id >= 631258) AND (id <= 631358))

table 3 : explain SELECT id, c FROM sbtest3 WHERE id BETWEEN 631258 AND 631358
	Index Scan using sbtest3_pkey on sbtest3  (cost=0.43..372.57 rows=93 width=125)
	  Index Cond: ((id >= 631258) AND (id <= 631358))

table 4 : explain SELECT id, c FROM sbtest4 WHERE id BETWEEN 631258 AND 631358
	Index Scan using sbtest4_pkey on sbtest4  (cost=0.43..376.11 rows=94 width=125)
	  Index Cond: ((id >= 631258) AND (id <= 631358))

table 5 : explain SELECT id, c FROM sbtest5 WHERE id BETWEEN 631258 AND 631358
	Index Scan using sbtest5_pkey on sbtest5  (cost=0.43..406.29 rows=102 width=125)
	  Index Cond: ((id >= 631258) AND (id <= 631358))

table 6 : explain SELECT id, c FROM sbtest6 WHERE id BETWEEN 631258 AND 631358
	Index Scan using sbtest6_pkey on sbtest6  (cost=0.43..383.72 rows=96 width=125)
	  Index Cond: ((id >= 631258) AND (id <= 631358))

table 7 : explain SELECT id, c FROM sbtest7 WHERE id BETWEEN 631258 AND 631358
	Index Scan using sbtest7_pkey on sbtest7  (cost=0.43..372.65 rows=93 width=125)
	  Index Cond: ((id >= 631258) AND (id <= 631358))

table 8 : explain SELECT id, c FROM sbtest8 WHERE id BETWEEN 631258 AND 631358
	Index Scan using sbtest8_pkey on sbtest8  (cost=0.43..414.66 rows=104 width=125)
	  Index Cond: ((id >= 631258) AND (id <= 631358))

explain: for range-notcovered :: explain SELECT id, c FROM sbtest%d WHERE id BETWEEN 5278725 AND 5278825
for range-notcovered
table 1 : explain SELECT id, c FROM sbtest1 WHERE id BETWEEN 6520058 AND 6520158
	Index Scan using sbtest1_pkey on sbtest1  (cost=0.43..443.80 rows=111 width=125)
	  Index Cond: ((id >= 6520058) AND (id <= 6520158))

table 2 : explain SELECT id, c FROM sbtest2 WHERE id BETWEEN 6520058 AND 6520158
	Index Scan using sbtest2_pkey on sbtest2  (cost=0.43..364.48 rows=91 width=125)
	  Index Cond: ((id >= 6520058) AND (id <= 6520158))

table 3 : explain SELECT id, c FROM sbtest3 WHERE id BETWEEN 6520058 AND 6520158
	Index Scan using sbtest3_pkey on sbtest3  (cost=0.43..408.20 rows=102 width=125)
	  Index Cond: ((id >= 6520058) AND (id <= 6520158))

table 4 : explain SELECT id, c FROM sbtest4 WHERE id BETWEEN 6520058 AND 6520158
	Index Scan using sbtest4_pkey on sbtest4  (cost=0.43..368.21 rows=92 width=125)
	  Index Cond: ((id >= 6520058) AND (id <= 6520158))

table 5 : explain SELECT id, c FROM sbtest5 WHERE id BETWEEN 6520058 AND 6520158
	Index Scan using sbtest5_pkey on sbtest5  (cost=0.43..406.29 rows=102 width=125)
	  Index Cond: ((id >= 6520058) AND (id <= 6520158))

table 6 : explain SELECT id, c FROM sbtest6 WHERE id BETWEEN 6520058 AND 6520158
	Index Scan using sbtest6_pkey on sbtest6  (cost=0.43..395.57 rows=99 width=125)
	  Index Cond: ((id >= 6520058) AND (id <= 6520158))

table 7 : explain SELECT id, c FROM sbtest7 WHERE id BETWEEN 6520058 AND 6520158
	Index Scan using sbtest7_pkey on sbtest7  (cost=0.43..384.53 rows=96 width=125)
	  Index Cond: ((id >= 6520058) AND (id <= 6520158))

table 8 : explain SELECT id, c FROM sbtest8 WHERE id BETWEEN 6520058 AND 6520158
	Index Scan using sbtest8_pkey on sbtest8  (cost=0.43..390.98 rows=98 width=125)
	  Index Cond: ((id >= 6520058) AND (id <= 6520158))

explain: for range-notcovered :: explain SELECT id, c FROM sbtest%d WHERE id BETWEEN 631258 AND 631358
for range-notcovered
table 1 : explain SELECT id, c FROM sbtest1 WHERE id BETWEEN 7103142 AND 7103242
	Index Scan using sbtest1_pkey on sbtest1  (cost=0.43..400.25 rows=100 width=125)
	  Index Cond: ((id >= 7103142) AND (id <= 7103242))

table 2 : explain SELECT id, c FROM sbtest2 WHERE id BETWEEN 7103142 AND 7103242
	Index Scan using sbtest2_pkey on sbtest2  (cost=0.43..408.01 rows=102 width=125)
	  Index Cond: ((id >= 7103142) AND (id <= 7103242))

table 3 : explain SELECT id, c FROM sbtest3 WHERE id BETWEEN 7103142 AND 7103242
	Index Scan using sbtest3_pkey on sbtest3  (cost=0.43..404.24 rows=101 width=125)
	  Index Cond: ((id >= 7103142) AND (id <= 7103242))

table 4 : explain SELECT id, c FROM sbtest4 WHERE id BETWEEN 7103142 AND 7103242
	Index Scan using sbtest4_pkey on sbtest4  (cost=0.43..399.83 rows=100 width=125)
	  Index Cond: ((id >= 7103142) AND (id <= 7103242))

table 5 : explain SELECT id, c FROM sbtest5 WHERE id BETWEEN 7103142 AND 7103242
	Index Scan using sbtest5_pkey on sbtest5  (cost=0.43..457.49 rows=115 width=125)
	  Index Cond: ((id >= 7103142) AND (id <= 7103242))

table 6 : explain SELECT id, c FROM sbtest6 WHERE id BETWEEN 7103142 AND 7103242
	Index Scan using sbtest6_pkey on sbtest6  (cost=0.43..391.62 rows=98 width=125)
	  Index Cond: ((id >= 7103142) AND (id <= 7103242))

table 7 : explain SELECT id, c FROM sbtest7 WHERE id BETWEEN 7103142 AND 7103242
	Index Scan using sbtest7_pkey on sbtest7  (cost=0.43..404.34 rows=101 width=125)
	  Index Cond: ((id >= 7103142) AND (id <= 7103242))

table 8 : explain SELECT id, c FROM sbtest8 WHERE id BETWEEN 7103142 AND 7103242
	Index Scan using sbtest8_pkey on sbtest8  (cost=0.43..402.83 rows=101 width=125)
	  Index Cond: ((id >= 7103142) AND (id <= 7103242))

explain: for range-notcovered :: explain SELECT id, c FROM sbtest%d WHERE id BETWEEN 7103142 AND 7103242
for range-notcovered
table 1 : explain SELECT id, c FROM sbtest1 WHERE id BETWEEN 3559276 AND 3559376
	Index Scan using sbtest1_pkey on sbtest1  (cost=0.43..376.51 rows=94 width=125)
	  Index Cond: ((id >= 3559276) AND (id <= 3559376))

table 2 : explain SELECT id, c FROM sbtest2 WHERE id BETWEEN 3559276 AND 3559376
	Index Scan using sbtest2_pkey on sbtest2  (cost=0.43..404.05 rows=101 width=125)
	  Index Cond: ((id >= 3559276) AND (id <= 3559376))

table 3 : explain SELECT id, c FROM sbtest3 WHERE id BETWEEN 3559276 AND 3559376
	Index Scan using sbtest3_pkey on sbtest3  (cost=0.43..435.90 rows=109 width=125)
	  Index Cond: ((id >= 3559276) AND (id <= 3559376))

table 4 : explain SELECT id, c FROM sbtest4 WHERE id BETWEEN 3559276 AND 3559376
	Index Scan using sbtest4_pkey on sbtest4  (cost=0.43..423.57 rows=106 width=125)
	  Index Cond: ((id >= 3559276) AND (id <= 3559376))

table 5 : explain SELECT id, c FROM sbtest5 WHERE id BETWEEN 3559276 AND 3559376
	Index Scan using sbtest5_pkey on sbtest5  (cost=0.43..414.16 rows=104 width=125)
	  Index Cond: ((id >= 3559276) AND (id <= 3559376))

table 6 : explain SELECT id, c FROM sbtest6 WHERE id BETWEEN 3559276 AND 3559376
	Index Scan using sbtest6_pkey on sbtest6  (cost=0.43..423.24 rows=106 width=125)
	  Index Cond: ((id >= 3559276) AND (id <= 3559376))

table 7 : explain SELECT id, c FROM sbtest7 WHERE id BETWEEN 3559276 AND 3559376
	Index Scan using sbtest7_pkey on sbtest7  (cost=0.43..404.34 rows=101 width=125)
	  Index Cond: ((id >= 3559276) AND (id <= 3559376))

table 8 : explain SELECT id, c FROM sbtest8 WHERE id BETWEEN 3559276 AND 3559376
	Index Scan using sbtest8_pkey on sbtest8  (cost=0.43..390.98 rows=98 width=125)
	  Index Cond: ((id >= 3559276) AND (id <= 3559376))

for range-notcovered
table 1 : explain SELECT id, c FROM sbtest1 WHERE id BETWEEN 5278725 AND 5278825
	Index Scan using sbtest1_pkey on sbtest1  (cost=0.43..368.59 rows=92 width=125)
	  Index Cond: ((id >= 5278725) AND (id <= 5278825))

table 2 : explain SELECT id, c FROM sbtest2 WHERE id BETWEEN 5278725 AND 5278825
	Index Scan using sbtest2_pkey on sbtest2  (cost=0.43..411.96 rows=103 width=125)
	  Index Cond: ((id >= 5278725) AND (id <= 5278825))

table 3 : explain SELECT id, c FROM sbtest3 WHERE id BETWEEN 5278725 AND 5278825
	Index Scan using sbtest3_pkey on sbtest3  (cost=0.43..404.24 rows=101 width=125)
	  Index Cond: ((id >= 5278725) AND (id <= 5278825))

table 4 : explain SELECT id, c FROM sbtest4 WHERE id BETWEEN 5278725 AND 5278825
	Index Scan using sbtest4_pkey on sbtest4  (cost=0.43..395.88 rows=99 width=125)
	  Index Cond: ((id >= 5278725) AND (id <= 5278825))

table 5 : explain SELECT id, c FROM sbtest5 WHERE id BETWEEN 5278725 AND 5278825
	Index Scan using sbtest5_pkey on sbtest5  (cost=0.43..366.88 rows=92 width=125)
	  Index Cond: ((id >= 5278725) AND (id <= 5278825))

table 6 : explain SELECT id, c FROM sbtest6 WHERE id BETWEEN 5278725 AND 5278825
	Index Scan using sbtest6_pkey on sbtest6  (cost=0.43..407.44 rows=102 width=125)
	  Index Cond: ((id >= 5278725) AND (id <= 5278825))

table 7 : explain SELECT id, c FROM sbtest7 WHERE id BETWEEN 5278725 AND 5278825
	Index Scan using sbtest7_pkey on sbtest7  (cost=0.43..404.34 rows=101 width=125)
	  Index Cond: ((id >= 5278725) AND (id <= 5278825))

table 8 : explain SELECT id, c FROM sbtest8 WHERE id BETWEEN 5278725 AND 5278825
	Index Scan using sbtest8_pkey on sbtest8  (cost=0.43..394.93 rows=99 width=125)
	  Index Cond: ((id >= 5278725) AND (id <= 5278825))

for range-notcovered
table 1 : explain SELECT id, c FROM sbtest1 WHERE id BETWEEN 2754949 AND 2755049
	Index Scan using sbtest1_pkey on sbtest1  (cost=0.43..408.18 rows=102 width=125)
	  Index Cond: ((id >= 2754949) AND (id <= 2755049))

table 2 : explain SELECT id, c FROM sbtest2 WHERE id BETWEEN 2754949 AND 2755049
	Index Scan using sbtest2_pkey on sbtest2  (cost=0.43..364.48 rows=91 width=125)
	  Index Cond: ((id >= 2754949) AND (id <= 2755049))

table 3 : explain SELECT id, c FROM sbtest3 WHERE id BETWEEN 2754949 AND 2755049
	Index Scan using sbtest3_pkey on sbtest3  (cost=0.43..396.31 rows=99 width=125)
	  Index Cond: ((id >= 2754949) AND (id <= 2755049))

table 4 : explain SELECT id, c FROM sbtest4 WHERE id BETWEEN 2754949 AND 2755049
	Index Scan using sbtest4_pkey on sbtest4  (cost=0.43..427.52 rows=107 width=125)
	  Index Cond: ((id >= 2754949) AND (id <= 2755049))

table 5 : explain SELECT id, c FROM sbtest5 WHERE id BETWEEN 2754949 AND 2755049
	Index Scan using sbtest5_pkey on sbtest5  (cost=0.43..366.88 rows=92 width=125)
	  Index Cond: ((id >= 2754949) AND (id <= 2755049))

table 6 : explain SELECT id, c FROM sbtest6 WHERE id BETWEEN 2754949 AND 2755049
	Index Scan using sbtest6_pkey on sbtest6  (cost=0.43..407.44 rows=102 width=125)
	  Index Cond: ((id >= 2754949) AND (id <= 2755049))

table 7 : explain SELECT id, c FROM sbtest7 WHERE id BETWEEN 2754949 AND 2755049
	Index Scan using sbtest7_pkey on sbtest7  (cost=0.43..396.42 rows=99 width=125)
	  Index Cond: ((id >= 2754949) AND (id <= 2755049))

table 8 : explain SELECT id, c FROM sbtest8 WHERE id BETWEEN 2754949 AND 2755049
	Index Scan using sbtest8_pkey on sbtest8  (cost=0.43..390.98 rows=98 width=125)
	  Index Cond: ((id >= 2754949) AND (id <= 2755049))

explain: for range-notcovered :: explain SELECT id, c FROM sbtest%d WHERE id BETWEEN 5278725 AND 5278825
explain: for range-notcovered :: explain SELECT id, c FROM sbtest%d WHERE id BETWEEN 2754949 AND 2755049
for range-notcovered
table 1 : explain SELECT id, c FROM sbtest1 WHERE id BETWEEN 3249157 AND 3249257
	Index Scan using sbtest1_pkey on sbtest1  (cost=0.43..388.38 rows=97 width=125)
	  Index Cond: ((id >= 3249157) AND (id <= 3249257))

table 2 : explain SELECT id, c FROM sbtest2 WHERE id BETWEEN 3249157 AND 3249257
	Index Scan using sbtest2_pkey on sbtest2  (cost=0.43..404.04 rows=101 width=125)
	  Index Cond: ((id >= 3249157) AND (id <= 3249257))

table 3 : explain SELECT id, c FROM sbtest3 WHERE id BETWEEN 3249157 AND 3249257
	Index Scan using sbtest3_pkey on sbtest3  (cost=0.43..420.07 rows=105 width=125)
	  Index Cond: ((id >= 3249157) AND (id <= 3249257))

table 4 : explain SELECT id, c FROM sbtest4 WHERE id BETWEEN 3249157 AND 3249257
	Index Scan using sbtest4_pkey on sbtest4  (cost=0.43..411.71 rows=103 width=125)
	  Index Cond: ((id >= 3249157) AND (id <= 3249257))

table 5 : explain SELECT id, c FROM sbtest5 WHERE id BETWEEN 3249157 AND 3249257
	Index Scan using sbtest5_pkey on sbtest5  (cost=0.43..402.35 rows=101 width=125)
	  Index Cond: ((id >= 3249157) AND (id <= 3249257))

table 6 : explain SELECT id, c FROM sbtest6 WHERE id BETWEEN 3249157 AND 3249257
	Index Scan using sbtest6_pkey on sbtest6  (cost=0.43..391.62 rows=98 width=125)
	  Index Cond: ((id >= 3249157) AND (id <= 3249257))

table 7 : explain SELECT id, c FROM sbtest7 WHERE id BETWEEN 3249157 AND 3249257
	Index Scan using sbtest7_pkey on sbtest7  (cost=0.43..404.34 rows=101 width=125)
	  Index Cond: ((id >= 3249157) AND (id <= 3249257))

table 8 : explain SELECT id, c FROM sbtest8 WHERE id BETWEEN 3249157 AND 3249257
	Index Scan using sbtest8_pkey on sbtest8  (cost=0.43..438.32 rows=110 width=125)
	  Index Cond: ((id >= 3249157) AND (id <= 3249257))

for range-notcovered
table 1 : explain SELECT id, c FROM sbtest1 WHERE id BETWEEN 5112062 AND 5112162
	Index Scan using sbtest1_pkey on sbtest1  (cost=0.43..380.47 rows=95 width=125)
	  Index Cond: ((id >= 5112062) AND (id <= 5112162))

table 2 : explain SELECT id, c FROM sbtest2 WHERE id BETWEEN 5112062 AND 5112162
	Index Scan using sbtest2_pkey on sbtest2  (cost=0.43..408.01 rows=102 width=125)
	  Index Cond: ((id >= 5112062) AND (id <= 5112162))

table 3 : explain SELECT id, c FROM sbtest3 WHERE id BETWEEN 5112062 AND 5112162
	Index Scan using sbtest3_pkey on sbtest3  (cost=0.43..392.36 rows=98 width=125)
	  Index Cond: ((id >= 5112062) AND (id <= 5112162))

table 4 : explain SELECT id, c FROM sbtest4 WHERE id BETWEEN 5112062 AND 5112162
	Index Scan using sbtest4_pkey on sbtest4  (cost=0.43..431.47 rows=108 width=125)
	  Index Cond: ((id >= 5112062) AND (id <= 5112162))

table 5 : explain SELECT id, c FROM sbtest5 WHERE id BETWEEN 5112062 AND 5112162
	Index Scan using sbtest5_pkey on sbtest5  (cost=0.43..394.47 rows=99 width=125)
	  Index Cond: ((id >= 5112062) AND (id <= 5112162))

table 6 : explain SELECT id, c FROM sbtest6 WHERE id BETWEEN 5112062 AND 5112162
	Index Scan using sbtest6_pkey on sbtest6  (cost=0.43..387.67 rows=97 width=125)
	  Index Cond: ((id >= 5112062) AND (id <= 5112162))

table 7 : explain SELECT id, c FROM sbtest7 WHERE id BETWEEN 5112062 AND 5112162
	Index Scan using sbtest7_pkey on sbtest7  (cost=0.43..400.38 rows=100 width=125)
	  Index Cond: ((id >= 5112062) AND (id <= 5112162))

table 8 : explain SELECT id, c FROM sbtest8 WHERE id BETWEEN 5112062 AND 5112162
	Index Scan using sbtest8_pkey on sbtest8  (cost=0.43..406.78 rows=102 width=125)
	  Index Cond: ((id >= 5112062) AND (id <= 5112162))

for range-notcovered
table 1 : explain SELECT id, c FROM sbtest1 WHERE id BETWEEN 631258 AND 631358
	Index Scan using sbtest1_pkey on sbtest1  (cost=0.43..424.01 rows=106 width=125)
	  Index Cond: ((id >= 631258) AND (id <= 631358))

table 2 : explain SELECT id, c FROM sbtest2 WHERE id BETWEEN 631258 AND 631358
	Index Scan using sbtest2_pkey on sbtest2  (cost=0.43..400.08 rows=100 width=125)
	  Index Cond: ((id >= 631258) AND (id <= 631358))

table 3 : explain SELECT id, c FROM sbtest3 WHERE id BETWEEN 631258 AND 631358
	Index Scan using sbtest3_pkey on sbtest3  (cost=0.43..372.57 rows=93 width=125)
	  Index Cond: ((id >= 631258) AND (id <= 631358))

table 4 : explain SELECT id, c FROM sbtest4 WHERE id BETWEEN 631258 AND 631358
	Index Scan using sbtest4_pkey on sbtest4  (cost=0.43..376.11 rows=94 width=125)
	  Index Cond: ((id >= 631258) AND (id <= 631358))

table 5 : explain SELECT id, c FROM sbtest5 WHERE id BETWEEN 631258 AND 631358
	Index Scan using sbtest5_pkey on sbtest5  (cost=0.43..406.29 rows=102 width=125)
	  Index Cond: ((id >= 631258) AND (id <= 631358))

table 6 : explain SELECT id, c FROM sbtest6 WHERE id BETWEEN 631258 AND 631358
	Index Scan using sbtest6_pkey on sbtest6  (cost=0.43..383.72 rows=96 width=125)
	  Index Cond: ((id >= 631258) AND (id <= 631358))

table 7 : explain SELECT id, c FROM sbtest7 WHERE id BETWEEN 631258 AND 631358
	Index Scan using sbtest7_pkey on sbtest7  (cost=0.43..372.65 rows=93 width=125)
	  Index Cond: ((id >= 631258) AND (id <= 631358))

table 8 : explain SELECT id, c FROM sbtest8 WHERE id BETWEEN 631258 AND 631358
	Index Scan using sbtest8_pkey on sbtest8  (cost=0.43..414.66 rows=104 width=125)
	  Index Cond: ((id >= 631258) AND (id <= 631358))

explain: for range-notcovered :: explain SELECT id, c FROM sbtest%d WHERE id BETWEEN 8209008 AND 8209108
explain: for range-notcovered :: explain SELECT id, c FROM sbtest%d WHERE id BETWEEN 631258 AND 631358
explain: for range-notcovered :: explain SELECT id, c FROM sbtest%d WHERE id BETWEEN 5112062 AND 5112162
for range-notcovered
table 1 : explain SELECT id, c FROM sbtest1 WHERE id BETWEEN 5278725 AND 5278825
	Index Scan using sbtest1_pkey on sbtest1  (cost=0.43..368.59 rows=92 width=125)
	  Index Cond: ((id >= 5278725) AND (id <= 5278825))

table 2 : explain SELECT id, c FROM sbtest2 WHERE id BETWEEN 5278725 AND 5278825
	Index Scan using sbtest2_pkey on sbtest2  (cost=0.43..411.96 rows=103 width=125)
	  Index Cond: ((id >= 5278725) AND (id <= 5278825))

table 3 : explain SELECT id, c FROM sbtest3 WHERE id BETWEEN 5278725 AND 5278825
	Index Scan using sbtest3_pkey on sbtest3  (cost=0.43..404.24 rows=101 width=125)
	  Index Cond: ((id >= 5278725) AND (id <= 5278825))

table 4 : explain SELECT id, c FROM sbtest4 WHERE id BETWEEN 5278725 AND 5278825
	Index Scan using sbtest4_pkey on sbtest4  (cost=0.43..395.88 rows=99 width=125)
	  Index Cond: ((id >= 5278725) AND (id <= 5278825))

table 5 : explain SELECT id, c FROM sbtest5 WHERE id BETWEEN 5278725 AND 5278825
	Index Scan using sbtest5_pkey on sbtest5  (cost=0.43..366.88 rows=92 width=125)
	  Index Cond: ((id >= 5278725) AND (id <= 5278825))

table 6 : explain SELECT id, c FROM sbtest6 WHERE id BETWEEN 5278725 AND 5278825
	Index Scan using sbtest6_pkey on sbtest6  (cost=0.43..407.44 rows=102 width=125)
	  Index Cond: ((id >= 5278725) AND (id <= 5278825))

table 7 : explain SELECT id, c FROM sbtest7 WHERE id BETWEEN 5278725 AND 5278825
	Index Scan using sbtest7_pkey on sbtest7  (cost=0.43..404.34 rows=101 width=125)
	  Index Cond: ((id >= 5278725) AND (id <= 5278825))

table 8 : explain SELECT id, c FROM sbtest8 WHERE id BETWEEN 5278725 AND 5278825
	Index Scan using sbtest8_pkey on sbtest8  (cost=0.43..394.93 rows=99 width=125)
	  Index Cond: ((id >= 5278725) AND (id <= 5278825))

for range-notcovered
table 1 : explain SELECT id, c FROM sbtest1 WHERE id BETWEEN 631258 AND 631358
	Index Scan using sbtest1_pkey on sbtest1  (cost=0.43..424.01 rows=106 width=125)
	  Index Cond: ((id >= 631258) AND (id <= 631358))

table 2 : explain SELECT id, c FROM sbtest2 WHERE id BETWEEN 631258 AND 631358
	Index Scan using sbtest2_pkey on sbtest2  (cost=0.43..400.08 rows=100 width=125)
	  Index Cond: ((id >= 631258) AND (id <= 631358))

table 3 : explain SELECT id, c FROM sbtest3 WHERE id BETWEEN 631258 AND 631358
	Index Scan using sbtest3_pkey on sbtest3  (cost=0.43..372.57 rows=93 width=125)
	  Index Cond: ((id >= 631258) AND (id <= 631358))

table 4 : explain SELECT id, c FROM sbtest4 WHERE id BETWEEN 631258 AND 631358
	Index Scan using sbtest4_pkey on sbtest4  (cost=0.43..376.11 rows=94 width=125)
	  Index Cond: ((id >= 631258) AND (id <= 631358))

table 5 : explain SELECT id, c FROM sbtest5 WHERE id BETWEEN 631258 AND 631358
	Index Scan using sbtest5_pkey on sbtest5  (cost=0.43..406.29 rows=102 width=125)
	  Index Cond: ((id >= 631258) AND (id <= 631358))

table 6 : explain SELECT id, c FROM sbtest6 WHERE id BETWEEN 631258 AND 631358
	Index Scan using sbtest6_pkey on sbtest6  (cost=0.43..383.72 rows=96 width=125)
	  Index Cond: ((id >= 631258) AND (id <= 631358))

table 7 : explain SELECT id, c FROM sbtest7 WHERE id BETWEEN 631258 AND 631358
	Index Scan using sbtest7_pkey on sbtest7  (cost=0.43..372.65 rows=93 width=125)
	  Index Cond: ((id >= 631258) AND (id <= 631358))

table 8 : explain SELECT id, c FROM sbtest8 WHERE id BETWEEN 631258 AND 631358
	Index Scan using sbtest8_pkey on sbtest8  (cost=0.43..414.66 rows=104 width=125)
	  Index Cond: ((id >= 631258) AND (id <= 631358))

explain: for range-notcovered :: explain SELECT id, c FROM sbtest%d WHERE id BETWEEN 631258 AND 631358
for range-notcovered
table 1 : explain SELECT id, c FROM sbtest1 WHERE id BETWEEN 5182104 AND 5182204
	Index Scan using sbtest1_pkey on sbtest1  (cost=0.43..380.47 rows=95 width=125)
	  Index Cond: ((id >= 5182104) AND (id <= 5182204))

table 2 : explain SELECT id, c FROM sbtest2 WHERE id BETWEEN 5182104 AND 5182204
	Index Scan using sbtest2_pkey on sbtest2  (cost=0.43..392.17 rows=98 width=125)
	  Index Cond: ((id >= 5182104) AND (id <= 5182204))

table 3 : explain SELECT id, c FROM sbtest3 WHERE id BETWEEN 5182104 AND 5182204
	Index Scan using sbtest3_pkey on sbtest3  (cost=0.43..392.36 rows=98 width=125)
	  Index Cond: ((id >= 5182104) AND (id <= 5182204))

table 4 : explain SELECT id, c FROM sbtest4 WHERE id BETWEEN 5182104 AND 5182204
	Index Scan using sbtest4_pkey on sbtest4  (cost=0.43..399.83 rows=100 width=125)
	  Index Cond: ((id >= 5182104) AND (id <= 5182204))

table 5 : explain SELECT id, c FROM sbtest5 WHERE id BETWEEN 5182104 AND 5182204
	Index Scan using sbtest5_pkey on sbtest5  (cost=0.43..394.47 rows=99 width=125)
	  Index Cond: ((id >= 5182104) AND (id <= 5182204))

table 6 : explain SELECT id, c FROM sbtest6 WHERE id BETWEEN 5182104 AND 5182204
	Index Scan using sbtest6_pkey on sbtest6  (cost=0.43..387.67 rows=97 width=125)
	  Index Cond: ((id >= 5182104) AND (id <= 5182204))

table 7 : explain SELECT id, c FROM sbtest7 WHERE id BETWEEN 5182104 AND 5182204
	Index Scan using sbtest7_pkey on sbtest7  (cost=0.43..404.34 rows=101 width=125)
	  Index Cond: ((id >= 5182104) AND (id <= 5182204))

table 8 : explain SELECT id, c FROM sbtest8 WHERE id BETWEEN 5182104 AND 5182204
	Index Scan using sbtest8_pkey on sbtest8  (cost=0.43..406.78 rows=102 width=125)
	  Index Cond: ((id >= 5182104) AND (id <= 5182204))

explain: for range-notcovered :: explain SELECT id, c FROM sbtest%d WHERE id BETWEEN 5278725 AND 5278825
explain: for range-notcovered :: explain SELECT id, c FROM sbtest%d WHERE id BETWEEN 5182104 AND 5182204
for range-notcovered
table 1 : explain SELECT id, c FROM sbtest1 WHERE id BETWEEN 631258 AND 631358
	Index Scan using sbtest1_pkey on sbtest1  (cost=0.43..424.01 rows=106 width=125)
	  Index Cond: ((id >= 631258) AND (id <= 631358))

table 2 : explain SELECT id, c FROM sbtest2 WHERE id BETWEEN 631258 AND 631358
	Index Scan using sbtest2_pkey on sbtest2  (cost=0.43..400.08 rows=100 width=125)
	  Index Cond: ((id >= 631258) AND (id <= 631358))

table 3 : explain SELECT id, c FROM sbtest3 WHERE id BETWEEN 631258 AND 631358
	Index Scan using sbtest3_pkey on sbtest3  (cost=0.43..372.57 rows=93 width=125)
	  Index Cond: ((id >= 631258) AND (id <= 631358))

table 4 : explain SELECT id, c FROM sbtest4 WHERE id BETWEEN 631258 AND 631358
	Index Scan using sbtest4_pkey on sbtest4  (cost=0.43..376.11 rows=94 width=125)
	  Index Cond: ((id >= 631258) AND (id <= 631358))

table 5 : explain SELECT id, c FROM sbtest5 WHERE id BETWEEN 631258 AND 631358
	Index Scan using sbtest5_pkey on sbtest5  (cost=0.43..406.29 rows=102 width=125)
	  Index Cond: ((id >= 631258) AND (id <= 631358))

table 6 : explain SELECT id, c FROM sbtest6 WHERE id BETWEEN 631258 AND 631358
	Index Scan using sbtest6_pkey on sbtest6  (cost=0.43..383.72 rows=96 width=125)
	  Index Cond: ((id >= 631258) AND (id <= 631358))

table 7 : explain SELECT id, c FROM sbtest7 WHERE id BETWEEN 631258 AND 631358
	Index Scan using sbtest7_pkey on sbtest7  (cost=0.43..372.65 rows=93 width=125)
	  Index Cond: ((id >= 631258) AND (id <= 631358))

table 8 : explain SELECT id, c FROM sbtest8 WHERE id BETWEEN 631258 AND 631358
	Index Scan using sbtest8_pkey on sbtest8  (cost=0.43..414.66 rows=104 width=125)
	  Index Cond: ((id >= 631258) AND (id <= 631358))

explain: for range-notcovered :: explain SELECT id, c FROM sbtest%d WHERE id BETWEEN 631258 AND 631358
for range-notcovered
table 1 : explain SELECT id, c FROM sbtest1 WHERE id BETWEEN 5278725 AND 5278825
	Index Scan using sbtest1_pkey on sbtest1  (cost=0.43..368.59 rows=92 width=125)
	  Index Cond: ((id >= 5278725) AND (id <= 5278825))

table 2 : explain SELECT id, c FROM sbtest2 WHERE id BETWEEN 5278725 AND 5278825
	Index Scan using sbtest2_pkey on sbtest2  (cost=0.43..411.96 rows=103 width=125)
	  Index Cond: ((id >= 5278725) AND (id <= 5278825))

table 3 : explain SELECT id, c FROM sbtest3 WHERE id BETWEEN 5278725 AND 5278825
	Index Scan using sbtest3_pkey on sbtest3  (cost=0.43..404.24 rows=101 width=125)
	  Index Cond: ((id >= 5278725) AND (id <= 5278825))

table 4 : explain SELECT id, c FROM sbtest4 WHERE id BETWEEN 5278725 AND 5278825
	Index Scan using sbtest4_pkey on sbtest4  (cost=0.43..395.88 rows=99 width=125)
	  Index Cond: ((id >= 5278725) AND (id <= 5278825))

table 5 : explain SELECT id, c FROM sbtest5 WHERE id BETWEEN 5278725 AND 5278825
	Index Scan using sbtest5_pkey on sbtest5  (cost=0.43..366.88 rows=92 width=125)
	  Index Cond: ((id >= 5278725) AND (id <= 5278825))

table 6 : explain SELECT id, c FROM sbtest6 WHERE id BETWEEN 5278725 AND 5278825
	Index Scan using sbtest6_pkey on sbtest6  (cost=0.43..407.44 rows=102 width=125)
	  Index Cond: ((id >= 5278725) AND (id <= 5278825))

table 7 : explain SELECT id, c FROM sbtest7 WHERE id BETWEEN 5278725 AND 5278825
	Index Scan using sbtest7_pkey on sbtest7  (cost=0.43..404.34 rows=101 width=125)
	  Index Cond: ((id >= 5278725) AND (id <= 5278825))

table 8 : explain SELECT id, c FROM sbtest8 WHERE id BETWEEN 5278725 AND 5278825
	Index Scan using sbtest8_pkey on sbtest8  (cost=0.43..394.93 rows=99 width=125)
	  Index Cond: ((id >= 5278725) AND (id <= 5278825))

for range-notcovered
table 1 : explain SELECT id, c FROM sbtest1 WHERE id BETWEEN 5182104 AND 5182204
	Index Scan using sbtest1_pkey on sbtest1  (cost=0.43..380.47 rows=95 width=125)
	  Index Cond: ((id >= 5182104) AND (id <= 5182204))

table 2 : explain SELECT id, c FROM sbtest2 WHERE id BETWEEN 5182104 AND 5182204
	Index Scan using sbtest2_pkey on sbtest2  (cost=0.43..392.17 rows=98 width=125)
	  Index Cond: ((id >= 5182104) AND (id <= 5182204))

table 3 : explain SELECT id, c FROM sbtest3 WHERE id BETWEEN 5182104 AND 5182204
	Index Scan using sbtest3_pkey on sbtest3  (cost=0.43..392.36 rows=98 width=125)
	  Index Cond: ((id >= 5182104) AND (id <= 5182204))

table 4 : explain SELECT id, c FROM sbtest4 WHERE id BETWEEN 5182104 AND 5182204
	Index Scan using sbtest4_pkey on sbtest4  (cost=0.43..399.83 rows=100 width=125)
	  Index Cond: ((id >= 5182104) AND (id <= 5182204))

table 5 : explain SELECT id, c FROM sbtest5 WHERE id BETWEEN 5182104 AND 5182204
	Index Scan using sbtest5_pkey on sbtest5  (cost=0.43..394.47 rows=99 width=125)
	  Index Cond: ((id >= 5182104) AND (id <= 5182204))

table 6 : explain SELECT id, c FROM sbtest6 WHERE id BETWEEN 5182104 AND 5182204
	Index Scan using sbtest6_pkey on sbtest6  (cost=0.43..387.67 rows=97 width=125)
	  Index Cond: ((id >= 5182104) AND (id <= 5182204))

table 7 : explain SELECT id, c FROM sbtest7 WHERE id BETWEEN 5182104 AND 5182204
	Index Scan using sbtest7_pkey on sbtest7  (cost=0.43..404.34 rows=101 width=125)
	  Index Cond: ((id >= 5182104) AND (id <= 5182204))

table 8 : explain SELECT id, c FROM sbtest8 WHERE id BETWEEN 5182104 AND 5182204
	Index Scan using sbtest8_pkey on sbtest8  (cost=0.43..406.78 rows=102 width=125)
	  Index Cond: ((id >= 5182104) AND (id <= 5182204))

explain: for range-notcovered :: explain SELECT id, c FROM sbtest%d WHERE id BETWEEN 5182104 AND 5182204
explain: for range-notcovered :: explain SELECT id, c FROM sbtest%d WHERE id BETWEEN 1437631 AND 1437731
for range-notcovered
table 1 : explain SELECT id, c FROM sbtest1 WHERE id BETWEEN 2754949 AND 2755049
	Index Scan using sbtest1_pkey on sbtest1  (cost=0.43..408.18 rows=102 width=125)
	  Index Cond: ((id >= 2754949) AND (id <= 2755049))

table 2 : explain SELECT id, c FROM sbtest2 WHERE id BETWEEN 2754949 AND 2755049
	Index Scan using sbtest2_pkey on sbtest2  (cost=0.43..364.48 rows=91 width=125)
	  Index Cond: ((id >= 2754949) AND (id <= 2755049))

table 3 : explain SELECT id, c FROM sbtest3 WHERE id BETWEEN 2754949 AND 2755049
	Index Scan using sbtest3_pkey on sbtest3  (cost=0.43..396.31 rows=99 width=125)
	  Index Cond: ((id >= 2754949) AND (id <= 2755049))

table 4 : explain SELECT id, c FROM sbtest4 WHERE id BETWEEN 2754949 AND 2755049
	Index Scan using sbtest4_pkey on sbtest4  (cost=0.43..427.52 rows=107 width=125)
	  Index Cond: ((id >= 2754949) AND (id <= 2755049))

table 5 : explain SELECT id, c FROM sbtest5 WHERE id BETWEEN 2754949 AND 2755049
	Index Scan using sbtest5_pkey on sbtest5  (cost=0.43..366.88 rows=92 width=125)
	  Index Cond: ((id >= 2754949) AND (id <= 2755049))

table 6 : explain SELECT id, c FROM sbtest6 WHERE id BETWEEN 2754949 AND 2755049
	Index Scan using sbtest6_pkey on sbtest6  (cost=0.43..407.44 rows=102 width=125)
	  Index Cond: ((id >= 2754949) AND (id <= 2755049))

table 7 : explain SELECT id, c FROM sbtest7 WHERE id BETWEEN 2754949 AND 2755049
	Index Scan using sbtest7_pkey on sbtest7  (cost=0.43..396.42 rows=99 width=125)
	  Index Cond: ((id >= 2754949) AND (id <= 2755049))

table 8 : explain SELECT id, c FROM sbtest8 WHERE id BETWEEN 2754949 AND 2755049
	Index Scan using sbtest8_pkey on sbtest8  (cost=0.43..390.98 rows=98 width=125)
	  Index Cond: ((id >= 2754949) AND (id <= 2755049))

explain: for range-notcovered :: explain SELECT id, c FROM sbtest%d WHERE id BETWEEN 5197478 AND 5197578
for range-notcovered
table 1 : explain SELECT id, c FROM sbtest1 WHERE id BETWEEN 631258 AND 631358
	Index Scan using sbtest1_pkey on sbtest1  (cost=0.43..424.01 rows=106 width=125)
	  Index Cond: ((id >= 631258) AND (id <= 631358))

table 2 : explain SELECT id, c FROM sbtest2 WHERE id BETWEEN 631258 AND 631358
	Index Scan using sbtest2_pkey on sbtest2  (cost=0.43..400.08 rows=100 width=125)
	  Index Cond: ((id >= 631258) AND (id <= 631358))

table 3 : explain SELECT id, c FROM sbtest3 WHERE id BETWEEN 631258 AND 631358
	Index Scan using sbtest3_pkey on sbtest3  (cost=0.43..372.57 rows=93 width=125)
	  Index Cond: ((id >= 631258) AND (id <= 631358))

table 4 : explain SELECT id, c FROM sbtest4 WHERE id BETWEEN 631258 AND 631358
	Index Scan using sbtest4_pkey on sbtest4  (cost=0.43..376.11 rows=94 width=125)
	  Index Cond: ((id >= 631258) AND (id <= 631358))

table 5 : explain SELECT id, c FROM sbtest5 WHERE id BETWEEN 631258 AND 631358
	Index Scan using sbtest5_pkey on sbtest5  (cost=0.43..406.29 rows=102 width=125)
	  Index Cond: ((id >= 631258) AND (id <= 631358))

table 6 : explain SELECT id, c FROM sbtest6 WHERE id BETWEEN 631258 AND 631358
	Index Scan using sbtest6_pkey on sbtest6  (cost=0.43..383.72 rows=96 width=125)
	  Index Cond: ((id >= 631258) AND (id <= 631358))

table 7 : explain SELECT id, c FROM sbtest7 WHERE id BETWEEN 631258 AND 631358
	Index Scan using sbtest7_pkey on sbtest7  (cost=0.43..372.65 rows=93 width=125)
	  Index Cond: ((id >= 631258) AND (id <= 631358))

table 8 : explain SELECT id, c FROM sbtest8 WHERE id BETWEEN 631258 AND 631358
	Index Scan using sbtest8_pkey on sbtest8  (cost=0.43..414.66 rows=104 width=125)
	  Index Cond: ((id >= 631258) AND (id <= 631358))

explain: for range-notcovered :: explain SELECT id, c FROM sbtest%d WHERE id BETWEEN 2754949 AND 2755049
explain: for range-notcovered :: explain SELECT id, c FROM sbtest%d WHERE id BETWEEN 5278725 AND 5278825
for range-notcovered
table 1 : explain SELECT id, c FROM sbtest1 WHERE id BETWEEN 5182104 AND 5182204
	Index Scan using sbtest1_pkey on sbtest1  (cost=0.43..380.47 rows=95 width=125)
	  Index Cond: ((id >= 5182104) AND (id <= 5182204))

table 2 : explain SELECT id, c FROM sbtest2 WHERE id BETWEEN 5182104 AND 5182204
	Index Scan using sbtest2_pkey on sbtest2  (cost=0.43..392.17 rows=98 width=125)
	  Index Cond: ((id >= 5182104) AND (id <= 5182204))

table 3 : explain SELECT id, c FROM sbtest3 WHERE id BETWEEN 5182104 AND 5182204
	Index Scan using sbtest3_pkey on sbtest3  (cost=0.43..392.36 rows=98 width=125)
	  Index Cond: ((id >= 5182104) AND (id <= 5182204))

table 4 : explain SELECT id, c FROM sbtest4 WHERE id BETWEEN 5182104 AND 5182204
	Index Scan using sbtest4_pkey on sbtest4  (cost=0.43..399.83 rows=100 width=125)
	  Index Cond: ((id >= 5182104) AND (id <= 5182204))

table 5 : explain SELECT id, c FROM sbtest5 WHERE id BETWEEN 5182104 AND 5182204
	Index Scan using sbtest5_pkey on sbtest5  (cost=0.43..394.47 rows=99 width=125)
	  Index Cond: ((id >= 5182104) AND (id <= 5182204))

table 6 : explain SELECT id, c FROM sbtest6 WHERE id BETWEEN 5182104 AND 5182204
	Index Scan using sbtest6_pkey on sbtest6  (cost=0.43..387.67 rows=97 width=125)
	  Index Cond: ((id >= 5182104) AND (id <= 5182204))

table 7 : explain SELECT id, c FROM sbtest7 WHERE id BETWEEN 5182104 AND 5182204
	Index Scan using sbtest7_pkey on sbtest7  (cost=0.43..404.34 rows=101 width=125)
	  Index Cond: ((id >= 5182104) AND (id <= 5182204))

table 8 : explain SELECT id, c FROM sbtest8 WHERE id BETWEEN 5182104 AND 5182204
	Index Scan using sbtest8_pkey on sbtest8  (cost=0.43..406.78 rows=102 width=125)
	  Index Cond: ((id >= 5182104) AND (id <= 5182204))

explain: for range-notcovered :: explain SELECT id, c FROM sbtest%d WHERE id BETWEEN 631258 AND 631358
explain: for range-notcovered :: explain SELECT id, c FROM sbtest%d WHERE id BETWEEN 5182104 AND 5182204
for range-notcovered
table 1 : explain SELECT id, c FROM sbtest1 WHERE id BETWEEN 2754949 AND 2755049
	Index Scan using sbtest1_pkey on sbtest1  (cost=0.43..408.18 rows=102 width=125)
	  Index Cond: ((id >= 2754949) AND (id <= 2755049))

table 2 : explain SELECT id, c FROM sbtest2 WHERE id BETWEEN 2754949 AND 2755049
	Index Scan using sbtest2_pkey on sbtest2  (cost=0.43..364.48 rows=91 width=125)
	  Index Cond: ((id >= 2754949) AND (id <= 2755049))

table 3 : explain SELECT id, c FROM sbtest3 WHERE id BETWEEN 2754949 AND 2755049
	Index Scan using sbtest3_pkey on sbtest3  (cost=0.43..396.31 rows=99 width=125)
	  Index Cond: ((id >= 2754949) AND (id <= 2755049))

table 4 : explain SELECT id, c FROM sbtest4 WHERE id BETWEEN 2754949 AND 2755049
	Index Scan using sbtest4_pkey on sbtest4  (cost=0.43..427.52 rows=107 width=125)
	  Index Cond: ((id >= 2754949) AND (id <= 2755049))

table 5 : explain SELECT id, c FROM sbtest5 WHERE id BETWEEN 2754949 AND 2755049
	Index Scan using sbtest5_pkey on sbtest5  (cost=0.43..366.88 rows=92 width=125)
	  Index Cond: ((id >= 2754949) AND (id <= 2755049))

table 6 : explain SELECT id, c FROM sbtest6 WHERE id BETWEEN 2754949 AND 2755049
	Index Scan using sbtest6_pkey on sbtest6  (cost=0.43..407.44 rows=102 width=125)
	  Index Cond: ((id >= 2754949) AND (id <= 2755049))

table 7 : explain SELECT id, c FROM sbtest7 WHERE id BETWEEN 2754949 AND 2755049
	Index Scan using sbtest7_pkey on sbtest7  (cost=0.43..396.42 rows=99 width=125)
	  Index Cond: ((id >= 2754949) AND (id <= 2755049))

table 8 : explain SELECT id, c FROM sbtest8 WHERE id BETWEEN 2754949 AND 2755049
	Index Scan using sbtest8_pkey on sbtest8  (cost=0.43..390.98 rows=98 width=125)
	  Index Cond: ((id >= 2754949) AND (id <= 2755049))

for range-notcovered
table 1 : explain SELECT id, c FROM sbtest1 WHERE id BETWEEN 5112062 AND 5112162
	Index Scan using sbtest1_pkey on sbtest1  (cost=0.43..380.47 rows=95 width=125)
	  Index Cond: ((id >= 5112062) AND (id <= 5112162))

table 2 : explain SELECT id, c FROM sbtest2 WHERE id BETWEEN 5112062 AND 5112162
	Index Scan using sbtest2_pkey on sbtest2  (cost=0.43..408.01 rows=102 width=125)
	  Index Cond: ((id >= 5112062) AND (id <= 5112162))

table 3 : explain SELECT id, c FROM sbtest3 WHERE id BETWEEN 5112062 AND 5112162
	Index Scan using sbtest3_pkey on sbtest3  (cost=0.43..392.36 rows=98 width=125)
	  Index Cond: ((id >= 5112062) AND (id <= 5112162))

table 4 : explain SELECT id, c FROM sbtest4 WHERE id BETWEEN 5112062 AND 5112162
	Index Scan using sbtest4_pkey on sbtest4  (cost=0.43..431.47 rows=108 width=125)
	  Index Cond: ((id >= 5112062) AND (id <= 5112162))

table 5 : explain SELECT id, c FROM sbtest5 WHERE id BETWEEN 5112062 AND 5112162
	Index Scan using sbtest5_pkey on sbtest5  (cost=0.43..394.47 rows=99 width=125)
	  Index Cond: ((id >= 5112062) AND (id <= 5112162))

table 6 : explain SELECT id, c FROM sbtest6 WHERE id BETWEEN 5112062 AND 5112162
	Index Scan using sbtest6_pkey on sbtest6  (cost=0.43..387.67 rows=97 width=125)
	  Index Cond: ((id >= 5112062) AND (id <= 5112162))

table 7 : explain SELECT id, c FROM sbtest7 WHERE id BETWEEN 5112062 AND 5112162
	Index Scan using sbtest7_pkey on sbtest7  (cost=0.43..400.38 rows=100 width=125)
	  Index Cond: ((id >= 5112062) AND (id <= 5112162))

table 8 : explain SELECT id, c FROM sbtest8 WHERE id BETWEEN 5112062 AND 5112162
	Index Scan using sbtest8_pkey on sbtest8  (cost=0.43..406.78 rows=102 width=125)
	  Index Cond: ((id >= 5112062) AND (id <= 5112162))

for range-notcovered
table 1 : explain SELECT id, c FROM sbtest1 WHERE id BETWEEN 631258 AND 631358
	Index Scan using sbtest1_pkey on sbtest1  (cost=0.43..424.01 rows=106 width=125)
	  Index Cond: ((id >= 631258) AND (id <= 631358))

table 2 : explain SELECT id, c FROM sbtest2 WHERE id BETWEEN 631258 AND 631358
	Index Scan using sbtest2_pkey on sbtest2  (cost=0.43..400.08 rows=100 width=125)
	  Index Cond: ((id >= 631258) AND (id <= 631358))

table 3 : explain SELECT id, c FROM sbtest3 WHERE id BETWEEN 631258 AND 631358
	Index Scan using sbtest3_pkey on sbtest3  (cost=0.43..372.57 rows=93 width=125)
	  Index Cond: ((id >= 631258) AND (id <= 631358))

table 4 : explain SELECT id, c FROM sbtest4 WHERE id BETWEEN 631258 AND 631358
	Index Scan using sbtest4_pkey on sbtest4  (cost=0.43..376.11 rows=94 width=125)
	  Index Cond: ((id >= 631258) AND (id <= 631358))

table 5 : explain SELECT id, c FROM sbtest5 WHERE id BETWEEN 631258 AND 631358
	Index Scan using sbtest5_pkey on sbtest5  (cost=0.43..406.29 rows=102 width=125)
	  Index Cond: ((id >= 631258) AND (id <= 631358))

table 6 : explain SELECT id, c FROM sbtest6 WHERE id BETWEEN 631258 AND 631358
	Index Scan using sbtest6_pkey on sbtest6  (cost=0.43..383.72 rows=96 width=125)
	  Index Cond: ((id >= 631258) AND (id <= 631358))

table 7 : explain SELECT id, c FROM sbtest7 WHERE id BETWEEN 631258 AND 631358
	Index Scan using sbtest7_pkey on sbtest7  (cost=0.43..372.65 rows=93 width=125)
	  Index Cond: ((id >= 631258) AND (id <= 631358))

table 8 : explain SELECT id, c FROM sbtest8 WHERE id BETWEEN 631258 AND 631358
	Index Scan using sbtest8_pkey on sbtest8  (cost=0.43..414.66 rows=104 width=125)
	  Index Cond: ((id >= 631258) AND (id <= 631358))

for range-notcovered
table 1 : explain SELECT id, c FROM sbtest1 WHERE id BETWEEN 5182104 AND 5182204
	Index Scan using sbtest1_pkey on sbtest1  (cost=0.43..380.47 rows=95 width=125)
	  Index Cond: ((id >= 5182104) AND (id <= 5182204))

table 2 : explain SELECT id, c FROM sbtest2 WHERE id BETWEEN 5182104 AND 5182204
	Index Scan using sbtest2_pkey on sbtest2  (cost=0.43..392.17 rows=98 width=125)
	  Index Cond: ((id >= 5182104) AND (id <= 5182204))

table 3 : explain SELECT id, c FROM sbtest3 WHERE id BETWEEN 5182104 AND 5182204
	Index Scan using sbtest3_pkey on sbtest3  (cost=0.43..392.36 rows=98 width=125)
	  Index Cond: ((id >= 5182104) AND (id <= 5182204))

table 4 : explain SELECT id, c FROM sbtest4 WHERE id BETWEEN 5182104 AND 5182204
	Index Scan using sbtest4_pkey on sbtest4  (cost=0.43..399.83 rows=100 width=125)
	  Index Cond: ((id >= 5182104) AND (id <= 5182204))

table 5 : explain SELECT id, c FROM sbtest5 WHERE id BETWEEN 5182104 AND 5182204
	Index Scan using sbtest5_pkey on sbtest5  (cost=0.43..394.47 rows=99 width=125)
	  Index Cond: ((id >= 5182104) AND (id <= 5182204))

table 6 : explain SELECT id, c FROM sbtest6 WHERE id BETWEEN 5182104 AND 5182204
	Index Scan using sbtest6_pkey on sbtest6  (cost=0.43..387.67 rows=97 width=125)
	  Index Cond: ((id >= 5182104) AND (id <= 5182204))

table 7 : explain SELECT id, c FROM sbtest7 WHERE id BETWEEN 5182104 AND 5182204
	Index Scan using sbtest7_pkey on sbtest7  (cost=0.43..404.34 rows=101 width=125)
	  Index Cond: ((id >= 5182104) AND (id <= 5182204))

table 8 : explain SELECT id, c FROM sbtest8 WHERE id BETWEEN 5182104 AND 5182204
	Index Scan using sbtest8_pkey on sbtest8  (cost=0.43..406.78 rows=102 width=125)
	  Index Cond: ((id >= 5182104) AND (id <= 5182204))

explain: for range-notcovered :: explain SELECT id, c FROM sbtest%d WHERE id BETWEEN 5112062 AND 5112162
explain: for range-notcovered :: explain SELECT id, c FROM sbtest%d WHERE id BETWEEN 631258 AND 631358
explain: for range-notcovered :: explain SELECT id, c FROM sbtest%d WHERE id BETWEEN 5182104 AND 5182204
explain: for range-notcovered :: explain SELECT id, c FROM sbtest%d WHERE id BETWEEN 3282202 AND 3282302
for range-notcovered
table 1 : explain SELECT id, c FROM sbtest1 WHERE id BETWEEN 8209008 AND 8209108
	Index Scan using sbtest1_pkey on sbtest1  (cost=0.43..372.55 rows=93 width=125)
	  Index Cond: ((id >= 8209008) AND (id <= 8209108))

table 2 : explain SELECT id, c FROM sbtest2 WHERE id BETWEEN 8209008 AND 8209108
	Index Scan using sbtest2_pkey on sbtest2  (cost=0.43..396.13 rows=99 width=125)
	  Index Cond: ((id >= 8209008) AND (id <= 8209108))

table 3 : explain SELECT id, c FROM sbtest3 WHERE id BETWEEN 8209008 AND 8209108
	Index Scan using sbtest3_pkey on sbtest3  (cost=0.43..380.48 rows=95 width=125)
	  Index Cond: ((id >= 8209008) AND (id <= 8209108))

table 4 : explain SELECT id, c FROM sbtest4 WHERE id BETWEEN 8209008 AND 8209108
	Index Scan using sbtest4_pkey on sbtest4  (cost=0.43..407.75 rows=102 width=125)
	  Index Cond: ((id >= 8209008) AND (id <= 8209108))

table 5 : explain SELECT id, c FROM sbtest5 WHERE id BETWEEN 8209008 AND 8209108
	Index Scan using sbtest5_pkey on sbtest5  (cost=0.43..406.29 rows=102 width=125)
	  Index Cond: ((id >= 8209008) AND (id <= 8209108))

table 6 : explain SELECT id, c FROM sbtest6 WHERE id BETWEEN 8209008 AND 8209108
	Index Scan using sbtest6_pkey on sbtest6  (cost=0.43..403.49 rows=101 width=125)
	  Index Cond: ((id >= 8209008) AND (id <= 8209108))

table 7 : explain SELECT id, c FROM sbtest7 WHERE id BETWEEN 8209008 AND 8209108
	Index Scan using sbtest7_pkey on sbtest7  (cost=0.43..404.34 rows=101 width=125)
	  Index Cond: ((id >= 8209008) AND (id <= 8209108))

table 8 : explain SELECT id, c FROM sbtest8 WHERE id BETWEEN 8209008 AND 8209108
	Index Scan using sbtest8_pkey on sbtest8  (cost=0.43..430.43 rows=108 width=125)
	  Index Cond: ((id >= 8209008) AND (id <= 8209108))

explain: for range-notcovered :: explain SELECT id, c FROM sbtest%d WHERE id BETWEEN 8209008 AND 8209108
for range-notcovered
table 1 : explain SELECT id, c FROM sbtest1 WHERE id BETWEEN 7103142 AND 7103242
	Index Scan using sbtest1_pkey on sbtest1  (cost=0.43..400.25 rows=100 width=125)
	  Index Cond: ((id >= 7103142) AND (id <= 7103242))

table 2 : explain SELECT id, c FROM sbtest2 WHERE id BETWEEN 7103142 AND 7103242
	Index Scan using sbtest2_pkey on sbtest2  (cost=0.43..408.01 rows=102 width=125)
	  Index Cond: ((id >= 7103142) AND (id <= 7103242))

table 3 : explain SELECT id, c FROM sbtest3 WHERE id BETWEEN 7103142 AND 7103242
	Index Scan using sbtest3_pkey on sbtest3  (cost=0.43..404.24 rows=101 width=125)
	  Index Cond: ((id >= 7103142) AND (id <= 7103242))

table 4 : explain SELECT id, c FROM sbtest4 WHERE id BETWEEN 7103142 AND 7103242
	Index Scan using sbtest4_pkey on sbtest4  (cost=0.43..399.83 rows=100 width=125)
	  Index Cond: ((id >= 7103142) AND (id <= 7103242))

table 5 : explain SELECT id, c FROM sbtest5 WHERE id BETWEEN 7103142 AND 7103242
	Index Scan using sbtest5_pkey on sbtest5  (cost=0.43..457.49 rows=115 width=125)
	  Index Cond: ((id >= 7103142) AND (id <= 7103242))

table 6 : explain SELECT id, c FROM sbtest6 WHERE id BETWEEN 7103142 AND 7103242
	Index Scan using sbtest6_pkey on sbtest6  (cost=0.43..391.62 rows=98 width=125)
	  Index Cond: ((id >= 7103142) AND (id <= 7103242))

table 7 : explain SELECT id, c FROM sbtest7 WHERE id BETWEEN 7103142 AND 7103242
	Index Scan using sbtest7_pkey on sbtest7  (cost=0.43..404.34 rows=101 width=125)
	  Index Cond: ((id >= 7103142) AND (id <= 7103242))

table 8 : explain SELECT id, c FROM sbtest8 WHERE id BETWEEN 7103142 AND 7103242
	Index Scan using sbtest8_pkey on sbtest8  (cost=0.43..402.83 rows=101 width=125)
	  Index Cond: ((id >= 7103142) AND (id <= 7103242))

explain: for range-notcovered :: explain SELECT id, c FROM sbtest%d WHERE id BETWEEN 7103142 AND 7103242
for range-notcovered
table 1 : explain SELECT id, c FROM sbtest1 WHERE id BETWEEN 631258 AND 631358
	Index Scan using sbtest1_pkey on sbtest1  (cost=0.43..424.01 rows=106 width=125)
	  Index Cond: ((id >= 631258) AND (id <= 631358))

table 2 : explain SELECT id, c FROM sbtest2 WHERE id BETWEEN 631258 AND 631358
	Index Scan using sbtest2_pkey on sbtest2  (cost=0.43..400.08 rows=100 width=125)
	  Index Cond: ((id >= 631258) AND (id <= 631358))

table 3 : explain SELECT id, c FROM sbtest3 WHERE id BETWEEN 631258 AND 631358
	Index Scan using sbtest3_pkey on sbtest3  (cost=0.43..372.57 rows=93 width=125)
	  Index Cond: ((id >= 631258) AND (id <= 631358))

table 4 : explain SELECT id, c FROM sbtest4 WHERE id BETWEEN 631258 AND 631358
	Index Scan using sbtest4_pkey on sbtest4  (cost=0.43..376.11 rows=94 width=125)
	  Index Cond: ((id >= 631258) AND (id <= 631358))

table 5 : explain SELECT id, c FROM sbtest5 WHERE id BETWEEN 631258 AND 631358
	Index Scan using sbtest5_pkey on sbtest5  (cost=0.43..406.29 rows=102 width=125)
	  Index Cond: ((id >= 631258) AND (id <= 631358))

table 6 : explain SELECT id, c FROM sbtest6 WHERE id BETWEEN 631258 AND 631358
	Index Scan using sbtest6_pkey on sbtest6  (cost=0.43..383.72 rows=96 width=125)
	  Index Cond: ((id >= 631258) AND (id <= 631358))

table 7 : explain SELECT id, c FROM sbtest7 WHERE id BETWEEN 631258 AND 631358
	Index Scan using sbtest7_pkey on sbtest7  (cost=0.43..372.65 rows=93 width=125)
	  Index Cond: ((id >= 631258) AND (id <= 631358))

table 8 : explain SELECT id, c FROM sbtest8 WHERE id BETWEEN 631258 AND 631358
	Index Scan using sbtest8_pkey on sbtest8  (cost=0.43..414.66 rows=104 width=125)
	  Index Cond: ((id >= 631258) AND (id <= 631358))

for range-notcovered
table 1 : explain SELECT id, c FROM sbtest1 WHERE id BETWEEN 5182104 AND 5182204
	Index Scan using sbtest1_pkey on sbtest1  (cost=0.43..380.47 rows=95 width=125)
	  Index Cond: ((id >= 5182104) AND (id <= 5182204))

table 2 : explain SELECT id, c FROM sbtest2 WHERE id BETWEEN 5182104 AND 5182204
	Index Scan using sbtest2_pkey on sbtest2  (cost=0.43..392.17 rows=98 width=125)
	  Index Cond: ((id >= 5182104) AND (id <= 5182204))

table 3 : explain SELECT id, c FROM sbtest3 WHERE id BETWEEN 5182104 AND 5182204
	Index Scan using sbtest3_pkey on sbtest3  (cost=0.43..392.36 rows=98 width=125)
	  Index Cond: ((id >= 5182104) AND (id <= 5182204))

table 4 : explain SELECT id, c FROM sbtest4 WHERE id BETWEEN 5182104 AND 5182204
	Index Scan using sbtest4_pkey on sbtest4  (cost=0.43..399.83 rows=100 width=125)
	  Index Cond: ((id >= 5182104) AND (id <= 5182204))

table 5 : explain SELECT id, c FROM sbtest5 WHERE id BETWEEN 5182104 AND 5182204
	Index Scan using sbtest5_pkey on sbtest5  (cost=0.43..394.47 rows=99 width=125)
	  Index Cond: ((id >= 5182104) AND (id <= 5182204))

table 6 : explain SELECT id, c FROM sbtest6 WHERE id BETWEEN 5182104 AND 5182204
	Index Scan using sbtest6_pkey on sbtest6  (cost=0.43..387.67 rows=97 width=125)
	  Index Cond: ((id >= 5182104) AND (id <= 5182204))

table 7 : explain SELECT id, c FROM sbtest7 WHERE id BETWEEN 5182104 AND 5182204
	Index Scan using sbtest7_pkey on sbtest7  (cost=0.43..404.34 rows=101 width=125)
	  Index Cond: ((id >= 5182104) AND (id <= 5182204))

table 8 : explain SELECT id, c FROM sbtest8 WHERE id BETWEEN 5182104 AND 5182204
	Index Scan using sbtest8_pkey on sbtest8  (cost=0.43..406.78 rows=102 width=125)
	  Index Cond: ((id >= 5182104) AND (id <= 5182204))

explain: for range-notcovered :: explain SELECT id, c FROM sbtest%d WHERE id BETWEEN 631258 AND 631358
explain: for range-notcovered :: explain SELECT id, c FROM sbtest%d WHERE id BETWEEN 5182104 AND 5182204
for range-notcovered
table 1 : explain SELECT id, c FROM sbtest1 WHERE id BETWEEN 5278725 AND 5278825
	Index Scan using sbtest1_pkey on sbtest1  (cost=0.43..368.59 rows=92 width=125)
	  Index Cond: ((id >= 5278725) AND (id <= 5278825))

table 2 : explain SELECT id, c FROM sbtest2 WHERE id BETWEEN 5278725 AND 5278825
	Index Scan using sbtest2_pkey on sbtest2  (cost=0.43..411.96 rows=103 width=125)
	  Index Cond: ((id >= 5278725) AND (id <= 5278825))

table 3 : explain SELECT id, c FROM sbtest3 WHERE id BETWEEN 5278725 AND 5278825
	Index Scan using sbtest3_pkey on sbtest3  (cost=0.43..404.24 rows=101 width=125)
	  Index Cond: ((id >= 5278725) AND (id <= 5278825))

table 4 : explain SELECT id, c FROM sbtest4 WHERE id BETWEEN 5278725 AND 5278825
	Index Scan using sbtest4_pkey on sbtest4  (cost=0.43..395.88 rows=99 width=125)
	  Index Cond: ((id >= 5278725) AND (id <= 5278825))

table 5 : explain SELECT id, c FROM sbtest5 WHERE id BETWEEN 5278725 AND 5278825
	Index Scan using sbtest5_pkey on sbtest5  (cost=0.43..366.88 rows=92 width=125)
	  Index Cond: ((id >= 5278725) AND (id <= 5278825))

table 6 : explain SELECT id, c FROM sbtest6 WHERE id BETWEEN 5278725 AND 5278825
	Index Scan using sbtest6_pkey on sbtest6  (cost=0.43..407.44 rows=102 width=125)
	  Index Cond: ((id >= 5278725) AND (id <= 5278825))

table 7 : explain SELECT id, c FROM sbtest7 WHERE id BETWEEN 5278725 AND 5278825
	Index Scan using sbtest7_pkey on sbtest7  (cost=0.43..404.34 rows=101 width=125)
	  Index Cond: ((id >= 5278725) AND (id <= 5278825))

table 8 : explain SELECT id, c FROM sbtest8 WHERE id BETWEEN 5278725 AND 5278825
	Index Scan using sbtest8_pkey on sbtest8  (cost=0.43..394.93 rows=99 width=125)
	  Index Cond: ((id >= 5278725) AND (id <= 5278825))

explain: for range-notcovered :: explain SELECT id, c FROM sbtest%d WHERE id BETWEEN 5278725 AND 5278825
for range-notcovered
table 1 : explain SELECT id, c FROM sbtest1 WHERE id BETWEEN 8209008 AND 8209108
	Index Scan using sbtest1_pkey on sbtest1  (cost=0.43..372.55 rows=93 width=125)
	  Index Cond: ((id >= 8209008) AND (id <= 8209108))

table 2 : explain SELECT id, c FROM sbtest2 WHERE id BETWEEN 8209008 AND 8209108
	Index Scan using sbtest2_pkey on sbtest2  (cost=0.43..396.13 rows=99 width=125)
	  Index Cond: ((id >= 8209008) AND (id <= 8209108))

table 3 : explain SELECT id, c FROM sbtest3 WHERE id BETWEEN 8209008 AND 8209108
	Index Scan using sbtest3_pkey on sbtest3  (cost=0.43..380.48 rows=95 width=125)
	  Index Cond: ((id >= 8209008) AND (id <= 8209108))

table 4 : explain SELECT id, c FROM sbtest4 WHERE id BETWEEN 8209008 AND 8209108
	Index Scan using sbtest4_pkey on sbtest4  (cost=0.43..407.75 rows=102 width=125)
	  Index Cond: ((id >= 8209008) AND (id <= 8209108))

table 5 : explain SELECT id, c FROM sbtest5 WHERE id BETWEEN 8209008 AND 8209108
	Index Scan using sbtest5_pkey on sbtest5  (cost=0.43..406.29 rows=102 width=125)
	  Index Cond: ((id >= 8209008) AND (id <= 8209108))

table 6 : explain SELECT id, c FROM sbtest6 WHERE id BETWEEN 8209008 AND 8209108
	Index Scan using sbtest6_pkey on sbtest6  (cost=0.43..403.49 rows=101 width=125)
	  Index Cond: ((id >= 8209008) AND (id <= 8209108))

table 7 : explain SELECT id, c FROM sbtest7 WHERE id BETWEEN 8209008 AND 8209108
	Index Scan using sbtest7_pkey on sbtest7  (cost=0.43..404.34 rows=101 width=125)
	  Index Cond: ((id >= 8209008) AND (id <= 8209108))

table 8 : explain SELECT id, c FROM sbtest8 WHERE id BETWEEN 8209008 AND 8209108
	Index Scan using sbtest8_pkey on sbtest8  (cost=0.43..430.43 rows=108 width=125)
	  Index Cond: ((id >= 8209008) AND (id <= 8209108))

for range-notcovered
table 1 : explain SELECT id, c FROM sbtest1 WHERE id BETWEEN 7103142 AND 7103242
	Index Scan using sbtest1_pkey on sbtest1  (cost=0.43..400.25 rows=100 width=125)
	  Index Cond: ((id >= 7103142) AND (id <= 7103242))

table 2 : explain SELECT id, c FROM sbtest2 WHERE id BETWEEN 7103142 AND 7103242
	Index Scan using sbtest2_pkey on sbtest2  (cost=0.43..408.01 rows=102 width=125)
	  Index Cond: ((id >= 7103142) AND (id <= 7103242))

table 3 : explain SELECT id, c FROM sbtest3 WHERE id BETWEEN 7103142 AND 7103242
	Index Scan using sbtest3_pkey on sbtest3  (cost=0.43..404.24 rows=101 width=125)
	  Index Cond: ((id >= 7103142) AND (id <= 7103242))

table 4 : explain SELECT id, c FROM sbtest4 WHERE id BETWEEN 7103142 AND 7103242
	Index Scan using sbtest4_pkey on sbtest4  (cost=0.43..399.83 rows=100 width=125)
	  Index Cond: ((id >= 7103142) AND (id <= 7103242))

table 5 : explain SELECT id, c FROM sbtest5 WHERE id BETWEEN 7103142 AND 7103242
	Index Scan using sbtest5_pkey on sbtest5  (cost=0.43..457.49 rows=115 width=125)
	  Index Cond: ((id >= 7103142) AND (id <= 7103242))

table 6 : explain SELECT id, c FROM sbtest6 WHERE id BETWEEN 7103142 AND 7103242
	Index Scan using sbtest6_pkey on sbtest6  (cost=0.43..391.62 rows=98 width=125)
	  Index Cond: ((id >= 7103142) AND (id <= 7103242))

table 7 : explain SELECT id, c FROM sbtest7 WHERE id BETWEEN 7103142 AND 7103242
	Index Scan using sbtest7_pkey on sbtest7  (cost=0.43..404.34 rows=101 width=125)
	  Index Cond: ((id >= 7103142) AND (id <= 7103242))

table 8 : explain SELECT id, c FROM sbtest8 WHERE id BETWEEN 7103142 AND 7103242
	Index Scan using sbtest8_pkey on sbtest8  (cost=0.43..402.83 rows=101 width=125)
	  Index Cond: ((id >= 7103142) AND (id <= 7103242))

explain: for range-notcovered :: explain SELECT id, c FROM sbtest%d WHERE id BETWEEN 8209008 AND 8209108
explain: for range-notcovered :: explain SELECT id, c FROM sbtest%d WHERE id BETWEEN 4552468 AND 4552568
for range-notcovered
table 1 : explain SELECT id, c FROM sbtest1 WHERE id BETWEEN 5112062 AND 5112162
	Index Scan using sbtest1_pkey on sbtest1  (cost=0.43..380.47 rows=95 width=125)
	  Index Cond: ((id >= 5112062) AND (id <= 5112162))

table 2 : explain SELECT id, c FROM sbtest2 WHERE id BETWEEN 5112062 AND 5112162
	Index Scan using sbtest2_pkey on sbtest2  (cost=0.43..408.01 rows=102 width=125)
	  Index Cond: ((id >= 5112062) AND (id <= 5112162))

table 3 : explain SELECT id, c FROM sbtest3 WHERE id BETWEEN 5112062 AND 5112162
	Index Scan using sbtest3_pkey on sbtest3  (cost=0.43..392.36 rows=98 width=125)
	  Index Cond: ((id >= 5112062) AND (id <= 5112162))

table 4 : explain SELECT id, c FROM sbtest4 WHERE id BETWEEN 5112062 AND 5112162
	Index Scan using sbtest4_pkey on sbtest4  (cost=0.43..431.47 rows=108 width=125)
	  Index Cond: ((id >= 5112062) AND (id <= 5112162))

table 5 : explain SELECT id, c FROM sbtest5 WHERE id BETWEEN 5112062 AND 5112162
	Index Scan using sbtest5_pkey on sbtest5  (cost=0.43..394.47 rows=99 width=125)
	  Index Cond: ((id >= 5112062) AND (id <= 5112162))

table 6 : explain SELECT id, c FROM sbtest6 WHERE id BETWEEN 5112062 AND 5112162
	Index Scan using sbtest6_pkey on sbtest6  (cost=0.43..387.67 rows=97 width=125)
	  Index Cond: ((id >= 5112062) AND (id <= 5112162))

table 7 : explain SELECT id, c FROM sbtest7 WHERE id BETWEEN 5112062 AND 5112162
	Index Scan using sbtest7_pkey on sbtest7  (cost=0.43..400.38 rows=100 width=125)
	  Index Cond: ((id >= 5112062) AND (id <= 5112162))

table 8 : explain SELECT id, c FROM sbtest8 WHERE id BETWEEN 5112062 AND 5112162
	Index Scan using sbtest8_pkey on sbtest8  (cost=0.43..406.78 rows=102 width=125)
	  Index Cond: ((id >= 5112062) AND (id <= 5112162))

explain: for range-notcovered :: explain SELECT id, c FROM sbtest%d WHERE id BETWEEN 5112062 AND 5112162
for range-notcovered
table 1 : explain SELECT id, c FROM sbtest1 WHERE id BETWEEN 5182104 AND 5182204
	Index Scan using sbtest1_pkey on sbtest1  (cost=0.43..380.47 rows=95 width=125)
	  Index Cond: ((id >= 5182104) AND (id <= 5182204))

table 2 : explain SELECT id, c FROM sbtest2 WHERE id BETWEEN 5182104 AND 5182204
	Index Scan using sbtest2_pkey on sbtest2  (cost=0.43..392.17 rows=98 width=125)
	  Index Cond: ((id >= 5182104) AND (id <= 5182204))

table 3 : explain SELECT id, c FROM sbtest3 WHERE id BETWEEN 5182104 AND 5182204
	Index Scan using sbtest3_pkey on sbtest3  (cost=0.43..392.36 rows=98 width=125)
	  Index Cond: ((id >= 5182104) AND (id <= 5182204))

table 4 : explain SELECT id, c FROM sbtest4 WHERE id BETWEEN 5182104 AND 5182204
	Index Scan using sbtest4_pkey on sbtest4  (cost=0.43..399.83 rows=100 width=125)
	  Index Cond: ((id >= 5182104) AND (id <= 5182204))

table 5 : explain SELECT id, c FROM sbtest5 WHERE id BETWEEN 5182104 AND 5182204
	Index Scan using sbtest5_pkey on sbtest5  (cost=0.43..394.47 rows=99 width=125)
	  Index Cond: ((id >= 5182104) AND (id <= 5182204))

table 6 : explain SELECT id, c FROM sbtest6 WHERE id BETWEEN 5182104 AND 5182204
	Index Scan using sbtest6_pkey on sbtest6  (cost=0.43..387.67 rows=97 width=125)
	  Index Cond: ((id >= 5182104) AND (id <= 5182204))

table 7 : explain SELECT id, c FROM sbtest7 WHERE id BETWEEN 5182104 AND 5182204
	Index Scan using sbtest7_pkey on sbtest7  (cost=0.43..404.34 rows=101 width=125)
	  Index Cond: ((id >= 5182104) AND (id <= 5182204))

table 8 : explain SELECT id, c FROM sbtest8 WHERE id BETWEEN 5182104 AND 5182204
	Index Scan using sbtest8_pkey on sbtest8  (cost=0.43..406.78 rows=102 width=125)
	  Index Cond: ((id >= 5182104) AND (id <= 5182204))

for range-notcovered
table 1 : explain SELECT id, c FROM sbtest1 WHERE id BETWEEN 631258 AND 631358
	Index Scan using sbtest1_pkey on sbtest1  (cost=0.43..424.01 rows=106 width=125)
	  Index Cond: ((id >= 631258) AND (id <= 631358))

table 2 : explain SELECT id, c FROM sbtest2 WHERE id BETWEEN 631258 AND 631358
	Index Scan using sbtest2_pkey on sbtest2  (cost=0.43..400.08 rows=100 width=125)
	  Index Cond: ((id >= 631258) AND (id <= 631358))

table 3 : explain SELECT id, c FROM sbtest3 WHERE id BETWEEN 631258 AND 631358
	Index Scan using sbtest3_pkey on sbtest3  (cost=0.43..372.57 rows=93 width=125)
	  Index Cond: ((id >= 631258) AND (id <= 631358))

table 4 : explain SELECT id, c FROM sbtest4 WHERE id BETWEEN 631258 AND 631358
	Index Scan using sbtest4_pkey on sbtest4  (cost=0.43..376.11 rows=94 width=125)
	  Index Cond: ((id >= 631258) AND (id <= 631358))

table 5 : explain SELECT id, c FROM sbtest5 WHERE id BETWEEN 631258 AND 631358
	Index Scan using sbtest5_pkey on sbtest5  (cost=0.43..406.29 rows=102 width=125)
	  Index Cond: ((id >= 631258) AND (id <= 631358))

table 6 : explain SELECT id, c FROM sbtest6 WHERE id BETWEEN 631258 AND 631358
	Index Scan using sbtest6_pkey on sbtest6  (cost=0.43..383.72 rows=96 width=125)
	  Index Cond: ((id >= 631258) AND (id <= 631358))

table 7 : explain SELECT id, c FROM sbtest7 WHERE id BETWEEN 631258 AND 631358
	Index Scan using sbtest7_pkey on sbtest7  (cost=0.43..372.65 rows=93 width=125)
	  Index Cond: ((id >= 631258) AND (id <= 631358))

table 8 : explain SELECT id, c FROM sbtest8 WHERE id BETWEEN 631258 AND 631358
	Index Scan using sbtest8_pkey on sbtest8  (cost=0.43..414.66 rows=104 width=125)
	  Index Cond: ((id >= 631258) AND (id <= 631358))

for range-notcovered
table 1 : explain SELECT id, c FROM sbtest1 WHERE id BETWEEN 5278725 AND 5278825
	Index Scan using sbtest1_pkey on sbtest1  (cost=0.43..368.59 rows=92 width=125)
	  Index Cond: ((id >= 5278725) AND (id <= 5278825))

table 2 : explain SELECT id, c FROM sbtest2 WHERE id BETWEEN 5278725 AND 5278825
	Index Scan using sbtest2_pkey on sbtest2  (cost=0.43..411.96 rows=103 width=125)
	  Index Cond: ((id >= 5278725) AND (id <= 5278825))

table 3 : explain SELECT id, c FROM sbtest3 WHERE id BETWEEN 5278725 AND 5278825
	Index Scan using sbtest3_pkey on sbtest3  (cost=0.43..404.24 rows=101 width=125)
	  Index Cond: ((id >= 5278725) AND (id <= 5278825))

table 4 : explain SELECT id, c FROM sbtest4 WHERE id BETWEEN 5278725 AND 5278825
	Index Scan using sbtest4_pkey on sbtest4  (cost=0.43..395.88 rows=99 width=125)
	  Index Cond: ((id >= 5278725) AND (id <= 5278825))

table 5 : explain SELECT id, c FROM sbtest5 WHERE id BETWEEN 5278725 AND 5278825
	Index Scan using sbtest5_pkey on sbtest5  (cost=0.43..366.88 rows=92 width=125)
	  Index Cond: ((id >= 5278725) AND (id <= 5278825))

table 6 : explain SELECT id, c FROM sbtest6 WHERE id BETWEEN 5278725 AND 5278825
	Index Scan using sbtest6_pkey on sbtest6  (cost=0.43..407.44 rows=102 width=125)
	  Index Cond: ((id >= 5278725) AND (id <= 5278825))

table 7 : explain SELECT id, c FROM sbtest7 WHERE id BETWEEN 5278725 AND 5278825
	Index Scan using sbtest7_pkey on sbtest7  (cost=0.43..404.34 rows=101 width=125)
	  Index Cond: ((id >= 5278725) AND (id <= 5278825))

table 8 : explain SELECT id, c FROM sbtest8 WHERE id BETWEEN 5278725 AND 5278825
	Index Scan using sbtest8_pkey on sbtest8  (cost=0.43..394.93 rows=99 width=125)
	  Index Cond: ((id >= 5278725) AND (id <= 5278825))

explain: for range-notcovered :: explain SELECT id, c FROM sbtest%d WHERE id BETWEEN 5182104 AND 5182204
for range-notcovered
table 1 : explain SELECT id, c FROM sbtest1 WHERE id BETWEEN 1437631 AND 1437731
	Index Scan using sbtest1_pkey on sbtest1  (cost=0.43..396.29 rows=99 width=125)
	  Index Cond: ((id >= 1437631) AND (id <= 1437731))

table 2 : explain SELECT id, c FROM sbtest2 WHERE id BETWEEN 1437631 AND 1437731
	Index Scan using sbtest2_pkey on sbtest2  (cost=0.43..376.35 rows=94 width=125)
	  Index Cond: ((id >= 1437631) AND (id <= 1437731))

table 3 : explain SELECT id, c FROM sbtest3 WHERE id BETWEEN 1437631 AND 1437731
	Index Scan using sbtest3_pkey on sbtest3  (cost=0.43..424.03 rows=106 width=125)
	  Index Cond: ((id >= 1437631) AND (id <= 1437731))

table 4 : explain SELECT id, c FROM sbtest4 WHERE id BETWEEN 1437631 AND 1437731
	Index Scan using sbtest4_pkey on sbtest4  (cost=0.43..407.75 rows=102 width=125)
	  Index Cond: ((id >= 1437631) AND (id <= 1437731))

table 5 : explain SELECT id, c FROM sbtest5 WHERE id BETWEEN 1437631 AND 1437731
	Index Scan using sbtest5_pkey on sbtest5  (cost=0.43..366.88 rows=92 width=125)
	  Index Cond: ((id >= 1437631) AND (id <= 1437731))

table 6 : explain SELECT id, c FROM sbtest6 WHERE id BETWEEN 1437631 AND 1437731
	Index Scan using sbtest6_pkey on sbtest6  (cost=0.43..403.49 rows=101 width=125)
	  Index Cond: ((id >= 1437631) AND (id <= 1437731))

table 7 : explain SELECT id, c FROM sbtest7 WHERE id BETWEEN 1437631 AND 1437731
	Index Scan using sbtest7_pkey on sbtest7  (cost=0.43..380.57 rows=95 width=125)
	  Index Cond: ((id >= 1437631) AND (id <= 1437731))

table 8 : explain SELECT id, c FROM sbtest8 WHERE id BETWEEN 1437631 AND 1437731
	Index Scan using sbtest8_pkey on sbtest8  (cost=0.43..434.38 rows=109 width=125)
	  Index Cond: ((id >= 1437631) AND (id <= 1437731))

explain: for range-notcovered :: explain SELECT id, c FROM sbtest%d WHERE id BETWEEN 1437631 AND 1437731
explain: for range-notcovered :: explain SELECT id, c FROM sbtest%d WHERE id BETWEEN 7103142 AND 7103242
for range-notcovered
table 1 : explain SELECT id, c FROM sbtest1 WHERE id BETWEEN 8209008 AND 8209108
	Index Scan using sbtest1_pkey on sbtest1  (cost=0.43..372.55 rows=93 width=125)
	  Index Cond: ((id >= 8209008) AND (id <= 8209108))

table 2 : explain SELECT id, c FROM sbtest2 WHERE id BETWEEN 8209008 AND 8209108
	Index Scan using sbtest2_pkey on sbtest2  (cost=0.43..396.13 rows=99 width=125)
	  Index Cond: ((id >= 8209008) AND (id <= 8209108))

table 3 : explain SELECT id, c FROM sbtest3 WHERE id BETWEEN 8209008 AND 8209108
	Index Scan using sbtest3_pkey on sbtest3  (cost=0.43..380.48 rows=95 width=125)
	  Index Cond: ((id >= 8209008) AND (id <= 8209108))

table 4 : explain SELECT id, c FROM sbtest4 WHERE id BETWEEN 8209008 AND 8209108
	Index Scan using sbtest4_pkey on sbtest4  (cost=0.43..407.75 rows=102 width=125)
	  Index Cond: ((id >= 8209008) AND (id <= 8209108))

table 5 : explain SELECT id, c FROM sbtest5 WHERE id BETWEEN 8209008 AND 8209108
	Index Scan using sbtest5_pkey on sbtest5  (cost=0.43..406.29 rows=102 width=125)
	  Index Cond: ((id >= 8209008) AND (id <= 8209108))

table 6 : explain SELECT id, c FROM sbtest6 WHERE id BETWEEN 8209008 AND 8209108
	Index Scan using sbtest6_pkey on sbtest6  (cost=0.43..403.49 rows=101 width=125)
	  Index Cond: ((id >= 8209008) AND (id <= 8209108))

table 7 : explain SELECT id, c FROM sbtest7 WHERE id BETWEEN 8209008 AND 8209108
	Index Scan using sbtest7_pkey on sbtest7  (cost=0.43..404.34 rows=101 width=125)
	  Index Cond: ((id >= 8209008) AND (id <= 8209108))

table 8 : explain SELECT id, c FROM sbtest8 WHERE id BETWEEN 8209008 AND 8209108
	Index Scan using sbtest8_pkey on sbtest8  (cost=0.43..430.43 rows=108 width=125)
	  Index Cond: ((id >= 8209008) AND (id <= 8209108))

explain: for range-notcovered :: explain SELECT id, c FROM sbtest%d WHERE id BETWEEN 8209008 AND 8209108
for range-notcovered
table 1 : explain SELECT id, c FROM sbtest1 WHERE id BETWEEN 5112062 AND 5112162
	Index Scan using sbtest1_pkey on sbtest1  (cost=0.43..380.47 rows=95 width=125)
	  Index Cond: ((id >= 5112062) AND (id <= 5112162))

table 2 : explain SELECT id, c FROM sbtest2 WHERE id BETWEEN 5112062 AND 5112162
	Index Scan using sbtest2_pkey on sbtest2  (cost=0.43..408.01 rows=102 width=125)
	  Index Cond: ((id >= 5112062) AND (id <= 5112162))

table 3 : explain SELECT id, c FROM sbtest3 WHERE id BETWEEN 5112062 AND 5112162
	Index Scan using sbtest3_pkey on sbtest3  (cost=0.43..392.36 rows=98 width=125)
	  Index Cond: ((id >= 5112062) AND (id <= 5112162))

table 4 : explain SELECT id, c FROM sbtest4 WHERE id BETWEEN 5112062 AND 5112162
	Index Scan using sbtest4_pkey on sbtest4  (cost=0.43..431.47 rows=108 width=125)
	  Index Cond: ((id >= 5112062) AND (id <= 5112162))

table 5 : explain SELECT id, c FROM sbtest5 WHERE id BETWEEN 5112062 AND 5112162
	Index Scan using sbtest5_pkey on sbtest5  (cost=0.43..394.47 rows=99 width=125)
	  Index Cond: ((id >= 5112062) AND (id <= 5112162))

table 6 : explain SELECT id, c FROM sbtest6 WHERE id BETWEEN 5112062 AND 5112162
	Index Scan using sbtest6_pkey on sbtest6  (cost=0.43..387.67 rows=97 width=125)
	  Index Cond: ((id >= 5112062) AND (id <= 5112162))

table 7 : explain SELECT id, c FROM sbtest7 WHERE id BETWEEN 5112062 AND 5112162
	Index Scan using sbtest7_pkey on sbtest7  (cost=0.43..400.38 rows=100 width=125)
	  Index Cond: ((id >= 5112062) AND (id <= 5112162))

table 8 : explain SELECT id, c FROM sbtest8 WHERE id BETWEEN 5112062 AND 5112162
	Index Scan using sbtest8_pkey on sbtest8  (cost=0.43..406.78 rows=102 width=125)
	  Index Cond: ((id >= 5112062) AND (id <= 5112162))

for range-notcovered
table 1 : explain SELECT id, c FROM sbtest1 WHERE id BETWEEN 5197478 AND 5197578
	Index Scan using sbtest1_pkey on sbtest1  (cost=0.43..368.59 rows=92 width=125)
	  Index Cond: ((id >= 5197478) AND (id <= 5197578))

table 2 : explain SELECT id, c FROM sbtest2 WHERE id BETWEEN 5197478 AND 5197578
	Index Scan using sbtest2_pkey on sbtest2  (cost=0.43..392.17 rows=98 width=125)
	  Index Cond: ((id >= 5197478) AND (id <= 5197578))

table 3 : explain SELECT id, c FROM sbtest3 WHERE id BETWEEN 5197478 AND 5197578
	Index Scan using sbtest3_pkey on sbtest3  (cost=0.43..404.24 rows=101 width=125)
	  Index Cond: ((id >= 5197478) AND (id <= 5197578))

table 4 : explain SELECT id, c FROM sbtest4 WHERE id BETWEEN 5197478 AND 5197578
	Index Scan using sbtest4_pkey on sbtest4  (cost=0.43..399.83 rows=100 width=125)
	  Index Cond: ((id >= 5197478) AND (id <= 5197578))

table 5 : explain SELECT id, c FROM sbtest5 WHERE id BETWEEN 5197478 AND 5197578
	Index Scan using sbtest5_pkey on sbtest5  (cost=0.43..425.98 rows=107 width=125)
	  Index Cond: ((id >= 5197478) AND (id <= 5197578))

table 6 : explain SELECT id, c FROM sbtest6 WHERE id BETWEEN 5197478 AND 5197578
	Index Scan using sbtest6_pkey on sbtest6  (cost=0.43..387.67 rows=97 width=125)
	  Index Cond: ((id >= 5197478) AND (id <= 5197578))

table 7 : explain SELECT id, c FROM sbtest7 WHERE id BETWEEN 5197478 AND 5197578
	Index Scan using sbtest7_pkey on sbtest7  (cost=0.43..404.34 rows=101 width=125)
	  Index Cond: ((id >= 5197478) AND (id <= 5197578))

table 8 : explain SELECT id, c FROM sbtest8 WHERE id BETWEEN 5197478 AND 5197578
	Index Scan using sbtest8_pkey on sbtest8  (cost=0.43..406.78 rows=102 width=125)
	  Index Cond: ((id >= 5197478) AND (id <= 5197578))

explain: for range-notcovered :: explain SELECT id, c FROM sbtest%d WHERE id BETWEEN 5112062 AND 5112162
explain: for range-notcovered :: explain SELECT id, c FROM sbtest%d WHERE id BETWEEN 5197478 AND 5197578
for range-notcovered
table 1 : explain SELECT id, c FROM sbtest1 WHERE id BETWEEN 5182104 AND 5182204
	Index Scan using sbtest1_pkey on sbtest1  (cost=0.43..380.47 rows=95 width=125)
	  Index Cond: ((id >= 5182104) AND (id <= 5182204))

table 2 : explain SELECT id, c FROM sbtest2 WHERE id BETWEEN 5182104 AND 5182204
	Index Scan using sbtest2_pkey on sbtest2  (cost=0.43..392.17 rows=98 width=125)
	  Index Cond: ((id >= 5182104) AND (id <= 5182204))

table 3 : explain SELECT id, c FROM sbtest3 WHERE id BETWEEN 5182104 AND 5182204
	Index Scan using sbtest3_pkey on sbtest3  (cost=0.43..392.36 rows=98 width=125)
	  Index Cond: ((id >= 5182104) AND (id <= 5182204))

table 4 : explain SELECT id, c FROM sbtest4 WHERE id BETWEEN 5182104 AND 5182204
	Index Scan using sbtest4_pkey on sbtest4  (cost=0.43..399.83 rows=100 width=125)
	  Index Cond: ((id >= 5182104) AND (id <= 5182204))

table 5 : explain SELECT id, c FROM sbtest5 WHERE id BETWEEN 5182104 AND 5182204
	Index Scan using sbtest5_pkey on sbtest5  (cost=0.43..394.47 rows=99 width=125)
	  Index Cond: ((id >= 5182104) AND (id <= 5182204))

table 6 : explain SELECT id, c FROM sbtest6 WHERE id BETWEEN 5182104 AND 5182204
	Index Scan using sbtest6_pkey on sbtest6  (cost=0.43..387.67 rows=97 width=125)
	  Index Cond: ((id >= 5182104) AND (id <= 5182204))

table 7 : explain SELECT id, c FROM sbtest7 WHERE id BETWEEN 5182104 AND 5182204
	Index Scan using sbtest7_pkey on sbtest7  (cost=0.43..404.34 rows=101 width=125)
	  Index Cond: ((id >= 5182104) AND (id <= 5182204))

table 8 : explain SELECT id, c FROM sbtest8 WHERE id BETWEEN 5182104 AND 5182204
	Index Scan using sbtest8_pkey on sbtest8  (cost=0.43..406.78 rows=102 width=125)
	  Index Cond: ((id >= 5182104) AND (id <= 5182204))

explain: for range-notcovered :: explain SELECT id, c FROM sbtest%d WHERE id BETWEEN 5182104 AND 5182204
for range-notcovered
table 1 : explain SELECT id, c FROM sbtest1 WHERE id BETWEEN 1437631 AND 1437731
	Index Scan using sbtest1_pkey on sbtest1  (cost=0.43..396.29 rows=99 width=125)
	  Index Cond: ((id >= 1437631) AND (id <= 1437731))

table 2 : explain SELECT id, c FROM sbtest2 WHERE id BETWEEN 1437631 AND 1437731
	Index Scan using sbtest2_pkey on sbtest2  (cost=0.43..376.35 rows=94 width=125)
	  Index Cond: ((id >= 1437631) AND (id <= 1437731))

table 3 : explain SELECT id, c FROM sbtest3 WHERE id BETWEEN 1437631 AND 1437731
	Index Scan using sbtest3_pkey on sbtest3  (cost=0.43..424.03 rows=106 width=125)
	  Index Cond: ((id >= 1437631) AND (id <= 1437731))

table 4 : explain SELECT id, c FROM sbtest4 WHERE id BETWEEN 1437631 AND 1437731
	Index Scan using sbtest4_pkey on sbtest4  (cost=0.43..407.75 rows=102 width=125)
	  Index Cond: ((id >= 1437631) AND (id <= 1437731))

table 5 : explain SELECT id, c FROM sbtest5 WHERE id BETWEEN 1437631 AND 1437731
	Index Scan using sbtest5_pkey on sbtest5  (cost=0.43..366.88 rows=92 width=125)
	  Index Cond: ((id >= 1437631) AND (id <= 1437731))

table 6 : explain SELECT id, c FROM sbtest6 WHERE id BETWEEN 1437631 AND 1437731
	Index Scan using sbtest6_pkey on sbtest6  (cost=0.43..403.49 rows=101 width=125)
	  Index Cond: ((id >= 1437631) AND (id <= 1437731))

table 7 : explain SELECT id, c FROM sbtest7 WHERE id BETWEEN 1437631 AND 1437731
	Index Scan using sbtest7_pkey on sbtest7  (cost=0.43..380.57 rows=95 width=125)
	  Index Cond: ((id >= 1437631) AND (id <= 1437731))

table 8 : explain SELECT id, c FROM sbtest8 WHERE id BETWEEN 1437631 AND 1437731
	Index Scan using sbtest8_pkey on sbtest8  (cost=0.43..434.38 rows=109 width=125)
	  Index Cond: ((id >= 1437631) AND (id <= 1437731))

for range-notcovered
table 1 : explain SELECT id, c FROM sbtest1 WHERE id BETWEEN 7103142 AND 7103242
	Index Scan using sbtest1_pkey on sbtest1  (cost=0.43..400.25 rows=100 width=125)
	  Index Cond: ((id >= 7103142) AND (id <= 7103242))

table 2 : explain SELECT id, c FROM sbtest2 WHERE id BETWEEN 7103142 AND 7103242
	Index Scan using sbtest2_pkey on sbtest2  (cost=0.43..408.01 rows=102 width=125)
	  Index Cond: ((id >= 7103142) AND (id <= 7103242))

table 3 : explain SELECT id, c FROM sbtest3 WHERE id BETWEEN 7103142 AND 7103242
	Index Scan using sbtest3_pkey on sbtest3  (cost=0.43..404.24 rows=101 width=125)
	  Index Cond: ((id >= 7103142) AND (id <= 7103242))

table 4 : explain SELECT id, c FROM sbtest4 WHERE id BETWEEN 7103142 AND 7103242
	Index Scan using sbtest4_pkey on sbtest4  (cost=0.43..399.83 rows=100 width=125)
	  Index Cond: ((id >= 7103142) AND (id <= 7103242))

table 5 : explain SELECT id, c FROM sbtest5 WHERE id BETWEEN 7103142 AND 7103242
	Index Scan using sbtest5_pkey on sbtest5  (cost=0.43..457.49 rows=115 width=125)
	  Index Cond: ((id >= 7103142) AND (id <= 7103242))

table 6 : explain SELECT id, c FROM sbtest6 WHERE id BETWEEN 7103142 AND 7103242
	Index Scan using sbtest6_pkey on sbtest6  (cost=0.43..391.62 rows=98 width=125)
	  Index Cond: ((id >= 7103142) AND (id <= 7103242))

table 7 : explain SELECT id, c FROM sbtest7 WHERE id BETWEEN 7103142 AND 7103242
	Index Scan using sbtest7_pkey on sbtest7  (cost=0.43..404.34 rows=101 width=125)
	  Index Cond: ((id >= 7103142) AND (id <= 7103242))

table 8 : explain SELECT id, c FROM sbtest8 WHERE id BETWEEN 7103142 AND 7103242
	Index Scan using sbtest8_pkey on sbtest8  (cost=0.43..402.83 rows=101 width=125)
	  Index Cond: ((id >= 7103142) AND (id <= 7103242))

explain: for range-notcovered :: explain SELECT id, c FROM sbtest%d WHERE id BETWEEN 1437631 AND 1437731
explain: for range-notcovered :: explain SELECT id, c FROM sbtest%d WHERE id BETWEEN 7103142 AND 7103242
for range-notcovered
table 1 : explain SELECT id, c FROM sbtest1 WHERE id BETWEEN 8209008 AND 8209108
	Index Scan using sbtest1_pkey on sbtest1  (cost=0.43..372.55 rows=93 width=125)
	  Index Cond: ((id >= 8209008) AND (id <= 8209108))

table 2 : explain SELECT id, c FROM sbtest2 WHERE id BETWEEN 8209008 AND 8209108
	Index Scan using sbtest2_pkey on sbtest2  (cost=0.43..396.13 rows=99 width=125)
	  Index Cond: ((id >= 8209008) AND (id <= 8209108))

table 3 : explain SELECT id, c FROM sbtest3 WHERE id BETWEEN 8209008 AND 8209108
	Index Scan using sbtest3_pkey on sbtest3  (cost=0.43..380.48 rows=95 width=125)
	  Index Cond: ((id >= 8209008) AND (id <= 8209108))

table 4 : explain SELECT id, c FROM sbtest4 WHERE id BETWEEN 8209008 AND 8209108
	Index Scan using sbtest4_pkey on sbtest4  (cost=0.43..407.75 rows=102 width=125)
	  Index Cond: ((id >= 8209008) AND (id <= 8209108))

table 5 : explain SELECT id, c FROM sbtest5 WHERE id BETWEEN 8209008 AND 8209108
	Index Scan using sbtest5_pkey on sbtest5  (cost=0.43..406.29 rows=102 width=125)
	  Index Cond: ((id >= 8209008) AND (id <= 8209108))

table 6 : explain SELECT id, c FROM sbtest6 WHERE id BETWEEN 8209008 AND 8209108
	Index Scan using sbtest6_pkey on sbtest6  (cost=0.43..403.49 rows=101 width=125)
	  Index Cond: ((id >= 8209008) AND (id <= 8209108))

table 7 : explain SELECT id, c FROM sbtest7 WHERE id BETWEEN 8209008 AND 8209108
	Index Scan using sbtest7_pkey on sbtest7  (cost=0.43..404.34 rows=101 width=125)
	  Index Cond: ((id >= 8209008) AND (id <= 8209108))

table 8 : explain SELECT id, c FROM sbtest8 WHERE id BETWEEN 8209008 AND 8209108
	Index Scan using sbtest8_pkey on sbtest8  (cost=0.43..430.43 rows=108 width=125)
	  Index Cond: ((id >= 8209008) AND (id <= 8209108))

explain: for range-notcovered :: explain SELECT id, c FROM sbtest%d WHERE id BETWEEN 8209008 AND 8209108
for range-notcovered
table 1 : explain SELECT id, c FROM sbtest1 WHERE id BETWEEN 5197478 AND 5197578
	Index Scan using sbtest1_pkey on sbtest1  (cost=0.43..368.59 rows=92 width=125)
	  Index Cond: ((id >= 5197478) AND (id <= 5197578))

table 2 : explain SELECT id, c FROM sbtest2 WHERE id BETWEEN 5197478 AND 5197578
	Index Scan using sbtest2_pkey on sbtest2  (cost=0.43..392.17 rows=98 width=125)
	  Index Cond: ((id >= 5197478) AND (id <= 5197578))

table 3 : explain SELECT id, c FROM sbtest3 WHERE id BETWEEN 5197478 AND 5197578
	Index Scan using sbtest3_pkey on sbtest3  (cost=0.43..404.24 rows=101 width=125)
	  Index Cond: ((id >= 5197478) AND (id <= 5197578))

table 4 : explain SELECT id, c FROM sbtest4 WHERE id BETWEEN 5197478 AND 5197578
	Index Scan using sbtest4_pkey on sbtest4  (cost=0.43..399.83 rows=100 width=125)
	  Index Cond: ((id >= 5197478) AND (id <= 5197578))

table 5 : explain SELECT id, c FROM sbtest5 WHERE id BETWEEN 5197478 AND 5197578
	Index Scan using sbtest5_pkey on sbtest5  (cost=0.43..425.98 rows=107 width=125)
	  Index Cond: ((id >= 5197478) AND (id <= 5197578))

table 6 : explain SELECT id, c FROM sbtest6 WHERE id BETWEEN 5197478 AND 5197578
	Index Scan using sbtest6_pkey on sbtest6  (cost=0.43..387.67 rows=97 width=125)
	  Index Cond: ((id >= 5197478) AND (id <= 5197578))

table 7 : explain SELECT id, c FROM sbtest7 WHERE id BETWEEN 5197478 AND 5197578
	Index Scan using sbtest7_pkey on sbtest7  (cost=0.43..404.34 rows=101 width=125)
	  Index Cond: ((id >= 5197478) AND (id <= 5197578))

table 8 : explain SELECT id, c FROM sbtest8 WHERE id BETWEEN 5197478 AND 5197578
	Index Scan using sbtest8_pkey on sbtest8  (cost=0.43..406.78 rows=102 width=125)
	  Index Cond: ((id >= 5197478) AND (id <= 5197578))

explain: for range-notcovered :: explain SELECT id, c FROM sbtest%d WHERE id BETWEEN 5197478 AND 5197578
for range-notcovered
table 1 : explain SELECT id, c FROM sbtest1 WHERE id BETWEEN 5182104 AND 5182204
	Index Scan using sbtest1_pkey on sbtest1  (cost=0.43..380.47 rows=95 width=125)
	  Index Cond: ((id >= 5182104) AND (id <= 5182204))

table 2 : explain SELECT id, c FROM sbtest2 WHERE id BETWEEN 5182104 AND 5182204
	Index Scan using sbtest2_pkey on sbtest2  (cost=0.43..392.17 rows=98 width=125)
	  Index Cond: ((id >= 5182104) AND (id <= 5182204))

table 3 : explain SELECT id, c FROM sbtest3 WHERE id BETWEEN 5182104 AND 5182204
	Index Scan using sbtest3_pkey on sbtest3  (cost=0.43..392.36 rows=98 width=125)
	  Index Cond: ((id >= 5182104) AND (id <= 5182204))

table 4 : explain SELECT id, c FROM sbtest4 WHERE id BETWEEN 5182104 AND 5182204
	Index Scan using sbtest4_pkey on sbtest4  (cost=0.43..399.83 rows=100 width=125)
	  Index Cond: ((id >= 5182104) AND (id <= 5182204))

table 5 : explain SELECT id, c FROM sbtest5 WHERE id BETWEEN 5182104 AND 5182204
	Index Scan using sbtest5_pkey on sbtest5  (cost=0.43..394.47 rows=99 width=125)
	  Index Cond: ((id >= 5182104) AND (id <= 5182204))

table 6 : explain SELECT id, c FROM sbtest6 WHERE id BETWEEN 5182104 AND 5182204
	Index Scan using sbtest6_pkey on sbtest6  (cost=0.43..387.67 rows=97 width=125)
	  Index Cond: ((id >= 5182104) AND (id <= 5182204))

table 7 : explain SELECT id, c FROM sbtest7 WHERE id BETWEEN 5182104 AND 5182204
	Index Scan using sbtest7_pkey on sbtest7  (cost=0.43..404.34 rows=101 width=125)
	  Index Cond: ((id >= 5182104) AND (id <= 5182204))

table 8 : explain SELECT id, c FROM sbtest8 WHERE id BETWEEN 5182104 AND 5182204
	Index Scan using sbtest8_pkey on sbtest8  (cost=0.43..406.78 rows=102 width=125)
	  Index Cond: ((id >= 5182104) AND (id <= 5182204))

for range-notcovered
table 1 : explain SELECT id, c FROM sbtest1 WHERE id BETWEEN 1437631 AND 1437731
	Index Scan using sbtest1_pkey on sbtest1  (cost=0.43..396.29 rows=99 width=125)
	  Index Cond: ((id >= 1437631) AND (id <= 1437731))

table 2 : explain SELECT id, c FROM sbtest2 WHERE id BETWEEN 1437631 AND 1437731
	Index Scan using sbtest2_pkey on sbtest2  (cost=0.43..376.35 rows=94 width=125)
	  Index Cond: ((id >= 1437631) AND (id <= 1437731))

table 3 : explain SELECT id, c FROM sbtest3 WHERE id BETWEEN 1437631 AND 1437731
	Index Scan using sbtest3_pkey on sbtest3  (cost=0.43..424.03 rows=106 width=125)
	  Index Cond: ((id >= 1437631) AND (id <= 1437731))

table 4 : explain SELECT id, c FROM sbtest4 WHERE id BETWEEN 1437631 AND 1437731
	Index Scan using sbtest4_pkey on sbtest4  (cost=0.43..407.75 rows=102 width=125)
	  Index Cond: ((id >= 1437631) AND (id <= 1437731))

table 5 : explain SELECT id, c FROM sbtest5 WHERE id BETWEEN 1437631 AND 1437731
	Index Scan using sbtest5_pkey on sbtest5  (cost=0.43..366.88 rows=92 width=125)
	  Index Cond: ((id >= 1437631) AND (id <= 1437731))

table 6 : explain SELECT id, c FROM sbtest6 WHERE id BETWEEN 1437631 AND 1437731
	Index Scan using sbtest6_pkey on sbtest6  (cost=0.43..403.49 rows=101 width=125)
	  Index Cond: ((id >= 1437631) AND (id <= 1437731))

table 7 : explain SELECT id, c FROM sbtest7 WHERE id BETWEEN 1437631 AND 1437731
	Index Scan using sbtest7_pkey on sbtest7  (cost=0.43..380.57 rows=95 width=125)
	  Index Cond: ((id >= 1437631) AND (id <= 1437731))

table 8 : explain SELECT id, c FROM sbtest8 WHERE id BETWEEN 1437631 AND 1437731
	Index Scan using sbtest8_pkey on sbtest8  (cost=0.43..434.38 rows=109 width=125)
	  Index Cond: ((id >= 1437631) AND (id <= 1437731))

for range-notcovered
table 1 : explain SELECT id, c FROM sbtest1 WHERE id BETWEEN 7103142 AND 7103242
	Index Scan using sbtest1_pkey on sbtest1  (cost=0.43..400.25 rows=100 width=125)
	  Index Cond: ((id >= 7103142) AND (id <= 7103242))

table 2 : explain SELECT id, c FROM sbtest2 WHERE id BETWEEN 7103142 AND 7103242
	Index Scan using sbtest2_pkey on sbtest2  (cost=0.43..408.01 rows=102 width=125)
	  Index Cond: ((id >= 7103142) AND (id <= 7103242))

table 3 : explain SELECT id, c FROM sbtest3 WHERE id BETWEEN 7103142 AND 7103242
	Index Scan using sbtest3_pkey on sbtest3  (cost=0.43..404.24 rows=101 width=125)
	  Index Cond: ((id >= 7103142) AND (id <= 7103242))

table 4 : explain SELECT id, c FROM sbtest4 WHERE id BETWEEN 7103142 AND 7103242
	Index Scan using sbtest4_pkey on sbtest4  (cost=0.43..399.83 rows=100 width=125)
	  Index Cond: ((id >= 7103142) AND (id <= 7103242))

table 5 : explain SELECT id, c FROM sbtest5 WHERE id BETWEEN 7103142 AND 7103242
	Index Scan using sbtest5_pkey on sbtest5  (cost=0.43..457.49 rows=115 width=125)
	  Index Cond: ((id >= 7103142) AND (id <= 7103242))

table 6 : explain SELECT id, c FROM sbtest6 WHERE id BETWEEN 7103142 AND 7103242
	Index Scan using sbtest6_pkey on sbtest6  (cost=0.43..391.62 rows=98 width=125)
	  Index Cond: ((id >= 7103142) AND (id <= 7103242))

table 7 : explain SELECT id, c FROM sbtest7 WHERE id BETWEEN 7103142 AND 7103242
	Index Scan using sbtest7_pkey on sbtest7  (cost=0.43..404.34 rows=101 width=125)
	  Index Cond: ((id >= 7103142) AND (id <= 7103242))

table 8 : explain SELECT id, c FROM sbtest8 WHERE id BETWEEN 7103142 AND 7103242
	Index Scan using sbtest8_pkey on sbtest8  (cost=0.43..402.83 rows=101 width=125)
	  Index Cond: ((id >= 7103142) AND (id <= 7103242))

explain: for range-notcovered :: explain SELECT id, c FROM sbtest%d WHERE id BETWEEN 1437631 AND 1437731
for range-notcovered
table 1 : explain SELECT id, c FROM sbtest1 WHERE id BETWEEN 8209008 AND 8209108
	Index Scan using sbtest1_pkey on sbtest1  (cost=0.43..372.55 rows=93 width=125)
	  Index Cond: ((id >= 8209008) AND (id <= 8209108))

table 2 : explain SELECT id, c FROM sbtest2 WHERE id BETWEEN 8209008 AND 8209108
	Index Scan using sbtest2_pkey on sbtest2  (cost=0.43..396.13 rows=99 width=125)
	  Index Cond: ((id >= 8209008) AND (id <= 8209108))

table 3 : explain SELECT id, c FROM sbtest3 WHERE id BETWEEN 8209008 AND 8209108
	Index Scan using sbtest3_pkey on sbtest3  (cost=0.43..380.48 rows=95 width=125)
	  Index Cond: ((id >= 8209008) AND (id <= 8209108))

table 4 : explain SELECT id, c FROM sbtest4 WHERE id BETWEEN 8209008 AND 8209108
	Index Scan using sbtest4_pkey on sbtest4  (cost=0.43..407.75 rows=102 width=125)
	  Index Cond: ((id >= 8209008) AND (id <= 8209108))

table 5 : explain SELECT id, c FROM sbtest5 WHERE id BETWEEN 8209008 AND 8209108
	Index Scan using sbtest5_pkey on sbtest5  (cost=0.43..406.29 rows=102 width=125)
	  Index Cond: ((id >= 8209008) AND (id <= 8209108))

table 6 : explain SELECT id, c FROM sbtest6 WHERE id BETWEEN 8209008 AND 8209108
	Index Scan using sbtest6_pkey on sbtest6  (cost=0.43..403.49 rows=101 width=125)
	  Index Cond: ((id >= 8209008) AND (id <= 8209108))

table 7 : explain SELECT id, c FROM sbtest7 WHERE id BETWEEN 8209008 AND 8209108
	Index Scan using sbtest7_pkey on sbtest7  (cost=0.43..404.34 rows=101 width=125)
	  Index Cond: ((id >= 8209008) AND (id <= 8209108))

table 8 : explain SELECT id, c FROM sbtest8 WHERE id BETWEEN 8209008 AND 8209108
	Index Scan using sbtest8_pkey on sbtest8  (cost=0.43..430.43 rows=108 width=125)
	  Index Cond: ((id >= 8209008) AND (id <= 8209108))

explain: for range-notcovered :: explain SELECT id, c FROM sbtest%d WHERE id BETWEEN 8209008 AND 8209108
for range-notcovered
table 1 : explain SELECT id, c FROM sbtest1 WHERE id BETWEEN 5197478 AND 5197578
	Index Scan using sbtest1_pkey on sbtest1  (cost=0.43..368.59 rows=92 width=125)
	  Index Cond: ((id >= 5197478) AND (id <= 5197578))

table 2 : explain SELECT id, c FROM sbtest2 WHERE id BETWEEN 5197478 AND 5197578
	Index Scan using sbtest2_pkey on sbtest2  (cost=0.43..392.17 rows=98 width=125)
	  Index Cond: ((id >= 5197478) AND (id <= 5197578))

table 3 : explain SELECT id, c FROM sbtest3 WHERE id BETWEEN 5197478 AND 5197578
	Index Scan using sbtest3_pkey on sbtest3  (cost=0.43..404.24 rows=101 width=125)
	  Index Cond: ((id >= 5197478) AND (id <= 5197578))

table 4 : explain SELECT id, c FROM sbtest4 WHERE id BETWEEN 5197478 AND 5197578
	Index Scan using sbtest4_pkey on sbtest4  (cost=0.43..399.83 rows=100 width=125)
	  Index Cond: ((id >= 5197478) AND (id <= 5197578))

table 5 : explain SELECT id, c FROM sbtest5 WHERE id BETWEEN 5197478 AND 5197578
	Index Scan using sbtest5_pkey on sbtest5  (cost=0.43..425.98 rows=107 width=125)
	  Index Cond: ((id >= 5197478) AND (id <= 5197578))

table 6 : explain SELECT id, c FROM sbtest6 WHERE id BETWEEN 5197478 AND 5197578
	Index Scan using sbtest6_pkey on sbtest6  (cost=0.43..387.67 rows=97 width=125)
	  Index Cond: ((id >= 5197478) AND (id <= 5197578))

table 7 : explain SELECT id, c FROM sbtest7 WHERE id BETWEEN 5197478 AND 5197578
	Index Scan using sbtest7_pkey on sbtest7  (cost=0.43..404.34 rows=101 width=125)
	  Index Cond: ((id >= 5197478) AND (id <= 5197578))

table 8 : explain SELECT id, c FROM sbtest8 WHERE id BETWEEN 5197478 AND 5197578
	Index Scan using sbtest8_pkey on sbtest8  (cost=0.43..406.78 rows=102 width=125)
	  Index Cond: ((id >= 5197478) AND (id <= 5197578))

explain: for range-notcovered :: explain SELECT id, c FROM sbtest%d WHERE id BETWEEN 5197478 AND 5197578
explain: for range-notcovered :: explain SELECT id, c FROM sbtest%d WHERE id BETWEEN 7347691 AND 7347791
for range-notcovered
table 1 : explain SELECT id, c FROM sbtest1 WHERE id BETWEEN 1437631 AND 1437731
	Index Scan using sbtest1_pkey on sbtest1  (cost=0.43..396.29 rows=99 width=125)
	  Index Cond: ((id >= 1437631) AND (id <= 1437731))

table 2 : explain SELECT id, c FROM sbtest2 WHERE id BETWEEN 1437631 AND 1437731
	Index Scan using sbtest2_pkey on sbtest2  (cost=0.43..376.35 rows=94 width=125)
	  Index Cond: ((id >= 1437631) AND (id <= 1437731))

table 3 : explain SELECT id, c FROM sbtest3 WHERE id BETWEEN 1437631 AND 1437731
	Index Scan using sbtest3_pkey on sbtest3  (cost=0.43..424.03 rows=106 width=125)
	  Index Cond: ((id >= 1437631) AND (id <= 1437731))

table 4 : explain SELECT id, c FROM sbtest4 WHERE id BETWEEN 1437631 AND 1437731
	Index Scan using sbtest4_pkey on sbtest4  (cost=0.43..407.75 rows=102 width=125)
	  Index Cond: ((id >= 1437631) AND (id <= 1437731))

table 5 : explain SELECT id, c FROM sbtest5 WHERE id BETWEEN 1437631 AND 1437731
	Index Scan using sbtest5_pkey on sbtest5  (cost=0.43..366.88 rows=92 width=125)
	  Index Cond: ((id >= 1437631) AND (id <= 1437731))

table 6 : explain SELECT id, c FROM sbtest6 WHERE id BETWEEN 1437631 AND 1437731
	Index Scan using sbtest6_pkey on sbtest6  (cost=0.43..403.49 rows=101 width=125)
	  Index Cond: ((id >= 1437631) AND (id <= 1437731))

table 7 : explain SELECT id, c FROM sbtest7 WHERE id BETWEEN 1437631 AND 1437731
	Index Scan using sbtest7_pkey on sbtest7  (cost=0.43..380.57 rows=95 width=125)
	  Index Cond: ((id >= 1437631) AND (id <= 1437731))

table 8 : explain SELECT id, c FROM sbtest8 WHERE id BETWEEN 1437631 AND 1437731
	Index Scan using sbtest8_pkey on sbtest8  (cost=0.43..434.38 rows=109 width=125)
	  Index Cond: ((id >= 1437631) AND (id <= 1437731))

explain: for range-notcovered :: explain SELECT id, c FROM sbtest%d WHERE id BETWEEN 1437631 AND 1437731
for range-notcovered
table 1 : explain SELECT id, c FROM sbtest1 WHERE id BETWEEN 5112062 AND 5112162
	Index Scan using sbtest1_pkey on sbtest1  (cost=0.43..380.47 rows=95 width=125)
	  Index Cond: ((id >= 5112062) AND (id <= 5112162))

table 2 : explain SELECT id, c FROM sbtest2 WHERE id BETWEEN 5112062 AND 5112162
	Index Scan using sbtest2_pkey on sbtest2  (cost=0.43..408.01 rows=102 width=125)
	  Index Cond: ((id >= 5112062) AND (id <= 5112162))

table 3 : explain SELECT id, c FROM sbtest3 WHERE id BETWEEN 5112062 AND 5112162
	Index Scan using sbtest3_pkey on sbtest3  (cost=0.43..392.36 rows=98 width=125)
	  Index Cond: ((id >= 5112062) AND (id <= 5112162))

table 4 : explain SELECT id, c FROM sbtest4 WHERE id BETWEEN 5112062 AND 5112162
	Index Scan using sbtest4_pkey on sbtest4  (cost=0.43..431.47 rows=108 width=125)
	  Index Cond: ((id >= 5112062) AND (id <= 5112162))

table 5 : explain SELECT id, c FROM sbtest5 WHERE id BETWEEN 5112062 AND 5112162
	Index Scan using sbtest5_pkey on sbtest5  (cost=0.43..394.47 rows=99 width=125)
	  Index Cond: ((id >= 5112062) AND (id <= 5112162))

table 6 : explain SELECT id, c FROM sbtest6 WHERE id BETWEEN 5112062 AND 5112162
	Index Scan using sbtest6_pkey on sbtest6  (cost=0.43..387.67 rows=97 width=125)
	  Index Cond: ((id >= 5112062) AND (id <= 5112162))

table 7 : explain SELECT id, c FROM sbtest7 WHERE id BETWEEN 5112062 AND 5112162
	Index Scan using sbtest7_pkey on sbtest7  (cost=0.43..400.38 rows=100 width=125)
	  Index Cond: ((id >= 5112062) AND (id <= 5112162))

table 8 : explain SELECT id, c FROM sbtest8 WHERE id BETWEEN 5112062 AND 5112162
	Index Scan using sbtest8_pkey on sbtest8  (cost=0.43..406.78 rows=102 width=125)
	  Index Cond: ((id >= 5112062) AND (id <= 5112162))

for range-notcovered
table 1 : explain SELECT id, c FROM sbtest1 WHERE id BETWEEN 3282202 AND 3282302
	Index Scan using sbtest1_pkey on sbtest1  (cost=0.43..388.38 rows=97 width=125)
	  Index Cond: ((id >= 3282202) AND (id <= 3282302))

table 2 : explain SELECT id, c FROM sbtest2 WHERE id BETWEEN 3282202 AND 3282302
	Index Scan using sbtest2_pkey on sbtest2  (cost=0.43..411.96 rows=103 width=125)
	  Index Cond: ((id >= 3282202) AND (id <= 3282302))

table 3 : explain SELECT id, c FROM sbtest3 WHERE id BETWEEN 3282202 AND 3282302
	Index Scan using sbtest3_pkey on sbtest3  (cost=0.43..396.31 rows=99 width=125)
	  Index Cond: ((id >= 3282202) AND (id <= 3282302))

table 4 : explain SELECT id, c FROM sbtest4 WHERE id BETWEEN 3282202 AND 3282302
	Index Scan using sbtest4_pkey on sbtest4  (cost=0.43..411.71 rows=103 width=125)
	  Index Cond: ((id >= 3282202) AND (id <= 3282302))

table 5 : explain SELECT id, c FROM sbtest5 WHERE id BETWEEN 3282202 AND 3282302
	Index Scan using sbtest5_pkey on sbtest5  (cost=0.43..453.55 rows=114 width=125)
	  Index Cond: ((id >= 3282202) AND (id <= 3282302))

table 6 : explain SELECT id, c FROM sbtest6 WHERE id BETWEEN 3282202 AND 3282302
	Index Scan using sbtest6_pkey on sbtest6  (cost=0.43..391.62 rows=98 width=125)
	  Index Cond: ((id >= 3282202) AND (id <= 3282302))

table 7 : explain SELECT id, c FROM sbtest7 WHERE id BETWEEN 3282202 AND 3282302
	Index Scan using sbtest7_pkey on sbtest7  (cost=0.43..404.34 rows=101 width=125)
	  Index Cond: ((id >= 3282202) AND (id <= 3282302))

table 8 : explain SELECT id, c FROM sbtest8 WHERE id BETWEEN 3282202 AND 3282302
	Index Scan using sbtest8_pkey on sbtest8  (cost=0.43..438.32 rows=110 width=125)
	  Index Cond: ((id >= 3282202) AND (id <= 3282302))

for range-notcovered
table 1 : explain SELECT id, c FROM sbtest1 WHERE id BETWEEN 8209008 AND 8209108
	Index Scan using sbtest1_pkey on sbtest1  (cost=0.43..372.55 rows=93 width=125)
	  Index Cond: ((id >= 8209008) AND (id <= 8209108))

table 2 : explain SELECT id, c FROM sbtest2 WHERE id BETWEEN 8209008 AND 8209108
	Index Scan using sbtest2_pkey on sbtest2  (cost=0.43..396.13 rows=99 width=125)
	  Index Cond: ((id >= 8209008) AND (id <= 8209108))

table 3 : explain SELECT id, c FROM sbtest3 WHERE id BETWEEN 8209008 AND 8209108
	Index Scan using sbtest3_pkey on sbtest3  (cost=0.43..380.48 rows=95 width=125)
	  Index Cond: ((id >= 8209008) AND (id <= 8209108))

table 4 : explain SELECT id, c FROM sbtest4 WHERE id BETWEEN 8209008 AND 8209108
	Index Scan using sbtest4_pkey on sbtest4  (cost=0.43..407.75 rows=102 width=125)
	  Index Cond: ((id >= 8209008) AND (id <= 8209108))

table 5 : explain SELECT id, c FROM sbtest5 WHERE id BETWEEN 8209008 AND 8209108
	Index Scan using sbtest5_pkey on sbtest5  (cost=0.43..406.29 rows=102 width=125)
	  Index Cond: ((id >= 8209008) AND (id <= 8209108))

table 6 : explain SELECT id, c FROM sbtest6 WHERE id BETWEEN 8209008 AND 8209108
	Index Scan using sbtest6_pkey on sbtest6  (cost=0.43..403.49 rows=101 width=125)
	  Index Cond: ((id >= 8209008) AND (id <= 8209108))

table 7 : explain SELECT id, c FROM sbtest7 WHERE id BETWEEN 8209008 AND 8209108
	Index Scan using sbtest7_pkey on sbtest7  (cost=0.43..404.34 rows=101 width=125)
	  Index Cond: ((id >= 8209008) AND (id <= 8209108))

table 8 : explain SELECT id, c FROM sbtest8 WHERE id BETWEEN 8209008 AND 8209108
	Index Scan using sbtest8_pkey on sbtest8  (cost=0.43..430.43 rows=108 width=125)
	  Index Cond: ((id >= 8209008) AND (id <= 8209108))

explain: for range-notcovered :: explain SELECT id, c FROM sbtest%d WHERE id BETWEEN 3282202 AND 3282302
explain: for range-notcovered :: explain SELECT id, c FROM sbtest%d WHERE id BETWEEN 5112062 AND 5112162
for range-notcovered
table 1 : explain SELECT id, c FROM sbtest1 WHERE id BETWEEN 5197478 AND 5197578
	Index Scan using sbtest1_pkey on sbtest1  (cost=0.43..368.59 rows=92 width=125)
	  Index Cond: ((id >= 5197478) AND (id <= 5197578))

table 2 : explain SELECT id, c FROM sbtest2 WHERE id BETWEEN 5197478 AND 5197578
	Index Scan using sbtest2_pkey on sbtest2  (cost=0.43..392.17 rows=98 width=125)
	  Index Cond: ((id >= 5197478) AND (id <= 5197578))

table 3 : explain SELECT id, c FROM sbtest3 WHERE id BETWEEN 5197478 AND 5197578
	Index Scan using sbtest3_pkey on sbtest3  (cost=0.43..404.24 rows=101 width=125)
	  Index Cond: ((id >= 5197478) AND (id <= 5197578))

table 4 : explain SELECT id, c FROM sbtest4 WHERE id BETWEEN 5197478 AND 5197578
	Index Scan using sbtest4_pkey on sbtest4  (cost=0.43..399.83 rows=100 width=125)
	  Index Cond: ((id >= 5197478) AND (id <= 5197578))

table 5 : explain SELECT id, c FROM sbtest5 WHERE id BETWEEN 5197478 AND 5197578
	Index Scan using sbtest5_pkey on sbtest5  (cost=0.43..425.98 rows=107 width=125)
	  Index Cond: ((id >= 5197478) AND (id <= 5197578))

table 6 : explain SELECT id, c FROM sbtest6 WHERE id BETWEEN 5197478 AND 5197578
	Index Scan using sbtest6_pkey on sbtest6  (cost=0.43..387.67 rows=97 width=125)
	  Index Cond: ((id >= 5197478) AND (id <= 5197578))

table 7 : explain SELECT id, c FROM sbtest7 WHERE id BETWEEN 5197478 AND 5197578
	Index Scan using sbtest7_pkey on sbtest7  (cost=0.43..404.34 rows=101 width=125)
	  Index Cond: ((id >= 5197478) AND (id <= 5197578))

table 8 : explain SELECT id, c FROM sbtest8 WHERE id BETWEEN 5197478 AND 5197578
	Index Scan using sbtest8_pkey on sbtest8  (cost=0.43..406.78 rows=102 width=125)
	  Index Cond: ((id >= 5197478) AND (id <= 5197578))

explain: for range-notcovered :: explain SELECT id, c FROM sbtest%d WHERE id BETWEEN 8209008 AND 8209108
explain: for range-notcovered :: explain SELECT id, c FROM sbtest%d WHERE id BETWEEN 5197478 AND 5197578
for range-notcovered
table 1 : explain SELECT id, c FROM sbtest1 WHERE id BETWEEN 1437631 AND 1437731
	Index Scan using sbtest1_pkey on sbtest1  (cost=0.43..396.29 rows=99 width=125)
	  Index Cond: ((id >= 1437631) AND (id <= 1437731))

table 2 : explain SELECT id, c FROM sbtest2 WHERE id BETWEEN 1437631 AND 1437731
	Index Scan using sbtest2_pkey on sbtest2  (cost=0.43..376.35 rows=94 width=125)
	  Index Cond: ((id >= 1437631) AND (id <= 1437731))

table 3 : explain SELECT id, c FROM sbtest3 WHERE id BETWEEN 1437631 AND 1437731
	Index Scan using sbtest3_pkey on sbtest3  (cost=0.43..424.03 rows=106 width=125)
	  Index Cond: ((id >= 1437631) AND (id <= 1437731))

table 4 : explain SELECT id, c FROM sbtest4 WHERE id BETWEEN 1437631 AND 1437731
	Index Scan using sbtest4_pkey on sbtest4  (cost=0.43..407.75 rows=102 width=125)
	  Index Cond: ((id >= 1437631) AND (id <= 1437731))

table 5 : explain SELECT id, c FROM sbtest5 WHERE id BETWEEN 1437631 AND 1437731
	Index Scan using sbtest5_pkey on sbtest5  (cost=0.43..366.88 rows=92 width=125)
	  Index Cond: ((id >= 1437631) AND (id <= 1437731))

table 6 : explain SELECT id, c FROM sbtest6 WHERE id BETWEEN 1437631 AND 1437731
	Index Scan using sbtest6_pkey on sbtest6  (cost=0.43..403.49 rows=101 width=125)
	  Index Cond: ((id >= 1437631) AND (id <= 1437731))

table 7 : explain SELECT id, c FROM sbtest7 WHERE id BETWEEN 1437631 AND 1437731
	Index Scan using sbtest7_pkey on sbtest7  (cost=0.43..380.57 rows=95 width=125)
	  Index Cond: ((id >= 1437631) AND (id <= 1437731))

table 8 : explain SELECT id, c FROM sbtest8 WHERE id BETWEEN 1437631 AND 1437731
	Index Scan using sbtest8_pkey on sbtest8  (cost=0.43..434.38 rows=109 width=125)
	  Index Cond: ((id >= 1437631) AND (id <= 1437731))

explain: for range-notcovered :: explain SELECT id, c FROM sbtest%d WHERE id BETWEEN 1437631 AND 1437731
for range-notcovered
table 1 : explain SELECT id, c FROM sbtest1 WHERE id BETWEEN 3282202 AND 3282302
	Index Scan using sbtest1_pkey on sbtest1  (cost=0.43..388.38 rows=97 width=125)
	  Index Cond: ((id >= 3282202) AND (id <= 3282302))

table 2 : explain SELECT id, c FROM sbtest2 WHERE id BETWEEN 3282202 AND 3282302
	Index Scan using sbtest2_pkey on sbtest2  (cost=0.43..411.96 rows=103 width=125)
	  Index Cond: ((id >= 3282202) AND (id <= 3282302))

table 3 : explain SELECT id, c FROM sbtest3 WHERE id BETWEEN 3282202 AND 3282302
	Index Scan using sbtest3_pkey on sbtest3  (cost=0.43..396.31 rows=99 width=125)
	  Index Cond: ((id >= 3282202) AND (id <= 3282302))

table 4 : explain SELECT id, c FROM sbtest4 WHERE id BETWEEN 3282202 AND 3282302
	Index Scan using sbtest4_pkey on sbtest4  (cost=0.43..411.71 rows=103 width=125)
	  Index Cond: ((id >= 3282202) AND (id <= 3282302))

table 5 : explain SELECT id, c FROM sbtest5 WHERE id BETWEEN 3282202 AND 3282302
	Index Scan using sbtest5_pkey on sbtest5  (cost=0.43..453.55 rows=114 width=125)
	  Index Cond: ((id >= 3282202) AND (id <= 3282302))

table 6 : explain SELECT id, c FROM sbtest6 WHERE id BETWEEN 3282202 AND 3282302
	Index Scan using sbtest6_pkey on sbtest6  (cost=0.43..391.62 rows=98 width=125)
	  Index Cond: ((id >= 3282202) AND (id <= 3282302))

table 7 : explain SELECT id, c FROM sbtest7 WHERE id BETWEEN 3282202 AND 3282302
	Index Scan using sbtest7_pkey on sbtest7  (cost=0.43..404.34 rows=101 width=125)
	  Index Cond: ((id >= 3282202) AND (id <= 3282302))

table 8 : explain SELECT id, c FROM sbtest8 WHERE id BETWEEN 3282202 AND 3282302
	Index Scan using sbtest8_pkey on sbtest8  (cost=0.43..438.32 rows=110 width=125)
	  Index Cond: ((id >= 3282202) AND (id <= 3282302))

explain: for range-notcovered :: explain SELECT id, c FROM sbtest%d WHERE id BETWEEN 3282202 AND 3282302
for range-notcovered
table 1 : explain SELECT id, c FROM sbtest1 WHERE id BETWEEN 5197478 AND 5197578
	Index Scan using sbtest1_pkey on sbtest1  (cost=0.43..368.59 rows=92 width=125)
	  Index Cond: ((id >= 5197478) AND (id <= 5197578))

table 2 : explain SELECT id, c FROM sbtest2 WHERE id BETWEEN 5197478 AND 5197578
	Index Scan using sbtest2_pkey on sbtest2  (cost=0.43..392.17 rows=98 width=125)
	  Index Cond: ((id >= 5197478) AND (id <= 5197578))

table 3 : explain SELECT id, c FROM sbtest3 WHERE id BETWEEN 5197478 AND 5197578
	Index Scan using sbtest3_pkey on sbtest3  (cost=0.43..404.24 rows=101 width=125)
	  Index Cond: ((id >= 5197478) AND (id <= 5197578))

table 4 : explain SELECT id, c FROM sbtest4 WHERE id BETWEEN 5197478 AND 5197578
	Index Scan using sbtest4_pkey on sbtest4  (cost=0.43..399.83 rows=100 width=125)
	  Index Cond: ((id >= 5197478) AND (id <= 5197578))

table 5 : explain SELECT id, c FROM sbtest5 WHERE id BETWEEN 5197478 AND 5197578
	Index Scan using sbtest5_pkey on sbtest5  (cost=0.43..425.98 rows=107 width=125)
	  Index Cond: ((id >= 5197478) AND (id <= 5197578))

table 6 : explain SELECT id, c FROM sbtest6 WHERE id BETWEEN 5197478 AND 5197578
	Index Scan using sbtest6_pkey on sbtest6  (cost=0.43..387.67 rows=97 width=125)
	  Index Cond: ((id >= 5197478) AND (id <= 5197578))

table 7 : explain SELECT id, c FROM sbtest7 WHERE id BETWEEN 5197478 AND 5197578
	Index Scan using sbtest7_pkey on sbtest7  (cost=0.43..404.34 rows=101 width=125)
	  Index Cond: ((id >= 5197478) AND (id <= 5197578))

table 8 : explain SELECT id, c FROM sbtest8 WHERE id BETWEEN 5197478 AND 5197578
	Index Scan using sbtest8_pkey on sbtest8  (cost=0.43..406.78 rows=102 width=125)
	  Index Cond: ((id >= 5197478) AND (id <= 5197578))

explain: for range-notcovered :: explain SELECT id, c FROM sbtest%d WHERE id BETWEEN 5197478 AND 5197578
for range-notcovered
table 1 : explain SELECT id, c FROM sbtest1 WHERE id BETWEEN 4552468 AND 4552568
	Index Scan using sbtest1_pkey on sbtest1  (cost=0.43..431.93 rows=108 width=125)
	  Index Cond: ((id >= 4552468) AND (id <= 4552568))

table 2 : explain SELECT id, c FROM sbtest2 WHERE id BETWEEN 4552468 AND 4552568
	Index Scan using sbtest2_pkey on sbtest2  (cost=0.43..384.26 rows=96 width=125)
	  Index Cond: ((id >= 4552468) AND (id <= 4552568))

table 3 : explain SELECT id, c FROM sbtest3 WHERE id BETWEEN 4552468 AND 4552568
	Index Scan using sbtest3_pkey on sbtest3  (cost=0.43..408.20 rows=102 width=125)
	  Index Cond: ((id >= 4552468) AND (id <= 4552568))

table 4 : explain SELECT id, c FROM sbtest4 WHERE id BETWEEN 4552468 AND 4552568
	Index Scan using sbtest4_pkey on sbtest4  (cost=0.43..443.33 rows=111 width=125)
	  Index Cond: ((id >= 4552468) AND (id <= 4552568))

table 5 : explain SELECT id, c FROM sbtest5 WHERE id BETWEEN 4552468 AND 4552568
	Index Scan using sbtest5_pkey on sbtest5  (cost=0.43..402.35 rows=101 width=125)
	  Index Cond: ((id >= 4552468) AND (id <= 4552568))

table 6 : explain SELECT id, c FROM sbtest6 WHERE id BETWEEN 4552468 AND 4552568
	Index Scan using sbtest6_pkey on sbtest6  (cost=0.43..431.14 rows=108 width=125)
	  Index Cond: ((id >= 4552468) AND (id <= 4552568))

table 7 : explain SELECT id, c FROM sbtest7 WHERE id BETWEEN 4552468 AND 4552568
	Index Scan using sbtest7_pkey on sbtest7  (cost=0.43..372.65 rows=93 width=125)
	  Index Cond: ((id >= 4552468) AND (id <= 4552568))

table 8 : explain SELECT id, c FROM sbtest8 WHERE id BETWEEN 4552468 AND 4552568
	Index Scan using sbtest8_pkey on sbtest8  (cost=0.43..383.10 rows=96 width=125)
	  Index Cond: ((id >= 4552468) AND (id <= 4552568))

for range-notcovered
table 1 : explain SELECT id, c FROM sbtest1 WHERE id BETWEEN 8209008 AND 8209108
	Index Scan using sbtest1_pkey on sbtest1  (cost=0.43..372.55 rows=93 width=125)
	  Index Cond: ((id >= 8209008) AND (id <= 8209108))

table 2 : explain SELECT id, c FROM sbtest2 WHERE id BETWEEN 8209008 AND 8209108
	Index Scan using sbtest2_pkey on sbtest2  (cost=0.43..396.13 rows=99 width=125)
	  Index Cond: ((id >= 8209008) AND (id <= 8209108))

table 3 : explain SELECT id, c FROM sbtest3 WHERE id BETWEEN 8209008 AND 8209108
	Index Scan using sbtest3_pkey on sbtest3  (cost=0.43..380.48 rows=95 width=125)
	  Index Cond: ((id >= 8209008) AND (id <= 8209108))

table 4 : explain SELECT id, c FROM sbtest4 WHERE id BETWEEN 8209008 AND 8209108
	Index Scan using sbtest4_pkey on sbtest4  (cost=0.43..407.75 rows=102 width=125)
	  Index Cond: ((id >= 8209008) AND (id <= 8209108))

table 5 : explain SELECT id, c FROM sbtest5 WHERE id BETWEEN 8209008 AND 8209108
	Index Scan using sbtest5_pkey on sbtest5  (cost=0.43..406.29 rows=102 width=125)
	  Index Cond: ((id >= 8209008) AND (id <= 8209108))

table 6 : explain SELECT id, c FROM sbtest6 WHERE id BETWEEN 8209008 AND 8209108
	Index Scan using sbtest6_pkey on sbtest6  (cost=0.43..403.49 rows=101 width=125)
	  Index Cond: ((id >= 8209008) AND (id <= 8209108))

table 7 : explain SELECT id, c FROM sbtest7 WHERE id BETWEEN 8209008 AND 8209108
	Index Scan using sbtest7_pkey on sbtest7  (cost=0.43..404.34 rows=101 width=125)
	  Index Cond: ((id >= 8209008) AND (id <= 8209108))

table 8 : explain SELECT id, c FROM sbtest8 WHERE id BETWEEN 8209008 AND 8209108
	Index Scan using sbtest8_pkey on sbtest8  (cost=0.43..430.43 rows=108 width=125)
	  Index Cond: ((id >= 8209008) AND (id <= 8209108))

explain: for range-notcovered :: explain SELECT id, c FROM sbtest%d WHERE id BETWEEN 4552468 AND 4552568
explain: for range-notcovered :: explain SELECT id, c FROM sbtest%d WHERE id BETWEEN 8209008 AND 8209108
for range-notcovered
table 1 : explain SELECT id, c FROM sbtest1 WHERE id BETWEEN 1437631 AND 1437731
	Index Scan using sbtest1_pkey on sbtest1  (cost=0.43..396.29 rows=99 width=125)
	  Index Cond: ((id >= 1437631) AND (id <= 1437731))

table 2 : explain SELECT id, c FROM sbtest2 WHERE id BETWEEN 1437631 AND 1437731
	Index Scan using sbtest2_pkey on sbtest2  (cost=0.43..376.35 rows=94 width=125)
	  Index Cond: ((id >= 1437631) AND (id <= 1437731))

table 3 : explain SELECT id, c FROM sbtest3 WHERE id BETWEEN 1437631 AND 1437731
	Index Scan using sbtest3_pkey on sbtest3  (cost=0.43..424.03 rows=106 width=125)
	  Index Cond: ((id >= 1437631) AND (id <= 1437731))

table 4 : explain SELECT id, c FROM sbtest4 WHERE id BETWEEN 1437631 AND 1437731
	Index Scan using sbtest4_pkey on sbtest4  (cost=0.43..407.75 rows=102 width=125)
	  Index Cond: ((id >= 1437631) AND (id <= 1437731))

table 5 : explain SELECT id, c FROM sbtest5 WHERE id BETWEEN 1437631 AND 1437731
	Index Scan using sbtest5_pkey on sbtest5  (cost=0.43..366.88 rows=92 width=125)
	  Index Cond: ((id >= 1437631) AND (id <= 1437731))

table 6 : explain SELECT id, c FROM sbtest6 WHERE id BETWEEN 1437631 AND 1437731
	Index Scan using sbtest6_pkey on sbtest6  (cost=0.43..403.49 rows=101 width=125)
	  Index Cond: ((id >= 1437631) AND (id <= 1437731))

table 7 : explain SELECT id, c FROM sbtest7 WHERE id BETWEEN 1437631 AND 1437731
	Index Scan using sbtest7_pkey on sbtest7  (cost=0.43..380.57 rows=95 width=125)
	  Index Cond: ((id >= 1437631) AND (id <= 1437731))

table 8 : explain SELECT id, c FROM sbtest8 WHERE id BETWEEN 1437631 AND 1437731
	Index Scan using sbtest8_pkey on sbtest8  (cost=0.43..434.38 rows=109 width=125)
	  Index Cond: ((id >= 1437631) AND (id <= 1437731))

explain: for range-notcovered :: explain SELECT id, c FROM sbtest%d WHERE id BETWEEN 1437631 AND 1437731
explain: for range-notcovered :: explain SELECT id, c FROM sbtest%d WHERE id BETWEEN 1495812 AND 1495912
for range-notcovered
table 1 : explain SELECT id, c FROM sbtest1 WHERE id BETWEEN 3282202 AND 3282302
	Index Scan using sbtest1_pkey on sbtest1  (cost=0.43..388.38 rows=97 width=125)
	  Index Cond: ((id >= 3282202) AND (id <= 3282302))

table 2 : explain SELECT id, c FROM sbtest2 WHERE id BETWEEN 3282202 AND 3282302
	Index Scan using sbtest2_pkey on sbtest2  (cost=0.43..411.96 rows=103 width=125)
	  Index Cond: ((id >= 3282202) AND (id <= 3282302))

table 3 : explain SELECT id, c FROM sbtest3 WHERE id BETWEEN 3282202 AND 3282302
	Index Scan using sbtest3_pkey on sbtest3  (cost=0.43..396.31 rows=99 width=125)
	  Index Cond: ((id >= 3282202) AND (id <= 3282302))

table 4 : explain SELECT id, c FROM sbtest4 WHERE id BETWEEN 3282202 AND 3282302
	Index Scan using sbtest4_pkey on sbtest4  (cost=0.43..411.71 rows=103 width=125)
	  Index Cond: ((id >= 3282202) AND (id <= 3282302))

table 5 : explain SELECT id, c FROM sbtest5 WHERE id BETWEEN 3282202 AND 3282302
	Index Scan using sbtest5_pkey on sbtest5  (cost=0.43..453.55 rows=114 width=125)
	  Index Cond: ((id >= 3282202) AND (id <= 3282302))

table 6 : explain SELECT id, c FROM sbtest6 WHERE id BETWEEN 3282202 AND 3282302
	Index Scan using sbtest6_pkey on sbtest6  (cost=0.43..391.62 rows=98 width=125)
	  Index Cond: ((id >= 3282202) AND (id <= 3282302))

table 7 : explain SELECT id, c FROM sbtest7 WHERE id BETWEEN 3282202 AND 3282302
	Index Scan using sbtest7_pkey on sbtest7  (cost=0.43..404.34 rows=101 width=125)
	  Index Cond: ((id >= 3282202) AND (id <= 3282302))

table 8 : explain SELECT id, c FROM sbtest8 WHERE id BETWEEN 3282202 AND 3282302
	Index Scan using sbtest8_pkey on sbtest8  (cost=0.43..438.32 rows=110 width=125)
	  Index Cond: ((id >= 3282202) AND (id <= 3282302))

explain: for range-notcovered :: explain SELECT id, c FROM sbtest%d WHERE id BETWEEN 3282202 AND 3282302
for range-notcovered
table 1 : explain SELECT id, c FROM sbtest1 WHERE id BETWEEN 5197478 AND 5197578
	Index Scan using sbtest1_pkey on sbtest1  (cost=0.43..368.59 rows=92 width=125)
	  Index Cond: ((id >= 5197478) AND (id <= 5197578))

table 2 : explain SELECT id, c FROM sbtest2 WHERE id BETWEEN 5197478 AND 5197578
	Index Scan using sbtest2_pkey on sbtest2  (cost=0.43..392.17 rows=98 width=125)
	  Index Cond: ((id >= 5197478) AND (id <= 5197578))

table 3 : explain SELECT id, c FROM sbtest3 WHERE id BETWEEN 5197478 AND 5197578
	Index Scan using sbtest3_pkey on sbtest3  (cost=0.43..404.24 rows=101 width=125)
	  Index Cond: ((id >= 5197478) AND (id <= 5197578))

table 4 : explain SELECT id, c FROM sbtest4 WHERE id BETWEEN 5197478 AND 5197578
	Index Scan using sbtest4_pkey on sbtest4  (cost=0.43..399.83 rows=100 width=125)
	  Index Cond: ((id >= 5197478) AND (id <= 5197578))

table 5 : explain SELECT id, c FROM sbtest5 WHERE id BETWEEN 5197478 AND 5197578
	Index Scan using sbtest5_pkey on sbtest5  (cost=0.43..425.98 rows=107 width=125)
	  Index Cond: ((id >= 5197478) AND (id <= 5197578))

table 6 : explain SELECT id, c FROM sbtest6 WHERE id BETWEEN 5197478 AND 5197578
	Index Scan using sbtest6_pkey on sbtest6  (cost=0.43..387.67 rows=97 width=125)
	  Index Cond: ((id >= 5197478) AND (id <= 5197578))

table 7 : explain SELECT id, c FROM sbtest7 WHERE id BETWEEN 5197478 AND 5197578
	Index Scan using sbtest7_pkey on sbtest7  (cost=0.43..404.34 rows=101 width=125)
	  Index Cond: ((id >= 5197478) AND (id <= 5197578))

table 8 : explain SELECT id, c FROM sbtest8 WHERE id BETWEEN 5197478 AND 5197578
	Index Scan using sbtest8_pkey on sbtest8  (cost=0.43..406.78 rows=102 width=125)
	  Index Cond: ((id >= 5197478) AND (id <= 5197578))

explain: for range-notcovered :: explain SELECT id, c FROM sbtest%d WHERE id BETWEEN 5197478 AND 5197578
for range-notcovered
table 1 : explain SELECT id, c FROM sbtest1 WHERE id BETWEEN 4552468 AND 4552568
	Index Scan using sbtest1_pkey on sbtest1  (cost=0.43..431.93 rows=108 width=125)
	  Index Cond: ((id >= 4552468) AND (id <= 4552568))

table 2 : explain SELECT id, c FROM sbtest2 WHERE id BETWEEN 4552468 AND 4552568
	Index Scan using sbtest2_pkey on sbtest2  (cost=0.43..384.26 rows=96 width=125)
	  Index Cond: ((id >= 4552468) AND (id <= 4552568))

table 3 : explain SELECT id, c FROM sbtest3 WHERE id BETWEEN 4552468 AND 4552568
	Index Scan using sbtest3_pkey on sbtest3  (cost=0.43..408.20 rows=102 width=125)
	  Index Cond: ((id >= 4552468) AND (id <= 4552568))

table 4 : explain SELECT id, c FROM sbtest4 WHERE id BETWEEN 4552468 AND 4552568
	Index Scan using sbtest4_pkey on sbtest4  (cost=0.43..443.33 rows=111 width=125)
	  Index Cond: ((id >= 4552468) AND (id <= 4552568))

table 5 : explain SELECT id, c FROM sbtest5 WHERE id BETWEEN 4552468 AND 4552568
	Index Scan using sbtest5_pkey on sbtest5  (cost=0.43..402.35 rows=101 width=125)
	  Index Cond: ((id >= 4552468) AND (id <= 4552568))

table 6 : explain SELECT id, c FROM sbtest6 WHERE id BETWEEN 4552468 AND 4552568
	Index Scan using sbtest6_pkey on sbtest6  (cost=0.43..431.14 rows=108 width=125)
	  Index Cond: ((id >= 4552468) AND (id <= 4552568))

table 7 : explain SELECT id, c FROM sbtest7 WHERE id BETWEEN 4552468 AND 4552568
	Index Scan using sbtest7_pkey on sbtest7  (cost=0.43..372.65 rows=93 width=125)
	  Index Cond: ((id >= 4552468) AND (id <= 4552568))

table 8 : explain SELECT id, c FROM sbtest8 WHERE id BETWEEN 4552468 AND 4552568
	Index Scan using sbtest8_pkey on sbtest8  (cost=0.43..383.10 rows=96 width=125)
	  Index Cond: ((id >= 4552468) AND (id <= 4552568))

explain: for range-notcovered :: explain SELECT id, c FROM sbtest%d WHERE id BETWEEN 7111479 AND 7111579
for range-notcovered
table 1 : explain SELECT id, c FROM sbtest1 WHERE id BETWEEN 1437631 AND 1437731
	Index Scan using sbtest1_pkey on sbtest1  (cost=0.43..396.29 rows=99 width=125)
	  Index Cond: ((id >= 1437631) AND (id <= 1437731))

table 2 : explain SELECT id, c FROM sbtest2 WHERE id BETWEEN 1437631 AND 1437731
	Index Scan using sbtest2_pkey on sbtest2  (cost=0.43..376.35 rows=94 width=125)
	  Index Cond: ((id >= 1437631) AND (id <= 1437731))

table 3 : explain SELECT id, c FROM sbtest3 WHERE id BETWEEN 1437631 AND 1437731
	Index Scan using sbtest3_pkey on sbtest3  (cost=0.43..424.03 rows=106 width=125)
	  Index Cond: ((id >= 1437631) AND (id <= 1437731))

table 4 : explain SELECT id, c FROM sbtest4 WHERE id BETWEEN 1437631 AND 1437731
	Index Scan using sbtest4_pkey on sbtest4  (cost=0.43..407.75 rows=102 width=125)
	  Index Cond: ((id >= 1437631) AND (id <= 1437731))

table 5 : explain SELECT id, c FROM sbtest5 WHERE id BETWEEN 1437631 AND 1437731
	Index Scan using sbtest5_pkey on sbtest5  (cost=0.43..366.88 rows=92 width=125)
	  Index Cond: ((id >= 1437631) AND (id <= 1437731))

table 6 : explain SELECT id, c FROM sbtest6 WHERE id BETWEEN 1437631 AND 1437731
	Index Scan using sbtest6_pkey on sbtest6  (cost=0.43..403.49 rows=101 width=125)
	  Index Cond: ((id >= 1437631) AND (id <= 1437731))

table 7 : explain SELECT id, c FROM sbtest7 WHERE id BETWEEN 1437631 AND 1437731
	Index Scan using sbtest7_pkey on sbtest7  (cost=0.43..380.57 rows=95 width=125)
	  Index Cond: ((id >= 1437631) AND (id <= 1437731))

table 8 : explain SELECT id, c FROM sbtest8 WHERE id BETWEEN 1437631 AND 1437731
	Index Scan using sbtest8_pkey on sbtest8  (cost=0.43..434.38 rows=109 width=125)
	  Index Cond: ((id >= 1437631) AND (id <= 1437731))
for range-notcovered
table 1 : explain SELECT id, c FROM sbtest1 WHERE id BETWEEN 8209008 AND 8209108
	Index Scan using sbtest1_pkey on sbtest1  (cost=0.43..372.55 rows=93 width=125)
	  Index Cond: ((id >= 8209008) AND (id <= 8209108))

table 2 : explain SELECT id, c FROM sbtest2 WHERE id BETWEEN 8209008 AND 8209108
	Index Scan using sbtest2_pkey on sbtest2  (cost=0.43..396.13 rows=99 width=125)
	  Index Cond: ((id >= 8209008) AND (id <= 8209108))

table 3 : explain SELECT id, c FROM sbtest3 WHERE id BETWEEN 8209008 AND 8209108
	Index Scan using sbtest3_pkey on sbtest3  (cost=0.43..380.48 rows=95 width=125)
	  Index Cond: ((id >= 8209008) AND (id <= 8209108))

table 4 : explain SELECT id, c FROM sbtest4 WHERE id BETWEEN 8209008 AND 8209108
	Index Scan using sbtest4_pkey on sbtest4  (cost=0.43..407.75 rows=102 width=125)
	  Index Cond: ((id >= 8209008) AND (id <= 8209108))

table 5 : explain SELECT id, c FROM sbtest5 WHERE id BETWEEN 8209008 AND 8209108
	Index Scan using sbtest5_pkey on sbtest5  (cost=0.43..406.29 rows=102 width=125)
	  Index Cond: ((id >= 8209008) AND (id <= 8209108))

table 6 : explain SELECT id, c FROM sbtest6 WHERE id BETWEEN 8209008 AND 8209108
	Index Scan using sbtest6_pkey on sbtest6  (cost=0.43..403.49 rows=101 width=125)
	  Index Cond: ((id >= 8209008) AND (id <= 8209108))

table 7 : explain SELECT id, c FROM sbtest7 WHERE id BETWEEN 8209008 AND 8209108
	Index Scan using sbtest7_pkey on sbtest7  (cost=0.43..404.34 rows=101 width=125)
	  Index Cond: ((id >= 8209008) AND (id <= 8209108))

table 8 : explain SELECT id, c FROM sbtest8 WHERE id BETWEEN 8209008 AND 8209108
	Index Scan using sbtest8_pkey on sbtest8  (cost=0.43..430.43 rows=108 width=125)
	  Index Cond: ((id >= 8209008) AND (id <= 8209108))
explain: for range-notcovered :: explain SELECT id, c FROM sbtest%d WHERE id BETWEEN 4552468 AND 4552568


explain: for range-notcovered :: explain SELECT id, c FROM sbtest%d WHERE id BETWEEN 2493054 AND 2493154explain: for range-notcovered :: explain SELECT id, c FROM sbtest%d WHERE id BETWEEN 1437631 AND 1437731

for range-notcovered
table 1 : explain SELECT id, c FROM sbtest1 WHERE id BETWEEN 3282202 AND 3282302
	Index Scan using sbtest1_pkey on sbtest1  (cost=0.43..388.38 rows=97 width=125)
	  Index Cond: ((id >= 3282202) AND (id <= 3282302))

table 2 : explain SELECT id, c FROM sbtest2 WHERE id BETWEEN 3282202 AND 3282302
	Index Scan using sbtest2_pkey on sbtest2  (cost=0.43..411.96 rows=103 width=125)
	  Index Cond: ((id >= 3282202) AND (id <= 3282302))

table 3 : explain SELECT id, c FROM sbtest3 WHERE id BETWEEN 3282202 AND 3282302
	Index Scan using sbtest3_pkey on sbtest3  (cost=0.43..396.31 rows=99 width=125)
	  Index Cond: ((id >= 3282202) AND (id <= 3282302))

table 4 : explain SELECT id, c FROM sbtest4 WHERE id BETWEEN 3282202 AND 3282302
	Index Scan using sbtest4_pkey on sbtest4  (cost=0.43..411.71 rows=103 width=125)
	  Index Cond: ((id >= 3282202) AND (id <= 3282302))

table 5 : explain SELECT id, c FROM sbtest5 WHERE id BETWEEN 3282202 AND 3282302
	Index Scan using sbtest5_pkey on sbtest5  (cost=0.43..453.55 rows=114 width=125)
	  Index Cond: ((id >= 3282202) AND (id <= 3282302))

table 6 : explain SELECT id, c FROM sbtest6 WHERE id BETWEEN 3282202 AND 3282302
	Index Scan using sbtest6_pkey on sbtest6  (cost=0.43..391.62 rows=98 width=125)
	  Index Cond: ((id >= 3282202) AND (id <= 3282302))

table 7 : explain SELECT id, c FROM sbtest7 WHERE id BETWEEN 3282202 AND 3282302
	Index Scan using sbtest7_pkey on sbtest7  (cost=0.43..404.34 rows=101 width=125)
	  Index Cond: ((id >= 3282202) AND (id <= 3282302))

table 8 : explain SELECT id, c FROM sbtest8 WHERE id BETWEEN 3282202 AND 3282302
	Index Scan using sbtest8_pkey on sbtest8  (cost=0.43..438.32 rows=110 width=125)
	  Index Cond: ((id >= 3282202) AND (id <= 3282302))

explain: for range-notcovered :: explain SELECT id, c FROM sbtest%d WHERE id BETWEEN 3282202 AND 3282302
for range-notcovered
table 1 : explain SELECT id, c FROM sbtest1 WHERE id BETWEEN 5197478 AND 5197578
	Index Scan using sbtest1_pkey on sbtest1  (cost=0.43..368.59 rows=92 width=125)
	  Index Cond: ((id >= 5197478) AND (id <= 5197578))

table 2 : explain SELECT id, c FROM sbtest2 WHERE id BETWEEN 5197478 AND 5197578
	Index Scan using sbtest2_pkey on sbtest2  (cost=0.43..392.17 rows=98 width=125)
	  Index Cond: ((id >= 5197478) AND (id <= 5197578))

table 3 : explain SELECT id, c FROM sbtest3 WHERE id BETWEEN 5197478 AND 5197578
	Index Scan using sbtest3_pkey on sbtest3  (cost=0.43..404.24 rows=101 width=125)
	  Index Cond: ((id >= 5197478) AND (id <= 5197578))

table 4 : explain SELECT id, c FROM sbtest4 WHERE id BETWEEN 5197478 AND 5197578
	Index Scan using sbtest4_pkey on sbtest4  (cost=0.43..399.83 rows=100 width=125)
	  Index Cond: ((id >= 5197478) AND (id <= 5197578))

table 5 : explain SELECT id, c FROM sbtest5 WHERE id BETWEEN 5197478 AND 5197578
	Index Scan using sbtest5_pkey on sbtest5  (cost=0.43..425.98 rows=107 width=125)
	  Index Cond: ((id >= 5197478) AND (id <= 5197578))

table 6 : explain SELECT id, c FROM sbtest6 WHERE id BETWEEN 5197478 AND 5197578
	Index Scan using sbtest6_pkey on sbtest6  (cost=0.43..387.67 rows=97 width=125)
	  Index Cond: ((id >= 5197478) AND (id <= 5197578))

table 7 : explain SELECT id, c FROM sbtest7 WHERE id BETWEEN 5197478 AND 5197578
	Index Scan using sbtest7_pkey on sbtest7  (cost=0.43..404.34 rows=101 width=125)
	  Index Cond: ((id >= 5197478) AND (id <= 5197578))

table 8 : explain SELECT id, c FROM sbtest8 WHERE id BETWEEN 5197478 AND 5197578
	Index Scan using sbtest8_pkey on sbtest8  (cost=0.43..406.78 rows=102 width=125)
	  Index Cond: ((id >= 5197478) AND (id <= 5197578))

explain: for range-notcovered :: explain SELECT id, c FROM sbtest%d WHERE id BETWEEN 5197478 AND 5197578
for range-notcovered
table 1 : explain SELECT id, c FROM sbtest1 WHERE id BETWEEN 5112062 AND 5112162
	Index Scan using sbtest1_pkey on sbtest1  (cost=0.43..380.47 rows=95 width=125)
	  Index Cond: ((id >= 5112062) AND (id <= 5112162))

table 2 : explain SELECT id, c FROM sbtest2 WHERE id BETWEEN 5112062 AND 5112162
	Index Scan using sbtest2_pkey on sbtest2  (cost=0.43..408.01 rows=102 width=125)
	  Index Cond: ((id >= 5112062) AND (id <= 5112162))

table 3 : explain SELECT id, c FROM sbtest3 WHERE id BETWEEN 5112062 AND 5112162
	Index Scan using sbtest3_pkey on sbtest3  (cost=0.43..392.36 rows=98 width=125)
	  Index Cond: ((id >= 5112062) AND (id <= 5112162))

table 4 : explain SELECT id, c FROM sbtest4 WHERE id BETWEEN 5112062 AND 5112162
	Index Scan using sbtest4_pkey on sbtest4  (cost=0.43..431.47 rows=108 width=125)
	  Index Cond: ((id >= 5112062) AND (id <= 5112162))

table 5 : explain SELECT id, c FROM sbtest5 WHERE id BETWEEN 5112062 AND 5112162
	Index Scan using sbtest5_pkey on sbtest5  (cost=0.43..394.47 rows=99 width=125)
	  Index Cond: ((id >= 5112062) AND (id <= 5112162))

table 6 : explain SELECT id, c FROM sbtest6 WHERE id BETWEEN 5112062 AND 5112162
	Index Scan using sbtest6_pkey on sbtest6  (cost=0.43..387.67 rows=97 width=125)
	  Index Cond: ((id >= 5112062) AND (id <= 5112162))

table 7 : explain SELECT id, c FROM sbtest7 WHERE id BETWEEN 5112062 AND 5112162
	Index Scan using sbtest7_pkey on sbtest7  (cost=0.43..400.38 rows=100 width=125)
	  Index Cond: ((id >= 5112062) AND (id <= 5112162))

table 8 : explain SELECT id, c FROM sbtest8 WHERE id BETWEEN 5112062 AND 5112162
	Index Scan using sbtest8_pkey on sbtest8  (cost=0.43..406.78 rows=102 width=125)
	  Index Cond: ((id >= 5112062) AND (id <= 5112162))

explain: for range-notcovered :: explain SELECT id, c FROM sbtest%d WHERE id BETWEEN 5112062 AND 5112162
for range-notcovered
table 1 : explain SELECT id, c FROM sbtest1 WHERE id BETWEEN 1437631 AND 1437731
	Index Scan using sbtest1_pkey on sbtest1  (cost=0.43..396.29 rows=99 width=125)
	  Index Cond: ((id >= 1437631) AND (id <= 1437731))

table 2 : explain SELECT id, c FROM sbtest2 WHERE id BETWEEN 1437631 AND 1437731
	Index Scan using sbtest2_pkey on sbtest2  (cost=0.43..376.35 rows=94 width=125)
	  Index Cond: ((id >= 1437631) AND (id <= 1437731))

table 3 : explain SELECT id, c FROM sbtest3 WHERE id BETWEEN 1437631 AND 1437731
	Index Scan using sbtest3_pkey on sbtest3  (cost=0.43..424.03 rows=106 width=125)
	  Index Cond: ((id >= 1437631) AND (id <= 1437731))

table 4 : explain SELECT id, c FROM sbtest4 WHERE id BETWEEN 1437631 AND 1437731
	Index Scan using sbtest4_pkey on sbtest4  (cost=0.43..407.75 rows=102 width=125)
	  Index Cond: ((id >= 1437631) AND (id <= 1437731))

table 5 : explain SELECT id, c FROM sbtest5 WHERE id BETWEEN 1437631 AND 1437731
	Index Scan using sbtest5_pkey on sbtest5  (cost=0.43..366.88 rows=92 width=125)
	  Index Cond: ((id >= 1437631) AND (id <= 1437731))

table 6 : explain SELECT id, c FROM sbtest6 WHERE id BETWEEN 1437631 AND 1437731
	Index Scan using sbtest6_pkey on sbtest6  (cost=0.43..403.49 rows=101 width=125)
	  Index Cond: ((id >= 1437631) AND (id <= 1437731))

table 7 : explain SELECT id, c FROM sbtest7 WHERE id BETWEEN 1437631 AND 1437731
	Index Scan using sbtest7_pkey on sbtest7  (cost=0.43..380.57 rows=95 width=125)
	  Index Cond: ((id >= 1437631) AND (id <= 1437731))

table 8 : explain SELECT id, c FROM sbtest8 WHERE id BETWEEN 1437631 AND 1437731
	Index Scan using sbtest8_pkey on sbtest8  (cost=0.43..434.38 rows=109 width=125)
	  Index Cond: ((id >= 1437631) AND (id <= 1437731))

explain: for range-notcovered :: explain SELECT id, c FROM sbtest%d WHERE id BETWEEN 8407394 AND 8407494
for range-notcovered
table 1 : explain SELECT id, c FROM sbtest1 WHERE id BETWEEN 3282202 AND 3282302
	Index Scan using sbtest1_pkey on sbtest1  (cost=0.43..388.38 rows=97 width=125)
	  Index Cond: ((id >= 3282202) AND (id <= 3282302))

table 2 : explain SELECT id, c FROM sbtest2 WHERE id BETWEEN 3282202 AND 3282302
	Index Scan using sbtest2_pkey on sbtest2  (cost=0.43..411.96 rows=103 width=125)
	  Index Cond: ((id >= 3282202) AND (id <= 3282302))

table 3 : explain SELECT id, c FROM sbtest3 WHERE id BETWEEN 3282202 AND 3282302
	Index Scan using sbtest3_pkey on sbtest3  (cost=0.43..396.31 rows=99 width=125)
	  Index Cond: ((id >= 3282202) AND (id <= 3282302))

table 4 : explain SELECT id, c FROM sbtest4 WHERE id BETWEEN 3282202 AND 3282302
	Index Scan using sbtest4_pkey on sbtest4  (cost=0.43..411.71 rows=103 width=125)
	  Index Cond: ((id >= 3282202) AND (id <= 3282302))

table 5 : explain SELECT id, c FROM sbtest5 WHERE id BETWEEN 3282202 AND 3282302
	Index Scan using sbtest5_pkey on sbtest5  (cost=0.43..453.55 rows=114 width=125)
	  Index Cond: ((id >= 3282202) AND (id <= 3282302))

table 6 : explain SELECT id, c FROM sbtest6 WHERE id BETWEEN 3282202 AND 3282302
	Index Scan using sbtest6_pkey on sbtest6  (cost=0.43..391.62 rows=98 width=125)
	  Index Cond: ((id >= 3282202) AND (id <= 3282302))

table 7 : explain SELECT id, c FROM sbtest7 WHERE id BETWEEN 3282202 AND 3282302
	Index Scan using sbtest7_pkey on sbtest7  (cost=0.43..404.34 rows=101 width=125)
	  Index Cond: ((id >= 3282202) AND (id <= 3282302))

table 8 : explain SELECT id, c FROM sbtest8 WHERE id BETWEEN 3282202 AND 3282302
	Index Scan using sbtest8_pkey on sbtest8  (cost=0.43..438.32 rows=110 width=125)
	  Index Cond: ((id >= 3282202) AND (id <= 3282302))

explain: for range-notcovered :: explain SELECT id, c FROM sbtest%d WHERE id BETWEEN 3282202 AND 3282302
for range-notcovered
table 1 : explain SELECT id, c FROM sbtest1 WHERE id BETWEEN 5197478 AND 5197578
	Index Scan using sbtest1_pkey on sbtest1  (cost=0.43..368.59 rows=92 width=125)
	  Index Cond: ((id >= 5197478) AND (id <= 5197578))

table 2 : explain SELECT id, c FROM sbtest2 WHERE id BETWEEN 5197478 AND 5197578
	Index Scan using sbtest2_pkey on sbtest2  (cost=0.43..392.17 rows=98 width=125)
	  Index Cond: ((id >= 5197478) AND (id <= 5197578))

table 3 : explain SELECT id, c FROM sbtest3 WHERE id BETWEEN 5197478 AND 5197578
	Index Scan using sbtest3_pkey on sbtest3  (cost=0.43..404.24 rows=101 width=125)
	  Index Cond: ((id >= 5197478) AND (id <= 5197578))

table 4 : explain SELECT id, c FROM sbtest4 WHERE id BETWEEN 5197478 AND 5197578
	Index Scan using sbtest4_pkey on sbtest4  (cost=0.43..399.83 rows=100 width=125)
	  Index Cond: ((id >= 5197478) AND (id <= 5197578))

table 5 : explain SELECT id, c FROM sbtest5 WHERE id BETWEEN 5197478 AND 5197578
	Index Scan using sbtest5_pkey on sbtest5  (cost=0.43..425.98 rows=107 width=125)
	  Index Cond: ((id >= 5197478) AND (id <= 5197578))

table 6 : explain SELECT id, c FROM sbtest6 WHERE id BETWEEN 5197478 AND 5197578
	Index Scan using sbtest6_pkey on sbtest6  (cost=0.43..387.67 rows=97 width=125)
	  Index Cond: ((id >= 5197478) AND (id <= 5197578))

table 7 : explain SELECT id, c FROM sbtest7 WHERE id BETWEEN 5197478 AND 5197578
	Index Scan using sbtest7_pkey on sbtest7  (cost=0.43..404.34 rows=101 width=125)
	  Index Cond: ((id >= 5197478) AND (id <= 5197578))

table 8 : explain SELECT id, c FROM sbtest8 WHERE id BETWEEN 5197478 AND 5197578
	Index Scan using sbtest8_pkey on sbtest8  (cost=0.43..406.78 rows=102 width=125)
	  Index Cond: ((id >= 5197478) AND (id <= 5197578))

for range-notcovered
table 1 : explain SELECT id, c FROM sbtest1 WHERE id BETWEEN 5112062 AND 5112162
	Index Scan using sbtest1_pkey on sbtest1  (cost=0.43..380.47 rows=95 width=125)
	  Index Cond: ((id >= 5112062) AND (id <= 5112162))

table 2 : explain SELECT id, c FROM sbtest2 WHERE id BETWEEN 5112062 AND 5112162
	Index Scan using sbtest2_pkey on sbtest2  (cost=0.43..408.01 rows=102 width=125)
	  Index Cond: ((id >= 5112062) AND (id <= 5112162))

table 3 : explain SELECT id, c FROM sbtest3 WHERE id BETWEEN 5112062 AND 5112162
	Index Scan using sbtest3_pkey on sbtest3  (cost=0.43..392.36 rows=98 width=125)
	  Index Cond: ((id >= 5112062) AND (id <= 5112162))

table 4 : explain SELECT id, c FROM sbtest4 WHERE id BETWEEN 5112062 AND 5112162
	Index Scan using sbtest4_pkey on sbtest4  (cost=0.43..431.47 rows=108 width=125)
	  Index Cond: ((id >= 5112062) AND (id <= 5112162))

table 5 : explain SELECT id, c FROM sbtest5 WHERE id BETWEEN 5112062 AND 5112162
	Index Scan using sbtest5_pkey on sbtest5  (cost=0.43..394.47 rows=99 width=125)
	  Index Cond: ((id >= 5112062) AND (id <= 5112162))

table 6 : explain SELECT id, c FROM sbtest6 WHERE id BETWEEN 5112062 AND 5112162
	Index Scan using sbtest6_pkey on sbtest6  (cost=0.43..387.67 rows=97 width=125)
	  Index Cond: ((id >= 5112062) AND (id <= 5112162))

table 7 : explain SELECT id, c FROM sbtest7 WHERE id BETWEEN 5112062 AND 5112162
	Index Scan using sbtest7_pkey on sbtest7  (cost=0.43..400.38 rows=100 width=125)
	  Index Cond: ((id >= 5112062) AND (id <= 5112162))

table 8 : explain SELECT id, c FROM sbtest8 WHERE id BETWEEN 5112062 AND 5112162
	Index Scan using sbtest8_pkey on sbtest8  (cost=0.43..406.78 rows=102 width=125)
	  Index Cond: ((id >= 5112062) AND (id <= 5112162))

explain: for range-notcovered :: explain SELECT id, c FROM sbtest%d WHERE id BETWEEN 5112062 AND 5112162
explain: for range-notcovered :: explain SELECT id, c FROM sbtest%d WHERE id BETWEEN 2711181 AND 2711281
for range-notcovered
table 1 : explain SELECT id, c FROM sbtest1 WHERE id BETWEEN 4552468 AND 4552568
	Index Scan using sbtest1_pkey on sbtest1  (cost=0.43..431.93 rows=108 width=125)
	  Index Cond: ((id >= 4552468) AND (id <= 4552568))

table 2 : explain SELECT id, c FROM sbtest2 WHERE id BETWEEN 4552468 AND 4552568
	Index Scan using sbtest2_pkey on sbtest2  (cost=0.43..384.26 rows=96 width=125)
	  Index Cond: ((id >= 4552468) AND (id <= 4552568))

table 3 : explain SELECT id, c FROM sbtest3 WHERE id BETWEEN 4552468 AND 4552568
	Index Scan using sbtest3_pkey on sbtest3  (cost=0.43..408.20 rows=102 width=125)
	  Index Cond: ((id >= 4552468) AND (id <= 4552568))

table 4 : explain SELECT id, c FROM sbtest4 WHERE id BETWEEN 4552468 AND 4552568
	Index Scan using sbtest4_pkey on sbtest4  (cost=0.43..443.33 rows=111 width=125)
	  Index Cond: ((id >= 4552468) AND (id <= 4552568))

table 5 : explain SELECT id, c FROM sbtest5 WHERE id BETWEEN 4552468 AND 4552568
	Index Scan using sbtest5_pkey on sbtest5  (cost=0.43..402.35 rows=101 width=125)
	  Index Cond: ((id >= 4552468) AND (id <= 4552568))

table 6 : explain SELECT id, c FROM sbtest6 WHERE id BETWEEN 4552468 AND 4552568
	Index Scan using sbtest6_pkey on sbtest6  (cost=0.43..431.14 rows=108 width=125)
	  Index Cond: ((id >= 4552468) AND (id <= 4552568))

table 7 : explain SELECT id, c FROM sbtest7 WHERE id BETWEEN 4552468 AND 4552568
	Index Scan using sbtest7_pkey on sbtest7  (cost=0.43..372.65 rows=93 width=125)
	  Index Cond: ((id >= 4552468) AND (id <= 4552568))

table 8 : explain SELECT id, c FROM sbtest8 WHERE id BETWEEN 4552468 AND 4552568
	Index Scan using sbtest8_pkey on sbtest8  (cost=0.43..383.10 rows=96 width=125)
	  Index Cond: ((id >= 4552468) AND (id <= 4552568))

explain: for range-notcovered :: explain SELECT id, c FROM sbtest%d WHERE id BETWEEN 4552468 AND 4552568
for range-notcovered
table 1 : explain SELECT id, c FROM sbtest1 WHERE id BETWEEN 3282202 AND 3282302
	Index Scan using sbtest1_pkey on sbtest1  (cost=0.43..388.38 rows=97 width=125)
	  Index Cond: ((id >= 3282202) AND (id <= 3282302))

table 2 : explain SELECT id, c FROM sbtest2 WHERE id BETWEEN 3282202 AND 3282302
	Index Scan using sbtest2_pkey on sbtest2  (cost=0.43..411.96 rows=103 width=125)
	  Index Cond: ((id >= 3282202) AND (id <= 3282302))

table 3 : explain SELECT id, c FROM sbtest3 WHERE id BETWEEN 3282202 AND 3282302
	Index Scan using sbtest3_pkey on sbtest3  (cost=0.43..396.31 rows=99 width=125)
	  Index Cond: ((id >= 3282202) AND (id <= 3282302))

table 4 : explain SELECT id, c FROM sbtest4 WHERE id BETWEEN 3282202 AND 3282302
	Index Scan using sbtest4_pkey on sbtest4  (cost=0.43..411.71 rows=103 width=125)
	  Index Cond: ((id >= 3282202) AND (id <= 3282302))

table 5 : explain SELECT id, c FROM sbtest5 WHERE id BETWEEN 3282202 AND 3282302
	Index Scan using sbtest5_pkey on sbtest5  (cost=0.43..453.55 rows=114 width=125)
	  Index Cond: ((id >= 3282202) AND (id <= 3282302))

table 6 : explain SELECT id, c FROM sbtest6 WHERE id BETWEEN 3282202 AND 3282302
	Index Scan using sbtest6_pkey on sbtest6  (cost=0.43..391.62 rows=98 width=125)
	  Index Cond: ((id >= 3282202) AND (id <= 3282302))

table 7 : explain SELECT id, c FROM sbtest7 WHERE id BETWEEN 3282202 AND 3282302
	Index Scan using sbtest7_pkey on sbtest7  (cost=0.43..404.34 rows=101 width=125)
	  Index Cond: ((id >= 3282202) AND (id <= 3282302))

table 8 : explain SELECT id, c FROM sbtest8 WHERE id BETWEEN 3282202 AND 3282302
	Index Scan using sbtest8_pkey on sbtest8  (cost=0.43..438.32 rows=110 width=125)
	  Index Cond: ((id >= 3282202) AND (id <= 3282302))

explain: for range-notcovered :: explain SELECT id, c FROM sbtest%d WHERE id BETWEEN 3282202 AND 3282302
for range-notcovered
table 1 : explain SELECT id, c FROM sbtest1 WHERE id BETWEEN 5112062 AND 5112162
	Index Scan using sbtest1_pkey on sbtest1  (cost=0.43..380.47 rows=95 width=125)
	  Index Cond: ((id >= 5112062) AND (id <= 5112162))

table 2 : explain SELECT id, c FROM sbtest2 WHERE id BETWEEN 5112062 AND 5112162
	Index Scan using sbtest2_pkey on sbtest2  (cost=0.43..408.01 rows=102 width=125)
	  Index Cond: ((id >= 5112062) AND (id <= 5112162))

table 3 : explain SELECT id, c FROM sbtest3 WHERE id BETWEEN 5112062 AND 5112162
	Index Scan using sbtest3_pkey on sbtest3  (cost=0.43..392.36 rows=98 width=125)
	  Index Cond: ((id >= 5112062) AND (id <= 5112162))

table 4 : explain SELECT id, c FROM sbtest4 WHERE id BETWEEN 5112062 AND 5112162
	Index Scan using sbtest4_pkey on sbtest4  (cost=0.43..431.47 rows=108 width=125)
	  Index Cond: ((id >= 5112062) AND (id <= 5112162))

table 5 : explain SELECT id, c FROM sbtest5 WHERE id BETWEEN 5112062 AND 5112162
	Index Scan using sbtest5_pkey on sbtest5  (cost=0.43..394.47 rows=99 width=125)
	  Index Cond: ((id >= 5112062) AND (id <= 5112162))

table 6 : explain SELECT id, c FROM sbtest6 WHERE id BETWEEN 5112062 AND 5112162
	Index Scan using sbtest6_pkey on sbtest6  (cost=0.43..387.67 rows=97 width=125)
	  Index Cond: ((id >= 5112062) AND (id <= 5112162))

table 7 : explain SELECT id, c FROM sbtest7 WHERE id BETWEEN 5112062 AND 5112162
	Index Scan using sbtest7_pkey on sbtest7  (cost=0.43..400.38 rows=100 width=125)
	  Index Cond: ((id >= 5112062) AND (id <= 5112162))

table 8 : explain SELECT id, c FROM sbtest8 WHERE id BETWEEN 5112062 AND 5112162
	Index Scan using sbtest8_pkey on sbtest8  (cost=0.43..406.78 rows=102 width=125)
	  Index Cond: ((id >= 5112062) AND (id <= 5112162))

for range-notcovered
table 1 : explain SELECT id, c FROM sbtest1 WHERE id BETWEEN 3282202 AND 3282302
	Index Scan using sbtest1_pkey on sbtest1  (cost=0.43..388.38 rows=97 width=125)
	  Index Cond: ((id >= 3282202) AND (id <= 3282302))

table 2 : explain SELECT id, c FROM sbtest2 WHERE id BETWEEN 3282202 AND 3282302
	Index Scan using sbtest2_pkey on sbtest2  (cost=0.43..411.96 rows=103 width=125)
	  Index Cond: ((id >= 3282202) AND (id <= 3282302))

table 3 : explain SELECT id, c FROM sbtest3 WHERE id BETWEEN 3282202 AND 3282302
	Index Scan using sbtest3_pkey on sbtest3  (cost=0.43..396.31 rows=99 width=125)
	  Index Cond: ((id >= 3282202) AND (id <= 3282302))

table 4 : explain SELECT id, c FROM sbtest4 WHERE id BETWEEN 3282202 AND 3282302
	Index Scan using sbtest4_pkey on sbtest4  (cost=0.43..411.71 rows=103 width=125)
	  Index Cond: ((id >= 3282202) AND (id <= 3282302))

table 5 : explain SELECT id, c FROM sbtest5 WHERE id BETWEEN 3282202 AND 3282302
	Index Scan using sbtest5_pkey on sbtest5  (cost=0.43..453.55 rows=114 width=125)
	  Index Cond: ((id >= 3282202) AND (id <= 3282302))

table 6 : explain SELECT id, c FROM sbtest6 WHERE id BETWEEN 3282202 AND 3282302
	Index Scan using sbtest6_pkey on sbtest6  (cost=0.43..391.62 rows=98 width=125)
	  Index Cond: ((id >= 3282202) AND (id <= 3282302))

table 7 : explain SELECT id, c FROM sbtest7 WHERE id BETWEEN 3282202 AND 3282302
	Index Scan using sbtest7_pkey on sbtest7  (cost=0.43..404.34 rows=101 width=125)
	  Index Cond: ((id >= 3282202) AND (id <= 3282302))

table 8 : explain SELECT id, c FROM sbtest8 WHERE id BETWEEN 3282202 AND 3282302
	Index Scan using sbtest8_pkey on sbtest8  (cost=0.43..438.32 rows=110 width=125)
	  Index Cond: ((id >= 3282202) AND (id <= 3282302))

explain: for range-notcovered :: explain SELECT id, c FROM sbtest%d WHERE id BETWEEN 3282202 AND 3282302
for range-notcovered
table 1 : explain SELECT id, c FROM sbtest1 WHERE id BETWEEN 4552468 AND 4552568
	Index Scan using sbtest1_pkey on sbtest1  (cost=0.43..431.93 rows=108 width=125)
	  Index Cond: ((id >= 4552468) AND (id <= 4552568))

table 2 : explain SELECT id, c FROM sbtest2 WHERE id BETWEEN 4552468 AND 4552568
	Index Scan using sbtest2_pkey on sbtest2  (cost=0.43..384.26 rows=96 width=125)
	  Index Cond: ((id >= 4552468) AND (id <= 4552568))

table 3 : explain SELECT id, c FROM sbtest3 WHERE id BETWEEN 4552468 AND 4552568
	Index Scan using sbtest3_pkey on sbtest3  (cost=0.43..408.20 rows=102 width=125)
	  Index Cond: ((id >= 4552468) AND (id <= 4552568))

table 4 : explain SELECT id, c FROM sbtest4 WHERE id BETWEEN 4552468 AND 4552568
	Index Scan using sbtest4_pkey on sbtest4  (cost=0.43..443.33 rows=111 width=125)
	  Index Cond: ((id >= 4552468) AND (id <= 4552568))

table 5 : explain SELECT id, c FROM sbtest5 WHERE id BETWEEN 4552468 AND 4552568
	Index Scan using sbtest5_pkey on sbtest5  (cost=0.43..402.35 rows=101 width=125)
	  Index Cond: ((id >= 4552468) AND (id <= 4552568))

table 6 : explain SELECT id, c FROM sbtest6 WHERE id BETWEEN 4552468 AND 4552568
	Index Scan using sbtest6_pkey on sbtest6  (cost=0.43..431.14 rows=108 width=125)
	  Index Cond: ((id >= 4552468) AND (id <= 4552568))

table 7 : explain SELECT id, c FROM sbtest7 WHERE id BETWEEN 4552468 AND 4552568
	Index Scan using sbtest7_pkey on sbtest7  (cost=0.43..372.65 rows=93 width=125)
	  Index Cond: ((id >= 4552468) AND (id <= 4552568))

table 8 : explain SELECT id, c FROM sbtest8 WHERE id BETWEEN 4552468 AND 4552568
	Index Scan using sbtest8_pkey on sbtest8  (cost=0.43..383.10 rows=96 width=125)
	  Index Cond: ((id >= 4552468) AND (id <= 4552568))

explain: for range-notcovered :: explain SELECT id, c FROM sbtest%d WHERE id BETWEEN 4552468 AND 4552568
for range-notcovered
table 1 : explain SELECT id, c FROM sbtest1 WHERE id BETWEEN 7111479 AND 7111579
	Index Scan using sbtest1_pkey on sbtest1  (cost=0.43..400.25 rows=100 width=125)
	  Index Cond: ((id >= 7111479) AND (id <= 7111579))

table 2 : explain SELECT id, c FROM sbtest2 WHERE id BETWEEN 7111479 AND 7111579
	Index Scan using sbtest2_pkey on sbtest2  (cost=0.43..408.01 rows=102 width=125)
	  Index Cond: ((id >= 7111479) AND (id <= 7111579))

table 3 : explain SELECT id, c FROM sbtest3 WHERE id BETWEEN 7111479 AND 7111579
	Index Scan using sbtest3_pkey on sbtest3  (cost=0.43..404.24 rows=101 width=125)
	  Index Cond: ((id >= 7111479) AND (id <= 7111579))

table 4 : explain SELECT id, c FROM sbtest4 WHERE id BETWEEN 7111479 AND 7111579
	Index Scan using sbtest4_pkey on sbtest4  (cost=0.43..399.83 rows=100 width=125)
	  Index Cond: ((id >= 7111479) AND (id <= 7111579))

table 5 : explain SELECT id, c FROM sbtest5 WHERE id BETWEEN 7111479 AND 7111579
	Index Scan using sbtest5_pkey on sbtest5  (cost=0.43..457.49 rows=115 width=125)
	  Index Cond: ((id >= 7111479) AND (id <= 7111579))

table 6 : explain SELECT id, c FROM sbtest6 WHERE id BETWEEN 7111479 AND 7111579
	Index Scan using sbtest6_pkey on sbtest6  (cost=0.43..391.62 rows=98 width=125)
	  Index Cond: ((id >= 7111479) AND (id <= 7111579))

table 7 : explain SELECT id, c FROM sbtest7 WHERE id BETWEEN 7111479 AND 7111579
	Index Scan using sbtest7_pkey on sbtest7  (cost=0.43..404.34 rows=101 width=125)
	  Index Cond: ((id >= 7111479) AND (id <= 7111579))

table 8 : explain SELECT id, c FROM sbtest8 WHERE id BETWEEN 7111479 AND 7111579
	Index Scan using sbtest8_pkey on sbtest8  (cost=0.43..402.83 rows=101 width=125)
	  Index Cond: ((id >= 7111479) AND (id <= 7111579))

explain: for range-notcovered :: explain SELECT id, c FROM sbtest%d WHERE id BETWEEN 7111479 AND 7111579
for range-notcovered
table 1 : explain SELECT id, c FROM sbtest1 WHERE id BETWEEN 3282202 AND 3282302
	Index Scan using sbtest1_pkey on sbtest1  (cost=0.43..388.38 rows=97 width=125)
	  Index Cond: ((id >= 3282202) AND (id <= 3282302))

table 2 : explain SELECT id, c FROM sbtest2 WHERE id BETWEEN 3282202 AND 3282302
	Index Scan using sbtest2_pkey on sbtest2  (cost=0.43..411.96 rows=103 width=125)
	  Index Cond: ((id >= 3282202) AND (id <= 3282302))

table 3 : explain SELECT id, c FROM sbtest3 WHERE id BETWEEN 3282202 AND 3282302
	Index Scan using sbtest3_pkey on sbtest3  (cost=0.43..396.31 rows=99 width=125)
	  Index Cond: ((id >= 3282202) AND (id <= 3282302))

table 4 : explain SELECT id, c FROM sbtest4 WHERE id BETWEEN 3282202 AND 3282302
	Index Scan using sbtest4_pkey on sbtest4  (cost=0.43..411.71 rows=103 width=125)
	  Index Cond: ((id >= 3282202) AND (id <= 3282302))

table 5 : explain SELECT id, c FROM sbtest5 WHERE id BETWEEN 3282202 AND 3282302
	Index Scan using sbtest5_pkey on sbtest5  (cost=0.43..453.55 rows=114 width=125)
	  Index Cond: ((id >= 3282202) AND (id <= 3282302))

table 6 : explain SELECT id, c FROM sbtest6 WHERE id BETWEEN 3282202 AND 3282302
	Index Scan using sbtest6_pkey on sbtest6  (cost=0.43..391.62 rows=98 width=125)
	  Index Cond: ((id >= 3282202) AND (id <= 3282302))

table 7 : explain SELECT id, c FROM sbtest7 WHERE id BETWEEN 3282202 AND 3282302
	Index Scan using sbtest7_pkey on sbtest7  (cost=0.43..404.34 rows=101 width=125)
	  Index Cond: ((id >= 3282202) AND (id <= 3282302))

table 8 : explain SELECT id, c FROM sbtest8 WHERE id BETWEEN 3282202 AND 3282302
	Index Scan using sbtest8_pkey on sbtest8  (cost=0.43..438.32 rows=110 width=125)
	  Index Cond: ((id >= 3282202) AND (id <= 3282302))

for range-notcovered
table 1 : explain SELECT id, c FROM sbtest1 WHERE id BETWEEN 7111479 AND 7111579
	Index Scan using sbtest1_pkey on sbtest1  (cost=0.43..400.25 rows=100 width=125)
	  Index Cond: ((id >= 7111479) AND (id <= 7111579))

table 2 : explain SELECT id, c FROM sbtest2 WHERE id BETWEEN 7111479 AND 7111579
	Index Scan using sbtest2_pkey on sbtest2  (cost=0.43..408.01 rows=102 width=125)
	  Index Cond: ((id >= 7111479) AND (id <= 7111579))

table 3 : explain SELECT id, c FROM sbtest3 WHERE id BETWEEN 7111479 AND 7111579
	Index Scan using sbtest3_pkey on sbtest3  (cost=0.43..404.24 rows=101 width=125)
	  Index Cond: ((id >= 7111479) AND (id <= 7111579))

table 4 : explain SELECT id, c FROM sbtest4 WHERE id BETWEEN 7111479 AND 7111579
	Index Scan using sbtest4_pkey on sbtest4  (cost=0.43..399.83 rows=100 width=125)
	  Index Cond: ((id >= 7111479) AND (id <= 7111579))

table 5 : explain SELECT id, c FROM sbtest5 WHERE id BETWEEN 7111479 AND 7111579
	Index Scan using sbtest5_pkey on sbtest5  (cost=0.43..457.49 rows=115 width=125)
	  Index Cond: ((id >= 7111479) AND (id <= 7111579))

table 6 : explain SELECT id, c FROM sbtest6 WHERE id BETWEEN 7111479 AND 7111579
	Index Scan using sbtest6_pkey on sbtest6  (cost=0.43..391.62 rows=98 width=125)
	  Index Cond: ((id >= 7111479) AND (id <= 7111579))

table 7 : explain SELECT id, c FROM sbtest7 WHERE id BETWEEN 7111479 AND 7111579
	Index Scan using sbtest7_pkey on sbtest7  (cost=0.43..404.34 rows=101 width=125)
	  Index Cond: ((id >= 7111479) AND (id <= 7111579))

table 8 : explain SELECT id, c FROM sbtest8 WHERE id BETWEEN 7111479 AND 7111579
	Index Scan using sbtest8_pkey on sbtest8  (cost=0.43..402.83 rows=101 width=125)
	  Index Cond: ((id >= 7111479) AND (id <= 7111579))

explain: for range-notcovered :: explain SELECT id, c FROM sbtest%d WHERE id BETWEEN 7111479 AND 7111579
for range-notcovered
table 1 : explain SELECT id, c FROM sbtest1 WHERE id BETWEEN 4552468 AND 4552568
	Index Scan using sbtest1_pkey on sbtest1  (cost=0.43..431.93 rows=108 width=125)
	  Index Cond: ((id >= 4552468) AND (id <= 4552568))

table 2 : explain SELECT id, c FROM sbtest2 WHERE id BETWEEN 4552468 AND 4552568
	Index Scan using sbtest2_pkey on sbtest2  (cost=0.43..384.26 rows=96 width=125)
	  Index Cond: ((id >= 4552468) AND (id <= 4552568))

table 3 : explain SELECT id, c FROM sbtest3 WHERE id BETWEEN 4552468 AND 4552568
	Index Scan using sbtest3_pkey on sbtest3  (cost=0.43..408.20 rows=102 width=125)
	  Index Cond: ((id >= 4552468) AND (id <= 4552568))

table 4 : explain SELECT id, c FROM sbtest4 WHERE id BETWEEN 4552468 AND 4552568
	Index Scan using sbtest4_pkey on sbtest4  (cost=0.43..443.33 rows=111 width=125)
	  Index Cond: ((id >= 4552468) AND (id <= 4552568))

table 5 : explain SELECT id, c FROM sbtest5 WHERE id BETWEEN 4552468 AND 4552568
	Index Scan using sbtest5_pkey on sbtest5  (cost=0.43..402.35 rows=101 width=125)
	  Index Cond: ((id >= 4552468) AND (id <= 4552568))

table 6 : explain SELECT id, c FROM sbtest6 WHERE id BETWEEN 4552468 AND 4552568
	Index Scan using sbtest6_pkey on sbtest6  (cost=0.43..431.14 rows=108 width=125)
	  Index Cond: ((id >= 4552468) AND (id <= 4552568))

table 7 : explain SELECT id, c FROM sbtest7 WHERE id BETWEEN 4552468 AND 4552568
	Index Scan using sbtest7_pkey on sbtest7  (cost=0.43..372.65 rows=93 width=125)
	  Index Cond: ((id >= 4552468) AND (id <= 4552568))

table 8 : explain SELECT id, c FROM sbtest8 WHERE id BETWEEN 4552468 AND 4552568
	Index Scan using sbtest8_pkey on sbtest8  (cost=0.43..383.10 rows=96 width=125)
	  Index Cond: ((id >= 4552468) AND (id <= 4552568))

explain: for range-notcovered :: explain SELECT id, c FROM sbtest%d WHERE id BETWEEN 4552468 AND 4552568
explain: for range-notcovered :: explain SELECT id, c FROM sbtest%d WHERE id BETWEEN 5804520 AND 5804620
for range-notcovered
table 1 : explain SELECT id, c FROM sbtest1 WHERE id BETWEEN 2711181 AND 2711281
	Index Scan using sbtest1_pkey on sbtest1  (cost=0.43..424.01 rows=106 width=125)
	  Index Cond: ((id >= 2711181) AND (id <= 2711281))

table 2 : explain SELECT id, c FROM sbtest2 WHERE id BETWEEN 2711181 AND 2711281
	Index Scan using sbtest2_pkey on sbtest2  (cost=0.43..423.83 rows=106 width=125)
	  Index Cond: ((id >= 2711181) AND (id <= 2711281))

table 3 : explain SELECT id, c FROM sbtest3 WHERE id BETWEEN 2711181 AND 2711281
	Index Scan using sbtest3_pkey on sbtest3  (cost=0.43..396.31 rows=99 width=125)
	  Index Cond: ((id >= 2711181) AND (id <= 2711281))

table 4 : explain SELECT id, c FROM sbtest4 WHERE id BETWEEN 2711181 AND 2711281
	Index Scan using sbtest4_pkey on sbtest4  (cost=0.43..427.52 rows=107 width=125)
	  Index Cond: ((id >= 2711181) AND (id <= 2711281))

table 5 : explain SELECT id, c FROM sbtest5 WHERE id BETWEEN 2711181 AND 2711281
	Index Scan using sbtest5_pkey on sbtest5  (cost=0.43..366.88 rows=92 width=125)
	  Index Cond: ((id >= 2711181) AND (id <= 2711281))

table 6 : explain SELECT id, c FROM sbtest6 WHERE id BETWEEN 2711181 AND 2711281
	Index Scan using sbtest6_pkey on sbtest6  (cost=0.43..431.14 rows=108 width=125)
	  Index Cond: ((id >= 2711181) AND (id <= 2711281))

table 7 : explain SELECT id, c FROM sbtest7 WHERE id BETWEEN 2711181 AND 2711281
	Index Scan using sbtest7_pkey on sbtest7  (cost=0.43..412.25 rows=103 width=125)
	  Index Cond: ((id >= 2711181) AND (id <= 2711281))

table 8 : explain SELECT id, c FROM sbtest8 WHERE id BETWEEN 2711181 AND 2711281
	Index Scan using sbtest8_pkey on sbtest8  (cost=0.43..390.98 rows=98 width=125)
	  Index Cond: ((id >= 2711181) AND (id <= 2711281))

explain: for range-notcovered :: explain SELECT id, c FROM sbtest%d WHERE id BETWEEN 2711181 AND 2711281for range-notcovered
table 1 : explain SELECT id, c FROM sbtest1 WHERE id BETWEEN 7111479 AND 7111579
	Index Scan using sbtest1_pkey on sbtest1  (cost=0.43..400.25 rows=100 width=125)
	  Index Cond: ((id >= 7111479) AND (id <= 7111579))

table 2 : explain SELECT id, c FROM sbtest2 WHERE id BETWEEN 7111479 AND 7111579
	Index Scan using sbtest2_pkey on sbtest2  (cost=0.43..408.01 rows=102 width=125)
	  Index Cond: ((id >= 7111479) AND (id <= 7111579))

table 3 : explain SELECT id, c FROM sbtest3 WHERE id BETWEEN 7111479 AND 7111579
	Index Scan using sbtest3_pkey on sbtest3  (cost=0.43..404.24 rows=101 width=125)
	  Index Cond: ((id >= 7111479) AND (id <= 7111579))

table 4 : explain SELECT id, c FROM sbtest4 WHERE id BETWEEN 7111479 AND 7111579
	Index Scan using sbtest4_pkey on sbtest4  (cost=0.43..399.83 rows=100 width=125)
	  Index Cond: ((id >= 7111479) AND (id <= 7111579))

table 5 : explain SELECT id, c FROM sbtest5 WHERE id BETWEEN 7111479 AND 7111579
	Index Scan using sbtest5_pkey on sbtest5  (cost=0.43..457.49 rows=115 width=125)
	  Index Cond: ((id >= 7111479) AND (id <= 7111579))

table 6 : explain SELECT id, c FROM sbtest6 WHERE id BETWEEN 7111479 AND 7111579
	Index Scan using sbtest6_pkey on sbtest6  (cost=0.43..391.62 rows=98 width=125)
	  Index Cond: ((id >= 7111479) AND (id <= 7111579))

table 7 : explain SELECT id, c FROM sbtest7 WHERE id BETWEEN 7111479 AND 7111579
	Index Scan using sbtest7_pkey on sbtest7  (cost=0.43..404.34 rows=101 width=125)
	  Index Cond: ((id >= 7111479) AND (id <= 7111579))

table 8 : explain SELECT id, c FROM sbtest8 WHERE id BETWEEN 7111479 AND 7111579
	Index Scan using sbtest8_pkey on sbtest8  (cost=0.43..402.83 rows=101 width=125)
	  Index Cond: ((id >= 7111479) AND (id <= 7111579))


for range-notcovered
table 1 : explain SELECT id, c FROM sbtest1 WHERE id BETWEEN 8407394 AND 8407494
	Index Scan using sbtest1_pkey on sbtest1  (cost=0.43..380.47 rows=95 width=125)
	  Index Cond: ((id >= 8407394) AND (id <= 8407494))

table 2 : explain SELECT id, c FROM sbtest2 WHERE id BETWEEN 8407394 AND 8407494
	Index Scan using sbtest2_pkey on sbtest2  (cost=0.43..423.83 rows=106 width=125)
	  Index Cond: ((id >= 8407394) AND (id <= 8407494))

table 3 : explain SELECT id, c FROM sbtest3 WHERE id BETWEEN 8407394 AND 8407494
	Index Scan using sbtest3_pkey on sbtest3  (cost=0.43..424.03 rows=106 width=125)
	  Index Cond: ((id >= 8407394) AND (id <= 8407494))

table 4 : explain SELECT id, c FROM sbtest4 WHERE id BETWEEN 8407394 AND 8407494
	Index Scan using sbtest4_pkey on sbtest4  (cost=0.43..399.83 rows=100 width=125)
	  Index Cond: ((id >= 8407394) AND (id <= 8407494))

table 5 : explain SELECT id, c FROM sbtest5 WHERE id BETWEEN 8407394 AND 8407494
	Index Scan using sbtest5_pkey on sbtest5  (cost=0.43..473.24 rows=119 width=125)
	  Index Cond: ((id >= 8407394) AND (id <= 8407494))

table 6 : explain SELECT id, c FROM sbtest6 WHERE id BETWEEN 8407394 AND 8407494
	Index Scan using sbtest6_pkey on sbtest6  (cost=0.43..427.19 rows=107 width=125)
	  Index Cond: ((id >= 8407394) AND (id <= 8407494))

table 7 : explain SELECT id, c FROM sbtest7 WHERE id BETWEEN 8407394 AND 8407494
	Index Scan using sbtest7_pkey on sbtest7  (cost=0.43..408.29 rows=102 width=125)
	  Index Cond: ((id >= 8407394) AND (id <= 8407494))

table 8 : explain SELECT id, c FROM sbtest8 WHERE id BETWEEN 8407394 AND 8407494
	Index Scan using sbtest8_pkey on sbtest8  (cost=0.43..335.78 rows=84 width=125)
	  Index Cond: ((id >= 8407394) AND (id <= 8407494))

explain: for range-notcovered :: explain SELECT id, c FROM sbtest%d WHERE id BETWEEN 7570002 AND 7570102
explain: for range-notcovered :: explain SELECT id, c FROM sbtest%d WHERE id BETWEEN 7111479 AND 7111579
explain: for range-notcovered :: explain SELECT id, c FROM sbtest%d WHERE id BETWEEN 8407394 AND 8407494
for range-notcovered
table 1 : explain SELECT id, c FROM sbtest1 WHERE id BETWEEN 4552468 AND 4552568
	Index Scan using sbtest1_pkey on sbtest1  (cost=0.43..431.93 rows=108 width=125)
	  Index Cond: ((id >= 4552468) AND (id <= 4552568))

table 2 : explain SELECT id, c FROM sbtest2 WHERE id BETWEEN 4552468 AND 4552568
	Index Scan using sbtest2_pkey on sbtest2  (cost=0.43..384.26 rows=96 width=125)
	  Index Cond: ((id >= 4552468) AND (id <= 4552568))

table 3 : explain SELECT id, c FROM sbtest3 WHERE id BETWEEN 4552468 AND 4552568
	Index Scan using sbtest3_pkey on sbtest3  (cost=0.43..408.20 rows=102 width=125)
	  Index Cond: ((id >= 4552468) AND (id <= 4552568))

table 4 : explain SELECT id, c FROM sbtest4 WHERE id BETWEEN 4552468 AND 4552568
	Index Scan using sbtest4_pkey on sbtest4  (cost=0.43..443.33 rows=111 width=125)
	  Index Cond: ((id >= 4552468) AND (id <= 4552568))

table 5 : explain SELECT id, c FROM sbtest5 WHERE id BETWEEN 4552468 AND 4552568
	Index Scan using sbtest5_pkey on sbtest5  (cost=0.43..402.35 rows=101 width=125)
	  Index Cond: ((id >= 4552468) AND (id <= 4552568))

table 6 : explain SELECT id, c FROM sbtest6 WHERE id BETWEEN 4552468 AND 4552568
	Index Scan using sbtest6_pkey on sbtest6  (cost=0.43..431.14 rows=108 width=125)
	  Index Cond: ((id >= 4552468) AND (id <= 4552568))

table 7 : explain SELECT id, c FROM sbtest7 WHERE id BETWEEN 4552468 AND 4552568
	Index Scan using sbtest7_pkey on sbtest7  (cost=0.43..372.65 rows=93 width=125)
	  Index Cond: ((id >= 4552468) AND (id <= 4552568))

table 8 : explain SELECT id, c FROM sbtest8 WHERE id BETWEEN 4552468 AND 4552568
	Index Scan using sbtest8_pkey on sbtest8  (cost=0.43..383.10 rows=96 width=125)
	  Index Cond: ((id >= 4552468) AND (id <= 4552568))

for range-notcovered
table 1 : explain SELECT id, c FROM sbtest1 WHERE id BETWEEN 7111479 AND 7111579
	Index Scan using sbtest1_pkey on sbtest1  (cost=0.43..400.25 rows=100 width=125)
	  Index Cond: ((id >= 7111479) AND (id <= 7111579))

table 2 : explain SELECT id, c FROM sbtest2 WHERE id BETWEEN 7111479 AND 7111579
	Index Scan using sbtest2_pkey on sbtest2  (cost=0.43..408.01 rows=102 width=125)
	  Index Cond: ((id >= 7111479) AND (id <= 7111579))

table 3 : explain SELECT id, c FROM sbtest3 WHERE id BETWEEN 7111479 AND 7111579
	Index Scan using sbtest3_pkey on sbtest3  (cost=0.43..404.24 rows=101 width=125)
	  Index Cond: ((id >= 7111479) AND (id <= 7111579))

table 4 : explain SELECT id, c FROM sbtest4 WHERE id BETWEEN 7111479 AND 7111579
	Index Scan using sbtest4_pkey on sbtest4  (cost=0.43..399.83 rows=100 width=125)
	  Index Cond: ((id >= 7111479) AND (id <= 7111579))

table 5 : explain SELECT id, c FROM sbtest5 WHERE id BETWEEN 7111479 AND 7111579
	Index Scan using sbtest5_pkey on sbtest5  (cost=0.43..457.49 rows=115 width=125)
	  Index Cond: ((id >= 7111479) AND (id <= 7111579))

table 6 : explain SELECT id, c FROM sbtest6 WHERE id BETWEEN 7111479 AND 7111579
	Index Scan using sbtest6_pkey on sbtest6  (cost=0.43..391.62 rows=98 width=125)
	  Index Cond: ((id >= 7111479) AND (id <= 7111579))

table 7 : explain SELECT id, c FROM sbtest7 WHERE id BETWEEN 7111479 AND 7111579
	Index Scan using sbtest7_pkey on sbtest7  (cost=0.43..404.34 rows=101 width=125)
	  Index Cond: ((id >= 7111479) AND (id <= 7111579))

table 8 : explain SELECT id, c FROM sbtest8 WHERE id BETWEEN 7111479 AND 7111579
	Index Scan using sbtest8_pkey on sbtest8  (cost=0.43..402.83 rows=101 width=125)
	  Index Cond: ((id >= 7111479) AND (id <= 7111579))

for range-notcovered
table 1 : explain SELECT id, c FROM sbtest1 WHERE id BETWEEN 2711181 AND 2711281
	Index Scan using sbtest1_pkey on sbtest1  (cost=0.43..424.01 rows=106 width=125)
	  Index Cond: ((id >= 2711181) AND (id <= 2711281))

table 2 : explain SELECT id, c FROM sbtest2 WHERE id BETWEEN 2711181 AND 2711281
	Index Scan using sbtest2_pkey on sbtest2  (cost=0.43..423.83 rows=106 width=125)
	  Index Cond: ((id >= 2711181) AND (id <= 2711281))

table 3 : explain SELECT id, c FROM sbtest3 WHERE id BETWEEN 2711181 AND 2711281
	Index Scan using sbtest3_pkey on sbtest3  (cost=0.43..396.31 rows=99 width=125)
	  Index Cond: ((id >= 2711181) AND (id <= 2711281))

table 4 : explain SELECT id, c FROM sbtest4 WHERE id BETWEEN 2711181 AND 2711281
	Index Scan using sbtest4_pkey on sbtest4  (cost=0.43..427.52 rows=107 width=125)
	  Index Cond: ((id >= 2711181) AND (id <= 2711281))

table 5 : explain SELECT id, c FROM sbtest5 WHERE id BETWEEN 2711181 AND 2711281
	Index Scan using sbtest5_pkey on sbtest5  (cost=0.43..366.88 rows=92 width=125)
	  Index Cond: ((id >= 2711181) AND (id <= 2711281))

table 6 : explain SELECT id, c FROM sbtest6 WHERE id BETWEEN 2711181 AND 2711281
	Index Scan using sbtest6_pkey on sbtest6  (cost=0.43..431.14 rows=108 width=125)
	  Index Cond: ((id >= 2711181) AND (id <= 2711281))

table 7 : explain SELECT id, c FROM sbtest7 WHERE id BETWEEN 2711181 AND 2711281
	Index Scan using sbtest7_pkey on sbtest7  (cost=0.43..412.25 rows=103 width=125)
	  Index Cond: ((id >= 2711181) AND (id <= 2711281))

table 8 : explain SELECT id, c FROM sbtest8 WHERE id BETWEEN 2711181 AND 2711281
	Index Scan using sbtest8_pkey on sbtest8  (cost=0.43..390.98 rows=98 width=125)
	  Index Cond: ((id >= 2711181) AND (id <= 2711281))

explain: for range-notcovered :: explain SELECT id, c FROM sbtest%d WHERE id BETWEEN 7111479 AND 7111579
explain: for range-notcovered :: explain SELECT id, c FROM sbtest%d WHERE id BETWEEN 2711181 AND 2711281
for range-notcovered
table 1 : explain SELECT id, c FROM sbtest1 WHERE id BETWEEN 8407394 AND 8407494
	Index Scan using sbtest1_pkey on sbtest1  (cost=0.43..380.47 rows=95 width=125)
	  Index Cond: ((id >= 8407394) AND (id <= 8407494))

table 2 : explain SELECT id, c FROM sbtest2 WHERE id BETWEEN 8407394 AND 8407494
	Index Scan using sbtest2_pkey on sbtest2  (cost=0.43..423.83 rows=106 width=125)
	  Index Cond: ((id >= 8407394) AND (id <= 8407494))

table 3 : explain SELECT id, c FROM sbtest3 WHERE id BETWEEN 8407394 AND 8407494
	Index Scan using sbtest3_pkey on sbtest3  (cost=0.43..424.03 rows=106 width=125)
	  Index Cond: ((id >= 8407394) AND (id <= 8407494))

table 4 : explain SELECT id, c FROM sbtest4 WHERE id BETWEEN 8407394 AND 8407494
	Index Scan using sbtest4_pkey on sbtest4  (cost=0.43..399.83 rows=100 width=125)
	  Index Cond: ((id >= 8407394) AND (id <= 8407494))

table 5 : explain SELECT id, c FROM sbtest5 WHERE id BETWEEN 8407394 AND 8407494
	Index Scan using sbtest5_pkey on sbtest5  (cost=0.43..473.24 rows=119 width=125)
	  Index Cond: ((id >= 8407394) AND (id <= 8407494))

table 6 : explain SELECT id, c FROM sbtest6 WHERE id BETWEEN 8407394 AND 8407494
	Index Scan using sbtest6_pkey on sbtest6  (cost=0.43..427.19 rows=107 width=125)
	  Index Cond: ((id >= 8407394) AND (id <= 8407494))

table 7 : explain SELECT id, c FROM sbtest7 WHERE id BETWEEN 8407394 AND 8407494
	Index Scan using sbtest7_pkey on sbtest7  (cost=0.43..408.29 rows=102 width=125)
	  Index Cond: ((id >= 8407394) AND (id <= 8407494))

table 8 : explain SELECT id, c FROM sbtest8 WHERE id BETWEEN 8407394 AND 8407494
	Index Scan using sbtest8_pkey on sbtest8  (cost=0.43..335.78 rows=84 width=125)
	  Index Cond: ((id >= 8407394) AND (id <= 8407494))

explain: for range-notcovered :: explain SELECT id, c FROM sbtest%d WHERE id BETWEEN 8407394 AND 8407494
explain: for range-notcovered :: explain SELECT id, c FROM sbtest%d WHERE id BETWEEN 4552468 AND 4552568
for range-notcovered
table 1 : explain SELECT id, c FROM sbtest1 WHERE id BETWEEN 2493054 AND 2493154
	Index Scan using sbtest1_pkey on sbtest1  (cost=0.43..404.22 rows=101 width=125)
	  Index Cond: ((id >= 2493054) AND (id <= 2493154))

table 2 : explain SELECT id, c FROM sbtest2 WHERE id BETWEEN 2493054 AND 2493154
	Index Scan using sbtest2_pkey on sbtest2  (cost=0.43..419.88 rows=105 width=125)
	  Index Cond: ((id >= 2493054) AND (id <= 2493154))

table 3 : explain SELECT id, c FROM sbtest3 WHERE id BETWEEN 2493054 AND 2493154
	Index Scan using sbtest3_pkey on sbtest3  (cost=0.43..431.95 rows=108 width=125)
	  Index Cond: ((id >= 2493054) AND (id <= 2493154))

table 4 : explain SELECT id, c FROM sbtest4 WHERE id BETWEEN 2493054 AND 2493154
	Index Scan using sbtest4_pkey on sbtest4  (cost=0.43..395.88 rows=99 width=125)
	  Index Cond: ((id >= 2493054) AND (id <= 2493154))

table 5 : explain SELECT id, c FROM sbtest5 WHERE id BETWEEN 2493054 AND 2493154
	Index Scan using sbtest5_pkey on sbtest5  (cost=0.43..374.76 rows=94 width=125)
	  Index Cond: ((id >= 2493054) AND (id <= 2493154))

table 6 : explain SELECT id, c FROM sbtest6 WHERE id BETWEEN 2493054 AND 2493154
	Index Scan using sbtest6_pkey on sbtest6  (cost=0.43..391.62 rows=98 width=125)
	  Index Cond: ((id >= 2493054) AND (id <= 2493154))

table 7 : explain SELECT id, c FROM sbtest7 WHERE id BETWEEN 2493054 AND 2493154
	Index Scan using sbtest7_pkey on sbtest7  (cost=0.43..368.70 rows=92 width=125)
	  Index Cond: ((id >= 2493054) AND (id <= 2493154))

table 8 : explain SELECT id, c FROM sbtest8 WHERE id BETWEEN 2493054 AND 2493154
	Index Scan using sbtest8_pkey on sbtest8  (cost=0.43..390.98 rows=98 width=125)
	  Index Cond: ((id >= 2493054) AND (id <= 2493154))

for range-notcovered
table 1 : explain SELECT id, c FROM sbtest1 WHERE id BETWEEN 1495812 AND 1495912
	Index Scan using sbtest1_pkey on sbtest1  (cost=0.43..396.29 rows=99 width=125)
	  Index Cond: ((id >= 1495812) AND (id <= 1495912))

table 2 : explain SELECT id, c FROM sbtest2 WHERE id BETWEEN 1495812 AND 1495912
	Index Scan using sbtest2_pkey on sbtest2  (cost=0.43..376.35 rows=94 width=125)
	  Index Cond: ((id >= 1495812) AND (id <= 1495912))

table 3 : explain SELECT id, c FROM sbtest3 WHERE id BETWEEN 1495812 AND 1495912
	Index Scan using sbtest3_pkey on sbtest3  (cost=0.43..424.03 rows=106 width=125)
	  Index Cond: ((id >= 1495812) AND (id <= 1495912))

table 4 : explain SELECT id, c FROM sbtest4 WHERE id BETWEEN 1495812 AND 1495912
	Index Scan using sbtest4_pkey on sbtest4  (cost=0.43..407.75 rows=102 width=125)
	  Index Cond: ((id >= 1495812) AND (id <= 1495912))

table 5 : explain SELECT id, c FROM sbtest5 WHERE id BETWEEN 1495812 AND 1495912
	Index Scan using sbtest5_pkey on sbtest5  (cost=0.43..445.67 rows=112 width=125)
	  Index Cond: ((id >= 1495812) AND (id <= 1495912))

table 6 : explain SELECT id, c FROM sbtest6 WHERE id BETWEEN 1495812 AND 1495912
	Index Scan using sbtest6_pkey on sbtest6  (cost=0.43..403.49 rows=101 width=125)
	  Index Cond: ((id >= 1495812) AND (id <= 1495912))

table 7 : explain SELECT id, c FROM sbtest7 WHERE id BETWEEN 1495812 AND 1495912
	Index Scan using sbtest7_pkey on sbtest7  (cost=0.43..392.45 rows=98 width=125)
	  Index Cond: ((id >= 1495812) AND (id <= 1495912))

table 8 : explain SELECT id, c FROM sbtest8 WHERE id BETWEEN 1495812 AND 1495912
	Index Scan using sbtest8_pkey on sbtest8  (cost=0.43..434.38 rows=109 width=125)
	  Index Cond: ((id >= 1495812) AND (id <= 1495912))

for range-notcovered
table 1 : explain SELECT id, c FROM sbtest1 WHERE id BETWEEN 7111479 AND 7111579
	Index Scan using sbtest1_pkey on sbtest1  (cost=0.43..400.25 rows=100 width=125)
	  Index Cond: ((id >= 7111479) AND (id <= 7111579))

table 2 : explain SELECT id, c FROM sbtest2 WHERE id BETWEEN 7111479 AND 7111579
	Index Scan using sbtest2_pkey on sbtest2  (cost=0.43..408.01 rows=102 width=125)
	  Index Cond: ((id >= 7111479) AND (id <= 7111579))

table 3 : explain SELECT id, c FROM sbtest3 WHERE id BETWEEN 7111479 AND 7111579
	Index Scan using sbtest3_pkey on sbtest3  (cost=0.43..404.24 rows=101 width=125)
	  Index Cond: ((id >= 7111479) AND (id <= 7111579))

table 4 : explain SELECT id, c FROM sbtest4 WHERE id BETWEEN 7111479 AND 7111579
	Index Scan using sbtest4_pkey on sbtest4  (cost=0.43..399.83 rows=100 width=125)
	  Index Cond: ((id >= 7111479) AND (id <= 7111579))

table 5 : explain SELECT id, c FROM sbtest5 WHERE id BETWEEN 7111479 AND 7111579
	Index Scan using sbtest5_pkey on sbtest5  (cost=0.43..457.49 rows=115 width=125)
	  Index Cond: ((id >= 7111479) AND (id <= 7111579))

table 6 : explain SELECT id, c FROM sbtest6 WHERE id BETWEEN 7111479 AND 7111579
	Index Scan using sbtest6_pkey on sbtest6  (cost=0.43..391.62 rows=98 width=125)
	  Index Cond: ((id >= 7111479) AND (id <= 7111579))

table 7 : explain SELECT id, c FROM sbtest7 WHERE id BETWEEN 7111479 AND 7111579
	Index Scan using sbtest7_pkey on sbtest7  (cost=0.43..404.34 rows=101 width=125)
	  Index Cond: ((id >= 7111479) AND (id <= 7111579))

table 8 : explain SELECT id, c FROM sbtest8 WHERE id BETWEEN 7111479 AND 7111579
	Index Scan using sbtest8_pkey on sbtest8  (cost=0.43..402.83 rows=101 width=125)
	  Index Cond: ((id >= 7111479) AND (id <= 7111579))

for range-notcovered
table 1 : explain SELECT id, c FROM sbtest1 WHERE id BETWEEN 2711181 AND 2711281
	Index Scan using sbtest1_pkey on sbtest1  (cost=0.43..424.01 rows=106 width=125)
	  Index Cond: ((id >= 2711181) AND (id <= 2711281))

table 2 : explain SELECT id, c FROM sbtest2 WHERE id BETWEEN 2711181 AND 2711281
	Index Scan using sbtest2_pkey on sbtest2  (cost=0.43..423.83 rows=106 width=125)
	  Index Cond: ((id >= 2711181) AND (id <= 2711281))

table 3 : explain SELECT id, c FROM sbtest3 WHERE id BETWEEN 2711181 AND 2711281
	Index Scan using sbtest3_pkey on sbtest3  (cost=0.43..396.31 rows=99 width=125)
	  Index Cond: ((id >= 2711181) AND (id <= 2711281))

table 4 : explain SELECT id, c FROM sbtest4 WHERE id BETWEEN 2711181 AND 2711281
	Index Scan using sbtest4_pkey on sbtest4  (cost=0.43..427.52 rows=107 width=125)
	  Index Cond: ((id >= 2711181) AND (id <= 2711281))

table 5 : explain SELECT id, c FROM sbtest5 WHERE id BETWEEN 2711181 AND 2711281
	Index Scan using sbtest5_pkey on sbtest5  (cost=0.43..366.88 rows=92 width=125)
	  Index Cond: ((id >= 2711181) AND (id <= 2711281))

table 6 : explain SELECT id, c FROM sbtest6 WHERE id BETWEEN 2711181 AND 2711281
	Index Scan using sbtest6_pkey on sbtest6  (cost=0.43..431.14 rows=108 width=125)
	  Index Cond: ((id >= 2711181) AND (id <= 2711281))

table 7 : explain SELECT id, c FROM sbtest7 WHERE id BETWEEN 2711181 AND 2711281
	Index Scan using sbtest7_pkey on sbtest7  (cost=0.43..412.25 rows=103 width=125)
	  Index Cond: ((id >= 2711181) AND (id <= 2711281))

table 8 : explain SELECT id, c FROM sbtest8 WHERE id BETWEEN 2711181 AND 2711281
	Index Scan using sbtest8_pkey on sbtest8  (cost=0.43..390.98 rows=98 width=125)
	  Index Cond: ((id >= 2711181) AND (id <= 2711281))

explain: for range-notcovered :: explain SELECT id, c FROM sbtest%d WHERE id BETWEEN 7111479 AND 7111579
explain: for range-notcovered :: explain SELECT id, c FROM sbtest%d WHERE id BETWEEN 2711181 AND 2711281
for range-notcovered
table 1 : explain SELECT id, c FROM sbtest1 WHERE id BETWEEN 8407394 AND 8407494
	Index Scan using sbtest1_pkey on sbtest1  (cost=0.43..380.47 rows=95 width=125)
	  Index Cond: ((id >= 8407394) AND (id <= 8407494))

table 2 : explain SELECT id, c FROM sbtest2 WHERE id BETWEEN 8407394 AND 8407494
	Index Scan using sbtest2_pkey on sbtest2  (cost=0.43..423.83 rows=106 width=125)
	  Index Cond: ((id >= 8407394) AND (id <= 8407494))

table 3 : explain SELECT id, c FROM sbtest3 WHERE id BETWEEN 8407394 AND 8407494
	Index Scan using sbtest3_pkey on sbtest3  (cost=0.43..424.03 rows=106 width=125)
	  Index Cond: ((id >= 8407394) AND (id <= 8407494))

table 4 : explain SELECT id, c FROM sbtest4 WHERE id BETWEEN 8407394 AND 8407494
	Index Scan using sbtest4_pkey on sbtest4  (cost=0.43..399.83 rows=100 width=125)
	  Index Cond: ((id >= 8407394) AND (id <= 8407494))

table 5 : explain SELECT id, c FROM sbtest5 WHERE id BETWEEN 8407394 AND 8407494
	Index Scan using sbtest5_pkey on sbtest5  (cost=0.43..473.24 rows=119 width=125)
	  Index Cond: ((id >= 8407394) AND (id <= 8407494))

table 6 : explain SELECT id, c FROM sbtest6 WHERE id BETWEEN 8407394 AND 8407494
	Index Scan using sbtest6_pkey on sbtest6  (cost=0.43..427.19 rows=107 width=125)
	  Index Cond: ((id >= 8407394) AND (id <= 8407494))

table 7 : explain SELECT id, c FROM sbtest7 WHERE id BETWEEN 8407394 AND 8407494
	Index Scan using sbtest7_pkey on sbtest7  (cost=0.43..408.29 rows=102 width=125)
	  Index Cond: ((id >= 8407394) AND (id <= 8407494))

table 8 : explain SELECT id, c FROM sbtest8 WHERE id BETWEEN 8407394 AND 8407494
	Index Scan using sbtest8_pkey on sbtest8  (cost=0.43..335.78 rows=84 width=125)
	  Index Cond: ((id >= 8407394) AND (id <= 8407494))
explain: for range-notcovered :: explain SELECT id, c FROM sbtest%d WHERE id BETWEEN 1495812 AND 1495912

explain: for range-notcovered :: explain SELECT id, c FROM sbtest%d WHERE id BETWEEN 2493054 AND 2493154
for range-notcovered
table 1 : explain SELECT id, c FROM sbtest1 WHERE id BETWEEN 7347691 AND 7347791
	Index Scan using sbtest1_pkey on sbtest1  (cost=0.43..431.93 rows=108 width=125)
	  Index Cond: ((id >= 7347691) AND (id <= 7347791))

table 2 : explain SELECT id, c FROM sbtest2 WHERE id BETWEEN 7347691 AND 7347791
	Index Scan using sbtest2_pkey on sbtest2  (cost=0.43..372.39 rows=93 width=125)
	  Index Cond: ((id >= 7347691) AND (id <= 7347791))

table 3 : explain SELECT id, c FROM sbtest3 WHERE id BETWEEN 7347691 AND 7347791
	Index Scan using sbtest3_pkey on sbtest3  (cost=0.43..451.73 rows=113 width=125)
	  Index Cond: ((id >= 7347691) AND (id <= 7347791))

table 4 : explain SELECT id, c FROM sbtest4 WHERE id BETWEEN 7347691 AND 7347791
	Index Scan using sbtest4_pkey on sbtest4  (cost=0.43..415.66 rows=104 width=125)
	  Index Cond: ((id >= 7347691) AND (id <= 7347791))

table 5 : explain SELECT id, c FROM sbtest5 WHERE id BETWEEN 7347691 AND 7347791
	Index Scan using sbtest5_pkey on sbtest5  (cost=0.43..433.86 rows=109 width=125)
	  Index Cond: ((id >= 7347691) AND (id <= 7347791))

table 6 : explain SELECT id, c FROM sbtest6 WHERE id BETWEEN 7347691 AND 7347791
	Index Scan using sbtest6_pkey on sbtest6  (cost=0.43..415.34 rows=104 width=125)
	  Index Cond: ((id >= 7347691) AND (id <= 7347791))

table 7 : explain SELECT id, c FROM sbtest7 WHERE id BETWEEN 7347691 AND 7347791
	Index Scan using sbtest7_pkey on sbtest7  (cost=0.43..364.74 rows=91 width=125)
	  Index Cond: ((id >= 7347691) AND (id <= 7347791))

table 8 : explain SELECT id, c FROM sbtest8 WHERE id BETWEEN 7347691 AND 7347791
	Index Scan using sbtest8_pkey on sbtest8  (cost=0.43..426.49 rows=107 width=125)
	  Index Cond: ((id >= 7347691) AND (id <= 7347791))

explain: for range-notcovered :: explain SELECT id, c FROM sbtest%d WHERE id BETWEEN 8407394 AND 8407494
for range-notcovered
table 1 : explain SELECT id, c FROM sbtest1 WHERE id BETWEEN 4552468 AND 4552568
	Index Scan using sbtest1_pkey on sbtest1  (cost=0.43..431.93 rows=108 width=125)
	  Index Cond: ((id >= 4552468) AND (id <= 4552568))

table 2 : explain SELECT id, c FROM sbtest2 WHERE id BETWEEN 4552468 AND 4552568
	Index Scan using sbtest2_pkey on sbtest2  (cost=0.43..384.26 rows=96 width=125)
	  Index Cond: ((id >= 4552468) AND (id <= 4552568))

table 3 : explain SELECT id, c FROM sbtest3 WHERE id BETWEEN 4552468 AND 4552568
	Index Scan using sbtest3_pkey on sbtest3  (cost=0.43..408.20 rows=102 width=125)
	  Index Cond: ((id >= 4552468) AND (id <= 4552568))

table 4 : explain SELECT id, c FROM sbtest4 WHERE id BETWEEN 4552468 AND 4552568
	Index Scan using sbtest4_pkey on sbtest4  (cost=0.43..443.33 rows=111 width=125)
	  Index Cond: ((id >= 4552468) AND (id <= 4552568))

table 5 : explain SELECT id, c FROM sbtest5 WHERE id BETWEEN 4552468 AND 4552568
	Index Scan using sbtest5_pkey on sbtest5  (cost=0.43..402.35 rows=101 width=125)
	  Index Cond: ((id >= 4552468) AND (id <= 4552568))

table 6 : explain SELECT id, c FROM sbtest6 WHERE id BETWEEN 4552468 AND 4552568
	Index Scan using sbtest6_pkey on sbtest6  (cost=0.43..431.14 rows=108 width=125)
	  Index Cond: ((id >= 4552468) AND (id <= 4552568))

table 7 : explain SELECT id, c FROM sbtest7 WHERE id BETWEEN 4552468 AND 4552568
	Index Scan using sbtest7_pkey on sbtest7  (cost=0.43..372.65 rows=93 width=125)
	  Index Cond: ((id >= 4552468) AND (id <= 4552568))

table 8 : explain SELECT id, c FROM sbtest8 WHERE id BETWEEN 4552468 AND 4552568
	Index Scan using sbtest8_pkey on sbtest8  (cost=0.43..383.10 rows=96 width=125)
	  Index Cond: ((id >= 4552468) AND (id <= 4552568))

explain: for range-notcovered :: explain SELECT id, c FROM sbtest%d WHERE id BETWEEN 4552468 AND 4552568
explain: for range-notcovered :: explain SELECT id, c FROM sbtest%d WHERE id BETWEEN 7347691 AND 7347791
for range-notcovered
table 1 : explain SELECT id, c FROM sbtest1 WHERE id BETWEEN 7111479 AND 7111579
	Index Scan using sbtest1_pkey on sbtest1  (cost=0.43..400.25 rows=100 width=125)
	  Index Cond: ((id >= 7111479) AND (id <= 7111579))

table 2 : explain SELECT id, c FROM sbtest2 WHERE id BETWEEN 7111479 AND 7111579
	Index Scan using sbtest2_pkey on sbtest2  (cost=0.43..408.01 rows=102 width=125)
	  Index Cond: ((id >= 7111479) AND (id <= 7111579))

table 3 : explain SELECT id, c FROM sbtest3 WHERE id BETWEEN 7111479 AND 7111579
	Index Scan using sbtest3_pkey on sbtest3  (cost=0.43..404.24 rows=101 width=125)
	  Index Cond: ((id >= 7111479) AND (id <= 7111579))

table 4 : explain SELECT id, c FROM sbtest4 WHERE id BETWEEN 7111479 AND 7111579
	Index Scan using sbtest4_pkey on sbtest4  (cost=0.43..399.83 rows=100 width=125)
	  Index Cond: ((id >= 7111479) AND (id <= 7111579))

table 5 : explain SELECT id, c FROM sbtest5 WHERE id BETWEEN 7111479 AND 7111579
	Index Scan using sbtest5_pkey on sbtest5  (cost=0.43..457.49 rows=115 width=125)
	  Index Cond: ((id >= 7111479) AND (id <= 7111579))

table 6 : explain SELECT id, c FROM sbtest6 WHERE id BETWEEN 7111479 AND 7111579
	Index Scan using sbtest6_pkey on sbtest6  (cost=0.43..391.62 rows=98 width=125)
	  Index Cond: ((id >= 7111479) AND (id <= 7111579))

table 7 : explain SELECT id, c FROM sbtest7 WHERE id BETWEEN 7111479 AND 7111579
	Index Scan using sbtest7_pkey on sbtest7  (cost=0.43..404.34 rows=101 width=125)
	  Index Cond: ((id >= 7111479) AND (id <= 7111579))

table 8 : explain SELECT id, c FROM sbtest8 WHERE id BETWEEN 7111479 AND 7111579
	Index Scan using sbtest8_pkey on sbtest8  (cost=0.43..402.83 rows=101 width=125)
	  Index Cond: ((id >= 7111479) AND (id <= 7111579))

for range-notcovered
table 1 : explain SELECT id, c FROM sbtest1 WHERE id BETWEEN 2711181 AND 2711281
	Index Scan using sbtest1_pkey on sbtest1  (cost=0.43..424.01 rows=106 width=125)
	  Index Cond: ((id >= 2711181) AND (id <= 2711281))

table 2 : explain SELECT id, c FROM sbtest2 WHERE id BETWEEN 2711181 AND 2711281
	Index Scan using sbtest2_pkey on sbtest2  (cost=0.43..423.83 rows=106 width=125)
	  Index Cond: ((id >= 2711181) AND (id <= 2711281))

table 3 : explain SELECT id, c FROM sbtest3 WHERE id BETWEEN 2711181 AND 2711281
	Index Scan using sbtest3_pkey on sbtest3  (cost=0.43..396.31 rows=99 width=125)
	  Index Cond: ((id >= 2711181) AND (id <= 2711281))

table 4 : explain SELECT id, c FROM sbtest4 WHERE id BETWEEN 2711181 AND 2711281
	Index Scan using sbtest4_pkey on sbtest4  (cost=0.43..427.52 rows=107 width=125)
	  Index Cond: ((id >= 2711181) AND (id <= 2711281))

table 5 : explain SELECT id, c FROM sbtest5 WHERE id BETWEEN 2711181 AND 2711281
	Index Scan using sbtest5_pkey on sbtest5  (cost=0.43..366.88 rows=92 width=125)
	  Index Cond: ((id >= 2711181) AND (id <= 2711281))

table 6 : explain SELECT id, c FROM sbtest6 WHERE id BETWEEN 2711181 AND 2711281
	Index Scan using sbtest6_pkey on sbtest6  (cost=0.43..431.14 rows=108 width=125)
	  Index Cond: ((id >= 2711181) AND (id <= 2711281))

table 7 : explain SELECT id, c FROM sbtest7 WHERE id BETWEEN 2711181 AND 2711281
	Index Scan using sbtest7_pkey on sbtest7  (cost=0.43..412.25 rows=103 width=125)
	  Index Cond: ((id >= 2711181) AND (id <= 2711281))

table 8 : explain SELECT id, c FROM sbtest8 WHERE id BETWEEN 2711181 AND 2711281
	Index Scan using sbtest8_pkey on sbtest8  (cost=0.43..390.98 rows=98 width=125)
	  Index Cond: ((id >= 2711181) AND (id <= 2711281))

explain: for range-notcovered :: explain SELECT id, c FROM sbtest%d WHERE id BETWEEN 7111479 AND 7111579
for range-notcovered
table 1 : explain SELECT id, c FROM sbtest1 WHERE id BETWEEN 8407394 AND 8407494
	Index Scan using sbtest1_pkey on sbtest1  (cost=0.43..380.47 rows=95 width=125)
	  Index Cond: ((id >= 8407394) AND (id <= 8407494))

table 2 : explain SELECT id, c FROM sbtest2 WHERE id BETWEEN 8407394 AND 8407494
	Index Scan using sbtest2_pkey on sbtest2  (cost=0.43..423.83 rows=106 width=125)
	  Index Cond: ((id >= 8407394) AND (id <= 8407494))

table 3 : explain SELECT id, c FROM sbtest3 WHERE id BETWEEN 8407394 AND 8407494
	Index Scan using sbtest3_pkey on sbtest3  (cost=0.43..424.03 rows=106 width=125)
	  Index Cond: ((id >= 8407394) AND (id <= 8407494))

table 4 : explain SELECT id, c FROM sbtest4 WHERE id BETWEEN 8407394 AND 8407494
	Index Scan using sbtest4_pkey on sbtest4  (cost=0.43..399.83 rows=100 width=125)
	  Index Cond: ((id >= 8407394) AND (id <= 8407494))

table 5 : explain SELECT id, c FROM sbtest5 WHERE id BETWEEN 8407394 AND 8407494
	Index Scan using sbtest5_pkey on sbtest5  (cost=0.43..473.24 rows=119 width=125)
	  Index Cond: ((id >= 8407394) AND (id <= 8407494))

table 6 : explain SELECT id, c FROM sbtest6 WHERE id BETWEEN 8407394 AND 8407494
	Index Scan using sbtest6_pkey on sbtest6  (cost=0.43..427.19 rows=107 width=125)
	  Index Cond: ((id >= 8407394) AND (id <= 8407494))

table 7 : explain SELECT id, c FROM sbtest7 WHERE id BETWEEN 8407394 AND 8407494
	Index Scan using sbtest7_pkey on sbtest7  (cost=0.43..408.29 rows=102 width=125)
	  Index Cond: ((id >= 8407394) AND (id <= 8407494))

table 8 : explain SELECT id, c FROM sbtest8 WHERE id BETWEEN 8407394 AND 8407494
	Index Scan using sbtest8_pkey on sbtest8  (cost=0.43..335.78 rows=84 width=125)
	  Index Cond: ((id >= 8407394) AND (id <= 8407494))

explain: for range-notcovered :: explain SELECT id, c FROM sbtest%d WHERE id BETWEEN 2711181 AND 2711281
explain: for range-notcovered :: explain SELECT id, c FROM sbtest%d WHERE id BETWEEN 8407394 AND 8407494
for range-notcovered
table 1 : explain SELECT id, c FROM sbtest1 WHERE id BETWEEN 5804520 AND 5804620
	Index Scan using sbtest1_pkey on sbtest1  (cost=0.43..431.93 rows=108 width=125)
	  Index Cond: ((id >= 5804520) AND (id <= 5804620))

table 2 : explain SELECT id, c FROM sbtest2 WHERE id BETWEEN 5804520 AND 5804620
	Index Scan using sbtest2_pkey on sbtest2  (cost=0.43..423.83 rows=106 width=125)
	  Index Cond: ((id >= 5804520) AND (id <= 5804620))

table 3 : explain SELECT id, c FROM sbtest3 WHERE id BETWEEN 5804520 AND 5804620
	Index Scan using sbtest3_pkey on sbtest3  (cost=0.43..416.12 rows=104 width=125)
	  Index Cond: ((id >= 5804520) AND (id <= 5804620))

table 4 : explain SELECT id, c FROM sbtest4 WHERE id BETWEEN 5804520 AND 5804620
	Index Scan using sbtest4_pkey on sbtest4  (cost=0.43..387.97 rows=97 width=125)
	  Index Cond: ((id >= 5804520) AND (id <= 5804620))

table 5 : explain SELECT id, c FROM sbtest5 WHERE id BETWEEN 5804520 AND 5804620
	Index Scan using sbtest5_pkey on sbtest5  (cost=0.43..398.41 rows=100 width=125)
	  Index Cond: ((id >= 5804520) AND (id <= 5804620))

table 6 : explain SELECT id, c FROM sbtest6 WHERE id BETWEEN 5804520 AND 5804620
	Index Scan using sbtest6_pkey on sbtest6  (cost=0.43..407.44 rows=102 width=125)
	  Index Cond: ((id >= 5804520) AND (id <= 5804620))

table 7 : explain SELECT id, c FROM sbtest7 WHERE id BETWEEN 5804520 AND 5804620
	Index Scan using sbtest7_pkey on sbtest7  (cost=0.43..360.78 rows=90 width=125)
	  Index Cond: ((id >= 5804520) AND (id <= 5804620))

table 8 : explain SELECT id, c FROM sbtest8 WHERE id BETWEEN 5804520 AND 5804620
	Index Scan using sbtest8_pkey on sbtest8  (cost=0.43..390.98 rows=98 width=125)
	  Index Cond: ((id >= 5804520) AND (id <= 5804620))

explain: for range-notcovered :: explain SELECT id, c FROM sbtest%d WHERE id BETWEEN 5804520 AND 5804620
for range-notcovered
table 1 : explain SELECT id, c FROM sbtest1 WHERE id BETWEEN 7570002 AND 7570102
	Index Scan using sbtest1_pkey on sbtest1  (cost=0.43..388.38 rows=97 width=125)
	  Index Cond: ((id >= 7570002) AND (id <= 7570102))

table 2 : explain SELECT id, c FROM sbtest2 WHERE id BETWEEN 7570002 AND 7570102
	Index Scan using sbtest2_pkey on sbtest2  (cost=0.43..376.35 rows=94 width=125)
	  Index Cond: ((id >= 7570002) AND (id <= 7570102))

table 3 : explain SELECT id, c FROM sbtest3 WHERE id BETWEEN 7570002 AND 7570102
	Index Scan using sbtest3_pkey on sbtest3  (cost=0.43..420.07 rows=105 width=125)
	  Index Cond: ((id >= 7570002) AND (id <= 7570102))

table 4 : explain SELECT id, c FROM sbtest4 WHERE id BETWEEN 7570002 AND 7570102
	Index Scan using sbtest4_pkey on sbtest4  (cost=0.43..403.80 rows=101 width=125)
	  Index Cond: ((id >= 7570002) AND (id <= 7570102))

table 5 : explain SELECT id, c FROM sbtest5 WHERE id BETWEEN 7570002 AND 7570102
	Index Scan using sbtest5_pkey on sbtest5  (cost=0.43..386.58 rows=97 width=125)
	  Index Cond: ((id >= 7570002) AND (id <= 7570102))

table 6 : explain SELECT id, c FROM sbtest6 WHERE id BETWEEN 7570002 AND 7570102
	Index Scan using sbtest6_pkey on sbtest6  (cost=0.43..435.09 rows=109 width=125)
	  Index Cond: ((id >= 7570002) AND (id <= 7570102))

table 7 : explain SELECT id, c FROM sbtest7 WHERE id BETWEEN 7570002 AND 7570102
	Index Scan using sbtest7_pkey on sbtest7  (cost=0.43..408.29 rows=102 width=125)
	  Index Cond: ((id >= 7570002) AND (id <= 7570102))

table 8 : explain SELECT id, c FROM sbtest8 WHERE id BETWEEN 7570002 AND 7570102
	Index Scan using sbtest8_pkey on sbtest8  (cost=0.43..367.32 rows=92 width=125)
	  Index Cond: ((id >= 7570002) AND (id <= 7570102))

for range-notcovered
table 1 : explain SELECT id, c FROM sbtest1 WHERE id BETWEEN 7111479 AND 7111579
	Index Scan using sbtest1_pkey on sbtest1  (cost=0.43..400.25 rows=100 width=125)
	  Index Cond: ((id >= 7111479) AND (id <= 7111579))

table 2 : explain SELECT id, c FROM sbtest2 WHERE id BETWEEN 7111479 AND 7111579
	Index Scan using sbtest2_pkey on sbtest2  (cost=0.43..408.01 rows=102 width=125)
	  Index Cond: ((id >= 7111479) AND (id <= 7111579))

table 3 : explain SELECT id, c FROM sbtest3 WHERE id BETWEEN 7111479 AND 7111579
	Index Scan using sbtest3_pkey on sbtest3  (cost=0.43..404.24 rows=101 width=125)
	  Index Cond: ((id >= 7111479) AND (id <= 7111579))

table 4 : explain SELECT id, c FROM sbtest4 WHERE id BETWEEN 7111479 AND 7111579
	Index Scan using sbtest4_pkey on sbtest4  (cost=0.43..399.83 rows=100 width=125)
	  Index Cond: ((id >= 7111479) AND (id <= 7111579))

table 5 : explain SELECT id, c FROM sbtest5 WHERE id BETWEEN 7111479 AND 7111579
	Index Scan using sbtest5_pkey on sbtest5  (cost=0.43..457.49 rows=115 width=125)
	  Index Cond: ((id >= 7111479) AND (id <= 7111579))

table 6 : explain SELECT id, c FROM sbtest6 WHERE id BETWEEN 7111479 AND 7111579
	Index Scan using sbtest6_pkey on sbtest6  (cost=0.43..391.62 rows=98 width=125)
	  Index Cond: ((id >= 7111479) AND (id <= 7111579))

table 7 : explain SELECT id, c FROM sbtest7 WHERE id BETWEEN 7111479 AND 7111579
	Index Scan using sbtest7_pkey on sbtest7  (cost=0.43..404.34 rows=101 width=125)
	  Index Cond: ((id >= 7111479) AND (id <= 7111579))

table 8 : explain SELECT id, c FROM sbtest8 WHERE id BETWEEN 7111479 AND 7111579
	Index Scan using sbtest8_pkey on sbtest8  (cost=0.43..402.83 rows=101 width=125)
	  Index Cond: ((id >= 7111479) AND (id <= 7111579))

for range-notcovered
table 1 : explain SELECT id, c FROM sbtest1 WHERE id BETWEEN 2711181 AND 2711281
	Index Scan using sbtest1_pkey on sbtest1  (cost=0.43..424.01 rows=106 width=125)
	  Index Cond: ((id >= 2711181) AND (id <= 2711281))

table 2 : explain SELECT id, c FROM sbtest2 WHERE id BETWEEN 2711181 AND 2711281
	Index Scan using sbtest2_pkey on sbtest2  (cost=0.43..423.83 rows=106 width=125)
	  Index Cond: ((id >= 2711181) AND (id <= 2711281))

table 3 : explain SELECT id, c FROM sbtest3 WHERE id BETWEEN 2711181 AND 2711281
	Index Scan using sbtest3_pkey on sbtest3  (cost=0.43..396.31 rows=99 width=125)
	  Index Cond: ((id >= 2711181) AND (id <= 2711281))

table 4 : explain SELECT id, c FROM sbtest4 WHERE id BETWEEN 2711181 AND 2711281
	Index Scan using sbtest4_pkey on sbtest4  (cost=0.43..427.52 rows=107 width=125)
	  Index Cond: ((id >= 2711181) AND (id <= 2711281))

table 5 : explain SELECT id, c FROM sbtest5 WHERE id BETWEEN 2711181 AND 2711281
	Index Scan using sbtest5_pkey on sbtest5  (cost=0.43..366.88 rows=92 width=125)
	  Index Cond: ((id >= 2711181) AND (id <= 2711281))

table 6 : explain SELECT id, c FROM sbtest6 WHERE id BETWEEN 2711181 AND 2711281
	Index Scan using sbtest6_pkey on sbtest6  (cost=0.43..431.14 rows=108 width=125)
	  Index Cond: ((id >= 2711181) AND (id <= 2711281))

table 7 : explain SELECT id, c FROM sbtest7 WHERE id BETWEEN 2711181 AND 2711281
	Index Scan using sbtest7_pkey on sbtest7  (cost=0.43..412.25 rows=103 width=125)
	  Index Cond: ((id >= 2711181) AND (id <= 2711281))

table 8 : explain SELECT id, c FROM sbtest8 WHERE id BETWEEN 2711181 AND 2711281
	Index Scan using sbtest8_pkey on sbtest8  (cost=0.43..390.98 rows=98 width=125)
	  Index Cond: ((id >= 2711181) AND (id <= 2711281))
for range-notcovered
table 1 : explain SELECT id, c FROM sbtest1 WHERE id BETWEEN 8407394 AND 8407494
	Index Scan using sbtest1_pkey on sbtest1  (cost=0.43..380.47 rows=95 width=125)
	  Index Cond: ((id >= 8407394) AND (id <= 8407494))

table 2 : explain SELECT id, c FROM sbtest2 WHERE id BETWEEN 8407394 AND 8407494
	Index Scan using sbtest2_pkey on sbtest2  (cost=0.43..423.83 rows=106 width=125)
	  Index Cond: ((id >= 8407394) AND (id <= 8407494))

table 3 : explain SELECT id, c FROM sbtest3 WHERE id BETWEEN 8407394 AND 8407494
	Index Scan using sbtest3_pkey on sbtest3  (cost=0.43..424.03 rows=106 width=125)
	  Index Cond: ((id >= 8407394) AND (id <= 8407494))

table 4 : explain SELECT id, c FROM sbtest4 WHERE id BETWEEN 8407394 AND 8407494
	Index Scan using sbtest4_pkey on sbtest4  (cost=0.43..399.83 rows=100 width=125)
	  Index Cond: ((id >= 8407394) AND (id <= 8407494))

table 5 : explain SELECT id, c FROM sbtest5 WHERE id BETWEEN 8407394 AND 8407494
	Index Scan using sbtest5_pkey on sbtest5  (cost=0.43..473.24 rows=119 width=125)
	  Index Cond: ((id >= 8407394) AND (id <= 8407494))

table 6 : explain SELECT id, c FROM sbtest6 WHERE id BETWEEN 8407394 AND 8407494
	Index Scan using sbtest6_pkey on sbtest6  (cost=0.43..427.19 rows=107 width=125)
	  Index Cond: ((id >= 8407394) AND (id <= 8407494))

table 7 : explain SELECT id, c FROM sbtest7 WHERE id BETWEEN 8407394 AND 8407494
	Index Scan using sbtest7_pkey on sbtest7  (cost=0.43..408.29 rows=102 width=125)
	  Index Cond: ((id >= 8407394) AND (id <= 8407494))

table 8 : explain SELECT id, c FROM sbtest8 WHERE id BETWEEN 8407394 AND 8407494
	Index Scan using sbtest8_pkey on sbtest8  (cost=0.43..335.78 rows=84 width=125)
	  Index Cond: ((id >= 8407394) AND (id <= 8407494))
explain: for range-notcovered :: explain SELECT id, c FROM sbtest%d WHERE id BETWEEN 7111479 AND 7111579

explain: for range-notcovered :: explain SELECT id, c FROM sbtest%d WHERE id BETWEEN 7570002 AND 7570102

explain: for range-notcovered :: explain SELECT id, c FROM sbtest%d WHERE id BETWEEN 8407394 AND 8407494
explain: for range-notcovered :: explain SELECT id, c FROM sbtest%d WHERE id BETWEEN 2711181 AND 2711281
for range-notcovered
table 1 : explain SELECT id, c FROM sbtest1 WHERE id BETWEEN 7347691 AND 7347791
	Index Scan using sbtest1_pkey on sbtest1  (cost=0.43..431.93 rows=108 width=125)
	  Index Cond: ((id >= 7347691) AND (id <= 7347791))

table 2 : explain SELECT id, c FROM sbtest2 WHERE id BETWEEN 7347691 AND 7347791
	Index Scan using sbtest2_pkey on sbtest2  (cost=0.43..372.39 rows=93 width=125)
	  Index Cond: ((id >= 7347691) AND (id <= 7347791))

table 3 : explain SELECT id, c FROM sbtest3 WHERE id BETWEEN 7347691 AND 7347791
	Index Scan using sbtest3_pkey on sbtest3  (cost=0.43..451.73 rows=113 width=125)
	  Index Cond: ((id >= 7347691) AND (id <= 7347791))

table 4 : explain SELECT id, c FROM sbtest4 WHERE id BETWEEN 7347691 AND 7347791
	Index Scan using sbtest4_pkey on sbtest4  (cost=0.43..415.66 rows=104 width=125)
	  Index Cond: ((id >= 7347691) AND (id <= 7347791))

table 5 : explain SELECT id, c FROM sbtest5 WHERE id BETWEEN 7347691 AND 7347791
	Index Scan using sbtest5_pkey on sbtest5  (cost=0.43..433.86 rows=109 width=125)
	  Index Cond: ((id >= 7347691) AND (id <= 7347791))

table 6 : explain SELECT id, c FROM sbtest6 WHERE id BETWEEN 7347691 AND 7347791
	Index Scan using sbtest6_pkey on sbtest6  (cost=0.43..415.34 rows=104 width=125)
	  Index Cond: ((id >= 7347691) AND (id <= 7347791))

table 7 : explain SELECT id, c FROM sbtest7 WHERE id BETWEEN 7347691 AND 7347791
	Index Scan using sbtest7_pkey on sbtest7  (cost=0.43..364.74 rows=91 width=125)
	  Index Cond: ((id >= 7347691) AND (id <= 7347791))

table 8 : explain SELECT id, c FROM sbtest8 WHERE id BETWEEN 7347691 AND 7347791
	Index Scan using sbtest8_pkey on sbtest8  (cost=0.43..426.49 rows=107 width=125)
	  Index Cond: ((id >= 7347691) AND (id <= 7347791))

for range-notcovered
table 1 : explain SELECT id, c FROM sbtest1 WHERE id BETWEEN 5804520 AND 5804620
	Index Scan using sbtest1_pkey on sbtest1  (cost=0.43..431.93 rows=108 width=125)
	  Index Cond: ((id >= 5804520) AND (id <= 5804620))

table 2 : explain SELECT id, c FROM sbtest2 WHERE id BETWEEN 5804520 AND 5804620
	Index Scan using sbtest2_pkey on sbtest2  (cost=0.43..423.83 rows=106 width=125)
	  Index Cond: ((id >= 5804520) AND (id <= 5804620))

table 3 : explain SELECT id, c FROM sbtest3 WHERE id BETWEEN 5804520 AND 5804620
	Index Scan using sbtest3_pkey on sbtest3  (cost=0.43..416.12 rows=104 width=125)
	  Index Cond: ((id >= 5804520) AND (id <= 5804620))

table 4 : explain SELECT id, c FROM sbtest4 WHERE id BETWEEN 5804520 AND 5804620
	Index Scan using sbtest4_pkey on sbtest4  (cost=0.43..387.97 rows=97 width=125)
	  Index Cond: ((id >= 5804520) AND (id <= 5804620))

table 5 : explain SELECT id, c FROM sbtest5 WHERE id BETWEEN 5804520 AND 5804620
	Index Scan using sbtest5_pkey on sbtest5  (cost=0.43..398.41 rows=100 width=125)
	  Index Cond: ((id >= 5804520) AND (id <= 5804620))

table 6 : explain SELECT id, c FROM sbtest6 WHERE id BETWEEN 5804520 AND 5804620
	Index Scan using sbtest6_pkey on sbtest6  (cost=0.43..407.44 rows=102 width=125)
	  Index Cond: ((id >= 5804520) AND (id <= 5804620))

table 7 : explain SELECT id, c FROM sbtest7 WHERE id BETWEEN 5804520 AND 5804620
	Index Scan using sbtest7_pkey on sbtest7  (cost=0.43..360.78 rows=90 width=125)
	  Index Cond: ((id >= 5804520) AND (id <= 5804620))

table 8 : explain SELECT id, c FROM sbtest8 WHERE id BETWEEN 5804520 AND 5804620
	Index Scan using sbtest8_pkey on sbtest8  (cost=0.43..390.98 rows=98 width=125)
	  Index Cond: ((id >= 5804520) AND (id <= 5804620))

for range-notcovered
table 1 : explain SELECT id, c FROM sbtest1 WHERE id BETWEEN 4552468 AND 4552568
	Index Scan using sbtest1_pkey on sbtest1  (cost=0.43..431.93 rows=108 width=125)
	  Index Cond: ((id >= 4552468) AND (id <= 4552568))

table 2 : explain SELECT id, c FROM sbtest2 WHERE id BETWEEN 4552468 AND 4552568
	Index Scan using sbtest2_pkey on sbtest2  (cost=0.43..384.26 rows=96 width=125)
	  Index Cond: ((id >= 4552468) AND (id <= 4552568))

table 3 : explain SELECT id, c FROM sbtest3 WHERE id BETWEEN 4552468 AND 4552568
	Index Scan using sbtest3_pkey on sbtest3  (cost=0.43..408.20 rows=102 width=125)
	  Index Cond: ((id >= 4552468) AND (id <= 4552568))

table 4 : explain SELECT id, c FROM sbtest4 WHERE id BETWEEN 4552468 AND 4552568
	Index Scan using sbtest4_pkey on sbtest4  (cost=0.43..443.33 rows=111 width=125)
	  Index Cond: ((id >= 4552468) AND (id <= 4552568))

table 5 : explain SELECT id, c FROM sbtest5 WHERE id BETWEEN 4552468 AND 4552568
	Index Scan using sbtest5_pkey on sbtest5  (cost=0.43..402.35 rows=101 width=125)
	  Index Cond: ((id >= 4552468) AND (id <= 4552568))

table 6 : explain SELECT id, c FROM sbtest6 WHERE id BETWEEN 4552468 AND 4552568
	Index Scan using sbtest6_pkey on sbtest6  (cost=0.43..431.14 rows=108 width=125)
	  Index Cond: ((id >= 4552468) AND (id <= 4552568))

table 7 : explain SELECT id, c FROM sbtest7 WHERE id BETWEEN 4552468 AND 4552568
	Index Scan using sbtest7_pkey on sbtest7  (cost=0.43..372.65 rows=93 width=125)
	  Index Cond: ((id >= 4552468) AND (id <= 4552568))

table 8 : explain SELECT id, c FROM sbtest8 WHERE id BETWEEN 4552468 AND 4552568
	Index Scan using sbtest8_pkey on sbtest8  (cost=0.43..383.10 rows=96 width=125)
	  Index Cond: ((id >= 4552468) AND (id <= 4552568))

explain: for range-notcovered :: explain SELECT id, c FROM sbtest%d WHERE id BETWEEN 5804520 AND 5804620
explain: for range-notcovered :: explain SELECT id, c FROM sbtest%d WHERE id BETWEEN 7347691 AND 7347791
for range-notcovered
table 1 : explain SELECT id, c FROM sbtest1 WHERE id BETWEEN 7111479 AND 7111579
	Index Scan using sbtest1_pkey on sbtest1  (cost=0.43..400.25 rows=100 width=125)
	  Index Cond: ((id >= 7111479) AND (id <= 7111579))

table 2 : explain SELECT id, c FROM sbtest2 WHERE id BETWEEN 7111479 AND 7111579
	Index Scan using sbtest2_pkey on sbtest2  (cost=0.43..408.01 rows=102 width=125)
	  Index Cond: ((id >= 7111479) AND (id <= 7111579))

table 3 : explain SELECT id, c FROM sbtest3 WHERE id BETWEEN 7111479 AND 7111579
	Index Scan using sbtest3_pkey on sbtest3  (cost=0.43..404.24 rows=101 width=125)
	  Index Cond: ((id >= 7111479) AND (id <= 7111579))

table 4 : explain SELECT id, c FROM sbtest4 WHERE id BETWEEN 7111479 AND 7111579
	Index Scan using sbtest4_pkey on sbtest4  (cost=0.43..399.83 rows=100 width=125)
	  Index Cond: ((id >= 7111479) AND (id <= 7111579))

table 5 : explain SELECT id, c FROM sbtest5 WHERE id BETWEEN 7111479 AND 7111579
	Index Scan using sbtest5_pkey on sbtest5  (cost=0.43..457.49 rows=115 width=125)
	  Index Cond: ((id >= 7111479) AND (id <= 7111579))

table 6 : explain SELECT id, c FROM sbtest6 WHERE id BETWEEN 7111479 AND 7111579
	Index Scan using sbtest6_pkey on sbtest6  (cost=0.43..391.62 rows=98 width=125)
	  Index Cond: ((id >= 7111479) AND (id <= 7111579))

table 7 : explain SELECT id, c FROM sbtest7 WHERE id BETWEEN 7111479 AND 7111579
	Index Scan using sbtest7_pkey on sbtest7  (cost=0.43..404.34 rows=101 width=125)
	  Index Cond: ((id >= 7111479) AND (id <= 7111579))

table 8 : explain SELECT id, c FROM sbtest8 WHERE id BETWEEN 7111479 AND 7111579
	Index Scan using sbtest8_pkey on sbtest8  (cost=0.43..402.83 rows=101 width=125)
	  Index Cond: ((id >= 7111479) AND (id <= 7111579))

for range-notcovered
table 1 : explain SELECT id, c FROM sbtest1 WHERE id BETWEEN 8407394 AND 8407494
	Index Scan using sbtest1_pkey on sbtest1  (cost=0.43..380.47 rows=95 width=125)
	  Index Cond: ((id >= 8407394) AND (id <= 8407494))

table 2 : explain SELECT id, c FROM sbtest2 WHERE id BETWEEN 8407394 AND 8407494
	Index Scan using sbtest2_pkey on sbtest2  (cost=0.43..423.83 rows=106 width=125)
	  Index Cond: ((id >= 8407394) AND (id <= 8407494))

table 3 : explain SELECT id, c FROM sbtest3 WHERE id BETWEEN 8407394 AND 8407494
	Index Scan using sbtest3_pkey on sbtest3  (cost=0.43..424.03 rows=106 width=125)
	  Index Cond: ((id >= 8407394) AND (id <= 8407494))

table 4 : explain SELECT id, c FROM sbtest4 WHERE id BETWEEN 8407394 AND 8407494
	Index Scan using sbtest4_pkey on sbtest4  (cost=0.43..399.83 rows=100 width=125)
	  Index Cond: ((id >= 8407394) AND (id <= 8407494))

table 5 : explain SELECT id, c FROM sbtest5 WHERE id BETWEEN 8407394 AND 8407494
	Index Scan using sbtest5_pkey on sbtest5  (cost=0.43..473.24 rows=119 width=125)
	  Index Cond: ((id >= 8407394) AND (id <= 8407494))

table 6 : explain SELECT id, c FROM sbtest6 WHERE id BETWEEN 8407394 AND 8407494
	Index Scan using sbtest6_pkey on sbtest6  (cost=0.43..427.19 rows=107 width=125)
	  Index Cond: ((id >= 8407394) AND (id <= 8407494))

table 7 : explain SELECT id, c FROM sbtest7 WHERE id BETWEEN 8407394 AND 8407494
	Index Scan using sbtest7_pkey on sbtest7  (cost=0.43..408.29 rows=102 width=125)
	  Index Cond: ((id >= 8407394) AND (id <= 8407494))

table 8 : explain SELECT id, c FROM sbtest8 WHERE id BETWEEN 8407394 AND 8407494
	Index Scan using sbtest8_pkey on sbtest8  (cost=0.43..335.78 rows=84 width=125)
	  Index Cond: ((id >= 8407394) AND (id <= 8407494))

for range-notcovered
table 1 : explain SELECT id, c FROM sbtest1 WHERE id BETWEEN 2711181 AND 2711281
	Index Scan using sbtest1_pkey on sbtest1  (cost=0.43..424.01 rows=106 width=125)
	  Index Cond: ((id >= 2711181) AND (id <= 2711281))

table 2 : explain SELECT id, c FROM sbtest2 WHERE id BETWEEN 2711181 AND 2711281
	Index Scan using sbtest2_pkey on sbtest2  (cost=0.43..423.83 rows=106 width=125)
	  Index Cond: ((id >= 2711181) AND (id <= 2711281))

table 3 : explain SELECT id, c FROM sbtest3 WHERE id BETWEEN 2711181 AND 2711281
	Index Scan using sbtest3_pkey on sbtest3  (cost=0.43..396.31 rows=99 width=125)
	  Index Cond: ((id >= 2711181) AND (id <= 2711281))

table 4 : explain SELECT id, c FROM sbtest4 WHERE id BETWEEN 2711181 AND 2711281
	Index Scan using sbtest4_pkey on sbtest4  (cost=0.43..427.52 rows=107 width=125)
	  Index Cond: ((id >= 2711181) AND (id <= 2711281))

table 5 : explain SELECT id, c FROM sbtest5 WHERE id BETWEEN 2711181 AND 2711281
	Index Scan using sbtest5_pkey on sbtest5  (cost=0.43..366.88 rows=92 width=125)
	  Index Cond: ((id >= 2711181) AND (id <= 2711281))

table 6 : explain SELECT id, c FROM sbtest6 WHERE id BETWEEN 2711181 AND 2711281
	Index Scan using sbtest6_pkey on sbtest6  (cost=0.43..431.14 rows=108 width=125)
	  Index Cond: ((id >= 2711181) AND (id <= 2711281))

table 7 : explain SELECT id, c FROM sbtest7 WHERE id BETWEEN 2711181 AND 2711281
	Index Scan using sbtest7_pkey on sbtest7  (cost=0.43..412.25 rows=103 width=125)
	  Index Cond: ((id >= 2711181) AND (id <= 2711281))

table 8 : explain SELECT id, c FROM sbtest8 WHERE id BETWEEN 2711181 AND 2711281
	Index Scan using sbtest8_pkey on sbtest8  (cost=0.43..390.98 rows=98 width=125)
	  Index Cond: ((id >= 2711181) AND (id <= 2711281))

for range-notcovered
table 1 : explain SELECT id, c FROM sbtest1 WHERE id BETWEEN 7570002 AND 7570102
	Index Scan using sbtest1_pkey on sbtest1  (cost=0.43..388.38 rows=97 width=125)
	  Index Cond: ((id >= 7570002) AND (id <= 7570102))

table 2 : explain SELECT id, c FROM sbtest2 WHERE id BETWEEN 7570002 AND 7570102
	Index Scan using sbtest2_pkey on sbtest2  (cost=0.43..376.35 rows=94 width=125)
	  Index Cond: ((id >= 7570002) AND (id <= 7570102))

table 3 : explain SELECT id, c FROM sbtest3 WHERE id BETWEEN 7570002 AND 7570102
	Index Scan using sbtest3_pkey on sbtest3  (cost=0.43..420.07 rows=105 width=125)
	  Index Cond: ((id >= 7570002) AND (id <= 7570102))

table 4 : explain SELECT id, c FROM sbtest4 WHERE id BETWEEN 7570002 AND 7570102
	Index Scan using sbtest4_pkey on sbtest4  (cost=0.43..403.80 rows=101 width=125)
	  Index Cond: ((id >= 7570002) AND (id <= 7570102))

table 5 : explain SELECT id, c FROM sbtest5 WHERE id BETWEEN 7570002 AND 7570102
	Index Scan using sbtest5_pkey on sbtest5  (cost=0.43..386.58 rows=97 width=125)
	  Index Cond: ((id >= 7570002) AND (id <= 7570102))

table 6 : explain SELECT id, c FROM sbtest6 WHERE id BETWEEN 7570002 AND 7570102
	Index Scan using sbtest6_pkey on sbtest6  (cost=0.43..435.09 rows=109 width=125)
	  Index Cond: ((id >= 7570002) AND (id <= 7570102))

table 7 : explain SELECT id, c FROM sbtest7 WHERE id BETWEEN 7570002 AND 7570102
	Index Scan using sbtest7_pkey on sbtest7  (cost=0.43..408.29 rows=102 width=125)
	  Index Cond: ((id >= 7570002) AND (id <= 7570102))

table 8 : explain SELECT id, c FROM sbtest8 WHERE id BETWEEN 7570002 AND 7570102
	Index Scan using sbtest8_pkey on sbtest8  (cost=0.43..367.32 rows=92 width=125)
	  Index Cond: ((id >= 7570002) AND (id <= 7570102))

explain: for range-notcovered :: explain SELECT id, c FROM sbtest%d WHERE id BETWEEN 8407394 AND 8407494
explain: for range-notcovered :: explain SELECT id, c FROM sbtest%d WHERE id BETWEEN 2711181 AND 2711281
explain: for range-notcovered :: explain SELECT id, c FROM sbtest%d WHERE id BETWEEN 7570002 AND 7570102
for range-notcovered
table 1 : explain SELECT id, c FROM sbtest1 WHERE id BETWEEN 5804520 AND 5804620
	Index Scan using sbtest1_pkey on sbtest1  (cost=0.43..431.93 rows=108 width=125)
	  Index Cond: ((id >= 5804520) AND (id <= 5804620))

table 2 : explain SELECT id, c FROM sbtest2 WHERE id BETWEEN 5804520 AND 5804620
	Index Scan using sbtest2_pkey on sbtest2  (cost=0.43..423.83 rows=106 width=125)
	  Index Cond: ((id >= 5804520) AND (id <= 5804620))

table 3 : explain SELECT id, c FROM sbtest3 WHERE id BETWEEN 5804520 AND 5804620
	Index Scan using sbtest3_pkey on sbtest3  (cost=0.43..416.12 rows=104 width=125)
	  Index Cond: ((id >= 5804520) AND (id <= 5804620))

table 4 : explain SELECT id, c FROM sbtest4 WHERE id BETWEEN 5804520 AND 5804620
	Index Scan using sbtest4_pkey on sbtest4  (cost=0.43..387.97 rows=97 width=125)
	  Index Cond: ((id >= 5804520) AND (id <= 5804620))

table 5 : explain SELECT id, c FROM sbtest5 WHERE id BETWEEN 5804520 AND 5804620
	Index Scan using sbtest5_pkey on sbtest5  (cost=0.43..398.41 rows=100 width=125)
	  Index Cond: ((id >= 5804520) AND (id <= 5804620))

table 6 : explain SELECT id, c FROM sbtest6 WHERE id BETWEEN 5804520 AND 5804620
	Index Scan using sbtest6_pkey on sbtest6  (cost=0.43..407.44 rows=102 width=125)
	  Index Cond: ((id >= 5804520) AND (id <= 5804620))

table 7 : explain SELECT id, c FROM sbtest7 WHERE id BETWEEN 5804520 AND 5804620
	Index Scan using sbtest7_pkey on sbtest7  (cost=0.43..360.78 rows=90 width=125)
	  Index Cond: ((id >= 5804520) AND (id <= 5804620))

table 8 : explain SELECT id, c FROM sbtest8 WHERE id BETWEEN 5804520 AND 5804620
	Index Scan using sbtest8_pkey on sbtest8  (cost=0.43..390.98 rows=98 width=125)
	  Index Cond: ((id >= 5804520) AND (id <= 5804620))

explain: for range-notcovered :: explain SELECT id, c FROM sbtest%d WHERE id BETWEEN 5804520 AND 5804620
for range-notcovered
table 1 : explain SELECT id, c FROM sbtest1 WHERE id BETWEEN 8407394 AND 8407494
	Index Scan using sbtest1_pkey on sbtest1  (cost=0.43..380.47 rows=95 width=125)
	  Index Cond: ((id >= 8407394) AND (id <= 8407494))

table 2 : explain SELECT id, c FROM sbtest2 WHERE id BETWEEN 8407394 AND 8407494
	Index Scan using sbtest2_pkey on sbtest2  (cost=0.43..423.83 rows=106 width=125)
	  Index Cond: ((id >= 8407394) AND (id <= 8407494))

table 3 : explain SELECT id, c FROM sbtest3 WHERE id BETWEEN 8407394 AND 8407494
	Index Scan using sbtest3_pkey on sbtest3  (cost=0.43..424.03 rows=106 width=125)
	  Index Cond: ((id >= 8407394) AND (id <= 8407494))

table 4 : explain SELECT id, c FROM sbtest4 WHERE id BETWEEN 8407394 AND 8407494
	Index Scan using sbtest4_pkey on sbtest4  (cost=0.43..399.83 rows=100 width=125)
	  Index Cond: ((id >= 8407394) AND (id <= 8407494))

table 5 : explain SELECT id, c FROM sbtest5 WHERE id BETWEEN 8407394 AND 8407494
	Index Scan using sbtest5_pkey on sbtest5  (cost=0.43..473.24 rows=119 width=125)
	  Index Cond: ((id >= 8407394) AND (id <= 8407494))

table 6 : explain SELECT id, c FROM sbtest6 WHERE id BETWEEN 8407394 AND 8407494
	Index Scan using sbtest6_pkey on sbtest6  (cost=0.43..427.19 rows=107 width=125)
	  Index Cond: ((id >= 8407394) AND (id <= 8407494))

table 7 : explain SELECT id, c FROM sbtest7 WHERE id BETWEEN 8407394 AND 8407494
	Index Scan using sbtest7_pkey on sbtest7  (cost=0.43..408.29 rows=102 width=125)
	  Index Cond: ((id >= 8407394) AND (id <= 8407494))

table 8 : explain SELECT id, c FROM sbtest8 WHERE id BETWEEN 8407394 AND 8407494
	Index Scan using sbtest8_pkey on sbtest8  (cost=0.43..335.78 rows=84 width=125)
	  Index Cond: ((id >= 8407394) AND (id <= 8407494))

for range-notcovered
table 1 : explain SELECT id, c FROM sbtest1 WHERE id BETWEEN 2711181 AND 2711281
	Index Scan using sbtest1_pkey on sbtest1  (cost=0.43..424.01 rows=106 width=125)
	  Index Cond: ((id >= 2711181) AND (id <= 2711281))

table 2 : explain SELECT id, c FROM sbtest2 WHERE id BETWEEN 2711181 AND 2711281
	Index Scan using sbtest2_pkey on sbtest2  (cost=0.43..423.83 rows=106 width=125)
	  Index Cond: ((id >= 2711181) AND (id <= 2711281))

table 3 : explain SELECT id, c FROM sbtest3 WHERE id BETWEEN 2711181 AND 2711281
	Index Scan using sbtest3_pkey on sbtest3  (cost=0.43..396.31 rows=99 width=125)
	  Index Cond: ((id >= 2711181) AND (id <= 2711281))

table 4 : explain SELECT id, c FROM sbtest4 WHERE id BETWEEN 2711181 AND 2711281
	Index Scan using sbtest4_pkey on sbtest4  (cost=0.43..427.52 rows=107 width=125)
	  Index Cond: ((id >= 2711181) AND (id <= 2711281))

table 5 : explain SELECT id, c FROM sbtest5 WHERE id BETWEEN 2711181 AND 2711281
	Index Scan using sbtest5_pkey on sbtest5  (cost=0.43..366.88 rows=92 width=125)
	  Index Cond: ((id >= 2711181) AND (id <= 2711281))

table 6 : explain SELECT id, c FROM sbtest6 WHERE id BETWEEN 2711181 AND 2711281
	Index Scan using sbtest6_pkey on sbtest6  (cost=0.43..431.14 rows=108 width=125)
	  Index Cond: ((id >= 2711181) AND (id <= 2711281))

table 7 : explain SELECT id, c FROM sbtest7 WHERE id BETWEEN 2711181 AND 2711281
	Index Scan using sbtest7_pkey on sbtest7  (cost=0.43..412.25 rows=103 width=125)
	  Index Cond: ((id >= 2711181) AND (id <= 2711281))

table 8 : explain SELECT id, c FROM sbtest8 WHERE id BETWEEN 2711181 AND 2711281
	Index Scan using sbtest8_pkey on sbtest8  (cost=0.43..390.98 rows=98 width=125)
	  Index Cond: ((id >= 2711181) AND (id <= 2711281))

for range-notcovered
table 1 : explain SELECT id, c FROM sbtest1 WHERE id BETWEEN 7347691 AND 7347791
	Index Scan using sbtest1_pkey on sbtest1  (cost=0.43..431.93 rows=108 width=125)
	  Index Cond: ((id >= 7347691) AND (id <= 7347791))

table 2 : explain SELECT id, c FROM sbtest2 WHERE id BETWEEN 7347691 AND 7347791
	Index Scan using sbtest2_pkey on sbtest2  (cost=0.43..372.39 rows=93 width=125)
	  Index Cond: ((id >= 7347691) AND (id <= 7347791))

table 3 : explain SELECT id, c FROM sbtest3 WHERE id BETWEEN 7347691 AND 7347791
	Index Scan using sbtest3_pkey on sbtest3  (cost=0.43..451.73 rows=113 width=125)
	  Index Cond: ((id >= 7347691) AND (id <= 7347791))

table 4 : explain SELECT id, c FROM sbtest4 WHERE id BETWEEN 7347691 AND 7347791
	Index Scan using sbtest4_pkey on sbtest4  (cost=0.43..415.66 rows=104 width=125)
	  Index Cond: ((id >= 7347691) AND (id <= 7347791))

table 5 : explain SELECT id, c FROM sbtest5 WHERE id BETWEEN 7347691 AND 7347791
	Index Scan using sbtest5_pkey on sbtest5  (cost=0.43..433.86 rows=109 width=125)
	  Index Cond: ((id >= 7347691) AND (id <= 7347791))

table 6 : explain SELECT id, c FROM sbtest6 WHERE id BETWEEN 7347691 AND 7347791
	Index Scan using sbtest6_pkey on sbtest6  (cost=0.43..415.34 rows=104 width=125)
	  Index Cond: ((id >= 7347691) AND (id <= 7347791))

table 7 : explain SELECT id, c FROM sbtest7 WHERE id BETWEEN 7347691 AND 7347791
	Index Scan using sbtest7_pkey on sbtest7  (cost=0.43..364.74 rows=91 width=125)
	  Index Cond: ((id >= 7347691) AND (id <= 7347791))

table 8 : explain SELECT id, c FROM sbtest8 WHERE id BETWEEN 7347691 AND 7347791
	Index Scan using sbtest8_pkey on sbtest8  (cost=0.43..426.49 rows=107 width=125)
	  Index Cond: ((id >= 7347691) AND (id <= 7347791))

explain: for range-notcovered :: explain SELECT id, c FROM sbtest%d WHERE id BETWEEN 8407394 AND 8407494
for range-notcovered
table 1 : explain SELECT id, c FROM sbtest1 WHERE id BETWEEN 7570002 AND 7570102
	Index Scan using sbtest1_pkey on sbtest1  (cost=0.43..388.38 rows=97 width=125)
	  Index Cond: ((id >= 7570002) AND (id <= 7570102))

table 2 : explain SELECT id, c FROM sbtest2 WHERE id BETWEEN 7570002 AND 7570102
	Index Scan using sbtest2_pkey on sbtest2  (cost=0.43..376.35 rows=94 width=125)
	  Index Cond: ((id >= 7570002) AND (id <= 7570102))

table 3 : explain SELECT id, c FROM sbtest3 WHERE id BETWEEN 7570002 AND 7570102
	Index Scan using sbtest3_pkey on sbtest3  (cost=0.43..420.07 rows=105 width=125)
	  Index Cond: ((id >= 7570002) AND (id <= 7570102))

table 4 : explain SELECT id, c FROM sbtest4 WHERE id BETWEEN 7570002 AND 7570102
	Index Scan using sbtest4_pkey on sbtest4  (cost=0.43..403.80 rows=101 width=125)
	  Index Cond: ((id >= 7570002) AND (id <= 7570102))

table 5 : explain SELECT id, c FROM sbtest5 WHERE id BETWEEN 7570002 AND 7570102
	Index Scan using sbtest5_pkey on sbtest5  (cost=0.43..386.58 rows=97 width=125)
	  Index Cond: ((id >= 7570002) AND (id <= 7570102))

table 6 : explain SELECT id, c FROM sbtest6 WHERE id BETWEEN 7570002 AND 7570102
	Index Scan using sbtest6_pkey on sbtest6  (cost=0.43..435.09 rows=109 width=125)
	  Index Cond: ((id >= 7570002) AND (id <= 7570102))

table 7 : explain SELECT id, c FROM sbtest7 WHERE id BETWEEN 7570002 AND 7570102
	Index Scan using sbtest7_pkey on sbtest7  (cost=0.43..408.29 rows=102 width=125)
	  Index Cond: ((id >= 7570002) AND (id <= 7570102))

table 8 : explain SELECT id, c FROM sbtest8 WHERE id BETWEEN 7570002 AND 7570102
	Index Scan using sbtest8_pkey on sbtest8  (cost=0.43..367.32 rows=92 width=125)
	  Index Cond: ((id >= 7570002) AND (id <= 7570102))

explain: for range-notcovered :: explain SELECT id, c FROM sbtest%d WHERE id BETWEEN 7347691 AND 7347791
explain: for range-notcovered :: explain SELECT id, c FROM sbtest%d WHERE id BETWEEN 2711181 AND 2711281
explain: for range-notcovered :: explain SELECT id, c FROM sbtest%d WHERE id BETWEEN 7570002 AND 7570102
for range-notcovered
table 1 : explain SELECT id, c FROM sbtest1 WHERE id BETWEEN 1495812 AND 1495912
	Index Scan using sbtest1_pkey on sbtest1  (cost=0.43..396.29 rows=99 width=125)
	  Index Cond: ((id >= 1495812) AND (id <= 1495912))

table 2 : explain SELECT id, c FROM sbtest2 WHERE id BETWEEN 1495812 AND 1495912
	Index Scan using sbtest2_pkey on sbtest2  (cost=0.43..376.35 rows=94 width=125)
	  Index Cond: ((id >= 1495812) AND (id <= 1495912))

table 3 : explain SELECT id, c FROM sbtest3 WHERE id BETWEEN 1495812 AND 1495912
	Index Scan using sbtest3_pkey on sbtest3  (cost=0.43..424.03 rows=106 width=125)
	  Index Cond: ((id >= 1495812) AND (id <= 1495912))

table 4 : explain SELECT id, c FROM sbtest4 WHERE id BETWEEN 1495812 AND 1495912
	Index Scan using sbtest4_pkey on sbtest4  (cost=0.43..407.75 rows=102 width=125)
	  Index Cond: ((id >= 1495812) AND (id <= 1495912))

table 5 : explain SELECT id, c FROM sbtest5 WHERE id BETWEEN 1495812 AND 1495912
	Index Scan using sbtest5_pkey on sbtest5  (cost=0.43..445.67 rows=112 width=125)
	  Index Cond: ((id >= 1495812) AND (id <= 1495912))

table 6 : explain SELECT id, c FROM sbtest6 WHERE id BETWEEN 1495812 AND 1495912
	Index Scan using sbtest6_pkey on sbtest6  (cost=0.43..403.49 rows=101 width=125)
	  Index Cond: ((id >= 1495812) AND (id <= 1495912))

table 7 : explain SELECT id, c FROM sbtest7 WHERE id BETWEEN 1495812 AND 1495912
	Index Scan using sbtest7_pkey on sbtest7  (cost=0.43..392.45 rows=98 width=125)
	  Index Cond: ((id >= 1495812) AND (id <= 1495912))

table 8 : explain SELECT id, c FROM sbtest8 WHERE id BETWEEN 1495812 AND 1495912
	Index Scan using sbtest8_pkey on sbtest8  (cost=0.43..434.38 rows=109 width=125)
	  Index Cond: ((id >= 1495812) AND (id <= 1495912))

for range-notcovered
table 1 : explain SELECT id, c FROM sbtest1 WHERE id BETWEEN 5804520 AND 5804620
	Index Scan using sbtest1_pkey on sbtest1  (cost=0.43..431.93 rows=108 width=125)
	  Index Cond: ((id >= 5804520) AND (id <= 5804620))

table 2 : explain SELECT id, c FROM sbtest2 WHERE id BETWEEN 5804520 AND 5804620
	Index Scan using sbtest2_pkey on sbtest2  (cost=0.43..423.83 rows=106 width=125)
	  Index Cond: ((id >= 5804520) AND (id <= 5804620))

table 3 : explain SELECT id, c FROM sbtest3 WHERE id BETWEEN 5804520 AND 5804620
	Index Scan using sbtest3_pkey on sbtest3  (cost=0.43..416.12 rows=104 width=125)
	  Index Cond: ((id >= 5804520) AND (id <= 5804620))

table 4 : explain SELECT id, c FROM sbtest4 WHERE id BETWEEN 5804520 AND 5804620
	Index Scan using sbtest4_pkey on sbtest4  (cost=0.43..387.97 rows=97 width=125)
	  Index Cond: ((id >= 5804520) AND (id <= 5804620))

table 5 : explain SELECT id, c FROM sbtest5 WHERE id BETWEEN 5804520 AND 5804620
	Index Scan using sbtest5_pkey on sbtest5  (cost=0.43..398.41 rows=100 width=125)
	  Index Cond: ((id >= 5804520) AND (id <= 5804620))

table 6 : explain SELECT id, c FROM sbtest6 WHERE id BETWEEN 5804520 AND 5804620
	Index Scan using sbtest6_pkey on sbtest6  (cost=0.43..407.44 rows=102 width=125)
	  Index Cond: ((id >= 5804520) AND (id <= 5804620))

table 7 : explain SELECT id, c FROM sbtest7 WHERE id BETWEEN 5804520 AND 5804620
	Index Scan using sbtest7_pkey on sbtest7  (cost=0.43..360.78 rows=90 width=125)
	  Index Cond: ((id >= 5804520) AND (id <= 5804620))

table 8 : explain SELECT id, c FROM sbtest8 WHERE id BETWEEN 5804520 AND 5804620
	Index Scan using sbtest8_pkey on sbtest8  (cost=0.43..390.98 rows=98 width=125)
	  Index Cond: ((id >= 5804520) AND (id <= 5804620))

explain: for range-notcovered :: explain SELECT id, c FROM sbtest%d WHERE id BETWEEN 1495812 AND 1495912
explain: for range-notcovered :: explain SELECT id, c FROM sbtest%d WHERE id BETWEEN 5804520 AND 5804620
for range-notcovered
table 1 : explain SELECT id, c FROM sbtest1 WHERE id BETWEEN 7347691 AND 7347791
	Index Scan using sbtest1_pkey on sbtest1  (cost=0.43..431.93 rows=108 width=125)
	  Index Cond: ((id >= 7347691) AND (id <= 7347791))

table 2 : explain SELECT id, c FROM sbtest2 WHERE id BETWEEN 7347691 AND 7347791
	Index Scan using sbtest2_pkey on sbtest2  (cost=0.43..372.39 rows=93 width=125)
	  Index Cond: ((id >= 7347691) AND (id <= 7347791))

table 3 : explain SELECT id, c FROM sbtest3 WHERE id BETWEEN 7347691 AND 7347791
	Index Scan using sbtest3_pkey on sbtest3  (cost=0.43..451.73 rows=113 width=125)
	  Index Cond: ((id >= 7347691) AND (id <= 7347791))

table 4 : explain SELECT id, c FROM sbtest4 WHERE id BETWEEN 7347691 AND 7347791
	Index Scan using sbtest4_pkey on sbtest4  (cost=0.43..415.66 rows=104 width=125)
	  Index Cond: ((id >= 7347691) AND (id <= 7347791))

table 5 : explain SELECT id, c FROM sbtest5 WHERE id BETWEEN 7347691 AND 7347791
	Index Scan using sbtest5_pkey on sbtest5  (cost=0.43..433.86 rows=109 width=125)
	  Index Cond: ((id >= 7347691) AND (id <= 7347791))

table 6 : explain SELECT id, c FROM sbtest6 WHERE id BETWEEN 7347691 AND 7347791
	Index Scan using sbtest6_pkey on sbtest6  (cost=0.43..415.34 rows=104 width=125)
	  Index Cond: ((id >= 7347691) AND (id <= 7347791))

table 7 : explain SELECT id, c FROM sbtest7 WHERE id BETWEEN 7347691 AND 7347791
	Index Scan using sbtest7_pkey on sbtest7  (cost=0.43..364.74 rows=91 width=125)
	  Index Cond: ((id >= 7347691) AND (id <= 7347791))

table 8 : explain SELECT id, c FROM sbtest8 WHERE id BETWEEN 7347691 AND 7347791
	Index Scan using sbtest8_pkey on sbtest8  (cost=0.43..426.49 rows=107 width=125)
	  Index Cond: ((id >= 7347691) AND (id <= 7347791))

for range-notcovered
table 1 : explain SELECT id, c FROM sbtest1 WHERE id BETWEEN 8407394 AND 8407494
	Index Scan using sbtest1_pkey on sbtest1  (cost=0.43..380.47 rows=95 width=125)
	  Index Cond: ((id >= 8407394) AND (id <= 8407494))

table 2 : explain SELECT id, c FROM sbtest2 WHERE id BETWEEN 8407394 AND 8407494
	Index Scan using sbtest2_pkey on sbtest2  (cost=0.43..423.83 rows=106 width=125)
	  Index Cond: ((id >= 8407394) AND (id <= 8407494))

table 3 : explain SELECT id, c FROM sbtest3 WHERE id BETWEEN 8407394 AND 8407494
	Index Scan using sbtest3_pkey on sbtest3  (cost=0.43..424.03 rows=106 width=125)
	  Index Cond: ((id >= 8407394) AND (id <= 8407494))

table 4 : explain SELECT id, c FROM sbtest4 WHERE id BETWEEN 8407394 AND 8407494
	Index Scan using sbtest4_pkey on sbtest4  (cost=0.43..399.83 rows=100 width=125)
	  Index Cond: ((id >= 8407394) AND (id <= 8407494))

table 5 : explain SELECT id, c FROM sbtest5 WHERE id BETWEEN 8407394 AND 8407494
	Index Scan using sbtest5_pkey on sbtest5  (cost=0.43..473.24 rows=119 width=125)
	  Index Cond: ((id >= 8407394) AND (id <= 8407494))

table 6 : explain SELECT id, c FROM sbtest6 WHERE id BETWEEN 8407394 AND 8407494
	Index Scan using sbtest6_pkey on sbtest6  (cost=0.43..427.19 rows=107 width=125)
	  Index Cond: ((id >= 8407394) AND (id <= 8407494))

table 7 : explain SELECT id, c FROM sbtest7 WHERE id BETWEEN 8407394 AND 8407494
	Index Scan using sbtest7_pkey on sbtest7  (cost=0.43..408.29 rows=102 width=125)
	  Index Cond: ((id >= 8407394) AND (id <= 8407494))

table 8 : explain SELECT id, c FROM sbtest8 WHERE id BETWEEN 8407394 AND 8407494
	Index Scan using sbtest8_pkey on sbtest8  (cost=0.43..335.78 rows=84 width=125)
	  Index Cond: ((id >= 8407394) AND (id <= 8407494))

explain: for range-notcovered :: explain SELECT id, c FROM sbtest%d WHERE id BETWEEN 7347691 AND 7347791
for range-notcovered
table 1 : explain SELECT id, c FROM sbtest1 WHERE id BETWEEN 7570002 AND 7570102
	Index Scan using sbtest1_pkey on sbtest1  (cost=0.43..388.38 rows=97 width=125)
	  Index Cond: ((id >= 7570002) AND (id <= 7570102))

table 2 : explain SELECT id, c FROM sbtest2 WHERE id BETWEEN 7570002 AND 7570102
	Index Scan using sbtest2_pkey on sbtest2  (cost=0.43..376.35 rows=94 width=125)
	  Index Cond: ((id >= 7570002) AND (id <= 7570102))

table 3 : explain SELECT id, c FROM sbtest3 WHERE id BETWEEN 7570002 AND 7570102
	Index Scan using sbtest3_pkey on sbtest3  (cost=0.43..420.07 rows=105 width=125)
	  Index Cond: ((id >= 7570002) AND (id <= 7570102))

table 4 : explain SELECT id, c FROM sbtest4 WHERE id BETWEEN 7570002 AND 7570102
	Index Scan using sbtest4_pkey on sbtest4  (cost=0.43..403.80 rows=101 width=125)
	  Index Cond: ((id >= 7570002) AND (id <= 7570102))

table 5 : explain SELECT id, c FROM sbtest5 WHERE id BETWEEN 7570002 AND 7570102
	Index Scan using sbtest5_pkey on sbtest5  (cost=0.43..386.58 rows=97 width=125)
	  Index Cond: ((id >= 7570002) AND (id <= 7570102))

table 6 : explain SELECT id, c FROM sbtest6 WHERE id BETWEEN 7570002 AND 7570102
	Index Scan using sbtest6_pkey on sbtest6  (cost=0.43..435.09 rows=109 width=125)
	  Index Cond: ((id >= 7570002) AND (id <= 7570102))

table 7 : explain SELECT id, c FROM sbtest7 WHERE id BETWEEN 7570002 AND 7570102
	Index Scan using sbtest7_pkey on sbtest7  (cost=0.43..408.29 rows=102 width=125)
	  Index Cond: ((id >= 7570002) AND (id <= 7570102))

table 8 : explain SELECT id, c FROM sbtest8 WHERE id BETWEEN 7570002 AND 7570102
	Index Scan using sbtest8_pkey on sbtest8  (cost=0.43..367.32 rows=92 width=125)
	  Index Cond: ((id >= 7570002) AND (id <= 7570102))

explain: for range-notcovered :: explain SELECT id, c FROM sbtest%d WHERE id BETWEEN 7570002 AND 7570102
for range-notcovered
table 1 : explain SELECT id, c FROM sbtest1 WHERE id BETWEEN 1495812 AND 1495912
	Index Scan using sbtest1_pkey on sbtest1  (cost=0.43..396.29 rows=99 width=125)
	  Index Cond: ((id >= 1495812) AND (id <= 1495912))

table 2 : explain SELECT id, c FROM sbtest2 WHERE id BETWEEN 1495812 AND 1495912
	Index Scan using sbtest2_pkey on sbtest2  (cost=0.43..376.35 rows=94 width=125)
	  Index Cond: ((id >= 1495812) AND (id <= 1495912))

table 3 : explain SELECT id, c FROM sbtest3 WHERE id BETWEEN 1495812 AND 1495912
	Index Scan using sbtest3_pkey on sbtest3  (cost=0.43..424.03 rows=106 width=125)
	  Index Cond: ((id >= 1495812) AND (id <= 1495912))

table 4 : explain SELECT id, c FROM sbtest4 WHERE id BETWEEN 1495812 AND 1495912
	Index Scan using sbtest4_pkey on sbtest4  (cost=0.43..407.75 rows=102 width=125)
	  Index Cond: ((id >= 1495812) AND (id <= 1495912))

table 5 : explain SELECT id, c FROM sbtest5 WHERE id BETWEEN 1495812 AND 1495912
	Index Scan using sbtest5_pkey on sbtest5  (cost=0.43..445.67 rows=112 width=125)
	  Index Cond: ((id >= 1495812) AND (id <= 1495912))

table 6 : explain SELECT id, c FROM sbtest6 WHERE id BETWEEN 1495812 AND 1495912
	Index Scan using sbtest6_pkey on sbtest6  (cost=0.43..403.49 rows=101 width=125)
	  Index Cond: ((id >= 1495812) AND (id <= 1495912))

table 7 : explain SELECT id, c FROM sbtest7 WHERE id BETWEEN 1495812 AND 1495912
	Index Scan using sbtest7_pkey on sbtest7  (cost=0.43..392.45 rows=98 width=125)
	  Index Cond: ((id >= 1495812) AND (id <= 1495912))

table 8 : explain SELECT id, c FROM sbtest8 WHERE id BETWEEN 1495812 AND 1495912
	Index Scan using sbtest8_pkey on sbtest8  (cost=0.43..434.38 rows=109 width=125)
	  Index Cond: ((id >= 1495812) AND (id <= 1495912))

for range-notcovered
table 1 : explain SELECT id, c FROM sbtest1 WHERE id BETWEEN 5804520 AND 5804620
	Index Scan using sbtest1_pkey on sbtest1  (cost=0.43..431.93 rows=108 width=125)
	  Index Cond: ((id >= 5804520) AND (id <= 5804620))

table 2 : explain SELECT id, c FROM sbtest2 WHERE id BETWEEN 5804520 AND 5804620
	Index Scan using sbtest2_pkey on sbtest2  (cost=0.43..423.83 rows=106 width=125)
	  Index Cond: ((id >= 5804520) AND (id <= 5804620))

table 3 : explain SELECT id, c FROM sbtest3 WHERE id BETWEEN 5804520 AND 5804620
	Index Scan using sbtest3_pkey on sbtest3  (cost=0.43..416.12 rows=104 width=125)
	  Index Cond: ((id >= 5804520) AND (id <= 5804620))

table 4 : explain SELECT id, c FROM sbtest4 WHERE id BETWEEN 5804520 AND 5804620
	Index Scan using sbtest4_pkey on sbtest4  (cost=0.43..387.97 rows=97 width=125)
	  Index Cond: ((id >= 5804520) AND (id <= 5804620))

table 5 : explain SELECT id, c FROM sbtest5 WHERE id BETWEEN 5804520 AND 5804620
	Index Scan using sbtest5_pkey on sbtest5  (cost=0.43..398.41 rows=100 width=125)
	  Index Cond: ((id >= 5804520) AND (id <= 5804620))

table 6 : explain SELECT id, c FROM sbtest6 WHERE id BETWEEN 5804520 AND 5804620
	Index Scan using sbtest6_pkey on sbtest6  (cost=0.43..407.44 rows=102 width=125)
	  Index Cond: ((id >= 5804520) AND (id <= 5804620))

table 7 : explain SELECT id, c FROM sbtest7 WHERE id BETWEEN 5804520 AND 5804620
	Index Scan using sbtest7_pkey on sbtest7  (cost=0.43..360.78 rows=90 width=125)
	  Index Cond: ((id >= 5804520) AND (id <= 5804620))

table 8 : explain SELECT id, c FROM sbtest8 WHERE id BETWEEN 5804520 AND 5804620
	Index Scan using sbtest8_pkey on sbtest8  (cost=0.43..390.98 rows=98 width=125)
	  Index Cond: ((id >= 5804520) AND (id <= 5804620))

explain: for range-notcovered :: explain SELECT id, c FROM sbtest%d WHERE id BETWEEN 1495812 AND 1495912
explain: for range-notcovered :: explain SELECT id, c FROM sbtest%d WHERE id BETWEEN 5804520 AND 5804620
for range-notcovered
table 1 : explain SELECT id, c FROM sbtest1 WHERE id BETWEEN 7347691 AND 7347791
	Index Scan using sbtest1_pkey on sbtest1  (cost=0.43..431.93 rows=108 width=125)
	  Index Cond: ((id >= 7347691) AND (id <= 7347791))

table 2 : explain SELECT id, c FROM sbtest2 WHERE id BETWEEN 7347691 AND 7347791
	Index Scan using sbtest2_pkey on sbtest2  (cost=0.43..372.39 rows=93 width=125)
	  Index Cond: ((id >= 7347691) AND (id <= 7347791))

table 3 : explain SELECT id, c FROM sbtest3 WHERE id BETWEEN 7347691 AND 7347791
	Index Scan using sbtest3_pkey on sbtest3  (cost=0.43..451.73 rows=113 width=125)
	  Index Cond: ((id >= 7347691) AND (id <= 7347791))

table 4 : explain SELECT id, c FROM sbtest4 WHERE id BETWEEN 7347691 AND 7347791
	Index Scan using sbtest4_pkey on sbtest4  (cost=0.43..415.66 rows=104 width=125)
	  Index Cond: ((id >= 7347691) AND (id <= 7347791))

table 5 : explain SELECT id, c FROM sbtest5 WHERE id BETWEEN 7347691 AND 7347791
	Index Scan using sbtest5_pkey on sbtest5  (cost=0.43..433.86 rows=109 width=125)
	  Index Cond: ((id >= 7347691) AND (id <= 7347791))

table 6 : explain SELECT id, c FROM sbtest6 WHERE id BETWEEN 7347691 AND 7347791
	Index Scan using sbtest6_pkey on sbtest6  (cost=0.43..415.34 rows=104 width=125)
	  Index Cond: ((id >= 7347691) AND (id <= 7347791))

table 7 : explain SELECT id, c FROM sbtest7 WHERE id BETWEEN 7347691 AND 7347791
	Index Scan using sbtest7_pkey on sbtest7  (cost=0.43..364.74 rows=91 width=125)
	  Index Cond: ((id >= 7347691) AND (id <= 7347791))

table 8 : explain SELECT id, c FROM sbtest8 WHERE id BETWEEN 7347691 AND 7347791
	Index Scan using sbtest8_pkey on sbtest8  (cost=0.43..426.49 rows=107 width=125)
	  Index Cond: ((id >= 7347691) AND (id <= 7347791))

explain: for range-notcovered :: explain SELECT id, c FROM sbtest%d WHERE id BETWEEN 7347691 AND 7347791
for range-notcovered
table 1 : explain SELECT id, c FROM sbtest1 WHERE id BETWEEN 7570002 AND 7570102
	Index Scan using sbtest1_pkey on sbtest1  (cost=0.43..388.38 rows=97 width=125)
	  Index Cond: ((id >= 7570002) AND (id <= 7570102))

table 2 : explain SELECT id, c FROM sbtest2 WHERE id BETWEEN 7570002 AND 7570102
	Index Scan using sbtest2_pkey on sbtest2  (cost=0.43..376.35 rows=94 width=125)
	  Index Cond: ((id >= 7570002) AND (id <= 7570102))

table 3 : explain SELECT id, c FROM sbtest3 WHERE id BETWEEN 7570002 AND 7570102
	Index Scan using sbtest3_pkey on sbtest3  (cost=0.43..420.07 rows=105 width=125)
	  Index Cond: ((id >= 7570002) AND (id <= 7570102))

table 4 : explain SELECT id, c FROM sbtest4 WHERE id BETWEEN 7570002 AND 7570102
	Index Scan using sbtest4_pkey on sbtest4  (cost=0.43..403.80 rows=101 width=125)
	  Index Cond: ((id >= 7570002) AND (id <= 7570102))

table 5 : explain SELECT id, c FROM sbtest5 WHERE id BETWEEN 7570002 AND 7570102
	Index Scan using sbtest5_pkey on sbtest5  (cost=0.43..386.58 rows=97 width=125)
	  Index Cond: ((id >= 7570002) AND (id <= 7570102))

table 6 : explain SELECT id, c FROM sbtest6 WHERE id BETWEEN 7570002 AND 7570102
	Index Scan using sbtest6_pkey on sbtest6  (cost=0.43..435.09 rows=109 width=125)
	  Index Cond: ((id >= 7570002) AND (id <= 7570102))

table 7 : explain SELECT id, c FROM sbtest7 WHERE id BETWEEN 7570002 AND 7570102
	Index Scan using sbtest7_pkey on sbtest7  (cost=0.43..408.29 rows=102 width=125)
	  Index Cond: ((id >= 7570002) AND (id <= 7570102))

table 8 : explain SELECT id, c FROM sbtest8 WHERE id BETWEEN 7570002 AND 7570102
	Index Scan using sbtest8_pkey on sbtest8  (cost=0.43..367.32 rows=92 width=125)
	  Index Cond: ((id >= 7570002) AND (id <= 7570102))

explain: for range-notcovered :: explain SELECT id, c FROM sbtest%d WHERE id BETWEEN 7570002 AND 7570102
for range-notcovered
table 1 : explain SELECT id, c FROM sbtest1 WHERE id BETWEEN 1495812 AND 1495912
	Index Scan using sbtest1_pkey on sbtest1  (cost=0.43..396.29 rows=99 width=125)
	  Index Cond: ((id >= 1495812) AND (id <= 1495912))

table 2 : explain SELECT id, c FROM sbtest2 WHERE id BETWEEN 1495812 AND 1495912
	Index Scan using sbtest2_pkey on sbtest2  (cost=0.43..376.35 rows=94 width=125)
	  Index Cond: ((id >= 1495812) AND (id <= 1495912))

table 3 : explain SELECT id, c FROM sbtest3 WHERE id BETWEEN 1495812 AND 1495912
	Index Scan using sbtest3_pkey on sbtest3  (cost=0.43..424.03 rows=106 width=125)
	  Index Cond: ((id >= 1495812) AND (id <= 1495912))

table 4 : explain SELECT id, c FROM sbtest4 WHERE id BETWEEN 1495812 AND 1495912
	Index Scan using sbtest4_pkey on sbtest4  (cost=0.43..407.75 rows=102 width=125)
	  Index Cond: ((id >= 1495812) AND (id <= 1495912))

table 5 : explain SELECT id, c FROM sbtest5 WHERE id BETWEEN 1495812 AND 1495912
	Index Scan using sbtest5_pkey on sbtest5  (cost=0.43..445.67 rows=112 width=125)
	  Index Cond: ((id >= 1495812) AND (id <= 1495912))

table 6 : explain SELECT id, c FROM sbtest6 WHERE id BETWEEN 1495812 AND 1495912
	Index Scan using sbtest6_pkey on sbtest6  (cost=0.43..403.49 rows=101 width=125)
	  Index Cond: ((id >= 1495812) AND (id <= 1495912))

table 7 : explain SELECT id, c FROM sbtest7 WHERE id BETWEEN 1495812 AND 1495912
	Index Scan using sbtest7_pkey on sbtest7  (cost=0.43..392.45 rows=98 width=125)
	  Index Cond: ((id >= 1495812) AND (id <= 1495912))

table 8 : explain SELECT id, c FROM sbtest8 WHERE id BETWEEN 1495812 AND 1495912
	Index Scan using sbtest8_pkey on sbtest8  (cost=0.43..434.38 rows=109 width=125)
	  Index Cond: ((id >= 1495812) AND (id <= 1495912))

explain: for range-notcovered :: explain SELECT id, c FROM sbtest%d WHERE id BETWEEN 1495812 AND 1495912
for range-notcovered
table 1 : explain SELECT id, c FROM sbtest1 WHERE id BETWEEN 5804520 AND 5804620
	Index Scan using sbtest1_pkey on sbtest1  (cost=0.43..431.93 rows=108 width=125)
	  Index Cond: ((id >= 5804520) AND (id <= 5804620))

table 2 : explain SELECT id, c FROM sbtest2 WHERE id BETWEEN 5804520 AND 5804620
	Index Scan using sbtest2_pkey on sbtest2  (cost=0.43..423.83 rows=106 width=125)
	  Index Cond: ((id >= 5804520) AND (id <= 5804620))

table 3 : explain SELECT id, c FROM sbtest3 WHERE id BETWEEN 5804520 AND 5804620
	Index Scan using sbtest3_pkey on sbtest3  (cost=0.43..416.12 rows=104 width=125)
	  Index Cond: ((id >= 5804520) AND (id <= 5804620))

table 4 : explain SELECT id, c FROM sbtest4 WHERE id BETWEEN 5804520 AND 5804620
	Index Scan using sbtest4_pkey on sbtest4  (cost=0.43..387.97 rows=97 width=125)
	  Index Cond: ((id >= 5804520) AND (id <= 5804620))

table 5 : explain SELECT id, c FROM sbtest5 WHERE id BETWEEN 5804520 AND 5804620
	Index Scan using sbtest5_pkey on sbtest5  (cost=0.43..398.41 rows=100 width=125)
	  Index Cond: ((id >= 5804520) AND (id <= 5804620))

table 6 : explain SELECT id, c FROM sbtest6 WHERE id BETWEEN 5804520 AND 5804620
	Index Scan using sbtest6_pkey on sbtest6  (cost=0.43..407.44 rows=102 width=125)
	  Index Cond: ((id >= 5804520) AND (id <= 5804620))

table 7 : explain SELECT id, c FROM sbtest7 WHERE id BETWEEN 5804520 AND 5804620
	Index Scan using sbtest7_pkey on sbtest7  (cost=0.43..360.78 rows=90 width=125)
	  Index Cond: ((id >= 5804520) AND (id <= 5804620))

table 8 : explain SELECT id, c FROM sbtest8 WHERE id BETWEEN 5804520 AND 5804620
	Index Scan using sbtest8_pkey on sbtest8  (cost=0.43..390.98 rows=98 width=125)
	  Index Cond: ((id >= 5804520) AND (id <= 5804620))

explain: for range-notcovered :: explain SELECT id, c FROM sbtest%d WHERE id BETWEEN 5804520 AND 5804620
for range-notcovered
table 1 : explain SELECT id, c FROM sbtest1 WHERE id BETWEEN 7347691 AND 7347791
	Index Scan using sbtest1_pkey on sbtest1  (cost=0.43..431.93 rows=108 width=125)
	  Index Cond: ((id >= 7347691) AND (id <= 7347791))

table 2 : explain SELECT id, c FROM sbtest2 WHERE id BETWEEN 7347691 AND 7347791
	Index Scan using sbtest2_pkey on sbtest2  (cost=0.43..372.39 rows=93 width=125)
	  Index Cond: ((id >= 7347691) AND (id <= 7347791))

table 3 : explain SELECT id, c FROM sbtest3 WHERE id BETWEEN 7347691 AND 7347791
	Index Scan using sbtest3_pkey on sbtest3  (cost=0.43..451.73 rows=113 width=125)
	  Index Cond: ((id >= 7347691) AND (id <= 7347791))

table 4 : explain SELECT id, c FROM sbtest4 WHERE id BETWEEN 7347691 AND 7347791
	Index Scan using sbtest4_pkey on sbtest4  (cost=0.43..415.66 rows=104 width=125)
	  Index Cond: ((id >= 7347691) AND (id <= 7347791))

table 5 : explain SELECT id, c FROM sbtest5 WHERE id BETWEEN 7347691 AND 7347791
	Index Scan using sbtest5_pkey on sbtest5  (cost=0.43..433.86 rows=109 width=125)
	  Index Cond: ((id >= 7347691) AND (id <= 7347791))

table 6 : explain SELECT id, c FROM sbtest6 WHERE id BETWEEN 7347691 AND 7347791
	Index Scan using sbtest6_pkey on sbtest6  (cost=0.43..415.34 rows=104 width=125)
	  Index Cond: ((id >= 7347691) AND (id <= 7347791))

table 7 : explain SELECT id, c FROM sbtest7 WHERE id BETWEEN 7347691 AND 7347791
	Index Scan using sbtest7_pkey on sbtest7  (cost=0.43..364.74 rows=91 width=125)
	  Index Cond: ((id >= 7347691) AND (id <= 7347791))

table 8 : explain SELECT id, c FROM sbtest8 WHERE id BETWEEN 7347691 AND 7347791
	Index Scan using sbtest8_pkey on sbtest8  (cost=0.43..426.49 rows=107 width=125)
	  Index Cond: ((id >= 7347691) AND (id <= 7347791))

explain: for range-notcovered :: explain SELECT id, c FROM sbtest%d WHERE id BETWEEN 7347691 AND 7347791
for range-notcovered
table 1 : explain SELECT id, c FROM sbtest1 WHERE id BETWEEN 7570002 AND 7570102
	Index Scan using sbtest1_pkey on sbtest1  (cost=0.43..388.38 rows=97 width=125)
	  Index Cond: ((id >= 7570002) AND (id <= 7570102))

table 2 : explain SELECT id, c FROM sbtest2 WHERE id BETWEEN 7570002 AND 7570102
	Index Scan using sbtest2_pkey on sbtest2  (cost=0.43..376.35 rows=94 width=125)
	  Index Cond: ((id >= 7570002) AND (id <= 7570102))

table 3 : explain SELECT id, c FROM sbtest3 WHERE id BETWEEN 7570002 AND 7570102
	Index Scan using sbtest3_pkey on sbtest3  (cost=0.43..420.07 rows=105 width=125)
	  Index Cond: ((id >= 7570002) AND (id <= 7570102))

table 4 : explain SELECT id, c FROM sbtest4 WHERE id BETWEEN 7570002 AND 7570102
	Index Scan using sbtest4_pkey on sbtest4  (cost=0.43..403.80 rows=101 width=125)
	  Index Cond: ((id >= 7570002) AND (id <= 7570102))

table 5 : explain SELECT id, c FROM sbtest5 WHERE id BETWEEN 7570002 AND 7570102
	Index Scan using sbtest5_pkey on sbtest5  (cost=0.43..386.58 rows=97 width=125)
	  Index Cond: ((id >= 7570002) AND (id <= 7570102))

table 6 : explain SELECT id, c FROM sbtest6 WHERE id BETWEEN 7570002 AND 7570102
	Index Scan using sbtest6_pkey on sbtest6  (cost=0.43..435.09 rows=109 width=125)
	  Index Cond: ((id >= 7570002) AND (id <= 7570102))

table 7 : explain SELECT id, c FROM sbtest7 WHERE id BETWEEN 7570002 AND 7570102
	Index Scan using sbtest7_pkey on sbtest7  (cost=0.43..408.29 rows=102 width=125)
	  Index Cond: ((id >= 7570002) AND (id <= 7570102))

table 8 : explain SELECT id, c FROM sbtest8 WHERE id BETWEEN 7570002 AND 7570102
	Index Scan using sbtest8_pkey on sbtest8  (cost=0.43..367.32 rows=92 width=125)
	  Index Cond: ((id >= 7570002) AND (id <= 7570102))

explain: for range-notcovered :: explain SELECT id, c FROM sbtest%d WHERE id BETWEEN 7570002 AND 7570102
for range-notcovered
table 1 : explain SELECT id, c FROM sbtest1 WHERE id BETWEEN 1495812 AND 1495912
	Index Scan using sbtest1_pkey on sbtest1  (cost=0.43..396.29 rows=99 width=125)
	  Index Cond: ((id >= 1495812) AND (id <= 1495912))

table 2 : explain SELECT id, c FROM sbtest2 WHERE id BETWEEN 1495812 AND 1495912
	Index Scan using sbtest2_pkey on sbtest2  (cost=0.43..376.35 rows=94 width=125)
	  Index Cond: ((id >= 1495812) AND (id <= 1495912))

table 3 : explain SELECT id, c FROM sbtest3 WHERE id BETWEEN 1495812 AND 1495912
	Index Scan using sbtest3_pkey on sbtest3  (cost=0.43..424.03 rows=106 width=125)
	  Index Cond: ((id >= 1495812) AND (id <= 1495912))

table 4 : explain SELECT id, c FROM sbtest4 WHERE id BETWEEN 1495812 AND 1495912
	Index Scan using sbtest4_pkey on sbtest4  (cost=0.43..407.75 rows=102 width=125)
	  Index Cond: ((id >= 1495812) AND (id <= 1495912))

table 5 : explain SELECT id, c FROM sbtest5 WHERE id BETWEEN 1495812 AND 1495912
	Index Scan using sbtest5_pkey on sbtest5  (cost=0.43..445.67 rows=112 width=125)
	  Index Cond: ((id >= 1495812) AND (id <= 1495912))

table 6 : explain SELECT id, c FROM sbtest6 WHERE id BETWEEN 1495812 AND 1495912
	Index Scan using sbtest6_pkey on sbtest6  (cost=0.43..403.49 rows=101 width=125)
	  Index Cond: ((id >= 1495812) AND (id <= 1495912))

table 7 : explain SELECT id, c FROM sbtest7 WHERE id BETWEEN 1495812 AND 1495912
	Index Scan using sbtest7_pkey on sbtest7  (cost=0.43..392.45 rows=98 width=125)
	  Index Cond: ((id >= 1495812) AND (id <= 1495912))

table 8 : explain SELECT id, c FROM sbtest8 WHERE id BETWEEN 1495812 AND 1495912
	Index Scan using sbtest8_pkey on sbtest8  (cost=0.43..434.38 rows=109 width=125)
	  Index Cond: ((id >= 1495812) AND (id <= 1495912))

explain: for range-notcovered :: explain SELECT id, c FROM sbtest%d WHERE id BETWEEN 1495812 AND 1495912
for range-notcovered
table 1 : explain SELECT id, c FROM sbtest1 WHERE id BETWEEN 5804520 AND 5804620
	Index Scan using sbtest1_pkey on sbtest1  (cost=0.43..431.93 rows=108 width=125)
	  Index Cond: ((id >= 5804520) AND (id <= 5804620))

table 2 : explain SELECT id, c FROM sbtest2 WHERE id BETWEEN 5804520 AND 5804620
	Index Scan using sbtest2_pkey on sbtest2  (cost=0.43..423.83 rows=106 width=125)
	  Index Cond: ((id >= 5804520) AND (id <= 5804620))

table 3 : explain SELECT id, c FROM sbtest3 WHERE id BETWEEN 5804520 AND 5804620
	Index Scan using sbtest3_pkey on sbtest3  (cost=0.43..416.12 rows=104 width=125)
	  Index Cond: ((id >= 5804520) AND (id <= 5804620))

table 4 : explain SELECT id, c FROM sbtest4 WHERE id BETWEEN 5804520 AND 5804620
	Index Scan using sbtest4_pkey on sbtest4  (cost=0.43..387.97 rows=97 width=125)
	  Index Cond: ((id >= 5804520) AND (id <= 5804620))

table 5 : explain SELECT id, c FROM sbtest5 WHERE id BETWEEN 5804520 AND 5804620
	Index Scan using sbtest5_pkey on sbtest5  (cost=0.43..398.41 rows=100 width=125)
	  Index Cond: ((id >= 5804520) AND (id <= 5804620))

table 6 : explain SELECT id, c FROM sbtest6 WHERE id BETWEEN 5804520 AND 5804620
	Index Scan using sbtest6_pkey on sbtest6  (cost=0.43..407.44 rows=102 width=125)
	  Index Cond: ((id >= 5804520) AND (id <= 5804620))

table 7 : explain SELECT id, c FROM sbtest7 WHERE id BETWEEN 5804520 AND 5804620
	Index Scan using sbtest7_pkey on sbtest7  (cost=0.43..360.78 rows=90 width=125)
	  Index Cond: ((id >= 5804520) AND (id <= 5804620))

table 8 : explain SELECT id, c FROM sbtest8 WHERE id BETWEEN 5804520 AND 5804620
	Index Scan using sbtest8_pkey on sbtest8  (cost=0.43..390.98 rows=98 width=125)
	  Index Cond: ((id >= 5804520) AND (id <= 5804620))

explain: for range-notcovered :: explain SELECT id, c FROM sbtest%d WHERE id BETWEEN 5804520 AND 5804620
for range-notcovered
table 1 : explain SELECT id, c FROM sbtest1 WHERE id BETWEEN 7347691 AND 7347791
	Index Scan using sbtest1_pkey on sbtest1  (cost=0.43..431.93 rows=108 width=125)
	  Index Cond: ((id >= 7347691) AND (id <= 7347791))

table 2 : explain SELECT id, c FROM sbtest2 WHERE id BETWEEN 7347691 AND 7347791
	Index Scan using sbtest2_pkey on sbtest2  (cost=0.43..372.39 rows=93 width=125)
	  Index Cond: ((id >= 7347691) AND (id <= 7347791))

table 3 : explain SELECT id, c FROM sbtest3 WHERE id BETWEEN 7347691 AND 7347791
	Index Scan using sbtest3_pkey on sbtest3  (cost=0.43..451.73 rows=113 width=125)
	  Index Cond: ((id >= 7347691) AND (id <= 7347791))

table 4 : explain SELECT id, c FROM sbtest4 WHERE id BETWEEN 7347691 AND 7347791
	Index Scan using sbtest4_pkey on sbtest4  (cost=0.43..415.66 rows=104 width=125)
	  Index Cond: ((id >= 7347691) AND (id <= 7347791))

table 5 : explain SELECT id, c FROM sbtest5 WHERE id BETWEEN 7347691 AND 7347791
	Index Scan using sbtest5_pkey on sbtest5  (cost=0.43..433.86 rows=109 width=125)
	  Index Cond: ((id >= 7347691) AND (id <= 7347791))

table 6 : explain SELECT id, c FROM sbtest6 WHERE id BETWEEN 7347691 AND 7347791
	Index Scan using sbtest6_pkey on sbtest6  (cost=0.43..415.34 rows=104 width=125)
	  Index Cond: ((id >= 7347691) AND (id <= 7347791))

table 7 : explain SELECT id, c FROM sbtest7 WHERE id BETWEEN 7347691 AND 7347791
	Index Scan using sbtest7_pkey on sbtest7  (cost=0.43..364.74 rows=91 width=125)
	  Index Cond: ((id >= 7347691) AND (id <= 7347791))

table 8 : explain SELECT id, c FROM sbtest8 WHERE id BETWEEN 7347691 AND 7347791
	Index Scan using sbtest8_pkey on sbtest8  (cost=0.43..426.49 rows=107 width=125)
	  Index Cond: ((id >= 7347691) AND (id <= 7347791))

explain: for range-notcovered :: explain SELECT id, c FROM sbtest%d WHERE id BETWEEN 7347691 AND 7347791
for range-notcovered
table 1 : explain SELECT id, c FROM sbtest1 WHERE id BETWEEN 7570002 AND 7570102
	Index Scan using sbtest1_pkey on sbtest1  (cost=0.43..388.38 rows=97 width=125)
	  Index Cond: ((id >= 7570002) AND (id <= 7570102))

table 2 : explain SELECT id, c FROM sbtest2 WHERE id BETWEEN 7570002 AND 7570102
	Index Scan using sbtest2_pkey on sbtest2  (cost=0.43..376.35 rows=94 width=125)
	  Index Cond: ((id >= 7570002) AND (id <= 7570102))

table 3 : explain SELECT id, c FROM sbtest3 WHERE id BETWEEN 7570002 AND 7570102
	Index Scan using sbtest3_pkey on sbtest3  (cost=0.43..420.07 rows=105 width=125)
	  Index Cond: ((id >= 7570002) AND (id <= 7570102))

table 4 : explain SELECT id, c FROM sbtest4 WHERE id BETWEEN 7570002 AND 7570102
	Index Scan using sbtest4_pkey on sbtest4  (cost=0.43..403.80 rows=101 width=125)
	  Index Cond: ((id >= 7570002) AND (id <= 7570102))

table 5 : explain SELECT id, c FROM sbtest5 WHERE id BETWEEN 7570002 AND 7570102
	Index Scan using sbtest5_pkey on sbtest5  (cost=0.43..386.58 rows=97 width=125)
	  Index Cond: ((id >= 7570002) AND (id <= 7570102))

table 6 : explain SELECT id, c FROM sbtest6 WHERE id BETWEEN 7570002 AND 7570102
	Index Scan using sbtest6_pkey on sbtest6  (cost=0.43..435.09 rows=109 width=125)
	  Index Cond: ((id >= 7570002) AND (id <= 7570102))

table 7 : explain SELECT id, c FROM sbtest7 WHERE id BETWEEN 7570002 AND 7570102
	Index Scan using sbtest7_pkey on sbtest7  (cost=0.43..408.29 rows=102 width=125)
	  Index Cond: ((id >= 7570002) AND (id <= 7570102))

table 8 : explain SELECT id, c FROM sbtest8 WHERE id BETWEEN 7570002 AND 7570102
	Index Scan using sbtest8_pkey on sbtest8  (cost=0.43..367.32 rows=92 width=125)
	  Index Cond: ((id >= 7570002) AND (id <= 7570102))

explain: for range-notcovered :: explain SELECT id, c FROM sbtest%d WHERE id BETWEEN 7570002 AND 7570102
for range-notcovered
table 1 : explain SELECT id, c FROM sbtest1 WHERE id BETWEEN 1495812 AND 1495912
	Index Scan using sbtest1_pkey on sbtest1  (cost=0.43..396.29 rows=99 width=125)
	  Index Cond: ((id >= 1495812) AND (id <= 1495912))

table 2 : explain SELECT id, c FROM sbtest2 WHERE id BETWEEN 1495812 AND 1495912
	Index Scan using sbtest2_pkey on sbtest2  (cost=0.43..376.35 rows=94 width=125)
	  Index Cond: ((id >= 1495812) AND (id <= 1495912))

table 3 : explain SELECT id, c FROM sbtest3 WHERE id BETWEEN 1495812 AND 1495912
	Index Scan using sbtest3_pkey on sbtest3  (cost=0.43..424.03 rows=106 width=125)
	  Index Cond: ((id >= 1495812) AND (id <= 1495912))

table 4 : explain SELECT id, c FROM sbtest4 WHERE id BETWEEN 1495812 AND 1495912
	Index Scan using sbtest4_pkey on sbtest4  (cost=0.43..407.75 rows=102 width=125)
	  Index Cond: ((id >= 1495812) AND (id <= 1495912))

table 5 : explain SELECT id, c FROM sbtest5 WHERE id BETWEEN 1495812 AND 1495912
	Index Scan using sbtest5_pkey on sbtest5  (cost=0.43..445.67 rows=112 width=125)
	  Index Cond: ((id >= 1495812) AND (id <= 1495912))

table 6 : explain SELECT id, c FROM sbtest6 WHERE id BETWEEN 1495812 AND 1495912
	Index Scan using sbtest6_pkey on sbtest6  (cost=0.43..403.49 rows=101 width=125)
	  Index Cond: ((id >= 1495812) AND (id <= 1495912))

table 7 : explain SELECT id, c FROM sbtest7 WHERE id BETWEEN 1495812 AND 1495912
	Index Scan using sbtest7_pkey on sbtest7  (cost=0.43..392.45 rows=98 width=125)
	  Index Cond: ((id >= 1495812) AND (id <= 1495912))

table 8 : explain SELECT id, c FROM sbtest8 WHERE id BETWEEN 1495812 AND 1495912
	Index Scan using sbtest8_pkey on sbtest8  (cost=0.43..434.38 rows=109 width=125)
	  Index Cond: ((id >= 1495812) AND (id <= 1495912))

explain: for range-notcovered :: explain SELECT id, c FROM sbtest%d WHERE id BETWEEN 1495812 AND 1495912
for range-notcovered
table 1 : explain SELECT id, c FROM sbtest1 WHERE id BETWEEN 5804520 AND 5804620
	Index Scan using sbtest1_pkey on sbtest1  (cost=0.43..431.93 rows=108 width=125)
	  Index Cond: ((id >= 5804520) AND (id <= 5804620))

table 2 : explain SELECT id, c FROM sbtest2 WHERE id BETWEEN 5804520 AND 5804620
	Index Scan using sbtest2_pkey on sbtest2  (cost=0.43..423.83 rows=106 width=125)
	  Index Cond: ((id >= 5804520) AND (id <= 5804620))

table 3 : explain SELECT id, c FROM sbtest3 WHERE id BETWEEN 5804520 AND 5804620
	Index Scan using sbtest3_pkey on sbtest3  (cost=0.43..416.12 rows=104 width=125)
	  Index Cond: ((id >= 5804520) AND (id <= 5804620))

table 4 : explain SELECT id, c FROM sbtest4 WHERE id BETWEEN 5804520 AND 5804620
	Index Scan using sbtest4_pkey on sbtest4  (cost=0.43..387.97 rows=97 width=125)
	  Index Cond: ((id >= 5804520) AND (id <= 5804620))

table 5 : explain SELECT id, c FROM sbtest5 WHERE id BETWEEN 5804520 AND 5804620
	Index Scan using sbtest5_pkey on sbtest5  (cost=0.43..398.41 rows=100 width=125)
	  Index Cond: ((id >= 5804520) AND (id <= 5804620))

table 6 : explain SELECT id, c FROM sbtest6 WHERE id BETWEEN 5804520 AND 5804620
	Index Scan using sbtest6_pkey on sbtest6  (cost=0.43..407.44 rows=102 width=125)
	  Index Cond: ((id >= 5804520) AND (id <= 5804620))

table 7 : explain SELECT id, c FROM sbtest7 WHERE id BETWEEN 5804520 AND 5804620
	Index Scan using sbtest7_pkey on sbtest7  (cost=0.43..360.78 rows=90 width=125)
	  Index Cond: ((id >= 5804520) AND (id <= 5804620))

table 8 : explain SELECT id, c FROM sbtest8 WHERE id BETWEEN 5804520 AND 5804620
	Index Scan using sbtest8_pkey on sbtest8  (cost=0.43..390.98 rows=98 width=125)
	  Index Cond: ((id >= 5804520) AND (id <= 5804620))

for range-notcovered
table 1 : explain SELECT id, c FROM sbtest1 WHERE id BETWEEN 7347691 AND 7347791
	Index Scan using sbtest1_pkey on sbtest1  (cost=0.43..431.93 rows=108 width=125)
	  Index Cond: ((id >= 7347691) AND (id <= 7347791))

table 2 : explain SELECT id, c FROM sbtest2 WHERE id BETWEEN 7347691 AND 7347791
	Index Scan using sbtest2_pkey on sbtest2  (cost=0.43..372.39 rows=93 width=125)
	  Index Cond: ((id >= 7347691) AND (id <= 7347791))

table 3 : explain SELECT id, c FROM sbtest3 WHERE id BETWEEN 7347691 AND 7347791
	Index Scan using sbtest3_pkey on sbtest3  (cost=0.43..451.73 rows=113 width=125)
	  Index Cond: ((id >= 7347691) AND (id <= 7347791))

table 4 : explain SELECT id, c FROM sbtest4 WHERE id BETWEEN 7347691 AND 7347791
	Index Scan using sbtest4_pkey on sbtest4  (cost=0.43..415.66 rows=104 width=125)
	  Index Cond: ((id >= 7347691) AND (id <= 7347791))

table 5 : explain SELECT id, c FROM sbtest5 WHERE id BETWEEN 7347691 AND 7347791
	Index Scan using sbtest5_pkey on sbtest5  (cost=0.43..433.86 rows=109 width=125)
	  Index Cond: ((id >= 7347691) AND (id <= 7347791))

table 6 : explain SELECT id, c FROM sbtest6 WHERE id BETWEEN 7347691 AND 7347791
	Index Scan using sbtest6_pkey on sbtest6  (cost=0.43..415.34 rows=104 width=125)
	  Index Cond: ((id >= 7347691) AND (id <= 7347791))

table 7 : explain SELECT id, c FROM sbtest7 WHERE id BETWEEN 7347691 AND 7347791
	Index Scan using sbtest7_pkey on sbtest7  (cost=0.43..364.74 rows=91 width=125)
	  Index Cond: ((id >= 7347691) AND (id <= 7347791))

table 8 : explain SELECT id, c FROM sbtest8 WHERE id BETWEEN 7347691 AND 7347791
	Index Scan using sbtest8_pkey on sbtest8  (cost=0.43..426.49 rows=107 width=125)
	  Index Cond: ((id >= 7347691) AND (id <= 7347791))

for range-notcovered
table 1 : explain SELECT id, c FROM sbtest1 WHERE id BETWEEN 7570002 AND 7570102
	Index Scan using sbtest1_pkey on sbtest1  (cost=0.43..388.38 rows=97 width=125)
	  Index Cond: ((id >= 7570002) AND (id <= 7570102))

table 2 : explain SELECT id, c FROM sbtest2 WHERE id BETWEEN 7570002 AND 7570102
	Index Scan using sbtest2_pkey on sbtest2  (cost=0.43..376.35 rows=94 width=125)
	  Index Cond: ((id >= 7570002) AND (id <= 7570102))

table 3 : explain SELECT id, c FROM sbtest3 WHERE id BETWEEN 7570002 AND 7570102
	Index Scan using sbtest3_pkey on sbtest3  (cost=0.43..420.07 rows=105 width=125)
	  Index Cond: ((id >= 7570002) AND (id <= 7570102))

table 4 : explain SELECT id, c FROM sbtest4 WHERE id BETWEEN 7570002 AND 7570102
	Index Scan using sbtest4_pkey on sbtest4  (cost=0.43..403.80 rows=101 width=125)
	  Index Cond: ((id >= 7570002) AND (id <= 7570102))

table 5 : explain SELECT id, c FROM sbtest5 WHERE id BETWEEN 7570002 AND 7570102
	Index Scan using sbtest5_pkey on sbtest5  (cost=0.43..386.58 rows=97 width=125)
	  Index Cond: ((id >= 7570002) AND (id <= 7570102))

table 6 : explain SELECT id, c FROM sbtest6 WHERE id BETWEEN 7570002 AND 7570102
	Index Scan using sbtest6_pkey on sbtest6  (cost=0.43..435.09 rows=109 width=125)
	  Index Cond: ((id >= 7570002) AND (id <= 7570102))

table 7 : explain SELECT id, c FROM sbtest7 WHERE id BETWEEN 7570002 AND 7570102
	Index Scan using sbtest7_pkey on sbtest7  (cost=0.43..408.29 rows=102 width=125)
	  Index Cond: ((id >= 7570002) AND (id <= 7570102))

table 8 : explain SELECT id, c FROM sbtest8 WHERE id BETWEEN 7570002 AND 7570102
	Index Scan using sbtest8_pkey on sbtest8  (cost=0.43..367.32 rows=92 width=125)
	  Index Cond: ((id >= 7570002) AND (id <= 7570102))

for range-notcovered
table 1 : explain SELECT id, c FROM sbtest1 WHERE id BETWEEN 1495812 AND 1495912
	Index Scan using sbtest1_pkey on sbtest1  (cost=0.43..396.29 rows=99 width=125)
	  Index Cond: ((id >= 1495812) AND (id <= 1495912))

table 2 : explain SELECT id, c FROM sbtest2 WHERE id BETWEEN 1495812 AND 1495912
	Index Scan using sbtest2_pkey on sbtest2  (cost=0.43..376.35 rows=94 width=125)
	  Index Cond: ((id >= 1495812) AND (id <= 1495912))

table 3 : explain SELECT id, c FROM sbtest3 WHERE id BETWEEN 1495812 AND 1495912
	Index Scan using sbtest3_pkey on sbtest3  (cost=0.43..424.03 rows=106 width=125)
	  Index Cond: ((id >= 1495812) AND (id <= 1495912))

table 4 : explain SELECT id, c FROM sbtest4 WHERE id BETWEEN 1495812 AND 1495912
	Index Scan using sbtest4_pkey on sbtest4  (cost=0.43..407.75 rows=102 width=125)
	  Index Cond: ((id >= 1495812) AND (id <= 1495912))

table 5 : explain SELECT id, c FROM sbtest5 WHERE id BETWEEN 1495812 AND 1495912
	Index Scan using sbtest5_pkey on sbtest5  (cost=0.43..445.67 rows=112 width=125)
	  Index Cond: ((id >= 1495812) AND (id <= 1495912))

table 6 : explain SELECT id, c FROM sbtest6 WHERE id BETWEEN 1495812 AND 1495912
	Index Scan using sbtest6_pkey on sbtest6  (cost=0.43..403.49 rows=101 width=125)
	  Index Cond: ((id >= 1495812) AND (id <= 1495912))

table 7 : explain SELECT id, c FROM sbtest7 WHERE id BETWEEN 1495812 AND 1495912
	Index Scan using sbtest7_pkey on sbtest7  (cost=0.43..392.45 rows=98 width=125)
	  Index Cond: ((id >= 1495812) AND (id <= 1495912))

table 8 : explain SELECT id, c FROM sbtest8 WHERE id BETWEEN 1495812 AND 1495912
	Index Scan using sbtest8_pkey on sbtest8  (cost=0.43..434.38 rows=109 width=125)
	  Index Cond: ((id >= 1495812) AND (id <= 1495912))

explain: for range-notcovered :: explain SELECT id, c FROM sbtest%d WHERE id BETWEEN 1495812 AND 1495912
for range-notcovered
table 1 : explain SELECT id, c FROM sbtest1 WHERE id BETWEEN 1495812 AND 1495912
	Index Scan using sbtest1_pkey on sbtest1  (cost=0.43..396.29 rows=99 width=125)
	  Index Cond: ((id >= 1495812) AND (id <= 1495912))

table 2 : explain SELECT id, c FROM sbtest2 WHERE id BETWEEN 1495812 AND 1495912
	Index Scan using sbtest2_pkey on sbtest2  (cost=0.43..376.35 rows=94 width=125)
	  Index Cond: ((id >= 1495812) AND (id <= 1495912))

table 3 : explain SELECT id, c FROM sbtest3 WHERE id BETWEEN 1495812 AND 1495912
	Index Scan using sbtest3_pkey on sbtest3  (cost=0.43..424.03 rows=106 width=125)
	  Index Cond: ((id >= 1495812) AND (id <= 1495912))

table 4 : explain SELECT id, c FROM sbtest4 WHERE id BETWEEN 1495812 AND 1495912
	Index Scan using sbtest4_pkey on sbtest4  (cost=0.43..407.75 rows=102 width=125)
	  Index Cond: ((id >= 1495812) AND (id <= 1495912))

table 5 : explain SELECT id, c FROM sbtest5 WHERE id BETWEEN 1495812 AND 1495912
	Index Scan using sbtest5_pkey on sbtest5  (cost=0.43..445.67 rows=112 width=125)
	  Index Cond: ((id >= 1495812) AND (id <= 1495912))

table 6 : explain SELECT id, c FROM sbtest6 WHERE id BETWEEN 1495812 AND 1495912
	Index Scan using sbtest6_pkey on sbtest6  (cost=0.43..403.49 rows=101 width=125)
	  Index Cond: ((id >= 1495812) AND (id <= 1495912))

table 7 : explain SELECT id, c FROM sbtest7 WHERE id BETWEEN 1495812 AND 1495912
	Index Scan using sbtest7_pkey on sbtest7  (cost=0.43..392.45 rows=98 width=125)
	  Index Cond: ((id >= 1495812) AND (id <= 1495912))

table 8 : explain SELECT id, c FROM sbtest8 WHERE id BETWEEN 1495812 AND 1495912
	Index Scan using sbtest8_pkey on sbtest8  (cost=0.43..434.38 rows=109 width=125)
	  Index Cond: ((id >= 1495812) AND (id <= 1495912))

for range-notcovered
table 1 : explain SELECT id, c FROM sbtest1 WHERE id BETWEEN 2711181 AND 2711281
	Index Scan using sbtest1_pkey on sbtest1  (cost=0.43..424.01 rows=106 width=125)
	  Index Cond: ((id >= 2711181) AND (id <= 2711281))

table 2 : explain SELECT id, c FROM sbtest2 WHERE id BETWEEN 2711181 AND 2711281
	Index Scan using sbtest2_pkey on sbtest2  (cost=0.43..423.83 rows=106 width=125)
	  Index Cond: ((id >= 2711181) AND (id <= 2711281))

table 3 : explain SELECT id, c FROM sbtest3 WHERE id BETWEEN 2711181 AND 2711281
	Index Scan using sbtest3_pkey on sbtest3  (cost=0.43..396.31 rows=99 width=125)
	  Index Cond: ((id >= 2711181) AND (id <= 2711281))

table 4 : explain SELECT id, c FROM sbtest4 WHERE id BETWEEN 2711181 AND 2711281
	Index Scan using sbtest4_pkey on sbtest4  (cost=0.43..427.52 rows=107 width=125)
	  Index Cond: ((id >= 2711181) AND (id <= 2711281))

table 5 : explain SELECT id, c FROM sbtest5 WHERE id BETWEEN 2711181 AND 2711281
	Index Scan using sbtest5_pkey on sbtest5  (cost=0.43..366.88 rows=92 width=125)
	  Index Cond: ((id >= 2711181) AND (id <= 2711281))

table 6 : explain SELECT id, c FROM sbtest6 WHERE id BETWEEN 2711181 AND 2711281
	Index Scan using sbtest6_pkey on sbtest6  (cost=0.43..431.14 rows=108 width=125)
	  Index Cond: ((id >= 2711181) AND (id <= 2711281))

table 7 : explain SELECT id, c FROM sbtest7 WHERE id BETWEEN 2711181 AND 2711281
	Index Scan using sbtest7_pkey on sbtest7  (cost=0.43..412.25 rows=103 width=125)
	  Index Cond: ((id >= 2711181) AND (id <= 2711281))

table 8 : explain SELECT id, c FROM sbtest8 WHERE id BETWEEN 2711181 AND 2711281
	Index Scan using sbtest8_pkey on sbtest8  (cost=0.43..390.98 rows=98 width=125)
	  Index Cond: ((id >= 2711181) AND (id <= 2711281))

for range-notcovered
table 1 : explain SELECT id, c FROM sbtest1 WHERE id BETWEEN 2493054 AND 2493154
	Index Scan using sbtest1_pkey on sbtest1  (cost=0.43..404.22 rows=101 width=125)
	  Index Cond: ((id >= 2493054) AND (id <= 2493154))

table 2 : explain SELECT id, c FROM sbtest2 WHERE id BETWEEN 2493054 AND 2493154
	Index Scan using sbtest2_pkey on sbtest2  (cost=0.43..419.88 rows=105 width=125)
	  Index Cond: ((id >= 2493054) AND (id <= 2493154))

table 3 : explain SELECT id, c FROM sbtest3 WHERE id BETWEEN 2493054 AND 2493154
	Index Scan using sbtest3_pkey on sbtest3  (cost=0.43..431.95 rows=108 width=125)
	  Index Cond: ((id >= 2493054) AND (id <= 2493154))

table 4 : explain SELECT id, c FROM sbtest4 WHERE id BETWEEN 2493054 AND 2493154
	Index Scan using sbtest4_pkey on sbtest4  (cost=0.43..395.88 rows=99 width=125)
	  Index Cond: ((id >= 2493054) AND (id <= 2493154))

table 5 : explain SELECT id, c FROM sbtest5 WHERE id BETWEEN 2493054 AND 2493154
	Index Scan using sbtest5_pkey on sbtest5  (cost=0.43..374.76 rows=94 width=125)
	  Index Cond: ((id >= 2493054) AND (id <= 2493154))

table 6 : explain SELECT id, c FROM sbtest6 WHERE id BETWEEN 2493054 AND 2493154
	Index Scan using sbtest6_pkey on sbtest6  (cost=0.43..391.62 rows=98 width=125)
	  Index Cond: ((id >= 2493054) AND (id <= 2493154))

table 7 : explain SELECT id, c FROM sbtest7 WHERE id BETWEEN 2493054 AND 2493154
	Index Scan using sbtest7_pkey on sbtest7  (cost=0.43..368.70 rows=92 width=125)
	  Index Cond: ((id >= 2493054) AND (id <= 2493154))

table 8 : explain SELECT id, c FROM sbtest8 WHERE id BETWEEN 2493054 AND 2493154
	Index Scan using sbtest8_pkey on sbtest8  (cost=0.43..390.98 rows=98 width=125)
	  Index Cond: ((id >= 2493054) AND (id <= 2493154))

explain: for range-notcovered :: explain SELECT id, c FROM sbtest%d WHERE id BETWEEN 2493054 AND 2493154
for range-notcovered
table 1 : explain SELECT id, c FROM sbtest1 WHERE id BETWEEN 2493054 AND 2493154
	Index Scan using sbtest1_pkey on sbtest1  (cost=0.43..404.22 rows=101 width=125)
	  Index Cond: ((id >= 2493054) AND (id <= 2493154))

table 2 : explain SELECT id, c FROM sbtest2 WHERE id BETWEEN 2493054 AND 2493154
	Index Scan using sbtest2_pkey on sbtest2  (cost=0.43..419.88 rows=105 width=125)
	  Index Cond: ((id >= 2493054) AND (id <= 2493154))

table 3 : explain SELECT id, c FROM sbtest3 WHERE id BETWEEN 2493054 AND 2493154
	Index Scan using sbtest3_pkey on sbtest3  (cost=0.43..431.95 rows=108 width=125)
	  Index Cond: ((id >= 2493054) AND (id <= 2493154))

table 4 : explain SELECT id, c FROM sbtest4 WHERE id BETWEEN 2493054 AND 2493154
	Index Scan using sbtest4_pkey on sbtest4  (cost=0.43..395.88 rows=99 width=125)
	  Index Cond: ((id >= 2493054) AND (id <= 2493154))

table 5 : explain SELECT id, c FROM sbtest5 WHERE id BETWEEN 2493054 AND 2493154
	Index Scan using sbtest5_pkey on sbtest5  (cost=0.43..374.76 rows=94 width=125)
	  Index Cond: ((id >= 2493054) AND (id <= 2493154))

table 6 : explain SELECT id, c FROM sbtest6 WHERE id BETWEEN 2493054 AND 2493154
	Index Scan using sbtest6_pkey on sbtest6  (cost=0.43..391.62 rows=98 width=125)
	  Index Cond: ((id >= 2493054) AND (id <= 2493154))

table 7 : explain SELECT id, c FROM sbtest7 WHERE id BETWEEN 2493054 AND 2493154
	Index Scan using sbtest7_pkey on sbtest7  (cost=0.43..368.70 rows=92 width=125)
	  Index Cond: ((id >= 2493054) AND (id <= 2493154))

table 8 : explain SELECT id, c FROM sbtest8 WHERE id BETWEEN 2493054 AND 2493154
	Index Scan using sbtest8_pkey on sbtest8  (cost=0.43..390.98 rows=98 width=125)
	  Index Cond: ((id >= 2493054) AND (id <= 2493154))

explain: for range-notcovered :: explain SELECT id, c FROM sbtest%d WHERE id BETWEEN 2493054 AND 2493154
for range-notcovered
table 1 : explain SELECT id, c FROM sbtest1 WHERE id BETWEEN 2493054 AND 2493154
	Index Scan using sbtest1_pkey on sbtest1  (cost=0.43..404.22 rows=101 width=125)
	  Index Cond: ((id >= 2493054) AND (id <= 2493154))

table 2 : explain SELECT id, c FROM sbtest2 WHERE id BETWEEN 2493054 AND 2493154
	Index Scan using sbtest2_pkey on sbtest2  (cost=0.43..419.88 rows=105 width=125)
	  Index Cond: ((id >= 2493054) AND (id <= 2493154))

table 3 : explain SELECT id, c FROM sbtest3 WHERE id BETWEEN 2493054 AND 2493154
	Index Scan using sbtest3_pkey on sbtest3  (cost=0.43..431.95 rows=108 width=125)
	  Index Cond: ((id >= 2493054) AND (id <= 2493154))

table 4 : explain SELECT id, c FROM sbtest4 WHERE id BETWEEN 2493054 AND 2493154
	Index Scan using sbtest4_pkey on sbtest4  (cost=0.43..395.88 rows=99 width=125)
	  Index Cond: ((id >= 2493054) AND (id <= 2493154))

table 5 : explain SELECT id, c FROM sbtest5 WHERE id BETWEEN 2493054 AND 2493154
	Index Scan using sbtest5_pkey on sbtest5  (cost=0.43..374.76 rows=94 width=125)
	  Index Cond: ((id >= 2493054) AND (id <= 2493154))

table 6 : explain SELECT id, c FROM sbtest6 WHERE id BETWEEN 2493054 AND 2493154
	Index Scan using sbtest6_pkey on sbtest6  (cost=0.43..391.62 rows=98 width=125)
	  Index Cond: ((id >= 2493054) AND (id <= 2493154))

table 7 : explain SELECT id, c FROM sbtest7 WHERE id BETWEEN 2493054 AND 2493154
	Index Scan using sbtest7_pkey on sbtest7  (cost=0.43..368.70 rows=92 width=125)
	  Index Cond: ((id >= 2493054) AND (id <= 2493154))

table 8 : explain SELECT id, c FROM sbtest8 WHERE id BETWEEN 2493054 AND 2493154
	Index Scan using sbtest8_pkey on sbtest8  (cost=0.43..390.98 rows=98 width=125)
	  Index Cond: ((id >= 2493054) AND (id <= 2493154))

explain: for range-notcovered :: explain SELECT id, c FROM sbtest%d WHERE id BETWEEN 2493054 AND 2493154
for range-notcovered
table 1 : explain SELECT id, c FROM sbtest1 WHERE id BETWEEN 2493054 AND 2493154
	Index Scan using sbtest1_pkey on sbtest1  (cost=0.43..404.22 rows=101 width=125)
	  Index Cond: ((id >= 2493054) AND (id <= 2493154))

table 2 : explain SELECT id, c FROM sbtest2 WHERE id BETWEEN 2493054 AND 2493154
	Index Scan using sbtest2_pkey on sbtest2  (cost=0.43..419.88 rows=105 width=125)
	  Index Cond: ((id >= 2493054) AND (id <= 2493154))

table 3 : explain SELECT id, c FROM sbtest3 WHERE id BETWEEN 2493054 AND 2493154
	Index Scan using sbtest3_pkey on sbtest3  (cost=0.43..431.95 rows=108 width=125)
	  Index Cond: ((id >= 2493054) AND (id <= 2493154))

table 4 : explain SELECT id, c FROM sbtest4 WHERE id BETWEEN 2493054 AND 2493154
	Index Scan using sbtest4_pkey on sbtest4  (cost=0.43..395.88 rows=99 width=125)
	  Index Cond: ((id >= 2493054) AND (id <= 2493154))

table 5 : explain SELECT id, c FROM sbtest5 WHERE id BETWEEN 2493054 AND 2493154
	Index Scan using sbtest5_pkey on sbtest5  (cost=0.43..374.76 rows=94 width=125)
	  Index Cond: ((id >= 2493054) AND (id <= 2493154))

table 6 : explain SELECT id, c FROM sbtest6 WHERE id BETWEEN 2493054 AND 2493154
	Index Scan using sbtest6_pkey on sbtest6  (cost=0.43..391.62 rows=98 width=125)
	  Index Cond: ((id >= 2493054) AND (id <= 2493154))

table 7 : explain SELECT id, c FROM sbtest7 WHERE id BETWEEN 2493054 AND 2493154
	Index Scan using sbtest7_pkey on sbtest7  (cost=0.43..368.70 rows=92 width=125)
	  Index Cond: ((id >= 2493054) AND (id <= 2493154))

table 8 : explain SELECT id, c FROM sbtest8 WHERE id BETWEEN 2493054 AND 2493154
	Index Scan using sbtest8_pkey on sbtest8  (cost=0.43..390.98 rows=98 width=125)
	  Index Cond: ((id >= 2493054) AND (id <= 2493154))

explain: for range-notcovered :: explain SELECT id, c FROM sbtest%d WHERE id BETWEEN 2493054 AND 2493154
for range-notcovered
table 1 : explain SELECT id, c FROM sbtest1 WHERE id BETWEEN 2493054 AND 2493154
	Index Scan using sbtest1_pkey on sbtest1  (cost=0.43..404.22 rows=101 width=125)
	  Index Cond: ((id >= 2493054) AND (id <= 2493154))

table 2 : explain SELECT id, c FROM sbtest2 WHERE id BETWEEN 2493054 AND 2493154
	Index Scan using sbtest2_pkey on sbtest2  (cost=0.43..419.88 rows=105 width=125)
	  Index Cond: ((id >= 2493054) AND (id <= 2493154))

table 3 : explain SELECT id, c FROM sbtest3 WHERE id BETWEEN 2493054 AND 2493154
	Index Scan using sbtest3_pkey on sbtest3  (cost=0.43..431.95 rows=108 width=125)
	  Index Cond: ((id >= 2493054) AND (id <= 2493154))

table 4 : explain SELECT id, c FROM sbtest4 WHERE id BETWEEN 2493054 AND 2493154
	Index Scan using sbtest4_pkey on sbtest4  (cost=0.43..395.88 rows=99 width=125)
	  Index Cond: ((id >= 2493054) AND (id <= 2493154))

table 5 : explain SELECT id, c FROM sbtest5 WHERE id BETWEEN 2493054 AND 2493154
	Index Scan using sbtest5_pkey on sbtest5  (cost=0.43..374.76 rows=94 width=125)
	  Index Cond: ((id >= 2493054) AND (id <= 2493154))

table 6 : explain SELECT id, c FROM sbtest6 WHERE id BETWEEN 2493054 AND 2493154
	Index Scan using sbtest6_pkey on sbtest6  (cost=0.43..391.62 rows=98 width=125)
	  Index Cond: ((id >= 2493054) AND (id <= 2493154))

table 7 : explain SELECT id, c FROM sbtest7 WHERE id BETWEEN 2493054 AND 2493154
	Index Scan using sbtest7_pkey on sbtest7  (cost=0.43..368.70 rows=92 width=125)
	  Index Cond: ((id >= 2493054) AND (id <= 2493154))

table 8 : explain SELECT id, c FROM sbtest8 WHERE id BETWEEN 2493054 AND 2493154
	Index Scan using sbtest8_pkey on sbtest8  (cost=0.43..390.98 rows=98 width=125)
	  Index Cond: ((id >= 2493054) AND (id <= 2493154))

explain: for range-notcovered :: explain SELECT id, c FROM sbtest%d WHERE id BETWEEN 2493054 AND 2493154
for range-notcovered
table 1 : explain SELECT id, c FROM sbtest1 WHERE id BETWEEN 2493054 AND 2493154
	Index Scan using sbtest1_pkey on sbtest1  (cost=0.43..404.22 rows=101 width=125)
	  Index Cond: ((id >= 2493054) AND (id <= 2493154))

table 2 : explain SELECT id, c FROM sbtest2 WHERE id BETWEEN 2493054 AND 2493154
	Index Scan using sbtest2_pkey on sbtest2  (cost=0.43..419.88 rows=105 width=125)
	  Index Cond: ((id >= 2493054) AND (id <= 2493154))

table 3 : explain SELECT id, c FROM sbtest3 WHERE id BETWEEN 2493054 AND 2493154
	Index Scan using sbtest3_pkey on sbtest3  (cost=0.43..431.95 rows=108 width=125)
	  Index Cond: ((id >= 2493054) AND (id <= 2493154))

table 4 : explain SELECT id, c FROM sbtest4 WHERE id BETWEEN 2493054 AND 2493154
	Index Scan using sbtest4_pkey on sbtest4  (cost=0.43..395.88 rows=99 width=125)
	  Index Cond: ((id >= 2493054) AND (id <= 2493154))

table 5 : explain SELECT id, c FROM sbtest5 WHERE id BETWEEN 2493054 AND 2493154
	Index Scan using sbtest5_pkey on sbtest5  (cost=0.43..374.76 rows=94 width=125)
	  Index Cond: ((id >= 2493054) AND (id <= 2493154))

table 6 : explain SELECT id, c FROM sbtest6 WHERE id BETWEEN 2493054 AND 2493154
	Index Scan using sbtest6_pkey on sbtest6  (cost=0.43..391.62 rows=98 width=125)
	  Index Cond: ((id >= 2493054) AND (id <= 2493154))

table 7 : explain SELECT id, c FROM sbtest7 WHERE id BETWEEN 2493054 AND 2493154
	Index Scan using sbtest7_pkey on sbtest7  (cost=0.43..368.70 rows=92 width=125)
	  Index Cond: ((id >= 2493054) AND (id <= 2493154))

table 8 : explain SELECT id, c FROM sbtest8 WHERE id BETWEEN 2493054 AND 2493154
	Index Scan using sbtest8_pkey on sbtest8  (cost=0.43..390.98 rows=98 width=125)
	  Index Cond: ((id >= 2493054) AND (id <= 2493154))

explain: for range-notcovered :: explain SELECT id, c FROM sbtest%d WHERE id BETWEEN 2493054 AND 2493154
for range-notcovered
table 1 : explain SELECT id, c FROM sbtest1 WHERE id BETWEEN 2493054 AND 2493154
	Index Scan using sbtest1_pkey on sbtest1  (cost=0.43..404.22 rows=101 width=125)
	  Index Cond: ((id >= 2493054) AND (id <= 2493154))

table 2 : explain SELECT id, c FROM sbtest2 WHERE id BETWEEN 2493054 AND 2493154
	Index Scan using sbtest2_pkey on sbtest2  (cost=0.43..419.88 rows=105 width=125)
	  Index Cond: ((id >= 2493054) AND (id <= 2493154))

table 3 : explain SELECT id, c FROM sbtest3 WHERE id BETWEEN 2493054 AND 2493154
	Index Scan using sbtest3_pkey on sbtest3  (cost=0.43..431.95 rows=108 width=125)
	  Index Cond: ((id >= 2493054) AND (id <= 2493154))

table 4 : explain SELECT id, c FROM sbtest4 WHERE id BETWEEN 2493054 AND 2493154
	Index Scan using sbtest4_pkey on sbtest4  (cost=0.43..395.88 rows=99 width=125)
	  Index Cond: ((id >= 2493054) AND (id <= 2493154))

table 5 : explain SELECT id, c FROM sbtest5 WHERE id BETWEEN 2493054 AND 2493154
	Index Scan using sbtest5_pkey on sbtest5  (cost=0.43..374.76 rows=94 width=125)
	  Index Cond: ((id >= 2493054) AND (id <= 2493154))

table 6 : explain SELECT id, c FROM sbtest6 WHERE id BETWEEN 2493054 AND 2493154
	Index Scan using sbtest6_pkey on sbtest6  (cost=0.43..391.62 rows=98 width=125)
	  Index Cond: ((id >= 2493054) AND (id <= 2493154))

table 7 : explain SELECT id, c FROM sbtest7 WHERE id BETWEEN 2493054 AND 2493154
	Index Scan using sbtest7_pkey on sbtest7  (cost=0.43..368.70 rows=92 width=125)
	  Index Cond: ((id >= 2493054) AND (id <= 2493154))

table 8 : explain SELECT id, c FROM sbtest8 WHERE id BETWEEN 2493054 AND 2493154
	Index Scan using sbtest8_pkey on sbtest8  (cost=0.43..390.98 rows=98 width=125)
	  Index Cond: ((id >= 2493054) AND (id <= 2493154))

Threads started!

Warming up for 5 seconds...

SQL statistics:
    queries performed:
        read:                            120748905
        write:                           0
        other:                           0
        total:                           120748905
    transactions:                        120748905 (191663.26 per sec.)
    queries:                             120748905 (191663.26 per sec.)
    ignored errors:                      0      (0.00 per sec.)
    reconnects:                          0      (0.00 per sec.)

Throughput:
    events/s (eps):                      191663.2600
    time elapsed:                        630.0056s
    total number of events:              120748905

Latency (ms):
         min:                                    0.07
         avg:                                    0.21
         max:                                   16.32
         95th percentile:                        0.22
         sum:                             25153612.27

Threads fairness:
    events (avg/stddev):           3018718.2000/11601.42
    execution time (avg/stddev):   628.8403/0.02

