LUA_PATH=/home/mdcallag/git/mytools/bench/sysbench.lua/lua/?.lua /home/mdcallag/git/mytools/bench/sysbench.lua/lua/sysbench --db-driver=pgsql --range-size=100 --table-size=10000000 --tables=8 --threads=40 --events=0 --warmup-time=5 --time=930 --pgsql_conn_id=true /home/mdcallag/git/mytools/bench/sysbench.lua/lua/oltp_inlist_update.lua run --pgsql-user=root --pgsql-password=pw --pgsql-host=127.0.0.1 --pgsql-db=ib --rand-type=uniform
48 CPUs
sysbench 1.1.0-9072687 (using bundled LuaJIT 2.1.0-beta3)

Running the test with following options:
Number of threads: 40
Warmup time: 5s
Initializing random number generator from current time


Initializing worker threads...

explain: for update-inlist :: explain UPDATE sbtest%d set c=7 WHERE id IN ( 1409324, 596868, 7290453, 6131134, 2834396, 5646714, 7851454, 9440002, 5295968, 5197388)
explain: for update-inlist :: explain UPDATE sbtest%d set c=7 WHERE id IN ( 6456475, 3240755, 9043679, 5508809, 1111579, 5982672, 6968284, 9254055, 4299374, 9960763)
explain: for update-inlist :: explain UPDATE sbtest%d set c=7 WHERE id IN ( 4175860, 769268, 8147274, 3108551, 8876475, 3596305, 9450571, 9965229, 5650149, 8389002)
for update-inlist
table 1 : explain UPDATE sbtest1 set c=7 WHERE id IN ( 1409324, 596868, 7290453, 6131134, 2834396, 5646714, 7851454, 9440002, 5295968, 5197388)
	Update on sbtest1  (cost=0.43..48.53 rows=0 width=0)
	  ->  Index Scan using sbtest1_pkey on sbtest1  (cost=0.43..48.53 rows=10 width=490)
	        Index Cond: (id = ANY ('{1409324,596868,7290453,6131134,2834396,5646714,7851454,9440002,5295968,5197388}'::integer[]))

table 2 : explain UPDATE sbtest2 set c=7 WHERE id IN ( 1409324, 596868, 7290453, 6131134, 2834396, 5646714, 7851454, 9440002, 5295968, 5197388)
	Update on sbtest2  (cost=0.43..48.53 rows=0 width=0)
	  ->  Index Scan using sbtest2_pkey on sbtest2  (cost=0.43..48.53 rows=10 width=490)
	        Index Cond: (id = ANY ('{1409324,596868,7290453,6131134,2834396,5646714,7851454,9440002,5295968,5197388}'::integer[]))

table 3 : explain UPDATE sbtest3 set c=7 WHERE id IN ( 1409324, 596868, 7290453, 6131134, 2834396, 5646714, 7851454, 9440002, 5295968, 5197388)
	Update on sbtest3  (cost=0.43..48.53 rows=0 width=0)
	  ->  Index Scan using sbtest3_pkey on sbtest3  (cost=0.43..48.53 rows=10 width=490)
	        Index Cond: (id = ANY ('{1409324,596868,7290453,6131134,2834396,5646714,7851454,9440002,5295968,5197388}'::integer[]))

table 4 : explain UPDATE sbtest4 set c=7 WHERE id IN ( 1409324, 596868, 7290453, 6131134, 2834396, 5646714, 7851454, 9440002, 5295968, 5197388)
	Update on sbtest4  (cost=0.43..48.53 rows=0 width=0)
	  ->  Index Scan using sbtest4_pkey on sbtest4  (cost=0.43..48.53 rows=10 width=490)
	        Index Cond: (id = ANY ('{1409324,596868,7290453,6131134,2834396,5646714,7851454,9440002,5295968,5197388}'::integer[]))

table 5 : explain UPDATE sbtest5 set c=7 WHERE id IN ( 1409324, 596868, 7290453, 6131134, 2834396, 5646714, 7851454, 9440002, 5295968, 5197388)
	Update on sbtest5  (cost=0.43..48.53 rows=0 width=0)
	  ->  Index Scan using sbtest5_pkey on sbtest5  (cost=0.43..48.53 rows=10 width=490)
	        Index Cond: (id = ANY ('{1409324,596868,7290453,6131134,2834396,5646714,7851454,9440002,5295968,5197388}'::integer[]))

table 6 : explain UPDATE sbtest6 set c=7 WHERE id IN ( 1409324, 596868, 7290453, 6131134, 2834396, 5646714, 7851454, 9440002, 5295968, 5197388)
	Update on sbtest6  (cost=0.43..48.53 rows=0 width=0)
	  ->  Index Scan using sbtest6_pkey on sbtest6  (cost=0.43..48.53 rows=10 width=490)
	        Index Cond: (id = ANY ('{1409324,596868,7290453,6131134,2834396,5646714,7851454,9440002,5295968,5197388}'::integer[]))

table 7 : explain UPDATE sbtest7 set c=7 WHERE id IN ( 1409324, 596868, 7290453, 6131134, 2834396, 5646714, 7851454, 9440002, 5295968, 5197388)
	Update on sbtest7  (cost=0.43..48.53 rows=0 width=0)
	  ->  Index Scan using sbtest7_pkey on sbtest7  (cost=0.43..48.53 rows=10 width=490)
	        Index Cond: (id = ANY ('{1409324,596868,7290453,6131134,2834396,5646714,7851454,9440002,5295968,5197388}'::integer[]))

table 8 : explain UPDATE sbtest8 set c=7 WHERE id IN ( 1409324, 596868, 7290453, 6131134, 2834396, 5646714, 7851454, 9440002, 5295968, 5197388)
	Update on sbtest8  (cost=0.43..48.53 rows=0 width=0)
	  ->  Index Scan using sbtest8_pkey on sbtest8  (cost=0.43..48.53 rows=10 width=490)
	        Index Cond: (id = ANY ('{1409324,596868,7290453,6131134,2834396,5646714,7851454,9440002,5295968,5197388}'::integer[]))

for update-inlist
table 1 : explain UPDATE sbtest1 set c=7 WHERE id IN ( 6456475, 3240755, 9043679, 5508809, 1111579, 5982672, 6968284, 9254055, 4299374, 9960763)
	Update on sbtest1  (cost=0.43..48.53 rows=0 width=0)
	  ->  Index Scan using sbtest1_pkey on sbtest1  (cost=0.43..48.53 rows=10 width=490)
	        Index Cond: (id = ANY ('{6456475,3240755,9043679,5508809,1111579,5982672,6968284,9254055,4299374,9960763}'::integer[]))

table 2 : explain UPDATE sbtest2 set c=7 WHERE id IN ( 6456475, 3240755, 9043679, 5508809, 1111579, 5982672, 6968284, 9254055, 4299374, 9960763)
	Update on sbtest2  (cost=0.43..48.53 rows=0 width=0)
	  ->  Index Scan using sbtest2_pkey on sbtest2  (cost=0.43..48.53 rows=10 width=490)
	        Index Cond: (id = ANY ('{6456475,3240755,9043679,5508809,1111579,5982672,6968284,9254055,4299374,9960763}'::integer[]))

table 3 : explain UPDATE sbtest3 set c=7 WHERE id IN ( 6456475, 3240755, 9043679, 5508809, 1111579, 5982672, 6968284, 9254055, 4299374, 9960763)
	Update on sbtest3  (cost=0.43..48.53 rows=0 width=0)
	  ->  Index Scan using sbtest3_pkey on sbtest3  (cost=0.43..48.53 rows=10 width=490)
	        Index Cond: (id = ANY ('{6456475,3240755,9043679,5508809,1111579,5982672,6968284,9254055,4299374,9960763}'::integer[]))

table 4 : explain UPDATE sbtest4 set c=7 WHERE id IN ( 6456475, 3240755, 9043679, 5508809, 1111579, 5982672, 6968284, 9254055, 4299374, 9960763)
	Update on sbtest4  (cost=0.43..48.53 rows=0 width=0)
	  ->  Index Scan using sbtest4_pkey on sbtest4  (cost=0.43..48.53 rows=10 width=490)
	        Index Cond: (id = ANY ('{6456475,3240755,9043679,5508809,1111579,5982672,6968284,9254055,4299374,9960763}'::integer[]))

table 5 : explain UPDATE sbtest5 set c=7 WHERE id IN ( 6456475, 3240755, 9043679, 5508809, 1111579, 5982672, 6968284, 9254055, 4299374, 9960763)
	Update on sbtest5  (cost=0.43..48.53 rows=0 width=0)
	  ->  Index Scan using sbtest5_pkey on sbtest5  (cost=0.43..48.53 rows=10 width=490)
	        Index Cond: (id = ANY ('{6456475,3240755,9043679,5508809,1111579,5982672,6968284,9254055,4299374,9960763}'::integer[]))

table 6 : explain UPDATE sbtest6 set c=7 WHERE id IN ( 6456475, 3240755, 9043679, 5508809, 1111579, 5982672, 6968284, 9254055, 4299374, 9960763)
	Update on sbtest6  (cost=0.43..48.53 rows=0 width=0)
	  ->  Index Scan using sbtest6_pkey on sbtest6  (cost=0.43..48.53 rows=10 width=490)
	        Index Cond: (id = ANY ('{6456475,3240755,9043679,5508809,1111579,5982672,6968284,9254055,4299374,9960763}'::integer[]))

table 7 : explain UPDATE sbtest7 set c=7 WHERE id IN ( 6456475, 3240755, 9043679, 5508809, 1111579, 5982672, 6968284, 9254055, 4299374, 9960763)
	Update on sbtest7  (cost=0.43..48.53 rows=0 width=0)
	  ->  Index Scan using sbtest7_pkey on sbtest7  (cost=0.43..48.53 rows=10 width=490)
	        Index Cond: (id = ANY ('{6456475,3240755,9043679,5508809,1111579,5982672,6968284,9254055,4299374,9960763}'::integer[]))

table 8 : explain UPDATE sbtest8 set c=7 WHERE id IN ( 6456475, 3240755, 9043679, 5508809, 1111579, 5982672, 6968284, 9254055, 4299374, 9960763)
	Update on sbtest8  (cost=0.43..48.53 rows=0 width=0)
	  ->  Index Scan using sbtest8_pkey on sbtest8  (cost=0.43..48.53 rows=10 width=490)
	        Index Cond: (id = ANY ('{6456475,3240755,9043679,5508809,1111579,5982672,6968284,9254055,4299374,9960763}'::integer[]))

explain: for update-inlist :: explain UPDATE sbtest%d set c=7 WHERE id IN ( 9426681, 9433378, 9461649, 4268150, 1473742, 8313229, 941589, 8401749, 8649525, 1648663)
for update-inlist
table 1 : explain UPDATE sbtest1 set c=7 WHERE id IN ( 4175860, 769268, 8147274, 3108551, 8876475, 3596305, 9450571, 9965229, 5650149, 8389002)
	Update on sbtest1  (cost=0.43..48.53 rows=0 width=0)
	  ->  Index Scan using sbtest1_pkey on sbtest1  (cost=0.43..48.53 rows=10 width=490)
	        Index Cond: (id = ANY ('{4175860,769268,8147274,3108551,8876475,3596305,9450571,9965229,5650149,8389002}'::integer[]))

table 2 : explain UPDATE sbtest2 set c=7 WHERE id IN ( 4175860, 769268, 8147274, 3108551, 8876475, 3596305, 9450571, 9965229, 5650149, 8389002)
	Update on sbtest2  (cost=0.43..48.53 rows=0 width=0)
	  ->  Index Scan using sbtest2_pkey on sbtest2  (cost=0.43..48.53 rows=10 width=490)
	        Index Cond: (id = ANY ('{4175860,769268,8147274,3108551,8876475,3596305,9450571,9965229,5650149,8389002}'::integer[]))

table 3 : explain UPDATE sbtest3 set c=7 WHERE id IN ( 4175860, 769268, 8147274, 3108551, 8876475, 3596305, 9450571, 9965229, 5650149, 8389002)
	Update on sbtest3  (cost=0.43..48.53 rows=0 width=0)
	  ->  Index Scan using sbtest3_pkey on sbtest3  (cost=0.43..48.53 rows=10 width=490)
	        Index Cond: (id = ANY ('{4175860,769268,8147274,3108551,8876475,3596305,9450571,9965229,5650149,8389002}'::integer[]))

table 4 : explain UPDATE sbtest4 set c=7 WHERE id IN ( 4175860, 769268, 8147274, 3108551, 8876475, 3596305, 9450571, 9965229, 5650149, 8389002)
	Update on sbtest4  (cost=0.43..48.53 rows=0 width=0)
	  ->  Index Scan using sbtest4_pkey on sbtest4  (cost=0.43..48.53 rows=10 width=490)
	        Index Cond: (id = ANY ('{4175860,769268,8147274,3108551,8876475,3596305,9450571,9965229,5650149,8389002}'::integer[]))

table 5 : explain UPDATE sbtest5 set c=7 WHERE id IN ( 4175860, 769268, 8147274, 3108551, 8876475, 3596305, 9450571, 9965229, 5650149, 8389002)
	Update on sbtest5  (cost=0.43..48.53 rows=0 width=0)
	  ->  Index Scan using sbtest5_pkey on sbtest5  (cost=0.43..48.53 rows=10 width=490)
	        Index Cond: (id = ANY ('{4175860,769268,8147274,3108551,8876475,3596305,9450571,9965229,5650149,8389002}'::integer[]))

table 6 : explain UPDATE sbtest6 set c=7 WHERE id IN ( 4175860, 769268, 8147274, 3108551, 8876475, 3596305, 9450571, 9965229, 5650149, 8389002)
	Update on sbtest6  (cost=0.43..48.53 rows=0 width=0)
	  ->  Index Scan using sbtest6_pkey on sbtest6  (cost=0.43..48.53 rows=10 width=490)
	        Index Cond: (id = ANY ('{4175860,769268,8147274,3108551,8876475,3596305,9450571,9965229,5650149,8389002}'::integer[]))

table 7 : explain UPDATE sbtest7 set c=7 WHERE id IN ( 4175860, 769268, 8147274, 3108551, 8876475, 3596305, 9450571, 9965229, 5650149, 8389002)
	Update on sbtest7  (cost=0.43..48.53 rows=0 width=0)
	  ->  Index Scan using sbtest7_pkey on sbtest7  (cost=0.43..48.53 rows=10 width=490)
	        Index Cond: (id = ANY ('{4175860,769268,8147274,3108551,8876475,3596305,9450571,9965229,5650149,8389002}'::integer[]))

table 8 : explain UPDATE sbtest8 set c=7 WHERE id IN ( 4175860, 769268, 8147274, 3108551, 8876475, 3596305, 9450571, 9965229, 5650149, 8389002)
	Update on sbtest8  (cost=0.43..48.53 rows=0 width=0)
	  ->  Index Scan using sbtest8_pkey on sbtest8  (cost=0.43..48.53 rows=10 width=490)
	        Index Cond: (id = ANY ('{4175860,769268,8147274,3108551,8876475,3596305,9450571,9965229,5650149,8389002}'::integer[]))

explain: for update-inlist :: explain UPDATE sbtest%d set c=7 WHERE id IN ( 8060153, 4434380, 8148304, 6050332, 422416, 6751640, 3728970, 5620189, 5992267, 3853902)
explain: for update-inlist :: explain UPDATE sbtest%d set c=7 WHERE id IN ( 3618678, 1263119, 9927074, 6052075, 9756689, 5803097, 5518505, 9345139, 8510502, 9778505)
explain: for update-inlist :: explain UPDATE sbtest%d set c=7 WHERE id IN ( 7668519, 9326362, 8381328, 8032905, 6250168, 1250255, 7726152, 3846155, 2563965, 4700924)
for update-inlist
table 1 : explain UPDATE sbtest1 set c=7 WHERE id IN ( 3618678, 1263119, 9927074, 6052075, 9756689, 5803097, 5518505, 9345139, 8510502, 9778505)
	Update on sbtest1  (cost=0.43..48.53 rows=0 width=0)
	  ->  Index Scan using sbtest1_pkey on sbtest1  (cost=0.43..48.53 rows=10 width=490)
	        Index Cond: (id = ANY ('{3618678,1263119,9927074,6052075,9756689,5803097,5518505,9345139,8510502,9778505}'::integer[]))

table 2 : explain UPDATE sbtest2 set c=7 WHERE id IN ( 3618678, 1263119, 9927074, 6052075, 9756689, 5803097, 5518505, 9345139, 8510502, 9778505)
	Update on sbtest2  (cost=0.43..48.53 rows=0 width=0)
	  ->  Index Scan using sbtest2_pkey on sbtest2  (cost=0.43..48.53 rows=10 width=490)
	        Index Cond: (id = ANY ('{3618678,1263119,9927074,6052075,9756689,5803097,5518505,9345139,8510502,9778505}'::integer[]))

table 3 : explain UPDATE sbtest3 set c=7 WHERE id IN ( 3618678, 1263119, 9927074, 6052075, 9756689, 5803097, 5518505, 9345139, 8510502, 9778505)
	Update on sbtest3  (cost=0.43..48.53 rows=0 width=0)
	  ->  Index Scan using sbtest3_pkey on sbtest3  (cost=0.43..48.53 rows=10 width=490)
	        Index Cond: (id = ANY ('{3618678,1263119,9927074,6052075,9756689,5803097,5518505,9345139,8510502,9778505}'::integer[]))

table 4 : explain UPDATE sbtest4 set c=7 WHERE id IN ( 3618678, 1263119, 9927074, 6052075, 9756689, 5803097, 5518505, 9345139, 8510502, 9778505)
	Update on sbtest4  (cost=0.43..48.53 rows=0 width=0)
	  ->  Index Scan using sbtest4_pkey on sbtest4  (cost=0.43..48.53 rows=10 width=490)
	        Index Cond: (id = ANY ('{3618678,1263119,9927074,6052075,9756689,5803097,5518505,9345139,8510502,9778505}'::integer[]))

table 5 : explain UPDATE sbtest5 set c=7 WHERE id IN ( 3618678, 1263119, 9927074, 6052075, 9756689, 5803097, 5518505, 9345139, 8510502, 9778505)
	Update on sbtest5  (cost=0.43..48.53 rows=0 width=0)
	  ->  Index Scan using sbtest5_pkey on sbtest5  (cost=0.43..48.53 rows=10 width=490)
	        Index Cond: (id = ANY ('{3618678,1263119,9927074,6052075,9756689,5803097,5518505,9345139,8510502,9778505}'::integer[]))

table 6 : explain UPDATE sbtest6 set c=7 WHERE id IN ( 3618678, 1263119, 9927074, 6052075, 9756689, 5803097, 5518505, 9345139, 8510502, 9778505)
	Update on sbtest6  (cost=0.43..48.53 rows=0 width=0)
	  ->  Index Scan using sbtest6_pkey on sbtest6  (cost=0.43..48.53 rows=10 width=490)
	        Index Cond: (id = ANY ('{3618678,1263119,9927074,6052075,9756689,5803097,5518505,9345139,8510502,9778505}'::integer[]))

table 7 : explain UPDATE sbtest7 set c=7 WHERE id IN ( 3618678, 1263119, 9927074, 6052075, 9756689, 5803097, 5518505, 9345139, 8510502, 9778505)
	Update on sbtest7  (cost=0.43..48.53 rows=0 width=0)
	  ->  Index Scan using sbtest7_pkey on sbtest7  (cost=0.43..48.53 rows=10 width=490)
	        Index Cond: (id = ANY ('{3618678,1263119,9927074,6052075,9756689,5803097,5518505,9345139,8510502,9778505}'::integer[]))

table 8 : explain UPDATE sbtest8 set c=7 WHERE id IN ( 3618678, 1263119, 9927074, 6052075, 9756689, 5803097, 5518505, 9345139, 8510502, 9778505)
	Update on sbtest8  (cost=0.43..48.53 rows=0 width=0)
	  ->  Index Scan using sbtest8_pkey on sbtest8  (cost=0.43..48.53 rows=10 width=490)
	        Index Cond: (id = ANY ('{3618678,1263119,9927074,6052075,9756689,5803097,5518505,9345139,8510502,9778505}'::integer[]))

for update-inlist
table 1 : explain UPDATE sbtest1 set c=7 WHERE id IN ( 9426681, 9433378, 9461649, 4268150, 1473742, 8313229, 941589, 8401749, 8649525, 1648663)
	Update on sbtest1  (cost=0.43..48.53 rows=0 width=0)
	  ->  Index Scan using sbtest1_pkey on sbtest1  (cost=0.43..48.53 rows=10 width=490)
	        Index Cond: (id = ANY ('{9426681,9433378,9461649,4268150,1473742,8313229,941589,8401749,8649525,1648663}'::integer[]))

table 2 : explain UPDATE sbtest2 set c=7 WHERE id IN ( 9426681, 9433378, 9461649, 4268150, 1473742, 8313229, 941589, 8401749, 8649525, 1648663)
	Update on sbtest2  (cost=0.43..48.53 rows=0 width=0)
	  ->  Index Scan using sbtest2_pkey on sbtest2  (cost=0.43..48.53 rows=10 width=490)
	        Index Cond: (id = ANY ('{9426681,9433378,9461649,4268150,1473742,8313229,941589,8401749,8649525,1648663}'::integer[]))

table 3 : explain UPDATE sbtest3 set c=7 WHERE id IN ( 9426681, 9433378, 9461649, 4268150, 1473742, 8313229, 941589, 8401749, 8649525, 1648663)
	Update on sbtest3  (cost=0.43..48.53 rows=0 width=0)
	  ->  Index Scan using sbtest3_pkey on sbtest3  (cost=0.43..48.53 rows=10 width=490)
	        Index Cond: (id = ANY ('{9426681,9433378,9461649,4268150,1473742,8313229,941589,8401749,8649525,1648663}'::integer[]))

table 4 : explain UPDATE sbtest4 set c=7 WHERE id IN ( 9426681, 9433378, 9461649, 4268150, 1473742, 8313229, 941589, 8401749, 8649525, 1648663)
	Update on sbtest4  (cost=0.43..48.53 rows=0 width=0)
	  ->  Index Scan using sbtest4_pkey on sbtest4  (cost=0.43..48.53 rows=10 width=490)
	        Index Cond: (id = ANY ('{9426681,9433378,9461649,4268150,1473742,8313229,941589,8401749,8649525,1648663}'::integer[]))

table 5 : explain UPDATE sbtest5 set c=7 WHERE id IN ( 9426681, 9433378, 9461649, 4268150, 1473742, 8313229, 941589, 8401749, 8649525, 1648663)
	Update on sbtest5  (cost=0.43..48.53 rows=0 width=0)
	  ->  Index Scan using sbtest5_pkey on sbtest5  (cost=0.43..48.53 rows=10 width=490)
	        Index Cond: (id = ANY ('{9426681,9433378,9461649,4268150,1473742,8313229,941589,8401749,8649525,1648663}'::integer[]))

table 6 : explain UPDATE sbtest6 set c=7 WHERE id IN ( 9426681, 9433378, 9461649, 4268150, 1473742, 8313229, 941589, 8401749, 8649525, 1648663)
	Update on sbtest6  (cost=0.43..48.53 rows=0 width=0)
	  ->  Index Scan using sbtest6_pkey on sbtest6  (cost=0.43..48.53 rows=10 width=490)
	        Index Cond: (id = ANY ('{9426681,9433378,9461649,4268150,1473742,8313229,941589,8401749,8649525,1648663}'::integer[]))

table 7 : explain UPDATE sbtest7 set c=7 WHERE id IN ( 9426681, 9433378, 9461649, 4268150, 1473742, 8313229, 941589, 8401749, 8649525, 1648663)
	Update on sbtest7  (cost=0.43..48.53 rows=0 width=0)
	  ->  Index Scan using sbtest7_pkey on sbtest7  (cost=0.43..48.53 rows=10 width=490)
	        Index Cond: (id = ANY ('{9426681,9433378,9461649,4268150,1473742,8313229,941589,8401749,8649525,1648663}'::integer[]))

table 8 : explain UPDATE sbtest8 set c=7 WHERE id IN ( 9426681, 9433378, 9461649, 4268150, 1473742, 8313229, 941589, 8401749, 8649525, 1648663)
	Update on sbtest8  (cost=0.43..48.53 rows=0 width=0)
	  ->  Index Scan using sbtest8_pkey on sbtest8  (cost=0.43..48.53 rows=10 width=490)
	        Index Cond: (id = ANY ('{9426681,9433378,9461649,4268150,1473742,8313229,941589,8401749,8649525,1648663}'::integer[]))

for update-inlist
table 1 : explain UPDATE sbtest1 set c=7 WHERE id IN ( 8060153, 4434380, 8148304, 6050332, 422416, 6751640, 3728970, 5620189, 5992267, 3853902)
	Update on sbtest1  (cost=0.43..48.53 rows=0 width=0)
	  ->  Index Scan using sbtest1_pkey on sbtest1  (cost=0.43..48.53 rows=10 width=490)
	        Index Cond: (id = ANY ('{8060153,4434380,8148304,6050332,422416,6751640,3728970,5620189,5992267,3853902}'::integer[]))

table 2 : explain UPDATE sbtest2 set c=7 WHERE id IN ( 8060153, 4434380, 8148304, 6050332, 422416, 6751640, 3728970, 5620189, 5992267, 3853902)
	Update on sbtest2  (cost=0.43..48.53 rows=0 width=0)
	  ->  Index Scan using sbtest2_pkey on sbtest2  (cost=0.43..48.53 rows=10 width=490)
	        Index Cond: (id = ANY ('{8060153,4434380,8148304,6050332,422416,6751640,3728970,5620189,5992267,3853902}'::integer[]))

table 3 : explain UPDATE sbtest3 set c=7 WHERE id IN ( 8060153, 4434380, 8148304, 6050332, 422416, 6751640, 3728970, 5620189, 5992267, 3853902)
	Update on sbtest3  (cost=0.43..48.53 rows=0 width=0)
	  ->  Index Scan using sbtest3_pkey on sbtest3  (cost=0.43..48.53 rows=10 width=490)
	        Index Cond: (id = ANY ('{8060153,4434380,8148304,6050332,422416,6751640,3728970,5620189,5992267,3853902}'::integer[]))

table 4 : explain UPDATE sbtest4 set c=7 WHERE id IN ( 8060153, 4434380, 8148304, 6050332, 422416, 6751640, 3728970, 5620189, 5992267, 3853902)
	Update on sbtest4  (cost=0.43..48.53 rows=0 width=0)
	  ->  Index Scan using sbtest4_pkey on sbtest4  (cost=0.43..48.53 rows=10 width=490)
	        Index Cond: (id = ANY ('{8060153,4434380,8148304,6050332,422416,6751640,3728970,5620189,5992267,3853902}'::integer[]))

table 5 : explain UPDATE sbtest5 set c=7 WHERE id IN ( 8060153, 4434380, 8148304, 6050332, 422416, 6751640, 3728970, 5620189, 5992267, 3853902)
	Update on sbtest5  (cost=0.43..48.53 rows=0 width=0)
	  ->  Index Scan using sbtest5_pkey on sbtest5  (cost=0.43..48.53 rows=10 width=490)
	        Index Cond: (id = ANY ('{8060153,4434380,8148304,6050332,422416,6751640,3728970,5620189,5992267,3853902}'::integer[]))

table 6 : explain UPDATE sbtest6 set c=7 WHERE id IN ( 8060153, 4434380, 8148304, 6050332, 422416, 6751640, 3728970, 5620189, 5992267, 3853902)
	Update on sbtest6  (cost=0.43..48.53 rows=0 width=0)
	  ->  Index Scan using sbtest6_pkey on sbtest6  (cost=0.43..48.53 rows=10 width=490)
	        Index Cond: (id = ANY ('{8060153,4434380,8148304,6050332,422416,6751640,3728970,5620189,5992267,3853902}'::integer[]))

table 7 : explain UPDATE sbtest7 set c=7 WHERE id IN ( 8060153, 4434380, 8148304, 6050332, 422416, 6751640, 3728970, 5620189, 5992267, 3853902)
	Update on sbtest7  (cost=0.43..48.53 rows=0 width=0)
	  ->  Index Scan using sbtest7_pkey on sbtest7  (cost=0.43..48.53 rows=10 width=490)
	        Index Cond: (id = ANY ('{8060153,4434380,8148304,6050332,422416,6751640,3728970,5620189,5992267,3853902}'::integer[]))

table 8 : explain UPDATE sbtest8 set c=7 WHERE id IN ( 8060153, 4434380, 8148304, 6050332, 422416, 6751640, 3728970, 5620189, 5992267, 3853902)
	Update on sbtest8  (cost=0.43..48.53 rows=0 width=0)
	  ->  Index Scan using sbtest8_pkey on sbtest8  (cost=0.43..48.53 rows=10 width=490)
	        Index Cond: (id = ANY ('{8060153,4434380,8148304,6050332,422416,6751640,3728970,5620189,5992267,3853902}'::integer[]))

explain: for update-inlist :: explain UPDATE sbtest%d set c=7 WHERE id IN ( 2138893, 5701188, 9472776, 1300724, 4860123, 4276626, 2496696, 5272613, 4050300, 5239166)
explain: for update-inlist :: explain UPDATE sbtest%d set c=7 WHERE id IN ( 4259650, 985763, 6479908, 3268622, 1965178, 5842772, 3039235, 3881947, 1412888, 6440419)
for update-inlist
table 1 : explain UPDATE sbtest1 set c=7 WHERE id IN ( 7668519, 9326362, 8381328, 8032905, 6250168, 1250255, 7726152, 3846155, 2563965, 4700924)
	Update on sbtest1  (cost=0.43..48.53 rows=0 width=0)
	  ->  Index Scan using sbtest1_pkey on sbtest1  (cost=0.43..48.53 rows=10 width=490)
	        Index Cond: (id = ANY ('{7668519,9326362,8381328,8032905,6250168,1250255,7726152,3846155,2563965,4700924}'::integer[]))

table 2 : explain UPDATE sbtest2 set c=7 WHERE id IN ( 7668519, 9326362, 8381328, 8032905, 6250168, 1250255, 7726152, 3846155, 2563965, 4700924)
	Update on sbtest2  (cost=0.43..48.53 rows=0 width=0)
	  ->  Index Scan using sbtest2_pkey on sbtest2  (cost=0.43..48.53 rows=10 width=490)
	        Index Cond: (id = ANY ('{7668519,9326362,8381328,8032905,6250168,1250255,7726152,3846155,2563965,4700924}'::integer[]))

table 3 : explain UPDATE sbtest3 set c=7 WHERE id IN ( 7668519, 9326362, 8381328, 8032905, 6250168, 1250255, 7726152, 3846155, 2563965, 4700924)
	Update on sbtest3  (cost=0.43..48.53 rows=0 width=0)
	  ->  Index Scan using sbtest3_pkey on sbtest3  (cost=0.43..48.53 rows=10 width=490)
	        Index Cond: (id = ANY ('{7668519,9326362,8381328,8032905,6250168,1250255,7726152,3846155,2563965,4700924}'::integer[]))

table 4 : explain UPDATE sbtest4 set c=7 WHERE id IN ( 7668519, 9326362, 8381328, 8032905, 6250168, 1250255, 7726152, 3846155, 2563965, 4700924)
	Update on sbtest4  (cost=0.43..48.53 rows=0 width=0)
	  ->  Index Scan using sbtest4_pkey on sbtest4  (cost=0.43..48.53 rows=10 width=490)
	        Index Cond: (id = ANY ('{7668519,9326362,8381328,8032905,6250168,1250255,7726152,3846155,2563965,4700924}'::integer[]))

table 5 : explain UPDATE sbtest5 set c=7 WHERE id IN ( 7668519, 9326362, 8381328, 8032905, 6250168, 1250255, 7726152, 3846155, 2563965, 4700924)
	Update on sbtest5  (cost=0.43..48.53 rows=0 width=0)
	  ->  Index Scan using sbtest5_pkey on sbtest5  (cost=0.43..48.53 rows=10 width=490)
	        Index Cond: (id = ANY ('{7668519,9326362,8381328,8032905,6250168,1250255,7726152,3846155,2563965,4700924}'::integer[]))

table 6 : explain UPDATE sbtest6 set c=7 WHERE id IN ( 7668519, 9326362, 8381328, 8032905, 6250168, 1250255, 7726152, 3846155, 2563965, 4700924)
	Update on sbtest6  (cost=0.43..48.53 rows=0 width=0)
	  ->  Index Scan using sbtest6_pkey on sbtest6  (cost=0.43..48.53 rows=10 width=490)
	        Index Cond: (id = ANY ('{7668519,9326362,8381328,8032905,6250168,1250255,7726152,3846155,2563965,4700924}'::integer[]))

table 7 : explain UPDATE sbtest7 set c=7 WHERE id IN ( 7668519, 9326362, 8381328, 8032905, 6250168, 1250255, 7726152, 3846155, 2563965, 4700924)
	Update on sbtest7  (cost=0.43..48.53 rows=0 width=0)
	  ->  Index Scan using sbtest7_pkey on sbtest7  (cost=0.43..48.53 rows=10 width=490)
	        Index Cond: (id = ANY ('{7668519,9326362,8381328,8032905,6250168,1250255,7726152,3846155,2563965,4700924}'::integer[]))

table 8 : explain UPDATE sbtest8 set c=7 WHERE id IN ( 7668519, 9326362, 8381328, 8032905, 6250168, 1250255, 7726152, 3846155, 2563965, 4700924)
	Update on sbtest8  (cost=0.43..48.53 rows=0 width=0)
	  ->  Index Scan using sbtest8_pkey on sbtest8  (cost=0.43..48.53 rows=10 width=490)
	        Index Cond: (id = ANY ('{7668519,9326362,8381328,8032905,6250168,1250255,7726152,3846155,2563965,4700924}'::integer[]))

explain: for update-inlist :: explain UPDATE sbtest%d set c=7 WHERE id IN ( 2579275, 7857399, 2605739, 5088650, 8421483, 738690, 506819, 5072919, 1886295, 6557362)
for update-inlist
table 1 : explain UPDATE sbtest1 set c=7 WHERE id IN ( 2138893, 5701188, 9472776, 1300724, 4860123, 4276626, 2496696, 5272613, 4050300, 5239166)
	Update on sbtest1  (cost=0.43..48.53 rows=0 width=0)
	  ->  Index Scan using sbtest1_pkey on sbtest1  (cost=0.43..48.53 rows=10 width=490)
	        Index Cond: (id = ANY ('{2138893,5701188,9472776,1300724,4860123,4276626,2496696,5272613,4050300,5239166}'::integer[]))

table 2 : explain UPDATE sbtest2 set c=7 WHERE id IN ( 2138893, 5701188, 9472776, 1300724, 4860123, 4276626, 2496696, 5272613, 4050300, 5239166)
	Update on sbtest2  (cost=0.43..48.53 rows=0 width=0)
	  ->  Index Scan using sbtest2_pkey on sbtest2  (cost=0.43..48.53 rows=10 width=490)
	        Index Cond: (id = ANY ('{2138893,5701188,9472776,1300724,4860123,4276626,2496696,5272613,4050300,5239166}'::integer[]))

table 3 : explain UPDATE sbtest3 set c=7 WHERE id IN ( 2138893, 5701188, 9472776, 1300724, 4860123, 4276626, 2496696, 5272613, 4050300, 5239166)
	Update on sbtest3  (cost=0.43..48.53 rows=0 width=0)
	  ->  Index Scan using sbtest3_pkey on sbtest3  (cost=0.43..48.53 rows=10 width=490)
	        Index Cond: (id = ANY ('{2138893,5701188,9472776,1300724,4860123,4276626,2496696,5272613,4050300,5239166}'::integer[]))

table 4 : explain UPDATE sbtest4 set c=7 WHERE id IN ( 2138893, 5701188, 9472776, 1300724, 4860123, 4276626, 2496696, 5272613, 4050300, 5239166)
	Update on sbtest4  (cost=0.43..48.53 rows=0 width=0)
	  ->  Index Scan using sbtest4_pkey on sbtest4  (cost=0.43..48.53 rows=10 width=490)
	        Index Cond: (id = ANY ('{2138893,5701188,9472776,1300724,4860123,4276626,2496696,5272613,4050300,5239166}'::integer[]))

table 5 : explain UPDATE sbtest5 set c=7 WHERE id IN ( 2138893, 5701188, 9472776, 1300724, 4860123, 4276626, 2496696, 5272613, 4050300, 5239166)
	Update on sbtest5  (cost=0.43..48.53 rows=0 width=0)
	  ->  Index Scan using sbtest5_pkey on sbtest5  (cost=0.43..48.53 rows=10 width=490)
	        Index Cond: (id = ANY ('{2138893,5701188,9472776,1300724,4860123,4276626,2496696,5272613,4050300,5239166}'::integer[]))

table 6 : explain UPDATE sbtest6 set c=7 WHERE id IN ( 2138893, 5701188, 9472776, 1300724, 4860123, 4276626, 2496696, 5272613, 4050300, 5239166)
	Update on sbtest6  (cost=0.43..48.53 rows=0 width=0)
	  ->  Index Scan using sbtest6_pkey on sbtest6  (cost=0.43..48.53 rows=10 width=490)
	        Index Cond: (id = ANY ('{2138893,5701188,9472776,1300724,4860123,4276626,2496696,5272613,4050300,5239166}'::integer[]))

table 7 : explain UPDATE sbtest7 set c=7 WHERE id IN ( 2138893, 5701188, 9472776, 1300724, 4860123, 4276626, 2496696, 5272613, 4050300, 5239166)
	Update on sbtest7  (cost=0.43..48.53 rows=0 width=0)
	  ->  Index Scan using sbtest7_pkey on sbtest7  (cost=0.43..48.53 rows=10 width=490)
	        Index Cond: (id = ANY ('{2138893,5701188,9472776,1300724,4860123,4276626,2496696,5272613,4050300,5239166}'::integer[]))

table 8 : explain UPDATE sbtest8 set c=7 WHERE id IN ( 2138893, 5701188, 9472776, 1300724, 4860123, 4276626, 2496696, 5272613, 4050300, 5239166)
	Update on sbtest8  (cost=0.43..48.53 rows=0 width=0)
	  ->  Index Scan using sbtest8_pkey on sbtest8  (cost=0.43..48.53 rows=10 width=490)
	        Index Cond: (id = ANY ('{2138893,5701188,9472776,1300724,4860123,4276626,2496696,5272613,4050300,5239166}'::integer[]))

for update-inlist
table 1 : explain UPDATE sbtest1 set c=7 WHERE id IN ( 2579275, 7857399, 2605739, 5088650, 8421483, 738690, 506819, 5072919, 1886295, 6557362)
	Update on sbtest1  (cost=0.43..48.53 rows=0 width=0)
	  ->  Index Scan using sbtest1_pkey on sbtest1  (cost=0.43..48.53 rows=10 width=490)
	        Index Cond: (id = ANY ('{2579275,7857399,2605739,5088650,8421483,738690,506819,5072919,1886295,6557362}'::integer[]))

table 2 : explain UPDATE sbtest2 set c=7 WHERE id IN ( 2579275, 7857399, 2605739, 5088650, 8421483, 738690, 506819, 5072919, 1886295, 6557362)
	Update on sbtest2  (cost=0.43..48.53 rows=0 width=0)
	  ->  Index Scan using sbtest2_pkey on sbtest2  (cost=0.43..48.53 rows=10 width=490)
	        Index Cond: (id = ANY ('{2579275,7857399,2605739,5088650,8421483,738690,506819,5072919,1886295,6557362}'::integer[]))

table 3 : explain UPDATE sbtest3 set c=7 WHERE id IN ( 2579275, 7857399, 2605739, 5088650, 8421483, 738690, 506819, 5072919, 1886295, 6557362)
	Update on sbtest3  (cost=0.43..48.53 rows=0 width=0)
	  ->  Index Scan using sbtest3_pkey on sbtest3  (cost=0.43..48.53 rows=10 width=490)
	        Index Cond: (id = ANY ('{2579275,7857399,2605739,5088650,8421483,738690,506819,5072919,1886295,6557362}'::integer[]))

table 4 : explain UPDATE sbtest4 set c=7 WHERE id IN ( 2579275, 7857399, 2605739, 5088650, 8421483, 738690, 506819, 5072919, 1886295, 6557362)
	Update on sbtest4  (cost=0.43..48.53 rows=0 width=0)
	  ->  Index Scan using sbtest4_pkey on sbtest4  (cost=0.43..48.53 rows=10 width=490)
	        Index Cond: (id = ANY ('{2579275,7857399,2605739,5088650,8421483,738690,506819,5072919,1886295,6557362}'::integer[]))

table 5 : explain UPDATE sbtest5 set c=7 WHERE id IN ( 2579275, 7857399, 2605739, 5088650, 8421483, 738690, 506819, 5072919, 1886295, 6557362)
	Update on sbtest5  (cost=0.43..48.53 rows=0 width=0)
	  ->  Index Scan using sbtest5_pkey on sbtest5  (cost=0.43..48.53 rows=10 width=490)
	        Index Cond: (id = ANY ('{2579275,7857399,2605739,5088650,8421483,738690,506819,5072919,1886295,6557362}'::integer[]))

table 6 : explain UPDATE sbtest6 set c=7 WHERE id IN ( 2579275, 7857399, 2605739, 5088650, 8421483, 738690, 506819, 5072919, 1886295, 6557362)
	Update on sbtest6  (cost=0.43..48.53 rows=0 width=0)
	  ->  Index Scan using sbtest6_pkey on sbtest6  (cost=0.43..48.53 rows=10 width=490)
	        Index Cond: (id = ANY ('{2579275,7857399,2605739,5088650,8421483,738690,506819,5072919,1886295,6557362}'::integer[]))

table 7 : explain UPDATE sbtest7 set c=7 WHERE id IN ( 2579275, 7857399, 2605739, 5088650, 8421483, 738690, 506819, 5072919, 1886295, 6557362)
	Update on sbtest7  (cost=0.43..48.53 rows=0 width=0)
	  ->  Index Scan using sbtest7_pkey on sbtest7  (cost=0.43..48.53 rows=10 width=490)
	        Index Cond: (id = ANY ('{2579275,7857399,2605739,5088650,8421483,738690,506819,5072919,1886295,6557362}'::integer[]))

table 8 : explain UPDATE sbtest8 set c=7 WHERE id IN ( 2579275, 7857399, 2605739, 5088650, 8421483, 738690, 506819, 5072919, 1886295, 6557362)
	Update on sbtest8  (cost=0.43..48.53 rows=0 width=0)
	  ->  Index Scan using sbtest8_pkey on sbtest8  (cost=0.43..48.53 rows=10 width=490)
	        Index Cond: (id = ANY ('{2579275,7857399,2605739,5088650,8421483,738690,506819,5072919,1886295,6557362}'::integer[]))

explain: for update-inlist :: explain UPDATE sbtest%d set c=7 WHERE id IN ( 8155602, 1175846, 4994156, 7701767, 7635519, 4635659, 8792774, 3131075, 7253542, 3087512)
for update-inlist
table 1 : explain UPDATE sbtest1 set c=7 WHERE id IN ( 4259650, 985763, 6479908, 3268622, 1965178, 5842772, 3039235, 3881947, 1412888, 6440419)
	Update on sbtest1  (cost=0.43..48.53 rows=0 width=0)
	  ->  Index Scan using sbtest1_pkey on sbtest1  (cost=0.43..48.53 rows=10 width=490)
	        Index Cond: (id = ANY ('{4259650,985763,6479908,3268622,1965178,5842772,3039235,3881947,1412888,6440419}'::integer[]))

table 2 : explain UPDATE sbtest2 set c=7 WHERE id IN ( 4259650, 985763, 6479908, 3268622, 1965178, 5842772, 3039235, 3881947, 1412888, 6440419)
	Update on sbtest2  (cost=0.43..48.53 rows=0 width=0)
	  ->  Index Scan using sbtest2_pkey on sbtest2  (cost=0.43..48.53 rows=10 width=490)
	        Index Cond: (id = ANY ('{4259650,985763,6479908,3268622,1965178,5842772,3039235,3881947,1412888,6440419}'::integer[]))

table 3 : explain UPDATE sbtest3 set c=7 WHERE id IN ( 4259650, 985763, 6479908, 3268622, 1965178, 5842772, 3039235, 3881947, 1412888, 6440419)
	Update on sbtest3  (cost=0.43..48.53 rows=0 width=0)
	  ->  Index Scan using sbtest3_pkey on sbtest3  (cost=0.43..48.53 rows=10 width=490)
	        Index Cond: (id = ANY ('{4259650,985763,6479908,3268622,1965178,5842772,3039235,3881947,1412888,6440419}'::integer[]))

table 4 : explain UPDATE sbtest4 set c=7 WHERE id IN ( 4259650, 985763, 6479908, 3268622, 1965178, 5842772, 3039235, 3881947, 1412888, 6440419)
	Update on sbtest4  (cost=0.43..48.53 rows=0 width=0)
	  ->  Index Scan using sbtest4_pkey on sbtest4  (cost=0.43..48.53 rows=10 width=490)
	        Index Cond: (id = ANY ('{4259650,985763,6479908,3268622,1965178,5842772,3039235,3881947,1412888,6440419}'::integer[]))

table 5 : explain UPDATE sbtest5 set c=7 WHERE id IN ( 4259650, 985763, 6479908, 3268622, 1965178, 5842772, 3039235, 3881947, 1412888, 6440419)
	Update on sbtest5  (cost=0.43..48.53 rows=0 width=0)
	  ->  Index Scan using sbtest5_pkey on sbtest5  (cost=0.43..48.53 rows=10 width=490)
	        Index Cond: (id = ANY ('{4259650,985763,6479908,3268622,1965178,5842772,3039235,3881947,1412888,6440419}'::integer[]))

table 6 : explain UPDATE sbtest6 set c=7 WHERE id IN ( 4259650, 985763, 6479908, 3268622, 1965178, 5842772, 3039235, 3881947, 1412888, 6440419)
	Update on sbtest6  (cost=0.43..48.53 rows=0 width=0)
	  ->  Index Scan using sbtest6_pkey on sbtest6  (cost=0.43..48.53 rows=10 width=490)
	        Index Cond: (id = ANY ('{4259650,985763,6479908,3268622,1965178,5842772,3039235,3881947,1412888,6440419}'::integer[]))

table 7 : explain UPDATE sbtest7 set c=7 WHERE id IN ( 4259650, 985763, 6479908, 3268622, 1965178, 5842772, 3039235, 3881947, 1412888, 6440419)
	Update on sbtest7  (cost=0.43..48.53 rows=0 width=0)
	  ->  Index Scan using sbtest7_pkey on sbtest7  (cost=0.43..48.53 rows=10 width=490)
	        Index Cond: (id = ANY ('{4259650,985763,6479908,3268622,1965178,5842772,3039235,3881947,1412888,6440419}'::integer[]))

table 8 : explain UPDATE sbtest8 set c=7 WHERE id IN ( 4259650, 985763, 6479908, 3268622, 1965178, 5842772, 3039235, 3881947, 1412888, 6440419)
	Update on sbtest8  (cost=0.43..48.53 rows=0 width=0)
	  ->  Index Scan using sbtest8_pkey on sbtest8  (cost=0.43..48.53 rows=10 width=490)
	        Index Cond: (id = ANY ('{4259650,985763,6479908,3268622,1965178,5842772,3039235,3881947,1412888,6440419}'::integer[]))

explain: for update-inlist :: explain UPDATE sbtest%d set c=7 WHERE id IN ( 4686212, 6835801, 9614983, 8984742, 6135895, 3823359, 6613023, 920530, 6765684, 2292628)
explain: for update-inlist :: explain UPDATE sbtest%d set c=7 WHERE id IN ( 1751068, 775558, 9851461, 6194610, 3619012, 4652052, 5634794, 5237225, 16891, 4017096)
for update-inlist
table 1 : explain UPDATE sbtest1 set c=7 WHERE id IN ( 8155602, 1175846, 4994156, 7701767, 7635519, 4635659, 8792774, 3131075, 7253542, 3087512)
	Update on sbtest1  (cost=0.43..48.53 rows=0 width=0)
	  ->  Index Scan using sbtest1_pkey on sbtest1  (cost=0.43..48.53 rows=10 width=490)
	        Index Cond: (id = ANY ('{8155602,1175846,4994156,7701767,7635519,4635659,8792774,3131075,7253542,3087512}'::integer[]))

table 2 : explain UPDATE sbtest2 set c=7 WHERE id IN ( 8155602, 1175846, 4994156, 7701767, 7635519, 4635659, 8792774, 3131075, 7253542, 3087512)
	Update on sbtest2  (cost=0.43..48.53 rows=0 width=0)
	  ->  Index Scan using sbtest2_pkey on sbtest2  (cost=0.43..48.53 rows=10 width=490)
	        Index Cond: (id = ANY ('{8155602,1175846,4994156,7701767,7635519,4635659,8792774,3131075,7253542,3087512}'::integer[]))

table 3 : explain UPDATE sbtest3 set c=7 WHERE id IN ( 8155602, 1175846, 4994156, 7701767, 7635519, 4635659, 8792774, 3131075, 7253542, 3087512)
	Update on sbtest3  (cost=0.43..48.53 rows=0 width=0)
	  ->  Index Scan using sbtest3_pkey on sbtest3  (cost=0.43..48.53 rows=10 width=490)
	        Index Cond: (id = ANY ('{8155602,1175846,4994156,7701767,7635519,4635659,8792774,3131075,7253542,3087512}'::integer[]))

table 4 : explain UPDATE sbtest4 set c=7 WHERE id IN ( 8155602, 1175846, 4994156, 7701767, 7635519, 4635659, 8792774, 3131075, 7253542, 3087512)
	Update on sbtest4  (cost=0.43..48.53 rows=0 width=0)
	  ->  Index Scan using sbtest4_pkey on sbtest4  (cost=0.43..48.53 rows=10 width=490)
	        Index Cond: (id = ANY ('{8155602,1175846,4994156,7701767,7635519,4635659,8792774,3131075,7253542,3087512}'::integer[]))

table 5 : explain UPDATE sbtest5 set c=7 WHERE id IN ( 8155602, 1175846, 4994156, 7701767, 7635519, 4635659, 8792774, 3131075, 7253542, 3087512)
	Update on sbtest5  (cost=0.43..48.53 rows=0 width=0)
	  ->  Index Scan using sbtest5_pkey on sbtest5  (cost=0.43..48.53 rows=10 width=490)
	        Index Cond: (id = ANY ('{8155602,1175846,4994156,7701767,7635519,4635659,8792774,3131075,7253542,3087512}'::integer[]))

table 6 : explain UPDATE sbtest6 set c=7 WHERE id IN ( 8155602, 1175846, 4994156, 7701767, 7635519, 4635659, 8792774, 3131075, 7253542, 3087512)
	Update on sbtest6  (cost=0.43..48.53 rows=0 width=0)
	  ->  Index Scan using sbtest6_pkey on sbtest6  (cost=0.43..48.53 rows=10 width=490)
	        Index Cond: (id = ANY ('{8155602,1175846,4994156,7701767,7635519,4635659,8792774,3131075,7253542,3087512}'::integer[]))

table 7 : explain UPDATE sbtest7 set c=7 WHERE id IN ( 8155602, 1175846, 4994156, 7701767, 7635519, 4635659, 8792774, 3131075, 7253542, 3087512)
	Update on sbtest7  (cost=0.43..48.53 rows=0 width=0)
	  ->  Index Scan using sbtest7_pkey on sbtest7  (cost=0.43..48.53 rows=10 width=490)
	        Index Cond: (id = ANY ('{8155602,1175846,4994156,7701767,7635519,4635659,8792774,3131075,7253542,3087512}'::integer[]))

table 8 : explain UPDATE sbtest8 set c=7 WHERE id IN ( 8155602, 1175846, 4994156, 7701767, 7635519, 4635659, 8792774, 3131075, 7253542, 3087512)
	Update on sbtest8  (cost=0.43..48.53 rows=0 width=0)
	  ->  Index Scan using sbtest8_pkey on sbtest8  (cost=0.43..48.53 rows=10 width=490)
	        Index Cond: (id = ANY ('{8155602,1175846,4994156,7701767,7635519,4635659,8792774,3131075,7253542,3087512}'::integer[]))

explain: for update-inlist :: explain UPDATE sbtest%d set c=7 WHERE id IN ( 589391, 9613704, 9561824, 813869, 5143774, 2151983, 1823917, 9186364, 4089891, 2147371)
explain: for update-inlist :: explain UPDATE sbtest%d set c=7 WHERE id IN ( 530182, 4197772, 427039, 2286184, 115026, 2153459, 7601740, 3461836, 9559262, 1475464)
explain: for update-inlist :: explain UPDATE sbtest%d set c=7 WHERE id IN ( 6222134, 6462975, 6857700, 1576024, 777690, 3001974, 2626917, 4605411, 5427213, 618515)
for update-inlist
table 1 : explain UPDATE sbtest1 set c=7 WHERE id IN ( 4686212, 6835801, 9614983, 8984742, 6135895, 3823359, 6613023, 920530, 6765684, 2292628)
	Update on sbtest1  (cost=0.43..48.53 rows=0 width=0)
	  ->  Index Scan using sbtest1_pkey on sbtest1  (cost=0.43..48.53 rows=10 width=490)
	        Index Cond: (id = ANY ('{4686212,6835801,9614983,8984742,6135895,3823359,6613023,920530,6765684,2292628}'::integer[]))

table 2 : explain UPDATE sbtest2 set c=7 WHERE id IN ( 4686212, 6835801, 9614983, 8984742, 6135895, 3823359, 6613023, 920530, 6765684, 2292628)
	Update on sbtest2  (cost=0.43..48.53 rows=0 width=0)
	  ->  Index Scan using sbtest2_pkey on sbtest2  (cost=0.43..48.53 rows=10 width=490)
	        Index Cond: (id = ANY ('{4686212,6835801,9614983,8984742,6135895,3823359,6613023,920530,6765684,2292628}'::integer[]))

table 3 : explain UPDATE sbtest3 set c=7 WHERE id IN ( 4686212, 6835801, 9614983, 8984742, 6135895, 3823359, 6613023, 920530, 6765684, 2292628)
	Update on sbtest3  (cost=0.43..48.53 rows=0 width=0)
	  ->  Index Scan using sbtest3_pkey on sbtest3  (cost=0.43..48.53 rows=10 width=490)
	        Index Cond: (id = ANY ('{4686212,6835801,9614983,8984742,6135895,3823359,6613023,920530,6765684,2292628}'::integer[]))

table 4 : explain UPDATE sbtest4 set c=7 WHERE id IN ( 4686212, 6835801, 9614983, 8984742, 6135895, 3823359, 6613023, 920530, 6765684, 2292628)
	Update on sbtest4  (cost=0.43..48.53 rows=0 width=0)
	  ->  Index Scan using sbtest4_pkey on sbtest4  (cost=0.43..48.53 rows=10 width=490)
	        Index Cond: (id = ANY ('{4686212,6835801,9614983,8984742,6135895,3823359,6613023,920530,6765684,2292628}'::integer[]))

table 5 : explain UPDATE sbtest5 set c=7 WHERE id IN ( 4686212, 6835801, 9614983, 8984742, 6135895, 3823359, 6613023, 920530, 6765684, 2292628)
	Update on sbtest5  (cost=0.43..48.53 rows=0 width=0)
	  ->  Index Scan using sbtest5_pkey on sbtest5  (cost=0.43..48.53 rows=10 width=490)
	        Index Cond: (id = ANY ('{4686212,6835801,9614983,8984742,6135895,3823359,6613023,920530,6765684,2292628}'::integer[]))

table 6 : explain UPDATE sbtest6 set c=7 WHERE id IN ( 4686212, 6835801, 9614983, 8984742, 6135895, 3823359, 6613023, 920530, 6765684, 2292628)
	Update on sbtest6  (cost=0.43..48.53 rows=0 width=0)
	  ->  Index Scan using sbtest6_pkey on sbtest6  (cost=0.43..48.53 rows=10 width=490)
	        Index Cond: (id = ANY ('{4686212,6835801,9614983,8984742,6135895,3823359,6613023,920530,6765684,2292628}'::integer[]))

table 7 : explain UPDATE sbtest7 set c=7 WHERE id IN ( 4686212, 6835801, 9614983, 8984742, 6135895, 3823359, 6613023, 920530, 6765684, 2292628)
	Update on sbtest7  (cost=0.43..48.53 rows=0 width=0)
	  ->  Index Scan using sbtest7_pkey on sbtest7  (cost=0.43..48.53 rows=10 width=490)
	        Index Cond: (id = ANY ('{4686212,6835801,9614983,8984742,6135895,3823359,6613023,920530,6765684,2292628}'::integer[]))

table 8 : explain UPDATE sbtest8 set c=7 WHERE id IN ( 4686212, 6835801, 9614983, 8984742, 6135895, 3823359, 6613023, 920530, 6765684, 2292628)
	Update on sbtest8  (cost=0.43..48.53 rows=0 width=0)
	  ->  Index Scan using sbtest8_pkey on sbtest8  (cost=0.43..48.53 rows=10 width=490)
	        Index Cond: (id = ANY ('{4686212,6835801,9614983,8984742,6135895,3823359,6613023,920530,6765684,2292628}'::integer[]))

for update-inlist
table 1 : explain UPDATE sbtest1 set c=7 WHERE id IN ( 1751068, 775558, 9851461, 6194610, 3619012, 4652052, 5634794, 5237225, 16891, 4017096)
	Update on sbtest1  (cost=0.43..48.53 rows=0 width=0)
	  ->  Index Scan using sbtest1_pkey on sbtest1  (cost=0.43..48.53 rows=10 width=490)
	        Index Cond: (id = ANY ('{1751068,775558,9851461,6194610,3619012,4652052,5634794,5237225,16891,4017096}'::integer[]))

table 2 : explain UPDATE sbtest2 set c=7 WHERE id IN ( 1751068, 775558, 9851461, 6194610, 3619012, 4652052, 5634794, 5237225, 16891, 4017096)
	Update on sbtest2  (cost=0.43..48.53 rows=0 width=0)
	  ->  Index Scan using sbtest2_pkey on sbtest2  (cost=0.43..48.53 rows=10 width=490)
	        Index Cond: (id = ANY ('{1751068,775558,9851461,6194610,3619012,4652052,5634794,5237225,16891,4017096}'::integer[]))

table 3 : explain UPDATE sbtest3 set c=7 WHERE id IN ( 1751068, 775558, 9851461, 6194610, 3619012, 4652052, 5634794, 5237225, 16891, 4017096)
	Update on sbtest3  (cost=0.43..48.53 rows=0 width=0)
	  ->  Index Scan using sbtest3_pkey on sbtest3  (cost=0.43..48.53 rows=10 width=490)
	        Index Cond: (id = ANY ('{1751068,775558,9851461,6194610,3619012,4652052,5634794,5237225,16891,4017096}'::integer[]))

table 4 : explain UPDATE sbtest4 set c=7 WHERE id IN ( 1751068, 775558, 9851461, 6194610, 3619012, 4652052, 5634794, 5237225, 16891, 4017096)
	Update on sbtest4  (cost=0.43..48.53 rows=0 width=0)
	  ->  Index Scan using sbtest4_pkey on sbtest4  (cost=0.43..48.53 rows=10 width=490)
	        Index Cond: (id = ANY ('{1751068,775558,9851461,6194610,3619012,4652052,5634794,5237225,16891,4017096}'::integer[]))

table 5 : explain UPDATE sbtest5 set c=7 WHERE id IN ( 1751068, 775558, 9851461, 6194610, 3619012, 4652052, 5634794, 5237225, 16891, 4017096)
	Update on sbtest5  (cost=0.43..48.53 rows=0 width=0)
	  ->  Index Scan using sbtest5_pkey on sbtest5  (cost=0.43..48.53 rows=10 width=490)
	        Index Cond: (id = ANY ('{1751068,775558,9851461,6194610,3619012,4652052,5634794,5237225,16891,4017096}'::integer[]))

table 6 : explain UPDATE sbtest6 set c=7 WHERE id IN ( 1751068, 775558, 9851461, 6194610, 3619012, 4652052, 5634794, 5237225, 16891, 4017096)
	Update on sbtest6  (cost=0.43..48.53 rows=0 width=0)
	  ->  Index Scan using sbtest6_pkey on sbtest6  (cost=0.43..48.53 rows=10 width=490)
	        Index Cond: (id = ANY ('{1751068,775558,9851461,6194610,3619012,4652052,5634794,5237225,16891,4017096}'::integer[]))

table 7 : explain UPDATE sbtest7 set c=7 WHERE id IN ( 1751068, 775558, 9851461, 6194610, 3619012, 4652052, 5634794, 5237225, 16891, 4017096)
	Update on sbtest7  (cost=0.43..48.53 rows=0 width=0)
	  ->  Index Scan using sbtest7_pkey on sbtest7  (cost=0.43..48.53 rows=10 width=490)
	        Index Cond: (id = ANY ('{1751068,775558,9851461,6194610,3619012,4652052,5634794,5237225,16891,4017096}'::integer[]))

table 8 : explain UPDATE sbtest8 set c=7 WHERE id IN ( 1751068, 775558, 9851461, 6194610, 3619012, 4652052, 5634794, 5237225, 16891, 4017096)
	Update on sbtest8  (cost=0.43..48.53 rows=0 width=0)
	  ->  Index Scan using sbtest8_pkey on sbtest8  (cost=0.43..48.53 rows=10 width=490)
	        Index Cond: (id = ANY ('{1751068,775558,9851461,6194610,3619012,4652052,5634794,5237225,16891,4017096}'::integer[]))

explain: for update-inlist :: explain UPDATE sbtest%d set c=7 WHERE id IN ( 5362047, 4329024, 1685042, 5933438, 8386839, 3713371, 9518482, 5042330, 4850401, 1161906)
explain: for update-inlist :: explain UPDATE sbtest%d set c=7 WHERE id IN ( 4437790, 1822897, 168683, 3924298, 513441, 6359183, 9117325, 9553876, 397971, 2871583)
for update-inlist
table 1 : explain UPDATE sbtest1 set c=7 WHERE id IN ( 589391, 9613704, 9561824, 813869, 5143774, 2151983, 1823917, 9186364, 4089891, 2147371)
	Update on sbtest1  (cost=0.43..48.53 rows=0 width=0)
	  ->  Index Scan using sbtest1_pkey on sbtest1  (cost=0.43..48.53 rows=10 width=490)
	        Index Cond: (id = ANY ('{589391,9613704,9561824,813869,5143774,2151983,1823917,9186364,4089891,2147371}'::integer[]))

table 2 : explain UPDATE sbtest2 set c=7 WHERE id IN ( 589391, 9613704, 9561824, 813869, 5143774, 2151983, 1823917, 9186364, 4089891, 2147371)
	Update on sbtest2  (cost=0.43..48.53 rows=0 width=0)
	  ->  Index Scan using sbtest2_pkey on sbtest2  (cost=0.43..48.53 rows=10 width=490)
	        Index Cond: (id = ANY ('{589391,9613704,9561824,813869,5143774,2151983,1823917,9186364,4089891,2147371}'::integer[]))

table 3 : explain UPDATE sbtest3 set c=7 WHERE id IN ( 589391, 9613704, 9561824, 813869, 5143774, 2151983, 1823917, 9186364, 4089891, 2147371)
	Update on sbtest3  (cost=0.43..48.53 rows=0 width=0)
	  ->  Index Scan using sbtest3_pkey on sbtest3  (cost=0.43..48.53 rows=10 width=490)
	        Index Cond: (id = ANY ('{589391,9613704,9561824,813869,5143774,2151983,1823917,9186364,4089891,2147371}'::integer[]))

table 4 : explain UPDATE sbtest4 set c=7 WHERE id IN ( 589391, 9613704, 9561824, 813869, 5143774, 2151983, 1823917, 9186364, 4089891, 2147371)
	Update on sbtest4  (cost=0.43..48.53 rows=0 width=0)
	  ->  Index Scan using sbtest4_pkey on sbtest4  (cost=0.43..48.53 rows=10 width=490)
	        Index Cond: (id = ANY ('{589391,9613704,9561824,813869,5143774,2151983,1823917,9186364,4089891,2147371}'::integer[]))

table 5 : explain UPDATE sbtest5 set c=7 WHERE id IN ( 589391, 9613704, 9561824, 813869, 5143774, 2151983, 1823917, 9186364, 4089891, 2147371)
	Update on sbtest5  (cost=0.43..48.53 rows=0 width=0)
	  ->  Index Scan using sbtest5_pkey on sbtest5  (cost=0.43..48.53 rows=10 width=490)
	        Index Cond: (id = ANY ('{589391,9613704,9561824,813869,5143774,2151983,1823917,9186364,4089891,2147371}'::integer[]))

table 6 : explain UPDATE sbtest6 set c=7 WHERE id IN ( 589391, 9613704, 9561824, 813869, 5143774, 2151983, 1823917, 9186364, 4089891, 2147371)
	Update on sbtest6  (cost=0.43..48.53 rows=0 width=0)
	  ->  Index Scan using sbtest6_pkey on sbtest6  (cost=0.43..48.53 rows=10 width=490)
	        Index Cond: (id = ANY ('{589391,9613704,9561824,813869,5143774,2151983,1823917,9186364,4089891,2147371}'::integer[]))

table 7 : explain UPDATE sbtest7 set c=7 WHERE id IN ( 589391, 9613704, 9561824, 813869, 5143774, 2151983, 1823917, 9186364, 4089891, 2147371)
	Update on sbtest7  (cost=0.43..48.53 rows=0 width=0)
	  ->  Index Scan using sbtest7_pkey on sbtest7  (cost=0.43..48.53 rows=10 width=490)
	        Index Cond: (id = ANY ('{589391,9613704,9561824,813869,5143774,2151983,1823917,9186364,4089891,2147371}'::integer[]))

table 8 : explain UPDATE sbtest8 set c=7 WHERE id IN ( 589391, 9613704, 9561824, 813869, 5143774, 2151983, 1823917, 9186364, 4089891, 2147371)
	Update on sbtest8  (cost=0.43..48.53 rows=0 width=0)
	  ->  Index Scan using sbtest8_pkey on sbtest8  (cost=0.43..48.53 rows=10 width=490)
	        Index Cond: (id = ANY ('{589391,9613704,9561824,813869,5143774,2151983,1823917,9186364,4089891,2147371}'::integer[]))

explain: for update-inlist :: explain UPDATE sbtest%d set c=7 WHERE id IN ( 8794703, 2945506, 9606853, 2911267, 9014432, 2514719, 1419357, 4079475, 1547975, 2360854)
for update-inlist
table 1 : explain UPDATE sbtest1 set c=7 WHERE id IN ( 6222134, 6462975, 6857700, 1576024, 777690, 3001974, 2626917, 4605411, 5427213, 618515)
	Update on sbtest1  (cost=0.43..48.53 rows=0 width=0)
	  ->  Index Scan using sbtest1_pkey on sbtest1  (cost=0.43..48.53 rows=10 width=490)
	        Index Cond: (id = ANY ('{6222134,6462975,6857700,1576024,777690,3001974,2626917,4605411,5427213,618515}'::integer[]))

table 2 : explain UPDATE sbtest2 set c=7 WHERE id IN ( 6222134, 6462975, 6857700, 1576024, 777690, 3001974, 2626917, 4605411, 5427213, 618515)
	Update on sbtest2  (cost=0.43..48.53 rows=0 width=0)
	  ->  Index Scan using sbtest2_pkey on sbtest2  (cost=0.43..48.53 rows=10 width=490)
	        Index Cond: (id = ANY ('{6222134,6462975,6857700,1576024,777690,3001974,2626917,4605411,5427213,618515}'::integer[]))

table 3 : explain UPDATE sbtest3 set c=7 WHERE id IN ( 6222134, 6462975, 6857700, 1576024, 777690, 3001974, 2626917, 4605411, 5427213, 618515)
	Update on sbtest3  (cost=0.43..48.53 rows=0 width=0)
	  ->  Index Scan using sbtest3_pkey on sbtest3  (cost=0.43..48.53 rows=10 width=490)
	        Index Cond: (id = ANY ('{6222134,6462975,6857700,1576024,777690,3001974,2626917,4605411,5427213,618515}'::integer[]))

table 4 : explain UPDATE sbtest4 set c=7 WHERE id IN ( 6222134, 6462975, 6857700, 1576024, 777690, 3001974, 2626917, 4605411, 5427213, 618515)
	Update on sbtest4  (cost=0.43..48.53 rows=0 width=0)
	  ->  Index Scan using sbtest4_pkey on sbtest4  (cost=0.43..48.53 rows=10 width=490)
	        Index Cond: (id = ANY ('{6222134,6462975,6857700,1576024,777690,3001974,2626917,4605411,5427213,618515}'::integer[]))

table 5 : explain UPDATE sbtest5 set c=7 WHERE id IN ( 6222134, 6462975, 6857700, 1576024, 777690, 3001974, 2626917, 4605411, 5427213, 618515)
	Update on sbtest5  (cost=0.43..48.53 rows=0 width=0)
	  ->  Index Scan using sbtest5_pkey on sbtest5  (cost=0.43..48.53 rows=10 width=490)
	        Index Cond: (id = ANY ('{6222134,6462975,6857700,1576024,777690,3001974,2626917,4605411,5427213,618515}'::integer[]))

table 6 : explain UPDATE sbtest6 set c=7 WHERE id IN ( 6222134, 6462975, 6857700, 1576024, 777690, 3001974, 2626917, 4605411, 5427213, 618515)
	Update on sbtest6  (cost=0.43..48.53 rows=0 width=0)
	  ->  Index Scan using sbtest6_pkey on sbtest6  (cost=0.43..48.53 rows=10 width=490)
	        Index Cond: (id = ANY ('{6222134,6462975,6857700,1576024,777690,3001974,2626917,4605411,5427213,618515}'::integer[]))

table 7 : explain UPDATE sbtest7 set c=7 WHERE id IN ( 6222134, 6462975, 6857700, 1576024, 777690, 3001974, 2626917, 4605411, 5427213, 618515)
	Update on sbtest7  (cost=0.43..48.53 rows=0 width=0)
	  ->  Index Scan using sbtest7_pkey on sbtest7  (cost=0.43..48.53 rows=10 width=490)
	        Index Cond: (id = ANY ('{6222134,6462975,6857700,1576024,777690,3001974,2626917,4605411,5427213,618515}'::integer[]))

table 8 : explain UPDATE sbtest8 set c=7 WHERE id IN ( 6222134, 6462975, 6857700, 1576024, 777690, 3001974, 2626917, 4605411, 5427213, 618515)
	Update on sbtest8  (cost=0.43..48.53 rows=0 width=0)
	  ->  Index Scan using sbtest8_pkey on sbtest8  (cost=0.43..48.53 rows=10 width=490)
	        Index Cond: (id = ANY ('{6222134,6462975,6857700,1576024,777690,3001974,2626917,4605411,5427213,618515}'::integer[]))

for update-inlist
table 1 : explain UPDATE sbtest1 set c=7 WHERE id IN ( 5362047, 4329024, 1685042, 5933438, 8386839, 3713371, 9518482, 5042330, 4850401, 1161906)
	Update on sbtest1  (cost=0.43..48.53 rows=0 width=0)
	  ->  Index Scan using sbtest1_pkey on sbtest1  (cost=0.43..48.53 rows=10 width=490)
	        Index Cond: (id = ANY ('{5362047,4329024,1685042,5933438,8386839,3713371,9518482,5042330,4850401,1161906}'::integer[]))

table 2 : explain UPDATE sbtest2 set c=7 WHERE id IN ( 5362047, 4329024, 1685042, 5933438, 8386839, 3713371, 9518482, 5042330, 4850401, 1161906)
	Update on sbtest2  (cost=0.43..48.53 rows=0 width=0)
	  ->  Index Scan using sbtest2_pkey on sbtest2  (cost=0.43..48.53 rows=10 width=490)
	        Index Cond: (id = ANY ('{5362047,4329024,1685042,5933438,8386839,3713371,9518482,5042330,4850401,1161906}'::integer[]))

table 3 : explain UPDATE sbtest3 set c=7 WHERE id IN ( 5362047, 4329024, 1685042, 5933438, 8386839, 3713371, 9518482, 5042330, 4850401, 1161906)
	Update on sbtest3  (cost=0.43..48.53 rows=0 width=0)
	  ->  Index Scan using sbtest3_pkey on sbtest3  (cost=0.43..48.53 rows=10 width=490)
	        Index Cond: (id = ANY ('{5362047,4329024,1685042,5933438,8386839,3713371,9518482,5042330,4850401,1161906}'::integer[]))

table 4 : explain UPDATE sbtest4 set c=7 WHERE id IN ( 5362047, 4329024, 1685042, 5933438, 8386839, 3713371, 9518482, 5042330, 4850401, 1161906)
	Update on sbtest4  (cost=0.43..48.53 rows=0 width=0)
	  ->  Index Scan using sbtest4_pkey on sbtest4  (cost=0.43..48.53 rows=10 width=490)
	        Index Cond: (id = ANY ('{5362047,4329024,1685042,5933438,8386839,3713371,9518482,5042330,4850401,1161906}'::integer[]))

table 5 : explain UPDATE sbtest5 set c=7 WHERE id IN ( 5362047, 4329024, 1685042, 5933438, 8386839, 3713371, 9518482, 5042330, 4850401, 1161906)
	Update on sbtest5  (cost=0.43..48.53 rows=0 width=0)
	  ->  Index Scan using sbtest5_pkey on sbtest5  (cost=0.43..48.53 rows=10 width=490)
	        Index Cond: (id = ANY ('{5362047,4329024,1685042,5933438,8386839,3713371,9518482,5042330,4850401,1161906}'::integer[]))

table 6 : explain UPDATE sbtest6 set c=7 WHERE id IN ( 5362047, 4329024, 1685042, 5933438, 8386839, 3713371, 9518482, 5042330, 4850401, 1161906)
	Update on sbtest6  (cost=0.43..48.53 rows=0 width=0)
	  ->  Index Scan using sbtest6_pkey on sbtest6  (cost=0.43..48.53 rows=10 width=490)
	        Index Cond: (id = ANY ('{5362047,4329024,1685042,5933438,8386839,3713371,9518482,5042330,4850401,1161906}'::integer[]))

table 7 : explain UPDATE sbtest7 set c=7 WHERE id IN ( 5362047, 4329024, 1685042, 5933438, 8386839, 3713371, 9518482, 5042330, 4850401, 1161906)
	Update on sbtest7  (cost=0.43..48.53 rows=0 width=0)
	  ->  Index Scan using sbtest7_pkey on sbtest7  (cost=0.43..48.53 rows=10 width=490)
	        Index Cond: (id = ANY ('{5362047,4329024,1685042,5933438,8386839,3713371,9518482,5042330,4850401,1161906}'::integer[]))

table 8 : explain UPDATE sbtest8 set c=7 WHERE id IN ( 5362047, 4329024, 1685042, 5933438, 8386839, 3713371, 9518482, 5042330, 4850401, 1161906)
	Update on sbtest8  (cost=0.43..48.53 rows=0 width=0)
	  ->  Index Scan using sbtest8_pkey on sbtest8  (cost=0.43..48.53 rows=10 width=490)
	        Index Cond: (id = ANY ('{5362047,4329024,1685042,5933438,8386839,3713371,9518482,5042330,4850401,1161906}'::integer[]))

for update-inlist
table 1 : explain UPDATE sbtest1 set c=7 WHERE id IN ( 530182, 4197772, 427039, 2286184, 115026, 2153459, 7601740, 3461836, 9559262, 1475464)
	Update on sbtest1  (cost=0.43..48.53 rows=0 width=0)
	  ->  Index Scan using sbtest1_pkey on sbtest1  (cost=0.43..48.53 rows=10 width=490)
	        Index Cond: (id = ANY ('{530182,4197772,427039,2286184,115026,2153459,7601740,3461836,9559262,1475464}'::integer[]))

table 2 : explain UPDATE sbtest2 set c=7 WHERE id IN ( 530182, 4197772, 427039, 2286184, 115026, 2153459, 7601740, 3461836, 9559262, 1475464)
	Update on sbtest2  (cost=0.43..48.53 rows=0 width=0)
	  ->  Index Scan using sbtest2_pkey on sbtest2  (cost=0.43..48.53 rows=10 width=490)
	        Index Cond: (id = ANY ('{530182,4197772,427039,2286184,115026,2153459,7601740,3461836,9559262,1475464}'::integer[]))

table 3 : explain UPDATE sbtest3 set c=7 WHERE id IN ( 530182, 4197772, 427039, 2286184, 115026, 2153459, 7601740, 3461836, 9559262, 1475464)
	Update on sbtest3  (cost=0.43..48.53 rows=0 width=0)
	  ->  Index Scan using sbtest3_pkey on sbtest3  (cost=0.43..48.53 rows=10 width=490)
	        Index Cond: (id = ANY ('{530182,4197772,427039,2286184,115026,2153459,7601740,3461836,9559262,1475464}'::integer[]))

table 4 : explain UPDATE sbtest4 set c=7 WHERE id IN ( 530182, 4197772, 427039, 2286184, 115026, 2153459, 7601740, 3461836, 9559262, 1475464)
	Update on sbtest4  (cost=0.43..48.53 rows=0 width=0)
	  ->  Index Scan using sbtest4_pkey on sbtest4  (cost=0.43..48.53 rows=10 width=490)
	        Index Cond: (id = ANY ('{530182,4197772,427039,2286184,115026,2153459,7601740,3461836,9559262,1475464}'::integer[]))

table 5 : explain UPDATE sbtest5 set c=7 WHERE id IN ( 530182, 4197772, 427039, 2286184, 115026, 2153459, 7601740, 3461836, 9559262, 1475464)
	Update on sbtest5  (cost=0.43..48.53 rows=0 width=0)
	  ->  Index Scan using sbtest5_pkey on sbtest5  (cost=0.43..48.53 rows=10 width=490)
	        Index Cond: (id = ANY ('{530182,4197772,427039,2286184,115026,2153459,7601740,3461836,9559262,1475464}'::integer[]))

table 6 : explain UPDATE sbtest6 set c=7 WHERE id IN ( 530182, 4197772, 427039, 2286184, 115026, 2153459, 7601740, 3461836, 9559262, 1475464)
	Update on sbtest6  (cost=0.43..48.53 rows=0 width=0)
	  ->  Index Scan using sbtest6_pkey on sbtest6  (cost=0.43..48.53 rows=10 width=490)
	        Index Cond: (id = ANY ('{530182,4197772,427039,2286184,115026,2153459,7601740,3461836,9559262,1475464}'::integer[]))

table 7 : explain UPDATE sbtest7 set c=7 WHERE id IN ( 530182, 4197772, 427039, 2286184, 115026, 2153459, 7601740, 3461836, 9559262, 1475464)
	Update on sbtest7  (cost=0.43..48.53 rows=0 width=0)
	  ->  Index Scan using sbtest7_pkey on sbtest7  (cost=0.43..48.53 rows=10 width=490)
	        Index Cond: (id = ANY ('{530182,4197772,427039,2286184,115026,2153459,7601740,3461836,9559262,1475464}'::integer[]))

table 8 : explain UPDATE sbtest8 set c=7 WHERE id IN ( 530182, 4197772, 427039, 2286184, 115026, 2153459, 7601740, 3461836, 9559262, 1475464)
	Update on sbtest8  (cost=0.43..48.53 rows=0 width=0)
	  ->  Index Scan using sbtest8_pkey on sbtest8  (cost=0.43..48.53 rows=10 width=490)
	        Index Cond: (id = ANY ('{530182,4197772,427039,2286184,115026,2153459,7601740,3461836,9559262,1475464}'::integer[]))

explain: for update-inlist :: explain UPDATE sbtest%d set c=7 WHERE id IN ( 8550579, 3648352, 2428770, 8296686, 6625102, 1859083, 1301879, 943014, 5772209, 4246914)
for update-inlist
table 1 : explain UPDATE sbtest1 set c=7 WHERE id IN ( 8794703, 2945506, 9606853, 2911267, 9014432, 2514719, 1419357, 4079475, 1547975, 2360854)
	Update on sbtest1  (cost=0.43..48.53 rows=0 width=0)
	  ->  Index Scan using sbtest1_pkey on sbtest1  (cost=0.43..48.53 rows=10 width=490)
	        Index Cond: (id = ANY ('{8794703,2945506,9606853,2911267,9014432,2514719,1419357,4079475,1547975,2360854}'::integer[]))

table 2 : explain UPDATE sbtest2 set c=7 WHERE id IN ( 8794703, 2945506, 9606853, 2911267, 9014432, 2514719, 1419357, 4079475, 1547975, 2360854)
	Update on sbtest2  (cost=0.43..48.53 rows=0 width=0)
	  ->  Index Scan using sbtest2_pkey on sbtest2  (cost=0.43..48.53 rows=10 width=490)
	        Index Cond: (id = ANY ('{8794703,2945506,9606853,2911267,9014432,2514719,1419357,4079475,1547975,2360854}'::integer[]))

table 3 : explain UPDATE sbtest3 set c=7 WHERE id IN ( 8794703, 2945506, 9606853, 2911267, 9014432, 2514719, 1419357, 4079475, 1547975, 2360854)
	Update on sbtest3  (cost=0.43..48.53 rows=0 width=0)
	  ->  Index Scan using sbtest3_pkey on sbtest3  (cost=0.43..48.53 rows=10 width=490)
	        Index Cond: (id = ANY ('{8794703,2945506,9606853,2911267,9014432,2514719,1419357,4079475,1547975,2360854}'::integer[]))

table 4 : explain UPDATE sbtest4 set c=7 WHERE id IN ( 8794703, 2945506, 9606853, 2911267, 9014432, 2514719, 1419357, 4079475, 1547975, 2360854)
	Update on sbtest4  (cost=0.43..48.53 rows=0 width=0)
	  ->  Index Scan using sbtest4_pkey on sbtest4  (cost=0.43..48.53 rows=10 width=490)
	        Index Cond: (id = ANY ('{8794703,2945506,9606853,2911267,9014432,2514719,1419357,4079475,1547975,2360854}'::integer[]))

table 5 : explain UPDATE sbtest5 set c=7 WHERE id IN ( 8794703, 2945506, 9606853, 2911267, 9014432, 2514719, 1419357, 4079475, 1547975, 2360854)
	Update on sbtest5  (cost=0.43..48.53 rows=0 width=0)
	  ->  Index Scan using sbtest5_pkey on sbtest5  (cost=0.43..48.53 rows=10 width=490)
	        Index Cond: (id = ANY ('{8794703,2945506,9606853,2911267,9014432,2514719,1419357,4079475,1547975,2360854}'::integer[]))

table 6 : explain UPDATE sbtest6 set c=7 WHERE id IN ( 8794703, 2945506, 9606853, 2911267, 9014432, 2514719, 1419357, 4079475, 1547975, 2360854)
	Update on sbtest6  (cost=0.43..48.53 rows=0 width=0)
	  ->  Index Scan using sbtest6_pkey on sbtest6  (cost=0.43..48.53 rows=10 width=490)
	        Index Cond: (id = ANY ('{8794703,2945506,9606853,2911267,9014432,2514719,1419357,4079475,1547975,2360854}'::integer[]))

table 7 : explain UPDATE sbtest7 set c=7 WHERE id IN ( 8794703, 2945506, 9606853, 2911267, 9014432, 2514719, 1419357, 4079475, 1547975, 2360854)
	Update on sbtest7  (cost=0.43..48.53 rows=0 width=0)
	  ->  Index Scan using sbtest7_pkey on sbtest7  (cost=0.43..48.53 rows=10 width=490)
	        Index Cond: (id = ANY ('{8794703,2945506,9606853,2911267,9014432,2514719,1419357,4079475,1547975,2360854}'::integer[]))

table 8 : explain UPDATE sbtest8 set c=7 WHERE id IN ( 8794703, 2945506, 9606853, 2911267, 9014432, 2514719, 1419357, 4079475, 1547975, 2360854)
	Update on sbtest8  (cost=0.43..48.53 rows=0 width=0)
	  ->  Index Scan using sbtest8_pkey on sbtest8  (cost=0.43..48.53 rows=10 width=490)
	        Index Cond: (id = ANY ('{8794703,2945506,9606853,2911267,9014432,2514719,1419357,4079475,1547975,2360854}'::integer[]))

for update-inlist
table 1 : explain UPDATE sbtest1 set c=7 WHERE id IN ( 4437790, 1822897, 168683, 3924298, 513441, 6359183, 9117325, 9553876, 397971, 2871583)
	Update on sbtest1  (cost=0.43..48.53 rows=0 width=0)
	  ->  Index Scan using sbtest1_pkey on sbtest1  (cost=0.43..48.53 rows=10 width=490)
	        Index Cond: (id = ANY ('{4437790,1822897,168683,3924298,513441,6359183,9117325,9553876,397971,2871583}'::integer[]))

table 2 : explain UPDATE sbtest2 set c=7 WHERE id IN ( 4437790, 1822897, 168683, 3924298, 513441, 6359183, 9117325, 9553876, 397971, 2871583)
	Update on sbtest2  (cost=0.43..48.53 rows=0 width=0)
	  ->  Index Scan using sbtest2_pkey on sbtest2  (cost=0.43..48.53 rows=10 width=490)
	        Index Cond: (id = ANY ('{4437790,1822897,168683,3924298,513441,6359183,9117325,9553876,397971,2871583}'::integer[]))

table 3 : explain UPDATE sbtest3 set c=7 WHERE id IN ( 4437790, 1822897, 168683, 3924298, 513441, 6359183, 9117325, 9553876, 397971, 2871583)
	Update on sbtest3  (cost=0.43..48.53 rows=0 width=0)
	  ->  Index Scan using sbtest3_pkey on sbtest3  (cost=0.43..48.53 rows=10 width=490)
	        Index Cond: (id = ANY ('{4437790,1822897,168683,3924298,513441,6359183,9117325,9553876,397971,2871583}'::integer[]))

table 4 : explain UPDATE sbtest4 set c=7 WHERE id IN ( 4437790, 1822897, 168683, 3924298, 513441, 6359183, 9117325, 9553876, 397971, 2871583)
	Update on sbtest4  (cost=0.43..48.53 rows=0 width=0)
	  ->  Index Scan using sbtest4_pkey on sbtest4  (cost=0.43..48.53 rows=10 width=490)
	        Index Cond: (id = ANY ('{4437790,1822897,168683,3924298,513441,6359183,9117325,9553876,397971,2871583}'::integer[]))

table 5 : explain UPDATE sbtest5 set c=7 WHERE id IN ( 4437790, 1822897, 168683, 3924298, 513441, 6359183, 9117325, 9553876, 397971, 2871583)
	Update on sbtest5  (cost=0.43..48.53 rows=0 width=0)
	  ->  Index Scan using sbtest5_pkey on sbtest5  (cost=0.43..48.53 rows=10 width=490)
	        Index Cond: (id = ANY ('{4437790,1822897,168683,3924298,513441,6359183,9117325,9553876,397971,2871583}'::integer[]))

table 6 : explain UPDATE sbtest6 set c=7 WHERE id IN ( 4437790, 1822897, 168683, 3924298, 513441, 6359183, 9117325, 9553876, 397971, 2871583)
	Update on sbtest6  (cost=0.43..48.53 rows=0 width=0)
	  ->  Index Scan using sbtest6_pkey on sbtest6  (cost=0.43..48.53 rows=10 width=490)
	        Index Cond: (id = ANY ('{4437790,1822897,168683,3924298,513441,6359183,9117325,9553876,397971,2871583}'::integer[]))

table 7 : explain UPDATE sbtest7 set c=7 WHERE id IN ( 4437790, 1822897, 168683, 3924298, 513441, 6359183, 9117325, 9553876, 397971, 2871583)
	Update on sbtest7  (cost=0.43..48.53 rows=0 width=0)
	  ->  Index Scan using sbtest7_pkey on sbtest7  (cost=0.43..48.53 rows=10 width=490)
	        Index Cond: (id = ANY ('{4437790,1822897,168683,3924298,513441,6359183,9117325,9553876,397971,2871583}'::integer[]))

table 8 : explain UPDATE sbtest8 set c=7 WHERE id IN ( 4437790, 1822897, 168683, 3924298, 513441, 6359183, 9117325, 9553876, 397971, 2871583)
	Update on sbtest8  (cost=0.43..48.53 rows=0 width=0)
	  ->  Index Scan using sbtest8_pkey on sbtest8  (cost=0.43..48.53 rows=10 width=490)
	        Index Cond: (id = ANY ('{4437790,1822897,168683,3924298,513441,6359183,9117325,9553876,397971,2871583}'::integer[]))

explain: for update-inlist :: explain UPDATE sbtest%d set c=7 WHERE id IN ( 2136563, 9454256, 9987302, 6143101, 2863507, 2063087, 6808695, 8169793, 6981183, 3361782)
for update-inlist
table 1 : explain UPDATE sbtest1 set c=7 WHERE id IN ( 8550579, 3648352, 2428770, 8296686, 6625102, 1859083, 1301879, 943014, 5772209, 4246914)
	Update on sbtest1  (cost=0.43..48.53 rows=0 width=0)
	  ->  Index Scan using sbtest1_pkey on sbtest1  (cost=0.43..48.53 rows=10 width=490)
	        Index Cond: (id = ANY ('{8550579,3648352,2428770,8296686,6625102,1859083,1301879,943014,5772209,4246914}'::integer[]))

table 2 : explain UPDATE sbtest2 set c=7 WHERE id IN ( 8550579, 3648352, 2428770, 8296686, 6625102, 1859083, 1301879, 943014, 5772209, 4246914)
	Update on sbtest2  (cost=0.43..48.53 rows=0 width=0)
	  ->  Index Scan using sbtest2_pkey on sbtest2  (cost=0.43..48.53 rows=10 width=490)
	        Index Cond: (id = ANY ('{8550579,3648352,2428770,8296686,6625102,1859083,1301879,943014,5772209,4246914}'::integer[]))

table 3 : explain UPDATE sbtest3 set c=7 WHERE id IN ( 8550579, 3648352, 2428770, 8296686, 6625102, 1859083, 1301879, 943014, 5772209, 4246914)
	Update on sbtest3  (cost=0.43..48.53 rows=0 width=0)
	  ->  Index Scan using sbtest3_pkey on sbtest3  (cost=0.43..48.53 rows=10 width=490)
	        Index Cond: (id = ANY ('{8550579,3648352,2428770,8296686,6625102,1859083,1301879,943014,5772209,4246914}'::integer[]))

table 4 : explain UPDATE sbtest4 set c=7 WHERE id IN ( 8550579, 3648352, 2428770, 8296686, 6625102, 1859083, 1301879, 943014, 5772209, 4246914)
	Update on sbtest4  (cost=0.43..48.53 rows=0 width=0)
	  ->  Index Scan using sbtest4_pkey on sbtest4  (cost=0.43..48.53 rows=10 width=490)
	        Index Cond: (id = ANY ('{8550579,3648352,2428770,8296686,6625102,1859083,1301879,943014,5772209,4246914}'::integer[]))

table 5 : explain UPDATE sbtest5 set c=7 WHERE id IN ( 8550579, 3648352, 2428770, 8296686, 6625102, 1859083, 1301879, 943014, 5772209, 4246914)
	Update on sbtest5  (cost=0.43..48.53 rows=0 width=0)
	  ->  Index Scan using sbtest5_pkey on sbtest5  (cost=0.43..48.53 rows=10 width=490)
	        Index Cond: (id = ANY ('{8550579,3648352,2428770,8296686,6625102,1859083,1301879,943014,5772209,4246914}'::integer[]))

table 6 : explain UPDATE sbtest6 set c=7 WHERE id IN ( 8550579, 3648352, 2428770, 8296686, 6625102, 1859083, 1301879, 943014, 5772209, 4246914)
	Update on sbtest6  (cost=0.43..48.53 rows=0 width=0)
	  ->  Index Scan using sbtest6_pkey on sbtest6  (cost=0.43..48.53 rows=10 width=490)
	        Index Cond: (id = ANY ('{8550579,3648352,2428770,8296686,6625102,1859083,1301879,943014,5772209,4246914}'::integer[]))

table 7 : explain UPDATE sbtest7 set c=7 WHERE id IN ( 8550579, 3648352, 2428770, 8296686, 6625102, 1859083, 1301879, 943014, 5772209, 4246914)
	Update on sbtest7  (cost=0.43..48.53 rows=0 width=0)
	  ->  Index Scan using sbtest7_pkey on sbtest7  (cost=0.43..48.53 rows=10 width=490)
	        Index Cond: (id = ANY ('{8550579,3648352,2428770,8296686,6625102,1859083,1301879,943014,5772209,4246914}'::integer[]))

table 8 : explain UPDATE sbtest8 set c=7 WHERE id IN ( 8550579, 3648352, 2428770, 8296686, 6625102, 1859083, 1301879, 943014, 5772209, 4246914)
	Update on sbtest8  (cost=0.43..48.53 rows=0 width=0)
	  ->  Index Scan using sbtest8_pkey on sbtest8  (cost=0.43..48.53 rows=10 width=490)
	        Index Cond: (id = ANY ('{8550579,3648352,2428770,8296686,6625102,1859083,1301879,943014,5772209,4246914}'::integer[]))

explain: for update-inlist :: explain UPDATE sbtest%d set c=7 WHERE id IN ( 5412810, 8919793, 4672077, 6344350, 1453961, 6294465, 8749524, 1760257, 7087194, 7605642)
explain: for update-inlist :: explain UPDATE sbtest%d set c=7 WHERE id IN ( 641755, 2419757, 7570146, 516405, 6401888, 2034821, 1113892, 5293310, 3146378, 7296234)
explain: for update-inlist :: explain UPDATE sbtest%d set c=7 WHERE id IN ( 2214240, 1449841, 9221651, 8038125, 5617819, 4727604, 9951965, 5488902, 7434715, 3315269)
explain: for update-inlist :: explain UPDATE sbtest%d set c=7 WHERE id IN ( 6604249, 2011186, 984674, 9847019, 8898034, 6647459, 8965854, 7743542, 5830496, 7402817)
explain: for update-inlist :: explain UPDATE sbtest%d set c=7 WHERE id IN ( 1635623, 1579283, 756939, 9720544, 9481414, 2739435, 3753694, 3912477, 1322938, 8850442)
explain: for update-inlist :: explain UPDATE sbtest%d set c=7 WHERE id IN ( 5709683, 854831, 1883519, 1284800, 7980991, 3903683, 1115750, 4727627, 2154431, 9967689)
for update-inlist
table 1 : explain UPDATE sbtest1 set c=7 WHERE id IN ( 641755, 2419757, 7570146, 516405, 6401888, 2034821, 1113892, 5293310, 3146378, 7296234)
	Update on sbtest1  (cost=0.43..48.53 rows=0 width=0)
	  ->  Index Scan using sbtest1_pkey on sbtest1  (cost=0.43..48.53 rows=10 width=490)
	        Index Cond: (id = ANY ('{641755,2419757,7570146,516405,6401888,2034821,1113892,5293310,3146378,7296234}'::integer[]))

table 2 : explain UPDATE sbtest2 set c=7 WHERE id IN ( 641755, 2419757, 7570146, 516405, 6401888, 2034821, 1113892, 5293310, 3146378, 7296234)
	Update on sbtest2  (cost=0.43..48.53 rows=0 width=0)
	  ->  Index Scan using sbtest2_pkey on sbtest2  (cost=0.43..48.53 rows=10 width=490)
	        Index Cond: (id = ANY ('{641755,2419757,7570146,516405,6401888,2034821,1113892,5293310,3146378,7296234}'::integer[]))

table 3 : explain UPDATE sbtest3 set c=7 WHERE id IN ( 641755, 2419757, 7570146, 516405, 6401888, 2034821, 1113892, 5293310, 3146378, 7296234)
	Update on sbtest3  (cost=0.43..48.53 rows=0 width=0)
	  ->  Index Scan using sbtest3_pkey on sbtest3  (cost=0.43..48.53 rows=10 width=490)
	        Index Cond: (id = ANY ('{641755,2419757,7570146,516405,6401888,2034821,1113892,5293310,3146378,7296234}'::integer[]))

table 4 : explain UPDATE sbtest4 set c=7 WHERE id IN ( 641755, 2419757, 7570146, 516405, 6401888, 2034821, 1113892, 5293310, 3146378, 7296234)
	Update on sbtest4  (cost=0.43..48.53 rows=0 width=0)
	  ->  Index Scan using sbtest4_pkey on sbtest4  (cost=0.43..48.53 rows=10 width=490)
	        Index Cond: (id = ANY ('{641755,2419757,7570146,516405,6401888,2034821,1113892,5293310,3146378,7296234}'::integer[]))

table 5 : explain UPDATE sbtest5 set c=7 WHERE id IN ( 641755, 2419757, 7570146, 516405, 6401888, 2034821, 1113892, 5293310, 3146378, 7296234)
	Update on sbtest5  (cost=0.43..48.53 rows=0 width=0)
	  ->  Index Scan using sbtest5_pkey on sbtest5  (cost=0.43..48.53 rows=10 width=490)
	        Index Cond: (id = ANY ('{641755,2419757,7570146,516405,6401888,2034821,1113892,5293310,3146378,7296234}'::integer[]))

table 6 : explain UPDATE sbtest6 set c=7 WHERE id IN ( 641755, 2419757, 7570146, 516405, 6401888, 2034821, 1113892, 5293310, 3146378, 7296234)
	Update on sbtest6  (cost=0.43..48.53 rows=0 width=0)
	  ->  Index Scan using sbtest6_pkey on sbtest6  (cost=0.43..48.53 rows=10 width=490)
	        Index Cond: (id = ANY ('{641755,2419757,7570146,516405,6401888,2034821,1113892,5293310,3146378,7296234}'::integer[]))

table 7 : explain UPDATE sbtest7 set c=7 WHERE id IN ( 641755, 2419757, 7570146, 516405, 6401888, 2034821, 1113892, 5293310, 3146378, 7296234)
	Update on sbtest7  (cost=0.43..48.53 rows=0 width=0)
	  ->  Index Scan using sbtest7_pkey on sbtest7  (cost=0.43..48.53 rows=10 width=490)
	        Index Cond: (id = ANY ('{641755,2419757,7570146,516405,6401888,2034821,1113892,5293310,3146378,7296234}'::integer[]))

table 8 : explain UPDATE sbtest8 set c=7 WHERE id IN ( 641755, 2419757, 7570146, 516405, 6401888, 2034821, 1113892, 5293310, 3146378, 7296234)
	Update on sbtest8  (cost=0.43..48.53 rows=0 width=0)
	  ->  Index Scan using sbtest8_pkey on sbtest8  (cost=0.43..48.53 rows=10 width=490)
	        Index Cond: (id = ANY ('{641755,2419757,7570146,516405,6401888,2034821,1113892,5293310,3146378,7296234}'::integer[]))

for update-inlist
table 1 : explain UPDATE sbtest1 set c=7 WHERE id IN ( 5412810, 8919793, 4672077, 6344350, 1453961, 6294465, 8749524, 1760257, 7087194, 7605642)
	Update on sbtest1  (cost=0.43..48.53 rows=0 width=0)
	  ->  Index Scan using sbtest1_pkey on sbtest1  (cost=0.43..48.53 rows=10 width=490)
	        Index Cond: (id = ANY ('{5412810,8919793,4672077,6344350,1453961,6294465,8749524,1760257,7087194,7605642}'::integer[]))

table 2 : explain UPDATE sbtest2 set c=7 WHERE id IN ( 5412810, 8919793, 4672077, 6344350, 1453961, 6294465, 8749524, 1760257, 7087194, 7605642)
	Update on sbtest2  (cost=0.43..48.53 rows=0 width=0)
	  ->  Index Scan using sbtest2_pkey on sbtest2  (cost=0.43..48.53 rows=10 width=490)
	        Index Cond: (id = ANY ('{5412810,8919793,4672077,6344350,1453961,6294465,8749524,1760257,7087194,7605642}'::integer[]))

table 3 : explain UPDATE sbtest3 set c=7 WHERE id IN ( 5412810, 8919793, 4672077, 6344350, 1453961, 6294465, 8749524, 1760257, 7087194, 7605642)
	Update on sbtest3  (cost=0.43..48.53 rows=0 width=0)
	  ->  Index Scan using sbtest3_pkey on sbtest3  (cost=0.43..48.53 rows=10 width=490)
	        Index Cond: (id = ANY ('{5412810,8919793,4672077,6344350,1453961,6294465,8749524,1760257,7087194,7605642}'::integer[]))

table 4 : explain UPDATE sbtest4 set c=7 WHERE id IN ( 5412810, 8919793, 4672077, 6344350, 1453961, 6294465, 8749524, 1760257, 7087194, 7605642)
	Update on sbtest4  (cost=0.43..48.53 rows=0 width=0)
	  ->  Index Scan using sbtest4_pkey on sbtest4  (cost=0.43..48.53 rows=10 width=490)
	        Index Cond: (id = ANY ('{5412810,8919793,4672077,6344350,1453961,6294465,8749524,1760257,7087194,7605642}'::integer[]))

table 5 : explain UPDATE sbtest5 set c=7 WHERE id IN ( 5412810, 8919793, 4672077, 6344350, 1453961, 6294465, 8749524, 1760257, 7087194, 7605642)
	Update on sbtest5  (cost=0.43..48.53 rows=0 width=0)
	  ->  Index Scan using sbtest5_pkey on sbtest5  (cost=0.43..48.53 rows=10 width=490)
	        Index Cond: (id = ANY ('{5412810,8919793,4672077,6344350,1453961,6294465,8749524,1760257,7087194,7605642}'::integer[]))

table 6 : explain UPDATE sbtest6 set c=7 WHERE id IN ( 5412810, 8919793, 4672077, 6344350, 1453961, 6294465, 8749524, 1760257, 7087194, 7605642)
	Update on sbtest6  (cost=0.43..48.53 rows=0 width=0)
	  ->  Index Scan using sbtest6_pkey on sbtest6  (cost=0.43..48.53 rows=10 width=490)
	        Index Cond: (id = ANY ('{5412810,8919793,4672077,6344350,1453961,6294465,8749524,1760257,7087194,7605642}'::integer[]))

table 7 : explain UPDATE sbtest7 set c=7 WHERE id IN ( 5412810, 8919793, 4672077, 6344350, 1453961, 6294465, 8749524, 1760257, 7087194, 7605642)
	Update on sbtest7  (cost=0.43..48.53 rows=0 width=0)
	  ->  Index Scan using sbtest7_pkey on sbtest7  (cost=0.43..48.53 rows=10 width=490)
	        Index Cond: (id = ANY ('{5412810,8919793,4672077,6344350,1453961,6294465,8749524,1760257,7087194,7605642}'::integer[]))

table 8 : explain UPDATE sbtest8 set c=7 WHERE id IN ( 5412810, 8919793, 4672077, 6344350, 1453961, 6294465, 8749524, 1760257, 7087194, 7605642)
	Update on sbtest8  (cost=0.43..48.53 rows=0 width=0)
	  ->  Index Scan using sbtest8_pkey on sbtest8  (cost=0.43..48.53 rows=10 width=490)
	        Index Cond: (id = ANY ('{5412810,8919793,4672077,6344350,1453961,6294465,8749524,1760257,7087194,7605642}'::integer[]))

explain: for update-inlist :: explain UPDATE sbtest%d set c=7 WHERE id IN ( 6357085, 5682893, 6637377, 7591171, 653423, 7481325, 2783891, 3655580, 1028691, 2197099)
for update-inlist
table 1 : explain UPDATE sbtest1 set c=7 WHERE id IN ( 2214240, 1449841, 9221651, 8038125, 5617819, 4727604, 9951965, 5488902, 7434715, 3315269)
	Update on sbtest1  (cost=0.43..48.53 rows=0 width=0)
	  ->  Index Scan using sbtest1_pkey on sbtest1  (cost=0.43..48.53 rows=10 width=490)
	        Index Cond: (id = ANY ('{2214240,1449841,9221651,8038125,5617819,4727604,9951965,5488902,7434715,3315269}'::integer[]))

table 2 : explain UPDATE sbtest2 set c=7 WHERE id IN ( 2214240, 1449841, 9221651, 8038125, 5617819, 4727604, 9951965, 5488902, 7434715, 3315269)
	Update on sbtest2  (cost=0.43..48.53 rows=0 width=0)
	  ->  Index Scan using sbtest2_pkey on sbtest2  (cost=0.43..48.53 rows=10 width=490)
	        Index Cond: (id = ANY ('{2214240,1449841,9221651,8038125,5617819,4727604,9951965,5488902,7434715,3315269}'::integer[]))

table 3 : explain UPDATE sbtest3 set c=7 WHERE id IN ( 2214240, 1449841, 9221651, 8038125, 5617819, 4727604, 9951965, 5488902, 7434715, 3315269)
	Update on sbtest3  (cost=0.43..48.53 rows=0 width=0)
	  ->  Index Scan using sbtest3_pkey on sbtest3  (cost=0.43..48.53 rows=10 width=490)
	        Index Cond: (id = ANY ('{2214240,1449841,9221651,8038125,5617819,4727604,9951965,5488902,7434715,3315269}'::integer[]))

table 4 : explain UPDATE sbtest4 set c=7 WHERE id IN ( 2214240, 1449841, 9221651, 8038125, 5617819, 4727604, 9951965, 5488902, 7434715, 3315269)
	Update on sbtest4  (cost=0.43..48.53 rows=0 width=0)
	  ->  Index Scan using sbtest4_pkey on sbtest4  (cost=0.43..48.53 rows=10 width=490)
	        Index Cond: (id = ANY ('{2214240,1449841,9221651,8038125,5617819,4727604,9951965,5488902,7434715,3315269}'::integer[]))

table 5 : explain UPDATE sbtest5 set c=7 WHERE id IN ( 2214240, 1449841, 9221651, 8038125, 5617819, 4727604, 9951965, 5488902, 7434715, 3315269)
	Update on sbtest5  (cost=0.43..48.53 rows=0 width=0)
	  ->  Index Scan using sbtest5_pkey on sbtest5  (cost=0.43..48.53 rows=10 width=490)
	        Index Cond: (id = ANY ('{2214240,1449841,9221651,8038125,5617819,4727604,9951965,5488902,7434715,3315269}'::integer[]))

table 6 : explain UPDATE sbtest6 set c=7 WHERE id IN ( 2214240, 1449841, 9221651, 8038125, 5617819, 4727604, 9951965, 5488902, 7434715, 3315269)
	Update on sbtest6  (cost=0.43..48.53 rows=0 width=0)
	  ->  Index Scan using sbtest6_pkey on sbtest6  (cost=0.43..48.53 rows=10 width=490)
	        Index Cond: (id = ANY ('{2214240,1449841,9221651,8038125,5617819,4727604,9951965,5488902,7434715,3315269}'::integer[]))

table 7 : explain UPDATE sbtest7 set c=7 WHERE id IN ( 2214240, 1449841, 9221651, 8038125, 5617819, 4727604, 9951965, 5488902, 7434715, 3315269)
	Update on sbtest7  (cost=0.43..48.53 rows=0 width=0)
	  ->  Index Scan using sbtest7_pkey on sbtest7  (cost=0.43..48.53 rows=10 width=490)
	        Index Cond: (id = ANY ('{2214240,1449841,9221651,8038125,5617819,4727604,9951965,5488902,7434715,3315269}'::integer[]))

table 8 : explain UPDATE sbtest8 set c=7 WHERE id IN ( 2214240, 1449841, 9221651, 8038125, 5617819, 4727604, 9951965, 5488902, 7434715, 3315269)
	Update on sbtest8  (cost=0.43..48.53 rows=0 width=0)
	  ->  Index Scan using sbtest8_pkey on sbtest8  (cost=0.43..48.53 rows=10 width=490)
	        Index Cond: (id = ANY ('{2214240,1449841,9221651,8038125,5617819,4727604,9951965,5488902,7434715,3315269}'::integer[]))

for update-inlist
table 1 : explain UPDATE sbtest1 set c=7 WHERE id IN ( 6604249, 2011186, 984674, 9847019, 8898034, 6647459, 8965854, 7743542, 5830496, 7402817)
	Update on sbtest1  (cost=0.43..48.53 rows=0 width=0)
	  ->  Index Scan using sbtest1_pkey on sbtest1  (cost=0.43..48.53 rows=10 width=490)
	        Index Cond: (id = ANY ('{6604249,2011186,984674,9847019,8898034,6647459,8965854,7743542,5830496,7402817}'::integer[]))

table 2 : explain UPDATE sbtest2 set c=7 WHERE id IN ( 6604249, 2011186, 984674, 9847019, 8898034, 6647459, 8965854, 7743542, 5830496, 7402817)
	Update on sbtest2  (cost=0.43..48.53 rows=0 width=0)
	  ->  Index Scan using sbtest2_pkey on sbtest2  (cost=0.43..48.53 rows=10 width=490)
	        Index Cond: (id = ANY ('{6604249,2011186,984674,9847019,8898034,6647459,8965854,7743542,5830496,7402817}'::integer[]))

table 3 : explain UPDATE sbtest3 set c=7 WHERE id IN ( 6604249, 2011186, 984674, 9847019, 8898034, 6647459, 8965854, 7743542, 5830496, 7402817)
	Update on sbtest3  (cost=0.43..48.53 rows=0 width=0)
	  ->  Index Scan using sbtest3_pkey on sbtest3  (cost=0.43..48.53 rows=10 width=490)
	        Index Cond: (id = ANY ('{6604249,2011186,984674,9847019,8898034,6647459,8965854,7743542,5830496,7402817}'::integer[]))

table 4 : explain UPDATE sbtest4 set c=7 WHERE id IN ( 6604249, 2011186, 984674, 9847019, 8898034, 6647459, 8965854, 7743542, 5830496, 7402817)
	Update on sbtest4  (cost=0.43..48.53 rows=0 width=0)
	  ->  Index Scan using sbtest4_pkey on sbtest4  (cost=0.43..48.53 rows=10 width=490)
	        Index Cond: (id = ANY ('{6604249,2011186,984674,9847019,8898034,6647459,8965854,7743542,5830496,7402817}'::integer[]))

table 5 : explain UPDATE sbtest5 set c=7 WHERE id IN ( 6604249, 2011186, 984674, 9847019, 8898034, 6647459, 8965854, 7743542, 5830496, 7402817)
	Update on sbtest5  (cost=0.43..48.53 rows=0 width=0)
	  ->  Index Scan using sbtest5_pkey on sbtest5  (cost=0.43..48.53 rows=10 width=490)
	        Index Cond: (id = ANY ('{6604249,2011186,984674,9847019,8898034,6647459,8965854,7743542,5830496,7402817}'::integer[]))

table 6 : explain UPDATE sbtest6 set c=7 WHERE id IN ( 6604249, 2011186, 984674, 9847019, 8898034, 6647459, 8965854, 7743542, 5830496, 7402817)
	Update on sbtest6  (cost=0.43..48.53 rows=0 width=0)
	  ->  Index Scan using sbtest6_pkey on sbtest6  (cost=0.43..48.53 rows=10 width=490)
	        Index Cond: (id = ANY ('{6604249,2011186,984674,9847019,8898034,6647459,8965854,7743542,5830496,7402817}'::integer[]))

table 7 : explain UPDATE sbtest7 set c=7 WHERE id IN ( 6604249, 2011186, 984674, 9847019, 8898034, 6647459, 8965854, 7743542, 5830496, 7402817)
	Update on sbtest7  (cost=0.43..48.53 rows=0 width=0)
	  ->  Index Scan using sbtest7_pkey on sbtest7  (cost=0.43..48.53 rows=10 width=490)
	        Index Cond: (id = ANY ('{6604249,2011186,984674,9847019,8898034,6647459,8965854,7743542,5830496,7402817}'::integer[]))

table 8 : explain UPDATE sbtest8 set c=7 WHERE id IN ( 6604249, 2011186, 984674, 9847019, 8898034, 6647459, 8965854, 7743542, 5830496, 7402817)
	Update on sbtest8  (cost=0.43..48.53 rows=0 width=0)
	  ->  Index Scan using sbtest8_pkey on sbtest8  (cost=0.43..48.53 rows=10 width=490)
	        Index Cond: (id = ANY ('{6604249,2011186,984674,9847019,8898034,6647459,8965854,7743542,5830496,7402817}'::integer[]))

for update-inlist
table 1 : explain UPDATE sbtest1 set c=7 WHERE id IN ( 1635623, 1579283, 756939, 9720544, 9481414, 2739435, 3753694, 3912477, 1322938, 8850442)
	Update on sbtest1  (cost=0.43..48.53 rows=0 width=0)
	  ->  Index Scan using sbtest1_pkey on sbtest1  (cost=0.43..48.53 rows=10 width=490)
	        Index Cond: (id = ANY ('{1635623,1579283,756939,9720544,9481414,2739435,3753694,3912477,1322938,8850442}'::integer[]))

table 2 : explain UPDATE sbtest2 set c=7 WHERE id IN ( 1635623, 1579283, 756939, 9720544, 9481414, 2739435, 3753694, 3912477, 1322938, 8850442)
	Update on sbtest2  (cost=0.43..48.53 rows=0 width=0)
	  ->  Index Scan using sbtest2_pkey on sbtest2  (cost=0.43..48.53 rows=10 width=490)
	        Index Cond: (id = ANY ('{1635623,1579283,756939,9720544,9481414,2739435,3753694,3912477,1322938,8850442}'::integer[]))

table 3 : explain UPDATE sbtest3 set c=7 WHERE id IN ( 1635623, 1579283, 756939, 9720544, 9481414, 2739435, 3753694, 3912477, 1322938, 8850442)
	Update on sbtest3  (cost=0.43..48.53 rows=0 width=0)
	  ->  Index Scan using sbtest3_pkey on sbtest3  (cost=0.43..48.53 rows=10 width=490)
	        Index Cond: (id = ANY ('{1635623,1579283,756939,9720544,9481414,2739435,3753694,3912477,1322938,8850442}'::integer[]))

table 4 : explain UPDATE sbtest4 set c=7 WHERE id IN ( 1635623, 1579283, 756939, 9720544, 9481414, 2739435, 3753694, 3912477, 1322938, 8850442)
	Update on sbtest4  (cost=0.43..48.53 rows=0 width=0)
	  ->  Index Scan using sbtest4_pkey on sbtest4  (cost=0.43..48.53 rows=10 width=490)
	        Index Cond: (id = ANY ('{1635623,1579283,756939,9720544,9481414,2739435,3753694,3912477,1322938,8850442}'::integer[]))

table 5 : explain UPDATE sbtest5 set c=7 WHERE id IN ( 1635623, 1579283, 756939, 9720544, 9481414, 2739435, 3753694, 3912477, 1322938, 8850442)
	Update on sbtest5  (cost=0.43..48.53 rows=0 width=0)
	  ->  Index Scan using sbtest5_pkey on sbtest5  (cost=0.43..48.53 rows=10 width=490)
	        Index Cond: (id = ANY ('{1635623,1579283,756939,9720544,9481414,2739435,3753694,3912477,1322938,8850442}'::integer[]))

table 6 : explain UPDATE sbtest6 set c=7 WHERE id IN ( 1635623, 1579283, 756939, 9720544, 9481414, 2739435, 3753694, 3912477, 1322938, 8850442)
	Update on sbtest6  (cost=0.43..48.53 rows=0 width=0)
	  ->  Index Scan using sbtest6_pkey on sbtest6  (cost=0.43..48.53 rows=10 width=490)
	        Index Cond: (id = ANY ('{1635623,1579283,756939,9720544,9481414,2739435,3753694,3912477,1322938,8850442}'::integer[]))

table 7 : explain UPDATE sbtest7 set c=7 WHERE id IN ( 1635623, 1579283, 756939, 9720544, 9481414, 2739435, 3753694, 3912477, 1322938, 8850442)
	Update on sbtest7  (cost=0.43..48.53 rows=0 width=0)
	  ->  Index Scan using sbtest7_pkey on sbtest7  (cost=0.43..48.53 rows=10 width=490)
	        Index Cond: (id = ANY ('{1635623,1579283,756939,9720544,9481414,2739435,3753694,3912477,1322938,8850442}'::integer[]))

table 8 : explain UPDATE sbtest8 set c=7 WHERE id IN ( 1635623, 1579283, 756939, 9720544, 9481414, 2739435, 3753694, 3912477, 1322938, 8850442)
	Update on sbtest8  (cost=0.43..48.53 rows=0 width=0)
	  ->  Index Scan using sbtest8_pkey on sbtest8  (cost=0.43..48.53 rows=10 width=490)
	        Index Cond: (id = ANY ('{1635623,1579283,756939,9720544,9481414,2739435,3753694,3912477,1322938,8850442}'::integer[]))

explain: for update-inlist :: explain UPDATE sbtest%d set c=7 WHERE id IN ( 1107404, 8599318, 7875603, 8688394, 2551615, 4443050, 3200925, 3177292, 816592, 6875933)
for update-inlist
table 1 : explain UPDATE sbtest1 set c=7 WHERE id IN ( 2136563, 9454256, 9987302, 6143101, 2863507, 2063087, 6808695, 8169793, 6981183, 3361782)
	Update on sbtest1  (cost=0.43..48.53 rows=0 width=0)
	  ->  Index Scan using sbtest1_pkey on sbtest1  (cost=0.43..48.53 rows=10 width=490)
	        Index Cond: (id = ANY ('{2136563,9454256,9987302,6143101,2863507,2063087,6808695,8169793,6981183,3361782}'::integer[]))

table 2 : explain UPDATE sbtest2 set c=7 WHERE id IN ( 2136563, 9454256, 9987302, 6143101, 2863507, 2063087, 6808695, 8169793, 6981183, 3361782)
	Update on sbtest2  (cost=0.43..48.53 rows=0 width=0)
	  ->  Index Scan using sbtest2_pkey on sbtest2  (cost=0.43..48.53 rows=10 width=490)
	        Index Cond: (id = ANY ('{2136563,9454256,9987302,6143101,2863507,2063087,6808695,8169793,6981183,3361782}'::integer[]))

table 3 : explain UPDATE sbtest3 set c=7 WHERE id IN ( 2136563, 9454256, 9987302, 6143101, 2863507, 2063087, 6808695, 8169793, 6981183, 3361782)
	Update on sbtest3  (cost=0.43..48.53 rows=0 width=0)
	  ->  Index Scan using sbtest3_pkey on sbtest3  (cost=0.43..48.53 rows=10 width=490)
	        Index Cond: (id = ANY ('{2136563,9454256,9987302,6143101,2863507,2063087,6808695,8169793,6981183,3361782}'::integer[]))

table 4 : explain UPDATE sbtest4 set c=7 WHERE id IN ( 2136563, 9454256, 9987302, 6143101, 2863507, 2063087, 6808695, 8169793, 6981183, 3361782)
	Update on sbtest4  (cost=0.43..48.53 rows=0 width=0)
	  ->  Index Scan using sbtest4_pkey on sbtest4  (cost=0.43..48.53 rows=10 width=490)
	        Index Cond: (id = ANY ('{2136563,9454256,9987302,6143101,2863507,2063087,6808695,8169793,6981183,3361782}'::integer[]))

table 5 : explain UPDATE sbtest5 set c=7 WHERE id IN ( 2136563, 9454256, 9987302, 6143101, 2863507, 2063087, 6808695, 8169793, 6981183, 3361782)
	Update on sbtest5  (cost=0.43..48.53 rows=0 width=0)
	  ->  Index Scan using sbtest5_pkey on sbtest5  (cost=0.43..48.53 rows=10 width=490)
	        Index Cond: (id = ANY ('{2136563,9454256,9987302,6143101,2863507,2063087,6808695,8169793,6981183,3361782}'::integer[]))

table 6 : explain UPDATE sbtest6 set c=7 WHERE id IN ( 2136563, 9454256, 9987302, 6143101, 2863507, 2063087, 6808695, 8169793, 6981183, 3361782)
	Update on sbtest6  (cost=0.43..48.53 rows=0 width=0)
	  ->  Index Scan using sbtest6_pkey on sbtest6  (cost=0.43..48.53 rows=10 width=490)
	        Index Cond: (id = ANY ('{2136563,9454256,9987302,6143101,2863507,2063087,6808695,8169793,6981183,3361782}'::integer[]))

table 7 : explain UPDATE sbtest7 set c=7 WHERE id IN ( 2136563, 9454256, 9987302, 6143101, 2863507, 2063087, 6808695, 8169793, 6981183, 3361782)
	Update on sbtest7  (cost=0.43..48.53 rows=0 width=0)
	  ->  Index Scan using sbtest7_pkey on sbtest7  (cost=0.43..48.53 rows=10 width=490)
	        Index Cond: (id = ANY ('{2136563,9454256,9987302,6143101,2863507,2063087,6808695,8169793,6981183,3361782}'::integer[]))

table 8 : explain UPDATE sbtest8 set c=7 WHERE id IN ( 2136563, 9454256, 9987302, 6143101, 2863507, 2063087, 6808695, 8169793, 6981183, 3361782)
	Update on sbtest8  (cost=0.43..48.53 rows=0 width=0)
	  ->  Index Scan using sbtest8_pkey on sbtest8  (cost=0.43..48.53 rows=10 width=490)
	        Index Cond: (id = ANY ('{2136563,9454256,9987302,6143101,2863507,2063087,6808695,8169793,6981183,3361782}'::integer[]))

explain: for update-inlist :: explain UPDATE sbtest%d set c=7 WHERE id IN ( 2392168, 7632491, 8814324, 7056128, 8133163, 647533, 182092, 8458610, 4704124, 1774551)
for update-inlist
table 1 : explain UPDATE sbtest1 set c=7 WHERE id IN ( 6357085, 5682893, 6637377, 7591171, 653423, 7481325, 2783891, 3655580, 1028691, 2197099)
	Update on sbtest1  (cost=0.43..48.53 rows=0 width=0)
	  ->  Index Scan using sbtest1_pkey on sbtest1  (cost=0.43..48.53 rows=10 width=490)
	        Index Cond: (id = ANY ('{6357085,5682893,6637377,7591171,653423,7481325,2783891,3655580,1028691,2197099}'::integer[]))

table 2 : explain UPDATE sbtest2 set c=7 WHERE id IN ( 6357085, 5682893, 6637377, 7591171, 653423, 7481325, 2783891, 3655580, 1028691, 2197099)
	Update on sbtest2  (cost=0.43..48.53 rows=0 width=0)
	  ->  Index Scan using sbtest2_pkey on sbtest2  (cost=0.43..48.53 rows=10 width=490)
	        Index Cond: (id = ANY ('{6357085,5682893,6637377,7591171,653423,7481325,2783891,3655580,1028691,2197099}'::integer[]))

table 3 : explain UPDATE sbtest3 set c=7 WHERE id IN ( 6357085, 5682893, 6637377, 7591171, 653423, 7481325, 2783891, 3655580, 1028691, 2197099)
	Update on sbtest3  (cost=0.43..48.53 rows=0 width=0)
	  ->  Index Scan using sbtest3_pkey on sbtest3  (cost=0.43..48.53 rows=10 width=490)
	        Index Cond: (id = ANY ('{6357085,5682893,6637377,7591171,653423,7481325,2783891,3655580,1028691,2197099}'::integer[]))

table 4 : explain UPDATE sbtest4 set c=7 WHERE id IN ( 6357085, 5682893, 6637377, 7591171, 653423, 7481325, 2783891, 3655580, 1028691, 2197099)
	Update on sbtest4  (cost=0.43..48.53 rows=0 width=0)
	  ->  Index Scan using sbtest4_pkey on sbtest4  (cost=0.43..48.53 rows=10 width=490)
	        Index Cond: (id = ANY ('{6357085,5682893,6637377,7591171,653423,7481325,2783891,3655580,1028691,2197099}'::integer[]))

table 5 : explain UPDATE sbtest5 set c=7 WHERE id IN ( 6357085, 5682893, 6637377, 7591171, 653423, 7481325, 2783891, 3655580, 1028691, 2197099)
	Update on sbtest5  (cost=0.43..48.53 rows=0 width=0)
	  ->  Index Scan using sbtest5_pkey on sbtest5  (cost=0.43..48.53 rows=10 width=490)
	        Index Cond: (id = ANY ('{6357085,5682893,6637377,7591171,653423,7481325,2783891,3655580,1028691,2197099}'::integer[]))

table 6 : explain UPDATE sbtest6 set c=7 WHERE id IN ( 6357085, 5682893, 6637377, 7591171, 653423, 7481325, 2783891, 3655580, 1028691, 2197099)
	Update on sbtest6  (cost=0.43..48.53 rows=0 width=0)
	  ->  Index Scan using sbtest6_pkey on sbtest6  (cost=0.43..48.53 rows=10 width=490)
	        Index Cond: (id = ANY ('{6357085,5682893,6637377,7591171,653423,7481325,2783891,3655580,1028691,2197099}'::integer[]))

table 7 : explain UPDATE sbtest7 set c=7 WHERE id IN ( 6357085, 5682893, 6637377, 7591171, 653423, 7481325, 2783891, 3655580, 1028691, 2197099)
	Update on sbtest7  (cost=0.43..48.53 rows=0 width=0)
	  ->  Index Scan using sbtest7_pkey on sbtest7  (cost=0.43..48.53 rows=10 width=490)
	        Index Cond: (id = ANY ('{6357085,5682893,6637377,7591171,653423,7481325,2783891,3655580,1028691,2197099}'::integer[]))

table 8 : explain UPDATE sbtest8 set c=7 WHERE id IN ( 6357085, 5682893, 6637377, 7591171, 653423, 7481325, 2783891, 3655580, 1028691, 2197099)
	Update on sbtest8  (cost=0.43..48.53 rows=0 width=0)
	  ->  Index Scan using sbtest8_pkey on sbtest8  (cost=0.43..48.53 rows=10 width=490)
	        Index Cond: (id = ANY ('{6357085,5682893,6637377,7591171,653423,7481325,2783891,3655580,1028691,2197099}'::integer[]))

for update-inlist
table 1 : explain UPDATE sbtest1 set c=7 WHERE id IN ( 5709683, 854831, 1883519, 1284800, 7980991, 3903683, 1115750, 4727627, 2154431, 9967689)
	Update on sbtest1  (cost=0.43..48.53 rows=0 width=0)
	  ->  Index Scan using sbtest1_pkey on sbtest1  (cost=0.43..48.53 rows=10 width=490)
	        Index Cond: (id = ANY ('{5709683,854831,1883519,1284800,7980991,3903683,1115750,4727627,2154431,9967689}'::integer[]))

table 2 : explain UPDATE sbtest2 set c=7 WHERE id IN ( 5709683, 854831, 1883519, 1284800, 7980991, 3903683, 1115750, 4727627, 2154431, 9967689)
	Update on sbtest2  (cost=0.43..48.53 rows=0 width=0)
	  ->  Index Scan using sbtest2_pkey on sbtest2  (cost=0.43..48.53 rows=10 width=490)
	        Index Cond: (id = ANY ('{5709683,854831,1883519,1284800,7980991,3903683,1115750,4727627,2154431,9967689}'::integer[]))

table 3 : explain UPDATE sbtest3 set c=7 WHERE id IN ( 5709683, 854831, 1883519, 1284800, 7980991, 3903683, 1115750, 4727627, 2154431, 9967689)
	Update on sbtest3  (cost=0.43..48.53 rows=0 width=0)
	  ->  Index Scan using sbtest3_pkey on sbtest3  (cost=0.43..48.53 rows=10 width=490)
	        Index Cond: (id = ANY ('{5709683,854831,1883519,1284800,7980991,3903683,1115750,4727627,2154431,9967689}'::integer[]))

table 4 : explain UPDATE sbtest4 set c=7 WHERE id IN ( 5709683, 854831, 1883519, 1284800, 7980991, 3903683, 1115750, 4727627, 2154431, 9967689)
	Update on sbtest4  (cost=0.43..48.53 rows=0 width=0)
	  ->  Index Scan using sbtest4_pkey on sbtest4  (cost=0.43..48.53 rows=10 width=490)
	        Index Cond: (id = ANY ('{5709683,854831,1883519,1284800,7980991,3903683,1115750,4727627,2154431,9967689}'::integer[]))

table 5 : explain UPDATE sbtest5 set c=7 WHERE id IN ( 5709683, 854831, 1883519, 1284800, 7980991, 3903683, 1115750, 4727627, 2154431, 9967689)
	Update on sbtest5  (cost=0.43..48.53 rows=0 width=0)
	  ->  Index Scan using sbtest5_pkey on sbtest5  (cost=0.43..48.53 rows=10 width=490)
	        Index Cond: (id = ANY ('{5709683,854831,1883519,1284800,7980991,3903683,1115750,4727627,2154431,9967689}'::integer[]))

table 6 : explain UPDATE sbtest6 set c=7 WHERE id IN ( 5709683, 854831, 1883519, 1284800, 7980991, 3903683, 1115750, 4727627, 2154431, 9967689)
	Update on sbtest6  (cost=0.43..48.53 rows=0 width=0)
	  ->  Index Scan using sbtest6_pkey on sbtest6  (cost=0.43..48.53 rows=10 width=490)
	        Index Cond: (id = ANY ('{5709683,854831,1883519,1284800,7980991,3903683,1115750,4727627,2154431,9967689}'::integer[]))

table 7 : explain UPDATE sbtest7 set c=7 WHERE id IN ( 5709683, 854831, 1883519, 1284800, 7980991, 3903683, 1115750, 4727627, 2154431, 9967689)
	Update on sbtest7  (cost=0.43..48.53 rows=0 width=0)
	  ->  Index Scan using sbtest7_pkey on sbtest7  (cost=0.43..48.53 rows=10 width=490)
	        Index Cond: (id = ANY ('{5709683,854831,1883519,1284800,7980991,3903683,1115750,4727627,2154431,9967689}'::integer[]))

table 8 : explain UPDATE sbtest8 set c=7 WHERE id IN ( 5709683, 854831, 1883519, 1284800, 7980991, 3903683, 1115750, 4727627, 2154431, 9967689)
	Update on sbtest8  (cost=0.43..48.53 rows=0 width=0)
	  ->  Index Scan using sbtest8_pkey on sbtest8  (cost=0.43..48.53 rows=10 width=490)
	        Index Cond: (id = ANY ('{5709683,854831,1883519,1284800,7980991,3903683,1115750,4727627,2154431,9967689}'::integer[]))

for update-inlist
table 1 : explain UPDATE sbtest1 set c=7 WHERE id IN ( 1107404, 8599318, 7875603, 8688394, 2551615, 4443050, 3200925, 3177292, 816592, 6875933)
	Update on sbtest1  (cost=0.43..48.53 rows=0 width=0)
	  ->  Index Scan using sbtest1_pkey on sbtest1  (cost=0.43..48.53 rows=10 width=490)
	        Index Cond: (id = ANY ('{1107404,8599318,7875603,8688394,2551615,4443050,3200925,3177292,816592,6875933}'::integer[]))

table 2 : explain UPDATE sbtest2 set c=7 WHERE id IN ( 1107404, 8599318, 7875603, 8688394, 2551615, 4443050, 3200925, 3177292, 816592, 6875933)
	Update on sbtest2  (cost=0.43..48.53 rows=0 width=0)
	  ->  Index Scan using sbtest2_pkey on sbtest2  (cost=0.43..48.53 rows=10 width=490)
	        Index Cond: (id = ANY ('{1107404,8599318,7875603,8688394,2551615,4443050,3200925,3177292,816592,6875933}'::integer[]))

table 3 : explain UPDATE sbtest3 set c=7 WHERE id IN ( 1107404, 8599318, 7875603, 8688394, 2551615, 4443050, 3200925, 3177292, 816592, 6875933)
	Update on sbtest3  (cost=0.43..48.53 rows=0 width=0)
	  ->  Index Scan using sbtest3_pkey on sbtest3  (cost=0.43..48.53 rows=10 width=490)
	        Index Cond: (id = ANY ('{1107404,8599318,7875603,8688394,2551615,4443050,3200925,3177292,816592,6875933}'::integer[]))

table 4 : explain UPDATE sbtest4 set c=7 WHERE id IN ( 1107404, 8599318, 7875603, 8688394, 2551615, 4443050, 3200925, 3177292, 816592, 6875933)
	Update on sbtest4  (cost=0.43..48.53 rows=0 width=0)
	  ->  Index Scan using sbtest4_pkey on sbtest4  (cost=0.43..48.53 rows=10 width=490)
	        Index Cond: (id = ANY ('{1107404,8599318,7875603,8688394,2551615,4443050,3200925,3177292,816592,6875933}'::integer[]))

table 5 : explain UPDATE sbtest5 set c=7 WHERE id IN ( 1107404, 8599318, 7875603, 8688394, 2551615, 4443050, 3200925, 3177292, 816592, 6875933)
	Update on sbtest5  (cost=0.43..48.53 rows=0 width=0)
	  ->  Index Scan using sbtest5_pkey on sbtest5  (cost=0.43..48.53 rows=10 width=490)
	        Index Cond: (id = ANY ('{1107404,8599318,7875603,8688394,2551615,4443050,3200925,3177292,816592,6875933}'::integer[]))

table 6 : explain UPDATE sbtest6 set c=7 WHERE id IN ( 1107404, 8599318, 7875603, 8688394, 2551615, 4443050, 3200925, 3177292, 816592, 6875933)
	Update on sbtest6  (cost=0.43..48.53 rows=0 width=0)
	  ->  Index Scan using sbtest6_pkey on sbtest6  (cost=0.43..48.53 rows=10 width=490)
	        Index Cond: (id = ANY ('{1107404,8599318,7875603,8688394,2551615,4443050,3200925,3177292,816592,6875933}'::integer[]))

table 7 : explain UPDATE sbtest7 set c=7 WHERE id IN ( 1107404, 8599318, 7875603, 8688394, 2551615, 4443050, 3200925, 3177292, 816592, 6875933)
	Update on sbtest7  (cost=0.43..48.53 rows=0 width=0)
	  ->  Index Scan using sbtest7_pkey on sbtest7  (cost=0.43..48.53 rows=10 width=490)
	        Index Cond: (id = ANY ('{1107404,8599318,7875603,8688394,2551615,4443050,3200925,3177292,816592,6875933}'::integer[]))

table 8 : explain UPDATE sbtest8 set c=7 WHERE id IN ( 1107404, 8599318, 7875603, 8688394, 2551615, 4443050, 3200925, 3177292, 816592, 6875933)
	Update on sbtest8  (cost=0.43..48.53 rows=0 width=0)
	  ->  Index Scan using sbtest8_pkey on sbtest8  (cost=0.43..48.53 rows=10 width=490)
	        Index Cond: (id = ANY ('{1107404,8599318,7875603,8688394,2551615,4443050,3200925,3177292,816592,6875933}'::integer[]))

for update-inlist
table 1 : explain UPDATE sbtest1 set c=7 WHERE id IN ( 2392168, 7632491, 8814324, 7056128, 8133163, 647533, 182092, 8458610, 4704124, 1774551)
	Update on sbtest1  (cost=0.43..48.53 rows=0 width=0)
	  ->  Index Scan using sbtest1_pkey on sbtest1  (cost=0.43..48.53 rows=10 width=490)
	        Index Cond: (id = ANY ('{2392168,7632491,8814324,7056128,8133163,647533,182092,8458610,4704124,1774551}'::integer[]))

table 2 : explain UPDATE sbtest2 set c=7 WHERE id IN ( 2392168, 7632491, 8814324, 7056128, 8133163, 647533, 182092, 8458610, 4704124, 1774551)
	Update on sbtest2  (cost=0.43..48.53 rows=0 width=0)
	  ->  Index Scan using sbtest2_pkey on sbtest2  (cost=0.43..48.53 rows=10 width=490)
	        Index Cond: (id = ANY ('{2392168,7632491,8814324,7056128,8133163,647533,182092,8458610,4704124,1774551}'::integer[]))

table 3 : explain UPDATE sbtest3 set c=7 WHERE id IN ( 2392168, 7632491, 8814324, 7056128, 8133163, 647533, 182092, 8458610, 4704124, 1774551)
	Update on sbtest3  (cost=0.43..48.53 rows=0 width=0)
	  ->  Index Scan using sbtest3_pkey on sbtest3  (cost=0.43..48.53 rows=10 width=490)
	        Index Cond: (id = ANY ('{2392168,7632491,8814324,7056128,8133163,647533,182092,8458610,4704124,1774551}'::integer[]))

table 4 : explain UPDATE sbtest4 set c=7 WHERE id IN ( 2392168, 7632491, 8814324, 7056128, 8133163, 647533, 182092, 8458610, 4704124, 1774551)
	Update on sbtest4  (cost=0.43..48.53 rows=0 width=0)
	  ->  Index Scan using sbtest4_pkey on sbtest4  (cost=0.43..48.53 rows=10 width=490)
	        Index Cond: (id = ANY ('{2392168,7632491,8814324,7056128,8133163,647533,182092,8458610,4704124,1774551}'::integer[]))

table 5 : explain UPDATE sbtest5 set c=7 WHERE id IN ( 2392168, 7632491, 8814324, 7056128, 8133163, 647533, 182092, 8458610, 4704124, 1774551)
	Update on sbtest5  (cost=0.43..48.53 rows=0 width=0)
	  ->  Index Scan using sbtest5_pkey on sbtest5  (cost=0.43..48.53 rows=10 width=490)
	        Index Cond: (id = ANY ('{2392168,7632491,8814324,7056128,8133163,647533,182092,8458610,4704124,1774551}'::integer[]))

table 6 : explain UPDATE sbtest6 set c=7 WHERE id IN ( 2392168, 7632491, 8814324, 7056128, 8133163, 647533, 182092, 8458610, 4704124, 1774551)
	Update on sbtest6  (cost=0.43..48.53 rows=0 width=0)
	  ->  Index Scan using sbtest6_pkey on sbtest6  (cost=0.43..48.53 rows=10 width=490)
	        Index Cond: (id = ANY ('{2392168,7632491,8814324,7056128,8133163,647533,182092,8458610,4704124,1774551}'::integer[]))

table 7 : explain UPDATE sbtest7 set c=7 WHERE id IN ( 2392168, 7632491, 8814324, 7056128, 8133163, 647533, 182092, 8458610, 4704124, 1774551)
	Update on sbtest7  (cost=0.43..48.53 rows=0 width=0)
	  ->  Index Scan using sbtest7_pkey on sbtest7  (cost=0.43..48.53 rows=10 width=490)
	        Index Cond: (id = ANY ('{2392168,7632491,8814324,7056128,8133163,647533,182092,8458610,4704124,1774551}'::integer[]))

table 8 : explain UPDATE sbtest8 set c=7 WHERE id IN ( 2392168, 7632491, 8814324, 7056128, 8133163, 647533, 182092, 8458610, 4704124, 1774551)
	Update on sbtest8  (cost=0.43..48.53 rows=0 width=0)
	  ->  Index Scan using sbtest8_pkey on sbtest8  (cost=0.43..48.53 rows=10 width=490)
	        Index Cond: (id = ANY ('{2392168,7632491,8814324,7056128,8133163,647533,182092,8458610,4704124,1774551}'::integer[]))

explain: for update-inlist :: explain UPDATE sbtest%d set c=7 WHERE id IN ( 6567518, 5027444, 270773, 9681197, 8051827, 434265, 8663541, 8873777, 489330, 7690421)
explain: for update-inlist :: explain UPDATE sbtest%d set c=7 WHERE id IN ( 2740548, 5319004, 8147957, 7294171, 4782433, 9666204, 433293, 3885927, 4438846, 726891)
explain: for update-inlist :: explain UPDATE sbtest%d set c=7 WHERE id IN ( 6728573, 3796372, 1671776, 2568551, 1560496, 2075169, 4429036, 4545921, 6069023, 4809316)
explain: for update-inlist :: explain UPDATE sbtest%d set c=7 WHERE id IN ( 1061457, 8839772, 2109451, 649785, 1063996, 9518760, 6307099, 8532599, 6147401, 2449044)
for update-inlist
table 1 : explain UPDATE sbtest1 set c=7 WHERE id IN ( 6567518, 5027444, 270773, 9681197, 8051827, 434265, 8663541, 8873777, 489330, 7690421)
	Update on sbtest1  (cost=0.43..48.53 rows=0 width=0)
	  ->  Index Scan using sbtest1_pkey on sbtest1  (cost=0.43..48.53 rows=10 width=490)
	        Index Cond: (id = ANY ('{6567518,5027444,270773,9681197,8051827,434265,8663541,8873777,489330,7690421}'::integer[]))

table 2 : explain UPDATE sbtest2 set c=7 WHERE id IN ( 6567518, 5027444, 270773, 9681197, 8051827, 434265, 8663541, 8873777, 489330, 7690421)
	Update on sbtest2  (cost=0.43..48.53 rows=0 width=0)
	  ->  Index Scan using sbtest2_pkey on sbtest2  (cost=0.43..48.53 rows=10 width=490)
	        Index Cond: (id = ANY ('{6567518,5027444,270773,9681197,8051827,434265,8663541,8873777,489330,7690421}'::integer[]))

table 3 : explain UPDATE sbtest3 set c=7 WHERE id IN ( 6567518, 5027444, 270773, 9681197, 8051827, 434265, 8663541, 8873777, 489330, 7690421)
	Update on sbtest3  (cost=0.43..48.53 rows=0 width=0)
	  ->  Index Scan using sbtest3_pkey on sbtest3  (cost=0.43..48.53 rows=10 width=490)
	        Index Cond: (id = ANY ('{6567518,5027444,270773,9681197,8051827,434265,8663541,8873777,489330,7690421}'::integer[]))

table 4 : explain UPDATE sbtest4 set c=7 WHERE id IN ( 6567518, 5027444, 270773, 9681197, 8051827, 434265, 8663541, 8873777, 489330, 7690421)
	Update on sbtest4  (cost=0.43..48.53 rows=0 width=0)
	  ->  Index Scan using sbtest4_pkey on sbtest4  (cost=0.43..48.53 rows=10 width=490)
	        Index Cond: (id = ANY ('{6567518,5027444,270773,9681197,8051827,434265,8663541,8873777,489330,7690421}'::integer[]))

table 5 : explain UPDATE sbtest5 set c=7 WHERE id IN ( 6567518, 5027444, 270773, 9681197, 8051827, 434265, 8663541, 8873777, 489330, 7690421)
	Update on sbtest5  (cost=0.43..48.53 rows=0 width=0)
	  ->  Index Scan using sbtest5_pkey on sbtest5  (cost=0.43..48.53 rows=10 width=490)
	        Index Cond: (id = ANY ('{6567518,5027444,270773,9681197,8051827,434265,8663541,8873777,489330,7690421}'::integer[]))

table 6 : explain UPDATE sbtest6 set c=7 WHERE id IN ( 6567518, 5027444, 270773, 9681197, 8051827, 434265, 8663541, 8873777, 489330, 7690421)
	Update on sbtest6  (cost=0.43..48.53 rows=0 width=0)
	  ->  Index Scan using sbtest6_pkey on sbtest6  (cost=0.43..48.53 rows=10 width=490)
	        Index Cond: (id = ANY ('{6567518,5027444,270773,9681197,8051827,434265,8663541,8873777,489330,7690421}'::integer[]))

table 7 : explain UPDATE sbtest7 set c=7 WHERE id IN ( 6567518, 5027444, 270773, 9681197, 8051827, 434265, 8663541, 8873777, 489330, 7690421)
	Update on sbtest7  (cost=0.43..48.53 rows=0 width=0)
	  ->  Index Scan using sbtest7_pkey on sbtest7  (cost=0.43..48.53 rows=10 width=490)
	        Index Cond: (id = ANY ('{6567518,5027444,270773,9681197,8051827,434265,8663541,8873777,489330,7690421}'::integer[]))

table 8 : explain UPDATE sbtest8 set c=7 WHERE id IN ( 6567518, 5027444, 270773, 9681197, 8051827, 434265, 8663541, 8873777, 489330, 7690421)
	Update on sbtest8  (cost=0.43..48.53 rows=0 width=0)
	  ->  Index Scan using sbtest8_pkey on sbtest8  (cost=0.43..48.53 rows=10 width=490)
	        Index Cond: (id = ANY ('{6567518,5027444,270773,9681197,8051827,434265,8663541,8873777,489330,7690421}'::integer[]))

explain: for update-inlist :: explain UPDATE sbtest%d set c=7 WHERE id IN ( 8089009, 3279665, 2554691, 9651095, 4043013, 5527234, 7914269, 4876421, 3638782, 12189)
for update-inlist
table 1 : explain UPDATE sbtest1 set c=7 WHERE id IN ( 2740548, 5319004, 8147957, 7294171, 4782433, 9666204, 433293, 3885927, 4438846, 726891)
	Update on sbtest1  (cost=0.43..48.53 rows=0 width=0)
	  ->  Index Scan using sbtest1_pkey on sbtest1  (cost=0.43..48.53 rows=10 width=490)
	        Index Cond: (id = ANY ('{2740548,5319004,8147957,7294171,4782433,9666204,433293,3885927,4438846,726891}'::integer[]))

table 2 : explain UPDATE sbtest2 set c=7 WHERE id IN ( 2740548, 5319004, 8147957, 7294171, 4782433, 9666204, 433293, 3885927, 4438846, 726891)
	Update on sbtest2  (cost=0.43..48.53 rows=0 width=0)
	  ->  Index Scan using sbtest2_pkey on sbtest2  (cost=0.43..48.53 rows=10 width=490)
	        Index Cond: (id = ANY ('{2740548,5319004,8147957,7294171,4782433,9666204,433293,3885927,4438846,726891}'::integer[]))

table 3 : explain UPDATE sbtest3 set c=7 WHERE id IN ( 2740548, 5319004, 8147957, 7294171, 4782433, 9666204, 433293, 3885927, 4438846, 726891)
	Update on sbtest3  (cost=0.43..48.53 rows=0 width=0)
	  ->  Index Scan using sbtest3_pkey on sbtest3  (cost=0.43..48.53 rows=10 width=490)
	        Index Cond: (id = ANY ('{2740548,5319004,8147957,7294171,4782433,9666204,433293,3885927,4438846,726891}'::integer[]))

table 4 : explain UPDATE sbtest4 set c=7 WHERE id IN ( 2740548, 5319004, 8147957, 7294171, 4782433, 9666204, 433293, 3885927, 4438846, 726891)
	Update on sbtest4  (cost=0.43..48.53 rows=0 width=0)
	  ->  Index Scan using sbtest4_pkey on sbtest4  (cost=0.43..48.53 rows=10 width=490)
	        Index Cond: (id = ANY ('{2740548,5319004,8147957,7294171,4782433,9666204,433293,3885927,4438846,726891}'::integer[]))

table 5 : explain UPDATE sbtest5 set c=7 WHERE id IN ( 2740548, 5319004, 8147957, 7294171, 4782433, 9666204, 433293, 3885927, 4438846, 726891)
	Update on sbtest5  (cost=0.43..48.53 rows=0 width=0)
	  ->  Index Scan using sbtest5_pkey on sbtest5  (cost=0.43..48.53 rows=10 width=490)
	        Index Cond: (id = ANY ('{2740548,5319004,8147957,7294171,4782433,9666204,433293,3885927,4438846,726891}'::integer[]))

table 6 : explain UPDATE sbtest6 set c=7 WHERE id IN ( 2740548, 5319004, 8147957, 7294171, 4782433, 9666204, 433293, 3885927, 4438846, 726891)
	Update on sbtest6  (cost=0.43..48.53 rows=0 width=0)
	  ->  Index Scan using sbtest6_pkey on sbtest6  (cost=0.43..48.53 rows=10 width=490)
	        Index Cond: (id = ANY ('{2740548,5319004,8147957,7294171,4782433,9666204,433293,3885927,4438846,726891}'::integer[]))

table 7 : explain UPDATE sbtest7 set c=7 WHERE id IN ( 2740548, 5319004, 8147957, 7294171, 4782433, 9666204, 433293, 3885927, 4438846, 726891)
	Update on sbtest7  (cost=0.43..48.53 rows=0 width=0)
	  ->  Index Scan using sbtest7_pkey on sbtest7  (cost=0.43..48.53 rows=10 width=490)
	        Index Cond: (id = ANY ('{2740548,5319004,8147957,7294171,4782433,9666204,433293,3885927,4438846,726891}'::integer[]))

table 8 : explain UPDATE sbtest8 set c=7 WHERE id IN ( 2740548, 5319004, 8147957, 7294171, 4782433, 9666204, 433293, 3885927, 4438846, 726891)
	Update on sbtest8  (cost=0.43..48.53 rows=0 width=0)
	  ->  Index Scan using sbtest8_pkey on sbtest8  (cost=0.43..48.53 rows=10 width=490)
	        Index Cond: (id = ANY ('{2740548,5319004,8147957,7294171,4782433,9666204,433293,3885927,4438846,726891}'::integer[]))

for update-inlist
table 1 : explain UPDATE sbtest1 set c=7 WHERE id IN ( 6728573, 3796372, 1671776, 2568551, 1560496, 2075169, 4429036, 4545921, 6069023, 4809316)
	Update on sbtest1  (cost=0.43..48.53 rows=0 width=0)
	  ->  Index Scan using sbtest1_pkey on sbtest1  (cost=0.43..48.53 rows=10 width=490)
	        Index Cond: (id = ANY ('{6728573,3796372,1671776,2568551,1560496,2075169,4429036,4545921,6069023,4809316}'::integer[]))

table 2 : explain UPDATE sbtest2 set c=7 WHERE id IN ( 6728573, 3796372, 1671776, 2568551, 1560496, 2075169, 4429036, 4545921, 6069023, 4809316)
	Update on sbtest2  (cost=0.43..48.53 rows=0 width=0)
	  ->  Index Scan using sbtest2_pkey on sbtest2  (cost=0.43..48.53 rows=10 width=490)
	        Index Cond: (id = ANY ('{6728573,3796372,1671776,2568551,1560496,2075169,4429036,4545921,6069023,4809316}'::integer[]))

table 3 : explain UPDATE sbtest3 set c=7 WHERE id IN ( 6728573, 3796372, 1671776, 2568551, 1560496, 2075169, 4429036, 4545921, 6069023, 4809316)
	Update on sbtest3  (cost=0.43..48.53 rows=0 width=0)
	  ->  Index Scan using sbtest3_pkey on sbtest3  (cost=0.43..48.53 rows=10 width=490)
	        Index Cond: (id = ANY ('{6728573,3796372,1671776,2568551,1560496,2075169,4429036,4545921,6069023,4809316}'::integer[]))

table 4 : explain UPDATE sbtest4 set c=7 WHERE id IN ( 6728573, 3796372, 1671776, 2568551, 1560496, 2075169, 4429036, 4545921, 6069023, 4809316)
	Update on sbtest4  (cost=0.43..48.53 rows=0 width=0)
	  ->  Index Scan using sbtest4_pkey on sbtest4  (cost=0.43..48.53 rows=10 width=490)
	        Index Cond: (id = ANY ('{6728573,3796372,1671776,2568551,1560496,2075169,4429036,4545921,6069023,4809316}'::integer[]))

table 5 : explain UPDATE sbtest5 set c=7 WHERE id IN ( 6728573, 3796372, 1671776, 2568551, 1560496, 2075169, 4429036, 4545921, 6069023, 4809316)
	Update on sbtest5  (cost=0.43..48.53 rows=0 width=0)
	  ->  Index Scan using sbtest5_pkey on sbtest5  (cost=0.43..48.53 rows=10 width=490)
	        Index Cond: (id = ANY ('{6728573,3796372,1671776,2568551,1560496,2075169,4429036,4545921,6069023,4809316}'::integer[]))

table 6 : explain UPDATE sbtest6 set c=7 WHERE id IN ( 6728573, 3796372, 1671776, 2568551, 1560496, 2075169, 4429036, 4545921, 6069023, 4809316)
	Update on sbtest6  (cost=0.43..48.53 rows=0 width=0)
	  ->  Index Scan using sbtest6_pkey on sbtest6  (cost=0.43..48.53 rows=10 width=490)
	        Index Cond: (id = ANY ('{6728573,3796372,1671776,2568551,1560496,2075169,4429036,4545921,6069023,4809316}'::integer[]))

table 7 : explain UPDATE sbtest7 set c=7 WHERE id IN ( 6728573, 3796372, 1671776, 2568551, 1560496, 2075169, 4429036, 4545921, 6069023, 4809316)
	Update on sbtest7  (cost=0.43..48.53 rows=0 width=0)
	  ->  Index Scan using sbtest7_pkey on sbtest7  (cost=0.43..48.53 rows=10 width=490)
	        Index Cond: (id = ANY ('{6728573,3796372,1671776,2568551,1560496,2075169,4429036,4545921,6069023,4809316}'::integer[]))

table 8 : explain UPDATE sbtest8 set c=7 WHERE id IN ( 6728573, 3796372, 1671776, 2568551, 1560496, 2075169, 4429036, 4545921, 6069023, 4809316)
	Update on sbtest8  (cost=0.43..48.53 rows=0 width=0)
	  ->  Index Scan using sbtest8_pkey on sbtest8  (cost=0.43..48.53 rows=10 width=490)
	        Index Cond: (id = ANY ('{6728573,3796372,1671776,2568551,1560496,2075169,4429036,4545921,6069023,4809316}'::integer[]))

for update-inlist
table 1 : explain UPDATE sbtest1 set c=7 WHERE id IN ( 1061457, 8839772, 2109451, 649785, 1063996, 9518760, 6307099, 8532599, 6147401, 2449044)
	Update on sbtest1  (cost=0.43..48.53 rows=0 width=0)
	  ->  Index Scan using sbtest1_pkey on sbtest1  (cost=0.43..48.53 rows=10 width=490)
	        Index Cond: (id = ANY ('{1061457,8839772,2109451,649785,1063996,9518760,6307099,8532599,6147401,2449044}'::integer[]))

table 2 : explain UPDATE sbtest2 set c=7 WHERE id IN ( 1061457, 8839772, 2109451, 649785, 1063996, 9518760, 6307099, 8532599, 6147401, 2449044)
	Update on sbtest2  (cost=0.43..48.53 rows=0 width=0)
	  ->  Index Scan using sbtest2_pkey on sbtest2  (cost=0.43..48.53 rows=10 width=490)
	        Index Cond: (id = ANY ('{1061457,8839772,2109451,649785,1063996,9518760,6307099,8532599,6147401,2449044}'::integer[]))

table 3 : explain UPDATE sbtest3 set c=7 WHERE id IN ( 1061457, 8839772, 2109451, 649785, 1063996, 9518760, 6307099, 8532599, 6147401, 2449044)
	Update on sbtest3  (cost=0.43..48.53 rows=0 width=0)
	  ->  Index Scan using sbtest3_pkey on sbtest3  (cost=0.43..48.53 rows=10 width=490)
	        Index Cond: (id = ANY ('{1061457,8839772,2109451,649785,1063996,9518760,6307099,8532599,6147401,2449044}'::integer[]))

table 4 : explain UPDATE sbtest4 set c=7 WHERE id IN ( 1061457, 8839772, 2109451, 649785, 1063996, 9518760, 6307099, 8532599, 6147401, 2449044)
	Update on sbtest4  (cost=0.43..48.53 rows=0 width=0)
	  ->  Index Scan using sbtest4_pkey on sbtest4  (cost=0.43..48.53 rows=10 width=490)
	        Index Cond: (id = ANY ('{1061457,8839772,2109451,649785,1063996,9518760,6307099,8532599,6147401,2449044}'::integer[]))

table 5 : explain UPDATE sbtest5 set c=7 WHERE id IN ( 1061457, 8839772, 2109451, 649785, 1063996, 9518760, 6307099, 8532599, 6147401, 2449044)
	Update on sbtest5  (cost=0.43..48.53 rows=0 width=0)
	  ->  Index Scan using sbtest5_pkey on sbtest5  (cost=0.43..48.53 rows=10 width=490)
	        Index Cond: (id = ANY ('{1061457,8839772,2109451,649785,1063996,9518760,6307099,8532599,6147401,2449044}'::integer[]))

table 6 : explain UPDATE sbtest6 set c=7 WHERE id IN ( 1061457, 8839772, 2109451, 649785, 1063996, 9518760, 6307099, 8532599, 6147401, 2449044)
	Update on sbtest6  (cost=0.43..48.53 rows=0 width=0)
	  ->  Index Scan using sbtest6_pkey on sbtest6  (cost=0.43..48.53 rows=10 width=490)
	        Index Cond: (id = ANY ('{1061457,8839772,2109451,649785,1063996,9518760,6307099,8532599,6147401,2449044}'::integer[]))

table 7 : explain UPDATE sbtest7 set c=7 WHERE id IN ( 1061457, 8839772, 2109451, 649785, 1063996, 9518760, 6307099, 8532599, 6147401, 2449044)
	Update on sbtest7  (cost=0.43..48.53 rows=0 width=0)
	  ->  Index Scan using sbtest7_pkey on sbtest7  (cost=0.43..48.53 rows=10 width=490)
	        Index Cond: (id = ANY ('{1061457,8839772,2109451,649785,1063996,9518760,6307099,8532599,6147401,2449044}'::integer[]))

table 8 : explain UPDATE sbtest8 set c=7 WHERE id IN ( 1061457, 8839772, 2109451, 649785, 1063996, 9518760, 6307099, 8532599, 6147401, 2449044)
	Update on sbtest8  (cost=0.43..48.53 rows=0 width=0)
	  ->  Index Scan using sbtest8_pkey on sbtest8  (cost=0.43..48.53 rows=10 width=490)
	        Index Cond: (id = ANY ('{1061457,8839772,2109451,649785,1063996,9518760,6307099,8532599,6147401,2449044}'::integer[]))

for update-inlist
table 1 : explain UPDATE sbtest1 set c=7 WHERE id IN ( 8089009, 3279665, 2554691, 9651095, 4043013, 5527234, 7914269, 4876421, 3638782, 12189)
	Update on sbtest1  (cost=0.43..48.53 rows=0 width=0)
	  ->  Index Scan using sbtest1_pkey on sbtest1  (cost=0.43..48.53 rows=10 width=490)
	        Index Cond: (id = ANY ('{8089009,3279665,2554691,9651095,4043013,5527234,7914269,4876421,3638782,12189}'::integer[]))

table 2 : explain UPDATE sbtest2 set c=7 WHERE id IN ( 8089009, 3279665, 2554691, 9651095, 4043013, 5527234, 7914269, 4876421, 3638782, 12189)
	Update on sbtest2  (cost=0.43..48.53 rows=0 width=0)
	  ->  Index Scan using sbtest2_pkey on sbtest2  (cost=0.43..48.53 rows=10 width=490)
	        Index Cond: (id = ANY ('{8089009,3279665,2554691,9651095,4043013,5527234,7914269,4876421,3638782,12189}'::integer[]))

table 3 : explain UPDATE sbtest3 set c=7 WHERE id IN ( 8089009, 3279665, 2554691, 9651095, 4043013, 5527234, 7914269, 4876421, 3638782, 12189)
	Update on sbtest3  (cost=0.43..48.53 rows=0 width=0)
	  ->  Index Scan using sbtest3_pkey on sbtest3  (cost=0.43..48.53 rows=10 width=490)
	        Index Cond: (id = ANY ('{8089009,3279665,2554691,9651095,4043013,5527234,7914269,4876421,3638782,12189}'::integer[]))

table 4 : explain UPDATE sbtest4 set c=7 WHERE id IN ( 8089009, 3279665, 2554691, 9651095, 4043013, 5527234, 7914269, 4876421, 3638782, 12189)
	Update on sbtest4  (cost=0.43..48.53 rows=0 width=0)
	  ->  Index Scan using sbtest4_pkey on sbtest4  (cost=0.43..48.53 rows=10 width=490)
	        Index Cond: (id = ANY ('{8089009,3279665,2554691,9651095,4043013,5527234,7914269,4876421,3638782,12189}'::integer[]))

table 5 : explain UPDATE sbtest5 set c=7 WHERE id IN ( 8089009, 3279665, 2554691, 9651095, 4043013, 5527234, 7914269, 4876421, 3638782, 12189)
	Update on sbtest5  (cost=0.43..48.53 rows=0 width=0)
	  ->  Index Scan using sbtest5_pkey on sbtest5  (cost=0.43..48.53 rows=10 width=490)
	        Index Cond: (id = ANY ('{8089009,3279665,2554691,9651095,4043013,5527234,7914269,4876421,3638782,12189}'::integer[]))

table 6 : explain UPDATE sbtest6 set c=7 WHERE id IN ( 8089009, 3279665, 2554691, 9651095, 4043013, 5527234, 7914269, 4876421, 3638782, 12189)
	Update on sbtest6  (cost=0.43..48.53 rows=0 width=0)
	  ->  Index Scan using sbtest6_pkey on sbtest6  (cost=0.43..48.53 rows=10 width=490)
	        Index Cond: (id = ANY ('{8089009,3279665,2554691,9651095,4043013,5527234,7914269,4876421,3638782,12189}'::integer[]))

table 7 : explain UPDATE sbtest7 set c=7 WHERE id IN ( 8089009, 3279665, 2554691, 9651095, 4043013, 5527234, 7914269, 4876421, 3638782, 12189)
	Update on sbtest7  (cost=0.43..48.53 rows=0 width=0)
	  ->  Index Scan using sbtest7_pkey on sbtest7  (cost=0.43..48.53 rows=10 width=490)
	        Index Cond: (id = ANY ('{8089009,3279665,2554691,9651095,4043013,5527234,7914269,4876421,3638782,12189}'::integer[]))

table 8 : explain UPDATE sbtest8 set c=7 WHERE id IN ( 8089009, 3279665, 2554691, 9651095, 4043013, 5527234, 7914269, 4876421, 3638782, 12189)
	Update on sbtest8  (cost=0.43..48.53 rows=0 width=0)
	  ->  Index Scan using sbtest8_pkey on sbtest8  (cost=0.43..48.53 rows=10 width=490)
	        Index Cond: (id = ANY ('{8089009,3279665,2554691,9651095,4043013,5527234,7914269,4876421,3638782,12189}'::integer[]))

explain: for update-inlist :: explain UPDATE sbtest%d set c=7 WHERE id IN ( 5607674, 6580060, 8062166, 3797133, 5040424, 7987266, 5643155, 261108, 7743988, 2199454)
for update-inlist
table 1 : explain UPDATE sbtest1 set c=7 WHERE id IN ( 5607674, 6580060, 8062166, 3797133, 5040424, 7987266, 5643155, 261108, 7743988, 2199454)
	Update on sbtest1  (cost=0.43..48.53 rows=0 width=0)
	  ->  Index Scan using sbtest1_pkey on sbtest1  (cost=0.43..48.53 rows=10 width=490)
	        Index Cond: (id = ANY ('{5607674,6580060,8062166,3797133,5040424,7987266,5643155,261108,7743988,2199454}'::integer[]))

table 2 : explain UPDATE sbtest2 set c=7 WHERE id IN ( 5607674, 6580060, 8062166, 3797133, 5040424, 7987266, 5643155, 261108, 7743988, 2199454)
	Update on sbtest2  (cost=0.43..48.53 rows=0 width=0)
	  ->  Index Scan using sbtest2_pkey on sbtest2  (cost=0.43..48.53 rows=10 width=490)
	        Index Cond: (id = ANY ('{5607674,6580060,8062166,3797133,5040424,7987266,5643155,261108,7743988,2199454}'::integer[]))

table 3 : explain UPDATE sbtest3 set c=7 WHERE id IN ( 5607674, 6580060, 8062166, 3797133, 5040424, 7987266, 5643155, 261108, 7743988, 2199454)
	Update on sbtest3  (cost=0.43..48.53 rows=0 width=0)
	  ->  Index Scan using sbtest3_pkey on sbtest3  (cost=0.43..48.53 rows=10 width=490)
	        Index Cond: (id = ANY ('{5607674,6580060,8062166,3797133,5040424,7987266,5643155,261108,7743988,2199454}'::integer[]))

table 4 : explain UPDATE sbtest4 set c=7 WHERE id IN ( 5607674, 6580060, 8062166, 3797133, 5040424, 7987266, 5643155, 261108, 7743988, 2199454)
	Update on sbtest4  (cost=0.43..48.53 rows=0 width=0)
	  ->  Index Scan using sbtest4_pkey on sbtest4  (cost=0.43..48.53 rows=10 width=490)
	        Index Cond: (id = ANY ('{5607674,6580060,8062166,3797133,5040424,7987266,5643155,261108,7743988,2199454}'::integer[]))

table 5 : explain UPDATE sbtest5 set c=7 WHERE id IN ( 5607674, 6580060, 8062166, 3797133, 5040424, 7987266, 5643155, 261108, 7743988, 2199454)
	Update on sbtest5  (cost=0.43..48.53 rows=0 width=0)
	  ->  Index Scan using sbtest5_pkey on sbtest5  (cost=0.43..48.53 rows=10 width=490)
	        Index Cond: (id = ANY ('{5607674,6580060,8062166,3797133,5040424,7987266,5643155,261108,7743988,2199454}'::integer[]))

table 6 : explain UPDATE sbtest6 set c=7 WHERE id IN ( 5607674, 6580060, 8062166, 3797133, 5040424, 7987266, 5643155, 261108, 7743988, 2199454)
	Update on sbtest6  (cost=0.43..48.53 rows=0 width=0)
	  ->  Index Scan using sbtest6_pkey on sbtest6  (cost=0.43..48.53 rows=10 width=490)
	        Index Cond: (id = ANY ('{5607674,6580060,8062166,3797133,5040424,7987266,5643155,261108,7743988,2199454}'::integer[]))

table 7 : explain UPDATE sbtest7 set c=7 WHERE id IN ( 5607674, 6580060, 8062166, 3797133, 5040424, 7987266, 5643155, 261108, 7743988, 2199454)
	Update on sbtest7  (cost=0.43..48.53 rows=0 width=0)
	  ->  Index Scan using sbtest7_pkey on sbtest7  (cost=0.43..48.53 rows=10 width=490)
	        Index Cond: (id = ANY ('{5607674,6580060,8062166,3797133,5040424,7987266,5643155,261108,7743988,2199454}'::integer[]))

table 8 : explain UPDATE sbtest8 set c=7 WHERE id IN ( 5607674, 6580060, 8062166, 3797133, 5040424, 7987266, 5643155, 261108, 7743988, 2199454)
	Update on sbtest8  (cost=0.43..48.53 rows=0 width=0)
	  ->  Index Scan using sbtest8_pkey on sbtest8  (cost=0.43..48.53 rows=10 width=490)
	        Index Cond: (id = ANY ('{5607674,6580060,8062166,3797133,5040424,7987266,5643155,261108,7743988,2199454}'::integer[]))

explain: for update-inlist :: explain UPDATE sbtest%d set c=7 WHERE id IN ( 6622302, 5556545, 3962279, 5347214, 9899639, 5931130, 8764602, 7662966, 2485186, 5704327)
explain: for update-inlist :: explain UPDATE sbtest%d set c=7 WHERE id IN ( 5374079, 682375, 9697886, 2823873, 8081549, 4927480, 8946287, 6386824, 1585740, 7541402)
explain: for update-inlist :: explain UPDATE sbtest%d set c=7 WHERE id IN ( 2919420, 5821377, 2970030, 5730147, 8121101, 6058935, 7824382, 6812456, 7700118, 7443289)
for update-inlist
table 1 : explain UPDATE sbtest1 set c=7 WHERE id IN ( 6622302, 5556545, 3962279, 5347214, 9899639, 5931130, 8764602, 7662966, 2485186, 5704327)
	Update on sbtest1  (cost=0.43..48.53 rows=0 width=0)
	  ->  Index Scan using sbtest1_pkey on sbtest1  (cost=0.43..48.53 rows=10 width=490)
	        Index Cond: (id = ANY ('{6622302,5556545,3962279,5347214,9899639,5931130,8764602,7662966,2485186,5704327}'::integer[]))

table 2 : explain UPDATE sbtest2 set c=7 WHERE id IN ( 6622302, 5556545, 3962279, 5347214, 9899639, 5931130, 8764602, 7662966, 2485186, 5704327)
	Update on sbtest2  (cost=0.43..48.53 rows=0 width=0)
	  ->  Index Scan using sbtest2_pkey on sbtest2  (cost=0.43..48.53 rows=10 width=490)
	        Index Cond: (id = ANY ('{6622302,5556545,3962279,5347214,9899639,5931130,8764602,7662966,2485186,5704327}'::integer[]))

table 3 : explain UPDATE sbtest3 set c=7 WHERE id IN ( 6622302, 5556545, 3962279, 5347214, 9899639, 5931130, 8764602, 7662966, 2485186, 5704327)
	Update on sbtest3  (cost=0.43..48.53 rows=0 width=0)
	  ->  Index Scan using sbtest3_pkey on sbtest3  (cost=0.43..48.53 rows=10 width=490)
	        Index Cond: (id = ANY ('{6622302,5556545,3962279,5347214,9899639,5931130,8764602,7662966,2485186,5704327}'::integer[]))

table 4 : explain UPDATE sbtest4 set c=7 WHERE id IN ( 6622302, 5556545, 3962279, 5347214, 9899639, 5931130, 8764602, 7662966, 2485186, 5704327)
	Update on sbtest4  (cost=0.43..48.53 rows=0 width=0)
	  ->  Index Scan using sbtest4_pkey on sbtest4  (cost=0.43..48.53 rows=10 width=490)
	        Index Cond: (id = ANY ('{6622302,5556545,3962279,5347214,9899639,5931130,8764602,7662966,2485186,5704327}'::integer[]))

table 5 : explain UPDATE sbtest5 set c=7 WHERE id IN ( 6622302, 5556545, 3962279, 5347214, 9899639, 5931130, 8764602, 7662966, 2485186, 5704327)
	Update on sbtest5  (cost=0.43..48.53 rows=0 width=0)
	  ->  Index Scan using sbtest5_pkey on sbtest5  (cost=0.43..48.53 rows=10 width=490)
	        Index Cond: (id = ANY ('{6622302,5556545,3962279,5347214,9899639,5931130,8764602,7662966,2485186,5704327}'::integer[]))

table 6 : explain UPDATE sbtest6 set c=7 WHERE id IN ( 6622302, 5556545, 3962279, 5347214, 9899639, 5931130, 8764602, 7662966, 2485186, 5704327)
	Update on sbtest6  (cost=0.43..48.53 rows=0 width=0)
	  ->  Index Scan using sbtest6_pkey on sbtest6  (cost=0.43..48.53 rows=10 width=490)
	        Index Cond: (id = ANY ('{6622302,5556545,3962279,5347214,9899639,5931130,8764602,7662966,2485186,5704327}'::integer[]))

table 7 : explain UPDATE sbtest7 set c=7 WHERE id IN ( 6622302, 5556545, 3962279, 5347214, 9899639, 5931130, 8764602, 7662966, 2485186, 5704327)
	Update on sbtest7  (cost=0.43..48.53 rows=0 width=0)
	  ->  Index Scan using sbtest7_pkey on sbtest7  (cost=0.43..48.53 rows=10 width=490)
	        Index Cond: (id = ANY ('{6622302,5556545,3962279,5347214,9899639,5931130,8764602,7662966,2485186,5704327}'::integer[]))

table 8 : explain UPDATE sbtest8 set c=7 WHERE id IN ( 6622302, 5556545, 3962279, 5347214, 9899639, 5931130, 8764602, 7662966, 2485186, 5704327)
	Update on sbtest8  (cost=0.43..48.53 rows=0 width=0)
	  ->  Index Scan using sbtest8_pkey on sbtest8  (cost=0.43..48.53 rows=10 width=490)
	        Index Cond: (id = ANY ('{6622302,5556545,3962279,5347214,9899639,5931130,8764602,7662966,2485186,5704327}'::integer[]))

for update-inlist
table 1 : explain UPDATE sbtest1 set c=7 WHERE id IN ( 5374079, 682375, 9697886, 2823873, 8081549, 4927480, 8946287, 6386824, 1585740, 7541402)
	Update on sbtest1  (cost=0.43..48.53 rows=0 width=0)
	  ->  Index Scan using sbtest1_pkey on sbtest1  (cost=0.43..48.53 rows=10 width=490)
	        Index Cond: (id = ANY ('{5374079,682375,9697886,2823873,8081549,4927480,8946287,6386824,1585740,7541402}'::integer[]))

table 2 : explain UPDATE sbtest2 set c=7 WHERE id IN ( 5374079, 682375, 9697886, 2823873, 8081549, 4927480, 8946287, 6386824, 1585740, 7541402)
	Update on sbtest2  (cost=0.43..48.53 rows=0 width=0)
	  ->  Index Scan using sbtest2_pkey on sbtest2  (cost=0.43..48.53 rows=10 width=490)
	        Index Cond: (id = ANY ('{5374079,682375,9697886,2823873,8081549,4927480,8946287,6386824,1585740,7541402}'::integer[]))

table 3 : explain UPDATE sbtest3 set c=7 WHERE id IN ( 5374079, 682375, 9697886, 2823873, 8081549, 4927480, 8946287, 6386824, 1585740, 7541402)
	Update on sbtest3  (cost=0.43..48.53 rows=0 width=0)
	  ->  Index Scan using sbtest3_pkey on sbtest3  (cost=0.43..48.53 rows=10 width=490)
	        Index Cond: (id = ANY ('{5374079,682375,9697886,2823873,8081549,4927480,8946287,6386824,1585740,7541402}'::integer[]))

table 4 : explain UPDATE sbtest4 set c=7 WHERE id IN ( 5374079, 682375, 9697886, 2823873, 8081549, 4927480, 8946287, 6386824, 1585740, 7541402)
	Update on sbtest4  (cost=0.43..48.53 rows=0 width=0)
	  ->  Index Scan using sbtest4_pkey on sbtest4  (cost=0.43..48.53 rows=10 width=490)
	        Index Cond: (id = ANY ('{5374079,682375,9697886,2823873,8081549,4927480,8946287,6386824,1585740,7541402}'::integer[]))

table 5 : explain UPDATE sbtest5 set c=7 WHERE id IN ( 5374079, 682375, 9697886, 2823873, 8081549, 4927480, 8946287, 6386824, 1585740, 7541402)
	Update on sbtest5  (cost=0.43..48.53 rows=0 width=0)
	  ->  Index Scan using sbtest5_pkey on sbtest5  (cost=0.43..48.53 rows=10 width=490)
	        Index Cond: (id = ANY ('{5374079,682375,9697886,2823873,8081549,4927480,8946287,6386824,1585740,7541402}'::integer[]))

table 6 : explain UPDATE sbtest6 set c=7 WHERE id IN ( 5374079, 682375, 9697886, 2823873, 8081549, 4927480, 8946287, 6386824, 1585740, 7541402)
	Update on sbtest6  (cost=0.43..48.53 rows=0 width=0)
	  ->  Index Scan using sbtest6_pkey on sbtest6  (cost=0.43..48.53 rows=10 width=490)
	        Index Cond: (id = ANY ('{5374079,682375,9697886,2823873,8081549,4927480,8946287,6386824,1585740,7541402}'::integer[]))

table 7 : explain UPDATE sbtest7 set c=7 WHERE id IN ( 5374079, 682375, 9697886, 2823873, 8081549, 4927480, 8946287, 6386824, 1585740, 7541402)
	Update on sbtest7  (cost=0.43..48.53 rows=0 width=0)
	  ->  Index Scan using sbtest7_pkey on sbtest7  (cost=0.43..48.53 rows=10 width=490)
	        Index Cond: (id = ANY ('{5374079,682375,9697886,2823873,8081549,4927480,8946287,6386824,1585740,7541402}'::integer[]))

table 8 : explain UPDATE sbtest8 set c=7 WHERE id IN ( 5374079, 682375, 9697886, 2823873, 8081549, 4927480, 8946287, 6386824, 1585740, 7541402)
	Update on sbtest8  (cost=0.43..48.53 rows=0 width=0)
	  ->  Index Scan using sbtest8_pkey on sbtest8  (cost=0.43..48.53 rows=10 width=490)
	        Index Cond: (id = ANY ('{5374079,682375,9697886,2823873,8081549,4927480,8946287,6386824,1585740,7541402}'::integer[]))

explain: for update-inlist :: explain UPDATE sbtest%d set c=7 WHERE id IN ( 1464188, 890483, 8461010, 3185785, 7487149, 7818288, 3518002, 2303631, 8749334, 6647813)
for update-inlist
table 1 : explain UPDATE sbtest1 set c=7 WHERE id IN ( 2919420, 5821377, 2970030, 5730147, 8121101, 6058935, 7824382, 6812456, 7700118, 7443289)
	Update on sbtest1  (cost=0.43..48.53 rows=0 width=0)
	  ->  Index Scan using sbtest1_pkey on sbtest1  (cost=0.43..48.53 rows=10 width=490)
	        Index Cond: (id = ANY ('{2919420,5821377,2970030,5730147,8121101,6058935,7824382,6812456,7700118,7443289}'::integer[]))

table 2 : explain UPDATE sbtest2 set c=7 WHERE id IN ( 2919420, 5821377, 2970030, 5730147, 8121101, 6058935, 7824382, 6812456, 7700118, 7443289)
	Update on sbtest2  (cost=0.43..48.53 rows=0 width=0)
	  ->  Index Scan using sbtest2_pkey on sbtest2  (cost=0.43..48.53 rows=10 width=490)
	        Index Cond: (id = ANY ('{2919420,5821377,2970030,5730147,8121101,6058935,7824382,6812456,7700118,7443289}'::integer[]))

table 3 : explain UPDATE sbtest3 set c=7 WHERE id IN ( 2919420, 5821377, 2970030, 5730147, 8121101, 6058935, 7824382, 6812456, 7700118, 7443289)
	Update on sbtest3  (cost=0.43..48.53 rows=0 width=0)
	  ->  Index Scan using sbtest3_pkey on sbtest3  (cost=0.43..48.53 rows=10 width=490)
	        Index Cond: (id = ANY ('{2919420,5821377,2970030,5730147,8121101,6058935,7824382,6812456,7700118,7443289}'::integer[]))

table 4 : explain UPDATE sbtest4 set c=7 WHERE id IN ( 2919420, 5821377, 2970030, 5730147, 8121101, 6058935, 7824382, 6812456, 7700118, 7443289)
	Update on sbtest4  (cost=0.43..48.53 rows=0 width=0)
	  ->  Index Scan using sbtest4_pkey on sbtest4  (cost=0.43..48.53 rows=10 width=490)
	        Index Cond: (id = ANY ('{2919420,5821377,2970030,5730147,8121101,6058935,7824382,6812456,7700118,7443289}'::integer[]))

table 5 : explain UPDATE sbtest5 set c=7 WHERE id IN ( 2919420, 5821377, 2970030, 5730147, 8121101, 6058935, 7824382, 6812456, 7700118, 7443289)
	Update on sbtest5  (cost=0.43..48.53 rows=0 width=0)
	  ->  Index Scan using sbtest5_pkey on sbtest5  (cost=0.43..48.53 rows=10 width=490)
	        Index Cond: (id = ANY ('{2919420,5821377,2970030,5730147,8121101,6058935,7824382,6812456,7700118,7443289}'::integer[]))

table 6 : explain UPDATE sbtest6 set c=7 WHERE id IN ( 2919420, 5821377, 2970030, 5730147, 8121101, 6058935, 7824382, 6812456, 7700118, 7443289)
	Update on sbtest6  (cost=0.43..48.53 rows=0 width=0)
	  ->  Index Scan using sbtest6_pkey on sbtest6  (cost=0.43..48.53 rows=10 width=490)
	        Index Cond: (id = ANY ('{2919420,5821377,2970030,5730147,8121101,6058935,7824382,6812456,7700118,7443289}'::integer[]))

table 7 : explain UPDATE sbtest7 set c=7 WHERE id IN ( 2919420, 5821377, 2970030, 5730147, 8121101, 6058935, 7824382, 6812456, 7700118, 7443289)
	Update on sbtest7  (cost=0.43..48.53 rows=0 width=0)
	  ->  Index Scan using sbtest7_pkey on sbtest7  (cost=0.43..48.53 rows=10 width=490)
	        Index Cond: (id = ANY ('{2919420,5821377,2970030,5730147,8121101,6058935,7824382,6812456,7700118,7443289}'::integer[]))

table 8 : explain UPDATE sbtest8 set c=7 WHERE id IN ( 2919420, 5821377, 2970030, 5730147, 8121101, 6058935, 7824382, 6812456, 7700118, 7443289)
	Update on sbtest8  (cost=0.43..48.53 rows=0 width=0)
	  ->  Index Scan using sbtest8_pkey on sbtest8  (cost=0.43..48.53 rows=10 width=490)
	        Index Cond: (id = ANY ('{2919420,5821377,2970030,5730147,8121101,6058935,7824382,6812456,7700118,7443289}'::integer[]))

for update-inlist
table 1 : explain UPDATE sbtest1 set c=7 WHERE id IN ( 1464188, 890483, 8461010, 3185785, 7487149, 7818288, 3518002, 2303631, 8749334, 6647813)
	Update on sbtest1  (cost=0.43..48.53 rows=0 width=0)
	  ->  Index Scan using sbtest1_pkey on sbtest1  (cost=0.43..48.53 rows=10 width=490)
	        Index Cond: (id = ANY ('{1464188,890483,8461010,3185785,7487149,7818288,3518002,2303631,8749334,6647813}'::integer[]))

table 2 : explain UPDATE sbtest2 set c=7 WHERE id IN ( 1464188, 890483, 8461010, 3185785, 7487149, 7818288, 3518002, 2303631, 8749334, 6647813)
	Update on sbtest2  (cost=0.43..48.53 rows=0 width=0)
	  ->  Index Scan using sbtest2_pkey on sbtest2  (cost=0.43..48.53 rows=10 width=490)
	        Index Cond: (id = ANY ('{1464188,890483,8461010,3185785,7487149,7818288,3518002,2303631,8749334,6647813}'::integer[]))

table 3 : explain UPDATE sbtest3 set c=7 WHERE id IN ( 1464188, 890483, 8461010, 3185785, 7487149, 7818288, 3518002, 2303631, 8749334, 6647813)
	Update on sbtest3  (cost=0.43..48.53 rows=0 width=0)
	  ->  Index Scan using sbtest3_pkey on sbtest3  (cost=0.43..48.53 rows=10 width=490)
	        Index Cond: (id = ANY ('{1464188,890483,8461010,3185785,7487149,7818288,3518002,2303631,8749334,6647813}'::integer[]))

table 4 : explain UPDATE sbtest4 set c=7 WHERE id IN ( 1464188, 890483, 8461010, 3185785, 7487149, 7818288, 3518002, 2303631, 8749334, 6647813)
	Update on sbtest4  (cost=0.43..48.53 rows=0 width=0)
	  ->  Index Scan using sbtest4_pkey on sbtest4  (cost=0.43..48.53 rows=10 width=490)
	        Index Cond: (id = ANY ('{1464188,890483,8461010,3185785,7487149,7818288,3518002,2303631,8749334,6647813}'::integer[]))

table 5 : explain UPDATE sbtest5 set c=7 WHERE id IN ( 1464188, 890483, 8461010, 3185785, 7487149, 7818288, 3518002, 2303631, 8749334, 6647813)
	Update on sbtest5  (cost=0.43..48.53 rows=0 width=0)
	  ->  Index Scan using sbtest5_pkey on sbtest5  (cost=0.43..48.53 rows=10 width=490)
	        Index Cond: (id = ANY ('{1464188,890483,8461010,3185785,7487149,7818288,3518002,2303631,8749334,6647813}'::integer[]))

table 6 : explain UPDATE sbtest6 set c=7 WHERE id IN ( 1464188, 890483, 8461010, 3185785, 7487149, 7818288, 3518002, 2303631, 8749334, 6647813)
	Update on sbtest6  (cost=0.43..48.53 rows=0 width=0)
	  ->  Index Scan using sbtest6_pkey on sbtest6  (cost=0.43..48.53 rows=10 width=490)
	        Index Cond: (id = ANY ('{1464188,890483,8461010,3185785,7487149,7818288,3518002,2303631,8749334,6647813}'::integer[]))

table 7 : explain UPDATE sbtest7 set c=7 WHERE id IN ( 1464188, 890483, 8461010, 3185785, 7487149, 7818288, 3518002, 2303631, 8749334, 6647813)
	Update on sbtest7  (cost=0.43..48.53 rows=0 width=0)
	  ->  Index Scan using sbtest7_pkey on sbtest7  (cost=0.43..48.53 rows=10 width=490)
	        Index Cond: (id = ANY ('{1464188,890483,8461010,3185785,7487149,7818288,3518002,2303631,8749334,6647813}'::integer[]))

table 8 : explain UPDATE sbtest8 set c=7 WHERE id IN ( 1464188, 890483, 8461010, 3185785, 7487149, 7818288, 3518002, 2303631, 8749334, 6647813)
	Update on sbtest8  (cost=0.43..48.53 rows=0 width=0)
	  ->  Index Scan using sbtest8_pkey on sbtest8  (cost=0.43..48.53 rows=10 width=490)
	        Index Cond: (id = ANY ('{1464188,890483,8461010,3185785,7487149,7818288,3518002,2303631,8749334,6647813}'::integer[]))

Threads started!

Warming up for 5 seconds...

SQL statistics:
    queries performed:
        read:                            0
        write:                           113106821
        other:                           0
        total:                           113106821
    transactions:                        113106821 (121616.99 per sec.)
    queries:                             113106821 (121616.99 per sec.)
    ignored errors:                      0      (0.00 per sec.)
    reconnects:                          0      (0.00 per sec.)

Throughput:
    events/s (eps):                      121616.9948
    time elapsed:                        930.0249s
    total number of events:              113106821

Latency (ms):
         min:                                    0.11
         avg:                                    0.33
         max:                                  227.61
         95th percentile:                        0.51
         sum:                             37127638.54

Threads fairness:
    events (avg/stddev):           2827670.5250/50062.20
    execution time (avg/stddev):   928.1910/0.05

