LUA_PATH=/home/mdcallag/git/mytools/bench/sysbench.lua/lua/?.lua /home/mdcallag/git/mytools/bench/sysbench.lua/lua/sysbench --db-driver=pgsql --range-size=100 --table-size=10000000 --tables=8 --threads=40 --events=0 --warmup-time=5 --time=630 --pgsql_conn_id=true /home/mdcallag/git/mytools/bench/sysbench.lua/lua/oltp_point_select.lua run --pgsql-user=root --pgsql-password=pw --pgsql-host=127.0.0.1 --pgsql-db=ib --rand-type=uniform --skip-trx
48 CPUs
sysbench 1.1.0-9072687 (using bundled LuaJIT 2.1.0-beta3)

Running the test with following options:
Number of threads: 40
Warmup time: 5s
Initializing random number generator from current time


Initializing worker threads...

explain: for point_selects :: explain SELECT c FROM sbtest%u WHERE id=%u
explain: for point_selects :: explain SELECT c FROM sbtest%u WHERE id=%u
explain: for point_selects :: explain SELECT c FROM sbtest%u WHERE id=%u
explain: for point_selects :: explain SELECT c FROM sbtest%u WHERE id=%uexplain: for point_selects :: explain SELECT c FROM sbtest%u WHERE id=%u

explain: for point_selects :: explain SELECT c FROM sbtest%u WHERE id=%u
explain: for point_selects :: explain SELECT c FROM sbtest%u WHERE id=%u
explain: for point_selects :: explain SELECT c FROM sbtest%u WHERE id=%u
explain: for point_selects :: explain SELECT c FROM sbtest%u WHERE id=%u
explain: for point_selects :: explain SELECT c FROM sbtest%u WHERE id=%u
explain: for point_selects :: explain SELECT c FROM sbtest%u WHERE id=%u
explain: for point_selects :: explain SELECT c FROM sbtest%u WHERE id=%u
explain: for point_selects :: explain SELECT c FROM sbtest%u WHERE id=%u
explain: for point_selects :: explain SELECT c FROM sbtest%u WHERE id=%u
explain: for point_selects :: explain SELECT c FROM sbtest%u WHERE id=%u
explain: for point_selects :: explain SELECT c FROM sbtest%u WHERE id=%u
explain: for point_selects :: explain SELECT c FROM sbtest%u WHERE id=%u
explain: for point_selects :: explain SELECT c FROM sbtest%u WHERE id=%u
explain: for point_selects :: explain SELECT c FROM sbtest%u WHERE id=%u
explain: for point_selects :: explain SELECT c FROM sbtest%u WHERE id=%u
explain: for point_selects :: explain SELECT c FROM sbtest%u WHERE id=%u
for point_selects
table 1 : explain SELECT c FROM sbtest1 WHERE id=7586760
	Index Scan using sbtest1_pkey on sbtest1  (cost=0.43..8.45 rows=1 width=121)
	  Index Cond: (id = 7586760)

table 2 : explain SELECT c FROM sbtest2 WHERE id=8208091
	Index Scan using sbtest2_pkey on sbtest2  (cost=0.43..8.45 rows=1 width=121)
	  Index Cond: (id = 8208091)

table 3 : explain SELECT c FROM sbtest3 WHERE id=6752719
	Index Scan using sbtest3_pkey on sbtest3  (cost=0.43..8.45 rows=1 width=121)
	  Index Cond: (id = 6752719)

table 4 : explain SELECT c FROM sbtest4 WHERE id=3877686
	Index Scan using sbtest4_pkey on sbtest4  (cost=0.43..8.45 rows=1 width=121)
	  Index Cond: (id = 3877686)

table 5 : explain SELECT c FROM sbtest5 WHERE id=685830
	Index Scan using sbtest5_pkey on sbtest5  (cost=0.43..8.45 rows=1 width=121)
	  Index Cond: (id = 685830)

table 6 : explain SELECT c FROM sbtest6 WHERE id=9237486
	Index Scan using sbtest6_pkey on sbtest6  (cost=0.43..8.45 rows=1 width=121)
	  Index Cond: (id = 9237486)

table 7 : explain SELECT c FROM sbtest7 WHERE id=2875438
	Index Scan using sbtest7_pkey on sbtest7  (cost=0.43..8.45 rows=1 width=121)
	  Index Cond: (id = 2875438)

table 8 : explain SELECT c FROM sbtest8 WHERE id=6596426
	Index Scan using sbtest8_pkey on sbtest8  (cost=0.43..8.45 rows=1 width=121)
	  Index Cond: (id = 6596426)

explain: for point_selects :: explain SELECT c FROM sbtest%u WHERE id=%u
for point_selects
table 1 : explain SELECT c FROM sbtest1 WHERE id=1081984
	Index Scan using sbtest1_pkey on sbtest1  (cost=0.43..8.45 rows=1 width=121)
	  Index Cond: (id = 1081984)

table 2 : explain SELECT c FROM sbtest2 WHERE id=2234008
	Index Scan using sbtest2_pkey on sbtest2  (cost=0.43..8.45 rows=1 width=121)
	  Index Cond: (id = 2234008)

table 3 : explain SELECT c FROM sbtest3 WHERE id=1476489
	Index Scan using sbtest3_pkey on sbtest3  (cost=0.43..8.45 rows=1 width=121)
	  Index Cond: (id = 1476489)

table 4 : explain SELECT c FROM sbtest4 WHERE id=2216266
	Index Scan using sbtest4_pkey on sbtest4  (cost=0.43..8.45 rows=1 width=121)
	  Index Cond: (id = 2216266)

table 5 : explain SELECT c FROM sbtest5 WHERE id=1596839
	Index Scan using sbtest5_pkey on sbtest5  (cost=0.43..8.45 rows=1 width=121)
	  Index Cond: (id = 1596839)

table 6 : explain SELECT c FROM sbtest6 WHERE id=4151382
	Index Scan using sbtest6_pkey on sbtest6  (cost=0.43..8.45 rows=1 width=121)
	  Index Cond: (id = 4151382)

table 7 : explain SELECT c FROM sbtest7 WHERE id=9047157
	Index Scan using sbtest7_pkey on sbtest7  (cost=0.43..8.45 rows=1 width=121)
	  Index Cond: (id = 9047157)

table 8 : explain SELECT c FROM sbtest8 WHERE id=5678979
	Index Scan using sbtest8_pkey on sbtest8  (cost=0.43..8.45 rows=1 width=121)
	  Index Cond: (id = 5678979)

explain: for point_selects :: explain SELECT c FROM sbtest%u WHERE id=%u
explain: for point_selects :: explain SELECT c FROM sbtest%u WHERE id=%u
explain: for point_selects :: explain SELECT c FROM sbtest%u WHERE id=%u
explain: for point_selects :: explain SELECT c FROM sbtest%u WHERE id=%u
explain: for point_selects :: explain SELECT c FROM sbtest%u WHERE id=%u
for point_selects
table 1 : explain SELECT c FROM sbtest1 WHERE id=1306232
	Index Scan using sbtest1_pkey on sbtest1  (cost=0.43..8.45 rows=1 width=121)
	  Index Cond: (id = 1306232)

table 2 : explain SELECT c FROM sbtest2 WHERE id=9272579
	Index Scan using sbtest2_pkey on sbtest2  (cost=0.43..8.45 rows=1 width=121)
	  Index Cond: (id = 9272579)

table 3 : explain SELECT c FROM sbtest3 WHERE id=7187147
	Index Scan using sbtest3_pkey on sbtest3  (cost=0.43..8.45 rows=1 width=121)
	  Index Cond: (id = 7187147)

table 4 : explain SELECT c FROM sbtest4 WHERE id=359051
	Index Scan using sbtest4_pkey on sbtest4  (cost=0.43..8.45 rows=1 width=121)
	  Index Cond: (id = 359051)

table 5 : explain SELECT c FROM sbtest5 WHERE id=4214690
	Index Scan using sbtest5_pkey on sbtest5  (cost=0.43..8.45 rows=1 width=121)
	  Index Cond: (id = 4214690)

table 6 : explain SELECT c FROM sbtest6 WHERE id=1838248
	Index Scan using sbtest6_pkey on sbtest6  (cost=0.43..8.45 rows=1 width=121)
	  Index Cond: (id = 1838248)

table 7 : explain SELECT c FROM sbtest7 WHERE id=746353
	Index Scan using sbtest7_pkey on sbtest7  (cost=0.43..8.45 rows=1 width=121)
	  Index Cond: (id = 746353)

table 8 : explain SELECT c FROM sbtest8 WHERE id=3397051
	Index Scan using sbtest8_pkey on sbtest8  (cost=0.43..8.45 rows=1 width=121)
	  Index Cond: (id = 3397051)

for point_selects
table 1 : explain SELECT c FROM sbtest1 WHERE id=3743644
	Index Scan using sbtest1_pkey on sbtest1  (cost=0.43..8.45 rows=1 width=121)
	  Index Cond: (id = 3743644)

table 2 : explain SELECT c FROM sbtest2 WHERE id=9235727
	Index Scan using sbtest2_pkey on sbtest2  (cost=0.43..8.45 rows=1 width=121)
	  Index Cond: (id = 9235727)

table 3 : explain SELECT c FROM sbtest3 WHERE id=6454637
	Index Scan using sbtest3_pkey on sbtest3  (cost=0.43..8.45 rows=1 width=121)
	  Index Cond: (id = 6454637)

table 4 : explain SELECT c FROM sbtest4 WHERE id=1867718
	Index Scan using sbtest4_pkey on sbtest4  (cost=0.43..8.45 rows=1 width=121)
	  Index Cond: (id = 1867718)

table 5 : explain SELECT c FROM sbtest5 WHERE id=7148824
	Index Scan using sbtest5_pkey on sbtest5  (cost=0.43..8.45 rows=1 width=121)
	  Index Cond: (id = 7148824)

table 6 : explain SELECT c FROM sbtest6 WHERE id=614380
	Index Scan using sbtest6_pkey on sbtest6  (cost=0.43..8.45 rows=1 width=121)
	  Index Cond: (id = 614380)

table 7 : explain SELECT c FROM sbtest7 WHERE id=6442665
	Index Scan using sbtest7_pkey on sbtest7  (cost=0.43..8.45 rows=1 width=121)
	  Index Cond: (id = 6442665)

table 8 : explain SELECT c FROM sbtest8 WHERE id=7545357
	Index Scan using sbtest8_pkey on sbtest8  (cost=0.43..8.45 rows=1 width=121)
	  Index Cond: (id = 7545357)
for point_selects
table 1 : explain SELECT c FROM sbtest1 WHERE id=780110
	Index Scan using sbtest1_pkey on sbtest1  (cost=0.43..8.45 rows=1 width=121)
	  Index Cond: (id = 780110)

table 2 : explain SELECT c FROM sbtest2 WHERE id=4739420
	Index Scan using sbtest2_pkey on sbtest2  (cost=0.43..8.45 rows=1 width=121)
	  Index Cond: (id = 4739420)

table 3 : explain SELECT c FROM sbtest3 WHERE id=956026
	Index Scan using sbtest3_pkey on sbtest3  (cost=0.43..8.45 rows=1 width=121)
	  Index Cond: (id = 956026)

table 4 : explain SELECT c FROM sbtest4 WHERE id=2899657
	Index Scan using sbtest4_pkey on sbtest4  (cost=0.43..8.45 rows=1 width=121)
	  Index Cond: (id = 2899657)

table 5 : explain SELECT c FROM sbtest5 WHERE id=9807222
	Index Scan using sbtest5_pkey on sbtest5  (cost=0.43..8.45 rows=1 width=121)
	  Index Cond: (id = 9807222)

table 6 : explain SELECT c FROM sbtest6 WHERE id=5559089
	Index Scan using sbtest6_pkey on sbtest6  (cost=0.43..8.45 rows=1 width=121)
	  Index Cond: (id = 5559089)

table 7 : explain SELECT c FROM sbtest7 WHERE id=4956640
	Index Scan using sbtest7_pkey on sbtest7  (cost=0.43..8.45 rows=1 width=121)
	  Index Cond: (id = 4956640)

table 8 : explain SELECT c FROM sbtest8 WHERE id=975212
	Index Scan using sbtest8_pkey on sbtest8  (cost=0.43..8.45 rows=1 width=121)
	  Index Cond: (id = 975212)

for point_selects
table 1 : explain SELECT c FROM sbtest1 WHERE id=7570279
	Index Scan using sbtest1_pkey on sbtest1  (cost=0.43..8.45 rows=1 width=121)
	  Index Cond: (id = 7570279)

table 2 : explain SELECT c FROM sbtest2 WHERE id=8232886
	Index Scan using sbtest2_pkey on sbtest2  (cost=0.43..8.45 rows=1 width=121)
	  Index Cond: (id = 8232886)

table 3 : explain SELECT c FROM sbtest3 WHERE id=963407
	Index Scan using sbtest3_pkey on sbtest3  (cost=0.43..8.45 rows=1 width=121)
	  Index Cond: (id = 963407)

table 4 : explain SELECT c FROM sbtest4 WHERE id=8720576
	Index Scan using sbtest4_pkey on sbtest4  (cost=0.43..8.45 rows=1 width=121)
	  Index Cond: (id = 8720576)

table 5 : explain SELECT c FROM sbtest5 WHERE id=7218189
	Index Scan using sbtest5_pkey on sbtest5  (cost=0.43..8.45 rows=1 width=121)
	  Index Cond: (id = 7218189)

table 6 : explain SELECT c FROM sbtest6 WHERE id=2594692
	Index Scan using sbtest6_pkey on sbtest6  (cost=0.43..8.45 rows=1 width=121)
	  Index Cond: (id = 2594692)

table 7 : explain SELECT c FROM sbtest7 WHERE id=2593784
	Index Scan using sbtest7_pkey on sbtest7  (cost=0.43..8.45 rows=1 width=121)
	  Index Cond: (id = 2593784)

table 8 : explain SELECT c FROM sbtest8 WHERE id=3629391
	Index Scan using sbtest8_pkey on sbtest8  (cost=0.43..8.45 rows=1 width=121)
	  Index Cond: (id = 3629391)

for point_selects
table 1 : explain SELECT c FROM sbtest1 WHERE id=588911
	Index Scan using sbtest1_pkey on sbtest1  (cost=0.43..8.45 rows=1 width=121)
	  Index Cond: (id = 588911)

table 2 : explain SELECT c FROM sbtest2 WHERE id=2327542
	Index Scan using sbtest2_pkey on sbtest2  (cost=0.43..8.45 rows=1 width=121)
	  Index Cond: (id = 2327542)

table 3 : explain SELECT c FROM sbtest3 WHERE id=5338655
	Index Scan using sbtest3_pkey on sbtest3  (cost=0.43..8.45 rows=1 width=121)
	  Index Cond: (id = 5338655)

table 4 : explain SELECT c FROM sbtest4 WHERE id=1714742
	Index Scan using sbtest4_pkey on sbtest4  (cost=0.43..8.45 rows=1 width=121)
	  Index Cond: (id = 1714742)

table 5 : explain SELECT c FROM sbtest5 WHERE id=3791755
	Index Scan using sbtest5_pkey on sbtest5  (cost=0.43..8.45 rows=1 width=121)
	  Index Cond: (id = 3791755)

table 6 : explain SELECT c FROM sbtest6 WHERE id=948556
	Index Scan using sbtest6_pkey on sbtest6  (cost=0.43..8.45 rows=1 width=121)
	  Index Cond: (id = 948556)

table 7 : explain SELECT c FROM sbtest7 WHERE id=3899039
	Index Scan using sbtest7_pkey on sbtest7  (cost=0.43..8.45 rows=1 width=121)
	  Index Cond: (id = 3899039)

table 8 : explain SELECT c FROM sbtest8 WHERE id=5081243
	Index Scan using sbtest8_pkey on sbtest8  (cost=0.43..8.45 rows=1 width=121)
	  Index Cond: (id = 5081243)

for point_selects
table 1 : explain SELECT c FROM sbtest1 WHERE id=3074389
	Index Scan using sbtest1_pkey on sbtest1  (cost=0.43..8.45 rows=1 width=121)
	  Index Cond: (id = 3074389)

table 2 : explain SELECT c FROM sbtest2 WHERE id=5129427
	Index Scan using sbtest2_pkey on sbtest2  (cost=0.43..8.45 rows=1 width=121)
	  Index Cond: (id = 5129427)

table 3 : explain SELECT c FROM sbtest3 WHERE id=4875454
	Index Scan using sbtest3_pkey on sbtest3  (cost=0.43..8.45 rows=1 width=121)
	  Index Cond: (id = 4875454)

table 4 : explain SELECT c FROM sbtest4 WHERE id=9407413
	Index Scan using sbtest4_pkey on sbtest4  (cost=0.43..8.45 rows=1 width=121)
	  Index Cond: (id = 9407413)

table 5 : explain SELECT c FROM sbtest5 WHERE id=7154284
	Index Scan using sbtest5_pkey on sbtest5  (cost=0.43..8.45 rows=1 width=121)
	  Index Cond: (id = 7154284)

table 6 : explain SELECT c FROM sbtest6 WHERE id=5558818
	Index Scan using sbtest6_pkey on sbtest6  (cost=0.43..8.45 rows=1 width=121)
	  Index Cond: (id = 5558818)

table 7 : explain SELECT c FROM sbtest7 WHERE id=4099786
	Index Scan using sbtest7_pkey on sbtest7  (cost=0.43..8.45 rows=1 width=121)
	  Index Cond: (id = 4099786)

table 8 : explain SELECT c FROM sbtest8 WHERE id=2298706
	Index Scan using sbtest8_pkey on sbtest8  (cost=0.43..8.45 rows=1 width=121)
	  Index Cond: (id = 2298706)

for point_selects
table 1 : explain SELECT c FROM sbtest1 WHERE id=5233971
	Index Scan using sbtest1_pkey on sbtest1  (cost=0.43..8.45 rows=1 width=121)
	  Index Cond: (id = 5233971)

table 2 : explain SELECT c FROM sbtest2 WHERE id=5520267
	Index Scan using sbtest2_pkey on sbtest2  (cost=0.43..8.45 rows=1 width=121)
	  Index Cond: (id = 5520267)

table 3 : explain SELECT c FROM sbtest3 WHERE id=1876999
	Index Scan using sbtest3_pkey on sbtest3  (cost=0.43..8.45 rows=1 width=121)
	  Index Cond: (id = 1876999)

table 4 : explain SELECT c FROM sbtest4 WHERE id=8426560
	Index Scan using sbtest4_pkey on sbtest4  (cost=0.43..8.45 rows=1 width=121)
	  Index Cond: (id = 8426560)

table 5 : explain SELECT c FROM sbtest5 WHERE id=1339300
	Index Scan using sbtest5_pkey on sbtest5  (cost=0.43..8.45 rows=1 width=121)
	  Index Cond: (id = 1339300)

table 6 : explain SELECT c FROM sbtest6 WHERE id=4878992
	Index Scan using sbtest6_pkey on sbtest6  (cost=0.43..8.45 rows=1 width=121)
	  Index Cond: (id = 4878992)

table 7 : explain SELECT c FROM sbtest7 WHERE id=8272760
	Index Scan using sbtest7_pkey on sbtest7  (cost=0.43..8.45 rows=1 width=121)
	  Index Cond: (id = 8272760)

table 8 : explain SELECT c FROM sbtest8 WHERE id=8988770
	Index Scan using sbtest8_pkey on sbtest8  (cost=0.43..8.45 rows=1 width=121)
	  Index Cond: (id = 8988770)


for point_selects
table 1 : explain SELECT c FROM sbtest1 WHERE id=6156445
	Index Scan using sbtest1_pkey on sbtest1  (cost=0.43..8.45 rows=1 width=121)
	  Index Cond: (id = 6156445)

table 2 : explain SELECT c FROM sbtest2 WHERE id=2896833
	Index Scan using sbtest2_pkey on sbtest2  (cost=0.43..8.45 rows=1 width=121)
	  Index Cond: (id = 2896833)

table 3 : explain SELECT c FROM sbtest3 WHERE id=215950
	Index Scan using sbtest3_pkey on sbtest3  (cost=0.43..8.45 rows=1 width=121)
	  Index Cond: (id = 215950)

table 4 : explain SELECT c FROM sbtest4 WHERE id=2860629
	Index Scan using sbtest4_pkey on sbtest4  (cost=0.43..8.45 rows=1 width=121)
	  Index Cond: (id = 2860629)

table 5 : explain SELECT c FROM sbtest5 WHERE id=4121961
	Index Scan using sbtest5_pkey on sbtest5  (cost=0.43..8.45 rows=1 width=121)
	  Index Cond: (id = 4121961)

table 6 : explain SELECT c FROM sbtest6 WHERE id=8321822
	Index Scan using sbtest6_pkey on sbtest6  (cost=0.43..8.45 rows=1 width=121)
	  Index Cond: (id = 8321822)

table 7 : explain SELECT c FROM sbtest7 WHERE id=1804745
	Index Scan using sbtest7_pkey on sbtest7  (cost=0.43..8.45 rows=1 width=121)
	  Index Cond: (id = 1804745)

table 8 : explain SELECT c FROM sbtest8 WHERE id=4903844
	Index Scan using sbtest8_pkey on sbtest8  (cost=0.43..8.45 rows=1 width=121)
	  Index Cond: (id = 4903844)

explain: for point_selects :: explain SELECT c FROM sbtest%u WHERE id=%u
explain: for point_selects :: explain SELECT c FROM sbtest%u WHERE id=%u
for point_selects
table 1 : explain SELECT c FROM sbtest1 WHERE id=8818399
	Index Scan using sbtest1_pkey on sbtest1  (cost=0.43..8.45 rows=1 width=121)
	  Index Cond: (id = 8818399)

table 2 : explain SELECT c FROM sbtest2 WHERE id=3533747
	Index Scan using sbtest2_pkey on sbtest2  (cost=0.43..8.45 rows=1 width=121)
	  Index Cond: (id = 3533747)

table 3 : explain SELECT c FROM sbtest3 WHERE id=8548932
	Index Scan using sbtest3_pkey on sbtest3  (cost=0.43..8.45 rows=1 width=121)
	  Index Cond: (id = 8548932)

table 4 : explain SELECT c FROM sbtest4 WHERE id=4219985
	Index Scan using sbtest4_pkey on sbtest4  (cost=0.43..8.45 rows=1 width=121)
	  Index Cond: (id = 4219985)

table 5 : explain SELECT c FROM sbtest5 WHERE id=8162889
	Index Scan using sbtest5_pkey on sbtest5  (cost=0.43..8.45 rows=1 width=121)
	  Index Cond: (id = 8162889)

table 6 : explain SELECT c FROM sbtest6 WHERE id=8569092
	Index Scan using sbtest6_pkey on sbtest6  (cost=0.43..8.45 rows=1 width=121)
	  Index Cond: (id = 8569092)

table 7 : explain SELECT c FROM sbtest7 WHERE id=9170664
	Index Scan using sbtest7_pkey on sbtest7  (cost=0.43..8.45 rows=1 width=121)
	  Index Cond: (id = 9170664)

table 8 : explain SELECT c FROM sbtest8 WHERE id=4320998
	Index Scan using sbtest8_pkey on sbtest8  (cost=0.43..8.45 rows=1 width=121)
	  Index Cond: (id = 4320998)

for point_selects
table 1 : explain SELECT c FROM sbtest1 WHERE id=5197676
	Index Scan using sbtest1_pkey on sbtest1  (cost=0.43..8.45 rows=1 width=121)
	  Index Cond: (id = 5197676)

table 2 : explain SELECT c FROM sbtest2 WHERE id=4400264
	Index Scan using sbtest2_pkey on sbtest2  (cost=0.43..8.45 rows=1 width=121)
	  Index Cond: (id = 4400264)

table 3 : explain SELECT c FROM sbtest3 WHERE id=3231393
	Index Scan using sbtest3_pkey on sbtest3  (cost=0.43..8.45 rows=1 width=121)
	  Index Cond: (id = 3231393)

table 4 : explain SELECT c FROM sbtest4 WHERE id=8608159
	Index Scan using sbtest4_pkey on sbtest4  (cost=0.43..8.45 rows=1 width=121)
	  Index Cond: (id = 8608159)

table 5 : explain SELECT c FROM sbtest5 WHERE id=6461184
	Index Scan using sbtest5_pkey on sbtest5  (cost=0.43..8.45 rows=1 width=121)
	  Index Cond: (id = 6461184)

table 6 : explain SELECT c FROM sbtest6 WHERE id=5960457
	Index Scan using sbtest6_pkey on sbtest6  (cost=0.43..8.45 rows=1 width=121)
	  Index Cond: (id = 5960457)

table 7 : explain SELECT c FROM sbtest7 WHERE id=3513177
	Index Scan using sbtest7_pkey on sbtest7  (cost=0.43..8.45 rows=1 width=121)
	  Index Cond: (id = 3513177)

table 8 : explain SELECT c FROM sbtest8 WHERE id=5420239
	Index Scan using sbtest8_pkey on sbtest8  (cost=0.43..8.45 rows=1 width=121)
	  Index Cond: (id = 5420239)

explain: for point_selects :: explain SELECT c FROM sbtest%u WHERE id=%u
for point_selects
table 1 : explain SELECT c FROM sbtest1 WHERE id=2329920
	Index Scan using sbtest1_pkey on sbtest1  (cost=0.43..8.45 rows=1 width=121)
	  Index Cond: (id = 2329920)

table 2 : explain SELECT c FROM sbtest2 WHERE id=8999456
	Index Scan using sbtest2_pkey on sbtest2  (cost=0.43..8.45 rows=1 width=121)
	  Index Cond: (id = 8999456)

table 3 : explain SELECT c FROM sbtest3 WHERE id=9681812
	Index Scan using sbtest3_pkey on sbtest3  (cost=0.43..8.45 rows=1 width=121)
	  Index Cond: (id = 9681812)

table 4 : explain SELECT c FROM sbtest4 WHERE id=267832
	Index Scan using sbtest4_pkey on sbtest4  (cost=0.43..8.45 rows=1 width=121)
	  Index Cond: (id = 267832)

table 5 : explain SELECT c FROM sbtest5 WHERE id=6994927
	Index Scan using sbtest5_pkey on sbtest5  (cost=0.43..8.45 rows=1 width=121)
	  Index Cond: (id = 6994927)

table 6 : explain SELECT c FROM sbtest6 WHERE id=3510251
	Index Scan using sbtest6_pkey on sbtest6  (cost=0.43..8.45 rows=1 width=121)
	  Index Cond: (id = 3510251)

table 7 : explain SELECT c FROM sbtest7 WHERE id=1581547
	Index Scan using sbtest7_pkey on sbtest7  (cost=0.43..8.45 rows=1 width=121)
	  Index Cond: (id = 1581547)

table 8 : explain SELECT c FROM sbtest8 WHERE id=8843272
	Index Scan using sbtest8_pkey on sbtest8  (cost=0.43..8.45 rows=1 width=121)
	  Index Cond: (id = 8843272)

explain: for point_selects :: explain SELECT c FROM sbtest%u WHERE id=%u
for point_selects
table 1 : explain SELECT c FROM sbtest1 WHERE id=151840
	Index Scan using sbtest1_pkey on sbtest1  (cost=0.43..8.45 rows=1 width=121)
	  Index Cond: (id = 151840)

table 2 : explain SELECT c FROM sbtest2 WHERE id=4812017
	Index Scan using sbtest2_pkey on sbtest2  (cost=0.43..8.45 rows=1 width=121)
	  Index Cond: (id = 4812017)

table 3 : explain SELECT c FROM sbtest3 WHERE id=6644468
	Index Scan using sbtest3_pkey on sbtest3  (cost=0.43..8.45 rows=1 width=121)
	  Index Cond: (id = 6644468)

table 4 : explain SELECT c FROM sbtest4 WHERE id=1483518
	Index Scan using sbtest4_pkey on sbtest4  (cost=0.43..8.45 rows=1 width=121)
	  Index Cond: (id = 1483518)

table 5 : explain SELECT c FROM sbtest5 WHERE id=8591747
	Index Scan using sbtest5_pkey on sbtest5  (cost=0.43..8.45 rows=1 width=121)
	  Index Cond: (id = 8591747)

table 6 : explain SELECT c FROM sbtest6 WHERE id=6268867
	Index Scan using sbtest6_pkey on sbtest6  (cost=0.43..8.45 rows=1 width=121)
	  Index Cond: (id = 6268867)

table 7 : explain SELECT c FROM sbtest7 WHERE id=3676957
	Index Scan using sbtest7_pkey on sbtest7  (cost=0.43..8.45 rows=1 width=121)
	  Index Cond: (id = 3676957)

table 8 : explain SELECT c FROM sbtest8 WHERE id=6763898
	Index Scan using sbtest8_pkey on sbtest8  (cost=0.43..8.45 rows=1 width=121)
	  Index Cond: (id = 6763898)

for point_selects
table 1 : explain SELECT c FROM sbtest1 WHERE id=2548133
	Index Scan using sbtest1_pkey on sbtest1  (cost=0.43..8.45 rows=1 width=121)
	  Index Cond: (id = 2548133)

table 2 : explain SELECT c FROM sbtest2 WHERE id=7851827
	Index Scan using sbtest2_pkey on sbtest2  (cost=0.43..8.45 rows=1 width=121)
	  Index Cond: (id = 7851827)

table 3 : explain SELECT c FROM sbtest3 WHERE id=8054287
	Index Scan using sbtest3_pkey on sbtest3  (cost=0.43..8.45 rows=1 width=121)
	  Index Cond: (id = 8054287)

table 4 : explain SELECT c FROM sbtest4 WHERE id=9638910
	Index Scan using sbtest4_pkey on sbtest4  (cost=0.43..8.45 rows=1 width=121)
	  Index Cond: (id = 9638910)

table 5 : explain SELECT c FROM sbtest5 WHERE id=1447879
	Index Scan using sbtest5_pkey on sbtest5  (cost=0.43..8.45 rows=1 width=121)
	  Index Cond: (id = 1447879)

table 6 : explain SELECT c FROM sbtest6 WHERE id=4721721
	Index Scan using sbtest6_pkey on sbtest6  (cost=0.43..8.45 rows=1 width=121)
	  Index Cond: (id = 4721721)

table 7 : explain SELECT c FROM sbtest7 WHERE id=5270702
	Index Scan using sbtest7_pkey on sbtest7  (cost=0.43..8.45 rows=1 width=121)
	  Index Cond: (id = 5270702)

table 8 : explain SELECT c FROM sbtest8 WHERE id=3607829
	Index Scan using sbtest8_pkey on sbtest8  (cost=0.43..8.45 rows=1 width=121)
	  Index Cond: (id = 3607829)

for point_selects
table 1 : explain SELECT c FROM sbtest1 WHERE id=9464417
	Index Scan using sbtest1_pkey on sbtest1  (cost=0.43..8.45 rows=1 width=121)
	  Index Cond: (id = 9464417)

table 2 : explain SELECT c FROM sbtest2 WHERE id=9185129
	Index Scan using sbtest2_pkey on sbtest2  (cost=0.43..8.45 rows=1 width=121)
	  Index Cond: (id = 9185129)

table 3 : explain SELECT c FROM sbtest3 WHERE id=7071343
	Index Scan using sbtest3_pkey on sbtest3  (cost=0.43..8.45 rows=1 width=121)
	  Index Cond: (id = 7071343)

table 4 : explain SELECT c FROM sbtest4 WHERE id=5035370
	Index Scan using sbtest4_pkey on sbtest4  (cost=0.43..8.45 rows=1 width=121)
	  Index Cond: (id = 5035370)

table 5 : explain SELECT c FROM sbtest5 WHERE id=1589199
	Index Scan using sbtest5_pkey on sbtest5  (cost=0.43..8.45 rows=1 width=121)
	  Index Cond: (id = 1589199)

table 6 : explain SELECT c FROM sbtest6 WHERE id=1149993
	Index Scan using sbtest6_pkey on sbtest6  (cost=0.43..8.45 rows=1 width=121)
	  Index Cond: (id = 1149993)

table 7 : explain SELECT c FROM sbtest7 WHERE id=1760995
	Index Scan using sbtest7_pkey on sbtest7  (cost=0.43..8.45 rows=1 width=121)
	  Index Cond: (id = 1760995)

table 8 : explain SELECT c FROM sbtest8 WHERE id=943730
	Index Scan using sbtest8_pkey on sbtest8  (cost=0.43..8.45 rows=1 width=121)
	  Index Cond: (id = 943730)

explain: for point_selects :: explain SELECT c FROM sbtest%u WHERE id=%u
explain: for point_selects :: explain SELECT c FROM sbtest%u WHERE id=%u
for point_selects
table 1 : explain SELECT c FROM sbtest1 WHERE id=4797435
	Index Scan using sbtest1_pkey on sbtest1  (cost=0.43..8.45 rows=1 width=121)
	  Index Cond: (id = 4797435)

table 2 : explain SELECT c FROM sbtest2 WHERE id=4994177
	Index Scan using sbtest2_pkey on sbtest2  (cost=0.43..8.45 rows=1 width=121)
	  Index Cond: (id = 4994177)

table 3 : explain SELECT c FROM sbtest3 WHERE id=2038554
	Index Scan using sbtest3_pkey on sbtest3  (cost=0.43..8.45 rows=1 width=121)
	  Index Cond: (id = 2038554)

table 4 : explain SELECT c FROM sbtest4 WHERE id=3033687
	Index Scan using sbtest4_pkey on sbtest4  (cost=0.43..8.45 rows=1 width=121)
	  Index Cond: (id = 3033687)

table 5 : explain SELECT c FROM sbtest5 WHERE id=1244812
	Index Scan using sbtest5_pkey on sbtest5  (cost=0.43..8.45 rows=1 width=121)
	  Index Cond: (id = 1244812)

table 6 : explain SELECT c FROM sbtest6 WHERE id=7133505
	Index Scan using sbtest6_pkey on sbtest6  (cost=0.43..8.45 rows=1 width=121)
	  Index Cond: (id = 7133505)

table 7 : explain SELECT c FROM sbtest7 WHERE id=4605418
	Index Scan using sbtest7_pkey on sbtest7  (cost=0.43..8.45 rows=1 width=121)
	  Index Cond: (id = 4605418)

table 8 : explain SELECT c FROM sbtest8 WHERE id=1942857
	Index Scan using sbtest8_pkey on sbtest8  (cost=0.43..8.45 rows=1 width=121)
	  Index Cond: (id = 1942857)

for point_selects
table 1 : explain SELECT c FROM sbtest1 WHERE id=6695930
	Index Scan using sbtest1_pkey on sbtest1  (cost=0.43..8.45 rows=1 width=121)
	  Index Cond: (id = 6695930)

table 2 : explain SELECT c FROM sbtest2 WHERE id=4946810
	Index Scan using sbtest2_pkey on sbtest2  (cost=0.43..8.45 rows=1 width=121)
	  Index Cond: (id = 4946810)

table 3 : explain SELECT c FROM sbtest3 WHERE id=8158519
	Index Scan using sbtest3_pkey on sbtest3  (cost=0.43..8.45 rows=1 width=121)
	  Index Cond: (id = 8158519)

table 4 : explain SELECT c FROM sbtest4 WHERE id=7517665
	Index Scan using sbtest4_pkey on sbtest4  (cost=0.43..8.45 rows=1 width=121)
	  Index Cond: (id = 7517665)

table 5 : explain SELECT c FROM sbtest5 WHERE id=8496175
	Index Scan using sbtest5_pkey on sbtest5  (cost=0.43..8.45 rows=1 width=121)
	  Index Cond: (id = 8496175)

table 6 : explain SELECT c FROM sbtest6 WHERE id=796282
	Index Scan using sbtest6_pkey on sbtest6  (cost=0.43..8.45 rows=1 width=121)
	  Index Cond: (id = 796282)

table 7 : explain SELECT c FROM sbtest7 WHERE id=8439951
	Index Scan using sbtest7_pkey on sbtest7  (cost=0.43..8.45 rows=1 width=121)
	  Index Cond: (id = 8439951)

table 8 : explain SELECT c FROM sbtest8 WHERE id=4450878
	Index Scan using sbtest8_pkey on sbtest8  (cost=0.43..8.45 rows=1 width=121)
	  Index Cond: (id = 4450878)

explain: for point_selects :: explain SELECT c FROM sbtest%u WHERE id=%u
explain: for point_selects :: explain SELECT c FROM sbtest%u WHERE id=%u
for point_selects
table 1 : explain SELECT c FROM sbtest1 WHERE id=6951657
	Index Scan using sbtest1_pkey on sbtest1  (cost=0.43..8.45 rows=1 width=121)
	  Index Cond: (id = 6951657)

table 2 : explain SELECT c FROM sbtest2 WHERE id=4709698
	Index Scan using sbtest2_pkey on sbtest2  (cost=0.43..8.45 rows=1 width=121)
	  Index Cond: (id = 4709698)

table 3 : explain SELECT c FROM sbtest3 WHERE id=2784719
	Index Scan using sbtest3_pkey on sbtest3  (cost=0.43..8.45 rows=1 width=121)
	  Index Cond: (id = 2784719)

table 4 : explain SELECT c FROM sbtest4 WHERE id=3437439
	Index Scan using sbtest4_pkey on sbtest4  (cost=0.43..8.45 rows=1 width=121)
	  Index Cond: (id = 3437439)

table 5 : explain SELECT c FROM sbtest5 WHERE id=4003307
	Index Scan using sbtest5_pkey on sbtest5  (cost=0.43..8.45 rows=1 width=121)
	  Index Cond: (id = 4003307)

table 6 : explain SELECT c FROM sbtest6 WHERE id=5570213
	Index Scan using sbtest6_pkey on sbtest6  (cost=0.43..8.45 rows=1 width=121)
	  Index Cond: (id = 5570213)

table 7 : explain SELECT c FROM sbtest7 WHERE id=287792
	Index Scan using sbtest7_pkey on sbtest7  (cost=0.43..8.45 rows=1 width=121)
	  Index Cond: (id = 287792)

table 8 : explain SELECT c FROM sbtest8 WHERE id=2933144
	Index Scan using sbtest8_pkey on sbtest8  (cost=0.43..8.45 rows=1 width=121)
	  Index Cond: (id = 2933144)

explain: for point_selects :: explain SELECT c FROM sbtest%u WHERE id=%u
for point_selects
table 1 : explain SELECT c FROM sbtest1 WHERE id=758261
	Index Scan using sbtest1_pkey on sbtest1  (cost=0.43..8.45 rows=1 width=121)
	  Index Cond: (id = 758261)

table 2 : explain SELECT c FROM sbtest2 WHERE id=9871279
	Index Scan using sbtest2_pkey on sbtest2  (cost=0.43..8.45 rows=1 width=121)
	  Index Cond: (id = 9871279)

table 3 : explain SELECT c FROM sbtest3 WHERE id=4183088
	Index Scan using sbtest3_pkey on sbtest3  (cost=0.43..8.45 rows=1 width=121)
	  Index Cond: (id = 4183088)

table 4 : explain SELECT c FROM sbtest4 WHERE id=6101796
	Index Scan using sbtest4_pkey on sbtest4  (cost=0.43..8.45 rows=1 width=121)
	  Index Cond: (id = 6101796)

table 5 : explain SELECT c FROM sbtest5 WHERE id=7497899
	Index Scan using sbtest5_pkey on sbtest5  (cost=0.43..8.45 rows=1 width=121)
	  Index Cond: (id = 7497899)

table 6 : explain SELECT c FROM sbtest6 WHERE id=1126083
	Index Scan using sbtest6_pkey on sbtest6  (cost=0.43..8.45 rows=1 width=121)
	  Index Cond: (id = 1126083)

table 7 : explain SELECT c FROM sbtest7 WHERE id=7883472
	Index Scan using sbtest7_pkey on sbtest7  (cost=0.43..8.45 rows=1 width=121)
	  Index Cond: (id = 7883472)

table 8 : explain SELECT c FROM sbtest8 WHERE id=6339832
	Index Scan using sbtest8_pkey on sbtest8  (cost=0.43..8.45 rows=1 width=121)
	  Index Cond: (id = 6339832)

explain: for point_selects :: explain SELECT c FROM sbtest%u WHERE id=%u
for point_selects
table 1 : explain SELECT c FROM sbtest1 WHERE id=7214095
	Index Scan using sbtest1_pkey on sbtest1  (cost=0.43..8.45 rows=1 width=121)
	  Index Cond: (id = 7214095)

table 2 : explain SELECT c FROM sbtest2 WHERE id=8935813
	Index Scan using sbtest2_pkey on sbtest2  (cost=0.43..8.45 rows=1 width=121)
	  Index Cond: (id = 8935813)

table 3 : explain SELECT c FROM sbtest3 WHERE id=9086826
	Index Scan using sbtest3_pkey on sbtest3  (cost=0.43..8.45 rows=1 width=121)
	  Index Cond: (id = 9086826)

table 4 : explain SELECT c FROM sbtest4 WHERE id=3144622
	Index Scan using sbtest4_pkey on sbtest4  (cost=0.43..8.45 rows=1 width=121)
	  Index Cond: (id = 3144622)

table 5 : explain SELECT c FROM sbtest5 WHERE id=4946204
	Index Scan using sbtest5_pkey on sbtest5  (cost=0.43..8.45 rows=1 width=121)
	  Index Cond: (id = 4946204)

table 6 : explain SELECT c FROM sbtest6 WHERE id=9891369
	Index Scan using sbtest6_pkey on sbtest6  (cost=0.43..8.45 rows=1 width=121)
	  Index Cond: (id = 9891369)

table 7 : explain SELECT c FROM sbtest7 WHERE id=4492395
	Index Scan using sbtest7_pkey on sbtest7  (cost=0.43..8.45 rows=1 width=121)
	  Index Cond: (id = 4492395)

table 8 : explain SELECT c FROM sbtest8 WHERE id=7886890
	Index Scan using sbtest8_pkey on sbtest8  (cost=0.43..8.45 rows=1 width=121)
	  Index Cond: (id = 7886890)

explain: for point_selects :: explain SELECT c FROM sbtest%u WHERE id=%u
for point_selects
table 1 : explain SELECT c FROM sbtest1 WHERE id=7137756
	Index Scan using sbtest1_pkey on sbtest1  (cost=0.43..8.45 rows=1 width=121)
	  Index Cond: (id = 7137756)

table 2 : explain SELECT c FROM sbtest2 WHERE id=4316571
	Index Scan using sbtest2_pkey on sbtest2  (cost=0.43..8.45 rows=1 width=121)
	  Index Cond: (id = 4316571)

table 3 : explain SELECT c FROM sbtest3 WHERE id=2406387
	Index Scan using sbtest3_pkey on sbtest3  (cost=0.43..8.45 rows=1 width=121)
	  Index Cond: (id = 2406387)

table 4 : explain SELECT c FROM sbtest4 WHERE id=4802901
	Index Scan using sbtest4_pkey on sbtest4  (cost=0.43..8.45 rows=1 width=121)
	  Index Cond: (id = 4802901)

table 5 : explain SELECT c FROM sbtest5 WHERE id=8062535
	Index Scan using sbtest5_pkey on sbtest5  (cost=0.43..8.45 rows=1 width=121)
	  Index Cond: (id = 8062535)

table 6 : explain SELECT c FROM sbtest6 WHERE id=4500462
	Index Scan using sbtest6_pkey on sbtest6  (cost=0.43..8.45 rows=1 width=121)
	  Index Cond: (id = 4500462)

table 7 : explain SELECT c FROM sbtest7 WHERE id=8393041
	Index Scan using sbtest7_pkey on sbtest7  (cost=0.43..8.45 rows=1 width=121)
	  Index Cond: (id = 8393041)

table 8 : explain SELECT c FROM sbtest8 WHERE id=5125532
	Index Scan using sbtest8_pkey on sbtest8  (cost=0.43..8.45 rows=1 width=121)
	  Index Cond: (id = 5125532)

for point_selects
table 1 : explain SELECT c FROM sbtest1 WHERE id=1141218
	Index Scan using sbtest1_pkey on sbtest1  (cost=0.43..8.45 rows=1 width=121)
	  Index Cond: (id = 1141218)

table 2 : explain SELECT c FROM sbtest2 WHERE id=2555754
	Index Scan using sbtest2_pkey on sbtest2  (cost=0.43..8.45 rows=1 width=121)
	  Index Cond: (id = 2555754)

table 3 : explain SELECT c FROM sbtest3 WHERE id=1142618
	Index Scan using sbtest3_pkey on sbtest3  (cost=0.43..8.45 rows=1 width=121)
	  Index Cond: (id = 1142618)

table 4 : explain SELECT c FROM sbtest4 WHERE id=1613912
	Index Scan using sbtest4_pkey on sbtest4  (cost=0.43..8.45 rows=1 width=121)
	  Index Cond: (id = 1613912)

table 5 : explain SELECT c FROM sbtest5 WHERE id=8088428
	Index Scan using sbtest5_pkey on sbtest5  (cost=0.43..8.45 rows=1 width=121)
	  Index Cond: (id = 8088428)

table 6 : explain SELECT c FROM sbtest6 WHERE id=8430455
	Index Scan using sbtest6_pkey on sbtest6  (cost=0.43..8.45 rows=1 width=121)
	  Index Cond: (id = 8430455)

table 7 : explain SELECT c FROM sbtest7 WHERE id=4115929
	Index Scan using sbtest7_pkey on sbtest7  (cost=0.43..8.45 rows=1 width=121)
	  Index Cond: (id = 4115929)

table 8 : explain SELECT c FROM sbtest8 WHERE id=6590192
	Index Scan using sbtest8_pkey on sbtest8  (cost=0.43..8.45 rows=1 width=121)
	  Index Cond: (id = 6590192)

explain: for point_selects :: explain SELECT c FROM sbtest%u WHERE id=%u
for point_selects
table 1 : explain SELECT c FROM sbtest1 WHERE id=9180361
	Index Scan using sbtest1_pkey on sbtest1  (cost=0.43..8.45 rows=1 width=121)
	  Index Cond: (id = 9180361)

table 2 : explain SELECT c FROM sbtest2 WHERE id=4116704
	Index Scan using sbtest2_pkey on sbtest2  (cost=0.43..8.45 rows=1 width=121)
	  Index Cond: (id = 4116704)

table 3 : explain SELECT c FROM sbtest3 WHERE id=3378940
	Index Scan using sbtest3_pkey on sbtest3  (cost=0.43..8.45 rows=1 width=121)
	  Index Cond: (id = 3378940)

table 4 : explain SELECT c FROM sbtest4 WHERE id=6695953
	Index Scan using sbtest4_pkey on sbtest4  (cost=0.43..8.45 rows=1 width=121)
	  Index Cond: (id = 6695953)

table 5 : explain SELECT c FROM sbtest5 WHERE id=9086544
	Index Scan using sbtest5_pkey on sbtest5  (cost=0.43..8.45 rows=1 width=121)
	  Index Cond: (id = 9086544)

table 6 : explain SELECT c FROM sbtest6 WHERE id=5178311
	Index Scan using sbtest6_pkey on sbtest6  (cost=0.43..8.45 rows=1 width=121)
	  Index Cond: (id = 5178311)

table 7 : explain SELECT c FROM sbtest7 WHERE id=3488478
	Index Scan using sbtest7_pkey on sbtest7  (cost=0.43..8.45 rows=1 width=121)
	  Index Cond: (id = 3488478)

table 8 : explain SELECT c FROM sbtest8 WHERE id=827483
	Index Scan using sbtest8_pkey on sbtest8  (cost=0.43..8.45 rows=1 width=121)
	  Index Cond: (id = 827483)

for point_selects
table 1 : explain SELECT c FROM sbtest1 WHERE id=3303351
	Index Scan using sbtest1_pkey on sbtest1  (cost=0.43..8.45 rows=1 width=121)
	  Index Cond: (id = 3303351)

table 2 : explain SELECT c FROM sbtest2 WHERE id=3176404
	Index Scan using sbtest2_pkey on sbtest2  (cost=0.43..8.45 rows=1 width=121)
	  Index Cond: (id = 3176404)

table 3 : explain SELECT c FROM sbtest3 WHERE id=358031
	Index Scan using sbtest3_pkey on sbtest3  (cost=0.43..8.45 rows=1 width=121)
	  Index Cond: (id = 358031)

table 4 : explain SELECT c FROM sbtest4 WHERE id=6148664
	Index Scan using sbtest4_pkey on sbtest4  (cost=0.43..8.45 rows=1 width=121)
	  Index Cond: (id = 6148664)

table 5 : explain SELECT c FROM sbtest5 WHERE id=3897409
	Index Scan using sbtest5_pkey on sbtest5  (cost=0.43..8.45 rows=1 width=121)
	  Index Cond: (id = 3897409)

table 6 : explain SELECT c FROM sbtest6 WHERE id=2685419
	Index Scan using sbtest6_pkey on sbtest6  (cost=0.43..8.45 rows=1 width=121)
	  Index Cond: (id = 2685419)

table 7 : explain SELECT c FROM sbtest7 WHERE id=8158558
	Index Scan using sbtest7_pkey on sbtest7  (cost=0.43..8.45 rows=1 width=121)
	  Index Cond: (id = 8158558)

table 8 : explain SELECT c FROM sbtest8 WHERE id=6470563
	Index Scan using sbtest8_pkey on sbtest8  (cost=0.43..8.45 rows=1 width=121)
	  Index Cond: (id = 6470563)

explain: for point_selects :: explain SELECT c FROM sbtest%u WHERE id=%u
for point_selects
table 1 : explain SELECT c FROM sbtest1 WHERE id=4751896
	Index Scan using sbtest1_pkey on sbtest1  (cost=0.43..8.45 rows=1 width=121)
	  Index Cond: (id = 4751896)

table 2 : explain SELECT c FROM sbtest2 WHERE id=240910
	Index Scan using sbtest2_pkey on sbtest2  (cost=0.43..8.45 rows=1 width=121)
	  Index Cond: (id = 240910)

table 3 : explain SELECT c FROM sbtest3 WHERE id=1476677
	Index Scan using sbtest3_pkey on sbtest3  (cost=0.43..8.45 rows=1 width=121)
	  Index Cond: (id = 1476677)

table 4 : explain SELECT c FROM sbtest4 WHERE id=3639404
	Index Scan using sbtest4_pkey on sbtest4  (cost=0.43..8.45 rows=1 width=121)
	  Index Cond: (id = 3639404)

table 5 : explain SELECT c FROM sbtest5 WHERE id=6407654
	Index Scan using sbtest5_pkey on sbtest5  (cost=0.43..8.45 rows=1 width=121)
	  Index Cond: (id = 6407654)

table 6 : explain SELECT c FROM sbtest6 WHERE id=1473702
	Index Scan using sbtest6_pkey on sbtest6  (cost=0.43..8.45 rows=1 width=121)
	  Index Cond: (id = 1473702)

table 7 : explain SELECT c FROM sbtest7 WHERE id=1615863
	Index Scan using sbtest7_pkey on sbtest7  (cost=0.43..8.45 rows=1 width=121)
	  Index Cond: (id = 1615863)

table 8 : explain SELECT c FROM sbtest8 WHERE id=2405720
	Index Scan using sbtest8_pkey on sbtest8  (cost=0.43..8.45 rows=1 width=121)
	  Index Cond: (id = 2405720)

for point_selects
table 1 : explain SELECT c FROM sbtest1 WHERE id=5265807
	Index Scan using sbtest1_pkey on sbtest1  (cost=0.43..8.45 rows=1 width=121)
	  Index Cond: (id = 5265807)

table 2 : explain SELECT c FROM sbtest2 WHERE id=5082110
	Index Scan using sbtest2_pkey on sbtest2  (cost=0.43..8.45 rows=1 width=121)
	  Index Cond: (id = 5082110)

table 3 : explain SELECT c FROM sbtest3 WHERE id=7818196
	Index Scan using sbtest3_pkey on sbtest3  (cost=0.43..8.45 rows=1 width=121)
	  Index Cond: (id = 7818196)

table 4 : explain SELECT c FROM sbtest4 WHERE id=2049272
	Index Scan using sbtest4_pkey on sbtest4  (cost=0.43..8.45 rows=1 width=121)
	  Index Cond: (id = 2049272)

table 5 : explain SELECT c FROM sbtest5 WHERE id=21962
	Index Scan using sbtest5_pkey on sbtest5  (cost=0.43..8.45 rows=1 width=121)
	  Index Cond: (id = 21962)

table 6 : explain SELECT c FROM sbtest6 WHERE id=486032
	Index Scan using sbtest6_pkey on sbtest6  (cost=0.43..8.45 rows=1 width=121)
	  Index Cond: (id = 486032)

table 7 : explain SELECT c FROM sbtest7 WHERE id=705437
	Index Scan using sbtest7_pkey on sbtest7  (cost=0.43..8.45 rows=1 width=121)
	  Index Cond: (id = 705437)

table 8 : explain SELECT c FROM sbtest8 WHERE id=3849528
	Index Scan using sbtest8_pkey on sbtest8  (cost=0.43..8.45 rows=1 width=121)
	  Index Cond: (id = 3849528)

for point_selects
table 1 : explain SELECT c FROM sbtest1 WHERE id=5813552
	Index Scan using sbtest1_pkey on sbtest1  (cost=0.43..8.45 rows=1 width=121)
	  Index Cond: (id = 5813552)

table 2 : explain SELECT c FROM sbtest2 WHERE id=7806718
	Index Scan using sbtest2_pkey on sbtest2  (cost=0.43..8.45 rows=1 width=121)
	  Index Cond: (id = 7806718)

table 3 : explain SELECT c FROM sbtest3 WHERE id=3567416
	Index Scan using sbtest3_pkey on sbtest3  (cost=0.43..8.45 rows=1 width=121)
	  Index Cond: (id = 3567416)

table 4 : explain SELECT c FROM sbtest4 WHERE id=7913393
	Index Scan using sbtest4_pkey on sbtest4  (cost=0.43..8.45 rows=1 width=121)
	  Index Cond: (id = 7913393)

table 5 : explain SELECT c FROM sbtest5 WHERE id=25106
	Index Scan using sbtest5_pkey on sbtest5  (cost=0.43..8.45 rows=1 width=121)
	  Index Cond: (id = 25106)

table 6 : explain SELECT c FROM sbtest6 WHERE id=5845751
	Index Scan using sbtest6_pkey on sbtest6  (cost=0.43..8.45 rows=1 width=121)
	  Index Cond: (id = 5845751)

table 7 : explain SELECT c FROM sbtest7 WHERE id=2036069
	Index Scan using sbtest7_pkey on sbtest7  (cost=0.43..8.45 rows=1 width=121)
	  Index Cond: (id = 2036069)

table 8 : explain SELECT c FROM sbtest8 WHERE id=4728278
	Index Scan using sbtest8_pkey on sbtest8  (cost=0.43..8.45 rows=1 width=121)
	  Index Cond: (id = 4728278)

for point_selects
table 1 : explain SELECT c FROM sbtest1 WHERE id=6460673
	Index Scan using sbtest1_pkey on sbtest1  (cost=0.43..8.45 rows=1 width=121)
	  Index Cond: (id = 6460673)

table 2 : explain SELECT c FROM sbtest2 WHERE id=2063957
	Index Scan using sbtest2_pkey on sbtest2  (cost=0.43..8.45 rows=1 width=121)
	  Index Cond: (id = 2063957)

table 3 : explain SELECT c FROM sbtest3 WHERE id=8060035
	Index Scan using sbtest3_pkey on sbtest3  (cost=0.43..8.45 rows=1 width=121)
	  Index Cond: (id = 8060035)

table 4 : explain SELECT c FROM sbtest4 WHERE id=18369
	Index Scan using sbtest4_pkey on sbtest4  (cost=0.43..8.45 rows=1 width=121)
	  Index Cond: (id = 18369)

table 5 : explain SELECT c FROM sbtest5 WHERE id=7219659
	Index Scan using sbtest5_pkey on sbtest5  (cost=0.43..8.45 rows=1 width=121)
	  Index Cond: (id = 7219659)

table 6 : explain SELECT c FROM sbtest6 WHERE id=6725368
	Index Scan using sbtest6_pkey on sbtest6  (cost=0.43..8.45 rows=1 width=121)
	  Index Cond: (id = 6725368)

table 7 : explain SELECT c FROM sbtest7 WHERE id=8609908
	Index Scan using sbtest7_pkey on sbtest7  (cost=0.43..8.45 rows=1 width=121)
	  Index Cond: (id = 8609908)

table 8 : explain SELECT c FROM sbtest8 WHERE id=5723852
	Index Scan using sbtest8_pkey on sbtest8  (cost=0.43..8.45 rows=1 width=121)
	  Index Cond: (id = 5723852)

for point_selects
table 1 : explain SELECT c FROM sbtest1 WHERE id=3814577
	Index Scan using sbtest1_pkey on sbtest1  (cost=0.43..8.45 rows=1 width=121)
	  Index Cond: (id = 3814577)

table 2 : explain SELECT c FROM sbtest2 WHERE id=447965
	Index Scan using sbtest2_pkey on sbtest2  (cost=0.43..8.45 rows=1 width=121)
	  Index Cond: (id = 447965)

table 3 : explain SELECT c FROM sbtest3 WHERE id=3790034
	Index Scan using sbtest3_pkey on sbtest3  (cost=0.43..8.45 rows=1 width=121)
	  Index Cond: (id = 3790034)

table 4 : explain SELECT c FROM sbtest4 WHERE id=2663595
	Index Scan using sbtest4_pkey on sbtest4  (cost=0.43..8.45 rows=1 width=121)
	  Index Cond: (id = 2663595)

table 5 : explain SELECT c FROM sbtest5 WHERE id=1144377
	Index Scan using sbtest5_pkey on sbtest5  (cost=0.43..8.45 rows=1 width=121)
	  Index Cond: (id = 1144377)

table 6 : explain SELECT c FROM sbtest6 WHERE id=6922677
	Index Scan using sbtest6_pkey on sbtest6  (cost=0.43..8.45 rows=1 width=121)
	  Index Cond: (id = 6922677)

table 7 : explain SELECT c FROM sbtest7 WHERE id=3286261
	Index Scan using sbtest7_pkey on sbtest7  (cost=0.43..8.45 rows=1 width=121)
	  Index Cond: (id = 3286261)

table 8 : explain SELECT c FROM sbtest8 WHERE id=6233021
	Index Scan using sbtest8_pkey on sbtest8  (cost=0.43..8.45 rows=1 width=121)
	  Index Cond: (id = 6233021)

for point_selects
table 1 : explain SELECT c FROM sbtest1 WHERE id=6460126
	Index Scan using sbtest1_pkey on sbtest1  (cost=0.43..8.45 rows=1 width=121)
	  Index Cond: (id = 6460126)

table 2 : explain SELECT c FROM sbtest2 WHERE id=6441305
	Index Scan using sbtest2_pkey on sbtest2  (cost=0.43..8.45 rows=1 width=121)
	  Index Cond: (id = 6441305)

table 3 : explain SELECT c FROM sbtest3 WHERE id=9884496
	Index Scan using sbtest3_pkey on sbtest3  (cost=0.43..8.45 rows=1 width=121)
	  Index Cond: (id = 9884496)

table 4 : explain SELECT c FROM sbtest4 WHERE id=1702274
	Index Scan using sbtest4_pkey on sbtest4  (cost=0.43..8.45 rows=1 width=121)
	  Index Cond: (id = 1702274)

table 5 : explain SELECT c FROM sbtest5 WHERE id=7822396
	Index Scan using sbtest5_pkey on sbtest5  (cost=0.43..8.45 rows=1 width=121)
	  Index Cond: (id = 7822396)

table 6 : explain SELECT c FROM sbtest6 WHERE id=3399641
	Index Scan using sbtest6_pkey on sbtest6  (cost=0.43..8.45 rows=1 width=121)
	  Index Cond: (id = 3399641)

table 7 : explain SELECT c FROM sbtest7 WHERE id=4531246
	Index Scan using sbtest7_pkey on sbtest7  (cost=0.43..8.45 rows=1 width=121)
	  Index Cond: (id = 4531246)

table 8 : explain SELECT c FROM sbtest8 WHERE id=3105217
	Index Scan using sbtest8_pkey on sbtest8  (cost=0.43..8.45 rows=1 width=121)
	  Index Cond: (id = 3105217)

for point_selects
table 1 : explain SELECT c FROM sbtest1 WHERE id=170725
	Index Scan using sbtest1_pkey on sbtest1  (cost=0.43..8.45 rows=1 width=121)
	  Index Cond: (id = 170725)

table 2 : explain SELECT c FROM sbtest2 WHERE id=618809
	Index Scan using sbtest2_pkey on sbtest2  (cost=0.43..8.45 rows=1 width=121)
	  Index Cond: (id = 618809)

table 3 : explain SELECT c FROM sbtest3 WHERE id=6944936
	Index Scan using sbtest3_pkey on sbtest3  (cost=0.43..8.45 rows=1 width=121)
	  Index Cond: (id = 6944936)

table 4 : explain SELECT c FROM sbtest4 WHERE id=8185055
	Index Scan using sbtest4_pkey on sbtest4  (cost=0.43..8.45 rows=1 width=121)
	  Index Cond: (id = 8185055)

table 5 : explain SELECT c FROM sbtest5 WHERE id=6101839
	Index Scan using sbtest5_pkey on sbtest5  (cost=0.43..8.45 rows=1 width=121)
	  Index Cond: (id = 6101839)

table 6 : explain SELECT c FROM sbtest6 WHERE id=3306872
	Index Scan using sbtest6_pkey on sbtest6  (cost=0.43..8.45 rows=1 width=121)
	  Index Cond: (id = 3306872)

table 7 : explain SELECT c FROM sbtest7 WHERE id=7438173
	Index Scan using sbtest7_pkey on sbtest7  (cost=0.43..8.45 rows=1 width=121)
	  Index Cond: (id = 7438173)

table 8 : explain SELECT c FROM sbtest8 WHERE id=4667723
	Index Scan using sbtest8_pkey on sbtest8  (cost=0.43..8.45 rows=1 width=121)
	  Index Cond: (id = 4667723)

for point_selects
table 1 : explain SELECT c FROM sbtest1 WHERE id=2825133
	Index Scan using sbtest1_pkey on sbtest1  (cost=0.43..8.45 rows=1 width=121)
	  Index Cond: (id = 2825133)

table 2 : explain SELECT c FROM sbtest2 WHERE id=9939164
	Index Scan using sbtest2_pkey on sbtest2  (cost=0.43..8.45 rows=1 width=121)
	  Index Cond: (id = 9939164)

table 3 : explain SELECT c FROM sbtest3 WHERE id=3555708
	Index Scan using sbtest3_pkey on sbtest3  (cost=0.43..8.45 rows=1 width=121)
	  Index Cond: (id = 3555708)

table 4 : explain SELECT c FROM sbtest4 WHERE id=8498058
	Index Scan using sbtest4_pkey on sbtest4  (cost=0.43..8.45 rows=1 width=121)
	  Index Cond: (id = 8498058)

table 5 : explain SELECT c FROM sbtest5 WHERE id=2237851
	Index Scan using sbtest5_pkey on sbtest5  (cost=0.43..8.45 rows=1 width=121)
	  Index Cond: (id = 2237851)

table 6 : explain SELECT c FROM sbtest6 WHERE id=8838136
	Index Scan using sbtest6_pkey on sbtest6  (cost=0.43..8.45 rows=1 width=121)
	  Index Cond: (id = 8838136)

table 7 : explain SELECT c FROM sbtest7 WHERE id=6197666
	Index Scan using sbtest7_pkey on sbtest7  (cost=0.43..8.45 rows=1 width=121)
	  Index Cond: (id = 6197666)

table 8 : explain SELECT c FROM sbtest8 WHERE id=4183554
	Index Scan using sbtest8_pkey on sbtest8  (cost=0.43..8.45 rows=1 width=121)
	  Index Cond: (id = 4183554)

for point_selects
table 1 : explain SELECT c FROM sbtest1 WHERE id=581865
	Index Scan using sbtest1_pkey on sbtest1  (cost=0.43..8.45 rows=1 width=121)
	  Index Cond: (id = 581865)

table 2 : explain SELECT c FROM sbtest2 WHERE id=3205100
	Index Scan using sbtest2_pkey on sbtest2  (cost=0.43..8.45 rows=1 width=121)
	  Index Cond: (id = 3205100)

table 3 : explain SELECT c FROM sbtest3 WHERE id=674417
	Index Scan using sbtest3_pkey on sbtest3  (cost=0.43..8.45 rows=1 width=121)
	  Index Cond: (id = 674417)

table 4 : explain SELECT c FROM sbtest4 WHERE id=1197677
	Index Scan using sbtest4_pkey on sbtest4  (cost=0.43..8.45 rows=1 width=121)
	  Index Cond: (id = 1197677)

table 5 : explain SELECT c FROM sbtest5 WHERE id=462435
	Index Scan using sbtest5_pkey on sbtest5  (cost=0.43..8.45 rows=1 width=121)
	  Index Cond: (id = 462435)

table 6 : explain SELECT c FROM sbtest6 WHERE id=8404930
	Index Scan using sbtest6_pkey on sbtest6  (cost=0.43..8.45 rows=1 width=121)
	  Index Cond: (id = 8404930)

table 7 : explain SELECT c FROM sbtest7 WHERE id=6010275
	Index Scan using sbtest7_pkey on sbtest7  (cost=0.43..8.45 rows=1 width=121)
	  Index Cond: (id = 6010275)

table 8 : explain SELECT c FROM sbtest8 WHERE id=2630586
	Index Scan using sbtest8_pkey on sbtest8  (cost=0.43..8.45 rows=1 width=121)
	  Index Cond: (id = 2630586)

for point_selects
table 1 : explain SELECT c FROM sbtest1 WHERE id=3335272
	Index Scan using sbtest1_pkey on sbtest1  (cost=0.43..8.45 rows=1 width=121)
	  Index Cond: (id = 3335272)

table 2 : explain SELECT c FROM sbtest2 WHERE id=5989050
	Index Scan using sbtest2_pkey on sbtest2  (cost=0.43..8.45 rows=1 width=121)
	  Index Cond: (id = 5989050)

table 3 : explain SELECT c FROM sbtest3 WHERE id=3219932
	Index Scan using sbtest3_pkey on sbtest3  (cost=0.43..8.45 rows=1 width=121)
	  Index Cond: (id = 3219932)

table 4 : explain SELECT c FROM sbtest4 WHERE id=6466351
	Index Scan using sbtest4_pkey on sbtest4  (cost=0.43..8.45 rows=1 width=121)
	  Index Cond: (id = 6466351)

table 5 : explain SELECT c FROM sbtest5 WHERE id=8049166
	Index Scan using sbtest5_pkey on sbtest5  (cost=0.43..8.45 rows=1 width=121)
	  Index Cond: (id = 8049166)

table 6 : explain SELECT c FROM sbtest6 WHERE id=1286455
	Index Scan using sbtest6_pkey on sbtest6  (cost=0.43..8.45 rows=1 width=121)
	  Index Cond: (id = 1286455)

table 7 : explain SELECT c FROM sbtest7 WHERE id=1940907
	Index Scan using sbtest7_pkey on sbtest7  (cost=0.43..8.45 rows=1 width=121)
	  Index Cond: (id = 1940907)

table 8 : explain SELECT c FROM sbtest8 WHERE id=3328423
	Index Scan using sbtest8_pkey on sbtest8  (cost=0.43..8.45 rows=1 width=121)
	  Index Cond: (id = 3328423)

for point_selects
table 1 : explain SELECT c FROM sbtest1 WHERE id=6036848
	Index Scan using sbtest1_pkey on sbtest1  (cost=0.43..8.45 rows=1 width=121)
	  Index Cond: (id = 6036848)

table 2 : explain SELECT c FROM sbtest2 WHERE id=9189867
	Index Scan using sbtest2_pkey on sbtest2  (cost=0.43..8.45 rows=1 width=121)
	  Index Cond: (id = 9189867)

table 3 : explain SELECT c FROM sbtest3 WHERE id=435643
	Index Scan using sbtest3_pkey on sbtest3  (cost=0.43..8.45 rows=1 width=121)
	  Index Cond: (id = 435643)

table 4 : explain SELECT c FROM sbtest4 WHERE id=5788287
	Index Scan using sbtest4_pkey on sbtest4  (cost=0.43..8.45 rows=1 width=121)
	  Index Cond: (id = 5788287)

table 5 : explain SELECT c FROM sbtest5 WHERE id=9852458
	Index Scan using sbtest5_pkey on sbtest5  (cost=0.43..8.45 rows=1 width=121)
	  Index Cond: (id = 9852458)

table 6 : explain SELECT c FROM sbtest6 WHERE id=4310006
	Index Scan using sbtest6_pkey on sbtest6  (cost=0.43..8.45 rows=1 width=121)
	  Index Cond: (id = 4310006)

table 7 : explain SELECT c FROM sbtest7 WHERE id=5256439
	Index Scan using sbtest7_pkey on sbtest7  (cost=0.43..8.45 rows=1 width=121)
	  Index Cond: (id = 5256439)

table 8 : explain SELECT c FROM sbtest8 WHERE id=7894892
	Index Scan using sbtest8_pkey on sbtest8  (cost=0.43..8.45 rows=1 width=121)
	  Index Cond: (id = 7894892)

for point_selects
table 1 : explain SELECT c FROM sbtest1 WHERE id=2778564
	Index Scan using sbtest1_pkey on sbtest1  (cost=0.43..8.45 rows=1 width=121)
	  Index Cond: (id = 2778564)

table 2 : explain SELECT c FROM sbtest2 WHERE id=5289873
	Index Scan using sbtest2_pkey on sbtest2  (cost=0.43..8.45 rows=1 width=121)
	  Index Cond: (id = 5289873)

table 3 : explain SELECT c FROM sbtest3 WHERE id=7206954
	Index Scan using sbtest3_pkey on sbtest3  (cost=0.43..8.45 rows=1 width=121)
	  Index Cond: (id = 7206954)

table 4 : explain SELECT c FROM sbtest4 WHERE id=537583
	Index Scan using sbtest4_pkey on sbtest4  (cost=0.43..8.45 rows=1 width=121)
	  Index Cond: (id = 537583)

table 5 : explain SELECT c FROM sbtest5 WHERE id=6360913
	Index Scan using sbtest5_pkey on sbtest5  (cost=0.43..8.45 rows=1 width=121)
	  Index Cond: (id = 6360913)

table 6 : explain SELECT c FROM sbtest6 WHERE id=3060642
	Index Scan using sbtest6_pkey on sbtest6  (cost=0.43..8.45 rows=1 width=121)
	  Index Cond: (id = 3060642)

table 7 : explain SELECT c FROM sbtest7 WHERE id=8621365
	Index Scan using sbtest7_pkey on sbtest7  (cost=0.43..8.45 rows=1 width=121)
	  Index Cond: (id = 8621365)

table 8 : explain SELECT c FROM sbtest8 WHERE id=8568633
	Index Scan using sbtest8_pkey on sbtest8  (cost=0.43..8.45 rows=1 width=121)
	  Index Cond: (id = 8568633)

for point_selects
table 1 : explain SELECT c FROM sbtest1 WHERE id=8906597
	Index Scan using sbtest1_pkey on sbtest1  (cost=0.43..8.45 rows=1 width=121)
	  Index Cond: (id = 8906597)

table 2 : explain SELECT c FROM sbtest2 WHERE id=5255226
	Index Scan using sbtest2_pkey on sbtest2  (cost=0.43..8.45 rows=1 width=121)
	  Index Cond: (id = 5255226)

table 3 : explain SELECT c FROM sbtest3 WHERE id=5701477
	Index Scan using sbtest3_pkey on sbtest3  (cost=0.43..8.45 rows=1 width=121)
	  Index Cond: (id = 5701477)

table 4 : explain SELECT c FROM sbtest4 WHERE id=2104764
	Index Scan using sbtest4_pkey on sbtest4  (cost=0.43..8.45 rows=1 width=121)
	  Index Cond: (id = 2104764)

table 5 : explain SELECT c FROM sbtest5 WHERE id=921645
	Index Scan using sbtest5_pkey on sbtest5  (cost=0.43..8.45 rows=1 width=121)
	  Index Cond: (id = 921645)

table 6 : explain SELECT c FROM sbtest6 WHERE id=7866736
	Index Scan using sbtest6_pkey on sbtest6  (cost=0.43..8.45 rows=1 width=121)
	  Index Cond: (id = 7866736)

table 7 : explain SELECT c FROM sbtest7 WHERE id=1889891
	Index Scan using sbtest7_pkey on sbtest7  (cost=0.43..8.45 rows=1 width=121)
	  Index Cond: (id = 1889891)

table 8 : explain SELECT c FROM sbtest8 WHERE id=1838283
	Index Scan using sbtest8_pkey on sbtest8  (cost=0.43..8.45 rows=1 width=121)
	  Index Cond: (id = 1838283)

for point_selects
table 1 : explain SELECT c FROM sbtest1 WHERE id=4278804
	Index Scan using sbtest1_pkey on sbtest1  (cost=0.43..8.45 rows=1 width=121)
	  Index Cond: (id = 4278804)

table 2 : explain SELECT c FROM sbtest2 WHERE id=3683021
	Index Scan using sbtest2_pkey on sbtest2  (cost=0.43..8.45 rows=1 width=121)
	  Index Cond: (id = 3683021)

table 3 : explain SELECT c FROM sbtest3 WHERE id=4835693
	Index Scan using sbtest3_pkey on sbtest3  (cost=0.43..8.45 rows=1 width=121)
	  Index Cond: (id = 4835693)

table 4 : explain SELECT c FROM sbtest4 WHERE id=441222
	Index Scan using sbtest4_pkey on sbtest4  (cost=0.43..8.45 rows=1 width=121)
	  Index Cond: (id = 441222)

table 5 : explain SELECT c FROM sbtest5 WHERE id=1626002
	Index Scan using sbtest5_pkey on sbtest5  (cost=0.43..8.45 rows=1 width=121)
	  Index Cond: (id = 1626002)

table 6 : explain SELECT c FROM sbtest6 WHERE id=536384
	Index Scan using sbtest6_pkey on sbtest6  (cost=0.43..8.45 rows=1 width=121)
	  Index Cond: (id = 536384)

table 7 : explain SELECT c FROM sbtest7 WHERE id=100885
	Index Scan using sbtest7_pkey on sbtest7  (cost=0.43..8.45 rows=1 width=121)
	  Index Cond: (id = 100885)

table 8 : explain SELECT c FROM sbtest8 WHERE id=9539123
	Index Scan using sbtest8_pkey on sbtest8  (cost=0.43..8.45 rows=1 width=121)
	  Index Cond: (id = 9539123)

for point_selects
table 1 : explain SELECT c FROM sbtest1 WHERE id=4916295
	Index Scan using sbtest1_pkey on sbtest1  (cost=0.43..8.45 rows=1 width=121)
	  Index Cond: (id = 4916295)

table 2 : explain SELECT c FROM sbtest2 WHERE id=3998145
	Index Scan using sbtest2_pkey on sbtest2  (cost=0.43..8.45 rows=1 width=121)
	  Index Cond: (id = 3998145)

table 3 : explain SELECT c FROM sbtest3 WHERE id=2453411
	Index Scan using sbtest3_pkey on sbtest3  (cost=0.43..8.45 rows=1 width=121)
	  Index Cond: (id = 2453411)

table 4 : explain SELECT c FROM sbtest4 WHERE id=5775711
	Index Scan using sbtest4_pkey on sbtest4  (cost=0.43..8.45 rows=1 width=121)
	  Index Cond: (id = 5775711)

table 5 : explain SELECT c FROM sbtest5 WHERE id=9720738
	Index Scan using sbtest5_pkey on sbtest5  (cost=0.43..8.45 rows=1 width=121)
	  Index Cond: (id = 9720738)

table 6 : explain SELECT c FROM sbtest6 WHERE id=2835163
	Index Scan using sbtest6_pkey on sbtest6  (cost=0.43..8.45 rows=1 width=121)
	  Index Cond: (id = 2835163)

table 7 : explain SELECT c FROM sbtest7 WHERE id=9681097
	Index Scan using sbtest7_pkey on sbtest7  (cost=0.43..8.45 rows=1 width=121)
	  Index Cond: (id = 9681097)

table 8 : explain SELECT c FROM sbtest8 WHERE id=2958275
	Index Scan using sbtest8_pkey on sbtest8  (cost=0.43..8.45 rows=1 width=121)
	  Index Cond: (id = 2958275)

Threads started!

Warming up for 5 seconds...

SQL statistics:
    queries performed:
        read:                            696023354
        write:                           0
        other:                           0
        total:                           696023354
    transactions:                        696023355 (1104788.67 per sec.)
    queries:                             696023354 (1104788.67 per sec.)
    ignored errors:                      0      (0.00 per sec.)
    reconnects:                          0      (0.00 per sec.)

Throughput:
    events/s (eps):                      1104788.6687
    time elapsed:                        630.0060s
    total number of events:              696023355

Latency (ms):
         min:                                    0.03
         avg:                                    0.04
         max:                                   16.08
         95th percentile:                        0.04
         sum:                             25015268.25

Threads fairness:
    events (avg/stddev):           17400559.5000/227317.77
    execution time (avg/stddev):   625.3817/0.14

