LUA_PATH=/home/mdcallag/git/mytools/bench/sysbench.lua/lua/?.lua /home/mdcallag/git/mytools/bench/sysbench.lua/lua/sysbench --db-driver=pgsql --range-size=1000 --table-size=10000000 --tables=8 --threads=40 --events=0 --warmup-time=5 --time=630 --pgsql_conn_id=true /home/mdcallag/git/mytools/bench/sysbench.lua/lua/oltp_read_only.lua run --pgsql-user=root --pgsql-password=pw --pgsql-host=127.0.0.1 --pgsql-db=ib --rand-type=uniform --simple-ranges=1 --sum-ranges=0 --order-ranges=0 --distinct-ranges=0
48 CPUs
sysbench 1.1.0-9072687 (using bundled LuaJIT 2.1.0-beta3)

Running the test with following options:
Number of threads: 40
Warmup time: 5s
Initializing random number generator from current time


Initializing worker threads...

explain: for point_selects :: explain SELECT c FROM sbtest%u WHERE id=%u
explain: for point_selects :: explain SELECT c FROM sbtest%u WHERE id=%u
explain: for point_selects :: explain SELECT c FROM sbtest%u WHERE id=%u
for point_selects
table 1 : explain SELECT c FROM sbtest1 WHERE id=9165242
	Index Scan using sbtest1_pkey on sbtest1  (cost=0.43..8.45 rows=1 width=121)
	  Index Cond: (id = 9165242)

table 2 : explain SELECT c FROM sbtest2 WHERE id=8555579
	Index Scan using sbtest2_pkey on sbtest2  (cost=0.43..8.45 rows=1 width=121)
	  Index Cond: (id = 8555579)

table 3 : explain SELECT c FROM sbtest3 WHERE id=4376769
	Index Scan using sbtest3_pkey on sbtest3  (cost=0.43..8.45 rows=1 width=121)
	  Index Cond: (id = 4376769)

table 4 : explain SELECT c FROM sbtest4 WHERE id=722071
	Index Scan using sbtest4_pkey on sbtest4  (cost=0.43..8.45 rows=1 width=121)
	  Index Cond: (id = 722071)

table 5 : explain SELECT c FROM sbtest5 WHERE id=2772415
	Index Scan using sbtest5_pkey on sbtest5  (cost=0.43..8.45 rows=1 width=121)
	  Index Cond: (id = 2772415)

table 6 : explain SELECT c FROM sbtest6 WHERE id=5791082
	Index Scan using sbtest6_pkey on sbtest6  (cost=0.43..8.45 rows=1 width=121)
	  Index Cond: (id = 5791082)

table 7 : explain SELECT c FROM sbtest7 WHERE id=9288563
	Index Scan using sbtest7_pkey on sbtest7  (cost=0.43..8.45 rows=1 width=121)
	  Index Cond: (id = 9288563)

table 8 : explain SELECT c FROM sbtest8 WHERE id=4251724
	Index Scan using sbtest8_pkey on sbtest8  (cost=0.43..8.45 rows=1 width=121)
	  Index Cond: (id = 4251724)

explain: for point_selects :: explain SELECT c FROM sbtest%u WHERE id=%u
explain: for point_selects :: explain SELECT c FROM sbtest%u WHERE id=%u
for: simple_ranges
table 1 : explain SELECT c FROM sbtest1 WHERE id BETWEEN 1155521 AND 1156520
	Bitmap Heap Scan on sbtest1  (cost=31.15..4045.08 rows=1045 width=121)
	  Recheck Cond: ((id >= 1155521) AND (id <= 1156520))
	  ->  Bitmap Index Scan on sbtest1_pkey  (cost=0.00..30.89 rows=1045 width=0)
	        Index Cond: ((id >= 1155521) AND (id <= 1156520))

table 2 : explain SELECT c FROM sbtest2 WHERE id BETWEEN 1081236 AND 1082235
	Bitmap Heap Scan on sbtest2  (cost=30.89..3949.22 rows=1020 width=121)
	  Recheck Cond: ((id >= 1081236) AND (id <= 1082235))
	  ->  Bitmap Index Scan on sbtest2_pkey  (cost=0.00..30.64 rows=1020 width=0)
	        Index Cond: ((id >= 1081236) AND (id <= 1082235))

table 3 : explain SELECT c FROM sbtest3 WHERE id BETWEEN 7473263 AND 7474262
	Bitmap Heap Scan on sbtest3  (cost=36.21..4432.85 rows=1149 width=121)
	  Recheck Cond: ((id >= 7473263) AND (id <= 7474262))
	  ->  Bitmap Index Scan on sbtest3_pkey  (cost=0.00..35.93 rows=1149 width=0)
	        Index Cond: ((id >= 7473263) AND (id <= 7474262))

table 4 : explain SELECT c FROM sbtest4 WHERE id BETWEEN 3216108 AND 3217107
	Bitmap Heap Scan on sbtest4  (cost=30.54..3820.89 rows=986 width=121)
	  Recheck Cond: ((id >= 3216108) AND (id <= 3217107))
	  ->  Bitmap Index Scan on sbtest4_pkey  (cost=0.00..30.29 rows=986 width=0)
	        Index Cond: ((id >= 3216108) AND (id <= 3217107))

table 5 : explain SELECT c FROM sbtest5 WHERE id BETWEEN 8988527 AND 8989526
	Bitmap Heap Scan on sbtest5  (cost=30.73..3889.12 rows=1004 width=121)
	  Recheck Cond: ((id >= 8988527) AND (id <= 8989526))
	  ->  Bitmap Index Scan on sbtest5_pkey  (cost=0.00..30.47 rows=1004 width=0)
	        Index Cond: ((id >= 8988527) AND (id <= 8989526))

table 6 : explain SELECT c FROM sbtest6 WHERE id BETWEEN 6543216 AND 6544215
	Bitmap Heap Scan on sbtest6  (cost=30.15..3677.15 rows=948 width=121)
	  Recheck Cond: ((id >= 6543216) AND (id <= 6544215))
	  ->  Bitmap Index Scan on sbtest6_pkey  (cost=0.00..29.91 rows=948 width=0)
	        Index Cond: ((id >= 6543216) AND (id <= 6544215))

table 7 : explain SELECT c FROM sbtest7 WHERE id BETWEEN 4251334 AND 4252333
	Bitmap Heap Scan on sbtest7  (cost=30.17..3682.95 rows=950 width=121)
	  Recheck Cond: ((id >= 4251334) AND (id <= 4252333))
	  ->  Bitmap Index Scan on sbtest7_pkey  (cost=0.00..29.93 rows=950 width=0)
	        Index Cond: ((id >= 4251334) AND (id <= 4252333))

table 8 : explain SELECT c FROM sbtest8 WHERE id BETWEEN 2201953 AND 2202952
	Bitmap Heap Scan on sbtest8  (cost=30.29..3726.77 rows=961 width=121)
	  Recheck Cond: ((id >= 2201953) AND (id <= 2202952))
	  ->  Bitmap Index Scan on sbtest8_pkey  (cost=0.00..30.04 rows=961 width=0)
	        Index Cond: ((id >= 2201953) AND (id <= 2202952))

explain: for point_selects :: explain SELECT c FROM sbtest%u WHERE id=%u
explain: for point_selects :: explain SELECT c FROM sbtest%u WHERE id=%u
for point_selects
table 1 : explain SELECT c FROM sbtest1 WHERE id=5688788
	Index Scan using sbtest1_pkey on sbtest1  (cost=0.43..8.45 rows=1 width=121)
	  Index Cond: (id = 5688788)

table 2 : explain SELECT c FROM sbtest2 WHERE id=3169424
	Index Scan using sbtest2_pkey on sbtest2  (cost=0.43..8.45 rows=1 width=121)
	  Index Cond: (id = 3169424)

table 3 : explain SELECT c FROM sbtest3 WHERE id=6656111
	Index Scan using sbtest3_pkey on sbtest3  (cost=0.43..8.45 rows=1 width=121)
	  Index Cond: (id = 6656111)

table 4 : explain SELECT c FROM sbtest4 WHERE id=768741
	Index Scan using sbtest4_pkey on sbtest4  (cost=0.43..8.45 rows=1 width=121)
	  Index Cond: (id = 768741)

table 5 : explain SELECT c FROM sbtest5 WHERE id=3795170
	Index Scan using sbtest5_pkey on sbtest5  (cost=0.43..8.45 rows=1 width=121)
	  Index Cond: (id = 3795170)

table 6 : explain SELECT c FROM sbtest6 WHERE id=4000345
	Index Scan using sbtest6_pkey on sbtest6  (cost=0.43..8.45 rows=1 width=121)
	  Index Cond: (id = 4000345)

table 7 : explain SELECT c FROM sbtest7 WHERE id=6065801
	Index Scan using sbtest7_pkey on sbtest7  (cost=0.43..8.45 rows=1 width=121)
	  Index Cond: (id = 6065801)

table 8 : explain SELECT c FROM sbtest8 WHERE id=1134896
	Index Scan using sbtest8_pkey on sbtest8  (cost=0.43..8.45 rows=1 width=121)
	  Index Cond: (id = 1134896)

for point_selects
table 1 : explain SELECT c FROM sbtest1 WHERE id=7213108
	Index Scan using sbtest1_pkey on sbtest1  (cost=0.43..8.45 rows=1 width=121)
	  Index Cond: (id = 7213108)

table 2 : explain SELECT c FROM sbtest2 WHERE id=48948
	Index Scan using sbtest2_pkey on sbtest2  (cost=0.43..8.45 rows=1 width=121)
	  Index Cond: (id = 48948)

table 3 : explain SELECT c FROM sbtest3 WHERE id=8842527
	Index Scan using sbtest3_pkey on sbtest3  (cost=0.43..8.45 rows=1 width=121)
	  Index Cond: (id = 8842527)

table 4 : explain SELECT c FROM sbtest4 WHERE id=632089
	Index Scan using sbtest4_pkey on sbtest4  (cost=0.43..8.45 rows=1 width=121)
	  Index Cond: (id = 632089)

table 5 : explain SELECT c FROM sbtest5 WHERE id=8311962
	Index Scan using sbtest5_pkey on sbtest5  (cost=0.43..8.45 rows=1 width=121)
	  Index Cond: (id = 8311962)

table 6 : explain SELECT c FROM sbtest6 WHERE id=7371635
	Index Scan using sbtest6_pkey on sbtest6  (cost=0.43..8.45 rows=1 width=121)
	  Index Cond: (id = 7371635)

table 7 : explain SELECT c FROM sbtest7 WHERE id=5277523
	Index Scan using sbtest7_pkey on sbtest7  (cost=0.43..8.45 rows=1 width=121)
	  Index Cond: (id = 5277523)

table 8 : explain SELECT c FROM sbtest8 WHERE id=7183523
	Index Scan using sbtest8_pkey on sbtest8  (cost=0.43..8.45 rows=1 width=121)
	  Index Cond: (id = 7183523)

for point_selects
table 1 : explain SELECT c FROM sbtest1 WHERE id=9583915
	Index Scan using sbtest1_pkey on sbtest1  (cost=0.43..8.45 rows=1 width=121)
	  Index Cond: (id = 9583915)

table 2 : explain SELECT c FROM sbtest2 WHERE id=576267
	Index Scan using sbtest2_pkey on sbtest2  (cost=0.43..8.45 rows=1 width=121)
	  Index Cond: (id = 576267)

table 3 : explain SELECT c FROM sbtest3 WHERE id=6360281
	Index Scan using sbtest3_pkey on sbtest3  (cost=0.43..8.45 rows=1 width=121)
	  Index Cond: (id = 6360281)

table 4 : explain SELECT c FROM sbtest4 WHERE id=2223000
	Index Scan using sbtest4_pkey on sbtest4  (cost=0.43..8.45 rows=1 width=121)
	  Index Cond: (id = 2223000)

table 5 : explain SELECT c FROM sbtest5 WHERE id=9570510
	Index Scan using sbtest5_pkey on sbtest5  (cost=0.43..8.45 rows=1 width=121)
	  Index Cond: (id = 9570510)

table 6 : explain SELECT c FROM sbtest6 WHERE id=4948318
	Index Scan using sbtest6_pkey on sbtest6  (cost=0.43..8.45 rows=1 width=121)
	  Index Cond: (id = 4948318)

table 7 : explain SELECT c FROM sbtest7 WHERE id=9225546
	Index Scan using sbtest7_pkey on sbtest7  (cost=0.43..8.45 rows=1 width=121)
	  Index Cond: (id = 9225546)

table 8 : explain SELECT c FROM sbtest8 WHERE id=3053105
	Index Scan using sbtest8_pkey on sbtest8  (cost=0.43..8.45 rows=1 width=121)
	  Index Cond: (id = 3053105)

for point_selects
table 1 : explain SELECT c FROM sbtest1 WHERE id=1334134
	Index Scan using sbtest1_pkey on sbtest1  (cost=0.43..8.45 rows=1 width=121)
	  Index Cond: (id = 1334134)

table 2 : explain SELECT c FROM sbtest2 WHERE id=2317911
	Index Scan using sbtest2_pkey on sbtest2  (cost=0.43..8.45 rows=1 width=121)
	  Index Cond: (id = 2317911)

table 3 : explain SELECT c FROM sbtest3 WHERE id=8543295
	Index Scan using sbtest3_pkey on sbtest3  (cost=0.43..8.45 rows=1 width=121)
	  Index Cond: (id = 8543295)

table 4 : explain SELECT c FROM sbtest4 WHERE id=9963801
	Index Scan using sbtest4_pkey on sbtest4  (cost=0.43..8.45 rows=1 width=121)
	  Index Cond: (id = 9963801)

table 5 : explain SELECT c FROM sbtest5 WHERE id=905143
	Index Scan using sbtest5_pkey on sbtest5  (cost=0.43..8.45 rows=1 width=121)
	  Index Cond: (id = 905143)

table 6 : explain SELECT c FROM sbtest6 WHERE id=5811576
	Index Scan using sbtest6_pkey on sbtest6  (cost=0.43..8.45 rows=1 width=121)
	  Index Cond: (id = 5811576)

table 7 : explain SELECT c FROM sbtest7 WHERE id=3143272
	Index Scan using sbtest7_pkey on sbtest7  (cost=0.43..8.45 rows=1 width=121)
	  Index Cond: (id = 3143272)

table 8 : explain SELECT c FROM sbtest8 WHERE id=5043603
	Index Scan using sbtest8_pkey on sbtest8  (cost=0.43..8.45 rows=1 width=121)
	  Index Cond: (id = 5043603)

for: simple_ranges
table 1 : explain SELECT c FROM sbtest1 WHERE id BETWEEN 371134 AND 372133
	Bitmap Heap Scan on sbtest1  (cost=30.54..3822.44 rows=986 width=121)
	  Recheck Cond: ((id >= 371134) AND (id <= 372133))
	  ->  Bitmap Index Scan on sbtest1_pkey  (cost=0.00..30.29 rows=986 width=0)
	        Index Cond: ((id >= 371134) AND (id <= 372133))

table 2 : explain SELECT c FROM sbtest2 WHERE id BETWEEN 4688412 AND 4689411
	Bitmap Heap Scan on sbtest2  (cost=30.04..3635.82 rows=937 width=121)
	  Recheck Cond: ((id >= 4688412) AND (id <= 4689411))
	  ->  Bitmap Index Scan on sbtest2_pkey  (cost=0.00..29.80 rows=937 width=0)
	        Index Cond: ((id >= 4688412) AND (id <= 4689411))

table 3 : explain SELECT c FROM sbtest3 WHERE id BETWEEN 8444821 AND 8445820
	Bitmap Heap Scan on sbtest3  (cost=30.29..3724.98 rows=961 width=121)
	  Recheck Cond: ((id >= 8444821) AND (id <= 8445820))
	  ->  Bitmap Index Scan on sbtest3_pkey  (cost=0.00..30.04 rows=961 width=0)
	        Index Cond: ((id >= 8444821) AND (id <= 8445820))

table 4 : explain SELECT c FROM sbtest4 WHERE id BETWEEN 4501003 AND 4502002
	Bitmap Heap Scan on sbtest4  (cost=29.72..3518.49 rows=906 width=121)
	  Recheck Cond: ((id >= 4501003) AND (id <= 4502002))
	  ->  Bitmap Index Scan on sbtest4_pkey  (cost=0.00..29.50 rows=906 width=0)
	        Index Cond: ((id >= 4501003) AND (id <= 4502002))

table 5 : explain SELECT c FROM sbtest5 WHERE id BETWEEN 535294 AND 536293
	Bitmap Heap Scan on sbtest5  (cost=29.77..3537.68 rows=911 width=121)
	  Recheck Cond: ((id >= 535294) AND (id <= 536293))
	  ->  Bitmap Index Scan on sbtest5_pkey  (cost=0.00..29.54 rows=911 width=0)
	        Index Cond: ((id >= 535294) AND (id <= 536293))

table 6 : explain SELECT c FROM sbtest6 WHERE id BETWEEN 3540393 AND 3541392
	Bitmap Heap Scan on sbtest6  (cost=30.33..3741.38 rows=965 width=121)
	  Recheck Cond: ((id >= 3540393) AND (id <= 3541392))
	  ->  Bitmap Index Scan on sbtest6_pkey  (cost=0.00..30.08 rows=965 width=0)
	        Index Cond: ((id >= 3540393) AND (id <= 3541392))

table 7 : explain SELECT c FROM sbtest7 WHERE id BETWEEN 6518143 AND 6519142
	Bitmap Heap Scan on sbtest7  (cost=30.95..3969.58 rows=1026 width=121)
	  Recheck Cond: ((id >= 6518143) AND (id <= 6519142))
	  ->  Bitmap Index Scan on sbtest7_pkey  (cost=0.00..30.69 rows=1026 width=0)
	        Index Cond: ((id >= 6518143) AND (id <= 6519142))

table 8 : explain SELECT c FROM sbtest8 WHERE id BETWEEN 9366497 AND 9367496
	Bitmap Heap Scan on sbtest8  (cost=29.78..3541.47 rows=912 width=121)
	  Recheck Cond: ((id >= 9366497) AND (id <= 9367496))
	  ->  Bitmap Index Scan on sbtest8_pkey  (cost=0.00..29.55 rows=912 width=0)
	        Index Cond: ((id >= 9366497) AND (id <= 9367496))

for: simple_ranges
table 1 : explain SELECT c FROM sbtest1 WHERE id BETWEEN 4569866 AND 4570865
	Bitmap Heap Scan on sbtest1  (cost=30.66..3867.76 rows=998 width=121)
	  Recheck Cond: ((id >= 4569866) AND (id <= 4570865))
	  ->  Bitmap Index Scan on sbtest1_pkey  (cost=0.00..30.41 rows=998 width=0)
	        Index Cond: ((id >= 4569866) AND (id <= 4570865))

table 2 : explain SELECT c FROM sbtest2 WHERE id BETWEEN 8013576 AND 8014575
	Bitmap Heap Scan on sbtest2  (cost=35.71..4254.48 rows=1100 width=121)
	  Recheck Cond: ((id >= 8013576) AND (id <= 8014575))
	  ->  Bitmap Index Scan on sbtest2_pkey  (cost=0.00..35.44 rows=1100 width=0)
	        Index Cond: ((id >= 8013576) AND (id <= 8014575))

table 3 : explain SELECT c FROM sbtest3 WHERE id BETWEEN 7363284 AND 7364283
	Bitmap Heap Scan on sbtest3  (cost=31.44..4150.82 rows=1074 width=121)
	  Recheck Cond: ((id >= 7363284) AND (id <= 7364283))
	  ->  Bitmap Index Scan on sbtest3_pkey  (cost=0.00..31.18 rows=1074 width=0)
	        Index Cond: ((id >= 7363284) AND (id <= 7364283))

table 4 : explain SELECT c FROM sbtest4 WHERE id BETWEEN 1754862 AND 1755861
	Bitmap Heap Scan on sbtest4  (cost=30.64..3858.63 rows=996 width=121)
	  Recheck Cond: ((id >= 1754862) AND (id <= 1755861))
	  ->  Bitmap Index Scan on sbtest4_pkey  (cost=0.00..30.39 rows=996 width=0)
	        Index Cond: ((id >= 1754862) AND (id <= 1755861))

table 5 : explain SELECT c FROM sbtest5 WHERE id BETWEEN 6090753 AND 6091752
	Bitmap Heap Scan on sbtest5  (cost=30.63..3855.16 rows=995 width=121)
	  Recheck Cond: ((id >= 6090753) AND (id <= 6091752))
	  ->  Bitmap Index Scan on sbtest5_pkey  (cost=0.00..30.39 rows=995 width=0)
	        Index Cond: ((id >= 6090753) AND (id <= 6091752))

table 6 : explain SELECT c FROM sbtest6 WHERE id BETWEEN 9211953 AND 9212952
	Bitmap Heap Scan on sbtest6  (cost=30.94..3967.79 rows=1025 width=121)
	  Recheck Cond: ((id >= 9211953) AND (id <= 9212952))
	  ->  Bitmap Index Scan on sbtest6_pkey  (cost=0.00..30.68 rows=1025 width=0)
	        Index Cond: ((id >= 9211953) AND (id <= 9212952))

table 7 : explain SELECT c FROM sbtest7 WHERE id BETWEEN 9525946 AND 9526945
	Bitmap Heap Scan on sbtest7  (cost=35.35..4120.38 rows=1065 width=121)
	  Recheck Cond: ((id >= 9525946) AND (id <= 9526945))
	  ->  Bitmap Index Scan on sbtest7_pkey  (cost=0.00..35.09 rows=1065 width=0)
	        Index Cond: ((id >= 9525946) AND (id <= 9526945))

table 8 : explain SELECT c FROM sbtest8 WHERE id BETWEEN 7248155 AND 7249154
	Bitmap Heap Scan on sbtest8  (cost=30.83..3926.85 rows=1014 width=121)
	  Recheck Cond: ((id >= 7248155) AND (id <= 7249154))
	  ->  Bitmap Index Scan on sbtest8_pkey  (cost=0.00..30.57 rows=1014 width=0)
	        Index Cond: ((id >= 7248155) AND (id <= 7249154))

for: simple_ranges
table 1 : explain SELECT c FROM sbtest1 WHERE id BETWEEN 8961270 AND 8962269
	Bitmap Heap Scan on sbtest1  (cost=35.95..4342.76 rows=1123 width=121)
	  Recheck Cond: ((id >= 8961270) AND (id <= 8962269))
	  ->  Bitmap Index Scan on sbtest1_pkey  (cost=0.00..35.67 rows=1123 width=0)
	        Index Cond: ((id >= 8961270) AND (id <= 8962269))

table 2 : explain SELECT c FROM sbtest2 WHERE id BETWEEN 4216403 AND 4217402
	Bitmap Heap Scan on sbtest2  (cost=30.68..3873.79 rows=1000 width=121)
	  Recheck Cond: ((id >= 4216403) AND (id <= 4217402))
	  ->  Bitmap Index Scan on sbtest2_pkey  (cost=0.00..30.43 rows=1000 width=0)
	        Index Cond: ((id >= 4216403) AND (id <= 4217402))

table 3 : explain SELECT c FROM sbtest3 WHERE id BETWEEN 4809167 AND 4810166
	Bitmap Heap Scan on sbtest3  (cost=29.43..3411.14 rows=878 width=121)
	  Recheck Cond: ((id >= 4809167) AND (id <= 4810166))
	  ->  Bitmap Index Scan on sbtest3_pkey  (cost=0.00..29.21 rows=878 width=0)
	        Index Cond: ((id >= 4809167) AND (id <= 4810166))

table 4 : explain SELECT c FROM sbtest4 WHERE id BETWEEN 2389100 AND 2390099
	Bitmap Heap Scan on sbtest4  (cost=29.36..3385.93 rows=871 width=121)
	  Recheck Cond: ((id >= 2389100) AND (id <= 2390099))
	  ->  Bitmap Index Scan on sbtest4_pkey  (cost=0.00..29.14 rows=871 width=0)
	        Index Cond: ((id >= 2389100) AND (id <= 2390099))

table 5 : explain SELECT c FROM sbtest5 WHERE id BETWEEN 1207387 AND 1208386
	Bitmap Heap Scan on sbtest5  (cost=30.72..3885.35 rows=1003 width=121)
	  Recheck Cond: ((id >= 1207387) AND (id <= 1208386))
	  ->  Bitmap Index Scan on sbtest5_pkey  (cost=0.00..30.46 rows=1003 width=0)
	        Index Cond: ((id >= 1207387) AND (id <= 1208386))

table 6 : explain SELECT c FROM sbtest6 WHERE id BETWEEN 9307581 AND 9308580
	Bitmap Heap Scan on sbtest6  (cost=30.01..3624.23 rows=934 width=121)
	  Recheck Cond: ((id >= 9307581) AND (id <= 9308580))
	  ->  Bitmap Index Scan on sbtest6_pkey  (cost=0.00..29.77 rows=934 width=0)
	        Index Cond: ((id >= 9307581) AND (id <= 9308580))

table 7 : explain SELECT c FROM sbtest7 WHERE id BETWEEN 6224690 AND 6225689
	Bitmap Heap Scan on sbtest7  (cost=30.01..3622.51 rows=934 width=121)
	  Recheck Cond: ((id >= 6224690) AND (id <= 6225689))
	  ->  Bitmap Index Scan on sbtest7_pkey  (cost=0.00..29.77 rows=934 width=0)
	        Index Cond: ((id >= 6224690) AND (id <= 6225689))

table 8 : explain SELECT c FROM sbtest8 WHERE id BETWEEN 1867436 AND 1868435
	Bitmap Heap Scan on sbtest8  (cost=30.34..3745.66 rows=966 width=121)
	  Recheck Cond: ((id >= 1867436) AND (id <= 1868435))
	  ->  Bitmap Index Scan on sbtest8_pkey  (cost=0.00..30.09 rows=966 width=0)
	        Index Cond: ((id >= 1867436) AND (id <= 1868435))

explain: for point_selects :: explain SELECT c FROM sbtest%u WHERE id=%u
for point_selects
table 1 : explain SELECT c FROM sbtest1 WHERE id=9513145
	Index Scan using sbtest1_pkey on sbtest1  (cost=0.43..8.45 rows=1 width=121)
	  Index Cond: (id = 9513145)

table 2 : explain SELECT c FROM sbtest2 WHERE id=9106080
	Index Scan using sbtest2_pkey on sbtest2  (cost=0.43..8.45 rows=1 width=121)
	  Index Cond: (id = 9106080)

table 3 : explain SELECT c FROM sbtest3 WHERE id=8079957
	Index Scan using sbtest3_pkey on sbtest3  (cost=0.43..8.45 rows=1 width=121)
	  Index Cond: (id = 8079957)

table 4 : explain SELECT c FROM sbtest4 WHERE id=6163865
	Index Scan using sbtest4_pkey on sbtest4  (cost=0.43..8.45 rows=1 width=121)
	  Index Cond: (id = 6163865)

table 5 : explain SELECT c FROM sbtest5 WHERE id=8744006
	Index Scan using sbtest5_pkey on sbtest5  (cost=0.43..8.45 rows=1 width=121)
	  Index Cond: (id = 8744006)

table 6 : explain SELECT c FROM sbtest6 WHERE id=8660266
	Index Scan using sbtest6_pkey on sbtest6  (cost=0.43..8.45 rows=1 width=121)
	  Index Cond: (id = 8660266)

table 7 : explain SELECT c FROM sbtest7 WHERE id=8953943
	Index Scan using sbtest7_pkey on sbtest7  (cost=0.43..8.45 rows=1 width=121)
	  Index Cond: (id = 8953943)

table 8 : explain SELECT c FROM sbtest8 WHERE id=4866504
	Index Scan using sbtest8_pkey on sbtest8  (cost=0.43..8.45 rows=1 width=121)
	  Index Cond: (id = 4866504)

explain: for point_selects :: explain SELECT c FROM sbtest%u WHERE id=%u
for point_selects
table 1 : explain SELECT c FROM sbtest1 WHERE id=2825912
	Index Scan using sbtest1_pkey on sbtest1  (cost=0.43..8.45 rows=1 width=121)
	  Index Cond: (id = 2825912)

table 2 : explain SELECT c FROM sbtest2 WHERE id=4443648
	Index Scan using sbtest2_pkey on sbtest2  (cost=0.43..8.45 rows=1 width=121)
	  Index Cond: (id = 4443648)

table 3 : explain SELECT c FROM sbtest3 WHERE id=1933603
	Index Scan using sbtest3_pkey on sbtest3  (cost=0.43..8.45 rows=1 width=121)
	  Index Cond: (id = 1933603)

table 4 : explain SELECT c FROM sbtest4 WHERE id=4608725
	Index Scan using sbtest4_pkey on sbtest4  (cost=0.43..8.45 rows=1 width=121)
	  Index Cond: (id = 4608725)

table 5 : explain SELECT c FROM sbtest5 WHERE id=2005958
	Index Scan using sbtest5_pkey on sbtest5  (cost=0.43..8.45 rows=1 width=121)
	  Index Cond: (id = 2005958)

table 6 : explain SELECT c FROM sbtest6 WHERE id=4248462
	Index Scan using sbtest6_pkey on sbtest6  (cost=0.43..8.45 rows=1 width=121)
	  Index Cond: (id = 4248462)

table 7 : explain SELECT c FROM sbtest7 WHERE id=3289427
	Index Scan using sbtest7_pkey on sbtest7  (cost=0.43..8.45 rows=1 width=121)
	  Index Cond: (id = 3289427)

table 8 : explain SELECT c FROM sbtest8 WHERE id=3594653
	Index Scan using sbtest8_pkey on sbtest8  (cost=0.43..8.45 rows=1 width=121)
	  Index Cond: (id = 3594653)

for: simple_ranges
table 1 : explain SELECT c FROM sbtest1 WHERE id BETWEEN 1187224 AND 1188223
	Bitmap Heap Scan on sbtest1  (cost=31.15..4045.08 rows=1045 width=121)
	  Recheck Cond: ((id >= 1187224) AND (id <= 1188223))
	  ->  Bitmap Index Scan on sbtest1_pkey  (cost=0.00..30.89 rows=1045 width=0)
	        Index Cond: ((id >= 1187224) AND (id <= 1188223))

table 2 : explain SELECT c FROM sbtest2 WHERE id BETWEEN 816697 AND 817696
	Bitmap Heap Scan on sbtest2  (cost=30.42..3775.64 rows=974 width=121)
	  Recheck Cond: ((id >= 816697) AND (id <= 817696))
	  ->  Bitmap Index Scan on sbtest2_pkey  (cost=0.00..30.18 rows=974 width=0)
	        Index Cond: ((id >= 816697) AND (id <= 817696))

table 3 : explain SELECT c FROM sbtest3 WHERE id BETWEEN 9236414 AND 9237413
	Bitmap Heap Scan on sbtest3  (cost=30.26..3717.43 rows=959 width=121)
	  Recheck Cond: ((id >= 9236414) AND (id <= 9237413))
	  ->  Bitmap Index Scan on sbtest3_pkey  (cost=0.00..30.02 rows=959 width=0)
	        Index Cond: ((id >= 9236414) AND (id <= 9237413))

table 4 : explain SELECT c FROM sbtest4 WHERE id BETWEEN 223028 AND 224027
	Bitmap Heap Scan on sbtest4  (cost=31.04..4005.71 rows=1035 width=121)
	  Recheck Cond: ((id >= 223028) AND (id <= 224027))
	  ->  Bitmap Index Scan on sbtest4_pkey  (cost=0.00..30.79 rows=1035 width=0)
	        Index Cond: ((id >= 223028) AND (id <= 224027))

table 5 : explain SELECT c FROM sbtest5 WHERE id BETWEEN 551741 AND 552740
	Bitmap Heap Scan on sbtest5  (cost=29.77..3537.68 rows=911 width=121)
	  Recheck Cond: ((id >= 551741) AND (id <= 552740))
	  ->  Bitmap Index Scan on sbtest5_pkey  (cost=0.00..29.54 rows=911 width=0)
	        Index Cond: ((id >= 551741) AND (id <= 552740))

table 6 : explain SELECT c FROM sbtest6 WHERE id BETWEEN 7596740 AND 7597739
	Bitmap Heap Scan on sbtest6  (cost=35.95..4340.61 rows=1123 width=121)
	  Recheck Cond: ((id >= 7596740) AND (id <= 7597739))
	  ->  Bitmap Index Scan on sbtest6_pkey  (cost=0.00..35.67 rows=1123 width=0)
	        Index Cond: ((id >= 7596740) AND (id <= 7597739))

table 7 : explain SELECT c FROM sbtest7 WHERE id BETWEEN 6750783 AND 6751782
	Bitmap Heap Scan on sbtest7  (cost=30.98..3980.88 rows=1029 width=121)
	  Recheck Cond: ((id >= 6750783) AND (id <= 6751782))
	  ->  Bitmap Index Scan on sbtest7_pkey  (cost=0.00..30.72 rows=1029 width=0)
	        Index Cond: ((id >= 6750783) AND (id <= 6751782))

table 8 : explain SELECT c FROM sbtest8 WHERE id BETWEEN 4548209 AND 4549208
	Bitmap Heap Scan on sbtest8  (cost=30.39..3764.55 rows=971 width=121)
	  Recheck Cond: ((id >= 4548209) AND (id <= 4549208))
	  ->  Bitmap Index Scan on sbtest8_pkey  (cost=0.00..30.14 rows=971 width=0)
	        Index Cond: ((id >= 4548209) AND (id <= 4549208))

for: simple_ranges
table 1 : explain SELECT c FROM sbtest1 WHERE id BETWEEN 4599086 AND 4600085
	Bitmap Heap Scan on sbtest1  (cost=30.97..3980.98 rows=1028 width=121)
	  Recheck Cond: ((id >= 4599086) AND (id <= 4600085))
	  ->  Bitmap Index Scan on sbtest1_pkey  (cost=0.00..30.71 rows=1028 width=0)
	        Index Cond: ((id >= 4599086) AND (id <= 4600085))

table 2 : explain SELECT c FROM sbtest2 WHERE id BETWEEN 97040 AND 98039
	Bitmap Heap Scan on sbtest2  (cost=30.07..3647.17 rows=940 width=121)
	  Recheck Cond: ((id >= 97040) AND (id <= 98039))
	  ->  Bitmap Index Scan on sbtest2_pkey  (cost=0.00..29.83 rows=940 width=0)
	        Index Cond: ((id >= 97040) AND (id <= 98039))

table 3 : explain SELECT c FROM sbtest3 WHERE id BETWEEN 4938653 AND 4939652
	Bitmap Heap Scan on sbtest3  (cost=30.85..3932.45 rows=1016 width=121)
	  Recheck Cond: ((id >= 4938653) AND (id <= 4939652))
	  ->  Bitmap Index Scan on sbtest3_pkey  (cost=0.00..30.59 rows=1016 width=0)
	        Index Cond: ((id >= 4938653) AND (id <= 4939652))

table 4 : explain SELECT c FROM sbtest4 WHERE id BETWEEN 3386210 AND 3387209
	Bitmap Heap Scan on sbtest4  (cost=30.38..3760.48 rows=970 width=121)
	  Recheck Cond: ((id >= 3386210) AND (id <= 3387209))
	  ->  Bitmap Index Scan on sbtest4_pkey  (cost=0.00..30.14 rows=970 width=0)
	        Index Cond: ((id >= 3386210) AND (id <= 3387209))

table 5 : explain SELECT c FROM sbtest5 WHERE id BETWEEN 5668085 AND 5669084
	Bitmap Heap Scan on sbtest5  (cost=29.95..3602.00 rows=928 width=121)
	  Recheck Cond: ((id >= 5668085) AND (id <= 5669084))
	  ->  Bitmap Index Scan on sbtest5_pkey  (cost=0.00..29.71 rows=928 width=0)
	        Index Cond: ((id >= 5668085) AND (id <= 5669084))

table 6 : explain SELECT c FROM sbtest6 WHERE id BETWEEN 6819492 AND 6820491
	Bitmap Heap Scan on sbtest6  (cost=35.33..4114.94 rows=1063 width=121)
	  Recheck Cond: ((id >= 6819492) AND (id <= 6820491))
	  ->  Bitmap Index Scan on sbtest6_pkey  (cost=0.00..35.07 rows=1063 width=0)
	        Index Cond: ((id >= 6819492) AND (id <= 6820491))

table 7 : explain SELECT c FROM sbtest7 WHERE id BETWEEN 129219 AND 130218
	Bitmap Heap Scan on sbtest7  (cost=30.54..3818.82 rows=986 width=121)
	  Recheck Cond: ((id >= 129219) AND (id <= 130218))
	  ->  Bitmap Index Scan on sbtest7_pkey  (cost=0.00..30.29 rows=986 width=0)
	        Index Cond: ((id >= 129219) AND (id <= 130218))

table 8 : explain SELECT c FROM sbtest8 WHERE id BETWEEN 7733815 AND 7734814
	Bitmap Heap Scan on sbtest8  (cost=30.93..3964.56 rows=1024 width=121)
	  Recheck Cond: ((id >= 7733815) AND (id <= 7734814))
	  ->  Bitmap Index Scan on sbtest8_pkey  (cost=0.00..30.68 rows=1024 width=0)
	        Index Cond: ((id >= 7733815) AND (id <= 7734814))

for: simple_ranges
table 1 : explain SELECT c FROM sbtest1 WHERE id BETWEEN 512844 AND 513843
	Bitmap Heap Scan on sbtest1  (cost=29.99..3618.29 rows=932 width=121)
	  Recheck Cond: ((id >= 512844) AND (id <= 513843))
	  ->  Bitmap Index Scan on sbtest1_pkey  (cost=0.00..29.75 rows=932 width=0)
	        Index Cond: ((id >= 512844) AND (id <= 513843))

table 2 : explain SELECT c FROM sbtest2 WHERE id BETWEEN 6863898 AND 6864897
	Bitmap Heap Scan on sbtest2  (cost=31.08..4020.84 rows=1039 width=121)
	  Recheck Cond: ((id >= 6863898) AND (id <= 6864897))
	  ->  Bitmap Index Scan on sbtest2_pkey  (cost=0.00..30.82 rows=1039 width=0)
	        Index Cond: ((id >= 6863898) AND (id <= 6864897))

table 3 : explain SELECT c FROM sbtest3 WHERE id BETWEEN 3242011 AND 3243010
	Bitmap Heap Scan on sbtest3  (cost=29.59..3467.93 rows=893 width=121)
	  Recheck Cond: ((id >= 3242011) AND (id <= 3243010))
	  ->  Bitmap Index Scan on sbtest3_pkey  (cost=0.00..29.36 rows=893 width=0)
	        Index Cond: ((id >= 3242011) AND (id <= 3243010))

table 4 : explain SELECT c FROM sbtest4 WHERE id BETWEEN 1778737 AND 1779736
	Bitmap Heap Scan on sbtest4  (cost=30.64..3858.63 rows=996 width=121)
	  Recheck Cond: ((id >= 1778737) AND (id <= 1779736))
	  ->  Bitmap Index Scan on sbtest4_pkey  (cost=0.00..30.39 rows=996 width=0)
	        Index Cond: ((id >= 1778737) AND (id <= 1779736))

table 5 : explain SELECT c FROM sbtest5 WHERE id BETWEEN 4910986 AND 4911985
	Bitmap Heap Scan on sbtest5  (cost=29.97..3609.57 rows=930 width=121)
	  Recheck Cond: ((id >= 4910986) AND (id <= 4911985))
	  ->  Bitmap Index Scan on sbtest5_pkey  (cost=0.00..29.73 rows=930 width=0)
	        Index Cond: ((id >= 4910986) AND (id <= 4911985))

table 6 : explain SELECT c FROM sbtest6 WHERE id BETWEEN 9912039 AND 9913038
	Bitmap Heap Scan on sbtest6  (cost=31.00..3990.40 rows=1031 width=121)
	  Recheck Cond: ((id >= 9912039) AND (id <= 9913038))
	  ->  Bitmap Index Scan on sbtest6_pkey  (cost=0.00..30.75 rows=1031 width=0)
	        Index Cond: ((id >= 9912039) AND (id <= 9913038))

table 7 : explain SELECT c FROM sbtest7 WHERE id BETWEEN 9356538 AND 9357537
	Bitmap Heap Scan on sbtest7  (cost=35.17..4052.65 rows=1047 width=121)
	  Recheck Cond: ((id >= 9356538) AND (id <= 9357537))
	  ->  Bitmap Index Scan on sbtest7_pkey  (cost=0.00..34.91 rows=1047 width=0)
	        Index Cond: ((id >= 9356538) AND (id <= 9357537))

table 8 : explain SELECT c FROM sbtest8 WHERE id BETWEEN 9485869 AND 9486868
	Bitmap Heap Scan on sbtest8  (cost=29.75..3530.11 rows=909 width=121)
	  Recheck Cond: ((id >= 9485869) AND (id <= 9486868))
	  ->  Bitmap Index Scan on sbtest8_pkey  (cost=0.00..29.52 rows=909 width=0)
	        Index Cond: ((id >= 9485869) AND (id <= 9486868))

for point_selects
table 1 : explain SELECT c FROM sbtest1 WHERE id=3283966
	Index Scan using sbtest1_pkey on sbtest1  (cost=0.43..8.45 rows=1 width=121)
	  Index Cond: (id = 3283966)

table 2 : explain SELECT c FROM sbtest2 WHERE id=5220459
	Index Scan using sbtest2_pkey on sbtest2  (cost=0.43..8.45 rows=1 width=121)
	  Index Cond: (id = 5220459)

table 3 : explain SELECT c FROM sbtest3 WHERE id=8865800
	Index Scan using sbtest3_pkey on sbtest3  (cost=0.43..8.45 rows=1 width=121)
	  Index Cond: (id = 8865800)

table 4 : explain SELECT c FROM sbtest4 WHERE id=9061677
	Index Scan using sbtest4_pkey on sbtest4  (cost=0.43..8.45 rows=1 width=121)
	  Index Cond: (id = 9061677)

table 5 : explain SELECT c FROM sbtest5 WHERE id=2831114
	Index Scan using sbtest5_pkey on sbtest5  (cost=0.43..8.45 rows=1 width=121)
	  Index Cond: (id = 2831114)

table 6 : explain SELECT c FROM sbtest6 WHERE id=6694151
	Index Scan using sbtest6_pkey on sbtest6  (cost=0.43..8.45 rows=1 width=121)
	  Index Cond: (id = 6694151)

table 7 : explain SELECT c FROM sbtest7 WHERE id=3497759
	Index Scan using sbtest7_pkey on sbtest7  (cost=0.43..8.45 rows=1 width=121)
	  Index Cond: (id = 3497759)

table 8 : explain SELECT c FROM sbtest8 WHERE id=3601867
	Index Scan using sbtest8_pkey on sbtest8  (cost=0.43..8.45 rows=1 width=121)
	  Index Cond: (id = 3601867)

for point_selects
table 1 : explain SELECT c FROM sbtest1 WHERE id=4552605
	Index Scan using sbtest1_pkey on sbtest1  (cost=0.43..8.45 rows=1 width=121)
	  Index Cond: (id = 4552605)

table 2 : explain SELECT c FROM sbtest2 WHERE id=3593373
	Index Scan using sbtest2_pkey on sbtest2  (cost=0.43..8.45 rows=1 width=121)
	  Index Cond: (id = 3593373)

table 3 : explain SELECT c FROM sbtest3 WHERE id=7773212
	Index Scan using sbtest3_pkey on sbtest3  (cost=0.43..8.45 rows=1 width=121)
	  Index Cond: (id = 7773212)

table 4 : explain SELECT c FROM sbtest4 WHERE id=1644882
	Index Scan using sbtest4_pkey on sbtest4  (cost=0.43..8.45 rows=1 width=121)
	  Index Cond: (id = 1644882)

table 5 : explain SELECT c FROM sbtest5 WHERE id=3487346
	Index Scan using sbtest5_pkey on sbtest5  (cost=0.43..8.45 rows=1 width=121)
	  Index Cond: (id = 3487346)

table 6 : explain SELECT c FROM sbtest6 WHERE id=809286
	Index Scan using sbtest6_pkey on sbtest6  (cost=0.43..8.45 rows=1 width=121)
	  Index Cond: (id = 809286)

table 7 : explain SELECT c FROM sbtest7 WHERE id=9151536
	Index Scan using sbtest7_pkey on sbtest7  (cost=0.43..8.45 rows=1 width=121)
	  Index Cond: (id = 9151536)

table 8 : explain SELECT c FROM sbtest8 WHERE id=3821401
	Index Scan using sbtest8_pkey on sbtest8  (cost=0.43..8.45 rows=1 width=121)
	  Index Cond: (id = 3821401)

for: sum_ranges
table 1 : explain SELECT SUM(k) FROM sbtest1 WHERE id BETWEEN 4549223 AND 4550222
	Aggregate  (cost=3870.26..3870.27 rows=1 width=8)
	  ->  Bitmap Heap Scan on sbtest1  (cost=30.66..3867.76 rows=998 width=4)
	        Recheck Cond: ((id >= 4549223) AND (id <= 4550222))
	        ->  Bitmap Index Scan on sbtest1_pkey  (cost=0.00..30.41 rows=998 width=0)
	              Index Cond: ((id >= 4549223) AND (id <= 4550222))

table 2 : explain SELECT SUM(k) FROM sbtest2 WHERE id BETWEEN 1543156 AND 1544155
	Aggregate  (cost=3520.81..3520.82 rows=1 width=8)
	  ->  Bitmap Heap Scan on sbtest2  (cost=29.72..3518.54 rows=906 width=4)
	        Recheck Cond: ((id >= 1543156) AND (id <= 1544155))
	        ->  Bitmap Index Scan on sbtest2_pkey  (cost=0.00..29.50 rows=906 width=0)
	              Index Cond: ((id >= 1543156) AND (id <= 1544155))

table 3 : explain SELECT SUM(k) FROM sbtest3 WHERE id BETWEEN 6296908 AND 6297907
	Aggregate  (cost=3473.95..3473.96 rows=1 width=8)
	  ->  Bitmap Heap Scan on sbtest3  (cost=29.60..3471.71 rows=894 width=4)
	        Recheck Cond: ((id >= 6296908) AND (id <= 6297907))
	        ->  Bitmap Index Scan on sbtest3_pkey  (cost=0.00..29.37 rows=894 width=0)
	              Index Cond: ((id >= 6296908) AND (id <= 6297907))

table 4 : explain SELECT SUM(k) FROM sbtest4 WHERE id BETWEEN 501034 AND 502033
	Aggregate  (cost=3796.91..3796.92 rows=1 width=8)
	  ->  Bitmap Heap Scan on sbtest4  (cost=30.47..3794.47 rows=979 width=4)
	        Recheck Cond: ((id >= 501034) AND (id <= 502033))
	        ->  Bitmap Index Scan on sbtest4_pkey  (cost=0.00..30.22 rows=979 width=0)
	              Index Cond: ((id >= 501034) AND (id <= 502033))

table 5 : explain SELECT SUM(k) FROM sbtest5 WHERE id BETWEEN 641071 AND 642070
	Aggregate  (cost=3868.97..3868.98 rows=1 width=8)
	  ->  Bitmap Heap Scan on sbtest5  (cost=30.66..3866.48 rows=998 width=4)
	        Recheck Cond: ((id >= 641071) AND (id <= 642070))
	        ->  Bitmap Index Scan on sbtest5_pkey  (cost=0.00..30.41 rows=998 width=0)
	              Index Cond: ((id >= 641071) AND (id <= 642070))

table 6 : explain SELECT SUM(k) FROM sbtest6 WHERE id BETWEEN 3175411 AND 3176410
	Aggregate  (cost=3630.35..3630.36 rows=1 width=8)
	  ->  Bitmap Heap Scan on sbtest6  (cost=30.02..3628.01 rows=935 width=4)
	        Recheck Cond: ((id >= 3175411) AND (id <= 3176410))
	        ->  Bitmap Index Scan on sbtest6_pkey  (cost=0.00..29.79 rows=935 width=0)
	              Index Cond: ((id >= 3175411) AND (id <= 3176410))

table 7 : explain SELECT SUM(k) FROM sbtest7 WHERE id BETWEEN 5225259 AND 5226258
	Aggregate  (cost=3704.22..3704.23 rows=1 width=8)
	  ->  Bitmap Heap Scan on sbtest7  (cost=30.22..3701.83 rows=955 width=4)
	        Recheck Cond: ((id >= 5225259) AND (id <= 5226258))
	        ->  Bitmap Index Scan on sbtest7_pkey  (cost=0.00..29.98 rows=955 width=0)
	              Index Cond: ((id >= 5225259) AND (id <= 5226258))

table 8 : explain SELECT SUM(k) FROM sbtest8 WHERE id BETWEEN 2122381 AND 2123380
	Aggregate  (cost=3819.88..3819.89 rows=1 width=8)
	  ->  Bitmap Heap Scan on sbtest8  (cost=30.53..3817.41 rows=985 width=4)
	        Recheck Cond: ((id >= 2122381) AND (id <= 2123380))
	        ->  Bitmap Index Scan on sbtest8_pkey  (cost=0.00..30.29 rows=985 width=0)
	              Index Cond: ((id >= 2122381) AND (id <= 2123380))

for: sum_ranges
table 1 : explain SELECT SUM(k) FROM sbtest1 WHERE id BETWEEN 3599908 AND 3600907
	Aggregate  (cost=3957.12..3957.13 rows=1 width=8)
	  ->  Bitmap Heap Scan on sbtest1  (cost=30.90..3954.57 rows=1021 width=4)
	        Recheck Cond: ((id >= 3599908) AND (id <= 3600907))
	        ->  Bitmap Index Scan on sbtest1_pkey  (cost=0.00..30.64 rows=1021 width=0)
	              Index Cond: ((id >= 3599908) AND (id <= 3600907))

table 2 : explain SELECT SUM(k) FROM sbtest2 WHERE id BETWEEN 2306970 AND 2307969
	Aggregate  (cost=3585.18..3585.19 rows=1 width=8)
	  ->  Bitmap Heap Scan on sbtest2  (cost=29.90..3582.87 rows=923 width=4)
	        Recheck Cond: ((id >= 2306970) AND (id <= 2307969))
	        ->  Bitmap Index Scan on sbtest2_pkey  (cost=0.00..29.66 rows=923 width=0)
	              Index Cond: ((id >= 2306970) AND (id <= 2307969))

table 3 : explain SELECT SUM(k) FROM sbtest3 WHERE id BETWEEN 9250030 AND 9251029
	Aggregate  (cost=3719.83..3719.84 rows=1 width=8)
	  ->  Bitmap Heap Scan on sbtest3  (cost=30.26..3717.43 rows=959 width=4)
	        Recheck Cond: ((id >= 9250030) AND (id <= 9251029))
	        ->  Bitmap Index Scan on sbtest3_pkey  (cost=0.00..30.02 rows=959 width=0)
	              Index Cond: ((id >= 9250030) AND (id <= 9251029))

table 4 : explain SELECT SUM(k) FROM sbtest4 WHERE id BETWEEN 6183975 AND 6184974
	Aggregate  (cost=3929.07..3929.08 rows=1 width=8)
	  ->  Bitmap Heap Scan on sbtest4  (cost=30.83..3926.54 rows=1014 width=4)
	        Recheck Cond: ((id >= 6183975) AND (id <= 6184974))
	        ->  Bitmap Index Scan on sbtest4_pkey  (cost=0.00..30.57 rows=1014 width=0)
	              Index Cond: ((id >= 6183975) AND (id <= 6184974))

table 5 : explain SELECT SUM(k) FROM sbtest5 WHERE id BETWEEN 1271966 AND 1272965
	Aggregate  (cost=3887.85..3887.86 rows=1 width=8)
	  ->  Bitmap Heap Scan on sbtest5  (cost=30.72..3885.35 rows=1003 width=4)
	        Recheck Cond: ((id >= 1271966) AND (id <= 1272965))
	        ->  Bitmap Index Scan on sbtest5_pkey  (cost=0.00..30.46 rows=1003 width=0)
	              Index Cond: ((id >= 1271966) AND (id <= 1272965))

table 6 : explain SELECT SUM(k) FROM sbtest6 WHERE id BETWEEN 279862 AND 280861
	Aggregate  (cost=4151.50..4151.51 rows=1 width=8)
	  ->  Bitmap Heap Scan on sbtest6  (cost=35.42..4148.82 rows=1072 width=4)
	        Recheck Cond: ((id >= 279862) AND (id <= 280861))
	        ->  Bitmap Index Scan on sbtest6_pkey  (cost=0.00..35.16 rows=1072 width=0)
	              Index Cond: ((id >= 279862) AND (id <= 280861))

table 7 : explain SELECT SUM(k) FROM sbtest7 WHERE id BETWEEN 20136 AND 21135
	Aggregate  (cost=4006.06..4006.07 rows=1 width=8)
	  ->  Bitmap Heap Scan on sbtest7  (cost=31.04..4003.48 rows=1035 width=4)
	        Recheck Cond: ((id >= 20136) AND (id <= 21135))
	        ->  Bitmap Index Scan on sbtest7_pkey  (cost=0.00..30.79 rows=1035 width=0)
	              Index Cond: ((id >= 20136) AND (id <= 21135))

table 8 : explain SELECT SUM(k) FROM sbtest8 WHERE id BETWEEN 7964974 AND 7965973
	Aggregate  (cost=3748.07..3748.08 rows=1 width=8)
	  ->  Bitmap Heap Scan on sbtest8  (cost=30.34..3745.66 rows=966 width=4)
	        Recheck Cond: ((id >= 7964974) AND (id <= 7965973))
	        ->  Bitmap Index Scan on sbtest8_pkey  (cost=0.00..30.09 rows=966 width=0)
	              Index Cond: ((id >= 7964974) AND (id <= 7965973))

for: simple_ranges
table 1 : explain SELECT c FROM sbtest1 WHERE id BETWEEN 4945695 AND 4946694
	Bitmap Heap Scan on sbtest1  (cost=30.40..3769.55 rows=972 width=121)
	  Recheck Cond: ((id >= 4945695) AND (id <= 4946694))
	  ->  Bitmap Index Scan on sbtest1_pkey  (cost=0.00..30.15 rows=972 width=0)
	        Index Cond: ((id >= 4945695) AND (id <= 4946694))

table 2 : explain SELECT c FROM sbtest2 WHERE id BETWEEN 9878641 AND 9879640
	Bitmap Heap Scan on sbtest2  (cost=30.22..3703.87 rows=955 width=121)
	  Recheck Cond: ((id >= 9878641) AND (id <= 9879640))
	  ->  Bitmap Index Scan on sbtest2_pkey  (cost=0.00..29.98 rows=955 width=0)
	        Index Cond: ((id >= 9878641) AND (id <= 9879640))

table 3 : explain SELECT c FROM sbtest3 WHERE id BETWEEN 9293862 AND 9294861
	Bitmap Heap Scan on sbtest3  (cost=30.00..3619.21 rows=933 width=121)
	  Recheck Cond: ((id >= 9293862) AND (id <= 9294861))
	  ->  Bitmap Index Scan on sbtest3_pkey  (cost=0.00..29.76 rows=933 width=0)
	        Index Cond: ((id >= 9293862) AND (id <= 9294861))

table 4 : explain SELECT c FROM sbtest4 WHERE id BETWEEN 1764109 AND 1765108
	Bitmap Heap Scan on sbtest4  (cost=30.64..3858.63 rows=996 width=121)
	  Recheck Cond: ((id >= 1764109) AND (id <= 1765108))
	  ->  Bitmap Index Scan on sbtest4_pkey  (cost=0.00..30.39 rows=996 width=0)
	        Index Cond: ((id >= 1764109) AND (id <= 1765108))

table 5 : explain SELECT c FROM sbtest5 WHERE id BETWEEN 3130882 AND 3131881
	Bitmap Heap Scan on sbtest5  (cost=30.50..3806.08 rows=982 width=121)
	  Recheck Cond: ((id >= 3130882) AND (id <= 3131881))
	  ->  Bitmap Index Scan on sbtest5_pkey  (cost=0.00..30.25 rows=982 width=0)
	        Index Cond: ((id >= 3130882) AND (id <= 3131881))

table 6 : explain SELECT c FROM sbtest6 WHERE id BETWEEN 5536372 AND 5537371
	Bitmap Heap Scan on sbtest6  (cost=31.09..4024.31 rows=1040 width=121)
	  Recheck Cond: ((id >= 5536372) AND (id <= 5537371))
	  ->  Bitmap Index Scan on sbtest6_pkey  (cost=0.00..30.83 rows=1040 width=0)
	        Index Cond: ((id >= 5536372) AND (id <= 5537371))

table 7 : explain SELECT c FROM sbtest7 WHERE id BETWEEN 4204302 AND 4205301
	Bitmap Heap Scan on sbtest7  (cost=30.56..3826.36 rows=988 width=121)
	  Recheck Cond: ((id >= 4204302) AND (id <= 4205301))
	  ->  Bitmap Index Scan on sbtest7_pkey  (cost=0.00..30.32 rows=988 width=0)
	        Index Cond: ((id >= 4204302) AND (id <= 4205301))

table 8 : explain SELECT c FROM sbtest8 WHERE id BETWEEN 7533555 AND 7534554
	Bitmap Heap Scan on sbtest8  (cost=35.77..4277.33 rows=1106 width=121)
	  Recheck Cond: ((id >= 7533555) AND (id <= 7534554))
	  ->  Bitmap Index Scan on sbtest8_pkey  (cost=0.00..35.50 rows=1106 width=0)
	        Index Cond: ((id >= 7533555) AND (id <= 7534554))

explain: for point_selects :: explain SELECT c FROM sbtest%u WHERE id=%u
for: simple_ranges
table 1 : explain SELECT c FROM sbtest1 WHERE id BETWEEN 5293339 AND 5294338
	Bitmap Heap Scan on sbtest1  (cost=30.97..3980.98 rows=1028 width=121)
	  Recheck Cond: ((id >= 5293339) AND (id <= 5294338))
	  ->  Bitmap Index Scan on sbtest1_pkey  (cost=0.00..30.71 rows=1028 width=0)
	        Index Cond: ((id >= 5293339) AND (id <= 5294338))

table 2 : explain SELECT c FROM sbtest2 WHERE id BETWEEN 5162572 AND 5163571
	Bitmap Heap Scan on sbtest2  (cost=35.52..4183.00 rows=1081 width=121)
	  Recheck Cond: ((id >= 5162572) AND (id <= 5163571))
	  ->  Bitmap Index Scan on sbtest2_pkey  (cost=0.00..35.25 rows=1081 width=0)
	        Index Cond: ((id >= 5162572) AND (id <= 5163571))

table 3 : explain SELECT c FROM sbtest3 WHERE id BETWEEN 4937635 AND 4938634
	Bitmap Heap Scan on sbtest3  (cost=30.85..3932.45 rows=1016 width=121)
	  Recheck Cond: ((id >= 4937635) AND (id <= 4938634))
	  ->  Bitmap Index Scan on sbtest3_pkey  (cost=0.00..30.59 rows=1016 width=0)
	        Index Cond: ((id >= 4937635) AND (id <= 4938634))

table 4 : explain SELECT c FROM sbtest4 WHERE id BETWEEN 149191 AND 150190
	Bitmap Heap Scan on sbtest4  (cost=31.25..4081.06 rows=1055 width=121)
	  Recheck Cond: ((id >= 149191) AND (id <= 150190))
	  ->  Bitmap Index Scan on sbtest4_pkey  (cost=0.00..30.98 rows=1055 width=0)
	        Index Cond: ((id >= 149191) AND (id <= 150190))

table 5 : explain SELECT c FROM sbtest5 WHERE id BETWEEN 267912 AND 268911
	Bitmap Heap Scan on sbtest5  (cost=30.99..3987.18 rows=1030 width=121)
	  Recheck Cond: ((id >= 267912) AND (id <= 268911))
	  ->  Bitmap Index Scan on sbtest5_pkey  (cost=0.00..30.73 rows=1030 width=0)
	        Index Cond: ((id >= 267912) AND (id <= 268911))

table 6 : explain SELECT c FROM sbtest6 WHERE id BETWEEN 5986568 AND 5987567
	Bitmap Heap Scan on sbtest6  (cost=30.52..3813.13 rows=984 width=121)
	  Recheck Cond: ((id >= 5986568) AND (id <= 5987567))
	  ->  Bitmap Index Scan on sbtest6_pkey  (cost=0.00..30.27 rows=984 width=0)
	        Index Cond: ((id >= 5986568) AND (id <= 5987567))

table 7 : explain SELECT c FROM sbtest7 WHERE id BETWEEN 8715912 AND 8716911
	Bitmap Heap Scan on sbtest7  (cost=30.35..3747.13 rows=967 width=121)
	  Recheck Cond: ((id >= 8715912) AND (id <= 8716911))
	  ->  Bitmap Index Scan on sbtest7_pkey  (cost=0.00..30.11 rows=967 width=0)
	        Index Cond: ((id >= 8715912) AND (id <= 8716911))

table 8 : explain SELECT c FROM sbtest8 WHERE id BETWEEN 786622 AND 787621
	Bitmap Heap Scan on sbtest8  (cost=30.04..3636.05 rows=937 width=121)
	  Recheck Cond: ((id >= 786622) AND (id <= 787621))
	  ->  Bitmap Index Scan on sbtest8_pkey  (cost=0.00..29.80 rows=937 width=0)
	        Index Cond: ((id >= 786622) AND (id <= 787621))

explain: for point_selects :: explain SELECT c FROM sbtest%u WHERE id=%u
for: sum_ranges
table 1 : explain SELECT SUM(k) FROM sbtest1 WHERE id BETWEEN 4978209 AND 4979208
	Aggregate  (cost=3771.98..3771.99 rows=1 width=8)
	  ->  Bitmap Heap Scan on sbtest1  (cost=30.40..3769.55 rows=972 width=4)
	        Recheck Cond: ((id >= 4978209) AND (id <= 4979208))
	        ->  Bitmap Index Scan on sbtest1_pkey  (cost=0.00..30.15 rows=972 width=0)
	              Index Cond: ((id >= 4978209) AND (id <= 4979208))

table 2 : explain SELECT SUM(k) FROM sbtest2 WHERE id BETWEEN 1324006 AND 1325005
	Aggregate  (cost=3509.44..3509.45 rows=1 width=8)
	  ->  Bitmap Heap Scan on sbtest2  (cost=29.69..3507.19 rows=903 width=4)
	        Recheck Cond: ((id >= 1324006) AND (id <= 1325005))
	        ->  Bitmap Index Scan on sbtest2_pkey  (cost=0.00..29.46 rows=903 width=0)
	              Index Cond: ((id >= 1324006) AND (id <= 1325005))

table 3 : explain SELECT SUM(k) FROM sbtest3 WHERE id BETWEEN 1050910 AND 1051909
	Aggregate  (cost=3538.31..3538.32 rows=1 width=8)
	  ->  Bitmap Heap Scan on sbtest3  (cost=29.77..3536.03 rows=911 width=4)
	        Recheck Cond: ((id >= 1050910) AND (id <= 1051909))
	        ->  Bitmap Index Scan on sbtest3_pkey  (cost=0.00..29.54 rows=911 width=0)
	              Index Cond: ((id >= 1050910) AND (id <= 1051909))

table 4 : explain SELECT SUM(k) FROM sbtest4 WHERE id BETWEEN 776886 AND 777885
	Aggregate  (cost=4030.92..4030.93 rows=1 width=8)
	  ->  Bitmap Heap Scan on sbtest4  (cost=31.11..4028.32 rows=1041 width=4)
	        Recheck Cond: ((id >= 776886) AND (id <= 777885))
	        ->  Bitmap Index Scan on sbtest4_pkey  (cost=0.00..30.84 rows=1041 width=0)
	              Index Cond: ((id >= 776886) AND (id <= 777885))

table 5 : explain SELECT SUM(k) FROM sbtest5 WHERE id BETWEEN 7242118 AND 7243117
	Aggregate  (cost=4445.57..4445.58 rows=1 width=8)
	  ->  Bitmap Heap Scan on sbtest5  (cost=36.23..4442.70 rows=1151 width=4)
	        Recheck Cond: ((id >= 7242118) AND (id <= 7243117))
	        ->  Bitmap Index Scan on sbtest5_pkey  (cost=0.00..35.95 rows=1151 width=0)
	              Index Cond: ((id >= 7242118) AND (id <= 7243117))

table 6 : explain SELECT SUM(k) FROM sbtest6 WHERE id BETWEEN 990507 AND 991506
	Aggregate  (cost=3751.35..3751.36 rows=1 width=8)
	  ->  Bitmap Heap Scan on sbtest6  (cost=30.35..3748.94 rows=967 width=4)
	        Recheck Cond: ((id >= 990507) AND (id <= 991506))
	        ->  Bitmap Index Scan on sbtest6_pkey  (cost=0.00..30.11 rows=967 width=0)
	              Index Cond: ((id >= 990507) AND (id <= 991506))

table 7 : explain SELECT SUM(k) FROM sbtest7 WHERE id BETWEEN 5334163 AND 5335162
	Aggregate  (cost=3636.19..3636.20 rows=1 width=8)
	  ->  Bitmap Heap Scan on sbtest7  (cost=30.04..3633.85 rows=937 width=4)
	        Recheck Cond: ((id >= 5334163) AND (id <= 5335162))
	        ->  Bitmap Index Scan on sbtest7_pkey  (cost=0.00..29.80 rows=937 width=0)
	              Index Cond: ((id >= 5334163) AND (id <= 5335162))

table 8 : explain SELECT SUM(k) FROM sbtest8 WHERE id BETWEEN 9114713 AND 9115712
	Aggregate  (cost=3827.43..3827.44 rows=1 width=8)
	  ->  Bitmap Heap Scan on sbtest8  (cost=30.55..3824.97 rows=987 width=4)
	        Recheck Cond: ((id >= 9114713) AND (id <= 9115712))
	        ->  Bitmap Index Scan on sbtest8_pkey  (cost=0.00..30.30 rows=987 width=0)
	              Index Cond: ((id >= 9114713) AND (id <= 9115712))

explain: for point_selects :: explain SELECT c FROM sbtest%u WHERE id=%u
for: sum_ranges
table 1 : explain SELECT SUM(k) FROM sbtest1 WHERE id BETWEEN 4873583 AND 4874582
	Aggregate  (cost=4240.16..4240.17 rows=1 width=8)
	  ->  Bitmap Heap Scan on sbtest1  (cost=35.66..4237.42 rows=1095 width=4)
	        Recheck Cond: ((id >= 4873583) AND (id <= 4874582))
	        ->  Bitmap Index Scan on sbtest1_pkey  (cost=0.00..35.39 rows=1095 width=0)
	              Index Cond: ((id >= 4873583) AND (id <= 4874582))

table 2 : explain SELECT SUM(k) FROM sbtest2 WHERE id BETWEEN 5611742 AND 5612741
	Aggregate  (cost=3910.26..3910.27 rows=1 width=8)
	  ->  Bitmap Heap Scan on sbtest2  (cost=30.78..3907.74 rows=1009 width=4)
	        Recheck Cond: ((id >= 5611742) AND (id <= 5612741))
	        ->  Bitmap Index Scan on sbtest2_pkey  (cost=0.00..30.52 rows=1009 width=0)
	              Index Cond: ((id >= 5611742) AND (id <= 5612741))

table 3 : explain SELECT SUM(k) FROM sbtest3 WHERE id BETWEEN 7984956 AND 7985955
	Aggregate  (cost=3818.02..3818.03 rows=1 width=8)
	  ->  Bitmap Heap Scan on sbtest3  (cost=30.53..3815.56 rows=985 width=4)
	        Recheck Cond: ((id >= 7984956) AND (id <= 7985955))
	        ->  Bitmap Index Scan on sbtest3_pkey  (cost=0.00..30.29 rows=985 width=0)
	              Index Cond: ((id >= 7984956) AND (id <= 7985955))

table 4 : explain SELECT SUM(k) FROM sbtest4 WHERE id BETWEEN 1429613 AND 1430612
	Aggregate  (cost=3906.43..3906.44 rows=1 width=8)
	  ->  Bitmap Heap Scan on sbtest4  (cost=30.77..3903.91 rows=1008 width=4)
	        Recheck Cond: ((id >= 1429613) AND (id <= 1430612))
	        ->  Bitmap Index Scan on sbtest4_pkey  (cost=0.00..30.51 rows=1008 width=0)
	              Index Cond: ((id >= 1429613) AND (id <= 1430612))

table 5 : explain SELECT SUM(k) FROM sbtest5 WHERE id BETWEEN 24155 AND 25154
	Aggregate  (cost=4068.94..4068.95 rows=1 width=8)
	  ->  Bitmap Heap Scan on sbtest5  (cost=31.21..4066.31 rows=1051 width=4)
	        Recheck Cond: ((id >= 24155) AND (id <= 25154))
	        ->  Bitmap Index Scan on sbtest5_pkey  (cost=0.00..30.94 rows=1051 width=0)
	              Index Cond: ((id >= 24155) AND (id <= 25154))

table 6 : explain SELECT SUM(k) FROM sbtest6 WHERE id BETWEEN 6585609 AND 6586608
	Aggregate  (cost=3679.52..3679.53 rows=1 width=8)
	  ->  Bitmap Heap Scan on sbtest6  (cost=30.15..3677.15 rows=948 width=4)
	        Recheck Cond: ((id >= 6585609) AND (id <= 6586608))
	        ->  Bitmap Index Scan on sbtest6_pkey  (cost=0.00..29.91 rows=948 width=0)
	              Index Cond: ((id >= 6585609) AND (id <= 6586608))

table 7 : explain SELECT SUM(k) FROM sbtest7 WHERE id BETWEEN 1196677 AND 1197676
	Aggregate  (cost=3915.60..3915.61 rows=1 width=8)
	  ->  Bitmap Heap Scan on sbtest7  (cost=30.80..3913.07 rows=1011 width=4)
	        Recheck Cond: ((id >= 1196677) AND (id <= 1197676))
	        ->  Bitmap Index Scan on sbtest7_pkey  (cost=0.00..30.54 rows=1011 width=0)
	              Index Cond: ((id >= 1196677) AND (id <= 1197676))

table 8 : explain SELECT SUM(k) FROM sbtest8 WHERE id BETWEEN 8659102 AND 8660101
	Aggregate  (cost=3955.80..3955.81 rows=1 width=8)
	  ->  Bitmap Heap Scan on sbtest8  (cost=30.90..3953.25 rows=1021 width=4)
	        Recheck Cond: ((id >= 8659102) AND (id <= 8660101))
	        ->  Bitmap Index Scan on sbtest8_pkey  (cost=0.00..30.64 rows=1021 width=0)
	              Index Cond: ((id >= 8659102) AND (id <= 8660101))

for: sum_ranges
table 1 : explain SELECT SUM(k) FROM sbtest1 WHERE id BETWEEN 1368550 AND 1369549
	Aggregate  (cost=3904.25..3904.26 rows=1 width=8)
	  ->  Bitmap Heap Scan on sbtest1  (cost=30.76..3901.74 rows=1007 width=4)
	        Recheck Cond: ((id >= 1368550) AND (id <= 1369549))
	        ->  Bitmap Index Scan on sbtest1_pkey  (cost=0.00..30.50 rows=1007 width=0)
	              Index Cond: ((id >= 1368550) AND (id <= 1369549))

table 2 : explain SELECT SUM(k) FROM sbtest2 WHERE id BETWEEN 1381106 AND 1382105
	Aggregate  (cost=3509.44..3509.45 rows=1 width=8)
	  ->  Bitmap Heap Scan on sbtest2  (cost=29.69..3507.19 rows=903 width=4)
	        Recheck Cond: ((id >= 1381106) AND (id <= 1382105))
	        ->  Bitmap Index Scan on sbtest2_pkey  (cost=0.00..29.46 rows=903 width=0)
	              Index Cond: ((id >= 1381106) AND (id <= 1382105))

table 3 : explain SELECT SUM(k) FROM sbtest3 WHERE id BETWEEN 9737459 AND 9738458
	Aggregate  (cost=3719.83..3719.84 rows=1 width=8)
	  ->  Bitmap Heap Scan on sbtest3  (cost=30.26..3717.43 rows=959 width=4)
	        Recheck Cond: ((id >= 9737459) AND (id <= 9738458))
	        ->  Bitmap Index Scan on sbtest3_pkey  (cost=0.00..30.02 rows=959 width=0)
	              Index Cond: ((id >= 9737459) AND (id <= 9738458))

table 4 : explain SELECT SUM(k) FROM sbtest4 WHERE id BETWEEN 6856061 AND 6857060
	Aggregate  (cost=4049.77..4049.78 rows=1 width=8)
	  ->  Bitmap Heap Scan on sbtest4  (cost=31.16..4047.16 rows=1046 width=4)
	        Recheck Cond: ((id >= 6856061) AND (id <= 6857060))
	        ->  Bitmap Index Scan on sbtest4_pkey  (cost=0.00..30.89 rows=1046 width=0)
	              Index Cond: ((id >= 6856061) AND (id <= 6857060))

table 5 : explain SELECT SUM(k) FROM sbtest5 WHERE id BETWEEN 6663010 AND 6664009
	Aggregate  (cost=4031.24..4031.25 rows=1 width=8)
	  ->  Bitmap Heap Scan on sbtest5  (cost=31.11..4028.64 rows=1041 width=4)
	        Recheck Cond: ((id >= 6663010) AND (id <= 6664009))
	        ->  Bitmap Index Scan on sbtest5_pkey  (cost=0.00..30.84 rows=1041 width=0)
	              Index Cond: ((id >= 6663010) AND (id <= 6664009))

table 6 : explain SELECT SUM(k) FROM sbtest6 WHERE id BETWEEN 1319431 AND 1320430
	Aggregate  (cost=4302.05..4302.06 rows=1 width=8)
	  ->  Bitmap Heap Scan on sbtest6  (cost=35.83..4299.27 rows=1112 width=4)
	        Recheck Cond: ((id >= 1319431) AND (id <= 1320430))
	        ->  Bitmap Index Scan on sbtest6_pkey  (cost=0.00..35.56 rows=1112 width=0)
	              Index Cond: ((id >= 1319431) AND (id <= 1320430))

table 7 : explain SELECT SUM(k) FROM sbtest7 WHERE id BETWEEN 8527543 AND 8528542
	Aggregate  (cost=4006.06..4006.07 rows=1 width=8)
	  ->  Bitmap Heap Scan on sbtest7  (cost=31.04..4003.48 rows=1035 width=4)
	        Recheck Cond: ((id >= 8527543) AND (id <= 8528542))
	        ->  Bitmap Index Scan on sbtest7_pkey  (cost=0.00..30.79 rows=1035 width=0)
	              Index Cond: ((id >= 8527543) AND (id <= 8528542))

table 8 : explain SELECT SUM(k) FROM sbtest8 WHERE id BETWEEN 4984053 AND 4985052
	Aggregate  (cost=3763.19..3763.20 rows=1 width=8)
	  ->  Bitmap Heap Scan on sbtest8  (cost=30.38..3760.77 rows=970 width=4)
	        Recheck Cond: ((id >= 4984053) AND (id <= 4985052))
	        ->  Bitmap Index Scan on sbtest8_pkey  (cost=0.00..30.14 rows=970 width=0)
	              Index Cond: ((id >= 4984053) AND (id <= 4985052))

for: sum_ranges
table 1 : explain SELECT SUM(k) FROM sbtest1 WHERE id BETWEEN 1937233 AND 1938232
	Aggregate  (cost=3957.12..3957.13 rows=1 width=8)
	  ->  Bitmap Heap Scan on sbtest1  (cost=30.90..3954.57 rows=1021 width=4)
	        Recheck Cond: ((id >= 1937233) AND (id <= 1938232))
	        ->  Bitmap Index Scan on sbtest1_pkey  (cost=0.00..30.64 rows=1021 width=0)
	              Index Cond: ((id >= 1937233) AND (id <= 1938232))

table 2 : explain SELECT SUM(k) FROM sbtest2 WHERE id BETWEEN 4629130 AND 4630129
	Aggregate  (cost=3785.63..3785.64 rows=1 width=8)
	  ->  Bitmap Heap Scan on sbtest2  (cost=30.44..3783.19 rows=976 width=4)
	        Recheck Cond: ((id >= 4629130) AND (id <= 4630129))
	        ->  Bitmap Index Scan on sbtest2_pkey  (cost=0.00..30.19 rows=976 width=0)
	              Index Cond: ((id >= 4629130) AND (id <= 4630129))

table 3 : explain SELECT SUM(k) FROM sbtest3 WHERE id BETWEEN 5370083 AND 5371082
	Aggregate  (cost=3980.23..3980.24 rows=1 width=8)
	  ->  Bitmap Heap Scan on sbtest3  (cost=30.97..3977.66 rows=1028 width=4)
	        Recheck Cond: ((id >= 5370083) AND (id <= 5371082))
	        ->  Bitmap Index Scan on sbtest3_pkey  (cost=0.00..30.71 rows=1028 width=0)
	              Index Cond: ((id >= 5370083) AND (id <= 5371082))

table 4 : explain SELECT SUM(k) FROM sbtest4 WHERE id BETWEEN 9803098 AND 9804097
	Aggregate  (cost=3838.47..3838.48 rows=1 width=8)
	  ->  Bitmap Heap Scan on sbtest4  (cost=30.58..3835.99 rows=990 width=4)
	        Recheck Cond: ((id >= 9803098) AND (id <= 9804097))
	        ->  Bitmap Index Scan on sbtest4_pkey  (cost=0.00..30.33 rows=990 width=0)
	              Index Cond: ((id >= 9803098) AND (id <= 9804097))

table 5 : explain SELECT SUM(k) FROM sbtest5 WHERE id BETWEEN 701025 AND 702024
	Aggregate  (cost=4129.47..4129.48 rows=1 width=8)
	  ->  Bitmap Heap Scan on sbtest5  (cost=35.36..4126.81 rows=1066 width=4)
	        Recheck Cond: ((id >= 701025) AND (id <= 702024))
	        ->  Bitmap Index Scan on sbtest5_pkey  (cost=0.00..35.09 rows=1066 width=0)
	              Index Cond: ((id >= 701025) AND (id <= 702024))

table 6 : explain SELECT SUM(k) FROM sbtest6 WHERE id BETWEEN 4387987 AND 4388986
	Aggregate  (cost=3596.29..3596.30 rows=1 width=8)
	  ->  Bitmap Heap Scan on sbtest6  (cost=29.93..3593.97 rows=926 width=4)
	        Recheck Cond: ((id >= 4387987) AND (id <= 4388986))
	        ->  Bitmap Index Scan on sbtest6_pkey  (cost=0.00..29.69 rows=926 width=0)
	              Index Cond: ((id >= 4387987) AND (id <= 4388986))

table 7 : explain SELECT SUM(k) FROM sbtest7 WHERE id BETWEEN 6872848 AND 6873847
	Aggregate  (cost=3881.65..3881.66 rows=1 width=8)
	  ->  Bitmap Heap Scan on sbtest7  (cost=30.71..3879.15 rows=1002 width=4)
	        Recheck Cond: ((id >= 6872848) AND (id <= 6873847))
	        ->  Bitmap Index Scan on sbtest7_pkey  (cost=0.00..30.45 rows=1002 width=0)
	              Index Cond: ((id >= 6872848) AND (id <= 6873847))

table 8 : explain SELECT SUM(k) FROM sbtest8 WHERE id BETWEEN 3048376 AND 3049375
	Aggregate  (cost=3948.25..3948.26 rows=1 width=8)
	  ->  Bitmap Heap Scan on sbtest8  (cost=30.88..3945.71 rows=1019 width=4)
	        Recheck Cond: ((id >= 3048376) AND (id <= 3049375))
	        ->  Bitmap Index Scan on sbtest8_pkey  (cost=0.00..30.62 rows=1019 width=0)
	              Index Cond: ((id >= 3048376) AND (id <= 3049375))

explain: for point_selects :: explain SELECT c FROM sbtest%u WHERE id=%u
for: sum_ranges
table 1 : explain SELECT SUM(k) FROM sbtest1 WHERE id BETWEEN 1157886 AND 1158885
	Aggregate  (cost=4047.69..4047.70 rows=1 width=8)
	  ->  Bitmap Heap Scan on sbtest1  (cost=31.15..4045.08 rows=1045 width=4)
	        Recheck Cond: ((id >= 1157886) AND (id <= 1158885))
	        ->  Bitmap Index Scan on sbtest1_pkey  (cost=0.00..30.89 rows=1045 width=0)
	              Index Cond: ((id >= 1157886) AND (id <= 1158885))

table 2 : explain SELECT SUM(k) FROM sbtest2 WHERE id BETWEEN 3599648 AND 3600647
	Aggregate  (cost=3989.50..3989.51 rows=1 width=8)
	  ->  Bitmap Heap Scan on sbtest2  (cost=30.99..3986.92 rows=1030 width=4)
	        Recheck Cond: ((id >= 3599648) AND (id <= 3600647))
	        ->  Bitmap Index Scan on sbtest2_pkey  (cost=0.00..30.73 rows=1030 width=0)
	              Index Cond: ((id >= 3599648) AND (id <= 3600647))

table 3 : explain SELECT SUM(k) FROM sbtest3 WHERE id BETWEEN 472294 AND 473293
	Aggregate  (cost=3901.04..3901.05 rows=1 width=8)
	  ->  Bitmap Heap Scan on sbtest3  (cost=30.76..3898.52 rows=1007 width=4)
	        Recheck Cond: ((id >= 472294) AND (id <= 473293))
	        ->  Bitmap Index Scan on sbtest3_pkey  (cost=0.00..30.50 rows=1007 width=0)
	              Index Cond: ((id >= 472294) AND (id <= 473293))

table 4 : explain SELECT SUM(k) FROM sbtest4 WHERE id BETWEEN 5727152 AND 5728151
	Aggregate  (cost=3683.51..3683.52 rows=1 width=8)
	  ->  Bitmap Heap Scan on sbtest4  (cost=30.16..3681.14 rows=949 width=4)
	        Recheck Cond: ((id >= 5727152) AND (id <= 5728151))
	        ->  Bitmap Index Scan on sbtest4_pkey  (cost=0.00..29.93 rows=949 width=0)
	              Index Cond: ((id >= 5727152) AND (id <= 5728151))

table 5 : explain SELECT SUM(k) FROM sbtest5 WHERE id BETWEEN 2030607 AND 2031606
	Aggregate  (cost=4012.38..4012.39 rows=1 width=8)
	  ->  Bitmap Heap Scan on sbtest5  (cost=31.05..4009.79 rows=1036 width=4)
	        Recheck Cond: ((id >= 2030607) AND (id <= 2031606))
	        ->  Bitmap Index Scan on sbtest5_pkey  (cost=0.00..30.79 rows=1036 width=0)
	              Index Cond: ((id >= 2030607) AND (id <= 2031606))

table 6 : explain SELECT SUM(k) FROM sbtest6 WHERE id BETWEEN 5020163 AND 5021162
	Aggregate  (cost=3520.57..3520.58 rows=1 width=8)
	  ->  Bitmap Heap Scan on sbtest6  (cost=29.72..3518.30 rows=906 width=4)
	        Recheck Cond: ((id >= 5020163) AND (id <= 5021162))
	        ->  Bitmap Index Scan on sbtest6_pkey  (cost=0.00..29.50 rows=906 width=0)
	              Index Cond: ((id >= 5020163) AND (id <= 5021162))

table 7 : explain SELECT SUM(k) FROM sbtest7 WHERE id BETWEEN 4258915 AND 4259914
	Aggregate  (cost=3685.33..3685.34 rows=1 width=8)
	  ->  Bitmap Heap Scan on sbtest7  (cost=30.17..3682.95 rows=950 width=4)
	        Recheck Cond: ((id >= 4258915) AND (id <= 4259914))
	        ->  Bitmap Index Scan on sbtest7_pkey  (cost=0.00..29.93 rows=950 width=0)
	              Index Cond: ((id >= 4258915) AND (id <= 4259914))

table 8 : explain SELECT SUM(k) FROM sbtest8 WHERE id BETWEEN 9479288 AND 9480287
	Aggregate  (cost=3532.38..3532.39 rows=1 width=8)
	  ->  Bitmap Heap Scan on sbtest8  (cost=29.75..3530.11 rows=909 width=4)
	        Recheck Cond: ((id >= 9479288) AND (id <= 9480287))
	        ->  Bitmap Index Scan on sbtest8_pkey  (cost=0.00..29.52 rows=909 width=0)
	              Index Cond: ((id >= 9479288) AND (id <= 9480287))

for point_selects
table 1 : explain SELECT c FROM sbtest1 WHERE id=3502365
	Index Scan using sbtest1_pkey on sbtest1  (cost=0.43..8.45 rows=1 width=121)
	  Index Cond: (id = 3502365)

table 2 : explain SELECT c FROM sbtest2 WHERE id=9838160
	Index Scan using sbtest2_pkey on sbtest2  (cost=0.43..8.45 rows=1 width=121)
	  Index Cond: (id = 9838160)

table 3 : explain SELECT c FROM sbtest3 WHERE id=4725236
	Index Scan using sbtest3_pkey on sbtest3  (cost=0.43..8.45 rows=1 width=121)
	  Index Cond: (id = 4725236)

table 4 : explain SELECT c FROM sbtest4 WHERE id=443837
	Index Scan using sbtest4_pkey on sbtest4  (cost=0.43..8.45 rows=1 width=121)
	  Index Cond: (id = 443837)

table 5 : explain SELECT c FROM sbtest5 WHERE id=3585928
	Index Scan using sbtest5_pkey on sbtest5  (cost=0.43..8.45 rows=1 width=121)
	  Index Cond: (id = 3585928)

table 6 : explain SELECT c FROM sbtest6 WHERE id=6397689
	Index Scan using sbtest6_pkey on sbtest6  (cost=0.43..8.45 rows=1 width=121)
	  Index Cond: (id = 6397689)

table 7 : explain SELECT c FROM sbtest7 WHERE id=7986447
	Index Scan using sbtest7_pkey on sbtest7  (cost=0.43..8.45 rows=1 width=121)
	  Index Cond: (id = 7986447)

table 8 : explain SELECT c FROM sbtest8 WHERE id=1823448
	Index Scan using sbtest8_pkey on sbtest8  (cost=0.43..8.45 rows=1 width=121)
	  Index Cond: (id = 1823448)

for: sum_ranges
table 1 : explain SELECT SUM(k) FROM sbtest1 WHERE id BETWEEN 9261690 AND 9262689
	Aggregate  (cost=3930.69..3930.70 rows=1 width=8)
	  ->  Bitmap Heap Scan on sbtest1  (cost=30.83..3928.16 rows=1014 width=4)
	        Recheck Cond: ((id >= 9261690) AND (id <= 9262689))
	        ->  Bitmap Index Scan on sbtest1_pkey  (cost=0.00..30.57 rows=1014 width=0)
	              Index Cond: ((id >= 9261690) AND (id <= 9262689))

table 2 : explain SELECT SUM(k) FROM sbtest2 WHERE id BETWEEN 7487920 AND 7488919
	Aggregate  (cost=3861.18..3861.19 rows=1 width=8)
	  ->  Bitmap Heap Scan on sbtest2  (cost=30.64..3858.69 rows=996 width=4)
	        Recheck Cond: ((id >= 7487920) AND (id <= 7488919))
	        ->  Bitmap Index Scan on sbtest2_pkey  (cost=0.00..30.39 rows=996 width=0)
	              Index Cond: ((id >= 7487920) AND (id <= 7488919))

table 3 : explain SELECT SUM(k) FROM sbtest3 WHERE id BETWEEN 9565444 AND 9566443
	Aggregate  (cost=3912.36..3912.37 rows=1 width=8)
	  ->  Bitmap Heap Scan on sbtest3  (cost=30.79..3909.83 rows=1010 width=4)
	        Recheck Cond: ((id >= 9565444) AND (id <= 9566443))
	        ->  Bitmap Index Scan on sbtest3_pkey  (cost=0.00..30.54 rows=1010 width=0)
	              Index Cond: ((id >= 9565444) AND (id <= 9566443))

table 4 : explain SELECT SUM(k) FROM sbtest4 WHERE id BETWEEN 1943695 AND 1944694
	Aggregate  (cost=3834.69..3834.70 rows=1 width=8)
	  ->  Bitmap Heap Scan on sbtest4  (cost=30.57..3832.22 rows=989 width=4)
	        Recheck Cond: ((id >= 1943695) AND (id <= 1944694))
	        ->  Bitmap Index Scan on sbtest4_pkey  (cost=0.00..30.32 rows=989 width=0)
	              Index Cond: ((id >= 1943695) AND (id <= 1944694))

table 5 : explain SELECT SUM(k) FROM sbtest5 WHERE id BETWEEN 3250841 AND 3251840
	Aggregate  (cost=3982.21..3982.22 rows=1 width=8)
	  ->  Bitmap Heap Scan on sbtest5  (cost=30.97..3979.64 rows=1028 width=4)
	        Recheck Cond: ((id >= 3250841) AND (id <= 3251840))
	        ->  Bitmap Index Scan on sbtest5_pkey  (cost=0.00..30.71 rows=1028 width=0)
	              Index Cond: ((id >= 3250841) AND (id <= 3251840))

table 6 : explain SELECT SUM(k) FROM sbtest6 WHERE id BETWEEN 3331442 AND 3332441
	Aggregate  (cost=4140.20..4140.21 rows=1 width=8)
	  ->  Bitmap Heap Scan on sbtest6  (cost=35.39..4137.53 rows=1069 width=4)
	        Recheck Cond: ((id >= 3331442) AND (id <= 3332441))
	        ->  Bitmap Index Scan on sbtest6_pkey  (cost=0.00..35.12 rows=1069 width=0)
	              Index Cond: ((id >= 3331442) AND (id <= 3332441))

table 7 : explain SELECT SUM(k) FROM sbtest7 WHERE id BETWEEN 3171869 AND 3172868
	Aggregate  (cost=3704.22..3704.23 rows=1 width=8)
	  ->  Bitmap Heap Scan on sbtest7  (cost=30.22..3701.83 rows=955 width=4)
	        Recheck Cond: ((id >= 3171869) AND (id <= 3172868))
	        ->  Bitmap Index Scan on sbtest7_pkey  (cost=0.00..29.98 rows=955 width=0)
	              Index Cond: ((id >= 3171869) AND (id <= 3172868))

table 8 : explain SELECT SUM(k) FROM sbtest8 WHERE id BETWEEN 2737318 AND 2738317
	Aggregate  (cost=3566.47..3566.48 rows=1 width=8)
	  ->  Bitmap Heap Scan on sbtest8  (cost=29.84..3564.17 rows=918 width=4)
	        Recheck Cond: ((id >= 2737318) AND (id <= 2738317))
	        ->  Bitmap Index Scan on sbtest8_pkey  (cost=0.00..29.61 rows=918 width=0)
	              Index Cond: ((id >= 2737318) AND (id <= 2738317))

for point_selects
table 1 : explain SELECT c FROM sbtest1 WHERE id=2284615
	Index Scan using sbtest1_pkey on sbtest1  (cost=0.43..8.45 rows=1 width=121)
	  Index Cond: (id = 2284615)

table 2 : explain SELECT c FROM sbtest2 WHERE id=8997685
	Index Scan using sbtest2_pkey on sbtest2  (cost=0.43..8.45 rows=1 width=121)
	  Index Cond: (id = 8997685)

table 3 : explain SELECT c FROM sbtest3 WHERE id=8335870
	Index Scan using sbtest3_pkey on sbtest3  (cost=0.43..8.45 rows=1 width=121)
	  Index Cond: (id = 8335870)

table 4 : explain SELECT c FROM sbtest4 WHERE id=7805842
	Index Scan using sbtest4_pkey on sbtest4  (cost=0.43..8.45 rows=1 width=121)
	  Index Cond: (id = 7805842)

table 5 : explain SELECT c FROM sbtest5 WHERE id=7652892
	Index Scan using sbtest5_pkey on sbtest5  (cost=0.43..8.45 rows=1 width=121)
	  Index Cond: (id = 7652892)

table 6 : explain SELECT c FROM sbtest6 WHERE id=8495142
	Index Scan using sbtest6_pkey on sbtest6  (cost=0.43..8.45 rows=1 width=121)
	  Index Cond: (id = 8495142)

table 7 : explain SELECT c FROM sbtest7 WHERE id=9853348
	Index Scan using sbtest7_pkey on sbtest7  (cost=0.43..8.45 rows=1 width=121)
	  Index Cond: (id = 9853348)

table 8 : explain SELECT c FROM sbtest8 WHERE id=2736561
	Index Scan using sbtest8_pkey on sbtest8  (cost=0.43..8.45 rows=1 width=121)
	  Index Cond: (id = 2736561)

for: order_ranges
table 1 : explain SELECT c FROM sbtest1 WHERE id BETWEEN 6690282 AND 6691281 ORDER BY c
	Sort  (cost=3863.81..3866.27 rows=984 width=121)
	  Sort Key: c
	  ->  Bitmap Heap Scan on sbtest1  (cost=30.52..3814.89 rows=984 width=121)
	        Recheck Cond: ((id >= 6690282) AND (id <= 6691281))
	        ->  Bitmap Index Scan on sbtest1_pkey  (cost=0.00..30.27 rows=984 width=0)
	              Index Cond: ((id >= 6690282) AND (id <= 6691281))

table 2 : explain SELECT c FROM sbtest2 WHERE id BETWEEN 3663562 AND 3664561 ORDER BY c
	Sort  (cost=4095.85..4098.47 rows=1045 width=121)
	  Sort Key: c
	  ->  Bitmap Heap Scan on sbtest2  (cost=31.15..4043.45 rows=1045 width=121)
	        Recheck Cond: ((id >= 3663562) AND (id <= 3664561))
	        ->  Bitmap Index Scan on sbtest2_pkey  (cost=0.00..30.89 rows=1045 width=0)
	              Index Cond: ((id >= 3663562) AND (id <= 3664561))

table 3 : explain SELECT c FROM sbtest3 WHERE id BETWEEN 9131077 AND 9132076 ORDER BY c
	Sort  (cost=4086.44..4089.05 rows=1043 width=121)
	  Sort Key: c
	  ->  Bitmap Heap Scan on sbtest3  (cost=31.13..4034.15 rows=1043 width=121)
	        Recheck Cond: ((id >= 9131077) AND (id <= 9132076))
	        ->  Bitmap Index Scan on sbtest3_pkey  (cost=0.00..30.86 rows=1043 width=0)
	              Index Cond: ((id >= 9131077) AND (id <= 9132076))

table 4 : explain SELECT c FROM sbtest4 WHERE id BETWEEN 7741043 AND 7742042 ORDER BY c
	Sort  (cost=4084.32..4086.92 rows=1042 width=121)
	  Sort Key: c
	  ->  Bitmap Heap Scan on sbtest4  (cost=31.12..4032.09 rows=1042 width=121)
	        Recheck Cond: ((id >= 7741043) AND (id <= 7742042))
	        ->  Bitmap Index Scan on sbtest4_pkey  (cost=0.00..30.86 rows=1042 width=0)
	              Index Cond: ((id >= 7741043) AND (id <= 7742042))

table 5 : explain SELECT c FROM sbtest5 WHERE id BETWEEN 1965069 AND 1966068 ORDER BY c
	Sort  (cost=3782.04..3784.45 rows=963 width=121)
	  Sort Key: c
	  ->  Bitmap Heap Scan on sbtest5  (cost=30.31..3734.32 rows=963 width=121)
	        Recheck Cond: ((id >= 1965069) AND (id <= 1966068))
	        ->  Bitmap Index Scan on sbtest5_pkey  (cost=0.00..30.07 rows=963 width=0)
	              Index Cond: ((id >= 1965069) AND (id <= 1966068))

table 6 : explain SELECT c FROM sbtest6 WHERE id BETWEEN 9267792 AND 9268791 ORDER BY c
	Sort  (cost=4019.04..4021.60 rows=1025 width=121)
	  Sort Key: c
	  ->  Bitmap Heap Scan on sbtest6  (cost=30.94..3967.79 rows=1025 width=121)
	        Recheck Cond: ((id >= 9267792) AND (id <= 9268791))
	        ->  Bitmap Index Scan on sbtest6_pkey  (cost=0.00..30.68 rows=1025 width=0)
	              Index Cond: ((id >= 9267792) AND (id <= 9268791))

table 7 : explain SELECT c FROM sbtest7 WHERE id BETWEEN 6546617 AND 6547616 ORDER BY c
	Sort  (cost=4020.90..4023.46 rows=1026 width=121)
	  Sort Key: c
	  ->  Bitmap Heap Scan on sbtest7  (cost=30.95..3969.58 rows=1026 width=121)
	        Recheck Cond: ((id >= 6546617) AND (id <= 6547616))
	        ->  Bitmap Index Scan on sbtest7_pkey  (cost=0.00..30.69 rows=1026 width=0)
	              Index Cond: ((id >= 6546617) AND (id <= 6547616))

table 8 : explain SELECT c FROM sbtest8 WHERE id BETWEEN 9309934 AND 9310933 ORDER BY c
	Sort  (cost=3908.54..3911.03 rows=996 width=121)
	  Sort Key: c
	  ->  Bitmap Heap Scan on sbtest8  (cost=30.64..3858.94 rows=996 width=121)
	        Recheck Cond: ((id >= 9309934) AND (id <= 9310933))
	        ->  Bitmap Index Scan on sbtest8_pkey  (cost=0.00..30.39 rows=996 width=0)
	              Index Cond: ((id >= 9309934) AND (id <= 9310933))

explain: for point_selects :: explain SELECT c FROM sbtest%u WHERE id=%u
for: order_ranges
table 1 : explain SELECT c FROM sbtest1 WHERE id BETWEEN 5420302 AND 5421301 ORDER BY c
	Sort  (cost=3948.13..3950.65 rows=1006 width=121)
	  Sort Key: c
	  ->  Bitmap Heap Scan on sbtest1  (cost=30.75..3897.96 rows=1006 width=121)
	        Recheck Cond: ((id >= 5420302) AND (id <= 5421301))
	        ->  Bitmap Index Scan on sbtest1_pkey  (cost=0.00..30.50 rows=1006 width=0)
	              Index Cond: ((id >= 5420302) AND (id <= 5421301))

table 2 : explain SELECT c FROM sbtest2 WHERE id BETWEEN 2600191 AND 2601190 ORDER BY c
	Sort  (cost=4015.51..4018.07 rows=1024 width=121)
	  Sort Key: c
	  ->  Bitmap Heap Scan on sbtest2  (cost=30.93..3964.31 rows=1024 width=121)
	        Recheck Cond: ((id >= 2600191) AND (id <= 2601190))
	        ->  Bitmap Index Scan on sbtest2_pkey  (cost=0.00..30.68 rows=1024 width=0)
	              Index Cond: ((id >= 2600191) AND (id <= 2601190))

table 3 : explain SELECT c FROM sbtest3 WHERE id BETWEEN 124894 AND 125893 ORDER BY c
	Sort  (cost=4109.38..4112.00 rows=1049 width=121)
	  Sort Key: c
	  ->  Bitmap Heap Scan on sbtest3  (cost=31.19..4056.74 rows=1049 width=121)
	        Recheck Cond: ((id >= 124894) AND (id <= 125893))
	        ->  Bitmap Index Scan on sbtest3_pkey  (cost=0.00..30.93 rows=1049 width=0)
	              Index Cond: ((id >= 124894) AND (id <= 125893))

table 4 : explain SELECT c FROM sbtest4 WHERE id BETWEEN 7121802 AND 7122801 ORDER BY c
	Sort  (cost=3843.10..3845.55 rows=979 width=121)
	  Sort Key: c
	  ->  Bitmap Heap Scan on sbtest4  (cost=30.47..3794.47 rows=979 width=121)
	        Recheck Cond: ((id >= 7121802) AND (id <= 7122801))
	        ->  Bitmap Index Scan on sbtest4_pkey  (cost=0.00..30.22 rows=979 width=0)
	              Index Cond: ((id >= 7121802) AND (id <= 7122801))

table 5 : explain SELECT c FROM sbtest5 WHERE id BETWEEN 3955128 AND 3956127 ORDER BY c
	Sort  (cost=4264.49..4267.21 rows=1088 width=121)
	  Sort Key: c
	  ->  Bitmap Heap Scan on sbtest5  (cost=35.59..4209.62 rows=1088 width=121)
	        Recheck Cond: ((id >= 3955128) AND (id <= 3956127))
	        ->  Bitmap Index Scan on sbtest5_pkey  (cost=0.00..35.32 rows=1088 width=0)
	              Index Cond: ((id >= 3955128) AND (id <= 3956127))

table 6 : explain SELECT c FROM sbtest6 WHERE id BETWEEN 740057 AND 741056 ORDER BY c
	Sort  (cost=4305.91..4308.65 rows=1099 width=121)
	  Sort Key: c
	  ->  Bitmap Heap Scan on sbtest6  (cost=35.70..4250.40 rows=1099 width=121)
	        Recheck Cond: ((id >= 740057) AND (id <= 741056))
	        ->  Bitmap Index Scan on sbtest6_pkey  (cost=0.00..35.43 rows=1099 width=0)
	              Index Cond: ((id >= 740057) AND (id <= 741056))

table 7 : explain SELECT c FROM sbtest7 WHERE id BETWEEN 197933 AND 198932 ORDER BY c
	Sort  (cost=3837.22..3839.66 rows=978 width=121)
	  Sort Key: c
	  ->  Bitmap Heap Scan on sbtest7  (cost=30.46..3788.64 rows=978 width=121)
	        Recheck Cond: ((id >= 197933) AND (id <= 198932))
	        ->  Bitmap Index Scan on sbtest7_pkey  (cost=0.00..30.21 rows=978 width=0)
	              Index Cond: ((id >= 197933) AND (id <= 198932))

table 8 : explain SELECT c FROM sbtest8 WHERE id BETWEEN 9678802 AND 9679801 ORDER BY c
	Sort  (cost=4065.51..4068.10 rows=1037 width=121)
	  Sort Key: c
	  ->  Bitmap Heap Scan on sbtest8  (cost=31.06..4013.57 rows=1037 width=121)
	        Recheck Cond: ((id >= 9678802) AND (id <= 9679801))
	        ->  Bitmap Index Scan on sbtest8_pkey  (cost=0.00..30.80 rows=1037 width=0)
	              Index Cond: ((id >= 9678802) AND (id <= 9679801))

for: simple_ranges
table 1 : explain SELECT c FROM sbtest1 WHERE id BETWEEN 9623174 AND 9624173
	Bitmap Heap Scan on sbtest1  (cost=31.01..3996.06 rows=1032 width=121)
	  Recheck Cond: ((id >= 9623174) AND (id <= 9624173))
	  ->  Bitmap Index Scan on sbtest1_pkey  (cost=0.00..30.75 rows=1032 width=0)
	        Index Cond: ((id >= 9623174) AND (id <= 9624173))

table 2 : explain SELECT c FROM sbtest2 WHERE id BETWEEN 9146236 AND 9147235
	Bitmap Heap Scan on sbtest2  (cost=30.23..3707.64 rows=956 width=121)
	  Recheck Cond: ((id >= 9146236) AND (id <= 9147235))
	  ->  Bitmap Index Scan on sbtest2_pkey  (cost=0.00..30.00 rows=956 width=0)
	        Index Cond: ((id >= 9146236) AND (id <= 9147235))

table 3 : explain SELECT c FROM sbtest3 WHERE id BETWEEN 5211291 AND 5212290
	Bitmap Heap Scan on sbtest3  (cost=30.36..3751.41 rows=968 width=121)
	  Recheck Cond: ((id >= 5211291) AND (id <= 5212290))
	  ->  Bitmap Index Scan on sbtest3_pkey  (cost=0.00..30.11 rows=968 width=0)
	        Index Cond: ((id >= 5211291) AND (id <= 5212290))

table 4 : explain SELECT c FROM sbtest4 WHERE id BETWEEN 3162744 AND 3163743
	Bitmap Heap Scan on sbtest4  (cost=30.52..3813.34 rows=984 width=121)
	  Recheck Cond: ((id >= 3162744) AND (id <= 3163743))
	  ->  Bitmap Index Scan on sbtest4_pkey  (cost=0.00..30.27 rows=984 width=0)
	        Index Cond: ((id >= 3162744) AND (id <= 3163743))

table 5 : explain SELECT c FROM sbtest5 WHERE id BETWEEN 5794595 AND 5795594
	Bitmap Heap Scan on sbtest5  (cost=30.62..3851.38 rows=994 width=121)
	  Recheck Cond: ((id >= 5794595) AND (id <= 5795594))
	  ->  Bitmap Index Scan on sbtest5_pkey  (cost=0.00..30.37 rows=994 width=0)
	        Index Cond: ((id >= 5794595) AND (id <= 5795594))

table 6 : explain SELECT c FROM sbtest6 WHERE id BETWEEN 5210205 AND 5211204
	Bitmap Heap Scan on sbtest6  (cost=30.70..3877.28 rows=1001 width=121)
	  Recheck Cond: ((id >= 5210205) AND (id <= 5211204))
	  ->  Bitmap Index Scan on sbtest6_pkey  (cost=0.00..30.44 rows=1001 width=0)
	        Index Cond: ((id >= 5210205) AND (id <= 5211204))

table 7 : explain SELECT c FROM sbtest7 WHERE id BETWEEN 3756396 AND 3757395
	Bitmap Heap Scan on sbtest7  (cost=35.38..4131.67 rows=1068 width=121)
	  Recheck Cond: ((id >= 3756396) AND (id <= 3757395))
	  ->  Bitmap Index Scan on sbtest7_pkey  (cost=0.00..35.12 rows=1068 width=0)
	        Index Cond: ((id >= 3756396) AND (id <= 3757395))

table 8 : explain SELECT c FROM sbtest8 WHERE id BETWEEN 9862525 AND 9863524
	Bitmap Heap Scan on sbtest8  (cost=29.82..3556.61 rows=916 width=121)
	  Recheck Cond: ((id >= 9862525) AND (id <= 9863524))
	  ->  Bitmap Index Scan on sbtest8_pkey  (cost=0.00..29.59 rows=916 width=0)
	        Index Cond: ((id >= 9862525) AND (id <= 9863524))

for: distinct_ranges
table 1 : explain SELECT DISTINCT c FROM sbtest1 WHERE id BETWEEN 7434591 AND 7435590 ORDER BY c
	Unique  (cost=4158.70..4164.01 rows=1061 width=121)
	  ->  Sort  (cost=4158.70..4161.36 rows=1061 width=121)
	        Sort Key: c
	        ->  Bitmap Heap Scan on sbtest1  (cost=31.31..4105.38 rows=1061 width=121)
	              Recheck Cond: ((id >= 7434591) AND (id <= 7435590))
	              ->  Bitmap Index Scan on sbtest1_pkey  (cost=0.00..31.04 rows=1061 width=0)
	                    Index Cond: ((id >= 7434591) AND (id <= 7435590))

table 2 : explain SELECT DISTINCT c FROM sbtest2 WHERE id BETWEEN 8178395 AND 8179394 ORDER BY c
	Unique  (cost=3716.61..3721.34 rows=946 width=121)
	  ->  Sort  (cost=3716.61..3718.97 rows=946 width=121)
	        Sort Key: c
	        ->  Bitmap Heap Scan on sbtest2  (cost=30.13..3669.85 rows=946 width=121)
	              Recheck Cond: ((id >= 8178395) AND (id <= 8179394))
	              ->  Bitmap Index Scan on sbtest2_pkey  (cost=0.00..29.89 rows=946 width=0)
	                    Index Cond: ((id >= 8178395) AND (id <= 8179394))

table 3 : explain SELECT DISTINCT c FROM sbtest3 WHERE id BETWEEN 7821921 AND 7822920 ORDER BY c
	Unique  (cost=3987.02..3992.10 rows=1017 width=121)
	  ->  Sort  (cost=3987.02..3989.56 rows=1017 width=121)
	        Sort Key: c
	        ->  Bitmap Heap Scan on sbtest3  (cost=30.86..3936.22 rows=1017 width=121)
	              Recheck Cond: ((id >= 7821921) AND (id <= 7822920))
	              ->  Bitmap Index Scan on sbtest3_pkey  (cost=0.00..30.61 rows=1017 width=0)
	                    Index Cond: ((id >= 7821921) AND (id <= 7822920))

table 4 : explain SELECT DISTINCT c FROM sbtest4 WHERE id BETWEEN 4090051 AND 4091050 ORDER BY c
	Unique  (cost=4309.98..4315.48 rows=1100 width=121)
	  ->  Sort  (cost=4309.98..4312.73 rows=1100 width=121)
	        Sort Key: c
	        ->  Bitmap Heap Scan on sbtest4  (cost=35.71..4254.41 rows=1100 width=121)
	              Recheck Cond: ((id >= 4090051) AND (id <= 4091050))
	              ->  Bitmap Index Scan on sbtest4_pkey  (cost=0.00..35.44 rows=1100 width=0)
	                    Index Cond: ((id >= 4090051) AND (id <= 4091050))

table 5 : explain SELECT DISTINCT c FROM sbtest5 WHERE id BETWEEN 8848173 AND 8849172 ORDER BY c
	Unique  (cost=4065.51..4070.69 rows=1037 width=121)
	  ->  Sort  (cost=4065.51..4068.10 rows=1037 width=121)
	        Sort Key: c
	        ->  Bitmap Heap Scan on sbtest5  (cost=31.06..4013.56 rows=1037 width=121)
	              Recheck Cond: ((id >= 8848173) AND (id <= 8849172))
	              ->  Bitmap Index Scan on sbtest5_pkey  (cost=0.00..30.80 rows=1037 width=0)
	                    Index Cond: ((id >= 8848173) AND (id <= 8849172))

table 6 : explain SELECT DISTINCT c FROM sbtest6 WHERE id BETWEEN 1844781 AND 1845780 ORDER BY c
	Unique  (cost=4160.73..4166.04 rows=1061 width=121)
	  ->  Sort  (cost=4160.73..4163.38 rows=1061 width=121)
	        Sort Key: c
	        ->  Bitmap Heap Scan on sbtest6  (cost=35.31..4107.41 rows=1061 width=121)
	              Recheck Cond: ((id >= 1844781) AND (id <= 1845780))
	              ->  Bitmap Index Scan on sbtest6_pkey  (cost=0.00..35.05 rows=1061 width=0)
	                    Index Cond: ((id >= 1844781) AND (id <= 1845780))

table 7 : explain SELECT DISTINCT c FROM sbtest7 WHERE id BETWEEN 6082946 AND 6083945 ORDER BY c
	Unique  (cost=3821.90..3826.77 rows=974 width=121)
	  ->  Sort  (cost=3821.90..3824.33 rows=974 width=121)
	        Sort Key: c
	        ->  Bitmap Heap Scan on sbtest7  (cost=30.42..3773.55 rows=974 width=121)
	              Recheck Cond: ((id >= 6082946) AND (id <= 6083945))
	              ->  Bitmap Index Scan on sbtest7_pkey  (cost=0.00..30.18 rows=974 width=0)
	                    Index Cond: ((id >= 6082946) AND (id <= 6083945))

table 8 : explain SELECT DISTINCT c FROM sbtest8 WHERE id BETWEEN 831786 AND 832785 ORDER BY c
	Unique  (cost=4134.54..4139.81 rows=1054 width=121)
	  ->  Sort  (cost=4134.54..4137.17 rows=1054 width=121)
	        Sort Key: c
	        ->  Bitmap Heap Scan on sbtest8  (cost=35.24..4081.62 rows=1054 width=121)
	              Recheck Cond: ((id >= 831786) AND (id <= 832785))
	              ->  Bitmap Index Scan on sbtest8_pkey  (cost=0.00..34.98 rows=1054 width=0)
	                    Index Cond: ((id >= 831786) AND (id <= 832785))

for: sum_ranges
table 1 : explain SELECT SUM(k) FROM sbtest1 WHERE id BETWEEN 729117 AND 730116
	Aggregate  (cost=3896.70..3896.71 rows=1 width=8)
	  ->  Bitmap Heap Scan on sbtest1  (cost=30.74..3894.19 rows=1005 width=4)
	        Recheck Cond: ((id >= 729117) AND (id <= 730116))
	        ->  Bitmap Index Scan on sbtest1_pkey  (cost=0.00..30.48 rows=1005 width=0)
	              Index Cond: ((id >= 729117) AND (id <= 730116))

table 2 : explain SELECT SUM(k) FROM sbtest2 WHERE id BETWEEN 4254325 AND 4255324
	Aggregate  (cost=3876.29..3876.30 rows=1 width=8)
	  ->  Bitmap Heap Scan on sbtest2  (cost=30.68..3873.79 rows=1000 width=4)
	        Recheck Cond: ((id >= 4254325) AND (id <= 4255324))
	        ->  Bitmap Index Scan on sbtest2_pkey  (cost=0.00..30.43 rows=1000 width=0)
	              Index Cond: ((id >= 4254325) AND (id <= 4255324))

table 3 : explain SELECT SUM(k) FROM sbtest3 WHERE id BETWEEN 5379134 AND 5380133
	Aggregate  (cost=3980.23..3980.24 rows=1 width=8)
	  ->  Bitmap Heap Scan on sbtest3  (cost=30.97..3977.66 rows=1028 width=4)
	        Recheck Cond: ((id >= 5379134) AND (id <= 5380133))
	        ->  Bitmap Index Scan on sbtest3_pkey  (cost=0.00..30.71 rows=1028 width=0)
	              Index Cond: ((id >= 5379134) AND (id <= 5380133))

table 4 : explain SELECT SUM(k) FROM sbtest4 WHERE id BETWEEN 1893138 AND 1894137
	Aggregate  (cost=3834.69..3834.70 rows=1 width=8)
	  ->  Bitmap Heap Scan on sbtest4  (cost=30.57..3832.22 rows=989 width=4)
	        Recheck Cond: ((id >= 1893138) AND (id <= 1894137))
	        ->  Bitmap Index Scan on sbtest4_pkey  (cost=0.00..30.32 rows=989 width=0)
	              Index Cond: ((id >= 1893138) AND (id <= 1894137))

table 5 : explain SELECT SUM(k) FROM sbtest5 WHERE id BETWEEN 3858617 AND 3859616
	Aggregate  (cost=3732.95..3732.96 rows=1 width=8)
	  ->  Bitmap Heap Scan on sbtest5  (cost=30.30..3730.54 rows=962 width=4)
	        Recheck Cond: ((id >= 3858617) AND (id <= 3859616))
	        ->  Bitmap Index Scan on sbtest5_pkey  (cost=0.00..30.05 rows=962 width=0)
	              Index Cond: ((id >= 3858617) AND (id <= 3859616))

table 6 : explain SELECT SUM(k) FROM sbtest6 WHERE id BETWEEN 8030841 AND 8031840
	Aggregate  (cost=3785.36..3785.37 rows=1 width=8)
	  ->  Bitmap Heap Scan on sbtest6  (cost=30.44..3782.92 rows=976 width=4)
	        Recheck Cond: ((id >= 8030841) AND (id <= 8031840))
	        ->  Bitmap Index Scan on sbtest6_pkey  (cost=0.00..30.19 rows=976 width=0)
	              Index Cond: ((id >= 8030841) AND (id <= 8031840))

table 7 : explain SELECT SUM(k) FROM sbtest7 WHERE id BETWEEN 7395040 AND 7396039
	Aggregate  (cost=4040.20..4040.21 rows=1 width=8)
	  ->  Bitmap Heap Scan on sbtest7  (cost=35.13..4037.60 rows=1043 width=4)
	        Recheck Cond: ((id >= 7395040) AND (id <= 7396039))
	        ->  Bitmap Index Scan on sbtest7_pkey  (cost=0.00..34.87 rows=1043 width=0)
	              Index Cond: ((id >= 7395040) AND (id <= 7396039))

table 8 : explain SELECT SUM(k) FROM sbtest8 WHERE id BETWEEN 3442451 AND 3443450
	Aggregate  (cost=3861.43..3861.44 rows=1 width=8)
	  ->  Bitmap Heap Scan on sbtest8  (cost=30.64..3858.94 rows=996 width=4)
	        Recheck Cond: ((id >= 3442451) AND (id <= 3443450))
	        ->  Bitmap Index Scan on sbtest8_pkey  (cost=0.00..30.39 rows=996 width=0)
	              Index Cond: ((id >= 3442451) AND (id <= 3443450))

for: order_ranges
table 1 : explain SELECT c FROM sbtest1 WHERE id BETWEEN 2714716 AND 2715715 ORDER BY c
	Sort  (cost=3955.80..3958.32 rows=1008 width=121)
	  Sort Key: c
	  ->  Bitmap Heap Scan on sbtest1  (cost=30.77..3905.51 rows=1008 width=121)
	        Recheck Cond: ((id >= 2714716) AND (id <= 2715715))
	        ->  Bitmap Index Scan on sbtest1_pkey  (cost=0.00..30.51 rows=1008 width=0)
	              Index Cond: ((id >= 2714716) AND (id <= 2715715))

table 2 : explain SELECT c FROM sbtest2 WHERE id BETWEEN 1246522 AND 1247521 ORDER BY c
	Sort  (cost=4076.73..4079.33 rows=1040 width=121)
	  Sort Key: c
	  ->  Bitmap Heap Scan on sbtest2  (cost=31.09..4024.61 rows=1040 width=121)
	        Recheck Cond: ((id >= 1246522) AND (id <= 1247521))
	        ->  Bitmap Index Scan on sbtest2_pkey  (cost=0.00..30.83 rows=1040 width=0)
	              Index Cond: ((id >= 1246522) AND (id <= 1247521))

table 3 : explain SELECT c FROM sbtest3 WHERE id BETWEEN 2628018 AND 2629017 ORDER BY c
	Sort  (cost=4082.62..4085.23 rows=1042 width=121)
	  Sort Key: c
	  ->  Bitmap Heap Scan on sbtest3  (cost=31.12..4030.39 rows=1042 width=121)
	        Recheck Cond: ((id >= 2628018) AND (id <= 2629017))
	        ->  Bitmap Index Scan on sbtest3_pkey  (cost=0.00..30.86 rows=1042 width=0)
	              Index Cond: ((id >= 2628018) AND (id <= 2629017))

table 4 : explain SELECT c FROM sbtest4 WHERE id BETWEEN 2552834 AND 2553833 ORDER BY c
	Sort  (cost=4222.13..4224.82 rows=1077 width=121)
	  Sort Key: c
	  ->  Bitmap Heap Scan on sbtest4  (cost=35.47..4167.88 rows=1077 width=121)
	        Recheck Cond: ((id >= 2552834) AND (id <= 2553833))
	        ->  Bitmap Index Scan on sbtest4_pkey  (cost=0.00..35.20 rows=1077 width=0)
	              Index Cond: ((id >= 2552834) AND (id <= 2553833))

table 5 : explain SELECT c FROM sbtest5 WHERE id BETWEEN 5335927 AND 5336926 ORDER BY c
	Sort  (cost=4031.07..4033.64 rows=1028 width=121)
	  Sort Key: c
	  ->  Bitmap Heap Scan on sbtest5  (cost=30.97..3979.64 rows=1028 width=121)
	        Recheck Cond: ((id >= 5335927) AND (id <= 5336926))
	        ->  Bitmap Index Scan on sbtest5_pkey  (cost=0.00..30.71 rows=1028 width=0)
	              Index Cond: ((id >= 5335927) AND (id <= 5336926))

table 6 : explain SELECT c FROM sbtest6 WHERE id BETWEEN 2190517 AND 2191516 ORDER BY c
	Sort  (cost=3816.05..3818.48 rows=972 width=121)
	  Sort Key: c
	  ->  Bitmap Heap Scan on sbtest6  (cost=30.40..3767.82 rows=972 width=121)
	        Recheck Cond: ((id >= 2190517) AND (id <= 2191516))
	        ->  Bitmap Index Scan on sbtest6_pkey  (cost=0.00..30.15 rows=972 width=0)
	              Index Cond: ((id >= 2190517) AND (id <= 2191516))

table 7 : explain SELECT c FROM sbtest7 WHERE id BETWEEN 9957443 AND 9958442 ORDER BY c
	Sort  (cost=3982.65..3985.19 rows=1016 width=121)
	  Sort Key: c
	  ->  Bitmap Heap Scan on sbtest7  (cost=30.85..3931.91 rows=1016 width=121)
	        Recheck Cond: ((id >= 9957443) AND (id <= 9958442))
	        ->  Bitmap Index Scan on sbtest7_pkey  (cost=0.00..30.59 rows=1016 width=0)
	              Index Cond: ((id >= 9957443) AND (id <= 9958442))

table 8 : explain SELECT c FROM sbtest8 WHERE id BETWEEN 1673486 AND 1674485 ORDER BY c
	Sort  (cost=3831.89..3834.33 rows=976 width=121)
	  Sort Key: c
	  ->  Bitmap Heap Scan on sbtest8  (cost=30.44..3783.43 rows=976 width=121)
	        Recheck Cond: ((id >= 1673486) AND (id <= 1674485))
	        ->  Bitmap Index Scan on sbtest8_pkey  (cost=0.00..30.19 rows=976 width=0)
	              Index Cond: ((id >= 1673486) AND (id <= 1674485))

for point_selects
table 1 : explain SELECT c FROM sbtest1 WHERE id=5357575
	Index Scan using sbtest1_pkey on sbtest1  (cost=0.43..8.45 rows=1 width=121)
	  Index Cond: (id = 5357575)

table 2 : explain SELECT c FROM sbtest2 WHERE id=439054
	Index Scan using sbtest2_pkey on sbtest2  (cost=0.43..8.45 rows=1 width=121)
	  Index Cond: (id = 439054)

table 3 : explain SELECT c FROM sbtest3 WHERE id=5039845
	Index Scan using sbtest3_pkey on sbtest3  (cost=0.43..8.45 rows=1 width=121)
	  Index Cond: (id = 5039845)

table 4 : explain SELECT c FROM sbtest4 WHERE id=6154962
	Index Scan using sbtest4_pkey on sbtest4  (cost=0.43..8.45 rows=1 width=121)
	  Index Cond: (id = 6154962)

table 5 : explain SELECT c FROM sbtest5 WHERE id=3848058
	Index Scan using sbtest5_pkey on sbtest5  (cost=0.43..8.45 rows=1 width=121)
	  Index Cond: (id = 3848058)

table 6 : explain SELECT c FROM sbtest6 WHERE id=7851665
	Index Scan using sbtest6_pkey on sbtest6  (cost=0.43..8.45 rows=1 width=121)
	  Index Cond: (id = 7851665)

table 7 : explain SELECT c FROM sbtest7 WHERE id=4842528
	Index Scan using sbtest7_pkey on sbtest7  (cost=0.43..8.45 rows=1 width=121)
	  Index Cond: (id = 4842528)

table 8 : explain SELECT c FROM sbtest8 WHERE id=2752531
	Index Scan using sbtest8_pkey on sbtest8  (cost=0.43..8.45 rows=1 width=121)
	  Index Cond: (id = 2752531)

for: order_ranges
table 1 : explain SELECT c FROM sbtest1 WHERE id BETWEEN 5805198 AND 5806197 ORDER BY c
	Sort  (cost=3994.11..3996.65 rows=1018 width=121)
	  Sort Key: c
	  ->  Bitmap Heap Scan on sbtest1  (cost=30.87..3943.25 rows=1018 width=121)
	        Recheck Cond: ((id >= 5805198) AND (id <= 5806197))
	        ->  Bitmap Index Scan on sbtest1_pkey  (cost=0.00..30.61 rows=1018 width=0)
	              Index Cond: ((id >= 5805198) AND (id <= 5806197))

table 2 : explain SELECT c FROM sbtest2 WHERE id BETWEEN 5779543 AND 5780542 ORDER BY c
	Sort  (cost=4481.85..4484.72 rows=1146 width=121)
	  Sort Key: c
	  ->  Bitmap Heap Scan on sbtest2  (cost=36.18..4423.62 rows=1146 width=121)
	        Recheck Cond: ((id >= 5779543) AND (id <= 5780542))
	        ->  Bitmap Index Scan on sbtest2_pkey  (cost=0.00..35.90 rows=1146 width=0)
	              Index Cond: ((id >= 5779543) AND (id <= 5780542))

table 3 : explain SELECT c FROM sbtest3 WHERE id BETWEEN 5262703 AND 5263702 ORDER BY c
	Sort  (cost=4097.91..4100.53 rows=1046 width=121)
	  Sort Key: c
	  ->  Bitmap Heap Scan on sbtest3  (cost=31.16..4045.45 rows=1046 width=121)
	        Recheck Cond: ((id >= 5262703) AND (id <= 5263702))
	        ->  Bitmap Index Scan on sbtest3_pkey  (cost=0.00..30.89 rows=1046 width=0)
	              Index Cond: ((id >= 5262703) AND (id <= 5263702))

table 4 : explain SELECT c FROM sbtest4 WHERE id BETWEEN 9631018 AND 9632017 ORDER BY c
	Sort  (cost=3770.26..3772.66 rows=960 width=121)
	  Sort Key: c
	  ->  Bitmap Heap Scan on sbtest4  (cost=30.27..3722.70 rows=960 width=121)
	        Recheck Cond: ((id >= 9631018) AND (id <= 9632017))
	        ->  Bitmap Index Scan on sbtest4_pkey  (cost=0.00..30.04 rows=960 width=0)
	              Index Cond: ((id >= 9631018) AND (id <= 9632017))

table 5 : explain SELECT c FROM sbtest5 WHERE id BETWEEN 2017294 AND 2018293 ORDER BY c
	Sort  (cost=4061.68..4064.27 rows=1036 width=121)
	  Sort Key: c
	  ->  Bitmap Heap Scan on sbtest5  (cost=31.05..4009.79 rows=1036 width=121)
	        Recheck Cond: ((id >= 2017294) AND (id <= 2018293))
	        ->  Bitmap Index Scan on sbtest5_pkey  (cost=0.00..30.79 rows=1036 width=0)
	              Index Cond: ((id >= 2017294) AND (id <= 2018293))

table 6 : explain SELECT c FROM sbtest6 WHERE id BETWEEN 6494334 AND 6495333 ORDER BY c
	Sort  (cost=3781.55..3783.96 rows=963 width=121)
	  Sort Key: c
	  ->  Bitmap Heap Scan on sbtest6  (cost=30.31..3733.83 rows=963 width=121)
	        Recheck Cond: ((id >= 6494334) AND (id <= 6495333))
	        ->  Bitmap Index Scan on sbtest6_pkey  (cost=0.00..30.07 rows=963 width=0)
	              Index Cond: ((id >= 6494334) AND (id <= 6495333))

table 7 : explain SELECT c FROM sbtest7 WHERE id BETWEEN 5409163 AND 5410162 ORDER BY c
	Sort  (cost=3495.89..3498.11 rows=889 width=121)
	  Sort Key: c
	  ->  Bitmap Heap Scan on sbtest7  (cost=29.55..3452.35 rows=889 width=121)
	        Recheck Cond: ((id >= 5409163) AND (id <= 5410162))
	        ->  Bitmap Index Scan on sbtest7_pkey  (cost=0.00..29.32 rows=889 width=0)
	              Index Cond: ((id >= 5409163) AND (id <= 5410162))

table 8 : explain SELECT c FROM sbtest8 WHERE id BETWEEN 51818 AND 52817 ORDER BY c
	Sort  (cost=3824.23..3826.66 rows=974 width=121)
	  Sort Key: c
	  ->  Bitmap Heap Scan on sbtest8  (cost=30.42..3775.88 rows=974 width=121)
	        Recheck Cond: ((id >= 51818) AND (id <= 52817))
	        ->  Bitmap Index Scan on sbtest8_pkey  (cost=0.00..30.18 rows=974 width=0)
	              Index Cond: ((id >= 51818) AND (id <= 52817))

for: order_ranges
table 1 : explain SELECT c FROM sbtest1 WHERE id BETWEEN 5750610 AND 5751609 ORDER BY c
	Sort  (cost=3798.60..3801.02 rows=967 width=121)
	  Sort Key: c
	  ->  Bitmap Heap Scan on sbtest1  (cost=30.35..3750.65 rows=967 width=121)
	        Recheck Cond: ((id >= 5750610) AND (id <= 5751609))
	        ->  Bitmap Index Scan on sbtest1_pkey  (cost=0.00..30.11 rows=967 width=0)
	              Index Cond: ((id >= 5750610) AND (id <= 5751609))

table 2 : explain SELECT c FROM sbtest2 WHERE id BETWEEN 5558587 AND 5559586 ORDER BY c
	Sort  (cost=3958.08..3960.60 rows=1009 width=121)
	  Sort Key: c
	  ->  Bitmap Heap Scan on sbtest2  (cost=30.78..3907.74 rows=1009 width=121)
	        Recheck Cond: ((id >= 5558587) AND (id <= 5559586))
	        ->  Bitmap Index Scan on sbtest2_pkey  (cost=0.00..30.52 rows=1009 width=0)
	              Index Cond: ((id >= 5558587) AND (id <= 5559586))

table 3 : explain SELECT c FROM sbtest3 WHERE id BETWEEN 4193840 AND 4194839 ORDER BY c
	Sort  (cost=4166.69..4169.35 rows=1064 width=121)
	  Sort Key: c
	  ->  Bitmap Heap Scan on sbtest3  (cost=31.34..4113.20 rows=1064 width=121)
	        Recheck Cond: ((id >= 4193840) AND (id <= 4194839))
	        ->  Bitmap Index Scan on sbtest3_pkey  (cost=0.00..31.07 rows=1064 width=0)
	              Index Cond: ((id >= 4193840) AND (id <= 4194839))

table 4 : explain SELECT c FROM sbtest4 WHERE id BETWEEN 4029147 AND 4030146 ORDER BY c
	Sort  (cost=4309.98..4312.73 rows=1100 width=121)
	  Sort Key: c
	  ->  Bitmap Heap Scan on sbtest4  (cost=35.71..4254.41 rows=1100 width=121)
	        Recheck Cond: ((id >= 4029147) AND (id <= 4030146))
	        ->  Bitmap Index Scan on sbtest4_pkey  (cost=0.00..35.44 rows=1100 width=0)
	              Index Cond: ((id >= 4029147) AND (id <= 4030146))

table 5 : explain SELECT c FROM sbtest5 WHERE id BETWEEN 7830187 AND 7831186 ORDER BY c
	Sort  (cost=3988.96..3991.50 rows=1017 width=121)
	  Sort Key: c
	  ->  Bitmap Heap Scan on sbtest5  (cost=30.86..3938.16 rows=1017 width=121)
	        Recheck Cond: ((id >= 7830187) AND (id <= 7831186))
	        ->  Bitmap Index Scan on sbtest5_pkey  (cost=0.00..30.61 rows=1017 width=0)
	              Index Cond: ((id >= 7830187) AND (id <= 7831186))

table 6 : explain SELECT c FROM sbtest6 WHERE id BETWEEN 9884549 AND 9885548 ORDER BY c
	Sort  (cost=4057.30..4059.89 rows=1035 width=121)
	  Sort Key: c
	  ->  Bitmap Heap Scan on sbtest6  (cost=31.04..4005.47 rows=1035 width=121)
	        Recheck Cond: ((id >= 9884549) AND (id <= 9885548))
	        ->  Bitmap Index Scan on sbtest6_pkey  (cost=0.00..30.79 rows=1035 width=0)
	              Index Cond: ((id >= 9884549) AND (id <= 9885548))

table 7 : explain SELECT c FROM sbtest7 WHERE id BETWEEN 9290691 AND 9291690 ORDER BY c
	Sort  (cost=3752.93..3755.32 rows=956 width=121)
	  Sort Key: c
	  ->  Bitmap Heap Scan on sbtest7  (cost=30.23..3705.61 rows=956 width=121)
	        Recheck Cond: ((id >= 9290691) AND (id <= 9291690))
	        ->  Bitmap Index Scan on sbtest7_pkey  (cost=0.00..30.00 rows=956 width=0)
	              Index Cond: ((id >= 9290691) AND (id <= 9291690))

table 8 : explain SELECT c FROM sbtest8 WHERE id BETWEEN 2594884 AND 2595883 ORDER BY c
	Sort  (cost=3939.18..3941.69 rows=1004 width=121)
	  Sort Key: c
	  ->  Bitmap Heap Scan on sbtest8  (cost=30.73..3889.12 rows=1004 width=121)
	        Recheck Cond: ((id >= 2594884) AND (id <= 2595883))
	        ->  Bitmap Index Scan on sbtest8_pkey  (cost=0.00..30.47 rows=1004 width=0)
	              Index Cond: ((id >= 2594884) AND (id <= 2595883))

for: order_ranges
table 1 : explain SELECT c FROM sbtest1 WHERE id BETWEEN 5977762 AND 5978761 ORDER BY c
	Sort  (cost=3737.21..3739.58 rows=951 width=121)
	  Sort Key: c
	  ->  Bitmap Heap Scan on sbtest1  (cost=30.18..3690.16 rows=951 width=121)
	        Recheck Cond: ((id >= 5977762) AND (id <= 5978761))
	        ->  Bitmap Index Scan on sbtest1_pkey  (cost=0.00..29.94 rows=951 width=0)
	              Index Cond: ((id >= 5977762) AND (id <= 5978761))

table 2 : explain SELECT c FROM sbtest2 WHERE id BETWEEN 9495196 AND 9496195 ORDER BY c
	Sort  (cost=3908.29..3910.78 rows=996 width=121)
	  Sort Key: c
	  ->  Bitmap Heap Scan on sbtest2  (cost=30.64..3858.69 rows=996 width=121)
	        Recheck Cond: ((id >= 9495196) AND (id <= 9496195))
	        ->  Bitmap Index Scan on sbtest2_pkey  (cost=0.00..30.39 rows=996 width=0)
	              Index Cond: ((id >= 9495196) AND (id <= 9496195))

table 3 : explain SELECT c FROM sbtest3 WHERE id BETWEEN 7669044 AND 7670043 ORDER BY c
	Sort  (cost=3830.06..3832.50 rows=976 width=121)
	  Sort Key: c
	  ->  Bitmap Heap Scan on sbtest3  (cost=30.44..3781.60 rows=976 width=121)
	        Recheck Cond: ((id >= 7669044) AND (id <= 7670043))
	        ->  Bitmap Index Scan on sbtest3_pkey  (cost=0.00..30.19 rows=976 width=0)
	              Index Cond: ((id >= 7669044) AND (id <= 7670043))

table 4 : explain SELECT c FROM sbtest4 WHERE id BETWEEN 6302766 AND 6303765 ORDER BY c
	Sort  (cost=3873.76..3876.22 rows=987 width=121)
	  Sort Key: c
	  ->  Bitmap Heap Scan on sbtest4  (cost=30.55..3824.67 rows=987 width=121)
	        Recheck Cond: ((id >= 6302766) AND (id <= 6303765))
	        ->  Bitmap Index Scan on sbtest4_pkey  (cost=0.00..30.30 rows=987 width=0)
	              Index Cond: ((id >= 6302766) AND (id <= 6303765))

table 5 : explain SELECT c FROM sbtest5 WHERE id BETWEEN 946549 AND 947548 ORDER BY c
	Sort  (cost=4004.27..4006.82 rows=1021 width=121)
	  Sort Key: c
	  ->  Bitmap Heap Scan on sbtest5  (cost=30.90..3953.24 rows=1021 width=121)
	        Recheck Cond: ((id >= 946549) AND (id <= 947548))
	        ->  Bitmap Index Scan on sbtest5_pkey  (cost=0.00..30.64 rows=1021 width=0)
	              Index Cond: ((id >= 946549) AND (id <= 947548))

table 6 : explain SELECT c FROM sbtest6 WHERE id BETWEEN 3991185 AND 3992184 ORDER BY c
	Sort  (cost=4064.96..4067.55 rows=1037 width=121)
	  Sort Key: c
	  ->  Bitmap Heap Scan on sbtest6  (cost=31.06..4013.01 rows=1037 width=121)
	        Recheck Cond: ((id >= 3991185) AND (id <= 3992184))
	        ->  Bitmap Index Scan on sbtest6_pkey  (cost=0.00..30.80 rows=1037 width=0)
	              Index Cond: ((id >= 3991185) AND (id <= 3992184))

table 7 : explain SELECT c FROM sbtest7 WHERE id BETWEEN 827821 AND 828820 ORDER BY c
	Sort  (cost=3783.59..3786.00 rows=964 width=121)
	  Sort Key: c
	  ->  Bitmap Heap Scan on sbtest7  (cost=30.32..3735.81 rows=964 width=121)
	        Recheck Cond: ((id >= 827821) AND (id <= 828820))
	        ->  Bitmap Index Scan on sbtest7_pkey  (cost=0.00..30.07 rows=964 width=0)
	              Index Cond: ((id >= 827821) AND (id <= 828820))

table 8 : explain SELECT c FROM sbtest8 WHERE id BETWEEN 2181736 AND 2182735 ORDER BY c
	Sort  (cost=3866.39..3868.85 rows=985 width=121)
	  Sort Key: c
	  ->  Bitmap Heap Scan on sbtest8  (cost=30.53..3817.41 rows=985 width=121)
	        Recheck Cond: ((id >= 2181736) AND (id <= 2182735))
	        ->  Bitmap Index Scan on sbtest8_pkey  (cost=0.00..30.29 rows=985 width=0)
	              Index Cond: ((id >= 2181736) AND (id <= 2182735))

explain: for point_selects :: explain SELECT c FROM sbtest%u WHERE id=%u
for: order_ranges
table 1 : explain SELECT c FROM sbtest1 WHERE id BETWEEN 421633 AND 422632 ORDER BY c
	Sort  (cost=4013.26..4015.81 rows=1023 width=121)
	  Sort Key: c
	  ->  Bitmap Heap Scan on sbtest1  (cost=30.92..3962.11 rows=1023 width=121)
	        Recheck Cond: ((id >= 421633) AND (id <= 422632))
	        ->  Bitmap Index Scan on sbtest1_pkey  (cost=0.00..30.66 rows=1023 width=0)
	              Index Cond: ((id >= 421633) AND (id <= 422632))

table 2 : explain SELECT c FROM sbtest2 WHERE id BETWEEN 4174067 AND 4175066 ORDER BY c
	Sort  (cost=3655.21..3657.53 rows=930 width=121)
	  Sort Key: c
	  ->  Bitmap Heap Scan on sbtest2  (cost=29.97..3609.35 rows=930 width=121)
	        Recheck Cond: ((id >= 4174067) AND (id <= 4175066))
	        ->  Bitmap Index Scan on sbtest2_pkey  (cost=0.00..29.73 rows=930 width=0)
	              Index Cond: ((id >= 4174067) AND (id <= 4175066))

table 3 : explain SELECT c FROM sbtest3 WHERE id BETWEEN 4808000 AND 4808999 ORDER BY c
	Sort  (cost=3454.07..3456.26 rows=878 width=121)
	  Sort Key: c
	  ->  Bitmap Heap Scan on sbtest3  (cost=29.43..3411.14 rows=878 width=121)
	        Recheck Cond: ((id >= 4808000) AND (id <= 4808999))
	        ->  Bitmap Index Scan on sbtest3_pkey  (cost=0.00..29.21 rows=878 width=0)
	              Index Cond: ((id >= 4808000) AND (id <= 4808999))

table 4 : explain SELECT c FROM sbtest4 WHERE id BETWEEN 7623130 AND 7624129 ORDER BY c
	Sort  (cost=4256.51..4259.23 rows=1086 width=121)
	  Sort Key: c
	  ->  Bitmap Heap Scan on sbtest4  (cost=35.57..4201.75 rows=1086 width=121)
	        Recheck Cond: ((id >= 7623130) AND (id <= 7624129))
	        ->  Bitmap Index Scan on sbtest4_pkey  (cost=0.00..35.30 rows=1086 width=0)
	              Index Cond: ((id >= 7623130) AND (id <= 7624129))

table 5 : explain SELECT c FROM sbtest5 WHERE id BETWEEN 4846613 AND 4847612 ORDER BY c
	Sort  (cost=3874.05..3876.52 rows=987 width=121)
	  Sort Key: c
	  ->  Bitmap Heap Scan on sbtest5  (cost=30.55..3824.96 rows=987 width=121)
	        Recheck Cond: ((id >= 4846613) AND (id <= 4847612))
	        ->  Bitmap Index Scan on sbtest5_pkey  (cost=0.00..30.30 rows=987 width=0)
	              Index Cond: ((id >= 4846613) AND (id <= 4847612))

table 6 : explain SELECT c FROM sbtest6 WHERE id BETWEEN 6555999 AND 6556998 ORDER BY c
	Sort  (cost=3724.02..3726.39 rows=948 width=121)
	  Sort Key: c
	  ->  Bitmap Heap Scan on sbtest6  (cost=30.15..3677.15 rows=948 width=121)
	        Recheck Cond: ((id >= 6555999) AND (id <= 6556998))
	        ->  Bitmap Index Scan on sbtest6_pkey  (cost=0.00..29.91 rows=948 width=0)
	              Index Cond: ((id >= 6555999) AND (id <= 6556998))

table 7 : explain SELECT c FROM sbtest7 WHERE id BETWEEN 1478592 AND 1479591 ORDER BY c
	Sort  (cost=3955.87..3958.40 rows=1009 width=121)
	  Sort Key: c
	  ->  Bitmap Heap Scan on sbtest7  (cost=30.78..3905.53 rows=1009 width=121)
	        Recheck Cond: ((id >= 1478592) AND (id <= 1479591))
	        ->  Bitmap Index Scan on sbtest7_pkey  (cost=0.00..30.52 rows=1009 width=0)
	              Index Cond: ((id >= 1478592) AND (id <= 1479591))

table 8 : explain SELECT c FROM sbtest8 WHERE id BETWEEN 8025523 AND 8026522 ORDER BY c
	Sort  (cost=3793.55..3795.97 rows=966 width=121)
	  Sort Key: c
	  ->  Bitmap Heap Scan on sbtest8  (cost=30.34..3745.66 rows=966 width=121)
	        Recheck Cond: ((id >= 8025523) AND (id <= 8026522))
	        ->  Bitmap Index Scan on sbtest8_pkey  (cost=0.00..30.09 rows=966 width=0)
	              Index Cond: ((id >= 8025523) AND (id <= 8026522))

for: simple_ranges
table 1 : explain SELECT c FROM sbtest1 WHERE id BETWEEN 3193123 AND 3194122
	Bitmap Heap Scan on sbtest1  (cost=30.84..3931.93 rows=1015 width=121)
	  Recheck Cond: ((id >= 3193123) AND (id <= 3194122))
	  ->  Bitmap Index Scan on sbtest1_pkey  (cost=0.00..30.58 rows=1015 width=0)
	        Index Cond: ((id >= 3193123) AND (id <= 3194122))

table 2 : explain SELECT c FROM sbtest2 WHERE id BETWEEN 7370559 AND 7371558
	Bitmap Heap Scan on sbtest2  (cost=35.22..4073.82 rows=1052 width=121)
	  Recheck Cond: ((id >= 7370559) AND (id <= 7371558))
	  ->  Bitmap Index Scan on sbtest2_pkey  (cost=0.00..34.95 rows=1052 width=0)
	        Index Cond: ((id >= 7370559) AND (id <= 7371558))

table 3 : explain SELECT c FROM sbtest3 WHERE id BETWEEN 3019745 AND 3020744
	Bitmap Heap Scan on sbtest3  (cost=30.36..3751.41 rows=968 width=121)
	  Recheck Cond: ((id >= 3019745) AND (id <= 3020744))
	  ->  Bitmap Index Scan on sbtest3_pkey  (cost=0.00..30.11 rows=968 width=0)
	        Index Cond: ((id >= 3019745) AND (id <= 3020744))

table 4 : explain SELECT c FROM sbtest4 WHERE id BETWEEN 6160729 AND 6161728
	Bitmap Heap Scan on sbtest4  (cost=30.83..3926.54 rows=1014 width=121)
	  Recheck Cond: ((id >= 6160729) AND (id <= 6161728))
	  ->  Bitmap Index Scan on sbtest4_pkey  (cost=0.00..30.57 rows=1014 width=0)
	        Index Cond: ((id >= 6160729) AND (id <= 6161728))

table 5 : explain SELECT c FROM sbtest5 WHERE id BETWEEN 4450985 AND 4451984
	Bitmap Heap Scan on sbtest5  (cost=31.12..4032.40 rows=1042 width=121)
	  Recheck Cond: ((id >= 4450985) AND (id <= 4451984))
	  ->  Bitmap Index Scan on sbtest5_pkey  (cost=0.00..30.86 rows=1042 width=0)
	        Index Cond: ((id >= 4450985) AND (id <= 4451984))

table 6 : explain SELECT c FROM sbtest6 WHERE id BETWEEN 98684 AND 99683
	Bitmap Heap Scan on sbtest6  (cost=30.58..3835.77 rows=990 width=121)
	  Recheck Cond: ((id >= 98684) AND (id <= 99683))
	  ->  Bitmap Index Scan on sbtest6_pkey  (cost=0.00..30.33 rows=990 width=0)
	        Index Cond: ((id >= 98684) AND (id <= 99683))

table 7 : explain SELECT c FROM sbtest7 WHERE id BETWEEN 2141933 AND 2142932
	Bitmap Heap Scan on sbtest7  (cost=30.84..3928.14 rows=1015 width=121)
	  Recheck Cond: ((id >= 2141933) AND (id <= 2142932))
	  ->  Bitmap Index Scan on sbtest7_pkey  (cost=0.00..30.58 rows=1015 width=0)
	        Index Cond: ((id >= 2141933) AND (id <= 2142932))

table 8 : explain SELECT c FROM sbtest8 WHERE id BETWEEN 9227059 AND 9228058
	Bitmap Heap Scan on sbtest8  (cost=30.13..3670.08 rows=946 width=121)
	  Recheck Cond: ((id >= 9227059) AND (id <= 9228058))
	  ->  Bitmap Index Scan on sbtest8_pkey  (cost=0.00..29.89 rows=946 width=0)
	        Index Cond: ((id >= 9227059) AND (id <= 9228058))

for: distinct_ranges
table 1 : explain SELECT DISTINCT c FROM sbtest1 WHERE id BETWEEN 833534 AND 834533 ORDER BY c
	Unique  (cost=3890.64..3895.60 rows=991 width=121)
	  ->  Sort  (cost=3890.64..3893.12 rows=991 width=121)
	        Sort Key: c
	        ->  Bitmap Heap Scan on sbtest1  (cost=30.59..3841.33 rows=991 width=121)
	              Recheck Cond: ((id >= 833534) AND (id <= 834533))
	              ->  Bitmap Index Scan on sbtest1_pkey  (cost=0.00..30.34 rows=991 width=0)
	                    Index Cond: ((id >= 833534) AND (id <= 834533))

table 2 : explain SELECT DISTINCT c FROM sbtest2 WHERE id BETWEEN 8733907 AND 8734906 ORDER BY c
	Unique  (cost=4049.95..4055.11 rows=1033 width=121)
	  ->  Sort  (cost=4049.95..4052.53 rows=1033 width=121)
	        Sort Key: c
	        ->  Bitmap Heap Scan on sbtest2  (cost=31.02..3998.23 rows=1033 width=121)
	              Recheck Cond: ((id >= 8733907) AND (id <= 8734906))
	              ->  Bitmap Index Scan on sbtest2_pkey  (cost=0.00..30.76 rows=1033 width=0)
	                    Index Cond: ((id >= 8733907) AND (id <= 8734906))

table 3 : explain SELECT DISTINCT c FROM sbtest3 WHERE id BETWEEN 3552845 AND 3553844 ORDER BY c
	Unique  (cost=3741.93..3746.69 rows=953 width=121)
	  ->  Sort  (cost=3741.93..3744.31 rows=953 width=121)
	        Sort Key: c
	        ->  Bitmap Heap Scan on sbtest3  (cost=30.20..3694.77 rows=953 width=121)
	              Recheck Cond: ((id >= 3552845) AND (id <= 3553844))
	              ->  Bitmap Index Scan on sbtest3_pkey  (cost=0.00..29.96 rows=953 width=0)
	                    Index Cond: ((id >= 3552845) AND (id <= 3553844))

table 4 : explain SELECT DISTINCT c FROM sbtest4 WHERE id BETWEEN 8211214 AND 8212213 ORDER BY c
	Unique  (cost=3977.17..3982.24 rows=1014 width=121)
	  ->  Sort  (cost=3977.17..3979.70 rows=1014 width=121)
	        Sort Key: c
	        ->  Bitmap Heap Scan on sbtest4  (cost=30.83..3926.54 rows=1014 width=121)
	              Recheck Cond: ((id >= 8211214) AND (id <= 8212213))
	              ->  Bitmap Index Scan on sbtest4_pkey  (cost=0.00..30.57 rows=1014 width=0)
	                    Index Cond: ((id >= 8211214) AND (id <= 8212213))

table 5 : explain SELECT DISTINCT c FROM sbtest5 WHERE id BETWEEN 3449588 AND 3450587 ORDER BY c
	Unique  (cost=4253.03..4258.45 rows=1085 width=121)
	  ->  Sort  (cost=4253.03..4255.74 rows=1085 width=121)
	        Sort Key: c
	        ->  Bitmap Heap Scan on sbtest5  (cost=35.56..4198.33 rows=1085 width=121)
	              Recheck Cond: ((id >= 3449588) AND (id <= 3450587))
	              ->  Bitmap Index Scan on sbtest5_pkey  (cost=0.00..35.29 rows=1085 width=0)
	                    Index Cond: ((id >= 3449588) AND (id <= 3450587))

table 6 : explain SELECT DISTINCT c FROM sbtest6 WHERE id BETWEEN 7367956 AND 7368955 ORDER BY c
	Unique  (cost=3704.84..3709.56 rows=943 width=121)
	  ->  Sort  (cost=3704.84..3707.20 rows=943 width=121)
	        Sort Key: c
	        ->  Bitmap Heap Scan on sbtest6  (cost=30.10..3658.25 rows=943 width=121)
	              Recheck Cond: ((id >= 7367956) AND (id <= 7368955))
	              ->  Bitmap Index Scan on sbtest6_pkey  (cost=0.00..29.86 rows=943 width=0)
	                    Index Cond: ((id >= 7367956) AND (id <= 7368955))

table 7 : explain SELECT DISTINCT c FROM sbtest7 WHERE id BETWEEN 4537550 AND 4538549 ORDER BY c
	Unique  (cost=4017.07..4022.20 rows=1025 width=121)
	  ->  Sort  (cost=4017.07..4019.63 rows=1025 width=121)
	        Sort Key: c
	        ->  Bitmap Heap Scan on sbtest7  (cost=30.94..3965.81 rows=1025 width=121)
	              Recheck Cond: ((id >= 4537550) AND (id <= 4538549))
	              ->  Bitmap Index Scan on sbtest7_pkey  (cost=0.00..30.68 rows=1025 width=0)
	                    Index Cond: ((id >= 4537550) AND (id <= 4538549))

table 8 : explain SELECT DISTINCT c FROM sbtest8 WHERE id BETWEEN 8334891 AND 8335890 ORDER BY c
	Unique  (cost=3854.89..3859.80 rows=982 width=121)
	  ->  Sort  (cost=3854.89..3857.35 rows=982 width=121)
	        Sort Key: c
	        ->  Bitmap Heap Scan on sbtest8  (cost=30.50..3806.09 rows=982 width=121)
	              Recheck Cond: ((id >= 8334891) AND (id <= 8335890))
	              ->  Bitmap Index Scan on sbtest8_pkey  (cost=0.00..30.25 rows=982 width=0)
	                    Index Cond: ((id >= 8334891) AND (id <= 8335890))

for: order_ranges
table 1 : explain SELECT c FROM sbtest1 WHERE id BETWEEN 3350595 AND 3351594 ORDER BY c
	Sort  (cost=3852.30..3854.75 rows=981 width=121)
	  Sort Key: c
	  ->  Bitmap Heap Scan on sbtest1  (cost=30.49..3803.56 rows=981 width=121)
	        Recheck Cond: ((id >= 3350595) AND (id <= 3351594))
	        ->  Bitmap Index Scan on sbtest1_pkey  (cost=0.00..30.25 rows=981 width=0)
	              Index Cond: ((id >= 3350595) AND (id <= 3351594))

table 2 : explain SELECT c FROM sbtest2 WHERE id BETWEEN 4016437 AND 4017436 ORDER BY c
	Sort  (cost=4279.50..4282.23 rows=1092 width=121)
	  Sort Key: c
	  ->  Bitmap Heap Scan on sbtest2  (cost=35.63..4224.39 rows=1092 width=121)
	        Recheck Cond: ((id >= 4016437) AND (id <= 4017436))
	        ->  Bitmap Index Scan on sbtest2_pkey  (cost=0.00..35.36 rows=1092 width=0)
	              Index Cond: ((id >= 4016437) AND (id <= 4017436))

table 3 : explain SELECT c FROM sbtest3 WHERE id BETWEEN 4244484 AND 4245483 ORDER BY c
	Sort  (cost=3872.19..3874.66 rows=987 width=121)
	  Sort Key: c
	  ->  Bitmap Heap Scan on sbtest3  (cost=30.55..3823.10 rows=987 width=121)
	        Recheck Cond: ((id >= 4244484) AND (id <= 4245483))
	        ->  Bitmap Index Scan on sbtest3_pkey  (cost=0.00..30.30 rows=987 width=0)
	              Index Cond: ((id >= 4244484) AND (id <= 4245483))

table 4 : explain SELECT c FROM sbtest4 WHERE id BETWEEN 442950 AND 443949 ORDER BY c
	Sort  (cost=4118.74..4121.37 rows=1051 width=121)
	  Sort Key: c
	  ->  Bitmap Heap Scan on sbtest4  (cost=31.21..4065.99 rows=1051 width=121)
	        Recheck Cond: ((id >= 442950) AND (id <= 443949))
	        ->  Bitmap Index Scan on sbtest4_pkey  (cost=0.00..30.94 rows=1051 width=0)
	              Index Cond: ((id >= 442950) AND (id <= 443949))

table 5 : explain SELECT c FROM sbtest5 WHERE id BETWEEN 5108441 AND 5109440 ORDER BY c
	Sort  (cost=3705.32..3707.68 rows=943 width=121)
	  Sort Key: c
	  ->  Bitmap Heap Scan on sbtest5  (cost=30.10..3658.73 rows=943 width=121)
	        Recheck Cond: ((id >= 5108441) AND (id <= 5109440))
	        ->  Bitmap Index Scan on sbtest5_pkey  (cost=0.00..29.86 rows=943 width=0)
	              Index Cond: ((id >= 5108441) AND (id <= 5109440))

table 6 : explain SELECT c FROM sbtest6 WHERE id BETWEEN 2157778 AND 2158777 ORDER BY c
	Sort  (cost=3796.89..3799.30 rows=967 width=121)
	  Sort Key: c
	  ->  Bitmap Heap Scan on sbtest6  (cost=30.35..3748.94 rows=967 width=121)
	        Recheck Cond: ((id >= 2157778) AND (id <= 2158777))
	        ->  Bitmap Index Scan on sbtest6_pkey  (cost=0.00..30.11 rows=967 width=0)
	              Index Cond: ((id >= 2157778) AND (id <= 2158777))

table 7 : explain SELECT c FROM sbtest7 WHERE id BETWEEN 982158 AND 983157 ORDER BY c
	Sort  (cost=3955.87..3958.40 rows=1009 width=121)
	  Sort Key: c
	  ->  Bitmap Heap Scan on sbtest7  (cost=30.78..3905.53 rows=1009 width=121)
	        Recheck Cond: ((id >= 982158) AND (id <= 983157))
	        ->  Bitmap Index Scan on sbtest7_pkey  (cost=0.00..30.52 rows=1009 width=0)
	              Index Cond: ((id >= 982158) AND (id <= 983157))

table 8 : explain SELECT c FROM sbtest8 WHERE id BETWEEN 8036807 AND 8037806 ORDER BY c
	Sort  (cost=3793.55..3795.97 rows=966 width=121)
	  Sort Key: c
	  ->  Bitmap Heap Scan on sbtest8  (cost=30.34..3745.66 rows=966 width=121)
	        Recheck Cond: ((id >= 8036807) AND (id <= 8037806))
	        ->  Bitmap Index Scan on sbtest8_pkey  (cost=0.00..30.09 rows=966 width=0)
	              Index Cond: ((id >= 8036807) AND (id <= 8037806))

for: simple_ranges
table 1 : explain SELECT c FROM sbtest1 WHERE id BETWEEN 2882562 AND 2883561
	Bitmap Heap Scan on sbtest1  (cost=30.54..3822.44 rows=986 width=121)
	  Recheck Cond: ((id >= 2882562) AND (id <= 2883561))
	  ->  Bitmap Index Scan on sbtest1_pkey  (cost=0.00..30.29 rows=986 width=0)
	        Index Cond: ((id >= 2882562) AND (id <= 2883561))

table 2 : explain SELECT c FROM sbtest2 WHERE id BETWEEN 8592183 AND 8593182
	Bitmap Heap Scan on sbtest2  (cost=30.79..3911.51 rows=1010 width=121)
	  Recheck Cond: ((id >= 8592183) AND (id <= 8593182))
	  ->  Bitmap Index Scan on sbtest2_pkey  (cost=0.00..30.54 rows=1010 width=0)
	        Index Cond: ((id >= 8592183) AND (id <= 8593182))

table 3 : explain SELECT c FROM sbtest3 WHERE id BETWEEN 6229150 AND 6230149
	Bitmap Heap Scan on sbtest3  (cost=29.60..3471.71 rows=894 width=121)
	  Recheck Cond: ((id >= 6229150) AND (id <= 6230149))
	  ->  Bitmap Index Scan on sbtest3_pkey  (cost=0.00..29.37 rows=894 width=0)
	        Index Cond: ((id >= 6229150) AND (id <= 6230149))

table 4 : explain SELECT c FROM sbtest4 WHERE id BETWEEN 9995900 AND 9996899
	Bitmap Heap Scan on sbtest4  (cost=30.90..3952.93 rows=1021 width=121)
	  Recheck Cond: ((id >= 9995900) AND (id <= 9996899))
	  ->  Bitmap Index Scan on sbtest4_pkey  (cost=0.00..30.64 rows=1021 width=0)
	        Index Cond: ((id >= 9995900) AND (id <= 9996899))

table 5 : explain SELECT c FROM sbtest5 WHERE id BETWEEN 2392403 AND 2393402
	Bitmap Heap Scan on sbtest5  (cost=30.94..3968.33 rows=1025 width=121)
	  Recheck Cond: ((id >= 2392403) AND (id <= 2393402))
	  ->  Bitmap Index Scan on sbtest5_pkey  (cost=0.00..30.68 rows=1025 width=0)
	        Index Cond: ((id >= 2392403) AND (id <= 2393402))

table 6 : explain SELECT c FROM sbtest6 WHERE id BETWEEN 7461142 AND 7462141
	Bitmap Heap Scan on sbtest6  (cost=30.35..3748.94 rows=967 width=121)
	  Recheck Cond: ((id >= 7461142) AND (id <= 7462141))
	  ->  Bitmap Index Scan on sbtest6_pkey  (cost=0.00..30.11 rows=967 width=0)
	        Index Cond: ((id >= 7461142) AND (id <= 7462141))

table 7 : explain SELECT c FROM sbtest7 WHERE id BETWEEN 5485554 AND 5486553
	Bitmap Heap Scan on sbtest7  (cost=31.04..4003.48 rows=1035 width=121)
	  Recheck Cond: ((id >= 5485554) AND (id <= 5486553))
	  ->  Bitmap Index Scan on sbtest7_pkey  (cost=0.00..30.79 rows=1035 width=0)
	        Index Cond: ((id >= 5485554) AND (id <= 5486553))

table 8 : explain SELECT c FROM sbtest8 WHERE id BETWEEN 499835 AND 500834
	Bitmap Heap Scan on sbtest8  (cost=30.14..3673.86 rows=947 width=121)
	  Recheck Cond: ((id >= 499835) AND (id <= 500834))
	  ->  Bitmap Index Scan on sbtest8_pkey  (cost=0.00..29.90 rows=947 width=0)
	        Index Cond: ((id >= 499835) AND (id <= 500834))

for: distinct_ranges
table 1 : explain SELECT DISTINCT c FROM sbtest1 WHERE id BETWEEN 5671404 AND 5672403 ORDER BY c
	Unique  (cost=3629.69..3634.30 rows=923 width=121)
	  ->  Sort  (cost=3629.69..3631.99 rows=923 width=121)
	        Sort Key: c
	        ->  Bitmap Heap Scan on sbtest1  (cost=29.90..3584.23 rows=923 width=121)
	              Recheck Cond: ((id >= 5671404) AND (id <= 5672403))
	              ->  Bitmap Index Scan on sbtest1_pkey  (cost=0.00..29.66 rows=923 width=0)
	                    Index Cond: ((id >= 5671404) AND (id <= 5672403))

table 2 : explain SELECT DISTINCT c FROM sbtest2 WHERE id BETWEEN 448980 AND 449979 ORDER BY c
	Unique  (cost=3843.15..3848.05 rows=979 width=121)
	  ->  Sort  (cost=3843.15..3845.60 rows=979 width=121)
	        Sort Key: c
	        ->  Bitmap Heap Scan on sbtest2  (cost=30.47..3794.52 rows=979 width=121)
	              Recheck Cond: ((id >= 448980) AND (id <= 449979))
	              ->  Bitmap Index Scan on sbtest2_pkey  (cost=0.00..30.22 rows=979 width=0)
	                    Index Cond: ((id >= 448980) AND (id <= 449979))

table 3 : explain SELECT DISTINCT c FROM sbtest3 WHERE id BETWEEN 8628585 AND 8629584 ORDER BY c
	Unique  (cost=3933.44..3938.46 rows=1003 width=121)
	  ->  Sort  (cost=3933.44..3935.95 rows=1003 width=121)
	        Sort Key: c
	        ->  Bitmap Heap Scan on sbtest3  (cost=30.72..3883.44 rows=1003 width=121)
	              Recheck Cond: ((id >= 8628585) AND (id <= 8629584))
	              ->  Bitmap Index Scan on sbtest3_pkey  (cost=0.00..30.46 rows=1003 width=0)
	                    Index Cond: ((id >= 8628585) AND (id <= 8629584))

table 4 : explain SELECT DISTINCT c FROM sbtest4 WHERE id BETWEEN 9874244 AND 9875243 ORDER BY c
	Unique  (cost=3885.25..3890.20 rows=990 width=121)
	  ->  Sort  (cost=3885.25..3887.72 rows=990 width=121)
	        Sort Key: c
	        ->  Bitmap Heap Scan on sbtest4  (cost=30.58..3835.99 rows=990 width=121)
	              Recheck Cond: ((id >= 9874244) AND (id <= 9875243))
	              ->  Bitmap Index Scan on sbtest4_pkey  (cost=0.00..30.33 rows=990 width=0)
	                    Index Cond: ((id >= 9874244) AND (id <= 9875243))

table 5 : explain SELECT DISTINCT c FROM sbtest5 WHERE id BETWEEN 4497444 AND 4498443 ORDER BY c
	Unique  (cost=4084.64..4089.85 rows=1042 width=121)
	  ->  Sort  (cost=4084.64..4087.24 rows=1042 width=121)
	        Sort Key: c
	        ->  Bitmap Heap Scan on sbtest5  (cost=31.12..4032.40 rows=1042 width=121)
	              Recheck Cond: ((id >= 4497444) AND (id <= 4498443))
	              ->  Bitmap Index Scan on sbtest5_pkey  (cost=0.00..30.86 rows=1042 width=0)
	                    Index Cond: ((id >= 4497444) AND (id <= 4498443))

table 6 : explain SELECT DISTINCT c FROM sbtest6 WHERE id BETWEEN 5736925 AND 5737924 ORDER BY c
	Unique  (cost=4260.08..4265.52 rows=1087 width=121)
	  ->  Sort  (cost=4260.08..4262.80 rows=1087 width=121)
	        Sort Key: c
	        ->  Bitmap Heap Scan on sbtest6  (cost=35.58..4205.26 rows=1087 width=121)
	              Recheck Cond: ((id >= 5736925) AND (id <= 5737924))
	              ->  Bitmap Index Scan on sbtest6_pkey  (cost=0.00..35.31 rows=1087 width=0)
	                    Index Cond: ((id >= 5736925) AND (id <= 5737924))

table 7 : explain SELECT DISTINCT c FROM sbtest7 WHERE id BETWEEN 2574443 AND 2575442 ORDER BY c
	Unique  (cost=4292.27..4297.75 rows=1096 width=121)
	  ->  Sort  (cost=4292.27..4295.01 rows=1096 width=121)
	        Sort Key: c
	        ->  Bitmap Heap Scan on sbtest7  (cost=35.67..4236.94 rows=1096 width=121)
	              Recheck Cond: ((id >= 2574443) AND (id <= 2575442))
	              ->  Bitmap Index Scan on sbtest7_pkey  (cost=0.00..35.40 rows=1096 width=0)
	                    Index Cond: ((id >= 2574443) AND (id <= 2575442))

table 8 : explain SELECT DISTINCT c FROM sbtest8 WHERE id BETWEEN 3945073 AND 3946072 ORDER BY c
	Unique  (cost=3713.00..3717.72 rows=945 width=121)
	  ->  Sort  (cost=3713.00..3715.36 rows=945 width=121)
	        Sort Key: c
	        ->  Bitmap Heap Scan on sbtest8  (cost=30.12..3666.30 rows=945 width=121)
	              Recheck Cond: ((id >= 3945073) AND (id <= 3946072))
	              ->  Bitmap Index Scan on sbtest8_pkey  (cost=0.00..29.89 rows=945 width=0)
	                    Index Cond: ((id >= 3945073) AND (id <= 3946072))

for point_selects
table 1 : explain SELECT c FROM sbtest1 WHERE id=9325343
	Index Scan using sbtest1_pkey on sbtest1  (cost=0.43..8.45 rows=1 width=121)
	  Index Cond: (id = 9325343)

table 2 : explain SELECT c FROM sbtest2 WHERE id=548421
	Index Scan using sbtest2_pkey on sbtest2  (cost=0.43..8.45 rows=1 width=121)
	  Index Cond: (id = 548421)

table 3 : explain SELECT c FROM sbtest3 WHERE id=4665511
	Index Scan using sbtest3_pkey on sbtest3  (cost=0.43..8.45 rows=1 width=121)
	  Index Cond: (id = 4665511)

table 4 : explain SELECT c FROM sbtest4 WHERE id=94222
	Index Scan using sbtest4_pkey on sbtest4  (cost=0.43..8.45 rows=1 width=121)
	  Index Cond: (id = 94222)

table 5 : explain SELECT c FROM sbtest5 WHERE id=1105137
	Index Scan using sbtest5_pkey on sbtest5  (cost=0.43..8.45 rows=1 width=121)
	  Index Cond: (id = 1105137)

table 6 : explain SELECT c FROM sbtest6 WHERE id=5033085
	Index Scan using sbtest6_pkey on sbtest6  (cost=0.43..8.45 rows=1 width=121)
	  Index Cond: (id = 5033085)

table 7 : explain SELECT c FROM sbtest7 WHERE id=7808201
	Index Scan using sbtest7_pkey on sbtest7  (cost=0.43..8.45 rows=1 width=121)
	  Index Cond: (id = 7808201)

table 8 : explain SELECT c FROM sbtest8 WHERE id=7675962
	Index Scan using sbtest8_pkey on sbtest8  (cost=0.43..8.45 rows=1 width=121)
	  Index Cond: (id = 7675962)

explain: for point_selects :: explain SELECT c FROM sbtest%u WHERE id=%u
for: distinct_ranges
table 1 : explain SELECT DISTINCT c FROM sbtest1 WHERE id BETWEEN 7258627 AND 7259626 ORDER BY c
	Unique  (cost=3760.23..3765.02 rows=957 width=121)
	  ->  Sort  (cost=3760.23..3762.63 rows=957 width=121)
	        Sort Key: c
	        ->  Bitmap Heap Scan on sbtest1  (cost=30.24..3712.85 rows=957 width=121)
	              Recheck Cond: ((id >= 7258627) AND (id <= 7259626))
	              ->  Bitmap Index Scan on sbtest1_pkey  (cost=0.00..30.00 rows=957 width=0)
	                    Index Cond: ((id >= 7258627) AND (id <= 7259626))

table 2 : explain SELECT DISTINCT c FROM sbtest2 WHERE id BETWEEN 3958892 AND 3959891 ORDER BY c
	Unique  (cost=4233.65..4239.05 rows=1080 width=121)
	  ->  Sort  (cost=4233.65..4236.35 rows=1080 width=121)
	        Sort Key: c
	        ->  Bitmap Heap Scan on sbtest2  (cost=35.51..4179.24 rows=1080 width=121)
	              Recheck Cond: ((id >= 3958892) AND (id <= 3959891))
	              ->  Bitmap Index Scan on sbtest2_pkey  (cost=0.00..35.23 rows=1080 width=0)
	                    Index Cond: ((id >= 3958892) AND (id <= 3959891))

table 3 : explain SELECT DISTINCT c FROM sbtest3 WHERE id BETWEEN 3822666 AND 3823665 ORDER BY c
	Unique  (cost=3772.59..3777.39 rows=961 width=121)
	  ->  Sort  (cost=3772.59..3774.99 rows=961 width=121)
	        Sort Key: c
	        ->  Bitmap Heap Scan on sbtest3  (cost=30.29..3724.98 rows=961 width=121)
	              Recheck Cond: ((id >= 3822666) AND (id <= 3823665))
	              ->  Bitmap Index Scan on sbtest3_pkey  (cost=0.00..30.04 rows=961 width=0)
	                    Index Cond: ((id >= 3822666) AND (id <= 3823665))

table 4 : explain SELECT DISTINCT c FROM sbtest4 WHERE id BETWEEN 9167849 AND 9168848 ORDER BY c
	Unique  (cost=3712.72..3717.44 rows=945 width=121)
	  ->  Sort  (cost=3712.72..3715.08 rows=945 width=121)
	        Sort Key: c
	        ->  Bitmap Heap Scan on sbtest4  (cost=30.12..3666.02 rows=945 width=121)
	              Recheck Cond: ((id >= 9167849) AND (id <= 9168848))
	              ->  Bitmap Index Scan on sbtest4_pkey  (cost=0.00..29.89 rows=945 width=0)
	                    Index Cond: ((id >= 9167849) AND (id <= 9168848))

table 5 : explain SELECT DISTINCT c FROM sbtest5 WHERE id BETWEEN 1164466 AND 1165465 ORDER BY c
	Unique  (cost=4233.92..4239.32 rows=1080 width=121)
	  ->  Sort  (cost=4233.92..4236.62 rows=1080 width=121)
	        Sort Key: c
	        ->  Bitmap Heap Scan on sbtest5  (cost=35.51..4179.51 rows=1080 width=121)
	              Recheck Cond: ((id >= 1164466) AND (id <= 1165465))
	              ->  Bitmap Index Scan on sbtest5_pkey  (cost=0.00..35.23 rows=1080 width=0)
	                    Index Cond: ((id >= 1164466) AND (id <= 1165465))

table 6 : explain SELECT DISTINCT c FROM sbtest6 WHERE id BETWEEN 2995094 AND 2996093 ORDER BY c
	Unique  (cost=3888.86..3893.82 rows=991 width=121)
	  ->  Sort  (cost=3888.86..3891.34 rows=991 width=121)
	        Sort Key: c
	        ->  Bitmap Heap Scan on sbtest6  (cost=30.59..3839.55 rows=991 width=121)
	              Recheck Cond: ((id >= 2995094) AND (id <= 2996093))
	              ->  Bitmap Index Scan on sbtest6_pkey  (cost=0.00..30.34 rows=991 width=0)
	                    Index Cond: ((id >= 2995094) AND (id <= 2996093))

table 7 : explain SELECT DISTINCT c FROM sbtest7 WHERE id BETWEEN 4003215 AND 4004214 ORDER BY c
	Unique  (cost=4005.60..4010.71 rows=1022 width=121)
	  ->  Sort  (cost=4005.60..4008.15 rows=1022 width=121)
	        Sort Key: c
	        ->  Bitmap Heap Scan on sbtest7  (cost=30.91..3954.51 rows=1022 width=121)
	              Recheck Cond: ((id >= 4003215) AND (id <= 4004214))
	              ->  Bitmap Index Scan on sbtest7_pkey  (cost=0.00..30.65 rows=1022 width=0)
	                    Index Cond: ((id >= 4003215) AND (id <= 4004214))

table 8 : explain SELECT DISTINCT c FROM sbtest8 WHERE id BETWEEN 1134772 AND 1135771 ORDER BY c
	Unique  (cost=3858.72..3863.64 rows=983 width=121)
	  ->  Sort  (cost=3858.72..3861.18 rows=983 width=121)
	        Sort Key: c
	        ->  Bitmap Heap Scan on sbtest8  (cost=30.51..3809.86 rows=983 width=121)
	              Recheck Cond: ((id >= 1134772) AND (id <= 1135771))
	              ->  Bitmap Index Scan on sbtest8_pkey  (cost=0.00..30.26 rows=983 width=0)
	                    Index Cond: ((id >= 1134772) AND (id <= 1135771))

for: distinct_ranges
table 1 : explain SELECT DISTINCT c FROM sbtest1 WHERE id BETWEEN 8186702 AND 8187701 ORDER BY c
	Unique  (cost=4162.53..4167.84 rows=1062 width=121)
	  ->  Sort  (cost=4162.53..4165.19 rows=1062 width=121)
	        Sort Key: c
	        ->  Bitmap Heap Scan on sbtest1  (cost=31.32..4109.15 rows=1062 width=121)
	              Recheck Cond: ((id >= 8186702) AND (id <= 8187701))
	              ->  Bitmap Index Scan on sbtest1_pkey  (cost=0.00..31.05 rows=1062 width=0)
	                    Index Cond: ((id >= 8186702) AND (id <= 8187701))

table 2 : explain SELECT DISTINCT c FROM sbtest2 WHERE id BETWEEN 8325322 AND 8326321 ORDER BY c
	Unique  (cost=4095.85..4101.08 rows=1045 width=121)
	  ->  Sort  (cost=4095.85..4098.47 rows=1045 width=121)
	        Sort Key: c
	        ->  Bitmap Heap Scan on sbtest2  (cost=31.15..4043.45 rows=1045 width=121)
	              Recheck Cond: ((id >= 8325322) AND (id <= 8326321))
	              ->  Bitmap Index Scan on sbtest2_pkey  (cost=0.00..30.89 rows=1045 width=0)
	                    Index Cond: ((id >= 8325322) AND (id <= 8326321))

table 3 : explain SELECT DISTINCT c FROM sbtest3 WHERE id BETWEEN 877602 AND 878601 ORDER BY c
	Unique  (cost=3600.00..3604.58 rows=916 width=121)
	  ->  Sort  (cost=3600.00..3602.29 rows=916 width=121)
	        Sort Key: c
	        ->  Bitmap Heap Scan on sbtest3  (cost=29.82..3554.94 rows=916 width=121)
	              Recheck Cond: ((id >= 877602) AND (id <= 878601))
	              ->  Bitmap Index Scan on sbtest3_pkey  (cost=0.00..29.59 rows=916 width=0)
	                    Index Cond: ((id >= 877602) AND (id <= 878601))

table 4 : explain SELECT DISTINCT c FROM sbtest4 WHERE id BETWEEN 8301378 AND 8302377 ORDER BY c
	Unique  (cost=3977.17..3982.24 rows=1014 width=121)
	  ->  Sort  (cost=3977.17..3979.70 rows=1014 width=121)
	        Sort Key: c
	        ->  Bitmap Heap Scan on sbtest4  (cost=30.83..3926.54 rows=1014 width=121)
	              Recheck Cond: ((id >= 8301378) AND (id <= 8302377))
	              ->  Bitmap Index Scan on sbtest4_pkey  (cost=0.00..30.57 rows=1014 width=0)
	                    Index Cond: ((id >= 8301378) AND (id <= 8302377))

table 5 : explain SELECT DISTINCT c FROM sbtest5 WHERE id BETWEEN 1784345 AND 1785344 ORDER BY c
	Unique  (cost=3651.58..3656.23 rows=929 width=121)
	  ->  Sort  (cost=3651.58..3653.91 rows=929 width=121)
	        Sort Key: c
	        ->  Bitmap Heap Scan on sbtest5  (cost=29.96..3605.79 rows=929 width=121)
	              Recheck Cond: ((id >= 1784345) AND (id <= 1785344))
	              ->  Bitmap Index Scan on sbtest5_pkey  (cost=0.00..29.72 rows=929 width=0)
	                    Index Cond: ((id >= 1784345) AND (id <= 1785344))

table 6 : explain SELECT DISTINCT c FROM sbtest6 WHERE id BETWEEN 9901687 AND 9902686 ORDER BY c
	Unique  (cost=4057.30..4062.48 rows=1035 width=121)
	  ->  Sort  (cost=4057.30..4059.89 rows=1035 width=121)
	        Sort Key: c
	        ->  Bitmap Heap Scan on sbtest6  (cost=31.04..4005.47 rows=1035 width=121)
	              Recheck Cond: ((id >= 9901687) AND (id <= 9902686))
	              ->  Bitmap Index Scan on sbtest6_pkey  (cost=0.00..30.79 rows=1035 width=0)
	                    Index Cond: ((id >= 9901687) AND (id <= 9902686))

table 7 : explain SELECT DISTINCT c FROM sbtest7 WHERE id BETWEEN 6578120 AND 6579119 ORDER BY c
	Unique  (cost=3921.44..3926.44 rows=1000 width=121)
	  ->  Sort  (cost=3921.44..3923.94 rows=1000 width=121)
	        Sort Key: c
	        ->  Bitmap Heap Scan on sbtest7  (cost=30.68..3871.61 rows=1000 width=121)
	              Recheck Cond: ((id >= 6578120) AND (id <= 6579119))
	              ->  Bitmap Index Scan on sbtest7_pkey  (cost=0.00..30.43 rows=1000 width=0)
	                    Index Cond: ((id >= 6578120) AND (id <= 6579119))

table 8 : explain SELECT DISTINCT c FROM sbtest8 WHERE id BETWEEN 8379706 AND 8380705 ORDER BY c
	Unique  (cost=3816.56..3821.42 rows=972 width=121)
	  ->  Sort  (cost=3816.56..3818.99 rows=972 width=121)
	        Sort Key: c
	        ->  Bitmap Heap Scan on sbtest8  (cost=30.40..3768.32 rows=972 width=121)
	              Recheck Cond: ((id >= 8379706) AND (id <= 8380705))
	              ->  Bitmap Index Scan on sbtest8_pkey  (cost=0.00..30.15 rows=972 width=0)
	                    Index Cond: ((id >= 8379706) AND (id <= 8380705))

for: simple_ranges
table 1 : explain SELECT c FROM sbtest1 WHERE id BETWEEN 8223516 AND 8224515
	Bitmap Heap Scan on sbtest1  (cost=31.32..4109.15 rows=1062 width=121)
	  Recheck Cond: ((id >= 8223516) AND (id <= 8224515))
	  ->  Bitmap Index Scan on sbtest1_pkey  (cost=0.00..31.05 rows=1062 width=0)
	        Index Cond: ((id >= 8223516) AND (id <= 8224515))

table 2 : explain SELECT c FROM sbtest2 WHERE id BETWEEN 6022438 AND 6023437
	Bitmap Heap Scan on sbtest2  (cost=35.85..4307.12 rows=1114 width=121)
	  Recheck Cond: ((id >= 6022438) AND (id <= 6023437))
	  ->  Bitmap Index Scan on sbtest2_pkey  (cost=0.00..35.58 rows=1114 width=0)
	        Index Cond: ((id >= 6022438) AND (id <= 6023437))

table 3 : explain SELECT c FROM sbtest3 WHERE id BETWEEN 3660928 AND 3661927
	Bitmap Heap Scan on sbtest3  (cost=31.01..3992.73 rows=1032 width=121)
	  Recheck Cond: ((id >= 3660928) AND (id <= 3661927))
	  ->  Bitmap Index Scan on sbtest3_pkey  (cost=0.00..30.75 rows=1032 width=0)
	        Index Cond: ((id >= 3660928) AND (id <= 3661927))

table 4 : explain SELECT c FROM sbtest4 WHERE id BETWEEN 5466480 AND 5467479
	Bitmap Heap Scan on sbtest4  (cost=29.79..3544.99 rows=913 width=121)
	  Recheck Cond: ((id >= 5466480) AND (id <= 5467479))
	  ->  Bitmap Index Scan on sbtest4_pkey  (cost=0.00..29.57 rows=913 width=0)
	        Index Cond: ((id >= 5466480) AND (id <= 5467479))

table 5 : explain SELECT c FROM sbtest5 WHERE id BETWEEN 2118314 AND 2119313
	Bitmap Heap Scan on sbtest5  (cost=35.55..4194.56 rows=1084 width=121)
	  Recheck Cond: ((id >= 2118314) AND (id <= 2119313))
	  ->  Bitmap Index Scan on sbtest5_pkey  (cost=0.00..35.28 rows=1084 width=0)
	        Index Cond: ((id >= 2118314) AND (id <= 2119313))

table 6 : explain SELECT c FROM sbtest6 WHERE id BETWEEN 6086057 AND 6087056
	Bitmap Heap Scan on sbtest6  (cost=30.04..3635.57 rows=937 width=121)
	  Recheck Cond: ((id >= 6086057) AND (id <= 6087056))
	  ->  Bitmap Index Scan on sbtest6_pkey  (cost=0.00..29.80 rows=937 width=0)
	        Index Cond: ((id >= 6086057) AND (id <= 6087056))

table 7 : explain SELECT c FROM sbtest7 WHERE id BETWEEN 2187158 AND 2188157
	Bitmap Heap Scan on sbtest7  (cost=30.84..3928.14 rows=1015 width=121)
	  Recheck Cond: ((id >= 2187158) AND (id <= 2188157))
	  ->  Bitmap Index Scan on sbtest7_pkey  (cost=0.00..30.58 rows=1015 width=0)
	        Index Cond: ((id >= 2187158) AND (id <= 2188157))

table 8 : explain SELECT c FROM sbtest8 WHERE id BETWEEN 5817453 AND 5818452
	Bitmap Heap Scan on sbtest8  (cost=30.92..3960.79 rows=1023 width=121)
	  Recheck Cond: ((id >= 5817453) AND (id <= 5818452))
	  ->  Bitmap Index Scan on sbtest8_pkey  (cost=0.00..30.66 rows=1023 width=0)
	        Index Cond: ((id >= 5817453) AND (id <= 5818452))

for point_selects
table 1 : explain SELECT c FROM sbtest1 WHERE id=9861046
	Index Scan using sbtest1_pkey on sbtest1  (cost=0.43..8.45 rows=1 width=121)
	  Index Cond: (id = 9861046)

table 2 : explain SELECT c FROM sbtest2 WHERE id=4165043
	Index Scan using sbtest2_pkey on sbtest2  (cost=0.43..8.45 rows=1 width=121)
	  Index Cond: (id = 4165043)

table 3 : explain SELECT c FROM sbtest3 WHERE id=1853715
	Index Scan using sbtest3_pkey on sbtest3  (cost=0.43..8.45 rows=1 width=121)
	  Index Cond: (id = 1853715)

table 4 : explain SELECT c FROM sbtest4 WHERE id=8449105
	Index Scan using sbtest4_pkey on sbtest4  (cost=0.43..8.45 rows=1 width=121)
	  Index Cond: (id = 8449105)

table 5 : explain SELECT c FROM sbtest5 WHERE id=5520539
	Index Scan using sbtest5_pkey on sbtest5  (cost=0.43..8.45 rows=1 width=121)
	  Index Cond: (id = 5520539)

table 6 : explain SELECT c FROM sbtest6 WHERE id=1101238
	Index Scan using sbtest6_pkey on sbtest6  (cost=0.43..8.45 rows=1 width=121)
	  Index Cond: (id = 1101238)

table 7 : explain SELECT c FROM sbtest7 WHERE id=4049222
	Index Scan using sbtest7_pkey on sbtest7  (cost=0.43..8.45 rows=1 width=121)
	  Index Cond: (id = 4049222)

table 8 : explain SELECT c FROM sbtest8 WHERE id=6643862
	Index Scan using sbtest8_pkey on sbtest8  (cost=0.43..8.45 rows=1 width=121)
	  Index Cond: (id = 6643862)

for: distinct_ranges
table 1 : explain SELECT DISTINCT c FROM sbtest1 WHERE id BETWEEN 4814166 AND 4815165 ORDER BY c
	Unique  (cost=4292.70..4298.18 rows=1095 width=121)
	  ->  Sort  (cost=4292.70..4295.44 rows=1095 width=121)
	        Sort Key: c
	        ->  Bitmap Heap Scan on sbtest1  (cost=35.66..4237.42 rows=1095 width=121)
	              Recheck Cond: ((id >= 4814166) AND (id <= 4815165))
	              ->  Bitmap Index Scan on sbtest1_pkey  (cost=0.00..35.39 rows=1095 width=0)
	                    Index Cond: ((id >= 4814166) AND (id <= 4815165))

table 2 : explain SELECT DISTINCT c FROM sbtest2 WHERE id BETWEEN 6484737 AND 6485736 ORDER BY c
	Unique  (cost=3597.61..3602.19 rows=915 width=121)
	  ->  Sort  (cost=3597.61..3599.90 rows=915 width=121)
	        Sort Key: c
	        ->  Bitmap Heap Scan on sbtest2  (cost=29.81..3552.61 rows=915 width=121)
	              Recheck Cond: ((id >= 6484737) AND (id <= 6485736))
	              ->  Bitmap Index Scan on sbtest2_pkey  (cost=0.00..29.58 rows=915 width=0)
	                    Index Cond: ((id >= 6484737) AND (id <= 6485736))

table 3 : explain SELECT DISTINCT c FROM sbtest3 WHERE id BETWEEN 5305200 AND 5306199 ORDER BY c
	Unique  (cost=4097.91..4103.14 rows=1046 width=121)
	  ->  Sort  (cost=4097.91..4100.53 rows=1046 width=121)
	        Sort Key: c
	        ->  Bitmap Heap Scan on sbtest3  (cost=31.16..4045.45 rows=1046 width=121)
	              Recheck Cond: ((id >= 5305200) AND (id <= 5306199))
	              ->  Bitmap Index Scan on sbtest3_pkey  (cost=0.00..30.89 rows=1046 width=0)
	                    Index Cond: ((id >= 5305200) AND (id <= 5306199))

table 4 : explain SELECT DISTINCT c FROM sbtest4 WHERE id BETWEEN 8687485 AND 8688484 ORDER BY c
	Unique  (cost=4099.62..4104.85 rows=1046 width=121)
	  ->  Sort  (cost=4099.62..4102.23 rows=1046 width=121)
	        Sort Key: c
	        ->  Bitmap Heap Scan on sbtest4  (cost=31.16..4047.16 rows=1046 width=121)
	              Recheck Cond: ((id >= 8687485) AND (id <= 8688484))
	              ->  Bitmap Index Scan on sbtest4_pkey  (cost=0.00..30.89 rows=1046 width=0)
	                    Index Cond: ((id >= 8687485) AND (id <= 8688484))

table 5 : explain SELECT DISTINCT c FROM sbtest5 WHERE id BETWEEN 9717255 AND 9718254 ORDER BY c
	Unique  (cost=3720.67..3725.40 rows=947 width=121)
	  ->  Sort  (cost=3720.67..3723.04 rows=947 width=121)
	        Sort Key: c
	        ->  Bitmap Heap Scan on sbtest5  (cost=30.14..3673.85 rows=947 width=121)
	              Recheck Cond: ((id >= 9717255) AND (id <= 9718254))
	              ->  Bitmap Index Scan on sbtest5_pkey  (cost=0.00..29.90 rows=947 width=0)
	                    Index Cond: ((id >= 9717255) AND (id <= 9718254))

table 6 : explain SELECT DISTINCT c FROM sbtest6 WHERE id BETWEEN 6377583 AND 6378582 ORDER BY c
	Unique  (cost=4386.07..4391.67 rows=1120 width=121)
	  ->  Sort  (cost=4386.07..4388.87 rows=1120 width=121)
	        Sort Key: c
	        ->  Bitmap Heap Scan on sbtest6  (cost=35.92..4329.34 rows=1120 width=121)
	              Recheck Cond: ((id >= 6377583) AND (id <= 6378582))
	              ->  Bitmap Index Scan on sbtest6_pkey  (cost=0.00..35.64 rows=1120 width=0)
	                    Index Cond: ((id >= 6377583) AND (id <= 6378582))

table 7 : explain SELECT DISTINCT c FROM sbtest7 WHERE id BETWEEN 1550053 AND 1551052 ORDER BY c
	Unique  (cost=4238.84..4244.25 rows=1082 width=121)
	  ->  Sort  (cost=4238.84..4241.55 rows=1082 width=121)
	        Sort Key: c
	        ->  Bitmap Heap Scan on sbtest7  (cost=35.53..4184.31 rows=1082 width=121)
	              Recheck Cond: ((id >= 1550053) AND (id <= 1551052))
	              ->  Bitmap Index Scan on sbtest7_pkey  (cost=0.00..35.26 rows=1082 width=0)
	                    Index Cond: ((id >= 1550053) AND (id <= 1551052))

table 8 : explain SELECT DISTINCT c FROM sbtest8 WHERE id BETWEEN 2554379 AND 2555378 ORDER BY c
	Unique  (cost=4092.47..4097.68 rows=1043 width=121)
	  ->  Sort  (cost=4092.47..4095.07 rows=1043 width=121)
	        Sort Key: c
	        ->  Bitmap Heap Scan on sbtest8  (cost=35.13..4040.18 rows=1043 width=121)
	              Recheck Cond: ((id >= 2554379) AND (id <= 2555378))
	              ->  Bitmap Index Scan on sbtest8_pkey  (cost=0.00..34.87 rows=1043 width=0)
	                    Index Cond: ((id >= 2554379) AND (id <= 2555378))

for: distinct_ranges
table 1 : explain SELECT DISTINCT c FROM sbtest1 WHERE id BETWEEN 9229599 AND 9230598 ORDER BY c
	Unique  (cost=3978.78..3983.85 rows=1014 width=121)
	  ->  Sort  (cost=3978.78..3981.32 rows=1014 width=121)
	        Sort Key: c
	        ->  Bitmap Heap Scan on sbtest1  (cost=30.83..3928.16 rows=1014 width=121)
	              Recheck Cond: ((id >= 9229599) AND (id <= 9230598))
	              ->  Bitmap Index Scan on sbtest1_pkey  (cost=0.00..30.57 rows=1014 width=0)
	                    Index Cond: ((id >= 9229599) AND (id <= 9230598))

table 2 : explain SELECT DISTINCT c FROM sbtest2 WHERE id BETWEEN 5078378 AND 5079377 ORDER BY c
	Unique  (cost=3731.96..3736.71 rows=950 width=121)
	  ->  Sort  (cost=3731.96..3734.33 rows=950 width=121)
	        Sort Key: c
	        ->  Bitmap Heap Scan on sbtest2  (cost=30.17..3684.97 rows=950 width=121)
	              Recheck Cond: ((id >= 5078378) AND (id <= 5079377))
	              ->  Bitmap Index Scan on sbtest2_pkey  (cost=0.00..29.93 rows=950 width=0)
	                    Index Cond: ((id >= 5078378) AND (id <= 5079377))

table 3 : explain SELECT DISTINCT c FROM sbtest3 WHERE id BETWEEN 8240613 AND 8241612 ORDER BY c
	Unique  (cost=3830.06..3834.94 rows=976 width=121)
	  ->  Sort  (cost=3830.06..3832.50 rows=976 width=121)
	        Sort Key: c
	        ->  Bitmap Heap Scan on sbtest3  (cost=30.44..3781.60 rows=976 width=121)
	              Recheck Cond: ((id >= 8240613) AND (id <= 8241612))
	              ->  Bitmap Index Scan on sbtest3_pkey  (cost=0.00..30.19 rows=976 width=0)
	                    Index Cond: ((id >= 8240613) AND (id <= 8241612))

table 4 : explain SELECT DISTINCT c FROM sbtest4 WHERE id BETWEEN 2578743 AND 2579742 ORDER BY c
	Unique  (cost=4222.13..4227.51 rows=1077 width=121)
	  ->  Sort  (cost=4222.13..4224.82 rows=1077 width=121)
	        Sort Key: c
	        ->  Bitmap Heap Scan on sbtest4  (cost=35.47..4167.88 rows=1077 width=121)
	              Recheck Cond: ((id >= 2578743) AND (id <= 2579742))
	              ->  Bitmap Index Scan on sbtest4_pkey  (cost=0.00..35.20 rows=1077 width=0)
	                    Index Cond: ((id >= 2578743) AND (id <= 2579742))

table 5 : explain SELECT DISTINCT c FROM sbtest5 WHERE id BETWEEN 1018789 AND 1019788 ORDER BY c
	Unique  (cost=3712.99..3717.72 rows=945 width=121)
	  ->  Sort  (cost=3712.99..3715.36 rows=945 width=121)
	        Sort Key: c
	        ->  Bitmap Heap Scan on sbtest5  (cost=30.12..3666.29 rows=945 width=121)
	              Recheck Cond: ((id >= 1018789) AND (id <= 1019788))
	              ->  Bitmap Index Scan on sbtest5_pkey  (cost=0.00..29.89 rows=945 width=0)
	                    Index Cond: ((id >= 1018789) AND (id <= 1019788))

table 6 : explain SELECT DISTINCT c FROM sbtest6 WHERE id BETWEEN 8336707 AND 8337706 ORDER BY c
	Unique  (cost=4068.78..4073.97 rows=1038 width=121)
	  ->  Sort  (cost=4068.78..4071.38 rows=1038 width=121)
	        Sort Key: c
	        ->  Bitmap Heap Scan on sbtest6  (cost=31.07..4016.78 rows=1038 width=121)
	              Recheck Cond: ((id >= 8336707) AND (id <= 8337706))
	              ->  Bitmap Index Scan on sbtest6_pkey  (cost=0.00..30.82 rows=1038 width=0)
	                    Index Cond: ((id >= 8336707) AND (id <= 8337706))

table 7 : explain SELECT DISTINCT c FROM sbtest7 WHERE id BETWEEN 7021956 AND 7022955 ORDER BY c
	Unique  (cost=3791.25..3796.08 rows=966 width=121)
	  ->  Sort  (cost=3791.25..3793.67 rows=966 width=121)
	        Sort Key: c
	        ->  Bitmap Heap Scan on sbtest7  (cost=30.34..3743.36 rows=966 width=121)
	              Recheck Cond: ((id >= 7021956) AND (id <= 7022955))
	              ->  Bitmap Index Scan on sbtest7_pkey  (cost=0.00..30.09 rows=966 width=0)
	                    Index Cond: ((id >= 7021956) AND (id <= 7022955))

table 8 : explain SELECT DISTINCT c FROM sbtest8 WHERE id BETWEEN 7010739 AND 7011738 ORDER BY c
	Unique  (cost=3820.39..3825.26 rows=973 width=121)
	  ->  Sort  (cost=3820.39..3822.82 rows=973 width=121)
	        Sort Key: c
	        ->  Bitmap Heap Scan on sbtest8  (cost=30.41..3772.10 rows=973 width=121)
	              Recheck Cond: ((id >= 7010739) AND (id <= 7011738))
	              ->  Bitmap Index Scan on sbtest8_pkey  (cost=0.00..30.16 rows=973 width=0)
	                    Index Cond: ((id >= 7010739) AND (id <= 7011738))

for: simple_ranges
table 1 : explain SELECT c FROM sbtest1 WHERE id BETWEEN 2160763 AND 2161762
	Bitmap Heap Scan on sbtest1  (cost=30.18..3690.16 rows=951 width=121)
	  Recheck Cond: ((id >= 2160763) AND (id <= 2161762))
	  ->  Bitmap Index Scan on sbtest1_pkey  (cost=0.00..29.94 rows=951 width=0)
	        Index Cond: ((id >= 2160763) AND (id <= 2161762))

table 2 : explain SELECT c FROM sbtest2 WHERE id BETWEEN 7296504 AND 7297503
	Bitmap Heap Scan on sbtest2  (cost=30.68..3873.79 rows=1000 width=121)
	  Recheck Cond: ((id >= 7296504) AND (id <= 7297503))
	  ->  Bitmap Index Scan on sbtest2_pkey  (cost=0.00..30.43 rows=1000 width=0)
	        Index Cond: ((id >= 7296504) AND (id <= 7297503))

table 3 : explain SELECT c FROM sbtest3 WHERE id BETWEEN 9083174 AND 9084173
	Bitmap Heap Scan on sbtest3  (cost=30.51..3808.01 rows=983 width=121)
	  Recheck Cond: ((id >= 9083174) AND (id <= 9084173))
	  ->  Bitmap Index Scan on sbtest3_pkey  (cost=0.00..30.26 rows=983 width=0)
	        Index Cond: ((id >= 9083174) AND (id <= 9084173))

table 4 : explain SELECT c FROM sbtest4 WHERE id BETWEEN 1100937 AND 1101936
	Bitmap Heap Scan on sbtest4  (cost=30.87..3941.62 rows=1018 width=121)
	  Recheck Cond: ((id >= 1100937) AND (id <= 1101936))
	  ->  Bitmap Index Scan on sbtest4_pkey  (cost=0.00..30.61 rows=1018 width=0)
	        Index Cond: ((id >= 1100937) AND (id <= 1101936))

table 5 : explain SELECT c FROM sbtest5 WHERE id BETWEEN 8659680 AND 8660679
	Bitmap Heap Scan on sbtest5  (cost=31.05..4009.79 rows=1036 width=121)
	  Recheck Cond: ((id >= 8659680) AND (id <= 8660679))
	  ->  Bitmap Index Scan on sbtest5_pkey  (cost=0.00..30.79 rows=1036 width=0)
	        Index Cond: ((id >= 8659680) AND (id <= 8660679))

table 6 : explain SELECT c FROM sbtest6 WHERE id BETWEEN 5299618 AND 5300617
	Bitmap Heap Scan on sbtest6  (cost=30.27..3722.50 rows=960 width=121)
	  Recheck Cond: ((id >= 5299618) AND (id <= 5300617))
	  ->  Bitmap Index Scan on sbtest6_pkey  (cost=0.00..30.04 rows=960 width=0)
	        Index Cond: ((id >= 5299618) AND (id <= 5300617))

table 7 : explain SELECT c FROM sbtest7 WHERE id BETWEEN 5661720 AND 5662719
	Bitmap Heap Scan on sbtest7  (cost=30.16..3679.18 rows=949 width=121)
	  Recheck Cond: ((id >= 5661720) AND (id <= 5662719))
	  ->  Bitmap Index Scan on sbtest7_pkey  (cost=0.00..29.93 rows=949 width=0)
	        Index Cond: ((id >= 5661720) AND (id <= 5662719))

table 8 : explain SELECT c FROM sbtest8 WHERE id BETWEEN 238431 AND 239430
	Bitmap Heap Scan on sbtest8  (cost=36.06..4378.84 rows=1134 width=121)
	  Recheck Cond: ((id >= 238431) AND (id <= 239430))
	  ->  Bitmap Index Scan on sbtest8_pkey  (cost=0.00..35.78 rows=1134 width=0)
	        Index Cond: ((id >= 238431) AND (id <= 239430))

for: sum_ranges
table 1 : explain SELECT SUM(k) FROM sbtest1 WHERE id BETWEEN 447582 AND 448581
	Aggregate  (cost=3964.67..3964.68 rows=1 width=8)
	  ->  Bitmap Heap Scan on sbtest1  (cost=30.92..3962.11 rows=1023 width=4)
	        Recheck Cond: ((id >= 447582) AND (id <= 448581))
	        ->  Bitmap Index Scan on sbtest1_pkey  (cost=0.00..30.66 rows=1023 width=0)
	              Index Cond: ((id >= 447582) AND (id <= 448581))

table 2 : explain SELECT SUM(k) FROM sbtest2 WHERE id BETWEEN 4498740 AND 4499739
	Aggregate  (cost=3376.78..3376.79 rows=1 width=8)
	  ->  Bitmap Heap Scan on sbtest2  (cost=29.33..3374.61 rows=868 width=4)
	        Recheck Cond: ((id >= 4498740) AND (id <= 4499739))
	        ->  Bitmap Index Scan on sbtest2_pkey  (cost=0.00..29.11 rows=868 width=0)
	              Index Cond: ((id >= 4498740) AND (id <= 4499739))

table 3 : explain SELECT SUM(k) FROM sbtest3 WHERE id BETWEEN 2579437 AND 2580436
	Aggregate  (cost=3587.50..3587.51 rows=1 width=8)
	  ->  Bitmap Heap Scan on sbtest3  (cost=29.91..3585.19 rows=924 width=4)
	        Recheck Cond: ((id >= 2579437) AND (id <= 2580436))
	        ->  Bitmap Index Scan on sbtest3_pkey  (cost=0.00..29.68 rows=924 width=0)
	              Index Cond: ((id >= 2579437) AND (id <= 2580436))

table 4 : explain SELECT SUM(k) FROM sbtest4 WHERE id BETWEEN 9396416 AND 9397415
	Aggregate  (cost=3694.85..3694.86 rows=1 width=8)
	  ->  Bitmap Heap Scan on sbtest4  (cost=30.19..3692.47 rows=952 width=4)
	        Recheck Cond: ((id >= 9396416) AND (id <= 9397415))
	        ->  Bitmap Index Scan on sbtest4_pkey  (cost=0.00..29.95 rows=952 width=0)
	              Index Cond: ((id >= 9396416) AND (id <= 9397415))

table 5 : explain SELECT SUM(k) FROM sbtest5 WHERE id BETWEEN 8312004 AND 8313003
	Aggregate  (cost=3834.98..3834.99 rows=1 width=8)
	  ->  Bitmap Heap Scan on sbtest5  (cost=30.57..3832.51 rows=989 width=4)
	        Recheck Cond: ((id >= 8312004) AND (id <= 8313003))
	        ->  Bitmap Index Scan on sbtest5_pkey  (cost=0.00..30.32 rows=989 width=0)
	              Index Cond: ((id >= 8312004) AND (id <= 8313003))

table 6 : explain SELECT SUM(k) FROM sbtest6 WHERE id BETWEEN 22449 AND 23448
	Aggregate  (cost=3838.25..3838.26 rows=1 width=8)
	  ->  Bitmap Heap Scan on sbtest6  (cost=30.58..3835.77 rows=990 width=4)
	        Recheck Cond: ((id >= 22449) AND (id <= 23448))
	        ->  Bitmap Index Scan on sbtest6_pkey  (cost=0.00..30.33 rows=990 width=0)
	              Index Cond: ((id >= 22449) AND (id <= 23448))

table 7 : explain SELECT SUM(k) FROM sbtest7 WHERE id BETWEEN 2483307 AND 2484306
	Aggregate  (cost=3677.77..3677.78 rows=1 width=8)
	  ->  Bitmap Heap Scan on sbtest7  (cost=30.15..3675.40 rows=948 width=4)
	        Recheck Cond: ((id >= 2483307) AND (id <= 2484306))
	        ->  Bitmap Index Scan on sbtest7_pkey  (cost=0.00..29.91 rows=948 width=0)
	              Index Cond: ((id >= 2483307) AND (id <= 2484306))

table 8 : explain SELECT SUM(k) FROM sbtest8 WHERE id BETWEEN 9382114 AND 9383113
	Aggregate  (cost=3543.75..3543.76 rows=1 width=8)
	  ->  Bitmap Heap Scan on sbtest8  (cost=29.78..3541.47 rows=912 width=4)
	        Recheck Cond: ((id >= 9382114) AND (id <= 9383113))
	        ->  Bitmap Index Scan on sbtest8_pkey  (cost=0.00..29.55 rows=912 width=0)
	              Index Cond: ((id >= 9382114) AND (id <= 9383113))

for point_selects
table 1 : explain SELECT c FROM sbtest1 WHERE id=9335970
	Index Scan using sbtest1_pkey on sbtest1  (cost=0.43..8.45 rows=1 width=121)
	  Index Cond: (id = 9335970)

table 2 : explain SELECT c FROM sbtest2 WHERE id=4428823
	Index Scan using sbtest2_pkey on sbtest2  (cost=0.43..8.45 rows=1 width=121)
	  Index Cond: (id = 4428823)

table 3 : explain SELECT c FROM sbtest3 WHERE id=5588053
	Index Scan using sbtest3_pkey on sbtest3  (cost=0.43..8.45 rows=1 width=121)
	  Index Cond: (id = 5588053)

table 4 : explain SELECT c FROM sbtest4 WHERE id=1599328
	Index Scan using sbtest4_pkey on sbtest4  (cost=0.43..8.45 rows=1 width=121)
	  Index Cond: (id = 1599328)

table 5 : explain SELECT c FROM sbtest5 WHERE id=4619972
	Index Scan using sbtest5_pkey on sbtest5  (cost=0.43..8.45 rows=1 width=121)
	  Index Cond: (id = 4619972)

table 6 : explain SELECT c FROM sbtest6 WHERE id=8493843
	Index Scan using sbtest6_pkey on sbtest6  (cost=0.43..8.45 rows=1 width=121)
	  Index Cond: (id = 8493843)

table 7 : explain SELECT c FROM sbtest7 WHERE id=9127703
	Index Scan using sbtest7_pkey on sbtest7  (cost=0.43..8.45 rows=1 width=121)
	  Index Cond: (id = 9127703)

table 8 : explain SELECT c FROM sbtest8 WHERE id=8831999
	Index Scan using sbtest8_pkey on sbtest8  (cost=0.43..8.45 rows=1 width=121)
	  Index Cond: (id = 8831999)

explain: for point_selects :: explain SELECT c FROM sbtest%u WHERE id=%u
for: distinct_ranges
table 1 : explain SELECT DISTINCT c FROM sbtest1 WHERE id BETWEEN 4892206 AND 4893205 ORDER BY c
	Unique  (cost=3817.78..3822.64 rows=972 width=121)
	  ->  Sort  (cost=3817.78..3820.21 rows=972 width=121)
	        Sort Key: c
	        ->  Bitmap Heap Scan on sbtest1  (cost=30.40..3769.55 rows=972 width=121)
	              Recheck Cond: ((id >= 4892206) AND (id <= 4893205))
	              ->  Bitmap Index Scan on sbtest1_pkey  (cost=0.00..30.15 rows=972 width=0)
	                    Index Cond: ((id >= 4892206) AND (id <= 4893205))

table 2 : explain SELECT DISTINCT c FROM sbtest2 WHERE id BETWEEN 2651760 AND 2652759 ORDER BY c
	Unique  (cost=4382.58..4388.18 rows=1119 width=121)
	  ->  Sort  (cost=4382.58..4385.38 rows=1119 width=121)
	        Sort Key: c
	        ->  Bitmap Heap Scan on sbtest2  (cost=35.90..4325.91 rows=1119 width=121)
	              Recheck Cond: ((id >= 2651760) AND (id <= 2652759))
	              ->  Bitmap Index Scan on sbtest2_pkey  (cost=0.00..35.62 rows=1119 width=0)
	                    Index Cond: ((id >= 2651760) AND (id <= 2652759))

table 3 : explain SELECT DISTINCT c FROM sbtest3 WHERE id BETWEEN 487772 AND 488771 ORDER BY c
	Unique  (cost=4128.48..4133.75 rows=1054 width=121)
	  ->  Sort  (cost=4128.48..4131.12 rows=1054 width=121)
	        Sort Key: c
	        ->  Bitmap Heap Scan on sbtest3  (cost=31.24..4075.56 rows=1054 width=121)
	              Recheck Cond: ((id >= 487772) AND (id <= 488771))
	              ->  Bitmap Index Scan on sbtest3_pkey  (cost=0.00..30.97 rows=1054 width=0)
	                    Index Cond: ((id >= 487772) AND (id <= 488771))

table 4 : explain SELECT DISTINCT c FROM sbtest4 WHERE id BETWEEN 360621 AND 361620 ORDER BY c
	Unique  (cost=3762.59..3767.38 rows=958 width=121)
	  ->  Sort  (cost=3762.59..3764.98 rows=958 width=121)
	        Sort Key: c
	        ->  Bitmap Heap Scan on sbtest4  (cost=30.25..3715.15 rows=958 width=121)
	              Recheck Cond: ((id >= 360621) AND (id <= 361620))
	              ->  Bitmap Index Scan on sbtest4_pkey  (cost=0.00..30.01 rows=958 width=0)
	                    Index Cond: ((id >= 360621) AND (id <= 361620))

table 5 : explain SELECT DISTINCT c FROM sbtest5 WHERE id BETWEEN 8055127 AND 8056126 ORDER BY c
	Unique  (cost=3923.86..3928.86 rows=1000 width=121)
	  ->  Sort  (cost=3923.86..3926.36 rows=1000 width=121)
	        Sort Key: c
	        ->  Bitmap Heap Scan on sbtest5  (cost=30.68..3874.03 rows=1000 width=121)
	              Recheck Cond: ((id >= 8055127) AND (id <= 8056126))
	              ->  Bitmap Index Scan on sbtest5_pkey  (cost=0.00..30.43 rows=1000 width=0)
	                    Index Cond: ((id >= 8055127) AND (id <= 8056126))

table 6 : explain SELECT DISTINCT c FROM sbtest6 WHERE id BETWEEN 8333208 AND 8334207 ORDER BY c
	Unique  (cost=4068.78..4073.97 rows=1038 width=121)
	  ->  Sort  (cost=4068.78..4071.38 rows=1038 width=121)
	        Sort Key: c
	        ->  Bitmap Heap Scan on sbtest6  (cost=31.07..4016.78 rows=1038 width=121)
	              Recheck Cond: ((id >= 8333208) AND (id <= 8334207))
	              ->  Bitmap Index Scan on sbtest6_pkey  (cost=0.00..30.82 rows=1038 width=0)
	                    Index Cond: ((id >= 8333208) AND (id <= 8334207))

table 7 : explain SELECT DISTINCT c FROM sbtest7 WHERE id BETWEEN 5302293 AND 5303292 ORDER BY c
	Unique  (cost=3680.10..3684.78 rows=937 width=121)
	  ->  Sort  (cost=3680.10..3682.44 rows=937 width=121)
	        Sort Key: c
	        ->  Bitmap Heap Scan on sbtest7  (cost=30.04..3633.85 rows=937 width=121)
	              Recheck Cond: ((id >= 5302293) AND (id <= 5303292))
	              ->  Bitmap Index Scan on sbtest7_pkey  (cost=0.00..29.80 rows=937 width=0)
	                    Index Cond: ((id >= 5302293) AND (id <= 5303292))

table 8 : explain SELECT DISTINCT c FROM sbtest8 WHERE id BETWEEN 3556708 AND 3557707 ORDER BY c
	Unique  (cost=3593.99..3598.56 rows=914 width=121)
	  ->  Sort  (cost=3593.99..3596.27 rows=914 width=121)
	        Sort Key: c
	        ->  Bitmap Heap Scan on sbtest8  (cost=29.80..3549.04 rows=914 width=121)
	              Recheck Cond: ((id >= 3556708) AND (id <= 3557707))
	              ->  Bitmap Index Scan on sbtest8_pkey  (cost=0.00..29.57 rows=914 width=0)
	                    Index Cond: ((id >= 3556708) AND (id <= 3557707))

for point_selects
table 1 : explain SELECT c FROM sbtest1 WHERE id=5985850
	Index Scan using sbtest1_pkey on sbtest1  (cost=0.43..8.45 rows=1 width=121)
	  Index Cond: (id = 5985850)

table 2 : explain SELECT c FROM sbtest2 WHERE id=9632765
	Index Scan using sbtest2_pkey on sbtest2  (cost=0.43..8.45 rows=1 width=121)
	  Index Cond: (id = 9632765)

table 3 : explain SELECT c FROM sbtest3 WHERE id=4535628
	Index Scan using sbtest3_pkey on sbtest3  (cost=0.43..8.45 rows=1 width=121)
	  Index Cond: (id = 4535628)

table 4 : explain SELECT c FROM sbtest4 WHERE id=5628576
	Index Scan using sbtest4_pkey on sbtest4  (cost=0.43..8.45 rows=1 width=121)
	  Index Cond: (id = 5628576)

table 5 : explain SELECT c FROM sbtest5 WHERE id=5289246
	Index Scan using sbtest5_pkey on sbtest5  (cost=0.43..8.45 rows=1 width=121)
	  Index Cond: (id = 5289246)

table 6 : explain SELECT c FROM sbtest6 WHERE id=9424799
	Index Scan using sbtest6_pkey on sbtest6  (cost=0.43..8.45 rows=1 width=121)
	  Index Cond: (id = 9424799)

table 7 : explain SELECT c FROM sbtest7 WHERE id=6859037
	Index Scan using sbtest7_pkey on sbtest7  (cost=0.43..8.45 rows=1 width=121)
	  Index Cond: (id = 6859037)

table 8 : explain SELECT c FROM sbtest8 WHERE id=1046322
	Index Scan using sbtest8_pkey on sbtest8  (cost=0.43..8.45 rows=1 width=121)
	  Index Cond: (id = 1046322)

for: sum_ranges
table 1 : explain SELECT SUM(k) FROM sbtest1 WHERE id BETWEEN 636721 AND 637720
	Aggregate  (cost=3874.03..3874.04 rows=1 width=8)
	  ->  Bitmap Heap Scan on sbtest1  (cost=30.67..3871.54 rows=999 width=4)
	        Recheck Cond: ((id >= 636721) AND (id <= 637720))
	        ->  Bitmap Index Scan on sbtest1_pkey  (cost=0.00..30.43 rows=999 width=0)
	              Index Cond: ((id >= 636721) AND (id <= 637720))

table 2 : explain SELECT SUM(k) FROM sbtest2 WHERE id BETWEEN 6600531 AND 6601530
	Aggregate  (cost=3702.47..3702.48 rows=1 width=8)
	  ->  Bitmap Heap Scan on sbtest2  (cost=30.21..3700.09 rows=954 width=4)
	        Recheck Cond: ((id >= 6600531) AND (id <= 6601530))
	        ->  Bitmap Index Scan on sbtest2_pkey  (cost=0.00..29.97 rows=954 width=0)
	              Index Cond: ((id >= 6600531) AND (id <= 6601530))

table 3 : explain SELECT SUM(k) FROM sbtest3 WHERE id BETWEEN 317015 AND 318014
	Aggregate  (cost=3523.17..3523.18 rows=1 width=8)
	  ->  Bitmap Heap Scan on sbtest3  (cost=29.73..3520.90 rows=907 width=4)
	        Recheck Cond: ((id >= 317015) AND (id <= 318014))
	        ->  Bitmap Index Scan on sbtest3_pkey  (cost=0.00..29.50 rows=907 width=0)
	              Index Cond: ((id >= 317015) AND (id <= 318014))

table 4 : explain SELECT SUM(k) FROM sbtest4 WHERE id BETWEEN 2493642 AND 2494641
	Aggregate  (cost=3993.21..3993.22 rows=1 width=8)
	  ->  Bitmap Heap Scan on sbtest4  (cost=31.00..3990.63 rows=1031 width=4)
	        Recheck Cond: ((id >= 2493642) AND (id <= 2494641))
	        ->  Bitmap Index Scan on sbtest4_pkey  (cost=0.00..30.75 rows=1031 width=0)
	              Index Cond: ((id >= 2493642) AND (id <= 2494641))

table 5 : explain SELECT SUM(k) FROM sbtest5 WHERE id BETWEEN 5554619 AND 5555618
	Aggregate  (cost=3959.57..3959.58 rows=1 width=8)
	  ->  Bitmap Heap Scan on sbtest5  (cost=30.91..3957.01 rows=1022 width=4)
	        Recheck Cond: ((id >= 5554619) AND (id <= 5555618))
	        ->  Bitmap Index Scan on sbtest5_pkey  (cost=0.00..30.65 rows=1022 width=0)
	              Index Cond: ((id >= 5554619) AND (id <= 5555618))

table 6 : explain SELECT SUM(k) FROM sbtest6 WHERE id BETWEEN 1268595 AND 1269594
	Aggregate  (cost=3906.20..3906.21 rows=1 width=8)
	  ->  Bitmap Heap Scan on sbtest6  (cost=30.77..3903.68 rows=1008 width=4)
	        Recheck Cond: ((id >= 1268595) AND (id <= 1269594))
	        ->  Bitmap Index Scan on sbtest6_pkey  (cost=0.00..30.51 rows=1008 width=0)
	              Index Cond: ((id >= 1268595) AND (id <= 1269594))

table 7 : explain SELECT SUM(k) FROM sbtest7 WHERE id BETWEEN 4008152 AND 4009151
	Aggregate  (cost=3957.07..3957.08 rows=1 width=8)
	  ->  Bitmap Heap Scan on sbtest7  (cost=30.91..3954.51 rows=1022 width=4)
	        Recheck Cond: ((id >= 4008152) AND (id <= 4009151))
	        ->  Bitmap Index Scan on sbtest7_pkey  (cost=0.00..30.65 rows=1022 width=0)
	              Index Cond: ((id >= 4008152) AND (id <= 4009151))

table 8 : explain SELECT SUM(k) FROM sbtest8 WHERE id BETWEEN 4005173 AND 4006172
	Aggregate  (cost=3963.35..3963.36 rows=1 width=8)
	  ->  Bitmap Heap Scan on sbtest8  (cost=30.92..3960.79 rows=1023 width=4)
	        Recheck Cond: ((id >= 4005173) AND (id <= 4006172))
	        ->  Bitmap Index Scan on sbtest8_pkey  (cost=0.00..30.66 rows=1023 width=0)
	              Index Cond: ((id >= 4005173) AND (id <= 4006172))

for: sum_ranges
table 1 : explain SELECT SUM(k) FROM sbtest1 WHERE id BETWEEN 3039606 AND 3040605
	Aggregate  (cost=3892.92..3892.93 rows=1 width=8)
	  ->  Bitmap Heap Scan on sbtest1  (cost=30.73..3890.41 rows=1004 width=4)
	        Recheck Cond: ((id >= 3039606) AND (id <= 3040605))
	        ->  Bitmap Index Scan on sbtest1_pkey  (cost=0.00..30.47 rows=1004 width=0)
	              Index Cond: ((id >= 3039606) AND (id <= 3040605))

table 2 : explain SELECT SUM(k) FROM sbtest2 WHERE id BETWEEN 4847562 AND 4848561
	Aggregate  (cost=3974.41..3974.42 rows=1 width=8)
	  ->  Bitmap Heap Scan on sbtest2  (cost=30.95..3971.85 rows=1026 width=4)
	        Recheck Cond: ((id >= 4847562) AND (id <= 4848561))
	        ->  Bitmap Index Scan on sbtest2_pkey  (cost=0.00..30.69 rows=1026 width=0)
	              Index Cond: ((id >= 4847562) AND (id <= 4848561))

table 3 : explain SELECT SUM(k) FROM sbtest3 WHERE id BETWEEN 9735479 AND 9736478
	Aggregate  (cost=3719.83..3719.84 rows=1 width=8)
	  ->  Bitmap Heap Scan on sbtest3  (cost=30.26..3717.43 rows=959 width=4)
	        Recheck Cond: ((id >= 9735479) AND (id <= 9736478))
	        ->  Bitmap Index Scan on sbtest3_pkey  (cost=0.00..30.02 rows=959 width=0)
	              Index Cond: ((id >= 9735479) AND (id <= 9736478))

table 4 : explain SELECT SUM(k) FROM sbtest4 WHERE id BETWEEN 3584364 AND 3585363
	Aggregate  (cost=3683.51..3683.52 rows=1 width=8)
	  ->  Bitmap Heap Scan on sbtest4  (cost=30.16..3681.14 rows=949 width=4)
	        Recheck Cond: ((id >= 3584364) AND (id <= 3585363))
	        ->  Bitmap Index Scan on sbtest4_pkey  (cost=0.00..29.93 rows=949 width=0)
	              Index Cond: ((id >= 3584364) AND (id <= 3585363))

table 5 : explain SELECT SUM(k) FROM sbtest5 WHERE id BETWEEN 7570059 AND 7571058
	Aggregate  (cost=3816.09..3816.10 rows=1 width=8)
	  ->  Bitmap Heap Scan on sbtest5  (cost=30.52..3813.63 rows=984 width=4)
	        Recheck Cond: ((id >= 7570059) AND (id <= 7571058))
	        ->  Bitmap Index Scan on sbtest5_pkey  (cost=0.00..30.27 rows=984 width=0)
	              Index Cond: ((id >= 7570059) AND (id <= 7571058))

table 6 : explain SELECT SUM(k) FROM sbtest6 WHERE id BETWEEN 8057509 AND 8058508
	Aggregate  (cost=3785.36..3785.37 rows=1 width=8)
	  ->  Bitmap Heap Scan on sbtest6  (cost=30.44..3782.92 rows=976 width=4)
	        Recheck Cond: ((id >= 8057509) AND (id <= 8058508))
	        ->  Bitmap Index Scan on sbtest6_pkey  (cost=0.00..30.19 rows=976 width=0)
	              Index Cond: ((id >= 8057509) AND (id <= 8058508))

table 7 : explain SELECT SUM(k) FROM sbtest7 WHERE id BETWEEN 8103473 AND 8104472
	Aggregate  (cost=4141.86..4141.87 rows=1 width=8)
	  ->  Bitmap Heap Scan on sbtest7  (cost=35.40..4139.19 rows=1070 width=4)
	        Recheck Cond: ((id >= 8103473) AND (id <= 8104472))
	        ->  Bitmap Index Scan on sbtest7_pkey  (cost=0.00..35.14 rows=1070 width=0)
	              Index Cond: ((id >= 8103473) AND (id <= 8104472))

table 8 : explain SELECT SUM(k) FROM sbtest8 WHERE id BETWEEN 697543 AND 698542
	Aggregate  (cost=3547.53..3547.54 rows=1 width=8)
	  ->  Bitmap Heap Scan on sbtest8  (cost=29.79..3545.25 rows=913 width=4)
	        Recheck Cond: ((id >= 697543) AND (id <= 698542))
	        ->  Bitmap Index Scan on sbtest8_pkey  (cost=0.00..29.57 rows=913 width=0)
	              Index Cond: ((id >= 697543) AND (id <= 698542))

for: sum_ranges
table 1 : explain SELECT SUM(k) FROM sbtest1 WHERE id BETWEEN 3194471 AND 3195470
	Aggregate  (cost=3934.47..3934.48 rows=1 width=8)
	  ->  Bitmap Heap Scan on sbtest1  (cost=30.84..3931.93 rows=1015 width=4)
	        Recheck Cond: ((id >= 3194471) AND (id <= 3195470))
	        ->  Bitmap Index Scan on sbtest1_pkey  (cost=0.00..30.58 rows=1015 width=0)
	              Index Cond: ((id >= 3194471) AND (id <= 3195470))

table 2 : explain SELECT SUM(k) FROM sbtest2 WHERE id BETWEEN 4728028 AND 4729027
	Aggregate  (cost=3638.17..3638.18 rows=1 width=8)
	  ->  Bitmap Heap Scan on sbtest2  (cost=30.04..3635.82 rows=937 width=4)
	        Recheck Cond: ((id >= 4728028) AND (id <= 4729027))
	        ->  Bitmap Index Scan on sbtest2_pkey  (cost=0.00..29.80 rows=937 width=0)
	              Index Cond: ((id >= 4728028) AND (id <= 4729027))

table 3 : explain SELECT SUM(k) FROM sbtest3 WHERE id BETWEEN 4210742 AND 4211741
	Aggregate  (cost=4115.86..4115.87 rows=1 width=8)
	  ->  Bitmap Heap Scan on sbtest3  (cost=31.34..4113.20 rows=1064 width=4)
	        Recheck Cond: ((id >= 4210742) AND (id <= 4211741))
	        ->  Bitmap Index Scan on sbtest3_pkey  (cost=0.00..31.07 rows=1064 width=0)
	              Index Cond: ((id >= 4210742) AND (id <= 4211741))

table 4 : explain SELECT SUM(k) FROM sbtest4 WHERE id BETWEEN 3367814 AND 3368813
	Aggregate  (cost=3762.90..3762.91 rows=1 width=8)
	  ->  Bitmap Heap Scan on sbtest4  (cost=30.38..3760.48 rows=970 width=4)
	        Recheck Cond: ((id >= 3367814) AND (id <= 3368813))
	        ->  Bitmap Index Scan on sbtest4_pkey  (cost=0.00..30.14 rows=970 width=0)
	              Index Cond: ((id >= 3367814) AND (id <= 3368813))

table 5 : explain SELECT SUM(k) FROM sbtest5 WHERE id BETWEEN 5807087 AND 5808086
	Aggregate  (cost=4076.48..4076.49 rows=1 width=8)
	  ->  Bitmap Heap Scan on sbtest5  (cost=31.23..4073.85 rows=1053 width=4)
	        Recheck Cond: ((id >= 5807087) AND (id <= 5808086))
	        ->  Bitmap Index Scan on sbtest5_pkey  (cost=0.00..30.96 rows=1053 width=0)
	              Index Cond: ((id >= 5807087) AND (id <= 5808086))

table 6 : explain SELECT SUM(k) FROM sbtest6 WHERE id BETWEEN 5278187 AND 5279186
	Aggregate  (cost=3724.90..3724.91 rows=1 width=8)
	  ->  Bitmap Heap Scan on sbtest6  (cost=30.27..3722.50 rows=960 width=4)
	        Recheck Cond: ((id >= 5278187) AND (id <= 5279186))
	        ->  Bitmap Index Scan on sbtest6_pkey  (cost=0.00..30.04 rows=960 width=0)
	              Index Cond: ((id >= 5278187) AND (id <= 5279186))

table 7 : explain SELECT SUM(k) FROM sbtest7 WHERE id BETWEEN 2856198 AND 2857197
	Aggregate  (cost=3628.63..3628.64 rows=1 width=8)
	  ->  Bitmap Heap Scan on sbtest7  (cost=30.02..3626.29 rows=935 width=4)
	        Recheck Cond: ((id >= 2856198) AND (id <= 2857197))
	        ->  Bitmap Index Scan on sbtest7_pkey  (cost=0.00..29.79 rows=935 width=0)
	              Index Cond: ((id >= 2856198) AND (id <= 2857197))

table 8 : explain SELECT SUM(k) FROM sbtest8 WHERE id BETWEEN 86601 AND 87600
	Aggregate  (cost=3778.31..3778.32 rows=1 width=8)
	  ->  Bitmap Heap Scan on sbtest8  (cost=30.42..3775.88 rows=974 width=4)
	        Recheck Cond: ((id >= 86601) AND (id <= 87600))
	        ->  Bitmap Index Scan on sbtest8_pkey  (cost=0.00..30.18 rows=974 width=0)
	              Index Cond: ((id >= 86601) AND (id <= 87600))

for: simple_ranges
table 1 : explain SELECT c FROM sbtest1 WHERE id BETWEEN 9554669 AND 9555668
	Bitmap Heap Scan on sbtest1  (cost=35.41..4147.06 rows=1071 width=121)
	  Recheck Cond: ((id >= 9554669) AND (id <= 9555668))
	  ->  Bitmap Index Scan on sbtest1_pkey  (cost=0.00..35.15 rows=1071 width=0)
	        Index Cond: ((id >= 9554669) AND (id <= 9555668))

table 2 : explain SELECT c FROM sbtest2 WHERE id BETWEEN 6270832 AND 6271831
	Bitmap Heap Scan on sbtest2  (cost=35.49..4175.48 rows=1079 width=121)
	  Recheck Cond: ((id >= 6270832) AND (id <= 6271831))
	  ->  Bitmap Index Scan on sbtest2_pkey  (cost=0.00..35.23 rows=1079 width=0)
	        Index Cond: ((id >= 6270832) AND (id <= 6271831))

table 3 : explain SELECT c FROM sbtest3 WHERE id BETWEEN 6782107 AND 6783106
	Bitmap Heap Scan on sbtest3  (cost=30.68..3872.13 rows=1000 width=121)
	  Recheck Cond: ((id >= 6782107) AND (id <= 6783106))
	  ->  Bitmap Index Scan on sbtest3_pkey  (cost=0.00..30.43 rows=1000 width=0)
	        Index Cond: ((id >= 6782107) AND (id <= 6783106))

table 4 : explain SELECT c FROM sbtest4 WHERE id BETWEEN 5128597 AND 5129596
	Bitmap Heap Scan on sbtest4  (cost=31.33..4111.18 rows=1063 width=121)
	  Recheck Cond: ((id >= 5128597) AND (id <= 5129596))
	  ->  Bitmap Index Scan on sbtest4_pkey  (cost=0.00..31.07 rows=1063 width=0)
	        Index Cond: ((id >= 5128597) AND (id <= 5129596))

table 5 : explain SELECT c FROM sbtest5 WHERE id BETWEEN 6713152 AND 6714151
	Bitmap Heap Scan on sbtest5  (cost=30.64..3858.93 rows=996 width=121)
	  Recheck Cond: ((id >= 6713152) AND (id <= 6714151))
	  ->  Bitmap Index Scan on sbtest5_pkey  (cost=0.00..30.39 rows=996 width=0)
	        Index Cond: ((id >= 6713152) AND (id <= 6714151))

table 6 : explain SELECT c FROM sbtest6 WHERE id BETWEEN 9548992 AND 9549991
	Bitmap Heap Scan on sbtest6  (cost=35.27..4092.35 rows=1057 width=121)
	  Recheck Cond: ((id >= 9548992) AND (id <= 9549991))
	  ->  Bitmap Index Scan on sbtest6_pkey  (cost=0.00..35.01 rows=1057 width=0)
	        Index Cond: ((id >= 9548992) AND (id <= 9549991))

table 7 : explain SELECT c FROM sbtest7 WHERE id BETWEEN 5135940 AND 5136939
	Bitmap Heap Scan on sbtest7  (cost=30.22..3701.83 rows=955 width=121)
	  Recheck Cond: ((id >= 5135940) AND (id <= 5136939))
	  ->  Bitmap Index Scan on sbtest7_pkey  (cost=0.00..29.98 rows=955 width=0)
	        Index Cond: ((id >= 5135940) AND (id <= 5136939))

table 8 : explain SELECT c FROM sbtest8 WHERE id BETWEEN 3310447 AND 3311446
	Bitmap Heap Scan on sbtest8  (cost=30.80..3915.53 rows=1011 width=121)
	  Recheck Cond: ((id >= 3310447) AND (id <= 3311446))
	  ->  Bitmap Index Scan on sbtest8_pkey  (cost=0.00..30.54 rows=1011 width=0)
	        Index Cond: ((id >= 3310447) AND (id <= 3311446))

for: order_ranges
table 1 : explain SELECT c FROM sbtest1 WHERE id BETWEEN 6685408 AND 6686407 ORDER BY c
	Sort  (cost=3863.81..3866.27 rows=984 width=121)
	  Sort Key: c
	  ->  Bitmap Heap Scan on sbtest1  (cost=30.52..3814.89 rows=984 width=121)
	        Recheck Cond: ((id >= 6685408) AND (id <= 6686407))
	        ->  Bitmap Index Scan on sbtest1_pkey  (cost=0.00..30.27 rows=984 width=0)
	              Index Cond: ((id >= 6685408) AND (id <= 6686407))

table 2 : explain SELECT c FROM sbtest2 WHERE id BETWEEN 4694652 AND 4695651 ORDER BY c
	Sort  (cost=3682.07..3684.42 rows=937 width=121)
	  Sort Key: c
	  ->  Bitmap Heap Scan on sbtest2  (cost=30.04..3635.82 rows=937 width=121)
	        Recheck Cond: ((id >= 4694652) AND (id <= 4695651))
	        ->  Bitmap Index Scan on sbtest2_pkey  (cost=0.00..29.80 rows=937 width=0)
	              Index Cond: ((id >= 4694652) AND (id <= 4695651))

table 3 : explain SELECT c FROM sbtest3 WHERE id BETWEEN 6328190 AND 6329189 ORDER BY c
	Sort  (cost=3496.33..3498.55 rows=889 width=121)
	  Sort Key: c
	  ->  Bitmap Heap Scan on sbtest3  (cost=29.55..3452.79 rows=889 width=121)
	        Recheck Cond: ((id >= 6328190) AND (id <= 6329189))
	        ->  Bitmap Index Scan on sbtest3_pkey  (cost=0.00..29.32 rows=889 width=0)
	              Index Cond: ((id >= 6328190) AND (id <= 6329189))

table 4 : explain SELECT c FROM sbtest4 WHERE id BETWEEN 60774 AND 61773 ORDER BY c
	Sort  (cost=4072.84..4075.44 rows=1039 width=121)
	  Sort Key: c
	  ->  Bitmap Heap Scan on sbtest4  (cost=31.08..4020.78 rows=1039 width=121)
	        Recheck Cond: ((id >= 60774) AND (id <= 61773))
	        ->  Bitmap Index Scan on sbtest4_pkey  (cost=0.00..30.82 rows=1039 width=0)
	              Index Cond: ((id >= 60774) AND (id <= 61773))

table 5 : explain SELECT c FROM sbtest5 WHERE id BETWEEN 9663647 AND 9664646 ORDER BY c
	Sort  (cost=3988.96..3991.50 rows=1017 width=121)
	  Sort Key: c
	  ->  Bitmap Heap Scan on sbtest5  (cost=30.86..3938.16 rows=1017 width=121)
	        Recheck Cond: ((id >= 9663647) AND (id <= 9664646))
	        ->  Bitmap Index Scan on sbtest5_pkey  (cost=0.00..30.61 rows=1017 width=0)
	              Index Cond: ((id >= 9663647) AND (id <= 9664646))

table 6 : explain SELECT c FROM sbtest6 WHERE id BETWEEN 9369279 AND 9370278 ORDER BY c
	Sort  (cost=3670.31..3672.64 rows=934 width=121)
	  Sort Key: c
	  ->  Bitmap Heap Scan on sbtest6  (cost=30.01..3624.23 rows=934 width=121)
	        Recheck Cond: ((id >= 9369279) AND (id <= 9370278))
	        ->  Bitmap Index Scan on sbtest6_pkey  (cost=0.00..29.77 rows=934 width=0)
	              Index Cond: ((id >= 9369279) AND (id <= 9370278))

table 7 : explain SELECT c FROM sbtest7 WHERE id BETWEEN 8443553 AND 8444552 ORDER BY c
	Sort  (cost=3932.92..3935.42 rows=1003 width=121)
	  Sort Key: c
	  ->  Bitmap Heap Scan on sbtest7  (cost=30.72..3882.92 rows=1003 width=121)
	        Recheck Cond: ((id >= 8443553) AND (id <= 8444552))
	        ->  Bitmap Index Scan on sbtest7_pkey  (cost=0.00..30.46 rows=1003 width=0)
	              Index Cond: ((id >= 8443553) AND (id <= 8444552))

table 8 : explain SELECT c FROM sbtest8 WHERE id BETWEEN 5075062 AND 5076061 ORDER BY c
	Sort  (cost=3808.89..3811.32 rows=970 width=121)
	  Sort Key: c
	  ->  Bitmap Heap Scan on sbtest8  (cost=30.38..3760.77 rows=970 width=121)
	        Recheck Cond: ((id >= 5075062) AND (id <= 5076061))
	        ->  Bitmap Index Scan on sbtest8_pkey  (cost=0.00..30.14 rows=970 width=0)
	              Index Cond: ((id >= 5075062) AND (id <= 5076061))

for: simple_ranges
table 1 : explain SELECT c FROM sbtest1 WHERE id BETWEEN 7579178 AND 7580177
	Bitmap Heap Scan on sbtest1  (cost=30.95..3973.43 rows=1026 width=121)
	  Recheck Cond: ((id >= 7579178) AND (id <= 7580177))
	  ->  Bitmap Index Scan on sbtest1_pkey  (cost=0.00..30.69 rows=1026 width=0)
	        Index Cond: ((id >= 7579178) AND (id <= 7580177))

table 2 : explain SELECT c FROM sbtest2 WHERE id BETWEEN 3048111 AND 3049110
	Bitmap Heap Scan on sbtest2  (cost=30.38..3760.53 rows=970 width=121)
	  Recheck Cond: ((id >= 3048111) AND (id <= 3049110))
	  ->  Bitmap Index Scan on sbtest2_pkey  (cost=0.00..30.14 rows=970 width=0)
	        Index Cond: ((id >= 3048111) AND (id <= 3049110))

table 3 : explain SELECT c FROM sbtest3 WHERE id BETWEEN 5879946 AND 5880945
	Bitmap Heap Scan on sbtest3  (cost=31.27..4086.86 rows=1057 width=121)
	  Recheck Cond: ((id >= 5879946) AND (id <= 5880945))
	  ->  Bitmap Index Scan on sbtest3_pkey  (cost=0.00..31.00 rows=1057 width=0)
	        Index Cond: ((id >= 5879946) AND (id <= 5880945))

table 4 : explain SELECT c FROM sbtest4 WHERE id BETWEEN 5709282 AND 5710281
	Bitmap Heap Scan on sbtest4  (cost=31.01..3994.40 rows=1032 width=121)
	  Recheck Cond: ((id >= 5709282) AND (id <= 5710281))
	  ->  Bitmap Index Scan on sbtest4_pkey  (cost=0.00..30.75 rows=1032 width=0)
	        Index Cond: ((id >= 5709282) AND (id <= 5710281))

table 5 : explain SELECT c FROM sbtest5 WHERE id BETWEEN 1023499 AND 1024498
	Bitmap Heap Scan on sbtest5  (cost=30.12..3666.29 rows=945 width=121)
	  Recheck Cond: ((id >= 1023499) AND (id <= 1024498))
	  ->  Bitmap Index Scan on sbtest5_pkey  (cost=0.00..29.89 rows=945 width=0)
	        Index Cond: ((id >= 1023499) AND (id <= 1024498))

table 6 : explain SELECT c FROM sbtest6 WHERE id BETWEEN 854579 AND 855578
	Bitmap Heap Scan on sbtest6  (cost=30.89..3948.94 rows=1020 width=121)
	  Recheck Cond: ((id >= 854579) AND (id <= 855578))
	  ->  Bitmap Index Scan on sbtest6_pkey  (cost=0.00..30.64 rows=1020 width=0)
	        Index Cond: ((id >= 854579) AND (id <= 855578))

table 7 : explain SELECT c FROM sbtest7 WHERE id BETWEEN 3223047 AND 3224046
	Bitmap Heap Scan on sbtest7  (cost=30.22..3701.83 rows=955 width=121)
	  Recheck Cond: ((id >= 3223047) AND (id <= 3224046))
	  ->  Bitmap Index Scan on sbtest7_pkey  (cost=0.00..29.98 rows=955 width=0)
	        Index Cond: ((id >= 3223047) AND (id <= 3224046))

table 8 : explain SELECT c FROM sbtest8 WHERE id BETWEEN 8585332 AND 8586331
	Bitmap Heap Scan on sbtest8  (cost=30.90..3953.25 rows=1021 width=121)
	  Recheck Cond: ((id >= 8585332) AND (id <= 8586331))
	  ->  Bitmap Index Scan on sbtest8_pkey  (cost=0.00..30.64 rows=1021 width=0)
	        Index Cond: ((id >= 8585332) AND (id <= 8586331))

for: order_ranges
table 1 : explain SELECT c FROM sbtest1 WHERE id BETWEEN 3723375 AND 3724374 ORDER BY c
	Sort  (cost=3856.14..3858.59 rows=982 width=121)
	  Sort Key: c
	  ->  Bitmap Heap Scan on sbtest1  (cost=30.50..3807.33 rows=982 width=121)
	        Recheck Cond: ((id >= 3723375) AND (id <= 3724374))
	        ->  Bitmap Index Scan on sbtest1_pkey  (cost=0.00..30.25 rows=982 width=0)
	              Index Cond: ((id >= 3723375) AND (id <= 3724374))

table 2 : explain SELECT c FROM sbtest2 WHERE id BETWEEN 5876258 AND 5877257 ORDER BY c
	Sort  (cost=4256.58..4259.29 rows=1086 width=121)
	  Sort Key: c
	  ->  Bitmap Heap Scan on sbtest2  (cost=35.57..4201.82 rows=1086 width=121)
	        Recheck Cond: ((id >= 5876258) AND (id <= 5877257))
	        ->  Bitmap Index Scan on sbtest2_pkey  (cost=0.00..35.30 rows=1086 width=0)
	              Index Cond: ((id >= 5876258) AND (id <= 5877257))

table 3 : explain SELECT c FROM sbtest3 WHERE id BETWEEN 6245720 AND 6246719 ORDER BY c
	Sort  (cost=3515.54..3517.77 rows=894 width=121)
	  Sort Key: c
	  ->  Bitmap Heap Scan on sbtest3  (cost=29.60..3471.71 rows=894 width=121)
	        Recheck Cond: ((id >= 6245720) AND (id <= 6246719))
	        ->  Bitmap Index Scan on sbtest3_pkey  (cost=0.00..29.37 rows=894 width=0)
	              Index Cond: ((id >= 6245720) AND (id <= 6246719))

table 4 : explain SELECT c FROM sbtest4 WHERE id BETWEEN 8946979 AND 8947978 ORDER BY c
	Sort  (cost=4103.44..4106.06 rows=1047 width=121)
	  Sort Key: c
	  ->  Bitmap Heap Scan on sbtest4  (cost=31.17..4050.92 rows=1047 width=121)
	        Recheck Cond: ((id >= 8946979) AND (id <= 8947978))
	        ->  Bitmap Index Scan on sbtest4_pkey  (cost=0.00..30.90 rows=1047 width=0)
	              Index Cond: ((id >= 8946979) AND (id <= 8947978))

table 5 : explain SELECT c FROM sbtest5 WHERE id BETWEEN 4098307 AND 4099306 ORDER BY c
	Sort  (cost=3939.18..3941.69 rows=1004 width=121)
	  Sort Key: c
	  ->  Bitmap Heap Scan on sbtest5  (cost=30.73..3889.12 rows=1004 width=121)
	        Recheck Cond: ((id >= 4098307) AND (id <= 4099306))
	        ->  Bitmap Index Scan on sbtest5_pkey  (cost=0.00..30.47 rows=1004 width=0)
	              Index Cond: ((id >= 4098307) AND (id <= 4099306))

table 6 : explain SELECT c FROM sbtest6 WHERE id BETWEEN 4875695 AND 4876694 ORDER BY c
	Sort  (cost=3497.48..3499.71 rows=889 width=121)
	  Sort Key: c
	  ->  Bitmap Heap Scan on sbtest6  (cost=29.55..3453.94 rows=889 width=121)
	        Recheck Cond: ((id >= 4875695) AND (id <= 4876694))
	        ->  Bitmap Index Scan on sbtest6_pkey  (cost=0.00..29.32 rows=889 width=0)
	              Index Cond: ((id >= 4875695) AND (id <= 4876694))

table 7 : explain SELECT c FROM sbtest7 WHERE id BETWEEN 3238189 AND 3239188 ORDER BY c
	Sort  (cost=3772.09..3774.50 rows=961 width=121)
	  Sort Key: c
	  ->  Bitmap Heap Scan on sbtest7  (cost=30.29..3724.48 rows=961 width=121)
	        Recheck Cond: ((id >= 3238189) AND (id <= 3239188))
	        ->  Bitmap Index Scan on sbtest7_pkey  (cost=0.00..30.04 rows=961 width=0)
	              Index Cond: ((id >= 3238189) AND (id <= 3239188))

table 8 : explain SELECT c FROM sbtest8 WHERE id BETWEEN 301192 AND 302191 ORDER BY c
	Sort  (cost=3958.33..3960.85 rows=1009 width=121)
	  Sort Key: c
	  ->  Bitmap Heap Scan on sbtest8  (cost=30.78..3907.99 rows=1009 width=121)
	        Recheck Cond: ((id >= 301192) AND (id <= 302191))
	        ->  Bitmap Index Scan on sbtest8_pkey  (cost=0.00..30.52 rows=1009 width=0)
	              Index Cond: ((id >= 301192) AND (id <= 302191))

for: order_ranges
table 1 : explain SELECT c FROM sbtest1 WHERE id BETWEEN 2233800 AND 2234799 ORDER BY c
	Sort  (cost=4181.66..4184.32 rows=1067 width=121)
	  Sort Key: c
	  ->  Bitmap Heap Scan on sbtest1  (cost=31.37..4127.99 rows=1067 width=121)
	        Recheck Cond: ((id >= 2233800) AND (id <= 2234799))
	        ->  Bitmap Index Scan on sbtest1_pkey  (cost=0.00..31.11 rows=1067 width=0)
	              Index Cond: ((id >= 2233800) AND (id <= 2234799))

table 2 : explain SELECT c FROM sbtest2 WHERE id BETWEEN 2027433 AND 2028432 ORDER BY c
	Sort  (cost=3685.91..3688.26 rows=938 width=121)
	  Sort Key: c
	  ->  Bitmap Heap Scan on sbtest2  (cost=30.05..3639.61 rows=938 width=121)
	        Recheck Cond: ((id >= 2027433) AND (id <= 2028432))
	        ->  Bitmap Index Scan on sbtest2_pkey  (cost=0.00..29.82 rows=938 width=0)
	              Index Cond: ((id >= 2027433) AND (id <= 2028432))

table 3 : explain SELECT c FROM sbtest3 WHERE id BETWEEN 6657644 AND 6658643 ORDER BY c
	Sort  (cost=4281.43..4284.16 rows=1093 width=121)
	  Sort Key: c
	  ->  Bitmap Heap Scan on sbtest3  (cost=35.64..4226.26 rows=1093 width=121)
	        Recheck Cond: ((id >= 6657644) AND (id <= 6658643))
	        ->  Bitmap Index Scan on sbtest3_pkey  (cost=0.00..35.37 rows=1093 width=0)
	              Index Cond: ((id >= 6657644) AND (id <= 6658643))

table 4 : explain SELECT c FROM sbtest4 WHERE id BETWEEN 5561847 AND 5562846 ORDER BY c
	Sort  (cost=3789.43..3791.84 rows=965 width=121)
	  Sort Key: c
	  ->  Bitmap Heap Scan on sbtest4  (cost=30.33..3741.59 rows=965 width=121)
	        Recheck Cond: ((id >= 5561847) AND (id <= 5562846))
	        ->  Bitmap Index Scan on sbtest4_pkey  (cost=0.00..30.08 rows=965 width=0)
	              Index Cond: ((id >= 5561847) AND (id <= 5562846))

table 5 : explain SELECT c FROM sbtest5 WHERE id BETWEEN 21868 AND 22867 ORDER BY c
	Sort  (cost=4119.06..4121.69 rows=1051 width=121)
	  Sort Key: c
	  ->  Bitmap Heap Scan on sbtest5  (cost=31.21..4066.31 rows=1051 width=121)
	        Recheck Cond: ((id >= 21868) AND (id <= 22867))
	        ->  Bitmap Index Scan on sbtest5_pkey  (cost=0.00..30.94 rows=1051 width=0)
	              Index Cond: ((id >= 21868) AND (id <= 22867))

table 6 : explain SELECT c FROM sbtest6 WHERE id BETWEEN 1761544 AND 1762543 ORDER BY c
	Sort  (cost=3812.22..3814.65 rows=971 width=121)
	  Sort Key: c
	  ->  Bitmap Heap Scan on sbtest6  (cost=30.39..3764.04 rows=971 width=121)
	        Recheck Cond: ((id >= 1761544) AND (id <= 1762543))
	        ->  Bitmap Index Scan on sbtest6_pkey  (cost=0.00..30.14 rows=971 width=0)
	              Index Cond: ((id >= 1761544) AND (id <= 1762543))

table 7 : explain SELECT c FROM sbtest7 WHERE id BETWEEN 9269555 AND 9270554 ORDER BY c
	Sort  (cost=3752.93..3755.32 rows=956 width=121)
	  Sort Key: c
	  ->  Bitmap Heap Scan on sbtest7  (cost=30.23..3705.61 rows=956 width=121)
	        Recheck Cond: ((id >= 9269555) AND (id <= 9270554))
	        ->  Bitmap Index Scan on sbtest7_pkey  (cost=0.00..30.00 rows=956 width=0)
	              Index Cond: ((id >= 9269555) AND (id <= 9270554))

table 8 : explain SELECT c FROM sbtest8 WHERE id BETWEEN 8808010 AND 8809009 ORDER BY c
	Sort  (cost=4130.71..4133.35 rows=1053 width=121)
	  Sort Key: c
	  ->  Bitmap Heap Scan on sbtest8  (cost=35.23..4077.85 rows=1053 width=121)
	        Recheck Cond: ((id >= 8808010) AND (id <= 8809009))
	        ->  Bitmap Index Scan on sbtest8_pkey  (cost=0.00..34.97 rows=1053 width=0)
	              Index Cond: ((id >= 8808010) AND (id <= 8809009))

for: order_ranges
table 1 : explain SELECT c FROM sbtest1 WHERE id BETWEEN 5205599 AND 5206598 ORDER BY c
	Sort  (cost=3702.66..3705.01 rows=942 width=121)
	  Sort Key: c
	  ->  Bitmap Heap Scan on sbtest1  (cost=30.09..3656.12 rows=942 width=121)
	        Recheck Cond: ((id >= 5205599) AND (id <= 5206598))
	        ->  Bitmap Index Scan on sbtest1_pkey  (cost=0.00..29.86 rows=942 width=0)
	              Index Cond: ((id >= 5205599) AND (id <= 5206598))

table 2 : explain SELECT c FROM sbtest2 WHERE id BETWEEN 4732769 AND 4733768 ORDER BY c
	Sort  (cost=3682.07..3684.42 rows=937 width=121)
	  Sort Key: c
	  ->  Bitmap Heap Scan on sbtest2  (cost=30.04..3635.82 rows=937 width=121)
	        Recheck Cond: ((id >= 4732769) AND (id <= 4733768))
	        ->  Bitmap Index Scan on sbtest2_pkey  (cost=0.00..29.80 rows=937 width=0)
	              Index Cond: ((id >= 4732769) AND (id <= 4733768))

table 3 : explain SELECT c FROM sbtest3 WHERE id BETWEEN 4185254 AND 4186253 ORDER BY c
	Sort  (cost=4166.69..4169.35 rows=1064 width=121)
	  Sort Key: c
	  ->  Bitmap Heap Scan on sbtest3  (cost=31.34..4113.20 rows=1064 width=121)
	        Recheck Cond: ((id >= 4185254) AND (id <= 4186253))
	        ->  Bitmap Index Scan on sbtest3_pkey  (cost=0.00..31.07 rows=1064 width=0)
	              Index Cond: ((id >= 4185254) AND (id <= 4186253))

table 4 : explain SELECT c FROM sbtest4 WHERE id BETWEEN 5156497 AND 5157496 ORDER BY c
	Sort  (cost=4164.62..4167.28 rows=1063 width=121)
	  Sort Key: c
	  ->  Bitmap Heap Scan on sbtest4  (cost=31.33..4111.18 rows=1063 width=121)
	        Recheck Cond: ((id >= 5156497) AND (id <= 5157496))
	        ->  Bitmap Index Scan on sbtest4_pkey  (cost=0.00..31.07 rows=1063 width=0)
	              Index Cond: ((id >= 5156497) AND (id <= 5157496))

table 5 : explain SELECT c FROM sbtest5 WHERE id BETWEEN 4399677 AND 4400676 ORDER BY c
	Sort  (cost=3931.52..3934.02 rows=1002 width=121)
	  Sort Key: c
	  ->  Bitmap Heap Scan on sbtest5  (cost=30.71..3881.57 rows=1002 width=121)
	        Recheck Cond: ((id >= 4399677) AND (id <= 4400676))
	        ->  Bitmap Index Scan on sbtest5_pkey  (cost=0.00..30.45 rows=1002 width=0)
	              Index Cond: ((id >= 4399677) AND (id <= 4400676))

table 6 : explain SELECT c FROM sbtest6 WHERE id BETWEEN 4029231 AND 4030230 ORDER BY c
	Sort  (cost=4064.96..4067.55 rows=1037 width=121)
	  Sort Key: c
	  ->  Bitmap Heap Scan on sbtest6  (cost=31.06..4013.01 rows=1037 width=121)
	        Recheck Cond: ((id >= 4029231) AND (id <= 4030230))
	        ->  Bitmap Index Scan on sbtest6_pkey  (cost=0.00..30.80 rows=1037 width=0)
	              Index Cond: ((id >= 4029231) AND (id <= 4030230))

table 7 : explain SELECT c FROM sbtest7 WHERE id BETWEEN 7054116 AND 7055115 ORDER BY c
	Sort  (cost=3791.25..3793.67 rows=966 width=121)
	  Sort Key: c
	  ->  Bitmap Heap Scan on sbtest7  (cost=30.34..3743.36 rows=966 width=121)
	        Recheck Cond: ((id >= 7054116) AND (id <= 7055115))
	        ->  Bitmap Index Scan on sbtest7_pkey  (cost=0.00..30.09 rows=966 width=0)
	              Index Cond: ((id >= 7054116) AND (id <= 7055115))

table 8 : explain SELECT c FROM sbtest8 WHERE id BETWEEN 8586719 AND 8587718 ORDER BY c
	Sort  (cost=4004.28..4006.83 rows=1021 width=121)
	  Sort Key: c
	  ->  Bitmap Heap Scan on sbtest8  (cost=30.90..3953.25 rows=1021 width=121)
	        Recheck Cond: ((id >= 8586719) AND (id <= 8587718))
	        ->  Bitmap Index Scan on sbtest8_pkey  (cost=0.00..30.64 rows=1021 width=0)
	              Index Cond: ((id >= 8586719) AND (id <= 8587718))

for: order_ranges
table 1 : explain SELECT c FROM sbtest1 WHERE id BETWEEN 3712735 AND 3713734 ORDER BY c
	Sort  (cost=3856.14..3858.59 rows=982 width=121)
	  Sort Key: c
	  ->  Bitmap Heap Scan on sbtest1  (cost=30.50..3807.33 rows=982 width=121)
	        Recheck Cond: ((id >= 3712735) AND (id <= 3713734))
	        ->  Bitmap Index Scan on sbtest1_pkey  (cost=0.00..30.25 rows=982 width=0)
	              Index Cond: ((id >= 3712735) AND (id <= 3713734))

table 2 : explain SELECT c FROM sbtest2 WHERE id BETWEEN 5714210 AND 5715209 ORDER BY c
	Sort  (cost=4241.30..4244.00 rows=1082 width=121)
	  Sort Key: c
	  ->  Bitmap Heap Scan on sbtest2  (cost=35.53..4186.77 rows=1082 width=121)
	        Recheck Cond: ((id >= 5714210) AND (id <= 5715209))
	        ->  Bitmap Index Scan on sbtest2_pkey  (cost=0.00..35.26 rows=1082 width=0)
	              Index Cond: ((id >= 5714210) AND (id <= 5715209))

table 3 : explain SELECT c FROM sbtest3 WHERE id BETWEEN 4658019 AND 4659018 ORDER BY c
	Sort  (cost=3868.36..3870.83 rows=986 width=121)
	  Sort Key: c
	  ->  Bitmap Heap Scan on sbtest3  (cost=30.54..3819.33 rows=986 width=121)
	        Recheck Cond: ((id >= 4658019) AND (id <= 4659018))
	        ->  Bitmap Index Scan on sbtest3_pkey  (cost=0.00..30.29 rows=986 width=0)
	              Index Cond: ((id >= 4658019) AND (id <= 4659018))

table 4 : explain SELECT c FROM sbtest4 WHERE id BETWEEN 4353016 AND 4354015 ORDER BY c
	Sort  (cost=4160.80..4163.45 rows=1062 width=121)
	  Sort Key: c
	  ->  Bitmap Heap Scan on sbtest4  (cost=31.32..4107.42 rows=1062 width=121)
	        Recheck Cond: ((id >= 4353016) AND (id <= 4354015))
	        ->  Bitmap Index Scan on sbtest4_pkey  (cost=0.00..31.05 rows=1062 width=0)
	              Index Cond: ((id >= 4353016) AND (id <= 4354015))

table 5 : explain SELECT c FROM sbtest5 WHERE id BETWEEN 7574304 AND 7575303 ORDER BY c
	Sort  (cost=3862.55..3865.01 rows=984 width=121)
	  Sort Key: c
	  ->  Bitmap Heap Scan on sbtest5  (cost=30.52..3813.63 rows=984 width=121)
	        Recheck Cond: ((id >= 7574304) AND (id <= 7575303))
	        ->  Bitmap Index Scan on sbtest5_pkey  (cost=0.00..30.27 rows=984 width=0)
	              Index Cond: ((id >= 7574304) AND (id <= 7575303))

table 6 : explain SELECT c FROM sbtest6 WHERE id BETWEEN 798753 AND 799752 ORDER BY c
	Sort  (cost=3999.91..4002.46 rows=1020 width=121)
	  Sort Key: c
	  ->  Bitmap Heap Scan on sbtest6  (cost=30.89..3948.94 rows=1020 width=121)
	        Recheck Cond: ((id >= 798753) AND (id <= 799752))
	        ->  Bitmap Index Scan on sbtest6_pkey  (cost=0.00..30.64 rows=1020 width=0)
	              Index Cond: ((id >= 798753) AND (id <= 799752))

table 7 : explain SELECT c FROM sbtest7 WHERE id BETWEEN 2275299 AND 2276298 ORDER BY c
	Sort  (cost=3955.87..3958.40 rows=1009 width=121)
	  Sort Key: c
	  ->  Bitmap Heap Scan on sbtest7  (cost=30.78..3905.53 rows=1009 width=121)
	        Recheck Cond: ((id >= 2275299) AND (id <= 2276298))
	        ->  Bitmap Index Scan on sbtest7_pkey  (cost=0.00..30.52 rows=1009 width=0)
	              Index Cond: ((id >= 2275299) AND (id <= 2276298))

table 8 : explain SELECT c FROM sbtest8 WHERE id BETWEEN 9975779 AND 9976778 ORDER BY c
	Sort  (cost=3724.51..3726.88 rows=948 width=121)
	  Sort Key: c
	  ->  Bitmap Heap Scan on sbtest8  (cost=30.15..3677.64 rows=948 width=121)
	        Recheck Cond: ((id >= 9975779) AND (id <= 9976778))
	        ->  Bitmap Index Scan on sbtest8_pkey  (cost=0.00..29.91 rows=948 width=0)
	              Index Cond: ((id >= 9975779) AND (id <= 9976778))

for: sum_ranges
table 1 : explain SELECT SUM(k) FROM sbtest1 WHERE id BETWEEN 3914856 AND 3915855
	Aggregate  (cost=3703.89..3703.90 rows=1 width=8)
	  ->  Bitmap Heap Scan on sbtest1  (cost=30.21..3701.51 rows=954 width=4)
	        Recheck Cond: ((id >= 3914856) AND (id <= 3915855))
	        ->  Bitmap Index Scan on sbtest1_pkey  (cost=0.00..29.97 rows=954 width=0)
	              Index Cond: ((id >= 3914856) AND (id <= 3915855))

table 2 : explain SELECT SUM(k) FROM sbtest2 WHERE id BETWEEN 8153232 AND 8154231
	Aggregate  (cost=3672.22..3672.23 rows=1 width=8)
	  ->  Bitmap Heap Scan on sbtest2  (cost=30.13..3669.85 rows=946 width=4)
	        Recheck Cond: ((id >= 8153232) AND (id <= 8154231))
	        ->  Bitmap Index Scan on sbtest2_pkey  (cost=0.00..29.89 rows=946 width=0)
	              Index Cond: ((id >= 8153232) AND (id <= 8154231))

table 3 : explain SELECT SUM(k) FROM sbtest3 WHERE id BETWEEN 9676021 AND 9677020
	Aggregate  (cost=3859.54..3859.55 rows=1 width=8)
	  ->  Bitmap Heap Scan on sbtest3  (cost=30.64..3857.05 rows=996 width=4)
	        Recheck Cond: ((id >= 9676021) AND (id <= 9677020))
	        ->  Bitmap Index Scan on sbtest3_pkey  (cost=0.00..30.39 rows=996 width=0)
	              Index Cond: ((id >= 9676021) AND (id <= 9677020))

table 4 : explain SELECT SUM(k) FROM sbtest4 WHERE id BETWEEN 36811 AND 37810
	Aggregate  (cost=4023.38..4023.39 rows=1 width=8)
	  ->  Bitmap Heap Scan on sbtest4  (cost=31.08..4020.78 rows=1039 width=4)
	        Recheck Cond: ((id >= 36811) AND (id <= 37810))
	        ->  Bitmap Index Scan on sbtest4_pkey  (cost=0.00..30.82 rows=1039 width=0)
	              Index Cond: ((id >= 36811) AND (id <= 37810))

table 5 : explain SELECT SUM(k) FROM sbtest5 WHERE id BETWEEN 6750601 AND 6751600
	Aggregate  (cost=3861.42..3861.43 rows=1 width=8)
	  ->  Bitmap Heap Scan on sbtest5  (cost=30.64..3858.93 rows=996 width=4)
	        Recheck Cond: ((id >= 6750601) AND (id <= 6751600))
	        ->  Bitmap Index Scan on sbtest5_pkey  (cost=0.00..30.39 rows=996 width=0)
	              Index Cond: ((id >= 6750601) AND (id <= 6751600))

table 6 : explain SELECT SUM(k) FROM sbtest6 WHERE id BETWEEN 525018 AND 526017
	Aggregate  (cost=3558.43..3558.44 rows=1 width=8)
	  ->  Bitmap Heap Scan on sbtest6  (cost=29.82..3556.14 rows=916 width=4)
	        Recheck Cond: ((id >= 525018) AND (id <= 526017))
	        ->  Bitmap Index Scan on sbtest6_pkey  (cost=0.00..29.59 rows=916 width=0)
	              Index Cond: ((id >= 525018) AND (id <= 526017))

table 7 : explain SELECT SUM(k) FROM sbtest7 WHERE id BETWEEN 5332886 AND 5333885
	Aggregate  (cost=3636.19..3636.20 rows=1 width=8)
	  ->  Bitmap Heap Scan on sbtest7  (cost=30.04..3633.85 rows=937 width=4)
	        Recheck Cond: ((id >= 5332886) AND (id <= 5333885))
	        ->  Bitmap Index Scan on sbtest7_pkey  (cost=0.00..29.80 rows=937 width=0)
	              Index Cond: ((id >= 5332886) AND (id <= 5333885))

table 8 : explain SELECT SUM(k) FROM sbtest8 WHERE id BETWEEN 2377699 AND 2378698
	Aggregate  (cost=3970.89..3970.90 rows=1 width=8)
	  ->  Bitmap Heap Scan on sbtest8  (cost=30.94..3968.33 rows=1025 width=4)
	        Recheck Cond: ((id >= 2377699) AND (id <= 2378698))
	        ->  Bitmap Index Scan on sbtest8_pkey  (cost=0.00..30.68 rows=1025 width=0)
	              Index Cond: ((id >= 2377699) AND (id <= 2378698))

explain: for point_selects :: explain SELECT c FROM sbtest%u WHERE id=%u
for: sum_ranges
table 1 : explain SELECT SUM(k) FROM sbtest1 WHERE id BETWEEN 6434704 AND 6435703
	Aggregate  (cost=3719.03..3719.04 rows=1 width=8)
	  ->  Bitmap Heap Scan on sbtest1  (cost=30.25..3716.63 rows=958 width=4)
	        Recheck Cond: ((id >= 6434704) AND (id <= 6435703))
	        ->  Bitmap Index Scan on sbtest1_pkey  (cost=0.00..30.01 rows=958 width=0)
	              Index Cond: ((id >= 6434704) AND (id <= 6435703))

table 2 : explain SELECT SUM(k) FROM sbtest2 WHERE id BETWEEN 2607187 AND 2608186
	Aggregate  (cost=3966.87..3966.88 rows=1 width=8)
	  ->  Bitmap Heap Scan on sbtest2  (cost=30.93..3964.31 rows=1024 width=4)
	        Recheck Cond: ((id >= 2607187) AND (id <= 2608186))
	        ->  Bitmap Index Scan on sbtest2_pkey  (cost=0.00..30.68 rows=1024 width=0)
	              Index Cond: ((id >= 2607187) AND (id <= 2608186))

table 3 : explain SELECT SUM(k) FROM sbtest3 WHERE id BETWEEN 5414127 AND 5415126
	Aggregate  (cost=3980.23..3980.24 rows=1 width=8)
	  ->  Bitmap Heap Scan on sbtest3  (cost=30.97..3977.66 rows=1028 width=4)
	        Recheck Cond: ((id >= 5414127) AND (id <= 5415126))
	        ->  Bitmap Index Scan on sbtest3_pkey  (cost=0.00..30.71 rows=1028 width=0)
	              Index Cond: ((id >= 5414127) AND (id <= 5415126))

table 4 : explain SELECT SUM(k) FROM sbtest4 WHERE id BETWEEN 5880900 AND 5881899
	Aggregate  (cost=3793.13..3793.14 rows=1 width=8)
	  ->  Bitmap Heap Scan on sbtest4  (cost=30.46..3790.69 rows=978 width=4)
	        Recheck Cond: ((id >= 5880900) AND (id <= 5881899))
	        ->  Bitmap Index Scan on sbtest4_pkey  (cost=0.00..30.21 rows=978 width=0)
	              Index Cond: ((id >= 5880900) AND (id <= 5881899))

table 5 : explain SELECT SUM(k) FROM sbtest5 WHERE id BETWEEN 285036 AND 286035
	Aggregate  (cost=3989.75..3989.76 rows=1 width=8)
	  ->  Bitmap Heap Scan on sbtest5  (cost=30.99..3987.18 rows=1030 width=4)
	        Recheck Cond: ((id >= 285036) AND (id <= 286035))
	        ->  Bitmap Index Scan on sbtest5_pkey  (cost=0.00..30.73 rows=1030 width=0)
	              Index Cond: ((id >= 285036) AND (id <= 286035))

table 6 : explain SELECT SUM(k) FROM sbtest6 WHERE id BETWEEN 9471823 AND 9472822
	Aggregate  (cost=4102.53..4102.54 rows=1 width=8)
	  ->  Bitmap Heap Scan on sbtest6  (cost=35.29..4099.88 rows=1059 width=4)
	        Recheck Cond: ((id >= 9471823) AND (id <= 9472822))
	        ->  Bitmap Index Scan on sbtest6_pkey  (cost=0.00..35.03 rows=1059 width=0)
	              Index Cond: ((id >= 9471823) AND (id <= 9472822))

table 7 : explain SELECT SUM(k) FROM sbtest7 WHERE id BETWEEN 8088671 AND 8089670
	Aggregate  (cost=4141.86..4141.87 rows=1 width=8)
	  ->  Bitmap Heap Scan on sbtest7  (cost=35.40..4139.19 rows=1070 width=4)
	        Recheck Cond: ((id >= 8088671) AND (id <= 8089670))
	        ->  Bitmap Index Scan on sbtest7_pkey  (cost=0.00..35.14 rows=1070 width=0)
	              Index Cond: ((id >= 8088671) AND (id <= 8089670))

table 8 : explain SELECT SUM(k) FROM sbtest8 WHERE id BETWEEN 168632 AND 169631
	Aggregate  (cost=3831.21..3831.22 rows=1 width=8)
	  ->  Bitmap Heap Scan on sbtest8  (cost=30.56..3828.74 rows=988 width=4)
	        Recheck Cond: ((id >= 168632) AND (id <= 169631))
	        ->  Bitmap Index Scan on sbtest8_pkey  (cost=0.00..30.32 rows=988 width=0)
	              Index Cond: ((id >= 168632) AND (id <= 169631))

for: distinct_ranges
table 1 : explain SELECT DISTINCT c FROM sbtest1 WHERE id BETWEEN 1341785 AND 1342784 ORDER BY c
	Unique  (cost=3951.97..3957.00 rows=1007 width=121)
	  ->  Sort  (cost=3951.97..3954.48 rows=1007 width=121)
	        Sort Key: c
	        ->  Bitmap Heap Scan on sbtest1  (cost=30.76..3901.74 rows=1007 width=121)
	              Recheck Cond: ((id >= 1341785) AND (id <= 1342784))
	              ->  Bitmap Index Scan on sbtest1_pkey  (cost=0.00..30.50 rows=1007 width=0)
	                    Index Cond: ((id >= 1341785) AND (id <= 1342784))

table 2 : explain SELECT DISTINCT c FROM sbtest2 WHERE id BETWEEN 1415179 AND 1416178 ORDER BY c
	Unique  (cost=3647.53..3652.17 rows=928 width=121)
	  ->  Sort  (cost=3647.53..3649.85 rows=928 width=121)
	        Sort Key: c
	        ->  Bitmap Heap Scan on sbtest2  (cost=29.95..3601.79 rows=928 width=121)
	              Recheck Cond: ((id >= 1415179) AND (id <= 1416178))
	              ->  Bitmap Index Scan on sbtest2_pkey  (cost=0.00..29.71 rows=928 width=0)
	                    Index Cond: ((id >= 1415179) AND (id <= 1416178))

table 3 : explain SELECT DISTINCT c FROM sbtest3 WHERE id BETWEEN 4329929 AND 4330928 ORDER BY c
	Unique  (cost=3872.19..3877.13 rows=987 width=121)
	  ->  Sort  (cost=3872.19..3874.66 rows=987 width=121)
	        Sort Key: c
	        ->  Bitmap Heap Scan on sbtest3  (cost=30.55..3823.10 rows=987 width=121)
	              Recheck Cond: ((id >= 4329929) AND (id <= 4330928))
	              ->  Bitmap Index Scan on sbtest3_pkey  (cost=0.00..30.30 rows=987 width=0)
	                    Index Cond: ((id >= 4329929) AND (id <= 4330928))

table 4 : explain SELECT DISTINCT c FROM sbtest4 WHERE id BETWEEN 2595872 AND 2596871 ORDER BY c
	Unique  (cost=4222.13..4227.51 rows=1077 width=121)
	  ->  Sort  (cost=4222.13..4224.82 rows=1077 width=121)
	        Sort Key: c
	        ->  Bitmap Heap Scan on sbtest4  (cost=35.47..4167.88 rows=1077 width=121)
	              Recheck Cond: ((id >= 2595872) AND (id <= 2596871))
	              ->  Bitmap Index Scan on sbtest4_pkey  (cost=0.00..35.20 rows=1077 width=0)
	                    Index Cond: ((id >= 2595872) AND (id <= 2596871))

table 5 : explain SELECT DISTINCT c FROM sbtest5 WHERE id BETWEEN 9034818 AND 9035817 ORDER BY c
	Unique  (cost=3939.18..3944.20 rows=1004 width=121)
	  ->  Sort  (cost=3939.18..3941.69 rows=1004 width=121)
	        Sort Key: c
	        ->  Bitmap Heap Scan on sbtest5  (cost=30.73..3889.12 rows=1004 width=121)
	              Recheck Cond: ((id >= 9034818) AND (id <= 9035817))
	              ->  Bitmap Index Scan on sbtest5_pkey  (cost=0.00..30.47 rows=1004 width=0)
	                    Index Cond: ((id >= 9034818) AND (id <= 9035817))

table 6 : explain SELECT DISTINCT c FROM sbtest6 WHERE id BETWEEN 6343933 AND 6344932 ORDER BY c
	Unique  (cost=4386.07..4391.67 rows=1120 width=121)
	  ->  Sort  (cost=4386.07..4388.87 rows=1120 width=121)
	        Sort Key: c
	        ->  Bitmap Heap Scan on sbtest6  (cost=35.92..4329.34 rows=1120 width=121)
	              Recheck Cond: ((id >= 6343933) AND (id <= 6344932))
	              ->  Bitmap Index Scan on sbtest6_pkey  (cost=0.00..35.64 rows=1120 width=0)
	                    Index Cond: ((id >= 6343933) AND (id <= 6344932))

table 7 : explain SELECT DISTINCT c FROM sbtest7 WHERE id BETWEEN 4218383 AND 4219382 ORDER BY c
	Unique  (cost=3875.50..3880.44 rows=988 width=121)
	  ->  Sort  (cost=3875.50..3877.97 rows=988 width=121)
	        Sort Key: c
	        ->  Bitmap Heap Scan on sbtest7  (cost=30.56..3826.36 rows=988 width=121)
	              Recheck Cond: ((id >= 4218383) AND (id <= 4219382))
	              ->  Bitmap Index Scan on sbtest7_pkey  (cost=0.00..30.32 rows=988 width=0)
	                    Index Cond: ((id >= 4218383) AND (id <= 4219382))

table 8 : explain SELECT DISTINCT c FROM sbtest8 WHERE id BETWEEN 4731993 AND 4732992 ORDER BY c
	Unique  (cost=3885.55..3890.50 rows=990 width=121)
	  ->  Sort  (cost=3885.55..3888.02 rows=990 width=121)
	        Sort Key: c
	        ->  Bitmap Heap Scan on sbtest8  (cost=30.58..3836.29 rows=990 width=121)
	              Recheck Cond: ((id >= 4731993) AND (id <= 4732992))
	              ->  Bitmap Index Scan on sbtest8_pkey  (cost=0.00..30.33 rows=990 width=0)
	                    Index Cond: ((id >= 4731993) AND (id <= 4732992))

for: sum_ranges
table 1 : explain SELECT SUM(k) FROM sbtest1 WHERE id BETWEEN 9577746 AND 9578745
	Aggregate  (cost=4149.73..4149.74 rows=1 width=8)
	  ->  Bitmap Heap Scan on sbtest1  (cost=35.41..4147.06 rows=1071 width=4)
	        Recheck Cond: ((id >= 9577746) AND (id <= 9578745))
	        ->  Bitmap Index Scan on sbtest1_pkey  (cost=0.00..35.15 rows=1071 width=0)
	              Index Cond: ((id >= 9577746) AND (id <= 9578745))

table 2 : explain SELECT SUM(k) FROM sbtest2 WHERE id BETWEEN 5239700 AND 5240699
	Aggregate  (cost=4057.37..4057.38 rows=1 width=8)
	  ->  Bitmap Heap Scan on sbtest2  (cost=31.18..4054.75 rows=1048 width=4)
	        Recheck Cond: ((id >= 5239700) AND (id <= 5240699))
	        ->  Bitmap Index Scan on sbtest2_pkey  (cost=0.00..30.91 rows=1048 width=0)
	              Index Cond: ((id >= 5239700) AND (id <= 5240699))

table 3 : explain SELECT SUM(k) FROM sbtest3 WHERE id BETWEEN 8451204 AND 8452203
	Aggregate  (cost=3727.38..3727.39 rows=1 width=8)
	  ->  Bitmap Heap Scan on sbtest3  (cost=30.29..3724.98 rows=961 width=4)
	        Recheck Cond: ((id >= 8451204) AND (id <= 8452203))
	        ->  Bitmap Index Scan on sbtest3_pkey  (cost=0.00..30.04 rows=961 width=0)
	              Index Cond: ((id >= 8451204) AND (id <= 8452203))

table 4 : explain SELECT SUM(k) FROM sbtest4 WHERE id BETWEEN 7597829 AND 7598828
	Aggregate  (cost=3940.39..3940.40 rows=1 width=8)
	  ->  Bitmap Heap Scan on sbtest4  (cost=30.86..3937.85 rows=1017 width=4)
	        Recheck Cond: ((id >= 7597829) AND (id <= 7598828))
	        ->  Bitmap Index Scan on sbtest4_pkey  (cost=0.00..30.61 rows=1017 width=0)
	              Index Cond: ((id >= 7597829) AND (id <= 7598828))

table 5 : explain SELECT SUM(k) FROM sbtest5 WHERE id BETWEEN 1096596 AND 1097595
	Aggregate  (cost=4182.21..4182.22 rows=1 width=8)
	  ->  Bitmap Heap Scan on sbtest5  (cost=35.51..4179.51 rows=1080 width=4)
	        Recheck Cond: ((id >= 1096596) AND (id <= 1097595))
	        ->  Bitmap Index Scan on sbtest5_pkey  (cost=0.00..35.23 rows=1080 width=0)
	              Index Cond: ((id >= 1096596) AND (id <= 1097595))

table 6 : explain SELECT SUM(k) FROM sbtest6 WHERE id BETWEEN 9178322 AND 9179321
	Aggregate  (cost=4041.99..4042.00 rows=1 width=8)
	  ->  Bitmap Heap Scan on sbtest6  (cost=31.14..4039.38 rows=1044 width=4)
	        Recheck Cond: ((id >= 9178322) AND (id <= 9179321))
	        ->  Bitmap Index Scan on sbtest6_pkey  (cost=0.00..30.87 rows=1044 width=0)
	              Index Cond: ((id >= 9178322) AND (id <= 9179321))

table 7 : explain SELECT SUM(k) FROM sbtest7 WHERE id BETWEEN 3173390 AND 3174389
	Aggregate  (cost=3704.22..3704.23 rows=1 width=8)
	  ->  Bitmap Heap Scan on sbtest7  (cost=30.22..3701.83 rows=955 width=4)
	        Recheck Cond: ((id >= 3173390) AND (id <= 3174389))
	        ->  Bitmap Index Scan on sbtest7_pkey  (cost=0.00..29.98 rows=955 width=0)
	              Index Cond: ((id >= 3173390) AND (id <= 3174389))

table 8 : explain SELECT SUM(k) FROM sbtest8 WHERE id BETWEEN 9351676 AND 9352675
	Aggregate  (cost=3861.43..3861.44 rows=1 width=8)
	  ->  Bitmap Heap Scan on sbtest8  (cost=30.64..3858.94 rows=996 width=4)
	        Recheck Cond: ((id >= 9351676) AND (id <= 9352675))
	        ->  Bitmap Index Scan on sbtest8_pkey  (cost=0.00..30.39 rows=996 width=0)
	              Index Cond: ((id >= 9351676) AND (id <= 9352675))

for: distinct_ranges
table 1 : explain SELECT DISTINCT c FROM sbtest1 WHERE id BETWEEN 919251 AND 920250 ORDER BY c
	Unique  (cost=4082.17..4087.38 rows=1041 width=121)
	  ->  Sort  (cost=4082.17..4084.78 rows=1041 width=121)
	        Sort Key: c
	        ->  Bitmap Heap Scan on sbtest1  (cost=31.11..4030.00 rows=1041 width=121)
	              Recheck Cond: ((id >= 919251) AND (id <= 920250))
	              ->  Bitmap Index Scan on sbtest1_pkey  (cost=0.00..30.84 rows=1041 width=0)
	                    Index Cond: ((id >= 919251) AND (id <= 920250))

table 2 : explain SELECT DISTINCT c FROM sbtest2 WHERE id BETWEEN 7805315 AND 7806314 ORDER BY c
	Unique  (cost=3659.05..3663.70 rows=931 width=121)
	  ->  Sort  (cost=3659.05..3661.37 rows=931 width=121)
	        Sort Key: c
	        ->  Bitmap Heap Scan on sbtest2  (cost=29.98..3613.13 rows=931 width=121)
	              Recheck Cond: ((id >= 7805315) AND (id <= 7806314))
	              ->  Bitmap Index Scan on sbtest2_pkey  (cost=0.00..29.75 rows=931 width=0)
	                    Index Cond: ((id >= 7805315) AND (id <= 7806314))

table 3 : explain SELECT DISTINCT c FROM sbtest3 WHERE id BETWEEN 1682719 AND 1683718 ORDER BY c
	Unique  (cost=4048.21..4053.38 rows=1033 width=121)
	  ->  Sort  (cost=4048.21..4050.79 rows=1033 width=121)
	        Sort Key: c
	        ->  Bitmap Heap Scan on sbtest3  (cost=31.02..3996.50 rows=1033 width=121)
	              Recheck Cond: ((id >= 1682719) AND (id <= 1683718))
	              ->  Bitmap Index Scan on sbtest3_pkey  (cost=0.00..30.76 rows=1033 width=0)
	                    Index Cond: ((id >= 1682719) AND (id <= 1683718))

table 4 : explain SELECT DISTINCT c FROM sbtest4 WHERE id BETWEEN 1734403 AND 1735402 ORDER BY c
	Unique  (cost=3908.24..3913.22 rows=996 width=121)
	  ->  Sort  (cost=3908.24..3910.73 rows=996 width=121)
	        Sort Key: c
	        ->  Bitmap Heap Scan on sbtest4  (cost=30.64..3858.63 rows=996 width=121)
	              Recheck Cond: ((id >= 1734403) AND (id <= 1735402))
	              ->  Bitmap Index Scan on sbtest4_pkey  (cost=0.00..30.39 rows=996 width=0)
	                    Index Cond: ((id >= 1734403) AND (id <= 1735402))

table 5 : explain SELECT DISTINCT c FROM sbtest5 WHERE id BETWEEN 8758621 AND 8759620 ORDER BY c
	Unique  (cost=4329.42..4334.94 rows=1105 width=121)
	  ->  Sort  (cost=4329.42..4332.18 rows=1105 width=121)
	        Sort Key: c
	        ->  Bitmap Heap Scan on sbtest5  (cost=35.76..4273.56 rows=1105 width=121)
	              Recheck Cond: ((id >= 8758621) AND (id <= 8759620))
	              ->  Bitmap Index Scan on sbtest5_pkey  (cost=0.00..35.48 rows=1105 width=0)
	                    Index Cond: ((id >= 8758621) AND (id <= 8759620))

table 6 : explain SELECT DISTINCT c FROM sbtest6 WHERE id BETWEEN 1733005 AND 1734004 ORDER BY c
	Unique  (cost=3812.22..3817.08 rows=971 width=121)
	  ->  Sort  (cost=3812.22..3814.65 rows=971 width=121)
	        Sort Key: c
	        ->  Bitmap Heap Scan on sbtest6  (cost=30.39..3764.04 rows=971 width=121)
	              Recheck Cond: ((id >= 1733005) AND (id <= 1734004))
	              ->  Bitmap Index Scan on sbtest6_pkey  (cost=0.00..30.14 rows=971 width=0)
	                    Index Cond: ((id >= 1733005) AND (id <= 1734004))

table 7 : explain SELECT DISTINCT c FROM sbtest7 WHERE id BETWEEN 584036 AND 585035 ORDER BY c
	Unique  (cost=3940.57..3945.59 rows=1005 width=121)
	  ->  Sort  (cost=3940.57..3943.08 rows=1005 width=121)
	        Sort Key: c
	        ->  Bitmap Heap Scan on sbtest7  (cost=30.74..3890.46 rows=1005 width=121)
	              Recheck Cond: ((id >= 584036) AND (id <= 585035))
	              ->  Bitmap Index Scan on sbtest7_pkey  (cost=0.00..30.48 rows=1005 width=0)
	                    Index Cond: ((id >= 584036) AND (id <= 585035))

table 8 : explain SELECT DISTINCT c FROM sbtest8 WHERE id BETWEEN 8734074 AND 8735073 ORDER BY c
	Unique  (cost=4203.36..4208.72 rows=1072 width=121)
	  ->  Sort  (cost=4203.36..4206.04 rows=1072 width=121)
	        Sort Key: c
	        ->  Bitmap Heap Scan on sbtest8  (cost=35.42..4149.40 rows=1072 width=121)
	              Recheck Cond: ((id >= 8734074) AND (id <= 8735073))
	              ->  Bitmap Index Scan on sbtest8_pkey  (cost=0.00..35.16 rows=1072 width=0)
	                    Index Cond: ((id >= 8734074) AND (id <= 8735073))

for: distinct_ranges
table 1 : explain SELECT DISTINCT c FROM sbtest1 WHERE id BETWEEN 5800833 AND 5801832 ORDER BY c
	Unique  (cost=3994.11..3999.20 rows=1018 width=121)
	  ->  Sort  (cost=3994.11..3996.65 rows=1018 width=121)
	        Sort Key: c
	        ->  Bitmap Heap Scan on sbtest1  (cost=30.87..3943.25 rows=1018 width=121)
	              Recheck Cond: ((id >= 5800833) AND (id <= 5801832))
	              ->  Bitmap Index Scan on sbtest1_pkey  (cost=0.00..30.61 rows=1018 width=0)
	                    Index Cond: ((id >= 5800833) AND (id <= 5801832))

table 2 : explain SELECT DISTINCT c FROM sbtest2 WHERE id BETWEEN 2923392 AND 2924391 ORDER BY c
	Unique  (cost=3835.49..3840.37 rows=977 width=121)
	  ->  Sort  (cost=3835.49..3837.93 rows=977 width=121)
	        Sort Key: c
	        ->  Bitmap Heap Scan on sbtest2  (cost=30.45..3786.97 rows=977 width=121)
	              Recheck Cond: ((id >= 2923392) AND (id <= 2924391))
	              ->  Bitmap Index Scan on sbtest2_pkey  (cost=0.00..30.20 rows=977 width=0)
	                    Index Cond: ((id >= 2923392) AND (id <= 2924391))

table 3 : explain SELECT DISTINCT c FROM sbtest3 WHERE id BETWEEN 927313 AND 928312 ORDER BY c
	Unique  (cost=3787.92..3792.74 rows=965 width=121)
	  ->  Sort  (cost=3787.92..3790.33 rows=965 width=121)
	        Sort Key: c
	        ->  Bitmap Heap Scan on sbtest3  (cost=30.33..3740.08 rows=965 width=121)
	              Recheck Cond: ((id >= 927313) AND (id <= 928312))
	              ->  Bitmap Index Scan on sbtest3_pkey  (cost=0.00..30.08 rows=965 width=0)
	                    Index Cond: ((id >= 927313) AND (id <= 928312))

table 4 : explain SELECT DISTINCT c FROM sbtest4 WHERE id BETWEEN 2011143 AND 2012142 ORDER BY c
	Unique  (cost=3958.02..3963.07 rows=1009 width=121)
	  ->  Sort  (cost=3958.02..3960.55 rows=1009 width=121)
	        Sort Key: c
	        ->  Bitmap Heap Scan on sbtest4  (cost=30.78..3907.68 rows=1009 width=121)
	              Recheck Cond: ((id >= 2011143) AND (id <= 2012142))
	              ->  Bitmap Index Scan on sbtest4_pkey  (cost=0.00..30.52 rows=1009 width=0)
	                    Index Cond: ((id >= 2011143) AND (id <= 2012142))

table 5 : explain SELECT DISTINCT c FROM sbtest5 WHERE id BETWEEN 5735009 AND 5736008 ORDER BY c
	Unique  (cost=3900.87..3905.84 rows=994 width=121)
	  ->  Sort  (cost=3900.87..3903.36 rows=994 width=121)
	        Sort Key: c
	        ->  Bitmap Heap Scan on sbtest5  (cost=30.62..3851.38 rows=994 width=121)
	              Recheck Cond: ((id >= 5735009) AND (id <= 5736008))
	              ->  Bitmap Index Scan on sbtest5_pkey  (cost=0.00..30.37 rows=994 width=0)
	                    Index Cond: ((id >= 5735009) AND (id <= 5736008))

table 6 : explain SELECT DISTINCT c FROM sbtest6 WHERE id BETWEEN 4030856 AND 4031855 ORDER BY c
	Unique  (cost=4064.96..4070.14 rows=1037 width=121)
	  ->  Sort  (cost=4064.96..4067.55 rows=1037 width=121)
	        Sort Key: c
	        ->  Bitmap Heap Scan on sbtest6  (cost=31.06..4013.01 rows=1037 width=121)
	              Recheck Cond: ((id >= 4030856) AND (id <= 4031855))
	              ->  Bitmap Index Scan on sbtest6_pkey  (cost=0.00..30.80 rows=1037 width=0)
	                    Index Cond: ((id >= 4030856) AND (id <= 4031855))

table 7 : explain SELECT DISTINCT c FROM sbtest7 WHERE id BETWEEN 8629049 AND 8630048 ORDER BY c
	Unique  (cost=4131.92..4137.19 rows=1054 width=121)
	  ->  Sort  (cost=4131.92..4134.55 rows=1054 width=121)
	        Sort Key: c
	        ->  Bitmap Heap Scan on sbtest7  (cost=35.24..4079.00 rows=1054 width=121)
	              Recheck Cond: ((id >= 8629049) AND (id <= 8630048))
	              ->  Bitmap Index Scan on sbtest7_pkey  (cost=0.00..34.98 rows=1054 width=0)
	                    Index Cond: ((id >= 8629049) AND (id <= 8630048))

table 8 : explain SELECT DISTINCT c FROM sbtest8 WHERE id BETWEEN 1192251 AND 1193250 ORDER BY c
	Unique  (cost=3858.72..3863.64 rows=983 width=121)
	  ->  Sort  (cost=3858.72..3861.18 rows=983 width=121)
	        Sort Key: c
	        ->  Bitmap Heap Scan on sbtest8  (cost=30.51..3809.86 rows=983 width=121)
	              Recheck Cond: ((id >= 1192251) AND (id <= 1193250))
	              ->  Bitmap Index Scan on sbtest8_pkey  (cost=0.00..30.26 rows=983 width=0)
	                    Index Cond: ((id >= 1192251) AND (id <= 1193250))

for: distinct_ranges
table 1 : explain SELECT DISTINCT c FROM sbtest1 WHERE id BETWEEN 6224266 AND 6225265 ORDER BY c
	Unique  (cost=3614.32..3618.91 rows=919 width=121)
	  ->  Sort  (cost=3614.32..3616.62 rows=919 width=121)
	        Sort Key: c
	        ->  Bitmap Heap Scan on sbtest1  (cost=29.85..3569.09 rows=919 width=121)
	              Recheck Cond: ((id >= 6224266) AND (id <= 6225265))
	              ->  Bitmap Index Scan on sbtest1_pkey  (cost=0.00..29.62 rows=919 width=0)
	                    Index Cond: ((id >= 6224266) AND (id <= 6225265))

table 2 : explain SELECT DISTINCT c FROM sbtest2 WHERE id BETWEEN 2953936 AND 2954935 ORDER BY c
	Unique  (cost=3835.49..3840.37 rows=977 width=121)
	  ->  Sort  (cost=3835.49..3837.93 rows=977 width=121)
	        Sort Key: c
	        ->  Bitmap Heap Scan on sbtest2  (cost=30.45..3786.97 rows=977 width=121)
	              Recheck Cond: ((id >= 2953936) AND (id <= 2954935))
	              ->  Bitmap Index Scan on sbtest2_pkey  (cost=0.00..30.20 rows=977 width=0)
	                    Index Cond: ((id >= 2953936) AND (id <= 2954935))

table 3 : explain SELECT DISTINCT c FROM sbtest3 WHERE id BETWEEN 8783899 AND 8784898 ORDER BY c
	Unique  (cost=3772.59..3777.39 rows=961 width=121)
	  ->  Sort  (cost=3772.59..3774.99 rows=961 width=121)
	        Sort Key: c
	        ->  Bitmap Heap Scan on sbtest3  (cost=30.29..3724.98 rows=961 width=121)
	              Recheck Cond: ((id >= 8783899) AND (id <= 8784898))
	              ->  Bitmap Index Scan on sbtest3_pkey  (cost=0.00..30.04 rows=961 width=0)
	                    Index Cond: ((id >= 8783899) AND (id <= 8784898))

table 4 : explain SELECT DISTINCT c FROM sbtest4 WHERE id BETWEEN 1094632 AND 1095631 ORDER BY c
	Unique  (cost=3770.26..3775.06 rows=960 width=121)
	  ->  Sort  (cost=3770.26..3772.66 rows=960 width=121)
	        Sort Key: c
	        ->  Bitmap Heap Scan on sbtest4  (cost=30.27..3722.70 rows=960 width=121)
	              Recheck Cond: ((id >= 1094632) AND (id <= 1095631))
	              ->  Bitmap Index Scan on sbtest4_pkey  (cost=0.00..30.04 rows=960 width=0)
	                    Index Cond: ((id >= 1094632) AND (id <= 1095631))

table 5 : explain SELECT DISTINCT c FROM sbtest5 WHERE id BETWEEN 527748 AND 528747 ORDER BY c
	Unique  (cost=3582.46..3587.01 rows=911 width=121)
	  ->  Sort  (cost=3582.46..3584.74 rows=911 width=121)
	        Sort Key: c
	        ->  Bitmap Heap Scan on sbtest5  (cost=29.77..3537.68 rows=911 width=121)
	              Recheck Cond: ((id >= 527748) AND (id <= 528747))
	              ->  Bitmap Index Scan on sbtest5_pkey  (cost=0.00..29.54 rows=911 width=0)
	                    Index Cond: ((id >= 527748) AND (id <= 528747))

table 6 : explain SELECT DISTINCT c FROM sbtest6 WHERE id BETWEEN 5440647 AND 5441646 ORDER BY c
	Unique  (cost=3497.48..3501.93 rows=889 width=121)
	  ->  Sort  (cost=3497.48..3499.71 rows=889 width=121)
	        Sort Key: c
	        ->  Bitmap Heap Scan on sbtest6  (cost=29.55..3453.94 rows=889 width=121)
	              Recheck Cond: ((id >= 5440647) AND (id <= 5441646))
	              ->  Bitmap Index Scan on sbtest6_pkey  (cost=0.00..29.32 rows=889 width=0)
	                    Index Cond: ((id >= 5440647) AND (id <= 5441646))

table 7 : explain SELECT DISTINCT c FROM sbtest7 WHERE id BETWEEN 9349718 AND 9350717 ORDER BY c
	Unique  (cost=4105.17..4110.40 rows=1047 width=121)
	  ->  Sort  (cost=4105.17..4107.79 rows=1047 width=121)
	        Sort Key: c
	        ->  Bitmap Heap Scan on sbtest7  (cost=35.17..4052.65 rows=1047 width=121)
	              Recheck Cond: ((id >= 9349718) AND (id <= 9350717))
	              ->  Bitmap Index Scan on sbtest7_pkey  (cost=0.00..34.91 rows=1047 width=0)
	                    Index Cond: ((id >= 9349718) AND (id <= 9350717))

table 8 : explain SELECT DISTINCT c FROM sbtest8 WHERE id BETWEEN 8404497 AND 8405496 ORDER BY c
	Unique  (cost=3816.56..3821.42 rows=972 width=121)
	  ->  Sort  (cost=3816.56..3818.99 rows=972 width=121)
	        Sort Key: c
	        ->  Bitmap Heap Scan on sbtest8  (cost=30.40..3768.32 rows=972 width=121)
	              Recheck Cond: ((id >= 8404497) AND (id <= 8405496))
	              ->  Bitmap Index Scan on sbtest8_pkey  (cost=0.00..30.15 rows=972 width=0)
	                    Index Cond: ((id >= 8404497) AND (id <= 8405496))

for: order_ranges
table 1 : explain SELECT c FROM sbtest1 WHERE id BETWEEN 552686 AND 553685 ORDER BY c
	Sort  (cost=3664.26..3666.59 rows=932 width=121)
	  Sort Key: c
	  ->  Bitmap Heap Scan on sbtest1  (cost=29.99..3618.29 rows=932 width=121)
	        Recheck Cond: ((id >= 552686) AND (id <= 553685))
	        ->  Bitmap Index Scan on sbtest1_pkey  (cost=0.00..29.75 rows=932 width=0)
	              Index Cond: ((id >= 552686) AND (id <= 553685))

table 2 : explain SELECT c FROM sbtest2 WHERE id BETWEEN 4631049 AND 4632048 ORDER BY c
	Sort  (cost=3823.99..3826.42 rows=974 width=121)
	  Sort Key: c
	  ->  Bitmap Heap Scan on sbtest2  (cost=30.42..3775.64 rows=974 width=121)
	        Recheck Cond: ((id >= 4631049) AND (id <= 4632048))
	        ->  Bitmap Index Scan on sbtest2_pkey  (cost=0.00..30.18 rows=974 width=0)
	              Index Cond: ((id >= 4631049) AND (id <= 4632048))

table 3 : explain SELECT c FROM sbtest3 WHERE id BETWEEN 2801191 AND 2802190 ORDER BY c
	Sort  (cost=3849.21..3851.67 rows=981 width=121)
	  Sort Key: c
	  ->  Bitmap Heap Scan on sbtest3  (cost=30.49..3800.47 rows=981 width=121)
	        Recheck Cond: ((id >= 2801191) AND (id <= 2802190))
	        ->  Bitmap Index Scan on sbtest3_pkey  (cost=0.00..30.25 rows=981 width=0)
	              Index Cond: ((id >= 2801191) AND (id <= 2802190))

table 4 : explain SELECT c FROM sbtest4 WHERE id BETWEEN 6400289 AND 6401288 ORDER BY c
	Sort  (cost=4111.09..4113.71 rows=1049 width=121)
	  Sort Key: c
	  ->  Bitmap Heap Scan on sbtest4  (cost=31.19..4058.46 rows=1049 width=121)
	        Recheck Cond: ((id >= 6400289) AND (id <= 6401288))
	        ->  Bitmap Index Scan on sbtest4_pkey  (cost=0.00..30.93 rows=1049 width=0)
	              Index Cond: ((id >= 6400289) AND (id <= 6401288))

table 5 : explain SELECT c FROM sbtest5 WHERE id BETWEEN 503665 AND 504664 ORDER BY c
	Sort  (cost=3582.46..3584.74 rows=911 width=121)
	  Sort Key: c
	  ->  Bitmap Heap Scan on sbtest5  (cost=29.77..3537.68 rows=911 width=121)
	        Recheck Cond: ((id >= 503665) AND (id <= 504664))
	        ->  Bitmap Index Scan on sbtest5_pkey  (cost=0.00..29.54 rows=911 width=0)
	              Index Cond: ((id >= 503665) AND (id <= 504664))

table 6 : explain SELECT c FROM sbtest6 WHERE id BETWEEN 7126299 AND 7127298 ORDER BY c
	Sort  (cost=3865.88..3868.34 rows=985 width=121)
	  Sort Key: c
	  ->  Bitmap Heap Scan on sbtest6  (cost=30.53..3816.90 rows=985 width=121)
	        Recheck Cond: ((id >= 7126299) AND (id <= 7127298))
	        ->  Bitmap Index Scan on sbtest6_pkey  (cost=0.00..30.29 rows=985 width=0)
	              Index Cond: ((id >= 7126299) AND (id <= 7127298))

table 7 : explain SELECT c FROM sbtest7 WHERE id BETWEEN 4181493 AND 4182492 ORDER BY c
	Sort  (cost=3875.50..3877.97 rows=988 width=121)
	  Sort Key: c
	  ->  Bitmap Heap Scan on sbtest7  (cost=30.56..3826.36 rows=988 width=121)
	        Recheck Cond: ((id >= 4181493) AND (id <= 4182492))
	        ->  Bitmap Index Scan on sbtest7_pkey  (cost=0.00..30.32 rows=988 width=0)
	              Index Cond: ((id >= 4181493) AND (id <= 4182492))

table 8 : explain SELECT c FROM sbtest8 WHERE id BETWEEN 4348605 AND 4349604 ORDER BY c
	Sort  (cost=3912.37..3914.86 rows=997 width=121)
	  Sort Key: c
	  ->  Bitmap Heap Scan on sbtest8  (cost=30.65..3862.71 rows=997 width=121)
	        Recheck Cond: ((id >= 4348605) AND (id <= 4349604))
	        ->  Bitmap Index Scan on sbtest8_pkey  (cost=0.00..30.40 rows=997 width=0)
	              Index Cond: ((id >= 4348605) AND (id <= 4349604))

explain: for point_selects :: explain SELECT c FROM sbtest%u WHERE id=%u
explain: for point_selects :: explain SELECT c FROM sbtest%u WHERE id=%u
for: order_ranges
table 1 : explain SELECT c FROM sbtest1 WHERE id BETWEEN 3298304 AND 3299303 ORDER BY c
	Sort  (cost=3852.30..3854.75 rows=981 width=121)
	  Sort Key: c
	  ->  Bitmap Heap Scan on sbtest1  (cost=30.49..3803.56 rows=981 width=121)
	        Recheck Cond: ((id >= 3298304) AND (id <= 3299303))
	        ->  Bitmap Index Scan on sbtest1_pkey  (cost=0.00..30.25 rows=981 width=0)
	              Index Cond: ((id >= 3298304) AND (id <= 3299303))

table 2 : explain SELECT c FROM sbtest2 WHERE id BETWEEN 815104 AND 816103 ORDER BY c
	Sort  (cost=3823.99..3826.42 rows=974 width=121)
	  Sort Key: c
	  ->  Bitmap Heap Scan on sbtest2  (cost=30.42..3775.64 rows=974 width=121)
	        Recheck Cond: ((id >= 815104) AND (id <= 816103))
	        ->  Bitmap Index Scan on sbtest2_pkey  (cost=0.00..30.18 rows=974 width=0)
	              Index Cond: ((id >= 815104) AND (id <= 816103))

table 3 : explain SELECT c FROM sbtest3 WHERE id BETWEEN 5714452 AND 5715451 ORDER BY c
	Sort  (cost=3925.79..3928.29 rows=1001 width=121)
	  Sort Key: c
	  ->  Bitmap Heap Scan on sbtest3  (cost=30.70..3875.90 rows=1001 width=121)
	        Recheck Cond: ((id >= 5714452) AND (id <= 5715451))
	        ->  Bitmap Index Scan on sbtest3_pkey  (cost=0.00..30.44 rows=1001 width=0)
	              Index Cond: ((id >= 5714452) AND (id <= 5715451))

table 4 : explain SELECT c FROM sbtest4 WHERE id BETWEEN 6729139 AND 6730138 ORDER BY c
	Sort  (cost=3977.17..3979.70 rows=1014 width=121)
	  Sort Key: c
	  ->  Bitmap Heap Scan on sbtest4  (cost=30.83..3926.54 rows=1014 width=121)
	        Recheck Cond: ((id >= 6729139) AND (id <= 6730138))
	        ->  Bitmap Index Scan on sbtest4_pkey  (cost=0.00..30.57 rows=1014 width=0)
	              Index Cond: ((id >= 6729139) AND (id <= 6730138))

table 5 : explain SELECT c FROM sbtest5 WHERE id BETWEEN 1643604 AND 1644603 ORDER BY c
	Sort  (cost=3736.02..3738.39 rows=951 width=121)
	  Sort Key: c
	  ->  Bitmap Heap Scan on sbtest5  (cost=30.18..3688.97 rows=951 width=121)
	        Recheck Cond: ((id >= 1643604) AND (id <= 1644603))
	        ->  Bitmap Index Scan on sbtest5_pkey  (cost=0.00..29.94 rows=951 width=0)
	              Index Cond: ((id >= 1643604) AND (id <= 1644603))

table 6 : explain SELECT c FROM sbtest6 WHERE id BETWEEN 6168255 AND 6169254 ORDER BY c
	Sort  (cost=3808.39..3810.81 rows=970 width=121)
	  Sort Key: c
	  ->  Bitmap Heap Scan on sbtest6  (cost=30.38..3760.27 rows=970 width=121)
	        Recheck Cond: ((id >= 6168255) AND (id <= 6169254))
	        ->  Bitmap Index Scan on sbtest6_pkey  (cost=0.00..30.14 rows=970 width=0)
	              Index Cond: ((id >= 6168255) AND (id <= 6169254))

table 7 : explain SELECT c FROM sbtest7 WHERE id BETWEEN 9617831 AND 9618830 ORDER BY c
	Sort  (cost=3672.43..3674.77 rows=935 width=121)
	  Sort Key: c
	  ->  Bitmap Heap Scan on sbtest7  (cost=30.02..3626.29 rows=935 width=121)
	        Recheck Cond: ((id >= 9617831) AND (id <= 9618830))
	        ->  Bitmap Index Scan on sbtest7_pkey  (cost=0.00..29.79 rows=935 width=0)
	              Index Cond: ((id >= 9617831) AND (id <= 9618830))

table 8 : explain SELECT c FROM sbtest8 WHERE id BETWEEN 8550372 AND 8551371 ORDER BY c
	Sort  (cost=3870.22..3872.69 rows=986 width=121)
	  Sort Key: c
	  ->  Bitmap Heap Scan on sbtest8  (cost=30.54..3821.19 rows=986 width=121)
	        Recheck Cond: ((id >= 8550372) AND (id <= 8551371))
	        ->  Bitmap Index Scan on sbtest8_pkey  (cost=0.00..30.29 rows=986 width=0)
	              Index Cond: ((id >= 8550372) AND (id <= 8551371))

explain: for point_selects :: explain SELECT c FROM sbtest%u WHERE id=%u
for point_selects
table 1 : explain SELECT c FROM sbtest1 WHERE id=998774
	Index Scan using sbtest1_pkey on sbtest1  (cost=0.43..8.45 rows=1 width=121)
	  Index Cond: (id = 998774)

table 2 : explain SELECT c FROM sbtest2 WHERE id=4814646
	Index Scan using sbtest2_pkey on sbtest2  (cost=0.43..8.45 rows=1 width=121)
	  Index Cond: (id = 4814646)

table 3 : explain SELECT c FROM sbtest3 WHERE id=2701989
	Index Scan using sbtest3_pkey on sbtest3  (cost=0.43..8.45 rows=1 width=121)
	  Index Cond: (id = 2701989)

table 4 : explain SELECT c FROM sbtest4 WHERE id=9264434
	Index Scan using sbtest4_pkey on sbtest4  (cost=0.43..8.45 rows=1 width=121)
	  Index Cond: (id = 9264434)

table 5 : explain SELECT c FROM sbtest5 WHERE id=1482654
	Index Scan using sbtest5_pkey on sbtest5  (cost=0.43..8.45 rows=1 width=121)
	  Index Cond: (id = 1482654)

table 6 : explain SELECT c FROM sbtest6 WHERE id=7603963
	Index Scan using sbtest6_pkey on sbtest6  (cost=0.43..8.45 rows=1 width=121)
	  Index Cond: (id = 7603963)

table 7 : explain SELECT c FROM sbtest7 WHERE id=1092664
	Index Scan using sbtest7_pkey on sbtest7  (cost=0.43..8.45 rows=1 width=121)
	  Index Cond: (id = 1092664)

table 8 : explain SELECT c FROM sbtest8 WHERE id=4765661
	Index Scan using sbtest8_pkey on sbtest8  (cost=0.43..8.45 rows=1 width=121)
	  Index Cond: (id = 4765661)

for point_selects
table 1 : explain SELECT c FROM sbtest1 WHERE id=1100974
	Index Scan using sbtest1_pkey on sbtest1  (cost=0.43..8.45 rows=1 width=121)
	  Index Cond: (id = 1100974)

table 2 : explain SELECT c FROM sbtest2 WHERE id=9455806
	Index Scan using sbtest2_pkey on sbtest2  (cost=0.43..8.45 rows=1 width=121)
	  Index Cond: (id = 9455806)

table 3 : explain SELECT c FROM sbtest3 WHERE id=5925189
	Index Scan using sbtest3_pkey on sbtest3  (cost=0.43..8.45 rows=1 width=121)
	  Index Cond: (id = 5925189)

table 4 : explain SELECT c FROM sbtest4 WHERE id=6801789
	Index Scan using sbtest4_pkey on sbtest4  (cost=0.43..8.45 rows=1 width=121)
	  Index Cond: (id = 6801789)

table 5 : explain SELECT c FROM sbtest5 WHERE id=3263554
	Index Scan using sbtest5_pkey on sbtest5  (cost=0.43..8.45 rows=1 width=121)
	  Index Cond: (id = 3263554)

table 6 : explain SELECT c FROM sbtest6 WHERE id=6246853
	Index Scan using sbtest6_pkey on sbtest6  (cost=0.43..8.45 rows=1 width=121)
	  Index Cond: (id = 6246853)

table 7 : explain SELECT c FROM sbtest7 WHERE id=5915140
	Index Scan using sbtest7_pkey on sbtest7  (cost=0.43..8.45 rows=1 width=121)
	  Index Cond: (id = 5915140)

table 8 : explain SELECT c FROM sbtest8 WHERE id=402761
	Index Scan using sbtest8_pkey on sbtest8  (cost=0.43..8.45 rows=1 width=121)
	  Index Cond: (id = 402761)

for: distinct_ranges
table 1 : explain SELECT DISTINCT c FROM sbtest1 WHERE id BETWEEN 665362 AND 666361 ORDER BY c
	Unique  (cost=3921.31..3926.30 rows=999 width=121)
	  ->  Sort  (cost=3921.31..3923.81 rows=999 width=121)
	        Sort Key: c
	        ->  Bitmap Heap Scan on sbtest1  (cost=30.67..3871.54 rows=999 width=121)
	              Recheck Cond: ((id >= 665362) AND (id <= 666361))
	              ->  Bitmap Index Scan on sbtest1_pkey  (cost=0.00..30.43 rows=999 width=0)
	                    Index Cond: ((id >= 665362) AND (id <= 666361))

table 2 : explain SELECT DISTINCT c FROM sbtest2 WHERE id BETWEEN 6934652 AND 6935651 ORDER BY c
	Unique  (cost=3724.28..3729.02 rows=948 width=121)
	  ->  Sort  (cost=3724.28..3726.65 rows=948 width=121)
	        Sort Key: c
	        ->  Bitmap Heap Scan on sbtest2  (cost=30.15..3677.41 rows=948 width=121)
	              Recheck Cond: ((id >= 6934652) AND (id <= 6935651))
	              ->  Bitmap Index Scan on sbtest2_pkey  (cost=0.00..29.91 rows=948 width=0)
	                    Index Cond: ((id >= 6934652) AND (id <= 6935651))

table 3 : explain SELECT DISTINCT c FROM sbtest3 WHERE id BETWEEN 3174156 AND 3175155 ORDER BY c
	Unique  (cost=3607.68..3612.27 rows=918 width=121)
	  ->  Sort  (cost=3607.68..3609.98 rows=918 width=121)
	        Sort Key: c
	        ->  Bitmap Heap Scan on sbtest3  (cost=29.84..3562.50 rows=918 width=121)
	              Recheck Cond: ((id >= 3174156) AND (id <= 3175155))
	              ->  Bitmap Index Scan on sbtest3_pkey  (cost=0.00..29.61 rows=918 width=0)
	                    Index Cond: ((id >= 3174156) AND (id <= 3175155))

table 4 : explain SELECT DISTINCT c FROM sbtest4 WHERE id BETWEEN 3154069 AND 3155068 ORDER BY c
	Unique  (cost=3862.26..3867.18 rows=984 width=121)
	  ->  Sort  (cost=3862.26..3864.72 rows=984 width=121)
	        Sort Key: c
	        ->  Bitmap Heap Scan on sbtest4  (cost=30.52..3813.34 rows=984 width=121)
	              Recheck Cond: ((id >= 3154069) AND (id <= 3155068))
	              ->  Bitmap Index Scan on sbtest4_pkey  (cost=0.00..30.27 rows=984 width=0)
	                    Index Cond: ((id >= 3154069) AND (id <= 3155068))

table 5 : explain SELECT DISTINCT c FROM sbtest5 WHERE id BETWEEN 8178878 AND 8179877 ORDER BY c
	Unique  (cost=4119.06..4124.32 rows=1051 width=121)
	  ->  Sort  (cost=4119.06..4121.69 rows=1051 width=121)
	        Sort Key: c
	        ->  Bitmap Heap Scan on sbtest5  (cost=31.21..4066.31 rows=1051 width=121)
	              Recheck Cond: ((id >= 8178878) AND (id <= 8179877))
	              ->  Bitmap Index Scan on sbtest5_pkey  (cost=0.00..30.94 rows=1051 width=0)
	                    Index Cond: ((id >= 8178878) AND (id <= 8179877))

table 6 : explain SELECT DISTINCT c FROM sbtest6 WHERE id BETWEEN 8530517 AND 8531516 ORDER BY c
	Unique  (cost=3593.53..3598.10 rows=914 width=121)
	  ->  Sort  (cost=3593.53..3595.81 rows=914 width=121)
	        Sort Key: c
	        ->  Bitmap Heap Scan on sbtest6  (cost=29.80..3548.58 rows=914 width=121)
	              Recheck Cond: ((id >= 8530517) AND (id <= 8531516))
	              ->  Bitmap Index Scan on sbtest6_pkey  (cost=0.00..29.57 rows=914 width=0)
	                    Index Cond: ((id >= 8530517) AND (id <= 8531516))

table 7 : explain SELECT DISTINCT c FROM sbtest7 WHERE id BETWEEN 6508653 AND 6509652 ORDER BY c
	Unique  (cost=4020.90..4026.03 rows=1026 width=121)
	  ->  Sort  (cost=4020.90..4023.46 rows=1026 width=121)
	        Sort Key: c
	        ->  Bitmap Heap Scan on sbtest7  (cost=30.95..3969.58 rows=1026 width=121)
	              Recheck Cond: ((id >= 6508653) AND (id <= 6509652))
	              ->  Bitmap Index Scan on sbtest7_pkey  (cost=0.00..30.69 rows=1026 width=0)
	                    Index Cond: ((id >= 6508653) AND (id <= 6509652))

table 8 : explain SELECT DISTINCT c FROM sbtest8 WHERE id BETWEEN 9353056 AND 9354055 ORDER BY c
	Unique  (cost=3908.54..3913.52 rows=996 width=121)
	  ->  Sort  (cost=3908.54..3911.03 rows=996 width=121)
	        Sort Key: c
	        ->  Bitmap Heap Scan on sbtest8  (cost=30.64..3858.94 rows=996 width=121)
	              Recheck Cond: ((id >= 9353056) AND (id <= 9354055))
	              ->  Bitmap Index Scan on sbtest8_pkey  (cost=0.00..30.39 rows=996 width=0)
	                    Index Cond: ((id >= 9353056) AND (id <= 9354055))

for: distinct_ranges
table 1 : explain SELECT DISTINCT c FROM sbtest1 WHERE id BETWEEN 2963554 AND 2964553 ORDER BY c
	Unique  (cost=3871.47..3876.40 rows=986 width=121)
	  ->  Sort  (cost=3871.47..3873.94 rows=986 width=121)
	        Sort Key: c
	        ->  Bitmap Heap Scan on sbtest1  (cost=30.54..3822.44 rows=986 width=121)
	              Recheck Cond: ((id >= 2963554) AND (id <= 2964553))
	              ->  Bitmap Index Scan on sbtest1_pkey  (cost=0.00..30.29 rows=986 width=0)
	                    Index Cond: ((id >= 2963554) AND (id <= 2964553))

table 2 : explain SELECT DISTINCT c FROM sbtest2 WHERE id BETWEEN 8574676 AND 8575675 ORDER BY c
	Unique  (cost=3988.71..3993.80 rows=1017 width=121)
	  ->  Sort  (cost=3988.71..3991.25 rows=1017 width=121)
	        Sort Key: c
	        ->  Bitmap Heap Scan on sbtest2  (cost=30.86..3937.91 rows=1017 width=121)
	              Recheck Cond: ((id >= 8574676) AND (id <= 8575675))
	              ->  Bitmap Index Scan on sbtest2_pkey  (cost=0.00..30.61 rows=1017 width=0)
	                    Index Cond: ((id >= 8574676) AND (id <= 8575675))

table 3 : explain SELECT DISTINCT c FROM sbtest3 WHERE id BETWEEN 9122345 AND 9123344 ORDER BY c
	Unique  (cost=4086.44..4091.66 rows=1043 width=121)
	  ->  Sort  (cost=4086.44..4089.05 rows=1043 width=121)
	        Sort Key: c
	        ->  Bitmap Heap Scan on sbtest3  (cost=31.13..4034.15 rows=1043 width=121)
	              Recheck Cond: ((id >= 9122345) AND (id <= 9123344))
	              ->  Bitmap Index Scan on sbtest3_pkey  (cost=0.00..30.86 rows=1043 width=0)
	                    Index Cond: ((id >= 9122345) AND (id <= 9123344))

table 4 : explain SELECT DISTINCT c FROM sbtest4 WHERE id BETWEEN 6137074 AND 6138073 ORDER BY c
	Unique  (cost=3428.46..3432.82 rows=871 width=121)
	  ->  Sort  (cost=3428.46..3430.64 rows=871 width=121)
	        Sort Key: c
	        ->  Bitmap Heap Scan on sbtest4  (cost=29.36..3385.93 rows=871 width=121)
	              Recheck Cond: ((id >= 6137074) AND (id <= 6138073))
	              ->  Bitmap Index Scan on sbtest4_pkey  (cost=0.00..29.14 rows=871 width=0)
	                    Index Cond: ((id >= 6137074) AND (id <= 6138073))

table 5 : explain SELECT DISTINCT c FROM sbtest5 WHERE id BETWEEN 3266096 AND 3267095 ORDER BY c
	Unique  (cost=4031.07..4036.21 rows=1028 width=121)
	  ->  Sort  (cost=4031.07..4033.64 rows=1028 width=121)
	        Sort Key: c
	        ->  Bitmap Heap Scan on sbtest5  (cost=30.97..3979.64 rows=1028 width=121)
	              Recheck Cond: ((id >= 3266096) AND (id <= 3267095))
	              ->  Bitmap Index Scan on sbtest5_pkey  (cost=0.00..30.71 rows=1028 width=0)
	                    Index Cond: ((id >= 3266096) AND (id <= 3267095))

table 6 : explain SELECT DISTINCT c FROM sbtest6 WHERE id BETWEEN 3115300 AND 3116299 ORDER BY c
	Unique  (cost=3674.15..3678.82 rows=935 width=121)
	  ->  Sort  (cost=3674.15..3676.48 rows=935 width=121)
	        Sort Key: c
	        ->  Bitmap Heap Scan on sbtest6  (cost=30.02..3628.01 rows=935 width=121)
	              Recheck Cond: ((id >= 3115300) AND (id <= 3116299))
	              ->  Bitmap Index Scan on sbtest6_pkey  (cost=0.00..29.79 rows=935 width=0)
	                    Index Cond: ((id >= 3115300) AND (id <= 3116299))

table 7 : explain SELECT DISTINCT c FROM sbtest7 WHERE id BETWEEN 1025728 AND 1026727 ORDER BY c
	Unique  (cost=3971.18..3976.24 rows=1013 width=121)
	  ->  Sort  (cost=3971.18..3973.71 rows=1013 width=121)
	        Sort Key: c
	        ->  Bitmap Heap Scan on sbtest7  (cost=30.82..3920.61 rows=1013 width=121)
	              Recheck Cond: ((id >= 1025728) AND (id <= 1026727))
	              ->  Bitmap Index Scan on sbtest7_pkey  (cost=0.00..30.57 rows=1013 width=0)
	                    Index Cond: ((id >= 1025728) AND (id <= 1026727))

table 8 : explain SELECT DISTINCT c FROM sbtest8 WHERE id BETWEEN 8774902 AND 8775901 ORDER BY c
	Unique  (cost=4130.71..4135.98 rows=1053 width=121)
	  ->  Sort  (cost=4130.71..4133.35 rows=1053 width=121)
	        Sort Key: c
	        ->  Bitmap Heap Scan on sbtest8  (cost=35.23..4077.85 rows=1053 width=121)
	              Recheck Cond: ((id >= 8774902) AND (id <= 8775901))
	              ->  Bitmap Index Scan on sbtest8_pkey  (cost=0.00..34.97 rows=1053 width=0)
	                    Index Cond: ((id >= 8774902) AND (id <= 8775901))

for: distinct_ranges
table 1 : explain SELECT DISTINCT c FROM sbtest1 WHERE id BETWEEN 1275221 AND 1276220 ORDER BY c
	Unique  (cost=3840.80..3845.69 rows=978 width=121)
	  ->  Sort  (cost=3840.80..3843.24 rows=978 width=121)
	        Sort Key: c
	        ->  Bitmap Heap Scan on sbtest1  (cost=30.46..3792.22 rows=978 width=121)
	              Recheck Cond: ((id >= 1275221) AND (id <= 1276220))
	              ->  Bitmap Index Scan on sbtest1_pkey  (cost=0.00..30.21 rows=978 width=0)
	                    Index Cond: ((id >= 1275221) AND (id <= 1276220))

table 2 : explain SELECT DISTINCT c FROM sbtest2 WHERE id BETWEEN 1007334 AND 1008333 ORDER BY c
	Unique  (cost=3712.77..3717.50 rows=945 width=121)
	  ->  Sort  (cost=3712.77..3715.14 rows=945 width=121)
	        Sort Key: c
	        ->  Bitmap Heap Scan on sbtest2  (cost=30.12..3666.07 rows=945 width=121)
	              Recheck Cond: ((id >= 1007334) AND (id <= 1008333))
	              ->  Bitmap Index Scan on sbtest2_pkey  (cost=0.00..29.89 rows=945 width=0)
	                    Index Cond: ((id >= 1007334) AND (id <= 1008333))

table 3 : explain SELECT DISTINCT c FROM sbtest3 WHERE id BETWEEN 6555709 AND 6556708 ORDER BY c
	Unique  (cost=3990.84..3995.93 rows=1018 width=121)
	  ->  Sort  (cost=3990.84..3993.39 rows=1018 width=121)
	        Sort Key: c
	        ->  Bitmap Heap Scan on sbtest3  (cost=30.87..3939.98 rows=1018 width=121)
	              Recheck Cond: ((id >= 6555709) AND (id <= 6556708))
	              ->  Bitmap Index Scan on sbtest3_pkey  (cost=0.00..30.61 rows=1018 width=0)
	                    Index Cond: ((id >= 6555709) AND (id <= 6556708))

table 4 : explain SELECT DISTINCT c FROM sbtest4 WHERE id BETWEEN 4786984 AND 4787983 ORDER BY c
	Unique  (cost=3635.96..3640.59 rows=925 width=121)
	  ->  Sort  (cost=3635.96..3638.27 rows=925 width=121)
	        Sort Key: c
	        ->  Bitmap Heap Scan on sbtest4  (cost=29.92..3590.39 rows=925 width=121)
	              Recheck Cond: ((id >= 4786984) AND (id <= 4787983))
	              ->  Bitmap Index Scan on sbtest4_pkey  (cost=0.00..29.68 rows=925 width=0)
	                    Index Cond: ((id >= 4786984) AND (id <= 4787983))

table 5 : explain SELECT DISTINCT c FROM sbtest5 WHERE id BETWEEN 5425300 AND 5426299 ORDER BY c
	Unique  (cost=3969.81..3974.87 rows=1012 width=121)
	  ->  Sort  (cost=3969.81..3972.34 rows=1012 width=121)
	        Sort Key: c
	        ->  Bitmap Heap Scan on sbtest5  (cost=30.81..3919.30 rows=1012 width=121)
	              Recheck Cond: ((id >= 5425300) AND (id <= 5426299))
	              ->  Bitmap Index Scan on sbtest5_pkey  (cost=0.00..30.55 rows=1012 width=0)
	                    Index Cond: ((id >= 5425300) AND (id <= 5426299))

table 6 : explain SELECT DISTINCT c FROM sbtest6 WHERE id BETWEEN 8150214 AND 8151213 ORDER BY c
	Unique  (cost=4007.56..4012.67 rows=1022 width=121)
	  ->  Sort  (cost=4007.56..4010.12 rows=1022 width=121)
	        Sort Key: c
	        ->  Bitmap Heap Scan on sbtest6  (cost=30.91..3956.48 rows=1022 width=121)
	              Recheck Cond: ((id >= 8150214) AND (id <= 8151213))
	              ->  Bitmap Index Scan on sbtest6_pkey  (cost=0.00..30.65 rows=1022 width=0)
	                    Index Cond: ((id >= 8150214) AND (id <= 8151213))

table 7 : explain SELECT DISTINCT c FROM sbtest7 WHERE id BETWEEN 8874800 AND 8875799 ORDER BY c
	Unique  (cost=3844.87..3849.77 rows=980 width=121)
	  ->  Sort  (cost=3844.87..3847.32 rows=980 width=121)
	        Sort Key: c
	        ->  Bitmap Heap Scan on sbtest7  (cost=30.48..3796.18 rows=980 width=121)
	              Recheck Cond: ((id >= 8874800) AND (id <= 8875799))
	              ->  Bitmap Index Scan on sbtest7_pkey  (cost=0.00..30.23 rows=980 width=0)
	                    Index Cond: ((id >= 8874800) AND (id <= 8875799))

table 8 : explain SELECT DISTINCT c FROM sbtest8 WHERE id BETWEEN 5378618 AND 5379617 ORDER BY c
	Unique  (cost=3793.55..3798.38 rows=966 width=121)
	  ->  Sort  (cost=3793.55..3795.97 rows=966 width=121)
	        Sort Key: c
	        ->  Bitmap Heap Scan on sbtest8  (cost=30.34..3745.66 rows=966 width=121)
	              Recheck Cond: ((id >= 5378618) AND (id <= 5379617))
	              ->  Bitmap Index Scan on sbtest8_pkey  (cost=0.00..30.09 rows=966 width=0)
	                    Index Cond: ((id >= 5378618) AND (id <= 5379617))

for: order_ranges
table 1 : explain SELECT c FROM sbtest1 WHERE id BETWEEN 4150157 AND 4151156 ORDER BY c
	Sort  (cost=4047.72..4050.30 rows=1032 width=121)
	  Sort Key: c
	  ->  Bitmap Heap Scan on sbtest1  (cost=31.01..3996.06 rows=1032 width=121)
	        Recheck Cond: ((id >= 4150157) AND (id <= 4151156))
	        ->  Bitmap Index Scan on sbtest1_pkey  (cost=0.00..30.75 rows=1032 width=0)
	              Index Cond: ((id >= 4150157) AND (id <= 4151156))

table 2 : explain SELECT c FROM sbtest2 WHERE id BETWEEN 6916660 AND 6917659 ORDER BY c
	Sort  (cost=3724.28..3726.65 rows=948 width=121)
	  Sort Key: c
	  ->  Bitmap Heap Scan on sbtest2  (cost=30.15..3677.41 rows=948 width=121)
	        Recheck Cond: ((id >= 6916660) AND (id <= 6917659))
	        ->  Bitmap Index Scan on sbtest2_pkey  (cost=0.00..29.91 rows=948 width=0)
	              Index Cond: ((id >= 6916660) AND (id <= 6917659))

table 3 : explain SELECT c FROM sbtest3 WHERE id BETWEEN 9525328 AND 9526327 ORDER BY c
	Sort  (cost=3960.23..3962.76 rows=1010 width=121)
	  Sort Key: c
	  ->  Bitmap Heap Scan on sbtest3  (cost=30.79..3909.83 rows=1010 width=121)
	        Recheck Cond: ((id >= 9525328) AND (id <= 9526327))
	        ->  Bitmap Index Scan on sbtest3_pkey  (cost=0.00..30.54 rows=1010 width=0)
	              Index Cond: ((id >= 9525328) AND (id <= 9526327))

table 4 : explain SELECT c FROM sbtest4 WHERE id BETWEEN 4906826 AND 4907825 ORDER BY c
	Sort  (cost=3977.17..3979.70 rows=1014 width=121)
	  Sort Key: c
	  ->  Bitmap Heap Scan on sbtest4  (cost=30.83..3926.54 rows=1014 width=121)
	        Recheck Cond: ((id >= 4906826) AND (id <= 4907825))
	        ->  Bitmap Index Scan on sbtest4_pkey  (cost=0.00..30.57 rows=1014 width=0)
	              Index Cond: ((id >= 4906826) AND (id <= 4907825))

table 5 : explain SELECT c FROM sbtest5 WHERE id BETWEEN 5600686 AND 5601685 ORDER BY c
	Sort  (cost=3647.74..3650.06 rows=928 width=121)
	  Sort Key: c
	  ->  Bitmap Heap Scan on sbtest5  (cost=29.95..3602.00 rows=928 width=121)
	        Recheck Cond: ((id >= 5600686) AND (id <= 5601685))
	        ->  Bitmap Index Scan on sbtest5_pkey  (cost=0.00..29.71 rows=928 width=0)
	              Index Cond: ((id >= 5600686) AND (id <= 5601685))

table 6 : explain SELECT c FROM sbtest6 WHERE id BETWEEN 5969599 AND 5970598 ORDER BY c
	Sort  (cost=3862.04..3864.50 rows=984 width=121)
	  Sort Key: c
	  ->  Bitmap Heap Scan on sbtest6  (cost=30.52..3813.13 rows=984 width=121)
	        Recheck Cond: ((id >= 5969599) AND (id <= 5970598))
	        ->  Bitmap Index Scan on sbtest6_pkey  (cost=0.00..30.27 rows=984 width=0)
	              Index Cond: ((id >= 5969599) AND (id <= 5970598))

table 7 : explain SELECT c FROM sbtest7 WHERE id BETWEEN 9156706 AND 9157705 ORDER BY c
	Sort  (cost=3798.91..3801.33 rows=968 width=121)
	  Sort Key: c
	  ->  Bitmap Heap Scan on sbtest7  (cost=30.36..3750.91 rows=968 width=121)
	        Recheck Cond: ((id >= 9156706) AND (id <= 9157705))
	        ->  Bitmap Index Scan on sbtest7_pkey  (cost=0.00..30.11 rows=968 width=0)
	              Index Cond: ((id >= 9156706) AND (id <= 9157705))

table 8 : explain SELECT c FROM sbtest8 WHERE id BETWEEN 4560316 AND 4561315 ORDER BY c
	Sort  (cost=3812.72..3815.15 rows=971 width=121)
	  Sort Key: c
	  ->  Bitmap Heap Scan on sbtest8  (cost=30.39..3764.55 rows=971 width=121)
	        Recheck Cond: ((id >= 4560316) AND (id <= 4561315))
	        ->  Bitmap Index Scan on sbtest8_pkey  (cost=0.00..30.14 rows=971 width=0)
	              Index Cond: ((id >= 4560316) AND (id <= 4561315))

for: simple_ranges
table 1 : explain SELECT c FROM sbtest1 WHERE id BETWEEN 9854288 AND 9855287
	Bitmap Heap Scan on sbtest1  (cost=31.05..4011.15 rows=1036 width=121)
	  Recheck Cond: ((id >= 9854288) AND (id <= 9855287))
	  ->  Bitmap Index Scan on sbtest1_pkey  (cost=0.00..30.79 rows=1036 width=0)
	        Index Cond: ((id >= 9854288) AND (id <= 9855287))

table 2 : explain SELECT c FROM sbtest2 WHERE id BETWEEN 7349999 AND 7350998
	Bitmap Heap Scan on sbtest2  (cost=35.22..4073.82 rows=1052 width=121)
	  Recheck Cond: ((id >= 7349999) AND (id <= 7350998))
	  ->  Bitmap Index Scan on sbtest2_pkey  (cost=0.00..34.95 rows=1052 width=0)
	        Index Cond: ((id >= 7349999) AND (id <= 7350998))

table 3 : explain SELECT c FROM sbtest3 WHERE id BETWEEN 5355431 AND 5356430
	Bitmap Heap Scan on sbtest3  (cost=30.97..3977.66 rows=1028 width=121)
	  Recheck Cond: ((id >= 5355431) AND (id <= 5356430))
	  ->  Bitmap Index Scan on sbtest3_pkey  (cost=0.00..30.71 rows=1028 width=0)
	        Index Cond: ((id >= 5355431) AND (id <= 5356430))

table 4 : explain SELECT c FROM sbtest4 WHERE id BETWEEN 1363654 AND 1364653
	Bitmap Heap Scan on sbtest4  (cost=31.23..4073.52 rows=1053 width=121)
	  Recheck Cond: ((id >= 1363654) AND (id <= 1364653))
	  ->  Bitmap Index Scan on sbtest4_pkey  (cost=0.00..30.96 rows=1053 width=0)
	        Index Cond: ((id >= 1363654) AND (id <= 1364653))

table 5 : explain SELECT c FROM sbtest5 WHERE id BETWEEN 9230495 AND 9231494
	Bitmap Heap Scan on sbtest5  (cost=30.00..3620.92 rows=933 width=121)
	  Recheck Cond: ((id >= 9230495) AND (id <= 9231494))
	  ->  Bitmap Index Scan on sbtest5_pkey  (cost=0.00..29.76 rows=933 width=0)
	        Index Cond: ((id >= 9230495) AND (id <= 9231494))

table 6 : explain SELECT c FROM sbtest6 WHERE id BETWEEN 6762776 AND 6763775
	Bitmap Heap Scan on sbtest6  (cost=35.33..4114.94 rows=1063 width=121)
	  Recheck Cond: ((id >= 6762776) AND (id <= 6763775))
	  ->  Bitmap Index Scan on sbtest6_pkey  (cost=0.00..35.07 rows=1063 width=0)
	        Index Cond: ((id >= 6762776) AND (id <= 6763775))

table 7 : explain SELECT c FROM sbtest7 WHERE id BETWEEN 3409621 AND 3410620
	Bitmap Heap Scan on sbtest7  (cost=30.39..3762.23 rows=971 width=121)
	  Recheck Cond: ((id >= 3409621) AND (id <= 3410620))
	  ->  Bitmap Index Scan on sbtest7_pkey  (cost=0.00..30.14 rows=971 width=0)
	        Index Cond: ((id >= 3409621) AND (id <= 3410620))

table 8 : explain SELECT c FROM sbtest8 WHERE id BETWEEN 3672897 AND 3673896
	Bitmap Heap Scan on sbtest8  (cost=35.13..4040.18 rows=1043 width=121)
	  Recheck Cond: ((id >= 3672897) AND (id <= 3673896))
	  ->  Bitmap Index Scan on sbtest8_pkey  (cost=0.00..34.87 rows=1043 width=0)
	        Index Cond: ((id >= 3672897) AND (id <= 3673896))

for: simple_ranges
table 1 : explain SELECT c FROM sbtest1 WHERE id BETWEEN 5158622 AND 5159621
	Bitmap Heap Scan on sbtest1  (cost=30.66..3867.76 rows=998 width=121)
	  Recheck Cond: ((id >= 5158622) AND (id <= 5159621))
	  ->  Bitmap Index Scan on sbtest1_pkey  (cost=0.00..30.41 rows=998 width=0)
	        Index Cond: ((id >= 5158622) AND (id <= 5159621))

table 2 : explain SELECT c FROM sbtest2 WHERE id BETWEEN 3071519 AND 3072518
	Bitmap Heap Scan on sbtest2  (cost=30.38..3760.53 rows=970 width=121)
	  Recheck Cond: ((id >= 3071519) AND (id <= 3072518))
	  ->  Bitmap Index Scan on sbtest2_pkey  (cost=0.00..30.14 rows=970 width=0)
	        Index Cond: ((id >= 3071519) AND (id <= 3072518))

table 3 : explain SELECT c FROM sbtest3 WHERE id BETWEEN 1643436 AND 1644435
	Bitmap Heap Scan on sbtest3  (cost=31.02..3996.50 rows=1033 width=121)
	  Recheck Cond: ((id >= 1643436) AND (id <= 1644435))
	  ->  Bitmap Index Scan on sbtest3_pkey  (cost=0.00..30.76 rows=1033 width=0)
	        Index Cond: ((id >= 1643436) AND (id <= 1644435))

table 4 : explain SELECT c FROM sbtest4 WHERE id BETWEEN 3549027 AND 3550026
	Bitmap Heap Scan on sbtest4  (cost=30.16..3681.14 rows=949 width=121)
	  Recheck Cond: ((id >= 3549027) AND (id <= 3550026))
	  ->  Bitmap Index Scan on sbtest4_pkey  (cost=0.00..29.93 rows=949 width=0)
	        Index Cond: ((id >= 3549027) AND (id <= 3550026))

table 5 : explain SELECT c FROM sbtest5 WHERE id BETWEEN 7729259 AND 7730258
	Bitmap Heap Scan on sbtest5  (cost=30.74..3892.89 rows=1005 width=121)
	  Recheck Cond: ((id >= 7729259) AND (id <= 7730258))
	  ->  Bitmap Index Scan on sbtest5_pkey  (cost=0.00..30.48 rows=1005 width=0)
	        Index Cond: ((id >= 7729259) AND (id <= 7730258))

table 6 : explain SELECT c FROM sbtest6 WHERE id BETWEEN 8804769 AND 8805768
	Bitmap Heap Scan on sbtest6  (cost=31.04..4005.47 rows=1035 width=121)
	  Recheck Cond: ((id >= 8804769) AND (id <= 8805768))
	  ->  Bitmap Index Scan on sbtest6_pkey  (cost=0.00..30.79 rows=1035 width=0)
	        Index Cond: ((id >= 8804769) AND (id <= 8805768))

table 7 : explain SELECT c FROM sbtest7 WHERE id BETWEEN 4262766 AND 4263765
	Bitmap Heap Scan on sbtest7  (cost=30.17..3682.95 rows=950 width=121)
	  Recheck Cond: ((id >= 4262766) AND (id <= 4263765))
	  ->  Bitmap Index Scan on sbtest7_pkey  (cost=0.00..29.93 rows=950 width=0)
	        Index Cond: ((id >= 4262766) AND (id <= 4263765))

table 8 : explain SELECT c FROM sbtest8 WHERE id BETWEEN 4085551 AND 4086550
	Bitmap Heap Scan on sbtest8  (cost=30.92..3960.79 rows=1023 width=121)
	  Recheck Cond: ((id >= 4085551) AND (id <= 4086550))
	  ->  Bitmap Index Scan on sbtest8_pkey  (cost=0.00..30.66 rows=1023 width=0)
	        Index Cond: ((id >= 4085551) AND (id <= 4086550))

explain: for point_selects :: explain SELECT c FROM sbtest%u WHERE id=%u
for point_selects
table 1 : explain SELECT c FROM sbtest1 WHERE id=4376625
	Index Scan using sbtest1_pkey on sbtest1  (cost=0.43..8.45 rows=1 width=121)
	  Index Cond: (id = 4376625)

table 2 : explain SELECT c FROM sbtest2 WHERE id=8273240
	Index Scan using sbtest2_pkey on sbtest2  (cost=0.43..8.45 rows=1 width=121)
	  Index Cond: (id = 8273240)

table 3 : explain SELECT c FROM sbtest3 WHERE id=7213785
	Index Scan using sbtest3_pkey on sbtest3  (cost=0.43..8.45 rows=1 width=121)
	  Index Cond: (id = 7213785)

table 4 : explain SELECT c FROM sbtest4 WHERE id=520669
	Index Scan using sbtest4_pkey on sbtest4  (cost=0.43..8.45 rows=1 width=121)
	  Index Cond: (id = 520669)

table 5 : explain SELECT c FROM sbtest5 WHERE id=5076236
	Index Scan using sbtest5_pkey on sbtest5  (cost=0.43..8.45 rows=1 width=121)
	  Index Cond: (id = 5076236)

table 6 : explain SELECT c FROM sbtest6 WHERE id=8111968
	Index Scan using sbtest6_pkey on sbtest6  (cost=0.43..8.45 rows=1 width=121)
	  Index Cond: (id = 8111968)

table 7 : explain SELECT c FROM sbtest7 WHERE id=5885496
	Index Scan using sbtest7_pkey on sbtest7  (cost=0.43..8.45 rows=1 width=121)
	  Index Cond: (id = 5885496)

table 8 : explain SELECT c FROM sbtest8 WHERE id=8685186
	Index Scan using sbtest8_pkey on sbtest8  (cost=0.43..8.45 rows=1 width=121)
	  Index Cond: (id = 8685186)

for point_selects
table 1 : explain SELECT c FROM sbtest1 WHERE id=2999212
	Index Scan using sbtest1_pkey on sbtest1  (cost=0.43..8.45 rows=1 width=121)
	  Index Cond: (id = 2999212)

table 2 : explain SELECT c FROM sbtest2 WHERE id=3991749
	Index Scan using sbtest2_pkey on sbtest2  (cost=0.43..8.45 rows=1 width=121)
	  Index Cond: (id = 3991749)

table 3 : explain SELECT c FROM sbtest3 WHERE id=5202618
	Index Scan using sbtest3_pkey on sbtest3  (cost=0.43..8.45 rows=1 width=121)
	  Index Cond: (id = 5202618)

table 4 : explain SELECT c FROM sbtest4 WHERE id=5698065
	Index Scan using sbtest4_pkey on sbtest4  (cost=0.43..8.45 rows=1 width=121)
	  Index Cond: (id = 5698065)

table 5 : explain SELECT c FROM sbtest5 WHERE id=1783204
	Index Scan using sbtest5_pkey on sbtest5  (cost=0.43..8.45 rows=1 width=121)
	  Index Cond: (id = 1783204)

table 6 : explain SELECT c FROM sbtest6 WHERE id=5916179
	Index Scan using sbtest6_pkey on sbtest6  (cost=0.43..8.45 rows=1 width=121)
	  Index Cond: (id = 5916179)

table 7 : explain SELECT c FROM sbtest7 WHERE id=2061816
	Index Scan using sbtest7_pkey on sbtest7  (cost=0.43..8.45 rows=1 width=121)
	  Index Cond: (id = 2061816)

table 8 : explain SELECT c FROM sbtest8 WHERE id=784299
	Index Scan using sbtest8_pkey on sbtest8  (cost=0.43..8.45 rows=1 width=121)
	  Index Cond: (id = 784299)

for point_selects
table 1 : explain SELECT c FROM sbtest1 WHERE id=3523150
	Index Scan using sbtest1_pkey on sbtest1  (cost=0.43..8.45 rows=1 width=121)
	  Index Cond: (id = 3523150)

table 2 : explain SELECT c FROM sbtest2 WHERE id=3262718
	Index Scan using sbtest2_pkey on sbtest2  (cost=0.43..8.45 rows=1 width=121)
	  Index Cond: (id = 3262718)

table 3 : explain SELECT c FROM sbtest3 WHERE id=5438322
	Index Scan using sbtest3_pkey on sbtest3  (cost=0.43..8.45 rows=1 width=121)
	  Index Cond: (id = 5438322)

table 4 : explain SELECT c FROM sbtest4 WHERE id=8311366
	Index Scan using sbtest4_pkey on sbtest4  (cost=0.43..8.45 rows=1 width=121)
	  Index Cond: (id = 8311366)

table 5 : explain SELECT c FROM sbtest5 WHERE id=1976124
	Index Scan using sbtest5_pkey on sbtest5  (cost=0.43..8.45 rows=1 width=121)
	  Index Cond: (id = 1976124)

table 6 : explain SELECT c FROM sbtest6 WHERE id=5628513
	Index Scan using sbtest6_pkey on sbtest6  (cost=0.43..8.45 rows=1 width=121)
	  Index Cond: (id = 5628513)

table 7 : explain SELECT c FROM sbtest7 WHERE id=2095347
	Index Scan using sbtest7_pkey on sbtest7  (cost=0.43..8.45 rows=1 width=121)
	  Index Cond: (id = 2095347)

table 8 : explain SELECT c FROM sbtest8 WHERE id=4778272
	Index Scan using sbtest8_pkey on sbtest8  (cost=0.43..8.45 rows=1 width=121)
	  Index Cond: (id = 4778272)

for: distinct_ranges
table 1 : explain SELECT DISTINCT c FROM sbtest1 WHERE id BETWEEN 4184048 AND 4185047 ORDER BY c
	Unique  (cost=4047.72..4052.88 rows=1032 width=121)
	  ->  Sort  (cost=4047.72..4050.30 rows=1032 width=121)
	        Sort Key: c
	        ->  Bitmap Heap Scan on sbtest1  (cost=31.01..3996.06 rows=1032 width=121)
	              Recheck Cond: ((id >= 4184048) AND (id <= 4185047))
	              ->  Bitmap Index Scan on sbtest1_pkey  (cost=0.00..30.75 rows=1032 width=0)
	                    Index Cond: ((id >= 4184048) AND (id <= 4185047))

table 2 : explain SELECT DISTINCT c FROM sbtest2 WHERE id BETWEEN 8615536 AND 8616535 ORDER BY c
	Unique  (cost=3961.91..3966.96 rows=1010 width=121)
	  ->  Sort  (cost=3961.91..3964.44 rows=1010 width=121)
	        Sort Key: c
	        ->  Bitmap Heap Scan on sbtest2  (cost=30.79..3911.51 rows=1010 width=121)
	              Recheck Cond: ((id >= 8615536) AND (id <= 8616535))
	              ->  Bitmap Index Scan on sbtest2_pkey  (cost=0.00..30.54 rows=1010 width=0)
	                    Index Cond: ((id >= 8615536) AND (id <= 8616535))

table 3 : explain SELECT DISTINCT c FROM sbtest3 WHERE id BETWEEN 3402167 AND 3403166 ORDER BY c
	Unique  (cost=3630.70..3635.32 rows=924 width=121)
	  ->  Sort  (cost=3630.70..3633.01 rows=924 width=121)
	        Sort Key: c
	        ->  Bitmap Heap Scan on sbtest3  (cost=29.91..3585.19 rows=924 width=121)
	              Recheck Cond: ((id >= 3402167) AND (id <= 3403166))
	              ->  Bitmap Index Scan on sbtest3_pkey  (cost=0.00..29.68 rows=924 width=0)
	                    Index Cond: ((id >= 3402167) AND (id <= 3403166))

table 4 : explain SELECT DISTINCT c FROM sbtest4 WHERE id BETWEEN 2269830 AND 2270829 ORDER BY c
	Unique  (cost=3797.10..3801.93 rows=967 width=121)
	  ->  Sort  (cost=3797.10..3799.52 rows=967 width=121)
	        Sort Key: c
	        ->  Bitmap Heap Scan on sbtest4  (cost=30.35..3749.15 rows=967 width=121)
	              Recheck Cond: ((id >= 2269830) AND (id <= 2270829))
	              ->  Bitmap Index Scan on sbtest4_pkey  (cost=0.00..30.11 rows=967 width=0)
	                    Index Cond: ((id >= 2269830) AND (id <= 2270829))

table 5 : explain SELECT DISTINCT c FROM sbtest5 WHERE id BETWEEN 6302501 AND 6303500 ORDER BY c
	Unique  (cost=3985.13..3990.21 rows=1016 width=121)
	  ->  Sort  (cost=3985.13..3987.67 rows=1016 width=121)
	        Sort Key: c
	        ->  Bitmap Heap Scan on sbtest5  (cost=30.85..3934.39 rows=1016 width=121)
	              Recheck Cond: ((id >= 6302501) AND (id <= 6303500))
	              ->  Bitmap Index Scan on sbtest5_pkey  (cost=0.00..30.59 rows=1016 width=0)
	                    Index Cond: ((id >= 6302501) AND (id <= 6303500))

table 6 : explain SELECT DISTINCT c FROM sbtest6 WHERE id BETWEEN 1604690 AND 1605689 ORDER BY c
	Unique  (cost=3896.52..3901.49 rows=993 width=121)
	  ->  Sort  (cost=3896.52..3899.01 rows=993 width=121)
	        Sort Key: c
	        ->  Bitmap Heap Scan on sbtest6  (cost=30.61..3847.09 rows=993 width=121)
	              Recheck Cond: ((id >= 1604690) AND (id <= 1605689))
	              ->  Bitmap Index Scan on sbtest6_pkey  (cost=0.00..30.36 rows=993 width=0)
	                    Index Cond: ((id >= 1604690) AND (id <= 1605689))

table 7 : explain SELECT DISTINCT c FROM sbtest7 WHERE id BETWEEN 9745964 AND 9746963 ORDER BY c
	Unique  (cost=3818.07..3822.93 rows=973 width=121)
	  ->  Sort  (cost=3818.07..3820.50 rows=973 width=121)
	        Sort Key: c
	        ->  Bitmap Heap Scan on sbtest7  (cost=30.41..3769.77 rows=973 width=121)
	              Recheck Cond: ((id >= 9745964) AND (id <= 9746963))
	              ->  Bitmap Index Scan on sbtest7_pkey  (cost=0.00..30.16 rows=973 width=0)
	                    Index Cond: ((id >= 9745964) AND (id <= 9746963))

table 8 : explain SELECT DISTINCT c FROM sbtest8 WHERE id BETWEEN 4783634 AND 4784633 ORDER BY c
	Unique  (cost=3885.55..3890.50 rows=990 width=121)
	  ->  Sort  (cost=3885.55..3888.02 rows=990 width=121)
	        Sort Key: c
	        ->  Bitmap Heap Scan on sbtest8  (cost=30.58..3836.29 rows=990 width=121)
	              Recheck Cond: ((id >= 4783634) AND (id <= 4784633))
	              ->  Bitmap Index Scan on sbtest8_pkey  (cost=0.00..30.33 rows=990 width=0)
	                    Index Cond: ((id >= 4783634) AND (id <= 4784633))

explain: for point_selects :: explain SELECT c FROM sbtest%u WHERE id=%u
explain: for point_selects :: explain SELECT c FROM sbtest%u WHERE id=%u
explain: for point_selects :: explain SELECT c FROM sbtest%u WHERE id=%u
for: sum_ranges
table 1 : explain SELECT SUM(k) FROM sbtest1 WHERE id BETWEEN 3794658 AND 3795657
	Aggregate  (cost=3775.76..3775.77 rows=1 width=8)
	  ->  Bitmap Heap Scan on sbtest1  (cost=30.41..3773.33 rows=973 width=4)
	        Recheck Cond: ((id >= 3794658) AND (id <= 3795657))
	        ->  Bitmap Index Scan on sbtest1_pkey  (cost=0.00..30.16 rows=973 width=0)
	              Index Cond: ((id >= 3794658) AND (id <= 3795657))

table 2 : explain SELECT SUM(k) FROM sbtest2 WHERE id BETWEEN 1074708 AND 1075707
	Aggregate  (cost=3951.77..3951.78 rows=1 width=8)
	  ->  Bitmap Heap Scan on sbtest2  (cost=30.89..3949.22 rows=1020 width=4)
	        Recheck Cond: ((id >= 1074708) AND (id <= 1075707))
	        ->  Bitmap Index Scan on sbtest2_pkey  (cost=0.00..30.64 rows=1020 width=0)
	              Index Cond: ((id >= 1074708) AND (id <= 1075707))

table 3 : explain SELECT SUM(k) FROM sbtest3 WHERE id BETWEEN 2842820 AND 2843819
	Aggregate  (cost=3802.92..3802.93 rows=1 width=8)
	  ->  Bitmap Heap Scan on sbtest3  (cost=30.49..3800.47 rows=981 width=4)
	        Recheck Cond: ((id >= 2842820) AND (id <= 2843819))
	        ->  Bitmap Index Scan on sbtest3_pkey  (cost=0.00..30.25 rows=981 width=0)
	              Index Cond: ((id >= 2842820) AND (id <= 2843819))

table 4 : explain SELECT SUM(k) FROM sbtest4 WHERE id BETWEEN 6492307 AND 6493306
	Aggregate  (cost=4324.88..4324.89 rows=1 width=8)
	  ->  Bitmap Heap Scan on sbtest4  (cost=35.89..4322.09 rows=1118 width=4)
	        Recheck Cond: ((id >= 6492307) AND (id <= 6493306))
	        ->  Bitmap Index Scan on sbtest4_pkey  (cost=0.00..35.62 rows=1118 width=0)
	              Index Cond: ((id >= 6492307) AND (id <= 6493306))

table 5 : explain SELECT SUM(k) FROM sbtest5 WHERE id BETWEEN 834132 AND 835131
	Aggregate  (cost=3710.26..3710.27 rows=1 width=8)
	  ->  Bitmap Heap Scan on sbtest5  (cost=30.23..3707.87 rows=956 width=4)
	        Recheck Cond: ((id >= 834132) AND (id <= 835131))
	        ->  Bitmap Index Scan on sbtest5_pkey  (cost=0.00..30.00 rows=956 width=0)
	              Index Cond: ((id >= 834132) AND (id <= 835131))

table 6 : explain SELECT SUM(k) FROM sbtest6 WHERE id BETWEEN 8899682 AND 8900681
	Aggregate  (cost=4211.74..4211.75 rows=1 width=8)
	  ->  Bitmap Heap Scan on sbtest6  (cost=35.59..4209.02 rows=1088 width=4)
	        Recheck Cond: ((id >= 8899682) AND (id <= 8900681))
	        ->  Bitmap Index Scan on sbtest6_pkey  (cost=0.00..35.32 rows=1088 width=0)
	              Index Cond: ((id >= 8899682) AND (id <= 8900681))

table 7 : explain SELECT SUM(k) FROM sbtest7 WHERE id BETWEEN 5883728 AND 5884727
	Aggregate  (cost=3791.08..3791.09 rows=1 width=8)
	  ->  Bitmap Heap Scan on sbtest7  (cost=30.46..3788.64 rows=978 width=4)
	        Recheck Cond: ((id >= 5883728) AND (id <= 5884727))
	        ->  Bitmap Index Scan on sbtest7_pkey  (cost=0.00..30.21 rows=978 width=0)
	              Index Cond: ((id >= 5883728) AND (id <= 5884727))

table 8 : explain SELECT SUM(k) FROM sbtest8 WHERE id BETWEEN 5629415 AND 5630414
	Aggregate  (cost=3936.93..3936.94 rows=1 width=8)
	  ->  Bitmap Heap Scan on sbtest8  (cost=30.85..3934.39 rows=1016 width=4)
	        Recheck Cond: ((id >= 5629415) AND (id <= 5630414))
	        ->  Bitmap Index Scan on sbtest8_pkey  (cost=0.00..30.59 rows=1016 width=0)
	              Index Cond: ((id >= 5629415) AND (id <= 5630414))

for: simple_ranges
table 1 : explain SELECT c FROM sbtest1 WHERE id BETWEEN 1157903 AND 1158902
	Bitmap Heap Scan on sbtest1  (cost=31.15..4045.08 rows=1045 width=121)
	  Recheck Cond: ((id >= 1157903) AND (id <= 1158902))
	  ->  Bitmap Index Scan on sbtest1_pkey  (cost=0.00..30.89 rows=1045 width=0)
	        Index Cond: ((id >= 1157903) AND (id <= 1158902))

table 2 : explain SELECT c FROM sbtest2 WHERE id BETWEEN 6114698 AND 6115697
	Bitmap Heap Scan on sbtest2  (cost=35.28..4096.42 rows=1058 width=121)
	  Recheck Cond: ((id >= 6114698) AND (id <= 6115697))
	  ->  Bitmap Index Scan on sbtest2_pkey  (cost=0.00..35.02 rows=1058 width=0)
	        Index Cond: ((id >= 6114698) AND (id <= 6115697))

table 3 : explain SELECT c FROM sbtest3 WHERE id BETWEEN 8762147 AND 8763146
	Bitmap Heap Scan on sbtest3  (cost=30.29..3724.98 rows=961 width=121)
	  Recheck Cond: ((id >= 8762147) AND (id <= 8763146))
	  ->  Bitmap Index Scan on sbtest3_pkey  (cost=0.00..30.04 rows=961 width=0)
	        Index Cond: ((id >= 8762147) AND (id <= 8763146))

table 4 : explain SELECT c FROM sbtest4 WHERE id BETWEEN 3422812 AND 3423811
	Bitmap Heap Scan on sbtest4  (cost=29.93..3594.17 rows=926 width=121)
	  Recheck Cond: ((id >= 3422812) AND (id <= 3423811))
	  ->  Bitmap Index Scan on sbtest4_pkey  (cost=0.00..29.69 rows=926 width=0)
	        Index Cond: ((id >= 3422812) AND (id <= 3423811))

table 5 : explain SELECT c FROM sbtest5 WHERE id BETWEEN 1622518 AND 1623517
	Bitmap Heap Scan on sbtest5  (cost=30.18..3688.97 rows=951 width=121)
	  Recheck Cond: ((id >= 1622518) AND (id <= 1623517))
	  ->  Bitmap Index Scan on sbtest5_pkey  (cost=0.00..29.94 rows=951 width=0)
	        Index Cond: ((id >= 1622518) AND (id <= 1623517))

table 6 : explain SELECT c FROM sbtest6 WHERE id BETWEEN 3258754 AND 3259753
	Bitmap Heap Scan on sbtest6  (cost=30.58..3835.77 rows=990 width=121)
	  Recheck Cond: ((id >= 3258754) AND (id <= 3259753))
	  ->  Bitmap Index Scan on sbtest6_pkey  (cost=0.00..30.33 rows=990 width=0)
	        Index Cond: ((id >= 3258754) AND (id <= 3259753))

table 7 : explain SELECT c FROM sbtest7 WHERE id BETWEEN 3912293 AND 3913292
	Bitmap Heap Scan on sbtest7  (cost=30.40..3766.00 rows=972 width=121)
	  Recheck Cond: ((id >= 3912293) AND (id <= 3913292))
	  ->  Bitmap Index Scan on sbtest7_pkey  (cost=0.00..30.15 rows=972 width=0)
	        Index Cond: ((id >= 3912293) AND (id <= 3913292))

table 8 : explain SELECT c FROM sbtest8 WHERE id BETWEEN 7602737 AND 7603736
	Bitmap Heap Scan on sbtest8  (cost=30.31..3734.32 rows=963 width=121)
	  Recheck Cond: ((id >= 7602737) AND (id <= 7603736))
	  ->  Bitmap Index Scan on sbtest8_pkey  (cost=0.00..30.07 rows=963 width=0)
	        Index Cond: ((id >= 7602737) AND (id <= 7603736))

for: sum_ranges
table 1 : explain SELECT SUM(k) FROM sbtest1 WHERE id BETWEEN 7321323 AND 7322322
	Aggregate  (cost=3715.24..3715.25 rows=1 width=8)
	  ->  Bitmap Heap Scan on sbtest1  (cost=30.24..3712.85 rows=957 width=4)
	        Recheck Cond: ((id >= 7321323) AND (id <= 7322322))
	        ->  Bitmap Index Scan on sbtest1_pkey  (cost=0.00..30.00 rows=957 width=0)
	              Index Cond: ((id >= 7321323) AND (id <= 7322322))

table 2 : explain SELECT SUM(k) FROM sbtest2 WHERE id BETWEEN 2468031 AND 2469030
	Aggregate  (cost=3812.08..3812.09 rows=1 width=8)
	  ->  Bitmap Heap Scan on sbtest2  (cost=30.51..3809.62 rows=983 width=4)
	        Recheck Cond: ((id >= 2468031) AND (id <= 2469030))
	        ->  Bitmap Index Scan on sbtest2_pkey  (cost=0.00..30.26 rows=983 width=0)
	              Index Cond: ((id >= 2468031) AND (id <= 2469030))

table 3 : explain SELECT SUM(k) FROM sbtest3 WHERE id BETWEEN 9540369 AND 9541368
	Aggregate  (cost=3912.36..3912.37 rows=1 width=8)
	  ->  Bitmap Heap Scan on sbtest3  (cost=30.79..3909.83 rows=1010 width=4)
	        Recheck Cond: ((id >= 9540369) AND (id <= 9541368))
	        ->  Bitmap Index Scan on sbtest3_pkey  (cost=0.00..30.54 rows=1010 width=0)
	              Index Cond: ((id >= 9540369) AND (id <= 9541368))

table 4 : explain SELECT SUM(k) FROM sbtest4 WHERE id BETWEEN 2018406 AND 2019405
	Aggregate  (cost=3910.20..3910.21 rows=1 width=8)
	  ->  Bitmap Heap Scan on sbtest4  (cost=30.78..3907.68 rows=1009 width=4)
	        Recheck Cond: ((id >= 2018406) AND (id <= 2019405))
	        ->  Bitmap Index Scan on sbtest4_pkey  (cost=0.00..30.52 rows=1009 width=0)
	              Index Cond: ((id >= 2018406) AND (id <= 2019405))

table 5 : explain SELECT SUM(k) FROM sbtest5 WHERE id BETWEEN 571275 AND 572274
	Aggregate  (cost=3539.96..3539.97 rows=1 width=8)
	  ->  Bitmap Heap Scan on sbtest5  (cost=29.77..3537.68 rows=911 width=4)
	        Recheck Cond: ((id >= 571275) AND (id <= 572274))
	        ->  Bitmap Index Scan on sbtest5_pkey  (cost=0.00..29.54 rows=911 width=0)
	              Index Cond: ((id >= 571275) AND (id <= 572274))

table 6 : explain SELECT SUM(k) FROM sbtest6 WHERE id BETWEEN 744231 AND 745230
	Aggregate  (cost=4253.14..4253.15 rows=1 width=8)
	  ->  Bitmap Heap Scan on sbtest6  (cost=35.70..4250.40 rows=1099 width=4)
	        Recheck Cond: ((id >= 744231) AND (id <= 745230))
	        ->  Bitmap Index Scan on sbtest6_pkey  (cost=0.00..35.43 rows=1099 width=0)
	              Index Cond: ((id >= 744231) AND (id <= 745230))

table 7 : explain SELECT SUM(k) FROM sbtest7 WHERE id BETWEEN 5532059 AND 5533058
	Aggregate  (cost=4006.06..4006.07 rows=1 width=8)
	  ->  Bitmap Heap Scan on sbtest7  (cost=31.04..4003.48 rows=1035 width=4)
	        Recheck Cond: ((id >= 5532059) AND (id <= 5533058))
	        ->  Bitmap Index Scan on sbtest7_pkey  (cost=0.00..30.79 rows=1035 width=0)
	              Index Cond: ((id >= 5532059) AND (id <= 5533058))

table 8 : explain SELECT SUM(k) FROM sbtest8 WHERE id BETWEEN 4186740 AND 4187739
	Aggregate  (cost=3963.35..3963.36 rows=1 width=8)
	  ->  Bitmap Heap Scan on sbtest8  (cost=30.92..3960.79 rows=1023 width=4)
	        Recheck Cond: ((id >= 4186740) AND (id <= 4187739))
	        ->  Bitmap Index Scan on sbtest8_pkey  (cost=0.00..30.66 rows=1023 width=0)
	              Index Cond: ((id >= 4186740) AND (id <= 4187739))

for: simple_ranges
table 1 : explain SELECT c FROM sbtest1 WHERE id BETWEEN 9184781 AND 9185780
	Bitmap Heap Scan on sbtest1  (cost=35.44..4158.36 rows=1074 width=121)
	  Recheck Cond: ((id >= 9184781) AND (id <= 9185780))
	  ->  Bitmap Index Scan on sbtest1_pkey  (cost=0.00..35.18 rows=1074 width=0)
	        Index Cond: ((id >= 9184781) AND (id <= 9185780))

table 2 : explain SELECT c FROM sbtest2 WHERE id BETWEEN 4778817 AND 4779816
	Bitmap Heap Scan on sbtest2  (cost=30.95..3971.85 rows=1026 width=121)
	  Recheck Cond: ((id >= 4778817) AND (id <= 4779816))
	  ->  Bitmap Index Scan on sbtest2_pkey  (cost=0.00..30.69 rows=1026 width=0)
	        Index Cond: ((id >= 4778817) AND (id <= 4779816))

table 3 : explain SELECT c FROM sbtest3 WHERE id BETWEEN 9060092 AND 9061091
	Bitmap Heap Scan on sbtest3  (cost=30.51..3808.01 rows=983 width=121)
	  Recheck Cond: ((id >= 9060092) AND (id <= 9061091))
	  ->  Bitmap Index Scan on sbtest3_pkey  (cost=0.00..30.26 rows=983 width=0)
	        Index Cond: ((id >= 9060092) AND (id <= 9061091))

table 4 : explain SELECT c FROM sbtest4 WHERE id BETWEEN 7224806 AND 7225805
	Bitmap Heap Scan on sbtest4  (cost=30.36..3752.92 rows=968 width=121)
	  Recheck Cond: ((id >= 7224806) AND (id <= 7225805))
	  ->  Bitmap Index Scan on sbtest4_pkey  (cost=0.00..30.11 rows=968 width=0)
	        Index Cond: ((id >= 7224806) AND (id <= 7225805))

table 5 : explain SELECT c FROM sbtest5 WHERE id BETWEEN 3311190 AND 3312189
	Bitmap Heap Scan on sbtest5  (cost=30.39..3764.54 rows=971 width=121)
	  Recheck Cond: ((id >= 3311190) AND (id <= 3312189))
	  ->  Bitmap Index Scan on sbtest5_pkey  (cost=0.00..30.14 rows=971 width=0)
	        Index Cond: ((id >= 3311190) AND (id <= 3312189))

table 6 : explain SELECT c FROM sbtest6 WHERE id BETWEEN 9477725 AND 9478724
	Bitmap Heap Scan on sbtest6  (cost=35.29..4099.88 rows=1059 width=121)
	  Recheck Cond: ((id >= 9477725) AND (id <= 9478724))
	  ->  Bitmap Index Scan on sbtest6_pkey  (cost=0.00..35.03 rows=1059 width=0)
	        Index Cond: ((id >= 9477725) AND (id <= 9478724))

table 7 : explain SELECT c FROM sbtest7 WHERE id BETWEEN 4124599 AND 4125598
	Bitmap Heap Scan on sbtest7  (cost=30.63..3852.76 rows=995 width=121)
	  Recheck Cond: ((id >= 4124599) AND (id <= 4125598))
	  ->  Bitmap Index Scan on sbtest7_pkey  (cost=0.00..30.39 rows=995 width=0)
	        Index Cond: ((id >= 4124599) AND (id <= 4125598))

table 8 : explain SELECT c FROM sbtest8 WHERE id BETWEEN 8443686 AND 8444685
	Bitmap Heap Scan on sbtest8  (cost=30.40..3768.32 rows=972 width=121)
	  Recheck Cond: ((id >= 8443686) AND (id <= 8444685))
	  ->  Bitmap Index Scan on sbtest8_pkey  (cost=0.00..30.15 rows=972 width=0)
	        Index Cond: ((id >= 8443686) AND (id <= 8444685))

for: simple_ranges
table 1 : explain SELECT c FROM sbtest1 WHERE id BETWEEN 8061797 AND 8062796
	Bitmap Heap Scan on sbtest1  (cost=30.74..3894.19 rows=1005 width=121)
	  Recheck Cond: ((id >= 8061797) AND (id <= 8062796))
	  ->  Bitmap Index Scan on sbtest1_pkey  (cost=0.00..30.48 rows=1005 width=0)
	        Index Cond: ((id >= 8061797) AND (id <= 8062796))

table 2 : explain SELECT c FROM sbtest2 WHERE id BETWEEN 5894601 AND 5895600
	Bitmap Heap Scan on sbtest2  (cost=31.03..4002.00 rows=1034 width=121)
	  Recheck Cond: ((id >= 5894601) AND (id <= 5895600))
	  ->  Bitmap Index Scan on sbtest2_pkey  (cost=0.00..30.77 rows=1034 width=0)
	        Index Cond: ((id >= 5894601) AND (id <= 5895600))

table 3 : explain SELECT c FROM sbtest3 WHERE id BETWEEN 2792042 AND 2793041
	Bitmap Heap Scan on sbtest3  (cost=30.48..3796.69 rows=980 width=121)
	  Recheck Cond: ((id >= 2792042) AND (id <= 2793041))
	  ->  Bitmap Index Scan on sbtest3_pkey  (cost=0.00..30.23 rows=980 width=0)
	        Index Cond: ((id >= 2792042) AND (id <= 2793041))

table 4 : explain SELECT c FROM sbtest4 WHERE id BETWEEN 8217282 AND 8218281
	Bitmap Heap Scan on sbtest4  (cost=30.83..3926.54 rows=1014 width=121)
	  Recheck Cond: ((id >= 8217282) AND (id <= 8218281))
	  ->  Bitmap Index Scan on sbtest4_pkey  (cost=0.00..30.57 rows=1014 width=0)
	        Index Cond: ((id >= 8217282) AND (id <= 8218281))

table 5 : explain SELECT c FROM sbtest5 WHERE id BETWEEN 6685321 AND 6686320
	Bitmap Heap Scan on sbtest5  (cost=31.11..4028.64 rows=1041 width=121)
	  Recheck Cond: ((id >= 6685321) AND (id <= 6686320))
	  ->  Bitmap Index Scan on sbtest5_pkey  (cost=0.00..30.84 rows=1041 width=0)
	        Index Cond: ((id >= 6685321) AND (id <= 6686320))

table 6 : explain SELECT c FROM sbtest6 WHERE id BETWEEN 7966439 AND 7967438
	Bitmap Heap Scan on sbtest6  (cost=31.04..4005.47 rows=1035 width=121)
	  Recheck Cond: ((id >= 7966439) AND (id <= 7967438))
	  ->  Bitmap Index Scan on sbtest6_pkey  (cost=0.00..30.79 rows=1035 width=0)
	        Index Cond: ((id >= 7966439) AND (id <= 7967438))

table 7 : explain SELECT c FROM sbtest7 WHERE id BETWEEN 9282042 AND 9283041
	Bitmap Heap Scan on sbtest7  (cost=30.23..3705.61 rows=956 width=121)
	  Recheck Cond: ((id >= 9282042) AND (id <= 9283041))
	  ->  Bitmap Index Scan on sbtest7_pkey  (cost=0.00..30.00 rows=956 width=0)
	        Index Cond: ((id >= 9282042) AND (id <= 9283041))

table 8 : explain SELECT c FROM sbtest8 WHERE id BETWEEN 8359440 AND 8360439
	Bitmap Heap Scan on sbtest8  (cost=30.50..3806.09 rows=982 width=121)
	  Recheck Cond: ((id >= 8359440) AND (id <= 8360439))
	  ->  Bitmap Index Scan on sbtest8_pkey  (cost=0.00..30.25 rows=982 width=0)
	        Index Cond: ((id >= 8359440) AND (id <= 8360439))

for point_selects
table 1 : explain SELECT c FROM sbtest1 WHERE id=2487769
	Index Scan using sbtest1_pkey on sbtest1  (cost=0.43..8.45 rows=1 width=121)
	  Index Cond: (id = 2487769)

table 2 : explain SELECT c FROM sbtest2 WHERE id=4980959
	Index Scan using sbtest2_pkey on sbtest2  (cost=0.43..8.45 rows=1 width=121)
	  Index Cond: (id = 4980959)

table 3 : explain SELECT c FROM sbtest3 WHERE id=1224361
	Index Scan using sbtest3_pkey on sbtest3  (cost=0.43..8.45 rows=1 width=121)
	  Index Cond: (id = 1224361)

table 4 : explain SELECT c FROM sbtest4 WHERE id=7102138
	Index Scan using sbtest4_pkey on sbtest4  (cost=0.43..8.45 rows=1 width=121)
	  Index Cond: (id = 7102138)

table 5 : explain SELECT c FROM sbtest5 WHERE id=4077447
	Index Scan using sbtest5_pkey on sbtest5  (cost=0.43..8.45 rows=1 width=121)
	  Index Cond: (id = 4077447)

table 6 : explain SELECT c FROM sbtest6 WHERE id=6098806
	Index Scan using sbtest6_pkey on sbtest6  (cost=0.43..8.45 rows=1 width=121)
	  Index Cond: (id = 6098806)

table 7 : explain SELECT c FROM sbtest7 WHERE id=2463251
	Index Scan using sbtest7_pkey on sbtest7  (cost=0.43..8.45 rows=1 width=121)
	  Index Cond: (id = 2463251)

table 8 : explain SELECT c FROM sbtest8 WHERE id=8157721
	Index Scan using sbtest8_pkey on sbtest8  (cost=0.43..8.45 rows=1 width=121)
	  Index Cond: (id = 8157721)

for: order_ranges
table 1 : explain SELECT c FROM sbtest1 WHERE id BETWEEN 8078404 AND 8079403 ORDER BY c
	Sort  (cost=3944.30..3946.81 rows=1005 width=121)
	  Sort Key: c
	  ->  Bitmap Heap Scan on sbtest1  (cost=30.74..3894.19 rows=1005 width=121)
	        Recheck Cond: ((id >= 8078404) AND (id <= 8079403))
	        ->  Bitmap Index Scan on sbtest1_pkey  (cost=0.00..30.48 rows=1005 width=0)
	              Index Cond: ((id >= 8078404) AND (id <= 8079403))

table 2 : explain SELECT c FROM sbtest2 WHERE id BETWEEN 635889 AND 636888 ORDER BY c
	Sort  (cost=4275.68..4278.40 rows=1091 width=121)
	  Sort Key: c
	  ->  Bitmap Heap Scan on sbtest2  (cost=35.62..4220.63 rows=1091 width=121)
	        Recheck Cond: ((id >= 635889) AND (id <= 636888))
	        ->  Bitmap Index Scan on sbtest2_pkey  (cost=0.00..35.34 rows=1091 width=0)
	              Index Cond: ((id >= 635889) AND (id <= 636888))

table 3 : explain SELECT c FROM sbtest3 WHERE id BETWEEN 369877 AND 370876 ORDER BY c
	Sort  (cost=3565.46..3567.72 rows=907 width=121)
	  Sort Key: c
	  ->  Bitmap Heap Scan on sbtest3  (cost=29.73..3520.90 rows=907 width=121)
	        Recheck Cond: ((id >= 369877) AND (id <= 370876))
	        ->  Bitmap Index Scan on sbtest3_pkey  (cost=0.00..29.50 rows=907 width=0)
	              Index Cond: ((id >= 369877) AND (id <= 370876))

table 4 : explain SELECT c FROM sbtest4 WHERE id BETWEEN 1651850 AND 1652849 ORDER BY c
	Sort  (cost=4000.14..4002.69 rows=1020 width=121)
	  Sort Key: c
	  ->  Bitmap Heap Scan on sbtest4  (cost=30.89..3949.16 rows=1020 width=121)
	        Recheck Cond: ((id >= 1651850) AND (id <= 1652849))
	        ->  Bitmap Index Scan on sbtest4_pkey  (cost=0.00..30.64 rows=1020 width=0)
	              Index Cond: ((id >= 1651850) AND (id <= 1652849))

table 5 : explain SELECT c FROM sbtest5 WHERE id BETWEEN 6712551 AND 6713550 ORDER BY c
	Sort  (cost=3908.53..3911.02 rows=996 width=121)
	  Sort Key: c
	  ->  Bitmap Heap Scan on sbtest5  (cost=30.64..3858.93 rows=996 width=121)
	        Recheck Cond: ((id >= 6712551) AND (id <= 6713550))
	        ->  Bitmap Index Scan on sbtest5_pkey  (cost=0.00..30.39 rows=996 width=0)
	              Index Cond: ((id >= 6712551) AND (id <= 6713550))

table 6 : explain SELECT c FROM sbtest6 WHERE id BETWEEN 43086 AND 44085 ORDER BY c
	Sort  (cost=3885.03..3887.51 rows=990 width=121)
	  Sort Key: c
	  ->  Bitmap Heap Scan on sbtest6  (cost=30.58..3835.77 rows=990 width=121)
	        Recheck Cond: ((id >= 43086) AND (id <= 44085))
	        ->  Bitmap Index Scan on sbtest6_pkey  (cost=0.00..30.33 rows=990 width=0)
	              Index Cond: ((id >= 43086) AND (id <= 44085))

table 7 : explain SELECT c FROM sbtest7 WHERE id BETWEEN 1960620 AND 1961619 ORDER BY c
	Sort  (cost=3810.40..3812.83 rows=971 width=121)
	  Sort Key: c
	  ->  Bitmap Heap Scan on sbtest7  (cost=30.39..3762.23 rows=971 width=121)
	        Recheck Cond: ((id >= 1960620) AND (id <= 1961619))
	        ->  Bitmap Index Scan on sbtest7_pkey  (cost=0.00..30.14 rows=971 width=0)
	              Index Cond: ((id >= 1960620) AND (id <= 1961619))

table 8 : explain SELECT c FROM sbtest8 WHERE id BETWEEN 9141130 AND 9142129 ORDER BY c
	Sort  (cost=3874.05..3876.52 rows=987 width=121)
	  Sort Key: c
	  ->  Bitmap Heap Scan on sbtest8  (cost=30.55..3824.97 rows=987 width=121)
	        Recheck Cond: ((id >= 9141130) AND (id <= 9142129))
	        ->  Bitmap Index Scan on sbtest8_pkey  (cost=0.00..30.30 rows=987 width=0)
	              Index Cond: ((id >= 9141130) AND (id <= 9142129))

for: order_ranges
table 1 : explain SELECT c FROM sbtest1 WHERE id BETWEEN 3871349 AND 3872348 ORDER BY c
	Sort  (cost=3821.62..3824.05 rows=973 width=121)
	  Sort Key: c
	  ->  Bitmap Heap Scan on sbtest1  (cost=30.41..3773.33 rows=973 width=121)
	        Recheck Cond: ((id >= 3871349) AND (id <= 3872348))
	        ->  Bitmap Index Scan on sbtest1_pkey  (cost=0.00..30.16 rows=973 width=0)
	              Index Cond: ((id >= 3871349) AND (id <= 3872348))

table 2 : explain SELECT c FROM sbtest2 WHERE id BETWEEN 6214722 AND 6215721 ORDER BY c
	Sort  (cost=4229.83..4232.53 rows=1079 width=121)
	  Sort Key: c
	  ->  Bitmap Heap Scan on sbtest2  (cost=35.49..4175.48 rows=1079 width=121)
	        Recheck Cond: ((id >= 6214722) AND (id <= 6215721))
	        ->  Bitmap Index Scan on sbtest2_pkey  (cost=0.00..35.23 rows=1079 width=0)
	              Index Cond: ((id >= 6214722) AND (id <= 6215721))

table 3 : explain SELECT c FROM sbtest3 WHERE id BETWEEN 6130142 AND 6131141 ORDER BY c
	Sort  (cost=4147.59..4150.24 rows=1059 width=121)
	  Sort Key: c
	  ->  Bitmap Heap Scan on sbtest3  (cost=31.29..4094.38 rows=1059 width=121)
	        Recheck Cond: ((id >= 6130142) AND (id <= 6131141))
	        ->  Bitmap Index Scan on sbtest3_pkey  (cost=0.00..31.02 rows=1059 width=0)
	              Index Cond: ((id >= 6130142) AND (id <= 6131141))

table 4 : explain SELECT c FROM sbtest4 WHERE id BETWEEN 301205 AND 302204 ORDER BY c
	Sort  (cost=3762.59..3764.98 rows=958 width=121)
	  Sort Key: c
	  ->  Bitmap Heap Scan on sbtest4  (cost=30.25..3715.15 rows=958 width=121)
	        Recheck Cond: ((id >= 301205) AND (id <= 302204))
	        ->  Bitmap Index Scan on sbtest4_pkey  (cost=0.00..30.01 rows=958 width=0)
	              Index Cond: ((id >= 301205) AND (id <= 302204))

table 5 : explain SELECT c FROM sbtest5 WHERE id BETWEEN 9757313 AND 9758312 ORDER BY c
	Sort  (cost=3720.67..3723.04 rows=947 width=121)
	  Sort Key: c
	  ->  Bitmap Heap Scan on sbtest5  (cost=30.14..3673.85 rows=947 width=121)
	        Recheck Cond: ((id >= 9757313) AND (id <= 9758312))
	        ->  Bitmap Index Scan on sbtest5_pkey  (cost=0.00..29.90 rows=947 width=0)
	              Index Cond: ((id >= 9757313) AND (id <= 9758312))

table 6 : explain SELECT c FROM sbtest6 WHERE id BETWEEN 5465109 AND 5466108 ORDER BY c
	Sort  (cost=3497.48..3499.71 rows=889 width=121)
	  Sort Key: c
	  ->  Bitmap Heap Scan on sbtest6  (cost=29.55..3453.94 rows=889 width=121)
	        Recheck Cond: ((id >= 5465109) AND (id <= 5466108))
	        ->  Bitmap Index Scan on sbtest6_pkey  (cost=0.00..29.32 rows=889 width=0)
	              Index Cond: ((id >= 5465109) AND (id <= 5466108))

table 7 : explain SELECT c FROM sbtest7 WHERE id BETWEEN 9377429 AND 9378428 ORDER BY c
	Sort  (cost=4105.17..4107.79 rows=1047 width=121)
	  Sort Key: c
	  ->  Bitmap Heap Scan on sbtest7  (cost=35.17..4052.65 rows=1047 width=121)
	        Recheck Cond: ((id >= 9377429) AND (id <= 9378428))
	        ->  Bitmap Index Scan on sbtest7_pkey  (cost=0.00..34.91 rows=1047 width=0)
	              Index Cond: ((id >= 9377429) AND (id <= 9378428))

table 8 : explain SELECT c FROM sbtest8 WHERE id BETWEEN 8984725 AND 8985724 ORDER BY c
	Sort  (cost=3851.06..3853.51 rows=981 width=121)
	  Sort Key: c
	  ->  Bitmap Heap Scan on sbtest8  (cost=30.49..3802.31 rows=981 width=121)
	        Recheck Cond: ((id >= 8984725) AND (id <= 8985724))
	        ->  Bitmap Index Scan on sbtest8_pkey  (cost=0.00..30.25 rows=981 width=0)
	              Index Cond: ((id >= 8984725) AND (id <= 8985724))

for: sum_ranges
table 1 : explain SELECT SUM(k) FROM sbtest1 WHERE id BETWEEN 4518352 AND 4519351
	Aggregate  (cost=3870.26..3870.27 rows=1 width=8)
	  ->  Bitmap Heap Scan on sbtest1  (cost=30.66..3867.76 rows=998 width=4)
	        Recheck Cond: ((id >= 4518352) AND (id <= 4519351))
	        ->  Bitmap Index Scan on sbtest1_pkey  (cost=0.00..30.41 rows=998 width=0)
	              Index Cond: ((id >= 4518352) AND (id <= 4519351))

table 2 : explain SELECT SUM(k) FROM sbtest2 WHERE id BETWEEN 8803040 AND 8804039
	Aggregate  (cost=3660.87..3660.88 rows=1 width=8)
	  ->  Bitmap Heap Scan on sbtest2  (cost=30.10..3658.51 rows=943 width=4)
	        Recheck Cond: ((id >= 8803040) AND (id <= 8804039))
	        ->  Bitmap Index Scan on sbtest2_pkey  (cost=0.00..29.86 rows=943 width=0)
	              Index Cond: ((id >= 8803040) AND (id <= 8804039))

table 3 : explain SELECT SUM(k) FROM sbtest3 WHERE id BETWEEN 1031750 AND 1032749
	Aggregate  (cost=3538.31..3538.32 rows=1 width=8)
	  ->  Bitmap Heap Scan on sbtest3  (cost=29.77..3536.03 rows=911 width=4)
	        Recheck Cond: ((id >= 1031750) AND (id <= 1032749))
	        ->  Bitmap Index Scan on sbtest3_pkey  (cost=0.00..29.54 rows=911 width=0)
	              Index Cond: ((id >= 1031750) AND (id <= 1032749))

table 4 : explain SELECT SUM(k) FROM sbtest4 WHERE id BETWEEN 3264775 AND 3265774
	Aggregate  (cost=3823.36..3823.37 rows=1 width=8)
	  ->  Bitmap Heap Scan on sbtest4  (cost=30.54..3820.89 rows=986 width=4)
	        Recheck Cond: ((id >= 3264775) AND (id <= 3265774))
	        ->  Bitmap Index Scan on sbtest4_pkey  (cost=0.00..30.29 rows=986 width=0)
	              Index Cond: ((id >= 3264775) AND (id <= 3265774))

table 5 : explain SELECT SUM(k) FROM sbtest5 WHERE id BETWEEN 5997013 AND 5998012
	Aggregate  (cost=3868.97..3868.98 rows=1 width=8)
	  ->  Bitmap Heap Scan on sbtest5  (cost=30.66..3866.48 rows=998 width=4)
	        Recheck Cond: ((id >= 5997013) AND (id <= 5998012))
	        ->  Bitmap Index Scan on sbtest5_pkey  (cost=0.00..30.41 rows=998 width=0)
	              Index Cond: ((id >= 5997013) AND (id <= 5998012))

table 6 : explain SELECT SUM(k) FROM sbtest6 WHERE id BETWEEN 6466357 AND 6467356
	Aggregate  (cost=3736.24..3736.25 rows=1 width=8)
	  ->  Bitmap Heap Scan on sbtest6  (cost=30.31..3733.83 rows=963 width=4)
	        Recheck Cond: ((id >= 6466357) AND (id <= 6467356))
	        ->  Bitmap Index Scan on sbtest6_pkey  (cost=0.00..30.07 rows=963 width=0)
	              Index Cond: ((id >= 6466357) AND (id <= 6467356))

table 7 : explain SELECT SUM(k) FROM sbtest7 WHERE id BETWEEN 3710351 AND 3711350
	Aggregate  (cost=4130.57..4130.58 rows=1 width=8)
	  ->  Bitmap Heap Scan on sbtest7  (cost=35.37..4127.91 rows=1067 width=4)
	        Recheck Cond: ((id >= 3710351) AND (id <= 3711350))
	        ->  Bitmap Index Scan on sbtest7_pkey  (cost=0.00..35.11 rows=1067 width=0)
	              Index Cond: ((id >= 3710351) AND (id <= 3711350))

table 8 : explain SELECT SUM(k) FROM sbtest8 WHERE id BETWEEN 7534972 AND 7535971
	Aggregate  (cost=4280.09..4280.10 rows=1 width=8)
	  ->  Bitmap Heap Scan on sbtest8  (cost=35.77..4277.33 rows=1106 width=4)
	        Recheck Cond: ((id >= 7534972) AND (id <= 7535971))
	        ->  Bitmap Index Scan on sbtest8_pkey  (cost=0.00..35.50 rows=1106 width=0)
	              Index Cond: ((id >= 7534972) AND (id <= 7535971))

for point_selects
table 1 : explain SELECT c FROM sbtest1 WHERE id=2926480
	Index Scan using sbtest1_pkey on sbtest1  (cost=0.43..8.45 rows=1 width=121)
	  Index Cond: (id = 2926480)

table 2 : explain SELECT c FROM sbtest2 WHERE id=2344804
	Index Scan using sbtest2_pkey on sbtest2  (cost=0.43..8.45 rows=1 width=121)
	  Index Cond: (id = 2344804)

table 3 : explain SELECT c FROM sbtest3 WHERE id=3185991
	Index Scan using sbtest3_pkey on sbtest3  (cost=0.43..8.45 rows=1 width=121)
	  Index Cond: (id = 3185991)

table 4 : explain SELECT c FROM sbtest4 WHERE id=8707754
	Index Scan using sbtest4_pkey on sbtest4  (cost=0.43..8.45 rows=1 width=121)
	  Index Cond: (id = 8707754)

table 5 : explain SELECT c FROM sbtest5 WHERE id=5062944
	Index Scan using sbtest5_pkey on sbtest5  (cost=0.43..8.45 rows=1 width=121)
	  Index Cond: (id = 5062944)

table 6 : explain SELECT c FROM sbtest6 WHERE id=5780311
	Index Scan using sbtest6_pkey on sbtest6  (cost=0.43..8.45 rows=1 width=121)
	  Index Cond: (id = 5780311)

table 7 : explain SELECT c FROM sbtest7 WHERE id=8296438
	Index Scan using sbtest7_pkey on sbtest7  (cost=0.43..8.45 rows=1 width=121)
	  Index Cond: (id = 8296438)

table 8 : explain SELECT c FROM sbtest8 WHERE id=8996523
	Index Scan using sbtest8_pkey on sbtest8  (cost=0.43..8.45 rows=1 width=121)
	  Index Cond: (id = 8996523)

for: sum_ranges
table 1 : explain SELECT SUM(k) FROM sbtest1 WHERE id BETWEEN 8668365 AND 8669364
	Aggregate  (cost=3753.07..3753.08 rows=1 width=8)
	  ->  Bitmap Heap Scan on sbtest1  (cost=30.35..3750.65 rows=967 width=4)
	        Recheck Cond: ((id >= 8668365) AND (id <= 8669364))
	        ->  Bitmap Index Scan on sbtest1_pkey  (cost=0.00..30.11 rows=967 width=0)
	              Index Cond: ((id >= 8668365) AND (id <= 8669364))

table 2 : explain SELECT SUM(k) FROM sbtest2 WHERE id BETWEEN 3074860 AND 3075859
	Aggregate  (cost=3762.96..3762.97 rows=1 width=8)
	  ->  Bitmap Heap Scan on sbtest2  (cost=30.38..3760.53 rows=970 width=4)
	        Recheck Cond: ((id >= 3074860) AND (id <= 3075859))
	        ->  Bitmap Index Scan on sbtest2_pkey  (cost=0.00..30.14 rows=970 width=0)
	              Index Cond: ((id >= 3074860) AND (id <= 3075859))

table 3 : explain SELECT SUM(k) FROM sbtest3 WHERE id BETWEEN 9458445 AND 9459444
	Aggregate  (cost=3549.66..3549.67 rows=1 width=8)
	  ->  Bitmap Heap Scan on sbtest3  (cost=29.80..3547.38 rows=914 width=4)
	        Recheck Cond: ((id >= 9458445) AND (id <= 9459444))
	        ->  Bitmap Index Scan on sbtest3_pkey  (cost=0.00..29.57 rows=914 width=0)
	              Index Cond: ((id >= 9458445) AND (id <= 9459444))

table 4 : explain SELECT SUM(k) FROM sbtest4 WHERE id BETWEEN 6104297 AND 6105296
	Aggregate  (cost=3388.11..3388.12 rows=1 width=8)
	  ->  Bitmap Heap Scan on sbtest4  (cost=29.36..3385.93 rows=871 width=4)
	        Recheck Cond: ((id >= 6104297) AND (id <= 6105296))
	        ->  Bitmap Index Scan on sbtest4_pkey  (cost=0.00..29.14 rows=871 width=0)
	              Index Cond: ((id >= 6104297) AND (id <= 6105296))

table 5 : explain SELECT SUM(k) FROM sbtest5 WHERE id BETWEEN 9935418 AND 9936417
	Aggregate  (cost=3517.23..3517.24 rows=1 width=8)
	  ->  Bitmap Heap Scan on sbtest5  (cost=29.71..3514.97 rows=905 width=4)
	        Recheck Cond: ((id >= 9935418) AND (id <= 9936417))
	        ->  Bitmap Index Scan on sbtest5_pkey  (cost=0.00..29.48 rows=905 width=0)
	              Index Cond: ((id >= 9935418) AND (id <= 9936417))

table 6 : explain SELECT SUM(k) FROM sbtest6 WHERE id BETWEEN 245448 AND 246447
	Aggregate  (cost=4151.50..4151.51 rows=1 width=8)
	  ->  Bitmap Heap Scan on sbtest6  (cost=35.42..4148.82 rows=1072 width=4)
	        Recheck Cond: ((id >= 245448) AND (id <= 246447))
	        ->  Bitmap Index Scan on sbtest6_pkey  (cost=0.00..35.16 rows=1072 width=0)
	              Index Cond: ((id >= 245448) AND (id <= 246447))

table 7 : explain SELECT SUM(k) FROM sbtest7 WHERE id BETWEEN 9436232 AND 9437231
	Aggregate  (cost=4175.73..4175.74 rows=1 width=8)
	  ->  Bitmap Heap Scan on sbtest7  (cost=35.49..4173.03 rows=1079 width=4)
	        Recheck Cond: ((id >= 9436232) AND (id <= 9437231))
	        ->  Bitmap Index Scan on sbtest7_pkey  (cost=0.00..35.23 rows=1079 width=0)
	              Index Cond: ((id >= 9436232) AND (id <= 9437231))

table 8 : explain SELECT SUM(k) FROM sbtest8 WHERE id BETWEEN 4052214 AND 4053213
	Aggregate  (cost=3963.35..3963.36 rows=1 width=8)
	  ->  Bitmap Heap Scan on sbtest8  (cost=30.92..3960.79 rows=1023 width=4)
	        Recheck Cond: ((id >= 4052214) AND (id <= 4053213))
	        ->  Bitmap Index Scan on sbtest8_pkey  (cost=0.00..30.66 rows=1023 width=0)
	              Index Cond: ((id >= 4052214) AND (id <= 4053213))

for: sum_ranges
table 1 : explain SELECT SUM(k) FROM sbtest1 WHERE id BETWEEN 6831807 AND 6832806
	Aggregate  (cost=3450.09..3450.10 rows=1 width=8)
	  ->  Bitmap Heap Scan on sbtest1  (cost=29.53..3447.87 rows=887 width=4)
	        Recheck Cond: ((id >= 6831807) AND (id <= 6832806))
	        ->  Bitmap Index Scan on sbtest1_pkey  (cost=0.00..29.30 rows=887 width=0)
	              Index Cond: ((id >= 6831807) AND (id <= 6832806))

table 2 : explain SELECT SUM(k) FROM sbtest2 WHERE id BETWEEN 9776610 AND 9777609
	Aggregate  (cost=4264.76..4264.77 rows=1 width=8)
	  ->  Bitmap Heap Scan on sbtest2  (cost=35.73..4262.00 rows=1102 width=4)
	        Recheck Cond: ((id >= 9776610) AND (id <= 9777609))
	        ->  Bitmap Index Scan on sbtest2_pkey  (cost=0.00..35.45 rows=1102 width=0)
	              Index Cond: ((id >= 9776610) AND (id <= 9777609))

table 3 : explain SELECT SUM(k) FROM sbtest3 WHERE id BETWEEN 7404396 AND 7405395
	Aggregate  (cost=4153.50..4153.51 rows=1 width=8)
	  ->  Bitmap Heap Scan on sbtest3  (cost=31.44..4150.82 rows=1074 width=4)
	        Recheck Cond: ((id >= 7404396) AND (id <= 7405395))
	        ->  Bitmap Index Scan on sbtest3_pkey  (cost=0.00..31.18 rows=1074 width=0)
	              Index Cond: ((id >= 7404396) AND (id <= 7405395))

table 4 : explain SELECT SUM(k) FROM sbtest4 WHERE id BETWEEN 619604 AND 620603
	Aggregate  (cost=3728.88..3728.89 rows=1 width=8)
	  ->  Bitmap Heap Scan on sbtest4  (cost=30.29..3726.48 rows=961 width=4)
	        Recheck Cond: ((id >= 619604) AND (id <= 620603))
	        ->  Bitmap Index Scan on sbtest4_pkey  (cost=0.00..30.04 rows=961 width=0)
	              Index Cond: ((id >= 619604) AND (id <= 620603))

table 5 : explain SELECT SUM(k) FROM sbtest5 WHERE id BETWEEN 9133604 AND 9134603
	Aggregate  (cost=4053.86..4053.87 rows=1 width=8)
	  ->  Bitmap Heap Scan on sbtest5  (cost=31.17..4051.24 rows=1047 width=4)
	        Recheck Cond: ((id >= 9133604) AND (id <= 9134603))
	        ->  Bitmap Index Scan on sbtest5_pkey  (cost=0.00..30.90 rows=1047 width=0)
	              Index Cond: ((id >= 9133604) AND (id <= 9134603))

table 6 : explain SELECT SUM(k) FROM sbtest6 WHERE id BETWEEN 2151248 AND 2152247
	Aggregate  (cost=3751.35..3751.36 rows=1 width=8)
	  ->  Bitmap Heap Scan on sbtest6  (cost=30.35..3748.94 rows=967 width=4)
	        Recheck Cond: ((id >= 2151248) AND (id <= 2152247))
	        ->  Bitmap Index Scan on sbtest6_pkey  (cost=0.00..30.11 rows=967 width=0)
	              Index Cond: ((id >= 2151248) AND (id <= 2152247))

table 7 : explain SELECT SUM(k) FROM sbtest7 WHERE id BETWEEN 7578462 AND 7579461
	Aggregate  (cost=4096.69..4096.70 rows=1 width=8)
	  ->  Bitmap Heap Scan on sbtest7  (cost=35.28..4094.05 rows=1058 width=4)
	        Recheck Cond: ((id >= 7578462) AND (id <= 7579461))
	        ->  Bitmap Index Scan on sbtest7_pkey  (cost=0.00..35.02 rows=1058 width=0)
	              Index Cond: ((id >= 7578462) AND (id <= 7579461))

table 8 : explain SELECT SUM(k) FROM sbtest8 WHERE id BETWEEN 5258886 AND 5259885
	Aggregate  (cost=3698.92..3698.93 rows=1 width=8)
	  ->  Bitmap Heap Scan on sbtest8  (cost=30.20..3696.54 rows=953 width=4)
	        Recheck Cond: ((id >= 5258886) AND (id <= 5259885))
	        ->  Bitmap Index Scan on sbtest8_pkey  (cost=0.00..29.96 rows=953 width=0)
	              Index Cond: ((id >= 5258886) AND (id <= 5259885))

for point_selects
table 1 : explain SELECT c FROM sbtest1 WHERE id=7666079
	Index Scan using sbtest1_pkey on sbtest1  (cost=0.43..8.45 rows=1 width=121)
	  Index Cond: (id = 7666079)

table 2 : explain SELECT c FROM sbtest2 WHERE id=7147390
	Index Scan using sbtest2_pkey on sbtest2  (cost=0.43..8.45 rows=1 width=121)
	  Index Cond: (id = 7147390)

table 3 : explain SELECT c FROM sbtest3 WHERE id=7360537
	Index Scan using sbtest3_pkey on sbtest3  (cost=0.43..8.45 rows=1 width=121)
	  Index Cond: (id = 7360537)

table 4 : explain SELECT c FROM sbtest4 WHERE id=3160004
	Index Scan using sbtest4_pkey on sbtest4  (cost=0.43..8.45 rows=1 width=121)
	  Index Cond: (id = 3160004)

table 5 : explain SELECT c FROM sbtest5 WHERE id=3028287
	Index Scan using sbtest5_pkey on sbtest5  (cost=0.43..8.45 rows=1 width=121)
	  Index Cond: (id = 3028287)

table 6 : explain SELECT c FROM sbtest6 WHERE id=2563441
	Index Scan using sbtest6_pkey on sbtest6  (cost=0.43..8.45 rows=1 width=121)
	  Index Cond: (id = 2563441)

table 7 : explain SELECT c FROM sbtest7 WHERE id=6767381
	Index Scan using sbtest7_pkey on sbtest7  (cost=0.43..8.45 rows=1 width=121)
	  Index Cond: (id = 6767381)

table 8 : explain SELECT c FROM sbtest8 WHERE id=6903371
	Index Scan using sbtest8_pkey on sbtest8  (cost=0.43..8.45 rows=1 width=121)
	  Index Cond: (id = 6903371)

for point_selects
table 1 : explain SELECT c FROM sbtest1 WHERE id=5653563
	Index Scan using sbtest1_pkey on sbtest1  (cost=0.43..8.45 rows=1 width=121)
	  Index Cond: (id = 5653563)

table 2 : explain SELECT c FROM sbtest2 WHERE id=2037467
	Index Scan using sbtest2_pkey on sbtest2  (cost=0.43..8.45 rows=1 width=121)
	  Index Cond: (id = 2037467)

table 3 : explain SELECT c FROM sbtest3 WHERE id=4720087
	Index Scan using sbtest3_pkey on sbtest3  (cost=0.43..8.45 rows=1 width=121)
	  Index Cond: (id = 4720087)

table 4 : explain SELECT c FROM sbtest4 WHERE id=5461571
	Index Scan using sbtest4_pkey on sbtest4  (cost=0.43..8.45 rows=1 width=121)
	  Index Cond: (id = 5461571)

table 5 : explain SELECT c FROM sbtest5 WHERE id=8255205
	Index Scan using sbtest5_pkey on sbtest5  (cost=0.43..8.45 rows=1 width=121)
	  Index Cond: (id = 8255205)

table 6 : explain SELECT c FROM sbtest6 WHERE id=4983405
	Index Scan using sbtest6_pkey on sbtest6  (cost=0.43..8.45 rows=1 width=121)
	  Index Cond: (id = 4983405)

table 7 : explain SELECT c FROM sbtest7 WHERE id=7324760
	Index Scan using sbtest7_pkey on sbtest7  (cost=0.43..8.45 rows=1 width=121)
	  Index Cond: (id = 7324760)

table 8 : explain SELECT c FROM sbtest8 WHERE id=4170680
	Index Scan using sbtest8_pkey on sbtest8  (cost=0.43..8.45 rows=1 width=121)
	  Index Cond: (id = 4170680)

for: simple_ranges
table 1 : explain SELECT c FROM sbtest1 WHERE id BETWEEN 6073668 AND 6074667
	Bitmap Heap Scan on sbtest1  (cost=30.51..3811.11 rows=983 width=121)
	  Recheck Cond: ((id >= 6073668) AND (id <= 6074667))
	  ->  Bitmap Index Scan on sbtest1_pkey  (cost=0.00..30.26 rows=983 width=0)
	        Index Cond: ((id >= 6073668) AND (id <= 6074667))

table 2 : explain SELECT c FROM sbtest2 WHERE id BETWEEN 8637258 AND 8638257
	Bitmap Heap Scan on sbtest2  (cost=30.79..3911.51 rows=1010 width=121)
	  Recheck Cond: ((id >= 8637258) AND (id <= 8638257))
	  ->  Bitmap Index Scan on sbtest2_pkey  (cost=0.00..30.54 rows=1010 width=0)
	        Index Cond: ((id >= 8637258) AND (id <= 8638257))

table 3 : explain SELECT c FROM sbtest3 WHERE id BETWEEN 1216543 AND 1217542
	Bitmap Heap Scan on sbtest3  (cost=30.00..3619.21 rows=933 width=121)
	  Recheck Cond: ((id >= 1216543) AND (id <= 1217542))
	  ->  Bitmap Index Scan on sbtest3_pkey  (cost=0.00..29.76 rows=933 width=0)
	        Index Cond: ((id >= 1216543) AND (id <= 1217542))

table 4 : explain SELECT c FROM sbtest4 WHERE id BETWEEN 8746485 AND 8747484
	Bitmap Heap Scan on sbtest4  (cost=35.39..4137.77 rows=1069 width=121)
	  Recheck Cond: ((id >= 8746485) AND (id <= 8747484))
	  ->  Bitmap Index Scan on sbtest4_pkey  (cost=0.00..35.12 rows=1069 width=0)
	        Index Cond: ((id >= 8746485) AND (id <= 8747484))

table 5 : explain SELECT c FROM sbtest5 WHERE id BETWEEN 3717190 AND 3718189
	Bitmap Heap Scan on sbtest5  (cost=31.25..4081.38 rows=1055 width=121)
	  Recheck Cond: ((id >= 3717190) AND (id <= 3718189))
	  ->  Bitmap Index Scan on sbtest5_pkey  (cost=0.00..30.98 rows=1055 width=0)
	        Index Cond: ((id >= 3717190) AND (id <= 3718189))

table 6 : explain SELECT c FROM sbtest6 WHERE id BETWEEN 7385604 AND 7386603
	Bitmap Heap Scan on sbtest6  (cost=30.10..3658.25 rows=943 width=121)
	  Recheck Cond: ((id >= 7385604) AND (id <= 7386603))
	  ->  Bitmap Index Scan on sbtest6_pkey  (cost=0.00..29.86 rows=943 width=0)
	        Index Cond: ((id >= 7385604) AND (id <= 7386603))

table 7 : explain SELECT c FROM sbtest7 WHERE id BETWEEN 2324434 AND 2325433
	Bitmap Heap Scan on sbtest7  (cost=29.16..3308.44 rows=851 width=121)
	  Recheck Cond: ((id >= 2324434) AND (id <= 2325433))
	  ->  Bitmap Index Scan on sbtest7_pkey  (cost=0.00..28.94 rows=851 width=0)
	        Index Cond: ((id >= 2324434) AND (id <= 2325433))

table 8 : explain SELECT c FROM sbtest8 WHERE id BETWEEN 1143268 AND 1144267
	Bitmap Heap Scan on sbtest8  (cost=30.51..3809.86 rows=983 width=121)
	  Recheck Cond: ((id >= 1143268) AND (id <= 1144267))
	  ->  Bitmap Index Scan on sbtest8_pkey  (cost=0.00..30.26 rows=983 width=0)
	        Index Cond: ((id >= 1143268) AND (id <= 1144267))

explain: for point_selects :: explain SELECT c FROM sbtest%u WHERE id=%u
for: distinct_ranges
table 1 : explain SELECT DISTINCT c FROM sbtest1 WHERE id BETWEEN 2158031 AND 2159030 ORDER BY c
	Unique  (cost=3737.21..3741.96 rows=951 width=121)
	  ->  Sort  (cost=3737.21..3739.58 rows=951 width=121)
	        Sort Key: c
	        ->  Bitmap Heap Scan on sbtest1  (cost=30.18..3690.16 rows=951 width=121)
	              Recheck Cond: ((id >= 2158031) AND (id <= 2159030))
	              ->  Bitmap Index Scan on sbtest1_pkey  (cost=0.00..29.94 rows=951 width=0)
	                    Index Cond: ((id >= 2158031) AND (id <= 2159030))

table 2 : explain SELECT DISTINCT c FROM sbtest2 WHERE id BETWEEN 8800049 AND 8801048 ORDER BY c
	Unique  (cost=3705.10..3709.81 rows=943 width=121)
	  ->  Sort  (cost=3705.10..3707.46 rows=943 width=121)
	        Sort Key: c
	        ->  Bitmap Heap Scan on sbtest2  (cost=30.10..3658.51 rows=943 width=121)
	              Recheck Cond: ((id >= 8800049) AND (id <= 8801048))
	              ->  Bitmap Index Scan on sbtest2_pkey  (cost=0.00..29.86 rows=943 width=0)
	                    Index Cond: ((id >= 8800049) AND (id <= 8801048))

table 3 : explain SELECT DISTINCT c FROM sbtest3 WHERE id BETWEEN 1356532 AND 1357531 ORDER BY c
	Unique  (cost=3784.09..3788.91 rows=964 width=121)
	  ->  Sort  (cost=3784.09..3786.50 rows=964 width=121)
	        Sort Key: c
	        ->  Bitmap Heap Scan on sbtest3  (cost=30.32..3736.31 rows=964 width=121)
	              Recheck Cond: ((id >= 1356532) AND (id <= 1357531))
	              ->  Bitmap Index Scan on sbtest3_pkey  (cost=0.00..30.07 rows=964 width=0)
	                    Index Cond: ((id >= 1356532) AND (id <= 1357531))

table 4 : explain SELECT DISTINCT c FROM sbtest4 WHERE id BETWEEN 7479582 AND 7480581 ORDER BY c
	Unique  (cost=3831.60..3836.48 rows=976 width=121)
	  ->  Sort  (cost=3831.60..3834.04 rows=976 width=121)
	        Sort Key: c
	        ->  Bitmap Heap Scan on sbtest4  (cost=30.44..3783.14 rows=976 width=121)
	              Recheck Cond: ((id >= 7479582) AND (id <= 7480581))
	              ->  Bitmap Index Scan on sbtest4_pkey  (cost=0.00..30.19 rows=976 width=0)
	                    Index Cond: ((id >= 7479582) AND (id <= 7480581))

table 5 : explain SELECT DISTINCT c FROM sbtest5 WHERE id BETWEEN 349059 AND 350058 ORDER BY c
	Unique  (cost=3943.01..3948.03 rows=1005 width=121)
	  ->  Sort  (cost=3943.01..3945.52 rows=1005 width=121)
	        Sort Key: c
	        ->  Bitmap Heap Scan on sbtest5  (cost=30.74..3892.89 rows=1005 width=121)
	              Recheck Cond: ((id >= 349059) AND (id <= 350058))
	              ->  Bitmap Index Scan on sbtest5_pkey  (cost=0.00..30.48 rows=1005 width=0)
	                    Index Cond: ((id >= 349059) AND (id <= 350058))

table 6 : explain SELECT DISTINCT c FROM sbtest6 WHERE id BETWEEN 1782085 AND 1783084 ORDER BY c
	Unique  (cost=4160.73..4166.04 rows=1061 width=121)
	  ->  Sort  (cost=4160.73..4163.38 rows=1061 width=121)
	        Sort Key: c
	        ->  Bitmap Heap Scan on sbtest6  (cost=35.31..4107.41 rows=1061 width=121)
	              Recheck Cond: ((id >= 1782085) AND (id <= 1783084))
	              ->  Bitmap Index Scan on sbtest6_pkey  (cost=0.00..35.05 rows=1061 width=0)
	                    Index Cond: ((id >= 1782085) AND (id <= 1783084))

table 7 : explain SELECT DISTINCT c FROM sbtest7 WHERE id BETWEEN 9894257 AND 9895256 ORDER BY c
	Unique  (cost=3737.60..3742.36 rows=952 width=121)
	  ->  Sort  (cost=3737.60..3739.98 rows=952 width=121)
	        Sort Key: c
	        ->  Bitmap Heap Scan on sbtest7  (cost=30.19..3690.51 rows=952 width=121)
	              Recheck Cond: ((id >= 9894257) AND (id <= 9895256))
	              ->  Bitmap Index Scan on sbtest7_pkey  (cost=0.00..29.95 rows=952 width=0)
	                    Index Cond: ((id >= 9894257) AND (id <= 9895256))

table 8 : explain SELECT DISTINCT c FROM sbtest8 WHERE id BETWEEN 1073823 AND 1074822 ORDER BY c
	Unique  (cost=3728.35..3733.09 rows=949 width=121)
	  ->  Sort  (cost=3728.35..3730.72 rows=949 width=121)
	        Sort Key: c
	        ->  Bitmap Heap Scan on sbtest8  (cost=30.16..3681.42 rows=949 width=121)
	              Recheck Cond: ((id >= 1073823) AND (id <= 1074822))
	              ->  Bitmap Index Scan on sbtest8_pkey  (cost=0.00..29.93 rows=949 width=0)
	                    Index Cond: ((id >= 1073823) AND (id <= 1074822))

explain: for point_selects :: explain SELECT c FROM sbtest%u WHERE id=%u
for: distinct_ranges
table 1 : explain SELECT DISTINCT c FROM sbtest1 WHERE id BETWEEN 9018983 AND 9019982 ORDER BY c
	Unique  (cost=4399.66..4405.28 rows=1123 width=121)
	  ->  Sort  (cost=4399.66..4402.47 rows=1123 width=121)
	        Sort Key: c
	        ->  Bitmap Heap Scan on sbtest1  (cost=35.95..4342.76 rows=1123 width=121)
	              Recheck Cond: ((id >= 9018983) AND (id <= 9019982))
	              ->  Bitmap Index Scan on sbtest1_pkey  (cost=0.00..35.67 rows=1123 width=0)
	                    Index Cond: ((id >= 9018983) AND (id <= 9019982))

table 2 : explain SELECT DISTINCT c FROM sbtest2 WHERE id BETWEEN 5463743 AND 5464742 ORDER BY c
	Unique  (cost=3812.49..3817.34 rows=971 width=121)
	  ->  Sort  (cost=3812.49..3814.92 rows=971 width=121)
	        Sort Key: c
	        ->  Bitmap Heap Scan on sbtest2  (cost=30.39..3764.31 rows=971 width=121)
	              Recheck Cond: ((id >= 5463743) AND (id <= 5464742))
	              ->  Bitmap Index Scan on sbtest2_pkey  (cost=0.00..30.14 rows=971 width=0)
	                    Index Cond: ((id >= 5463743) AND (id <= 5464742))

table 3 : explain SELECT DISTINCT c FROM sbtest3 WHERE id BETWEEN 390974 AND 391973 ORDER BY c
	Unique  (cost=3948.75..3953.79 rows=1007 width=121)
	  ->  Sort  (cost=3948.75..3951.27 rows=1007 width=121)
	        Sort Key: c
	        ->  Bitmap Heap Scan on sbtest3  (cost=30.76..3898.52 rows=1007 width=121)
	              Recheck Cond: ((id >= 390974) AND (id <= 391973))
	              ->  Bitmap Index Scan on sbtest3_pkey  (cost=0.00..30.50 rows=1007 width=0)
	                    Index Cond: ((id >= 390974) AND (id <= 391973))

table 4 : explain SELECT DISTINCT c FROM sbtest4 WHERE id BETWEEN 4308962 AND 4309961 ORDER BY c
	Unique  (cost=3674.35..3679.02 rows=935 width=121)
	  ->  Sort  (cost=3674.35..3676.68 rows=935 width=121)
	        Sort Key: c
	        ->  Bitmap Heap Scan on sbtest4  (cost=30.02..3628.21 rows=935 width=121)
	              Recheck Cond: ((id >= 4308962) AND (id <= 4309961))
	              ->  Bitmap Index Scan on sbtest4_pkey  (cost=0.00..29.79 rows=935 width=0)
	                    Index Cond: ((id >= 4308962) AND (id <= 4309961))

table 5 : explain SELECT DISTINCT c FROM sbtest5 WHERE id BETWEEN 3881779 AND 3882778 ORDER BY c
	Unique  (cost=3778.21..3783.02 rows=962 width=121)
	  ->  Sort  (cost=3778.21..3780.61 rows=962 width=121)
	        Sort Key: c
	        ->  Bitmap Heap Scan on sbtest5  (cost=30.30..3730.54 rows=962 width=121)
	              Recheck Cond: ((id >= 3881779) AND (id <= 3882778))
	              ->  Bitmap Index Scan on sbtest5_pkey  (cost=0.00..30.05 rows=962 width=0)
	                    Index Cond: ((id >= 3881779) AND (id <= 3882778))

table 6 : explain SELECT DISTINCT c FROM sbtest6 WHERE id BETWEEN 5367182 AND 5368181 ORDER BY c
	Unique  (cost=4225.70..4231.09 rows=1078 width=121)
	  ->  Sort  (cost=4225.70..4228.39 rows=1078 width=121)
	        Sort Key: c
	        ->  Bitmap Heap Scan on sbtest6  (cost=35.48..4171.40 rows=1078 width=121)
	              Recheck Cond: ((id >= 5367182) AND (id <= 5368181))
	              ->  Bitmap Index Scan on sbtest6_pkey  (cost=0.00..35.22 rows=1078 width=0)
	                    Index Cond: ((id >= 5367182) AND (id <= 5368181))

table 7 : explain SELECT DISTINCT c FROM sbtest7 WHERE id BETWEEN 5751050 AND 5752049 ORDER BY c
	Unique  (cost=3699.27..3703.98 rows=942 width=121)
	  ->  Sort  (cost=3699.27..3701.63 rows=942 width=121)
	        Sort Key: c
	        ->  Bitmap Heap Scan on sbtest7  (cost=30.09..3652.74 rows=942 width=121)
	              Recheck Cond: ((id >= 5751050) AND (id <= 5752049))
	              ->  Bitmap Index Scan on sbtest7_pkey  (cost=0.00..29.86 rows=942 width=0)
	                    Index Cond: ((id >= 5751050) AND (id <= 5752049))

table 8 : explain SELECT DISTINCT c FROM sbtest8 WHERE id BETWEEN 5968420 AND 5969419 ORDER BY c
	Unique  (cost=4100.12..4105.34 rows=1045 width=121)
	  ->  Sort  (cost=4100.12..4102.73 rows=1045 width=121)
	        Sort Key: c
	        ->  Bitmap Heap Scan on sbtest8  (cost=35.15..4047.71 rows=1045 width=121)
	              Recheck Cond: ((id >= 5968420) AND (id <= 5969419))
	              ->  Bitmap Index Scan on sbtest8_pkey  (cost=0.00..34.89 rows=1045 width=0)
	                    Index Cond: ((id >= 5968420) AND (id <= 5969419))

for: simple_ranges
table 1 : explain SELECT c FROM sbtest1 WHERE id BETWEEN 3705509 AND 3706508
	Bitmap Heap Scan on sbtest1  (cost=30.50..3807.33 rows=982 width=121)
	  Recheck Cond: ((id >= 3705509) AND (id <= 3706508))
	  ->  Bitmap Index Scan on sbtest1_pkey  (cost=0.00..30.25 rows=982 width=0)
	        Index Cond: ((id >= 3705509) AND (id <= 3706508))

table 2 : explain SELECT c FROM sbtest2 WHERE id BETWEEN 4492180 AND 4493179
	Bitmap Heap Scan on sbtest2  (cost=29.33..3374.61 rows=868 width=121)
	  Recheck Cond: ((id >= 4492180) AND (id <= 4493179))
	  ->  Bitmap Index Scan on sbtest2_pkey  (cost=0.00..29.11 rows=868 width=0)
	        Index Cond: ((id >= 4492180) AND (id <= 4493179))

table 3 : explain SELECT c FROM sbtest3 WHERE id BETWEEN 8455766 AND 8456765
	Bitmap Heap Scan on sbtest3  (cost=30.29..3724.98 rows=961 width=121)
	  Recheck Cond: ((id >= 8455766) AND (id <= 8456765))
	  ->  Bitmap Index Scan on sbtest3_pkey  (cost=0.00..30.04 rows=961 width=0)
	        Index Cond: ((id >= 8455766) AND (id <= 8456765))

table 4 : explain SELECT c FROM sbtest4 WHERE id BETWEEN 2009399 AND 2010398
	Bitmap Heap Scan on sbtest4  (cost=30.78..3907.68 rows=1009 width=121)
	  Recheck Cond: ((id >= 2009399) AND (id <= 2010398))
	  ->  Bitmap Index Scan on sbtest4_pkey  (cost=0.00..30.52 rows=1009 width=0)
	        Index Cond: ((id >= 2009399) AND (id <= 2010398))

table 5 : explain SELECT c FROM sbtest5 WHERE id BETWEEN 4533700 AND 4534699
	Bitmap Heap Scan on sbtest5  (cost=36.52..4547.80 rows=1179 width=121)
	  Recheck Cond: ((id >= 4533700) AND (id <= 4534699))
	  ->  Bitmap Index Scan on sbtest5_pkey  (cost=0.00..36.23 rows=1179 width=0)
	        Index Cond: ((id >= 4533700) AND (id <= 4534699))

table 6 : explain SELECT c FROM sbtest6 WHERE id BETWEEN 7193930 AND 7194929
	Bitmap Heap Scan on sbtest6  (cost=30.53..3816.90 rows=985 width=121)
	  Recheck Cond: ((id >= 7193930) AND (id <= 7194929))
	  ->  Bitmap Index Scan on sbtest6_pkey  (cost=0.00..30.29 rows=985 width=0)
	        Index Cond: ((id >= 7193930) AND (id <= 7194929))

table 7 : explain SELECT c FROM sbtest7 WHERE id BETWEEN 1982301 AND 1983300
	Bitmap Heap Scan on sbtest7  (cost=30.39..3762.23 rows=971 width=121)
	  Recheck Cond: ((id >= 1982301) AND (id <= 1983300))
	  ->  Bitmap Index Scan on sbtest7_pkey  (cost=0.00..30.14 rows=971 width=0)
	        Index Cond: ((id >= 1982301) AND (id <= 1983300))

table 8 : explain SELECT c FROM sbtest8 WHERE id BETWEEN 1997417 AND 1998416
	Bitmap Heap Scan on sbtest8  (cost=35.11..4032.64 rows=1041 width=121)
	  Recheck Cond: ((id >= 1997417) AND (id <= 1998416))
	  ->  Bitmap Index Scan on sbtest8_pkey  (cost=0.00..34.84 rows=1041 width=0)
	        Index Cond: ((id >= 1997417) AND (id <= 1998416))

for: order_ranges
table 1 : explain SELECT c FROM sbtest1 WHERE id BETWEEN 3172846 AND 3173845 ORDER BY c
	Sort  (cost=3913.64..3916.14 rows=997 width=121)
	  Sort Key: c
	  ->  Bitmap Heap Scan on sbtest1  (cost=30.65..3863.98 rows=997 width=121)
	        Recheck Cond: ((id >= 3172846) AND (id <= 3173845))
	        ->  Bitmap Index Scan on sbtest1_pkey  (cost=0.00..30.40 rows=997 width=0)
	              Index Cond: ((id >= 3172846) AND (id <= 3173845))

table 2 : explain SELECT c FROM sbtest2 WHERE id BETWEEN 5124569 AND 5125568 ORDER BY c
	Sort  (cost=3731.96..3734.33 rows=950 width=121)
	  Sort Key: c
	  ->  Bitmap Heap Scan on sbtest2  (cost=30.17..3684.97 rows=950 width=121)
	        Recheck Cond: ((id >= 5124569) AND (id <= 5125568))
	        ->  Bitmap Index Scan on sbtest2_pkey  (cost=0.00..29.93 rows=950 width=0)
	              Index Cond: ((id >= 5124569) AND (id <= 5125568))

table 3 : explain SELECT c FROM sbtest3 WHERE id BETWEEN 8539755 AND 8540754 ORDER BY c
	Sort  (cost=4216.34..4219.04 rows=1077 width=121)
	  Sort Key: c
	  ->  Bitmap Heap Scan on sbtest3  (cost=31.47..4162.10 rows=1077 width=121)
	        Recheck Cond: ((id >= 8539755) AND (id <= 8540754))
	        ->  Bitmap Index Scan on sbtest3_pkey  (cost=0.00..31.20 rows=1077 width=0)
	              Index Cond: ((id >= 8539755) AND (id <= 8540754))

table 4 : explain SELECT c FROM sbtest4 WHERE id BETWEEN 4106629 AND 4107628 ORDER BY c
	Sort  (cost=3770.26..3772.66 rows=960 width=121)
	  Sort Key: c
	  ->  Bitmap Heap Scan on sbtest4  (cost=30.27..3722.70 rows=960 width=121)
	        Recheck Cond: ((id >= 4106629) AND (id <= 4107628))
	        ->  Bitmap Index Scan on sbtest4_pkey  (cost=0.00..30.04 rows=960 width=0)
	              Index Cond: ((id >= 4106629) AND (id <= 4107628))

table 5 : explain SELECT c FROM sbtest5 WHERE id BETWEEN 9129976 AND 9130975 ORDER BY c
	Sort  (cost=4103.76..4106.38 rows=1047 width=121)
	  Sort Key: c
	  ->  Bitmap Heap Scan on sbtest5  (cost=31.17..4051.24 rows=1047 width=121)
	        Recheck Cond: ((id >= 9129976) AND (id <= 9130975))
	        ->  Bitmap Index Scan on sbtest5_pkey  (cost=0.00..30.90 rows=1047 width=0)
	              Index Cond: ((id >= 9129976) AND (id <= 9130975))

table 6 : explain SELECT c FROM sbtest6 WHERE id BETWEEN 3438427 AND 3439426 ORDER BY c
	Sort  (cost=3908.02..3910.51 rows=996 width=121)
	  Sort Key: c
	  ->  Bitmap Heap Scan on sbtest6  (cost=30.64..3858.41 rows=996 width=121)
	        Recheck Cond: ((id >= 3438427) AND (id <= 3439426))
	        ->  Bitmap Index Scan on sbtest6_pkey  (cost=0.00..30.39 rows=996 width=0)
	              Index Cond: ((id >= 3438427) AND (id <= 3439426))

table 7 : explain SELECT c FROM sbtest7 WHERE id BETWEEN 9514732 AND 9515731 ORDER BY c
	Sort  (cost=4173.93..4176.60 rows=1065 width=121)
	  Sort Key: c
	  ->  Bitmap Heap Scan on sbtest7  (cost=35.35..4120.38 rows=1065 width=121)
	        Recheck Cond: ((id >= 9514732) AND (id <= 9515731))
	        ->  Bitmap Index Scan on sbtest7_pkey  (cost=0.00..35.09 rows=1065 width=0)
	              Index Cond: ((id >= 9514732) AND (id <= 9515731))

table 8 : explain SELECT c FROM sbtest8 WHERE id BETWEEN 5629003 AND 5630002 ORDER BY c
	Sort  (cost=3985.13..3987.67 rows=1016 width=121)
	  Sort Key: c
	  ->  Bitmap Heap Scan on sbtest8  (cost=30.85..3934.39 rows=1016 width=121)
	        Recheck Cond: ((id >= 5629003) AND (id <= 5630002))
	        ->  Bitmap Index Scan on sbtest8_pkey  (cost=0.00..30.59 rows=1016 width=0)
	              Index Cond: ((id >= 5629003) AND (id <= 5630002))

for: simple_ranges
table 1 : explain SELECT c FROM sbtest1 WHERE id BETWEEN 3805407 AND 3806406
	Bitmap Heap Scan on sbtest1  (cost=30.41..3773.33 rows=973 width=121)
	  Recheck Cond: ((id >= 3805407) AND (id <= 3806406))
	  ->  Bitmap Index Scan on sbtest1_pkey  (cost=0.00..30.16 rows=973 width=0)
	        Index Cond: ((id >= 3805407) AND (id <= 3806406))

table 2 : explain SELECT c FROM sbtest2 WHERE id BETWEEN 6246601 AND 6247600
	Bitmap Heap Scan on sbtest2  (cost=35.49..4175.48 rows=1079 width=121)
	  Recheck Cond: ((id >= 6246601) AND (id <= 6247600))
	  ->  Bitmap Index Scan on sbtest2_pkey  (cost=0.00..35.23 rows=1079 width=0)
	        Index Cond: ((id >= 6246601) AND (id <= 6247600))

table 3 : explain SELECT c FROM sbtest3 WHERE id BETWEEN 6642024 AND 6643023
	Bitmap Heap Scan on sbtest3  (cost=35.64..4226.26 rows=1093 width=121)
	  Recheck Cond: ((id >= 6642024) AND (id <= 6643023))
	  ->  Bitmap Index Scan on sbtest3_pkey  (cost=0.00..35.37 rows=1093 width=0)
	        Index Cond: ((id >= 6642024) AND (id <= 6643023))

table 4 : explain SELECT c FROM sbtest4 WHERE id BETWEEN 1219655 AND 1220654
	Bitmap Heap Scan on sbtest4  (cost=29.99..3616.86 rows=932 width=121)
	  Recheck Cond: ((id >= 1219655) AND (id <= 1220654))
	  ->  Bitmap Index Scan on sbtest4_pkey  (cost=0.00..29.75 rows=932 width=0)
	        Index Cond: ((id >= 1219655) AND (id <= 1220654))

table 5 : explain SELECT c FROM sbtest5 WHERE id BETWEEN 7270778 AND 7271777
	Bitmap Heap Scan on sbtest5  (cost=36.23..4442.70 rows=1151 width=121)
	  Recheck Cond: ((id >= 7270778) AND (id <= 7271777))
	  ->  Bitmap Index Scan on sbtest5_pkey  (cost=0.00..35.95 rows=1151 width=0)
	        Index Cond: ((id >= 7270778) AND (id <= 7271777))

table 6 : explain SELECT c FROM sbtest6 WHERE id BETWEEN 666641 AND 667640
	Bitmap Heap Scan on sbtest6  (cost=35.28..4096.11 rows=1058 width=121)
	  Recheck Cond: ((id >= 666641) AND (id <= 667640))
	  ->  Bitmap Index Scan on sbtest6_pkey  (cost=0.00..35.02 rows=1058 width=0)
	        Index Cond: ((id >= 666641) AND (id <= 667640))

table 7 : explain SELECT c FROM sbtest7 WHERE id BETWEEN 6583012 AND 6584011
	Bitmap Heap Scan on sbtest7  (cost=30.68..3871.61 rows=1000 width=121)
	  Recheck Cond: ((id >= 6583012) AND (id <= 6584011))
	  ->  Bitmap Index Scan on sbtest7_pkey  (cost=0.00..30.43 rows=1000 width=0)
	        Index Cond: ((id >= 6583012) AND (id <= 6584011))

table 8 : explain SELECT c FROM sbtest8 WHERE id BETWEEN 6450252 AND 6451251
	Bitmap Heap Scan on sbtest8  (cost=35.39..4138.11 rows=1069 width=121)
	  Recheck Cond: ((id >= 6450252) AND (id <= 6451251))
	  ->  Bitmap Index Scan on sbtest8_pkey  (cost=0.00..35.12 rows=1069 width=0)
	        Index Cond: ((id >= 6450252) AND (id <= 6451251))

for: simple_ranges
table 1 : explain SELECT c FROM sbtest1 WHERE id BETWEEN 2758263 AND 2759262
	Bitmap Heap Scan on sbtest1  (cost=30.77..3905.51 rows=1008 width=121)
	  Recheck Cond: ((id >= 2758263) AND (id <= 2759262))
	  ->  Bitmap Index Scan on sbtest1_pkey  (cost=0.00..30.51 rows=1008 width=0)
	        Index Cond: ((id >= 2758263) AND (id <= 2759262))

table 2 : explain SELECT c FROM sbtest2 WHERE id BETWEEN 3490839 AND 3491838
	Bitmap Heap Scan on sbtest2  (cost=30.67..3870.01 rows=999 width=121)
	  Recheck Cond: ((id >= 3490839) AND (id <= 3491838))
	  ->  Bitmap Index Scan on sbtest2_pkey  (cost=0.00..30.43 rows=999 width=0)
	        Index Cond: ((id >= 3490839) AND (id <= 3491838))

table 3 : explain SELECT c FROM sbtest3 WHERE id BETWEEN 367324 AND 368323
	Bitmap Heap Scan on sbtest3  (cost=29.73..3520.90 rows=907 width=121)
	  Recheck Cond: ((id >= 367324) AND (id <= 368323))
	  ->  Bitmap Index Scan on sbtest3_pkey  (cost=0.00..29.50 rows=907 width=0)
	        Index Cond: ((id >= 367324) AND (id <= 368323))

table 4 : explain SELECT c FROM sbtest4 WHERE id BETWEEN 636360 AND 637359
	Bitmap Heap Scan on sbtest4  (cost=30.29..3726.48 rows=961 width=121)
	  Recheck Cond: ((id >= 636360) AND (id <= 637359))
	  ->  Bitmap Index Scan on sbtest4_pkey  (cost=0.00..30.04 rows=961 width=0)
	        Index Cond: ((id >= 636360) AND (id <= 637359))

table 5 : explain SELECT c FROM sbtest5 WHERE id BETWEEN 5450318 AND 5451317
	Bitmap Heap Scan on sbtest5  (cost=30.81..3919.30 rows=1012 width=121)
	  Recheck Cond: ((id >= 5450318) AND (id <= 5451317))
	  ->  Bitmap Index Scan on sbtest5_pkey  (cost=0.00..30.55 rows=1012 width=0)
	        Index Cond: ((id >= 5450318) AND (id <= 5451317))

table 6 : explain SELECT c FROM sbtest6 WHERE id BETWEEN 4180376 AND 4181375
	Bitmap Heap Scan on sbtest6  (cost=29.92..3590.19 rows=925 width=121)
	  Recheck Cond: ((id >= 4180376) AND (id <= 4181375))
	  ->  Bitmap Index Scan on sbtest6_pkey  (cost=0.00..29.68 rows=925 width=0)
	        Index Cond: ((id >= 4180376) AND (id <= 4181375))

table 7 : explain SELECT c FROM sbtest7 WHERE id BETWEEN 4338095 AND 4339094
	Bitmap Heap Scan on sbtest7  (cost=35.35..4120.38 rows=1065 width=121)
	  Recheck Cond: ((id >= 4338095) AND (id <= 4339094))
	  ->  Bitmap Index Scan on sbtest7_pkey  (cost=0.00..35.09 rows=1065 width=0)
	        Index Cond: ((id >= 4338095) AND (id <= 4339094))

table 8 : explain SELECT c FROM sbtest8 WHERE id BETWEEN 1736632 AND 1737631
	Bitmap Heap Scan on sbtest8  (cost=35.56..4198.33 rows=1085 width=121)
	  Recheck Cond: ((id >= 1736632) AND (id <= 1737631))
	  ->  Bitmap Index Scan on sbtest8_pkey  (cost=0.00..35.29 rows=1085 width=0)
	        Index Cond: ((id >= 1736632) AND (id <= 1737631))

for: order_ranges
table 1 : explain SELECT c FROM sbtest1 WHERE id BETWEEN 1524112 AND 1525111 ORDER BY c
	Sort  (cost=4338.55..4341.32 rows=1107 width=121)
	  Sort Key: c
	  ->  Bitmap Heap Scan on sbtest1  (cost=35.78..4282.58 rows=1107 width=121)
	        Recheck Cond: ((id >= 1524112) AND (id <= 1525111))
	        ->  Bitmap Index Scan on sbtest1_pkey  (cost=0.00..35.51 rows=1107 width=0)
	              Index Cond: ((id >= 1524112) AND (id <= 1525111))

table 2 : explain SELECT c FROM sbtest2 WHERE id BETWEEN 8558887 AND 8559886 ORDER BY c
	Sort  (cost=3988.71..3991.25 rows=1017 width=121)
	  Sort Key: c
	  ->  Bitmap Heap Scan on sbtest2  (cost=30.86..3937.91 rows=1017 width=121)
	        Recheck Cond: ((id >= 8558887) AND (id <= 8559886))
	        ->  Bitmap Index Scan on sbtest2_pkey  (cost=0.00..30.61 rows=1017 width=0)
	              Index Cond: ((id >= 8558887) AND (id <= 8559886))

table 3 : explain SELECT c FROM sbtest3 WHERE id BETWEEN 2836890 AND 2837889 ORDER BY c
	Sort  (cost=3849.21..3851.67 rows=981 width=121)
	  Sort Key: c
	  ->  Bitmap Heap Scan on sbtest3  (cost=30.49..3800.47 rows=981 width=121)
	        Recheck Cond: ((id >= 2836890) AND (id <= 2837889))
	        ->  Bitmap Index Scan on sbtest3_pkey  (cost=0.00..30.25 rows=981 width=0)
	              Index Cond: ((id >= 2836890) AND (id <= 2837889))

table 4 : explain SELECT c FROM sbtest4 WHERE id BETWEEN 1939796 AND 1940795 ORDER BY c
	Sort  (cost=3881.42..3883.89 rows=989 width=121)
	  Sort Key: c
	  ->  Bitmap Heap Scan on sbtest4  (cost=30.57..3832.22 rows=989 width=121)
	        Recheck Cond: ((id >= 1939796) AND (id <= 1940795))
	        ->  Bitmap Index Scan on sbtest4_pkey  (cost=0.00..30.32 rows=989 width=0)
	              Index Cond: ((id >= 1939796) AND (id <= 1940795))

table 5 : explain SELECT c FROM sbtest5 WHERE id BETWEEN 7663906 AND 7664905 ORDER BY c
	Sort  (cost=3985.13..3987.67 rows=1016 width=121)
	  Sort Key: c
	  ->  Bitmap Heap Scan on sbtest5  (cost=30.85..3934.39 rows=1016 width=121)
	        Recheck Cond: ((id >= 7663906) AND (id <= 7664905))
	        ->  Bitmap Index Scan on sbtest5_pkey  (cost=0.00..30.59 rows=1016 width=0)
	              Index Cond: ((id >= 7663906) AND (id <= 7664905))

table 6 : explain SELECT c FROM sbtest6 WHERE id BETWEEN 1361077 AND 1362076 ORDER BY c
	Sort  (cost=4355.53..4358.31 rows=1112 width=121)
	  Sort Key: c
	  ->  Bitmap Heap Scan on sbtest6  (cost=35.83..4299.27 rows=1112 width=121)
	        Recheck Cond: ((id >= 1361077) AND (id <= 1362076))
	        ->  Bitmap Index Scan on sbtest6_pkey  (cost=0.00..35.56 rows=1112 width=0)
	              Index Cond: ((id >= 1361077) AND (id <= 1362076))

table 7 : explain SELECT c FROM sbtest7 WHERE id BETWEEN 1825190 AND 1826189 ORDER BY c
	Sort  (cost=3936.74..3939.25 rows=1004 width=121)
	  Sort Key: c
	  ->  Bitmap Heap Scan on sbtest7  (cost=30.73..3886.69 rows=1004 width=121)
	        Recheck Cond: ((id >= 1825190) AND (id <= 1826189))
	        ->  Bitmap Index Scan on sbtest7_pkey  (cost=0.00..30.47 rows=1004 width=0)
	              Index Cond: ((id >= 1825190) AND (id <= 1826189))

table 8 : explain SELECT c FROM sbtest8 WHERE id BETWEEN 568592 AND 569591 ORDER BY c
	Sort  (cost=3720.67..3723.04 rows=947 width=121)
	  Sort Key: c
	  ->  Bitmap Heap Scan on sbtest8  (cost=30.14..3673.86 rows=947 width=121)
	        Recheck Cond: ((id >= 568592) AND (id <= 569591))
	        ->  Bitmap Index Scan on sbtest8_pkey  (cost=0.00..29.90 rows=947 width=0)
	              Index Cond: ((id >= 568592) AND (id <= 569591))

for: order_ranges
table 1 : explain SELECT c FROM sbtest1 WHERE id BETWEEN 4134825 AND 4135824 ORDER BY c
	Sort  (cost=4047.72..4050.30 rows=1032 width=121)
	  Sort Key: c
	  ->  Bitmap Heap Scan on sbtest1  (cost=31.01..3996.06 rows=1032 width=121)
	        Recheck Cond: ((id >= 4134825) AND (id <= 4135824))
	        ->  Bitmap Index Scan on sbtest1_pkey  (cost=0.00..30.75 rows=1032 width=0)
	              Index Cond: ((id >= 4134825) AND (id <= 4135824))

table 2 : explain SELECT c FROM sbtest2 WHERE id BETWEEN 4144628 AND 4145627 ORDER BY c
	Sort  (cost=3655.21..3657.53 rows=930 width=121)
	  Sort Key: c
	  ->  Bitmap Heap Scan on sbtest2  (cost=29.97..3609.35 rows=930 width=121)
	        Recheck Cond: ((id >= 4144628) AND (id <= 4145627))
	        ->  Bitmap Index Scan on sbtest2_pkey  (cost=0.00..29.73 rows=930 width=0)
	              Index Cond: ((id >= 4144628) AND (id <= 4145627))

table 3 : explain SELECT c FROM sbtest3 WHERE id BETWEEN 2368504 AND 2369503 ORDER BY c
	Sort  (cost=3688.25..3690.59 rows=939 width=121)
	  Sort Key: c
	  ->  Bitmap Heap Scan on sbtest3  (cost=30.06..3641.88 rows=939 width=121)
	        Recheck Cond: ((id >= 2368504) AND (id <= 2369503))
	        ->  Bitmap Index Scan on sbtest3_pkey  (cost=0.00..29.82 rows=939 width=0)
	              Index Cond: ((id >= 2368504) AND (id <= 2369503))

table 4 : explain SELECT c FROM sbtest4 WHERE id BETWEEN 2946463 AND 2947462 ORDER BY c
	Sort  (cost=3839.27..3841.71 rows=978 width=121)
	  Sort Key: c
	  ->  Bitmap Heap Scan on sbtest4  (cost=30.46..3790.69 rows=978 width=121)
	        Recheck Cond: ((id >= 2946463) AND (id <= 2947462))
	        ->  Bitmap Index Scan on sbtest4_pkey  (cost=0.00..30.21 rows=978 width=0)
	              Index Cond: ((id >= 2946463) AND (id <= 2947462))

table 5 : explain SELECT c FROM sbtest5 WHERE id BETWEEN 2509657 AND 2510656 ORDER BY c
	Sort  (cost=3916.19..3918.69 rows=998 width=121)
	  Sort Key: c
	  ->  Bitmap Heap Scan on sbtest5  (cost=30.66..3866.48 rows=998 width=121)
	        Recheck Cond: ((id >= 2509657) AND (id <= 2510656))
	        ->  Bitmap Index Scan on sbtest5_pkey  (cost=0.00..30.41 rows=998 width=0)
	              Index Cond: ((id >= 2509657) AND (id <= 2510656))

table 6 : explain SELECT c FROM sbtest6 WHERE id BETWEEN 9283062 AND 9284061 ORDER BY c
	Sort  (cost=4019.04..4021.60 rows=1025 width=121)
	  Sort Key: c
	  ->  Bitmap Heap Scan on sbtest6  (cost=30.94..3967.79 rows=1025 width=121)
	        Recheck Cond: ((id >= 9283062) AND (id <= 9284061))
	        ->  Bitmap Index Scan on sbtest6_pkey  (cost=0.00..30.68 rows=1025 width=0)
	              Index Cond: ((id >= 9283062) AND (id <= 9284061))

table 7 : explain SELECT c FROM sbtest7 WHERE id BETWEEN 8536024 AND 8537023 ORDER BY c
	Sort  (cost=4055.31..4057.89 rows=1035 width=121)
	  Sort Key: c
	  ->  Bitmap Heap Scan on sbtest7  (cost=31.04..4003.48 rows=1035 width=121)
	        Recheck Cond: ((id >= 8536024) AND (id <= 8537023))
	        ->  Bitmap Index Scan on sbtest7_pkey  (cost=0.00..30.79 rows=1035 width=0)
	              Index Cond: ((id >= 8536024) AND (id <= 8537023))

table 8 : explain SELECT c FROM sbtest8 WHERE id BETWEEN 341701 AND 342700 ORDER BY c
	Sort  (cost=3958.33..3960.85 rows=1009 width=121)
	  Sort Key: c
	  ->  Bitmap Heap Scan on sbtest8  (cost=30.78..3907.99 rows=1009 width=121)
	        Recheck Cond: ((id >= 341701) AND (id <= 342700))
	        ->  Bitmap Index Scan on sbtest8_pkey  (cost=0.00..30.52 rows=1009 width=0)
	              Index Cond: ((id >= 341701) AND (id <= 342700))

for: sum_ranges
table 1 : explain SELECT SUM(k) FROM sbtest1 WHERE id BETWEEN 441639 AND 442638
	Aggregate  (cost=3964.67..3964.68 rows=1 width=8)
	  ->  Bitmap Heap Scan on sbtest1  (cost=30.92..3962.11 rows=1023 width=4)
	        Recheck Cond: ((id >= 441639) AND (id <= 442638))
	        ->  Bitmap Index Scan on sbtest1_pkey  (cost=0.00..30.66 rows=1023 width=0)
	              Index Cond: ((id >= 441639) AND (id <= 442638))

table 2 : explain SELECT SUM(k) FROM sbtest2 WHERE id BETWEEN 3863870 AND 3864869
	Aggregate  (cost=4038.52..4038.53 rows=1 width=8)
	  ->  Bitmap Heap Scan on sbtest2  (cost=31.13..4035.92 rows=1043 width=4)
	        Recheck Cond: ((id >= 3863870) AND (id <= 3864869))
	        ->  Bitmap Index Scan on sbtest2_pkey  (cost=0.00..30.86 rows=1043 width=0)
	              Index Cond: ((id >= 3863870) AND (id <= 3864869))

table 3 : explain SELECT SUM(k) FROM sbtest3 WHERE id BETWEEN 2707620 AND 2708619
	Aggregate  (cost=3799.14..3799.15 rows=1 width=8)
	  ->  Bitmap Heap Scan on sbtest3  (cost=30.48..3796.69 rows=980 width=4)
	        Recheck Cond: ((id >= 2707620) AND (id <= 2708619))
	        ->  Bitmap Index Scan on sbtest3_pkey  (cost=0.00..30.23 rows=980 width=0)
	              Index Cond: ((id >= 2707620) AND (id <= 2708619))

table 4 : explain SELECT SUM(k) FROM sbtest4 WHERE id BETWEEN 8414821 AND 8415820
	Aggregate  (cost=3796.91..3796.92 rows=1 width=8)
	  ->  Bitmap Heap Scan on sbtest4  (cost=30.47..3794.47 rows=979 width=4)
	        Recheck Cond: ((id >= 8414821) AND (id <= 8415820))
	        ->  Bitmap Index Scan on sbtest4_pkey  (cost=0.00..30.22 rows=979 width=0)
	              Index Cond: ((id >= 8414821) AND (id <= 8415820))

table 5 : explain SELECT SUM(k) FROM sbtest5 WHERE id BETWEEN 7750867 AND 7751866
	Aggregate  (cost=3895.41..3895.42 rows=1 width=8)
	  ->  Bitmap Heap Scan on sbtest5  (cost=30.74..3892.89 rows=1005 width=4)
	        Recheck Cond: ((id >= 7750867) AND (id <= 7751866))
	        ->  Bitmap Index Scan on sbtest5_pkey  (cost=0.00..30.48 rows=1005 width=0)
	              Index Cond: ((id >= 7750867) AND (id <= 7751866))

table 6 : explain SELECT SUM(k) FROM sbtest6 WHERE id BETWEEN 4738715 AND 4739714
	Aggregate  (cost=3566.01..3566.02 rows=1 width=8)
	  ->  Bitmap Heap Scan on sbtest6  (cost=29.84..3563.71 rows=918 width=4)
	        Recheck Cond: ((id >= 4738715) AND (id <= 4739714))
	        ->  Bitmap Index Scan on sbtest6_pkey  (cost=0.00..29.61 rows=918 width=0)
	              Index Cond: ((id >= 4738715) AND (id <= 4739714))

table 7 : explain SELECT SUM(k) FROM sbtest7 WHERE id BETWEEN 1289395 AND 1290394
	Aggregate  (cost=3726.89..3726.90 rows=1 width=8)
	  ->  Bitmap Heap Scan on sbtest7  (cost=30.29..3724.48 rows=961 width=4)
	        Recheck Cond: ((id >= 1289395) AND (id <= 1290394))
	        ->  Bitmap Index Scan on sbtest7_pkey  (cost=0.00..30.04 rows=961 width=0)
	              Index Cond: ((id >= 1289395) AND (id <= 1290394))

table 8 : explain SELECT SUM(k) FROM sbtest8 WHERE id BETWEEN 1738506 AND 1739505
	Aggregate  (cost=4201.04..4201.05 rows=1 width=8)
	  ->  Bitmap Heap Scan on sbtest8  (cost=35.56..4198.33 rows=1085 width=4)
	        Recheck Cond: ((id >= 1738506) AND (id <= 1739505))
	        ->  Bitmap Index Scan on sbtest8_pkey  (cost=0.00..35.29 rows=1085 width=0)
	              Index Cond: ((id >= 1738506) AND (id <= 1739505))

for: distinct_ranges
table 1 : explain SELECT DISTINCT c FROM sbtest1 WHERE id BETWEEN 4557300 AND 4558299 ORDER BY c
	Unique  (cost=3917.48..3922.47 rows=998 width=121)
	  ->  Sort  (cost=3917.48..3919.97 rows=998 width=121)
	        Sort Key: c
	        ->  Bitmap Heap Scan on sbtest1  (cost=30.66..3867.76 rows=998 width=121)
	              Recheck Cond: ((id >= 4557300) AND (id <= 4558299))
	              ->  Bitmap Index Scan on sbtest1_pkey  (cost=0.00..30.41 rows=998 width=0)
	                    Index Cond: ((id >= 4557300) AND (id <= 4558299))

table 2 : explain SELECT DISTINCT c FROM sbtest2 WHERE id BETWEEN 2150096 AND 2151095 ORDER BY c
	Unique  (cost=3973.40..3978.46 rows=1013 width=121)
	  ->  Sort  (cost=3973.40..3975.93 rows=1013 width=121)
	        Sort Key: c
	        ->  Bitmap Heap Scan on sbtest2  (cost=30.82..3922.83 rows=1013 width=121)
	              Recheck Cond: ((id >= 2150096) AND (id <= 2151095))
	              ->  Bitmap Index Scan on sbtest2_pkey  (cost=0.00..30.57 rows=1013 width=0)
	                    Index Cond: ((id >= 2150096) AND (id <= 2151095))

table 3 : explain SELECT DISTINCT c FROM sbtest3 WHERE id BETWEEN 5255157 AND 5256156 ORDER BY c
	Unique  (cost=4097.91..4103.14 rows=1046 width=121)
	  ->  Sort  (cost=4097.91..4100.53 rows=1046 width=121)
	        Sort Key: c
	        ->  Bitmap Heap Scan on sbtest3  (cost=31.16..4045.45 rows=1046 width=121)
	              Recheck Cond: ((id >= 5255157) AND (id <= 5256156))
	              ->  Bitmap Index Scan on sbtest3_pkey  (cost=0.00..30.89 rows=1046 width=0)
	                    Index Cond: ((id >= 5255157) AND (id <= 5256156))

table 4 : explain SELECT DISTINCT c FROM sbtest4 WHERE id BETWEEN 4304802 AND 4305801 ORDER BY c
	Unique  (cost=3674.35..3679.02 rows=935 width=121)
	  ->  Sort  (cost=3674.35..3676.68 rows=935 width=121)
	        Sort Key: c
	        ->  Bitmap Heap Scan on sbtest4  (cost=30.02..3628.21 rows=935 width=121)
	              Recheck Cond: ((id >= 4304802) AND (id <= 4305801))
	              ->  Bitmap Index Scan on sbtest4_pkey  (cost=0.00..29.79 rows=935 width=0)
	                    Index Cond: ((id >= 4304802) AND (id <= 4305801))

table 5 : explain SELECT DISTINCT c FROM sbtest5 WHERE id BETWEEN 7753533 AND 7754532 ORDER BY c
	Unique  (cost=3943.01..3948.03 rows=1005 width=121)
	  ->  Sort  (cost=3943.01..3945.52 rows=1005 width=121)
	        Sort Key: c
	        ->  Bitmap Heap Scan on sbtest5  (cost=30.74..3892.89 rows=1005 width=121)
	              Recheck Cond: ((id >= 7753533) AND (id <= 7754532))
	              ->  Bitmap Index Scan on sbtest5_pkey  (cost=0.00..30.48 rows=1005 width=0)
	                    Index Cond: ((id >= 7753533) AND (id <= 7754532))

table 6 : explain SELECT DISTINCT c FROM sbtest6 WHERE id BETWEEN 9382015 AND 9383014 ORDER BY c
	Unique  (cost=3670.31..3674.98 rows=934 width=121)
	  ->  Sort  (cost=3670.31..3672.64 rows=934 width=121)
	        Sort Key: c
	        ->  Bitmap Heap Scan on sbtest6  (cost=30.01..3624.23 rows=934 width=121)
	              Recheck Cond: ((id >= 9382015) AND (id <= 9383014))
	              ->  Bitmap Index Scan on sbtest6_pkey  (cost=0.00..29.77 rows=934 width=0)
	                    Index Cond: ((id >= 9382015) AND (id <= 9383014))

table 7 : explain SELECT DISTINCT c FROM sbtest7 WHERE id BETWEEN 2800175 AND 2801174 ORDER BY c
	Unique  (cost=3557.33..3561.85 rows=905 width=121)
	  ->  Sort  (cost=3557.33..3559.59 rows=905 width=121)
	        Sort Key: c
	        ->  Bitmap Heap Scan on sbtest7  (cost=29.71..3512.88 rows=905 width=121)
	              Recheck Cond: ((id >= 2800175) AND (id <= 2801174))
	              ->  Bitmap Index Scan on sbtest7_pkey  (cost=0.00..29.48 rows=905 width=0)
	                    Index Cond: ((id >= 2800175) AND (id <= 2801174))

table 8 : explain SELECT DISTINCT c FROM sbtest8 WHERE id BETWEEN 2011579 AND 2012578 ORDER BY c
	Unique  (cost=4084.81..4090.02 rows=1041 width=121)
	  ->  Sort  (cost=4084.81..4087.42 rows=1041 width=121)
	        Sort Key: c
	        ->  Bitmap Heap Scan on sbtest8  (cost=35.11..4032.64 rows=1041 width=121)
	              Recheck Cond: ((id >= 2011579) AND (id <= 2012578))
	              ->  Bitmap Index Scan on sbtest8_pkey  (cost=0.00..34.84 rows=1041 width=0)
	                    Index Cond: ((id >= 2011579) AND (id <= 2012578))

for: sum_ranges
table 1 : explain SELECT SUM(k) FROM sbtest1 WHERE id BETWEEN 1184645 AND 1185644
	Aggregate  (cost=4047.69..4047.70 rows=1 width=8)
	  ->  Bitmap Heap Scan on sbtest1  (cost=31.15..4045.08 rows=1045 width=4)
	        Recheck Cond: ((id >= 1184645) AND (id <= 1185644))
	        ->  Bitmap Index Scan on sbtest1_pkey  (cost=0.00..30.89 rows=1045 width=0)
	              Index Cond: ((id >= 1184645) AND (id <= 1185644))

table 2 : explain SELECT SUM(k) FROM sbtest2 WHERE id BETWEEN 8574026 AND 8575025
	Aggregate  (cost=3940.45..3940.46 rows=1 width=8)
	  ->  Bitmap Heap Scan on sbtest2  (cost=30.86..3937.91 rows=1017 width=4)
	        Recheck Cond: ((id >= 8574026) AND (id <= 8575025))
	        ->  Bitmap Index Scan on sbtest2_pkey  (cost=0.00..30.61 rows=1017 width=0)
	              Index Cond: ((id >= 8574026) AND (id <= 8575025))

table 3 : explain SELECT SUM(k) FROM sbtest3 WHERE id BETWEEN 9524078 AND 9525077
	Aggregate  (cost=3912.36..3912.37 rows=1 width=8)
	  ->  Bitmap Heap Scan on sbtest3  (cost=30.79..3909.83 rows=1010 width=4)
	        Recheck Cond: ((id >= 9524078) AND (id <= 9525077))
	        ->  Bitmap Index Scan on sbtest3_pkey  (cost=0.00..30.54 rows=1010 width=0)
	              Index Cond: ((id >= 9524078) AND (id <= 9525077))

table 4 : explain SELECT SUM(k) FROM sbtest4 WHERE id BETWEEN 6844105 AND 6845104
	Aggregate  (cost=4049.77..4049.78 rows=1 width=8)
	  ->  Bitmap Heap Scan on sbtest4  (cost=31.16..4047.16 rows=1046 width=4)
	        Recheck Cond: ((id >= 6844105) AND (id <= 6845104))
	        ->  Bitmap Index Scan on sbtest4_pkey  (cost=0.00..30.89 rows=1046 width=0)
	              Index Cond: ((id >= 6844105) AND (id <= 6845104))

table 5 : explain SELECT SUM(k) FROM sbtest5 WHERE id BETWEEN 2597275 AND 2598274
	Aggregate  (cost=4091.56..4091.57 rows=1 width=8)
	  ->  Bitmap Heap Scan on sbtest5  (cost=31.27..4088.91 rows=1057 width=4)
	        Recheck Cond: ((id >= 2597275) AND (id <= 2598274))
	        ->  Bitmap Index Scan on sbtest5_pkey  (cost=0.00..31.00 rows=1057 width=0)
	              Index Cond: ((id >= 2597275) AND (id <= 2598274))

table 6 : explain SELECT SUM(k) FROM sbtest6 WHERE id BETWEEN 6587163 AND 6588162
	Aggregate  (cost=3679.52..3679.53 rows=1 width=8)
	  ->  Bitmap Heap Scan on sbtest6  (cost=30.15..3677.15 rows=948 width=4)
	        Recheck Cond: ((id >= 6587163) AND (id <= 6588162))
	        ->  Bitmap Index Scan on sbtest6_pkey  (cost=0.00..29.91 rows=948 width=0)
	              Index Cond: ((id >= 6587163) AND (id <= 6588162))

table 7 : explain SELECT SUM(k) FROM sbtest7 WHERE id BETWEEN 2726820 AND 2727819
	Aggregate  (cost=3515.15..3515.16 rows=1 width=8)
	  ->  Bitmap Heap Scan on sbtest7  (cost=29.71..3512.88 rows=905 width=4)
	        Recheck Cond: ((id >= 2726820) AND (id <= 2727819))
	        ->  Bitmap Index Scan on sbtest7_pkey  (cost=0.00..29.48 rows=905 width=0)
	              Index Cond: ((id >= 2726820) AND (id <= 2727819))

table 8 : explain SELECT SUM(k) FROM sbtest8 WHERE id BETWEEN 5851002 AND 5852001
	Aggregate  (cost=3963.35..3963.36 rows=1 width=8)
	  ->  Bitmap Heap Scan on sbtest8  (cost=30.92..3960.79 rows=1023 width=4)
	        Recheck Cond: ((id >= 5851002) AND (id <= 5852001))
	        ->  Bitmap Index Scan on sbtest8_pkey  (cost=0.00..30.66 rows=1023 width=0)
	              Index Cond: ((id >= 5851002) AND (id <= 5852001))

for: distinct_ranges
table 1 : explain SELECT DISTINCT c FROM sbtest1 WHERE id BETWEEN 4497173 AND 4498172 ORDER BY c
	Unique  (cost=3917.48..3922.47 rows=998 width=121)
	  ->  Sort  (cost=3917.48..3919.97 rows=998 width=121)
	        Sort Key: c
	        ->  Bitmap Heap Scan on sbtest1  (cost=30.66..3867.76 rows=998 width=121)
	              Recheck Cond: ((id >= 4497173) AND (id <= 4498172))
	              ->  Bitmap Index Scan on sbtest1_pkey  (cost=0.00..30.41 rows=998 width=0)
	                    Index Cond: ((id >= 4497173) AND (id <= 4498172))

table 2 : explain SELECT DISTINCT c FROM sbtest2 WHERE id BETWEEN 6764002 AND 6765001 ORDER BY c
	Unique  (cost=3946.59..3951.62 rows=1006 width=121)
	  ->  Sort  (cost=3946.59..3949.11 rows=1006 width=121)
	        Sort Key: c
	        ->  Bitmap Heap Scan on sbtest2  (cost=30.75..3896.42 rows=1006 width=121)
	              Recheck Cond: ((id >= 6764002) AND (id <= 6765001))
	              ->  Bitmap Index Scan on sbtest2_pkey  (cost=0.00..30.50 rows=1006 width=0)
	                    Index Cond: ((id >= 6764002) AND (id <= 6765001))

table 3 : explain SELECT DISTINCT c FROM sbtest3 WHERE id BETWEEN 8157585 AND 8158584 ORDER BY c
	Unique  (cost=4002.32..4007.42 rows=1021 width=121)
	  ->  Sort  (cost=4002.32..4004.87 rows=1021 width=121)
	        Sort Key: c
	        ->  Bitmap Heap Scan on sbtest3  (cost=30.90..3951.29 rows=1021 width=121)
	              Recheck Cond: ((id >= 8157585) AND (id <= 8158584))
	              ->  Bitmap Index Scan on sbtest3_pkey  (cost=0.00..30.64 rows=1021 width=0)
	                    Index Cond: ((id >= 8157585) AND (id <= 8158584))

table 4 : explain SELECT DISTINCT c FROM sbtest4 WHERE id BETWEEN 5822785 AND 5823784 ORDER BY c
	Unique  (cost=3728.07..3732.81 rows=949 width=121)
	  ->  Sort  (cost=3728.07..3730.44 rows=949 width=121)
	        Sort Key: c
	        ->  Bitmap Heap Scan on sbtest4  (cost=30.16..3681.14 rows=949 width=121)
	              Recheck Cond: ((id >= 5822785) AND (id <= 5823784))
	              ->  Bitmap Index Scan on sbtest4_pkey  (cost=0.00..29.93 rows=949 width=0)
	                    Index Cond: ((id >= 5822785) AND (id <= 5823784))

table 5 : explain SELECT DISTINCT c FROM sbtest5 WHERE id BETWEEN 1450967 AND 1451966 ORDER BY c
	Unique  (cost=4138.18..4143.46 rows=1056 width=121)
	  ->  Sort  (cost=4138.18..4140.82 rows=1056 width=121)
	        Sort Key: c
	        ->  Bitmap Heap Scan on sbtest5  (cost=31.26..4085.15 rows=1056 width=121)
	              Recheck Cond: ((id >= 1450967) AND (id <= 1451966))
	              ->  Bitmap Index Scan on sbtest5_pkey  (cost=0.00..31.00 rows=1056 width=0)
	                    Index Cond: ((id >= 1450967) AND (id <= 1451966))

table 6 : explain SELECT DISTINCT c FROM sbtest6 WHERE id BETWEEN 2211312 AND 2212311 ORDER BY c
	Unique  (cost=3816.05..3820.91 rows=972 width=121)
	  ->  Sort  (cost=3816.05..3818.48 rows=972 width=121)
	        Sort Key: c
	        ->  Bitmap Heap Scan on sbtest6  (cost=30.40..3767.82 rows=972 width=121)
	              Recheck Cond: ((id >= 2211312) AND (id <= 2212311))
	              ->  Bitmap Index Scan on sbtest6_pkey  (cost=0.00..30.15 rows=972 width=0)
	                    Index Cond: ((id >= 2211312) AND (id <= 2212311))

table 7 : explain SELECT DISTINCT c FROM sbtest7 WHERE id BETWEEN 4637925 AND 4638924 ORDER BY c
	Unique  (cost=3818.07..3822.93 rows=973 width=121)
	  ->  Sort  (cost=3818.07..3820.50 rows=973 width=121)
	        Sort Key: c
	        ->  Bitmap Heap Scan on sbtest7  (cost=30.41..3769.77 rows=973 width=121)
	              Recheck Cond: ((id >= 4637925) AND (id <= 4638924))
	              ->  Bitmap Index Scan on sbtest7_pkey  (cost=0.00..30.16 rows=973 width=0)
	                    Index Cond: ((id >= 4637925) AND (id <= 4638924))

table 8 : explain SELECT DISTINCT c FROM sbtest8 WHERE id BETWEEN 8094506 AND 8095505 ORDER BY c
	Unique  (cost=4146.01..4151.30 rows=1057 width=121)
	  ->  Sort  (cost=4146.01..4148.65 rows=1057 width=121)
	        Sort Key: c
	        ->  Bitmap Heap Scan on sbtest8  (cost=35.27..4092.92 rows=1057 width=121)
	              Recheck Cond: ((id >= 8094506) AND (id <= 8095505))
	              ->  Bitmap Index Scan on sbtest8_pkey  (cost=0.00..35.01 rows=1057 width=0)
	                    Index Cond: ((id >= 8094506) AND (id <= 8095505))

for: distinct_ranges
table 1 : explain SELECT DISTINCT c FROM sbtest1 WHERE id BETWEEN 9765515 AND 9766514 ORDER BY c
	Unique  (cost=4135.75..4141.03 rows=1055 width=121)
	  ->  Sort  (cost=4135.75..4138.39 rows=1055 width=121)
	        Sort Key: c
	        ->  Bitmap Heap Scan on sbtest1  (cost=31.25..4082.77 rows=1055 width=121)
	              Recheck Cond: ((id >= 9765515) AND (id <= 9766514))
	              ->  Bitmap Index Scan on sbtest1_pkey  (cost=0.00..30.98 rows=1055 width=0)
	                    Index Cond: ((id >= 9765515) AND (id <= 9766514))

table 2 : explain SELECT DISTINCT c FROM sbtest2 WHERE id BETWEEN 5023923 AND 5024922 ORDER BY c
	Unique  (cost=3992.54..3997.63 rows=1018 width=121)
	  ->  Sort  (cost=3992.54..3995.08 rows=1018 width=121)
	        Sort Key: c
	        ->  Bitmap Heap Scan on sbtest2  (cost=30.87..3941.68 rows=1018 width=121)
	              Recheck Cond: ((id >= 5023923) AND (id <= 5024922))
	              ->  Bitmap Index Scan on sbtest2_pkey  (cost=0.00..30.61 rows=1018 width=0)
	                    Index Cond: ((id >= 5023923) AND (id <= 5024922))

table 3 : explain SELECT DISTINCT c FROM sbtest3 WHERE id BETWEEN 8469090 AND 8470089 ORDER BY c
	Unique  (cost=3772.59..3777.39 rows=961 width=121)
	  ->  Sort  (cost=3772.59..3774.99 rows=961 width=121)
	        Sort Key: c
	        ->  Bitmap Heap Scan on sbtest3  (cost=30.29..3724.98 rows=961 width=121)
	              Recheck Cond: ((id >= 8469090) AND (id <= 8470089))
	              ->  Bitmap Index Scan on sbtest3_pkey  (cost=0.00..30.04 rows=961 width=0)
	                    Index Cond: ((id >= 8469090) AND (id <= 8470089))

table 4 : explain SELECT DISTINCT c FROM sbtest4 WHERE id BETWEEN 1329755 AND 1330754 ORDER BY c
	Unique  (cost=4126.39..4131.65 rows=1053 width=121)
	  ->  Sort  (cost=4126.39..4129.02 rows=1053 width=121)
	        Sort Key: c
	        ->  Bitmap Heap Scan on sbtest4  (cost=31.23..4073.52 rows=1053 width=121)
	              Recheck Cond: ((id >= 1329755) AND (id <= 1330754))
	              ->  Bitmap Index Scan on sbtest4_pkey  (cost=0.00..30.96 rows=1053 width=0)
	                    Index Cond: ((id >= 1329755) AND (id <= 1330754))

table 5 : explain SELECT DISTINCT c FROM sbtest5 WHERE id BETWEEN 4824889 AND 4825888 ORDER BY c
	Unique  (cost=3874.05..3878.98 rows=987 width=121)
	  ->  Sort  (cost=3874.05..3876.52 rows=987 width=121)
	        Sort Key: c
	        ->  Bitmap Heap Scan on sbtest5  (cost=30.55..3824.96 rows=987 width=121)
	              Recheck Cond: ((id >= 4824889) AND (id <= 4825888))
	              ->  Bitmap Index Scan on sbtest5_pkey  (cost=0.00..30.30 rows=987 width=0)
	                    Index Cond: ((id >= 4824889) AND (id <= 4825888))

table 6 : explain SELECT DISTINCT c FROM sbtest6 WHERE id BETWEEN 5394807 AND 5395806 ORDER BY c
	Unique  (cost=4225.70..4231.09 rows=1078 width=121)
	  ->  Sort  (cost=4225.70..4228.39 rows=1078 width=121)
	        Sort Key: c
	        ->  Bitmap Heap Scan on sbtest6  (cost=35.48..4171.40 rows=1078 width=121)
	              Recheck Cond: ((id >= 5394807) AND (id <= 5395806))
	              ->  Bitmap Index Scan on sbtest6_pkey  (cost=0.00..35.22 rows=1078 width=0)
	                    Index Cond: ((id >= 5394807) AND (id <= 5395806))

table 7 : explain SELECT DISTINCT c FROM sbtest7 WHERE id BETWEEN 8087943 AND 8088942 ORDER BY c
	Unique  (cost=4193.03..4198.38 rows=1070 width=121)
	  ->  Sort  (cost=4193.03..4195.70 rows=1070 width=121)
	        Sort Key: c
	        ->  Bitmap Heap Scan on sbtest7  (cost=35.40..4139.19 rows=1070 width=121)
	              Recheck Cond: ((id >= 8087943) AND (id <= 8088942))
	              ->  Bitmap Index Scan on sbtest7_pkey  (cost=0.00..35.14 rows=1070 width=0)
	                    Index Cond: ((id >= 8087943) AND (id <= 8088942))

table 8 : explain SELECT DISTINCT c FROM sbtest8 WHERE id BETWEEN 1021961 AND 1022960 ORDER BY c
	Unique  (cost=3728.35..3733.09 rows=949 width=121)
	  ->  Sort  (cost=3728.35..3730.72 rows=949 width=121)
	        Sort Key: c
	        ->  Bitmap Heap Scan on sbtest8  (cost=30.16..3681.42 rows=949 width=121)
	              Recheck Cond: ((id >= 1021961) AND (id <= 1022960))
	              ->  Bitmap Index Scan on sbtest8_pkey  (cost=0.00..29.93 rows=949 width=0)
	                    Index Cond: ((id >= 1021961) AND (id <= 1022960))

for: sum_ranges
table 1 : explain SELECT SUM(k) FROM sbtest1 WHERE id BETWEEN 7672680 AND 7673679
	Aggregate  (cost=4070.33..4070.34 rows=1 width=8)
	  ->  Bitmap Heap Scan on sbtest1  (cost=31.21..4067.70 rows=1051 width=4)
	        Recheck Cond: ((id >= 7672680) AND (id <= 7673679))
	        ->  Bitmap Index Scan on sbtest1_pkey  (cost=0.00..30.94 rows=1051 width=0)
	              Index Cond: ((id >= 7672680) AND (id <= 7673679))

table 2 : explain SELECT SUM(k) FROM sbtest2 WHERE id BETWEEN 4947197 AND 4948196
	Aggregate  (cost=3944.23..3944.24 rows=1 width=8)
	  ->  Bitmap Heap Scan on sbtest2  (cost=30.87..3941.68 rows=1018 width=4)
	        Recheck Cond: ((id >= 4947197) AND (id <= 4948196))
	        ->  Bitmap Index Scan on sbtest2_pkey  (cost=0.00..30.61 rows=1018 width=0)
	              Index Cond: ((id >= 4947197) AND (id <= 4948196))

table 3 : explain SELECT SUM(k) FROM sbtest3 WHERE id BETWEEN 860576 AND 861575
	Aggregate  (cost=3557.23..3557.24 rows=1 width=8)
	  ->  Bitmap Heap Scan on sbtest3  (cost=29.82..3554.94 rows=916 width=4)
	        Recheck Cond: ((id >= 860576) AND (id <= 861575))
	        ->  Bitmap Index Scan on sbtest3_pkey  (cost=0.00..29.59 rows=916 width=0)
	              Index Cond: ((id >= 860576) AND (id <= 861575))

table 4 : explain SELECT SUM(k) FROM sbtest4 WHERE id BETWEEN 8299115 AND 8300114
	Aggregate  (cost=3929.07..3929.08 rows=1 width=8)
	  ->  Bitmap Heap Scan on sbtest4  (cost=30.83..3926.54 rows=1014 width=4)
	        Recheck Cond: ((id >= 8299115) AND (id <= 8300114))
	        ->  Bitmap Index Scan on sbtest4_pkey  (cost=0.00..30.57 rows=1014 width=0)
	              Index Cond: ((id >= 8299115) AND (id <= 8300114))

table 5 : explain SELECT SUM(k) FROM sbtest5 WHERE id BETWEEN 6918022 AND 6919021
	Aggregate  (cost=3714.04..3714.05 rows=1 width=8)
	  ->  Bitmap Heap Scan on sbtest5  (cost=30.24..3711.65 rows=957 width=4)
	        Recheck Cond: ((id >= 6918022) AND (id <= 6919021))
	        ->  Bitmap Index Scan on sbtest5_pkey  (cost=0.00..30.00 rows=957 width=0)
	              Index Cond: ((id >= 6918022) AND (id <= 6919021))

table 6 : explain SELECT SUM(k) FROM sbtest6 WHERE id BETWEEN 8365588 AND 8366587
	Aggregate  (cost=4019.37..4019.38 rows=1 width=8)
	  ->  Bitmap Heap Scan on sbtest6  (cost=31.07..4016.78 rows=1038 width=4)
	        Recheck Cond: ((id >= 8365588) AND (id <= 8366587))
	        ->  Bitmap Index Scan on sbtest6_pkey  (cost=0.00..30.82 rows=1038 width=0)
	              Index Cond: ((id >= 8365588) AND (id <= 8366587))

table 7 : explain SELECT SUM(k) FROM sbtest7 WHERE id BETWEEN 8767780 AND 8768779
	Aggregate  (cost=3749.55..3749.56 rows=1 width=8)
	  ->  Bitmap Heap Scan on sbtest7  (cost=30.35..3747.13 rows=967 width=4)
	        Recheck Cond: ((id >= 8767780) AND (id <= 8768779))
	        ->  Bitmap Index Scan on sbtest7_pkey  (cost=0.00..30.11 rows=967 width=0)
	              Index Cond: ((id >= 8767780) AND (id <= 8768779))

table 8 : explain SELECT SUM(k) FROM sbtest8 WHERE id BETWEEN 143477 AND 144476
	Aggregate  (cost=3831.21..3831.22 rows=1 width=8)
	  ->  Bitmap Heap Scan on sbtest8  (cost=30.56..3828.74 rows=988 width=4)
	        Recheck Cond: ((id >= 143477) AND (id <= 144476))
	        ->  Bitmap Index Scan on sbtest8_pkey  (cost=0.00..30.32 rows=988 width=0)
	              Index Cond: ((id >= 143477) AND (id <= 144476))

for: sum_ranges
table 1 : explain SELECT SUM(k) FROM sbtest1 WHERE id BETWEEN 505028 AND 506027
	Aggregate  (cost=3964.67..3964.68 rows=1 width=8)
	  ->  Bitmap Heap Scan on sbtest1  (cost=30.92..3962.11 rows=1023 width=4)
	        Recheck Cond: ((id >= 505028) AND (id <= 506027))
	        ->  Bitmap Index Scan on sbtest1_pkey  (cost=0.00..30.66 rows=1023 width=0)
	              Index Cond: ((id >= 505028) AND (id <= 506027))

table 2 : explain SELECT SUM(k) FROM sbtest2 WHERE id BETWEEN 1549062 AND 1550061
	Aggregate  (cost=3520.81..3520.82 rows=1 width=8)
	  ->  Bitmap Heap Scan on sbtest2  (cost=29.72..3518.54 rows=906 width=4)
	        Recheck Cond: ((id >= 1549062) AND (id <= 1550061))
	        ->  Bitmap Index Scan on sbtest2_pkey  (cost=0.00..29.50 rows=906 width=0)
	              Index Cond: ((id >= 1549062) AND (id <= 1550061))

table 3 : explain SELECT SUM(k) FROM sbtest3 WHERE id BETWEEN 4509013 AND 4510012
	Aggregate  (cost=3742.49..3742.50 rows=1 width=8)
	  ->  Bitmap Heap Scan on sbtest3  (cost=30.33..3740.08 rows=965 width=4)
	        Recheck Cond: ((id >= 4509013) AND (id <= 4510012))
	        ->  Bitmap Index Scan on sbtest3_pkey  (cost=0.00..30.08 rows=965 width=0)
	              Index Cond: ((id >= 4509013) AND (id <= 4510012))

table 4 : explain SELECT SUM(k) FROM sbtest4 WHERE id BETWEEN 8604007 AND 8605006
	Aggregate  (cost=3694.85..3694.86 rows=1 width=8)
	  ->  Bitmap Heap Scan on sbtest4  (cost=30.19..3692.47 rows=952 width=4)
	        Recheck Cond: ((id >= 8604007) AND (id <= 8605006))
	        ->  Bitmap Index Scan on sbtest4_pkey  (cost=0.00..29.95 rows=952 width=0)
	              Index Cond: ((id >= 8604007) AND (id <= 8605006))

table 5 : explain SELECT SUM(k) FROM sbtest5 WHERE id BETWEEN 5868643 AND 5869642
	Aggregate  (cost=4076.48..4076.49 rows=1 width=8)
	  ->  Bitmap Heap Scan on sbtest5  (cost=31.23..4073.85 rows=1053 width=4)
	        Recheck Cond: ((id >= 5868643) AND (id <= 5869642))
	        ->  Bitmap Index Scan on sbtest5_pkey  (cost=0.00..30.96 rows=1053 width=0)
	              Index Cond: ((id >= 5868643) AND (id <= 5869642))

table 6 : explain SELECT SUM(k) FROM sbtest6 WHERE id BETWEEN 5742343 AND 5743342
	Aggregate  (cost=4207.98..4207.99 rows=1 width=8)
	  ->  Bitmap Heap Scan on sbtest6  (cost=35.58..4205.26 rows=1087 width=4)
	        Recheck Cond: ((id >= 5742343) AND (id <= 5743342))
	        ->  Bitmap Index Scan on sbtest6_pkey  (cost=0.00..35.31 rows=1087 width=0)
	              Index Cond: ((id >= 5742343) AND (id <= 5743342))

table 7 : explain SELECT SUM(k) FROM sbtest7 WHERE id BETWEEN 4448240 AND 4449239
	Aggregate  (cost=3813.73..3813.74 rows=1 width=8)
	  ->  Bitmap Heap Scan on sbtest7  (cost=30.52..3811.27 rows=984 width=4)
	        Recheck Cond: ((id >= 4448240) AND (id <= 4449239))
	        ->  Bitmap Index Scan on sbtest7_pkey  (cost=0.00..30.27 rows=984 width=0)
	              Index Cond: ((id >= 4448240) AND (id <= 4449239))

table 8 : explain SELECT SUM(k) FROM sbtest8 WHERE id BETWEEN 666408 AND 667407
	Aggregate  (cost=3547.53..3547.54 rows=1 width=8)
	  ->  Bitmap Heap Scan on sbtest8  (cost=29.79..3545.25 rows=913 width=4)
	        Recheck Cond: ((id >= 666408) AND (id <= 667407))
	        ->  Bitmap Index Scan on sbtest8_pkey  (cost=0.00..29.57 rows=913 width=0)
	              Index Cond: ((id >= 666408) AND (id <= 667407))

for point_selects
table 1 : explain SELECT c FROM sbtest1 WHERE id=2870372
	Index Scan using sbtest1_pkey on sbtest1  (cost=0.43..8.45 rows=1 width=121)
	  Index Cond: (id = 2870372)

table 2 : explain SELECT c FROM sbtest2 WHERE id=3147082
	Index Scan using sbtest2_pkey on sbtest2  (cost=0.43..8.45 rows=1 width=121)
	  Index Cond: (id = 3147082)

table 3 : explain SELECT c FROM sbtest3 WHERE id=9033125
	Index Scan using sbtest3_pkey on sbtest3  (cost=0.43..8.45 rows=1 width=121)
	  Index Cond: (id = 9033125)

table 4 : explain SELECT c FROM sbtest4 WHERE id=4118403
	Index Scan using sbtest4_pkey on sbtest4  (cost=0.43..8.45 rows=1 width=121)
	  Index Cond: (id = 4118403)

table 5 : explain SELECT c FROM sbtest5 WHERE id=8375766
	Index Scan using sbtest5_pkey on sbtest5  (cost=0.43..8.45 rows=1 width=121)
	  Index Cond: (id = 8375766)

table 6 : explain SELECT c FROM sbtest6 WHERE id=9687617
	Index Scan using sbtest6_pkey on sbtest6  (cost=0.43..8.45 rows=1 width=121)
	  Index Cond: (id = 9687617)

table 7 : explain SELECT c FROM sbtest7 WHERE id=5201103
	Index Scan using sbtest7_pkey on sbtest7  (cost=0.43..8.45 rows=1 width=121)
	  Index Cond: (id = 5201103)

table 8 : explain SELECT c FROM sbtest8 WHERE id=762103
	Index Scan using sbtest8_pkey on sbtest8  (cost=0.43..8.45 rows=1 width=121)
	  Index Cond: (id = 762103)
for point_selects
table 1 : explain SELECT c FROM sbtest1 WHERE id=5127195
	Index Scan using sbtest1_pkey on sbtest1  (cost=0.43..8.45 rows=1 width=121)
	  Index Cond: (id = 5127195)

table 2 : explain SELECT c FROM sbtest2 WHERE id=814904
	Index Scan using sbtest2_pkey on sbtest2  (cost=0.43..8.45 rows=1 width=121)
	  Index Cond: (id = 814904)

table 3 : explain SELECT c FROM sbtest3 WHERE id=209967
	Index Scan using sbtest3_pkey on sbtest3  (cost=0.43..8.45 rows=1 width=121)
	  Index Cond: (id = 209967)

table 4 : explain SELECT c FROM sbtest4 WHERE id=187781
	Index Scan using sbtest4_pkey on sbtest4  (cost=0.43..8.45 rows=1 width=121)
	  Index Cond: (id = 187781)

table 5 : explain SELECT c FROM sbtest5 WHERE id=4715269
	Index Scan using sbtest5_pkey on sbtest5  (cost=0.43..8.45 rows=1 width=121)
	  Index Cond: (id = 4715269)

table 6 : explain SELECT c FROM sbtest6 WHERE id=3205693
	Index Scan using sbtest6_pkey on sbtest6  (cost=0.43..8.45 rows=1 width=121)
	  Index Cond: (id = 3205693)

table 7 : explain SELECT c FROM sbtest7 WHERE id=1250324
	Index Scan using sbtest7_pkey on sbtest7  (cost=0.43..8.45 rows=1 width=121)
	  Index Cond: (id = 1250324)

table 8 : explain SELECT c FROM sbtest8 WHERE id=6905269
	Index Scan using sbtest8_pkey on sbtest8  (cost=0.43..8.45 rows=1 width=121)
	  Index Cond: (id = 6905269)


for: order_ranges
table 1 : explain SELECT c FROM sbtest1 WHERE id BETWEEN 2923687 AND 2924686 ORDER BY c
	Sort  (cost=3871.47..3873.94 rows=986 width=121)
	  Sort Key: c
	  ->  Bitmap Heap Scan on sbtest1  (cost=30.54..3822.44 rows=986 width=121)
	        Recheck Cond: ((id >= 2923687) AND (id <= 2924686))
	        ->  Bitmap Index Scan on sbtest1_pkey  (cost=0.00..30.29 rows=986 width=0)
	              Index Cond: ((id >= 2923687) AND (id <= 2924686))

table 2 : explain SELECT c FROM sbtest2 WHERE id BETWEEN 8710730 AND 8711729 ORDER BY c
	Sort  (cost=4049.95..4052.53 rows=1033 width=121)
	  Sort Key: c
	  ->  Bitmap Heap Scan on sbtest2  (cost=31.02..3998.23 rows=1033 width=121)
	        Recheck Cond: ((id >= 8710730) AND (id <= 8711729))
	        ->  Bitmap Index Scan on sbtest2_pkey  (cost=0.00..30.76 rows=1033 width=0)
	              Index Cond: ((id >= 8710730) AND (id <= 8711729))

table 3 : explain SELECT c FROM sbtest3 WHERE id BETWEEN 2102628 AND 2103627 ORDER BY c
	Sort  (cost=3887.51..3889.99 rows=991 width=121)
	  Sort Key: c
	  ->  Bitmap Heap Scan on sbtest3  (cost=30.59..3838.19 rows=991 width=121)
	        Recheck Cond: ((id >= 2102628) AND (id <= 2103627))
	        ->  Bitmap Index Scan on sbtest3_pkey  (cost=0.00..30.34 rows=991 width=0)
	              Index Cond: ((id >= 2102628) AND (id <= 2103627))

table 4 : explain SELECT c FROM sbtest4 WHERE id BETWEEN 3027190 AND 3028189 ORDER BY c
	Sort  (cost=3766.42..3768.82 rows=959 width=121)
	  Sort Key: c
	  ->  Bitmap Heap Scan on sbtest4  (cost=30.26..3718.93 rows=959 width=121)
	        Recheck Cond: ((id >= 3027190) AND (id <= 3028189))
	        ->  Bitmap Index Scan on sbtest4_pkey  (cost=0.00..30.02 rows=959 width=0)
	              Index Cond: ((id >= 3027190) AND (id <= 3028189))

table 5 : explain SELECT c FROM sbtest5 WHERE id BETWEEN 315378 AND 316377 ORDER BY c
	Sort  (cost=3943.01..3945.52 rows=1005 width=121)
	  Sort Key: c
	  ->  Bitmap Heap Scan on sbtest5  (cost=30.74..3892.89 rows=1005 width=121)
	        Recheck Cond: ((id >= 315378) AND (id <= 316377))
	        ->  Bitmap Index Scan on sbtest5_pkey  (cost=0.00..30.48 rows=1005 width=0)
	              Index Cond: ((id >= 315378) AND (id <= 316377))

table 6 : explain SELECT c FROM sbtest6 WHERE id BETWEEN 5253894 AND 5254893 ORDER BY c
	Sort  (cost=3770.05..3772.45 rows=960 width=121)
	  Sort Key: c
	  ->  Bitmap Heap Scan on sbtest6  (cost=30.27..3722.50 rows=960 width=121)
	        Recheck Cond: ((id >= 5253894) AND (id <= 5254893))
	        ->  Bitmap Index Scan on sbtest6_pkey  (cost=0.00..30.04 rows=960 width=0)
	              Index Cond: ((id >= 5253894) AND (id <= 5254893))

table 7 : explain SELECT c FROM sbtest7 WHERE id BETWEEN 1434558 AND 1435557 ORDER BY c
	Sort  (cost=3955.87..3958.40 rows=1009 width=121)
	  Sort Key: c
	  ->  Bitmap Heap Scan on sbtest7  (cost=30.78..3905.53 rows=1009 width=121)
	        Recheck Cond: ((id >= 1434558) AND (id <= 1435557))
	        ->  Bitmap Index Scan on sbtest7_pkey  (cost=0.00..30.52 rows=1009 width=0)
	              Index Cond: ((id >= 1434558) AND (id <= 1435557))

table 8 : explain SELECT c FROM sbtest8 WHERE id BETWEEN 540693 AND 541692 ORDER BY c
	Sort  (cost=3720.67..3723.04 rows=947 width=121)
	  Sort Key: c
	  ->  Bitmap Heap Scan on sbtest8  (cost=30.14..3673.86 rows=947 width=121)
	        Recheck Cond: ((id >= 540693) AND (id <= 541692))
	        ->  Bitmap Index Scan on sbtest8_pkey  (cost=0.00..29.90 rows=947 width=0)
	              Index Cond: ((id >= 540693) AND (id <= 541692))

explain: for point_selects :: explain SELECT c FROM sbtest%u WHERE id=%u
for: order_ranges
table 1 : explain SELECT c FROM sbtest1 WHERE id BETWEEN 4703167 AND 4704166 ORDER BY c
	Sort  (cost=3844.63..3847.08 rows=979 width=121)
	  Sort Key: c
	  ->  Bitmap Heap Scan on sbtest1  (cost=30.47..3796.00 rows=979 width=121)
	        Recheck Cond: ((id >= 4703167) AND (id <= 4704166))
	        ->  Bitmap Index Scan on sbtest1_pkey  (cost=0.00..30.22 rows=979 width=0)
	              Index Cond: ((id >= 4703167) AND (id <= 4704166))

table 2 : explain SELECT c FROM sbtest2 WHERE id BETWEEN 2507764 AND 2508763 ORDER BY c
	Sort  (cost=3858.48..3860.94 rows=983 width=121)
	  Sort Key: c
	  ->  Bitmap Heap Scan on sbtest2  (cost=30.51..3809.62 rows=983 width=121)
	        Recheck Cond: ((id >= 2507764) AND (id <= 2508763))
	        ->  Bitmap Index Scan on sbtest2_pkey  (cost=0.00..30.26 rows=983 width=0)
	              Index Cond: ((id >= 2507764) AND (id <= 2508763))

table 3 : explain SELECT c FROM sbtest3 WHERE id BETWEEN 9571092 AND 9572091 ORDER BY c
	Sort  (cost=3960.23..3962.76 rows=1010 width=121)
	  Sort Key: c
	  ->  Bitmap Heap Scan on sbtest3  (cost=30.79..3909.83 rows=1010 width=121)
	        Recheck Cond: ((id >= 9571092) AND (id <= 9572091))
	        ->  Bitmap Index Scan on sbtest3_pkey  (cost=0.00..30.54 rows=1010 width=0)
	              Index Cond: ((id >= 9571092) AND (id <= 9572091))

table 4 : explain SELECT c FROM sbtest4 WHERE id BETWEEN 3066645 AND 3067644 ORDER BY c
	Sort  (cost=3766.42..3768.82 rows=959 width=121)
	  Sort Key: c
	  ->  Bitmap Heap Scan on sbtest4  (cost=30.26..3718.93 rows=959 width=121)
	        Recheck Cond: ((id >= 3066645) AND (id <= 3067644))
	        ->  Bitmap Index Scan on sbtest4_pkey  (cost=0.00..30.02 rows=959 width=0)
	              Index Cond: ((id >= 3066645) AND (id <= 3067644))

table 5 : explain SELECT c FROM sbtest5 WHERE id BETWEEN 4678405 AND 4679404 ORDER BY c
	Sort  (cost=3709.16..3711.52 rows=944 width=121)
	  Sort Key: c
	  ->  Bitmap Heap Scan on sbtest5  (cost=30.11..3662.51 rows=944 width=121)
	        Recheck Cond: ((id >= 4678405) AND (id <= 4679404))
	        ->  Bitmap Index Scan on sbtest5_pkey  (cost=0.00..29.87 rows=944 width=0)
	              Index Cond: ((id >= 4678405) AND (id <= 4679404))

table 6 : explain SELECT c FROM sbtest6 WHERE id BETWEEN 9963858 AND 9964857 ORDER BY c
	Sort  (cost=4042.00..4044.58 rows=1031 width=121)
	  Sort Key: c
	  ->  Bitmap Heap Scan on sbtest6  (cost=31.00..3990.40 rows=1031 width=121)
	        Recheck Cond: ((id >= 9963858) AND (id <= 9964857))
	        ->  Bitmap Index Scan on sbtest6_pkey  (cost=0.00..30.75 rows=1031 width=0)
	              Index Cond: ((id >= 9963858) AND (id <= 9964857))

table 7 : explain SELECT c FROM sbtest7 WHERE id BETWEEN 5211378 AND 5212377 ORDER BY c
	Sort  (cost=3749.10..3751.49 rows=955 width=121)
	  Sort Key: c
	  ->  Bitmap Heap Scan on sbtest7  (cost=30.22..3701.83 rows=955 width=121)
	        Recheck Cond: ((id >= 5211378) AND (id <= 5212377))
	        ->  Bitmap Index Scan on sbtest7_pkey  (cost=0.00..29.98 rows=955 width=0)
	              Index Cond: ((id >= 5211378) AND (id <= 5212377))

table 8 : explain SELECT c FROM sbtest8 WHERE id BETWEEN 3111513 AND 3112512 ORDER BY c
	Sort  (cost=3912.37..3914.86 rows=997 width=121)
	  Sort Key: c
	  ->  Bitmap Heap Scan on sbtest8  (cost=30.65..3862.71 rows=997 width=121)
	        Recheck Cond: ((id >= 3111513) AND (id <= 3112512))
	        ->  Bitmap Index Scan on sbtest8_pkey  (cost=0.00..30.40 rows=997 width=0)
	              Index Cond: ((id >= 3111513) AND (id <= 3112512))

for: simple_ranges
table 1 : explain SELECT c FROM sbtest1 WHERE id BETWEEN 3212488 AND 3213487
	Bitmap Heap Scan on sbtest1  (cost=30.84..3931.93 rows=1015 width=121)
	  Recheck Cond: ((id >= 3212488) AND (id <= 3213487))
	  ->  Bitmap Index Scan on sbtest1_pkey  (cost=0.00..30.58 rows=1015 width=0)
	        Index Cond: ((id >= 3212488) AND (id <= 3213487))

table 2 : explain SELECT c FROM sbtest2 WHERE id BETWEEN 7685600 AND 7686599
	Bitmap Heap Scan on sbtest2  (cost=35.42..4149.13 rows=1072 width=121)
	  Recheck Cond: ((id >= 7685600) AND (id <= 7686599))
	  ->  Bitmap Index Scan on sbtest2_pkey  (cost=0.00..35.16 rows=1072 width=0)
	        Index Cond: ((id >= 7685600) AND (id <= 7686599))

table 3 : explain SELECT c FROM sbtest3 WHERE id BETWEEN 4133497 AND 4134496
	Bitmap Heap Scan on sbtest3  (cost=30.10..3657.00 rows=943 width=121)
	  Recheck Cond: ((id >= 4133497) AND (id <= 4134496))
	  ->  Bitmap Index Scan on sbtest3_pkey  (cost=0.00..29.86 rows=943 width=0)
	        Index Cond: ((id >= 4133497) AND (id <= 4134496))

table 4 : explain SELECT c FROM sbtest4 WHERE id BETWEEN 6603566 AND 6604565
	Bitmap Heap Scan on sbtest4  (cost=35.53..4186.70 rows=1082 width=121)
	  Recheck Cond: ((id >= 6603566) AND (id <= 6604565))
	  ->  Bitmap Index Scan on sbtest4_pkey  (cost=0.00..35.26 rows=1082 width=0)
	        Index Cond: ((id >= 6603566) AND (id <= 6604565))

table 5 : explain SELECT c FROM sbtest5 WHERE id BETWEEN 5584144 AND 5585143
	Bitmap Heap Scan on sbtest5  (cost=30.91..3957.01 rows=1022 width=121)
	  Recheck Cond: ((id >= 5584144) AND (id <= 5585143))
	  ->  Bitmap Index Scan on sbtest5_pkey  (cost=0.00..30.65 rows=1022 width=0)
	        Index Cond: ((id >= 5584144) AND (id <= 5585143))

table 6 : explain SELECT c FROM sbtest6 WHERE id BETWEEN 6987316 AND 6988315
	Bitmap Heap Scan on sbtest6  (cost=30.42..3775.37 rows=974 width=121)
	  Recheck Cond: ((id >= 6987316) AND (id <= 6988315))
	  ->  Bitmap Index Scan on sbtest6_pkey  (cost=0.00..30.18 rows=974 width=0)
	        Index Cond: ((id >= 6987316) AND (id <= 6988315))

table 7 : explain SELECT c FROM sbtest7 WHERE id BETWEEN 1113449 AND 1114448
	Bitmap Heap Scan on sbtest7  (cost=30.80..3913.07 rows=1011 width=121)
	  Recheck Cond: ((id >= 1113449) AND (id <= 1114448))
	  ->  Bitmap Index Scan on sbtest7_pkey  (cost=0.00..30.54 rows=1011 width=0)
	        Index Cond: ((id >= 1113449) AND (id <= 1114448))

table 8 : explain SELECT c FROM sbtest8 WHERE id BETWEEN 3986055 AND 3987054
	Bitmap Heap Scan on sbtest8  (cost=30.12..3666.30 rows=945 width=121)
	  Recheck Cond: ((id >= 3986055) AND (id <= 3987054))
	  ->  Bitmap Index Scan on sbtest8_pkey  (cost=0.00..29.89 rows=945 width=0)
	        Index Cond: ((id >= 3986055) AND (id <= 3987054))

for: order_ranges
table 1 : explain SELECT c FROM sbtest1 WHERE id BETWEEN 2303297 AND 2304296 ORDER BY c
	Sort  (cost=4384.39..4387.18 rows=1119 width=121)
	  Sort Key: c
	  ->  Bitmap Heap Scan on sbtest1  (cost=35.90..4327.72 rows=1119 width=121)
	        Recheck Cond: ((id >= 2303297) AND (id <= 2304296))
	        ->  Bitmap Index Scan on sbtest1_pkey  (cost=0.00..35.62 rows=1119 width=0)
	              Index Cond: ((id >= 2303297) AND (id <= 2304296))

table 2 : explain SELECT c FROM sbtest2 WHERE id BETWEEN 5394343 AND 5395342 ORDER BY c
	Sort  (cost=4011.68..4014.24 rows=1023 width=121)
	  Sort Key: c
	  ->  Bitmap Heap Scan on sbtest2  (cost=30.92..3960.54 rows=1023 width=121)
	        Recheck Cond: ((id >= 5394343) AND (id <= 5395342))
	        ->  Bitmap Index Scan on sbtest2_pkey  (cost=0.00..30.66 rows=1023 width=0)
	              Index Cond: ((id >= 5394343) AND (id <= 5395342))

table 3 : explain SELECT c FROM sbtest3 WHERE id BETWEEN 4659177 AND 4660176 ORDER BY c
	Sort  (cost=3868.36..3870.83 rows=986 width=121)
	  Sort Key: c
	  ->  Bitmap Heap Scan on sbtest3  (cost=30.54..3819.33 rows=986 width=121)
	        Recheck Cond: ((id >= 4659177) AND (id <= 4660176))
	        ->  Bitmap Index Scan on sbtest3_pkey  (cost=0.00..30.29 rows=986 width=0)
	              Index Cond: ((id >= 4659177) AND (id <= 4660176))

table 4 : explain SELECT c FROM sbtest4 WHERE id BETWEEN 4998281 AND 4999280 ORDER BY c
	Sort  (cost=4057.54..4060.13 rows=1035 width=121)
	  Sort Key: c
	  ->  Bitmap Heap Scan on sbtest4  (cost=31.04..4005.71 rows=1035 width=121)
	        Recheck Cond: ((id >= 4998281) AND (id <= 4999280))
	        ->  Bitmap Index Scan on sbtest4_pkey  (cost=0.00..30.79 rows=1035 width=0)
	              Index Cond: ((id >= 4998281) AND (id <= 4999280))

table 5 : explain SELECT c FROM sbtest5 WHERE id BETWEEN 8198072 AND 8199071 ORDER BY c
	Sort  (cost=4061.68..4064.27 rows=1036 width=121)
	  Sort Key: c
	  ->  Bitmap Heap Scan on sbtest5  (cost=31.05..4009.79 rows=1036 width=121)
	        Recheck Cond: ((id >= 8198072) AND (id <= 8199071))
	        ->  Bitmap Index Scan on sbtest5_pkey  (cost=0.00..30.79 rows=1036 width=0)
	              Index Cond: ((id >= 8198072) AND (id <= 8199071))

table 6 : explain SELECT c FROM sbtest6 WHERE id BETWEEN 2323879 AND 2324878 ORDER BY c
	Sort  (cost=3823.72..3826.16 rows=974 width=121)
	  Sort Key: c
	  ->  Bitmap Heap Scan on sbtest6  (cost=30.42..3775.37 rows=974 width=121)
	        Recheck Cond: ((id >= 2323879) AND (id <= 2324878))
	        ->  Bitmap Index Scan on sbtest6_pkey  (cost=0.00..30.18 rows=974 width=0)
	              Index Cond: ((id >= 2323879) AND (id <= 2324878))

table 7 : explain SELECT c FROM sbtest7 WHERE id BETWEEN 7439701 AND 7440700 ORDER BY c
	Sort  (cost=4089.88..4092.49 rows=1043 width=121)
	  Sort Key: c
	  ->  Bitmap Heap Scan on sbtest7  (cost=35.13..4037.60 rows=1043 width=121)
	        Recheck Cond: ((id >= 7439701) AND (id <= 7440700))
	        ->  Bitmap Index Scan on sbtest7_pkey  (cost=0.00..34.87 rows=1043 width=0)
	              Index Cond: ((id >= 7439701) AND (id <= 7440700))

table 8 : explain SELECT c FROM sbtest8 WHERE id BETWEEN 187287 AND 188286 ORDER BY c
	Sort  (cost=3877.89..3880.36 rows=988 width=121)
	  Sort Key: c
	  ->  Bitmap Heap Scan on sbtest8  (cost=30.56..3828.74 rows=988 width=121)
	        Recheck Cond: ((id >= 187287) AND (id <= 188286))
	        ->  Bitmap Index Scan on sbtest8_pkey  (cost=0.00..30.32 rows=988 width=0)
	              Index Cond: ((id >= 187287) AND (id <= 188286))

for: simple_ranges
table 1 : explain SELECT c FROM sbtest1 WHERE id BETWEEN 5455212 AND 5456211
	Bitmap Heap Scan on sbtest1  (cost=30.75..3897.96 rows=1006 width=121)
	  Recheck Cond: ((id >= 5455212) AND (id <= 5456211))
	  ->  Bitmap Index Scan on sbtest1_pkey  (cost=0.00..30.50 rows=1006 width=0)
	        Index Cond: ((id >= 5455212) AND (id <= 5456211))

table 2 : explain SELECT c FROM sbtest2 WHERE id BETWEEN 6812771 AND 6813770
	Bitmap Heap Scan on sbtest2  (cost=31.08..4020.84 rows=1039 width=121)
	  Recheck Cond: ((id >= 6812771) AND (id <= 6813770))
	  ->  Bitmap Index Scan on sbtest2_pkey  (cost=0.00..30.82 rows=1039 width=0)
	        Index Cond: ((id >= 6812771) AND (id <= 6813770))

table 3 : explain SELECT c FROM sbtest3 WHERE id BETWEEN 2032916 AND 2033915
	Bitmap Heap Scan on sbtest3  (cost=30.59..3838.19 rows=991 width=121)
	  Recheck Cond: ((id >= 2032916) AND (id <= 2033915))
	  ->  Bitmap Index Scan on sbtest3_pkey  (cost=0.00..30.34 rows=991 width=0)
	        Index Cond: ((id >= 2032916) AND (id <= 2033915))

table 4 : explain SELECT c FROM sbtest4 WHERE id BETWEEN 2592079 AND 2593078
	Bitmap Heap Scan on sbtest4  (cost=35.47..4167.88 rows=1077 width=121)
	  Recheck Cond: ((id >= 2592079) AND (id <= 2593078))
	  ->  Bitmap Index Scan on sbtest4_pkey  (cost=0.00..35.20 rows=1077 width=0)
	        Index Cond: ((id >= 2592079) AND (id <= 2593078))

table 5 : explain SELECT c FROM sbtest5 WHERE id BETWEEN 5616722 AND 5617721
	Bitmap Heap Scan on sbtest5  (cost=29.95..3602.00 rows=928 width=121)
	  Recheck Cond: ((id >= 5616722) AND (id <= 5617721))
	  ->  Bitmap Index Scan on sbtest5_pkey  (cost=0.00..29.71 rows=928 width=0)
	        Index Cond: ((id >= 5616722) AND (id <= 5617721))

table 6 : explain SELECT c FROM sbtest6 WHERE id BETWEEN 82590 AND 83589
	Bitmap Heap Scan on sbtest6  (cost=30.58..3835.77 rows=990 width=121)
	  Recheck Cond: ((id >= 82590) AND (id <= 83589))
	  ->  Bitmap Index Scan on sbtest6_pkey  (cost=0.00..30.33 rows=990 width=0)
	        Index Cond: ((id >= 82590) AND (id <= 83589))

table 7 : explain SELECT c FROM sbtest7 WHERE id BETWEEN 1225902 AND 1226901
	Bitmap Heap Scan on sbtest7  (cost=30.29..3724.48 rows=961 width=121)
	  Recheck Cond: ((id >= 1225902) AND (id <= 1226901))
	  ->  Bitmap Index Scan on sbtest7_pkey  (cost=0.00..30.04 rows=961 width=0)
	        Index Cond: ((id >= 1225902) AND (id <= 1226901))

table 8 : explain SELECT c FROM sbtest8 WHERE id BETWEEN 8833824 AND 8834823
	Bitmap Heap Scan on sbtest8  (cost=35.23..4077.85 rows=1053 width=121)
	  Recheck Cond: ((id >= 8833824) AND (id <= 8834823))
	  ->  Bitmap Index Scan on sbtest8_pkey  (cost=0.00..34.97 rows=1053 width=0)
	        Index Cond: ((id >= 8833824) AND (id <= 8834823))

for: order_ranges
table 1 : explain SELECT c FROM sbtest1 WHERE id BETWEEN 4709054 AND 4710053 ORDER BY c
	Sort  (cost=3844.63..3847.08 rows=979 width=121)
	  Sort Key: c
	  ->  Bitmap Heap Scan on sbtest1  (cost=30.47..3796.00 rows=979 width=121)
	        Recheck Cond: ((id >= 4709054) AND (id <= 4710053))
	        ->  Bitmap Index Scan on sbtest1_pkey  (cost=0.00..30.22 rows=979 width=0)
	              Index Cond: ((id >= 4709054) AND (id <= 4710053))

table 2 : explain SELECT c FROM sbtest2 WHERE id BETWEEN 5827601 AND 5828600 ORDER BY c
	Sort  (cost=4256.58..4259.29 rows=1086 width=121)
	  Sort Key: c
	  ->  Bitmap Heap Scan on sbtest2  (cost=35.57..4201.82 rows=1086 width=121)
	        Recheck Cond: ((id >= 5827601) AND (id <= 5828600))
	        ->  Bitmap Index Scan on sbtest2_pkey  (cost=0.00..35.30 rows=1086 width=0)
	              Index Cond: ((id >= 5827601) AND (id <= 5828600))

table 3 : explain SELECT c FROM sbtest3 WHERE id BETWEEN 4574731 AND 4575730 ORDER BY c
	Sort  (cost=4151.41..4154.06 rows=1060 width=121)
	  Sort Key: c
	  ->  Bitmap Heap Scan on sbtest3  (cost=31.30..4098.15 rows=1060 width=121)
	        Recheck Cond: ((id >= 4574731) AND (id <= 4575730))
	        ->  Bitmap Index Scan on sbtest3_pkey  (cost=0.00..31.04 rows=1060 width=0)
	              Index Cond: ((id >= 4574731) AND (id <= 4575730))

table 4 : explain SELECT c FROM sbtest4 WHERE id BETWEEN 8281371 AND 8282370 ORDER BY c
	Sort  (cost=3977.17..3979.70 rows=1014 width=121)
	  Sort Key: c
	  ->  Bitmap Heap Scan on sbtest4  (cost=30.83..3926.54 rows=1014 width=121)
	        Recheck Cond: ((id >= 8281371) AND (id <= 8282370))
	        ->  Bitmap Index Scan on sbtest4_pkey  (cost=0.00..30.57 rows=1014 width=0)
	              Index Cond: ((id >= 8281371) AND (id <= 8282370))

table 5 : explain SELECT c FROM sbtest5 WHERE id BETWEEN 8308688 AND 8309687 ORDER BY c
	Sort  (cost=3881.71..3884.19 rows=989 width=121)
	  Sort Key: c
	  ->  Bitmap Heap Scan on sbtest5  (cost=30.57..3832.51 rows=989 width=121)
	        Recheck Cond: ((id >= 8308688) AND (id <= 8309687))
	        ->  Bitmap Index Scan on sbtest5_pkey  (cost=0.00..30.32 rows=989 width=0)
	              Index Cond: ((id >= 8308688) AND (id <= 8309687))

table 6 : explain SELECT c FROM sbtest6 WHERE id BETWEEN 1993041 AND 1994040 ORDER BY c
	Sort  (cost=4302.09..4304.83 rows=1098 width=121)
	  Sort Key: c
	  ->  Bitmap Heap Scan on sbtest6  (cost=35.69..4246.64 rows=1098 width=121)
	        Recheck Cond: ((id >= 1993041) AND (id <= 1994040))
	        ->  Bitmap Index Scan on sbtest6_pkey  (cost=0.00..35.42 rows=1098 width=0)
	              Index Cond: ((id >= 1993041) AND (id <= 1994040))

table 7 : explain SELECT c FROM sbtest7 WHERE id BETWEEN 9796775 AND 9797774 ORDER BY c
	Sort  (cost=3737.60..3739.98 rows=952 width=121)
	  Sort Key: c
	  ->  Bitmap Heap Scan on sbtest7  (cost=30.19..3690.51 rows=952 width=121)
	        Recheck Cond: ((id >= 9796775) AND (id <= 9797774))
	        ->  Bitmap Index Scan on sbtest7_pkey  (cost=0.00..29.95 rows=952 width=0)
	              Index Cond: ((id >= 9796775) AND (id <= 9797774))

table 8 : explain SELECT c FROM sbtest8 WHERE id BETWEEN 8278949 AND 8279948 ORDER BY c
	Sort  (cost=3854.89..3857.35 rows=982 width=121)
	  Sort Key: c
	  ->  Bitmap Heap Scan on sbtest8  (cost=30.50..3806.09 rows=982 width=121)
	        Recheck Cond: ((id >= 8278949) AND (id <= 8279948))
	        ->  Bitmap Index Scan on sbtest8_pkey  (cost=0.00..30.25 rows=982 width=0)
	              Index Cond: ((id >= 8278949) AND (id <= 8279948))

for: distinct_ranges
table 1 : explain SELECT DISTINCT c FROM sbtest1 WHERE id BETWEEN 7417079 AND 7418078 ORDER BY c
	Unique  (cost=4158.70..4164.01 rows=1061 width=121)
	  ->  Sort  (cost=4158.70..4161.36 rows=1061 width=121)
	        Sort Key: c
	        ->  Bitmap Heap Scan on sbtest1  (cost=31.31..4105.38 rows=1061 width=121)
	              Recheck Cond: ((id >= 7417079) AND (id <= 7418078))
	              ->  Bitmap Index Scan on sbtest1_pkey  (cost=0.00..31.04 rows=1061 width=0)
	                    Index Cond: ((id >= 7417079) AND (id <= 7418078))

table 2 : explain SELECT DISTINCT c FROM sbtest2 WHERE id BETWEEN 8110370 AND 8111369 ORDER BY c
	Unique  (cost=3716.61..3721.34 rows=946 width=121)
	  ->  Sort  (cost=3716.61..3718.97 rows=946 width=121)
	        Sort Key: c
	        ->  Bitmap Heap Scan on sbtest2  (cost=30.13..3669.85 rows=946 width=121)
	              Recheck Cond: ((id >= 8110370) AND (id <= 8111369))
	              ->  Bitmap Index Scan on sbtest2_pkey  (cost=0.00..29.89 rows=946 width=0)
	                    Index Cond: ((id >= 8110370) AND (id <= 8111369))

table 3 : explain SELECT DISTINCT c FROM sbtest3 WHERE id BETWEEN 8506228 AND 8507227 ORDER BY c
	Unique  (cost=4216.34..4221.73 rows=1077 width=121)
	  ->  Sort  (cost=4216.34..4219.04 rows=1077 width=121)
	        Sort Key: c
	        ->  Bitmap Heap Scan on sbtest3  (cost=31.47..4162.10 rows=1077 width=121)
	              Recheck Cond: ((id >= 8506228) AND (id <= 8507227))
	              ->  Bitmap Index Scan on sbtest3_pkey  (cost=0.00..31.20 rows=1077 width=0)
	                    Index Cond: ((id >= 8506228) AND (id <= 8507227))

table 4 : explain SELECT DISTINCT c FROM sbtest4 WHERE id BETWEEN 3004694 AND 3005693 ORDER BY c
	Unique  (cost=3766.42..3771.22 rows=959 width=121)
	  ->  Sort  (cost=3766.42..3768.82 rows=959 width=121)
	        Sort Key: c
	        ->  Bitmap Heap Scan on sbtest4  (cost=30.26..3718.93 rows=959 width=121)
	              Recheck Cond: ((id >= 3004694) AND (id <= 3005693))
	              ->  Bitmap Index Scan on sbtest4_pkey  (cost=0.00..30.02 rows=959 width=0)
	                    Index Cond: ((id >= 3004694) AND (id <= 3005693))

table 5 : explain SELECT DISTINCT c FROM sbtest5 WHERE id BETWEEN 9022242 AND 9023241 ORDER BY c
	Unique  (cost=3939.18..3944.20 rows=1004 width=121)
	  ->  Sort  (cost=3939.18..3941.69 rows=1004 width=121)
	        Sort Key: c
	        ->  Bitmap Heap Scan on sbtest5  (cost=30.73..3889.12 rows=1004 width=121)
	              Recheck Cond: ((id >= 9022242) AND (id <= 9023241))
	              ->  Bitmap Index Scan on sbtest5_pkey  (cost=0.00..30.47 rows=1004 width=0)
	                    Index Cond: ((id >= 9022242) AND (id <= 9023241))

table 6 : explain SELECT DISTINCT c FROM sbtest6 WHERE id BETWEEN 9395518 AND 9396517 ORDER BY c
	Unique  (cost=3670.31..3674.98 rows=934 width=121)
	  ->  Sort  (cost=3670.31..3672.64 rows=934 width=121)
	        Sort Key: c
	        ->  Bitmap Heap Scan on sbtest6  (cost=30.01..3624.23 rows=934 width=121)
	              Recheck Cond: ((id >= 9395518) AND (id <= 9396517))
	              ->  Bitmap Index Scan on sbtest6_pkey  (cost=0.00..29.77 rows=934 width=0)
	                    Index Cond: ((id >= 9395518) AND (id <= 9396517))

table 7 : explain SELECT DISTINCT c FROM sbtest7 WHERE id BETWEEN 8524158 AND 8525157 ORDER BY c
	Unique  (cost=4055.31..4060.48 rows=1035 width=121)
	  ->  Sort  (cost=4055.31..4057.89 rows=1035 width=121)
	        Sort Key: c
	        ->  Bitmap Heap Scan on sbtest7  (cost=31.04..4003.48 rows=1035 width=121)
	              Recheck Cond: ((id >= 8524158) AND (id <= 8525157))
	              ->  Bitmap Index Scan on sbtest7_pkey  (cost=0.00..30.79 rows=1035 width=0)
	                    Index Cond: ((id >= 8524158) AND (id <= 8525157))

table 8 : explain SELECT DISTINCT c FROM sbtest8 WHERE id BETWEEN 8249752 AND 8250751 ORDER BY c
	Unique  (cost=3643.91..3648.54 rows=927 width=121)
	  ->  Sort  (cost=3643.91..3646.23 rows=927 width=121)
	        Sort Key: c
	        ->  Bitmap Heap Scan on sbtest8  (cost=29.94..3598.22 rows=927 width=121)
	              Recheck Cond: ((id >= 8249752) AND (id <= 8250751))
	              ->  Bitmap Index Scan on sbtest8_pkey  (cost=0.00..29.70 rows=927 width=0)
	                    Index Cond: ((id >= 8249752) AND (id <= 8250751))

for: distinct_ranges
table 1 : explain SELECT DISTINCT c FROM sbtest1 WHERE id BETWEEN 3989655 AND 3990654 ORDER BY c
	Unique  (cost=3687.30..3691.99 rows=938 width=121)
	  ->  Sort  (cost=3687.30..3689.64 rows=938 width=121)
	        Sort Key: c
	        ->  Bitmap Heap Scan on sbtest1  (cost=30.05..3640.99 rows=938 width=121)
	              Recheck Cond: ((id >= 3989655) AND (id <= 3990654))
	              ->  Bitmap Index Scan on sbtest1_pkey  (cost=0.00..29.82 rows=938 width=0)
	                    Index Cond: ((id >= 3989655) AND (id <= 3990654))

table 2 : explain SELECT DISTINCT c FROM sbtest2 WHERE id BETWEEN 6394563 AND 6395562 ORDER BY c
	Unique  (cost=3597.61..3602.19 rows=915 width=121)
	  ->  Sort  (cost=3597.61..3599.90 rows=915 width=121)
	        Sort Key: c
	        ->  Bitmap Heap Scan on sbtest2  (cost=29.81..3552.61 rows=915 width=121)
	              Recheck Cond: ((id >= 6394563) AND (id <= 6395562))
	              ->  Bitmap Index Scan on sbtest2_pkey  (cost=0.00..29.58 rows=915 width=0)
	                    Index Cond: ((id >= 6394563) AND (id <= 6395562))

table 3 : explain SELECT DISTINCT c FROM sbtest3 WHERE id BETWEEN 2868029 AND 2869028 ORDER BY c
	Unique  (cost=3849.21..3854.12 rows=981 width=121)
	  ->  Sort  (cost=3849.21..3851.67 rows=981 width=121)
	        Sort Key: c
	        ->  Bitmap Heap Scan on sbtest3  (cost=30.49..3800.47 rows=981 width=121)
	              Recheck Cond: ((id >= 2868029) AND (id <= 2869028))
	              ->  Bitmap Index Scan on sbtest3_pkey  (cost=0.00..30.25 rows=981 width=0)
	                    Index Cond: ((id >= 2868029) AND (id <= 2869028))

table 4 : explain SELECT DISTINCT c FROM sbtest4 WHERE id BETWEEN 2775064 AND 2776063 ORDER BY c
	Unique  (cost=3889.08..3894.04 rows=991 width=121)
	  ->  Sort  (cost=3889.08..3891.56 rows=991 width=121)
	        Sort Key: c
	        ->  Bitmap Heap Scan on sbtest4  (cost=30.59..3839.77 rows=991 width=121)
	              Recheck Cond: ((id >= 2775064) AND (id <= 2776063))
	              ->  Bitmap Index Scan on sbtest4_pkey  (cost=0.00..30.34 rows=991 width=0)
	                    Index Cond: ((id >= 2775064) AND (id <= 2776063))

table 5 : explain SELECT DISTINCT c FROM sbtest5 WHERE id BETWEEN 9775328 AND 9776327 ORDER BY c
	Unique  (cost=3720.67..3725.40 rows=947 width=121)
	  ->  Sort  (cost=3720.67..3723.04 rows=947 width=121)
	        Sort Key: c
	        ->  Bitmap Heap Scan on sbtest5  (cost=30.14..3673.85 rows=947 width=121)
	              Recheck Cond: ((id >= 9775328) AND (id <= 9776327))
	              ->  Bitmap Index Scan on sbtest5_pkey  (cost=0.00..29.90 rows=947 width=0)
	                    Index Cond: ((id >= 9775328) AND (id <= 9776327))

table 6 : explain SELECT DISTINCT c FROM sbtest6 WHERE id BETWEEN 397927 AND 398926 ORDER BY c
	Unique  (cost=3758.54..3763.33 rows=957 width=121)
	  ->  Sort  (cost=3758.54..3760.94 rows=957 width=121)
	        Sort Key: c
	        ->  Bitmap Heap Scan on sbtest6  (cost=30.24..3711.16 rows=957 width=121)
	              Recheck Cond: ((id >= 397927) AND (id <= 398926))
	              ->  Bitmap Index Scan on sbtest6_pkey  (cost=0.00..30.00 rows=957 width=0)
	                    Index Cond: ((id >= 397927) AND (id <= 398926))

table 7 : explain SELECT DISTINCT c FROM sbtest7 WHERE id BETWEEN 4077721 AND 4078720 ORDER BY c
	Unique  (cost=3902.30..3907.28 rows=995 width=121)
	  ->  Sort  (cost=3902.30..3904.79 rows=995 width=121)
	        Sort Key: c
	        ->  Bitmap Heap Scan on sbtest7  (cost=30.63..3852.76 rows=995 width=121)
	              Recheck Cond: ((id >= 4077721) AND (id <= 4078720))
	              ->  Bitmap Index Scan on sbtest7_pkey  (cost=0.00..30.39 rows=995 width=0)
	                    Index Cond: ((id >= 4077721) AND (id <= 4078720))

table 8 : explain SELECT DISTINCT c FROM sbtest8 WHERE id BETWEEN 4704841 AND 4705840 ORDER BY c
	Unique  (cost=3885.55..3890.50 rows=990 width=121)
	  ->  Sort  (cost=3885.55..3888.02 rows=990 width=121)
	        Sort Key: c
	        ->  Bitmap Heap Scan on sbtest8  (cost=30.58..3836.29 rows=990 width=121)
	              Recheck Cond: ((id >= 4704841) AND (id <= 4705840))
	              ->  Bitmap Index Scan on sbtest8_pkey  (cost=0.00..30.33 rows=990 width=0)
	                    Index Cond: ((id >= 4704841) AND (id <= 4705840))

for: distinct_ranges
table 1 : explain SELECT DISTINCT c FROM sbtest1 WHERE id BETWEEN 410760 AND 411759 ORDER BY c
	Unique  (cost=3925.14..3930.14 rows=1000 width=121)
	  ->  Sort  (cost=3925.14..3927.64 rows=1000 width=121)
	        Sort Key: c
	        ->  Bitmap Heap Scan on sbtest1  (cost=30.68..3875.31 rows=1000 width=121)
	              Recheck Cond: ((id >= 410760) AND (id <= 411759))
	              ->  Bitmap Index Scan on sbtest1_pkey  (cost=0.00..30.43 rows=1000 width=0)
	                    Index Cond: ((id >= 410760) AND (id <= 411759))

table 2 : explain SELECT DISTINCT c FROM sbtest2 WHERE id BETWEEN 4433538 AND 4434537 ORDER BY c
	Unique  (cost=3416.97..3421.31 rows=868 width=121)
	  ->  Sort  (cost=3416.97..3419.14 rows=868 width=121)
	        Sort Key: c
	        ->  Bitmap Heap Scan on sbtest2  (cost=29.33..3374.61 rows=868 width=121)
	              Recheck Cond: ((id >= 4433538) AND (id <= 4434537))
	              ->  Bitmap Index Scan on sbtest2_pkey  (cost=0.00..29.11 rows=868 width=0)
	                    Index Cond: ((id >= 4433538) AND (id <= 4434537))

table 3 : explain SELECT DISTINCT c FROM sbtest3 WHERE id BETWEEN 555257 AND 556256 ORDER BY c
	Unique  (cost=4128.48..4133.75 rows=1054 width=121)
	  ->  Sort  (cost=4128.48..4131.12 rows=1054 width=121)
	        Sort Key: c
	        ->  Bitmap Heap Scan on sbtest3  (cost=31.24..4075.56 rows=1054 width=121)
	              Recheck Cond: ((id >= 555257) AND (id <= 556256))
	              ->  Bitmap Index Scan on sbtest3_pkey  (cost=0.00..30.97 rows=1054 width=0)
	                    Index Cond: ((id >= 555257) AND (id <= 556256))

table 4 : explain SELECT DISTINCT c FROM sbtest4 WHERE id BETWEEN 2064529 AND 2065528 ORDER BY c
	Unique  (cost=3958.02..3963.07 rows=1009 width=121)
	  ->  Sort  (cost=3958.02..3960.55 rows=1009 width=121)
	        Sort Key: c
	        ->  Bitmap Heap Scan on sbtest4  (cost=30.78..3907.68 rows=1009 width=121)
	              Recheck Cond: ((id >= 2064529) AND (id <= 2065528))
	              ->  Bitmap Index Scan on sbtest4_pkey  (cost=0.00..30.52 rows=1009 width=0)
	                    Index Cond: ((id >= 2064529) AND (id <= 2065528))

table 5 : explain SELECT DISTINCT c FROM sbtest5 WHERE id BETWEEN 2508542 AND 2509541 ORDER BY c
	Unique  (cost=3916.19..3921.18 rows=998 width=121)
	  ->  Sort  (cost=3916.19..3918.69 rows=998 width=121)
	        Sort Key: c
	        ->  Bitmap Heap Scan on sbtest5  (cost=30.66..3866.48 rows=998 width=121)
	              Recheck Cond: ((id >= 2508542) AND (id <= 2509541))
	              ->  Bitmap Index Scan on sbtest5_pkey  (cost=0.00..30.41 rows=998 width=0)
	                    Index Cond: ((id >= 2508542) AND (id <= 2509541))

table 6 : explain SELECT DISTINCT c FROM sbtest6 WHERE id BETWEEN 804578 AND 805577 ORDER BY c
	Unique  (cost=3999.91..4005.01 rows=1020 width=121)
	  ->  Sort  (cost=3999.91..4002.46 rows=1020 width=121)
	        Sort Key: c
	        ->  Bitmap Heap Scan on sbtest6  (cost=30.89..3948.94 rows=1020 width=121)
	              Recheck Cond: ((id >= 804578) AND (id <= 805577))
	              ->  Bitmap Index Scan on sbtest6_pkey  (cost=0.00..30.64 rows=1020 width=0)
	                    Index Cond: ((id >= 804578) AND (id <= 805577))

table 7 : explain SELECT DISTINCT c FROM sbtest7 WHERE id BETWEEN 590024 AND 591023 ORDER BY c
	Unique  (cost=3940.57..3945.59 rows=1005 width=121)
	  ->  Sort  (cost=3940.57..3943.08 rows=1005 width=121)
	        Sort Key: c
	        ->  Bitmap Heap Scan on sbtest7  (cost=30.74..3890.46 rows=1005 width=121)
	              Recheck Cond: ((id >= 590024) AND (id <= 591023))
	              ->  Bitmap Index Scan on sbtest7_pkey  (cost=0.00..30.48 rows=1005 width=0)
	                    Index Cond: ((id >= 590024) AND (id <= 591023))

table 8 : explain SELECT DISTINCT c FROM sbtest8 WHERE id BETWEEN 3061538 AND 3062537 ORDER BY c
	Unique  (cost=3996.62..4001.71 rows=1019 width=121)
	  ->  Sort  (cost=3996.62..3999.17 rows=1019 width=121)
	        Sort Key: c
	        ->  Bitmap Heap Scan on sbtest8  (cost=30.88..3945.71 rows=1019 width=121)
	              Recheck Cond: ((id >= 3061538) AND (id <= 3062537))
	              ->  Bitmap Index Scan on sbtest8_pkey  (cost=0.00..30.62 rows=1019 width=0)
	                    Index Cond: ((id >= 3061538) AND (id <= 3062537))

for: distinct_ranges
table 1 : explain SELECT DISTINCT c FROM sbtest1 WHERE id BETWEEN 405741 AND 406740 ORDER BY c
	Unique  (cost=3871.47..3876.40 rows=986 width=121)
	  ->  Sort  (cost=3871.47..3873.94 rows=986 width=121)
	        Sort Key: c
	        ->  Bitmap Heap Scan on sbtest1  (cost=30.54..3822.44 rows=986 width=121)
	              Recheck Cond: ((id >= 405741) AND (id <= 406740))
	              ->  Bitmap Index Scan on sbtest1_pkey  (cost=0.00..30.29 rows=986 width=0)
	                    Index Cond: ((id >= 405741) AND (id <= 406740))

table 2 : explain SELECT DISTINCT c FROM sbtest2 WHERE id BETWEEN 2746943 AND 2747942 ORDER BY c
	Unique  (cost=4095.85..4101.08 rows=1045 width=121)
	  ->  Sort  (cost=4095.85..4098.47 rows=1045 width=121)
	        Sort Key: c
	        ->  Bitmap Heap Scan on sbtest2  (cost=31.15..4043.45 rows=1045 width=121)
	              Recheck Cond: ((id >= 2746943) AND (id <= 2747942))
	              ->  Bitmap Index Scan on sbtest2_pkey  (cost=0.00..30.89 rows=1045 width=0)
	                    Index Cond: ((id >= 2746943) AND (id <= 2747942))

table 3 : explain SELECT DISTINCT c FROM sbtest3 WHERE id BETWEEN 4173487 AND 4174486 ORDER BY c
	Unique  (cost=4166.69..4172.01 rows=1064 width=121)
	  ->  Sort  (cost=4166.69..4169.35 rows=1064 width=121)
	        Sort Key: c
	        ->  Bitmap Heap Scan on sbtest3  (cost=31.34..4113.20 rows=1064 width=121)
	              Recheck Cond: ((id >= 4173487) AND (id <= 4174486))
	              ->  Bitmap Index Scan on sbtest3_pkey  (cost=0.00..31.07 rows=1064 width=0)
	                    Index Cond: ((id >= 4173487) AND (id <= 4174486))

table 4 : explain SELECT DISTINCT c FROM sbtest4 WHERE id BETWEEN 3029154 AND 3030153 ORDER BY c
	Unique  (cost=3766.42..3771.22 rows=959 width=121)
	  ->  Sort  (cost=3766.42..3768.82 rows=959 width=121)
	        Sort Key: c
	        ->  Bitmap Heap Scan on sbtest4  (cost=30.26..3718.93 rows=959 width=121)
	              Recheck Cond: ((id >= 3029154) AND (id <= 3030153))
	              ->  Bitmap Index Scan on sbtest4_pkey  (cost=0.00..30.02 rows=959 width=0)
	                    Index Cond: ((id >= 3029154) AND (id <= 3030153))

table 5 : explain SELECT DISTINCT c FROM sbtest5 WHERE id BETWEEN 8854991 AND 8855990 ORDER BY c
	Unique  (cost=4065.51..4070.69 rows=1037 width=121)
	  ->  Sort  (cost=4065.51..4068.10 rows=1037 width=121)
	        Sort Key: c
	        ->  Bitmap Heap Scan on sbtest5  (cost=31.06..4013.56 rows=1037 width=121)
	              Recheck Cond: ((id >= 8854991) AND (id <= 8855990))
	              ->  Bitmap Index Scan on sbtest5_pkey  (cost=0.00..30.80 rows=1037 width=0)
	                    Index Cond: ((id >= 8854991) AND (id <= 8855990))

table 6 : explain SELECT DISTINCT c FROM sbtest6 WHERE id BETWEEN 3740068 AND 3741067 ORDER BY c
	Unique  (cost=3980.77..3985.84 rows=1015 width=121)
	  ->  Sort  (cost=3980.77..3983.31 rows=1015 width=121)
	        Sort Key: c
	        ->  Bitmap Heap Scan on sbtest6  (cost=30.84..3930.08 rows=1015 width=121)
	              Recheck Cond: ((id >= 3740068) AND (id <= 3741067))
	              ->  Bitmap Index Scan on sbtest6_pkey  (cost=0.00..30.58 rows=1015 width=0)
	                    Index Cond: ((id >= 3740068) AND (id <= 3741067))

table 7 : explain SELECT DISTINCT c FROM sbtest7 WHERE id BETWEEN 3833255 AND 3834254 ORDER BY c
	Unique  (cost=3814.24..3819.10 rows=972 width=121)
	  ->  Sort  (cost=3814.24..3816.67 rows=972 width=121)
	        Sort Key: c
	        ->  Bitmap Heap Scan on sbtest7  (cost=30.40..3766.00 rows=972 width=121)
	              Recheck Cond: ((id >= 3833255) AND (id <= 3834254))
	              ->  Bitmap Index Scan on sbtest7_pkey  (cost=0.00..30.15 rows=972 width=0)
	                    Index Cond: ((id >= 3833255) AND (id <= 3834254))

table 8 : explain SELECT DISTINCT c FROM sbtest8 WHERE id BETWEEN 8832451 AND 8833450 ORDER BY c
	Unique  (cost=4130.71..4135.98 rows=1053 width=121)
	  ->  Sort  (cost=4130.71..4133.35 rows=1053 width=121)
	        Sort Key: c
	        ->  Bitmap Heap Scan on sbtest8  (cost=35.23..4077.85 rows=1053 width=121)
	              Recheck Cond: ((id >= 8832451) AND (id <= 8833450))
	              ->  Bitmap Index Scan on sbtest8_pkey  (cost=0.00..34.97 rows=1053 width=0)
	                    Index Cond: ((id >= 8832451) AND (id <= 8833450))

for: sum_ranges
table 1 : explain SELECT SUM(k) FROM sbtest1 WHERE id BETWEEN 747430 AND 748429
	Aggregate  (cost=3896.70..3896.71 rows=1 width=8)
	  ->  Bitmap Heap Scan on sbtest1  (cost=30.74..3894.19 rows=1005 width=4)
	        Recheck Cond: ((id >= 747430) AND (id <= 748429))
	        ->  Bitmap Index Scan on sbtest1_pkey  (cost=0.00..30.48 rows=1005 width=0)
	              Index Cond: ((id >= 747430) AND (id <= 748429))

table 2 : explain SELECT SUM(k) FROM sbtest2 WHERE id BETWEEN 6758698 AND 6759697
	Aggregate  (cost=3898.94..3898.95 rows=1 width=8)
	  ->  Bitmap Heap Scan on sbtest2  (cost=30.75..3896.42 rows=1006 width=4)
	        Recheck Cond: ((id >= 6758698) AND (id <= 6759697))
	        ->  Bitmap Index Scan on sbtest2_pkey  (cost=0.00..30.50 rows=1006 width=0)
	              Index Cond: ((id >= 6758698) AND (id <= 6759697))

table 3 : explain SELECT SUM(k) FROM sbtest3 WHERE id BETWEEN 6547187 AND 6548186
	Aggregate  (cost=3942.53..3942.54 rows=1 width=8)
	  ->  Bitmap Heap Scan on sbtest3  (cost=30.87..3939.98 rows=1018 width=4)
	        Recheck Cond: ((id >= 6547187) AND (id <= 6548186))
	        ->  Bitmap Index Scan on sbtest3_pkey  (cost=0.00..30.61 rows=1018 width=0)
	              Index Cond: ((id >= 6547187) AND (id <= 6548186))

table 4 : explain SELECT SUM(k) FROM sbtest4 WHERE id BETWEEN 6036003 AND 6037002
	Aggregate  (cost=3388.11..3388.12 rows=1 width=8)
	  ->  Bitmap Heap Scan on sbtest4  (cost=29.36..3385.93 rows=871 width=4)
	        Recheck Cond: ((id >= 6036003) AND (id <= 6037002))
	        ->  Bitmap Index Scan on sbtest4_pkey  (cost=0.00..29.14 rows=871 width=0)
	              Index Cond: ((id >= 6036003) AND (id <= 6037002))

table 5 : explain SELECT SUM(k) FROM sbtest5 WHERE id BETWEEN 9117571 AND 9118570
	Aggregate  (cost=4053.86..4053.87 rows=1 width=8)
	  ->  Bitmap Heap Scan on sbtest5  (cost=31.17..4051.24 rows=1047 width=4)
	        Recheck Cond: ((id >= 9117571) AND (id <= 9118570))
	        ->  Bitmap Index Scan on sbtest5_pkey  (cost=0.00..30.90 rows=1047 width=0)
	              Index Cond: ((id >= 9117571) AND (id <= 9118570))

table 6 : explain SELECT SUM(k) FROM sbtest6 WHERE id BETWEEN 8854670 AND 8855669
	Aggregate  (cost=4211.74..4211.75 rows=1 width=8)
	  ->  Bitmap Heap Scan on sbtest6  (cost=35.59..4209.02 rows=1088 width=4)
	        Recheck Cond: ((id >= 8854670) AND (id <= 8855669))
	        ->  Bitmap Index Scan on sbtest6_pkey  (cost=0.00..35.32 rows=1088 width=0)
	              Index Cond: ((id >= 8854670) AND (id <= 8855669))

table 7 : explain SELECT SUM(k) FROM sbtest7 WHERE id BETWEEN 2774264 AND 2775263
	Aggregate  (cost=3515.15..3515.16 rows=1 width=8)
	  ->  Bitmap Heap Scan on sbtest7  (cost=29.71..3512.88 rows=905 width=4)
	        Recheck Cond: ((id >= 2774264) AND (id <= 2775263))
	        ->  Bitmap Index Scan on sbtest7_pkey  (cost=0.00..29.48 rows=905 width=0)
	              Index Cond: ((id >= 2774264) AND (id <= 2775263))

table 8 : explain SELECT SUM(k) FROM sbtest8 WHERE id BETWEEN 3771477 AND 3772476
	Aggregate  (cost=4054.10..4054.11 rows=1 width=8)
	  ->  Bitmap Heap Scan on sbtest8  (cost=35.16..4051.48 rows=1046 width=4)
	        Recheck Cond: ((id >= 3771477) AND (id <= 3772476))
	        ->  Bitmap Index Scan on sbtest8_pkey  (cost=0.00..34.90 rows=1046 width=0)
	              Index Cond: ((id >= 3771477) AND (id <= 3772476))

for point_selects
table 1 : explain SELECT c FROM sbtest1 WHERE id=349956
	Index Scan using sbtest1_pkey on sbtest1  (cost=0.43..8.45 rows=1 width=121)
	  Index Cond: (id = 349956)

table 2 : explain SELECT c FROM sbtest2 WHERE id=7507842
	Index Scan using sbtest2_pkey on sbtest2  (cost=0.43..8.45 rows=1 width=121)
	  Index Cond: (id = 7507842)

table 3 : explain SELECT c FROM sbtest3 WHERE id=9119935
	Index Scan using sbtest3_pkey on sbtest3  (cost=0.43..8.45 rows=1 width=121)
	  Index Cond: (id = 9119935)

table 4 : explain SELECT c FROM sbtest4 WHERE id=1218874
	Index Scan using sbtest4_pkey on sbtest4  (cost=0.43..8.45 rows=1 width=121)
	  Index Cond: (id = 1218874)

table 5 : explain SELECT c FROM sbtest5 WHERE id=5697497
	Index Scan using sbtest5_pkey on sbtest5  (cost=0.43..8.45 rows=1 width=121)
	  Index Cond: (id = 5697497)

table 6 : explain SELECT c FROM sbtest6 WHERE id=3874586
	Index Scan using sbtest6_pkey on sbtest6  (cost=0.43..8.45 rows=1 width=121)
	  Index Cond: (id = 3874586)

table 7 : explain SELECT c FROM sbtest7 WHERE id=7045928
	Index Scan using sbtest7_pkey on sbtest7  (cost=0.43..8.45 rows=1 width=121)
	  Index Cond: (id = 7045928)

table 8 : explain SELECT c FROM sbtest8 WHERE id=6859260
	Index Scan using sbtest8_pkey on sbtest8  (cost=0.43..8.45 rows=1 width=121)
	  Index Cond: (id = 6859260)

for: sum_ranges
table 1 : explain SELECT SUM(k) FROM sbtest1 WHERE id BETWEEN 77592 AND 78591
	Aggregate  (cost=3628.19..3628.20 rows=1 width=8)
	  ->  Bitmap Heap Scan on sbtest1  (cost=30.01..3625.86 rows=934 width=4)
	        Recheck Cond: ((id >= 77592) AND (id <= 78591))
	        ->  Bitmap Index Scan on sbtest1_pkey  (cost=0.00..29.77 rows=934 width=0)
	              Index Cond: ((id >= 77592) AND (id <= 78591))

table 2 : explain SELECT SUM(k) FROM sbtest2 WHERE id BETWEEN 8681625 AND 8682624
	Aggregate  (cost=3914.04..3914.05 rows=1 width=8)
	  ->  Bitmap Heap Scan on sbtest2  (cost=30.79..3911.51 rows=1010 width=4)
	        Recheck Cond: ((id >= 8681625) AND (id <= 8682624))
	        ->  Bitmap Index Scan on sbtest2_pkey  (cost=0.00..30.54 rows=1010 width=0)
	              Index Cond: ((id >= 8681625) AND (id <= 8682624))

table 3 : explain SELECT SUM(k) FROM sbtest3 WHERE id BETWEEN 7753692 AND 7754691
	Aggregate  (cost=3919.90..3919.91 rows=1 width=8)
	  ->  Bitmap Heap Scan on sbtest3  (cost=30.81..3917.37 rows=1012 width=4)
	        Recheck Cond: ((id >= 7753692) AND (id <= 7754691))
	        ->  Bitmap Index Scan on sbtest3_pkey  (cost=0.00..30.55 rows=1012 width=0)
	              Index Cond: ((id >= 7753692) AND (id <= 7754691))

table 4 : explain SELECT SUM(k) FROM sbtest4 WHERE id BETWEEN 8833960 AND 8834959
	Aggregate  (cost=3838.47..3838.48 rows=1 width=8)
	  ->  Bitmap Heap Scan on sbtest4  (cost=30.58..3835.99 rows=990 width=4)
	        Recheck Cond: ((id >= 8833960) AND (id <= 8834959))
	        ->  Bitmap Index Scan on sbtest4_pkey  (cost=0.00..30.33 rows=990 width=0)
	              Index Cond: ((id >= 8833960) AND (id <= 8834959))

table 5 : explain SELECT SUM(k) FROM sbtest5 WHERE id BETWEEN 9970755 AND 9971754
	Aggregate  (cost=3517.23..3517.24 rows=1 width=8)
	  ->  Bitmap Heap Scan on sbtest5  (cost=29.71..3514.97 rows=905 width=4)
	        Recheck Cond: ((id >= 9970755) AND (id <= 9971754))
	        ->  Bitmap Index Scan on sbtest5_pkey  (cost=0.00..29.48 rows=905 width=0)
	              Index Cond: ((id >= 9970755) AND (id <= 9971754))

table 6 : explain SELECT SUM(k) FROM sbtest6 WHERE id BETWEEN 5196283 AND 5197282
	Aggregate  (cost=3879.78..3879.79 rows=1 width=8)
	  ->  Bitmap Heap Scan on sbtest6  (cost=30.70..3877.28 rows=1001 width=4)
	        Recheck Cond: ((id >= 5196283) AND (id <= 5197282))
	        ->  Bitmap Index Scan on sbtest6_pkey  (cost=0.00..30.44 rows=1001 width=0)
	              Index Cond: ((id >= 5196283) AND (id <= 5197282))

table 7 : explain SELECT SUM(k) FROM sbtest7 WHERE id BETWEEN 7560419 AND 7561418
	Aggregate  (cost=4096.69..4096.70 rows=1 width=8)
	  ->  Bitmap Heap Scan on sbtest7  (cost=35.28..4094.05 rows=1058 width=4)
	        Recheck Cond: ((id >= 7560419) AND (id <= 7561418))
	        ->  Bitmap Index Scan on sbtest7_pkey  (cost=0.00..35.02 rows=1058 width=0)
	              Index Cond: ((id >= 7560419) AND (id <= 7561418))

table 8 : explain SELECT SUM(k) FROM sbtest8 WHERE id BETWEEN 6953767 AND 6954766
	Aggregate  (cost=3944.48..3944.49 rows=1 width=8)
	  ->  Bitmap Heap Scan on sbtest8  (cost=30.87..3941.93 rows=1018 width=4)
	        Recheck Cond: ((id >= 6953767) AND (id <= 6954766))
	        ->  Bitmap Index Scan on sbtest8_pkey  (cost=0.00..30.61 rows=1018 width=0)
	              Index Cond: ((id >= 6953767) AND (id <= 6954766))

explain: for point_selects :: explain SELECT c FROM sbtest%u WHERE id=%u
for: order_ranges
table 1 : explain SELECT c FROM sbtest1 WHERE id BETWEEN 4257750 AND 4258749 ORDER BY c
	Sort  (cost=4020.92..4023.48 rows=1025 width=121)
	  Sort Key: c
	  ->  Bitmap Heap Scan on sbtest1  (cost=30.94..3969.66 rows=1025 width=121)
	        Recheck Cond: ((id >= 4257750) AND (id <= 4258749))
	        ->  Bitmap Index Scan on sbtest1_pkey  (cost=0.00..30.68 rows=1025 width=0)
	              Index Cond: ((id >= 4257750) AND (id <= 4258749))

table 2 : explain SELECT c FROM sbtest2 WHERE id BETWEEN 9170420 AND 9171419 ORDER BY c
	Sort  (cost=3754.97..3757.36 rows=956 width=121)
	  Sort Key: c
	  ->  Bitmap Heap Scan on sbtest2  (cost=30.23..3707.64 rows=956 width=121)
	        Recheck Cond: ((id >= 9170420) AND (id <= 9171419))
	        ->  Bitmap Index Scan on sbtest2_pkey  (cost=0.00..30.00 rows=956 width=0)
	              Index Cond: ((id >= 9170420) AND (id <= 9171419))

table 3 : explain SELECT c FROM sbtest3 WHERE id BETWEEN 9810303 AND 9811302 ORDER BY c
	Sort  (cost=3994.67..3997.21 rows=1019 width=121)
	  Sort Key: c
	  ->  Bitmap Heap Scan on sbtest3  (cost=30.88..3943.75 rows=1019 width=121)
	        Recheck Cond: ((id >= 9810303) AND (id <= 9811302))
	        ->  Bitmap Index Scan on sbtest3_pkey  (cost=0.00..30.62 rows=1019 width=0)
	              Index Cond: ((id >= 9810303) AND (id <= 9811302))

table 4 : explain SELECT c FROM sbtest4 WHERE id BETWEEN 3933852 AND 3934851 ORDER BY c
	Sort  (cost=3651.32..3653.64 rows=929 width=121)
	  Sort Key: c
	  ->  Bitmap Heap Scan on sbtest4  (cost=29.96..3605.52 rows=929 width=121)
	        Recheck Cond: ((id >= 3933852) AND (id <= 3934851))
	        ->  Bitmap Index Scan on sbtest4_pkey  (cost=0.00..29.72 rows=929 width=0)
	              Index Cond: ((id >= 3933852) AND (id <= 3934851))

table 5 : explain SELECT c FROM sbtest5 WHERE id BETWEEN 5671582 AND 5672581 ORDER BY c
	Sort  (cost=3647.74..3650.06 rows=928 width=121)
	  Sort Key: c
	  ->  Bitmap Heap Scan on sbtest5  (cost=29.95..3602.00 rows=928 width=121)
	        Recheck Cond: ((id >= 5671582) AND (id <= 5672581))
	        ->  Bitmap Index Scan on sbtest5_pkey  (cost=0.00..29.71 rows=928 width=0)
	              Index Cond: ((id >= 5671582) AND (id <= 5672581))

table 6 : explain SELECT c FROM sbtest6 WHERE id BETWEEN 2664978 AND 2665977 ORDER BY c
	Sort  (cost=3992.25..3994.80 rows=1018 width=121)
	  Sort Key: c
	  ->  Bitmap Heap Scan on sbtest6  (cost=30.87..3941.39 rows=1018 width=121)
	        Recheck Cond: ((id >= 2664978) AND (id <= 2665977))
	        ->  Bitmap Index Scan on sbtest6_pkey  (cost=0.00..30.61 rows=1018 width=0)
	              Index Cond: ((id >= 2664978) AND (id <= 2665977))

table 7 : explain SELECT c FROM sbtest7 WHERE id BETWEEN 9557933 AND 9558932 ORDER BY c
	Sort  (cost=4173.93..4176.60 rows=1065 width=121)
	  Sort Key: c
	  ->  Bitmap Heap Scan on sbtest7  (cost=35.35..4120.38 rows=1065 width=121)
	        Recheck Cond: ((id >= 9557933) AND (id <= 9558932))
	        ->  Bitmap Index Scan on sbtest7_pkey  (cost=0.00..35.09 rows=1065 width=0)
	              Index Cond: ((id >= 9557933) AND (id <= 9558932))

table 8 : explain SELECT c FROM sbtest8 WHERE id BETWEEN 6076517 AND 6077516 ORDER BY c
	Sort  (cost=3593.99..3596.27 rows=914 width=121)
	  Sort Key: c
	  ->  Bitmap Heap Scan on sbtest8  (cost=29.80..3549.04 rows=914 width=121)
	        Recheck Cond: ((id >= 6076517) AND (id <= 6077516))
	        ->  Bitmap Index Scan on sbtest8_pkey  (cost=0.00..29.57 rows=914 width=0)
	              Index Cond: ((id >= 6076517) AND (id <= 6077516))
for: simple_ranges
table 1 : explain SELECT c FROM sbtest1 WHERE id BETWEEN 1601957 AND 1602956
	Bitmap Heap Scan on sbtest1  (cost=30.85..3935.70 rows=1016 width=121)
	  Recheck Cond: ((id >= 1601957) AND (id <= 1602956))
	  ->  Bitmap Index Scan on sbtest1_pkey  (cost=0.00..30.59 rows=1016 width=0)
	        Index Cond: ((id >= 1601957) AND (id <= 1602956))

table 2 : explain SELECT c FROM sbtest2 WHERE id BETWEEN 2515516 AND 2516515
	Bitmap Heap Scan on sbtest2  (cost=30.51..3809.62 rows=983 width=121)
	  Recheck Cond: ((id >= 2515516) AND (id <= 2516515))
	  ->  Bitmap Index Scan on sbtest2_pkey  (cost=0.00..30.26 rows=983 width=0)
	        Index Cond: ((id >= 2515516) AND (id <= 2516515))

table 3 : explain SELECT c FROM sbtest3 WHERE id BETWEEN 1854282 AND 1855281
	Bitmap Heap Scan on sbtest3  (cost=30.58..3834.42 rows=990 width=121)
	  Recheck Cond: ((id >= 1854282) AND (id <= 1855281))
	  ->  Bitmap Index Scan on sbtest3_pkey  (cost=0.00..30.33 rows=990 width=0)
	        Index Cond: ((id >= 1854282) AND (id <= 1855281))

table 4 : explain SELECT c FROM sbtest4 WHERE id BETWEEN 1490116 AND 1491115
	Bitmap Heap Scan on sbtest4  (cost=30.77..3903.91 rows=1008 width=121)
	  Recheck Cond: ((id >= 1490116) AND (id <= 1491115))
	  ->  Bitmap Index Scan on sbtest4_pkey  (cost=0.00..30.51 rows=1008 width=0)
	        Index Cond: ((id >= 1490116) AND (id <= 1491115))

table 5 : explain SELECT c FROM sbtest5 WHERE id BETWEEN 8524297 AND 8525296
	Bitmap Heap Scan on sbtest5  (cost=30.47..3794.76 rows=979 width=121)
	  Recheck Cond: ((id >= 8524297) AND (id <= 8525296))
	  ->  Bitmap Index Scan on sbtest5_pkey  (cost=0.00..30.22 rows=979 width=0)
	        Index Cond: ((id >= 8524297) AND (id <= 8525296))

table 6 : explain SELECT c FROM sbtest6 WHERE id BETWEEN 3078743 AND 3079742
	Bitmap Heap Scan on sbtest6  (cost=30.08..3650.69 rows=941 width=121)
	  Recheck Cond: ((id >= 3078743) AND (id <= 3079742))
	  ->  Bitmap Index Scan on sbtest6_pkey  (cost=0.00..29.84 rows=941 width=0)
	        Index Cond: ((id >= 3078743) AND (id <= 3079742))

table 7 : explain SELECT c FROM sbtest7 WHERE id BETWEEN 9918889 AND 9919888
	Bitmap Heap Scan on sbtest7  (cost=30.85..3931.91 rows=1016 width=121)
	  Recheck Cond: ((id >= 9918889) AND (id <= 9919888))
	  ->  Bitmap Index Scan on sbtest7_pkey  (cost=0.00..30.59 rows=1016 width=0)
	        Index Cond: ((id >= 9918889) AND (id <= 9919888))

table 8 : explain SELECT c FROM sbtest8 WHERE id BETWEEN 3227633 AND 3228632
	Bitmap Heap Scan on sbtest8  (cost=30.90..3953.25 rows=1021 width=121)
	  Recheck Cond: ((id >= 3227633) AND (id <= 3228632))
	  ->  Bitmap Index Scan on sbtest8_pkey  (cost=0.00..30.64 rows=1021 width=0)
	        Index Cond: ((id >= 3227633) AND (id <= 3228632))


for: order_ranges
table 1 : explain SELECT c FROM sbtest1 WHERE id BETWEEN 6919356 AND 6920355 ORDER BY c
	Sort  (cost=3464.38..3466.58 rows=880 width=121)
	  Sort Key: c
	  ->  Bitmap Heap Scan on sbtest1  (cost=29.45..3421.34 rows=880 width=121)
	        Recheck Cond: ((id >= 6919356) AND (id <= 6920355))
	        ->  Bitmap Index Scan on sbtest1_pkey  (cost=0.00..29.23 rows=880 width=0)
	              Index Cond: ((id >= 6919356) AND (id <= 6920355))

table 2 : explain SELECT c FROM sbtest2 WHERE id BETWEEN 4325583 AND 4326582 ORDER BY c
	Sort  (cost=3420.82..3422.99 rows=869 width=121)
	  Sort Key: c
	  ->  Bitmap Heap Scan on sbtest2  (cost=29.34..3378.40 rows=869 width=121)
	        Recheck Cond: ((id >= 4325583) AND (id <= 4326582))
	        ->  Bitmap Index Scan on sbtest2_pkey  (cost=0.00..29.12 rows=869 width=0)
	              Index Cond: ((id >= 4325583) AND (id <= 4326582))

table 3 : explain SELECT c FROM sbtest3 WHERE id BETWEEN 4193676 AND 4194675 ORDER BY c
	Sort  (cost=4166.69..4169.35 rows=1064 width=121)
	  Sort Key: c
	  ->  Bitmap Heap Scan on sbtest3  (cost=31.34..4113.20 rows=1064 width=121)
	        Recheck Cond: ((id >= 4193676) AND (id <= 4194675))
	        ->  Bitmap Index Scan on sbtest3_pkey  (cost=0.00..31.07 rows=1064 width=0)
	              Index Cond: ((id >= 4193676) AND (id <= 4194675))

table 4 : explain SELECT c FROM sbtest4 WHERE id BETWEEN 7520575 AND 7521574 ORDER BY c
	Sort  (cost=3831.60..3834.04 rows=976 width=121)
	  Sort Key: c
	  ->  Bitmap Heap Scan on sbtest4  (cost=30.44..3783.14 rows=976 width=121)
	        Recheck Cond: ((id >= 7520575) AND (id <= 7521574))
	        ->  Bitmap Index Scan on sbtest4_pkey  (cost=0.00..30.19 rows=976 width=0)
	              Index Cond: ((id >= 7520575) AND (id <= 7521574))

table 5 : explain SELECT c FROM sbtest5 WHERE id BETWEEN 9297571 AND 9298570 ORDER BY c
	Sort  (cost=3624.71..3627.01 rows=922 width=121)
	  Sort Key: c
	  ->  Bitmap Heap Scan on sbtest5  (cost=29.89..3579.30 rows=922 width=121)
	        Recheck Cond: ((id >= 9297571) AND (id <= 9298570))
	        ->  Bitmap Index Scan on sbtest5_pkey  (cost=0.00..29.65 rows=922 width=0)
	              Index Cond: ((id >= 9297571) AND (id <= 9298570))

table 6 : explain SELECT c FROM sbtest6 WHERE id BETWEEN 585194 AND 586193 ORDER BY c
	Sort  (cost=3601.21..3603.50 rows=916 width=121)
	  Sort Key: c
	  ->  Bitmap Heap Scan on sbtest6  (cost=29.82..3556.14 rows=916 width=121)
	        Recheck Cond: ((id >= 585194) AND (id <= 586193))
	        ->  Bitmap Index Scan on sbtest6_pkey  (cost=0.00..29.59 rows=916 width=0)
	              Index Cond: ((id >= 585194) AND (id <= 586193))

table 7 : explain SELECT c FROM sbtest7 WHERE id BETWEEN 7171243 AND 7172242 ORDER BY c
	Sort  (cost=4013.25..4015.81 rows=1024 width=121)
	  Sort Key: c
	  ->  Bitmap Heap Scan on sbtest7  (cost=30.93..3962.05 rows=1024 width=121)
	        Recheck Cond: ((id >= 7171243) AND (id <= 7172242))
	        ->  Bitmap Index Scan on sbtest7_pkey  (cost=0.00..30.68 rows=1024 width=0)
	              Index Cond: ((id >= 7171243) AND (id <= 7172242))

table 8 : explain SELECT c FROM sbtest8 WHERE id BETWEEN 4686338 AND 4687337 ORDER BY c
	Sort  (cost=3935.35..3937.86 rows=1003 width=121)
	  Sort Key: c
	  ->  Bitmap Heap Scan on sbtest8  (cost=30.72..3885.35 rows=1003 width=121)
	        Recheck Cond: ((id >= 4686338) AND (id <= 4687337))
	        ->  Bitmap Index Scan on sbtest8_pkey  (cost=0.00..30.46 rows=1003 width=0)
	              Index Cond: ((id >= 4686338) AND (id <= 4687337))

for: distinct_ranges
table 1 : explain SELECT DISTINCT c FROM sbtest1 WHERE id BETWEEN 4194063 AND 4195062 ORDER BY c
	Unique  (cost=4020.92..4026.04 rows=1025 width=121)
	  ->  Sort  (cost=4020.92..4023.48 rows=1025 width=121)
	        Sort Key: c
	        ->  Bitmap Heap Scan on sbtest1  (cost=30.94..3969.66 rows=1025 width=121)
	              Recheck Cond: ((id >= 4194063) AND (id <= 4195062))
	              ->  Bitmap Index Scan on sbtest1_pkey  (cost=0.00..30.68 rows=1025 width=0)
	                    Index Cond: ((id >= 4194063) AND (id <= 4195062))

table 2 : explain SELECT DISTINCT c FROM sbtest2 WHERE id BETWEEN 5021447 AND 5022446 ORDER BY c
	Unique  (cost=3992.54..3997.63 rows=1018 width=121)
	  ->  Sort  (cost=3992.54..3995.08 rows=1018 width=121)
	        Sort Key: c
	        ->  Bitmap Heap Scan on sbtest2  (cost=30.87..3941.68 rows=1018 width=121)
	              Recheck Cond: ((id >= 5021447) AND (id <= 5022446))
	              ->  Bitmap Index Scan on sbtest2_pkey  (cost=0.00..30.61 rows=1018 width=0)
	                    Index Cond: ((id >= 5021447) AND (id <= 5022446))

table 3 : explain SELECT DISTINCT c FROM sbtest3 WHERE id BETWEEN 3839337 AND 3840336 ORDER BY c
	Unique  (cost=3772.59..3777.39 rows=961 width=121)
	  ->  Sort  (cost=3772.59..3774.99 rows=961 width=121)
	        Sort Key: c
	        ->  Bitmap Heap Scan on sbtest3  (cost=30.29..3724.98 rows=961 width=121)
	              Recheck Cond: ((id >= 3839337) AND (id <= 3840336))
	              ->  Bitmap Index Scan on sbtest3_pkey  (cost=0.00..30.04 rows=961 width=0)
	                    Index Cond: ((id >= 3839337) AND (id <= 3840336))

table 4 : explain SELECT DISTINCT c FROM sbtest4 WHERE id BETWEEN 5608901 AND 5609900 ORDER BY c
	Unique  (cost=3789.43..3794.25 rows=965 width=121)
	  ->  Sort  (cost=3789.43..3791.84 rows=965 width=121)
	        Sort Key: c
	        ->  Bitmap Heap Scan on sbtest4  (cost=30.33..3741.59 rows=965 width=121)
	              Recheck Cond: ((id >= 5608901) AND (id <= 5609900))
	              ->  Bitmap Index Scan on sbtest4_pkey  (cost=0.00..30.08 rows=965 width=0)
	                    Index Cond: ((id >= 5608901) AND (id <= 5609900))

table 5 : explain SELECT DISTINCT c FROM sbtest5 WHERE id BETWEEN 4176087 AND 4177086 ORDER BY c
	Unique  (cost=3808.89..3813.74 rows=970 width=121)
	  ->  Sort  (cost=3808.89..3811.31 rows=970 width=121)
	        Sort Key: c
	        ->  Bitmap Heap Scan on sbtest5  (cost=30.38..3760.76 rows=970 width=121)
	              Recheck Cond: ((id >= 4176087) AND (id <= 4177086))
	              ->  Bitmap Index Scan on sbtest5_pkey  (cost=0.00..30.14 rows=970 width=0)
	                    Index Cond: ((id >= 4176087) AND (id <= 4177086))

table 6 : explain SELECT DISTINCT c FROM sbtest6 WHERE id BETWEEN 620518 AND 621517 ORDER BY c
	Unique  (cost=4149.26..4154.55 rows=1058 width=121)
	  ->  Sort  (cost=4149.26..4151.91 rows=1058 width=121)
	        Sort Key: c
	        ->  Bitmap Heap Scan on sbtest6  (cost=35.28..4096.11 rows=1058 width=121)
	              Recheck Cond: ((id >= 620518) AND (id <= 621517))
	              ->  Bitmap Index Scan on sbtest6_pkey  (cost=0.00..35.02 rows=1058 width=0)
	                    Index Cond: ((id >= 620518) AND (id <= 621517))

table 7 : explain SELECT DISTINCT c FROM sbtest7 WHERE id BETWEEN 2960339 AND 2961338 ORDER BY c
	Unique  (cost=3982.65..3987.73 rows=1016 width=121)
	  ->  Sort  (cost=3982.65..3985.19 rows=1016 width=121)
	        Sort Key: c
	        ->  Bitmap Heap Scan on sbtest7  (cost=30.85..3931.91 rows=1016 width=121)
	              Recheck Cond: ((id >= 2960339) AND (id <= 2961338))
	              ->  Bitmap Index Scan on sbtest7_pkey  (cost=0.00..30.59 rows=1016 width=0)
	                    Index Cond: ((id >= 2960339) AND (id <= 2961338))

table 8 : explain SELECT DISTINCT c FROM sbtest8 WHERE id BETWEEN 704907 AND 705906 ORDER BY c
	Unique  (cost=3682.30..3686.98 rows=937 width=121)
	  ->  Sort  (cost=3682.30..3684.64 rows=937 width=121)
	        Sort Key: c
	        ->  Bitmap Heap Scan on sbtest8  (cost=30.04..3636.05 rows=937 width=121)
	              Recheck Cond: ((id >= 704907) AND (id <= 705906))
	              ->  Bitmap Index Scan on sbtest8_pkey  (cost=0.00..29.80 rows=937 width=0)
	                    Index Cond: ((id >= 704907) AND (id <= 705906))

for point_selects
table 1 : explain SELECT c FROM sbtest1 WHERE id=9104496
	Index Scan using sbtest1_pkey on sbtest1  (cost=0.43..8.45 rows=1 width=121)
	  Index Cond: (id = 9104496)

table 2 : explain SELECT c FROM sbtest2 WHERE id=8910935
	Index Scan using sbtest2_pkey on sbtest2  (cost=0.43..8.45 rows=1 width=121)
	  Index Cond: (id = 8910935)

table 3 : explain SELECT c FROM sbtest3 WHERE id=6996755
	Index Scan using sbtest3_pkey on sbtest3  (cost=0.43..8.45 rows=1 width=121)
	  Index Cond: (id = 6996755)

table 4 : explain SELECT c FROM sbtest4 WHERE id=9989536
	Index Scan using sbtest4_pkey on sbtest4  (cost=0.43..8.45 rows=1 width=121)
	  Index Cond: (id = 9989536)

table 5 : explain SELECT c FROM sbtest5 WHERE id=3826550
	Index Scan using sbtest5_pkey on sbtest5  (cost=0.43..8.45 rows=1 width=121)
	  Index Cond: (id = 3826550)

table 6 : explain SELECT c FROM sbtest6 WHERE id=4125507
	Index Scan using sbtest6_pkey on sbtest6  (cost=0.43..8.45 rows=1 width=121)
	  Index Cond: (id = 4125507)

table 7 : explain SELECT c FROM sbtest7 WHERE id=8842978
	Index Scan using sbtest7_pkey on sbtest7  (cost=0.43..8.45 rows=1 width=121)
	  Index Cond: (id = 8842978)

table 8 : explain SELECT c FROM sbtest8 WHERE id=1786472
	Index Scan using sbtest8_pkey on sbtest8  (cost=0.43..8.45 rows=1 width=121)
	  Index Cond: (id = 1786472)

explain: for point_selects :: explain SELECT c FROM sbtest%u WHERE id=%u
for: distinct_ranges
table 1 : explain SELECT DISTINCT c FROM sbtest1 WHERE id BETWEEN 7366928 AND 7367927 ORDER BY c
	Unique  (cost=4158.70..4164.01 rows=1061 width=121)
	  ->  Sort  (cost=4158.70..4161.36 rows=1061 width=121)
	        Sort Key: c
	        ->  Bitmap Heap Scan on sbtest1  (cost=31.31..4105.38 rows=1061 width=121)
	              Recheck Cond: ((id >= 7366928) AND (id <= 7367927))
	              ->  Bitmap Index Scan on sbtest1_pkey  (cost=0.00..31.04 rows=1061 width=0)
	                    Index Cond: ((id >= 7366928) AND (id <= 7367927))

table 2 : explain SELECT DISTINCT c FROM sbtest2 WHERE id BETWEEN 3204009 AND 3205008 ORDER BY c
	Unique  (cost=3850.82..3855.72 rows=981 width=121)
	  ->  Sort  (cost=3850.82..3853.27 rows=981 width=121)
	        Sort Key: c
	        ->  Bitmap Heap Scan on sbtest2  (cost=30.49..3802.07 rows=981 width=121)
	              Recheck Cond: ((id >= 3204009) AND (id <= 3205008))
	              ->  Bitmap Index Scan on sbtest2_pkey  (cost=0.00..30.25 rows=981 width=0)
	                    Index Cond: ((id >= 3204009) AND (id <= 3205008))

table 3 : explain SELECT DISTINCT c FROM sbtest3 WHERE id BETWEEN 7117018 AND 7118017 ORDER BY c
	Unique  (cost=3964.06..3969.11 rows=1011 width=121)
	  ->  Sort  (cost=3964.06..3966.59 rows=1011 width=121)
	        Sort Key: c
	        ->  Bitmap Heap Scan on sbtest3  (cost=30.80..3913.60 rows=1011 width=121)
	              Recheck Cond: ((id >= 7117018) AND (id <= 7118017))
	              ->  Bitmap Index Scan on sbtest3_pkey  (cost=0.00..30.54 rows=1011 width=0)
	                    Index Cond: ((id >= 7117018) AND (id <= 7118017))

table 4 : explain SELECT DISTINCT c FROM sbtest4 WHERE id BETWEEN 8922351 AND 8923350 ORDER BY c
	Unique  (cost=4103.44..4108.68 rows=1047 width=121)
	  ->  Sort  (cost=4103.44..4106.06 rows=1047 width=121)
	        Sort Key: c
	        ->  Bitmap Heap Scan on sbtest4  (cost=31.17..4050.92 rows=1047 width=121)
	              Recheck Cond: ((id >= 8922351) AND (id <= 8923350))
	              ->  Bitmap Index Scan on sbtest4_pkey  (cost=0.00..30.90 rows=1047 width=0)
	                    Index Cond: ((id >= 8922351) AND (id <= 8923350))

table 5 : explain SELECT DISTINCT c FROM sbtest5 WHERE id BETWEEN 6341266 AND 6342265 ORDER BY c
	Unique  (cost=3985.13..3990.21 rows=1016 width=121)
	  ->  Sort  (cost=3985.13..3987.67 rows=1016 width=121)
	        Sort Key: c
	        ->  Bitmap Heap Scan on sbtest5  (cost=30.85..3934.39 rows=1016 width=121)
	              Recheck Cond: ((id >= 6341266) AND (id <= 6342265))
	              ->  Bitmap Index Scan on sbtest5_pkey  (cost=0.00..30.59 rows=1016 width=0)
	                    Index Cond: ((id >= 6341266) AND (id <= 6342265))

table 6 : explain SELECT DISTINCT c FROM sbtest6 WHERE id BETWEEN 5460914 AND 5461913 ORDER BY c
	Unique  (cost=3497.48..3501.93 rows=889 width=121)
	  ->  Sort  (cost=3497.48..3499.71 rows=889 width=121)
	        Sort Key: c
	        ->  Bitmap Heap Scan on sbtest6  (cost=29.55..3453.94 rows=889 width=121)
	              Recheck Cond: ((id >= 5460914) AND (id <= 5461913))
	              ->  Bitmap Index Scan on sbtest6_pkey  (cost=0.00..29.32 rows=889 width=0)
	                    Index Cond: ((id >= 5460914) AND (id <= 5461913))

table 7 : explain SELECT DISTINCT c FROM sbtest7 WHERE id BETWEEN 1584278 AND 1585277 ORDER BY c
	Unique  (cost=4238.84..4244.25 rows=1082 width=121)
	  ->  Sort  (cost=4238.84..4241.55 rows=1082 width=121)
	        Sort Key: c
	        ->  Bitmap Heap Scan on sbtest7  (cost=35.53..4184.31 rows=1082 width=121)
	              Recheck Cond: ((id >= 1584278) AND (id <= 1585277))
	              ->  Bitmap Index Scan on sbtest7_pkey  (cost=0.00..35.26 rows=1082 width=0)
	                    Index Cond: ((id >= 1584278) AND (id <= 1585277))

table 8 : explain SELECT DISTINCT c FROM sbtest8 WHERE id BETWEEN 286808 AND 287807 ORDER BY c
	Unique  (cost=4436.38..4442.05 rows=1134 width=121)
	  ->  Sort  (cost=4436.38..4439.21 rows=1134 width=121)
	        Sort Key: c
	        ->  Bitmap Heap Scan on sbtest8  (cost=36.06..4378.84 rows=1134 width=121)
	              Recheck Cond: ((id >= 286808) AND (id <= 287807))
	              ->  Bitmap Index Scan on sbtest8_pkey  (cost=0.00..35.78 rows=1134 width=0)
	                    Index Cond: ((id >= 286808) AND (id <= 287807))

for: sum_ranges
table 1 : explain SELECT SUM(k) FROM sbtest1 WHERE id BETWEEN 3688071 AND 3689070
	Aggregate  (cost=3809.79..3809.80 rows=1 width=8)
	  ->  Bitmap Heap Scan on sbtest1  (cost=30.50..3807.33 rows=982 width=4)
	        Recheck Cond: ((id >= 3688071) AND (id <= 3689070))
	        ->  Bitmap Index Scan on sbtest1_pkey  (cost=0.00..30.25 rows=982 width=0)
	              Index Cond: ((id >= 3688071) AND (id <= 3689070))

table 2 : explain SELECT SUM(k) FROM sbtest2 WHERE id BETWEEN 3062661 AND 3063660
	Aggregate  (cost=3762.96..3762.97 rows=1 width=8)
	  ->  Bitmap Heap Scan on sbtest2  (cost=30.38..3760.53 rows=970 width=4)
	        Recheck Cond: ((id >= 3062661) AND (id <= 3063660))
	        ->  Bitmap Index Scan on sbtest2_pkey  (cost=0.00..30.14 rows=970 width=0)
	              Index Cond: ((id >= 3062661) AND (id <= 3063660))

table 3 : explain SELECT SUM(k) FROM sbtest3 WHERE id BETWEEN 7721384 AND 7722383
	Aggregate  (cost=3919.90..3919.91 rows=1 width=8)
	  ->  Bitmap Heap Scan on sbtest3  (cost=30.81..3917.37 rows=1012 width=4)
	        Recheck Cond: ((id >= 7721384) AND (id <= 7722383))
	        ->  Bitmap Index Scan on sbtest3_pkey  (cost=0.00..30.55 rows=1012 width=0)
	              Index Cond: ((id >= 7721384) AND (id <= 7722383))

table 4 : explain SELECT SUM(k) FROM sbtest4 WHERE id BETWEEN 6154636 AND 6155635
	Aggregate  (cost=3929.07..3929.08 rows=1 width=8)
	  ->  Bitmap Heap Scan on sbtest4  (cost=30.83..3926.54 rows=1014 width=4)
	        Recheck Cond: ((id >= 6154636) AND (id <= 6155635))
	        ->  Bitmap Index Scan on sbtest4_pkey  (cost=0.00..30.57 rows=1014 width=0)
	              Index Cond: ((id >= 6154636) AND (id <= 6155635))

table 5 : explain SELECT SUM(k) FROM sbtest5 WHERE id BETWEEN 7472573 AND 7473572
	Aggregate  (cost=4129.47..4129.48 rows=1 width=8)
	  ->  Bitmap Heap Scan on sbtest5  (cost=35.36..4126.81 rows=1066 width=4)
	        Recheck Cond: ((id >= 7472573) AND (id <= 7473572))
	        ->  Bitmap Index Scan on sbtest5_pkey  (cost=0.00..35.09 rows=1066 width=0)
	              Index Cond: ((id >= 7472573) AND (id <= 7473572))

table 6 : explain SELECT SUM(k) FROM sbtest6 WHERE id BETWEEN 905981 AND 906980
	Aggregate  (cost=4147.73..4147.74 rows=1 width=8)
	  ->  Bitmap Heap Scan on sbtest6  (cost=35.41..4145.06 rows=1071 width=4)
	        Recheck Cond: ((id >= 905981) AND (id <= 906980))
	        ->  Bitmap Index Scan on sbtest6_pkey  (cost=0.00..35.15 rows=1071 width=0)
	              Index Cond: ((id >= 905981) AND (id <= 906980))

table 7 : explain SELECT SUM(k) FROM sbtest7 WHERE id BETWEEN 4036386 AND 4037385
	Aggregate  (cost=3855.24..3855.25 rows=1 width=8)
	  ->  Bitmap Heap Scan on sbtest7  (cost=30.63..3852.76 rows=995 width=4)
	        Recheck Cond: ((id >= 4036386) AND (id <= 4037385))
	        ->  Bitmap Index Scan on sbtest7_pkey  (cost=0.00..30.39 rows=995 width=0)
	              Index Cond: ((id >= 4036386) AND (id <= 4037385))

table 8 : explain SELECT SUM(k) FROM sbtest8 WHERE id BETWEEN 1656769 AND 1657768
	Aggregate  (cost=3785.87..3785.88 rows=1 width=8)
	  ->  Bitmap Heap Scan on sbtest8  (cost=30.44..3783.43 rows=976 width=4)
	        Recheck Cond: ((id >= 1656769) AND (id <= 1657768))
	        ->  Bitmap Index Scan on sbtest8_pkey  (cost=0.00..30.19 rows=976 width=0)
	              Index Cond: ((id >= 1656769) AND (id <= 1657768))

for: simple_ranges
table 1 : explain SELECT c FROM sbtest1 WHERE id BETWEEN 8940922 AND 8941921
	Bitmap Heap Scan on sbtest1  (cost=30.03..3633.42 rows=936 width=121)
	  Recheck Cond: ((id >= 8940922) AND (id <= 8941921))
	  ->  Bitmap Index Scan on sbtest1_pkey  (cost=0.00..29.79 rows=936 width=0)
	        Index Cond: ((id >= 8940922) AND (id <= 8941921))

table 2 : explain SELECT c FROM sbtest2 WHERE id BETWEEN 7704221 AND 7705220
	Bitmap Heap Scan on sbtest2  (cost=30.79..3911.51 rows=1010 width=121)
	  Recheck Cond: ((id >= 7704221) AND (id <= 7705220))
	  ->  Bitmap Index Scan on sbtest2_pkey  (cost=0.00..30.54 rows=1010 width=0)
	        Index Cond: ((id >= 7704221) AND (id <= 7705220))

table 3 : explain SELECT c FROM sbtest3 WHERE id BETWEEN 2734008 AND 2735007
	Bitmap Heap Scan on sbtest3  (cost=30.48..3796.69 rows=980 width=121)
	  Recheck Cond: ((id >= 2734008) AND (id <= 2735007))
	  ->  Bitmap Index Scan on sbtest3_pkey  (cost=0.00..30.23 rows=980 width=0)
	        Index Cond: ((id >= 2734008) AND (id <= 2735007))

table 4 : explain SELECT c FROM sbtest4 WHERE id BETWEEN 5959801 AND 5960800
	Bitmap Heap Scan on sbtest4  (cost=35.45..4160.36 rows=1075 width=121)
	  Recheck Cond: ((id >= 5959801) AND (id <= 5960800))
	  ->  Bitmap Index Scan on sbtest4_pkey  (cost=0.00..35.19 rows=1075 width=0)
	        Index Cond: ((id >= 5959801) AND (id <= 5960800))

table 5 : explain SELECT c FROM sbtest5 WHERE id BETWEEN 493522 AND 494521
	Bitmap Heap Scan on sbtest5  (cost=29.77..3537.68 rows=911 width=121)
	  Recheck Cond: ((id >= 493522) AND (id <= 494521))
	  ->  Bitmap Index Scan on sbtest5_pkey  (cost=0.00..29.54 rows=911 width=0)
	        Index Cond: ((id >= 493522) AND (id <= 494521))

table 6 : explain SELECT c FROM sbtest6 WHERE id BETWEEN 2396553 AND 2397552
	Bitmap Heap Scan on sbtest6  (cost=29.61..3476.66 rows=895 width=121)
	  Recheck Cond: ((id >= 2396553) AND (id <= 2397552))
	  ->  Bitmap Index Scan on sbtest6_pkey  (cost=0.00..29.39 rows=895 width=0)
	        Index Cond: ((id >= 2396553) AND (id <= 2397552))

table 7 : explain SELECT c FROM sbtest7 WHERE id BETWEEN 2727540 AND 2728539
	Bitmap Heap Scan on sbtest7  (cost=29.71..3512.88 rows=905 width=121)
	  Recheck Cond: ((id >= 2727540) AND (id <= 2728539))
	  ->  Bitmap Index Scan on sbtest7_pkey  (cost=0.00..29.48 rows=905 width=0)
	        Index Cond: ((id >= 2727540) AND (id <= 2728539))

table 8 : explain SELECT c FROM sbtest8 WHERE id BETWEEN 3445402 AND 3446401
	Bitmap Heap Scan on sbtest8  (cost=30.64..3858.94 rows=996 width=121)
	  Recheck Cond: ((id >= 3445402) AND (id <= 3446401))
	  ->  Bitmap Index Scan on sbtest8_pkey  (cost=0.00..30.39 rows=996 width=0)
	        Index Cond: ((id >= 3445402) AND (id <= 3446401))

explain: for point_selects :: explain SELECT c FROM sbtest%u WHERE id=%u
explain: for point_selects :: explain SELECT c FROM sbtest%u WHERE id=%ufor: order_ranges
table 1 : explain SELECT c FROM sbtest1 WHERE id BETWEEN 1454479 AND 1455478 ORDER BY c
	Sort  (cost=3971.12..3973.65 rows=1012 width=121)
	  Sort Key: c
	  ->  Bitmap Heap Scan on sbtest1  (cost=30.81..3920.61 rows=1012 width=121)
	        Recheck Cond: ((id >= 1454479) AND (id <= 1455478))
	        ->  Bitmap Index Scan on sbtest1_pkey  (cost=0.00..30.55 rows=1012 width=0)
	              Index Cond: ((id >= 1454479) AND (id <= 1455478))

table 2 : explain SELECT c FROM sbtest2 WHERE id BETWEEN 2981563 AND 2982562 ORDER BY c
	Sort  (cost=3835.49..3837.93 rows=977 width=121)
	  Sort Key: c
	  ->  Bitmap Heap Scan on sbtest2  (cost=30.45..3786.97 rows=977 width=121)
	        Recheck Cond: ((id >= 2981563) AND (id <= 2982562))
	        ->  Bitmap Index Scan on sbtest2_pkey  (cost=0.00..30.20 rows=977 width=0)
	              Index Cond: ((id >= 2981563) AND (id <= 2982562))

table 3 : explain SELECT c FROM sbtest3 WHERE id BETWEEN 5445100 AND 5446099 ORDER BY c
	Sort  (cost=3722.76..3725.13 rows=948 width=121)
	  Sort Key: c
	  ->  Bitmap Heap Scan on sbtest3  (cost=30.15..3675.88 rows=948 width=121)
	        Recheck Cond: ((id >= 5445100) AND (id <= 5446099))
	        ->  Bitmap Index Scan on sbtest3_pkey  (cost=0.00..29.91 rows=948 width=0)
	              Index Cond: ((id >= 5445100) AND (id <= 5446099))

table 4 : explain SELECT c FROM sbtest4 WHERE id BETWEEN 363758 AND 364757 ORDER BY c
	Sort  (cost=3762.59..3764.98 rows=958 width=121)
	  Sort Key: c
	  ->  Bitmap Heap Scan on sbtest4  (cost=30.25..3715.15 rows=958 width=121)
	        Recheck Cond: ((id >= 363758) AND (id <= 364757))
	        ->  Bitmap Index Scan on sbtest4_pkey  (cost=0.00..30.01 rows=958 width=0)
	              Index Cond: ((id >= 363758) AND (id <= 364757))

table 5 : explain SELECT c FROM sbtest5 WHERE id BETWEEN 1510346 AND 1511345 ORDER BY c
	Sort  (cost=3847.22..3849.67 rows=980 width=121)
	  Sort Key: c
	  ->  Bitmap Heap Scan on sbtest5  (cost=30.48..3798.53 rows=980 width=121)
	        Recheck Cond: ((id >= 1510346) AND (id <= 1511345))
	        ->  Bitmap Index Scan on sbtest5_pkey  (cost=0.00..30.23 rows=980 width=0)
	              Index Cond: ((id >= 1510346) AND (id <= 1511345))

table 6 : explain SELECT c FROM sbtest6 WHERE id BETWEEN 3229839 AND 3230838 ORDER BY c
	Sort  (cost=3885.03..3887.51 rows=990 width=121)
	  Sort Key: c
	  ->  Bitmap Heap Scan on sbtest6  (cost=30.58..3835.77 rows=990 width=121)
	        Recheck Cond: ((id >= 3229839) AND (id <= 3230838))
	        ->  Bitmap Index Scan on sbtest6_pkey  (cost=0.00..30.33 rows=990 width=0)
	              Index Cond: ((id >= 3229839) AND (id <= 3230838))

table 7 : explain SELECT c FROM sbtest7 WHERE id BETWEEN 7485419 AND 7486418 ORDER BY c
	Sort  (cost=3737.60..3739.98 rows=952 width=121)
	  Sort Key: c
	  ->  Bitmap Heap Scan on sbtest7  (cost=30.19..3690.51 rows=952 width=121)
	        Recheck Cond: ((id >= 7485419) AND (id <= 7486418))
	        ->  Bitmap Index Scan on sbtest7_pkey  (cost=0.00..29.95 rows=952 width=0)
	              Index Cond: ((id >= 7485419) AND (id <= 7486418))

table 8 : explain SELECT c FROM sbtest8 WHERE id BETWEEN 9101513 AND 9102512 ORDER BY c
	Sort  (cost=3874.05..3876.52 rows=987 width=121)
	  Sort Key: c
	  ->  Bitmap Heap Scan on sbtest8  (cost=30.55..3824.97 rows=987 width=121)
	        Recheck Cond: ((id >= 9101513) AND (id <= 9102512))
	        ->  Bitmap Index Scan on sbtest8_pkey  (cost=0.00..30.30 rows=987 width=0)
	              Index Cond: ((id >= 9101513) AND (id <= 9102512))


explain: for point_selects :: explain SELECT c FROM sbtest%u WHERE id=%u
explain: for point_selects :: explain SELECT c FROM sbtest%u WHERE id=%u
explain: for point_selects :: explain SELECT c FROM sbtest%u WHERE id=%u
explain: for point_selects :: explain SELECT c FROM sbtest%u WHERE id=%u
for: sum_ranges
table 1 : explain SELECT SUM(k) FROM sbtest1 WHERE id BETWEEN 9481954 AND 9482953
	Aggregate  (cost=3945.79..3945.80 rows=1 width=8)
	  ->  Bitmap Heap Scan on sbtest1  (cost=30.87..3943.25 rows=1018 width=4)
	        Recheck Cond: ((id >= 9481954) AND (id <= 9482953))
	        ->  Bitmap Index Scan on sbtest1_pkey  (cost=0.00..30.61 rows=1018 width=0)
	              Index Cond: ((id >= 9481954) AND (id <= 9482953))

table 2 : explain SELECT SUM(k) FROM sbtest2 WHERE id BETWEEN 3741641 AND 3742640
	Aggregate  (cost=3781.86..3781.87 rows=1 width=8)
	  ->  Bitmap Heap Scan on sbtest2  (cost=30.43..3779.42 rows=975 width=4)
	        Recheck Cond: ((id >= 3741641) AND (id <= 3742640))
	        ->  Bitmap Index Scan on sbtest2_pkey  (cost=0.00..30.18 rows=975 width=0)
	              Index Cond: ((id >= 3741641) AND (id <= 3742640))

table 3 : explain SELECT SUM(k) FROM sbtest3 WHERE id BETWEEN 6812068 AND 6813067
	Aggregate  (cost=3874.63..3874.64 rows=1 width=8)
	  ->  Bitmap Heap Scan on sbtest3  (cost=30.68..3872.13 rows=1000 width=4)
	        Recheck Cond: ((id >= 6812068) AND (id <= 6813067))
	        ->  Bitmap Index Scan on sbtest3_pkey  (cost=0.00..30.43 rows=1000 width=0)
	              Index Cond: ((id >= 6812068) AND (id <= 6813067))

table 4 : explain SELECT SUM(k) FROM sbtest4 WHERE id BETWEEN 925352 AND 926351
	Aggregate  (cost=3740.23..3740.24 rows=1 width=8)
	  ->  Bitmap Heap Scan on sbtest4  (cost=30.32..3737.82 rows=964 width=4)
	        Recheck Cond: ((id >= 925352) AND (id <= 926351))
	        ->  Bitmap Index Scan on sbtest4_pkey  (cost=0.00..30.07 rows=964 width=0)
	              Index Cond: ((id >= 925352) AND (id <= 926351))

table 5 : explain SELECT SUM(k) FROM sbtest5 WHERE id BETWEEN 2238044 AND 2239043
	Aggregate  (cost=3868.97..3868.98 rows=1 width=8)
	  ->  Bitmap Heap Scan on sbtest5  (cost=30.66..3866.48 rows=998 width=4)
	        Recheck Cond: ((id >= 2238044) AND (id <= 2239043))
	        ->  Bitmap Index Scan on sbtest5_pkey  (cost=0.00..30.41 rows=998 width=0)
	              Index Cond: ((id >= 2238044) AND (id <= 2239043))

table 6 : explain SELECT SUM(k) FROM sbtest6 WHERE id BETWEEN 5663265 AND 5664264
	Aggregate  (cost=3936.39..3936.40 rows=1 width=8)
	  ->  Bitmap Heap Scan on sbtest6  (cost=30.85..3933.85 rows=1016 width=4)
	        Recheck Cond: ((id >= 5663265) AND (id <= 5664264))
	        ->  Bitmap Index Scan on sbtest6_pkey  (cost=0.00..30.59 rows=1016 width=0)
	              Index Cond: ((id >= 5663265) AND (id <= 5664264))

table 7 : explain SELECT SUM(k) FROM sbtest7 WHERE id BETWEEN 8312415 AND 8313414
	Aggregate  (cost=3719.33..3719.34 rows=1 width=8)
	  ->  Bitmap Heap Scan on sbtest7  (cost=30.26..3716.93 rows=959 width=4)
	        Recheck Cond: ((id >= 8312415) AND (id <= 8313414))
	        ->  Bitmap Index Scan on sbtest7_pkey  (cost=0.00..30.02 rows=959 width=0)
	              Index Cond: ((id >= 8312415) AND (id <= 8313414))

table 8 : explain SELECT SUM(k) FROM sbtest8 WHERE id BETWEEN 1478890 AND 1479889
	Aggregate  (cost=3740.51..3740.52 rows=1 width=8)
	  ->  Bitmap Heap Scan on sbtest8  (cost=30.32..3738.10 rows=964 width=4)
	        Recheck Cond: ((id >= 1478890) AND (id <= 1479889))
	        ->  Bitmap Index Scan on sbtest8_pkey  (cost=0.00..30.07 rows=964 width=0)
	              Index Cond: ((id >= 1478890) AND (id <= 1479889))

for: distinct_ranges
table 1 : explain SELECT DISTINCT c FROM sbtest1 WHERE id BETWEEN 7468140 AND 7469139 ORDER BY c
	Unique  (cost=4189.48..4194.82 rows=1068 width=121)
	  ->  Sort  (cost=4189.48..4192.15 rows=1068 width=121)
	        Sort Key: c
	        ->  Bitmap Heap Scan on sbtest1  (cost=35.38..4135.76 rows=1068 width=121)
	              Recheck Cond: ((id >= 7468140) AND (id <= 7469139))
	              ->  Bitmap Index Scan on sbtest1_pkey  (cost=0.00..35.12 rows=1068 width=0)
	                    Index Cond: ((id >= 7468140) AND (id <= 7469139))

table 2 : explain SELECT DISTINCT c FROM sbtest2 WHERE id BETWEEN 4506490 AND 4507489 ORDER BY c
	Unique  (cost=3416.97..3421.31 rows=868 width=121)
	  ->  Sort  (cost=3416.97..3419.14 rows=868 width=121)
	        Sort Key: c
	        ->  Bitmap Heap Scan on sbtest2  (cost=29.33..3374.61 rows=868 width=121)
	              Recheck Cond: ((id >= 4506490) AND (id <= 4507489))
	              ->  Bitmap Index Scan on sbtest2_pkey  (cost=0.00..29.11 rows=868 width=0)
	                    Index Cond: ((id >= 4506490) AND (id <= 4507489))

table 3 : explain SELECT DISTINCT c FROM sbtest3 WHERE id BETWEEN 6114119 AND 6115118 ORDER BY c
	Unique  (cost=4422.65..4428.31 rows=1131 width=121)
	  ->  Sort  (cost=4422.65..4425.48 rows=1131 width=121)
	        Sort Key: c
	        ->  Bitmap Heap Scan on sbtest3  (cost=36.03..4365.29 rows=1131 width=121)
	              Recheck Cond: ((id >= 6114119) AND (id <= 6115118))
	              ->  Bitmap Index Scan on sbtest3_pkey  (cost=0.00..35.75 rows=1131 width=0)
	                    Index Cond: ((id >= 6114119) AND (id <= 6115118))

table 4 : explain SELECT DISTINCT c FROM sbtest4 WHERE id BETWEEN 9347216 AND 9348215 ORDER BY c
	Unique  (cost=3739.57..3744.33 rows=952 width=121)
	  ->  Sort  (cost=3739.57..3741.95 rows=952 width=121)
	        Sort Key: c
	        ->  Bitmap Heap Scan on sbtest4  (cost=30.19..3692.47 rows=952 width=121)
	              Recheck Cond: ((id >= 9347216) AND (id <= 9348215))
	              ->  Bitmap Index Scan on sbtest4_pkey  (cost=0.00..29.95 rows=952 width=0)
	                    Index Cond: ((id >= 9347216) AND (id <= 9348215))

table 5 : explain SELECT DISTINCT c FROM sbtest5 WHERE id BETWEEN 2663446 AND 2664445 ORDER BY c
	Unique  (cost=4142.01..4147.29 rows=1057 width=121)
	  ->  Sort  (cost=4142.01..4144.65 rows=1057 width=121)
	        Sort Key: c
	        ->  Bitmap Heap Scan on sbtest5  (cost=31.27..4088.91 rows=1057 width=121)
	              Recheck Cond: ((id >= 2663446) AND (id <= 2664445))
	              ->  Bitmap Index Scan on sbtest5_pkey  (cost=0.00..31.00 rows=1057 width=0)
	                    Index Cond: ((id >= 2663446) AND (id <= 2664445))

table 6 : explain SELECT DISTINCT c FROM sbtest6 WHERE id BETWEEN 5533515 AND 5534514 ORDER BY c
	Unique  (cost=3497.48..3501.93 rows=889 width=121)
	  ->  Sort  (cost=3497.48..3499.71 rows=889 width=121)
	        Sort Key: c
	        ->  Bitmap Heap Scan on sbtest6  (cost=29.55..3453.94 rows=889 width=121)
	              Recheck Cond: ((id >= 5533515) AND (id <= 5534514))
	              ->  Bitmap Index Scan on sbtest6_pkey  (cost=0.00..29.32 rows=889 width=0)
	                    Index Cond: ((id >= 5533515) AND (id <= 5534514))

table 7 : explain SELECT DISTINCT c FROM sbtest7 WHERE id BETWEEN 2611669 AND 2612668 ORDER BY c
	Unique  (cost=4292.27..4297.75 rows=1096 width=121)
	  ->  Sort  (cost=4292.27..4295.01 rows=1096 width=121)
	        Sort Key: c
	        ->  Bitmap Heap Scan on sbtest7  (cost=35.67..4236.94 rows=1096 width=121)
	              Recheck Cond: ((id >= 2611669) AND (id <= 2612668))
	              ->  Bitmap Index Scan on sbtest7_pkey  (cost=0.00..35.40 rows=1096 width=0)
	                    Index Cond: ((id >= 2611669) AND (id <= 2612668))

table 8 : explain SELECT DISTINCT c FROM sbtest8 WHERE id BETWEEN 8805569 AND 8806568 ORDER BY c
	Unique  (cost=4130.71..4135.98 rows=1053 width=121)
	  ->  Sort  (cost=4130.71..4133.35 rows=1053 width=121)
	        Sort Key: c
	        ->  Bitmap Heap Scan on sbtest8  (cost=35.23..4077.85 rows=1053 width=121)
	              Recheck Cond: ((id >= 8805569) AND (id <= 8806568))
	              ->  Bitmap Index Scan on sbtest8_pkey  (cost=0.00..34.97 rows=1053 width=0)
	                    Index Cond: ((id >= 8805569) AND (id <= 8806568))

explain: for point_selects :: explain SELECT c FROM sbtest%u WHERE id=%u
explain: for point_selects :: explain SELECT c FROM sbtest%u WHERE id=%u
for point_selects
table 1 : explain SELECT c FROM sbtest1 WHERE id=2016959
	Index Scan using sbtest1_pkey on sbtest1  (cost=0.43..8.45 rows=1 width=121)
	  Index Cond: (id = 2016959)

table 2 : explain SELECT c FROM sbtest2 WHERE id=7518611
	Index Scan using sbtest2_pkey on sbtest2  (cost=0.43..8.45 rows=1 width=121)
	  Index Cond: (id = 7518611)

table 3 : explain SELECT c FROM sbtest3 WHERE id=9095675
	Index Scan using sbtest3_pkey on sbtest3  (cost=0.43..8.45 rows=1 width=121)
	  Index Cond: (id = 9095675)

table 4 : explain SELECT c FROM sbtest4 WHERE id=6957364
	Index Scan using sbtest4_pkey on sbtest4  (cost=0.43..8.45 rows=1 width=121)
	  Index Cond: (id = 6957364)

table 5 : explain SELECT c FROM sbtest5 WHERE id=2714368
	Index Scan using sbtest5_pkey on sbtest5  (cost=0.43..8.45 rows=1 width=121)
	  Index Cond: (id = 2714368)

table 6 : explain SELECT c FROM sbtest6 WHERE id=6628254
	Index Scan using sbtest6_pkey on sbtest6  (cost=0.43..8.45 rows=1 width=121)
	  Index Cond: (id = 6628254)

table 7 : explain SELECT c FROM sbtest7 WHERE id=1580366
	Index Scan using sbtest7_pkey on sbtest7  (cost=0.43..8.45 rows=1 width=121)
	  Index Cond: (id = 1580366)

table 8 : explain SELECT c FROM sbtest8 WHERE id=6946672
	Index Scan using sbtest8_pkey on sbtest8  (cost=0.43..8.45 rows=1 width=121)
	  Index Cond: (id = 6946672)

for point_selects
table 1 : explain SELECT c FROM sbtest1 WHERE id=8742978
	Index Scan using sbtest1_pkey on sbtest1  (cost=0.43..8.45 rows=1 width=121)
	  Index Cond: (id = 8742978)

table 2 : explain SELECT c FROM sbtest2 WHERE id=928996
	Index Scan using sbtest2_pkey on sbtest2  (cost=0.43..8.45 rows=1 width=121)
	  Index Cond: (id = 928996)

table 3 : explain SELECT c FROM sbtest3 WHERE id=7712778
	Index Scan using sbtest3_pkey on sbtest3  (cost=0.43..8.45 rows=1 width=121)
	  Index Cond: (id = 7712778)

table 4 : explain SELECT c FROM sbtest4 WHERE id=7841639
	Index Scan using sbtest4_pkey on sbtest4  (cost=0.43..8.45 rows=1 width=121)
	  Index Cond: (id = 7841639)

table 5 : explain SELECT c FROM sbtest5 WHERE id=2391507
	Index Scan using sbtest5_pkey on sbtest5  (cost=0.43..8.45 rows=1 width=121)
	  Index Cond: (id = 2391507)

table 6 : explain SELECT c FROM sbtest6 WHERE id=4584591
	Index Scan using sbtest6_pkey on sbtest6  (cost=0.43..8.45 rows=1 width=121)
	  Index Cond: (id = 4584591)

table 7 : explain SELECT c FROM sbtest7 WHERE id=8566341
	Index Scan using sbtest7_pkey on sbtest7  (cost=0.43..8.45 rows=1 width=121)
	  Index Cond: (id = 8566341)

table 8 : explain SELECT c FROM sbtest8 WHERE id=9509225
	Index Scan using sbtest8_pkey on sbtest8  (cost=0.43..8.45 rows=1 width=121)
	  Index Cond: (id = 9509225)

for point_selects
table 1 : explain SELECT c FROM sbtest1 WHERE id=1105943
	Index Scan using sbtest1_pkey on sbtest1  (cost=0.43..8.45 rows=1 width=121)
	  Index Cond: (id = 1105943)

table 2 : explain SELECT c FROM sbtest2 WHERE id=4394386
	Index Scan using sbtest2_pkey on sbtest2  (cost=0.43..8.45 rows=1 width=121)
	  Index Cond: (id = 4394386)

table 3 : explain SELECT c FROM sbtest3 WHERE id=2962741
	Index Scan using sbtest3_pkey on sbtest3  (cost=0.43..8.45 rows=1 width=121)
	  Index Cond: (id = 2962741)

table 4 : explain SELECT c FROM sbtest4 WHERE id=5901168
	Index Scan using sbtest4_pkey on sbtest4  (cost=0.43..8.45 rows=1 width=121)
	  Index Cond: (id = 5901168)

table 5 : explain SELECT c FROM sbtest5 WHERE id=8573739
	Index Scan using sbtest5_pkey on sbtest5  (cost=0.43..8.45 rows=1 width=121)
	  Index Cond: (id = 8573739)

table 6 : explain SELECT c FROM sbtest6 WHERE id=5650934
	Index Scan using sbtest6_pkey on sbtest6  (cost=0.43..8.45 rows=1 width=121)
	  Index Cond: (id = 5650934)

table 7 : explain SELECT c FROM sbtest7 WHERE id=1475839
	Index Scan using sbtest7_pkey on sbtest7  (cost=0.43..8.45 rows=1 width=121)
	  Index Cond: (id = 1475839)

table 8 : explain SELECT c FROM sbtest8 WHERE id=8663662
	Index Scan using sbtest8_pkey on sbtest8  (cost=0.43..8.45 rows=1 width=121)
	  Index Cond: (id = 8663662)

for: order_ranges
table 1 : explain SELECT c FROM sbtest1 WHERE id BETWEEN 9181379 AND 9182378 ORDER BY c
	Sort  (cost=4212.43..4215.11 rows=1074 width=121)
	  Sort Key: c
	  ->  Bitmap Heap Scan on sbtest1  (cost=35.44..4158.36 rows=1074 width=121)
	        Recheck Cond: ((id >= 9181379) AND (id <= 9182378))
	        ->  Bitmap Index Scan on sbtest1_pkey  (cost=0.00..35.18 rows=1074 width=0)
	              Index Cond: ((id >= 9181379) AND (id <= 9182378))

table 2 : explain SELECT c FROM sbtest2 WHERE id BETWEEN 9995725 AND 9996724 ORDER BY c
	Sort  (cost=3774.15..3776.55 rows=961 width=121)
	  Sort Key: c
	  ->  Bitmap Heap Scan on sbtest2  (cost=30.29..3726.54 rows=961 width=121)
	        Recheck Cond: ((id >= 9995725) AND (id <= 9996724))
	        ->  Bitmap Index Scan on sbtest2_pkey  (cost=0.00..30.04 rows=961 width=0)
	              Index Cond: ((id >= 9995725) AND (id <= 9996724))

table 3 : explain SELECT c FROM sbtest3 WHERE id BETWEEN 4170428 AND 4171427 ORDER BY c
	Sort  (cost=4166.69..4169.35 rows=1064 width=121)
	  Sort Key: c
	  ->  Bitmap Heap Scan on sbtest3  (cost=31.34..4113.20 rows=1064 width=121)
	        Recheck Cond: ((id >= 4170428) AND (id <= 4171427))
	        ->  Bitmap Index Scan on sbtest3_pkey  (cost=0.00..31.07 rows=1064 width=0)
	              Index Cond: ((id >= 4170428) AND (id <= 4171427))

table 4 : explain SELECT c FROM sbtest4 WHERE id BETWEEN 3117718 AND 3118717 ORDER BY c
	Sort  (cost=3862.26..3864.72 rows=984 width=121)
	  Sort Key: c
	  ->  Bitmap Heap Scan on sbtest4  (cost=30.52..3813.34 rows=984 width=121)
	        Recheck Cond: ((id >= 3117718) AND (id <= 3118717))
	        ->  Bitmap Index Scan on sbtest4_pkey  (cost=0.00..30.27 rows=984 width=0)
	              Index Cond: ((id >= 3117718) AND (id <= 3118717))

table 5 : explain SELECT c FROM sbtest5 WHERE id BETWEEN 685707 AND 686706 ORDER BY c
	Sort  (cost=3916.19..3918.69 rows=998 width=121)
	  Sort Key: c
	  ->  Bitmap Heap Scan on sbtest5  (cost=30.66..3866.48 rows=998 width=121)
	        Recheck Cond: ((id >= 685707) AND (id <= 686706))
	        ->  Bitmap Index Scan on sbtest5_pkey  (cost=0.00..30.41 rows=998 width=0)
	              Index Cond: ((id >= 685707) AND (id <= 686706))

table 6 : explain SELECT c FROM sbtest6 WHERE id BETWEEN 910405 AND 911404 ORDER BY c
	Sort  (cost=4198.95..4201.63 rows=1071 width=121)
	  Sort Key: c
	  ->  Bitmap Heap Scan on sbtest6  (cost=35.41..4145.06 rows=1071 width=121)
	        Recheck Cond: ((id >= 910405) AND (id <= 911404))
	        ->  Bitmap Index Scan on sbtest6_pkey  (cost=0.00..35.15 rows=1071 width=0)
	              Index Cond: ((id >= 910405) AND (id <= 911404))

table 7 : explain SELECT c FROM sbtest7 WHERE id BETWEEN 5599938 AND 5600937 ORDER BY c
	Sort  (cost=3994.13..3996.67 rows=1019 width=121)
	  Sort Key: c
	  ->  Bitmap Heap Scan on sbtest7  (cost=30.88..3943.21 rows=1019 width=121)
	        Recheck Cond: ((id >= 5599938) AND (id <= 5600937))
	        ->  Bitmap Index Scan on sbtest7_pkey  (cost=0.00..30.62 rows=1019 width=0)
	              Index Cond: ((id >= 5599938) AND (id <= 5600937))

table 8 : explain SELECT c FROM sbtest8 WHERE id BETWEEN 1955665 AND 1956664 ORDER BY c
	Sort  (cost=3877.89..3880.36 rows=988 width=121)
	  Sort Key: c
	  ->  Bitmap Heap Scan on sbtest8  (cost=30.56..3828.74 rows=988 width=121)
	        Recheck Cond: ((id >= 1955665) AND (id <= 1956664))
	        ->  Bitmap Index Scan on sbtest8_pkey  (cost=0.00..30.32 rows=988 width=0)
	              Index Cond: ((id >= 1955665) AND (id <= 1956664))

for point_selects
table 1 : explain SELECT c FROM sbtest1 WHERE id=1104466
	Index Scan using sbtest1_pkey on sbtest1  (cost=0.43..8.45 rows=1 width=121)
	  Index Cond: (id = 1104466)

table 2 : explain SELECT c FROM sbtest2 WHERE id=8921706
	Index Scan using sbtest2_pkey on sbtest2  (cost=0.43..8.45 rows=1 width=121)
	  Index Cond: (id = 8921706)

table 3 : explain SELECT c FROM sbtest3 WHERE id=7217520
	Index Scan using sbtest3_pkey on sbtest3  (cost=0.43..8.45 rows=1 width=121)
	  Index Cond: (id = 7217520)

table 4 : explain SELECT c FROM sbtest4 WHERE id=5629148
	Index Scan using sbtest4_pkey on sbtest4  (cost=0.43..8.45 rows=1 width=121)
	  Index Cond: (id = 5629148)

table 5 : explain SELECT c FROM sbtest5 WHERE id=8504452
	Index Scan using sbtest5_pkey on sbtest5  (cost=0.43..8.45 rows=1 width=121)
	  Index Cond: (id = 8504452)

table 6 : explain SELECT c FROM sbtest6 WHERE id=6651597
	Index Scan using sbtest6_pkey on sbtest6  (cost=0.43..8.45 rows=1 width=121)
	  Index Cond: (id = 6651597)

table 7 : explain SELECT c FROM sbtest7 WHERE id=558818
	Index Scan using sbtest7_pkey on sbtest7  (cost=0.43..8.45 rows=1 width=121)
	  Index Cond: (id = 558818)

table 8 : explain SELECT c FROM sbtest8 WHERE id=9119017
	Index Scan using sbtest8_pkey on sbtest8  (cost=0.43..8.45 rows=1 width=121)
	  Index Cond: (id = 9119017)

for point_selects
table 1 : explain SELECT c FROM sbtest1 WHERE id=8340818
	Index Scan using sbtest1_pkey on sbtest1  (cost=0.43..8.45 rows=1 width=121)
	  Index Cond: (id = 8340818)

table 2 : explain SELECT c FROM sbtest2 WHERE id=5105575
	Index Scan using sbtest2_pkey on sbtest2  (cost=0.43..8.45 rows=1 width=121)
	  Index Cond: (id = 5105575)

table 3 : explain SELECT c FROM sbtest3 WHERE id=2698161
	Index Scan using sbtest3_pkey on sbtest3  (cost=0.43..8.45 rows=1 width=121)
	  Index Cond: (id = 2698161)

table 4 : explain SELECT c FROM sbtest4 WHERE id=1804219
	Index Scan using sbtest4_pkey on sbtest4  (cost=0.43..8.45 rows=1 width=121)
	  Index Cond: (id = 1804219)

table 5 : explain SELECT c FROM sbtest5 WHERE id=9579439
	Index Scan using sbtest5_pkey on sbtest5  (cost=0.43..8.45 rows=1 width=121)
	  Index Cond: (id = 9579439)

table 6 : explain SELECT c FROM sbtest6 WHERE id=6566666
	Index Scan using sbtest6_pkey on sbtest6  (cost=0.43..8.45 rows=1 width=121)
	  Index Cond: (id = 6566666)

table 7 : explain SELECT c FROM sbtest7 WHERE id=4179585
	Index Scan using sbtest7_pkey on sbtest7  (cost=0.43..8.45 rows=1 width=121)
	  Index Cond: (id = 4179585)

table 8 : explain SELECT c FROM sbtest8 WHERE id=2326667
	Index Scan using sbtest8_pkey on sbtest8  (cost=0.43..8.45 rows=1 width=121)
	  Index Cond: (id = 2326667)

for point_selects
table 1 : explain SELECT c FROM sbtest1 WHERE id=5159723
	Index Scan using sbtest1_pkey on sbtest1  (cost=0.43..8.45 rows=1 width=121)
	  Index Cond: (id = 5159723)

table 2 : explain SELECT c FROM sbtest2 WHERE id=9947556
	Index Scan using sbtest2_pkey on sbtest2  (cost=0.43..8.45 rows=1 width=121)
	  Index Cond: (id = 9947556)

table 3 : explain SELECT c FROM sbtest3 WHERE id=9170040
	Index Scan using sbtest3_pkey on sbtest3  (cost=0.43..8.45 rows=1 width=121)
	  Index Cond: (id = 9170040)

table 4 : explain SELECT c FROM sbtest4 WHERE id=8223062
	Index Scan using sbtest4_pkey on sbtest4  (cost=0.43..8.45 rows=1 width=121)
	  Index Cond: (id = 8223062)

table 5 : explain SELECT c FROM sbtest5 WHERE id=9600718
	Index Scan using sbtest5_pkey on sbtest5  (cost=0.43..8.45 rows=1 width=121)
	  Index Cond: (id = 9600718)

table 6 : explain SELECT c FROM sbtest6 WHERE id=1844220
	Index Scan using sbtest6_pkey on sbtest6  (cost=0.43..8.45 rows=1 width=121)
	  Index Cond: (id = 1844220)

table 7 : explain SELECT c FROM sbtest7 WHERE id=363066
	Index Scan using sbtest7_pkey on sbtest7  (cost=0.43..8.45 rows=1 width=121)
	  Index Cond: (id = 363066)

table 8 : explain SELECT c FROM sbtest8 WHERE id=2960525
	Index Scan using sbtest8_pkey on sbtest8  (cost=0.43..8.45 rows=1 width=121)
	  Index Cond: (id = 2960525)

explain: for point_selects :: explain SELECT c FROM sbtest%u WHERE id=%u
for: simple_ranges
table 1 : explain SELECT c FROM sbtest1 WHERE id BETWEEN 7492465 AND 7493464
	Bitmap Heap Scan on sbtest1  (cost=35.38..4135.76 rows=1068 width=121)
	  Recheck Cond: ((id >= 7492465) AND (id <= 7493464))
	  ->  Bitmap Index Scan on sbtest1_pkey  (cost=0.00..35.12 rows=1068 width=0)
	        Index Cond: ((id >= 7492465) AND (id <= 7493464))

table 2 : explain SELECT c FROM sbtest2 WHERE id BETWEEN 913381 AND 914380
	Bitmap Heap Scan on sbtest2  (cost=30.12..3666.07 rows=945 width=121)
	  Recheck Cond: ((id >= 913381) AND (id <= 914380))
	  ->  Bitmap Index Scan on sbtest2_pkey  (cost=0.00..29.89 rows=945 width=0)
	        Index Cond: ((id >= 913381) AND (id <= 914380))

table 3 : explain SELECT c FROM sbtest3 WHERE id BETWEEN 3652043 AND 3653042
	Bitmap Heap Scan on sbtest3  (cost=31.01..3992.73 rows=1032 width=121)
	  Recheck Cond: ((id >= 3652043) AND (id <= 3653042))
	  ->  Bitmap Index Scan on sbtest3_pkey  (cost=0.00..30.75 rows=1032 width=0)
	        Index Cond: ((id >= 3652043) AND (id <= 3653042))

table 4 : explain SELECT c FROM sbtest4 WHERE id BETWEEN 8731243 AND 8732242
	Bitmap Heap Scan on sbtest4  (cost=35.39..4137.77 rows=1069 width=121)
	  Recheck Cond: ((id >= 8731243) AND (id <= 8732242))
	  ->  Bitmap Index Scan on sbtest4_pkey  (cost=0.00..35.12 rows=1069 width=0)
	        Index Cond: ((id >= 8731243) AND (id <= 8732242))

table 5 : explain SELECT c FROM sbtest5 WHERE id BETWEEN 5819420 AND 5820419
	Bitmap Heap Scan on sbtest5  (cost=31.23..4073.85 rows=1053 width=121)
	  Recheck Cond: ((id >= 5819420) AND (id <= 5820419))
	  ->  Bitmap Index Scan on sbtest5_pkey  (cost=0.00..30.96 rows=1053 width=0)
	        Index Cond: ((id >= 5819420) AND (id <= 5820419))

table 6 : explain SELECT c FROM sbtest6 WHERE id BETWEEN 8159612 AND 8160611
	Bitmap Heap Scan on sbtest6  (cost=30.91..3956.48 rows=1022 width=121)
	  Recheck Cond: ((id >= 8159612) AND (id <= 8160611))
	  ->  Bitmap Index Scan on sbtest6_pkey  (cost=0.00..30.65 rows=1022 width=0)
	        Index Cond: ((id >= 8159612) AND (id <= 8160611))

table 7 : explain SELECT c FROM sbtest7 WHERE id BETWEEN 1269139 AND 1270138
	Bitmap Heap Scan on sbtest7  (cost=30.29..3724.48 rows=961 width=121)
	  Recheck Cond: ((id >= 1269139) AND (id <= 1270138))
	  ->  Bitmap Index Scan on sbtest7_pkey  (cost=0.00..30.04 rows=961 width=0)
	        Index Cond: ((id >= 1269139) AND (id <= 1270138))

table 8 : explain SELECT c FROM sbtest8 WHERE id BETWEEN 7093993 AND 7094992
	Bitmap Heap Scan on sbtest8  (cost=30.95..3972.10 rows=1026 width=121)
	  Recheck Cond: ((id >= 7093993) AND (id <= 7094992))
	  ->  Bitmap Index Scan on sbtest8_pkey  (cost=0.00..30.69 rows=1026 width=0)
	        Index Cond: ((id >= 7093993) AND (id <= 7094992))

for: simple_ranges
table 1 : explain SELECT c FROM sbtest1 WHERE id BETWEEN 6114337 AND 6115336
	Bitmap Heap Scan on sbtest1  (cost=30.68..3875.31 rows=1000 width=121)
	  Recheck Cond: ((id >= 6114337) AND (id <= 6115336))
	  ->  Bitmap Index Scan on sbtest1_pkey  (cost=0.00..30.43 rows=1000 width=0)
	        Index Cond: ((id >= 6114337) AND (id <= 6115336))

table 2 : explain SELECT c FROM sbtest2 WHERE id BETWEEN 2258870 AND 2259869
	Bitmap Heap Scan on sbtest2  (cost=29.90..3582.87 rows=923 width=121)
	  Recheck Cond: ((id >= 2258870) AND (id <= 2259869))
	  ->  Bitmap Index Scan on sbtest2_pkey  (cost=0.00..29.66 rows=923 width=0)
	        Index Cond: ((id >= 2258870) AND (id <= 2259869))

table 3 : explain SELECT c FROM sbtest3 WHERE id BETWEEN 3557931 AND 3558930
	Bitmap Heap Scan on sbtest3  (cost=30.20..3694.77 rows=953 width=121)
	  Recheck Cond: ((id >= 3557931) AND (id <= 3558930))
	  ->  Bitmap Index Scan on sbtest3_pkey  (cost=0.00..29.96 rows=953 width=0)
	        Index Cond: ((id >= 3557931) AND (id <= 3558930))

table 4 : explain SELECT c FROM sbtest4 WHERE id BETWEEN 5883691 AND 5884690
	Bitmap Heap Scan on sbtest4  (cost=30.46..3790.69 rows=978 width=121)
	  Recheck Cond: ((id >= 5883691) AND (id <= 5884690))
	  ->  Bitmap Index Scan on sbtest4_pkey  (cost=0.00..30.21 rows=978 width=0)
	        Index Cond: ((id >= 5883691) AND (id <= 5884690))

table 5 : explain SELECT c FROM sbtest5 WHERE id BETWEEN 1992225 AND 1993224
	Bitmap Heap Scan on sbtest5  (cost=30.31..3734.32 rows=963 width=121)
	  Recheck Cond: ((id >= 1992225) AND (id <= 1993224))
	  ->  Bitmap Index Scan on sbtest5_pkey  (cost=0.00..30.07 rows=963 width=0)
	        Index Cond: ((id >= 1992225) AND (id <= 1993224))

table 6 : explain SELECT c FROM sbtest6 WHERE id BETWEEN 9793261 AND 9794260
	Bitmap Heap Scan on sbtest6  (cost=30.18..3688.49 rows=951 width=121)
	  Recheck Cond: ((id >= 9793261) AND (id <= 9794260))
	  ->  Bitmap Index Scan on sbtest6_pkey  (cost=0.00..29.94 rows=951 width=0)
	        Index Cond: ((id >= 9793261) AND (id <= 9794260))

table 7 : explain SELECT c FROM sbtest7 WHERE id BETWEEN 8135339 AND 8136338
	Bitmap Heap Scan on sbtest7  (cost=35.40..4139.19 rows=1070 width=121)
	  Recheck Cond: ((id >= 8135339) AND (id <= 8136338))
	  ->  Bitmap Index Scan on sbtest7_pkey  (cost=0.00..35.14 rows=1070 width=0)
	        Index Cond: ((id >= 8135339) AND (id <= 8136338))

table 8 : explain SELECT c FROM sbtest8 WHERE id BETWEEN 7623098 AND 7624097
	Bitmap Heap Scan on sbtest8  (cost=30.31..3734.32 rows=963 width=121)
	  Recheck Cond: ((id >= 7623098) AND (id <= 7624097))
	  ->  Bitmap Index Scan on sbtest8_pkey  (cost=0.00..30.07 rows=963 width=0)
	        Index Cond: ((id >= 7623098) AND (id <= 7624097))

for: simple_ranges
table 1 : explain SELECT c FROM sbtest1 WHERE id BETWEEN 7328943 AND 7329942
	Bitmap Heap Scan on sbtest1  (cost=30.24..3712.85 rows=957 width=121)
	  Recheck Cond: ((id >= 7328943) AND (id <= 7329942))
	  ->  Bitmap Index Scan on sbtest1_pkey  (cost=0.00..30.00 rows=957 width=0)
	        Index Cond: ((id >= 7328943) AND (id <= 7329942))

table 2 : explain SELECT c FROM sbtest2 WHERE id BETWEEN 1455361 AND 1456360
	Bitmap Heap Scan on sbtest2  (cost=29.95..3601.79 rows=928 width=121)
	  Recheck Cond: ((id >= 1455361) AND (id <= 1456360))
	  ->  Bitmap Index Scan on sbtest2_pkey  (cost=0.00..29.71 rows=928 width=0)
	        Index Cond: ((id >= 1455361) AND (id <= 1456360))

table 3 : explain SELECT c FROM sbtest3 WHERE id BETWEEN 9840697 AND 9841696
	Bitmap Heap Scan on sbtest3  (cost=30.88..3943.75 rows=1019 width=121)
	  Recheck Cond: ((id >= 9840697) AND (id <= 9841696))
	  ->  Bitmap Index Scan on sbtest3_pkey  (cost=0.00..30.62 rows=1019 width=0)
	        Index Cond: ((id >= 9840697) AND (id <= 9841696))

table 4 : explain SELECT c FROM sbtest4 WHERE id BETWEEN 8469153 AND 8470152
	Bitmap Heap Scan on sbtest4  (cost=30.47..3794.47 rows=979 width=121)
	  Recheck Cond: ((id >= 8469153) AND (id <= 8470152))
	  ->  Bitmap Index Scan on sbtest4_pkey  (cost=0.00..30.22 rows=979 width=0)
	        Index Cond: ((id >= 8469153) AND (id <= 8470152))

table 5 : explain SELECT c FROM sbtest5 WHERE id BETWEEN 4894165 AND 4895164
	Bitmap Heap Scan on sbtest5  (cost=29.97..3609.57 rows=930 width=121)
	  Recheck Cond: ((id >= 4894165) AND (id <= 4895164))
	  ->  Bitmap Index Scan on sbtest5_pkey  (cost=0.00..29.73 rows=930 width=0)
	        Index Cond: ((id >= 4894165) AND (id <= 4895164))

table 6 : explain SELECT c FROM sbtest6 WHERE id BETWEEN 8765274 AND 8766273
	Bitmap Heap Scan on sbtest6  (cost=31.04..4005.47 rows=1035 width=121)
	  Recheck Cond: ((id >= 8765274) AND (id <= 8766273))
	  ->  Bitmap Index Scan on sbtest6_pkey  (cost=0.00..30.79 rows=1035 width=0)
	        Index Cond: ((id >= 8765274) AND (id <= 8766273))

table 7 : explain SELECT c FROM sbtest7 WHERE id BETWEEN 8926120 AND 8927119
	Bitmap Heap Scan on sbtest7  (cost=35.13..4037.60 rows=1043 width=121)
	  Recheck Cond: ((id >= 8926120) AND (id <= 8927119))
	  ->  Bitmap Index Scan on sbtest7_pkey  (cost=0.00..34.87 rows=1043 width=0)
	        Index Cond: ((id >= 8926120) AND (id <= 8927119))

table 8 : explain SELECT c FROM sbtest8 WHERE id BETWEEN 5026410 AND 5027409
	Bitmap Heap Scan on sbtest8  (cost=30.38..3760.77 rows=970 width=121)
	  Recheck Cond: ((id >= 5026410) AND (id <= 5027409))
	  ->  Bitmap Index Scan on sbtest8_pkey  (cost=0.00..30.14 rows=970 width=0)
	        Index Cond: ((id >= 5026410) AND (id <= 5027409))

for: simple_ranges
table 1 : explain SELECT c FROM sbtest1 WHERE id BETWEEN 5265398 AND 5266397
	Bitmap Heap Scan on sbtest1  (cost=30.09..3656.12 rows=942 width=121)
	  Recheck Cond: ((id >= 5265398) AND (id <= 5266397))
	  ->  Bitmap Index Scan on sbtest1_pkey  (cost=0.00..29.86 rows=942 width=0)
	        Index Cond: ((id >= 5265398) AND (id <= 5266397))

table 2 : explain SELECT c FROM sbtest2 WHERE id BETWEEN 8154525 AND 8155524
	Bitmap Heap Scan on sbtest2  (cost=30.13..3669.85 rows=946 width=121)
	  Recheck Cond: ((id >= 8154525) AND (id <= 8155524))
	  ->  Bitmap Index Scan on sbtest2_pkey  (cost=0.00..29.89 rows=946 width=0)
	        Index Cond: ((id >= 8154525) AND (id <= 8155524))

table 3 : explain SELECT c FROM sbtest3 WHERE id BETWEEN 8193529 AND 8194528
	Bitmap Heap Scan on sbtest3  (cost=30.44..3781.60 rows=976 width=121)
	  Recheck Cond: ((id >= 8193529) AND (id <= 8194528))
	  ->  Bitmap Index Scan on sbtest3_pkey  (cost=0.00..30.19 rows=976 width=0)
	        Index Cond: ((id >= 8193529) AND (id <= 8194528))

table 4 : explain SELECT c FROM sbtest4 WHERE id BETWEEN 7964757 AND 7965756
	Bitmap Heap Scan on sbtest4  (cost=30.78..3907.68 rows=1009 width=121)
	  Recheck Cond: ((id >= 7964757) AND (id <= 7965756))
	  ->  Bitmap Index Scan on sbtest4_pkey  (cost=0.00..30.52 rows=1009 width=0)
	        Index Cond: ((id >= 7964757) AND (id <= 7965756))

table 5 : explain SELECT c FROM sbtest5 WHERE id BETWEEN 5259365 AND 5260364
	Bitmap Heap Scan on sbtest5  (cost=31.19..4058.78 rows=1049 width=121)
	  Recheck Cond: ((id >= 5259365) AND (id <= 5260364))
	  ->  Bitmap Index Scan on sbtest5_pkey  (cost=0.00..30.93 rows=1049 width=0)
	        Index Cond: ((id >= 5259365) AND (id <= 5260364))

table 6 : explain SELECT c FROM sbtest6 WHERE id BETWEEN 7948956 AND 7949955
	Bitmap Heap Scan on sbtest6  (cost=31.04..4005.47 rows=1035 width=121)
	  Recheck Cond: ((id >= 7948956) AND (id <= 7949955))
	  ->  Bitmap Index Scan on sbtest6_pkey  (cost=0.00..30.79 rows=1035 width=0)
	        Index Cond: ((id >= 7948956) AND (id <= 7949955))

table 7 : explain SELECT c FROM sbtest7 WHERE id BETWEEN 898608 AND 899607
	Bitmap Heap Scan on sbtest7  (cost=30.32..3735.81 rows=964 width=121)
	  Recheck Cond: ((id >= 898608) AND (id <= 899607))
	  ->  Bitmap Index Scan on sbtest7_pkey  (cost=0.00..30.07 rows=964 width=0)
	        Index Cond: ((id >= 898608) AND (id <= 899607))

table 8 : explain SELECT c FROM sbtest8 WHERE id BETWEEN 9538234 AND 9539233
	Bitmap Heap Scan on sbtest8  (cost=29.75..3530.11 rows=909 width=121)
	  Recheck Cond: ((id >= 9538234) AND (id <= 9539233))
	  ->  Bitmap Index Scan on sbtest8_pkey  (cost=0.00..29.52 rows=909 width=0)
	        Index Cond: ((id >= 9538234) AND (id <= 9539233))

for point_selects
table 1 : explain SELECT c FROM sbtest1 WHERE id=4523453
	Index Scan using sbtest1_pkey on sbtest1  (cost=0.43..8.45 rows=1 width=121)
	  Index Cond: (id = 4523453)

table 2 : explain SELECT c FROM sbtest2 WHERE id=3842764
	Index Scan using sbtest2_pkey on sbtest2  (cost=0.43..8.45 rows=1 width=121)
	  Index Cond: (id = 3842764)

table 3 : explain SELECT c FROM sbtest3 WHERE id=1410647
	Index Scan using sbtest3_pkey on sbtest3  (cost=0.43..8.45 rows=1 width=121)
	  Index Cond: (id = 1410647)

table 4 : explain SELECT c FROM sbtest4 WHERE id=6135399
	Index Scan using sbtest4_pkey on sbtest4  (cost=0.43..8.45 rows=1 width=121)
	  Index Cond: (id = 6135399)

table 5 : explain SELECT c FROM sbtest5 WHERE id=8983344
	Index Scan using sbtest5_pkey on sbtest5  (cost=0.43..8.45 rows=1 width=121)
	  Index Cond: (id = 8983344)

table 6 : explain SELECT c FROM sbtest6 WHERE id=7499884
	Index Scan using sbtest6_pkey on sbtest6  (cost=0.43..8.45 rows=1 width=121)
	  Index Cond: (id = 7499884)

table 7 : explain SELECT c FROM sbtest7 WHERE id=4430684
	Index Scan using sbtest7_pkey on sbtest7  (cost=0.43..8.45 rows=1 width=121)
	  Index Cond: (id = 4430684)

table 8 : explain SELECT c FROM sbtest8 WHERE id=4275114
	Index Scan using sbtest8_pkey on sbtest8  (cost=0.43..8.45 rows=1 width=121)
	  Index Cond: (id = 4275114)

for: simple_ranges
table 1 : explain SELECT c FROM sbtest1 WHERE id BETWEEN 3152810 AND 3153809
	Bitmap Heap Scan on sbtest1  (cost=30.65..3863.98 rows=997 width=121)
	  Recheck Cond: ((id >= 3152810) AND (id <= 3153809))
	  ->  Bitmap Index Scan on sbtest1_pkey  (cost=0.00..30.40 rows=997 width=0)
	        Index Cond: ((id >= 3152810) AND (id <= 3153809))

table 2 : explain SELECT c FROM sbtest2 WHERE id BETWEEN 3751393 AND 3752392
	Bitmap Heap Scan on sbtest2  (cost=30.43..3779.42 rows=975 width=121)
	  Recheck Cond: ((id >= 3751393) AND (id <= 3752392))
	  ->  Bitmap Index Scan on sbtest2_pkey  (cost=0.00..30.18 rows=975 width=0)
	        Index Cond: ((id >= 3751393) AND (id <= 3752392))

table 3 : explain SELECT c FROM sbtest3 WHERE id BETWEEN 9659220 AND 9660219
	Bitmap Heap Scan on sbtest3  (cost=30.64..3857.05 rows=996 width=121)
	  Recheck Cond: ((id >= 9659220) AND (id <= 9660219))
	  ->  Bitmap Index Scan on sbtest3_pkey  (cost=0.00..30.39 rows=996 width=0)
	        Index Cond: ((id >= 9659220) AND (id <= 9660219))

table 4 : explain SELECT c FROM sbtest4 WHERE id BETWEEN 132321 AND 133320
	Bitmap Heap Scan on sbtest4  (cost=31.25..4081.06 rows=1055 width=121)
	  Recheck Cond: ((id >= 132321) AND (id <= 133320))
	  ->  Bitmap Index Scan on sbtest4_pkey  (cost=0.00..30.98 rows=1055 width=0)
	        Index Cond: ((id >= 132321) AND (id <= 133320))

table 5 : explain SELECT c FROM sbtest5 WHERE id BETWEEN 7865491 AND 7866490
	Bitmap Heap Scan on sbtest5  (cost=30.86..3938.16 rows=1017 width=121)
	  Recheck Cond: ((id >= 7865491) AND (id <= 7866490))
	  ->  Bitmap Index Scan on sbtest5_pkey  (cost=0.00..30.61 rows=1017 width=0)
	        Index Cond: ((id >= 7865491) AND (id <= 7866490))

table 6 : explain SELECT c FROM sbtest6 WHERE id BETWEEN 6977755 AND 6978754
	Bitmap Heap Scan on sbtest6  (cost=30.42..3775.37 rows=974 width=121)
	  Recheck Cond: ((id >= 6977755) AND (id <= 6978754))
	  ->  Bitmap Index Scan on sbtest6_pkey  (cost=0.00..30.18 rows=974 width=0)
	        Index Cond: ((id >= 6977755) AND (id <= 6978754))

table 7 : explain SELECT c FROM sbtest7 WHERE id BETWEEN 5419611 AND 5420610
	Bitmap Heap Scan on sbtest7  (cost=29.55..3452.35 rows=889 width=121)
	  Recheck Cond: ((id >= 5419611) AND (id <= 5420610))
	  ->  Bitmap Index Scan on sbtest7_pkey  (cost=0.00..29.32 rows=889 width=0)
	        Index Cond: ((id >= 5419611) AND (id <= 5420610))

table 8 : explain SELECT c FROM sbtest8 WHERE id BETWEEN 83728 AND 84727
	Bitmap Heap Scan on sbtest8  (cost=30.42..3775.88 rows=974 width=121)
	  Recheck Cond: ((id >= 83728) AND (id <= 84727))
	  ->  Bitmap Index Scan on sbtest8_pkey  (cost=0.00..30.18 rows=974 width=0)
	        Index Cond: ((id >= 83728) AND (id <= 84727))

for: simple_ranges
table 1 : explain SELECT c FROM sbtest1 WHERE id BETWEEN 3373184 AND 3374183
	Bitmap Heap Scan on sbtest1  (cost=30.49..3803.56 rows=981 width=121)
	  Recheck Cond: ((id >= 3373184) AND (id <= 3374183))
	  ->  Bitmap Index Scan on sbtest1_pkey  (cost=0.00..30.25 rows=981 width=0)
	        Index Cond: ((id >= 3373184) AND (id <= 3374183))

table 2 : explain SELECT c FROM sbtest2 WHERE id BETWEEN 6180670 AND 6181669
	Bitmap Heap Scan on sbtest2  (cost=35.38..4134.07 rows=1068 width=121)
	  Recheck Cond: ((id >= 6180670) AND (id <= 6181669))
	  ->  Bitmap Index Scan on sbtest2_pkey  (cost=0.00..35.12 rows=1068 width=0)
	        Index Cond: ((id >= 6180670) AND (id <= 6181669))

table 3 : explain SELECT c FROM sbtest3 WHERE id BETWEEN 8358033 AND 8359032
	Bitmap Heap Scan on sbtest3  (cost=30.88..3943.75 rows=1019 width=121)
	  Recheck Cond: ((id >= 8358033) AND (id <= 8359032))
	  ->  Bitmap Index Scan on sbtest3_pkey  (cost=0.00..30.62 rows=1019 width=0)
	        Index Cond: ((id >= 8358033) AND (id <= 8359032))

table 4 : explain SELECT c FROM sbtest4 WHERE id BETWEEN 3431083 AND 3432082
	Bitmap Heap Scan on sbtest4  (cost=29.93..3594.17 rows=926 width=121)
	  Recheck Cond: ((id >= 3431083) AND (id <= 3432082))
	  ->  Bitmap Index Scan on sbtest4_pkey  (cost=0.00..29.69 rows=926 width=0)
	        Index Cond: ((id >= 3431083) AND (id <= 3432082))

table 5 : explain SELECT c FROM sbtest5 WHERE id BETWEEN 6627461 AND 6628460
	Bitmap Heap Scan on sbtest5  (cost=31.11..4028.64 rows=1041 width=121)
	  Recheck Cond: ((id >= 6627461) AND (id <= 6628460))
	  ->  Bitmap Index Scan on sbtest5_pkey  (cost=0.00..30.84 rows=1041 width=0)
	        Index Cond: ((id >= 6627461) AND (id <= 6628460))

table 6 : explain SELECT c FROM sbtest6 WHERE id BETWEEN 9202557 AND 9203556
	Bitmap Heap Scan on sbtest6  (cost=31.14..4039.38 rows=1044 width=121)
	  Recheck Cond: ((id >= 9202557) AND (id <= 9203556))
	  ->  Bitmap Index Scan on sbtest6_pkey  (cost=0.00..30.87 rows=1044 width=0)
	        Index Cond: ((id >= 9202557) AND (id <= 9203556))

table 7 : explain SELECT c FROM sbtest7 WHERE id BETWEEN 7201128 AND 7202127
	Bitmap Heap Scan on sbtest7  (cost=30.93..3962.05 rows=1024 width=121)
	  Recheck Cond: ((id >= 7201128) AND (id <= 7202127))
	  ->  Bitmap Index Scan on sbtest7_pkey  (cost=0.00..30.68 rows=1024 width=0)
	        Index Cond: ((id >= 7201128) AND (id <= 7202127))

table 8 : explain SELECT c FROM sbtest8 WHERE id BETWEEN 1637378 AND 1638377
	Bitmap Heap Scan on sbtest8  (cost=30.44..3783.43 rows=976 width=121)
	  Recheck Cond: ((id >= 1637378) AND (id <= 1638377))
	  ->  Bitmap Index Scan on sbtest8_pkey  (cost=0.00..30.19 rows=976 width=0)
	        Index Cond: ((id >= 1637378) AND (id <= 1638377))

for point_selects
table 1 : explain SELECT c FROM sbtest1 WHERE id=6677643
	Index Scan using sbtest1_pkey on sbtest1  (cost=0.43..8.45 rows=1 width=121)
	  Index Cond: (id = 6677643)

table 2 : explain SELECT c FROM sbtest2 WHERE id=4697891
	Index Scan using sbtest2_pkey on sbtest2  (cost=0.43..8.45 rows=1 width=121)
	  Index Cond: (id = 4697891)

table 3 : explain SELECT c FROM sbtest3 WHERE id=5240757
	Index Scan using sbtest3_pkey on sbtest3  (cost=0.43..8.45 rows=1 width=121)
	  Index Cond: (id = 5240757)

table 4 : explain SELECT c FROM sbtest4 WHERE id=5704025
	Index Scan using sbtest4_pkey on sbtest4  (cost=0.43..8.45 rows=1 width=121)
	  Index Cond: (id = 5704025)

table 5 : explain SELECT c FROM sbtest5 WHERE id=8131397
	Index Scan using sbtest5_pkey on sbtest5  (cost=0.43..8.45 rows=1 width=121)
	  Index Cond: (id = 8131397)

table 6 : explain SELECT c FROM sbtest6 WHERE id=8570654
	Index Scan using sbtest6_pkey on sbtest6  (cost=0.43..8.45 rows=1 width=121)
	  Index Cond: (id = 8570654)

table 7 : explain SELECT c FROM sbtest7 WHERE id=4091327
	Index Scan using sbtest7_pkey on sbtest7  (cost=0.43..8.45 rows=1 width=121)
	  Index Cond: (id = 4091327)

table 8 : explain SELECT c FROM sbtest8 WHERE id=4359790
	Index Scan using sbtest8_pkey on sbtest8  (cost=0.43..8.45 rows=1 width=121)
	  Index Cond: (id = 4359790)

explain: for point_selects :: explain SELECT c FROM sbtest%u WHERE id=%u
for: distinct_ranges
table 1 : explain SELECT DISTINCT c FROM sbtest1 WHERE id BETWEEN 7832224 AND 7833223 ORDER BY c
	Unique  (cost=3921.31..3926.30 rows=999 width=121)
	  ->  Sort  (cost=3921.31..3923.81 rows=999 width=121)
	        Sort Key: c
	        ->  Bitmap Heap Scan on sbtest1  (cost=30.67..3871.54 rows=999 width=121)
	              Recheck Cond: ((id >= 7832224) AND (id <= 7833223))
	              ->  Bitmap Index Scan on sbtest1_pkey  (cost=0.00..30.43 rows=999 width=0)
	                    Index Cond: ((id >= 7832224) AND (id <= 7833223))

table 2 : explain SELECT DISTINCT c FROM sbtest2 WHERE id BETWEEN 2168894 AND 2169893 ORDER BY c
	Unique  (cost=3973.40..3978.46 rows=1013 width=121)
	  ->  Sort  (cost=3973.40..3975.93 rows=1013 width=121)
	        Sort Key: c
	        ->  Bitmap Heap Scan on sbtest2  (cost=30.82..3922.83 rows=1013 width=121)
	              Recheck Cond: ((id >= 2168894) AND (id <= 2169893))
	              ->  Bitmap Index Scan on sbtest2_pkey  (cost=0.00..30.57 rows=1013 width=0)
	                    Index Cond: ((id >= 2168894) AND (id <= 2169893))

table 3 : explain SELECT DISTINCT c FROM sbtest3 WHERE id BETWEEN 3955964 AND 3956963 ORDER BY c
	Unique  (cost=3879.85..3884.79 rows=989 width=121)
	  ->  Sort  (cost=3879.85..3882.32 rows=989 width=121)
	        Sort Key: c
	        ->  Bitmap Heap Scan on sbtest3  (cost=30.57..3830.65 rows=989 width=121)
	              Recheck Cond: ((id >= 3955964) AND (id <= 3956963))
	              ->  Bitmap Index Scan on sbtest3_pkey  (cost=0.00..30.32 rows=989 width=0)
	                    Index Cond: ((id >= 3955964) AND (id <= 3956963))

table 4 : explain SELECT DISTINCT c FROM sbtest4 WHERE id BETWEEN 3073303 AND 3074302 ORDER BY c
	Unique  (cost=3766.42..3771.22 rows=959 width=121)
	  ->  Sort  (cost=3766.42..3768.82 rows=959 width=121)
	        Sort Key: c
	        ->  Bitmap Heap Scan on sbtest4  (cost=30.26..3718.93 rows=959 width=121)
	              Recheck Cond: ((id >= 3073303) AND (id <= 3074302))
	              ->  Bitmap Index Scan on sbtest4_pkey  (cost=0.00..30.02 rows=959 width=0)
	                    Index Cond: ((id >= 3073303) AND (id <= 3074302))

table 5 : explain SELECT DISTINCT c FROM sbtest5 WHERE id BETWEEN 6756558 AND 6757557 ORDER BY c
	Unique  (cost=3908.53..3913.51 rows=996 width=121)
	  ->  Sort  (cost=3908.53..3911.02 rows=996 width=121)
	        Sort Key: c
	        ->  Bitmap Heap Scan on sbtest5  (cost=30.64..3858.93 rows=996 width=121)
	              Recheck Cond: ((id >= 6756558) AND (id <= 6757557))
	              ->  Bitmap Index Scan on sbtest5_pkey  (cost=0.00..30.39 rows=996 width=0)
	                    Index Cond: ((id >= 6756558) AND (id <= 6757557))

table 6 : explain SELECT DISTINCT c FROM sbtest6 WHERE id BETWEEN 6629226 AND 6630225 ORDER BY c
	Unique  (cost=3724.02..3728.76 rows=948 width=121)
	  ->  Sort  (cost=3724.02..3726.39 rows=948 width=121)
	        Sort Key: c
	        ->  Bitmap Heap Scan on sbtest6  (cost=30.15..3677.15 rows=948 width=121)
	              Recheck Cond: ((id >= 6629226) AND (id <= 6630225))
	              ->  Bitmap Index Scan on sbtest6_pkey  (cost=0.00..29.91 rows=948 width=0)
	                    Index Cond: ((id >= 6629226) AND (id <= 6630225))

table 7 : explain SELECT DISTINCT c FROM sbtest7 WHERE id BETWEEN 1006661 AND 1007660 ORDER BY c
	Unique  (cost=3971.18..3976.24 rows=1013 width=121)
	  ->  Sort  (cost=3971.18..3973.71 rows=1013 width=121)
	        Sort Key: c
	        ->  Bitmap Heap Scan on sbtest7  (cost=30.82..3920.61 rows=1013 width=121)
	              Recheck Cond: ((id >= 1006661) AND (id <= 1007660))
	              ->  Bitmap Index Scan on sbtest7_pkey  (cost=0.00..30.57 rows=1013 width=0)
	                    Index Cond: ((id >= 1006661) AND (id <= 1007660))

table 8 : explain SELECT DISTINCT c FROM sbtest8 WHERE id BETWEEN 567277 AND 568276 ORDER BY c
	Unique  (cost=3720.67..3725.41 rows=947 width=121)
	  ->  Sort  (cost=3720.67..3723.04 rows=947 width=121)
	        Sort Key: c
	        ->  Bitmap Heap Scan on sbtest8  (cost=30.14..3673.86 rows=947 width=121)
	              Recheck Cond: ((id >= 567277) AND (id <= 568276))
	              ->  Bitmap Index Scan on sbtest8_pkey  (cost=0.00..29.90 rows=947 width=0)
	                    Index Cond: ((id >= 567277) AND (id <= 568276))

for: sum_ranges
table 1 : explain SELECT SUM(k) FROM sbtest1 WHERE id BETWEEN 8686144 AND 8687143
	Aggregate  (cost=3753.07..3753.08 rows=1 width=8)
	  ->  Bitmap Heap Scan on sbtest1  (cost=30.35..3750.65 rows=967 width=4)
	        Recheck Cond: ((id >= 8686144) AND (id <= 8687143))
	        ->  Bitmap Index Scan on sbtest1_pkey  (cost=0.00..30.11 rows=967 width=0)
	              Index Cond: ((id >= 8686144) AND (id <= 8687143))

table 2 : explain SELECT SUM(k) FROM sbtest2 WHERE id BETWEEN 1105686 AND 1106685
	Aggregate  (cost=3951.77..3951.78 rows=1 width=8)
	  ->  Bitmap Heap Scan on sbtest2  (cost=30.89..3949.22 rows=1020 width=4)
	        Recheck Cond: ((id >= 1105686) AND (id <= 1106685))
	        ->  Bitmap Index Scan on sbtest2_pkey  (cost=0.00..30.64 rows=1020 width=0)
	              Index Cond: ((id >= 1105686) AND (id <= 1106685))

table 3 : explain SELECT SUM(k) FROM sbtest3 WHERE id BETWEEN 9649971 AND 9650970
	Aggregate  (cost=3859.54..3859.55 rows=1 width=8)
	  ->  Bitmap Heap Scan on sbtest3  (cost=30.64..3857.05 rows=996 width=4)
	        Recheck Cond: ((id >= 9649971) AND (id <= 9650970))
	        ->  Bitmap Index Scan on sbtest3_pkey  (cost=0.00..30.39 rows=996 width=0)
	              Index Cond: ((id >= 9649971) AND (id <= 9650970))

table 4 : explain SELECT SUM(k) FROM sbtest4 WHERE id BETWEEN 7150181 AND 7151180
	Aggregate  (cost=3796.91..3796.92 rows=1 width=8)
	  ->  Bitmap Heap Scan on sbtest4  (cost=30.47..3794.47 rows=979 width=4)
	        Recheck Cond: ((id >= 7150181) AND (id <= 7151180))
	        ->  Bitmap Index Scan on sbtest4_pkey  (cost=0.00..30.22 rows=979 width=0)
	              Index Cond: ((id >= 7150181) AND (id <= 7151180))

table 5 : explain SELECT SUM(k) FROM sbtest5 WHERE id BETWEEN 1984395 AND 1985394
	Aggregate  (cost=3736.73..3736.74 rows=1 width=8)
	  ->  Bitmap Heap Scan on sbtest5  (cost=30.31..3734.32 rows=963 width=4)
	        Recheck Cond: ((id >= 1984395) AND (id <= 1985394))
	        ->  Bitmap Index Scan on sbtest5_pkey  (cost=0.00..30.07 rows=963 width=0)
	              Index Cond: ((id >= 1984395) AND (id <= 1985394))

table 6 : explain SELECT SUM(k) FROM sbtest6 WHERE id BETWEEN 2077961 AND 2078960
	Aggregate  (cost=3751.35..3751.36 rows=1 width=8)
	  ->  Bitmap Heap Scan on sbtest6  (cost=30.35..3748.94 rows=967 width=4)
	        Recheck Cond: ((id >= 2077961) AND (id <= 2078960))
	        ->  Bitmap Index Scan on sbtest6_pkey  (cost=0.00..30.11 rows=967 width=0)
	              Index Cond: ((id >= 2077961) AND (id <= 2078960))

table 7 : explain SELECT SUM(k) FROM sbtest7 WHERE id BETWEEN 3865512 AND 3866511
	Aggregate  (cost=3768.43..3768.44 rows=1 width=8)
	  ->  Bitmap Heap Scan on sbtest7  (cost=30.40..3766.00 rows=972 width=4)
	        Recheck Cond: ((id >= 3865512) AND (id <= 3866511))
	        ->  Bitmap Index Scan on sbtest7_pkey  (cost=0.00..30.15 rows=972 width=0)
	              Index Cond: ((id >= 3865512) AND (id <= 3866511))

table 8 : explain SELECT SUM(k) FROM sbtest8 WHERE id BETWEEN 50287 AND 51286
	Aggregate  (cost=3778.31..3778.32 rows=1 width=8)
	  ->  Bitmap Heap Scan on sbtest8  (cost=30.42..3775.88 rows=974 width=4)
	        Recheck Cond: ((id >= 50287) AND (id <= 51286))
	        ->  Bitmap Index Scan on sbtest8_pkey  (cost=0.00..30.18 rows=974 width=0)
	              Index Cond: ((id >= 50287) AND (id <= 51286))

for: simple_ranges
table 1 : explain SELECT c FROM sbtest1 WHERE id BETWEEN 4822066 AND 4823065
	Bitmap Heap Scan on sbtest1  (cost=35.66..4237.42 rows=1095 width=121)
	  Recheck Cond: ((id >= 4822066) AND (id <= 4823065))
	  ->  Bitmap Index Scan on sbtest1_pkey  (cost=0.00..35.39 rows=1095 width=0)
	        Index Cond: ((id >= 4822066) AND (id <= 4823065))

table 2 : explain SELECT c FROM sbtest2 WHERE id BETWEEN 6264525 AND 6265524
	Bitmap Heap Scan on sbtest2  (cost=35.49..4175.48 rows=1079 width=121)
	  Recheck Cond: ((id >= 6264525) AND (id <= 6265524))
	  ->  Bitmap Index Scan on sbtest2_pkey  (cost=0.00..35.23 rows=1079 width=0)
	        Index Cond: ((id >= 6264525) AND (id <= 6265524))

table 3 : explain SELECT c FROM sbtest3 WHERE id BETWEEN 9380375 AND 9381374
	Bitmap Heap Scan on sbtest3  (cost=30.00..3619.21 rows=933 width=121)
	  Recheck Cond: ((id >= 9380375) AND (id <= 9381374))
	  ->  Bitmap Index Scan on sbtest3_pkey  (cost=0.00..29.76 rows=933 width=0)
	        Index Cond: ((id >= 9380375) AND (id <= 9381374))

table 4 : explain SELECT c FROM sbtest4 WHERE id BETWEEN 9716604 AND 9717603
	Bitmap Heap Scan on sbtest4  (cost=30.56..3828.44 rows=988 width=121)
	  Recheck Cond: ((id >= 9716604) AND (id <= 9717603))
	  ->  Bitmap Index Scan on sbtest4_pkey  (cost=0.00..30.32 rows=988 width=0)
	        Index Cond: ((id >= 9716604) AND (id <= 9717603))

table 5 : explain SELECT c FROM sbtest5 WHERE id BETWEEN 3272227 AND 3273226
	Bitmap Heap Scan on sbtest5  (cost=30.97..3979.64 rows=1028 width=121)
	  Recheck Cond: ((id >= 3272227) AND (id <= 3273226))
	  ->  Bitmap Index Scan on sbtest5_pkey  (cost=0.00..30.71 rows=1028 width=0)
	        Index Cond: ((id >= 3272227) AND (id <= 3273226))

table 6 : explain SELECT c FROM sbtest6 WHERE id BETWEEN 9699804 AND 9700803
	Bitmap Heap Scan on sbtest6  (cost=30.58..3835.77 rows=990 width=121)
	  Recheck Cond: ((id >= 9699804) AND (id <= 9700803))
	  ->  Bitmap Index Scan on sbtest6_pkey  (cost=0.00..30.33 rows=990 width=0)
	        Index Cond: ((id >= 9699804) AND (id <= 9700803))

table 7 : explain SELECT c FROM sbtest7 WHERE id BETWEEN 7288683 AND 7289682
	Bitmap Heap Scan on sbtest7  (cost=35.62..4218.15 rows=1091 width=121)
	  Recheck Cond: ((id >= 7288683) AND (id <= 7289682))
	  ->  Bitmap Index Scan on sbtest7_pkey  (cost=0.00..35.34 rows=1091 width=0)
	        Index Cond: ((id >= 7288683) AND (id <= 7289682))

table 8 : explain SELECT c FROM sbtest8 WHERE id BETWEEN 8187118 AND 8188117
	Bitmap Heap Scan on sbtest8  (cost=29.94..3598.22 rows=927 width=121)
	  Recheck Cond: ((id >= 8187118) AND (id <= 8188117))
	  ->  Bitmap Index Scan on sbtest8_pkey  (cost=0.00..29.70 rows=927 width=0)
	        Index Cond: ((id >= 8187118) AND (id <= 8188117))

for: sum_ranges
table 1 : explain SELECT SUM(k) FROM sbtest1 WHERE id BETWEEN 5682114 AND 5683113
	Aggregate  (cost=3586.53..3586.54 rows=1 width=8)
	  ->  Bitmap Heap Scan on sbtest1  (cost=29.90..3584.23 rows=923 width=4)
	        Recheck Cond: ((id >= 5682114) AND (id <= 5683113))
	        ->  Bitmap Index Scan on sbtest1_pkey  (cost=0.00..29.66 rows=923 width=0)
	              Index Cond: ((id >= 5682114) AND (id <= 5683113))

table 2 : explain SELECT SUM(k) FROM sbtest2 WHERE id BETWEEN 1131078 AND 1132077
	Aggregate  (cost=4212.06..4212.07 rows=1 width=8)
	  ->  Bitmap Heap Scan on sbtest2  (cost=35.59..4209.34 rows=1088 width=4)
	        Recheck Cond: ((id >= 1131078) AND (id <= 1132077))
	        ->  Bitmap Index Scan on sbtest2_pkey  (cost=0.00..35.32 rows=1088 width=0)
	              Index Cond: ((id >= 1131078) AND (id <= 1132077))

table 3 : explain SELECT SUM(k) FROM sbtest3 WHERE id BETWEEN 4052354 AND 4053353
	Aggregate  (cost=3659.35..3659.36 rows=1 width=8)
	  ->  Bitmap Heap Scan on sbtest3  (cost=30.10..3657.00 rows=943 width=4)
	        Recheck Cond: ((id >= 4052354) AND (id <= 4053353))
	        ->  Bitmap Index Scan on sbtest3_pkey  (cost=0.00..29.86 rows=943 width=0)
	              Index Cond: ((id >= 4052354) AND (id <= 4053353))

table 4 : explain SELECT SUM(k) FROM sbtest4 WHERE id BETWEEN 488908 AND 489907
	Aggregate  (cost=3796.91..3796.92 rows=1 width=8)
	  ->  Bitmap Heap Scan on sbtest4  (cost=30.47..3794.47 rows=979 width=4)
	        Recheck Cond: ((id >= 488908) AND (id <= 489907))
	        ->  Bitmap Index Scan on sbtest4_pkey  (cost=0.00..30.22 rows=979 width=0)
	              Index Cond: ((id >= 488908) AND (id <= 489907))

table 5 : explain SELECT SUM(k) FROM sbtest5 WHERE id BETWEEN 9986167 AND 9987166
	Aggregate  (cost=3517.23..3517.24 rows=1 width=8)
	  ->  Bitmap Heap Scan on sbtest5  (cost=29.71..3514.97 rows=905 width=4)
	        Recheck Cond: ((id >= 9986167) AND (id <= 9987166))
	        ->  Bitmap Index Scan on sbtest5_pkey  (cost=0.00..29.48 rows=905 width=0)
	              Index Cond: ((id >= 9986167) AND (id <= 9987166))

table 6 : explain SELECT SUM(k) FROM sbtest6 WHERE id BETWEEN 5750165 AND 5751164
	Aggregate  (cost=4207.98..4207.99 rows=1 width=8)
	  ->  Bitmap Heap Scan on sbtest6  (cost=35.58..4205.26 rows=1087 width=4)
	        Recheck Cond: ((id >= 5750165) AND (id <= 5751164))
	        ->  Bitmap Index Scan on sbtest6_pkey  (cost=0.00..35.31 rows=1087 width=0)
	              Index Cond: ((id >= 5750165) AND (id <= 5751164))

table 7 : explain SELECT SUM(k) FROM sbtest7 WHERE id BETWEEN 6462216 AND 6463215
	Aggregate  (cost=3843.92..3843.93 rows=1 width=8)
	  ->  Bitmap Heap Scan on sbtest7  (cost=30.60..3841.44 rows=992 width=4)
	        Recheck Cond: ((id >= 6462216) AND (id <= 6463215))
	        ->  Bitmap Index Scan on sbtest7_pkey  (cost=0.00..30.36 rows=992 width=0)
	              Index Cond: ((id >= 6462216) AND (id <= 6463215))

table 8 : explain SELECT SUM(k) FROM sbtest8 WHERE id BETWEEN 8921924 AND 8922923
	Aggregate  (cost=3895.41..3895.42 rows=1 width=8)
	  ->  Bitmap Heap Scan on sbtest8  (cost=30.74..3892.90 rows=1005 width=4)
	        Recheck Cond: ((id >= 8921924) AND (id <= 8922923))
	        ->  Bitmap Index Scan on sbtest8_pkey  (cost=0.00..30.48 rows=1005 width=0)
	              Index Cond: ((id >= 8921924) AND (id <= 8922923))

for: sum_ranges
table 1 : explain SELECT SUM(k) FROM sbtest1 WHERE id BETWEEN 5897759 AND 5898758
	Aggregate  (cost=3692.54..3692.55 rows=1 width=8)
	  ->  Bitmap Heap Scan on sbtest1  (cost=30.18..3690.16 rows=951 width=4)
	        Recheck Cond: ((id >= 5897759) AND (id <= 5898758))
	        ->  Bitmap Index Scan on sbtest1_pkey  (cost=0.00..29.94 rows=951 width=0)
	              Index Cond: ((id >= 5897759) AND (id <= 5898758))

table 2 : explain SELECT SUM(k) FROM sbtest2 WHERE id BETWEEN 8119014 AND 8120013
	Aggregate  (cost=3672.22..3672.23 rows=1 width=8)
	  ->  Bitmap Heap Scan on sbtest2  (cost=30.13..3669.85 rows=946 width=4)
	        Recheck Cond: ((id >= 8119014) AND (id <= 8120013))
	        ->  Bitmap Index Scan on sbtest2_pkey  (cost=0.00..29.89 rows=946 width=0)
	              Index Cond: ((id >= 8119014) AND (id <= 8120013))

table 3 : explain SELECT SUM(k) FROM sbtest3 WHERE id BETWEEN 9356536 AND 9357535
	Aggregate  (cost=3621.54..3621.55 rows=1 width=8)
	  ->  Bitmap Heap Scan on sbtest3  (cost=30.00..3619.21 rows=933 width=4)
	        Recheck Cond: ((id >= 9356536) AND (id <= 9357535))
	        ->  Bitmap Index Scan on sbtest3_pkey  (cost=0.00..29.76 rows=933 width=0)
	              Index Cond: ((id >= 9356536) AND (id <= 9357535))

table 4 : explain SELECT SUM(k) FROM sbtest4 WHERE id BETWEEN 4630607 AND 4631606
	Aggregate  (cost=3906.43..3906.44 rows=1 width=8)
	  ->  Bitmap Heap Scan on sbtest4  (cost=30.77..3903.91 rows=1008 width=4)
	        Recheck Cond: ((id >= 4630607) AND (id <= 4631606))
	        ->  Bitmap Index Scan on sbtest4_pkey  (cost=0.00..30.51 rows=1008 width=0)
	              Index Cond: ((id >= 4630607) AND (id <= 4631606))

table 5 : explain SELECT SUM(k) FROM sbtest5 WHERE id BETWEEN 2534840 AND 2535839
	Aggregate  (cost=3868.97..3868.98 rows=1 width=8)
	  ->  Bitmap Heap Scan on sbtest5  (cost=30.66..3866.48 rows=998 width=4)
	        Recheck Cond: ((id >= 2534840) AND (id <= 2535839))
	        ->  Bitmap Index Scan on sbtest5_pkey  (cost=0.00..30.41 rows=998 width=0)
	              Index Cond: ((id >= 2534840) AND (id <= 2535839))

table 6 : explain SELECT SUM(k) FROM sbtest6 WHERE id BETWEEN 6521279 AND 6522278
	Aggregate  (cost=3736.24..3736.25 rows=1 width=8)
	  ->  Bitmap Heap Scan on sbtest6  (cost=30.31..3733.83 rows=963 width=4)
	        Recheck Cond: ((id >= 6521279) AND (id <= 6522278))
	        ->  Bitmap Index Scan on sbtest6_pkey  (cost=0.00..30.07 rows=963 width=0)
	              Index Cond: ((id >= 6521279) AND (id <= 6522278))

table 7 : explain SELECT SUM(k) FROM sbtest7 WHERE id BETWEEN 6113267 AND 6114266
	Aggregate  (cost=3775.98..3775.99 rows=1 width=8)
	  ->  Bitmap Heap Scan on sbtest7  (cost=30.42..3773.55 rows=974 width=4)
	        Recheck Cond: ((id >= 6113267) AND (id <= 6114266))
	        ->  Bitmap Index Scan on sbtest7_pkey  (cost=0.00..30.18 rows=974 width=0)
	              Index Cond: ((id >= 6113267) AND (id <= 6114266))

table 8 : explain SELECT SUM(k) FROM sbtest8 WHERE id BETWEEN 7038595 AND 7039594
	Aggregate  (cost=3774.53..3774.54 rows=1 width=8)
	  ->  Bitmap Heap Scan on sbtest8  (cost=30.41..3772.10 rows=973 width=4)
	        Recheck Cond: ((id >= 7038595) AND (id <= 7039594))
	        ->  Bitmap Index Scan on sbtest8_pkey  (cost=0.00..30.16 rows=973 width=0)
	              Index Cond: ((id >= 7038595) AND (id <= 7039594))

for: sum_ranges
table 1 : explain SELECT SUM(k) FROM sbtest1 WHERE id BETWEEN 1777670 AND 1778669
	Aggregate  (cost=3650.91..3650.92 rows=1 width=8)
	  ->  Bitmap Heap Scan on sbtest1  (cost=30.07..3648.56 rows=940 width=4)
	        Recheck Cond: ((id >= 1777670) AND (id <= 1778669))
	        ->  Bitmap Index Scan on sbtest1_pkey  (cost=0.00..29.83 rows=940 width=0)
	              Index Cond: ((id >= 1777670) AND (id <= 1778669))

table 2 : explain SELECT SUM(k) FROM sbtest2 WHERE id BETWEEN 5684800 AND 5685799
	Aggregate  (cost=4189.47..4189.48 rows=1 width=8)
	  ->  Bitmap Heap Scan on sbtest2  (cost=35.53..4186.77 rows=1082 width=4)
	        Recheck Cond: ((id >= 5684800) AND (id <= 5685799))
	        ->  Bitmap Index Scan on sbtest2_pkey  (cost=0.00..35.26 rows=1082 width=0)
	              Index Cond: ((id >= 5684800) AND (id <= 5685799))

table 3 : explain SELECT SUM(k) FROM sbtest3 WHERE id BETWEEN 1459289 AND 1460288
	Aggregate  (cost=3700.93..3700.94 rows=1 width=8)
	  ->  Bitmap Heap Scan on sbtest3  (cost=30.21..3698.55 rows=954 width=4)
	        Recheck Cond: ((id >= 1459289) AND (id <= 1460288))
	        ->  Bitmap Index Scan on sbtest3_pkey  (cost=0.00..29.97 rows=954 width=0)
	              Index Cond: ((id >= 1459289) AND (id <= 1460288))

table 4 : explain SELECT SUM(k) FROM sbtest4 WHERE id BETWEEN 8309233 AND 8310232
	Aggregate  (cost=4117.61..4117.62 rows=1 width=8)
	  ->  Bitmap Heap Scan on sbtest4  (cost=31.34..4114.95 rows=1064 width=4)
	        Recheck Cond: ((id >= 8309233) AND (id <= 8310232))
	        ->  Bitmap Index Scan on sbtest4_pkey  (cost=0.00..31.07 rows=1064 width=0)
	              Index Cond: ((id >= 8309233) AND (id <= 8310232))

table 5 : explain SELECT SUM(k) FROM sbtest5 WHERE id BETWEEN 9887369 AND 9888368
	Aggregate  (cost=3891.63..3891.64 rows=1 width=8)
	  ->  Bitmap Heap Scan on sbtest5  (cost=30.73..3889.12 rows=1004 width=4)
	        Recheck Cond: ((id >= 9887369) AND (id <= 9888368))
	        ->  Bitmap Index Scan on sbtest5_pkey  (cost=0.00..30.47 rows=1004 width=0)
	              Index Cond: ((id >= 9887369) AND (id <= 9888368))

table 6 : explain SELECT SUM(k) FROM sbtest6 WHERE id BETWEEN 4342319 AND 4343318
	Aggregate  (cost=3596.29..3596.30 rows=1 width=8)
	  ->  Bitmap Heap Scan on sbtest6  (cost=29.93..3593.97 rows=926 width=4)
	        Recheck Cond: ((id >= 4342319) AND (id <= 4343318))
	        ->  Bitmap Index Scan on sbtest6_pkey  (cost=0.00..29.69 rows=926 width=0)
	              Index Cond: ((id >= 4342319) AND (id <= 4343318))

table 7 : explain SELECT SUM(k) FROM sbtest7 WHERE id BETWEEN 2627949 AND 2628948
	Aggregate  (cost=4081.63..4081.64 rows=1 width=8)
	  ->  Bitmap Heap Scan on sbtest7  (cost=35.24..4079.00 rows=1054 width=4)
	        Recheck Cond: ((id >= 2627949) AND (id <= 2628948))
	        ->  Bitmap Index Scan on sbtest7_pkey  (cost=0.00..34.98 rows=1054 width=0)
	              Index Cond: ((id >= 2627949) AND (id <= 2628948))

table 8 : explain SELECT SUM(k) FROM sbtest8 WHERE id BETWEEN 8848927 AND 8849926
	Aggregate  (cost=4080.49..4080.50 rows=1 width=8)
	  ->  Bitmap Heap Scan on sbtest8  (cost=35.23..4077.85 rows=1053 width=4)
	        Recheck Cond: ((id >= 8848927) AND (id <= 8849926))
	        ->  Bitmap Index Scan on sbtest8_pkey  (cost=0.00..34.97 rows=1053 width=0)
	              Index Cond: ((id >= 8848927) AND (id <= 8849926))

for: simple_ranges
table 1 : explain SELECT c FROM sbtest1 WHERE id BETWEEN 5026071 AND 5027070
	Bitmap Heap Scan on sbtest1  (cost=35.84..4305.15 rows=1113 width=121)
	  Recheck Cond: ((id >= 5026071) AND (id <= 5027070))
	  ->  Bitmap Index Scan on sbtest1_pkey  (cost=0.00..35.57 rows=1113 width=0)
	        Index Cond: ((id >= 5026071) AND (id <= 5027070))

table 2 : explain SELECT c FROM sbtest2 WHERE id BETWEEN 5890239 AND 5891238
	Bitmap Heap Scan on sbtest2  (cost=35.57..4201.82 rows=1086 width=121)
	  Recheck Cond: ((id >= 5890239) AND (id <= 5891238))
	  ->  Bitmap Index Scan on sbtest2_pkey  (cost=0.00..35.30 rows=1086 width=0)
	        Index Cond: ((id >= 5890239) AND (id <= 5891238))

table 3 : explain SELECT c FROM sbtest3 WHERE id BETWEEN 3120025 AND 3121024
	Bitmap Heap Scan on sbtest3  (cost=29.84..3562.50 rows=918 width=121)
	  Recheck Cond: ((id >= 3120025) AND (id <= 3121024))
	  ->  Bitmap Index Scan on sbtest3_pkey  (cost=0.00..29.61 rows=918 width=0)
	        Index Cond: ((id >= 3120025) AND (id <= 3121024))

table 4 : explain SELECT c FROM sbtest4 WHERE id BETWEEN 8833114 AND 8834113
	Bitmap Heap Scan on sbtest4  (cost=30.58..3835.99 rows=990 width=121)
	  Recheck Cond: ((id >= 8833114) AND (id <= 8834113))
	  ->  Bitmap Index Scan on sbtest4_pkey  (cost=0.00..30.33 rows=990 width=0)
	        Index Cond: ((id >= 8833114) AND (id <= 8834113))

table 5 : explain SELECT c FROM sbtest5 WHERE id BETWEEN 1861798 AND 1862797
	Bitmap Heap Scan on sbtest5  (cost=30.85..3934.39 rows=1016 width=121)
	  Recheck Cond: ((id >= 1861798) AND (id <= 1862797))
	  ->  Bitmap Index Scan on sbtest5_pkey  (cost=0.00..30.59 rows=1016 width=0)
	        Index Cond: ((id >= 1861798) AND (id <= 1862797))

table 6 : explain SELECT c FROM sbtest6 WHERE id BETWEEN 1351272 AND 1352271
	Bitmap Heap Scan on sbtest6  (cost=35.83..4299.27 rows=1112 width=121)
	  Recheck Cond: ((id >= 1351272) AND (id <= 1352271))
	  ->  Bitmap Index Scan on sbtest6_pkey  (cost=0.00..35.56 rows=1112 width=0)
	        Index Cond: ((id >= 1351272) AND (id <= 1352271))

table 7 : explain SELECT c FROM sbtest7 WHERE id BETWEEN 5335491 AND 5336490
	Bitmap Heap Scan on sbtest7  (cost=29.71..3512.88 rows=905 width=121)
	  Recheck Cond: ((id >= 5335491) AND (id <= 5336490))
	  ->  Bitmap Index Scan on sbtest7_pkey  (cost=0.00..29.48 rows=905 width=0)
	        Index Cond: ((id >= 5335491) AND (id <= 5336490))

table 8 : explain SELECT c FROM sbtest8 WHERE id BETWEEN 8271971 AND 8272970
	Bitmap Heap Scan on sbtest8  (cost=30.50..3806.09 rows=982 width=121)
	  Recheck Cond: ((id >= 8271971) AND (id <= 8272970))
	  ->  Bitmap Index Scan on sbtest8_pkey  (cost=0.00..30.25 rows=982 width=0)
	        Index Cond: ((id >= 8271971) AND (id <= 8272970))

for: sum_ranges
table 1 : explain SELECT SUM(k) FROM sbtest1 WHERE id BETWEEN 2034324 AND 2035323
	Aggregate  (cost=3983.55..3983.56 rows=1 width=8)
	  ->  Bitmap Heap Scan on sbtest1  (cost=30.97..3980.98 rows=1028 width=4)
	        Recheck Cond: ((id >= 2034324) AND (id <= 2035323))
	        ->  Bitmap Index Scan on sbtest1_pkey  (cost=0.00..30.71 rows=1028 width=0)
	              Index Cond: ((id >= 2034324) AND (id <= 2035323))

table 2 : explain SELECT SUM(k) FROM sbtest2 WHERE id BETWEEN 4535979 AND 4536978
	Aggregate  (cost=3785.63..3785.64 rows=1 width=8)
	  ->  Bitmap Heap Scan on sbtest2  (cost=30.44..3783.19 rows=976 width=4)
	        Recheck Cond: ((id >= 4535979) AND (id <= 4536978))
	        ->  Bitmap Index Scan on sbtest2_pkey  (cost=0.00..30.19 rows=976 width=0)
	              Index Cond: ((id >= 4535979) AND (id <= 4536978))

table 3 : explain SELECT SUM(k) FROM sbtest3 WHERE id BETWEEN 2374832 AND 2375831
	Aggregate  (cost=3644.23..3644.24 rows=1 width=8)
	  ->  Bitmap Heap Scan on sbtest3  (cost=30.06..3641.88 rows=939 width=4)
	        Recheck Cond: ((id >= 2374832) AND (id <= 2375831))
	        ->  Bitmap Index Scan on sbtest3_pkey  (cost=0.00..29.82 rows=939 width=0)
	              Index Cond: ((id >= 2374832) AND (id <= 2375831))

table 4 : explain SELECT SUM(k) FROM sbtest4 WHERE id BETWEEN 3288348 AND 3289347
	Aggregate  (cost=3823.36..3823.37 rows=1 width=8)
	  ->  Bitmap Heap Scan on sbtest4  (cost=30.54..3820.89 rows=986 width=4)
	        Recheck Cond: ((id >= 3288348) AND (id <= 3289347))
	        ->  Bitmap Index Scan on sbtest4_pkey  (cost=0.00..30.29 rows=986 width=0)
	              Index Cond: ((id >= 3288348) AND (id <= 3289347))

table 5 : explain SELECT SUM(k) FROM sbtest5 WHERE id BETWEEN 1385474 AND 1386473
	Aggregate  (cost=3838.76..3838.77 rows=1 width=8)
	  ->  Bitmap Heap Scan on sbtest5  (cost=30.58..3836.29 rows=990 width=4)
	        Recheck Cond: ((id >= 1385474) AND (id <= 1386473))
	        ->  Bitmap Index Scan on sbtest5_pkey  (cost=0.00..30.33 rows=990 width=0)
	              Index Cond: ((id >= 1385474) AND (id <= 1386473))

table 6 : explain SELECT SUM(k) FROM sbtest6 WHERE id BETWEEN 328118 AND 329117
	Aggregate  (cost=3947.71..3947.72 rows=1 width=8)
	  ->  Bitmap Heap Scan on sbtest6  (cost=30.88..3945.17 rows=1019 width=4)
	        Recheck Cond: ((id >= 328118) AND (id <= 329117))
	        ->  Bitmap Index Scan on sbtest6_pkey  (cost=0.00..30.62 rows=1019 width=0)
	              Index Cond: ((id >= 328118) AND (id <= 329117))

table 7 : explain SELECT SUM(k) FROM sbtest7 WHERE id BETWEEN 5223513 AND 5224512
	Aggregate  (cost=3704.22..3704.23 rows=1 width=8)
	  ->  Bitmap Heap Scan on sbtest7  (cost=30.22..3701.83 rows=955 width=4)
	        Recheck Cond: ((id >= 5223513) AND (id <= 5224512))
	        ->  Bitmap Index Scan on sbtest7_pkey  (cost=0.00..29.98 rows=955 width=0)
	              Index Cond: ((id >= 5223513) AND (id <= 5224512))

table 8 : explain SELECT SUM(k) FROM sbtest8 WHERE id BETWEEN 6964766 AND 6965765
	Aggregate  (cost=3944.48..3944.49 rows=1 width=8)
	  ->  Bitmap Heap Scan on sbtest8  (cost=30.87..3941.93 rows=1018 width=4)
	        Recheck Cond: ((id >= 6964766) AND (id <= 6965765))
	        ->  Bitmap Index Scan on sbtest8_pkey  (cost=0.00..30.61 rows=1018 width=0)
	              Index Cond: ((id >= 6964766) AND (id <= 6965765))

for: sum_ranges
table 1 : explain SELECT SUM(k) FROM sbtest1 WHERE id BETWEEN 3825966 AND 3826965
	Aggregate  (cost=3775.76..3775.77 rows=1 width=8)
	  ->  Bitmap Heap Scan on sbtest1  (cost=30.41..3773.33 rows=973 width=4)
	        Recheck Cond: ((id >= 3825966) AND (id <= 3826965))
	        ->  Bitmap Index Scan on sbtest1_pkey  (cost=0.00..30.16 rows=973 width=0)
	              Index Cond: ((id >= 3825966) AND (id <= 3826965))

table 2 : explain SELECT SUM(k) FROM sbtest2 WHERE id BETWEEN 2313679 AND 2314678
	Aggregate  (cost=3585.18..3585.19 rows=1 width=8)
	  ->  Bitmap Heap Scan on sbtest2  (cost=29.90..3582.87 rows=923 width=4)
	        Recheck Cond: ((id >= 2313679) AND (id <= 2314678))
	        ->  Bitmap Index Scan on sbtest2_pkey  (cost=0.00..29.66 rows=923 width=0)
	              Index Cond: ((id >= 2313679) AND (id <= 2314678))

table 3 : explain SELECT SUM(k) FROM sbtest3 WHERE id BETWEEN 9797500 AND 9798499
	Aggregate  (cost=3719.83..3719.84 rows=1 width=8)
	  ->  Bitmap Heap Scan on sbtest3  (cost=30.26..3717.43 rows=959 width=4)
	        Recheck Cond: ((id >= 9797500) AND (id <= 9798499))
	        ->  Bitmap Index Scan on sbtest3_pkey  (cost=0.00..30.02 rows=959 width=0)
	              Index Cond: ((id >= 9797500) AND (id <= 9798499))

table 4 : explain SELECT SUM(k) FROM sbtest4 WHERE id BETWEEN 2344229 AND 2345228
	Aggregate  (cost=3388.11..3388.12 rows=1 width=8)
	  ->  Bitmap Heap Scan on sbtest4  (cost=29.36..3385.93 rows=871 width=4)
	        Recheck Cond: ((id >= 2344229) AND (id <= 2345228))
	        ->  Bitmap Index Scan on sbtest4_pkey  (cost=0.00..29.14 rows=871 width=0)
	              Index Cond: ((id >= 2344229) AND (id <= 2345228))

table 5 : explain SELECT SUM(k) FROM sbtest5 WHERE id BETWEEN 2347433 AND 2348432
	Aggregate  (cost=3736.73..3736.74 rows=1 width=8)
	  ->  Bitmap Heap Scan on sbtest5  (cost=30.31..3734.32 rows=963 width=4)
	        Recheck Cond: ((id >= 2347433) AND (id <= 2348432))
	        ->  Bitmap Index Scan on sbtest5_pkey  (cost=0.00..30.07 rows=963 width=0)
	              Index Cond: ((id >= 2347433) AND (id <= 2348432))

table 6 : explain SELECT SUM(k) FROM sbtest6 WHERE id BETWEEN 9959479 AND 9960478
	Aggregate  (cost=3992.98..3992.99 rows=1 width=8)
	  ->  Bitmap Heap Scan on sbtest6  (cost=31.00..3990.40 rows=1031 width=4)
	        Recheck Cond: ((id >= 9959479) AND (id <= 9960478))
	        ->  Bitmap Index Scan on sbtest6_pkey  (cost=0.00..30.75 rows=1031 width=0)
	              Index Cond: ((id >= 9959479) AND (id <= 9960478))

table 7 : explain SELECT SUM(k) FROM sbtest7 WHERE id BETWEEN 2769284 AND 2770283
	Aggregate  (cost=3515.15..3515.16 rows=1 width=8)
	  ->  Bitmap Heap Scan on sbtest7  (cost=29.71..3512.88 rows=905 width=4)
	        Recheck Cond: ((id >= 2769284) AND (id <= 2770283))
	        ->  Bitmap Index Scan on sbtest7_pkey  (cost=0.00..29.48 rows=905 width=0)
	              Index Cond: ((id >= 2769284) AND (id <= 2770283))

table 8 : explain SELECT SUM(k) FROM sbtest8 WHERE id BETWEEN 7776909 AND 7777908
	Aggregate  (cost=3936.93..3936.94 rows=1 width=8)
	  ->  Bitmap Heap Scan on sbtest8  (cost=30.85..3934.39 rows=1016 width=4)
	        Recheck Cond: ((id >= 7776909) AND (id <= 7777908))
	        ->  Bitmap Index Scan on sbtest8_pkey  (cost=0.00..30.59 rows=1016 width=0)
	              Index Cond: ((id >= 7776909) AND (id <= 7777908))

for: order_ranges
table 1 : explain SELECT c FROM sbtest1 WHERE id BETWEEN 3511058 AND 3512057 ORDER BY c
	Sort  (cost=4350.01..4352.79 rows=1110 width=121)
	  Sort Key: c
	  ->  Bitmap Heap Scan on sbtest1  (cost=35.81..4293.87 rows=1110 width=121)
	        Recheck Cond: ((id >= 3511058) AND (id <= 3512057))
	        ->  Bitmap Index Scan on sbtest1_pkey  (cost=0.00..35.54 rows=1110 width=0)
	              Index Cond: ((id >= 3511058) AND (id <= 3512057))

table 2 : explain SELECT c FROM sbtest2 WHERE id BETWEEN 4734585 AND 4735584 ORDER BY c
	Sort  (cost=3682.07..3684.42 rows=937 width=121)
	  Sort Key: c
	  ->  Bitmap Heap Scan on sbtest2  (cost=30.04..3635.82 rows=937 width=121)
	        Recheck Cond: ((id >= 4734585) AND (id <= 4735584))
	        ->  Bitmap Index Scan on sbtest2_pkey  (cost=0.00..29.80 rows=937 width=0)
	              Index Cond: ((id >= 4734585) AND (id <= 4735584))

table 3 : explain SELECT c FROM sbtest3 WHERE id BETWEEN 1832235 AND 1833234 ORDER BY c
	Sort  (cost=3883.68..3886.15 rows=990 width=121)
	  Sort Key: c
	  ->  Bitmap Heap Scan on sbtest3  (cost=30.58..3834.42 rows=990 width=121)
	        Recheck Cond: ((id >= 1832235) AND (id <= 1833234))
	        ->  Bitmap Index Scan on sbtest3_pkey  (cost=0.00..30.33 rows=990 width=0)
	              Index Cond: ((id >= 1832235) AND (id <= 1833234))

table 4 : explain SELECT c FROM sbtest4 WHERE id BETWEEN 8977932 AND 8978931 ORDER BY c
	Sort  (cost=4103.44..4106.06 rows=1047 width=121)
	  Sort Key: c
	  ->  Bitmap Heap Scan on sbtest4  (cost=31.17..4050.92 rows=1047 width=121)
	        Recheck Cond: ((id >= 8977932) AND (id <= 8978931))
	        ->  Bitmap Index Scan on sbtest4_pkey  (cost=0.00..30.90 rows=1047 width=0)
	              Index Cond: ((id >= 8977932) AND (id <= 8978931))

table 5 : explain SELECT c FROM sbtest5 WHERE id BETWEEN 2748041 AND 2749040 ORDER BY c
	Sort  (cost=3828.06..3830.49 rows=975 width=121)
	  Sort Key: c
	  ->  Bitmap Heap Scan on sbtest5  (cost=30.43..3779.65 rows=975 width=121)
	        Recheck Cond: ((id >= 2748041) AND (id <= 2749040))
	        ->  Bitmap Index Scan on sbtest5_pkey  (cost=0.00..30.18 rows=975 width=0)
	              Index Cond: ((id >= 2748041) AND (id <= 2749040))

table 6 : explain SELECT c FROM sbtest6 WHERE id BETWEEN 5184037 AND 5185036 ORDER BY c
	Sort  (cost=3927.16..3929.67 rows=1001 width=121)
	  Sort Key: c
	  ->  Bitmap Heap Scan on sbtest6  (cost=30.70..3877.28 rows=1001 width=121)
	        Recheck Cond: ((id >= 5184037) AND (id <= 5185036))
	        ->  Bitmap Index Scan on sbtest6_pkey  (cost=0.00..30.44 rows=1001 width=0)
	              Index Cond: ((id >= 5184037) AND (id <= 5185036))

table 7 : explain SELECT c FROM sbtest7 WHERE id BETWEEN 3634926 AND 3635925 ORDER BY c
	Sort  (cost=3844.87..3847.32 rows=980 width=121)
	  Sort Key: c
	  ->  Bitmap Heap Scan on sbtest7  (cost=30.48..3796.18 rows=980 width=121)
	        Recheck Cond: ((id >= 3634926) AND (id <= 3635925))
	        ->  Bitmap Index Scan on sbtest7_pkey  (cost=0.00..30.23 rows=980 width=0)
	              Index Cond: ((id >= 3634926) AND (id <= 3635925))

table 8 : explain SELECT c FROM sbtest8 WHERE id BETWEEN 59542 AND 60541 ORDER BY c
	Sort  (cost=3824.23..3826.66 rows=974 width=121)
	  Sort Key: c
	  ->  Bitmap Heap Scan on sbtest8  (cost=30.42..3775.88 rows=974 width=121)
	        Recheck Cond: ((id >= 59542) AND (id <= 60541))
	        ->  Bitmap Index Scan on sbtest8_pkey  (cost=0.00..30.18 rows=974 width=0)
	              Index Cond: ((id >= 59542) AND (id <= 60541))

for point_selects
table 1 : explain SELECT c FROM sbtest1 WHERE id=9182365
	Index Scan using sbtest1_pkey on sbtest1  (cost=0.43..8.45 rows=1 width=121)
	  Index Cond: (id = 9182365)

table 2 : explain SELECT c FROM sbtest2 WHERE id=256637
	Index Scan using sbtest2_pkey on sbtest2  (cost=0.43..8.45 rows=1 width=121)
	  Index Cond: (id = 256637)

table 3 : explain SELECT c FROM sbtest3 WHERE id=1696108
	Index Scan using sbtest3_pkey on sbtest3  (cost=0.43..8.45 rows=1 width=121)
	  Index Cond: (id = 1696108)

table 4 : explain SELECT c FROM sbtest4 WHERE id=4659471
	Index Scan using sbtest4_pkey on sbtest4  (cost=0.43..8.45 rows=1 width=121)
	  Index Cond: (id = 4659471)

table 5 : explain SELECT c FROM sbtest5 WHERE id=7115864
	Index Scan using sbtest5_pkey on sbtest5  (cost=0.43..8.45 rows=1 width=121)
	  Index Cond: (id = 7115864)

table 6 : explain SELECT c FROM sbtest6 WHERE id=9735437
	Index Scan using sbtest6_pkey on sbtest6  (cost=0.43..8.45 rows=1 width=121)
	  Index Cond: (id = 9735437)

table 7 : explain SELECT c FROM sbtest7 WHERE id=8751004
	Index Scan using sbtest7_pkey on sbtest7  (cost=0.43..8.45 rows=1 width=121)
	  Index Cond: (id = 8751004)

table 8 : explain SELECT c FROM sbtest8 WHERE id=6453161
	Index Scan using sbtest8_pkey on sbtest8  (cost=0.43..8.45 rows=1 width=121)
	  Index Cond: (id = 6453161)

for point_selects
table 1 : explain SELECT c FROM sbtest1 WHERE id=5445024
	Index Scan using sbtest1_pkey on sbtest1  (cost=0.43..8.45 rows=1 width=121)
	  Index Cond: (id = 5445024)

table 2 : explain SELECT c FROM sbtest2 WHERE id=8382501
	Index Scan using sbtest2_pkey on sbtest2  (cost=0.43..8.45 rows=1 width=121)
	  Index Cond: (id = 8382501)

table 3 : explain SELECT c FROM sbtest3 WHERE id=6109495
	Index Scan using sbtest3_pkey on sbtest3  (cost=0.43..8.45 rows=1 width=121)
	  Index Cond: (id = 6109495)

table 4 : explain SELECT c FROM sbtest4 WHERE id=3199823
	Index Scan using sbtest4_pkey on sbtest4  (cost=0.43..8.45 rows=1 width=121)
	  Index Cond: (id = 3199823)

table 5 : explain SELECT c FROM sbtest5 WHERE id=5439185
	Index Scan using sbtest5_pkey on sbtest5  (cost=0.43..8.45 rows=1 width=121)
	  Index Cond: (id = 5439185)

table 6 : explain SELECT c FROM sbtest6 WHERE id=876113
	Index Scan using sbtest6_pkey on sbtest6  (cost=0.43..8.45 rows=1 width=121)
	  Index Cond: (id = 876113)

table 7 : explain SELECT c FROM sbtest7 WHERE id=1959834
	Index Scan using sbtest7_pkey on sbtest7  (cost=0.43..8.45 rows=1 width=121)
	  Index Cond: (id = 1959834)

table 8 : explain SELECT c FROM sbtest8 WHERE id=3962104
	Index Scan using sbtest8_pkey on sbtest8  (cost=0.43..8.45 rows=1 width=121)
	  Index Cond: (id = 3962104)

for: order_ranges
table 1 : explain SELECT c FROM sbtest1 WHERE id BETWEEN 5649145 AND 5650144 ORDER BY c
	Sort  (cost=3629.69..3631.99 rows=923 width=121)
	  Sort Key: c
	  ->  Bitmap Heap Scan on sbtest1  (cost=29.90..3584.23 rows=923 width=121)
	        Recheck Cond: ((id >= 5649145) AND (id <= 5650144))
	        ->  Bitmap Index Scan on sbtest1_pkey  (cost=0.00..29.66 rows=923 width=0)
	              Index Cond: ((id >= 5649145) AND (id <= 5650144))

table 2 : explain SELECT c FROM sbtest2 WHERE id BETWEEN 69587 AND 70586 ORDER BY c
	Sort  (cost=3693.59..3695.94 rows=940 width=121)
	  Sort Key: c
	  ->  Bitmap Heap Scan on sbtest2  (cost=30.07..3647.17 rows=940 width=121)
	        Recheck Cond: ((id >= 69587) AND (id <= 70586))
	        ->  Bitmap Index Scan on sbtest2_pkey  (cost=0.00..29.83 rows=940 width=0)
	              Index Cond: ((id >= 69587) AND (id <= 70586))

table 3 : explain SELECT c FROM sbtest3 WHERE id BETWEEN 3774487 AND 3775486 ORDER BY c
	Sort  (cost=3772.59..3774.99 rows=961 width=121)
	  Sort Key: c
	  ->  Bitmap Heap Scan on sbtest3  (cost=30.29..3724.98 rows=961 width=121)
	        Recheck Cond: ((id >= 3774487) AND (id <= 3775486))
	        ->  Bitmap Index Scan on sbtest3_pkey  (cost=0.00..30.04 rows=961 width=0)
	              Index Cond: ((id >= 3774487) AND (id <= 3775486))

table 4 : explain SELECT c FROM sbtest4 WHERE id BETWEEN 5043715 AND 5044714 ORDER BY c
	Sort  (cost=3931.22..3933.72 rows=1002 width=121)
	  Sort Key: c
	  ->  Bitmap Heap Scan on sbtest4  (cost=30.71..3881.27 rows=1002 width=121)
	        Recheck Cond: ((id >= 5043715) AND (id <= 5044714))
	        ->  Bitmap Index Scan on sbtest4_pkey  (cost=0.00..30.45 rows=1002 width=0)
	              Index Cond: ((id >= 5043715) AND (id <= 5044714))

table 5 : explain SELECT c FROM sbtest5 WHERE id BETWEEN 5602474 AND 5603473 ORDER BY c
	Sort  (cost=3647.74..3650.06 rows=928 width=121)
	  Sort Key: c
	  ->  Bitmap Heap Scan on sbtest5  (cost=29.95..3602.00 rows=928 width=121)
	        Recheck Cond: ((id >= 5602474) AND (id <= 5603473))
	        ->  Bitmap Index Scan on sbtest5_pkey  (cost=0.00..29.71 rows=928 width=0)
	              Index Cond: ((id >= 5602474) AND (id <= 5603473))

table 6 : explain SELECT c FROM sbtest6 WHERE id BETWEEN 5985062 AND 5986061 ORDER BY c
	Sort  (cost=3862.04..3864.50 rows=984 width=121)
	  Sort Key: c
	  ->  Bitmap Heap Scan on sbtest6  (cost=30.52..3813.13 rows=984 width=121)
	        Recheck Cond: ((id >= 5985062) AND (id <= 5986061))
	        ->  Bitmap Index Scan on sbtest6_pkey  (cost=0.00..30.27 rows=984 width=0)
	              Index Cond: ((id >= 5985062) AND (id <= 5986061))

table 7 : explain SELECT c FROM sbtest7 WHERE id BETWEEN 7925804 AND 7926803 ORDER BY c
	Sort  (cost=3971.18..3973.71 rows=1013 width=121)
	  Sort Key: c
	  ->  Bitmap Heap Scan on sbtest7  (cost=30.82..3920.61 rows=1013 width=121)
	        Recheck Cond: ((id >= 7925804) AND (id <= 7926803))
	        ->  Bitmap Index Scan on sbtest7_pkey  (cost=0.00..30.57 rows=1013 width=0)
	              Index Cond: ((id >= 7925804) AND (id <= 7926803))

table 8 : explain SELECT c FROM sbtest8 WHERE id BETWEEN 2905483 AND 2906482 ORDER BY c
	Sort  (cost=3697.65..3700.00 rows=941 width=121)
	  Sort Key: c
	  ->  Bitmap Heap Scan on sbtest8  (cost=30.08..3651.17 rows=941 width=121)
	        Recheck Cond: ((id >= 2905483) AND (id <= 2906482))
	        ->  Bitmap Index Scan on sbtest8_pkey  (cost=0.00..29.84 rows=941 width=0)
	              Index Cond: ((id >= 2905483) AND (id <= 2906482))

for point_selects
table 1 : explain SELECT c FROM sbtest1 WHERE id=5913855
	Index Scan using sbtest1_pkey on sbtest1  (cost=0.43..8.45 rows=1 width=121)
	  Index Cond: (id = 5913855)

table 2 : explain SELECT c FROM sbtest2 WHERE id=7172832
	Index Scan using sbtest2_pkey on sbtest2  (cost=0.43..8.45 rows=1 width=121)
	  Index Cond: (id = 7172832)

table 3 : explain SELECT c FROM sbtest3 WHERE id=7743686
	Index Scan using sbtest3_pkey on sbtest3  (cost=0.43..8.45 rows=1 width=121)
	  Index Cond: (id = 7743686)

table 4 : explain SELECT c FROM sbtest4 WHERE id=5110421
	Index Scan using sbtest4_pkey on sbtest4  (cost=0.43..8.45 rows=1 width=121)
	  Index Cond: (id = 5110421)

table 5 : explain SELECT c FROM sbtest5 WHERE id=3128258
	Index Scan using sbtest5_pkey on sbtest5  (cost=0.43..8.45 rows=1 width=121)
	  Index Cond: (id = 3128258)

table 6 : explain SELECT c FROM sbtest6 WHERE id=8319452
	Index Scan using sbtest6_pkey on sbtest6  (cost=0.43..8.45 rows=1 width=121)
	  Index Cond: (id = 8319452)

table 7 : explain SELECT c FROM sbtest7 WHERE id=4602273
	Index Scan using sbtest7_pkey on sbtest7  (cost=0.43..8.45 rows=1 width=121)
	  Index Cond: (id = 4602273)

table 8 : explain SELECT c FROM sbtest8 WHERE id=1749297
	Index Scan using sbtest8_pkey on sbtest8  (cost=0.43..8.45 rows=1 width=121)
	  Index Cond: (id = 1749297)

for: order_ranges
table 1 : explain SELECT c FROM sbtest1 WHERE id BETWEEN 4164946 AND 4165945 ORDER BY c
	Sort  (cost=4047.72..4050.30 rows=1032 width=121)
	  Sort Key: c
	  ->  Bitmap Heap Scan on sbtest1  (cost=31.01..3996.06 rows=1032 width=121)
	        Recheck Cond: ((id >= 4164946) AND (id <= 4165945))
	        ->  Bitmap Index Scan on sbtest1_pkey  (cost=0.00..30.75 rows=1032 width=0)
	              Index Cond: ((id >= 4164946) AND (id <= 4165945))

table 2 : explain SELECT c FROM sbtest2 WHERE id BETWEEN 4373034 AND 4374033 ORDER BY c
	Sort  (cost=3420.82..3422.99 rows=869 width=121)
	  Sort Key: c
	  ->  Bitmap Heap Scan on sbtest2  (cost=29.34..3378.40 rows=869 width=121)
	        Recheck Cond: ((id >= 4373034) AND (id <= 4374033))
	        ->  Bitmap Index Scan on sbtest2_pkey  (cost=0.00..29.12 rows=869 width=0)
	              Index Cond: ((id >= 4373034) AND (id <= 4374033))

table 3 : explain SELECT c FROM sbtest3 WHERE id BETWEEN 5248778 AND 5249777 ORDER BY c
	Sort  (cost=4097.91..4100.53 rows=1046 width=121)
	  Sort Key: c
	  ->  Bitmap Heap Scan on sbtest3  (cost=31.16..4045.45 rows=1046 width=121)
	        Recheck Cond: ((id >= 5248778) AND (id <= 5249777))
	        ->  Bitmap Index Scan on sbtest3_pkey  (cost=0.00..30.89 rows=1046 width=0)
	              Index Cond: ((id >= 5248778) AND (id <= 5249777))

table 4 : explain SELECT c FROM sbtest4 WHERE id BETWEEN 5001773 AND 5002772 ORDER BY c
	Sort  (cost=4057.54..4060.13 rows=1035 width=121)
	  Sort Key: c
	  ->  Bitmap Heap Scan on sbtest4  (cost=31.04..4005.71 rows=1035 width=121)
	        Recheck Cond: ((id >= 5001773) AND (id <= 5002772))
	        ->  Bitmap Index Scan on sbtest4_pkey  (cost=0.00..30.79 rows=1035 width=0)
	              Index Cond: ((id >= 5001773) AND (id <= 5002772))

table 5 : explain SELECT c FROM sbtest5 WHERE id BETWEEN 9035131 AND 9036130 ORDER BY c
	Sort  (cost=3939.18..3941.69 rows=1004 width=121)
	  Sort Key: c
	  ->  Bitmap Heap Scan on sbtest5  (cost=30.73..3889.12 rows=1004 width=121)
	        Recheck Cond: ((id >= 9035131) AND (id <= 9036130))
	        ->  Bitmap Index Scan on sbtest5_pkey  (cost=0.00..30.47 rows=1004 width=0)
	              Index Cond: ((id >= 9035131) AND (id <= 9036130))

table 6 : explain SELECT c FROM sbtest6 WHERE id BETWEEN 9350568 AND 9351567 ORDER BY c
	Sort  (cost=3670.31..3672.64 rows=934 width=121)
	  Sort Key: c
	  ->  Bitmap Heap Scan on sbtest6  (cost=30.01..3624.23 rows=934 width=121)
	        Recheck Cond: ((id >= 9350568) AND (id <= 9351567))
	        ->  Bitmap Index Scan on sbtest6_pkey  (cost=0.00..29.77 rows=934 width=0)
	              Index Cond: ((id >= 9350568) AND (id <= 9351567))

table 7 : explain SELECT c FROM sbtest7 WHERE id BETWEEN 5865735 AND 5866734 ORDER BY c
	Sort  (cost=3837.22..3839.66 rows=978 width=121)
	  Sort Key: c
	  ->  Bitmap Heap Scan on sbtest7  (cost=30.46..3788.64 rows=978 width=121)
	        Recheck Cond: ((id >= 5865735) AND (id <= 5866734))
	        ->  Bitmap Index Scan on sbtest7_pkey  (cost=0.00..30.21 rows=978 width=0)
	              Index Cond: ((id >= 5865735) AND (id <= 5866734))

table 8 : explain SELECT c FROM sbtest8 WHERE id BETWEEN 7687124 AND 7688123 ORDER BY c
	Sort  (cost=4015.76..4018.32 rows=1024 width=121)
	  Sort Key: c
	  ->  Bitmap Heap Scan on sbtest8  (cost=30.93..3964.56 rows=1024 width=121)
	        Recheck Cond: ((id >= 7687124) AND (id <= 7688123))
	        ->  Bitmap Index Scan on sbtest8_pkey  (cost=0.00..30.68 rows=1024 width=0)
	              Index Cond: ((id >= 7687124) AND (id <= 7688123))

for: order_ranges
table 1 : explain SELECT c FROM sbtest1 WHERE id BETWEEN 544201 AND 545200 ORDER BY c
	Sort  (cost=3664.26..3666.59 rows=932 width=121)
	  Sort Key: c
	  ->  Bitmap Heap Scan on sbtest1  (cost=29.99..3618.29 rows=932 width=121)
	        Recheck Cond: ((id >= 544201) AND (id <= 545200))
	        ->  Bitmap Index Scan on sbtest1_pkey  (cost=0.00..29.75 rows=932 width=0)
	              Index Cond: ((id >= 544201) AND (id <= 545200))

table 2 : explain SELECT c FROM sbtest2 WHERE id BETWEEN 443531 AND 444530 ORDER BY c
	Sort  (cost=3843.15..3845.60 rows=979 width=121)
	  Sort Key: c
	  ->  Bitmap Heap Scan on sbtest2  (cost=30.47..3794.52 rows=979 width=121)
	        Recheck Cond: ((id >= 443531) AND (id <= 444530))
	        ->  Bitmap Index Scan on sbtest2_pkey  (cost=0.00..30.22 rows=979 width=0)
	              Index Cond: ((id >= 443531) AND (id <= 444530))

table 3 : explain SELECT c FROM sbtest3 WHERE id BETWEEN 3161421 AND 3162420 ORDER BY c
	Sort  (cost=3607.68..3609.98 rows=918 width=121)
	  Sort Key: c
	  ->  Bitmap Heap Scan on sbtest3  (cost=29.84..3562.50 rows=918 width=121)
	        Recheck Cond: ((id >= 3161421) AND (id <= 3162420))
	        ->  Bitmap Index Scan on sbtest3_pkey  (cost=0.00..29.61 rows=918 width=0)
	              Index Cond: ((id >= 3161421) AND (id <= 3162420))

table 4 : explain SELECT c FROM sbtest4 WHERE id BETWEEN 1161755 AND 1162754 ORDER BY c
	Sort  (cost=3992.48..3995.02 rows=1018 width=121)
	  Sort Key: c
	  ->  Bitmap Heap Scan on sbtest4  (cost=30.87..3941.62 rows=1018 width=121)
	        Recheck Cond: ((id >= 1161755) AND (id <= 1162754))
	        ->  Bitmap Index Scan on sbtest4_pkey  (cost=0.00..30.61 rows=1018 width=0)
	              Index Cond: ((id >= 1161755) AND (id <= 1162754))

table 5 : explain SELECT c FROM sbtest5 WHERE id BETWEEN 8906628 AND 8907627 ORDER BY c
	Sort  (cost=3866.38..3868.85 rows=985 width=121)
	  Sort Key: c
	  ->  Bitmap Heap Scan on sbtest5  (cost=30.53..3817.41 rows=985 width=121)
	        Recheck Cond: ((id >= 8906628) AND (id <= 8907627))
	        ->  Bitmap Index Scan on sbtest5_pkey  (cost=0.00..30.29 rows=985 width=0)
	              Index Cond: ((id >= 8906628) AND (id <= 8907627))

table 6 : explain SELECT c FROM sbtest6 WHERE id BETWEEN 6239559 AND 6240558 ORDER BY c
	Sort  (cost=3731.70..3734.07 rows=950 width=121)
	  Sort Key: c
	  ->  Bitmap Heap Scan on sbtest6  (cost=30.17..3684.71 rows=950 width=121)
	        Recheck Cond: ((id >= 6239559) AND (id <= 6240558))
	        ->  Bitmap Index Scan on sbtest6_pkey  (cost=0.00..29.93 rows=950 width=0)
	              Index Cond: ((id >= 6239559) AND (id <= 6240558))

table 7 : explain SELECT c FROM sbtest7 WHERE id BETWEEN 1945423 AND 1946422 ORDER BY c
	Sort  (cost=3810.40..3812.83 rows=971 width=121)
	  Sort Key: c
	  ->  Bitmap Heap Scan on sbtest7  (cost=30.39..3762.23 rows=971 width=121)
	        Recheck Cond: ((id >= 1945423) AND (id <= 1946422))
	        ->  Bitmap Index Scan on sbtest7_pkey  (cost=0.00..30.14 rows=971 width=0)
	              Index Cond: ((id >= 1945423) AND (id <= 1946422))

table 8 : explain SELECT c FROM sbtest8 WHERE id BETWEEN 2829464 AND 2830463 ORDER BY c
	Sort  (cost=3931.52..3934.03 rows=1002 width=121)
	  Sort Key: c
	  ->  Bitmap Heap Scan on sbtest8  (cost=30.71..3881.58 rows=1002 width=121)
	        Recheck Cond: ((id >= 2829464) AND (id <= 2830463))
	        ->  Bitmap Index Scan on sbtest8_pkey  (cost=0.00..30.45 rows=1002 width=0)
	              Index Cond: ((id >= 2829464) AND (id <= 2830463))

for: order_ranges
table 1 : explain SELECT c FROM sbtest1 WHERE id BETWEEN 3632101 AND 3633100 ORDER BY c
	Sort  (cost=4005.60..4008.15 rows=1021 width=121)
	  Sort Key: c
	  ->  Bitmap Heap Scan on sbtest1  (cost=30.90..3954.57 rows=1021 width=121)
	        Recheck Cond: ((id >= 3632101) AND (id <= 3633100))
	        ->  Bitmap Index Scan on sbtest1_pkey  (cost=0.00..30.64 rows=1021 width=0)
	              Index Cond: ((id >= 3632101) AND (id <= 3633100))

table 2 : explain SELECT c FROM sbtest2 WHERE id BETWEEN 2878864 AND 2879863 ORDER BY c
	Sort  (cost=3866.15..3868.61 rows=985 width=121)
	  Sort Key: c
	  ->  Bitmap Heap Scan on sbtest2  (cost=30.53..3817.17 rows=985 width=121)
	        Recheck Cond: ((id >= 2878864) AND (id <= 2879863))
	        ->  Bitmap Index Scan on sbtest2_pkey  (cost=0.00..30.29 rows=985 width=0)
	              Index Cond: ((id >= 2878864) AND (id <= 2879863))

table 3 : explain SELECT c FROM sbtest3 WHERE id BETWEEN 2919702 AND 2920701 ORDER BY c
	Sort  (cost=3887.51..3889.99 rows=991 width=121)
	  Sort Key: c
	  ->  Bitmap Heap Scan on sbtest3  (cost=30.59..3838.19 rows=991 width=121)
	        Recheck Cond: ((id >= 2919702) AND (id <= 2920701))
	        ->  Bitmap Index Scan on sbtest3_pkey  (cost=0.00..30.34 rows=991 width=0)
	              Index Cond: ((id >= 2919702) AND (id <= 2920701))

table 4 : explain SELECT c FROM sbtest4 WHERE id BETWEEN 823692 AND 824691 ORDER BY c
	Sort  (cost=3862.26..3864.72 rows=984 width=121)
	  Sort Key: c
	  ->  Bitmap Heap Scan on sbtest4  (cost=30.52..3813.34 rows=984 width=121)
	        Recheck Cond: ((id >= 823692) AND (id <= 824691))
	        ->  Bitmap Index Scan on sbtest4_pkey  (cost=0.00..30.27 rows=984 width=0)
	              Index Cond: ((id >= 823692) AND (id <= 824691))

table 5 : explain SELECT c FROM sbtest5 WHERE id BETWEEN 423343 AND 424342 ORDER BY c
	Sort  (cost=4188.06..4190.73 rows=1068 width=121)
	  Sort Key: c
	  ->  Bitmap Heap Scan on sbtest5  (cost=35.38..4134.34 rows=1068 width=121)
	        Recheck Cond: ((id >= 423343) AND (id <= 424342))
	        ->  Bitmap Index Scan on sbtest5_pkey  (cost=0.00..35.12 rows=1068 width=0)
	              Index Cond: ((id >= 423343) AND (id <= 424342))

table 6 : explain SELECT c FROM sbtest6 WHERE id BETWEEN 8956453 AND 8957452 ORDER BY c
	Sort  (cost=4019.04..4021.60 rows=1025 width=121)
	  Sort Key: c
	  ->  Bitmap Heap Scan on sbtest6  (cost=30.94..3967.79 rows=1025 width=121)
	        Recheck Cond: ((id >= 8956453) AND (id <= 8957452))
	        ->  Bitmap Index Scan on sbtest6_pkey  (cost=0.00..30.68 rows=1025 width=0)
	              Index Cond: ((id >= 8956453) AND (id <= 8957452))

table 7 : explain SELECT c FROM sbtest7 WHERE id BETWEEN 6590837 AND 6591836 ORDER BY c
	Sort  (cost=3921.44..3923.94 rows=1000 width=121)
	  Sort Key: c
	  ->  Bitmap Heap Scan on sbtest7  (cost=30.68..3871.61 rows=1000 width=121)
	        Recheck Cond: ((id >= 6590837) AND (id <= 6591836))
	        ->  Bitmap Index Scan on sbtest7_pkey  (cost=0.00..30.43 rows=1000 width=0)
	              Index Cond: ((id >= 6590837) AND (id <= 6591836))

table 8 : explain SELECT c FROM sbtest8 WHERE id BETWEEN 4907874 AND 4908873 ORDER BY c
	Sort  (cost=4306.51..4309.26 rows=1099 width=121)
	  Sort Key: c
	  ->  Bitmap Heap Scan on sbtest8  (cost=35.70..4251.00 rows=1099 width=121)
	        Recheck Cond: ((id >= 4907874) AND (id <= 4908873))
	        ->  Bitmap Index Scan on sbtest8_pkey  (cost=0.00..35.43 rows=1099 width=0)
	              Index Cond: ((id >= 4907874) AND (id <= 4908873))

for: order_ranges
table 1 : explain SELECT c FROM sbtest1 WHERE id BETWEEN 8148751 AND 8149750 ORDER BY c
	Sort  (cost=4162.53..4165.19 rows=1062 width=121)
	  Sort Key: c
	  ->  Bitmap Heap Scan on sbtest1  (cost=31.32..4109.15 rows=1062 width=121)
	        Recheck Cond: ((id >= 8148751) AND (id <= 8149750))
	        ->  Bitmap Index Scan on sbtest1_pkey  (cost=0.00..31.05 rows=1062 width=0)
	              Index Cond: ((id >= 8148751) AND (id <= 8149750))

table 2 : explain SELECT c FROM sbtest2 WHERE id BETWEEN 970152 AND 971151 ORDER BY c
	Sort  (cost=3712.77..3715.14 rows=945 width=121)
	  Sort Key: c
	  ->  Bitmap Heap Scan on sbtest2  (cost=30.12..3666.07 rows=945 width=121)
	        Recheck Cond: ((id >= 970152) AND (id <= 971151))
	        ->  Bitmap Index Scan on sbtest2_pkey  (cost=0.00..29.89 rows=945 width=0)
	              Index Cond: ((id >= 970152) AND (id <= 971151))

table 3 : explain SELECT c FROM sbtest3 WHERE id BETWEEN 7748688 AND 7749687 ORDER BY c
	Sort  (cost=3967.89..3970.42 rows=1012 width=121)
	  Sort Key: c
	  ->  Bitmap Heap Scan on sbtest3  (cost=30.81..3917.37 rows=1012 width=121)
	        Recheck Cond: ((id >= 7748688) AND (id <= 7749687))
	        ->  Bitmap Index Scan on sbtest3_pkey  (cost=0.00..30.55 rows=1012 width=0)
	              Index Cond: ((id >= 7748688) AND (id <= 7749687))

table 4 : explain SELECT c FROM sbtest4 WHERE id BETWEEN 3595790 AND 3596789 ORDER BY c
	Sort  (cost=3728.07..3730.44 rows=949 width=121)
	  Sort Key: c
	  ->  Bitmap Heap Scan on sbtest4  (cost=30.16..3681.14 rows=949 width=121)
	        Recheck Cond: ((id >= 3595790) AND (id <= 3596789))
	        ->  Bitmap Index Scan on sbtest4_pkey  (cost=0.00..29.93 rows=949 width=0)
	              Index Cond: ((id >= 3595790) AND (id <= 3596789))

table 5 : explain SELECT c FROM sbtest5 WHERE id BETWEEN 5735112 AND 5736111 ORDER BY c
	Sort  (cost=3900.87..3903.36 rows=994 width=121)
	  Sort Key: c
	  ->  Bitmap Heap Scan on sbtest5  (cost=30.62..3851.38 rows=994 width=121)
	        Recheck Cond: ((id >= 5735112) AND (id <= 5736111))
	        ->  Bitmap Index Scan on sbtest5_pkey  (cost=0.00..30.37 rows=994 width=0)
	              Index Cond: ((id >= 5735112) AND (id <= 5736111))

table 6 : explain SELECT c FROM sbtest6 WHERE id BETWEEN 9820199 AND 9821198 ORDER BY c
	Sort  (cost=4057.30..4059.89 rows=1035 width=121)
	  Sort Key: c
	  ->  Bitmap Heap Scan on sbtest6  (cost=31.04..4005.47 rows=1035 width=121)
	        Recheck Cond: ((id >= 9820199) AND (id <= 9821198))
	        ->  Bitmap Index Scan on sbtest6_pkey  (cost=0.00..30.79 rows=1035 width=0)
	              Index Cond: ((id >= 9820199) AND (id <= 9821198))

table 7 : explain SELECT c FROM sbtest7 WHERE id BETWEEN 9048257 AND 9049256 ORDER BY c
	Sort  (cost=3994.13..3996.67 rows=1019 width=121)
	  Sort Key: c
	  ->  Bitmap Heap Scan on sbtest7  (cost=30.88..3943.21 rows=1019 width=121)
	        Recheck Cond: ((id >= 9048257) AND (id <= 9049256))
	        ->  Bitmap Index Scan on sbtest7_pkey  (cost=0.00..30.62 rows=1019 width=0)
	              Index Cond: ((id >= 9048257) AND (id <= 9049256))

table 8 : explain SELECT c FROM sbtest8 WHERE id BETWEEN 8431185 AND 8432184 ORDER BY c
	Sort  (cost=3816.56..3818.99 rows=972 width=121)
	  Sort Key: c
	  ->  Bitmap Heap Scan on sbtest8  (cost=30.40..3768.32 rows=972 width=121)
	        Recheck Cond: ((id >= 8431185) AND (id <= 8432184))
	        ->  Bitmap Index Scan on sbtest8_pkey  (cost=0.00..30.15 rows=972 width=0)
	              Index Cond: ((id >= 8431185) AND (id <= 8432184))

for: distinct_ranges
table 1 : explain SELECT DISTINCT c FROM sbtest1 WHERE id BETWEEN 4132221 AND 4133220 ORDER BY c
	Unique  (cost=4047.72..4052.88 rows=1032 width=121)
	  ->  Sort  (cost=4047.72..4050.30 rows=1032 width=121)
	        Sort Key: c
	        ->  Bitmap Heap Scan on sbtest1  (cost=31.01..3996.06 rows=1032 width=121)
	              Recheck Cond: ((id >= 4132221) AND (id <= 4133220))
	              ->  Bitmap Index Scan on sbtest1_pkey  (cost=0.00..30.75 rows=1032 width=0)
	                    Index Cond: ((id >= 4132221) AND (id <= 4133220))

table 2 : explain SELECT DISTINCT c FROM sbtest2 WHERE id BETWEEN 1629335 AND 1630334 ORDER BY c
	Unique  (cost=4405.48..4411.10 rows=1125 width=121)
	  ->  Sort  (cost=4405.48..4408.29 rows=1125 width=121)
	        Sort Key: c
	        ->  Bitmap Heap Scan on sbtest2  (cost=35.97..4348.46 rows=1125 width=121)
	              Recheck Cond: ((id >= 1629335) AND (id <= 1630334))
	              ->  Bitmap Index Scan on sbtest2_pkey  (cost=0.00..35.69 rows=1125 width=0)
	                    Index Cond: ((id >= 1629335) AND (id <= 1630334))

table 3 : explain SELECT DISTINCT c FROM sbtest3 WHERE id BETWEEN 3572585 AND 3573584 ORDER BY c
	Unique  (cost=3741.93..3746.69 rows=953 width=121)
	  ->  Sort  (cost=3741.93..3744.31 rows=953 width=121)
	        Sort Key: c
	        ->  Bitmap Heap Scan on sbtest3  (cost=30.20..3694.77 rows=953 width=121)
	              Recheck Cond: ((id >= 3572585) AND (id <= 3573584))
	              ->  Bitmap Index Scan on sbtest3_pkey  (cost=0.00..29.96 rows=953 width=0)
	                    Index Cond: ((id >= 3572585) AND (id <= 3573584))

table 4 : explain SELECT DISTINCT c FROM sbtest4 WHERE id BETWEEN 5340034 AND 5341033 ORDER BY c
	Unique  (cost=3835.43..3840.32 rows=977 width=121)
	  ->  Sort  (cost=3835.43..3837.88 rows=977 width=121)
	        Sort Key: c
	        ->  Bitmap Heap Scan on sbtest4  (cost=30.45..3786.91 rows=977 width=121)
	              Recheck Cond: ((id >= 5340034) AND (id <= 5341033))
	              ->  Bitmap Index Scan on sbtest4_pkey  (cost=0.00..30.20 rows=977 width=0)
	                    Index Cond: ((id >= 5340034) AND (id <= 5341033))

table 5 : explain SELECT DISTINCT c FROM sbtest5 WHERE id BETWEEN 4888993 AND 4889992 ORDER BY c
	Unique  (cost=3874.05..3878.98 rows=987 width=121)
	  ->  Sort  (cost=3874.05..3876.52 rows=987 width=121)
	        Sort Key: c
	        ->  Bitmap Heap Scan on sbtest5  (cost=30.55..3824.96 rows=987 width=121)
	              Recheck Cond: ((id >= 4888993) AND (id <= 4889992))
	              ->  Bitmap Index Scan on sbtest5_pkey  (cost=0.00..30.30 rows=987 width=0)
	                    Index Cond: ((id >= 4888993) AND (id <= 4889992))

table 6 : explain SELECT DISTINCT c FROM sbtest6 WHERE id BETWEEN 4099980 AND 4100979 ORDER BY c
	Unique  (cost=3635.76..3640.39 rows=925 width=121)
	  ->  Sort  (cost=3635.76..3638.08 rows=925 width=121)
	        Sort Key: c
	        ->  Bitmap Heap Scan on sbtest6  (cost=29.92..3590.19 rows=925 width=121)
	              Recheck Cond: ((id >= 4099980) AND (id <= 4100979))
	              ->  Bitmap Index Scan on sbtest6_pkey  (cost=0.00..29.68 rows=925 width=0)
	                    Index Cond: ((id >= 4099980) AND (id <= 4100979))

table 7 : explain SELECT DISTINCT c FROM sbtest7 WHERE id BETWEEN 3386226 AND 3387225 ORDER BY c
	Unique  (cost=3810.40..3815.26 rows=971 width=121)
	  ->  Sort  (cost=3810.40..3812.83 rows=971 width=121)
	        Sort Key: c
	        ->  Bitmap Heap Scan on sbtest7  (cost=30.39..3762.23 rows=971 width=121)
	              Recheck Cond: ((id >= 3386226) AND (id <= 3387225))
	              ->  Bitmap Index Scan on sbtest7_pkey  (cost=0.00..30.14 rows=971 width=0)
	                    Index Cond: ((id >= 3386226) AND (id <= 3387225))

table 8 : explain SELECT DISTINCT c FROM sbtest8 WHERE id BETWEEN 9127799 AND 9128798 ORDER BY c
	Unique  (cost=3874.05..3878.99 rows=987 width=121)
	  ->  Sort  (cost=3874.05..3876.52 rows=987 width=121)
	        Sort Key: c
	        ->  Bitmap Heap Scan on sbtest8  (cost=30.55..3824.97 rows=987 width=121)
	              Recheck Cond: ((id >= 9127799) AND (id <= 9128798))
	              ->  Bitmap Index Scan on sbtest8_pkey  (cost=0.00..30.30 rows=987 width=0)
	                    Index Cond: ((id >= 9127799) AND (id <= 9128798))

for: distinct_ranges
table 1 : explain SELECT DISTINCT c FROM sbtest1 WHERE id BETWEEN 1115218 AND 1116217 ORDER BY c
	Unique  (cost=4097.48..4102.71 rows=1045 width=121)
	  ->  Sort  (cost=4097.48..4100.10 rows=1045 width=121)
	        Sort Key: c
	        ->  Bitmap Heap Scan on sbtest1  (cost=31.15..4045.08 rows=1045 width=121)
	              Recheck Cond: ((id >= 1115218) AND (id <= 1116217))
	              ->  Bitmap Index Scan on sbtest1_pkey  (cost=0.00..30.89 rows=1045 width=0)
	                    Index Cond: ((id >= 1115218) AND (id <= 1116217))

table 2 : explain SELECT DISTINCT c FROM sbtest2 WHERE id BETWEEN 6700308 AND 6701307 ORDER BY c
	Unique  (cost=3946.59..3951.62 rows=1006 width=121)
	  ->  Sort  (cost=3946.59..3949.11 rows=1006 width=121)
	        Sort Key: c
	        ->  Bitmap Heap Scan on sbtest2  (cost=30.75..3896.42 rows=1006 width=121)
	              Recheck Cond: ((id >= 6700308) AND (id <= 6701307))
	              ->  Bitmap Index Scan on sbtest2_pkey  (cost=0.00..30.50 rows=1006 width=0)
	                    Index Cond: ((id >= 6700308) AND (id <= 6701307))

table 3 : explain SELECT DISTINCT c FROM sbtest3 WHERE id BETWEEN 6676162 AND 6677161 ORDER BY c
	Unique  (cost=4281.43..4286.89 rows=1093 width=121)
	  ->  Sort  (cost=4281.43..4284.16 rows=1093 width=121)
	        Sort Key: c
	        ->  Bitmap Heap Scan on sbtest3  (cost=35.64..4226.26 rows=1093 width=121)
	              Recheck Cond: ((id >= 6676162) AND (id <= 6677161))
	              ->  Bitmap Index Scan on sbtest3_pkey  (cost=0.00..35.37 rows=1093 width=0)
	                    Index Cond: ((id >= 6676162) AND (id <= 6677161))

table 4 : explain SELECT DISTINCT c FROM sbtest4 WHERE id BETWEEN 4960444 AND 4961443 ORDER BY c
	Unique  (cost=4057.54..4062.71 rows=1035 width=121)
	  ->  Sort  (cost=4057.54..4060.13 rows=1035 width=121)
	        Sort Key: c
	        ->  Bitmap Heap Scan on sbtest4  (cost=31.04..4005.71 rows=1035 width=121)
	              Recheck Cond: ((id >= 4960444) AND (id <= 4961443))
	              ->  Bitmap Index Scan on sbtest4_pkey  (cost=0.00..30.79 rows=1035 width=0)
	                    Index Cond: ((id >= 4960444) AND (id <= 4961443))

table 5 : explain SELECT DISTINCT c FROM sbtest5 WHERE id BETWEEN 3313029 AND 3314028 ORDER BY c
	Unique  (cost=3812.72..3817.57 rows=971 width=121)
	  ->  Sort  (cost=3812.72..3815.15 rows=971 width=121)
	        Sort Key: c
	        ->  Bitmap Heap Scan on sbtest5  (cost=30.39..3764.54 rows=971 width=121)
	              Recheck Cond: ((id >= 3313029) AND (id <= 3314028))
	              ->  Bitmap Index Scan on sbtest5_pkey  (cost=0.00..30.14 rows=971 width=0)
	                    Index Cond: ((id >= 3313029) AND (id <= 3314028))

table 6 : explain SELECT DISTINCT c FROM sbtest6 WHERE id BETWEEN 3555201 AND 3556200 ORDER BY c
	Unique  (cost=3789.22..3794.04 rows=965 width=121)
	  ->  Sort  (cost=3789.22..3791.63 rows=965 width=121)
	        Sort Key: c
	        ->  Bitmap Heap Scan on sbtest6  (cost=30.33..3741.38 rows=965 width=121)
	              Recheck Cond: ((id >= 3555201) AND (id <= 3556200))
	              ->  Bitmap Index Scan on sbtest6_pkey  (cost=0.00..30.08 rows=965 width=0)
	                    Index Cond: ((id >= 3555201) AND (id <= 3556200))

table 7 : explain SELECT DISTINCT c FROM sbtest7 WHERE id BETWEEN 979191 AND 980190 ORDER BY c
	Unique  (cost=3955.87..3960.92 rows=1009 width=121)
	  ->  Sort  (cost=3955.87..3958.40 rows=1009 width=121)
	        Sort Key: c
	        ->  Bitmap Heap Scan on sbtest7  (cost=30.78..3905.53 rows=1009 width=121)
	              Recheck Cond: ((id >= 979191) AND (id <= 980190))
	              ->  Bitmap Index Scan on sbtest7_pkey  (cost=0.00..30.52 rows=1009 width=0)
	                    Index Cond: ((id >= 979191) AND (id <= 980190))

table 8 : explain SELECT DISTINCT c FROM sbtest8 WHERE id BETWEEN 4697797 AND 4698796 ORDER BY c
	Unique  (cost=3885.55..3890.50 rows=990 width=121)
	  ->  Sort  (cost=3885.55..3888.02 rows=990 width=121)
	        Sort Key: c
	        ->  Bitmap Heap Scan on sbtest8  (cost=30.58..3836.29 rows=990 width=121)
	              Recheck Cond: ((id >= 4697797) AND (id <= 4698796))
	              ->  Bitmap Index Scan on sbtest8_pkey  (cost=0.00..30.33 rows=990 width=0)
	                    Index Cond: ((id >= 4697797) AND (id <= 4698796))

for: simple_ranges
table 1 : explain SELECT c FROM sbtest1 WHERE id BETWEEN 3315816 AND 3316815
	Bitmap Heap Scan on sbtest1  (cost=30.49..3803.56 rows=981 width=121)
	  Recheck Cond: ((id >= 3315816) AND (id <= 3316815))
	  ->  Bitmap Index Scan on sbtest1_pkey  (cost=0.00..30.25 rows=981 width=0)
	        Index Cond: ((id >= 3315816) AND (id <= 3316815))

table 2 : explain SELECT c FROM sbtest2 WHERE id BETWEEN 9494851 AND 9495850
	Bitmap Heap Scan on sbtest2  (cost=30.64..3858.69 rows=996 width=121)
	  Recheck Cond: ((id >= 9494851) AND (id <= 9495850))
	  ->  Bitmap Index Scan on sbtest2_pkey  (cost=0.00..30.39 rows=996 width=0)
	        Index Cond: ((id >= 9494851) AND (id <= 9495850))

table 3 : explain SELECT c FROM sbtest3 WHERE id BETWEEN 5980337 AND 5981336
	Bitmap Heap Scan on sbtest3  (cost=31.16..4045.45 rows=1046 width=121)
	  Recheck Cond: ((id >= 5980337) AND (id <= 5981336))
	  ->  Bitmap Index Scan on sbtest3_pkey  (cost=0.00..30.89 rows=1046 width=0)
	        Index Cond: ((id >= 5980337) AND (id <= 5981336))

table 4 : explain SELECT c FROM sbtest4 WHERE id BETWEEN 6106324 AND 6107323
	Bitmap Heap Scan on sbtest4  (cost=29.36..3385.93 rows=871 width=121)
	  Recheck Cond: ((id >= 6106324) AND (id <= 6107323))
	  ->  Bitmap Index Scan on sbtest4_pkey  (cost=0.00..29.14 rows=871 width=0)
	        Index Cond: ((id >= 6106324) AND (id <= 6107323))

table 5 : explain SELECT c FROM sbtest5 WHERE id BETWEEN 1668117 AND 1669116
	Bitmap Heap Scan on sbtest5  (cost=30.18..3688.97 rows=951 width=121)
	  Recheck Cond: ((id >= 1668117) AND (id <= 1669116))
	  ->  Bitmap Index Scan on sbtest5_pkey  (cost=0.00..29.94 rows=951 width=0)
	        Index Cond: ((id >= 1668117) AND (id <= 1669116))

table 6 : explain SELECT c FROM sbtest6 WHERE id BETWEEN 186658 AND 187657
	Bitmap Heap Scan on sbtest6  (cost=35.70..4250.40 rows=1099 width=121)
	  Recheck Cond: ((id >= 186658) AND (id <= 187657))
	  ->  Bitmap Index Scan on sbtest6_pkey  (cost=0.00..35.43 rows=1099 width=0)
	        Index Cond: ((id >= 186658) AND (id <= 187657))

table 7 : explain SELECT c FROM sbtest7 WHERE id BETWEEN 1089406 AND 1090405
	Bitmap Heap Scan on sbtest7  (cost=30.82..3920.61 rows=1013 width=121)
	  Recheck Cond: ((id >= 1089406) AND (id <= 1090405))
	  ->  Bitmap Index Scan on sbtest7_pkey  (cost=0.00..30.57 rows=1013 width=0)
	        Index Cond: ((id >= 1089406) AND (id <= 1090405))

table 8 : explain SELECT c FROM sbtest8 WHERE id BETWEEN 253295 AND 254294
	Bitmap Heap Scan on sbtest8  (cost=36.06..4378.84 rows=1134 width=121)
	  Recheck Cond: ((id >= 253295) AND (id <= 254294))
	  ->  Bitmap Index Scan on sbtest8_pkey  (cost=0.00..35.78 rows=1134 width=0)
	        Index Cond: ((id >= 253295) AND (id <= 254294))

for: distinct_ranges
table 1 : explain SELECT DISTINCT c FROM sbtest1 WHERE id BETWEEN 4768708 AND 4769707 ORDER BY c
	Unique  (cost=3844.63..3849.53 rows=979 width=121)
	  ->  Sort  (cost=3844.63..3847.08 rows=979 width=121)
	        Sort Key: c
	        ->  Bitmap Heap Scan on sbtest1  (cost=30.47..3796.00 rows=979 width=121)
	              Recheck Cond: ((id >= 4768708) AND (id <= 4769707))
	              ->  Bitmap Index Scan on sbtest1_pkey  (cost=0.00..30.22 rows=979 width=0)
	                    Index Cond: ((id >= 4768708) AND (id <= 4769707))

table 2 : explain SELECT DISTINCT c FROM sbtest2 WHERE id BETWEEN 7865582 AND 7866581 ORDER BY c
	Unique  (cost=3659.05..3663.70 rows=931 width=121)
	  ->  Sort  (cost=3659.05..3661.37 rows=931 width=121)
	        Sort Key: c
	        ->  Bitmap Heap Scan on sbtest2  (cost=29.98..3613.13 rows=931 width=121)
	              Recheck Cond: ((id >= 7865582) AND (id <= 7866581))
	              ->  Bitmap Index Scan on sbtest2_pkey  (cost=0.00..29.75 rows=931 width=0)
	                    Index Cond: ((id >= 7865582) AND (id <= 7866581))

table 3 : explain SELECT DISTINCT c FROM sbtest3 WHERE id BETWEEN 5535965 AND 5536964 ORDER BY c
	Unique  (cost=3661.40..3666.06 rows=932 width=121)
	  ->  Sort  (cost=3661.40..3663.73 rows=932 width=121)
	        Sort Key: c
	        ->  Bitmap Heap Scan on sbtest3  (cost=29.99..3615.43 rows=932 width=121)
	              Recheck Cond: ((id >= 5535965) AND (id <= 5536964))
	              ->  Bitmap Index Scan on sbtest3_pkey  (cost=0.00..29.75 rows=932 width=0)
	                    Index Cond: ((id >= 5535965) AND (id <= 5536964))

table 4 : explain SELECT DISTINCT c FROM sbtest4 WHERE id BETWEEN 2541245 AND 2542244 ORDER BY c
	Unique  (cost=4222.13..4227.51 rows=1077 width=121)
	  ->  Sort  (cost=4222.13..4224.82 rows=1077 width=121)
	        Sort Key: c
	        ->  Bitmap Heap Scan on sbtest4  (cost=35.47..4167.88 rows=1077 width=121)
	              Recheck Cond: ((id >= 2541245) AND (id <= 2542244))
	              ->  Bitmap Index Scan on sbtest4_pkey  (cost=0.00..35.20 rows=1077 width=0)
	                    Index Cond: ((id >= 2541245) AND (id <= 2542244))

table 5 : explain SELECT DISTINCT c FROM sbtest5 WHERE id BETWEEN 9076312 AND 9077311 ORDER BY c
	Unique  (cost=4103.76..4109.00 rows=1047 width=121)
	  ->  Sort  (cost=4103.76..4106.38 rows=1047 width=121)
	        Sort Key: c
	        ->  Bitmap Heap Scan on sbtest5  (cost=31.17..4051.24 rows=1047 width=121)
	              Recheck Cond: ((id >= 9076312) AND (id <= 9077311))
	              ->  Bitmap Index Scan on sbtest5_pkey  (cost=0.00..30.90 rows=1047 width=0)
	                    Index Cond: ((id >= 9076312) AND (id <= 9077311))

table 6 : explain SELECT DISTINCT c FROM sbtest6 WHERE id BETWEEN 7557796 AND 7558795 ORDER BY c
	Unique  (cost=4397.51..4403.13 rows=1123 width=121)
	  ->  Sort  (cost=4397.51..4400.32 rows=1123 width=121)
	        Sort Key: c
	        ->  Bitmap Heap Scan on sbtest6  (cost=35.95..4340.61 rows=1123 width=121)
	              Recheck Cond: ((id >= 7557796) AND (id <= 7558795))
	              ->  Bitmap Index Scan on sbtest6_pkey  (cost=0.00..35.67 rows=1123 width=0)
	                    Index Cond: ((id >= 7557796) AND (id <= 7558795))

table 7 : explain SELECT DISTINCT c FROM sbtest7 WHERE id BETWEEN 9908827 AND 9909826 ORDER BY c
	Unique  (cost=3982.65..3987.73 rows=1016 width=121)
	  ->  Sort  (cost=3982.65..3985.19 rows=1016 width=121)
	        Sort Key: c
	        ->  Bitmap Heap Scan on sbtest7  (cost=30.85..3931.91 rows=1016 width=121)
	              Recheck Cond: ((id >= 9908827) AND (id <= 9909826))
	              ->  Bitmap Index Scan on sbtest7_pkey  (cost=0.00..30.59 rows=1016 width=0)
	                    Index Cond: ((id >= 9908827) AND (id <= 9909826))

table 8 : explain SELECT DISTINCT c FROM sbtest8 WHERE id BETWEEN 4519527 AND 4520526 ORDER BY c
	Unique  (cost=3812.72..3817.58 rows=971 width=121)
	  ->  Sort  (cost=3812.72..3815.15 rows=971 width=121)
	        Sort Key: c
	        ->  Bitmap Heap Scan on sbtest8  (cost=30.39..3764.55 rows=971 width=121)
	              Recheck Cond: ((id >= 4519527) AND (id <= 4520526))
	              ->  Bitmap Index Scan on sbtest8_pkey  (cost=0.00..30.14 rows=971 width=0)
	                    Index Cond: ((id >= 4519527) AND (id <= 4520526))

for: distinct_ranges
table 1 : explain SELECT DISTINCT c FROM sbtest1 WHERE id BETWEEN 2047701 AND 2048700 ORDER BY c
	Unique  (cost=4032.40..4037.54 rows=1028 width=121)
	  ->  Sort  (cost=4032.40..4034.97 rows=1028 width=121)
	        Sort Key: c
	        ->  Bitmap Heap Scan on sbtest1  (cost=30.97..3980.98 rows=1028 width=121)
	              Recheck Cond: ((id >= 2047701) AND (id <= 2048700))
	              ->  Bitmap Index Scan on sbtest1_pkey  (cost=0.00..30.71 rows=1028 width=0)
	                    Index Cond: ((id >= 2047701) AND (id <= 2048700))

table 2 : explain SELECT DISTINCT c FROM sbtest2 WHERE id BETWEEN 7432104 AND 7433103 ORDER BY c
	Unique  (cost=3908.29..3913.27 rows=996 width=121)
	  ->  Sort  (cost=3908.29..3910.78 rows=996 width=121)
	        Sort Key: c
	        ->  Bitmap Heap Scan on sbtest2  (cost=30.64..3858.69 rows=996 width=121)
	              Recheck Cond: ((id >= 7432104) AND (id <= 7433103))
	              ->  Bitmap Index Scan on sbtest2_pkey  (cost=0.00..30.39 rows=996 width=0)
	                    Index Cond: ((id >= 7432104) AND (id <= 7433103))

table 3 : explain SELECT DISTINCT c FROM sbtest3 WHERE id BETWEEN 1485946 AND 1486945 ORDER BY c
	Unique  (cost=3745.76..3750.53 rows=954 width=121)
	  ->  Sort  (cost=3745.76..3748.14 rows=954 width=121)
	        Sort Key: c
	        ->  Bitmap Heap Scan on sbtest3  (cost=30.21..3698.55 rows=954 width=121)
	              Recheck Cond: ((id >= 1485946) AND (id <= 1486945))
	              ->  Bitmap Index Scan on sbtest3_pkey  (cost=0.00..29.97 rows=954 width=0)
	                    Index Cond: ((id >= 1485946) AND (id <= 1486945))

table 4 : explain SELECT DISTINCT c FROM sbtest4 WHERE id BETWEEN 1581542 AND 1582541 ORDER BY c
	Unique  (cost=3988.65..3993.74 rows=1017 width=121)
	  ->  Sort  (cost=3988.65..3991.19 rows=1017 width=121)
	        Sort Key: c
	        ->  Bitmap Heap Scan on sbtest4  (cost=30.86..3937.85 rows=1017 width=121)
	              Recheck Cond: ((id >= 1581542) AND (id <= 1582541))
	              ->  Bitmap Index Scan on sbtest4_pkey  (cost=0.00..30.61 rows=1017 width=0)
	                    Index Cond: ((id >= 1581542) AND (id <= 1582541))

table 5 : explain SELECT DISTINCT c FROM sbtest5 WHERE id BETWEEN 9127440 AND 9128439 ORDER BY c
	Unique  (cost=4103.76..4109.00 rows=1047 width=121)
	  ->  Sort  (cost=4103.76..4106.38 rows=1047 width=121)
	        Sort Key: c
	        ->  Bitmap Heap Scan on sbtest5  (cost=31.17..4051.24 rows=1047 width=121)
	              Recheck Cond: ((id >= 9127440) AND (id <= 9128439))
	              ->  Bitmap Index Scan on sbtest5_pkey  (cost=0.00..30.90 rows=1047 width=0)
	                    Index Cond: ((id >= 9127440) AND (id <= 9128439))

table 6 : explain SELECT DISTINCT c FROM sbtest6 WHERE id BETWEEN 2238451 AND 2239450 ORDER BY c
	Unique  (cost=3816.05..3820.91 rows=972 width=121)
	  ->  Sort  (cost=3816.05..3818.48 rows=972 width=121)
	        Sort Key: c
	        ->  Bitmap Heap Scan on sbtest6  (cost=30.40..3767.82 rows=972 width=121)
	              Recheck Cond: ((id >= 2238451) AND (id <= 2239450))
	              ->  Bitmap Index Scan on sbtest6_pkey  (cost=0.00..30.15 rows=972 width=0)
	                    Index Cond: ((id >= 2238451) AND (id <= 2239450))

table 7 : explain SELECT DISTINCT c FROM sbtest7 WHERE id BETWEEN 3482231 AND 3483230 ORDER BY c
	Unique  (cost=4128.10..4133.36 rows=1053 width=121)
	  ->  Sort  (cost=4128.10..4130.73 rows=1053 width=121)
	        Sort Key: c
	        ->  Bitmap Heap Scan on sbtest7  (cost=35.23..4075.23 rows=1053 width=121)
	              Recheck Cond: ((id >= 3482231) AND (id <= 3483230))
	              ->  Bitmap Index Scan on sbtest7_pkey  (cost=0.00..34.97 rows=1053 width=0)
	                    Index Cond: ((id >= 3482231) AND (id <= 3483230))

table 8 : explain SELECT DISTINCT c FROM sbtest8 WHERE id BETWEEN 4186696 AND 4187695 ORDER BY c
	Unique  (cost=4011.93..4017.05 rows=1023 width=121)
	  ->  Sort  (cost=4011.93..4014.49 rows=1023 width=121)
	        Sort Key: c
	        ->  Bitmap Heap Scan on sbtest8  (cost=30.92..3960.79 rows=1023 width=121)
	              Recheck Cond: ((id >= 4186696) AND (id <= 4187695))
	              ->  Bitmap Index Scan on sbtest8_pkey  (cost=0.00..30.66 rows=1023 width=0)
	                    Index Cond: ((id >= 4186696) AND (id <= 4187695))

for: distinct_ranges
table 1 : explain SELECT DISTINCT c FROM sbtest1 WHERE id BETWEEN 1297936 AND 1298935 ORDER BY c
	Unique  (cost=3840.80..3845.69 rows=978 width=121)
	  ->  Sort  (cost=3840.80..3843.24 rows=978 width=121)
	        Sort Key: c
	        ->  Bitmap Heap Scan on sbtest1  (cost=30.46..3792.22 rows=978 width=121)
	              Recheck Cond: ((id >= 1297936) AND (id <= 1298935))
	              ->  Bitmap Index Scan on sbtest1_pkey  (cost=0.00..30.21 rows=978 width=0)
	                    Index Cond: ((id >= 1297936) AND (id <= 1298935))

table 2 : explain SELECT DISTINCT c FROM sbtest2 WHERE id BETWEEN 6492406 AND 6493405 ORDER BY c
	Unique  (cost=3712.77..3717.50 rows=945 width=121)
	  ->  Sort  (cost=3712.77..3715.14 rows=945 width=121)
	        Sort Key: c
	        ->  Bitmap Heap Scan on sbtest2  (cost=30.12..3666.07 rows=945 width=121)
	              Recheck Cond: ((id >= 6492406) AND (id <= 6493405))
	              ->  Bitmap Index Scan on sbtest2_pkey  (cost=0.00..29.89 rows=945 width=0)
	                    Index Cond: ((id >= 6492406) AND (id <= 6493405))

table 3 : explain SELECT DISTINCT c FROM sbtest3 WHERE id BETWEEN 1725563 AND 1726562 ORDER BY c
	Unique  (cost=4373.00..4378.58 rows=1117 width=121)
	  ->  Sort  (cost=4373.00..4375.79 rows=1117 width=121)
	        Sort Key: c
	        ->  Bitmap Heap Scan on sbtest3  (cost=35.88..4316.45 rows=1117 width=121)
	              Recheck Cond: ((id >= 1725563) AND (id <= 1726562))
	              ->  Bitmap Index Scan on sbtest3_pkey  (cost=0.00..35.61 rows=1117 width=0)
	                    Index Cond: ((id >= 1725563) AND (id <= 1726562))

table 4 : explain SELECT DISTINCT c FROM sbtest4 WHERE id BETWEEN 4394320 AND 4395319 ORDER BY c
	Unique  (cost=4160.80..4166.11 rows=1062 width=121)
	  ->  Sort  (cost=4160.80..4163.45 rows=1062 width=121)
	        Sort Key: c
	        ->  Bitmap Heap Scan on sbtest4  (cost=31.32..4107.42 rows=1062 width=121)
	              Recheck Cond: ((id >= 4394320) AND (id <= 4395319))
	              ->  Bitmap Index Scan on sbtest4_pkey  (cost=0.00..31.05 rows=1062 width=0)
	                    Index Cond: ((id >= 4394320) AND (id <= 4395319))

table 5 : explain SELECT DISTINCT c FROM sbtest5 WHERE id BETWEEN 6142691 AND 6143690 ORDER BY c
	Unique  (cost=3904.70..3909.68 rows=995 width=121)
	  ->  Sort  (cost=3904.70..3907.19 rows=995 width=121)
	        Sort Key: c
	        ->  Bitmap Heap Scan on sbtest5  (cost=30.63..3855.16 rows=995 width=121)
	              Recheck Cond: ((id >= 6142691) AND (id <= 6143690))
	              ->  Bitmap Index Scan on sbtest5_pkey  (cost=0.00..30.39 rows=995 width=0)
	                    Index Cond: ((id >= 6142691) AND (id <= 6143690))

table 6 : explain SELECT DISTINCT c FROM sbtest6 WHERE id BETWEEN 2724300 AND 2725299 ORDER BY c
	Unique  (cost=3574.33..3578.87 rows=909 width=121)
	  ->  Sort  (cost=3574.33..3576.60 rows=909 width=121)
	        Sort Key: c
	        ->  Bitmap Heap Scan on sbtest6  (cost=29.75..3529.66 rows=909 width=121)
	              Recheck Cond: ((id >= 2724300) AND (id <= 2725299))
	              ->  Bitmap Index Scan on sbtest6_pkey  (cost=0.00..29.52 rows=909 width=0)
	                    Index Cond: ((id >= 2724300) AND (id <= 2725299))

table 7 : explain SELECT DISTINCT c FROM sbtest7 WHERE id BETWEEN 9044146 AND 9045145 ORDER BY c
	Unique  (cost=3994.13..3999.22 rows=1019 width=121)
	  ->  Sort  (cost=3994.13..3996.67 rows=1019 width=121)
	        Sort Key: c
	        ->  Bitmap Heap Scan on sbtest7  (cost=30.88..3943.21 rows=1019 width=121)
	              Recheck Cond: ((id >= 9044146) AND (id <= 9045145))
	              ->  Bitmap Index Scan on sbtest7_pkey  (cost=0.00..30.62 rows=1019 width=0)
	                    Index Cond: ((id >= 9044146) AND (id <= 9045145))

table 8 : explain SELECT DISTINCT c FROM sbtest8 WHERE id BETWEEN 1067063 AND 1068062 ORDER BY c
	Unique  (cost=3728.35..3733.09 rows=949 width=121)
	  ->  Sort  (cost=3728.35..3730.72 rows=949 width=121)
	        Sort Key: c
	        ->  Bitmap Heap Scan on sbtest8  (cost=30.16..3681.42 rows=949 width=121)
	              Recheck Cond: ((id >= 1067063) AND (id <= 1068062))
	              ->  Bitmap Index Scan on sbtest8_pkey  (cost=0.00..29.93 rows=949 width=0)
	                    Index Cond: ((id >= 1067063) AND (id <= 1068062))

for: distinct_ranges
table 1 : explain SELECT DISTINCT c FROM sbtest1 WHERE id BETWEEN 6125525 AND 6126524 ORDER BY c
	Unique  (cost=3925.14..3930.14 rows=1000 width=121)
	  ->  Sort  (cost=3925.14..3927.64 rows=1000 width=121)
	        Sort Key: c
	        ->  Bitmap Heap Scan on sbtest1  (cost=30.68..3875.31 rows=1000 width=121)
	              Recheck Cond: ((id >= 6125525) AND (id <= 6126524))
	              ->  Bitmap Index Scan on sbtest1_pkey  (cost=0.00..30.43 rows=1000 width=0)
	                    Index Cond: ((id >= 6125525) AND (id <= 6126524))

table 2 : explain SELECT DISTINCT c FROM sbtest2 WHERE id BETWEEN 698920 AND 699919 ORDER BY c
	Unique  (cost=3724.28..3729.02 rows=948 width=121)
	  ->  Sort  (cost=3724.28..3726.65 rows=948 width=121)
	        Sort Key: c
	        ->  Bitmap Heap Scan on sbtest2  (cost=30.15..3677.41 rows=948 width=121)
	              Recheck Cond: ((id >= 698920) AND (id <= 699919))
	              ->  Bitmap Index Scan on sbtest2_pkey  (cost=0.00..29.91 rows=948 width=0)
	                    Index Cond: ((id >= 698920) AND (id <= 699919))

table 3 : explain SELECT DISTINCT c FROM sbtest3 WHERE id BETWEEN 9689556 AND 9690555 ORDER BY c
	Unique  (cost=3906.65..3911.63 rows=996 width=121)
	  ->  Sort  (cost=3906.65..3909.14 rows=996 width=121)
	        Sort Key: c
	        ->  Bitmap Heap Scan on sbtest3  (cost=30.64..3857.05 rows=996 width=121)
	              Recheck Cond: ((id >= 9689556) AND (id <= 9690555))
	              ->  Bitmap Index Scan on sbtest3_pkey  (cost=0.00..30.39 rows=996 width=0)
	                    Index Cond: ((id >= 9689556) AND (id <= 9690555))

table 4 : explain SELECT DISTINCT c FROM sbtest4 WHERE id BETWEEN 80637 AND 81636 ORDER BY c
	Unique  (cost=4072.84..4078.04 rows=1039 width=121)
	  ->  Sort  (cost=4072.84..4075.44 rows=1039 width=121)
	        Sort Key: c
	        ->  Bitmap Heap Scan on sbtest4  (cost=31.08..4020.78 rows=1039 width=121)
	              Recheck Cond: ((id >= 80637) AND (id <= 81636))
	              ->  Bitmap Index Scan on sbtest4_pkey  (cost=0.00..30.82 rows=1039 width=0)
	                    Index Cond: ((id >= 80637) AND (id <= 81636))

table 5 : explain SELECT DISTINCT c FROM sbtest5 WHERE id BETWEEN 9162392 AND 9163391 ORDER BY c
	Unique  (cost=4054.03..4059.20 rows=1034 width=121)
	  ->  Sort  (cost=4054.03..4056.61 rows=1034 width=121)
	        Sort Key: c
	        ->  Bitmap Heap Scan on sbtest5  (cost=31.03..4002.25 rows=1034 width=121)
	              Recheck Cond: ((id >= 9162392) AND (id <= 9163391))
	              ->  Bitmap Index Scan on sbtest5_pkey  (cost=0.00..30.77 rows=1034 width=0)
	                    Index Cond: ((id >= 9162392) AND (id <= 9163391))

table 6 : explain SELECT DISTINCT c FROM sbtest6 WHERE id BETWEEN 24377 AND 25376 ORDER BY c
	Unique  (cost=3885.03..3889.98 rows=990 width=121)
	  ->  Sort  (cost=3885.03..3887.51 rows=990 width=121)
	        Sort Key: c
	        ->  Bitmap Heap Scan on sbtest6  (cost=30.58..3835.77 rows=990 width=121)
	              Recheck Cond: ((id >= 24377) AND (id <= 25376))
	              ->  Bitmap Index Scan on sbtest6_pkey  (cost=0.00..30.33 rows=990 width=0)
	                    Index Cond: ((id >= 24377) AND (id <= 25376))

table 7 : explain SELECT DISTINCT c FROM sbtest7 WHERE id BETWEEN 3597567 AND 3598566 ORDER BY c
	Unique  (cost=3844.87..3849.77 rows=980 width=121)
	  ->  Sort  (cost=3844.87..3847.32 rows=980 width=121)
	        Sort Key: c
	        ->  Bitmap Heap Scan on sbtest7  (cost=30.48..3796.18 rows=980 width=121)
	              Recheck Cond: ((id >= 3597567) AND (id <= 3598566))
	              ->  Bitmap Index Scan on sbtest7_pkey  (cost=0.00..30.23 rows=980 width=0)
	                    Index Cond: ((id >= 3597567) AND (id <= 3598566))

table 8 : explain SELECT DISTINCT c FROM sbtest8 WHERE id BETWEEN 3983760 AND 3984759 ORDER BY c
	Unique  (cost=3713.00..3717.72 rows=945 width=121)
	  ->  Sort  (cost=3713.00..3715.36 rows=945 width=121)
	        Sort Key: c
	        ->  Bitmap Heap Scan on sbtest8  (cost=30.12..3666.30 rows=945 width=121)
	              Recheck Cond: ((id >= 3983760) AND (id <= 3984759))
	              ->  Bitmap Index Scan on sbtest8_pkey  (cost=0.00..29.89 rows=945 width=0)
	                    Index Cond: ((id >= 3983760) AND (id <= 3984759))

for: simple_ranges
table 1 : explain SELECT c FROM sbtest1 WHERE id BETWEEN 8748321 AND 8749320
	Bitmap Heap Scan on sbtest1  (cost=31.18..4056.39 rows=1048 width=121)
	  Recheck Cond: ((id >= 8748321) AND (id <= 8749320))
	  ->  Bitmap Index Scan on sbtest1_pkey  (cost=0.00..30.91 rows=1048 width=0)
	        Index Cond: ((id >= 8748321) AND (id <= 8749320))

table 2 : explain SELECT c FROM sbtest2 WHERE id BETWEEN 7427144 AND 7428143
	Bitmap Heap Scan on sbtest2  (cost=30.64..3858.69 rows=996 width=121)
	  Recheck Cond: ((id >= 7427144) AND (id <= 7428143))
	  ->  Bitmap Index Scan on sbtest2_pkey  (cost=0.00..30.39 rows=996 width=0)
	        Index Cond: ((id >= 7427144) AND (id <= 7428143))

table 3 : explain SELECT c FROM sbtest3 WHERE id BETWEEN 7436484 AND 7437483
	Bitmap Heap Scan on sbtest3  (cost=36.21..4432.85 rows=1149 width=121)
	  Recheck Cond: ((id >= 7436484) AND (id <= 7437483))
	  ->  Bitmap Index Scan on sbtest3_pkey  (cost=0.00..35.93 rows=1149 width=0)
	        Index Cond: ((id >= 7436484) AND (id <= 7437483))

table 4 : explain SELECT c FROM sbtest4 WHERE id BETWEEN 654669 AND 655668
	Bitmap Heap Scan on sbtest4  (cost=30.29..3726.48 rows=961 width=121)
	  Recheck Cond: ((id >= 654669) AND (id <= 655668))
	  ->  Bitmap Index Scan on sbtest4_pkey  (cost=0.00..30.04 rows=961 width=0)
	        Index Cond: ((id >= 654669) AND (id <= 655668))

table 5 : explain SELECT c FROM sbtest5 WHERE id BETWEEN 336990 AND 337989
	Bitmap Heap Scan on sbtest5  (cost=30.74..3892.89 rows=1005 width=121)
	  Recheck Cond: ((id >= 336990) AND (id <= 337989))
	  ->  Bitmap Index Scan on sbtest5_pkey  (cost=0.00..30.48 rows=1005 width=0)
	        Index Cond: ((id >= 336990) AND (id <= 337989))

table 6 : explain SELECT c FROM sbtest6 WHERE id BETWEEN 1220712 AND 1221711
	Bitmap Heap Scan on sbtest6  (cost=30.77..3903.68 rows=1008 width=121)
	  Recheck Cond: ((id >= 1220712) AND (id <= 1221711))
	  ->  Bitmap Index Scan on sbtest6_pkey  (cost=0.00..30.51 rows=1008 width=0)
	        Index Cond: ((id >= 1220712) AND (id <= 1221711))

table 7 : explain SELECT c FROM sbtest7 WHERE id BETWEEN 6413644 AND 6414643
	Bitmap Heap Scan on sbtest7  (cost=30.60..3841.44 rows=992 width=121)
	  Recheck Cond: ((id >= 6413644) AND (id <= 6414643))
	  ->  Bitmap Index Scan on sbtest7_pkey  (cost=0.00..30.36 rows=992 width=0)
	        Index Cond: ((id >= 6413644) AND (id <= 6414643))

table 8 : explain SELECT c FROM sbtest8 WHERE id BETWEEN 2066707 AND 2067706
	Bitmap Heap Scan on sbtest8  (cost=35.11..4032.64 rows=1041 width=121)
	  Recheck Cond: ((id >= 2066707) AND (id <= 2067706))
	  ->  Bitmap Index Scan on sbtest8_pkey  (cost=0.00..34.84 rows=1041 width=0)
	        Index Cond: ((id >= 2066707) AND (id <= 2067706))

for: simple_ranges
table 1 : explain SELECT c FROM sbtest1 WHERE id BETWEEN 4090145 AND 4091144
	Bitmap Heap Scan on sbtest1  (cost=30.04..3637.21 rows=937 width=121)
	  Recheck Cond: ((id >= 4090145) AND (id <= 4091144))
	  ->  Bitmap Index Scan on sbtest1_pkey  (cost=0.00..29.80 rows=937 width=0)
	        Index Cond: ((id >= 4090145) AND (id <= 4091144))

table 2 : explain SELECT c FROM sbtest2 WHERE id BETWEEN 8104319 AND 8105318
	Bitmap Heap Scan on sbtest2  (cost=30.13..3669.85 rows=946 width=121)
	  Recheck Cond: ((id >= 8104319) AND (id <= 8105318))
	  ->  Bitmap Index Scan on sbtest2_pkey  (cost=0.00..29.89 rows=946 width=0)
	        Index Cond: ((id >= 8104319) AND (id <= 8105318))

table 3 : explain SELECT c FROM sbtest3 WHERE id BETWEEN 3262975 AND 3263974
	Bitmap Heap Scan on sbtest3  (cost=29.59..3467.93 rows=893 width=121)
	  Recheck Cond: ((id >= 3262975) AND (id <= 3263974))
	  ->  Bitmap Index Scan on sbtest3_pkey  (cost=0.00..29.36 rows=893 width=0)
	        Index Cond: ((id >= 3262975) AND (id <= 3263974))

table 4 : explain SELECT c FROM sbtest4 WHERE id BETWEEN 5657073 AND 5658072
	Bitmap Heap Scan on sbtest4  (cost=31.01..3994.40 rows=1032 width=121)
	  Recheck Cond: ((id >= 5657073) AND (id <= 5658072))
	  ->  Bitmap Index Scan on sbtest4_pkey  (cost=0.00..30.75 rows=1032 width=0)
	        Index Cond: ((id >= 5657073) AND (id <= 5658072))

table 5 : explain SELECT c FROM sbtest5 WHERE id BETWEEN 7822658 AND 7823657
	Bitmap Heap Scan on sbtest5  (cost=30.86..3938.16 rows=1017 width=121)
	  Recheck Cond: ((id >= 7822658) AND (id <= 7823657))
	  ->  Bitmap Index Scan on sbtest5_pkey  (cost=0.00..30.61 rows=1017 width=0)
	        Index Cond: ((id >= 7822658) AND (id <= 7823657))

table 6 : explain SELECT c FROM sbtest6 WHERE id BETWEEN 9514377 AND 9515376
	Bitmap Heap Scan on sbtest6  (cost=35.27..4092.35 rows=1057 width=121)
	  Recheck Cond: ((id >= 9514377) AND (id <= 9515376))
	  ->  Bitmap Index Scan on sbtest6_pkey  (cost=0.00..35.01 rows=1057 width=0)
	        Index Cond: ((id >= 9514377) AND (id <= 9515376))

table 7 : explain SELECT c FROM sbtest7 WHERE id BETWEEN 9320783 AND 9321782
	Bitmap Heap Scan on sbtest7  (cost=35.17..4052.65 rows=1047 width=121)
	  Recheck Cond: ((id >= 9320783) AND (id <= 9321782))
	  ->  Bitmap Index Scan on sbtest7_pkey  (cost=0.00..34.91 rows=1047 width=0)
	        Index Cond: ((id >= 9320783) AND (id <= 9321782))

table 8 : explain SELECT c FROM sbtest8 WHERE id BETWEEN 894927 AND 895926
	Bitmap Heap Scan on sbtest8  (cost=35.24..4081.62 rows=1054 width=121)
	  Recheck Cond: ((id >= 894927) AND (id <= 895926))
	  ->  Bitmap Index Scan on sbtest8_pkey  (cost=0.00..34.98 rows=1054 width=0)
	        Index Cond: ((id >= 894927) AND (id <= 895926))

for: sum_ranges
table 1 : explain SELECT SUM(k) FROM sbtest1 WHERE id BETWEEN 8183495 AND 8184494
	Aggregate  (cost=4111.81..4111.82 rows=1 width=8)
	  ->  Bitmap Heap Scan on sbtest1  (cost=31.32..4109.15 rows=1062 width=4)
	        Recheck Cond: ((id >= 8183495) AND (id <= 8184494))
	        ->  Bitmap Index Scan on sbtest1_pkey  (cost=0.00..31.05 rows=1062 width=0)
	              Index Cond: ((id >= 8183495) AND (id <= 8184494))

table 2 : explain SELECT SUM(k) FROM sbtest2 WHERE id BETWEEN 6886212 AND 6887211
	Aggregate  (cost=4023.44..4023.45 rows=1 width=8)
	  ->  Bitmap Heap Scan on sbtest2  (cost=31.08..4020.84 rows=1039 width=4)
	        Recheck Cond: ((id >= 6886212) AND (id <= 6887211))
	        ->  Bitmap Index Scan on sbtest2_pkey  (cost=0.00..30.82 rows=1039 width=0)
	              Index Cond: ((id >= 6886212) AND (id <= 6887211))

table 3 : explain SELECT SUM(k) FROM sbtest3 WHERE id BETWEEN 2840273 AND 2841272
	Aggregate  (cost=3802.92..3802.93 rows=1 width=8)
	  ->  Bitmap Heap Scan on sbtest3  (cost=30.49..3800.47 rows=981 width=4)
	        Recheck Cond: ((id >= 2840273) AND (id <= 2841272))
	        ->  Bitmap Index Scan on sbtest3_pkey  (cost=0.00..30.25 rows=981 width=0)
	              Index Cond: ((id >= 2840273) AND (id <= 2841272))

table 4 : explain SELECT SUM(k) FROM sbtest4 WHERE id BETWEEN 366577 AND 367576
	Aggregate  (cost=3717.54..3717.55 rows=1 width=8)
	  ->  Bitmap Heap Scan on sbtest4  (cost=30.25..3715.15 rows=958 width=4)
	        Recheck Cond: ((id >= 366577) AND (id <= 367576))
	        ->  Bitmap Index Scan on sbtest4_pkey  (cost=0.00..30.01 rows=958 width=0)
	              Index Cond: ((id >= 366577) AND (id <= 367576))

table 5 : explain SELECT SUM(k) FROM sbtest5 WHERE id BETWEEN 87354 AND 88353
	Aggregate  (cost=4068.94..4068.95 rows=1 width=8)
	  ->  Bitmap Heap Scan on sbtest5  (cost=31.21..4066.31 rows=1051 width=4)
	        Recheck Cond: ((id >= 87354) AND (id <= 88353))
	        ->  Bitmap Index Scan on sbtest5_pkey  (cost=0.00..30.94 rows=1051 width=0)
	              Index Cond: ((id >= 87354) AND (id <= 88353))

table 6 : explain SELECT SUM(k) FROM sbtest6 WHERE id BETWEEN 9280246 AND 9281245
	Aggregate  (cost=3970.35..3970.36 rows=1 width=8)
	  ->  Bitmap Heap Scan on sbtest6  (cost=30.94..3967.79 rows=1025 width=4)
	        Recheck Cond: ((id >= 9280246) AND (id <= 9281245))
	        ->  Bitmap Index Scan on sbtest6_pkey  (cost=0.00..30.68 rows=1025 width=0)
	              Index Cond: ((id >= 9280246) AND (id <= 9281245))

table 7 : explain SELECT SUM(k) FROM sbtest7 WHERE id BETWEEN 8541660 AND 8542659
	Aggregate  (cost=4006.06..4006.07 rows=1 width=8)
	  ->  Bitmap Heap Scan on sbtest7  (cost=31.04..4003.48 rows=1035 width=4)
	        Recheck Cond: ((id >= 8541660) AND (id <= 8542659))
	        ->  Bitmap Index Scan on sbtest7_pkey  (cost=0.00..30.79 rows=1035 width=0)
	              Index Cond: ((id >= 8541660) AND (id <= 8542659))

table 8 : explain SELECT SUM(k) FROM sbtest8 WHERE id BETWEEN 3559274 AND 3560273
	Aggregate  (cost=3551.32..3551.33 rows=1 width=8)
	  ->  Bitmap Heap Scan on sbtest8  (cost=29.80..3549.04 rows=914 width=4)
	        Recheck Cond: ((id >= 3559274) AND (id <= 3560273))
	        ->  Bitmap Index Scan on sbtest8_pkey  (cost=0.00..29.57 rows=914 width=0)
	              Index Cond: ((id >= 3559274) AND (id <= 3560273))

for: sum_ranges
table 1 : explain SELECT SUM(k) FROM sbtest1 WHERE id BETWEEN 1334737 AND 1335736
	Aggregate  (cost=3904.25..3904.26 rows=1 width=8)
	  ->  Bitmap Heap Scan on sbtest1  (cost=30.76..3901.74 rows=1007 width=4)
	        Recheck Cond: ((id >= 1334737) AND (id <= 1335736))
	        ->  Bitmap Index Scan on sbtest1_pkey  (cost=0.00..30.50 rows=1007 width=0)
	              Index Cond: ((id >= 1334737) AND (id <= 1335736))

table 2 : explain SELECT SUM(k) FROM sbtest2 WHERE id BETWEEN 6434800 AND 6435799
	Aggregate  (cost=3554.89..3554.90 rows=1 width=8)
	  ->  Bitmap Heap Scan on sbtest2  (cost=29.81..3552.61 rows=915 width=4)
	        Recheck Cond: ((id >= 6434800) AND (id <= 6435799))
	        ->  Bitmap Index Scan on sbtest2_pkey  (cost=0.00..29.58 rows=915 width=0)
	              Index Cond: ((id >= 6434800) AND (id <= 6435799))

table 3 : explain SELECT SUM(k) FROM sbtest3 WHERE id BETWEEN 2843485 AND 2844484
	Aggregate  (cost=3802.92..3802.93 rows=1 width=8)
	  ->  Bitmap Heap Scan on sbtest3  (cost=30.49..3800.47 rows=981 width=4)
	        Recheck Cond: ((id >= 2843485) AND (id <= 2844484))
	        ->  Bitmap Index Scan on sbtest3_pkey  (cost=0.00..30.25 rows=981 width=0)
	              Index Cond: ((id >= 2843485) AND (id <= 2844484))

table 4 : explain SELECT SUM(k) FROM sbtest4 WHERE id BETWEEN 8702565 AND 8703564
	Aggregate  (cost=4132.68..4132.69 rows=1 width=8)
	  ->  Bitmap Heap Scan on sbtest4  (cost=31.38..4130.01 rows=1068 width=4)
	        Recheck Cond: ((id >= 8702565) AND (id <= 8703564))
	        ->  Bitmap Index Scan on sbtest4_pkey  (cost=0.00..31.11 rows=1068 width=0)
	              Index Cond: ((id >= 8702565) AND (id <= 8703564))

table 5 : explain SELECT SUM(k) FROM sbtest5 WHERE id BETWEEN 704023 AND 705022
	Aggregate  (cost=4129.47..4129.48 rows=1 width=8)
	  ->  Bitmap Heap Scan on sbtest5  (cost=35.36..4126.81 rows=1066 width=4)
	        Recheck Cond: ((id >= 704023) AND (id <= 705022))
	        ->  Bitmap Index Scan on sbtest5_pkey  (cost=0.00..35.09 rows=1066 width=0)
	              Index Cond: ((id >= 704023) AND (id <= 705022))

table 6 : explain SELECT SUM(k) FROM sbtest6 WHERE id BETWEEN 8733833 AND 8734832
	Aggregate  (cost=4008.06..4008.07 rows=1 width=8)
	  ->  Bitmap Heap Scan on sbtest6  (cost=31.04..4005.47 rows=1035 width=4)
	        Recheck Cond: ((id >= 8733833) AND (id <= 8734832))
	        ->  Bitmap Index Scan on sbtest6_pkey  (cost=0.00..30.79 rows=1035 width=0)
	              Index Cond: ((id >= 8733833) AND (id <= 8734832))

table 7 : explain SELECT SUM(k) FROM sbtest7 WHERE id BETWEEN 332144 AND 333143
	Aggregate  (cost=3587.03..3587.04 rows=1 width=8)
	  ->  Bitmap Heap Scan on sbtest7  (cost=29.91..3584.72 rows=924 width=4)
	        Recheck Cond: ((id >= 332144) AND (id <= 333143))
	        ->  Bitmap Index Scan on sbtest7_pkey  (cost=0.00..29.68 rows=924 width=0)
	              Index Cond: ((id >= 332144) AND (id <= 333143))

table 8 : explain SELECT SUM(k) FROM sbtest8 WHERE id BETWEEN 9265755 AND 9266754
	Aggregate  (cost=3861.43..3861.44 rows=1 width=8)
	  ->  Bitmap Heap Scan on sbtest8  (cost=30.64..3858.94 rows=996 width=4)
	        Recheck Cond: ((id >= 9265755) AND (id <= 9266754))
	        ->  Bitmap Index Scan on sbtest8_pkey  (cost=0.00..30.39 rows=996 width=0)
	              Index Cond: ((id >= 9265755) AND (id <= 9266754))

for: sum_ranges
table 1 : explain SELECT SUM(k) FROM sbtest1 WHERE id BETWEEN 3561043 AND 3562042
	Aggregate  (cost=4296.64..4296.65 rows=1 width=8)
	  ->  Bitmap Heap Scan on sbtest1  (cost=35.81..4293.87 rows=1110 width=4)
	        Recheck Cond: ((id >= 3561043) AND (id <= 3562042))
	        ->  Bitmap Index Scan on sbtest1_pkey  (cost=0.00..35.54 rows=1110 width=0)
	              Index Cond: ((id >= 3561043) AND (id <= 3562042))

table 2 : explain SELECT SUM(k) FROM sbtest2 WHERE id BETWEEN 4241925 AND 4242924
	Aggregate  (cost=3876.29..3876.30 rows=1 width=8)
	  ->  Bitmap Heap Scan on sbtest2  (cost=30.68..3873.79 rows=1000 width=4)
	        Recheck Cond: ((id >= 4241925) AND (id <= 4242924))
	        ->  Bitmap Index Scan on sbtest2_pkey  (cost=0.00..30.43 rows=1000 width=0)
	              Index Cond: ((id >= 4241925) AND (id <= 4242924))

table 3 : explain SELECT SUM(k) FROM sbtest3 WHERE id BETWEEN 9835930 AND 9836929
	Aggregate  (cost=3946.30..3946.31 rows=1 width=8)
	  ->  Bitmap Heap Scan on sbtest3  (cost=30.88..3943.75 rows=1019 width=4)
	        Recheck Cond: ((id >= 9835930) AND (id <= 9836929))
	        ->  Bitmap Index Scan on sbtest3_pkey  (cost=0.00..30.62 rows=1019 width=0)
	              Index Cond: ((id >= 9835930) AND (id <= 9836929))

table 4 : explain SELECT SUM(k) FROM sbtest4 WHERE id BETWEEN 3130446 AND 3131445
	Aggregate  (cost=3815.80..3815.81 rows=1 width=8)
	  ->  Bitmap Heap Scan on sbtest4  (cost=30.52..3813.34 rows=984 width=4)
	        Recheck Cond: ((id >= 3130446) AND (id <= 3131445))
	        ->  Bitmap Index Scan on sbtest4_pkey  (cost=0.00..30.27 rows=984 width=0)
	              Index Cond: ((id >= 3130446) AND (id <= 3131445))

table 5 : explain SELECT SUM(k) FROM sbtest5 WHERE id BETWEEN 1925798 AND 1926797
	Aggregate  (cost=3736.73..3736.74 rows=1 width=8)
	  ->  Bitmap Heap Scan on sbtest5  (cost=30.31..3734.32 rows=963 width=4)
	        Recheck Cond: ((id >= 1925798) AND (id <= 1926797))
	        ->  Bitmap Index Scan on sbtest5_pkey  (cost=0.00..30.07 rows=963 width=0)
	              Index Cond: ((id >= 1925798) AND (id <= 1926797))

table 6 : explain SELECT SUM(k) FROM sbtest6 WHERE id BETWEEN 6548205 AND 6549204
	Aggregate  (cost=3679.52..3679.53 rows=1 width=8)
	  ->  Bitmap Heap Scan on sbtest6  (cost=30.15..3677.15 rows=948 width=4)
	        Recheck Cond: ((id >= 6548205) AND (id <= 6549204))
	        ->  Bitmap Index Scan on sbtest6_pkey  (cost=0.00..29.91 rows=948 width=0)
	              Index Cond: ((id >= 6548205) AND (id <= 6549204))

table 7 : explain SELECT SUM(k) FROM sbtest7 WHERE id BETWEEN 4367950 AND 4368949
	Aggregate  (cost=4123.05..4123.06 rows=1 width=8)
	  ->  Bitmap Heap Scan on sbtest7  (cost=35.35..4120.38 rows=1065 width=4)
	        Recheck Cond: ((id >= 4367950) AND (id <= 4368949))
	        ->  Bitmap Index Scan on sbtest7_pkey  (cost=0.00..35.09 rows=1065 width=0)
	              Index Cond: ((id >= 4367950) AND (id <= 4368949))

table 8 : explain SELECT SUM(k) FROM sbtest8 WHERE id BETWEEN 3982610 AND 3983609
	Aggregate  (cost=3668.66..3668.67 rows=1 width=8)
	  ->  Bitmap Heap Scan on sbtest8  (cost=30.12..3666.30 rows=945 width=4)
	        Recheck Cond: ((id >= 3982610) AND (id <= 3983609))
	        ->  Bitmap Index Scan on sbtest8_pkey  (cost=0.00..29.89 rows=945 width=0)
	              Index Cond: ((id >= 3982610) AND (id <= 3983609))

for: order_ranges
table 1 : explain SELECT c FROM sbtest1 WHERE id BETWEEN 50692 AND 51691 ORDER BY c
	Sort  (cost=3671.94..3674.27 rows=934 width=121)
	  Sort Key: c
	  ->  Bitmap Heap Scan on sbtest1  (cost=30.01..3625.86 rows=934 width=121)
	        Recheck Cond: ((id >= 50692) AND (id <= 51691))
	        ->  Bitmap Index Scan on sbtest1_pkey  (cost=0.00..29.77 rows=934 width=0)
	              Index Cond: ((id >= 50692) AND (id <= 51691))

table 2 : explain SELECT c FROM sbtest2 WHERE id BETWEEN 7312712 AND 7313711 ORDER BY c
	Sort  (cost=4126.63..4129.26 rows=1052 width=121)
	  Sort Key: c
	  ->  Bitmap Heap Scan on sbtest2  (cost=35.22..4073.82 rows=1052 width=121)
	        Recheck Cond: ((id >= 7312712) AND (id <= 7313711))
	        ->  Bitmap Index Scan on sbtest2_pkey  (cost=0.00..34.95 rows=1052 width=0)
	              Index Cond: ((id >= 7312712) AND (id <= 7313711))

table 3 : explain SELECT c FROM sbtest3 WHERE id BETWEEN 7302087 AND 7303086 ORDER BY c
	Sort  (cost=4109.38..4112.00 rows=1049 width=121)
	  Sort Key: c
	  ->  Bitmap Heap Scan on sbtest3  (cost=31.19..4056.74 rows=1049 width=121)
	        Recheck Cond: ((id >= 7302087) AND (id <= 7303086))
	        ->  Bitmap Index Scan on sbtest3_pkey  (cost=0.00..30.93 rows=1049 width=0)
	              Index Cond: ((id >= 7302087) AND (id <= 7303086))

table 4 : explain SELECT c FROM sbtest4 WHERE id BETWEEN 8442688 AND 8443687 ORDER BY c
	Sort  (cost=3843.10..3845.55 rows=979 width=121)
	  Sort Key: c
	  ->  Bitmap Heap Scan on sbtest4  (cost=30.47..3794.47 rows=979 width=121)
	        Recheck Cond: ((id >= 8442688) AND (id <= 8443687))
	        ->  Bitmap Index Scan on sbtest4_pkey  (cost=0.00..30.22 rows=979 width=0)
	              Index Cond: ((id >= 8442688) AND (id <= 8443687))

table 5 : explain SELECT c FROM sbtest5 WHERE id BETWEEN 2728533 AND 2729532 ORDER BY c
	Sort  (cost=3828.06..3830.49 rows=975 width=121)
	  Sort Key: c
	  ->  Bitmap Heap Scan on sbtest5  (cost=30.43..3779.65 rows=975 width=121)
	        Recheck Cond: ((id >= 2728533) AND (id <= 2729532))
	        ->  Bitmap Index Scan on sbtest5_pkey  (cost=0.00..30.18 rows=975 width=0)
	              Index Cond: ((id >= 2728533) AND (id <= 2729532))

table 6 : explain SELECT c FROM sbtest6 WHERE id BETWEEN 9073291 AND 9074290 ORDER BY c
	Sort  (cost=4172.20..4174.86 rows=1064 width=121)
	  Sort Key: c
	  ->  Bitmap Heap Scan on sbtest6  (cost=35.34..4118.70 rows=1064 width=121)
	        Recheck Cond: ((id >= 9073291) AND (id <= 9074290))
	        ->  Bitmap Index Scan on sbtest6_pkey  (cost=0.00..35.08 rows=1064 width=0)
	              Index Cond: ((id >= 9073291) AND (id <= 9074290))

table 7 : explain SELECT c FROM sbtest7 WHERE id BETWEEN 9142606 AND 9143605 ORDER BY c
	Sort  (cost=3798.91..3801.33 rows=968 width=121)
	  Sort Key: c
	  ->  Bitmap Heap Scan on sbtest7  (cost=30.36..3750.91 rows=968 width=121)
	        Recheck Cond: ((id >= 9142606) AND (id <= 9143605))
	        ->  Bitmap Index Scan on sbtest7_pkey  (cost=0.00..30.11 rows=968 width=0)
	              Index Cond: ((id >= 9142606) AND (id <= 9143605))

table 8 : explain SELECT c FROM sbtest8 WHERE id BETWEEN 4328610 AND 4329609 ORDER BY c
	Sort  (cost=3912.37..3914.86 rows=997 width=121)
	  Sort Key: c
	  ->  Bitmap Heap Scan on sbtest8  (cost=30.65..3862.71 rows=997 width=121)
	        Recheck Cond: ((id >= 4328610) AND (id <= 4329609))
	        ->  Bitmap Index Scan on sbtest8_pkey  (cost=0.00..30.40 rows=997 width=0)
	              Index Cond: ((id >= 4328610) AND (id <= 4329609))

for: order_ranges
table 1 : explain SELECT c FROM sbtest1 WHERE id BETWEEN 9506976 AND 9507975 ORDER BY c
	Sort  (cost=3994.11..3996.65 rows=1018 width=121)
	  Sort Key: c
	  ->  Bitmap Heap Scan on sbtest1  (cost=30.87..3943.25 rows=1018 width=121)
	        Recheck Cond: ((id >= 9506976) AND (id <= 9507975))
	        ->  Bitmap Index Scan on sbtest1_pkey  (cost=0.00..30.61 rows=1018 width=0)
	              Index Cond: ((id >= 9506976) AND (id <= 9507975))

table 2 : explain SELECT c FROM sbtest2 WHERE id BETWEEN 5603404 AND 5604403 ORDER BY c
	Sort  (cost=3958.08..3960.60 rows=1009 width=121)
	  Sort Key: c
	  ->  Bitmap Heap Scan on sbtest2  (cost=30.78..3907.74 rows=1009 width=121)
	        Recheck Cond: ((id >= 5603404) AND (id <= 5604403))
	        ->  Bitmap Index Scan on sbtest2_pkey  (cost=0.00..30.52 rows=1009 width=0)
	              Index Cond: ((id >= 5603404) AND (id <= 5604403))

table 3 : explain SELECT c FROM sbtest3 WHERE id BETWEEN 1792733 AND 1793732 ORDER BY c
	Sort  (cost=4373.00..4375.79 rows=1117 width=121)
	  Sort Key: c
	  ->  Bitmap Heap Scan on sbtest3  (cost=35.88..4316.45 rows=1117 width=121)
	        Recheck Cond: ((id >= 1792733) AND (id <= 1793732))
	        ->  Bitmap Index Scan on sbtest3_pkey  (cost=0.00..35.61 rows=1117 width=0)
	              Index Cond: ((id >= 1792733) AND (id <= 1793732))

table 4 : explain SELECT c FROM sbtest4 WHERE id BETWEEN 1504712 AND 1505711 ORDER BY c
	Sort  (cost=3988.65..3991.19 rows=1017 width=121)
	  Sort Key: c
	  ->  Bitmap Heap Scan on sbtest4  (cost=30.86..3937.85 rows=1017 width=121)
	        Recheck Cond: ((id >= 1504712) AND (id <= 1505711))
	        ->  Bitmap Index Scan on sbtest4_pkey  (cost=0.00..30.61 rows=1017 width=0)
	              Index Cond: ((id >= 1504712) AND (id <= 1505711))

table 5 : explain SELECT c FROM sbtest5 WHERE id BETWEEN 3282939 AND 3283938 ORDER BY c
	Sort  (cost=4031.07..4033.64 rows=1028 width=121)
	  Sort Key: c
	  ->  Bitmap Heap Scan on sbtest5  (cost=30.97..3979.64 rows=1028 width=121)
	        Recheck Cond: ((id >= 3282939) AND (id <= 3283938))
	        ->  Bitmap Index Scan on sbtest5_pkey  (cost=0.00..30.71 rows=1028 width=0)
	              Index Cond: ((id >= 3282939) AND (id <= 3283938))

table 6 : explain SELECT c FROM sbtest6 WHERE id BETWEEN 4551533 AND 4552532 ORDER BY c
	Sort  (cost=3731.70..3734.07 rows=950 width=121)
	  Sort Key: c
	  ->  Bitmap Heap Scan on sbtest6  (cost=30.17..3684.71 rows=950 width=121)
	        Recheck Cond: ((id >= 4551533) AND (id <= 4552532))
	        ->  Bitmap Index Scan on sbtest6_pkey  (cost=0.00..29.93 rows=950 width=0)
	              Index Cond: ((id >= 4551533) AND (id <= 4552532))

table 7 : explain SELECT c FROM sbtest7 WHERE id BETWEEN 3719049 AND 3720048 ORDER BY c
	Sort  (cost=4181.57..4184.24 rows=1067 width=121)
	  Sort Key: c
	  ->  Bitmap Heap Scan on sbtest7  (cost=35.37..4127.91 rows=1067 width=121)
	        Recheck Cond: ((id >= 3719049) AND (id <= 3720048))
	        ->  Bitmap Index Scan on sbtest7_pkey  (cost=0.00..35.11 rows=1067 width=0)
	              Index Cond: ((id >= 3719049) AND (id <= 3720048))

table 8 : explain SELECT c FROM sbtest8 WHERE id BETWEEN 3197276 AND 3198275 ORDER BY c
	Sort  (cost=3916.20..3918.69 rows=998 width=121)
	  Sort Key: c
	  ->  Bitmap Heap Scan on sbtest8  (cost=30.66..3866.48 rows=998 width=121)
	        Recheck Cond: ((id >= 3197276) AND (id <= 3198275))
	        ->  Bitmap Index Scan on sbtest8_pkey  (cost=0.00..30.41 rows=998 width=0)
	              Index Cond: ((id >= 3197276) AND (id <= 3198275))

for: order_ranges
table 1 : explain SELECT c FROM sbtest1 WHERE id BETWEEN 8570875 AND 8571874 ORDER BY c
	Sort  (cost=3783.26..3785.67 rows=963 width=121)
	  Sort Key: c
	  ->  Bitmap Heap Scan on sbtest1  (cost=30.31..3735.53 rows=963 width=121)
	        Recheck Cond: ((id >= 8570875) AND (id <= 8571874))
	        ->  Bitmap Index Scan on sbtest1_pkey  (cost=0.00..30.07 rows=963 width=0)
	              Index Cond: ((id >= 8570875) AND (id <= 8571874))

table 2 : explain SELECT c FROM sbtest2 WHERE id BETWEEN 9422919 AND 9423918 ORDER BY c
	Sort  (cost=3908.29..3910.78 rows=996 width=121)
	  Sort Key: c
	  ->  Bitmap Heap Scan on sbtest2  (cost=30.64..3858.69 rows=996 width=121)
	        Recheck Cond: ((id >= 9422919) AND (id <= 9423918))
	        ->  Bitmap Index Scan on sbtest2_pkey  (cost=0.00..30.39 rows=996 width=0)
	              Index Cond: ((id >= 9422919) AND (id <= 9423918))

table 3 : explain SELECT c FROM sbtest3 WHERE id BETWEEN 6432773 AND 6433772 ORDER BY c
	Sort  (cost=3492.49..3494.71 rows=888 width=121)
	  Sort Key: c
	  ->  Bitmap Heap Scan on sbtest3  (cost=29.54..3449.00 rows=888 width=121)
	        Recheck Cond: ((id >= 6432773) AND (id <= 6433772))
	        ->  Bitmap Index Scan on sbtest3_pkey  (cost=0.00..29.32 rows=888 width=0)
	              Index Cond: ((id >= 6432773) AND (id <= 6433772))

table 4 : explain SELECT c FROM sbtest4 WHERE id BETWEEN 2304859 AND 2305858 ORDER BY c
	Sort  (cost=3428.46..3430.64 rows=871 width=121)
	  Sort Key: c
	  ->  Bitmap Heap Scan on sbtest4  (cost=29.36..3385.93 rows=871 width=121)
	        Recheck Cond: ((id >= 2304859) AND (id <= 2305858))
	        ->  Bitmap Index Scan on sbtest4_pkey  (cost=0.00..29.14 rows=871 width=0)
	              Index Cond: ((id >= 2304859) AND (id <= 2305858))

table 5 : explain SELECT c FROM sbtest5 WHERE id BETWEEN 4396097 AND 4397096 ORDER BY c
	Sort  (cost=3931.52..3934.02 rows=1002 width=121)
	  Sort Key: c
	  ->  Bitmap Heap Scan on sbtest5  (cost=30.71..3881.57 rows=1002 width=121)
	        Recheck Cond: ((id >= 4396097) AND (id <= 4397096))
	        ->  Bitmap Index Scan on sbtest5_pkey  (cost=0.00..30.45 rows=1002 width=0)
	              Index Cond: ((id >= 4396097) AND (id <= 4397096))

table 6 : explain SELECT c FROM sbtest6 WHERE id BETWEEN 2976518 AND 2977517 ORDER BY c
	Sort  (cost=4176.02..4178.68 rows=1065 width=121)
	  Sort Key: c
	  ->  Bitmap Heap Scan on sbtest6  (cost=35.35..4122.47 rows=1065 width=121)
	        Recheck Cond: ((id >= 2976518) AND (id <= 2977517))
	        ->  Bitmap Index Scan on sbtest6_pkey  (cost=0.00..35.09 rows=1065 width=0)
	              Index Cond: ((id >= 2976518) AND (id <= 2977517))

table 7 : explain SELECT c FROM sbtest7 WHERE id BETWEEN 8012116 AND 8013115 ORDER BY c
	Sort  (cost=3971.18..3973.71 rows=1013 width=121)
	  Sort Key: c
	  ->  Bitmap Heap Scan on sbtest7  (cost=30.82..3920.61 rows=1013 width=121)
	        Recheck Cond: ((id >= 8012116) AND (id <= 8013115))
	        ->  Bitmap Index Scan on sbtest7_pkey  (cost=0.00..30.57 rows=1013 width=0)
	              Index Cond: ((id >= 8012116) AND (id <= 8013115))

table 8 : explain SELECT c FROM sbtest8 WHERE id BETWEEN 4278904 AND 4279903 ORDER BY c
	Sort  (cost=4440.19..4443.03 rows=1135 width=121)
	  Sort Key: c
	  ->  Bitmap Heap Scan on sbtest8  (cost=36.07..4382.60 rows=1135 width=121)
	        Recheck Cond: ((id >= 4278904) AND (id <= 4279903))
	        ->  Bitmap Index Scan on sbtest8_pkey  (cost=0.00..35.79 rows=1135 width=0)
	              Index Cond: ((id >= 4278904) AND (id <= 4279903))

for: sum_ranges
table 1 : explain SELECT SUM(k) FROM sbtest1 WHERE id BETWEEN 240335 AND 241334
	Aggregate  (cost=3707.68..3707.69 rows=1 width=8)
	  ->  Bitmap Heap Scan on sbtest1  (cost=30.22..3705.29 rows=955 width=4)
	        Recheck Cond: ((id >= 240335) AND (id <= 241334))
	        ->  Bitmap Index Scan on sbtest1_pkey  (cost=0.00..29.98 rows=955 width=0)
	              Index Cond: ((id >= 240335) AND (id <= 241334))

table 2 : explain SELECT SUM(k) FROM sbtest2 WHERE id BETWEEN 4596324 AND 4597323
	Aggregate  (cost=3785.63..3785.64 rows=1 width=8)
	  ->  Bitmap Heap Scan on sbtest2  (cost=30.44..3783.19 rows=976 width=4)
	        Recheck Cond: ((id >= 4596324) AND (id <= 4597323))
	        ->  Bitmap Index Scan on sbtest2_pkey  (cost=0.00..30.19 rows=976 width=0)
	              Index Cond: ((id >= 4596324) AND (id <= 4597323))

table 3 : explain SELECT SUM(k) FROM sbtest3 WHERE id BETWEEN 9797968 AND 9798967
	Aggregate  (cost=3719.83..3719.84 rows=1 width=8)
	  ->  Bitmap Heap Scan on sbtest3  (cost=30.26..3717.43 rows=959 width=4)
	        Recheck Cond: ((id >= 9797968) AND (id <= 9798967))
	        ->  Bitmap Index Scan on sbtest3_pkey  (cost=0.00..30.02 rows=959 width=0)
	              Index Cond: ((id >= 9797968) AND (id <= 9798967))

table 4 : explain SELECT SUM(k) FROM sbtest4 WHERE id BETWEEN 8665635 AND 8666634
	Aggregate  (cost=4049.77..4049.78 rows=1 width=8)
	  ->  Bitmap Heap Scan on sbtest4  (cost=31.16..4047.16 rows=1046 width=4)
	        Recheck Cond: ((id >= 8665635) AND (id <= 8666634))
	        ->  Bitmap Index Scan on sbtest4_pkey  (cost=0.00..30.89 rows=1046 width=0)
	              Index Cond: ((id >= 8665635) AND (id <= 8666634))

table 5 : explain SELECT SUM(k) FROM sbtest5 WHERE id BETWEEN 5256510 AND 5257509
	Aggregate  (cost=4061.40..4061.41 rows=1 width=8)
	  ->  Bitmap Heap Scan on sbtest5  (cost=31.19..4058.78 rows=1049 width=4)
	        Recheck Cond: ((id >= 5256510) AND (id <= 5257509))
	        ->  Bitmap Index Scan on sbtest5_pkey  (cost=0.00..30.93 rows=1049 width=0)
	              Index Cond: ((id >= 5256510) AND (id <= 5257509))

table 6 : explain SELECT SUM(k) FROM sbtest6 WHERE id BETWEEN 7740582 AND 7741581
	Aggregate  (cost=3331.03..3331.04 rows=1 width=8)
	  ->  Bitmap Heap Scan on sbtest6  (cost=29.21..3328.89 rows=856 width=4)
	        Recheck Cond: ((id >= 7740582) AND (id <= 7741581))
	        ->  Bitmap Index Scan on sbtest6_pkey  (cost=0.00..29.00 rows=856 width=0)
	              Index Cond: ((id >= 7740582) AND (id <= 7741581))

table 7 : explain SELECT SUM(k) FROM sbtest7 WHERE id BETWEEN 4477798 AND 4478797
	Aggregate  (cost=3813.73..3813.74 rows=1 width=8)
	  ->  Bitmap Heap Scan on sbtest7  (cost=30.52..3811.27 rows=984 width=4)
	        Recheck Cond: ((id >= 4477798) AND (id <= 4478797))
	        ->  Bitmap Index Scan on sbtest7_pkey  (cost=0.00..30.27 rows=984 width=0)
	              Index Cond: ((id >= 4477798) AND (id <= 4478797))

table 8 : explain SELECT SUM(k) FROM sbtest8 WHERE id BETWEEN 1197007 AND 1198006
	Aggregate  (cost=3812.32..3812.33 rows=1 width=8)
	  ->  Bitmap Heap Scan on sbtest8  (cost=30.51..3809.86 rows=983 width=4)
	        Recheck Cond: ((id >= 1197007) AND (id <= 1198006))
	        ->  Bitmap Index Scan on sbtest8_pkey  (cost=0.00..30.26 rows=983 width=0)
	              Index Cond: ((id >= 1197007) AND (id <= 1198006))

for: sum_ranges
table 1 : explain SELECT SUM(k) FROM sbtest1 WHERE id BETWEEN 2610817 AND 2611816
	Aggregate  (cost=3968.45..3968.46 rows=1 width=8)
	  ->  Bitmap Heap Scan on sbtest1  (cost=30.93..3965.89 rows=1024 width=4)
	        Recheck Cond: ((id >= 2610817) AND (id <= 2611816))
	        ->  Bitmap Index Scan on sbtest1_pkey  (cost=0.00..30.68 rows=1024 width=0)
	              Index Cond: ((id >= 2610817) AND (id <= 2611816))

table 2 : explain SELECT SUM(k) FROM sbtest2 WHERE id BETWEEN 1431380 AND 1432379
	Aggregate  (cost=3604.11..3604.12 rows=1 width=8)
	  ->  Bitmap Heap Scan on sbtest2  (cost=29.95..3601.79 rows=928 width=4)
	        Recheck Cond: ((id >= 1431380) AND (id <= 1432379))
	        ->  Bitmap Index Scan on sbtest2_pkey  (cost=0.00..29.71 rows=928 width=0)
	              Index Cond: ((id >= 1431380) AND (id <= 1432379))

table 3 : explain SELECT SUM(k) FROM sbtest3 WHERE id BETWEEN 9262507 AND 9263506
	Aggregate  (cost=3719.83..3719.84 rows=1 width=8)
	  ->  Bitmap Heap Scan on sbtest3  (cost=30.26..3717.43 rows=959 width=4)
	        Recheck Cond: ((id >= 9262507) AND (id <= 9263506))
	        ->  Bitmap Index Scan on sbtest3_pkey  (cost=0.00..30.02 rows=959 width=0)
	              Index Cond: ((id >= 9262507) AND (id <= 9263506))

table 4 : explain SELECT SUM(k) FROM sbtest4 WHERE id BETWEEN 8752959 AND 8753958
	Aggregate  (cost=4140.44..4140.45 rows=1 width=8)
	  ->  Bitmap Heap Scan on sbtest4  (cost=35.39..4137.77 rows=1069 width=4)
	        Recheck Cond: ((id >= 8752959) AND (id <= 8753958))
	        ->  Bitmap Index Scan on sbtest4_pkey  (cost=0.00..35.12 rows=1069 width=0)
	              Index Cond: ((id >= 8752959) AND (id <= 8753958))

table 5 : explain SELECT SUM(k) FROM sbtest5 WHERE id BETWEEN 8391483 AND 8392482
	Aggregate  (cost=3751.85..3751.86 rows=1 width=8)
	  ->  Bitmap Heap Scan on sbtest5  (cost=30.35..3749.43 rows=967 width=4)
	        Recheck Cond: ((id >= 8391483) AND (id <= 8392482))
	        ->  Bitmap Index Scan on sbtest5_pkey  (cost=0.00..30.11 rows=967 width=0)
	              Index Cond: ((id >= 8391483) AND (id <= 8392482))

table 6 : explain SELECT SUM(k) FROM sbtest6 WHERE id BETWEEN 1915724 AND 1916723
	Aggregate  (cost=3634.13..3634.14 rows=1 width=8)
	  ->  Bitmap Heap Scan on sbtest6  (cost=30.03..3631.79 rows=936 width=4)
	        Recheck Cond: ((id >= 1915724) AND (id <= 1916723))
	        ->  Bitmap Index Scan on sbtest6_pkey  (cost=0.00..29.79 rows=936 width=0)
	              Index Cond: ((id >= 1915724) AND (id <= 1916723))

table 7 : explain SELECT SUM(k) FROM sbtest7 WHERE id BETWEEN 4093704 AND 4094703
	Aggregate  (cost=3855.24..3855.25 rows=1 width=8)
	  ->  Bitmap Heap Scan on sbtest7  (cost=30.63..3852.76 rows=995 width=4)
	        Recheck Cond: ((id >= 4093704) AND (id <= 4094703))
	        ->  Bitmap Index Scan on sbtest7_pkey  (cost=0.00..30.39 rows=995 width=0)
	              Index Cond: ((id >= 4093704) AND (id <= 4094703))

table 8 : explain SELECT SUM(k) FROM sbtest8 WHERE id BETWEEN 3708319 AND 3709318
	Aggregate  (cost=4054.10..4054.11 rows=1 width=8)
	  ->  Bitmap Heap Scan on sbtest8  (cost=35.16..4051.48 rows=1046 width=4)
	        Recheck Cond: ((id >= 3708319) AND (id <= 3709318))
	        ->  Bitmap Index Scan on sbtest8_pkey  (cost=0.00..34.90 rows=1046 width=0)
	              Index Cond: ((id >= 3708319) AND (id <= 3709318))

for: distinct_ranges
table 1 : explain SELECT DISTINCT c FROM sbtest1 WHERE id BETWEEN 6294936 AND 6295935 ORDER BY c
	Unique  (cost=3614.32..3618.91 rows=919 width=121)
	  ->  Sort  (cost=3614.32..3616.62 rows=919 width=121)
	        Sort Key: c
	        ->  Bitmap Heap Scan on sbtest1  (cost=29.85..3569.09 rows=919 width=121)
	              Recheck Cond: ((id >= 6294936) AND (id <= 6295935))
	              ->  Bitmap Index Scan on sbtest1_pkey  (cost=0.00..29.62 rows=919 width=0)
	                    Index Cond: ((id >= 6294936) AND (id <= 6295935))

table 2 : explain SELECT DISTINCT c FROM sbtest2 WHERE id BETWEEN 4597102 AND 4598101 ORDER BY c
	Unique  (cost=3831.66..3836.54 rows=976 width=121)
	  ->  Sort  (cost=3831.66..3834.10 rows=976 width=121)
	        Sort Key: c
	        ->  Bitmap Heap Scan on sbtest2  (cost=30.44..3783.19 rows=976 width=121)
	              Recheck Cond: ((id >= 4597102) AND (id <= 4598101))
	              ->  Bitmap Index Scan on sbtest2_pkey  (cost=0.00..30.19 rows=976 width=0)
	                    Index Cond: ((id >= 4597102) AND (id <= 4598101))

table 3 : explain SELECT DISTINCT c FROM sbtest3 WHERE id BETWEEN 4318325 AND 4319324 ORDER BY c
	Unique  (cost=3872.19..3877.13 rows=987 width=121)
	  ->  Sort  (cost=3872.19..3874.66 rows=987 width=121)
	        Sort Key: c
	        ->  Bitmap Heap Scan on sbtest3  (cost=30.55..3823.10 rows=987 width=121)
	              Recheck Cond: ((id >= 4318325) AND (id <= 4319324))
	              ->  Bitmap Index Scan on sbtest3_pkey  (cost=0.00..30.30 rows=987 width=0)
	                    Index Cond: ((id >= 4318325) AND (id <= 4319324))

table 4 : explain SELECT DISTINCT c FROM sbtest4 WHERE id BETWEEN 1288144 AND 1289143 ORDER BY c
	Unique  (cost=3662.83..3667.49 rows=932 width=121)
	  ->  Sort  (cost=3662.83..3665.16 rows=932 width=121)
	        Sort Key: c
	        ->  Bitmap Heap Scan on sbtest4  (cost=29.99..3616.86 rows=932 width=121)
	              Recheck Cond: ((id >= 1288144) AND (id <= 1289143))
	              ->  Bitmap Index Scan on sbtest4_pkey  (cost=0.00..29.75 rows=932 width=0)
	                    Index Cond: ((id >= 1288144) AND (id <= 1289143))

table 5 : explain SELECT DISTINCT c FROM sbtest5 WHERE id BETWEEN 9494974 AND 9495973 ORDER BY c
	Unique  (cost=3617.03..3621.63 rows=920 width=121)
	  ->  Sort  (cost=3617.03..3619.33 rows=920 width=121)
	        Sort Key: c
	        ->  Bitmap Heap Scan on sbtest5  (cost=29.87..3571.74 rows=920 width=121)
	              Recheck Cond: ((id >= 9494974) AND (id <= 9495973))
	              ->  Bitmap Index Scan on sbtest5_pkey  (cost=0.00..29.64 rows=920 width=0)
	                    Index Cond: ((id >= 9494974) AND (id <= 9495973))

table 6 : explain SELECT DISTINCT c FROM sbtest6 WHERE id BETWEEN 2563406 AND 2564405 ORDER BY c
	Unique  (cost=4118.50..4123.75 rows=1051 width=121)
	  ->  Sort  (cost=4118.50..4121.13 rows=1051 width=121)
	        Sort Key: c
	        ->  Bitmap Heap Scan on sbtest6  (cost=31.21..4065.75 rows=1051 width=121)
	              Recheck Cond: ((id >= 2563406) AND (id <= 2564405))
	              ->  Bitmap Index Scan on sbtest6_pkey  (cost=0.00..30.94 rows=1051 width=0)
	                    Index Cond: ((id >= 2563406) AND (id <= 2564405))

table 7 : explain SELECT DISTINCT c FROM sbtest7 WHERE id BETWEEN 267673 AND 268672 ORDER BY c
	Unique  (cost=3825.73..3830.60 rows=975 width=121)
	  ->  Sort  (cost=3825.73..3828.16 rows=975 width=121)
	        Sort Key: c
	        ->  Bitmap Heap Scan on sbtest7  (cost=30.43..3777.32 rows=975 width=121)
	              Recheck Cond: ((id >= 267673) AND (id <= 268672))
	              ->  Bitmap Index Scan on sbtest7_pkey  (cost=0.00..30.18 rows=975 width=0)
	                    Index Cond: ((id >= 267673) AND (id <= 268672))

table 8 : explain SELECT DISTINCT c FROM sbtest8 WHERE id BETWEEN 2067051 AND 2068050 ORDER BY c
	Unique  (cost=4084.81..4090.02 rows=1041 width=121)
	  ->  Sort  (cost=4084.81..4087.42 rows=1041 width=121)
	        Sort Key: c
	        ->  Bitmap Heap Scan on sbtest8  (cost=35.11..4032.64 rows=1041 width=121)
	              Recheck Cond: ((id >= 2067051) AND (id <= 2068050))
	              ->  Bitmap Index Scan on sbtest8_pkey  (cost=0.00..34.84 rows=1041 width=0)
	                    Index Cond: ((id >= 2067051) AND (id <= 2068050))

for: distinct_ranges
table 1 : explain SELECT DISTINCT c FROM sbtest1 WHERE id BETWEEN 3341501 AND 3342500 ORDER BY c
	Unique  (cost=3852.30..3857.21 rows=981 width=121)
	  ->  Sort  (cost=3852.30..3854.75 rows=981 width=121)
	        Sort Key: c
	        ->  Bitmap Heap Scan on sbtest1  (cost=30.49..3803.56 rows=981 width=121)
	              Recheck Cond: ((id >= 3341501) AND (id <= 3342500))
	              ->  Bitmap Index Scan on sbtest1_pkey  (cost=0.00..30.25 rows=981 width=0)
	                    Index Cond: ((id >= 3341501) AND (id <= 3342500))

table 2 : explain SELECT DISTINCT c FROM sbtest2 WHERE id BETWEEN 5601954 AND 5602953 ORDER BY c
	Unique  (cost=3958.08..3963.13 rows=1009 width=121)
	  ->  Sort  (cost=3958.08..3960.60 rows=1009 width=121)
	        Sort Key: c
	        ->  Bitmap Heap Scan on sbtest2  (cost=30.78..3907.74 rows=1009 width=121)
	              Recheck Cond: ((id >= 5601954) AND (id <= 5602953))
	              ->  Bitmap Index Scan on sbtest2_pkey  (cost=0.00..30.52 rows=1009 width=0)
	                    Index Cond: ((id >= 5601954) AND (id <= 5602953))

table 3 : explain SELECT DISTINCT c FROM sbtest3 WHERE id BETWEEN 7478318 AND 7479317 ORDER BY c
	Unique  (cost=4491.26..4497.00 rows=1149 width=121)
	  ->  Sort  (cost=4491.26..4494.13 rows=1149 width=121)
	        Sort Key: c
	        ->  Bitmap Heap Scan on sbtest3  (cost=36.21..4432.85 rows=1149 width=121)
	              Recheck Cond: ((id >= 7478318) AND (id <= 7479317))
	              ->  Bitmap Index Scan on sbtest3_pkey  (cost=0.00..35.93 rows=1149 width=0)
	                    Index Cond: ((id >= 7478318) AND (id <= 7479317))

table 4 : explain SELECT DISTINCT c FROM sbtest4 WHERE id BETWEEN 7476641 AND 7477640 ORDER BY c
	Unique  (cost=3831.60..3836.48 rows=976 width=121)
	  ->  Sort  (cost=3831.60..3834.04 rows=976 width=121)
	        Sort Key: c
	        ->  Bitmap Heap Scan on sbtest4  (cost=30.44..3783.14 rows=976 width=121)
	              Recheck Cond: ((id >= 7476641) AND (id <= 7477640))
	              ->  Bitmap Index Scan on sbtest4_pkey  (cost=0.00..30.19 rows=976 width=0)
	                    Index Cond: ((id >= 7476641) AND (id <= 7477640))

table 5 : explain SELECT DISTINCT c FROM sbtest5 WHERE id BETWEEN 9831284 AND 9832283 ORDER BY c
	Unique  (cost=3939.18..3944.20 rows=1004 width=121)
	  ->  Sort  (cost=3939.18..3941.69 rows=1004 width=121)
	        Sort Key: c
	        ->  Bitmap Heap Scan on sbtest5  (cost=30.73..3889.12 rows=1004 width=121)
	              Recheck Cond: ((id >= 9831284) AND (id <= 9832283))
	              ->  Bitmap Index Scan on sbtest5_pkey  (cost=0.00..30.47 rows=1004 width=0)
	                    Index Cond: ((id >= 9831284) AND (id <= 9832283))

table 6 : explain SELECT DISTINCT c FROM sbtest6 WHERE id BETWEEN 5152514 AND 5153513 ORDER BY c
	Unique  (cost=3927.16..3932.17 rows=1001 width=121)
	  ->  Sort  (cost=3927.16..3929.67 rows=1001 width=121)
	        Sort Key: c
	        ->  Bitmap Heap Scan on sbtest6  (cost=30.70..3877.28 rows=1001 width=121)
	              Recheck Cond: ((id >= 5152514) AND (id <= 5153513))
	              ->  Bitmap Index Scan on sbtest6_pkey  (cost=0.00..30.44 rows=1001 width=0)
	                    Index Cond: ((id >= 5152514) AND (id <= 5153513))

table 7 : explain SELECT DISTINCT c FROM sbtest7 WHERE id BETWEEN 621100 AND 622099 ORDER BY c
	Unique  (cost=4062.95..4068.14 rows=1037 width=121)
	  ->  Sort  (cost=4062.95..4065.54 rows=1037 width=121)
	        Sort Key: c
	        ->  Bitmap Heap Scan on sbtest7  (cost=31.06..4011.01 rows=1037 width=121)
	              Recheck Cond: ((id >= 621100) AND (id <= 622099))
	              ->  Bitmap Index Scan on sbtest7_pkey  (cost=0.00..30.80 rows=1037 width=0)
	                    Index Cond: ((id >= 621100) AND (id <= 622099))

table 8 : explain SELECT DISTINCT c FROM sbtest8 WHERE id BETWEEN 1079169 AND 1080168 ORDER BY c
	Unique  (cost=3728.35..3733.09 rows=949 width=121)
	  ->  Sort  (cost=3728.35..3730.72 rows=949 width=121)
	        Sort Key: c
	        ->  Bitmap Heap Scan on sbtest8  (cost=30.16..3681.42 rows=949 width=121)
	              Recheck Cond: ((id >= 1079169) AND (id <= 1080168))
	              ->  Bitmap Index Scan on sbtest8_pkey  (cost=0.00..29.93 rows=949 width=0)
	                    Index Cond: ((id >= 1079169) AND (id <= 1080168))

for: distinct_ranges
table 1 : explain SELECT DISTINCT c FROM sbtest1 WHERE id BETWEEN 9162744 AND 9163743 ORDER BY c
	Unique  (cost=4212.43..4217.80 rows=1074 width=121)
	  ->  Sort  (cost=4212.43..4215.11 rows=1074 width=121)
	        Sort Key: c
	        ->  Bitmap Heap Scan on sbtest1  (cost=35.44..4158.36 rows=1074 width=121)
	              Recheck Cond: ((id >= 9162744) AND (id <= 9163743))
	              ->  Bitmap Index Scan on sbtest1_pkey  (cost=0.00..35.18 rows=1074 width=0)
	                    Index Cond: ((id >= 9162744) AND (id <= 9163743))

table 2 : explain SELECT DISTINCT c FROM sbtest2 WHERE id BETWEEN 7639595 AND 7640594 ORDER BY c
	Unique  (cost=4203.08..4208.44 rows=1072 width=121)
	  ->  Sort  (cost=4203.08..4205.76 rows=1072 width=121)
	        Sort Key: c
	        ->  Bitmap Heap Scan on sbtest2  (cost=35.42..4149.13 rows=1072 width=121)
	              Recheck Cond: ((id >= 7639595) AND (id <= 7640594))
	              ->  Bitmap Index Scan on sbtest2_pkey  (cost=0.00..35.16 rows=1072 width=0)
	                    Index Cond: ((id >= 7639595) AND (id <= 7640594))

table 3 : explain SELECT DISTINCT c FROM sbtest3 WHERE id BETWEEN 1456136 AND 1457135 ORDER BY c
	Unique  (cost=3745.76..3750.53 rows=954 width=121)
	  ->  Sort  (cost=3745.76..3748.14 rows=954 width=121)
	        Sort Key: c
	        ->  Bitmap Heap Scan on sbtest3  (cost=30.21..3698.55 rows=954 width=121)
	              Recheck Cond: ((id >= 1456136) AND (id <= 1457135))
	              ->  Bitmap Index Scan on sbtest3_pkey  (cost=0.00..29.97 rows=954 width=0)
	                    Index Cond: ((id >= 1456136) AND (id <= 1457135))

table 4 : explain SELECT DISTINCT c FROM sbtest4 WHERE id BETWEEN 2736903 AND 2737902 ORDER BY c
	Unique  (cost=3889.08..3894.04 rows=991 width=121)
	  ->  Sort  (cost=3889.08..3891.56 rows=991 width=121)
	        Sort Key: c
	        ->  Bitmap Heap Scan on sbtest4  (cost=30.59..3839.77 rows=991 width=121)
	              Recheck Cond: ((id >= 2736903) AND (id <= 2737902))
	              ->  Bitmap Index Scan on sbtest4_pkey  (cost=0.00..30.34 rows=991 width=0)
	                    Index Cond: ((id >= 2736903) AND (id <= 2737902))

table 5 : explain SELECT DISTINCT c FROM sbtest5 WHERE id BETWEEN 2189682 AND 2190681 ORDER BY c
	Unique  (cost=3916.19..3921.18 rows=998 width=121)
	  ->  Sort  (cost=3916.19..3918.69 rows=998 width=121)
	        Sort Key: c
	        ->  Bitmap Heap Scan on sbtest5  (cost=30.66..3866.48 rows=998 width=121)
	              Recheck Cond: ((id >= 2189682) AND (id <= 2190681))
	              ->  Bitmap Index Scan on sbtest5_pkey  (cost=0.00..30.41 rows=998 width=0)
	                    Index Cond: ((id >= 2189682) AND (id <= 2190681))

table 6 : explain SELECT DISTINCT c FROM sbtest6 WHERE id BETWEEN 9954510 AND 9955509 ORDER BY c
	Unique  (cost=4042.00..4047.16 rows=1031 width=121)
	  ->  Sort  (cost=4042.00..4044.58 rows=1031 width=121)
	        Sort Key: c
	        ->  Bitmap Heap Scan on sbtest6  (cost=31.00..3990.40 rows=1031 width=121)
	              Recheck Cond: ((id >= 9954510) AND (id <= 9955509))
	              ->  Bitmap Index Scan on sbtest6_pkey  (cost=0.00..30.75 rows=1031 width=0)
	                    Index Cond: ((id >= 9954510) AND (id <= 9955509))

table 7 : explain SELECT DISTINCT c FROM sbtest7 WHERE id BETWEEN 4986316 AND 4987315 ORDER BY c
	Unique  (cost=3745.27..3750.04 rows=954 width=121)
	  ->  Sort  (cost=3745.27..3747.65 rows=954 width=121)
	        Sort Key: c
	        ->  Bitmap Heap Scan on sbtest7  (cost=30.21..3698.06 rows=954 width=121)
	              Recheck Cond: ((id >= 4986316) AND (id <= 4987315))
	              ->  Bitmap Index Scan on sbtest7_pkey  (cost=0.00..29.97 rows=954 width=0)
	                    Index Cond: ((id >= 4986316) AND (id <= 4987315))

table 8 : explain SELECT DISTINCT c FROM sbtest8 WHERE id BETWEEN 5194989 AND 5195988 ORDER BY c
	Unique  (cost=3743.69..3748.46 rows=953 width=121)
	  ->  Sort  (cost=3743.69..3746.07 rows=953 width=121)
	        Sort Key: c
	        ->  Bitmap Heap Scan on sbtest8  (cost=30.20..3696.54 rows=953 width=121)
	              Recheck Cond: ((id >= 5194989) AND (id <= 5195988))
	              ->  Bitmap Index Scan on sbtest8_pkey  (cost=0.00..29.96 rows=953 width=0)
	                    Index Cond: ((id >= 5194989) AND (id <= 5195988))

for: order_ranges
table 1 : explain SELECT c FROM sbtest1 WHERE id BETWEEN 2553900 AND 2554899 ORDER BY c
	Sort  (cost=4166.36..4169.01 rows=1063 width=121)
	  Sort Key: c
	  ->  Bitmap Heap Scan on sbtest1  (cost=31.33..4112.92 rows=1063 width=121)
	        Recheck Cond: ((id >= 2553900) AND (id <= 2554899))
	        ->  Bitmap Index Scan on sbtest1_pkey  (cost=0.00..31.07 rows=1063 width=0)
	              Index Cond: ((id >= 2553900) AND (id <= 2554899))

table 2 : explain SELECT c FROM sbtest2 WHERE id BETWEEN 7176890 AND 7177889 ORDER BY c
	Sort  (cost=3881.48..3883.95 rows=989 width=121)
	  Sort Key: c
	  ->  Bitmap Heap Scan on sbtest2  (cost=30.57..3832.27 rows=989 width=121)
	        Recheck Cond: ((id >= 7176890) AND (id <= 7177889))
	        ->  Bitmap Index Scan on sbtest2_pkey  (cost=0.00..30.32 rows=989 width=0)
	              Index Cond: ((id >= 7176890) AND (id <= 7177889))

table 3 : explain SELECT c FROM sbtest3 WHERE id BETWEEN 7092876 AND 7093875 ORDER BY c
	Sort  (cost=3964.06..3966.59 rows=1011 width=121)
	  Sort Key: c
	  ->  Bitmap Heap Scan on sbtest3  (cost=30.80..3913.60 rows=1011 width=121)
	        Recheck Cond: ((id >= 7092876) AND (id <= 7093875))
	        ->  Bitmap Index Scan on sbtest3_pkey  (cost=0.00..30.54 rows=1011 width=0)
	              Index Cond: ((id >= 7092876) AND (id <= 7093875))

table 4 : explain SELECT c FROM sbtest4 WHERE id BETWEEN 8509705 AND 8510704 ORDER BY c
	Sort  (cost=3739.57..3741.95 rows=952 width=121)
	  Sort Key: c
	  ->  Bitmap Heap Scan on sbtest4  (cost=30.19..3692.47 rows=952 width=121)
	        Recheck Cond: ((id >= 8509705) AND (id <= 8510704))
	        ->  Bitmap Index Scan on sbtest4_pkey  (cost=0.00..29.95 rows=952 width=0)
	              Index Cond: ((id >= 8509705) AND (id <= 8510704))

table 5 : explain SELECT c FROM sbtest5 WHERE id BETWEEN 4834284 AND 4835283 ORDER BY c
	Sort  (cost=3874.05..3876.52 rows=987 width=121)
	  Sort Key: c
	  ->  Bitmap Heap Scan on sbtest5  (cost=30.55..3824.96 rows=987 width=121)
	        Recheck Cond: ((id >= 4834284) AND (id <= 4835283))
	        ->  Bitmap Index Scan on sbtest5_pkey  (cost=0.00..30.30 rows=987 width=0)
	              Index Cond: ((id >= 4834284) AND (id <= 4835283))

table 6 : explain SELECT c FROM sbtest6 WHERE id BETWEEN 3277709 AND 3278708 ORDER BY c
	Sort  (cost=3885.03..3887.51 rows=990 width=121)
	  Sort Key: c
	  ->  Bitmap Heap Scan on sbtest6  (cost=30.58..3835.77 rows=990 width=121)
	        Recheck Cond: ((id >= 3277709) AND (id <= 3278708))
	        ->  Bitmap Index Scan on sbtest6_pkey  (cost=0.00..30.33 rows=990 width=0)
	              Index Cond: ((id >= 3277709) AND (id <= 3278708))

table 7 : explain SELECT c FROM sbtest7 WHERE id BETWEEN 634071 AND 635070 ORDER BY c
	Sort  (cost=4062.95..4065.54 rows=1037 width=121)
	  Sort Key: c
	  ->  Bitmap Heap Scan on sbtest7  (cost=31.06..4011.01 rows=1037 width=121)
	        Recheck Cond: ((id >= 634071) AND (id <= 635070))
	        ->  Bitmap Index Scan on sbtest7_pkey  (cost=0.00..30.80 rows=1037 width=0)
	              Index Cond: ((id >= 634071) AND (id <= 635070))

table 8 : explain SELECT c FROM sbtest8 WHERE id BETWEEN 6827565 AND 6828564 ORDER BY c
	Sort  (cost=4199.53..4202.21 rows=1071 width=121)
	  Sort Key: c
	  ->  Bitmap Heap Scan on sbtest8  (cost=35.41..4145.64 rows=1071 width=121)
	        Recheck Cond: ((id >= 6827565) AND (id <= 6828564))
	        ->  Bitmap Index Scan on sbtest8_pkey  (cost=0.00..35.15 rows=1071 width=0)
	              Index Cond: ((id >= 6827565) AND (id <= 6828564))

for: order_ranges
table 1 : explain SELECT c FROM sbtest1 WHERE id BETWEEN 2933383 AND 2934382 ORDER BY c
	Sort  (cost=3871.47..3873.94 rows=986 width=121)
	  Sort Key: c
	  ->  Bitmap Heap Scan on sbtest1  (cost=30.54..3822.44 rows=986 width=121)
	        Recheck Cond: ((id >= 2933383) AND (id <= 2934382))
	        ->  Bitmap Index Scan on sbtest1_pkey  (cost=0.00..30.29 rows=986 width=0)
	              Index Cond: ((id >= 2933383) AND (id <= 2934382))

table 2 : explain SELECT c FROM sbtest2 WHERE id BETWEEN 5694385 AND 5695384 ORDER BY c
	Sort  (cost=4241.30..4244.00 rows=1082 width=121)
	  Sort Key: c
	  ->  Bitmap Heap Scan on sbtest2  (cost=35.53..4186.77 rows=1082 width=121)
	        Recheck Cond: ((id >= 5694385) AND (id <= 5695384))
	        ->  Bitmap Index Scan on sbtest2_pkey  (cost=0.00..35.26 rows=1082 width=0)
	              Index Cond: ((id >= 5694385) AND (id <= 5695384))

table 3 : explain SELECT c FROM sbtest3 WHERE id BETWEEN 3859974 AND 3860973 ORDER BY c
	Sort  (cost=4032.92..4035.49 rows=1029 width=121)
	  Sort Key: c
	  ->  Bitmap Heap Scan on sbtest3  (cost=30.98..3981.43 rows=1029 width=121)
	        Recheck Cond: ((id >= 3859974) AND (id <= 3860973))
	        ->  Bitmap Index Scan on sbtest3_pkey  (cost=0.00..30.72 rows=1029 width=0)
	              Index Cond: ((id >= 3859974) AND (id <= 3860973))

table 4 : explain SELECT c FROM sbtest4 WHERE id BETWEEN 7204649 AND 7205648 ORDER BY c
	Sort  (cost=3843.10..3845.55 rows=979 width=121)
	  Sort Key: c
	  ->  Bitmap Heap Scan on sbtest4  (cost=30.47..3794.47 rows=979 width=121)
	        Recheck Cond: ((id >= 7204649) AND (id <= 7205648))
	        ->  Bitmap Index Scan on sbtest4_pkey  (cost=0.00..30.22 rows=979 width=0)
	              Index Cond: ((id >= 7204649) AND (id <= 7205648))

table 5 : explain SELECT c FROM sbtest5 WHERE id BETWEEN 321827 AND 322826 ORDER BY c
	Sort  (cost=3943.01..3945.52 rows=1005 width=121)
	  Sort Key: c
	  ->  Bitmap Heap Scan on sbtest5  (cost=30.74..3892.89 rows=1005 width=121)
	        Recheck Cond: ((id >= 321827) AND (id <= 322826))
	        ->  Bitmap Index Scan on sbtest5_pkey  (cost=0.00..30.48 rows=1005 width=0)
	              Index Cond: ((id >= 321827) AND (id <= 322826))

table 6 : explain SELECT c FROM sbtest6 WHERE id BETWEEN 1835383 AND 1836382 ORDER BY c
	Sort  (cost=4160.73..4163.38 rows=1061 width=121)
	  Sort Key: c
	  ->  Bitmap Heap Scan on sbtest6  (cost=35.31..4107.41 rows=1061 width=121)
	        Recheck Cond: ((id >= 1835383) AND (id <= 1836382))
	        ->  Bitmap Index Scan on sbtest6_pkey  (cost=0.00..35.05 rows=1061 width=0)
	              Index Cond: ((id >= 1835383) AND (id <= 1836382))

table 7 : explain SELECT c FROM sbtest7 WHERE id BETWEEN 3488684 AND 3489683 ORDER BY c
	Sort  (cost=4128.10..4130.73 rows=1053 width=121)
	  Sort Key: c
	  ->  Bitmap Heap Scan on sbtest7  (cost=35.23..4075.23 rows=1053 width=121)
	        Recheck Cond: ((id >= 3488684) AND (id <= 3489683))
	        ->  Bitmap Index Scan on sbtest7_pkey  (cost=0.00..34.97 rows=1053 width=0)
	              Index Cond: ((id >= 3488684) AND (id <= 3489683))

table 8 : explain SELECT c FROM sbtest8 WHERE id BETWEEN 3176053 AND 3177052 ORDER BY c
	Sort  (cost=3912.37..3914.86 rows=997 width=121)
	  Sort Key: c
	  ->  Bitmap Heap Scan on sbtest8  (cost=30.65..3862.71 rows=997 width=121)
	        Recheck Cond: ((id >= 3176053) AND (id <= 3177052))
	        ->  Bitmap Index Scan on sbtest8_pkey  (cost=0.00..30.40 rows=997 width=0)
	              Index Cond: ((id >= 3176053) AND (id <= 3177052))

for: distinct_ranges
table 1 : explain SELECT DISTINCT c FROM sbtest1 WHERE id BETWEEN 7942430 AND 7943429 ORDER BY c
	Unique  (cost=3917.48..3922.47 rows=998 width=121)
	  ->  Sort  (cost=3917.48..3919.97 rows=998 width=121)
	        Sort Key: c
	        ->  Bitmap Heap Scan on sbtest1  (cost=30.66..3867.76 rows=998 width=121)
	              Recheck Cond: ((id >= 7942430) AND (id <= 7943429))
	              ->  Bitmap Index Scan on sbtest1_pkey  (cost=0.00..30.41 rows=998 width=0)
	                    Index Cond: ((id >= 7942430) AND (id <= 7943429))

table 2 : explain SELECT DISTINCT c FROM sbtest2 WHERE id BETWEEN 8082909 AND 8083908 ORDER BY c
	Unique  (cost=4310.05..4315.55 rows=1100 width=121)
	  ->  Sort  (cost=4310.05..4312.80 rows=1100 width=121)
	        Sort Key: c
	        ->  Bitmap Heap Scan on sbtest2  (cost=35.71..4254.48 rows=1100 width=121)
	              Recheck Cond: ((id >= 8082909) AND (id <= 8083908))
	              ->  Bitmap Index Scan on sbtest2_pkey  (cost=0.00..35.44 rows=1100 width=0)
	                    Index Cond: ((id >= 8082909) AND (id <= 8083908))

table 3 : explain SELECT DISTINCT c FROM sbtest3 WHERE id BETWEEN 8411275 AND 8412274 ORDER BY c
	Unique  (cost=3772.59..3777.39 rows=961 width=121)
	  ->  Sort  (cost=3772.59..3774.99 rows=961 width=121)
	        Sort Key: c
	        ->  Bitmap Heap Scan on sbtest3  (cost=30.29..3724.98 rows=961 width=121)
	              Recheck Cond: ((id >= 8411275) AND (id <= 8412274))
	              ->  Bitmap Index Scan on sbtest3_pkey  (cost=0.00..30.04 rows=961 width=0)
	                    Index Cond: ((id >= 8411275) AND (id <= 8412274))

table 4 : explain SELECT DISTINCT c FROM sbtest4 WHERE id BETWEEN 6245768 AND 6246767 ORDER BY c
	Unique  (cost=3873.76..3878.69 rows=987 width=121)
	  ->  Sort  (cost=3873.76..3876.22 rows=987 width=121)
	        Sort Key: c
	        ->  Bitmap Heap Scan on sbtest4  (cost=30.55..3824.67 rows=987 width=121)
	              Recheck Cond: ((id >= 6245768) AND (id <= 6246767))
	              ->  Bitmap Index Scan on sbtest4_pkey  (cost=0.00..30.30 rows=987 width=0)
	                    Index Cond: ((id >= 6245768) AND (id <= 6246767))

table 5 : explain SELECT DISTINCT c FROM sbtest5 WHERE id BETWEEN 6978969 AND 6979968 ORDER BY c
	Unique  (cost=3759.03..3763.82 rows=957 width=121)
	  ->  Sort  (cost=3759.03..3761.42 rows=957 width=121)
	        Sort Key: c
	        ->  Bitmap Heap Scan on sbtest5  (cost=30.24..3711.65 rows=957 width=121)
	              Recheck Cond: ((id >= 6978969) AND (id <= 6979968))
	              ->  Bitmap Index Scan on sbtest5_pkey  (cost=0.00..30.00 rows=957 width=0)
	                    Index Cond: ((id >= 6978969) AND (id <= 6979968))

table 6 : explain SELECT DISTINCT c FROM sbtest6 WHERE id BETWEEN 9198051 AND 9199050 ORDER BY c
	Unique  (cost=4091.73..4096.95 rows=1044 width=121)
	  ->  Sort  (cost=4091.73..4094.34 rows=1044 width=121)
	        Sort Key: c
	        ->  Bitmap Heap Scan on sbtest6  (cost=31.14..4039.38 rows=1044 width=121)
	              Recheck Cond: ((id >= 9198051) AND (id <= 9199050))
	              ->  Bitmap Index Scan on sbtest6_pkey  (cost=0.00..30.87 rows=1044 width=0)
	                    Index Cond: ((id >= 9198051) AND (id <= 9199050))

table 7 : explain SELECT DISTINCT c FROM sbtest7 WHERE id BETWEEN 7567187 AND 7568186 ORDER BY c
	Unique  (cost=4147.20..4152.49 rows=1058 width=121)
	  ->  Sort  (cost=4147.20..4149.84 rows=1058 width=121)
	        Sort Key: c
	        ->  Bitmap Heap Scan on sbtest7  (cost=35.28..4094.05 rows=1058 width=121)
	              Recheck Cond: ((id >= 7567187) AND (id <= 7568186))
	              ->  Bitmap Index Scan on sbtest7_pkey  (cost=0.00..35.02 rows=1058 width=0)
	                    Index Cond: ((id >= 7567187) AND (id <= 7568186))

table 8 : explain SELECT DISTINCT c FROM sbtest8 WHERE id BETWEEN 8501122 AND 8502121 ORDER BY c
	Unique  (cost=3870.22..3875.15 rows=986 width=121)
	  ->  Sort  (cost=3870.22..3872.69 rows=986 width=121)
	        Sort Key: c
	        ->  Bitmap Heap Scan on sbtest8  (cost=30.54..3821.19 rows=986 width=121)
	              Recheck Cond: ((id >= 8501122) AND (id <= 8502121))
	              ->  Bitmap Index Scan on sbtest8_pkey  (cost=0.00..30.29 rows=986 width=0)
	                    Index Cond: ((id >= 8501122) AND (id <= 8502121))

for: distinct_ranges
table 1 : explain SELECT DISTINCT c FROM sbtest1 WHERE id BETWEEN 2598432 AND 2599431 ORDER BY c
	Unique  (cost=4017.09..4022.21 rows=1024 width=121)
	  ->  Sort  (cost=4017.09..4019.65 rows=1024 width=121)
	        Sort Key: c
	        ->  Bitmap Heap Scan on sbtest1  (cost=30.93..3965.89 rows=1024 width=121)
	              Recheck Cond: ((id >= 2598432) AND (id <= 2599431))
	              ->  Bitmap Index Scan on sbtest1_pkey  (cost=0.00..30.68 rows=1024 width=0)
	                    Index Cond: ((id >= 2598432) AND (id <= 2599431))

table 2 : explain SELECT DISTINCT c FROM sbtest2 WHERE id BETWEEN 3587980 AND 3588979 ORDER BY c
	Unique  (cost=4038.47..4043.62 rows=1030 width=121)
	  ->  Sort  (cost=4038.47..4041.04 rows=1030 width=121)
	        Sort Key: c
	        ->  Bitmap Heap Scan on sbtest2  (cost=30.99..3986.92 rows=1030 width=121)
	              Recheck Cond: ((id >= 3587980) AND (id <= 3588979))
	              ->  Bitmap Index Scan on sbtest2_pkey  (cost=0.00..30.73 rows=1030 width=0)
	                    Index Cond: ((id >= 3587980) AND (id <= 3588979))

table 3 : explain SELECT DISTINCT c FROM sbtest3 WHERE id BETWEEN 2491015 AND 2492014 ORDER BY c
	Unique  (cost=4415.03..4420.67 rows=1129 width=121)
	  ->  Sort  (cost=4415.03..4417.85 rows=1129 width=121)
	        Sort Key: c
	        ->  Bitmap Heap Scan on sbtest3  (cost=36.01..4357.78 rows=1129 width=121)
	              Recheck Cond: ((id >= 2491015) AND (id <= 2492014))
	              ->  Bitmap Index Scan on sbtest3_pkey  (cost=0.00..35.73 rows=1129 width=0)
	                    Index Cond: ((id >= 2491015) AND (id <= 2492014))

table 4 : explain SELECT DISTINCT c FROM sbtest4 WHERE id BETWEEN 7146164 AND 7147163 ORDER BY c
	Unique  (cost=3843.10..3847.99 rows=979 width=121)
	  ->  Sort  (cost=3843.10..3845.55 rows=979 width=121)
	        Sort Key: c
	        ->  Bitmap Heap Scan on sbtest4  (cost=30.47..3794.47 rows=979 width=121)
	              Recheck Cond: ((id >= 7146164) AND (id <= 7147163))
	              ->  Bitmap Index Scan on sbtest4_pkey  (cost=0.00..30.22 rows=979 width=0)
	                    Index Cond: ((id >= 7146164) AND (id <= 7147163))

table 5 : explain SELECT DISTINCT c FROM sbtest5 WHERE id BETWEEN 8750385 AND 8751384 ORDER BY c
	Unique  (cost=4329.42..4334.94 rows=1105 width=121)
	  ->  Sort  (cost=4329.42..4332.18 rows=1105 width=121)
	        Sort Key: c
	        ->  Bitmap Heap Scan on sbtest5  (cost=35.76..4273.56 rows=1105 width=121)
	              Recheck Cond: ((id >= 8750385) AND (id <= 8751384))
	              ->  Bitmap Index Scan on sbtest5_pkey  (cost=0.00..35.48 rows=1105 width=0)
	                    Index Cond: ((id >= 8750385) AND (id <= 8751384))

table 6 : explain SELECT DISTINCT c FROM sbtest6 WHERE id BETWEEN 6423394 AND 6424393 ORDER BY c
	Unique  (cost=3781.55..3786.37 rows=963 width=121)
	  ->  Sort  (cost=3781.55..3783.96 rows=963 width=121)
	        Sort Key: c
	        ->  Bitmap Heap Scan on sbtest6  (cost=30.31..3733.83 rows=963 width=121)
	              Recheck Cond: ((id >= 6423394) AND (id <= 6424393))
	              ->  Bitmap Index Scan on sbtest6_pkey  (cost=0.00..30.07 rows=963 width=0)
	                    Index Cond: ((id >= 6423394) AND (id <= 6424393))

table 7 : explain SELECT DISTINCT c FROM sbtest7 WHERE id BETWEEN 4382028 AND 4383027 ORDER BY c
	Unique  (cost=4173.93..4179.26 rows=1065 width=121)
	  ->  Sort  (cost=4173.93..4176.60 rows=1065 width=121)
	        Sort Key: c
	        ->  Bitmap Heap Scan on sbtest7  (cost=35.35..4120.38 rows=1065 width=121)
	              Recheck Cond: ((id >= 4382028) AND (id <= 4383027))
	              ->  Bitmap Index Scan on sbtest7_pkey  (cost=0.00..35.09 rows=1065 width=0)
	                    Index Cond: ((id >= 4382028) AND (id <= 4383027))

table 8 : explain SELECT DISTINCT c FROM sbtest8 WHERE id BETWEEN 5581967 AND 5582966 ORDER BY c
	Unique  (cost=3897.04..3902.01 rows=993 width=121)
	  ->  Sort  (cost=3897.04..3899.53 rows=993 width=121)
	        Sort Key: c
	        ->  Bitmap Heap Scan on sbtest8  (cost=30.61..3847.61 rows=993 width=121)
	              Recheck Cond: ((id >= 5581967) AND (id <= 5582966))
	              ->  Bitmap Index Scan on sbtest8_pkey  (cost=0.00..30.36 rows=993 width=0)
	                    Index Cond: ((id >= 5581967) AND (id <= 5582966))

Threads started!

Warming up for 5 seconds...

SQL statistics:
    queries performed:
        read:                            126226231
        write:                           0
        other:                           22950250
        total:                           149176481
    transactions:                        11475145 (18214.27 per sec.)
    queries:                             149176481 (236784.92 per sec.)
    ignored errors:                      0      (0.00 per sec.)
    reconnects:                          0      (0.00 per sec.)

Throughput:
    events/s (eps):                      18214.2741
    time elapsed:                        630.0087s
    total number of events:              11475145

Latency (ms):
         min:                                    0.52
         avg:                                    2.19
         max:                                   26.36
         95th percentile:                        2.35
         sum:                             25187781.62

Threads fairness:
    events (avg/stddev):           286878.3500/1528.90
    execution time (avg/stddev):   629.6945/0.01

