LUA_PATH=/home/mdcallag/git/mytools/bench/sysbench.lua/lua/?.lua /home/mdcallag/git/mytools/bench/sysbench.lua/lua/sysbench --db-driver=pgsql --range-size=100 --table-size=10000000 --tables=8 --threads=40 --events=0 --warmup-time=5 --time=630 --pgsql_conn_id=true /home/mdcallag/git/mytools/bench/sysbench.lua/lua/oltp_point_select.lua run --pgsql-user=root --pgsql-password=pw --pgsql-host=127.0.0.1 --pgsql-db=ib --rand-type=uniform --skip-trx
48 CPUs
sysbench 1.1.0-9072687 (using bundled LuaJIT 2.1.0-beta3)

Running the test with following options:
Number of threads: 40
Warmup time: 5s
Initializing random number generator from current time


Initializing worker threads...

explain: for point_selects :: explain SELECT c FROM sbtest%u WHERE id=%u
explain: for point_selects :: explain SELECT c FROM sbtest%u WHERE id=%u
explain: for point_selects :: explain SELECT c FROM sbtest%u WHERE id=%u
explain: for point_selects :: explain SELECT c FROM sbtest%u WHERE id=%u
explain: for point_selects :: explain SELECT c FROM sbtest%u WHERE id=%u
explain: for point_selects :: explain SELECT c FROM sbtest%u WHERE id=%u
explain: for point_selects :: explain SELECT c FROM sbtest%u WHERE id=%u
explain: for point_selects :: explain SELECT c FROM sbtest%u WHERE id=%u
explain: for point_selects :: explain SELECT c FROM sbtest%u WHERE id=%u
explain: for point_selects :: explain SELECT c FROM sbtest%u WHERE id=%u
explain: for point_selects :: explain SELECT c FROM sbtest%u WHERE id=%u
explain: for point_selects :: explain SELECT c FROM sbtest%u WHERE id=%u
explain: for point_selects :: explain SELECT c FROM sbtest%u WHERE id=%u
explain: for point_selects :: explain SELECT c FROM sbtest%u WHERE id=%u
explain: for point_selects :: explain SELECT c FROM sbtest%u WHERE id=%u
explain: for point_selects :: explain SELECT c FROM sbtest%u WHERE id=%u
explain: for point_selects :: explain SELECT c FROM sbtest%u WHERE id=%u
explain: for point_selects :: explain SELECT c FROM sbtest%u WHERE id=%u
explain: for point_selects :: explain SELECT c FROM sbtest%u WHERE id=%u
explain: for point_selects :: explain SELECT c FROM sbtest%u WHERE id=%u
explain: for point_selects :: explain SELECT c FROM sbtest%u WHERE id=%u
explain: for point_selects :: explain SELECT c FROM sbtest%u WHERE id=%u
explain: for point_selects :: explain SELECT c FROM sbtest%u WHERE id=%u
explain: for point_selects :: explain SELECT c FROM sbtest%u WHERE id=%u
explain: for point_selects :: explain SELECT c FROM sbtest%u WHERE id=%u
explain: for point_selects :: explain SELECT c FROM sbtest%u WHERE id=%u
for point_selects
table 1 : explain SELECT c FROM sbtest1 WHERE id=8139930
	Index Scan using sbtest1_pkey on sbtest1  (cost=0.43..8.45 rows=1 width=121)
	  Index Cond: (id = 8139930)

table 2 : explain SELECT c FROM sbtest2 WHERE id=5246499
	Index Scan using sbtest2_pkey on sbtest2  (cost=0.43..8.45 rows=1 width=121)
	  Index Cond: (id = 5246499)

table 3 : explain SELECT c FROM sbtest3 WHERE id=3566581
	Index Scan using sbtest3_pkey on sbtest3  (cost=0.43..8.45 rows=1 width=121)
	  Index Cond: (id = 3566581)

table 4 : explain SELECT c FROM sbtest4 WHERE id=1839217
	Index Scan using sbtest4_pkey on sbtest4  (cost=0.43..8.45 rows=1 width=121)
	  Index Cond: (id = 1839217)

table 5 : explain SELECT c FROM sbtest5 WHERE id=4147426
	Index Scan using sbtest5_pkey on sbtest5  (cost=0.43..8.45 rows=1 width=121)
	  Index Cond: (id = 4147426)

table 6 : explain SELECT c FROM sbtest6 WHERE id=1260645
	Index Scan using sbtest6_pkey on sbtest6  (cost=0.43..8.45 rows=1 width=121)
	  Index Cond: (id = 1260645)

table 7 : explain SELECT c FROM sbtest7 WHERE id=8861356
	Index Scan using sbtest7_pkey on sbtest7  (cost=0.43..8.45 rows=1 width=121)
	  Index Cond: (id = 8861356)

table 8 : explain SELECT c FROM sbtest8 WHERE id=8779439
	Index Scan using sbtest8_pkey on sbtest8  (cost=0.43..8.45 rows=1 width=121)
	  Index Cond: (id = 8779439)

for point_selects
table 1 : explain SELECT c FROM sbtest1 WHERE id=639699
	Index Scan using sbtest1_pkey on sbtest1  (cost=0.43..8.45 rows=1 width=121)
	  Index Cond: (id = 639699)

table 2 : explain SELECT c FROM sbtest2 WHERE id=5814746
	Index Scan using sbtest2_pkey on sbtest2  (cost=0.43..8.45 rows=1 width=121)
	  Index Cond: (id = 5814746)

table 3 : explain SELECT c FROM sbtest3 WHERE id=4233348
	Index Scan using sbtest3_pkey on sbtest3  (cost=0.43..8.45 rows=1 width=121)
	  Index Cond: (id = 4233348)

table 4 : explain SELECT c FROM sbtest4 WHERE id=476768
	Index Scan using sbtest4_pkey on sbtest4  (cost=0.43..8.45 rows=1 width=121)
	  Index Cond: (id = 476768)

table 5 : explain SELECT c FROM sbtest5 WHERE id=8913063
	Index Scan using sbtest5_pkey on sbtest5  (cost=0.43..8.45 rows=1 width=121)
	  Index Cond: (id = 8913063)

table 6 : explain SELECT c FROM sbtest6 WHERE id=6486974
	Index Scan using sbtest6_pkey on sbtest6  (cost=0.43..8.45 rows=1 width=121)
	  Index Cond: (id = 6486974)

table 7 : explain SELECT c FROM sbtest7 WHERE id=589130
	Index Scan using sbtest7_pkey on sbtest7  (cost=0.43..8.45 rows=1 width=121)
	  Index Cond: (id = 589130)

table 8 : explain SELECT c FROM sbtest8 WHERE id=4515064
	Index Scan using sbtest8_pkey on sbtest8  (cost=0.43..8.45 rows=1 width=121)
	  Index Cond: (id = 4515064)

explain: for point_selects :: explain SELECT c FROM sbtest%u WHERE id=%u
explain: for point_selects :: explain SELECT c FROM sbtest%u WHERE id=%u
explain: for point_selects :: explain SELECT c FROM sbtest%u WHERE id=%u
explain: for point_selects :: explain SELECT c FROM sbtest%u WHERE id=%u
explain: for point_selects :: explain SELECT c FROM sbtest%u WHERE id=%u
explain: for point_selects :: explain SELECT c FROM sbtest%u WHERE id=%u
for point_selects
table 1 : explain SELECT c FROM sbtest1 WHERE id=7087741
	Index Scan using sbtest1_pkey on sbtest1  (cost=0.43..8.45 rows=1 width=121)
	  Index Cond: (id = 7087741)

table 2 : explain SELECT c FROM sbtest2 WHERE id=6076784
	Index Scan using sbtest2_pkey on sbtest2  (cost=0.43..8.45 rows=1 width=121)
	  Index Cond: (id = 6076784)

table 3 : explain SELECT c FROM sbtest3 WHERE id=8710784
	Index Scan using sbtest3_pkey on sbtest3  (cost=0.43..8.45 rows=1 width=121)
	  Index Cond: (id = 8710784)

table 4 : explain SELECT c FROM sbtest4 WHERE id=7935301
	Index Scan using sbtest4_pkey on sbtest4  (cost=0.43..8.45 rows=1 width=121)
	  Index Cond: (id = 7935301)

table 5 : explain SELECT c FROM sbtest5 WHERE id=3660726
	Index Scan using sbtest5_pkey on sbtest5  (cost=0.43..8.45 rows=1 width=121)
	  Index Cond: (id = 3660726)

table 6 : explain SELECT c FROM sbtest6 WHERE id=5027841
	Index Scan using sbtest6_pkey on sbtest6  (cost=0.43..8.45 rows=1 width=121)
	  Index Cond: (id = 5027841)

table 7 : explain SELECT c FROM sbtest7 WHERE id=408461
	Index Scan using sbtest7_pkey on sbtest7  (cost=0.43..8.45 rows=1 width=121)
	  Index Cond: (id = 408461)

table 8 : explain SELECT c FROM sbtest8 WHERE id=4096745
	Index Scan using sbtest8_pkey on sbtest8  (cost=0.43..8.45 rows=1 width=121)
	  Index Cond: (id = 4096745)

explain: for point_selects :: explain SELECT c FROM sbtest%u WHERE id=%u
for point_selects
table 1 : explain SELECT c FROM sbtest1 WHERE id=538706
	Index Scan using sbtest1_pkey on sbtest1  (cost=0.43..8.45 rows=1 width=121)
	  Index Cond: (id = 538706)

table 2 : explain SELECT c FROM sbtest2 WHERE id=5091722
	Index Scan using sbtest2_pkey on sbtest2  (cost=0.43..8.45 rows=1 width=121)
	  Index Cond: (id = 5091722)

table 3 : explain SELECT c FROM sbtest3 WHERE id=2768347
	Index Scan using sbtest3_pkey on sbtest3  (cost=0.43..8.45 rows=1 width=121)
	  Index Cond: (id = 2768347)

table 4 : explain SELECT c FROM sbtest4 WHERE id=4958523
	Index Scan using sbtest4_pkey on sbtest4  (cost=0.43..8.45 rows=1 width=121)
	  Index Cond: (id = 4958523)

table 5 : explain SELECT c FROM sbtest5 WHERE id=3020297
	Index Scan using sbtest5_pkey on sbtest5  (cost=0.43..8.45 rows=1 width=121)
	  Index Cond: (id = 3020297)

table 6 : explain SELECT c FROM sbtest6 WHERE id=7897045
	Index Scan using sbtest6_pkey on sbtest6  (cost=0.43..8.45 rows=1 width=121)
	  Index Cond: (id = 7897045)

table 7 : explain SELECT c FROM sbtest7 WHERE id=816191
	Index Scan using sbtest7_pkey on sbtest7  (cost=0.43..8.45 rows=1 width=121)
	  Index Cond: (id = 816191)

table 8 : explain SELECT c FROM sbtest8 WHERE id=7366515
	Index Scan using sbtest8_pkey on sbtest8  (cost=0.43..8.45 rows=1 width=121)
	  Index Cond: (id = 7366515)

for point_selects
table 1 : explain SELECT c FROM sbtest1 WHERE id=7442452
	Index Scan using sbtest1_pkey on sbtest1  (cost=0.43..8.45 rows=1 width=121)
	  Index Cond: (id = 7442452)

table 2 : explain SELECT c FROM sbtest2 WHERE id=6150852
	Index Scan using sbtest2_pkey on sbtest2  (cost=0.43..8.45 rows=1 width=121)
	  Index Cond: (id = 6150852)

table 3 : explain SELECT c FROM sbtest3 WHERE id=1271130
	Index Scan using sbtest3_pkey on sbtest3  (cost=0.43..8.45 rows=1 width=121)
	  Index Cond: (id = 1271130)

table 4 : explain SELECT c FROM sbtest4 WHERE id=445111
	Index Scan using sbtest4_pkey on sbtest4  (cost=0.43..8.45 rows=1 width=121)
	  Index Cond: (id = 445111)

table 5 : explain SELECT c FROM sbtest5 WHERE id=2172768
	Index Scan using sbtest5_pkey on sbtest5  (cost=0.43..8.45 rows=1 width=121)
	  Index Cond: (id = 2172768)

table 6 : explain SELECT c FROM sbtest6 WHERE id=7696195
	Index Scan using sbtest6_pkey on sbtest6  (cost=0.43..8.45 rows=1 width=121)
	  Index Cond: (id = 7696195)

table 7 : explain SELECT c FROM sbtest7 WHERE id=3066263
	Index Scan using sbtest7_pkey on sbtest7  (cost=0.43..8.45 rows=1 width=121)
	  Index Cond: (id = 3066263)

table 8 : explain SELECT c FROM sbtest8 WHERE id=4089577
	Index Scan using sbtest8_pkey on sbtest8  (cost=0.43..8.45 rows=1 width=121)
	  Index Cond: (id = 4089577)

for point_selects
table 1 : explain SELECT c FROM sbtest1 WHERE id=1026091
	Index Scan using sbtest1_pkey on sbtest1  (cost=0.43..8.45 rows=1 width=121)
	  Index Cond: (id = 1026091)

table 2 : explain SELECT c FROM sbtest2 WHERE id=5555424
	Index Scan using sbtest2_pkey on sbtest2  (cost=0.43..8.45 rows=1 width=121)
	  Index Cond: (id = 5555424)

table 3 : explain SELECT c FROM sbtest3 WHERE id=9322
	Index Scan using sbtest3_pkey on sbtest3  (cost=0.43..8.45 rows=1 width=121)
	  Index Cond: (id = 9322)

table 4 : explain SELECT c FROM sbtest4 WHERE id=4642063
	Index Scan using sbtest4_pkey on sbtest4  (cost=0.43..8.45 rows=1 width=121)
	  Index Cond: (id = 4642063)

table 5 : explain SELECT c FROM sbtest5 WHERE id=7023732
	Index Scan using sbtest5_pkey on sbtest5  (cost=0.43..8.45 rows=1 width=121)
	  Index Cond: (id = 7023732)

table 6 : explain SELECT c FROM sbtest6 WHERE id=5539782
	Index Scan using sbtest6_pkey on sbtest6  (cost=0.43..8.45 rows=1 width=121)
	  Index Cond: (id = 5539782)

table 7 : explain SELECT c FROM sbtest7 WHERE id=1985343
	Index Scan using sbtest7_pkey on sbtest7  (cost=0.43..8.45 rows=1 width=121)
	  Index Cond: (id = 1985343)

table 8 : explain SELECT c FROM sbtest8 WHERE id=5112362
	Index Scan using sbtest8_pkey on sbtest8  (cost=0.43..8.45 rows=1 width=121)
	  Index Cond: (id = 5112362)

for point_selects
table 1 : explain SELECT c FROM sbtest1 WHERE id=4181536
	Index Scan using sbtest1_pkey on sbtest1  (cost=0.43..8.45 rows=1 width=121)
	  Index Cond: (id = 4181536)

table 2 : explain SELECT c FROM sbtest2 WHERE id=1774716
	Index Scan using sbtest2_pkey on sbtest2  (cost=0.43..8.45 rows=1 width=121)
	  Index Cond: (id = 1774716)

table 3 : explain SELECT c FROM sbtest3 WHERE id=9969518
	Index Scan using sbtest3_pkey on sbtest3  (cost=0.43..8.45 rows=1 width=121)
	  Index Cond: (id = 9969518)

table 4 : explain SELECT c FROM sbtest4 WHERE id=3492532
	Index Scan using sbtest4_pkey on sbtest4  (cost=0.43..8.45 rows=1 width=121)
	  Index Cond: (id = 3492532)

table 5 : explain SELECT c FROM sbtest5 WHERE id=3364108
	Index Scan using sbtest5_pkey on sbtest5  (cost=0.43..8.45 rows=1 width=121)
	  Index Cond: (id = 3364108)

table 6 : explain SELECT c FROM sbtest6 WHERE id=6451487
	Index Scan using sbtest6_pkey on sbtest6  (cost=0.43..8.45 rows=1 width=121)
	  Index Cond: (id = 6451487)

table 7 : explain SELECT c FROM sbtest7 WHERE id=7789353
	Index Scan using sbtest7_pkey on sbtest7  (cost=0.43..8.45 rows=1 width=121)
	  Index Cond: (id = 7789353)

table 8 : explain SELECT c FROM sbtest8 WHERE id=5714401
	Index Scan using sbtest8_pkey on sbtest8  (cost=0.43..8.45 rows=1 width=121)
	  Index Cond: (id = 5714401)

for point_selects
table 1 : explain SELECT c FROM sbtest1 WHERE id=8724801
	Index Scan using sbtest1_pkey on sbtest1  (cost=0.43..8.45 rows=1 width=121)
	  Index Cond: (id = 8724801)

table 2 : explain SELECT c FROM sbtest2 WHERE id=7971119
	Index Scan using sbtest2_pkey on sbtest2  (cost=0.43..8.45 rows=1 width=121)
	  Index Cond: (id = 7971119)

table 3 : explain SELECT c FROM sbtest3 WHERE id=779877
	Index Scan using sbtest3_pkey on sbtest3  (cost=0.43..8.45 rows=1 width=121)
	  Index Cond: (id = 779877)

table 4 : explain SELECT c FROM sbtest4 WHERE id=1990416
	Index Scan using sbtest4_pkey on sbtest4  (cost=0.43..8.45 rows=1 width=121)
	  Index Cond: (id = 1990416)

table 5 : explain SELECT c FROM sbtest5 WHERE id=2963073
	Index Scan using sbtest5_pkey on sbtest5  (cost=0.43..8.45 rows=1 width=121)
	  Index Cond: (id = 2963073)

table 6 : explain SELECT c FROM sbtest6 WHERE id=2200785
	Index Scan using sbtest6_pkey on sbtest6  (cost=0.43..8.45 rows=1 width=121)
	  Index Cond: (id = 2200785)

table 7 : explain SELECT c FROM sbtest7 WHERE id=3398373
	Index Scan using sbtest7_pkey on sbtest7  (cost=0.43..8.45 rows=1 width=121)
	  Index Cond: (id = 3398373)

table 8 : explain SELECT c FROM sbtest8 WHERE id=52570
	Index Scan using sbtest8_pkey on sbtest8  (cost=0.43..8.45 rows=1 width=121)
	  Index Cond: (id = 52570)
for point_selects
table 1 : explain SELECT c FROM sbtest1 WHERE id=8848211
	Index Scan using sbtest1_pkey on sbtest1  (cost=0.43..8.45 rows=1 width=121)
	  Index Cond: (id = 8848211)

table 2 : explain SELECT c FROM sbtest2 WHERE id=4867580
	Index Scan using sbtest2_pkey on sbtest2  (cost=0.43..8.45 rows=1 width=121)
	  Index Cond: (id = 4867580)

table 3 : explain SELECT c FROM sbtest3 WHERE id=3516108
	Index Scan using sbtest3_pkey on sbtest3  (cost=0.43..8.45 rows=1 width=121)
	  Index Cond: (id = 3516108)

table 4 : explain SELECT c FROM sbtest4 WHERE id=213009
	Index Scan using sbtest4_pkey on sbtest4  (cost=0.43..8.45 rows=1 width=121)
	  Index Cond: (id = 213009)

table 5 : explain SELECT c FROM sbtest5 WHERE id=8222608
	Index Scan using sbtest5_pkey on sbtest5  (cost=0.43..8.45 rows=1 width=121)
	  Index Cond: (id = 8222608)

table 6 : explain SELECT c FROM sbtest6 WHERE id=8835474
	Index Scan using sbtest6_pkey on sbtest6  (cost=0.43..8.45 rows=1 width=121)
	  Index Cond: (id = 8835474)

table 7 : explain SELECT c FROM sbtest7 WHERE id=8192287
	Index Scan using sbtest7_pkey on sbtest7  (cost=0.43..8.45 rows=1 width=121)
	  Index Cond: (id = 8192287)

table 8 : explain SELECT c FROM sbtest8 WHERE id=1146753
	Index Scan using sbtest8_pkey on sbtest8  (cost=0.43..8.45 rows=1 width=121)
	  Index Cond: (id = 1146753)
explain: for point_selects :: explain SELECT c FROM sbtest%u WHERE id=%u
for point_selects
table 1 : explain SELECT c FROM sbtest1 WHERE id=526884
	Index Scan using sbtest1_pkey on sbtest1  (cost=0.43..8.45 rows=1 width=121)
	  Index Cond: (id = 526884)

table 2 : explain SELECT c FROM sbtest2 WHERE id=4023185
	Index Scan using sbtest2_pkey on sbtest2  (cost=0.43..8.45 rows=1 width=121)
	  Index Cond: (id = 4023185)

table 3 : explain SELECT c FROM sbtest3 WHERE id=1807127
	Index Scan using sbtest3_pkey on sbtest3  (cost=0.43..8.45 rows=1 width=121)
	  Index Cond: (id = 1807127)

table 4 : explain SELECT c FROM sbtest4 WHERE id=2618499
	Index Scan using sbtest4_pkey on sbtest4  (cost=0.43..8.45 rows=1 width=121)
	  Index Cond: (id = 2618499)

table 5 : explain SELECT c FROM sbtest5 WHERE id=113346
	Index Scan using sbtest5_pkey on sbtest5  (cost=0.43..8.45 rows=1 width=121)
	  Index Cond: (id = 113346)

table 6 : explain SELECT c FROM sbtest6 WHERE id=9867963
	Index Scan using sbtest6_pkey on sbtest6  (cost=0.43..8.45 rows=1 width=121)
	  Index Cond: (id = 9867963)

table 7 : explain SELECT c FROM sbtest7 WHERE id=4325090
	Index Scan using sbtest7_pkey on sbtest7  (cost=0.43..8.45 rows=1 width=121)
	  Index Cond: (id = 4325090)

table 8 : explain SELECT c FROM sbtest8 WHERE id=5728142
	Index Scan using sbtest8_pkey on sbtest8  (cost=0.43..8.45 rows=1 width=121)
	  Index Cond: (id = 5728142)

for point_selects
table 1 : explain SELECT c FROM sbtest1 WHERE id=1940367
	Index Scan using sbtest1_pkey on sbtest1  (cost=0.43..8.45 rows=1 width=121)
	  Index Cond: (id = 1940367)

table 2 : explain SELECT c FROM sbtest2 WHERE id=4087368
	Index Scan using sbtest2_pkey on sbtest2  (cost=0.43..8.45 rows=1 width=121)
	  Index Cond: (id = 4087368)

table 3 : explain SELECT c FROM sbtest3 WHERE id=1282517
	Index Scan using sbtest3_pkey on sbtest3  (cost=0.43..8.45 rows=1 width=121)
	  Index Cond: (id = 1282517)

table 4 : explain SELECT c FROM sbtest4 WHERE id=640367
	Index Scan using sbtest4_pkey on sbtest4  (cost=0.43..8.45 rows=1 width=121)
	  Index Cond: (id = 640367)

table 5 : explain SELECT c FROM sbtest5 WHERE id=4393475
	Index Scan using sbtest5_pkey on sbtest5  (cost=0.43..8.45 rows=1 width=121)
	  Index Cond: (id = 4393475)

table 6 : explain SELECT c FROM sbtest6 WHERE id=2052489
	Index Scan using sbtest6_pkey on sbtest6  (cost=0.43..8.45 rows=1 width=121)
	  Index Cond: (id = 2052489)

table 7 : explain SELECT c FROM sbtest7 WHERE id=2802186
	Index Scan using sbtest7_pkey on sbtest7  (cost=0.43..8.45 rows=1 width=121)
	  Index Cond: (id = 2802186)

table 8 : explain SELECT c FROM sbtest8 WHERE id=3886959
	Index Scan using sbtest8_pkey on sbtest8  (cost=0.43..8.45 rows=1 width=121)
	  Index Cond: (id = 3886959)

for point_selects
table 1 : explain SELECT c FROM sbtest1 WHERE id=989839
	Index Scan using sbtest1_pkey on sbtest1  (cost=0.43..8.45 rows=1 width=121)
	  Index Cond: (id = 989839)

table 2 : explain SELECT c FROM sbtest2 WHERE id=911042
	Index Scan using sbtest2_pkey on sbtest2  (cost=0.43..8.45 rows=1 width=121)
	  Index Cond: (id = 911042)

table 3 : explain SELECT c FROM sbtest3 WHERE id=6678126
	Index Scan using sbtest3_pkey on sbtest3  (cost=0.43..8.45 rows=1 width=121)
	  Index Cond: (id = 6678126)

table 4 : explain SELECT c FROM sbtest4 WHERE id=4659881
	Index Scan using sbtest4_pkey on sbtest4  (cost=0.43..8.45 rows=1 width=121)
	  Index Cond: (id = 4659881)

table 5 : explain SELECT c FROM sbtest5 WHERE id=7441336
	Index Scan using sbtest5_pkey on sbtest5  (cost=0.43..8.45 rows=1 width=121)
	  Index Cond: (id = 7441336)

table 6 : explain SELECT c FROM sbtest6 WHERE id=3566866
	Index Scan using sbtest6_pkey on sbtest6  (cost=0.43..8.45 rows=1 width=121)
	  Index Cond: (id = 3566866)

table 7 : explain SELECT c FROM sbtest7 WHERE id=581967
	Index Scan using sbtest7_pkey on sbtest7  (cost=0.43..8.45 rows=1 width=121)
	  Index Cond: (id = 581967)

table 8 : explain SELECT c FROM sbtest8 WHERE id=681157
	Index Scan using sbtest8_pkey on sbtest8  (cost=0.43..8.45 rows=1 width=121)
	  Index Cond: (id = 681157)

for point_selects
table 1 : explain SELECT c FROM sbtest1 WHERE id=3300838
	Index Scan using sbtest1_pkey on sbtest1  (cost=0.43..8.45 rows=1 width=121)
	  Index Cond: (id = 3300838)

table 2 : explain SELECT c FROM sbtest2 WHERE id=7461534
	Index Scan using sbtest2_pkey on sbtest2  (cost=0.43..8.45 rows=1 width=121)
	  Index Cond: (id = 7461534)

table 3 : explain SELECT c FROM sbtest3 WHERE id=8376530
	Index Scan using sbtest3_pkey on sbtest3  (cost=0.43..8.45 rows=1 width=121)
	  Index Cond: (id = 8376530)

table 4 : explain SELECT c FROM sbtest4 WHERE id=3731399
	Index Scan using sbtest4_pkey on sbtest4  (cost=0.43..8.45 rows=1 width=121)
	  Index Cond: (id = 3731399)

table 5 : explain SELECT c FROM sbtest5 WHERE id=2958797
	Index Scan using sbtest5_pkey on sbtest5  (cost=0.43..8.45 rows=1 width=121)
	  Index Cond: (id = 2958797)

table 6 : explain SELECT c FROM sbtest6 WHERE id=9651189
	Index Scan using sbtest6_pkey on sbtest6  (cost=0.43..8.45 rows=1 width=121)
	  Index Cond: (id = 9651189)

table 7 : explain SELECT c FROM sbtest7 WHERE id=7098320
	Index Scan using sbtest7_pkey on sbtest7  (cost=0.43..8.45 rows=1 width=121)
	  Index Cond: (id = 7098320)

table 8 : explain SELECT c FROM sbtest8 WHERE id=5607094
	Index Scan using sbtest8_pkey on sbtest8  (cost=0.43..8.45 rows=1 width=121)
	  Index Cond: (id = 5607094)

for point_selects
table 1 : explain SELECT c FROM sbtest1 WHERE id=8470133
	Index Scan using sbtest1_pkey on sbtest1  (cost=0.43..8.45 rows=1 width=121)
	  Index Cond: (id = 8470133)

table 2 : explain SELECT c FROM sbtest2 WHERE id=6827470
	Index Scan using sbtest2_pkey on sbtest2  (cost=0.43..8.45 rows=1 width=121)
	  Index Cond: (id = 6827470)

table 3 : explain SELECT c FROM sbtest3 WHERE id=9925193
	Index Scan using sbtest3_pkey on sbtest3  (cost=0.43..8.45 rows=1 width=121)
	  Index Cond: (id = 9925193)

table 4 : explain SELECT c FROM sbtest4 WHERE id=8074849
	Index Scan using sbtest4_pkey on sbtest4  (cost=0.43..8.45 rows=1 width=121)
	  Index Cond: (id = 8074849)

table 5 : explain SELECT c FROM sbtest5 WHERE id=6876057
	Index Scan using sbtest5_pkey on sbtest5  (cost=0.43..8.45 rows=1 width=121)
	  Index Cond: (id = 6876057)

table 6 : explain SELECT c FROM sbtest6 WHERE id=6263681
	Index Scan using sbtest6_pkey on sbtest6  (cost=0.43..8.45 rows=1 width=121)
	  Index Cond: (id = 6263681)

table 7 : explain SELECT c FROM sbtest7 WHERE id=7901739
	Index Scan using sbtest7_pkey on sbtest7  (cost=0.43..8.45 rows=1 width=121)
	  Index Cond: (id = 7901739)

table 8 : explain SELECT c FROM sbtest8 WHERE id=1377248
	Index Scan using sbtest8_pkey on sbtest8  (cost=0.43..8.45 rows=1 width=121)
	  Index Cond: (id = 1377248)


for point_selects
table 1 : explain SELECT c FROM sbtest1 WHERE id=8952891
	Index Scan using sbtest1_pkey on sbtest1  (cost=0.43..8.45 rows=1 width=121)
	  Index Cond: (id = 8952891)

table 2 : explain SELECT c FROM sbtest2 WHERE id=4771086
	Index Scan using sbtest2_pkey on sbtest2  (cost=0.43..8.45 rows=1 width=121)
	  Index Cond: (id = 4771086)

table 3 : explain SELECT c FROM sbtest3 WHERE id=4472991
	Index Scan using sbtest3_pkey on sbtest3  (cost=0.43..8.45 rows=1 width=121)
	  Index Cond: (id = 4472991)

table 4 : explain SELECT c FROM sbtest4 WHERE id=4232247
	Index Scan using sbtest4_pkey on sbtest4  (cost=0.43..8.45 rows=1 width=121)
	  Index Cond: (id = 4232247)

table 5 : explain SELECT c FROM sbtest5 WHERE id=3086675
	Index Scan using sbtest5_pkey on sbtest5  (cost=0.43..8.45 rows=1 width=121)
	  Index Cond: (id = 3086675)

table 6 : explain SELECT c FROM sbtest6 WHERE id=9456070
	Index Scan using sbtest6_pkey on sbtest6  (cost=0.43..8.45 rows=1 width=121)
	  Index Cond: (id = 9456070)

table 7 : explain SELECT c FROM sbtest7 WHERE id=6443578
	Index Scan using sbtest7_pkey on sbtest7  (cost=0.43..8.45 rows=1 width=121)
	  Index Cond: (id = 6443578)

table 8 : explain SELECT c FROM sbtest8 WHERE id=1459472
	Index Scan using sbtest8_pkey on sbtest8  (cost=0.43..8.45 rows=1 width=121)
	  Index Cond: (id = 1459472)


for point_selects
table 1 : explain SELECT c FROM sbtest1 WHERE id=9145599
	Index Scan using sbtest1_pkey on sbtest1  (cost=0.43..8.45 rows=1 width=121)
	  Index Cond: (id = 9145599)

table 2 : explain SELECT c FROM sbtest2 WHERE id=6641141
	Index Scan using sbtest2_pkey on sbtest2  (cost=0.43..8.45 rows=1 width=121)
	  Index Cond: (id = 6641141)

table 3 : explain SELECT c FROM sbtest3 WHERE id=2215589
	Index Scan using sbtest3_pkey on sbtest3  (cost=0.43..8.45 rows=1 width=121)
	  Index Cond: (id = 2215589)

table 4 : explain SELECT c FROM sbtest4 WHERE id=8631478
	Index Scan using sbtest4_pkey on sbtest4  (cost=0.43..8.45 rows=1 width=121)
	  Index Cond: (id = 8631478)

table 5 : explain SELECT c FROM sbtest5 WHERE id=4462887
	Index Scan using sbtest5_pkey on sbtest5  (cost=0.43..8.45 rows=1 width=121)
	  Index Cond: (id = 4462887)

table 6 : explain SELECT c FROM sbtest6 WHERE id=187104
	Index Scan using sbtest6_pkey on sbtest6  (cost=0.43..8.45 rows=1 width=121)
	  Index Cond: (id = 187104)

table 7 : explain SELECT c FROM sbtest7 WHERE id=8222670
	Index Scan using sbtest7_pkey on sbtest7  (cost=0.43..8.45 rows=1 width=121)
	  Index Cond: (id = 8222670)

table 8 : explain SELECT c FROM sbtest8 WHERE id=8177100
	Index Scan using sbtest8_pkey on sbtest8  (cost=0.43..8.45 rows=1 width=121)
	  Index Cond: (id = 8177100)
for point_selects
table 1 : explain SELECT c FROM sbtest1 WHERE id=6167228
	Index Scan using sbtest1_pkey on sbtest1  (cost=0.43..8.45 rows=1 width=121)
	  Index Cond: (id = 6167228)

table 2 : explain SELECT c FROM sbtest2 WHERE id=405909
	Index Scan using sbtest2_pkey on sbtest2  (cost=0.43..8.45 rows=1 width=121)
	  Index Cond: (id = 405909)

table 3 : explain SELECT c FROM sbtest3 WHERE id=2771033
	Index Scan using sbtest3_pkey on sbtest3  (cost=0.43..8.45 rows=1 width=121)
	  Index Cond: (id = 2771033)

table 4 : explain SELECT c FROM sbtest4 WHERE id=1071415
	Index Scan using sbtest4_pkey on sbtest4  (cost=0.43..8.45 rows=1 width=121)
	  Index Cond: (id = 1071415)

table 5 : explain SELECT c FROM sbtest5 WHERE id=7773687
	Index Scan using sbtest5_pkey on sbtest5  (cost=0.43..8.45 rows=1 width=121)
	  Index Cond: (id = 7773687)

table 6 : explain SELECT c FROM sbtest6 WHERE id=1908695
	Index Scan using sbtest6_pkey on sbtest6  (cost=0.43..8.45 rows=1 width=121)
	  Index Cond: (id = 1908695)

table 7 : explain SELECT c FROM sbtest7 WHERE id=6356104
	Index Scan using sbtest7_pkey on sbtest7  (cost=0.43..8.45 rows=1 width=121)
	  Index Cond: (id = 6356104)

table 8 : explain SELECT c FROM sbtest8 WHERE id=9972815
	Index Scan using sbtest8_pkey on sbtest8  (cost=0.43..8.45 rows=1 width=121)
	  Index Cond: (id = 9972815)


explain: for point_selects :: explain SELECT c FROM sbtest%u WHERE id=%u
explain: for point_selects :: explain SELECT c FROM sbtest%u WHERE id=%u
explain: for point_selects :: explain SELECT c FROM sbtest%u WHERE id=%u
for point_selects
table 1 : explain SELECT c FROM sbtest1 WHERE id=2631099
	Index Scan using sbtest1_pkey on sbtest1  (cost=0.43..8.45 rows=1 width=121)
	  Index Cond: (id = 2631099)

table 2 : explain SELECT c FROM sbtest2 WHERE id=4299770
	Index Scan using sbtest2_pkey on sbtest2  (cost=0.43..8.45 rows=1 width=121)
	  Index Cond: (id = 4299770)

table 3 : explain SELECT c FROM sbtest3 WHERE id=2808766
	Index Scan using sbtest3_pkey on sbtest3  (cost=0.43..8.45 rows=1 width=121)
	  Index Cond: (id = 2808766)

table 4 : explain SELECT c FROM sbtest4 WHERE id=2897829
	Index Scan using sbtest4_pkey on sbtest4  (cost=0.43..8.45 rows=1 width=121)
	  Index Cond: (id = 2897829)

table 5 : explain SELECT c FROM sbtest5 WHERE id=579618
	Index Scan using sbtest5_pkey on sbtest5  (cost=0.43..8.45 rows=1 width=121)
	  Index Cond: (id = 579618)

table 6 : explain SELECT c FROM sbtest6 WHERE id=1461312
	Index Scan using sbtest6_pkey on sbtest6  (cost=0.43..8.45 rows=1 width=121)
	  Index Cond: (id = 1461312)

table 7 : explain SELECT c FROM sbtest7 WHERE id=9210113
	Index Scan using sbtest7_pkey on sbtest7  (cost=0.43..8.45 rows=1 width=121)
	  Index Cond: (id = 9210113)

table 8 : explain SELECT c FROM sbtest8 WHERE id=3245842
	Index Scan using sbtest8_pkey on sbtest8  (cost=0.43..8.45 rows=1 width=121)
	  Index Cond: (id = 3245842)

for point_selects
table 1 : explain SELECT c FROM sbtest1 WHERE id=2868026
	Index Scan using sbtest1_pkey on sbtest1  (cost=0.43..8.45 rows=1 width=121)
	  Index Cond: (id = 2868026)

table 2 : explain SELECT c FROM sbtest2 WHERE id=6154774
	Index Scan using sbtest2_pkey on sbtest2  (cost=0.43..8.45 rows=1 width=121)
	  Index Cond: (id = 6154774)

table 3 : explain SELECT c FROM sbtest3 WHERE id=2682519
	Index Scan using sbtest3_pkey on sbtest3  (cost=0.43..8.45 rows=1 width=121)
	  Index Cond: (id = 2682519)

table 4 : explain SELECT c FROM sbtest4 WHERE id=3435463
	Index Scan using sbtest4_pkey on sbtest4  (cost=0.43..8.45 rows=1 width=121)
	  Index Cond: (id = 3435463)

table 5 : explain SELECT c FROM sbtest5 WHERE id=7538158
	Index Scan using sbtest5_pkey on sbtest5  (cost=0.43..8.45 rows=1 width=121)
	  Index Cond: (id = 7538158)

table 6 : explain SELECT c FROM sbtest6 WHERE id=8416346
	Index Scan using sbtest6_pkey on sbtest6  (cost=0.43..8.45 rows=1 width=121)
	  Index Cond: (id = 8416346)

table 7 : explain SELECT c FROM sbtest7 WHERE id=929024
	Index Scan using sbtest7_pkey on sbtest7  (cost=0.43..8.45 rows=1 width=121)
	  Index Cond: (id = 929024)

table 8 : explain SELECT c FROM sbtest8 WHERE id=7299575
	Index Scan using sbtest8_pkey on sbtest8  (cost=0.43..8.45 rows=1 width=121)
	  Index Cond: (id = 7299575)

for point_selects
table 1 : explain SELECT c FROM sbtest1 WHERE id=3078123
	Index Scan using sbtest1_pkey on sbtest1  (cost=0.43..8.45 rows=1 width=121)
	  Index Cond: (id = 3078123)

table 2 : explain SELECT c FROM sbtest2 WHERE id=7347159
	Index Scan using sbtest2_pkey on sbtest2  (cost=0.43..8.45 rows=1 width=121)
	  Index Cond: (id = 7347159)

table 3 : explain SELECT c FROM sbtest3 WHERE id=6164653
	Index Scan using sbtest3_pkey on sbtest3  (cost=0.43..8.45 rows=1 width=121)
	  Index Cond: (id = 6164653)

table 4 : explain SELECT c FROM sbtest4 WHERE id=4389166
	Index Scan using sbtest4_pkey on sbtest4  (cost=0.43..8.45 rows=1 width=121)
	  Index Cond: (id = 4389166)

table 5 : explain SELECT c FROM sbtest5 WHERE id=949677
	Index Scan using sbtest5_pkey on sbtest5  (cost=0.43..8.45 rows=1 width=121)
	  Index Cond: (id = 949677)

table 6 : explain SELECT c FROM sbtest6 WHERE id=128716
	Index Scan using sbtest6_pkey on sbtest6  (cost=0.43..8.45 rows=1 width=121)
	  Index Cond: (id = 128716)

table 7 : explain SELECT c FROM sbtest7 WHERE id=934808
	Index Scan using sbtest7_pkey on sbtest7  (cost=0.43..8.45 rows=1 width=121)
	  Index Cond: (id = 934808)

table 8 : explain SELECT c FROM sbtest8 WHERE id=651592
	Index Scan using sbtest8_pkey on sbtest8  (cost=0.43..8.45 rows=1 width=121)
	  Index Cond: (id = 651592)

for point_selects
table 1 : explain SELECT c FROM sbtest1 WHERE id=5741643
	Index Scan using sbtest1_pkey on sbtest1  (cost=0.43..8.45 rows=1 width=121)
	  Index Cond: (id = 5741643)

table 2 : explain SELECT c FROM sbtest2 WHERE id=5837724
	Index Scan using sbtest2_pkey on sbtest2  (cost=0.43..8.45 rows=1 width=121)
	  Index Cond: (id = 5837724)

table 3 : explain SELECT c FROM sbtest3 WHERE id=3814223
	Index Scan using sbtest3_pkey on sbtest3  (cost=0.43..8.45 rows=1 width=121)
	  Index Cond: (id = 3814223)

table 4 : explain SELECT c FROM sbtest4 WHERE id=3371737
	Index Scan using sbtest4_pkey on sbtest4  (cost=0.43..8.45 rows=1 width=121)
	  Index Cond: (id = 3371737)

table 5 : explain SELECT c FROM sbtest5 WHERE id=287365
	Index Scan using sbtest5_pkey on sbtest5  (cost=0.43..8.45 rows=1 width=121)
	  Index Cond: (id = 287365)

table 6 : explain SELECT c FROM sbtest6 WHERE id=9134776
	Index Scan using sbtest6_pkey on sbtest6  (cost=0.43..8.45 rows=1 width=121)
	  Index Cond: (id = 9134776)

table 7 : explain SELECT c FROM sbtest7 WHERE id=4294076
	Index Scan using sbtest7_pkey on sbtest7  (cost=0.43..8.45 rows=1 width=121)
	  Index Cond: (id = 4294076)

table 8 : explain SELECT c FROM sbtest8 WHERE id=3733398
	Index Scan using sbtest8_pkey on sbtest8  (cost=0.43..8.45 rows=1 width=121)
	  Index Cond: (id = 3733398)

for point_selects
table 1 : explain SELECT c FROM sbtest1 WHERE id=9909579
	Index Scan using sbtest1_pkey on sbtest1  (cost=0.43..8.45 rows=1 width=121)
	  Index Cond: (id = 9909579)

table 2 : explain SELECT c FROM sbtest2 WHERE id=8184770
	Index Scan using sbtest2_pkey on sbtest2  (cost=0.43..8.45 rows=1 width=121)
	  Index Cond: (id = 8184770)

table 3 : explain SELECT c FROM sbtest3 WHERE id=2261772
	Index Scan using sbtest3_pkey on sbtest3  (cost=0.43..8.45 rows=1 width=121)
	  Index Cond: (id = 2261772)

table 4 : explain SELECT c FROM sbtest4 WHERE id=3692743
	Index Scan using sbtest4_pkey on sbtest4  (cost=0.43..8.45 rows=1 width=121)
	  Index Cond: (id = 3692743)

table 5 : explain SELECT c FROM sbtest5 WHERE id=4933731
	Index Scan using sbtest5_pkey on sbtest5  (cost=0.43..8.45 rows=1 width=121)
	  Index Cond: (id = 4933731)

table 6 : explain SELECT c FROM sbtest6 WHERE id=1102843
	Index Scan using sbtest6_pkey on sbtest6  (cost=0.43..8.45 rows=1 width=121)
	  Index Cond: (id = 1102843)

table 7 : explain SELECT c FROM sbtest7 WHERE id=7468552
	Index Scan using sbtest7_pkey on sbtest7  (cost=0.43..8.45 rows=1 width=121)
	  Index Cond: (id = 7468552)

table 8 : explain SELECT c FROM sbtest8 WHERE id=5786500
	Index Scan using sbtest8_pkey on sbtest8  (cost=0.43..8.45 rows=1 width=121)
	  Index Cond: (id = 5786500)

explain: for point_selects :: explain SELECT c FROM sbtest%u WHERE id=%u
explain: for point_selects :: explain SELECT c FROM sbtest%u WHERE id=%u
explain: for point_selects :: explain SELECT c FROM sbtest%u WHERE id=%u
for point_selects
table 1 : explain SELECT c FROM sbtest1 WHERE id=4576799
	Index Scan using sbtest1_pkey on sbtest1  (cost=0.43..8.45 rows=1 width=121)
	  Index Cond: (id = 4576799)

table 2 : explain SELECT c FROM sbtest2 WHERE id=5844213
	Index Scan using sbtest2_pkey on sbtest2  (cost=0.43..8.45 rows=1 width=121)
	  Index Cond: (id = 5844213)

table 3 : explain SELECT c FROM sbtest3 WHERE id=4904166
	Index Scan using sbtest3_pkey on sbtest3  (cost=0.43..8.45 rows=1 width=121)
	  Index Cond: (id = 4904166)

table 4 : explain SELECT c FROM sbtest4 WHERE id=439956
	Index Scan using sbtest4_pkey on sbtest4  (cost=0.43..8.45 rows=1 width=121)
	  Index Cond: (id = 439956)

table 5 : explain SELECT c FROM sbtest5 WHERE id=2867267
	Index Scan using sbtest5_pkey on sbtest5  (cost=0.43..8.45 rows=1 width=121)
	  Index Cond: (id = 2867267)

table 6 : explain SELECT c FROM sbtest6 WHERE id=7804007
	Index Scan using sbtest6_pkey on sbtest6  (cost=0.43..8.45 rows=1 width=121)
	  Index Cond: (id = 7804007)

table 7 : explain SELECT c FROM sbtest7 WHERE id=3324158
	Index Scan using sbtest7_pkey on sbtest7  (cost=0.43..8.45 rows=1 width=121)
	  Index Cond: (id = 3324158)

table 8 : explain SELECT c FROM sbtest8 WHERE id=7374912
	Index Scan using sbtest8_pkey on sbtest8  (cost=0.43..8.45 rows=1 width=121)
	  Index Cond: (id = 7374912)

for point_selects
table 1 : explain SELECT c FROM sbtest1 WHERE id=9894128
	Index Scan using sbtest1_pkey on sbtest1  (cost=0.43..8.45 rows=1 width=121)
	  Index Cond: (id = 9894128)

table 2 : explain SELECT c FROM sbtest2 WHERE id=3849948
	Index Scan using sbtest2_pkey on sbtest2  (cost=0.43..8.45 rows=1 width=121)
	  Index Cond: (id = 3849948)

table 3 : explain SELECT c FROM sbtest3 WHERE id=8043060
	Index Scan using sbtest3_pkey on sbtest3  (cost=0.43..8.45 rows=1 width=121)
	  Index Cond: (id = 8043060)

table 4 : explain SELECT c FROM sbtest4 WHERE id=365964
	Index Scan using sbtest4_pkey on sbtest4  (cost=0.43..8.45 rows=1 width=121)
	  Index Cond: (id = 365964)

table 5 : explain SELECT c FROM sbtest5 WHERE id=3526657
	Index Scan using sbtest5_pkey on sbtest5  (cost=0.43..8.45 rows=1 width=121)
	  Index Cond: (id = 3526657)

table 6 : explain SELECT c FROM sbtest6 WHERE id=8725045
	Index Scan using sbtest6_pkey on sbtest6  (cost=0.43..8.45 rows=1 width=121)
	  Index Cond: (id = 8725045)

table 7 : explain SELECT c FROM sbtest7 WHERE id=3745405
	Index Scan using sbtest7_pkey on sbtest7  (cost=0.43..8.45 rows=1 width=121)
	  Index Cond: (id = 3745405)

table 8 : explain SELECT c FROM sbtest8 WHERE id=6871203
	Index Scan using sbtest8_pkey on sbtest8  (cost=0.43..8.45 rows=1 width=121)
	  Index Cond: (id = 6871203)

for point_selects
table 1 : explain SELECT c FROM sbtest1 WHERE id=3277081
	Index Scan using sbtest1_pkey on sbtest1  (cost=0.43..8.45 rows=1 width=121)
	  Index Cond: (id = 3277081)

table 2 : explain SELECT c FROM sbtest2 WHERE id=4848021
	Index Scan using sbtest2_pkey on sbtest2  (cost=0.43..8.45 rows=1 width=121)
	  Index Cond: (id = 4848021)

table 3 : explain SELECT c FROM sbtest3 WHERE id=8237594
	Index Scan using sbtest3_pkey on sbtest3  (cost=0.43..8.45 rows=1 width=121)
	  Index Cond: (id = 8237594)

table 4 : explain SELECT c FROM sbtest4 WHERE id=4984638
	Index Scan using sbtest4_pkey on sbtest4  (cost=0.43..8.45 rows=1 width=121)
	  Index Cond: (id = 4984638)

table 5 : explain SELECT c FROM sbtest5 WHERE id=6982985
	Index Scan using sbtest5_pkey on sbtest5  (cost=0.43..8.45 rows=1 width=121)
	  Index Cond: (id = 6982985)

table 6 : explain SELECT c FROM sbtest6 WHERE id=5327335
	Index Scan using sbtest6_pkey on sbtest6  (cost=0.43..8.45 rows=1 width=121)
	  Index Cond: (id = 5327335)

table 7 : explain SELECT c FROM sbtest7 WHERE id=8720397
	Index Scan using sbtest7_pkey on sbtest7  (cost=0.43..8.45 rows=1 width=121)
	  Index Cond: (id = 8720397)

table 8 : explain SELECT c FROM sbtest8 WHERE id=6194144
	Index Scan using sbtest8_pkey on sbtest8  (cost=0.43..8.45 rows=1 width=121)
	  Index Cond: (id = 6194144)

for point_selects
table 1 : explain SELECT c FROM sbtest1 WHERE id=2451342
	Index Scan using sbtest1_pkey on sbtest1  (cost=0.43..8.45 rows=1 width=121)
	  Index Cond: (id = 2451342)

table 2 : explain SELECT c FROM sbtest2 WHERE id=9549079
	Index Scan using sbtest2_pkey on sbtest2  (cost=0.43..8.45 rows=1 width=121)
	  Index Cond: (id = 9549079)

table 3 : explain SELECT c FROM sbtest3 WHERE id=3045763
	Index Scan using sbtest3_pkey on sbtest3  (cost=0.43..8.45 rows=1 width=121)
	  Index Cond: (id = 3045763)

table 4 : explain SELECT c FROM sbtest4 WHERE id=6764115
	Index Scan using sbtest4_pkey on sbtest4  (cost=0.43..8.45 rows=1 width=121)
	  Index Cond: (id = 6764115)

table 5 : explain SELECT c FROM sbtest5 WHERE id=4212152
	Index Scan using sbtest5_pkey on sbtest5  (cost=0.43..8.45 rows=1 width=121)
	  Index Cond: (id = 4212152)

table 6 : explain SELECT c FROM sbtest6 WHERE id=5337921
	Index Scan using sbtest6_pkey on sbtest6  (cost=0.43..8.45 rows=1 width=121)
	  Index Cond: (id = 5337921)

table 7 : explain SELECT c FROM sbtest7 WHERE id=4154686
	Index Scan using sbtest7_pkey on sbtest7  (cost=0.43..8.45 rows=1 width=121)
	  Index Cond: (id = 4154686)

table 8 : explain SELECT c FROM sbtest8 WHERE id=9896523
	Index Scan using sbtest8_pkey on sbtest8  (cost=0.43..8.45 rows=1 width=121)
	  Index Cond: (id = 9896523)

for point_selects
table 1 : explain SELECT c FROM sbtest1 WHERE id=66239
	Index Scan using sbtest1_pkey on sbtest1  (cost=0.43..8.45 rows=1 width=121)
	  Index Cond: (id = 66239)

table 2 : explain SELECT c FROM sbtest2 WHERE id=5389563
	Index Scan using sbtest2_pkey on sbtest2  (cost=0.43..8.45 rows=1 width=121)
	  Index Cond: (id = 5389563)

table 3 : explain SELECT c FROM sbtest3 WHERE id=7121100
	Index Scan using sbtest3_pkey on sbtest3  (cost=0.43..8.45 rows=1 width=121)
	  Index Cond: (id = 7121100)

table 4 : explain SELECT c FROM sbtest4 WHERE id=5596533
	Index Scan using sbtest4_pkey on sbtest4  (cost=0.43..8.45 rows=1 width=121)
	  Index Cond: (id = 5596533)

table 5 : explain SELECT c FROM sbtest5 WHERE id=340076
	Index Scan using sbtest5_pkey on sbtest5  (cost=0.43..8.45 rows=1 width=121)
	  Index Cond: (id = 340076)

table 6 : explain SELECT c FROM sbtest6 WHERE id=4423771
	Index Scan using sbtest6_pkey on sbtest6  (cost=0.43..8.45 rows=1 width=121)
	  Index Cond: (id = 4423771)

table 7 : explain SELECT c FROM sbtest7 WHERE id=750482
	Index Scan using sbtest7_pkey on sbtest7  (cost=0.43..8.45 rows=1 width=121)
	  Index Cond: (id = 750482)

table 8 : explain SELECT c FROM sbtest8 WHERE id=7008380
	Index Scan using sbtest8_pkey on sbtest8  (cost=0.43..8.45 rows=1 width=121)
	  Index Cond: (id = 7008380)

for point_selects
table 1 : explain SELECT c FROM sbtest1 WHERE id=9887516
	Index Scan using sbtest1_pkey on sbtest1  (cost=0.43..8.45 rows=1 width=121)
	  Index Cond: (id = 9887516)

table 2 : explain SELECT c FROM sbtest2 WHERE id=4019589
	Index Scan using sbtest2_pkey on sbtest2  (cost=0.43..8.45 rows=1 width=121)
	  Index Cond: (id = 4019589)

table 3 : explain SELECT c FROM sbtest3 WHERE id=5497723
	Index Scan using sbtest3_pkey on sbtest3  (cost=0.43..8.45 rows=1 width=121)
	  Index Cond: (id = 5497723)

table 4 : explain SELECT c FROM sbtest4 WHERE id=1135119
	Index Scan using sbtest4_pkey on sbtest4  (cost=0.43..8.45 rows=1 width=121)
	  Index Cond: (id = 1135119)

table 5 : explain SELECT c FROM sbtest5 WHERE id=1967493
	Index Scan using sbtest5_pkey on sbtest5  (cost=0.43..8.45 rows=1 width=121)
	  Index Cond: (id = 1967493)

table 6 : explain SELECT c FROM sbtest6 WHERE id=4567299
	Index Scan using sbtest6_pkey on sbtest6  (cost=0.43..8.45 rows=1 width=121)
	  Index Cond: (id = 4567299)

table 7 : explain SELECT c FROM sbtest7 WHERE id=6765662
	Index Scan using sbtest7_pkey on sbtest7  (cost=0.43..8.45 rows=1 width=121)
	  Index Cond: (id = 6765662)

table 8 : explain SELECT c FROM sbtest8 WHERE id=5232621
	Index Scan using sbtest8_pkey on sbtest8  (cost=0.43..8.45 rows=1 width=121)
	  Index Cond: (id = 5232621)

for point_selects
table 1 : explain SELECT c FROM sbtest1 WHERE id=3561737
	Index Scan using sbtest1_pkey on sbtest1  (cost=0.43..8.45 rows=1 width=121)
	  Index Cond: (id = 3561737)

table 2 : explain SELECT c FROM sbtest2 WHERE id=1457933
	Index Scan using sbtest2_pkey on sbtest2  (cost=0.43..8.45 rows=1 width=121)
	  Index Cond: (id = 1457933)

table 3 : explain SELECT c FROM sbtest3 WHERE id=1364028
	Index Scan using sbtest3_pkey on sbtest3  (cost=0.43..8.45 rows=1 width=121)
	  Index Cond: (id = 1364028)

table 4 : explain SELECT c FROM sbtest4 WHERE id=2443746
	Index Scan using sbtest4_pkey on sbtest4  (cost=0.43..8.45 rows=1 width=121)
	  Index Cond: (id = 2443746)

table 5 : explain SELECT c FROM sbtest5 WHERE id=9810338
	Index Scan using sbtest5_pkey on sbtest5  (cost=0.43..8.45 rows=1 width=121)
	  Index Cond: (id = 9810338)

table 6 : explain SELECT c FROM sbtest6 WHERE id=6901556
	Index Scan using sbtest6_pkey on sbtest6  (cost=0.43..8.45 rows=1 width=121)
	  Index Cond: (id = 6901556)

table 7 : explain SELECT c FROM sbtest7 WHERE id=2602211
	Index Scan using sbtest7_pkey on sbtest7  (cost=0.43..8.45 rows=1 width=121)
	  Index Cond: (id = 2602211)

table 8 : explain SELECT c FROM sbtest8 WHERE id=1988172
	Index Scan using sbtest8_pkey on sbtest8  (cost=0.43..8.45 rows=1 width=121)
	  Index Cond: (id = 1988172)

for point_selects
table 1 : explain SELECT c FROM sbtest1 WHERE id=6958000
	Index Scan using sbtest1_pkey on sbtest1  (cost=0.43..8.45 rows=1 width=121)
	  Index Cond: (id = 6958000)

table 2 : explain SELECT c FROM sbtest2 WHERE id=7932935
	Index Scan using sbtest2_pkey on sbtest2  (cost=0.43..8.45 rows=1 width=121)
	  Index Cond: (id = 7932935)

table 3 : explain SELECT c FROM sbtest3 WHERE id=252511
	Index Scan using sbtest3_pkey on sbtest3  (cost=0.43..8.45 rows=1 width=121)
	  Index Cond: (id = 252511)

table 4 : explain SELECT c FROM sbtest4 WHERE id=5410004
	Index Scan using sbtest4_pkey on sbtest4  (cost=0.43..8.45 rows=1 width=121)
	  Index Cond: (id = 5410004)

table 5 : explain SELECT c FROM sbtest5 WHERE id=4088959
	Index Scan using sbtest5_pkey on sbtest5  (cost=0.43..8.45 rows=1 width=121)
	  Index Cond: (id = 4088959)

table 6 : explain SELECT c FROM sbtest6 WHERE id=5367196
	Index Scan using sbtest6_pkey on sbtest6  (cost=0.43..8.45 rows=1 width=121)
	  Index Cond: (id = 5367196)

table 7 : explain SELECT c FROM sbtest7 WHERE id=4003459
	Index Scan using sbtest7_pkey on sbtest7  (cost=0.43..8.45 rows=1 width=121)
	  Index Cond: (id = 4003459)

table 8 : explain SELECT c FROM sbtest8 WHERE id=7288982
	Index Scan using sbtest8_pkey on sbtest8  (cost=0.43..8.45 rows=1 width=121)
	  Index Cond: (id = 7288982)

for point_selects
table 1 : explain SELECT c FROM sbtest1 WHERE id=5262725
	Index Scan using sbtest1_pkey on sbtest1  (cost=0.43..8.45 rows=1 width=121)
	  Index Cond: (id = 5262725)

table 2 : explain SELECT c FROM sbtest2 WHERE id=4755883
	Index Scan using sbtest2_pkey on sbtest2  (cost=0.43..8.45 rows=1 width=121)
	  Index Cond: (id = 4755883)

table 3 : explain SELECT c FROM sbtest3 WHERE id=5013807
	Index Scan using sbtest3_pkey on sbtest3  (cost=0.43..8.45 rows=1 width=121)
	  Index Cond: (id = 5013807)

table 4 : explain SELECT c FROM sbtest4 WHERE id=5599923
	Index Scan using sbtest4_pkey on sbtest4  (cost=0.43..8.45 rows=1 width=121)
	  Index Cond: (id = 5599923)

table 5 : explain SELECT c FROM sbtest5 WHERE id=4778659
	Index Scan using sbtest5_pkey on sbtest5  (cost=0.43..8.45 rows=1 width=121)
	  Index Cond: (id = 4778659)

table 6 : explain SELECT c FROM sbtest6 WHERE id=4157909
	Index Scan using sbtest6_pkey on sbtest6  (cost=0.43..8.45 rows=1 width=121)
	  Index Cond: (id = 4157909)

table 7 : explain SELECT c FROM sbtest7 WHERE id=7921898
	Index Scan using sbtest7_pkey on sbtest7  (cost=0.43..8.45 rows=1 width=121)
	  Index Cond: (id = 7921898)

table 8 : explain SELECT c FROM sbtest8 WHERE id=7806257
	Index Scan using sbtest8_pkey on sbtest8  (cost=0.43..8.45 rows=1 width=121)
	  Index Cond: (id = 7806257)

for point_selects
table 1 : explain SELECT c FROM sbtest1 WHERE id=9384377
	Index Scan using sbtest1_pkey on sbtest1  (cost=0.43..8.45 rows=1 width=121)
	  Index Cond: (id = 9384377)

table 2 : explain SELECT c FROM sbtest2 WHERE id=7245503
	Index Scan using sbtest2_pkey on sbtest2  (cost=0.43..8.45 rows=1 width=121)
	  Index Cond: (id = 7245503)

table 3 : explain SELECT c FROM sbtest3 WHERE id=2087450
	Index Scan using sbtest3_pkey on sbtest3  (cost=0.43..8.45 rows=1 width=121)
	  Index Cond: (id = 2087450)

table 4 : explain SELECT c FROM sbtest4 WHERE id=1006621
	Index Scan using sbtest4_pkey on sbtest4  (cost=0.43..8.45 rows=1 width=121)
	  Index Cond: (id = 1006621)

table 5 : explain SELECT c FROM sbtest5 WHERE id=7190005
	Index Scan using sbtest5_pkey on sbtest5  (cost=0.43..8.45 rows=1 width=121)
	  Index Cond: (id = 7190005)

table 6 : explain SELECT c FROM sbtest6 WHERE id=8375917
	Index Scan using sbtest6_pkey on sbtest6  (cost=0.43..8.45 rows=1 width=121)
	  Index Cond: (id = 8375917)

table 7 : explain SELECT c FROM sbtest7 WHERE id=7047709
	Index Scan using sbtest7_pkey on sbtest7  (cost=0.43..8.45 rows=1 width=121)
	  Index Cond: (id = 7047709)

table 8 : explain SELECT c FROM sbtest8 WHERE id=7663069
	Index Scan using sbtest8_pkey on sbtest8  (cost=0.43..8.45 rows=1 width=121)
	  Index Cond: (id = 7663069)

for point_selects
table 1 : explain SELECT c FROM sbtest1 WHERE id=1053738
	Index Scan using sbtest1_pkey on sbtest1  (cost=0.43..8.45 rows=1 width=121)
	  Index Cond: (id = 1053738)

table 2 : explain SELECT c FROM sbtest2 WHERE id=4379436
	Index Scan using sbtest2_pkey on sbtest2  (cost=0.43..8.45 rows=1 width=121)
	  Index Cond: (id = 4379436)

table 3 : explain SELECT c FROM sbtest3 WHERE id=9522991
	Index Scan using sbtest3_pkey on sbtest3  (cost=0.43..8.45 rows=1 width=121)
	  Index Cond: (id = 9522991)

table 4 : explain SELECT c FROM sbtest4 WHERE id=617481
	Index Scan using sbtest4_pkey on sbtest4  (cost=0.43..8.45 rows=1 width=121)
	  Index Cond: (id = 617481)

table 5 : explain SELECT c FROM sbtest5 WHERE id=9918337
	Index Scan using sbtest5_pkey on sbtest5  (cost=0.43..8.45 rows=1 width=121)
	  Index Cond: (id = 9918337)

table 6 : explain SELECT c FROM sbtest6 WHERE id=5221536
	Index Scan using sbtest6_pkey on sbtest6  (cost=0.43..8.45 rows=1 width=121)
	  Index Cond: (id = 5221536)

table 7 : explain SELECT c FROM sbtest7 WHERE id=6174237
	Index Scan using sbtest7_pkey on sbtest7  (cost=0.43..8.45 rows=1 width=121)
	  Index Cond: (id = 6174237)

table 8 : explain SELECT c FROM sbtest8 WHERE id=7695277
	Index Scan using sbtest8_pkey on sbtest8  (cost=0.43..8.45 rows=1 width=121)
	  Index Cond: (id = 7695277)

for point_selects
table 1 : explain SELECT c FROM sbtest1 WHERE id=5981657
	Index Scan using sbtest1_pkey on sbtest1  (cost=0.43..8.45 rows=1 width=121)
	  Index Cond: (id = 5981657)

table 2 : explain SELECT c FROM sbtest2 WHERE id=2472955
	Index Scan using sbtest2_pkey on sbtest2  (cost=0.43..8.45 rows=1 width=121)
	  Index Cond: (id = 2472955)

table 3 : explain SELECT c FROM sbtest3 WHERE id=7045042
	Index Scan using sbtest3_pkey on sbtest3  (cost=0.43..8.45 rows=1 width=121)
	  Index Cond: (id = 7045042)

table 4 : explain SELECT c FROM sbtest4 WHERE id=9241239
	Index Scan using sbtest4_pkey on sbtest4  (cost=0.43..8.45 rows=1 width=121)
	  Index Cond: (id = 9241239)

table 5 : explain SELECT c FROM sbtest5 WHERE id=1197952
	Index Scan using sbtest5_pkey on sbtest5  (cost=0.43..8.45 rows=1 width=121)
	  Index Cond: (id = 1197952)

table 6 : explain SELECT c FROM sbtest6 WHERE id=5825424
	Index Scan using sbtest6_pkey on sbtest6  (cost=0.43..8.45 rows=1 width=121)
	  Index Cond: (id = 5825424)

table 7 : explain SELECT c FROM sbtest7 WHERE id=936189
	Index Scan using sbtest7_pkey on sbtest7  (cost=0.43..8.45 rows=1 width=121)
	  Index Cond: (id = 936189)

table 8 : explain SELECT c FROM sbtest8 WHERE id=8463975
	Index Scan using sbtest8_pkey on sbtest8  (cost=0.43..8.45 rows=1 width=121)
	  Index Cond: (id = 8463975)

for point_selects
table 1 : explain SELECT c FROM sbtest1 WHERE id=7114943
	Index Scan using sbtest1_pkey on sbtest1  (cost=0.43..8.45 rows=1 width=121)
	  Index Cond: (id = 7114943)

table 2 : explain SELECT c FROM sbtest2 WHERE id=7423597
	Index Scan using sbtest2_pkey on sbtest2  (cost=0.43..8.45 rows=1 width=121)
	  Index Cond: (id = 7423597)

table 3 : explain SELECT c FROM sbtest3 WHERE id=6642399
	Index Scan using sbtest3_pkey on sbtest3  (cost=0.43..8.45 rows=1 width=121)
	  Index Cond: (id = 6642399)

table 4 : explain SELECT c FROM sbtest4 WHERE id=1609835
	Index Scan using sbtest4_pkey on sbtest4  (cost=0.43..8.45 rows=1 width=121)
	  Index Cond: (id = 1609835)

table 5 : explain SELECT c FROM sbtest5 WHERE id=2853961
	Index Scan using sbtest5_pkey on sbtest5  (cost=0.43..8.45 rows=1 width=121)
	  Index Cond: (id = 2853961)

table 6 : explain SELECT c FROM sbtest6 WHERE id=5480952
	Index Scan using sbtest6_pkey on sbtest6  (cost=0.43..8.45 rows=1 width=121)
	  Index Cond: (id = 5480952)

table 7 : explain SELECT c FROM sbtest7 WHERE id=4712062
	Index Scan using sbtest7_pkey on sbtest7  (cost=0.43..8.45 rows=1 width=121)
	  Index Cond: (id = 4712062)

table 8 : explain SELECT c FROM sbtest8 WHERE id=2409215
	Index Scan using sbtest8_pkey on sbtest8  (cost=0.43..8.45 rows=1 width=121)
	  Index Cond: (id = 2409215)

for point_selects
table 1 : explain SELECT c FROM sbtest1 WHERE id=1756366
	Index Scan using sbtest1_pkey on sbtest1  (cost=0.43..8.45 rows=1 width=121)
	  Index Cond: (id = 1756366)

table 2 : explain SELECT c FROM sbtest2 WHERE id=5465982
	Index Scan using sbtest2_pkey on sbtest2  (cost=0.43..8.45 rows=1 width=121)
	  Index Cond: (id = 5465982)

table 3 : explain SELECT c FROM sbtest3 WHERE id=6998145
	Index Scan using sbtest3_pkey on sbtest3  (cost=0.43..8.45 rows=1 width=121)
	  Index Cond: (id = 6998145)

table 4 : explain SELECT c FROM sbtest4 WHERE id=2088707
	Index Scan using sbtest4_pkey on sbtest4  (cost=0.43..8.45 rows=1 width=121)
	  Index Cond: (id = 2088707)

table 5 : explain SELECT c FROM sbtest5 WHERE id=1636112
	Index Scan using sbtest5_pkey on sbtest5  (cost=0.43..8.45 rows=1 width=121)
	  Index Cond: (id = 1636112)

table 6 : explain SELECT c FROM sbtest6 WHERE id=9587635
	Index Scan using sbtest6_pkey on sbtest6  (cost=0.43..8.45 rows=1 width=121)
	  Index Cond: (id = 9587635)

table 7 : explain SELECT c FROM sbtest7 WHERE id=1081356
	Index Scan using sbtest7_pkey on sbtest7  (cost=0.43..8.45 rows=1 width=121)
	  Index Cond: (id = 1081356)

table 8 : explain SELECT c FROM sbtest8 WHERE id=6005723
	Index Scan using sbtest8_pkey on sbtest8  (cost=0.43..8.45 rows=1 width=121)
	  Index Cond: (id = 6005723)

for point_selects
table 1 : explain SELECT c FROM sbtest1 WHERE id=7439696
	Index Scan using sbtest1_pkey on sbtest1  (cost=0.43..8.45 rows=1 width=121)
	  Index Cond: (id = 7439696)

table 2 : explain SELECT c FROM sbtest2 WHERE id=9975436
	Index Scan using sbtest2_pkey on sbtest2  (cost=0.43..8.45 rows=1 width=121)
	  Index Cond: (id = 9975436)

table 3 : explain SELECT c FROM sbtest3 WHERE id=5736333
	Index Scan using sbtest3_pkey on sbtest3  (cost=0.43..8.45 rows=1 width=121)
	  Index Cond: (id = 5736333)

table 4 : explain SELECT c FROM sbtest4 WHERE id=6863654
	Index Scan using sbtest4_pkey on sbtest4  (cost=0.43..8.45 rows=1 width=121)
	  Index Cond: (id = 6863654)

table 5 : explain SELECT c FROM sbtest5 WHERE id=1316041
	Index Scan using sbtest5_pkey on sbtest5  (cost=0.43..8.45 rows=1 width=121)
	  Index Cond: (id = 1316041)

table 6 : explain SELECT c FROM sbtest6 WHERE id=4111188
	Index Scan using sbtest6_pkey on sbtest6  (cost=0.43..8.45 rows=1 width=121)
	  Index Cond: (id = 4111188)

table 7 : explain SELECT c FROM sbtest7 WHERE id=9616158
	Index Scan using sbtest7_pkey on sbtest7  (cost=0.43..8.45 rows=1 width=121)
	  Index Cond: (id = 9616158)

table 8 : explain SELECT c FROM sbtest8 WHERE id=5575746
	Index Scan using sbtest8_pkey on sbtest8  (cost=0.43..8.45 rows=1 width=121)
	  Index Cond: (id = 5575746)

for point_selects
table 1 : explain SELECT c FROM sbtest1 WHERE id=5844894
	Index Scan using sbtest1_pkey on sbtest1  (cost=0.43..8.45 rows=1 width=121)
	  Index Cond: (id = 5844894)

table 2 : explain SELECT c FROM sbtest2 WHERE id=4471735
	Index Scan using sbtest2_pkey on sbtest2  (cost=0.43..8.45 rows=1 width=121)
	  Index Cond: (id = 4471735)

table 3 : explain SELECT c FROM sbtest3 WHERE id=5952989
	Index Scan using sbtest3_pkey on sbtest3  (cost=0.43..8.45 rows=1 width=121)
	  Index Cond: (id = 5952989)

table 4 : explain SELECT c FROM sbtest4 WHERE id=353295
	Index Scan using sbtest4_pkey on sbtest4  (cost=0.43..8.45 rows=1 width=121)
	  Index Cond: (id = 353295)

table 5 : explain SELECT c FROM sbtest5 WHERE id=6711189
	Index Scan using sbtest5_pkey on sbtest5  (cost=0.43..8.45 rows=1 width=121)
	  Index Cond: (id = 6711189)

table 6 : explain SELECT c FROM sbtest6 WHERE id=9833625
	Index Scan using sbtest6_pkey on sbtest6  (cost=0.43..8.45 rows=1 width=121)
	  Index Cond: (id = 9833625)

table 7 : explain SELECT c FROM sbtest7 WHERE id=3086460
	Index Scan using sbtest7_pkey on sbtest7  (cost=0.43..8.45 rows=1 width=121)
	  Index Cond: (id = 3086460)

table 8 : explain SELECT c FROM sbtest8 WHERE id=4272126
	Index Scan using sbtest8_pkey on sbtest8  (cost=0.43..8.45 rows=1 width=121)
	  Index Cond: (id = 4272126)

for point_selects
table 1 : explain SELECT c FROM sbtest1 WHERE id=9949403
	Index Scan using sbtest1_pkey on sbtest1  (cost=0.43..8.45 rows=1 width=121)
	  Index Cond: (id = 9949403)

table 2 : explain SELECT c FROM sbtest2 WHERE id=194350
	Index Scan using sbtest2_pkey on sbtest2  (cost=0.43..8.45 rows=1 width=121)
	  Index Cond: (id = 194350)

table 3 : explain SELECT c FROM sbtest3 WHERE id=1003106
	Index Scan using sbtest3_pkey on sbtest3  (cost=0.43..8.45 rows=1 width=121)
	  Index Cond: (id = 1003106)

table 4 : explain SELECT c FROM sbtest4 WHERE id=124826
	Index Scan using sbtest4_pkey on sbtest4  (cost=0.43..8.45 rows=1 width=121)
	  Index Cond: (id = 124826)

table 5 : explain SELECT c FROM sbtest5 WHERE id=8533846
	Index Scan using sbtest5_pkey on sbtest5  (cost=0.43..8.45 rows=1 width=121)
	  Index Cond: (id = 8533846)

table 6 : explain SELECT c FROM sbtest6 WHERE id=3320878
	Index Scan using sbtest6_pkey on sbtest6  (cost=0.43..8.45 rows=1 width=121)
	  Index Cond: (id = 3320878)

table 7 : explain SELECT c FROM sbtest7 WHERE id=4233174
	Index Scan using sbtest7_pkey on sbtest7  (cost=0.43..8.45 rows=1 width=121)
	  Index Cond: (id = 4233174)

table 8 : explain SELECT c FROM sbtest8 WHERE id=9733385
	Index Scan using sbtest8_pkey on sbtest8  (cost=0.43..8.45 rows=1 width=121)
	  Index Cond: (id = 9733385)

for point_selects
table 1 : explain SELECT c FROM sbtest1 WHERE id=2536480
	Index Scan using sbtest1_pkey on sbtest1  (cost=0.43..8.45 rows=1 width=121)
	  Index Cond: (id = 2536480)

table 2 : explain SELECT c FROM sbtest2 WHERE id=9311893
	Index Scan using sbtest2_pkey on sbtest2  (cost=0.43..8.45 rows=1 width=121)
	  Index Cond: (id = 9311893)

table 3 : explain SELECT c FROM sbtest3 WHERE id=2794072
	Index Scan using sbtest3_pkey on sbtest3  (cost=0.43..8.45 rows=1 width=121)
	  Index Cond: (id = 2794072)

table 4 : explain SELECT c FROM sbtest4 WHERE id=7097840
	Index Scan using sbtest4_pkey on sbtest4  (cost=0.43..8.45 rows=1 width=121)
	  Index Cond: (id = 7097840)

table 5 : explain SELECT c FROM sbtest5 WHERE id=6295953
	Index Scan using sbtest5_pkey on sbtest5  (cost=0.43..8.45 rows=1 width=121)
	  Index Cond: (id = 6295953)

table 6 : explain SELECT c FROM sbtest6 WHERE id=9704882
	Index Scan using sbtest6_pkey on sbtest6  (cost=0.43..8.45 rows=1 width=121)
	  Index Cond: (id = 9704882)

table 7 : explain SELECT c FROM sbtest7 WHERE id=9537896
	Index Scan using sbtest7_pkey on sbtest7  (cost=0.43..8.45 rows=1 width=121)
	  Index Cond: (id = 9537896)

table 8 : explain SELECT c FROM sbtest8 WHERE id=9932646
	Index Scan using sbtest8_pkey on sbtest8  (cost=0.43..8.45 rows=1 width=121)
	  Index Cond: (id = 9932646)

Threads started!

Warming up for 5 seconds...

SQL statistics:
    queries performed:
        read:                            658906600
        write:                           0
        other:                           0
        total:                           658906600
    transactions:                        658906601 (1045873.54 per sec.)
    queries:                             658906600 (1045873.54 per sec.)
    ignored errors:                      0      (0.00 per sec.)
    reconnects:                          0      (0.00 per sec.)

Throughput:
    events/s (eps):                      1045873.5405
    time elapsed:                        630.0061s
    total number of events:              658906601

Latency (ms):
         min:                                    0.03
         avg:                                    0.04
         max:                                   24.08
         95th percentile:                        0.04
         sum:                             25014516.68

Threads fairness:
    events (avg/stddev):           16472646.4000/201851.46
    execution time (avg/stddev):   625.3629/0.16

